core   0: 0x00001000 (0x00000297) auipc   t0, 0x0
core   0: 3 0x00001000 (0x00000297) x5  0x00001000
core   0: 0x00001004 (0x02028593) addi    a1, t0, 32
core   0: 3 0x00001004 (0x02028593) x11 0x00001020
core   0: 0x00001008 (0xf1402573) csrr    a0, mhartid
core   0: 3 0x00001008 (0xf1402573) x10 0x00000000
core   0: 0x0000100c (0x0182a283) lw      t0, 24(t0)
core   0: 3 0x0000100c (0x0182a283) x5  0x80000000 mem 0x00001018
core   0: 0x00001010 (0x00028067) jr      t0
core   0: 3 0x00001010 (0x00028067)
core   0: 0x80000000 (0xf14022f3) csrr    t0, mhartid
core   0: 3 0x80000000 (0xf14022f3) x5  0x00000000
core   0: 0x80000004 (0x00004301) c.li    t1, 0
core   0: 3 0x80000004 (0x4301) x6  0x00000000
core   0: 0x80000006 (0x00628263) beq     t0, t1, pc + 4
core   0: 3 0x80000006 (0x00628263)
core   0: 0x8000000a (0x00000e97) auipc   t4, 0x0
core   0: 3 0x8000000a (0x00000e97) x29 0x8000000a
core   0: 0x8000000e (0x00ce8e93) addi    t4, t4, 12
core   0: 3 0x8000000e (0x00ce8e93) x29 0x80000016
core   0: 0x80000012 (0x000e8067) jr      t4
core   0: 3 0x80000012 (0x000e8067)
core   0: 0x80000016 (0x400019b7) lui     s3, 0x40001
core   0: 3 0x80000016 (0x400019b7) x19 0x40001000
core   0: 0x8000001a (0x10598993) addi    s3, s3, 261
core   0: 3 0x8000001a (0x10598993) x19 0x40001105
core   0: 0x8000001e (0x30199073) csrw    misa, s3
core   0: 3 0x8000001e (0x30199073) c769_misa 0x40141105
core   0: 0x80000022 (0x0002af97) auipc   t6, 0x2a
core   0: 3 0x80000022 (0x0002af97) x31 0x8002a022
core   0: 0x80000026 (0xd02f8f93) addi    t6, t6, -766
core   0: 3 0x80000026 (0xd02f8f93) x31 0x80029d24
core   0: 0x8000002a (0x0000b997) auipc   s3, 0xb
core   0: 3 0x8000002a (0x0000b997) x19 0x8000b02a
core   0: 0x8000002e (0xc5698993) addi    s3, s3, -938
core   0: 3 0x8000002e (0xc5698993) x19 0x8000ac80
core   0: 0x80000032 (0x0019e993) ori     s3, s3, 1
core   0: 3 0x80000032 (0x0019e993) x19 0x8000ac81
core   0: 0x80000036 (0x30599073) csrw    mtvec, s3
core   0: 3 0x80000036 (0x30599073) c773_mtvec 0x8000ac81
core   0: 0x8000003a (0x00000997) auipc   s3, 0x0
core   0: 3 0x8000003a (0x00000997) x19 0x8000003a
core   0: 0x8000003e (0x02298993) addi    s3, s3, 34
core   0: 3 0x8000003e (0x02298993) x19 0x8000005c
core   0: 0x80000042 (0x34199073) csrw    mepc, s3
core   0: 3 0x80000042 (0x34199073) c833_mepc 0x8000005c
core   0: 0x80000046 (0x00000001) c.nop
core   0: 3 0x80000046 (0x0001)
core   0: 0x80000048 (0x00006989) c.lui   s3, 0x2
core   0: 3 0x80000048 (0x6989) x19 0x00002000
core   0: 0x8000004a (0x80098993) addi    s3, s3, -2048
core   0: 3 0x8000004a (0x80098993) x19 0x00001800
core   0: 0x8000004e (0x30099073) csrw    mstatus, s3
core   0: 3 0x8000004e (0x30099073) c768_mstatus 0x00001800
core   0: 0x80000052 (0x00004981) c.li    s3, 0
core   0: 3 0x80000052 (0x4981) x19 0x00000000
core   0: 0x80000054 (0x30499073) csrw    mie, s3
core   0: 3 0x80000054 (0x30499073) c772_mie 0x00000000
core   0: 0x80000058 (0x30200073) mret
core   0: 3 0x80000058 (0x30200073) c784_mstatush 0x00000000 c768_mstatus 0x00000080
core   0: >>>>  init
core   0: 0x8000005c (0x00100013) li      zero, 1
core   0: 3 0x8000005c (0x00100013)
core   0: 0x80000060 (0x01cb90b7) lui     ra, 0x1cb9
core   0: 3 0x80000060 (0x01cb90b7) x1  0x01cb9000
core   0: 0x80000064 (0x10308093) addi    ra, ra, 259
core   0: 3 0x80000064 (0x10308093) x1  0x01cb9103
core   0: 0x80000068 (0x00004115) c.li    sp, 5
core   0: 3 0x80000068 (0x4115) x2  0x00000005
core   0: 0x8000006a (0x00004191) c.li    gp, 4
core   0: 3 0x8000006a (0x4191) x3  0x00000004
core   0: 0x8000006c (0xfb17c237) lui     tp, 0xfb17c
core   0: 3 0x8000006c (0xfb17c237) x4  0xfb17c000
core   0: 0x80000070 (0x33620213) addi    tp, tp, 822
core   0: 3 0x80000070 (0x33620213) x4  0xfb17c336
core   0: 0x80000074 (0x0c2ab2b7) lui     t0, 0xc2ab
core   0: 3 0x80000074 (0x0c2ab2b7) x5  0x0c2ab000
core   0: 0x80000078 (0x92828293) addi    t0, t0, -1752
core   0: 3 0x80000078 (0x92828293) x5  0x0c2aa928
core   0: 0x8000007c (0xf4836337) lui     t1, 0xf4836
core   0: 3 0x8000007c (0xf4836337) x6  0xf4836000
core   0: 0x80000080 (0x98930313) addi    t1, t1, -1655
core   0: 3 0x80000080 (0x98930313) x6  0xf4835989
core   0: 0x80000084 (0xf427d3b7) lui     t2, 0xf427d
core   0: 3 0x80000084 (0xf427d3b7) x7  0xf427d000
core   0: 0x80000088 (0x7c838393) addi    t2, t2, 1992
core   0: 3 0x80000088 (0x7c838393) x7  0xf427d7c8
core   0: 0x8000008c (0xb6980437) lui     s0, 0xb6980
core   0: 3 0x8000008c (0xb6980437) x8  0xb6980000
core   0: 0x80000090 (0x27d40413) addi    s0, s0, 637
core   0: 3 0x80000090 (0x27d40413) x8  0xb698027d
core   0: 0x80000094 (0xf94004b7) lui     s1, 0xf9400
core   0: 3 0x80000094 (0xf94004b7) x9  0xf9400000
core   0: 0x80000098 (0xe9248493) addi    s1, s1, -366
core   0: 3 0x80000098 (0xe9248493) x9  0xf93ffe92
core   0: 0x8000009c (0x00004511) c.li    a0, 4
core   0: 3 0x8000009c (0x4511) x10 0x00000004
core   0: 0x8000009e (0x2ae445b7) lui     a1, 0x2ae44
core   0: 3 0x8000009e (0x2ae445b7) x11 0x2ae44000
core   0: 0x800000a2 (0x16558593) addi    a1, a1, 357
core   0: 3 0x800000a2 (0x16558593) x11 0x2ae44165
core   0: 0x800000a6 (0x00dd5637) lui     a2, 0xdd5
core   0: 3 0x800000a6 (0x00dd5637) x12 0x00dd5000
core   0: 0x800000aa (0xd0160613) addi    a2, a2, -767
core   0: 3 0x800000aa (0xd0160613) x12 0x00dd4d01
core   0: 0x800000ae (0x00004681) c.li    a3, 0
core   0: 3 0x800000ae (0x4681) x13 0x00000000
core   0: 0x800000b0 (0x80000737) lui     a4, 0x80000
core   0: 3 0x800000b0 (0x80000737) x14 0x80000000
core   0: 0x800000b4 (0x00004781) c.li    a5, 0
core   0: 3 0x800000b4 (0x4781) x15 0x00000000
core   0: 0x800000b6 (0x80000837) lui     a6, 0x80000
core   0: 3 0x800000b6 (0x80000837) x16 0x80000000
core   0: 0x800000ba (0x800008b7) lui     a7, 0x80000
core   0: 3 0x800000ba (0x800008b7) x17 0x80000000
core   0: 0x800000be (0x80000937) lui     s2, 0x80000
core   0: 3 0x800000be (0x80000937) x18 0x80000000
core   0: 0x800000c2 (0x00004981) c.li    s3, 0
core   0: 3 0x800000c2 (0x4981) x19 0x00000000
core   0: 0x800000c4 (0x80000a37) lui     s4, 0x80000
core   0: 3 0x800000c4 (0x80000a37) x20 0x80000000
core   0: 0x800000c8 (0x00004a81) c.li    s5, 0
core   0: 3 0x800000c8 (0x4a81) x21 0x00000000
core   0: 0x800000ca (0x00004b15) c.li    s6, 5
core   0: 3 0x800000ca (0x4b15) x22 0x00000005
core   0: 0x800000cc (0x00004b81) c.li    s7, 0
core   0: 3 0x800000cc (0x4b81) x23 0x00000000
core   0: 0x800000ce (0x5ccfacb7) lui     s9, 0x5ccfa
core   0: 3 0x800000ce (0x5ccfacb7) x25 0x5ccfa000
core   0: 0x800000d2 (0x1c9c8c93) addi    s9, s9, 457
core   0: 3 0x800000d2 (0x1c9c8c93) x25 0x5ccfa1c9
core   0: 0x800000d6 (0xf0be7d37) lui     s10, 0xf0be7
core   0: 3 0x800000d6 (0xf0be7d37) x26 0xf0be7000
core   0: 0x800000da (0x301d0d13) addi    s10, s10, 769
core   0: 3 0x800000da (0x301d0d13) x26 0xf0be7301
core   0: 0x800000de (0x00004db5) c.li    s11, 13
core   0: 3 0x800000de (0x4db5) x27 0x0000000d
core   0: 0x800000e0 (0x00004e01) c.li    t3, 0
core   0: 3 0x800000e0 (0x4e01) x28 0x00000000
core   0: 0x800000e2 (0x00004ea1) c.li    t4, 8
core   0: 3 0x800000e2 (0x4ea1) x29 0x00000008
core   0: 0x800000e4 (0x9458ef37) lui     t5, 0x9458e
core   0: 3 0x800000e4 (0x9458ef37) x30 0x9458e000
core   0: 0x800000e8 (0x838f0f13) addi    t5, t5, -1992
core   0: 3 0x800000e8 (0x838f0f13) x30 0x9458d838
core   0: 0x800000ec (0x00026c17) auipc   s8, 0x26
core   0: 3 0x800000ec (0x00026c17) x24 0x800260ec
core   0: 0x800000f0 (0xdb8c0c13) addi    s8, s8, -584
core   0: 3 0x800000f0 (0xdb8c0c13) x24 0x80025ea4
core   0: 0x800000f4 (0x00010097) auipc   ra, 0x10
core   0: 3 0x800000f4 (0x00010097) x1  0x800100f4
core   0: 0x800000f8 (0x04a08093) addi    ra, ra, 74
core   0: 3 0x800000f8 (0x04a08093) x1  0x8001013e
core   0: 0x800000fc (0x01557ab3) and     s5, a0, s5
core   0: 3 0x800000fc (0x01557ab3) x21 0x00000000
core   0: 0x80000100 (0xf8c0ca83) lbu     s5, -116(ra)
core   0: 3 0x80000100 (0xf8c0ca83) x21 0x00000049 mem 0x800100ca
core   0: 0x80000104 (0xf780c503) lbu     a0, -136(ra)
core   0: 3 0x80000104 (0xf780c503) x10 0x0000004a mem 0x800100b6
core   0: 0x80000108 (0xfca0d783) lhu     a5, -54(ra)
core   0: 3 0x80000108 (0xfca0d783) x15 0x0000f3eb mem 0x80010108
core   0: 0x8000010c (0x0cd0c783) lbu     a5, 205(ra)
core   0: 3 0x8000010c (0x0cd0c783) x15 0x00000007 mem 0x8001020b
core   0: 0x80000110 (0x00008151) c.srli  a0, 20
core   0: 3 0x80000110 (0x8151) x10 0x00000000
core   0: 0x80000112 (0xfba0a683) lw      a3, -70(ra)
core   0: 3 0x80000112 (0xfba0a683) x13 0x5a4ba27c mem 0x800100f8
core   0: 0x80000116 (0x415ad833) sra     a6, s5, s5
core   0: 3 0x80000116 (0x415ad833) x16 0x00000000
core   0: 0x8000011a (0x00f81833) sll     a6, a6, a5
core   0: 3 0x8000011a (0x00f81833) x16 0x00000000
core   0: 0x8000011e (0x02f7c7b3) div     a5, a5, a5
core   0: 3 0x8000011e (0x02f7c7b3) x15 0x00000001
core   0: 0x80000122 (0x000006de) c.slli  a3, 23
core   0: 3 0x80000122 (0x06de) x13 0x3e000000
core   0: 0x80000124 (0xf5e08803) lb      a6, -162(ra)
core   0: 3 0x80000124 (0xf5e08803) x16 0x00000060 mem 0x8001009c
core   0: 0x80000128 (0x00d69ab3) sll     s5, a3, a3
core   0: 3 0x80000128 (0x00d69ab3) x21 0x3e000000
core   0: 0x8000012c (0xf5c09603) lh      a2, -164(ra)
core   0: 3 0x8000012c (0xf5c09603) x12 0x00007de3 mem 0x8001009a
core   0: 0x80000130 (0x00000001) c.nop
core   0: 3 0x80000130 (0x0001)
core   0: 0x80000132 (0x00009a7d) c.andi  a2, -1
core   0: 3 0x80000132 (0x9a7d) x12 0x00007de3
core   0: 0x80000134 (0x00008525) c.srai  a0, 9
core   0: 3 0x80000134 (0x8525) x10 0x00000000
core   0: 0x80000136 (0x0000826d) c.srli  a2, 27
core   0: 3 0x80000136 (0x826d) x12 0x00000000
core   0: 0x80000138 (0x00000001) c.nop
core   0: 3 0x80000138 (0x0001)
core   0: 0x8000013a (0x02f63ab3) mulhu   s5, a2, a5
core   0: 3 0x8000013a (0x02f63ab3) x21 0x00000000
core   0: 0x8000013e (0xa281c7b7) lui     a5, 0xa281c
core   0: 3 0x8000013e (0xa281c7b7) x15 0xa281c000
core   0: 0x80000142 (0x0d5080a3) sb      s5, 193(ra)
core   0: 3 0x80000142 (0x0d5080a3) mem 0x800101ff 0x00
core   0: 0x80000146 (0x030a87b3) mul     a5, s5, a6
core   0: 3 0x80000146 (0x030a87b3) x15 0x00000000
core   0: 0x8000014a (0x02a08823) sb      a0, 48(ra)
core   0: 3 0x8000014a (0x02a08823) mem 0x8001016e 0x00
core   0: 0x8000014e (0xf0f087a3) sb      a5, -241(ra)
core   0: 3 0x8000014e (0xf0f087a3) mem 0x8001004d 0x00
core   0: 0x80000152 (0x06f0c803) lbu     a6, 111(ra)
core   0: 3 0x80000152 (0x06f0c803) x16 0x00000000 mem 0x800101ad
core   0: 0x80000156 (0x00000001) c.nop
core   0: 3 0x80000156 (0x0001)
core   0: 0x80000158 (0xfac089a3) sb      a2, -77(ra)
core   0: 3 0x80000158 (0xfac089a3) mem 0x800100f1 0x00
core   0: 0x8000015c (0x00d85793) srli    a5, a6, 13
core   0: 3 0x8000015c (0x00d85793) x15 0x00000000
core   0: 0x80000160 (0xf980c603) lbu     a2, -104(ra)
core   0: 3 0x80000160 (0xf980c603) x12 0x0000000f mem 0x800100d6
core   0: 0x80000164 (0x67b83a93) sltiu   s5, a6, 1659
core   0: 3 0x80000164 (0x67b83a93) x21 0x00000001
core   0: 0x80000168 (0x40c7d833) sra     a6, a5, a2
core   0: 3 0x80000168 (0x40c7d833) x16 0x00000000
core   0: 0x8000016c (0x02fab633) mulhu   a2, s5, a5
core   0: 3 0x8000016c (0x02fab633) x12 0x00000000
core   0: 0x80000170 (0xc0d876b7) lui     a3, 0xc0d87
core   0: 3 0x80000170 (0xc0d876b7) x13 0xc0d87000
core   0: 0x80000174 (0x00009836) c.add   a6, a3
core   0: 3 0x80000174 (0x9836) x16 0xc0d87000
core   0: 0x80000176 (0x0157a6b3) slt     a3, a5, s5
core   0: 3 0x80000176 (0x0157a6b3) x13 0x00000001
core   0: 0x8000017a (0x00009bfd) c.andi  a5, -1
core   0: 3 0x8000017a (0x9bfd) x15 0x00000000
core   0: 0x8000017c (0xf2908603) lb      a2, -215(ra)
core   0: 3 0x8000017c (0xf2908603) x12 0x00000019 mem 0x80010067
core   0: 0x80000180 (0x00005369) c.li    t1, -6
core   0: 3 0x80000180 (0x5369) x6  0xfffffffa
core   0: 0x80000182 (0x40dc5a13) srai    s4, s8, 13
core   0: 3 0x80000182 (0x40dc5a13) x20 0xfffc0012
core   0: 0x80000186 (0x00008e81) c.sub   a3, s0
core   0: 3 0x80000186 (0x8e81) x13 0x4967fd84
core   0: 0x80000188 (0x00005671) c.li    a2, -4
core   0: 3 0x80000188 (0x5671) x12 0xfffffffc
core   0: 0x8000018a (0x00008c81) c.sub   s1, s0
core   0: 3 0x8000018a (0x8c81) x9  0x42a7fc15
core   0: 0x8000018c (0x011d1f13) slli    t5, s10, 17
core   0: 3 0x8000018c (0x011d1f13) x30 0xe6020000
core   0: 0x80000190 (0x41885ab3) sra     s5, a6, s8
core   0: 3 0x80000190 (0x41885ab3) x21 0xfc0d8700
core   0: 0x80000194 (0x00000309) c.addi  t1, 2
core   0: 3 0x80000194 (0x0309) x6  0xfffffffc
core   0: 0x80000196 (0x93540413) addi    s0, s0, -1739
core   0: 3 0x80000196 (0x93540413) x8  0xb697fbb2
core   0: 0x8000019a (0x00ccd6b3) srl     a3, s9, a2
core   0: 3 0x8000019a (0x00ccd6b3) x13 0x00000005
core   0: 0x8000019e (0x00004399) c.li    t2, 6
core   0: 3 0x8000019e (0x4399) x7  0x00000006
core   0: 0x800001a0 (0xf1818c93) addi    s9, gp, -232
core   0: 3 0x800001a0 (0xf1818c93) x25 0xffffff1c
core   0: 0x800001a4 (0x000047c5) c.li    a5, 17
core   0: 3 0x800001a4 (0x47c5) x15 0x00000011
core   0: 0x800001a6 (0x41405493) srai    s1, zero, 20
core   0: 3 0x800001a6 (0x41405493) x9  0x00000000
core   0: 0x800001aa (0x00008f3e) c.mv    t5, a5
core   0: 3 0x800001aa (0x8f3e) x30 0x00000011
core   0: 0x800001ac (0x022afb33) remu    s6, s5, sp
core   0: 3 0x800001ac (0x022afb33) x22 0x00000000
core   0: 0x800001b0 (0x00008ea5) c.xor   a3, s1
core   0: 3 0x800001b0 (0x8ea5) x13 0x00000005
core   0: 0x800001b2 (0x00008972) c.mv    s2, t3
core   0: 3 0x800001b2 (0x8972) x18 0x00000000
core   0: 0x800001b4 (0x00000385) c.addi  t2, 1
core   0: 3 0x800001b4 (0x0385) x7  0x00000007
core   0: 0x800001b6 (0x459a4493) xori    s1, s4, 1113
core   0: 3 0x800001b6 (0x459a4493) x9  0xfffc044b
core   0: 0x800001ba (0x00008009) c.srli  s0, 2
core   0: 3 0x800001ba (0x8009) x8  0x2da5feec
core   0: 0x800001bc (0x024675b3) remu    a1, a2, tp
core   0: 3 0x800001bc (0x024675b3) x11 0x04e83cc6
core   0: 0x800001c0 (0xfef396e3) bne     t2, a5, pc - 20
core   0: 3 0x800001c0 (0xfef396e3)
core   0: 0x800001ac (0x022afb33) remu    s6, s5, sp
core   0: 3 0x800001ac (0x022afb33) x22 0x00000000
core   0: 0x800001b0 (0x00008ea5) c.xor   a3, s1
core   0: 3 0x800001b0 (0x8ea5) x13 0xfffc044e
core   0: 0x800001b2 (0x00008972) c.mv    s2, t3
core   0: 3 0x800001b2 (0x8972) x18 0x00000000
core   0: 0x800001b4 (0x00000385) c.addi  t2, 1
core   0: 3 0x800001b4 (0x0385) x7  0x00000008
core   0: 0x800001b6 (0x459a4493) xori    s1, s4, 1113
core   0: 3 0x800001b6 (0x459a4493) x9  0xfffc044b
core   0: 0x800001ba (0x00008009) c.srli  s0, 2
core   0: 3 0x800001ba (0x8009) x8  0x0b697fbb
core   0: 0x800001bc (0x024675b3) remu    a1, a2, tp
core   0: 3 0x800001bc (0x024675b3) x11 0x04e83cc6
core   0: 0x800001c0 (0xfef396e3) bne     t2, a5, pc - 20
core   0: 3 0x800001c0 (0xfef396e3)
core   0: 0x800001ac (0x022afb33) remu    s6, s5, sp
core   0: 3 0x800001ac (0x022afb33) x22 0x00000000
core   0: 0x800001b0 (0x00008ea5) c.xor   a3, s1
core   0: 3 0x800001b0 (0x8ea5) x13 0x00000005
core   0: 0x800001b2 (0x00008972) c.mv    s2, t3
core   0: 3 0x800001b2 (0x8972) x18 0x00000000
core   0: 0x800001b4 (0x00000385) c.addi  t2, 1
core   0: 3 0x800001b4 (0x0385) x7  0x00000009
core   0: 0x800001b6 (0x459a4493) xori    s1, s4, 1113
core   0: 3 0x800001b6 (0x459a4493) x9  0xfffc044b
core   0: 0x800001ba (0x00008009) c.srli  s0, 2
core   0: 3 0x800001ba (0x8009) x8  0x02da5fee
core   0: 0x800001bc (0x024675b3) remu    a1, a2, tp
core   0: 3 0x800001bc (0x024675b3) x11 0x04e83cc6
core   0: 0x800001c0 (0xfef396e3) bne     t2, a5, pc - 20
core   0: 3 0x800001c0 (0xfef396e3)
core   0: 0x800001ac (0x022afb33) remu    s6, s5, sp
core   0: 3 0x800001ac (0x022afb33) x22 0x00000000
core   0: 0x800001b0 (0x00008ea5) c.xor   a3, s1
core   0: 3 0x800001b0 (0x8ea5) x13 0xfffc044e
core   0: 0x800001b2 (0x00008972) c.mv    s2, t3
core   0: 3 0x800001b2 (0x8972) x18 0x00000000
core   0: 0x800001b4 (0x00000385) c.addi  t2, 1
core   0: 3 0x800001b4 (0x0385) x7  0x0000000a
core   0: 0x800001b6 (0x459a4493) xori    s1, s4, 1113
core   0: 3 0x800001b6 (0x459a4493) x9  0xfffc044b
core   0: 0x800001ba (0x00008009) c.srli  s0, 2
core   0: 3 0x800001ba (0x8009) x8  0x00b697fb
core   0: 0x800001bc (0x024675b3) remu    a1, a2, tp
core   0: 3 0x800001bc (0x024675b3) x11 0x04e83cc6
core   0: 0x800001c0 (0xfef396e3) bne     t2, a5, pc - 20
core   0: 3 0x800001c0 (0xfef396e3)
core   0: 0x800001ac (0x022afb33) remu    s6, s5, sp
core   0: 3 0x800001ac (0x022afb33) x22 0x00000000
core   0: 0x800001b0 (0x00008ea5) c.xor   a3, s1
core   0: 3 0x800001b0 (0x8ea5) x13 0x00000005
core   0: 0x800001b2 (0x00008972) c.mv    s2, t3
core   0: 3 0x800001b2 (0x8972) x18 0x00000000
core   0: 0x800001b4 (0x00000385) c.addi  t2, 1
core   0: 3 0x800001b4 (0x0385) x7  0x0000000b
core   0: 0x800001b6 (0x459a4493) xori    s1, s4, 1113
core   0: 3 0x800001b6 (0x459a4493) x9  0xfffc044b
core   0: 0x800001ba (0x00008009) c.srli  s0, 2
core   0: 3 0x800001ba (0x8009) x8  0x002da5fe
core   0: 0x800001bc (0x024675b3) remu    a1, a2, tp
core   0: 3 0x800001bc (0x024675b3) x11 0x04e83cc6
core   0: 0x800001c0 (0xfef396e3) bne     t2, a5, pc - 20
core   0: 3 0x800001c0 (0xfef396e3)
core   0: 0x800001ac (0x022afb33) remu    s6, s5, sp
core   0: 3 0x800001ac (0x022afb33) x22 0x00000000
core   0: 0x800001b0 (0x00008ea5) c.xor   a3, s1
core   0: 3 0x800001b0 (0x8ea5) x13 0xfffc044e
core   0: 0x800001b2 (0x00008972) c.mv    s2, t3
core   0: 3 0x800001b2 (0x8972) x18 0x00000000
core   0: 0x800001b4 (0x00000385) c.addi  t2, 1
core   0: 3 0x800001b4 (0x0385) x7  0x0000000c
core   0: 0x800001b6 (0x459a4493) xori    s1, s4, 1113
core   0: 3 0x800001b6 (0x459a4493) x9  0xfffc044b
core   0: 0x800001ba (0x00008009) c.srli  s0, 2
core   0: 3 0x800001ba (0x8009) x8  0x000b697f
core   0: 0x800001bc (0x024675b3) remu    a1, a2, tp
core   0: 3 0x800001bc (0x024675b3) x11 0x04e83cc6
core   0: 0x800001c0 (0xfef396e3) bne     t2, a5, pc - 20
core   0: 3 0x800001c0 (0xfef396e3)
core   0: 0x800001ac (0x022afb33) remu    s6, s5, sp
core   0: 3 0x800001ac (0x022afb33) x22 0x00000000
core   0: 0x800001b0 (0x00008ea5) c.xor   a3, s1
core   0: 3 0x800001b0 (0x8ea5) x13 0x00000005
core   0: 0x800001b2 (0x00008972) c.mv    s2, t3
core   0: 3 0x800001b2 (0x8972) x18 0x00000000
core   0: 0x800001b4 (0x00000385) c.addi  t2, 1
core   0: 3 0x800001b4 (0x0385) x7  0x0000000d
core   0: 0x800001b6 (0x459a4493) xori    s1, s4, 1113
core   0: 3 0x800001b6 (0x459a4493) x9  0xfffc044b
core   0: 0x800001ba (0x00008009) c.srli  s0, 2
core   0: 3 0x800001ba (0x8009) x8  0x0002da5f
core   0: 0x800001bc (0x024675b3) remu    a1, a2, tp
core   0: 3 0x800001bc (0x024675b3) x11 0x04e83cc6
core   0: 0x800001c0 (0xfef396e3) bne     t2, a5, pc - 20
core   0: 3 0x800001c0 (0xfef396e3)
core   0: 0x800001ac (0x022afb33) remu    s6, s5, sp
core   0: 3 0x800001ac (0x022afb33) x22 0x00000000
core   0: 0x800001b0 (0x00008ea5) c.xor   a3, s1
core   0: 3 0x800001b0 (0x8ea5) x13 0xfffc044e
core   0: 0x800001b2 (0x00008972) c.mv    s2, t3
core   0: 3 0x800001b2 (0x8972) x18 0x00000000
core   0: 0x800001b4 (0x00000385) c.addi  t2, 1
core   0: 3 0x800001b4 (0x0385) x7  0x0000000e
core   0: 0x800001b6 (0x459a4493) xori    s1, s4, 1113
core   0: 3 0x800001b6 (0x459a4493) x9  0xfffc044b
core   0: 0x800001ba (0x00008009) c.srli  s0, 2
core   0: 3 0x800001ba (0x8009) x8  0x0000b697
core   0: 0x800001bc (0x024675b3) remu    a1, a2, tp
core   0: 3 0x800001bc (0x024675b3) x11 0x04e83cc6
core   0: 0x800001c0 (0xfef396e3) bne     t2, a5, pc - 20
core   0: 3 0x800001c0 (0xfef396e3)
core   0: 0x800001ac (0x022afb33) remu    s6, s5, sp
core   0: 3 0x800001ac (0x022afb33) x22 0x00000000
core   0: 0x800001b0 (0x00008ea5) c.xor   a3, s1
core   0: 3 0x800001b0 (0x8ea5) x13 0x00000005
core   0: 0x800001b2 (0x00008972) c.mv    s2, t3
core   0: 3 0x800001b2 (0x8972) x18 0x00000000
core   0: 0x800001b4 (0x00000385) c.addi  t2, 1
core   0: 3 0x800001b4 (0x0385) x7  0x0000000f
core   0: 0x800001b6 (0x459a4493) xori    s1, s4, 1113
core   0: 3 0x800001b6 (0x459a4493) x9  0xfffc044b
core   0: 0x800001ba (0x00008009) c.srli  s0, 2
core   0: 3 0x800001ba (0x8009) x8  0x00002da5
core   0: 0x800001bc (0x024675b3) remu    a1, a2, tp
core   0: 3 0x800001bc (0x024675b3) x11 0x04e83cc6
core   0: 0x800001c0 (0xfef396e3) bne     t2, a5, pc - 20
core   0: 3 0x800001c0 (0xfef396e3)
core   0: 0x800001ac (0x022afb33) remu    s6, s5, sp
core   0: 3 0x800001ac (0x022afb33) x22 0x00000000
core   0: 0x800001b0 (0x00008ea5) c.xor   a3, s1
core   0: 3 0x800001b0 (0x8ea5) x13 0xfffc044e
core   0: 0x800001b2 (0x00008972) c.mv    s2, t3
core   0: 3 0x800001b2 (0x8972) x18 0x00000000
core   0: 0x800001b4 (0x00000385) c.addi  t2, 1
core   0: 3 0x800001b4 (0x0385) x7  0x00000010
core   0: 0x800001b6 (0x459a4493) xori    s1, s4, 1113
core   0: 3 0x800001b6 (0x459a4493) x9  0xfffc044b
core   0: 0x800001ba (0x00008009) c.srli  s0, 2
core   0: 3 0x800001ba (0x8009) x8  0x00000b69
core   0: 0x800001bc (0x024675b3) remu    a1, a2, tp
core   0: 3 0x800001bc (0x024675b3) x11 0x04e83cc6
core   0: 0x800001c0 (0xfef396e3) bne     t2, a5, pc - 20
core   0: 3 0x800001c0 (0xfef396e3)
core   0: 0x800001ac (0x022afb33) remu    s6, s5, sp
core   0: 3 0x800001ac (0x022afb33) x22 0x00000000
core   0: 0x800001b0 (0x00008ea5) c.xor   a3, s1
core   0: 3 0x800001b0 (0x8ea5) x13 0x00000005
core   0: 0x800001b2 (0x00008972) c.mv    s2, t3
core   0: 3 0x800001b2 (0x8972) x18 0x00000000
core   0: 0x800001b4 (0x00000385) c.addi  t2, 1
core   0: 3 0x800001b4 (0x0385) x7  0x00000011
core   0: 0x800001b6 (0x459a4493) xori    s1, s4, 1113
core   0: 3 0x800001b6 (0x459a4493) x9  0xfffc044b
core   0: 0x800001ba (0x00008009) c.srli  s0, 2
core   0: 3 0x800001ba (0x8009) x8  0x000002da
core   0: 0x800001bc (0x024675b3) remu    a1, a2, tp
core   0: 3 0x800001bc (0x024675b3) x11 0x04e83cc6
core   0: 0x800001c0 (0xfef396e3) bne     t2, a5, pc - 20
core   0: 3 0x800001c0 (0xfef396e3)
core   0: 0x800001c4 (0x02ea0533) mul     a0, s4, a4
core   0: 3 0x800001c4 (0x02ea0533) x10 0x00000000
core   0: 0x800001c8 (0xfcc341e3) blt     t1, a2, pc - 62
core   0: 3 0x800001c8 (0xfcc341e3)
core   0: 0x800001cc (0x01c8b1b3) sltu    gp, a7, t3
core   0: 3 0x800001cc (0x01c8b1b3) x3  0x00000000
core   0: 0x800001d0 (0x00010117) auipc   sp, 0x10
core   0: 3 0x800001d0 (0x00010117) x2  0x800101d0
core   0: 0x800001d4 (0x0cb10113) addi    sp, sp, 203
core   0: 3 0x800001d4 (0x0cb10113) x2  0x8001029b
core   0: 0x800001d8 (0x52511fa3) sh      t0, 1343(sp)
core   0: 3 0x800001d8 (0x52511fa3) mem 0x800107da 0xa928
core   0: 0x800001dc (0x53f11fa3) sh      t6, 1343(sp)
core   0: 3 0x800001dc (0x53f11fa3) mem 0x800107da 0x9d24
core   0: 0x800001e0 (0x70510b23) sb      t0, 1814(sp)
core   0: 3 0x800001e0 (0x70510b23) mem 0x800109b1 0x28
core   0: 0x800001e4 (0x00006bf9) c.lui   s7, 0x1e
core   0: 3 0x800001e4 (0x6bf9) x23 0x0001e000
core   0: 0x800001e6 (0x70b10b23) sb      a1, 1814(sp)
core   0: 3 0x800001e6 (0x70b10b23) mem 0x800109b1 0xc6
core   0: 0x800001ea (0x71410223) sb      s4, 1796(sp)
core   0: 3 0x800001ea (0x71410223) mem 0x8001099f 0x12
core   0: 0x800001ee (0x70e10223) sb      a4, 1796(sp)
core   0: 3 0x800001ee (0x70e10223) mem 0x8001099f 0x00
core   0: 0x800001f2 (0x70414583) lbu     a1, 1796(sp)
core   0: 3 0x800001f2 (0x70414583) x11 0x00000000 mem 0x8001099f
core   0: 0x800001f6 (0x00006d35) c.lui   s10, 0xd
core   0: 3 0x800001f6 (0x6d35) x26 0x0000d000
core   0: 0x800001f8 (0x0000874d) c.srai  a4, 19
core   0: 3 0x800001f8 (0x874d) x14 0xfffff000
core   0: 0x800001fa (0x70410d83) lb      s11, 1796(sp)
core   0: 3 0x800001fa (0x70410d83) x27 0x00000000 mem 0x8001099f
core   0: 0x800001fe (0x66110603) lb      a2, 1633(sp)
core   0: 3 0x800001fe (0x66110603) x12 0x0000002d mem 0x800108fc
core   0: 0x80000202 (0x54110523) sb      ra, 1354(sp)
core   0: 3 0x80000202 (0x54110523) mem 0x800107e5 0x3e
core   0: 0x80000206 (0x03e14803) lbu     a6, 62(sp)
core   0: 3 0x80000206 (0x03e14803) x16 0x0000006b mem 0x800102d9
core   0: 0x8000020a (0x6a011ba3) sh      zero, 1719(sp)
core   0: 3 0x8000020a (0x6a011ba3) mem 0x80010952 0x0000
core   0: 0x8000020e (0x1a912583) lw      a1, 425(sp)
core   0: 3 0x8000020e (0x1a912583) x11 0x10c3e722 mem 0x80010444
core   0: 0x80000212 (0x00008e2d) c.xor   a2, a1
core   0: 3 0x80000212 (0x8e2d) x12 0x10c3e70f
core   0: 0x80000214 (0x53210123) sb      s2, 1314(sp)
core   0: 3 0x80000214 (0x53210123) mem 0x800107bd 0x00
core   0: 0x80000218 (0x01b17db3) and     s11, sp, s11
core   0: 3 0x80000218 (0x01b17db3) x27 0x00000000
core   0: 0x8000021c (0x52210883) lb      a7, 1314(sp)
core   0: 3 0x8000021c (0x52210883) x17 0x00000000 mem 0x800107bd
core   0: 0x80000220 (0x2ff10a83) lb      s5, 767(sp)
core   0: 3 0x80000220 (0x2ff10a83) x21 0xffffffa4 mem 0x8001059a
core   0: 0x80000224 (0x2ff10fa3) sb      t6, 767(sp)
core   0: 3 0x80000224 (0x2ff10fa3) mem 0x8001059a 0x24
core   0: 0x80000228 (0x00011117) auipc   sp, 0x11
core   0: 3 0x80000228 (0x00011117) x2  0x80011228
core   0: 0x8000022c (0xa9910113) addi    sp, sp, -1383
core   0: 3 0x8000022c (0xa9910113) x2  0x80010cc1
core   0: 0x80000230 (0x02712383) lw      t2, 39(sp)
core   0: 3 0x80000230 (0x02712383) x7  0xcf0e4370 mem 0x80010ce8
core   0: 0x80000234 (0x00008c99) c.sub   s1, a4
core   0: 3 0x80000234 (0x8c99) x9  0xfffc144b
core   0: 0x80000236 (0x01010c83) lb      s9, 16(sp)
core   0: 3 0x80000236 (0x01010c83) x25 0xffffffce mem 0x80010cd1
core   0: 0x8000023a (0x63b78193) addi    gp, a5, 1595
core   0: 3 0x8000023a (0x63b78193) x3  0x0000064c
core   0: 0x8000023e (0xfd111383) lh      t2, -47(sp)
core   0: 3 0x8000023e (0xfd111383) x7  0xffff95b4 mem 0x80010c92
core   0: 0x80000242 (0x008d33b3) sltu    t2, s10, s0
core   0: 3 0x80000242 (0x008d33b3) x7  0x00000000
core   0: 0x80000246 (0x03632733) mulhsu  a4, t1, s6
core   0: 3 0x80000246 (0x03632733) x14 0x00000000
core   0: 0x8000024a (0x02810983) lb      s3, 40(sp)
core   0: 3 0x8000024a (0x02810983) x19 0x00000043 mem 0x80010ce9
core   0: 0x8000024e (0x8683a993) slti    s3, t2, -1944
core   0: 3 0x8000024e (0x8683a993) x19 0x00000000
core   0: 0x80000252 (0x8290fd13) andi    s10, ra, -2007
core   0: 3 0x80000252 (0x8290fd13) x26 0x80010028
core   0: 0x80000256 (0x00008d59) c.or    a0, a4
core   0: 3 0x80000256 (0x8d59) x10 0x00000000
core   0: 0x80000258 (0x038125a3) sw      s8, 43(sp)
core   0: 3 0x80000258 (0x038125a3) mem 0x80010cec 0x80025ea4
core   0: 0x8000025c (0x642c0e13) addi    t3, s8, 1602
core   0: 3 0x8000025c (0x642c0e13) x28 0x800264e6
core   0: 0x80000260 (0x01bb34b3) sltu    s1, s6, s11
core   0: 3 0x80000260 (0x01bb34b3) x9  0x00000000
core   0: 0x80000264 (0x70a96b13) ori     s6, s2, 1802
core   0: 3 0x80000264 (0x70a96b13) x22 0x0000070a
core   0: 0x80000268 (0x00749a93) slli    s5, s1, 7
core   0: 3 0x80000268 (0x00749a93) x21 0x00000000
core   0: 0x8000026c (0x00614803) lbu     a6, 6(sp)
core   0: 3 0x8000026c (0x00614803) x16 0x00000088 mem 0x80010cc7
core   0: 0x80000270 (0x00008bfa) c.mv    s7, t5
core   0: 3 0x80000270 (0x8bfa) x23 0x00000011
core   0: 0x80000272 (0xe0bcf493) andi    s1, s9, -501
core   0: 3 0x80000272 (0xe0bcf493) x9  0xfffffe0a
core   0: 0x80000276 (0x0000837d) c.srli  a4, 31
core   0: 3 0x80000276 (0x837d) x14 0x00000000
core   0: 0x80000278 (0xfc510ca3) sb      t0, -39(sp)
core   0: 3 0x80000278 (0xfc510ca3) mem 0x80010c9a 0x28
core   0: 0x8000027c (0x00000001) c.nop
core   0: 3 0x8000027c (0x0001)
core   0: 0x8000027e (0x03515983) lhu     s3, 53(sp)
core   0: 3 0x8000027e (0x03515983) x19 0x00008756 mem 0x80010cf6
core   0: 0x80000282 (0x00009b7d) c.andi  a4, -1
core   0: 3 0x80000282 (0x9b7d) x14 0x00000000
core   0: 0x80000284 (0xfcc10403) lb      s0, -52(sp)
core   0: 3 0x80000284 (0xfcc10403) x8  0xffffff8d mem 0x80010c8d
core   0: 0x80000288 (0x00111803) lh      a6, 1(sp)
core   0: 3 0x80000288 (0x00111803) x16 0x00006e07 mem 0x80010cc2
core   0: 0x8000028c (0x029cc0b3) div     ra, s9, s1
core   0: 3 0x8000028c (0x029cc0b3) x1  0x00000000
core   0: 0x80000290 (0x0370c033) div     zero, ra, s7
core   0: 3 0x80000290 (0x0370c033)
core   0: 0x80000294 (0x00c10323) sb      a2, 6(sp)
core   0: 3 0x80000294 (0x00c10323) mem 0x80010cc7 0x0f
core   0: 0x80000298 (0x03af7233) remu    tp, t5, s10
core   0: 3 0x80000298 (0x03af7233) x4  0x00000011
core   0: 0x8000029c (0x00006459) c.lui   s0, 0x16
core   0: 3 0x8000029c (0x6459) x8  0x00016000
core   0: 0x8000029e (0x00b10323) sb      a1, 6(sp)
core   0: 3 0x8000029e (0x00b10323) mem 0x80010cc7 0x22
core   0: 0x800002a2 (0x03e14483) lbu     s1, 62(sp)
core   0: 3 0x800002a2 (0x03e14483) x9  0x0000006b mem 0x80010cff
core   0: 0x800002a6 (0x0207a3b3) mulhsu  t2, a5, zero
core   0: 3 0x800002a6 (0x0207a3b3) x7  0x00000000
core   0: 0x800002aa (0x00006bd5) c.lui   s7, 0x15
core   0: 3 0x800002aa (0x6bd5) x23 0x00015000
core   0: 0x800002ac (0x01814d83) lbu     s11, 24(sp)
core   0: 3 0x800002ac (0x01814d83) x27 0x00000091 mem 0x80010cd9
core   0: 0x800002b0 (0x02a16033) rem     zero, sp, a0
core   0: 3 0x800002b0 (0x02a16033)
core   0: 0x800002b4 (0x00811213) slli    tp, sp, 8
core   0: 3 0x800002b4 (0x00811213) x4  0x010cc100
core   0: 0x800002b8 (0xfdf10983) lb      s3, -33(sp)
core   0: 3 0x800002b8 (0xfdf10983) x19 0xfffffff0 mem 0x80010ca0
core   0: 0x800002bc (0x0001c117) auipc   sp, 0x1c
core   0: 3 0x800002bc (0x0001c117) x2  0x8001c2bc
core   0: 0x800002c0 (0xab810113) addi    sp, sp, -1352
core   0: 3 0x800002c0 (0xab810113) x2  0x8001bd74
core   0: 0x800002c4 (0xffa10f23) sb      s10, -2(sp)
core   0: 3 0x800002c4 (0xffa10f23) mem 0x8001bd72 0x28
core   0: 0x800002c8 (0x00b104a3) sb      a1, 9(sp)
core   0: 3 0x800002c8 (0x00b104a3) mem 0x8001bd7d 0x22
core   0: 0x800002cc (0x0008d813) srli    a6, a7, 0
core   0: 3 0x800002cc (0x0008d813) x16 0x00000000
core   0: 0x800002d0 (0x020641b3) div     gp, a2, zero
core   0: 3 0x800002d0 (0x020641b3) x3  0xffffffff
core   0: 0x800002d4 (0x00114283) lbu     t0, 1(sp)
core   0: 3 0x800002d4 (0x00114283) x5  0x0000003e mem 0x8001bd75
core   0: 0x800002d8 (0x45d33b93) sltiu   s7, t1, 1117
core   0: 3 0x800002d8 (0x45d33b93) x23 0x00000000
core   0: 0x800002dc (0x00615e03) lhu     t3, 6(sp)
core   0: 3 0x800002dc (0x00615e03) x28 0x00006879 mem 0x8001bd7a
core   0: 0x800002e0 (0x0000037d) c.addi  t1, 31
core   0: 3 0x800002e0 (0x037d) x6  0x0000001b
core   0: 0x800002e2 (0xfff14503) lbu     a0, -1(sp)
core   0: 3 0x800002e2 (0xfff14503) x10 0x000000b2 mem 0x8001bd73
core   0: 0x800002e6 (0x00714783) lbu     a5, 7(sp)
core   0: 3 0x800002e6 (0x00714783) x15 0x00000068 mem 0x8001bd7b
core   0: 0x800002ea (0xc34bbd97) auipc   s11, 0xc34bb
core   0: 3 0x800002ea (0xc34bbd97) x27 0x434bb2ea
core   0: 0x800002ee (0x03c129b3) mulhsu  s3, sp, t3
core   0: 3 0x800002ee (0x03c129b3) x19 0xffffcbc4
core   0: 0x800002f2 (0x1e38e513) ori     a0, a7, 483
core   0: 3 0x800002f2 (0x1e38e513) x10 0x000001e3
core   0: 0x800002f6 (0x00009516) c.add   a0, t0
core   0: 3 0x800002f6 (0x9516) x10 0x00000221
core   0: 0x800002f8 (0x000087e1) c.srai  a5, 24
core   0: 3 0x800002f8 (0x87e1) x15 0x00000000
core   0: 0x800002fa (0x40e70d33) sub     s10, a4, a4
core   0: 3 0x800002fa (0x40e70d33) x26 0x00000000
core   0: 0x800002fe (0x03ce5cb3) divu    s9, t3, t3
core   0: 3 0x800002fe (0x03ce5cb3) x25 0x00000001
core   0: 0x80000302 (0xff310983) lb      s3, -13(sp)
core   0: 3 0x80000302 (0xff310983) x19 0x0000001b mem 0x8001bd67
core   0: 0x80000306 (0x00000001) c.nop
core   0: 3 0x80000306 (0x0001)
core   0: 0x80000308 (0x02c64cb3) div     s9, a2, a2
core   0: 3 0x80000308 (0x02c64cb3) x25 0x00000001
core   0: 0x8000030c (0x4080de33) sra     t3, ra, s0
core   0: 3 0x8000030c (0x4080de33) x28 0x00000000
core   0: 0x80000310 (0xffa11f03) lh      t5, -6(sp)
core   0: 3 0x80000310 (0xffa11f03) x30 0x00006f55 mem 0x8001bd6e
core   0: 0x80000314 (0x03776e33) rem     t3, a4, s7
core   0: 3 0x80000314 (0x03776e33) x28 0x00000000
core   0: 0x80000318 (0xfff10403) lb      s0, -1(sp)
core   0: 3 0x80000318 (0xfff10403) x8  0xffffffb2 mem 0x8001bd73
core   0: 0x8000031c (0xfff14803) lbu     a6, -1(sp)
core   0: 3 0x8000031c (0xfff14803) x16 0x000000b2 mem 0x8001bd73
core   0: 0x80000320 (0x00008fe9) c.and   a5, a0
core   0: 3 0x80000320 (0x8fe9) x15 0x00000000
core   0: 0x80000322 (0x00008dfa) c.mv    s11, t5
core   0: 3 0x80000322 (0x8dfa) x27 0x00006f55
core   0: 0x80000324 (0x03e30f33) mul     t5, t1, t5
core   0: 3 0x80000324 (0x03e30f33) x30 0x000bbdf7
core   0: 0x80000328 (0x02776b33) rem     s6, a4, t2
core   0: 3 0x80000328 (0x02776b33) x22 0x00000000
core   0: 0x8000032c (0x113c6493) ori     s1, s8, 275
core   0: 3 0x8000032c (0x113c6493) x9  0x80025fb7
core   0: 0x80000330 (0x01d67bb3) and     s7, a2, t4
core   0: 3 0x80000330 (0x01d67bb3) x23 0x00000008
core   0: 0x80000334 (0x022eea33) rem     s4, t4, sp
core   0: 3 0x80000334 (0x022eea33) x20 0x00000008
core   0: 0x80000338 (0x0000c216) c.swsp  t0, 4(sp)
core   0: 3 0x80000338 (0xc216) mem 0x8001bd78 0x0000003e
core   0: 0x8000033a (0x6ee48d13) addi    s10, s1, 1774
core   0: 3 0x8000033a (0x6ee48d13) x26 0x800266a5
core   0: 0x8000033e (0xffa15b83) lhu     s7, -6(sp)
core   0: 3 0x8000033e (0xffa15b83) x23 0x00006f55 mem 0x8001bd6e
core   0: 0x80000342 (0x000089e5) c.andi  a1, 25
core   0: 3 0x80000342 (0x89e5) x11 0x00000000
core   0: 0x80000344 (0x00006519) c.lui   a0, 0x6
core   0: 3 0x80000344 (0x6519) x10 0x00006000
core   0: 0x80000346 (0x0067e6b3) or      a3, a5, t1
core   0: 3 0x80000346 (0x0067e6b3) x13 0x0000001b
core   0: 0x8000034a (0x00004e22) c.lwsp  t3, 8(sp)
core   0: 3 0x8000034a (0x4e22) x28 0x7e192298 mem 0x8001bd7c
core   0: 0x8000034c (0x00314803) lbu     a6, 3(sp)
core   0: 3 0x8000034c (0x00314803) x16 0x000000ec mem 0x8001bd77
core   0: 0x80000350 (0xff011e03) lh      t3, -16(sp)
core   0: 3 0x80000350 (0xff011e03) x28 0x0000353f mem 0x8001bd64
core   0: 0x80000354 (0x40975433) sra     s0, a4, s1
core   0: 3 0x80000354 (0x40975433) x8  0x00000000
core   0: 0x80000358 (0x0000026d) c.addi  tp, 27
core   0: 3 0x80000358 (0x026d) x4  0x010cc11b
core   0: 0x8000035a (0x00008cf1) c.and   s1, a2
core   0: 3 0x8000035a (0x8cf1) x9  0x00024707
core   0: 0x8000035c (0x00008fd9) c.or    a5, a4
core   0: 3 0x8000035c (0x8fd9) x15 0x00000000
core   0: 0x8000035e (0x00510a03) lb      s4, 5(sp)
core   0: 3 0x8000035e (0x00510a03) x20 0x00000000 mem 0x8001bd79
core   0: 0x80000362 (0x00011617) auipc   a2, 0x11
core   0: 3 0x80000362 (0x00011617) x12 0x80011362
core   0: 0x80000366 (0xb8e60613) addi    a2, a2, -1138
core   0: 3 0x80000366 (0xb8e60613) x12 0x80010ef0
core   0: 0x8000036a (0x00009bca) c.add   s7, s2
core   0: 3 0x8000036a (0x9bca) x23 0x00006f55
core   0: 0x8000036c (0x00e60403) lb      s0, 14(a2)
core   0: 3 0x8000036c (0x00e60403) x8  0xffffff85 mem 0x80010efe
core   0: 0x80000370 (0x00000001) c.nop
core   0: 3 0x80000370 (0x0001)
core   0: 0x80000372 (0x00008f59) c.or    a4, a4
core   0: 3 0x80000372 (0x8f59) x14 0x00000000
core   0: 0x80000374 (0x00000001) c.nop
core   0: 3 0x80000374 (0x0001)
core   0: 0x80000376 (0x0094c933) xor     s2, s1, s1
core   0: 3 0x80000376 (0x0094c933) x18 0x00000000
core   0: 0x8000037a (0xff164f03) lbu     t5, -15(a2)
core   0: 3 0x8000037a (0xff164f03) x30 0x00000098 mem 0x80010ee1
core   0: 0x8000037e (0xff760ba3) sb      s7, -9(a2)
core   0: 3 0x8000037e (0xff760ba3) mem 0x80010ee7 0x55
core   0: 0x80000382 (0x00006919) c.lui   s2, 0x6
core   0: 3 0x80000382 (0x6919) x18 0x00006000
core   0: 0x80000384 (0x41b45b93) srai    s7, s0, 27
core   0: 3 0x80000384 (0x41b45b93) x23 0xffffffff
core   0: 0x80000388 (0xffe60ca3) sb      t5, -7(a2)
core   0: 3 0x80000388 (0xffe60ca3) mem 0x80010ee9 0x98
core   0: 0x8000038c (0x00008c05) c.sub   s0, s1
core   0: 3 0x8000038c (0x8c05) x8  0xfffdb87e
core   0: 0x8000038e (0xff160903) lb      s2, -15(a2)
core   0: 3 0x8000038e (0xff160903) x18 0xffffff98 mem 0x80010ee1
core   0: 0x80000392 (0x00c62b83) lw      s7, 12(a2)
core   0: 3 0x80000392 (0x00c62b83) x23 0xc78582a6 mem 0x80010efc
core   0: 0x80000396 (0xfff60b83) lb      s7, -1(a2)
core   0: 3 0x80000396 (0xfff60b83) x23 0x00000036 mem 0x80010eef
core   0: 0x8000039a (0x000004be) c.slli  s1, 15
core   0: 3 0x8000039a (0x04be) x9  0x23838000
core   0: 0x8000039c (0x000004f2) c.slli  s1, 28
core   0: 3 0x8000039c (0x04f2) x9  0x00000000
core   0: 0x8000039e (0x00008c99) c.sub   s1, a4
core   0: 3 0x8000039e (0x8c99) x9  0x00000000
core   0: 0x800003a0 (0x5344e713) ori     a4, s1, 1332
core   0: 3 0x800003a0 (0x5344e713) x14 0x00000534
core   0: 0x800003a4 (0x00164403) lbu     s0, 1(a2)
core   0: 3 0x800003a4 (0x00164403) x8  0x00000049 mem 0x80010ef1
core   0: 0x800003a8 (0x00004658) c.lw    a4, 12(a2)
core   0: 3 0x800003a8 (0x4658) x14 0xc78582a6 mem 0x80010efc
core   0: 0x800003aa (0x00e60723) sb      a4, 14(a2)
core   0: 3 0x800003aa (0x00e60723) mem 0x80010efe 0xa6
core   0: 0x800003ae (0x41b4db93) srai    s7, s1, 27
core   0: 3 0x800003ae (0x41b4db93) x23 0x00000000
core   0: 0x800003b2 (0x00260483) lb      s1, 2(a2)
core   0: 3 0x800003b2 (0x00260483) x9  0xffffffaa mem 0x80010ef2
core   0: 0x800003b6 (0xffa60b83) lb      s7, -6(a2)
core   0: 3 0x800003b6 (0xffa60b83) x23 0x00000064 mem 0x80010eea
core   0: 0x800003ba (0xffe62823) sw      t5, -16(a2)
core   0: 3 0x800003ba (0xffe62823) mem 0x80010ee0 0x00000098
core   0: 0x800003be (0x00360403) lb      s0, 3(a2)
core   0: 3 0x800003be (0x00360403) x8  0xffffffdf mem 0x80010ef3
core   0: 0x800003c2 (0xffa64403) lbu     s0, -6(a2)
core   0: 3 0x800003c2 (0xffa64403) x8  0x00000064 mem 0x80010eea
core   0: 0x800003c6 (0x00375b93) srli    s7, a4, 3
core   0: 3 0x800003c6 (0x00375b93) x23 0x18f0b054
core   0: 0x800003ca (0x00560403) lb      s0, 5(a2)
core   0: 3 0x800003ca (0x00560403) x8  0xffffffaf mem 0x80010ef5
core   0: 0x800003ce (0x00000001) c.nop
core   0: 3 0x800003ce (0x0001)
core   0: 0x800003d0 (0x01747733) and     a4, s0, s7
core   0: 3 0x800003d0 (0x01747733) x14 0x18f0b004
core   0: 0x800003d4 (0x00b60403) lb      s0, 11(a2)
core   0: 3 0x800003d4 (0x00b60403) x8  0x0000002b mem 0x80010efb
core   0: 0x800003d8 (0x0000808d) c.srli  s1, 3
core   0: 3 0x800003d8 (0x808d) x9  0x1ffffff5
core   0: 0x800003da (0x00006945) c.lui   s2, 0x11
core   0: 3 0x800003da (0x6945) x18 0x00011000
core   0: 0x800003dc (0xfee60ea3) sb      a4, -3(a2)
core   0: 3 0x800003dc (0xfee60ea3) mem 0x80010eed 0x04
core   0: 0x800003e0 (0xfee61c23) sh      a4, -8(a2)
core   0: 3 0x800003e0 (0xfee61c23) mem 0x80010ee8 0xb004
core   0: 0x800003e4 (0xff764903) lbu     s2, -9(a2)
core   0: 3 0x800003e4 (0xff764903) x18 0x00000055 mem 0x80010ee7
core   0: 0x800003e8 (0x0000977a) c.add   a4, t5
core   0: 3 0x800003e8 (0x977a) x14 0x18f0b09c
core   0: 0x800003ea (0x00008b11) c.andi  a4, 4
core   0: 3 0x800003ea (0x8b11) x14 0x00000004
core   0: 0x800003ec (0x01e61623) sh      t5, 12(a2)
core   0: 3 0x800003ec (0x01e61623) mem 0x80010efc 0x0098
core   0: 0x800003f0 (0x00847bb3) and     s7, s0, s0
core   0: 3 0x800003f0 (0x00847bb3) x23 0x0000002b
core   0: 0x800003f4 (0x00961123) sh      s1, 2(a2)
core   0: 3 0x800003f4 (0x00961123) mem 0x80010ef2 0xfff5
core   0: 0x800003f8 (0x00008f21) c.xor   a4, s0
core   0: 3 0x800003f8 (0x8f21) x14 0x0000002f
core   0: 0x800003fa (0x8bb76913) ori     s2, a4, -1861
core   0: 3 0x800003fa (0x8bb76913) x18 0xfffff8bf
core   0: 0x800003fe (0x00d60483) lb      s1, 13(a2)
core   0: 3 0x800003fe (0x00d60483) x9  0x00000000 mem 0x80010efd
core   0: 0x80000402 (0xff062903) lw      s2, -16(a2)
core   0: 3 0x80000402 (0xff062903) x18 0x00000098 mem 0x80010ee0
core   0: 0x80000406 (0x037414b3) mulh    s1, s0, s7
core   0: 3 0x80000406 (0x037414b3) x9  0x00000000
core   0: 0x8000040a (0xfff60483) lb      s1, -1(a2)
core   0: 3 0x8000040a (0xfff60483) x9  0x00000036 mem 0x80010eef
core   0: 0x8000040e (0x0001de17) auipc   t3, 0x1d
core   0: 3 0x8000040e (0x0001de17) x28 0x8001d40e
core   0: 0x80000412 (0xd5ee0e13) addi    t3, t3, -674
core   0: 3 0x80000412 (0xd5ee0e13) x28 0x8001d16c
core   0: 0x80000416 (0x000099fd) c.andi  a1, -1
core   0: 3 0x80000416 (0x99fd) x11 0x00000000
core   0: 0x80000418 (0xff0e5183) lhu     gp, -16(t3)
core   0: 3 0x80000418 (0xff0e5183) x3  0x00009665 mem 0x8001d15c
core   0: 0x8000041c (0xff7e2823) sw      s7, -16(t3)
core   0: 3 0x8000041c (0xff7e2823) mem 0x8001d15c 0x0000002b
core   0: 0x80000420 (0xff0e5c83) lhu     s9, -16(t3)
core   0: 3 0x80000420 (0xff0e5c83) x25 0x0000002b mem 0x8001d15c
core   0: 0x80000424 (0xfe0e2823) sw      zero, -16(t3)
core   0: 3 0x80000424 (0xfe0e2823) mem 0x8001d15c 0x00000000
core   0: 0x80000428 (0xff9e0823) sb      s9, -16(t3)
core   0: 3 0x80000428 (0xff9e0823) mem 0x8001d15c 0x2b
core   0: 0x8000042c (0x02809333) mulh    t1, ra, s0
core   0: 3 0x8000042c (0x02809333) x6  0x00000000
core   0: 0x80000430 (0xff0e0303) lb      t1, -16(t3)
core   0: 3 0x80000430 (0xff0e0303) x6  0x0000002b mem 0x8001d15c
core   0: 0x80000434 (0xff0e4883) lbu     a7, -16(t3)
core   0: 3 0x80000434 (0xff0e4883) x17 0x0000002b mem 0x8001d15c
core   0: 0x80000438 (0xff0e1b03) lh      s6, -16(t3)
core   0: 3 0x80000438 (0xff0e1b03) x22 0x0000002b mem 0x8001d15c
core   0: 0x8000043c (0xffde2823) sw      t4, -16(t3)
core   0: 3 0x8000043c (0xffde2823) mem 0x8001d15c 0x00000008
core   0: 0x80000440 (0xff0e1783) lh      a5, -16(t3)
core   0: 3 0x80000440 (0xff0e1783) x15 0x00000008 mem 0x8001d15c
core   0: 0x80000444 (0xff0e5f03) lhu     t5, -16(t3)
core   0: 3 0x80000444 (0xff0e5f03) x30 0x00000008 mem 0x8001d15c
core   0: 0x80000448 (0xff0e5983) lhu     s3, -16(t3)
core   0: 3 0x80000448 (0xff0e5983) x19 0x00000008 mem 0x8001d15c
core   0: 0x8000044c (0xff6e2823) sw      s6, -16(t3)
core   0: 3 0x8000044c (0xff6e2823) mem 0x8001d15c 0x0000002b
core   0: 0x80000450 (0xff0e5503) lhu     a0, -16(t3)
core   0: 3 0x80000450 (0xff0e5503) x10 0x0000002b mem 0x8001d15c
core   0: 0x80000454 (0x00008cfd) c.and   s1, a5
core   0: 3 0x80000454 (0x8cfd) x9  0x00000000
core   0: 0x80000456 (0x00001184) c.addi4spn s1, sp, 224
core   0: 3 0x80000456 (0x1184) x9  0x8001be54
core   0: 0x80000458 (0xff0e2b03) lw      s6, -16(t3)
core   0: 3 0x80000458 (0xff0e2b03) x22 0x0000002b mem 0x8001d15c
core   0: 0x8000045c (0xfece0823) sb      a2, -16(t3)
core   0: 3 0x8000045c (0xfece0823) mem 0x8001d15c 0xf0
core   0: 0x80000460 (0xfe1e2823) sw      ra, -16(t3)
core   0: 3 0x80000460 (0xfe1e2823) mem 0x8001d15c 0x00000000
core   0: 0x80000464 (0x00006155) c.addi16sp sp, 304
core   0: 3 0x80000464 (0x6155) x2  0x8001bea4
core   0: 0x80000466 (0xff0e5103) lhu     sp, -16(t3)
core   0: 3 0x80000466 (0xff0e5103) x2  0x00000000 mem 0x8001d15c
core   0: 0x8000046a (0xff9e0823) sb      s9, -16(t3)
core   0: 3 0x8000046a (0xff9e0823) mem 0x8001d15c 0x2b
core   0: 0x8000046e (0xfe3e1823) sh      gp, -16(t3)
core   0: 3 0x8000046e (0xfe3e1823) mem 0x8001d15c 0x9665
core   0: 0x80000472 (0x026000ef) jal     pc + 0x26
core   0: 3 0x80000472 (0x026000ef) x1  0x80000476
core   0: 0x80000498 (0x0000a029) c.j     pc + 10
core   0: 3 0x80000498 (0xa029)
core   0: 0x800004a2 (0xfe1ff1ef) jal     gp, pc - 0x20
core   0: 3 0x800004a2 (0xfe1ff1ef) x3  0x800004a6
core   0: 0x80000482 (0x0000a011) c.j     pc + 4
core   0: 3 0x80000482 (0xa011)
core   0: 0x80000486 (0x00002801) c.jal   pc + 16
core   0: 3 0x80000486 (0x2801) x1  0x80000488
core   0: 0x80000496 (0x0000bfe5) c.j     pc - 8
core   0: 3 0x80000496 (0xbfe5)
core   0: 0x8000048e (0xff1ff0ef) jal     pc - 0x10
core   0: 3 0x8000048e (0xff1ff0ef) x1  0x80000492
core   0: 0x8000047e (0x0000203d) c.jal   pc + 46
core   0: 3 0x8000047e (0x203d) x1  0x80000480
core   0: 0x800004ac (0xfe1ffdef) jal     s11, pc - 0x20
core   0: 3 0x800004ac (0xfe1ffdef) x27 0x800004b0
core   0: 0x8000048c (0x0000a829) c.j     pc + 26
core   0: 3 0x8000048c (0xa829)
core   0: 0x800004a6 (0xfdbff9ef) jal     s3, pc - 0x26
core   0: 3 0x800004a6 (0xfdbff9ef) x19 0x800004aa
core   0: 0x80000480 (0x0000a829) c.j     pc + 26
core   0: 3 0x80000480 (0xa829)
core   0: 0x8000049a (0x016000ef) jal     pc + 0x16
core   0: 3 0x8000049a (0x016000ef) x1  0x8000049e
core   0: 0x800004b0 (0x000037f1) c.jal   pc - 52
core   0: 3 0x800004b0 (0x37f1) x1  0x800004b2
core   0: 0x8000047c (0x0000200d) c.jal   pc + 34
core   0: 3 0x8000047c (0x200d) x1  0x8000047e
core   0: 0x8000049e (0xfe7ff0ef) jal     pc - 0x1a
core   0: 3 0x8000049e (0xfe7ff0ef) x1  0x800004a2
core   0: 0x80000484 (0x0000201d) c.jal   pc + 38
core   0: 3 0x80000484 (0x201d) x1  0x80000486
core   0: 0x800004aa (0x00003ff9) c.jal   pc - 34
core   0: 3 0x800004aa (0x3ff9) x1  0x800004ac
core   0: 0x80000488 (0xff3ff0ef) jal     pc - 0xe
core   0: 3 0x80000488 (0xff3ff0ef) x1  0x8000048c
core   0: 0x8000047a (0x0000a821) c.j     pc + 24
core   0: 3 0x8000047a (0xa821)
core   0: 0x80000492 (0xfe5ff0ef) jal     pc - 0x1c
core   0: 3 0x80000492 (0xfe5ff0ef) x1  0x80000496
core   0: 0x80000476 (0x03c0036f) jal     t1, pc + 0x3c
core   0: 3 0x80000476 (0x03c0036f) x6  0x8000047a
core   0: 0x800004b2 (0x00000e36) c.slli  t3, 13
core   0: 3 0x800004b2 (0x0e36) x28 0x3a2d8000
core   0: 0x800004b4 (0x00010097) auipc   ra, 0x10
core   0: 3 0x800004b4 (0x00010097) x1  0x800104b4
core   0: 0x800004b8 (0xcde08093) addi    ra, ra, -802
core   0: 3 0x800004b8 (0xcde08093) x1  0x80010192
core   0: 0x800004bc (0x03645333) divu    t1, s0, s6
core   0: 3 0x800004bc (0x03645333) x6  0x00000001
core   0: 0x800004c0 (0x011084a3) sb      a7, 9(ra)
core   0: 3 0x800004c0 (0x011084a3) mem 0x8001019b 0x2b
core   0: 0x800004c4 (0xfdd09b23) sh      t4, -42(ra)
core   0: 3 0x800004c4 (0xfdd09b23) mem 0x80010168 0x0008
core   0: 0x800004c8 (0x0270c403) lbu     s0, 39(ra)
core   0: 3 0x800004c8 (0x0270c403) x8  0x00000056 mem 0x800101b9
core   0: 0x800004cc (0xfe10cb83) lbu     s7, -31(ra)
core   0: 3 0x800004cc (0xfe10cb83) x23 0x00000035 mem 0x80010173
core   0: 0x800004d0 (0xa36e0d13) addi    s10, t3, -1482
core   0: 3 0x800004d0 (0xa36e0d13) x26 0x3a2d7a36
core   0: 0x800004d4 (0xfe508483) lb      s1, -27(ra)
core   0: 3 0x800004d4 (0xfe508483) x9  0x00000013 mem 0x80010177
core   0: 0x800004d8 (0xfd40dd83) lhu     s11, -44(ra)
core   0: 3 0x800004d8 (0xfd40dd83) x27 0x000043ad mem 0x80010166
core   0: 0x800004dc (0x00008ef1) c.and   a3, a2
core   0: 3 0x800004dc (0x8ef1) x13 0x00000010
core   0: 0x800004de (0x01525813) srli    a6, tp, 21
core   0: 3 0x800004de (0x01525813) x16 0x00000008
core   0: 0x800004e2 (0xfc008da3) sb      zero, -37(ra)
core   0: 3 0x800004e2 (0xfc008da3) mem 0x8001016d 0x00
core   0: 0x800004e6 (0x014a27b3) slt     a5, s4, s4
core   0: 3 0x800004e6 (0x014a27b3) x15 0x00000000
core   0: 0x800004ea (0x0260dd83) lhu     s11, 38(ra)
core   0: 3 0x800004ea (0x0260dd83) x27 0x0000562f mem 0x800101b8
core   0: 0x800004ee (0x01b0c383) lbu     t2, 27(ra)
core   0: 3 0x800004ee (0x01b0c383) x7  0x00000000 mem 0x800101ad
core   0: 0x800004f2 (0x01b08683) lb      a3, 27(ra)
core   0: 3 0x800004f2 (0x01b08683) x13 0x00000000 mem 0x800101ad
core   0: 0x800004f6 (0x03808a23) sb      s8, 52(ra)
core   0: 3 0x800004f6 (0x03808a23) mem 0x800101c6 0xa4
core   0: 0x800004fa (0x03d08823) sb      t4, 48(ra)
core   0: 3 0x800004fa (0x03d08823) mem 0x800101c2 0x08
core   0: 0x800004fe (0xff208b23) sb      s2, -10(ra)
core   0: 3 0x800004fe (0xff208b23) mem 0x80010188 0x98
core   0: 0x80000502 (0x02d08503) lb      a0, 45(ra)
core   0: 3 0x80000502 (0x02d08503) x10 0xffffffa7 mem 0x800101bf
core   0: 0x80000506 (0xffa0d683) lhu     a3, -6(ra)
core   0: 3 0x80000506 (0xffa0d683) x13 0x0000f1c5 mem 0x8001018c
core   0: 0x8000050a (0xfcd08303) lb      t1, -51(ra)
core   0: 3 0x8000050a (0xfcd08303) x6  0x00000072 mem 0x8001015f
core   0: 0x8000050e (0xffc0c003) lbu     zero, -4(ra)
core   0: 3 0x8000050e (0xffc0c003) mem 0x8001018e
core   0: 0x80000512 (0x000007d9) c.addi  a5, 22
core   0: 3 0x80000512 (0x07d9) x15 0x00000016
core   0: 0x80000514 (0x0000717d) c.addi16sp sp, -16
core   0: 3 0x80000514 (0x717d) x2  0xfffffff0
core   0: 0x80000516 (0x40350bb3) sub     s7, a0, gp
core   0: 3 0x80000516 (0x40350bb3) x23 0x7ffffb01
core   0: 0x8000051a (0x715dc013) xori    zero, s11, 1813
core   0: 3 0x8000051a (0x715dc013)
core   0: 0x8000051e (0x004252b3) srl     t0, tp, tp
core   0: 3 0x8000051e (0x004252b3) x5  0x00000000
core   0: 0x80000522 (0x00009a7d) c.andi  a2, -1
core   0: 3 0x80000522 (0x9a7d) x12 0x80010ef0
core   0: 0x80000524 (0x03e08f23) sb      t5, 62(ra)
core   0: 3 0x80000524 (0x03e08f23) mem 0x800101d0 0x08
core   0: 0x80000528 (0x02708183) lb      gp, 39(ra)
core   0: 3 0x80000528 (0x02708183) x3  0x00000056 mem 0x800101b9
core   0: 0x8000052c (0x51b096b7) lui     a3, 0x51b09
core   0: 3 0x8000052c (0x51b096b7) x13 0x51b09000
core   0: 0x80000530 (0x01609e03) lh      t3, 22(ra)
core   0: 3 0x80000530 (0x01609e03) x28 0xffffd975 mem 0x800101a8
core   0: 0x80000534 (0x0300dd03) lhu     s10, 48(ra)
core   0: 3 0x80000534 (0x0300dd03) x26 0x00003508 mem 0x800101c2
core   0: 0x80000538 (0xfe208ea3) sb      sp, -3(ra)
core   0: 3 0x80000538 (0xfe208ea3) mem 0x8001018f 0xf0
core   0: 0x8000053c (0x01009f03) lh      t5, 16(ra)
core   0: 3 0x8000053c (0x01009f03) x30 0x00000c71 mem 0x800101a2
core   0: 0x80000540 (0x0001a497) auipc   s1, 0x1a
core   0: 3 0x80000540 (0x0001a497) x9  0x8001a540
core   0: 0x80000544 (0x03848493) addi    s1, s1, 56
core   0: 3 0x80000544 (0x03848493) x9  0x8001a578
core   0: 0x80000548 (0x025c5a33) divu    s4, s8, t0
core   0: 3 0x80000548 (0x025c5a33) x20 0xffffffff
core   0: 0x8000054c (0xffc48aa3) sb      t3, -11(s1)
core   0: 3 0x8000054c (0xffc48aa3) mem 0x8001a56d 0x75
core   0: 0x80000550 (0x57cacc93) xori    s9, s5, 1404
core   0: 3 0x80000550 (0x57cacc93) x25 0x0000057c
core   0: 0x80000554 (0x00000001) c.nop
core   0: 3 0x80000554 (0x0001)
core   0: 0x80000556 (0xff848aa3) sb      s8, -11(s1)
core   0: 3 0x80000556 (0xff848aa3) mem 0x8001a56d 0xa4
core   0: 0x8000055a (0x00049383) lh      t2, 0(s1)
core   0: 3 0x8000055a (0x00049383) x7  0x00003eb8 mem 0x8001a578
core   0: 0x8000055e (0x00004080) c.lw    s0, 0(s1)
core   0: 3 0x8000055e (0x4080) x8  0xd7a03eb8 mem 0x8001a578
core   0: 0x80000560 (0x00004094) c.lw    a3, 0(s1)
core   0: 3 0x80000560 (0x4094) x13 0xd7a03eb8 mem 0x8001a578
core   0: 0x80000562 (0x000040d0) c.lw    a2, 4(s1)
core   0: 3 0x80000562 (0x40d0) x12 0x6fac196a mem 0x8001a57c
core   0: 0x80000564 (0x00009afd) c.andi  a3, -1
core   0: 3 0x80000564 (0x9afd) x13 0xd7a03eb8
core   0: 0x80000566 (0x0004dd03) lhu     s10, 0(s1)
core   0: 3 0x80000566 (0x0004dd03) x26 0x00003eb8 mem 0x8001a578
core   0: 0x8000056a (0x0064a023) sw      t1, 0(s1)
core   0: 3 0x8000056a (0x0064a023) mem 0x8001a578 0x00000072
core   0: 0x8000056e (0x44442797) auipc   a5, 0x44442
core   0: 3 0x8000056e (0x44442797) x15 0xc444256e
core   0: 0x80000572 (0x0094cb83) lbu     s7, 9(s1)
core   0: 3 0x80000572 (0x0094cb83) x23 0x0000002c mem 0x8001a581
core   0: 0x80000576 (0xff548983) lb      s3, -11(s1)
core   0: 3 0x80000576 (0xff548983) x19 0xffffffa4 mem 0x8001a56d
core   0: 0x8000057a (0xff548303) lb      t1, -11(s1)
core   0: 3 0x8000057a (0xff548303) x6  0xffffffa4 mem 0x8001a56d
core   0: 0x8000057e (0x418c57b3) sra     a5, s8, s8
core   0: 3 0x8000057e (0x418c57b3) x15 0xf80025ea
core   0: 0x80000582 (0xfe248aa3) sb      sp, -11(s1)
core   0: 3 0x80000582 (0xfe248aa3) mem 0x8001a56d 0xf0
core   0: 0x80000586 (0xfef4ac23) sw      a5, -8(s1)
core   0: 3 0x80000586 (0xfef4ac23) mem 0x8001a570 0xf80025ea
core   0: 0x8000058a (0x00004691) c.li    a3, 4
core   0: 3 0x8000058a (0x4691) x13 0x00000004
core   0: 0x8000058c (0x00005b59) c.li    s6, -10
core   0: 3 0x8000058c (0x5b59) x22 0xfffffff6
core   0: 0x8000058e (0x02fe9033) mulh    zero, t4, a5
core   0: 3 0x8000058e (0x02fe9033)
core   0: 0x80000592 (0x8f771717) auipc   a4, 0x8f771
core   0: 3 0x80000592 (0x8f771717) x14 0x0f771592
core   0: 0x80000596 (0x000016e5) c.addi  a3, -7
core   0: 3 0x80000596 (0x16e5) x13 0xfffffffd
core   0: 0x80000598 (0xff669de3) bne     a3, s6, pc - 6
core   0: 3 0x80000598 (0xff669de3)
core   0: 0x80000592 (0x8f771717) auipc   a4, 0x8f771
core   0: 3 0x80000592 (0x8f771717) x14 0x0f771592
core   0: 0x80000596 (0x000016e5) c.addi  a3, -7
core   0: 3 0x80000596 (0x16e5) x13 0xfffffff6
core   0: 0x80000598 (0xff669de3) bne     a3, s6, pc - 6
core   0: 3 0x80000598 (0xff669de3)
core   0: 0x8000059c (0x41d55493) srai    s1, a0, 29
core   0: 3 0x8000059c (0x41d55493) x9  0xffffffff
core   0: 0x800005a0 (0x00013997) auipc   s3, 0x13
core   0: 3 0x800005a0 (0x00013997) x19 0x800135a0
core   0: 0x800005a4 (0xb3a98993) addi    s3, s3, -1222
core   0: 3 0x800005a4 (0xb3a98993) x19 0x800130da
core   0: 0x800005a8 (0x01472ab3) slt     s5, a4, s4
core   0: 3 0x800005a8 (0x01472ab3) x21 0x00000000
core   0: 0x800005ac (0xfcc9c903) lbu     s2, -52(s3)
core   0: 3 0x800005ac (0xfcc9c903) x18 0x0000009d mem 0x800130a6
core   0: 0x800005b0 (0xfcc98703) lb      a4, -52(s3)
core   0: 3 0x800005b0 (0xfcc98703) x14 0xffffff9d mem 0x800130a6
core   0: 0x800005b4 (0x00026cb3) or      s9, tp, zero
core   0: 3 0x800005b4 (0x00026cb3) x25 0x010cc11b
core   0: 0x800005b8 (0xfcd99623) sh      a3, -52(s3)
core   0: 3 0x800005b8 (0xfcd99623) mem 0x800130a6 0xfff6
core   0: 0x800005bc (0xfdf98623) sb      t6, -52(s3)
core   0: 3 0x800005bc (0xfdf98623) mem 0x800130a6 0x24
core   0: 0x800005c0 (0xfd499623) sh      s4, -52(s3)
core   0: 3 0x800005c0 (0xfd499623) mem 0x800130a6 0xffff
core   0: 0x800005c4 (0xfdd99623) sh      t4, -52(s3)
core   0: 3 0x800005c4 (0xfdd99623) mem 0x800130a6 0x0008
core   0: 0x800005c8 (0xfcc9dc83) lhu     s9, -52(s3)
core   0: 3 0x800005c8 (0xfcc9dc83) x25 0x00000008 mem 0x800130a6
core   0: 0x800005cc (0xfcc98a83) lb      s5, -52(s3)
core   0: 3 0x800005cc (0xfcc98a83) x21 0x00000008 mem 0x800130a6
core   0: 0x800005d0 (0xfcc99c83) lh      s9, -52(s3)
core   0: 3 0x800005d0 (0xfcc99c83) x25 0x00000008 mem 0x800130a6
core   0: 0x800005d4 (0xfc998623) sb      s1, -52(s3)
core   0: 3 0x800005d4 (0xfc998623) mem 0x800130a6 0xff
core   0: 0x800005d8 (0xfcc99783) lh      a5, -52(s3)
core   0: 3 0x800005d8 (0xfcc99783) x15 0x000000ff mem 0x800130a6
core   0: 0x800005dc (0xfcc99203) lh      tp, -52(s3)
core   0: 3 0x800005dc (0xfcc99203) x4  0x000000ff mem 0x800130a6
core   0: 0x800005e0 (0xfcc98803) lb      a6, -52(s3)
core   0: 3 0x800005e0 (0xfcc98803) x16 0xffffffff mem 0x800130a6
core   0: 0x800005e4 (0xfcc9dd83) lhu     s11, -52(s3)
core   0: 3 0x800005e4 (0xfcc9dd83) x27 0x000000ff mem 0x800130a6
core   0: 0x800005e8 (0x00010d97) auipc   s11, 0x10
core   0: 3 0x800005e8 (0x00010d97) x27 0x800105e8
core   0: 0x800005ec (0x1aed8d93) addi    s11, s11, 430
core   0: 3 0x800005ec (0x1aed8d93) x27 0x80010796
core   0: 0x800005f0 (0x0bddc503) lbu     a0, 189(s11)
core   0: 3 0x800005f0 (0x0bddc503) x10 0x000000b8 mem 0x80010853
core   0: 0x800005f4 (0x40e7d993) srai    s3, a5, 14
core   0: 3 0x800005f4 (0x40e7d993) x19 0x00000000
core   0: 0x800005f8 (0x0bddcb03) lbu     s6, 189(s11)
core   0: 3 0x800005f8 (0x0bddcb03) x22 0x000000b8 mem 0x80010853
core   0: 0x800005fc (0x0a4d8ea3) sb      tp, 189(s11)
core   0: 3 0x800005fc (0x0a4d8ea3) mem 0x80010853 0xff
core   0: 0x80000600 (0x0a7d8ea3) sb      t2, 189(s11)
core   0: 3 0x80000600 (0x0a7d8ea3) mem 0x80010853 0xb8
core   0: 0x80000604 (0x0b8d8ea3) sb      s8, 189(s11)
core   0: 3 0x80000604 (0x0b8d8ea3) mem 0x80010853 0xa4
core   0: 0x80000608 (0x0bddc703) lbu     a4, 189(s11)
core   0: 3 0x80000608 (0x0bddc703) x14 0x000000a4 mem 0x80010853
core   0: 0x8000060c (0x70bda0b7) lui     ra, 0x70bda
core   0: 3 0x8000060c (0x70bda0b7) x1  0x70bda000
core   0: 0x80000610 (0x0b6d8ea3) sb      s6, 189(s11)
core   0: 3 0x80000610 (0x0b6d8ea3) mem 0x80010853 0xb8
core   0: 0x80000614 (0x0fed8103) lb      sp, 254(s11)
core   0: 3 0x80000614 (0x0fed8103) x2  0xfffffff7 mem 0x80010894
core   0: 0x80000618 (0x0fed8403) lb      s0, 254(s11)
core   0: 3 0x80000618 (0x0fed8403) x8  0xfffffff7 mem 0x80010894
core   0: 0x8000061c (0xfc2d9803) lh      a6, -62(s11)
core   0: 3 0x8000061c (0xfc2d9803) x16 0x000015ce mem 0x80010758
core   0: 0x80000620 (0xfc2d9e03) lh      t3, -62(s11)
core   0: 3 0x80000620 (0xfc2d9e03) x28 0x000015ce mem 0x80010758
core   0: 0x80000624 (0xfc2d8403) lb      s0, -62(s11)
core   0: 3 0x80000624 (0xfc2d8403) x8  0xffffffce mem 0x80010758
core   0: 0x80000628 (0xffbd8c83) lb      s9, -5(s11)
core   0: 3 0x80000628 (0xffbd8c83) x25 0x00000029 mem 0x80010791
core   0: 0x8000062c (0x00004ca5) c.li    s9, 9
core   0: 3 0x8000062c (0x4ca5) x25 0x00000009
core   0: 0x8000062e (0x012710b3) sll     ra, a4, s2
core   0: 3 0x8000062e (0x012710b3) x1  0x80000000
core   0: 0x80000632 (0x000049a5) c.li    s3, 9
core   0: 3 0x80000632 (0x49a5) x19 0x00000009
core   0: 0x80000634 (0x014ea7b3) slt     a5, t4, s4
core   0: 3 0x80000634 (0x014ea7b3) x15 0x00000000
core   0: 0x80000638 (0x00008231) c.srli  a2, 12
core   0: 3 0x80000638 (0x8231) x12 0x0006fac1
core   0: 0x8000063a (0x23c4f913) andi    s2, s1, 572
core   0: 3 0x8000063a (0x23c4f913) x18 0x0000023c
core   0: 0x8000063e (0x029908b3) mul     a7, s2, s1
core   0: 3 0x8000063e (0x029908b3) x17 0xfffffdc4
core   0: 0x80000642 (0x00001ced) c.addi  s9, -5
core   0: 3 0x80000642 (0x1ced) x25 0x00000004
core   0: 0x80000644 (0x02be4833) div     a6, t3, a1
core   0: 3 0x80000644 (0x02be4833) x16 0xffffffff
core   0: 0x80000648 (0x0000420d) c.li    tp, 3
core   0: 3 0x80000648 (0x420d) x4  0x00000003
core   0: 0x8000064a (0x00004d49) c.li    s10, 18
core   0: 3 0x8000064a (0x4d49) x26 0x00000012
core   0: 0x8000064c (0x63c98e13) addi    t3, s3, 1596
core   0: 3 0x8000064c (0x63c98e13) x28 0x00000645
core   0: 0x80000650 (0x0008c3b3) xor     t2, a7, zero
core   0: 3 0x80000650 (0x0008c3b3) x7  0xfffffdc4
core   0: 0x80000654 (0x44b1ba13) sltiu   s4, gp, 1099
core   0: 3 0x80000654 (0x44b1ba13) x20 0x00000001
core   0: 0x80000658 (0x58994f13) xori    t5, s2, 1417
core   0: 3 0x80000658 (0x58994f13) x30 0x000007b5
core   0: 0x8000065c (0x30406293) ori     t0, zero, 772
core   0: 3 0x8000065c (0x30406293) x5  0x00000304
core   0: 0x80000660 (0x0000613d) c.addi16sp sp, 480
core   0: 3 0x80000660 (0x613d) x2  0x000001d7
core   0: 0x80000662 (0x00000211) c.addi  tp, 4
core   0: 3 0x80000662 (0x0211) x4  0x00000007
core   0: 0x80000664 (0x022fe333) rem     t1, t6, sp
core   0: 3 0x80000664 (0x022fe333) x6  0xfffffef3
core   0: 0x80000668 (0x000057fd) c.li    a5, -1
core   0: 3 0x80000668 (0x57fd) x15 0xffffffff
core   0: 0x8000066a (0xffa249e3) blt     tp, s10, pc - 14
core   0: 3 0x8000066a (0xffa249e3)
core   0: 0x8000065c (0x30406293) ori     t0, zero, 772
core   0: 3 0x8000065c (0x30406293) x5  0x00000304
core   0: 0x80000660 (0x0000613d) c.addi16sp sp, 480
core   0: 3 0x80000660 (0x613d) x2  0x000003b7
core   0: 0x80000662 (0x00000211) c.addi  tp, 4
core   0: 3 0x80000662 (0x0211) x4  0x0000000b
core   0: 0x80000664 (0x022fe333) rem     t1, t6, sp
core   0: 3 0x80000664 (0x022fe333) x6  0xfffffc4d
core   0: 0x80000668 (0x000057fd) c.li    a5, -1
core   0: 3 0x80000668 (0x57fd) x15 0xffffffff
core   0: 0x8000066a (0xffa249e3) blt     tp, s10, pc - 14
core   0: 3 0x8000066a (0xffa249e3)
core   0: 0x8000065c (0x30406293) ori     t0, zero, 772
core   0: 3 0x8000065c (0x30406293) x5  0x00000304
core   0: 0x80000660 (0x0000613d) c.addi16sp sp, 480
core   0: 3 0x80000660 (0x613d) x2  0x00000597
core   0: 0x80000662 (0x00000211) c.addi  tp, 4
core   0: 3 0x80000662 (0x0211) x4  0x0000000f
core   0: 0x80000664 (0x022fe333) rem     t1, t6, sp
core   0: 3 0x80000664 (0x022fe333) x6  0xfffffc35
core   0: 0x80000668 (0x000057fd) c.li    a5, -1
core   0: 3 0x80000668 (0x57fd) x15 0xffffffff
core   0: 0x8000066a (0xffa249e3) blt     tp, s10, pc - 14
core   0: 3 0x8000066a (0xffa249e3)
core   0: 0x8000065c (0x30406293) ori     t0, zero, 772
core   0: 3 0x8000065c (0x30406293) x5  0x00000304
core   0: 0x80000660 (0x0000613d) c.addi16sp sp, 480
core   0: 3 0x80000660 (0x613d) x2  0x00000777
core   0: 0x80000662 (0x00000211) c.addi  tp, 4
core   0: 3 0x80000662 (0x0211) x4  0x00000013
core   0: 0x80000664 (0x022fe333) rem     t1, t6, sp
core   0: 3 0x80000664 (0x022fe333) x6  0xfffff88a
core   0: 0x80000668 (0x000057fd) c.li    a5, -1
core   0: 3 0x80000668 (0x57fd) x15 0xffffffff
core   0: 0x8000066a (0xffa249e3) blt     tp, s10, pc - 14
core   0: 3 0x8000066a (0xffa249e3)
core   0: 0x8000066e (0x01c32bb3) slt     s7, t1, t3
core   0: 3 0x8000066e (0x01c32bb3) x23 0x00000001
core   0: 0x80000672 (0xfd3cf4e3) bgeu    s9, s3, pc - 56
core   0: 3 0x80000672 (0xfd3cf4e3)
core   0: 0x80000676 (0x02d274b3) remu    s1, tp, a3
core   0: 3 0x80000676 (0x02d274b3) x9  0x00000013
core   0: 0x8000067a (0x00016d97) auipc   s11, 0x16
core   0: 3 0x8000067a (0x00016d97) x27 0x8001667a
core   0: 0x8000067e (0x545d8d93) addi    s11, s11, 1349
core   0: 3 0x8000067e (0x545d8d93) x27 0x80016bbf
core   0: 0x80000682 (0x00ddda33) srl     s4, s11, a3
core   0: 3 0x80000682 (0x00ddda33) x20 0x00000200
core   0: 0x80000686 (0xffbd8a03) lb      s4, -5(s11)
core   0: 3 0x80000686 (0xffbd8a03) x20 0x00000058 mem 0x80016bba
core   0: 0x8000068a (0xff6dc283) lbu     t0, -10(s11)
core   0: 3 0x8000068a (0xff6dc283) x5  0x00000055 mem 0x80016bb5
core   0: 0x8000068e (0x00008d7e) c.mv    s10, t6
core   0: 3 0x8000068e (0x8d7e) x26 0x80029d24
core   0: 0x80000690 (0x00ed8183) lb      gp, 14(s11)
core   0: 3 0x80000690 (0x00ed8183) x3  0x00000043 mem 0x80016bcd
core   0: 0x80000694 (0xff2dc503) lbu     a0, -14(s11)
core   0: 3 0x80000694 (0xff2dc503) x10 0x0000008d mem 0x80016bb1
core   0: 0x80000698 (0xe1ad2e17) auipc   t3, 0xe1ad2
core   0: 3 0x80000698 (0xe1ad2e17) x28 0x61ad2698
core   0: 0x8000069c (0xfe4d8c23) sb      tp, -8(s11)
core   0: 3 0x8000069c (0xfe4d8c23) mem 0x80016bb7 0x13
core   0: 0x800006a0 (0x6eb78213) addi    tp, a5, 1771
core   0: 3 0x800006a0 (0x6eb78213) x4  0x000006ea
core   0: 0x800006a4 (0x00ad8503) lb      a0, 10(s11)
core   0: 3 0x800006a4 (0x00ad8503) x10 0xffffffaa mem 0x80016bc9
core   0: 0x800006a8 (0x64d23893) sltiu   a7, tp, 1613
core   0: 3 0x800006a8 (0x64d23893) x17 0x00000000
core   0: 0x800006ac (0x015d87a3) sb      s5, 15(s11)
core   0: 3 0x800006ac (0x015d87a3) mem 0x80016bce 0x08
core   0: 0x800006b0 (0x01ed8823) sb      t5, 16(s11)
core   0: 3 0x800006b0 (0x01ed8823) mem 0x80016bcf 0xb5
core   0: 0x800006b4 (0xff2d8f23) sb      s2, -2(s11)
core   0: 3 0x800006b4 (0xff2d8f23) mem 0x80016bbd 0x3c
core   0: 0x800006b8 (0x0000665d) c.lui   a2, 0x17
core   0: 3 0x800006b8 (0x665d) x12 0x00017000
core   0: 0x800006ba (0x01cd87a3) sb      t3, 15(s11)
core   0: 3 0x800006ba (0x01cd87a3) mem 0x80016bce 0x98
core   0: 0x800006be (0x67550b13) addi    s6, a0, 1653
core   0: 3 0x800006be (0x67550b13) x22 0x0000061f
core   0: 0x800006c2 (0x002dc503) lbu     a0, 2(s11)
core   0: 3 0x800006c2 (0x002dc503) x10 0x0000009d mem 0x80016bc1
core   0: 0x800006c6 (0x00008fc1) c.or    a5, s0
core   0: 3 0x800006c6 (0x8fc1) x15 0xffffffff
core   0: 0x800006c8 (0x933db413) sltiu   s0, s11, -1741
core   0: 3 0x800006c8 (0x933db413) x8  0x00000001
core   0: 0x800006cc (0xffddcc83) lbu     s9, -3(s11)
core   0: 3 0x800006cc (0xffddcc83) x25 0x00000028 mem 0x80016bbc
core   0: 0x800006d0 (0xff9da683) lw      a3, -7(s11)
core   0: 3 0x800006d0 (0xff9da683) x13 0x96580f5f mem 0x80016bb8
core   0: 0x800006d4 (0x004d8103) lb      sp, 4(s11)
core   0: 3 0x800006d4 (0x004d8103) x2  0x0000000e mem 0x80016bc3
core   0: 0x800006d8 (0x009cdf13) srli    t5, s9, 9
core   0: 3 0x800006d8 (0x009cdf13) x30 0x00000000
core   0: 0x800006dc (0x00000804) c.addi4spn s1, sp, 16
core   0: 3 0x800006dc (0x0804) x9  0x0000001e
core   0: 0x800006de (0x00000001) c.nop
core   0: 3 0x800006de (0x0001)
core   0: 0x800006e0 (0xfffd8183) lb      gp, -1(s11)
core   0: 3 0x800006e0 (0xfffd8183) x3  0x0000003b mem 0x80016bbe
core   0: 0x800006e4 (0x00008a55) c.andi  a2, 21
core   0: 3 0x800006e4 (0x8a55) x12 0x00000000
core   0: 0x800006e6 (0x03b1c8b3) div     a7, gp, s11
core   0: 3 0x800006e6 (0x03b1c8b3) x17 0x00000000
core   0: 0x800006ea (0x00000001) c.nop
core   0: 3 0x800006ea (0x0001)
core   0: 0x800006ec (0x007da6a3) sw      t2, 13(s11)
core   0: 3 0x800006ec (0x007da6a3) mem 0x80016bcc 0xfffffdc4
core   0: 0x800006f0 (0xfe7d8ea3) sb      t2, -3(s11)
core   0: 3 0x800006f0 (0xfe7d8ea3) mem 0x80016bbc 0xc4
core   0: 0x800006f4 (0x24bd0213) addi    tp, s10, 587
core   0: 3 0x800006f4 (0x24bd0213) x4  0x80029f6f
core   0: 0x800006f8 (0x00ad8083) lb      ra, 10(s11)
core   0: 3 0x800006f8 (0x00ad8083) x1  0xffffffaa mem 0x80016bc9
core   0: 0x800006fc (0x416edb13) srai    s6, t4, 22
core   0: 3 0x800006fc (0x416edb13) x22 0x00000000
core   0: 0x80000700 (0x004dc883) lbu     a7, 4(s11)
core   0: 3 0x80000700 (0x004dc883) x17 0x0000000e mem 0x80016bc3
core   0: 0x80000704 (0x001568b3) or      a7, a0, ra
core   0: 3 0x80000704 (0x001568b3) x17 0xffffffbf
core   0: 0x80000708 (0x03f44833) div     a6, s0, t6
core   0: 3 0x80000708 (0x03f44833) x16 0x00000000
core   0: 0x8000070c (0x00000504) c.addi4spn s1, sp, 640
core   0: 3 0x8000070c (0x0504) x9  0x0000028e
core   0: 0x8000070e (0x005da2a3) sw      t0, 5(s11)
core   0: 3 0x8000070e (0x005da2a3) mem 0x80016bc4 0x00000055
core   0: 0x80000712 (0x0270c033) div     zero, ra, t2
core   0: 3 0x80000712 (0x0270c033)
core   0: 0x80000716 (0xff9dd483) lhu     s1, -7(s11)
core   0: 3 0x80000716 (0xff9dd483) x9  0x00000f5f mem 0x80016bb8
core   0: 0x8000071a (0xffbdcb03) lbu     s6, -5(s11)
core   0: 3 0x8000071a (0xffbdcb03) x22 0x00000058 mem 0x80016bba
core   0: 0x8000071e (0x014d8123) sb      s4, 2(s11)
core   0: 3 0x8000071e (0x014d8123) mem 0x80016bc1 0x58
core   0: 0x80000722 (0x01f38233) add     tp, t2, t6
core   0: 3 0x80000722 (0x01f38233) x4  0x80029ae8
core   0: 0x80000726 (0x002fb033) sltu    zero, t6, sp
core   0: 3 0x80000726 (0x002fb033)
core   0: 0x8000072a (0x00c65d13) srli    s10, a2, 12
core   0: 3 0x8000072a (0x00c65d13) x26 0x00000000
core   0: 0x8000072e (0xff7dd883) lhu     a7, -9(s11)
core   0: 3 0x8000072e (0xff7dd883) x17 0x0000138f mem 0x80016bb6
core   0: 0x80000732 (0x00ed8623) sb      a4, 12(s11)
core   0: 3 0x80000732 (0x00ed8623) mem 0x80016bcb 0xa4
core   0: 0x80000736 (0x00010697) auipc   a3, 0x10
core   0: 3 0x80000736 (0x00010697) x13 0x80010736
core   0: 0x8000073a (0x78468693) addi    a3, a3, 1924
core   0: 3 0x8000073a (0x78468693) x13 0x80010eba
core   0: 0x8000073e (0xde268003) lb      zero, -542(a3)
core   0: 3 0x8000073e (0xde268003) mem 0x80010c9c
core   0: 0x80000742 (0xde968123) sb      s1, -542(a3)
core   0: 3 0x80000742 (0xde968123) mem 0x80010c9c 0x5f
core   0: 0x80000746 (0xdf76a123) sw      s7, -542(a3)
core   0: 3 0x80000746 (0xdf76a123) mem 0x80010c9c 0x00000001
core   0: 0x8000074a (0xde26a383) lw      t2, -542(a3)
core   0: 3 0x8000074a (0xde26a383) x7  0x00000001 mem 0x80010c9c
core   0: 0x8000074e (0xdfa69123) sh      s10, -542(a3)
core   0: 3 0x8000074e (0xdfa69123) mem 0x80010c9c 0x0000
core   0: 0x80000752 (0xde26cc83) lbu     s9, -542(a3)
core   0: 3 0x80000752 (0xde26cc83) x25 0x00000000 mem 0x80010c9c
core   0: 0x80000756 (0x0b56cd03) lbu     s10, 181(a3)
core   0: 3 0x80000756 (0x0b56cd03) x26 0x0000007f mem 0x80010f6f
core   0: 0x8000075a (0x0b568583) lb      a1, 181(a3)
core   0: 3 0x8000075a (0x0b568583) x11 0x0000007f mem 0x80010f6f
core   0: 0x8000075e (0x16a69183) lh      gp, 362(a3)
core   0: 3 0x8000075e (0x16a69183) x3  0x000002f1 mem 0x80011024
core   0: 0x80000762 (0x00008389) c.srli  a5, 2
core   0: 3 0x80000762 (0x8389) x15 0x3fffffff
core   0: 0x80000764 (0x1776a523) sw      s7, 362(a3)
core   0: 3 0x80000764 (0x1776a523) mem 0x80011024 0x00000001
core   0: 0x80000768 (0x03b95cb3) divu    s9, s2, s11
core   0: 3 0x80000768 (0x03b95cb3) x25 0x00000000
core   0: 0x8000076c (0x17968523) sb      s9, 362(a3)
core   0: 3 0x8000076c (0x17968523) mem 0x80011024 0x00
core   0: 0x80000770 (0x16a6d383) lhu     t2, 362(a3)
core   0: 3 0x80000770 (0x16a6d383) x7  0x00000000 mem 0x80011024
core   0: 0x80000774 (0xfd96a123) sw      s9, -62(a3)
core   0: 3 0x80000774 (0xfd96a123) mem 0x80010e7c 0x00000000
core   0: 0x80000778 (0x93568ba3) sb      s5, -1737(a3)
core   0: 3 0x80000778 (0x93568ba3) mem 0x800107f1 0x08
core   0: 0x8000077c (0x92e68ba3) sb      a4, -1737(a3)
core   0: 3 0x8000077c (0x92e68ba3) mem 0x800107f1 0xa4
core   0: 0x80000780 (0x036000ef) jal     pc + 0x36
core   0: 3 0x80000780 (0x036000ef) x1  0x80000784
core   0: 0x800007b6 (0x00003ff5) c.jal   pc - 4
core   0: 3 0x800007b6 (0x3ff5) x1  0x800007b8
core   0: 0x800007b2 (0xfddff0ef) jal     pc - 0x24
core   0: 3 0x800007b2 (0xfddff0ef) x1  0x800007b6
core   0: 0x8000078e (0x0000a02d) c.j     pc + 42
core   0: 3 0x8000078e (0xa02d)
core   0: 0x800007b8 (0x0000b7f1) c.j     pc - 52
core   0: 3 0x800007b8 (0xb7f1)
core   0: 0x80000784 (0x01a000ef) jal     pc + 0x1a
core   0: 3 0x80000784 (0x01a000ef) x1  0x80000788
core   0: 0x8000079e (0x0000a801) c.j     pc + 16
core   0: 3 0x8000079e (0xa801)
core   0: 0x800007ae (0xff3ff0ef) jal     pc - 0xe
core   0: 3 0x800007ae (0xff3ff0ef) x1  0x800007b2
core   0: 0x800007a0 (0x000037e5) c.jal   pc - 24
core   0: 3 0x800007a0 (0x37e5) x1  0x800007a2
core   0: 0x80000788 (0x00e0026f) jal     tp, pc + 0xe
core   0: 3 0x80000788 (0x00e0026f) x4  0x8000078c
core   0: 0x80000796 (0x00002809) c.jal   pc + 18
core   0: 3 0x80000796 (0x2809) x1  0x80000798
core   0: 0x800007a8 (0xfe5ff0ef) jal     pc - 0x1c
core   0: 3 0x800007a8 (0xfe5ff0ef) x1  0x800007ac
core   0: 0x8000078c (0x0000a819) c.j     pc + 22
core   0: 3 0x8000078c (0xa819)
core   0: 0x800007a2 (0x00a001ef) jal     gp, pc + 0xa
core   0: 3 0x800007a2 (0x00a001ef) x3  0x800007a6
core   0: 0x800007ac (0x0000b7d5) c.j     pc - 28
core   0: 3 0x800007ac (0xb7d5)
core   0: 0x80000790 (0x00002009) c.jal   pc + 2
core   0: 3 0x80000790 (0x2009) x1  0x80000792
core   0: 0x80000792 (0x00002025) c.jal   pc + 40
core   0: 3 0x80000792 (0x2025) x1  0x80000794
core   0: 0x800007ba (0x00003ff9) c.jal   pc - 34
core   0: 3 0x800007ba (0x3ff9) x1  0x800007bc
core   0: 0x80000798 (0x004000ef) jal     pc + 0x4
core   0: 3 0x80000798 (0x004000ef) x1  0x8000079c
core   0: 0x8000079c (0x0000bfe5) c.j     pc - 8
core   0: 3 0x8000079c (0xbfe5)
core   0: 0x80000794 (0x0000a809) c.j     pc + 18
core   0: 3 0x80000794 (0xa809)
core   0: 0x800007a6 (0x0000a819) c.j     pc + 22
core   0: 3 0x800007a6 (0xa819)
core   0: 0x800007bc (0x030e4ab3) div     s5, t3, a6
core   0: 3 0x800007bc (0x030e4ab3) x21 0xffffffff
core   0: 0x800007c0 (0x01c000ef) jal     pc + 0x1c
core   0: 3 0x800007c0 (0x01c000ef) x1  0x800007c4
core   0: 0x800007dc (0x0000a029) c.j     pc + 10
core   0: 3 0x800007dc (0xa029)
core   0: 0x800007e6 (0x0000b7cd) c.j     pc - 30
core   0: 3 0x800007e6 (0xb7cd)
core   0: 0x800007c8 (0xfffff36f) jal     t1, pc - 0x2
core   0: 3 0x800007c8 (0xfffff36f) x6  0x800007cc
core   0: 0x800007c6 (0x00002829) c.jal   pc + 26
core   0: 3 0x800007c6 (0x2829) x1  0x800007c8
core   0: 0x800007e0 (0x00002021) c.jal   pc + 8
core   0: 3 0x800007e0 (0x2021) x1  0x800007e2
core   0: 0x800007e8 (0x00a001ef) jal     gp, pc + 0xa
core   0: 3 0x800007e8 (0x00a001ef) x3  0x800007ec
core   0: 0x800007f2 (0x0000bfc9) c.j     pc - 46
core   0: 3 0x800007f2 (0xbfc9)
core   0: 0x800007c4 (0x00002031) c.jal   pc + 12
core   0: 3 0x800007c4 (0x2031) x1  0x800007c6
core   0: 0x800007d0 (0x00e002ef) jal     t0, pc + 0xe
core   0: 3 0x800007d0 (0x00e002ef) x5  0x800007d4
core   0: 0x800007de (0x0000a809) c.j     pc + 18
core   0: 3 0x800007de (0xa809)
core   0: 0x800007f0 (0x0000bfcd) c.j     pc - 14
core   0: 3 0x800007f0 (0xbfcd)
core   0: 0x800007e2 (0xff7ff5ef) jal     a1, pc - 0xa
core   0: 3 0x800007e2 (0xff7ff5ef) x11 0x800007e6
core   0: 0x800007d8 (0x01c000ef) jal     pc + 0x1c
core   0: 3 0x800007d8 (0x01c000ef) x1  0x800007dc
core   0: 0x800007f4 (0x00003fe1) c.jal   pc - 40
core   0: 3 0x800007f4 (0x3fe1) x1  0x800007f6
core   0: 0x800007cc (0x020000ef) jal     pc + 0x20
core   0: 3 0x800007cc (0x020000ef) x1  0x800007d0
core   0: 0x800007ec (0xfe9ff0ef) jal     pc - 0x18
core   0: 3 0x800007ec (0xfe9ff0ef) x1  0x800007f0
core   0: 0x800007d4 (0x022000ef) jal     pc + 0x22
core   0: 3 0x800007d4 (0x022000ef) x1  0x800007d8
core   0: 0x800007f6 (0x000054fd) c.li    s1, -1
core   0: 3 0x800007f6 (0x54fd) x9  0xffffffff
core   0: 0x800007f8 (0x00020117) auipc   sp, 0x20
core   0: 3 0x800007f8 (0x00020117) x2  0x800207f8
core   0: 0x800007fc (0x43d10113) addi    sp, sp, 1085
core   0: 3 0x800007fc (0x43d10113) x2  0x80020c35
core   0: 0x80000800 (0xfe115503) lhu     a0, -31(sp)
core   0: 3 0x80000800 (0xfe115503) x10 0x00004a9c mem 0x80020c16
core   0: 0x80000804 (0xfce116a3) sh      a4, -51(sp)
core   0: 3 0x80000804 (0xfce116a3) mem 0x80020c02 0x00a4
core   0: 0x80000808 (0xfc214503) lbu     a0, -62(sp)
core   0: 3 0x80000808 (0xfc214503) x10 0x000000ad mem 0x80020bf7
core   0: 0x8000080c (0x5a5513b7) lui     t2, 0x5a551
core   0: 3 0x8000080c (0x5a5513b7) x7  0x5a551000
core   0: 0x80000810 (0x02c64733) div     a4, a2, a2
core   0: 3 0x80000810 (0x02c64733) x14 0xffffffff
core   0: 0x80000814 (0x01e3d613) srli    a2, t2, 30
core   0: 3 0x80000814 (0x01e3d613) x12 0x00000001
core   0: 0x80000818 (0x00008e11) c.sub   a2, a2
core   0: 3 0x80000818 (0x8e11) x12 0x00000000
core   0: 0x8000081a (0x02c11ca3) sh      a2, 57(sp)
core   0: 3 0x8000081a (0x02c11ca3) mem 0x80020c6e 0x0000
core   0: 0x8000081e (0x00a10923) sb      a0, 18(sp)
core   0: 3 0x8000081e (0x00a10923) mem 0x80020c47 0xad
core   0: 0x80000822 (0x02f10f23) sb      a5, 62(sp)
core   0: 3 0x80000822 (0x02f10f23) mem 0x80020c73 0xff
core   0: 0x80000826 (0x2d73a393) slti    t2, t2, 727
core   0: 3 0x80000826 (0x2d73a393) x7  0x00000000
core   0: 0x8000082a (0xfea10323) sb      a0, -26(sp)
core   0: 3 0x8000082a (0xfea10323) mem 0x80020c1b 0xad
core   0: 0x8000082e (0x00915603) lhu     a2, 9(sp)
core   0: 3 0x8000082e (0x00915603) x12 0x0000f1cb mem 0x80020c3e
core   0: 0x80000832 (0x00008d7d) c.and   a0, a5
core   0: 3 0x80000832 (0x8d7d) x10 0x000000ad
core   0: 0x80000834 (0x7fe1c637) lui     a2, 0x7fe1c
core   0: 3 0x80000834 (0x7fe1c637) x12 0x7fe1c000
core   0: 0x80000838 (0x07753313) sltiu   t1, a0, 119
core   0: 3 0x80000838 (0x07753313) x6  0x00000000
core   0: 0x8000083c (0xfec11ca3) sh      a2, -7(sp)
core   0: 3 0x8000083c (0xfec11ca3) mem 0x80020c2e 0xc000
core   0: 0x80000840 (0x02a7c533) div     a0, a5, a0
core   0: 3 0x80000840 (0x02a7c533) x10 0x005eb488
core   0: 0x80000844 (0xff810603) lb      a2, -8(sp)
core   0: 3 0x80000844 (0xff810603) x12 0xffffff91 mem 0x80020c2d
core   0: 0x80000848 (0xe8c3a713) slti    a4, t2, -372
core   0: 3 0x80000848 (0xe8c3a713) x14 0x00000000
core   0: 0x8000084c (0xfd814383) lbu     t2, -40(sp)
core   0: 3 0x8000084c (0xfd814383) x7  0x00000046 mem 0x80020c0d
core   0: 0x80000850 (0x00610603) lb      a2, 6(sp)
core   0: 3 0x80000850 (0x00610603) x12 0x00000049 mem 0x80020c3b
core   0: 0x80000854 (0x000083ad) c.srli  a5, 11
core   0: 3 0x80000854 (0x83ad) x15 0x0007ffff
core   0: 0x80000856 (0x1f662613) slti    a2, a2, 502
core   0: 3 0x80000856 (0x1f662613) x12 0x00000001
core   0: 0x8000085a (0x026503b3) mul     t2, a0, t1
core   0: 3 0x8000085a (0x026503b3) x7  0x00000000
core   0: 0x8000085e (0x03310703) lb      a4, 51(sp)
core   0: 3 0x8000085e (0x03310703) x14 0x00000060 mem 0x80020c68
core   0: 0x80000862 (0x40e3d3b3) sra     t2, t2, a4
core   0: 3 0x80000862 (0x40e3d3b3) x7  0x00000000
core   0: 0x80000866 (0x00008f89) c.sub   a5, a0
core   0: 3 0x80000866 (0x8f89) x15 0xffa94b77
core   0: 0x80000868 (0x03710383) lb      t2, 55(sp)
core   0: 3 0x80000868 (0x03710383) x7  0x00000040 mem 0x80020c6c
core   0: 0x8000086c (0x00c3a733) slt     a4, t2, a2
core   0: 3 0x8000086c (0x00c3a733) x14 0x00000000
core   0: 0x80000870 (0xdfa7c393) xori    t2, a5, -518
core   0: 3 0x80000870 (0xdfa7c393) x7  0x0056b68d
core   0: 0x80000874 (0x00310383) lb      t2, 3(sp)
core   0: 3 0x80000874 (0x00310383) x7  0x00000039 mem 0x80020c38
core   0: 0x80000878 (0x00114383) lbu     t2, 1(sp)
core   0: 3 0x80000878 (0x00114383) x7  0x000000fc mem 0x80020c36
core   0: 0x8000087c (0xfcf100a3) sb      a5, -63(sp)
core   0: 3 0x8000087c (0xfcf100a3) mem 0x80020bf6 0x77
core   0: 0x80000880 (0x2d156513) ori     a0, a0, 721
core   0: 3 0x80000880 (0x2d156513) x10 0x005eb6d9
core   0: 0x80000884 (0x027111a3) sh      t2, 35(sp)
core   0: 3 0x80000884 (0x027111a3) mem 0x80020c58 0x00fc
core   0: 0x80000888 (0x00008d79) c.and   a0, a4
core   0: 3 0x80000888 (0x8d79) x10 0x00000000
core   0: 0x8000088a (0x00008205) c.srli  a2, 1
core   0: 3 0x8000088a (0x8205) x12 0x00000000
core   0: 0x8000088c (0x02f51733) mulh    a4, a0, a5
core   0: 3 0x8000088c (0x02f51733) x14 0x00000000
core   0: 0x80000890 (0xfeb12503) lw      a0, -21(sp)
core   0: 3 0x80000890 (0xfeb12503) x10 0x22c47ecb mem 0x80020c20
core   0: 0x80000894 (0x00006511) c.lui   a0, 0x4
core   0: 3 0x80000894 (0x6511) x10 0x00004000
core   0: 0x80000896 (0x01a10303) lb      t1, 26(sp)
core   0: 3 0x80000896 (0x01a10303) x6  0x00000065 mem 0x80020c4f
core   0: 0x8000089a (0x000093ba) c.add   t2, a4
core   0: 3 0x8000089a (0x93ba) x7  0x000000fc
core   0: 0x8000089c (0x02c36533) rem     a0, t1, a2
core   0: 3 0x8000089c (0x02c36533) x10 0x00000065
core   0: 0x800008a0 (0xf8164513) xori    a0, a2, -127
core   0: 3 0x800008a0 (0xf8164513) x10 0xffffff81
core   0: 0x800008a4 (0xff014603) lbu     a2, -16(sp)
core   0: 3 0x800008a4 (0xff014603) x12 0x0000007d mem 0x80020c25
core   0: 0x800008a8 (0x00008fdd) c.or    a5, a5
core   0: 3 0x800008a8 (0x8fdd) x15 0xffa94b77
core   0: 0x800008aa (0x00008e19) c.sub   a2, a4
core   0: 3 0x800008aa (0x8e19) x12 0x0000007d
core   0: 0x800008ac (0xff911603) lh      a2, -7(sp)
core   0: 3 0x800008ac (0xff911603) x12 0xffffc000 mem 0x80020c2e
core   0: 0x800008b0 (0x00016497) auipc   s1, 0x16
core   0: 3 0x800008b0 (0x00016497) x9  0x800168b0
core   0: 0x800008b4 (0x67448493) addi    s1, s1, 1652
core   0: 3 0x800008b4 (0x67448493) x9  0x80016f24
core   0: 0x800008b8 (0xf9148003) lb      zero, -111(s1)
core   0: 3 0x800008b8 (0xf9148003) mem 0x80016eb5
core   0: 0x800008bc (0x00c4d583) lhu     a1, 12(s1)
core   0: 3 0x800008bc (0x00c4d583) x11 0x0000e37e mem 0x80016f30
core   0: 0x800008c0 (0xf4a48aa3) sb      a0, -171(s1)
core   0: 3 0x800008c0 (0xf4a48aa3) mem 0x80016e79 0x81
core   0: 0x800008c4 (0x00008531) c.srai  a0, 12
core   0: 3 0x800008c4 (0x8531) x10 0xffffffff
core   0: 0x800008c6 (0x00008f6d) c.and   a4, a1
core   0: 3 0x800008c6 (0x8f6d) x14 0x00000000
core   0: 0x800008c8 (0xf8849d03) lh      s10, -120(s1)
core   0: 3 0x800008c8 (0xf8849d03) x26 0xffffb6ee mem 0x80016eac
core   0: 0x800008cc (0xf074c003) lbu     zero, -249(s1)
core   0: 3 0x800008cc (0xf074c003) mem 0x80016e2b
core   0: 0x800008d0 (0x00008d59) c.or    a0, a4
core   0: 3 0x800008d0 (0x8d59) x10 0xffffffff
core   0: 0x800008d2 (0xf2248d03) lb      s10, -222(s1)
core   0: 3 0x800008d2 (0xf2248d03) x26 0x00000032 mem 0x80016e46
core   0: 0x800008d6 (0x0000c8cc) c.sw    a1, 20(s1)
core   0: 3 0x800008d6 (0xc8cc) mem 0x80016f38 0x0000e37e
core   0: 0x800008d8 (0x0000876a) c.mv    a4, s10
core   0: 3 0x800008d8 (0x876a) x14 0x00000032
core   0: 0x800008da (0x00008f79) c.and   a4, a4
core   0: 3 0x800008da (0x8f79) x14 0x00000032
core   0: 0x800008dc (0xf8148d03) lb      s10, -127(s1)
core   0: 3 0x800008dc (0xf8148d03) x26 0x0000004e mem 0x80016ea5
core   0: 0x800008e0 (0x00e49f23) sh      a4, 30(s1)
core   0: 3 0x800008e0 (0x00e49f23) mem 0x80016f42 0x0032
core   0: 0x800008e4 (0x0f94c003) lbu     zero, 249(s1)
core   0: 3 0x800008e4 (0x0f94c003) mem 0x8001701d
core   0: 0x800008e8 (0x0f04a503) lw      a0, 240(s1)
core   0: 3 0x800008e8 (0x0f04a503) x10 0x827d7437 mem 0x80017014
core   0: 0x800008ec (0x02a59d33) mulh    s10, a1, a0
core   0: 3 0x800008ec (0x02a59d33) x26 0xffff9077
core   0: 0x800008f0 (0x0e0486a3) sb      zero, 237(s1)
core   0: 3 0x800008f0 (0x0e0486a3) mem 0x80017011 0x00
core   0: 0x800008f4 (0x0b44c683) lbu     a3, 180(s1)
core   0: 3 0x800008f4 (0x0b44c683) x13 0x00000000 mem 0x80016fd8
core   0: 0x800008f8 (0xfe048623) sb      zero, -20(s1)
core   0: 3 0x800008f8 (0xfe048623) mem 0x80016f10 0x00
core   0: 0x800008fc (0x000005b3) add     a1, zero, zero
core   0: 3 0x800008fc (0x000005b3) x11 0x00000000
core   0: 0x80000900 (0x08b480a3) sb      a1, 129(s1)
core   0: 3 0x80000900 (0x08b480a3) mem 0x80016fa5 0x00
core   0: 0x80000904 (0x05d4c683) lbu     a3, 93(s1)
core   0: 3 0x80000904 (0x05d4c683) x13 0x000000dc mem 0x80016f81
core   0: 0x80000908 (0xf1a49703) lh      a4, -230(s1)
core   0: 3 0x80000908 (0xf1a49703) x14 0xffff9f33 mem 0x80016e3e
core   0: 0x8000090c (0xf5e48683) lb      a3, -162(s1)
core   0: 3 0x8000090c (0xf5e48683) x13 0xfffffff7 mem 0x80016e82
core   0: 0x80000910 (0xf014cd03) lbu     s10, -255(s1)
core   0: 3 0x80000910 (0xf014cd03) x26 0x000000d1 mem 0x80016e25
core   0: 0x80000914 (0x49254713) xori    a4, a0, 1170
core   0: 3 0x80000914 (0x49254713) x14 0x827d70a5
core   0: 0x80000918 (0xfcb48ba3) sb      a1, -41(s1)
core   0: 3 0x80000918 (0xfcb48ba3) mem 0x80016efb 0x00
core   0: 0x8000091c (0xf3a48a23) sb      s10, -204(s1)
core   0: 3 0x8000091c (0xf3a48a23) mem 0x80016e58 0xd1
core   0: 0x80000920 (0x01a6c733) xor     a4, a3, s10
core   0: 3 0x80000920 (0x01a6c733) x14 0xffffff26
core   0: 0x80000924 (0x0f948683) lb      a3, 249(s1)
core   0: 3 0x80000924 (0x0f948683) x13 0xffffff85 mem 0x8001701d
core   0: 0x80000928 (0x07948703) lb      a4, 121(s1)
core   0: 3 0x80000928 (0x07948703) x14 0xffffffe9 mem 0x80016f9d
core   0: 0x8000092c (0x00c01513) slli    a0, zero, 12
core   0: 3 0x8000092c (0x00c01513) x10 0x00000000
core   0: 0x80000930 (0xf9b48583) lb      a1, -101(s1)
core   0: 3 0x80000930 (0xf9b48583) x11 0xfffffff7 mem 0x80016ebf
core   0: 0x80000934 (0x02a76033) rem     zero, a4, a0
core   0: 3 0x80000934 (0x02a76033)
core   0: 0x80000938 (0xf534c683) lbu     a3, -173(s1)
core   0: 3 0x80000938 (0xf534c683) x13 0x000000fa mem 0x80016e77
core   0: 0x8000093c (0x0d148003) lb      zero, 209(s1)
core   0: 3 0x8000093c (0x0d148003) mem 0x80016ff5
core   0: 0x80000940 (0x00905713) srli    a4, zero, 9
core   0: 3 0x80000940 (0x00905713) x14 0x00000000
core   0: 0x80000944 (0x000085b9) c.srai  a1, 14
core   0: 3 0x80000944 (0x85b9) x11 0xffffffff
core   0: 0x80000946 (0x08d48aa3) sb      a3, 149(s1)
core   0: 3 0x80000946 (0x08d48aa3) mem 0x80016fb9 0xfa
core   0: 0x8000094a (0x0a610037) lui     zero, 0xa610
core   0: 3 0x8000094a (0x0a610037)
core   0: 0x8000094e (0xf4b48ca3) sb      a1, -167(s1)
core   0: 3 0x8000094e (0xf4b48ca3) mem 0x80016e7d 0xff
core   0: 0x80000952 (0x06b48703) lb      a4, 107(s1)
core   0: 3 0x80000952 (0x06b48703) x14 0x0000003f mem 0x80016f8f
core   0: 0x80000956 (0x01e000ef) jal     pc + 0x1e
core   0: 3 0x80000956 (0x01e000ef) x1  0x8000095a
core   0: 0x80000974 (0x00003ffd) c.jal   pc - 2
core   0: 3 0x80000974 (0x3ffd) x1  0x80000976
core   0: 0x80000972 (0x0000bfdd) c.j     pc - 10
core   0: 3 0x80000972 (0xbfdd)
core   0: 0x80000968 (0x0000a039) c.j     pc + 14
core   0: 3 0x80000968 (0xa039)
core   0: 0x80000976 (0xfefffaef) jal     s5, pc - 0x12
core   0: 3 0x80000976 (0xfefffaef) x21 0x8000097a
core   0: 0x80000964 (0x0000bfe5) c.j     pc - 8
core   0: 3 0x80000964 (0xbfe5)
core   0: 0x8000095c (0x022000ef) jal     pc + 0x22
core   0: 3 0x8000095c (0x022000ef) x1  0x80000960
core   0: 0x8000097e (0x00003ff5) c.jal   pc - 4
core   0: 3 0x8000097e (0x3ff5) x1  0x80000980
core   0: 0x8000097a (0xfe9ff0ef) jal     pc - 0x18
core   0: 3 0x8000097a (0xfe9ff0ef) x1  0x8000097e
core   0: 0x80000962 (0x0000a021) c.j     pc + 8
core   0: 3 0x80000962 (0xa021)
core   0: 0x8000096a (0x006008ef) jal     a7, pc + 0x6
core   0: 3 0x8000096a (0x006008ef) x17 0x8000096e
core   0: 0x80000970 (0x000037ed) c.jal   pc - 22
core   0: 3 0x80000970 (0x37ed) x1  0x80000972
core   0: 0x8000095a (0x0000a811) c.j     pc + 20
core   0: 3 0x8000095a (0xa811)
core   0: 0x8000096e (0x00003fcd) c.jal   pc - 14
core   0: 3 0x8000096e (0x3fcd) x1  0x80000970
core   0: 0x80000960 (0x0000a019) c.j     pc + 6
core   0: 3 0x80000960 (0xa019)
core   0: 0x80000966 (0x0000a829) c.j     pc + 26
core   0: 3 0x80000966 (0xa829)
core   0: 0x80000980 (0xc7157713) andi    a4, a0, -911
core   0: 3 0x80000980 (0xc7157713) x14 0x00000000
core   0: 0x80000984 (0x00004e11) c.li    t3, 4
core   0: 3 0x80000984 (0x4e11) x28 0x00000004
core   0: 0x80000986 (0xfc25f293) andi    t0, a1, -62
core   0: 3 0x80000986 (0xfc25f293) x5  0xffffffc2
core   0: 0x8000098a (0x400a59b3) sra     s3, s4, zero
core   0: 3 0x8000098a (0x400a59b3) x19 0x00000058
core   0: 0x8000098e (0x04a5c093) xori    ra, a1, 74
core   0: 3 0x8000098e (0x04a5c093) x1  0xffffffb5
core   0: 0x80000992 (0x00004cc5) c.li    s9, 17
core   0: 3 0x80000992 (0x4cc5) x25 0x00000011
core   0: 0x80000994 (0x00000001) c.nop
core   0: 3 0x80000994 (0x0001)
core   0: 0x80000996 (0x00008e09) c.sub   a2, a0
core   0: 3 0x80000996 (0x8e09) x12 0xffffc000
core   0: 0x80000998 (0x0385f2b3) remu    t0, a1, s8
core   0: 3 0x80000998 (0x0385f2b3) x5  0x7ffda15b
core   0: 0x8000099c (0x00000e29) c.addi  t3, 10
core   0: 3 0x8000099c (0x0e29) x28 0x0000000e
core   0: 0x8000099e (0x00001f7d) c.addi  t5, -1
core   0: 3 0x8000099e (0x1f7d) x30 0xffffffff
core   0: 0x800009a0 (0x00dd2ab3) slt     s5, s10, a3
core   0: 3 0x800009a0 (0x00dd2ab3) x21 0x00000001
core   0: 0x800009a4 (0x00005bdd) c.li    s7, -9
core   0: 3 0x800009a4 (0x5bdd) x23 0xfffffff7
core   0: 0x800009a6 (0x0067c8b3) xor     a7, a5, t1
core   0: 3 0x800009a6 (0x0067c8b3) x17 0xffa94b12
core   0: 0x800009aa (0x003f26b3) slt     a3, t5, gp
core   0: 3 0x800009aa (0x003f26b3) x13 0x00000000
core   0: 0x800009ae (0x000047bd) c.li    a5, 15
core   0: 3 0x800009ae (0x47bd) x15 0x0000000f
core   0: 0x800009b0 (0x4a0cb693) sltiu   a3, s9, 1184
core   0: 3 0x800009b0 (0x4a0cb693) x13 0x00000001
core   0: 0x800009b4 (0x03f16d33) rem     s10, sp, t6
core   0: 3 0x800009b4 (0x03f16d33) x26 0xffff6f11
core   0: 0x800009b8 (0x000018fd) c.addi  a7, -1
core   0: 3 0x800009b8 (0x18fd) x17 0xffa94b11
core   0: 0x800009ba (0x00008c51) c.or    s0, a2
core   0: 3 0x800009ba (0x8c51) x8  0xffffc001
core   0: 0x800009bc (0x02fee733) rem     a4, t4, a5
core   0: 3 0x800009bc (0x02fee733) x14 0x00000008
core   0: 0x800009c0 (0x00000ba1) c.addi  s7, 8
core   0: 3 0x800009c0 (0x0ba1) x23 0xffffffff
core   0: 0x800009c2 (0xfefb9ce3) bne     s7, a5, pc - 8
core   0: 3 0x800009c2 (0xfefb9ce3)
core   0: 0x800009ba (0x00008c51) c.or    s0, a2
core   0: 3 0x800009ba (0x8c51) x8  0xffffc001
core   0: 0x800009bc (0x02fee733) rem     a4, t4, a5
core   0: 3 0x800009bc (0x02fee733) x14 0x00000008
core   0: 0x800009c0 (0x00000ba1) c.addi  s7, 8
core   0: 3 0x800009c0 (0x0ba1) x23 0x00000007
core   0: 0x800009c2 (0xfefb9ce3) bne     s7, a5, pc - 8
core   0: 3 0x800009c2 (0xfefb9ce3)
core   0: 0x800009ba (0x00008c51) c.or    s0, a2
core   0: 3 0x800009ba (0x8c51) x8  0xffffc001
core   0: 0x800009bc (0x02fee733) rem     a4, t4, a5
core   0: 3 0x800009bc (0x02fee733) x14 0x00000008
core   0: 0x800009c0 (0x00000ba1) c.addi  s7, 8
core   0: 3 0x800009c0 (0x0ba1) x23 0x0000000f
core   0: 0x800009c2 (0xfefb9ce3) bne     s7, a5, pc - 8
core   0: 3 0x800009c2 (0xfefb9ce3)
core   0: 0x800009c6 (0x01c620b3) slt     ra, a2, t3
core   0: 3 0x800009c6 (0x01c620b3) x1  0x00000001
core   0: 0x800009ca (0x00000001) c.nop
core   0: 3 0x800009ca (0x0001)
core   0: 0x800009cc (0xe75da613) slti    a2, s11, -395
core   0: 3 0x800009cc (0xe75da613) x12 0x00000001
core   0: 0x800009d0 (0xfd9e63e3) bltu    t3, s9, pc - 58
core   0: 3 0x800009d0 (0xfd9e63e3)
core   0: 0x80000996 (0x00008e09) c.sub   a2, a0
core   0: 3 0x80000996 (0x8e09) x12 0x00000001
core   0: 0x80000998 (0x0385f2b3) remu    t0, a1, s8
core   0: 3 0x80000998 (0x0385f2b3) x5  0x7ffda15b
core   0: 0x8000099c (0x00000e29) c.addi  t3, 10
core   0: 3 0x8000099c (0x0e29) x28 0x00000018
core   0: 0x8000099e (0x00001f7d) c.addi  t5, -1
core   0: 3 0x8000099e (0x1f7d) x30 0xfffffffe
core   0: 0x800009a0 (0x00dd2ab3) slt     s5, s10, a3
core   0: 3 0x800009a0 (0x00dd2ab3) x21 0x00000001
core   0: 0x800009a4 (0x00005bdd) c.li    s7, -9
core   0: 3 0x800009a4 (0x5bdd) x23 0xfffffff7
core   0: 0x800009a6 (0x0067c8b3) xor     a7, a5, t1
core   0: 3 0x800009a6 (0x0067c8b3) x17 0x0000006a
core   0: 0x800009aa (0x003f26b3) slt     a3, t5, gp
core   0: 3 0x800009aa (0x003f26b3) x13 0x00000000
core   0: 0x800009ae (0x000047bd) c.li    a5, 15
core   0: 3 0x800009ae (0x47bd) x15 0x0000000f
core   0: 0x800009b0 (0x4a0cb693) sltiu   a3, s9, 1184
core   0: 3 0x800009b0 (0x4a0cb693) x13 0x00000001
core   0: 0x800009b4 (0x03f16d33) rem     s10, sp, t6
core   0: 3 0x800009b4 (0x03f16d33) x26 0xffff6f11
core   0: 0x800009b8 (0x000018fd) c.addi  a7, -1
core   0: 3 0x800009b8 (0x18fd) x17 0x00000069
core   0: 0x800009ba (0x00008c51) c.or    s0, a2
core   0: 3 0x800009ba (0x8c51) x8  0xffffc001
core   0: 0x800009bc (0x02fee733) rem     a4, t4, a5
core   0: 3 0x800009bc (0x02fee733) x14 0x00000008
core   0: 0x800009c0 (0x00000ba1) c.addi  s7, 8
core   0: 3 0x800009c0 (0x0ba1) x23 0xffffffff
core   0: 0x800009c2 (0xfefb9ce3) bne     s7, a5, pc - 8
core   0: 3 0x800009c2 (0xfefb9ce3)
core   0: 0x800009ba (0x00008c51) c.or    s0, a2
core   0: 3 0x800009ba (0x8c51) x8  0xffffc001
core   0: 0x800009bc (0x02fee733) rem     a4, t4, a5
core   0: 3 0x800009bc (0x02fee733) x14 0x00000008
core   0: 0x800009c0 (0x00000ba1) c.addi  s7, 8
core   0: 3 0x800009c0 (0x0ba1) x23 0x00000007
core   0: 0x800009c2 (0xfefb9ce3) bne     s7, a5, pc - 8
core   0: 3 0x800009c2 (0xfefb9ce3)
core   0: 0x800009ba (0x00008c51) c.or    s0, a2
core   0: 3 0x800009ba (0x8c51) x8  0xffffc001
core   0: 0x800009bc (0x02fee733) rem     a4, t4, a5
core   0: 3 0x800009bc (0x02fee733) x14 0x00000008
core   0: 0x800009c0 (0x00000ba1) c.addi  s7, 8
core   0: 3 0x800009c0 (0x0ba1) x23 0x0000000f
core   0: 0x800009c2 (0xfefb9ce3) bne     s7, a5, pc - 8
core   0: 3 0x800009c2 (0xfefb9ce3)
core   0: 0x800009c6 (0x01c620b3) slt     ra, a2, t3
core   0: 3 0x800009c6 (0x01c620b3) x1  0x00000001
core   0: 0x800009ca (0x00000001) c.nop
core   0: 3 0x800009ca (0x0001)
core   0: 0x800009cc (0xe75da613) slti    a2, s11, -395
core   0: 3 0x800009cc (0xe75da613) x12 0x00000001
core   0: 0x800009d0 (0xfd9e63e3) bltu    t3, s9, pc - 58
core   0: 3 0x800009d0 (0xfd9e63e3)
core   0: 0x800009d4 (0x00008a5a) c.mv    s4, s6
core   0: 3 0x800009d4 (0x8a5a) x20 0x00000058
core   0: 0x800009d6 (0x00011a97) auipc   s5, 0x11
core   0: 3 0x800009d6 (0x00011a97) x21 0x800119d6
core   0: 0x800009da (0xe5ea8a93) addi    s5, s5, -418
core   0: 3 0x800009da (0xe5ea8a93) x21 0x80011834
core   0: 0x800009de (0x00009c96) c.add   s9, t0
core   0: 3 0x800009de (0x9c96) x25 0x7ffda16c
core   0: 0x800009e0 (0xd14a8a23) sb      s4, -748(s5)
core   0: 3 0x800009e0 (0xd14a8a23) mem 0x80011548 0x58
core   0: 0x800009e4 (0x037b8a33) mul     s4, s7, s7
core   0: 3 0x800009e4 (0x037b8a33) x20 0x000000e1
core   0: 0x800009e8 (0x959aa823) sw      s9, -1712(s5)
core   0: 3 0x800009e8 (0x959aa823) mem 0x80011184 0x7ffda16c
core   0: 0x800009ec (0x00008ded) c.and   a1, a1
core   0: 3 0x800009ec (0x8ded) x11 0xffffffff
core   0: 0x800009ee (0x537a8fa3) sb      s7, 1343(s5)
core   0: 3 0x800009ee (0x537a8fa3) mem 0x80011d73 0x0f
core   0: 0x800009f2 (0x789ac583) lbu     a1, 1929(s5)
core   0: 3 0x800009f2 (0x789ac583) x11 0x000000d2 mem 0x80011fbd
core   0: 0x800009f6 (0x0345aa33) mulhsu  s4, a1, s4
core   0: 3 0x800009f6 (0x0345aa33) x20 0x00000000
core   0: 0x800009fa (0x000089bd) c.andi  a1, 15
core   0: 3 0x800009fa (0x89bd) x11 0x00000002
core   0: 0x800009fc (0x00008dcd) c.or    a1, a1
core   0: 3 0x800009fc (0x8dcd) x11 0x00000002
core   0: 0x800009fe (0x011bf5b3) and     a1, s7, a7
core   0: 3 0x800009fe (0x011bf5b3) x11 0x00000009
core   0: 0x80000a02 (0x48c5f293) andi    t0, a1, 1164
core   0: 3 0x80000a02 (0x48c5f293) x5  0x00000008
core   0: 0x80000a06 (0x8f8a9583) lh      a1, -1800(s5)
core   0: 3 0x80000a06 (0x8f8a9583) x11 0x00001596 mem 0x8001112c
core   0: 0x80000a0a (0x00008dcd) c.or    a1, a1
core   0: 3 0x80000a0a (0x8dcd) x11 0x00001596
core   0: 0x80000a0c (0x772a9c83) lh      s9, 1906(s5)
core   0: 3 0x80000a0c (0x772a9c83) x25 0xffff80ba mem 0x80011fa6
core   0: 0x80000a10 (0x6b05f593) andi    a1, a1, 1712
core   0: 3 0x80000a10 (0x6b05f593) x11 0x00000490
core   0: 0x80000a14 (0x000081a5) c.srli  a1, 9
core   0: 3 0x80000a14 (0x81a5) x11 0x00000002
core   0: 0x80000a16 (0xdb4a89a3) sb      s4, -589(s5)
core   0: 3 0x80000a16 (0xdb4a89a3) mem 0x800115e7 0x00
core   0: 0x80000a1a (0x00009be6) c.add   s7, s9
core   0: 3 0x80000a1a (0x9be6) x23 0xffff80c9
core   0: 0x80000a1c (0x00000001) c.nop
core   0: 3 0x80000a1c (0x0001)
core   0: 0x80000a1e (0x8bbaca03) lbu     s4, -1861(s5)
core   0: 3 0x80000a1e (0x8bbaca03) x20 0x000000cf mem 0x800110ef
core   0: 0x80000a22 (0x857a8aa3) sb      s7, -1963(s5)
core   0: 3 0x80000a22 (0x857a8aa3) mem 0x80011089 0xc9
core   0: 0x80000a26 (0xe45a8f23) sb      t0, -418(s5)
core   0: 3 0x80000a26 (0xe45a8f23) mem 0x80011692 0x08
core   0: 0x80000a2a (0xb11a8223) sb      a7, -1276(s5)
core   0: 3 0x80000a2a (0xb11a8223) mem 0x80011338 0x69
core   0: 0x80000a2e (0x000002ea) c.slli  t0, 26
core   0: 3 0x80000a2e (0x02ea) x5  0x20000000
core   0: 0x80000a30 (0x000081b9) c.srli  a1, 14
core   0: 3 0x80000a30 (0x81b9) x11 0x00000000
core   0: 0x80000a32 (0xf20a9883) lh      a7, -224(s5)
core   0: 3 0x80000a32 (0xf20a9883) x17 0x00005a6f mem 0x80011754
core   0: 0x80000a36 (0xa45a9723) sh      t0, -1458(s5)
core   0: 3 0x80000a36 (0xa45a9723) mem 0x80011282 0x0000
core   0: 0x80000a3a (0x281a7b93) andi    s7, s4, 641
core   0: 3 0x80000a3a (0x281a7b93) x23 0x00000081
core   0: 0x80000a3e (0x4112dbb3) sra     s7, t0, a7
core   0: 3 0x80000a3e (0x4112dbb3) x23 0x00004000
core   0: 0x80000a42 (0x000092e6) c.add   t0, s9
core   0: 3 0x80000a42 (0x92e6) x5  0x1fff80ba
core   0: 0x80000a44 (0x00005a7d) c.li    s4, -1
core   0: 3 0x80000a44 (0x5a7d) x20 0xffffffff
core   0: 0x80000a46 (0x037ba5b3) mulhsu  a1, s7, s7
core   0: 3 0x80000a46 (0x037ba5b3) x11 0x00000000
core   0: 0x80000a4a (0x0145b5b3) sltu    a1, a1, s4
core   0: 3 0x80000a4a (0x0145b5b3) x11 0x00000001
core   0: 0x80000a4e (0x495ac583) lbu     a1, 1173(s5)
core   0: 3 0x80000a4e (0x495ac583) x11 0x00000044 mem 0x80011cc9
core   0: 0x80000a52 (0x699a9423) sh      s9, 1672(s5)
core   0: 3 0x80000a52 (0x699a9423) mem 0x80011ebc 0x80ba
core   0: 0x80000a56 (0x29aa9a03) lh      s4, 666(s5)
core   0: 3 0x80000a56 (0x29aa9a03) x20 0x00007662 mem 0x80011ace
core   0: 0x80000a5a (0xc6ba8883) lb      a7, -917(s5)
core   0: 3 0x80000a5a (0xc6ba8883) x17 0xffffffe1 mem 0x8001149f
core   0: 0x80000a5e (0x3dfa8583) lb      a1, 991(s5)
core   0: 3 0x80000a5e (0x3dfa8583) x11 0xffffffa2 mem 0x80011c13
core   0: 0x80000a62 (0xb2ba8fa3) sb      a1, -1217(s5)
core   0: 3 0x80000a62 (0xb2ba8fa3) mem 0x80011373 0xa2
core   0: 0x80000a66 (0x2eba9823) sh      a1, 752(s5)
core   0: 3 0x80000a66 (0x2eba9823) mem 0x80011b24 0xffa2
core   0: 0x80000a6a (0x341be593) ori     a1, s7, 833
core   0: 3 0x80000a6a (0x341be593) x11 0x00004341
core   0: 0x80000a6e (0x056aca03) lbu     s4, 86(s5)
core   0: 3 0x80000a6e (0x056aca03) x20 0x000000d3 mem 0x8001188a
core   0: 0x80000a72 (0x00000001) c.nop
core   0: 3 0x80000a72 (0x0001)
core   0: 0x80000a74 (0x419c85b3) sub     a1, s9, s9
core   0: 3 0x80000a74 (0x419c85b3) x11 0x00000000
core   0: 0x80000a78 (0x068a8b83) lb      s7, 104(s5)
core   0: 3 0x80000a78 (0x068a8b83) x23 0x00000037 mem 0x8001189c
core   0: 0x80000a7c (0x000005a2) c.slli  a1, 8
core   0: 3 0x80000a7c (0x05a2) x11 0x00000000
core   0: 0x80000a7e (0x9b7a89a3) sb      s7, -1613(s5)
core   0: 3 0x80000a7e (0x9b7a89a3) mem 0x800111e7 0x37
core   0: 0x80000a82 (0xd86adc83) lhu     s9, -634(s5)
core   0: 3 0x80000a82 (0xd86adc83) x25 0x0000af46 mem 0x800115ba
core   0: 0x80000a86 (0x00b295b3) sll     a1, t0, a1
core   0: 3 0x80000a86 (0x00b295b3) x11 0x1fff80ba
core   0: 0x80000a8a (0x374a8723) sb      s4, 878(s5)
core   0: 3 0x80000a8a (0x374a8723) mem 0x80011ba2 0xd3
core   0: 0x80000a8e (0xa84a9883) lh      a7, -1404(s5)
core   0: 3 0x80000a8e (0xa84a9883) x17 0x000031a6 mem 0x800112b8
core   0: 0x80000a92 (0x00008981) c.andi  a1, 0
core   0: 3 0x80000a92 (0x8981) x11 0x00000000
core   0: 0x80000a94 (0x3c5a9123) sh      t0, 962(s5)
core   0: 3 0x80000a94 (0x3c5a9123) mem 0x80011bf6 0x80ba
core   0: 0x80000a98 (0xf6ea9583) lh      a1, -146(s5)
core   0: 3 0x80000a98 (0xf6ea9583) x11 0x000054f8 mem 0x800117a2
core   0: 0x80000a9c (0x01da1293) slli    t0, s4, 29
core   0: 3 0x80000a9c (0x01da1293) x5  0x60000000
core   0: 0x80000aa0 (0x031a0cb3) mul     s9, s4, a7
core   0: 3 0x80000aa0 (0x031a0cb3) x25 0x0028ebd2
core   0: 0x80000aa4 (0xdf5ac283) lbu     t0, -523(s5)
core   0: 3 0x80000aa4 (0xdf5ac283) x5  0x00000006 mem 0x80011629
core   0: 0x80000aa8 (0x44ba87a3) sb      a1, 1103(s5)
core   0: 3 0x80000aa8 (0x44ba87a3) mem 0x80011c83 0xf8
core   0: 0x80000aac (0x00004301) c.li    t1, 0
core   0: 3 0x80000aac (0x4301) x6  0x00000000
core   0: 0x80000aae (0x010c82b3) add     t0, s9, a6
core   0: 3 0x80000aae (0x010c82b3) x5  0x0028ebd2
core   0: 0x80000ab2 (0x015948b3) xor     a7, s2, s5
core   0: 3 0x80000ab2 (0x015948b3) x17 0x80011a08
core   0: 0x80000ab6 (0x00005875) c.li    a6, -3
core   0: 3 0x80000ab6 (0x5875) x16 0xfffffffd
core   0: 0x80000ab8 (0x00001b7d) c.addi  s6, -1
core   0: 3 0x80000ab8 (0x1b7d) x22 0x00000057
core   0: 0x80000aba (0x001546b3) xor     a3, a0, ra
core   0: 3 0x80000aba (0x001546b3) x13 0x00000001
core   0: 0x80000abe (0x01715d13) srli    s10, sp, 23
core   0: 3 0x80000abe (0x01715d13) x26 0x00000100
core   0: 0x80000ac2 (0x007fa233) slt     tp, t6, t2
core   0: 3 0x80000ac2 (0x007fa233) x4  0x00000001
core   0: 0x80000ac6 (0x00001375) c.addi  t1, -3
core   0: 3 0x80000ac6 (0x1375) x6  0xfffffffd
core   0: 0x80000ac8 (0x03ac80b3) mul     ra, s9, s10
core   0: 3 0x80000ac8 (0x03ac80b3) x1  0x28ebd200
core   0: 0x80000acc (0x03d57e33) remu    t3, a0, t4
core   0: 3 0x80000acc (0x03d57e33) x28 0x00000000
core   0: 0x80000ad0 (0x00008e85) c.sub   a3, s1
core   0: 3 0x80000ad0 (0x8e85) x13 0x7ffe90dd
core   0: 0x80000ad2 (0x016b99b3) sll     s3, s7, s6
core   0: 3 0x80000ad2 (0x016b99b3) x19 0x1b800000
core   0: 0x80000ad6 (0xff0312e3) bne     t1, a6, pc - 28
core   0: 3 0x80000ad6 (0xff0312e3)
core   0: 0x80000ada (0x0021f133) and     sp, gp, sp
core   0: 3 0x80000ada (0x0021f133) x2  0x80000424
core   0: 0x80000ade (0x00004aa5) c.li    s5, 9
core   0: 3 0x80000ade (0x4aa5) x21 0x00000009
core   0: 0x80000ae0 (0x40b955b3) sra     a1, s2, a1
core   0: 3 0x80000ae0 (0x40b955b3) x11 0x00000000
core   0: 0x80000ae4 (0x50a03013) sltiu   zero, zero, 1290
core   0: 3 0x80000ae4 (0x50a03013)
core   0: 0x80000ae8 (0x0000468d) c.li    a3, 3
core   0: 3 0x80000ae8 (0x468d) x13 0x00000003
core   0: 0x80000aea (0x179b3293) sltiu   t0, s6, 377
core   0: 3 0x80000aea (0x179b3293) x5  0x00000001
core   0: 0x80000aee (0x003032b3) snez    t0, gp
core   0: 3 0x80000aee (0x003032b3) x5  0x00000001
core   0: 0x80000af2 (0x025b2933) mulhsu  s2, s6, t0
core   0: 3 0x80000af2 (0x025b2933) x18 0x00000000
core   0: 0x80000af6 (0x00008235) c.srli  a2, 13
core   0: 3 0x80000af6 (0x8235) x12 0x00000000
core   0: 0x80000af8 (0x00001ae9) c.addi  s5, -6
core   0: 3 0x80000af8 (0x1ae9) x21 0x00000003
core   0: 0x80000afa (0x000054e9) c.li    s1, -6
core   0: 3 0x80000afa (0x54e9) x9  0xfffffffa
core   0: 0x80000afc (0x0093e633) or      a2, t2, s1
core   0: 3 0x80000afc (0x0093e633) x12 0xfffffffe
core   0: 0x80000b00 (0x00004db1) c.li    s11, 12
core   0: 3 0x80000b00 (0x4db1) x27 0x0000000c
core   0: 0x80000b02 (0xf0864793) xori    a5, a2, -248
core   0: 3 0x80000b02 (0xf0864793) x15 0x000000f6
core   0: 0x80000b06 (0x00326333) or      t1, tp, gp
core   0: 3 0x80000b06 (0x00326333) x6  0x800007ed
core   0: 0x80000b0a (0x03e85f33) divu    t5, a6, t5
core   0: 3 0x80000b0a (0x03e85f33) x30 0x00000000
core   0: 0x80000b0e (0x01fc1993) slli    s3, s8, 31
core   0: 3 0x80000b0e (0x01fc1993) x19 0x00000000
core   0: 0x80000b12 (0x02450433) mul     s0, a0, tp
core   0: 3 0x80000b12 (0x02450433) x8  0x00000000
core   0: 0x80000b16 (0x0000048d) c.addi  s1, 3
core   0: 3 0x80000b16 (0x048d) x9  0xfffffffd
core   0: 0x80000b18 (0x41eed633) sra     a2, t4, t5
core   0: 3 0x80000b18 (0x41eed633) x12 0x00000008
core   0: 0x80000b1c (0x000099f2) c.add   s3, t3
core   0: 3 0x80000b1c (0x99f2) x19 0x00000000
core   0: 0x80000b1e (0x0000717d) c.addi16sp sp, -16
core   0: 3 0x80000b1e (0x717d) x2  0x80000414
core   0: 0x80000b20 (0x0000028c) c.addi4spn a1, sp, 320
core   0: 3 0x80000b20 (0x028c) x11 0x80000554
core   0: 0x80000b22 (0xffb4e0e3) bltu    s1, s11, pc - 32
core   0: 3 0x80000b22 (0xffb4e0e3)
core   0: 0x80000b26 (0x00001c8c) c.addi4spn a1, sp, 624
core   0: 3 0x80000b26 (0x1c8c) x11 0x80000684
core   0: 0x80000b28 (0x0000823d) c.srli  a2, 15
core   0: 3 0x80000b28 (0x823d) x12 0x00000000
core   0: 0x80000b2a (0x01584533) xor     a0, a6, s5
core   0: 3 0x80000b2a (0x01584533) x10 0xfffffffe
core   0: 0x80000b2e (0x00fedb13) srli    s6, t4, 15
core   0: 3 0x80000b2e (0x00fedb13) x22 0x00000000
core   0: 0x80000b32 (0x12bb7417) auipc   s0, 0x12bb7
core   0: 3 0x80000b32 (0x12bb7417) x8  0x92bb7b32
core   0: 0x80000b36 (0x010b1e13) slli    t3, s6, 16
core   0: 3 0x80000b36 (0x010b1e13) x28 0x00000000
core   0: 0x80000b3a (0xfada8ce3) beq     s5, a3, pc - 72
core   0: 3 0x80000b3a (0xfada8ce3)
core   0: 0x80000af2 (0x025b2933) mulhsu  s2, s6, t0
core   0: 3 0x80000af2 (0x025b2933) x18 0x00000000
core   0: 0x80000af6 (0x00008235) c.srli  a2, 13
core   0: 3 0x80000af6 (0x8235) x12 0x00000000
core   0: 0x80000af8 (0x00001ae9) c.addi  s5, -6
core   0: 3 0x80000af8 (0x1ae9) x21 0xfffffffd
core   0: 0x80000afa (0x000054e9) c.li    s1, -6
core   0: 3 0x80000afa (0x54e9) x9  0xfffffffa
core   0: 0x80000afc (0x0093e633) or      a2, t2, s1
core   0: 3 0x80000afc (0x0093e633) x12 0xfffffffe
core   0: 0x80000b00 (0x00004db1) c.li    s11, 12
core   0: 3 0x80000b00 (0x4db1) x27 0x0000000c
core   0: 0x80000b02 (0xf0864793) xori    a5, a2, -248
core   0: 3 0x80000b02 (0xf0864793) x15 0x000000f6
core   0: 0x80000b06 (0x00326333) or      t1, tp, gp
core   0: 3 0x80000b06 (0x00326333) x6  0x800007ed
core   0: 0x80000b0a (0x03e85f33) divu    t5, a6, t5
core   0: 3 0x80000b0a (0x03e85f33) x30 0xffffffff
core   0: 0x80000b0e (0x01fc1993) slli    s3, s8, 31
core   0: 3 0x80000b0e (0x01fc1993) x19 0x00000000
core   0: 0x80000b12 (0x02450433) mul     s0, a0, tp
core   0: 3 0x80000b12 (0x02450433) x8  0xfffffffe
core   0: 0x80000b16 (0x0000048d) c.addi  s1, 3
core   0: 3 0x80000b16 (0x048d) x9  0xfffffffd
core   0: 0x80000b18 (0x41eed633) sra     a2, t4, t5
core   0: 3 0x80000b18 (0x41eed633) x12 0x00000000
core   0: 0x80000b1c (0x000099f2) c.add   s3, t3
core   0: 3 0x80000b1c (0x99f2) x19 0x00000000
core   0: 0x80000b1e (0x0000717d) c.addi16sp sp, -16
core   0: 3 0x80000b1e (0x717d) x2  0x80000404
core   0: 0x80000b20 (0x0000028c) c.addi4spn a1, sp, 320
core   0: 3 0x80000b20 (0x028c) x11 0x80000544
core   0: 0x80000b22 (0xffb4e0e3) bltu    s1, s11, pc - 32
core   0: 3 0x80000b22 (0xffb4e0e3)
core   0: 0x80000b26 (0x00001c8c) c.addi4spn a1, sp, 624
core   0: 3 0x80000b26 (0x1c8c) x11 0x80000674
core   0: 0x80000b28 (0x0000823d) c.srli  a2, 15
core   0: 3 0x80000b28 (0x823d) x12 0x00000000
core   0: 0x80000b2a (0x01584533) xor     a0, a6, s5
core   0: 3 0x80000b2a (0x01584533) x10 0x00000000
core   0: 0x80000b2e (0x00fedb13) srli    s6, t4, 15
core   0: 3 0x80000b2e (0x00fedb13) x22 0x00000000
core   0: 0x80000b32 (0x12bb7417) auipc   s0, 0x12bb7
core   0: 3 0x80000b32 (0x12bb7417) x8  0x92bb7b32
core   0: 0x80000b36 (0x010b1e13) slli    t3, s6, 16
core   0: 3 0x80000b36 (0x010b1e13) x28 0x00000000
core   0: 0x80000b3a (0xfada8ce3) beq     s5, a3, pc - 72
core   0: 3 0x80000b3a (0xfada8ce3)
core   0: 0x80000b3e (0x022067b3) rem     a5, zero, sp
core   0: 3 0x80000b3e (0x022067b3) x15 0x00000000
core   0: 0x80000b42 (0x00010497) auipc   s1, 0x10
core   0: 3 0x80000b42 (0x00010497) x9  0x80010b42
core   0: 0x80000b46 (0x19848493) addi    s1, s1, 408
core   0: 3 0x80000b46 (0x19848493) x9  0x80010cda
core   0: 0x80000b4a (0x0b649083) lh      ra, 182(s1)
core   0: 3 0x80000b4a (0x0b649083) x1  0xffffa3a9 mem 0x80010d90
core   0: 0x80000b4e (0x05848da3) sb      s8, 91(s1)
core   0: 3 0x80000b4e (0x05848da3) mem 0x80010d35 0xa4
core   0: 0x80000b52 (0x0aa48283) lb      t0, 170(s1)
core   0: 3 0x80000b52 (0x0aa48283) x5  0x0000006d mem 0x80010d84
core   0: 0x80000b56 (0x01bc7833) and     a6, s8, s11
core   0: 3 0x80000b56 (0x01bc7833) x16 0x00000004
core   0: 0x80000b5a (0xf9d48503) lb      a0, -99(s1)
core   0: 3 0x80000b5a (0xf9d48503) x10 0x0000002d mem 0x80010c77
core   0: 0x80000b5e (0x000002d2) c.slli  t0, 20
core   0: 3 0x80000b5e (0x02d2) x5  0x06d00000
core   0: 0x80000b60 (0x00001afd) c.addi  s5, -1
core   0: 3 0x80000b60 (0x1afd) x21 0xfffffffc
core   0: 0x80000b62 (0x04448583) lb      a1, 68(s1)
core   0: 3 0x80000b62 (0x04448583) x11 0xffffffe1 mem 0x80010d1e
core   0: 0x80000b66 (0x00109533) sll     a0, ra, ra
core   0: 3 0x80000b66 (0x00109533) x10 0xff475200
core   0: 0x80000b6a (0x0000951e) c.add   a0, t2
core   0: 3 0x80000b6a (0x951e) x10 0xff4752fc
core   0: 0x80000b6c (0x0904da03) lhu     s4, 144(s1)
core   0: 3 0x80000b6c (0x0904da03) x20 0x00007bd9 mem 0x80010d6a
core   0: 0x80000b70 (0x00008c3d) c.xor   s0, a5
core   0: 3 0x80000b70 (0x8c3d) x8  0x92bb7b32
core   0: 0x80000b72 (0x01255c93) srli    s9, a0, 18
core   0: 3 0x80000b72 (0x01255c93) x25 0x00003fd1
core   0: 0x80000b76 (0xff548823) sb      s5, -16(s1)
core   0: 3 0x80000b76 (0xff548823) mem 0x80010cca 0xfc
core   0: 0x80000b7a (0x012af3b3) and     t2, s5, s2
core   0: 3 0x80000b7a (0x012af3b3) x7  0x00000000
core   0: 0x80000b7e (0x03c4c083) lbu     ra, 60(s1)
core   0: 3 0x80000b7e (0x03c4c083) x1  0x0000006b mem 0x80010d16
core   0: 0x80000b82 (0xf064d983) lhu     s3, -250(s1)
core   0: 3 0x80000b82 (0xf064d983) x19 0x000042b1 mem 0x80010be0
core   0: 0x80000b86 (0x09049703) lh      a4, 144(s1)
core   0: 3 0x80000b86 (0x09049703) x14 0x00007bd9 mem 0x80010d6a
core   0: 0x80000b8a (0xf6948e03) lb      t3, -151(s1)
core   0: 3 0x80000b8a (0xf6948e03) x28 0x00000031 mem 0x80010c43
core   0: 0x80000b8e (0x24dc3b17) auipc   s6, 0x24dc3
core   0: 3 0x80000b8e (0x24dc3b17) x22 0xa4dc3b8e
core   0: 0x80000b92 (0x0334c083) lbu     ra, 51(s1)
core   0: 3 0x80000b92 (0x0334c083) x1  0x00000082 mem 0x80010d0d
core   0: 0x80000b96 (0x05b49123) sh      s11, 66(s1)
core   0: 3 0x80000b96 (0x05b49123) mem 0x80010d1c 0x000c
core   0: 0x80000b9a (0x0db48d83) lb      s11, 219(s1)
core   0: 3 0x80000b9a (0x0db48d83) x27 0x0000003e mem 0x80010db5
core   0: 0x80000b9e (0x00000001) c.nop
core   0: 3 0x80000b9e (0x0001)
core   0: 0x80000ba0 (0x0be4d083) lhu     ra, 190(s1)
core   0: 3 0x80000ba0 (0x0be4d083) x1  0x0000efc5 mem 0x80010d98
core   0: 0x80000ba4 (0x002a9e33) sll     t3, s5, sp
core   0: 3 0x80000ba4 (0x002a9e33) x28 0xffffffc0
core   0: 0x80000ba8 (0x00000e16) c.slli  t3, 5
core   0: 3 0x80000ba8 (0x0e16) x28 0xfffff800
core   0: 0x80000baa (0x005b1db3) sll     s11, s6, t0
core   0: 3 0x80000baa (0x005b1db3) x27 0xa4dc3b8e
core   0: 0x80000bae (0x01193e33) sltu    t3, s2, a7
core   0: 3 0x80000bae (0x01193e33) x28 0x00000001
core   0: 0x80000bb2 (0x0bd48ba3) sb      t4, 183(s1)
core   0: 3 0x80000bb2 (0x0bd48ba3) mem 0x80010d91 0x08
core   0: 0x80000bb6 (0xfe7481a3) sb      t2, -29(s1)
core   0: 3 0x80000bb6 (0xfe7481a3) mem 0x80010cbd 0x00
core   0: 0x80000bba (0x0336a3b3) mulhsu  t2, a3, s3
core   0: 3 0x80000bba (0x0336a3b3) x7  0x00000000
core   0: 0x80000bbe (0x019018b3) sll     a7, zero, s9
core   0: 3 0x80000bbe (0x019018b3) x17 0x00000000
core   0: 0x80000bc2 (0x50916a93) ori     s5, sp, 1289
core   0: 3 0x80000bc2 (0x50916a93) x21 0x8000050d
core   0: 0x80000bc6 (0x000055fd) c.li    a1, -1
core   0: 3 0x80000bc6 (0x55fd) x11 0xffffffff
core   0: 0x80000bc8 (0xf704a123) sw      a6, -158(s1)
core   0: 3 0x80000bc8 (0xf704a123) mem 0x80010c3c 0x00000004
core   0: 0x80000bcc (0x0350bdb3) mulhu   s11, ra, s5
core   0: 3 0x80000bcc (0x0350bdb3) x27 0x000077e2
core   0: 0x80000bd0 (0x00008f6d) c.and   a4, a1
core   0: 3 0x80000bd0 (0x8f6d) x14 0x00007bd9
core   0: 0x80000bd2 (0x02f55f33) divu    t5, a0, a5
core   0: 3 0x80000bd2 (0x02f55f33) x30 0xffffffff
core   0: 0x80000bd6 (0x0874c583) lbu     a1, 135(s1)
core   0: 3 0x80000bd6 (0x0874c583) x11 0x00000013 mem 0x80010d61
core   0: 0x80000bda (0xfe248a23) sb      sp, -12(s1)
core   0: 3 0x80000bda (0xfe248a23) mem 0x80010cce 0x04
core   0: 0x80000bde (0xf4a49003) lh      zero, -182(s1)
core   0: 3 0x80000bde (0xf4a49003) mem 0x80010c24
core   0: 0x80000be2 (0x41a0dc93) srai    s9, ra, 26
core   0: 3 0x80000be2 (0x41a0dc93) x25 0x00000000
core   0: 0x80000be6 (0x014096b3) sll     a3, ra, s4
core   0: 3 0x80000be6 (0x014096b3) x13 0x8a000000
core   0: 0x80000bea (0x013d8e33) add     t3, s11, s3
core   0: 3 0x80000bea (0x013d8e33) x28 0x0000ba93
core   0: 0x80000bee (0x00008c7d) c.and   s0, a5
core   0: 3 0x80000bee (0x8c7d) x8  0x00000000
core   0: 0x80000bf0 (0x00000a1a) c.slli  s4, 6
core   0: 3 0x80000bf0 (0x0a1a) x20 0x001ef640
core   0: 0x80000bf2 (0xf8948ba3) sb      s1, -105(s1)
core   0: 3 0x80000bf2 (0xf8948ba3) mem 0x80010c71 0xda
core   0: 0x80000bf6 (0x56846a13) ori     s4, s0, 1384
core   0: 3 0x80000bf6 (0x56846a13) x20 0x00000568
core   0: 0x80000bfa (0xf3e48c23) sb      t5, -200(s1)
core   0: 3 0x80000bfa (0xf3e48c23) mem 0x80010c12 0xff
core   0: 0x80000bfe (0x0c84d383) lhu     t2, 200(s1)
core   0: 3 0x80000bfe (0x0c84d383) x7  0x0000e97c mem 0x80010da2
core   0: 0x80000c02 (0x0000f117) auipc   sp, 0xf
core   0: 3 0x80000c02 (0x0000f117) x2  0x8000fc02
core   0: 0x80000c06 (0x72610113) addi    sp, sp, 1830
core   0: 3 0x80000c06 (0x72610113) x2  0x80010328
core   0: 0x80000c0a (0xffc11a83) lh      s5, -4(sp)
core   0: 3 0x80000c0a (0xffc11a83) x21 0x000050e1 mem 0x80010324
core   0: 0x80000c0e (0xff011183) lh      gp, -16(sp)
core   0: 3 0x80000c0e (0xff011183) x3  0x00006c64 mem 0x80010318
core   0: 0x80000c12 (0x419ad413) srai    s0, s5, 25
core   0: 3 0x80000c12 (0x419ad413) x8  0x00000000
core   0: 0x80000c16 (0x0000071a) c.slli  a4, 6
core   0: 3 0x80000c16 (0x071a) x14 0x001ef640
core   0: 0x80000c18 (0x00e764b3) or      s1, a4, a4
core   0: 3 0x80000c18 (0x00e764b3) x9  0x001ef640
core   0: 0x80000c1c (0x00511723) sh      t0, 14(sp)
core   0: 3 0x80000c1c (0x00511723) mem 0x80010336 0x0000
core   0: 0x80000c20 (0x00311123) sh      gp, 2(sp)
core   0: 3 0x80000c20 (0x00311123) mem 0x8001032a 0x6c64
core   0: 0x80000c24 (0x00e103a3) sb      a4, 7(sp)
core   0: 3 0x80000c24 (0x00e103a3) mem 0x8001032f 0x40
core   0: 0x80000c28 (0x009741b3) xor     gp, a4, s1
core   0: 3 0x80000c28 (0x009741b3) x3  0x00000000
core   0: 0x80000c2c (0x008100a3) sb      s0, 1(sp)
core   0: 3 0x80000c2c (0x008100a3) mem 0x80010329 0x00
core   0: 0x80000c30 (0x0000c23a) c.swsp  a4, 4(sp)
core   0: 3 0x80000c30 (0xc23a) mem 0x8001032c 0x001ef640
core   0: 0x80000c32 (0x00008f39) c.xor   a4, a4
core   0: 3 0x80000c32 (0x8f39) x14 0x00000000
core   0: 0x80000c34 (0x00910483) lb      s1, 9(sp)
core   0: 3 0x80000c34 (0x00910483) x9  0x0000004d mem 0x80010331
core   0: 0x80000c38 (0xff710183) lb      gp, -9(sp)
core   0: 3 0x80000c38 (0xff710183) x3  0xffffffe3 mem 0x8001031f
core   0: 0x80000c3c (0x008105a3) sb      s0, 11(sp)
core   0: 3 0x80000c3c (0x008105a3) mem 0x80010333 0x00
core   0: 0x80000c40 (0x00006ac5) c.lui   s5, 0x11
core   0: 3 0x80000c40 (0x6ac5) x21 0x00011000
core   0: 0x80000c42 (0x005a9193) slli    gp, s5, 5
core   0: 3 0x80000c42 (0x005a9193) x3  0x00220000
core   0: 0x80000c46 (0x00b10183) lb      gp, 11(sp)
core   0: 3 0x80000c46 (0x00b10183) x3  0x00000000 mem 0x80010333
core   0: 0x80000c4a (0x00f14183) lbu     gp, 15(sp)
core   0: 3 0x80000c4a (0x00f14183) x3  0x00000000 mem 0x80010337
core   0: 0x80000c4e (0x0000547d) c.li    s0, -1
core   0: 3 0x80000c4e (0x547d) x8  0xffffffff
core   0: 0x80000c50 (0xfe3108a3) sb      gp, -15(sp)
core   0: 3 0x80000c50 (0xfe3108a3) mem 0x80010319 0x00
core   0: 0x80000c54 (0xff415283) lhu     t0, -12(sp)
core   0: 3 0x80000c54 (0xff415283) x5  0x0000074b mem 0x8001031c
core   0: 0x80000c58 (0x00f14a83) lbu     s5, 15(sp)
core   0: 3 0x80000c58 (0x00f14a83) x21 0x00000000 mem 0x80010337
core   0: 0x80000c5c (0x0000c826) c.swsp  s1, 16(sp)
core   0: 3 0x80000c5c (0xc826) mem 0x80010338 0x0000004d
core   0: 0x80000c5e (0x01571ab3) sll     s5, a4, s5
core   0: 3 0x80000c5e (0x01571ab3) x21 0x00000000
core   0: 0x80000c62 (0x00611703) lh      a4, 6(sp)
core   0: 3 0x80000c62 (0x00611703) x14 0x0000001e mem 0x8001032e
core   0: 0x80000c66 (0x000084a2) c.mv    s1, s0
core   0: 3 0x80000c66 (0x84a2) x9  0xffffffff
core   0: 0x80000c68 (0x008402b3) add     t0, s0, s0
core   0: 3 0x80000c68 (0x008402b3) x5  0xfffffffe
core   0: 0x80000c6c (0x00314703) lbu     a4, 3(sp)
core   0: 3 0x80000c6c (0x00314703) x14 0x0000006c mem 0x8001032b
core   0: 0x80000c70 (0x00010117) auipc   sp, 0x10
core   0: 3 0x80000c70 (0x00010117) x2  0x80010c70
core   0: 0x80000c74 (0x1d910113) addi    sp, sp, 473
core   0: 3 0x80000c74 (0x1d910113) x2  0x80010e49
core   0: 0x80000c78 (0xfd814783) lbu     a5, -40(sp)
core   0: 3 0x80000c78 (0xfd814783) x15 0x0000004d mem 0x80010e21
core   0: 0x80000c7c (0x03710923) sb      s7, 50(sp)
core   0: 3 0x80000c7c (0x03710923) mem 0x80010e7b 0x37
core   0: 0x80000c80 (0xfc514b83) lbu     s7, -59(sp)
core   0: 3 0x80000c80 (0xfc514b83) x23 0x00000044 mem 0x80010e0e
core   0: 0x80000c84 (0x00008c51) c.or    s0, a2
core   0: 3 0x80000c84 (0x8c51) x8  0xffffffff
core   0: 0x80000c86 (0x00a10723) sb      a0, 14(sp)
core   0: 3 0x80000c86 (0x00a10723) mem 0x80010e57 0xfc
core   0: 0x80000c8a (0x000089c5) c.andi  a1, 17
core   0: 3 0x80000c8a (0x89c5) x11 0x00000011
core   0: 0x80000c8c (0x00210ea3) sb      sp, 29(sp)
core   0: 3 0x80000c8c (0x00210ea3) mem 0x80010e66 0x49
core   0: 0x80000c90 (0x8163eb93) ori     s7, t2, -2026
core   0: 3 0x80000c90 (0x8163eb93) x23 0xfffff97e
core   0: 0x80000c94 (0x00a0a833) slt     a6, ra, a0
core   0: 3 0x80000c94 (0x00a0a833) x16 0x00000000
core   0: 0x80000c98 (0x03a11ca3) sh      s10, 57(sp)
core   0: 3 0x80000c98 (0x03a11ca3) mem 0x80010e82 0x0100
core   0: 0x80000c9c (0x00000001) c.nop
core   0: 3 0x80000c9c (0x0001)
core   0: 0x80000c9e (0x0edb7d93) andi    s11, s6, 237
core   0: 3 0x80000c9e (0x0edb7d93) x27 0x0000008c
core   0: 0x80000ca2 (0x01f10723) sb      t6, 14(sp)
core   0: 3 0x80000ca2 (0x01f10723) mem 0x80010e57 0x24
core   0: 0x80000ca6 (0x00a38833) add     a6, t2, a0
core   0: 3 0x80000ca6 (0x00a38833) x16 0xff483c78
core   0: 0x80000caa (0x00000dfa) c.slli  s11, 30
core   0: 3 0x80000caa (0x0dfa) x27 0x00000000
core   0: 0x80000cac (0x51ae4f13) xori    t5, t3, 1306
core   0: 3 0x80000cac (0x51ae4f13) x30 0x0000bf89
core   0: 0x80000cb0 (0x03110083) lb      ra, 49(sp)
core   0: 3 0x80000cb0 (0x03110083) x1  0x00000050 mem 0x80010e7a
core   0: 0x80000cb4 (0x00008d39) c.xor   a0, a4
core   0: 3 0x80000cb4 (0x8d39) x10 0xff475290
core   0: 0x80000cb6 (0xc174e093) ori     ra, s1, -1001
core   0: 3 0x80000cb6 (0xc174e093) x1  0xffffffff
core   0: 0x80000cba (0x00009b3a) c.add   s6, a4
core   0: 3 0x80000cba (0x9b3a) x22 0xa4dc3bfa
core   0: 0x80000cbc (0x84573d93) sltiu   s11, a4, -1979
core   0: 3 0x80000cbc (0x84573d93) x27 0x00000001
core   0: 0x80000cc0 (0xfd014083) lbu     ra, -48(sp)
core   0: 3 0x80000cc0 (0xfd014083) x1  0x0000007b mem 0x80010e19
core   0: 0x80000cc4 (0xfc710783) lb      a5, -57(sp)
core   0: 3 0x80000cc4 (0xfc710783) x15 0xffffff93 mem 0x80010e10
core   0: 0x80000cc8 (0xfc910a23) sb      s1, -44(sp)
core   0: 3 0x80000cc8 (0xfc910a23) mem 0x80010e1d 0xff
core   0: 0x80000ccc (0x02614d83) lbu     s11, 38(sp)
core   0: 3 0x80000ccc (0x02614d83) x27 0x000000c2 mem 0x80010e6f
core   0: 0x80000cd0 (0xfe111ea3) sh      ra, -3(sp)
core   0: 3 0x80000cd0 (0xfe111ea3) mem 0x80010e46 0x007b
core   0: 0x80000cd4 (0x00008a75) c.andi  a2, 29
core   0: 3 0x80000cd4 (0x8a75) x12 0x00000000
core   0: 0x80000cd6 (0x02111703) lh      a4, 33(sp)
core   0: 3 0x80000cd6 (0x02111703) x14 0xfffff128 mem 0x80010e6a
core   0: 0x80000cda (0xfc910723) sb      s1, -50(sp)
core   0: 3 0x80000cda (0xfc910723) mem 0x80010e17 0xff
core   0: 0x80000cde (0xfe810223) sb      s0, -28(sp)
core   0: 3 0x80000cde (0xfe810223) mem 0x80010e2d 0xff
core   0: 0x80000ce2 (0xfef116a3) sh      a5, -19(sp)
core   0: 3 0x80000ce2 (0xfef116a3) mem 0x80010e36 0xff93
core   0: 0x80000ce6 (0xff310a03) lb      s4, -13(sp)
core   0: 3 0x80000ce6 (0xff310a03) x20 0x00000031 mem 0x80010e3c
core   0: 0x80000cea (0x00008a62) c.mv    s4, s8
core   0: 3 0x80000cea (0x8a62) x20 0x80025ea4
core   0: 0x80000cec (0xfea10f03) lb      t5, -22(sp)
core   0: 3 0x80000cec (0xfea10f03) x30 0xfffffff8 mem 0x80010e33
core   0: 0x80000cf0 (0x022779b3) remu    s3, a4, sp
core   0: 3 0x80000cf0 (0x022779b3) x19 0x7ffee2df
core   0: 0x80000cf4 (0xfca119a3) sh      a0, -45(sp)
core   0: 3 0x80000cf4 (0xfca119a3) mem 0x80010e1c 0x5290
core   0: 0x80000cf8 (0x00008669) c.srai  a2, 26
core   0: 3 0x80000cf8 (0x8669) x12 0x00000000
core   0: 0x80000cfa (0x00000001) c.nop
core   0: 3 0x80000cfa (0x0001)
core   0: 0x80000cfc (0xb0013a93) sltiu   s5, sp, -1280
core   0: 3 0x80000cfc (0xb0013a93) x21 0x00000001
core   0: 0x80000d00 (0x02e14c83) lbu     s9, 46(sp)
core   0: 3 0x80000d00 (0x02e14c83) x25 0x000000ce mem 0x80010e77
core   0: 0x80000d04 (0xfc711a83) lh      s5, -57(sp)
core   0: 3 0x80000d04 (0xfc711a83) x21 0xffff8193 mem 0x80010e10
core   0: 0x80000d08 (0x0000035d) c.addi  t1, 23
core   0: 3 0x80000d08 (0x035d) x6  0x80000804
core   0: 0x80000d0a (0x000ae4b3) or      s1, s5, zero
core   0: 3 0x80000d0a (0x000ae4b3) x9  0xffff8193
core   0: 0x80000d0e (0x02810403) lb      s0, 40(sp)
core   0: 3 0x80000d0e (0x02810403) x8  0xfffffffb mem 0x80010e71
core   0: 0x80000d12 (0xfcc10f03) lb      t5, -52(sp)
core   0: 3 0x80000d12 (0xfcc10f03) x30 0xffffff8f mem 0x80010e15
core   0: 0x80000d16 (0x03105733) divu    a4, zero, a7
core   0: 3 0x80000d16 (0x03105733) x14 0xffffffff
core   0: 0x80000d1a (0x00410a23) sb      tp, 20(sp)
core   0: 3 0x80000d1a (0x00410a23) mem 0x80010e5d 0x01
core   0: 0x80000d1e (0xff315183) lhu     gp, -13(sp)
core   0: 3 0x80000d1e (0xff315183) x3  0x00003c31 mem 0x80010e3c
core   0: 0x80000d22 (0x012102a3) sb      s2, 5(sp)
core   0: 3 0x80000d22 (0x012102a3) mem 0x80010e4e 0x00
core   0: 0x80000d26 (0x00009362) c.add   t1, s8
core   0: 3 0x80000d26 (0x9362) x6  0x000266a8
core   0: 0x80000d28 (0xfe810ca3) sb      s0, -7(sp)
core   0: 3 0x80000d28 (0xfe810ca3) mem 0x80010e42 0xfb
core   0: 0x80000d2c (0x0001f117) auipc   sp, 0x1f
core   0: 3 0x80000d2c (0x0001f117) x2  0x8001fd2c
core   0: 0x80000d30 (0x7f610113) addi    sp, sp, 2038
core   0: 3 0x80000d30 (0x7f610113) x2  0x80020522
core   0: 0x80000d34 (0xffa14003) lbu     zero, -6(sp)
core   0: 3 0x80000d34 (0xffa14003) mem 0x8002051c
core   0: 0x80000d38 (0x00610003) lb      zero, 6(sp)
core   0: 3 0x80000d38 (0x00610003) mem 0x80020528
core   0: 0x80000d3c (0xfca11483) lh      s1, -54(sp)
core   0: 3 0x80000d3c (0xfca11483) x9  0x00001dc0 mem 0x800204ec
core   0: 0x80000d40 (0xfe910fa3) sb      s1, -1(sp)
core   0: 3 0x80000d40 (0xfe910fa3) mem 0x80020521 0xc0
core   0: 0x80000d44 (0x000019fd) c.addi  s3, -1
core   0: 3 0x80000d44 (0x19fd) x19 0x7ffee2de
core   0: 0x80000d46 (0x000069bd) c.lui   s3, 0xf
core   0: 3 0x80000d46 (0x69bd) x19 0x0000f000
core   0: 0x80000d48 (0x02e12003) lw      zero, 46(sp)
core   0: 3 0x80000d48 (0x02e12003) mem 0x80020550
core   0: 0x80000d4c (0x00949033) sll     zero, s1, s1
core   0: 3 0x80000d4c (0x00949033)
core   0: 0x80000d50 (0x40a55013) srai    zero, a0, 10
core   0: 3 0x80000d50 (0x40a55013)
core   0: 0x80000d54 (0x00a49033) sll     zero, s1, a0
core   0: 3 0x80000d54 (0x00a49033)
core   0: 0x80000d58 (0x00008d2a) c.mv    s10, a0
core   0: 3 0x80000d58 (0x8d2a) x26 0xff475290
core   0: 0x80000d5a (0x01b039b3) snez    s3, s11
core   0: 3 0x80000d5a (0x01b039b3) x19 0x00000001
core   0: 0x80000d5e (0x41b4d9b3) sra     s3, s1, s11
core   0: 3 0x80000d5e (0x41b4d9b3) x19 0x00000770
core   0: 0x80000d62 (0xfca10ea3) sb      a0, -35(sp)
core   0: 3 0x80000d62 (0xfca10ea3) mem 0x800204ff 0x90
core   0: 0x80000d66 (0x000099ee) c.add   s3, s11
core   0: 3 0x80000d66 (0x99ee) x19 0x00000832
core   0: 0x80000d68 (0x00007033) and     zero, zero, zero
core   0: 3 0x80000d68 (0x00007033)
core   0: 0x80000d6c (0x01310ba3) sb      s3, 23(sp)
core   0: 3 0x80000d6c (0x01310ba3) mem 0x80020539 0x32
core   0: 0x80000d70 (0x400059b3) sra     s3, zero, zero
core   0: 3 0x80000d70 (0x400059b3) x19 0x00000000
core   0: 0x80000d74 (0xfc310d83) lb      s11, -61(sp)
core   0: 3 0x80000d74 (0xfc310d83) x27 0x00000025 mem 0x800204e5
core   0: 0x80000d78 (0xffb14d83) lbu     s11, -5(sp)
core   0: 3 0x80000d78 (0xffb14d83) x27 0x00000076 mem 0x8002051d
core   0: 0x80000d7c (0x7c848493) addi    s1, s1, 1992
core   0: 3 0x80000d7c (0x7c848493) x9  0x00002588
core   0: 0x80000d80 (0xfc610d03) lb      s10, -58(sp)
core   0: 3 0x80000d80 (0xfc610d03) x26 0xffffffb0 mem 0x800204e8
core   0: 0x80000d84 (0x033059b3) divu    s3, zero, s3
core   0: 3 0x80000d84 (0x033059b3) x19 0xffffffff
core   0: 0x80000d88 (0xfe314983) lbu     s3, -29(sp)
core   0: 3 0x80000d88 (0xfe314983) x19 0x00000062 mem 0x80020505
core   0: 0x80000d8c (0x01d14983) lbu     s3, 29(sp)
core   0: 3 0x80000d8c (0x01d14983) x19 0x000000a1 mem 0x8002053f
core   0: 0x80000d90 (0x02910d23) sb      s1, 58(sp)
core   0: 3 0x80000d90 (0x02910d23) mem 0x8002055c 0x88
core   0: 0x80000d94 (0x03614003) lbu     zero, 54(sp)
core   0: 3 0x80000d94 (0x03614003) mem 0x80020558
core   0: 0x80000d98 (0xffa104a3) sb      s10, -23(sp)
core   0: 3 0x80000d98 (0xffa104a3) mem 0x8002050b 0xb0
core   0: 0x80000d9c (0xfc211983) lh      s3, -62(sp)
core   0: 3 0x80000d9c (0xfc211983) x19 0x000025e0 mem 0x800204e4
core   0: 0x80000da0 (0xfc911323) sh      s1, -58(sp)
core   0: 3 0x80000da0 (0xfc911323) mem 0x800204e8 0x2588
core   0: 0x80000da4 (0x018000ef) jal     pc + 0x18
core   0: 3 0x80000da4 (0x018000ef) x1  0x80000da8
core   0: 0x80000dbc (0x00003fcd) c.jal   pc - 14
core   0: 3 0x80000dbc (0x3fcd) x1  0x80000dbe
core   0: 0x80000dae (0x00002801) c.jal   pc + 16
core   0: 3 0x80000dae (0x2801) x1  0x80000db0
core   0: 0x80000dbe (0x00003fd5) c.jal   pc - 12
core   0: 3 0x80000dbe (0x3fd5) x1  0x80000dc0
core   0: 0x80000db2 (0x00003fdd) c.jal   pc - 10
core   0: 3 0x80000db2 (0x3fdd) x1  0x80000db4
core   0: 0x80000da8 (0x0000a039) c.j     pc + 14
core   0: 3 0x80000da8 (0xa039)
core   0: 0x80000db6 (0x00002801) c.jal   pc + 16
core   0: 3 0x80000db6 (0x2801) x1  0x80000db8
core   0: 0x80000dc6 (0xffbff36f) jal     t1, pc - 0x6
core   0: 3 0x80000dc6 (0xffbff36f) x6  0x80000dca
core   0: 0x80000dc0 (0x000037ed) c.jal   pc - 22
core   0: 3 0x80000dc0 (0x37ed) x1  0x80000dc2
core   0: 0x80000daa (0x00002009) c.jal   pc + 2
core   0: 3 0x80000daa (0x2009) x1  0x80000dac
core   0: 0x80000dac (0x0000a819) c.j     pc + 22
core   0: 3 0x80000dac (0xa819)
core   0: 0x80000dc2 (0xff3ff36f) jal     t1, pc - 0xe
core   0: 3 0x80000dc2 (0xff3ff36f) x6  0x80000dc6
core   0: 0x80000db4 (0x00002011) c.jal   pc + 4
core   0: 3 0x80000db4 (0x2011) x1  0x80000db6
core   0: 0x80000db8 (0xff9ff0ef) jal     pc - 0x8
core   0: 3 0x80000db8 (0xff9ff0ef) x1  0x80000dbc
core   0: 0x80000db0 (0x00002829) c.jal   pc + 26
core   0: 3 0x80000db0 (0x2829) x1  0x80000db2
core   0: 0x80000dca (0x00287f33) and     t5, a6, sp
core   0: 3 0x80000dca (0x00287f33) x30 0x80000420
core   0: 0x80000dce (0x048000ef) jal     pc + 0x48
core   0: 3 0x80000dce (0x048000ef) x1  0x80000dd2
core   0: 0x80000e16 (0x0000b7f1) c.j     pc - 52
core   0: 3 0x80000e16 (0xb7f1)
core   0: 0x80000de2 (0x00003fd5) c.jal   pc - 12
core   0: 3 0x80000de2 (0x3fd5) x1  0x80000de4
core   0: 0x80000dd6 (0x00002809) c.jal   pc + 18
core   0: 3 0x80000dd6 (0x2809) x1  0x80000dd8
core   0: 0x80000de8 (0x012000ef) jal     pc + 0x12
core   0: 3 0x80000de8 (0x012000ef) x1  0x80000dec
core   0: 0x80000dfa (0x00002811) c.jal   pc + 20
core   0: 3 0x80000dfa (0x2811) x1  0x80000dfc
core   0: 0x80000e0e (0xfcdff36f) jal     t1, pc - 0x34
core   0: 3 0x80000e0e (0xfcdff36f) x6  0x80000e12
core   0: 0x80000dda (0x014000ef) jal     pc + 0x14
core   0: 3 0x80000dda (0x014000ef) x1  0x80000dde
core   0: 0x80000dee (0xff7ff0ef) jal     pc - 0xa
core   0: 3 0x80000dee (0xff7ff0ef) x1  0x80000df2
core   0: 0x80000de4 (0x00003fed) c.jal   pc - 6
core   0: 3 0x80000de4 (0x3fed) x1  0x80000de6
core   0: 0x80000dde (0x01e000ef) jal     pc + 0x1e
core   0: 3 0x80000dde (0x01e000ef) x1  0x80000de2
core   0: 0x80000dfc (0x00003fdd) c.jal   pc - 10
core   0: 3 0x80000dfc (0x3fdd) x1  0x80000dfe
core   0: 0x80000df2 (0x010001ef) jal     gp, pc + 0x10
core   0: 3 0x80000df2 (0x010001ef) x3  0x80000df6
core   0: 0x80000e02 (0x0100036f) jal     t1, pc + 0x10
core   0: 3 0x80000e02 (0x0100036f) x6  0x80000e06
core   0: 0x80000e12 (0xfe5ff36f) jal     t1, pc - 0x1c
core   0: 3 0x80000e12 (0xfe5ff36f) x6  0x80000e16
core   0: 0x80000df6 (0x00002801) c.jal   pc + 16
core   0: 3 0x80000df6 (0x2801) x1  0x80000df8
core   0: 0x80000e06 (0x0000a809) c.j     pc + 18
core   0: 3 0x80000e06 (0xa809)
core   0: 0x80000e18 (0x00003fc5) c.jal   pc - 16
core   0: 3 0x80000e18 (0x3fc5) x1  0x80000e1a
core   0: 0x80000e08 (0x00003fdd) c.jal   pc - 10
core   0: 3 0x80000e08 (0x3fdd) x1  0x80000e0a
core   0: 0x80000dfe (0xfd5ff0ef) jal     pc - 0x2c
core   0: 3 0x80000dfe (0xfd5ff0ef) x1  0x80000e02
core   0: 0x80000dd2 (0x026000ef) jal     pc + 0x26
core   0: 3 0x80000dd2 (0x026000ef) x1  0x80000dd6
core   0: 0x80000df8 (0x000037c5) c.jal   pc - 32
core   0: 3 0x80000df8 (0x37c5) x1  0x80000dfa
core   0: 0x80000dd8 (0x0000a039) c.j     pc + 14
core   0: 3 0x80000dd8 (0xa039)
core   0: 0x80000de6 (0x0000a015) c.j     pc + 36
core   0: 3 0x80000de6 (0xa015)
core   0: 0x80000e0a (0xfe3ff26f) jal     tp, pc - 0x1e
core   0: 3 0x80000e0a (0xfe3ff26f) x4  0x80000e0e
core   0: 0x80000dec (0x0000203d) c.jal   pc + 46
core   0: 3 0x80000dec (0x203d) x1  0x80000dee
core   0: 0x80000e1a (0x00008e91) c.sub   a3, a2
core   0: 3 0x80000e1a (0x8e91) x13 0x8a000000
core   0: 0x80000e1c (0x0000f817) auipc   a6, 0xf
core   0: 3 0x80000e1c (0x0000f817) x16 0x8000fe1c
core   0: 0x80000e20 (0x2f780813) addi    a6, a6, 759
core   0: 3 0x80000e20 (0x2f780813) x16 0x80010113
core   0: 0x80000e24 (0xfe581183) lh      gp, -27(a6)
core   0: 3 0x80000e24 (0xfe581183) x3  0xffffa27c mem 0x800100f8
core   0: 0x80000e28 (0x00008e85) c.sub   a3, s1
core   0: 3 0x80000e28 (0x8e85) x13 0x89ffda78
core   0: 0x80000e2a (0x0000918a) c.add   gp, sp
core   0: 3 0x80000e2a (0x918a) x3  0x8001a79e
core   0: 0x80000e2c (0x000080ed) c.srli  s1, 27
core   0: 3 0x80000e2c (0x80ed) x9  0x00000000
core   0: 0x80000e2e (0x00d49ab3) sll     s5, s1, a3
core   0: 3 0x80000e2e (0x00d49ab3) x21 0x00000000
core   0: 0x80000e32 (0xfc380123) sb      gp, -62(a6)
core   0: 3 0x80000e32 (0xfc380123) mem 0x800100d5 0x9e
core   0: 0x80000e36 (0x01e80683) lb      a3, 30(a6)
core   0: 3 0x80000e36 (0x01e80683) x13 0x00000029 mem 0x80010131
core   0: 0x80000e3a (0xfe280183) lb      gp, -30(a6)
core   0: 3 0x80000e3a (0xfe280183) x3  0x00000053 mem 0x800100f5
core   0: 0x80000e3e (0xfc3815a3) sh      gp, -53(a6)
core   0: 3 0x80000e3e (0xfc3815a3) mem 0x800100de 0x0053
core   0: 0x80000e42 (0xfc480103) lb      sp, -60(a6)
core   0: 3 0x80000e42 (0xfc480103) x2  0xffffff80 mem 0x800100d7
core   0: 0x80000e46 (0x02284683) lbu     a3, 34(a6)
core   0: 3 0x80000e46 (0x02284683) x13 0x000000a7 mem 0x80010135
core   0: 0x80000e4a (0x00484183) lbu     gp, 4(a6)
core   0: 3 0x80000e4a (0x00484183) x3  0x000000b8 mem 0x80010117
core   0: 0x80000e4e (0x03c84183) lbu     gp, 60(a6)
core   0: 3 0x80000e4e (0x03c84183) x3  0x00000062 mem 0x8001014f
core   0: 0x80000e52 (0xfdf81283) lh      t0, -33(a6)
core   0: 3 0x80000e52 (0xfdf81283) x5  0xffff9022 mem 0x800100f2
core   0: 0x80000e56 (0xfe880a83) lb      s5, -24(a6)
core   0: 3 0x80000e56 (0xfe880a83) x21 0x0000005a mem 0x800100fb
core   0: 0x80000e5a (0x00008ec5) c.or    a3, s1
core   0: 3 0x80000e5a (0x8ec5) x13 0x000000a7
core   0: 0x80000e5c (0x03381683) lh      a3, 51(a6)
core   0: 3 0x80000e5c (0x03381683) x13 0xffffcf20 mem 0x80010146
core   0: 0x80000e60 (0xfc684483) lbu     s1, -58(a6)
core   0: 3 0x80000e60 (0xfc684483) x9  0x0000007c mem 0x800100d9
core   0: 0x80000e64 (0x03f81103) lh      sp, 63(a6)
core   0: 3 0x80000e64 (0x03f81103) x2  0x0000783a mem 0x80010152
core   0: 0x80000e68 (0x00008cf5) c.and   s1, a3
core   0: 3 0x80000e68 (0x8cf5) x9  0x00000020
core   0: 0x80000e6a (0x2796c693) xori    a3, a3, 633
core   0: 3 0x80000e6a (0x2796c693) x13 0xffffcd59
core   0: 0x80000e6e (0xfd684a83) lbu     s5, -42(a6)
core   0: 3 0x80000e6e (0xfd684a83) x21 0x000000a4 mem 0x800100e9
core   0: 0x80000e72 (0x02982ca3) sw      s1, 57(a6)
core   0: 3 0x80000e72 (0x02982ca3) mem 0x8001014c 0x00000020
core   0: 0x80000e76 (0xffc84103) lbu     sp, -4(a6)
core   0: 3 0x80000e76 (0xffc84103) x2  0x00000009 mem 0x8001010f
core   0: 0x80000e7a (0x40910ab3) sub     s5, sp, s1
core   0: 3 0x80000e7a (0x40910ab3) x21 0xffffffe9
core   0: 0x80000e7e (0x65829117) auipc   sp, 0x65829
core   0: 3 0x80000e7e (0x65829117) x2  0xe5829e7e
core   0: 0x80000e82 (0x003814a3) sh      gp, 9(a6)
core   0: 3 0x80000e82 (0x003814a3) mem 0x8001011c 0x0062
core   0: 0x80000e86 (0xfe280d23) sb      sp, -6(a6)
core   0: 3 0x80000e86 (0xfe280d23) mem 0x8001010d 0x7e
core   0: 0x80000e8a (0x01580023) sb      s5, 0(a6)
core   0: 3 0x80000e8a (0x01580023) mem 0x80010113 0xe9
core   0: 0x80000e8e (0x00009ab6) c.add   s5, a3
core   0: 3 0x80000e8e (0x9ab6) x21 0xffffcd42
core   0: 0x80000e90 (0x0114da93) srli    s5, s1, 17
core   0: 3 0x80000e90 (0x0114da93) x21 0x00000000
core   0: 0x80000e94 (0x402281b3) sub     gp, t0, sp
core   0: 3 0x80000e94 (0x402281b3) x3  0x1a7cf1a4
core   0: 0x80000e98 (0xfdf85103) lhu     sp, -33(a6)
core   0: 3 0x80000e98 (0xfdf85103) x2  0x00009022 mem 0x800100f2
core   0: 0x80000e9c (0xfc484483) lbu     s1, -60(a6)
core   0: 3 0x80000e9c (0xfc484483) x9  0x00000080 mem 0x800100d7
core   0: 0x80000ea0 (0x00013b17) auipc   s6, 0x13
core   0: 3 0x80000ea0 (0x00013b17) x22 0x80013ea0
core   0: 0x80000ea4 (0x307b0b13) addi    s6, s6, 775
core   0: 3 0x80000ea4 (0x307b0b13) x22 0x800141a7
core   0: 0x80000ea8 (0xf0eb0403) lb      s0, -242(s6)
core   0: 3 0x80000ea8 (0xf0eb0403) x8  0x00000038 mem 0x800140b5
core   0: 0x80000eac (0x0036a333) slt     t1, a3, gp
core   0: 3 0x80000eac (0x0036a333) x6  0x00000001
core   0: 0x80000eb0 (0xf1eb4a83) lbu     s5, -226(s6)
core   0: 3 0x80000eb0 (0xf1eb4a83) x21 0x00000012 mem 0x800140c5
core   0: 0x80000eb4 (0xf1bb0f23) sb      s11, -226(s6)
core   0: 3 0x80000eb4 (0xf1bb0f23) mem 0x800140c5 0x76
core   0: 0x80000eb8 (0xf1eb4483) lbu     s1, -226(s6)
core   0: 3 0x80000eb8 (0xf1eb4483) x9  0x00000076 mem 0x800140c5
core   0: 0x80000ebc (0x00d71993) slli    s3, a4, 13
core   0: 3 0x80000ebc (0x00d71993) x19 0xffffe000
core   0: 0x80000ec0 (0xf28b0a83) lb      s5, -216(s6)
core   0: 3 0x80000ec0 (0xf28b0a83) x21 0x00000016 mem 0x800140cf
core   0: 0x80000ec4 (0xf2bb0423) sb      a1, -216(s6)
core   0: 3 0x80000ec4 (0xf2bb0423) mem 0x800140cf 0x11
core   0: 0x80000ec8 (0x03db13a3) sh      t4, 39(s6)
core   0: 3 0x80000ec8 (0x03db13a3) mem 0x800141ce 0x0008
core   0: 0x80000ecc (0x027b4403) lbu     s0, 39(s6)
core   0: 3 0x80000ecc (0x027b4403) x8  0x00000008 mem 0x800141ce
core   0: 0x80000ed0 (0x00008ced) c.and   s1, a1
core   0: 3 0x80000ed0 (0x8ced) x9  0x00000010
core   0: 0x80000ed2 (0x013040b3) xor     ra, zero, s3
core   0: 3 0x80000ed2 (0x013040b3) x1  0xffffe000
core   0: 0x80000ed6 (0xf22b4203) lbu     tp, -222(s6)
core   0: 3 0x80000ed6 (0xf22b4203) x4  0x00000007 mem 0x800140c9
core   0: 0x80000eda (0x40b93b93) sltiu   s7, s2, 1035
core   0: 3 0x80000eda (0x40b93b93) x23 0x00000001
core   0: 0x80000ede (0xf22b0f03) lb      t5, -222(s6)
core   0: 3 0x80000ede (0xf22b0f03) x30 0x00000007 mem 0x800140c9
core   0: 0x80000ee2 (0x000fce33) xor     t3, t6, zero
core   0: 3 0x80000ee2 (0x000fce33) x28 0x80029d24
core   0: 0x80000ee6 (0xf22b4383) lbu     t2, -222(s6)
core   0: 3 0x80000ee6 (0xf22b4383) x7  0x00000007 mem 0x800140c9
core   0: 0x80000eea (0xf38b0123) sb      s8, -222(s6)
core   0: 3 0x80000eea (0xf38b0123) mem 0x800140c9 0xa4
core   0: 0x80000eee (0xfa1b4403) lbu     s0, -95(s6)
core   0: 3 0x80000eee (0xfa1b4403) x8  0x00000054 mem 0x80014148
core   0: 0x80000ef2 (0xfa1b1683) lh      a3, -95(s6)
core   0: 3 0x80000ef2 (0xfa1b1683) x13 0xfffff054 mem 0x80014148
core   0: 0x80000ef6 (0x010c3cb3) sltu    s9, s8, a6
core   0: 3 0x80000ef6 (0x010c3cb3) x25 0x00000000
core   0: 0x80000efa (0xfa1b0383) lb      t2, -95(s6)
core   0: 3 0x80000efa (0xfa1b0383) x7  0x00000054 mem 0x80014148
core   0: 0x80000efe (0xfa1b2e03) lw      t3, -95(s6)
core   0: 3 0x80000efe (0xfa1b2e03) x28 0x5e13f054 mem 0x80014148
core   0: 0x80000f02 (0xfabb10a3) sh      a1, -95(s6)
core   0: 3 0x80000f02 (0xfabb10a3) mem 0x80014148 0x0011
core   0: 0x80000f06 (0x00004705) c.li    a4, 1
core   0: 3 0x80000f06 (0x4705) x14 0x00000001
core   0: 0x80000f08 (0x0000567d) c.li    a2, -1
core   0: 3 0x80000f08 (0x567d) x12 0xffffffff
core   0: 0x80000f0a (0x00008d1d) c.sub   a0, a5
core   0: 3 0x80000f0a (0x8d1d) x10 0xff4752fd
core   0: 0x80000f0c (0x00001779) c.addi  a4, -2
core   0: 3 0x80000f0c (0x1779) x14 0xffffffff
core   0: 0x80000f0e (0x00005e61) c.li    t3, -8
core   0: 3 0x80000f0e (0x5e61) x28 0xfffffff8
core   0: 0x80000f10 (0x00004321) c.li    t1, 8
core   0: 3 0x80000f10 (0x4321) x6  0x00000008
core   0: 0x80000f12 (0x028121b3) mulhsu  gp, sp, s0
core   0: 3 0x80000f12 (0x028121b3) x3  0x00000000
core   0: 0x80000f16 (0x00000e21) c.addi  t3, 8
core   0: 3 0x80000f16 (0x0e21) x28 0x00000000
core   0: 0x80000f18 (0xfe6e0de3) beq     t3, t1, pc - 6
core   0: 3 0x80000f18 (0xfe6e0de3)
core   0: 0x80000f1c (0xfec717e3) bne     a4, a2, pc - 18
core   0: 3 0x80000f1c (0xfec717e3)
core   0: 0x80000f20 (0x0138dc93) srli    s9, a7, 19
core   0: 3 0x80000f20 (0x0138dc93) x25 0x00000000
core   0: 0x80000f24 (0x00010117) auipc   sp, 0x10
core   0: 3 0x80000f24 (0x00010117) x2  0x80010f24
core   0: 0x80000f28 (0xa0d10113) addi    sp, sp, -1523
core   0: 3 0x80000f28 (0xa0d10113) x2  0x80010931
core   0: 0x80000f2c (0x00000516) c.slli  a0, 5
core   0: 3 0x80000f2c (0x0516) x10 0xe8ea5fa0
core   0: 0x80000f2e (0x01d121a3) sw      t4, 3(sp)
core   0: 3 0x80000f2e (0x01d121a3) mem 0x80010934 0x00000008
core   0: 0x80000f32 (0x00310503) lb      a0, 3(sp)
core   0: 3 0x80000f32 (0x00310503) x10 0x00000008 mem 0x80010934
core   0: 0x80000f36 (0x00311383) lh      t2, 3(sp)
core   0: 3 0x80000f36 (0x00311383) x7  0x00000008 mem 0x80010934
core   0: 0x80000f3a (0xff711903) lh      s2, -9(sp)
core   0: 3 0x80000f3a (0xff711903) x18 0xffffc47c mem 0x80010928
core   0: 0x80000f3e (0x00a10023) sb      a0, 0(sp)
core   0: 3 0x80000f3e (0x00a10023) mem 0x80010931 0x08
core   0: 0x80000f42 (0xff3118a3) sh      s3, -15(sp)
core   0: 3 0x80000f42 (0xff3118a3) mem 0x80010922 0xe000
core   0: 0x80000f46 (0x02689633) mulh    a2, a7, t1
core   0: 3 0x80000f46 (0x02689633) x12 0x00000000
core   0: 0x80000f4a (0x00008e7d) c.and   a2, a5
core   0: 3 0x80000f4a (0x8e7d) x12 0x00000000
core   0: 0x80000f4c (0xffc118a3) sh      t3, -15(sp)
core   0: 3 0x80000f4c (0xffc118a3) mem 0x80010922 0x0000
core   0: 0x80000f50 (0x017981b3) add     gp, s3, s7
core   0: 3 0x80000f50 (0x017981b3) x3  0xffffe001
core   0: 0x80000f54 (0xffa108a3) sb      s10, -15(sp)
core   0: 3 0x80000f54 (0xffa108a3) mem 0x80010922 0xb0
core   0: 0x80000f58 (0x00008d12) c.mv    s10, tp
core   0: 3 0x80000f58 (0x8d12) x26 0x00000007
core   0: 0x80000f5a (0x00004285) c.li    t0, 1
core   0: 3 0x80000f5a (0x4285) x5  0x00000001
core   0: 0x80000f5c (0xff911083) lh      ra, -7(sp)
core   0: 3 0x80000f5c (0xff911083) x1  0x0000180c mem 0x8001092a
core   0: 0x80000f60 (0x00914883) lbu     a7, 9(sp)
core   0: 3 0x80000f60 (0x00914883) x17 0x0000008f mem 0x8001093a
core   0: 0x80000f64 (0x00010397) auipc   t2, 0x10
core   0: 3 0x80000f64 (0x00010397) x7  0x80010f64
core   0: 0x80000f68 (0xbf338393) addi    t2, t2, -1037
core   0: 3 0x80000f68 (0xbf338393) x7  0x80010b57
core   0: 0x80000f6c (0xa5c3c503) lbu     a0, -1444(t2)
core   0: 3 0x80000f6c (0xa5c3c503) x10 0x000000ce mem 0x800105b3
core   0: 0x80000f70 (0x15d395a3) sh      t4, 331(t2)
core   0: 3 0x80000f70 (0x15d395a3) mem 0x80010ca2 0x0008
core   0: 0x80000f74 (0x02fc1433) mulh    s0, s8, a5
core   0: 3 0x80000f74 (0x02fc1433) x8  0x00000036
core   0: 0x80000f78 (0x00008ed1) c.or    a3, a2
core   0: 3 0x80000f78 (0x8ed1) x13 0xfffff054
core   0: 0x80000f7a (0xfa83ce03) lbu     t3, -88(t2)
core   0: 3 0x80000f7a (0xfa83ce03) x28 0x00000074 mem 0x80010aff
core   0: 0x80000f7e (0x00009dfa) c.add   s11, t5
core   0: 3 0x80000f7e (0x9dfa) x27 0x0000007d
core   0: 0x80000f80 (0xcd43c303) lbu     t1, -812(t2)
core   0: 3 0x80000f80 (0xcd43c303) x6  0x00000062 mem 0x8001082b
core   0: 0x80000f84 (0x00006175) c.addi16sp sp, 368
core   0: 3 0x80000f84 (0x6175) x2  0x80010aa1
core   0: 0x80000f86 (0x1ff38423) sb      t6, 488(t2)
core   0: 3 0x80000f86 (0x1ff38423) mem 0x80010d3f 0x24
core   0: 0x80000f8a (0x1bf38223) sb      t6, 420(t2)
core   0: 3 0x80000f8a (0x1bf38223) mem 0x80010cfb 0x24
core   0: 0x80000f8e (0x000098fd) c.andi  s1, -1
core   0: 3 0x80000f8e (0x98fd) x9  0x00000010
core   0: 0x80000f90 (0xfaa3c303) lbu     t1, -86(t2)
core   0: 3 0x80000f90 (0xfaa3c303) x6  0x000000b5 mem 0x80010b01
core   0: 0x80000f94 (0x14f3a4a3) sw      a5, 329(t2)
core   0: 3 0x80000f94 (0x14f3a4a3) mem 0x80010ca0 0xffffff93
core   0: 0x80000f98 (0x23bbc2b7) lui     t0, 0x23bbc
core   0: 3 0x80000f98 (0x23bbc2b7) x5  0x23bbc000
core   0: 0x80000f9c (0x05938983) lb      s3, 89(t2)
core   0: 3 0x80000f9c (0x05938983) x19 0xffffffc5 mem 0x80010bb0
core   0: 0x80000fa0 (0x3cd38603) lb      a2, 973(t2)
core   0: 3 0x80000fa0 (0x3cd38603) x12 0xffffffdf mem 0x80010f24
core   0: 0x80000fa4 (0x00006b65) c.lui   s6, 0x19
core   0: 3 0x80000fa4 (0x6b65) x22 0x00019000
core   0: 0x80000fa6 (0x00009722) c.add   a4, s0
core   0: 3 0x80000fa6 (0x9722) x14 0x00000035
core   0: 0x80000fa8 (0x9933a6a3) sw      s3, -1651(t2)
core   0: 3 0x80000fa8 (0x9933a6a3) mem 0x800104e4 0xffffffc5
core   0: 0x80000fac (0xd1a38403) lb      s0, -742(t2)
core   0: 3 0x80000fac (0xd1a38403) x8  0xfffffffa mem 0x80010871
core   0: 0x80000fb0 (0x8d538923) sb      s5, -1838(t2)
core   0: 3 0x80000fb0 (0x8d538923) mem 0x80010429 0x16
core   0: 0x80000fb4 (0x0077a733) slt     a4, a5, t2
core   0: 3 0x80000fb4 (0x0077a733) x14 0x00000000
core   0: 0x80000fb8 (0xdff3db83) lhu     s7, -513(t2)
core   0: 3 0x80000fb8 (0xdff3db83) x23 0x000030d5 mem 0x80010956
core   0: 0x80000fbc (0x37f38a83) lb      s5, 895(t2)
core   0: 3 0x80000fbc (0x37f38a83) x21 0xffffffd2 mem 0x80010ed6
core   0: 0x80000fc0 (0x000082f9) c.srli  a3, 30
core   0: 3 0x80000fc0 (0x82f9) x13 0x00000003
core   0: 0x80000fc2 (0xf7c38403) lb      s0, -132(t2)
core   0: 3 0x80000fc2 (0xf7c38403) x8  0x00000048 mem 0x80010ad3
core   0: 0x80000fc6 (0xaac38523) sb      a2, -1366(t2)
core   0: 3 0x80000fc6 (0xaac38523) mem 0x80010601 0xdf
core   0: 0x80000fca (0x4613a603) lw      a2, 1121(t2)
core   0: 3 0x80000fca (0x4613a603) x12 0x10f64fd6 mem 0x80010fb8
core   0: 0x80000fce (0xe6339803) lh      a6, -413(t2)
core   0: 3 0x80000fce (0xe6339803) x16 0xffff9240 mem 0x800109ba
core   0: 0x80000fd2 (0x2d638ca3) sb      s6, 729(t2)
core   0: 3 0x80000fd2 (0x2d638ca3) mem 0x80010e30 0x00
core   0: 0x80000fd6 (0x00010417) auipc   s0, 0x10
core   0: 3 0x80000fd6 (0x00010417) x8  0x80010fd6
core   0: 0x80000fda (0x3d640413) addi    s0, s0, 982
core   0: 3 0x80000fda (0x3d640413) x8  0x800113ac
core   0: 0x80000fde (0x55442303) lw      t1, 1364(s0)
core   0: 3 0x80000fde (0x55442303) x6  0x313c54d3 mem 0x80011900
core   0: 0x80000fe2 (0x00008f59) c.or    a4, a4
core   0: 3 0x80000fe2 (0x8f59) x14 0x00000000
core   0: 0x80000fe4 (0x03073133) mulhu   sp, a4, a6
core   0: 3 0x80000fe4 (0x03073133) x2  0x00000000
core   0: 0x80000fe8 (0xe7140c83) lb      s9, -399(s0)
core   0: 3 0x80000fe8 (0xe7140c83) x25 0xffffffd9 mem 0x8001121d
core   0: 0x80000fec (0x2a144883) lbu     a7, 673(s0)
core   0: 3 0x80000fec (0x2a144883) x17 0x000000b4 mem 0x8001164d
core   0: 0x80000ff0 (0x028bf7b3) remu    a5, s7, s0
core   0: 3 0x80000ff0 (0x028bf7b3) x15 0x000030d5
core   0: 0x80000ff4 (0x25444783) lbu     a5, 596(s0)
core   0: 3 0x80000ff4 (0x25444783) x15 0x000000d7 mem 0x80011600
core   0: 0x80000ff8 (0x1a440f03) lb      t5, 420(s0)
core   0: 3 0x80000ff8 (0x1a440f03) x30 0x00000058 mem 0x80011550
core   0: 0x80000ffc (0x7de41423) sh      t5, 1992(s0)
core   0: 3 0x80000ffc (0x7de41423) mem 0x80011b74 0x0058
core   0: 0x80001000 (0x55a44f03) lbu     t5, 1370(s0)
core   0: 3 0x80001000 (0x55a44f03) x30 0x00000088 mem 0x80011906
core   0: 0x80001004 (0x01681393) slli    t2, a6, 22
core   0: 3 0x80001004 (0x01681393) x7  0x90000000
core   0: 0x80001008 (0xd2340123) sb      gp, -734(s0)
core   0: 3 0x80001008 (0xd2340123) mem 0x800110ce 0x01
core   0: 0x8000100c (0xfef44e03) lbu     t3, -17(s0)
core   0: 3 0x8000100c (0xfef44e03) x28 0x00000008 mem 0x8001139b
core   0: 0x80001010 (0x61d40503) lb      a0, 1565(s0)
core   0: 3 0x80001010 (0x61d40503) x10 0xffffffb3 mem 0x800119c9
core   0: 0x80001014 (0x000094c6) c.add   s1, a7
core   0: 3 0x80001014 (0x94c6) x9  0x000000c4
core   0: 0x80001016 (0xd5b2b313) sltiu   t1, t0, -677
core   0: 3 0x80001016 (0xd5b2b313) x6  0x00000001
core   0: 0x8000101a (0x3cc44c83) lbu     s9, 972(s0)
core   0: 3 0x8000101a (0x3cc44c83) x25 0x000000a9 mem 0x80011778
core   0: 0x8000101e (0x55245183) lhu     gp, 1362(s0)
core   0: 3 0x8000101e (0x55245183) x3  0x00007352 mem 0x800118fe
core   0: 0x80001022 (0xd4e41a23) sh      a4, -684(s0)
core   0: 3 0x80001022 (0xd4e41a23) mem 0x80011100 0x0000
core   0: 0x80001026 (0x02d796b3) mulh    a3, a5, a3
core   0: 3 0x80001026 (0x02d796b3) x13 0x00000000
core   0: 0x8000102a (0x62b20293) addi    t0, tp, 1579
core   0: 3 0x8000102a (0x62b20293) x5  0x00000632
core   0: 0x8000102e (0x00000904) c.addi4spn s1, sp, 144
core   0: 3 0x8000102e (0x0904) x9  0x00000090
core   0: 0x80001030 (0x10344683) lbu     a3, 259(s0)
core   0: 3 0x80001030 (0x10344683) x13 0x00000058 mem 0x800114af
core   0: 0x80001034 (0x001f7f33) and     t5, t5, ra
core   0: 3 0x80001034 (0x001f7f33) x30 0x00000008
core   0: 0x80001038 (0xf5540683) lb      a3, -171(s0)
core   0: 3 0x80001038 (0xf5540683) x13 0xffffffca mem 0x80011301
core   0: 0x8000103c (0x736402a3) sb      s6, 1829(s0)
core   0: 3 0x8000103c (0x736402a3) mem 0x80011ad1 0x00
core   0: 0x80001040 (0x0000878d) c.srai  a5, 3
core   0: 3 0x80001040 (0x878d) x15 0x0000001a
core   0: 0x80001042 (0x48841583) lh      a1, 1160(s0)
core   0: 3 0x80001042 (0x48841583) x11 0xffffbf56 mem 0x80011834
core   0: 0x80001046 (0x00008e59) c.or    a2, a4
core   0: 3 0x80001046 (0x8e59) x12 0x10f64fd6
core   0: 0x80001048 (0xcb844603) lbu     a2, -840(s0)
core   0: 3 0x80001048 (0xcb844603) x12 0x000000e4 mem 0x80011064
core   0: 0x8000104c (0x0b440c83) lb      s9, 180(s0)
core   0: 3 0x8000104c (0x0b440c83) x25 0x00000038 mem 0x80011460
core   0: 0x80001050 (0x03518d33) mul     s10, gp, s5
core   0: 3 0x80001050 (0x03518d33) x26 0xffeb4744
core   0: 0x80001054 (0x000080e1) c.srli  s1, 24
core   0: 3 0x80001054 (0x80e1) x9  0x00000000
core   0: 0x80001056 (0xcb440803) lb      a6, -844(s0)
core   0: 3 0x80001056 (0xcb440803) x16 0x0000003d mem 0x80011060
core   0: 0x8000105a (0xd4840d03) lb      s10, -696(s0)
core   0: 3 0x8000105a (0xd4840d03) x26 0xffffffd8 mem 0x800110f4
core   0: 0x8000105e (0x01c10233) add     tp, sp, t3
core   0: 3 0x8000105e (0x01c10233) x4  0x00000008
core   0: 0x80001062 (0x400d5393) srai    t2, s10, 0
core   0: 3 0x80001062 (0x400d5393) x7  0xffffffd8
core   0: 0x80001066 (0x0232a033) mulhsu  zero, t0, gp
core   0: 3 0x80001066 (0x0232a033)
core   0: 0x8000106a (0x039b86b3) mul     a3, s7, s9
core   0: 3 0x8000106a (0x039b86b3) x13 0x000aae98
core   0: 0x8000106e (0x00008089) c.srli  s1, 2
core   0: 3 0x8000106e (0x8089) x9  0x00000000
core   0: 0x80001070 (0x0ce44d83) lbu     s11, 206(s0)
core   0: 3 0x80001070 (0x0ce44d83) x27 0x00000034 mem 0x8001147a
core   0: 0x80001074 (0x02d698b3) mulh    a7, a3, a3
core   0: 3 0x80001074 (0x02d698b3) x17 0x00000072
core   0: 0x80001078 (0x39f40e03) lb      t3, 927(s0)
core   0: 3 0x80001078 (0x39f40e03) x28 0x00000038 mem 0x8001174b
core   0: 0x8000107c (0x00008391) c.srli  a5, 4
core   0: 3 0x8000107c (0x8391) x15 0x00000001
core   0: 0x8000107e (0x52540903) lb      s2, 1317(s0)
core   0: 3 0x8000107e (0x52540903) x18 0xffffffd4 mem 0x800118d1
core   0: 0x80001082 (0x00008d4d) c.or    a0, a1
core   0: 3 0x80001082 (0x8d4d) x10 0xfffffff7
core   0: 0x80001084 (0x00004189) c.li    gp, 2
core   0: 3 0x80001084 (0x4189) x3  0x00000002
core   0: 0x80001086 (0x44544203) lbu     tp, 1093(s0)
core   0: 3 0x80001086 (0x44544203) x4  0x000000d8 mem 0x800117f1
core   0: 0x8000108a (0x00018197) auipc   gp, 0x18
core   0: 3 0x8000108a (0x00018197) x3  0x8001908a
core   0: 0x8000108e (0x75618193) addi    gp, gp, 1878
core   0: 3 0x8000108e (0x75618193) x3  0x800197e0
core   0: 0x80001092 (0xff41d403) lhu     s0, -12(gp)
core   0: 3 0x80001092 (0xff41d403) x8  0x00007ae1 mem 0x800197d4
core   0: 0x80001096 (0xff418a23) sb      s4, -12(gp)
core   0: 3 0x80001096 (0xff418a23) mem 0x800197d4 0xa4
core   0: 0x8000109a (0xff41aa23) sw      s4, -12(gp)
core   0: 3 0x8000109a (0xff41aa23) mem 0x800197d4 0x80025ea4
core   0: 0x8000109e (0xfea1aa23) sw      a0, -12(gp)
core   0: 3 0x8000109e (0xfea1aa23) mem 0x800197d4 0xfffffff7
core   0: 0x800010a2 (0xfe61aa23) sw      t1, -12(gp)
core   0: 3 0x800010a2 (0xfe61aa23) mem 0x800197d4 0x00000001
core   0: 0x800010a6 (0x00008cc5) c.or    s1, s1
core   0: 3 0x800010a6 (0x8cc5) x9  0x00000000
core   0: 0x800010a8 (0xff41c083) lbu     ra, -12(gp)
core   0: 3 0x800010a8 (0xff41c083) x1  0x00000001 mem 0x800197d4
core   0: 0x800010ac (0xfea19a23) sh      a0, -12(gp)
core   0: 3 0x800010ac (0xfea19a23) mem 0x800197d4 0xfff7
core   0: 0x800010b0 (0xff41ad03) lw      s10, -12(gp)
core   0: 3 0x800010b0 (0xff41ad03) x26 0x0000fff7 mem 0x800197d4
core   0: 0x800010b4 (0xff419983) lh      s3, -12(gp)
core   0: 3 0x800010b4 (0xff419983) x19 0xfffffff7 mem 0x800197d4
core   0: 0x800010b8 (0xff418e03) lb      t3, -12(gp)
core   0: 3 0x800010b8 (0xff418e03) x28 0xfffffff7 mem 0x800197d4
core   0: 0x800010bc (0x4c07a393) slti    t2, a5, 1216
core   0: 3 0x800010bc (0x4c07a393) x7  0x00000001
core   0: 0x800010c0 (0xff919a23) sh      s9, -12(gp)
core   0: 3 0x800010c0 (0xff919a23) mem 0x800197d4 0x0038
core   0: 0x800010c4 (0x00019497) auipc   s1, 0x19
core   0: 3 0x800010c4 (0x00019497) x9  0x8001a0c4
core   0: 0x800010c8 (0x2aa48493) addi    s1, s1, 682
core   0: 3 0x800010c8 (0x2aa48493) x9  0x8001a36e
core   0: 0x800010cc (0x08f488a3) sb      a5, 145(s1)
core   0: 3 0x800010cc (0x08f488a3) mem 0x8001a3ff 0x01
core   0: 0x800010d0 (0x04948983) lb      s3, 73(s1)
core   0: 3 0x800010d0 (0x04948983) x19 0x00000066 mem 0x8001a3b7
core   0: 0x800010d4 (0xf2d48aa3) sb      a3, -203(s1)
core   0: 3 0x800010d4 (0xf2d48aa3) mem 0x8001a2a3 0x98
core   0: 0x800010d8 (0xf0d48b23) sb      a3, -234(s1)
core   0: 3 0x800010d8 (0xf0d48b23) mem 0x8001a284 0x98
core   0: 0x800010dc (0x00000001) c.nop
core   0: 3 0x800010dc (0x0001)
core   0: 0x800010de (0xfc04c783) lbu     a5, -64(s1)
core   0: 3 0x800010de (0xfc04c783) x15 0x00000075 mem 0x8001a32e
core   0: 0x800010e2 (0xf2549723) sh      t0, -210(s1)
core   0: 3 0x800010e2 (0xf2549723) mem 0x8001a29c 0x0632
core   0: 0x800010e6 (0xf964c983) lbu     s3, -106(s1)
core   0: 3 0x800010e6 (0xf964c983) x19 0x000000b6 mem 0x8001a304
core   0: 0x800010ea (0x04049283) lh      t0, 64(s1)
core   0: 3 0x800010ea (0x04049283) x5  0xffff9738 mem 0x8001a3ae
core   0: 0x800010ee (0xf9a48983) lb      s3, -102(s1)
core   0: 3 0x800010ee (0xf9a48983) x19 0xfffffffd mem 0x8001a308
core   0: 0x800010f2 (0x000086fd) c.srai  a3, 31
core   0: 3 0x800010f2 (0x86fd) x13 0x00000000
core   0: 0x800010f4 (0x00dc89b3) add     s3, s9, a3
core   0: 3 0x800010f4 (0x00dc89b3) x19 0x00000038
core   0: 0x800010f8 (0x01448623) sb      s4, 12(s1)
core   0: 3 0x800010f8 (0x01448623) mem 0x8001a37a 0xa4
core   0: 0x800010fc (0xf7148983) lb      s3, -143(s1)
core   0: 3 0x800010fc (0xf7148983) x19 0x0000007c mem 0x8001a2df
core   0: 0x80001100 (0x0344c683) lbu     a3, 52(s1)
core   0: 3 0x80001100 (0x0344c683) x13 0x000000ef mem 0x8001a3a2
core   0: 0x80001104 (0xf2448c83) lb      s9, -220(s1)
core   0: 3 0x80001104 (0xf2448c83) x25 0x00000047 mem 0x8001a292
core   0: 0x80001108 (0xf8c4d783) lhu     a5, -116(s1)
core   0: 3 0x80001108 (0xf8c4d783) x15 0x0000c497 mem 0x8001a2fa
core   0: 0x8000110c (0x9ba7f293) andi    t0, a5, -1606
core   0: 3 0x8000110c (0x9ba7f293) x5  0x0000c092
core   0: 0x80001110 (0x065487a3) sb      t0, 111(s1)
core   0: 3 0x80001110 (0x065487a3) mem 0x8001a3dd 0x92
core   0: 0x80001114 (0xf1e4a683) lw      a3, -226(s1)
core   0: 3 0x80001114 (0xf1e4a683) x13 0x02a4ee65 mem 0x8001a28c
core   0: 0x80001118 (0x00dcea33) or      s4, s9, a3
core   0: 3 0x80001118 (0x00dcea33) x20 0x02a4ee67
core   0: 0x8000111c (0x02f2c7b3) div     a5, t0, a5
core   0: 3 0x8000111c (0x02f2c7b3) x15 0x00000000
core   0: 0x80001120 (0x00008f95) c.sub   a5, a3
core   0: 3 0x80001120 (0x8f95) x15 0xfd5b119b
core   0: 0x80001122 (0x0194c783) lbu     a5, 25(s1)
core   0: 3 0x80001122 (0x0194c783) x15 0x00000099 mem 0x8001a387
core   0: 0x80001126 (0x033484a3) sb      s3, 41(s1)
core   0: 3 0x80001126 (0x033484a3) mem 0x8001a397 0x7c
core   0: 0x8000112a (0xfe348983) lb      s3, -29(s1)
core   0: 3 0x8000112a (0xfe348983) x19 0xffffffe9 mem 0x8001a351
core   0: 0x8000112e (0xf1448823) sb      s4, -240(s1)
core   0: 3 0x8000112e (0xf1448823) mem 0x8001a27e 0x67
core   0: 0x80001132 (0x07448423) sb      s4, 104(s1)
core   0: 3 0x80001132 (0x07448423) mem 0x8001a3d6 0x67
core   0: 0x80001136 (0x0f3488a3) sb      s3, 241(s1)
core   0: 3 0x80001136 (0x0f3488a3) mem 0x8001a45f 0xe9
core   0: 0x8000113a (0x4052d7b3) sra     a5, t0, t0
core   0: 3 0x8000113a (0x4052d7b3) x15 0x00000000
core   0: 0x8000113e (0xff94af23) sw      s9, -2(s1)
core   0: 3 0x8000113e (0xff94af23) mem 0x8001a36c 0x00000047
core   0: 0x80001142 (0xfcd4a323) sw      a3, -58(s1)
core   0: 3 0x80001142 (0xfcd4a323) mem 0x8001a334 0x02a4ee65
core   0: 0x80001146 (0x09d4c783) lbu     a5, 157(s1)
core   0: 3 0x80001146 (0x09d4c783) x15 0x00000098 mem 0x8001a40b
core   0: 0x8000114a (0xf074c283) lbu     t0, -249(s1)
core   0: 3 0x8000114a (0xf074c283) x5  0x000000f7 mem 0x8001a275
core   0: 0x8000114e (0xf79483a3) sb      s9, -153(s1)
core   0: 3 0x8000114e (0xf79483a3) mem 0x8001a2d5 0x47
core   0: 0x80001152 (0x014a6cb3) or      s9, s4, s4
core   0: 3 0x80001152 (0x014a6cb3) x25 0x02a4ee67
core   0: 0x80001156 (0x00008fd5) c.or    a5, a3
core   0: 3 0x80001156 (0x8fd5) x15 0x02a4eefd
core   0: 0x80001158 (0x02fcacb3) mulhsu  s9, s9, a5
core   0: 3 0x80001158 (0x02fcacb3) x25 0x0006fdfd
core   0: 0x8000115c (0x00a48a03) lb      s4, 10(s1)
core   0: 3 0x8000115c (0x00a48a03) x20 0xffffffe1 mem 0x8001a378
core   0: 0x80001160 (0x00004185) c.li    gp, 1
core   0: 3 0x80001160 (0x4185) x3  0x00000001
core   0: 0x80001162 (0xd404eb13) ori     s6, s1, -704
core   0: 3 0x80001162 (0xd404eb13) x22 0xffffff6e
core   0: 0x80001166 (0x000044a1) c.li    s1, 8
core   0: 3 0x80001166 (0x44a1) x9  0x00000008
core   0: 0x80001168 (0x03975433) divu    s0, a4, s9
core   0: 3 0x80001168 (0x03975433) x8  0x00000000
core   0: 0x8000116c (0x919f4913) xori    s2, t5, -1767
core   0: 3 0x8000116c (0x919f4913) x18 0xfffff911
core   0: 0x80001170 (0x413b0ab3) sub     s5, s6, s3
core   0: 3 0x80001170 (0x413b0ab3) x21 0xffffff85
core   0: 0x80001174 (0x02c34533) div     a0, t1, a2
core   0: 3 0x80001174 (0x02c34533) x10 0x00000000
core   0: 0x80001178 (0x000001a5) c.addi  gp, 9
core   0: 3 0x80001178 (0x01a5) x3  0x0000000a
core   0: 0x8000117a (0x646eb213) sltiu   tp, t4, 1606
core   0: 3 0x8000117a (0x646eb213) x4  0x00000001
core   0: 0x8000117e (0x000040a9) c.li    ra, 10
core   0: 3 0x8000117e (0x40a9) x1  0x0000000a
core   0: 0x80001180 (0x000042a1) c.li    t0, 8
core   0: 3 0x80001180 (0x42a1) x5  0x00000008
core   0: 0x80001182 (0x0195cb33) xor     s6, a1, s9
core   0: 3 0x80001182 (0x0195cb33) x22 0xfff942ab
core   0: 0x80001186 (0x35048793) addi    a5, s1, 848
core   0: 3 0x80001186 (0x35048793) x15 0x00000358
core   0: 0x8000118a (0x000010fd) c.addi  ra, -1
core   0: 3 0x8000118a (0x10fd) x1  0x00000009
core   0: 0x8000118c (0x00009106) c.add   sp, ra
core   0: 3 0x8000118c (0x9106) x2  0x00000009
core   0: 0x8000118e (0x00008155) c.srli  a0, 21
core   0: 3 0x8000118e (0x8155) x10 0x00000000
core   0: 0x80001190 (0xfe509be3) bne     ra, t0, pc - 10
core   0: 3 0x80001190 (0xfe509be3)
core   0: 0x80001186 (0x35048793) addi    a5, s1, 848
core   0: 3 0x80001186 (0x35048793) x15 0x00000358
core   0: 0x8000118a (0x000010fd) c.addi  ra, -1
core   0: 3 0x8000118a (0x10fd) x1  0x00000008
core   0: 0x8000118c (0x00009106) c.add   sp, ra
core   0: 3 0x8000118c (0x9106) x2  0x00000011
core   0: 0x8000118e (0x00008155) c.srli  a0, 21
core   0: 3 0x8000118e (0x8155) x10 0x00000000
core   0: 0x80001190 (0xfe509be3) bne     ra, t0, pc - 10
core   0: 3 0x80001190 (0xfe509be3)
core   0: 0x80001194 (0xf8ac3813) sltiu   a6, s8, -118
core   0: 3 0x80001194 (0xf8ac3813) x16 0x00000001
core   0: 0x80001198 (0x007a1393) slli    t2, s4, 7
core   0: 3 0x80001198 (0x007a1393) x7  0xfffff080
core   0: 0x8000119c (0x4b19a893) slti    a7, s3, 1201
core   0: 3 0x8000119c (0x4b19a893) x17 0x00000001
core   0: 0x800011a0 (0x1a09c413) xori    s0, s3, 416
core   0: 3 0x800011a0 (0x1a09c413) x8  0xfffffe49
core   0: 0x800011a4 (0x00008d9d) c.sub   a1, a5
core   0: 3 0x800011a4 (0x8d9d) x11 0xffffbbfe
core   0: 0x800011a6 (0x00005bfd) c.li    s7, -1
core   0: 3 0x800011a6 (0x5bfd) x23 0xffffffff
core   0: 0x800011a8 (0x03c24b33) div     s6, tp, t3
core   0: 3 0x800011a8 (0x03c24b33) x22 0x00000000
core   0: 0x800011ac (0x03c36e33) rem     t3, t1, t3
core   0: 3 0x800011ac (0x03c36e33) x28 0x00000001
core   0: 0x800011b0 (0x9ede7a97) auipc   s5, 0x9ede7
core   0: 3 0x800011b0 (0x9ede7a97) x21 0x1ede81b0
core   0: 0x800011b4 (0xfa91cee3) blt     gp, s1, pc - 68
core   0: 3 0x800011b4 (0xfa91cee3)
core   0: 0x800011b8 (0x03753f33) mulhu   t5, a0, s7
core   0: 3 0x800011b8 (0x03753f33) x30 0x00000000
core   0: 0x800011bc (0x0000f117) auipc   sp, 0xf
core   0: 3 0x800011bc (0x0000f117) x2  0x800101bc
core   0: 0x800011c0 (0x39f10113) addi    sp, sp, 927
core   0: 3 0x800011c0 (0x39f10113) x2  0x8001055b
core   0: 0x800011c4 (0x00008f05) c.sub   a4, s1
core   0: 3 0x800011c4 (0x8f05) x14 0xfffffff8
core   0: 0x800011c6 (0x014103a3) sb      s4, 7(sp)
core   0: 3 0x800011c6 (0x014103a3) mem 0x80010562 0xe1
core   0: 0x800011ca (0x005126a3) sw      t0, 13(sp)
core   0: 3 0x800011ca (0x005126a3) mem 0x80010568 0x00000008
core   0: 0x800011ce (0xffa11ba3) sh      s10, -9(sp)
core   0: 3 0x800011ce (0xffa11ba3) mem 0x80010552 0xfff7
core   0: 0x800011d2 (0x00014b83) lbu     s7, 0(sp)
core   0: 3 0x800011d2 (0x00014b83) x23 0x0000007e mem 0x8001055b
core   0: 0x800011d6 (0xfe110823) sb      ra, -16(sp)
core   0: 3 0x800011d6 (0xfe110823) mem 0x8001054b 0x08
core   0: 0x800011da (0xff514283) lbu     t0, -11(sp)
core   0: 3 0x800011da (0xff514283) x5  0x000000fc mem 0x80010550
core   0: 0x800011de (0xff014503) lbu     a0, -16(sp)
core   0: 3 0x800011de (0xff014503) x10 0x00000008 mem 0x8001054b
core   0: 0x800011e2 (0x00114083) lbu     ra, 1(sp)
core   0: 3 0x800011e2 (0x00114083) x1  0x00000097 mem 0x8001055c
core   0: 0x800011e6 (0xff112683) lw      a3, -15(sp)
core   0: 3 0x800011e6 (0xff112683) x13 0xccad3549 mem 0x8001054c
core   0: 0x800011ea (0x00b14403) lbu     s0, 11(sp)
core   0: 3 0x800011ea (0x00b14403) x8  0x0000007a mem 0x80010566
core   0: 0x800011ee (0x407bd9b3) sra     s3, s7, t2
core   0: 3 0x800011ee (0x407bd9b3) x19 0x0000007e
core   0: 0x800011f2 (0xd7e7c193) xori    gp, a5, -642
core   0: 3 0x800011f2 (0xd7e7c193) x3  0xfffffe26
core   0: 0x800011f6 (0x00310823) sb      gp, 16(sp)
core   0: 3 0x800011f6 (0x00310823) mem 0x8001056b 0x26
core   0: 0x800011fa (0xff810e23) sb      s8, -4(sp)
core   0: 3 0x800011fa (0xff810e23) mem 0x80010557 0xa4
core   0: 0x800011fe (0x00b4d1b3) srl     gp, s1, a1
core   0: 3 0x800011fe (0x00b4d1b3) x3  0x00000000
core   0: 0x80001202 (0x0000076d) c.addi  a4, 27
core   0: 3 0x80001202 (0x076d) x14 0x00000013
core   0: 0x80001204 (0x00714983) lbu     s3, 7(sp)
core   0: 3 0x80001204 (0x00714983) x19 0x000000e1 mem 0x80010562
core   0: 0x80001208 (0x008113a3) sh      s0, 7(sp)
core   0: 3 0x80001208 (0x008113a3) mem 0x80010562 0x007a
core   0: 0x8000120c (0xf112ad93) slti    s11, t0, -239
core   0: 3 0x8000120c (0xf112ad93) x27 0x00000000
core   0: 0x80001210 (0x00010283) lb      t0, 0(sp)
core   0: 3 0x80001210 (0x00010283) x5  0x0000007e mem 0x8001055b
core   0: 0x80001214 (0x00810683) lb      a3, 8(sp)
core   0: 3 0x80001214 (0x00810683) x13 0x00000000 mem 0x80010563
core   0: 0x80001218 (0x00a10803) lb      a6, 10(sp)
core   0: 3 0x80001218 (0x00a10803) x16 0xffffffbd mem 0x80010565
core   0: 0x8000121c (0x00810a83) lb      s5, 8(sp)
core   0: 3 0x8000121c (0x00810a83) x21 0x00000000 mem 0x80010563
core   0: 0x80001220 (0x00314a83) lbu     s5, 3(sp)
core   0: 3 0x80001220 (0x00314a83) x21 0x000000eb mem 0x8001055e
core   0: 0x80001224 (0xff514683) lbu     a3, -11(sp)
core   0: 3 0x80001224 (0xff514683) x13 0x000000fc mem 0x80010550
core   0: 0x80001228 (0x01d11bb3) sll     s7, sp, t4
core   0: 3 0x80001228 (0x01d11bb3) x23 0x01055b00
core   0: 0x8000122c (0x00911383) lh      t2, 9(sp)
core   0: 3 0x8000122c (0x00911383) x7  0xffffbdf5 mem 0x80010564
core   0: 0x80001230 (0x00014d83) lbu     s11, 0(sp)
core   0: 3 0x80001230 (0x00014d83) x27 0x0000007e mem 0x8001055b
core   0: 0x80001234 (0x00385db3) srl     s11, a6, gp
core   0: 3 0x80001234 (0x00385db3) x27 0xffffffbd
core   0: 0x80001238 (0x01b04933) xor     s2, zero, s11
core   0: 3 0x80001238 (0x01b04933) x18 0xffffffbd
core   0: 0x8000123c (0x010111a3) sh      a6, 3(sp)
core   0: 3 0x8000123c (0x010111a3) mem 0x8001055e 0xffbd
core   0: 0x80001240 (0xffb10c83) lb      s9, -5(sp)
core   0: 3 0x80001240 (0xffb10c83) x25 0xfffffff1 mem 0x80010556
core   0: 0x80001244 (0x00009afd) c.andi  a3, -1
core   0: 3 0x80001244 (0x9afd) x13 0x000000fc
core   0: 0x80001246 (0x6412e317) auipc   t1, 0x6412e
core   0: 3 0x80001246 (0x6412e317) x6  0xe412f246
core   0: 0x8000124a (0x0385a8b3) mulhsu  a7, a1, s8
core   0: 3 0x8000124a (0x0385a8b3) x17 0xffffddfe
core   0: 0x8000124e (0x00f10623) sb      a5, 12(sp)
core   0: 3 0x8000124e (0x00f10623) mem 0x80010567 0x58
core   0: 0x80001252 (0x00d10503) lb      a0, 13(sp)
core   0: 3 0x80001252 (0x00d10503) x10 0x00000008 mem 0x80010568
core   0: 0x80001256 (0xff510e03) lb      t3, -11(sp)
core   0: 3 0x80001256 (0xff510e03) x28 0xfffffffc mem 0x80010550
core   0: 0x8000125a (0xe7fe6193) ori     gp, t3, -385
core   0: 3 0x8000125a (0xe7fe6193) x3  0xffffffff
core   0: 0x8000125e (0x00710683) lb      a3, 7(sp)
core   0: 3 0x8000125e (0x00710683) x13 0x0000007a mem 0x80010562
core   0: 0x80001262 (0x00a000ef) jal     pc + 0xa
core   0: 3 0x80001262 (0x00a000ef) x1  0x80001266
core   0: 0x8000126c (0x00002809) c.jal   pc + 18
core   0: 3 0x8000126c (0x2809) x1  0x8000126e
core   0: 0x8000127e (0x0000a009) c.j     pc + 2
core   0: 3 0x8000127e (0xa009)
core   0: 0x80001280 (0xffbff36f) jal     t1, pc - 0x6
core   0: 3 0x80001280 (0xffbff36f) x6  0x80001284
core   0: 0x8000127a (0xffbff0ef) jal     pc - 0x6
core   0: 3 0x8000127a (0xffbff0ef) x1  0x8000127e
core   0: 0x80001274 (0x00003fcd) c.jal   pc - 14
core   0: 3 0x80001274 (0x3fcd) x1  0x80001276
core   0: 0x80001266 (0x0000a009) c.j     pc + 2
core   0: 3 0x80001266 (0xa009)
core   0: 0x80001268 (0x00a006ef) jal     a3, pc + 0xa
core   0: 3 0x80001268 (0x00a006ef) x13 0x8000126c
core   0: 0x80001272 (0x0000a019) c.j     pc + 6
core   0: 3 0x80001272 (0xa019)
core   0: 0x80001278 (0x0000bffd) c.j     pc - 2
core   0: 3 0x80001278 (0xbffd)
core   0: 0x80001276 (0x0000bfe5) c.j     pc - 8
core   0: 3 0x80001276 (0xbfe5)
core   0: 0x8000126e (0x016000ef) jal     pc + 0x16
core   0: 3 0x8000126e (0x016000ef) x1  0x80001272
core   0: 0x80001284 (0x02ac6233) rem     tp, s8, a0
core   0: 3 0x80001284 (0x02ac6233) x4  0xfffffffc
core   0: 0x80001288 (0x00013097) auipc   ra, 0x13
core   0: 3 0x80001288 (0x00013097) x1  0x80014288
core   0: 0x8000128c (0xcc308093) addi    ra, ra, -829
core   0: 3 0x8000128c (0xcc308093) x1  0x80013f4b
core   0: 0x80001290 (0x24c08383) lb      t2, 588(ra)
core   0: 3 0x80001290 (0x24c08383) x7  0x00000008 mem 0x80014197
core   0: 0x80001294 (0x24c08e03) lb      t3, 588(ra)
core   0: 3 0x80001294 (0x24c08e03) x28 0x00000008 mem 0x80014197
core   0: 0x80001298 (0x24c0cd83) lbu     s11, 588(ra)
core   0: 3 0x80001298 (0x24c0cd83) x27 0x00000008 mem 0x80014197
core   0: 0x8000129c (0x24c08003) lb      zero, 588(ra)
core   0: 3 0x8000129c (0x24c08003) mem 0x80014197
core   0: 0x800012a0 (0x24c0cb83) lbu     s7, 588(ra)
core   0: 3 0x800012a0 (0x24c0cb83) x23 0x00000008 mem 0x80014197
core   0: 0x800012a4 (0x404d8733) sub     a4, s11, tp
core   0: 3 0x800012a4 (0x404d8733) x14 0x0000000c
core   0: 0x800012a8 (0x24c08d03) lb      s10, 588(ra)
core   0: 3 0x800012a8 (0x24c08d03) x26 0x00000008 mem 0x80014197
core   0: 0x800012ac (0x24c08a83) lb      s5, 588(ra)
core   0: 3 0x800012ac (0x24c08a83) x21 0x00000008 mem 0x80014197
core   0: 0x800012b0 (0x24b08623) sb      a1, 588(ra)
core   0: 3 0x800012b0 (0x24b08623) mem 0x80014197 0xfe
core   0: 0x800012b4 (0x0b802913) slti    s2, zero, 184
core   0: 3 0x800012b4 (0x0b802913) x18 0x00000001
core   0: 0x800012b8 (0x25108623) sb      a7, 588(ra)
core   0: 3 0x800012b8 (0x25108623) mem 0x80014197 0xfe
core   0: 0x800012bc (0x24c08003) lb      zero, 588(ra)
core   0: 3 0x800012bc (0x24c08003) mem 0x80014197
core   0: 0x800012c0 (0x24c08c83) lb      s9, 588(ra)
core   0: 3 0x800012c0 (0x24c08c83) x25 0xfffffffe mem 0x80014197
core   0: 0x800012c4 (0x24908623) sb      s1, 588(ra)
core   0: 3 0x800012c4 (0x24908623) mem 0x80014197 0x08
core   0: 0x800012c8 (0x24c08a03) lb      s4, 588(ra)
core   0: 3 0x800012c8 (0x24c08a03) x20 0x00000008 mem 0x80014197
core   0: 0x800012cc (0x00008a86) c.mv    s5, ra
core   0: 3 0x800012cc (0x8a86) x21 0x80013f4b
core   0: 0x800012ce (0xfc70d483) lhu     s1, -57(ra)
core   0: 3 0x800012ce (0xfc70d483) x9  0x00000743 mem 0x80013f12
core   0: 0x800012d2 (0x11da8893) addi    a7, s5, 285
core   0: 3 0x800012d2 (0x11da8893) x17 0x80014068
core   0: 0x800012d6 (0xfc709803) lh      a6, -57(ra)
core   0: 3 0x800012d6 (0xfc709803) x16 0x00000743 mem 0x80013f12
core   0: 0x800012da (0xfc70db03) lhu     s6, -57(ra)
core   0: 3 0x800012da (0xfc70db03) x22 0x00000743 mem 0x80013f12
core   0: 0x800012de (0xfc70c583) lbu     a1, -57(ra)
core   0: 3 0x800012de (0xfc70c583) x11 0x00000043 mem 0x80013f12
core   0: 0x800012e2 (0x00005375) c.li    t1, -3
core   0: 3 0x800012e2 (0x5375) x6  0xfffffffd
core   0: 0x800012e4 (0x01b37bb3) and     s7, t1, s11
core   0: 3 0x800012e4 (0x01b37bb3) x23 0x00000008
core   0: 0x800012e8 (0x00008cdd) c.or    s1, a5
core   0: 3 0x800012e8 (0x8cdd) x9  0x0000075b
core   0: 0x800012ea (0x00008fad) c.xor   a5, a1
core   0: 3 0x800012ea (0x8fad) x15 0x0000031b
core   0: 0x800012ec (0x3f6a5f37) lui     t5, 0x3f6a5
core   0: 3 0x800012ec (0x3f6a5f37) x30 0x3f6a5000
core   0: 0x800012f0 (0x000064b9) c.lui   s1, 0xe
core   0: 3 0x800012f0 (0x64b9) x9  0x0000e000
core   0: 0x800012f2 (0x00004be1) c.li    s7, 24
core   0: 3 0x800012f2 (0x4be1) x23 0x00000018
core   0: 0x800012f4 (0x00004101) c.li    sp, 0
core   0: 3 0x800012f4 (0x4101) x2  0x00000000
core   0: 0x800012f6 (0xf2a9b2b7) lui     t0, 0xf2a9b
core   0: 3 0x800012f6 (0xf2a9b2b7) x5  0xf2a9b000
core   0: 0x800012fa (0x01474bb3) xor     s7, a4, s4
core   0: 3 0x800012fa (0x01474bb3) x23 0x00000004
core   0: 0x800012fe (0x0000031d) c.addi  t1, 7
core   0: 3 0x800012fe (0x031d) x6  0x00000004
core   0: 0x80001300 (0x019f48b3) xor     a7, t5, s9
core   0: 3 0x80001300 (0x019f48b3) x17 0xc095affe
core   0: 0x80001304 (0x00004c95) c.li    s9, 5
core   0: 3 0x80001304 (0x4c95) x25 0x00000005
core   0: 0x80001306 (0x01c8b233) sltu    tp, a7, t3
core   0: 3 0x80001306 (0x01c8b233) x4  0x00000000
core   0: 0x8000130a (0x000040ad) c.li    ra, 11
core   0: 3 0x8000130a (0x40ad) x1  0x0000000b
core   0: 0x8000130c (0x55a48193) addi    gp, s1, 1370
core   0: 3 0x8000130c (0x55a48193) x3  0x0000e55a
core   0: 0x80001310 (0x03b99733) mulh    a4, s3, s11
core   0: 3 0x80001310 (0x03b99733) x14 0x00000000
core   0: 0x80001314 (0x00000c99) c.addi  s9, 6
core   0: 3 0x80001314 (0x0c99) x25 0x0000000b
core   0: 0x80001316 (0x022281b3) mul     gp, t0, sp
core   0: 3 0x80001316 (0x022281b3) x3  0x00000000
core   0: 0x8000131a (0xfe1c9be3) bne     s9, ra, pc - 10
core   0: 3 0x8000131a (0xfe1c9be3)
core   0: 0x8000131e (0x418dd933) sra     s2, s11, s8
core   0: 3 0x8000131e (0x418dd933) x18 0x00000000
core   0: 0x80001322 (0xfc234ae3) blt     t1, sp, pc - 44
core   0: 3 0x80001322 (0xfc234ae3)
core   0: 0x80001326 (0x016116b3) sll     a3, sp, s6
core   0: 3 0x80001326 (0x016116b3) x13 0x00000000
core   0: 0x8000132a (0x0000fe17) auipc   t3, 0xf
core   0: 3 0x8000132a (0x0000fe17) x28 0x8001032a
core   0: 0x8000132e (0xdd1e0e13) addi    t3, t3, -559
core   0: 3 0x8000132e (0xdd1e0e13) x28 0x800100fb
core   0: 0x80001332 (0x3d8e0983) lb      s3, 984(t3)
core   0: 3 0x80001332 (0x3d8e0983) x19 0xfffffff6 mem 0x800104d3
core   0: 0x80001336 (0x03296cb3) rem     s9, s2, s2
core   0: 3 0x80001336 (0x03296cb3) x25 0x00000000
core   0: 0x8000133a (0x7eae4483) lbu     s1, 2026(t3)
core   0: 3 0x8000133a (0x7eae4483) x9  0x0000003c mem 0x800108e5
core   0: 0x8000133e (0x79ce0c23) sb      t3, 1944(t3)
core   0: 3 0x8000133e (0x79ce0c23) mem 0x80010893 0xfb
core   0: 0x80001342 (0x16ce4183) lbu     gp, 364(t3)
core   0: 3 0x80001342 (0x16ce4183) x3  0x0000009d mem 0x80010267
core   0: 0x80001346 (0x43be0a23) sb      s11, 1076(t3)
core   0: 3 0x80001346 (0x43be0a23) mem 0x8001052f 0x08
core   0: 0x8000134a (0xafc89017) auipc   zero, 0xafc89
core   0: 3 0x8000134a (0xafc89017)
core   0: 0x8000134e (0x73370f13) addi    t5, a4, 1843
core   0: 3 0x8000134e (0x73370f13) x30 0x00000733
core   0: 0x80001352 (0x151e19a3) sh      a7, 339(t3)
core   0: 3 0x80001352 (0x151e19a3) mem 0x8001024e 0xaffe
core   0: 0x80001356 (0x0244b0b3) mulhu   ra, s1, tp
core   0: 3 0x80001356 (0x0244b0b3) x1  0x00000000
core   0: 0x8000135a (0x03be5d03) lhu     s10, 59(t3)
core   0: 3 0x8000135a (0x03be5d03) x26 0x0000eba0 mem 0x80010136
core   0: 0x8000135e (0x41e5d133) sra     sp, a1, t5
core   0: 3 0x8000135e (0x41e5d133) x2  0x00000000
core   0: 0x80001362 (0x77de0c83) lb      s9, 1917(t3)
core   0: 3 0x80001362 (0x77de0c83) x25 0xfffffffa mem 0x80010878
core   0: 0x80001366 (0x6cce0783) lb      a5, 1740(t3)
core   0: 3 0x80001366 (0x6cce0783) x15 0xffffffd3 mem 0x800107c7
core   0: 0x8000136a (0xf90e4283) lbu     t0, -112(t3)
core   0: 3 0x8000136a (0xf90e4283) x5  0x00000074 mem 0x8001008b
core   0: 0x8000136e (0x6867f813) andi    a6, a5, 1670
core   0: 3 0x8000136e (0x6867f813) x16 0x00000682
core   0: 0x80001372 (0x00009592) c.add   a1, tp
core   0: 3 0x80001372 (0x9592) x11 0x00000043
core   0: 0x80001374 (0x44de4f03) lbu     t5, 1101(t3)
core   0: 3 0x80001374 (0x44de4f03) x30 0x0000007f mem 0x80010548
core   0: 0x80001378 (0x312e4703) lbu     a4, 786(t3)
core   0: 3 0x80001378 (0x312e4703) x14 0x000000be mem 0x8001040d
core   0: 0x8000137c (0x00006169) c.addi16sp sp, 208
core   0: 3 0x8000137c (0x6169) x2  0x000000d0
core   0: 0x8000137e (0x00944db3) xor     s11, s0, s1
core   0: 3 0x8000137e (0x00944db3) x27 0x00000046
core   0: 0x80001382 (0x00008f39) c.xor   a4, a4
core   0: 3 0x80001382 (0x8f39) x14 0x00000000
core   0: 0x80001384 (0x132e0883) lb      a7, 306(t3)
core   0: 3 0x80001384 (0x132e0883) x17 0xffffffa6 mem 0x8001022d
core   0: 0x80001388 (0x4e2e0383) lb      t2, 1250(t3)
core   0: 3 0x80001388 (0x4e2e0383) x7  0x00000026 mem 0x800105dd
core   0: 0x8000138c (0x08be0203) lb      tp, 139(t3)
core   0: 3 0x8000138c (0x08be0203) x4  0x0000007e mem 0x80010186
core   0: 0x80001390 (0x6a6e0f03) lb      t5, 1702(t3)
core   0: 3 0x80001390 (0x6a6e0f03) x30 0xffffffd3 mem 0x800107a1
core   0: 0x80001394 (0x00010117) auipc   sp, 0x10
core   0: 3 0x80001394 (0x00010117) x2  0x80011394
core   0: 0x80001398 (0x96d10113) addi    sp, sp, -1683
core   0: 3 0x80001398 (0x96d10113) x2  0x80010d01
core   0: 0x8000139c (0xfea119a3) sh      a0, -13(sp)
core   0: 3 0x8000139c (0xfea119a3) mem 0x80010cf4 0x0008
core   0: 0x800013a0 (0xff115e03) lhu     t3, -15(sp)
core   0: 3 0x800013a0 (0xff115e03) x28 0x0000838b mem 0x80010cf2
core   0: 0x800013a4 (0xba544413) xori    s0, s0, -1115
core   0: 3 0x800013a4 (0xba544413) x8  0xfffffbdf
core   0: 0x800013a8 (0x02352b33) mulhsu  s6, a0, gp
core   0: 3 0x800013a8 (0x02352b33) x22 0x00000000
core   0: 0x800013ac (0xfe3118a3) sh      gp, -15(sp)
core   0: 3 0x800013ac (0xfe3118a3) mem 0x80010cf2 0x009d
core   0: 0x800013b0 (0x01c114a3) sh      t3, 9(sp)
core   0: 3 0x800013b0 (0x01c114a3) mem 0x80010d0a 0x838b
core   0: 0x800013b4 (0x58244a93) xori    s5, s0, 1410
core   0: 3 0x800013b4 (0x58244a93) x21 0xfffffe5d
core   0: 0x800013b8 (0x00008aa2) c.mv    s5, s0
core   0: 3 0x800013b8 (0x8aa2) x21 0xfffffbdf
core   0: 0x800013ba (0xff914e03) lbu     t3, -7(sp)
core   0: 3 0x800013ba (0xff914e03) x28 0x0000001a mem 0x80010cfa
core   0: 0x800013be (0x00f11a83) lh      s5, 15(sp)
core   0: 3 0x800013be (0x00f11a83) x21 0x000066dc mem 0x80010d10
core   0: 0x800013c2 (0xff414503) lbu     a0, -12(sp)
core   0: 3 0x800013c2 (0xff414503) x10 0x00000000 mem 0x80010cf5
core   0: 0x800013c6 (0x415ad433) sra     s0, s5, s5
core   0: 3 0x800013c6 (0x415ad433) x8  0x00000000
core   0: 0x800013ca (0xffd11b03) lh      s6, -3(sp)
core   0: 3 0x800013ca (0xffd11b03) x22 0x00006bec mem 0x80010cfe
core   0: 0x800013ce (0x00e10a83) lb      s5, 14(sp)
core   0: 3 0x800013ce (0x00e10a83) x21 0x00000058 mem 0x80010d0f
core   0: 0x800013d2 (0x00b11a83) lh      s5, 11(sp)
core   0: 3 0x800013d2 (0x00b11a83) x21 0xffff8217 mem 0x80010d0c
core   0: 0x800013d6 (0x00a14403) lbu     s0, 10(sp)
core   0: 3 0x800013d6 (0x00a14403) x8  0x00000083 mem 0x80010d0b
core   0: 0x800013da (0xe9047e13) andi    t3, s0, -368
core   0: 3 0x800013da (0xe9047e13) x28 0x00000080
core   0: 0x800013de (0x01510823) sb      s5, 16(sp)
core   0: 3 0x800013de (0x01510823) mem 0x80010d11 0x17
core   0: 0x800013e2 (0xff610d23) sb      s6, -6(sp)
core   0: 3 0x800013e2 (0xff610d23) mem 0x80010cfb 0xec
core   0: 0x800013e6 (0x0281cab3) div     s5, gp, s0
core   0: 3 0x800013e6 (0x0281cab3) x21 0x00000001
core   0: 0x800013ea (0x76b3ab17) auipc   s6, 0x76b3a
core   0: 3 0x800013ea (0x76b3ab17) x22 0xf6b3b3ea
core   0: 0x800013ee (0x00a10023) sb      a0, 0(sp)
core   0: 3 0x800013ee (0x00a10023) mem 0x80010d01 0x00
core   0: 0x800013f2 (0x018b5e13) srli    t3, s6, 24
core   0: 3 0x800013f2 (0x018b5e13) x28 0x000000f6
core   0: 0x800013f6 (0x00315183) lhu     gp, 3(sp)
core   0: 3 0x800013f6 (0x00315183) x3  0x0000c62a mem 0x80010d04
core   0: 0x800013fa (0xfea129a3) sw      a0, -13(sp)
core   0: 3 0x800013fa (0xfea129a3) mem 0x80010cf4 0x00000000
core   0: 0x800013fe (0x00810423) sb      s0, 8(sp)
core   0: 3 0x800013fe (0x00810423) mem 0x80010d09 0x83
core   0: 0x80001402 (0x02a1be33) mulhu   t3, gp, a0
core   0: 3 0x80001402 (0x02a1be33) x28 0x00000000
core   0: 0x80001406 (0x00014183) lbu     gp, 0(sp)
core   0: 3 0x80001406 (0x00014183) x3  0x00000000 mem 0x80010d01
core   0: 0x8000140a (0x41640ab3) sub     s5, s0, s6
core   0: 3 0x8000140a (0x41640ab3) x21 0x094c4c99
core   0: 0x8000140e (0x00b15a83) lhu     s5, 11(sp)
core   0: 3 0x8000140e (0x00b15a83) x21 0x00008217 mem 0x80010d0c
core   0: 0x80001412 (0x01510723) sb      s5, 14(sp)
core   0: 3 0x80001412 (0x01510723) mem 0x80010d0f 0x17
core   0: 0x80001416 (0xdae1ce13) xori    t3, gp, -594
core   0: 3 0x80001416 (0xdae1ce13) x28 0xfffffdae
core   0: 0x8000141a (0x00b11b03) lh      s6, 11(sp)
core   0: 3 0x8000141a (0x00b11b03) x22 0xffff8217 mem 0x80010d0c
core   0: 0x8000141e (0x00010217) auipc   tp, 0x10
core   0: 3 0x8000141e (0x00010217) x4  0x8001141e
core   0: 0x80001422 (0x9a820213) addi    tp, tp, -1624
core   0: 3 0x80001422 (0x9a820213) x4  0x80010dc6
core   0: 0x80001426 (0xa7e21803) lh      a6, -1410(tp)
core   0: 3 0x80001426 (0xa7e21803) x16 0xfffff96b mem 0x80010844
core   0: 0x8000142a (0x00008e22) c.mv    t3, s0
core   0: 3 0x8000142a (0x8e22) x28 0x00000083
core   0: 0x8000142c (0x000095f2) c.add   a1, t3
core   0: 3 0x8000142c (0x95f2) x11 0x000000c6
core   0: 0x8000142e (0xb4e20da3) sb      a4, -1189(tp)
core   0: 3 0x8000142e (0xb4e20da3) mem 0x80010921 0x00
core   0: 0x80001432 (0x26425103) lhu     sp, 612(tp)
core   0: 3 0x80001432 (0x26425103) x2  0x00006cc7 mem 0x8001102a
core   0: 0x80001436 (0xba924603) lbu     a2, -1111(tp)
core   0: 3 0x80001436 (0xba924603) x12 0x0000009c mem 0x8001096f
core   0: 0x8000143a (0x1aa25983) lhu     s3, 426(tp)
core   0: 3 0x8000143a (0x1aa25983) x19 0x0000911a mem 0x80010f70
core   0: 0x8000143e (0x0000806d) c.srli  s0, 27
core   0: 3 0x8000143e (0x806d) x8  0x00000000
core   0: 0x80001440 (0x00b7ce33) xor     t3, a5, a1
core   0: 3 0x80001440 (0x00b7ce33) x28 0xffffff15
core   0: 0x80001444 (0x00000001) c.nop
core   0: 3 0x80001444 (0x0001)
core   0: 0x80001446 (0xde724e03) lbu     t3, -537(tp)
core   0: 3 0x80001446 (0xde724e03) x28 0x0000007f mem 0x80010bad
core   0: 0x8000144a (0x02c997b3) mulh    a5, s3, a2
core   0: 3 0x8000144a (0x02c997b3) x15 0x00000000
core   0: 0x8000144e (0x82020983) lb      s3, -2016(tp)
core   0: 3 0x8000144e (0x82020983) x19 0x00000071 mem 0x800105e6
core   0: 0x80001452 (0x15d24a03) lbu     s4, 349(tp)
core   0: 3 0x80001452 (0x15d24a03) x20 0x00000009 mem 0x80010f23
core   0: 0x80001456 (0xca720f13) addi    t5, tp, -857
core   0: 3 0x80001456 (0xca720f13) x30 0x80010a6d
core   0: 0x8000145a (0x14220aa3) sb      sp, 341(tp)
core   0: 3 0x8000145a (0x14220aa3) mem 0x80010f1b 0xc7
core   0: 0x8000145e (0x00000e42) c.slli  t3, 16
core   0: 3 0x8000145e (0x0e42) x28 0x007f0000
core   0: 0x80001460 (0xdbb206a3) sb      s11, -595(tp)
core   0: 3 0x80001460 (0xdbb206a3) mem 0x80010b73 0x46
core   0: 0x80001464 (0x0f021683) lh      a3, 240(tp)
core   0: 3 0x80001464 (0x0f021683) x13 0x000075d2 mem 0x80010eb6
core   0: 0x80001468 (0x00008e51) c.or    a2, a2
core   0: 3 0x80001468 (0x8e51) x12 0x0000009c
core   0: 0x8000146a (0xce224503) lbu     a0, -798(tp)
core   0: 3 0x8000146a (0xce224503) x10 0x000000f0 mem 0x80010aa8
core   0: 0x8000146e (0x1b620503) lb      a0, 438(tp)
core   0: 3 0x8000146e (0x1b620503) x10 0xffffff9d mem 0x80010f7c
core   0: 0x80001472 (0xfc320423) sb      gp, -56(tp)
core   0: 3 0x80001472 (0xfc320423) mem 0x80010d8e 0x00
core   0: 0x80001476 (0x21d20823) sb      t4, 528(tp)
core   0: 3 0x80001476 (0x21d20823) mem 0x80010fd6 0x08
core   0: 0x8000147a (0x82724903) lbu     s2, -2009(tp)
core   0: 3 0x8000147a (0x82724903) x18 0x00000097 mem 0x800105ed
core   0: 0x8000147e (0xc3624d03) lbu     s10, -970(tp)
core   0: 3 0x8000147e (0xc3624d03) x26 0x0000008a mem 0x800109fc
core   0: 0x80001482 (0x00001818) c.addi4spn a4, sp, 48
core   0: 3 0x80001482 (0x1818) x14 0x00006cf7
core   0: 0x80001484 (0x02126a33) rem     s4, tp, ra
core   0: 3 0x80001484 (0x02126a33) x20 0x80010dc6
core   0: 0x80001488 (0x000091d6) c.add   gp, s5
core   0: 3 0x80001488 (0x91d6) x3  0x00008217
core   0: 0x8000148a (0x028241b3) div     gp, tp, s0
core   0: 3 0x8000148a (0x028241b3) x3  0xffffffff
core   0: 0x8000148e (0x0d5205a3) sb      s5, 203(tp)
core   0: 3 0x8000148e (0x0d5205a3) mem 0x80010e91 0x17
core   0: 0x80001492 (0x99320fa3) sb      s3, -1633(tp)
core   0: 3 0x80001492 (0x99320fa3) mem 0x80010765 0x71
core   0: 0x80001496 (0x0000876d) c.srai  a4, 27
core   0: 3 0x80001496 (0x876d) x14 0x00000000
core   0: 0x80001498 (0xff020c83) lb      s9, -16(tp)
core   0: 3 0x80001498 (0xff020c83) x25 0x00000021 mem 0x80010db6
core   0: 0x8000149c (0x00008171) c.srli  a0, 28
core   0: 3 0x8000149c (0x8171) x10 0x0000000f
core   0: 0x8000149e (0x0279b7b3) mulhu   a5, s3, t2
core   0: 3 0x8000149e (0x0279b7b3) x15 0x00000000
core   0: 0x800014a2 (0x00008e89) c.sub   a3, a0
core   0: 3 0x800014a2 (0x8e89) x13 0x000075c3
core   0: 0x800014a4 (0x01c928b3) slt     a7, s2, t3
core   0: 3 0x800014a4 (0x01c928b3) x17 0x00000001
core   0: 0x800014a8 (0xfef20c83) lb      s9, -17(tp)
core   0: 3 0x800014a8 (0xfef20c83) x25 0x0000003e mem 0x80010db5
core   0: 0x800014ac (0x108201a3) sb      s0, 259(tp)
core   0: 3 0x800014ac (0x108201a3) mem 0x80010ec9 0x00
core   0: 0x800014b0 (0xa4a20883) lb      a7, -1462(tp)
core   0: 3 0x800014b0 (0xa4a20883) x17 0x0000006c mem 0x80010810
core   0: 0x800014b4 (0xcad21c23) sh      a3, -840(tp)
core   0: 3 0x800014b4 (0xcad21c23) mem 0x80010a7e 0x75c3
core   0: 0x800014b8 (0x00008bb6) c.mv    s7, a3
core   0: 3 0x800014b8 (0x8bb6) x23 0x000075c3
core   0: 0x800014ba (0xbca20c23) sb      a0, -1064(tp)
core   0: 3 0x800014ba (0xbca20c23) mem 0x8001099e 0x0f
core   0: 0x800014be (0x00008c69) c.and   s0, a0
core   0: 3 0x800014be (0x8c69) x8  0x00000000
core   0: 0x800014c0 (0x007ce833) or      a6, s9, t2
core   0: 3 0x800014c0 (0x007ce833) x16 0x0000003e
core   0: 0x800014c4 (0x00000001) c.nop
core   0: 3 0x800014c4 (0x0001)
core   0: 0x800014c6 (0xec3200a3) sb      gp, -319(tp)
core   0: 3 0x800014c6 (0xec3200a3) mem 0x80010c87 0xff
core   0: 0x800014ca (0x0000410d) c.li    sp, 3
core   0: 3 0x800014ca (0x410d) x2  0x00000003
core   0: 0x800014cc (0x00005f69) c.li    t5, -6
core   0: 3 0x800014cc (0x5f69) x30 0xfffffffa
core   0: 0x800014ce (0x00005cfd) c.li    s9, -1
core   0: 3 0x800014ce (0x5cfd) x25 0xffffffff
core   0: 0x800014d0 (0x0000115d) c.addi  sp, -9
core   0: 3 0x800014d0 (0x115d) x2  0xfffffffa
core   0: 0x800014d2 (0x00004d01) c.li    s10, 0
core   0: 3 0x800014d2 (0x4d01) x26 0x00000000
core   0: 0x800014d4 (0x00004a29) c.li    s4, 10
core   0: 3 0x800014d4 (0x4a29) x20 0x0000000a
core   0: 0x800014d6 (0x03195833) divu    a6, s2, a7
core   0: 3 0x800014d6 (0x03195833) x16 0x00000001
core   0: 0x800014da (0x026da3b3) mulhsu  t2, s11, t1
core   0: 3 0x800014da (0x026da3b3) x7  0x00000000
core   0: 0x800014de (0x00000d11) c.addi  s10, 4
core   0: 3 0x800014de (0x0d11) x26 0x00000004
core   0: 0x800014e0 (0xff4d6de3) bltu    s10, s4, pc - 6
core   0: 3 0x800014e0 (0xff4d6de3)
core   0: 0x800014da (0x026da3b3) mulhsu  t2, s11, t1
core   0: 3 0x800014da (0x026da3b3) x7  0x00000000
core   0: 0x800014de (0x00000d11) c.addi  s10, 4
core   0: 3 0x800014de (0x0d11) x26 0x00000008
core   0: 0x800014e0 (0xff4d6de3) bltu    s10, s4, pc - 6
core   0: 3 0x800014e0 (0xff4d6de3)
core   0: 0x800014da (0x026da3b3) mulhsu  t2, s11, t1
core   0: 3 0x800014da (0x026da3b3) x7  0x00000000
core   0: 0x800014de (0x00000d11) c.addi  s10, 4
core   0: 3 0x800014de (0x0d11) x26 0x0000000c
core   0: 0x800014e0 (0xff4d6de3) bltu    s10, s4, pc - 6
core   0: 3 0x800014e0 (0xff4d6de3)
core   0: 0x800014e4 (0xffe155e3) bge     sp, t5, pc - 22
core   0: 3 0x800014e4 (0xffe155e3)
core   0: 0x800014ce (0x00005cfd) c.li    s9, -1
core   0: 3 0x800014ce (0x5cfd) x25 0xffffffff
core   0: 0x800014d0 (0x0000115d) c.addi  sp, -9
core   0: 3 0x800014d0 (0x115d) x2  0xfffffff1
core   0: 0x800014d2 (0x00004d01) c.li    s10, 0
core   0: 3 0x800014d2 (0x4d01) x26 0x00000000
core   0: 0x800014d4 (0x00004a29) c.li    s4, 10
core   0: 3 0x800014d4 (0x4a29) x20 0x0000000a
core   0: 0x800014d6 (0x03195833) divu    a6, s2, a7
core   0: 3 0x800014d6 (0x03195833) x16 0x00000001
core   0: 0x800014da (0x026da3b3) mulhsu  t2, s11, t1
core   0: 3 0x800014da (0x026da3b3) x7  0x00000000
core   0: 0x800014de (0x00000d11) c.addi  s10, 4
core   0: 3 0x800014de (0x0d11) x26 0x00000004
core   0: 0x800014e0 (0xff4d6de3) bltu    s10, s4, pc - 6
core   0: 3 0x800014e0 (0xff4d6de3)
core   0: 0x800014da (0x026da3b3) mulhsu  t2, s11, t1
core   0: 3 0x800014da (0x026da3b3) x7  0x00000000
core   0: 0x800014de (0x00000d11) c.addi  s10, 4
core   0: 3 0x800014de (0x0d11) x26 0x00000008
core   0: 0x800014e0 (0xff4d6de3) bltu    s10, s4, pc - 6
core   0: 3 0x800014e0 (0xff4d6de3)
core   0: 0x800014da (0x026da3b3) mulhsu  t2, s11, t1
core   0: 3 0x800014da (0x026da3b3) x7  0x00000000
core   0: 0x800014de (0x00000d11) c.addi  s10, 4
core   0: 3 0x800014de (0x0d11) x26 0x0000000c
core   0: 0x800014e0 (0xff4d6de3) bltu    s10, s4, pc - 6
core   0: 3 0x800014e0 (0xff4d6de3)
core   0: 0x800014e4 (0xffe155e3) bge     sp, t5, pc - 22
core   0: 3 0x800014e4 (0xffe155e3)
core   0: 0x800014e8 (0x020fae33) mulhsu  t3, t6, zero
core   0: 3 0x800014e8 (0x020fae33) x28 0x00000000
core   0: 0x800014ec (0x00015217) auipc   tp, 0x15
core   0: 3 0x800014ec (0x00015217) x4  0x800164ec
core   0: 0x800014f0 (0x36920213) addi    tp, tp, 873
core   0: 3 0x800014f0 (0x36920213) x4  0x80016855
core   0: 0x800014f4 (0xfce206a3) sb      a4, -51(tp)
core   0: 3 0x800014f4 (0xfce206a3) mem 0x80016822 0x00
core   0: 0x800014f8 (0xfc4206a3) sb      tp, -51(tp)
core   0: 3 0x800014f8 (0xfc4206a3) mem 0x80016822 0x55
core   0: 0x800014fc (0xfcd20b83) lb      s7, -51(tp)
core   0: 3 0x800014fc (0xfcd20b83) x23 0x00000055 mem 0x80016822
core   0: 0x80001500 (0x00a20e03) lb      t3, 10(tp)
core   0: 3 0x80001500 (0x00a20e03) x28 0x00000001 mem 0x8001685f
core   0: 0x80001504 (0x00e20223) sb      a4, 4(tp)
core   0: 3 0x80001504 (0x00e20223) mem 0x80016859 0x00
core   0: 0x80001508 (0xfdc20483) lb      s1, -36(tp)
core   0: 3 0x80001508 (0xfdc20483) x9  0xffffff97 mem 0x80016831
core   0: 0x8000150c (0xfdc20603) lb      a2, -36(tp)
core   0: 3 0x8000150c (0xfdc20603) x12 0xffffff97 mem 0x80016831
core   0: 0x80001510 (0xfc120e23) sb      ra, -36(tp)
core   0: 3 0x80001510 (0xfc120e23) mem 0x80016831 0x00
core   0: 0x80001514 (0x1032a813) slti    a6, t0, 259
core   0: 3 0x80001514 (0x1032a813) x16 0x00000001
core   0: 0x80001518 (0x030eb7b3) mulhu   a5, t4, a6
core   0: 3 0x80001518 (0x030eb7b3) x15 0x00000000
core   0: 0x8000151c (0xfce20e23) sb      a4, -36(tp)
core   0: 3 0x8000151c (0xfce20e23) mem 0x80016831 0x00
core   0: 0x80001520 (0xfdc24e03) lbu     t3, -36(tp)
core   0: 3 0x80001520 (0xfdc24e03) x28 0x00000000 mem 0x80016831
core   0: 0x80001524 (0x02f7d9b3) divu    s3, a5, a5
core   0: 3 0x80001524 (0x02f7d9b3) x19 0xffffffff
core   0: 0x80001528 (0xfd920e23) sb      s9, -36(tp)
core   0: 3 0x80001528 (0xfd920e23) mem 0x80016831 0xff
core   0: 0x8000152c (0xff624703) lbu     a4, -10(tp)
core   0: 3 0x8000152c (0xff624703) x14 0x00000091 mem 0x8001684b
core   0: 0x80001530 (0xfec20b23) sb      a2, -10(tp)
core   0: 3 0x80001530 (0xfec20b23) mem 0x8001684b 0x97
core   0: 0x80001534 (0xff624283) lbu     t0, -10(tp)
core   0: 3 0x80001534 (0xff624283) x5  0x00000097 mem 0x8001684b
core   0: 0x80001538 (0xff624f03) lbu     t5, -10(tp)
core   0: 3 0x80001538 (0xff624f03) x30 0x00000097 mem 0x8001684b
core   0: 0x8000153c (0x03df56b3) divu    a3, t5, t4
core   0: 3 0x8000153c (0x03df56b3) x13 0x00000012
core   0: 0x80001540 (0xff624a03) lbu     s4, -10(tp)
core   0: 3 0x80001540 (0xff624a03) x20 0x00000097 mem 0x8001684b
core   0: 0x80001544 (0x419c82b3) sub     t0, s9, s9
core   0: 3 0x80001544 (0x419c82b3) x5  0x00000000
core   0: 0x80001548 (0xff620f03) lb      t5, -10(tp)
core   0: 3 0x80001548 (0xff620f03) x30 0xffffff97 mem 0x8001684b
core   0: 0x8000154c (0xfff20b23) sb      t6, -10(tp)
core   0: 3 0x8000154c (0xfff20b23) mem 0x8001684b 0x24
core   0: 0x80001550 (0xff620b83) lb      s7, -10(tp)
core   0: 3 0x80001550 (0xff620b83) x23 0x00000024 mem 0x8001684b
core   0: 0x80001554 (0x02b21403) lh      s0, 43(tp)
core   0: 3 0x80001554 (0x02b21403) x8  0x000014fd mem 0x80016880
core   0: 0x80001558 (0x0001a117) auipc   sp, 0x1a
core   0: 3 0x80001558 (0x0001a117) x2  0x8001b558
core   0: 0x8000155c (0x4ce10113) addi    sp, sp, 1230
core   0: 3 0x8000155c (0x4ce10113) x2  0x8001ba26
core   0: 0x80001560 (0x09c032b7) lui     t0, 0x9c03
core   0: 3 0x80001560 (0x09c032b7) x5  0x09c03000
core   0: 0x80001564 (0xffe107a3) sb      t5, -17(sp)
core   0: 3 0x80001564 (0xffe107a3) mem 0x8001ba15 0x97
core   0: 0x80001568 (0x02114903) lbu     s2, 33(sp)
core   0: 3 0x80001568 (0x02114903) x18 0x000000c9 mem 0x8001ba47
core   0: 0x8000156c (0xff410903) lb      s2, -12(sp)
core   0: 3 0x8000156c (0xff410903) x18 0xffffff9f mem 0x8001ba1a
core   0: 0x80001570 (0xcf0d2593) slti    a1, s10, -784
core   0: 3 0x80001570 (0xcf0d2593) x11 0x00000000
core   0: 0x80001574 (0x03414a03) lbu     s4, 52(sp)
core   0: 3 0x80001574 (0x03414a03) x20 0x000000b3 mem 0x8001ba5a
core   0: 0x80001578 (0x00008412) c.mv    s0, tp
core   0: 3 0x80001578 (0x8412) x8  0x80016855
core   0: 0x8000157a (0x00008db9) c.xor   a1, a4
core   0: 3 0x8000157a (0x8db9) x11 0x00000091
core   0: 0x8000157c (0x000101a3) sb      zero, 3(sp)
core   0: 3 0x8000157c (0x000101a3) mem 0x8001ba29 0x00
core   0: 0x80001580 (0x020e6233) rem     tp, t3, zero
core   0: 3 0x80001580 (0x020e6233) x4  0x00000000
core   0: 0x80001584 (0x0000863d) c.srai  a2, 15
core   0: 3 0x80001584 (0x863d) x12 0xffffffff
core   0: 0x80001586 (0xd5496e37) lui     t3, 0xd5496
core   0: 3 0x80001586 (0xd5496e37) x28 0xd5496000
core   0: 0x8000158a (0x01f10e23) sb      t6, 28(sp)
core   0: 3 0x8000158a (0x01f10e23) mem 0x8001ba42 0x24
core   0: 0x8000158e (0x00008f09) c.sub   a4, a0
core   0: 3 0x8000158e (0x8f09) x14 0x00000082
core   0: 0x80001590 (0x04014403) lbu     s0, 64(sp)
core   0: 3 0x80001590 (0x04014403) x8  0x00000059 mem 0x8001ba66
core   0: 0x80001594 (0x03510603) lb      a2, 53(sp)
core   0: 3 0x80001594 (0x03510603) x12 0xffffff82 mem 0x8001ba5b
core   0: 0x80001598 (0xfe6101a3) sb      t1, -29(sp)
core   0: 3 0x80001598 (0xfe6101a3) mem 0x8001ba09 0x04
core   0: 0x8000159c (0xfd210d03) lb      s10, -46(sp)
core   0: 3 0x8000159c (0xfd210d03) x26 0x0000005d mem 0x8001b9f8
core   0: 0x800015a0 (0xff714483) lbu     s1, -9(sp)
core   0: 3 0x800015a0 (0xff714483) x9  0x00000052 mem 0x8001ba1d
core   0: 0x800015a4 (0xfe410603) lb      a2, -28(sp)
core   0: 3 0x800015a4 (0xfe410603) x12 0x00000070 mem 0x8001ba0a
core   0: 0x800015a8 (0x00000001) c.nop
core   0: 3 0x800015a8 (0x0001)
core   0: 0x800015aa (0x00008db9) c.xor   a1, a4
core   0: 3 0x800015aa (0x8db9) x11 0x00000013
core   0: 0x800015ac (0x000018fd) c.addi  a7, -1
core   0: 3 0x800015ac (0x18fd) x17 0x0000006b
core   0: 0x800015ae (0xfc3109a3) sb      gp, -45(sp)
core   0: 3 0x800015ae (0xfc3109a3) mem 0x8001b9f9 0xff
core   0: 0x800015b2 (0x00e12d03) lw      s10, 14(sp)
core   0: 3 0x800015b2 (0x00e12d03) x26 0x0d323d75 mem 0x8001ba34
core   0: 0x800015b6 (0x00011197) auipc   gp, 0x11
core   0: 3 0x800015b6 (0x00011197) x3  0x800125b6
core   0: 0x800015ba (0x67818193) addi    gp, gp, 1656
core   0: 3 0x800015ba (0x67818193) x3  0x80012c2e
core   0: 0x800015be (0x01e7e733) or      a4, a5, t5
core   0: 3 0x800015be (0x01e7e733) x14 0xffffff97
core   0: 0x800015c2 (0x0aa19b83) lh      s7, 170(gp)
core   0: 3 0x800015c2 (0x0aa19b83) x23 0x000051bb mem 0x80012cd8
core   0: 0x800015c6 (0x03960733) mul     a4, a2, s9
core   0: 3 0x800015c6 (0x03960733) x14 0xffffff90
core   0: 0x800015ca (0xfa718b83) lb      s7, -89(gp)
core   0: 3 0x800015ca (0xfa718b83) x23 0xfffffff7 mem 0x80012bd5
core   0: 0x800015ce (0x0e91c783) lbu     a5, 233(gp)
core   0: 3 0x800015ce (0x0e91c783) x15 0x000000f5 mem 0x80012d17
core   0: 0x800015d2 (0x00c1d603) lhu     a2, 12(gp)
core   0: 3 0x800015d2 (0x00c1d603) x12 0x00005ff5 mem 0x80012c3a
core   0: 0x800015d6 (0x00f65633) srl     a2, a2, a5
core   0: 3 0x800015d6 (0x00f65633) x12 0x00000000
core   0: 0x800015da (0xf061ab83) lw      s7, -250(gp)
core   0: 3 0x800015da (0xf061ab83) x23 0xf6f91d60 mem 0x80012b34
core   0: 0x800015de (0x00008e7d) c.and   a2, a5
core   0: 3 0x800015de (0x8e7d) x12 0x00000000
core   0: 0x800015e0 (0x0b71cb83) lbu     s7, 183(gp)
core   0: 3 0x800015e0 (0x0b71cb83) x23 0x0000008f mem 0x80012ce5
core   0: 0x800015e4 (0x00008fd1) c.or    a5, a2
core   0: 3 0x800015e4 (0x8fd1) x15 0x000000f5
core   0: 0x800015e6 (0x0000073e) c.slli  a4, 15
core   0: 3 0x800015e6 (0x073e) x14 0xffc80000
core   0: 0x800015e8 (0x03971f33) mulh    t5, a4, s9
core   0: 3 0x800015e8 (0x03971f33) x30 0x00000000
core   0: 0x800015ec (0x08118c83) lb      s9, 129(gp)
core   0: 3 0x800015ec (0x08118c83) x25 0xffffffcb mem 0x80012caf
core   0: 0x800015f0 (0xfac19d23) sh      a2, -70(gp)
core   0: 3 0x800015f0 (0xfac19d23) mem 0x80012be8 0x0000
core   0: 0x800015f4 (0xd7ccac93) slti    s9, s9, -644
core   0: 3 0x800015f4 (0xd7ccac93) x25 0x00000000
core   0: 0x800015f8 (0xfee180a3) sb      a4, -31(gp)
core   0: 3 0x800015f8 (0xfee180a3) mem 0x80012c0f 0x00
core   0: 0x800015fc (0x00004c95) c.li    s9, 5
core   0: 3 0x800015fc (0x4c95) x25 0x00000005
core   0: 0x800015fe (0x00001cfd) c.addi  s9, -1
core   0: 3 0x800015fe (0x1cfd) x25 0x00000004
core   0: 0x80001600 (0xf8b18b83) lb      s7, -117(gp)
core   0: 3 0x80001600 (0xf8b18b83) x23 0x00000050 mem 0x80012bb9
core   0: 0x80001604 (0x00000001) c.nop
core   0: 3 0x80001604 (0x0001)
core   0: 0x80001606 (0xe7770b97) auipc   s7, 0xe7770
core   0: 3 0x80001606 (0xe7770b97) x23 0x67771606
core   0: 0x8000160a (0x02fcccb3) div     s9, s9, a5
core   0: 3 0x8000160a (0x02fcccb3) x25 0x00000000
core   0: 0x8000160e (0x0000973a) c.add   a4, a4
core   0: 3 0x8000160e (0x973a) x14 0xff900000
core   0: 0x80001610 (0xf9919223) sh      s9, -124(gp)
core   0: 3 0x80001610 (0xf9919223) mem 0x80012bb2 0x0000
core   0: 0x80001614 (0x037ccbb3) div     s7, s9, s7
core   0: 3 0x80001614 (0x037ccbb3) x23 0x00000000
core   0: 0x80001618 (0x0b21ac83) lw      s9, 178(gp)
core   0: 3 0x80001618 (0x0b21ac83) x25 0x36ff4e64 mem 0x80012ce0
core   0: 0x8000161c (0x00ebdc93) srli    s9, s7, 14
core   0: 3 0x8000161c (0x00ebdc93) x25 0x00000000
core   0: 0x80001620 (0x000087e9) c.srai  a5, 26
core   0: 3 0x80001620 (0x87e9) x15 0x00000000
core   0: 0x80001622 (0xf591cc83) lbu     s9, -167(gp)
core   0: 3 0x80001622 (0xf591cc83) x25 0x00000069 mem 0x80012b87
core   0: 0x80001626 (0xffe184a3) sb      t5, -23(gp)
core   0: 3 0x80001626 (0xffe184a3) mem 0x80012c17 0x00
core   0: 0x8000162a (0xfe21cb83) lbu     s7, -30(gp)
core   0: 3 0x8000162a (0xfe21cb83) x23 0x0000000d mem 0x80012c10
core   0: 0x8000162e (0x01961733) sll     a4, a2, s9
core   0: 3 0x8000162e (0x01961733) x14 0x00000000
core   0: 0x80001632 (0x017ce733) or      a4, s9, s7
core   0: 3 0x80001632 (0x017ce733) x14 0x0000006d
core   0: 0x80001636 (0x00fce733) or      a4, s9, a5
core   0: 3 0x80001636 (0x00fce733) x14 0x00000069
core   0: 0x8000163a (0x03ef3cb3) mulhu   s9, t5, t5
core   0: 3 0x8000163a (0x03ef3cb3) x25 0x00000000
core   0: 0x8000163e (0x00004755) c.li    a4, 21
core   0: 3 0x8000163e (0x4755) x14 0x00000015
core   0: 0x80001640 (0xfe01c703) lbu     a4, -32(gp)
core   0: 3 0x80001640 (0xfe01c703) x14 0x000000dd mem 0x80012c0e
core   0: 0x80001644 (0x03966f33) rem     t5, a2, s9
core   0: 3 0x80001644 (0x03966f33) x30 0x00000000
core   0: 0x80001648 (0x7dc08637) lui     a2, 0x7dc08
core   0: 3 0x80001648 (0x7dc08637) x12 0x7dc08000
core   0: 0x8000164c (0x00008fbd) c.xor   a5, a5
core   0: 3 0x8000164c (0x8fbd) x15 0x00000000
core   0: 0x8000164e (0x02ebccb3) div     s9, s7, a4
core   0: 3 0x8000164e (0x02ebccb3) x25 0x00000000
core   0: 0x80001652 (0x00fcfcb3) and     s9, s9, a5
core   0: 3 0x80001652 (0x00fcfcb3) x25 0x00000000
core   0: 0x80001656 (0x16bbb613) sltiu   a2, s7, 363
core   0: 3 0x80001656 (0x16bbb613) x12 0x00000001
core   0: 0x8000165a (0x01919c23) sh      s9, 24(gp)
core   0: 3 0x8000165a (0x01919c23) mem 0x80012c46 0x0000
core   0: 0x8000165e (0x0000fc97) auipc   s9, 0xf
core   0: 3 0x8000165e (0x0000fc97) x25 0x8001065e
core   0: 0x80001662 (0x37ec8c93) addi    s9, s9, 894
core   0: 3 0x80001662 (0x37ec8c93) x25 0x800109dc
core   0: 0x80001666 (0x00db5113) srli    sp, s6, 13
core   0: 3 0x80001666 (0x00db5113) x2  0x0007fffc
core   0: 0x8000166a (0xa82c8f03) lb      t5, -1406(s9)
core   0: 3 0x8000166a (0xa82c8f03) x30 0x00000045 mem 0x8001045e
core   0: 0x8000166e (0x036a5db3) divu    s11, s4, s6
core   0: 3 0x8000166e (0x036a5db3) x27 0x00000000
core   0: 0x80001672 (0x5a2c8183) lb      gp, 1442(s9)
core   0: 3 0x80001672 (0x5a2c8183) x3  0x00000028 mem 0x80010f7e
core   0: 0x80001676 (0xeb4c8da3) sb      s4, -325(s9)
core   0: 3 0x80001676 (0xeb4c8da3) mem 0x80010897 0xb3
core   0: 0x8000167a (0x0083ed33) or      s10, t2, s0
core   0: 3 0x8000167a (0x0083ed33) x26 0x00000059
core   0: 0x8000167e (0x881c8b03) lb      s6, -1919(s9)
core   0: 3 0x8000167e (0x881c8b03) x22 0xffffff82 mem 0x8001025d
core   0: 0x80001682 (0x00006ae5) c.lui   s5, 0x19
core   0: 3 0x80001682 (0x6ae5) x21 0x00019000
core   0: 0x80001684 (0xacfc8f23) sb      a5, -1314(s9)
core   0: 3 0x80001684 (0xacfc8f23) mem 0x800104ba 0x00
core   0: 0x80001688 (0x953c9523) sh      s3, -1718(s9)
core   0: 3 0x80001688 (0x953c9523) mem 0x80010326 0xffff
core   0: 0x8000168c (0x8b4c9123) sh      s4, -1886(s9)
core   0: 3 0x8000168c (0x8b4c9123) mem 0x8001027e 0x00b3
core   0: 0x80001690 (0x01a25db3) srl     s11, tp, s10
core   0: 3 0x80001690 (0x01a25db3) x27 0x00000000
core   0: 0x80001694 (0x39fccf03) lbu     t5, 927(s9)
core   0: 3 0x80001694 (0x39fccf03) x30 0x000000b2 mem 0x80010d7b
core   0: 0x80001698 (0xec8c83a3) sb      s0, -313(s9)
core   0: 3 0x80001698 (0xec8c83a3) mem 0x800108a3 0x59
core   0: 0x8000169c (0x0000128c) c.addi4spn a1, sp, 352
core   0: 3 0x8000169c (0x128c) x11 0x0008015c
core   0: 0x8000169e (0x00008dd1) c.or    a1, a2
core   0: 3 0x8000169e (0x8dd1) x11 0x0008015d
core   0: 0x800016a0 (0x000080b1) c.srli  s1, 12
core   0: 3 0x800016a0 (0x80b1) x9  0x00000000
core   0: 0x800016a2 (0xb55c6b93) ori     s7, s8, -1195
core   0: 3 0x800016a2 (0xb55c6b93) x23 0xfffffff5
core   0: 0x800016a6 (0xacdc8a83) lb      s5, -1331(s9)
core   0: 3 0x800016a6 (0xacdc8a83) x21 0x00000030 mem 0x800104a9
core   0: 0x800016aa (0xd28ca683) lw      a3, -728(s9)
core   0: 3 0x800016aa (0xd28ca683) x13 0xe69500eb mem 0x80010704
core   0: 0x800016ae (0x41b204b3) sub     s1, tp, s11
core   0: 3 0x800016ae (0x41b204b3) x9  0x00000000
core   0: 0x800016b2 (0x0152b6b3) sltu    a3, t0, s5
core   0: 3 0x800016b2 (0x0152b6b3) x13 0x00000000
core   0: 0x800016b6 (0xde8c8103) lb      sp, -536(s9)
core   0: 3 0x800016b6 (0xde8c8103) x2  0x00000016 mem 0x800107c4
core   0: 0x800016ba (0xf3fc85a3) sb      t6, -213(s9)
core   0: 3 0x800016ba (0xf3fc85a3) mem 0x80010907 0x24
core   0: 0x800016be (0x867c9e23) sh      t2, -1924(s9)
core   0: 3 0x800016be (0x867c9e23) mem 0x80010258 0x0000
core   0: 0x800016c2 (0x614c9823) sh      s4, 1552(s9)
core   0: 3 0x800016c2 (0x614c9823) mem 0x80010fec 0x00b3
core   0: 0x800016c6 (0x5d2c8f03) lb      t5, 1490(s9)
core   0: 3 0x800016c6 (0x5d2c8f03) x30 0xffffffc2 mem 0x80010fae
core   0: 0x800016ca (0x03f12133) mulhsu  sp, sp, t6
core   0: 3 0x800016ca (0x03f12133) x2  0x0000000b
core   0: 0x800016ce (0x05bc8983) lb      s3, 91(s9)
core   0: 3 0x800016ce (0x05bc8983) x19 0x00000051 mem 0x80010a37
core   0: 0x800016d2 (0x00006115) c.addi16sp sp, 288
core   0: 3 0x800016d2 (0x6115) x2  0x0000012b
core   0: 0x800016d4 (0x4e1ccb03) lbu     s6, 1249(s9)
core   0: 3 0x800016d4 (0x4e1ccb03) x22 0x000000ce mem 0x80010ebd
core   0: 0x800016d8 (0x000009be) c.slli  s3, 15
core   0: 3 0x800016d8 (0x09be) x19 0x00288000
core   0: 0x800016da (0x4097d413) srai    s0, a5, 9
core   0: 3 0x800016da (0x4097d413) x8  0x00000000
core   0: 0x800016de (0x000062e9) c.lui   t0, 0x1a
core   0: 3 0x800016de (0x62e9) x5  0x0001a000
core   0: 0x800016e0 (0x81fc9f23) sh      t6, -2018(s9)
core   0: 3 0x800016e0 (0x81fc9f23) mem 0x800101fa 0x9d24
core   0: 0x800016e4 (0x356c84a3) sb      s6, 841(s9)
core   0: 3 0x800016e4 (0x356c84a3) mem 0x80010d25 0xce
core   0: 0x800016e8 (0x00000226) c.slli  tp, 9
core   0: 3 0x800016e8 (0x0226) x4  0x00000000
core   0: 0x800016ea (0x482cc503) lbu     a0, 1154(s9)
core   0: 3 0x800016ea (0x482cc503) x10 0x000000e4 mem 0x80010e5e
core   0: 0x800016ee (0xbfacce03) lbu     t3, -1030(s9)
core   0: 3 0x800016ee (0xbfacce03) x28 0x00000048 mem 0x800105d6
core   0: 0x800016f2 (0x173c8ea3) sb      s3, 381(s9)
core   0: 3 0x800016f2 (0x173c8ea3) mem 0x80010b59 0x00
core   0: 0x800016f6 (0x83ecd403) lhu     s0, -1986(s9)
core   0: 3 0x800016f6 (0x83ecd403) x8  0x0000aecf mem 0x8001021a
core   0: 0x800016fa (0x0bacde03) lhu     t3, 186(s9)
core   0: 3 0x800016fa (0x0bacde03) x28 0x0000c11d mem 0x80010a96
core   0: 0x800016fe (0x0000f117) auipc   sp, 0xf
core   0: 3 0x800016fe (0x0000f117) x2  0x800106fe
core   0: 0x80001702 (0x02510113) addi    sp, sp, 37
core   0: 3 0x80001702 (0x02510113) x2  0x80010723
core   0: 0x80001706 (0x037b9433) mulh    s0, s7, s7
core   0: 3 0x80001706 (0x037b9433) x8  0x00000000
core   0: 0x8000170a (0x00c14603) lbu     a2, 12(sp)
core   0: 3 0x8000170a (0x00c14603) x12 0x000000d8 mem 0x8001072f
core   0: 0x8000170e (0x0000945a) c.add   s0, s6
core   0: 3 0x8000170e (0x945a) x8  0x000000ce
core   0: 0x80001710 (0xc31bbb93) sltiu   s7, s7, -975
core   0: 3 0x80001710 (0xc31bbb93) x23 0x00000000
core   0: 0x80001714 (0xff610603) lb      a2, -10(sp)
core   0: 3 0x80001714 (0xff610603) x12 0x00000026 mem 0x80010719
core   0: 0x80001718 (0xfec11fa3) sh      a2, -1(sp)
core   0: 3 0x80001718 (0xfec11fa3) mem 0x80010722 0x0026
core   0: 0x8000171c (0x00314b83) lbu     s7, 3(sp)
core   0: 3 0x8000171c (0x00314b83) x23 0x000000a1 mem 0x80010726
core   0: 0x80001720 (0x483bbb93) sltiu   s7, s7, 1155
core   0: 3 0x80001720 (0x483bbb93) x23 0x00000001
core   0: 0x80001724 (0x017107a3) sb      s7, 15(sp)
core   0: 3 0x80001724 (0x017107a3) mem 0x80010732 0x01
core   0: 0x80001728 (0x014afb33) and     s6, s5, s4
core   0: 3 0x80001728 (0x014afb33) x22 0x00000030
core   0: 0x8000172c (0x00008e71) c.and   a2, a2
core   0: 3 0x8000172c (0x8e71) x12 0x00000026
core   0: 0x8000172e (0x02c61a33) mulh    s4, a2, a2
core   0: 3 0x8000172e (0x02c61a33) x20 0x00000000
core   0: 0x80001732 (0xfe810b23) sb      s0, -10(sp)
core   0: 3 0x80001732 (0xfe810b23) mem 0x80010719 0xce
core   0: 0x80001736 (0x00c10b83) lb      s7, 12(sp)
core   0: 3 0x80001736 (0x00c10b83) x23 0xffffffd8 mem 0x8001072f
core   0: 0x8000173a (0x32562a13) slti    s4, a2, 805
core   0: 3 0x8000173a (0x32562a13) x20 0x00000001
core   0: 0x8000173e (0x00008c61) c.and   s0, s0
core   0: 3 0x8000173e (0x8c61) x8  0x000000ce
core   0: 0x80001740 (0x014bd633) srl     a2, s7, s4
core   0: 3 0x80001740 (0x014bd633) x12 0x7fffffec
core   0: 0x80001744 (0x00008641) c.srai  a2, 16
core   0: 3 0x80001744 (0x8641) x12 0x00007fff
core   0: 0x80001746 (0xa3a47413) andi    s0, s0, -1478
core   0: 3 0x80001746 (0xa3a47413) x8  0x0000000a
core   0: 0x8000174a (0x00004b51) c.li    s6, 20
core   0: 3 0x8000174a (0x4b51) x22 0x00000014
core   0: 0x8000174c (0x016a3ab3) sltu    s5, s4, s6
core   0: 3 0x8000174c (0x016a3ab3) x21 0x00000001
core   0: 0x80001750 (0xff710f23) sb      s7, -2(sp)
core   0: 3 0x80001750 (0xff710f23) mem 0x80010721 0xd8
core   0: 0x80001754 (0x00414b03) lbu     s6, 4(sp)
core   0: 3 0x80001754 (0x00414b03) x22 0x00000020 mem 0x80010727
core   0: 0x80001758 (0x016103a3) sb      s6, 7(sp)
core   0: 3 0x80001758 (0x016103a3) mem 0x8001072a 0x20
core   0: 0x8000175c (0x00d10403) lb      s0, 13(sp)
core   0: 3 0x8000175c (0x00d10403) x8  0x00000037 mem 0x80010730
core   0: 0x80001760 (0x004a5b93) srli    s7, s4, 4
core   0: 3 0x80001760 (0x004a5b93) x23 0x00000000
core   0: 0x80001764 (0x01410223) sb      s4, 4(sp)
core   0: 3 0x80001764 (0x01410223) mem 0x80010727 0x01
core   0: 0x80001768 (0x00005afd) c.li    s5, -1
core   0: 3 0x80001768 (0x5afd) x21 0xffffffff
core   0: 0x8000176a (0xff710b23) sb      s7, -10(sp)
core   0: 3 0x8000176a (0xff710b23) mem 0x80010719 0x00
core   0: 0x8000176e (0x40cbdab3) sra     s5, s7, a2
core   0: 3 0x8000176e (0x40cbdab3) x21 0x00000000
core   0: 0x80001772 (0xff010b83) lb      s7, -16(sp)
core   0: 3 0x80001772 (0xff010b83) x23 0x00000039 mem 0x80010713
core   0: 0x80001776 (0x036afbb3) remu    s7, s5, s6
core   0: 3 0x80001776 (0x036afbb3) x23 0x00000000
core   0: 0x8000177a (0x03540433) mul     s0, s0, s5
core   0: 3 0x8000177a (0x03540433) x8  0x00000000
core   0: 0x8000177e (0x01463b33) sltu    s6, a2, s4
core   0: 3 0x8000177e (0x01463b33) x22 0x00000000
core   0: 0x80001782 (0x03561ab3) mulh    s5, a2, s5
core   0: 3 0x80001782 (0x03561ab3) x21 0x00000000
core   0: 0x80001786 (0x00b15603) lhu     a2, 11(sp)
core   0: 3 0x80001786 (0x00b15603) x12 0x0000d8fb mem 0x8001072e
core   0: 0x8000178a (0x00000bae) c.slli  s7, 11
core   0: 3 0x8000178a (0x0bae) x23 0x00000000
core   0: 0x8000178c (0x00000a52) c.slli  s4, 20
core   0: 3 0x8000178c (0x0a52) x20 0x00100000
core   0: 0x8000178e (0xfe810da3) sb      s0, -5(sp)
core   0: 3 0x8000178e (0xfe810da3) mem 0x8001071e 0x00
core   0: 0x80001792 (0xff610a23) sb      s6, -12(sp)
core   0: 3 0x80001792 (0xff610a23) mem 0x80010717 0x00
core   0: 0x80001796 (0xa541ab17) auipc   s6, 0xa541a
core   0: 3 0x80001796 (0xa541ab17) x22 0x2541b796
core   0: 0x8000179a (0xfe810823) sb      s0, -16(sp)
core   0: 3 0x8000179a (0xfe810823) mem 0x80010713 0x00
core   0: 0x8000179e (0x00c63433) sltu    s0, a2, a2
core   0: 3 0x8000179e (0x00c63433) x8  0x00000000
core   0: 0x800017a2 (0x0000840d) c.srai  s0, 3
core   0: 3 0x800017a2 (0x840d) x8  0x00000000
core   0: 0x800017a4 (0x00910a03) lb      s4, 9(sp)
core   0: 3 0x800017a4 (0x00910a03) x20 0xffffffe9 mem 0x8001072c
core   0: 0x800017a8 (0x0000167d) c.addi  a2, -1
core   0: 3 0x800017a8 (0x167d) x12 0x0000d8fa
core   0: 0x800017aa (0x1b8b6a93) ori     s5, s6, 440
core   0: 3 0x800017aa (0x1b8b6a93) x21 0x2541b7be
core   0: 0x800017ae (0xff610c23) sb      s6, -8(sp)
core   0: 3 0x800017ae (0xff610c23) mem 0x8001071b 0x96
core   0: 0x800017b2 (0x014100a3) sb      s4, 1(sp)
core   0: 3 0x800017b2 (0x014100a3) mem 0x80010724 0xe9
core   0: 0x800017b6 (0x014116a3) sh      s4, 13(sp)
core   0: 3 0x800017b6 (0x014116a3) mem 0x80010730 0xffe9
core   0: 0x800017ba (0xff5118a3) sh      s5, -15(sp)
core   0: 3 0x800017ba (0xff5118a3) mem 0x80010714 0xb7be
core   0: 0x800017be (0x004000ef) jal     pc + 0x4
core   0: 3 0x800017be (0x004000ef) x1  0x800017c2
core   0: 0x800017c2 (0x0000a015) c.j     pc + 36
core   0: 3 0x800017c2 (0xa015)
core   0: 0x800017e6 (0xfe3ff0ef) jal     pc - 0x1e
core   0: 3 0x800017e6 (0xfe3ff0ef) x1  0x800017ea
core   0: 0x800017c8 (0x00002009) c.jal   pc + 2
core   0: 3 0x800017c8 (0x2009) x1  0x800017ca
core   0: 0x800017ca (0x00002801) c.jal   pc + 16
core   0: 3 0x800017ca (0x2801) x1  0x800017cc
core   0: 0x800017da (0x0000a821) c.j     pc + 24
core   0: 3 0x800017da (0xa821)
core   0: 0x800017f2 (0x00400aef) jal     s5, pc + 0x4
core   0: 3 0x800017f2 (0x00400aef) x21 0x800017f6
core   0: 0x800017f6 (0xfe1ff26f) jal     tp, pc - 0x20
core   0: 3 0x800017f6 (0xfe1ff26f) x4  0x800017fa
core   0: 0x800017d6 (0x0000a009) c.j     pc + 2
core   0: 3 0x800017d6 (0xa009)
core   0: 0x800017d8 (0x00002029) c.jal   pc + 10
core   0: 3 0x800017d8 (0x2029) x1  0x800017da
core   0: 0x800017e2 (0xfedff8ef) jal     a7, pc - 0x14
core   0: 3 0x800017e2 (0xfedff8ef) x17 0x800017e6
core   0: 0x800017ce (0x01c000ef) jal     pc + 0x1c
core   0: 3 0x800017ce (0x01c000ef) x1  0x800017d2
core   0: 0x800017ea (0xff3ff0ef) jal     pc - 0xe
core   0: 3 0x800017ea (0xff3ff0ef) x1  0x800017ee
core   0: 0x800017dc (0x0000a809) c.j     pc + 18
core   0: 3 0x800017dc (0xa809)
core   0: 0x800017ee (0xfdfffdef) jal     s11, pc - 0x22
core   0: 3 0x800017ee (0xfdfffdef) x27 0x800017f2
core   0: 0x800017cc (0x0000a809) c.j     pc + 18
core   0: 3 0x800017cc (0xa809)
core   0: 0x800017de (0x0000b7dd) c.j     pc - 26
core   0: 3 0x800017de (0xb7dd)
core   0: 0x800017c4 (0x01c000ef) jal     pc + 0x1c
core   0: 3 0x800017c4 (0x01c000ef) x1  0x800017c8
core   0: 0x800017e0 (0x00003fcd) c.jal   pc - 14
core   0: 3 0x800017e0 (0x3fcd) x1  0x800017e2
core   0: 0x800017d2 (0x0280016f) jal     sp, pc + 0x28
core   0: 3 0x800017d2 (0x0280016f) x2  0x800017d6
core   0: 0x800017fa (0x01ab91b3) sll     gp, s7, s10
core   0: 3 0x800017fa (0x01ab91b3) x3  0x00000000
core   0: 0x800017fe (0x0000f117) auipc   sp, 0xf
core   0: 3 0x800017fe (0x0000f117) x2  0x800107fe
core   0: 0x80001802 (0x66310113) addi    sp, sp, 1635
core   0: 3 0x80001802 (0x66310113) x2  0x80010e61
core   0: 0x80001806 (0x94d11d83) lh      s11, -1715(sp)
core   0: 3 0x80001806 (0x94d11d83) x27 0x000063f0 mem 0x800107ae
core   0: 0x8000180a (0xa4210623) sb      sp, -1460(sp)
core   0: 3 0x8000180a (0xa4210623) mem 0x800108ad 0x61
core   0: 0x8000180e (0xb3214983) lbu     s3, -1230(sp)
core   0: 3 0x8000180e (0xb3214983) x19 0x000000f7 mem 0x80010993
core   0: 0x80001812 (0x85110583) lb      a1, -1967(sp)
core   0: 3 0x80001812 (0x85110583) x11 0x00000073 mem 0x800106b2
core   0: 0x80001816 (0x85114d03) lbu     s10, -1967(sp)
core   0: 3 0x80001816 (0x85114d03) x26 0x00000073 mem 0x800106b2
core   0: 0x8000181a (0x85114d03) lbu     s10, -1967(sp)
core   0: 3 0x8000181a (0x85114d03) x26 0x00000073 mem 0x800106b2
core   0: 0x8000181e (0x004975b3) and     a1, s2, tp
core   0: 3 0x8000181e (0x004975b3) x11 0x8000179a
core   0: 0x80001822 (0xf5a10803) lb      a6, -166(sp)
core   0: 3 0x80001822 (0xf5a10803) x16 0xffffffe2 mem 0x80010dbb
core   0: 0x80001826 (0x0239fbb3) remu    s7, s3, gp
core   0: 3 0x80001826 (0x0239fbb3) x23 0x000000f7
core   0: 0x8000182a (0x00000001) c.nop
core   0: 3 0x8000182a (0x0001)
core   0: 0x8000182c (0x9dd116a3) sh      t4, -1587(sp)
core   0: 3 0x8000182c (0x9dd116a3) mem 0x8001082e 0x0008
core   0: 0x80001830 (0xe5f10a83) lb      s5, -417(sp)
core   0: 3 0x80001830 (0xe5f10a83) x21 0x00000062 mem 0x80010cc0
core   0: 0x80001834 (0xa2950d37) lui     s10, 0xa2950
core   0: 3 0x80001834 (0xa2950d37) x26 0xa2950000
core   0: 0x80001838 (0xe5f14283) lbu     t0, -417(sp)
core   0: 3 0x80001838 (0xe5f14283) x5  0x00000062 mem 0x80010cc0
core   0: 0x8000183c (0xfe614c83) lbu     s9, -26(sp)
core   0: 3 0x8000183c (0xfe614c83) x25 0x00000000 mem 0x80010e47
core   0: 0x80001840 (0x96d14803) lbu     a6, -1683(sp)
core   0: 3 0x80001840 (0x96d14803) x16 0x00000051 mem 0x800107ce
core   0: 0x80001844 (0xc7f15683) lhu     a3, -897(sp)
core   0: 3 0x80001844 (0xc7f15683) x13 0x0000b5b9 mem 0x80010ae0
core   0: 0x80001848 (0xc6d10fa3) sb      a3, -897(sp)
core   0: 3 0x80001848 (0xc6d10fa3) mem 0x80010ae0 0xb9
core   0: 0x8000184c (0xbb811fa3) sh      s8, -1089(sp)
core   0: 3 0x8000184c (0xbb811fa3) mem 0x80010a20 0x5ea4
core   0: 0x80001850 (0xbbf12403) lw      s0, -1089(sp)
core   0: 3 0x80001850 (0xbbf12403) x8  0x7e1b5ea4 mem 0x80010a20
core   0: 0x80001854 (0x9b510ea3) sb      s5, -1603(sp)
core   0: 3 0x80001854 (0x9b510ea3) mem 0x8001081e 0x62
core   0: 0x80001858 (0xa9f11e03) lh      t3, -1377(sp)
core   0: 3 0x80001858 (0xa9f11e03) x28 0x00005f66 mem 0x80010900
core   0: 0x8000185c (0xce014a83) lbu     s5, -800(sp)
core   0: 3 0x8000185c (0xce014a83) x21 0x000000e5 mem 0x80010b41
core   0: 0x80001860 (0x0001dc97) auipc   s9, 0x1d
core   0: 3 0x80001860 (0x0001dc97) x25 0x8001e860
core   0: 0x80001864 (0x46cc8c93) addi    s9, s9, 1132
core   0: 3 0x80001864 (0x46cc8c93) x25 0x8001eccc
core   0: 0x80001868 (0x01fc9023) sh      t6, 0(s9)
core   0: 3 0x80001868 (0x01fc9023) mem 0x8001eccc 0x9d24
core   0: 0x8000186c (0xffbc8303) lb      t1, -5(s9)
core   0: 3 0x8000186c (0xffbc8303) x6  0xffffffbf mem 0x8001ecc7
core   0: 0x80001870 (0x00008f69) c.and   a4, a0
core   0: 3 0x80001870 (0x8f69) x14 0x000000c4
core   0: 0x80001872 (0x0069f2b3) and     t0, s3, t1
core   0: 3 0x80001872 (0x0069f2b3) x5  0x000000b7
core   0: 0x80001876 (0x001c8e03) lb      t3, 1(s9)
core   0: 3 0x80001876 (0x001c8e03) x28 0xffffff9d mem 0x8001eccd
core   0: 0x8000187a (0x025bb433) mulhu   s0, s7, t0
core   0: 3 0x8000187a (0x025bb433) x8  0x00000000
core   0: 0x8000187e (0x000ca983) lw      s3, 0(s9)
core   0: 3 0x8000187e (0x000ca983) x19 0x34309d24 mem 0x8001eccc
core   0: 0x80001882 (0xe65a2a13) slti    s4, s4, -411
core   0: 3 0x80001882 (0xe65a2a13) x20 0x00000000
core   0: 0x80001886 (0x02d2a4b3) mulhsu  s1, t0, a3
core   0: 3 0x80001886 (0x02d2a4b3) x9  0x00000000
core   0: 0x8000188a (0xffec89a3) sb      t5, -13(s9)
core   0: 3 0x8000188a (0xffec89a3) mem 0x8001ecbf 0xc2
core   0: 0x8000188e (0x0227d6b3) divu    a3, a5, sp
core   0: 3 0x8000188e (0x0227d6b3) x13 0x00000000
core   0: 0x80001892 (0x00008c45) c.or    s0, s1
core   0: 3 0x80001892 (0x8c45) x8  0x00000000
core   0: 0x80001894 (0x015c9223) sh      s5, 4(s9)
core   0: 3 0x80001894 (0x015c9223) mem 0x8001ecd0 0x00e5
core   0: 0x80001898 (0x00000e29) c.addi  t3, 10
core   0: 3 0x80001898 (0x0e29) x28 0xffffffa7
core   0: 0x8000189a (0x009ed2b3) srl     t0, t4, s1
core   0: 3 0x8000189a (0x009ed2b3) x5  0x00000008
core   0: 0x8000189e (0x025c64b3) rem     s1, s8, t0
core   0: 3 0x8000189e (0x025c64b3) x9  0xfffffffc
core   0: 0x800018a2 (0x009d9f33) sll     t5, s11, s1
core   0: 3 0x800018a2 (0x009d9f33) x30 0x00000000
core   0: 0x800018a6 (0x002cc183) lbu     gp, 2(s9)
core   0: 3 0x800018a6 (0x002cc183) x3  0x00000030 mem 0x8001ecce
core   0: 0x800018aa (0x4118d293) srai    t0, a7, 17
core   0: 3 0x800018aa (0x4118d293) x5  0xffffc000
core   0: 0x800018ae (0xfedc8923) sb      a3, -14(s9)
core   0: 3 0x800018ae (0xfedc8923) mem 0x8001ecbe 0x00
core   0: 0x800018b2 (0x00001110) c.addi4spn a2, sp, 160
core   0: 3 0x800018b2 (0x1110) x12 0x80010f01
core   0: 0x800018b4 (0x00dc8103) lb      sp, 13(s9)
core   0: 3 0x800018b4 (0x00dc8103) x2  0xffffffaf mem 0x8001ecd9
core   0: 0x800018b8 (0xec1c7b13) andi    s6, s8, -319
core   0: 3 0x800018b8 (0xec1c7b13) x22 0x80025e80
core   0: 0x800018bc (0x000089d9) c.andi  a1, 22
core   0: 3 0x800018bc (0x89d9) x11 0x00000012
core   0: 0x800018be (0xff6cac23) sw      s6, -8(s9)
core   0: 3 0x800018be (0xff6cac23) mem 0x8001ecc4 0x80025e80
core   0: 0x800018c2 (0x007c8023) sb      t2, 0(s9)
core   0: 3 0x800018c2 (0x007c8023) mem 0x8001eccc 0x00
core   0: 0x800018c6 (0x003c8183) lb      gp, 3(s9)
core   0: 3 0x800018c6 (0x003c8183) x3  0x00000034 mem 0x8001eccf
core   0: 0x800018ca (0xffac8f23) sb      s10, -2(s9)
core   0: 3 0x800018ca (0xffac8f23) mem 0x8001ecca 0x00
core   0: 0x800018ce (0xff1c8403) lb      s0, -15(s9)
core   0: 3 0x800018ce (0xff1c8403) x8  0x00000012 mem 0x8001ecbd
core   0: 0x800018d2 (0x00000294) c.addi4spn a3, sp, 320
core   0: 3 0x800018d2 (0x0294) x13 0x000000ef
core   0: 0x800018d4 (0x00fc8003) lb      zero, 15(s9)
core   0: 3 0x800018d4 (0x00fc8003) mem 0x8001ecdb
core   0: 0x800018d8 (0x0044e033) or      zero, s1, tp
core   0: 3 0x800018d8 (0x0044e033)
core   0: 0x800018dc (0xff1c8283) lb      t0, -15(s9)
core   0: 3 0x800018dc (0xff1c8283) x5  0x00000012 mem 0x8001ecbd
core   0: 0x800018e0 (0x00011117) auipc   sp, 0x11
core   0: 3 0x800018e0 (0x00011117) x2  0x800128e0
core   0: 0x800018e4 (0x8a310113) addi    sp, sp, -1885
core   0: 3 0x800018e4 (0x8a310113) x2  0x80012183
core   0: 0x800018e8 (0xfb912703) lw      a4, -71(sp)
core   0: 3 0x800018e8 (0xfb912703) x14 0x22bbb61d mem 0x8001213c
core   0: 0x800018ec (0x035b0e33) mul     t3, s6, s5
core   0: 3 0x800018ec (0x035b0e33) x28 0x821e8880
core   0: 0x800018f0 (0xad8aed37) lui     s10, 0xad8ae
core   0: 3 0x800018f0 (0xad8aed37) x26 0xad8ae000
core   0: 0x800018f4 (0xff410d03) lb      s10, -12(sp)
core   0: 3 0x800018f4 (0xff410d03) x26 0x00000030 mem 0x80012177
core   0: 0x800018f8 (0xf1997893) andi    a7, s2, -231
core   0: 3 0x800018f8 (0xf1997893) x17 0xffffff19
core   0: 0x800018fc (0x0e2126a3) sw      sp, 237(sp)
core   0: 3 0x800018fc (0x0e2126a3) mem 0x80012270 0x80012183
core   0: 0x80001900 (0xf7010b03) lb      s6, -144(sp)
core   0: 3 0x80001900 (0xf7010b03) x22 0xffffff82 mem 0x800120f3
core   0: 0x80001904 (0x03b10023) sb      s11, 32(sp)
core   0: 3 0x80001904 (0x03b10023) mem 0x800121a3 0xf0
core   0: 0x80001908 (0x02e10023) sb      a4, 32(sp)
core   0: 3 0x80001908 (0x02e10023) mem 0x800121a3 0x1d
core   0: 0x8000190c (0x05b11483) lh      s1, 91(sp)
core   0: 3 0x8000190c (0x05b11483) x9  0xffffa619 mem 0x800121de
core   0: 0x80001910 (0xf7814e03) lbu     t3, -136(sp)
core   0: 3 0x80001910 (0xf7814e03) x28 0x000000d7 mem 0x800120fb
core   0: 0x80001914 (0xf8414f03) lbu     t5, -124(sp)
core   0: 3 0x80001914 (0xf8414f03) x30 0x000000e0 mem 0x80012107
core   0: 0x80001918 (0xfb7115a3) sh      s7, -85(sp)
core   0: 3 0x80001918 (0xfb7115a3) mem 0x8001212e 0x00f7
core   0: 0x8000191c (0xfab11683) lh      a3, -85(sp)
core   0: 3 0x8000191c (0xfab11683) x13 0x000000f7 mem 0x8001212e
core   0: 0x80001920 (0x0bc10503) lb      a0, 188(sp)
core   0: 3 0x80001920 (0x0bc10503) x10 0x0000004f mem 0x8001223f
core   0: 0x80001924 (0xf2b10223) sb      a1, -220(sp)
core   0: 3 0x80001924 (0xf2b10223) mem 0x800120a7 0x12
core   0: 0x80001928 (0x0abe8813) addi    a6, t4, 171
core   0: 3 0x80001928 (0x0abe8813) x16 0x000000b3
core   0: 0x8000192c (0x0a6105a3) sb      t1, 171(sp)
core   0: 3 0x8000192c (0x0a6105a3) mem 0x8001222e 0xbf
core   0: 0x80001930 (0x000086a5) c.srai  a3, 9
core   0: 3 0x80001930 (0x86a5) x13 0x00000000
core   0: 0x80001932 (0x00006d29) c.lui   s10, 0xa
core   0: 3 0x80001932 (0x6d29) x26 0x0000a000
core   0: 0x80001934 (0x00e14483) lbu     s1, 14(sp)
core   0: 3 0x80001934 (0x00e14483) x9  0x0000004d mem 0x80012191
core   0: 0x80001938 (0x0000f117) auipc   sp, 0xf
core   0: 3 0x80001938 (0x0000f117) x2  0x80010938
core   0: 0x8000193c (0x68110113) addi    sp, sp, 1665
core   0: 3 0x8000193c (0x68110113) x2  0x80010fb9
core   0: 0x80001940 (0x01f25493) srli    s1, tp, 31
core   0: 3 0x80001940 (0x01f25493) x9  0x00000001
core   0: 0x80001944 (0x00008ed5) c.or    a3, a3
core   0: 3 0x80001944 (0x8ed5) x13 0x00000000
core   0: 0x80001946 (0x02d22cb3) mulhsu  s9, tp, a3
core   0: 3 0x80001946 (0x02d22cb3) x25 0x00000000
core   0: 0x8000194a (0xfe910ea3) sb      s1, -3(sp)
core   0: 3 0x8000194a (0xfe910ea3) mem 0x80010fb6 0x01
core   0: 0x8000194e (0x024256b3) divu    a3, tp, tp
core   0: 3 0x8000194e (0x024256b3) x13 0x00000001
core   0: 0x80001952 (0x02d6dcb3) divu    s9, a3, a3
core   0: 3 0x80001952 (0x02d6dcb3) x25 0x00000001
core   0: 0x80001956 (0x00414683) lbu     a3, 4(sp)
core   0: 3 0x80001956 (0x00414683) x13 0x000000ab mem 0x80010fbd
core   0: 0x8000195a (0x02d91cb3) mulh    s9, s2, a3
core   0: 3 0x8000195a (0x02d91cb3) x25 0xffffffff
core   0: 0x8000195e (0x00914603) lbu     a2, 9(sp)
core   0: 3 0x8000195e (0x00914603) x12 0x00000091 mem 0x80010fc2
core   0: 0x80001962 (0x00d6c4b3) xor     s1, a3, a3
core   0: 3 0x80001962 (0x00d6c4b3) x9  0x00000000
core   0: 0x80001966 (0x00911c83) lh      s9, 9(sp)
core   0: 3 0x80001966 (0x00911c83) x25 0x00000d91 mem 0x80010fc2
core   0: 0x8000196a (0x0000597d) c.li    s2, -1
core   0: 3 0x8000196a (0x597d) x18 0xffffffff
core   0: 0x8000196c (0x01d95913) srli    s2, s2, 29
core   0: 3 0x8000196c (0x01d95913) x18 0x00000007
core   0: 0x80001970 (0x00dc84b3) add     s1, s9, a3
core   0: 3 0x80001970 (0x00dc84b3) x9  0x00000e3c
core   0: 0x80001974 (0x854ee697) auipc   a3, 0x854ee
core   0: 3 0x80001974 (0x854ee697) x13 0x054ef974
core   0: 0x80001978 (0x00008cb2) c.mv    s9, a2
core   0: 3 0x80001978 (0x8cb2) x25 0x00000091
core   0: 0x8000197a (0x029934b3) mulhu   s1, s2, s1
core   0: 3 0x8000197a (0x029934b3) x9  0x00000000
core   0: 0x8000197e (0x01a61693) slli    a3, a2, 26
core   0: 3 0x8000197e (0x01a61693) x13 0x44000000
core   0: 0x80001982 (0x00910903) lb      s2, 9(sp)
core   0: 3 0x80001982 (0x00910903) x18 0xffffff91 mem 0x80010fc2
core   0: 0x80001986 (0x0000092e) c.slli  s2, 11
core   0: 3 0x80001986 (0x092e) x18 0xfffc8800
core   0: 0x80001988 (0x00925cb3) srl     s9, tp, s1
core   0: 3 0x80001988 (0x00925cb3) x25 0x800017fa
core   0: 0x8000198c (0x039606b3) mul     a3, a2, s9
core   0: 3 0x8000198c (0x039606b3) x13 0x800d949a
core   0: 0x80001990 (0x00810903) lb      s2, 8(sp)
core   0: 3 0x80001990 (0x00810903) x18 0x0000002b mem 0x80010fc1
core   0: 0x80001994 (0xfed11ea3) sh      a3, -3(sp)
core   0: 3 0x80001994 (0xfed11ea3) mem 0x80010fb6 0x949a
core   0: 0x80001998 (0xfe910f23) sb      s1, -2(sp)
core   0: 3 0x80001998 (0xfe910f23) mem 0x80010fb7 0x00
core   0: 0x8000199c (0xff414903) lbu     s2, -12(sp)
core   0: 3 0x8000199c (0xff414903) x18 0x000000bf mem 0x80010fad
core   0: 0x800019a0 (0x03926933) rem     s2, tp, s9
core   0: 3 0x800019a0 (0x03926933) x18 0x00000000
core   0: 0x800019a4 (0x0324e933) rem     s2, s1, s2
core   0: 3 0x800019a4 (0x0324e933) x18 0x00000000
core   0: 0x800019a8 (0xfed11aa3) sh      a3, -11(sp)
core   0: 3 0x800019a8 (0xfed11aa3) mem 0x80010fae 0x949a
core   0: 0x800019ac (0x0001da97) auipc   s5, 0x1d
core   0: 3 0x800019ac (0x0001da97) x21 0x8001e9ac
core   0: 0x800019b0 (0xa0aa8a93) addi    s5, s5, -1526
core   0: 3 0x800019b0 (0xa0aa8a93) x21 0x8001e3b6
core   0: 0x800019b4 (0x0367f333) remu    t1, a5, s6
core   0: 3 0x800019b4 (0x0367f333) x6  0x00000000
core   0: 0x800019b8 (0x037a8cb3) mul     s9, s5, s7
core   0: 3 0x800019b8 (0x037a8cb3) x25 0x81d2b49a
core   0: 0x800019bc (0x00008ff1) c.and   a5, a2
core   0: 3 0x800019bc (0x8ff1) x15 0x00000000
core   0: 0x800019be (0xff9a8183) lb      gp, -7(s5)
core   0: 3 0x800019be (0xff9a8183) x3  0xffffff86 mem 0x8001e3af
core   0: 0x800019c2 (0xff9a8883) lb      a7, -7(s5)
core   0: 3 0x800019c2 (0xff9a8883) x17 0xffffff86 mem 0x8001e3af
core   0: 0x800019c6 (0x01b22bb3) slt     s7, tp, s11
core   0: 3 0x800019c6 (0x01b22bb3) x23 0x00000001
core   0: 0x800019ca (0x009acc83) lbu     s9, 9(s5)
core   0: 3 0x800019ca (0x009acc83) x25 0x0000004b mem 0x8001e3bf
core   0: 0x800019ce (0x009ac403) lbu     s0, 9(s5)
core   0: 3 0x800019ce (0x009ac403) x8  0x0000004b mem 0x8001e3bf
core   0: 0x800019d2 (0x000056fd) c.li    a3, -1
core   0: 3 0x800019d2 (0x56fd) x13 0xffffffff
core   0: 0x800019d4 (0x00000e26) c.slli  t3, 9
core   0: 3 0x800019d4 (0x0e26) x28 0x0001ae00
core   0: 0x800019d6 (0x0000717d) c.addi16sp sp, -16
core   0: 3 0x800019d6 (0x717d) x2  0x80010fa9
core   0: 0x800019d8 (0x009ac203) lbu     tp, 9(s5)
core   0: 3 0x800019d8 (0x009ac203) x4  0x0000004b mem 0x8001e3bf
core   0: 0x800019dc (0x009a8f03) lb      t5, 9(s5)
core   0: 3 0x800019dc (0x009a8f03) x30 0x0000004b mem 0x8001e3bf
core   0: 0x800019e0 (0x000acc83) lbu     s9, 0(s5)
core   0: 3 0x800019e0 (0x000acc83) x25 0x0000000c mem 0x8001e3b6
core   0: 0x800019e4 (0x000a8983) lb      s3, 0(s5)
core   0: 3 0x800019e4 (0x000a8983) x19 0x0000000c mem 0x8001e3b6
core   0: 0x800019e8 (0x000a8003) lb      zero, 0(s5)
core   0: 3 0x800019e8 (0x000a8003) mem 0x8001e3b6
core   0: 0x800019ec (0x000a9683) lh      a3, 0(s5)
core   0: 3 0x800019ec (0x000a9683) x13 0xffffed0c mem 0x8001e3b6
core   0: 0x800019f0 (0x00ba8a03) lb      s4, 11(s5)
core   0: 3 0x800019f0 (0x00ba8a03) x20 0xffffffa8 mem 0x8001e3c1
core   0: 0x800019f4 (0x014000ef) jal     pc + 0x14
core   0: 3 0x800019f4 (0x014000ef) x1  0x800019f8
core   0: 0x80001a08 (0xff3ff0ef) jal     pc - 0xe
core   0: 3 0x80001a08 (0xff3ff0ef) x1  0x80001a0c
core   0: 0x800019fa (0x00002009) c.jal   pc + 2
core   0: 3 0x800019fa (0x2009) x1  0x800019fc
core   0: 0x800019fc (0x0000a021) c.j     pc + 8
core   0: 3 0x800019fc (0xa021)
core   0: 0x80001a04 (0x00003ff5) c.jal   pc - 4
core   0: 3 0x80001a04 (0x3ff5) x1  0x80001a06
core   0: 0x80001a00 (0xff9ffb6f) jal     s6, pc - 0x8
core   0: 3 0x80001a00 (0xff9ffb6f) x22 0x80001a04
core   0: 0x800019f8 (0x00002019) c.jal   pc + 6
core   0: 3 0x800019f8 (0x2019) x1  0x800019fa
core   0: 0x800019fe (0x00002801) c.jal   pc + 16
core   0: 3 0x800019fe (0x2801) x1  0x80001a00
core   0: 0x80001a0e (0x0060036f) jal     t1, pc + 0x6
core   0: 3 0x80001a0e (0x0060036f) x6  0x80001a12
core   0: 0x80001a14 (0x0000bffd) c.j     pc - 2
core   0: 3 0x80001a14 (0xbffd)
core   0: 0x80001a12 (0x00003fed) c.jal   pc - 6
core   0: 3 0x80001a12 (0x3fed) x1  0x80001a14
core   0: 0x80001a0c (0x00003fed) c.jal   pc - 6
core   0: 3 0x80001a0c (0x3fed) x1  0x80001a0e
core   0: 0x80001a06 (0x0000a801) c.j     pc + 16
core   0: 3 0x80001a06 (0xa801)
core   0: 0x80001a16 (0x0000121c) c.addi4spn a5, sp, 288
core   0: 3 0x80001a16 (0x121c) x15 0x800110c9
core   0: 0x80001a18 (0x0000421d) c.li    tp, 7
core   0: 3 0x80001a18 (0x421d) x4  0x00000007
core   0: 0x80001a1a (0x5bc1bc93) sltiu   s9, gp, 1468
core   0: 3 0x80001a1a (0x5bc1bc93) x25 0x00000000
core   0: 0x80001a1e (0x02471833) mulh    a6, a4, tp
core   0: 3 0x80001a1e (0x02471833) x16 0x00000000
core   0: 0x80001a22 (0x00488b33) add     s6, a7, tp
core   0: 3 0x80001a22 (0x00488b33) x22 0xffffff8d
core   0: 0x80001a26 (0x00004a9d) c.li    s5, 7
core   0: 3 0x80001a26 (0x4a9d) x21 0x00000007
core   0: 0x80001a28 (0x02a4e633) rem     a2, s1, a0
core   0: 3 0x80001a28 (0x02a4e633) x12 0x00000000
core   0: 0x80001a2c (0x032e0d33) mul     s10, t3, s2
core   0: 3 0x80001a2c (0x032e0d33) x26 0x00000000
core   0: 0x80001a30 (0x00001269) c.addi  tp, -6
core   0: 3 0x80001a30 (0x1269) x4  0x00000001
core   0: 0x80001a32 (0x33068097) auipc   ra, 0x33068
core   0: 3 0x80001a32 (0x33068097) x1  0xb3069a32
core   0: 0x80001a36 (0x41dd87b3) sub     a5, s11, t4
core   0: 3 0x80001a36 (0x41dd87b3) x15 0x000063e8
core   0: 0x80001a3a (0x0000884d) c.andi  s0, 19
core   0: 3 0x80001a3a (0x884d) x8  0x00000003
core   0: 0x80001a3c (0x0047e0b3) or      ra, a5, tp
core   0: 3 0x80001a3c (0x0047e0b3) x1  0x000063e9
core   0: 0x80001a40 (0x415a83b3) sub     t2, s5, s5
core   0: 3 0x80001a40 (0x415a83b3) x7  0x00000000
core   0: 0x80001a44 (0x35caf113) andi    sp, s5, 860
core   0: 3 0x80001a44 (0x35caf113) x2  0x00000004
core   0: 0x80001a48 (0x35a56393) ori     t2, a0, 858
core   0: 3 0x80001a48 (0x35a56393) x7  0x0000035f
core   0: 0x80001a4c (0x000080e5) c.srli  s1, 25
core   0: 3 0x80001a4c (0x80e5) x9  0x00000000
core   0: 0x80001a4e (0x0328f6b3) remu    a3, a7, s2
core   0: 3 0x80001a4e (0x0328f6b3) x13 0xffffff86
core   0: 0x80001a52 (0x000081bd) c.srli  a1, 15
core   0: 3 0x80001a52 (0x81bd) x11 0x00000000
core   0: 0x80001a54 (0x00000a71) c.addi  s4, 28
core   0: 3 0x80001a54 (0x0a71) x20 0xffffffc4
core   0: 0x80001a56 (0xfd5279e3) bgeu    tp, s5, pc - 46
core   0: 3 0x80001a56 (0xfd5279e3)
core   0: 0x80001a5a (0x00000314) c.addi4spn a3, sp, 384
core   0: 3 0x80001a5a (0x0314) x13 0x00000184
core   0: 0x80001a5c (0x00012097) auipc   ra, 0x12
core   0: 3 0x80001a5c (0x00012097) x1  0x80013a5c
core   0: 0x80001a60 (0xd0a08093) addi    ra, ra, -758
core   0: 3 0x80001a60 (0xd0a08093) x1  0x80013766
core   0: 0x80001a64 (0x40a10133) sub     sp, sp, a0
core   0: 3 0x80001a64 (0x40a10133) x2  0xffffffb5
core   0: 0x80001a68 (0xf7a09d83) lh      s11, -134(ra)
core   0: 3 0x80001a68 (0xf7a09d83) x27 0xffff8b8b mem 0x800136e0
core   0: 0x80001a6c (0x40fe5993) srai    s3, t3, 15
core   0: 3 0x80001a6c (0x40fe5993) x19 0x00000003
core   0: 0x80001a70 (0x00006e59) c.lui   t3, 0x16
core   0: 3 0x80001a70 (0x6e59) x28 0x00016000
core   0: 0x80001a72 (0x69870313) addi    t1, a4, 1688
core   0: 3 0x80001a72 (0x69870313) x6  0x22bbbcb5
core   0: 0x80001a76 (0x0800ad23) sw      zero, 154(ra)
core   0: 3 0x80001a76 (0x0800ad23) mem 0x80013800 0x00000000
core   0: 0x80001a7a (0xf2c085a3) sb      a2, -213(ra)
core   0: 3 0x80001a7a (0xf2c085a3) mem 0x80013691 0x00
core   0: 0x80001a7e (0x8c236293) ori     t0, t1, -1854
core   0: 3 0x80001a7e (0x8c236293) x5  0xfffffcf7
core   0: 0x80001a82 (0x0080eb33) or      s6, ra, s0
core   0: 3 0x80001a82 (0x0080eb33) x22 0x80013767
core   0: 0x80001a86 (0x00000a80) c.addi4spn s0, sp, 336
core   0: 3 0x80001a86 (0x0a80) x8  0x00000105
core   0: 0x80001a88 (0x02468e33) mul     t3, a3, tp
core   0: 3 0x80001a88 (0x02468e33) x28 0x00000184
core   0: 0x80001a8c (0x00000001) c.nop
core   0: 3 0x80001a8c (0x0001)
core   0: 0x80001a8e (0x00005bfd) c.li    s7, -1
core   0: 3 0x80001a8e (0x5bfd) x23 0xffffffff
core   0: 0x80001a90 (0x0d609f03) lh      t5, 214(ra)
core   0: 3 0x80001a90 (0x0d609f03) x30 0x0000647f mem 0x8001383c
core   0: 0x80001a94 (0x0c809583) lh      a1, 200(ra)
core   0: 3 0x80001a94 (0x0c809583) x11 0x000031f2 mem 0x8001382e
core   0: 0x80001a98 (0x024ee933) rem     s2, t4, tp
core   0: 3 0x80001a98 (0x024ee933) x18 0x00000000
core   0: 0x80001a9c (0x00008c01) c.sub   s0, s0
core   0: 3 0x80001a9c (0x8c01) x8  0x00000000
core   0: 0x80001a9e (0x0f408fa3) sb      s4, 255(ra)
core   0: 3 0x80001a9e (0x0f408fa3) mem 0x80013865 0xc4
core   0: 0x80001aa2 (0xfc209d83) lh      s11, -62(ra)
core   0: 3 0x80001aa2 (0xfc209d83) x27 0x00003fde mem 0x80013728
core   0: 0x80001aa6 (0x027952b3) divu    t0, s2, t2
core   0: 3 0x80001aa6 (0x027952b3) x5  0x00000000
core   0: 0x80001aaa (0x01279313) slli    t1, a5, 18
core   0: 3 0x80001aaa (0x01279313) x6  0x8fa00000
core   0: 0x80001aae (0x00008d75) c.and   a0, a3
core   0: 3 0x80001aae (0x8d75) x10 0x00000004
core   0: 0x80001ab0 (0xfba09423) sh      s10, -88(ra)
core   0: 3 0x80001ab0 (0xfba09423) mem 0x8001370e 0x0000
core   0: 0x80001ab4 (0xfae0a983) lw      s3, -82(ra)
core   0: 3 0x80001ab4 (0xfae0a983) x19 0xea510be1 mem 0x80013714
core   0: 0x80001ab8 (0x0a10a123) sw      ra, 162(ra)
core   0: 3 0x80001ab8 (0x0a10a123) mem 0x80013808 0x80013766
core   0: 0x80001abc (0x99494e17) auipc   t3, 0x99494
core   0: 3 0x80001abc (0x99494e17) x28 0x19495abc
core   0: 0x80001ac0 (0x000082ad) c.srli  a3, 11
core   0: 3 0x80001ac0 (0x82ad) x13 0x00000000
core   0: 0x80001ac2 (0x00c8b933) sltu    s2, a7, a2
core   0: 3 0x80001ac2 (0x00c8b933) x18 0x00000000
core   0: 0x80001ac6 (0x02318d33) mul     s10, gp, gp
core   0: 3 0x80001ac6 (0x02318d33) x26 0x00003a24
core   0: 0x80001aca (0x021d8433) mul     s0, s11, ra
core   0: 3 0x80001aca (0x021d8433) x8  0x4db02474
core   0: 0x80001ace (0x03cc11b3) mulh    gp, s8, t3
core   0: 3 0x80001ace (0x03cc11b3) x3  0xf35b8e8d
core   0: 0x80001ad2 (0x00008119) c.srli  a0, 6
core   0: 3 0x80001ad2 (0x8119) x10 0x00000000
core   0: 0x80001ad4 (0x41ca0cb3) sub     s9, s4, t3
core   0: 3 0x80001ad4 (0x41ca0cb3) x25 0xe6b6a508
core   0: 0x80001ad8 (0x0da082a3) sb      s10, 197(ra)
core   0: 3 0x80001ad8 (0x0da082a3) mem 0x8001382b 0x24
core   0: 0x80001adc (0xf79084a3) sb      s9, -151(ra)
core   0: 3 0x80001adc (0xf79084a3) mem 0x800136cf 0x08
core   0: 0x80001ae0 (0x00be61b3) or      gp, t3, a1
core   0: 3 0x80001ae0 (0x00be61b3) x3  0x19497bfe
core   0: 0x80001ae4 (0x0db08923) sb      s11, 210(ra)
core   0: 3 0x80001ae4 (0x0db08923) mem 0x80013838 0xde
core   0: 0x80001ae8 (0x0000f117) auipc   sp, 0xf
core   0: 3 0x80001ae8 (0x0000f117) x2  0x80010ae8
core   0: 0x80001aec (0x9b110113) addi    sp, sp, -1615
core   0: 3 0x80001aec (0x9b110113) x2  0x80010499
core   0: 0x80001af0 (0x029106a3) sb      s1, 45(sp)
core   0: 3 0x80001af0 (0x029106a3) mem 0x800104c6 0x00
core   0: 0x80001af4 (0x0113e633) or      a2, t2, a7
core   0: 3 0x80001af4 (0x0113e633) x12 0xffffffdf
core   0: 0x80001af8 (0x02d15003) lhu     zero, 45(sp)
core   0: 3 0x80001af8 (0x02d15003) mem 0x800104c6
core   0: 0x80001afc (0xfc510623) sb      t0, -52(sp)
core   0: 3 0x80001afc (0xfc510623) mem 0x80010465 0x00
core   0: 0x80001b00 (0x01110b23) sb      a7, 22(sp)
core   0: 3 0x80001b00 (0x01110b23) mem 0x800104af 0x86
core   0: 0x80001b04 (0x00712483) lw      s1, 7(sp)
core   0: 3 0x80001b04 (0x00712483) x9  0xa1b636b7 mem 0x800104a0
core   0: 0x80001b08 (0x003103a3) sb      gp, 7(sp)
core   0: 3 0x80001b08 (0x003103a3) mem 0x800104a0 0xfe
core   0: 0x80001b0c (0x017103a3) sb      s7, 7(sp)
core   0: 3 0x80001b0c (0x017103a3) mem 0x800104a0 0xff
core   0: 0x80001b10 (0xff111403) lh      s0, -15(sp)
core   0: 3 0x80001b10 (0xff111403) x8  0x000055eb mem 0x8001048a
core   0: 0x80001b14 (0x02510aa3) sb      t0, 53(sp)
core   0: 3 0x80001b14 (0x02510aa3) mem 0x800104ce 0x00
core   0: 0x80001b18 (0x03515403) lhu     s0, 53(sp)
core   0: 3 0x80001b18 (0x03515403) x8  0x0000dc00 mem 0x800104ce
core   0: 0x80001b1c (0xfc911c83) lh      s9, -55(sp)
core   0: 3 0x80001b1c (0xfc911c83) x25 0x00006a49 mem 0x80010462
core   0: 0x80001b20 (0xfff12383) lw      t2, -1(sp)
core   0: 3 0x80001b20 (0xfff12383) x7  0xd9c1dff7 mem 0x80010498
core   0: 0x80001b24 (0xfe212fa3) sw      sp, -1(sp)
core   0: 3 0x80001b24 (0xfe212fa3) mem 0x80010498 0x80010499
core   0: 0x80001b28 (0xfea14183) lbu     gp, -22(sp)
core   0: 3 0x80001b28 (0xfea14183) x3  0x00000036 mem 0x80010483
core   0: 0x80001b2c (0x03f15203) lhu     tp, 63(sp)
core   0: 3 0x80001b2c (0x03f15203) x4  0x0000b8e7 mem 0x800104d8
core   0: 0x80001b30 (0x00008cf5) c.and   s1, a3
core   0: 3 0x80001b30 (0x8cf5) x9  0x00000000
core   0: 0x80001b32 (0x015c27b3) slt     a5, s8, s5
core   0: 3 0x80001b32 (0x015c27b3) x15 0x00000001
core   0: 0x80001b36 (0x02610fa3) sb      t1, 63(sp)
core   0: 3 0x80001b36 (0x02610fa3) mem 0x800104d8 0x00
core   0: 0x80001b3a (0x03f15c83) lhu     s9, 63(sp)
core   0: 3 0x80001b3a (0x03f15c83) x25 0x0000b800 mem 0x800104d8
core   0: 0x80001b3e (0xff710723) sb      s7, -18(sp)
core   0: 3 0x80001b3e (0xff710723) mem 0x80010487 0xff
core   0: 0x80001b42 (0x00005561) c.li    a0, -8
core   0: 3 0x80001b42 (0x5561) x10 0xfffffff8
core   0: 0x80001b44 (0x00000001) c.nop
core   0: 3 0x80001b44 (0x0001)
core   0: 0x80001b46 (0x00004291) c.li    t0, 4
core   0: 3 0x80001b46 (0x4291) x5  0x00000004
core   0: 0x80001b48 (0x0000978e) c.add   a5, gp
core   0: 3 0x80001b48 (0x978e) x15 0x00000037
core   0: 0x80001b4a (0x0000141c) c.addi4spn a5, sp, 544
core   0: 3 0x80001b4a (0x141c) x15 0x800106b9
core   0: 0x80001b4c (0xc9cbf093) andi    ra, s7, -868
core   0: 3 0x80001b4c (0xc9cbf093) x1  0xfffffc9c
core   0: 0x80001b50 (0x00000521) c.addi  a0, 8
core   0: 3 0x80001b50 (0x0521) x10 0x00000000
core   0: 0x80001b52 (0xfe556ce3) bltu    a0, t0, pc - 8
core   0: 3 0x80001b52 (0xfe556ce3)
core   0: 0x80001b4a (0x0000141c) c.addi4spn a5, sp, 544
core   0: 3 0x80001b4a (0x141c) x15 0x800106b9
core   0: 0x80001b4c (0xc9cbf093) andi    ra, s7, -868
core   0: 3 0x80001b4c (0xc9cbf093) x1  0xfffffc9c
core   0: 0x80001b50 (0x00000521) c.addi  a0, 8
core   0: 3 0x80001b50 (0x0521) x10 0x00000008
core   0: 0x80001b52 (0xfe556ce3) bltu    a0, t0, pc - 8
core   0: 3 0x80001b52 (0xfe556ce3)
core   0: 0x80001b56 (0x01eeebb3) or      s7, t4, t5
core   0: 3 0x80001b56 (0x01eeebb3) x23 0x0000647f
core   0: 0x80001b5a (0x042000ef) jal     pc + 0x42
core   0: 3 0x80001b5a (0x042000ef) x1  0x80001b5e
core   0: 0x80001b9c (0xff1ff0ef) jal     pc - 0x10
core   0: 3 0x80001b9c (0xff1ff0ef) x1  0x80001ba0
core   0: 0x80001b8c (0xfe9ff0ef) jal     pc - 0x18
core   0: 3 0x80001b8c (0xfe9ff0ef) x1  0x80001b90
core   0: 0x80001b74 (0xfedff56f) jal     a0, pc - 0x14
core   0: 3 0x80001b74 (0xfedff56f) x10 0x80001b78
core   0: 0x80001b60 (0x0000a091) c.j     pc + 68
core   0: 3 0x80001b60 (0xa091)
core   0: 0x80001ba4 (0x0000bf6d) c.j     pc - 70
core   0: 3 0x80001ba4 (0xbf6d)
core   0: 0x80001b5e (0x0000a02d) c.j     pc + 42
core   0: 3 0x80001b5e (0xa02d)
core   0: 0x80001b88 (0x0000bfe9) c.j     pc - 38
core   0: 3 0x80001b88 (0xbfe9)
core   0: 0x80001b62 (0x00002009) c.jal   pc + 2
core   0: 3 0x80001b62 (0x2009) x1  0x80001b64
core   0: 0x80001b64 (0x008009ef) jal     s3, pc + 0x8
core   0: 3 0x80001b64 (0x008009ef) x19 0x80001b68
core   0: 0x80001b6c (0x00c008ef) jal     a7, pc + 0xc
core   0: 3 0x80001b6c (0x00c008ef) x17 0x80001b70
core   0: 0x80001b78 (0x0000a821) c.j     pc + 24
core   0: 3 0x80001b78 (0xa821)
core   0: 0x80001b90 (0x00002801) c.jal   pc + 16
core   0: 3 0x80001b90 (0x2801) x1  0x80001b92
core   0: 0x80001ba0 (0xff7ff16f) jal     sp, pc - 0xa
core   0: 3 0x80001ba0 (0xff7ff16f) x2  0x80001ba4
core   0: 0x80001b96 (0x0000bfe9) c.j     pc - 38
core   0: 3 0x80001b96 (0xbfe9)
core   0: 0x80001b70 (0x010000ef) jal     pc + 0x10
core   0: 3 0x80001b70 (0x010000ef) x1  0x80001b74
core   0: 0x80001b80 (0xffdff0ef) jal     pc - 0x4
core   0: 3 0x80001b80 (0xffdff0ef) x1  0x80001b84
core   0: 0x80001b7c (0x018000ef) jal     pc + 0x18
core   0: 3 0x80001b7c (0x018000ef) x1  0x80001b80
core   0: 0x80001b94 (0x00003fd1) c.jal   pc - 44
core   0: 3 0x80001b94 (0x3fd1) x1  0x80001b96
core   0: 0x80001b68 (0x0000a009) c.j     pc + 2
core   0: 3 0x80001b68 (0xa009)
core   0: 0x80001b6a (0x00002801) c.jal   pc + 16
core   0: 3 0x80001b6a (0x2801) x1  0x80001b6c
core   0: 0x80001b7a (0x0000a029) c.j     pc + 10
core   0: 3 0x80001b7a (0xa029)
core   0: 0x80001b84 (0x016001ef) jal     gp, pc + 0x16
core   0: 3 0x80001b84 (0x016001ef) x3  0x80001b88
core   0: 0x80001b9a (0x0000bfc5) c.j     pc - 16
core   0: 3 0x80001b9a (0xbfc5)
core   0: 0x80001b8a (0x00002039) c.jal   pc + 14
core   0: 3 0x80001b8a (0x2039) x1  0x80001b8c
core   0: 0x80001b98 (0x0000bfed) c.j     pc - 6
core   0: 3 0x80001b98 (0xbfed)
core   0: 0x80001b92 (0x00002811) c.jal   pc + 20
core   0: 3 0x80001b92 (0x2811) x1  0x80001b94
core   0: 0x80001ba6 (0x00000001) c.nop
core   0: 3 0x80001ba6 (0x0001)
core   0: 0x80001ba8 (0x0001a997) auipc   s3, 0x1a
core   0: 3 0x80001ba8 (0x0001a997) x19 0x8001bba8
core   0: 0x80001bac (0xa7198993) addi    s3, s3, -1423
core   0: 3 0x80001bac (0xa7198993) x19 0x8001b619
core   0: 0x80001bb0 (0x23798323) sb      s7, 550(s3)
core   0: 3 0x80001bb0 (0x23798323) mem 0x8001b83f 0x7f
core   0: 0x80001bb4 (0x54498723) sb      tp, 1358(s3)
core   0: 3 0x80001bb4 (0x54498723) mem 0x8001bb67 0xe7
core   0: 0x80001bb8 (0x54e98483) lb      s1, 1358(s3)
core   0: 3 0x80001bb8 (0x54e98483) x9  0xffffffe7 mem 0x8001bb67
core   0: 0x80001bbc (0x00000616) c.slli  a2, 5
core   0: 3 0x80001bbc (0x0616) x12 0xfffffbe0
core   0: 0x80001bbe (0x07098703) lb      a4, 112(s3)
core   0: 3 0x80001bbe (0x07098703) x14 0xfffffffd mem 0x8001b689
core   0: 0x80001bc2 (0x4059a5a3) sw      t0, 1035(s3)
core   0: 3 0x80001bc2 (0x4059a5a3) mem 0x8001ba24 0x00000004
core   0: 0x80001bc6 (0x03f41433) mulh    s0, s0, t6
core   0: 3 0x80001bc6 (0x03f41433) x8  0xffff9202
core   0: 0x80001bca (0x01c05e33) srl     t3, zero, t3
core   0: 3 0x80001bca (0x01c05e33) x28 0x00000000
core   0: 0x80001bce (0x88528013) addi    zero, t0, -1915
core   0: 3 0x80001bce (0x88528013)
core   0: 0x80001bd2 (0xaaf9c883) lbu     a7, -1361(s3)
core   0: 3 0x80001bd2 (0xaaf9c883) x17 0x000000c2 mem 0x8001b0c8
core   0: 0x80001bd6 (0x0e799d03) lh      s10, 231(s3)
core   0: 3 0x80001bd6 (0x0e799d03) x26 0xffffb858 mem 0x8001b700
core   0: 0x80001bda (0xda898203) lb      tp, -600(s3)
core   0: 3 0x80001bda (0xda898203) x4  0x00000038 mem 0x8001b3c1
core   0: 0x80001bde (0x0267d633) divu    a2, a5, t1
core   0: 3 0x80001bde (0x0267d633) x12 0x00000000
core   0: 0x80001be2 (0x41ac08b3) sub     a7, s8, s10
core   0: 3 0x80001be2 (0x41ac08b3) x17 0x8002a64c
core   0: 0x80001be6 (0x03c14d33) div     s10, sp, t3
core   0: 3 0x80001be6 (0x03c14d33) x26 0xffffffff
core   0: 0x80001bea (0x6a1995a3) sh      ra, 1707(s3)
core   0: 3 0x80001bea (0x6a1995a3) mem 0x8001bcc4 0x1b94
core   0: 0x80001bee (0x6ab9a683) lw      a3, 1707(s3)
core   0: 3 0x80001bee (0x6ab9a683) x13 0x39721b94 mem 0x8001bcc4
core   0: 0x80001bf2 (0xa3798103) lb      sp, -1481(s3)
core   0: 3 0x80001bf2 (0xa3798103) x2  0xfffffffd mem 0x8001b050
core   0: 0x80001bf6 (0xa2d98ba3) sb      a3, -1481(s3)
core   0: 3 0x80001bf6 (0xa2d98ba3) mem 0x8001b050 0x94
core   0: 0x80001bfa (0x02a000ef) jal     pc + 0x2a
core   0: 3 0x80001bfa (0x02a000ef) x1  0x80001bfe
core   0: 0x80001c24 (0x0000b7d5) c.j     pc - 28
core   0: 3 0x80001c24 (0xb7d5)
core   0: 0x80001c08 (0x01e000ef) jal     pc + 0x1e
core   0: 3 0x80001c08 (0x01e000ef) x1  0x80001c0c
core   0: 0x80001c26 (0xfe7ff0ef) jal     pc - 0x1a
core   0: 3 0x80001c26 (0xfe7ff0ef) x1  0x80001c2a
core   0: 0x80001c0c (0xffbffaef) jal     s5, pc - 0x6
core   0: 3 0x80001c0c (0xffbffaef) x21 0x80001c10
core   0: 0x80001c06 (0x0000a809) c.j     pc + 18
core   0: 3 0x80001c06 (0xa809)
core   0: 0x80001c18 (0x00003ff5) c.jal   pc - 4
core   0: 3 0x80001c18 (0x3ff5) x1  0x80001c1a
core   0: 0x80001c14 (0x0000a821) c.j     pc + 24
core   0: 3 0x80001c14 (0xa821)
core   0: 0x80001c2c (0xfd7ff2ef) jal     t0, pc - 0x2a
core   0: 3 0x80001c2c (0xfd7ff2ef) x5  0x80001c30
core   0: 0x80001c02 (0x01e000ef) jal     pc + 0x1e
core   0: 3 0x80001c02 (0x01e000ef) x1  0x80001c06
core   0: 0x80001c20 (0xff7ff7ef) jal     a5, pc - 0xa
core   0: 3 0x80001c20 (0xff7ff7ef) x15 0x80001c24
core   0: 0x80001c16 (0x0000bfed) c.j     pc - 6
core   0: 3 0x80001c16 (0xbfed)
core   0: 0x80001c10 (0x0000a009) c.j     pc + 2
core   0: 3 0x80001c10 (0xa009)
core   0: 0x80001c12 (0x0000b7fd) c.j     pc - 18
core   0: 3 0x80001c12 (0xb7fd)
core   0: 0x80001c00 (0x0000a829) c.j     pc + 26
core   0: 3 0x80001c00 (0xa829)
core   0: 0x80001c1a (0x0000a009) c.j     pc + 2
core   0: 3 0x80001c1a (0xa009)
core   0: 0x80001c1c (0xfe3ff0ef) jal     pc - 0x1e
core   0: 3 0x80001c1c (0xfe3ff0ef) x1  0x80001c20
core   0: 0x80001bfe (0x0000a035) c.j     pc + 44
core   0: 3 0x80001bfe (0xa035)
core   0: 0x80001c2a (0x0000a019) c.j     pc + 6
core   0: 3 0x80001c2a (0xa019)
core   0: 0x80001c30 (0x0000060a) c.slli  a2, 2
core   0: 3 0x80001c30 (0x060a) x12 0x00000000
core   0: 0x80001c32 (0x0001bd17) auipc   s10, 0x1b
core   0: 3 0x80001c32 (0x0001bd17) x26 0x8001cc32
core   0: 0x80001c36 (0x68ad0d13) addi    s10, s10, 1674
core   0: 3 0x80001c36 (0x68ad0d13) x26 0x8001d2bc
core   0: 0x80001c3a (0x00000001) c.nop
core   0: 3 0x80001c3a (0x0001)
core   0: 0x80001c3c (0x014a16b3) sll     a3, s4, s4
core   0: 3 0x80001c3c (0x014a16b3) x13 0xfffffc40
core   0: 0x80001c40 (0xf5dd0583) lb      a1, -163(s10)
core   0: 3 0x80001c40 (0xf5dd0583) x11 0x00000062 mem 0x8001d219
core   0: 0x80001c44 (0xf54d0123) sb      s4, -190(s10)
core   0: 3 0x80001c44 (0xf54d0123) mem 0x8001d1fe 0xc4
core   0: 0x80001c48 (0x9c5a6c93) ori     s9, s4, -1595
core   0: 3 0x80001c48 (0x9c5a6c93) x25 0xffffffc5
core   0: 0x80001c4c (0x00dd4683) lbu     a3, 13(s10)
core   0: 3 0x80001c4c (0x00dd4683) x13 0x000000da mem 0x8001d2c9
core   0: 0x80001c50 (0x019685b3) add     a1, a3, s9
core   0: 3 0x80001c50 (0x019685b3) x11 0x0000009f
core   0: 0x80001c54 (0x00a12a37) lui     s4, 0xa12
core   0: 3 0x80001c54 (0x00a12a37) x20 0x00a12000
core   0: 0x80001c58 (0xf6bd4583) lbu     a1, -149(s10)
core   0: 3 0x80001c58 (0xf6bd4583) x11 0x00000013 mem 0x8001d227
core   0: 0x80001c5c (0x003a0cb3) add     s9, s4, gp
core   0: 3 0x80001c5c (0x003a0cb3) x25 0x80a13b88
core   0: 0x80001c60 (0x054d4683) lbu     a3, 84(s10)
core   0: 3 0x80001c60 (0x054d4683) x13 0x000000e4 mem 0x8001d310
core   0: 0x80001c64 (0x00008a66) c.mv    s4, s9
core   0: 3 0x80001c64 (0x8a66) x20 0x80a13b88
core   0: 0x80001c66 (0xf19d03a3) sb      s9, -249(s10)
core   0: 3 0x80001c66 (0xf19d03a3) mem 0x8001d1c3 0x88
core   0: 0x80001c6a (0xf013bc97) auipc   s9, 0xf013b
core   0: 3 0x80001c6a (0xf013bc97) x25 0x7013cc6a
core   0: 0x80001c6e (0x000041d1) c.li    gp, 20
core   0: 3 0x80001c6e (0x41d1) x3  0x00000014
core   0: 0x80001c70 (0x0000468d) c.li    a3, 3
core   0: 3 0x80001c70 (0x468d) x13 0x00000003
core   0: 0x80001c72 (0x0dbd4a03) lbu     s4, 219(s10)
core   0: 3 0x80001c72 (0x0dbd4a03) x20 0x00000071 mem 0x8001d397
core   0: 0x80001c76 (0x063d0ba3) sb      gp, 119(s10)
core   0: 3 0x80001c76 (0x063d0ba3) mem 0x8001d333 0x14
core   0: 0x80001c7a (0xfe0a0693) addi    a3, s4, -32
core   0: 3 0x80001c7a (0xfe0a0693) x13 0x00000051
core   0: 0x80001c7e (0x000055fd) c.li    a1, -1
core   0: 3 0x80001c7e (0x55fd) x11 0xffffffff
core   0: 0x80001c80 (0x03dd0a03) lb      s4, 61(s10)
core   0: 3 0x80001c80 (0x03dd0a03) x20 0xfffffff7 mem 0x8001d2f9
core   0: 0x80001c84 (0x000015fd) c.addi  a1, -1
core   0: 3 0x80001c84 (0x15fd) x11 0xfffffffe
core   0: 0x80001c86 (0xfe4d5683) lhu     a3, -28(s10)
core   0: 3 0x80001c86 (0xfe4d5683) x13 0x0000836a mem 0x8001d2a0
core   0: 0x80001c8a (0xf006cc93) xori    s9, a3, -256
core   0: 3 0x80001c8a (0xf006cc93) x25 0xffff7c6a
core   0: 0x80001c8e (0x05cd2183) lw      gp, 92(s10)
core   0: 3 0x80001c8e (0x05cd2183) x3  0x396fe15f mem 0x8001d318
core   0: 0x80001c92 (0x092d1983) lh      s3, 146(s10)
core   0: 3 0x80001c92 (0x092d1983) x19 0xfffff6fc mem 0x8001d34e
core   0: 0x80001c96 (0x0000e117) auipc   sp, 0xe
core   0: 3 0x80001c96 (0x0000e117) x2  0x8000fc96
core   0: 0x80001c9a (0x67210113) addi    sp, sp, 1650
core   0: 3 0x80001c9a (0x67210113) x2  0x80010308
core   0: 0x80001c9e (0x03d105a3) sb      t4, 43(sp)
core   0: 3 0x80001c9e (0x03d105a3) mem 0x80010333 0x08
core   0: 0x80001ca2 (0x02b14a83) lbu     s5, 43(sp)
core   0: 3 0x80001ca2 (0x02b14a83) x21 0x00000008 mem 0x80010333
core   0: 0x80001ca6 (0x027712b3) mulh    t0, a4, t2
core   0: 3 0x80001ca6 (0x027712b3) x5  0x00000000
core   0: 0x80001caa (0x02b14403) lbu     s0, 43(sp)
core   0: 3 0x80001caa (0x02b14403) x8  0x00000008 mem 0x80010333
core   0: 0x80001cae (0x02b14303) lbu     t1, 43(sp)
core   0: 3 0x80001cae (0x02b14303) x6  0x00000008 mem 0x80010333
core   0: 0x80001cb2 (0x000006ee) c.slli  a3, 27
core   0: 3 0x80001cb2 (0x06ee) x13 0x50000000
core   0: 0x80001cb4 (0xff211a83) lh      s5, -14(sp)
core   0: 3 0x80001cb4 (0xff211a83) x21 0x0000160c mem 0x800102fa
core   0: 0x80001cb8 (0xff211283) lh      t0, -14(sp)
core   0: 3 0x80001cb8 (0xff211283) x5  0x0000160c mem 0x800102fa
core   0: 0x80001cbc (0xffb11923) sh      s11, -14(sp)
core   0: 3 0x80001cbc (0xffb11923) mem 0x800102fa 0x3fde
core   0: 0x80001cc0 (0xff215c83) lhu     s9, -14(sp)
core   0: 3 0x80001cc0 (0xff215c83) x25 0x00003fde mem 0x800102fa
core   0: 0x80001cc4 (0xff215a83) lhu     s5, -14(sp)
core   0: 3 0x80001cc4 (0xff215a83) x21 0x00003fde mem 0x800102fa
core   0: 0x80001cc8 (0x00008385) c.srli  a5, 1
core   0: 3 0x80001cc8 (0x8385) x15 0x40000e12
core   0: 0x80001cca (0x00008d2d) c.xor   a0, a1
core   0: 3 0x80001cca (0x8d2d) x10 0x7fffe486
core   0: 0x80001ccc (0x000087d2) c.mv    a5, s4
core   0: 3 0x80001ccc (0x87d2) x15 0xfffffff7
core   0: 0x80001cce (0xff215a83) lhu     s5, -14(sp)
core   0: 3 0x80001cce (0xff215a83) x21 0x00003fde mem 0x800102fa
core   0: 0x80001cd2 (0xfe615403) lhu     s0, -26(sp)
core   0: 3 0x80001cd2 (0xfe615403) x8  0x0000e2a9 mem 0x800102ee
core   0: 0x80001cd6 (0x2ca76693) ori     a3, a4, 714
core   0: 3 0x80001cd6 (0x2ca76693) x13 0xffffffff
core   0: 0x80001cda (0x038fe2b3) rem     t0, t6, s8
core   0: 3 0x80001cda (0x038fe2b3) x5  0x80029d24
core   0: 0x80001cde (0xfff10683) lb      a3, -1(sp)
core   0: 3 0x80001cde (0xfff10683) x13 0xffffffa8 mem 0x80010307
core   0: 0x80001ce2 (0xfff14b03) lbu     s6, -1(sp)
core   0: 3 0x80001ce2 (0xfff14b03) x22 0x000000a8 mem 0x80010307
core   0: 0x80001ce6 (0xff210fa3) sb      s2, -1(sp)
core   0: 3 0x80001ce6 (0xff210fa3) mem 0x80010307 0x00
core   0: 0x80001cea (0x000055f5) c.li    a1, -3
core   0: 3 0x80001cea (0x55f5) x11 0xfffffffd
core   0: 0x80001cec (0x00008f9d) c.sub   a5, a5
core   0: 3 0x80001cec (0x8f9d) x15 0x00000000
core   0: 0x80001cee (0x021198b3) mulh    a7, gp, ra
core   0: 3 0x80001cee (0x021198b3) x17 0xe348159f
core   0: 0x80001cf2 (0x99e06213) ori     tp, zero, -1634
core   0: 3 0x80001cf2 (0x99e06213) x4  0xfffff99e
core   0: 0x80001cf6 (0x000054e9) c.li    s1, -6
core   0: 3 0x80001cf6 (0x54e9) x9  0xfffffffa
core   0: 0x80001cf8 (0x000068e5) c.lui   a7, 0x19
core   0: 3 0x80001cf8 (0x68e5) x17 0x00019000
core   0: 0x80001cfa (0x038947b3) div     a5, s2, s8
core   0: 3 0x80001cfa (0x038947b3) x15 0x00000000
core   0: 0x80001cfe (0x012340b3) xor     ra, t1, s2
core   0: 3 0x80001cfe (0x012340b3) x1  0x00000008
core   0: 0x80001d02 (0x031328b3) mulhsu  a7, t1, a7
core   0: 3 0x80001d02 (0x031328b3) x17 0x00000000
core   0: 0x80001d06 (0x8607cb17) auipc   s6, 0x8607c
core   0: 3 0x80001d06 (0x8607cb17) x22 0x0607dd06
core   0: 0x80001d0a (0x75e6bf37) lui     t5, 0x75e6b
core   0: 3 0x80001d0a (0x75e6bf37) x30 0x75e6b000
core   0: 0x80001d0e (0x01d3dcb3) srl     s9, t2, t4
core   0: 3 0x80001d0e (0x01d3dcb3) x25 0x00d9c1df
core   0: 0x80001d12 (0x000015d9) c.addi  a1, -10
core   0: 3 0x80001d12 (0x15d9) x11 0xfffffff3
core   0: 0x80001d14 (0x006c5913) srli    s2, s8, 6
core   0: 3 0x80001d14 (0x006c5913) x18 0x0200097a
core   0: 0x80001d18 (0x008187b3) add     a5, gp, s0
core   0: 3 0x80001d18 (0x008187b3) x15 0x3970c408
core   0: 0x80001d1c (0x000056fd) c.li    a3, -1
core   0: 3 0x80001d1c (0x56fd) x13 0xffffffff
core   0: 0x80001d1e (0x00008c19) c.sub   s0, a4
core   0: 3 0x80001d1e (0x8c19) x8  0x0000e2ac
core   0: 0x80001d20 (0x025068b3) rem     a7, zero, t0
core   0: 3 0x80001d20 (0x025068b3) x17 0x00000000
core   0: 0x80001d24 (0x01fda3b3) slt     t2, s11, t6
core   0: 3 0x80001d24 (0x01fda3b3) x7  0x00000000
core   0: 0x80001d28 (0x00008321) c.srli  a4, 8
core   0: 3 0x80001d28 (0x8321) x14 0x00ffffff
core   0: 0x80001d2a (0xf75bf113) andi    sp, s7, -139
core   0: 3 0x80001d2a (0xf75bf113) x2  0x00006475
core   0: 0x80001d2e (0x00006159) c.addi16sp sp, 400
core   0: 3 0x80001d2e (0x6159) x2  0x00006605
core   0: 0x80001d30 (0x00005abd) c.li    s5, -17
core   0: 3 0x80001d30 (0x5abd) x21 0xffffffef
core   0: 0x80001d32 (0x00008715) c.srai  a4, 5
core   0: 3 0x80001d32 (0x8715) x14 0x0007ffff
core   0: 0x80001d34 (0x0302d833) divu    a6, t0, a6
core   0: 3 0x80001d34 (0x0302d833) x16 0xffffffff
core   0: 0x80001d38 (0x00000b36) c.slli  s6, 13
core   0: 3 0x80001d38 (0x0b36) x22 0xfba0c000
core   0: 0x80001d3a (0x000016e1) c.addi  a3, -8
core   0: 3 0x80001d3a (0x16e1) x13 0xfffffff7
core   0: 0x80001d3c (0xff569ce3) bne     a3, s5, pc - 8
core   0: 3 0x80001d3c (0xff569ce3)
core   0: 0x80001d34 (0x0302d833) divu    a6, t0, a6
core   0: 3 0x80001d34 (0x0302d833) x16 0x00000000
core   0: 0x80001d38 (0x00000b36) c.slli  s6, 13
core   0: 3 0x80001d38 (0x0b36) x22 0x18000000
core   0: 0x80001d3a (0x000016e1) c.addi  a3, -8
core   0: 3 0x80001d3a (0x16e1) x13 0xffffffef
core   0: 0x80001d3c (0xff569ce3) bne     a3, s5, pc - 8
core   0: 3 0x80001d3c (0xff569ce3)
core   0: 0x80001d40 (0xdd210a13) addi    s4, sp, -558
core   0: 3 0x80001d40 (0xdd210a13) x20 0x000063d7
core   0: 0x80001d44 (0x02ea5a33) divu    s4, s4, a4
core   0: 3 0x80001d44 (0x02ea5a33) x20 0x00000000
core   0: 0x80001d48 (0xfa95dde3) bge     a1, s1, pc - 70
core   0: 3 0x80001d48 (0xfa95dde3)
core   0: 0x80001d4c (0x02b49bb3) mulh    s7, s1, a1
core   0: 3 0x80001d4c (0x02b49bb3) x23 0x00000000
core   0: 0x80001d50 (0x00004791) c.li    a5, 4
core   0: 3 0x80001d50 (0x4791) x15 0x00000004
core   0: 0x80001d52 (0x000056c1) c.li    a3, -16
core   0: 3 0x80001d52 (0x56c1) x13 0xfffffff0
core   0: 0x80001d54 (0x0000527d) c.li    tp, -1
core   0: 3 0x80001d54 (0x527d) x4  0xffffffff
core   0: 0x80001d56 (0x000017d9) c.addi  a5, -10
core   0: 3 0x80001d56 (0x17d9) x15 0xfffffffa
core   0: 0x80001d58 (0x03182ab3) mulhsu  s5, a6, a7
core   0: 3 0x80001d58 (0x03182ab3) x21 0x00000000
core   0: 0x80001d5c (0x0000408d) c.li    ra, 3
core   0: 3 0x80001d5c (0x408d) x1  0x00000003
core   0: 0x80001d5e (0xb8ccaa13) slti    s4, s9, -1140
core   0: 3 0x80001d5e (0xb8ccaa13) x20 0x00000000
core   0: 0x80001d62 (0x00004b09) c.li    s6, 2
core   0: 3 0x80001d62 (0x4b09) x22 0x00000002
core   0: 0x80001d64 (0x00000001) c.nop
core   0: 3 0x80001d64 (0x0001)
core   0: 0x80001d66 (0x00009ae2) c.add   s5, s8
core   0: 3 0x80001d66 (0x9ae2) x21 0x80025ea4
core   0: 0x80001d68 (0x000010fd) c.addi  ra, -1
core   0: 3 0x80001d68 (0x10fd) x1  0x00000002
core   0: 0x80001d6a (0xff60fee3) bgeu    ra, s6, pc - 4
core   0: 3 0x80001d6a (0xff60fee3)
core   0: 0x80001d66 (0x00009ae2) c.add   s5, s8
core   0: 3 0x80001d66 (0x9ae2) x21 0x0004bd48
core   0: 0x80001d68 (0x000010fd) c.addi  ra, -1
core   0: 3 0x80001d68 (0x10fd) x1  0x00000001
core   0: 0x80001d6a (0xff60fee3) bgeu    ra, s6, pc - 4
core   0: 3 0x80001d6a (0xff60fee3)
core   0: 0x80001d6e (0xc4261497) auipc   s1, 0xc4261
core   0: 3 0x80001d6e (0xc4261497) x9  0x44262d6e
core   0: 0x80001d72 (0xfed791e3) bne     a5, a3, pc - 30
core   0: 3 0x80001d72 (0xfed791e3)
core   0: 0x80001d54 (0x0000527d) c.li    tp, -1
core   0: 3 0x80001d54 (0x527d) x4  0xffffffff
core   0: 0x80001d56 (0x000017d9) c.addi  a5, -10
core   0: 3 0x80001d56 (0x17d9) x15 0xfffffff0
core   0: 0x80001d58 (0x03182ab3) mulhsu  s5, a6, a7
core   0: 3 0x80001d58 (0x03182ab3) x21 0x00000000
core   0: 0x80001d5c (0x0000408d) c.li    ra, 3
core   0: 3 0x80001d5c (0x408d) x1  0x00000003
core   0: 0x80001d5e (0xb8ccaa13) slti    s4, s9, -1140
core   0: 3 0x80001d5e (0xb8ccaa13) x20 0x00000000
core   0: 0x80001d62 (0x00004b09) c.li    s6, 2
core   0: 3 0x80001d62 (0x4b09) x22 0x00000002
core   0: 0x80001d64 (0x00000001) c.nop
core   0: 3 0x80001d64 (0x0001)
core   0: 0x80001d66 (0x00009ae2) c.add   s5, s8
core   0: 3 0x80001d66 (0x9ae2) x21 0x80025ea4
core   0: 0x80001d68 (0x000010fd) c.addi  ra, -1
core   0: 3 0x80001d68 (0x10fd) x1  0x00000002
core   0: 0x80001d6a (0xff60fee3) bgeu    ra, s6, pc - 4
core   0: 3 0x80001d6a (0xff60fee3)
core   0: 0x80001d66 (0x00009ae2) c.add   s5, s8
core   0: 3 0x80001d66 (0x9ae2) x21 0x0004bd48
core   0: 0x80001d68 (0x000010fd) c.addi  ra, -1
core   0: 3 0x80001d68 (0x10fd) x1  0x00000001
core   0: 0x80001d6a (0xff60fee3) bgeu    ra, s6, pc - 4
core   0: 3 0x80001d6a (0xff60fee3)
core   0: 0x80001d6e (0xc4261497) auipc   s1, 0xc4261
core   0: 3 0x80001d6e (0xc4261497) x9  0x44262d6e
core   0: 0x80001d72 (0xfed791e3) bne     a5, a3, pc - 30
core   0: 3 0x80001d72 (0xfed791e3)
core   0: 0x80001d76 (0x00000d8a) c.slli  s11, 2
core   0: 3 0x80001d76 (0x0d8a) x27 0x0000ff78
core   0: 0x80001d78 (0x00014997) auipc   s3, 0x14
core   0: 3 0x80001d78 (0x00014997) x19 0x80015d78
core   0: 0x80001d7c (0x17498993) addi    s3, s3, 372
core   0: 3 0x80001d7c (0x17498993) x19 0x80015eec
core   0: 0x80001d80 (0x0169d013) srli    zero, s3, 22
core   0: 3 0x80001d80 (0x0169d013)
core   0: 0x80001d84 (0x77698603) lb      a2, 1910(s3)
core   0: 3 0x80001d84 (0x77698603) x12 0x0000002f mem 0x80016662
core   0: 0x80001d88 (0x000006d6) c.slli  a3, 21
core   0: 3 0x80001d88 (0x06d6) x13 0xfe000000
core   0: 0x80001d8a (0x03144cb3) div     s9, s0, a7
core   0: 3 0x80001d8a (0x03144cb3) x25 0xffffffff
core   0: 0x80001d8e (0x7f290813) addi    a6, s2, 2034
core   0: 3 0x80001d8e (0x7f290813) x16 0x0200116c
core   0: 0x80001d92 (0xfa67f013) andi    zero, a5, -90
core   0: 3 0x80001d92 (0xfa67f013)
core   0: 0x80001d96 (0xb819c683) lbu     a3, -1151(s3)
core   0: 3 0x80001d96 (0xb819c683) x13 0x0000008f mem 0x80015a6d
core   0: 0x80001d9a (0x0000950e) c.add   a0, gp
core   0: 3 0x80001d9a (0x950e) x10 0xb96fc5e5
core   0: 0x80001d9c (0x0153a2b3) slt     t0, t2, s5
core   0: 3 0x80001d9c (0x0153a2b3) x5  0x00000001
core   0: 0x80001da0 (0x03678db3) mul     s11, a5, s6
core   0: 3 0x80001da0 (0x03678db3) x27 0xffffffe0
core   0: 0x80001da4 (0x5f299823) sh      s2, 1520(s3)
core   0: 3 0x80001da4 (0x5f299823) mem 0x800164dc 0x097a
core   0: 0x80001da8 (0x21f9c083) lbu     ra, 543(s3)
core   0: 3 0x80001da8 (0x21f9c083) x1  0x00000092 mem 0x8001610b
core   0: 0x80001dac (0x1049ae03) lw      t3, 260(s3)
core   0: 3 0x80001dac (0x1049ae03) x28 0x1918d705 mem 0x80015ff0
core   0: 0x80001db0 (0x00000001) c.nop
core   0: 3 0x80001db0 (0x0001)
core   0: 0x80001db2 (0x00001dfd) c.addi  s11, -1
core   0: 3 0x80001db2 (0x1dfd) x27 0xffffffdf
core   0: 0x80001db4 (0x529ab797) auipc   a5, 0x529ab
core   0: 3 0x80001db4 (0x529ab797) x15 0xd29acdb4
core   0: 0x80001db8 (0x00008c01) c.sub   s0, s0
core   0: 3 0x80001db8 (0x8c01) x8  0x00000000
core   0: 0x80001dba (0x00000001) c.nop
core   0: 3 0x80001dba (0x0001)
core   0: 0x80001dbc (0x03e9f8b3) remu    a7, s3, t5
core   0: 3 0x80001dbc (0x03e9f8b3) x17 0x0a1aaeec
core   0: 0x80001dc0 (0x380b7593) andi    a1, s6, 896
core   0: 3 0x80001dc0 (0x380b7593) x11 0x00000000
core   0: 0x80001dc4 (0x02b03433) mulhu   s0, zero, a1
core   0: 3 0x80001dc4 (0x02b03433) x8  0x00000000
core   0: 0x80001dc8 (0x8349db83) lhu     s7, -1996(s3)
core   0: 3 0x80001dc8 (0x8349db83) x23 0x0000b43b mem 0x80015720
core   0: 0x80001dcc (0x42698183) lb      gp, 1062(s3)
core   0: 3 0x80001dcc (0x42698183) x3  0xffffffd0 mem 0x80016312
core   0: 0x80001dd0 (0x5ee99b83) lh      s7, 1518(s3)
core   0: 3 0x80001dd0 (0x5ee99b83) x23 0x00005cdc mem 0x800164da
core   0: 0x80001dd4 (0xc9498803) lb      a6, -876(s3)
core   0: 3 0x80001dd4 (0xc9498803) x16 0xffffffdf mem 0x80015b80
core   0: 0x80001dd8 (0xec598783) lb      a5, -315(s3)
core   0: 3 0x80001dd8 (0xec598783) x15 0x0000006e mem 0x80015db1
core   0: 0x80001ddc (0xdab98d83) lb      s11, -597(s3)
core   0: 3 0x80001ddc (0xdab98d83) x27 0x00000000 mem 0x80015c97
core   0: 0x80001de0 (0x03f8c633) div     a2, a7, t6
core   0: 3 0x80001de0 (0x03f8c633) x12 0x00000000
core   0: 0x80001de4 (0xc8798183) lb      gp, -889(s3)
core   0: 3 0x80001de4 (0xc8798183) x3  0xffffffb0 mem 0x80015b73
core   0: 0x80001de8 (0x000052ed) c.li    t0, -5
core   0: 3 0x80001de8 (0x52ed) x5  0xfffffffb
core   0: 0x80001dea (0x5089ab93) slti    s7, s3, 1288
core   0: 3 0x80001dea (0x5089ab93) x23 0x00000001
core   0: 0x80001dee (0x00cd4e33) xor     t3, s10, a2
core   0: 3 0x80001dee (0x00cd4e33) x28 0x8001d2bc
core   0: 0x80001df2 (0x000055d5) c.li    a1, -11
core   0: 3 0x80001df2 (0x55d5) x11 0xfffffff5
core   0: 0x80001df4 (0x40650833) sub     a6, a0, t1
core   0: 3 0x80001df4 (0x40650833) x16 0xb96fc5dd
core   0: 0x80001df8 (0x00574333) xor     t1, a4, t0
core   0: 3 0x80001df8 (0x00574333) x6  0xfff80004
core   0: 0x80001dfc (0x000012e9) c.addi  t0, -6
core   0: 3 0x80001dfc (0x12e9) x5  0xfffffff5
core   0: 0x80001dfe (0x01c65213) srli    tp, a2, 28
core   0: 3 0x80001dfe (0x01c65213) x4  0x00000000
core   0: 0x80001e02 (0xfeb29be3) bne     t0, a1, pc - 10
core   0: 3 0x80001e02 (0xfeb29be3)
core   0: 0x80001e06 (0x03472d33) mulhsu  s10, a4, s4
core   0: 3 0x80001e06 (0x03472d33) x26 0x00000000
core   0: 0x80001e0a (0x004000ef) jal     pc + 0x4
core   0: 3 0x80001e0a (0x004000ef) x1  0x80001e0e
core   0: 0x80001e0e (0x01a00d6f) jal     s10, pc + 0x1a
core   0: 3 0x80001e0e (0x01a00d6f) x26 0x80001e12
core   0: 0x80001e28 (0x00e0036f) jal     t1, pc + 0xe
core   0: 3 0x80001e28 (0x00e0036f) x6  0x80001e2c
core   0: 0x80001e36 (0xfe7ff36f) jal     t1, pc - 0x1a
core   0: 3 0x80001e36 (0xfe7ff36f) x6  0x80001e3a
core   0: 0x80001e1c (0x00002019) c.jal   pc + 6
core   0: 3 0x80001e1c (0x2019) x1  0x80001e1e
core   0: 0x80001e22 (0x018000ef) jal     pc + 0x18
core   0: 3 0x80001e22 (0x018000ef) x1  0x80001e26
core   0: 0x80001e3a (0x00003fe5) c.jal   pc - 8
core   0: 3 0x80001e3a (0x3fe5) x1  0x80001e3c
core   0: 0x80001e32 (0x0000bfd5) c.j     pc - 12
core   0: 3 0x80001e32 (0xbfd5)
core   0: 0x80001e26 (0x0000b7f5) c.j     pc - 20
core   0: 3 0x80001e26 (0xb7f5)
core   0: 0x80001e12 (0x006000ef) jal     pc + 0x6
core   0: 3 0x80001e12 (0x006000ef) x1  0x80001e16
core   0: 0x80001e18 (0x0180096f) jal     s2, pc + 0x18
core   0: 3 0x80001e18 (0x0180096f) x18 0x80001e1c
core   0: 0x80001e30 (0x0000a011) c.j     pc + 4
core   0: 3 0x80001e30 (0xa011)
core   0: 0x80001e34 (0x00003fed) c.jal   pc - 6
core   0: 3 0x80001e34 (0x3fed) x1  0x80001e36
core   0: 0x80001e2e (0x0000bffd) c.j     pc - 2
core   0: 3 0x80001e2e (0xbffd)
core   0: 0x80001e2c (0x000037ed) c.jal   pc - 22
core   0: 3 0x80001e2c (0x37ed) x1  0x80001e2e
core   0: 0x80001e16 (0x0000a021) c.j     pc + 8
core   0: 3 0x80001e16 (0xa021)
core   0: 0x80001e1e (0x01e000ef) jal     pc + 0x1e
core   0: 3 0x80001e1e (0x01e000ef) x1  0x80001e22
core   0: 0x80001e3c (0x00e66533) or      a0, a2, a4
core   0: 3 0x80001e3c (0x00e66533) x10 0x0007ffff
core   0: 0x80001e40 (0x0000e717) auipc   a4, 0xe
core   0: 3 0x80001e40 (0x0000e717) x14 0x8000fe40
core   0: 0x80001e44 (0x56070713) addi    a4, a4, 1376
core   0: 3 0x80001e44 (0x56070713) x14 0x800103a0
core   0: 0x80001e48 (0xff774183) lbu     gp, -9(a4)
core   0: 3 0x80001e48 (0xff774183) x3  0x00000080 mem 0x80010397
core   0: 0x80001e4c (0xffc70ba3) sb      t3, -9(a4)
core   0: 3 0x80001e4c (0xffc70ba3) mem 0x80010397 0xbc
core   0: 0x80001e50 (0x005912b3) sll     t0, s2, t0
core   0: 3 0x80001e50 (0x005912b3) x5  0xc3800000
core   0: 0x80001e54 (0xff774683) lbu     a3, -9(a4)
core   0: 3 0x80001e54 (0xff774683) x13 0x000000bc mem 0x80010397
core   0: 0x80001e58 (0xff270403) lb      s0, -14(a4)
core   0: 3 0x80001e58 (0xff270403) x8  0xffffff82 mem 0x80010392
core   0: 0x80001e5c (0xff275b03) lhu     s6, -14(a4)
core   0: 3 0x80001e5c (0xff275b03) x22 0x0000bd82 mem 0x80010392
core   0: 0x80001e60 (0x00e70783) lb      a5, 14(a4)
core   0: 3 0x80001e60 (0x00e70783) x15 0xfffffffd mem 0x800103ae
core   0: 0x80001e64 (0x40540433) sub     s0, s0, t0
core   0: 3 0x80001e64 (0x40540433) x8  0x3c7fff82
core   0: 0x80001e68 (0x40c45033) sra     zero, s0, a2
core   0: 3 0x80001e68 (0x40c45033)
core   0: 0x80001e6c (0x00e71983) lh      s3, 14(a4)
core   0: 3 0x80001e6c (0x00e71983) x19 0x000054fd mem 0x800103ae
core   0: 0x80001e70 (0x00e70283) lb      t0, 14(a4)
core   0: 3 0x80001e70 (0x00e70283) x5  0xfffffffd mem 0x800103ae
core   0: 0x80001e74 (0x00e74483) lbu     s1, 14(a4)
core   0: 3 0x80001e74 (0x00e74483) x9  0x000000fd mem 0x800103ae
core   0: 0x80001e78 (0x407e54b3) sra     s1, t3, t2
core   0: 3 0x80001e78 (0x407e54b3) x9  0x8001d2bc
core   0: 0x80001e7c (0x00e71103) lh      sp, 14(a4)
core   0: 3 0x80001e7c (0x00e71103) x2  0x000054fd mem 0x800103ae
core   0: 0x80001e80 (0x00019117) auipc   sp, 0x19
core   0: 3 0x80001e80 (0x00019117) x2  0x8001ae80
core   0: 0x80001e84 (0x2f410113) addi    sp, sp, 756
core   0: 3 0x80001e84 (0x2f410113) x2  0x8001b174
core   0: 0x80001e88 (0x0cf10ea3) sb      a5, 221(sp)
core   0: 3 0x80001e88 (0x0cf10ea3) mem 0x8001b251 0xfd
core   0: 0x80001e8c (0xf2f10383) lb      t2, -209(sp)
core   0: 3 0x80001e8c (0xf2f10383) x7  0xffffffb9 mem 0x8001b0a3
core   0: 0x80001e90 (0x0000d0be) c.swsp  a5, 96(sp)
core   0: 3 0x80001e90 (0xd0be) mem 0x8001b1d4 0xfffffffd
core   0: 0x80001e92 (0x05314703) lbu     a4, 83(sp)
core   0: 3 0x80001e92 (0x05314703) x14 0x00000093 mem 0x8001b1c7
core   0: 0x80001e96 (0x000053c2) c.lwsp  t2, 48(sp)
core   0: 3 0x80001e96 (0x53c2) x7  0x6669a8ba mem 0x8001b1a4
core   0: 0x80001e98 (0xfaf11823) sh      a5, -80(sp)
core   0: 3 0x80001e98 (0xfaf11823) mem 0x8001b124 0xfffd
core   0: 0x80001e9c (0xf2710a83) lb      s5, -217(sp)
core   0: 3 0x80001e9c (0xf2710a83) x21 0x00000047 mem 0x8001b09b
core   0: 0x80001ea0 (0xf8810823) sb      s0, -112(sp)
core   0: 3 0x80001ea0 (0xf8810823) mem 0x8001b104 0x82
core   0: 0x80001ea4 (0xf7310c83) lb      s9, -141(sp)
core   0: 3 0x80001ea4 (0xf7310c83) x25 0xfffffff7 mem 0x8001b0e7
core   0: 0x80001ea8 (0x0357ccb3) div     s9, a5, s5
core   0: 3 0x80001ea8 (0x0357ccb3) x25 0x00000000
core   0: 0x80001eac (0x00375a93) srli    s5, a4, 3
core   0: 3 0x80001eac (0x00375a93) x21 0x00000012
core   0: 0x80001eb0 (0x0000c63e) c.swsp  a5, 12(sp)
core   0: 3 0x80001eb0 (0xc63e) mem 0x8001b180 0xfffffffd
core   0: 0x80001eb2 (0xfc114383) lbu     t2, -63(sp)
core   0: 3 0x80001eb2 (0xfc114383) x7  0x0000002d mem 0x8001b135
core   0: 0x80001eb6 (0xf0411c83) lh      s9, -252(sp)
core   0: 3 0x80001eb6 (0xf0411c83) x25 0x000029a6 mem 0x8001b078
core   0: 0x80001eba (0x00008c79) c.and   s0, a4
core   0: 3 0x80001eba (0x8c79) x8  0x00000082
core   0: 0x80001ebc (0x46343393) sltiu   t2, s0, 1123
core   0: 3 0x80001ebc (0x46343393) x7  0x00000001
core   0: 0x80001ec0 (0x0000cfba) c.swsp  a4, 220(sp)
core   0: 3 0x80001ec0 (0xcfba) mem 0x8001b250 0x00000093
core   0: 0x80001ec2 (0x07d14403) lbu     s0, 125(sp)
core   0: 3 0x80001ec2 (0x07d14403) x8  0x000000da mem 0x8001b1f1
core   0: 0x80001ec6 (0x0000c066) c.swsp  s9, 0(sp)
core   0: 3 0x80001ec6 (0xc066) mem 0x8001b174 0x000029a6
core   0: 0x80001ec8 (0xff611403) lh      s0, -10(sp)
core   0: 3 0x80001ec8 (0xff611403) x8  0xffffdf52 mem 0x8001b16a
core   0: 0x80001ecc (0xfc811423) sh      s0, -56(sp)
core   0: 3 0x80001ecc (0xfc811423) mem 0x8001b13c 0xdf52
core   0: 0x80001ed0 (0xfce10a83) lb      s5, -50(sp)
core   0: 3 0x80001ed0 (0xfce10a83) x21 0x00000055 mem 0x8001b142
core   0: 0x80001ed4 (0x01979cb3) sll     s9, a5, s9
core   0: 3 0x80001ed4 (0x01979cb3) x25 0xffffff40
core   0: 0x80001ed8 (0x2673fa93) andi    s5, t2, 615
core   0: 3 0x80001ed8 (0x2673fa93) x21 0x00000001
core   0: 0x80001edc (0x00005cfd) c.li    s9, -1
core   0: 3 0x80001edc (0x5cfd) x25 0xffffffff
core   0: 0x80001ede (0x000087c5) c.srai  a5, 17
core   0: 3 0x80001ede (0x87c5) x15 0xffffffff
core   0: 0x80001ee0 (0xf4310c83) lb      s9, -189(sp)
core   0: 3 0x80001ee0 (0xf4310c83) x25 0xfffffff5 mem 0x8001b0b7
core   0: 0x80001ee4 (0x08e10823) sb      a4, 144(sp)
core   0: 3 0x80001ee4 (0x08e10823) mem 0x8001b204 0x93
core   0: 0x80001ee8 (0x07714a83) lbu     s5, 119(sp)
core   0: 3 0x80001ee8 (0x07714a83) x21 0x00000071 mem 0x8001b1eb
core   0: 0x80001eec (0xf8914383) lbu     t2, -119(sp)
core   0: 3 0x80001eec (0xf8914383) x7  0x000000bd mem 0x8001b0fd
core   0: 0x80001ef0 (0x000007c9) c.addi  a5, 18
core   0: 3 0x80001ef0 (0x07c9) x15 0x00000011
core   0: 0x80001ef2 (0xf3510c83) lb      s9, -203(sp)
core   0: 3 0x80001ef2 (0xf3510c83) x25 0x00000048 mem 0x8001b0a9
core   0: 0x80001ef6 (0xf7310703) lb      a4, -141(sp)
core   0: 3 0x80001ef6 (0xf7310703) x14 0xfffffff7 mem 0x8001b0e7
core   0: 0x80001efa (0x00008375) c.srli  a4, 29
core   0: 3 0x80001efa (0x8375) x14 0x00000007
core   0: 0x80001efc (0xf9714783) lbu     a5, -105(sp)
core   0: 3 0x80001efc (0xf9714783) x15 0x000000a0 mem 0x8001b10b
core   0: 0x80001f00 (0x0d073413) sltiu   s0, a4, 208
core   0: 3 0x80001f00 (0x0d073413) x8  0x00000001
core   0: 0x80001f04 (0xff511823) sh      s5, -16(sp)
core   0: 3 0x80001f04 (0xff511823) mem 0x8001b164 0x0071
core   0: 0x80001f08 (0x095108a3) sb      s5, 145(sp)
core   0: 3 0x80001f08 (0x095108a3) mem 0x8001b205 0x71
core   0: 0x80001f0c (0xf6f10c83) lb      s9, -145(sp)
core   0: 3 0x80001f0c (0xf6f10c83) x25 0x00000057 mem 0x8001b0e3
core   0: 0x80001f10 (0x00018d17) auipc   s10, 0x18
core   0: 3 0x80001f10 (0x00018d17) x26 0x80019f10
core   0: 0x80001f14 (0x277d0d13) addi    s10, s10, 631
core   0: 3 0x80001f14 (0x277d0d13) x26 0x8001a187
core   0: 0x80001f18 (0x00000001) c.nop
core   0: 3 0x80001f18 (0x0001)
core   0: 0x80001f1a (0xe7dd5f03) lhu     t5, -387(s10)
core   0: 3 0x80001f1a (0xe7dd5f03) x30 0x0000b7d9 mem 0x8001a004
core   0: 0x80001f1e (0x00008f3d) c.xor   a4, a5
core   0: 3 0x80001f1e (0x8f3d) x14 0x000000a7
core   0: 0x80001f20 (0x801c1697) auipc   a3, 0x801c1
core   0: 3 0x80001f20 (0x801c1697) x13 0x001c2f20
core   0: 0x80001f24 (0xa31cfa93) andi    s5, s9, -1487
core   0: 3 0x80001f24 (0xa31cfa93) x21 0x00000011
core   0: 0x80001f28 (0x41fb8633) sub     a2, s7, t6
core   0: 3 0x80001f28 (0x41fb8633) x12 0x7ffd62dd
core   0: 0x80001f2c (0x924d0317) auipc   t1, 0x924d0
core   0: 3 0x80001f2c (0x924d0317) x6  0x124d1f2c
core   0: 0x80001f30 (0x498d0323) sb      s8, 1158(s10)
core   0: 3 0x80001f30 (0x498d0323) mem 0x8001a60d 0xa4
core   0: 0x80001f34 (0xb01ce193) ori     gp, s9, -1279
core   0: 3 0x80001f34 (0xb01ce193) x3  0xfffffb57
core   0: 0x80001f38 (0x026fb033) mulhu   zero, t6, t1
core   0: 3 0x80001f38 (0x026fb033)
core   0: 0x80001f3c (0xffd5e113) ori     sp, a1, -3
core   0: 3 0x80001f3c (0xffd5e113) x2  0xfffffffd
core   0: 0x80001f40 (0x827d4603) lbu     a2, -2009(s10)
core   0: 3 0x80001f40 (0x827d4603) x12 0x00000004 mem 0x800199ae
core   0: 0x80001f44 (0x00d35b93) srli    s7, t1, 13
core   0: 3 0x80001f44 (0x00d35b93) x23 0x00009268
core   0: 0x80001f48 (0x268d0fa3) sb      s0, 639(s10)
core   0: 3 0x80001f48 (0x268d0fa3) mem 0x8001a406 0x01
core   0: 0x80001f4c (0xf49d0d83) lb      s11, -183(s10)
core   0: 3 0x80001f4c (0xf49d0d83) x27 0x00000050 mem 0x8001a0d0
core   0: 0x80001f50 (0x081d0003) lb      zero, 129(s10)
core   0: 3 0x80001f50 (0x081d0003) mem 0x8001a208
core   0: 0x80001f54 (0x00008ed9) c.or    a3, a4
core   0: 3 0x80001f54 (0x8ed9) x13 0x001c2fa7
core   0: 0x80001f56 (0xc63d0ba3) sb      gp, -905(s10)
core   0: 3 0x80001f56 (0xc63d0ba3) mem 0x80019dfe 0x57
core   0: 0x80001f5a (0x03c5eab3) rem     s5, a1, t3
core   0: 3 0x80001f5a (0x03c5eab3) x21 0xfffffff5
core   0: 0x80001f5e (0x00006e65) c.lui   t3, 0x19
core   0: 3 0x80001f5e (0x6e65) x28 0x00019000
core   0: 0x80001f60 (0x00009bfa) c.add   s7, t5
core   0: 3 0x80001f60 (0x9bfa) x23 0x00014a41
core   0: 0x80001f62 (0x016d0583) lb      a1, 22(s10)
core   0: 3 0x80001f62 (0x016d0583) x11 0x0000006d mem 0x8001a19d
core   0: 0x80001f66 (0x27fd0603) lb      a2, 639(s10)
core   0: 3 0x80001f66 (0x27fd0603) x12 0x00000001 mem 0x8001a406
core   0: 0x80001f6a (0x03b61f33) mulh    t5, a2, s11
core   0: 3 0x80001f6a (0x03b61f33) x30 0x00000000
core   0: 0x80001f6e (0xf9fd07a3) sb      t6, -113(s10)
core   0: 3 0x80001f6e (0xf9fd07a3) mem 0x8001a116 0x24
core   0: 0x80001f72 (0x44cd0603) lb      a2, 1100(s10)
core   0: 3 0x80001f72 (0x44cd0603) x12 0x0000006b mem 0x8001a5d3
core   0: 0x80001f76 (0x00008335) c.srli  a4, 13
core   0: 3 0x80001f76 (0x8335) x14 0x00000000
core   0: 0x80001f78 (0x60e18137) lui     sp, 0x60e18
core   0: 3 0x80001f78 (0x60e18137) x2  0x60e18000
core   0: 0x80001f7c (0x00008ebd) c.xor   a3, a5
core   0: 3 0x80001f7c (0x8ebd) x13 0x001c2f07
core   0: 0x80001f7e (0x00008d8d) c.sub   a1, a1
core   0: 3 0x80001f7e (0x8d8d) x11 0x00000000
core   0: 0x80001f80 (0x695d0323) sb      s5, 1670(s10)
core   0: 3 0x80001f80 (0x695d0323) mem 0x8001a80d 0xf5
core   0: 0x80001f84 (0x38fd0683) lb      a3, 911(s10)
core   0: 3 0x80001f84 (0x38fd0683) x13 0xffffffd5 mem 0x8001a516
core   0: 0x80001f88 (0x047d5283) lhu     t0, 71(s10)
core   0: 3 0x80001f88 (0x047d5283) x5  0x00009da8 mem 0x8001a1ce
core   0: 0x80001f8c (0x416051b3) sra     gp, zero, s6
core   0: 3 0x80001f8c (0x416051b3) x3  0x00000000
core   0: 0x80001f90 (0x006ddb13) srli    s6, s11, 6
core   0: 3 0x80001f90 (0x006ddb13) x22 0x00000001
core   0: 0x80001f94 (0x00008f55) c.or    a4, a3
core   0: 3 0x80001f94 (0x8f55) x14 0xffffffd5
core   0: 0x80001f96 (0x860d4a03) lbu     s4, -1952(s10)
core   0: 3 0x80001f96 (0x860d4a03) x20 0x000000b6 mem 0x800199e7
core   0: 0x80001f9a (0x016e82b3) add     t0, t4, s6
core   0: 3 0x80001f9a (0x016e82b3) x5  0x00000009
core   0: 0x80001f9e (0x0030d093) srli    ra, ra, 3
core   0: 3 0x80001f9e (0x0030d093) x1  0x100003c4
core   0: 0x80001fa2 (0x41e257b3) sra     a5, tp, t5
core   0: 3 0x80001fa2 (0x41e257b3) x15 0x00000000
core   0: 0x80001fa6 (0x55f86713) ori     a4, a6, 1375
core   0: 3 0x80001fa6 (0x55f86713) x14 0xb96fc5df
core   0: 0x80001faa (0x00004f35) c.li    t5, 13
core   0: 3 0x80001faa (0x4f35) x30 0x0000000d
core   0: 0x80001fac (0x00008586) c.mv    a1, ra
core   0: 3 0x80001fac (0x8586) x11 0x100003c4
core   0: 0x80001fae (0x00006135) c.addi16sp sp, 352
core   0: 3 0x80001fae (0x6135) x2  0x60e18160
core   0: 0x80001fb0 (0x000083a1) c.srli  a5, 8
core   0: 3 0x80001fb0 (0x83a1) x15 0x00000000
core   0: 0x80001fb2 (0x80cd4803) lbu     a6, -2036(s10)
core   0: 3 0x80001fb2 (0x80cd4803) x16 0x0000009d mem 0x80019993
core   0: 0x80001fb6 (0x5f0d0903) lb      s2, 1520(s10)
core   0: 3 0x80001fb6 (0x5f0d0903) x18 0xffffffd8 mem 0x8001a777
core   0: 0x80001fba (0x00016117) auipc   sp, 0x16
core   0: 3 0x80001fba (0x00016117) x2  0x80017fba
core   0: 0x80001fbe (0x4c510113) addi    sp, sp, 1221
core   0: 3 0x80001fbe (0x4c510113) x2  0x8001847f
core   0: 0x80001fc2 (0x00eaaab3) slt     s5, s5, a4
core   0: 3 0x80001fc2 (0x00eaaab3) x21 0x00000000
core   0: 0x80001fc6 (0x00805b13) srli    s6, zero, 8
core   0: 3 0x80001fc6 (0x00805b13) x22 0x00000000
core   0: 0x80001fca (0x0f915003) lhu     zero, 249(sp)
core   0: 3 0x80001fca (0x0f915003) mem 0x80018578
core   0: 0x80001fce (0x0000827d) c.srli  a2, 31
core   0: 3 0x80001fce (0x827d) x12 0x00000000
core   0: 0x80001fd0 (0x01554ab3) xor     s5, a0, s5
core   0: 3 0x80001fd0 (0x01554ab3) x21 0x0007ffff
core   0: 0x80001fd4 (0xecf10b03) lb      s6, -305(sp)
core   0: 3 0x80001fd4 (0xecf10b03) x22 0xffffffe2 mem 0x8001834e
core   0: 0x80001fd8 (0x40a75613) srai    a2, a4, 10
core   0: 3 0x80001fd8 (0x40a75613) x12 0xffee5bf1
core   0: 0x80001fdc (0xb0b15a83) lhu     s5, -1269(sp)
core   0: 3 0x80001fdc (0xb0b15a83) x21 0x00000314 mem 0x80017f8a
core   0: 0x80001fe0 (0xd8eb3013) sltiu   zero, s6, -626
core   0: 3 0x80001fe0 (0xd8eb3013)
core   0: 0x80001fe4 (0x00000001) c.nop
core   0: 3 0x80001fe4 (0x0001)
core   0: 0x80001fe6 (0xf0d15b03) lhu     s6, -243(sp)
core   0: 3 0x80001fe6 (0xf0d15b03) x22 0x00003c2d mem 0x8001838c
core   0: 0x80001fea (0x00008f39) c.xor   a4, a4
core   0: 3 0x80001fea (0x8f39) x14 0x00000000
core   0: 0x80001fec (0x00008f59) c.or    a4, a4
core   0: 3 0x80001fec (0x8f59) x14 0x00000000
core   0: 0x80001fee (0x5d510fa3) sb      s5, 1503(sp)
core   0: 3 0x80001fee (0x5d510fa3) mem 0x80018a5e 0x14
core   0: 0x80001ff2 (0x67610723) sb      s6, 1646(sp)
core   0: 3 0x80001ff2 (0x67610723) mem 0x80018aed 0x2d
core   0: 0x80001ff6 (0x4a0101a3) sb      zero, 1187(sp)
core   0: 3 0x80001ff6 (0x4a0101a3) mem 0x80018922 0x00
core   0: 0x80001ffa (0x47511b03) lh      s6, 1141(sp)
core   0: 3 0x80001ffa (0x47511b03) x22 0xffff8913 mem 0x800188f4
core   0: 0x80001ffe (0xd5610503) lb      a0, -682(sp)
core   0: 3 0x80001ffe (0xd5610503) x10 0xffffffbb mem 0x800181d5
core   0: 0x80002002 (0x00008e69) c.and   a2, a0
core   0: 3 0x80002002 (0x8e69) x12 0xffee5bb1
core   0: 0x80002004 (0xd7110503) lb      a0, -655(sp)
core   0: 3 0x80002004 (0xd7110503) x10 0xffffffc4 mem 0x800181f0
core   0: 0x80002008 (0x81711503) lh      a0, -2025(sp)
core   0: 3 0x80002008 (0x81711503) x10 0xffffde3d mem 0x80017c96
core   0: 0x8000200c (0x40375a93) srai    s5, a4, 3
core   0: 3 0x8000200c (0x40375a93) x21 0x00000000
core   0: 0x80002010 (0xcdb10003) lb      zero, -805(sp)
core   0: 3 0x80002010 (0xcdb10003) mem 0x8001815a
core   0: 0x80002014 (0x9f610023) sb      s6, -1568(sp)
core   0: 3 0x80002014 (0x9f610023) mem 0x80017e5f 0x13
core   0: 0x80002018 (0x4ca10da3) sb      a0, 1243(sp)
core   0: 3 0x80002018 (0x4ca10da3) mem 0x8001895a 0x3d
core   0: 0x8000201c (0x24210003) lb      zero, 578(sp)
core   0: 3 0x8000201c (0x24210003) mem 0x800186c1
core   0: 0x80002020 (0x7ab11603) lh      a2, 1963(sp)
core   0: 3 0x80002020 (0x7ab11603) x12 0x00006016 mem 0x80018c2a
core   0: 0x80002024 (0x00001afd) c.addi  s5, -1
core   0: 3 0x80002024 (0x1afd) x21 0xffffffff
core   0: 0x80002026 (0x00000001) c.nop
core   0: 3 0x80002026 (0x0001)
core   0: 0x80002028 (0x0000832d) c.srli  a4, 11
core   0: 3 0x80002028 (0x832d) x14 0x00000000
core   0: 0x8000202a (0xd00ca017) auipc   zero, 0xd00ca
core   0: 3 0x8000202a (0xd00ca017)
core   0: 0x8000202e (0x89214503) lbu     a0, -1902(sp)
core   0: 3 0x8000202e (0x89214503) x10 0x0000000c mem 0x80017d11
core   0: 0x80002032 (0x020b1533) mulh    a0, s6, zero
core   0: 3 0x80002032 (0x020b1533) x10 0x00000000
core   0: 0x80002036 (0x56a10aa3) sb      a0, 1397(sp)
core   0: 3 0x80002036 (0x56a10aa3) mem 0x800189f4 0x00
core   0: 0x8000203a (0x00008f59) c.or    a4, a4
core   0: 3 0x8000203a (0x8f59) x14 0x00000000
core   0: 0x8000203c (0xc4a14a83) lbu     s5, -950(sp)
core   0: 3 0x8000203c (0xc4a14a83) x21 0x0000002d mem 0x800180c9
core   0: 0x80002040 (0x6c814a83) lbu     s5, 1736(sp)
core   0: 3 0x80002040 (0x6c814a83) x21 0x0000003f mem 0x80018b47
core   0: 0x80002044 (0x00004b99) c.li    s7, 6
core   0: 3 0x80002044 (0x4b99) x23 0x00000006
core   0: 0x80002046 (0x02b036b3) mulhu   a3, zero, a1
core   0: 3 0x80002046 (0x02b036b3) x13 0x00000000
core   0: 0x8000204a (0x03c892b3) mulh    t0, a7, t3
core   0: 3 0x8000204a (0x03c892b3) x5  0x00000fc9
core   0: 0x8000204e (0x0214ccb3) div     s9, s1, ra
core   0: 3 0x8000204e (0x0214ccb3) x25 0xfffffff9
core   0: 0x80002052 (0x00004405) c.li    s0, 1
core   0: 3 0x80002052 (0x4405) x8  0x00000001
core   0: 0x80002054 (0x01363d33) sltu    s10, a2, s3
core   0: 3 0x80002054 (0x01363d33) x26 0x00000000
core   0: 0x80002058 (0x00008d31) c.xor   a0, a2
core   0: 3 0x80002058 (0x8d31) x10 0x00006016
core   0: 0x8000205a (0x00c03033) snez    zero, a2
core   0: 3 0x8000205a (0x00c03033)
core   0: 0x8000205e (0x00000b14) c.addi4spn a3, sp, 400
core   0: 3 0x8000205e (0x0b14) x13 0x8001860f
core   0: 0x80002060 (0x410b8833) sub     a6, s7, a6
core   0: 3 0x80002060 (0x410b8833) x16 0xffffff69
core   0: 0x80002064 (0x00001bed) c.addi  s7, -5
core   0: 3 0x80002064 (0x1bed) x23 0x00000001
core   0: 0x80002066 (0x000004c6) c.slli  s1, 17
core   0: 3 0x80002066 (0x04c6) x9  0xa5780000
core   0: 0x80002068 (0x00004b25) c.li    s6, 9
core   0: 3 0x80002068 (0x4b25) x22 0x00000009
core   0: 0x8000206a (0x404c5793) srai    a5, s8, 4
core   0: 3 0x8000206a (0x404c5793) x15 0xf80025ea
core   0: 0x8000206e (0x00008e69) c.and   a2, a0
core   0: 3 0x8000206e (0x8e69) x12 0x00006016
core   0: 0x80002070 (0x0187bd33) sltu    s10, a5, s8
core   0: 3 0x80002070 (0x0187bd33) x26 0x00000000
core   0: 0x80002074 (0x000043d1) c.li    t2, 20
core   0: 3 0x80002074 (0x43d1) x7  0x00000014
core   0: 0x80002076 (0x413f02b3) sub     t0, t5, s3
core   0: 3 0x80002076 (0x413f02b3) x5  0xffffab10
core   0: 0x8000207a (0x00008d65) c.and   a0, s1
core   0: 3 0x8000207a (0x8d65) x10 0x00000000
core   0: 0x8000207c (0x012fce33) xor     t3, t6, s2
core   0: 3 0x8000207c (0x012fce33) x28 0x7ffd62fc
core   0: 0x80002080 (0x00000001) c.nop
core   0: 3 0x80002080 (0x0001)
core   0: 0x80002082 (0x00000b05) c.addi  s6, 1
core   0: 3 0x80002082 (0x0b05) x22 0x0000000a
core   0: 0x80002084 (0x038287b3) mul     a5, t0, s8
core   0: 3 0x80002084 (0x038287b3) x15 0x36b97640
core   0: 0x80002088 (0x00008ca5) c.xor   s1, s1
core   0: 3 0x80002088 (0x8ca5) x9  0x00000000
core   0: 0x8000208a (0xdd14c6b7) lui     a3, 0xdd14c
core   0: 3 0x8000208a (0xdd14c6b7) x13 0xdd14c000
core   0: 0x8000208e (0x3d7fb1b7) lui     gp, 0x3d7fb
core   0: 3 0x8000208e (0x3d7fb1b7) x3  0x3d7fb000
core   0: 0x80002092 (0xfe7b47e3) blt     s6, t2, pc - 18
core   0: 3 0x80002092 (0xfe7b47e3)
core   0: 0x80002080 (0x00000001) c.nop
core   0: 3 0x80002080 (0x0001)
core   0: 0x80002082 (0x00000b05) c.addi  s6, 1
core   0: 3 0x80002082 (0x0b05) x22 0x0000000b
core   0: 0x80002084 (0x038287b3) mul     a5, t0, s8
core   0: 3 0x80002084 (0x038287b3) x15 0x36b97640
core   0: 0x80002088 (0x00008ca5) c.xor   s1, s1
core   0: 3 0x80002088 (0x8ca5) x9  0x00000000
core   0: 0x8000208a (0xdd14c6b7) lui     a3, 0xdd14c
core   0: 3 0x8000208a (0xdd14c6b7) x13 0xdd14c000
core   0: 0x8000208e (0x3d7fb1b7) lui     gp, 0x3d7fb
core   0: 3 0x8000208e (0x3d7fb1b7) x3  0x3d7fb000
core   0: 0x80002092 (0xfe7b47e3) blt     s6, t2, pc - 18
core   0: 3 0x80002092 (0xfe7b47e3)
core   0: 0x80002080 (0x00000001) c.nop
core   0: 3 0x80002080 (0x0001)
core   0: 0x80002082 (0x00000b05) c.addi  s6, 1
core   0: 3 0x80002082 (0x0b05) x22 0x0000000c
core   0: 0x80002084 (0x038287b3) mul     a5, t0, s8
core   0: 3 0x80002084 (0x038287b3) x15 0x36b97640
core   0: 0x80002088 (0x00008ca5) c.xor   s1, s1
core   0: 3 0x80002088 (0x8ca5) x9  0x00000000
core   0: 0x8000208a (0xdd14c6b7) lui     a3, 0xdd14c
core   0: 3 0x8000208a (0xdd14c6b7) x13 0xdd14c000
core   0: 0x8000208e (0x3d7fb1b7) lui     gp, 0x3d7fb
core   0: 3 0x8000208e (0x3d7fb1b7) x3  0x3d7fb000
core   0: 0x80002092 (0xfe7b47e3) blt     s6, t2, pc - 18
core   0: 3 0x80002092 (0xfe7b47e3)
core   0: 0x80002080 (0x00000001) c.nop
core   0: 3 0x80002080 (0x0001)
core   0: 0x80002082 (0x00000b05) c.addi  s6, 1
core   0: 3 0x80002082 (0x0b05) x22 0x0000000d
core   0: 0x80002084 (0x038287b3) mul     a5, t0, s8
core   0: 3 0x80002084 (0x038287b3) x15 0x36b97640
core   0: 0x80002088 (0x00008ca5) c.xor   s1, s1
core   0: 3 0x80002088 (0x8ca5) x9  0x00000000
core   0: 0x8000208a (0xdd14c6b7) lui     a3, 0xdd14c
core   0: 3 0x8000208a (0xdd14c6b7) x13 0xdd14c000
core   0: 0x8000208e (0x3d7fb1b7) lui     gp, 0x3d7fb
core   0: 3 0x8000208e (0x3d7fb1b7) x3  0x3d7fb000
core   0: 0x80002092 (0xfe7b47e3) blt     s6, t2, pc - 18
core   0: 3 0x80002092 (0xfe7b47e3)
core   0: 0x80002080 (0x00000001) c.nop
core   0: 3 0x80002080 (0x0001)
core   0: 0x80002082 (0x00000b05) c.addi  s6, 1
core   0: 3 0x80002082 (0x0b05) x22 0x0000000e
core   0: 0x80002084 (0x038287b3) mul     a5, t0, s8
core   0: 3 0x80002084 (0x038287b3) x15 0x36b97640
core   0: 0x80002088 (0x00008ca5) c.xor   s1, s1
core   0: 3 0x80002088 (0x8ca5) x9  0x00000000
core   0: 0x8000208a (0xdd14c6b7) lui     a3, 0xdd14c
core   0: 3 0x8000208a (0xdd14c6b7) x13 0xdd14c000
core   0: 0x8000208e (0x3d7fb1b7) lui     gp, 0x3d7fb
core   0: 3 0x8000208e (0x3d7fb1b7) x3  0x3d7fb000
core   0: 0x80002092 (0xfe7b47e3) blt     s6, t2, pc - 18
core   0: 3 0x80002092 (0xfe7b47e3)
core   0: 0x80002080 (0x00000001) c.nop
core   0: 3 0x80002080 (0x0001)
core   0: 0x80002082 (0x00000b05) c.addi  s6, 1
core   0: 3 0x80002082 (0x0b05) x22 0x0000000f
core   0: 0x80002084 (0x038287b3) mul     a5, t0, s8
core   0: 3 0x80002084 (0x038287b3) x15 0x36b97640
core   0: 0x80002088 (0x00008ca5) c.xor   s1, s1
core   0: 3 0x80002088 (0x8ca5) x9  0x00000000
core   0: 0x8000208a (0xdd14c6b7) lui     a3, 0xdd14c
core   0: 3 0x8000208a (0xdd14c6b7) x13 0xdd14c000
core   0: 0x8000208e (0x3d7fb1b7) lui     gp, 0x3d7fb
core   0: 3 0x8000208e (0x3d7fb1b7) x3  0x3d7fb000
core   0: 0x80002092 (0xfe7b47e3) blt     s6, t2, pc - 18
core   0: 3 0x80002092 (0xfe7b47e3)
core   0: 0x80002080 (0x00000001) c.nop
core   0: 3 0x80002080 (0x0001)
core   0: 0x80002082 (0x00000b05) c.addi  s6, 1
core   0: 3 0x80002082 (0x0b05) x22 0x00000010
core   0: 0x80002084 (0x038287b3) mul     a5, t0, s8
core   0: 3 0x80002084 (0x038287b3) x15 0x36b97640
core   0: 0x80002088 (0x00008ca5) c.xor   s1, s1
core   0: 3 0x80002088 (0x8ca5) x9  0x00000000
core   0: 0x8000208a (0xdd14c6b7) lui     a3, 0xdd14c
core   0: 3 0x8000208a (0xdd14c6b7) x13 0xdd14c000
core   0: 0x8000208e (0x3d7fb1b7) lui     gp, 0x3d7fb
core   0: 3 0x8000208e (0x3d7fb1b7) x3  0x3d7fb000
core   0: 0x80002092 (0xfe7b47e3) blt     s6, t2, pc - 18
core   0: 3 0x80002092 (0xfe7b47e3)
core   0: 0x80002080 (0x00000001) c.nop
core   0: 3 0x80002080 (0x0001)
core   0: 0x80002082 (0x00000b05) c.addi  s6, 1
core   0: 3 0x80002082 (0x0b05) x22 0x00000011
core   0: 0x80002084 (0x038287b3) mul     a5, t0, s8
core   0: 3 0x80002084 (0x038287b3) x15 0x36b97640
core   0: 0x80002088 (0x00008ca5) c.xor   s1, s1
core   0: 3 0x80002088 (0x8ca5) x9  0x00000000
core   0: 0x8000208a (0xdd14c6b7) lui     a3, 0xdd14c
core   0: 3 0x8000208a (0xdd14c6b7) x13 0xdd14c000
core   0: 0x8000208e (0x3d7fb1b7) lui     gp, 0x3d7fb
core   0: 3 0x8000208e (0x3d7fb1b7) x3  0x3d7fb000
core   0: 0x80002092 (0xfe7b47e3) blt     s6, t2, pc - 18
core   0: 3 0x80002092 (0xfe7b47e3)
core   0: 0x80002080 (0x00000001) c.nop
core   0: 3 0x80002080 (0x0001)
core   0: 0x80002082 (0x00000b05) c.addi  s6, 1
core   0: 3 0x80002082 (0x0b05) x22 0x00000012
core   0: 0x80002084 (0x038287b3) mul     a5, t0, s8
core   0: 3 0x80002084 (0x038287b3) x15 0x36b97640
core   0: 0x80002088 (0x00008ca5) c.xor   s1, s1
core   0: 3 0x80002088 (0x8ca5) x9  0x00000000
core   0: 0x8000208a (0xdd14c6b7) lui     a3, 0xdd14c
core   0: 3 0x8000208a (0xdd14c6b7) x13 0xdd14c000
core   0: 0x8000208e (0x3d7fb1b7) lui     gp, 0x3d7fb
core   0: 3 0x8000208e (0x3d7fb1b7) x3  0x3d7fb000
core   0: 0x80002092 (0xfe7b47e3) blt     s6, t2, pc - 18
core   0: 3 0x80002092 (0xfe7b47e3)
core   0: 0x80002080 (0x00000001) c.nop
core   0: 3 0x80002080 (0x0001)
core   0: 0x80002082 (0x00000b05) c.addi  s6, 1
core   0: 3 0x80002082 (0x0b05) x22 0x00000013
core   0: 0x80002084 (0x038287b3) mul     a5, t0, s8
core   0: 3 0x80002084 (0x038287b3) x15 0x36b97640
core   0: 0x80002088 (0x00008ca5) c.xor   s1, s1
core   0: 3 0x80002088 (0x8ca5) x9  0x00000000
core   0: 0x8000208a (0xdd14c6b7) lui     a3, 0xdd14c
core   0: 3 0x8000208a (0xdd14c6b7) x13 0xdd14c000
core   0: 0x8000208e (0x3d7fb1b7) lui     gp, 0x3d7fb
core   0: 3 0x8000208e (0x3d7fb1b7) x3  0x3d7fb000
core   0: 0x80002092 (0xfe7b47e3) blt     s6, t2, pc - 18
core   0: 3 0x80002092 (0xfe7b47e3)
core   0: 0x80002080 (0x00000001) c.nop
core   0: 3 0x80002080 (0x0001)
core   0: 0x80002082 (0x00000b05) c.addi  s6, 1
core   0: 3 0x80002082 (0x0b05) x22 0x00000014
core   0: 0x80002084 (0x038287b3) mul     a5, t0, s8
core   0: 3 0x80002084 (0x038287b3) x15 0x36b97640
core   0: 0x80002088 (0x00008ca5) c.xor   s1, s1
core   0: 3 0x80002088 (0x8ca5) x9  0x00000000
core   0: 0x8000208a (0xdd14c6b7) lui     a3, 0xdd14c
core   0: 3 0x8000208a (0xdd14c6b7) x13 0xdd14c000
core   0: 0x8000208e (0x3d7fb1b7) lui     gp, 0x3d7fb
core   0: 3 0x8000208e (0x3d7fb1b7) x3  0x3d7fb000
core   0: 0x80002092 (0xfe7b47e3) blt     s6, t2, pc - 18
core   0: 3 0x80002092 (0xfe7b47e3)
core   0: 0x80002096 (0xfc8bd2e3) bge     s7, s0, pc - 60
core   0: 3 0x80002096 (0xfc8bd2e3)
core   0: 0x8000205a (0x00c03033) snez    zero, a2
core   0: 3 0x8000205a (0x00c03033)
core   0: 0x8000205e (0x00000b14) c.addi4spn a3, sp, 400
core   0: 3 0x8000205e (0x0b14) x13 0x8001860f
core   0: 0x80002060 (0x410b8833) sub     a6, s7, a6
core   0: 3 0x80002060 (0x410b8833) x16 0x00000098
core   0: 0x80002064 (0x00001bed) c.addi  s7, -5
core   0: 3 0x80002064 (0x1bed) x23 0xfffffffc
core   0: 0x80002066 (0x000004c6) c.slli  s1, 17
core   0: 3 0x80002066 (0x04c6) x9  0x00000000
core   0: 0x80002068 (0x00004b25) c.li    s6, 9
core   0: 3 0x80002068 (0x4b25) x22 0x00000009
core   0: 0x8000206a (0x404c5793) srai    a5, s8, 4
core   0: 3 0x8000206a (0x404c5793) x15 0xf80025ea
core   0: 0x8000206e (0x00008e69) c.and   a2, a0
core   0: 3 0x8000206e (0x8e69) x12 0x00000000
core   0: 0x80002070 (0x0187bd33) sltu    s10, a5, s8
core   0: 3 0x80002070 (0x0187bd33) x26 0x00000000
core   0: 0x80002074 (0x000043d1) c.li    t2, 20
core   0: 3 0x80002074 (0x43d1) x7  0x00000014
core   0: 0x80002076 (0x413f02b3) sub     t0, t5, s3
core   0: 3 0x80002076 (0x413f02b3) x5  0xffffab10
core   0: 0x8000207a (0x00008d65) c.and   a0, s1
core   0: 3 0x8000207a (0x8d65) x10 0x00000000
core   0: 0x8000207c (0x012fce33) xor     t3, t6, s2
core   0: 3 0x8000207c (0x012fce33) x28 0x7ffd62fc
core   0: 0x80002080 (0x00000001) c.nop
core   0: 3 0x80002080 (0x0001)
core   0: 0x80002082 (0x00000b05) c.addi  s6, 1
core   0: 3 0x80002082 (0x0b05) x22 0x0000000a
core   0: 0x80002084 (0x038287b3) mul     a5, t0, s8
core   0: 3 0x80002084 (0x038287b3) x15 0x36b97640
core   0: 0x80002088 (0x00008ca5) c.xor   s1, s1
core   0: 3 0x80002088 (0x8ca5) x9  0x00000000
core   0: 0x8000208a (0xdd14c6b7) lui     a3, 0xdd14c
core   0: 3 0x8000208a (0xdd14c6b7) x13 0xdd14c000
core   0: 0x8000208e (0x3d7fb1b7) lui     gp, 0x3d7fb
core   0: 3 0x8000208e (0x3d7fb1b7) x3  0x3d7fb000
core   0: 0x80002092 (0xfe7b47e3) blt     s6, t2, pc - 18
core   0: 3 0x80002092 (0xfe7b47e3)
core   0: 0x80002080 (0x00000001) c.nop
core   0: 3 0x80002080 (0x0001)
core   0: 0x80002082 (0x00000b05) c.addi  s6, 1
core   0: 3 0x80002082 (0x0b05) x22 0x0000000b
core   0: 0x80002084 (0x038287b3) mul     a5, t0, s8
core   0: 3 0x80002084 (0x038287b3) x15 0x36b97640
core   0: 0x80002088 (0x00008ca5) c.xor   s1, s1
core   0: 3 0x80002088 (0x8ca5) x9  0x00000000
core   0: 0x8000208a (0xdd14c6b7) lui     a3, 0xdd14c
core   0: 3 0x8000208a (0xdd14c6b7) x13 0xdd14c000
core   0: 0x8000208e (0x3d7fb1b7) lui     gp, 0x3d7fb
core   0: 3 0x8000208e (0x3d7fb1b7) x3  0x3d7fb000
core   0: 0x80002092 (0xfe7b47e3) blt     s6, t2, pc - 18
core   0: 3 0x80002092 (0xfe7b47e3)
core   0: 0x80002080 (0x00000001) c.nop
core   0: 3 0x80002080 (0x0001)
core   0: 0x80002082 (0x00000b05) c.addi  s6, 1
core   0: 3 0x80002082 (0x0b05) x22 0x0000000c
core   0: 0x80002084 (0x038287b3) mul     a5, t0, s8
core   0: 3 0x80002084 (0x038287b3) x15 0x36b97640
core   0: 0x80002088 (0x00008ca5) c.xor   s1, s1
core   0: 3 0x80002088 (0x8ca5) x9  0x00000000
core   0: 0x8000208a (0xdd14c6b7) lui     a3, 0xdd14c
core   0: 3 0x8000208a (0xdd14c6b7) x13 0xdd14c000
core   0: 0x8000208e (0x3d7fb1b7) lui     gp, 0x3d7fb
core   0: 3 0x8000208e (0x3d7fb1b7) x3  0x3d7fb000
core   0: 0x80002092 (0xfe7b47e3) blt     s6, t2, pc - 18
core   0: 3 0x80002092 (0xfe7b47e3)
core   0: 0x80002080 (0x00000001) c.nop
core   0: 3 0x80002080 (0x0001)
core   0: 0x80002082 (0x00000b05) c.addi  s6, 1
core   0: 3 0x80002082 (0x0b05) x22 0x0000000d
core   0: 0x80002084 (0x038287b3) mul     a5, t0, s8
core   0: 3 0x80002084 (0x038287b3) x15 0x36b97640
core   0: 0x80002088 (0x00008ca5) c.xor   s1, s1
core   0: 3 0x80002088 (0x8ca5) x9  0x00000000
core   0: 0x8000208a (0xdd14c6b7) lui     a3, 0xdd14c
core   0: 3 0x8000208a (0xdd14c6b7) x13 0xdd14c000
core   0: 0x8000208e (0x3d7fb1b7) lui     gp, 0x3d7fb
core   0: 3 0x8000208e (0x3d7fb1b7) x3  0x3d7fb000
core   0: 0x80002092 (0xfe7b47e3) blt     s6, t2, pc - 18
core   0: 3 0x80002092 (0xfe7b47e3)
core   0: 0x80002080 (0x00000001) c.nop
core   0: 3 0x80002080 (0x0001)
core   0: 0x80002082 (0x00000b05) c.addi  s6, 1
core   0: 3 0x80002082 (0x0b05) x22 0x0000000e
core   0: 0x80002084 (0x038287b3) mul     a5, t0, s8
core   0: 3 0x80002084 (0x038287b3) x15 0x36b97640
core   0: 0x80002088 (0x00008ca5) c.xor   s1, s1
core   0: 3 0x80002088 (0x8ca5) x9  0x00000000
core   0: 0x8000208a (0xdd14c6b7) lui     a3, 0xdd14c
core   0: 3 0x8000208a (0xdd14c6b7) x13 0xdd14c000
core   0: 0x8000208e (0x3d7fb1b7) lui     gp, 0x3d7fb
core   0: 3 0x8000208e (0x3d7fb1b7) x3  0x3d7fb000
core   0: 0x80002092 (0xfe7b47e3) blt     s6, t2, pc - 18
core   0: 3 0x80002092 (0xfe7b47e3)
core   0: 0x80002080 (0x00000001) c.nop
core   0: 3 0x80002080 (0x0001)
core   0: 0x80002082 (0x00000b05) c.addi  s6, 1
core   0: 3 0x80002082 (0x0b05) x22 0x0000000f
core   0: 0x80002084 (0x038287b3) mul     a5, t0, s8
core   0: 3 0x80002084 (0x038287b3) x15 0x36b97640
core   0: 0x80002088 (0x00008ca5) c.xor   s1, s1
core   0: 3 0x80002088 (0x8ca5) x9  0x00000000
core   0: 0x8000208a (0xdd14c6b7) lui     a3, 0xdd14c
core   0: 3 0x8000208a (0xdd14c6b7) x13 0xdd14c000
core   0: 0x8000208e (0x3d7fb1b7) lui     gp, 0x3d7fb
core   0: 3 0x8000208e (0x3d7fb1b7) x3  0x3d7fb000
core   0: 0x80002092 (0xfe7b47e3) blt     s6, t2, pc - 18
core   0: 3 0x80002092 (0xfe7b47e3)
core   0: 0x80002080 (0x00000001) c.nop
core   0: 3 0x80002080 (0x0001)
core   0: 0x80002082 (0x00000b05) c.addi  s6, 1
core   0: 3 0x80002082 (0x0b05) x22 0x00000010
core   0: 0x80002084 (0x038287b3) mul     a5, t0, s8
core   0: 3 0x80002084 (0x038287b3) x15 0x36b97640
core   0: 0x80002088 (0x00008ca5) c.xor   s1, s1
core   0: 3 0x80002088 (0x8ca5) x9  0x00000000
core   0: 0x8000208a (0xdd14c6b7) lui     a3, 0xdd14c
core   0: 3 0x8000208a (0xdd14c6b7) x13 0xdd14c000
core   0: 0x8000208e (0x3d7fb1b7) lui     gp, 0x3d7fb
core   0: 3 0x8000208e (0x3d7fb1b7) x3  0x3d7fb000
core   0: 0x80002092 (0xfe7b47e3) blt     s6, t2, pc - 18
core   0: 3 0x80002092 (0xfe7b47e3)
core   0: 0x80002080 (0x00000001) c.nop
core   0: 3 0x80002080 (0x0001)
core   0: 0x80002082 (0x00000b05) c.addi  s6, 1
core   0: 3 0x80002082 (0x0b05) x22 0x00000011
core   0: 0x80002084 (0x038287b3) mul     a5, t0, s8
core   0: 3 0x80002084 (0x038287b3) x15 0x36b97640
core   0: 0x80002088 (0x00008ca5) c.xor   s1, s1
core   0: 3 0x80002088 (0x8ca5) x9  0x00000000
core   0: 0x8000208a (0xdd14c6b7) lui     a3, 0xdd14c
core   0: 3 0x8000208a (0xdd14c6b7) x13 0xdd14c000
core   0: 0x8000208e (0x3d7fb1b7) lui     gp, 0x3d7fb
core   0: 3 0x8000208e (0x3d7fb1b7) x3  0x3d7fb000
core   0: 0x80002092 (0xfe7b47e3) blt     s6, t2, pc - 18
core   0: 3 0x80002092 (0xfe7b47e3)
core   0: 0x80002080 (0x00000001) c.nop
core   0: 3 0x80002080 (0x0001)
core   0: 0x80002082 (0x00000b05) c.addi  s6, 1
core   0: 3 0x80002082 (0x0b05) x22 0x00000012
core   0: 0x80002084 (0x038287b3) mul     a5, t0, s8
core   0: 3 0x80002084 (0x038287b3) x15 0x36b97640
core   0: 0x80002088 (0x00008ca5) c.xor   s1, s1
core   0: 3 0x80002088 (0x8ca5) x9  0x00000000
core   0: 0x8000208a (0xdd14c6b7) lui     a3, 0xdd14c
core   0: 3 0x8000208a (0xdd14c6b7) x13 0xdd14c000
core   0: 0x8000208e (0x3d7fb1b7) lui     gp, 0x3d7fb
core   0: 3 0x8000208e (0x3d7fb1b7) x3  0x3d7fb000
core   0: 0x80002092 (0xfe7b47e3) blt     s6, t2, pc - 18
core   0: 3 0x80002092 (0xfe7b47e3)
core   0: 0x80002080 (0x00000001) c.nop
core   0: 3 0x80002080 (0x0001)
core   0: 0x80002082 (0x00000b05) c.addi  s6, 1
core   0: 3 0x80002082 (0x0b05) x22 0x00000013
core   0: 0x80002084 (0x038287b3) mul     a5, t0, s8
core   0: 3 0x80002084 (0x038287b3) x15 0x36b97640
core   0: 0x80002088 (0x00008ca5) c.xor   s1, s1
core   0: 3 0x80002088 (0x8ca5) x9  0x00000000
core   0: 0x8000208a (0xdd14c6b7) lui     a3, 0xdd14c
core   0: 3 0x8000208a (0xdd14c6b7) x13 0xdd14c000
core   0: 0x8000208e (0x3d7fb1b7) lui     gp, 0x3d7fb
core   0: 3 0x8000208e (0x3d7fb1b7) x3  0x3d7fb000
core   0: 0x80002092 (0xfe7b47e3) blt     s6, t2, pc - 18
core   0: 3 0x80002092 (0xfe7b47e3)
core   0: 0x80002080 (0x00000001) c.nop
core   0: 3 0x80002080 (0x0001)
core   0: 0x80002082 (0x00000b05) c.addi  s6, 1
core   0: 3 0x80002082 (0x0b05) x22 0x00000014
core   0: 0x80002084 (0x038287b3) mul     a5, t0, s8
core   0: 3 0x80002084 (0x038287b3) x15 0x36b97640
core   0: 0x80002088 (0x00008ca5) c.xor   s1, s1
core   0: 3 0x80002088 (0x8ca5) x9  0x00000000
core   0: 0x8000208a (0xdd14c6b7) lui     a3, 0xdd14c
core   0: 3 0x8000208a (0xdd14c6b7) x13 0xdd14c000
core   0: 0x8000208e (0x3d7fb1b7) lui     gp, 0x3d7fb
core   0: 3 0x8000208e (0x3d7fb1b7) x3  0x3d7fb000
core   0: 0x80002092 (0xfe7b47e3) blt     s6, t2, pc - 18
core   0: 3 0x80002092 (0xfe7b47e3)
core   0: 0x80002096 (0xfc8bd2e3) bge     s7, s0, pc - 60
core   0: 3 0x80002096 (0xfc8bd2e3)
core   0: 0x8000209a (0x00008af2) c.mv    s5, t3
core   0: 3 0x8000209a (0x8af2) x21 0x7ffd62fc
core   0: 0x8000209c (0x0000f117) auipc   sp, 0xf
core   0: 3 0x8000209c (0x0000f117) x2  0x8001109c
core   0: 0x800020a0 (0xf4910113) addi    sp, sp, -183
core   0: 3 0x800020a0 (0xf4910113) x2  0x80010fe5
core   0: 0x800020a4 (0xd8c100a3) sb      a2, -639(sp)
core   0: 3 0x800020a4 (0xd8c100a3) mem 0x80010d66 0x00
core   0: 0x800020a8 (0x00000001) c.nop
core   0: 3 0x800020a8 (0x0001)
core   0: 0x800020aa (0x95210aa3) sb      s2, -1707(sp)
core   0: 3 0x800020aa (0x95210aa3) mem 0x8001093a 0xd8
core   0: 0x800020ae (0x03065d33) divu    s10, a2, a6
core   0: 3 0x800020ae (0x03065d33) x26 0x00000000
core   0: 0x800020b2 (0x90667237) lui     tp, 0x90667
core   0: 3 0x800020b2 (0x90667237) x4  0x90667000
core   0: 0x800020b6 (0x00c93233) sltu    tp, s2, a2
core   0: 3 0x800020b6 (0x00c93233) x4  0x00000000
core   0: 0x800020ba (0x40c25933) sra     s2, tp, a2
core   0: 3 0x800020ba (0x40c25933) x18 0x00000000
core   0: 0x800020be (0x032211b3) mulh    gp, tp, s2
core   0: 3 0x800020be (0x032211b3) x3  0x00000000
core   0: 0x800020c2 (0x04c14203) lbu     tp, 76(sp)
core   0: 3 0x800020c2 (0x04c14203) x4  0x00000009 mem 0x80011031
core   0: 0x800020c6 (0x404901b3) sub     gp, s2, tp
core   0: 3 0x800020c6 (0x404901b3) x3  0xfffffff7
core   0: 0x800020ca (0x03a641b3) div     gp, a2, s10
core   0: 3 0x800020ca (0x03a641b3) x3  0xffffffff
core   0: 0x800020ce (0x3a2d0193) addi    gp, s10, 930
core   0: 3 0x800020ce (0x3a2d0193) x3  0x000003a2
core   0: 0x800020d2 (0x01a86233) or      tp, a6, s10
core   0: 3 0x800020d2 (0x01a86233) x4  0x00000098
core   0: 0x800020d6 (0x41a1dd33) sra     s10, gp, s10
core   0: 3 0x800020d6 (0x41a1dd33) x26 0x000003a2
core   0: 0x800020da (0x030d2633) mulhsu  a2, s10, a6
core   0: 3 0x800020da (0x030d2633) x12 0x00000000
core   0: 0x800020de (0x01224633) xor     a2, tp, s2
core   0: 3 0x800020de (0x01224633) x12 0x00000098
core   0: 0x800020e2 (0x41060833) sub     a6, a2, a6
core   0: 3 0x800020e2 (0x41060833) x16 0x00000000
core   0: 0x800020e6 (0x00000001) c.nop
core   0: 3 0x800020e6 (0x0001)
core   0: 0x800020e8 (0x00b25193) srli    gp, tp, 11
core   0: 3 0x800020e8 (0x00b25193) x3  0x00000000
core   0: 0x800020ec (0x0000960e) c.add   a2, gp
core   0: 3 0x800020ec (0x960e) x12 0x00000098
core   0: 0x800020ee (0xb4310a23) sb      gp, -1196(sp)
core   0: 3 0x800020ee (0xb4310a23) mem 0x80010b39 0x00
core   0: 0x800020f2 (0xfcf11183) lh      gp, -49(sp)
core   0: 3 0x800020f2 (0xfcf11183) x3  0xffffeb1e mem 0x80010fb4
core   0: 0x800020f6 (0x93f12603) lw      a2, -1729(sp)
core   0: 3 0x800020f6 (0x93f12603) x12 0x84f9a978 mem 0x80010924
core   0: 0x800020fa (0xbd010f23) sb      a6, -1058(sp)
core   0: 3 0x800020fa (0xbd010f23) mem 0x80010bc3 0x00
core   0: 0x800020fe (0x92d11203) lh      tp, -1747(sp)
core   0: 3 0x800020fe (0x92d11203) x4  0x00000f28 mem 0x80010912
core   0: 0x80002102 (0x032d41b3) div     gp, s10, s2
core   0: 3 0x80002102 (0x032d41b3) x3  0xffffffff
core   0: 0x80002106 (0x01ad4d33) xor     s10, s10, s10
core   0: 3 0x80002106 (0x01ad4d33) x26 0x00000000
core   0: 0x8000210a (0x9c41bd13) sltiu   s10, gp, -1596
core   0: 3 0x8000210a (0x9c41bd13) x26 0x00000000
core   0: 0x8000210e (0x032d41b3) div     gp, s10, s2
core   0: 3 0x8000210e (0x032d41b3) x3  0xffffffff
core   0: 0x80002112 (0x0000818e) c.mv    gp, gp
core   0: 3 0x80002112 (0x818e) x3  0xffffffff
core   0: 0x80002114 (0xf50117a3) sh      a6, -177(sp)
core   0: 3 0x80002114 (0xf50117a3) mem 0x80010f34 0x0000
core   0: 0x80002118 (0x872118a3) sh      s2, -1935(sp)
core   0: 3 0x80002118 (0x872118a3) mem 0x80010856 0x0000
core   0: 0x8000211c (0xbc4100a3) sb      tp, -1087(sp)
core   0: 3 0x8000211c (0xbc4100a3) mem 0x80010ba6 0x28
core   0: 0x80002120 (0x000054dd) c.li    s1, -9
core   0: 3 0x80002120 (0x54dd) x9  0xfffffff7
core   0: 0x80002122 (0x0000987d) c.andi  s0, -1
core   0: 3 0x80002122 (0x987d) x8  0x00000001
core   0: 0x80002124 (0x00008ecd) c.or    a3, a1
core   0: 3 0x80002124 (0x8ecd) x13 0xdd14c3c4
core   0: 0x80002126 (0x17ff4193) xori    gp, t5, 383
core   0: 3 0x80002126 (0x17ff4193) x3  0x00000172
core   0: 0x8000212a (0x020f41b3) div     gp, t5, zero
core   0: 3 0x8000212a (0x020f41b3) x3  0xffffffff
core   0: 0x8000212e (0x00000001) c.nop
core   0: 3 0x8000212e (0x0001)
core   0: 0x80002130 (0x02da0ab3) mul     s5, s4, a3
core   0: 3 0x80002130 (0x02da0ab3) x21 0x2cc32d58
core   0: 0x80002134 (0x00000001) c.nop
core   0: 3 0x80002134 (0x0001)
core   0: 0x80002136 (0x0171a3b3) slt     t2, gp, s7
core   0: 3 0x80002136 (0x0171a3b3) x7  0x00000000
core   0: 0x8000213a (0x0000048d) c.addi  s1, 3
core   0: 3 0x8000213a (0x048d) x9  0xfffffffa
core   0: 0x8000213c (0x01799113) slli    sp, s3, 23
core   0: 3 0x8000213c (0x01799113) x2  0x7e800000
core   0: 0x80002140 (0x0216bbb3) mulhu   s7, a3, ra
core   0: 3 0x80002140 (0x0216bbb3) x23 0x0dd14f7c
core   0: 0x80002144 (0x00008d6d) c.and   a0, a1
core   0: 3 0x80002144 (0x8d6d) x10 0x00000000
core   0: 0x80002146 (0x02cf6633) rem     a2, t5, a2
core   0: 3 0x80002146 (0x02cf6633) x12 0x0000000d
core   0: 0x8000214a (0x00a8a833) slt     a6, a7, a0
core   0: 3 0x8000214a (0x00a8a833) x16 0x00000000
core   0: 0x8000214e (0x00008e45) c.or    a2, s1
core   0: 3 0x8000214e (0x8e45) x12 0xffffffff
core   0: 0x80002150 (0x01cdebb3) or      s7, s11, t3
core   0: 3 0x80002150 (0x01cdebb3) x23 0x7ffd62fc
core   0: 0x80002154 (0x0000d0ed) c.beqz  s1, pc - 30
core   0: 3 0x80002154 (0xd0ed)
core   0: 0x80002156 (0x00008c6d) c.and   s0, a1
core   0: 3 0x80002156 (0x8c6d) x8  0x00000000
core   0: 0x80002158 (0x006000ef) jal     pc + 0x6
core   0: 3 0x80002158 (0x006000ef) x1  0x8000215c
core   0: 0x8000215e (0x0280036f) jal     t1, pc + 0x28
core   0: 3 0x8000215e (0x0280036f) x6  0x80002162
core   0: 0x80002186 (0x0000bfd9) c.j     pc - 42
core   0: 3 0x80002186 (0xbfd9)
core   0: 0x8000215c (0x0000a821) c.j     pc + 24
core   0: 3 0x8000215c (0xa821)
core   0: 0x80002174 (0x00002019) c.jal   pc + 6
core   0: 3 0x80002174 (0x2019) x1  0x80002176
core   0: 0x8000217a (0x0000bff5) c.j     pc - 4
core   0: 3 0x8000217a (0xbff5)
core   0: 0x80002176 (0x0000a009) c.j     pc + 2
core   0: 3 0x80002176 (0xa009)
core   0: 0x80002178 (0x00003fed) c.jal   pc - 6
core   0: 3 0x80002178 (0x3fed) x1  0x8000217a
core   0: 0x80002172 (0x0000a839) c.j     pc + 30
core   0: 3 0x80002172 (0xa839)
core   0: 0x80002190 (0xfdfff0ef) jal     pc - 0x22
core   0: 3 0x80002190 (0xfdfff0ef) x1  0x80002194
core   0: 0x8000216e (0x01a000ef) jal     pc + 0x1a
core   0: 3 0x8000216e (0x01a000ef) x1  0x80002172
core   0: 0x80002188 (0xfdfff0ef) jal     pc - 0x22
core   0: 3 0x80002188 (0xfdfff0ef) x1  0x8000218c
core   0: 0x80002166 (0x01c000ef) jal     pc + 0x1c
core   0: 3 0x80002166 (0x01c000ef) x1  0x8000216a
core   0: 0x80002182 (0xffbffb6f) jal     s6, pc - 0x6
core   0: 3 0x80002182 (0xffbffb6f) x22 0x80002186
core   0: 0x8000217c (0x0000b7fd) c.j     pc - 18
core   0: 3 0x8000217c (0xb7fd)
core   0: 0x8000216a (0x0140076f) jal     a4, pc + 0x14
core   0: 3 0x8000216a (0x0140076f) x14 0x8000216e
core   0: 0x8000217e (0x00e001ef) jal     gp, pc + 0xe
core   0: 3 0x8000217e (0x00e001ef) x3  0x80002182
core   0: 0x8000218c (0xfd7ff0ef) jal     pc - 0x2a
core   0: 3 0x8000218c (0xfd7ff0ef) x1  0x80002190
core   0: 0x80002162 (0x032000ef) jal     pc + 0x32
core   0: 3 0x80002162 (0x032000ef) x1  0x80002166
core   0: 0x80002194 (0x1354bc97) auipc   s9, 0x1354b
core   0: 3 0x80002194 (0x1354bc97) x25 0x9354d194
core   0: 0x80002198 (0x0000f917) auipc   s2, 0xf
core   0: 3 0x80002198 (0x0000f917) x18 0x80011198
core   0: 0x8000219c (0xc7d90913) addi    s2, s2, -899
core   0: 3 0x8000219c (0xc7d90913) x18 0x80010e15
core   0: 0x800021a0 (0xfe990823) sb      s1, -16(s2)
core   0: 3 0x800021a0 (0xfe990823) mem 0x80010e05 0xfa
core   0: 0x800021a4 (0x03bb56b3) divu    a3, s6, s11
core   0: 3 0x800021a4 (0x03bb56b3) x13 0x01999a04
core   0: 0x800021a8 (0xff090a23) sb      a6, -12(s2)
core   0: 3 0x800021a8 (0xff090a23) mem 0x80010e09 0x00
core   0: 0x800021ac (0x00394d83) lbu     s11, 3(s2)
core   0: 3 0x800021ac (0x00394d83) x27 0x000000b2 mem 0x80010e18
core   0: 0x800021b0 (0xfff95803) lhu     a6, -1(s2)
core   0: 3 0x800021b0 (0xfff95803) x16 0x00008f06 mem 0x80010e14
core   0: 0x800021b4 (0x009925a3) sw      s1, 11(s2)
core   0: 3 0x800021b4 (0x009925a3) mem 0x80010e20 0xfffffffa
core   0: 0x800021b8 (0x02d80a33) mul     s4, a6, a3
core   0: 3 0x800021b8 (0x02d80a33) x20 0xd6a1d818
core   0: 0x800021bc (0xffa90803) lb      a6, -6(s2)
core   0: 3 0x800021bc (0xffa90803) x16 0x0000004e mem 0x80010e0f
core   0: 0x800021c0 (0x00591d83) lh      s11, 5(s2)
core   0: 3 0x800021c0 (0x00591d83) x27 0xffffb730 mem 0x80010e1a
core   0: 0x800021c4 (0x00594803) lbu     a6, 5(s2)
core   0: 3 0x800021c4 (0x00594803) x16 0x00000030 mem 0x80010e1a
core   0: 0x800021c8 (0x0344d833) divu    a6, s1, s4
core   0: 3 0x800021c8 (0x0344d833) x16 0x00000001
core   0: 0x800021cc (0x00690d83) lb      s11, 6(s2)
core   0: 3 0x800021cc (0x00690d83) x27 0xffffffb7 mem 0x80010e1b
core   0: 0x800021d0 (0xff090483) lb      s1, -16(s2)
core   0: 3 0x800021d0 (0xff090483) x9  0xfffffffa mem 0x80010e05
core   0: 0x800021d4 (0xffc90683) lb      a3, -4(s2)
core   0: 3 0x800021d4 (0xffc90683) x13 0xffffff81 mem 0x80010e11
core   0: 0x800021d8 (0x00000001) c.nop
core   0: 3 0x800021d8 (0x0001)
core   0: 0x800021da (0x000080d1) c.srli  s1, 20
core   0: 3 0x800021da (0x80d1) x9  0x00000fff
core   0: 0x800021dc (0x01082a33) slt     s4, a6, a6
core   0: 3 0x800021dc (0x01082a33) x20 0x00000000
core   0: 0x800021e0 (0x0144e833) or      a6, s1, s4
core   0: 3 0x800021e0 (0x0144e833) x16 0x00000fff
core   0: 0x800021e4 (0x00290483) lb      s1, 2(s2)
core   0: 3 0x800021e4 (0x00290483) x9  0xffffffff mem 0x80010e17
core   0: 0x800021e8 (0x00000df2) c.slli  s11, 28
core   0: 3 0x800021e8 (0x0df2) x27 0x70000000
core   0: 0x800021ea (0x00494483) lbu     s1, 4(s2)
core   0: 3 0x800021ea (0x00494483) x9  0x0000007b mem 0x80010e19
core   0: 0x800021ee (0x010864b3) or      s1, a6, a6
core   0: 3 0x800021ee (0x010864b3) x9  0x00000fff
core   0: 0x800021f2 (0x00990483) lb      s1, 9(s2)
core   0: 3 0x800021f2 (0x00990483) x9  0x0000001f mem 0x80010e1e
core   0: 0x800021f6 (0x00c94a03) lbu     s4, 12(s2)
core   0: 3 0x800021f6 (0x00c94a03) x20 0x000000ff mem 0x80010e21
core   0: 0x800021fa (0xb17b4b13) xori    s6, s6, -1257
core   0: 3 0x800021fa (0xb17b4b13) x22 0x7fffda91
core   0: 0x800021fe (0x00d90823) sb      a3, 16(s2)
core   0: 3 0x800021fe (0x00d90823) mem 0x80010e25 0x81
core   0: 0x80002202 (0x00008c85) c.sub   s1, s1
core   0: 3 0x80002202 (0x8c85) x9  0x00000000
core   0: 0x80002204 (0x016a4b33) xor     s6, s4, s6
core   0: 3 0x80002204 (0x016a4b33) x22 0x7fffda6e
core   0: 0x80002208 (0x00d90a03) lb      s4, 13(s2)
core   0: 3 0x80002208 (0x00d90a03) x20 0xffffffff mem 0x80010e22
core   0: 0x8000220c (0x000006a6) c.slli  a3, 9
core   0: 3 0x8000220c (0x06a6) x13 0xffff0200
core   0: 0x8000220e (0x03bdcdb3) div     s11, s11, s11
core   0: 3 0x8000220e (0x03bdcdb3) x27 0x00000001
core   0: 0x80002212 (0xaccb0693) addi    a3, s6, -1332
core   0: 3 0x80002212 (0xaccb0693) x13 0x7fffd53a
core   0: 0x80002216 (0x016876b3) and     a3, a6, s6
core   0: 3 0x80002216 (0x016876b3) x13 0x00000a6e
core   0: 0x8000221a (0x414a06b3) sub     a3, s4, s4
core   0: 3 0x8000221a (0x414a06b3) x13 0x00000000
core   0: 0x8000221e (0x4094d833) sra     a6, s1, s1
core   0: 3 0x8000221e (0x4094d833) x16 0x00000000
core   0: 0x80002222 (0xff090da3) sb      a6, -5(s2)
core   0: 3 0x80002222 (0xff090da3) mem 0x80010e10 0x00
core   0: 0x80002226 (0x01b90523) sb      s11, 10(s2)
core   0: 3 0x80002226 (0x01b90523) mem 0x80010e1f 0x01
core   0: 0x8000222a (0x000088fd) c.andi  s1, 31
core   0: 3 0x8000222a (0x88fd) x9  0x00000000
core   0: 0x8000222c (0x947b4d93) xori    s11, s6, -1721
core   0: 3 0x8000222c (0x947b4d93) x27 0x80002329
core   0: 0x80002230 (0xfe990c23) sb      s1, -8(s2)
core   0: 3 0x80002230 (0xfe990c23) mem 0x80010e0d 0x00
core   0: 0x80002234 (0xff195b03) lhu     s6, -15(s2)
core   0: 3 0x80002234 (0xff195b03) x22 0x0000f213 mem 0x80010e06
core   0: 0x80002238 (0x014907a3) sb      s4, 15(s2)
core   0: 3 0x80002238 (0x014907a3) mem 0x80010e24 0xff
core   0: 0x8000223c (0xff690823) sb      s6, -16(s2)
core   0: 3 0x8000223c (0xff690823) mem 0x80010e05 0x13
core   0: 0x80002240 (0x00018e17) auipc   t3, 0x18
core   0: 3 0x80002240 (0x00018e17) x28 0x8001a240
core   0: 0x80002244 (0x29ee0e13) addi    t3, t3, 670
core   0: 3 0x80002244 (0x29ee0e13) x28 0x8001a4de
core   0: 0x80002248 (0x0231a733) mulhsu  a4, gp, gp
core   0: 3 0x80002248 (0x0231a733) x14 0xc0000000
core   0: 0x8000224c (0x8ce7f617) auipc   a2, 0x8ce7f
core   0: 3 0x8000224c (0x8ce7f617) x12 0x0ce8124c
core   0: 0x80002250 (0x02238833) mul     a6, t2, sp
core   0: 3 0x80002250 (0x02238833) x16 0x00000000
core   0: 0x80002254 (0x00469593) slli    a1, a3, 4
core   0: 3 0x80002254 (0x00469593) x11 0x00000000
core   0: 0x80002258 (0x031e0983) lb      s3, 49(t3)
core   0: 3 0x80002258 (0x031e0983) x19 0xffffffcb mem 0x8001a50f
core   0: 0x8000225c (0xfefe0703) lb      a4, -17(t3)
core   0: 3 0x8000225c (0xfefe0703) x14 0x00000050 mem 0x8001a4cd
core   0: 0x80002260 (0x00001184) c.addi4spn s1, sp, 224
core   0: 3 0x80002260 (0x1184) x9  0x7e8000e0
core   0: 0x80002262 (0x02676f33) rem     t5, a4, t1
core   0: 3 0x80002262 (0x02676f33) x30 0x00000050
core   0: 0x80002266 (0x01ce0203) lb      tp, 28(t3)
core   0: 3 0x80002266 (0x01ce0203) x4  0x00000020 mem 0x8001a4fa
core   0: 0x8000226a (0x002e1a03) lh      s4, 2(t3)
core   0: 3 0x8000226a (0x002e1a03) x20 0x00000d89 mem 0x8001a4e0
core   0: 0x8000226e (0x3b298313) addi    t1, s3, 946
core   0: 3 0x8000226e (0x3b298313) x6  0x0000037d
core   0: 0x80002272 (0x019603b3) add     t2, a2, s9
core   0: 3 0x80002272 (0x019603b3) x7  0xa03ce3e0
core   0: 0x80002276 (0x010e0f03) lb      t5, 16(t3)
core   0: 3 0x80002276 (0x010e0f03) x30 0xfffffff3 mem 0x8001a4ee
core   0: 0x8000227a (0xfcce02a3) sb      a2, -59(t3)
core   0: 3 0x8000227a (0xfcce02a3) mem 0x8001a4a3 0x4c
core   0: 0x8000227e (0x00008c96) c.mv    s9, t0
core   0: 3 0x8000227e (0x8c96) x25 0xffffab10
core   0: 0x80002280 (0x0264bbb3) mulhu   s7, s1, t1
core   0: 3 0x80002280 (0x0264bbb3) x23 0x000001b9
core   0: 0x80002284 (0x000063ad) c.lui   t2, 0xb
core   0: 3 0x80002284 (0x63ad) x7  0x0000b000
core   0: 0x80002286 (0x0000947e) c.add   s0, t6
core   0: 3 0x80002286 (0x947e) x8  0x80029d24
core   0: 0x80002288 (0x99cf2513) slti    a0, t5, -1636
core   0: 3 0x80002288 (0x99cf2513) x10 0x00000000
core   0: 0x8000228c (0x002e01a3) sb      sp, 3(t3)
core   0: 3 0x8000228c (0x002e01a3) mem 0x8001a4e1 0x00
core   0: 0x80002290 (0xfe8e2923) sw      s0, -14(t3)
core   0: 3 0x80002290 (0xfe8e2923) mem 0x8001a4d0 0x80029d24
core   0: 0x80002294 (0x008e1303) lh      t1, 8(t3)
core   0: 3 0x80002294 (0x008e1303) x6  0x00006d30 mem 0x8001a4e6
core   0: 0x80002298 (0x019244b3) xor     s1, tp, s9
core   0: 3 0x80002298 (0x019244b3) x9  0xffffab30
core   0: 0x8000229c (0x00087733) and     a4, a6, zero
core   0: 3 0x8000229c (0x00087733) x14 0x00000000
core   0: 0x800022a0 (0x010e1003) lh      zero, 16(t3)
core   0: 3 0x800022a0 (0x010e1003) mem 0x8001a4ee
core   0: 0x800022a4 (0xfe1e4303) lbu     t1, -31(t3)
core   0: 3 0x800022a4 (0xfe1e4303) x6  0x000000dc mem 0x8001a4bf
core   0: 0x800022a8 (0x0372b733) mulhu   a4, t0, s7
core   0: 3 0x800022a8 (0x0372b733) x14 0x000001b8
core   0: 0x800022ac (0x00000001) c.nop
core   0: 3 0x800022ac (0x0001)
core   0: 0x800022ae (0x00006171) c.addi16sp sp, 336
core   0: 3 0x800022ae (0x6171) x2  0x7e800150
core   0: 0x800022b0 (0x02f80233) mul     tp, a6, a5
core   0: 3 0x800022b0 (0x02f80233) x4  0x00000000
core   0: 0x800022b4 (0x039e0923) sb      s9, 50(t3)
core   0: 3 0x800022b4 (0x039e0923) mem 0x8001a510 0x10
core   0: 0x800022b8 (0x01e26333) or      t1, tp, t5
core   0: 3 0x800022b8 (0x01e26333) x6  0xfffffff3
core   0: 0x800022bc (0x0000717d) c.addi16sp sp, -16
core   0: 3 0x800022bc (0x717d) x2  0x7e800140
core   0: 0x800022be (0xce1db413) sltiu   s0, s11, -799
core   0: 3 0x800022be (0xce1db413) x8  0x00000001
core   0: 0x800022c2 (0x00008dc5) c.or    a1, s1
core   0: 3 0x800022c2 (0x8dc5) x11 0xffffab30
core   0: 0x800022c4 (0x020ba9b3) mulhsu  s3, s7, zero
core   0: 3 0x800022c4 (0x020ba9b3) x19 0x00000000
core   0: 0x800022c8 (0xfe6e5983) lhu     s3, -26(t3)
core   0: 3 0x800022c8 (0xfe6e5983) x19 0x0000d01a mem 0x8001a4c4
core   0: 0x800022cc (0xfd4e1523) sh      s4, -54(t3)
core   0: 3 0x800022cc (0xfd4e1523) mem 0x8001a4a8 0x0d89
core   0: 0x800022d0 (0xfc8e1723) sh      s0, -50(t3)
core   0: 3 0x800022d0 (0xfc8e1723) mem 0x8001a4ac 0x0001
core   0: 0x800022d4 (0x008000ef) jal     pc + 0x8
core   0: 3 0x800022d4 (0x008000ef) x1  0x800022d8
core   0: 0x800022dc (0x0000bff5) c.j     pc - 4
core   0: 3 0x800022dc (0xbff5)
core   0: 0x800022d8 (0x0000a009) c.j     pc + 2
core   0: 3 0x800022d8 (0xa009)
core   0: 0x800022da (0x0000a809) c.j     pc + 18
core   0: 3 0x800022da (0xa809)
core   0: 0x800022ec (0xffdff0ef) jal     pc - 0x4
core   0: 3 0x800022ec (0xffdff0ef) x1  0x800022f0
core   0: 0x800022e8 (0x00002009) c.jal   pc + 2
core   0: 3 0x800022e8 (0x2009) x1  0x800022ea
core   0: 0x800022ea (0x0000bfd5) c.j     pc - 12
core   0: 3 0x800022ea (0xbfd5)
core   0: 0x800022de (0x006000ef) jal     pc + 0x6
core   0: 3 0x800022de (0x006000ef) x1  0x800022e2
core   0: 0x800022e4 (0xfffff36f) jal     t1, pc - 0x2
core   0: 3 0x800022e4 (0xfffff36f) x6  0x800022e8
core   0: 0x800022e2 (0x0000a039) c.j     pc + 14
core   0: 3 0x800022e2 (0xa039)
core   0: 0x800022f0 (0x004000ef) jal     pc + 0x4
core   0: 3 0x800022f0 (0x004000ef) x1  0x800022f4
core   0: 0x800022f4 (0x00009d3e) c.add   s10, a5
core   0: 3 0x800022f4 (0x9d3e) x26 0x36b97640
core   0: 0x800022f6 (0x00012b97) auipc   s7, 0x12
core   0: 3 0x800022f6 (0x00012b97) x23 0x800142f6
core   0: 0x800022fa (0x092b8b93) addi    s7, s7, 146
core   0: 3 0x800022fa (0x092b8b93) x23 0x80014388
core   0: 0x800022fe (0x0095f233) and     tp, a1, s1
core   0: 3 0x800022fe (0x0095f233) x4  0xffffab30
core   0: 0x80002302 (0xff4b8ea3) sb      s4, -3(s7)
core   0: 3 0x80002302 (0xff4b8ea3) mem 0x80014385 0x89
core   0: 0x80002306 (0x00e48233) add     tp, s1, a4
core   0: 3 0x80002306 (0x00e48233) x4  0xfffface8
core   0: 0x8000230a (0x02471d33) mulh    s10, a4, tp
core   0: 3 0x8000230a (0x02471d33) x26 0xffffffff
core   0: 0x8000230e (0x034d34b3) mulhu   s1, s10, s4
core   0: 3 0x8000230e (0x034d34b3) x9  0x00000d88
core   0: 0x80002312 (0x005bc583) lbu     a1, 5(s7)
core   0: 3 0x80002312 (0x005bc583) x11 0x000000a9 mem 0x8001438d
core   0: 0x80002316 (0x00000001) c.nop
core   0: 3 0x80002316 (0x0001)
core   0: 0x80002318 (0xff2bd483) lhu     s1, -14(s7)
core   0: 3 0x80002318 (0xff2bd483) x9  0x0000fe56 mem 0x8001437a
core   0: 0x8000231c (0x019d5213) srli    tp, s10, 25
core   0: 3 0x8000231c (0x019d5213) x4  0x0000007f
core   0: 0x80002320 (0xff8bda03) lhu     s4, -8(s7)
core   0: 3 0x80002320 (0xff8bda03) x20 0x00000e6d mem 0x80014380
core   0: 0x80002324 (0x02ed5a33) divu    s4, s10, a4
core   0: 3 0x80002324 (0x02ed5a33) x20 0x0094f209
core   0: 0x80002328 (0xfeeb8ea3) sb      a4, -3(s7)
core   0: 3 0x80002328 (0xfeeb8ea3) mem 0x80014385 0xb8
core   0: 0x8000232c (0x000081c5) c.srli  a1, 17
core   0: 3 0x8000232c (0x81c5) x11 0x00000000
core   0: 0x8000232e (0x00000001) c.nop
core   0: 3 0x8000232e (0x0001)
core   0: 0x80002330 (0x02977233) remu    tp, a4, s1
core   0: 3 0x80002330 (0x02977233) x4  0x000001b8
core   0: 0x80002334 (0x02b5c733) div     a4, a1, a1
core   0: 3 0x80002334 (0x02b5c733) x14 0xffffffff
core   0: 0x80002338 (0x004a5a33) srl     s4, s4, tp
core   0: 3 0x80002338 (0x004a5a33) x20 0x00000000
core   0: 0x8000233c (0x00abc703) lbu     a4, 10(s7)
core   0: 3 0x8000233c (0x00abc703) x14 0x0000001a mem 0x80014392
core   0: 0x80002340 (0x0a470593) addi    a1, a4, 164
core   0: 3 0x80002340 (0x0a470593) x11 0x000000be
core   0: 0x80002344 (0x029a3d33) mulhu   s10, s4, s1
core   0: 3 0x80002344 (0x029a3d33) x26 0x00000000
core   0: 0x80002348 (0x004bc203) lbu     tp, 4(s7)
core   0: 3 0x80002348 (0x004bc203) x4  0x0000008c mem 0x8001438c
core   0: 0x8000234c (0x01a4d5b3) srl     a1, s1, s10
core   0: 3 0x8000234c (0x01a4d5b3) x11 0x0000fe56
core   0: 0x80002350 (0x004bdd03) lhu     s10, 4(s7)
core   0: 3 0x80002350 (0x004bdd03) x26 0x0000a98c mem 0x8001438c
core   0: 0x80002354 (0x006bc583) lbu     a1, 6(s7)
core   0: 3 0x80002354 (0x006bc583) x11 0x000000fa mem 0x8001438e
core   0: 0x80002358 (0x0d8a2713) slti    a4, s4, 216
core   0: 3 0x80002358 (0x0d8a2713) x14 0x00000001
core   0: 0x8000235c (0xfe4b8ca3) sb      tp, -7(s7)
core   0: 3 0x8000235c (0xfe4b8ca3) mem 0x80014381 0x8c
core   0: 0x80002360 (0xffbb8583) lb      a1, -5(s7)
core   0: 3 0x80002360 (0xffbb8583) x11 0xffffffdf mem 0x80014383
core   0: 0x80002364 (0x024a64b3) rem     s1, s4, tp
core   0: 3 0x80002364 (0x024a64b3) x9  0x00000000
core   0: 0x80002368 (0x00008f45) c.or    a4, s1
core   0: 3 0x80002368 (0x8f45) x14 0x00000001
core   0: 0x8000236a (0xff1bc203) lbu     tp, -15(s7)
core   0: 3 0x8000236a (0xff1bc203) x4  0x0000007f mem 0x80014379
core   0: 0x8000236e (0x00008a52) c.mv    s4, s4
core   0: 3 0x8000236e (0x8a52) x20 0x00000000
core   0: 0x80002370 (0x034774b3) remu    s1, a4, s4
core   0: 3 0x80002370 (0x034774b3) x9  0x00000001
core   0: 0x80002374 (0xffab8583) lb      a1, -6(s7)
core   0: 3 0x80002374 (0xffab8583) x11 0x0000005b mem 0x80014382
core   0: 0x80002378 (0x00005379) c.li    t1, -2
core   0: 3 0x80002378 (0x5379) x6  0xfffffffe
core   0: 0x8000237a (0x000041c1) c.li    gp, 16
core   0: 3 0x8000237a (0x41c1) x3  0x00000010
core   0: 0x8000237c (0x00b467b3) or      a5, s0, a1
core   0: 3 0x8000237c (0x00b467b3) x15 0x0000005b
core   0: 0x80002380 (0x00008c1d) c.sub   s0, a5
core   0: 3 0x80002380 (0x8c1d) x8  0xffffffa6
core   0: 0x80002382 (0x0058d433) srl     s0, a7, t0
core   0: 3 0x80002382 (0x0058d433) x8  0x00000a1a
core   0: 0x80002386 (0x00000319) c.addi  t1, 6
core   0: 3 0x80002386 (0x0319) x6  0x00000004
core   0: 0x80002388 (0x00004a05) c.li    s4, 1
core   0: 3 0x80002388 (0x4a05) x20 0x00000001
core   0: 0x8000238a (0x03624d97) auipc   s11, 0x3624
core   0: 3 0x8000238a (0x03624d97) x27 0x8362638a
core   0: 0x8000238e (0x0000474d) c.li    a4, 19
core   0: 3 0x8000238e (0x474d) x14 0x00000013
core   0: 0x80002390 (0x017fe5b3) or      a1, t6, s7
core   0: 3 0x80002390 (0x017fe5b3) x11 0x8003dfac
core   0: 0x80002394 (0x00000a19) c.addi  s4, 6
core   0: 3 0x80002394 (0x0a19) x20 0x00000007
core   0: 0x80002396 (0x00008215) c.srli  a2, 5
core   0: 3 0x80002396 (0x8215) x12 0x00674092
core   0: 0x80002398 (0xfeea6ce3) bltu    s4, a4, pc - 8
core   0: 3 0x80002398 (0xfeea6ce3)
core   0: 0x80002390 (0x017fe5b3) or      a1, t6, s7
core   0: 3 0x80002390 (0x017fe5b3) x11 0x8003dfac
core   0: 0x80002394 (0x00000a19) c.addi  s4, 6
core   0: 3 0x80002394 (0x0a19) x20 0x0000000d
core   0: 0x80002396 (0x00008215) c.srli  a2, 5
core   0: 3 0x80002396 (0x8215) x12 0x00033a04
core   0: 0x80002398 (0xfeea6ce3) bltu    s4, a4, pc - 8
core   0: 3 0x80002398 (0xfeea6ce3)
core   0: 0x80002390 (0x017fe5b3) or      a1, t6, s7
core   0: 3 0x80002390 (0x017fe5b3) x11 0x8003dfac
core   0: 0x80002394 (0x00000a19) c.addi  s4, 6
core   0: 3 0x80002394 (0x0a19) x20 0x00000013
core   0: 0x80002396 (0x00008215) c.srli  a2, 5
core   0: 3 0x80002396 (0x8215) x12 0x000019d0
core   0: 0x80002398 (0xfeea6ce3) bltu    s4, a4, pc - 8
core   0: 3 0x80002398 (0xfeea6ce3)
core   0: 0x8000239c (0xfe3360e3) bltu    t1, gp, pc - 32
core   0: 3 0x8000239c (0xfe3360e3)
core   0: 0x8000237c (0x00b467b3) or      a5, s0, a1
core   0: 3 0x8000237c (0x00b467b3) x15 0x8003dfbe
core   0: 0x80002380 (0x00008c1d) c.sub   s0, a5
core   0: 3 0x80002380 (0x8c1d) x8  0x7ffc2a5c
core   0: 0x80002382 (0x0058d433) srl     s0, a7, t0
core   0: 3 0x80002382 (0x0058d433) x8  0x00000a1a
core   0: 0x80002386 (0x00000319) c.addi  t1, 6
core   0: 3 0x80002386 (0x0319) x6  0x0000000a
core   0: 0x80002388 (0x00004a05) c.li    s4, 1
core   0: 3 0x80002388 (0x4a05) x20 0x00000001
core   0: 0x8000238a (0x03624d97) auipc   s11, 0x3624
core   0: 3 0x8000238a (0x03624d97) x27 0x8362638a
core   0: 0x8000238e (0x0000474d) c.li    a4, 19
core   0: 3 0x8000238e (0x474d) x14 0x00000013
core   0: 0x80002390 (0x017fe5b3) or      a1, t6, s7
core   0: 3 0x80002390 (0x017fe5b3) x11 0x8003dfac
core   0: 0x80002394 (0x00000a19) c.addi  s4, 6
core   0: 3 0x80002394 (0x0a19) x20 0x00000007
core   0: 0x80002396 (0x00008215) c.srli  a2, 5
core   0: 3 0x80002396 (0x8215) x12 0x000000ce
core   0: 0x80002398 (0xfeea6ce3) bltu    s4, a4, pc - 8
core   0: 3 0x80002398 (0xfeea6ce3)
core   0: 0x80002390 (0x017fe5b3) or      a1, t6, s7
core   0: 3 0x80002390 (0x017fe5b3) x11 0x8003dfac
core   0: 0x80002394 (0x00000a19) c.addi  s4, 6
core   0: 3 0x80002394 (0x0a19) x20 0x0000000d
core   0: 0x80002396 (0x00008215) c.srli  a2, 5
core   0: 3 0x80002396 (0x8215) x12 0x00000006
core   0: 0x80002398 (0xfeea6ce3) bltu    s4, a4, pc - 8
core   0: 3 0x80002398 (0xfeea6ce3)
core   0: 0x80002390 (0x017fe5b3) or      a1, t6, s7
core   0: 3 0x80002390 (0x017fe5b3) x11 0x8003dfac
core   0: 0x80002394 (0x00000a19) c.addi  s4, 6
core   0: 3 0x80002394 (0x0a19) x20 0x00000013
core   0: 0x80002396 (0x00008215) c.srli  a2, 5
core   0: 3 0x80002396 (0x8215) x12 0x00000000
core   0: 0x80002398 (0xfeea6ce3) bltu    s4, a4, pc - 8
core   0: 3 0x80002398 (0xfeea6ce3)
core   0: 0x8000239c (0xfe3360e3) bltu    t1, gp, pc - 32
core   0: 3 0x8000239c (0xfe3360e3)
core   0: 0x8000237c (0x00b467b3) or      a5, s0, a1
core   0: 3 0x8000237c (0x00b467b3) x15 0x8003dfbe
core   0: 0x80002380 (0x00008c1d) c.sub   s0, a5
core   0: 3 0x80002380 (0x8c1d) x8  0x7ffc2a5c
core   0: 0x80002382 (0x0058d433) srl     s0, a7, t0
core   0: 3 0x80002382 (0x0058d433) x8  0x00000a1a
core   0: 0x80002386 (0x00000319) c.addi  t1, 6
core   0: 3 0x80002386 (0x0319) x6  0x00000010
core   0: 0x80002388 (0x00004a05) c.li    s4, 1
core   0: 3 0x80002388 (0x4a05) x20 0x00000001
core   0: 0x8000238a (0x03624d97) auipc   s11, 0x3624
core   0: 3 0x8000238a (0x03624d97) x27 0x8362638a
core   0: 0x8000238e (0x0000474d) c.li    a4, 19
core   0: 3 0x8000238e (0x474d) x14 0x00000013
core   0: 0x80002390 (0x017fe5b3) or      a1, t6, s7
core   0: 3 0x80002390 (0x017fe5b3) x11 0x8003dfac
core   0: 0x80002394 (0x00000a19) c.addi  s4, 6
core   0: 3 0x80002394 (0x0a19) x20 0x00000007
core   0: 0x80002396 (0x00008215) c.srli  a2, 5
core   0: 3 0x80002396 (0x8215) x12 0x00000000
core   0: 0x80002398 (0xfeea6ce3) bltu    s4, a4, pc - 8
core   0: 3 0x80002398 (0xfeea6ce3)
core   0: 0x80002390 (0x017fe5b3) or      a1, t6, s7
core   0: 3 0x80002390 (0x017fe5b3) x11 0x8003dfac
core   0: 0x80002394 (0x00000a19) c.addi  s4, 6
core   0: 3 0x80002394 (0x0a19) x20 0x0000000d
core   0: 0x80002396 (0x00008215) c.srli  a2, 5
core   0: 3 0x80002396 (0x8215) x12 0x00000000
core   0: 0x80002398 (0xfeea6ce3) bltu    s4, a4, pc - 8
core   0: 3 0x80002398 (0xfeea6ce3)
core   0: 0x80002390 (0x017fe5b3) or      a1, t6, s7
core   0: 3 0x80002390 (0x017fe5b3) x11 0x8003dfac
core   0: 0x80002394 (0x00000a19) c.addi  s4, 6
core   0: 3 0x80002394 (0x0a19) x20 0x00000013
core   0: 0x80002396 (0x00008215) c.srli  a2, 5
core   0: 3 0x80002396 (0x8215) x12 0x00000000
core   0: 0x80002398 (0xfeea6ce3) bltu    s4, a4, pc - 8
core   0: 3 0x80002398 (0xfeea6ce3)
core   0: 0x8000239c (0xfe3360e3) bltu    t1, gp, pc - 32
core   0: 3 0x8000239c (0xfe3360e3)
core   0: 0x800023a0 (0x400d8633) sub     a2, s11, zero
core   0: 3 0x800023a0 (0x400d8633) x12 0x8362638a
core   0: 0x800023a4 (0x0000f117) auipc   sp, 0xf
core   0: 3 0x800023a4 (0x0000f117) x2  0x800113a4
core   0: 0x800023a8 (0xaa610113) addi    sp, sp, -1370
core   0: 3 0x800023a8 (0xaa610113) x2  0x80010e4a
core   0: 0x800023ac (0xab211823) sh      s2, -1360(sp)
core   0: 3 0x800023ac (0xab211823) mem 0x800108fa 0x0e15
core   0: 0x800023b0 (0x30e3b913) sltiu   s2, t2, 782
core   0: 3 0x800023b0 (0x30e3b913) x18 0x00000000
core   0: 0x800023b4 (0xdc8103a3) sb      s0, -569(sp)
core   0: 3 0x800023b4 (0xdc8103a3) mem 0x80010c11 0x1a
core   0: 0x800023b8 (0x9ee12b83) lw      s7, -1554(sp)
core   0: 3 0x800023b8 (0x9ee12b83) x23 0x7a259383 mem 0x80010838
core   0: 0x800023bc (0xc574a013) slti    zero, s1, -937
core   0: 3 0x800023bc (0xc574a013)
core   0: 0x800023c0 (0x12710e03) lb      t3, 295(sp)
core   0: 3 0x800023c0 (0x12710e03) x28 0xffffff91 mem 0x80010f71
core   0: 0x800023c4 (0x16511a23) sh      t0, 372(sp)
core   0: 3 0x800023c4 (0x16511a23) mem 0x80010fbe 0xab10
core   0: 0x800023c8 (0x03b6e1b3) rem     gp, a3, s11
core   0: 3 0x800023c8 (0x03b6e1b3) x3  0x00000000
core   0: 0x800023cc (0x00ff8e33) add     t3, t6, a5
core   0: 3 0x800023cc (0x00ff8e33) x28 0x00067ce2
core   0: 0x800023d0 (0x92f10ca3) sb      a5, -1735(sp)
core   0: 3 0x800023d0 (0x92f10ca3) mem 0x80010783 0xbe
core   0: 0x800023d4 (0xae310e03) lb      t3, -1309(sp)
core   0: 3 0x800023d4 (0xae310e03) x28 0xffffffd1 mem 0x8001092d
core   0: 0x800023d8 (0x12d10703) lb      a4, 301(sp)
core   0: 3 0x800023d8 (0x12d10703) x14 0x00000050 mem 0x80010f77
core   0: 0x800023dc (0xeff11e23) sh      t6, -260(sp)
core   0: 3 0x800023dc (0xeff11e23) mem 0x80010d46 0x9d24
core   0: 0x800023e0 (0x00881e13) slli    t3, a6, 8
core   0: 3 0x800023e0 (0x00881e13) x28 0x00000000
core   0: 0x800023e4 (0x41e95f13) srai    t5, s2, 30
core   0: 3 0x800023e4 (0x41e95f13) x30 0x00000000
core   0: 0x800023e8 (0x00009216) c.add   tp, t0
core   0: 3 0x800023e8 (0x9216) x4  0xffffab8f
core   0: 0x800023ea (0xda314903) lbu     s2, -605(sp)
core   0: 3 0x800023ea (0xda314903) x18 0x00000035 mem 0x80010bed
core   0: 0x800023ee (0x00dad813) srli    a6, s5, 13
core   0: 3 0x800023ee (0x00dad813) x16 0x00016619
core   0: 0x800023f2 (0x00008b31) c.andi  a4, 12
core   0: 3 0x800023f2 (0x8b31) x14 0x00000000
core   0: 0x800023f4 (0xfb415003) lhu     zero, -76(sp)
core   0: 3 0x800023f4 (0xfb415003) mem 0x80010dfe
core   0: 0x800023f8 (0x030b2733) mulhsu  a4, s6, a6
core   0: 3 0x800023f8 (0x030b2733) x14 0x00000001
core   0: 0x800023fc (0x00008ec1) c.or    a3, s0
core   0: 3 0x800023fc (0x8ec1) x13 0x00000a1a
core   0: 0x800023fe (0xbdd14883) lbu     a7, -1059(sp)
core   0: 3 0x800023fe (0xbdd14883) x17 0x000000aa mem 0x80010a27
core   0: 0x80002402 (0x020f5833) divu    a6, t5, zero
core   0: 3 0x80002402 (0x020f5833) x16 0xffffffff
core   0: 0x80002406 (0xaaa14403) lbu     s0, -1366(sp)
core   0: 3 0x80002406 (0xaaa14403) x8  0x0000004c mem 0x800108f4
core   0: 0x8000240a (0xe726c393) xori    t2, a3, -398
core   0: 3 0x8000240a (0xe726c393) x7  0xfffff468
core   0: 0x8000240e (0xf4014083) lbu     ra, -192(sp)
core   0: 3 0x8000240e (0xf4014083) x1  0x00000055 mem 0x80010d8a
core   0: 0x80002412 (0x02fe5033) divu    zero, t3, a5
core   0: 3 0x80002412 (0x02fe5033)
core   0: 0x80002416 (0x7357ca93) xori    s5, a5, 1845
core   0: 3 0x80002416 (0x7357ca93) x21 0x8003d88b
core   0: 0x8000241a (0x668302b7) lui     t0, 0x66830
core   0: 3 0x8000241a (0x668302b7) x5  0x66830000
core   0: 0x8000241e (0x00000001) c.nop
core   0: 3 0x8000241e (0x0001)
core   0: 0x80002420 (0x588cb613) sltiu   a2, s9, 1416
core   0: 3 0x80002420 (0x588cb613) x12 0x00000000
core   0: 0x80002424 (0x0232fcb3) remu    s9, t0, gp
core   0: 3 0x80002424 (0x0232fcb3) x25 0x66830000
core   0: 0x80002428 (0xf8612d23) sw      t1, -102(sp)
core   0: 3 0x80002428 (0xf8612d23) mem 0x80010de4 0x00000010
core   0: 0x8000242c (0x00005659) c.li    a2, -10
core   0: 3 0x8000242c (0x5659) x12 0xfffffff6
core   0: 0x8000242e (0x000081d9) c.srli  a1, 22
core   0: 3 0x8000242e (0x81d9) x11 0x00000200
core   0: 0x80002430 (0x971cf893) andi    a7, s9, -1679
core   0: 3 0x80002430 (0x971cf893) x17 0x66830000
core   0: 0x80002434 (0x000065d9) c.lui   a1, 0x16
core   0: 3 0x80002434 (0x65d9) x11 0x00016000
core   0: 0x80002436 (0x00008cf5) c.and   s1, a3
core   0: 3 0x80002436 (0x8cf5) x9  0x00000000
core   0: 0x80002438 (0x0000593d) c.li    s2, -17
core   0: 3 0x80002438 (0x593d) x18 0xffffffef
core   0: 0x8000243a (0x000007aa) c.slli  a5, 10
core   0: 3 0x8000243a (0x07aa) x15 0x0f7ef800
core   0: 0x8000243c (0x031411b3) mulh    gp, s0, a7
core   0: 3 0x8000243c (0x031411b3) x3  0x0000001e
core   0: 0x80002440 (0x027f6333) rem     t1, t5, t2
core   0: 3 0x80002440 (0x027f6333) x6  0x00000000
core   0: 0x80002444 (0x01e197b3) sll     a5, gp, t5
core   0: 3 0x80002444 (0x01e197b3) x15 0x0000001e
core   0: 0x80002448 (0x15248793) addi    a5, s1, 338
core   0: 3 0x80002448 (0x15248793) x15 0x00000152
core   0: 0x8000244c (0x014c9ab3) sll     s5, s9, s4
core   0: 3 0x8000244c (0x014c9ab3) x21 0x00000000
core   0: 0x80002450 (0x00001665) c.addi  a2, -7
core   0: 3 0x80002450 (0x1665) x12 0xffffffef
core   0: 0x80002452 (0x03693f33) mulhu   t5, s2, s6
core   0: 3 0x80002452 (0x03693f33) x30 0x0000f212
core   0: 0x80002456 (0x02f3b033) mulhu   zero, t2, a5
core   0: 3 0x80002456 (0x02f3b033)
core   0: 0x8000245a (0x00005dfd) c.li    s11, -1
core   0: 3 0x8000245a (0x5dfd) x27 0xffffffff
core   0: 0x8000245c (0x026659b3) divu    s3, a2, t1
core   0: 3 0x8000245c (0x026659b3) x19 0xffffffff
core   0: 0x80002460 (0x0000698d) c.lui   s3, 0x3
core   0: 3 0x80002460 (0x698d) x19 0x00003000
core   0: 0x80002462 (0x00008ead) c.xor   a3, a1
core   0: 3 0x80002462 (0x8ead) x13 0x00016a1a
core   0: 0x80002464 (0x025a15b3) mulh    a1, s4, t0
core   0: 3 0x80002464 (0x025a15b3) x11 0x00000007
core   0: 0x80002468 (0xd0bc2093) slti    ra, s8, -757
core   0: 3 0x80002468 (0xd0bc2093) x1  0x00000001
core   0: 0x8000246c (0x4a0eff13) andi    t5, t4, 1184
core   0: 3 0x8000246c (0x4a0eff13) x30 0x00000000
core   0: 0x80002470 (0x69050713) addi    a4, a0, 1680
core   0: 3 0x80002470 (0x69050713) x14 0x00000690
core   0: 0x80002474 (0x00000001) c.nop
core   0: 3 0x80002474 (0x0001)
core   0: 0x80002476 (0x009111b3) sll     gp, sp, s1
core   0: 3 0x80002476 (0x009111b3) x3  0x80010e4a
core   0: 0x8000247a (0x1e494413) xori    s0, s2, 484
core   0: 3 0x8000247a (0x1e494413) x8  0xfffffe0b
core   0: 0x8000247e (0x02a8dcb3) divu    s9, a7, a0
core   0: 3 0x8000247e (0x02a8dcb3) x25 0xffffffff
core   0: 0x80002482 (0xfb261de3) bne     a2, s2, pc - 70
core   0: 3 0x80002482 (0xfb261de3)
core   0: 0x80002486 (0x0000031c) c.addi4spn a5, sp, 384
core   0: 3 0x80002486 (0x031c) x15 0x80010fca
core   0: 0x80002488 (0x00018297) auipc   t0, 0x18
core   0: 3 0x80002488 (0x00018297) x5  0x8001a488
core   0: 0x8000248c (0x69428293) addi    t0, t0, 1684
core   0: 3 0x8000248c (0x69428293) x5  0x8001ab1c
core   0: 0x80002490 (0xd2e28a03) lb      s4, -722(t0)
core   0: 3 0x80002490 (0xd2e28a03) x20 0xffffffe6 mem 0x8001a84a
core   0: 0x80002494 (0x5522df03) lhu     t5, 1362(t0)
core   0: 3 0x80002494 (0x5522df03) x30 0x0000cb53 mem 0x8001b06e
core   0: 0x80002498 (0xde229d03) lh      s10, -542(t0)
core   0: 3 0x80002498 (0xde229d03) x26 0xffffc9ba mem 0x8001a8fe
core   0: 0x8000249c (0x000cb533) sltu    a0, s9, zero
core   0: 3 0x8000249c (0x000cb533) x10 0x00000000
core   0: 0x800024a0 (0x00008f91) c.sub   a5, a2
core   0: 3 0x800024a0 (0x8f91) x15 0x80010fdb
core   0: 0x800024a2 (0xde228783) lb      a5, -542(t0)
core   0: 3 0x800024a2 (0xde228783) x15 0xffffffba mem 0x8001a8fe
core   0: 0x800024a6 (0x0155b033) sltu    zero, a1, s5
core   0: 3 0x800024a6 (0x0155b033)
core   0: 0x800024aa (0xde229383) lh      t2, -542(t0)
core   0: 3 0x800024aa (0xde229383) x7  0xffffc9ba mem 0x8001a8fe
core   0: 0x800024ae (0x41850233) sub     tp, a0, s8
core   0: 3 0x800024ae (0x41850233) x4  0x7ffda15c
core   0: 0x800024b2 (0xdf628123) sb      s6, -542(t0)
core   0: 3 0x800024b2 (0xdf628123) mem 0x8001a8fe 0x13
core   0: 0x800024b6 (0xdea28123) sb      a0, -542(t0)
core   0: 3 0x800024b6 (0xdea28123) mem 0x8001a8fe 0x00
core   0: 0x800024ba (0xde228b83) lb      s7, -542(t0)
core   0: 3 0x800024ba (0xde228b83) x23 0x00000000 mem 0x8001a8fe
core   0: 0x800024be (0x411c0b33) sub     s6, s8, a7
core   0: 3 0x800024be (0x411c0b33) x22 0x197f5ea4
core   0: 0x800024c2 (0xde22d503) lhu     a0, -542(t0)
core   0: 3 0x800024c2 (0xde22d503) x10 0x0000c900 mem 0x8001a8fe
core   0: 0x800024c6 (0xd89283a3) sb      s1, -633(t0)
core   0: 3 0x800024c6 (0xd89283a3) mem 0x8001a8a3 0x00
core   0: 0x800024ca (0xf222d883) lhu     a7, -222(t0)
core   0: 3 0x800024ca (0xf222d883) x17 0x0000755f mem 0x8001aa3e
core   0: 0x800024ce (0x31c28123) sb      t3, 770(t0)
core   0: 3 0x800024ce (0x31c28123) mem 0x8001ae1e 0x00
core   0: 0x800024d2 (0xe5828523) sb      s8, -438(t0)
core   0: 3 0x800024d2 (0xe5828523) mem 0x8001a966 0xa4
core   0: 0x800024d6 (0xe5228523) sb      s2, -438(t0)
core   0: 3 0x800024d6 (0xe5228523) mem 0x8001a966 0xef
core   0: 0x800024da (0x006000ef) jal     pc + 0x6
core   0: 3 0x800024da (0x006000ef) x1  0x800024de
core   0: 0x800024e0 (0x00002021) c.jal   pc + 8
core   0: 3 0x800024e0 (0x2021) x1  0x800024e2
core   0: 0x800024e8 (0x00002015) c.jal   pc + 36
core   0: 3 0x800024e8 (0x2015) x1  0x800024ea
core   0: 0x8000250c (0x000037fd) c.jal   pc - 18
core   0: 3 0x8000250c (0x37fd) x1  0x8000250e
core   0: 0x800024fa (0xff7ff0ef) jal     pc - 0xa
core   0: 3 0x800024fa (0xff7ff0ef) x1  0x800024fe
core   0: 0x800024f0 (0xffbff0ef) jal     pc - 0x6
core   0: 3 0x800024f0 (0xffbff0ef) x1  0x800024f4
core   0: 0x800024ea (0x0000a011) c.j     pc + 4
core   0: 3 0x800024ea (0xa011)
core   0: 0x800024ee (0x00003ffd) c.jal   pc - 2
core   0: 3 0x800024ee (0x3ffd) x1  0x800024f0
core   0: 0x800024ec (0x0000bfcd) c.j     pc - 14
core   0: 3 0x800024ec (0xbfcd)
core   0: 0x800024de (0x0000a821) c.j     pc + 24
core   0: 3 0x800024de (0xa821)
core   0: 0x800024f6 (0x00c000ef) jal     pc + 0xc
core   0: 3 0x800024f6 (0x00c000ef) x1  0x800024fa
core   0: 0x80002502 (0x0000a021) c.j     pc + 8
core   0: 3 0x80002502 (0xa021)
core   0: 0x8000250a (0x0000bffd) c.j     pc - 2
core   0: 3 0x8000250a (0xbffd)
core   0: 0x80002508 (0x00003ff9) c.jal   pc - 34
core   0: 3 0x80002508 (0x3ff9) x1  0x8000250a
core   0: 0x800024e6 (0x00002839) c.jal   pc + 30
core   0: 3 0x800024e6 (0x2839) x1  0x800024e8
core   0: 0x80002504 (0x00003fc5) c.jal   pc - 16
core   0: 3 0x80002504 (0x3fc5) x1  0x80002506
core   0: 0x800024f4 (0x0000a809) c.j     pc + 18
core   0: 3 0x800024f4 (0xa809)
core   0: 0x80002506 (0x0000bfed) c.j     pc - 6
core   0: 3 0x80002506 (0xbfed)
core   0: 0x80002500 (0x000037cd) c.jal   pc - 30
core   0: 3 0x80002500 (0x37cd) x1  0x80002502
core   0: 0x800024e2 (0x01c000ef) jal     pc + 0x1c
core   0: 3 0x800024e2 (0x01c000ef) x1  0x800024e6
core   0: 0x800024fe (0x00002801) c.jal   pc + 16
core   0: 3 0x800024fe (0x2801) x1  0x80002500
core   0: 0x8000250e (0x23a02213) slti    tp, zero, 570
core   0: 3 0x8000250e (0x23a02213) x4  0x00000001
core   0: 0x80002512 (0x0000ee17) auipc   t3, 0xe
core   0: 3 0x80002512 (0x0000ee17) x28 0x80010512
core   0: 0x80002516 (0xcebe0e13) addi    t3, t3, -789
core   0: 3 0x80002516 (0xcebe0e13) x28 0x800101fd
core   0: 0x8000251a (0x5379d997) auipc   s3, 0x5379d
core   0: 3 0x8000251a (0x5379d997) x19 0xd379f51a
core   0: 0x8000251e (0x0126b6b3) sltu    a3, a3, s2
core   0: 3 0x8000251e (0x0126b6b3) x13 0x00000001
core   0: 0x80002522 (0x057e0023) sb      s7, 64(t3)
core   0: 3 0x80002522 (0x057e0023) mem 0x8001023d 0x00
core   0: 0x80002526 (0x02ee0a83) lb      s5, 46(t3)
core   0: 3 0x80002526 (0x02ee0a83) x21 0x00000025 mem 0x8001022b
core   0: 0x8000252a (0x00008e95) c.sub   a3, a3
core   0: 3 0x8000252a (0x8e95) x13 0x00000000
core   0: 0x8000252c (0x000086f9) c.srai  a3, 30
core   0: 3 0x8000252c (0x86f9) x13 0x00000000
core   0: 0x8000252e (0xa7792a93) slti    s5, s2, -1417
core   0: 3 0x8000252e (0xa7792a93) x21 0x00000000
core   0: 0x80002532 (0x03ad6bb3) rem     s7, s10, s10
core   0: 3 0x80002532 (0x03ad6bb3) x23 0x00000000
core   0: 0x80002536 (0x00dd0ab3) add     s5, s10, a3
core   0: 3 0x80002536 (0x00dd0ab3) x21 0xffffc9ba
core   0: 0x8000253a (0xff0e4683) lbu     a3, -16(t3)
core   0: 3 0x8000253a (0xff0e4683) x13 0x00000017 mem 0x800101ed
core   0: 0x8000253e (0x019e0d03) lb      s10, 25(t3)
core   0: 3 0x8000253e (0x019e0d03) x26 0x00000012 mem 0x80010216
core   0: 0x80002542 (0x02be4983) lbu     s3, 43(t3)
core   0: 3 0x80002542 (0x02be4983) x19 0x0000003f mem 0x80010228
core   0: 0x80002546 (0x037e2fa3) sw      s7, 63(t3)
core   0: 3 0x80002546 (0x037e2fa3) mem 0x8001023c 0x00000000
core   0: 0x8000254a (0x41aad9b3) sra     s3, s5, s10
core   0: 3 0x8000254a (0x41aad9b3) x19 0xffffffff
core   0: 0x8000254e (0x035e4683) lbu     a3, 53(t3)
core   0: 3 0x8000254e (0x035e4683) x13 0x000000d3 mem 0x80010232
core   0: 0x80002552 (0x017e0b83) lb      s7, 23(t3)
core   0: 3 0x80002552 (0x017e0b83) x23 0x00000077 mem 0x80010214
core   0: 0x80002556 (0x02d98933) mul     s2, s3, a3
core   0: 3 0x80002556 (0x02d98933) x18 0xffffff2d
core   0: 0x8000255a (0x05ae0023) sb      s10, 64(t3)
core   0: 3 0x8000255a (0x05ae0023) mem 0x8001023d 0x12
core   0: 0x8000255e (0x000096ea) c.add   a3, s10
core   0: 3 0x8000255e (0x96ea) x13 0x000000e5
core   0: 0x80002560 (0x035e0a23) sb      s5, 52(t3)
core   0: 3 0x80002560 (0x035e0a23) mem 0x80010231 0xba
core   0: 0x80002564 (0x022e4a83) lbu     s5, 34(t3)
core   0: 3 0x80002564 (0x022e4a83) x21 0x00000028 mem 0x8001021f
core   0: 0x80002568 (0xfe9e1d03) lh      s10, -23(t3)
core   0: 3 0x80002568 (0xfe9e1d03) x26 0x0000443d mem 0x800101e6
core   0: 0x8000256c (0xff2e0623) sb      s2, -20(t3)
core   0: 3 0x8000256c (0xff2e0623) mem 0x800101e9 0x2d
core   0: 0x80002570 (0x40da8ab3) sub     s5, s5, a3
core   0: 3 0x80002570 (0x40da8ab3) x21 0xffffff43
core   0: 0x80002574 (0x010e4b83) lbu     s7, 16(t3)
core   0: 3 0x80002574 (0x010e4b83) x23 0x00000026 mem 0x8001020d
core   0: 0x80002578 (0x013e27a3) sw      s3, 15(t3)
core   0: 3 0x80002578 (0x013e27a3) mem 0x8001020c 0xffffffff
core   0: 0x8000257c (0x00008eb5) c.xor   a3, a3
core   0: 3 0x8000257c (0x8eb5) x13 0x00000000
core   0: 0x8000257e (0x00000001) c.nop
core   0: 3 0x8000257e (0x0001)
core   0: 0x80002580 (0xfede06a3) sb      a3, -19(t3)
core   0: 3 0x80002580 (0xfede06a3) mem 0x800101ea 0x00
core   0: 0x80002584 (0x0159e9b3) or      s3, s3, s5
core   0: 3 0x80002584 (0x0159e9b3) x19 0xffffffff
core   0: 0x80002588 (0xfcde0e23) sb      a3, -36(t3)
core   0: 3 0x80002588 (0xfcde0e23) mem 0x800101d9 0x00
core   0: 0x8000258c (0x41268d33) sub     s10, a3, s2
core   0: 3 0x8000258c (0x41268d33) x26 0x000000d3
core   0: 0x80002590 (0x00009bca) c.add   s7, s2
core   0: 3 0x80002590 (0x9bca) x23 0xffffff53
core   0: 0x80002592 (0x01ae0623) sb      s10, 12(t3)
core   0: 3 0x80002592 (0x01ae0623) mem 0x80010209 0xd3
core   0: 0x80002596 (0xfede0a23) sb      a3, -12(t3)
core   0: 3 0x80002596 (0xfede0a23) mem 0x800101f1 0x00
core   0: 0x8000259a (0x024e0983) lb      s3, 36(t3)
core   0: 3 0x8000259a (0x024e0983) x19 0x00000013 mem 0x80010221
core   0: 0x8000259e (0xfeae0903) lb      s2, -22(t3)
core   0: 3 0x8000259e (0xfeae0903) x18 0x00000044 mem 0x800101e7
core   0: 0x800025a2 (0xfdae4983) lbu     s3, -38(t3)
core   0: 3 0x800025a2 (0xfdae4983) x19 0x0000004e mem 0x800101d7
core   0: 0x800025a6 (0x00399693) slli    a3, s3, 3
core   0: 3 0x800025a6 (0x00399693) x13 0x00000270
core   0: 0x800025aa (0x004e4a83) lbu     s5, 4(t3)
core   0: 3 0x800025aa (0x004e4a83) x21 0x0000002e mem 0x80010201
core   0: 0x800025ae (0x0000068e) c.slli  a3, 3
core   0: 3 0x800025ae (0x068e) x13 0x00001380
core   0: 0x800025b0 (0x004e0903) lb      s2, 4(t3)
core   0: 3 0x800025b0 (0x004e0903) x18 0x0000002e mem 0x80010201
core   0: 0x800025b4 (0xff7e2fa3) sw      s7, -1(t3)
core   0: 3 0x800025b4 (0xff7e2fa3) mem 0x800101fc 0xffffff53
core   0: 0x800025b8 (0x010000ef) jal     pc + 0x10
core   0: 3 0x800025b8 (0x010000ef) x1  0x800025bc
core   0: 0x800025c8 (0x0000bfd5) c.j     pc - 12
core   0: 3 0x800025c8 (0xbfd5)
core   0: 0x800025bc (0x00002021) c.jal   pc + 8
core   0: 3 0x800025bc (0x2021) x1  0x800025be
core   0: 0x800025c4 (0x0000a809) c.j     pc + 18
core   0: 3 0x800025c4 (0xa809)
core   0: 0x800025d6 (0xff5ff0ef) jal     pc - 0xc
core   0: 3 0x800025d6 (0xff5ff0ef) x1  0x800025da
core   0: 0x800025ca (0x0000a011) c.j     pc + 4
core   0: 3 0x800025ca (0xa011)
core   0: 0x800025ce (0x00002019) c.jal   pc + 6
core   0: 3 0x800025ce (0x2019) x1  0x800025d0
core   0: 0x800025d4 (0x00002809) c.jal   pc + 18
core   0: 3 0x800025d4 (0x2809) x1  0x800025d6
core   0: 0x800025e6 (0x000037dd) c.jal   pc - 26
core   0: 3 0x800025e6 (0x37dd) x1  0x800025e8
core   0: 0x800025cc (0x00002011) c.jal   pc + 4
core   0: 3 0x800025cc (0x2011) x1  0x800025ce
core   0: 0x800025d0 (0xff7ff0ef) jal     pc - 0xa
core   0: 3 0x800025d0 (0xff7ff0ef) x1  0x800025d4
core   0: 0x800025c6 (0x0000bfe5) c.j     pc - 8
core   0: 3 0x800025c6 (0xbfe5)
core   0: 0x800025be (0x00002831) c.jal   pc + 28
core   0: 3 0x800025be (0x2831) x1  0x800025c0
core   0: 0x800025da (0xfe9ff0ef) jal     pc - 0x18
core   0: 3 0x800025da (0xfe9ff0ef) x1  0x800025de
core   0: 0x800025c2 (0x0000a01d) c.j     pc + 38
core   0: 3 0x800025c2 (0xa01d)
core   0: 0x800025e8 (0x0000bfdd) c.j     pc - 10
core   0: 3 0x800025e8 (0xbfdd)
core   0: 0x800025de (0xfe3ff36f) jal     t1, pc - 0x1e
core   0: 3 0x800025de (0xfe3ff36f) x6  0x800025e2
core   0: 0x800025c0 (0x0000a00d) c.j     pc + 34
core   0: 3 0x800025c0 (0xa00d)
core   0: 0x800025e2 (0x008000ef) jal     pc + 0x8
core   0: 3 0x800025e2 (0x008000ef) x1  0x800025e6
core   0: 0x800025ea (0x02efba33) mulhu   s4, t6, a4
core   0: 3 0x800025ea (0x02efba33) x20 0x00000348
core   0: 0x800025ee (0x00016197) auipc   gp, 0x16
core   0: 3 0x800025ee (0x00016197) x3  0x800185ee
core   0: 0x800025f2 (0x5c318193) addi    gp, gp, 1475
core   0: 3 0x800025f2 (0x5c318193) x3  0x80018bb1
core   0: 0x800025f6 (0xc4f18723) sb      a5, -946(gp)
core   0: 3 0x800025f6 (0xc4f18723) mem 0x800187ff 0xba
core   0: 0x800025fa (0x40df5f33) sra     t5, t5, a3
core   0: 3 0x800025fa (0x40df5f33) x30 0x0000cb53
core   0: 0x800025fe (0x59b1af03) lw      t5, 1435(gp)
core   0: 3 0x800025fe (0x59b1af03) x30 0x80a0ecf3 mem 0x8001914c
core   0: 0x80002602 (0x0d418483) lb      s1, 212(gp)
core   0: 3 0x80002602 (0x0d418483) x9  0xffffffa0 mem 0x80018c85
core   0: 0x80002606 (0x4281c383) lbu     t2, 1064(gp)
core   0: 3 0x80002606 (0x4281c383) x7  0x00000057 mem 0x80018fd9
core   0: 0x8000260a (0x000003b1) c.addi  t2, 12
core   0: 3 0x8000260a (0x03b1) x7  0x00000063
core   0: 0x8000260c (0x029484b3) mul     s1, s1, s1
core   0: 3 0x8000260c (0x029484b3) x9  0x00002400
core   0: 0x80002610 (0xb981cf03) lbu     t5, -1128(gp)
core   0: 3 0x80002610 (0xb981cf03) x30 0x0000003b mem 0x80018749
core   0: 0x80002614 (0x000096a6) c.add   a3, s1
core   0: 3 0x80002614 (0x96a6) x13 0x00003780
core   0: 0x80002616 (0x409f55b3) sra     a1, t5, s1
core   0: 3 0x80002616 (0x409f55b3) x11 0x0000003b
core   0: 0x8000261a (0x6201c683) lbu     a3, 1568(gp)
core   0: 3 0x8000261a (0x6201c683) x13 0x000000b4 mem 0x800191d1
core   0: 0x8000261e (0x34218583) lb      a1, 834(gp)
core   0: 3 0x8000261e (0x34218583) x11 0x00000012 mem 0x80018ef3
core   0: 0x80002622 (0x1481c683) lbu     a3, 328(gp)
core   0: 3 0x80002622 (0x1481c683) x13 0x00000030 mem 0x80018cf9
core   0: 0x80002626 (0x00008cdd) c.or    s1, a5
core   0: 3 0x80002626 (0x8cdd) x9  0xffffffba
core   0: 0x80002628 (0x00008ebd) c.xor   a3, a5
core   0: 3 0x80002628 (0x8ebd) x13 0xffffff8a
core   0: 0x8000262a (0x00000492) c.slli  s1, 4
core   0: 3 0x8000262a (0x0492) x9  0xfffffba0
core   0: 0x8000262c (0x02d4b5b3) mulhu   a1, s1, a3
core   0: 3 0x8000262c (0x02d4b5b3) x11 0xfffffb2a
core   0: 0x80002630 (0xc2618f03) lb      t5, -986(gp)
core   0: 3 0x80002630 (0xc2618f03) x30 0x00000022 mem 0x800187d7
core   0: 0x80002634 (0x1ac1c383) lbu     t2, 428(gp)
core   0: 3 0x80002634 (0x1ac1c383) x7  0x000000bf mem 0x80018d5d
core   0: 0x80002638 (0x027f64b3) rem     s1, t5, t2
core   0: 3 0x80002638 (0x027f64b3) x9  0x00000022
core   0: 0x8000263c (0x92b194a3) sh      a1, -1751(gp)
core   0: 3 0x8000263c (0x92b194a3) mem 0x800184da 0xfb2a
core   0: 0x80002640 (0x00918f03) lb      t5, 9(gp)
core   0: 3 0x80002640 (0x00918f03) x30 0x00000070 mem 0x80018bba
core   0: 0x80002644 (0x40818483) lb      s1, 1032(gp)
core   0: 3 0x80002644 (0x40818483) x9  0x0000007d mem 0x80018fb9
core   0: 0x80002648 (0x64818f03) lb      t5, 1608(gp)
core   0: 3 0x80002648 (0x64818f03) x30 0xffffffbc mem 0x800191f9
core   0: 0x8000264c (0x3cf18d23) sb      a5, 986(gp)
core   0: 3 0x8000264c (0x3cf18d23) mem 0x80018f8b 0xba
core   0: 0x80002650 (0xfb27b793) sltiu   a5, a5, -78
core   0: 3 0x80002650 (0xfb27b793) x15 0x00000000
core   0: 0x80002654 (0x1831af03) lw      t5, 387(gp)
core   0: 3 0x80002654 (0x1831af03) x30 0x7ddbc370 mem 0x80018d34
core   0: 0x80002658 (0xeaf18383) lb      t2, -337(gp)
core   0: 3 0x80002658 (0xeaf18383) x7  0xffffffdc mem 0x80018a60
core   0: 0x8000265c (0x9a518783) lb      a5, -1627(gp)
core   0: 3 0x8000265c (0x9a518783) x15 0x00000041 mem 0x80018556
core   0: 0x80002660 (0x5661cf03) lbu     t5, 1382(gp)
core   0: 3 0x80002660 (0x5661cf03) x30 0x00000092 mem 0x80019117
core   0: 0x80002664 (0x00008ced) c.and   s1, a1
core   0: 3 0x80002664 (0x8ced) x9  0x00000028
core   0: 0x80002666 (0x00008f36) c.mv    t5, a3
core   0: 3 0x80002666 (0x8f36) x30 0xffffff8a
core   0: 0x80002668 (0x58519483) lh      s1, 1413(gp)
core   0: 3 0x80002668 (0x58519483) x9  0xfffff6c7 mem 0x80019136
core   0: 0x8000266c (0x00000001) c.nop
core   0: 3 0x8000266c (0x0001)
core   0: 0x8000266e (0x5961cf03) lbu     t5, 1430(gp)
core   0: 3 0x8000266e (0x5961cf03) x30 0x00000064 mem 0x80019147
core   0: 0x80002672 (0x00000f56) c.slli  t5, 21
core   0: 3 0x80002672 (0x0f56) x30 0x0c800000
core   0: 0x80002674 (0x00b7b4b3) sltu    s1, a5, a1
core   0: 3 0x80002674 (0x00b7b4b3) x9  0x00000001
core   0: 0x80002678 (0x4841c583) lbu     a1, 1156(gp)
core   0: 3 0x80002678 (0x4841c583) x11 0x00000026 mem 0x80019035
core   0: 0x8000267c (0x6bb1a683) lw      a3, 1723(gp)
core   0: 3 0x8000267c (0x6bb1a683) x13 0x782b3fa5 mem 0x8001926c
core   0: 0x80002680 (0x29218783) lb      a5, 658(gp)
core   0: 3 0x80002680 (0x29218783) x15 0x00000042 mem 0x80018e43
core   0: 0x80002684 (0x01e000ef) jal     pc + 0x1e
core   0: 3 0x80002684 (0x01e000ef) x1  0x80002688
core   0: 0x800026a2 (0xff5ff0ef) jal     pc - 0xc
core   0: 3 0x800026a2 (0xff5ff0ef) x1  0x800026a6
core   0: 0x80002696 (0x00002819) c.jal   pc + 22
core   0: 3 0x80002696 (0x2819) x1  0x80002698
core   0: 0x800026ac (0x00002019) c.jal   pc + 6
core   0: 3 0x800026ac (0x2019) x1  0x800026ae
core   0: 0x800026b2 (0x0160036f) jal     t1, pc + 0x16
core   0: 3 0x800026b2 (0x0160036f) x6  0x800026b6
core   0: 0x800026c8 (0x0000bfcd) c.j     pc - 14
core   0: 3 0x800026c8 (0xbfcd)
core   0: 0x800026ba (0x000037f9) c.jal   pc - 50
core   0: 3 0x800026ba (0x37f9) x1  0x800026bc
core   0: 0x80002688 (0x012007ef) jal     a5, pc + 0x12
core   0: 3 0x80002688 (0x012007ef) x15 0x8000268c
core   0: 0x8000269a (0x00002831) c.jal   pc + 28
core   0: 3 0x8000269a (0x2831) x1  0x8000269c
core   0: 0x800026b6 (0x0000bfd5) c.j     pc - 12
core   0: 3 0x800026b6 (0xbfd5)
core   0: 0x800026aa (0x0000a019) c.j     pc + 6
core   0: 3 0x800026aa (0xa019)
core   0: 0x800026b0 (0x00002801) c.jal   pc + 16
core   0: 3 0x800026b0 (0x2801) x1  0x800026b2
core   0: 0x800026c0 (0x0000bfe5) c.j     pc - 8
core   0: 3 0x800026c0 (0xbfe5)
core   0: 0x800026b8 (0x00003fd1) c.jal   pc - 44
core   0: 3 0x800026b8 (0x3fd1) x1  0x800026ba
core   0: 0x8000268c (0x022000ef) jal     pc + 0x22
core   0: 3 0x8000268c (0x022000ef) x1  0x80002690
core   0: 0x800026ae (0x0000b7d5) c.j     pc - 28
core   0: 3 0x800026ae (0xb7d5)
core   0: 0x80002692 (0x03a000ef) jal     pc + 0x3a
core   0: 3 0x80002692 (0x03a000ef) x1  0x80002696
core   0: 0x800026cc (0x00003fdd) c.jal   pc - 10
core   0: 3 0x800026cc (0x3fdd) x1  0x800026ce
core   0: 0x800026c2 (0x004002ef) jal     t0, pc + 0x4
core   0: 3 0x800026c2 (0x004002ef) x5  0x800026c6
core   0: 0x800026c6 (0x00003fdd) c.jal   pc - 10
core   0: 3 0x800026c6 (0x3fdd) x1  0x800026c8
core   0: 0x800026bc (0xfd5ff36f) jal     t1, pc - 0x2c
core   0: 3 0x800026bc (0xfd5ff36f) x6  0x800026c0
core   0: 0x80002690 (0x00002021) c.jal   pc + 8
core   0: 3 0x80002690 (0x2021) x1  0x80002692
core   0: 0x80002698 (0x0000280d) c.jal   pc + 50
core   0: 3 0x80002698 (0x280d) x1  0x8000269a
core   0: 0x800026ca (0x00003fd9) c.jal   pc - 42
core   0: 3 0x800026ca (0x3fd9) x1  0x800026cc
core   0: 0x800026a0 (0x0000bff5) c.j     pc - 4
core   0: 3 0x800026a0 (0xbff5)
core   0: 0x8000269c (0x00a0036f) jal     t1, pc + 0xa
core   0: 3 0x8000269c (0x00a0036f) x6  0x800026a0
core   0: 0x800026a6 (0x0280036f) jal     t1, pc + 0x28
core   0: 3 0x800026a6 (0x0280036f) x6  0x800026aa
core   0: 0x800026ce (0x02c3cf33) div     t5, t2, a2
core   0: 3 0x800026ce (0x02c3cf33) x30 0x00000002
core   0: 0x800026d2 (0x0000e417) auipc   s0, 0xe
core   0: 3 0x800026d2 (0x0000e417) x8  0x800106d2
core   0: 0x800026d6 (0x61640413) addi    s0, s0, 1558
core   0: 3 0x800026d6 (0x61640413) x8  0x80010ce8
core   0: 0x800026da (0xf5144e03) lbu     t3, -175(s0)
core   0: 3 0x800026da (0xf5144e03) x28 0x00000073 mem 0x80010c39
core   0: 0x800026de (0xf5140d83) lb      s11, -175(s0)
core   0: 3 0x800026de (0xf5140d83) x27 0x00000073 mem 0x80010c39
core   0: 0x800026e2 (0xf9042203) lw      tp, -112(s0)
core   0: 3 0x800026e2 (0xf9042203) x4  0x499f12bf mem 0x80010c78
core   0: 0x800026e6 (0x007407a3) sb      t2, 15(s0)
core   0: 3 0x800026e6 (0x007407a3) mem 0x80010cf7 0xdc
core   0: 0x800026ea (0x00f44083) lbu     ra, 15(s0)
core   0: 3 0x800026ea (0x00f44083) x1  0x000000dc mem 0x80010cf7
core   0: 0x800026ee (0x00f44303) lbu     t1, 15(s0)
core   0: 3 0x800026ee (0x00f44303) x6  0x000000dc mem 0x80010cf7
core   0: 0x800026f2 (0x09b40003) lb      zero, 155(s0)
core   0: 3 0x800026f2 (0x09b40003) mem 0x80010d83
core   0: 0x800026f6 (0x09940da3) sb      s9, 155(s0)
core   0: 3 0x800026f6 (0x09940da3) mem 0x80010d83 0xff
core   0: 0x800026fa (0x00940b03) lb      s6, 9(s0)
core   0: 3 0x800026fa (0x00940b03) x22 0x00000037 mem 0x80010cf1
core   0: 0x800026fe (0x00944783) lbu     a5, 9(s0)
core   0: 3 0x800026fe (0x00944783) x15 0x00000037 mem 0x80010cf1
core   0: 0x80002702 (0x01c404a3) sb      t3, 9(s0)
core   0: 3 0x80002702 (0x01c404a3) mem 0x80010cf1 0x73
core   0: 0x80002706 (0x00940583) lb      a1, 9(s0)
core   0: 3 0x80002706 (0x00940583) x11 0x00000073 mem 0x80010cf1
core   0: 0x8000270a (0x02cefe33) remu    t3, t4, a2
core   0: 3 0x8000270a (0x02cefe33) x28 0x00000008
core   0: 0x8000270e (0x00944e03) lbu     t3, 9(s0)
core   0: 3 0x8000270e (0x00944e03) x28 0x00000073 mem 0x80010cf1
core   0: 0x80002712 (0xf1940683) lb      a3, -231(s0)
core   0: 3 0x80002712 (0xf1940683) x13 0x0000002d mem 0x80010c01
core   0: 0x80002716 (0xf1940503) lb      a0, -231(s0)
core   0: 3 0x80002716 (0xf1940503) x10 0x0000002d mem 0x80010c01
core   0: 0x8000271a (0x00673333) sltu    t1, a4, t1
core   0: 3 0x8000271a (0x00673333) x6  0x00000000
core   0: 0x8000271e (0xaaa37113) andi    sp, t1, -1366
core   0: 3 0x8000271e (0xaaa37113) x2  0x00000000
core   0: 0x80002722 (0xf1940e03) lb      t3, -231(s0)
core   0: 3 0x80002722 (0xf1940e03) x28 0x0000002d mem 0x80010c01
core   0: 0x80002726 (0xf1944903) lbu     s2, -231(s0)
core   0: 3 0x80002726 (0xf1944903) x18 0x0000002d mem 0x80010c01
core   0: 0x8000272a (0x018000ef) jal     pc + 0x18
core   0: 3 0x8000272a (0x018000ef) x1  0x8000272e
core   0: 0x80002742 (0x0060036f) jal     t1, pc + 0x6
core   0: 3 0x80002742 (0x0060036f) x6  0x80002746
core   0: 0x80002748 (0x00003fd5) c.jal   pc - 12
core   0: 3 0x80002748 (0x3fd5) x1  0x8000274a
core   0: 0x8000273c (0xff7ff36f) jal     t1, pc - 0xa
core   0: 3 0x8000273c (0xff7ff36f) x6  0x80002740
core   0: 0x80002732 (0x0000a009) c.j     pc + 2
core   0: 3 0x80002732 (0xa009)
core   0: 0x80002734 (0x0000a019) c.j     pc + 6
core   0: 3 0x80002734 (0xa019)
core   0: 0x8000273a (0x0000bff5) c.j     pc - 4
core   0: 3 0x8000273a (0xbff5)
core   0: 0x80002736 (0x010000ef) jal     pc + 0x10
core   0: 3 0x80002736 (0x010000ef) x1  0x8000273a
core   0: 0x80002746 (0x000037e5) c.jal   pc - 24
core   0: 3 0x80002746 (0x37e5) x1  0x80002748
core   0: 0x8000272e (0x012000ef) jal     pc + 0x12
core   0: 3 0x8000272e (0x012000ef) x1  0x80002732
core   0: 0x80002740 (0x0000a029) c.j     pc + 10
core   0: 3 0x80002740 (0xa029)
core   0: 0x8000274a (0x00008e7d) c.and   a2, a5
core   0: 3 0x8000274a (0x8e7d) x12 0x00000027
core   0: 0x8000274c (0x000009f9) c.addi  s3, 30
core   0: 3 0x8000274c (0x09f9) x19 0x0000006c
core   0: 0x8000274e (0x1ed34393) xori    t2, t1, 493
core   0: 3 0x8000274e (0x1ed34393) x7  0x800026ad
core   0: 0x80002752 (0x03b9f963) bgeu    s3, s11, pc + 50
core   0: 3 0x80002752 (0x03b9f963)
core   0: 0x80002756 (0x01abc7b3) xor     a5, s7, s10
core   0: 3 0x80002756 (0x01abc7b3) x15 0xffffff80
core   0: 0x8000275a (0x020cbcb3) mulhu   s9, s9, zero
core   0: 3 0x8000275a (0x020cbcb3) x25 0x00000000
core   0: 0x8000275e (0x00008d91) c.sub   a1, a2
core   0: 3 0x8000275e (0x8d91) x11 0x0000004c
core   0: 0x80002760 (0x41d1d233) sra     tp, gp, t4
core   0: 3 0x80002760 (0x41d1d233) x4  0xff80018b
core   0: 0x80002764 (0x5c840e13) addi    t3, s0, 1480
core   0: 3 0x80002764 (0x5c840e13) x28 0x800112b0
core   0: 0x80002768 (0x003da0b3) slt     ra, s11, gp
core   0: 3 0x80002768 (0x003da0b3) x1  0x00000000
core   0: 0x8000276c (0x00008dd5) c.or    a1, a3
core   0: 3 0x8000276c (0x8dd5) x11 0x0000006d
core   0: 0x8000276e (0x0082ae33) slt     t3, t0, s0
core   0: 3 0x8000276e (0x0082ae33) x28 0x00000001
core   0: 0x80002772 (0x000085d5) c.srai  a1, 21
core   0: 3 0x80002772 (0x85d5) x11 0x00000000
core   0: 0x80002774 (0x03e07733) remu    a4, zero, t5
core   0: 3 0x80002774 (0x03e07733) x14 0x00000000
core   0: 0x80002778 (0x01129d93) slli    s11, t0, 17
core   0: 3 0x80002778 (0x01129d93) x27 0x4d8c0000
core   0: 0x8000277c (0x00008fe5) c.and   a5, s1
core   0: 3 0x8000277c (0x8fe5) x15 0x00000000
core   0: 0x8000277e (0x00009f4e) c.add   t5, s3
core   0: 3 0x8000277e (0x9f4e) x30 0x0000006e
core   0: 0x80002780 (0x01ab9113) slli    sp, s7, 26
core   0: 3 0x80002780 (0x01ab9113) x2  0x4c000000
core   0: 0x80002784 (0x018df633) and     a2, s11, s8
core   0: 3 0x80002784 (0x018df633) x12 0x00000000
core   0: 0x80002788 (0x0760c113) xori    sp, ra, 118
core   0: 3 0x80002788 (0x0760c113) x2  0x00000076
core   0: 0x8000278c (0x0000833e) c.mv    t1, a5
core   0: 3 0x8000278c (0x833e) x6  0x00000000
core   0: 0x8000278e (0x000085a1) c.srai  a1, 8
core   0: 3 0x8000278e (0x85a1) x11 0x00000000
core   0: 0x80002790 (0x69426913) ori     s2, tp, 1684
core   0: 3 0x80002790 (0x69426913) x18 0xff80079f
core   0: 0x80002794 (0x00008e79) c.and   a2, a4
core   0: 3 0x80002794 (0x8e79) x12 0x00000000
core   0: 0x80002796 (0x00008dc9) c.or    a1, a0
core   0: 3 0x80002796 (0x8dc9) x11 0x0000002d
core   0: 0x80002798 (0x00000001) c.nop
core   0: 3 0x80002798 (0x0001)
core   0: 0x8000279a (0x039c6863) bltu    s8, s9, pc + 48
core   0: 3 0x8000279a (0x039c6863)
core   0: 0x8000279e (0x00004875) c.li    a6, 29
core   0: 3 0x8000279e (0x4875) x16 0x0000001d
core   0: 0x800027a0 (0xd2590c93) addi    s9, s2, -731
core   0: 3 0x800027a0 (0xd2590c93) x25 0xff8004c4
core   0: 0x800027a4 (0x03574363) blt     a4, s5, pc + 38
core   0: 3 0x800027a4 (0x03574363)
core   0: 0x800027ca (0x00651993) slli    s3, a0, 6
core   0: 3 0x800027ca (0x00651993) x19 0x00000b40
core   0: 0x800027ce (0x00008d81) c.sub   a1, s0
core   0: 3 0x800027ce (0x8d81) x11 0x7ffef345
core   0: 0x800027d0 (0x0026acb3) slt     s9, a3, sp
core   0: 3 0x800027d0 (0x0026acb3) x25 0x00000001
core   0: 0x800027d4 (0x00008de5) c.and   a1, s1
core   0: 3 0x800027d4 (0x8de5) x11 0x00000001
core   0: 0x800027d6 (0x1f967693) andi    a3, a2, 505
core   0: 3 0x800027d6 (0x1f967693) x13 0x00000000
core   0: 0x800027da (0x7e5ede37) lui     t3, 0x7e5ed
core   0: 3 0x800027da (0x7e5ede37) x28 0x7e5ed000
core   0: 0x800027de (0x011f6e63) bltu    t5, a7, pc + 28
core   0: 3 0x800027de (0x011f6e63)
core   0: 0x800027fa (0x01bc1763) bne     s8, s11, pc + 14
core   0: 3 0x800027fa (0x01bc1763)
core   0: 0x80002808 (0x03f3d633) divu    a2, t2, t6
core   0: 3 0x80002808 (0x03f3d633) x12 0x00000000
core   0: 0x8000280c (0x00006319) c.lui   t1, 0x6
core   0: 3 0x8000280c (0x6319) x6  0x00006000
core   0: 0x8000280e (0x03416b63) bltu    sp, s4, pc + 54
core   0: 3 0x8000280e (0x03416b63)
core   0: 0x80002844 (0x02094db3) div     s11, s2, zero
core   0: 3 0x80002844 (0x02094db3) x27 0xffffffff
core   0: 0x80002848 (0x00008fd5) c.or    a5, a3
core   0: 3 0x80002848 (0x8fd5) x15 0x00000000
core   0: 0x8000284a (0x01c70933) add     s2, a4, t3
core   0: 3 0x8000284a (0x01c70933) x18 0x7e5ed000
core   0: 0x8000284e (0x018434b3) sltu    s1, s0, s8
core   0: 3 0x8000284e (0x018434b3) x9  0x00000001
core   0: 0x80002852 (0x037891b3) mulh    gp, a7, s7
core   0: 3 0x80002852 (0x037891b3) x3  0xffffffff
core   0: 0x80002856 (0x01d43533) sltu    a0, s0, t4
core   0: 3 0x80002856 (0x01d43533) x10 0x00000000
core   0: 0x8000285a (0x011f5cb3) srl     s9, t5, a7
core   0: 3 0x8000285a (0x011f5cb3) x25 0x00000000
core   0: 0x8000285e (0x0000059d) c.addi  a1, 7
core   0: 3 0x8000285e (0x059d) x11 0x00000008
core   0: 0x80002860 (0x0000117d) c.addi  sp, -1
core   0: 3 0x80002860 (0x117d) x2  0x00000075
core   0: 0x80002862 (0x001a73b3) and     t2, s4, ra
core   0: 3 0x80002862 (0x001a73b3) x7  0x00000000
core   0: 0x80002866 (0x410bde13) srai    t3, s7, 16
core   0: 3 0x80002866 (0x410bde13) x28 0xffffffff
core   0: 0x8000286a (0x00008fb5) c.xor   a5, a3
core   0: 3 0x8000286a (0x8fb5) x15 0x00000000
core   0: 0x8000286c (0x00004245) c.li    tp, 17
core   0: 3 0x8000286c (0x4245) x4  0x00000011
core   0: 0x8000286e (0x00008cf9) c.and   s1, a4
core   0: 3 0x8000286e (0x8cf9) x9  0x00000000
core   0: 0x80002870 (0x00008e95) c.sub   a3, a3
core   0: 3 0x80002870 (0x8e95) x13 0x00000000
core   0: 0x80002872 (0x01719433) sll     s0, gp, s7
core   0: 3 0x80002872 (0x01719433) x8  0xfff80000
core   0: 0x80002876 (0x032006b3) mul     a3, zero, s2
core   0: 3 0x80002876 (0x032006b3) x13 0x00000000
core   0: 0x8000287a (0x0164f9b3) and     s3, s1, s6
core   0: 3 0x8000287a (0x0164f9b3) x19 0x00000000
core   0: 0x8000287e (0x00008619) c.srai  a2, 6
core   0: 3 0x8000287e (0x8619) x12 0x00000000
core   0: 0x80002880 (0xd0776d13) ori     s10, a4, -761
core   0: 3 0x80002880 (0xd0776d13) x26 0xfffffd07
core   0: 0x80002884 (0x01a66633) or      a2, a2, s10
core   0: 3 0x80002884 (0x01a66633) x12 0xfffffd07
core   0: 0x80002888 (0x00006095) c.lui   ra, 0x5
core   0: 3 0x80002888 (0x6095) x1  0x00005000
core   0: 0x8000288a (0x2d93a193) slti    gp, t2, 729
core   0: 3 0x8000288a (0x2d93a193) x3  0x00000001
core   0: 0x8000288e (0x015405b3) add     a1, s0, s5
core   0: 3 0x8000288e (0x015405b3) x11 0xfff8002e
core   0: 0x80002892 (0x0000e917) auipc   s2, 0xe
core   0: 3 0x80002892 (0x0000e917) x18 0x80010892
core   0: 0x80002896 (0x10a90913) addi    s2, s2, 266
core   0: 3 0x80002896 (0x10a90913) x18 0x8001099c
core   0: 0x8000289a (0xfe294283) lbu     t0, -30(s2)
core   0: 3 0x8000289a (0xfe294283) x5  0x000000e5 mem 0x8001097e
core   0: 0x8000289e (0xfe194b83) lbu     s7, -31(s2)
core   0: 3 0x8000289e (0xfe194b83) x23 0x0000002e mem 0x8001097d
core   0: 0x800028a2 (0xfdb94d83) lbu     s11, -37(s2)
core   0: 3 0x800028a2 (0xfdb94d83) x27 0x00000091 mem 0x80010977
core   0: 0x800028a6 (0xfd990523) sb      s9, -54(s2)
core   0: 3 0x800028a6 (0xfd990523) mem 0x80010966 0x00
core   0: 0x800028aa (0x03994803) lbu     a6, 57(s2)
core   0: 3 0x800028aa (0x03994803) x16 0x00000086 mem 0x800109d5
core   0: 0x800028ae (0xfe9905a3) sb      s1, -21(s2)
core   0: 3 0x800028ae (0xfe9905a3) mem 0x80010987 0x00
core   0: 0x800028b2 (0x0195d693) srli    a3, a1, 25
core   0: 3 0x800028b2 (0x0195d693) x13 0x0000007f
core   0: 0x800028b6 (0x01d94b03) lbu     s6, 29(s2)
core   0: 3 0x800028b6 (0x01d94b03) x22 0x0000001d mem 0x800109b9
core   0: 0x800028ba (0x03090da3) sb      a6, 59(s2)
core   0: 3 0x800028ba (0x03090da3) mem 0x800109d7 0x86
core   0: 0x800028be (0x034900a3) sb      s4, 33(s2)
core   0: 3 0x800028be (0x034900a3) mem 0x800109bd 0x48
core   0: 0x800028c2 (0xff090f23) sb      a6, -2(s2)
core   0: 3 0x800028c2 (0xff090f23) mem 0x8001099a 0x86
core   0: 0x800028c6 (0xfe194d83) lbu     s11, -31(s2)
core   0: 3 0x800028c6 (0xfe194d83) x27 0x0000002e mem 0x8001097d
core   0: 0x800028ca (0x00009f4a) c.add   t5, s2
core   0: 3 0x800028ca (0x9f4a) x30 0x80010a0a
core   0: 0x800028cc (0xfc495103) lhu     sp, -60(s2)
core   0: 3 0x800028cc (0xfc495103) x2  0x00006d54 mem 0x80010960
core   0: 0x800028d0 (0xff290c83) lb      s9, -14(s2)
core   0: 3 0x800028d0 (0xff290c83) x25 0xfffffffc mem 0x8001098e
core   0: 0x800028d4 (0x1ad97293) andi    t0, s2, 429
core   0: 3 0x800028d4 (0x1ad97293) x5  0x0000018c
core   0: 0x800028d8 (0x028d50b3) divu    ra, s10, s0
core   0: 3 0x800028d8 (0x028d50b3) x1  0x00000001
core   0: 0x800028dc (0x00001d04) c.addi4spn s1, sp, 688
core   0: 3 0x800028dc (0x1d04) x9  0x00007004
core   0: 0x800028de (0x40c25013) srai    zero, tp, 12
core   0: 3 0x800028de (0x40c25013)
core   0: 0x800028e2 (0x01b94d83) lbu     s11, 27(s2)
core   0: 3 0x800028e2 (0x01b94d83) x27 0x00000079 mem 0x800109b7
core   0: 0x800028e6 (0x02e90883) lb      a7, 46(s2)
core   0: 3 0x800028e6 (0x02e90883) x17 0x00000078 mem 0x800109ca
core   0: 0x800028ea (0x00008f09) c.sub   a4, a0
core   0: 3 0x800028ea (0x8f09) x14 0x00000000
core   0: 0x800028ec (0xfe4906a3) sb      tp, -19(s2)
core   0: 3 0x800028ec (0xfe4906a3) mem 0x80010989 0x11
core   0: 0x800028f0 (0xfe194703) lbu     a4, -31(s2)
core   0: 3 0x800028f0 (0xfe194703) x14 0x0000002e mem 0x8001097d
core   0: 0x800028f4 (0x02490633) mul     a2, s2, tp
core   0: 3 0x800028f4 (0x02490633) x12 0x8011a35c
core   0: 0x800028f8 (0x02d90a83) lb      s5, 45(s2)
core   0: 3 0x800028f8 (0x02d90a83) x21 0xffffffcc mem 0x800109c9
core   0: 0x800028fc (0x01590d83) lb      s11, 21(s2)
core   0: 3 0x800028fc (0x01590d83) x27 0xffffffc6 mem 0x800109b1
core   0: 0x80002900 (0x01b9cbb3) xor     s7, s3, s11
core   0: 3 0x80002900 (0x01b9cbb3) x23 0xffffffc6
core   0: 0x80002904 (0x03490ea3) sb      s4, 61(s2)
core   0: 3 0x80002904 (0x03490ea3) mem 0x800109d9 0x48
core   0: 0x80002908 (0x031c6433) rem     s0, s8, a7
core   0: 3 0x80002908 (0x031c6433) x8  0xffffff94
core   0: 0x8000290c (0x03e94b83) lbu     s7, 62(s2)
core   0: 3 0x8000290c (0x03e94b83) x23 0x00000002 mem 0x800109da
core   0: 0x80002910 (0x41ec5ab3) sra     s5, s8, t5
core   0: 3 0x80002910 (0x41ec5ab3) x21 0xffe00097
core   0: 0x80002914 (0x00006875) c.lui   a6, 0x1d
core   0: 3 0x80002914 (0x6875) x16 0x0001d000
core   0: 0x80002916 (0xffa90da3) sb      s10, -5(s2)
core   0: 3 0x80002916 (0xffa90da3) mem 0x80010997 0x07
core   0: 0x8000291a (0x00e95383) lhu     t2, 14(s2)
core   0: 3 0x8000291a (0x00e95383) x7  0x00006d56 mem 0x800109aa
core   0: 0x8000291e (0x00008cc9) c.or    s1, a0
core   0: 3 0x8000291e (0x8cc9) x9  0x00007004
core   0: 0x80002920 (0x012f1f33) sll     t5, t5, s2
core   0: 3 0x80002920 (0x012f1f33) x30 0xa0000000
core   0: 0x80002924 (0x01491583) lh      a1, 20(s2)
core   0: 3 0x80002924 (0x01491583) x11 0xffffc661 mem 0x800109b0
core   0: 0x80002928 (0x03490923) sb      s4, 50(s2)
core   0: 3 0x80002928 (0x03490923) mem 0x800109ce 0x48
core   0: 0x8000292c (0x0361ddb3) divu    s11, gp, s6
core   0: 3 0x8000292c (0x0361ddb3) x27 0x00000000
core   0: 0x80002930 (0x02f90803) lb      a6, 47(s2)
core   0: 3 0x80002930 (0x02f90803) x16 0xffffffa3 mem 0x800109cb
core   0: 0x80002934 (0xfea13693) sltiu   a3, sp, -22
core   0: 3 0x80002934 (0xfea13693) x13 0x00000001
core   0: 0x80002938 (0x02694383) lbu     t2, 38(s2)
core   0: 3 0x80002938 (0x02694383) x7  0x00000021 mem 0x800109c2
core   0: 0x8000293c (0x019c7e33) and     t3, s8, s9
core   0: 3 0x8000293c (0x019c7e33) x28 0x80025ea4
core   0: 0x80002940 (0x02fa7d33) remu    s10, s4, a5
core   0: 3 0x80002940 (0x02fa7d33) x26 0x00000348
core   0: 0x80002944 (0x0000800d) c.srli  s0, 3
core   0: 3 0x80002944 (0x800d) x8  0x1ffffff2
core   0: 0x80002946 (0x7933fb93) andi    s7, t2, 1939
core   0: 3 0x80002946 (0x7933fb93) x23 0x00000001
core   0: 0x8000294a (0x419808b3) sub     a7, a6, s9
core   0: 3 0x8000294a (0x419808b3) x17 0xffffffa7
core   0: 0x8000294e (0xd7ce6793) ori     a5, t3, -644
core   0: 3 0x8000294e (0xd7ce6793) x15 0xfffffffc
core   0: 0x80002952 (0x0393ed33) rem     s10, t2, s9
core   0: 3 0x80002952 (0x0393ed33) x26 0x00000001
core   0: 0x80002956 (0x00006a05) c.lui   s4, 0x1
core   0: 3 0x80002956 (0x6a05) x20 0x00001000
core   0: 0x80002958 (0x00005bfd) c.li    s7, -1
core   0: 3 0x80002958 (0x5bfd) x23 0xffffffff
core   0: 0x8000295a (0x00009bbe) c.add   s7, a5
core   0: 3 0x8000295a (0x9bbe) x23 0xfffffffb
core   0: 0x8000295c (0x000087a6) c.mv    a5, s1
core   0: 3 0x8000295c (0x87a6) x15 0x00007004
core   0: 0x8000295e (0x01918a33) add     s4, gp, s9
core   0: 3 0x8000295e (0x01918a33) x20 0xfffffffd
core   0: 0x80002962 (0x0000c3bd) c.beqz  a5, pc + 102
core   0: 3 0x80002962 (0xc3bd)
core   0: 0x80002964 (0x03d1d4b3) divu    s1, gp, t4
core   0: 3 0x80002964 (0x03d1d4b3) x9  0x00000000
core   0: 0x80002968 (0x06d7f063) bgeu    a5, a3, pc + 96
core   0: 3 0x80002968 (0x06d7f063)
core   0: 0x800029c8 (0x378d8e13) addi    t3, s11, 888
core   0: 3 0x800029c8 (0x378d8e13) x28 0x00000378
core   0: 0x800029cc (0x0000010c) c.addi4spn a1, sp, 128
core   0: 3 0x800029cc (0x010c) x11 0x00006dd4
core   0: 0x800029ce (0x0000887e) c.mv    a6, t6
core   0: 3 0x800029ce (0x887e) x16 0x80029d24
core   0: 0x800029d0 (0x0368a733) mulhsu  a4, a7, s6
core   0: 3 0x800029d0 (0x0368a733) x14 0xffffffff
core   0: 0x800029d4 (0x0490c263) blt     ra, s1, pc + 68
core   0: 3 0x800029d4 (0x0490c263)
core   0: 0x800029d8 (0x4b26aa13) slti    s4, a3, 1202
core   0: 3 0x800029d8 (0x4b26aa13) x20 0x00000001
core   0: 0x800029dc (0x001a1233) sll     tp, s4, ra
core   0: 3 0x800029dc (0x001a1233) x4  0x00000002
core   0: 0x800029e0 (0x0000ed09) c.bnez  a0, pc + 26
core   0: 3 0x800029e0 (0xed09)
core   0: 0x800029e2 (0x02eb7763) bgeu    s6, a4, pc + 46
core   0: 3 0x800029e2 (0x02eb7763)
core   0: 0x800029e6 (0x00008e69) c.and   a2, a0
core   0: 3 0x800029e6 (0x8e69) x12 0x00000000
core   0: 0x800029e8 (0x02cc1b63) bne     s8, a2, pc + 54
core   0: 3 0x800029e8 (0x02cc1b63)
core   0: 0x80002a1e (0x00008d71) c.and   a0, a2
core   0: 3 0x80002a1e (0x8d71) x10 0x00000000
core   0: 0x80002a20 (0x016ad863) bge     s5, s6, pc + 16
core   0: 3 0x80002a20 (0x016ad863)
core   0: 0x80002a24 (0x00008e51) c.or    a2, a2
core   0: 3 0x80002a24 (0x8e51) x12 0x00000000
core   0: 0x80002a26 (0x0000e495) c.bnez  s1, pc + 44
core   0: 3 0x80002a26 (0xe495)
core   0: 0x80002a28 (0x5c396837) lui     a6, 0x5c396
core   0: 3 0x80002a28 (0x5c396837) x16 0x5c396000
core   0: 0x80002a2c (0x01b34133) xor     sp, t1, s11
core   0: 3 0x80002a2c (0x01b34133) x2  0x00006000
core   0: 0x80002a30 (0x0000954a) c.add   a0, s2
core   0: 3 0x80002a30 (0x954a) x10 0x8001099c
core   0: 0x80002a32 (0x02438e33) mul     t3, t2, tp
core   0: 3 0x80002a32 (0x02438e33) x28 0x00000042
core   0: 0x80002a36 (0x00a88863) beq     a7, a0, pc + 16
core   0: 3 0x80002a36 (0x00a88863)
core   0: 0x80002a3a (0x01fe1bb3) sll     s7, t3, t6
core   0: 3 0x80002a3a (0x01fe1bb3) x23 0x00000420
core   0: 0x80002a3e (0x00000451) c.addi  s0, 20
core   0: 3 0x80002a3e (0x0451) x8  0x20000006
core   0: 0x80002a40 (0x00008fa1) c.xor   a5, s0
core   0: 3 0x80002a40 (0x8fa1) x15 0x20007002
core   0: 0x80002a42 (0x3d98dd37) lui     s10, 0x3d98d
core   0: 3 0x80002a42 (0x3d98dd37) x26 0x3d98d000
core   0: 0x80002a46 (0x02668663) beq     a3, t1, pc + 44
core   0: 3 0x80002a46 (0x02668663)
core   0: 0x80002a4a (0x03155933) divu    s2, a0, a7
core   0: 3 0x80002a4a (0x03155933) x18 0x00000000
core   0: 0x80002a4e (0x00000688) c.addi4spn a0, sp, 832
core   0: 3 0x80002a4e (0x0688) x10 0x00006340
core   0: 0x80002a50 (0x00008391) c.srli  a5, 4
core   0: 3 0x80002a50 (0x8391) x15 0x02000700
core   0: 0x80002a52 (0x00006165) c.addi16sp sp, 112
core   0: 3 0x80002a52 (0x6165) x2  0x00006070
core   0: 0x80002a54 (0xe67ce813) ori     a6, s9, -409
core   0: 3 0x80002a54 (0xe67ce813) x16 0xffffffff
core   0: 0x80002a58 (0x000009e6) c.slli  s3, 25
core   0: 3 0x80002a58 (0x09e6) x19 0x00000000
core   0: 0x80002a5a (0x00008d5d) c.or    a0, a5
core   0: 3 0x80002a5a (0x8d5d) x10 0x02006740
core   0: 0x80002a5c (0x03656163) bltu    a0, s6, pc + 34
core   0: 3 0x80002a5c (0x03656163)
core   0: 0x80002a60 (0x0152a2b3) slt     t0, t0, s5
core   0: 3 0x80002a60 (0x0152a2b3) x5  0x00000000
core   0: 0x80002a64 (0x01f84f33) xor     t5, a6, t6
core   0: 3 0x80002a64 (0x01f84f33) x30 0x7ffd62db
core   0: 0x80002a68 (0x01e91333) sll     t1, s2, t5
core   0: 3 0x80002a68 (0x01e91333) x6  0x00000000
core   0: 0x80002a6c (0x00008f71) c.and   a4, a2
core   0: 3 0x80002a6c (0x8f71) x14 0x00000000
core   0: 0x80002a6e (0x00d81963) bne     a6, a3, pc + 18
core   0: 3 0x80002a6e (0x00d81963)
core   0: 0x80002a80 (0x000085c1) c.srai  a1, 16
core   0: 3 0x80002a80 (0x85c1) x11 0x00000000
core   0: 0x80002a82 (0x019a8d33) add     s10, s5, s9
core   0: 3 0x80002a82 (0x019a8d33) x26 0xffe00093
core   0: 0x80002a86 (0x00008c39) c.xor   s0, a4
core   0: 3 0x80002a86 (0x8c39) x8  0x20000006
core   0: 0x80002a88 (0x00008486) c.mv    s1, ra
core   0: 3 0x80002a88 (0x8486) x9  0x00000001
core   0: 0x80002a8a (0x0128ef63) bltu    a7, s2, pc + 30
core   0: 3 0x80002a8a (0x0128ef63)
core   0: 0x80002a8e (0x00000001) c.nop
core   0: 3 0x80002a8e (0x0001)
core   0: 0x80002a90 (0x000056fd) c.li    a3, -1
core   0: 3 0x80002a90 (0x56fd) x13 0xffffffff
core   0: 0x80002a92 (0x000007d6) c.slli  a5, 21
core   0: 3 0x80002a92 (0x07d6) x15 0xe0000000
core   0: 0x80002a94 (0xe0185837) lui     a6, 0xe0185
core   0: 3 0x80002a94 (0xe0185837) x16 0xe0185000
core   0: 0x80002a98 (0x00000001) c.nop
core   0: 3 0x80002a98 (0x0001)
core   0: 0x80002a9a (0x03c6ab33) mulhsu  s6, a3, t3
core   0: 3 0x80002a9a (0x03c6ab33) x22 0xffffffff
core   0: 0x80002a9e (0x00008ced) c.and   s1, a1
core   0: 3 0x80002a9e (0x8ced) x9  0x00000000
core   0: 0x80002aa0 (0x01e611b3) sll     gp, a2, t5
core   0: 3 0x80002aa0 (0x01e611b3) x3  0x00000000
core   0: 0x80002aa4 (0x83bf2b13) slti    s6, t5, -1989
core   0: 3 0x80002aa4 (0x83bf2b13) x22 0x00000000
core   0: 0x80002aa8 (0x022492b3) mulh    t0, s1, sp
core   0: 3 0x80002aa8 (0x022492b3) x5  0x00000000
core   0: 0x80002aac (0x00006155) c.addi16sp sp, 304
core   0: 3 0x80002aac (0x6155) x2  0x000061a0
core   0: 0x80002aae (0x4d156493) ori     s1, a0, 1233
core   0: 3 0x80002aae (0x4d156493) x9  0x020067d1
core   0: 0x80002ab2 (0x00e2e2b3) or      t0, t0, a4
core   0: 3 0x80002ab2 (0x00e2e2b3) x5  0x00000000
core   0: 0x80002ab6 (0x01d7d313) srli    t1, a5, 29
core   0: 3 0x80002ab6 (0x01d7d313) x6  0x00000007
core   0: 0x80002aba (0x01015f33) srl     t5, sp, a6
core   0: 3 0x80002aba (0x01015f33) x30 0x000061a0
core   0: 0x80002abe (0x029b6063) bltu    s6, s1, pc + 32
core   0: 3 0x80002abe (0x029b6063)
core   0: 0x80002ade (0x06ba4d63) blt     s4, a1, pc + 122
core   0: 3 0x80002ade (0x06ba4d63)
core   0: 0x80002ae2 (0x000080a9) c.srli  s1, 10
core   0: 3 0x80002ae2 (0x80a9) x9  0x00008019
core   0: 0x80002ae4 (0x40a98cb3) sub     s9, s3, a0
core   0: 3 0x80002ae4 (0x40a98cb3) x25 0xfdff98c0
core   0: 0x80002ae8 (0x09df6763) bltu    t5, t4, pc + 142
core   0: 3 0x80002ae8 (0x09df6763)
core   0: 0x80002aec (0x0000e117) auipc   sp, 0xe
core   0: 3 0x80002aec (0x0000e117) x2  0x80010aec
core   0: 0x80002af0 (0xf9b10113) addi    sp, sp, -101
core   0: 3 0x80002af0 (0xf9b10113) x2  0x80010a87
core   0: 0x80002af4 (0xf1814303) lbu     t1, -232(sp)
core   0: 3 0x80002af4 (0xf1814303) x6  0x00000000 mem 0x8001099f
core   0: 0x80002af8 (0xf1814e03) lbu     t3, -232(sp)
core   0: 3 0x80002af8 (0xf1814e03) x28 0x00000000 mem 0x8001099f
core   0: 0x80002afc (0xa3e10c83) lb      s9, -1474(sp)
core   0: 3 0x80002afc (0xa3e10c83) x25 0xffffffb3 mem 0x800104c5
core   0: 0x80002b00 (0xd3112aa3) sw      a7, -715(sp)
core   0: 3 0x80002b00 (0xd3112aa3) mem 0x800107bc 0xffffffa7
core   0: 0x80002b04 (0xd3c11aa3) sh      t3, -715(sp)
core   0: 3 0x80002b04 (0xd3c11aa3) mem 0x800107bc 0x0000
core   0: 0x80002b08 (0xb16103a3) sb      s6, -1273(sp)
core   0: 3 0x80002b08 (0xb16103a3) mem 0x8001058e 0x00
core   0: 0x80002b0c (0xb17113a3) sh      s7, -1273(sp)
core   0: 3 0x80002b0c (0xb17113a3) mem 0x8001058e 0x0420
core   0: 0x80002b10 (0xd6f10fa3) sb      a5, -641(sp)
core   0: 3 0x80002b10 (0xd6f10fa3) mem 0x80010806 0x00
core   0: 0x80002b14 (0x00000001) c.nop
core   0: 3 0x80002b14 (0x0001)
core   0: 0x80002b16 (0xd7a10fa3) sb      s10, -641(sp)
core   0: 3 0x80002b16 (0xd7a10fa3) mem 0x80010806 0x93
core   0: 0x80002b1a (0x4f310023) sb      s3, 1248(sp)
core   0: 3 0x80002b1a (0x4f310023) mem 0x80010f67 0x00
core   0: 0x80002b1e (0xc3411ea3) sh      s4, -963(sp)
core   0: 3 0x80002b1e (0xc3411ea3) mem 0x800106c4 0x0001
core   0: 0x80002b22 (0xe55126a3) sw      s5, -435(sp)
core   0: 3 0x80002b22 (0xe55126a3) mem 0x800108d4 0xffe00097
core   0: 0x80002b26 (0xe4d10a83) lb      s5, -435(sp)
core   0: 3 0x80002b26 (0xe4d10a83) x21 0xffffff97 mem 0x800108d4
core   0: 0x80002b2a (0xbb814883) lbu     a7, -1096(sp)
core   0: 3 0x80002b2a (0xbb814883) x17 0x000000f0 mem 0x8001063f
core   0: 0x80002b2e (0x05411fa3) sh      s4, 95(sp)
core   0: 3 0x80002b2e (0x05411fa3) mem 0x80010ae6 0x0001
core   0: 0x80002b32 (0xbcf11703) lh      a4, -1073(sp)
core   0: 3 0x80002b32 (0xbcf11703) x14 0xffffef56 mem 0x80010656
core   0: 0x80002b36 (0x01209833) sll     a6, ra, s2
core   0: 3 0x80002b36 (0x01209833) x16 0x00000001
core   0: 0x80002b3a (0x0000810d) c.srli  a0, 3
core   0: 3 0x80002b3a (0x810d) x10 0x00400ce8
core   0: 0x80002b3c (0x36558117) auipc   sp, 0x36558
core   0: 3 0x80002b3c (0x36558117) x2  0xb655ab3c
core   0: 0x80002b40 (0x4171de13) srai    t3, gp, 23
core   0: 3 0x80002b40 (0x4171de13) x28 0x00000000
core   0: 0x80002b44 (0x000081be) c.mv    gp, a5
core   0: 3 0x80002b44 (0x81be) x3  0xe0000000
core   0: 0x80002b46 (0x0000cb19) c.beqz  a4, pc + 22
core   0: 3 0x80002b46 (0xcb19)
core   0: 0x80002b48 (0x03502233) mulhsu  tp, zero, s5
core   0: 3 0x80002b48 (0x03502233) x4  0x00000000
core   0: 0x80002b4c (0xaec6b8b7) lui     a7, 0xaec6b
core   0: 3 0x80002b4c (0xaec6b8b7) x17 0xaec6b000
core   0: 0x80002b50 (0x00efd663) bge     t6, a4, pc + 12
core   0: 3 0x80002b50 (0x00efd663)
core   0: 0x80002b54 (0x00009bd2) c.add   s7, s4
core   0: 3 0x80002b54 (0x9bd2) x23 0x00000421
core   0: 0x80002b56 (0x0000630d) c.lui   t1, 0x3
core   0: 3 0x80002b56 (0x630d) x6  0x00003000
core   0: 0x80002b58 (0x019eca63) blt     t4, s9, pc + 20
core   0: 3 0x80002b58 (0x019eca63)
core   0: 0x80002b5c (0x01ee5513) srli    a0, t3, 30
core   0: 3 0x80002b5c (0x01ee5513) x10 0x00000000
core   0: 0x80002b60 (0x009d39b3) sltu    s3, s10, s1
core   0: 3 0x80002b60 (0x009d39b3) x19 0x00000000
core   0: 0x80002b64 (0x40868433) sub     s0, a3, s0
core   0: 3 0x80002b64 (0x40868433) x8  0xdffffff9
core   0: 0x80002b68 (0x03064263) blt     a2, a6, pc + 36
core   0: 3 0x80002b68 (0x03064263)
core   0: 0x80002b8c (0x0329e563) bltu    s3, s2, pc + 42
core   0: 3 0x80002b8c (0x0329e563)
core   0: 0x80002b90 (0x004a8f63) beq     s5, tp, pc + 30
core   0: 3 0x80002b90 (0x004a8f63)
core   0: 0x80002b94 (0x0301a1b3) mulhsu  gp, gp, a6
core   0: 3 0x80002b94 (0x0301a1b3) x3  0xffffffff
core   0: 0x80002b98 (0x03c81cb3) mulh    s9, a6, t3
core   0: 3 0x80002b98 (0x03c81cb3) x25 0x00000000
core   0: 0x80002b9c (0x00008fe9) c.and   a5, a0
core   0: 3 0x80002b9c (0x8fe9) x15 0x00000000
core   0: 0x80002b9e (0x03b5f563) bgeu    a1, s11, pc + 42
core   0: 3 0x80002b9e (0x03b5f563)
core   0: 0x80002bc8 (0x41340f33) sub     t5, s0, s3
core   0: 3 0x80002bc8 (0x41340f33) x30 0xdffffff9
core   0: 0x80002bcc (0x00004f55) c.li    t5, 21
core   0: 3 0x80002bcc (0x4f55) x30 0x00000015
core   0: 0x80002bce (0x022bcdb3) div     s11, s7, sp
core   0: 3 0x80002bce (0x022bcdb3) x27 0x00000000
core   0: 0x80002bd2 (0x00cf53b3) srl     t2, t5, a2
core   0: 3 0x80002bd2 (0x00cf53b3) x7  0x00000015
core   0: 0x80002bd6 (0x0000094a) c.slli  s2, 18
core   0: 3 0x80002bd6 (0x094a) x18 0x00000000
core   0: 0x80002bd8 (0xb1305b17) auipc   s6, 0xb1305
core   0: 3 0x80002bd8 (0xb1305b17) x22 0x31307bd8
core   0: 0x80002bdc (0x03886133) rem     sp, a6, s8
core   0: 3 0x80002bdc (0x03886133) x2  0x00000001
core   0: 0x80002be0 (0xf9d4bf17) auipc   t5, 0xf9d4b
core   0: 3 0x80002be0 (0xf9d4bf17) x30 0x79d4dbe0
core   0: 0x80002be4 (0x000007ae) c.slli  a5, 11
core   0: 3 0x80002be4 (0x07ae) x15 0x00000000
core   0: 0x80002be6 (0x0343f133) remu    sp, t2, s4
core   0: 3 0x80002be6 (0x0343f133) x2  0x00000000
core   0: 0x80002bea (0x010731b3) sltu    gp, a4, a6
core   0: 3 0x80002bea (0x010731b3) x3  0x00000000
core   0: 0x80002bee (0x1007f213) andi    tp, a5, 256
core   0: 3 0x80002bee (0x1007f213) x4  0x00000000
core   0: 0x80002bf2 (0x00fd7f63) bgeu    s10, a5, pc + 30
core   0: 3 0x80002bf2 (0x00fd7f63)
core   0: 0x80002c10 (0x00e49793) slli    a5, s1, 14
core   0: 3 0x80002c10 (0x00e49793) x15 0x20064000
core   0: 0x80002c14 (0x00008f69) c.and   a4, a0
core   0: 3 0x80002c14 (0x8f69) x14 0x00000000
core   0: 0x80002c16 (0x0000c419) c.beqz  s0, pc + 14
core   0: 3 0x80002c16 (0xc419)
core   0: 0x80002c18 (0x007a9a13) slli    s4, s5, 7
core   0: 3 0x80002c18 (0x007a9a13) x20 0xffffcb80
core   0: 0x80002c1c (0x02390a63) beq     s2, gp, pc + 52
core   0: 3 0x80002c1c (0x02390a63)
core   0: 0x80002c50 (0x000084dd) c.srai  s1, 23
core   0: 3 0x80002c50 (0x84dd) x9  0x00000000
core   0: 0x80002c52 (0x00000e1c) c.addi4spn a5, sp, 784
core   0: 3 0x80002c52 (0x0e1c) x15 0x00000310
core   0: 0x80002c54 (0x01cd9133) sll     sp, s11, t3
core   0: 3 0x80002c54 (0x01cd9133) x2  0x00000000
core   0: 0x80002c58 (0x01350763) beq     a0, s3, pc + 14
core   0: 3 0x80002c58 (0x01350763)
core   0: 0x80002c66 (0x024d1cb3) mulh    s9, s10, tp
core   0: 3 0x80002c66 (0x024d1cb3) x25 0x00000000
core   0: 0x80002c6a (0x005255b3) srl     a1, tp, t0
core   0: 3 0x80002c6a (0x005255b3) x11 0x00000000
core   0: 0x80002c6e (0x00008e2d) c.xor   a2, a1
core   0: 3 0x80002c6e (0x8e2d) x12 0x00000000
core   0: 0x80002c70 (0x1f052913) slti    s2, a0, 496
core   0: 3 0x80002c70 (0x1f052913) x18 0x00000001
core   0: 0x80002c74 (0x00008da9) c.xor   a1, a0
core   0: 3 0x80002c74 (0x8da9) x11 0x00000000
core   0: 0x80002c76 (0xdf460617) auipc   a2, 0xdf460
core   0: 3 0x80002c76 (0xdf460617) x12 0x5f462c76
core   0: 0x80002c7a (0x000012fd) c.addi  t0, -1
core   0: 3 0x80002c7a (0x12fd) x5  0xffffffff
core   0: 0x80002c7c (0x411ed733) sra     a4, t4, a7
core   0: 3 0x80002c7c (0x411ed733) x14 0x00000008
core   0: 0x80002c80 (0x41108933) sub     s2, ra, a7
core   0: 3 0x80002c80 (0x41108933) x18 0x51395001
core   0: 0x80002c84 (0x0000717d) c.addi16sp sp, -16
core   0: 3 0x80002c84 (0x717d) x2  0xfffffff0
core   0: 0x80002c86 (0x03e8b633) mulhu   a2, a7, t5
core   0: 3 0x80002c86 (0x03e8b633) x12 0x532d3bd6
core   0: 0x80002c8a (0x01267b63) bgeu    a2, s2, pc + 22
core   0: 3 0x80002c8a (0x01267b63)
core   0: 0x80002ca0 (0x0160b6b3) sltu    a3, ra, s6
core   0: 3 0x80002ca0 (0x0160b6b3) x13 0x00000001
core   0: 0x80002ca4 (0x00009b7d) c.andi  a4, -1
core   0: 3 0x80002ca4 (0x9b7d) x14 0x00000008
core   0: 0x80002ca6 (0x00000001) c.nop
core   0: 3 0x80002ca6 (0x0001)
core   0: 0x80002ca8 (0x032e4033) div     zero, t3, s2
core   0: 3 0x80002ca8 (0x032e4033)
core   0: 0x80002cac (0x03f74cb3) div     s9, a4, t6
core   0: 3 0x80002cac (0x03f74cb3) x25 0x00000000
core   0: 0x80002cb0 (0x00008d45) c.or    a0, s1
core   0: 3 0x80002cb0 (0x8d45) x10 0x00000000
core   0: 0x80002cb2 (0x035b6063) bltu    s6, s5, pc + 32
core   0: 3 0x80002cb2 (0x035b6063)
core   0: 0x80002cd2 (0x01ef8bb3) add     s7, t6, t5
core   0: 3 0x80002cd2 (0x01ef8bb3) x23 0xf9d77904
core   0: 0x80002cd6 (0x005023b3) slt     t2, zero, t0
core   0: 3 0x80002cd6 (0x005023b3) x7  0x00000000
core   0: 0x80002cda (0x03700633) mul     a2, zero, s7
core   0: 3 0x80002cda (0x03700633) x12 0x00000000
core   0: 0x80002cde (0x01729013) slli    zero, t0, 23
core   0: 3 0x80002cde (0x01729013)
core   0: 0x80002ce2 (0x00009cda) c.add   s9, s6
core   0: 3 0x80002ce2 (0x9cda) x25 0x31307bd8
core   0: 0x80002ce4 (0x03a7c463) blt     a5, s10, pc + 40
core   0: 3 0x80002ce4 (0x03a7c463)
core   0: 0x80002ce8 (0x04d19e37) lui     t3, 0x4d19
core   0: 3 0x80002ce8 (0x04d19e37) x28 0x04d19000
core   0: 0x80002cec (0xcc7cc893) xori    a7, s9, -825
core   0: 3 0x80002cec (0xcc7cc893) x17 0xcecf871f
core   0: 0x80002cf0 (0x00005e7d) c.li    t3, -1
core   0: 3 0x80002cf0 (0x5e7d) x28 0xffffffff
core   0: 0x80002cf2 (0x000069bd) c.lui   s3, 0xf
core   0: 3 0x80002cf2 (0x69bd) x19 0x0000f000
core   0: 0x80002cf4 (0x025e06b3) mul     a3, t3, t0
core   0: 3 0x80002cf4 (0x025e06b3) x13 0x00000001
core   0: 0x80002cf8 (0x00e1e033) or      zero, gp, a4
core   0: 3 0x80002cf8 (0x00e1e033)
core   0: 0x80002cfc (0x013e5113) srli    sp, t3, 19
core   0: 3 0x80002cfc (0x013e5113) x2  0x00001fff
core   0: 0x80002d00 (0x00008f11) c.sub   a4, a2
core   0: 3 0x80002d00 (0x8f11) x14 0x00000008
core   0: 0x80002d02 (0x00008dc5) c.or    a1, s1
core   0: 3 0x80002d02 (0x8dc5) x11 0x00000000
core   0: 0x80002d04 (0x00006131) c.addi16sp sp, 320
core   0: 3 0x80002d04 (0x6131) x2  0x0000213f
core   0: 0x80002d06 (0x00000001) c.nop
core   0: 3 0x80002d06 (0x0001)
core   0: 0x80002d08 (0x00ef2033) slt     zero, t5, a4
core   0: 3 0x80002d08 (0x00ef2033)
core   0: 0x80002d0c (0x036c2ab3) mulhsu  s5, s8, s6
core   0: 3 0x80002d0c (0x036c2ab3) x21 0xe76836a4
core   0: 0x80002d10 (0x00008f75) c.and   a4, a3
core   0: 3 0x80002d10 (0x8f75) x14 0x00000000
core   0: 0x80002d12 (0x0024a533) slt     a0, s1, sp
core   0: 3 0x80002d12 (0x0024a533) x10 0x00000001
core   0: 0x80002d16 (0x000086f9) c.srai  a3, 30
core   0: 3 0x80002d16 (0x86f9) x13 0x00000000
core   0: 0x80002d18 (0x73bfb613) sltiu   a2, t6, 1851
core   0: 3 0x80002d18 (0x73bfb613) x12 0x00000000
core   0: 0x80002d1c (0x0000815d) c.srli  a0, 23
core   0: 3 0x80002d1c (0x815d) x10 0x00000000
core   0: 0x80002d1e (0x00009a8a) c.add   s5, sp
core   0: 3 0x80002d1e (0x9a8a) x21 0xe76857e3
core   0: 0x80002d20 (0x4184d613) srai    a2, s1, 24
core   0: 3 0x80002d20 (0x4184d613) x12 0x00000000
core   0: 0x80002d24 (0x0055e633) or      a2, a1, t0
core   0: 3 0x80002d24 (0x0055e633) x12 0xffffffff
core   0: 0x80002d28 (0x0000e0c5) c.bnez  s1, pc + 160
core   0: 3 0x80002d28 (0xe0c5)
core   0: 0x80002d2a (0x00001bfd) c.addi  s7, -1
core   0: 3 0x80002d2a (0x1bfd) x23 0xf9d77903
core   0: 0x80002d2c (0x015efcb3) and     s9, t4, s5
core   0: 3 0x80002d2c (0x015efcb3) x25 0x00000000
core   0: 0x80002d30 (0x00008f99) c.sub   a5, a4
core   0: 3 0x80002d30 (0x8f99) x15 0x00000310
core   0: 0x80002d32 (0x00008371) c.srli  a4, 28
core   0: 3 0x80002d32 (0x8371) x14 0x00000000
core   0: 0x80002d34 (0x00017117) auipc   sp, 0x17
core   0: 3 0x80002d34 (0x00017117) x2  0x80019d34
core   0: 0x80002d38 (0x85210113) addi    sp, sp, -1966
core   0: 3 0x80002d38 (0x85210113) x2  0x80019586
core   0: 0x80002d3c (0x00714f03) lbu     t5, 7(sp)
core   0: 3 0x80002d3c (0x00714f03) x30 0x00000000 mem 0x8001958d
core   0: 0x80002d40 (0x400504b3) sub     s1, a0, zero
core   0: 3 0x80002d40 (0x400504b3) x9  0x00000000
core   0: 0x80002d44 (0x00004579) c.li    a0, 30
core   0: 3 0x80002d44 (0x4579) x10 0x0000001e
core   0: 0x80002d46 (0x00a14283) lbu     t0, 10(sp)
core   0: 3 0x80002d46 (0x00a14283) x5  0x000000a3 mem 0x80019590
core   0: 0x80002d4a (0x00711623) sh      t2, 12(sp)
core   0: 3 0x80002d4a (0x00711623) mem 0x80019592 0x0000
core   0: 0x80002d4e (0xfff10383) lb      t2, -1(sp)
core   0: 3 0x80002d4e (0xfff10383) x7  0x0000004d mem 0x80019585
core   0: 0x80002d52 (0xffa10823) sb      s10, -16(sp)
core   0: 3 0x80002d52 (0xffa10823) mem 0x80019576 0x93
core   0: 0x80002d56 (0x00615203) lhu     tp, 6(sp)
core   0: 3 0x80002d56 (0x00615203) x4  0x000000d9 mem 0x8001958c
core   0: 0x80002d5a (0x016104a3) sb      s6, 9(sp)
core   0: 3 0x80002d5a (0x016104a3) mem 0x8001958f 0xd8
core   0: 0x80002d5e (0x00610023) sb      t1, 0(sp)
core   0: 3 0x80002d5e (0x00610023) mem 0x80019586 0x00
core   0: 0x80002d62 (0x4055d613) srai    a2, a1, 5
core   0: 3 0x80002d62 (0x4055d613) x12 0x00000000
core   0: 0x80002d66 (0x000087b9) c.srai  a5, 14
core   0: 3 0x80002d66 (0x87b9) x15 0x00000000
core   0: 0x80002d68 (0xffc11983) lh      s3, -4(sp)
core   0: 3 0x80002d68 (0xffc11983) x19 0x00006f6c mem 0x80019582
core   0: 0x80002d6c (0xff011f23) sh      a6, -2(sp)
core   0: 3 0x80002d6c (0xff011f23) mem 0x80019584 0x0001
core   0: 0x80002d70 (0x91fa7f13) andi    t5, s4, -1761
core   0: 3 0x80002d70 (0x91fa7f13) x30 0xffffc900
core   0: 0x80002d74 (0xff714903) lbu     s2, -9(sp)
core   0: 3 0x80002d74 (0xff714903) x18 0x00000026 mem 0x8001957d
core   0: 0x80002d78 (0x034adb33) divu    s6, s5, s4
core   0: 3 0x80002d78 (0x034adb33) x22 0x00000000
core   0: 0x80002d7c (0x00965433) srl     s0, a2, s1
core   0: 3 0x80002d7c (0x00965433) x8  0x00000000
core   0: 0x80002d80 (0xfff14183) lbu     gp, -1(sp)
core   0: 3 0x80002d80 (0xfff14183) x3  0x00000000 mem 0x80019585
core   0: 0x80002d84 (0x00011583) lh      a1, 0(sp)
core   0: 3 0x80002d84 (0x00011583) x11 0xffff8800 mem 0x80019586
core   0: 0x80002d88 (0x00e25cb3) srl     s9, tp, a4
core   0: 3 0x80002d88 (0x00e25cb3) x25 0x000000d9
core   0: 0x80002d8c (0xff610ea3) sb      s6, -3(sp)
core   0: 3 0x80002d8c (0xff610ea3) mem 0x80019583 0x00
core   0: 0x80002d90 (0x017886b3) add     a3, a7, s7
core   0: 3 0x80002d90 (0x017886b3) x13 0xc8a70022
core   0: 0x80002d94 (0x5f46a393) slti    t2, a3, 1524
core   0: 3 0x80002d94 (0x5f46a393) x7  0x00000001
core   0: 0x80002d98 (0xff014d83) lbu     s11, -16(sp)
core   0: 3 0x80002d98 (0xff014d83) x27 0x00000093 mem 0x80019576
core   0: 0x80002d9c (0x0000469d) c.li    a3, 7
core   0: 3 0x80002d9c (0x469d) x13 0x00000007
core   0: 0x80002d9e (0x57ce3013) sltiu   zero, t3, 1404
core   0: 3 0x80002d9e (0x57ce3013)
core   0: 0x80002da2 (0x004104a3) sb      tp, 9(sp)
core   0: 3 0x80002da2 (0x004104a3) mem 0x8001958f 0xd9
core   0: 0x80002da6 (0xffa108a3) sb      s10, -15(sp)
core   0: 3 0x80002da6 (0xffa108a3) mem 0x80019577 0x93
core   0: 0x80002daa (0x00710d83) lb      s11, 7(sp)
core   0: 3 0x80002daa (0x00710d83) x27 0x00000000 mem 0x8001958d
core   0: 0x80002dae (0x00949e13) slli    t3, s1, 9
core   0: 3 0x80002dae (0x00949e13) x28 0x00000000
core   0: 0x80002db2 (0x000086d1) c.srai  a3, 20
core   0: 3 0x80002db2 (0x86d1) x13 0x00000000
core   0: 0x80002db4 (0xfe110ea3) sb      ra, -3(sp)
core   0: 3 0x80002db4 (0xfe110ea3) mem 0x80019583 0x01
core   0: 0x80002db8 (0xfff14a03) lbu     s4, -1(sp)
core   0: 3 0x80002db8 (0xfff14a03) x20 0x00000000 mem 0x80019585
core   0: 0x80002dbc (0x02fe1333) mulh    t1, t3, a5
core   0: 3 0x80002dbc (0x02fe1333) x6  0x00000000
core   0: 0x80002dc0 (0x019100a3) sb      s9, 1(sp)
core   0: 3 0x80002dc0 (0x019100a3) mem 0x80019587 0xd9
core   0: 0x80002dc4 (0x003e0633) add     a2, t3, gp
core   0: 3 0x80002dc4 (0x003e0633) x12 0x00000000
core   0: 0x80002dc8 (0x03af7033) remu    zero, t5, s10
core   0: 3 0x80002dc8 (0x03af7033)
core   0: 0x80002dcc (0x02263d33) mulhu   s10, a2, sp
core   0: 3 0x80002dcc (0x02263d33) x26 0x00000000
core   0: 0x80002dd0 (0x01e59813) slli    a6, a1, 30
core   0: 3 0x80002dd0 (0x01e59813) x16 0x00000000
core   0: 0x80002dd4 (0x00f99413) slli    s0, s3, 15
core   0: 3 0x80002dd4 (0x00f99413) x8  0x37b60000
core   0: 0x80002dd8 (0x03740333) mul     t1, s0, s7
core   0: 3 0x80002dd8 (0x03740333) x6  0xad220000
core   0: 0x80002ddc (0x02514db3) div     s11, sp, t0
core   0: 3 0x80002ddc (0x02514db3) x27 0xff36faa3
core   0: 0x80002de0 (0x41255a93) srai    s5, a0, 18
core   0: 3 0x80002de0 (0x41255a93) x21 0x00000000
core   0: 0x80002de4 (0x01754a33) xor     s4, a0, s7
core   0: 3 0x80002de4 (0x01754a33) x20 0xf9d7791d
core   0: 0x80002de8 (0x00006911) c.lui   s2, 0x4
core   0: 3 0x80002de8 (0x6911) x18 0x00004000
core   0: 0x80002dea (0x0000873d) c.srai  a4, 15
core   0: 3 0x80002dea (0x873d) x14 0x00000000
core   0: 0x80002dec (0x01f85a13) srli    s4, a6, 31
core   0: 3 0x80002dec (0x01f85a13) x20 0x00000000
core   0: 0x80002df0 (0x00000001) c.nop
core   0: 3 0x80002df0 (0x0001)
core   0: 0x80002df2 (0x00155863) bge     a0, ra, pc + 16
core   0: 3 0x80002df2 (0x00155863)
core   0: 0x80002e02 (0x00008eed) c.and   a3, a1
core   0: 3 0x80002e02 (0x8eed) x13 0x00000000
core   0: 0x80002e04 (0x000f9e13) slli    t3, t6, 0
core   0: 3 0x80002e04 (0x000f9e13) x28 0x80029d24
core   0: 0x80002e08 (0x0000855d) c.srai  a0, 23
core   0: 3 0x80002e08 (0x855d) x10 0x00000000
core   0: 0x80002e0a (0x00008c01) c.sub   s0, s0
core   0: 3 0x80002e0a (0x8c01) x8  0x00000000
core   0: 0x80002e0c (0x03eb4cb3) div     s9, s6, t5
core   0: 3 0x80002e0c (0x03eb4cb3) x25 0x00000000
core   0: 0x80002e10 (0x01b99113) slli    sp, s3, 27
core   0: 3 0x80002e10 (0x01b99113) x2  0x60000000
core   0: 0x80002e14 (0x0000e709) c.bnez  a4, pc + 10
core   0: 3 0x80002e14 (0xe709)
core   0: 0x80002e16 (0x02364cb3) div     s9, a2, gp
core   0: 3 0x80002e16 (0x02364cb3) x25 0xffffffff
core   0: 0x80002e1a (0x00008e29) c.xor   a2, a0
core   0: 3 0x80002e1a (0x8e29) x12 0x00000000
core   0: 0x80002e1c (0x000094b6) c.add   s1, a3
core   0: 3 0x80002e1c (0x94b6) x9  0x00000000
core   0: 0x80002e1e (0x00008dad) c.xor   a1, a1
core   0: 3 0x80002e1e (0x8dad) x11 0x00000000
core   0: 0x80002e20 (0x000080b9) c.srli  s1, 14
core   0: 3 0x80002e20 (0x80b9) x9  0x00000000
core   0: 0x80002e22 (0x024de133) rem     sp, s11, tp
core   0: 3 0x80002e22 (0x024de133) x2  0xffffffd9
core   0: 0x80002e26 (0x000017fd) c.addi  a5, -1
core   0: 3 0x80002e26 (0x17fd) x15 0xffffffff
core   0: 0x80002e28 (0x02e80033) mul     zero, a6, a4
core   0: 3 0x80002e28 (0x02e80033)
core   0: 0x80002e2c (0x03685a63) bge     a6, s6, pc + 52
core   0: 3 0x80002e2c (0x03685a63)
core   0: 0x80002e60 (0x41b74b93) xori    s7, a4, 1051
core   0: 3 0x80002e60 (0x41b74b93) x23 0x0000041b
core   0: 0x80002e64 (0x0000610d) c.addi16sp sp, 160
core   0: 3 0x80002e64 (0x610d) x2  0x00000079
core   0: 0x80002e66 (0x00001098) c.addi4spn a4, sp, 96
core   0: 3 0x80002e66 (0x1098) x14 0x000000d9
core   0: 0x80002e68 (0x00008351) c.srli  a4, 20
core   0: 3 0x80002e68 (0x8351) x14 0x00000000
core   0: 0x80002e6a (0x02366963) bltu    a2, gp, pc + 50
core   0: 3 0x80002e6a (0x02366963)
core   0: 0x80002e6e (0x75f4bb97) auipc   s7, 0x75f4b
core   0: 3 0x80002e6e (0x75f4bb97) x23 0xf5f4de6e
core   0: 0x80002e72 (0x02445cb3) divu    s9, s0, tp
core   0: 3 0x80002e72 (0x02445cb3) x25 0x00000000
core   0: 0x80002e76 (0x038900b3) mul     ra, s2, s8
core   0: 3 0x80002e76 (0x038900b3) x1  0x97a90000
core   0: 0x80002e7a (0x02d66db3) rem     s11, a2, a3
core   0: 3 0x80002e7a (0x02d66db3) x27 0x00000000
core   0: 0x80002e7e (0x609be313) ori     t1, s7, 1545
core   0: 3 0x80002e7e (0x609be313) x6  0xf5f4de6f
core   0: 0x80002e82 (0x01b19c63) bne     gp, s11, pc + 24
core   0: 3 0x80002e82 (0x01b19c63)
core   0: 0x80002e86 (0x00719cb3) sll     s9, gp, t2
core   0: 3 0x80002e86 (0x00719cb3) x25 0x00000000
core   0: 0x80002e8a (0x03eeef13) ori     t5, t4, 62
core   0: 3 0x80002e8a (0x03eeef13) x30 0x0000003e
core   0: 0x80002e8e (0x00008245) c.srli  a2, 17
core   0: 3 0x80002e8e (0x8245) x12 0x00000000
core   0: 0x80002e90 (0x03e485b3) mul     a1, s1, t5
core   0: 3 0x80002e90 (0x03e485b3) x11 0x00000000
core   0: 0x80002e94 (0x03283e33) mulhu   t3, a6, s2
core   0: 3 0x80002e94 (0x03283e33) x28 0x00000000
core   0: 0x80002e98 (0x000084d1) c.srai  s1, 20
core   0: 3 0x80002e98 (0x84d1) x9  0x00000000
core   0: 0x80002e9a (0x00000a2a) c.slli  s4, 10
core   0: 3 0x80002e9a (0x0a2a) x20 0x00000000
core   0: 0x80002e9c (0x02998a63) beq     s3, s1, pc + 52
core   0: 3 0x80002e9c (0x02998a63)
core   0: 0x80002ea0 (0x030846b3) div     a3, a6, a6
core   0: 3 0x80002ea0 (0x030846b3) x13 0xffffffff
core   0: 0x80002ea4 (0x00008d59) c.or    a0, a4
core   0: 3 0x80002ea4 (0x8d59) x10 0x00000000
core   0: 0x80002ea6 (0x0000117d) c.addi  sp, -1
core   0: 3 0x80002ea6 (0x117d) x2  0x00000078
core   0: 0x80002ea8 (0x01f430b3) sltu    ra, s0, t6
core   0: 3 0x80002ea8 (0x01f430b3) x1  0x00000001
core   0: 0x80002eac (0x00008f19) c.sub   a4, a4
core   0: 3 0x80002eac (0x8f19) x14 0x00000000
core   0: 0x80002eae (0x0000815a) c.mv    sp, s6
core   0: 3 0x80002eae (0x815a) x2  0x00000000
core   0: 0x80002eb0 (0x384b8593) addi    a1, s7, 900
core   0: 3 0x80002eb0 (0x384b8593) x11 0xf5f4e1f2
core   0: 0x80002eb4 (0x00000395) c.addi  t2, 5
core   0: 3 0x80002eb4 (0x0395) x7  0x00000006
core   0: 0x80002eb6 (0x00000001) c.nop
core   0: 3 0x80002eb6 (0x0001)
core   0: 0x80002eb8 (0x00c76763) bltu    a4, a2, pc + 14
core   0: 3 0x80002eb8 (0x00c76763)
core   0: 0x80002ebc (0x40b88033) sub     zero, a7, a1
core   0: 3 0x80002ebc (0x40b88033)
core   0: 0x80002ec0 (0x03e40933) mul     s2, s0, t5
core   0: 3 0x80002ec0 (0x03e40933) x18 0x00000000
core   0: 0x80002ec4 (0x00008da1) c.xor   a1, s0
core   0: 3 0x80002ec4 (0x8da1) x11 0xf5f4e1f2
core   0: 0x80002ec6 (0x02b699b3) mulh    s3, a3, a1
core   0: 3 0x80002ec6 (0x02b699b3) x19 0x00000000
core   0: 0x80002eca (0x00008c35) c.xor   s0, a3
core   0: 3 0x80002eca (0x8c35) x8  0xffffffff
core   0: 0x80002ecc (0x270d4993) xori    s3, s10, 624
core   0: 3 0x80002ecc (0x270d4993) x19 0x00000270
core   0: 0x80002ed0 (0x02148bb3) mul     s7, s1, ra
core   0: 3 0x80002ed0 (0x02148bb3) x23 0x00000000
core   0: 0x80002ed4 (0x466fbc97) auipc   s9, 0x466fb
core   0: 3 0x80002ed4 (0x466fbc97) x25 0xc66fded4
core   0: 0x80002ed8 (0x004d4263) blt     s10, tp, pc + 4
core   0: 3 0x80002ed8 (0x004d4263)
core   0: 0x80002edc (0x41f601b3) sub     gp, a2, t6
core   0: 3 0x80002edc (0x41f601b3) x3  0x7ffd62dc
core   0: 0x80002ee0 (0x00008672) c.mv    a2, t3
core   0: 3 0x80002ee0 (0x8672) x12 0x00000000
core   0: 0x80002ee2 (0x03363b33) mulhu   s6, a2, s3
core   0: 3 0x80002ee2 (0x03363b33) x22 0x00000000
core   0: 0x80002ee6 (0x039581b3) mul     gp, a1, s9
core   0: 3 0x80002ee6 (0x039581b3) x3  0x2ea8f868
core   0: 0x80002eea (0x038b09b3) mul     s3, s6, s8
core   0: 3 0x80002eea (0x038b09b3) x19 0x00000000
core   0: 0x80002eee (0x032fdcb3) divu    s9, t6, s2
core   0: 3 0x80002eee (0x032fdcb3) x25 0xffffffff
core   0: 0x80002ef2 (0x02bae5b3) rem     a1, s5, a1
core   0: 3 0x80002ef2 (0x02bae5b3) x11 0x00000000
core   0: 0x80002ef6 (0x01a6a6b3) slt     a3, a3, s10
core   0: 3 0x80002ef6 (0x01a6a6b3) x13 0x00000001
core   0: 0x80002efa (0x0000717d) c.addi16sp sp, -16
core   0: 3 0x80002efa (0x717d) x2  0xfffffff0
core   0: 0x80002efc (0x02cdfd63) bgeu    s11, a2, pc + 58
core   0: 3 0x80002efc (0x02cdfd63)
core   0: 0x80002f36 (0x039e6b33) rem     s6, t3, s9
core   0: 3 0x80002f36 (0x039e6b33) x22 0x00000000
core   0: 0x80002f3a (0x03d362b3) rem     t0, t1, t4
core   0: 3 0x80002f3a (0x03d362b3) x5  0xffffffff
core   0: 0x80002f3e (0x4002de13) srai    t3, t0, 0
core   0: 3 0x80002f3e (0x4002de13) x28 0xffffffff
core   0: 0x80002f42 (0x0000853e) c.mv    a0, a5
core   0: 3 0x80002f42 (0x853e) x10 0xffffffff
core   0: 0x80002f44 (0x00008739) c.srai  a4, 14
core   0: 3 0x80002f44 (0x8739) x14 0x00000000
core   0: 0x80002f46 (0x027cddb3) divu    s11, s9, t2
core   0: 3 0x80002f46 (0x027cddb3) x27 0x2aaaaaaa
core   0: 0x80002f4a (0x000183b3) add     t2, gp, zero
core   0: 3 0x80002f4a (0x000183b3) x7  0x2ea8f868
core   0: 0x80002f4e (0x20de7e17) auipc   t3, 0x20de7
core   0: 3 0x80002f4e (0x20de7e17) x28 0xa0de9f4e
core   0: 0x80002f52 (0x01749533) sll     a0, s1, s7
core   0: 3 0x80002f52 (0x01749533) x10 0x00000000
core   0: 0x80002f56 (0x000002a2) c.slli  t0, 8
core   0: 3 0x80002f56 (0x02a2) x5  0xffffff00
core   0: 0x80002f58 (0x00008db5) c.xor   a1, a3
core   0: 3 0x80002f58 (0x8db5) x11 0x00000001
core   0: 0x80002f5a (0x00008b11) c.andi  a4, 4
core   0: 3 0x80002f5a (0x8b11) x14 0x00000000
core   0: 0x80002f5c (0x000080ea) c.mv    ra, s10
core   0: 3 0x80002f5c (0x80ea) x1  0x00000000
core   0: 0x80002f5e (0x00000b5e) c.slli  s6, 23
core   0: 3 0x80002f5e (0x0b5e) x22 0x00000000
core   0: 0x80002f60 (0x028bd3b3) divu    t2, s7, s0
core   0: 3 0x80002f60 (0x028bd3b3) x7  0x00000000
core   0: 0x80002f64 (0x40520ab3) sub     s5, tp, t0
core   0: 3 0x80002f64 (0x40520ab3) x21 0x000001d9
core   0: 0x80002f68 (0x00944663) blt     s0, s1, pc + 12
core   0: 3 0x80002f68 (0x00944663)
core   0: 0x80002f74 (0x1b318193) addi    gp, gp, 435
core   0: 3 0x80002f74 (0x1b318193) x3  0x2ea8fa1b
core   0: 0x80002f78 (0x00000001) c.nop
core   0: 3 0x80002f78 (0x0001)
core   0: 0x80002f7a (0x32b3b693) sltiu   a3, t2, 811
core   0: 3 0x80002f7a (0x32b3b693) x13 0x00000001
core   0: 0x80002f7e (0x000085a9) c.srai  a1, 10
core   0: 3 0x80002f7e (0x85a9) x11 0x00000000
core   0: 0x80002f80 (0x009dfbb3) and     s7, s11, s1
core   0: 3 0x80002f80 (0x009dfbb3) x23 0x00000000
core   0: 0x80002f84 (0x00006461) c.lui   s0, 0x18
core   0: 3 0x80002f84 (0x6461) x8  0x00018000
core   0: 0x80002f86 (0x01438633) add     a2, t2, s4
core   0: 3 0x80002f86 (0x01438633) x12 0x00000000
core   0: 0x80002f8a (0x00000001) c.nop
core   0: 3 0x80002f8a (0x0001)
core   0: 0x80002f8c (0x0143adb3) slt     s11, t2, s4
core   0: 3 0x80002f8c (0x0143adb3) x27 0x00000000
core   0: 0x80002f90 (0x00000001) c.nop
core   0: 3 0x80002f90 (0x0001)
core   0: 0x80002f92 (0x00741d63) bne     s0, t2, pc + 26
core   0: 3 0x80002f92 (0x00741d63)
core   0: 0x80002fac (0x8179ea93) ori     s5, s3, -2025
core   0: 3 0x80002fac (0x8179ea93) x21 0xfffff817
core   0: 0x80002fb0 (0x00000001) c.nop
core   0: 3 0x80002fb0 (0x0001)
core   0: 0x80002fb2 (0x02ddfa63) bgeu    s11, a3, pc + 52
core   0: 3 0x80002fb2 (0x02ddfa63)
core   0: 0x80002fb6 (0x00008e05) c.sub   a2, s1
core   0: 3 0x80002fb6 (0x8e05) x12 0x00000000
core   0: 0x80002fb8 (0x00da0363) beq     s4, a3, pc + 6
core   0: 3 0x80002fb8 (0x00da0363)
core   0: 0x80002fbc (0x0000008c) c.addi4spn a1, sp, 64
core   0: 3 0x80002fbc (0x008c) x11 0x00000030
core   0: 0x80002fbe (0x0083f863) bgeu    t2, s0, pc + 16
core   0: 3 0x80002fbe (0x0083f863)
core   0: 0x80002fc2 (0x00001190) c.addi4spn a2, sp, 224
core   0: 3 0x80002fc2 (0x1190) x12 0x000000d0
core   0: 0x80002fc4 (0x00000788) c.addi4spn a0, sp, 960
core   0: 3 0x80002fc4 (0x0788) x10 0x000003b0
core   0: 0x80002fc6 (0x03725063) bge     tp, s7, pc + 32
core   0: 3 0x80002fc6 (0x03725063)
core   0: 0x80002fe6 (0x02219f37) lui     t5, 0x2219
core   0: 3 0x80002fe6 (0x02219f37) x30 0x02219000
core   0: 0x80002fea (0xf7866e13) ori     t3, a2, -136
core   0: 3 0x80002fea (0xf7866e13) x28 0xfffffff8
core   0: 0x80002fee (0x03b17063) bgeu    sp, s11, pc + 32
core   0: 3 0x80002fee (0x03b17063)
core   0: 0x8000300e (0xd7977d93) andi    s11, a4, -647
core   0: 3 0x8000300e (0xd7977d93) x27 0x00000000
core   0: 0x80003012 (0x00000001) c.nop
core   0: 3 0x80003012 (0x0001)
core   0: 0x80003014 (0x788fa913) slti    s2, t6, 1928
core   0: 3 0x80003014 (0x788fa913) x18 0x00000001
core   0: 0x80003018 (0x000095ba) c.add   a1, a4
core   0: 3 0x80003018 (0x95ba) x11 0x00000030
core   0: 0x8000301a (0x0000412d) c.li    sp, 11
core   0: 3 0x8000301a (0x412d) x2  0x0000000b
core   0: 0x8000301c (0x00008359) c.srli  a4, 22
core   0: 3 0x8000301c (0x8359) x14 0x00000000
core   0: 0x8000301e (0x00008172) c.mv    sp, t3
core   0: 3 0x8000301e (0x8172) x2  0xfffffff8
core   0: 0x80003020 (0x00008cdd) c.or    s1, a5
core   0: 3 0x80003020 (0x8cdd) x9  0xffffffff
core   0: 0x80003022 (0xe4c7ed97) auipc   s11, 0xe4c7e
core   0: 3 0x80003022 (0xe4c7ed97) x27 0x64c81022
core   0: 0x80003026 (0xed42f793) andi    a5, t0, -300
core   0: 3 0x80003026 (0xed42f793) x15 0xfffffe00
core   0: 0x8000302a (0x00006119) c.addi16sp sp, 384
core   0: 3 0x8000302a (0x6119) x2  0x00000178
core   0: 0x8000302c (0x00000001) c.nop
core   0: 3 0x8000302c (0x0001)
core   0: 0x8000302e (0x000c1413) slli    s0, s8, 0
core   0: 3 0x8000302e (0x000c1413) x8  0x80025ea4
core   0: 0x80003032 (0x00000001) c.nop
core   0: 3 0x80003032 (0x0001)
core   0: 0x80003034 (0x00008ec1) c.or    a3, s0
core   0: 3 0x80003034 (0x8ec1) x13 0x80025ea5
core   0: 0x80003036 (0x03bf0463) beq     t5, s11, pc + 40
core   0: 3 0x80003036 (0x03bf0463)
core   0: 0x8000303a (0x00000001) c.nop
core   0: 3 0x8000303a (0x0001)
core   0: 0x8000303c (0x000098fd) c.andi  s1, -1
core   0: 3 0x8000303c (0x98fd) x9  0xffffffff
core   0: 0x8000303e (0x00008dd9) c.or    a1, a4
core   0: 3 0x8000303e (0x8dd9) x11 0x00000030
core   0: 0x80003040 (0x0096df33) srl     t5, a3, s1
core   0: 3 0x80003040 (0x0096df33) x30 0x00000001
core   0: 0x80003044 (0x50c9f693) andi    a3, s3, 1292
core   0: 3 0x80003044 (0x50c9f693) x13 0x00000000
core   0: 0x80003048 (0x9999f013) andi    zero, s3, -1639
core   0: 3 0x80003048 (0x9999f013)
core   0: 0x8000304c (0x034d6633) rem     a2, s10, s4
core   0: 3 0x8000304c (0x034d6633) x12 0x00000000
core   0: 0x80003050 (0x010df2b3) and     t0, s11, a6
core   0: 3 0x80003050 (0x010df2b3) x5  0x00000000
core   0: 0x80003054 (0x0000997d) c.andi  a0, -1
core   0: 3 0x80003054 (0x997d) x10 0x000003b0
core   0: 0x80003056 (0x00573b33) sltu    s6, a4, t0
core   0: 3 0x80003056 (0x00573b33) x22 0x00000000
core   0: 0x8000305a (0x00d959b3) srl     s3, s2, a3
core   0: 3 0x8000305a (0x00d959b3) x19 0x00000001
core   0: 0x8000305e (0x407b8133) sub     sp, s7, t2
core   0: 3 0x8000305e (0x407b8133) x2  0x00000000
core   0: 0x80003062 (0x00ae6f33) or      t5, t3, a0
core   0: 3 0x80003062 (0x00ae6f33) x30 0xfffffff8
core   0: 0x80003066 (0x405e5b13) srai    s6, t3, 5
core   0: 3 0x80003066 (0x405e5b13) x22 0xffffffff
core   0: 0x8000306a (0x00009a8a) c.add   s5, sp
core   0: 3 0x8000306a (0x9a8a) x21 0xfffff817
core   0: 0x8000306c (0xe06ab813) sltiu   a6, s5, -506
core   0: 3 0x8000306c (0xe06ab813) x16 0x00000001
core   0: 0x80003070 (0x00000001) c.nop
core   0: 3 0x80003070 (0x0001)
core   0: 0x80003072 (0x00006165) c.addi16sp sp, 112
core   0: 3 0x80003072 (0x6165) x2  0x00000070
core   0: 0x80003074 (0x02b26a33) rem     s4, tp, a1
core   0: 3 0x80003074 (0x02b26a33) x20 0x00000019
core   0: 0x80003078 (0x03ae15b3) mulh    a1, t3, s10
core   0: 3 0x80003078 (0x03ae15b3) x11 0x00000000
core   0: 0x8000307c (0x000001c5) c.addi  gp, 17
core   0: 3 0x8000307c (0x01c5) x3  0x2ea8fa2c
core   0: 0x8000307e (0x0000cd19) c.beqz  a0, pc + 30
core   0: 3 0x8000307e (0xcd19)
core   0: 0x80003080 (0x04035063) bgez    t1, pc + 64
core   0: 3 0x80003080 (0x04035063)
core   0: 0x80003084 (0x016728b3) slt     a7, a4, s6
core   0: 3 0x80003084 (0x016728b3) x17 0x00000000
core   0: 0x80003088 (0x01496f63) bltu    s2, s4, pc + 30
core   0: 3 0x80003088 (0x01496f63)
core   0: 0x800030a6 (0xa8b67517) auipc   a0, 0xa8b67
core   0: 3 0x800030a6 (0xa8b67517) x10 0x28b6a0a6
core   0: 0x800030aa (0x0000801d) c.srli  s0, 7
core   0: 3 0x800030aa (0x801d) x8  0x010004bd
core   0: 0x800030ac (0x00008fa9) c.xor   a5, a0
core   0: 3 0x800030ac (0x8fa9) x15 0xd7495ea6
core   0: 0x800030ae (0xf9444293) xori    t0, s0, -108
core   0: 3 0x800030ae (0xf9444293) x5  0xfefffb29
core   0: 0x800030b2 (0x000000de) c.slli  ra, 23
core   0: 3 0x800030b2 (0x00de) x1  0x00000000
core   0: 0x800030b4 (0x0160da93) srli    s5, ra, 22
core   0: 3 0x800030b4 (0x0160da93) x21 0x00000000
core   0: 0x800030b8 (0x41283013) sltiu   zero, a6, 1042
core   0: 3 0x800030b8 (0x41283013)
core   0: 0x800030bc (0x00d8e963) bltu    a7, a3, pc + 18
core   0: 3 0x800030bc (0x00d8e963)
core   0: 0x800030c0 (0x409ad733) sra     a4, s5, s1
core   0: 3 0x800030c0 (0x409ad733) x14 0x00000000
core   0: 0x800030c4 (0xa6d70f13) addi    t5, a4, -1427
core   0: 3 0x800030c4 (0xa6d70f13) x30 0xfffffa6d
core   0: 0x800030c8 (0x00006121) c.addi16sp sp, 64
core   0: 3 0x800030c8 (0x6121) x2  0x000000b0
core   0: 0x800030ca (0x035f4e63) blt     t5, s5, pc + 60
core   0: 3 0x800030ca (0x035f4e63)
core   0: 0x80003106 (0xd9f7dc97) auipc   s9, 0xd9f7d
core   0: 3 0x80003106 (0xd9f7dc97) x25 0x59f80106
core   0: 0x8000310a (0x41bb8333) sub     t1, s7, s11
core   0: 3 0x8000310a (0x41bb8333) x6  0x9b37efde
core   0: 0x8000310e (0x002e5db3) srl     s11, t3, sp
core   0: 3 0x8000310e (0x002e5db3) x27 0x0000ffff
core   0: 0x80003112 (0x004c7a33) and     s4, s8, tp
core   0: 3 0x80003112 (0x004c7a33) x20 0x00000080
core   0: 0x80003116 (0x036cd633) divu    a2, s9, s6
core   0: 3 0x80003116 (0x036cd633) x12 0x00000000
core   0: 0x8000311a (0x02013b33) mulhu   s6, sp, zero
core   0: 3 0x8000311a (0x02013b33) x22 0x00000000
core   0: 0x8000311e (0x00006095) c.lui   ra, 0x5
core   0: 3 0x8000311e (0x6095) x1  0x00005000
core   0: 0x80003120 (0x000081b1) c.srli  a1, 12
core   0: 3 0x80003120 (0x81b1) x11 0x00000000
core   0: 0x80003122 (0x0000896d) c.andi  a0, 27
core   0: 3 0x80003122 (0x896d) x10 0x00000002
core   0: 0x80003124 (0x01d55093) srli    ra, a0, 29
core   0: 3 0x80003124 (0x01d55093) x1  0x00000000
core   0: 0x80003128 (0xbe732d93) slti    s11, t1, -1049
core   0: 3 0x80003128 (0xbe732d93) x27 0x00000001
core   0: 0x8000312c (0x036e63b3) rem     t2, t3, s6
core   0: 3 0x8000312c (0x036e63b3) x7  0xfffffff8
core   0: 0x80003130 (0x02da8e63) beq     s5, a3, pc + 60
core   0: 3 0x80003130 (0x02da8e63)
core   0: 0x8000316c (0x000091d2) c.add   gp, s4
core   0: 3 0x8000316c (0x91d2) x3  0x2ea8faac
core   0: 0x8000316e (0x41c30db3) sub     s11, t1, t3
core   0: 3 0x8000316e (0x41c30db3) x27 0x9b37efe6
core   0: 0x80003172 (0x02461463) bne     a2, tp, pc + 40
core   0: 3 0x80003172 (0x02461463)
core   0: 0x8000319a (0x00000001) c.nop
core   0: 3 0x8000319a (0x0001)
core   0: 0x8000319c (0x036c1a33) mulh    s4, s8, s6
core   0: 3 0x8000319c (0x036c1a33) x20 0x00000000
core   0: 0x800031a0 (0xf7420813) addi    a6, tp, -140
core   0: 3 0x800031a0 (0xf7420813) x16 0x0000004d
core   0: 0x800031a4 (0x00004339) c.li    t1, 14
core   0: 3 0x800031a4 (0x4339) x6  0x0000000e
core   0: 0x800031a6 (0x022aca63) blt     s5, sp, pc + 52
core   0: 3 0x800031a6 (0x022aca63)
core   0: 0x800031da (0x00008191) c.srli  a1, 4
core   0: 3 0x800031da (0x8191) x11 0x00000000
core   0: 0x800031dc (0x002dc533) xor     a0, s11, sp
core   0: 3 0x800031dc (0x002dc533) x10 0x9b37ef56
core   0: 0x800031e0 (0x014d5e63) bge     s10, s4, pc + 28
core   0: 3 0x800031e0 (0x014d5e63)
core   0: 0x800031fc (0x31232213) slti    tp, t1, 786
core   0: 3 0x800031fc (0x31232213) x4  0x00000001
core   0: 0x80003200 (0x00e071b3) and     gp, zero, a4
core   0: 3 0x80003200 (0x00e071b3) x3  0x00000000
core   0: 0x80003204 (0x000082c6) c.mv    t0, a7
core   0: 3 0x80003204 (0x82c6) x5  0x00000000
core   0: 0x80003206 (0x0f65c393) xori    t2, a1, 246
core   0: 3 0x80003206 (0x0f65c393) x7  0x000000f6
core   0: 0x8000320a (0x00005bfd) c.li    s7, -1
core   0: 3 0x8000320a (0x5bfd) x23 0xffffffff
core   0: 0x8000320c (0x3b1fb713) sltiu   a4, t6, 945
core   0: 3 0x8000320c (0x3b1fb713) x14 0x00000000
core   0: 0x80003210 (0x000066b5) c.lui   a3, 0xd
core   0: 3 0x80003210 (0x66b5) x13 0x0000d000
core   0: 0x80003212 (0x00008ee9) c.and   a3, a0
core   0: 3 0x80003212 (0x8ee9) x13 0x0000c000
core   0: 0x80003214 (0x9cdc7013) andi    zero, s8, -1587
core   0: 3 0x80003214 (0x9cdc7013)
core   0: 0x80003218 (0x024f9033) mulh    zero, t6, tp
core   0: 3 0x80003218 (0x024f9033)
core   0: 0x8000321c (0x00008cd1) c.or    s1, a2
core   0: 3 0x8000321c (0x8cd1) x9  0xffffffff
core   0: 0x8000321e (0x039478b3) remu    a7, s0, s9
core   0: 3 0x8000321e (0x039478b3) x17 0x010004bd
core   0: 0x80003222 (0x0000197d) c.addi  s2, -1
core   0: 3 0x80003222 (0x197d) x18 0x00000000
core   0: 0x80003224 (0x00731693) slli    a3, t1, 7
core   0: 3 0x80003224 (0x00731693) x13 0x00000700
core   0: 0x80003228 (0x037aa233) mulhsu  tp, s5, s7
core   0: 3 0x80003228 (0x037aa233) x4  0x00000000
core   0: 0x8000322c (0x00008675) c.srai  a2, 29
core   0: 3 0x8000322c (0x8675) x12 0x00000000
core   0: 0x8000322e (0x00001004) c.addi4spn s1, sp, 32
core   0: 3 0x8000322e (0x1004) x9  0x000000d0
core   0: 0x80003230 (0x0000927e) c.add   tp, t6
core   0: 3 0x80003230 (0x927e) x4  0x80029d24
core   0: 0x80003232 (0x0000717d) c.addi16sp sp, -16
core   0: 3 0x80003232 (0x717d) x2  0x000000a0
core   0: 0x80003234 (0x000050fd) c.li    ra, -1
core   0: 3 0x80003234 (0x50fd) x1  0xffffffff
core   0: 0x80003236 (0xf85cca93) xori    s5, s9, -123
core   0: 3 0x80003236 (0xf85cca93) x21 0xa607fe83
core   0: 0x8000323a (0x000099fd) c.andi  a1, -1
core   0: 3 0x8000323a (0x99fd) x11 0x00000000
core   0: 0x8000323c (0x000080bd) c.srli  s1, 15
core   0: 3 0x8000323c (0x80bd) x9  0x00000000
core   0: 0x8000323e (0x03285733) divu    a4, a6, s2
core   0: 3 0x8000323e (0x03285733) x14 0xffffffff
core   0: 0x80003242 (0x18fee613) ori     a2, t4, 399
core   0: 3 0x80003242 (0x18fee613) x12 0x0000018f
core   0: 0x80003246 (0x00008fbd) c.xor   a5, a5
core   0: 3 0x80003246 (0x8fbd) x15 0x00000000
core   0: 0x80003248 (0x017efbb3) and     s7, t4, s7
core   0: 3 0x80003248 (0x017efbb3) x23 0x00000008
core   0: 0x8000324c (0x00000d94) c.addi4spn a3, sp, 720
core   0: 3 0x8000324c (0x0d94) x13 0x00000370
core   0: 0x8000324e (0x026f4ab3) div     s5, t5, t1
core   0: 3 0x8000324e (0x026f4ab3) x21 0xffffff9b
core   0: 0x80003252 (0x4b867913) andi    s2, a2, 1208
core   0: 3 0x80003252 (0x4b867913) x18 0x00000088
core   0: 0x80003256 (0x031ba333) mulhsu  t1, s7, a7
core   0: 3 0x80003256 (0x031ba333) x6  0x00000000
core   0: 0x8000325a (0x01921a93) slli    s5, tp, 25
core   0: 3 0x8000325a (0x01921a93) x21 0x48000000
core   0: 0x8000325e (0x00766a63) bltu    a2, t2, pc + 20
core   0: 3 0x8000325e (0x00766a63)
core   0: 0x80003262 (0x375fb513) sltiu   a0, t6, 885
core   0: 3 0x80003262 (0x375fb513) x10 0x00000000
core   0: 0x80003266 (0x03798d33) mul     s10, s3, s7
core   0: 3 0x80003266 (0x03798d33) x26 0x00000008
core   0: 0x8000326a (0x02b7c463) blt     a5, a1, pc + 40
core   0: 3 0x8000326a (0x02b7c463)
core   0: 0x8000326e (0x40765133) sra     sp, a2, t2
core   0: 3 0x8000326e (0x40765133) x2  0x00000000
core   0: 0x80003272 (0x0076ec63) bltu    a3, t2, pc + 24
core   0: 3 0x80003272 (0x0076ec63)
core   0: 0x80003276 (0x59144313) xori    t1, s0, 1425
core   0: 3 0x80003276 (0x59144313) x6  0x0100012c
core   0: 0x8000327a (0x02aed233) divu    tp, t4, a0
core   0: 3 0x8000327a (0x02aed233) x4  0xffffffff
core   0: 0x8000327e (0x029d0a63) beq     s10, s1, pc + 52
core   0: 3 0x8000327e (0x029d0a63)
core   0: 0x80003282 (0x0f5fca13) xori    s4, t6, 245
core   0: 3 0x80003282 (0x0f5fca13) x20 0x80029dd1
core   0: 0x80003286 (0x0294f8b3) remu    a7, s1, s1
core   0: 3 0x80003286 (0x0294f8b3) x17 0x00000000
core   0: 0x8000328a (0x00e0af33) slt     t5, ra, a4
core   0: 3 0x8000328a (0x00e0af33) x30 0x00000000
core   0: 0x8000328e (0x41310ab3) sub     s5, sp, s3
core   0: 3 0x8000328e (0x41310ab3) x21 0xffffffff
core   0: 0x80003292 (0x019fbdb3) sltu    s11, t6, s9
core   0: 3 0x80003292 (0x019fbdb3) x27 0x00000000
core   0: 0x80003296 (0x0000c419) c.beqz  s0, pc + 14
core   0: 3 0x80003296 (0xc419)
core   0: 0x80003298 (0x01d3a8b3) slt     a7, t2, t4
core   0: 3 0x80003298 (0x01d3a8b3) x17 0x00000000
core   0: 0x8000329c (0x018d5863) bge     s10, s8, pc + 16
core   0: 3 0x8000329c (0x018d5863)
core   0: 0x800032ac (0x005dd693) srli    a3, s11, 5
core   0: 3 0x800032ac (0x005dd693) x13 0x00000000
core   0: 0x800032b0 (0x00009d2a) c.add   s10, a0
core   0: 3 0x800032b0 (0x9d2a) x26 0x00000008
core   0: 0x800032b2 (0x02b3f363) bgeu    t2, a1, pc + 38
core   0: 3 0x800032b2 (0x02b3f363)
core   0: 0x800032d8 (0x02319063) bne     gp, gp, pc + 32
core   0: 3 0x800032d8 (0x02319063)
core   0: 0x800032dc (0x03f1b9b3) mulhu   s3, gp, t6
core   0: 3 0x800032dc (0x03f1b9b3) x19 0x00000000
core   0: 0x800032e0 (0x02ba6bb3) rem     s7, s4, a1
core   0: 3 0x800032e0 (0x02ba6bb3) x23 0x80029dd1
core   0: 0x800032e4 (0x41b88533) sub     a0, a7, s11
core   0: 3 0x800032e4 (0x41b88533) x10 0x00000000
core   0: 0x800032e8 (0x003cfcb3) and     s9, s9, gp
core   0: 3 0x800032e8 (0x003cfcb3) x25 0x00000000
core   0: 0x800032ec (0x9e5bba13) sltiu   s4, s7, -1563
core   0: 3 0x800032ec (0x9e5bba13) x20 0x00000001
core   0: 0x800032f0 (0x000009f1) c.addi  s3, 28
core   0: 3 0x800032f0 (0x09f1) x19 0x0000001c
core   0: 0x800032f2 (0x00000001) c.nop
core   0: 3 0x800032f2 (0x0001)
core   0: 0x800032f4 (0x00e0f433) and     s0, ra, a4
core   0: 3 0x800032f4 (0x00e0f433) x8  0xffffffff
core   0: 0x800032f8 (0x00f66133) or      sp, a2, a5
core   0: 3 0x800032f8 (0x00f66133) x2  0x0000018f
core   0: 0x800032fc (0x0000985a) c.add   a6, s6
core   0: 3 0x800032fc (0x985a) x16 0x0000004d
core   0: 0x800032fe (0x032044b3) div     s1, zero, s2
core   0: 3 0x800032fe (0x032044b3) x9  0x00000000
core   0: 0x80003302 (0x00000001) c.nop
core   0: 3 0x80003302 (0x0001)
core   0: 0x80003304 (0x003cd9b3) srl     s3, s9, gp
core   0: 3 0x80003304 (0x003cd9b3) x19 0x00000000
core   0: 0x80003308 (0x00e3f333) and     t1, t2, a4
core   0: 3 0x80003308 (0x00e3f333) x6  0x000000f6
core   0: 0x8000330c (0x97210713) addi    a4, sp, -1678
core   0: 3 0x8000330c (0x97210713) x14 0xfffffb01
core   0: 0x80003310 (0x8267e613) ori     a2, a5, -2010
core   0: 3 0x80003310 (0x8267e613) x12 0xfffff826
core   0: 0x80003314 (0x0000851d) c.srai  a0, 7
core   0: 3 0x80003314 (0x851d) x10 0x00000000
core   0: 0x80003316 (0x01dfc033) xor     zero, t6, t4
core   0: 3 0x80003316 (0x01dfc033)
core   0: 0x8000331a (0x0000187d) c.addi  a6, -1
core   0: 3 0x8000331a (0x187d) x16 0x0000004c
core   0: 0x8000331c (0x02c13cb3) mulhu   s9, sp, a2
core   0: 3 0x8000331c (0x02c13cb3) x25 0x0000018e
core   0: 0x80003320 (0x00008ff1) c.and   a5, a2
core   0: 3 0x80003320 (0x8ff1) x15 0x00000000
core   0: 0x80003322 (0x9ba3bd13) sltiu   s10, t2, -1606
core   0: 3 0x80003322 (0x9ba3bd13) x26 0x00000001
core   0: 0x80003326 (0x3a133c93) sltiu   s9, t1, 929
core   0: 3 0x80003326 (0x3a133c93) x25 0x00000001
core   0: 0x8000332a (0x000095d2) c.add   a1, s4
core   0: 3 0x8000332a (0x95d2) x11 0x00000001
core   0: 0x8000332c (0x0060c763) blt     ra, t1, pc + 14
core   0: 3 0x8000332c (0x0060c763)
core   0: 0x8000333a (0x00000001) c.nop
core   0: 3 0x8000333a (0x0001)
core   0: 0x8000333c (0x00000e0c) c.addi4spn a1, sp, 784
core   0: 3 0x8000333c (0x0e0c) x11 0x0000049f
core   0: 0x8000333e (0x795fab93) slti    s7, t6, 1941
core   0: 3 0x8000333e (0x795fab93) x23 0x00000001
core   0: 0x80003342 (0x01d48263) beq     s1, t4, pc + 4
core   0: 3 0x80003342 (0x01d48263)
core   0: 0x80003346 (0x01c89363) bne     a7, t3, pc + 6
core   0: 3 0x80003346 (0x01c89363)
core   0: 0x8000334c (0x0208e3b3) rem     t2, a7, zero
core   0: 3 0x8000334c (0x0208e3b3) x7  0x00000000
core   0: 0x80003350 (0x00000001) c.nop
core   0: 3 0x80003350 (0x0001)
core   0: 0x80003352 (0x02d0bab3) mulhu   s5, ra, a3
core   0: 3 0x80003352 (0x02d0bab3) x21 0x00000000
core   0: 0x80003356 (0x46cc8717) auipc   a4, 0x46cc8
core   0: 3 0x80003356 (0x46cc8717) x14 0xc6ccb356
core   0: 0x8000335a (0x00008cf5) c.and   s1, a3
core   0: 3 0x8000335a (0x8cf5) x9  0x00000000
core   0: 0x8000335c (0x0243aab3) mulhsu  s5, t2, tp
core   0: 3 0x8000335c (0x0243aab3) x21 0x00000000
core   0: 0x80003360 (0x01a201b3) add     gp, tp, s10
core   0: 3 0x80003360 (0x01a201b3) x3  0x00000000
core   0: 0x80003364 (0x00008765) c.srai  a4, 25
core   0: 3 0x80003364 (0x8765) x14 0xffffffe3
core   0: 0x80003366 (0x011b0e33) add     t3, s6, a7
core   0: 3 0x80003366 (0x011b0e33) x28 0x00000000
core   0: 0x8000336a (0x00016117) auipc   sp, 0x16
core   0: 3 0x8000336a (0x00016117) x2  0x8001936a
core   0: 0x8000336e (0x5f410113) addi    sp, sp, 1524
core   0: 3 0x8000336e (0x5f410113) x2  0x8001995e
core   0: 0x80003372 (0x000095c2) c.add   a1, a6
core   0: 3 0x80003372 (0x95c2) x11 0x000004eb
core   0: 0x80003374 (0x000065b9) c.lui   a1, 0xe
core   0: 3 0x80003374 (0x65b9) x11 0x0000e000
core   0: 0x80003376 (0x02b100a3) sb      a1, 33(sp)
core   0: 3 0x80003376 (0x02b100a3) mem 0x8001997f 0x00
core   0: 0x8000337a (0x02c14583) lbu     a1, 44(sp)
core   0: 3 0x8000337a (0x02c14583) x11 0x000000b7 mem 0x8001998a
core   0: 0x8000337e (0x00b876b3) and     a3, a6, a1
core   0: 3 0x8000337e (0x00b876b3) x13 0x00000004
core   0: 0x80003382 (0x000099fd) c.andi  a1, -1
core   0: 3 0x80003382 (0x99fd) x11 0x000000b7
core   0: 0x80003384 (0xd1648693) addi    a3, s1, -746
core   0: 3 0x80003384 (0xd1648693) x13 0xfffffd16
core   0: 0x80003388 (0xfcb14803) lbu     a6, -53(sp)
core   0: 3 0x80003388 (0xfcb14803) x16 0x00000037 mem 0x80019929
core   0: 0x8000338c (0x00008cf5) c.and   s1, a3
core   0: 3 0x8000338c (0x8cf5) x9  0x00000000
core   0: 0x8000338e (0x009868b3) or      a7, a6, s1
core   0: 3 0x8000338e (0x009868b3) x17 0x00000037
core   0: 0x80003392 (0x00008ac5) c.andi  a3, 17
core   0: 3 0x80003392 (0x8ac5) x13 0x00000010
core   0: 0x80003394 (0xfe010783) lb      a5, -32(sp)
core   0: 3 0x80003394 (0xfe010783) x15 0xffffff82 mem 0x8001993e
core   0: 0x80003398 (0xbae5e693) ori     a3, a1, -1106
core   0: 3 0x80003398 (0xbae5e693) x13 0xfffffbbf
core   0: 0x8000339c (0x031856b3) divu    a3, a6, a7
core   0: 3 0x8000339c (0x031856b3) x13 0x00000001
core   0: 0x800033a0 (0x03181833) mulh    a6, a6, a7
core   0: 3 0x800033a0 (0x03181833) x16 0x00000000
core   0: 0x800033a4 (0x00b11b23) sh      a1, 22(sp)
core   0: 3 0x800033a4 (0x00b11b23) mem 0x80019974 0x00b7
core   0: 0x800033a8 (0x00008ad1) c.andi  a3, 20
core   0: 3 0x800033a8 (0x8ad1) x13 0x00000000
core   0: 0x800033aa (0x02d7b833) mulhu   a6, a5, a3
core   0: 3 0x800033aa (0x02d7b833) x16 0x00000000
core   0: 0x800033ae (0x0318f6b3) remu    a3, a7, a7
core   0: 3 0x800033ae (0x0318f6b3) x13 0x00000000
core   0: 0x800033b2 (0xfc910da3) sb      s1, -37(sp)
core   0: 3 0x800033b2 (0xfc910da3) mem 0x80019939 0x00
core   0: 0x800033b6 (0xff910883) lb      a7, -7(sp)
core   0: 3 0x800033b6 (0xff910883) x17 0xffffffb0 mem 0x80019957
core   0: 0x800033ba (0x00b5d833) srl     a6, a1, a1
core   0: 3 0x800033ba (0x00b5d833) x16 0x00000000
core   0: 0x800033be (0x0116a7b3) slt     a5, a3, a7
core   0: 3 0x800033be (0x0116a7b3) x15 0x00000000
core   0: 0x800033c2 (0x009824b3) slt     s1, a6, s1
core   0: 3 0x800033c2 (0x009824b3) x9  0x00000000
core   0: 0x800033c6 (0x000084f5) c.srai  s1, 29
core   0: 3 0x800033c6 (0x84f5) x9  0x00000000
core   0: 0x800033c8 (0x030878b3) remu    a7, a6, a6
core   0: 3 0x800033c8 (0x030878b3) x17 0x00000000
core   0: 0x800033cc (0x02b10c23) sb      a1, 56(sp)
core   0: 3 0x800033cc (0x02b10c23) mem 0x80019996 0xb7
core   0: 0x800033d0 (0x00000001) c.nop
core   0: 3 0x800033d0 (0x0001)
core   0: 0x800033d2 (0x0296d7b3) divu    a5, a3, s1
core   0: 3 0x800033d2 (0x0296d7b3) x15 0xffffffff
core   0: 0x800033d6 (0x00d6f833) and     a6, a3, a3
core   0: 3 0x800033d6 (0x00d6f833) x16 0x00000000
core   0: 0x800033da (0xfed104a3) sb      a3, -23(sp)
core   0: 3 0x800033da (0xfed104a3) mem 0x80019947 0x00
core   0: 0x800033de (0x000080a5) c.srli  s1, 9
core   0: 3 0x800033de (0x80a5) x9  0x00000000
core   0: 0x800033e0 (0xfdc10803) lb      a6, -36(sp)
core   0: 3 0x800033e0 (0xfdc10803) x16 0x0000000d mem 0x8001993a
core   0: 0x800033e4 (0x00008d5d) c.or    a0, a5
core   0: 3 0x800033e4 (0x8d5d) x10 0xffffffff
core   0: 0x800033e6 (0x00000392) c.slli  t2, 4
core   0: 3 0x800033e6 (0x0392) x7  0x00000000
core   0: 0x800033e8 (0x02a800b3) mul     ra, a6, a0
core   0: 3 0x800033e8 (0x02a800b3) x1  0xfffffff3
core   0: 0x800033ec (0x008a6a63) bltu    s4, s0, pc + 20
core   0: 3 0x800033ec (0x008a6a63)
core   0: 0x80003400 (0x02e39663) bne     t2, a4, pc + 44
core   0: 3 0x80003400 (0x02e39663)
core   0: 0x8000342c (0x0230e0b3) rem     ra, ra, gp
core   0: 3 0x8000342c (0x0230e0b3) x1  0xfffffff3
core   0: 0x80003430 (0x02dbabb3) mulhsu  s7, s7, a3
core   0: 3 0x80003430 (0x02dbabb3) x23 0x00000000
core   0: 0x80003434 (0x3b547493) andi    s1, s0, 949
core   0: 3 0x80003434 (0x3b547493) x9  0x000003b5
core   0: 0x80003438 (0x02bdc563) blt     s11, a1, pc + 42
core   0: 3 0x80003438 (0x02bdc563)
core   0: 0x80003462 (0x0109ad33) slt     s10, s3, a6
core   0: 3 0x80003462 (0x0109ad33) x26 0x00000001
core   0: 0x80003466 (0x00008c01) c.sub   s0, s0
core   0: 3 0x80003466 (0x8c01) x8  0x00000000
core   0: 0x80003468 (0x02706633) rem     a2, zero, t2
core   0: 3 0x80003468 (0x02706633) x12 0x00000000
core   0: 0x8000346c (0xace7dbb7) lui     s7, 0xace7d
core   0: 3 0x8000346c (0xace7dbb7) x23 0xace7d000
core   0: 0x80003470 (0x0318a833) mulhsu  a6, a7, a7
core   0: 3 0x80003470 (0x0318a833) x16 0x00000000
core   0: 0x80003474 (0x000004c6) c.slli  s1, 17
core   0: 3 0x80003474 (0x04c6) x9  0x076a0000
core   0: 0x80003476 (0x00008679) c.srai  a2, 30
core   0: 3 0x80003476 (0x8679) x12 0x00000000
core   0: 0x80003478 (0x039d66b3) rem     a3, s10, s9
core   0: 3 0x80003478 (0x039d66b3) x13 0x00000000
core   0: 0x8000347c (0x025d72b3) remu    t0, s10, t0
core   0: 3 0x8000347c (0x025d72b3) x5  0x00000001
core   0: 0x80003480 (0x02daa333) mulhsu  t1, s5, a3
core   0: 3 0x80003480 (0x02daa333) x6  0x00000000
core   0: 0x80003484 (0x004057b3) srl     a5, zero, tp
core   0: 3 0x80003484 (0x004057b3) x15 0x00000000
core   0: 0x80003488 (0x59beae13) slti    t3, t4, 1435
core   0: 3 0x80003488 (0x59beae13) x28 0x00000001
core   0: 0x8000348c (0x00ca4963) blt     s4, a2, pc + 18
core   0: 3 0x8000348c (0x00ca4963)
core   0: 0x80003490 (0x0000854d) c.srai  a0, 19
core   0: 3 0x80003490 (0x854d) x10 0xffffffff
core   0: 0x80003492 (0x2df9f593) andi    a1, s3, 735
core   0: 3 0x80003492 (0x2df9f593) x11 0x00000000
core   0: 0x80003496 (0x03347b33) remu    s6, s0, s3
core   0: 3 0x80003496 (0x03347b33) x22 0x00000000
core   0: 0x8000349a (0x03032ab3) mulhsu  s5, t1, a6
core   0: 3 0x8000349a (0x03032ab3) x21 0x00000000
core   0: 0x8000349e (0x003eda63) bge     t4, gp, pc + 20
core   0: 3 0x8000349e (0x003eda63)
core   0: 0x800034b2 (0xf4d86693) ori     a3, a6, -179
core   0: 3 0x800034b2 (0xf4d86693) x13 0xffffff4d
core   0: 0x800034b6 (0x4e187797) auipc   a5, 0x4e187
core   0: 3 0x800034b6 (0x4e187797) x15 0xce18a4b6
core   0: 0x800034ba (0x00006129) c.addi16sp sp, 192
core   0: 3 0x800034ba (0x6129) x2  0x80019a1e
core   0: 0x800034bc (0x00007bb3) and     s7, zero, zero
core   0: 3 0x800034bc (0x00007bb3) x23 0x00000000
core   0: 0x800034c0 (0x008937b3) sltu    a5, s2, s0
core   0: 3 0x800034c0 (0x008937b3) x15 0x00000000
core   0: 0x800034c4 (0x7997b793) sltiu   a5, a5, 1945
core   0: 3 0x800034c4 (0x7997b793) x15 0x00000001
core   0: 0x800034c8 (0x02c1ff33) remu    t5, gp, a2
core   0: 3 0x800034c8 (0x02c1ff33) x30 0x00000000
core   0: 0x800034cc (0x0287d7b3) divu    a5, a5, s0
core   0: 3 0x800034cc (0x0287d7b3) x15 0xffffffff
core   0: 0x800034d0 (0x0000853d) c.srai  a0, 15
core   0: 3 0x800034d0 (0x853d) x10 0xffffffff
core   0: 0x800034d2 (0x0000828e) c.mv    t0, gp
core   0: 3 0x800034d2 (0x828e) x5  0x00000000
core   0: 0x800034d4 (0x0000191c) c.addi4spn a5, sp, 176
core   0: 3 0x800034d4 (0x191c) x15 0x80019ace
core   0: 0x800034d6 (0x01c34bb3) xor     s7, t1, t3
core   0: 3 0x800034d6 (0x01c34bb3) x23 0x00000001
core   0: 0x800034da (0x0308fbb3) remu    s7, a7, a6
core   0: 3 0x800034da (0x0308fbb3) x23 0x00000000
core   0: 0x800034de (0x01ab0ab3) add     s5, s6, s10
core   0: 3 0x800034de (0x01ab0ab3) x21 0x00000001
core   0: 0x800034e2 (0x1c644413) xori    s0, s0, 454
core   0: 3 0x800034e2 (0x1c644413) x8  0x000001c6
core   0: 0x800034e6 (0x03ea6333) rem     t1, s4, t5
core   0: 3 0x800034e6 (0x03ea6333) x6  0x00000001
core   0: 0x800034ea (0x016a4463) blt     s4, s6, pc + 8
core   0: 3 0x800034ea (0x016a4463)
core   0: 0x800034ee (0x007c0633) add     a2, s8, t2
core   0: 3 0x800034ee (0x007c0633) x12 0x80025ea4
core   0: 0x800034f2 (0x1d32a693) slti    a3, t0, 467
core   0: 3 0x800034f2 (0x1d32a693) x13 0x00000001
core   0: 0x800034f6 (0x58bbc513) xori    a0, s7, 1419
core   0: 3 0x800034f6 (0x58bbc513) x10 0x0000058b
core   0: 0x800034fa (0x00008c79) c.and   s0, a4
core   0: 3 0x800034fa (0x8c79) x8  0x000001c2
core   0: 0x800034fc (0x3fcb0093) addi    ra, s6, 1020
core   0: 3 0x800034fc (0x3fcb0093) x1  0x000003fc
core   0: 0x80003500 (0x01d5ea13) ori     s4, a1, 29
core   0: 3 0x80003500 (0x01d5ea13) x20 0x0000001d
core   0: 0x80003504 (0x02517f63) bgeu    sp, t0, pc + 62
core   0: 3 0x80003504 (0x02517f63)
core   0: 0x80003542 (0x00000b4a) c.slli  s6, 18
core   0: 3 0x80003542 (0x0b4a) x22 0x00000000
core   0: 0x80003544 (0x410d5813) srai    a6, s10, 16
core   0: 3 0x80003544 (0x410d5813) x16 0x00000000
core   0: 0x80003548 (0x40ccd033) sra     zero, s9, a2
core   0: 3 0x80003548 (0x40ccd033)
core   0: 0x8000354c (0x03795533) divu    a0, s2, s7
core   0: 3 0x8000354c (0x03795533) x10 0xffffffff
core   0: 0x80003550 (0x00008791) c.srai  a5, 4
core   0: 3 0x80003550 (0x8791) x15 0xf80019ac
core   0: 0x80003552 (0x01c5cc93) xori    s9, a1, 28
core   0: 3 0x80003552 (0x01c5cc93) x25 0x0000001c
core   0: 0x80003556 (0x0add3813) sltiu   a6, s10, 173
core   0: 3 0x80003556 (0x0add3813) x16 0x00000001
core   0: 0x8000355a (0x00f71e63) bne     a4, a5, pc + 28
core   0: 3 0x8000355a (0x00f71e63)
core   0: 0x80003576 (0x02f97a33) remu    s4, s2, a5
core   0: 3 0x80003576 (0x02f97a33) x20 0x00000088
core   0: 0x8000357a (0x033d3e33) mulhu   t3, s10, s3
core   0: 3 0x8000357a (0x033d3e33) x28 0x00000000
core   0: 0x8000357e (0x034d4233) div     tp, s10, s4
core   0: 3 0x8000357e (0x034d4233) x4  0x00000000
core   0: 0x80003582 (0x4050dd33) sra     s10, ra, t0
core   0: 3 0x80003582 (0x4050dd33) x26 0x000003fc
core   0: 0x80003586 (0x00000001) c.nop
core   0: 3 0x80003586 (0x0001)
core   0: 0x80003588 (0x015c57b3) srl     a5, s8, s5
core   0: 3 0x80003588 (0x015c57b3) x15 0x40012f52
core   0: 0x8000358c (0x00890033) add     zero, s2, s0
core   0: 3 0x8000358c (0x00890033)
core   0: 0x80003590 (0x00d78763) beq     a5, a3, pc + 14
core   0: 3 0x80003590 (0x00d78763)
core   0: 0x80003594 (0x02c6c633) div     a2, a3, a2
core   0: 3 0x80003594 (0x02c6c633) x12 0x00000000
core   0: 0x80003598 (0x406ddc93) srai    s9, s11, 6
core   0: 3 0x80003598 (0x406ddc93) x25 0x00000000
core   0: 0x8000359c (0x000093ba) c.add   t2, a4
core   0: 3 0x8000359c (0x93ba) x7  0xffffffe3
core   0: 0x8000359e (0x0262eab3) rem     s5, t0, t1
core   0: 3 0x8000359e (0x0262eab3) x21 0x00000000
core   0: 0x800035a2 (0x35debd13) sltiu   s10, t4, 861
core   0: 3 0x800035a2 (0x35debd13) x26 0x00000001
core   0: 0x800035a6 (0x00008ead) c.xor   a3, a1
core   0: 3 0x800035a6 (0x8ead) x13 0x00000001
core   0: 0x800035a8 (0x011c9a13) slli    s4, s9, 17
core   0: 3 0x800035a8 (0x011c9a13) x20 0x00000000
core   0: 0x800035ac (0x55364493) xori    s1, a2, 1363
core   0: 3 0x800035ac (0x55364493) x9  0x00000553
core   0: 0x800035b0 (0x40405c93) srai    s9, zero, 4
core   0: 3 0x800035b0 (0x40405c93) x25 0x00000000
core   0: 0x800035b4 (0x00503833) snez    a6, t0
core   0: 3 0x800035b4 (0x00503833) x16 0x00000000
core   0: 0x800035b8 (0x0000c1a1) c.beqz  a1, pc + 64
core   0: 3 0x800035b8 (0xc1a1)
core   0: 0x800035f8 (0x00008f95) c.sub   a5, a3
core   0: 3 0x800035f8 (0x8f95) x15 0x40012f51
core   0: 0x800035fa (0x000083ad) c.srli  a5, 11
core   0: 3 0x800035fa (0x83ad) x15 0x00080025
core   0: 0x800035fc (0x03685e33) divu    t3, a6, s6
core   0: 3 0x800035fc (0x03685e33) x28 0xffffffff
core   0: 0x80003600 (0x011db6b3) sltu    a3, s11, a7
core   0: 3 0x80003600 (0x011db6b3) x13 0x00000000
core   0: 0x80003604 (0x03387833) remu    a6, a6, s3
core   0: 3 0x80003604 (0x03387833) x16 0x00000000
core   0: 0x80003608 (0x00000814) c.addi4spn a3, sp, 16
core   0: 3 0x80003608 (0x0814) x13 0x80019a2e
core   0: 0x8000360a (0x0000849a) c.mv    s1, t1
core   0: 3 0x8000360a (0x849a) x9  0x00000001
core   0: 0x8000360c (0x0239ccb3) div     s9, s3, gp
core   0: 3 0x8000360c (0x0239ccb3) x25 0xffffffff
core   0: 0x80003610 (0x00a751b3) srl     gp, a4, a0
core   0: 3 0x80003610 (0x00a751b3) x3  0x00000001
core   0: 0x80003614 (0x001049b3) xor     s3, zero, ra
core   0: 3 0x80003614 (0x001049b3) x19 0x000003fc
core   0: 0x80003618 (0x00009b1a) c.add   s6, t1
core   0: 3 0x80003618 (0x9b1a) x22 0x00000001
core   0: 0x8000361a (0x0263acb3) mulhsu  s9, t2, t1
core   0: 3 0x8000361a (0x0263acb3) x25 0xffffffff
core   0: 0x8000361e (0x00006e39) c.lui   t3, 0xe
core   0: 3 0x8000361e (0x6e39) x28 0x0000e000
core   0: 0x80003620 (0x00005a7d) c.li    s4, -1
core   0: 3 0x80003620 (0x5a7d) x20 0xffffffff
core   0: 0x80003622 (0xc4fa8693) addi    a3, s5, -945
core   0: 3 0x80003622 (0xc4fa8693) x13 0xfffffc4f
core   0: 0x80003626 (0x01f3dc63) bge     t2, t6, pc + 24
core   0: 3 0x80003626 (0x01f3dc63)
core   0: 0x8000363e (0x01b3ebb3) or      s7, t2, s11
core   0: 3 0x8000363e (0x01b3ebb3) x23 0xffffffe3
core   0: 0x80003642 (0x0126ad33) slt     s10, a3, s2
core   0: 3 0x80003642 (0x0126ad33) x26 0x00000001
core   0: 0x80003646 (0x0000e589) c.bnez  a1, pc + 10
core   0: 3 0x80003646 (0xe589)
core   0: 0x80003648 (0x00008e9d) c.sub   a3, a5
core   0: 3 0x80003648 (0x8e9d) x13 0xfff7fc2a
core   0: 0x8000364a (0x0254a2b3) mulhsu  t0, s1, t0
core   0: 3 0x8000364a (0x0254a2b3) x5  0x00000000
core   0: 0x8000364e (0x0000ea09) c.bnez  a2, pc + 18
core   0: 3 0x8000364e (0xea09)
core   0: 0x80003650 (0x00008145) c.srli  a0, 17
core   0: 3 0x80003650 (0x8145) x10 0x00007fff
core   0: 0x80003652 (0x00505333) srl     t1, zero, t0
core   0: 3 0x80003652 (0x00505333) x6  0x00000000
core   0: 0x80003656 (0x044b6263) bltu    s6, tp, pc + 68
core   0: 3 0x80003656 (0x044b6263)
core   0: 0x8000365a (0x03062db3) mulhsu  s11, a2, a6
core   0: 3 0x8000365a (0x03062db3) x27 0x00000000
core   0: 0x8000365e (0x00008192) c.mv    gp, tp
core   0: 3 0x8000365e (0x8192) x3  0x00000000
core   0: 0x80003660 (0x41aa56b3) sra     a3, s4, s10
core   0: 3 0x80003660 (0x41aa56b3) x13 0xffffffff
core   0: 0x80003664 (0x00008fb1) c.xor   a5, a2
core   0: 3 0x80003664 (0x8fb1) x15 0x00080025
core   0: 0x80003666 (0x00000001) c.nop
core   0: 3 0x80003666 (0x0001)
core   0: 0x80003668 (0x00000f1c) c.addi4spn a5, sp, 912
core   0: 3 0x80003668 (0x0f1c) x15 0x80019dae
core   0: 0x8000366a (0x009f90b3) sll     ra, t6, s1
core   0: 3 0x8000366a (0x009f90b3) x1  0x00053a48
core   0: 0x8000366e (0x00008e89) c.sub   a3, a0
core   0: 3 0x8000366e (0x8e89) x13 0xffff8000
core   0: 0x80003670 (0x0145da33) srl     s4, a1, s4
core   0: 3 0x80003670 (0x0145da33) x20 0x00000000
core   0: 0x80003674 (0xcd59b113) sltiu   sp, s3, -811
core   0: 3 0x80003674 (0xcd59b113) x2  0x00000001
core   0: 0x80003678 (0xc34d6c93) ori     s9, s10, -972
core   0: 3 0x80003678 (0xc34d6c93) x25 0xfffffc35
core   0: 0x8000367c (0x000098fd) c.andi  s1, -1
core   0: 3 0x8000367c (0x98fd) x9  0x00000001
core   0: 0x8000367e (0x6f0d7613) andi    a2, s10, 1776
core   0: 3 0x8000367e (0x6f0d7613) x12 0x00000000
core   0: 0x80003682 (0x03bc5233) divu    tp, s8, s11
core   0: 3 0x80003682 (0x03bc5233) x4  0xffffffff
core   0: 0x80003686 (0x03a16c63) bltu    sp, s10, pc + 56
core   0: 3 0x80003686 (0x03a16c63)
core   0: 0x8000368a (0xd029fd93) andi    s11, s3, -766
core   0: 3 0x8000368a (0xd029fd93) x27 0x00000100
core   0: 0x8000368e (0x02a84033) div     zero, a6, a0
core   0: 3 0x8000368e (0x02a84033)
core   0: 0x80003692 (0x02062933) mulhsu  s2, a2, zero
core   0: 3 0x80003692 (0x02062933) x18 0x00000000
core   0: 0x80003696 (0x4014d233) sra     tp, s1, ra
core   0: 3 0x80003696 (0x4014d233) x4  0x00000000
core   0: 0x8000369a (0x00ad0033) add     zero, s10, a0
core   0: 3 0x8000369a (0x00ad0033)
core   0: 0x8000369e (0x9c5fb093) sltiu   ra, t6, -1595
core   0: 3 0x8000369e (0x9c5fb093) x1  0x00000001
core   0: 0x800036a2 (0xb9dba937) lui     s2, 0xb9dba
core   0: 3 0x800036a2 (0xb9dba937) x18 0xb9dba000
core   0: 0x800036a6 (0x0241b3b3) mulhu   t2, gp, tp
core   0: 3 0x800036a6 (0x0241b3b3) x7  0x00000000
core   0: 0x800036aa (0x00000f14) c.addi4spn a3, sp, 912
core   0: 3 0x800036aa (0x0f14) x13 0x00000391
core   0: 0x800036ac (0x00b15313) srli    t1, sp, 11
core   0: 3 0x800036ac (0x00b15313) x6  0x00000000
core   0: 0x800036b0 (0x00008ead) c.xor   a3, a1
core   0: 3 0x800036b0 (0x8ead) x13 0x00000391
core   0: 0x800036b2 (0x0379d8b3) divu    a7, s3, s7
core   0: 3 0x800036b2 (0x0379d8b3) x17 0x00000000
core   0: 0x800036b6 (0x000081e5) c.srli  a1, 25
core   0: 3 0x800036b6 (0x81e5) x11 0x00000000
core   0: 0x800036b8 (0x02651763) bne     a0, t1, pc + 46
core   0: 3 0x800036b8 (0x02651763)
core   0: 0x800036e6 (0x00008de5) c.and   a1, s1
core   0: 3 0x800036e6 (0x8de5) x11 0x00000000
core   0: 0x800036e8 (0x019394b3) sll     s1, t2, s9
core   0: 3 0x800036e8 (0x019394b3) x9  0x00000000
core   0: 0x800036ec (0x00241933) sll     s2, s0, sp
core   0: 3 0x800036ec (0x00241933) x18 0x00000384
core   0: 0x800036f0 (0x45faba93) sltiu   s5, s5, 1119
core   0: 3 0x800036f0 (0x45faba93) x21 0x00000001
core   0: 0x800036f4 (0x00000001) c.nop
core   0: 3 0x800036f4 (0x0001)
core   0: 0x800036f6 (0x0561ad93) slti    s11, gp, 86
core   0: 3 0x800036f6 (0x0561ad93) x27 0x00000001
core   0: 0x800036fa (0x41690533) sub     a0, s2, s6
core   0: 3 0x800036fa (0x41690533) x10 0x00000383
core   0: 0x800036fe (0x0000085e) c.slli  a6, 23
core   0: 3 0x800036fe (0x085e) x16 0x00000000
core   0: 0x80003700 (0x41f35e13) srai    t3, t1, 31
core   0: 3 0x80003700 (0x41f35e13) x28 0x00000000
core   0: 0x80003704 (0x00008446) c.mv    s0, a7
core   0: 3 0x80003704 (0x8446) x8  0x00000000
core   0: 0x80003706 (0x000060d9) c.lui   ra, 0x16
core   0: 3 0x80003706 (0x60d9) x1  0x00016000
core   0: 0x80003708 (0x02e78e63) beq     a5, a4, pc + 60
core   0: 3 0x80003708 (0x02e78e63)
core   0: 0x8000370c (0x15f26113) ori     sp, tp, 351
core   0: 3 0x8000370c (0x15f26113) x2  0x0000015f
core   0: 0x80003710 (0xb474bf13) sltiu   t5, s1, -1209
core   0: 3 0x80003710 (0xb474bf13) x30 0x00000001
core   0: 0x80003714 (0x0000c789) c.beqz  a5, pc + 10
core   0: 3 0x80003714 (0xc789)
core   0: 0x80003716 (0x00000001) c.nop
core   0: 3 0x80003716 (0x0001)
core   0: 0x80003718 (0x01ef66b3) or      a3, t5, t5
core   0: 3 0x80003718 (0x01ef66b3) x13 0x00000001
core   0: 0x8000371c (0x0000127d) c.addi  tp, -1
core   0: 3 0x8000371c (0x127d) x4  0xffffffff
core   0: 0x8000371e (0x02c81833) mulh    a6, a6, a2
core   0: 3 0x8000371e (0x02c81833) x16 0x00000000
core   0: 0x80003722 (0x000092da) c.add   t0, s6
core   0: 3 0x80003722 (0x92da) x5  0x00000001
core   0: 0x80003724 (0x00000001) c.nop
core   0: 3 0x80003724 (0x0001)
core   0: 0x80003726 (0x03696bb3) rem     s7, s2, s6
core   0: 3 0x80003726 (0x03696bb3) x23 0x00000000
core   0: 0x8000372a (0x03015d63) bge     sp, a6, pc + 58
core   0: 3 0x8000372a (0x03015d63)
core   0: 0x80003764 (0x00000001) c.nop
core   0: 3 0x80003764 (0x0001)
core   0: 0x80003766 (0x000006be) c.slli  a3, 15
core   0: 3 0x80003766 (0x06be) x13 0x00008000
core   0: 0x80003768 (0x00008d9d) c.sub   a1, a5
core   0: 3 0x80003768 (0x8d9d) x11 0x7ffe6252
core   0: 0x8000376a (0x00008fe9) c.and   a5, a0
core   0: 3 0x8000376a (0x8fe9) x15 0x00000182
core   0: 0x8000376c (0x009eb9b3) sltu    s3, t4, s1
core   0: 3 0x8000376c (0x009eb9b3) x19 0x00000000
core   0: 0x80003770 (0x00008fdd) c.or    a5, a5
core   0: 3 0x80003770 (0x8fdd) x15 0x00000182
core   0: 0x80003772 (0x00d66263) bltu    a2, a3, pc + 4
core   0: 3 0x80003772 (0x00d66263)
core   0: 0x80003776 (0x00009156) c.add   sp, s5
core   0: 3 0x80003776 (0x9156) x2  0x00000160
core   0: 0x80003778 (0x01d5ca63) blt     a1, t4, pc + 20
core   0: 3 0x80003778 (0x01d5ca63)
core   0: 0x8000377c (0x3bd1e813) ori     a6, gp, 957
core   0: 3 0x8000377c (0x3bd1e813) x16 0x000003bd
core   0: 0x80003780 (0x11e82513) slti    a0, a6, 286
core   0: 3 0x80003780 (0x11e82513) x10 0x00000000
core   0: 0x80003784 (0x00fcaf33) slt     t5, s9, a5
core   0: 3 0x80003784 (0x00fcaf33) x30 0x00000001
core   0: 0x80003788 (0x02fa9db3) mulh    s11, s5, a5
core   0: 3 0x80003788 (0x02fa9db3) x27 0x00000000
core   0: 0x8000378c (0x418e8bb3) sub     s7, t4, s8
core   0: 3 0x8000378c (0x418e8bb3) x23 0x7ffda164
core   0: 0x80003790 (0x00000a8a) c.slli  s5, 2
core   0: 3 0x80003790 (0x0a8a) x21 0x00000004
core   0: 0x80003792 (0x0000ca0d) c.beqz  a2, pc + 50
core   0: 3 0x80003792 (0xca0d)
core   0: 0x800037c4 (0x011506b3) add     a3, a0, a7
core   0: 3 0x800037c4 (0x011506b3) x13 0x00000000
core   0: 0x800037c8 (0x00008ff9) c.and   a5, a4
core   0: 3 0x800037c8 (0x8ff9) x15 0x00000182
core   0: 0x800037ca (0x00000cf2) c.slli  s9, 28
core   0: 3 0x800037ca (0x0cf2) x25 0x50000000
core   0: 0x800037cc (0x400807b3) sub     a5, a6, zero
core   0: 3 0x800037cc (0x400807b3) x15 0x000003bd
core   0: 0x800037d0 (0x0285d8b3) divu    a7, a1, s0
core   0: 3 0x800037d0 (0x0285d8b3) x17 0xffffffff
core   0: 0x800037d4 (0x0000945e) c.add   s0, s7
core   0: 3 0x800037d4 (0x945e) x8  0x7ffda164
core   0: 0x800037d6 (0x0000ce01) c.beqz  a2, pc + 24
core   0: 3 0x800037d6 (0xce01)
core   0: 0x800037ee (0x00000890) c.addi4spn a2, sp, 80
core   0: 3 0x800037ee (0x0890) x12 0x000001b0
core   0: 0x800037f0 (0x006fe4b3) or      s1, t6, t1
core   0: 3 0x800037f0 (0x006fe4b3) x9  0x80029d24
core   0: 0x800037f4 (0x02a04db3) div     s11, zero, a0
core   0: 3 0x800037f4 (0x02a04db3) x27 0xffffffff
core   0: 0x800037f8 (0x00006bb1) c.lui   s7, 0xc
core   0: 3 0x800037f8 (0x6bb1) x23 0x0000c000
core   0: 0x800037fa (0x0000873d) c.srai  a4, 15
core   0: 3 0x800037fa (0x873d) x14 0xffffffff
core   0: 0x800037fc (0x00c17ab3) and     s5, sp, a2
core   0: 3 0x800037fc (0x00c17ab3) x21 0x00000120
core   0: 0x80003800 (0x038cc063) blt     s9, s8, pc + 32
core   0: 3 0x80003800 (0x038cc063)
core   0: 0x80003804 (0x3ee87193) andi    gp, a6, 1006
core   0: 3 0x80003804 (0x3ee87193) x3  0x000003ac
core   0: 0x80003808 (0x00009d06) c.add   s10, ra
core   0: 3 0x80003808 (0x9d06) x26 0x00016001
core   0: 0x8000380a (0x02ab1f33) mulh    t5, s6, a0
core   0: 3 0x8000380a (0x02ab1f33) x30 0x00000000
core   0: 0x8000380e (0x01402b33) slt     s6, zero, s4
core   0: 3 0x8000380e (0x01402b33) x22 0x00000000
core   0: 0x80003812 (0x000087ba) c.mv    a5, a4
core   0: 3 0x80003812 (0x87ba) x15 0xffffffff
core   0: 0x80003814 (0x41038ab3) sub     s5, t2, a6
core   0: 3 0x80003814 (0x41038ab3) x21 0xfffffc43
core   0: 0x80003818 (0x019ed133) srl     sp, t4, s9
core   0: 3 0x80003818 (0x019ed133) x2  0x00000008
core   0: 0x8000381c (0x02a6eab3) rem     s5, a3, a0
core   0: 3 0x8000381c (0x02a6eab3) x21 0x00000000
core   0: 0x80003820 (0x000002a2) c.slli  t0, 8
core   0: 3 0x80003820 (0x02a2) x5  0x00000100
core   0: 0x80003822 (0x40fc0d33) sub     s10, s8, a5
core   0: 3 0x80003822 (0x40fc0d33) x26 0x80025ea5
core   0: 0x80003826 (0x411dde13) srai    t3, s11, 17
core   0: 3 0x80003826 (0x411dde13) x28 0xffffffff
core   0: 0x8000382a (0x00b06833) or      a6, zero, a1
core   0: 3 0x8000382a (0x00b06833) x16 0x7ffe6252
core   0: 0x8000382e (0x0112ccb3) xor     s9, t0, a7
core   0: 3 0x8000382e (0x0112ccb3) x25 0xfffffeff
core   0: 0x80003832 (0x00000001) c.nop
core   0: 3 0x80003832 (0x0001)
core   0: 0x80003834 (0x25553013) sltiu   zero, a0, 597
core   0: 3 0x80003834 (0x25553013)
core   0: 0x80003838 (0x02772db3) mulhsu  s11, a4, t2
core   0: 3 0x80003838 (0x02772db3) x27 0x00000000
core   0: 0x8000383c (0xcfdf3113) sltiu   sp, t5, -771
core   0: 3 0x8000383c (0xcfdf3113) x2  0x00000001
core   0: 0x80003840 (0x027f3033) mulhu   zero, t5, t2
core   0: 3 0x80003840 (0x027f3033)
core   0: 0x80003844 (0x00008e6d) c.and   a2, a1
core   0: 3 0x80003844 (0x8e6d) x12 0x00000010
core   0: 0x80003846 (0x03070063) beq     a4, a6, pc + 32
core   0: 3 0x80003846 (0x03070063)
core   0: 0x8000384a (0x46f60217) auipc   tp, 0x46f60
core   0: 3 0x8000384a (0x46f60217) x4  0xc6f6384a
core   0: 0x8000384e (0x016336b3) sltu    a3, t1, s6
core   0: 3 0x8000384e (0x016336b3) x13 0x00000000
core   0: 0x80003852 (0x00447b33) and     s6, s0, tp
core   0: 3 0x80003852 (0x00447b33) x22 0x46f42040
core   0: 0x80003856 (0x03413cb3) mulhu   s9, sp, s4
core   0: 3 0x80003856 (0x03413cb3) x25 0x00000000
core   0: 0x8000385a (0x031a3a33) mulhu   s4, s4, a7
core   0: 3 0x8000385a (0x031a3a33) x20 0x00000000
core   0: 0x8000385e (0x000043c5) c.li    t2, 17
core   0: 3 0x8000385e (0x43c5) x7  0x00000011
core   0: 0x80003860 (0x0189c763) blt     s3, s8, pc + 14
core   0: 3 0x80003860 (0x0189c763)
core   0: 0x80003864 (0x0000717d) c.addi16sp sp, -16
core   0: 3 0x80003864 (0x717d) x2  0xfffffff1
core   0: 0x80003866 (0xb8f3c717) auipc   a4, 0xb8f3c
core   0: 3 0x80003866 (0xb8f3c717) x14 0x38f3f866
core   0: 0x8000386a (0x003b9d13) slli    s10, s7, 3
core   0: 3 0x8000386a (0x003b9d13) x26 0x00060000
core   0: 0x8000386e (0x031c7963) bgeu    s8, a7, pc + 50
core   0: 3 0x8000386e (0x031c7963)
core   0: 0x80003872 (0x40720ab3) sub     s5, tp, t2
core   0: 3 0x80003872 (0x40720ab3) x21 0xc6f63839
core   0: 0x80003876 (0x02a80033) mul     zero, a6, a0
core   0: 3 0x80003876 (0x02a80033)
core   0: 0x8000387a (0x00b49763) bne     s1, a1, pc + 14
core   0: 3 0x8000387a (0x00b49763)
core   0: 0x80003888 (0x00000001) c.nop
core   0: 3 0x80003888 (0x0001)
core   0: 0x8000388a (0x011f92b3) sll     t0, t6, a7
core   0: 3 0x8000388a (0x011f92b3) x5  0x00000000
core   0: 0x8000388e (0x00000aa6) c.slli  s5, 9
core   0: 3 0x8000388e (0x0aa6) x21 0xec707200
core   0: 0x80003890 (0x993ab193) sltiu   gp, s5, -1645
core   0: 3 0x80003890 (0x993ab193) x3  0x00000001
core   0: 0x80003894 (0x011889b3) add     s3, a7, a7
core   0: 3 0x80003894 (0x011889b3) x19 0xfffffffe
core   0: 0x80003898 (0x00160463) beq     a2, ra, pc + 8
core   0: 3 0x80003898 (0x00160463)
core   0: 0x8000389c (0x02499463) bne     s3, tp, pc + 40
core   0: 3 0x8000389c (0x02499463)
core   0: 0x800038c4 (0x0000717d) c.addi16sp sp, -16
core   0: 3 0x800038c4 (0x717d) x2  0xffffffe1
core   0: 0x800038c6 (0x40d4d3b3) sra     t2, s1, a3
core   0: 3 0x800038c6 (0x40d4d3b3) x7  0x80029d24
core   0: 0x800038ca (0x00008932) c.mv    s2, a2
core   0: 3 0x800038ca (0x8932) x18 0x00000010
core   0: 0x800038cc (0xb8a9ad93) slti    s11, s3, -1142
core   0: 3 0x800038cc (0xb8a9ad93) x27 0x00000000
core   0: 0x800038d0 (0x01148ab3) add     s5, s1, a7
core   0: 3 0x800038d0 (0x01148ab3) x21 0x80029d23
core   0: 0x800038d4 (0x01708963) beq     ra, s7, pc + 18
core   0: 3 0x800038d4 (0x01708963)
core   0: 0x800038d8 (0x0000e589) c.bnez  a1, pc + 10
core   0: 3 0x800038d8 (0xe589)
core   0: 0x800038e2 (0x01bd7f63) bgeu    s10, s11, pc + 30
core   0: 3 0x800038e2 (0x01bd7f63)
core   0: 0x80003900 (0xfc1ac5b7) lui     a1, 0xfc1ac
core   0: 3 0x80003900 (0xfc1ac5b7) x11 0xfc1ac000
core   0: 0x80003904 (0x00008aea) c.mv    s5, s10
core   0: 3 0x80003904 (0x8aea) x21 0x00060000
core   0: 0x80003906 (0x00008fb9) c.xor   a5, a4
core   0: 3 0x80003906 (0x8fb9) x15 0xc70c0799
core   0: 0x80003908 (0x00006909) c.lui   s2, 0x2
core   0: 3 0x80003908 (0x6909) x18 0x00002000
core   0: 0x8000390a (0x00005cfd) c.li    s9, -1
core   0: 3 0x8000390a (0x5cfd) x25 0xffffffff
core   0: 0x8000390c (0x00008409) c.srai  s0, 2
core   0: 3 0x8000390c (0x8409) x8  0x1fff6859
core   0: 0x8000390e (0x0000858d) c.srai  a1, 3
core   0: 3 0x8000390e (0x858d) x11 0xff835800
core   0: 0x80003910 (0x035f6633) rem     a2, t5, s5
core   0: 3 0x80003910 (0x035f6633) x12 0x00000000
core   0: 0x80003914 (0x017a3533) sltu    a0, s4, s7
core   0: 3 0x80003914 (0x017a3533) x10 0x00000001
core   0: 0x80003918 (0x1b717d93) andi    s11, sp, 439
core   0: 3 0x80003918 (0x1b717d93) x27 0x000001a1
core   0: 0x8000391c (0x0000717d) c.addi16sp sp, -16
core   0: 3 0x8000391c (0x717d) x2  0xffffffd1
core   0: 0x8000391e (0x0308ad33) mulhsu  s10, a7, a6
core   0: 3 0x8000391e (0x0308ad33) x26 0xffffffff
core   0: 0x80003922 (0x031bc333) div     t1, s7, a7
core   0: 3 0x80003922 (0x031bc333) x6  0xffff4000
core   0: 0x80003926 (0x00000001) c.nop
core   0: 3 0x80003926 (0x0001)
core   0: 0x80003928 (0x0000d297) auipc   t0, 0xd
core   0: 3 0x80003928 (0x0000d297) x5  0x80010928
core   0: 0x8000392c (0xceb28293) addi    t0, t0, -789
core   0: 3 0x8000392c (0xceb28293) x5  0x80010613
core   0: 0x80003930 (0xea128623) sb      ra, -340(t0)
core   0: 3 0x80003930 (0xea128623) mem 0x800104bf 0x00
core   0: 0x80003934 (0x0bb29d03) lh      s10, 187(t0)
core   0: 3 0x80003934 (0x0bb29d03) x26 0x00005c1c mem 0x800106ce
core   0: 0x80003938 (0x03653333) mulhu   t1, a0, s6
core   0: 3 0x80003938 (0x03653333) x6  0x00000000
core   0: 0x8000393c (0x7352d683) lhu     a3, 1845(t0)
core   0: 3 0x8000393c (0x7352d683) x13 0x0000f3c2 mem 0x80010d48
core   0: 0x80003940 (0x7382aaa3) sw      s8, 1845(t0)
core   0: 3 0x80003940 (0x7382aaa3) mem 0x80010d48 0x80025ea4
core   0: 0x80003944 (0xb39296a3) sh      s9, -1235(t0)
core   0: 3 0x80003944 (0xb39296a3) mem 0x80010140 0xffff
core   0: 0x80003948 (0x0173ae33) slt     t3, t2, s7
core   0: 3 0x80003948 (0x0173ae33) x28 0x00000001
core   0: 0x8000394c (0xb262a6a3) sw      t1, -1235(t0)
core   0: 3 0x8000394c (0xb262a6a3) mem 0x80010140 0x00000000
core   0: 0x80003950 (0xb2d2a003) lw      zero, -1235(t0)
core   0: 3 0x80003950 (0xb2d2a003) mem 0x80010140
core   0: 0x80003954 (0x03b325b3) mulhsu  a1, t1, s11
core   0: 3 0x80003954 (0x03b325b3) x11 0x00000000
core   0: 0x80003958 (0x8a616793) ori     a5, sp, -1882
core   0: 3 0x80003958 (0x8a616793) x15 0xfffffff7
core   0: 0x8000395c (0xd5a2ca83) lbu     s5, -678(t0)
core   0: 3 0x8000395c (0xd5a2ca83) x21 0x0000007f mem 0x8001036d
core   0: 0x80003960 (0xed644213) xori    tp, s0, -298
core   0: 3 0x80003960 (0xed644213) x4  0xe000968f
core   0: 0x80003964 (0xd5a2cb03) lbu     s6, -678(t0)
core   0: 3 0x80003964 (0xd5a2cb03) x22 0x0000007f mem 0x8001036d
core   0: 0x80003968 (0x77328e03) lb      t3, 1907(t0)
core   0: 3 0x80003968 (0x77328e03) x28 0xffffffd0 mem 0x80010d86
core   0: 0x8000396c (0x77328203) lb      tp, 1907(t0)
core   0: 3 0x8000396c (0x77328203) x4  0xffffffd0 mem 0x80010d86
core   0: 0x80003970 (0x76d289a3) sb      a3, 1907(t0)
core   0: 3 0x80003970 (0x76d289a3) mem 0x80010d86 0xc2
core   0: 0x80003974 (0x7732c683) lbu     a3, 1907(t0)
core   0: 3 0x80003974 (0x7732c683) x13 0x000000c2 mem 0x80010d86
core   0: 0x80003978 (0xb0e28d03) lb      s10, -1266(t0)
core   0: 3 0x80003978 (0xb0e28d03) x26 0xffffffa2 mem 0x80010121
core   0: 0x8000397c (0xb0e28723) sb      a4, -1266(t0)
core   0: 3 0x8000397c (0xb0e28723) mem 0x80010121 0x66
core   0: 0x80003980 (0xd912c503) lbu     a0, -623(t0)
core   0: 3 0x80003980 (0xd912c503) x10 0x00000001 mem 0x800103a4
core   0: 0x80003984 (0xd9129203) lh      tp, -623(t0)
core   0: 3 0x80003984 (0xd9129203) x4  0x00002801 mem 0x800103a4
core   0: 0x80003988 (0x36b2d683) lhu     a3, 875(t0)
core   0: 3 0x80003988 (0x36b2d683) x13 0x000047e5 mem 0x8001097e
core   0: 0x8000398c (0x36b29d83) lh      s11, 875(t0)
core   0: 3 0x8000398c (0x36b29d83) x27 0x000047e5 mem 0x8001097e
core   0: 0x80003990 (0x03118e33) mul     t3, gp, a7
core   0: 3 0x80003990 (0x03118e33) x28 0xffffffff
core   0: 0x80003994 (0x4103db13) srai    s6, t2, 16
core   0: 3 0x80003994 (0x4103db13) x22 0xffff8002
core   0: 0x80003998 (0x0000015a) c.slli  sp, 22
core   0: 3 0x80003998 (0x015a) x2  0xf4400000
core   0: 0x8000399a (0x4158d0b3) sra     ra, a7, s5
core   0: 3 0x8000399a (0x4158d0b3) x1  0xffffffff
core   0: 0x8000399e (0x00000691) c.addi  a3, 4
core   0: 3 0x8000399e (0x0691) x13 0x000047e9
core   0: 0x800039a0 (0x00008f19) c.sub   a4, a4
core   0: 3 0x800039a0 (0x8f19) x14 0x00000000
core   0: 0x800039a2 (0x00dac963) blt     s5, a3, pc + 18
core   0: 3 0x800039a2 (0x00dac963)
core   0: 0x800039b4 (0x00000e4e) c.slli  t3, 19
core   0: 3 0x800039b4 (0x0e4e) x28 0xfff80000
core   0: 0x800039b6 (0x0387f1b3) remu    gp, a5, s8
core   0: 3 0x800039b6 (0x0387f1b3) x3  0x7ffda153
core   0: 0x800039ba (0x407a0533) sub     a0, s4, t2
core   0: 3 0x800039ba (0x407a0533) x10 0x7ffd62dc
core   0: 0x800039be (0x011a7133) and     sp, s4, a7
core   0: 3 0x800039be (0x011a7133) x2  0x00000000
core   0: 0x800039c2 (0x00008af2) c.mv    s5, t3
core   0: 3 0x800039c2 (0x8af2) x21 0xfff80000
core   0: 0x800039c4 (0x00981d33) sll     s10, a6, s1
core   0: 3 0x800039c4 (0x00981d33) x26 0xffe62520
core   0: 0x800039c8 (0x000006fe) c.slli  a3, 31
core   0: 3 0x800039c8 (0x06fe) x13 0x80000000
core   0: 0x800039ca (0x01437a63) bgeu    t1, s4, pc + 20
core   0: 3 0x800039ca (0x01437a63)
core   0: 0x800039de (0x00008cc1) c.or    s1, s0
core   0: 3 0x800039de (0x8cc1) x9  0x9ffffd7d
core   0: 0x800039e0 (0x00009f3a) c.add   t5, a4
core   0: 3 0x800039e0 (0x9f3a) x30 0x00000000
core   0: 0x800039e2 (0x00000001) c.nop
core   0: 3 0x800039e2 (0x0001)
core   0: 0x800039e4 (0x00008692) c.mv    a3, tp
core   0: 3 0x800039e4 (0x8692) x13 0x00002801
core   0: 0x800039e6 (0x53d12413) slti    s0, sp, 1341
core   0: 3 0x800039e6 (0x53d12413) x8  0x00000001
core   0: 0x800039ea (0x00008ea5) c.xor   a3, s1
core   0: 3 0x800039ea (0x8ea5) x13 0x9fffd57c
core   0: 0x800039ec (0x10fdf013) andi    zero, s11, 271
core   0: 3 0x800039ec (0x10fdf013)
core   0: 0x800039f0 (0x0035d113) srli    sp, a1, 3
core   0: 3 0x800039f0 (0x0035d113) x2  0x00000000
core   0: 0x800039f4 (0x003ab2b3) sltu    t0, s5, gp
core   0: 3 0x800039f4 (0x003ab2b3) x5  0x00000000
core   0: 0x800039f8 (0x00008fa5) c.xor   a5, s1
core   0: 3 0x800039f8 (0x8fa5) x15 0x6000028a
core   0: 0x800039fa (0x02de8263) beq     t4, a3, pc + 36
core   0: 3 0x800039fa (0x02de8263)
core   0: 0x800039fe (0xb5e20d13) addi    s10, tp, -1186
core   0: 3 0x800039fe (0xb5e20d13) x26 0x0000235f
core   0: 0x80003a02 (0x02077d63) bgeu    a4, zero, pc + 58
core   0: 3 0x80003a02 (0x02077d63)
core   0: 0x80003a3c (0x000006be) c.slli  a3, 15
core   0: 3 0x80003a3c (0x06be) x13 0xeabe0000
core   0: 0x80003a3e (0x00d28f33) add     t5, t0, a3
core   0: 3 0x80003a3e (0x00d28f33) x30 0xeabe0000
core   0: 0x80003a42 (0x000083c9) c.srli  a5, 18
core   0: 3 0x80003a42 (0x83c9) x15 0x00001800
core   0: 0x80003a44 (0x000082b5) c.srli  a3, 13
core   0: 3 0x80003a44 (0x82b5) x13 0x000755f0
core   0: 0x80003a46 (0x0000c889) c.beqz  s1, pc + 18
core   0: 3 0x80003a46 (0xc889)
core   0: 0x80003a48 (0x41938b33) sub     s6, t2, s9
core   0: 3 0x80003a48 (0x41938b33) x22 0x80029d25
core   0: 0x80003a4c (0x47212613) slti    a2, sp, 1138
core   0: 3 0x80003a4c (0x47212613) x12 0x00000001
core   0: 0x80003a50 (0x03f158b3) divu    a7, sp, t6
core   0: 3 0x80003a50 (0x03f158b3) x17 0x00000000
core   0: 0x80003a54 (0x42488193) addi    gp, a7, 1060
core   0: 3 0x80003a54 (0x42488193) x3  0x00000424
core   0: 0x80003a58 (0x03e73db3) mulhu   s11, a4, t5
core   0: 3 0x80003a58 (0x03e73db3) x27 0x00000000
core   0: 0x80003a5c (0x00000476) c.slli  s0, 29
core   0: 3 0x80003a5c (0x0476) x8  0x20000000
core   0: 0x80003a5e (0x00f5b833) sltu    a6, a1, a5
core   0: 3 0x80003a5e (0x00f5b833) x16 0x00000001
core   0: 0x80003a62 (0x40be5813) srai    a6, t3, 11
core   0: 3 0x80003a62 (0x40be5813) x16 0xffffff00
core   0: 0x80003a66 (0x400fd933) sra     s2, t6, zero
core   0: 3 0x80003a66 (0x400fd933) x18 0x80029d24
core   0: 0x80003a6a (0x03a81cb3) mulh    s9, a6, s10
core   0: 3 0x80003a6a (0x03a81cb3) x25 0xffffffff
core   0: 0x80003a6e (0x004ee033) or      zero, t4, tp
core   0: 3 0x80003a6e (0x004ee033)
core   0: 0x80003a72 (0x25b2a013) slti    zero, t0, 603
core   0: 3 0x80003a72 (0x25b2a013)
core   0: 0x80003a76 (0x003c85b3) add     a1, s9, gp
core   0: 3 0x80003a76 (0x003c85b3) x11 0x00000423
core   0: 0x80003a7a (0x6da6b993) sltiu   s3, a3, 1754
core   0: 3 0x80003a7a (0x6da6b993) x19 0x00000000
core   0: 0x80003a7e (0x03a60f63) beq     a2, s10, pc + 62
core   0: 3 0x80003a7e (0x03a60f63)
core   0: 0x80003a82 (0x0011fb33) and     s6, gp, ra
core   0: 3 0x80003a82 (0x0011fb33) x22 0x00000424
core   0: 0x80003a86 (0x14590197) auipc   gp, 0x14590
core   0: 3 0x80003a86 (0x14590197) x3  0x94593a86
core   0: 0x80003a8a (0x75b43a93) sltiu   s5, s0, 1883
core   0: 3 0x80003a8a (0x75b43a93) x21 0x00000000
core   0: 0x80003a8e (0x0391d8b3) divu    a7, gp, s9
core   0: 3 0x80003a8e (0x0391d8b3) x17 0x00000000
core   0: 0x80003a92 (0x00e18ab3) add     s5, gp, a4
core   0: 3 0x80003a92 (0x00e18ab3) x21 0x94593a86
core   0: 0x80003a96 (0x0544c263) blt     s1, s4, pc + 68
core   0: 3 0x80003a96 (0x0544c263)
core   0: 0x80003ada (0x00009d72) c.add   s10, t3
core   0: 3 0x80003ada (0x9d72) x26 0xfff8235f
core   0: 0x80003adc (0x479ff637) lui     a2, 0x479ff
core   0: 3 0x80003adc (0x479ff637) x12 0x479ff000
core   0: 0x80003ae0 (0x0211ba33) mulhu   s4, gp, ra
core   0: 3 0x80003ae0 (0x0211ba33) x20 0x94593a85
core   0: 0x80003ae4 (0x4020df13) srai    t5, ra, 2
core   0: 3 0x80003ae4 (0x4020df13) x30 0xffffffff
core   0: 0x80003ae8 (0x8d102893) slti    a7, zero, -1839
core   0: 3 0x80003ae8 (0x8d102893) x17 0x00000000
core   0: 0x80003aec (0x0000c605) c.beqz  a2, pc + 40
core   0: 3 0x80003aec (0xc605)
core   0: 0x80003aee (0x015885b3) add     a1, a7, s5
core   0: 3 0x80003aee (0x015885b3) x11 0x94593a86
core   0: 0x80003af2 (0xf9aa4e13) xori    t3, s4, -102
core   0: 3 0x80003af2 (0xf9aa4e13) x28 0x6ba6c51f
core   0: 0x80003af6 (0x01290833) add     a6, s2, s2
core   0: 3 0x80003af6 (0x01290833) x16 0x00053a48
core   0: 0x80003afa (0x0000717d) c.addi16sp sp, -16
core   0: 3 0x80003afa (0x717d) x2  0xfffffff0
core   0: 0x80003afc (0x00008dc6) c.mv    s11, a7
core   0: 3 0x80003afc (0x8dc6) x27 0x00000000
core   0: 0x80003afe (0xd31bb393) sltiu   t2, s7, -719
core   0: 3 0x80003afe (0xd31bb393) x7  0x00000001
core   0: 0x80003b02 (0xbd7b8493) addi    s1, s7, -1065
core   0: 3 0x80003b02 (0xbd7b8493) x9  0x0000bbd7
core   0: 0x80003b06 (0x07c3a8b7) lui     a7, 0x7c3a
core   0: 3 0x80003b06 (0x07c3a8b7) x17 0x07c3a000
core   0: 0x80003b0a (0x014128b3) slt     a7, sp, s4
core   0: 3 0x80003b0a (0x014128b3) x17 0x00000000
core   0: 0x80003b0e (0x00009b7d) c.andi  a4, -1
core   0: 3 0x80003b0e (0x9b7d) x14 0x00000000
core   0: 0x80003b10 (0x40c55bb3) sra     s7, a0, a2
core   0: 3 0x80003b10 (0x40c55bb3) x23 0x7ffd62dc
core   0: 0x80003b14 (0x028c3ab3) mulhu   s5, s8, s0
core   0: 3 0x80003b14 (0x028c3ab3) x21 0x10004bd4
core   0: 0x80003b18 (0x007f1713) slli    a4, t5, 7
core   0: 3 0x80003b18 (0x007f1713) x14 0xffffff80
core   0: 0x80003b1c (0x00d1dc93) srli    s9, gp, 13
core   0: 3 0x80003b1c (0x00d1dc93) x25 0x0004a2c9
core   0: 0x80003b20 (0x00008312) c.mv    t1, tp
core   0: 3 0x80003b20 (0x8312) x6  0x00002801
core   0: 0x80003b22 (0x00ffcf33) xor     t5, t6, a5
core   0: 3 0x80003b22 (0x00ffcf33) x30 0x80028524
core   0: 0x80003b26 (0x03b9e5b3) rem     a1, s3, s11
core   0: 3 0x80003b26 (0x03b9e5b3) x11 0x00000000
core   0: 0x80003b2a (0x026ec363) blt     t4, t1, pc + 38
core   0: 3 0x80003b2a (0x026ec363)
core   0: 0x80003b50 (0x03c7f1b3) remu    gp, a5, t3
core   0: 3 0x80003b50 (0x03c7f1b3) x3  0x00001800
core   0: 0x80003b54 (0x00008796) c.mv    a5, t0
core   0: 3 0x80003b54 (0x8796) x15 0x00000000
core   0: 0x80003b56 (0x3a532013) slti    zero, t1, 933
core   0: 3 0x80003b56 (0x3a532013)
core   0: 0x80003b5a (0x00094e33) xor     t3, s2, zero
core   0: 3 0x80003b5a (0x00094e33) x28 0x80029d24
core   0: 0x80003b5e (0x57bc73b7) lui     t2, 0x57bc7
core   0: 3 0x80003b5e (0x57bc73b7) x7  0x57bc7000
core   0: 0x80003b62 (0x00008799) c.srai  a5, 6
core   0: 3 0x80003b62 (0x8799) x15 0x00000000
core   0: 0x80003b64 (0x00729cb3) sll     s9, t0, t2
core   0: 3 0x80003b64 (0x00729cb3) x25 0x00000000
core   0: 0x80003b68 (0x00008c3d) c.xor   s0, a5
core   0: 3 0x80003b68 (0x8c3d) x8  0x20000000
core   0: 0x80003b6a (0x00659cb3) sll     s9, a1, t1
core   0: 3 0x80003b6a (0x00659cb3) x25 0x00000000
core   0: 0x80003b6e (0x01e37263) bgeu    t1, t5, pc + 4
core   0: 3 0x80003b6e (0x01e37263)
core   0: 0x80003b72 (0x00006f19) c.lui   t5, 0x6
core   0: 3 0x80003b72 (0x6f19) x30 0x00006000
core   0: 0x80003b74 (0x4bce0093) addi    ra, t3, 1212
core   0: 3 0x80003b74 (0x4bce0093) x1  0x8002a1e0
core   0: 0x80003b78 (0x1d97b313) sltiu   t1, a5, 473
core   0: 3 0x80003b78 (0x1d97b313) x6  0x00000001
core   0: 0x80003b7c (0x0000027e) c.slli  tp, 31
core   0: 3 0x80003b7c (0x027e) x4  0x80000000
core   0: 0x80003b7e (0x00c44333) xor     t1, s0, a2
core   0: 3 0x80003b7e (0x00c44333) x6  0x679ff000
core   0: 0x80003b82 (0x00000b0e) c.slli  s6, 3
core   0: 3 0x80003b82 (0x0b0e) x22 0x00002120
core   0: 0x80003b84 (0x0266b133) mulhu   sp, a3, t1
core   0: 3 0x80003b84 (0x0266b133) x2  0x0002f828
core   0: 0x80003b88 (0x00008c09) c.sub   s0, a0
core   0: 3 0x80003b88 (0x8c09) x8  0xa0029d24
core   0: 0x80003b8a (0x00008d19) c.sub   a0, a4
core   0: 3 0x80003b8a (0x8d19) x10 0x7ffd635c
core   0: 0x80003b8c (0x0000066e) c.slli  a2, 27
core   0: 3 0x80003b8c (0x066e) x12 0x00000000
core   0: 0x80003b8e (0x9be2c613) xori    a2, t0, -1602
core   0: 3 0x80003b8e (0x9be2c613) x12 0xfffff9be
core   0: 0x80003b92 (0x00000001) c.nop
core   0: 3 0x80003b92 (0x0001)
core   0: 0x80003b94 (0x03fd14b3) mulh    s1, s10, t6
core   0: 3 0x80003b94 (0x03fd14b3) x9  0x0003ee3b
core   0: 0x80003b98 (0x0172f5b3) and     a1, t0, s7
core   0: 3 0x80003b98 (0x0172f5b3) x11 0x00000000
core   0: 0x80003b9c (0xeeb2af13) slti    t5, t0, -277
core   0: 3 0x80003b9c (0xeeb2af13) x30 0x00000000
core   0: 0x80003ba0 (0x039669b3) rem     s3, a2, s9
core   0: 3 0x80003ba0 (0x039669b3) x19 0xfffff9be
core   0: 0x80003ba4 (0x00000001) c.nop
core   0: 3 0x80003ba4 (0x0001)
core   0: 0x80003ba6 (0x00000001) c.nop
core   0: 3 0x80003ba6 (0x0001)
core   0: 0x80003ba8 (0x00ac14b3) sll     s1, s8, a0
core   0: 3 0x80003ba8 (0x00ac14b3) x9  0x40000000
core   0: 0x80003bac (0x000096ba) c.add   a3, a4
core   0: 3 0x80003bac (0x96ba) x13 0x00075570
core   0: 0x80003bae (0x0144d863) bge     s1, s4, pc + 16
core   0: 3 0x80003bae (0x0144d863)
core   0: 0x80003bbe (0x0179cf33) xor     t5, s3, s7
core   0: 3 0x80003bbe (0x0179cf33) x30 0x80029b62
core   0: 0x80003bc2 (0x0396cab3) div     s5, a3, s9
core   0: 3 0x80003bc2 (0x0396cab3) x21 0xffffffff
core   0: 0x80003bc6 (0x027011b3) mulh    gp, zero, t2
core   0: 3 0x80003bc6 (0x027011b3) x3  0x00000000
core   0: 0x80003bca (0x00008335) c.srli  a4, 13
core   0: 3 0x80003bca (0x8335) x14 0x0007ffff
core   0: 0x80003bcc (0x00008cce) c.mv    s9, s3
core   0: 3 0x80003bcc (0x8cce) x25 0xfffff9be
core   0: 0x80003bce (0x00008831) c.andi  s0, 12
core   0: 3 0x80003bce (0x8831) x8  0x00000004
core   0: 0x80003bd0 (0x00008395) c.srli  a5, 5
core   0: 3 0x80003bd0 (0x8395) x15 0x00000000
core   0: 0x80003bd2 (0x005fd663) bge     t6, t0, pc + 12
core   0: 3 0x80003bd2 (0x005fd663)
core   0: 0x80003bd6 (0x0000928a) c.add   t0, sp
core   0: 3 0x80003bd6 (0x928a) x5  0x0002f828
core   0: 0x80003bd8 (0x029b8d33) mul     s10, s7, s1
core   0: 3 0x80003bd8 (0x029b8d33) x26 0x00000000
core   0: 0x80003bdc (0x000086e6) c.mv    a3, s9
core   0: 3 0x80003bdc (0x86e6) x13 0xfffff9be
core   0: 0x80003bde (0x0000024a) c.slli  tp, 18
core   0: 3 0x80003bde (0x024a) x4  0x00000000
core   0: 0x80003be0 (0x036c0933) mul     s2, s8, s6
core   0: 3 0x80003be0 (0x036c0933) x18 0x4e7ef880
core   0: 0x80003be4 (0x00008d5d) c.or    a0, a5
core   0: 3 0x80003be4 (0x8d5d) x10 0x7ffd635c
core   0: 0x80003be6 (0x036cc063) blt     s9, s6, pc + 32
core   0: 3 0x80003be6 (0x036cc063)
core   0: 0x80003c06 (0x03029963) bne     t0, a6, pc + 50
core   0: 3 0x80003c06 (0x03029963)
core   0: 0x80003c38 (0x01366333) or      t1, a2, s3
core   0: 3 0x80003c38 (0x01366333) x6  0xfffff9be
core   0: 0x80003c3c (0x00bdf763) bgeu    s11, a1, pc + 14
core   0: 3 0x80003c3c (0x00bdf763)
core   0: 0x80003c4a (0x00009afd) c.andi  a3, -1
core   0: 3 0x80003c4a (0x9afd) x13 0xfffff9be
core   0: 0x80003c4c (0x000bff63) bgeu    s7, zero, pc + 30
core   0: 3 0x80003c4c (0x000bff63)
core   0: 0x80003c6a (0x01ddddb3) srl     s11, s11, t4
core   0: 3 0x80003c6a (0x01ddddb3) x27 0x00000000
core   0: 0x80003c6e (0x0000557d) c.li    a0, -1
core   0: 3 0x80003c6e (0x557d) x10 0xffffffff
core   0: 0x80003c70 (0x01677bb3) and     s7, a4, s6
core   0: 3 0x80003c70 (0x01677bb3) x23 0x00002120
core   0: 0x80003c74 (0x00000696) c.slli  a3, 5
core   0: 3 0x80003c74 (0x0696) x13 0xffff37c0
core   0: 0x80003c76 (0x02452633) mulhsu  a2, a0, tp
core   0: 3 0x80003c76 (0x02452633) x12 0x00000000
core   0: 0x80003c7a (0x05c5e263) bltu    a1, t3, pc + 68
core   0: 3 0x80003c7a (0x05c5e263)
core   0: 0x80003cbe (0x40430033) sub     zero, t1, tp
core   0: 3 0x80003cbe (0x40430033)
core   0: 0x80003cc2 (0x016a1893) slli    a7, s4, 22
core   0: 3 0x80003cc2 (0x016a1893) x17 0xa1400000
core   0: 0x80003cc6 (0x00b80c63) beq     a6, a1, pc + 24
core   0: 3 0x80003cc6 (0x00b80c63)
core   0: 0x80003cca (0x02c04963) blt     zero, a2, pc + 50
core   0: 3 0x80003cca (0x02c04963)
core   0: 0x80003cce (0x0151e533) or      a0, gp, s5
core   0: 3 0x80003cce (0x0151e533) x10 0xffffffff
core   0: 0x80003cd2 (0x000098fd) c.andi  s1, -1
core   0: 3 0x80003cd2 (0x98fd) x9  0x40000000
core   0: 0x80003cd4 (0x00008489) c.srai  s1, 2
core   0: 3 0x80003cd4 (0x8489) x9  0x10000000
core   0: 0x80003cd6 (0x52fd2117) auipc   sp, 0x52fd2
core   0: 3 0x80003cd6 (0x52fd2117) x2  0xd2fd5cd6
core   0: 0x80003cda (0x00004581) c.li    a1, 0
core   0: 3 0x80003cda (0x4581) x11 0x00000000
core   0: 0x80003cdc (0x000099fd) c.andi  a1, -1
core   0: 3 0x80003cdc (0x99fd) x11 0x00000000
core   0: 0x80003cde (0x0000927e) c.add   tp, t6
core   0: 3 0x80003cde (0x927e) x4  0x80029d24
core   0: 0x80003ce0 (0x41e75c93) srai    s9, a4, 30
core   0: 3 0x80003ce0 (0x41e75c93) x25 0x00000000
core   0: 0x80003ce4 (0x00221663) bne     tp, sp, pc + 12
core   0: 3 0x80003ce4 (0x00221663)
core   0: 0x80003cf0 (0x1f23b693) sltiu   a3, t2, 498
core   0: 3 0x80003cf0 (0x1f23b693) x13 0x00000000
core   0: 0x80003cf4 (0x00603a33) snez    s4, t1
core   0: 3 0x80003cf4 (0x00603a33) x20 0x00000001
core   0: 0x80003cf8 (0x00008c25) c.xor   s0, s1
core   0: 3 0x80003cf8 (0x8c25) x8  0x10000004
core   0: 0x80003cfa (0x00009526) c.add   a0, s1
core   0: 3 0x80003cfa (0x9526) x10 0x0fffffff
core   0: 0x80003cfc (0x0127de33) srl     t3, a5, s2
core   0: 3 0x80003cfc (0x0127de33) x28 0x00000000
core   0: 0x80003d00 (0x00000001) c.nop
core   0: 3 0x80003d00 (0x0001)
core   0: 0x80003d02 (0x00008461) c.srai  s0, 24
core   0: 3 0x80003d02 (0x8461) x8  0x00000010
core   0: 0x80003d04 (0x000089d9) c.andi  a1, 22
core   0: 3 0x80003d04 (0x89d9) x11 0x00000000
core   0: 0x80003d06 (0x00008c35) c.xor   s0, a3
core   0: 3 0x80003d06 (0x8c35) x8  0x00000010
core   0: 0x80003d08 (0x00008de1) c.and   a1, s0
core   0: 3 0x80003d08 (0x8de1) x11 0x00000000
core   0: 0x80003d0a (0x0000845d) c.srai  s0, 23
core   0: 3 0x80003d0a (0x845d) x8  0x00000000
core   0: 0x80003d0c (0x0379d533) divu    a0, s3, s7
core   0: 3 0x80003d0c (0x0379d533) x10 0x0007ba71
core   0: 0x80003d10 (0x00008a15) c.andi  a2, 5
core   0: 3 0x80003d10 (0x8a15) x12 0x00000000
core   0: 0x80003d12 (0x00006111) c.addi16sp sp, 256
core   0: 3 0x80003d12 (0x6111) x2  0xd2fd5dd6
core   0: 0x80003d14 (0x016bf433) and     s0, s7, s6
core   0: 3 0x80003d14 (0x016bf433) x8  0x00002120
core   0: 0x80003d18 (0x0000ea01) c.bnez  a2, pc + 16
core   0: 3 0x80003d18 (0xea01)
core   0: 0x80003d1a (0x01e1a533) slt     a0, gp, t5
core   0: 3 0x80003d1a (0x01e1a533) x10 0x00000000
core   0: 0x80003d1e (0x5f2a0313) addi    t1, s4, 1522
core   0: 3 0x80003d1e (0x5f2a0313) x6  0x000005f3
core   0: 0x80003d22 (0x02353a13) sltiu   s4, a0, 35
core   0: 3 0x80003d22 (0x02353a13) x20 0x00000001
core   0: 0x80003d26 (0x00000001) c.nop
core   0: 3 0x80003d26 (0x0001)
core   0: 0x80003d28 (0xa763a513) slti    a0, t2, -1418
core   0: 3 0x80003d28 (0xa763a513) x10 0x00000000
core   0: 0x80003d2c (0x00f90133) add     sp, s2, a5
core   0: 3 0x80003d2c (0x00f90133) x2  0x4e7ef880
core   0: 0x80003d30 (0xcceff117) auipc   sp, 0xcceff
core   0: 3 0x80003d30 (0xcceff117) x2  0x4cf02d30
core   0: 0x80003d34 (0x00000001) c.nop
core   0: 3 0x80003d34 (0x0001)
core   0: 0x80003d36 (0x03c3e163) bltu    t2, t3, pc + 34
core   0: 3 0x80003d36 (0x03c3e163)
core   0: 0x80003d3a (0x0021ebb3) or      s7, gp, sp
core   0: 3 0x80003d3a (0x0021ebb3) x23 0x4cf02d30
core   0: 0x80003d3e (0x03aab933) mulhu   s2, s5, s10
core   0: 3 0x80003d3e (0x03aab933) x18 0x00000000
core   0: 0x80003d42 (0x019c3933) sltu    s2, s8, s9
core   0: 3 0x80003d42 (0x019c3933) x18 0x00000000
core   0: 0x80003d46 (0x00008fc5) c.or    a5, s1
core   0: 3 0x80003d46 (0x8fc5) x15 0x10000000
core   0: 0x80003d48 (0x09d1b593) sltiu   a1, gp, 157
core   0: 3 0x80003d48 (0x09d1b593) x11 0x00000001
core   0: 0x80003d4c (0x00006cb9) c.lui   s9, 0xe
core   0: 3 0x80003d4c (0x6cb9) x25 0x0000e000
core   0: 0x80003d4e (0x00008d71) c.and   a0, a2
core   0: 3 0x80003d4e (0x8d71) x10 0x00000000
core   0: 0x80003d50 (0x03deb133) mulhu   sp, t4, t4
core   0: 3 0x80003d50 (0x03deb133) x2  0x00000000
core   0: 0x80003d54 (0x00ea1193) slli    gp, s4, 14
core   0: 3 0x80003d54 (0x00ea1193) x3  0x00004000
core   0: 0x80003d58 (0x7a0946b7) lui     a3, 0x7a094
core   0: 3 0x80003d58 (0x7a0946b7) x13 0x7a094000
core   0: 0x80003d5c (0x03c40133) mul     sp, s0, t3
core   0: 3 0x80003d5c (0x03c40133) x2  0x00000000
core   0: 0x80003d60 (0x000069c9) c.lui   s3, 0x12
core   0: 3 0x80003d60 (0x69c9) x19 0x00012000
core   0: 0x80003d62 (0x395357b7) lui     a5, 0x39535
core   0: 3 0x80003d62 (0x395357b7) x15 0x39535000
core   0: 0x80003d66 (0x0000031a) c.slli  t1, 6
core   0: 3 0x80003d66 (0x031a) x6  0x00017cc0
core   0: 0x80003d68 (0x6888f593) andi    a1, a7, 1672
core   0: 3 0x80003d68 (0x6888f593) x11 0x00000000
core   0: 0x80003d6c (0x000083c9) c.srli  a5, 18
core   0: 3 0x80003d6c (0x83c9) x15 0x00000e54
core   0: 0x80003d6e (0x029b0063) beq     s6, s1, pc + 32
core   0: 3 0x80003d6e (0x029b0063)
core   0: 0x80003d72 (0x000081c9) c.srli  a1, 18
core   0: 3 0x80003d72 (0x81c9) x11 0x00000000
core   0: 0x80003d74 (0x4a508213) addi    tp, ra, 1189
core   0: 3 0x80003d74 (0x4a508213) x4  0x8002a685
core   0: 0x80003d78 (0x00008eb5) c.xor   a3, a3
core   0: 3 0x80003d78 (0x8eb5) x13 0x00000000
core   0: 0x80003d7a (0x03d648b3) div     a7, a2, t4
core   0: 3 0x80003d7a (0x03d648b3) x17 0x00000000
core   0: 0x80003d7e (0x912e88b7) lui     a7, 0x912e8
core   0: 3 0x80003d7e (0x912e88b7) x17 0x912e8000
core   0: 0x80003d82 (0x016f5633) srl     a2, t5, s6
core   0: 3 0x80003d82 (0x016f5633) x12 0x80029b62
core   0: 0x80003d86 (0x009bb133) sltu    sp, s7, s1
core   0: 3 0x80003d86 (0x009bb133) x2  0x00000000
core   0: 0x80003d8a (0x41395ab3) sra     s5, s2, s3
core   0: 3 0x80003d8a (0x41395ab3) x21 0x00000000
core   0: 0x80003d8e (0x0000e105) c.bnez  a0, pc + 32
core   0: 3 0x80003d8e (0xe105)
core   0: 0x80003d90 (0x000086f9) c.srai  a3, 30
core   0: 3 0x80003d90 (0x86f9) x13 0x00000000
core   0: 0x80003d92 (0x00000001) c.nop
core   0: 3 0x80003d92 (0x0001)
core   0: 0x80003d94 (0x009779b3) and     s3, a4, s1
core   0: 3 0x80003d94 (0x009779b3) x19 0x00000000
core   0: 0x80003d98 (0x318bf693) andi    a3, s7, 792
core   0: 3 0x80003d98 (0x318bf693) x13 0x00000110
core   0: 0x80003d9c (0x005dd533) srl     a0, s11, t0
core   0: 3 0x80003d9c (0x005dd533) x10 0x00000000
core   0: 0x80003da0 (0x00000001) c.nop
core   0: 3 0x80003da0 (0x0001)
core   0: 0x80003da2 (0x01af9cb3) sll     s9, t6, s10
core   0: 3 0x80003da2 (0x01af9cb3) x25 0x80029d24
core   0: 0x80003da6 (0x017ef5b3) and     a1, t4, s7
core   0: 3 0x80003da6 (0x017ef5b3) x11 0x00000000
core   0: 0x80003daa (0x020b6bb3) rem     s7, s6, zero
core   0: 3 0x80003daa (0x020b6bb3) x23 0x00002120
core   0: 0x80003dae (0x00008dcd) c.or    a1, a1
core   0: 3 0x80003dae (0x8dcd) x11 0x00000000
core   0: 0x80003db0 (0x0142f033) and     zero, t0, s4
core   0: 3 0x80003db0 (0x0142f033)
core   0: 0x80003db4 (0x00424b63) blt     tp, tp, pc + 22
core   0: 3 0x80003db4 (0x00424b63)
core   0: 0x80003db8 (0x00d94733) xor     a4, s2, a3
core   0: 3 0x80003db8 (0x00d94733) x14 0x00000110
core   0: 0x80003dbc (0x03e13433) mulhu   s0, sp, t5
core   0: 3 0x80003dbc (0x03e13433) x8  0x00000000
core   0: 0x80003dc0 (0x00ac3db3) sltu    s11, s8, a0
core   0: 3 0x80003dc0 (0x00ac3db3) x27 0x00000000
core   0: 0x80003dc4 (0x0000e309) c.bnez  a4, pc + 2
core   0: 3 0x80003dc4 (0xe309)
core   0: 0x80003dc6 (0x03193d33) mulhu   s10, s2, a7
core   0: 3 0x80003dc6 (0x03193d33) x26 0x00000000
core   0: 0x80003dca (0x0000048c) c.addi4spn a1, sp, 576
core   0: 3 0x80003dca (0x048c) x11 0x00000240
core   0: 0x80003dcc (0xc6ab16b7) lui     a3, 0xc6ab1
core   0: 3 0x80003dcc (0xc6ab16b7) x13 0xc6ab1000
core   0: 0x80003dd0 (0x00008df1) c.and   a1, a2
core   0: 3 0x80003dd0 (0x8df1) x11 0x00000240
core   0: 0x80003dd2 (0x01ef8233) add     tp, t6, t5
core   0: 3 0x80003dd2 (0x01ef8233) x4  0x00053886
core   0: 0x80003dd6 (0x3e80a117) auipc   sp, 0x3e80a
core   0: 3 0x80003dd6 (0x3e80a117) x2  0xbe80ddd6
core   0: 0x80003dda (0x00006121) c.addi16sp sp, 64
core   0: 3 0x80003dda (0x6121) x2  0xbe80de16
core   0: 0x80003ddc (0x00005917) auipc   s2, 0x5
core   0: 3 0x80003ddc (0x00005917) x18 0x80008ddc
core   0: 0x80003de0 (0x92090913) addi    s2, s2, -1760
core   0: 3 0x80003de0 (0x92090913) x18 0x800086fc
core   0: 0x80003de4 (0x0145d213) srli    tp, a1, 20
core   0: 3 0x80003de4 (0x0145d213) x4  0x00000000
core   0: 0x80003de8 (0x010fa1b3) slt     gp, t6, a6
core   0: 3 0x80003de8 (0x010fa1b3) x3  0x00000001
core   0: 0x80003dec (0x1df90913) addi    s2, s2, 479
core   0: 3 0x80003dec (0x1df90913) x18 0x800088db
core   0: 0x80003df0 (0x00000e04) c.addi4spn s1, sp, 784
core   0: 3 0x80003df0 (0x0e04) x9  0xbe80e126
core   0: 0x80003df2 (0x0126b3b3) sltu    t2, a3, s2
core   0: 3 0x80003df2 (0x0126b3b3) x7  0x00000000
core   0: 0x80003df6 (0xe22900e7) jalr    ra, s2, -478
core   0: 3 0x80003df6 (0xe22900e7) x1  0x80003dfa
core   0: 0x800086fc (0x02fd1833) mulh    a6, s10, a5
core   0: 3 0x800086fc (0x02fd1833) x16 0x00000000
core   0: 0x80008700 (0x00001c51) c.addi  s8, -12
core   0: 3 0x80008700 (0x1c51) x24 0x80025e98
core   0: 0x80008702 (0x00008aa2) c.mv    s5, s0
core   0: 3 0x80008702 (0x8aa2) x21 0x00000000
core   0: 0x80008704 (0x00009bfd) c.andi  a5, -1
core   0: 3 0x80008704 (0x9bfd) x15 0x00000e54
core   0: 0x80008706 (0x001c2223) sw      ra, 4(s8)
core   0: 3 0x80008706 (0x001c2223) mem 0x80025e9c 0x80003dfa
core   0: 0x8000870a (0x00006565) c.lui   a0, 0x19
core   0: 3 0x8000870a (0x6565) x10 0x00019000
core   0: 0x8000870c (0x00008d11) c.sub   a0, a2
core   0: 3 0x8000870c (0x8d11) x10 0x7ffef49e
core   0: 0x8000870e (0xab8dbb93) sltiu   s7, s11, -1352
core   0: 3 0x8000870e (0xab8dbb93) x23 0x00000001
core   0: 0x80008712 (0x011ff233) and     tp, t6, a7
core   0: 3 0x80008712 (0x011ff233) x4  0x80028000
core   0: 0x80008716 (0x00000397) auipc   t2, 0x0
core   0: 3 0x80008716 (0x00000397) x7  0x80008716
core   0: 0x8000871a (0x36e38393) addi    t2, t2, 878
core   0: 3 0x8000871a (0x36e38393) x7  0x80008a84
core   0: 0x8000871e (0x00000385) c.addi  t2, 1
core   0: 3 0x8000871e (0x0385) x7  0x80008a85
core   0: 0x80008720 (0xc40308b7) lui     a7, 0xc4030
core   0: 3 0x80008720 (0xc40308b7) x17 0xc4030000
core   0: 0x80008724 (0x00f42633) slt     a2, s0, a5
core   0: 3 0x80008724 (0x00f42633) x12 0x00000001
core   0: 0x80008728 (0xf6bce193) ori     gp, s9, -149
core   0: 3 0x80008728 (0xf6bce193) x3  0xffffff6f
core   0: 0x8000872c (0x016697b3) sll     a5, a3, s6
core   0: 3 0x8000872c (0x016697b3) x15 0xc6ab1000
core   0: 0x80008730 (0x40475893) srai    a7, a4, 4
core   0: 3 0x80008730 (0x40475893) x17 0x00000011
core   0: 0x80008734 (0x00009382) c.jalr  t2
core   0: 3 0x80008734 (0x9382) x1  0x80008736
core   0: 0x80008a84 (0x012f2733) slt     a4, t5, s2
core   0: 3 0x80008a84 (0x012f2733) x14 0x00000000
core   0: 0x80008a88 (0xfc0c0c13) addi    s8, s8, -64
core   0: 3 0x80008a88 (0xfc0c0c13) x24 0x80025e58
core   0: 0x80008a8c (0x00000bd5) c.addi  s7, 21
core   0: 3 0x80008a8c (0x0bd5) x23 0x00000016
core   0: 0x80008a8e (0x001c2223) sw      ra, 4(s8)
core   0: 3 0x80008a8e (0x001c2223) mem 0x80025e5c 0x80008736
core   0: 0x80008a92 (0x000089f1) c.andi  a1, 28
core   0: 3 0x80008a92 (0x89f1) x11 0x00000000
core   0: 0x80008a94 (0x01a2d7b3) srl     a5, t0, s10
core   0: 3 0x80008a94 (0x01a2d7b3) x15 0x0002f828
core   0: 0x80008a98 (0x01375d13) srli    s10, a4, 19
core   0: 3 0x80008a98 (0x01375d13) x26 0x00000000
core   0: 0x80008a9c (0x00008217) auipc   tp, 0x8
core   0: 3 0x80008a9c (0x00008217) x4  0x80010a9c
core   0: 0x80008aa0 (0x98b20213) addi    tp, tp, -1653
core   0: 3 0x80008aa0 (0x98b20213) x4  0x80010427
core   0: 0x80008aa4 (0x40015333) sra     t1, sp, zero
core   0: 3 0x80008aa4 (0x40015333) x6  0xbe80de16
core   0: 0x80008aa8 (0xfad21183) lh      gp, -83(tp)
core   0: 3 0x80008aa8 (0xfad21183) x3  0xffffbb27 mem 0x800103d4
core   0: 0x80008aac (0xfc325a83) lhu     s5, -61(tp)
core   0: 3 0x80008aac (0xfc325a83) x21 0x00001510 mem 0x800103ea
core   0: 0x80008ab0 (0xfd6211a3) sh      s6, -61(tp)
core   0: 3 0x80008ab0 (0xfd6211a3) mem 0x800103ea 0x2120
core   0: 0x80008ab4 (0xfc325303) lhu     t1, -61(tp)
core   0: 3 0x80008ab4 (0xfc325303) x6  0x00002120 mem 0x800103ea
core   0: 0x80008ab8 (0xfc321703) lh      a4, -61(tp)
core   0: 3 0x80008ab8 (0xfc321703) x14 0x00002120 mem 0x800103ea
core   0: 0x80008abc (0xfc0201a3) sb      zero, -61(tp)
core   0: 3 0x80008abc (0xfc0201a3) mem 0x800103ea 0x00
core   0: 0x80008ac0 (0xef424e03) lbu     t3, -268(tp)
core   0: 3 0x80008ac0 (0xef424e03) x28 0x00000049 mem 0x8001031b
core   0: 0x80008ac4 (0xef424003) lbu     zero, -268(tp)
core   0: 3 0x80008ac4 (0xef424003) mem 0x8001031b
core   0: 0x80008ac8 (0x02d5a0b3) mulhsu  ra, a1, a3
core   0: 3 0x80008ac8 (0x02d5a0b3) x1  0x00000000
core   0: 0x80008acc (0x00fb8f33) add     t5, s7, a5
core   0: 3 0x80008acc (0x00fb8f33) x30 0x0002f83e
core   0: 0x80008ad0 (0xef424e03) lbu     t3, -268(tp)
core   0: 3 0x80008ad0 (0xef424e03) x28 0x00000049 mem 0x8001031b
core   0: 0x80008ad4 (0x000014fd) c.addi  s1, -1
core   0: 3 0x80008ad4 (0x14fd) x9  0xbe80e125
core   0: 0x80008ad6 (0x6f721003) lh      zero, 1783(tp)
core   0: 3 0x80008ad6 (0x6f721003) mem 0x80010b1e
core   0: 0x80008ada (0x26725183) lhu     gp, 615(tp)
core   0: 3 0x80008ada (0x26725183) x3  0x00003ccd mem 0x8001068e
core   0: 0x80008ade (0x26721983) lh      s3, 615(tp)
core   0: 3 0x80008ade (0x26721983) x19 0x00003ccd mem 0x8001068e
core   0: 0x80008ae2 (0x01e000ef) jal     pc + 0x1e
core   0: 3 0x80008ae2 (0x01e000ef) x1  0x80008ae6
core   0: 0x80008b00 (0xffdff36f) jal     t1, pc - 0x4
core   0: 3 0x80008b00 (0xffdff36f) x6  0x80008b04
core   0: 0x80008afc (0x0000a831) c.j     pc + 28
core   0: 3 0x80008afc (0xa831)
core   0: 0x80008b18 (0xff7ff36f) jal     t1, pc - 0xa
core   0: 3 0x80008b18 (0xff7ff36f) x6  0x80008b1c
core   0: 0x80008b0e (0x00003ff1) c.jal   pc - 36
core   0: 3 0x80008b0e (0x3ff1) x1  0x80008b10
core   0: 0x80008aea (0x014001ef) jal     gp, pc + 0x14
core   0: 3 0x80008aea (0x014001ef) x3  0x80008aee
core   0: 0x80008afe (0x0000a021) c.j     pc + 8
core   0: 3 0x80008afe (0xa021)
core   0: 0x80008b06 (0x00002011) c.jal   pc + 4
core   0: 3 0x80008b06 (0x2011) x1  0x80008b08
core   0: 0x80008b0a (0xfffff0ef) jal     pc - 0x2
core   0: 3 0x80008b0a (0xfffff0ef) x1  0x80008b0e
core   0: 0x80008b08 (0x0000a811) c.j     pc + 20
core   0: 3 0x80008b08 (0xa811)
core   0: 0x80008b1c (0x00003fd5) c.jal   pc - 12
core   0: 3 0x80008b1c (0x3fd5) x1  0x80008b1e
core   0: 0x80008b10 (0xfe3ff0ef) jal     pc - 0x1e
core   0: 3 0x80008b10 (0xfe3ff0ef) x1  0x80008b14
core   0: 0x80008af2 (0x036002ef) jal     t0, pc + 0x36
core   0: 3 0x80008af2 (0x036002ef) x5  0x80008af6
core   0: 0x80008b28 (0x0000b7d9) c.j     pc - 58
core   0: 3 0x80008b28 (0xb7d9)
core   0: 0x80008aee (0x02800a6f) jal     s4, pc + 0x28
core   0: 3 0x80008aee (0x02800a6f) x20 0x80008af2
core   0: 0x80008b16 (0x0000bfc9) c.j     pc - 46
core   0: 3 0x80008b16 (0xbfc9)
core   0: 0x80008ae8 (0x00002835) c.jal   pc + 60
core   0: 3 0x80008ae8 (0x2835) x1  0x80008aea
core   0: 0x80008b24 (0x0060036f) jal     t1, pc + 0x6
core   0: 3 0x80008b24 (0x0060036f) x6  0x80008b28
core   0: 0x80008b2a (0x0000bfe9) c.j     pc - 38
core   0: 3 0x80008b2a (0xbfe9)
core   0: 0x80008b04 (0x00003fcd) c.jal   pc - 14
core   0: 3 0x80008b04 (0x3fcd) x1  0x80008b06
core   0: 0x80008af6 (0x0000a81d) c.j     pc + 54
core   0: 3 0x80008af6 (0xa81d)
core   0: 0x80008b2c (0x00003fdd) c.jal   pc - 10
core   0: 3 0x80008b2c (0x3fdd) x1  0x80008b2e
core   0: 0x80008b22 (0x00003fe1) c.jal   pc - 40
core   0: 3 0x80008b22 (0x3fe1) x1  0x80008b24
core   0: 0x80008afa (0x0000a829) c.j     pc + 26
core   0: 3 0x80008afa (0xa829)
core   0: 0x80008b14 (0x0000a029) c.j     pc + 10
core   0: 3 0x80008b14 (0xa029)
core   0: 0x80008b1e (0xfc9ff0ef) jal     pc - 0x38
core   0: 3 0x80008b1e (0xfc9ff0ef) x1  0x80008b22
core   0: 0x80008ae6 (0x00002809) c.jal   pc + 18
core   0: 3 0x80008ae6 (0x2809) x1  0x80008ae8
core   0: 0x80008af8 (0x0000281d) c.jal   pc + 54
core   0: 3 0x80008af8 (0x281d) x1  0x80008afa
core   0: 0x80008b2e (0x017f9813) slli    a6, t6, 23
core   0: 3 0x80008b2e (0x017f9813) x16 0x92000000
core   0: 0x80008b32 (0x00007b97) auipc   s7, 0x7
core   0: 3 0x80008b32 (0x00007b97) x23 0x8000fb32
core   0: 0x80008b36 (0x7cab8b93) addi    s7, s7, 1994
core   0: 3 0x80008b36 (0x7cab8b93) x23 0x800102fc
core   0: 0x80008b3a (0xffebd983) lhu     s3, -2(s7)
core   0: 3 0x80008b3a (0xffebd983) x19 0x00003fde mem 0x800102fa
core   0: 0x80008b3e (0x7135c497) auipc   s1, 0x7135c
core   0: 3 0x80008b3e (0x7135c497) x9  0xf1364b3e
core   0: 0x80008b42 (0x5ccf0c93) addi    s9, t5, 1484
core   0: 3 0x80008b42 (0x5ccf0c93) x25 0x0002fe0a
core   0: 0x80008b46 (0xfffb8683) lb      a3, -1(s7)
core   0: 3 0x80008b46 (0xfffb8683) x13 0x0000003f mem 0x800102fb
core   0: 0x80008b4a (0x00bc64b3) or      s1, s8, a1
core   0: 3 0x80008b4a (0x00bc64b3) x9  0x80025e58
core   0: 0x80008b4e (0x00008fad) c.xor   a5, a1
core   0: 3 0x80008b4e (0x8fad) x15 0x0002f828
core   0: 0x80008b50 (0x0169b1b3) sltu    gp, s3, s6
core   0: 3 0x80008b50 (0x0169b1b3) x3  0x00000000
core   0: 0x80008b54 (0x00008289) c.srli  a3, 2
core   0: 3 0x80008b54 (0x8289) x13 0x0000000f
core   0: 0x80008b56 (0x006b8803) lb      a6, 6(s7)
core   0: 3 0x80008b56 (0x006b8803) x16 0x00000068 mem 0x80010302
core   0: 0x80008b5a (0x01375b13) srli    s6, a4, 19
core   0: 3 0x80008b5a (0x01375b13) x22 0x00000000
core   0: 0x80008b5e (0xa6c2f417) auipc   s0, 0xa6c2f
core   0: 3 0x80008b5e (0xa6c2f417) x8  0x26c37b5e
core   0: 0x80008b62 (0x01b04533) xor     a0, zero, s11
core   0: 3 0x80008b62 (0x01b04533) x10 0x00000000
core   0: 0x80008b66 (0x010baf03) lw      t5, 16(s7)
core   0: 3 0x80008b66 (0x010baf03) x30 0x0a240d37 mem 0x8001030c
core   0: 0x80008b6a (0x9a830513) addi    a0, t1, -1624
core   0: 3 0x80008b6a (0x9a830513) x10 0x800084d0
core   0: 0x80008b6e (0x416e82b3) sub     t0, t4, s6
core   0: 3 0x80008b6e (0x416e82b3) x5  0x00000008
core   0: 0x80008b72 (0x013ba823) sw      s3, 16(s7)
core   0: 3 0x80008b72 (0x013ba823) mem 0x8001030c 0x00003fde
core   0: 0x80008b76 (0x008bab03) lw      s6, 8(s7)
core   0: 3 0x80008b76 (0x008bab03) x22 0x00c87af6 mem 0x80010304
core   0: 0x80008b7a (0x00008f46) c.mv    t5, a7
core   0: 3 0x80008b7a (0x8f46) x30 0x00000011
core   0: 0x80008b7c (0x003bc383) lbu     t2, 3(s7)
core   0: 3 0x80008b7c (0x003bc383) x7  0x00000083 mem 0x800102ff
core   0: 0x80008b80 (0x00008031) c.srli  s0, 12
core   0: 3 0x80008b80 (0x8031) x8  0x00026c37
core   0: 0x80008b82 (0x000084e9) c.srai  s1, 26
core   0: 3 0x80008b82 (0x84e9) x9  0xffffffe0
core   0: 0x80008b84 (0x033770b3) remu    ra, a4, s3
core   0: 3 0x80008b84 (0x033770b3) x1  0x00002120
core   0: 0x80008b88 (0xac08ed37) lui     s10, 0xac08e
core   0: 3 0x80008b88 (0xac08ed37) x26 0xac08e000
core   0: 0x80008b8c (0xff1b8823) sb      a7, -16(s7)
core   0: 3 0x80008b8c (0xff1b8823) mem 0x800102ec 0x11
core   0: 0x80008b90 (0x0000717d) c.addi16sp sp, -16
core   0: 3 0x80008b90 (0x717d) x2  0xbe80de06
core   0: 0x80008b92 (0xffcbc483) lbu     s1, -4(s7)
core   0: 3 0x80008b92 (0xffcbc483) x9  0x0000006a mem 0x800102f8
core   0: 0x80008b96 (0x02956633) rem     a2, a0, s1
core   0: 3 0x80008b96 (0x02956633) x12 0xffffff9c
core   0: 0x80008b9a (0x00fb8003) lb      zero, 15(s7)
core   0: 3 0x80008b9a (0x00fb8003) mem 0x8001030b
core   0: 0x80008b9e (0xff2b8283) lb      t0, -14(s7)
core   0: 3 0x80008b9e (0xff2b8283) x5  0xffffffa9 mem 0x800102ee
core   0: 0x80008ba2 (0x00db8c83) lb      s9, 13(s7)
core   0: 3 0x80008ba2 (0x00db8c83) x25 0xffffffec mem 0x80010309
core   0: 0x80008ba6 (0x000000fd) c.addi  ra, 31
core   0: 3 0x80008ba6 (0x00fd) x1  0x0000213f
core   0: 0x80008ba8 (0x00db8d83) lb      s11, 13(s7)
core   0: 3 0x80008ba8 (0x00db8d83) x27 0xffffffec mem 0x80010309
core   0: 0x80008bac (0x007bc503) lbu     a0, 7(s7)
core   0: 3 0x80008bac (0x007bc503) x10 0x000000b6 mem 0x80010303
core   0: 0x80008bb0 (0x00000001) c.nop
core   0: 3 0x80008bb0 (0x0001)
core   0: 0x80008bb2 (0x000bc483) lbu     s1, 0(s7)
core   0: 3 0x80008bb2 (0x000bc483) x9  0x00000076 mem 0x800102fc
core   0: 0x80008bb6 (0x022186b3) mul     a3, gp, sp
core   0: 3 0x80008bb6 (0x022186b3) x13 0x00000000
core   0: 0x80008bba (0xff0bd783) lhu     a5, -16(s7)
core   0: 3 0x80008bba (0xff0bd783) x15 0x0000c911 mem 0x800102ec
core   0: 0x80008bbe (0xffeb9a03) lh      s4, -2(s7)
core   0: 3 0x80008bbe (0xffeb9a03) x20 0x00003fde mem 0x800102fa
core   0: 0x80008bc2 (0x011642b3) xor     t0, a2, a7
core   0: 3 0x80008bc2 (0x011642b3) x5  0xffffff8d
core   0: 0x80008bc6 (0x000054fd) c.li    s1, -1
core   0: 3 0x80008bc6 (0x54fd) x9  0xffffffff
core   0: 0x80008bc8 (0x00d3d5b3) srl     a1, t2, a3
core   0: 3 0x80008bc8 (0x00d3d5b3) x11 0x00000083
core   0: 0x80008bcc (0xffdb8c83) lb      s9, -3(s7)
core   0: 3 0x80008bcc (0xffdb8c83) x25 0x00000015 mem 0x800102f9
core   0: 0x80008bd0 (0x00005479) c.li    s0, -2
core   0: 3 0x80008bd0 (0x5479) x8  0xfffffffe
core   0: 0x80008bd2 (0x8fd72d93) slti    s11, a4, -1795
core   0: 3 0x80008bd2 (0x8fd72d93) x27 0x00000000
core   0: 0x80008bd6 (0x0384d933) divu    s2, s1, s8
core   0: 3 0x80008bd6 (0x0384d933) x18 0x00000001
core   0: 0x80008bda (0x02c3eab3) rem     s5, t2, a2
core   0: 3 0x80008bda (0x02c3eab3) x21 0x0000001f
core   0: 0x80008bde (0x00008095) c.srli  s1, 5
core   0: 3 0x80008bde (0x8095) x9  0x07ffffff
core   0: 0x80008be0 (0x02ed93b3) mulh    t2, s11, a4
core   0: 3 0x80008be0 (0x02ed93b3) x7  0x00000000
core   0: 0x80008be4 (0x00000001) c.nop
core   0: 3 0x80008be4 (0x0001)
core   0: 0x80008be6 (0x01b51b93) slli    s7, a0, 27
core   0: 3 0x80008be6 (0x01b51b93) x23 0xb0000000
core   0: 0x80008bea (0x011713b3) sll     t2, a4, a7
core   0: 3 0x80008bea (0x011713b3) x7  0x42400000
core   0: 0x80008bee (0x00008d9d) c.sub   a1, a5
core   0: 3 0x80008bee (0x8d9d) x11 0xffff3772
core   0: 0x80008bf0 (0x41455813) srai    a6, a0, 20
core   0: 3 0x80008bf0 (0x41455813) x16 0x00000000
core   0: 0x80008bf4 (0x00000405) c.addi  s0, 1
core   0: 3 0x80008bf4 (0x0405) x8  0xffffffff
core   0: 0x80008bf6 (0x00008215) c.srli  a2, 5
core   0: 3 0x80008bf6 (0x8215) x12 0x07fffffc
core   0: 0x80008bf8 (0x7f327a13) andi    s4, tp, 2035
core   0: 3 0x80008bf8 (0x7f327a13) x20 0x00000423
core   0: 0x80008bfc (0x0000d86d) c.beqz  s0, pc - 14
core   0: 3 0x80008bfc (0xd86d)
core   0: 0x80008bfe (0x0168b6b3) sltu    a3, a7, s6
core   0: 3 0x80008bfe (0x0168b6b3) x13 0x00000001
core   0: 0x80008c02 (0x0000c895) c.beqz  s1, pc + 52
core   0: 3 0x80008c02 (0xc895)
core   0: 0x80008c04 (0x03f11e33) mulh    t3, sp, t6
core   0: 3 0x80008c04 (0x03f11e33) x28 0x20bee5ca
core   0: 0x80008c08 (0x00330f33) add     t5, t1, gp
core   0: 3 0x80008c08 (0x00330f33) x30 0x80008b28
core   0: 0x80008c0c (0x003d1613) slli    a2, s10, 3
core   0: 3 0x80008c0c (0x003d1613) x12 0x60470000
core   0: 0x80008c10 (0x037731b3) mulhu   gp, a4, s7
core   0: 3 0x80008c10 (0x037731b3) x3  0x000016c6
core   0: 0x80008c14 (0x0455ea93) ori     s5, a1, 69
core   0: 3 0x80008c14 (0x0455ea93) x21 0xffff3777
core   0: 0x80008c18 (0x00000326) c.slli  t1, 9
core   0: 3 0x80008c18 (0x0326) x6  0x01165000
core   0: 0x80008c1a (0x00a87b33) and     s6, a6, a0
core   0: 3 0x80008c1a (0x00a87b33) x22 0x00000000
core   0: 0x80008c1e (0x00009a7d) c.andi  a2, -1
core   0: 3 0x80008c1e (0x9a7d) x12 0x60470000
core   0: 0x80008c20 (0x02339d33) mulh    s10, t2, gp
core   0: 3 0x80008c20 (0x02339d33) x26 0x000005e4
core   0: 0x80008c24 (0x00c9db33) srl     s6, s3, a2
core   0: 3 0x80008c24 (0x00c9db33) x22 0x00003fde
core   0: 0x80008c28 (0x402f0333) sub     t1, t5, sp
core   0: 3 0x80008c28 (0x402f0333) x6  0xc17fad22
core   0: 0x80008c2c (0x0011cf63) blt     gp, ra, pc + 30
core   0: 3 0x80008c2c (0x0011cf63)
core   0: 0x80008c4a (0x000098fa) c.add   a7, t5
core   0: 3 0x80008c4a (0x98fa) x17 0x80008b39
core   0: 0x80008c4c (0x411cdd93) srai    s11, s9, 17
core   0: 3 0x80008c4c (0x411cdd93) x27 0x00000000
core   0: 0x80008c50 (0x4073d693) srai    a3, t2, 7
core   0: 3 0x80008c50 (0x4073d693) x13 0x00848000
core   0: 0x80008c54 (0x0000868e) c.mv    a3, gp
core   0: 3 0x80008c54 (0x868e) x13 0x000016c6
core   0: 0x80008c56 (0x01c79963) bne     a5, t3, pc + 18
core   0: 3 0x80008c56 (0x01c79963)
core   0: 0x80008c68 (0x91aac9b7) lui     s3, 0x91aac
core   0: 3 0x80008c68 (0x91aac9b7) x19 0x91aac000
core   0: 0x80008c6c (0xf251e493) ori     s1, gp, -219
core   0: 3 0x80008c6c (0xf251e493) x9  0xffffffe7
core   0: 0x80008c70 (0x031412b3) mulh    t0, s0, a7
core   0: 3 0x80008c70 (0x031412b3) x5  0x00000000
core   0: 0x80008c74 (0x03704db3) div     s11, zero, s7
core   0: 3 0x80008c74 (0x03704db3) x27 0x00000000
core   0: 0x80008c78 (0x00008225) c.srli  a2, 9
core   0: 3 0x80008c78 (0x8225) x12 0x00302380
core   0: 0x80008c7a (0x0000800d) c.srli  s0, 3
core   0: 3 0x80008c7a (0x800d) x8  0x1fffffff
core   0: 0x80008c7c (0x0000cb89) c.beqz  a5, pc + 18
core   0: 3 0x80008c7c (0xcb89)
core   0: 0x80008c7e (0x00000001) c.nop
core   0: 3 0x80008c7e (0x0001)
core   0: 0x80008c80 (0x00006175) c.addi16sp sp, 368
core   0: 3 0x80008c80 (0x6175) x2  0xbe80df76
core   0: 0x80008c82 (0x0000c905) c.beqz  a0, pc + 48
core   0: 3 0x80008c82 (0xc905)
core   0: 0x80008c84 (0x012e3533) sltu    a0, t3, s2
core   0: 3 0x80008c84 (0x012e3533) x10 0x00000000
core   0: 0x80008c88 (0x00000001) c.nop
core   0: 3 0x80008c88 (0x0001)
core   0: 0x80008c8a (0x35dbac93) slti    s9, s7, 861
core   0: 3 0x80008c8a (0x35dbac93) x25 0x00000001
core   0: 0x80008c8e (0x79b38893) addi    a7, t2, 1947
core   0: 3 0x80008c8e (0x79b38893) x17 0x4240079b
core   0: 0x80008c92 (0x0000e01d) c.bnez  s0, pc + 38
core   0: 3 0x80008c92 (0xe01d)
core   0: 0x80008cb8 (0x00001388) c.addi4spn a0, sp, 480
core   0: 3 0x80008cb8 (0x1388) x10 0xbe80e156
core   0: 0x80008cba (0x0e24fd63) bgeu    s1, sp, pc + 250
core   0: 3 0x80008cba (0x0e24fd63)
core   0: 0x80008db4 (0x03811bb3) mulh    s7, sp, s8
core   0: 3 0x80008db4 (0x03811bb3) x23 0x20bef523
core   0: 0x80008db8 (0x00008e99) c.sub   a3, a4
core   0: 3 0x80008db8 (0x8e99) x13 0xfffff5a6
core   0: 0x80008dba (0x036464b3) rem     s1, s0, s6
core   0: 3 0x80008dba (0x036464b3) x9  0x00000907
core   0: 0x80008dbe (0xb89bad93) slti    s11, s7, -1143
core   0: 3 0x80008dbe (0xb89bad93) x27 0x00000000
core   0: 0x80008dc2 (0x0092fd33) and     s10, t0, s1
core   0: 3 0x80008dc2 (0x0092fd33) x26 0x00000000
core   0: 0x80008dc6 (0x00d5d633) srl     a2, a1, a3
core   0: 3 0x80008dc6 (0x00d5d633) x12 0x03fffcdd
core   0: 0x80008dca (0x00b65533) srl     a0, a2, a1
core   0: 3 0x80008dca (0x00b65533) x10 0x000000ff
core   0: 0x80008dce (0x000006fa) c.slli  a3, 30
core   0: 3 0x80008dce (0x06fa) x13 0x80000000
core   0: 0x80008dd0 (0x00008d31) c.xor   a0, a2
core   0: 3 0x80008dd0 (0x8d31) x10 0x03fffc22
core   0: 0x80008dd2 (0x029e6c63) bltu    t3, s1, pc + 56
core   0: 3 0x80008dd2 (0x029e6c63)
core   0: 0x80008dd6 (0x03889033) mulh    zero, a7, s8
core   0: 3 0x80008dd6 (0x03889033)
core   0: 0x80008dda (0x03d48cb3) mul     s9, s1, t4
core   0: 3 0x80008dda (0x03d48cb3) x25 0x00004838
core   0: 0x80008dde (0x00008e91) c.sub   a3, a2
core   0: 3 0x80008dde (0x8e91) x13 0x7c000323
core   0: 0x80008de0 (0x00008e01) c.sub   a2, s0
core   0: 3 0x80008de0 (0x8e01) x12 0xe3fffcde
core   0: 0x80008de2 (0x02774db3) div     s11, a4, t2
core   0: 3 0x80008de2 (0x02774db3) x27 0x00000000
core   0: 0x80008de6 (0xc6f4ce37) lui     t3, 0xc6f4c
core   0: 3 0x80008de6 (0xc6f4ce37) x28 0xc6f4c000
core   0: 0x80008dea (0x0237fb63) bgeu    a5, gp, pc + 54
core   0: 3 0x80008dea (0x0237fb63)
core   0: 0x80008e20 (0x0000082e) c.slli  a6, 11
core   0: 3 0x80008e20 (0x082e) x16 0x00000000
core   0: 0x80008e22 (0xabef4513) xori    a0, t5, -1346
core   0: 3 0x80008e22 (0xabef4513) x10 0x7fff7196
core   0: 0x80008e26 (0x0000717d) c.addi16sp sp, -16
core   0: 3 0x80008e26 (0x717d) x2  0xbe80df66
core   0: 0x80008e28 (0x04257063) bgeu    a0, sp, pc + 64
core   0: 3 0x80008e28 (0x04257063)
core   0: 0x80008e2c (0x0148f033) and     zero, a7, s4
core   0: 3 0x80008e2c (0x0148f033)
core   0: 0x80008e30 (0x03721063) bne     tp, s7, pc + 32
core   0: 3 0x80008e30 (0x03721063)
core   0: 0x80008e50 (0x401dd233) sra     tp, s11, ra
core   0: 3 0x80008e50 (0x401dd233) x4  0x00000000
core   0: 0x80008e54 (0x6eca7997) auipc   s3, 0x6eca7
core   0: 3 0x80008e54 (0x6eca7997) x19 0xeecafe54
core   0: 0x80008e58 (0x000006fa) c.slli  a3, 30
core   0: 3 0x80008e58 (0x06fa) x13 0xc0000000
core   0: 0x80008e5a (0x950fb393) sltiu   t2, t6, -1712
core   0: 3 0x80008e5a (0x950fb393) x7  0x00000001
core   0: 0x80008e5e (0x01079193) slli    gp, a5, 16
core   0: 3 0x80008e5e (0x01079193) x3  0xc9110000
core   0: 0x80008e62 (0x0000ed19) c.bnez  a0, pc + 30
core   0: 3 0x80008e62 (0xed19)
core   0: 0x80008e80 (0x407dd333) sra     t1, s11, t2
core   0: 3 0x80008e80 (0x407dd333) x6  0x00000000
core   0: 0x80008e84 (0x01db4533) xor     a0, s6, t4
core   0: 3 0x80008e84 (0x01db4533) x10 0x00003fd6
core   0: 0x80008e88 (0x023dd063) bge     s11, gp, pc + 32
core   0: 3 0x80008e88 (0x023dd063)
core   0: 0x80008ea8 (0x0369c1b3) div     gp, s3, s6
core   0: 3 0x80008ea8 (0x0369c1b3) x3  0xffffbb08
core   0: 0x80008eac (0x00006465) c.lui   s0, 0x19
core   0: 3 0x80008eac (0x6465) x8  0x00019000
core   0: 0x80008eae (0x02696733) rem     a4, s2, t1
core   0: 3 0x80008eae (0x02696733) x14 0x00000001
core   0: 0x80008eb2 (0x391f3393) sltiu   t2, t5, 913
core   0: 3 0x80008eb2 (0x391f3393) x7  0x00000000
core   0: 0x80008eb6 (0x00008d41) c.or    a0, s0
core   0: 3 0x80008eb6 (0x8d41) x10 0x0001bfd6
core   0: 0x80008eb8 (0xc9ec3013) sltiu   zero, s8, -866
core   0: 3 0x80008eb8 (0xc9ec3013)
core   0: 0x80008ebc (0x1f99e313) ori     t1, s3, 505
core   0: 3 0x80008ebc (0x1f99e313) x6  0xeecafffd
core   0: 0x80008ec0 (0x00000001) c.nop
core   0: 3 0x80008ec0 (0x0001)
core   0: 0x80008ec2 (0x00006169) c.addi16sp sp, 208
core   0: 3 0x80008ec2 (0x6169) x2  0xbe80e036
core   0: 0x80008ec4 (0x73807c93) andi    s9, zero, 1848
core   0: 3 0x80008ec4 (0x73807c93) x25 0x00000000
core   0: 0x80008ec8 (0x003c99b3) sll     s3, s9, gp
core   0: 3 0x80008ec8 (0x003c99b3) x19 0x00000000
core   0: 0x80008ecc (0x0000cb15) c.beqz  a4, pc + 52
core   0: 3 0x80008ecc (0xcb15)
core   0: 0x80008ece (0x11696d93) ori     s11, s2, 278
core   0: 3 0x80008ece (0x11696d93) x27 0x00000117
core   0: 0x80008ed2 (0x010f4f63) blt     t5, a6, pc + 30
core   0: 3 0x80008ed2 (0x010f4f63)
core   0: 0x80008ef0 (0x013acab3) xor     s5, s5, s3
core   0: 3 0x80008ef0 (0x013acab3) x21 0xffff3777
core   0: 0x80008ef4 (0x001fc463) blt     t6, ra, pc + 8
core   0: 3 0x80008ef4 (0x001fc463)
core   0: 0x80008efc (0x00008816) c.mv    a6, t0
core   0: 3 0x80008efc (0x8816) x16 0x00000000
core   0: 0x80008efe (0x000007b2) c.slli  a5, 12
core   0: 3 0x80008efe (0x07b2) x15 0x0c911000
core   0: 0x80008f00 (0x0158ebb3) or      s7, a7, s5
core   0: 3 0x80008f00 (0x0158ebb3) x23 0xffff37ff
core   0: 0x80008f04 (0x00000d62) c.slli  s10, 24
core   0: 3 0x80008f04 (0x0d62) x26 0x00000000
core   0: 0x80008f06 (0x00000721) c.addi  a4, 8
core   0: 3 0x80008f06 (0x0721) x14 0x00000009
core   0: 0x80008f08 (0x052dff13) andi    t5, s11, 82
core   0: 3 0x80008f08 (0x052dff13) x30 0x00000012
core   0: 0x80008f0c (0x00000d80) c.addi4spn s0, sp, 720
core   0: 3 0x80008f0c (0x0d80) x8  0xbe80e306
core   0: 0x80008f0e (0x005add63) bge     s5, t0, pc + 26
core   0: 3 0x80008f0e (0x005add63)
core   0: 0x80008f12 (0x0000038a) c.slli  t2, 2
core   0: 3 0x80008f12 (0x038a) x7  0x00000000
core   0: 0x80008f14 (0x00009992) c.add   s3, tp
core   0: 3 0x80008f14 (0x9992) x19 0x00000000
core   0: 0x80008f16 (0xaee6c813) xori    a6, a3, -1298
core   0: 3 0x80008f16 (0xaee6c813) x16 0x3ffffaee
core   0: 0x80008f1a (0x008f2233) slt     tp, t5, s0
core   0: 3 0x80008f1a (0x008f2233) x4  0x00000000
core   0: 0x80008f1e (0x03d31733) mulh    a4, t1, t4
core   0: 3 0x80008f1e (0x03d31733) x14 0xffffffff
core   0: 0x80008f22 (0x00006539) c.lui   a0, 0xe
core   0: 3 0x80008f22 (0x6539) x10 0x0000e000
core   0: 0x80008f24 (0xaf79fa93) andi    s5, s3, -1289
core   0: 3 0x80008f24 (0xaf79fa93) x21 0x00000000
core   0: 0x80008f28 (0x00008d9d) c.sub   a1, a5
core   0: 3 0x80008f28 (0x8d9d) x11 0xf36e2772
core   0: 0x80008f2a (0x000068d1) c.lui   a7, 0x14
core   0: 3 0x80008f2a (0x68d1) x17 0x00014000
core   0: 0x80008f2c (0x4159ddb3) sra     s11, s3, s5
core   0: 3 0x80008f2c (0x4159ddb3) x27 0x00000000
core   0: 0x80008f30 (0x3723a793) slti    a5, t2, 882
core   0: 3 0x80008f30 (0x3723a793) x15 0x00000001
core   0: 0x80008f34 (0x05b3e063) bltu    t2, s11, pc + 64
core   0: 3 0x80008f34 (0x05b3e063)
core   0: 0x80008f38 (0x04751263) bne     a0, t2, pc + 68
core   0: 3 0x80008f38 (0x04751263)
core   0: 0x80008f7c (0xd8837c93) andi    s9, t1, -632
core   0: 3 0x80008f7c (0xd8837c93) x25 0xeecafd88
core   0: 0x80008f80 (0x024b8733) mul     a4, s7, tp
core   0: 3 0x80008f80 (0x024b8733) x14 0x00000000
core   0: 0x80008f84 (0x016ed233) srl     tp, t4, s6
core   0: 3 0x80008f84 (0x016ed233) x4  0x00000000
core   0: 0x80008f88 (0x40c887b3) sub     a5, a7, a2
core   0: 3 0x80008f88 (0x40c887b3) x15 0x1c014322
core   0: 0x80008f8c (0x02851563) bne     a0, s0, pc + 42
core   0: 3 0x80008f8c (0x02851563)
core   0: 0x80008fb6 (0x00900963) beq     zero, s1, pc + 18
core   0: 3 0x80008fb6 (0x00900963)
core   0: 0x80008fba (0x00000791) c.addi  a5, 4
core   0: 3 0x80008fba (0x0791) x15 0x1c014326
core   0: 0x80008fbc (0x00bda733) slt     a4, s11, a1
core   0: 3 0x80008fbc (0x00bda733) x14 0x00000000
core   0: 0x80008fc0 (0x03a96833) rem     a6, s2, s10
core   0: 3 0x80008fc0 (0x03a96833) x16 0x00000001
core   0: 0x80008fc4 (0x02544d33) div     s10, s0, t0
core   0: 3 0x80008fc4 (0x02544d33) x26 0xffffffff
core   0: 0x80008fc8 (0x00008d61) c.and   a0, s0
core   0: 3 0x80008fc8 (0x8d61) x10 0x0000e000
core   0: 0x80008fca (0x01c298b3) sll     a7, t0, t3
core   0: 3 0x80008fca (0x01c298b3) x17 0x00000000
core   0: 0x80008fce (0x024b4cb3) div     s9, s6, tp
core   0: 3 0x80008fce (0x024b4cb3) x25 0xffffffff
core   0: 0x80008fd2 (0x00008d22) c.mv    s10, s0
core   0: 3 0x80008fd2 (0x8d22) x26 0xbe80e306
core   0: 0x80008fd4 (0x00000001) c.nop
core   0: 3 0x80008fd4 (0x0001)
core   0: 0x80008fd6 (0x02eebdb3) mulhu   s11, t4, a4
core   0: 3 0x80008fd6 (0x02eebdb3) x27 0x00000000
core   0: 0x80008fda (0x000060f5) c.lui   ra, 0x1d
core   0: 3 0x80008fda (0x60f5) x1  0x0001d000
core   0: 0x80008fdc (0x416953b3) sra     t2, s2, s6
core   0: 3 0x80008fdc (0x416953b3) x7  0x00000000
core   0: 0x80008fe0 (0x00008e31) c.xor   a2, a2
core   0: 3 0x80008fe0 (0x8e31) x12 0x00000000
core   0: 0x80008fe2 (0x011e5c63) bge     t3, a7, pc + 24
core   0: 3 0x80008fe2 (0x011e5c63)
core   0: 0x80008fe6 (0x000056fd) c.li    a3, -1
core   0: 3 0x80008fe6 (0x56fd) x13 0xffffffff
core   0: 0x80008fe8 (0x662bcd13) xori    s10, s7, 1634
core   0: 3 0x80008fe8 (0x662bcd13) x26 0xffff319d
core   0: 0x80008fec (0x008ec863) blt     t4, s0, pc + 16
core   0: 3 0x80008fec (0x008ec863)
core   0: 0x80008ff0 (0x00000001) c.nop
core   0: 3 0x80008ff0 (0x0001)
core   0: 0x80008ff2 (0x0374f363) bgeu    s1, s7, pc + 38
core   0: 3 0x80008ff2 (0x0374f363)
core   0: 0x80008ff6 (0x00ba0733) add     a4, s4, a1
core   0: 3 0x80008ff6 (0x00ba0733) x14 0xf36e2b95
core   0: 0x80008ffa (0x0000537d) c.li    t1, -1
core   0: 3 0x80008ffa (0x537d) x6  0xffffffff
core   0: 0x80008ffc (0x99bd2513) slti    a0, s10, -1637
core   0: 3 0x80008ffc (0x99bd2513) x10 0x00000001
core   0: 0x80009000 (0x00008da9) c.xor   a1, a0
core   0: 3 0x80009000 (0x8da9) x11 0xf36e2773
core   0: 0x80009002 (0x01dc8b33) add     s6, s9, t4
core   0: 3 0x80009002 (0x01dc8b33) x22 0x00000007
core   0: 0x80009006 (0x00008e25) c.xor   a2, s1
core   0: 3 0x80009006 (0x8e25) x12 0x00000907
core   0: 0x80009008 (0xb9052a93) slti    s5, a0, -1136
core   0: 3 0x80009008 (0xb9052a93) x21 0x00000000
core   0: 0x8000900c (0x03cebf33) mulhu   t5, t4, t3
core   0: 3 0x8000900c (0x03cebf33) x30 0x00000006
core   0: 0x80009010 (0x002ac633) xor     a2, s5, sp
core   0: 3 0x80009010 (0x002ac633) x12 0xbe80e036
core   0: 0x80009014 (0x00c9f633) and     a2, s3, a2
core   0: 3 0x80009014 (0x00c9f633) x12 0x00000000
core   0: 0x80009018 (0x0245bb33) mulhu   s6, a1, tp
core   0: 3 0x80009018 (0x0245bb33) x22 0x00000000
core   0: 0x8000901c (0x00008d0d) c.sub   a0, a1
core   0: 3 0x8000901c (0x8d0d) x10 0x0c91d88e
core   0: 0x8000901e (0x00d5b833) sltu    a6, a1, a3
core   0: 3 0x8000901e (0x00d5b833) x16 0x00000001
core   0: 0x80009022 (0x0000940e) c.add   s0, gp
core   0: 3 0x80009022 (0x940e) x8  0xbe809e0e
core   0: 0x80009024 (0x03661b63) bne     a2, s6, pc + 54
core   0: 3 0x80009024 (0x03661b63)
core   0: 0x80009028 (0x40415a33) sra     s4, sp, tp
core   0: 3 0x80009028 (0x40415a33) x20 0xbe80e036
core   0: 0x8000902c (0x033dc933) div     s2, s11, s3
core   0: 3 0x8000902c (0x033dc933) x18 0xffffffff
core   0: 0x80009030 (0x77677f37) lui     t5, 0x77677
core   0: 3 0x80009030 (0x77677f37) x30 0x77677000
core   0: 0x80009034 (0x01ebde13) srli    t3, s7, 30
core   0: 3 0x80009034 (0x01ebde13) x28 0x00000003
core   0: 0x80009038 (0x02da4b63) blt     s4, a3, pc + 54
core   0: 3 0x80009038 (0x02da4b63)
core   0: 0x8000906e (0x0327fa63) bgeu    a5, s2, pc + 52
core   0: 3 0x8000906e (0x0327fa63)
core   0: 0x80009072 (0x00008f15) c.sub   a4, a3
core   0: 3 0x80009072 (0x8f15) x14 0xf36e2b96
core   0: 0x80009074 (0x2be7bbb7) lui     s7, 0x2be7b
core   0: 3 0x80009074 (0x2be7bbb7) x23 0x2be7b000
core   0: 0x80009078 (0x00141b93) slli    s7, s0, 1
core   0: 3 0x80009078 (0x00141b93) x23 0x7d013c1c
core   0: 0x8000907c (0xcee76193) ori     gp, a4, -786
core   0: 3 0x8000907c (0xcee76193) x3  0xfffffffe
core   0: 0x80009080 (0x40ed5033) sra     zero, s10, a4
core   0: 3 0x80009080 (0x40ed5033)
core   0: 0x80009084 (0x00001b80) c.addi4spn s0, sp, 496
core   0: 3 0x80009084 (0x1b80) x8  0xbe80e226
core   0: 0x80009086 (0x136baa13) slti    s4, s7, 310
core   0: 3 0x80009086 (0x136baa13) x20 0x00000000
core   0: 0x8000908a (0x00000001) c.nop
core   0: 3 0x8000908a (0x0001)
core   0: 0x8000908c (0xb3806c93) ori     s9, zero, -1224
core   0: 3 0x8000908c (0xb3806c93) x25 0xfffffb38
core   0: 0x80009090 (0x016cf963) bgeu    s9, s6, pc + 18
core   0: 3 0x80009090 (0x016cf963)
core   0: 0x800090a2 (0x00008ca1) c.xor   s1, s0
core   0: 3 0x800090a2 (0x8ca1) x9  0xbe80eb21
core   0: 0x800090a4 (0x63bc6013) ori     zero, s8, 1595
core   0: 3 0x800090a4 (0x63bc6013)
core   0: 0x800090a8 (0x0000866a) c.mv    a2, s10
core   0: 3 0x800090a8 (0x866a) x12 0xffff319d
core   0: 0x800090aa (0x02520bb3) mul     s7, tp, t0
core   0: 3 0x800090aa (0x02520bb3) x23 0x00000000
core   0: 0x800090ae (0x004c2083) lw      ra, 4(s8)
core   0: 3 0x800090ae (0x004c2083) x1  0x80008736 mem 0x80025e5c
core   0: 0x800090b2 (0xd4e50293) addi    t0, a0, -690
core   0: 3 0x800090b2 (0xd4e50293) x5  0x0c91d5dc
core   0: 0x800090b6 (0x040c0c13) addi    s8, s8, 64
core   0: 3 0x800090b6 (0x040c0c13) x24 0x80025e98
core   0: 0x800090ba (0x56590c93) addi    s9, s2, 1381
core   0: 3 0x800090ba (0x56590c93) x25 0x00000564
core   0: 0x800090be (0x00108193) addi    gp, ra, 1
core   0: 3 0x800090be (0x00108193) x3  0x80008737
core   0: 0x800090c2 (0x000181e7) jalr    gp, gp, 0
core   0: 3 0x800090c2 (0x000181e7) x3  0x800090c6
core   0: 0x80008736 (0x02a9be33) mulhu   t3, s3, a0
core   0: 3 0x80008736 (0x02a9be33) x28 0x00000000
core   0: 0x8000873a (0x01a59233) sll     tp, a1, s10
core   0: 3 0x8000873a (0x01a59233) x4  0x60000000
core   0: 0x8000873e (0x00008da6) c.mv    s11, s1
core   0: 3 0x8000873e (0x8da6) x27 0xbe80eb21
core   0: 0x80008740 (0x036eb233) mulhu   tp, t4, s6
core   0: 3 0x80008740 (0x036eb233) x4  0x00000000
core   0: 0x80008744 (0x0000717d) c.addi16sp sp, -16
core   0: 3 0x80008744 (0x717d) x2  0xbe80e026
core   0: 0x80008746 (0x02848033) mul     zero, s1, s0
core   0: 3 0x80008746 (0x02848033)
core   0: 0x8000874a (0x00006b65) c.lui   s6, 0x19
core   0: 3 0x8000874a (0x6b65) x22 0x00019000
core   0: 0x8000874c (0x00000001) c.nop
core   0: 3 0x8000874c (0x0001)
core   0: 0x8000874e (0x336000ef) jal     pc + 0x336
core   0: 3 0x8000874e (0x336000ef) x1  0x80008752
core   0: 0x80008a84 (0x012f2733) slt     a4, t5, s2
core   0: 3 0x80008a84 (0x012f2733) x14 0x00000000
core   0: 0x80008a88 (0xfc0c0c13) addi    s8, s8, -64
core   0: 3 0x80008a88 (0xfc0c0c13) x24 0x80025e58
core   0: 0x80008a8c (0x00000bd5) c.addi  s7, 21
core   0: 3 0x80008a8c (0x0bd5) x23 0x00000015
core   0: 0x80008a8e (0x001c2223) sw      ra, 4(s8)
core   0: 3 0x80008a8e (0x001c2223) mem 0x80025e5c 0x80008752
core   0: 0x80008a92 (0x000089f1) c.andi  a1, 28
core   0: 3 0x80008a92 (0x89f1) x11 0x00000010
core   0: 0x80008a94 (0x01a2d7b3) srl     a5, t0, s10
core   0: 3 0x80008a94 (0x01a2d7b3) x15 0x00000000
core   0: 0x80008a98 (0x01375d13) srli    s10, a4, 19
core   0: 3 0x80008a98 (0x01375d13) x26 0x00000000
core   0: 0x80008a9c (0x00008217) auipc   tp, 0x8
core   0: 3 0x80008a9c (0x00008217) x4  0x80010a9c
core   0: 0x80008aa0 (0x98b20213) addi    tp, tp, -1653
core   0: 3 0x80008aa0 (0x98b20213) x4  0x80010427
core   0: 0x80008aa4 (0x40015333) sra     t1, sp, zero
core   0: 3 0x80008aa4 (0x40015333) x6  0xbe80e026
core   0: 0x80008aa8 (0xfad21183) lh      gp, -83(tp)
core   0: 3 0x80008aa8 (0xfad21183) x3  0xffffbb27 mem 0x800103d4
core   0: 0x80008aac (0xfc325a83) lhu     s5, -61(tp)
core   0: 3 0x80008aac (0xfc325a83) x21 0x00002100 mem 0x800103ea
core   0: 0x80008ab0 (0xfd6211a3) sh      s6, -61(tp)
core   0: 3 0x80008ab0 (0xfd6211a3) mem 0x800103ea 0x9000
core   0: 0x80008ab4 (0xfc325303) lhu     t1, -61(tp)
core   0: 3 0x80008ab4 (0xfc325303) x6  0x00009000 mem 0x800103ea
core   0: 0x80008ab8 (0xfc321703) lh      a4, -61(tp)
core   0: 3 0x80008ab8 (0xfc321703) x14 0xffff9000 mem 0x800103ea
core   0: 0x80008abc (0xfc0201a3) sb      zero, -61(tp)
core   0: 3 0x80008abc (0xfc0201a3) mem 0x800103ea 0x00
core   0: 0x80008ac0 (0xef424e03) lbu     t3, -268(tp)
core   0: 3 0x80008ac0 (0xef424e03) x28 0x00000049 mem 0x8001031b
core   0: 0x80008ac4 (0xef424003) lbu     zero, -268(tp)
core   0: 3 0x80008ac4 (0xef424003) mem 0x8001031b
core   0: 0x80008ac8 (0x02d5a0b3) mulhsu  ra, a1, a3
core   0: 3 0x80008ac8 (0x02d5a0b3) x1  0x0000000f
core   0: 0x80008acc (0x00fb8f33) add     t5, s7, a5
core   0: 3 0x80008acc (0x00fb8f33) x30 0x00000015
core   0: 0x80008ad0 (0xef424e03) lbu     t3, -268(tp)
core   0: 3 0x80008ad0 (0xef424e03) x28 0x00000049 mem 0x8001031b
core   0: 0x80008ad4 (0x000014fd) c.addi  s1, -1
core   0: 3 0x80008ad4 (0x14fd) x9  0xbe80eb20
core   0: 0x80008ad6 (0x6f721003) lh      zero, 1783(tp)
core   0: 3 0x80008ad6 (0x6f721003) mem 0x80010b1e
core   0: 0x80008ada (0x26725183) lhu     gp, 615(tp)
core   0: 3 0x80008ada (0x26725183) x3  0x00003ccd mem 0x8001068e
core   0: 0x80008ade (0x26721983) lh      s3, 615(tp)
core   0: 3 0x80008ade (0x26721983) x19 0x00003ccd mem 0x8001068e
core   0: 0x80008ae2 (0x01e000ef) jal     pc + 0x1e
core   0: 3 0x80008ae2 (0x01e000ef) x1  0x80008ae6
core   0: 0x80008b00 (0xffdff36f) jal     t1, pc - 0x4
core   0: 3 0x80008b00 (0xffdff36f) x6  0x80008b04
core   0: 0x80008afc (0x0000a831) c.j     pc + 28
core   0: 3 0x80008afc (0xa831)
core   0: 0x80008b18 (0xff7ff36f) jal     t1, pc - 0xa
core   0: 3 0x80008b18 (0xff7ff36f) x6  0x80008b1c
core   0: 0x80008b0e (0x00003ff1) c.jal   pc - 36
core   0: 3 0x80008b0e (0x3ff1) x1  0x80008b10
core   0: 0x80008aea (0x014001ef) jal     gp, pc + 0x14
core   0: 3 0x80008aea (0x014001ef) x3  0x80008aee
core   0: 0x80008afe (0x0000a021) c.j     pc + 8
core   0: 3 0x80008afe (0xa021)
core   0: 0x80008b06 (0x00002011) c.jal   pc + 4
core   0: 3 0x80008b06 (0x2011) x1  0x80008b08
core   0: 0x80008b0a (0xfffff0ef) jal     pc - 0x2
core   0: 3 0x80008b0a (0xfffff0ef) x1  0x80008b0e
core   0: 0x80008b08 (0x0000a811) c.j     pc + 20
core   0: 3 0x80008b08 (0xa811)
core   0: 0x80008b1c (0x00003fd5) c.jal   pc - 12
core   0: 3 0x80008b1c (0x3fd5) x1  0x80008b1e
core   0: 0x80008b10 (0xfe3ff0ef) jal     pc - 0x1e
core   0: 3 0x80008b10 (0xfe3ff0ef) x1  0x80008b14
core   0: 0x80008af2 (0x036002ef) jal     t0, pc + 0x36
core   0: 3 0x80008af2 (0x036002ef) x5  0x80008af6
core   0: 0x80008b28 (0x0000b7d9) c.j     pc - 58
core   0: 3 0x80008b28 (0xb7d9)
core   0: 0x80008aee (0x02800a6f) jal     s4, pc + 0x28
core   0: 3 0x80008aee (0x02800a6f) x20 0x80008af2
core   0: 0x80008b16 (0x0000bfc9) c.j     pc - 46
core   0: 3 0x80008b16 (0xbfc9)
core   0: 0x80008ae8 (0x00002835) c.jal   pc + 60
core   0: 3 0x80008ae8 (0x2835) x1  0x80008aea
core   0: 0x80008b24 (0x0060036f) jal     t1, pc + 0x6
core   0: 3 0x80008b24 (0x0060036f) x6  0x80008b28
core   0: 0x80008b2a (0x0000bfe9) c.j     pc - 38
core   0: 3 0x80008b2a (0xbfe9)
core   0: 0x80008b04 (0x00003fcd) c.jal   pc - 14
core   0: 3 0x80008b04 (0x3fcd) x1  0x80008b06
core   0: 0x80008af6 (0x0000a81d) c.j     pc + 54
core   0: 3 0x80008af6 (0xa81d)
core   0: 0x80008b2c (0x00003fdd) c.jal   pc - 10
core   0: 3 0x80008b2c (0x3fdd) x1  0x80008b2e
core   0: 0x80008b22 (0x00003fe1) c.jal   pc - 40
core   0: 3 0x80008b22 (0x3fe1) x1  0x80008b24
core   0: 0x80008afa (0x0000a829) c.j     pc + 26
core   0: 3 0x80008afa (0xa829)
core   0: 0x80008b14 (0x0000a029) c.j     pc + 10
core   0: 3 0x80008b14 (0xa029)
core   0: 0x80008b1e (0xfc9ff0ef) jal     pc - 0x38
core   0: 3 0x80008b1e (0xfc9ff0ef) x1  0x80008b22
core   0: 0x80008ae6 (0x00002809) c.jal   pc + 18
core   0: 3 0x80008ae6 (0x2809) x1  0x80008ae8
core   0: 0x80008af8 (0x0000281d) c.jal   pc + 54
core   0: 3 0x80008af8 (0x281d) x1  0x80008afa
core   0: 0x80008b2e (0x017f9813) slli    a6, t6, 23
core   0: 3 0x80008b2e (0x017f9813) x16 0x92000000
core   0: 0x80008b32 (0x00007b97) auipc   s7, 0x7
core   0: 3 0x80008b32 (0x00007b97) x23 0x8000fb32
core   0: 0x80008b36 (0x7cab8b93) addi    s7, s7, 1994
core   0: 3 0x80008b36 (0x7cab8b93) x23 0x800102fc
core   0: 0x80008b3a (0xffebd983) lhu     s3, -2(s7)
core   0: 3 0x80008b3a (0xffebd983) x19 0x00003fde mem 0x800102fa
core   0: 0x80008b3e (0x7135c497) auipc   s1, 0x7135c
core   0: 3 0x80008b3e (0x7135c497) x9  0xf1364b3e
core   0: 0x80008b42 (0x5ccf0c93) addi    s9, t5, 1484
core   0: 3 0x80008b42 (0x5ccf0c93) x25 0x000005e1
core   0: 0x80008b46 (0xfffb8683) lb      a3, -1(s7)
core   0: 3 0x80008b46 (0xfffb8683) x13 0x0000003f mem 0x800102fb
core   0: 0x80008b4a (0x00bc64b3) or      s1, s8, a1
core   0: 3 0x80008b4a (0x00bc64b3) x9  0x80025e58
core   0: 0x80008b4e (0x00008fad) c.xor   a5, a1
core   0: 3 0x80008b4e (0x8fad) x15 0x00000010
core   0: 0x80008b50 (0x0169b1b3) sltu    gp, s3, s6
core   0: 3 0x80008b50 (0x0169b1b3) x3  0x00000001
core   0: 0x80008b54 (0x00008289) c.srli  a3, 2
core   0: 3 0x80008b54 (0x8289) x13 0x0000000f
core   0: 0x80008b56 (0x006b8803) lb      a6, 6(s7)
core   0: 3 0x80008b56 (0x006b8803) x16 0x00000068 mem 0x80010302
core   0: 0x80008b5a (0x01375b13) srli    s6, a4, 19
core   0: 3 0x80008b5a (0x01375b13) x22 0x00001fff
core   0: 0x80008b5e (0xa6c2f417) auipc   s0, 0xa6c2f
core   0: 3 0x80008b5e (0xa6c2f417) x8  0x26c37b5e
core   0: 0x80008b62 (0x01b04533) xor     a0, zero, s11
core   0: 3 0x80008b62 (0x01b04533) x10 0xbe80eb21
core   0: 0x80008b66 (0x010baf03) lw      t5, 16(s7)
core   0: 3 0x80008b66 (0x010baf03) x30 0x00003fde mem 0x8001030c
core   0: 0x80008b6a (0x9a830513) addi    a0, t1, -1624
core   0: 3 0x80008b6a (0x9a830513) x10 0x800084d0
core   0: 0x80008b6e (0x416e82b3) sub     t0, t4, s6
core   0: 3 0x80008b6e (0x416e82b3) x5  0xffffe009
core   0: 0x80008b72 (0x013ba823) sw      s3, 16(s7)
core   0: 3 0x80008b72 (0x013ba823) mem 0x8001030c 0x00003fde
core   0: 0x80008b76 (0x008bab03) lw      s6, 8(s7)
core   0: 3 0x80008b76 (0x008bab03) x22 0x00c87af6 mem 0x80010304
core   0: 0x80008b7a (0x00008f46) c.mv    t5, a7
core   0: 3 0x80008b7a (0x8f46) x30 0x00000000
core   0: 0x80008b7c (0x003bc383) lbu     t2, 3(s7)
core   0: 3 0x80008b7c (0x003bc383) x7  0x00000083 mem 0x800102ff
core   0: 0x80008b80 (0x00008031) c.srli  s0, 12
core   0: 3 0x80008b80 (0x8031) x8  0x00026c37
core   0: 0x80008b82 (0x000084e9) c.srai  s1, 26
core   0: 3 0x80008b82 (0x84e9) x9  0xffffffe0
core   0: 0x80008b84 (0x033770b3) remu    ra, a4, s3
core   0: 3 0x80008b84 (0x033770b3) x1  0x0000181e
core   0: 0x80008b88 (0xac08ed37) lui     s10, 0xac08e
core   0: 3 0x80008b88 (0xac08ed37) x26 0xac08e000
core   0: 0x80008b8c (0xff1b8823) sb      a7, -16(s7)
core   0: 3 0x80008b8c (0xff1b8823) mem 0x800102ec 0x00
core   0: 0x80008b90 (0x0000717d) c.addi16sp sp, -16
core   0: 3 0x80008b90 (0x717d) x2  0xbe80e016
core   0: 0x80008b92 (0xffcbc483) lbu     s1, -4(s7)
core   0: 3 0x80008b92 (0xffcbc483) x9  0x0000006a mem 0x800102f8
core   0: 0x80008b96 (0x02956633) rem     a2, a0, s1
core   0: 3 0x80008b96 (0x02956633) x12 0xffffff9c
core   0: 0x80008b9a (0x00fb8003) lb      zero, 15(s7)
core   0: 3 0x80008b9a (0x00fb8003) mem 0x8001030b
core   0: 0x80008b9e (0xff2b8283) lb      t0, -14(s7)
core   0: 3 0x80008b9e (0xff2b8283) x5  0xffffffa9 mem 0x800102ee
core   0: 0x80008ba2 (0x00db8c83) lb      s9, 13(s7)
core   0: 3 0x80008ba2 (0x00db8c83) x25 0xffffffec mem 0x80010309
core   0: 0x80008ba6 (0x000000fd) c.addi  ra, 31
core   0: 3 0x80008ba6 (0x00fd) x1  0x0000183d
core   0: 0x80008ba8 (0x00db8d83) lb      s11, 13(s7)
core   0: 3 0x80008ba8 (0x00db8d83) x27 0xffffffec mem 0x80010309
core   0: 0x80008bac (0x007bc503) lbu     a0, 7(s7)
core   0: 3 0x80008bac (0x007bc503) x10 0x000000b6 mem 0x80010303
core   0: 0x80008bb0 (0x00000001) c.nop
core   0: 3 0x80008bb0 (0x0001)
core   0: 0x80008bb2 (0x000bc483) lbu     s1, 0(s7)
core   0: 3 0x80008bb2 (0x000bc483) x9  0x00000076 mem 0x800102fc
core   0: 0x80008bb6 (0x022186b3) mul     a3, gp, sp
core   0: 3 0x80008bb6 (0x022186b3) x13 0xbe80e016
core   0: 0x80008bba (0xff0bd783) lhu     a5, -16(s7)
core   0: 3 0x80008bba (0xff0bd783) x15 0x0000c900 mem 0x800102ec
core   0: 0x80008bbe (0xffeb9a03) lh      s4, -2(s7)
core   0: 3 0x80008bbe (0xffeb9a03) x20 0x00003fde mem 0x800102fa
core   0: 0x80008bc2 (0x011642b3) xor     t0, a2, a7
core   0: 3 0x80008bc2 (0x011642b3) x5  0xffffff9c
core   0: 0x80008bc6 (0x000054fd) c.li    s1, -1
core   0: 3 0x80008bc6 (0x54fd) x9  0xffffffff
core   0: 0x80008bc8 (0x00d3d5b3) srl     a1, t2, a3
core   0: 3 0x80008bc8 (0x00d3d5b3) x11 0x00000000
core   0: 0x80008bcc (0xffdb8c83) lb      s9, -3(s7)
core   0: 3 0x80008bcc (0xffdb8c83) x25 0x00000015 mem 0x800102f9
core   0: 0x80008bd0 (0x00005479) c.li    s0, -2
core   0: 3 0x80008bd0 (0x5479) x8  0xfffffffe
core   0: 0x80008bd2 (0x8fd72d93) slti    s11, a4, -1795
core   0: 3 0x80008bd2 (0x8fd72d93) x27 0x00000001
core   0: 0x80008bd6 (0x0384d933) divu    s2, s1, s8
core   0: 3 0x80008bd6 (0x0384d933) x18 0x00000001
core   0: 0x80008bda (0x02c3eab3) rem     s5, t2, a2
core   0: 3 0x80008bda (0x02c3eab3) x21 0x0000001f
core   0: 0x80008bde (0x00008095) c.srli  s1, 5
core   0: 3 0x80008bde (0x8095) x9  0x07ffffff
core   0: 0x80008be0 (0x02ed93b3) mulh    t2, s11, a4
core   0: 3 0x80008be0 (0x02ed93b3) x7  0xffffffff
core   0: 0x80008be4 (0x00000001) c.nop
core   0: 3 0x80008be4 (0x0001)
core   0: 0x80008be6 (0x01b51b93) slli    s7, a0, 27
core   0: 3 0x80008be6 (0x01b51b93) x23 0xb0000000
core   0: 0x80008bea (0x011713b3) sll     t2, a4, a7
core   0: 3 0x80008bea (0x011713b3) x7  0xffff9000
core   0: 0x80008bee (0x00008d9d) c.sub   a1, a5
core   0: 3 0x80008bee (0x8d9d) x11 0xffff3700
core   0: 0x80008bf0 (0x41455813) srai    a6, a0, 20
core   0: 3 0x80008bf0 (0x41455813) x16 0x00000000
core   0: 0x80008bf4 (0x00000405) c.addi  s0, 1
core   0: 3 0x80008bf4 (0x0405) x8  0xffffffff
core   0: 0x80008bf6 (0x00008215) c.srli  a2, 5
core   0: 3 0x80008bf6 (0x8215) x12 0x07fffffc
core   0: 0x80008bf8 (0x7f327a13) andi    s4, tp, 2035
core   0: 3 0x80008bf8 (0x7f327a13) x20 0x00000423
core   0: 0x80008bfc (0x0000d86d) c.beqz  s0, pc - 14
core   0: 3 0x80008bfc (0xd86d)
core   0: 0x80008bfe (0x0168b6b3) sltu    a3, a7, s6
core   0: 3 0x80008bfe (0x0168b6b3) x13 0x00000001
core   0: 0x80008c02 (0x0000c895) c.beqz  s1, pc + 52
core   0: 3 0x80008c02 (0xc895)
core   0: 0x80008c04 (0x03f11e33) mulh    t3, sp, t6
core   0: 3 0x80008c04 (0x03f11e33) x28 0x20bee4c2
core   0: 0x80008c08 (0x00330f33) add     t5, t1, gp
core   0: 3 0x80008c08 (0x00330f33) x30 0x80008b29
core   0: 0x80008c0c (0x003d1613) slli    a2, s10, 3
core   0: 3 0x80008c0c (0x003d1613) x12 0x60470000
core   0: 0x80008c10 (0x037731b3) mulhu   gp, a4, s7
core   0: 3 0x80008c10 (0x037731b3) x3  0xafffb300
core   0: 0x80008c14 (0x0455ea93) ori     s5, a1, 69
core   0: 3 0x80008c14 (0x0455ea93) x21 0xffff3745
core   0: 0x80008c18 (0x00000326) c.slli  t1, 9
core   0: 3 0x80008c18 (0x0326) x6  0x01165000
core   0: 0x80008c1a (0x00a87b33) and     s6, a6, a0
core   0: 3 0x80008c1a (0x00a87b33) x22 0x00000000
core   0: 0x80008c1e (0x00009a7d) c.andi  a2, -1
core   0: 3 0x80008c1e (0x9a7d) x12 0x60470000
core   0: 0x80008c20 (0x02339d33) mulh    s10, t2, gp
core   0: 3 0x80008c20 (0x02339d33) x26 0x00002300
core   0: 0x80008c24 (0x00c9db33) srl     s6, s3, a2
core   0: 3 0x80008c24 (0x00c9db33) x22 0x00003fde
core   0: 0x80008c28 (0x402f0333) sub     t1, t5, sp
core   0: 3 0x80008c28 (0x402f0333) x6  0xc17fab13
core   0: 0x80008c2c (0x0011cf63) blt     gp, ra, pc + 30
core   0: 3 0x80008c2c (0x0011cf63)
core   0: 0x80008c4a (0x000098fa) c.add   a7, t5
core   0: 3 0x80008c4a (0x98fa) x17 0x80008b29
core   0: 0x80008c4c (0x411cdd93) srai    s11, s9, 17
core   0: 3 0x80008c4c (0x411cdd93) x27 0x00000000
core   0: 0x80008c50 (0x4073d693) srai    a3, t2, 7
core   0: 3 0x80008c50 (0x4073d693) x13 0xffffff20
core   0: 0x80008c54 (0x0000868e) c.mv    a3, gp
core   0: 3 0x80008c54 (0x868e) x13 0xafffb300
core   0: 0x80008c56 (0x01c79963) bne     a5, t3, pc + 18
core   0: 3 0x80008c56 (0x01c79963)
core   0: 0x80008c68 (0x91aac9b7) lui     s3, 0x91aac
core   0: 3 0x80008c68 (0x91aac9b7) x19 0x91aac000
core   0: 0x80008c6c (0xf251e493) ori     s1, gp, -219
core   0: 3 0x80008c6c (0xf251e493) x9  0xffffff25
core   0: 0x80008c70 (0x031412b3) mulh    t0, s0, a7
core   0: 3 0x80008c70 (0x031412b3) x5  0x00000000
core   0: 0x80008c74 (0x03704db3) div     s11, zero, s7
core   0: 3 0x80008c74 (0x03704db3) x27 0x00000000
core   0: 0x80008c78 (0x00008225) c.srli  a2, 9
core   0: 3 0x80008c78 (0x8225) x12 0x00302380
core   0: 0x80008c7a (0x0000800d) c.srli  s0, 3
core   0: 3 0x80008c7a (0x800d) x8  0x1fffffff
core   0: 0x80008c7c (0x0000cb89) c.beqz  a5, pc + 18
core   0: 3 0x80008c7c (0xcb89)
core   0: 0x80008c7e (0x00000001) c.nop
core   0: 3 0x80008c7e (0x0001)
core   0: 0x80008c80 (0x00006175) c.addi16sp sp, 368
core   0: 3 0x80008c80 (0x6175) x2  0xbe80e186
core   0: 0x80008c82 (0x0000c905) c.beqz  a0, pc + 48
core   0: 3 0x80008c82 (0xc905)
core   0: 0x80008c84 (0x012e3533) sltu    a0, t3, s2
core   0: 3 0x80008c84 (0x012e3533) x10 0x00000000
core   0: 0x80008c88 (0x00000001) c.nop
core   0: 3 0x80008c88 (0x0001)
core   0: 0x80008c8a (0x35dbac93) slti    s9, s7, 861
core   0: 3 0x80008c8a (0x35dbac93) x25 0x00000001
core   0: 0x80008c8e (0x79b38893) addi    a7, t2, 1947
core   0: 3 0x80008c8e (0x79b38893) x17 0xffff979b
core   0: 0x80008c92 (0x0000e01d) c.bnez  s0, pc + 38
core   0: 3 0x80008c92 (0xe01d)
core   0: 0x80008cb8 (0x00001388) c.addi4spn a0, sp, 480
core   0: 3 0x80008cb8 (0x1388) x10 0xbe80e366
core   0: 0x80008cba (0x0e24fd63) bgeu    s1, sp, pc + 250
core   0: 3 0x80008cba (0x0e24fd63)
core   0: 0x80008db4 (0x03811bb3) mulh    s7, sp, s8
core   0: 3 0x80008db4 (0x03811bb3) x23 0x20bef41b
core   0: 0x80008db8 (0x00008e99) c.sub   a3, a4
core   0: 3 0x80008db8 (0x8e99) x13 0xb0002300
core   0: 0x80008dba (0x036464b3) rem     s1, s0, s6
core   0: 3 0x80008dba (0x036464b3) x9  0x00000907
core   0: 0x80008dbe (0xb89bad93) slti    s11, s7, -1143
core   0: 3 0x80008dbe (0xb89bad93) x27 0x00000000
core   0: 0x80008dc2 (0x0092fd33) and     s10, t0, s1
core   0: 3 0x80008dc2 (0x0092fd33) x26 0x00000000
core   0: 0x80008dc6 (0x00d5d633) srl     a2, a1, a3
core   0: 3 0x80008dc6 (0x00d5d633) x12 0xffff3700
core   0: 0x80008dca (0x00b65533) srl     a0, a2, a1
core   0: 3 0x80008dca (0x00b65533) x10 0xffff3700
core   0: 0x80008dce (0x000006fa) c.slli  a3, 30
core   0: 3 0x80008dce (0x06fa) x13 0x00000000
core   0: 0x80008dd0 (0x00008d31) c.xor   a0, a2
core   0: 3 0x80008dd0 (0x8d31) x10 0x00000000
core   0: 0x80008dd2 (0x029e6c63) bltu    t3, s1, pc + 56
core   0: 3 0x80008dd2 (0x029e6c63)
core   0: 0x80008dd6 (0x03889033) mulh    zero, a7, s8
core   0: 3 0x80008dd6 (0x03889033)
core   0: 0x80008dda (0x03d48cb3) mul     s9, s1, t4
core   0: 3 0x80008dda (0x03d48cb3) x25 0x00004838
core   0: 0x80008dde (0x00008e91) c.sub   a3, a2
core   0: 3 0x80008dde (0x8e91) x13 0x0000c900
core   0: 0x80008de0 (0x00008e01) c.sub   a2, s0
core   0: 3 0x80008de0 (0x8e01) x12 0xdfff3701
core   0: 0x80008de2 (0x02774db3) div     s11, a4, t2
core   0: 3 0x80008de2 (0x02774db3) x27 0x00000001
core   0: 0x80008de6 (0xc6f4ce37) lui     t3, 0xc6f4c
core   0: 3 0x80008de6 (0xc6f4ce37) x28 0xc6f4c000
core   0: 0x80008dea (0x0237fb63) bgeu    a5, gp, pc + 54
core   0: 3 0x80008dea (0x0237fb63)
core   0: 0x80008dee (0x0000717d) c.addi16sp sp, -16
core   0: 3 0x80008dee (0x717d) x2  0xbe80e176
core   0: 0x80008df0 (0x414d5593) srai    a1, s10, 20
core   0: 3 0x80008df0 (0x414d5593) x11 0x00000000
core   0: 0x80008df4 (0x00008e89) c.sub   a3, a0
core   0: 3 0x80008df4 (0x8e89) x13 0x0000c900
core   0: 0x80008df6 (0x00008549) c.srai  a0, 18
core   0: 3 0x80008df6 (0x8549) x10 0x00000000
core   0: 0x80008df8 (0x00c110b3) sll     ra, sp, a2
core   0: 3 0x80008df8 (0x00c110b3) x1  0x7d01c2ec
core   0: 0x80008dfc (0x00304d63) blt     zero, gp, pc + 26
core   0: 3 0x80008dfc (0x00304d63)
core   0: 0x80008e00 (0x5b18b293) sltiu   t0, a7, 1457
core   0: 3 0x80008e00 (0x5b18b293) x5  0x00000000
core   0: 0x80008e04 (0x0000e491) c.bnez  s1, pc + 12
core   0: 3 0x80008e04 (0xe491)
core   0: 0x80008e10 (0x00008ead) c.xor   a3, a1
core   0: 3 0x80008e10 (0x8ead) x13 0x0000c900
core   0: 0x80008e12 (0x00af9563) bne     t6, a0, pc + 10
core   0: 3 0x80008e12 (0x00af9563)
core   0: 0x80008e1c (0x023a8db3) mul     s11, s5, gp
core   0: 3 0x80008e1c (0x023a8db3) x27 0xac603f00
core   0: 0x80008e20 (0x0000082e) c.slli  a6, 11
core   0: 3 0x80008e20 (0x082e) x16 0x00000000
core   0: 0x80008e22 (0xabef4513) xori    a0, t5, -1346
core   0: 3 0x80008e22 (0xabef4513) x10 0x7fff7197
core   0: 0x80008e26 (0x0000717d) c.addi16sp sp, -16
core   0: 3 0x80008e26 (0x717d) x2  0xbe80e166
core   0: 0x80008e28 (0x04257063) bgeu    a0, sp, pc + 64
core   0: 3 0x80008e28 (0x04257063)
core   0: 0x80008e2c (0x0148f033) and     zero, a7, s4
core   0: 3 0x80008e2c (0x0148f033)
core   0: 0x80008e30 (0x03721063) bne     tp, s7, pc + 32
core   0: 3 0x80008e30 (0x03721063)
core   0: 0x80008e50 (0x401dd233) sra     tp, s11, ra
core   0: 3 0x80008e50 (0x401dd233) x4  0xfffac603
core   0: 0x80008e54 (0x6eca7997) auipc   s3, 0x6eca7
core   0: 3 0x80008e54 (0x6eca7997) x19 0xeecafe54
core   0: 0x80008e58 (0x000006fa) c.slli  a3, 30
core   0: 3 0x80008e58 (0x06fa) x13 0x00000000
core   0: 0x80008e5a (0x950fb393) sltiu   t2, t6, -1712
core   0: 3 0x80008e5a (0x950fb393) x7  0x00000001
core   0: 0x80008e5e (0x01079193) slli    gp, a5, 16
core   0: 3 0x80008e5e (0x01079193) x3  0xc9000000
core   0: 0x80008e62 (0x0000ed19) c.bnez  a0, pc + 30
core   0: 3 0x80008e62 (0xed19)
core   0: 0x80008e80 (0x407dd333) sra     t1, s11, t2
core   0: 3 0x80008e80 (0x407dd333) x6  0xd6301f80
core   0: 0x80008e84 (0x01db4533) xor     a0, s6, t4
core   0: 3 0x80008e84 (0x01db4533) x10 0x00003fd6
core   0: 0x80008e88 (0x023dd063) bge     s11, gp, pc + 32
core   0: 3 0x80008e88 (0x023dd063)
core   0: 0x80008e8c (0x0362e733) rem     a4, t0, s6
core   0: 3 0x80008e8c (0x0362e733) x14 0x00000000
core   0: 0x80008e90 (0x02914f63) blt     sp, s1, pc + 62
core   0: 3 0x80008e90 (0x02914f63)
core   0: 0x80008ece (0x11696d93) ori     s11, s2, 278
core   0: 3 0x80008ece (0x11696d93) x27 0x00000117
core   0: 0x80008ed2 (0x010f4f63) blt     t5, a6, pc + 30
core   0: 3 0x80008ed2 (0x010f4f63)
core   0: 0x80008ef0 (0x013acab3) xor     s5, s5, s3
core   0: 3 0x80008ef0 (0x013acab3) x21 0x1135c911
core   0: 0x80008ef4 (0x001fc463) blt     t6, ra, pc + 8
core   0: 3 0x80008ef4 (0x001fc463)
core   0: 0x80008efc (0x00008816) c.mv    a6, t0
core   0: 3 0x80008efc (0x8816) x16 0x00000000
core   0: 0x80008efe (0x000007b2) c.slli  a5, 12
core   0: 3 0x80008efe (0x07b2) x15 0x0c900000
core   0: 0x80008f00 (0x0158ebb3) or      s7, a7, s5
core   0: 3 0x80008f00 (0x0158ebb3) x23 0xffffdf9b
core   0: 0x80008f04 (0x00000d62) c.slli  s10, 24
core   0: 3 0x80008f04 (0x0d62) x26 0x00000000
core   0: 0x80008f06 (0x00000721) c.addi  a4, 8
core   0: 3 0x80008f06 (0x0721) x14 0x00000008
core   0: 0x80008f08 (0x052dff13) andi    t5, s11, 82
core   0: 3 0x80008f08 (0x052dff13) x30 0x00000012
core   0: 0x80008f0c (0x00000d80) c.addi4spn s0, sp, 720
core   0: 3 0x80008f0c (0x0d80) x8  0xbe80e436
core   0: 0x80008f0e (0x005add63) bge     s5, t0, pc + 26
core   0: 3 0x80008f0e (0x005add63)
core   0: 0x80008f28 (0x00008d9d) c.sub   a1, a5
core   0: 3 0x80008f28 (0x8d9d) x11 0xf3700000
core   0: 0x80008f2a (0x000068d1) c.lui   a7, 0x14
core   0: 3 0x80008f2a (0x68d1) x17 0x00014000
core   0: 0x80008f2c (0x4159ddb3) sra     s11, s3, s5
core   0: 3 0x80008f2c (0x4159ddb3) x27 0xfffff765
core   0: 0x80008f30 (0x3723a793) slti    a5, t2, 882
core   0: 3 0x80008f30 (0x3723a793) x15 0x00000001
core   0: 0x80008f34 (0x05b3e063) bltu    t2, s11, pc + 64
core   0: 3 0x80008f34 (0x05b3e063)
core   0: 0x80008f74 (0x0066edb3) or      s11, a3, t1
core   0: 3 0x80008f74 (0x0066edb3) x27 0xd6301f80
core   0: 0x80008f78 (0x01f88133) add     sp, a7, t6
core   0: 3 0x80008f78 (0x01f88133) x2  0x8003dd24
core   0: 0x80008f7c (0xd8837c93) andi    s9, t1, -632
core   0: 3 0x80008f7c (0xd8837c93) x25 0xd6301d80
core   0: 0x80008f80 (0x024b8733) mul     a4, s7, tp
core   0: 3 0x80008f80 (0x024b8733) x14 0xa94f80d1
core   0: 0x80008f84 (0x016ed233) srl     tp, t4, s6
core   0: 3 0x80008f84 (0x016ed233) x4  0x00000000
core   0: 0x80008f88 (0x40c887b3) sub     a5, a7, a2
core   0: 3 0x80008f88 (0x40c887b3) x15 0x200208ff
core   0: 0x80008f8c (0x02851563) bne     a0, s0, pc + 42
core   0: 3 0x80008f8c (0x02851563)
core   0: 0x80008fb6 (0x00900963) beq     zero, s1, pc + 18
core   0: 3 0x80008fb6 (0x00900963)
core   0: 0x80008fba (0x00000791) c.addi  a5, 4
core   0: 3 0x80008fba (0x0791) x15 0x20020903
core   0: 0x80008fbc (0x00bda733) slt     a4, s11, a1
core   0: 3 0x80008fbc (0x00bda733) x14 0x00000001
core   0: 0x80008fc0 (0x03a96833) rem     a6, s2, s10
core   0: 3 0x80008fc0 (0x03a96833) x16 0x00000001
core   0: 0x80008fc4 (0x02544d33) div     s10, s0, t0
core   0: 3 0x80008fc4 (0x02544d33) x26 0xffffffff
core   0: 0x80008fc8 (0x00008d61) c.and   a0, s0
core   0: 3 0x80008fc8 (0x8d61) x10 0x00002416
core   0: 0x80008fca (0x01c298b3) sll     a7, t0, t3
core   0: 3 0x80008fca (0x01c298b3) x17 0x00000000
core   0: 0x80008fce (0x024b4cb3) div     s9, s6, tp
core   0: 3 0x80008fce (0x024b4cb3) x25 0xffffffff
core   0: 0x80008fd2 (0x00008d22) c.mv    s10, s0
core   0: 3 0x80008fd2 (0x8d22) x26 0xbe80e436
core   0: 0x80008fd4 (0x00000001) c.nop
core   0: 3 0x80008fd4 (0x0001)
core   0: 0x80008fd6 (0x02eebdb3) mulhu   s11, t4, a4
core   0: 3 0x80008fd6 (0x02eebdb3) x27 0x00000000
core   0: 0x80008fda (0x000060f5) c.lui   ra, 0x1d
core   0: 3 0x80008fda (0x60f5) x1  0x0001d000
core   0: 0x80008fdc (0x416953b3) sra     t2, s2, s6
core   0: 3 0x80008fdc (0x416953b3) x7  0x00000000
core   0: 0x80008fe0 (0x00008e31) c.xor   a2, a2
core   0: 3 0x80008fe0 (0x8e31) x12 0x00000000
core   0: 0x80008fe2 (0x011e5c63) bge     t3, a7, pc + 24
core   0: 3 0x80008fe2 (0x011e5c63)
core   0: 0x80008fe6 (0x000056fd) c.li    a3, -1
core   0: 3 0x80008fe6 (0x56fd) x13 0xffffffff
core   0: 0x80008fe8 (0x662bcd13) xori    s10, s7, 1634
core   0: 3 0x80008fe8 (0x662bcd13) x26 0xffffd9f9
core   0: 0x80008fec (0x008ec863) blt     t4, s0, pc + 16
core   0: 3 0x80008fec (0x008ec863)
core   0: 0x80008ff0 (0x00000001) c.nop
core   0: 3 0x80008ff0 (0x0001)
core   0: 0x80008ff2 (0x0374f363) bgeu    s1, s7, pc + 38
core   0: 3 0x80008ff2 (0x0374f363)
core   0: 0x80008ff6 (0x00ba0733) add     a4, s4, a1
core   0: 3 0x80008ff6 (0x00ba0733) x14 0xf3700423
core   0: 0x80008ffa (0x0000537d) c.li    t1, -1
core   0: 3 0x80008ffa (0x537d) x6  0xffffffff
core   0: 0x80008ffc (0x99bd2513) slti    a0, s10, -1637
core   0: 3 0x80008ffc (0x99bd2513) x10 0x00000001
core   0: 0x80009000 (0x00008da9) c.xor   a1, a0
core   0: 3 0x80009000 (0x8da9) x11 0xf3700001
core   0: 0x80009002 (0x01dc8b33) add     s6, s9, t4
core   0: 3 0x80009002 (0x01dc8b33) x22 0x00000007
core   0: 0x80009006 (0x00008e25) c.xor   a2, s1
core   0: 3 0x80009006 (0x8e25) x12 0x00000907
core   0: 0x80009008 (0xb9052a93) slti    s5, a0, -1136
core   0: 3 0x80009008 (0xb9052a93) x21 0x00000000
core   0: 0x8000900c (0x03cebf33) mulhu   t5, t4, t3
core   0: 3 0x8000900c (0x03cebf33) x30 0x00000006
core   0: 0x80009010 (0x002ac633) xor     a2, s5, sp
core   0: 3 0x80009010 (0x002ac633) x12 0x8003dd24
core   0: 0x80009014 (0x00c9f633) and     a2, s3, a2
core   0: 3 0x80009014 (0x00c9f633) x12 0x8002dc04
core   0: 0x80009018 (0x0245bb33) mulhu   s6, a1, tp
core   0: 3 0x80009018 (0x0245bb33) x22 0x00000000
core   0: 0x8000901c (0x00008d0d) c.sub   a0, a1
core   0: 3 0x8000901c (0x8d0d) x10 0x0c900000
core   0: 0x8000901e (0x00d5b833) sltu    a6, a1, a3
core   0: 3 0x8000901e (0x00d5b833) x16 0x00000001
core   0: 0x80009022 (0x0000940e) c.add   s0, gp
core   0: 3 0x80009022 (0x940e) x8  0x8780e436
core   0: 0x80009024 (0x03661b63) bne     a2, s6, pc + 54
core   0: 3 0x80009024 (0x03661b63)
core   0: 0x8000905a (0x02e88ab3) mul     s5, a7, a4
core   0: 3 0x8000905a (0x02e88ab3) x21 0x00000000
core   0: 0x8000905e (0x41415f13) srai    t5, sp, 20
core   0: 3 0x8000905e (0x41415f13) x30 0xfffff800
core   0: 0x80009062 (0x03746833) rem     a6, s0, s7
core   0: 3 0x80009062 (0x03746833) x16 0xfffff37d
core   0: 0x80009066 (0x03021263) bne     tp, a6, pc + 36
core   0: 3 0x80009066 (0x03021263)
core   0: 0x8000908a (0x00000001) c.nop
core   0: 3 0x8000908a (0x0001)
core   0: 0x8000908c (0xb3806c93) ori     s9, zero, -1224
core   0: 3 0x8000908c (0xb3806c93) x25 0xfffffb38
core   0: 0x80009090 (0x016cf963) bgeu    s9, s6, pc + 18
core   0: 3 0x80009090 (0x016cf963)
core   0: 0x800090a2 (0x00008ca1) c.xor   s1, s0
core   0: 3 0x800090a2 (0x8ca1) x9  0x8780ed31
core   0: 0x800090a4 (0x63bc6013) ori     zero, s8, 1595
core   0: 3 0x800090a4 (0x63bc6013)
core   0: 0x800090a8 (0x0000866a) c.mv    a2, s10
core   0: 3 0x800090a8 (0x866a) x12 0xffffd9f9
core   0: 0x800090aa (0x02520bb3) mul     s7, tp, t0
core   0: 3 0x800090aa (0x02520bb3) x23 0x00000000
core   0: 0x800090ae (0x004c2083) lw      ra, 4(s8)
core   0: 3 0x800090ae (0x004c2083) x1  0x80008752 mem 0x80025e5c
core   0: 0x800090b2 (0xd4e50293) addi    t0, a0, -690
core   0: 3 0x800090b2 (0xd4e50293) x5  0x0c8ffd4e
core   0: 0x800090b6 (0x040c0c13) addi    s8, s8, 64
core   0: 3 0x800090b6 (0x040c0c13) x24 0x80025e98
core   0: 0x800090ba (0x56590c93) addi    s9, s2, 1381
core   0: 3 0x800090ba (0x56590c93) x25 0x00000566
core   0: 0x800090be (0x00108193) addi    gp, ra, 1
core   0: 3 0x800090be (0x00108193) x3  0x80008753
core   0: 0x800090c2 (0x000181e7) jalr    gp, gp, 0
core   0: 3 0x800090c2 (0x000181e7) x3  0x800090c6
core   0: 0x80008752 (0x025daa33) mulhsu  s4, s11, t0
core   0: 3 0x80008752 (0x025daa33) x20 0x00000000
core   0: 0x80008756 (0x00008856) c.mv    a6, s5
core   0: 3 0x80008756 (0x8856) x16 0x00000000
core   0: 0x80008758 (0x00006485) c.lui   s1, 0x1
core   0: 3 0x80008758 (0x6485) x9  0x00001000
core   0: 0x8000875a (0x02c3dd33) divu    s10, t2, a2
core   0: 3 0x8000875a (0x02c3dd33) x26 0x00000000
core   0: 0x8000875e (0x4b8e0037) lui     zero, 0x4b8e0
core   0: 3 0x8000875e (0x4b8e0037)
core   0: 0x80008762 (0x0000e919) c.bnez  a0, pc + 22
core   0: 3 0x80008762 (0xe919)
core   0: 0x80008778 (0x01c86a63) bltu    a6, t3, pc + 20
core   0: 3 0x80008778 (0x01c86a63)
core   0: 0x8000878c (0x000098fd) c.andi  s1, -1
core   0: 3 0x8000878c (0x98fd) x9  0x00001000
core   0: 0x8000878e (0x00000001) c.nop
core   0: 3 0x8000878e (0x0001)
core   0: 0x80008790 (0x03e76963) bltu    a4, t5, pc + 50
core   0: 3 0x80008790 (0x03e76963)
core   0: 0x800087c2 (0x00874563) blt     a4, s0, pc + 10
core   0: 3 0x800087c2 (0x00874563)
core   0: 0x800087c6 (0x05f38e63) beq     t2, t6, pc + 92
core   0: 3 0x800087c6 (0x05f38e63)
core   0: 0x800087ca (0x00008f65) c.and   a4, s1
core   0: 3 0x800087ca (0x8f65) x14 0x00000000
core   0: 0x800087cc (0x00cd7433) and     s0, s10, a2
core   0: 3 0x800087cc (0x00cd7433) x8  0x00000000
core   0: 0x800087d0 (0x0000567d) c.li    a2, -1
core   0: 3 0x800087d0 (0x567d) x12 0xffffffff
core   0: 0x800087d2 (0x0000859a) c.mv    a1, t1
core   0: 3 0x800087d2 (0x859a) x11 0xffffffff
core   0: 0x800087d4 (0x03fd9333) mulh    t1, s11, t6
core   0: 3 0x800087d4 (0x03fd9333) x6  0x00000000
core   0: 0x800087d8 (0x0277dab3) divu    s5, a5, t2
core   0: 3 0x800087d8 (0x0277dab3) x21 0xffffffff
core   0: 0x800087dc (0x01189813) slli    a6, a7, 17
core   0: 3 0x800087dc (0x01189813) x16 0x00000000
core   0: 0x800087e0 (0x0006a833) slt     a6, a3, zero
core   0: 3 0x800087e0 (0x0006a833) x16 0x00000001
core   0: 0x800087e4 (0x02f205b3) mul     a1, tp, a5
core   0: 3 0x800087e4 (0x02f205b3) x11 0x00000000
core   0: 0x800087e8 (0x00006d15) c.lui   s10, 0x5
core   0: 3 0x800087e8 (0x6d15) x26 0x00005000
core   0: 0x800087ea (0x01d7e0b3) or      ra, a5, t4
core   0: 3 0x800087ea (0x01d7e0b3) x1  0x2002090b
core   0: 0x800087ee (0x000006f6) c.slli  a3, 29
core   0: 3 0x800087ee (0x06f6) x13 0xe0000000
core   0: 0x800087f0 (0x0000981e) c.add   a6, t2
core   0: 3 0x800087f0 (0x981e) x16 0x00000001
core   0: 0x800087f2 (0x0179dc93) srli    s9, s3, 23
core   0: 3 0x800087f2 (0x0179dc93) x25 0x000001dd
core   0: 0x800087f6 (0x412a5113) srai    sp, s4, 18
core   0: 3 0x800087f6 (0x412a5113) x2  0x00000000
core   0: 0x800087fa (0x01f83633) sltu    a2, a6, t6
core   0: 3 0x800087fa (0x01f83633) x12 0x00000001
core   0: 0x800087fe (0x01dc4833) xor     a6, s8, t4
core   0: 3 0x800087fe (0x01dc4833) x16 0x80025e90
core   0: 0x80008802 (0x03a00933) mul     s2, zero, s10
core   0: 3 0x80008802 (0x03a00933) x18 0x00000000
core   0: 0x80008806 (0x0c1000ef) jal     pc + 0x8c0
core   0: 3 0x80008806 (0x0c1000ef) x1  0x8000880a
core   0: 0x800090c6 (0x0077f363) bgeu    a5, t2, pc + 6
core   0: 3 0x800090c6 (0x0077f363)
core   0: 0x800090cc (0x00001c51) c.addi  s8, -12
core   0: 3 0x800090cc (0x1c51) x24 0x80025e8c
core   0: 0x800090ce (0x001c2223) sw      ra, 4(s8)
core   0: 3 0x800090ce (0x001c2223) mem 0x80025e90 0x8000880a
core   0: 0x800090d2 (0x00000ad2) c.slli  s5, 20
core   0: 3 0x800090d2 (0x0ad2) x21 0xfff00000
core   0: 0x800090d4 (0x00000001) c.nop
core   0: 3 0x800090d4 (0x0001)
core   0: 0x800090d6 (0x00004085) c.li    ra, 1
core   0: 3 0x800090d6 (0x4085) x1  0x00000001
core   0: 0x800090d8 (0x000005c5) c.addi  a1, 17
core   0: 3 0x800090d8 (0x05c5) x11 0x00000011
core   0: 0x800090da (0x01cf53b3) srl     t2, t5, t3
core   0: 3 0x800090da (0x01cf53b3) x7  0xfffff800
core   0: 0x800090de (0x00004105) c.li    sp, 1
core   0: 3 0x800090de (0x4105) x2  0x00000001
core   0: 0x800090e0 (0x93c54f37) lui     t5, 0x93c54
core   0: 3 0x800090e0 (0x93c54f37) x30 0x93c54000
core   0: 0x800090e4 (0x029132b3) mulhu   t0, sp, s1
core   0: 3 0x800090e4 (0x029132b3) x5  0x00000000
core   0: 0x800090e8 (0xe449ef13) ori     t5, s3, -444
core   0: 3 0x800090e8 (0xe449ef13) x30 0xfffffe54
core   0: 0x800090ec (0x000010f5) c.addi  ra, -3
core   0: 3 0x800090ec (0x10f5) x1  0xfffffffe
core   0: 0x800090ee (0xd65a9517) auipc   a0, 0xd65a9
core   0: 3 0x800090ee (0xd65a9517) x10 0x565b20ee
core   0: 0x800090f2 (0x000046a1) c.li    a3, 8
core   0: 3 0x800090f2 (0x46a1) x13 0x00000008
core   0: 0x800090f4 (0x00004e09) c.li    t3, 2
core   0: 3 0x800090f4 (0x4e09) x28 0x00000002
core   0: 0x800090f6 (0x00009d32) c.add   s10, a2
core   0: 3 0x800090f6 (0x9d32) x26 0x00005001
core   0: 0x800090f8 (0x00000001) c.nop
core   0: 3 0x800090f8 (0x0001)
core   0: 0x800090fa (0x03207d33) remu    s10, zero, s2
core   0: 3 0x800090fa (0x03207d33) x26 0x00000000
core   0: 0x800090fe (0x000016e1) c.addi  a3, -8
core   0: 3 0x800090fe (0x16e1) x13 0x00000000
core   0: 0x80009100 (0x00009d62) c.add   s10, s8
core   0: 3 0x80009100 (0x9d62) x26 0x80025e8c
core   0: 0x80009102 (0xffc6dbe3) bge     a3, t3, pc - 10
core   0: 3 0x80009102 (0xffc6dbe3)
core   0: 0x80009106 (0x02df3cb3) mulhu   s9, t5, a3
core   0: 3 0x80009106 (0x02df3cb3) x25 0x00000000
core   0: 0x8000910a (0xfc20dfe3) bge     ra, sp, pc - 34
core   0: 3 0x8000910a (0xfc20dfe3)
core   0: 0x8000910e (0x00008069) c.srli  s0, 26
core   0: 3 0x8000910e (0x8069) x8  0x00000000
core   0: 0x80009110 (0x00004409) c.li    s0, 2
core   0: 3 0x80009110 (0x4409) x8  0x00000002
core   0: 0x80009112 (0x0000812d) c.srli  a0, 11
core   0: 3 0x80009112 (0x812d) x10 0x000acb64
core   0: 0x80009114 (0x3b82c713) xori    a4, t0, 952
core   0: 3 0x80009114 (0x3b82c713) x14 0x000003b8
core   0: 0x80009118 (0x005300b3) add     ra, t1, t0
core   0: 3 0x80009118 (0x005300b3) x1  0x00000000
core   0: 0x8000911c (0x01fb9613) slli    a2, s7, 31
core   0: 3 0x8000911c (0x01fb9613) x12 0x00000000
core   0: 0x80009120 (0x0345b633) mulhu   a2, a1, s4
core   0: 3 0x80009120 (0x0345b633) x12 0x00000000
core   0: 0x80009124 (0x00004ca5) c.li    s9, 9
core   0: 3 0x80009124 (0x4ca5) x25 0x00000009
core   0: 0x80009126 (0x3ecd5637) lui     a2, 0x3ecd5
core   0: 3 0x80009126 (0x3ecd5637) x12 0x3ecd5000
core   0: 0x8000912a (0xea84ed93) ori     s11, s1, -344
core   0: 3 0x8000912a (0xea84ed93) x27 0xfffffea8
core   0: 0x8000912e (0x00008d59) c.or    a0, a4
core   0: 3 0x8000912e (0x8d59) x10 0x000acbfc
core   0: 0x80009130 (0x000054fd) c.li    s1, -1
core   0: 3 0x80009130 (0x54fd) x9  0xffffffff
core   0: 0x80009132 (0x70f03197) auipc   gp, 0x70f03
core   0: 3 0x80009132 (0x70f03197) x3  0xf0f0c132
core   0: 0x80009136 (0x0000041d) c.addi  s0, 7
core   0: 3 0x80009136 (0x041d) x8  0x00000009
core   0: 0x80009138 (0x18038a93) addi    s5, t2, 384
core   0: 3 0x80009138 (0x18038a93) x21 0xfffff980
core   0: 0x8000913c (0x00000506) c.slli  a0, 1
core   0: 3 0x8000913c (0x0506) x10 0x001597f8
core   0: 0x8000913e (0x4075d833) sra     a6, a1, t2
core   0: 3 0x8000913e (0x4075d833) x16 0x00000011
core   0: 0x80009142 (0x000046a5) c.li    a3, 9
core   0: 3 0x80009142 (0x46a5) x13 0x00000009
core   0: 0x80009144 (0xb281fd13) andi    s10, gp, -1240
core   0: 3 0x80009144 (0xb281fd13) x26 0xf0f0c120
core   0: 0x80009148 (0x00000001) c.nop
core   0: 3 0x80009148 (0x0001)
core   0: 0x8000914a (0x03945233) divu    tp, s0, s9
core   0: 3 0x8000914a (0x03945233) x4  0x00000001
core   0: 0x8000914e (0x02695e33) divu    t3, s2, t1
core   0: 3 0x8000914e (0x02695e33) x28 0xffffffff
core   0: 0x80009152 (0x47bfce13) xori    t3, t6, 1147
core   0: 3 0x80009152 (0x47bfce13) x28 0x8002995f
core   0: 0x80009156 (0x00008f3e) c.mv    t5, a5
core   0: 3 0x80009156 (0x8f3e) x30 0x20020903
core   0: 0x80009158 (0x000016dd) c.addi  a3, -9
core   0: 3 0x80009158 (0x16dd) x13 0x00000000
core   0: 0x8000915a (0x0000fee5) c.bnez  a3, pc - 8
core   0: 3 0x8000915a (0xfee5)
core   0: 0x8000915c (0x0081e1b3) or      gp, gp, s0
core   0: 3 0x8000915c (0x0081e1b3) x3  0xf0f0c13b
core   0: 0x80009160 (0xfd9407e3) beq     s0, s9, pc - 50
core   0: 3 0x80009160 (0xfd9407e3)
core   0: 0x8000912e (0x00008d59) c.or    a0, a4
core   0: 3 0x8000912e (0x8d59) x10 0x001597f8
core   0: 0x80009130 (0x000054fd) c.li    s1, -1
core   0: 3 0x80009130 (0x54fd) x9  0xffffffff
core   0: 0x80009132 (0x70f03197) auipc   gp, 0x70f03
core   0: 3 0x80009132 (0x70f03197) x3  0xf0f0c132
core   0: 0x80009136 (0x0000041d) c.addi  s0, 7
core   0: 3 0x80009136 (0x041d) x8  0x00000010
core   0: 0x80009138 (0x18038a93) addi    s5, t2, 384
core   0: 3 0x80009138 (0x18038a93) x21 0xfffff980
core   0: 0x8000913c (0x00000506) c.slli  a0, 1
core   0: 3 0x8000913c (0x0506) x10 0x002b2ff0
core   0: 0x8000913e (0x4075d833) sra     a6, a1, t2
core   0: 3 0x8000913e (0x4075d833) x16 0x00000011
core   0: 0x80009142 (0x000046a5) c.li    a3, 9
core   0: 3 0x80009142 (0x46a5) x13 0x00000009
core   0: 0x80009144 (0xb281fd13) andi    s10, gp, -1240
core   0: 3 0x80009144 (0xb281fd13) x26 0xf0f0c120
core   0: 0x80009148 (0x00000001) c.nop
core   0: 3 0x80009148 (0x0001)
core   0: 0x8000914a (0x03945233) divu    tp, s0, s9
core   0: 3 0x8000914a (0x03945233) x4  0x00000001
core   0: 0x8000914e (0x02695e33) divu    t3, s2, t1
core   0: 3 0x8000914e (0x02695e33) x28 0xffffffff
core   0: 0x80009152 (0x47bfce13) xori    t3, t6, 1147
core   0: 3 0x80009152 (0x47bfce13) x28 0x8002995f
core   0: 0x80009156 (0x00008f3e) c.mv    t5, a5
core   0: 3 0x80009156 (0x8f3e) x30 0x20020903
core   0: 0x80009158 (0x000016dd) c.addi  a3, -9
core   0: 3 0x80009158 (0x16dd) x13 0x00000000
core   0: 0x8000915a (0x0000fee5) c.bnez  a3, pc - 8
core   0: 3 0x8000915a (0xfee5)
core   0: 0x8000915c (0x0081e1b3) or      gp, gp, s0
core   0: 3 0x8000915c (0x0081e1b3) x3  0xf0f0c132
core   0: 0x80009160 (0xfd9407e3) beq     s0, s9, pc - 50
core   0: 3 0x80009160 (0xfd9407e3)
core   0: 0x80009164 (0x00001784) c.addi4spn s1, sp, 992
core   0: 3 0x80009164 (0x1784) x9  0x000003e1
core   0: 0x80009166 (0x016000ef) jal     pc + 0x16
core   0: 3 0x80009166 (0x016000ef) x1  0x8000916a
core   0: 0x8000917c (0x0000bfdd) c.j     pc - 10
core   0: 3 0x8000917c (0xbfdd)
core   0: 0x80009172 (0x00003fe5) c.jal   pc - 8
core   0: 3 0x80009172 (0x3fe5) x1  0x80009174
core   0: 0x8000916a (0x010001ef) jal     gp, pc + 0x10
core   0: 3 0x8000916a (0x010001ef) x3  0x8000916e
core   0: 0x8000917a (0x00002021) c.jal   pc + 8
core   0: 3 0x8000917a (0x2021) x1  0x8000917c
core   0: 0x80009182 (0x01c000ef) jal     pc + 0x1c
core   0: 3 0x80009182 (0x01c000ef) x1  0x80009186
core   0: 0x8000919e (0x00003fe1) c.jal   pc - 40
core   0: 3 0x8000919e (0x3fe1) x1  0x800091a0
core   0: 0x80009176 (0x00800aef) jal     s5, pc + 0x8
core   0: 3 0x80009176 (0x00800aef) x21 0x8000917a
core   0: 0x8000917e (0x00c0056f) jal     a0, pc + 0xc
core   0: 3 0x8000917e (0x00c0056f) x10 0x80009182
core   0: 0x8000918a (0x00002809) c.jal   pc + 18
core   0: 3 0x8000918a (0x2809) x1  0x8000918c
core   0: 0x8000919c (0x00003fdd) c.jal   pc - 10
core   0: 3 0x8000919c (0x3fdd) x1  0x8000919e
core   0: 0x80009192 (0x00400def) jal     s11, pc + 0x4
core   0: 3 0x80009192 (0x00400def) x27 0x80009196
core   0: 0x80009196 (0xffbff0ef) jal     pc - 0x6
core   0: 3 0x80009196 (0xffbff0ef) x1  0x8000919a
core   0: 0x80009190 (0x00003ffd) c.jal   pc - 2
core   0: 3 0x80009190 (0x3ffd) x1  0x80009192
core   0: 0x8000918e (0x000037c5) c.jal   pc - 32
core   0: 3 0x8000918e (0x37c5) x1  0x80009190
core   0: 0x8000916e (0x02c006ef) jal     a3, pc + 0x2c
core   0: 3 0x8000916e (0x02c006ef) x13 0x80009172
core   0: 0x8000919a (0x0000b7fd) c.j     pc - 18
core   0: 3 0x8000919a (0xb7fd)
core   0: 0x80009188 (0x00002011) c.jal   pc + 4
core   0: 3 0x80009188 (0x2011) x1  0x8000918a
core   0: 0x8000918c (0x00003fed) c.jal   pc - 6
core   0: 3 0x8000918c (0x3fed) x1  0x8000918e
core   0: 0x80009186 (0x000037fd) c.jal   pc - 18
core   0: 3 0x80009186 (0x37fd) x1  0x80009188
core   0: 0x80009174 (0x00002035) c.jal   pc + 44
core   0: 3 0x80009174 (0x2035) x1  0x80009176
core   0: 0x800091a0 (0x004000ef) jal     pc + 0x4
core   0: 3 0x800091a0 (0x004000ef) x1  0x800091a4
core   0: 0x800091a4 (0x00008c3d) c.xor   s0, a5
core   0: 3 0x800091a4 (0x8c3d) x8  0x20020913
core   0: 0x800091a6 (0x00011117) auipc   sp, 0x11
core   0: 3 0x800091a6 (0x00011117) x2  0x8001a1a6
core   0: 0x800091aa (0x4fa10113) addi    sp, sp, 1274
core   0: 3 0x800091aa (0x4fa10113) x2  0x8001a6a0
core   0: 0x800091ae (0x03a4b2b3) mulhu   t0, s1, s10
core   0: 3 0x800091ae (0x03a4b2b3) x5  0x000003a6
core   0: 0x800091b2 (0x000084e1) c.srai  s1, 24
core   0: 3 0x800091b2 (0x84e1) x9  0x00000000
core   0: 0x800091b4 (0xf5a10d83) lb      s11, -166(sp)
core   0: 3 0x800091b4 (0xf5a10d83) x27 0xffffffca mem 0x8001a5fa
core   0: 0x800091b8 (0xca713017) auipc   zero, 0xca713
core   0: 3 0x800091b8 (0xca713017)
core   0: 0x800091bc (0x417bd433) sra     s0, s7, s7
core   0: 3 0x800091bc (0x417bd433) x8  0x00000000
core   0: 0x800091c0 (0x007f9b93) slli    s7, t6, 7
core   0: 3 0x800091c0 (0x007f9b93) x23 0x014e9200
core   0: 0x800091c4 (0xfc912023) sw      s1, -64(sp)
core   0: 3 0x800091c4 (0xfc912023) mem 0x8001a660 0x00000000
core   0: 0x800091c8 (0x00001dfd) c.addi  s11, -1
core   0: 3 0x800091c8 (0x1dfd) x27 0xffffffc9
core   0: 0x800091ca (0x03d38833) mul     a6, t2, t4
core   0: 3 0x800091ca (0x03d38833) x16 0xffffc000
core   0: 0x800091ce (0xf7f10b83) lb      s7, -129(sp)
core   0: 3 0x800091ce (0xf7f10b83) x23 0x0000003b mem 0x8001a61f
core   0: 0x800091d2 (0x0252ae33) mulhsu  t3, t0, t0
core   0: 3 0x800091d2 (0x0252ae33) x28 0x00000000
core   0: 0x800091d6 (0x00000001) c.nop
core   0: 3 0x800091d6 (0x0001)
core   0: 0x800091d8 (0xf0710883) lb      a7, -249(sp)
core   0: 3 0x800091d8 (0xf0710883) x17 0x00000058 mem 0x8001a5a7
core   0: 0x800091dc (0x1e8a0237) lui     tp, 0x1e8a0
core   0: 3 0x800091dc (0x1e8a0237) x4  0x1e8a0000
core   0: 0x800091e0 (0x00008ecd) c.or    a3, a1
core   0: 3 0x800091e0 (0x8ecd) x13 0x80009173
core   0: 0x800091e2 (0x02d14b83) lbu     s7, 45(sp)
core   0: 3 0x800091e2 (0x02d14b83) x23 0x00000097 mem 0x8001a6cd
core   0: 0x800091e6 (0x00008c45) c.or    s0, s1
core   0: 3 0x800091e6 (0x8c45) x8  0x00000000
core   0: 0x800091e8 (0x01f45213) srli    tp, s0, 31
core   0: 3 0x800091e8 (0x01f45213) x4  0x00000000
core   0: 0x800091ec (0x4851b637) lui     a2, 0x4851b
core   0: 3 0x800091ec (0x4851b637) x12 0x4851b000
core   0: 0x800091f0 (0x00782333) slt     t1, a6, t2
core   0: 3 0x800091f0 (0x00782333) x6  0x00000001
core   0: 0x800091f4 (0x00008db1) c.xor   a1, a2
core   0: 3 0x800091f4 (0x8db1) x11 0x4851b011
core   0: 0x800091f6 (0x4027d1b3) sra     gp, a5, sp
core   0: 3 0x800091f6 (0x4027d1b3) x3  0x20020903
core   0: 0x800091fa (0xf6310303) lb      t1, -157(sp)
core   0: 3 0x800091fa (0xf6310303) x6  0xffffff9c mem 0x8001a603
core   0: 0x800091fe (0x0d514803) lbu     a6, 213(sp)
core   0: 3 0x800091fe (0x0d514803) x16 0x000000f6 mem 0x8001a775
core   0: 0x80009202 (0xfd314b03) lbu     s6, -45(sp)
core   0: 3 0x80009202 (0xfd314b03) x22 0x00000068 mem 0x8001a673
core   0: 0x80009206 (0xff614b03) lbu     s6, -10(sp)
core   0: 3 0x80009206 (0xff614b03) x22 0x00000063 mem 0x8001a696
core   0: 0x8000920a (0x0f110383) lb      t2, 241(sp)
core   0: 3 0x8000920a (0x0f110383) x7  0x0000003e mem 0x8001a791
core   0: 0x8000920e (0x026770b3) remu    ra, a4, t1
core   0: 3 0x8000920e (0x026770b3) x1  0x000003b8
core   0: 0x80009212 (0x08714603) lbu     a2, 135(sp)
core   0: 3 0x80009212 (0x08714603) x12 0x000000e8 mem 0x8001a727
core   0: 0x80009216 (0xa3a3c893) xori    a7, t2, -1478
core   0: 3 0x80009216 (0xa3a3c893) x17 0xfffffa04
core   0: 0x8000921a (0x06d10383) lb      t2, 109(sp)
core   0: 3 0x8000921a (0x06d10383) x7  0x0000000a mem 0x8001a70d
core   0: 0x8000921e (0xf4410f23) sb      tp, -162(sp)
core   0: 3 0x8000921e (0xf4410f23) mem 0x8001a5fe 0x00
core   0: 0x80009222 (0x00009897) auipc   a7, 0x9
core   0: 3 0x80009222 (0x00009897) x17 0x80012222
core   0: 0x80009226 (0x76688893) addi    a7, a7, 1894
core   0: 3 0x80009226 (0x76688893) x17 0x80012988
core   0: 0x8000922a (0x3bcb4d13) xori    s10, s6, 956
core   0: 3 0x8000922a (0x3bcb4d13) x26 0x000003df
core   0: 0x8000922e (0xff488323) sb      s4, -26(a7)
core   0: 3 0x8000922e (0xff488323) mem 0x8001296e 0x00
core   0: 0x80009232 (0x0128d203) lhu     tp, 18(a7)
core   0: 3 0x80009232 (0x0128d203) x4  0x0000e7a0 mem 0x8001299a
core   0: 0x80009236 (0x032a2433) mulhsu  s0, s4, s2
core   0: 3 0x80009236 (0x032a2433) x8  0x00000000
core   0: 0x8000923a (0x00388323) sb      gp, 6(a7)
core   0: 3 0x8000923a (0x00388323) mem 0x8001298e 0x03
core   0: 0x8000923e (0xfcc88da3) sb      a2, -37(a7)
core   0: 3 0x8000923e (0xfcc88da3) mem 0x80012963 0xe8
core   0: 0x80009242 (0x02580333) mul     t1, a6, t0
core   0: 3 0x80009242 (0x02580333) x6  0x00038184
core   0: 0x80009246 (0x0148d303) lhu     t1, 20(a7)
core   0: 3 0x80009246 (0x0148d303) x6  0x0000bbf0 mem 0x8001299c
core   0: 0x8000924a (0x000085f9) c.srai  a1, 30
core   0: 3 0x8000924a (0x85f9) x11 0x00000001
core   0: 0x8000924c (0xdd082593) slti    a1, a6, -560
core   0: 3 0x8000924c (0xdd082593) x11 0x00000000
core   0: 0x80009250 (0xfd888983) lb      s3, -40(a7)
core   0: 3 0x80009250 (0xfd888983) x19 0xffffff93 mem 0x80012960
core   0: 0x80009254 (0xfc98c703) lbu     a4, -55(a7)
core   0: 3 0x80009254 (0xfc98c703) x14 0x00000053 mem 0x80012951
core   0: 0x80009258 (0x40415993) srai    s3, sp, 4
core   0: 3 0x80009258 (0x40415993) x19 0xf8001a6a
core   0: 0x8000925c (0xfda88ca3) sb      s10, -39(a7)
core   0: 3 0x8000925c (0xfda88ca3) mem 0x80012961 0xdf
core   0: 0x80009260 (0x019881a3) sb      s9, 3(a7)
core   0: 3 0x80009260 (0x019881a3) mem 0x8001298b 0x09
core   0: 0x80009264 (0x8a6c2993) slti    s3, s8, -1882
core   0: 3 0x80009264 (0x8a6c2993) x19 0x00000001
core   0: 0x80009268 (0x0308db03) lhu     s6, 48(a7)
core   0: 3 0x80009268 (0x0308db03) x22 0x000097fa mem 0x800129b8
core   0: 0x8000926c (0x00b80b33) add     s6, a6, a1
core   0: 3 0x8000926c (0x00b80b33) x22 0x000000f6
core   0: 0x80009270 (0x02589623) sh      t0, 44(a7)
core   0: 3 0x80009270 (0x02589623) mem 0x800129b4 0x03a6
core   0: 0x80009274 (0xfd28d583) lhu     a1, -46(a7)
core   0: 3 0x80009274 (0xfd28d583) x11 0x00009649 mem 0x8001295a
core   0: 0x80009278 (0xfe58c583) lbu     a1, -27(a7)
core   0: 3 0x80009278 (0xfe58c583) x11 0x000000fe mem 0x8001296d
core   0: 0x8000927c (0xfe288103) lb      sp, -30(a7)
core   0: 3 0x8000927c (0xfe288103) x2  0xffffffea mem 0x8001296a
core   0: 0x80009280 (0x00008e2d) c.xor   a2, a1
core   0: 3 0x80009280 (0x8e2d) x12 0x00000016
core   0: 0x80009282 (0x00000b3e) c.slli  s6, 15
core   0: 3 0x80009282 (0x0b3e) x22 0x007b0000
core   0: 0x80009284 (0xfdb8c383) lbu     t2, -37(a7)
core   0: 3 0x80009284 (0xfdb8c383) x7  0x000000e8 mem 0x80012963
core   0: 0x80009288 (0x018883a3) sb      s8, 7(a7)
core   0: 3 0x80009288 (0x018883a3) mem 0x8001298f 0x8c
core   0: 0x8000928c (0x00000001) c.nop
core   0: 3 0x8000928c (0x0001)
core   0: 0x8000928e (0x019bbe33) sltu    t3, s7, s9
core   0: 3 0x8000928e (0x019bbe33) x28 0x00000000
core   0: 0x80009292 (0x034880a3) sb      s4, 33(a7)
core   0: 3 0x80009292 (0x034880a3) mem 0x800129a9 0x00
core   0: 0x80009296 (0x00001408) c.addi4spn a0, sp, 544
core   0: 3 0x80009296 (0x1408) x10 0x0000020a
core   0: 0x80009298 (0x03b5aab3) mulhsu  s5, a1, s11
core   0: 3 0x80009298 (0x03b5aab3) x21 0x000000fd
core   0: 0x8000929c (0x030d8633) mul     a2, s11, a6
core   0: 3 0x8000929c (0x030d8633) x12 0xffffcb26
core   0: 0x800092a0 (0x01a88383) lb      t2, 26(a7)
core   0: 3 0x800092a0 (0x01a88383) x7  0xffffffe2 mem 0x800129a2
core   0: 0x800092a4 (0x009882a3) sb      s1, 5(a7)
core   0: 3 0x800092a4 (0x009882a3) mem 0x8001298d 0x00
core   0: 0x800092a8 (0x03189023) sh      a7, 32(a7)
core   0: 3 0x800092a8 (0x03189023) mem 0x800129a8 0x2988
core   0: 0x800092ac (0xfd289d23) sh      s2, -38(a7)
core   0: 3 0x800092ac (0xfd289d23) mem 0x80012962 0x0000
core   0: 0x800092b0 (0x0128db03) lhu     s6, 18(a7)
core   0: 3 0x800092b0 (0x0128db03) x22 0x0000e7a0 mem 0x8001299a
core   0: 0x800092b4 (0x02c88d03) lb      s10, 44(a7)
core   0: 3 0x800092b4 (0x02c88d03) x26 0xffffffa6 mem 0x800129b4
core   0: 0x800092b8 (0xfcd88083) lb      ra, -51(a7)
core   0: 3 0x800092b8 (0xfcd88083) x1  0x00000056 mem 0x80012955
core   0: 0x800092bc (0x00007117) auipc   sp, 0x7
core   0: 3 0x800092bc (0x00007117) x2  0x800102bc
core   0: 0x800092c0 (0xf8810113) addi    sp, sp, -120
core   0: 3 0x800092c0 (0xf8810113) x2  0x80010244
core   0: 0x800092c4 (0x00008d15) c.sub   a0, a3
core   0: 3 0x800092c4 (0x8d15) x10 0x7fff7097
core   0: 0x800092c6 (0x0f810503) lb      a0, 248(sp)
core   0: 3 0x800092c6 (0x0f810503) x10 0x00000029 mem 0x8001033c
core   0: 0x800092ca (0x0eb10983) lb      s3, 235(sp)
core   0: 3 0x800092ca (0x0eb10983) x19 0x00000000 mem 0x8001032f
core   0: 0x800092ce (0xf2611503) lh      a0, -218(sp)
core   0: 3 0x800092ce (0xf2611503) x10 0x0000164c mem 0x8001016a
core   0: 0x800092d2 (0x0000597d) c.li    s2, -1
core   0: 3 0x800092d2 (0x597d) x18 0xffffffff
core   0: 0x800092d4 (0x033a6a33) rem     s4, s4, s3
core   0: 3 0x800092d4 (0x033a6a33) x20 0x00000000
core   0: 0x800092d8 (0x03245933) divu    s2, s0, s2
core   0: 3 0x800092d8 (0x03245933) x18 0x00000000
core   0: 0x800092dc (0x0ed109a3) sb      a3, 243(sp)
core   0: 3 0x800092dc (0x0ed109a3) mem 0x80010337 0x73
core   0: 0x800092e0 (0x2e66a693) slti    a3, a3, 742
core   0: 3 0x800092e0 (0x2e66a693) x13 0x00000001
core   0: 0x800092e4 (0x01615983) lhu     s3, 22(sp)
core   0: 3 0x800092e4 (0x01615983) x19 0x00001e63 mem 0x8001025a
core   0: 0x800092e8 (0x0000057a) c.slli  a0, 30
core   0: 3 0x800092e8 (0x057a) x10 0x00000000
core   0: 0x800092ea (0x00008eb5) c.xor   a3, a3
core   0: 3 0x800092ea (0x8eb5) x13 0x00000000
core   0: 0x800092ec (0xf8510683) lb      a3, -123(sp)
core   0: 3 0x800092ec (0xf8510683) x13 0xffffffd9 mem 0x800101c9
core   0: 0x800092f0 (0x0000deaa) c.swsp  a0, 124(sp)
core   0: 3 0x800092f0 (0xdeaa) mem 0x800102c0 0x00000000
core   0: 0x800092f2 (0x00d6f9b3) and     s3, a3, a3
core   0: 3 0x800092f2 (0x00d6f9b3) x19 0xffffffd9
core   0: 0x800092f6 (0x00008d55) c.or    a0, a3
core   0: 3 0x800092f6 (0x8d55) x10 0xffffffd9
core   0: 0x800092f8 (0x00008ed5) c.or    a3, a3
core   0: 3 0x800092f8 (0x8ed5) x13 0xffffffd9
core   0: 0x800092fa (0x09310da3) sb      s3, 155(sp)
core   0: 3 0x800092fa (0x09310da3) mem 0x800102df 0xd9
core   0: 0x800092fe (0xf7d10403) lb      s0, -131(sp)
core   0: 3 0x800092fe (0xf7d10403) x8  0x0000005b mem 0x800101c1
core   0: 0x80009302 (0x02856533) rem     a0, a0, s0
core   0: 3 0x80009302 (0x02856533) x10 0xffffffd9
core   0: 0x80009306 (0x00008ec1) c.or    a3, s0
core   0: 3 0x80009306 (0x8ec1) x13 0xffffffdb
core   0: 0x80009308 (0x00a44933) xor     s2, s0, a0
core   0: 3 0x80009308 (0x00a44933) x18 0xffffff82
core   0: 0x8000930c (0xf0d10aa3) sb      a3, -235(sp)
core   0: 3 0x8000930c (0xf0d10aa3) mem 0x80010159 0xdb
core   0: 0x80009310 (0x08d11c23) sh      a3, 152(sp)
core   0: 3 0x80009310 (0x08d11c23) mem 0x800102dc 0xffdb
core   0: 0x80009314 (0xffd14a03) lbu     s4, -3(sp)
core   0: 3 0x80009314 (0xffd14a03) x20 0x0000000c mem 0x80010241
core   0: 0x80009318 (0x8ede1a37) lui     s4, 0x8ede1
core   0: 3 0x80009318 (0x8ede1a37) x20 0x8ede1000
core   0: 0x8000931c (0x0bd10903) lb      s2, 189(sp)
core   0: 3 0x8000931c (0x0bd10903) x18 0x00000036 mem 0x80010301
core   0: 0x80009320 (0x00005be9) c.li    s7, -6
core   0: 3 0x80009320 (0x5be9) x23 0xfffffffa
core   0: 0x80009322 (0x00baef33) or      t5, s5, a1
core   0: 3 0x80009322 (0x00baef33) x30 0x000000ff
core   0: 0x80009326 (0x025287b3) mul     a5, t0, t0
core   0: 3 0x80009326 (0x025287b3) x15 0x000d4fa4
core   0: 0x8000932a (0x00006149) c.addi16sp sp, 144
core   0: 3 0x8000932a (0x6149) x2  0x800102d4
core   0: 0x8000932c (0xfcbcc7b7) lui     a5, 0xfcbcc
core   0: 3 0x8000932c (0xfcbcc7b7) x15 0xfcbcc000
core   0: 0x80009330 (0x00005951) c.li    s2, -12
core   0: 3 0x80009330 (0x5951) x18 0xfffffff4
core   0: 0x80009332 (0x000063e9) c.lui   t2, 0x1a
core   0: 3 0x80009332 (0x63e9) x7  0x0001a000
core   0: 0x80009334 (0x00001be9) c.addi  s7, -6
core   0: 3 0x80009334 (0x1be9) x23 0xfffffff4
core   0: 0x80009336 (0x02d8ca33) div     s4, a7, a3
core   0: 3 0x80009336 (0x02d8ca33) x20 0x03759718
core   0: 0x8000933a (0x8324b637) lui     a2, 0x8324b
core   0: 3 0x8000933a (0x8324b637) x12 0x8324b000
core   0: 0x8000933e (0x000081a5) c.srli  a1, 9
core   0: 3 0x8000933e (0x81a5) x11 0x00000000
core   0: 0x80009340 (0x00004aa9) c.li    s5, 10
core   0: 3 0x80009340 (0x4aa9) x21 0x0000000a
core   0: 0x80009342 (0x0000717d) c.addi16sp sp, -16
core   0: 3 0x80009342 (0x717d) x2  0x800102c4
core   0: 0x80009344 (0x01059293) slli    t0, a1, 16
core   0: 3 0x80009344 (0x01059293) x5  0x00000000
core   0: 0x80009348 (0x00005249) c.li    tp, -14
core   0: 3 0x80009348 (0x5249) x4  0xfffffff2
core   0: 0x8000934a (0x000062e9) c.lui   t0, 0x1a
core   0: 3 0x8000934a (0x62e9) x5  0x0001a000
core   0: 0x8000934c (0x00005f7d) c.li    t5, -1
core   0: 3 0x8000934c (0x5f7d) x30 0xffffffff
core   0: 0x8000934e (0x4015d533) sra     a0, a1, ra
core   0: 3 0x8000934e (0x4015d533) x10 0x00000000
core   0: 0x80009352 (0x00001af5) c.addi  s5, -3
core   0: 3 0x80009352 (0x1af5) x21 0x00000007
core   0: 0x80009354 (0x00006661) c.lui   a2, 0x18
core   0: 3 0x80009354 (0x6661) x12 0x00018000
core   0: 0x80009356 (0x00008ea9) c.xor   a3, a0
core   0: 3 0x80009356 (0x8ea9) x13 0xffffffdb
core   0: 0x80009358 (0x00008c91) c.sub   s1, a2
core   0: 3 0x80009358 (0x8c91) x9  0xfffe8000
core   0: 0x8000935a (0xfe4ad9e3) bge     s5, tp, pc - 14
core   0: 3 0x8000935a (0xfe4ad9e3)
core   0: 0x8000934c (0x00005f7d) c.li    t5, -1
core   0: 3 0x8000934c (0x5f7d) x30 0xffffffff
core   0: 0x8000934e (0x4015d533) sra     a0, a1, ra
core   0: 3 0x8000934e (0x4015d533) x10 0x00000000
core   0: 0x80009352 (0x00001af5) c.addi  s5, -3
core   0: 3 0x80009352 (0x1af5) x21 0x00000004
core   0: 0x80009354 (0x00006661) c.lui   a2, 0x18
core   0: 3 0x80009354 (0x6661) x12 0x00018000
core   0: 0x80009356 (0x00008ea9) c.xor   a3, a0
core   0: 3 0x80009356 (0x8ea9) x13 0xffffffdb
core   0: 0x80009358 (0x00008c91) c.sub   s1, a2
core   0: 3 0x80009358 (0x8c91) x9  0xfffd0000
core   0: 0x8000935a (0xfe4ad9e3) bge     s5, tp, pc - 14
core   0: 3 0x8000935a (0xfe4ad9e3)
core   0: 0x8000934c (0x00005f7d) c.li    t5, -1
core   0: 3 0x8000934c (0x5f7d) x30 0xffffffff
core   0: 0x8000934e (0x4015d533) sra     a0, a1, ra
core   0: 3 0x8000934e (0x4015d533) x10 0x00000000
core   0: 0x80009352 (0x00001af5) c.addi  s5, -3
core   0: 3 0x80009352 (0x1af5) x21 0x00000001
core   0: 0x80009354 (0x00006661) c.lui   a2, 0x18
core   0: 3 0x80009354 (0x6661) x12 0x00018000
core   0: 0x80009356 (0x00008ea9) c.xor   a3, a0
core   0: 3 0x80009356 (0x8ea9) x13 0xffffffdb
core   0: 0x80009358 (0x00008c91) c.sub   s1, a2
core   0: 3 0x80009358 (0x8c91) x9  0xfffb8000
core   0: 0x8000935a (0xfe4ad9e3) bge     s5, tp, pc - 14
core   0: 3 0x8000935a (0xfe4ad9e3)
core   0: 0x8000934c (0x00005f7d) c.li    t5, -1
core   0: 3 0x8000934c (0x5f7d) x30 0xffffffff
core   0: 0x8000934e (0x4015d533) sra     a0, a1, ra
core   0: 3 0x8000934e (0x4015d533) x10 0x00000000
core   0: 0x80009352 (0x00001af5) c.addi  s5, -3
core   0: 3 0x80009352 (0x1af5) x21 0xfffffffe
core   0: 0x80009354 (0x00006661) c.lui   a2, 0x18
core   0: 3 0x80009354 (0x6661) x12 0x00018000
core   0: 0x80009356 (0x00008ea9) c.xor   a3, a0
core   0: 3 0x80009356 (0x8ea9) x13 0xffffffdb
core   0: 0x80009358 (0x00008c91) c.sub   s1, a2
core   0: 3 0x80009358 (0x8c91) x9  0xfffa0000
core   0: 0x8000935a (0xfe4ad9e3) bge     s5, tp, pc - 14
core   0: 3 0x8000935a (0xfe4ad9e3)
core   0: 0x8000934c (0x00005f7d) c.li    t5, -1
core   0: 3 0x8000934c (0x5f7d) x30 0xffffffff
core   0: 0x8000934e (0x4015d533) sra     a0, a1, ra
core   0: 3 0x8000934e (0x4015d533) x10 0x00000000
core   0: 0x80009352 (0x00001af5) c.addi  s5, -3
core   0: 3 0x80009352 (0x1af5) x21 0xfffffffb
core   0: 0x80009354 (0x00006661) c.lui   a2, 0x18
core   0: 3 0x80009354 (0x6661) x12 0x00018000
core   0: 0x80009356 (0x00008ea9) c.xor   a3, a0
core   0: 3 0x80009356 (0x8ea9) x13 0xffffffdb
core   0: 0x80009358 (0x00008c91) c.sub   s1, a2
core   0: 3 0x80009358 (0x8c91) x9  0xfff88000
core   0: 0x8000935a (0xfe4ad9e3) bge     s5, tp, pc - 14
core   0: 3 0x8000935a (0xfe4ad9e3)
core   0: 0x8000934c (0x00005f7d) c.li    t5, -1
core   0: 3 0x8000934c (0x5f7d) x30 0xffffffff
core   0: 0x8000934e (0x4015d533) sra     a0, a1, ra
core   0: 3 0x8000934e (0x4015d533) x10 0x00000000
core   0: 0x80009352 (0x00001af5) c.addi  s5, -3
core   0: 3 0x80009352 (0x1af5) x21 0xfffffff8
core   0: 0x80009354 (0x00006661) c.lui   a2, 0x18
core   0: 3 0x80009354 (0x6661) x12 0x00018000
core   0: 0x80009356 (0x00008ea9) c.xor   a3, a0
core   0: 3 0x80009356 (0x8ea9) x13 0xffffffdb
core   0: 0x80009358 (0x00008c91) c.sub   s1, a2
core   0: 3 0x80009358 (0x8c91) x9  0xfff70000
core   0: 0x8000935a (0xfe4ad9e3) bge     s5, tp, pc - 14
core   0: 3 0x8000935a (0xfe4ad9e3)
core   0: 0x8000934c (0x00005f7d) c.li    t5, -1
core   0: 3 0x8000934c (0x5f7d) x30 0xffffffff
core   0: 0x8000934e (0x4015d533) sra     a0, a1, ra
core   0: 3 0x8000934e (0x4015d533) x10 0x00000000
core   0: 0x80009352 (0x00001af5) c.addi  s5, -3
core   0: 3 0x80009352 (0x1af5) x21 0xfffffff5
core   0: 0x80009354 (0x00006661) c.lui   a2, 0x18
core   0: 3 0x80009354 (0x6661) x12 0x00018000
core   0: 0x80009356 (0x00008ea9) c.xor   a3, a0
core   0: 3 0x80009356 (0x8ea9) x13 0xffffffdb
core   0: 0x80009358 (0x00008c91) c.sub   s1, a2
core   0: 3 0x80009358 (0x8c91) x9  0xfff58000
core   0: 0x8000935a (0xfe4ad9e3) bge     s5, tp, pc - 14
core   0: 3 0x8000935a (0xfe4ad9e3)
core   0: 0x8000934c (0x00005f7d) c.li    t5, -1
core   0: 3 0x8000934c (0x5f7d) x30 0xffffffff
core   0: 0x8000934e (0x4015d533) sra     a0, a1, ra
core   0: 3 0x8000934e (0x4015d533) x10 0x00000000
core   0: 0x80009352 (0x00001af5) c.addi  s5, -3
core   0: 3 0x80009352 (0x1af5) x21 0xfffffff2
core   0: 0x80009354 (0x00006661) c.lui   a2, 0x18
core   0: 3 0x80009354 (0x6661) x12 0x00018000
core   0: 0x80009356 (0x00008ea9) c.xor   a3, a0
core   0: 3 0x80009356 (0x8ea9) x13 0xffffffdb
core   0: 0x80009358 (0x00008c91) c.sub   s1, a2
core   0: 3 0x80009358 (0x8c91) x9  0xfff40000
core   0: 0x8000935a (0xfe4ad9e3) bge     s5, tp, pc - 14
core   0: 3 0x8000935a (0xfe4ad9e3)
core   0: 0x8000934c (0x00005f7d) c.li    t5, -1
core   0: 3 0x8000934c (0x5f7d) x30 0xffffffff
core   0: 0x8000934e (0x4015d533) sra     a0, a1, ra
core   0: 3 0x8000934e (0x4015d533) x10 0x00000000
core   0: 0x80009352 (0x00001af5) c.addi  s5, -3
core   0: 3 0x80009352 (0x1af5) x21 0xffffffef
core   0: 0x80009354 (0x00006661) c.lui   a2, 0x18
core   0: 3 0x80009354 (0x6661) x12 0x00018000
core   0: 0x80009356 (0x00008ea9) c.xor   a3, a0
core   0: 3 0x80009356 (0x8ea9) x13 0xffffffdb
core   0: 0x80009358 (0x00008c91) c.sub   s1, a2
core   0: 3 0x80009358 (0x8c91) x9  0xfff28000
core   0: 0x8000935a (0xfe4ad9e3) bge     s5, tp, pc - 14
core   0: 3 0x8000935a (0xfe4ad9e3)
core   0: 0x8000935e (0xaf24bd93) sltiu   s11, s1, -1294
core   0: 3 0x8000935e (0xaf24bd93) x27 0x00000001
core   0: 0x80009362 (0x00008f55) c.or    a4, a3
core   0: 3 0x80009362 (0x8f55) x14 0xffffffdb
core   0: 0x80009364 (0x00d79393) slli    t2, a5, 13
core   0: 3 0x80009364 (0x00d79393) x7  0x98000000
core   0: 0x80009368 (0x00000518) c.addi4spn a4, sp, 640
core   0: 3 0x80009368 (0x0518) x14 0x80010544
core   0: 0x8000936a (0x0000147d) c.addi  s0, -1
core   0: 3 0x8000936a (0x147d) x8  0x0000005a
core   0: 0x8000936c (0xfd2bd3e3) bge     s7, s2, pc - 58
core   0: 3 0x8000936c (0xfd2bd3e3)
core   0: 0x80009332 (0x000063e9) c.lui   t2, 0x1a
core   0: 3 0x80009332 (0x63e9) x7  0x0001a000
core   0: 0x80009334 (0x00001be9) c.addi  s7, -6
core   0: 3 0x80009334 (0x1be9) x23 0xffffffee
core   0: 0x80009336 (0x02d8ca33) div     s4, a7, a3
core   0: 3 0x80009336 (0x02d8ca33) x20 0x03759718
core   0: 0x8000933a (0x8324b637) lui     a2, 0x8324b
core   0: 3 0x8000933a (0x8324b637) x12 0x8324b000
core   0: 0x8000933e (0x000081a5) c.srli  a1, 9
core   0: 3 0x8000933e (0x81a5) x11 0x00000000
core   0: 0x80009340 (0x00004aa9) c.li    s5, 10
core   0: 3 0x80009340 (0x4aa9) x21 0x0000000a
core   0: 0x80009342 (0x0000717d) c.addi16sp sp, -16
core   0: 3 0x80009342 (0x717d) x2  0x800102b4
core   0: 0x80009344 (0x01059293) slli    t0, a1, 16
core   0: 3 0x80009344 (0x01059293) x5  0x00000000
core   0: 0x80009348 (0x00005249) c.li    tp, -14
core   0: 3 0x80009348 (0x5249) x4  0xfffffff2
core   0: 0x8000934a (0x000062e9) c.lui   t0, 0x1a
core   0: 3 0x8000934a (0x62e9) x5  0x0001a000
core   0: 0x8000934c (0x00005f7d) c.li    t5, -1
core   0: 3 0x8000934c (0x5f7d) x30 0xffffffff
core   0: 0x8000934e (0x4015d533) sra     a0, a1, ra
core   0: 3 0x8000934e (0x4015d533) x10 0x00000000
core   0: 0x80009352 (0x00001af5) c.addi  s5, -3
core   0: 3 0x80009352 (0x1af5) x21 0x00000007
core   0: 0x80009354 (0x00006661) c.lui   a2, 0x18
core   0: 3 0x80009354 (0x6661) x12 0x00018000
core   0: 0x80009356 (0x00008ea9) c.xor   a3, a0
core   0: 3 0x80009356 (0x8ea9) x13 0xffffffdb
core   0: 0x80009358 (0x00008c91) c.sub   s1, a2
core   0: 3 0x80009358 (0x8c91) x9  0xfff10000
core   0: 0x8000935a (0xfe4ad9e3) bge     s5, tp, pc - 14
core   0: 3 0x8000935a (0xfe4ad9e3)
core   0: 0x8000934c (0x00005f7d) c.li    t5, -1
core   0: 3 0x8000934c (0x5f7d) x30 0xffffffff
core   0: 0x8000934e (0x4015d533) sra     a0, a1, ra
core   0: 3 0x8000934e (0x4015d533) x10 0x00000000
core   0: 0x80009352 (0x00001af5) c.addi  s5, -3
core   0: 3 0x80009352 (0x1af5) x21 0x00000004
core   0: 0x80009354 (0x00006661) c.lui   a2, 0x18
core   0: 3 0x80009354 (0x6661) x12 0x00018000
core   0: 0x80009356 (0x00008ea9) c.xor   a3, a0
core   0: 3 0x80009356 (0x8ea9) x13 0xffffffdb
core   0: 0x80009358 (0x00008c91) c.sub   s1, a2
core   0: 3 0x80009358 (0x8c91) x9  0xffef8000
core   0: 0x8000935a (0xfe4ad9e3) bge     s5, tp, pc - 14
core   0: 3 0x8000935a (0xfe4ad9e3)
core   0: 0x8000934c (0x00005f7d) c.li    t5, -1
core   0: 3 0x8000934c (0x5f7d) x30 0xffffffff
core   0: 0x8000934e (0x4015d533) sra     a0, a1, ra
core   0: 3 0x8000934e (0x4015d533) x10 0x00000000
core   0: 0x80009352 (0x00001af5) c.addi  s5, -3
core   0: 3 0x80009352 (0x1af5) x21 0x00000001
core   0: 0x80009354 (0x00006661) c.lui   a2, 0x18
core   0: 3 0x80009354 (0x6661) x12 0x00018000
core   0: 0x80009356 (0x00008ea9) c.xor   a3, a0
core   0: 3 0x80009356 (0x8ea9) x13 0xffffffdb
core   0: 0x80009358 (0x00008c91) c.sub   s1, a2
core   0: 3 0x80009358 (0x8c91) x9  0xffee0000
core   0: 0x8000935a (0xfe4ad9e3) bge     s5, tp, pc - 14
core   0: 3 0x8000935a (0xfe4ad9e3)
core   0: 0x8000934c (0x00005f7d) c.li    t5, -1
core   0: 3 0x8000934c (0x5f7d) x30 0xffffffff
core   0: 0x8000934e (0x4015d533) sra     a0, a1, ra
core   0: 3 0x8000934e (0x4015d533) x10 0x00000000
core   0: 0x80009352 (0x00001af5) c.addi  s5, -3
core   0: 3 0x80009352 (0x1af5) x21 0xfffffffe
core   0: 0x80009354 (0x00006661) c.lui   a2, 0x18
core   0: 3 0x80009354 (0x6661) x12 0x00018000
core   0: 0x80009356 (0x00008ea9) c.xor   a3, a0
core   0: 3 0x80009356 (0x8ea9) x13 0xffffffdb
core   0: 0x80009358 (0x00008c91) c.sub   s1, a2
core   0: 3 0x80009358 (0x8c91) x9  0xffec8000
core   0: 0x8000935a (0xfe4ad9e3) bge     s5, tp, pc - 14
core   0: 3 0x8000935a (0xfe4ad9e3)
core   0: 0x8000934c (0x00005f7d) c.li    t5, -1
core   0: 3 0x8000934c (0x5f7d) x30 0xffffffff
core   0: 0x8000934e (0x4015d533) sra     a0, a1, ra
core   0: 3 0x8000934e (0x4015d533) x10 0x00000000
core   0: 0x80009352 (0x00001af5) c.addi  s5, -3
core   0: 3 0x80009352 (0x1af5) x21 0xfffffffb
core   0: 0x80009354 (0x00006661) c.lui   a2, 0x18
core   0: 3 0x80009354 (0x6661) x12 0x00018000
core   0: 0x80009356 (0x00008ea9) c.xor   a3, a0
core   0: 3 0x80009356 (0x8ea9) x13 0xffffffdb
core   0: 0x80009358 (0x00008c91) c.sub   s1, a2
core   0: 3 0x80009358 (0x8c91) x9  0xffeb0000
core   0: 0x8000935a (0xfe4ad9e3) bge     s5, tp, pc - 14
core   0: 3 0x8000935a (0xfe4ad9e3)
core   0: 0x8000934c (0x00005f7d) c.li    t5, -1
core   0: 3 0x8000934c (0x5f7d) x30 0xffffffff
core   0: 0x8000934e (0x4015d533) sra     a0, a1, ra
core   0: 3 0x8000934e (0x4015d533) x10 0x00000000
core   0: 0x80009352 (0x00001af5) c.addi  s5, -3
core   0: 3 0x80009352 (0x1af5) x21 0xfffffff8
core   0: 0x80009354 (0x00006661) c.lui   a2, 0x18
core   0: 3 0x80009354 (0x6661) x12 0x00018000
core   0: 0x80009356 (0x00008ea9) c.xor   a3, a0
core   0: 3 0x80009356 (0x8ea9) x13 0xffffffdb
core   0: 0x80009358 (0x00008c91) c.sub   s1, a2
core   0: 3 0x80009358 (0x8c91) x9  0xffe98000
core   0: 0x8000935a (0xfe4ad9e3) bge     s5, tp, pc - 14
core   0: 3 0x8000935a (0xfe4ad9e3)
core   0: 0x8000934c (0x00005f7d) c.li    t5, -1
core   0: 3 0x8000934c (0x5f7d) x30 0xffffffff
core   0: 0x8000934e (0x4015d533) sra     a0, a1, ra
core   0: 3 0x8000934e (0x4015d533) x10 0x00000000
core   0: 0x80009352 (0x00001af5) c.addi  s5, -3
core   0: 3 0x80009352 (0x1af5) x21 0xfffffff5
core   0: 0x80009354 (0x00006661) c.lui   a2, 0x18
core   0: 3 0x80009354 (0x6661) x12 0x00018000
core   0: 0x80009356 (0x00008ea9) c.xor   a3, a0
core   0: 3 0x80009356 (0x8ea9) x13 0xffffffdb
core   0: 0x80009358 (0x00008c91) c.sub   s1, a2
core   0: 3 0x80009358 (0x8c91) x9  0xffe80000
core   0: 0x8000935a (0xfe4ad9e3) bge     s5, tp, pc - 14
core   0: 3 0x8000935a (0xfe4ad9e3)
core   0: 0x8000934c (0x00005f7d) c.li    t5, -1
core   0: 3 0x8000934c (0x5f7d) x30 0xffffffff
core   0: 0x8000934e (0x4015d533) sra     a0, a1, ra
core   0: 3 0x8000934e (0x4015d533) x10 0x00000000
core   0: 0x80009352 (0x00001af5) c.addi  s5, -3
core   0: 3 0x80009352 (0x1af5) x21 0xfffffff2
core   0: 0x80009354 (0x00006661) c.lui   a2, 0x18
core   0: 3 0x80009354 (0x6661) x12 0x00018000
core   0: 0x80009356 (0x00008ea9) c.xor   a3, a0
core   0: 3 0x80009356 (0x8ea9) x13 0xffffffdb
core   0: 0x80009358 (0x00008c91) c.sub   s1, a2
core   0: 3 0x80009358 (0x8c91) x9  0xffe68000
core   0: 0x8000935a (0xfe4ad9e3) bge     s5, tp, pc - 14
core   0: 3 0x8000935a (0xfe4ad9e3)
core   0: 0x8000934c (0x00005f7d) c.li    t5, -1
core   0: 3 0x8000934c (0x5f7d) x30 0xffffffff
core   0: 0x8000934e (0x4015d533) sra     a0, a1, ra
core   0: 3 0x8000934e (0x4015d533) x10 0x00000000
core   0: 0x80009352 (0x00001af5) c.addi  s5, -3
core   0: 3 0x80009352 (0x1af5) x21 0xffffffef
core   0: 0x80009354 (0x00006661) c.lui   a2, 0x18
core   0: 3 0x80009354 (0x6661) x12 0x00018000
core   0: 0x80009356 (0x00008ea9) c.xor   a3, a0
core   0: 3 0x80009356 (0x8ea9) x13 0xffffffdb
core   0: 0x80009358 (0x00008c91) c.sub   s1, a2
core   0: 3 0x80009358 (0x8c91) x9  0xffe50000
core   0: 0x8000935a (0xfe4ad9e3) bge     s5, tp, pc - 14
core   0: 3 0x8000935a (0xfe4ad9e3)
core   0: 0x8000935e (0xaf24bd93) sltiu   s11, s1, -1294
core   0: 3 0x8000935e (0xaf24bd93) x27 0x00000001
core   0: 0x80009362 (0x00008f55) c.or    a4, a3
core   0: 3 0x80009362 (0x8f55) x14 0xffffffdf
core   0: 0x80009364 (0x00d79393) slli    t2, a5, 13
core   0: 3 0x80009364 (0x00d79393) x7  0x98000000
core   0: 0x80009368 (0x00000518) c.addi4spn a4, sp, 640
core   0: 3 0x80009368 (0x0518) x14 0x80010534
core   0: 0x8000936a (0x0000147d) c.addi  s0, -1
core   0: 3 0x8000936a (0x147d) x8  0x00000059
core   0: 0x8000936c (0xfd2bd3e3) bge     s7, s2, pc - 58
core   0: 3 0x8000936c (0xfd2bd3e3)
core   0: 0x80009370 (0x003c2b33) slt     s6, s8, gp
core   0: 3 0x80009370 (0x003c2b33) x22 0x00000001
core   0: 0x80009374 (0x00007417) auipc   s0, 0x7
core   0: 3 0x80009374 (0x00007417) x8  0x80010374
core   0: 0x80009378 (0x37c40413) addi    s0, s0, 892
core   0: 3 0x80009378 (0x37c40413) x8  0x800106f0
core   0: 0x8000937c (0x01744503) lbu     a0, 23(s0)
core   0: 3 0x8000937c (0x01744503) x10 0x000000e6 mem 0x80010707
core   0: 0x80009380 (0x09a41603) lh      a2, 154(s0)
core   0: 3 0x80009380 (0x09a41603) x12 0x00005bb7 mem 0x8001078a
core   0: 0x80009384 (0x00008fd1) c.or    a5, a2
core   0: 3 0x80009384 (0x8fd1) x15 0xfcbcdbb7
core   0: 0x80009386 (0xf6644783) lbu     a5, -154(s0)
core   0: 3 0x80009386 (0xf6644783) x15 0x00000056 mem 0x80010656
core   0: 0x8000938a (0x827c0e13) addi    t3, s8, -2009
core   0: 3 0x8000938a (0x827c0e13) x28 0x800256b3
core   0: 0x8000938e (0x00008d35) c.xor   a0, a3
core   0: 3 0x8000938e (0x8d35) x10 0xffffff3d
core   0: 0x80009390 (0x0c740883) lb      a7, 199(s0)
core   0: 3 0x80009390 (0x0c740883) x17 0x00000024 mem 0x800107b7
core   0: 0x80009394 (0x02b31733) mulh    a4, t1, a1
core   0: 3 0x80009394 (0x02b31733) x14 0x00000000
core   0: 0x80009398 (0xfc741923) sh      t2, -46(s0)
core   0: 3 0x80009398 (0xfc741923) mem 0x800106c2 0x0000
core   0: 0x8000939c (0x03441e23) sh      s4, 60(s0)
core   0: 3 0x8000939c (0x03441e23) mem 0x8001072c 0x9718
core   0: 0x800093a0 (0x05842203) lw      tp, 88(s0)
core   0: 3 0x800093a0 (0x05842203) x4  0xa08b11eb mem 0x80010748
core   0: 0x800093a4 (0x000081c1) c.srli  a1, 16
core   0: 3 0x800093a4 (0x81c1) x11 0x00000000
core   0: 0x800093a6 (0xfa241003) lh      zero, -94(s0)
core   0: 3 0x800093a6 (0xfa241003) mem 0x80010692
core   0: 0x800093aa (0x0c4408a3) sb      tp, 209(s0)
core   0: 3 0x800093aa (0x0c4408a3) mem 0x800107c1 0xeb
core   0: 0x800093ae (0xf6740d83) lb      s11, -153(s0)
core   0: 3 0x800093ae (0xf6740d83) x27 0xffffffef mem 0x80010657
core   0: 0x800093b2 (0x00001d10) c.addi4spn a2, sp, 688
core   0: 3 0x800093b2 (0x1d10) x12 0x80010564
core   0: 0x800093b4 (0x013671b3) and     gp, a2, s3
core   0: 3 0x800093b4 (0x013671b3) x3  0x80010540
core   0: 0x800093b8 (0x02944183) lbu     gp, 41(s0)
core   0: 3 0x800093b8 (0x02944183) x3  0x00000000 mem 0x80010719
core   0: 0x800093bc (0x08b40803) lb      a6, 139(s0)
core   0: 3 0x800093bc (0x08b40803) x16 0xffffffff mem 0x8001077b
core   0: 0x800093c0 (0x03144803) lbu     a6, 49(s0)
core   0: 3 0x800093c0 (0x03144803) x16 0x000000d8 mem 0x80010721
core   0: 0x800093c4 (0xff940c23) sb      s9, -8(s0)
core   0: 3 0x800093c4 (0xff940c23) mem 0x800106e8 0x09
core   0: 0x800093c8 (0xfe1405a3) sb      ra, -21(s0)
core   0: 3 0x800093c8 (0xfe1405a3) mem 0x800106db 0x56
core   0: 0x800093cc (0x0e940b23) sb      s1, 246(s0)
core   0: 3 0x800093cc (0x0e940b23) mem 0x800107e6 0x00
core   0: 0x800093d0 (0x05940903) lb      s2, 89(s0)
core   0: 3 0x800093d0 (0x05940903) x18 0x00000011 mem 0x80010749
core   0: 0x800093d4 (0x000090ea) c.add   ra, s10
core   0: 3 0x800093d4 (0x90ea) x1  0xfffffffc
core   0: 0x800093d6 (0x41430e33) sub     t3, t1, s4
core   0: 3 0x800093d6 (0x41430e33) x28 0xfc8b24d8
core   0: 0x800093da (0x0a340083) lb      ra, 163(s0)
core   0: 3 0x800093da (0x0a340083) x1  0xffffff9c mem 0x80010793
core   0: 0x800093de (0x000007e1) c.addi  a5, 24
core   0: 3 0x800093de (0x07e1) x15 0x0000006e
core   0: 0x800093e0 (0x5383a2b7) lui     t0, 0x5383a
core   0: 3 0x800093e0 (0x5383a2b7) x5  0x5383a000
core   0: 0x800093e4 (0x313f6693) ori     a3, t5, 787
core   0: 3 0x800093e4 (0x313f6693) x13 0xffffffff
core   0: 0x800093e8 (0xf0f40c83) lb      s9, -241(s0)
core   0: 3 0x800093e8 (0xf0f40c83) x25 0xffffffb1 mem 0x800105ff
core   0: 0x800093ec (0x06140e03) lb      t3, 97(s0)
core   0: 3 0x800093ec (0x06140e03) x28 0xfffffff5 mem 0x80010751
core   0: 0x800093f0 (0xa01ee693) ori     a3, t4, -1535
core   0: 3 0x800093f0 (0xa01ee693) x13 0xfffffa09
core   0: 0x800093f4 (0xfe2406a3) sb      sp, -19(s0)
core   0: 3 0x800093f4 (0xfe2406a3) mem 0x800106dd 0xb4
core   0: 0x800093f8 (0x04c000ef) jal     pc + 0x4c
core   0: 3 0x800093f8 (0x04c000ef) x1  0x800093fc
core   0: 0x80009444 (0x0000b7d5) c.j     pc - 28
core   0: 3 0x80009444 (0xb7d5)
core   0: 0x80009428 (0x000037d5) c.jal   pc - 28
core   0: 3 0x80009428 (0x37d5) x1  0x8000942a
core   0: 0x8000940c (0x02c000ef) jal     pc + 0x2c
core   0: 3 0x8000940c (0x02c000ef) x1  0x80009410
core   0: 0x80009438 (0x00003fed) c.jal   pc - 6
core   0: 3 0x80009438 (0x3fed) x1  0x8000943a
core   0: 0x80009432 (0xff1ff36f) jal     t1, pc - 0x10
core   0: 3 0x80009432 (0xff1ff36f) x6  0x80009436
core   0: 0x80009422 (0x0000bfcd) c.j     pc - 14
core   0: 3 0x80009422 (0xbfcd)
core   0: 0x80009414 (0x01600aef) jal     s5, pc + 0x16
core   0: 3 0x80009414 (0x01600aef) x21 0x80009418
core   0: 0x8000942a (0x00003ff5) c.jal   pc - 4
core   0: 3 0x8000942a (0x3ff5) x1  0x8000942c
core   0: 0x80009426 (0x00002801) c.jal   pc + 16
core   0: 3 0x80009426 (0x2801) x1  0x80009428
core   0: 0x80009436 (0x00003fc9) c.jal   pc - 46
core   0: 3 0x80009436 (0x3fc9) x1  0x80009438
core   0: 0x80009408 (0x00002015) c.jal   pc + 36
core   0: 3 0x80009408 (0x2015) x1  0x8000940a
core   0: 0x8000942c (0x0100056f) jal     a0, pc + 0x10
core   0: 3 0x8000942c (0x0100056f) x10 0x80009430
core   0: 0x8000943c (0xfc1ff0ef) jal     pc - 0x40
core   0: 3 0x8000943c (0xfc1ff0ef) x1  0x80009440
core   0: 0x800093fc (0x0000a021) c.j     pc + 8
core   0: 3 0x800093fc (0xa021)
core   0: 0x80009404 (0xffbff0ef) jal     pc - 0x6
core   0: 3 0x80009404 (0xffbff0ef) x1  0x80009408
core   0: 0x800093fe (0x0000a01d) c.j     pc + 38
core   0: 3 0x800093fe (0xa01d)
core   0: 0x80009424 (0x000037dd) c.jal   pc - 26
core   0: 3 0x80009424 (0x37dd) x1  0x80009426
core   0: 0x8000940a (0x0000201d) c.jal   pc + 38
core   0: 3 0x8000940a (0x201d) x1  0x8000940c
core   0: 0x80009430 (0x0000a809) c.j     pc + 18
core   0: 3 0x80009430 (0xa809)
core   0: 0x80009442 (0x00003f7d) c.jal   pc - 66
core   0: 3 0x80009442 (0x3f7d) x1  0x80009444
core   0: 0x80009400 (0x040009ef) jal     s3, pc + 0x40
core   0: 3 0x80009400 (0x040009ef) x19 0x80009404
core   0: 0x80009440 (0x00003fed) c.jal   pc - 6
core   0: 3 0x80009440 (0x3fed) x1  0x80009442
core   0: 0x8000943a (0x0000b7c5) c.j     pc - 32
core   0: 3 0x8000943a (0xb7c5)
core   0: 0x8000941a (0xff7ff0ef) jal     pc - 0xa
core   0: 3 0x8000941a (0xff7ff0ef) x1  0x8000941e
core   0: 0x80009410 (0x008000ef) jal     pc + 0x8
core   0: 3 0x80009410 (0x008000ef) x1  0x80009414
core   0: 0x80009418 (0x00002019) c.jal   pc + 6
core   0: 3 0x80009418 (0x2019) x1  0x8000941a
core   0: 0x8000941e (0x028000ef) jal     pc + 0x28
core   0: 3 0x8000941e (0x028000ef) x1  0x80009422
core   0: 0x80009446 (0xac00ec93) ori     s9, ra, -1344
core   0: 3 0x80009446 (0xac00ec93) x25 0xfffffee2
core   0: 0x8000944a (0x00007117) auipc   sp, 0x7
core   0: 3 0x8000944a (0x00007117) x2  0x8001044a
core   0: 0x8000944e (0x62110113) addi    sp, sp, 1569
core   0: 3 0x8000944e (0x62110113) x2  0x80010a6b
core   0: 0x80009452 (0x03810d03) lb      s10, 56(sp)
core   0: 3 0x80009452 (0x03810d03) x26 0xffffffef mem 0x80010aa3
core   0: 0x80009456 (0x008107a3) sb      s0, 15(sp)
core   0: 3 0x80009456 (0x008107a3) mem 0x80010a7a 0xf0
core   0: 0x8000945a (0x02c10b03) lb      s6, 44(sp)
core   0: 3 0x8000945a (0x02c10b03) x22 0xffffffc1 mem 0x80010a97
core   0: 0x8000945e (0x00710483) lb      s1, 7(sp)
core   0: 3 0x8000945e (0x00710483) x9  0xffffffaa mem 0x80010a72
core   0: 0x80009462 (0xfe112b03) lw      s6, -31(sp)
core   0: 3 0x80009462 (0xfe112b03) x22 0x771b4570 mem 0x80010a4c
core   0: 0x80009466 (0x00915483) lhu     s1, 9(sp)
core   0: 3 0x80009466 (0x00915483) x9  0x0000432e mem 0x80010a74
core   0: 0x8000946a (0xfd4128a3) sw      s4, -47(sp)
core   0: 3 0x8000946a (0xfd4128a3) mem 0x80010a3c 0x03759718
core   0: 0x8000946e (0x01a404b3) add     s1, s0, s10
core   0: 3 0x8000946e (0x01a404b3) x9  0x800106df
core   0: 0x80009472 (0x03911403) lh      s0, 57(sp)
core   0: 3 0x80009472 (0x03911403) x8  0x00001435 mem 0x80010aa4
core   0: 0x80009476 (0x41460633) sub     a2, a2, s4
core   0: 3 0x80009476 (0x41460633) x12 0x7c8b6e4c
core   0: 0x8000947a (0x00006609) c.lui   a2, 0x2
core   0: 3 0x8000947a (0x6609) x12 0x00002000
core   0: 0x8000947c (0xfca10483) lb      s1, -54(sp)
core   0: 3 0x8000947c (0xfca10483) x9  0x0000004e mem 0x80010a35
core   0: 0x80009480 (0x00008e31) c.xor   a2, a2
core   0: 3 0x80009480 (0x8e31) x12 0x00000000
core   0: 0x80009482 (0xfcc111a3) sh      a2, -61(sp)
core   0: 3 0x80009482 (0xfcc111a3) mem 0x80010a2e 0x0000
core   0: 0x80009486 (0x02d11403) lh      s0, 45(sp)
core   0: 3 0x80009486 (0x02d11403) x8  0x00002564 mem 0x80010a98
core   0: 0x8000948a (0x03614483) lbu     s1, 54(sp)
core   0: 3 0x8000948a (0x03614483) x9  0x0000001c mem 0x80010aa1
core   0: 0x8000948e (0x02c44d33) div     s10, s0, a2
core   0: 3 0x8000948e (0x02c44d33) x26 0xffffffff
core   0: 0x80009492 (0x02714b03) lbu     s6, 39(sp)
core   0: 3 0x80009492 (0x02714b03) x22 0x00000032 mem 0x80010a92
core   0: 0x80009496 (0x02ca74b3) remu    s1, s4, a2
core   0: 3 0x80009496 (0x02ca74b3) x9  0x03759718
core   0: 0x8000949a (0xfe910ea3) sb      s1, -3(sp)
core   0: 3 0x8000949a (0xfe910ea3) mem 0x80010a68 0x18
core   0: 0x8000949e (0x03ab7b33) remu    s6, s6, s10
core   0: 3 0x8000949e (0x03ab7b33) x22 0x00000032
core   0: 0x800094a2 (0xd4764a13) xori    s4, a2, -697
core   0: 3 0x800094a2 (0xd4764a13) x20 0xfffffd47
core   0: 0x800094a6 (0xfc310403) lb      s0, -61(sp)
core   0: 3 0x800094a6 (0xfc310403) x8  0x00000000 mem 0x80010a2e
core   0: 0x800094aa (0xff414b03) lbu     s6, -12(sp)
core   0: 3 0x800094aa (0xff414b03) x22 0x0000009b mem 0x80010a5f
core   0: 0x800094ae (0xfc9115a3) sh      s1, -53(sp)
core   0: 3 0x800094ae (0xfc9115a3) mem 0x80010a36 0x9718
core   0: 0x800094b2 (0x0000043a) c.slli  s0, 14
core   0: 3 0x800094b2 (0x043a) x8  0x00000000
core   0: 0x800094b4 (0xffa10ea3) sb      s10, -3(sp)
core   0: 3 0x800094b4 (0xffa10ea3) mem 0x80010a68 0xff
core   0: 0x800094b8 (0x00f15d03) lhu     s10, 15(sp)
core   0: 3 0x800094b8 (0x00f15d03) x26 0x0000f1f0 mem 0x80010a7a
core   0: 0x800094bc (0x41aa5b33) sra     s6, s4, s10
core   0: 3 0x800094bc (0x41aa5b33) x22 0xffffffff
core   0: 0x800094c0 (0x03610a03) lb      s4, 54(sp)
core   0: 3 0x800094c0 (0x03610a03) x20 0x0000001c mem 0x80010aa1
core   0: 0x800094c4 (0xf29b4613) xori    a2, s6, -215
core   0: 3 0x800094c4 (0xf29b4613) x12 0x000000d6
core   0: 0x800094c8 (0x79401d17) auipc   s10, 0x79401
core   0: 3 0x800094c8 (0x79401d17) x26 0xf940a4c8
core   0: 0x800094cc (0x0364db33) divu    s6, s1, s6
core   0: 3 0x800094cc (0x0364db33) x22 0x00000000
core   0: 0x800094d0 (0x00c60433) add     s0, a2, a2
core   0: 3 0x800094d0 (0x00c60433) x8  0x000001ac
core   0: 0x800094d4 (0x01c14b03) lbu     s6, 28(sp)
core   0: 3 0x800094d4 (0x01c14b03) x22 0x000000a0 mem 0x80010a87
core   0: 0x800094d8 (0xff315a03) lhu     s4, -13(sp)
core   0: 3 0x800094d8 (0xff315a03) x20 0x00009b0b mem 0x80010a5e
core   0: 0x800094dc (0xfd410da3) sb      s4, -37(sp)
core   0: 3 0x800094dc (0xfd410da3) mem 0x80010a46 0x0b
core   0: 0x800094e0 (0x00009917) auipc   s2, 0x9
core   0: 3 0x800094e0 (0x00009917) x18 0x800124e0
core   0: 0x800094e4 (0x82590913) addi    s2, s2, -2011
core   0: 3 0x800094e4 (0x82590913) x18 0x80011d05
core   0: 0x800094e8 (0x0211b9b3) mulhu   s3, gp, ra
core   0: 3 0x800094e8 (0x0211b9b3) x19 0x00000000
core   0: 0x800094ec (0x00b923a3) sw      a1, 7(s2)
core   0: 3 0x800094ec (0x00b923a3) mem 0x80011d0c 0x00000000
core   0: 0x800094f0 (0x00790a83) lb      s5, 7(s2)
core   0: 3 0x800094f0 (0x00790a83) x21 0x00000000 mem 0x80011d0c
core   0: 0x800094f4 (0x0330dd33) divu    s10, ra, s3
core   0: 3 0x800094f4 (0x0330dd33) x26 0xffffffff
core   0: 0x800094f8 (0x00a923a3) sw      a0, 7(s2)
core   0: 3 0x800094f8 (0x00a923a3) mem 0x80011d0c 0x80009430
core   0: 0x800094fc (0xffc94483) lbu     s1, -4(s2)
core   0: 3 0x800094fc (0xffc94483) x9  0x0000008f mem 0x80011d01
core   0: 0x80009500 (0x01b8d4b3) srl     s1, a7, s11
core   0: 3 0x80009500 (0x01b8d4b3) x9  0x00000000
core   0: 0x80009504 (0xffc90b03) lb      s6, -4(s2)
core   0: 3 0x80009504 (0xffc90b03) x22 0xffffff8f mem 0x80011d01
core   0: 0x80009508 (0xfe490e23) sb      tp, -4(s2)
core   0: 3 0x80009508 (0xfe490e23) mem 0x80011d01 0xeb
core   0: 0x8000950c (0xffc90a03) lb      s4, -4(s2)
core   0: 3 0x8000950c (0xffc90a03) x20 0xffffffeb mem 0x80011d01
core   0: 0x80009510 (0x00d91d03) lh      s10, 13(s2)
core   0: 3 0x80009510 (0x00d91d03) x26 0x00003f59 mem 0x80011d12
core   0: 0x80009514 (0xfe190c23) sb      ra, -8(s2)
core   0: 3 0x80009514 (0xfe190c23) mem 0x80011cfd 0x22
core   0: 0x80009518 (0xff890b03) lb      s6, -8(s2)
core   0: 3 0x80009518 (0xff890b03) x22 0x00000022 mem 0x80011cfd
core   0: 0x8000951c (0x00194f03) lbu     t5, 1(s2)
core   0: 3 0x8000951c (0x00194f03) x30 0x000000d1 mem 0x80011d06
core   0: 0x80009520 (0xff590e23) sb      s5, -4(s2)
core   0: 3 0x80009520 (0xff590e23) mem 0x80011d01 0x00
core   0: 0x80009524 (0xffc94f03) lbu     t5, -4(s2)
core   0: 3 0x80009524 (0xffc94f03) x30 0x00000000 mem 0x80011d01
core   0: 0x80009528 (0xfe090e23) sb      zero, -4(s2)
core   0: 3 0x80009528 (0xfe090e23) mem 0x80011d01 0x00
core   0: 0x8000952c (0x00009917) auipc   s2, 0x9
core   0: 3 0x8000952c (0x00009917) x18 0x8001252c
core   0: 0x80009530 (0x8aa90913) addi    s2, s2, -1878
core   0: 3 0x80009530 (0x8aa90913) x18 0x80011dd6
core   0: 0x80009534 (0xfe691a23) sh      t1, -12(s2)
core   0: 3 0x80009534 (0xfe691a23) mem 0x80011dca 0x9436
core   0: 0x80009538 (0xff494f03) lbu     t5, -12(s2)
core   0: 3 0x80009538 (0xff494f03) x30 0x00000036 mem 0x80011dca
core   0: 0x8000953c (0xff490b03) lb      s6, -12(s2)
core   0: 3 0x8000953c (0xff490b03) x22 0x00000036 mem 0x80011dca
core   0: 0x80009540 (0xff190fa3) sb      a7, -1(s2)
core   0: 3 0x80009540 (0xff190fa3) mem 0x80011dd5 0x24
core   0: 0x80009544 (0xfff90303) lb      t1, -1(s2)
core   0: 3 0x80009544 (0xfff90303) x6  0x00000024 mem 0x80011dd5
core   0: 0x80009548 (0xfff94083) lbu     ra, -1(s2)
core   0: 3 0x80009548 (0xfff94083) x1  0x00000024 mem 0x80011dd5
core   0: 0x8000954c (0xff590fa3) sb      s5, -1(s2)
core   0: 3 0x8000954c (0xff590fa3) mem 0x80011dd5 0x00
core   0: 0x80009550 (0x01d81793) slli    a5, a6, 29
core   0: 3 0x80009550 (0x01d81793) x15 0x00000000
core   0: 0x80009554 (0xfff90703) lb      a4, -1(s2)
core   0: 3 0x80009554 (0xfff90703) x14 0x00000000 mem 0x80011dd5
core   0: 0x80009558 (0xfff94983) lbu     s3, -1(s2)
core   0: 3 0x80009558 (0xfff94983) x19 0x00000000 mem 0x80011dd5
core   0: 0x8000955c (0xfff90383) lb      t2, -1(s2)
core   0: 3 0x8000955c (0xfff90383) x7  0x00000000 mem 0x80011dd5
core   0: 0x80009560 (0xfd7901a3) sb      s7, -61(s2)
core   0: 3 0x80009560 (0xfd7901a3) mem 0x80011d99 0xee
core   0: 0x80009564 (0x40435533) sra     a0, t1, tp
core   0: 3 0x80009564 (0x40435533) x10 0x00000000
core   0: 0x80009568 (0x034b2bb3) mulhsu  s7, s6, s4
core   0: 3 0x80009568 (0x034b2bb3) x23 0x00000035
core   0: 0x8000956c (0xfc390483) lb      s1, -61(s2)
core   0: 3 0x8000956c (0xfc390483) x9  0xffffffee mem 0x80011d99
core   0: 0x80009570 (0xfdb901a3) sb      s11, -61(s2)
core   0: 3 0x80009570 (0xfdb901a3) mem 0x80011d99 0xef
core   0: 0x80009574 (0xfc390103) lb      sp, -61(s2)
core   0: 3 0x80009574 (0xfc390103) x2  0xffffffef mem 0x80011d99
core   0: 0x80009578 (0x00230f33) add     t5, t1, sp
core   0: 3 0x80009578 (0x00230f33) x30 0x00000013
core   0: 0x8000957c (0x00008135) c.srli  a0, 13
core   0: 3 0x8000957c (0x8135) x10 0x00000000
core   0: 0x8000957e (0x00008fe9) c.and   a5, a0
core   0: 3 0x8000957e (0x8fe9) x15 0x00000000
core   0: 0x80009580 (0xfd9901a3) sb      s9, -61(s2)
core   0: 3 0x80009580 (0xfd9901a3) mem 0x80011d99 0xe2
core   0: 0x80009584 (0x00000466) c.slli  s0, 25
core   0: 3 0x80009584 (0x0466) x8  0x58000000
core   0: 0x80009586 (0x00008675) c.srai  a2, 29
core   0: 3 0x80009586 (0x8675) x12 0x00000000
core   0: 0x80009588 (0x0138b0b3) sltu    ra, a7, s3
core   0: 3 0x80009588 (0x0138b0b3) x1  0x00000000
core   0: 0x8000958c (0x01e65593) srli    a1, a2, 30
core   0: 3 0x8000958c (0x01e65593) x11 0x00000000
core   0: 0x80009590 (0x00008d01) c.sub   a0, s0
core   0: 3 0x80009590 (0x8d01) x10 0xa8000000
core   0: 0x80009592 (0x001b46b3) xor     a3, s6, ra
core   0: 3 0x80009592 (0x001b46b3) x13 0x00000036
core   0: 0x80009596 (0x0371e0b3) rem     ra, gp, s7
core   0: 3 0x80009596 (0x0371e0b3) x1  0x00000000
core   0: 0x8000959a (0x00009afd) c.andi  a3, -1
core   0: 3 0x8000959a (0x9afd) x13 0x00000036
core   0: 0x8000959c (0x00008c71) c.and   s0, a2
core   0: 3 0x8000959c (0x8c71) x8  0x00000000
core   0: 0x8000959e (0x012699b3) sll     s3, a3, s2
core   0: 3 0x8000959e (0x012699b3) x19 0x0d800000
core   0: 0x800095a2 (0x00008d65) c.and   a0, s1
core   0: 3 0x800095a2 (0x8d65) x10 0xa8000000
core   0: 0x800095a4 (0x03f1c533) div     a0, gp, t6
core   0: 3 0x800095a4 (0x03f1c533) x10 0x00000000
core   0: 0x800095a8 (0x00f8a733) slt     a4, a7, a5
core   0: 3 0x800095a8 (0x00f8a733) x14 0x00000000
core   0: 0x800095ac (0x02a4c733) div     a4, s1, a0
core   0: 3 0x800095ac (0x02a4c733) x14 0xffffffff
core   0: 0x800095b0 (0x0000615d) c.addi16sp sp, 432
core   0: 3 0x800095b0 (0x615d) x2  0x0000019f
core   0: 0x800095b2 (0x00005cfd) c.li    s9, -1
core   0: 3 0x800095b2 (0x5cfd) x25 0xffffffff
core   0: 0x800095b4 (0x049b9063) bne     s7, s1, pc + 64
core   0: 3 0x800095b4 (0x049b9063)
core   0: 0x800095f4 (0x01e89d63) bne     a7, t5, pc + 26
core   0: 3 0x800095f4 (0x01e89d63)
core   0: 0x8000960e (0x01ebf933) and     s2, s7, t5
core   0: 3 0x8000960e (0x01ebf933) x18 0x00000011
core   0: 0x80009612 (0x00dea733) slt     a4, t4, a3
core   0: 3 0x80009612 (0x00dea733) x14 0x00000001
core   0: 0x80009616 (0x0048c7b3) xor     a5, a7, tp
core   0: 3 0x80009616 (0x0048c7b3) x15 0xa08b11cf
core   0: 0x8000961a (0x402dd393) srai    t2, s11, 2
core   0: 3 0x8000961a (0x402dd393) x7  0xfffffffb
core   0: 0x8000961e (0x41ef09b3) sub     s3, t5, t5
core   0: 3 0x8000961e (0x41ef09b3) x19 0x00000000
core   0: 0x80009622 (0x00001200) c.addi4spn s0, sp, 288
core   0: 3 0x80009622 (0x1200) x8  0x000002bf
core   0: 0x80009624 (0x00bb1733) sll     a4, s6, a1
core   0: 3 0x80009624 (0x00bb1733) x14 0x00000036
core   0: 0x80009628 (0x000009bd) c.addi  s3, 15
core   0: 3 0x80009628 (0x09bd) x19 0x0000000f
core   0: 0x8000962a (0x00004a1d) c.li    s4, 7
core   0: 3 0x8000962a (0x4a1d) x20 0x00000007
core   0: 0x8000962c (0x02e57263) bgeu    a0, a4, pc + 36
core   0: 3 0x8000962c (0x02e57263)
core   0: 0x80009630 (0x036a8663) beq     s5, s6, pc + 44
core   0: 3 0x80009630 (0x036a8663)
core   0: 0x80009634 (0x0000c095) c.beqz  s1, pc + 36
core   0: 3 0x80009634 (0xc095)
core   0: 0x80009636 (0xf390b313) sltiu   t1, ra, -199
core   0: 3 0x80009636 (0xf390b313) x6  0x00000001
core   0: 0x8000963a (0xfb432313) slti    t1, t1, -76
core   0: 3 0x8000963a (0xfb432313) x6  0x00000000
core   0: 0x8000963e (0x02330263) beq     t1, gp, pc + 36
core   0: 3 0x8000963e (0x02330263)
core   0: 0x80009662 (0x30718393) addi    t2, gp, 775
core   0: 3 0x80009662 (0x30718393) x7  0x00000307
core   0: 0x80009666 (0x7db23613) sltiu   a2, tp, 2011
core   0: 3 0x80009666 (0x7db23613) x12 0x00000000
core   0: 0x8000966a (0x41148db3) sub     s11, s1, a7
core   0: 3 0x8000966a (0x41148db3) x27 0xffffffca
core   0: 0x8000966e (0x00008f21) c.xor   a4, s0
core   0: 3 0x8000966e (0x8f21) x14 0x00000289
core   0: 0x80009670 (0x00008521) c.srai  a0, 8
core   0: 3 0x80009670 (0x8521) x10 0x00000000
core   0: 0x80009672 (0x01f0e563) bltu    ra, t6, pc + 10
core   0: 3 0x80009672 (0x01f0e563)
core   0: 0x8000967c (0x00ed44b3) xor     s1, s10, a4
core   0: 3 0x8000967c (0x00ed44b3) x9  0x00003dd0
core   0: 0x80009680 (0x03f90063) beq     s2, t6, pc + 32
core   0: 3 0x80009680 (0x03f90063)
core   0: 0x80009684 (0x00008f19) c.sub   a4, a4
core   0: 3 0x80009684 (0x8f19) x14 0x00000000
core   0: 0x80009686 (0x039c8e33) mul     t3, s9, s9
core   0: 3 0x80009686 (0x039c8e33) x28 0x00000001
core   0: 0x8000968a (0x000045f5) c.li    a1, 29
core   0: 3 0x8000968a (0x45f5) x11 0x0000001d
core   0: 0x8000968c (0x00008e6d) c.and   a2, a1
core   0: 3 0x8000968c (0x8e6d) x12 0x00000000
core   0: 0x8000968e (0x030dedb3) rem     s11, s11, a6
core   0: 3 0x8000968e (0x030dedb3) x27 0xffffffca
core   0: 0x80009692 (0x00090463) beqz    s2, pc + 8
core   0: 3 0x80009692 (0x00090463)
core   0: 0x80009696 (0x01adf263) bgeu    s11, s10, pc + 4
core   0: 3 0x80009696 (0x01adf263)
core   0: 0x8000969a (0x013cc363) blt     s9, s3, pc + 6
core   0: 3 0x8000969a (0x013cc363)
core   0: 0x800096a0 (0x02f44db3) div     s11, s0, a5
core   0: 3 0x800096a0 (0x02f44db3) x27 0x00000000
core   0: 0x800096a4 (0x00ea22b3) slt     t0, s4, a4
core   0: 3 0x800096a4 (0x00ea22b3) x5  0x00000000
core   0: 0x800096a8 (0x00009852) c.add   a6, s4
core   0: 3 0x800096a8 (0x9852) x16 0x000000df
core   0: 0x800096aa (0x0000861d) c.srai  a2, 7
core   0: 3 0x800096aa (0x861d) x12 0x00000000
core   0: 0x800096ac (0x00000f1e) c.slli  t5, 7
core   0: 3 0x800096ac (0x0f1e) x30 0x00000980
core   0: 0x800096ae (0x00000001) c.nop
core   0: 3 0x800096ae (0x0001)
core   0: 0x800096b0 (0x00011433) sll     s0, sp, zero
core   0: 3 0x800096b0 (0x00011433) x8  0x0000019f
core   0: 0x800096b4 (0x0308e4b3) rem     s1, a7, a6
core   0: 3 0x800096b4 (0x0308e4b3) x9  0x00000024
core   0: 0x800096b8 (0x031272b3) remu    t0, tp, a7
core   0: 3 0x800096b8 (0x031272b3) x5  0x00000017
core   0: 0x800096bc (0xc5b53313) sltiu   t1, a0, -933
core   0: 3 0x800096bc (0xc5b53313) x6  0x00000001
core   0: 0x800096c0 (0x03147463) bgeu    s0, a7, pc + 40
core   0: 3 0x800096c0 (0x03147463)
core   0: 0x800096e8 (0x01e2b233) sltu    tp, t0, t5
core   0: 3 0x800096e8 (0x01e2b233) x4  0x00000001
core   0: 0x800096ec (0x00000001) c.nop
core   0: 3 0x800096ec (0x0001)
core   0: 0x800096ee (0x032990b3) mulh    ra, s3, s2
core   0: 3 0x800096ee (0x032990b3) x1  0x00000000
core   0: 0x800096f2 (0x0000616d) c.addi16sp sp, 240
core   0: 3 0x800096f2 (0x616d) x2  0x0000028f
core   0: 0x800096f4 (0x439df797) auipc   a5, 0x439df
core   0: 3 0x800096f4 (0x439df797) x15 0xc39e86f4
core   0: 0x800096f8 (0x0102e833) or      a6, t0, a6
core   0: 3 0x800096f8 (0x0102e833) x16 0x000000df
core   0: 0x800096fc (0x00008111) c.srli  a0, 4
core   0: 3 0x800096fc (0x8111) x10 0x00000000
core   0: 0x800096fe (0x0000c29d) c.beqz  a3, pc + 38
core   0: 3 0x800096fe (0xc29d)
core   0: 0x80009700 (0x6242f897) auipc   a7, 0x6242f
core   0: 3 0x80009700 (0x6242f897) x17 0xe2438700
core   0: 0x80009704 (0x03999063) bne     s3, s9, pc + 32
core   0: 3 0x80009704 (0x03999063)
core   0: 0x80009724 (0x018f15b3) sll     a1, t5, s8
core   0: 3 0x80009724 (0x018f15b3) x11 0x00980000
core   0: 0x80009728 (0x0296c2b3) div     t0, a3, s1
core   0: 3 0x80009728 (0x0296c2b3) x5  0x00000001
core   0: 0x8000972c (0x0167b4b3) sltu    s1, a5, s6
core   0: 3 0x8000972c (0x0167b4b3) x9  0x00000000
core   0: 0x80009730 (0x00000a14) c.addi4spn a3, sp, 272
core   0: 3 0x80009730 (0x0a14) x13 0x0000039f
core   0: 0x80009732 (0x01dd6333) or      t1, s10, t4
core   0: 3 0x80009732 (0x01dd6333) x6  0x00003f59
core   0: 0x80009736 (0x0000070c) c.addi4spn a1, sp, 896
core   0: 3 0x80009736 (0x070c) x11 0x0000060f
core   0: 0x80009738 (0x02c86833) rem     a6, a6, a2
core   0: 3 0x80009738 (0x02c86833) x16 0x000000df
core   0: 0x8000973c (0x00008d69) c.and   a0, a0
core   0: 3 0x8000973c (0x8d69) x10 0x00000000
core   0: 0x8000973e (0x012e1493) slli    s1, t3, 18
core   0: 3 0x8000973e (0x012e1493) x9  0x00040000
core   0: 0x80009742 (0x0000987d) c.andi  s0, -1
core   0: 3 0x80009742 (0x987d) x8  0x0000019f
core   0: 0x80009744 (0x00000001) c.nop
core   0: 3 0x80009744 (0x0001)
core   0: 0x80009746 (0x00008efd) c.and   a3, a5
core   0: 3 0x80009746 (0x8efd) x13 0x00000294
core   0: 0x80009748 (0x029ef633) remu    a2, t4, s1
core   0: 3 0x80009748 (0x029ef633) x12 0x00000008
core   0: 0x8000974c (0x00000d94) c.addi4spn a3, sp, 720
core   0: 3 0x8000974c (0x0d94) x13 0x0000055f
core   0: 0x8000974e (0x02591333) mulh    t1, s2, t0
core   0: 3 0x8000974e (0x02591333) x6  0x00000000
core   0: 0x80009752 (0x0157e6b3) or      a3, a5, s5
core   0: 3 0x80009752 (0x0157e6b3) x13 0xc39e86f4
core   0: 0x80009756 (0x03b68a63) beq     a3, s11, pc + 52
core   0: 3 0x80009756 (0x03b68a63)
core   0: 0x8000975a (0x0000610d) c.addi16sp sp, 160
core   0: 3 0x8000975a (0x610d) x2  0x0000032f
core   0: 0x8000975c (0x002b5433) srl     s0, s6, sp
core   0: 3 0x8000975c (0x002b5433) x8  0x00000000
core   0: 0x80009760 (0x03aa8533) mul     a0, s5, s10
core   0: 3 0x80009760 (0x03aa8533) x10 0x00000000
core   0: 0x80009764 (0x036569b3) rem     s3, a0, s6
core   0: 3 0x80009764 (0x036569b3) x19 0x00000000
core   0: 0x80009768 (0x00755a63) bge     a0, t2, pc + 20
core   0: 3 0x80009768 (0x00755a63)
core   0: 0x8000976c (0x030bcd33) div     s10, s7, a6
core   0: 3 0x8000976c (0x030bcd33) x26 0x00000000
core   0: 0x80009770 (0x014ed4b3) srl     s1, t4, s4
core   0: 3 0x80009770 (0x014ed4b3) x9  0x00000000
core   0: 0x80009774 (0xa73b6b13) ori     s6, s6, -1421
core   0: 3 0x80009774 (0xa73b6b13) x22 0xfffffa77
core   0: 0x80009778 (0x02a35033) divu    zero, t1, a0
core   0: 3 0x80009778 (0x02a35033)
core   0: 0x8000977c (0x403b8b33) sub     s6, s7, gp
core   0: 3 0x8000977c (0x403b8b33) x22 0x00000035
core   0: 0x80009780 (0x015a0e33) add     t3, s4, s5
core   0: 3 0x80009780 (0x015a0e33) x28 0x00000007
core   0: 0x80009784 (0x40188533) sub     a0, a7, ra
core   0: 3 0x80009784 (0x40188533) x10 0xe2438700
core   0: 0x80009788 (0x00000001) c.nop
core   0: 3 0x80009788 (0x0001)
core   0: 0x8000978a (0x01359463) bne     a1, s3, pc + 8
core   0: 3 0x8000978a (0x01359463)
core   0: 0x80009792 (0x00008ea5) c.xor   a3, s1
core   0: 3 0x80009792 (0x8ea5) x13 0xc39e86f4
core   0: 0x80009794 (0x02a4cab3) div     s5, s1, a0
core   0: 3 0x80009794 (0x02a4cab3) x21 0x00000000
core   0: 0x80009798 (0x01b15013) srli    zero, sp, 27
core   0: 3 0x80009798 (0x01b15013)
core   0: 0x8000979c (0x00000001) c.nop
core   0: 3 0x8000979c (0x0001)
core   0: 0x8000979e (0x023b0a63) beq     s6, gp, pc + 52
core   0: 3 0x8000979e (0x023b0a63)
core   0: 0x800097a2 (0x0083ca33) xor     s4, t2, s0
core   0: 3 0x800097a2 (0x0083ca33) x20 0x00000307
core   0: 0x800097a6 (0x00f4e263) bltu    s1, a5, pc + 4
core   0: 3 0x800097a6 (0x00f4e263)
core   0: 0x800097aa (0x029536b3) mulhu   a3, a0, s1
core   0: 3 0x800097aa (0x029536b3) x13 0x00000000
core   0: 0x800097ae (0x03228a63) beq     t0, s2, pc + 52
core   0: 3 0x800097ae (0x03228a63)
core   0: 0x800097b2 (0x00008cc1) c.or    s1, s0
core   0: 3 0x800097b2 (0x8cc1) x9  0x00000000
core   0: 0x800097b4 (0xc49c6993) ori     s3, s8, -951
core   0: 3 0x800097b4 (0xc49c6993) x19 0xfffffecd
core   0: 0x800097b8 (0x000a4d63) bltz    s4, pc + 26
core   0: 3 0x800097b8 (0x000a4d63)
core   0: 0x800097bc (0x01b65a13) srli    s4, a2, 27
core   0: 3 0x800097bc (0x01b65a13) x20 0x00000000
core   0: 0x800097c0 (0x824c6893) ori     a7, s8, -2012
core   0: 3 0x800097c0 (0x824c6893) x17 0xfffffeac
core   0: 0x800097c4 (0x0029c633) xor     a2, s3, sp
core   0: 3 0x800097c4 (0x0029c633) x12 0xfffffde2
core   0: 0x800097c8 (0x028d2ab3) mulhsu  s5, s10, s0
core   0: 3 0x800097c8 (0x028d2ab3) x21 0x00000000
core   0: 0x800097cc (0x00008779) c.srai  a4, 30
core   0: 3 0x800097cc (0x8779) x14 0x00000000
core   0: 0x800097ce (0x415fd813) srai    a6, t6, 21
core   0: 3 0x800097ce (0x415fd813) x16 0xfffffc00
core   0: 0x800097d2 (0x0000986e) c.add   a6, s11
core   0: 3 0x800097d2 (0x986e) x16 0xfffffc00
core   0: 0x800097d4 (0x00004b9d) c.li    s7, 7
core   0: 3 0x800097d4 (0x4b9d) x23 0x00000007
core   0: 0x800097d6 (0x0281f033) remu    zero, gp, s0
core   0: 3 0x800097d6 (0x0281f033)
core   0: 0x800097da (0x00fe64b3) or      s1, t3, a5
core   0: 3 0x800097da (0x00fe64b3) x9  0xc39e86f7
core   0: 0x800097de (0x02802e33) mulhsu  t3, zero, s0
core   0: 3 0x800097de (0x02802e33) x28 0x00000000
core   0: 0x800097e2 (0x02b2ca33) div     s4, t0, a1
core   0: 3 0x800097e2 (0x02b2ca33) x20 0x00000000
core   0: 0x800097e6 (0x03f1ae33) mulhsu  t3, gp, t6
core   0: 3 0x800097e6 (0x03f1ae33) x28 0x00000000
core   0: 0x800097ea (0x00008ce9) c.and   s1, a0
core   0: 3 0x800097ea (0x8ce9) x9  0xc2028600
core   0: 0x800097ec (0x038d9cb3) mulh    s9, s11, s8
core   0: 3 0x800097ec (0x038d9cb3) x25 0x00000000
core   0: 0x800097f0 (0x03bff3b3) remu    t2, t6, s11
core   0: 3 0x800097f0 (0x03bff3b3) x7  0x80029d24
core   0: 0x800097f4 (0x00008cb5) c.xor   s1, a3
core   0: 3 0x800097f4 (0x8cb5) x9  0xc2028600
core   0: 0x800097f6 (0x0764cc63) blt     s1, s6, pc + 120
core   0: 3 0x800097f6 (0x0764cc63)
core   0: 0x8000986e (0x00000001) c.nop
core   0: 3 0x8000986e (0x0001)
core   0: 0x80009870 (0x009dcab3) xor     s5, s11, s1
core   0: 3 0x80009870 (0x009dcab3) x21 0xc2028600
core   0: 0x80009874 (0x03fed363) bge     t4, t6, pc + 38
core   0: 3 0x80009874 (0x03fed363)
core   0: 0x8000989a (0x037884b3) mul     s1, a7, s7
core   0: 3 0x8000989a (0x037884b3) x9  0xfffff6b4
core   0: 0x8000989e (0x769ac037) lui     zero, 0x769ac
core   0: 3 0x8000989e (0x769ac037)
core   0: 0x800098a2 (0x02b5c963) blt     a1, a1, pc + 50
core   0: 3 0x800098a2 (0x02b5c963)
core   0: 0x800098a6 (0x0219a533) mulhsu  a0, s3, ra
core   0: 3 0x800098a6 (0x0219a533) x10 0x00000000
core   0: 0x800098aa (0x00b01863) bne     zero, a1, pc + 16
core   0: 3 0x800098aa (0x00b01863)
core   0: 0x800098ba (0xe6697313) andi    t1, s2, -410
core   0: 3 0x800098ba (0xe6697313) x6  0x00000000
core   0: 0x800098be (0xa0c2ed13) ori     s10, t0, -1524
core   0: 3 0x800098be (0xa0c2ed13) x26 0xfffffa0d
core   0: 0x800098c2 (0x00c2f0b3) and     ra, t0, a2
core   0: 3 0x800098c2 (0x00c2f0b3) x1  0x00000000
core   0: 0x800098c6 (0x40f802b3) sub     t0, a6, a5
core   0: 3 0x800098c6 (0x40f802b3) x5  0x3c61750c
core   0: 0x800098ca (0x000016fd) c.addi  a3, -1
core   0: 3 0x800098ca (0x16fd) x13 0xffffffff
core   0: 0x800098cc (0x00009b7d) c.andi  a4, -1
core   0: 3 0x800098cc (0x9b7d) x14 0x00000000
core   0: 0x800098ce (0x00004acd) c.li    s5, 19
core   0: 3 0x800098ce (0x4acd) x21 0x00000013
core   0: 0x800098d0 (0x59bde513) ori     a0, s11, 1435
core   0: 3 0x800098d0 (0x59bde513) x10 0x0000059b
core   0: 0x800098d4 (0x67152697) auipc   a3, 0x67152
core   0: 3 0x800098d4 (0x67152697) x13 0xe715b8d4
core   0: 0x800098d8 (0x03ccaf33) mulhsu  t5, s9, t3
core   0: 3 0x800098d8 (0x03ccaf33) x30 0x00000000
core   0: 0x800098dc (0xfdaa0013) addi    zero, s4, -38
core   0: 3 0x800098dc (0xfdaa0013)
core   0: 0x800098e0 (0x01314a63) blt     sp, s3, pc + 20
core   0: 3 0x800098e0 (0x01314a63)
core   0: 0x800098e4 (0x026b9b33) mulh    s6, s7, t1
core   0: 3 0x800098e4 (0x026b9b33) x22 0x00000000
core   0: 0x800098e8 (0xf2757017) auipc   zero, 0xf2757
core   0: 3 0x800098e8 (0xf2757017)
core   0: 0x800098ec (0x00000001) c.nop
core   0: 3 0x800098ec (0x0001)
core   0: 0x800098ee (0x01b61363) bne     a2, s11, pc + 6
core   0: 3 0x800098ee (0x01b61363)
core   0: 0x800098f4 (0x00009422) c.add   s0, s0
core   0: 3 0x800098f4 (0x9422) x8  0x00000000
core   0: 0x800098f6 (0x00008f85) c.sub   a5, s1
core   0: 3 0x800098f6 (0x8f85) x15 0xc39e9040
core   0: 0x800098f8 (0x0074e1b3) or      gp, s1, t2
core   0: 3 0x800098f8 (0x0074e1b3) x3  0xffffffb4
core   0: 0x800098fc (0x0000657d) c.lui   a0, 0x1f
core   0: 3 0x800098fc (0x657d) x10 0x0001f000
core   0: 0x800098fe (0x00008f2d) c.xor   a4, a1
core   0: 3 0x800098fe (0x8f2d) x14 0x0000060f
core   0: 0x80009900 (0x0000e019) c.bnez  s0, pc + 6
core   0: 3 0x80009900 (0xe019)
core   0: 0x80009902 (0x41595a13) srai    s4, s2, 21
core   0: 3 0x80009902 (0x41595a13) x20 0x00000000
core   0: 0x80009906 (0x9c593713) sltiu   a4, s2, -1595
core   0: 3 0x80009906 (0x9c593713) x14 0x00000001
core   0: 0x8000990a (0x0000587d) c.li    a6, -1
core   0: 3 0x8000990a (0x587d) x16 0xffffffff
core   0: 0x8000990c (0x03c75463) bge     a4, t3, pc + 40
core   0: 3 0x8000990c (0x03c75463)
core   0: 0x80009934 (0xe11d5837) lui     a6, 0xe11d5
core   0: 3 0x80009934 (0xe11d5837) x16 0xe11d5000
core   0: 0x80009938 (0x021de9b3) rem     s3, s11, ra
core   0: 3 0x80009938 (0x021de9b3) x19 0x00000000
core   0: 0x8000993c (0x00006169) c.addi16sp sp, 208
core   0: 3 0x8000993c (0x6169) x2  0x000003ff
core   0: 0x8000993e (0x00000001) c.nop
core   0: 3 0x8000993e (0x0001)
core   0: 0x80009940 (0x9c252513) slti    a0, a0, -1598
core   0: 3 0x80009940 (0x9c252513) x10 0x00000000
core   0: 0x80009944 (0x035b8f33) mul     t5, s7, s5
core   0: 3 0x80009944 (0x035b8f33) x30 0x00000085
core   0: 0x80009948 (0x01c216b3) sll     a3, tp, t3
core   0: 3 0x80009948 (0x01c216b3) x13 0x00000001
core   0: 0x8000994c (0x00008ee9) c.and   a3, a0
core   0: 3 0x8000994c (0x8ee9) x13 0x00000000
core   0: 0x8000994e (0x000003ce) c.slli  t2, 19
core   0: 3 0x8000994e (0x03ce) x7  0xe9200000
core   0: 0x80009950 (0x0000048c) c.addi4spn a1, sp, 576
core   0: 3 0x80009950 (0x048c) x11 0x0000063f
core   0: 0x80009952 (0x0000cc8d) c.beqz  s1, pc + 58
core   0: 3 0x80009952 (0xcc8d)
core   0: 0x80009954 (0x019ccd33) xor     s10, s9, s9
core   0: 3 0x80009954 (0x019ccd33) x26 0x00000000
core   0: 0x80009958 (0x02b8e9b3) rem     s3, a7, a1
core   0: 3 0x80009958 (0x02b8e9b3) x19 0xfffffeac
core   0: 0x8000995c (0x00009bfd) c.andi  a5, -1
core   0: 3 0x8000995c (0x9bfd) x15 0xc39e9040
core   0: 0x8000995e (0x402ed713) srai    a4, t4, 2
core   0: 3 0x8000995e (0x402ed713) x14 0x00000002
core   0: 0x80009962 (0x0196a833) slt     a6, a3, s9
core   0: 3 0x80009962 (0x0196a833) x16 0x00000000
core   0: 0x80009966 (0x00253333) sltu    t1, a0, sp
core   0: 3 0x80009966 (0x00253333) x6  0x00000001
core   0: 0x8000996a (0x0000986e) c.add   a6, s11
core   0: 3 0x8000996a (0x986e) x16 0x00000000
core   0: 0x8000996c (0x02b41233) mulh    tp, s0, a1
core   0: 3 0x8000996c (0x02b41233) x4  0x00000000
core   0: 0x80009970 (0x02d89063) bne     a7, a3, pc + 32
core   0: 3 0x80009970 (0x02d89063)
core   0: 0x80009990 (0x00000e76) c.slli  t3, 29
core   0: 3 0x80009990 (0x0e76) x28 0x00000000
core   0: 0x80009992 (0x01c1dd93) srli    s11, gp, 28
core   0: 3 0x80009992 (0x01c1dd93) x27 0x0000000f
core   0: 0x80009996 (0x03e69863) bne     a3, t5, pc + 48
core   0: 3 0x80009996 (0x03e69863)
core   0: 0x800099c6 (0x6a1d8093) addi    ra, s11, 1697
core   0: 3 0x800099c6 (0x6a1d8093) x1  0x000006b0
core   0: 0x800099ca (0xbb9fcb97) auipc   s7, 0xbb9fc
core   0: 3 0x800099ca (0xbb9fcb97) x23 0x3ba059ca
core   0: 0x800099ce (0x9448fa93) andi    s5, a7, -1724
core   0: 3 0x800099ce (0x9448fa93) x21 0xfffff804
core   0: 0x800099d2 (0x01d91a93) slli    s5, s2, 29
core   0: 3 0x800099d2 (0x01d91a93) x21 0x20000000
core   0: 0x800099d6 (0x01ebbbb3) sltu    s7, s7, t5
core   0: 3 0x800099d6 (0x01ebbbb3) x23 0x00000000
core   0: 0x800099da (0x000084b5) c.srai  s1, 13
core   0: 3 0x800099da (0x84b5) x9  0xffffffff
core   0: 0x800099dc (0x02e314b3) mulh    s1, t1, a4
core   0: 3 0x800099dc (0x02e314b3) x9  0x00000000
core   0: 0x800099e0 (0x01e85413) srli    s0, a6, 30
core   0: 3 0x800099e0 (0x01e85413) x8  0x00000000
core   0: 0x800099e4 (0x00008d21) c.xor   a0, s0
core   0: 3 0x800099e4 (0x8d21) x10 0x00000000
core   0: 0x800099e6 (0x0296e733) rem     a4, a3, s1
core   0: 3 0x800099e6 (0x0296e733) x14 0x00000000
core   0: 0x800099ea (0x02455cb3) divu    s9, a0, tp
core   0: 3 0x800099ea (0x02455cb3) x25 0xffffffff
core   0: 0x800099ee (0x03aa1563) bne     s4, s10, pc + 42
core   0: 3 0x800099ee (0x03aa1563)
core   0: 0x800099f2 (0x00004d85) c.li    s11, 1
core   0: 3 0x800099f2 (0x4d85) x27 0x00000001
core   0: 0x800099f4 (0xbd89f293) andi    t0, s3, -1064
core   0: 3 0x800099f4 (0xbd89f293) x5  0xfffffa88
core   0: 0x800099f8 (0x03fadab3) divu    s5, s5, t6
core   0: 3 0x800099f8 (0x03fadab3) x21 0x00000000
core   0: 0x800099fc (0x7e68cb37) lui     s6, 0x7e68c
core   0: 3 0x800099fc (0x7e68cb37) x22 0x7e68c000
core   0: 0x80009a00 (0x01d89a33) sll     s4, a7, t4
core   0: 3 0x80009a00 (0x01d89a33) x20 0xfffeac00
core   0: 0x80009a04 (0x02ed4063) blt     s10, a4, pc + 32
core   0: 3 0x80009a04 (0x02ed4063)
core   0: 0x80009a08 (0x0000e795) c.bnez  a5, pc + 44
core   0: 3 0x80009a08 (0xe795)
core   0: 0x80009a34 (0x003097b3) sll     a5, ra, gp
core   0: 3 0x80009a34 (0x003097b3) x15 0x6b000000
core   0: 0x80009a38 (0x0183d613) srli    a2, t2, 24
core   0: 3 0x80009a38 (0x0183d613) x12 0x000000e9
core   0: 0x80009a3c (0x00008e09) c.sub   a2, a0
core   0: 3 0x80009a3c (0x8e09) x12 0x000000e9
core   0: 0x80009a3e (0x00000001) c.nop
core   0: 3 0x80009a3e (0x0001)
core   0: 0x80009a40 (0x0000856a) c.mv    a0, s10
core   0: 3 0x80009a40 (0x856a) x10 0x00000000
core   0: 0x80009a42 (0x0000c195) c.beqz  a1, pc + 36
core   0: 3 0x80009a42 (0xc195)
core   0: 0x80009a44 (0x02b34733) div     a4, t1, a1
core   0: 3 0x80009a44 (0x02b34733) x14 0x00000000
core   0: 0x80009a48 (0x00d6d863) bge     a3, a3, pc + 16
core   0: 3 0x80009a48 (0x00d6d863)
core   0: 0x80009a58 (0x00008936) c.mv    s2, a3
core   0: 3 0x80009a58 (0x8936) x18 0x00000000
core   0: 0x80009a5a (0x0145c9b3) xor     s3, a1, s4
core   0: 3 0x80009a5a (0x0145c9b3) x19 0xfffeaa3f
core   0: 0x80009a5e (0x0389d7b3) divu    a5, s3, s8
core   0: 3 0x80009a5e (0x0389d7b3) x15 0x00000001
core   0: 0x80009a62 (0x00205d33) srl     s10, zero, sp
core   0: 3 0x80009a62 (0x00205d33) x26 0x00000000
core   0: 0x80009a66 (0x00000312) c.slli  t1, 4
core   0: 3 0x80009a66 (0x0312) x6  0x00000010
core   0: 0x80009a68 (0x00008d05) c.sub   a0, s1
core   0: 3 0x80009a68 (0x8d05) x10 0x00000000
core   0: 0x80009a6a (0x00008d85) c.sub   a1, s1
core   0: 3 0x80009a6a (0x8d85) x11 0x0000063f
core   0: 0x80009a6c (0x0000c705) c.beqz  a4, pc + 40
core   0: 3 0x80009a6c (0xc705)
core   0: 0x80009a94 (0x0000e189) c.bnez  a1, pc + 2
core   0: 3 0x80009a94 (0xe189)
core   0: 0x80009a96 (0x00008769) c.srai  a4, 26
core   0: 3 0x80009a96 (0x8769) x14 0x00000000
core   0: 0x80009a98 (0x0000849d) c.srai  s1, 7
core   0: 3 0x80009a98 (0x849d) x9  0x00000000
core   0: 0x80009a9a (0x03ba52b3) divu    t0, s4, s11
core   0: 3 0x80009a9a (0x03ba52b3) x5  0xfffeac00
core   0: 0x80009a9e (0xac75fe13) andi    t3, a1, -1337
core   0: 3 0x80009a9e (0xac75fe13) x28 0x00000207
core   0: 0x80009aa2 (0x008682b3) add     t0, a3, s0
core   0: 3 0x80009aa2 (0x008682b3) x5  0x00000000
core   0: 0x80009aa6 (0x019d6d33) or      s10, s10, s9
core   0: 3 0x80009aa6 (0x019d6d33) x26 0xffffffff
core   0: 0x80009aaa (0x01e17a33) and     s4, sp, t5
core   0: 3 0x80009aaa (0x01e17a33) x20 0x00000085
core   0: 0x80009aae (0x000087d1) c.srai  a5, 20
core   0: 3 0x80009aae (0x87d1) x15 0x00000000
core   0: 0x80009ab0 (0x033fc733) div     a4, t6, s3
core   0: 3 0x80009ab0 (0x033fc733) x14 0x00005fdf
core   0: 0x80009ab4 (0x03292d33) mulhsu  s10, s2, s2
core   0: 3 0x80009ab4 (0x03292d33) x26 0x00000000
core   0: 0x80009ab8 (0x00000c98) c.addi4spn a4, sp, 592
core   0: 3 0x80009ab8 (0x0c98) x14 0x0000064f
core   0: 0x80009aba (0x00000001) c.nop
core   0: 3 0x80009aba (0x0001)
core   0: 0x80009abc (0x00001cfd) c.addi  s9, -1
core   0: 3 0x80009abc (0x1cfd) x25 0xfffffffe
core   0: 0x80009abe (0x01ba6233) or      tp, s4, s11
core   0: 3 0x80009abe (0x01ba6233) x4  0x00000085
core   0: 0x80009ac2 (0x40628033) sub     zero, t0, t1
core   0: 3 0x80009ac2 (0x40628033)
core   0: 0x80009ac6 (0x00535593) srli    a1, t1, 5
core   0: 3 0x80009ac6 (0x00535593) x11 0x00000000
core   0: 0x80009aca (0x00de1e33) sll     t3, t3, a3
core   0: 3 0x80009aca (0x00de1e33) x28 0x00000207
core   0: 0x80009ace (0x00008162) c.mv    sp, s8
core   0: 3 0x80009ace (0x8162) x2  0x80025e8c
core   0: 0x80009ad0 (0xec588993) addi    s3, a7, -315
core   0: 3 0x80009ad0 (0xec588993) x19 0xfffffd71
core   0: 0x80009ad4 (0x02fd8833) mul     a6, s11, a5
core   0: 3 0x80009ad4 (0x02fd8833) x16 0x00000000
core   0: 0x80009ad8 (0x0000615d) c.addi16sp sp, 432
core   0: 3 0x80009ad8 (0x615d) x2  0x8002603c
core   0: 0x80009ada (0x00008359) c.srli  a4, 22
core   0: 3 0x80009ada (0x8359) x14 0x00000000
core   0: 0x80009adc (0x004bf1b3) and     gp, s7, tp
core   0: 3 0x80009adc (0x004bf1b3) x3  0x00000000
core   0: 0x80009ae0 (0x00735293) srli    t0, t1, 7
core   0: 3 0x80009ae0 (0x00735293) x5  0x00000000
core   0: 0x80009ae4 (0x2da48593) addi    a1, s1, 730
core   0: 3 0x80009ae4 (0x2da48593) x11 0x000002da
core   0: 0x80009ae8 (0x014df463) bgeu    s11, s4, pc + 8
core   0: 3 0x80009ae8 (0x014df463)
core   0: 0x80009aec (0x1fe90f13) addi    t5, s2, 510
core   0: 3 0x80009aec (0x1fe90f13) x30 0x000001fe
core   0: 0x80009af0 (0x5355ab93) slti    s7, a1, 1333
core   0: 3 0x80009af0 (0x5355ab93) x23 0x00000001
core   0: 0x80009af4 (0x00004629) c.li    a2, 10
core   0: 3 0x80009af4 (0x4629) x12 0x0000000a
core   0: 0x80009af6 (0x01525033) srl     zero, tp, s5
core   0: 3 0x80009af6 (0x01525033)
core   0: 0x80009afa (0x00008c95) c.sub   s1, a3
core   0: 3 0x80009afa (0x8c95) x9  0x00000000
core   0: 0x80009afc (0x17a5b797) auipc   a5, 0x17a5b
core   0: 3 0x80009afc (0x17a5b797) x15 0x97a64afc
core   0: 0x80009b00 (0x020bdbb3) divu    s7, s7, zero
core   0: 3 0x80009b00 (0x020bdbb3) x23 0xffffffff
core   0: 0x80009b04 (0x0218af33) mulhsu  t5, a7, ra
core   0: 3 0x80009b04 (0x0218af33) x30 0xffffffff
core   0: 0x80009b08 (0x00006911) c.lui   s2, 0x4
core   0: 3 0x80009b08 (0x6911) x18 0x00004000
core   0: 0x80009b0a (0x0d07c463) blt     a5, a6, pc + 200
core   0: 3 0x80009b0a (0x0d07c463)
core   0: 0x80009bd2 (0x0233f933) remu    s2, t2, gp
core   0: 3 0x80009bd2 (0x0233f933) x18 0xe9200000
core   0: 0x80009bd6 (0x00006635) c.lui   a2, 0xd
core   0: 3 0x80009bd6 (0x6635) x12 0x0000d000
core   0: 0x80009bd8 (0x020d5963) bgez    s10, pc + 50
core   0: 3 0x80009bd8 (0x020d5963)
core   0: 0x80009c0a (0x00499413) slli    s0, s3, 4
core   0: 3 0x80009c0a (0x00499413) x8  0xffffd710
core   0: 0x80009c0e (0x00c40cb3) add     s9, s0, a2
core   0: 3 0x80009c0e (0x00c40cb3) x25 0x0000a710
core   0: 0x80009c12 (0x00008df5) c.and   a1, a3
core   0: 3 0x80009c12 (0x8df5) x11 0x00000000
core   0: 0x80009c14 (0x016562b3) or      t0, a0, s6
core   0: 3 0x80009c14 (0x016562b3) x5  0x7e68c000
core   0: 0x80009c18 (0x00008246) c.mv    tp, a7
core   0: 3 0x80009c18 (0x8246) x4  0xfffffeac
core   0: 0x80009c1a (0x00006b69) c.lui   s6, 0x1a
core   0: 3 0x80009c1a (0x6b69) x22 0x0001a000
core   0: 0x80009c1c (0x00000001) c.nop
core   0: 3 0x80009c1c (0x0001)
core   0: 0x80009c1e (0x9a54ac93) slti    s9, s1, -1627
core   0: 3 0x80009c1e (0x9a54ac93) x25 0x00000000
core   0: 0x80009c22 (0x00000001) c.nop
core   0: 3 0x80009c22 (0x0001)
core   0: 0x80009c24 (0x02852ab3) mulhsu  s5, a0, s0
core   0: 3 0x80009c24 (0x02852ab3) x21 0x00000000
core   0: 0x80009c28 (0x00000d10) c.addi4spn a2, sp, 656
core   0: 3 0x80009c28 (0x0d10) x12 0x800262cc
core   0: 0x80009c2a (0x205de593) ori     a1, s11, 517
core   0: 3 0x80009c2a (0x205de593) x11 0x00000205
core   0: 0x80009c2e (0x0180ec63) bltu    ra, s8, pc + 24
core   0: 3 0x80009c2e (0x0180ec63)
core   0: 0x80009c46 (0x2703f693) andi    a3, t2, 624
core   0: 3 0x80009c46 (0x2703f693) x13 0x00000000
core   0: 0x80009c4a (0x01a71463) bne     a4, s10, pc + 8
core   0: 3 0x80009c4a (0x01a71463)
core   0: 0x80009c4e (0x01f45a33) srl     s4, s0, t6
core   0: 3 0x80009c4e (0x01f45a33) x20 0x0ffffd71
core   0: 0x80009c52 (0x000066b1) c.lui   a3, 0xc
core   0: 3 0x80009c52 (0x66b1) x13 0x0000c000
core   0: 0x80009c54 (0x01617933) and     s2, sp, s6
core   0: 3 0x80009c54 (0x01617933) x18 0x00002000
core   0: 0x80009c58 (0x0000168c) c.addi4spn a1, sp, 864
core   0: 3 0x80009c58 (0x168c) x11 0x8002639c
core   0: 0x80009c5a (0x036cfe33) remu    t3, s9, s6
core   0: 3 0x80009c5a (0x036cfe33) x28 0x00000000
core   0: 0x80009c5e (0x02b809b3) mul     s3, a6, a1
core   0: 3 0x80009c5e (0x02b809b3) x19 0x00000000
core   0: 0x80009c62 (0x00000b2e) c.slli  s6, 11
core   0: 3 0x80009c62 (0x0b2e) x22 0x0d000000
core   0: 0x80009c64 (0x003937b3) sltu    a5, s2, gp
core   0: 3 0x80009c64 (0x003937b3) x15 0x00000000
core   0: 0x80009c68 (0x000087aa) c.mv    a5, a0
core   0: 3 0x80009c68 (0x87aa) x15 0x00000000
core   0: 0x80009c6a (0x362e3717) auipc   a4, 0x362e3
core   0: 3 0x80009c6a (0x362e3717) x14 0xb62ecc6a
core   0: 0x80009c6e (0x00008e31) c.xor   a2, a2
core   0: 3 0x80009c6e (0x8e31) x12 0x00000000
core   0: 0x80009c70 (0x03bd45b3) div     a1, s10, s11
core   0: 3 0x80009c70 (0x03bd45b3) x11 0x00000000
core   0: 0x80009c74 (0x00008fd5) c.or    a5, a3
core   0: 3 0x80009c74 (0x8fd5) x15 0x0000c000
core   0: 0x80009c76 (0x02fad963) bge     s5, a5, pc + 50
core   0: 3 0x80009c76 (0x02fad963)
core   0: 0x80009c7a (0x01da2f33) slt     t5, s4, t4
core   0: 3 0x80009c7a (0x01da2f33) x30 0x00000000
core   0: 0x80009c7e (0xba082793) slti    a5, a6, -1120
core   0: 3 0x80009c7e (0xba082793) x15 0x00000000
core   0: 0x80009c82 (0x02dec0b3) div     ra, t4, a3
core   0: 3 0x80009c82 (0x02dec0b3) x1  0x00000000
core   0: 0x80009c86 (0x00eaeb33) or      s6, s5, a4
core   0: 3 0x80009c86 (0x00eaeb33) x22 0xb62ecc6a
core   0: 0x80009c8a (0x02a6f063) bgeu    a3, a0, pc + 32
core   0: 3 0x80009c8a (0x02a6f063)
core   0: 0x80009caa (0x7cd8f393) andi    t2, a7, 1997
core   0: 3 0x80009caa (0x7cd8f393) x7  0x0000068c
core   0: 0x80009cae (0x0000c711) c.beqz  a4, pc + 12
core   0: 3 0x80009cae (0xc711)
core   0: 0x80009cb0 (0x03fd7463) bgeu    s10, t6, pc + 40
core   0: 3 0x80009cb0 (0x03fd7463)
core   0: 0x80009cb4 (0x022b91b3) mulh    gp, s7, sp
core   0: 3 0x80009cb4 (0x022b91b3) x3  0x00000000
core   0: 0x80009cb8 (0x00006515) c.lui   a0, 0x5
core   0: 3 0x80009cb8 (0x6515) x10 0x00005000
core   0: 0x80009cba (0x00000514) c.addi4spn a3, sp, 640
core   0: 3 0x80009cba (0x0514) x13 0x800262bc
core   0: 0x80009cbc (0x000082c5) c.srli  a3, 17
core   0: 3 0x80009cbc (0x82c5) x13 0x00004001
core   0: 0x80009cbe (0x000b5bb3) srl     s7, s6, zero
core   0: 3 0x80009cbe (0x000b5bb3) x23 0xb62ecc6a
core   0: 0x80009cc2 (0x02391433) mulh    s0, s2, gp
core   0: 3 0x80009cc2 (0x02391433) x8  0x00000000
core   0: 0x80009cc6 (0x01f7c2b3) xor     t0, a5, t6
core   0: 3 0x80009cc6 (0x01f7c2b3) x5  0x80029d24
core   0: 0x80009cca (0x00000bf6) c.slli  s7, 29
core   0: 3 0x80009cca (0x0bf6) x23 0x40000000
core   0: 0x80009ccc (0x00156e63) bltu    a0, ra, pc + 28
core   0: 3 0x80009ccc (0x00156e63)
core   0: 0x80009cd0 (0x6fe363b7) lui     t2, 0x6fe36
core   0: 3 0x80009cd0 (0x6fe363b7) x7  0x6fe36000
core   0: 0x80009cd4 (0x004bd133) srl     sp, s7, tp
core   0: 3 0x80009cd4 (0x004bd133) x2  0x00040000
core   0: 0x80009cd8 (0x41f8d333) sra     t1, a7, t6
core   0: 3 0x80009cd8 (0x41f8d333) x6  0xffffffea
core   0: 0x80009cdc (0x02d0de33) divu    t3, ra, a3
core   0: 3 0x80009cdc (0x02d0de33) x28 0x00000000
core   0: 0x80009ce0 (0x031fc133) div     sp, t6, a7
core   0: 3 0x80009ce0 (0x031fc133) x2  0x00605e68
core   0: 0x80009ce4 (0xd28bec93) ori     s9, s7, -728
core   0: 3 0x80009ce4 (0xd28bec93) x25 0xfffffd28
core   0: 0x80009ce8 (0x02bb0663) beq     s6, a1, pc + 44
core   0: 3 0x80009ce8 (0x02bb0663)
core   0: 0x80009cec (0x02a26633) rem     a2, tp, a0
core   0: 3 0x80009cec (0x02a26633) x12 0xfffffeac
core   0: 0x80009cf0 (0x00006b91) c.lui   s7, 0x4
core   0: 3 0x80009cf0 (0x6b91) x23 0x00004000
core   0: 0x80009cf2 (0x418e8d33) sub     s10, t4, s8
core   0: 3 0x80009cf2 (0x418e8d33) x26 0x7ffda17c
core   0: 0x80009cf6 (0x0000527d) c.li    tp, -1
core   0: 3 0x80009cf6 (0x527d) x4  0xffffffff
core   0: 0x80009cf8 (0x0000070e) c.slli  a4, 3
core   0: 3 0x80009cf8 (0x070e) x14 0xb1766350
core   0: 0x80009cfa (0x00008591) c.srai  a1, 4
core   0: 3 0x80009cfa (0x8591) x11 0x00000000
core   0: 0x80009cfc (0x026e6363) bltu    t3, t1, pc + 38
core   0: 3 0x80009cfc (0x026e6363)
core   0: 0x80009d22 (0x00006ba5) c.lui   s7, 0x9
core   0: 3 0x80009d22 (0x6ba5) x23 0x00009000
core   0: 0x80009d24 (0x03b381b3) mul     gp, t2, s11
core   0: 3 0x80009d24 (0x03b381b3) x3  0x6fe36000
core   0: 0x80009d28 (0x0000817e) c.mv    sp, t6
core   0: 3 0x80009d28 (0x817e) x2  0x80029d24
core   0: 0x80009d2a (0x012f7763) bgeu    t5, s2, pc + 14
core   0: 3 0x80009d2a (0x012f7763)
core   0: 0x80009d2e (0x40d85413) srai    s0, a6, 13
core   0: 3 0x80009d2e (0x40d85413) x8  0x00000000
core   0: 0x80009d32 (0x00001dfd) c.addi  s11, -1
core   0: 3 0x80009d32 (0x1dfd) x27 0x00000000
core   0: 0x80009d34 (0xe4c7a7b7) lui     a5, 0xe4c7a
core   0: 3 0x80009d34 (0xe4c7a7b7) x15 0xe4c7a000
core   0: 0x80009d38 (0x037ae7b3) rem     a5, s5, s7
core   0: 3 0x80009d38 (0x037ae7b3) x15 0x00000000
core   0: 0x80009d3c (0x010859b3) srl     s3, a6, a6
core   0: 3 0x80009d3c (0x010859b3) x19 0x00000000
core   0: 0x80009d40 (0x021d40b3) div     ra, s10, ra
core   0: 3 0x80009d40 (0x021d40b3) x1  0xffffffff
core   0: 0x80009d44 (0xa48cac93) slti    s9, s9, -1464
core   0: 3 0x80009d44 (0xa48cac93) x25 0x00000000
core   0: 0x80009d48 (0x01d22d33) slt     s10, tp, t4
core   0: 3 0x80009d48 (0x01d22d33) x26 0x00000001
core   0: 0x80009d4c (0x00000001) c.nop
core   0: 3 0x80009d4c (0x0001)
core   0: 0x80009d4e (0x017bad33) slt     s10, s7, s7
core   0: 3 0x80009d4e (0x017bad33) x26 0x00000000
core   0: 0x80009d52 (0x00000142) c.slli  sp, 16
core   0: 3 0x80009d52 (0x0142) x2  0x9d240000
core   0: 0x80009d54 (0x00000001) c.nop
core   0: 3 0x80009d54 (0x0001)
core   0: 0x80009d56 (0xb8cf8197) auipc   gp, 0xb8cf8
core   0: 3 0x80009d56 (0xb8cf8197) x3  0x38d01d56
core   0: 0x80009d5a (0x019e9263) bne     t4, s9, pc + 4
core   0: 3 0x80009d5a (0x019e9263)
core   0: 0x80009d5e (0x415ad233) sra     tp, s5, s5
core   0: 3 0x80009d5e (0x415ad233) x4  0x00000000
core   0: 0x80009d62 (0x02d70263) beq     a4, a3, pc + 36
core   0: 3 0x80009d62 (0x02d70263)
core   0: 0x80009d66 (0x00683933) sltu    s2, a6, t1
core   0: 3 0x80009d66 (0x00683933) x18 0x00000001
core   0: 0x80009d6a (0x0000717d) c.addi16sp sp, -16
core   0: 3 0x80009d6a (0x717d) x2  0x9d23fff0
core   0: 0x80009d6c (0x01213db3) sltu    s11, sp, s2
core   0: 3 0x80009d6c (0x01213db3) x27 0x00000000
core   0: 0x80009d70 (0x0000717d) c.addi16sp sp, -16
core   0: 3 0x80009d70 (0x717d) x2  0x9d23ffe0
core   0: 0x80009d72 (0x00341233) sll     tp, s0, gp
core   0: 3 0x80009d72 (0x00341233) x4  0x00000000
core   0: 0x80009d76 (0x09205563) bge     zero, s2, pc + 138
core   0: 3 0x80009d76 (0x09205563)
core   0: 0x80009d7a (0x0000997d) c.andi  a0, -1
core   0: 3 0x80009d7a (0x997d) x10 0x00005000
core   0: 0x80009d7c (0x0239fdb3) remu    s11, s3, gp
core   0: 3 0x80009d7c (0x0239fdb3) x27 0x00000000
core   0: 0x80009d80 (0x00008141) c.srli  a0, 16
core   0: 3 0x80009d80 (0x8141) x10 0x00000000
core   0: 0x80009d82 (0x000057fd) c.li    a5, -1
core   0: 3 0x80009d82 (0x57fd) x15 0xffffffff
core   0: 0x80009d84 (0x000016fd) c.addi  a3, -1
core   0: 3 0x80009d84 (0x16fd) x13 0x00004000
core   0: 0x80009d86 (0x0298da33) divu    s4, a7, s1
core   0: 3 0x80009d86 (0x0298da33) x20 0xffffffff
core   0: 0x80009d8a (0x01cd5033) srl     zero, s10, t3
core   0: 3 0x80009d8a (0x01cd5033)
core   0: 0x80009d8e (0x0000879d) c.srai  a5, 7
core   0: 3 0x80009d8e (0x879d) x15 0xffffffff
core   0: 0x80009d90 (0x00006e17) auipc   t3, 0x6
core   0: 3 0x80009d90 (0x00006e17) x28 0x8000fd90
core   0: 0x80009d94 (0x372e0e13) addi    t3, t3, 882
core   0: 3 0x80009d94 (0x372e0e13) x28 0x80010102
core   0: 0x80009d98 (0x00fe05a3) sb      a5, 11(t3)
core   0: 3 0x80009d98 (0x00fe05a3) mem 0x8001010d 0xff
core   0: 0x80009d9c (0x0000587d) c.li    a6, -1
core   0: 3 0x80009d9c (0x587d) x16 0xffffffff
core   0: 0x80009d9e (0xfe4e0ba3) sb      tp, -9(t3)
core   0: 3 0x80009d9e (0xfe4e0ba3) mem 0x800100f9 0x00
core   0: 0x80009da2 (0xffae2603) lw      a2, -6(t3)
core   0: 3 0x80009da2 (0xffae2603) x12 0x81a51f81 mem 0x800100fc
core   0: 0x80009da6 (0x000e4983) lbu     s3, 0(t3)
core   0: 3 0x80009da6 (0x000e4983) x19 0x00000065 mem 0x80010102
core   0: 0x80009daa (0x002e5303) lhu     t1, 2(t3)
core   0: 3 0x80009daa (0x002e5303) x6  0x0000360c mem 0x80010104
core   0: 0x80009dae (0x002e1803) lh      a6, 2(t3)
core   0: 3 0x80009dae (0x002e1803) x16 0x0000360c mem 0x80010104
core   0: 0x80009db2 (0x006e2a03) lw      s4, 6(t3)
core   0: 3 0x80009db2 (0x006e2a03) x20 0xb425f3eb mem 0x80010108
core   0: 0x80009db6 (0x006e1a83) lh      s5, 6(t3)
core   0: 3 0x80009db6 (0x006e1a83) x21 0xfffff3eb mem 0x80010108
core   0: 0x80009dba (0x00fe1323) sh      a5, 6(t3)
core   0: 3 0x80009dba (0x00fe1323) mem 0x80010108 0xffff
core   0: 0x80009dbe (0xff2e0d83) lb      s11, -14(t3)
core   0: 3 0x80009dbe (0xff2e0d83) x27 0x0000003f mem 0x800100f4
core   0: 0x80009dc2 (0x02096bb3) rem     s7, s2, zero
core   0: 3 0x80009dc2 (0x02096bb3) x23 0x00000001
core   0: 0x80009dc6 (0x4010d813) srai    a6, ra, 1
core   0: 3 0x80009dc6 (0x4010d813) x16 0xffffffff
core   0: 0x80009dca (0xff2e5183) lhu     gp, -14(t3)
core   0: 3 0x80009dca (0xff2e5183) x3  0x0000533f mem 0x800100f4
core   0: 0x80009dce (0x00006519) c.lui   a0, 0x6
core   0: 3 0x80009dce (0x6519) x10 0x00006000
core   0: 0x80009dd0 (0xff9e1923) sh      s9, -14(t3)
core   0: 3 0x80009dd0 (0xff9e1923) mem 0x800100f4 0x0000
core   0: 0x80009dd4 (0x00008d91) c.sub   a1, a2
core   0: 3 0x80009dd4 (0x8d91) x11 0x7e5ae07f
core   0: 0x80009dd6 (0xff3e4903) lbu     s2, -13(t3)
core   0: 3 0x80009dd6 (0xff3e4903) x18 0x00000000 mem 0x800100f5
core   0: 0x80009dda (0x01d239b3) sltu    s3, tp, t4
core   0: 3 0x80009dda (0x01d239b3) x19 0x00000001
core   0: 0x80009dde (0xfede09a3) sb      a3, -13(t3)
core   0: 3 0x80009dde (0xfede09a3) mem 0x800100f5 0x00
core   0: 0x80009de2 (0xff3e4c83) lbu     s9, -13(t3)
core   0: 3 0x80009de2 (0xff3e4c83) x25 0x00000000 mem 0x800100f5
core   0: 0x80009de6 (0xff3e0483) lb      s1, -13(t3)
core   0: 3 0x80009de6 (0xff3e0483) x9  0x00000000 mem 0x800100f5
core   0: 0x80009dea (0xfe7e09a3) sb      t2, -13(t3)
core   0: 3 0x80009dea (0xfe7e09a3) mem 0x800100f5 0x00
core   0: 0x80009dee (0x001e0383) lb      t2, 1(t3)
core   0: 3 0x80009dee (0x001e0383) x7  0xffffffa7 mem 0x80010103
core   0: 0x80009df2 (0x00008d75) c.and   a0, a3
core   0: 3 0x80009df2 (0x8d75) x10 0x00004000
core   0: 0x80009df4 (0x001e0583) lb      a1, 1(t3)
core   0: 3 0x80009df4 (0x001e0583) x11 0xffffffa7 mem 0x80010103
core   0: 0x80009df8 (0x00ee1403) lh      s0, 14(t3)
core   0: 3 0x80009df8 (0x00ee1403) x8  0xffff98c4 mem 0x80010110
core   0: 0x80009dfc (0xaed93993) sltiu   s3, s2, -1299
core   0: 3 0x80009dfc (0xaed93993) x19 0x00000001
core   0: 0x80009e00 (0x038f30b3) mulhu   ra, t5, s8
core   0: 3 0x80009e00 (0x038f30b3) x1  0x00000000
core   0: 0x80009e04 (0x01aca433) slt     s0, s9, s10
core   0: 3 0x80009e04 (0x01aca433) x8  0x00000000
core   0: 0x80009e08 (0x02d22a93) slti    s5, tp, 45
core   0: 3 0x80009e08 (0x02d22a93) x21 0x00000001
core   0: 0x80009e0c (0x8db87393) andi    t2, a6, -1829
core   0: 3 0x80009e0c (0x8db87393) x7  0xfffff8db
core   0: 0x80009e10 (0x4127da93) srai    s5, a5, 18
core   0: 3 0x80009e10 (0x4127da93) x21 0xffffffff
core   0: 0x80009e14 (0x25167413) andi    s0, a2, 593
core   0: 3 0x80009e14 (0x25167413) x8  0x00000201
core   0: 0x80009e18 (0x00006155) c.addi16sp sp, 304
core   0: 3 0x80009e18 (0x6155) x2  0x9d240110
core   0: 0x80009e1a (0x01f49c93) slli    s9, s1, 31
core   0: 3 0x80009e1a (0x01f49c93) x25 0x00000000
core   0: 0x80009e1e (0x01669db3) sll     s11, a3, s6
core   0: 3 0x80009e1e (0x01669db3) x27 0x01000000
core   0: 0x80009e22 (0x00008cf5) c.and   s1, a3
core   0: 3 0x80009e22 (0x8cf5) x9  0x00000000
core   0: 0x80009e24 (0x006c9433) sll     s0, s9, t1
core   0: 3 0x80009e24 (0x006c9433) x8  0x00000000
core   0: 0x80009e28 (0x0000e891) c.bnez  s1, pc + 20
core   0: 3 0x80009e28 (0xe891)
core   0: 0x80009e2a (0x0118ae33) slt     t3, a7, a7
core   0: 3 0x80009e2a (0x0118ae33) x28 0x00000000
core   0: 0x80009e2e (0x4b9abe13) sltiu   t3, s5, 1209
core   0: 3 0x80009e2e (0x4b9abe13) x28 0x00000000
core   0: 0x80009e32 (0x0000693d) c.lui   s2, 0xf
core   0: 3 0x80009e32 (0x693d) x18 0x0000f000
core   0: 0x80009e34 (0x4007d1b3) sra     gp, a5, zero
core   0: 3 0x80009e34 (0x4007d1b3) x3  0xffffffff
core   0: 0x80009e38 (0x0000cc01) c.beqz  s0, pc + 24
core   0: 3 0x80009e38 (0xcc01)
core   0: 0x80009e50 (0x02fb95b3) mulh    a1, s7, a5
core   0: 3 0x80009e50 (0x02fb95b3) x11 0xffffffff
core   0: 0x80009e54 (0x7ca9bb13) sltiu   s6, s3, 1994
core   0: 3 0x80009e54 (0x7ca9bb13) x22 0x00000001
core   0: 0x80009e58 (0x0000846d) c.srai  s0, 27
core   0: 3 0x80009e58 (0x846d) x8  0x00000000
core   0: 0x80009e5a (0x8f2f8113) addi    sp, t6, -1806
core   0: 3 0x80009e5a (0x8f2f8113) x2  0x80029616
core   0: 0x80009e5e (0x018b7cb3) and     s9, s6, s8
core   0: 3 0x80009e5e (0x018b7cb3) x25 0x00000000
core   0: 0x80009e62 (0x034ad533) divu    a0, s5, s4
core   0: 3 0x80009e62 (0x034ad533) x10 0x00000001
core   0: 0x80009e66 (0x00000b00) c.addi4spn s0, sp, 400
core   0: 3 0x80009e66 (0x0b00) x8  0x800297a6
core   0: 0x80009e68 (0x00008c89) c.sub   s1, a0
core   0: 3 0x80009e68 (0x8c89) x9  0xffffffff
core   0: 0x80009e6a (0x03dcf6b3) remu    a3, s9, t4
core   0: 3 0x80009e6a (0x03dcf6b3) x13 0x00000000
core   0: 0x80009e6e (0x41ad5333) sra     t1, s10, s10
core   0: 3 0x80009e6e (0x41ad5333) x6  0x00000000
core   0: 0x80009e72 (0x2ca74113) xori    sp, a4, 714
core   0: 3 0x80009e72 (0x2ca74113) x2  0xb176619a
core   0: 0x80009e76 (0x0024edb3) or      s11, s1, sp
core   0: 3 0x80009e76 (0x0024edb3) x27 0xffffffff
core   0: 0x80009e7a (0x032b1433) mulh    s0, s6, s2
core   0: 3 0x80009e7a (0x032b1433) x8  0x00000000
core   0: 0x80009e7e (0x022a4933) div     s2, s4, sp
core   0: 3 0x80009e7e (0x022a4933) x18 0x00000000
core   0: 0x80009e82 (0x01765893) srli    a7, a2, 23
core   0: 3 0x80009e82 (0x01765893) x17 0x00000103
core   0: 0x80009e86 (0xad9fe0ef) jal     pc - 0x1528
core   0: 3 0x80009e86 (0xad9fe0ef) x1  0x80009e8a
core   0: 0x8000895e (0x0348ea33) rem     s4, a7, s4
core   0: 3 0x8000895e (0x0348ea33) x20 0x00000103
core   0: 0x80008962 (0x07e16113) ori     sp, sp, 126
core   0: 3 0x80008962 (0x07e16113) x2  0xb17661fe
core   0: 0x80008966 (0x0224cab3) div     s5, s1, sp
core   0: 3 0x80008966 (0x0224cab3) x21 0x00000000
core   0: 0x8000896a (0xfccc0c13) addi    s8, s8, -52
core   0: 3 0x8000896a (0xfccc0c13) x24 0x80025e58
core   0: 0x8000896e (0x001c2223) sw      ra, 4(s8)
core   0: 3 0x8000896e (0x001c2223) mem 0x80025e5c 0x80009e8a
core   0: 0x80008972 (0x01fe01b3) add     gp, t3, t6
core   0: 3 0x80008972 (0x01fe01b3) x3  0x80029d24
core   0: 0x80008976 (0x037815b3) mulh    a1, a6, s7
core   0: 3 0x80008976 (0x037815b3) x11 0xffffffff
core   0: 0x8000897a (0x01f57b63) bgeu    a0, t6, pc + 22
core   0: 3 0x8000897a (0x01f57b63)
core   0: 0x8000897e (0x8841c113) xori    sp, gp, -1916
core   0: 3 0x8000897e (0x8841c113) x2  0x7ffd65a0
core   0: 0x80008982 (0xf1096193) ori     gp, s2, -240
core   0: 3 0x80008982 (0xf1096193) x3  0xffffff10
core   0: 0x80008986 (0x00008f65) c.and   a4, s1
core   0: 3 0x80008986 (0x8f65) x14 0xb1766350
core   0: 0x80008988 (0x02a79d33) mulh    s10, a5, a0
core   0: 3 0x80008988 (0x02a79d33) x26 0xffffffff
core   0: 0x8000898c (0x00dfd933) srl     s2, t6, a3
core   0: 3 0x8000898c (0x00dfd933) x18 0x80029d24
core   0: 0x80008990 (0xdf6ff0ef) jal     pc - 0xa0a
core   0: 3 0x80008990 (0xdf6ff0ef) x1  0x80008994
core   0: 0x80007f86 (0x000099fd) c.andi  a1, -1
core   0: 3 0x80007f86 (0x99fd) x11 0xffffffff
core   0: 0x80007f88 (0x004e0763) beq     t3, tp, pc + 14
core   0: 3 0x80007f88 (0x004e0763)
core   0: 0x80007f96 (0x00001c01) c.addi  s8, -32
core   0: 3 0x80007f96 (0x1c01) x24 0x80025e38
core   0: 0x80007f98 (0x0075bb33) sltu    s6, a1, t2
core   0: 3 0x80007f98 (0x0075bb33) x22 0x00000000
core   0: 0x80007f9c (0x00009a7d) c.andi  a2, -1
core   0: 3 0x80007f9c (0x9a7d) x12 0x81a51f81
core   0: 0x80007f9e (0x00009afe) c.add   s5, t6
core   0: 3 0x80007f9e (0x9afe) x21 0x80029d24
core   0: 0x80007fa0 (0x00df1e13) slli    t3, t5, 13
core   0: 3 0x80007fa0 (0x00df1e13) x28 0x00000000
core   0: 0x80007fa4 (0x001c2223) sw      ra, 4(s8)
core   0: 3 0x80007fa4 (0x001c2223) mem 0x80025e3c 0x80008994
core   0: 0x80007fa8 (0xe4574313) xori    t1, a4, -443
core   0: 3 0x80007fa8 (0xe4574313) x6  0x4e899d15
core   0: 0x80007fac (0x036c2633) mulhsu  a2, s8, s6
core   0: 3 0x80007fac (0x036c2633) x12 0x00000000
core   0: 0x80007fb0 (0x00008117) auipc   sp, 0x8
core   0: 3 0x80007fb0 (0x00008117) x2  0x8000ffb0
core   0: 0x80007fb4 (0x4d810113) addi    sp, sp, 1240
core   0: 3 0x80007fb4 (0x4d810113) x2  0x80010488
core   0: 0x80007fb8 (0xfe811e03) lh      t3, -24(sp)
core   0: 3 0x80007fb8 (0xfe811e03) x28 0x000060d2 mem 0x80010470
core   0: 0x80007fbc (0xfe814c83) lbu     s9, -24(sp)
core   0: 3 0x80007fbc (0xfe814c83) x25 0x000000d2 mem 0x80010470
core   0: 0x80007fc0 (0x00008cae) c.mv    s9, a1
core   0: 3 0x80007fc0 (0x8cae) x25 0xffffffff
core   0: 0x80007fc2 (0xffd11423) sh      t4, -24(sp)
core   0: 3 0x80007fc2 (0xffd11423) mem 0x80010470 0x0008
core   0: 0x80007fc6 (0x00008285) c.srli  a3, 1
core   0: 3 0x80007fc6 (0x8285) x13 0x00000000
core   0: 0x80007fc8 (0xfe811003) lh      zero, -24(sp)
core   0: 3 0x80007fc8 (0xfe811003) mem 0x80010470
core   0: 0x80007fcc (0xfe312423) sw      gp, -24(sp)
core   0: 3 0x80007fcc (0xfe312423) mem 0x80010470 0xffffff10
core   0: 0x80007fd0 (0x00000001) c.nop
core   0: 3 0x80007fd0 (0x0001)
core   0: 0x80007fd2 (0xfe814e03) lbu     t3, -24(sp)
core   0: 3 0x80007fd2 (0xfe814e03) x28 0x00000010 mem 0x80010470
core   0: 0x80007fd6 (0xffc12423) sw      t3, -24(sp)
core   0: 3 0x80007fd6 (0xffc12423) mem 0x80010470 0x00000010
core   0: 0x80007fda (0xfe814283) lbu     t0, -24(sp)
core   0: 3 0x80007fda (0xfe814283) x5  0x00000010 mem 0x80010470
core   0: 0x80007fde (0xfe815d03) lhu     s10, -24(sp)
core   0: 3 0x80007fde (0xfe815d03) x26 0x00000010 mem 0x80010470
core   0: 0x80007fe2 (0xfe311423) sh      gp, -24(sp)
core   0: 3 0x80007fe2 (0xfe311423) mem 0x80010470 0xff10
core   0: 0x80007fe6 (0xff312423) sw      s3, -24(sp)
core   0: 3 0x80007fe6 (0xff312423) mem 0x80010470 0x00000001
core   0: 0x80007fea (0xfe810683) lb      a3, -24(sp)
core   0: 3 0x80007fea (0xfe810683) x13 0x00000001 mem 0x80010470
core   0: 0x80007fee (0xfe511423) sh      t0, -24(sp)
core   0: 3 0x80007fee (0xfe511423) mem 0x80010470 0x0010
core   0: 0x80007ff2 (0xff710423) sb      s7, -24(sp)
core   0: 3 0x80007ff2 (0xff710423) mem 0x80010470 0x01
core   0: 0x80007ff6 (0xfe712423) sw      t2, -24(sp)
core   0: 3 0x80007ff6 (0xfe712423) mem 0x80010470 0xfffff8db
core   0: 0x80007ffa (0x0000d497) auipc   s1, 0xd
core   0: 3 0x80007ffa (0x0000d497) x9  0x80014ffa
core   0: 0x80007ffe (0xe0b48493) addi    s1, s1, -501
core   0: 3 0x80007ffe (0xe0b48493) x9  0x80014e05
core   0: 0x80008002 (0xffc4cb83) lbu     s7, -4(s1)
core   0: 3 0x80008002 (0xffc4cb83) x23 0x0000006b mem 0x80014e01
core   0: 0x80008006 (0x0000190c) c.addi4spn a1, sp, 176
core   0: 3 0x80008006 (0x190c) x11 0x80010538
core   0: 0x80008008 (0x01b20033) add     zero, tp, s11
core   0: 3 0x80008008 (0x01b20033)
core   0: 0x8000800c (0x00648203) lb      tp, 6(s1)
core   0: 3 0x8000800c (0x00648203) x4  0xffffffb5 mem 0x80014e0b
core   0: 0x80008010 (0xff448983) lb      s3, -12(s1)
core   0: 3 0x80008010 (0xff448983) x19 0x0000000b mem 0x80014df9
core   0: 0x80008014 (0x00248a83) lb      s5, 2(s1)
core   0: 3 0x80008014 (0x00248a83) x21 0xffffffbc mem 0x80014e07
core   0: 0x80008018 (0xff549303) lh      t1, -11(s1)
core   0: 3 0x80008018 (0xff549303) x6  0x0000688e mem 0x80014dfa
core   0: 0x8000801c (0x01a48623) sb      s10, 12(s1)
core   0: 3 0x8000801c (0x01a48623) mem 0x80014e11 0x10
core   0: 0x80008020 (0x00448283) lb      t0, 4(s1)
core   0: 3 0x80008020 (0x00448283) x5  0xffffff80 mem 0x80014e09
core   0: 0x80008024 (0xff148d83) lb      s11, -15(s1)
core   0: 3 0x80008024 (0xff148d83) x27 0xffffffbb mem 0x80014df6
core   0: 0x80008028 (0x007482a3) sb      t2, 5(s1)
core   0: 3 0x80008028 (0x007482a3) mem 0x80014e0a 0xdb
core   0: 0x8000802c (0x0183d813) srli    a6, t2, 24
core   0: 3 0x8000802c (0x0183d813) x16 0x000000ff
core   0: 0x80008030 (0x3a29e937) lui     s2, 0x3a29e
core   0: 3 0x80008030 (0x3a29e937) x18 0x3a29e000
core   0: 0x80008034 (0x00000f5e) c.slli  t5, 23
core   0: 3 0x80008034 (0x0f5e) x30 0x00000000
core   0: 0x80008036 (0x03b602b3) mul     t0, a2, s11
core   0: 3 0x80008036 (0x03b602b3) x5  0x00000000
core   0: 0x8000803a (0x035a9cb3) mulh    s9, s5, s5
core   0: 3 0x8000803a (0x035a9cb3) x25 0x00000000
core   0: 0x8000803e (0xffc48383) lb      t2, -4(s1)
core   0: 3 0x8000803e (0xffc48383) x7  0x0000006b mem 0x80014e01
core   0: 0x80008042 (0x0004c083) lbu     ra, 0(s1)
core   0: 3 0x80008042 (0x0004c083) x1  0x00000085 mem 0x80014e05
core   0: 0x80008046 (0x01f492a3) sh      t6, 5(s1)
core   0: 3 0x80008046 (0x01f492a3) mem 0x80014e0a 0x9d24
core   0: 0x8000804a (0x0034ca83) lbu     s5, 3(s1)
core   0: 3 0x8000804a (0x0034ca83) x21 0x00000036 mem 0x80014e08
core   0: 0x8000804e (0x00c485a3) sb      a2, 11(s1)
core   0: 3 0x8000804e (0x00c485a3) mem 0x80014e10 0x00
core   0: 0x80008052 (0x039985b3) mul     a1, s3, s9
core   0: 3 0x80008052 (0x039985b3) x11 0x00000000
core   0: 0x80008056 (0x00008dad) c.xor   a1, a1
core   0: 3 0x80008056 (0x8dad) x11 0x00000000
core   0: 0x80008058 (0xffc48383) lb      t2, -4(s1)
core   0: 3 0x80008058 (0xffc48383) x7  0x0000006b mem 0x80014e01
core   0: 0x8000805c (0x00000001) c.nop
core   0: 3 0x8000805c (0x0001)
core   0: 0x8000805e (0x0156ca33) xor     s4, a3, s5
core   0: 3 0x8000805e (0x0156ca33) x20 0x00000037
core   0: 0x80008062 (0xff348083) lb      ra, -13(s1)
core   0: 3 0x80008062 (0xff348083) x1  0x0000000b mem 0x80014df8
core   0: 0x80008066 (0xff948e23) sb      s9, -4(s1)
core   0: 3 0x80008066 (0xff948e23) mem 0x80014e01 0x00
core   0: 0x8000806a (0xff848683) lb      a3, -8(s1)
core   0: 3 0x8000806a (0xff848683) x13 0xffffffae mem 0x80014dfd
core   0: 0x8000806e (0x00e4c503) lbu     a0, 14(s1)
core   0: 3 0x8000806e (0x00e4c503) x10 0x0000005b mem 0x80014e13
core   0: 0x80008072 (0x01251db3) sll     s11, a0, s2
core   0: 3 0x80008072 (0x01251db3) x27 0x0000005b
core   0: 0x80008076 (0xff348603) lb      a2, -13(s1)
core   0: 3 0x80008076 (0xff348603) x12 0x0000000b mem 0x80014df8
core   0: 0x8000807a (0x01048183) lb      gp, 16(s1)
core   0: 3 0x8000807a (0x01048183) x3  0x00000049 mem 0x80014e15
core   0: 0x8000807e (0x00648803) lb      a6, 6(s1)
core   0: 3 0x8000807e (0x00648803) x16 0xffffff9d mem 0x80014e0b
core   0: 0x80008082 (0xff64c403) lbu     s0, -10(s1)
core   0: 3 0x80008082 (0xff64c403) x8  0x00000068 mem 0x80014dfb
core   0: 0x80008086 (0x000082f9) c.srli  a3, 30
core   0: 3 0x80008086 (0x82f9) x13 0x00000003
core   0: 0x80008088 (0x00548083) lb      ra, 5(s1)
core   0: 3 0x80008088 (0x00548083) x1  0x00000024 mem 0x80014e0a
core   0: 0x8000808c (0x008000ef) jal     pc + 0x8
core   0: 3 0x8000808c (0x008000ef) x1  0x80008090
core   0: 0x80008094 (0x0000a811) c.j     pc + 20
core   0: 3 0x80008094 (0xa811)
core   0: 0x800080a8 (0x006000ef) jal     pc + 0x6
core   0: 3 0x800080a8 (0x006000ef) x1  0x800080ac
core   0: 0x800080ae (0xff1ff0ef) jal     pc - 0x10
core   0: 3 0x800080ae (0xff1ff0ef) x1  0x800080b2
core   0: 0x8000809e (0x0000bfe5) c.j     pc - 8
core   0: 3 0x8000809e (0xbfe5)
core   0: 0x80008096 (0xffbff0ef) jal     pc - 0x6
core   0: 3 0x80008096 (0xffbff0ef) x1  0x8000809a
core   0: 0x80008090 (0x0280036f) jal     t1, pc + 0x28
core   0: 3 0x80008090 (0x0280036f) x6  0x80008094
core   0: 0x800080b8 (0x008000ef) jal     pc + 0x8
core   0: 3 0x800080b8 (0x008000ef) x1  0x800080bc
core   0: 0x800080c0 (0xff5ff36f) jal     t1, pc - 0xc
core   0: 3 0x800080c0 (0xff5ff36f) x6  0x800080c4
core   0: 0x800080b4 (0x00a0016f) jal     sp, pc + 0xa
core   0: 3 0x800080b4 (0x00a0016f) x2  0x800080b8
core   0: 0x800080be (0x00003ff1) c.jal   pc - 36
core   0: 3 0x800080be (0x3ff1) x1  0x800080c0
core   0: 0x8000809a (0x0000a821) c.j     pc + 24
core   0: 3 0x8000809a (0xa821)
core   0: 0x800080b2 (0x000037ed) c.jal   pc - 22
core   0: 3 0x800080b2 (0x37ed) x1  0x800080b4
core   0: 0x8000809c (0x00002005) c.jal   pc + 32
core   0: 3 0x8000809c (0x2005) x1  0x8000809e
core   0: 0x800080bc (0x000037e5) c.jal   pc - 24
core   0: 3 0x800080bc (0x37e5) x1  0x800080be
core   0: 0x800080a4 (0xffdff0ef) jal     pc - 0x4
core   0: 3 0x800080a4 (0xffdff0ef) x1  0x800080a8
core   0: 0x800080a0 (0x00c000ef) jal     pc + 0xc
core   0: 3 0x800080a0 (0x00c000ef) x1  0x800080a4
core   0: 0x800080ac (0x00002821) c.jal   pc + 24
core   0: 3 0x800080ac (0x2821) x1  0x800080ae
core   0: 0x800080c4 (0x5f52f597) auipc   a1, 0x5f52f
core   0: 3 0x800080c4 (0x5f52f597) x11 0xdf5370c4
core   0: 0x800080c8 (0x00004ca9) c.li    s9, 10
core   0: 3 0x800080c8 (0x4ca9) x25 0x0000000a
core   0: 0x800080ca (0x000047d1) c.li    a5, 20
core   0: 3 0x800080ca (0x47d1) x15 0x00000014
core   0: 0x800080cc (0x03d05f33) divu    t5, zero, t4
core   0: 3 0x800080cc (0x03d05f33) x30 0x00000000
core   0: 0x800080d0 (0x00000c89) c.addi  s9, 2
core   0: 3 0x800080d0 (0x0c89) x25 0x0000000c
core   0: 0x800080d2 (0x00004609) c.li    a2, 2
core   0: 3 0x800080d2 (0x4609) x12 0x00000002
core   0: 0x800080d4 (0x00004829) c.li    a6, 10
core   0: 3 0x800080d4 (0x4829) x16 0x0000000a
core   0: 0x800080d6 (0x00008f29) c.xor   a4, a0
core   0: 3 0x800080d6 (0x8f29) x14 0xb176630b
core   0: 0x800080d8 (0x00000619) c.addi  a2, 6
core   0: 3 0x800080d8 (0x0619) x12 0x00000008
core   0: 0x800080da (0xff064ee3) blt     a2, a6, pc - 4
core   0: 3 0x800080da (0xff064ee3)
core   0: 0x800080d6 (0x00008f29) c.xor   a4, a0
core   0: 3 0x800080d6 (0x8f29) x14 0xb1766350
core   0: 0x800080d8 (0x00000619) c.addi  a2, 6
core   0: 3 0x800080d8 (0x0619) x12 0x0000000e
core   0: 0x800080da (0xff064ee3) blt     a2, a6, pc - 4
core   0: 3 0x800080da (0xff064ee3)
core   0: 0x800080de (0xfefc97e3) bne     s9, a5, pc - 18
core   0: 3 0x800080de (0xfefc97e3)
core   0: 0x800080cc (0x03d05f33) divu    t5, zero, t4
core   0: 3 0x800080cc (0x03d05f33) x30 0x00000000
core   0: 0x800080d0 (0x00000c89) c.addi  s9, 2
core   0: 3 0x800080d0 (0x0c89) x25 0x0000000e
core   0: 0x800080d2 (0x00004609) c.li    a2, 2
core   0: 3 0x800080d2 (0x4609) x12 0x00000002
core   0: 0x800080d4 (0x00004829) c.li    a6, 10
core   0: 3 0x800080d4 (0x4829) x16 0x0000000a
core   0: 0x800080d6 (0x00008f29) c.xor   a4, a0
core   0: 3 0x800080d6 (0x8f29) x14 0xb176630b
core   0: 0x800080d8 (0x00000619) c.addi  a2, 6
core   0: 3 0x800080d8 (0x0619) x12 0x00000008
core   0: 0x800080da (0xff064ee3) blt     a2, a6, pc - 4
core   0: 3 0x800080da (0xff064ee3)
core   0: 0x800080d6 (0x00008f29) c.xor   a4, a0
core   0: 3 0x800080d6 (0x8f29) x14 0xb1766350
core   0: 0x800080d8 (0x00000619) c.addi  a2, 6
core   0: 3 0x800080d8 (0x0619) x12 0x0000000e
core   0: 0x800080da (0xff064ee3) blt     a2, a6, pc - 4
core   0: 3 0x800080da (0xff064ee3)
core   0: 0x800080de (0xfefc97e3) bne     s9, a5, pc - 18
core   0: 3 0x800080de (0xfefc97e3)
core   0: 0x800080cc (0x03d05f33) divu    t5, zero, t4
core   0: 3 0x800080cc (0x03d05f33) x30 0x00000000
core   0: 0x800080d0 (0x00000c89) c.addi  s9, 2
core   0: 3 0x800080d0 (0x0c89) x25 0x00000010
core   0: 0x800080d2 (0x00004609) c.li    a2, 2
core   0: 3 0x800080d2 (0x4609) x12 0x00000002
core   0: 0x800080d4 (0x00004829) c.li    a6, 10
core   0: 3 0x800080d4 (0x4829) x16 0x0000000a
core   0: 0x800080d6 (0x00008f29) c.xor   a4, a0
core   0: 3 0x800080d6 (0x8f29) x14 0xb176630b
core   0: 0x800080d8 (0x00000619) c.addi  a2, 6
core   0: 3 0x800080d8 (0x0619) x12 0x00000008
core   0: 0x800080da (0xff064ee3) blt     a2, a6, pc - 4
core   0: 3 0x800080da (0xff064ee3)
core   0: 0x800080d6 (0x00008f29) c.xor   a4, a0
core   0: 3 0x800080d6 (0x8f29) x14 0xb1766350
core   0: 0x800080d8 (0x00000619) c.addi  a2, 6
core   0: 3 0x800080d8 (0x0619) x12 0x0000000e
core   0: 0x800080da (0xff064ee3) blt     a2, a6, pc - 4
core   0: 3 0x800080da (0xff064ee3)
core   0: 0x800080de (0xfefc97e3) bne     s9, a5, pc - 18
core   0: 3 0x800080de (0xfefc97e3)
core   0: 0x800080cc (0x03d05f33) divu    t5, zero, t4
core   0: 3 0x800080cc (0x03d05f33) x30 0x00000000
core   0: 0x800080d0 (0x00000c89) c.addi  s9, 2
core   0: 3 0x800080d0 (0x0c89) x25 0x00000012
core   0: 0x800080d2 (0x00004609) c.li    a2, 2
core   0: 3 0x800080d2 (0x4609) x12 0x00000002
core   0: 0x800080d4 (0x00004829) c.li    a6, 10
core   0: 3 0x800080d4 (0x4829) x16 0x0000000a
core   0: 0x800080d6 (0x00008f29) c.xor   a4, a0
core   0: 3 0x800080d6 (0x8f29) x14 0xb176630b
core   0: 0x800080d8 (0x00000619) c.addi  a2, 6
core   0: 3 0x800080d8 (0x0619) x12 0x00000008
core   0: 0x800080da (0xff064ee3) blt     a2, a6, pc - 4
core   0: 3 0x800080da (0xff064ee3)
core   0: 0x800080d6 (0x00008f29) c.xor   a4, a0
core   0: 3 0x800080d6 (0x8f29) x14 0xb1766350
core   0: 0x800080d8 (0x00000619) c.addi  a2, 6
core   0: 3 0x800080d8 (0x0619) x12 0x0000000e
core   0: 0x800080da (0xff064ee3) blt     a2, a6, pc - 4
core   0: 3 0x800080da (0xff064ee3)
core   0: 0x800080de (0xfefc97e3) bne     s9, a5, pc - 18
core   0: 3 0x800080de (0xfefc97e3)
core   0: 0x800080cc (0x03d05f33) divu    t5, zero, t4
core   0: 3 0x800080cc (0x03d05f33) x30 0x00000000
core   0: 0x800080d0 (0x00000c89) c.addi  s9, 2
core   0: 3 0x800080d0 (0x0c89) x25 0x00000014
core   0: 0x800080d2 (0x00004609) c.li    a2, 2
core   0: 3 0x800080d2 (0x4609) x12 0x00000002
core   0: 0x800080d4 (0x00004829) c.li    a6, 10
core   0: 3 0x800080d4 (0x4829) x16 0x0000000a
core   0: 0x800080d6 (0x00008f29) c.xor   a4, a0
core   0: 3 0x800080d6 (0x8f29) x14 0xb176630b
core   0: 0x800080d8 (0x00000619) c.addi  a2, 6
core   0: 3 0x800080d8 (0x0619) x12 0x00000008
core   0: 0x800080da (0xff064ee3) blt     a2, a6, pc - 4
core   0: 3 0x800080da (0xff064ee3)
core   0: 0x800080d6 (0x00008f29) c.xor   a4, a0
core   0: 3 0x800080d6 (0x8f29) x14 0xb1766350
core   0: 0x800080d8 (0x00000619) c.addi  a2, 6
core   0: 3 0x800080d8 (0x0619) x12 0x0000000e
core   0: 0x800080da (0xff064ee3) blt     a2, a6, pc - 4
core   0: 3 0x800080da (0xff064ee3)
core   0: 0x800080de (0xfefc97e3) bne     s9, a5, pc - 18
core   0: 3 0x800080de (0xfefc97e3)
core   0: 0x800080e2 (0x03d4adb3) mulhsu  s11, s1, t4
core   0: 3 0x800080e2 (0x03d4adb3) x27 0xfffffffc
core   0: 0x800080e6 (0x40650733) sub     a4, a0, t1
core   0: 3 0x800080e6 (0x40650733) x14 0x7fff7f97
core   0: 0x800080ea (0x0000c009) c.beqz  s0, pc + 2
core   0: 3 0x800080ea (0xc009)
core   0: 0x800080ec (0x018d5e63) bge     s10, s8, pc + 28
core   0: 3 0x800080ec (0x018d5e63)
core   0: 0x80008108 (0x405e83b3) sub     t2, t4, t0
core   0: 3 0x80008108 (0x405e83b3) x7  0x00000008
core   0: 0x8000810c (0x03678f33) mul     t5, a5, s6
core   0: 3 0x8000810c (0x03678f33) x30 0x00000000
core   0: 0x80008110 (0x029f7d63) bgeu    t5, s1, pc + 58
core   0: 3 0x80008110 (0x029f7d63)
core   0: 0x80008114 (0x51b54d93) xori    s11, a0, 1307
core   0: 3 0x80008114 (0x51b54d93) x27 0x00000540
core   0: 0x80008118 (0x00006311) c.lui   t1, 0x4
core   0: 3 0x80008118 (0x6311) x6  0x00004000
core   0: 0x8000811a (0x024a68b3) rem     a7, s4, tp
core   0: 3 0x8000811a (0x024a68b3) x17 0x00000037
core   0: 0x8000811e (0x010ebe33) sltu    t3, t4, a6
core   0: 3 0x8000811e (0x010ebe33) x28 0x00000001
core   0: 0x80008122 (0x0162f933) and     s2, t0, s6
core   0: 3 0x80008122 (0x0162f933) x18 0x00000000
core   0: 0x80008126 (0x025d7a63) bgeu    s10, t0, pc + 52
core   0: 3 0x80008126 (0x025d7a63)
core   0: 0x8000815a (0xf94a7693) andi    a3, s4, -108
core   0: 3 0x8000815a (0xf94a7693) x13 0x00000014
core   0: 0x8000815e (0x75108e13) addi    t3, ra, 1873
core   0: 3 0x8000815e (0x75108e13) x28 0x800087ff
core   0: 0x80008162 (0x00008eb5) c.xor   a3, a3
core   0: 3 0x80008162 (0x8eb5) x13 0x00000000
core   0: 0x80008164 (0x0000039c) c.addi4spn a5, sp, 448
core   0: 3 0x80008164 (0x039c) x15 0x80008278
core   0: 0x80008166 (0x00000001) c.nop
core   0: 3 0x80008166 (0x0001)
core   0: 0x80008168 (0x00008db9) c.xor   a1, a4
core   0: 3 0x80008168 (0x8db9) x11 0xa0ac0f53
core   0: 0x8000816a (0x0000cc19) c.beqz  s0, pc + 30
core   0: 3 0x8000816a (0xcc19)
core   0: 0x8000816c (0x7e277913) andi    s2, a4, 2018
core   0: 3 0x8000816c (0x7e277913) x18 0x00000782
core   0: 0x80008170 (0x00001498) c.addi4spn a4, sp, 608
core   0: 3 0x80008170 (0x1498) x14 0x80008318
core   0: 0x80008172 (0x0385e1b3) rem     gp, a1, s8
core   0: 3 0x80008172 (0x0385e1b3) x3  0xa0ac0f53
core   0: 0x80008176 (0x02a96763) bltu    s2, a0, pc + 46
core   0: 3 0x80008176 (0x02a96763)
core   0: 0x8000817a (0x028af233) remu    tp, s5, s0
core   0: 3 0x8000817a (0x028af233) x4  0x00000036
core   0: 0x8000817e (0x012775b3) and     a1, a4, s2
core   0: 3 0x8000817e (0x012775b3) x11 0x00000300
core   0: 0x80008182 (0x0000672d) c.lui   a4, 0xb
core   0: 3 0x80008182 (0x672d) x14 0x0000b000
core   0: 0x80008184 (0x0ea10513) addi    a0, sp, 234
core   0: 3 0x80008184 (0x0ea10513) x10 0x800081a2
core   0: 0x80008188 (0x402dd333) sra     t1, s11, sp
core   0: 3 0x80008188 (0x402dd333) x6  0x00000000
core   0: 0x8000818c (0x0092c6b3) xor     a3, t0, s1
core   0: 3 0x8000818c (0x0092c6b3) x13 0x80014e05
core   0: 0x80008190 (0x0000c801) c.beqz  s0, pc + 16
core   0: 3 0x80008190 (0xc801)
core   0: 0x80008192 (0x397f2c93) slti    s9, t5, 919
core   0: 3 0x80008192 (0x397f2c93) x25 0x00000001
core   0: 0x80008196 (0x0351ce33) div     t3, gp, s5
core   0: 3 0x80008196 (0x0351ce33) x28 0xfe3c1340
core   0: 0x8000819a (0x65b3bbb7) lui     s7, 0x65b3b
core   0: 3 0x8000819a (0x65b3bbb7) x23 0x65b3b000
core   0: 0x8000819e (0x000019fd) c.addi  s3, -1
core   0: 3 0x8000819e (0x19fd) x19 0x0000000a
core   0: 0x800081a0 (0x000098fe) c.add   a7, t6
core   0: 3 0x800081a0 (0x98fe) x17 0x80029d5b
core   0: 0x800081a2 (0x00008ea5) c.xor   a3, s1
core   0: 3 0x800081a2 (0x8ea5) x13 0x00000000
core   0: 0x800081a4 (0x00000192) c.slli  gp, 4
core   0: 3 0x800081a4 (0x0192) x3  0x0ac0f530
core   0: 0x800081a6 (0x0d872d93) slti    s11, a4, 216
core   0: 3 0x800081a6 (0x0d872d93) x27 0x00000000
core   0: 0x800081aa (0x0512f463) bgeu    t0, a7, pc + 72
core   0: 3 0x800081aa (0x0512f463)
core   0: 0x800081ae (0x02917033) remu    zero, sp, s1
core   0: 3 0x800081ae (0x02917033)
core   0: 0x800081b2 (0x02a355b3) divu    a1, t1, a0
core   0: 3 0x800081b2 (0x02a355b3) x11 0x00000000
core   0: 0x800081b6 (0x40595b13) srai    s6, s2, 5
core   0: 3 0x800081b6 (0x40595b13) x22 0x0000003c
core   0: 0x800081ba (0x40ab8833) sub     a6, s7, a0
core   0: 3 0x800081ba (0x40ab8833) x16 0xe5b32e5e
core   0: 0x800081be (0x0bc3f013) andi    zero, t2, 188
core   0: 3 0x800081be (0x0bc3f013)
core   0: 0x800081c2 (0x016d19b3) sll     s3, s10, s6
core   0: 3 0x800081c2 (0x016d19b3) x19 0x00000000
core   0: 0x800081c6 (0x01f71d93) slli    s11, a4, 31
core   0: 3 0x800081c6 (0x01f71d93) x27 0x00000000
core   0: 0x800081ca (0x02c5fa63) bgeu    a1, a2, pc + 52
core   0: 3 0x800081ca (0x02c5fa63)
core   0: 0x800081ce (0x02b75d33) divu    s10, a4, a1
core   0: 3 0x800081ce (0x02b75d33) x26 0xffffffff
core   0: 0x800081d2 (0x00000001) c.nop
core   0: 3 0x800081d2 (0x0001)
core   0: 0x800081d4 (0xd8968937) lui     s2, 0xd8968
core   0: 3 0x800081d4 (0xd8968937) x18 0xd8968000
core   0: 0x800081d8 (0x01290a33) add     s4, s2, s2
core   0: 3 0x800081d8 (0x01290a33) x20 0xb12d0000
core   0: 0x800081dc (0x00369033) sll     zero, a3, gp
core   0: 3 0x800081dc (0x00369033)
core   0: 0x800081e0 (0x030bfc63) bgeu    s7, a6, pc + 56
core   0: 3 0x800081e0 (0x030bfc63)
core   0: 0x800081e4 (0x00008c8d) c.sub   s1, a1
core   0: 3 0x800081e4 (0x8c8d) x9  0x80014e05
core   0: 0x800081e6 (0x00000001) c.nop
core   0: 3 0x800081e6 (0x0001)
core   0: 0x800081e8 (0x0141fa33) and     s4, gp, s4
core   0: 3 0x800081e8 (0x0141fa33) x20 0x00000000
core   0: 0x800081ec (0x38c0ac93) slti    s9, ra, 908
core   0: 3 0x800081ec (0x38c0ac93) x25 0x00000001
core   0: 0x800081f0 (0x00000310) c.addi4spn a2, sp, 384
core   0: 3 0x800081f0 (0x0310) x12 0x80008238
core   0: 0x800081f2 (0x0000849d) c.srai  s1, 7
core   0: 3 0x800081f2 (0x849d) x9  0xff00029c
core   0: 0x800081f4 (0x000044f9) c.li    s1, 30
core   0: 3 0x800081f4 (0x44f9) x9  0x0000001e
core   0: 0x800081f6 (0x0000617d) c.addi16sp sp, 496
core   0: 3 0x800081f6 (0x617d) x2  0x800082a8
core   0: 0x800081f8 (0x00008d59) c.or    a0, a4
core   0: 3 0x800081f8 (0x8d59) x10 0x8000b1a2
core   0: 0x800081fa (0x03c677b3) remu    a5, a2, t3
core   0: 3 0x800081fa (0x03c677b3) x15 0x80008238
core   0: 0x800081fe (0x01c97263) bgeu    s2, t3, pc + 4
core   0: 3 0x800081fe (0x01c97263)
core   0: 0x80008202 (0x01503cb3) snez    s9, s5
core   0: 3 0x80008202 (0x01503cb3) x25 0x00000001
core   0: 0x80008206 (0x00008c6d) c.and   s0, a1
core   0: 3 0x80008206 (0x8c6d) x8  0x00000000
core   0: 0x80008208 (0x03dfda63) bge     t6, t4, pc + 52
core   0: 3 0x80008208 (0x03dfda63)
core   0: 0x8000820c (0x00000112) c.slli  sp, 4
core   0: 3 0x8000820c (0x0112) x2  0x00082a80
core   0: 0x8000820e (0x025c25b3) mulhsu  a1, s8, t0
core   0: 3 0x8000820e (0x025c25b3) x11 0x00000000
core   0: 0x80008212 (0x00009172) c.add   sp, t3
core   0: 3 0x80008212 (0x9172) x2  0xfe443dc0
core   0: 0x80008214 (0x01893333) sltu    t1, s2, s8
core   0: 3 0x80008214 (0x01893333) x6  0x00000000
core   0: 0x80008218 (0x27f88a17) auipc   s4, 0x27f88
core   0: 3 0x80008218 (0x27f88a17) x20 0xa7f90218
core   0: 0x8000821c (0x01601563) bne     zero, s6, pc + 10
core   0: 3 0x8000821c (0x01601563)
core   0: 0x80008226 (0x00000001) c.nop
core   0: 3 0x80008226 (0x0001)
core   0: 0x80008228 (0x00008a25) c.andi  a2, 9
core   0: 3 0x80008228 (0x8a25) x12 0x00000008
core   0: 0x8000822a (0x023795b3) mulh    a1, a5, gp
core   0: 3 0x8000822a (0x023795b3) x11 0xfa9f8ae0
core   0: 0x8000822e (0x7bb6a593) slti    a1, a3, 1979
core   0: 3 0x8000822e (0x7bb6a593) x11 0x00000001
core   0: 0x80008232 (0x02790a63) beq     s2, t2, pc + 52
core   0: 3 0x80008232 (0x02790a63)
core   0: 0x80008236 (0x00008db1) c.xor   a1, a2
core   0: 3 0x80008236 (0x8db1) x11 0x00000009
core   0: 0x80008238 (0x007cca33) xor     s4, s9, t2
core   0: 3 0x80008238 (0x007cca33) x20 0x00000009
core   0: 0x8000823c (0x62127f13) andi    t5, tp, 1569
core   0: 3 0x8000823c (0x62127f13) x30 0x00000020
core   0: 0x80008240 (0x00008e15) c.sub   a2, a3
core   0: 3 0x80008240 (0x8e15) x12 0x00000008
core   0: 0x80008242 (0x416d8933) sub     s2, s11, s6
core   0: 3 0x80008242 (0x416d8933) x18 0xffffffc4
core   0: 0x80008246 (0x000081bd) c.srli  a1, 15
core   0: 3 0x80008246 (0x81bd) x11 0x00000000
core   0: 0x80008248 (0x00008621) c.srai  a2, 8
core   0: 3 0x80008248 (0x8621) x12 0x00000000
core   0: 0x8000824a (0x02d9f333) remu    t1, s3, a3
core   0: 3 0x8000824a (0x02d9f333) x6  0x00000000
core   0: 0x8000824e (0x00331693) slli    a3, t1, 3
core   0: 3 0x8000824e (0x00331693) x13 0x00000000
core   0: 0x80008252 (0x03e139b3) mulhu   s3, sp, t5
core   0: 3 0x80008252 (0x03e139b3) x19 0x0000001f
core   0: 0x80008256 (0x035ec563) blt     t4, s5, pc + 42
core   0: 3 0x80008256 (0x035ec563)
core   0: 0x80008280 (0x02dae4b3) rem     s1, s5, a3
core   0: 3 0x80008280 (0x02dae4b3) x9  0x00000036
core   0: 0x80008284 (0x0183de63) bge     t2, s8, pc + 28
core   0: 3 0x80008284 (0x0183de63)
core   0: 0x800082a0 (0x02d9f833) remu    a6, s3, a3
core   0: 3 0x800082a0 (0x02d9f833) x16 0x0000001f
core   0: 0x800082a4 (0x011260b3) or      ra, tp, a7
core   0: 3 0x800082a4 (0x011260b3) x1  0x80029d7f
core   0: 0x800082a8 (0x001fde33) srl     t3, t6, ra
core   0: 3 0x800082a8 (0x001fde33) x28 0x00000001
core   0: 0x800082ac (0x0000879d) c.srai  a5, 7
core   0: 3 0x800082ac (0x879d) x15 0xff000104
core   0: 0x800082ae (0x02fe8663) beq     t4, a5, pc + 44
core   0: 3 0x800082ae (0x02fe8663)
core   0: 0x800082b2 (0x038d2d33) mulhsu  s10, s10, s8
core   0: 3 0x800082b2 (0x038d2d33) x26 0xffffffff
core   0: 0x800082b6 (0x025b9a63) bne     s7, t0, pc + 52
core   0: 3 0x800082b6 (0x025b9a63)
core   0: 0x800082ea (0x01491d93) slli    s11, s2, 20
core   0: 3 0x800082ea (0x01491d93) x27 0xfc400000
core   0: 0x800082ee (0x0d3e4513) xori    a0, t3, 211
core   0: 3 0x800082ee (0x0d3e4513) x10 0x000000d2
core   0: 0x800082f2 (0x401751b3) sra     gp, a4, ra
core   0: 3 0x800082f2 (0x401751b3) x3  0x00000000
core   0: 0x800082f6 (0xa5951397) auipc   t2, 0xa5951
core   0: 3 0x800082f6 (0xa5951397) x7  0x259592f6
core   0: 0x800082fa (0x00000001) c.nop
core   0: 3 0x800082fa (0x0001)
core   0: 0x800082fc (0x05084263) blt     a6, a6, pc + 68
core   0: 3 0x800082fc (0x05084263)
core   0: 0x80008300 (0x00ac5413) srli    s0, s8, 10
core   0: 3 0x80008300 (0x00ac5413) x8  0x00200097
core   0: 0x80008304 (0x00004ad5) c.li    s5, 21
core   0: 3 0x80008304 (0x4ad5) x21 0x00000015
core   0: 0x80008306 (0x001d1e63) bne     s10, ra, pc + 28
core   0: 3 0x80008306 (0x001d1e63)
core   0: 0x80008322 (0x01c14cb3) xor     s9, sp, t3
core   0: 3 0x80008322 (0x01c14cb3) x25 0xfe443dc1
core   0: 0x80008326 (0x08d67693) andi    a3, a2, 141
core   0: 3 0x80008326 (0x08d67693) x13 0x00000000
core   0: 0x8000832a (0x4409a593) slti    a1, s3, 1088
core   0: 3 0x8000832a (0x4409a593) x11 0x00000001
core   0: 0x8000832e (0xfdefc193) xori    gp, t6, -34
core   0: 3 0x8000832e (0xfdefc193) x3  0x7ffd62fa
core   0: 0x80008332 (0x00ab8633) add     a2, s7, a0
core   0: 3 0x80008332 (0x00ab8633) x12 0x65b3b0d2
core   0: 0x80008336 (0x02a06933) rem     s2, zero, a0
core   0: 3 0x80008336 (0x02a06933) x18 0x00000000
core   0: 0x8000833a (0x00000a3e) c.slli  s4, 15
core   0: 3 0x8000833a (0x0a3e) x20 0x00048000
core   0: 0x8000833c (0x038ff363) bgeu    t6, s8, pc + 38
core   0: 3 0x8000833c (0x038ff363)
core   0: 0x80008362 (0x01a312b3) sll     t0, t1, s10
core   0: 3 0x80008362 (0x01a312b3) x5  0x00000000
core   0: 0x80008366 (0x00008151) c.srli  a0, 20
core   0: 3 0x80008366 (0x8151) x10 0x00000000
core   0: 0x80008368 (0x00008c45) c.or    s0, s1
core   0: 3 0x80008368 (0x8c45) x8  0x002000b7
core   0: 0x8000836a (0x00008585) c.srai  a1, 1
core   0: 3 0x8000836a (0x8585) x11 0x00000000
core   0: 0x8000836c (0x02d82233) mulhsu  tp, a6, a3
core   0: 3 0x8000836c (0x02d82233) x4  0x00000000
core   0: 0x80008370 (0x013066b3) or      a3, zero, s3
core   0: 3 0x80008370 (0x013066b3) x13 0x0000001f
core   0: 0x80008374 (0x00001e98) c.addi4spn a4, sp, 880
core   0: 3 0x80008374 (0x1e98) x14 0xfe444130
core   0: 0x80008376 (0x00009f4a) c.add   t5, s2
core   0: 3 0x80008376 (0x9f4a) x30 0x00000020
core   0: 0x80008378 (0x000061d9) c.lui   gp, 0x16
core   0: 3 0x80008378 (0x61d9) x3  0x00016000
core   0: 0x8000837a (0x00000001) c.nop
core   0: 3 0x8000837a (0x0001)
core   0: 0x8000837c (0x036da533) mulhsu  a0, s11, s6
core   0: 3 0x8000837c (0x036da533) x10 0xffffffff
core   0: 0x80008380 (0x0000045a) c.slli  s0, 22
core   0: 3 0x80008380 (0x045a) x8  0x2dc00000
core   0: 0x80008382 (0x022ff463) bgeu    t6, sp, pc + 40
core   0: 3 0x80008382 (0x022ff463)
core   0: 0x80008386 (0x000086f5) c.srai  a3, 29
core   0: 3 0x80008386 (0x86f5) x13 0x00000000
core   0: 0x80008388 (0x41348333) sub     t1, s1, s3
core   0: 3 0x80008388 (0x41348333) x6  0x00000017
core   0: 0x8000838c (0x00000990) c.addi4spn a2, sp, 208
core   0: 3 0x8000838c (0x0990) x12 0xfe443e90
core   0: 0x8000838e (0x03b38733) mul     a4, t2, s11
core   0: 3 0x8000838e (0x03b38733) x14 0xe5800000
core   0: 0x80008392 (0x02a70bb3) mul     s7, a4, a0
core   0: 3 0x80008392 (0x02a70bb3) x23 0x1a800000
core   0: 0x80008396 (0x412d06b3) sub     a3, s10, s2
core   0: 3 0x80008396 (0x412d06b3) x13 0xffffffff
core   0: 0x8000839a (0x00008d45) c.or    a0, s1
core   0: 3 0x8000839a (0x8d45) x10 0xffffffff
core   0: 0x8000839c (0x02e0fab3) remu    s5, ra, a4
core   0: 3 0x8000839c (0x02e0fab3) x21 0x80029d7f
core   0: 0x800083a0 (0x005accb3) xor     s9, s5, t0
core   0: 3 0x800083a0 (0x005accb3) x25 0x80029d7f
core   0: 0x800083a4 (0x00006151) c.addi16sp sp, 272
core   0: 3 0x800083a4 (0x6151) x2  0xfe443ed0
core   0: 0x800083a6 (0x414a5e33) sra     t3, s4, s4
core   0: 3 0x800083a6 (0x414a5e33) x28 0x00048000
core   0: 0x800083aa (0x00da5113) srli    sp, s4, 13
core   0: 3 0x800083aa (0x00da5113) x2  0x00000024
core   0: 0x800083ae (0x03acfcb3) remu    s9, s9, s10
core   0: 3 0x800083ae (0x03acfcb3) x25 0x80029d7f
core   0: 0x800083b2 (0x0139d733) srl     a4, s3, s3
core   0: 3 0x800083b2 (0x0139d733) x14 0x00000000
core   0: 0x800083b6 (0x5a5de813) ori     a6, s11, 1445
core   0: 3 0x800083b6 (0x5a5de813) x16 0xfc4005a5
core   0: 0x800083ba (0x02a086b3) mul     a3, ra, a0
core   0: 3 0x800083ba (0x02a086b3) x13 0x7ffd6281
core   0: 0x800083be (0x01704033) xor     zero, zero, s7
core   0: 3 0x800083be (0x01704033)
core   0: 0x800083c2 (0x03b7ab33) mulhsu  s6, a5, s11
core   0: 3 0x800083c2 (0x03b7ab33) x22 0xff03c100
core   0: 0x800083c6 (0x09b6e993) ori     s3, a3, 155
core   0: 3 0x800083c6 (0x09b6e993) x19 0x7ffd629b
core   0: 0x800083ca (0x0000ea95) c.bnez  a3, pc + 52
core   0: 3 0x800083ca (0xea95)
core   0: 0x800083fe (0x015ba533) slt     a0, s7, s5
core   0: 3 0x800083fe (0x015ba533) x10 0x00000000
core   0: 0x80008402 (0x021df633) remu    a2, s11, ra
core   0: 3 0x80008402 (0x021df633) x12 0x7c3d6281
core   0: 0x80008406 (0x000006a5) c.addi  a3, 9
core   0: 3 0x80008406 (0x06a5) x13 0x7ffd628a
core   0: 0x80008408 (0x006c5693) srli    a3, s8, 6
core   0: 3 0x80008408 (0x006c5693) x13 0x02000978
core   0: 0x8000840c (0x00000001) c.nop
core   0: 3 0x8000840c (0x0001)
core   0: 0x8000840e (0x00006aa1) c.lui   s5, 0x8
core   0: 3 0x8000840e (0x6aa1) x21 0x00008000
core   0: 0x80008410 (0x0a6cf863) bgeu    s9, t1, pc + 176
core   0: 3 0x80008410 (0x0a6cf863)
core   0: 0x800084c0 (0x0000035e) c.slli  t1, 23
core   0: 3 0x800084c0 (0x035e) x6  0x0b800000
core   0: 0x800084c2 (0x00008c19) c.sub   s0, a4
core   0: 3 0x800084c2 (0x8c19) x8  0x2dc00000
core   0: 0x800084c4 (0xf2dc4093) xori    ra, s8, -211
core   0: 3 0x800084c4 (0xf2dc4093) x1  0x7ffda115
core   0: 0x800084c8 (0x0260b5b3) mulhu   a1, ra, t1
core   0: 3 0x800084c8 (0x0260b5b3) x11 0x05bfe4bc
core   0: 0x800084cc (0x03a15c63) bge     sp, s10, pc + 56
core   0: 3 0x800084cc (0x03a15c63)
core   0: 0x80008504 (0x01ff8933) add     s2, t6, t6
core   0: 3 0x80008504 (0x01ff8933) x18 0x00053a48
core   0: 0x80008508 (0x00b84bb3) xor     s7, a6, a1
core   0: 3 0x80008508 (0x00b84bb3) x23 0xf9ffe119
core   0: 0x8000850c (0x00000c80) c.addi4spn s0, sp, 592
core   0: 3 0x8000850c (0x0c80) x8  0x00000274
core   0: 0x8000850e (0x000061a9) c.lui   gp, 0xa
core   0: 3 0x8000850e (0x61a9) x3  0x0000a000
core   0: 0x80008510 (0x01ac6b33) or      s6, s8, s10
core   0: 3 0x80008510 (0x01ac6b33) x22 0xffffffff
core   0: 0x80008514 (0x02fb7563) bgeu    s6, a5, pc + 42
core   0: 3 0x80008514 (0x02fb7563)
core   0: 0x8000853e (0x000da233) slt     tp, s11, zero
core   0: 3 0x8000853e (0x000da233) x4  0x00000001
core   0: 0x80008542 (0x0226d233) divu    tp, a3, sp
core   0: 3 0x80008542 (0x0226d233) x4  0x000e3926
core   0: 0x80008546 (0x00009afd) c.andi  a3, -1
core   0: 3 0x80008546 (0x9afd) x13 0x02000978
core   0: 0x80008548 (0x00000001) c.nop
core   0: 3 0x80008548 (0x0001)
core   0: 0x8000854a (0x00759433) sll     s0, a1, t2
core   0: 3 0x8000854a (0x00759433) x8  0x2f000000
core   0: 0x8000854e (0x02741e33) mulh    t3, s0, t2
core   0: 3 0x8000854e (0x02741e33) x28 0x06e675fb
core   0: 0x80008552 (0x00008691) c.srai  a3, 4
core   0: 3 0x80008552 (0x8691) x13 0x00200097
core   0: 0x80008554 (0x03cc26b3) mulhsu  a3, s8, t3
core   0: 3 0x80008554 (0x03cc26b3) x13 0xfc8cd559
core   0: 0x80008558 (0x0299eab3) rem     s5, s3, s1
core   0: 3 0x80008558 (0x0299eab3) x21 0x0000000f
core   0: 0x8000855c (0x2fd70a13) addi    s4, a4, 765
core   0: 3 0x8000855c (0x2fd70a13) x20 0x000002fd
core   0: 0x80008560 (0x00001090) c.addi4spn a2, sp, 96
core   0: 3 0x80008560 (0x1090) x12 0x00000084
core   0: 0x80008562 (0x00006dc9) c.lui   s11, 0x12
core   0: 3 0x80008562 (0x6dc9) x27 0x00012000
core   0: 0x80008564 (0x02da5133) divu    sp, s4, a3
core   0: 3 0x80008564 (0x02da5133) x2  0x00000000
core   0: 0x80008568 (0x00008f2d) c.xor   a4, a1
core   0: 3 0x80008568 (0x8f2d) x14 0x05bfe4bc
core   0: 0x8000856a (0x417b8bb3) sub     s7, s7, s7
core   0: 3 0x8000856a (0x417b8bb3) x23 0x00000000
core   0: 0x8000856e (0x03e7e363) bltu    a5, t5, pc + 38
core   0: 3 0x8000856e (0x03e7e363)
core   0: 0x80008572 (0x000085a5) c.srai  a1, 9
core   0: 3 0x80008572 (0x85a5) x11 0x0002dff2
core   0: 0x80008574 (0x00008f7d) c.and   a4, a5
core   0: 3 0x80008574 (0x8f7d) x14 0x05000004
core   0: 0x80008576 (0x4acce693) ori     a3, s9, 1196
core   0: 3 0x80008576 (0x4acce693) x13 0x80029dff
core   0: 0x8000857a (0x038cfc63) bgeu    s9, s8, pc + 56
core   0: 3 0x8000857a (0x038cfc63)
core   0: 0x800085b2 (0x01d64b33) xor     s6, a2, t4
core   0: 3 0x800085b2 (0x01d64b33) x22 0x0000008c
core   0: 0x800085b6 (0x010d31b3) sltu    gp, s10, a6
core   0: 3 0x800085b6 (0x010d31b3) x3  0x00000000
core   0: 0x800085ba (0x00006521) c.lui   a0, 0x8
core   0: 3 0x800085ba (0x6521) x10 0x00008000
core   0: 0x800085bc (0x00000001) c.nop
core   0: 3 0x800085bc (0x0001)
core   0: 0x800085be (0x00992f33) slt     t5, s2, s1
core   0: 3 0x800085be (0x00992f33) x30 0x00000000
core   0: 0x800085c2 (0x03ab37b3) mulhu   a5, s6, s10
core   0: 3 0x800085c2 (0x03ab37b3) x15 0x0000008b
core   0: 0x800085c6 (0x0088fa63) bgeu    a7, s0, pc + 20
core   0: 3 0x800085c6 (0x0088fa63)
core   0: 0x800085da (0x000083dd) c.srli  a5, 23
core   0: 3 0x800085da (0x83dd) x15 0x00000000
core   0: 0x800085dc (0x678ea297) auipc   t0, 0x678ea
core   0: 3 0x800085dc (0x678ea297) x5  0xe78f25dc
core   0: 0x800085e0 (0x0000cd15) c.beqz  a0, pc + 60
core   0: 3 0x800085e0 (0xcd15)
core   0: 0x800085e2 (0x02ae2b33) mulhsu  s6, t3, a0
core   0: 3 0x800085e2 (0x02ae2b33) x22 0x00000373
core   0: 0x800085e6 (0x00b9ab33) slt     s6, s3, a1
core   0: 3 0x800085e6 (0x00b9ab33) x22 0x00000000
core   0: 0x800085ea (0x01879db3) sll     s11, a5, s8
core   0: 3 0x800085ea (0x01879db3) x27 0x00000000
core   0: 0x800085ee (0x4037db33) sra     s6, a5, gp
core   0: 3 0x800085ee (0x4037db33) x22 0x00000000
core   0: 0x800085f2 (0x01459613) slli    a2, a1, 20
core   0: 3 0x800085f2 (0x01459613) x12 0xff200000
core   0: 0x800085f6 (0x03407333) remu    t1, zero, s4
core   0: 3 0x800085f6 (0x03407333) x6  0x00000000
core   0: 0x800085fa (0x00000001) c.nop
core   0: 3 0x800085fa (0x0001)
core   0: 0x800085fc (0x0000c79d) c.beqz  a5, pc + 46
core   0: 3 0x800085fc (0xc79d)
core   0: 0x8000862a (0x00004401) c.li    s0, 0
core   0: 3 0x8000862a (0x4401) x8  0x00000000
core   0: 0x8000862c (0x0091cd63) blt     gp, s1, pc + 26
core   0: 3 0x8000862c (0x0091cd63)
core   0: 0x80008646 (0x01485f13) srli    t5, a6, 20
core   0: 3 0x80008646 (0x01485f13) x30 0x00000fc4
core   0: 0x8000864a (0xe049bab7) lui     s5, 0xe049b
core   0: 3 0x8000864a (0xe049bab7) x21 0xe049b000
core   0: 0x8000864e (0x00008d35) c.xor   a0, a3
core   0: 3 0x8000864e (0x8d35) x10 0x80021dff
core   0: 0x80008650 (0x00008e1d) c.sub   a2, a5
core   0: 3 0x80008650 (0x8e1d) x12 0xff200000
core   0: 0x80008652 (0x01e48db3) add     s11, s1, t5
core   0: 3 0x80008652 (0x01e48db3) x27 0x00000ffa
core   0: 0x80008656 (0xc5f15117) auipc   sp, 0xc5f15
core   0: 3 0x80008656 (0xc5f15117) x2  0x45f1d656
core   0: 0x8000865a (0x0cc7fb13) andi    s6, a5, 204
core   0: 3 0x8000865a (0x0cc7fb13) x22 0x00000000
core   0: 0x8000865e (0x00006131) c.addi16sp sp, 320
core   0: 3 0x8000865e (0x6131) x2  0x45f1d796
core   0: 0x80008660 (0x000010fd) c.addi  ra, -1
core   0: 3 0x80008660 (0x10fd) x1  0x7ffda114
core   0: 0x80008662 (0x414fd2b3) sra     t0, t6, s4
core   0: 3 0x80008662 (0x414fd2b3) x5  0xfffffffc
core   0: 0x80008666 (0x00008f5d) c.or    a4, a5
core   0: 3 0x80008666 (0x8f5d) x14 0x05000004
core   0: 0x80008668 (0x0000862a) c.mv    a2, a0
core   0: 3 0x80008668 (0x862a) x12 0x80021dff
core   0: 0x8000866a (0x0000e589) c.bnez  a1, pc + 10
core   0: 3 0x8000866a (0xe589)
core   0: 0x80008674 (0x00008c91) c.sub   s1, a2
core   0: 3 0x80008674 (0x8c91) x9  0x7ffde237
core   0: 0x80008676 (0x026771b3) remu    gp, a4, t1
core   0: 3 0x80008676 (0x026771b3) x3  0x05000004
core   0: 0x8000867a (0x7d7c3913) sltiu   s2, s8, 2007
core   0: 3 0x8000867a (0x7d7c3913) x18 0x00000000
core   0: 0x8000867e (0x5b45b913) sltiu   s2, a1, 1460
core   0: 3 0x8000867e (0x5b45b913) x18 0x00000000
core   0: 0x80008682 (0x00000189) c.addi  gp, 2
core   0: 3 0x80008682 (0x0189) x3  0x05000006
core   0: 0x80008684 (0x00001704) c.addi4spn s1, sp, 928
core   0: 3 0x80008684 (0x1704) x9  0x45f1db36
core   0: 0x80008686 (0x00004e6d) c.li    t3, 27
core   0: 3 0x80008686 (0x4e6d) x28 0x0000001b
core   0: 0x80008688 (0x0040b033) sltu    zero, ra, tp
core   0: 3 0x80008688 (0x0040b033)
core   0: 0x8000868c (0x00000349) c.addi  t1, 18
core   0: 3 0x8000868c (0x0349) x6  0x00000012
core   0: 0x8000868e (0x00008c11) c.sub   s0, a2
core   0: 3 0x8000868e (0x8c11) x8  0x7ffde201
core   0: 0x80008690 (0x41d25893) srai    a7, tp, 29
core   0: 3 0x80008690 (0x41d25893) x17 0x00000000
core   0: 0x80008694 (0xd8ad5317) auipc   t1, 0xd8ad5
core   0: 3 0x80008694 (0xd8ad5317) x6  0x58add694
core   0: 0x80008698 (0x52b43b93) sltiu   s7, s0, 1323
core   0: 3 0x80008698 (0x52b43b93) x23 0x00000000
core   0: 0x8000869c (0x00000001) c.nop
core   0: 3 0x8000869c (0x0001)
core   0: 0x8000869e (0x000097be) c.add   a5, a5
core   0: 3 0x8000869e (0x97be) x15 0x00000000
core   0: 0x800086a0 (0x1c388013) addi    zero, a7, 451
core   0: 3 0x800086a0 (0x1c388013)
core   0: 0x800086a4 (0x02d0f763) bgeu    ra, a3, pc + 46
core   0: 3 0x800086a4 (0x02d0f763)
core   0: 0x800086a8 (0x0000c89d) c.beqz  s1, pc + 54
core   0: 3 0x800086a8 (0xc89d)
core   0: 0x800086aa (0x03a1fe33) remu    t3, gp, s10
core   0: 3 0x800086aa (0x03a1fe33) x28 0x05000006
core   0: 0x800086ae (0x00008ee9) c.and   a3, a0
core   0: 3 0x800086ae (0x8ee9) x13 0x80021dff
core   0: 0x800086b0 (0x00008e49) c.or    a2, a0
core   0: 3 0x800086b0 (0x8e49) x12 0x80021dff
core   0: 0x800086b2 (0x0000863d) c.srai  a2, 15
core   0: 3 0x800086b2 (0x863d) x12 0xffff0004
core   0: 0x800086b4 (0xbd0b7f13) andi    t5, s6, -1072
core   0: 3 0x800086b4 (0xbd0b7f13) x30 0x00000000
core   0: 0x800086b8 (0x00680233) add     tp, a6, t1
core   0: 3 0x800086b8 (0x00680233) x4  0x54eddc39
core   0: 0x800086bc (0x00d617b3) sll     a5, a2, a3
core   0: 3 0x800086bc (0x00d617b3) x15 0x00000000
core   0: 0x800086c0 (0x03078b33) mul     s6, a5, a6
core   0: 3 0x800086c0 (0x03078b33) x22 0x00000000
core   0: 0x800086c4 (0x03b08d33) mul     s10, ra, s11
core   0: 3 0x800086c4 (0x03b08d33) x26 0xda1f7988
core   0: 0x800086c8 (0x020d60b3) rem     ra, s10, zero
core   0: 3 0x800086c8 (0x020d60b3) x1  0xda1f7988
core   0: 0x800086cc (0x0278c933) div     s2, a7, t2
core   0: 3 0x800086cc (0x0278c933) x18 0x00000000
core   0: 0x800086d0 (0x00009bfd) c.andi  a5, -1
core   0: 3 0x800086d0 (0x9bfd) x15 0x00000000
core   0: 0x800086d2 (0x009f1663) bne     t5, s1, pc + 12
core   0: 3 0x800086d2 (0x009f1663)
core   0: 0x800086de (0x00e5d013) srli    zero, a1, 14
core   0: 3 0x800086de (0x00e5d013)
core   0: 0x800086e2 (0x00381433) sll     s0, a6, gp
core   0: 3 0x800086e2 (0x00381433) x8  0x10016940
core   0: 0x800086e6 (0x004c2083) lw      ra, 4(s8)
core   0: 3 0x800086e6 (0x004c2083) x1  0x80008994 mem 0x80025e3c
core   0: 0x800086ea (0x01982e33) slt     t3, a6, s9
core   0: 3 0x800086ea (0x01982e33) x28 0x00000000
core   0: 0x800086ee (0x020c0c13) addi    s8, s8, 32
core   0: 3 0x800086ee (0x020c0c13) x24 0x80025e58
core   0: 0x800086f2 (0xd7203f13) sltiu   t5, zero, -654
core   0: 3 0x800086f2 (0xd7203f13) x30 0x00000001
core   0: 0x800086f6 (0x00008693) mv      a3, ra
core   0: 3 0x800086f6 (0x00008693) x13 0x80008994
core   0: 0x800086fa (0x00009682) c.jalr  a3
core   0: 3 0x800086fa (0x9682) x1  0x800086fc
core   0: 0x80008994 (0xfffff897) auipc   a7, 0xfffff
core   0: 3 0x80008994 (0xfffff897) x17 0x80007994
core   0: 0x80008998 (0x5f288893) addi    a7, a7, 1522
core   0: 3 0x80008998 (0x5f288893) x17 0x80007f86
core   0: 0x8000899c (0x0000861e) c.mv    a2, t2
core   0: 3 0x8000899c (0x861e) x12 0x259592f6
core   0: 0x8000899e (0x00088893) mv      a7, a7
core   0: 3 0x8000899e (0x00088893) x17 0x80007f86
core   0: 0x800089a2 (0x7a2da617) auipc   a2, 0x7a2da
core   0: 3 0x800089a2 (0x7a2da617) x12 0xfa2e29a2
core   0: 0x800089a6 (0x000088c1) c.andi  s1, 16
core   0: 3 0x800089a6 (0x88c1) x9  0x00000010
core   0: 0x800089a8 (0x00008c79) c.and   s0, a4
core   0: 3 0x800089a8 (0x8c79) x8  0x00000000
core   0: 0x800089aa (0x031b67b3) rem     a5, s6, a7
core   0: 3 0x800089aa (0x031b67b3) x15 0x00000000
core   0: 0x800089ae (0x4374fa13) andi    s4, s1, 1079
core   0: 3 0x800089ae (0x4374fa13) x20 0x00000010
core   0: 0x800089b2 (0x011f4463) blt     t5, a7, pc + 8
core   0: 3 0x800089b2 (0x011f4463)
core   0: 0x800089b6 (0x41865013) srai    zero, a2, 24
core   0: 3 0x800089b6 (0x41865013)
core   0: 0x800089ba (0x00009882) c.jalr  a7
core   0: 3 0x800089ba (0x9882) x1  0x800089bc
core   0: 0x80007f86 (0x000099fd) c.andi  a1, -1
core   0: 3 0x80007f86 (0x99fd) x11 0x0002dff2
core   0: 0x80007f88 (0x004e0763) beq     t3, tp, pc + 14
core   0: 3 0x80007f88 (0x004e0763)
core   0: 0x80007f8c (0x016da933) slt     s2, s11, s6
core   0: 3 0x80007f8c (0x016da933) x18 0x00000000
core   0: 0x80007f90 (0x413c8833) sub     a6, s9, s3
core   0: 3 0x80007f90 (0x413c8833) x16 0x00053ae4
core   0: 0x80007f94 (0x000087d6) c.mv    a5, s5
core   0: 3 0x80007f94 (0x87d6) x15 0xe049b000
core   0: 0x80007f96 (0x00001c01) c.addi  s8, -32
core   0: 3 0x80007f96 (0x1c01) x24 0x80025e38
core   0: 0x80007f98 (0x0075bb33) sltu    s6, a1, t2
core   0: 3 0x80007f98 (0x0075bb33) x22 0x00000001
core   0: 0x80007f9c (0x00009a7d) c.andi  a2, -1
core   0: 3 0x80007f9c (0x9a7d) x12 0xfa2e29a2
core   0: 0x80007f9e (0x00009afe) c.add   s5, t6
core   0: 3 0x80007f9e (0x9afe) x21 0x604c4d24
core   0: 0x80007fa0 (0x00df1e13) slli    t3, t5, 13
core   0: 3 0x80007fa0 (0x00df1e13) x28 0x00002000
core   0: 0x80007fa4 (0x001c2223) sw      ra, 4(s8)
core   0: 3 0x80007fa4 (0x001c2223) mem 0x80025e3c 0x800089bc
core   0: 0x80007fa8 (0xe4574313) xori    t1, a4, -443
core   0: 3 0x80007fa8 (0xe4574313) x6  0xfafffe41
core   0: 0x80007fac (0x036c2633) mulhsu  a2, s8, s6
core   0: 3 0x80007fac (0x036c2633) x12 0xffffffff
core   0: 0x80007fb0 (0x00008117) auipc   sp, 0x8
core   0: 3 0x80007fb0 (0x00008117) x2  0x8000ffb0
core   0: 0x80007fb4 (0x4d810113) addi    sp, sp, 1240
core   0: 3 0x80007fb4 (0x4d810113) x2  0x80010488
core   0: 0x80007fb8 (0xfe811e03) lh      t3, -24(sp)
core   0: 3 0x80007fb8 (0xfe811e03) x28 0xfffff8db mem 0x80010470
core   0: 0x80007fbc (0xfe814c83) lbu     s9, -24(sp)
core   0: 3 0x80007fbc (0xfe814c83) x25 0x000000db mem 0x80010470
core   0: 0x80007fc0 (0x00008cae) c.mv    s9, a1
core   0: 3 0x80007fc0 (0x8cae) x25 0x0002dff2
core   0: 0x80007fc2 (0xffd11423) sh      t4, -24(sp)
core   0: 3 0x80007fc2 (0xffd11423) mem 0x80010470 0x0008
core   0: 0x80007fc6 (0x00008285) c.srli  a3, 1
core   0: 3 0x80007fc6 (0x8285) x13 0x400044ca
core   0: 0x80007fc8 (0xfe811003) lh      zero, -24(sp)
core   0: 3 0x80007fc8 (0xfe811003) mem 0x80010470
core   0: 0x80007fcc (0xfe312423) sw      gp, -24(sp)
core   0: 3 0x80007fcc (0xfe312423) mem 0x80010470 0x05000006
core   0: 0x80007fd0 (0x00000001) c.nop
core   0: 3 0x80007fd0 (0x0001)
core   0: 0x80007fd2 (0xfe814e03) lbu     t3, -24(sp)
core   0: 3 0x80007fd2 (0xfe814e03) x28 0x00000006 mem 0x80010470
core   0: 0x80007fd6 (0xffc12423) sw      t3, -24(sp)
core   0: 3 0x80007fd6 (0xffc12423) mem 0x80010470 0x00000006
core   0: 0x80007fda (0xfe814283) lbu     t0, -24(sp)
core   0: 3 0x80007fda (0xfe814283) x5  0x00000006 mem 0x80010470
core   0: 0x80007fde (0xfe815d03) lhu     s10, -24(sp)
core   0: 3 0x80007fde (0xfe815d03) x26 0x00000006 mem 0x80010470
core   0: 0x80007fe2 (0xfe311423) sh      gp, -24(sp)
core   0: 3 0x80007fe2 (0xfe311423) mem 0x80010470 0x0006
core   0: 0x80007fe6 (0xff312423) sw      s3, -24(sp)
core   0: 3 0x80007fe6 (0xff312423) mem 0x80010470 0x7ffd629b
core   0: 0x80007fea (0xfe810683) lb      a3, -24(sp)
core   0: 3 0x80007fea (0xfe810683) x13 0xffffff9b mem 0x80010470
core   0: 0x80007fee (0xfe511423) sh      t0, -24(sp)
core   0: 3 0x80007fee (0xfe511423) mem 0x80010470 0x0006
core   0: 0x80007ff2 (0xff710423) sb      s7, -24(sp)
core   0: 3 0x80007ff2 (0xff710423) mem 0x80010470 0x00
core   0: 0x80007ff6 (0xfe712423) sw      t2, -24(sp)
core   0: 3 0x80007ff6 (0xfe712423) mem 0x80010470 0x259592f6
core   0: 0x80007ffa (0x0000d497) auipc   s1, 0xd
core   0: 3 0x80007ffa (0x0000d497) x9  0x80014ffa
core   0: 0x80007ffe (0xe0b48493) addi    s1, s1, -501
core   0: 3 0x80007ffe (0xe0b48493) x9  0x80014e05
core   0: 0x80008002 (0xffc4cb83) lbu     s7, -4(s1)
core   0: 3 0x80008002 (0xffc4cb83) x23 0x00000000 mem 0x80014e01
core   0: 0x80008006 (0x0000190c) c.addi4spn a1, sp, 176
core   0: 3 0x80008006 (0x190c) x11 0x80010538
core   0: 0x80008008 (0x01b20033) add     zero, tp, s11
core   0: 3 0x80008008 (0x01b20033)
core   0: 0x8000800c (0x00648203) lb      tp, 6(s1)
core   0: 3 0x8000800c (0x00648203) x4  0xffffff9d mem 0x80014e0b
core   0: 0x80008010 (0xff448983) lb      s3, -12(s1)
core   0: 3 0x80008010 (0xff448983) x19 0x0000000b mem 0x80014df9
core   0: 0x80008014 (0x00248a83) lb      s5, 2(s1)
core   0: 3 0x80008014 (0x00248a83) x21 0xffffffbc mem 0x80014e07
core   0: 0x80008018 (0xff549303) lh      t1, -11(s1)
core   0: 3 0x80008018 (0xff549303) x6  0x0000688e mem 0x80014dfa
core   0: 0x8000801c (0x01a48623) sb      s10, 12(s1)
core   0: 3 0x8000801c (0x01a48623) mem 0x80014e11 0x06
core   0: 0x80008020 (0x00448283) lb      t0, 4(s1)
core   0: 3 0x80008020 (0x00448283) x5  0xffffff80 mem 0x80014e09
core   0: 0x80008024 (0xff148d83) lb      s11, -15(s1)
core   0: 3 0x80008024 (0xff148d83) x27 0xffffffbb mem 0x80014df6
core   0: 0x80008028 (0x007482a3) sb      t2, 5(s1)
core   0: 3 0x80008028 (0x007482a3) mem 0x80014e0a 0xf6
core   0: 0x8000802c (0x0183d813) srli    a6, t2, 24
core   0: 3 0x8000802c (0x0183d813) x16 0x00000025
core   0: 0x80008030 (0x3a29e937) lui     s2, 0x3a29e
core   0: 3 0x80008030 (0x3a29e937) x18 0x3a29e000
core   0: 0x80008034 (0x00000f5e) c.slli  t5, 23
core   0: 3 0x80008034 (0x0f5e) x30 0x00800000
core   0: 0x80008036 (0x03b602b3) mul     t0, a2, s11
core   0: 3 0x80008036 (0x03b602b3) x5  0x00000045
core   0: 0x8000803a (0x035a9cb3) mulh    s9, s5, s5
core   0: 3 0x8000803a (0x035a9cb3) x25 0x00000000
core   0: 0x8000803e (0xffc48383) lb      t2, -4(s1)
core   0: 3 0x8000803e (0xffc48383) x7  0x00000000 mem 0x80014e01
core   0: 0x80008042 (0x0004c083) lbu     ra, 0(s1)
core   0: 3 0x80008042 (0x0004c083) x1  0x00000085 mem 0x80014e05
core   0: 0x80008046 (0x01f492a3) sh      t6, 5(s1)
core   0: 3 0x80008046 (0x01f492a3) mem 0x80014e0a 0x9d24
core   0: 0x8000804a (0x0034ca83) lbu     s5, 3(s1)
core   0: 3 0x8000804a (0x0034ca83) x21 0x00000036 mem 0x80014e08
core   0: 0x8000804e (0x00c485a3) sb      a2, 11(s1)
core   0: 3 0x8000804e (0x00c485a3) mem 0x80014e10 0xff
core   0: 0x80008052 (0x039985b3) mul     a1, s3, s9
core   0: 3 0x80008052 (0x039985b3) x11 0x00000000
core   0: 0x80008056 (0x00008dad) c.xor   a1, a1
core   0: 3 0x80008056 (0x8dad) x11 0x00000000
core   0: 0x80008058 (0xffc48383) lb      t2, -4(s1)
core   0: 3 0x80008058 (0xffc48383) x7  0x00000000 mem 0x80014e01
core   0: 0x8000805c (0x00000001) c.nop
core   0: 3 0x8000805c (0x0001)
core   0: 0x8000805e (0x0156ca33) xor     s4, a3, s5
core   0: 3 0x8000805e (0x0156ca33) x20 0xffffffad
core   0: 0x80008062 (0xff348083) lb      ra, -13(s1)
core   0: 3 0x80008062 (0xff348083) x1  0x0000000b mem 0x80014df8
core   0: 0x80008066 (0xff948e23) sb      s9, -4(s1)
core   0: 3 0x80008066 (0xff948e23) mem 0x80014e01 0x00
core   0: 0x8000806a (0xff848683) lb      a3, -8(s1)
core   0: 3 0x8000806a (0xff848683) x13 0xffffffae mem 0x80014dfd
core   0: 0x8000806e (0x00e4c503) lbu     a0, 14(s1)
core   0: 3 0x8000806e (0x00e4c503) x10 0x0000005b mem 0x80014e13
core   0: 0x80008072 (0x01251db3) sll     s11, a0, s2
core   0: 3 0x80008072 (0x01251db3) x27 0x0000005b
core   0: 0x80008076 (0xff348603) lb      a2, -13(s1)
core   0: 3 0x80008076 (0xff348603) x12 0x0000000b mem 0x80014df8
core   0: 0x8000807a (0x01048183) lb      gp, 16(s1)
core   0: 3 0x8000807a (0x01048183) x3  0x00000049 mem 0x80014e15
core   0: 0x8000807e (0x00648803) lb      a6, 6(s1)
core   0: 3 0x8000807e (0x00648803) x16 0xffffff9d mem 0x80014e0b
core   0: 0x80008082 (0xff64c403) lbu     s0, -10(s1)
core   0: 3 0x80008082 (0xff64c403) x8  0x00000068 mem 0x80014dfb
core   0: 0x80008086 (0x000082f9) c.srli  a3, 30
core   0: 3 0x80008086 (0x82f9) x13 0x00000003
core   0: 0x80008088 (0x00548083) lb      ra, 5(s1)
core   0: 3 0x80008088 (0x00548083) x1  0x00000024 mem 0x80014e0a
core   0: 0x8000808c (0x008000ef) jal     pc + 0x8
core   0: 3 0x8000808c (0x008000ef) x1  0x80008090
core   0: 0x80008094 (0x0000a811) c.j     pc + 20
core   0: 3 0x80008094 (0xa811)
core   0: 0x800080a8 (0x006000ef) jal     pc + 0x6
core   0: 3 0x800080a8 (0x006000ef) x1  0x800080ac
core   0: 0x800080ae (0xff1ff0ef) jal     pc - 0x10
core   0: 3 0x800080ae (0xff1ff0ef) x1  0x800080b2
core   0: 0x8000809e (0x0000bfe5) c.j     pc - 8
core   0: 3 0x8000809e (0xbfe5)
core   0: 0x80008096 (0xffbff0ef) jal     pc - 0x6
core   0: 3 0x80008096 (0xffbff0ef) x1  0x8000809a
core   0: 0x80008090 (0x0280036f) jal     t1, pc + 0x28
core   0: 3 0x80008090 (0x0280036f) x6  0x80008094
core   0: 0x800080b8 (0x008000ef) jal     pc + 0x8
core   0: 3 0x800080b8 (0x008000ef) x1  0x800080bc
core   0: 0x800080c0 (0xff5ff36f) jal     t1, pc - 0xc
core   0: 3 0x800080c0 (0xff5ff36f) x6  0x800080c4
core   0: 0x800080b4 (0x00a0016f) jal     sp, pc + 0xa
core   0: 3 0x800080b4 (0x00a0016f) x2  0x800080b8
core   0: 0x800080be (0x00003ff1) c.jal   pc - 36
core   0: 3 0x800080be (0x3ff1) x1  0x800080c0
core   0: 0x8000809a (0x0000a821) c.j     pc + 24
core   0: 3 0x8000809a (0xa821)
core   0: 0x800080b2 (0x000037ed) c.jal   pc - 22
core   0: 3 0x800080b2 (0x37ed) x1  0x800080b4
core   0: 0x8000809c (0x00002005) c.jal   pc + 32
core   0: 3 0x8000809c (0x2005) x1  0x8000809e
core   0: 0x800080bc (0x000037e5) c.jal   pc - 24
core   0: 3 0x800080bc (0x37e5) x1  0x800080be
core   0: 0x800080a4 (0xffdff0ef) jal     pc - 0x4
core   0: 3 0x800080a4 (0xffdff0ef) x1  0x800080a8
core   0: 0x800080a0 (0x00c000ef) jal     pc + 0xc
core   0: 3 0x800080a0 (0x00c000ef) x1  0x800080a4
core   0: 0x800080ac (0x00002821) c.jal   pc + 24
core   0: 3 0x800080ac (0x2821) x1  0x800080ae
core   0: 0x800080c4 (0x5f52f597) auipc   a1, 0x5f52f
core   0: 3 0x800080c4 (0x5f52f597) x11 0xdf5370c4
core   0: 0x800080c8 (0x00004ca9) c.li    s9, 10
core   0: 3 0x800080c8 (0x4ca9) x25 0x0000000a
core   0: 0x800080ca (0x000047d1) c.li    a5, 20
core   0: 3 0x800080ca (0x47d1) x15 0x00000014
core   0: 0x800080cc (0x03d05f33) divu    t5, zero, t4
core   0: 3 0x800080cc (0x03d05f33) x30 0x00000000
core   0: 0x800080d0 (0x00000c89) c.addi  s9, 2
core   0: 3 0x800080d0 (0x0c89) x25 0x0000000c
core   0: 0x800080d2 (0x00004609) c.li    a2, 2
core   0: 3 0x800080d2 (0x4609) x12 0x00000002
core   0: 0x800080d4 (0x00004829) c.li    a6, 10
core   0: 3 0x800080d4 (0x4829) x16 0x0000000a
core   0: 0x800080d6 (0x00008f29) c.xor   a4, a0
core   0: 3 0x800080d6 (0x8f29) x14 0x0500005f
core   0: 0x800080d8 (0x00000619) c.addi  a2, 6
core   0: 3 0x800080d8 (0x0619) x12 0x00000008
core   0: 0x800080da (0xff064ee3) blt     a2, a6, pc - 4
core   0: 3 0x800080da (0xff064ee3)
core   0: 0x800080d6 (0x00008f29) c.xor   a4, a0
core   0: 3 0x800080d6 (0x8f29) x14 0x05000004
core   0: 0x800080d8 (0x00000619) c.addi  a2, 6
core   0: 3 0x800080d8 (0x0619) x12 0x0000000e
core   0: 0x800080da (0xff064ee3) blt     a2, a6, pc - 4
core   0: 3 0x800080da (0xff064ee3)
core   0: 0x800080de (0xfefc97e3) bne     s9, a5, pc - 18
core   0: 3 0x800080de (0xfefc97e3)
core   0: 0x800080cc (0x03d05f33) divu    t5, zero, t4
core   0: 3 0x800080cc (0x03d05f33) x30 0x00000000
core   0: 0x800080d0 (0x00000c89) c.addi  s9, 2
core   0: 3 0x800080d0 (0x0c89) x25 0x0000000e
core   0: 0x800080d2 (0x00004609) c.li    a2, 2
core   0: 3 0x800080d2 (0x4609) x12 0x00000002
core   0: 0x800080d4 (0x00004829) c.li    a6, 10
core   0: 3 0x800080d4 (0x4829) x16 0x0000000a
core   0: 0x800080d6 (0x00008f29) c.xor   a4, a0
core   0: 3 0x800080d6 (0x8f29) x14 0x0500005f
core   0: 0x800080d8 (0x00000619) c.addi  a2, 6
core   0: 3 0x800080d8 (0x0619) x12 0x00000008
core   0: 0x800080da (0xff064ee3) blt     a2, a6, pc - 4
core   0: 3 0x800080da (0xff064ee3)
core   0: 0x800080d6 (0x00008f29) c.xor   a4, a0
core   0: 3 0x800080d6 (0x8f29) x14 0x05000004
core   0: 0x800080d8 (0x00000619) c.addi  a2, 6
core   0: 3 0x800080d8 (0x0619) x12 0x0000000e
core   0: 0x800080da (0xff064ee3) blt     a2, a6, pc - 4
core   0: 3 0x800080da (0xff064ee3)
core   0: 0x800080de (0xfefc97e3) bne     s9, a5, pc - 18
core   0: 3 0x800080de (0xfefc97e3)
core   0: 0x800080cc (0x03d05f33) divu    t5, zero, t4
core   0: 3 0x800080cc (0x03d05f33) x30 0x00000000
core   0: 0x800080d0 (0x00000c89) c.addi  s9, 2
core   0: 3 0x800080d0 (0x0c89) x25 0x00000010
core   0: 0x800080d2 (0x00004609) c.li    a2, 2
core   0: 3 0x800080d2 (0x4609) x12 0x00000002
core   0: 0x800080d4 (0x00004829) c.li    a6, 10
core   0: 3 0x800080d4 (0x4829) x16 0x0000000a
core   0: 0x800080d6 (0x00008f29) c.xor   a4, a0
core   0: 3 0x800080d6 (0x8f29) x14 0x0500005f
core   0: 0x800080d8 (0x00000619) c.addi  a2, 6
core   0: 3 0x800080d8 (0x0619) x12 0x00000008
core   0: 0x800080da (0xff064ee3) blt     a2, a6, pc - 4
core   0: 3 0x800080da (0xff064ee3)
core   0: 0x800080d6 (0x00008f29) c.xor   a4, a0
core   0: 3 0x800080d6 (0x8f29) x14 0x05000004
core   0: 0x800080d8 (0x00000619) c.addi  a2, 6
core   0: 3 0x800080d8 (0x0619) x12 0x0000000e
core   0: 0x800080da (0xff064ee3) blt     a2, a6, pc - 4
core   0: 3 0x800080da (0xff064ee3)
core   0: 0x800080de (0xfefc97e3) bne     s9, a5, pc - 18
core   0: 3 0x800080de (0xfefc97e3)
core   0: 0x800080cc (0x03d05f33) divu    t5, zero, t4
core   0: 3 0x800080cc (0x03d05f33) x30 0x00000000
core   0: 0x800080d0 (0x00000c89) c.addi  s9, 2
core   0: 3 0x800080d0 (0x0c89) x25 0x00000012
core   0: 0x800080d2 (0x00004609) c.li    a2, 2
core   0: 3 0x800080d2 (0x4609) x12 0x00000002
core   0: 0x800080d4 (0x00004829) c.li    a6, 10
core   0: 3 0x800080d4 (0x4829) x16 0x0000000a
core   0: 0x800080d6 (0x00008f29) c.xor   a4, a0
core   0: 3 0x800080d6 (0x8f29) x14 0x0500005f
core   0: 0x800080d8 (0x00000619) c.addi  a2, 6
core   0: 3 0x800080d8 (0x0619) x12 0x00000008
core   0: 0x800080da (0xff064ee3) blt     a2, a6, pc - 4
core   0: 3 0x800080da (0xff064ee3)
core   0: 0x800080d6 (0x00008f29) c.xor   a4, a0
core   0: 3 0x800080d6 (0x8f29) x14 0x05000004
core   0: 0x800080d8 (0x00000619) c.addi  a2, 6
core   0: 3 0x800080d8 (0x0619) x12 0x0000000e
core   0: 0x800080da (0xff064ee3) blt     a2, a6, pc - 4
core   0: 3 0x800080da (0xff064ee3)
core   0: 0x800080de (0xfefc97e3) bne     s9, a5, pc - 18
core   0: 3 0x800080de (0xfefc97e3)
core   0: 0x800080cc (0x03d05f33) divu    t5, zero, t4
core   0: 3 0x800080cc (0x03d05f33) x30 0x00000000
core   0: 0x800080d0 (0x00000c89) c.addi  s9, 2
core   0: 3 0x800080d0 (0x0c89) x25 0x00000014
core   0: 0x800080d2 (0x00004609) c.li    a2, 2
core   0: 3 0x800080d2 (0x4609) x12 0x00000002
core   0: 0x800080d4 (0x00004829) c.li    a6, 10
core   0: 3 0x800080d4 (0x4829) x16 0x0000000a
core   0: 0x800080d6 (0x00008f29) c.xor   a4, a0
core   0: 3 0x800080d6 (0x8f29) x14 0x0500005f
core   0: 0x800080d8 (0x00000619) c.addi  a2, 6
core   0: 3 0x800080d8 (0x0619) x12 0x00000008
core   0: 0x800080da (0xff064ee3) blt     a2, a6, pc - 4
core   0: 3 0x800080da (0xff064ee3)
core   0: 0x800080d6 (0x00008f29) c.xor   a4, a0
core   0: 3 0x800080d6 (0x8f29) x14 0x05000004
core   0: 0x800080d8 (0x00000619) c.addi  a2, 6
core   0: 3 0x800080d8 (0x0619) x12 0x0000000e
core   0: 0x800080da (0xff064ee3) blt     a2, a6, pc - 4
core   0: 3 0x800080da (0xff064ee3)
core   0: 0x800080de (0xfefc97e3) bne     s9, a5, pc - 18
core   0: 3 0x800080de (0xfefc97e3)
core   0: 0x800080e2 (0x03d4adb3) mulhsu  s11, s1, t4
core   0: 3 0x800080e2 (0x03d4adb3) x27 0xfffffffc
core   0: 0x800080e6 (0x40650733) sub     a4, a0, t1
core   0: 3 0x800080e6 (0x40650733) x14 0x7fff7f97
core   0: 0x800080ea (0x0000c009) c.beqz  s0, pc + 2
core   0: 3 0x800080ea (0xc009)
core   0: 0x800080ec (0x018d5e63) bge     s10, s8, pc + 28
core   0: 3 0x800080ec (0x018d5e63)
core   0: 0x80008108 (0x405e83b3) sub     t2, t4, t0
core   0: 3 0x80008108 (0x405e83b3) x7  0xffffffc3
core   0: 0x8000810c (0x03678f33) mul     t5, a5, s6
core   0: 3 0x8000810c (0x03678f33) x30 0x00000014
core   0: 0x80008110 (0x029f7d63) bgeu    t5, s1, pc + 58
core   0: 3 0x80008110 (0x029f7d63)
core   0: 0x80008114 (0x51b54d93) xori    s11, a0, 1307
core   0: 3 0x80008114 (0x51b54d93) x27 0x00000540
core   0: 0x80008118 (0x00006311) c.lui   t1, 0x4
core   0: 3 0x80008118 (0x6311) x6  0x00004000
core   0: 0x8000811a (0x024a68b3) rem     a7, s4, tp
core   0: 3 0x8000811a (0x024a68b3) x17 0xffffffad
core   0: 0x8000811e (0x010ebe33) sltu    t3, t4, a6
core   0: 3 0x8000811e (0x010ebe33) x28 0x00000001
core   0: 0x80008122 (0x0162f933) and     s2, t0, s6
core   0: 3 0x80008122 (0x0162f933) x18 0x00000001
core   0: 0x80008126 (0x025d7a63) bgeu    s10, t0, pc + 52
core   0: 3 0x80008126 (0x025d7a63)
core   0: 0x8000812a (0x00008f01) c.sub   a4, s0
core   0: 3 0x8000812a (0x8f01) x14 0x7fff7f2f
core   0: 0x8000812c (0xbef3a513) slti    a0, t2, -1041
core   0: 3 0x8000812c (0xbef3a513) x10 0x00000000
core   0: 0x80008130 (0x43323593) sltiu   a1, tp, 1075
core   0: 3 0x80008130 (0x43323593) x11 0x00000000
core   0: 0x80008134 (0x01386d33) or      s10, a6, s3
core   0: 3 0x80008134 (0x01386d33) x26 0x0000000b
core   0: 0x80008138 (0x91cbb1b7) lui     gp, 0x91cbb
core   0: 3 0x80008138 (0x91cbb1b7) x3  0x91cbb000
core   0: 0x8000813c (0x00008d7d) c.and   a0, a5
core   0: 3 0x8000813c (0x8d7d) x10 0x00000000
core   0: 0x8000813e (0x0051d593) srli    a1, gp, 5
core   0: 3 0x8000813e (0x0051d593) x11 0x048e5d80
core   0: 0x80008142 (0x00004a99) c.li    s5, 6
core   0: 3 0x80008142 (0x4a99) x21 0x00000006
core   0: 0x80008144 (0x02a2ccb3) div     s9, t0, a0
core   0: 3 0x80008144 (0x02a2ccb3) x25 0xffffffff
core   0: 0x80008148 (0x00008d75) c.and   a0, a3
core   0: 3 0x80008148 (0x8d75) x10 0x00000000
core   0: 0x8000814a (0x03f83233) mulhu   tp, a6, t6
core   0: 3 0x8000814a (0x03f83233) x4  0x00000005
core   0: 0x8000814e (0x01c32933) slt     s2, t1, t3
core   0: 3 0x8000814e (0x01c32933) x18 0x00000000
core   0: 0x80008152 (0x00a664b3) or      s1, a2, a0
core   0: 3 0x80008152 (0x00a664b3) x9  0x0000000e
core   0: 0x80008156 (0xcc5f6637) lui     a2, 0xcc5f6
core   0: 3 0x80008156 (0xcc5f6637) x12 0xcc5f6000
core   0: 0x8000815a (0xf94a7693) andi    a3, s4, -108
core   0: 3 0x8000815a (0xf94a7693) x13 0xffffff84
core   0: 0x8000815e (0x75108e13) addi    t3, ra, 1873
core   0: 3 0x8000815e (0x75108e13) x28 0x800087ff
core   0: 0x80008162 (0x00008eb5) c.xor   a3, a3
core   0: 3 0x80008162 (0x8eb5) x13 0x00000000
core   0: 0x80008164 (0x0000039c) c.addi4spn a5, sp, 448
core   0: 3 0x80008164 (0x039c) x15 0x80008278
core   0: 0x80008166 (0x00000001) c.nop
core   0: 3 0x80008166 (0x0001)
core   0: 0x80008168 (0x00008db9) c.xor   a1, a4
core   0: 3 0x80008168 (0x8db9) x11 0x7b7122af
core   0: 0x8000816a (0x0000cc19) c.beqz  s0, pc + 30
core   0: 3 0x8000816a (0xcc19)
core   0: 0x8000816c (0x7e277913) andi    s2, a4, 2018
core   0: 3 0x8000816c (0x7e277913) x18 0x00000722
core   0: 0x80008170 (0x00001498) c.addi4spn a4, sp, 608
core   0: 3 0x80008170 (0x1498) x14 0x80008318
core   0: 0x80008172 (0x0385e1b3) rem     gp, a1, s8
core   0: 3 0x80008172 (0x0385e1b3) x3  0x7b7122af
core   0: 0x80008176 (0x02a96763) bltu    s2, a0, pc + 46
core   0: 3 0x80008176 (0x02a96763)
core   0: 0x8000817a (0x028af233) remu    tp, s5, s0
core   0: 3 0x8000817a (0x028af233) x4  0x00000006
core   0: 0x8000817e (0x012775b3) and     a1, a4, s2
core   0: 3 0x8000817e (0x012775b3) x11 0x00000300
core   0: 0x80008182 (0x0000672d) c.lui   a4, 0xb
core   0: 3 0x80008182 (0x672d) x14 0x0000b000
core   0: 0x80008184 (0x0ea10513) addi    a0, sp, 234
core   0: 3 0x80008184 (0x0ea10513) x10 0x800081a2
core   0: 0x80008188 (0x402dd333) sra     t1, s11, sp
core   0: 3 0x80008188 (0x402dd333) x6  0x00000000
core   0: 0x8000818c (0x0092c6b3) xor     a3, t0, s1
core   0: 3 0x8000818c (0x0092c6b3) x13 0x0000004b
core   0: 0x80008190 (0x0000c801) c.beqz  s0, pc + 16
core   0: 3 0x80008190 (0xc801)
core   0: 0x80008192 (0x397f2c93) slti    s9, t5, 919
core   0: 3 0x80008192 (0x397f2c93) x25 0x00000001
core   0: 0x80008196 (0x0351ce33) div     t3, gp, s5
core   0: 3 0x80008196 (0x0351ce33) x28 0x1492db1d
core   0: 0x8000819a (0x65b3bbb7) lui     s7, 0x65b3b
core   0: 3 0x8000819a (0x65b3bbb7) x23 0x65b3b000
core   0: 0x8000819e (0x000019fd) c.addi  s3, -1
core   0: 3 0x8000819e (0x19fd) x19 0x0000000a
core   0: 0x800081a0 (0x000098fe) c.add   a7, t6
core   0: 3 0x800081a0 (0x98fe) x17 0x80029cd1
core   0: 0x800081a2 (0x00008ea5) c.xor   a3, s1
core   0: 3 0x800081a2 (0x8ea5) x13 0x00000045
core   0: 0x800081a4 (0x00000192) c.slli  gp, 4
core   0: 3 0x800081a4 (0x0192) x3  0xb7122af0
core   0: 0x800081a6 (0x0d872d93) slti    s11, a4, 216
core   0: 3 0x800081a6 (0x0d872d93) x27 0x00000000
core   0: 0x800081aa (0x0512f463) bgeu    t0, a7, pc + 72
core   0: 3 0x800081aa (0x0512f463)
core   0: 0x800081ae (0x02917033) remu    zero, sp, s1
core   0: 3 0x800081ae (0x02917033)
core   0: 0x800081b2 (0x02a355b3) divu    a1, t1, a0
core   0: 3 0x800081b2 (0x02a355b3) x11 0x00000000
core   0: 0x800081b6 (0x40595b13) srai    s6, s2, 5
core   0: 3 0x800081b6 (0x40595b13) x22 0x00000039
core   0: 0x800081ba (0x40ab8833) sub     a6, s7, a0
core   0: 3 0x800081ba (0x40ab8833) x16 0xe5b32e5e
core   0: 0x800081be (0x0bc3f013) andi    zero, t2, 188
core   0: 3 0x800081be (0x0bc3f013)
core   0: 0x800081c2 (0x016d19b3) sll     s3, s10, s6
core   0: 3 0x800081c2 (0x016d19b3) x19 0x16000000
core   0: 0x800081c6 (0x01f71d93) slli    s11, a4, 31
core   0: 3 0x800081c6 (0x01f71d93) x27 0x00000000
core   0: 0x800081ca (0x02c5fa63) bgeu    a1, a2, pc + 52
core   0: 3 0x800081ca (0x02c5fa63)
core   0: 0x800081ce (0x02b75d33) divu    s10, a4, a1
core   0: 3 0x800081ce (0x02b75d33) x26 0xffffffff
core   0: 0x800081d2 (0x00000001) c.nop
core   0: 3 0x800081d2 (0x0001)
core   0: 0x800081d4 (0xd8968937) lui     s2, 0xd8968
core   0: 3 0x800081d4 (0xd8968937) x18 0xd8968000
core   0: 0x800081d8 (0x01290a33) add     s4, s2, s2
core   0: 3 0x800081d8 (0x01290a33) x20 0xb12d0000
core   0: 0x800081dc (0x00369033) sll     zero, a3, gp
core   0: 3 0x800081dc (0x00369033)
core   0: 0x800081e0 (0x030bfc63) bgeu    s7, a6, pc + 56
core   0: 3 0x800081e0 (0x030bfc63)
core   0: 0x800081e4 (0x00008c8d) c.sub   s1, a1
core   0: 3 0x800081e4 (0x8c8d) x9  0x0000000e
core   0: 0x800081e6 (0x00000001) c.nop
core   0: 3 0x800081e6 (0x0001)
core   0: 0x800081e8 (0x0141fa33) and     s4, gp, s4
core   0: 3 0x800081e8 (0x0141fa33) x20 0xb1000000
core   0: 0x800081ec (0x38c0ac93) slti    s9, ra, 908
core   0: 3 0x800081ec (0x38c0ac93) x25 0x00000001
core   0: 0x800081f0 (0x00000310) c.addi4spn a2, sp, 384
core   0: 3 0x800081f0 (0x0310) x12 0x80008238
core   0: 0x800081f2 (0x0000849d) c.srai  s1, 7
core   0: 3 0x800081f2 (0x849d) x9  0x00000000
core   0: 0x800081f4 (0x000044f9) c.li    s1, 30
core   0: 3 0x800081f4 (0x44f9) x9  0x0000001e
core   0: 0x800081f6 (0x0000617d) c.addi16sp sp, 496
core   0: 3 0x800081f6 (0x617d) x2  0x800082a8
core   0: 0x800081f8 (0x00008d59) c.or    a0, a4
core   0: 3 0x800081f8 (0x8d59) x10 0x8000b1a2
core   0: 0x800081fa (0x03c677b3) remu    a5, a2, t3
core   0: 3 0x800081fa (0x03c677b3) x15 0x048f5f8a
core   0: 0x800081fe (0x01c97263) bgeu    s2, t3, pc + 4
core   0: 3 0x800081fe (0x01c97263)
core   0: 0x80008202 (0x01503cb3) snez    s9, s5
core   0: 3 0x80008202 (0x01503cb3) x25 0x00000001
core   0: 0x80008206 (0x00008c6d) c.and   s0, a1
core   0: 3 0x80008206 (0x8c6d) x8  0x00000000
core   0: 0x80008208 (0x03dfda63) bge     t6, t4, pc + 52
core   0: 3 0x80008208 (0x03dfda63)
core   0: 0x8000820c (0x00000112) c.slli  sp, 4
core   0: 3 0x8000820c (0x0112) x2  0x00082a80
core   0: 0x8000820e (0x025c25b3) mulhsu  a1, s8, t0
core   0: 3 0x8000820e (0x025c25b3) x11 0xffffffdd
core   0: 0x80008212 (0x00009172) c.add   sp, t3
core   0: 3 0x80008212 (0x9172) x2  0x149b059d
core   0: 0x80008214 (0x01893333) sltu    t1, s2, s8
core   0: 3 0x80008214 (0x01893333) x6  0x00000000
core   0: 0x80008218 (0x27f88a17) auipc   s4, 0x27f88
core   0: 3 0x80008218 (0x27f88a17) x20 0xa7f90218
core   0: 0x8000821c (0x01601563) bne     zero, s6, pc + 10
core   0: 3 0x8000821c (0x01601563)
core   0: 0x80008226 (0x00000001) c.nop
core   0: 3 0x80008226 (0x0001)
core   0: 0x80008228 (0x00008a25) c.andi  a2, 9
core   0: 3 0x80008228 (0x8a25) x12 0x00000008
core   0: 0x8000822a (0x023795b3) mulh    a1, a5, gp
core   0: 3 0x8000822a (0x023795b3) x11 0xfeb3709a
core   0: 0x8000822e (0x7bb6a593) slti    a1, a3, 1979
core   0: 3 0x8000822e (0x7bb6a593) x11 0x00000001
core   0: 0x80008232 (0x02790a63) beq     s2, t2, pc + 52
core   0: 3 0x80008232 (0x02790a63)
core   0: 0x80008236 (0x00008db1) c.xor   a1, a2
core   0: 3 0x80008236 (0x8db1) x11 0x00000009
core   0: 0x80008238 (0x007cca33) xor     s4, s9, t2
core   0: 3 0x80008238 (0x007cca33) x20 0xffffffc2
core   0: 0x8000823c (0x62127f13) andi    t5, tp, 1569
core   0: 3 0x8000823c (0x62127f13) x30 0x00000000
core   0: 0x80008240 (0x00008e15) c.sub   a2, a3
core   0: 3 0x80008240 (0x8e15) x12 0xffffffc3
core   0: 0x80008242 (0x416d8933) sub     s2, s11, s6
core   0: 3 0x80008242 (0x416d8933) x18 0xffffffc7
core   0: 0x80008246 (0x000081bd) c.srli  a1, 15
core   0: 3 0x80008246 (0x81bd) x11 0x00000000
core   0: 0x80008248 (0x00008621) c.srai  a2, 8
core   0: 3 0x80008248 (0x8621) x12 0xffffffff
core   0: 0x8000824a (0x02d9f333) remu    t1, s3, a3
core   0: 3 0x8000824a (0x02d9f333) x6  0x00000013
core   0: 0x8000824e (0x00331693) slli    a3, t1, 3
core   0: 3 0x8000824e (0x00331693) x13 0x00000098
core   0: 0x80008252 (0x03e139b3) mulhu   s3, sp, t5
core   0: 3 0x80008252 (0x03e139b3) x19 0x00000000
core   0: 0x80008256 (0x035ec563) blt     t4, s5, pc + 42
core   0: 3 0x80008256 (0x035ec563)
core   0: 0x8000825a (0x00008c21) c.xor   s0, s0
core   0: 3 0x8000825a (0x8c21) x8  0x00000000
core   0: 0x8000825c (0x03f4ea33) rem     s4, s1, t6
core   0: 3 0x8000825c (0x03f4ea33) x20 0x0000001e
core   0: 0x80008260 (0x000011fd) c.addi  gp, -1
core   0: 3 0x80008260 (0x11fd) x3  0xb7122aef
core   0: 0x80008262 (0xd7db0713) addi    a4, s6, -643
core   0: 3 0x80008262 (0xd7db0713) x14 0xfffffdb6
core   0: 0x80008266 (0x0106ff33) and     t5, a3, a6
core   0: 3 0x80008266 (0x0106ff33) x30 0x00000018
core   0: 0x8000826a (0x027c7763) bgeu    s8, t2, pc + 46
core   0: 3 0x8000826a (0x027c7763)
core   0: 0x8000826e (0x01e9b933) sltu    s2, s3, t5
core   0: 3 0x8000826e (0x01e9b933) x18 0x00000001
core   0: 0x80008272 (0x00008999) c.andi  a1, 6
core   0: 3 0x80008272 (0x8999) x11 0x00000000
core   0: 0x80008274 (0x03db2033) mulhsu  zero, s6, t4
core   0: 3 0x80008274 (0x03db2033)
core   0: 0x80008278 (0x017ad6b3) srl     a3, s5, s7
core   0: 3 0x80008278 (0x017ad6b3) x13 0x00000006
core   0: 0x8000827c (0xc9e8f193) andi    gp, a7, -866
core   0: 3 0x8000827c (0xc9e8f193) x3  0x80029c90
core   0: 0x80008280 (0x02dae4b3) rem     s1, s5, a3
core   0: 3 0x80008280 (0x02dae4b3) x9  0x00000000
core   0: 0x80008284 (0x0183de63) bge     t2, s8, pc + 28
core   0: 3 0x80008284 (0x0183de63)
core   0: 0x800082a0 (0x02d9f833) remu    a6, s3, a3
core   0: 3 0x800082a0 (0x02d9f833) x16 0x00000000
core   0: 0x800082a4 (0x011260b3) or      ra, tp, a7
core   0: 3 0x800082a4 (0x011260b3) x1  0x80029cd7
core   0: 0x800082a8 (0x001fde33) srl     t3, t6, ra
core   0: 3 0x800082a8 (0x001fde33) x28 0x00000100
core   0: 0x800082ac (0x0000879d) c.srai  a5, 7
core   0: 3 0x800082ac (0x879d) x15 0x00091ebf
core   0: 0x800082ae (0x02fe8663) beq     t4, a5, pc + 44
core   0: 3 0x800082ae (0x02fe8663)
core   0: 0x800082b2 (0x038d2d33) mulhsu  s10, s10, s8
core   0: 3 0x800082b2 (0x038d2d33) x26 0xffffffff
core   0: 0x800082b6 (0x025b9a63) bne     s7, t0, pc + 52
core   0: 3 0x800082b6 (0x025b9a63)
core   0: 0x800082ea (0x01491d93) slli    s11, s2, 20
core   0: 3 0x800082ea (0x01491d93) x27 0x00100000
core   0: 0x800082ee (0x0d3e4513) xori    a0, t3, 211
core   0: 3 0x800082ee (0x0d3e4513) x10 0x000001d3
core   0: 0x800082f2 (0x401751b3) sra     gp, a4, ra
core   0: 3 0x800082f2 (0x401751b3) x3  0xffffffff
core   0: 0x800082f6 (0xa5951397) auipc   t2, 0xa5951
core   0: 3 0x800082f6 (0xa5951397) x7  0x259592f6
core   0: 0x800082fa (0x00000001) c.nop
core   0: 3 0x800082fa (0x0001)
core   0: 0x800082fc (0x05084263) blt     a6, a6, pc + 68
core   0: 3 0x800082fc (0x05084263)
core   0: 0x80008300 (0x00ac5413) srli    s0, s8, 10
core   0: 3 0x80008300 (0x00ac5413) x8  0x00200097
core   0: 0x80008304 (0x00004ad5) c.li    s5, 21
core   0: 3 0x80008304 (0x4ad5) x21 0x00000015
core   0: 0x80008306 (0x001d1e63) bne     s10, ra, pc + 28
core   0: 3 0x80008306 (0x001d1e63)
core   0: 0x80008322 (0x01c14cb3) xor     s9, sp, t3
core   0: 3 0x80008322 (0x01c14cb3) x25 0x149b049d
core   0: 0x80008326 (0x08d67693) andi    a3, a2, 141
core   0: 3 0x80008326 (0x08d67693) x13 0x0000008d
core   0: 0x8000832a (0x4409a593) slti    a1, s3, 1088
core   0: 3 0x8000832a (0x4409a593) x11 0x00000001
core   0: 0x8000832e (0xfdefc193) xori    gp, t6, -34
core   0: 3 0x8000832e (0xfdefc193) x3  0x7ffd62fa
core   0: 0x80008332 (0x00ab8633) add     a2, s7, a0
core   0: 3 0x80008332 (0x00ab8633) x12 0x65b3b1d3
core   0: 0x80008336 (0x02a06933) rem     s2, zero, a0
core   0: 3 0x80008336 (0x02a06933) x18 0x00000000
core   0: 0x8000833a (0x00000a3e) c.slli  s4, 15
core   0: 3 0x8000833a (0x0a3e) x20 0x000f0000
core   0: 0x8000833c (0x038ff363) bgeu    t6, s8, pc + 38
core   0: 3 0x8000833c (0x038ff363)
core   0: 0x80008362 (0x01a312b3) sll     t0, t1, s10
core   0: 3 0x80008362 (0x01a312b3) x5  0x80000000
core   0: 0x80008366 (0x00008151) c.srli  a0, 20
core   0: 3 0x80008366 (0x8151) x10 0x00000000
core   0: 0x80008368 (0x00008c45) c.or    s0, s1
core   0: 3 0x80008368 (0x8c45) x8  0x00200097
core   0: 0x8000836a (0x00008585) c.srai  a1, 1
core   0: 3 0x8000836a (0x8585) x11 0x00000000
core   0: 0x8000836c (0x02d82233) mulhsu  tp, a6, a3
core   0: 3 0x8000836c (0x02d82233) x4  0x00000000
core   0: 0x80008370 (0x013066b3) or      a3, zero, s3
core   0: 3 0x80008370 (0x013066b3) x13 0x00000000
core   0: 0x80008374 (0x00001e98) c.addi4spn a4, sp, 880
core   0: 3 0x80008374 (0x1e98) x14 0x149b090d
core   0: 0x80008376 (0x00009f4a) c.add   t5, s2
core   0: 3 0x80008376 (0x9f4a) x30 0x00000018
core   0: 0x80008378 (0x000061d9) c.lui   gp, 0x16
core   0: 3 0x80008378 (0x61d9) x3  0x00016000
core   0: 0x8000837a (0x00000001) c.nop
core   0: 3 0x8000837a (0x0001)
core   0: 0x8000837c (0x036da533) mulhsu  a0, s11, s6
core   0: 3 0x8000837c (0x036da533) x10 0x00000000
core   0: 0x80008380 (0x0000045a) c.slli  s0, 22
core   0: 3 0x80008380 (0x045a) x8  0x25c00000
core   0: 0x80008382 (0x022ff463) bgeu    t6, sp, pc + 40
core   0: 3 0x80008382 (0x022ff463)
core   0: 0x800083aa (0x00da5113) srli    sp, s4, 13
core   0: 3 0x800083aa (0x00da5113) x2  0x00000078
core   0: 0x800083ae (0x03acfcb3) remu    s9, s9, s10
core   0: 3 0x800083ae (0x03acfcb3) x25 0x149b049d
core   0: 0x800083b2 (0x0139d733) srl     a4, s3, s3
core   0: 3 0x800083b2 (0x0139d733) x14 0x00000000
core   0: 0x800083b6 (0x5a5de813) ori     a6, s11, 1445
core   0: 3 0x800083b6 (0x5a5de813) x16 0x001005a5
core   0: 0x800083ba (0x02a086b3) mul     a3, ra, a0
core   0: 3 0x800083ba (0x02a086b3) x13 0x00000000
core   0: 0x800083be (0x01704033) xor     zero, zero, s7
core   0: 3 0x800083be (0x01704033)
core   0: 0x800083c2 (0x03b7ab33) mulhsu  s6, a5, s11
core   0: 3 0x800083c2 (0x03b7ab33) x22 0x00000091
core   0: 0x800083c6 (0x09b6e993) ori     s3, a3, 155
core   0: 3 0x800083c6 (0x09b6e993) x19 0x0000009b
core   0: 0x800083ca (0x0000ea95) c.bnez  a3, pc + 52
core   0: 3 0x800083ca (0xea95)
core   0: 0x800083cc (0x00008709) c.srai  a4, 2
core   0: 3 0x800083cc (0x8709) x14 0x00000000
core   0: 0x800083ce (0x0347ae33) mulhsu  t3, a5, s4
core   0: 3 0x800083ce (0x0347ae33) x28 0x00000088
core   0: 0x800083d2 (0x00000a26) c.slli  s4, 9
core   0: 3 0x800083d2 (0x0a26) x20 0x1e000000
core   0: 0x800083d4 (0x026f18b3) mulh    a7, t5, t1
core   0: 3 0x800083d4 (0x026f18b3) x17 0x00000000
core   0: 0x800083d8 (0x414f5833) sra     a6, t5, s4
core   0: 3 0x800083d8 (0x414f5833) x16 0x00000018
core   0: 0x800083dc (0x0246cd33) div     s10, a3, tp
core   0: 3 0x800083dc (0x0246cd33) x26 0xffffffff
core   0: 0x800083e0 (0x6d0dc413) xori    s0, s11, 1744
core   0: 3 0x800083e0 (0x6d0dc413) x8  0x001006d0
core   0: 0x800083e4 (0x00a29263) bne     t0, a0, pc + 4
core   0: 3 0x800083e4 (0x00a29263)
core   0: 0x800083e8 (0x0000814d) c.srli  a0, 19
core   0: 3 0x800083e8 (0x814d) x10 0x00000000
core   0: 0x800083ea (0x00000001) c.nop
core   0: 3 0x800083ea (0x0001)
core   0: 0x800083ec (0x41ee8d33) sub     s10, t4, t5
core   0: 3 0x800083ec (0x41ee8d33) x26 0xfffffff0
core   0: 0x800083f0 (0x0c187063) bgeu    a6, ra, pc + 192
core   0: 3 0x800083f0 (0x0c187063)
core   0: 0x800083f4 (0x0000717d) c.addi16sp sp, -16
core   0: 3 0x800083f4 (0x717d) x2  0x00000068
core   0: 0x800083f6 (0x00008aae) c.mv    s5, a1
core   0: 3 0x800083f6 (0x8aae) x21 0x00000000
core   0: 0x800083f8 (0x0000547d) c.li    s0, -1
core   0: 3 0x800083f8 (0x547d) x8  0xffffffff
core   0: 0x800083fa (0x01c67ab3) and     s5, a2, t3
core   0: 3 0x800083fa (0x01c67ab3) x21 0x00000080
core   0: 0x800083fe (0x015ba533) slt     a0, s7, s5
core   0: 3 0x800083fe (0x015ba533) x10 0x00000000
core   0: 0x80008402 (0x021df633) remu    a2, s11, ra
core   0: 3 0x80008402 (0x021df633) x12 0x00100000
core   0: 0x80008406 (0x000006a5) c.addi  a3, 9
core   0: 3 0x80008406 (0x06a5) x13 0x00000009
core   0: 0x80008408 (0x006c5693) srli    a3, s8, 6
core   0: 3 0x80008408 (0x006c5693) x13 0x02000978
core   0: 0x8000840c (0x00000001) c.nop
core   0: 3 0x8000840c (0x0001)
core   0: 0x8000840e (0x00006aa1) c.lui   s5, 0x8
core   0: 3 0x8000840e (0x6aa1) x21 0x00008000
core   0: 0x80008410 (0x0a6cf863) bgeu    s9, t1, pc + 176
core   0: 3 0x80008410 (0x0a6cf863)
core   0: 0x800084c0 (0x0000035e) c.slli  t1, 23
core   0: 3 0x800084c0 (0x035e) x6  0x09800000
core   0: 0x800084c2 (0x00008c19) c.sub   s0, a4
core   0: 3 0x800084c2 (0x8c19) x8  0xffffffff
core   0: 0x800084c4 (0xf2dc4093) xori    ra, s8, -211
core   0: 3 0x800084c4 (0xf2dc4093) x1  0x7ffda115
core   0: 0x800084c8 (0x0260b5b3) mulhu   a1, ra, t1
core   0: 3 0x800084c8 (0x0260b5b3) x11 0x04bfe97a
core   0: 0x800084cc (0x03a15c63) bge     sp, s10, pc + 56
core   0: 3 0x800084cc (0x03a15c63)
core   0: 0x80008504 (0x01ff8933) add     s2, t6, t6
core   0: 3 0x80008504 (0x01ff8933) x18 0x00053a48
core   0: 0x80008508 (0x00b84bb3) xor     s7, a6, a1
core   0: 3 0x80008508 (0x00b84bb3) x23 0x04bfe962
core   0: 0x8000850c (0x00000c80) c.addi4spn s0, sp, 592
core   0: 3 0x8000850c (0x0c80) x8  0x000002b8
core   0: 0x8000850e (0x000061a9) c.lui   gp, 0xa
core   0: 3 0x8000850e (0x61a9) x3  0x0000a000
core   0: 0x80008510 (0x01ac6b33) or      s6, s8, s10
core   0: 3 0x80008510 (0x01ac6b33) x22 0xfffffff8
core   0: 0x80008514 (0x02fb7563) bgeu    s6, a5, pc + 42
core   0: 3 0x80008514 (0x02fb7563)
core   0: 0x8000853e (0x000da233) slt     tp, s11, zero
core   0: 3 0x8000853e (0x000da233) x4  0x00000000
core   0: 0x80008542 (0x0226d233) divu    tp, a3, sp
core   0: 3 0x80008542 (0x0226d233) x4  0x0004ec66
core   0: 0x80008546 (0x00009afd) c.andi  a3, -1
core   0: 3 0x80008546 (0x9afd) x13 0x02000978
core   0: 0x80008548 (0x00000001) c.nop
core   0: 3 0x80008548 (0x0001)
core   0: 0x8000854a (0x00759433) sll     s0, a1, t2
core   0: 3 0x8000854a (0x00759433) x8  0x5e800000
core   0: 0x8000854e (0x02741e33) mulh    t3, s0, t2
core   0: 3 0x8000854e (0x02741e33) x28 0x0ddfb6bf
core   0: 0x80008552 (0x00008691) c.srai  a3, 4
core   0: 3 0x80008552 (0x8691) x13 0x00200097
core   0: 0x80008554 (0x03cc26b3) mulhsu  a3, s8, t3
core   0: 3 0x80008554 (0x03cc26b3) x13 0xf910457b
core   0: 0x80008558 (0x0299eab3) rem     s5, s3, s1
core   0: 3 0x80008558 (0x0299eab3) x21 0x0000009b
core   0: 0x8000855c (0x2fd70a13) addi    s4, a4, 765
core   0: 3 0x8000855c (0x2fd70a13) x20 0x000002fd
core   0: 0x80008560 (0x00001090) c.addi4spn a2, sp, 96
core   0: 3 0x80008560 (0x1090) x12 0x000000c8
core   0: 0x80008562 (0x00006dc9) c.lui   s11, 0x12
core   0: 3 0x80008562 (0x6dc9) x27 0x00012000
core   0: 0x80008564 (0x02da5133) divu    sp, s4, a3
core   0: 3 0x80008564 (0x02da5133) x2  0x00000000
core   0: 0x80008568 (0x00008f2d) c.xor   a4, a1
core   0: 3 0x80008568 (0x8f2d) x14 0x04bfe97a
core   0: 0x8000856a (0x417b8bb3) sub     s7, s7, s7
core   0: 3 0x8000856a (0x417b8bb3) x23 0x00000000
core   0: 0x8000856e (0x03e7e363) bltu    a5, t5, pc + 38
core   0: 3 0x8000856e (0x03e7e363)
core   0: 0x80008572 (0x000085a5) c.srai  a1, 9
core   0: 3 0x80008572 (0x85a5) x11 0x00025ff4
core   0: 0x80008574 (0x00008f7d) c.and   a4, a5
core   0: 3 0x80008574 (0x8f7d) x14 0x0009083a
core   0: 0x80008576 (0x4acce693) ori     a3, s9, 1196
core   0: 3 0x80008576 (0x4acce693) x13 0x149b04bd
core   0: 0x8000857a (0x038cfc63) bgeu    s9, s8, pc + 56
core   0: 3 0x8000857a (0x038cfc63)
core   0: 0x8000857e (0x00e41593) slli    a1, s0, 14
core   0: 3 0x8000857e (0x00e41593) x11 0x00000000
core   0: 0x80008582 (0x003209b3) add     s3, tp, gp
core   0: 3 0x80008582 (0x003209b3) x19 0x00058c66
core   0: 0x80008586 (0x03268f33) mul     t5, a3, s2
core   0: 3 0x80008586 (0x03268f33) x30 0x025d2728
core   0: 0x8000858a (0x00008d86) c.mv    s11, ra
core   0: 3 0x8000858a (0x8d86) x27 0x7ffda115
core   0: 0x8000858c (0x01d34f63) blt     t1, t4, pc + 30
core   0: 3 0x8000858c (0x01d34f63)
core   0: 0x80008590 (0xbcee2193) slti    gp, t3, -1074
core   0: 3 0x80008590 (0xbcee2193) x3  0x00000000
core   0: 0x80008594 (0x4d64a493) slti    s1, s1, 1238
core   0: 3 0x80008594 (0x4d64a493) x9  0x00000001
core   0: 0x80008598 (0x00008e4d) c.or    a2, a1
core   0: 3 0x80008598 (0x8e4d) x12 0x000000c8
core   0: 0x8000859a (0x00ca24b3) slt     s1, s4, a2
core   0: 3 0x8000859a (0x00ca24b3) x9  0x00000000
core   0: 0x8000859e (0x0171b433) sltu    s0, gp, s7
core   0: 3 0x8000859e (0x0171b433) x8  0x00000000
core   0: 0x800085a2 (0x014e0433) add     s0, t3, s4
core   0: 3 0x800085a2 (0x014e0433) x8  0x0ddfb9bc
core   0: 0x800085a6 (0xe199cc93) xori    s9, s3, -487
core   0: 3 0x800085a6 (0xe199cc93) x25 0xfffa727f
core   0: 0x800085aa (0x034173b3) remu    t2, sp, s4
core   0: 3 0x800085aa (0x034173b3) x7  0x00000000
core   0: 0x800085ae (0x01e50a33) add     s4, a0, t5
core   0: 3 0x800085ae (0x01e50a33) x20 0x025d2728
core   0: 0x800085b2 (0x01d64b33) xor     s6, a2, t4
core   0: 3 0x800085b2 (0x01d64b33) x22 0x000000c0
core   0: 0x800085b6 (0x010d31b3) sltu    gp, s10, a6
core   0: 3 0x800085b6 (0x010d31b3) x3  0x00000000
core   0: 0x800085ba (0x00006521) c.lui   a0, 0x8
core   0: 3 0x800085ba (0x6521) x10 0x00008000
core   0: 0x800085bc (0x00000001) c.nop
core   0: 3 0x800085bc (0x0001)
core   0: 0x800085be (0x00992f33) slt     t5, s2, s1
core   0: 3 0x800085be (0x00992f33) x30 0x00000000
core   0: 0x800085c2 (0x03ab37b3) mulhu   a5, s6, s10
core   0: 3 0x800085c2 (0x03ab37b3) x15 0x000000bf
core   0: 0x800085c6 (0x0088fa63) bgeu    a7, s0, pc + 20
core   0: 3 0x800085c6 (0x0088fa63)
core   0: 0x800085ca (0x024de833) rem     a6, s11, tp
core   0: 3 0x800085ca (0x024de833) x16 0x0000317b
core   0: 0x800085ce (0xdbec4313) xori    t1, s8, -578
core   0: 3 0x800085ce (0xdbec4313) x6  0x7ffda386
core   0: 0x800085d2 (0x0010ec63) bltu    ra, ra, pc + 24
core   0: 3 0x800085d2 (0x0010ec63)
core   0: 0x800085d6 (0x727d21b7) lui     gp, 0x727d2
core   0: 3 0x800085d6 (0x727d21b7) x3  0x727d2000
core   0: 0x800085da (0x000083dd) c.srli  a5, 23
core   0: 3 0x800085da (0x83dd) x15 0x00000000
core   0: 0x800085dc (0x678ea297) auipc   t0, 0x678ea
core   0: 3 0x800085dc (0x678ea297) x5  0xe78f25dc
core   0: 0x800085e0 (0x0000cd15) c.beqz  a0, pc + 60
core   0: 3 0x800085e0 (0xcd15)
core   0: 0x800085e2 (0x02ae2b33) mulhsu  s6, t3, a0
core   0: 3 0x800085e2 (0x02ae2b33) x22 0x000006ef
core   0: 0x800085e6 (0x00b9ab33) slt     s6, s3, a1
core   0: 3 0x800085e6 (0x00b9ab33) x22 0x00000000
core   0: 0x800085ea (0x01879db3) sll     s11, a5, s8
core   0: 3 0x800085ea (0x01879db3) x27 0x00000000
core   0: 0x800085ee (0x4037db33) sra     s6, a5, gp
core   0: 3 0x800085ee (0x4037db33) x22 0x00000000
core   0: 0x800085f2 (0x01459613) slli    a2, a1, 20
core   0: 3 0x800085f2 (0x01459613) x12 0x00000000
core   0: 0x800085f6 (0x03407333) remu    t1, zero, s4
core   0: 3 0x800085f6 (0x03407333) x6  0x00000000
core   0: 0x800085fa (0x00000001) c.nop
core   0: 3 0x800085fa (0x0001)
core   0: 0x800085fc (0x0000c79d) c.beqz  a5, pc + 46
core   0: 3 0x800085fc (0xc79d)
core   0: 0x8000862a (0x00004401) c.li    s0, 0
core   0: 3 0x8000862a (0x4401) x8  0x00000000
core   0: 0x8000862c (0x0091cd63) blt     gp, s1, pc + 26
core   0: 3 0x8000862c (0x0091cd63)
core   0: 0x80008630 (0x00009726) c.add   a4, s1
core   0: 3 0x80008630 (0x9726) x14 0x0009083a
core   0: 0x80008632 (0x00006531) c.lui   a0, 0xc
core   0: 3 0x80008632 (0x6531) x10 0x0000c000
core   0: 0x80008634 (0x01279f13) slli    t5, a5, 18
core   0: 3 0x80008634 (0x01279f13) x30 0x00000000
core   0: 0x80008638 (0x3935eb13) ori     s6, a1, 915
core   0: 3 0x80008638 (0x3935eb13) x22 0x00000393
core   0: 0x8000863c (0x00008f19) c.sub   a4, a4
core   0: 3 0x8000863c (0x8f19) x14 0x00000000
core   0: 0x8000863e (0xbf34ee13) ori     t3, s1, -1037
core   0: 3 0x8000863e (0xbf34ee13) x28 0xfffffbf3
core   0: 0x80008642 (0x02466263) bltu    a2, tp, pc + 36
core   0: 3 0x80008642 (0x02466263)
core   0: 0x80008666 (0x00008f5d) c.or    a4, a5
core   0: 3 0x80008666 (0x8f5d) x14 0x00000000
core   0: 0x80008668 (0x0000862a) c.mv    a2, a0
core   0: 3 0x80008668 (0x862a) x12 0x0000c000
core   0: 0x8000866a (0x0000e589) c.bnez  a1, pc + 10
core   0: 3 0x8000866a (0xe589)
core   0: 0x8000866c (0xcb5bc093) xori    ra, s7, -843
core   0: 3 0x8000866c (0xcb5bc093) x1  0xfffffcb5
core   0: 0x80008670 (0x03660b33) mul     s6, a2, s6
core   0: 3 0x80008670 (0x03660b33) x22 0x02ae4000
core   0: 0x80008674 (0x00008c91) c.sub   s1, a2
core   0: 3 0x80008674 (0x8c91) x9  0xffff4000
core   0: 0x80008676 (0x026771b3) remu    gp, a4, t1
core   0: 3 0x80008676 (0x026771b3) x3  0x00000000
core   0: 0x8000867a (0x7d7c3913) sltiu   s2, s8, 2007
core   0: 3 0x8000867a (0x7d7c3913) x18 0x00000000
core   0: 0x8000867e (0x5b45b913) sltiu   s2, a1, 1460
core   0: 3 0x8000867e (0x5b45b913) x18 0x00000001
core   0: 0x80008682 (0x00000189) c.addi  gp, 2
core   0: 3 0x80008682 (0x0189) x3  0x00000002
core   0: 0x80008684 (0x00001704) c.addi4spn s1, sp, 928
core   0: 3 0x80008684 (0x1704) x9  0x000003a0
core   0: 0x80008686 (0x00004e6d) c.li    t3, 27
core   0: 3 0x80008686 (0x4e6d) x28 0x0000001b
core   0: 0x80008688 (0x0040b033) sltu    zero, ra, tp
core   0: 3 0x80008688 (0x0040b033)
core   0: 0x8000868c (0x00000349) c.addi  t1, 18
core   0: 3 0x8000868c (0x0349) x6  0x00000012
core   0: 0x8000868e (0x00008c11) c.sub   s0, a2
core   0: 3 0x8000868e (0x8c11) x8  0xffff4000
core   0: 0x80008690 (0x41d25893) srai    a7, tp, 29
core   0: 3 0x80008690 (0x41d25893) x17 0x00000000
core   0: 0x80008694 (0xd8ad5317) auipc   t1, 0xd8ad5
core   0: 3 0x80008694 (0xd8ad5317) x6  0x58add694
core   0: 0x80008698 (0x52b43b93) sltiu   s7, s0, 1323
core   0: 3 0x80008698 (0x52b43b93) x23 0x00000000
core   0: 0x8000869c (0x00000001) c.nop
core   0: 3 0x8000869c (0x0001)
core   0: 0x8000869e (0x000097be) c.add   a5, a5
core   0: 3 0x8000869e (0x97be) x15 0x00000000
core   0: 0x800086a0 (0x1c388013) addi    zero, a7, 451
core   0: 3 0x800086a0 (0x1c388013)
core   0: 0x800086a4 (0x02d0f763) bgeu    ra, a3, pc + 46
core   0: 3 0x800086a4 (0x02d0f763)
core   0: 0x800086d2 (0x009f1663) bne     t5, s1, pc + 12
core   0: 3 0x800086d2 (0x009f1663)
core   0: 0x800086de (0x00e5d013) srli    zero, a1, 14
core   0: 3 0x800086de (0x00e5d013)
core   0: 0x800086e2 (0x00381433) sll     s0, a6, gp
core   0: 3 0x800086e2 (0x00381433) x8  0x0000c5ec
core   0: 0x800086e6 (0x004c2083) lw      ra, 4(s8)
core   0: 3 0x800086e6 (0x004c2083) x1  0x800089bc mem 0x80025e3c
core   0: 0x800086ea (0x01982e33) slt     t3, a6, s9
core   0: 3 0x800086ea (0x01982e33) x28 0x00000000
core   0: 0x800086ee (0x020c0c13) addi    s8, s8, 32
core   0: 3 0x800086ee (0x020c0c13) x24 0x80025e58
core   0: 0x800086f2 (0xd7203f13) sltiu   t5, zero, -654
core   0: 3 0x800086f2 (0xd7203f13) x30 0x00000001
core   0: 0x800086f6 (0x00008693) mv      a3, ra
core   0: 3 0x800086f6 (0x00008693) x13 0x800089bc
core   0: 0x800086fa (0x00009682) c.jalr  a3
core   0: 3 0x800086fa (0x9682) x1  0x800086fc
core   0: 0x800089bc (0x416ddc93) srai    s9, s11, 22
core   0: 3 0x800089bc (0x416ddc93) x25 0x00000000
core   0: 0x800089c0 (0x00008fe1) c.and   a5, s0
core   0: 3 0x800089c0 (0x8fe1) x15 0x00000000
core   0: 0x800089c2 (0x000081da) c.mv    gp, s6
core   0: 3 0x800089c2 (0x81da) x3  0x02ae4000
core   0: 0x800089c4 (0x00004dc9) c.li    s11, 18
core   0: 3 0x800089c4 (0x4dc9) x27 0x00000012
core   0: 0x800089c6 (0x03d11b33) mulh    s6, sp, t4
core   0: 3 0x800089c6 (0x03d11b33) x22 0x00000000
core   0: 0x800089ca (0x02b775b7) lui     a1, 0x2b77
core   0: 3 0x800089ca (0x02b775b7) x11 0x02b77000
core   0: 0x800089ce (0x0075f6b3) and     a3, a1, t2
core   0: 3 0x800089ce (0x0075f6b3) x13 0x00000000
core   0: 0x800089d2 (0x00761c93) slli    s9, a2, 7
core   0: 3 0x800089d2 (0x00761c93) x25 0x00600000
core   0: 0x800089d6 (0x015e5e33) srl     t3, t3, s5
core   0: 3 0x800089d6 (0x015e5e33) x28 0x00000000
core   0: 0x800089da (0x00009256) c.add   tp, s5
core   0: 3 0x800089da (0x9256) x4  0x0004ed01
core   0: 0x800089dc (0x02502bb3) mulhsu  s7, zero, t0
core   0: 3 0x800089dc (0x02502bb3) x23 0x00000000
core   0: 0x800089e0 (0x03a04563) blt     zero, s10, pc + 42
core   0: 3 0x800089e0 (0x03a04563)
core   0: 0x800089e4 (0xbbc9b393) sltiu   t2, s3, -1092
core   0: 3 0x800089e4 (0xbbc9b393) x7  0x00000001
core   0: 0x800089e8 (0x000008a6) c.slli  a7, 9
core   0: 3 0x800089e8 (0x08a6) x17 0x00000000
core   0: 0x800089ea (0x015e7033) and     zero, t3, s5
core   0: 3 0x800089ea (0x015e7033)
core   0: 0x800089ee (0x0fc1eb13) ori     s6, gp, 252
core   0: 3 0x800089ee (0x0fc1eb13) x22 0x02ae40fc
core   0: 0x800089f2 (0x29928113) addi    sp, t0, 665
core   0: 3 0x800089f2 (0x29928113) x2  0xe78f2875
core   0: 0x800089f6 (0xb0bce317) auipc   t1, 0xb0bce
core   0: 3 0x800089f6 (0xb0bce317) x6  0x30bd69f6
core   0: 0x800089fa (0x00913433) sltu    s0, sp, s1
core   0: 3 0x800089fa (0x00913433) x8  0x00000000
core   0: 0x800089fe (0x0000e589) c.bnez  a1, pc + 10
core   0: 3 0x800089fe (0xe589)
core   0: 0x80008a08 (0x00008325) c.srli  a4, 9
core   0: 3 0x80008a08 (0x8325) x14 0x00000000
core   0: 0x80008a0a (0x00074333) xor     t1, a4, zero
core   0: 3 0x80008a0a (0x00074333) x6  0x00000000
core   0: 0x80008a0e (0x03266663) bltu    a2, s2, pc + 44
core   0: 3 0x80008a0e (0x03266663)
core   0: 0x80008a12 (0x000007c2) c.slli  a5, 16
core   0: 3 0x80008a12 (0x07c2) x15 0x00000000
core   0: 0x80008a14 (0x014a4e33) xor     t3, s4, s4
core   0: 3 0x80008a14 (0x014a4e33) x28 0x00000000
core   0: 0x80008a18 (0x05e05163) bge     zero, t5, pc + 66
core   0: 3 0x80008a18 (0x05e05163)
core   0: 0x80008a1c (0x0bc1b113) sltiu   sp, gp, 188
core   0: 3 0x80008a1c (0x0bc1b113) x2  0x00000000
core   0: 0x80008a20 (0x010a9433) sll     s0, s5, a6
core   0: 3 0x80008a20 (0x010a9433) x8  0xd8000000
core   0: 0x80008a24 (0x01bd1d63) bne     s10, s11, pc + 26
core   0: 3 0x80008a24 (0x01bd1d63)
core   0: 0x80008a3e (0x0258bbb3) mulhu   s7, a7, t0
core   0: 3 0x80008a3e (0x0258bbb3) x23 0x00000000
core   0: 0x80008a42 (0x000008d9) c.addi  a7, 22
core   0: 3 0x80008a42 (0x08d9) x17 0x00000016
core   0: 0x80008a44 (0x012100b3) add     ra, sp, s2
core   0: 3 0x80008a44 (0x012100b3) x1  0x00000001
core   0: 0x80008a48 (0x007e0963) beq     t3, t2, pc + 18
core   0: 3 0x80008a48 (0x007e0963)
core   0: 0x80008a4c (0xacba2613) slti    a2, s4, -1333
core   0: 3 0x80008a4c (0xacba2613) x12 0x00000000
core   0: 0x80008a50 (0x00009b36) c.add   s6, a3
core   0: 3 0x80008a50 (0x9b36) x22 0x02ae40fc
core   0: 0x80008a52 (0x03453233) mulhu   tp, a0, s4
core   0: 3 0x80008a52 (0x03453233) x4  0x000001c5
core   0: 0x80008a56 (0x01b7b8b3) sltu    a7, a5, s11
core   0: 3 0x80008a56 (0x01b7b8b3) x17 0x00000001
core   0: 0x80008a5a (0x000099fd) c.andi  a1, -1
core   0: 3 0x80008a5a (0x99fd) x11 0x02b77000
core   0: 0x80008a5c (0x00008635) c.srai  a2, 13
core   0: 3 0x80008a5c (0x8635) x12 0x00000000
core   0: 0x80008a5e (0x004c2083) lw      ra, 4(s8)
core   0: 3 0x80008a5e (0x004c2083) x1  0x80009e8a mem 0x80025e5c
core   0: 0x80008a62 (0xe5b78693) addi    a3, a5, -421
core   0: 3 0x80008a62 (0xe5b78693) x13 0xfffffe5b
core   0: 0x80008a66 (0x00bab3b3) sltu    t2, s5, a1
core   0: 3 0x80008a66 (0x00bab3b3) x7  0x00000001
core   0: 0x80008a6a (0x00000001) c.nop
core   0: 3 0x80008a6a (0x0001)
core   0: 0x80008a6c (0xf2c379b7) lui     s3, 0xf2c37
core   0: 3 0x80008a6c (0xf2c379b7) x19 0xf2c37000
core   0: 0x80008a70 (0x410852b3) sra     t0, a6, a6
core   0: 3 0x80008a70 (0x410852b3) x5  0x00000000
core   0: 0x80008a74 (0x00008fe1) c.and   a5, s0
core   0: 3 0x80008a74 (0x8fe1) x15 0x00000000
core   0: 0x80008a76 (0x034c0c13) addi    s8, s8, 52
core   0: 3 0x80008a76 (0x034c0c13) x24 0x80025e8c
core   0: 0x80008a7a (0x027d7a33) remu    s4, s10, t2
core   0: 3 0x80008a7a (0x027d7a33) x20 0x00000000
core   0: 0x80008a7e (0x00108513) addi    a0, ra, 1
core   0: 3 0x80008a7e (0x00108513) x10 0x80009e8b
core   0: 0x80008a82 (0x00008502) c.jr    a0
core   0: 3 0x80008a82 (0x8502)
core   0: 0x80009e8a (0x02d69f33) mulh    t5, a3, a3
core   0: 3 0x80009e8a (0x02d69f33) x30 0x00000000
core   0: 0x80009e8e (0x0000e589) c.bnez  a1, pc + 10
core   0: 3 0x80009e8e (0xe589)
core   0: 0x80009e98 (0xd9d87e13) andi    t3, a6, -611
core   0: 3 0x80009e98 (0xd9d87e13) x28 0x00003119
core   0: 0x80009e9c (0x032e0763) beq     t3, s2, pc + 46
core   0: 3 0x80009e9c (0x032e0763)
core   0: 0x80009ea0 (0x00fb2bb3) slt     s7, s6, a5
core   0: 3 0x80009ea0 (0x00fb2bb3) x23 0x00000000
core   0: 0x80009ea4 (0x0174e5b3) or      a1, s1, s7
core   0: 3 0x80009ea4 (0x0174e5b3) x11 0x000003a0
core   0: 0x80009ea8 (0x00008d21) c.xor   a0, s0
core   0: 3 0x80009ea8 (0x8d21) x10 0x58009e8b
core   0: 0x80009eaa (0x007d9863) bne     s11, t2, pc + 16
core   0: 3 0x80009eaa (0x007d9863)
core   0: 0x80009eba (0x19083213) sltiu   tp, a6, 400
core   0: 3 0x80009eba (0x19083213) x4  0x00000000
core   0: 0x80009ebe (0x034237b3) mulhu   a5, tp, s4
core   0: 3 0x80009ebe (0x034237b3) x15 0x00000000
core   0: 0x80009ec2 (0x0286c763) blt     a3, s0, pc + 46
core   0: 3 0x80009ec2 (0x0286c763)
core   0: 0x80009ec6 (0x05a5d063) bge     a1, s10, pc + 64
core   0: 3 0x80009ec6 (0x05a5d063)
core   0: 0x80009f06 (0x00008fbd) c.xor   a5, a5
core   0: 3 0x80009f06 (0x8fbd) x15 0x00000000
core   0: 0x80009f08 (0x00035513) srli    a0, t1, 0
core   0: 3 0x80009f08 (0x00035513) x10 0x00000000
core   0: 0x80009f0c (0x405b06b3) sub     a3, s6, t0
core   0: 3 0x80009f0c (0x405b06b3) x13 0x02ae40fc
core   0: 0x80009f10 (0x01cf6f63) bltu    t5, t3, pc + 30
core   0: 3 0x80009f10 (0x01cf6f63)
core   0: 0x80009f2e (0x008319b3) sll     s3, t1, s0
core   0: 3 0x80009f2e (0x008319b3) x19 0x00000000
core   0: 0x80009f32 (0x286d7a93) andi    s5, s10, 646
core   0: 3 0x80009f32 (0x286d7a93) x21 0x00000280
core   0: 0x80009f36 (0x404d0b33) sub     s6, s10, tp
core   0: 3 0x80009f36 (0x404d0b33) x22 0xfffffff0
core   0: 0x80009f3a (0x02f26363) bltu    tp, a5, pc + 38
core   0: 3 0x80009f3a (0x02f26363)
core   0: 0x80009f3e (0x032da3b3) mulhsu  t2, s11, s2
core   0: 3 0x80009f3e (0x032da3b3) x7  0x00000000
core   0: 0x80009f42 (0x0000c999) c.beqz  a1, pc + 22
core   0: 3 0x80009f42 (0xc999)
core   0: 0x80009f44 (0x0000717d) c.addi16sp sp, -16
core   0: 3 0x80009f44 (0x717d) x2  0xfffffff0
core   0: 0x80009f46 (0x00fdd2b3) srl     t0, s11, a5
core   0: 3 0x80009f46 (0x00fdd2b3) x5  0x00000012
core   0: 0x80009f4a (0x0062d1b3) srl     gp, t0, t1
core   0: 3 0x80009f4a (0x0062d1b3) x3  0x00000012
core   0: 0x80009f4e (0x000004ad) c.addi  s1, 11
core   0: 3 0x80009f4e (0x04ad) x9  0x000003ab
core   0: 0x80009f50 (0x0051f463) bgeu    gp, t0, pc + 8
core   0: 3 0x80009f50 (0x0051f463)
core   0: 0x80009f58 (0x00008c25) c.xor   s0, s1
core   0: 3 0x80009f58 (0x8c25) x8  0xd80003ab
core   0: 0x80009f5a (0x000090da) c.add   ra, s6
core   0: 3 0x80009f5a (0x90da) x1  0x80009e7a
core   0: 0x80009f5c (0x03467533) remu    a0, a2, s4
core   0: 3 0x80009f5c (0x03467533) x10 0x00000000
core   0: 0x80009f60 (0x00a4ca33) xor     s4, s1, a0
core   0: 3 0x80009f60 (0x00a4ca33) x20 0x000003ab
core   0: 0x80009f64 (0x846f4493) xori    s1, t5, -1978
core   0: 3 0x80009f64 (0x846f4493) x9  0xfffff846
core   0: 0x80009f68 (0x4050d793) srai    a5, ra, 5
core   0: 3 0x80009f68 (0x4050d793) x15 0xfc0004f3
core   0: 0x80009f6c (0x0000e591) c.bnez  a1, pc + 12
core   0: 3 0x80009f6c (0xe591)
core   0: 0x80009f78 (0x4149d7b3) sra     a5, s3, s4
core   0: 3 0x80009f78 (0x4149d7b3) x15 0x00000000
core   0: 0x80009f7c (0x23e65437) lui     s0, 0x23e65
core   0: 3 0x80009f7c (0x23e65437) x8  0x23e65000
core   0: 0x80009f80 (0x00001a04) c.addi4spn s1, sp, 304
core   0: 3 0x80009f80 (0x1a04) x9  0x00000120
core   0: 0x80009f82 (0xb9696b93) ori     s7, s2, -1130
core   0: 3 0x80009f82 (0xb9696b93) x23 0xfffffb97
core   0: 0x80009f86 (0x00000001) c.nop
core   0: 3 0x80009f86 (0x0001)
core   0: 0x80009f88 (0xbe982f17) auipc   t5, 0xbe982
core   0: 3 0x80009f88 (0xbe982f17) x30 0x3e98bf88
core   0: 0x80009f8c (0x00d75e63) bge     a4, a3, pc + 28
core   0: 3 0x80009f8c (0x00d75e63)
core   0: 0x80009f90 (0x03e41cb3) mulh    s9, s0, t5
core   0: 3 0x80009f90 (0x03e41cb3) x25 0x08c732fb
core   0: 0x80009f94 (0x000080e1) c.srli  s1, 24
core   0: 3 0x80009f94 (0x80e1) x9  0x00000000
core   0: 0x80009f96 (0x008f5363) bge     t5, s0, pc + 6
core   0: 3 0x80009f96 (0x008f5363)
core   0: 0x80009f9c (0x00008c21) c.xor   s0, s0
core   0: 3 0x80009f9c (0x8c21) x8  0x00000000
core   0: 0x80009f9e (0x00009bf2) c.add   s7, t3
core   0: 3 0x80009f9e (0x9bf2) x23 0x00002cb0
core   0: 0x80009fa0 (0x0000e019) c.bnez  s0, pc + 6
core   0: 3 0x80009fa0 (0xe019)
core   0: 0x80009fa2 (0x030978b3) remu    a7, s2, a6
core   0: 3 0x80009fa2 (0x030978b3) x17 0x00000001
core   0: 0x80009fa6 (0x000088c2) c.mv    a7, a6
core   0: 3 0x80009fa6 (0x88c2) x17 0x0000317b
core   0: 0x80009fa8 (0x0000157d) c.addi  a0, -1
core   0: 3 0x80009fa8 (0x157d) x10 0xffffffff
core   0: 0x80009faa (0xd31e6e13) ori     t3, t3, -719
core   0: 3 0x80009faa (0xd31e6e13) x28 0xfffffd39
core   0: 0x80009fae (0x00008eb9) c.xor   a3, a4
core   0: 3 0x80009fae (0x8eb9) x13 0x02ae40fc
core   0: 0x80009fb0 (0x0000cc95) c.beqz  s1, pc + 60
core   0: 3 0x80009fb0 (0xcc95)
core   0: 0x80009fec (0x00000001) c.nop
core   0: 3 0x80009fec (0x0001)
core   0: 0x80009fee (0x03b09363) bne     ra, s11, pc + 38
core   0: 3 0x80009fee (0x03b09363)
core   0: 0x8000a014 (0x003f1933) sll     s2, t5, gp
core   0: 3 0x8000a014 (0x003f1933) x18 0xfe200000
core   0: 0x8000a018 (0x01308cb3) add     s9, ra, s3
core   0: 3 0x8000a018 (0x01308cb3) x25 0x80009e7a
core   0: 0x8000a01c (0x011549b3) xor     s3, a0, a7
core   0: 3 0x8000a01c (0x011549b3) x19 0xffffce84
core   0: 0x8000a020 (0x00c41793) slli    a5, s0, 12
core   0: 3 0x8000a020 (0x00c41793) x15 0x00000000
core   0: 0x8000a024 (0x404456b3) sra     a3, s0, tp
core   0: 3 0x8000a024 (0x404456b3) x13 0x00000000
core   0: 0x8000a028 (0x00000001) c.nop
core   0: 3 0x8000a028 (0x0001)
core   0: 0x8000a02a (0x035dccb3) div     s9, s11, s5
core   0: 3 0x8000a02a (0x035dccb3) x25 0x00000000
core   0: 0x8000a02e (0x033402b3) mul     t0, s0, s3
core   0: 3 0x8000a02e (0x033402b3) x5  0x00000000
core   0: 0x8000a032 (0x0000c385) c.beqz  a5, pc + 32
core   0: 3 0x8000a032 (0xc385)
core   0: 0x8000a052 (0x022ce733) rem     a4, s9, sp
core   0: 3 0x8000a052 (0x022ce733) x14 0x00000000
core   0: 0x8000a056 (0x015f4233) xor     tp, t5, s5
core   0: 3 0x8000a056 (0x015f4233) x4  0x3e98bd08
core   0: 0x8000a05a (0x00008c5d) c.or    s0, a5
core   0: 3 0x8000a05a (0x8c5d) x8  0x00000000
core   0: 0x8000a05c (0x00000001) c.nop
core   0: 3 0x8000a05c (0x0001)
core   0: 0x8000a05e (0x41b0d413) srai    s0, ra, 27
core   0: 3 0x8000a05e (0x41b0d413) x8  0xfffffff0
core   0: 0x8000a062 (0x00006329) c.lui   t1, 0xa
core   0: 3 0x8000a062 (0x6329) x6  0x0000a000
core   0: 0x8000a064 (0x0273a2b3) mulhsu  t0, t2, t2
core   0: 3 0x8000a064 (0x0273a2b3) x5  0x00000000
core   0: 0x8000a068 (0x002d0333) add     t1, s10, sp
core   0: 3 0x8000a068 (0x002d0333) x6  0xffffffe0
core   0: 0x8000a06c (0x03ec1433) mulh    s0, s8, t5
core   0: 3 0x8000a06c (0x03ec1433) x8  0xe0b4348b
core   0: 0x8000a070 (0x00006b91) c.lui   s7, 0x4
core   0: 3 0x8000a070 (0x6b91) x23 0x00004000
core   0: 0x8000a072 (0x2b71ce13) xori    t3, gp, 695
core   0: 3 0x8000a072 (0x2b71ce13) x28 0x000002a5
core   0: 0x8000a076 (0x0000c69d) c.beqz  a3, pc + 46
core   0: 3 0x8000a076 (0xc69d)
core   0: 0x8000a0a4 (0x033d41b3) div     gp, s10, s3
core   0: 3 0x8000a0a4 (0x033d41b3) x3  0x00000000
core   0: 0x8000a0a8 (0x031e6163) bltu    t3, a7, pc + 34
core   0: 3 0x8000a0a8 (0x031e6163)
core   0: 0x8000a0ca (0x038673b3) remu    t2, a2, s8
core   0: 3 0x8000a0ca (0x038673b3) x7  0x00000000
core   0: 0x8000a0ce (0x0000187d) c.addi  a6, -1
core   0: 3 0x8000a0ce (0x187d) x16 0x0000317a
core   0: 0x8000a0d0 (0x00008b69) c.andi  a4, 26
core   0: 3 0x8000a0d0 (0x8b69) x14 0x00000000
core   0: 0x8000a0d2 (0x0000c811) c.beqz  s0, pc + 20
core   0: 3 0x8000a0d2 (0xc811)
core   0: 0x8000a0d4 (0x000056fd) c.li    a3, -1
core   0: 3 0x8000a0d4 (0x56fd) x13 0xffffffff
core   0: 0x8000a0d6 (0x021ed863) bge     t4, ra, pc + 48
core   0: 3 0x8000a0d6 (0x021ed863)
core   0: 0x8000a106 (0x0174b033) sltu    zero, s1, s7
core   0: 3 0x8000a106 (0x0174b033)
core   0: 0x8000a10a (0x00427d33) and     s10, tp, tp
core   0: 3 0x8000a10a (0x00427d33) x26 0x3e98bd08
core   0: 0x8000a10e (0x40335893) srai    a7, t1, 3
core   0: 3 0x8000a10e (0x40335893) x17 0xfffffffc
core   0: 0x8000a112 (0x0000e88d) c.bnez  s1, pc + 50
core   0: 3 0x8000a112 (0xe88d)
core   0: 0x8000a114 (0x019bcc63) blt     s7, s9, pc + 24
core   0: 3 0x8000a114 (0x019bcc63)
core   0: 0x8000a118 (0x03b17b33) remu    s6, sp, s11
core   0: 3 0x8000a118 (0x03b17b33) x22 0x00000006
core   0: 0x8000a11c (0x00fd9363) bne     s11, a5, pc + 6
core   0: 3 0x8000a11c (0x00fd9363)
core   0: 0x8000a122 (0x0000147d) c.addi  s0, -1
core   0: 3 0x8000a122 (0x147d) x8  0xe0b4348a
core   0: 0x8000a124 (0x9014e693) ori     a3, s1, -1791
core   0: 3 0x8000a124 (0x9014e693) x13 0xfffff901
core   0: 0x8000a128 (0x039c98b3) mulh    a7, s9, s9
core   0: 3 0x8000a128 (0x039c98b3) x17 0x00000000
core   0: 0x8000a12c (0x00009bfd) c.andi  a5, -1
core   0: 3 0x8000a12c (0x9bfd) x15 0x00000000
core   0: 0x8000a12e (0x09c42a13) slti    s4, s0, 156
core   0: 3 0x8000a12e (0x09c42a13) x20 0x00000001
core   0: 0x8000a132 (0x00005a7d) c.li    s4, -1
core   0: 3 0x8000a132 (0x5a7d) x20 0xffffffff
core   0: 0x8000a134 (0x03fa3533) mulhu   a0, s4, t6
core   0: 3 0x8000a134 (0x03fa3533) x10 0x80029d23
core   0: 0x8000a138 (0x00dc5463) bge     s8, a3, pc + 8
core   0: 3 0x8000a138 (0x00dc5463)
core   0: 0x8000a13c (0x0301cd33) div     s10, gp, a6
core   0: 3 0x8000a13c (0x0301cd33) x26 0x00000000
core   0: 0x8000a140 (0xb99ea513) slti    a0, t4, -1127
core   0: 3 0x8000a140 (0xb99ea513) x10 0x00000000
core   0: 0x8000a144 (0x405dd933) sra     s2, s11, t0
core   0: 3 0x8000a144 (0x405dd933) x18 0x00000012
core   0: 0x8000a148 (0x02600463) beq     zero, t1, pc + 40
core   0: 3 0x8000a148 (0x02600463)
core   0: 0x8000a14c (0x22524413) xori    s0, tp, 549
core   0: 3 0x8000a14c (0x22524413) x8  0x3e98bf2d
core   0: 0x8000a150 (0x02199e33) mulh    t3, s3, ra
core   0: 3 0x8000a150 (0x02199e33) x28 0x000018bd
core   0: 0x8000a154 (0x00009afd) c.andi  a3, -1
core   0: 3 0x8000a154 (0x9afd) x13 0xfffff901
core   0: 0x8000a156 (0x02a883b3) mul     t2, a7, a0
core   0: 3 0x8000a156 (0x02a883b3) x7  0x00000000
core   0: 0x8000a15a (0x4074d613) srai    a2, s1, 7
core   0: 3 0x8000a15a (0x4074d613) x12 0x00000000
core   0: 0x8000a15e (0x0000630d) c.lui   t1, 0x3
core   0: 3 0x8000a15e (0x630d) x6  0x00003000
core   0: 0x8000a160 (0x41848333) sub     t1, s1, s8
core   0: 3 0x8000a160 (0x41848333) x6  0x7ffda174
core   0: 0x8000a164 (0x012b53b3) srl     t2, s6, s2
core   0: 3 0x8000a164 (0x012b53b3) x7  0x00000000
core   0: 0x8000a168 (0x0083f863) bgeu    t2, s0, pc + 16
core   0: 3 0x8000a168 (0x0083f863)
core   0: 0x8000a16c (0x41015c93) srai    s9, sp, 16
core   0: 3 0x8000a16c (0x41015c93) x25 0xffffffff
core   0: 0x8000a170 (0x41fb5313) srai    t1, s6, 31
core   0: 3 0x8000a170 (0x41fb5313) x6  0x00000000
core   0: 0x8000a174 (0x00008d59) c.or    a0, a4
core   0: 3 0x8000a174 (0x8d59) x10 0x00000000
core   0: 0x8000a176 (0x00000001) c.nop
core   0: 3 0x8000a176 (0x0001)
core   0: 0x8000a178 (0x0041fe63) bgeu    gp, tp, pc + 28
core   0: 3 0x8000a178 (0x0041fe63)
core   0: 0x8000a17c (0x0098b1b3) sltu    gp, a7, s1
core   0: 3 0x8000a17c (0x0098b1b3) x3  0x00000000
core   0: 0x8000a180 (0x019c2733) slt     a4, s8, s9
core   0: 3 0x8000a180 (0x019c2733) x14 0x00000001
core   0: 0x8000a184 (0x00009afd) c.andi  a3, -1
core   0: 3 0x8000a184 (0x9afd) x13 0xfffff901
core   0: 0x8000a186 (0x00000c18) c.addi4spn a4, sp, 528
core   0: 3 0x8000a186 (0x0c18) x14 0x00000200
core   0: 0x8000a188 (0x00008ef5) c.and   a3, a3
core   0: 3 0x8000a188 (0x8ef5) x13 0xfffff901
core   0: 0x8000a18a (0x00009a9a) c.add   s5, t1
core   0: 3 0x8000a18a (0x9a9a) x21 0x00000280
core   0: 0x8000a18c (0x00006a5d) c.lui   s4, 0x17
core   0: 3 0x8000a18c (0x6a5d) x20 0x00017000
core   0: 0x8000a18e (0x000086fe) c.mv    a3, t6
core   0: 3 0x8000a18e (0x86fe) x13 0x80029d24
core   0: 0x8000a190 (0x00fd15b3) sll     a1, s10, a5
core   0: 3 0x8000a190 (0x00fd15b3) x11 0x00000000
core   0: 0x8000a194 (0x0059c5b3) xor     a1, s3, t0
core   0: 3 0x8000a194 (0x0059c5b3) x11 0xffffce84
core   0: 0x8000a198 (0x00008fc1) c.or    a5, s0
core   0: 3 0x8000a198 (0x8fc1) x15 0x3e98bf2d
core   0: 0x8000a19a (0x00000001) c.nop
core   0: 3 0x8000a19a (0x0001)
core   0: 0x8000a19c (0x00fe1033) sll     zero, t3, a5
core   0: 3 0x8000a19c (0x00fe1033)
core   0: 0x8000a1a0 (0x01cecf33) xor     t5, t4, t3
core   0: 3 0x8000a1a0 (0x01cecf33) x30 0x000018b5
core   0: 0x8000a1a4 (0x01ffc033) xor     zero, t6, t6
core   0: 3 0x8000a1a4 (0x01ffc033)
core   0: 0x8000a1a8 (0x00008f2d) c.xor   a4, a1
core   0: 3 0x8000a1a8 (0x8f2d) x14 0xffffcc84
core   0: 0x8000a1aa (0x000f2633) slt     a2, t5, zero
core   0: 3 0x8000a1aa (0x000f2633) x12 0x00000000
core   0: 0x8000a1ae (0x02775f33) divu    t5, a4, t2
core   0: 3 0x8000a1ae (0x02775f33) x30 0xffffffff
core   0: 0x8000a1b2 (0x000083f1) c.srli  a5, 28
core   0: 3 0x8000a1b2 (0x83f1) x15 0x00000003
core   0: 0x8000a1b4 (0x00008f79) c.and   a4, a4
core   0: 3 0x8000a1b4 (0x8f79) x14 0xffffcc84
core   0: 0x8000a1b6 (0x03473333) mulhu   t1, a4, s4
core   0: 3 0x8000a1b6 (0x03473333) x6  0x00016fff
core   0: 0x8000a1ba (0x00008d4d) c.or    a0, a1
core   0: 3 0x8000a1ba (0x8d4d) x10 0xffffce84
core   0: 0x8000a1bc (0x02ed0e33) mul     t3, s10, a4
core   0: 3 0x8000a1bc (0x02ed0e33) x28 0x00000000
core   0: 0x8000a1c0 (0x0091f933) and     s2, gp, s1
core   0: 3 0x8000a1c0 (0x0091f933) x18 0x00000000
core   0: 0x8000a1c4 (0x00001cfd) c.addi  s9, -1
core   0: 3 0x8000a1c4 (0x1cfd) x25 0xfffffffe
core   0: 0x8000a1c6 (0x00000001) c.nop
core   0: 3 0x8000a1c6 (0x0001)
core   0: 0x8000a1c8 (0x02d15563) bge     sp, a3, pc + 42
core   0: 3 0x8000a1c8 (0x02d15563)
core   0: 0x8000a1f2 (0x010b8333) add     t1, s7, a6
core   0: 3 0x8000a1f2 (0x010b8333) x6  0x0000717a
core   0: 0x8000a1f6 (0x01a23e33) sltu    t3, tp, s10
core   0: 3 0x8000a1f6 (0x01a23e33) x28 0x00000000
core   0: 0x8000a1fa (0x0383f333) remu    t1, t2, s8
core   0: 3 0x8000a1fa (0x0383f333) x6  0x00000000
core   0: 0x8000a1fe (0xcfdb4d13) xori    s10, s6, -771
core   0: 3 0x8000a1fe (0xcfdb4d13) x26 0xfffffcfb
core   0: 0x8000a202 (0x01306433) or      s0, zero, s3
core   0: 3 0x8000a202 (0x01306433) x8  0xffffce84
core   0: 0x8000a206 (0xa3bc5317) auipc   t1, 0xa3bc5
core   0: 3 0x8000a206 (0xa3bc5317) x6  0x23bcf206
core   0: 0x8000a20a (0x8a9c94b7) lui     s1, 0x8a9c9
core   0: 3 0x8000a20a (0x8a9c94b7) x9  0x8a9c9000
core   0: 0x8000a20e (0x00000001) c.nop
core   0: 3 0x8000a20e (0x0001)
core   0: 0x8000a210 (0x00006111) c.addi16sp sp, 256
core   0: 3 0x8000a210 (0x6111) x2  0x000000f0
core   0: 0x8000a212 (0x01695593) srli    a1, s2, 22
core   0: 3 0x8000a212 (0x01695593) x11 0x00000000
core   0: 0x8000a216 (0x01c14bb3) xor     s7, sp, t3
core   0: 3 0x8000a216 (0x01c14bb3) x23 0x000000f0
core   0: 0x8000a21a (0x0000717d) c.addi16sp sp, -16
core   0: 3 0x8000a21a (0x717d) x2  0x000000e0
core   0: 0x8000a21c (0x02906863) bltu    zero, s1, pc + 48
core   0: 3 0x8000a21c (0x02906863)
core   0: 0x8000a24c (0x0000717d) c.addi16sp sp, -16
core   0: 3 0x8000a24c (0x717d) x2  0x000000d0
core   0: 0x8000a24e (0x010babb3) slt     s7, s7, a6
core   0: 3 0x8000a24e (0x010babb3) x23 0x00000001
core   0: 0x8000a252 (0x016c1b93) slli    s7, s8, 22
core   0: 3 0x8000a252 (0x016c1b93) x23 0xa3000000
core   0: 0x8000a256 (0x0000877d) c.srai  a4, 31
core   0: 3 0x8000a256 (0x877d) x14 0xffffffff
core   0: 0x8000a258 (0x0310dcb3) divu    s9, ra, a7
core   0: 3 0x8000a258 (0x0310dcb3) x25 0xffffffff
core   0: 0x8000a25c (0x00000001) c.nop
core   0: 3 0x8000a25c (0x0001)
core   0: 0x8000a25e (0x022c7893) andi    a7, s8, 34
core   0: 3 0x8000a25e (0x022c7893) x17 0x00000000
core   0: 0x8000a262 (0x99010d93) addi    s11, sp, -1648
core   0: 3 0x8000a262 (0x99010d93) x27 0xfffffa60
core   0: 0x8000a266 (0x00008eb9) c.xor   a3, a4
core   0: 3 0x8000a266 (0x8eb9) x13 0x7ffd62db
core   0: 0x8000a268 (0x004c2083) lw      ra, 4(s8)
core   0: 3 0x8000a268 (0x004c2083) x1  0x8000880a mem 0x80025e90
core   0: 0x8000a26c (0x00008d21) c.xor   a0, s0
core   0: 3 0x8000a26c (0x8d21) x10 0x00000000
core   0: 0x8000a26e (0x00001f7d) c.addi  t5, -1
core   0: 3 0x8000a26e (0x1f7d) x30 0xfffffffe
core   0: 0x8000a270 (0x415d5bb3) sra     s7, s10, s5
core   0: 3 0x8000a270 (0x415d5bb3) x23 0xfffffcfb
core   0: 0x8000a274 (0x00000c31) c.addi  s8, 12
core   0: 3 0x8000a274 (0x0c31) x24 0x80025e98
core   0: 0x8000a276 (0x023a2e33) mulhsu  t3, s4, gp
core   0: 3 0x8000a276 (0x023a2e33) x28 0x00000000
core   0: 0x8000a27a (0x00108a93) addi    s5, ra, 1
core   0: 3 0x8000a27a (0x00108a93) x21 0x8000880b
core   0: 0x8000a27e (0x000a8ae7) jalr    s5, s5, 0
core   0: 3 0x8000a27e (0x000a8ae7) x21 0x8000a282
core   0: 0x8000880a (0x02df3cb3) mulhu   s9, t5, a3
core   0: 3 0x8000880a (0x02df3cb3) x25 0x7ffd62da
core   0: 0x8000880e (0xd52d8513) addi    a0, s11, -686
core   0: 3 0x8000880e (0xd52d8513) x10 0xfffff7b2
core   0: 0x80008812 (0x02644ab3) div     s5, s0, t1
core   0: 3 0x80008812 (0x02644ab3) x21 0x00000000
core   0: 0x80008816 (0x785e6b13) ori     s6, t3, 1925
core   0: 3 0x80008816 (0x785e6b13) x22 0x00000785
core   0: 0x8000881a (0x00009a7d) c.andi  a2, -1
core   0: 3 0x8000881a (0x9a7d) x12 0x00000000
core   0: 0x8000881c (0x9a3bc513) xori    a0, s7, -1629
core   0: 3 0x8000881c (0x9a3bc513) x10 0x00000558
core   0: 0x80008820 (0x0000848d) c.srai  s1, 3
core   0: 3 0x80008820 (0x848d) x9  0xf1539200
core   0: 0x80008822 (0x000092ee) c.add   t0, s11
core   0: 3 0x80008822 (0x92ee) x5  0xfffffa60
core   0: 0x80008824 (0x00add9b3) srl     s3, s11, a0
core   0: 3 0x80008824 (0x00add9b3) x19 0x000000ff
core   0: 0x80008828 (0x00000001) c.nop
core   0: 3 0x80008828 (0x0001)
core   0: 0x8000882a (0x038c8033) mul     zero, s9, s8
core   0: 3 0x8000882a (0x038c8033)
core   0: 0x8000882e (0x0077a533) slt     a0, a5, t2
core   0: 3 0x8000882e (0x0077a533) x10 0x00000000
core   0: 0x80008832 (0x00008f65) c.and   a4, s1
core   0: 3 0x80008832 (0x8f65) x14 0xf1539200
core   0: 0x80008834 (0x01445b63) bge     s0, s4, pc + 22
core   0: 3 0x80008834 (0x01445b63)
core   0: 0x80008838 (0x0033f6b3) and     a3, t2, gp
core   0: 3 0x80008838 (0x0033f6b3) x13 0x00000000
core   0: 0x8000883c (0x00008dfa) c.mv    s11, t5
core   0: 3 0x8000883c (0x8dfa) x27 0xfffffffe
core   0: 0x8000883e (0x00959813) slli    a6, a1, 9
core   0: 3 0x8000883e (0x00959813) x16 0x00000000
core   0: 0x80008842 (0x03f367b3) rem     a5, t1, t6
core   0: 3 0x80008842 (0x03f367b3) x15 0x23bcf206
core   0: 0x80008846 (0x016d7db3) and     s11, s10, s6
core   0: 3 0x80008846 (0x016d7db3) x27 0x00000481
core   0: 0x8000884a (0x0000717d) c.addi16sp sp, -16
core   0: 3 0x8000884a (0x717d) x2  0x000000c0
core   0: 0x8000884c (0x4065d8b3) sra     a7, a1, t1
core   0: 3 0x8000884c (0x4065d8b3) x17 0x00000000
core   0: 0x80008850 (0x0233e363) bltu    t2, gp, pc + 38
core   0: 3 0x80008850 (0x0233e363)
core   0: 0x80008854 (0x03afe033) rem     zero, t6, s10
core   0: 3 0x80008854 (0x03afe033)
core   0: 0x80008858 (0x00008d0d) c.sub   a0, a1
core   0: 3 0x80008858 (0x8d0d) x10 0x00000000
core   0: 0x8000885a (0x03ec9633) mulh    a2, s9, t5
core   0: 3 0x8000885a (0x03ec9633) x12 0xffffffff
core   0: 0x8000885e (0x0000622d) c.lui   tp, 0xb
core   0: 3 0x8000885e (0x622d) x4  0x0000b000
core   0: 0x80008860 (0x00008e6d) c.and   a2, a1
core   0: 3 0x80008860 (0x8e6d) x12 0x00000000
core   0: 0x80008862 (0x02b8fb63) bgeu    a7, a1, pc + 54
core   0: 3 0x80008862 (0x02b8fb63)
core   0: 0x80008898 (0x00196f33) or      t5, s2, ra
core   0: 3 0x80008898 (0x00196f33) x30 0x8000880a
core   0: 0x8000889c (0x3a78f837) lui     a6, 0x3a78f
core   0: 3 0x8000889c (0x3a78f837) x16 0x3a78f000
core   0: 0x800088a0 (0x00008379) c.srli  a4, 30
core   0: 3 0x800088a0 (0x8379) x14 0x00000003
core   0: 0x800088a2 (0x0049e663) bltu    s3, tp, pc + 12
core   0: 3 0x800088a2 (0x0049e663)
core   0: 0x800088ae (0x00169293) slli    t0, a3, 1
core   0: 3 0x800088ae (0x00169293) x5  0x00000000
core   0: 0x800088b2 (0x025f3933) mulhu   s2, t5, t0
core   0: 3 0x800088b2 (0x025f3933) x18 0x00000000
core   0: 0x800088b6 (0x01df9193) slli    gp, t6, 29
core   0: 3 0x800088b6 (0x01df9193) x3  0x80000000
core   0: 0x800088ba (0x40e983b3) sub     t2, s3, a4
core   0: 3 0x800088ba (0x40e983b3) x7  0x000000fc
core   0: 0x800088be (0xbf199597) auipc   a1, 0xbf199
core   0: 3 0x800088be (0xbf199597) x11 0x3f1a18be
core   0: 0x800088c2 (0x3cbaa137) lui     sp, 0x3cbaa
core   0: 3 0x800088c2 (0x3cbaa137) x2  0x3cbaa000
core   0: 0x800088c6 (0x00008671) c.srai  a2, 28
core   0: 3 0x800088c6 (0x8671) x12 0x00000000
core   0: 0x800088c8 (0x0285ed33) rem     s10, a1, s0
core   0: 3 0x800088c8 (0x0285ed33) x26 0x00002786
core   0: 0x800088cc (0x0158a5b3) slt     a1, a7, s5
core   0: 3 0x800088cc (0x0158a5b3) x11 0x00000000
core   0: 0x800088d0 (0x04731063) bne     t1, t2, pc + 64
core   0: 3 0x800088d0 (0x04731063)
core   0: 0x80008910 (0x0000c999) c.beqz  a1, pc + 22
core   0: 3 0x80008910 (0xc999)
core   0: 0x80008926 (0x00006135) c.addi16sp sp, 352
core   0: 3 0x80008926 (0x6135) x2  0x3cbaa160
core   0: 0x80008928 (0x00008436) c.mv    s0, a3
core   0: 3 0x80008928 (0x8436) x8  0x00000000
core   0: 0x8000892a (0x00e61db3) sll     s11, a2, a4
core   0: 3 0x8000892a (0x00e61db3) x27 0x00000000
core   0: 0x8000892e (0x03e03833) mulhu   a6, zero, t5
core   0: 3 0x8000892e (0x03e03833) x16 0x00000000
core   0: 0x80008932 (0x0000c881) c.beqz  s1, pc + 16
core   0: 3 0x80008932 (0xc881)
core   0: 0x80008934 (0x00e04d33) xor     s10, zero, a4
core   0: 3 0x80008934 (0x00e04d33) x26 0x00000003
core   0: 0x80008938 (0x00000001) c.nop
core   0: 3 0x80008938 (0x0001)
core   0: 0x8000893a (0x00008275) c.srli  a2, 29
core   0: 3 0x8000893a (0x8275) x12 0x00000000
core   0: 0x8000893c (0x017e8363) beq     t4, s7, pc + 6
core   0: 3 0x8000893c (0x017e8363)
core   0: 0x80008940 (0x0000e009) c.bnez  s0, pc + 2
core   0: 3 0x80008940 (0xe009)
core   0: 0x80008942 (0x01c0d213) srli    tp, ra, 28
core   0: 3 0x80008942 (0x01c0d213) x4  0x00000008
core   0: 0x80008946 (0x004c2083) lw      ra, 4(s8)
core   0: 3 0x80008946 (0x004c2083) x1  0x80003dfa mem 0x80025e9c
core   0: 0x8000894a (0x00009bfd) c.andi  a5, -1
core   0: 3 0x8000894a (0x9bfd) x15 0x23bcf206
core   0: 0x8000894c (0x000041e1) c.li    gp, 24
core   0: 3 0x8000894c (0x41e1) x3  0x00000018
core   0: 0x8000894e (0x00008f65) c.and   a4, s1
core   0: 3 0x8000894e (0x8f65) x14 0x00000000
core   0: 0x80008950 (0x00000c31) c.addi  s8, 12
core   0: 3 0x80008950 (0x0c31) x24 0x80025ea4
core   0: 0x80008952 (0x00008f69) c.and   a4, a0
core   0: 3 0x80008952 (0x8f69) x14 0x00000000
core   0: 0x80008954 (0x41c2d633) sra     a2, t0, t3
core   0: 3 0x80008954 (0x41c2d633) x12 0x00000000
core   0: 0x80008958 (0x00008d13) mv      s10, ra
core   0: 3 0x80008958 (0x00008d13) x26 0x80003dfa
core   0: 0x8000895c (0x00008d02) c.jr    s10
core   0: 3 0x8000895c (0x8d02)
core   0: 0x80003dfa (0x00008f0a) c.mv    t5, sp
core   0: 3 0x80003dfa (0x8f0a) x30 0x3cbaa160
core   0: 0x80003dfc (0x41bbd433) sra     s0, s7, s11
core   0: 3 0x80003dfc (0x41bbd433) x8  0xfffffcfb
core   0: 0x80003e00 (0x032c4e33) div     t3, s8, s2
core   0: 3 0x80003e00 (0x032c4e33) x28 0xffffffff
core   0: 0x80003e04 (0x00006365) c.lui   t1, 0x19
core   0: 3 0x80003e04 (0x6365) x6  0x00019000
core   0: 0x80003e06 (0x0000064a) c.slli  a2, 18
core   0: 3 0x80003e06 (0x064a) x12 0x00000000
core   0: 0x80003e08 (0x2b8f0693) addi    a3, t5, 696
core   0: 3 0x80003e08 (0x2b8f0693) x13 0x3cbaa418
core   0: 0x80003e0c (0x9d7d8613) addi    a2, s11, -1577
core   0: 3 0x80003e0c (0x9d7d8613) x12 0xfffff9d7
core   0: 0x80003e10 (0x411858b3) sra     a7, a6, a7
core   0: 3 0x80003e10 (0x411858b3) x17 0x00000000
core   0: 0x80003e14 (0x0000037e) c.slli  t1, 31
core   0: 3 0x80003e14 (0x037e) x6  0x00000000
core   0: 0x80003e16 (0x00c5fd33) and     s10, a1, a2
core   0: 3 0x80003e16 (0x00c5fd33) x26 0x00000000
core   0: 0x80003e1a (0x021b97b3) mulh    a5, s7, ra
core   0: 3 0x80003e1a (0x021b97b3) x15 0x00000182
core   0: 0x80003e1e (0x3a22a397) auipc   t2, 0x3a22a
core   0: 3 0x80003e1e (0x3a22a397) x7  0xba22de1e
core   0: 0x80003e22 (0x001f5b93) srli    s7, t5, 1
core   0: 3 0x80003e22 (0x001f5b93) x23 0x1e5d50b0
core   0: 0x80003e26 (0x004481b3) add     gp, s1, tp
core   0: 3 0x80003e26 (0x004481b3) x3  0xf1539208
core   0: 0x80003e2a (0x00a7abb3) slt     s7, a5, a0
core   0: 3 0x80003e2a (0x00a7abb3) x23 0x00000000
core   0: 0x80003e2e (0x02ca79b3) remu    s3, s4, a2
core   0: 3 0x80003e2e (0x02ca79b3) x19 0x00017000
core   0: 0x80003e32 (0x9a992493) slti    s1, s2, -1623
core   0: 3 0x80003e32 (0x9a992493) x9  0x00000000
core   0: 0x80003e36 (0x01cc0f63) beq     s8, t3, pc + 30
core   0: 3 0x80003e36 (0x01cc0f63)
core   0: 0x80003e3a (0x0000018c) c.addi4spn a1, sp, 192
core   0: 3 0x80003e3a (0x018c) x11 0x3cbaa220
core   0: 0x80003e3c (0x41480033) sub     zero, a6, s4
core   0: 3 0x80003e3c (0x41480033)
core   0: 0x80003e40 (0x004cd913) srli    s2, s9, 4
core   0: 3 0x80003e40 (0x004cd913) x18 0x07ffd62d
core   0: 0x80003e44 (0x403a84b3) sub     s1, s5, gp
core   0: 3 0x80003e44 (0x403a84b3) x9  0x0eac6df8
core   0: 0x80003e48 (0x41e4d7b3) sra     a5, s1, t5
core   0: 3 0x80003e48 (0x41e4d7b3) x15 0x0eac6df8
core   0: 0x80003e4c (0x03bc5c63) bge     s8, s11, pc + 56
core   0: 3 0x80003e4c (0x03bc5c63)
core   0: 0x80003e50 (0x0000813a) c.mv    sp, a4
core   0: 3 0x80003e50 (0x813a) x2  0x00000000
core   0: 0x80003e52 (0x00008c35) c.xor   s0, a3
core   0: 3 0x80003e52 (0x8c35) x8  0xc34558e3
core   0: 0x80003e54 (0x03e24163) blt     tp, t5, pc + 34
core   0: 3 0x80003e54 (0x03e24163)
core   0: 0x80003e76 (0x01032933) slt     s2, t1, a6
core   0: 3 0x80003e76 (0x01032933) x18 0x00000000
core   0: 0x80003e7a (0x00000001) c.nop
core   0: 3 0x80003e7a (0x0001)
core   0: 0x80003e7c (0x01a80763) beq     a6, s10, pc + 14
core   0: 3 0x80003e7c (0x01a80763)
core   0: 0x80003e8a (0x01ae0863) beq     t3, s10, pc + 16
core   0: 3 0x80003e8a (0x01ae0863)
core   0: 0x80003e8e (0x018bd1b3) srl     gp, s7, s8
core   0: 3 0x80003e8e (0x018bd1b3) x3  0x00000000
core   0: 0x80003e92 (0x00008dbd) c.xor   a1, a5
core   0: 3 0x80003e92 (0x8dbd) x11 0x3216cfd8
core   0: 0x80003e94 (0x0000199c) c.addi4spn a5, sp, 240
core   0: 3 0x80003e94 (0x199c) x15 0x000000f0
core   0: 0x80003e96 (0x00df1233) sll     tp, t5, a3
core   0: 3 0x80003e96 (0x00df1233) x4  0x60000000
core   0: 0x80003e9a (0x0000851d) c.srai  a0, 7
core   0: 3 0x80003e9a (0x851d) x10 0x00000000
core   0: 0x80003e9c (0x00000001) c.nop
core   0: 3 0x80003e9c (0x0001)
core   0: 0x80003e9e (0x00000001) c.nop
core   0: 3 0x80003e9e (0x0001)
core   0: 0x80003ea0 (0x000095a6) c.add   a1, s1
core   0: 3 0x80003ea0 (0x95a6) x11 0x40c33dd0
core   0: 0x80003ea2 (0xeebc9237) lui     tp, 0xeebc9
core   0: 3 0x80003ea2 (0xeebc9237) x4  0xeebc9000
core   0: 0x80003ea6 (0x2e04c893) xori    a7, s1, 736
core   0: 3 0x80003ea6 (0x2e04c893) x17 0x0eac6f18
core   0: 0x80003eaa (0x002667b3) or      a5, a2, sp
core   0: 3 0x80003eaa (0x002667b3) x15 0xfffff9d7
core   0: 0x80003eae (0x00008d01) c.sub   a0, s0
core   0: 3 0x80003eae (0x8d01) x10 0x3cbaa71d
core   0: 0x80003eb0 (0x031eb233) mulhu   tp, t4, a7
core   0: 3 0x80003eb0 (0x031eb233) x4  0x00000000
core   0: 0x80003eb4 (0x09eb3993) sltiu   s3, s6, 158
core   0: 3 0x80003eb4 (0x09eb3993) x19 0x00000000
core   0: 0x80003eb8 (0x024dc9b3) div     s3, s11, tp
core   0: 3 0x80003eb8 (0x024dc9b3) x19 0xffffffff
core   0: 0x80003ebc (0x00008ea9) c.xor   a3, a0
core   0: 3 0x80003ebc (0x8ea9) x13 0x00000305
core   0: 0x80003ebe (0x0129c863) blt     s3, s2, pc + 16
core   0: 3 0x80003ebe (0x0129c863)
core   0: 0x80003ece (0x0000c611) c.beqz  a2, pc + 12
core   0: 3 0x80003ece (0xc611)
core   0: 0x80003ed0 (0x00005e7d) c.li    t3, -1
core   0: 3 0x80003ed0 (0x5e7d) x28 0xffffffff
core   0: 0x80003ed2 (0x01fd4b33) xor     s6, s10, t6
core   0: 3 0x80003ed2 (0x01fd4b33) x22 0x80029d24
core   0: 0x80003ed6 (0x00edc8b3) xor     a7, s11, a4
core   0: 3 0x80003ed6 (0x00edc8b3) x17 0x00000000
core   0: 0x80003eda (0x00000001) c.nop
core   0: 3 0x80003eda (0x0001)
core   0: 0x80003edc (0x00008d09) c.sub   a0, a0
core   0: 3 0x80003edc (0x8d09) x10 0x00000000
core   0: 0x80003ede (0x80526517) auipc   a0, 0x80526
core   0: 3 0x80003ede (0x80526517) x10 0x00529ede
core   0: 0x80003ee2 (0x8c722693) slti    a3, tp, -1849
core   0: 3 0x80003ee2 (0x8c722693) x13 0x00000000
core   0: 0x80003ee6 (0x0000997d) c.andi  a0, -1
core   0: 3 0x80003ee6 (0x997d) x10 0x00529ede
core   0: 0x80003ee8 (0x419cd833) sra     a6, s9, s9
core   0: 3 0x80003ee8 (0x419cd833) x16 0x0000001f
core   0: 0x80003eec (0x00278d63) beq     a5, sp, pc + 26
core   0: 3 0x80003eec (0x00278d63)
core   0: 0x80003ef0 (0x007ca033) slt     zero, s9, t2
core   0: 3 0x80003ef0 (0x007ca033)
core   0: 0x80003ef4 (0x00006945) c.lui   s2, 0x11
core   0: 3 0x80003ef4 (0x6945) x18 0x00011000
core   0: 0x80003ef6 (0x02d006b3) mul     a3, zero, a3
core   0: 3 0x80003ef6 (0x02d006b3) x13 0x00000000
core   0: 0x80003efa (0x044bd363) bge     s7, tp, pc + 70
core   0: 3 0x80003efa (0x044bd363)
core   0: 0x80003f40 (0x000082ca) c.mv    t0, s2
core   0: 3 0x80003f40 (0x82ca) x5  0x00011000
core   0: 0x80003f42 (0x00c334b3) sltu    s1, t1, a2
core   0: 3 0x80003f42 (0x00c334b3) x9  0x00000001
core   0: 0x80003f46 (0x001246b3) xor     a3, tp, ra
core   0: 3 0x80003f46 (0x001246b3) x13 0x80003dfa
core   0: 0x80003f4a (0x00000965) c.addi  s2, 25
core   0: 3 0x80003f4a (0x0965) x18 0x00011019
core   0: 0x80003f4c (0x00008bf5) c.andi  a5, 29
core   0: 3 0x80003f4c (0x8bf5) x15 0x00000015
core   0: 0x80003f4e (0x00008ba6) c.mv    s7, s1
core   0: 3 0x80003f4e (0x8ba6) x23 0x00000001
core   0: 0x80003f50 (0x00008e09) c.sub   a2, a0
core   0: 3 0x80003f50 (0x8e09) x12 0xffad5af9
core   0: 0x80003f52 (0x01aeed33) or      s10, t4, s10
core   0: 3 0x80003f52 (0x01aeed33) x26 0x00000008
core   0: 0x80003f56 (0x00008086) c.mv    ra, ra
core   0: 3 0x80003f56 (0x8086) x1  0x80003dfa
core   0: 0x80003f58 (0x1b210037) lui     zero, 0x1b210
core   0: 3 0x80003f58 (0x1b210037)
core   0: 0x80003f5c (0x00000001) c.nop
core   0: 3 0x80003f5c (0x0001)
core   0: 0x80003f5e (0x412fd733) sra     a4, t6, s2
core   0: 3 0x80003f5e (0x412fd733) x14 0xffffffc0
core   0: 0x80003f62 (0x01ad9b33) sll     s6, s11, s10
core   0: 3 0x80003f62 (0x01ad9b33) x22 0x00000000
core   0: 0x80003f66 (0x00008ff5) c.and   a5, a3
core   0: 3 0x80003f66 (0x8ff5) x15 0x00000010
core   0: 0x80003f68 (0x4010de33) sra     t3, ra, ra
core   0: 3 0x80003f68 (0x4010de33) x28 0xffffffe0
core   0: 0x80003f6c (0x000019fd) c.addi  s3, -1
core   0: 3 0x80003f6c (0x19fd) x19 0xfffffffe
core   0: 0x80003f6e (0x031a0b63) beq     s4, a7, pc + 54
core   0: 3 0x80003f6e (0x031a0b63)
core   0: 0x80003f72 (0x4087d733) sra     a4, a5, s0
core   0: 3 0x80003f72 (0x4087d733) x14 0x00000002
core   0: 0x80003f76 (0x41075433) sra     s0, a4, a6
core   0: 3 0x80003f76 (0x41075433) x8  0x00000000
core   0: 0x80003f7a (0x035df233) remu    tp, s11, s5
core   0: 3 0x80003f7a (0x035df233) x4  0x00000000
core   0: 0x80003f7e (0x000000de) c.slli  ra, 23
core   0: 3 0x80003f7e (0x00de) x1  0xfd000000
core   0: 0x80003f80 (0x411a0433) sub     s0, s4, a7
core   0: 3 0x80003f80 (0x411a0433) x8  0x00017000
core   0: 0x80003f84 (0x0000610d) c.addi16sp sp, 160
core   0: 3 0x80003f84 (0x610d) x2  0x000000a0
core   0: 0x80003f86 (0x020a0063) beqz    s4, pc + 32
core   0: 3 0x80003f86 (0x020a0063)
core   0: 0x80003f8a (0x00001e7d) c.addi  t3, -1
core   0: 3 0x80003f8a (0x1e7d) x28 0xffffffdf
core   0: 0x80003f8c (0x00000001) c.nop
core   0: 3 0x80003f8c (0x0001)
core   0: 0x80003f8e (0x00008fed) c.and   a5, a1
core   0: 3 0x80003f8e (0x8fed) x15 0x00000010
core   0: 0x80003f90 (0x00008ea1) c.xor   a3, s0
core   0: 3 0x80003f90 (0x8ea1) x13 0x80014dfa
core   0: 0x80003f92 (0x034373b3) remu    t2, t1, s4
core   0: 3 0x80003f92 (0x034373b3) x7  0x00000000
core   0: 0x80003f96 (0x00551793) slli    a5, a0, 5
core   0: 3 0x80003f96 (0x00551793) x15 0x0a53dbc0
core   0: 0x80003f9a (0x00001400) c.addi4spn s0, sp, 544
core   0: 3 0x80003f9a (0x1400) x8  0x000002c0
core   0: 0x80003f9c (0x00008d05) c.sub   a0, s1
core   0: 3 0x80003f9c (0x8d05) x10 0x00529edd
core   0: 0x80003f9e (0x00006d09) c.lui   s10, 0x2
core   0: 3 0x80003f9e (0x6d09) x26 0x00002000
core   0: 0x80003fa0 (0x004e9833) sll     a6, t4, tp
core   0: 3 0x80003fa0 (0x004e9833) x16 0x00000008
core   0: 0x80003fa4 (0x00006cd1) c.lui   s9, 0x14
core   0: 3 0x80003fa4 (0x6cd1) x25 0x00014000
core   0: 0x80003fa6 (0x00000001) c.nop
core   0: 3 0x80003fa6 (0x0001)
core   0: 0x80003fa8 (0x00006d69) c.lui   s10, 0x1a
core   0: 3 0x80003fa8 (0x6d69) x26 0x0001a000
core   0: 0x80003faa (0x00008049) c.srli  s0, 18
core   0: 3 0x80003faa (0x8049) x8  0x00000000
core   0: 0x80003fac (0x41e85793) srai    a5, a6, 30
core   0: 3 0x80003fac (0x41e85793) x15 0x00000000
core   0: 0x80003fb0 (0x66850d93) addi    s11, a0, 1640
core   0: 3 0x80003fb0 (0x66850d93) x27 0x0052a545
core   0: 0x80003fb4 (0x01695d93) srli    s11, s2, 22
core   0: 3 0x80003fb4 (0x01695d93) x27 0x00000000
core   0: 0x80003fb8 (0x462beb93) ori     s7, s7, 1122
core   0: 3 0x80003fb8 (0x462beb93) x23 0x00000463
core   0: 0x80003fbc (0x02322f33) mulhsu  t5, tp, gp
core   0: 3 0x80003fbc (0x02322f33) x30 0x00000000
core   0: 0x80003fc0 (0x0300f563) bgeu    ra, a6, pc + 42
core   0: 3 0x80003fc0 (0x0300f563)
core   0: 0x80003fea (0x00001a84) c.addi4spn s1, sp, 368
core   0: 3 0x80003fea (0x1a84) x9  0x00000210
core   0: 0x80003fec (0x02080033) mul     zero, a6, zero
core   0: 3 0x80003fec (0x02080033)
core   0: 0x80003ff0 (0x41928833) sub     a6, t0, s9
core   0: 3 0x80003ff0 (0x41928833) x16 0xffffd000
core   0: 0x80003ff4 (0x33d9c513) xori    a0, s3, 829
core   0: 3 0x80003ff4 (0x33d9c513) x10 0xfffffcc3
core   0: 0x80003ff8 (0x0000527d) c.li    tp, -1
core   0: 3 0x80003ff8 (0x527d) x4  0xffffffff
core   0: 0x80003ffa (0x03915c63) bge     sp, s9, pc + 56
core   0: 3 0x80003ffa (0x03915c63)
core   0: 0x80003ffe (0x028fddb3) divu    s11, t6, s0
core   0: 3 0x80003ffe (0x028fddb3) x27 0xffffffff
core   0: 0x80004002 (0xe9b96093) ori     ra, s2, -357
core   0: 3 0x80004002 (0xe9b96093) x1  0xfffffe9b
core   0: 0x80004006 (0x02bc1333) mulh    t1, s8, a1
core   0: 3 0x80004006 (0x02bc1333) x6  0xdf9efa8f
core   0: 0x8000400a (0x000047b1) c.li    a5, 12
core   0: 3 0x8000400a (0x47b1) x15 0x0000000c
core   0: 0x8000400c (0x00a57db3) and     s11, a0, a0
core   0: 3 0x8000400c (0x00a57db3) x27 0xfffffcc3
core   0: 0x80004010 (0x00027ab3) and     s5, tp, zero
core   0: 3 0x80004010 (0x00027ab3) x21 0x00000000
core   0: 0x80004014 (0x03c04a63) blt     zero, t3, pc + 52
core   0: 3 0x80004014 (0x03c04a63)
core   0: 0x80004018 (0x02db4163) blt     s6, a3, pc + 34
core   0: 3 0x80004018 (0x02db4163)
core   0: 0x8000401c (0x00006159) c.addi16sp sp, 400
core   0: 3 0x8000401c (0x6159) x2  0x00000230
core   0: 0x8000401e (0x00108863) beq     ra, ra, pc + 16
core   0: 3 0x8000401e (0x00108863)
core   0: 0x8000402e (0xb79b3313) sltiu   t1, s6, -1159
core   0: 3 0x8000402e (0xb79b3313) x6  0x00000001
core   0: 0x80004032 (0x02be74b3) remu    s1, t3, a1
core   0: 3 0x80004032 (0x02be74b3) x9  0x3db6466f
core   0: 0x80004036 (0x0365e3b3) rem     t2, a1, s6
core   0: 3 0x80004036 (0x0365e3b3) x7  0x40c33dd0
core   0: 0x8000403a (0x7d93be13) sltiu   t3, t2, 2009
core   0: 3 0x8000403a (0x7d93be13) x28 0x00000000
core   0: 0x8000403e (0x02824333) div     t1, tp, s0
core   0: 3 0x8000403e (0x02824333) x6  0xffffffff
core   0: 0x80004042 (0x62426c93) ori     s9, tp, 1572
core   0: 3 0x80004042 (0x62426c93) x25 0xffffffff
core   0: 0x80004046 (0x0000e59d) c.bnez  a1, pc + 46
core   0: 3 0x80004046 (0xe59d)
core   0: 0x80004074 (0x00008ecd) c.or    a3, a1
core   0: 3 0x80004074 (0x8ecd) x13 0xc0c37dfa
core   0: 0x80004076 (0x000067d5) c.lui   a5, 0x15
core   0: 3 0x80004076 (0x67d5) x15 0x00015000
core   0: 0x80004078 (0x034c4233) div     tp, s8, s4
core   0: 3 0x80004078 (0x034c4233) x4  0xffffa6f7
core   0: 0x8000407c (0x000081c9) c.srli  a1, 18
core   0: 3 0x8000407c (0x81c9) x11 0x00001030
core   0: 0x8000407e (0x00009a7d) c.andi  a2, -1
core   0: 3 0x8000407e (0x9a7d) x12 0xffad5af9
core   0: 0x80004080 (0x00009cae) c.add   s9, a1
core   0: 3 0x80004080 (0x9cae) x25 0x0000102f
core   0: 0x80004082 (0x02192f33) mulhsu  t5, s2, ra
core   0: 3 0x80004082 (0x02192f33) x30 0x00011018
core   0: 0x80004086 (0x00008e01) c.sub   a2, s0
core   0: 3 0x80004086 (0x8e01) x12 0xffad5af9
core   0: 0x80004088 (0x00009a7d) c.andi  a2, -1
core   0: 3 0x80004088 (0x9a7d) x12 0xffad5af9
core   0: 0x8000408a (0xa8287c93) andi    s9, a6, -1406
core   0: 3 0x8000408a (0xa8287c93) x25 0xffffd000
core   0: 0x8000408e (0x13848a97) auipc   s5, 0x13848
core   0: 3 0x8000408e (0x13848a97) x21 0x9384c08e
core   0: 0x80004092 (0x016a3ab3) sltu    s5, s4, s6
core   0: 3 0x80004092 (0x016a3ab3) x21 0x00000000
core   0: 0x80004096 (0x99941537) lui     a0, 0x99941
core   0: 3 0x80004096 (0x99941537) x10 0x99941000
core   0: 0x8000409a (0x00008559) c.srai  a0, 22
core   0: 3 0x8000409a (0x8559) x10 0xfffffe66
core   0: 0x8000409c (0x00008171) c.srli  a0, 28
core   0: 3 0x8000409c (0x8171) x10 0x0000000f
core   0: 0x8000409e (0x01576263) bltu    a4, s5, pc + 4
core   0: 3 0x8000409e (0x01576263)
core   0: 0x800040a2 (0x02868233) mul     tp, a3, s0
core   0: 3 0x800040a2 (0x02868233) x4  0x00000000
core   0: 0x800040a6 (0x006ba1b3) slt     gp, s7, t1
core   0: 3 0x800040a6 (0x006ba1b3) x3  0x00000000
core   0: 0x800040aa (0x00000001) c.nop
core   0: 3 0x800040aa (0x0001)
core   0: 0x800040ac (0x00000001) c.nop
core   0: 3 0x800040ac (0x0001)
core   0: 0x800040ae (0x4f6c8837) lui     a6, 0x4f6c8
core   0: 3 0x800040ae (0x4f6c8837) x16 0x4f6c8000
core   0: 0x800040b2 (0x00005dfd) c.li    s11, -1
core   0: 3 0x800040b2 (0x5dfd) x27 0xffffffff
core   0: 0x800040b4 (0x00000bc6) c.slli  s7, 17
core   0: 3 0x800040b4 (0x0bc6) x23 0x08c60000
core   0: 0x800040b6 (0x4038d833) sra     a6, a7, gp
core   0: 3 0x800040b6 (0x4038d833) x16 0x00000000
core   0: 0x800040ba (0x40185cb3) sra     s9, a6, ra
core   0: 3 0x800040ba (0x40185cb3) x25 0x00000000
core   0: 0x800040be (0x008d0cb3) add     s9, s10, s0
core   0: 3 0x800040be (0x008d0cb3) x25 0x0001a000
core   0: 0x800040c2 (0x00000001) c.nop
core   0: 3 0x800040c2 (0x0001)
core   0: 0x800040c4 (0x02568363) beq     a3, t0, pc + 38
core   0: 3 0x800040c4 (0x02568363)
core   0: 0x800040c8 (0x40bc85b3) sub     a1, s9, a1
core   0: 3 0x800040c8 (0x40bc85b3) x11 0x00018fd0
core   0: 0x800040cc (0x01b3edb3) or      s11, t2, s11
core   0: 3 0x800040cc (0x01b3edb3) x27 0xffffffff
core   0: 0x800040d0 (0x0225a833) mulhsu  a6, a1, sp
core   0: 3 0x800040d0 (0x0225a833) x16 0x00000000
core   0: 0x800040d4 (0x4085d3b3) sra     t2, a1, s0
core   0: 3 0x800040d4 (0x4085d3b3) x7  0x00018fd0
core   0: 0x800040d8 (0x0102fab3) and     s5, t0, a6
core   0: 3 0x800040d8 (0x0102fab3) x21 0x00000000
core   0: 0x800040dc (0x000084e1) c.srai  s1, 24
core   0: 3 0x800040dc (0x84e1) x9  0x0000003d
core   0: 0x800040de (0x0023ff63) bgeu    t2, sp, pc + 30
core   0: 3 0x800040de (0x0023ff63)
core   0: 0x800040fc (0xbd1d1897) auipc   a7, 0xbd1d1
core   0: 3 0x800040fc (0xbd1d1897) x17 0x3d1d50fc
core   0: 0x80004100 (0x02e2dd33) divu    s10, t0, a4
core   0: 3 0x80004100 (0x02e2dd33) x26 0x00008800
core   0: 0x80004104 (0x194d4193) xori    gp, s10, 404
core   0: 3 0x80004104 (0x194d4193) x3  0x00008994
core   0: 0x80004108 (0x02f35733) divu    a4, t1, a5
core   0: 3 0x80004108 (0x02f35733) x14 0x0000c30c
core   0: 0x8000410c (0x003b58b3) srl     a7, s6, gp
core   0: 3 0x8000410c (0x003b58b3) x17 0x00000000
core   0: 0x80004110 (0x00000001) c.nop
core   0: 3 0x80004110 (0x0001)
core   0: 0x80004112 (0x00000001) c.nop
core   0: 3 0x80004112 (0x0001)
core   0: 0x80004114 (0x028ff763) bgeu    t6, s0, pc + 46
core   0: 3 0x80004114 (0x028ff763)
core   0: 0x80004142 (0x03267e13) andi    t3, a2, 50
core   0: 3 0x80004142 (0x03267e13) x28 0x00000030
core   0: 0x80004146 (0x00008676) c.mv    a2, t4
core   0: 3 0x80004146 (0x8676) x12 0x00000008
core   0: 0x80004148 (0x8c007813) andi    a6, zero, -1856
core   0: 3 0x80004148 (0x8c007813) x16 0x00000000
core   0: 0x8000414c (0x001379b3) and     s3, t1, ra
core   0: 3 0x8000414c (0x001379b3) x19 0xfffffe9b
core   0: 0x80004150 (0xfe7ea793) slti    a5, t4, -25
core   0: 3 0x80004150 (0xfe7ea793) x15 0x00000000
core   0: 0x80004154 (0x000057fd) c.li    a5, -1
core   0: 3 0x80004154 (0x57fd) x15 0xffffffff
core   0: 0x80004156 (0x00008131) c.srli  a0, 12
core   0: 3 0x80004156 (0x8131) x10 0x00000000
core   0: 0x80004158 (0x026de4b3) rem     s1, s11, t1
core   0: 3 0x80004158 (0x026de4b3) x9  0x00000000
core   0: 0x8000415c (0x01ecc863) blt     s9, t5, pc + 16
core   0: 3 0x8000415c (0x01ecc863)
core   0: 0x80004160 (0x40205533) sra     a0, zero, sp
core   0: 3 0x80004160 (0x40205533) x10 0x00000000
core   0: 0x80004164 (0x01721963) bne     tp, s7, pc + 18
core   0: 3 0x80004164 (0x01721963)
core   0: 0x80004176 (0x00000001) c.nop
core   0: 3 0x80004176 (0x0001)
core   0: 0x80004178 (0x00000001) c.nop
core   0: 3 0x80004178 (0x0001)
core   0: 0x8000417a (0x529b2cb7) lui     s9, 0x529b2
core   0: 3 0x8000417a (0x529b2cb7) x25 0x529b2000
core   0: 0x8000417e (0x04ef0563) beq     t5, a4, pc + 74
core   0: 3 0x8000417e (0x04ef0563)
core   0: 0x80004182 (0x006dacb3) slt     s9, s11, t1
core   0: 3 0x80004182 (0x006dacb3) x25 0x00000000
core   0: 0x80004186 (0x00004b05) c.li    s6, 1
core   0: 3 0x80004186 (0x4b05) x22 0x00000001
core   0: 0x80004188 (0x00004441) c.li    s0, 16
core   0: 3 0x80004188 (0x4441) x8  0x00000010
core   0: 0x8000418a (0x34f33013) sltiu   zero, t1, 847
core   0: 3 0x8000418a (0x34f33013)
core   0: 0x8000418e (0x02224bb3) div     s7, tp, sp
core   0: 3 0x8000418e (0x02224bb3) x23 0x00000000
core   0: 0x80004192 (0x000086e5) c.srai  a3, 25
core   0: 3 0x80004192 (0x86e5) x13 0xffffffe0
core   0: 0x80004194 (0x00001e90) c.addi4spn a2, sp, 880
core   0: 3 0x80004194 (0x1e90) x12 0x000005a0
core   0: 0x80004196 (0xa9908c93) addi    s9, ra, -1383
core   0: 3 0x80004196 (0xa9908c93) x25 0xfffff934
core   0: 0x8000419a (0x01cf1b93) slli    s7, t5, 28
core   0: 3 0x8000419a (0x01cf1b93) x23 0x80000000
core   0: 0x8000419e (0x9b6f8f17) auipc   t5, 0x9b6f8
core   0: 3 0x8000419e (0x9b6f8f17) x30 0x1b6fc19e
core   0: 0x800041a2 (0x00000b05) c.addi  s6, 1
core   0: 3 0x800041a2 (0x0b05) x22 0x00000002
core   0: 0x800041a4 (0x02743933) mulhu   s2, s0, t2
core   0: 3 0x800041a4 (0x02743933) x18 0x00000000
core   0: 0x800041a8 (0xfe8b01e3) beq     s6, s0, pc - 30
core   0: 3 0x800041a8 (0xfe8b01e3)
core   0: 0x800041ac (0x009a19b3) sll     s3, s4, s1
core   0: 3 0x800041ac (0x009a19b3) x19 0x00017000
core   0: 0x800041b0 (0x0345f633) remu    a2, a1, s4
core   0: 3 0x800041b0 (0x0345f633) x12 0x00001fd0
core   0: 0x800041b4 (0x018a16b3) sll     a3, s4, s8
core   0: 3 0x800041b4 (0x018a16b3) x13 0x00170000
core   0: 0x800041b8 (0x00008ed9) c.or    a3, a4
core   0: 3 0x800041b8 (0x8ed9) x13 0x0017c30c
core   0: 0x800041ba (0x0000681d) c.lui   a6, 0x7
core   0: 3 0x800041ba (0x681d) x16 0x00007000
core   0: 0x800041bc (0x00008f25) c.xor   a4, s1
core   0: 3 0x800041bc (0x8f25) x14 0x0000c30c
core   0: 0x800041be (0x00929db3) sll     s11, t0, s1
core   0: 3 0x800041be (0x00929db3) x27 0x00011000
core   0: 0x800041c2 (0x0200fd63) bgeu    ra, zero, pc + 58
core   0: 3 0x800041c2 (0x0200fd63)
core   0: 0x800041fc (0x01049b93) slli    s7, s1, 16
core   0: 3 0x800041fc (0x01049b93) x23 0x00000000
core   0: 0x80004200 (0x40abda33) sra     s4, s7, a0
core   0: 3 0x80004200 (0x40abda33) x20 0x00000000
core   0: 0x80004204 (0x41255813) srai    a6, a0, 18
core   0: 3 0x80004204 (0x41255813) x16 0x00000000
core   0: 0x80004208 (0x2efdae13) slti    t3, s11, 751
core   0: 3 0x80004208 (0x2efdae13) x28 0x00000000
core   0: 0x8000420c (0x027048b3) div     a7, zero, t2
core   0: 3 0x8000420c (0x027048b3) x17 0x00000000
core   0: 0x80004210 (0x43d4f693) andi    a3, s1, 1085
core   0: 3 0x80004210 (0x43d4f693) x13 0x00000000
core   0: 0x80004214 (0x00008e05) c.sub   a2, s1
core   0: 3 0x80004214 (0x8e05) x12 0x00001fd0
core   0: 0x80004216 (0x03951563) bne     a0, s9, pc + 42
core   0: 3 0x80004216 (0x03951563)
core   0: 0x80004240 (0x0201d133) divu    sp, gp, zero
core   0: 3 0x80004240 (0x0201d133) x2  0xffffffff
core   0: 0x80004244 (0x00a39813) slli    a6, t2, 10
core   0: 3 0x80004244 (0x00a39813) x16 0x063f4000
core   0: 0x80004248 (0x016ce133) or      sp, s9, s6
core   0: 3 0x80004248 (0x016ce133) x2  0xfffff936
core   0: 0x8000424c (0x028d13b3) mulh    t2, s10, s0
core   0: 3 0x8000424c (0x028d13b3) x7  0x00000000
core   0: 0x80004250 (0x00008d4d) c.or    a0, a1
core   0: 3 0x80004250 (0x8d4d) x10 0x00018fd0
core   0: 0x80004252 (0x000a5f33) srl     t5, s4, zero
core   0: 3 0x80004252 (0x000a5f33) x30 0x00000000
core   0: 0x80004256 (0x00001004) c.addi4spn s1, sp, 32
core   0: 3 0x80004256 (0x1004) x9  0xfffff956
core   0: 0x80004258 (0x01bcf8b3) and     a7, s9, s11
core   0: 3 0x80004258 (0x01bcf8b3) x17 0x00011000
core   0: 0x8000425c (0x96e7aa17) auipc   s4, 0x96e7a
core   0: 3 0x8000425c (0x96e7aa17) x20 0x16e7e25c
core   0: 0x80004260 (0x00e44cb3) xor     s9, s0, a4
core   0: 3 0x80004260 (0x00e44cb3) x25 0x0000c31c
core   0: 0x80004264 (0x033520b3) mulhsu  ra, a0, s3
core   0: 3 0x80004264 (0x033520b3) x1  0x00000002
core   0: 0x80004268 (0x40b28033) sub     zero, t0, a1
core   0: 3 0x80004268 (0x40b28033)
core   0: 0x8000426c (0x000002cd) c.addi  t0, 19
core   0: 3 0x8000426c (0x02cd) x5  0x00011013
core   0: 0x8000426e (0x51057f13) andi    t5, a0, 1296
core   0: 3 0x8000426e (0x51057f13) x30 0x00000510
core   0: 0x80004272 (0x00001d88) c.addi4spn a0, sp, 752
core   0: 3 0x80004272 (0x1d88) x10 0xfffffc26
core   0: 0x80004274 (0x04269063) bne     a3, sp, pc + 64
core   0: 3 0x80004274 (0x04269063)
core   0: 0x800042b4 (0x00000001) c.nop
core   0: 3 0x800042b4 (0x0001)
core   0: 0x800042b6 (0x00000001) c.nop
core   0: 3 0x800042b6 (0x0001)
core   0: 0x800042b8 (0x0000816a) c.mv    sp, s10
core   0: 3 0x800042b8 (0x816a) x2  0x00008800
core   0: 0x800042ba (0x00006999) c.lui   s3, 0x6
core   0: 3 0x800042ba (0x6999) x19 0x00006000
core   0: 0x800042bc (0x00008dcd) c.or    a1, a1
core   0: 3 0x800042bc (0x8dcd) x11 0x00018fd0
core   0: 0x800042be (0x69ca2493) slti    s1, s4, 1692
core   0: 3 0x800042be (0x69ca2493) x9  0x00000000
core   0: 0x800042c2 (0x00001d7d) c.addi  s10, -1
core   0: 3 0x800042c2 (0x1d7d) x26 0x000087ff
core   0: 0x800042c4 (0xec4d3413) sltiu   s0, s10, -316
core   0: 3 0x800042c4 (0xec4d3413) x8  0x00000001
core   0: 0x800042c8 (0x01d375b3) and     a1, t1, t4
core   0: 3 0x800042c8 (0x01d375b3) x11 0x00000008
core   0: 0x800042cc (0x012066b3) or      a3, zero, s2
core   0: 3 0x800042cc (0x012066b3) x13 0x00000000
core   0: 0x800042d0 (0x027c7f63) bgeu    s8, t2, pc + 62
core   0: 3 0x800042d0 (0x027c7f63)
core   0: 0x8000430e (0x00006941) c.lui   s2, 0x10
core   0: 3 0x8000430e (0x6941) x18 0x00010000
core   0: 0x80004310 (0x0000843e) c.mv    s0, a5
core   0: 3 0x80004310 (0x843e) x8  0xffffffff
core   0: 0x80004312 (0x00004091) c.li    ra, 4
core   0: 3 0x80004312 (0x4091) x1  0x00000004
core   0: 0x80004314 (0x00008cbd) c.xor   s1, a5
core   0: 3 0x80004314 (0x8cbd) x9  0xffffffff
core   0: 0x80004316 (0x024586b3) mul     a3, a1, tp
core   0: 3 0x80004316 (0x024586b3) x13 0x00000000
core   0: 0x8000431a (0x01ef5393) srli    t2, t5, 30
core   0: 3 0x8000431a (0x01ef5393) x7  0x00000000
core   0: 0x8000431e (0x41555a33) sra     s4, a0, s5
core   0: 3 0x8000431e (0x41555a33) x20 0xfffffc26
core   0: 0x80004322 (0x00000c80) c.addi4spn s0, sp, 592
core   0: 3 0x80004322 (0x0c80) x8  0x00008a50
core   0: 0x80004324 (0x7d717d97) auipc   s11, 0x7d717
core   0: 3 0x80004324 (0x7d717d97) x27 0xfd71b324
core   0: 0x80004328 (0x0382d533) divu    a0, t0, s8
core   0: 3 0x80004328 (0x0382d533) x10 0x00000000
core   0: 0x8000432c (0x000081b9) c.srli  a1, 14
core   0: 3 0x8000432c (0x81b9) x11 0x00000000
core   0: 0x8000432e (0x01525463) bge     tp, s5, pc + 8
core   0: 3 0x8000432e (0x01525463)
core   0: 0x80004336 (0x00000001) c.nop
core   0: 3 0x80004336 (0x0001)
core   0: 0x80004338 (0x02612933) mulhsu  s2, sp, t1
core   0: 3 0x80004338 (0x02612933) x18 0x000087ff
core   0: 0x8000433c (0x0000ef89) c.bnez  a5, pc + 26
core   0: 3 0x8000433c (0xef89)
core   0: 0x80004356 (0x00009196) c.add   gp, t0
core   0: 3 0x80004356 (0x9196) x3  0x000199a7
core   0: 0x80004358 (0x00001f84) c.addi4spn s1, sp, 1008
core   0: 3 0x80004358 (0x1f84) x9  0x00008bf0
core   0: 0x8000435a (0x37417313) andi    t1, sp, 884
core   0: 3 0x8000435a (0x37417313) x6  0x00000000
core   0: 0x8000435e (0x02abd433) divu    s0, s7, a0
core   0: 3 0x8000435e (0x02abd433) x8  0xffffffff
core   0: 0x80004362 (0x00006179) c.addi16sp sp, 464
core   0: 3 0x80004362 (0x6179) x2  0x000089d0
core   0: 0x80004364 (0x00000001) c.nop
core   0: 3 0x80004364 (0x0001)
core   0: 0x80004366 (0x00008e31) c.xor   a2, a2
core   0: 3 0x80004366 (0x8e31) x12 0x00000000
core   0: 0x80004368 (0x0fc4a113) slti    sp, s1, 252
core   0: 3 0x80004368 (0x0fc4a113) x2  0x00000000
core   0: 0x8000436c (0x0000187d) c.addi  a6, -1
core   0: 3 0x8000436c (0x187d) x16 0x063f3fff
core   0: 0x8000436e (0x01e11a33) sll     s4, sp, t5
core   0: 3 0x8000436e (0x01e11a33) x20 0x00000000
core   0: 0x80004372 (0x00006dbd) c.lui   s11, 0xf
core   0: 3 0x80004372 (0x6dbd) x27 0x0000f000
core   0: 0x80004374 (0x02f44e33) div     t3, s0, a5
core   0: 3 0x80004374 (0x02f44e33) x28 0x00000001
core   0: 0x80004378 (0x019844b3) xor     s1, a6, s9
core   0: 3 0x80004378 (0x019844b3) x9  0x063ffce3
core   0: 0x8000437c (0x03eca7b3) mulhsu  a5, s9, t5
core   0: 3 0x8000437c (0x03eca7b3) x15 0x00000000
core   0: 0x80004380 (0xd4a5aa13) slti    s4, a1, -694
core   0: 3 0x80004380 (0xd4a5aa13) x20 0x00000000
core   0: 0x80004384 (0x025c5863) bge     s8, t0, pc + 48
core   0: 3 0x80004384 (0x025c5863)
core   0: 0x80004388 (0x003dcb63) blt     s11, gp, pc + 22
core   0: 3 0x80004388 (0x003dcb63)
core   0: 0x8000439e (0xea85fa37) lui     s4, 0xea85f
core   0: 3 0x8000439e (0xea85fa37) x20 0xea85f000
core   0: 0x800043a2 (0x0000617d) c.addi16sp sp, 496
core   0: 3 0x800043a2 (0x617d) x2  0x000001f0
core   0: 0x800043a4 (0x0c4b3813) sltiu   a6, s6, 196
core   0: 3 0x800043a4 (0x0c4b3813) x16 0x00000001
core   0: 0x800043a8 (0xc5d4a993) slti    s3, s1, -931
core   0: 3 0x800043a8 (0xc5d4a993) x19 0x00000000
core   0: 0x800043ac (0x037365b3) rem     a1, t1, s7
core   0: 3 0x800043ac (0x037365b3) x11 0x00000000
core   0: 0x800043b0 (0x00f0a2b3) slt     t0, ra, a5
core   0: 3 0x800043b0 (0x00f0a2b3) x5  0x00000000
core   0: 0x800043b4 (0x401804b3) sub     s1, a6, ra
core   0: 3 0x800043b4 (0x401804b3) x9  0xfffffffd
core   0: 0x800043b8 (0x05bee063) bltu    t4, s11, pc + 64
core   0: 3 0x800043b8 (0x05bee063)
core   0: 0x800043f8 (0x0000e79d) c.bnez  a5, pc + 46
core   0: 3 0x800043f8 (0xe79d)
core   0: 0x800043fa (0x0000cb1d) c.beqz  a4, pc + 54
core   0: 3 0x800043fa (0xcb1d)
core   0: 0x800043fc (0x4f24b493) sltiu   s1, s1, 1266
core   0: 3 0x800043fc (0x4f24b493) x9  0x00000000
core   0: 0x80004400 (0x90f3b093) sltiu   ra, t2, -1777
core   0: 3 0x80004400 (0x90f3b093) x1  0x00000001
core   0: 0x80004404 (0xc2787b93) andi    s7, a6, -985
core   0: 3 0x80004404 (0xc2787b93) x23 0x00000001
core   0: 0x80004408 (0x021a1833) mulh    a6, s4, ra
core   0: 3 0x80004408 (0x021a1833) x16 0xffffffff
core   0: 0x8000440c (0x03ff2f33) mulhsu  t5, t5, t6
core   0: 3 0x8000440c (0x03ff2f33) x30 0x00000288
core   0: 0x80004410 (0x00008a5e) c.mv    s4, s7
core   0: 3 0x80004410 (0x8a5e) x20 0x00000001
core   0: 0x80004412 (0x001ed493) srli    s1, t4, 1
core   0: 3 0x80004412 (0x001ed493) x9  0x00000004
core   0: 0x80004416 (0x00d34233) xor     tp, t1, a3
core   0: 3 0x80004416 (0x00d34233) x4  0x00000000
core   0: 0x8000441a (0x4117d933) sra     s2, a5, a7
core   0: 3 0x8000441a (0x4117d933) x18 0x00000000
core   0: 0x8000441e (0x00008e81) c.sub   a3, s0
core   0: 3 0x8000441e (0x8e81) x13 0x00000001
core   0: 0x80004420 (0x00001904) c.addi4spn s1, sp, 176
core   0: 3 0x80004420 (0x1904) x9  0x000002a0
core   0: 0x80004422 (0x01579333) sll     t1, a5, s5
core   0: 3 0x80004422 (0x01579333) x6  0x00000000
core   0: 0x80004426 (0x00008dad) c.xor   a1, a1
core   0: 3 0x80004426 (0x8dad) x11 0x00000000
core   0: 0x80004428 (0x4a323f13) sltiu   t5, tp, 1187
core   0: 3 0x80004428 (0x4a323f13) x30 0x00000001
core   0: 0x8000442c (0x03a6e563) bltu    a3, s10, pc + 42
core   0: 3 0x8000442c (0x03a6e563)
core   0: 0x80004456 (0x415e5433) sra     s0, t3, s5
core   0: 3 0x80004456 (0x415e5433) x8  0x00000001
core   0: 0x8000445a (0x01a1ad33) slt     s10, gp, s10
core   0: 3 0x8000445a (0x01a1ad33) x26 0x00000000
core   0: 0x8000445e (0x05646363) bltu    s0, s6, pc + 70
core   0: 3 0x8000445e (0x05646363)
core   0: 0x800044a4 (0x0000861d) c.srai  a2, 7
core   0: 3 0x800044a4 (0x861d) x12 0x00000000
core   0: 0x800044a6 (0x00ea0963) beq     s4, a4, pc + 18
core   0: 3 0x800044a6 (0x00ea0963)
core   0: 0x800044aa (0x034ccdb3) div     s11, s9, s4
core   0: 3 0x800044aa (0x034ccdb3) x27 0x0000c31c
core   0: 0x800044ae (0x00008ced) c.and   s1, a1
core   0: 3 0x800044ae (0x8ced) x9  0x00000000
core   0: 0x800044b0 (0x401a5093) srai    ra, s4, 1
core   0: 3 0x800044b0 (0x401a5093) x1  0x00000000
core   0: 0x800044b4 (0xc0ca7797) auipc   a5, 0xc0ca7
core   0: 3 0x800044b4 (0xc0ca7797) x15 0x40cab4b4
core   0: 0x800044b8 (0x00000714) c.addi4spn a3, sp, 896
core   0: 3 0x800044b8 (0x0714) x13 0x00000570
core   0: 0x800044ba (0x017d0833) add     a6, s10, s7
core   0: 3 0x800044ba (0x017d0833) x16 0x00000001
core   0: 0x800044be (0x000087d9) c.srai  a5, 22
core   0: 3 0x800044be (0x87d9) x15 0x00000103
core   0: 0x800044c0 (0x8f2fe917) auipc   s2, 0x8f2fe
core   0: 3 0x800044c0 (0x8f2fe917) x18 0x0f3024c0
core   0: 0x800044c4 (0x014e3733) sltu    a4, t3, s4
core   0: 3 0x800044c4 (0x014e3733) x14 0x00000000
core   0: 0x800044c8 (0x002bcab3) xor     s5, s7, sp
core   0: 3 0x800044c8 (0x002bcab3) x21 0x000001f1
core   0: 0x800044cc (0x01276e33) or      t3, a4, s2
core   0: 3 0x800044cc (0x01276e33) x28 0x0f3024c0
core   0: 0x800044d0 (0x0000cb91) c.beqz  a5, pc + 20
core   0: 3 0x800044d0 (0xcb91)
core   0: 0x800044d2 (0x019eb033) sltu    zero, t4, s9
core   0: 3 0x800044d2 (0x019eb033)
core   0: 0x800044d6 (0x41ac8f33) sub     t5, s9, s10
core   0: 3 0x800044d6 (0x41ac8f33) x30 0x0000c31c
core   0: 0x800044da (0x0000c79d) c.beqz  a5, pc + 46
core   0: 3 0x800044da (0xc79d)
core   0: 0x800044dc (0xc27c8e13) addi    t3, s9, -985
core   0: 3 0x800044dc (0xc27c8e13) x28 0x0000bf43
core   0: 0x800044e0 (0x0092b6b3) sltu    a3, t0, s1
core   0: 3 0x800044e0 (0x0092b6b3) x13 0x00000000
core   0: 0x800044e4 (0x0000e015) c.bnez  s0, pc + 36
core   0: 3 0x800044e4 (0xe015)
core   0: 0x80004508 (0x000018fd) c.addi  a7, -1
core   0: 3 0x80004508 (0x18fd) x17 0x00010fff
core   0: 0x8000450a (0xd5184913) xori    s2, a6, -687
core   0: 3 0x8000450a (0xd5184913) x18 0xfffffd50
core   0: 0x8000450e (0x037583b3) mul     t2, a1, s7
core   0: 3 0x8000450e (0x037583b3) x7  0x00000000
core   0: 0x80004512 (0x404ad433) sra     s0, s5, tp
core   0: 3 0x80004512 (0x404ad433) x8  0x000001f1
core   0: 0x80004516 (0xeff8cab7) lui     s5, 0xeff8c
core   0: 3 0x80004516 (0xeff8cab7) x21 0xeff8c000
core   0: 0x8000451a (0x000009aa) c.slli  s3, 10
core   0: 3 0x8000451a (0x09aa) x19 0x00000000
core   0: 0x8000451c (0x00b0d533) srl     a0, ra, a1
core   0: 3 0x8000451c (0x00b0d533) x10 0x00000000
core   0: 0x80004520 (0x0000717d) c.addi16sp sp, -16
core   0: 3 0x80004520 (0x717d) x2  0x000001e0
core   0: 0x80004522 (0x00004d75) c.li    s10, 29
core   0: 3 0x80004522 (0x4d75) x26 0x0000001d
core   0: 0x80004524 (0x415d0133) sub     sp, s10, s5
core   0: 3 0x80004524 (0x415d0133) x2  0x1007401d
core   0: 0x80004528 (0x4138d1b3) sra     gp, a7, s3
core   0: 3 0x80004528 (0x4138d1b3) x3  0x00010fff
core   0: 0x8000452c (0x02e6adb3) mulhsu  s11, a3, a4
core   0: 3 0x8000452c (0x02e6adb3) x27 0x00000000
core   0: 0x80004530 (0x02cd6163) bltu    s10, a2, pc + 34
core   0: 3 0x80004530 (0x02cd6163)
core   0: 0x80004534 (0x00009106) c.add   sp, ra
core   0: 3 0x80004534 (0x9106) x2  0x1007401d
core   0: 0x80004536 (0x027ccbb3) div     s7, s9, t2
core   0: 3 0x80004536 (0x027ccbb3) x23 0xffffffff
core   0: 0x8000453a (0x4101d233) sra     tp, gp, a6
core   0: 3 0x8000453a (0x4101d233) x4  0x000087ff
core   0: 0x8000453e (0x000084dd) c.srai  s1, 23
core   0: 3 0x8000453e (0x84dd) x9  0x00000000
core   0: 0x80004540 (0x03a7aa33) mulhsu  s4, a5, s10
core   0: 3 0x80004540 (0x03a7aa33) x20 0x00000000
core   0: 0x80004544 (0x01fc1793) slli    a5, s8, 31
core   0: 3 0x80004544 (0x01fc1793) x15 0x00000000
core   0: 0x80004548 (0x01d89a33) sll     s4, a7, t4
core   0: 3 0x80004548 (0x01d89a33) x20 0x010fff00
core   0: 0x8000454c (0xee61c817) auipc   a6, 0xee61c
core   0: 3 0x8000454c (0xee61c817) x16 0x6e62054c
core   0: 0x80004550 (0x000005da) c.slli  a1, 22
core   0: 3 0x80004550 (0x05da) x11 0x00000000
core   0: 0x80004552 (0x00008e79) c.and   a2, a4
core   0: 3 0x80004552 (0x8e79) x12 0x00000000
core   0: 0x80004554 (0x00acdcb3) srl     s9, s9, a0
core   0: 3 0x80004554 (0x00acdcb3) x25 0x0000c31c
core   0: 0x80004558 (0x000084f5) c.srai  s1, 29
core   0: 3 0x80004558 (0x84f5) x9  0x00000000
core   0: 0x8000455a (0x00000001) c.nop
core   0: 3 0x8000455a (0x0001)
core   0: 0x8000455c (0x035b44b3) div     s1, s6, s5
core   0: 3 0x8000455c (0x035b44b3) x9  0x00000000
core   0: 0x80004560 (0x412f8333) sub     t1, t6, s2
core   0: 3 0x80004560 (0x412f8333) x6  0x80029fd4
core   0: 0x80004564 (0x000006f2) c.slli  a3, 28
core   0: 3 0x80004564 (0x06f2) x13 0x00000000
core   0: 0x80004566 (0x00008f69) c.and   a4, a0
core   0: 3 0x80004566 (0x8f69) x14 0x00000000
core   0: 0x80004568 (0x000009fe) c.slli  s3, 31
core   0: 3 0x80004568 (0x09fe) x19 0x00000000
core   0: 0x8000456a (0x02e3b6b3) mulhu   a3, t2, a4
core   0: 3 0x8000456a (0x02e3b6b3) x13 0x00000000
core   0: 0x8000456e (0x400909b3) sub     s3, s2, zero
core   0: 3 0x8000456e (0x400909b3) x19 0xfffffd50
core   0: 0x80004572 (0x0000855a) c.mv    a0, s6
core   0: 3 0x80004572 (0x855a) x10 0x00000002
core   0: 0x80004574 (0x00000001) c.nop
core   0: 3 0x80004574 (0x0001)
core   0: 0x80004576 (0x00ba9793) slli    a5, s5, 11
core   0: 3 0x80004576 (0x00ba9793) x15 0xc6000000
core   0: 0x8000457a (0x000068f1) c.lui   a7, 0x1c
core   0: 3 0x8000457a (0x68f1) x17 0x0001c000
core   0: 0x8000457c (0x00671e33) sll     t3, a4, t1
core   0: 3 0x8000457c (0x00671e33) x28 0x00000000
core   0: 0x80004580 (0x02205333) divu    t1, zero, sp
core   0: 3 0x80004580 (0x02205333) x6  0x00000000
core   0: 0x80004584 (0x41600033) sub     zero, zero, s6
core   0: 3 0x80004584 (0x41600033)
core   0: 0x80004588 (0x007fff33) and     t5, t6, t2
core   0: 3 0x80004588 (0x007fff33) x30 0x00000000
core   0: 0x8000458c (0x00008f19) c.sub   a4, a4
core   0: 3 0x8000458c (0x8f19) x14 0x00000000
core   0: 0x8000458e (0x0233f833) remu    a6, t2, gp
core   0: 3 0x8000458e (0x0233f833) x16 0x00000000
core   0: 0x80004592 (0x026b7633) remu    a2, s6, t1
core   0: 3 0x80004592 (0x026b7633) x12 0x00000002
core   0: 0x80004596 (0x024e0ab3) mul     s5, t3, tp
core   0: 3 0x80004596 (0x024e0ab3) x21 0x00000000
core   0: 0x8000459a (0x02716163) bltu    sp, t2, pc + 34
core   0: 3 0x8000459a (0x02716163)
core   0: 0x8000459e (0x298da193) slti    gp, s11, 664
core   0: 3 0x8000459e (0x298da193) x3  0x00000001
core   0: 0x800045a2 (0x01c293b3) sll     t2, t0, t3
core   0: 3 0x800045a2 (0x01c293b3) x7  0x00000000
core   0: 0x800045a6 (0x03a1a133) mulhsu  sp, gp, s10
core   0: 3 0x800045a6 (0x03a1a133) x2  0x00000000
core   0: 0x800045aa (0xbdc4c393) xori    t2, s1, -1060
core   0: 3 0x800045aa (0xbdc4c393) x7  0xfffffbdc
core   0: 0x800045ae (0x00008eb9) c.xor   a3, a4
core   0: 3 0x800045ae (0x8eb9) x13 0x00000000
core   0: 0x800045b0 (0x014a1333) sll     t1, s4, s4
core   0: 3 0x800045b0 (0x014a1333) x6  0x010fff00
core   0: 0x800045b4 (0xd84bae13) slti    t3, s7, -636
core   0: 3 0x800045b4 (0xd84bae13) x28 0x00000000
core   0: 0x800045b8 (0x01b159b3) srl     s3, sp, s11
core   0: 3 0x800045b8 (0x01b159b3) x19 0x00000000
core   0: 0x800045bc (0x039ee663) bltu    t4, s9, pc + 44
core   0: 3 0x800045bc (0x039ee663)
core   0: 0x800045e8 (0xf6686a13) ori     s4, a6, -154
core   0: 3 0x800045e8 (0xf6686a13) x20 0xffffff66
core   0: 0x800045ec (0xd4f47a13) andi    s4, s0, -689
core   0: 3 0x800045ec (0xd4f47a13) x20 0x00000141
core   0: 0x800045f0 (0x03d33633) mulhu   a2, t1, t4
core   0: 3 0x800045f0 (0x03d33633) x12 0x00000000
core   0: 0x800045f4 (0x08b9c917) auipc   s2, 0x8b9c
core   0: 3 0x800045f4 (0x08b9c917) x18 0x88ba05f4
core   0: 0x800045f8 (0x400a58b3) sra     a7, s4, zero
core   0: 3 0x800045f8 (0x400a58b3) x17 0x00000141
core   0: 0x800045fc (0x407ad313) srai    t1, s5, 7
core   0: 3 0x800045fc (0x407ad313) x6  0x00000000
core   0: 0x80004600 (0x3d7f1cb7) lui     s9, 0x3d7f1
core   0: 3 0x80004600 (0x3d7f1cb7) x25 0x3d7f1000
core   0: 0x80004604 (0x0000982a) c.add   a6, a0
core   0: 3 0x80004604 (0x982a) x16 0x00000002
core   0: 0x80004606 (0x02c50433) mul     s0, a0, a2
core   0: 3 0x80004606 (0x02c50433) x8  0x00000000
core   0: 0x8000460a (0x6b9c0993) addi    s3, s8, 1721
core   0: 3 0x8000460a (0x6b9c0993) x19 0x8002655d
core   0: 0x8000460e (0x02e82d33) mulhsu  s10, a6, a4
core   0: 3 0x8000460e (0x02e82d33) x26 0x00000000
core   0: 0x80004612 (0x00000001) c.nop
core   0: 3 0x80004612 (0x0001)
core   0: 0x80004614 (0x00000cc6) c.slli  s9, 17
core   0: 3 0x80004614 (0x0cc6) x25 0x20000000
core   0: 0x80004616 (0x023f6963) bltu    t5, gp, pc + 50
core   0: 3 0x80004616 (0x023f6963)
core   0: 0x80004648 (0x0000e819) c.bnez  s0, pc + 22
core   0: 3 0x80004648 (0xe819)
core   0: 0x8000464a (0x00b6e963) bltu    a3, a1, pc + 18
core   0: 3 0x8000464a (0x00b6e963)
core   0: 0x8000464e (0xe0533b93) sltiu   s7, t1, -507
core   0: 3 0x8000464e (0xe0533b93) x23 0x00000001
core   0: 0x80004652 (0x013e4733) xor     a4, t3, s3
core   0: 3 0x80004652 (0x013e4733) x14 0x8002655d
core   0: 0x80004656 (0x00008f85) c.sub   a5, s1
core   0: 3 0x80004656 (0x8f85) x15 0xc6000000
core   0: 0x80004658 (0x003e7763) bgeu    t3, gp, pc + 14
core   0: 3 0x80004658 (0x003e7763)
core   0: 0x8000465c (0x000081d5) c.srli  a1, 21
core   0: 3 0x8000465c (0x81d5) x11 0x00000000
core   0: 0x8000465e (0x03c838b3) mulhu   a7, a6, t3
core   0: 3 0x8000465e (0x03c838b3) x17 0x00000000
core   0: 0x80004662 (0x00008372) c.mv    t1, t3
core   0: 3 0x80004662 (0x8372) x6  0x00000000
core   0: 0x80004664 (0x00008189) c.srli  a1, 2
core   0: 3 0x80004664 (0x8189) x11 0x00000000
core   0: 0x80004666 (0x02f762b3) rem     t0, a4, a5
core   0: 3 0x80004666 (0x02f762b3) x5  0xf402655d
core   0: 0x8000466a (0x0000014d) c.addi  sp, 19
core   0: 3 0x8000466a (0x014d) x2  0x00000013
core   0: 0x8000466c (0x0342c063) blt     t0, s4, pc + 32
core   0: 3 0x8000466c (0x0342c063)
core   0: 0x8000468c (0x4d000513) li      a0, 1232
core   0: 3 0x8000468c (0x4d000513) x10 0x000004d0
core   0: 0x80004690 (0x00004cc9) c.li    s9, 18
core   0: 3 0x80004690 (0x4cc9) x25 0x00000012
core   0: 0x80004692 (0x00001d08) c.addi4spn a0, sp, 688
core   0: 3 0x80004692 (0x1d08) x10 0x000002c3
core   0: 0x80004694 (0x9eb34813) xori    a6, t1, -1557
core   0: 3 0x80004694 (0x9eb34813) x16 0xfffff9eb
core   0: 0x80004698 (0x00000001) c.nop
core   0: 3 0x80004698 (0x0001)
core   0: 0x8000469a (0xc119b313) sltiu   t1, s3, -1007
core   0: 3 0x8000469a (0xc119b313) x6  0x00000001
core   0: 0x8000469e (0x036d3b33) mulhu   s6, s10, s6
core   0: 3 0x8000469e (0x036d3b33) x22 0x00000000
core   0: 0x800046a2 (0x0000567d) c.li    a2, -1
core   0: 3 0x800046a2 (0x567d) x12 0xffffffff
core   0: 0x800046a4 (0x006f1a33) sll     s4, t5, t1
core   0: 3 0x800046a4 (0x006f1a33) x20 0x00000000
core   0: 0x800046a8 (0x00006d15) c.lui   s10, 0x5
core   0: 3 0x800046a8 (0x6d15) x26 0x00005000
core   0: 0x800046aa (0x00009cf2) c.add   s9, t3
core   0: 3 0x800046aa (0x9cf2) x25 0x00000012
core   0: 0x800046ac (0x0189f663) bgeu    s3, s8, pc + 12
core   0: 3 0x800046ac (0x0189f663)
core   0: 0x800046b8 (0x0000e60d) c.bnez  a2, pc + 42
core   0: 3 0x800046b8 (0xe60d)
core   0: 0x800046e2 (0x0000cf8d) c.beqz  a5, pc + 58
core   0: 3 0x800046e2 (0xcf8d)
core   0: 0x800046e4 (0x00008b79) c.andi  a4, 30
core   0: 3 0x800046e4 (0x8b79) x14 0x0000001c
core   0: 0x800046e6 (0x01ac6563) bltu    s8, s10, pc + 10
core   0: 3 0x800046e6 (0x01ac6563)
core   0: 0x800046ea (0x00000001) c.nop
core   0: 3 0x800046ea (0x0001)
core   0: 0x800046ec (0x000061a5) c.lui   gp, 0x9
core   0: 3 0x800046ec (0x61a5) x3  0x00009000
core   0: 0x800046ee (0x000060e5) c.lui   ra, 0x19
core   0: 3 0x800046ee (0x60e5) x1  0x00019000
core   0: 0x800046f0 (0x000082be) c.mv    t0, a5
core   0: 3 0x800046f0 (0x82be) x5  0xc6000000
core   0: 0x800046f2 (0x0364ddb3) divu    s11, s1, s6
core   0: 3 0x800046f2 (0x0364ddb3) x27 0xffffffff
core   0: 0x800046f6 (0x00391e33) sll     t3, s2, gp
core   0: 3 0x800046f6 (0x00391e33) x28 0x88ba05f4
core   0: 0x800046fa (0x00a82db3) slt     s11, a6, a0
core   0: 3 0x800046fa (0x00a82db3) x27 0x00000001
core   0: 0x800046fe (0x032749b3) div     s3, a4, s2
core   0: 3 0x800046fe (0x032749b3) x19 0x00000000
core   0: 0x80004702 (0x02e1f463) bgeu    gp, a4, pc + 40
core   0: 3 0x80004702 (0x02e1f463)
core   0: 0x8000472a (0x00000001) c.nop
core   0: 3 0x8000472a (0x0001)
core   0: 0x8000472c (0x03130cb3) mul     s9, t1, a7
core   0: 3 0x8000472c (0x03130cb3) x25 0x00000000
core   0: 0x80004730 (0x0196fd33) and     s10, a3, s9
core   0: 3 0x80004730 (0x0196fd33) x26 0x00000000
core   0: 0x80004734 (0x013372b3) and     t0, t1, s3
core   0: 3 0x80004734 (0x013372b3) x5  0x00000000
core   0: 0x80004738 (0x02e025b3) mulhsu  a1, zero, a4
core   0: 3 0x80004738 (0x02e025b3) x11 0x00000000
core   0: 0x8000473c (0x7f897313) andi    t1, s2, 2040
core   0: 3 0x8000473c (0x7f897313) x6  0x000005f0
core   0: 0x80004740 (0x03941233) mulh    tp, s0, s9
core   0: 3 0x80004740 (0x03941233) x4  0x00000000
core   0: 0x80004744 (0x00c6e233) or      tp, a3, a2
core   0: 3 0x80004744 (0x00c6e233) x4  0xffffffff
core   0: 0x80004748 (0x00000612) c.slli  a2, 4
core   0: 3 0x80004748 (0x0612) x12 0xfffffff0
core   0: 0x8000474a (0x00000001) c.nop
core   0: 3 0x8000474a (0x0001)
core   0: 0x8000474c (0x00009afd) c.andi  a3, -1
core   0: 3 0x8000474c (0x9afd) x13 0x00000000
core   0: 0x8000474e (0x000ae863) bltu    s5, zero, pc + 16
core   0: 3 0x8000474e (0x000ae863)
core   0: 0x80004752 (0x000098fd) c.andi  s1, -1
core   0: 3 0x80004752 (0x98fd) x9  0x00000000
core   0: 0x80004754 (0x00000001) c.nop
core   0: 3 0x80004754 (0x0001)
core   0: 0x80004756 (0x0000921a) c.add   tp, t1
core   0: 3 0x80004756 (0x921a) x4  0x000005ef
core   0: 0x80004758 (0x85281537) lui     a0, 0x85281
core   0: 3 0x80004758 (0x85281537) x10 0x85281000
core   0: 0x8000475c (0x00000001) c.nop
core   0: 3 0x8000475c (0x0001)
core   0: 0x8000475e (0x02ddbf33) mulhu   t5, s11, a3
core   0: 3 0x8000475e (0x02ddbf33) x30 0x00000000
core   0: 0x80004762 (0x36fa0793) addi    a5, s4, 879
core   0: 3 0x80004762 (0x36fa0793) x15 0x0000036f
core   0: 0x80004766 (0x000ae533) or      a0, s5, zero
core   0: 3 0x80004766 (0x000ae533) x10 0x00000000
core   0: 0x8000476a (0x0000cd89) c.beqz  a1, pc + 26
core   0: 3 0x8000476a (0xcd89)
core   0: 0x80004784 (0x01834033) xor     zero, t1, s8
core   0: 3 0x80004784 (0x01834033)
core   0: 0x80004788 (0x00f0c2b3) xor     t0, ra, a5
core   0: 3 0x80004788 (0x00f0c2b3) x5  0x0001936f
core   0: 0x8000478c (0x03954363) blt     a0, s9, pc + 38
core   0: 3 0x8000478c (0x03954363)
core   0: 0x80004790 (0x0000167d) c.addi  a2, -1
core   0: 3 0x80004790 (0x167d) x12 0xffffffef
core   0: 0x80004792 (0x008c1e33) sll     t3, s8, s0
core   0: 3 0x80004792 (0x008c1e33) x28 0x80025ea4
core   0: 0x80004796 (0x2f21c5b7) lui     a1, 0x2f21c
core   0: 3 0x80004796 (0x2f21c5b7) x11 0x2f21c000
core   0: 0x8000479a (0x0124b2b3) sltu    t0, s1, s2
core   0: 3 0x8000479a (0x0124b2b3) x5  0x00000001
core   0: 0x8000479e (0x02c072b3) remu    t0, zero, a2
core   0: 3 0x8000479e (0x02c072b3) x5  0x00000000
core   0: 0x800047a2 (0x01e36a63) bltu    t1, t5, pc + 20
core   0: 3 0x800047a2 (0x01e36a63)
core   0: 0x800047a6 (0x005334b3) sltu    s1, t1, t0
core   0: 3 0x800047a6 (0x005334b3) x9  0x00000000
core   0: 0x800047aa (0x03e71bb3) mulh    s7, a4, t5
core   0: 3 0x800047aa (0x03e71bb3) x23 0x00000000
core   0: 0x800047ae (0x024b8133) mul     sp, s7, tp
core   0: 3 0x800047ae (0x024b8133) x2  0x00000000
core   0: 0x800047b2 (0x00c05b33) srl     s6, zero, a2
core   0: 3 0x800047b2 (0x00c05b33) x22 0x00000000
core   0: 0x800047b6 (0x028f8633) mul     a2, t6, s0
core   0: 3 0x800047b6 (0x028f8633) x12 0x00000000
core   0: 0x800047ba (0x00000001) c.nop
core   0: 3 0x800047ba (0x0001)
core   0: 0x800047bc (0x000097aa) c.add   a5, a0
core   0: 3 0x800047bc (0x97aa) x15 0x0000036f
core   0: 0x800047be (0x01959a13) slli    s4, a1, 25
core   0: 3 0x800047be (0x01959a13) x20 0x00000000
core   0: 0x800047c2 (0x0000813e) c.mv    sp, a5
core   0: 3 0x800047c2 (0x813e) x2  0x0000036f
core   0: 0x800047c4 (0x00000001) c.nop
core   0: 3 0x800047c4 (0x0001)
core   0: 0x800047c6 (0x00008559) c.srai  a0, 22
core   0: 3 0x800047c6 (0x8559) x10 0x00000000
core   0: 0x800047c8 (0x000013fd) c.addi  t2, -1
core   0: 3 0x800047c8 (0x13fd) x7  0xfffffbdb
core   0: 0x800047ca (0x00008f3d) c.xor   a4, a5
core   0: 3 0x800047ca (0x8f3d) x14 0x00000373
core   0: 0x800047cc (0x00008e75) c.and   a2, a3
core   0: 3 0x800047cc (0x8e75) x12 0x00000000
core   0: 0x800047ce (0x0000717d) c.addi16sp sp, -16
core   0: 3 0x800047ce (0x717d) x2  0x0000035f
core   0: 0x800047d0 (0x01913d33) sltu    s10, sp, s9
core   0: 3 0x800047d0 (0x01913d33) x26 0x00000000
core   0: 0x800047d4 (0x00bd8ab3) add     s5, s11, a1
core   0: 3 0x800047d4 (0x00bd8ab3) x21 0x2f21c001
core   0: 0x800047d8 (0x00291c93) slli    s9, s2, 2
core   0: 3 0x800047d8 (0x00291c93) x25 0x22e817d0
core   0: 0x800047dc (0x00fbb933) sltu    s2, s7, a5
core   0: 3 0x800047dc (0x00fbb933) x18 0x00000001
core   0: 0x800047e0 (0x01ea4a63) blt     s4, t5, pc + 20
core   0: 3 0x800047e0 (0x01ea4a63)
core   0: 0x800047e4 (0x4090d793) srai    a5, ra, 9
core   0: 3 0x800047e4 (0x4090d793) x15 0x000000c8
core   0: 0x800047e8 (0x0000127d) c.addi  tp, -1
core   0: 3 0x800047e8 (0x127d) x4  0x000005ee
core   0: 0x800047ea (0x9d7a1117) auipc   sp, 0x9d7a1
core   0: 3 0x800047ea (0x9d7a1117) x2  0x1d7a57ea
core   0: 0x800047ee (0x00000001) c.nop
core   0: 3 0x800047ee (0x0001)
core   0: 0x800047f0 (0x02641033) mulh    zero, s0, t1
core   0: 3 0x800047f0 (0x02641033)
core   0: 0x800047f4 (0x000058fd) c.li    a7, -1
core   0: 3 0x800047f4 (0x58fd) x17 0xffffffff
core   0: 0x800047f6 (0x00fbfcb3) and     s9, s7, a5
core   0: 3 0x800047f6 (0x00fbfcb3) x25 0x00000000
core   0: 0x800047fa (0x0082d933) srl     s2, t0, s0
core   0: 3 0x800047fa (0x0082d933) x18 0x00000000
core   0: 0x800047fe (0x00df8263) beq     t6, a3, pc + 4
core   0: 3 0x800047fe (0x00df8263)
core   0: 0x80004802 (0x0000ee01) c.bnez  a2, pc + 24
core   0: 3 0x80004802 (0xee01)
core   0: 0x80004804 (0x03b57333) remu    t1, a0, s11
core   0: 3 0x80004804 (0x03b57333) x6  0x00000000
core   0: 0x80004808 (0x00006175) c.addi16sp sp, 368
core   0: 3 0x80004808 (0x6175) x2  0x1d7a595a
core   0: 0x8000480a (0x9c7dfb93) andi    s7, s11, -1593
core   0: 3 0x8000480a (0x9c7dfb93) x23 0x00000001
core   0: 0x8000480e (0x022645b3) div     a1, a2, sp
core   0: 3 0x8000480e (0x022645b3) x11 0x00000000
core   0: 0x80004812 (0x0133de63) bge     t2, s3, pc + 28
core   0: 3 0x80004812 (0x0133de63)
core   0: 0x80004816 (0xc9ecf413) andi    s0, s9, -866
core   0: 3 0x80004816 (0xc9ecf413) x8  0x00000000
core   0: 0x8000481a (0x40ffdf33) sra     t5, t6, a5
core   0: 3 0x8000481a (0x40ffdf33) x30 0xff80029d
core   0: 0x8000481e (0x000003fa) c.slli  t2, 30
core   0: 3 0x8000481e (0x03fa) x7  0xc0000000
core   0: 0x80004820 (0x0233e163) bltu    t2, gp, pc + 34
core   0: 3 0x80004820 (0x0233e163)
core   0: 0x80004824 (0x00008efd) c.and   a3, a5
core   0: 3 0x80004824 (0x8efd) x13 0x00000000
core   0: 0x80004826 (0x02d3ec63) bltu    t2, a3, pc + 56
core   0: 3 0x80004826 (0x02d3ec63)
core   0: 0x8000482a (0x94246613) ori     a2, s0, -1726
core   0: 3 0x8000482a (0x94246613) x12 0xfffff942
core   0: 0x8000482e (0x00008631) c.srai  a2, 12
core   0: 3 0x8000482e (0x8631) x12 0xffffffff
core   0: 0x80004830 (0x038e49b3) div     s3, t3, s8
core   0: 3 0x80004830 (0x038e49b3) x19 0x00000001
core   0: 0x80004834 (0x0000c98d) c.beqz  a1, pc + 50
core   0: 3 0x80004834 (0xc98d)
core   0: 0x80004866 (0x00009afd) c.andi  a3, -1
core   0: 3 0x80004866 (0x9afd) x13 0x00000000
core   0: 0x80004868 (0x00d2b133) sltu    sp, t0, a3
core   0: 3 0x80004868 (0x00d2b133) x2  0x00000000
core   0: 0x8000486c (0x00000a65) c.addi  s4, 25
core   0: 3 0x8000486c (0x0a65) x20 0x00000019
core   0: 0x8000486e (0x022b7663) bgeu    s6, sp, pc + 44
core   0: 3 0x8000486e (0x022b7663)
core   0: 0x8000489a (0x2f4c6093) ori     ra, s8, 756
core   0: 3 0x8000489a (0x2f4c6093) x1  0x80025ef4
core   0: 0x8000489e (0x00000001) c.nop
core   0: 3 0x8000489e (0x0001)
core   0: 0x800048a0 (0x005cc0b3) xor     ra, s9, t0
core   0: 3 0x800048a0 (0x005cc0b3) x1  0x00000000
core   0: 0x800048a4 (0x02a76063) bltu    a4, a0, pc + 32
core   0: 3 0x800048a4 (0x02a76063)
core   0: 0x800048a8 (0x02ceb333) mulhu   t1, t4, a2
core   0: 3 0x800048a8 (0x02ceb333) x6  0x00000007
core   0: 0x800048ac (0x02897133) remu    sp, s2, s0
core   0: 3 0x800048ac (0x02897133) x2  0x00000000
core   0: 0x800048b0 (0x00009236) c.add   tp, a3
core   0: 3 0x800048b0 (0x9236) x4  0x000005ee
core   0: 0x800048b2 (0x0000e48d) c.bnez  s1, pc + 42
core   0: 3 0x800048b2 (0xe48d)
core   0: 0x800048b4 (0x000061c5) c.lui   gp, 0x11
core   0: 3 0x800048b4 (0x61c5) x3  0x00011000
core   0: 0x800048b6 (0x000015fd) c.addi  a1, -1
core   0: 3 0x800048b6 (0x15fd) x11 0xffffffff
core   0: 0x800048b8 (0x41afd033) sra     zero, t6, s10
core   0: 3 0x800048b8 (0x41afd033)
core   0: 0x800048bc (0x024a6db3) rem     s11, s4, tp
core   0: 3 0x800048bc (0x024a6db3) x27 0x00000019
core   0: 0x800048c0 (0x01d9e763) bltu    s3, t4, pc + 14
core   0: 3 0x800048c0 (0x01d9e763)
core   0: 0x800048ce (0x00006cc9) c.lui   s9, 0x12
core   0: 3 0x800048ce (0x6cc9) x25 0x00012000
core   0: 0x800048d0 (0x0000419d) c.li    gp, 7
core   0: 3 0x800048d0 (0x419d) x3  0x00000007
core   0: 0x800048d2 (0x41d88cb3) sub     s9, a7, t4
core   0: 3 0x800048d2 (0x41d88cb3) x25 0xfffffff7
core   0: 0x800048d6 (0x51372f13) slti    t5, a4, 1299
core   0: 3 0x800048d6 (0x51372f13) x30 0x00000001
core   0: 0x800048da (0x00000ca9) c.addi  s9, 10
core   0: 3 0x800048da (0x0ca9) x25 0x00000001
core   0: 0x800048dc (0x00b19863) bne     gp, a1, pc + 16
core   0: 3 0x800048dc (0x00b19863)
core   0: 0x800048ec (0x000062a1) c.lui   t0, 0x8
core   0: 3 0x800048ec (0x62a1) x5  0x00008000
core   0: 0x800048ee (0x21180e13) addi    t3, a6, 529
core   0: 3 0x800048ee (0x21180e13) x28 0xfffffbfc
core   0: 0x800048f2 (0x0131e463) bltu    gp, s3, pc + 8
core   0: 3 0x800048f2 (0x0131e463)
core   0: 0x800048f6 (0x01a064b3) or      s1, zero, s10
core   0: 3 0x800048f6 (0x01a064b3) x9  0x00000000
core   0: 0x800048fa (0x41ef5993) srai    s3, t5, 30
core   0: 3 0x800048fa (0x41ef5993) x19 0x00000000
core   0: 0x800048fe (0xa880fb13) andi    s6, ra, -1400
core   0: 3 0x800048fe (0xa880fb13) x22 0x00000000
core   0: 0x80004902 (0x000011fd) c.addi  gp, -1
core   0: 3 0x80004902 (0x11fd) x3  0x00000006
core   0: 0x80004904 (0x5050a393) slti    t2, ra, 1285
core   0: 3 0x80004904 (0x5050a393) x7  0x00000001
core   0: 0x80004908 (0x404b5193) srai    gp, s6, 4
core   0: 3 0x80004908 (0x404b5193) x3  0x00000000
core   0: 0x8000490c (0x00a78c63) beq     a5, a0, pc + 24
core   0: 3 0x8000490c (0x00a78c63)
core   0: 0x80004910 (0x00009456) c.add   s0, s5
core   0: 3 0x80004910 (0x9456) x8  0x2f21c001
core   0: 0x80004912 (0x02a68863) beq     a3, a0, pc + 48
core   0: 3 0x80004912 (0x02a68863)
core   0: 0x80004942 (0x00000462) c.slli  s0, 24
core   0: 3 0x80004942 (0x0462) x8  0x01000000
core   0: 0x80004944 (0x000082fd) c.srli  a3, 31
core   0: 3 0x80004944 (0x82fd) x13 0x00000000
core   0: 0x80004946 (0x0097d813) srli    a6, a5, 9
core   0: 3 0x80004946 (0x0097d813) x16 0x00000000
core   0: 0x8000494a (0x02674163) blt     a4, t1, pc + 34
core   0: 3 0x8000494a (0x02674163)
core   0: 0x8000494e (0x01a802b3) add     t0, a6, s10
core   0: 3 0x8000494e (0x01a802b3) x5  0x00000000
core   0: 0x80004952 (0x03f17c63) bgeu    sp, t6, pc + 56
core   0: 3 0x80004952 (0x03f17c63)
core   0: 0x80004956 (0x00001f7d) c.addi  t5, -1
core   0: 3 0x80004956 (0x1f7d) x30 0x00000000
core   0: 0x80004958 (0x02295533) divu    a0, s2, sp
core   0: 3 0x80004958 (0x02295533) x10 0xffffffff
core   0: 0x8000495c (0x415b5733) sra     a4, s6, s5
core   0: 3 0x8000495c (0x415b5733) x14 0x00000000
core   0: 0x80004960 (0x038b5cb3) divu    s9, s6, s8
core   0: 3 0x80004960 (0x038b5cb3) x25 0x00000000
core   0: 0x80004964 (0x00a9d033) srl     zero, s3, a0
core   0: 3 0x80004964 (0x00a9d033)
core   0: 0x80004968 (0x00009bfd) c.andi  a5, -1
core   0: 3 0x80004968 (0x9bfd) x15 0x000000c8
core   0: 0x8000496a (0x000000e5) c.addi  ra, 25
core   0: 3 0x8000496a (0x00e5) x1  0x00000019
core   0: 0x8000496c (0x000004ea) c.slli  s1, 26
core   0: 3 0x8000496c (0x04ea) x9  0x00000000
core   0: 0x8000496e (0x8fe16613) ori     a2, sp, -1794
core   0: 3 0x8000496e (0x8fe16613) x12 0xfffff8fe
core   0: 0x80004972 (0x000064a1) c.lui   s1, 0x8
core   0: 3 0x80004972 (0x64a1) x9  0x00008000
core   0: 0x80004974 (0x03369cb3) mulh    s9, a3, s3
core   0: 3 0x80004974 (0x03369cb3) x25 0x00000000
core   0: 0x80004978 (0x0347aab3) mulhsu  s5, a5, s4
core   0: 3 0x80004978 (0x0347aab3) x21 0x00000000
core   0: 0x8000497c (0x9b706137) lui     sp, 0x9b706
core   0: 3 0x8000497c (0x9b706137) x2  0x9b706000
core   0: 0x80004980 (0x10fce893) ori     a7, s9, 271
core   0: 3 0x80004980 (0x10fce893) x17 0x0000010f
core   0: 0x80004984 (0x026c6e33) rem     t3, s8, t1
core   0: 3 0x80004984 (0x026c6e33) x28 0xfffffffc
core   0: 0x80004988 (0x0000860d) c.srai  a2, 3
core   0: 3 0x80004988 (0x860d) x12 0xffffff1f
core   0: 0x8000498a (0x000087c2) c.mv    a5, a6
core   0: 3 0x8000498a (0x87c2) x15 0x00000000
core   0: 0x8000498c (0x00dd6b33) or      s6, s10, a3
core   0: 3 0x8000498c (0x00dd6b33) x22 0x00000000
core   0: 0x80004990 (0x00bb5863) bge     s6, a1, pc + 16
core   0: 3 0x80004990 (0x00bb5863)
core   0: 0x800049a0 (0x02923b33) mulhu   s6, tp, s1
core   0: 3 0x800049a0 (0x02923b33) x22 0x00000000
core   0: 0x800049a4 (0x00091333) sll     t1, s2, zero
core   0: 3 0x800049a4 (0x00091333) x6  0x00000000
core   0: 0x800049a8 (0x0009a533) slt     a0, s3, zero
core   0: 3 0x800049a8 (0x0009a533) x10 0x00000000
core   0: 0x800049ac (0x01bac133) xor     sp, s5, s11
core   0: 3 0x800049ac (0x01bac133) x2  0x00000019
core   0: 0x800049b0 (0x33b641b7) lui     gp, 0x33b64
core   0: 3 0x800049b0 (0x33b641b7) x3  0x33b64000
core   0: 0x800049b4 (0x99510b93) addi    s7, sp, -1643
core   0: 3 0x800049b4 (0x99510b93) x23 0xfffff9ae
core   0: 0x800049b8 (0x02f18ab3) mul     s5, gp, a5
core   0: 3 0x800049b8 (0x02f18ab3) x21 0x00000000
core   0: 0x800049bc (0x40ef5413) srai    s0, t5, 14
core   0: 3 0x800049bc (0x40ef5413) x8  0x00000000
core   0: 0x800049c0 (0x40deda33) sra     s4, t4, a3
core   0: 3 0x800049c0 (0x40deda33) x20 0x00000008
core   0: 0x800049c4 (0x03747413) andi    s0, s0, 55
core   0: 3 0x800049c4 (0x03747413) x8  0x00000000
core   0: 0x800049c8 (0x0000cc91) c.beqz  s1, pc + 28
core   0: 3 0x800049c8 (0xcc91)
core   0: 0x800049ca (0x94f2f497) auipc   s1, 0x94f2f
core   0: 3 0x800049ca (0x94f2f497) x9  0x14f339ca
core   0: 0x800049ce (0x1af8e213) ori     tp, a7, 431
core   0: 3 0x800049ce (0x1af8e213) x4  0x000001af
core   0: 0x800049d2 (0x01a35e13) srli    t3, t1, 26
core   0: 3 0x800049d2 (0x01a35e13) x28 0x00000000
core   0: 0x800049d6 (0x00000001) c.nop
core   0: 3 0x800049d6 (0x0001)
core   0: 0x800049d8 (0x000050fd) c.li    ra, -1
core   0: 3 0x800049d8 (0x50fd) x1  0xffffffff
core   0: 0x800049da (0x1ed1d237) lui     tp, 0x1ed1d
core   0: 3 0x800049da (0x1ed1d237) x4  0x1ed1d000
core   0: 0x800049de (0x0000961e) c.add   a2, t2
core   0: 3 0x800049de (0x961e) x12 0xffffff20
core   0: 0x800049e0 (0x68168237) lui     tp, 0x68168
core   0: 3 0x800049e0 (0x68168237) x4  0x68168000
core   0: 0x800049e4 (0x00000001) c.nop
core   0: 3 0x800049e4 (0x0001)
core   0: 0x800049e6 (0x03043633) mulhu   a2, s0, a6
core   0: 3 0x800049e6 (0x03043633) x12 0x00000000
core   0: 0x800049ea (0x41198db3) sub     s11, s3, a7
core   0: 3 0x800049ea (0x41198db3) x27 0xfffffef1
core   0: 0x800049ee (0x02242a33) mulhsu  s4, s0, sp
core   0: 3 0x800049ee (0x02242a33) x20 0x00000000
core   0: 0x800049f2 (0x02478d63) beq     a5, tp, pc + 58
core   0: 3 0x800049f2 (0x02478d63)
core   0: 0x800049f6 (0x00008e9d) c.sub   a3, a5
core   0: 3 0x800049f6 (0x8e9d) x13 0x00000000
core   0: 0x800049f8 (0x01323633) sltu    a2, tp, s3
core   0: 3 0x800049f8 (0x01323633) x12 0x00000000
core   0: 0x800049fc (0x011fd333) srl     t1, t6, a7
core   0: 3 0x800049fc (0x011fd333) x6  0x00010005
core   0: 0x80004a00 (0x000059fd) c.li    s3, -1
core   0: 3 0x80004a00 (0x59fd) x19 0xffffffff
core   0: 0x80004a02 (0x00000001) c.nop
core   0: 3 0x80004a02 (0x0001)
core   0: 0x80004a04 (0x0241ca63) blt     gp, tp, pc + 52
core   0: 3 0x80004a04 (0x0241ca63)
core   0: 0x80004a38 (0x000082d6) c.mv    t0, s5
core   0: 3 0x80004a38 (0x82d6) x5  0x00000000
core   0: 0x80004a3a (0x0000717d) c.addi16sp sp, -16
core   0: 3 0x80004a3a (0x717d) x2  0x00000009
core   0: 0x80004a3c (0x02b192b3) mulh    t0, gp, a1
core   0: 3 0x80004a3c (0x02b192b3) x5  0xffffffff
core   0: 0x80004a40 (0x3d587c93) andi    s9, a6, 981
core   0: 3 0x80004a40 (0x3d587c93) x25 0x00000000
core   0: 0x80004a44 (0x40778bb3) sub     s7, a5, t2
core   0: 3 0x80004a44 (0x40778bb3) x23 0xffffffff
core   0: 0x80004a48 (0x03f749b3) div     s3, a4, t6
core   0: 3 0x80004a48 (0x03f749b3) x19 0x00000000
core   0: 0x80004a4c (0x00008a5d) c.andi  a2, 23
core   0: 3 0x80004a4c (0x8a5d) x12 0x00000000
core   0: 0x80004a4e (0x00000b18) c.addi4spn a4, sp, 400
core   0: 3 0x80004a4e (0x0b18) x14 0x00000199
core   0: 0x80004a50 (0x029c5a33) divu    s4, s8, s1
core   0: 3 0x80004a50 (0x029c5a33) x20 0x00000006
core   0: 0x80004a54 (0x5e437093) andi    ra, t1, 1508
core   0: 3 0x80004a54 (0x5e437093) x1  0x00000004
core   0: 0x80004a58 (0x041a9363) bne     s5, ra, pc + 70
core   0: 3 0x80004a58 (0x041a9363)
core   0: 0x80004a9e (0x0046d133) srl     sp, a3, tp
core   0: 3 0x80004a9e (0x0046d133) x2  0x00000000
core   0: 0x80004aa2 (0x0000c611) c.beqz  a2, pc + 12
core   0: 3 0x80004aa2 (0xc611)
core   0: 0x80004aae (0x0052c1b3) xor     gp, t0, t0
core   0: 3 0x80004aae (0x0052c1b3) x3  0x00000000
core   0: 0x80004ab2 (0x03b3b533) mulhu   a0, t2, s11
core   0: 3 0x80004ab2 (0x03b3b533) x10 0x00000000
core   0: 0x80004ab6 (0x03315d33) divu    s10, sp, s3
core   0: 3 0x80004ab6 (0x03315d33) x26 0xffffffff
core   0: 0x80004aba (0x027585b3) mul     a1, a1, t2
core   0: 3 0x80004aba (0x027585b3) x11 0xffffffff
core   0: 0x80004abe (0x000043e9) c.li    t2, 26
core   0: 3 0x80004abe (0x43e9) x7  0x0000001a
core   0: 0x80004ac0 (0x0321a0b3) mulhsu  ra, gp, s2
core   0: 3 0x80004ac0 (0x0321a0b3) x1  0x00000000
core   0: 0x80004ac4 (0x02530e33) mul     t3, t1, t0
core   0: 3 0x80004ac4 (0x02530e33) x28 0xfffefffb
core   0: 0x80004ac8 (0x03db3ab3) mulhu   s5, s6, t4
core   0: 3 0x80004ac8 (0x03db3ab3) x21 0x00000000
core   0: 0x80004acc (0x00bff033) and     zero, t6, a1
core   0: 3 0x80004acc (0x00bff033)
core   0: 0x80004ad0 (0x00df3db3) sltu    s11, t5, a3
core   0: 3 0x80004ad0 (0x00df3db3) x27 0x00000000
core   0: 0x80004ad4 (0x01e722b3) slt     t0, a4, t5
core   0: 3 0x80004ad4 (0x01e722b3) x5  0x00000000
core   0: 0x80004ad8 (0x54727cb7) lui     s9, 0x54727
core   0: 3 0x80004ad8 (0x54727cb7) x25 0x54727000
core   0: 0x80004adc (0x017edb13) srli    s6, t4, 23
core   0: 3 0x80004adc (0x017edb13) x22 0x00000000
core   0: 0x80004ae0 (0x00008c59) c.or    s0, a4
core   0: 3 0x80004ae0 (0x8c59) x8  0x00000199
core   0: 0x80004ae2 (0x03286d63) bltu    a6, s2, pc + 58
core   0: 3 0x80004ae2 (0x03286d63)
core   0: 0x80004ae6 (0x03750663) beq     a0, s7, pc + 44
core   0: 3 0x80004ae6 (0x03750663)
core   0: 0x80004aea (0x00008ff1) c.and   a5, a2
core   0: 3 0x80004aea (0x8ff1) x15 0x00000000
core   0: 0x80004aec (0x02603e33) mulhu   t3, zero, t1
core   0: 3 0x80004aec (0x02603e33) x28 0x00000000
core   0: 0x80004af0 (0x00009bfd) c.andi  a5, -1
core   0: 3 0x80004af0 (0x9bfd) x15 0x00000000
core   0: 0x80004af2 (0x00042a33) slt     s4, s0, zero
core   0: 3 0x80004af2 (0x00042a33) x20 0x00000000
core   0: 0x80004af6 (0x00008659) c.srai  a2, 22
core   0: 3 0x80004af6 (0x8659) x12 0x00000000
core   0: 0x80004af8 (0x000005de) c.slli  a1, 23
core   0: 3 0x80004af8 (0x05de) x11 0xff800000
core   0: 0x80004afa (0x03951163) bne     a0, s9, pc + 34
core   0: 3 0x80004afa (0x03951163)
core   0: 0x80004b1c (0x000061c5) c.lui   gp, 0x11
core   0: 3 0x80004b1c (0x61c5) x3  0x00011000
core   0: 0x80004b1e (0x001a9633) sll     a2, s5, ra
core   0: 3 0x80004b1e (0x001a9633) x12 0x00000000
core   0: 0x80004b22 (0x03beee33) rem     t3, t4, s11
core   0: 3 0x80004b22 (0x03beee33) x28 0x00000008
core   0: 0x80004b26 (0x3f3d6213) ori     tp, s10, 1011
core   0: 3 0x80004b26 (0x3f3d6213) x4  0xffffffff
core   0: 0x80004b2a (0x5cee3913) sltiu   s2, t3, 1486
core   0: 3 0x80004b2a (0x5cee3913) x18 0x00000001
core   0: 0x80004b2e (0x00008cb5) c.xor   s1, a3
core   0: 3 0x80004b2e (0x8cb5) x9  0x14f339ca
core   0: 0x80004b30 (0x0000e891) c.bnez  s1, pc + 20
core   0: 3 0x80004b30 (0xe891)
core   0: 0x80004b44 (0xea956317) auipc   t1, 0xea956
core   0: 3 0x80004b44 (0xea956317) x6  0x6a95ab44
core   0: 0x80004b48 (0x81f4e593) ori     a1, s1, -2017
core   0: 3 0x80004b48 (0x81f4e593) x11 0xfffff9df
core   0: 0x80004b4c (0x011273b3) and     t2, tp, a7
core   0: 3 0x80004b4c (0x011273b3) x7  0x0000010f
core   0: 0x80004b50 (0x000053fd) c.li    t2, -1
core   0: 3 0x80004b50 (0x53fd) x7  0xffffffff
core   0: 0x80004b52 (0x0000982a) c.add   a6, a0
core   0: 3 0x80004b52 (0x982a) x16 0x00000000
core   0: 0x80004b54 (0x31c1cab7) lui     s5, 0x31c1c
core   0: 3 0x80004b54 (0x31c1cab7) x21 0x31c1c000
core   0: 0x80004b58 (0x0168f433) and     s0, a7, s6
core   0: 3 0x80004b58 (0x0168f433) x8  0x00000000
core   0: 0x80004b5c (0x0000127d) c.addi  tp, -1
core   0: 3 0x80004b5c (0x127d) x4  0xfffffffe
core   0: 0x80004b5e (0x18a6ee13) ori     t3, a3, 394
core   0: 3 0x80004b5e (0x18a6ee13) x28 0x0000018a
core   0: 0x80004b62 (0x620da913) slti    s2, s11, 1568
core   0: 3 0x80004b62 (0x620da913) x18 0x00000001
core   0: 0x80004b66 (0x0665ccb7) lui     s9, 0x665c
core   0: 3 0x80004b66 (0x0665ccb7) x25 0x0665c000
core   0: 0x80004b6a (0x0000977a) c.add   a4, t5
core   0: 3 0x80004b6a (0x977a) x14 0x00000199
core   0: 0x80004b6c (0x00000989) c.addi  s3, 2
core   0: 3 0x80004b6c (0x0989) x19 0x00000002
core   0: 0x80004b6e (0x01a04463) blt     zero, s10, pc + 8
core   0: 3 0x80004b6e (0x01a04463)
core   0: 0x80004b72 (0xa0eeeb13) ori     s6, t4, -1522
core   0: 3 0x80004b72 (0xa0eeeb13) x22 0xfffffa0e
core   0: 0x80004b76 (0x027d8e63) beq     s11, t2, pc + 60
core   0: 3 0x80004b76 (0x027d8e63)
core   0: 0x80004b7a (0x056e0263) beq     t3, s6, pc + 68
core   0: 3 0x80004b7a (0x056e0263)
core   0: 0x80004b7e (0x0000717d) c.addi16sp sp, -16
core   0: 3 0x80004b7e (0x717d) x2  0xfffffff0
core   0: 0x80004b80 (0x01009263) bne     ra, a6, pc + 4
core   0: 3 0x80004b80 (0x01009263)
core   0: 0x80004b84 (0x00000152) c.slli  sp, 20
core   0: 3 0x80004b84 (0x0152) x2  0xff000000
core   0: 0x80004b86 (0x00a9ecb3) or      s9, s3, a0
core   0: 3 0x80004b86 (0x00a9ecb3) x25 0x00000002
core   0: 0x80004b8a (0x00be0033) add     zero, t3, a1
core   0: 3 0x80004b8a (0x00be0033)
core   0: 0x80004b8e (0x0244b233) mulhu   tp, s1, tp
core   0: 3 0x80004b8e (0x0244b233) x4  0x14f339c9
core   0: 0x80004b92 (0xf7e72893) slti    a7, a4, -130
core   0: 3 0x80004b92 (0xf7e72893) x17 0x00000000
core   0: 0x80004b96 (0xfd8bb037) lui     zero, 0xfd8bb
core   0: 3 0x80004b96 (0xfd8bb037)
core   0: 0x80004b9a (0x005655b3) srl     a1, a2, t0
core   0: 3 0x80004b9a (0x005655b3) x11 0x00000000
core   0: 0x80004b9e (0x044b6d13) ori     s10, s6, 68
core   0: 3 0x80004b9e (0x044b6d13) x26 0xfffffa4e
core   0: 0x80004ba2 (0x006a5213) srli    tp, s4, 6
core   0: 3 0x80004ba2 (0x006a5213) x4  0x00000000
core   0: 0x80004ba6 (0x00a73a33) sltu    s4, a4, a0
core   0: 3 0x80004ba6 (0x00a73a33) x20 0x00000000
core   0: 0x80004baa (0x000e9863) bnez    t4, pc + 16
core   0: 3 0x80004baa (0x000e9863)
core   0: 0x80004bba (0x31c59d37) lui     s10, 0x31c59
core   0: 3 0x80004bba (0x31c59d37) x26 0x31c59000
core   0: 0x80004bbe (0x769dc893) xori    a7, s11, 1897
core   0: 3 0x80004bbe (0x769dc893) x17 0x00000769
core   0: 0x80004bc2 (0x000098fd) c.andi  s1, -1
core   0: 3 0x80004bc2 (0x98fd) x9  0x14f339ca
core   0: 0x80004bc4 (0x016fc863) blt     t6, s6, pc + 16
core   0: 3 0x80004bc4 (0x016fc863)
core   0: 0x80004bd4 (0xf61d3c93) sltiu   s9, s10, -159
core   0: 3 0x80004bd4 (0xf61d3c93) x25 0x00000001
core   0: 0x80004bd8 (0x58952993) slti    s3, a0, 1417
core   0: 3 0x80004bd8 (0x58952993) x19 0x00000001
core   0: 0x80004bdc (0x406a5833) sra     a6, s4, t1
core   0: 3 0x80004bdc (0x406a5833) x16 0x00000000
core   0: 0x80004be0 (0xedbb8693) addi    a3, s7, -293
core   0: 3 0x80004be0 (0xedbb8693) x13 0xfffffeda
core   0: 0x80004be4 (0x00009da2) c.add   s11, s0
core   0: 3 0x80004be4 (0x9da2) x27 0x00000000
core   0: 0x80004be6 (0x026fdf33) divu    t5, t6, t1
core   0: 3 0x80004be6 (0x026fdf33) x30 0x00000001
core   0: 0x80004bea (0x000014fd) c.addi  s1, -1
core   0: 3 0x80004bea (0x14fd) x9  0x14f339c9
core   0: 0x80004bec (0x00004e71) c.li    t3, 28
core   0: 3 0x80004bec (0x4e71) x28 0x0000001c
core   0: 0x80004bee (0x412dd033) sra     zero, s11, s2
core   0: 3 0x80004bee (0x412dd033)
core   0: 0x80004bf2 (0x4054d2b3) sra     t0, s1, t0
core   0: 3 0x80004bf2 (0x4054d2b3) x5  0x14f339c9
core   0: 0x80004bf6 (0x000080bd) c.srli  s1, 15
core   0: 3 0x80004bf6 (0x80bd) x9  0x000029e6
core   0: 0x80004bf8 (0x00008efd) c.and   a3, a5
core   0: 3 0x80004bf8 (0x8efd) x13 0x00000000
core   0: 0x80004bfa (0x035fa133) mulhsu  sp, t6, s5
core   0: 3 0x80004bfa (0x035fa133) x2  0xe71fa20e
core   0: 0x80004bfe (0x0000ee11) c.bnez  a2, pc + 28
core   0: 3 0x80004bfe (0xee11)
core   0: 0x80004c00 (0x00009a3a) c.add   s4, a4
core   0: 3 0x80004c00 (0x9a3a) x20 0x00000199
core   0: 0x80004c02 (0x00008e59) c.or    a2, a4
core   0: 3 0x80004c02 (0x8e59) x12 0x00000199
core   0: 0x80004c04 (0x00008dd5) c.or    a1, a3
core   0: 3 0x80004c04 (0x8dd5) x11 0x00000000
core   0: 0x80004c06 (0x0000ce19) c.beqz  a2, pc + 30
core   0: 3 0x80004c06 (0xce19)
core   0: 0x80004c08 (0x001efa63) bgeu    t4, ra, pc + 20
core   0: 3 0x80004c08 (0x001efa63)
core   0: 0x80004c1c (0x40065e13) srai    t3, a2, 0
core   0: 3 0x80004c1c (0x40065e13) x28 0x00000199
core   0: 0x80004c20 (0x000fb833) sltu    a6, t6, zero
core   0: 3 0x80004c20 (0x000fb833) x16 0x00000000
core   0: 0x80004c24 (0x03a5da33) divu    s4, a1, s10
core   0: 3 0x80004c24 (0x03a5da33) x20 0x00000000
core   0: 0x80004c28 (0xb043b4b7) lui     s1, 0xb043b
core   0: 3 0x80004c28 (0xb043b4b7) x9  0xb043b000
core   0: 0x80004c2c (0x0000567d) c.li    a2, -1
core   0: 3 0x80004c2c (0x567d) x12 0xffffffff
core   0: 0x80004c2e (0x00000001) c.nop
core   0: 3 0x80004c2e (0x0001)
core   0: 0x80004c30 (0x02baf563) bgeu    s5, a1, pc + 42
core   0: 3 0x80004c30 (0x02baf563)
core   0: 0x80004c5a (0x7bb9c493) xori    s1, s3, 1979
core   0: 3 0x80004c5a (0x7bb9c493) x9  0x000007ba
core   0: 0x80004c5e (0x031ed9b3) divu    s3, t4, a7
core   0: 3 0x80004c5e (0x031ed9b3) x19 0x00000000
core   0: 0x80004c62 (0x009239b3) sltu    s3, tp, s1
core   0: 3 0x80004c62 (0x009239b3) x19 0x00000001
core   0: 0x80004c66 (0x00000439) c.addi  s0, 14
core   0: 3 0x80004c66 (0x0439) x8  0x0000000e
core   0: 0x80004c68 (0x000080c5) c.srli  s1, 17
core   0: 3 0x80004c68 (0x80c5) x9  0x00000000
core   0: 0x80004c6a (0x00adef63) bltu    s11, a0, pc + 30
core   0: 3 0x80004c6a (0x00adef63)
core   0: 0x80004c6e (0x0000e58d) c.bnez  a1, pc + 42
core   0: 3 0x80004c6e (0xe58d)
core   0: 0x80004c70 (0x00a8e333) or      t1, a7, a0
core   0: 3 0x80004c70 (0x00a8e333) x6  0x00000769
core   0: 0x80004c74 (0x8bc08993) addi    s3, ra, -1860
core   0: 3 0x80004c74 (0x8bc08993) x19 0xfffff8bc
core   0: 0x80004c78 (0x01a02633) slt     a2, zero, s10
core   0: 3 0x80004c78 (0x01a02633) x12 0x00000001
core   0: 0x80004c7c (0x00005e7d) c.li    t3, -1
core   0: 3 0x80004c7c (0x5e7d) x28 0xffffffff
core   0: 0x80004c7e (0x02c29733) mulh    a4, t0, a2
core   0: 3 0x80004c7e (0x02c29733) x14 0x00000000
core   0: 0x80004c82 (0x000060a1) c.lui   ra, 0x8
core   0: 3 0x80004c82 (0x60a1) x1  0x00008000
core   0: 0x80004c84 (0x40e78b33) sub     s6, a5, a4
core   0: 3 0x80004c84 (0x40e78b33) x22 0x00000000
core   0: 0x80004c88 (0xb911f513) andi    a0, gp, -1135
core   0: 3 0x80004c88 (0xb911f513) x10 0x00011000
core   0: 0x80004c8c (0x00001a94) c.addi4spn a3, sp, 368
core   0: 3 0x80004c8c (0x1a94) x13 0xe71fa37e
core   0: 0x80004c8e (0x007fd3b3) srl     t2, t6, t2
core   0: 3 0x80004c8e (0x007fd3b3) x7  0x00000001
core   0: 0x80004c92 (0x00008d85) c.sub   a1, s1
core   0: 3 0x80004c92 (0x8d85) x11 0x00000000
core   0: 0x80004c94 (0x4118d093) srai    ra, a7, 17
core   0: 3 0x80004c94 (0x4118d093) x1  0x00000000
core   0: 0x80004c98 (0x027a6733) rem     a4, s4, t2
core   0: 3 0x80004c98 (0x027a6733) x14 0x00000000
core   0: 0x80004c9c (0x021e4233) div     tp, t3, ra
core   0: 3 0x80004c9c (0x021e4233) x4  0xffffffff
core   0: 0x80004ca0 (0x418d5713) srai    a4, s10, 24
core   0: 3 0x80004ca0 (0x418d5713) x14 0x00000031
core   0: 0x80004ca4 (0x00008c85) c.sub   s1, s1
core   0: 3 0x80004ca4 (0x8c85) x9  0x00000000
core   0: 0x80004ca6 (0x2180ca13) xori    s4, ra, 536
core   0: 3 0x80004ca6 (0x2180ca13) x20 0x00000218
core   0: 0x80004caa (0x00008ea1) c.xor   a3, s0
core   0: 3 0x80004caa (0x8ea1) x13 0xe71fa370
core   0: 0x80004cac (0x00008d92) c.mv    s11, tp
core   0: 3 0x80004cac (0x8d92) x27 0xffffffff
core   0: 0x80004cae (0x016fd6b3) srl     a3, t6, s6
core   0: 3 0x80004cae (0x016fd6b3) x13 0x80029d24
core   0: 0x80004cb2 (0x40618833) sub     a6, gp, t1
core   0: 3 0x80004cb2 (0x40618833) x16 0x00010897
core   0: 0x80004cb6 (0x01708db3) add     s11, ra, s7
core   0: 3 0x80004cb6 (0x01708db3) x27 0xffffffff
core   0: 0x80004cba (0x00008d86) c.mv    s11, ra
core   0: 3 0x80004cba (0x8d86) x27 0x00000000
core   0: 0x80004cbc (0x0017d933) srl     s2, a5, ra
core   0: 3 0x80004cbc (0x0017d933) x18 0x00000000
core   0: 0x80004cc0 (0x678bc093) xori    ra, s7, 1656
core   0: 3 0x80004cc0 (0x678bc093) x1  0xfffff987
core   0: 0x80004cc4 (0x0000843d) c.srai  s0, 15
core   0: 3 0x80004cc4 (0x843d) x8  0x00000000
core   0: 0x80004cc6 (0x00885cb3) srl     s9, a6, s0
core   0: 3 0x80004cc6 (0x00885cb3) x25 0x00010897
core   0: 0x80004cca (0x412d0a33) sub     s4, s10, s2
core   0: 3 0x80004cca (0x412d0a33) x20 0x31c59000
core   0: 0x80004cce (0x00008fd5) c.or    a5, a3
core   0: 3 0x80004cce (0x8fd5) x15 0x80029d24
core   0: 0x80004cd0 (0x03920ab3) mul     s5, tp, s9
core   0: 3 0x80004cd0 (0x03920ab3) x21 0xfffef769
core   0: 0x80004cd4 (0x00008f25) c.xor   a4, s1
core   0: 3 0x80004cd4 (0x8f25) x14 0x00000031
core   0: 0x80004cd6 (0x20ce4a93) xori    s5, t3, 524
core   0: 3 0x80004cd6 (0x20ce4a93) x21 0xfffffdf3
core   0: 0x80004cda (0x01815c93) srli    s9, sp, 24
core   0: 3 0x80004cda (0x01815c93) x25 0x000000e7
core   0: 0x80004cde (0xfd0f2813) slti    a6, t5, -48
core   0: 3 0x80004cde (0xfd0f2813) x16 0x00000000
core   0: 0x80004ce2 (0x01b69f63) bne     a3, s11, pc + 30
core   0: 3 0x80004ce2 (0x01b69f63)
core   0: 0x80004d00 (0x02974163) blt     a4, s1, pc + 34
core   0: 3 0x80004d00 (0x02974163)
core   0: 0x80004d04 (0x0000812a) c.mv    sp, a0
core   0: 3 0x80004d04 (0x812a) x2  0x00011000
core   0: 0x80004d06 (0x025d4263) blt     s10, t0, pc + 36
core   0: 3 0x80004d06 (0x025d4263)
core   0: 0x80004d0a (0x40b45293) srai    t0, s0, 11
core   0: 3 0x80004d0a (0x40b45293) x5  0x00000000
core   0: 0x80004d0e (0x02753cb3) mulhu   s9, a0, t2
core   0: 3 0x80004d0e (0x02753cb3) x25 0x00000000
core   0: 0x80004d12 (0x0c79e337) lui     t1, 0xc79e
core   0: 3 0x80004d12 (0x0c79e337) x6  0x0c79e000
core   0: 0x80004d16 (0x0000ee85) c.bnez  a3, pc + 56
core   0: 3 0x80004d16 (0xee85)
core   0: 0x80004d4e (0xee0bab97) auipc   s7, 0xee0ba
core   0: 3 0x80004d4e (0xee0bab97) x23 0x6e0bed4e
core   0: 0x80004d52 (0x0000c1d9) c.beqz  a1, pc + 134
core   0: 3 0x80004d52 (0xc1d9)
core   0: 0x80004dd8 (0x00001208) c.addi4spn a0, sp, 288
core   0: 3 0x80004dd8 (0x1208) x10 0x00011120
core   0: 0x80004dda (0x0000eb19) c.bnez  a4, pc + 22
core   0: 3 0x80004dda (0xeb19)
core   0: 0x80004df0 (0x01580bb3) add     s7, a6, s5
core   0: 3 0x80004df0 (0x01580bb3) x23 0xfffffdf3
core   0: 0x80004df4 (0x00940db3) add     s11, s0, s1
core   0: 3 0x80004df4 (0x00940db3) x27 0x00000000
core   0: 0x80004df8 (0x00f0e233) or      tp, ra, a5
core   0: 3 0x80004df8 (0x00f0e233) x4  0xfffffda7
core   0: 0x80004dfc (0x01e6e333) or      t1, a3, t5
core   0: 3 0x80004dfc (0x01e6e333) x6  0x80029d25
core   0: 0x80004e00 (0x019f7ab3) and     s5, t5, s9
core   0: 3 0x80004e00 (0x019f7ab3) x21 0x00000000
core   0: 0x80004e04 (0x00000f2e) c.slli  t5, 11
core   0: 3 0x80004e04 (0x0f2e) x30 0x00000800
core   0: 0x80004e06 (0x00e8ee63) bltu    a7, a4, pc + 28
core   0: 3 0x80004e06 (0x00e8ee63)
core   0: 0x80004e0a (0x010127b3) slt     a5, sp, a6
core   0: 3 0x80004e0a (0x010127b3) x15 0x00000000
core   0: 0x80004e0e (0x05aa8263) beq     s5, s10, pc + 68
core   0: 3 0x80004e0e (0x05aa8263)
core   0: 0x80004e12 (0xa0504e17) auipc   t3, 0xa0504
core   0: 3 0x80004e12 (0xa0504e17) x28 0x20508e12
core   0: 0x80004e16 (0x01c5d633) srl     a2, a1, t3
core   0: 3 0x80004e16 (0x01c5d633) x12 0x00000000
core   0: 0x80004e1a (0x01527963) bgeu    tp, s5, pc + 18
core   0: 3 0x80004e1a (0x01527963)
core   0: 0x80004e2c (0x57827d37) lui     s10, 0x57827
core   0: 3 0x80004e2c (0x57827d37) x26 0x57827000
core   0: 0x80004e30 (0x000081f1) c.srli  a1, 28
core   0: 3 0x80004e30 (0x81f1) x11 0x00000000
core   0: 0x80004e32 (0x006a7d33) and     s10, s4, t1
core   0: 3 0x80004e32 (0x006a7d33) x26 0x00009000
core   0: 0x80004e36 (0x00008f29) c.xor   a4, a0
core   0: 3 0x80004e36 (0x8f29) x14 0x00011111
core   0: 0x80004e38 (0x0000c801) c.beqz  s0, pc + 16
core   0: 3 0x80004e38 (0xc801)
core   0: 0x80004e48 (0x01aac4b3) xor     s1, s5, s10
core   0: 3 0x80004e48 (0x01aac4b3) x9  0x00009000
core   0: 0x80004e4c (0x1798c093) xori    ra, a7, 377
core   0: 3 0x80004e4c (0x1798c093) x1  0x00000610
core   0: 0x80004e50 (0x000099e6) c.add   s3, s9
core   0: 3 0x80004e50 (0x99e6) x19 0xfffff8bc
core   0: 0x80004e52 (0x018e3133) sltu    sp, t3, s8
core   0: 3 0x80004e52 (0x018e3133) x2  0x00000001
core   0: 0x80004e56 (0x0307f4b3) remu    s1, a5, a6
core   0: 3 0x80004e56 (0x0307f4b3) x9  0x00000000
core   0: 0x80004e5a (0x0028df63) bge     a7, sp, pc + 30
core   0: 3 0x80004e5a (0x0028df63)
core   0: 0x80004e78 (0x00008d05) c.sub   a0, s1
core   0: 3 0x80004e78 (0x8d05) x10 0x00011120
core   0: 0x80004e7a (0x00c3fbb3) and     s7, t2, a2
core   0: 3 0x80004e7a (0x00c3fbb3) x23 0x00000000
core   0: 0x80004e7e (0x0105e733) or      a4, a1, a6
core   0: 3 0x80004e7e (0x0105e733) x14 0x00000000
core   0: 0x80004e82 (0x01de1ab3) sll     s5, t3, t4
core   0: 3 0x80004e82 (0x01de1ab3) x21 0x508e1200
core   0: 0x80004e86 (0x0282f863) bgeu    t0, s0, pc + 48
core   0: 3 0x80004e86 (0x0282f863)
core   0: 0x80004eb6 (0x03544063) blt     s0, s5, pc + 32
core   0: 3 0x80004eb6 (0x03544063)
core   0: 0x80004ed6 (0x00127933) and     s2, tp, ra
core   0: 3 0x80004ed6 (0x00127933) x18 0x00000400
core   0: 0x80004eda (0x01829733) sll     a4, t0, s8
core   0: 3 0x80004eda (0x01829733) x14 0x00000000
core   0: 0x80004ede (0x00006969) c.lui   s2, 0x1a
core   0: 3 0x80004ede (0x6969) x18 0x0001a000
core   0: 0x80004ee0 (0x00008f61) c.and   a4, s0
core   0: 3 0x80004ee0 (0x8f61) x14 0x00000000
core   0: 0x80004ee2 (0x028a83b3) mul     t2, s5, s0
core   0: 3 0x80004ee2 (0x028a83b3) x7  0x00000000
core   0: 0x80004ee6 (0x03475bb3) divu    s7, a4, s4
core   0: 3 0x80004ee6 (0x03475bb3) x23 0x00000000
core   0: 0x80004eea (0x03dea033) mulhsu  zero, t4, t4
core   0: 3 0x80004eea (0x03dea033)
core   0: 0x80004eee (0x03c0ed63) bltu    ra, t3, pc + 58
core   0: 3 0x80004eee (0x03c0ed63)
core   0: 0x80004f28 (0x000080d2) c.mv    ra, s4
core   0: 3 0x80004f28 (0x80d2) x1  0x31c59000
core   0: 0x80004f2a (0x00009a7d) c.andi  a2, -1
core   0: 3 0x80004f2a (0x9a7d) x12 0x00000000
core   0: 0x80004f2c (0xc4da2793) slti    a5, s4, -947
core   0: 3 0x80004f2c (0xc4da2793) x15 0x00000000
core   0: 0x80004f30 (0x02a4df33) divu    t5, s1, a0
core   0: 3 0x80004f30 (0x02a4df33) x30 0x00000000
core   0: 0x80004f34 (0x41c2d913) srai    s2, t0, 28
core   0: 3 0x80004f34 (0x41c2d913) x18 0x00000000
core   0: 0x80004f38 (0x000088b6) c.mv    a7, a3
core   0: 3 0x80004f38 (0x88b6) x17 0x80029d24
core   0: 0x80004f3a (0x00000001) c.nop
core   0: 3 0x80004f3a (0x0001)
core   0: 0x80004f3c (0x039fb1b3) mulhu   gp, t6, s9
core   0: 3 0x80004f3c (0x039fb1b3) x3  0x00000000
core   0: 0x80004f40 (0x73e4bc97) auipc   s9, 0x73e4b
core   0: 3 0x80004f40 (0x73e4bc97) x25 0xf3e4ff40
core   0: 0x80004f44 (0x0000c66d) c.beqz  a2, pc + 234
core   0: 3 0x80004f44 (0xc66d)
core   0: 0x8000502e (0x024f43b3) div     t2, t5, tp
core   0: 3 0x8000502e (0x024f43b3) x7  0x00000000
core   0: 0x80005032 (0x0000997d) c.andi  a0, -1
core   0: 3 0x80005032 (0x997d) x10 0x00011120
core   0: 0x80005034 (0x00008f25) c.xor   a4, s1
core   0: 3 0x80005034 (0x8f25) x14 0x00000000
core   0: 0x80005036 (0x291aff37) lui     t5, 0x291af
core   0: 3 0x80005036 (0x291aff37) x30 0x291af000
core   0: 0x8000503a (0x00ba6863) bltu    s4, a1, pc + 16
core   0: 3 0x8000503a (0x00ba6863)
core   0: 0x8000503e (0xe91c9897) auipc   a7, 0xe91c9
core   0: 3 0x8000503e (0xe91c9897) x17 0x691ce03e
core   0: 0x80005042 (0x0000ca85) c.beqz  a3, pc + 48
core   0: 3 0x80005042 (0xca85)
core   0: 0x80005044 (0x69c9f613) andi    a2, s3, 1692
core   0: 3 0x80005044 (0x69c9f613) x12 0x0000009c
core   0: 0x80005048 (0x00008699) c.srai  a3, 6
core   0: 3 0x80005048 (0x8699) x13 0xfe000a74
core   0: 0x8000504a (0x0359d6b3) divu    a3, s3, s5
core   0: 3 0x8000504a (0x0359d6b3) x13 0x00000003
core   0: 0x8000504e (0x00008e25) c.xor   a2, s1
core   0: 3 0x8000504e (0x8e25) x12 0x0000009c
core   0: 0x80005050 (0x0000865d) c.srai  a2, 23
core   0: 3 0x80005050 (0x865d) x12 0x00000000
core   0: 0x80005052 (0x03e9e3b3) rem     t2, s3, t5
core   0: 3 0x80005052 (0x03e9e3b3) x7  0xfffff8bc
core   0: 0x80005056 (0x00008c59) c.or    s0, a4
core   0: 3 0x80005056 (0x8c59) x8  0x00000000
core   0: 0x80005058 (0x4fe0be37) lui     t3, 0x4fe0b
core   0: 3 0x80005058 (0x4fe0be37) x28 0x4fe0b000
core   0: 0x8000505c (0x0335da33) divu    s4, a1, s3
core   0: 3 0x8000505c (0x0335da33) x20 0x00000000
core   0: 0x80005060 (0x0000c991) c.beqz  a1, pc + 20
core   0: 3 0x80005060 (0xc991)
core   0: 0x80005074 (0x0329f3b3) remu    t2, s3, s2
core   0: 3 0x80005074 (0x0329f3b3) x7  0xfffff8bc
core   0: 0x80005078 (0x02c0f533) remu    a0, ra, a2
core   0: 3 0x80005078 (0x02c0f533) x10 0x31c59000
core   0: 0x8000507c (0x00f15833) srl     a6, sp, a5
core   0: 3 0x8000507c (0x00f15833) x16 0x00000001
core   0: 0x80005080 (0x01105233) srl     tp, zero, a7
core   0: 3 0x80005080 (0x01105233) x4  0x00000000
core   0: 0x80005084 (0x4172d533) sra     a0, t0, s7
core   0: 3 0x80005084 (0x4172d533) x10 0x00000000
core   0: 0x80005088 (0x009ef0b3) and     ra, t4, s1
core   0: 3 0x80005088 (0x009ef0b3) x1  0x00000000
core   0: 0x8000508c (0x028449b3) div     s3, s0, s0
core   0: 3 0x8000508c (0x028449b3) x19 0xffffffff
core   0: 0x80005090 (0xe7d84213) xori    tp, a6, -387
core   0: 3 0x80005090 (0xe7d84213) x4  0xfffffe7c
core   0: 0x80005094 (0x00008d61) c.and   a0, s0
core   0: 3 0x80005094 (0x8d61) x10 0x00000000
core   0: 0x80005096 (0x403d8bb3) sub     s7, s11, gp
core   0: 3 0x80005096 (0x403d8bb3) x23 0x00000000
core   0: 0x8000509a (0x3eda4793) xori    a5, s4, 1005
core   0: 3 0x8000509a (0x3eda4793) x15 0x000003ed
core   0: 0x8000509e (0x03c09d33) mulh    s10, ra, t3
core   0: 3 0x8000509e (0x03c09d33) x26 0x00000000
core   0: 0x800050a2 (0x0003b7b3) sltu    a5, t2, zero
core   0: 3 0x800050a2 (0x0003b7b3) x15 0x00000000
core   0: 0x800050a6 (0x027230b3) mulhu   ra, tp, t2
core   0: 3 0x800050a6 (0x027230b3) x1  0xfffff738
core   0: 0x800050aa (0x00a166b3) or      a3, sp, a0
core   0: 3 0x800050aa (0x00a166b3) x13 0x00000001
core   0: 0x800050ae (0x0117fab3) and     s5, a5, a7
core   0: 3 0x800050ae (0x0117fab3) x21 0x00000000
core   0: 0x800050b2 (0x7d17e713) ori     a4, a5, 2001
core   0: 3 0x800050b2 (0x7d17e713) x14 0x000007d1
core   0: 0x800050b6 (0x0363eab3) rem     s5, t2, s6
core   0: 3 0x800050b6 (0x0363eab3) x21 0xfffff8bc
core   0: 0x800050ba (0x00008f35) c.xor   a4, a3
core   0: 3 0x800050ba (0x8f35) x14 0x000007d0
core   0: 0x800050bc (0x41755793) srai    a5, a0, 23
core   0: 3 0x800050bc (0x41755793) x15 0x00000000
core   0: 0x800050c0 (0x035b82b3) mul     t0, s7, s5
core   0: 3 0x800050c0 (0x035b82b3) x5  0x00000000
core   0: 0x800050c4 (0x05c27263) bgeu    tp, t3, pc + 68
core   0: 3 0x800050c4 (0x05c27263)
core   0: 0x80005108 (0x000098f2) c.add   a7, t3
core   0: 3 0x80005108 (0x98f2) x17 0xb8fd903e
core   0: 0x8000510a (0x0000e499) c.bnez  s1, pc + 14
core   0: 3 0x8000510a (0xe499)
core   0: 0x8000510c (0x004435b3) sltu    a1, s0, tp
core   0: 3 0x8000510c (0x004435b3) x11 0x00000001
core   0: 0x80005110 (0x0241d533) divu    a0, gp, tp
core   0: 3 0x80005110 (0x0241d533) x10 0x00000000
core   0: 0x80005114 (0x40e9db93) srai    s7, s3, 14
core   0: 3 0x80005114 (0x40e9db93) x23 0xffffffff
core   0: 0x80005118 (0x00008d29) c.xor   a0, a0
core   0: 3 0x80005118 (0x8d29) x10 0x00000000
core   0: 0x8000511a (0x031e4733) div     a4, t3, a7
core   0: 3 0x8000511a (0x031e4733) x14 0xffffffff
core   0: 0x8000511e (0x0000717d) c.addi16sp sp, -16
core   0: 3 0x8000511e (0x717d) x2  0xfffffff1
core   0: 0x80005120 (0x03b58263) beq     a1, s11, pc + 36
core   0: 3 0x80005120 (0x03b58263)
core   0: 0x80005124 (0xdc336593) ori     a1, t1, -573
core   0: 3 0x80005124 (0xdc336593) x11 0xfffffde7
core   0: 0x80005128 (0xc2c00017) auipc   zero, 0xc2c00
core   0: 3 0x80005128 (0xc2c00017)
core   0: 0x8000512c (0x00008e31) c.xor   a2, a2
core   0: 3 0x8000512c (0x8e31) x12 0x00000000
core   0: 0x8000512e (0x40a15393) srai    t2, sp, 10
core   0: 3 0x8000512e (0x40a15393) x7  0xffffffff
core   0: 0x80005132 (0x0301d2b3) divu    t0, gp, a6
core   0: 3 0x80005132 (0x0301d2b3) x5  0x00000000
core   0: 0x80005136 (0x00000080) c.addi4spn s0, sp, 64
core   0: 3 0x80005136 (0x0080) x8  0x00000031
core   0: 0x80005138 (0x00000001) c.nop
core   0: 3 0x80005138 (0x0001)
core   0: 0x8000513a (0x00008d8d) c.sub   a1, a1
core   0: 3 0x8000513a (0x8d8d) x11 0x00000000
core   0: 0x8000513c (0x02a77463) bgeu    a4, a0, pc + 40
core   0: 3 0x8000513c (0x02a77463)
core   0: 0x80005164 (0x00008cc5) c.or    s1, s1
core   0: 3 0x80005164 (0x8cc5) x9  0x00000000
core   0: 0x80005166 (0x0144c263) blt     s1, s4, pc + 4
core   0: 3 0x80005166 (0x0144c263)
core   0: 0x8000516a (0x863d8d93) addi    s11, s11, -1949
core   0: 3 0x8000516a (0x863d8d93) x27 0xfffff863
core   0: 0x8000516e (0x00008e5d) c.or    a2, a5
core   0: 3 0x8000516e (0x8e5d) x12 0x00000000
core   0: 0x80005170 (0x00008f59) c.or    a4, a4
core   0: 3 0x80005170 (0x8f59) x14 0xffffffff
core   0: 0x80005172 (0x0000ce19) c.beqz  a2, pc + 30
core   0: 3 0x80005172 (0xce19)
core   0: 0x80005190 (0x0000965e) c.add   a2, s7
core   0: 3 0x80005190 (0x965e) x12 0xffffffff
core   0: 0x80005192 (0x038e2a33) mulhsu  s4, t3, s8
core   0: 3 0x80005192 (0x038e2a33) x20 0x27f11549
core   0: 0x80005196 (0xa6874217) auipc   tp, 0xa6874
core   0: 3 0x80005196 (0xa6874217) x4  0x26879196
core   0: 0x8000519a (0x0000046e) c.slli  s0, 27
core   0: 3 0x8000519a (0x046e) x8  0x88000000
core   0: 0x8000519c (0x01d10e33) add     t3, sp, t4
core   0: 3 0x8000519c (0x01d10e33) x28 0xfffffff9
core   0: 0x800051a0 (0x01cdd893) srli    a7, s11, 28
core   0: 3 0x800051a0 (0x01cdd893) x17 0x0000000f
core   0: 0x800051a4 (0x00000001) c.nop
core   0: 3 0x800051a4 (0x0001)
core   0: 0x800051a6 (0x00000886) c.slli  a7, 1
core   0: 3 0x800051a6 (0x0886) x17 0x0000001e
core   0: 0x800051a8 (0x00008f49) c.or    a4, a0
core   0: 3 0x800051a8 (0x8f49) x14 0xffffffff
core   0: 0x800051aa (0x00000e26) c.slli  t3, 9
core   0: 3 0x800051aa (0x0e26) x28 0xfffff200
core   0: 0x800051ac (0x9f4e3793) sltiu   a5, t3, -1548
core   0: 3 0x800051ac (0x9f4e3793) x15 0x00000001
core   0: 0x800051b0 (0x019a6333) or      t1, s4, s9
core   0: 3 0x800051b0 (0x019a6333) x6  0xf7f5ff49
core   0: 0x800051b4 (0x00008f66) c.mv    t5, s9
core   0: 3 0x800051b4 (0x8f66) x30 0xf3e4ff40
core   0: 0x800051b6 (0x04564063) blt     a2, t0, pc + 64
core   0: 3 0x800051b6 (0x04564063)
core   0: 0x800051f6 (0x00005cfd) c.li    s9, -1
core   0: 3 0x800051f6 (0x5cfd) x25 0xffffffff
core   0: 0x800051f8 (0xfa4e4293) xori    t0, t3, -92
core   0: 3 0x800051f8 (0xfa4e4293) x5  0x00000da4
core   0: 0x800051fc (0x00e5fa63) bgeu    a1, a4, pc + 20
core   0: 3 0x800051fc (0x00e5fa63)
core   0: 0x80005200 (0xbff72a17) auipc   s4, 0xbff72
core   0: 3 0x80005200 (0xbff72a17) x20 0x3ff77200
core   0: 0x80005204 (0x018ed863) bge     t4, s8, pc + 16
core   0: 3 0x80005204 (0x018ed863)
core   0: 0x80005214 (0x137cab13) slti    s6, s9, 311
core   0: 3 0x80005214 (0x137cab13) x22 0x00000001
core   0: 0x80005218 (0x01099b63) bne     s3, a6, pc + 22
core   0: 3 0x80005218 (0x01099b63)
core   0: 0x8000522e (0x00082233) slt     tp, a6, zero
core   0: 3 0x8000522e (0x00082233) x4  0x00000000
core   0: 0x80005232 (0x41e18bb3) sub     s7, gp, t5
core   0: 3 0x80005232 (0x41e18bb3) x23 0x0c1b00c0
core   0: 0x80005236 (0x037c6763) bltu    s8, s7, pc + 46
core   0: 3 0x80005236 (0x037c6763)
core   0: 0x8000523a (0x000055d9) c.li    a1, -10
core   0: 3 0x8000523a (0x55d9) x11 0xfffffff6
core   0: 0x8000523c (0x00000001) c.nop
core   0: 3 0x8000523c (0x0001)
core   0: 0x8000523e (0x00008fdd) c.or    a5, a5
core   0: 3 0x8000523e (0x8fdd) x15 0x00000001
core   0: 0x80005240 (0x00008fa5) c.xor   a5, s1
core   0: 3 0x80005240 (0x8fa5) x15 0x00000001
core   0: 0x80005242 (0x00000585) c.addi  a1, 1
core   0: 3 0x80005242 (0x0585) x11 0xfffffff7
core   0: 0x80005244 (0x00008f85) c.sub   a5, s1
core   0: 3 0x80005244 (0x8f85) x15 0x00000001
core   0: 0x80005246 (0x0000fded) c.bnez  a1, pc - 6
core   0: 3 0x80005246 (0xfded)
core   0: 0x80005240 (0x00008fa5) c.xor   a5, s1
core   0: 3 0x80005240 (0x8fa5) x15 0x00000001
core   0: 0x80005242 (0x00000585) c.addi  a1, 1
core   0: 3 0x80005242 (0x0585) x11 0xfffffff8
core   0: 0x80005244 (0x00008f85) c.sub   a5, s1
core   0: 3 0x80005244 (0x8f85) x15 0x00000001
core   0: 0x80005246 (0x0000fded) c.bnez  a1, pc - 6
core   0: 3 0x80005246 (0xfded)
core   0: 0x80005240 (0x00008fa5) c.xor   a5, s1
core   0: 3 0x80005240 (0x8fa5) x15 0x00000001
core   0: 0x80005242 (0x00000585) c.addi  a1, 1
core   0: 3 0x80005242 (0x0585) x11 0xfffffff9
core   0: 0x80005244 (0x00008f85) c.sub   a5, s1
core   0: 3 0x80005244 (0x8f85) x15 0x00000001
core   0: 0x80005246 (0x0000fded) c.bnez  a1, pc - 6
core   0: 3 0x80005246 (0xfded)
core   0: 0x80005240 (0x00008fa5) c.xor   a5, s1
core   0: 3 0x80005240 (0x8fa5) x15 0x00000001
core   0: 0x80005242 (0x00000585) c.addi  a1, 1
core   0: 3 0x80005242 (0x0585) x11 0xfffffffa
core   0: 0x80005244 (0x00008f85) c.sub   a5, s1
core   0: 3 0x80005244 (0x8f85) x15 0x00000001
core   0: 0x80005246 (0x0000fded) c.bnez  a1, pc - 6
core   0: 3 0x80005246 (0xfded)
core   0: 0x80005240 (0x00008fa5) c.xor   a5, s1
core   0: 3 0x80005240 (0x8fa5) x15 0x00000001
core   0: 0x80005242 (0x00000585) c.addi  a1, 1
core   0: 3 0x80005242 (0x0585) x11 0xfffffffb
core   0: 0x80005244 (0x00008f85) c.sub   a5, s1
core   0: 3 0x80005244 (0x8f85) x15 0x00000001
core   0: 0x80005246 (0x0000fded) c.bnez  a1, pc - 6
core   0: 3 0x80005246 (0xfded)
core   0: 0x80005240 (0x00008fa5) c.xor   a5, s1
core   0: 3 0x80005240 (0x8fa5) x15 0x00000001
core   0: 0x80005242 (0x00000585) c.addi  a1, 1
core   0: 3 0x80005242 (0x0585) x11 0xfffffffc
core   0: 0x80005244 (0x00008f85) c.sub   a5, s1
core   0: 3 0x80005244 (0x8f85) x15 0x00000001
core   0: 0x80005246 (0x0000fded) c.bnez  a1, pc - 6
core   0: 3 0x80005246 (0xfded)
core   0: 0x80005240 (0x00008fa5) c.xor   a5, s1
core   0: 3 0x80005240 (0x8fa5) x15 0x00000001
core   0: 0x80005242 (0x00000585) c.addi  a1, 1
core   0: 3 0x80005242 (0x0585) x11 0xfffffffd
core   0: 0x80005244 (0x00008f85) c.sub   a5, s1
core   0: 3 0x80005244 (0x8f85) x15 0x00000001
core   0: 0x80005246 (0x0000fded) c.bnez  a1, pc - 6
core   0: 3 0x80005246 (0xfded)
core   0: 0x80005240 (0x00008fa5) c.xor   a5, s1
core   0: 3 0x80005240 (0x8fa5) x15 0x00000001
core   0: 0x80005242 (0x00000585) c.addi  a1, 1
core   0: 3 0x80005242 (0x0585) x11 0xfffffffe
core   0: 0x80005244 (0x00008f85) c.sub   a5, s1
core   0: 3 0x80005244 (0x8f85) x15 0x00000001
core   0: 0x80005246 (0x0000fded) c.bnez  a1, pc - 6
core   0: 3 0x80005246 (0xfded)
core   0: 0x80005240 (0x00008fa5) c.xor   a5, s1
core   0: 3 0x80005240 (0x8fa5) x15 0x00000001
core   0: 0x80005242 (0x00000585) c.addi  a1, 1
core   0: 3 0x80005242 (0x0585) x11 0xffffffff
core   0: 0x80005244 (0x00008f85) c.sub   a5, s1
core   0: 3 0x80005244 (0x8f85) x15 0x00000001
core   0: 0x80005246 (0x0000fded) c.bnez  a1, pc - 6
core   0: 3 0x80005246 (0xfded)
core   0: 0x80005240 (0x00008fa5) c.xor   a5, s1
core   0: 3 0x80005240 (0x8fa5) x15 0x00000001
core   0: 0x80005242 (0x00000585) c.addi  a1, 1
core   0: 3 0x80005242 (0x0585) x11 0x00000000
core   0: 0x80005244 (0x00008f85) c.sub   a5, s1
core   0: 3 0x80005244 (0x8f85) x15 0x00000001
core   0: 0x80005246 (0x0000fded) c.bnez  a1, pc - 6
core   0: 3 0x80005246 (0xfded)
core   0: 0x80005248 (0x00008499) c.srai  s1, 6
core   0: 3 0x80005248 (0x8499) x9  0x00000000
core   0: 0x8000524a (0x0000c58d) c.beqz  a1, pc + 42
core   0: 3 0x8000524a (0xc58d)
core   0: 0x80005274 (0x00000a08) c.addi4spn a0, sp, 272
core   0: 3 0x80005274 (0x0a08) x10 0x00000101
core   0: 0x80005276 (0x02b89263) bne     a7, a1, pc + 36
core   0: 3 0x80005276 (0x02b89263)
core   0: 0x8000529a (0x01be0b33) add     s6, t3, s11
core   0: 3 0x8000529a (0x01be0b33) x22 0xffffea63
core   0: 0x8000529e (0x00003c97) auipc   s9, 0x3
core   0: 3 0x8000529e (0x00003c97) x25 0x8000829e
core   0: 0x800052a2 (0x45ec8c93) addi    s9, s9, 1118
core   0: 3 0x800052a2 (0x45ec8c93) x25 0x800086fc
core   0: 0x800052a6 (0x40d35193) srai    gp, t1, 13
core   0: 3 0x800052a6 (0x40d35193) x3  0xffffbfaf
core   0: 0x800052aa (0x02dc8c93) addi    s9, s9, 45
core   0: 3 0x800052aa (0x02dc8c93) x25 0x80008729
core   0: 0x800052ae (0x00008b45) c.andi  a4, 17
core   0: 3 0x800052ae (0x8b45) x14 0x00000011
core   0: 0x800052b0 (0x69154713) xori    a4, a0, 1681
core   0: 3 0x800052b0 (0x69154713) x14 0x00000790
core   0: 0x800052b4 (0x00000646) c.slli  a2, 17
core   0: 3 0x800052b4 (0x0646) x12 0xfffe0000
core   0: 0x800052b6 (0x00008dc9) c.or    a1, a0
core   0: 3 0x800052b6 (0x8dc9) x11 0x00000101
core   0: 0x800052b8 (0xfd4c80e7) jalr    ra, s9, -44
core   0: 3 0x800052b8 (0xfd4c80e7) x1  0x800052bc
core   0: 0x800086fc (0x02fd1833) mulh    a6, s10, a5
core   0: 3 0x800086fc (0x02fd1833) x16 0x00000000
core   0: 0x80008700 (0x00001c51) c.addi  s8, -12
core   0: 3 0x80008700 (0x1c51) x24 0x80025e98
core   0: 0x80008702 (0x00008aa2) c.mv    s5, s0
core   0: 3 0x80008702 (0x8aa2) x21 0x88000000
core   0: 0x80008704 (0x00009bfd) c.andi  a5, -1
core   0: 3 0x80008704 (0x9bfd) x15 0x00000001
core   0: 0x80008706 (0x001c2223) sw      ra, 4(s8)
core   0: 3 0x80008706 (0x001c2223) mem 0x80025e9c 0x800052bc
core   0: 0x8000870a (0x00006565) c.lui   a0, 0x19
core   0: 3 0x8000870a (0x6565) x10 0x00019000
core   0: 0x8000870c (0x00008d11) c.sub   a0, a2
core   0: 3 0x8000870c (0x8d11) x10 0x00039000
core   0: 0x8000870e (0xab8dbb93) sltiu   s7, s11, -1352
core   0: 3 0x8000870e (0xab8dbb93) x23 0x00000001
core   0: 0x80008712 (0x011ff233) and     tp, t6, a7
core   0: 3 0x80008712 (0x011ff233) x4  0x00000004
core   0: 0x80008716 (0x00000397) auipc   t2, 0x0
core   0: 3 0x80008716 (0x00000397) x7  0x80008716
core   0: 0x8000871a (0x36e38393) addi    t2, t2, 878
core   0: 3 0x8000871a (0x36e38393) x7  0x80008a84
core   0: 0x8000871e (0x00000385) c.addi  t2, 1
core   0: 3 0x8000871e (0x0385) x7  0x80008a85
core   0: 0x80008720 (0xc40308b7) lui     a7, 0xc4030
core   0: 3 0x80008720 (0xc40308b7) x17 0xc4030000
core   0: 0x80008724 (0x00f42633) slt     a2, s0, a5
core   0: 3 0x80008724 (0x00f42633) x12 0x00000001
core   0: 0x80008728 (0xf6bce193) ori     gp, s9, -149
core   0: 3 0x80008728 (0xf6bce193) x3  0xffffff6b
core   0: 0x8000872c (0x016697b3) sll     a5, a3, s6
core   0: 3 0x8000872c (0x016697b3) x15 0x00000008
core   0: 0x80008730 (0x40475893) srai    a7, a4, 4
core   0: 3 0x80008730 (0x40475893) x17 0x00000079
core   0: 0x80008734 (0x00009382) c.jalr  t2
core   0: 3 0x80008734 (0x9382) x1  0x80008736
core   0: 0x80008a84 (0x012f2733) slt     a4, t5, s2
core   0: 3 0x80008a84 (0x012f2733) x14 0x00000001
core   0: 0x80008a88 (0xfc0c0c13) addi    s8, s8, -64
core   0: 3 0x80008a88 (0xfc0c0c13) x24 0x80025e58
core   0: 0x80008a8c (0x00000bd5) c.addi  s7, 21
core   0: 3 0x80008a8c (0x0bd5) x23 0x00000016
core   0: 0x80008a8e (0x001c2223) sw      ra, 4(s8)
core   0: 3 0x80008a8e (0x001c2223) mem 0x80025e5c 0x80008736
core   0: 0x80008a92 (0x000089f1) c.andi  a1, 28
core   0: 3 0x80008a92 (0x89f1) x11 0x00000000
core   0: 0x80008a94 (0x01a2d7b3) srl     a5, t0, s10
core   0: 3 0x80008a94 (0x01a2d7b3) x15 0x00000da4
core   0: 0x80008a98 (0x01375d13) srli    s10, a4, 19
core   0: 3 0x80008a98 (0x01375d13) x26 0x00000000
core   0: 0x80008a9c (0x00008217) auipc   tp, 0x8
core   0: 3 0x80008a9c (0x00008217) x4  0x80010a9c
core   0: 0x80008aa0 (0x98b20213) addi    tp, tp, -1653
core   0: 3 0x80008aa0 (0x98b20213) x4  0x80010427
core   0: 0x80008aa4 (0x40015333) sra     t1, sp, zero
core   0: 3 0x80008aa4 (0x40015333) x6  0xfffffff1
core   0: 0x80008aa8 (0xfad21183) lh      gp, -83(tp)
core   0: 3 0x80008aa8 (0xfad21183) x3  0xffffbb27 mem 0x800103d4
core   0: 0x80008aac (0xfc325a83) lhu     s5, -61(tp)
core   0: 3 0x80008aac (0xfc325a83) x21 0x00009000 mem 0x800103ea
core   0: 0x80008ab0 (0xfd6211a3) sh      s6, -61(tp)
core   0: 3 0x80008ab0 (0xfd6211a3) mem 0x800103ea 0xea63
core   0: 0x80008ab4 (0xfc325303) lhu     t1, -61(tp)
core   0: 3 0x80008ab4 (0xfc325303) x6  0x0000ea63 mem 0x800103ea
core   0: 0x80008ab8 (0xfc321703) lh      a4, -61(tp)
core   0: 3 0x80008ab8 (0xfc321703) x14 0xffffea63 mem 0x800103ea
core   0: 0x80008abc (0xfc0201a3) sb      zero, -61(tp)
core   0: 3 0x80008abc (0xfc0201a3) mem 0x800103ea 0x00
core   0: 0x80008ac0 (0xef424e03) lbu     t3, -268(tp)
core   0: 3 0x80008ac0 (0xef424e03) x28 0x00000049 mem 0x8001031b
core   0: 0x80008ac4 (0xef424003) lbu     zero, -268(tp)
core   0: 3 0x80008ac4 (0xef424003) mem 0x8001031b
core   0: 0x80008ac8 (0x02d5a0b3) mulhsu  ra, a1, a3
core   0: 3 0x80008ac8 (0x02d5a0b3) x1  0x00000000
core   0: 0x80008acc (0x00fb8f33) add     t5, s7, a5
core   0: 3 0x80008acc (0x00fb8f33) x30 0x00000dba
core   0: 0x80008ad0 (0xef424e03) lbu     t3, -268(tp)
core   0: 3 0x80008ad0 (0xef424e03) x28 0x00000049 mem 0x8001031b
core   0: 0x80008ad4 (0x000014fd) c.addi  s1, -1
core   0: 3 0x80008ad4 (0x14fd) x9  0xffffffff
core   0: 0x80008ad6 (0x6f721003) lh      zero, 1783(tp)
core   0: 3 0x80008ad6 (0x6f721003) mem 0x80010b1e
core   0: 0x80008ada (0x26725183) lhu     gp, 615(tp)
core   0: 3 0x80008ada (0x26725183) x3  0x00003ccd mem 0x8001068e
core   0: 0x80008ade (0x26721983) lh      s3, 615(tp)
core   0: 3 0x80008ade (0x26721983) x19 0x00003ccd mem 0x8001068e
core   0: 0x80008ae2 (0x01e000ef) jal     pc + 0x1e
core   0: 3 0x80008ae2 (0x01e000ef) x1  0x80008ae6
core   0: 0x80008b00 (0xffdff36f) jal     t1, pc - 0x4
core   0: 3 0x80008b00 (0xffdff36f) x6  0x80008b04
core   0: 0x80008afc (0x0000a831) c.j     pc + 28
core   0: 3 0x80008afc (0xa831)
core   0: 0x80008b18 (0xff7ff36f) jal     t1, pc - 0xa
core   0: 3 0x80008b18 (0xff7ff36f) x6  0x80008b1c
core   0: 0x80008b0e (0x00003ff1) c.jal   pc - 36
core   0: 3 0x80008b0e (0x3ff1) x1  0x80008b10
core   0: 0x80008aea (0x014001ef) jal     gp, pc + 0x14
core   0: 3 0x80008aea (0x014001ef) x3  0x80008aee
core   0: 0x80008afe (0x0000a021) c.j     pc + 8
core   0: 3 0x80008afe (0xa021)
core   0: 0x80008b06 (0x00002011) c.jal   pc + 4
core   0: 3 0x80008b06 (0x2011) x1  0x80008b08
core   0: 0x80008b0a (0xfffff0ef) jal     pc - 0x2
core   0: 3 0x80008b0a (0xfffff0ef) x1  0x80008b0e
core   0: 0x80008b08 (0x0000a811) c.j     pc + 20
core   0: 3 0x80008b08 (0xa811)
core   0: 0x80008b1c (0x00003fd5) c.jal   pc - 12
core   0: 3 0x80008b1c (0x3fd5) x1  0x80008b1e
core   0: 0x80008b10 (0xfe3ff0ef) jal     pc - 0x1e
core   0: 3 0x80008b10 (0xfe3ff0ef) x1  0x80008b14
core   0: 0x80008af2 (0x036002ef) jal     t0, pc + 0x36
core   0: 3 0x80008af2 (0x036002ef) x5  0x80008af6
core   0: 0x80008b28 (0x0000b7d9) c.j     pc - 58
core   0: 3 0x80008b28 (0xb7d9)
core   0: 0x80008aee (0x02800a6f) jal     s4, pc + 0x28
core   0: 3 0x80008aee (0x02800a6f) x20 0x80008af2
core   0: 0x80008b16 (0x0000bfc9) c.j     pc - 46
core   0: 3 0x80008b16 (0xbfc9)
core   0: 0x80008ae8 (0x00002835) c.jal   pc + 60
core   0: 3 0x80008ae8 (0x2835) x1  0x80008aea
core   0: 0x80008b24 (0x0060036f) jal     t1, pc + 0x6
core   0: 3 0x80008b24 (0x0060036f) x6  0x80008b28
core   0: 0x80008b2a (0x0000bfe9) c.j     pc - 38
core   0: 3 0x80008b2a (0xbfe9)
core   0: 0x80008b04 (0x00003fcd) c.jal   pc - 14
core   0: 3 0x80008b04 (0x3fcd) x1  0x80008b06
core   0: 0x80008af6 (0x0000a81d) c.j     pc + 54
core   0: 3 0x80008af6 (0xa81d)
core   0: 0x80008b2c (0x00003fdd) c.jal   pc - 10
core   0: 3 0x80008b2c (0x3fdd) x1  0x80008b2e
core   0: 0x80008b22 (0x00003fe1) c.jal   pc - 40
core   0: 3 0x80008b22 (0x3fe1) x1  0x80008b24
core   0: 0x80008afa (0x0000a829) c.j     pc + 26
core   0: 3 0x80008afa (0xa829)
core   0: 0x80008b14 (0x0000a029) c.j     pc + 10
core   0: 3 0x80008b14 (0xa029)
core   0: 0x80008b1e (0xfc9ff0ef) jal     pc - 0x38
core   0: 3 0x80008b1e (0xfc9ff0ef) x1  0x80008b22
core   0: 0x80008ae6 (0x00002809) c.jal   pc + 18
core   0: 3 0x80008ae6 (0x2809) x1  0x80008ae8
core   0: 0x80008af8 (0x0000281d) c.jal   pc + 54
core   0: 3 0x80008af8 (0x281d) x1  0x80008afa
core   0: 0x80008b2e (0x017f9813) slli    a6, t6, 23
core   0: 3 0x80008b2e (0x017f9813) x16 0x92000000
core   0: 0x80008b32 (0x00007b97) auipc   s7, 0x7
core   0: 3 0x80008b32 (0x00007b97) x23 0x8000fb32
core   0: 0x80008b36 (0x7cab8b93) addi    s7, s7, 1994
core   0: 3 0x80008b36 (0x7cab8b93) x23 0x800102fc
core   0: 0x80008b3a (0xffebd983) lhu     s3, -2(s7)
core   0: 3 0x80008b3a (0xffebd983) x19 0x00003fde mem 0x800102fa
core   0: 0x80008b3e (0x7135c497) auipc   s1, 0x7135c
core   0: 3 0x80008b3e (0x7135c497) x9  0xf1364b3e
core   0: 0x80008b42 (0x5ccf0c93) addi    s9, t5, 1484
core   0: 3 0x80008b42 (0x5ccf0c93) x25 0x00001386
core   0: 0x80008b46 (0xfffb8683) lb      a3, -1(s7)
core   0: 3 0x80008b46 (0xfffb8683) x13 0x0000003f mem 0x800102fb
core   0: 0x80008b4a (0x00bc64b3) or      s1, s8, a1
core   0: 3 0x80008b4a (0x00bc64b3) x9  0x80025e58
core   0: 0x80008b4e (0x00008fad) c.xor   a5, a1
core   0: 3 0x80008b4e (0x8fad) x15 0x00000da4
core   0: 0x80008b50 (0x0169b1b3) sltu    gp, s3, s6
core   0: 3 0x80008b50 (0x0169b1b3) x3  0x00000001
core   0: 0x80008b54 (0x00008289) c.srli  a3, 2
core   0: 3 0x80008b54 (0x8289) x13 0x0000000f
core   0: 0x80008b56 (0x006b8803) lb      a6, 6(s7)
core   0: 3 0x80008b56 (0x006b8803) x16 0x00000068 mem 0x80010302
core   0: 0x80008b5a (0x01375b13) srli    s6, a4, 19
core   0: 3 0x80008b5a (0x01375b13) x22 0x00001fff
core   0: 0x80008b5e (0xa6c2f417) auipc   s0, 0xa6c2f
core   0: 3 0x80008b5e (0xa6c2f417) x8  0x26c37b5e
core   0: 0x80008b62 (0x01b04533) xor     a0, zero, s11
core   0: 3 0x80008b62 (0x01b04533) x10 0xfffff863
core   0: 0x80008b66 (0x010baf03) lw      t5, 16(s7)
core   0: 3 0x80008b66 (0x010baf03) x30 0x00003fde mem 0x8001030c
core   0: 0x80008b6a (0x9a830513) addi    a0, t1, -1624
core   0: 3 0x80008b6a (0x9a830513) x10 0x800084d0
core   0: 0x80008b6e (0x416e82b3) sub     t0, t4, s6
core   0: 3 0x80008b6e (0x416e82b3) x5  0xffffe009
core   0: 0x80008b72 (0x013ba823) sw      s3, 16(s7)
core   0: 3 0x80008b72 (0x013ba823) mem 0x8001030c 0x00003fde
core   0: 0x80008b76 (0x008bab03) lw      s6, 8(s7)
core   0: 3 0x80008b76 (0x008bab03) x22 0x00c87af6 mem 0x80010304
core   0: 0x80008b7a (0x00008f46) c.mv    t5, a7
core   0: 3 0x80008b7a (0x8f46) x30 0x00000079
core   0: 0x80008b7c (0x003bc383) lbu     t2, 3(s7)
core   0: 3 0x80008b7c (0x003bc383) x7  0x00000083 mem 0x800102ff
core   0: 0x80008b80 (0x00008031) c.srli  s0, 12
core   0: 3 0x80008b80 (0x8031) x8  0x00026c37
core   0: 0x80008b82 (0x000084e9) c.srai  s1, 26
core   0: 3 0x80008b82 (0x84e9) x9  0xffffffe0
core   0: 0x80008b84 (0x033770b3) remu    ra, a4, s3
core   0: 3 0x80008b84 (0x033770b3) x1  0x000032a3
core   0: 0x80008b88 (0xac08ed37) lui     s10, 0xac08e
core   0: 3 0x80008b88 (0xac08ed37) x26 0xac08e000
core   0: 0x80008b8c (0xff1b8823) sb      a7, -16(s7)
core   0: 3 0x80008b8c (0xff1b8823) mem 0x800102ec 0x79
core   0: 0x80008b90 (0x0000717d) c.addi16sp sp, -16
core   0: 3 0x80008b90 (0x717d) x2  0xffffffe1
core   0: 0x80008b92 (0xffcbc483) lbu     s1, -4(s7)
core   0: 3 0x80008b92 (0xffcbc483) x9  0x0000006a mem 0x800102f8
core   0: 0x80008b96 (0x02956633) rem     a2, a0, s1
core   0: 3 0x80008b96 (0x02956633) x12 0xffffff9c
core   0: 0x80008b9a (0x00fb8003) lb      zero, 15(s7)
core   0: 3 0x80008b9a (0x00fb8003) mem 0x8001030b
core   0: 0x80008b9e (0xff2b8283) lb      t0, -14(s7)
core   0: 3 0x80008b9e (0xff2b8283) x5  0xffffffa9 mem 0x800102ee
core   0: 0x80008ba2 (0x00db8c83) lb      s9, 13(s7)
core   0: 3 0x80008ba2 (0x00db8c83) x25 0xffffffec mem 0x80010309
core   0: 0x80008ba6 (0x000000fd) c.addi  ra, 31
core   0: 3 0x80008ba6 (0x00fd) x1  0x000032c2
core   0: 0x80008ba8 (0x00db8d83) lb      s11, 13(s7)
core   0: 3 0x80008ba8 (0x00db8d83) x27 0xffffffec mem 0x80010309
core   0: 0x80008bac (0x007bc503) lbu     a0, 7(s7)
core   0: 3 0x80008bac (0x007bc503) x10 0x000000b6 mem 0x80010303
core   0: 0x80008bb0 (0x00000001) c.nop
core   0: 3 0x80008bb0 (0x0001)
core   0: 0x80008bb2 (0x000bc483) lbu     s1, 0(s7)
core   0: 3 0x80008bb2 (0x000bc483) x9  0x00000076 mem 0x800102fc
core   0: 0x80008bb6 (0x022186b3) mul     a3, gp, sp
core   0: 3 0x80008bb6 (0x022186b3) x13 0xffffffe1
core   0: 0x80008bba (0xff0bd783) lhu     a5, -16(s7)
core   0: 3 0x80008bba (0xff0bd783) x15 0x0000c979 mem 0x800102ec
core   0: 0x80008bbe (0xffeb9a03) lh      s4, -2(s7)
core   0: 3 0x80008bbe (0xffeb9a03) x20 0x00003fde mem 0x800102fa
core   0: 0x80008bc2 (0x011642b3) xor     t0, a2, a7
core   0: 3 0x80008bc2 (0x011642b3) x5  0xffffffe5
core   0: 0x80008bc6 (0x000054fd) c.li    s1, -1
core   0: 3 0x80008bc6 (0x54fd) x9  0xffffffff
core   0: 0x80008bc8 (0x00d3d5b3) srl     a1, t2, a3
core   0: 3 0x80008bc8 (0x00d3d5b3) x11 0x00000041
core   0: 0x80008bcc (0xffdb8c83) lb      s9, -3(s7)
core   0: 3 0x80008bcc (0xffdb8c83) x25 0x00000015 mem 0x800102f9
core   0: 0x80008bd0 (0x00005479) c.li    s0, -2
core   0: 3 0x80008bd0 (0x5479) x8  0xfffffffe
core   0: 0x80008bd2 (0x8fd72d93) slti    s11, a4, -1795
core   0: 3 0x80008bd2 (0x8fd72d93) x27 0x00000001
core   0: 0x80008bd6 (0x0384d933) divu    s2, s1, s8
core   0: 3 0x80008bd6 (0x0384d933) x18 0x00000001
core   0: 0x80008bda (0x02c3eab3) rem     s5, t2, a2
core   0: 3 0x80008bda (0x02c3eab3) x21 0x0000001f
core   0: 0x80008bde (0x00008095) c.srli  s1, 5
core   0: 3 0x80008bde (0x8095) x9  0x07ffffff
core   0: 0x80008be0 (0x02ed93b3) mulh    t2, s11, a4
core   0: 3 0x80008be0 (0x02ed93b3) x7  0xffffffff
core   0: 0x80008be4 (0x00000001) c.nop
core   0: 3 0x80008be4 (0x0001)
core   0: 0x80008be6 (0x01b51b93) slli    s7, a0, 27
core   0: 3 0x80008be6 (0x01b51b93) x23 0xb0000000
core   0: 0x80008bea (0x011713b3) sll     t2, a4, a7
core   0: 3 0x80008bea (0x011713b3) x7  0xc6000000
core   0: 0x80008bee (0x00008d9d) c.sub   a1, a5
core   0: 3 0x80008bee (0x8d9d) x11 0xffff36c8
core   0: 0x80008bf0 (0x41455813) srai    a6, a0, 20
core   0: 3 0x80008bf0 (0x41455813) x16 0x00000000
core   0: 0x80008bf4 (0x00000405) c.addi  s0, 1
core   0: 3 0x80008bf4 (0x0405) x8  0xffffffff
core   0: 0x80008bf6 (0x00008215) c.srli  a2, 5
core   0: 3 0x80008bf6 (0x8215) x12 0x07fffffc
core   0: 0x80008bf8 (0x7f327a13) andi    s4, tp, 2035
core   0: 3 0x80008bf8 (0x7f327a13) x20 0x00000423
core   0: 0x80008bfc (0x0000d86d) c.beqz  s0, pc - 14
core   0: 3 0x80008bfc (0xd86d)
core   0: 0x80008bfe (0x0168b6b3) sltu    a3, a7, s6
core   0: 3 0x80008bfe (0x0168b6b3) x13 0x00000001
core   0: 0x80008c02 (0x0000c895) c.beqz  s1, pc + 52
core   0: 3 0x80008c02 (0xc895)
core   0: 0x80008c04 (0x03f11e33) mulh    t3, sp, t6
core   0: 3 0x80008c04 (0x03f11e33) x28 0x0000000f
core   0: 0x80008c08 (0x00330f33) add     t5, t1, gp
core   0: 3 0x80008c08 (0x00330f33) x30 0x80008b29
core   0: 0x80008c0c (0x003d1613) slli    a2, s10, 3
core   0: 3 0x80008c0c (0x003d1613) x12 0x60470000
core   0: 0x80008c10 (0x037731b3) mulhu   gp, a4, s7
core   0: 3 0x80008c10 (0x037731b3) x3  0xaffff124
core   0: 0x80008c14 (0x0455ea93) ori     s5, a1, 69
core   0: 3 0x80008c14 (0x0455ea93) x21 0xffff36cd
core   0: 0x80008c18 (0x00000326) c.slli  t1, 9
core   0: 3 0x80008c18 (0x0326) x6  0x01165000
core   0: 0x80008c1a (0x00a87b33) and     s6, a6, a0
core   0: 3 0x80008c1a (0x00a87b33) x22 0x00000000
core   0: 0x80008c1e (0x00009a7d) c.andi  a2, -1
core   0: 3 0x80008c1e (0x9a7d) x12 0x60470000
core   0: 0x80008c20 (0x02339d33) mulh    s10, t2, gp
core   0: 3 0x80008c20 (0x02339d33) x26 0x1220035d
core   0: 0x80008c24 (0x00c9db33) srl     s6, s3, a2
core   0: 3 0x80008c24 (0x00c9db33) x22 0x00003fde
core   0: 0x80008c28 (0x402f0333) sub     t1, t5, sp
core   0: 3 0x80008c28 (0x402f0333) x6  0x80008b48
core   0: 0x80008c2c (0x0011cf63) blt     gp, ra, pc + 30
core   0: 3 0x80008c2c (0x0011cf63)
core   0: 0x80008c4a (0x000098fa) c.add   a7, t5
core   0: 3 0x80008c4a (0x98fa) x17 0x80008ba2
core   0: 0x80008c4c (0x411cdd93) srai    s11, s9, 17
core   0: 3 0x80008c4c (0x411cdd93) x27 0x00000000
core   0: 0x80008c50 (0x4073d693) srai    a3, t2, 7
core   0: 3 0x80008c50 (0x4073d693) x13 0xff8c0000
core   0: 0x80008c54 (0x0000868e) c.mv    a3, gp
core   0: 3 0x80008c54 (0x868e) x13 0xaffff124
core   0: 0x80008c56 (0x01c79963) bne     a5, t3, pc + 18
core   0: 3 0x80008c56 (0x01c79963)
core   0: 0x80008c68 (0x91aac9b7) lui     s3, 0x91aac
core   0: 3 0x80008c68 (0x91aac9b7) x19 0x91aac000
core   0: 0x80008c6c (0xf251e493) ori     s1, gp, -219
core   0: 3 0x80008c6c (0xf251e493) x9  0xffffff25
core   0: 0x80008c70 (0x031412b3) mulh    t0, s0, a7
core   0: 3 0x80008c70 (0x031412b3) x5  0x00000000
core   0: 0x80008c74 (0x03704db3) div     s11, zero, s7
core   0: 3 0x80008c74 (0x03704db3) x27 0x00000000
core   0: 0x80008c78 (0x00008225) c.srli  a2, 9
core   0: 3 0x80008c78 (0x8225) x12 0x00302380
core   0: 0x80008c7a (0x0000800d) c.srli  s0, 3
core   0: 3 0x80008c7a (0x800d) x8  0x1fffffff
core   0: 0x80008c7c (0x0000cb89) c.beqz  a5, pc + 18
core   0: 3 0x80008c7c (0xcb89)
core   0: 0x80008c7e (0x00000001) c.nop
core   0: 3 0x80008c7e (0x0001)
core   0: 0x80008c80 (0x00006175) c.addi16sp sp, 368
core   0: 3 0x80008c80 (0x6175) x2  0x00000151
core   0: 0x80008c82 (0x0000c905) c.beqz  a0, pc + 48
core   0: 3 0x80008c82 (0xc905)
core   0: 0x80008c84 (0x012e3533) sltu    a0, t3, s2
core   0: 3 0x80008c84 (0x012e3533) x10 0x00000000
core   0: 0x80008c88 (0x00000001) c.nop
core   0: 3 0x80008c88 (0x0001)
core   0: 0x80008c8a (0x35dbac93) slti    s9, s7, 861
core   0: 3 0x80008c8a (0x35dbac93) x25 0x00000001
core   0: 0x80008c8e (0x79b38893) addi    a7, t2, 1947
core   0: 3 0x80008c8e (0x79b38893) x17 0xc600079b
core   0: 0x80008c92 (0x0000e01d) c.bnez  s0, pc + 38
core   0: 3 0x80008c92 (0xe01d)
core   0: 0x80008cb8 (0x00001388) c.addi4spn a0, sp, 480
core   0: 3 0x80008cb8 (0x1388) x10 0x00000331
core   0: 0x80008cba (0x0e24fd63) bgeu    s1, sp, pc + 250
core   0: 3 0x80008cba (0x0e24fd63)
core   0: 0x80008db4 (0x03811bb3) mulh    s7, sp, s8
core   0: 3 0x80008db4 (0x03811bb3) x23 0xffffff57
core   0: 0x80008db8 (0x00008e99) c.sub   a3, a4
core   0: 3 0x80008db8 (0x8e99) x13 0xb00006c1
core   0: 0x80008dba (0x036464b3) rem     s1, s0, s6
core   0: 3 0x80008dba (0x036464b3) x9  0x00000907
core   0: 0x80008dbe (0xb89bad93) slti    s11, s7, -1143
core   0: 3 0x80008dbe (0xb89bad93) x27 0x00000000
core   0: 0x80008dc2 (0x0092fd33) and     s10, t0, s1
core   0: 3 0x80008dc2 (0x0092fd33) x26 0x00000000
core   0: 0x80008dc6 (0x00d5d633) srl     a2, a1, a3
core   0: 3 0x80008dc6 (0x00d5d633) x12 0x7fff9b64
core   0: 0x80008dca (0x00b65533) srl     a0, a2, a1
core   0: 3 0x80008dca (0x00b65533) x10 0x007fff9b
core   0: 0x80008dce (0x000006fa) c.slli  a3, 30
core   0: 3 0x80008dce (0x06fa) x13 0x40000000
core   0: 0x80008dd0 (0x00008d31) c.xor   a0, a2
core   0: 3 0x80008dd0 (0x8d31) x10 0x7f8064ff
core   0: 0x80008dd2 (0x029e6c63) bltu    t3, s1, pc + 56
core   0: 3 0x80008dd2 (0x029e6c63)
core   0: 0x80008e0a (0x00006cdd) c.lui   s9, 0x17
core   0: 3 0x80008e0a (0x6cdd) x25 0x00017000
core   0: 0x80008e0c (0x000012fd) c.addi  t0, -1
core   0: 3 0x80008e0c (0x12fd) x5  0xffffffff
core   0: 0x80008e0e (0x00006249) c.lui   tp, 0x12
core   0: 3 0x80008e0e (0x6249) x4  0x00012000
core   0: 0x80008e10 (0x00008ead) c.xor   a3, a1
core   0: 3 0x80008e10 (0x8ead) x13 0xbfff36c8
core   0: 0x80008e12 (0x00af9563) bne     t6, a0, pc + 10
core   0: 3 0x80008e12 (0x00af9563)
core   0: 0x80008e1c (0x023a8db3) mul     s11, s5, gp
core   0: 3 0x80008e1c (0x023a8db3) x27 0xfbadb1d4
core   0: 0x80008e20 (0x0000082e) c.slli  a6, 11
core   0: 3 0x80008e20 (0x082e) x16 0x00000000
core   0: 0x80008e22 (0xabef4513) xori    a0, t5, -1346
core   0: 3 0x80008e22 (0xabef4513) x10 0x7fff7197
core   0: 0x80008e26 (0x0000717d) c.addi16sp sp, -16
core   0: 3 0x80008e26 (0x717d) x2  0x00000141
core   0: 0x80008e28 (0x04257063) bgeu    a0, sp, pc + 64
core   0: 3 0x80008e28 (0x04257063)
core   0: 0x80008e68 (0x00af3433) sltu    s0, t5, a0
core   0: 3 0x80008e68 (0x00af3433) x8  0x00000000
core   0: 0x80008e6c (0x0000c385) c.beqz  a5, pc + 32
core   0: 3 0x80008e6c (0xc385)
core   0: 0x80008e6e (0x40d10ab3) sub     s5, sp, a3
core   0: 3 0x80008e6e (0x40d10ab3) x21 0x4000ca79
core   0: 0x80008e72 (0x02b8fa63) bgeu    a7, a1, pc + 52
core   0: 3 0x80008e72 (0x02b8fa63)
core   0: 0x80008e76 (0x058fe063) bltu    t6, s8, pc + 64
core   0: 3 0x80008e76 (0x058fe063)
core   0: 0x80008e7a (0x00008c95) c.sub   s1, a3
core   0: 3 0x80008e7a (0x8c95) x9  0x4000d23f
core   0: 0x80008e7c (0x01d11db3) sll     s11, sp, t4
core   0: 3 0x80008e7c (0x01d11db3) x27 0x00014100
core   0: 0x80008e80 (0x407dd333) sra     t1, s11, t2
core   0: 3 0x80008e80 (0x407dd333) x6  0x00014100
core   0: 0x80008e84 (0x01db4533) xor     a0, s6, t4
core   0: 3 0x80008e84 (0x01db4533) x10 0x00003fd6
core   0: 0x80008e88 (0x023dd063) bge     s11, gp, pc + 32
core   0: 3 0x80008e88 (0x023dd063)
core   0: 0x80008ea8 (0x0369c1b3) div     gp, s3, s6
core   0: 3 0x80008ea8 (0x0369c1b3) x3  0xfffe45c1
core   0: 0x80008eac (0x00006465) c.lui   s0, 0x19
core   0: 3 0x80008eac (0x6465) x8  0x00019000
core   0: 0x80008eae (0x02696733) rem     a4, s2, t1
core   0: 3 0x80008eae (0x02696733) x14 0x00000001
core   0: 0x80008eb2 (0x391f3393) sltiu   t2, t5, 913
core   0: 3 0x80008eb2 (0x391f3393) x7  0x00000000
core   0: 0x80008eb6 (0x00008d41) c.or    a0, s0
core   0: 3 0x80008eb6 (0x8d41) x10 0x0001bfd6
core   0: 0x80008eb8 (0xc9ec3013) sltiu   zero, s8, -866
core   0: 3 0x80008eb8 (0xc9ec3013)
core   0: 0x80008ebc (0x1f99e313) ori     t1, s3, 505
core   0: 3 0x80008ebc (0x1f99e313) x6  0x91aac1f9
core   0: 0x80008ec0 (0x00000001) c.nop
core   0: 3 0x80008ec0 (0x0001)
core   0: 0x80008ec2 (0x00006169) c.addi16sp sp, 208
core   0: 3 0x80008ec2 (0x6169) x2  0x00000211
core   0: 0x80008ec4 (0x73807c93) andi    s9, zero, 1848
core   0: 3 0x80008ec4 (0x73807c93) x25 0x00000000
core   0: 0x80008ec8 (0x003c99b3) sll     s3, s9, gp
core   0: 3 0x80008ec8 (0x003c99b3) x19 0x00000000
core   0: 0x80008ecc (0x0000cb15) c.beqz  a4, pc + 52
core   0: 3 0x80008ecc (0xcb15)
core   0: 0x80008ece (0x11696d93) ori     s11, s2, 278
core   0: 3 0x80008ece (0x11696d93) x27 0x00000117
core   0: 0x80008ed2 (0x010f4f63) blt     t5, a6, pc + 30
core   0: 3 0x80008ed2 (0x010f4f63)
core   0: 0x80008ef0 (0x013acab3) xor     s5, s5, s3
core   0: 3 0x80008ef0 (0x013acab3) x21 0x4000ca79
core   0: 0x80008ef4 (0x001fc463) blt     t6, ra, pc + 8
core   0: 3 0x80008ef4 (0x001fc463)
core   0: 0x80008efc (0x00008816) c.mv    a6, t0
core   0: 3 0x80008efc (0x8816) x16 0xffffffff
core   0: 0x80008efe (0x000007b2) c.slli  a5, 12
core   0: 3 0x80008efe (0x07b2) x15 0x0c979000
core   0: 0x80008f00 (0x0158ebb3) or      s7, a7, s5
core   0: 3 0x80008f00 (0x0158ebb3) x23 0xc600cffb
core   0: 0x80008f04 (0x00000d62) c.slli  s10, 24
core   0: 3 0x80008f04 (0x0d62) x26 0x00000000
core   0: 0x80008f06 (0x00000721) c.addi  a4, 8
core   0: 3 0x80008f06 (0x0721) x14 0x00000009
core   0: 0x80008f08 (0x052dff13) andi    t5, s11, 82
core   0: 3 0x80008f08 (0x052dff13) x30 0x00000012
core   0: 0x80008f0c (0x00000d80) c.addi4spn s0, sp, 720
core   0: 3 0x80008f0c (0x0d80) x8  0x000004e1
core   0: 0x80008f0e (0x005add63) bge     s5, t0, pc + 26
core   0: 3 0x80008f0e (0x005add63)
core   0: 0x80008f28 (0x00008d9d) c.sub   a1, a5
core   0: 3 0x80008f28 (0x8d9d) x11 0xf367a6c8
core   0: 0x80008f2a (0x000068d1) c.lui   a7, 0x14
core   0: 3 0x80008f2a (0x68d1) x17 0x00014000
core   0: 0x80008f2c (0x4159ddb3) sra     s11, s3, s5
core   0: 3 0x80008f2c (0x4159ddb3) x27 0x00000000
core   0: 0x80008f30 (0x3723a793) slti    a5, t2, 882
core   0: 3 0x80008f30 (0x3723a793) x15 0x00000001
core   0: 0x80008f34 (0x05b3e063) bltu    t2, s11, pc + 64
core   0: 3 0x80008f34 (0x05b3e063)
core   0: 0x80008f38 (0x04751263) bne     a0, t2, pc + 68
core   0: 3 0x80008f38 (0x04751263)
core   0: 0x80008f7c (0xd8837c93) andi    s9, t1, -632
core   0: 3 0x80008f7c (0xd8837c93) x25 0x91aac188
core   0: 0x80008f80 (0x024b8733) mul     a4, s7, tp
core   0: 3 0x80008f80 (0x024b8733) x14 0xe9fa6000
core   0: 0x80008f84 (0x016ed233) srl     tp, t4, s6
core   0: 3 0x80008f84 (0x016ed233) x4  0x00000000
core   0: 0x80008f88 (0x40c887b3) sub     a5, a7, a2
core   0: 3 0x80008f88 (0x40c887b3) x15 0x8001a49c
core   0: 0x80008f8c (0x02851563) bne     a0, s0, pc + 42
core   0: 3 0x80008f8c (0x02851563)
core   0: 0x80008fb6 (0x00900963) beq     zero, s1, pc + 18
core   0: 3 0x80008fb6 (0x00900963)
core   0: 0x80008fba (0x00000791) c.addi  a5, 4
core   0: 3 0x80008fba (0x0791) x15 0x8001a4a0
core   0: 0x80008fbc (0x00bda733) slt     a4, s11, a1
core   0: 3 0x80008fbc (0x00bda733) x14 0x00000000
core   0: 0x80008fc0 (0x03a96833) rem     a6, s2, s10
core   0: 3 0x80008fc0 (0x03a96833) x16 0x00000001
core   0: 0x80008fc4 (0x02544d33) div     s10, s0, t0
core   0: 3 0x80008fc4 (0x02544d33) x26 0xfffffb1f
core   0: 0x80008fc8 (0x00008d61) c.and   a0, s0
core   0: 3 0x80008fc8 (0x8d61) x10 0x000004c0
core   0: 0x80008fca (0x01c298b3) sll     a7, t0, t3
core   0: 3 0x80008fca (0x01c298b3) x17 0xffff8000
core   0: 0x80008fce (0x024b4cb3) div     s9, s6, tp
core   0: 3 0x80008fce (0x024b4cb3) x25 0xffffffff
core   0: 0x80008fd2 (0x00008d22) c.mv    s10, s0
core   0: 3 0x80008fd2 (0x8d22) x26 0x000004e1
core   0: 0x80008fd4 (0x00000001) c.nop
core   0: 3 0x80008fd4 (0x0001)
core   0: 0x80008fd6 (0x02eebdb3) mulhu   s11, t4, a4
core   0: 3 0x80008fd6 (0x02eebdb3) x27 0x00000000
core   0: 0x80008fda (0x000060f5) c.lui   ra, 0x1d
core   0: 3 0x80008fda (0x60f5) x1  0x0001d000
core   0: 0x80008fdc (0x416953b3) sra     t2, s2, s6
core   0: 3 0x80008fdc (0x416953b3) x7  0x00000000
core   0: 0x80008fe0 (0x00008e31) c.xor   a2, a2
core   0: 3 0x80008fe0 (0x8e31) x12 0x00000000
core   0: 0x80008fe2 (0x011e5c63) bge     t3, a7, pc + 24
core   0: 3 0x80008fe2 (0x011e5c63)
core   0: 0x80008ffa (0x0000537d) c.li    t1, -1
core   0: 3 0x80008ffa (0x537d) x6  0xffffffff
core   0: 0x80008ffc (0x99bd2513) slti    a0, s10, -1637
core   0: 3 0x80008ffc (0x99bd2513) x10 0x00000000
core   0: 0x80009000 (0x00008da9) c.xor   a1, a0
core   0: 3 0x80009000 (0x8da9) x11 0xf367a6c8
core   0: 0x80009002 (0x01dc8b33) add     s6, s9, t4
core   0: 3 0x80009002 (0x01dc8b33) x22 0x00000007
core   0: 0x80009006 (0x00008e25) c.xor   a2, s1
core   0: 3 0x80009006 (0x8e25) x12 0x4000d23f
core   0: 0x80009008 (0xb9052a93) slti    s5, a0, -1136
core   0: 3 0x80009008 (0xb9052a93) x21 0x00000000
core   0: 0x8000900c (0x03cebf33) mulhu   t5, t4, t3
core   0: 3 0x8000900c (0x03cebf33) x30 0x00000000
core   0: 0x80009010 (0x002ac633) xor     a2, s5, sp
core   0: 3 0x80009010 (0x002ac633) x12 0x00000211
core   0: 0x80009014 (0x00c9f633) and     a2, s3, a2
core   0: 3 0x80009014 (0x00c9f633) x12 0x00000000
core   0: 0x80009018 (0x0245bb33) mulhu   s6, a1, tp
core   0: 3 0x80009018 (0x0245bb33) x22 0x00000000
core   0: 0x8000901c (0x00008d0d) c.sub   a0, a1
core   0: 3 0x8000901c (0x8d0d) x10 0x0c985938
core   0: 0x8000901e (0x00d5b833) sltu    a6, a1, a3
core   0: 3 0x8000901e (0x00d5b833) x16 0x00000000
core   0: 0x80009022 (0x0000940e) c.add   s0, gp
core   0: 3 0x80009022 (0x940e) x8  0xfffe4aa2
core   0: 0x80009024 (0x03661b63) bne     a2, s6, pc + 54
core   0: 3 0x80009024 (0x03661b63)
core   0: 0x80009028 (0x40415a33) sra     s4, sp, tp
core   0: 3 0x80009028 (0x40415a33) x20 0x00000211
core   0: 0x8000902c (0x033dc933) div     s2, s11, s3
core   0: 3 0x8000902c (0x033dc933) x18 0xffffffff
core   0: 0x80009030 (0x77677f37) lui     t5, 0x77677
core   0: 3 0x80009030 (0x77677f37) x30 0x77677000
core   0: 0x80009034 (0x01ebde13) srli    t3, s7, 30
core   0: 3 0x80009034 (0x01ebde13) x28 0x00000003
core   0: 0x80009038 (0x02da4b63) blt     s4, a3, pc + 54
core   0: 3 0x80009038 (0x02da4b63)
core   0: 0x8000903c (0x03d08b63) beq     ra, t4, pc + 54
core   0: 3 0x8000903c (0x03d08b63)
core   0: 0x80009040 (0x019edc63) bge     t4, s9, pc + 24
core   0: 3 0x80009040 (0x019edc63)
core   0: 0x80009058 (0x00000dc5) c.addi  s11, 17
core   0: 3 0x80009058 (0x0dc5) x27 0x00000011
core   0: 0x8000905a (0x02e88ab3) mul     s5, a7, a4
core   0: 3 0x8000905a (0x02e88ab3) x21 0x00000000
core   0: 0x8000905e (0x41415f13) srai    t5, sp, 20
core   0: 3 0x8000905e (0x41415f13) x30 0x00000000
core   0: 0x80009062 (0x03746833) rem     a6, s0, s7
core   0: 3 0x80009062 (0x03746833) x16 0xfffe4aa2
core   0: 0x80009066 (0x03021263) bne     tp, a6, pc + 36
core   0: 3 0x80009066 (0x03021263)
core   0: 0x8000908a (0x00000001) c.nop
core   0: 3 0x8000908a (0x0001)
core   0: 0x8000908c (0xb3806c93) ori     s9, zero, -1224
core   0: 3 0x8000908c (0xb3806c93) x25 0xfffffb38
core   0: 0x80009090 (0x016cf963) bgeu    s9, s6, pc + 18
core   0: 3 0x80009090 (0x016cf963)
core   0: 0x800090a2 (0x00008ca1) c.xor   s1, s0
core   0: 3 0x800090a2 (0x8ca1) x9  0xbffe989d
core   0: 0x800090a4 (0x63bc6013) ori     zero, s8, 1595
core   0: 3 0x800090a4 (0x63bc6013)
core   0: 0x800090a8 (0x0000866a) c.mv    a2, s10
core   0: 3 0x800090a8 (0x866a) x12 0x000004e1
core   0: 0x800090aa (0x02520bb3) mul     s7, tp, t0
core   0: 3 0x800090aa (0x02520bb3) x23 0x00000000
core   0: 0x800090ae (0x004c2083) lw      ra, 4(s8)
core   0: 3 0x800090ae (0x004c2083) x1  0x80008736 mem 0x80025e5c
core   0: 0x800090b2 (0xd4e50293) addi    t0, a0, -690
core   0: 3 0x800090b2 (0xd4e50293) x5  0x0c985686
core   0: 0x800090b6 (0x040c0c13) addi    s8, s8, 64
core   0: 3 0x800090b6 (0x040c0c13) x24 0x80025e98
core   0: 0x800090ba (0x56590c93) addi    s9, s2, 1381
core   0: 3 0x800090ba (0x56590c93) x25 0x00000564
core   0: 0x800090be (0x00108193) addi    gp, ra, 1
core   0: 3 0x800090be (0x00108193) x3  0x80008737
core   0: 0x800090c2 (0x000181e7) jalr    gp, gp, 0
core   0: 3 0x800090c2 (0x000181e7) x3  0x800090c6
core   0: 0x80008736 (0x02a9be33) mulhu   t3, s3, a0
core   0: 3 0x80008736 (0x02a9be33) x28 0x00000000
core   0: 0x8000873a (0x01a59233) sll     tp, a1, s10
core   0: 3 0x8000873a (0x01a59233) x4  0xe6cf4d90
core   0: 0x8000873e (0x00008da6) c.mv    s11, s1
core   0: 3 0x8000873e (0x8da6) x27 0xbffe989d
core   0: 0x80008740 (0x036eb233) mulhu   tp, t4, s6
core   0: 3 0x80008740 (0x036eb233) x4  0x00000000
core   0: 0x80008744 (0x0000717d) c.addi16sp sp, -16
core   0: 3 0x80008744 (0x717d) x2  0x00000201
core   0: 0x80008746 (0x02848033) mul     zero, s1, s0
core   0: 3 0x80008746 (0x02848033)
core   0: 0x8000874a (0x00006b65) c.lui   s6, 0x19
core   0: 3 0x8000874a (0x6b65) x22 0x00019000
core   0: 0x8000874c (0x00000001) c.nop
core   0: 3 0x8000874c (0x0001)
core   0: 0x8000874e (0x336000ef) jal     pc + 0x336
core   0: 3 0x8000874e (0x336000ef) x1  0x80008752
core   0: 0x80008a84 (0x012f2733) slt     a4, t5, s2
core   0: 3 0x80008a84 (0x012f2733) x14 0x00000000
core   0: 0x80008a88 (0xfc0c0c13) addi    s8, s8, -64
core   0: 3 0x80008a88 (0xfc0c0c13) x24 0x80025e58
core   0: 0x80008a8c (0x00000bd5) c.addi  s7, 21
core   0: 3 0x80008a8c (0x0bd5) x23 0x00000015
core   0: 0x80008a8e (0x001c2223) sw      ra, 4(s8)
core   0: 3 0x80008a8e (0x001c2223) mem 0x80025e5c 0x80008752
core   0: 0x80008a92 (0x000089f1) c.andi  a1, 28
core   0: 3 0x80008a92 (0x89f1) x11 0x00000008
core   0: 0x80008a94 (0x01a2d7b3) srl     a5, t0, s10
core   0: 3 0x80008a94 (0x01a2d7b3) x15 0x064c2b43
core   0: 0x80008a98 (0x01375d13) srli    s10, a4, 19
core   0: 3 0x80008a98 (0x01375d13) x26 0x00000000
core   0: 0x80008a9c (0x00008217) auipc   tp, 0x8
core   0: 3 0x80008a9c (0x00008217) x4  0x80010a9c
core   0: 0x80008aa0 (0x98b20213) addi    tp, tp, -1653
core   0: 3 0x80008aa0 (0x98b20213) x4  0x80010427
core   0: 0x80008aa4 (0x40015333) sra     t1, sp, zero
core   0: 3 0x80008aa4 (0x40015333) x6  0x00000201
core   0: 0x80008aa8 (0xfad21183) lh      gp, -83(tp)
core   0: 3 0x80008aa8 (0xfad21183) x3  0xffffbb27 mem 0x800103d4
core   0: 0x80008aac (0xfc325a83) lhu     s5, -61(tp)
core   0: 3 0x80008aac (0xfc325a83) x21 0x0000ea00 mem 0x800103ea
core   0: 0x80008ab0 (0xfd6211a3) sh      s6, -61(tp)
core   0: 3 0x80008ab0 (0xfd6211a3) mem 0x800103ea 0x9000
core   0: 0x80008ab4 (0xfc325303) lhu     t1, -61(tp)
core   0: 3 0x80008ab4 (0xfc325303) x6  0x00009000 mem 0x800103ea
core   0: 0x80008ab8 (0xfc321703) lh      a4, -61(tp)
core   0: 3 0x80008ab8 (0xfc321703) x14 0xffff9000 mem 0x800103ea
core   0: 0x80008abc (0xfc0201a3) sb      zero, -61(tp)
core   0: 3 0x80008abc (0xfc0201a3) mem 0x800103ea 0x00
core   0: 0x80008ac0 (0xef424e03) lbu     t3, -268(tp)
core   0: 3 0x80008ac0 (0xef424e03) x28 0x00000049 mem 0x8001031b
core   0: 0x80008ac4 (0xef424003) lbu     zero, -268(tp)
core   0: 3 0x80008ac4 (0xef424003) mem 0x8001031b
core   0: 0x80008ac8 (0x02d5a0b3) mulhsu  ra, a1, a3
core   0: 3 0x80008ac8 (0x02d5a0b3) x1  0x00000005
core   0: 0x80008acc (0x00fb8f33) add     t5, s7, a5
core   0: 3 0x80008acc (0x00fb8f33) x30 0x064c2b58
core   0: 0x80008ad0 (0xef424e03) lbu     t3, -268(tp)
core   0: 3 0x80008ad0 (0xef424e03) x28 0x00000049 mem 0x8001031b
core   0: 0x80008ad4 (0x000014fd) c.addi  s1, -1
core   0: 3 0x80008ad4 (0x14fd) x9  0xbffe989c
core   0: 0x80008ad6 (0x6f721003) lh      zero, 1783(tp)
core   0: 3 0x80008ad6 (0x6f721003) mem 0x80010b1e
core   0: 0x80008ada (0x26725183) lhu     gp, 615(tp)
core   0: 3 0x80008ada (0x26725183) x3  0x00003ccd mem 0x8001068e
core   0: 0x80008ade (0x26721983) lh      s3, 615(tp)
core   0: 3 0x80008ade (0x26721983) x19 0x00003ccd mem 0x8001068e
core   0: 0x80008ae2 (0x01e000ef) jal     pc + 0x1e
core   0: 3 0x80008ae2 (0x01e000ef) x1  0x80008ae6
core   0: 0x80008b00 (0xffdff36f) jal     t1, pc - 0x4
core   0: 3 0x80008b00 (0xffdff36f) x6  0x80008b04
core   0: 0x80008afc (0x0000a831) c.j     pc + 28
core   0: 3 0x80008afc (0xa831)
core   0: 0x80008b18 (0xff7ff36f) jal     t1, pc - 0xa
core   0: 3 0x80008b18 (0xff7ff36f) x6  0x80008b1c
core   0: 0x80008b0e (0x00003ff1) c.jal   pc - 36
core   0: 3 0x80008b0e (0x3ff1) x1  0x80008b10
core   0: 0x80008aea (0x014001ef) jal     gp, pc + 0x14
core   0: 3 0x80008aea (0x014001ef) x3  0x80008aee
core   0: 0x80008afe (0x0000a021) c.j     pc + 8
core   0: 3 0x80008afe (0xa021)
core   0: 0x80008b06 (0x00002011) c.jal   pc + 4
core   0: 3 0x80008b06 (0x2011) x1  0x80008b08
core   0: 0x80008b0a (0xfffff0ef) jal     pc - 0x2
core   0: 3 0x80008b0a (0xfffff0ef) x1  0x80008b0e
core   0: 0x80008b08 (0x0000a811) c.j     pc + 20
core   0: 3 0x80008b08 (0xa811)
core   0: 0x80008b1c (0x00003fd5) c.jal   pc - 12
core   0: 3 0x80008b1c (0x3fd5) x1  0x80008b1e
core   0: 0x80008b10 (0xfe3ff0ef) jal     pc - 0x1e
core   0: 3 0x80008b10 (0xfe3ff0ef) x1  0x80008b14
core   0: 0x80008af2 (0x036002ef) jal     t0, pc + 0x36
core   0: 3 0x80008af2 (0x036002ef) x5  0x80008af6
core   0: 0x80008b28 (0x0000b7d9) c.j     pc - 58
core   0: 3 0x80008b28 (0xb7d9)
core   0: 0x80008aee (0x02800a6f) jal     s4, pc + 0x28
core   0: 3 0x80008aee (0x02800a6f) x20 0x80008af2
core   0: 0x80008b16 (0x0000bfc9) c.j     pc - 46
core   0: 3 0x80008b16 (0xbfc9)
core   0: 0x80008ae8 (0x00002835) c.jal   pc + 60
core   0: 3 0x80008ae8 (0x2835) x1  0x80008aea
core   0: 0x80008b24 (0x0060036f) jal     t1, pc + 0x6
core   0: 3 0x80008b24 (0x0060036f) x6  0x80008b28
core   0: 0x80008b2a (0x0000bfe9) c.j     pc - 38
core   0: 3 0x80008b2a (0xbfe9)
core   0: 0x80008b04 (0x00003fcd) c.jal   pc - 14
core   0: 3 0x80008b04 (0x3fcd) x1  0x80008b06
core   0: 0x80008af6 (0x0000a81d) c.j     pc + 54
core   0: 3 0x80008af6 (0xa81d)
core   0: 0x80008b2c (0x00003fdd) c.jal   pc - 10
core   0: 3 0x80008b2c (0x3fdd) x1  0x80008b2e
core   0: 0x80008b22 (0x00003fe1) c.jal   pc - 40
core   0: 3 0x80008b22 (0x3fe1) x1  0x80008b24
core   0: 0x80008afa (0x0000a829) c.j     pc + 26
core   0: 3 0x80008afa (0xa829)
core   0: 0x80008b14 (0x0000a029) c.j     pc + 10
core   0: 3 0x80008b14 (0xa029)
core   0: 0x80008b1e (0xfc9ff0ef) jal     pc - 0x38
core   0: 3 0x80008b1e (0xfc9ff0ef) x1  0x80008b22
core   0: 0x80008ae6 (0x00002809) c.jal   pc + 18
core   0: 3 0x80008ae6 (0x2809) x1  0x80008ae8
core   0: 0x80008af8 (0x0000281d) c.jal   pc + 54
core   0: 3 0x80008af8 (0x281d) x1  0x80008afa
core   0: 0x80008b2e (0x017f9813) slli    a6, t6, 23
core   0: 3 0x80008b2e (0x017f9813) x16 0x92000000
core   0: 0x80008b32 (0x00007b97) auipc   s7, 0x7
core   0: 3 0x80008b32 (0x00007b97) x23 0x8000fb32
core   0: 0x80008b36 (0x7cab8b93) addi    s7, s7, 1994
core   0: 3 0x80008b36 (0x7cab8b93) x23 0x800102fc
core   0: 0x80008b3a (0xffebd983) lhu     s3, -2(s7)
core   0: 3 0x80008b3a (0xffebd983) x19 0x00003fde mem 0x800102fa
core   0: 0x80008b3e (0x7135c497) auipc   s1, 0x7135c
core   0: 3 0x80008b3e (0x7135c497) x9  0xf1364b3e
core   0: 0x80008b42 (0x5ccf0c93) addi    s9, t5, 1484
core   0: 3 0x80008b42 (0x5ccf0c93) x25 0x064c3124
core   0: 0x80008b46 (0xfffb8683) lb      a3, -1(s7)
core   0: 3 0x80008b46 (0xfffb8683) x13 0x0000003f mem 0x800102fb
core   0: 0x80008b4a (0x00bc64b3) or      s1, s8, a1
core   0: 3 0x80008b4a (0x00bc64b3) x9  0x80025e58
core   0: 0x80008b4e (0x00008fad) c.xor   a5, a1
core   0: 3 0x80008b4e (0x8fad) x15 0x064c2b4b
core   0: 0x80008b50 (0x0169b1b3) sltu    gp, s3, s6
core   0: 3 0x80008b50 (0x0169b1b3) x3  0x00000001
core   0: 0x80008b54 (0x00008289) c.srli  a3, 2
core   0: 3 0x80008b54 (0x8289) x13 0x0000000f
core   0: 0x80008b56 (0x006b8803) lb      a6, 6(s7)
core   0: 3 0x80008b56 (0x006b8803) x16 0x00000068 mem 0x80010302
core   0: 0x80008b5a (0x01375b13) srli    s6, a4, 19
core   0: 3 0x80008b5a (0x01375b13) x22 0x00001fff
core   0: 0x80008b5e (0xa6c2f417) auipc   s0, 0xa6c2f
core   0: 3 0x80008b5e (0xa6c2f417) x8  0x26c37b5e
core   0: 0x80008b62 (0x01b04533) xor     a0, zero, s11
core   0: 3 0x80008b62 (0x01b04533) x10 0xbffe989d
core   0: 0x80008b66 (0x010baf03) lw      t5, 16(s7)
core   0: 3 0x80008b66 (0x010baf03) x30 0x00003fde mem 0x8001030c
core   0: 0x80008b6a (0x9a830513) addi    a0, t1, -1624
core   0: 3 0x80008b6a (0x9a830513) x10 0x800084d0
core   0: 0x80008b6e (0x416e82b3) sub     t0, t4, s6
core   0: 3 0x80008b6e (0x416e82b3) x5  0xffffe009
core   0: 0x80008b72 (0x013ba823) sw      s3, 16(s7)
core   0: 3 0x80008b72 (0x013ba823) mem 0x8001030c 0x00003fde
core   0: 0x80008b76 (0x008bab03) lw      s6, 8(s7)
core   0: 3 0x80008b76 (0x008bab03) x22 0x00c87af6 mem 0x80010304
core   0: 0x80008b7a (0x00008f46) c.mv    t5, a7
core   0: 3 0x80008b7a (0x8f46) x30 0xffff8000
core   0: 0x80008b7c (0x003bc383) lbu     t2, 3(s7)
core   0: 3 0x80008b7c (0x003bc383) x7  0x00000083 mem 0x800102ff
core   0: 0x80008b80 (0x00008031) c.srli  s0, 12
core   0: 3 0x80008b80 (0x8031) x8  0x00026c37
core   0: 0x80008b82 (0x000084e9) c.srai  s1, 26
core   0: 3 0x80008b82 (0x84e9) x9  0xffffffe0
core   0: 0x80008b84 (0x033770b3) remu    ra, a4, s3
core   0: 3 0x80008b84 (0x033770b3) x1  0x0000181e
core   0: 0x80008b88 (0xac08ed37) lui     s10, 0xac08e
core   0: 3 0x80008b88 (0xac08ed37) x26 0xac08e000
core   0: 0x80008b8c (0xff1b8823) sb      a7, -16(s7)
core   0: 3 0x80008b8c (0xff1b8823) mem 0x800102ec 0x00
core   0: 0x80008b90 (0x0000717d) c.addi16sp sp, -16
core   0: 3 0x80008b90 (0x717d) x2  0x000001f1
core   0: 0x80008b92 (0xffcbc483) lbu     s1, -4(s7)
core   0: 3 0x80008b92 (0xffcbc483) x9  0x0000006a mem 0x800102f8
core   0: 0x80008b96 (0x02956633) rem     a2, a0, s1
core   0: 3 0x80008b96 (0x02956633) x12 0xffffff9c
core   0: 0x80008b9a (0x00fb8003) lb      zero, 15(s7)
core   0: 3 0x80008b9a (0x00fb8003) mem 0x8001030b
core   0: 0x80008b9e (0xff2b8283) lb      t0, -14(s7)
core   0: 3 0x80008b9e (0xff2b8283) x5  0xffffffa9 mem 0x800102ee
core   0: 0x80008ba2 (0x00db8c83) lb      s9, 13(s7)
core   0: 3 0x80008ba2 (0x00db8c83) x25 0xffffffec mem 0x80010309
core   0: 0x80008ba6 (0x000000fd) c.addi  ra, 31
core   0: 3 0x80008ba6 (0x00fd) x1  0x0000183d
core   0: 0x80008ba8 (0x00db8d83) lb      s11, 13(s7)
core   0: 3 0x80008ba8 (0x00db8d83) x27 0xffffffec mem 0x80010309
core   0: 0x80008bac (0x007bc503) lbu     a0, 7(s7)
core   0: 3 0x80008bac (0x007bc503) x10 0x000000b6 mem 0x80010303
core   0: 0x80008bb0 (0x00000001) c.nop
core   0: 3 0x80008bb0 (0x0001)
core   0: 0x80008bb2 (0x000bc483) lbu     s1, 0(s7)
core   0: 3 0x80008bb2 (0x000bc483) x9  0x00000076 mem 0x800102fc
core   0: 0x80008bb6 (0x022186b3) mul     a3, gp, sp
core   0: 3 0x80008bb6 (0x022186b3) x13 0x000001f1
core   0: 0x80008bba (0xff0bd783) lhu     a5, -16(s7)
core   0: 3 0x80008bba (0xff0bd783) x15 0x0000c900 mem 0x800102ec
core   0: 0x80008bbe (0xffeb9a03) lh      s4, -2(s7)
core   0: 3 0x80008bbe (0xffeb9a03) x20 0x00003fde mem 0x800102fa
core   0: 0x80008bc2 (0x011642b3) xor     t0, a2, a7
core   0: 3 0x80008bc2 (0x011642b3) x5  0x00007f9c
core   0: 0x80008bc6 (0x000054fd) c.li    s1, -1
core   0: 3 0x80008bc6 (0x54fd) x9  0xffffffff
core   0: 0x80008bc8 (0x00d3d5b3) srl     a1, t2, a3
core   0: 3 0x80008bc8 (0x00d3d5b3) x11 0x00000000
core   0: 0x80008bcc (0xffdb8c83) lb      s9, -3(s7)
core   0: 3 0x80008bcc (0xffdb8c83) x25 0x00000015 mem 0x800102f9
core   0: 0x80008bd0 (0x00005479) c.li    s0, -2
core   0: 3 0x80008bd0 (0x5479) x8  0xfffffffe
core   0: 0x80008bd2 (0x8fd72d93) slti    s11, a4, -1795
core   0: 3 0x80008bd2 (0x8fd72d93) x27 0x00000001
core   0: 0x80008bd6 (0x0384d933) divu    s2, s1, s8
core   0: 3 0x80008bd6 (0x0384d933) x18 0x00000001
core   0: 0x80008bda (0x02c3eab3) rem     s5, t2, a2
core   0: 3 0x80008bda (0x02c3eab3) x21 0x0000001f
core   0: 0x80008bde (0x00008095) c.srli  s1, 5
core   0: 3 0x80008bde (0x8095) x9  0x07ffffff
core   0: 0x80008be0 (0x02ed93b3) mulh    t2, s11, a4
core   0: 3 0x80008be0 (0x02ed93b3) x7  0xffffffff
core   0: 0x80008be4 (0x00000001) c.nop
core   0: 3 0x80008be4 (0x0001)
core   0: 0x80008be6 (0x01b51b93) slli    s7, a0, 27
core   0: 3 0x80008be6 (0x01b51b93) x23 0xb0000000
core   0: 0x80008bea (0x011713b3) sll     t2, a4, a7
core   0: 3 0x80008bea (0x011713b3) x7  0xffff9000
core   0: 0x80008bee (0x00008d9d) c.sub   a1, a5
core   0: 3 0x80008bee (0x8d9d) x11 0xffff3700
core   0: 0x80008bf0 (0x41455813) srai    a6, a0, 20
core   0: 3 0x80008bf0 (0x41455813) x16 0x00000000
core   0: 0x80008bf4 (0x00000405) c.addi  s0, 1
core   0: 3 0x80008bf4 (0x0405) x8  0xffffffff
core   0: 0x80008bf6 (0x00008215) c.srli  a2, 5
core   0: 3 0x80008bf6 (0x8215) x12 0x07fffffc
core   0: 0x80008bf8 (0x7f327a13) andi    s4, tp, 2035
core   0: 3 0x80008bf8 (0x7f327a13) x20 0x00000423
core   0: 0x80008bfc (0x0000d86d) c.beqz  s0, pc - 14
core   0: 3 0x80008bfc (0xd86d)
core   0: 0x80008bfe (0x0168b6b3) sltu    a3, a7, s6
core   0: 3 0x80008bfe (0x0168b6b3) x13 0x00000000
core   0: 0x80008c02 (0x0000c895) c.beqz  s1, pc + 52
core   0: 3 0x80008c02 (0xc895)
core   0: 0x80008c04 (0x03f11e33) mulh    t3, sp, t6
core   0: 3 0x80008c04 (0x03f11e33) x28 0xffffff07
core   0: 0x80008c08 (0x00330f33) add     t5, t1, gp
core   0: 3 0x80008c08 (0x00330f33) x30 0x80008b29
core   0: 0x80008c0c (0x003d1613) slli    a2, s10, 3
core   0: 3 0x80008c0c (0x003d1613) x12 0x60470000
core   0: 0x80008c10 (0x037731b3) mulhu   gp, a4, s7
core   0: 3 0x80008c10 (0x037731b3) x3  0xafffb300
core   0: 0x80008c14 (0x0455ea93) ori     s5, a1, 69
core   0: 3 0x80008c14 (0x0455ea93) x21 0xffff3745
core   0: 0x80008c18 (0x00000326) c.slli  t1, 9
core   0: 3 0x80008c18 (0x0326) x6  0x01165000
core   0: 0x80008c1a (0x00a87b33) and     s6, a6, a0
core   0: 3 0x80008c1a (0x00a87b33) x22 0x00000000
core   0: 0x80008c1e (0x00009a7d) c.andi  a2, -1
core   0: 3 0x80008c1e (0x9a7d) x12 0x60470000
core   0: 0x80008c20 (0x02339d33) mulh    s10, t2, gp
core   0: 3 0x80008c20 (0x02339d33) x26 0x00002300
core   0: 0x80008c24 (0x00c9db33) srl     s6, s3, a2
core   0: 3 0x80008c24 (0x00c9db33) x22 0x00003fde
core   0: 0x80008c28 (0x402f0333) sub     t1, t5, sp
core   0: 3 0x80008c28 (0x402f0333) x6  0x80008938
core   0: 0x80008c2c (0x0011cf63) blt     gp, ra, pc + 30
core   0: 3 0x80008c2c (0x0011cf63)
core   0: 0x80008c4a (0x000098fa) c.add   a7, t5
core   0: 3 0x80008c4a (0x98fa) x17 0x80000b29
core   0: 0x80008c4c (0x411cdd93) srai    s11, s9, 17
core   0: 3 0x80008c4c (0x411cdd93) x27 0x00000000
core   0: 0x80008c50 (0x4073d693) srai    a3, t2, 7
core   0: 3 0x80008c50 (0x4073d693) x13 0xffffff20
core   0: 0x80008c54 (0x0000868e) c.mv    a3, gp
core   0: 3 0x80008c54 (0x868e) x13 0xafffb300
core   0: 0x80008c56 (0x01c79963) bne     a5, t3, pc + 18
core   0: 3 0x80008c56 (0x01c79963)
core   0: 0x80008c68 (0x91aac9b7) lui     s3, 0x91aac
core   0: 3 0x80008c68 (0x91aac9b7) x19 0x91aac000
core   0: 0x80008c6c (0xf251e493) ori     s1, gp, -219
core   0: 3 0x80008c6c (0xf251e493) x9  0xffffff25
core   0: 0x80008c70 (0x031412b3) mulh    t0, s0, a7
core   0: 3 0x80008c70 (0x031412b3) x5  0x00000000
core   0: 0x80008c74 (0x03704db3) div     s11, zero, s7
core   0: 3 0x80008c74 (0x03704db3) x27 0x00000000
core   0: 0x80008c78 (0x00008225) c.srli  a2, 9
core   0: 3 0x80008c78 (0x8225) x12 0x00302380
core   0: 0x80008c7a (0x0000800d) c.srli  s0, 3
core   0: 3 0x80008c7a (0x800d) x8  0x1fffffff
core   0: 0x80008c7c (0x0000cb89) c.beqz  a5, pc + 18
core   0: 3 0x80008c7c (0xcb89)
core   0: 0x80008c7e (0x00000001) c.nop
core   0: 3 0x80008c7e (0x0001)
core   0: 0x80008c80 (0x00006175) c.addi16sp sp, 368
core   0: 3 0x80008c80 (0x6175) x2  0x00000361
core   0: 0x80008c82 (0x0000c905) c.beqz  a0, pc + 48
core   0: 3 0x80008c82 (0xc905)
core   0: 0x80008c84 (0x012e3533) sltu    a0, t3, s2
core   0: 3 0x80008c84 (0x012e3533) x10 0x00000000
core   0: 0x80008c88 (0x00000001) c.nop
core   0: 3 0x80008c88 (0x0001)
core   0: 0x80008c8a (0x35dbac93) slti    s9, s7, 861
core   0: 3 0x80008c8a (0x35dbac93) x25 0x00000001
core   0: 0x80008c8e (0x79b38893) addi    a7, t2, 1947
core   0: 3 0x80008c8e (0x79b38893) x17 0xffff979b
core   0: 0x80008c92 (0x0000e01d) c.bnez  s0, pc + 38
core   0: 3 0x80008c92 (0xe01d)
core   0: 0x80008cb8 (0x00001388) c.addi4spn a0, sp, 480
core   0: 3 0x80008cb8 (0x1388) x10 0x00000541
core   0: 0x80008cba (0x0e24fd63) bgeu    s1, sp, pc + 250
core   0: 3 0x80008cba (0x0e24fd63)
core   0: 0x80008db4 (0x03811bb3) mulh    s7, sp, s8
core   0: 3 0x80008db4 (0x03811bb3) x23 0xfffffe4f
core   0: 0x80008db8 (0x00008e99) c.sub   a3, a4
core   0: 3 0x80008db8 (0x8e99) x13 0xb0002300
core   0: 0x80008dba (0x036464b3) rem     s1, s0, s6
core   0: 3 0x80008dba (0x036464b3) x9  0x00000907
core   0: 0x80008dbe (0xb89bad93) slti    s11, s7, -1143
core   0: 3 0x80008dbe (0xb89bad93) x27 0x00000000
core   0: 0x80008dc2 (0x0092fd33) and     s10, t0, s1
core   0: 3 0x80008dc2 (0x0092fd33) x26 0x00000000
core   0: 0x80008dc6 (0x00d5d633) srl     a2, a1, a3
core   0: 3 0x80008dc6 (0x00d5d633) x12 0xffff3700
core   0: 0x80008dca (0x00b65533) srl     a0, a2, a1
core   0: 3 0x80008dca (0x00b65533) x10 0xffff3700
core   0: 0x80008dce (0x000006fa) c.slli  a3, 30
core   0: 3 0x80008dce (0x06fa) x13 0x00000000
core   0: 0x80008dd0 (0x00008d31) c.xor   a0, a2
core   0: 3 0x80008dd0 (0x8d31) x10 0x00000000
core   0: 0x80008dd2 (0x029e6c63) bltu    t3, s1, pc + 56
core   0: 3 0x80008dd2 (0x029e6c63)
core   0: 0x80008dd6 (0x03889033) mulh    zero, a7, s8
core   0: 3 0x80008dd6 (0x03889033)
core   0: 0x80008dda (0x03d48cb3) mul     s9, s1, t4
core   0: 3 0x80008dda (0x03d48cb3) x25 0x00004838
core   0: 0x80008dde (0x00008e91) c.sub   a3, a2
core   0: 3 0x80008dde (0x8e91) x13 0x0000c900
core   0: 0x80008de0 (0x00008e01) c.sub   a2, s0
core   0: 3 0x80008de0 (0x8e01) x12 0xdfff3701
core   0: 0x80008de2 (0x02774db3) div     s11, a4, t2
core   0: 3 0x80008de2 (0x02774db3) x27 0x00000001
core   0: 0x80008de6 (0xc6f4ce37) lui     t3, 0xc6f4c
core   0: 3 0x80008de6 (0xc6f4ce37) x28 0xc6f4c000
core   0: 0x80008dea (0x0237fb63) bgeu    a5, gp, pc + 54
core   0: 3 0x80008dea (0x0237fb63)
core   0: 0x80008dee (0x0000717d) c.addi16sp sp, -16
core   0: 3 0x80008dee (0x717d) x2  0x00000351
core   0: 0x80008df0 (0x414d5593) srai    a1, s10, 20
core   0: 3 0x80008df0 (0x414d5593) x11 0x00000000
core   0: 0x80008df4 (0x00008e89) c.sub   a3, a0
core   0: 3 0x80008df4 (0x8e89) x13 0x0000c900
core   0: 0x80008df6 (0x00008549) c.srai  a0, 18
core   0: 3 0x80008df6 (0x8549) x10 0x00000000
core   0: 0x80008df8 (0x00c110b3) sll     ra, sp, a2
core   0: 3 0x80008df8 (0x00c110b3) x1  0x000006a2
core   0: 0x80008dfc (0x00304d63) blt     zero, gp, pc + 26
core   0: 3 0x80008dfc (0x00304d63)
core   0: 0x80008e00 (0x5b18b293) sltiu   t0, a7, 1457
core   0: 3 0x80008e00 (0x5b18b293) x5  0x00000000
core   0: 0x80008e04 (0x0000e491) c.bnez  s1, pc + 12
core   0: 3 0x80008e04 (0xe491)
core   0: 0x80008e10 (0x00008ead) c.xor   a3, a1
core   0: 3 0x80008e10 (0x8ead) x13 0x0000c900
core   0: 0x80008e12 (0x00af9563) bne     t6, a0, pc + 10
core   0: 3 0x80008e12 (0x00af9563)
core   0: 0x80008e1c (0x023a8db3) mul     s11, s5, gp
core   0: 3 0x80008e1c (0x023a8db3) x27 0xac603f00
core   0: 0x80008e20 (0x0000082e) c.slli  a6, 11
core   0: 3 0x80008e20 (0x082e) x16 0x00000000
core   0: 0x80008e22 (0xabef4513) xori    a0, t5, -1346
core   0: 3 0x80008e22 (0xabef4513) x10 0x7fff7197
core   0: 0x80008e26 (0x0000717d) c.addi16sp sp, -16
core   0: 3 0x80008e26 (0x717d) x2  0x00000341
core   0: 0x80008e28 (0x04257063) bgeu    a0, sp, pc + 64
core   0: 3 0x80008e28 (0x04257063)
core   0: 0x80008e68 (0x00af3433) sltu    s0, t5, a0
core   0: 3 0x80008e68 (0x00af3433) x8  0x00000000
core   0: 0x80008e6c (0x0000c385) c.beqz  a5, pc + 32
core   0: 3 0x80008e6c (0xc385)
core   0: 0x80008e6e (0x40d10ab3) sub     s5, sp, a3
core   0: 3 0x80008e6e (0x40d10ab3) x21 0xffff3a41
core   0: 0x80008e72 (0x02b8fa63) bgeu    a7, a1, pc + 52
core   0: 3 0x80008e72 (0x02b8fa63)
core   0: 0x80008ea6 (0x00008d99) c.sub   a1, a4
core   0: 3 0x80008ea6 (0x8d99) x11 0x00007000
core   0: 0x80008ea8 (0x0369c1b3) div     gp, s3, s6
core   0: 3 0x80008ea8 (0x0369c1b3) x3  0xfffe45c1
core   0: 0x80008eac (0x00006465) c.lui   s0, 0x19
core   0: 3 0x80008eac (0x6465) x8  0x00019000
core   0: 0x80008eae (0x02696733) rem     a4, s2, t1
core   0: 3 0x80008eae (0x02696733) x14 0x00000001
core   0: 0x80008eb2 (0x391f3393) sltiu   t2, t5, 913
core   0: 3 0x80008eb2 (0x391f3393) x7  0x00000000
core   0: 0x80008eb6 (0x00008d41) c.or    a0, s0
core   0: 3 0x80008eb6 (0x8d41) x10 0x7ffff197
core   0: 0x80008eb8 (0xc9ec3013) sltiu   zero, s8, -866
core   0: 3 0x80008eb8 (0xc9ec3013)
core   0: 0x80008ebc (0x1f99e313) ori     t1, s3, 505
core   0: 3 0x80008ebc (0x1f99e313) x6  0x91aac1f9
core   0: 0x80008ec0 (0x00000001) c.nop
core   0: 3 0x80008ec0 (0x0001)
core   0: 0x80008ec2 (0x00006169) c.addi16sp sp, 208
core   0: 3 0x80008ec2 (0x6169) x2  0x00000411
core   0: 0x80008ec4 (0x73807c93) andi    s9, zero, 1848
core   0: 3 0x80008ec4 (0x73807c93) x25 0x00000000
core   0: 0x80008ec8 (0x003c99b3) sll     s3, s9, gp
core   0: 3 0x80008ec8 (0x003c99b3) x19 0x00000000
core   0: 0x80008ecc (0x0000cb15) c.beqz  a4, pc + 52
core   0: 3 0x80008ecc (0xcb15)
core   0: 0x80008ece (0x11696d93) ori     s11, s2, 278
core   0: 3 0x80008ece (0x11696d93) x27 0x00000117
core   0: 0x80008ed2 (0x010f4f63) blt     t5, a6, pc + 30
core   0: 3 0x80008ed2 (0x010f4f63)
core   0: 0x80008ef0 (0x013acab3) xor     s5, s5, s3
core   0: 3 0x80008ef0 (0x013acab3) x21 0xffff3a41
core   0: 0x80008ef4 (0x001fc463) blt     t6, ra, pc + 8
core   0: 3 0x80008ef4 (0x001fc463)
core   0: 0x80008efc (0x00008816) c.mv    a6, t0
core   0: 3 0x80008efc (0x8816) x16 0x00000000
core   0: 0x80008efe (0x000007b2) c.slli  a5, 12
core   0: 3 0x80008efe (0x07b2) x15 0x0c900000
core   0: 0x80008f00 (0x0158ebb3) or      s7, a7, s5
core   0: 3 0x80008f00 (0x0158ebb3) x23 0xffffbfdb
core   0: 0x80008f04 (0x00000d62) c.slli  s10, 24
core   0: 3 0x80008f04 (0x0d62) x26 0x00000000
core   0: 0x80008f06 (0x00000721) c.addi  a4, 8
core   0: 3 0x80008f06 (0x0721) x14 0x00000009
core   0: 0x80008f08 (0x052dff13) andi    t5, s11, 82
core   0: 3 0x80008f08 (0x052dff13) x30 0x00000012
core   0: 0x80008f0c (0x00000d80) c.addi4spn s0, sp, 720
core   0: 3 0x80008f0c (0x0d80) x8  0x000006e1
core   0: 0x80008f0e (0x005add63) bge     s5, t0, pc + 26
core   0: 3 0x80008f0e (0x005add63)
core   0: 0x80008f12 (0x0000038a) c.slli  t2, 2
core   0: 3 0x80008f12 (0x038a) x7  0x00000000
core   0: 0x80008f14 (0x00009992) c.add   s3, tp
core   0: 3 0x80008f14 (0x9992) x19 0x80010427
core   0: 0x80008f16 (0xaee6c813) xori    a6, a3, -1298
core   0: 3 0x80008f16 (0xaee6c813) x16 0xffff33ee
core   0: 0x80008f1a (0x008f2233) slt     tp, t5, s0
core   0: 3 0x80008f1a (0x008f2233) x4  0x00000001
core   0: 0x80008f1e (0x03d31733) mulh    a4, t1, t4
core   0: 3 0x80008f1e (0x03d31733) x14 0xfffffffc
core   0: 0x80008f22 (0x00006539) c.lui   a0, 0xe
core   0: 3 0x80008f22 (0x6539) x10 0x0000e000
core   0: 0x80008f24 (0xaf79fa93) andi    s5, s3, -1289
core   0: 3 0x80008f24 (0xaf79fa93) x21 0x80010027
core   0: 0x80008f28 (0x00008d9d) c.sub   a1, a5
core   0: 3 0x80008f28 (0x8d9d) x11 0xf3707000
core   0: 0x80008f2a (0x000068d1) c.lui   a7, 0x14
core   0: 3 0x80008f2a (0x68d1) x17 0x00014000
core   0: 0x80008f2c (0x4159ddb3) sra     s11, s3, s5
core   0: 3 0x80008f2c (0x4159ddb3) x27 0xff000208
core   0: 0x80008f30 (0x3723a793) slti    a5, t2, 882
core   0: 3 0x80008f30 (0x3723a793) x15 0x00000001
core   0: 0x80008f34 (0x05b3e063) bltu    t2, s11, pc + 64
core   0: 3 0x80008f34 (0x05b3e063)
core   0: 0x80008f74 (0x0066edb3) or      s11, a3, t1
core   0: 3 0x80008f74 (0x0066edb3) x27 0x91aac9f9
core   0: 0x80008f78 (0x01f88133) add     sp, a7, t6
core   0: 3 0x80008f78 (0x01f88133) x2  0x8003dd24
core   0: 0x80008f7c (0xd8837c93) andi    s9, t1, -632
core   0: 3 0x80008f7c (0xd8837c93) x25 0x91aac188
core   0: 0x80008f80 (0x024b8733) mul     a4, s7, tp
core   0: 3 0x80008f80 (0x024b8733) x14 0xffffbfdb
core   0: 0x80008f84 (0x016ed233) srl     tp, t4, s6
core   0: 3 0x80008f84 (0x016ed233) x4  0x00000000
core   0: 0x80008f88 (0x40c887b3) sub     a5, a7, a2
core   0: 3 0x80008f88 (0x40c887b3) x15 0x200208ff
core   0: 0x80008f8c (0x02851563) bne     a0, s0, pc + 42
core   0: 3 0x80008f8c (0x02851563)
core   0: 0x80008fb6 (0x00900963) beq     zero, s1, pc + 18
core   0: 3 0x80008fb6 (0x00900963)
core   0: 0x80008fba (0x00000791) c.addi  a5, 4
core   0: 3 0x80008fba (0x0791) x15 0x20020903
core   0: 0x80008fbc (0x00bda733) slt     a4, s11, a1
core   0: 3 0x80008fbc (0x00bda733) x14 0x00000001
core   0: 0x80008fc0 (0x03a96833) rem     a6, s2, s10
core   0: 3 0x80008fc0 (0x03a96833) x16 0x00000001
core   0: 0x80008fc4 (0x02544d33) div     s10, s0, t0
core   0: 3 0x80008fc4 (0x02544d33) x26 0xffffffff
core   0: 0x80008fc8 (0x00008d61) c.and   a0, s0
core   0: 3 0x80008fc8 (0x8d61) x10 0x00000000
core   0: 0x80008fca (0x01c298b3) sll     a7, t0, t3
core   0: 3 0x80008fca (0x01c298b3) x17 0x00000000
core   0: 0x80008fce (0x024b4cb3) div     s9, s6, tp
core   0: 3 0x80008fce (0x024b4cb3) x25 0xffffffff
core   0: 0x80008fd2 (0x00008d22) c.mv    s10, s0
core   0: 3 0x80008fd2 (0x8d22) x26 0x000006e1
core   0: 0x80008fd4 (0x00000001) c.nop
core   0: 3 0x80008fd4 (0x0001)
core   0: 0x80008fd6 (0x02eebdb3) mulhu   s11, t4, a4
core   0: 3 0x80008fd6 (0x02eebdb3) x27 0x00000000
core   0: 0x80008fda (0x000060f5) c.lui   ra, 0x1d
core   0: 3 0x80008fda (0x60f5) x1  0x0001d000
core   0: 0x80008fdc (0x416953b3) sra     t2, s2, s6
core   0: 3 0x80008fdc (0x416953b3) x7  0x00000000
core   0: 0x80008fe0 (0x00008e31) c.xor   a2, a2
core   0: 3 0x80008fe0 (0x8e31) x12 0x00000000
core   0: 0x80008fe2 (0x011e5c63) bge     t3, a7, pc + 24
core   0: 3 0x80008fe2 (0x011e5c63)
core   0: 0x80008fe6 (0x000056fd) c.li    a3, -1
core   0: 3 0x80008fe6 (0x56fd) x13 0xffffffff
core   0: 0x80008fe8 (0x662bcd13) xori    s10, s7, 1634
core   0: 3 0x80008fe8 (0x662bcd13) x26 0xffffb9b9
core   0: 0x80008fec (0x008ec863) blt     t4, s0, pc + 16
core   0: 3 0x80008fec (0x008ec863)
core   0: 0x80008ffc (0x99bd2513) slti    a0, s10, -1637
core   0: 3 0x80008ffc (0x99bd2513) x10 0x00000001
core   0: 0x80009000 (0x00008da9) c.xor   a1, a0
core   0: 3 0x80009000 (0x8da9) x11 0xf3707001
core   0: 0x80009002 (0x01dc8b33) add     s6, s9, t4
core   0: 3 0x80009002 (0x01dc8b33) x22 0x00000007
core   0: 0x80009006 (0x00008e25) c.xor   a2, s1
core   0: 3 0x80009006 (0x8e25) x12 0x00000907
core   0: 0x80009008 (0xb9052a93) slti    s5, a0, -1136
core   0: 3 0x80009008 (0xb9052a93) x21 0x00000000
core   0: 0x8000900c (0x03cebf33) mulhu   t5, t4, t3
core   0: 3 0x8000900c (0x03cebf33) x30 0x00000006
core   0: 0x80009010 (0x002ac633) xor     a2, s5, sp
core   0: 3 0x80009010 (0x002ac633) x12 0x8003dd24
core   0: 0x80009014 (0x00c9f633) and     a2, s3, a2
core   0: 3 0x80009014 (0x00c9f633) x12 0x80010424
core   0: 0x80009018 (0x0245bb33) mulhu   s6, a1, tp
core   0: 3 0x80009018 (0x0245bb33) x22 0x00000000
core   0: 0x8000901c (0x00008d0d) c.sub   a0, a1
core   0: 3 0x8000901c (0x8d0d) x10 0x0c8f9000
core   0: 0x8000901e (0x00d5b833) sltu    a6, a1, a3
core   0: 3 0x8000901e (0x00d5b833) x16 0x00000001
core   0: 0x80009022 (0x0000940e) c.add   s0, gp
core   0: 3 0x80009022 (0x940e) x8  0xfffe4ca2
core   0: 0x80009024 (0x03661b63) bne     a2, s6, pc + 54
core   0: 3 0x80009024 (0x03661b63)
core   0: 0x8000905a (0x02e88ab3) mul     s5, a7, a4
core   0: 3 0x8000905a (0x02e88ab3) x21 0x00000000
core   0: 0x8000905e (0x41415f13) srai    t5, sp, 20
core   0: 3 0x8000905e (0x41415f13) x30 0xfffff800
core   0: 0x80009062 (0x03746833) rem     a6, s0, s7
core   0: 3 0x80009062 (0x03746833) x16 0xffffcd80
core   0: 0x80009066 (0x03021263) bne     tp, a6, pc + 36
core   0: 3 0x80009066 (0x03021263)
core   0: 0x8000908a (0x00000001) c.nop
core   0: 3 0x8000908a (0x0001)
core   0: 0x8000908c (0xb3806c93) ori     s9, zero, -1224
core   0: 3 0x8000908c (0xb3806c93) x25 0xfffffb38
core   0: 0x80009090 (0x016cf963) bgeu    s9, s6, pc + 18
core   0: 3 0x80009090 (0x016cf963)
core   0: 0x800090a2 (0x00008ca1) c.xor   s1, s0
core   0: 3 0x800090a2 (0x8ca1) x9  0xfffe45a5
core   0: 0x800090a4 (0x63bc6013) ori     zero, s8, 1595
core   0: 3 0x800090a4 (0x63bc6013)
core   0: 0x800090a8 (0x0000866a) c.mv    a2, s10
core   0: 3 0x800090a8 (0x866a) x12 0xffffb9b9
core   0: 0x800090aa (0x02520bb3) mul     s7, tp, t0
core   0: 3 0x800090aa (0x02520bb3) x23 0x00000000
core   0: 0x800090ae (0x004c2083) lw      ra, 4(s8)
core   0: 3 0x800090ae (0x004c2083) x1  0x80008752 mem 0x80025e5c
core   0: 0x800090b2 (0xd4e50293) addi    t0, a0, -690
core   0: 3 0x800090b2 (0xd4e50293) x5  0x0c8f8d4e
core   0: 0x800090b6 (0x040c0c13) addi    s8, s8, 64
core   0: 3 0x800090b6 (0x040c0c13) x24 0x80025e98
core   0: 0x800090ba (0x56590c93) addi    s9, s2, 1381
core   0: 3 0x800090ba (0x56590c93) x25 0x00000566
core   0: 0x800090be (0x00108193) addi    gp, ra, 1
core   0: 3 0x800090be (0x00108193) x3  0x80008753
core   0: 0x800090c2 (0x000181e7) jalr    gp, gp, 0
core   0: 3 0x800090c2 (0x000181e7) x3  0x800090c6
core   0: 0x80008752 (0x025daa33) mulhsu  s4, s11, t0
core   0: 3 0x80008752 (0x025daa33) x20 0x00000000
core   0: 0x80008756 (0x00008856) c.mv    a6, s5
core   0: 3 0x80008756 (0x8856) x16 0x00000000
core   0: 0x80008758 (0x00006485) c.lui   s1, 0x1
core   0: 3 0x80008758 (0x6485) x9  0x00001000
core   0: 0x8000875a (0x02c3dd33) divu    s10, t2, a2
core   0: 3 0x8000875a (0x02c3dd33) x26 0x00000000
core   0: 0x8000875e (0x4b8e0037) lui     zero, 0x4b8e0
core   0: 3 0x8000875e (0x4b8e0037)
core   0: 0x80008762 (0x0000e919) c.bnez  a0, pc + 22
core   0: 3 0x80008762 (0xe919)
core   0: 0x80008778 (0x01c86a63) bltu    a6, t3, pc + 20
core   0: 3 0x80008778 (0x01c86a63)
core   0: 0x8000878c (0x000098fd) c.andi  s1, -1
core   0: 3 0x8000878c (0x98fd) x9  0x00001000
core   0: 0x8000878e (0x00000001) c.nop
core   0: 3 0x8000878e (0x0001)
core   0: 0x80008790 (0x03e76963) bltu    a4, t5, pc + 50
core   0: 3 0x80008790 (0x03e76963)
core   0: 0x800087c2 (0x00874563) blt     a4, s0, pc + 10
core   0: 3 0x800087c2 (0x00874563)
core   0: 0x800087c6 (0x05f38e63) beq     t2, t6, pc + 92
core   0: 3 0x800087c6 (0x05f38e63)
core   0: 0x800087ca (0x00008f65) c.and   a4, s1
core   0: 3 0x800087ca (0x8f65) x14 0x00000000
core   0: 0x800087cc (0x00cd7433) and     s0, s10, a2
core   0: 3 0x800087cc (0x00cd7433) x8  0x00000000
core   0: 0x800087d0 (0x0000567d) c.li    a2, -1
core   0: 3 0x800087d0 (0x567d) x12 0xffffffff
core   0: 0x800087d2 (0x0000859a) c.mv    a1, t1
core   0: 3 0x800087d2 (0x859a) x11 0x91aac1f9
core   0: 0x800087d4 (0x03fd9333) mulh    t1, s11, t6
core   0: 3 0x800087d4 (0x03fd9333) x6  0x00000000
core   0: 0x800087d8 (0x0277dab3) divu    s5, a5, t2
core   0: 3 0x800087d8 (0x0277dab3) x21 0xffffffff
core   0: 0x800087dc (0x01189813) slli    a6, a7, 17
core   0: 3 0x800087dc (0x01189813) x16 0x00000000
core   0: 0x800087e0 (0x0006a833) slt     a6, a3, zero
core   0: 3 0x800087e0 (0x0006a833) x16 0x00000001
core   0: 0x800087e4 (0x02f205b3) mul     a1, tp, a5
core   0: 3 0x800087e4 (0x02f205b3) x11 0x00000000
core   0: 0x800087e8 (0x00006d15) c.lui   s10, 0x5
core   0: 3 0x800087e8 (0x6d15) x26 0x00005000
core   0: 0x800087ea (0x01d7e0b3) or      ra, a5, t4
core   0: 3 0x800087ea (0x01d7e0b3) x1  0x2002090b
core   0: 0x800087ee (0x000006f6) c.slli  a3, 29
core   0: 3 0x800087ee (0x06f6) x13 0xe0000000
core   0: 0x800087f0 (0x0000981e) c.add   a6, t2
core   0: 3 0x800087f0 (0x981e) x16 0x00000001
core   0: 0x800087f2 (0x0179dc93) srli    s9, s3, 23
core   0: 3 0x800087f2 (0x0179dc93) x25 0x00000100
core   0: 0x800087f6 (0x412a5113) srai    sp, s4, 18
core   0: 3 0x800087f6 (0x412a5113) x2  0x00000000
core   0: 0x800087fa (0x01f83633) sltu    a2, a6, t6
core   0: 3 0x800087fa (0x01f83633) x12 0x00000001
core   0: 0x800087fe (0x01dc4833) xor     a6, s8, t4
core   0: 3 0x800087fe (0x01dc4833) x16 0x80025e90
core   0: 0x80008802 (0x03a00933) mul     s2, zero, s10
core   0: 3 0x80008802 (0x03a00933) x18 0x00000000
core   0: 0x80008806 (0x0c1000ef) jal     pc + 0x8c0
core   0: 3 0x80008806 (0x0c1000ef) x1  0x8000880a
core   0: 0x800090c6 (0x0077f363) bgeu    a5, t2, pc + 6
core   0: 3 0x800090c6 (0x0077f363)
core   0: 0x800090cc (0x00001c51) c.addi  s8, -12
core   0: 3 0x800090cc (0x1c51) x24 0x80025e8c
core   0: 0x800090ce (0x001c2223) sw      ra, 4(s8)
core   0: 3 0x800090ce (0x001c2223) mem 0x80025e90 0x8000880a
core   0: 0x800090d2 (0x00000ad2) c.slli  s5, 20
core   0: 3 0x800090d2 (0x0ad2) x21 0xfff00000
core   0: 0x800090d4 (0x00000001) c.nop
core   0: 3 0x800090d4 (0x0001)
core   0: 0x800090d6 (0x00004085) c.li    ra, 1
core   0: 3 0x800090d6 (0x4085) x1  0x00000001
core   0: 0x800090d8 (0x000005c5) c.addi  a1, 17
core   0: 3 0x800090d8 (0x05c5) x11 0x00000011
core   0: 0x800090da (0x01cf53b3) srl     t2, t5, t3
core   0: 3 0x800090da (0x01cf53b3) x7  0xfffff800
core   0: 0x800090de (0x00004105) c.li    sp, 1
core   0: 3 0x800090de (0x4105) x2  0x00000001
core   0: 0x800090e0 (0x93c54f37) lui     t5, 0x93c54
core   0: 3 0x800090e0 (0x93c54f37) x30 0x93c54000
core   0: 0x800090e4 (0x029132b3) mulhu   t0, sp, s1
core   0: 3 0x800090e4 (0x029132b3) x5  0x00000000
core   0: 0x800090e8 (0xe449ef13) ori     t5, s3, -444
core   0: 3 0x800090e8 (0xe449ef13) x30 0xfffffe67
core   0: 0x800090ec (0x000010f5) c.addi  ra, -3
core   0: 3 0x800090ec (0x10f5) x1  0xfffffffe
core   0: 0x800090ee (0xd65a9517) auipc   a0, 0xd65a9
core   0: 3 0x800090ee (0xd65a9517) x10 0x565b20ee
core   0: 0x800090f2 (0x000046a1) c.li    a3, 8
core   0: 3 0x800090f2 (0x46a1) x13 0x00000008
core   0: 0x800090f4 (0x00004e09) c.li    t3, 2
core   0: 3 0x800090f4 (0x4e09) x28 0x00000002
core   0: 0x800090f6 (0x00009d32) c.add   s10, a2
core   0: 3 0x800090f6 (0x9d32) x26 0x00005001
core   0: 0x800090f8 (0x00000001) c.nop
core   0: 3 0x800090f8 (0x0001)
core   0: 0x800090fa (0x03207d33) remu    s10, zero, s2
core   0: 3 0x800090fa (0x03207d33) x26 0x00000000
core   0: 0x800090fe (0x000016e1) c.addi  a3, -8
core   0: 3 0x800090fe (0x16e1) x13 0x00000000
core   0: 0x80009100 (0x00009d62) c.add   s10, s8
core   0: 3 0x80009100 (0x9d62) x26 0x80025e8c
core   0: 0x80009102 (0xffc6dbe3) bge     a3, t3, pc - 10
core   0: 3 0x80009102 (0xffc6dbe3)
core   0: 0x80009106 (0x02df3cb3) mulhu   s9, t5, a3
core   0: 3 0x80009106 (0x02df3cb3) x25 0x00000000
core   0: 0x8000910a (0xfc20dfe3) bge     ra, sp, pc - 34
core   0: 3 0x8000910a (0xfc20dfe3)
core   0: 0x8000910e (0x00008069) c.srli  s0, 26
core   0: 3 0x8000910e (0x8069) x8  0x00000000
core   0: 0x80009110 (0x00004409) c.li    s0, 2
core   0: 3 0x80009110 (0x4409) x8  0x00000002
core   0: 0x80009112 (0x0000812d) c.srli  a0, 11
core   0: 3 0x80009112 (0x812d) x10 0x000acb64
core   0: 0x80009114 (0x3b82c713) xori    a4, t0, 952
core   0: 3 0x80009114 (0x3b82c713) x14 0x000003b8
core   0: 0x80009118 (0x005300b3) add     ra, t1, t0
core   0: 3 0x80009118 (0x005300b3) x1  0x00000000
core   0: 0x8000911c (0x01fb9613) slli    a2, s7, 31
core   0: 3 0x8000911c (0x01fb9613) x12 0x00000000
core   0: 0x80009120 (0x0345b633) mulhu   a2, a1, s4
core   0: 3 0x80009120 (0x0345b633) x12 0x00000000
core   0: 0x80009124 (0x00004ca5) c.li    s9, 9
core   0: 3 0x80009124 (0x4ca5) x25 0x00000009
core   0: 0x80009126 (0x3ecd5637) lui     a2, 0x3ecd5
core   0: 3 0x80009126 (0x3ecd5637) x12 0x3ecd5000
core   0: 0x8000912a (0xea84ed93) ori     s11, s1, -344
core   0: 3 0x8000912a (0xea84ed93) x27 0xfffffea8
core   0: 0x8000912e (0x00008d59) c.or    a0, a4
core   0: 3 0x8000912e (0x8d59) x10 0x000acbfc
core   0: 0x80009130 (0x000054fd) c.li    s1, -1
core   0: 3 0x80009130 (0x54fd) x9  0xffffffff
core   0: 0x80009132 (0x70f03197) auipc   gp, 0x70f03
core   0: 3 0x80009132 (0x70f03197) x3  0xf0f0c132
core   0: 0x80009136 (0x0000041d) c.addi  s0, 7
core   0: 3 0x80009136 (0x041d) x8  0x00000009
core   0: 0x80009138 (0x18038a93) addi    s5, t2, 384
core   0: 3 0x80009138 (0x18038a93) x21 0xfffff980
core   0: 0x8000913c (0x00000506) c.slli  a0, 1
core   0: 3 0x8000913c (0x0506) x10 0x001597f8
core   0: 0x8000913e (0x4075d833) sra     a6, a1, t2
core   0: 3 0x8000913e (0x4075d833) x16 0x00000011
core   0: 0x80009142 (0x000046a5) c.li    a3, 9
core   0: 3 0x80009142 (0x46a5) x13 0x00000009
core   0: 0x80009144 (0xb281fd13) andi    s10, gp, -1240
core   0: 3 0x80009144 (0xb281fd13) x26 0xf0f0c120
core   0: 0x80009148 (0x00000001) c.nop
core   0: 3 0x80009148 (0x0001)
core   0: 0x8000914a (0x03945233) divu    tp, s0, s9
core   0: 3 0x8000914a (0x03945233) x4  0x00000001
core   0: 0x8000914e (0x02695e33) divu    t3, s2, t1
core   0: 3 0x8000914e (0x02695e33) x28 0xffffffff
core   0: 0x80009152 (0x47bfce13) xori    t3, t6, 1147
core   0: 3 0x80009152 (0x47bfce13) x28 0x8002995f
core   0: 0x80009156 (0x00008f3e) c.mv    t5, a5
core   0: 3 0x80009156 (0x8f3e) x30 0x20020903
core   0: 0x80009158 (0x000016dd) c.addi  a3, -9
core   0: 3 0x80009158 (0x16dd) x13 0x00000000
core   0: 0x8000915a (0x0000fee5) c.bnez  a3, pc - 8
core   0: 3 0x8000915a (0xfee5)
core   0: 0x8000915c (0x0081e1b3) or      gp, gp, s0
core   0: 3 0x8000915c (0x0081e1b3) x3  0xf0f0c13b
core   0: 0x80009160 (0xfd9407e3) beq     s0, s9, pc - 50
core   0: 3 0x80009160 (0xfd9407e3)
core   0: 0x8000912e (0x00008d59) c.or    a0, a4
core   0: 3 0x8000912e (0x8d59) x10 0x001597f8
core   0: 0x80009130 (0x000054fd) c.li    s1, -1
core   0: 3 0x80009130 (0x54fd) x9  0xffffffff
core   0: 0x80009132 (0x70f03197) auipc   gp, 0x70f03
core   0: 3 0x80009132 (0x70f03197) x3  0xf0f0c132
core   0: 0x80009136 (0x0000041d) c.addi  s0, 7
core   0: 3 0x80009136 (0x041d) x8  0x00000010
core   0: 0x80009138 (0x18038a93) addi    s5, t2, 384
core   0: 3 0x80009138 (0x18038a93) x21 0xfffff980
core   0: 0x8000913c (0x00000506) c.slli  a0, 1
core   0: 3 0x8000913c (0x0506) x10 0x002b2ff0
core   0: 0x8000913e (0x4075d833) sra     a6, a1, t2
core   0: 3 0x8000913e (0x4075d833) x16 0x00000011
core   0: 0x80009142 (0x000046a5) c.li    a3, 9
core   0: 3 0x80009142 (0x46a5) x13 0x00000009
core   0: 0x80009144 (0xb281fd13) andi    s10, gp, -1240
core   0: 3 0x80009144 (0xb281fd13) x26 0xf0f0c120
core   0: 0x80009148 (0x00000001) c.nop
core   0: 3 0x80009148 (0x0001)
core   0: 0x8000914a (0x03945233) divu    tp, s0, s9
core   0: 3 0x8000914a (0x03945233) x4  0x00000001
core   0: 0x8000914e (0x02695e33) divu    t3, s2, t1
core   0: 3 0x8000914e (0x02695e33) x28 0xffffffff
core   0: 0x80009152 (0x47bfce13) xori    t3, t6, 1147
core   0: 3 0x80009152 (0x47bfce13) x28 0x8002995f
core   0: 0x80009156 (0x00008f3e) c.mv    t5, a5
core   0: 3 0x80009156 (0x8f3e) x30 0x20020903
core   0: 0x80009158 (0x000016dd) c.addi  a3, -9
core   0: 3 0x80009158 (0x16dd) x13 0x00000000
core   0: 0x8000915a (0x0000fee5) c.bnez  a3, pc - 8
core   0: 3 0x8000915a (0xfee5)
core   0: 0x8000915c (0x0081e1b3) or      gp, gp, s0
core   0: 3 0x8000915c (0x0081e1b3) x3  0xf0f0c132
core   0: 0x80009160 (0xfd9407e3) beq     s0, s9, pc - 50
core   0: 3 0x80009160 (0xfd9407e3)
core   0: 0x80009164 (0x00001784) c.addi4spn s1, sp, 992
core   0: 3 0x80009164 (0x1784) x9  0x000003e1
core   0: 0x80009166 (0x016000ef) jal     pc + 0x16
core   0: 3 0x80009166 (0x016000ef) x1  0x8000916a
core   0: 0x8000917c (0x0000bfdd) c.j     pc - 10
core   0: 3 0x8000917c (0xbfdd)
core   0: 0x80009172 (0x00003fe5) c.jal   pc - 8
core   0: 3 0x80009172 (0x3fe5) x1  0x80009174
core   0: 0x8000916a (0x010001ef) jal     gp, pc + 0x10
core   0: 3 0x8000916a (0x010001ef) x3  0x8000916e
core   0: 0x8000917a (0x00002021) c.jal   pc + 8
core   0: 3 0x8000917a (0x2021) x1  0x8000917c
core   0: 0x80009182 (0x01c000ef) jal     pc + 0x1c
core   0: 3 0x80009182 (0x01c000ef) x1  0x80009186
core   0: 0x8000919e (0x00003fe1) c.jal   pc - 40
core   0: 3 0x8000919e (0x3fe1) x1  0x800091a0
core   0: 0x80009176 (0x00800aef) jal     s5, pc + 0x8
core   0: 3 0x80009176 (0x00800aef) x21 0x8000917a
core   0: 0x8000917e (0x00c0056f) jal     a0, pc + 0xc
core   0: 3 0x8000917e (0x00c0056f) x10 0x80009182
core   0: 0x8000918a (0x00002809) c.jal   pc + 18
core   0: 3 0x8000918a (0x2809) x1  0x8000918c
core   0: 0x8000919c (0x00003fdd) c.jal   pc - 10
core   0: 3 0x8000919c (0x3fdd) x1  0x8000919e
core   0: 0x80009192 (0x00400def) jal     s11, pc + 0x4
core   0: 3 0x80009192 (0x00400def) x27 0x80009196
core   0: 0x80009196 (0xffbff0ef) jal     pc - 0x6
core   0: 3 0x80009196 (0xffbff0ef) x1  0x8000919a
core   0: 0x80009190 (0x00003ffd) c.jal   pc - 2
core   0: 3 0x80009190 (0x3ffd) x1  0x80009192
core   0: 0x8000918e (0x000037c5) c.jal   pc - 32
core   0: 3 0x8000918e (0x37c5) x1  0x80009190
core   0: 0x8000916e (0x02c006ef) jal     a3, pc + 0x2c
core   0: 3 0x8000916e (0x02c006ef) x13 0x80009172
core   0: 0x8000919a (0x0000b7fd) c.j     pc - 18
core   0: 3 0x8000919a (0xb7fd)
core   0: 0x80009188 (0x00002011) c.jal   pc + 4
core   0: 3 0x80009188 (0x2011) x1  0x8000918a
core   0: 0x8000918c (0x00003fed) c.jal   pc - 6
core   0: 3 0x8000918c (0x3fed) x1  0x8000918e
core   0: 0x80009186 (0x000037fd) c.jal   pc - 18
core   0: 3 0x80009186 (0x37fd) x1  0x80009188
core   0: 0x80009174 (0x00002035) c.jal   pc + 44
core   0: 3 0x80009174 (0x2035) x1  0x80009176
core   0: 0x800091a0 (0x004000ef) jal     pc + 0x4
core   0: 3 0x800091a0 (0x004000ef) x1  0x800091a4
core   0: 0x800091a4 (0x00008c3d) c.xor   s0, a5
core   0: 3 0x800091a4 (0x8c3d) x8  0x20020913
core   0: 0x800091a6 (0x00011117) auipc   sp, 0x11
core   0: 3 0x800091a6 (0x00011117) x2  0x8001a1a6
core   0: 0x800091aa (0x4fa10113) addi    sp, sp, 1274
core   0: 3 0x800091aa (0x4fa10113) x2  0x8001a6a0
core   0: 0x800091ae (0x03a4b2b3) mulhu   t0, s1, s10
core   0: 3 0x800091ae (0x03a4b2b3) x5  0x000003a6
core   0: 0x800091b2 (0x000084e1) c.srai  s1, 24
core   0: 3 0x800091b2 (0x84e1) x9  0x00000000
core   0: 0x800091b4 (0xf5a10d83) lb      s11, -166(sp)
core   0: 3 0x800091b4 (0xf5a10d83) x27 0xffffffca mem 0x8001a5fa
core   0: 0x800091b8 (0xca713017) auipc   zero, 0xca713
core   0: 3 0x800091b8 (0xca713017)
core   0: 0x800091bc (0x417bd433) sra     s0, s7, s7
core   0: 3 0x800091bc (0x417bd433) x8  0x00000000
core   0: 0x800091c0 (0x007f9b93) slli    s7, t6, 7
core   0: 3 0x800091c0 (0x007f9b93) x23 0x014e9200
core   0: 0x800091c4 (0xfc912023) sw      s1, -64(sp)
core   0: 3 0x800091c4 (0xfc912023) mem 0x8001a660 0x00000000
core   0: 0x800091c8 (0x00001dfd) c.addi  s11, -1
core   0: 3 0x800091c8 (0x1dfd) x27 0xffffffc9
core   0: 0x800091ca (0x03d38833) mul     a6, t2, t4
core   0: 3 0x800091ca (0x03d38833) x16 0xffffc000
core   0: 0x800091ce (0xf7f10b83) lb      s7, -129(sp)
core   0: 3 0x800091ce (0xf7f10b83) x23 0x0000003b mem 0x8001a61f
core   0: 0x800091d2 (0x0252ae33) mulhsu  t3, t0, t0
core   0: 3 0x800091d2 (0x0252ae33) x28 0x00000000
core   0: 0x800091d6 (0x00000001) c.nop
core   0: 3 0x800091d6 (0x0001)
core   0: 0x800091d8 (0xf0710883) lb      a7, -249(sp)
core   0: 3 0x800091d8 (0xf0710883) x17 0x00000058 mem 0x8001a5a7
core   0: 0x800091dc (0x1e8a0237) lui     tp, 0x1e8a0
core   0: 3 0x800091dc (0x1e8a0237) x4  0x1e8a0000
core   0: 0x800091e0 (0x00008ecd) c.or    a3, a1
core   0: 3 0x800091e0 (0x8ecd) x13 0x80009173
core   0: 0x800091e2 (0x02d14b83) lbu     s7, 45(sp)
core   0: 3 0x800091e2 (0x02d14b83) x23 0x00000097 mem 0x8001a6cd
core   0: 0x800091e6 (0x00008c45) c.or    s0, s1
core   0: 3 0x800091e6 (0x8c45) x8  0x00000000
core   0: 0x800091e8 (0x01f45213) srli    tp, s0, 31
core   0: 3 0x800091e8 (0x01f45213) x4  0x00000000
core   0: 0x800091ec (0x4851b637) lui     a2, 0x4851b
core   0: 3 0x800091ec (0x4851b637) x12 0x4851b000
core   0: 0x800091f0 (0x00782333) slt     t1, a6, t2
core   0: 3 0x800091f0 (0x00782333) x6  0x00000001
core   0: 0x800091f4 (0x00008db1) c.xor   a1, a2
core   0: 3 0x800091f4 (0x8db1) x11 0x4851b011
core   0: 0x800091f6 (0x4027d1b3) sra     gp, a5, sp
core   0: 3 0x800091f6 (0x4027d1b3) x3  0x20020903
core   0: 0x800091fa (0xf6310303) lb      t1, -157(sp)
core   0: 3 0x800091fa (0xf6310303) x6  0xffffff9c mem 0x8001a603
core   0: 0x800091fe (0x0d514803) lbu     a6, 213(sp)
core   0: 3 0x800091fe (0x0d514803) x16 0x000000f6 mem 0x8001a775
core   0: 0x80009202 (0xfd314b03) lbu     s6, -45(sp)
core   0: 3 0x80009202 (0xfd314b03) x22 0x00000068 mem 0x8001a673
core   0: 0x80009206 (0xff614b03) lbu     s6, -10(sp)
core   0: 3 0x80009206 (0xff614b03) x22 0x00000063 mem 0x8001a696
core   0: 0x8000920a (0x0f110383) lb      t2, 241(sp)
core   0: 3 0x8000920a (0x0f110383) x7  0x0000003e mem 0x8001a791
core   0: 0x8000920e (0x026770b3) remu    ra, a4, t1
core   0: 3 0x8000920e (0x026770b3) x1  0x000003b8
core   0: 0x80009212 (0x08714603) lbu     a2, 135(sp)
core   0: 3 0x80009212 (0x08714603) x12 0x000000e8 mem 0x8001a727
core   0: 0x80009216 (0xa3a3c893) xori    a7, t2, -1478
core   0: 3 0x80009216 (0xa3a3c893) x17 0xfffffa04
core   0: 0x8000921a (0x06d10383) lb      t2, 109(sp)
core   0: 3 0x8000921a (0x06d10383) x7  0x0000000a mem 0x8001a70d
core   0: 0x8000921e (0xf4410f23) sb      tp, -162(sp)
core   0: 3 0x8000921e (0xf4410f23) mem 0x8001a5fe 0x00
core   0: 0x80009222 (0x00009897) auipc   a7, 0x9
core   0: 3 0x80009222 (0x00009897) x17 0x80012222
core   0: 0x80009226 (0x76688893) addi    a7, a7, 1894
core   0: 3 0x80009226 (0x76688893) x17 0x80012988
core   0: 0x8000922a (0x3bcb4d13) xori    s10, s6, 956
core   0: 3 0x8000922a (0x3bcb4d13) x26 0x000003df
core   0: 0x8000922e (0xff488323) sb      s4, -26(a7)
core   0: 3 0x8000922e (0xff488323) mem 0x8001296e 0x00
core   0: 0x80009232 (0x0128d203) lhu     tp, 18(a7)
core   0: 3 0x80009232 (0x0128d203) x4  0x0000e7a0 mem 0x8001299a
core   0: 0x80009236 (0x032a2433) mulhsu  s0, s4, s2
core   0: 3 0x80009236 (0x032a2433) x8  0x00000000
core   0: 0x8000923a (0x00388323) sb      gp, 6(a7)
core   0: 3 0x8000923a (0x00388323) mem 0x8001298e 0x03
core   0: 0x8000923e (0xfcc88da3) sb      a2, -37(a7)
core   0: 3 0x8000923e (0xfcc88da3) mem 0x80012963 0xe8
core   0: 0x80009242 (0x02580333) mul     t1, a6, t0
core   0: 3 0x80009242 (0x02580333) x6  0x00038184
core   0: 0x80009246 (0x0148d303) lhu     t1, 20(a7)
core   0: 3 0x80009246 (0x0148d303) x6  0x0000bbf0 mem 0x8001299c
core   0: 0x8000924a (0x000085f9) c.srai  a1, 30
core   0: 3 0x8000924a (0x85f9) x11 0x00000001
core   0: 0x8000924c (0xdd082593) slti    a1, a6, -560
core   0: 3 0x8000924c (0xdd082593) x11 0x00000000
core   0: 0x80009250 (0xfd888983) lb      s3, -40(a7)
core   0: 3 0x80009250 (0xfd888983) x19 0xffffff93 mem 0x80012960
core   0: 0x80009254 (0xfc98c703) lbu     a4, -55(a7)
core   0: 3 0x80009254 (0xfc98c703) x14 0x00000053 mem 0x80012951
core   0: 0x80009258 (0x40415993) srai    s3, sp, 4
core   0: 3 0x80009258 (0x40415993) x19 0xf8001a6a
core   0: 0x8000925c (0xfda88ca3) sb      s10, -39(a7)
core   0: 3 0x8000925c (0xfda88ca3) mem 0x80012961 0xdf
core   0: 0x80009260 (0x019881a3) sb      s9, 3(a7)
core   0: 3 0x80009260 (0x019881a3) mem 0x8001298b 0x09
core   0: 0x80009264 (0x8a6c2993) slti    s3, s8, -1882
core   0: 3 0x80009264 (0x8a6c2993) x19 0x00000001
core   0: 0x80009268 (0x0308db03) lhu     s6, 48(a7)
core   0: 3 0x80009268 (0x0308db03) x22 0x000097fa mem 0x800129b8
core   0: 0x8000926c (0x00b80b33) add     s6, a6, a1
core   0: 3 0x8000926c (0x00b80b33) x22 0x000000f6
core   0: 0x80009270 (0x02589623) sh      t0, 44(a7)
core   0: 3 0x80009270 (0x02589623) mem 0x800129b4 0x03a6
core   0: 0x80009274 (0xfd28d583) lhu     a1, -46(a7)
core   0: 3 0x80009274 (0xfd28d583) x11 0x00009649 mem 0x8001295a
core   0: 0x80009278 (0xfe58c583) lbu     a1, -27(a7)
core   0: 3 0x80009278 (0xfe58c583) x11 0x000000fe mem 0x8001296d
core   0: 0x8000927c (0xfe288103) lb      sp, -30(a7)
core   0: 3 0x8000927c (0xfe288103) x2  0xffffffea mem 0x8001296a
core   0: 0x80009280 (0x00008e2d) c.xor   a2, a1
core   0: 3 0x80009280 (0x8e2d) x12 0x00000016
core   0: 0x80009282 (0x00000b3e) c.slli  s6, 15
core   0: 3 0x80009282 (0x0b3e) x22 0x007b0000
core   0: 0x80009284 (0xfdb8c383) lbu     t2, -37(a7)
core   0: 3 0x80009284 (0xfdb8c383) x7  0x000000e8 mem 0x80012963
core   0: 0x80009288 (0x018883a3) sb      s8, 7(a7)
core   0: 3 0x80009288 (0x018883a3) mem 0x8001298f 0x8c
core   0: 0x8000928c (0x00000001) c.nop
core   0: 3 0x8000928c (0x0001)
core   0: 0x8000928e (0x019bbe33) sltu    t3, s7, s9
core   0: 3 0x8000928e (0x019bbe33) x28 0x00000000
core   0: 0x80009292 (0x034880a3) sb      s4, 33(a7)
core   0: 3 0x80009292 (0x034880a3) mem 0x800129a9 0x00
core   0: 0x80009296 (0x00001408) c.addi4spn a0, sp, 544
core   0: 3 0x80009296 (0x1408) x10 0x0000020a
core   0: 0x80009298 (0x03b5aab3) mulhsu  s5, a1, s11
core   0: 3 0x80009298 (0x03b5aab3) x21 0x000000fd
core   0: 0x8000929c (0x030d8633) mul     a2, s11, a6
core   0: 3 0x8000929c (0x030d8633) x12 0xffffcb26
core   0: 0x800092a0 (0x01a88383) lb      t2, 26(a7)
core   0: 3 0x800092a0 (0x01a88383) x7  0xffffffe2 mem 0x800129a2
core   0: 0x800092a4 (0x009882a3) sb      s1, 5(a7)
core   0: 3 0x800092a4 (0x009882a3) mem 0x8001298d 0x00
core   0: 0x800092a8 (0x03189023) sh      a7, 32(a7)
core   0: 3 0x800092a8 (0x03189023) mem 0x800129a8 0x2988
core   0: 0x800092ac (0xfd289d23) sh      s2, -38(a7)
core   0: 3 0x800092ac (0xfd289d23) mem 0x80012962 0x0000
core   0: 0x800092b0 (0x0128db03) lhu     s6, 18(a7)
core   0: 3 0x800092b0 (0x0128db03) x22 0x0000e7a0 mem 0x8001299a
core   0: 0x800092b4 (0x02c88d03) lb      s10, 44(a7)
core   0: 3 0x800092b4 (0x02c88d03) x26 0xffffffa6 mem 0x800129b4
core   0: 0x800092b8 (0xfcd88083) lb      ra, -51(a7)
core   0: 3 0x800092b8 (0xfcd88083) x1  0x00000056 mem 0x80012955
core   0: 0x800092bc (0x00007117) auipc   sp, 0x7
core   0: 3 0x800092bc (0x00007117) x2  0x800102bc
core   0: 0x800092c0 (0xf8810113) addi    sp, sp, -120
core   0: 3 0x800092c0 (0xf8810113) x2  0x80010244
core   0: 0x800092c4 (0x00008d15) c.sub   a0, a3
core   0: 3 0x800092c4 (0x8d15) x10 0x7fff7097
core   0: 0x800092c6 (0x0f810503) lb      a0, 248(sp)
core   0: 3 0x800092c6 (0x0f810503) x10 0x00000029 mem 0x8001033c
core   0: 0x800092ca (0x0eb10983) lb      s3, 235(sp)
core   0: 3 0x800092ca (0x0eb10983) x19 0x00000000 mem 0x8001032f
core   0: 0x800092ce (0xf2611503) lh      a0, -218(sp)
core   0: 3 0x800092ce (0xf2611503) x10 0x0000164c mem 0x8001016a
core   0: 0x800092d2 (0x0000597d) c.li    s2, -1
core   0: 3 0x800092d2 (0x597d) x18 0xffffffff
core   0: 0x800092d4 (0x033a6a33) rem     s4, s4, s3
core   0: 3 0x800092d4 (0x033a6a33) x20 0x00000000
core   0: 0x800092d8 (0x03245933) divu    s2, s0, s2
core   0: 3 0x800092d8 (0x03245933) x18 0x00000000
core   0: 0x800092dc (0x0ed109a3) sb      a3, 243(sp)
core   0: 3 0x800092dc (0x0ed109a3) mem 0x80010337 0x73
core   0: 0x800092e0 (0x2e66a693) slti    a3, a3, 742
core   0: 3 0x800092e0 (0x2e66a693) x13 0x00000001
core   0: 0x800092e4 (0x01615983) lhu     s3, 22(sp)
core   0: 3 0x800092e4 (0x01615983) x19 0x00001e63 mem 0x8001025a
core   0: 0x800092e8 (0x0000057a) c.slli  a0, 30
core   0: 3 0x800092e8 (0x057a) x10 0x00000000
core   0: 0x800092ea (0x00008eb5) c.xor   a3, a3
core   0: 3 0x800092ea (0x8eb5) x13 0x00000000
core   0: 0x800092ec (0xf8510683) lb      a3, -123(sp)
core   0: 3 0x800092ec (0xf8510683) x13 0xffffffd9 mem 0x800101c9
core   0: 0x800092f0 (0x0000deaa) c.swsp  a0, 124(sp)
core   0: 3 0x800092f0 (0xdeaa) mem 0x800102c0 0x00000000
core   0: 0x800092f2 (0x00d6f9b3) and     s3, a3, a3
core   0: 3 0x800092f2 (0x00d6f9b3) x19 0xffffffd9
core   0: 0x800092f6 (0x00008d55) c.or    a0, a3
core   0: 3 0x800092f6 (0x8d55) x10 0xffffffd9
core   0: 0x800092f8 (0x00008ed5) c.or    a3, a3
core   0: 3 0x800092f8 (0x8ed5) x13 0xffffffd9
core   0: 0x800092fa (0x09310da3) sb      s3, 155(sp)
core   0: 3 0x800092fa (0x09310da3) mem 0x800102df 0xd9
core   0: 0x800092fe (0xf7d10403) lb      s0, -131(sp)
core   0: 3 0x800092fe (0xf7d10403) x8  0x0000005b mem 0x800101c1
core   0: 0x80009302 (0x02856533) rem     a0, a0, s0
core   0: 3 0x80009302 (0x02856533) x10 0xffffffd9
core   0: 0x80009306 (0x00008ec1) c.or    a3, s0
core   0: 3 0x80009306 (0x8ec1) x13 0xffffffdb
core   0: 0x80009308 (0x00a44933) xor     s2, s0, a0
core   0: 3 0x80009308 (0x00a44933) x18 0xffffff82
core   0: 0x8000930c (0xf0d10aa3) sb      a3, -235(sp)
core   0: 3 0x8000930c (0xf0d10aa3) mem 0x80010159 0xdb
core   0: 0x80009310 (0x08d11c23) sh      a3, 152(sp)
core   0: 3 0x80009310 (0x08d11c23) mem 0x800102dc 0xffdb
core   0: 0x80009314 (0xffd14a03) lbu     s4, -3(sp)
core   0: 3 0x80009314 (0xffd14a03) x20 0x0000000c mem 0x80010241
core   0: 0x80009318 (0x8ede1a37) lui     s4, 0x8ede1
core   0: 3 0x80009318 (0x8ede1a37) x20 0x8ede1000
core   0: 0x8000931c (0x0bd10903) lb      s2, 189(sp)
core   0: 3 0x8000931c (0x0bd10903) x18 0x00000036 mem 0x80010301
core   0: 0x80009320 (0x00005be9) c.li    s7, -6
core   0: 3 0x80009320 (0x5be9) x23 0xfffffffa
core   0: 0x80009322 (0x00baef33) or      t5, s5, a1
core   0: 3 0x80009322 (0x00baef33) x30 0x000000ff
core   0: 0x80009326 (0x025287b3) mul     a5, t0, t0
core   0: 3 0x80009326 (0x025287b3) x15 0x000d4fa4
core   0: 0x8000932a (0x00006149) c.addi16sp sp, 144
core   0: 3 0x8000932a (0x6149) x2  0x800102d4
core   0: 0x8000932c (0xfcbcc7b7) lui     a5, 0xfcbcc
core   0: 3 0x8000932c (0xfcbcc7b7) x15 0xfcbcc000
core   0: 0x80009330 (0x00005951) c.li    s2, -12
core   0: 3 0x80009330 (0x5951) x18 0xfffffff4
core   0: 0x80009332 (0x000063e9) c.lui   t2, 0x1a
core   0: 3 0x80009332 (0x63e9) x7  0x0001a000
core   0: 0x80009334 (0x00001be9) c.addi  s7, -6
core   0: 3 0x80009334 (0x1be9) x23 0xfffffff4
core   0: 0x80009336 (0x02d8ca33) div     s4, a7, a3
core   0: 3 0x80009336 (0x02d8ca33) x20 0x03759718
core   0: 0x8000933a (0x8324b637) lui     a2, 0x8324b
core   0: 3 0x8000933a (0x8324b637) x12 0x8324b000
core   0: 0x8000933e (0x000081a5) c.srli  a1, 9
core   0: 3 0x8000933e (0x81a5) x11 0x00000000
core   0: 0x80009340 (0x00004aa9) c.li    s5, 10
core   0: 3 0x80009340 (0x4aa9) x21 0x0000000a
core   0: 0x80009342 (0x0000717d) c.addi16sp sp, -16
core   0: 3 0x80009342 (0x717d) x2  0x800102c4
core   0: 0x80009344 (0x01059293) slli    t0, a1, 16
core   0: 3 0x80009344 (0x01059293) x5  0x00000000
core   0: 0x80009348 (0x00005249) c.li    tp, -14
core   0: 3 0x80009348 (0x5249) x4  0xfffffff2
core   0: 0x8000934a (0x000062e9) c.lui   t0, 0x1a
core   0: 3 0x8000934a (0x62e9) x5  0x0001a000
core   0: 0x8000934c (0x00005f7d) c.li    t5, -1
core   0: 3 0x8000934c (0x5f7d) x30 0xffffffff
core   0: 0x8000934e (0x4015d533) sra     a0, a1, ra
core   0: 3 0x8000934e (0x4015d533) x10 0x00000000
core   0: 0x80009352 (0x00001af5) c.addi  s5, -3
core   0: 3 0x80009352 (0x1af5) x21 0x00000007
core   0: 0x80009354 (0x00006661) c.lui   a2, 0x18
core   0: 3 0x80009354 (0x6661) x12 0x00018000
core   0: 0x80009356 (0x00008ea9) c.xor   a3, a0
core   0: 3 0x80009356 (0x8ea9) x13 0xffffffdb
core   0: 0x80009358 (0x00008c91) c.sub   s1, a2
core   0: 3 0x80009358 (0x8c91) x9  0xfffe8000
core   0: 0x8000935a (0xfe4ad9e3) bge     s5, tp, pc - 14
core   0: 3 0x8000935a (0xfe4ad9e3)
core   0: 0x8000934c (0x00005f7d) c.li    t5, -1
core   0: 3 0x8000934c (0x5f7d) x30 0xffffffff
core   0: 0x8000934e (0x4015d533) sra     a0, a1, ra
core   0: 3 0x8000934e (0x4015d533) x10 0x00000000
core   0: 0x80009352 (0x00001af5) c.addi  s5, -3
core   0: 3 0x80009352 (0x1af5) x21 0x00000004
core   0: 0x80009354 (0x00006661) c.lui   a2, 0x18
core   0: 3 0x80009354 (0x6661) x12 0x00018000
core   0: 0x80009356 (0x00008ea9) c.xor   a3, a0
core   0: 3 0x80009356 (0x8ea9) x13 0xffffffdb
core   0: 0x80009358 (0x00008c91) c.sub   s1, a2
core   0: 3 0x80009358 (0x8c91) x9  0xfffd0000
core   0: 0x8000935a (0xfe4ad9e3) bge     s5, tp, pc - 14
core   0: 3 0x8000935a (0xfe4ad9e3)
core   0: 0x8000934c (0x00005f7d) c.li    t5, -1
core   0: 3 0x8000934c (0x5f7d) x30 0xffffffff
core   0: 0x8000934e (0x4015d533) sra     a0, a1, ra
core   0: 3 0x8000934e (0x4015d533) x10 0x00000000
core   0: 0x80009352 (0x00001af5) c.addi  s5, -3
core   0: 3 0x80009352 (0x1af5) x21 0x00000001
core   0: 0x80009354 (0x00006661) c.lui   a2, 0x18
core   0: 3 0x80009354 (0x6661) x12 0x00018000
core   0: 0x80009356 (0x00008ea9) c.xor   a3, a0
core   0: 3 0x80009356 (0x8ea9) x13 0xffffffdb
core   0: 0x80009358 (0x00008c91) c.sub   s1, a2
core   0: 3 0x80009358 (0x8c91) x9  0xfffb8000
core   0: 0x8000935a (0xfe4ad9e3) bge     s5, tp, pc - 14
core   0: 3 0x8000935a (0xfe4ad9e3)
core   0: 0x8000934c (0x00005f7d) c.li    t5, -1
core   0: 3 0x8000934c (0x5f7d) x30 0xffffffff
core   0: 0x8000934e (0x4015d533) sra     a0, a1, ra
core   0: 3 0x8000934e (0x4015d533) x10 0x00000000
core   0: 0x80009352 (0x00001af5) c.addi  s5, -3
core   0: 3 0x80009352 (0x1af5) x21 0xfffffffe
core   0: 0x80009354 (0x00006661) c.lui   a2, 0x18
core   0: 3 0x80009354 (0x6661) x12 0x00018000
core   0: 0x80009356 (0x00008ea9) c.xor   a3, a0
core   0: 3 0x80009356 (0x8ea9) x13 0xffffffdb
core   0: 0x80009358 (0x00008c91) c.sub   s1, a2
core   0: 3 0x80009358 (0x8c91) x9  0xfffa0000
core   0: 0x8000935a (0xfe4ad9e3) bge     s5, tp, pc - 14
core   0: 3 0x8000935a (0xfe4ad9e3)
core   0: 0x8000934c (0x00005f7d) c.li    t5, -1
core   0: 3 0x8000934c (0x5f7d) x30 0xffffffff
core   0: 0x8000934e (0x4015d533) sra     a0, a1, ra
core   0: 3 0x8000934e (0x4015d533) x10 0x00000000
core   0: 0x80009352 (0x00001af5) c.addi  s5, -3
core   0: 3 0x80009352 (0x1af5) x21 0xfffffffb
core   0: 0x80009354 (0x00006661) c.lui   a2, 0x18
core   0: 3 0x80009354 (0x6661) x12 0x00018000
core   0: 0x80009356 (0x00008ea9) c.xor   a3, a0
core   0: 3 0x80009356 (0x8ea9) x13 0xffffffdb
core   0: 0x80009358 (0x00008c91) c.sub   s1, a2
core   0: 3 0x80009358 (0x8c91) x9  0xfff88000
core   0: 0x8000935a (0xfe4ad9e3) bge     s5, tp, pc - 14
core   0: 3 0x8000935a (0xfe4ad9e3)
core   0: 0x8000934c (0x00005f7d) c.li    t5, -1
core   0: 3 0x8000934c (0x5f7d) x30 0xffffffff
core   0: 0x8000934e (0x4015d533) sra     a0, a1, ra
core   0: 3 0x8000934e (0x4015d533) x10 0x00000000
core   0: 0x80009352 (0x00001af5) c.addi  s5, -3
core   0: 3 0x80009352 (0x1af5) x21 0xfffffff8
core   0: 0x80009354 (0x00006661) c.lui   a2, 0x18
core   0: 3 0x80009354 (0x6661) x12 0x00018000
core   0: 0x80009356 (0x00008ea9) c.xor   a3, a0
core   0: 3 0x80009356 (0x8ea9) x13 0xffffffdb
core   0: 0x80009358 (0x00008c91) c.sub   s1, a2
core   0: 3 0x80009358 (0x8c91) x9  0xfff70000
core   0: 0x8000935a (0xfe4ad9e3) bge     s5, tp, pc - 14
core   0: 3 0x8000935a (0xfe4ad9e3)
core   0: 0x8000934c (0x00005f7d) c.li    t5, -1
core   0: 3 0x8000934c (0x5f7d) x30 0xffffffff
core   0: 0x8000934e (0x4015d533) sra     a0, a1, ra
core   0: 3 0x8000934e (0x4015d533) x10 0x00000000
core   0: 0x80009352 (0x00001af5) c.addi  s5, -3
core   0: 3 0x80009352 (0x1af5) x21 0xfffffff5
core   0: 0x80009354 (0x00006661) c.lui   a2, 0x18
core   0: 3 0x80009354 (0x6661) x12 0x00018000
core   0: 0x80009356 (0x00008ea9) c.xor   a3, a0
core   0: 3 0x80009356 (0x8ea9) x13 0xffffffdb
core   0: 0x80009358 (0x00008c91) c.sub   s1, a2
core   0: 3 0x80009358 (0x8c91) x9  0xfff58000
core   0: 0x8000935a (0xfe4ad9e3) bge     s5, tp, pc - 14
core   0: 3 0x8000935a (0xfe4ad9e3)
core   0: 0x8000934c (0x00005f7d) c.li    t5, -1
core   0: 3 0x8000934c (0x5f7d) x30 0xffffffff
core   0: 0x8000934e (0x4015d533) sra     a0, a1, ra
core   0: 3 0x8000934e (0x4015d533) x10 0x00000000
core   0: 0x80009352 (0x00001af5) c.addi  s5, -3
core   0: 3 0x80009352 (0x1af5) x21 0xfffffff2
core   0: 0x80009354 (0x00006661) c.lui   a2, 0x18
core   0: 3 0x80009354 (0x6661) x12 0x00018000
core   0: 0x80009356 (0x00008ea9) c.xor   a3, a0
core   0: 3 0x80009356 (0x8ea9) x13 0xffffffdb
core   0: 0x80009358 (0x00008c91) c.sub   s1, a2
core   0: 3 0x80009358 (0x8c91) x9  0xfff40000
core   0: 0x8000935a (0xfe4ad9e3) bge     s5, tp, pc - 14
core   0: 3 0x8000935a (0xfe4ad9e3)
core   0: 0x8000934c (0x00005f7d) c.li    t5, -1
core   0: 3 0x8000934c (0x5f7d) x30 0xffffffff
core   0: 0x8000934e (0x4015d533) sra     a0, a1, ra
core   0: 3 0x8000934e (0x4015d533) x10 0x00000000
core   0: 0x80009352 (0x00001af5) c.addi  s5, -3
core   0: 3 0x80009352 (0x1af5) x21 0xffffffef
core   0: 0x80009354 (0x00006661) c.lui   a2, 0x18
core   0: 3 0x80009354 (0x6661) x12 0x00018000
core   0: 0x80009356 (0x00008ea9) c.xor   a3, a0
core   0: 3 0x80009356 (0x8ea9) x13 0xffffffdb
core   0: 0x80009358 (0x00008c91) c.sub   s1, a2
core   0: 3 0x80009358 (0x8c91) x9  0xfff28000
core   0: 0x8000935a (0xfe4ad9e3) bge     s5, tp, pc - 14
core   0: 3 0x8000935a (0xfe4ad9e3)
core   0: 0x8000935e (0xaf24bd93) sltiu   s11, s1, -1294
core   0: 3 0x8000935e (0xaf24bd93) x27 0x00000001
core   0: 0x80009362 (0x00008f55) c.or    a4, a3
core   0: 3 0x80009362 (0x8f55) x14 0xffffffdb
core   0: 0x80009364 (0x00d79393) slli    t2, a5, 13
core   0: 3 0x80009364 (0x00d79393) x7  0x98000000
core   0: 0x80009368 (0x00000518) c.addi4spn a4, sp, 640
core   0: 3 0x80009368 (0x0518) x14 0x80010544
core   0: 0x8000936a (0x0000147d) c.addi  s0, -1
core   0: 3 0x8000936a (0x147d) x8  0x0000005a
core   0: 0x8000936c (0xfd2bd3e3) bge     s7, s2, pc - 58
core   0: 3 0x8000936c (0xfd2bd3e3)
core   0: 0x80009332 (0x000063e9) c.lui   t2, 0x1a
core   0: 3 0x80009332 (0x63e9) x7  0x0001a000
core   0: 0x80009334 (0x00001be9) c.addi  s7, -6
core   0: 3 0x80009334 (0x1be9) x23 0xffffffee
core   0: 0x80009336 (0x02d8ca33) div     s4, a7, a3
core   0: 3 0x80009336 (0x02d8ca33) x20 0x03759718
core   0: 0x8000933a (0x8324b637) lui     a2, 0x8324b
core   0: 3 0x8000933a (0x8324b637) x12 0x8324b000
core   0: 0x8000933e (0x000081a5) c.srli  a1, 9
core   0: 3 0x8000933e (0x81a5) x11 0x00000000
core   0: 0x80009340 (0x00004aa9) c.li    s5, 10
core   0: 3 0x80009340 (0x4aa9) x21 0x0000000a
core   0: 0x80009342 (0x0000717d) c.addi16sp sp, -16
core   0: 3 0x80009342 (0x717d) x2  0x800102b4
core   0: 0x80009344 (0x01059293) slli    t0, a1, 16
core   0: 3 0x80009344 (0x01059293) x5  0x00000000
core   0: 0x80009348 (0x00005249) c.li    tp, -14
core   0: 3 0x80009348 (0x5249) x4  0xfffffff2
core   0: 0x8000934a (0x000062e9) c.lui   t0, 0x1a
core   0: 3 0x8000934a (0x62e9) x5  0x0001a000
core   0: 0x8000934c (0x00005f7d) c.li    t5, -1
core   0: 3 0x8000934c (0x5f7d) x30 0xffffffff
core   0: 0x8000934e (0x4015d533) sra     a0, a1, ra
core   0: 3 0x8000934e (0x4015d533) x10 0x00000000
core   0: 0x80009352 (0x00001af5) c.addi  s5, -3
core   0: 3 0x80009352 (0x1af5) x21 0x00000007
core   0: 0x80009354 (0x00006661) c.lui   a2, 0x18
core   0: 3 0x80009354 (0x6661) x12 0x00018000
core   0: 0x80009356 (0x00008ea9) c.xor   a3, a0
core   0: 3 0x80009356 (0x8ea9) x13 0xffffffdb
core   0: 0x80009358 (0x00008c91) c.sub   s1, a2
core   0: 3 0x80009358 (0x8c91) x9  0xfff10000
core   0: 0x8000935a (0xfe4ad9e3) bge     s5, tp, pc - 14
core   0: 3 0x8000935a (0xfe4ad9e3)
core   0: 0x8000934c (0x00005f7d) c.li    t5, -1
core   0: 3 0x8000934c (0x5f7d) x30 0xffffffff
core   0: 0x8000934e (0x4015d533) sra     a0, a1, ra
core   0: 3 0x8000934e (0x4015d533) x10 0x00000000
core   0: 0x80009352 (0x00001af5) c.addi  s5, -3
core   0: 3 0x80009352 (0x1af5) x21 0x00000004
core   0: 0x80009354 (0x00006661) c.lui   a2, 0x18
core   0: 3 0x80009354 (0x6661) x12 0x00018000
core   0: 0x80009356 (0x00008ea9) c.xor   a3, a0
core   0: 3 0x80009356 (0x8ea9) x13 0xffffffdb
core   0: 0x80009358 (0x00008c91) c.sub   s1, a2
core   0: 3 0x80009358 (0x8c91) x9  0xffef8000
core   0: 0x8000935a (0xfe4ad9e3) bge     s5, tp, pc - 14
core   0: 3 0x8000935a (0xfe4ad9e3)
core   0: 0x8000934c (0x00005f7d) c.li    t5, -1
core   0: 3 0x8000934c (0x5f7d) x30 0xffffffff
core   0: 0x8000934e (0x4015d533) sra     a0, a1, ra
core   0: 3 0x8000934e (0x4015d533) x10 0x00000000
core   0: 0x80009352 (0x00001af5) c.addi  s5, -3
core   0: 3 0x80009352 (0x1af5) x21 0x00000001
core   0: 0x80009354 (0x00006661) c.lui   a2, 0x18
core   0: 3 0x80009354 (0x6661) x12 0x00018000
core   0: 0x80009356 (0x00008ea9) c.xor   a3, a0
core   0: 3 0x80009356 (0x8ea9) x13 0xffffffdb
core   0: 0x80009358 (0x00008c91) c.sub   s1, a2
core   0: 3 0x80009358 (0x8c91) x9  0xffee0000
core   0: 0x8000935a (0xfe4ad9e3) bge     s5, tp, pc - 14
core   0: 3 0x8000935a (0xfe4ad9e3)
core   0: 0x8000934c (0x00005f7d) c.li    t5, -1
core   0: 3 0x8000934c (0x5f7d) x30 0xffffffff
core   0: 0x8000934e (0x4015d533) sra     a0, a1, ra
core   0: 3 0x8000934e (0x4015d533) x10 0x00000000
core   0: 0x80009352 (0x00001af5) c.addi  s5, -3
core   0: 3 0x80009352 (0x1af5) x21 0xfffffffe
core   0: 0x80009354 (0x00006661) c.lui   a2, 0x18
core   0: 3 0x80009354 (0x6661) x12 0x00018000
core   0: 0x80009356 (0x00008ea9) c.xor   a3, a0
core   0: 3 0x80009356 (0x8ea9) x13 0xffffffdb
core   0: 0x80009358 (0x00008c91) c.sub   s1, a2
core   0: 3 0x80009358 (0x8c91) x9  0xffec8000
core   0: 0x8000935a (0xfe4ad9e3) bge     s5, tp, pc - 14
core   0: 3 0x8000935a (0xfe4ad9e3)
core   0: 0x8000934c (0x00005f7d) c.li    t5, -1
core   0: 3 0x8000934c (0x5f7d) x30 0xffffffff
core   0: 0x8000934e (0x4015d533) sra     a0, a1, ra
core   0: 3 0x8000934e (0x4015d533) x10 0x00000000
core   0: 0x80009352 (0x00001af5) c.addi  s5, -3
core   0: 3 0x80009352 (0x1af5) x21 0xfffffffb
core   0: 0x80009354 (0x00006661) c.lui   a2, 0x18
core   0: 3 0x80009354 (0x6661) x12 0x00018000
core   0: 0x80009356 (0x00008ea9) c.xor   a3, a0
core   0: 3 0x80009356 (0x8ea9) x13 0xffffffdb
core   0: 0x80009358 (0x00008c91) c.sub   s1, a2
core   0: 3 0x80009358 (0x8c91) x9  0xffeb0000
core   0: 0x8000935a (0xfe4ad9e3) bge     s5, tp, pc - 14
core   0: 3 0x8000935a (0xfe4ad9e3)
core   0: 0x8000934c (0x00005f7d) c.li    t5, -1
core   0: 3 0x8000934c (0x5f7d) x30 0xffffffff
core   0: 0x8000934e (0x4015d533) sra     a0, a1, ra
core   0: 3 0x8000934e (0x4015d533) x10 0x00000000
core   0: 0x80009352 (0x00001af5) c.addi  s5, -3
core   0: 3 0x80009352 (0x1af5) x21 0xfffffff8
core   0: 0x80009354 (0x00006661) c.lui   a2, 0x18
core   0: 3 0x80009354 (0x6661) x12 0x00018000
core   0: 0x80009356 (0x00008ea9) c.xor   a3, a0
core   0: 3 0x80009356 (0x8ea9) x13 0xffffffdb
core   0: 0x80009358 (0x00008c91) c.sub   s1, a2
core   0: 3 0x80009358 (0x8c91) x9  0xffe98000
core   0: 0x8000935a (0xfe4ad9e3) bge     s5, tp, pc - 14
core   0: 3 0x8000935a (0xfe4ad9e3)
core   0: 0x8000934c (0x00005f7d) c.li    t5, -1
core   0: 3 0x8000934c (0x5f7d) x30 0xffffffff
core   0: 0x8000934e (0x4015d533) sra     a0, a1, ra
core   0: 3 0x8000934e (0x4015d533) x10 0x00000000
core   0: 0x80009352 (0x00001af5) c.addi  s5, -3
core   0: 3 0x80009352 (0x1af5) x21 0xfffffff5
core   0: 0x80009354 (0x00006661) c.lui   a2, 0x18
core   0: 3 0x80009354 (0x6661) x12 0x00018000
core   0: 0x80009356 (0x00008ea9) c.xor   a3, a0
core   0: 3 0x80009356 (0x8ea9) x13 0xffffffdb
core   0: 0x80009358 (0x00008c91) c.sub   s1, a2
core   0: 3 0x80009358 (0x8c91) x9  0xffe80000
core   0: 0x8000935a (0xfe4ad9e3) bge     s5, tp, pc - 14
core   0: 3 0x8000935a (0xfe4ad9e3)
core   0: 0x8000934c (0x00005f7d) c.li    t5, -1
core   0: 3 0x8000934c (0x5f7d) x30 0xffffffff
core   0: 0x8000934e (0x4015d533) sra     a0, a1, ra
core   0: 3 0x8000934e (0x4015d533) x10 0x00000000
core   0: 0x80009352 (0x00001af5) c.addi  s5, -3
core   0: 3 0x80009352 (0x1af5) x21 0xfffffff2
core   0: 0x80009354 (0x00006661) c.lui   a2, 0x18
core   0: 3 0x80009354 (0x6661) x12 0x00018000
core   0: 0x80009356 (0x00008ea9) c.xor   a3, a0
core   0: 3 0x80009356 (0x8ea9) x13 0xffffffdb
core   0: 0x80009358 (0x00008c91) c.sub   s1, a2
core   0: 3 0x80009358 (0x8c91) x9  0xffe68000
core   0: 0x8000935a (0xfe4ad9e3) bge     s5, tp, pc - 14
core   0: 3 0x8000935a (0xfe4ad9e3)
core   0: 0x8000934c (0x00005f7d) c.li    t5, -1
core   0: 3 0x8000934c (0x5f7d) x30 0xffffffff
core   0: 0x8000934e (0x4015d533) sra     a0, a1, ra
core   0: 3 0x8000934e (0x4015d533) x10 0x00000000
core   0: 0x80009352 (0x00001af5) c.addi  s5, -3
core   0: 3 0x80009352 (0x1af5) x21 0xffffffef
core   0: 0x80009354 (0x00006661) c.lui   a2, 0x18
core   0: 3 0x80009354 (0x6661) x12 0x00018000
core   0: 0x80009356 (0x00008ea9) c.xor   a3, a0
core   0: 3 0x80009356 (0x8ea9) x13 0xffffffdb
core   0: 0x80009358 (0x00008c91) c.sub   s1, a2
core   0: 3 0x80009358 (0x8c91) x9  0xffe50000
core   0: 0x8000935a (0xfe4ad9e3) bge     s5, tp, pc - 14
core   0: 3 0x8000935a (0xfe4ad9e3)
core   0: 0x8000935e (0xaf24bd93) sltiu   s11, s1, -1294
core   0: 3 0x8000935e (0xaf24bd93) x27 0x00000001
core   0: 0x80009362 (0x00008f55) c.or    a4, a3
core   0: 3 0x80009362 (0x8f55) x14 0xffffffdf
core   0: 0x80009364 (0x00d79393) slli    t2, a5, 13
core   0: 3 0x80009364 (0x00d79393) x7  0x98000000
core   0: 0x80009368 (0x00000518) c.addi4spn a4, sp, 640
core   0: 3 0x80009368 (0x0518) x14 0x80010534
core   0: 0x8000936a (0x0000147d) c.addi  s0, -1
core   0: 3 0x8000936a (0x147d) x8  0x00000059
core   0: 0x8000936c (0xfd2bd3e3) bge     s7, s2, pc - 58
core   0: 3 0x8000936c (0xfd2bd3e3)
core   0: 0x80009370 (0x003c2b33) slt     s6, s8, gp
core   0: 3 0x80009370 (0x003c2b33) x22 0x00000001
core   0: 0x80009374 (0x00007417) auipc   s0, 0x7
core   0: 3 0x80009374 (0x00007417) x8  0x80010374
core   0: 0x80009378 (0x37c40413) addi    s0, s0, 892
core   0: 3 0x80009378 (0x37c40413) x8  0x800106f0
core   0: 0x8000937c (0x01744503) lbu     a0, 23(s0)
core   0: 3 0x8000937c (0x01744503) x10 0x000000e6 mem 0x80010707
core   0: 0x80009380 (0x09a41603) lh      a2, 154(s0)
core   0: 3 0x80009380 (0x09a41603) x12 0x00005bb7 mem 0x8001078a
core   0: 0x80009384 (0x00008fd1) c.or    a5, a2
core   0: 3 0x80009384 (0x8fd1) x15 0xfcbcdbb7
core   0: 0x80009386 (0xf6644783) lbu     a5, -154(s0)
core   0: 3 0x80009386 (0xf6644783) x15 0x00000056 mem 0x80010656
core   0: 0x8000938a (0x827c0e13) addi    t3, s8, -2009
core   0: 3 0x8000938a (0x827c0e13) x28 0x800256b3
core   0: 0x8000938e (0x00008d35) c.xor   a0, a3
core   0: 3 0x8000938e (0x8d35) x10 0xffffff3d
core   0: 0x80009390 (0x0c740883) lb      a7, 199(s0)
core   0: 3 0x80009390 (0x0c740883) x17 0x00000024 mem 0x800107b7
core   0: 0x80009394 (0x02b31733) mulh    a4, t1, a1
core   0: 3 0x80009394 (0x02b31733) x14 0x00000000
core   0: 0x80009398 (0xfc741923) sh      t2, -46(s0)
core   0: 3 0x80009398 (0xfc741923) mem 0x800106c2 0x0000
core   0: 0x8000939c (0x03441e23) sh      s4, 60(s0)
core   0: 3 0x8000939c (0x03441e23) mem 0x8001072c 0x9718
core   0: 0x800093a0 (0x05842203) lw      tp, 88(s0)
core   0: 3 0x800093a0 (0x05842203) x4  0xa08b11eb mem 0x80010748
core   0: 0x800093a4 (0x000081c1) c.srli  a1, 16
core   0: 3 0x800093a4 (0x81c1) x11 0x00000000
core   0: 0x800093a6 (0xfa241003) lh      zero, -94(s0)
core   0: 3 0x800093a6 (0xfa241003) mem 0x80010692
core   0: 0x800093aa (0x0c4408a3) sb      tp, 209(s0)
core   0: 3 0x800093aa (0x0c4408a3) mem 0x800107c1 0xeb
core   0: 0x800093ae (0xf6740d83) lb      s11, -153(s0)
core   0: 3 0x800093ae (0xf6740d83) x27 0xffffffef mem 0x80010657
core   0: 0x800093b2 (0x00001d10) c.addi4spn a2, sp, 688
core   0: 3 0x800093b2 (0x1d10) x12 0x80010564
core   0: 0x800093b4 (0x013671b3) and     gp, a2, s3
core   0: 3 0x800093b4 (0x013671b3) x3  0x80010540
core   0: 0x800093b8 (0x02944183) lbu     gp, 41(s0)
core   0: 3 0x800093b8 (0x02944183) x3  0x00000000 mem 0x80010719
core   0: 0x800093bc (0x08b40803) lb      a6, 139(s0)
core   0: 3 0x800093bc (0x08b40803) x16 0xffffffff mem 0x8001077b
core   0: 0x800093c0 (0x03144803) lbu     a6, 49(s0)
core   0: 3 0x800093c0 (0x03144803) x16 0x000000d8 mem 0x80010721
core   0: 0x800093c4 (0xff940c23) sb      s9, -8(s0)
core   0: 3 0x800093c4 (0xff940c23) mem 0x800106e8 0x09
core   0: 0x800093c8 (0xfe1405a3) sb      ra, -21(s0)
core   0: 3 0x800093c8 (0xfe1405a3) mem 0x800106db 0x56
core   0: 0x800093cc (0x0e940b23) sb      s1, 246(s0)
core   0: 3 0x800093cc (0x0e940b23) mem 0x800107e6 0x00
core   0: 0x800093d0 (0x05940903) lb      s2, 89(s0)
core   0: 3 0x800093d0 (0x05940903) x18 0x00000011 mem 0x80010749
core   0: 0x800093d4 (0x000090ea) c.add   ra, s10
core   0: 3 0x800093d4 (0x90ea) x1  0xfffffffc
core   0: 0x800093d6 (0x41430e33) sub     t3, t1, s4
core   0: 3 0x800093d6 (0x41430e33) x28 0xfc8b24d8
core   0: 0x800093da (0x0a340083) lb      ra, 163(s0)
core   0: 3 0x800093da (0x0a340083) x1  0xffffff9c mem 0x80010793
core   0: 0x800093de (0x000007e1) c.addi  a5, 24
core   0: 3 0x800093de (0x07e1) x15 0x0000006e
core   0: 0x800093e0 (0x5383a2b7) lui     t0, 0x5383a
core   0: 3 0x800093e0 (0x5383a2b7) x5  0x5383a000
core   0: 0x800093e4 (0x313f6693) ori     a3, t5, 787
core   0: 3 0x800093e4 (0x313f6693) x13 0xffffffff
core   0: 0x800093e8 (0xf0f40c83) lb      s9, -241(s0)
core   0: 3 0x800093e8 (0xf0f40c83) x25 0xffffffb1 mem 0x800105ff
core   0: 0x800093ec (0x06140e03) lb      t3, 97(s0)
core   0: 3 0x800093ec (0x06140e03) x28 0xfffffff5 mem 0x80010751
core   0: 0x800093f0 (0xa01ee693) ori     a3, t4, -1535
core   0: 3 0x800093f0 (0xa01ee693) x13 0xfffffa09
core   0: 0x800093f4 (0xfe2406a3) sb      sp, -19(s0)
core   0: 3 0x800093f4 (0xfe2406a3) mem 0x800106dd 0xb4
core   0: 0x800093f8 (0x04c000ef) jal     pc + 0x4c
core   0: 3 0x800093f8 (0x04c000ef) x1  0x800093fc
core   0: 0x80009444 (0x0000b7d5) c.j     pc - 28
core   0: 3 0x80009444 (0xb7d5)
core   0: 0x80009428 (0x000037d5) c.jal   pc - 28
core   0: 3 0x80009428 (0x37d5) x1  0x8000942a
core   0: 0x8000940c (0x02c000ef) jal     pc + 0x2c
core   0: 3 0x8000940c (0x02c000ef) x1  0x80009410
core   0: 0x80009438 (0x00003fed) c.jal   pc - 6
core   0: 3 0x80009438 (0x3fed) x1  0x8000943a
core   0: 0x80009432 (0xff1ff36f) jal     t1, pc - 0x10
core   0: 3 0x80009432 (0xff1ff36f) x6  0x80009436
core   0: 0x80009422 (0x0000bfcd) c.j     pc - 14
core   0: 3 0x80009422 (0xbfcd)
core   0: 0x80009414 (0x01600aef) jal     s5, pc + 0x16
core   0: 3 0x80009414 (0x01600aef) x21 0x80009418
core   0: 0x8000942a (0x00003ff5) c.jal   pc - 4
core   0: 3 0x8000942a (0x3ff5) x1  0x8000942c
core   0: 0x80009426 (0x00002801) c.jal   pc + 16
core   0: 3 0x80009426 (0x2801) x1  0x80009428
core   0: 0x80009436 (0x00003fc9) c.jal   pc - 46
core   0: 3 0x80009436 (0x3fc9) x1  0x80009438
core   0: 0x80009408 (0x00002015) c.jal   pc + 36
core   0: 3 0x80009408 (0x2015) x1  0x8000940a
core   0: 0x8000942c (0x0100056f) jal     a0, pc + 0x10
core   0: 3 0x8000942c (0x0100056f) x10 0x80009430
core   0: 0x8000943c (0xfc1ff0ef) jal     pc - 0x40
core   0: 3 0x8000943c (0xfc1ff0ef) x1  0x80009440
core   0: 0x800093fc (0x0000a021) c.j     pc + 8
core   0: 3 0x800093fc (0xa021)
core   0: 0x80009404 (0xffbff0ef) jal     pc - 0x6
core   0: 3 0x80009404 (0xffbff0ef) x1  0x80009408
core   0: 0x800093fe (0x0000a01d) c.j     pc + 38
core   0: 3 0x800093fe (0xa01d)
core   0: 0x80009424 (0x000037dd) c.jal   pc - 26
core   0: 3 0x80009424 (0x37dd) x1  0x80009426
core   0: 0x8000940a (0x0000201d) c.jal   pc + 38
core   0: 3 0x8000940a (0x201d) x1  0x8000940c
core   0: 0x80009430 (0x0000a809) c.j     pc + 18
core   0: 3 0x80009430 (0xa809)
core   0: 0x80009442 (0x00003f7d) c.jal   pc - 66
core   0: 3 0x80009442 (0x3f7d) x1  0x80009444
core   0: 0x80009400 (0x040009ef) jal     s3, pc + 0x40
core   0: 3 0x80009400 (0x040009ef) x19 0x80009404
core   0: 0x80009440 (0x00003fed) c.jal   pc - 6
core   0: 3 0x80009440 (0x3fed) x1  0x80009442
core   0: 0x8000943a (0x0000b7c5) c.j     pc - 32
core   0: 3 0x8000943a (0xb7c5)
core   0: 0x8000941a (0xff7ff0ef) jal     pc - 0xa
core   0: 3 0x8000941a (0xff7ff0ef) x1  0x8000941e
core   0: 0x80009410 (0x008000ef) jal     pc + 0x8
core   0: 3 0x80009410 (0x008000ef) x1  0x80009414
core   0: 0x80009418 (0x00002019) c.jal   pc + 6
core   0: 3 0x80009418 (0x2019) x1  0x8000941a
core   0: 0x8000941e (0x028000ef) jal     pc + 0x28
core   0: 3 0x8000941e (0x028000ef) x1  0x80009422
core   0: 0x80009446 (0xac00ec93) ori     s9, ra, -1344
core   0: 3 0x80009446 (0xac00ec93) x25 0xfffffee2
core   0: 0x8000944a (0x00007117) auipc   sp, 0x7
core   0: 3 0x8000944a (0x00007117) x2  0x8001044a
core   0: 0x8000944e (0x62110113) addi    sp, sp, 1569
core   0: 3 0x8000944e (0x62110113) x2  0x80010a6b
core   0: 0x80009452 (0x03810d03) lb      s10, 56(sp)
core   0: 3 0x80009452 (0x03810d03) x26 0xffffffef mem 0x80010aa3
core   0: 0x80009456 (0x008107a3) sb      s0, 15(sp)
core   0: 3 0x80009456 (0x008107a3) mem 0x80010a7a 0xf0
core   0: 0x8000945a (0x02c10b03) lb      s6, 44(sp)
core   0: 3 0x8000945a (0x02c10b03) x22 0xffffffc1 mem 0x80010a97
core   0: 0x8000945e (0x00710483) lb      s1, 7(sp)
core   0: 3 0x8000945e (0x00710483) x9  0xffffffaa mem 0x80010a72
core   0: 0x80009462 (0xfe112b03) lw      s6, -31(sp)
core   0: 3 0x80009462 (0xfe112b03) x22 0x771b4570 mem 0x80010a4c
core   0: 0x80009466 (0x00915483) lhu     s1, 9(sp)
core   0: 3 0x80009466 (0x00915483) x9  0x0000432e mem 0x80010a74
core   0: 0x8000946a (0xfd4128a3) sw      s4, -47(sp)
core   0: 3 0x8000946a (0xfd4128a3) mem 0x80010a3c 0x03759718
core   0: 0x8000946e (0x01a404b3) add     s1, s0, s10
core   0: 3 0x8000946e (0x01a404b3) x9  0x800106df
core   0: 0x80009472 (0x03911403) lh      s0, 57(sp)
core   0: 3 0x80009472 (0x03911403) x8  0x00001435 mem 0x80010aa4
core   0: 0x80009476 (0x41460633) sub     a2, a2, s4
core   0: 3 0x80009476 (0x41460633) x12 0x7c8b6e4c
core   0: 0x8000947a (0x00006609) c.lui   a2, 0x2
core   0: 3 0x8000947a (0x6609) x12 0x00002000
core   0: 0x8000947c (0xfca10483) lb      s1, -54(sp)
core   0: 3 0x8000947c (0xfca10483) x9  0x0000004e mem 0x80010a35
core   0: 0x80009480 (0x00008e31) c.xor   a2, a2
core   0: 3 0x80009480 (0x8e31) x12 0x00000000
core   0: 0x80009482 (0xfcc111a3) sh      a2, -61(sp)
core   0: 3 0x80009482 (0xfcc111a3) mem 0x80010a2e 0x0000
core   0: 0x80009486 (0x02d11403) lh      s0, 45(sp)
core   0: 3 0x80009486 (0x02d11403) x8  0x00002564 mem 0x80010a98
core   0: 0x8000948a (0x03614483) lbu     s1, 54(sp)
core   0: 3 0x8000948a (0x03614483) x9  0x0000001c mem 0x80010aa1
core   0: 0x8000948e (0x02c44d33) div     s10, s0, a2
core   0: 3 0x8000948e (0x02c44d33) x26 0xffffffff
core   0: 0x80009492 (0x02714b03) lbu     s6, 39(sp)
core   0: 3 0x80009492 (0x02714b03) x22 0x00000032 mem 0x80010a92
core   0: 0x80009496 (0x02ca74b3) remu    s1, s4, a2
core   0: 3 0x80009496 (0x02ca74b3) x9  0x03759718
core   0: 0x8000949a (0xfe910ea3) sb      s1, -3(sp)
core   0: 3 0x8000949a (0xfe910ea3) mem 0x80010a68 0x18
core   0: 0x8000949e (0x03ab7b33) remu    s6, s6, s10
core   0: 3 0x8000949e (0x03ab7b33) x22 0x00000032
core   0: 0x800094a2 (0xd4764a13) xori    s4, a2, -697
core   0: 3 0x800094a2 (0xd4764a13) x20 0xfffffd47
core   0: 0x800094a6 (0xfc310403) lb      s0, -61(sp)
core   0: 3 0x800094a6 (0xfc310403) x8  0x00000000 mem 0x80010a2e
core   0: 0x800094aa (0xff414b03) lbu     s6, -12(sp)
core   0: 3 0x800094aa (0xff414b03) x22 0x0000009b mem 0x80010a5f
core   0: 0x800094ae (0xfc9115a3) sh      s1, -53(sp)
core   0: 3 0x800094ae (0xfc9115a3) mem 0x80010a36 0x9718
core   0: 0x800094b2 (0x0000043a) c.slli  s0, 14
core   0: 3 0x800094b2 (0x043a) x8  0x00000000
core   0: 0x800094b4 (0xffa10ea3) sb      s10, -3(sp)
core   0: 3 0x800094b4 (0xffa10ea3) mem 0x80010a68 0xff
core   0: 0x800094b8 (0x00f15d03) lhu     s10, 15(sp)
core   0: 3 0x800094b8 (0x00f15d03) x26 0x0000f1f0 mem 0x80010a7a
core   0: 0x800094bc (0x41aa5b33) sra     s6, s4, s10
core   0: 3 0x800094bc (0x41aa5b33) x22 0xffffffff
core   0: 0x800094c0 (0x03610a03) lb      s4, 54(sp)
core   0: 3 0x800094c0 (0x03610a03) x20 0x0000001c mem 0x80010aa1
core   0: 0x800094c4 (0xf29b4613) xori    a2, s6, -215
core   0: 3 0x800094c4 (0xf29b4613) x12 0x000000d6
core   0: 0x800094c8 (0x79401d17) auipc   s10, 0x79401
core   0: 3 0x800094c8 (0x79401d17) x26 0xf940a4c8
core   0: 0x800094cc (0x0364db33) divu    s6, s1, s6
core   0: 3 0x800094cc (0x0364db33) x22 0x00000000
core   0: 0x800094d0 (0x00c60433) add     s0, a2, a2
core   0: 3 0x800094d0 (0x00c60433) x8  0x000001ac
core   0: 0x800094d4 (0x01c14b03) lbu     s6, 28(sp)
core   0: 3 0x800094d4 (0x01c14b03) x22 0x000000a0 mem 0x80010a87
core   0: 0x800094d8 (0xff315a03) lhu     s4, -13(sp)
core   0: 3 0x800094d8 (0xff315a03) x20 0x00009b0b mem 0x80010a5e
core   0: 0x800094dc (0xfd410da3) sb      s4, -37(sp)
core   0: 3 0x800094dc (0xfd410da3) mem 0x80010a46 0x0b
core   0: 0x800094e0 (0x00009917) auipc   s2, 0x9
core   0: 3 0x800094e0 (0x00009917) x18 0x800124e0
core   0: 0x800094e4 (0x82590913) addi    s2, s2, -2011
core   0: 3 0x800094e4 (0x82590913) x18 0x80011d05
core   0: 0x800094e8 (0x0211b9b3) mulhu   s3, gp, ra
core   0: 3 0x800094e8 (0x0211b9b3) x19 0x00000000
core   0: 0x800094ec (0x00b923a3) sw      a1, 7(s2)
core   0: 3 0x800094ec (0x00b923a3) mem 0x80011d0c 0x00000000
core   0: 0x800094f0 (0x00790a83) lb      s5, 7(s2)
core   0: 3 0x800094f0 (0x00790a83) x21 0x00000000 mem 0x80011d0c
core   0: 0x800094f4 (0x0330dd33) divu    s10, ra, s3
core   0: 3 0x800094f4 (0x0330dd33) x26 0xffffffff
core   0: 0x800094f8 (0x00a923a3) sw      a0, 7(s2)
core   0: 3 0x800094f8 (0x00a923a3) mem 0x80011d0c 0x80009430
core   0: 0x800094fc (0xffc94483) lbu     s1, -4(s2)
core   0: 3 0x800094fc (0xffc94483) x9  0x00000000 mem 0x80011d01
core   0: 0x80009500 (0x01b8d4b3) srl     s1, a7, s11
core   0: 3 0x80009500 (0x01b8d4b3) x9  0x00000000
core   0: 0x80009504 (0xffc90b03) lb      s6, -4(s2)
core   0: 3 0x80009504 (0xffc90b03) x22 0x00000000 mem 0x80011d01
core   0: 0x80009508 (0xfe490e23) sb      tp, -4(s2)
core   0: 3 0x80009508 (0xfe490e23) mem 0x80011d01 0xeb
core   0: 0x8000950c (0xffc90a03) lb      s4, -4(s2)
core   0: 3 0x8000950c (0xffc90a03) x20 0xffffffeb mem 0x80011d01
core   0: 0x80009510 (0x00d91d03) lh      s10, 13(s2)
core   0: 3 0x80009510 (0x00d91d03) x26 0x00003f59 mem 0x80011d12
core   0: 0x80009514 (0xfe190c23) sb      ra, -8(s2)
core   0: 3 0x80009514 (0xfe190c23) mem 0x80011cfd 0x22
core   0: 0x80009518 (0xff890b03) lb      s6, -8(s2)
core   0: 3 0x80009518 (0xff890b03) x22 0x00000022 mem 0x80011cfd
core   0: 0x8000951c (0x00194f03) lbu     t5, 1(s2)
core   0: 3 0x8000951c (0x00194f03) x30 0x000000d1 mem 0x80011d06
core   0: 0x80009520 (0xff590e23) sb      s5, -4(s2)
core   0: 3 0x80009520 (0xff590e23) mem 0x80011d01 0x00
core   0: 0x80009524 (0xffc94f03) lbu     t5, -4(s2)
core   0: 3 0x80009524 (0xffc94f03) x30 0x00000000 mem 0x80011d01
core   0: 0x80009528 (0xfe090e23) sb      zero, -4(s2)
core   0: 3 0x80009528 (0xfe090e23) mem 0x80011d01 0x00
core   0: 0x8000952c (0x00009917) auipc   s2, 0x9
core   0: 3 0x8000952c (0x00009917) x18 0x8001252c
core   0: 0x80009530 (0x8aa90913) addi    s2, s2, -1878
core   0: 3 0x80009530 (0x8aa90913) x18 0x80011dd6
core   0: 0x80009534 (0xfe691a23) sh      t1, -12(s2)
core   0: 3 0x80009534 (0xfe691a23) mem 0x80011dca 0x9436
core   0: 0x80009538 (0xff494f03) lbu     t5, -12(s2)
core   0: 3 0x80009538 (0xff494f03) x30 0x00000036 mem 0x80011dca
core   0: 0x8000953c (0xff490b03) lb      s6, -12(s2)
core   0: 3 0x8000953c (0xff490b03) x22 0x00000036 mem 0x80011dca
core   0: 0x80009540 (0xff190fa3) sb      a7, -1(s2)
core   0: 3 0x80009540 (0xff190fa3) mem 0x80011dd5 0x24
core   0: 0x80009544 (0xfff90303) lb      t1, -1(s2)
core   0: 3 0x80009544 (0xfff90303) x6  0x00000024 mem 0x80011dd5
core   0: 0x80009548 (0xfff94083) lbu     ra, -1(s2)
core   0: 3 0x80009548 (0xfff94083) x1  0x00000024 mem 0x80011dd5
core   0: 0x8000954c (0xff590fa3) sb      s5, -1(s2)
core   0: 3 0x8000954c (0xff590fa3) mem 0x80011dd5 0x00
core   0: 0x80009550 (0x01d81793) slli    a5, a6, 29
core   0: 3 0x80009550 (0x01d81793) x15 0x00000000
core   0: 0x80009554 (0xfff90703) lb      a4, -1(s2)
core   0: 3 0x80009554 (0xfff90703) x14 0x00000000 mem 0x80011dd5
core   0: 0x80009558 (0xfff94983) lbu     s3, -1(s2)
core   0: 3 0x80009558 (0xfff94983) x19 0x00000000 mem 0x80011dd5
core   0: 0x8000955c (0xfff90383) lb      t2, -1(s2)
core   0: 3 0x8000955c (0xfff90383) x7  0x00000000 mem 0x80011dd5
core   0: 0x80009560 (0xfd7901a3) sb      s7, -61(s2)
core   0: 3 0x80009560 (0xfd7901a3) mem 0x80011d99 0xee
core   0: 0x80009564 (0x40435533) sra     a0, t1, tp
core   0: 3 0x80009564 (0x40435533) x10 0x00000000
core   0: 0x80009568 (0x034b2bb3) mulhsu  s7, s6, s4
core   0: 3 0x80009568 (0x034b2bb3) x23 0x00000035
core   0: 0x8000956c (0xfc390483) lb      s1, -61(s2)
core   0: 3 0x8000956c (0xfc390483) x9  0xffffffee mem 0x80011d99
core   0: 0x80009570 (0xfdb901a3) sb      s11, -61(s2)
core   0: 3 0x80009570 (0xfdb901a3) mem 0x80011d99 0xef
core   0: 0x80009574 (0xfc390103) lb      sp, -61(s2)
core   0: 3 0x80009574 (0xfc390103) x2  0xffffffef mem 0x80011d99
core   0: 0x80009578 (0x00230f33) add     t5, t1, sp
core   0: 3 0x80009578 (0x00230f33) x30 0x00000013
core   0: 0x8000957c (0x00008135) c.srli  a0, 13
core   0: 3 0x8000957c (0x8135) x10 0x00000000
core   0: 0x8000957e (0x00008fe9) c.and   a5, a0
core   0: 3 0x8000957e (0x8fe9) x15 0x00000000
core   0: 0x80009580 (0xfd9901a3) sb      s9, -61(s2)
core   0: 3 0x80009580 (0xfd9901a3) mem 0x80011d99 0xe2
core   0: 0x80009584 (0x00000466) c.slli  s0, 25
core   0: 3 0x80009584 (0x0466) x8  0x58000000
core   0: 0x80009586 (0x00008675) c.srai  a2, 29
core   0: 3 0x80009586 (0x8675) x12 0x00000000
core   0: 0x80009588 (0x0138b0b3) sltu    ra, a7, s3
core   0: 3 0x80009588 (0x0138b0b3) x1  0x00000000
core   0: 0x8000958c (0x01e65593) srli    a1, a2, 30
core   0: 3 0x8000958c (0x01e65593) x11 0x00000000
core   0: 0x80009590 (0x00008d01) c.sub   a0, s0
core   0: 3 0x80009590 (0x8d01) x10 0xa8000000
core   0: 0x80009592 (0x001b46b3) xor     a3, s6, ra
core   0: 3 0x80009592 (0x001b46b3) x13 0x00000036
core   0: 0x80009596 (0x0371e0b3) rem     ra, gp, s7
core   0: 3 0x80009596 (0x0371e0b3) x1  0x00000000
core   0: 0x8000959a (0x00009afd) c.andi  a3, -1
core   0: 3 0x8000959a (0x9afd) x13 0x00000036
core   0: 0x8000959c (0x00008c71) c.and   s0, a2
core   0: 3 0x8000959c (0x8c71) x8  0x00000000
core   0: 0x8000959e (0x012699b3) sll     s3, a3, s2
core   0: 3 0x8000959e (0x012699b3) x19 0x0d800000
core   0: 0x800095a2 (0x00008d65) c.and   a0, s1
core   0: 3 0x800095a2 (0x8d65) x10 0xa8000000
core   0: 0x800095a4 (0x03f1c533) div     a0, gp, t6
core   0: 3 0x800095a4 (0x03f1c533) x10 0x00000000
core   0: 0x800095a8 (0x00f8a733) slt     a4, a7, a5
core   0: 3 0x800095a8 (0x00f8a733) x14 0x00000000
core   0: 0x800095ac (0x02a4c733) div     a4, s1, a0
core   0: 3 0x800095ac (0x02a4c733) x14 0xffffffff
core   0: 0x800095b0 (0x0000615d) c.addi16sp sp, 432
core   0: 3 0x800095b0 (0x615d) x2  0x0000019f
core   0: 0x800095b2 (0x00005cfd) c.li    s9, -1
core   0: 3 0x800095b2 (0x5cfd) x25 0xffffffff
core   0: 0x800095b4 (0x049b9063) bne     s7, s1, pc + 64
core   0: 3 0x800095b4 (0x049b9063)
core   0: 0x800095f4 (0x01e89d63) bne     a7, t5, pc + 26
core   0: 3 0x800095f4 (0x01e89d63)
core   0: 0x8000960e (0x01ebf933) and     s2, s7, t5
core   0: 3 0x8000960e (0x01ebf933) x18 0x00000011
core   0: 0x80009612 (0x00dea733) slt     a4, t4, a3
core   0: 3 0x80009612 (0x00dea733) x14 0x00000001
core   0: 0x80009616 (0x0048c7b3) xor     a5, a7, tp
core   0: 3 0x80009616 (0x0048c7b3) x15 0xa08b11cf
core   0: 0x8000961a (0x402dd393) srai    t2, s11, 2
core   0: 3 0x8000961a (0x402dd393) x7  0xfffffffb
core   0: 0x8000961e (0x41ef09b3) sub     s3, t5, t5
core   0: 3 0x8000961e (0x41ef09b3) x19 0x00000000
core   0: 0x80009622 (0x00001200) c.addi4spn s0, sp, 288
core   0: 3 0x80009622 (0x1200) x8  0x000002bf
core   0: 0x80009624 (0x00bb1733) sll     a4, s6, a1
core   0: 3 0x80009624 (0x00bb1733) x14 0x00000036
core   0: 0x80009628 (0x000009bd) c.addi  s3, 15
core   0: 3 0x80009628 (0x09bd) x19 0x0000000f
core   0: 0x8000962a (0x00004a1d) c.li    s4, 7
core   0: 3 0x8000962a (0x4a1d) x20 0x00000007
core   0: 0x8000962c (0x02e57263) bgeu    a0, a4, pc + 36
core   0: 3 0x8000962c (0x02e57263)
core   0: 0x80009630 (0x036a8663) beq     s5, s6, pc + 44
core   0: 3 0x80009630 (0x036a8663)
core   0: 0x80009634 (0x0000c095) c.beqz  s1, pc + 36
core   0: 3 0x80009634 (0xc095)
core   0: 0x80009636 (0xf390b313) sltiu   t1, ra, -199
core   0: 3 0x80009636 (0xf390b313) x6  0x00000001
core   0: 0x8000963a (0xfb432313) slti    t1, t1, -76
core   0: 3 0x8000963a (0xfb432313) x6  0x00000000
core   0: 0x8000963e (0x02330263) beq     t1, gp, pc + 36
core   0: 3 0x8000963e (0x02330263)
core   0: 0x80009662 (0x30718393) addi    t2, gp, 775
core   0: 3 0x80009662 (0x30718393) x7  0x00000307
core   0: 0x80009666 (0x7db23613) sltiu   a2, tp, 2011
core   0: 3 0x80009666 (0x7db23613) x12 0x00000000
core   0: 0x8000966a (0x41148db3) sub     s11, s1, a7
core   0: 3 0x8000966a (0x41148db3) x27 0xffffffca
core   0: 0x8000966e (0x00008f21) c.xor   a4, s0
core   0: 3 0x8000966e (0x8f21) x14 0x00000289
core   0: 0x80009670 (0x00008521) c.srai  a0, 8
core   0: 3 0x80009670 (0x8521) x10 0x00000000
core   0: 0x80009672 (0x01f0e563) bltu    ra, t6, pc + 10
core   0: 3 0x80009672 (0x01f0e563)
core   0: 0x8000967c (0x00ed44b3) xor     s1, s10, a4
core   0: 3 0x8000967c (0x00ed44b3) x9  0x00003dd0
core   0: 0x80009680 (0x03f90063) beq     s2, t6, pc + 32
core   0: 3 0x80009680 (0x03f90063)
core   0: 0x80009684 (0x00008f19) c.sub   a4, a4
core   0: 3 0x80009684 (0x8f19) x14 0x00000000
core   0: 0x80009686 (0x039c8e33) mul     t3, s9, s9
core   0: 3 0x80009686 (0x039c8e33) x28 0x00000001
core   0: 0x8000968a (0x000045f5) c.li    a1, 29
core   0: 3 0x8000968a (0x45f5) x11 0x0000001d
core   0: 0x8000968c (0x00008e6d) c.and   a2, a1
core   0: 3 0x8000968c (0x8e6d) x12 0x00000000
core   0: 0x8000968e (0x030dedb3) rem     s11, s11, a6
core   0: 3 0x8000968e (0x030dedb3) x27 0xffffffca
core   0: 0x80009692 (0x00090463) beqz    s2, pc + 8
core   0: 3 0x80009692 (0x00090463)
core   0: 0x80009696 (0x01adf263) bgeu    s11, s10, pc + 4
core   0: 3 0x80009696 (0x01adf263)
core   0: 0x8000969a (0x013cc363) blt     s9, s3, pc + 6
core   0: 3 0x8000969a (0x013cc363)
core   0: 0x800096a0 (0x02f44db3) div     s11, s0, a5
core   0: 3 0x800096a0 (0x02f44db3) x27 0x00000000
core   0: 0x800096a4 (0x00ea22b3) slt     t0, s4, a4
core   0: 3 0x800096a4 (0x00ea22b3) x5  0x00000000
core   0: 0x800096a8 (0x00009852) c.add   a6, s4
core   0: 3 0x800096a8 (0x9852) x16 0x000000df
core   0: 0x800096aa (0x0000861d) c.srai  a2, 7
core   0: 3 0x800096aa (0x861d) x12 0x00000000
core   0: 0x800096ac (0x00000f1e) c.slli  t5, 7
core   0: 3 0x800096ac (0x0f1e) x30 0x00000980
core   0: 0x800096ae (0x00000001) c.nop
core   0: 3 0x800096ae (0x0001)
core   0: 0x800096b0 (0x00011433) sll     s0, sp, zero
core   0: 3 0x800096b0 (0x00011433) x8  0x0000019f
core   0: 0x800096b4 (0x0308e4b3) rem     s1, a7, a6
core   0: 3 0x800096b4 (0x0308e4b3) x9  0x00000024
core   0: 0x800096b8 (0x031272b3) remu    t0, tp, a7
core   0: 3 0x800096b8 (0x031272b3) x5  0x00000017
core   0: 0x800096bc (0xc5b53313) sltiu   t1, a0, -933
core   0: 3 0x800096bc (0xc5b53313) x6  0x00000001
core   0: 0x800096c0 (0x03147463) bgeu    s0, a7, pc + 40
core   0: 3 0x800096c0 (0x03147463)
core   0: 0x800096e8 (0x01e2b233) sltu    tp, t0, t5
core   0: 3 0x800096e8 (0x01e2b233) x4  0x00000001
core   0: 0x800096ec (0x00000001) c.nop
core   0: 3 0x800096ec (0x0001)
core   0: 0x800096ee (0x032990b3) mulh    ra, s3, s2
core   0: 3 0x800096ee (0x032990b3) x1  0x00000000
core   0: 0x800096f2 (0x0000616d) c.addi16sp sp, 240
core   0: 3 0x800096f2 (0x616d) x2  0x0000028f
core   0: 0x800096f4 (0x439df797) auipc   a5, 0x439df
core   0: 3 0x800096f4 (0x439df797) x15 0xc39e86f4
core   0: 0x800096f8 (0x0102e833) or      a6, t0, a6
core   0: 3 0x800096f8 (0x0102e833) x16 0x000000df
core   0: 0x800096fc (0x00008111) c.srli  a0, 4
core   0: 3 0x800096fc (0x8111) x10 0x00000000
core   0: 0x800096fe (0x0000c29d) c.beqz  a3, pc + 38
core   0: 3 0x800096fe (0xc29d)
core   0: 0x80009700 (0x6242f897) auipc   a7, 0x6242f
core   0: 3 0x80009700 (0x6242f897) x17 0xe2438700
core   0: 0x80009704 (0x03999063) bne     s3, s9, pc + 32
core   0: 3 0x80009704 (0x03999063)
core   0: 0x80009724 (0x018f15b3) sll     a1, t5, s8
core   0: 3 0x80009724 (0x018f15b3) x11 0x00980000
core   0: 0x80009728 (0x0296c2b3) div     t0, a3, s1
core   0: 3 0x80009728 (0x0296c2b3) x5  0x00000001
core   0: 0x8000972c (0x0167b4b3) sltu    s1, a5, s6
core   0: 3 0x8000972c (0x0167b4b3) x9  0x00000000
core   0: 0x80009730 (0x00000a14) c.addi4spn a3, sp, 272
core   0: 3 0x80009730 (0x0a14) x13 0x0000039f
core   0: 0x80009732 (0x01dd6333) or      t1, s10, t4
core   0: 3 0x80009732 (0x01dd6333) x6  0x00003f59
core   0: 0x80009736 (0x0000070c) c.addi4spn a1, sp, 896
core   0: 3 0x80009736 (0x070c) x11 0x0000060f
core   0: 0x80009738 (0x02c86833) rem     a6, a6, a2
core   0: 3 0x80009738 (0x02c86833) x16 0x000000df
core   0: 0x8000973c (0x00008d69) c.and   a0, a0
core   0: 3 0x8000973c (0x8d69) x10 0x00000000
core   0: 0x8000973e (0x012e1493) slli    s1, t3, 18
core   0: 3 0x8000973e (0x012e1493) x9  0x00040000
core   0: 0x80009742 (0x0000987d) c.andi  s0, -1
core   0: 3 0x80009742 (0x987d) x8  0x0000019f
core   0: 0x80009744 (0x00000001) c.nop
core   0: 3 0x80009744 (0x0001)
core   0: 0x80009746 (0x00008efd) c.and   a3, a5
core   0: 3 0x80009746 (0x8efd) x13 0x00000294
core   0: 0x80009748 (0x029ef633) remu    a2, t4, s1
core   0: 3 0x80009748 (0x029ef633) x12 0x00000008
core   0: 0x8000974c (0x00000d94) c.addi4spn a3, sp, 720
core   0: 3 0x8000974c (0x0d94) x13 0x0000055f
core   0: 0x8000974e (0x02591333) mulh    t1, s2, t0
core   0: 3 0x8000974e (0x02591333) x6  0x00000000
core   0: 0x80009752 (0x0157e6b3) or      a3, a5, s5
core   0: 3 0x80009752 (0x0157e6b3) x13 0xc39e86f4
core   0: 0x80009756 (0x03b68a63) beq     a3, s11, pc + 52
core   0: 3 0x80009756 (0x03b68a63)
core   0: 0x8000975a (0x0000610d) c.addi16sp sp, 160
core   0: 3 0x8000975a (0x610d) x2  0x0000032f
core   0: 0x8000975c (0x002b5433) srl     s0, s6, sp
core   0: 3 0x8000975c (0x002b5433) x8  0x00000000
core   0: 0x80009760 (0x03aa8533) mul     a0, s5, s10
core   0: 3 0x80009760 (0x03aa8533) x10 0x00000000
core   0: 0x80009764 (0x036569b3) rem     s3, a0, s6
core   0: 3 0x80009764 (0x036569b3) x19 0x00000000
core   0: 0x80009768 (0x00755a63) bge     a0, t2, pc + 20
core   0: 3 0x80009768 (0x00755a63)
core   0: 0x8000976c (0x030bcd33) div     s10, s7, a6
core   0: 3 0x8000976c (0x030bcd33) x26 0x00000000
core   0: 0x80009770 (0x014ed4b3) srl     s1, t4, s4
core   0: 3 0x80009770 (0x014ed4b3) x9  0x00000000
core   0: 0x80009774 (0xa73b6b13) ori     s6, s6, -1421
core   0: 3 0x80009774 (0xa73b6b13) x22 0xfffffa77
core   0: 0x80009778 (0x02a35033) divu    zero, t1, a0
core   0: 3 0x80009778 (0x02a35033)
core   0: 0x8000977c (0x403b8b33) sub     s6, s7, gp
core   0: 3 0x8000977c (0x403b8b33) x22 0x00000035
core   0: 0x80009780 (0x015a0e33) add     t3, s4, s5
core   0: 3 0x80009780 (0x015a0e33) x28 0x00000007
core   0: 0x80009784 (0x40188533) sub     a0, a7, ra
core   0: 3 0x80009784 (0x40188533) x10 0xe2438700
core   0: 0x80009788 (0x00000001) c.nop
core   0: 3 0x80009788 (0x0001)
core   0: 0x8000978a (0x01359463) bne     a1, s3, pc + 8
core   0: 3 0x8000978a (0x01359463)
core   0: 0x80009792 (0x00008ea5) c.xor   a3, s1
core   0: 3 0x80009792 (0x8ea5) x13 0xc39e86f4
core   0: 0x80009794 (0x02a4cab3) div     s5, s1, a0
core   0: 3 0x80009794 (0x02a4cab3) x21 0x00000000
core   0: 0x80009798 (0x01b15013) srli    zero, sp, 27
core   0: 3 0x80009798 (0x01b15013)
core   0: 0x8000979c (0x00000001) c.nop
core   0: 3 0x8000979c (0x0001)
core   0: 0x8000979e (0x023b0a63) beq     s6, gp, pc + 52
core   0: 3 0x8000979e (0x023b0a63)
core   0: 0x800097a2 (0x0083ca33) xor     s4, t2, s0
core   0: 3 0x800097a2 (0x0083ca33) x20 0x00000307
core   0: 0x800097a6 (0x00f4e263) bltu    s1, a5, pc + 4
core   0: 3 0x800097a6 (0x00f4e263)
core   0: 0x800097aa (0x029536b3) mulhu   a3, a0, s1
core   0: 3 0x800097aa (0x029536b3) x13 0x00000000
core   0: 0x800097ae (0x03228a63) beq     t0, s2, pc + 52
core   0: 3 0x800097ae (0x03228a63)
core   0: 0x800097b2 (0x00008cc1) c.or    s1, s0
core   0: 3 0x800097b2 (0x8cc1) x9  0x00000000
core   0: 0x800097b4 (0xc49c6993) ori     s3, s8, -951
core   0: 3 0x800097b4 (0xc49c6993) x19 0xfffffecd
core   0: 0x800097b8 (0x000a4d63) bltz    s4, pc + 26
core   0: 3 0x800097b8 (0x000a4d63)
core   0: 0x800097bc (0x01b65a13) srli    s4, a2, 27
core   0: 3 0x800097bc (0x01b65a13) x20 0x00000000
core   0: 0x800097c0 (0x824c6893) ori     a7, s8, -2012
core   0: 3 0x800097c0 (0x824c6893) x17 0xfffffeac
core   0: 0x800097c4 (0x0029c633) xor     a2, s3, sp
core   0: 3 0x800097c4 (0x0029c633) x12 0xfffffde2
core   0: 0x800097c8 (0x028d2ab3) mulhsu  s5, s10, s0
core   0: 3 0x800097c8 (0x028d2ab3) x21 0x00000000
core   0: 0x800097cc (0x00008779) c.srai  a4, 30
core   0: 3 0x800097cc (0x8779) x14 0x00000000
core   0: 0x800097ce (0x415fd813) srai    a6, t6, 21
core   0: 3 0x800097ce (0x415fd813) x16 0xfffffc00
core   0: 0x800097d2 (0x0000986e) c.add   a6, s11
core   0: 3 0x800097d2 (0x986e) x16 0xfffffc00
core   0: 0x800097d4 (0x00004b9d) c.li    s7, 7
core   0: 3 0x800097d4 (0x4b9d) x23 0x00000007
core   0: 0x800097d6 (0x0281f033) remu    zero, gp, s0
core   0: 3 0x800097d6 (0x0281f033)
core   0: 0x800097da (0x00fe64b3) or      s1, t3, a5
core   0: 3 0x800097da (0x00fe64b3) x9  0xc39e86f7
core   0: 0x800097de (0x02802e33) mulhsu  t3, zero, s0
core   0: 3 0x800097de (0x02802e33) x28 0x00000000
core   0: 0x800097e2 (0x02b2ca33) div     s4, t0, a1
core   0: 3 0x800097e2 (0x02b2ca33) x20 0x00000000
core   0: 0x800097e6 (0x03f1ae33) mulhsu  t3, gp, t6
core   0: 3 0x800097e6 (0x03f1ae33) x28 0x00000000
core   0: 0x800097ea (0x00008ce9) c.and   s1, a0
core   0: 3 0x800097ea (0x8ce9) x9  0xc2028600
core   0: 0x800097ec (0x038d9cb3) mulh    s9, s11, s8
core   0: 3 0x800097ec (0x038d9cb3) x25 0x00000000
core   0: 0x800097f0 (0x03bff3b3) remu    t2, t6, s11
core   0: 3 0x800097f0 (0x03bff3b3) x7  0x80029d24
core   0: 0x800097f4 (0x00008cb5) c.xor   s1, a3
core   0: 3 0x800097f4 (0x8cb5) x9  0xc2028600
core   0: 0x800097f6 (0x0764cc63) blt     s1, s6, pc + 120
core   0: 3 0x800097f6 (0x0764cc63)
core   0: 0x8000986e (0x00000001) c.nop
core   0: 3 0x8000986e (0x0001)
core   0: 0x80009870 (0x009dcab3) xor     s5, s11, s1
core   0: 3 0x80009870 (0x009dcab3) x21 0xc2028600
core   0: 0x80009874 (0x03fed363) bge     t4, t6, pc + 38
core   0: 3 0x80009874 (0x03fed363)
core   0: 0x8000989a (0x037884b3) mul     s1, a7, s7
core   0: 3 0x8000989a (0x037884b3) x9  0xfffff6b4
core   0: 0x8000989e (0x769ac037) lui     zero, 0x769ac
core   0: 3 0x8000989e (0x769ac037)
core   0: 0x800098a2 (0x02b5c963) blt     a1, a1, pc + 50
core   0: 3 0x800098a2 (0x02b5c963)
core   0: 0x800098a6 (0x0219a533) mulhsu  a0, s3, ra
core   0: 3 0x800098a6 (0x0219a533) x10 0x00000000
core   0: 0x800098aa (0x00b01863) bne     zero, a1, pc + 16
core   0: 3 0x800098aa (0x00b01863)
core   0: 0x800098ba (0xe6697313) andi    t1, s2, -410
core   0: 3 0x800098ba (0xe6697313) x6  0x00000000
core   0: 0x800098be (0xa0c2ed13) ori     s10, t0, -1524
core   0: 3 0x800098be (0xa0c2ed13) x26 0xfffffa0d
core   0: 0x800098c2 (0x00c2f0b3) and     ra, t0, a2
core   0: 3 0x800098c2 (0x00c2f0b3) x1  0x00000000
core   0: 0x800098c6 (0x40f802b3) sub     t0, a6, a5
core   0: 3 0x800098c6 (0x40f802b3) x5  0x3c61750c
core   0: 0x800098ca (0x000016fd) c.addi  a3, -1
core   0: 3 0x800098ca (0x16fd) x13 0xffffffff
core   0: 0x800098cc (0x00009b7d) c.andi  a4, -1
core   0: 3 0x800098cc (0x9b7d) x14 0x00000000
core   0: 0x800098ce (0x00004acd) c.li    s5, 19
core   0: 3 0x800098ce (0x4acd) x21 0x00000013
core   0: 0x800098d0 (0x59bde513) ori     a0, s11, 1435
core   0: 3 0x800098d0 (0x59bde513) x10 0x0000059b
core   0: 0x800098d4 (0x67152697) auipc   a3, 0x67152
core   0: 3 0x800098d4 (0x67152697) x13 0xe715b8d4
core   0: 0x800098d8 (0x03ccaf33) mulhsu  t5, s9, t3
core   0: 3 0x800098d8 (0x03ccaf33) x30 0x00000000
core   0: 0x800098dc (0xfdaa0013) addi    zero, s4, -38
core   0: 3 0x800098dc (0xfdaa0013)
core   0: 0x800098e0 (0x01314a63) blt     sp, s3, pc + 20
core   0: 3 0x800098e0 (0x01314a63)
core   0: 0x800098e4 (0x026b9b33) mulh    s6, s7, t1
core   0: 3 0x800098e4 (0x026b9b33) x22 0x00000000
core   0: 0x800098e8 (0xf2757017) auipc   zero, 0xf2757
core   0: 3 0x800098e8 (0xf2757017)
core   0: 0x800098ec (0x00000001) c.nop
core   0: 3 0x800098ec (0x0001)
core   0: 0x800098ee (0x01b61363) bne     a2, s11, pc + 6
core   0: 3 0x800098ee (0x01b61363)
core   0: 0x800098f4 (0x00009422) c.add   s0, s0
core   0: 3 0x800098f4 (0x9422) x8  0x00000000
core   0: 0x800098f6 (0x00008f85) c.sub   a5, s1
core   0: 3 0x800098f6 (0x8f85) x15 0xc39e9040
core   0: 0x800098f8 (0x0074e1b3) or      gp, s1, t2
core   0: 3 0x800098f8 (0x0074e1b3) x3  0xffffffb4
core   0: 0x800098fc (0x0000657d) c.lui   a0, 0x1f
core   0: 3 0x800098fc (0x657d) x10 0x0001f000
core   0: 0x800098fe (0x00008f2d) c.xor   a4, a1
core   0: 3 0x800098fe (0x8f2d) x14 0x0000060f
core   0: 0x80009900 (0x0000e019) c.bnez  s0, pc + 6
core   0: 3 0x80009900 (0xe019)
core   0: 0x80009902 (0x41595a13) srai    s4, s2, 21
core   0: 3 0x80009902 (0x41595a13) x20 0x00000000
core   0: 0x80009906 (0x9c593713) sltiu   a4, s2, -1595
core   0: 3 0x80009906 (0x9c593713) x14 0x00000001
core   0: 0x8000990a (0x0000587d) c.li    a6, -1
core   0: 3 0x8000990a (0x587d) x16 0xffffffff
core   0: 0x8000990c (0x03c75463) bge     a4, t3, pc + 40
core   0: 3 0x8000990c (0x03c75463)
core   0: 0x80009934 (0xe11d5837) lui     a6, 0xe11d5
core   0: 3 0x80009934 (0xe11d5837) x16 0xe11d5000
core   0: 0x80009938 (0x021de9b3) rem     s3, s11, ra
core   0: 3 0x80009938 (0x021de9b3) x19 0x00000000
core   0: 0x8000993c (0x00006169) c.addi16sp sp, 208
core   0: 3 0x8000993c (0x6169) x2  0x000003ff
core   0: 0x8000993e (0x00000001) c.nop
core   0: 3 0x8000993e (0x0001)
core   0: 0x80009940 (0x9c252513) slti    a0, a0, -1598
core   0: 3 0x80009940 (0x9c252513) x10 0x00000000
core   0: 0x80009944 (0x035b8f33) mul     t5, s7, s5
core   0: 3 0x80009944 (0x035b8f33) x30 0x00000085
core   0: 0x80009948 (0x01c216b3) sll     a3, tp, t3
core   0: 3 0x80009948 (0x01c216b3) x13 0x00000001
core   0: 0x8000994c (0x00008ee9) c.and   a3, a0
core   0: 3 0x8000994c (0x8ee9) x13 0x00000000
core   0: 0x8000994e (0x000003ce) c.slli  t2, 19
core   0: 3 0x8000994e (0x03ce) x7  0xe9200000
core   0: 0x80009950 (0x0000048c) c.addi4spn a1, sp, 576
core   0: 3 0x80009950 (0x048c) x11 0x0000063f
core   0: 0x80009952 (0x0000cc8d) c.beqz  s1, pc + 58
core   0: 3 0x80009952 (0xcc8d)
core   0: 0x80009954 (0x019ccd33) xor     s10, s9, s9
core   0: 3 0x80009954 (0x019ccd33) x26 0x00000000
core   0: 0x80009958 (0x02b8e9b3) rem     s3, a7, a1
core   0: 3 0x80009958 (0x02b8e9b3) x19 0xfffffeac
core   0: 0x8000995c (0x00009bfd) c.andi  a5, -1
core   0: 3 0x8000995c (0x9bfd) x15 0xc39e9040
core   0: 0x8000995e (0x402ed713) srai    a4, t4, 2
core   0: 3 0x8000995e (0x402ed713) x14 0x00000002
core   0: 0x80009962 (0x0196a833) slt     a6, a3, s9
core   0: 3 0x80009962 (0x0196a833) x16 0x00000000
core   0: 0x80009966 (0x00253333) sltu    t1, a0, sp
core   0: 3 0x80009966 (0x00253333) x6  0x00000001
core   0: 0x8000996a (0x0000986e) c.add   a6, s11
core   0: 3 0x8000996a (0x986e) x16 0x00000000
core   0: 0x8000996c (0x02b41233) mulh    tp, s0, a1
core   0: 3 0x8000996c (0x02b41233) x4  0x00000000
core   0: 0x80009970 (0x02d89063) bne     a7, a3, pc + 32
core   0: 3 0x80009970 (0x02d89063)
core   0: 0x80009990 (0x00000e76) c.slli  t3, 29
core   0: 3 0x80009990 (0x0e76) x28 0x00000000
core   0: 0x80009992 (0x01c1dd93) srli    s11, gp, 28
core   0: 3 0x80009992 (0x01c1dd93) x27 0x0000000f
core   0: 0x80009996 (0x03e69863) bne     a3, t5, pc + 48
core   0: 3 0x80009996 (0x03e69863)
core   0: 0x800099c6 (0x6a1d8093) addi    ra, s11, 1697
core   0: 3 0x800099c6 (0x6a1d8093) x1  0x000006b0
core   0: 0x800099ca (0xbb9fcb97) auipc   s7, 0xbb9fc
core   0: 3 0x800099ca (0xbb9fcb97) x23 0x3ba059ca
core   0: 0x800099ce (0x9448fa93) andi    s5, a7, -1724
core   0: 3 0x800099ce (0x9448fa93) x21 0xfffff804
core   0: 0x800099d2 (0x01d91a93) slli    s5, s2, 29
core   0: 3 0x800099d2 (0x01d91a93) x21 0x20000000
core   0: 0x800099d6 (0x01ebbbb3) sltu    s7, s7, t5
core   0: 3 0x800099d6 (0x01ebbbb3) x23 0x00000000
core   0: 0x800099da (0x000084b5) c.srai  s1, 13
core   0: 3 0x800099da (0x84b5) x9  0xffffffff
core   0: 0x800099dc (0x02e314b3) mulh    s1, t1, a4
core   0: 3 0x800099dc (0x02e314b3) x9  0x00000000
core   0: 0x800099e0 (0x01e85413) srli    s0, a6, 30
core   0: 3 0x800099e0 (0x01e85413) x8  0x00000000
core   0: 0x800099e4 (0x00008d21) c.xor   a0, s0
core   0: 3 0x800099e4 (0x8d21) x10 0x00000000
core   0: 0x800099e6 (0x0296e733) rem     a4, a3, s1
core   0: 3 0x800099e6 (0x0296e733) x14 0x00000000
core   0: 0x800099ea (0x02455cb3) divu    s9, a0, tp
core   0: 3 0x800099ea (0x02455cb3) x25 0xffffffff
core   0: 0x800099ee (0x03aa1563) bne     s4, s10, pc + 42
core   0: 3 0x800099ee (0x03aa1563)
core   0: 0x800099f2 (0x00004d85) c.li    s11, 1
core   0: 3 0x800099f2 (0x4d85) x27 0x00000001
core   0: 0x800099f4 (0xbd89f293) andi    t0, s3, -1064
core   0: 3 0x800099f4 (0xbd89f293) x5  0xfffffa88
core   0: 0x800099f8 (0x03fadab3) divu    s5, s5, t6
core   0: 3 0x800099f8 (0x03fadab3) x21 0x00000000
core   0: 0x800099fc (0x7e68cb37) lui     s6, 0x7e68c
core   0: 3 0x800099fc (0x7e68cb37) x22 0x7e68c000
core   0: 0x80009a00 (0x01d89a33) sll     s4, a7, t4
core   0: 3 0x80009a00 (0x01d89a33) x20 0xfffeac00
core   0: 0x80009a04 (0x02ed4063) blt     s10, a4, pc + 32
core   0: 3 0x80009a04 (0x02ed4063)
core   0: 0x80009a08 (0x0000e795) c.bnez  a5, pc + 44
core   0: 3 0x80009a08 (0xe795)
core   0: 0x80009a34 (0x003097b3) sll     a5, ra, gp
core   0: 3 0x80009a34 (0x003097b3) x15 0x6b000000
core   0: 0x80009a38 (0x0183d613) srli    a2, t2, 24
core   0: 3 0x80009a38 (0x0183d613) x12 0x000000e9
core   0: 0x80009a3c (0x00008e09) c.sub   a2, a0
core   0: 3 0x80009a3c (0x8e09) x12 0x000000e9
core   0: 0x80009a3e (0x00000001) c.nop
core   0: 3 0x80009a3e (0x0001)
core   0: 0x80009a40 (0x0000856a) c.mv    a0, s10
core   0: 3 0x80009a40 (0x856a) x10 0x00000000
core   0: 0x80009a42 (0x0000c195) c.beqz  a1, pc + 36
core   0: 3 0x80009a42 (0xc195)
core   0: 0x80009a44 (0x02b34733) div     a4, t1, a1
core   0: 3 0x80009a44 (0x02b34733) x14 0x00000000
core   0: 0x80009a48 (0x00d6d863) bge     a3, a3, pc + 16
core   0: 3 0x80009a48 (0x00d6d863)
core   0: 0x80009a58 (0x00008936) c.mv    s2, a3
core   0: 3 0x80009a58 (0x8936) x18 0x00000000
core   0: 0x80009a5a (0x0145c9b3) xor     s3, a1, s4
core   0: 3 0x80009a5a (0x0145c9b3) x19 0xfffeaa3f
core   0: 0x80009a5e (0x0389d7b3) divu    a5, s3, s8
core   0: 3 0x80009a5e (0x0389d7b3) x15 0x00000001
core   0: 0x80009a62 (0x00205d33) srl     s10, zero, sp
core   0: 3 0x80009a62 (0x00205d33) x26 0x00000000
core   0: 0x80009a66 (0x00000312) c.slli  t1, 4
core   0: 3 0x80009a66 (0x0312) x6  0x00000010
core   0: 0x80009a68 (0x00008d05) c.sub   a0, s1
core   0: 3 0x80009a68 (0x8d05) x10 0x00000000
core   0: 0x80009a6a (0x00008d85) c.sub   a1, s1
core   0: 3 0x80009a6a (0x8d85) x11 0x0000063f
core   0: 0x80009a6c (0x0000c705) c.beqz  a4, pc + 40
core   0: 3 0x80009a6c (0xc705)
core   0: 0x80009a94 (0x0000e189) c.bnez  a1, pc + 2
core   0: 3 0x80009a94 (0xe189)
core   0: 0x80009a96 (0x00008769) c.srai  a4, 26
core   0: 3 0x80009a96 (0x8769) x14 0x00000000
core   0: 0x80009a98 (0x0000849d) c.srai  s1, 7
core   0: 3 0x80009a98 (0x849d) x9  0x00000000
core   0: 0x80009a9a (0x03ba52b3) divu    t0, s4, s11
core   0: 3 0x80009a9a (0x03ba52b3) x5  0xfffeac00
core   0: 0x80009a9e (0xac75fe13) andi    t3, a1, -1337
core   0: 3 0x80009a9e (0xac75fe13) x28 0x00000207
core   0: 0x80009aa2 (0x008682b3) add     t0, a3, s0
core   0: 3 0x80009aa2 (0x008682b3) x5  0x00000000
core   0: 0x80009aa6 (0x019d6d33) or      s10, s10, s9
core   0: 3 0x80009aa6 (0x019d6d33) x26 0xffffffff
core   0: 0x80009aaa (0x01e17a33) and     s4, sp, t5
core   0: 3 0x80009aaa (0x01e17a33) x20 0x00000085
core   0: 0x80009aae (0x000087d1) c.srai  a5, 20
core   0: 3 0x80009aae (0x87d1) x15 0x00000000
core   0: 0x80009ab0 (0x033fc733) div     a4, t6, s3
core   0: 3 0x80009ab0 (0x033fc733) x14 0x00005fdf
core   0: 0x80009ab4 (0x03292d33) mulhsu  s10, s2, s2
core   0: 3 0x80009ab4 (0x03292d33) x26 0x00000000
core   0: 0x80009ab8 (0x00000c98) c.addi4spn a4, sp, 592
core   0: 3 0x80009ab8 (0x0c98) x14 0x0000064f
core   0: 0x80009aba (0x00000001) c.nop
core   0: 3 0x80009aba (0x0001)
core   0: 0x80009abc (0x00001cfd) c.addi  s9, -1
core   0: 3 0x80009abc (0x1cfd) x25 0xfffffffe
core   0: 0x80009abe (0x01ba6233) or      tp, s4, s11
core   0: 3 0x80009abe (0x01ba6233) x4  0x00000085
core   0: 0x80009ac2 (0x40628033) sub     zero, t0, t1
core   0: 3 0x80009ac2 (0x40628033)
core   0: 0x80009ac6 (0x00535593) srli    a1, t1, 5
core   0: 3 0x80009ac6 (0x00535593) x11 0x00000000
core   0: 0x80009aca (0x00de1e33) sll     t3, t3, a3
core   0: 3 0x80009aca (0x00de1e33) x28 0x00000207
core   0: 0x80009ace (0x00008162) c.mv    sp, s8
core   0: 3 0x80009ace (0x8162) x2  0x80025e8c
core   0: 0x80009ad0 (0xec588993) addi    s3, a7, -315
core   0: 3 0x80009ad0 (0xec588993) x19 0xfffffd71
core   0: 0x80009ad4 (0x02fd8833) mul     a6, s11, a5
core   0: 3 0x80009ad4 (0x02fd8833) x16 0x00000000
core   0: 0x80009ad8 (0x0000615d) c.addi16sp sp, 432
core   0: 3 0x80009ad8 (0x615d) x2  0x8002603c
core   0: 0x80009ada (0x00008359) c.srli  a4, 22
core   0: 3 0x80009ada (0x8359) x14 0x00000000
core   0: 0x80009adc (0x004bf1b3) and     gp, s7, tp
core   0: 3 0x80009adc (0x004bf1b3) x3  0x00000000
core   0: 0x80009ae0 (0x00735293) srli    t0, t1, 7
core   0: 3 0x80009ae0 (0x00735293) x5  0x00000000
core   0: 0x80009ae4 (0x2da48593) addi    a1, s1, 730
core   0: 3 0x80009ae4 (0x2da48593) x11 0x000002da
core   0: 0x80009ae8 (0x014df463) bgeu    s11, s4, pc + 8
core   0: 3 0x80009ae8 (0x014df463)
core   0: 0x80009aec (0x1fe90f13) addi    t5, s2, 510
core   0: 3 0x80009aec (0x1fe90f13) x30 0x000001fe
core   0: 0x80009af0 (0x5355ab93) slti    s7, a1, 1333
core   0: 3 0x80009af0 (0x5355ab93) x23 0x00000001
core   0: 0x80009af4 (0x00004629) c.li    a2, 10
core   0: 3 0x80009af4 (0x4629) x12 0x0000000a
core   0: 0x80009af6 (0x01525033) srl     zero, tp, s5
core   0: 3 0x80009af6 (0x01525033)
core   0: 0x80009afa (0x00008c95) c.sub   s1, a3
core   0: 3 0x80009afa (0x8c95) x9  0x00000000
core   0: 0x80009afc (0x17a5b797) auipc   a5, 0x17a5b
core   0: 3 0x80009afc (0x17a5b797) x15 0x97a64afc
core   0: 0x80009b00 (0x020bdbb3) divu    s7, s7, zero
core   0: 3 0x80009b00 (0x020bdbb3) x23 0xffffffff
core   0: 0x80009b04 (0x0218af33) mulhsu  t5, a7, ra
core   0: 3 0x80009b04 (0x0218af33) x30 0xffffffff
core   0: 0x80009b08 (0x00006911) c.lui   s2, 0x4
core   0: 3 0x80009b08 (0x6911) x18 0x00004000
core   0: 0x80009b0a (0x0d07c463) blt     a5, a6, pc + 200
core   0: 3 0x80009b0a (0x0d07c463)
core   0: 0x80009bd2 (0x0233f933) remu    s2, t2, gp
core   0: 3 0x80009bd2 (0x0233f933) x18 0xe9200000
core   0: 0x80009bd6 (0x00006635) c.lui   a2, 0xd
core   0: 3 0x80009bd6 (0x6635) x12 0x0000d000
core   0: 0x80009bd8 (0x020d5963) bgez    s10, pc + 50
core   0: 3 0x80009bd8 (0x020d5963)
core   0: 0x80009c0a (0x00499413) slli    s0, s3, 4
core   0: 3 0x80009c0a (0x00499413) x8  0xffffd710
core   0: 0x80009c0e (0x00c40cb3) add     s9, s0, a2
core   0: 3 0x80009c0e (0x00c40cb3) x25 0x0000a710
core   0: 0x80009c12 (0x00008df5) c.and   a1, a3
core   0: 3 0x80009c12 (0x8df5) x11 0x00000000
core   0: 0x80009c14 (0x016562b3) or      t0, a0, s6
core   0: 3 0x80009c14 (0x016562b3) x5  0x7e68c000
core   0: 0x80009c18 (0x00008246) c.mv    tp, a7
core   0: 3 0x80009c18 (0x8246) x4  0xfffffeac
core   0: 0x80009c1a (0x00006b69) c.lui   s6, 0x1a
core   0: 3 0x80009c1a (0x6b69) x22 0x0001a000
core   0: 0x80009c1c (0x00000001) c.nop
core   0: 3 0x80009c1c (0x0001)
core   0: 0x80009c1e (0x9a54ac93) slti    s9, s1, -1627
core   0: 3 0x80009c1e (0x9a54ac93) x25 0x00000000
core   0: 0x80009c22 (0x00000001) c.nop
core   0: 3 0x80009c22 (0x0001)
core   0: 0x80009c24 (0x02852ab3) mulhsu  s5, a0, s0
core   0: 3 0x80009c24 (0x02852ab3) x21 0x00000000
core   0: 0x80009c28 (0x00000d10) c.addi4spn a2, sp, 656
core   0: 3 0x80009c28 (0x0d10) x12 0x800262cc
core   0: 0x80009c2a (0x205de593) ori     a1, s11, 517
core   0: 3 0x80009c2a (0x205de593) x11 0x00000205
core   0: 0x80009c2e (0x0180ec63) bltu    ra, s8, pc + 24
core   0: 3 0x80009c2e (0x0180ec63)
core   0: 0x80009c46 (0x2703f693) andi    a3, t2, 624
core   0: 3 0x80009c46 (0x2703f693) x13 0x00000000
core   0: 0x80009c4a (0x01a71463) bne     a4, s10, pc + 8
core   0: 3 0x80009c4a (0x01a71463)
core   0: 0x80009c4e (0x01f45a33) srl     s4, s0, t6
core   0: 3 0x80009c4e (0x01f45a33) x20 0x0ffffd71
core   0: 0x80009c52 (0x000066b1) c.lui   a3, 0xc
core   0: 3 0x80009c52 (0x66b1) x13 0x0000c000
core   0: 0x80009c54 (0x01617933) and     s2, sp, s6
core   0: 3 0x80009c54 (0x01617933) x18 0x00002000
core   0: 0x80009c58 (0x0000168c) c.addi4spn a1, sp, 864
core   0: 3 0x80009c58 (0x168c) x11 0x8002639c
core   0: 0x80009c5a (0x036cfe33) remu    t3, s9, s6
core   0: 3 0x80009c5a (0x036cfe33) x28 0x00000000
core   0: 0x80009c5e (0x02b809b3) mul     s3, a6, a1
core   0: 3 0x80009c5e (0x02b809b3) x19 0x00000000
core   0: 0x80009c62 (0x00000b2e) c.slli  s6, 11
core   0: 3 0x80009c62 (0x0b2e) x22 0x0d000000
core   0: 0x80009c64 (0x003937b3) sltu    a5, s2, gp
core   0: 3 0x80009c64 (0x003937b3) x15 0x00000000
core   0: 0x80009c68 (0x000087aa) c.mv    a5, a0
core   0: 3 0x80009c68 (0x87aa) x15 0x00000000
core   0: 0x80009c6a (0x362e3717) auipc   a4, 0x362e3
core   0: 3 0x80009c6a (0x362e3717) x14 0xb62ecc6a
core   0: 0x80009c6e (0x00008e31) c.xor   a2, a2
core   0: 3 0x80009c6e (0x8e31) x12 0x00000000
core   0: 0x80009c70 (0x03bd45b3) div     a1, s10, s11
core   0: 3 0x80009c70 (0x03bd45b3) x11 0x00000000
core   0: 0x80009c74 (0x00008fd5) c.or    a5, a3
core   0: 3 0x80009c74 (0x8fd5) x15 0x0000c000
core   0: 0x80009c76 (0x02fad963) bge     s5, a5, pc + 50
core   0: 3 0x80009c76 (0x02fad963)
core   0: 0x80009c7a (0x01da2f33) slt     t5, s4, t4
core   0: 3 0x80009c7a (0x01da2f33) x30 0x00000000
core   0: 0x80009c7e (0xba082793) slti    a5, a6, -1120
core   0: 3 0x80009c7e (0xba082793) x15 0x00000000
core   0: 0x80009c82 (0x02dec0b3) div     ra, t4, a3
core   0: 3 0x80009c82 (0x02dec0b3) x1  0x00000000
core   0: 0x80009c86 (0x00eaeb33) or      s6, s5, a4
core   0: 3 0x80009c86 (0x00eaeb33) x22 0xb62ecc6a
core   0: 0x80009c8a (0x02a6f063) bgeu    a3, a0, pc + 32
core   0: 3 0x80009c8a (0x02a6f063)
core   0: 0x80009caa (0x7cd8f393) andi    t2, a7, 1997
core   0: 3 0x80009caa (0x7cd8f393) x7  0x0000068c
core   0: 0x80009cae (0x0000c711) c.beqz  a4, pc + 12
core   0: 3 0x80009cae (0xc711)
core   0: 0x80009cb0 (0x03fd7463) bgeu    s10, t6, pc + 40
core   0: 3 0x80009cb0 (0x03fd7463)
core   0: 0x80009cb4 (0x022b91b3) mulh    gp, s7, sp
core   0: 3 0x80009cb4 (0x022b91b3) x3  0x00000000
core   0: 0x80009cb8 (0x00006515) c.lui   a0, 0x5
core   0: 3 0x80009cb8 (0x6515) x10 0x00005000
core   0: 0x80009cba (0x00000514) c.addi4spn a3, sp, 640
core   0: 3 0x80009cba (0x0514) x13 0x800262bc
core   0: 0x80009cbc (0x000082c5) c.srli  a3, 17
core   0: 3 0x80009cbc (0x82c5) x13 0x00004001
core   0: 0x80009cbe (0x000b5bb3) srl     s7, s6, zero
core   0: 3 0x80009cbe (0x000b5bb3) x23 0xb62ecc6a
core   0: 0x80009cc2 (0x02391433) mulh    s0, s2, gp
core   0: 3 0x80009cc2 (0x02391433) x8  0x00000000
core   0: 0x80009cc6 (0x01f7c2b3) xor     t0, a5, t6
core   0: 3 0x80009cc6 (0x01f7c2b3) x5  0x80029d24
core   0: 0x80009cca (0x00000bf6) c.slli  s7, 29
core   0: 3 0x80009cca (0x0bf6) x23 0x40000000
core   0: 0x80009ccc (0x00156e63) bltu    a0, ra, pc + 28
core   0: 3 0x80009ccc (0x00156e63)
core   0: 0x80009cd0 (0x6fe363b7) lui     t2, 0x6fe36
core   0: 3 0x80009cd0 (0x6fe363b7) x7  0x6fe36000
core   0: 0x80009cd4 (0x004bd133) srl     sp, s7, tp
core   0: 3 0x80009cd4 (0x004bd133) x2  0x00040000
core   0: 0x80009cd8 (0x41f8d333) sra     t1, a7, t6
core   0: 3 0x80009cd8 (0x41f8d333) x6  0xffffffea
core   0: 0x80009cdc (0x02d0de33) divu    t3, ra, a3
core   0: 3 0x80009cdc (0x02d0de33) x28 0x00000000
core   0: 0x80009ce0 (0x031fc133) div     sp, t6, a7
core   0: 3 0x80009ce0 (0x031fc133) x2  0x00605e68
core   0: 0x80009ce4 (0xd28bec93) ori     s9, s7, -728
core   0: 3 0x80009ce4 (0xd28bec93) x25 0xfffffd28
core   0: 0x80009ce8 (0x02bb0663) beq     s6, a1, pc + 44
core   0: 3 0x80009ce8 (0x02bb0663)
core   0: 0x80009cec (0x02a26633) rem     a2, tp, a0
core   0: 3 0x80009cec (0x02a26633) x12 0xfffffeac
core   0: 0x80009cf0 (0x00006b91) c.lui   s7, 0x4
core   0: 3 0x80009cf0 (0x6b91) x23 0x00004000
core   0: 0x80009cf2 (0x418e8d33) sub     s10, t4, s8
core   0: 3 0x80009cf2 (0x418e8d33) x26 0x7ffda17c
core   0: 0x80009cf6 (0x0000527d) c.li    tp, -1
core   0: 3 0x80009cf6 (0x527d) x4  0xffffffff
core   0: 0x80009cf8 (0x0000070e) c.slli  a4, 3
core   0: 3 0x80009cf8 (0x070e) x14 0xb1766350
core   0: 0x80009cfa (0x00008591) c.srai  a1, 4
core   0: 3 0x80009cfa (0x8591) x11 0x00000000
core   0: 0x80009cfc (0x026e6363) bltu    t3, t1, pc + 38
core   0: 3 0x80009cfc (0x026e6363)
core   0: 0x80009d22 (0x00006ba5) c.lui   s7, 0x9
core   0: 3 0x80009d22 (0x6ba5) x23 0x00009000
core   0: 0x80009d24 (0x03b381b3) mul     gp, t2, s11
core   0: 3 0x80009d24 (0x03b381b3) x3  0x6fe36000
core   0: 0x80009d28 (0x0000817e) c.mv    sp, t6
core   0: 3 0x80009d28 (0x817e) x2  0x80029d24
core   0: 0x80009d2a (0x012f7763) bgeu    t5, s2, pc + 14
core   0: 3 0x80009d2a (0x012f7763)
core   0: 0x80009d2e (0x40d85413) srai    s0, a6, 13
core   0: 3 0x80009d2e (0x40d85413) x8  0x00000000
core   0: 0x80009d32 (0x00001dfd) c.addi  s11, -1
core   0: 3 0x80009d32 (0x1dfd) x27 0x00000000
core   0: 0x80009d34 (0xe4c7a7b7) lui     a5, 0xe4c7a
core   0: 3 0x80009d34 (0xe4c7a7b7) x15 0xe4c7a000
core   0: 0x80009d38 (0x037ae7b3) rem     a5, s5, s7
core   0: 3 0x80009d38 (0x037ae7b3) x15 0x00000000
core   0: 0x80009d3c (0x010859b3) srl     s3, a6, a6
core   0: 3 0x80009d3c (0x010859b3) x19 0x00000000
core   0: 0x80009d40 (0x021d40b3) div     ra, s10, ra
core   0: 3 0x80009d40 (0x021d40b3) x1  0xffffffff
core   0: 0x80009d44 (0xa48cac93) slti    s9, s9, -1464
core   0: 3 0x80009d44 (0xa48cac93) x25 0x00000000
core   0: 0x80009d48 (0x01d22d33) slt     s10, tp, t4
core   0: 3 0x80009d48 (0x01d22d33) x26 0x00000001
core   0: 0x80009d4c (0x00000001) c.nop
core   0: 3 0x80009d4c (0x0001)
core   0: 0x80009d4e (0x017bad33) slt     s10, s7, s7
core   0: 3 0x80009d4e (0x017bad33) x26 0x00000000
core   0: 0x80009d52 (0x00000142) c.slli  sp, 16
core   0: 3 0x80009d52 (0x0142) x2  0x9d240000
core   0: 0x80009d54 (0x00000001) c.nop
core   0: 3 0x80009d54 (0x0001)
core   0: 0x80009d56 (0xb8cf8197) auipc   gp, 0xb8cf8
core   0: 3 0x80009d56 (0xb8cf8197) x3  0x38d01d56
core   0: 0x80009d5a (0x019e9263) bne     t4, s9, pc + 4
core   0: 3 0x80009d5a (0x019e9263)
core   0: 0x80009d5e (0x415ad233) sra     tp, s5, s5
core   0: 3 0x80009d5e (0x415ad233) x4  0x00000000
core   0: 0x80009d62 (0x02d70263) beq     a4, a3, pc + 36
core   0: 3 0x80009d62 (0x02d70263)
core   0: 0x80009d66 (0x00683933) sltu    s2, a6, t1
core   0: 3 0x80009d66 (0x00683933) x18 0x00000001
core   0: 0x80009d6a (0x0000717d) c.addi16sp sp, -16
core   0: 3 0x80009d6a (0x717d) x2  0x9d23fff0
core   0: 0x80009d6c (0x01213db3) sltu    s11, sp, s2
core   0: 3 0x80009d6c (0x01213db3) x27 0x00000000
core   0: 0x80009d70 (0x0000717d) c.addi16sp sp, -16
core   0: 3 0x80009d70 (0x717d) x2  0x9d23ffe0
core   0: 0x80009d72 (0x00341233) sll     tp, s0, gp
core   0: 3 0x80009d72 (0x00341233) x4  0x00000000
core   0: 0x80009d76 (0x09205563) bge     zero, s2, pc + 138
core   0: 3 0x80009d76 (0x09205563)
core   0: 0x80009d7a (0x0000997d) c.andi  a0, -1
core   0: 3 0x80009d7a (0x997d) x10 0x00005000
core   0: 0x80009d7c (0x0239fdb3) remu    s11, s3, gp
core   0: 3 0x80009d7c (0x0239fdb3) x27 0x00000000
core   0: 0x80009d80 (0x00008141) c.srli  a0, 16
core   0: 3 0x80009d80 (0x8141) x10 0x00000000
core   0: 0x80009d82 (0x000057fd) c.li    a5, -1
core   0: 3 0x80009d82 (0x57fd) x15 0xffffffff
core   0: 0x80009d84 (0x000016fd) c.addi  a3, -1
core   0: 3 0x80009d84 (0x16fd) x13 0x00004000
core   0: 0x80009d86 (0x0298da33) divu    s4, a7, s1
core   0: 3 0x80009d86 (0x0298da33) x20 0xffffffff
core   0: 0x80009d8a (0x01cd5033) srl     zero, s10, t3
core   0: 3 0x80009d8a (0x01cd5033)
core   0: 0x80009d8e (0x0000879d) c.srai  a5, 7
core   0: 3 0x80009d8e (0x879d) x15 0xffffffff
core   0: 0x80009d90 (0x00006e17) auipc   t3, 0x6
core   0: 3 0x80009d90 (0x00006e17) x28 0x8000fd90
core   0: 0x80009d94 (0x372e0e13) addi    t3, t3, 882
core   0: 3 0x80009d94 (0x372e0e13) x28 0x80010102
core   0: 0x80009d98 (0x00fe05a3) sb      a5, 11(t3)
core   0: 3 0x80009d98 (0x00fe05a3) mem 0x8001010d 0xff
core   0: 0x80009d9c (0x0000587d) c.li    a6, -1
core   0: 3 0x80009d9c (0x587d) x16 0xffffffff
core   0: 0x80009d9e (0xfe4e0ba3) sb      tp, -9(t3)
core   0: 3 0x80009d9e (0xfe4e0ba3) mem 0x800100f9 0x00
core   0: 0x80009da2 (0xffae2603) lw      a2, -6(t3)
core   0: 3 0x80009da2 (0xffae2603) x12 0x81a51f81 mem 0x800100fc
core   0: 0x80009da6 (0x000e4983) lbu     s3, 0(t3)
core   0: 3 0x80009da6 (0x000e4983) x19 0x00000065 mem 0x80010102
core   0: 0x80009daa (0x002e5303) lhu     t1, 2(t3)
core   0: 3 0x80009daa (0x002e5303) x6  0x0000360c mem 0x80010104
core   0: 0x80009dae (0x002e1803) lh      a6, 2(t3)
core   0: 3 0x80009dae (0x002e1803) x16 0x0000360c mem 0x80010104
core   0: 0x80009db2 (0x006e2a03) lw      s4, 6(t3)
core   0: 3 0x80009db2 (0x006e2a03) x20 0xb425ffff mem 0x80010108
core   0: 0x80009db6 (0x006e1a83) lh      s5, 6(t3)
core   0: 3 0x80009db6 (0x006e1a83) x21 0xffffffff mem 0x80010108
core   0: 0x80009dba (0x00fe1323) sh      a5, 6(t3)
core   0: 3 0x80009dba (0x00fe1323) mem 0x80010108 0xffff
core   0: 0x80009dbe (0xff2e0d83) lb      s11, -14(t3)
core   0: 3 0x80009dbe (0xff2e0d83) x27 0x00000000 mem 0x800100f4
core   0: 0x80009dc2 (0x02096bb3) rem     s7, s2, zero
core   0: 3 0x80009dc2 (0x02096bb3) x23 0x00000001
core   0: 0x80009dc6 (0x4010d813) srai    a6, ra, 1
core   0: 3 0x80009dc6 (0x4010d813) x16 0xffffffff
core   0: 0x80009dca (0xff2e5183) lhu     gp, -14(t3)
core   0: 3 0x80009dca (0xff2e5183) x3  0x00000000 mem 0x800100f4
core   0: 0x80009dce (0x00006519) c.lui   a0, 0x6
core   0: 3 0x80009dce (0x6519) x10 0x00006000
core   0: 0x80009dd0 (0xff9e1923) sh      s9, -14(t3)
core   0: 3 0x80009dd0 (0xff9e1923) mem 0x800100f4 0x0000
core   0: 0x80009dd4 (0x00008d91) c.sub   a1, a2
core   0: 3 0x80009dd4 (0x8d91) x11 0x7e5ae07f
core   0: 0x80009dd6 (0xff3e4903) lbu     s2, -13(t3)
core   0: 3 0x80009dd6 (0xff3e4903) x18 0x00000000 mem 0x800100f5
core   0: 0x80009dda (0x01d239b3) sltu    s3, tp, t4
core   0: 3 0x80009dda (0x01d239b3) x19 0x00000001
core   0: 0x80009dde (0xfede09a3) sb      a3, -13(t3)
core   0: 3 0x80009dde (0xfede09a3) mem 0x800100f5 0x00
core   0: 0x80009de2 (0xff3e4c83) lbu     s9, -13(t3)
core   0: 3 0x80009de2 (0xff3e4c83) x25 0x00000000 mem 0x800100f5
core   0: 0x80009de6 (0xff3e0483) lb      s1, -13(t3)
core   0: 3 0x80009de6 (0xff3e0483) x9  0x00000000 mem 0x800100f5
core   0: 0x80009dea (0xfe7e09a3) sb      t2, -13(t3)
core   0: 3 0x80009dea (0xfe7e09a3) mem 0x800100f5 0x00
core   0: 0x80009dee (0x001e0383) lb      t2, 1(t3)
core   0: 3 0x80009dee (0x001e0383) x7  0xffffffa7 mem 0x80010103
core   0: 0x80009df2 (0x00008d75) c.and   a0, a3
core   0: 3 0x80009df2 (0x8d75) x10 0x00004000
core   0: 0x80009df4 (0x001e0583) lb      a1, 1(t3)
core   0: 3 0x80009df4 (0x001e0583) x11 0xffffffa7 mem 0x80010103
core   0: 0x80009df8 (0x00ee1403) lh      s0, 14(t3)
core   0: 3 0x80009df8 (0x00ee1403) x8  0xffff98c4 mem 0x80010110
core   0: 0x80009dfc (0xaed93993) sltiu   s3, s2, -1299
core   0: 3 0x80009dfc (0xaed93993) x19 0x00000001
core   0: 0x80009e00 (0x038f30b3) mulhu   ra, t5, s8
core   0: 3 0x80009e00 (0x038f30b3) x1  0x00000000
core   0: 0x80009e04 (0x01aca433) slt     s0, s9, s10
core   0: 3 0x80009e04 (0x01aca433) x8  0x00000000
core   0: 0x80009e08 (0x02d22a93) slti    s5, tp, 45
core   0: 3 0x80009e08 (0x02d22a93) x21 0x00000001
core   0: 0x80009e0c (0x8db87393) andi    t2, a6, -1829
core   0: 3 0x80009e0c (0x8db87393) x7  0xfffff8db
core   0: 0x80009e10 (0x4127da93) srai    s5, a5, 18
core   0: 3 0x80009e10 (0x4127da93) x21 0xffffffff
core   0: 0x80009e14 (0x25167413) andi    s0, a2, 593
core   0: 3 0x80009e14 (0x25167413) x8  0x00000201
core   0: 0x80009e18 (0x00006155) c.addi16sp sp, 304
core   0: 3 0x80009e18 (0x6155) x2  0x9d240110
core   0: 0x80009e1a (0x01f49c93) slli    s9, s1, 31
core   0: 3 0x80009e1a (0x01f49c93) x25 0x00000000
core   0: 0x80009e1e (0x01669db3) sll     s11, a3, s6
core   0: 3 0x80009e1e (0x01669db3) x27 0x01000000
core   0: 0x80009e22 (0x00008cf5) c.and   s1, a3
core   0: 3 0x80009e22 (0x8cf5) x9  0x00000000
core   0: 0x80009e24 (0x006c9433) sll     s0, s9, t1
core   0: 3 0x80009e24 (0x006c9433) x8  0x00000000
core   0: 0x80009e28 (0x0000e891) c.bnez  s1, pc + 20
core   0: 3 0x80009e28 (0xe891)
core   0: 0x80009e2a (0x0118ae33) slt     t3, a7, a7
core   0: 3 0x80009e2a (0x0118ae33) x28 0x00000000
core   0: 0x80009e2e (0x4b9abe13) sltiu   t3, s5, 1209
core   0: 3 0x80009e2e (0x4b9abe13) x28 0x00000000
core   0: 0x80009e32 (0x0000693d) c.lui   s2, 0xf
core   0: 3 0x80009e32 (0x693d) x18 0x0000f000
core   0: 0x80009e34 (0x4007d1b3) sra     gp, a5, zero
core   0: 3 0x80009e34 (0x4007d1b3) x3  0xffffffff
core   0: 0x80009e38 (0x0000cc01) c.beqz  s0, pc + 24
core   0: 3 0x80009e38 (0xcc01)
core   0: 0x80009e50 (0x02fb95b3) mulh    a1, s7, a5
core   0: 3 0x80009e50 (0x02fb95b3) x11 0xffffffff
core   0: 0x80009e54 (0x7ca9bb13) sltiu   s6, s3, 1994
core   0: 3 0x80009e54 (0x7ca9bb13) x22 0x00000001
core   0: 0x80009e58 (0x0000846d) c.srai  s0, 27
core   0: 3 0x80009e58 (0x846d) x8  0x00000000
core   0: 0x80009e5a (0x8f2f8113) addi    sp, t6, -1806
core   0: 3 0x80009e5a (0x8f2f8113) x2  0x80029616
core   0: 0x80009e5e (0x018b7cb3) and     s9, s6, s8
core   0: 3 0x80009e5e (0x018b7cb3) x25 0x00000000
core   0: 0x80009e62 (0x034ad533) divu    a0, s5, s4
core   0: 3 0x80009e62 (0x034ad533) x10 0x00000001
core   0: 0x80009e66 (0x00000b00) c.addi4spn s0, sp, 400
core   0: 3 0x80009e66 (0x0b00) x8  0x800297a6
core   0: 0x80009e68 (0x00008c89) c.sub   s1, a0
core   0: 3 0x80009e68 (0x8c89) x9  0xffffffff
core   0: 0x80009e6a (0x03dcf6b3) remu    a3, s9, t4
core   0: 3 0x80009e6a (0x03dcf6b3) x13 0x00000000
core   0: 0x80009e6e (0x41ad5333) sra     t1, s10, s10
core   0: 3 0x80009e6e (0x41ad5333) x6  0x00000000
core   0: 0x80009e72 (0x2ca74113) xori    sp, a4, 714
core   0: 3 0x80009e72 (0x2ca74113) x2  0xb176619a
core   0: 0x80009e76 (0x0024edb3) or      s11, s1, sp
core   0: 3 0x80009e76 (0x0024edb3) x27 0xffffffff
core   0: 0x80009e7a (0x032b1433) mulh    s0, s6, s2
core   0: 3 0x80009e7a (0x032b1433) x8  0x00000000
core   0: 0x80009e7e (0x022a4933) div     s2, s4, sp
core   0: 3 0x80009e7e (0x022a4933) x18 0x00000000
core   0: 0x80009e82 (0x01765893) srli    a7, a2, 23
core   0: 3 0x80009e82 (0x01765893) x17 0x00000103
core   0: 0x80009e86 (0xad9fe0ef) jal     pc - 0x1528
core   0: 3 0x80009e86 (0xad9fe0ef) x1  0x80009e8a
core   0: 0x8000895e (0x0348ea33) rem     s4, a7, s4
core   0: 3 0x8000895e (0x0348ea33) x20 0x00000103
core   0: 0x80008962 (0x07e16113) ori     sp, sp, 126
core   0: 3 0x80008962 (0x07e16113) x2  0xb17661fe
core   0: 0x80008966 (0x0224cab3) div     s5, s1, sp
core   0: 3 0x80008966 (0x0224cab3) x21 0x00000000
core   0: 0x8000896a (0xfccc0c13) addi    s8, s8, -52
core   0: 3 0x8000896a (0xfccc0c13) x24 0x80025e58
core   0: 0x8000896e (0x001c2223) sw      ra, 4(s8)
core   0: 3 0x8000896e (0x001c2223) mem 0x80025e5c 0x80009e8a
core   0: 0x80008972 (0x01fe01b3) add     gp, t3, t6
core   0: 3 0x80008972 (0x01fe01b3) x3  0x80029d24
core   0: 0x80008976 (0x037815b3) mulh    a1, a6, s7
core   0: 3 0x80008976 (0x037815b3) x11 0xffffffff
core   0: 0x8000897a (0x01f57b63) bgeu    a0, t6, pc + 22
core   0: 3 0x8000897a (0x01f57b63)
core   0: 0x8000897e (0x8841c113) xori    sp, gp, -1916
core   0: 3 0x8000897e (0x8841c113) x2  0x7ffd65a0
core   0: 0x80008982 (0xf1096193) ori     gp, s2, -240
core   0: 3 0x80008982 (0xf1096193) x3  0xffffff10
core   0: 0x80008986 (0x00008f65) c.and   a4, s1
core   0: 3 0x80008986 (0x8f65) x14 0xb1766350
core   0: 0x80008988 (0x02a79d33) mulh    s10, a5, a0
core   0: 3 0x80008988 (0x02a79d33) x26 0xffffffff
core   0: 0x8000898c (0x00dfd933) srl     s2, t6, a3
core   0: 3 0x8000898c (0x00dfd933) x18 0x80029d24
core   0: 0x80008990 (0xdf6ff0ef) jal     pc - 0xa0a
core   0: 3 0x80008990 (0xdf6ff0ef) x1  0x80008994
core   0: 0x80007f86 (0x000099fd) c.andi  a1, -1
core   0: 3 0x80007f86 (0x99fd) x11 0xffffffff
core   0: 0x80007f88 (0x004e0763) beq     t3, tp, pc + 14
core   0: 3 0x80007f88 (0x004e0763)
core   0: 0x80007f96 (0x00001c01) c.addi  s8, -32
core   0: 3 0x80007f96 (0x1c01) x24 0x80025e38
core   0: 0x80007f98 (0x0075bb33) sltu    s6, a1, t2
core   0: 3 0x80007f98 (0x0075bb33) x22 0x00000000
core   0: 0x80007f9c (0x00009a7d) c.andi  a2, -1
core   0: 3 0x80007f9c (0x9a7d) x12 0x81a51f81
core   0: 0x80007f9e (0x00009afe) c.add   s5, t6
core   0: 3 0x80007f9e (0x9afe) x21 0x80029d24
core   0: 0x80007fa0 (0x00df1e13) slli    t3, t5, 13
core   0: 3 0x80007fa0 (0x00df1e13) x28 0x00000000
core   0: 0x80007fa4 (0x001c2223) sw      ra, 4(s8)
core   0: 3 0x80007fa4 (0x001c2223) mem 0x80025e3c 0x80008994
core   0: 0x80007fa8 (0xe4574313) xori    t1, a4, -443
core   0: 3 0x80007fa8 (0xe4574313) x6  0x4e899d15
core   0: 0x80007fac (0x036c2633) mulhsu  a2, s8, s6
core   0: 3 0x80007fac (0x036c2633) x12 0x00000000
core   0: 0x80007fb0 (0x00008117) auipc   sp, 0x8
core   0: 3 0x80007fb0 (0x00008117) x2  0x8000ffb0
core   0: 0x80007fb4 (0x4d810113) addi    sp, sp, 1240
core   0: 3 0x80007fb4 (0x4d810113) x2  0x80010488
core   0: 0x80007fb8 (0xfe811e03) lh      t3, -24(sp)
core   0: 3 0x80007fb8 (0xfe811e03) x28 0xffff92f6 mem 0x80010470
core   0: 0x80007fbc (0xfe814c83) lbu     s9, -24(sp)
core   0: 3 0x80007fbc (0xfe814c83) x25 0x000000f6 mem 0x80010470
core   0: 0x80007fc0 (0x00008cae) c.mv    s9, a1
core   0: 3 0x80007fc0 (0x8cae) x25 0xffffffff
core   0: 0x80007fc2 (0xffd11423) sh      t4, -24(sp)
core   0: 3 0x80007fc2 (0xffd11423) mem 0x80010470 0x0008
core   0: 0x80007fc6 (0x00008285) c.srli  a3, 1
core   0: 3 0x80007fc6 (0x8285) x13 0x00000000
core   0: 0x80007fc8 (0xfe811003) lh      zero, -24(sp)
core   0: 3 0x80007fc8 (0xfe811003) mem 0x80010470
core   0: 0x80007fcc (0xfe312423) sw      gp, -24(sp)
core   0: 3 0x80007fcc (0xfe312423) mem 0x80010470 0xffffff10
core   0: 0x80007fd0 (0x00000001) c.nop
core   0: 3 0x80007fd0 (0x0001)
core   0: 0x80007fd2 (0xfe814e03) lbu     t3, -24(sp)
core   0: 3 0x80007fd2 (0xfe814e03) x28 0x00000010 mem 0x80010470
core   0: 0x80007fd6 (0xffc12423) sw      t3, -24(sp)
core   0: 3 0x80007fd6 (0xffc12423) mem 0x80010470 0x00000010
core   0: 0x80007fda (0xfe814283) lbu     t0, -24(sp)
core   0: 3 0x80007fda (0xfe814283) x5  0x00000010 mem 0x80010470
core   0: 0x80007fde (0xfe815d03) lhu     s10, -24(sp)
core   0: 3 0x80007fde (0xfe815d03) x26 0x00000010 mem 0x80010470
core   0: 0x80007fe2 (0xfe311423) sh      gp, -24(sp)
core   0: 3 0x80007fe2 (0xfe311423) mem 0x80010470 0xff10
core   0: 0x80007fe6 (0xff312423) sw      s3, -24(sp)
core   0: 3 0x80007fe6 (0xff312423) mem 0x80010470 0x00000001
core   0: 0x80007fea (0xfe810683) lb      a3, -24(sp)
core   0: 3 0x80007fea (0xfe810683) x13 0x00000001 mem 0x80010470
core   0: 0x80007fee (0xfe511423) sh      t0, -24(sp)
core   0: 3 0x80007fee (0xfe511423) mem 0x80010470 0x0010
core   0: 0x80007ff2 (0xff710423) sb      s7, -24(sp)
core   0: 3 0x80007ff2 (0xff710423) mem 0x80010470 0x01
core   0: 0x80007ff6 (0xfe712423) sw      t2, -24(sp)
core   0: 3 0x80007ff6 (0xfe712423) mem 0x80010470 0xfffff8db
core   0: 0x80007ffa (0x0000d497) auipc   s1, 0xd
core   0: 3 0x80007ffa (0x0000d497) x9  0x80014ffa
core   0: 0x80007ffe (0xe0b48493) addi    s1, s1, -501
core   0: 3 0x80007ffe (0xe0b48493) x9  0x80014e05
core   0: 0x80008002 (0xffc4cb83) lbu     s7, -4(s1)
core   0: 3 0x80008002 (0xffc4cb83) x23 0x00000000 mem 0x80014e01
core   0: 0x80008006 (0x0000190c) c.addi4spn a1, sp, 176
core   0: 3 0x80008006 (0x190c) x11 0x80010538
core   0: 0x80008008 (0x01b20033) add     zero, tp, s11
core   0: 3 0x80008008 (0x01b20033)
core   0: 0x8000800c (0x00648203) lb      tp, 6(s1)
core   0: 3 0x8000800c (0x00648203) x4  0xffffff9d mem 0x80014e0b
core   0: 0x80008010 (0xff448983) lb      s3, -12(s1)
core   0: 3 0x80008010 (0xff448983) x19 0x0000000b mem 0x80014df9
core   0: 0x80008014 (0x00248a83) lb      s5, 2(s1)
core   0: 3 0x80008014 (0x00248a83) x21 0xffffffbc mem 0x80014e07
core   0: 0x80008018 (0xff549303) lh      t1, -11(s1)
core   0: 3 0x80008018 (0xff549303) x6  0x0000688e mem 0x80014dfa
core   0: 0x8000801c (0x01a48623) sb      s10, 12(s1)
core   0: 3 0x8000801c (0x01a48623) mem 0x80014e11 0x10
core   0: 0x80008020 (0x00448283) lb      t0, 4(s1)
core   0: 3 0x80008020 (0x00448283) x5  0xffffff80 mem 0x80014e09
core   0: 0x80008024 (0xff148d83) lb      s11, -15(s1)
core   0: 3 0x80008024 (0xff148d83) x27 0xffffffbb mem 0x80014df6
core   0: 0x80008028 (0x007482a3) sb      t2, 5(s1)
core   0: 3 0x80008028 (0x007482a3) mem 0x80014e0a 0xdb
core   0: 0x8000802c (0x0183d813) srli    a6, t2, 24
core   0: 3 0x8000802c (0x0183d813) x16 0x000000ff
core   0: 0x80008030 (0x3a29e937) lui     s2, 0x3a29e
core   0: 3 0x80008030 (0x3a29e937) x18 0x3a29e000
core   0: 0x80008034 (0x00000f5e) c.slli  t5, 23
core   0: 3 0x80008034 (0x0f5e) x30 0x00000000
core   0: 0x80008036 (0x03b602b3) mul     t0, a2, s11
core   0: 3 0x80008036 (0x03b602b3) x5  0x00000000
core   0: 0x8000803a (0x035a9cb3) mulh    s9, s5, s5
core   0: 3 0x8000803a (0x035a9cb3) x25 0x00000000
core   0: 0x8000803e (0xffc48383) lb      t2, -4(s1)
core   0: 3 0x8000803e (0xffc48383) x7  0x00000000 mem 0x80014e01
core   0: 0x80008042 (0x0004c083) lbu     ra, 0(s1)
core   0: 3 0x80008042 (0x0004c083) x1  0x00000085 mem 0x80014e05
core   0: 0x80008046 (0x01f492a3) sh      t6, 5(s1)
core   0: 3 0x80008046 (0x01f492a3) mem 0x80014e0a 0x9d24
core   0: 0x8000804a (0x0034ca83) lbu     s5, 3(s1)
core   0: 3 0x8000804a (0x0034ca83) x21 0x00000036 mem 0x80014e08
core   0: 0x8000804e (0x00c485a3) sb      a2, 11(s1)
core   0: 3 0x8000804e (0x00c485a3) mem 0x80014e10 0x00
core   0: 0x80008052 (0x039985b3) mul     a1, s3, s9
core   0: 3 0x80008052 (0x039985b3) x11 0x00000000
core   0: 0x80008056 (0x00008dad) c.xor   a1, a1
core   0: 3 0x80008056 (0x8dad) x11 0x00000000
core   0: 0x80008058 (0xffc48383) lb      t2, -4(s1)
core   0: 3 0x80008058 (0xffc48383) x7  0x00000000 mem 0x80014e01
core   0: 0x8000805c (0x00000001) c.nop
core   0: 3 0x8000805c (0x0001)
core   0: 0x8000805e (0x0156ca33) xor     s4, a3, s5
core   0: 3 0x8000805e (0x0156ca33) x20 0x00000037
core   0: 0x80008062 (0xff348083) lb      ra, -13(s1)
core   0: 3 0x80008062 (0xff348083) x1  0x0000000b mem 0x80014df8
core   0: 0x80008066 (0xff948e23) sb      s9, -4(s1)
core   0: 3 0x80008066 (0xff948e23) mem 0x80014e01 0x00
core   0: 0x8000806a (0xff848683) lb      a3, -8(s1)
core   0: 3 0x8000806a (0xff848683) x13 0xffffffae mem 0x80014dfd
core   0: 0x8000806e (0x00e4c503) lbu     a0, 14(s1)
core   0: 3 0x8000806e (0x00e4c503) x10 0x0000005b mem 0x80014e13
core   0: 0x80008072 (0x01251db3) sll     s11, a0, s2
core   0: 3 0x80008072 (0x01251db3) x27 0x0000005b
core   0: 0x80008076 (0xff348603) lb      a2, -13(s1)
core   0: 3 0x80008076 (0xff348603) x12 0x0000000b mem 0x80014df8
core   0: 0x8000807a (0x01048183) lb      gp, 16(s1)
core   0: 3 0x8000807a (0x01048183) x3  0x00000049 mem 0x80014e15
core   0: 0x8000807e (0x00648803) lb      a6, 6(s1)
core   0: 3 0x8000807e (0x00648803) x16 0xffffff9d mem 0x80014e0b
core   0: 0x80008082 (0xff64c403) lbu     s0, -10(s1)
core   0: 3 0x80008082 (0xff64c403) x8  0x00000068 mem 0x80014dfb
core   0: 0x80008086 (0x000082f9) c.srli  a3, 30
core   0: 3 0x80008086 (0x82f9) x13 0x00000003
core   0: 0x80008088 (0x00548083) lb      ra, 5(s1)
core   0: 3 0x80008088 (0x00548083) x1  0x00000024 mem 0x80014e0a
core   0: 0x8000808c (0x008000ef) jal     pc + 0x8
core   0: 3 0x8000808c (0x008000ef) x1  0x80008090
core   0: 0x80008094 (0x0000a811) c.j     pc + 20
core   0: 3 0x80008094 (0xa811)
core   0: 0x800080a8 (0x006000ef) jal     pc + 0x6
core   0: 3 0x800080a8 (0x006000ef) x1  0x800080ac
core   0: 0x800080ae (0xff1ff0ef) jal     pc - 0x10
core   0: 3 0x800080ae (0xff1ff0ef) x1  0x800080b2
core   0: 0x8000809e (0x0000bfe5) c.j     pc - 8
core   0: 3 0x8000809e (0xbfe5)
core   0: 0x80008096 (0xffbff0ef) jal     pc - 0x6
core   0: 3 0x80008096 (0xffbff0ef) x1  0x8000809a
core   0: 0x80008090 (0x0280036f) jal     t1, pc + 0x28
core   0: 3 0x80008090 (0x0280036f) x6  0x80008094
core   0: 0x800080b8 (0x008000ef) jal     pc + 0x8
core   0: 3 0x800080b8 (0x008000ef) x1  0x800080bc
core   0: 0x800080c0 (0xff5ff36f) jal     t1, pc - 0xc
core   0: 3 0x800080c0 (0xff5ff36f) x6  0x800080c4
core   0: 0x800080b4 (0x00a0016f) jal     sp, pc + 0xa
core   0: 3 0x800080b4 (0x00a0016f) x2  0x800080b8
core   0: 0x800080be (0x00003ff1) c.jal   pc - 36
core   0: 3 0x800080be (0x3ff1) x1  0x800080c0
core   0: 0x8000809a (0x0000a821) c.j     pc + 24
core   0: 3 0x8000809a (0xa821)
core   0: 0x800080b2 (0x000037ed) c.jal   pc - 22
core   0: 3 0x800080b2 (0x37ed) x1  0x800080b4
core   0: 0x8000809c (0x00002005) c.jal   pc + 32
core   0: 3 0x8000809c (0x2005) x1  0x8000809e
core   0: 0x800080bc (0x000037e5) c.jal   pc - 24
core   0: 3 0x800080bc (0x37e5) x1  0x800080be
core   0: 0x800080a4 (0xffdff0ef) jal     pc - 0x4
core   0: 3 0x800080a4 (0xffdff0ef) x1  0x800080a8
core   0: 0x800080a0 (0x00c000ef) jal     pc + 0xc
core   0: 3 0x800080a0 (0x00c000ef) x1  0x800080a4
core   0: 0x800080ac (0x00002821) c.jal   pc + 24
core   0: 3 0x800080ac (0x2821) x1  0x800080ae
core   0: 0x800080c4 (0x5f52f597) auipc   a1, 0x5f52f
core   0: 3 0x800080c4 (0x5f52f597) x11 0xdf5370c4
core   0: 0x800080c8 (0x00004ca9) c.li    s9, 10
core   0: 3 0x800080c8 (0x4ca9) x25 0x0000000a
core   0: 0x800080ca (0x000047d1) c.li    a5, 20
core   0: 3 0x800080ca (0x47d1) x15 0x00000014
core   0: 0x800080cc (0x03d05f33) divu    t5, zero, t4
core   0: 3 0x800080cc (0x03d05f33) x30 0x00000000
core   0: 0x800080d0 (0x00000c89) c.addi  s9, 2
core   0: 3 0x800080d0 (0x0c89) x25 0x0000000c
core   0: 0x800080d2 (0x00004609) c.li    a2, 2
core   0: 3 0x800080d2 (0x4609) x12 0x00000002
core   0: 0x800080d4 (0x00004829) c.li    a6, 10
core   0: 3 0x800080d4 (0x4829) x16 0x0000000a
core   0: 0x800080d6 (0x00008f29) c.xor   a4, a0
core   0: 3 0x800080d6 (0x8f29) x14 0xb176630b
core   0: 0x800080d8 (0x00000619) c.addi  a2, 6
core   0: 3 0x800080d8 (0x0619) x12 0x00000008
core   0: 0x800080da (0xff064ee3) blt     a2, a6, pc - 4
core   0: 3 0x800080da (0xff064ee3)
core   0: 0x800080d6 (0x00008f29) c.xor   a4, a0
core   0: 3 0x800080d6 (0x8f29) x14 0xb1766350
core   0: 0x800080d8 (0x00000619) c.addi  a2, 6
core   0: 3 0x800080d8 (0x0619) x12 0x0000000e
core   0: 0x800080da (0xff064ee3) blt     a2, a6, pc - 4
core   0: 3 0x800080da (0xff064ee3)
core   0: 0x800080de (0xfefc97e3) bne     s9, a5, pc - 18
core   0: 3 0x800080de (0xfefc97e3)
core   0: 0x800080cc (0x03d05f33) divu    t5, zero, t4
core   0: 3 0x800080cc (0x03d05f33) x30 0x00000000
core   0: 0x800080d0 (0x00000c89) c.addi  s9, 2
core   0: 3 0x800080d0 (0x0c89) x25 0x0000000e
core   0: 0x800080d2 (0x00004609) c.li    a2, 2
core   0: 3 0x800080d2 (0x4609) x12 0x00000002
core   0: 0x800080d4 (0x00004829) c.li    a6, 10
core   0: 3 0x800080d4 (0x4829) x16 0x0000000a
core   0: 0x800080d6 (0x00008f29) c.xor   a4, a0
core   0: 3 0x800080d6 (0x8f29) x14 0xb176630b
core   0: 0x800080d8 (0x00000619) c.addi  a2, 6
core   0: 3 0x800080d8 (0x0619) x12 0x00000008
core   0: 0x800080da (0xff064ee3) blt     a2, a6, pc - 4
core   0: 3 0x800080da (0xff064ee3)
core   0: 0x800080d6 (0x00008f29) c.xor   a4, a0
core   0: 3 0x800080d6 (0x8f29) x14 0xb1766350
core   0: 0x800080d8 (0x00000619) c.addi  a2, 6
core   0: 3 0x800080d8 (0x0619) x12 0x0000000e
core   0: 0x800080da (0xff064ee3) blt     a2, a6, pc - 4
core   0: 3 0x800080da (0xff064ee3)
core   0: 0x800080de (0xfefc97e3) bne     s9, a5, pc - 18
core   0: 3 0x800080de (0xfefc97e3)
core   0: 0x800080cc (0x03d05f33) divu    t5, zero, t4
core   0: 3 0x800080cc (0x03d05f33) x30 0x00000000
core   0: 0x800080d0 (0x00000c89) c.addi  s9, 2
core   0: 3 0x800080d0 (0x0c89) x25 0x00000010
core   0: 0x800080d2 (0x00004609) c.li    a2, 2
core   0: 3 0x800080d2 (0x4609) x12 0x00000002
core   0: 0x800080d4 (0x00004829) c.li    a6, 10
core   0: 3 0x800080d4 (0x4829) x16 0x0000000a
core   0: 0x800080d6 (0x00008f29) c.xor   a4, a0
core   0: 3 0x800080d6 (0x8f29) x14 0xb176630b
core   0: 0x800080d8 (0x00000619) c.addi  a2, 6
core   0: 3 0x800080d8 (0x0619) x12 0x00000008
core   0: 0x800080da (0xff064ee3) blt     a2, a6, pc - 4
core   0: 3 0x800080da (0xff064ee3)
core   0: 0x800080d6 (0x00008f29) c.xor   a4, a0
core   0: 3 0x800080d6 (0x8f29) x14 0xb1766350
core   0: 0x800080d8 (0x00000619) c.addi  a2, 6
core   0: 3 0x800080d8 (0x0619) x12 0x0000000e
core   0: 0x800080da (0xff064ee3) blt     a2, a6, pc - 4
core   0: 3 0x800080da (0xff064ee3)
core   0: 0x800080de (0xfefc97e3) bne     s9, a5, pc - 18
core   0: 3 0x800080de (0xfefc97e3)
core   0: 0x800080cc (0x03d05f33) divu    t5, zero, t4
core   0: 3 0x800080cc (0x03d05f33) x30 0x00000000
core   0: 0x800080d0 (0x00000c89) c.addi  s9, 2
core   0: 3 0x800080d0 (0x0c89) x25 0x00000012
core   0: 0x800080d2 (0x00004609) c.li    a2, 2
core   0: 3 0x800080d2 (0x4609) x12 0x00000002
core   0: 0x800080d4 (0x00004829) c.li    a6, 10
core   0: 3 0x800080d4 (0x4829) x16 0x0000000a
core   0: 0x800080d6 (0x00008f29) c.xor   a4, a0
core   0: 3 0x800080d6 (0x8f29) x14 0xb176630b
core   0: 0x800080d8 (0x00000619) c.addi  a2, 6
core   0: 3 0x800080d8 (0x0619) x12 0x00000008
core   0: 0x800080da (0xff064ee3) blt     a2, a6, pc - 4
core   0: 3 0x800080da (0xff064ee3)
core   0: 0x800080d6 (0x00008f29) c.xor   a4, a0
core   0: 3 0x800080d6 (0x8f29) x14 0xb1766350
core   0: 0x800080d8 (0x00000619) c.addi  a2, 6
core   0: 3 0x800080d8 (0x0619) x12 0x0000000e
core   0: 0x800080da (0xff064ee3) blt     a2, a6, pc - 4
core   0: 3 0x800080da (0xff064ee3)
core   0: 0x800080de (0xfefc97e3) bne     s9, a5, pc - 18
core   0: 3 0x800080de (0xfefc97e3)
core   0: 0x800080cc (0x03d05f33) divu    t5, zero, t4
core   0: 3 0x800080cc (0x03d05f33) x30 0x00000000
core   0: 0x800080d0 (0x00000c89) c.addi  s9, 2
core   0: 3 0x800080d0 (0x0c89) x25 0x00000014
core   0: 0x800080d2 (0x00004609) c.li    a2, 2
core   0: 3 0x800080d2 (0x4609) x12 0x00000002
core   0: 0x800080d4 (0x00004829) c.li    a6, 10
core   0: 3 0x800080d4 (0x4829) x16 0x0000000a
core   0: 0x800080d6 (0x00008f29) c.xor   a4, a0
core   0: 3 0x800080d6 (0x8f29) x14 0xb176630b
core   0: 0x800080d8 (0x00000619) c.addi  a2, 6
core   0: 3 0x800080d8 (0x0619) x12 0x00000008
core   0: 0x800080da (0xff064ee3) blt     a2, a6, pc - 4
core   0: 3 0x800080da (0xff064ee3)
core   0: 0x800080d6 (0x00008f29) c.xor   a4, a0
core   0: 3 0x800080d6 (0x8f29) x14 0xb1766350
core   0: 0x800080d8 (0x00000619) c.addi  a2, 6
core   0: 3 0x800080d8 (0x0619) x12 0x0000000e
core   0: 0x800080da (0xff064ee3) blt     a2, a6, pc - 4
core   0: 3 0x800080da (0xff064ee3)
core   0: 0x800080de (0xfefc97e3) bne     s9, a5, pc - 18
core   0: 3 0x800080de (0xfefc97e3)
core   0: 0x800080e2 (0x03d4adb3) mulhsu  s11, s1, t4
core   0: 3 0x800080e2 (0x03d4adb3) x27 0xfffffffc
core   0: 0x800080e6 (0x40650733) sub     a4, a0, t1
core   0: 3 0x800080e6 (0x40650733) x14 0x7fff7f97
core   0: 0x800080ea (0x0000c009) c.beqz  s0, pc + 2
core   0: 3 0x800080ea (0xc009)
core   0: 0x800080ec (0x018d5e63) bge     s10, s8, pc + 28
core   0: 3 0x800080ec (0x018d5e63)
core   0: 0x80008108 (0x405e83b3) sub     t2, t4, t0
core   0: 3 0x80008108 (0x405e83b3) x7  0x00000008
core   0: 0x8000810c (0x03678f33) mul     t5, a5, s6
core   0: 3 0x8000810c (0x03678f33) x30 0x00000000
core   0: 0x80008110 (0x029f7d63) bgeu    t5, s1, pc + 58
core   0: 3 0x80008110 (0x029f7d63)
core   0: 0x80008114 (0x51b54d93) xori    s11, a0, 1307
core   0: 3 0x80008114 (0x51b54d93) x27 0x00000540
core   0: 0x80008118 (0x00006311) c.lui   t1, 0x4
core   0: 3 0x80008118 (0x6311) x6  0x00004000
core   0: 0x8000811a (0x024a68b3) rem     a7, s4, tp
core   0: 3 0x8000811a (0x024a68b3) x17 0x00000037
core   0: 0x8000811e (0x010ebe33) sltu    t3, t4, a6
core   0: 3 0x8000811e (0x010ebe33) x28 0x00000001
core   0: 0x80008122 (0x0162f933) and     s2, t0, s6
core   0: 3 0x80008122 (0x0162f933) x18 0x00000000
core   0: 0x80008126 (0x025d7a63) bgeu    s10, t0, pc + 52
core   0: 3 0x80008126 (0x025d7a63)
core   0: 0x8000815a (0xf94a7693) andi    a3, s4, -108
core   0: 3 0x8000815a (0xf94a7693) x13 0x00000014
core   0: 0x8000815e (0x75108e13) addi    t3, ra, 1873
core   0: 3 0x8000815e (0x75108e13) x28 0x800087ff
core   0: 0x80008162 (0x00008eb5) c.xor   a3, a3
core   0: 3 0x80008162 (0x8eb5) x13 0x00000000
core   0: 0x80008164 (0x0000039c) c.addi4spn a5, sp, 448
core   0: 3 0x80008164 (0x039c) x15 0x80008278
core   0: 0x80008166 (0x00000001) c.nop
core   0: 3 0x80008166 (0x0001)
core   0: 0x80008168 (0x00008db9) c.xor   a1, a4
core   0: 3 0x80008168 (0x8db9) x11 0xa0ac0f53
core   0: 0x8000816a (0x0000cc19) c.beqz  s0, pc + 30
core   0: 3 0x8000816a (0xcc19)
core   0: 0x8000816c (0x7e277913) andi    s2, a4, 2018
core   0: 3 0x8000816c (0x7e277913) x18 0x00000782
core   0: 0x80008170 (0x00001498) c.addi4spn a4, sp, 608
core   0: 3 0x80008170 (0x1498) x14 0x80008318
core   0: 0x80008172 (0x0385e1b3) rem     gp, a1, s8
core   0: 3 0x80008172 (0x0385e1b3) x3  0xa0ac0f53
core   0: 0x80008176 (0x02a96763) bltu    s2, a0, pc + 46
core   0: 3 0x80008176 (0x02a96763)
core   0: 0x8000817a (0x028af233) remu    tp, s5, s0
core   0: 3 0x8000817a (0x028af233) x4  0x00000036
core   0: 0x8000817e (0x012775b3) and     a1, a4, s2
core   0: 3 0x8000817e (0x012775b3) x11 0x00000300
core   0: 0x80008182 (0x0000672d) c.lui   a4, 0xb
core   0: 3 0x80008182 (0x672d) x14 0x0000b000
core   0: 0x80008184 (0x0ea10513) addi    a0, sp, 234
core   0: 3 0x80008184 (0x0ea10513) x10 0x800081a2
core   0: 0x80008188 (0x402dd333) sra     t1, s11, sp
core   0: 3 0x80008188 (0x402dd333) x6  0x00000000
core   0: 0x8000818c (0x0092c6b3) xor     a3, t0, s1
core   0: 3 0x8000818c (0x0092c6b3) x13 0x80014e05
core   0: 0x80008190 (0x0000c801) c.beqz  s0, pc + 16
core   0: 3 0x80008190 (0xc801)
core   0: 0x80008192 (0x397f2c93) slti    s9, t5, 919
core   0: 3 0x80008192 (0x397f2c93) x25 0x00000001
core   0: 0x80008196 (0x0351ce33) div     t3, gp, s5
core   0: 3 0x80008196 (0x0351ce33) x28 0xfe3c1340
core   0: 0x8000819a (0x65b3bbb7) lui     s7, 0x65b3b
core   0: 3 0x8000819a (0x65b3bbb7) x23 0x65b3b000
core   0: 0x8000819e (0x000019fd) c.addi  s3, -1
core   0: 3 0x8000819e (0x19fd) x19 0x0000000a
core   0: 0x800081a0 (0x000098fe) c.add   a7, t6
core   0: 3 0x800081a0 (0x98fe) x17 0x80029d5b
core   0: 0x800081a2 (0x00008ea5) c.xor   a3, s1
core   0: 3 0x800081a2 (0x8ea5) x13 0x00000000
core   0: 0x800081a4 (0x00000192) c.slli  gp, 4
core   0: 3 0x800081a4 (0x0192) x3  0x0ac0f530
core   0: 0x800081a6 (0x0d872d93) slti    s11, a4, 216
core   0: 3 0x800081a6 (0x0d872d93) x27 0x00000000
core   0: 0x800081aa (0x0512f463) bgeu    t0, a7, pc + 72
core   0: 3 0x800081aa (0x0512f463)
core   0: 0x800081ae (0x02917033) remu    zero, sp, s1
core   0: 3 0x800081ae (0x02917033)
core   0: 0x800081b2 (0x02a355b3) divu    a1, t1, a0
core   0: 3 0x800081b2 (0x02a355b3) x11 0x00000000
core   0: 0x800081b6 (0x40595b13) srai    s6, s2, 5
core   0: 3 0x800081b6 (0x40595b13) x22 0x0000003c
core   0: 0x800081ba (0x40ab8833) sub     a6, s7, a0
core   0: 3 0x800081ba (0x40ab8833) x16 0xe5b32e5e
core   0: 0x800081be (0x0bc3f013) andi    zero, t2, 188
core   0: 3 0x800081be (0x0bc3f013)
core   0: 0x800081c2 (0x016d19b3) sll     s3, s10, s6
core   0: 3 0x800081c2 (0x016d19b3) x19 0x00000000
core   0: 0x800081c6 (0x01f71d93) slli    s11, a4, 31
core   0: 3 0x800081c6 (0x01f71d93) x27 0x00000000
core   0: 0x800081ca (0x02c5fa63) bgeu    a1, a2, pc + 52
core   0: 3 0x800081ca (0x02c5fa63)
core   0: 0x800081ce (0x02b75d33) divu    s10, a4, a1
core   0: 3 0x800081ce (0x02b75d33) x26 0xffffffff
core   0: 0x800081d2 (0x00000001) c.nop
core   0: 3 0x800081d2 (0x0001)
core   0: 0x800081d4 (0xd8968937) lui     s2, 0xd8968
core   0: 3 0x800081d4 (0xd8968937) x18 0xd8968000
core   0: 0x800081d8 (0x01290a33) add     s4, s2, s2
core   0: 3 0x800081d8 (0x01290a33) x20 0xb12d0000
core   0: 0x800081dc (0x00369033) sll     zero, a3, gp
core   0: 3 0x800081dc (0x00369033)
core   0: 0x800081e0 (0x030bfc63) bgeu    s7, a6, pc + 56
core   0: 3 0x800081e0 (0x030bfc63)
core   0: 0x800081e4 (0x00008c8d) c.sub   s1, a1
core   0: 3 0x800081e4 (0x8c8d) x9  0x80014e05
core   0: 0x800081e6 (0x00000001) c.nop
core   0: 3 0x800081e6 (0x0001)
core   0: 0x800081e8 (0x0141fa33) and     s4, gp, s4
core   0: 3 0x800081e8 (0x0141fa33) x20 0x00000000
core   0: 0x800081ec (0x38c0ac93) slti    s9, ra, 908
core   0: 3 0x800081ec (0x38c0ac93) x25 0x00000001
core   0: 0x800081f0 (0x00000310) c.addi4spn a2, sp, 384
core   0: 3 0x800081f0 (0x0310) x12 0x80008238
core   0: 0x800081f2 (0x0000849d) c.srai  s1, 7
core   0: 3 0x800081f2 (0x849d) x9  0xff00029c
core   0: 0x800081f4 (0x000044f9) c.li    s1, 30
core   0: 3 0x800081f4 (0x44f9) x9  0x0000001e
core   0: 0x800081f6 (0x0000617d) c.addi16sp sp, 496
core   0: 3 0x800081f6 (0x617d) x2  0x800082a8
core   0: 0x800081f8 (0x00008d59) c.or    a0, a4
core   0: 3 0x800081f8 (0x8d59) x10 0x8000b1a2
core   0: 0x800081fa (0x03c677b3) remu    a5, a2, t3
core   0: 3 0x800081fa (0x03c677b3) x15 0x80008238
core   0: 0x800081fe (0x01c97263) bgeu    s2, t3, pc + 4
core   0: 3 0x800081fe (0x01c97263)
core   0: 0x80008202 (0x01503cb3) snez    s9, s5
core   0: 3 0x80008202 (0x01503cb3) x25 0x00000001
core   0: 0x80008206 (0x00008c6d) c.and   s0, a1
core   0: 3 0x80008206 (0x8c6d) x8  0x00000000
core   0: 0x80008208 (0x03dfda63) bge     t6, t4, pc + 52
core   0: 3 0x80008208 (0x03dfda63)
core   0: 0x8000820c (0x00000112) c.slli  sp, 4
core   0: 3 0x8000820c (0x0112) x2  0x00082a80
core   0: 0x8000820e (0x025c25b3) mulhsu  a1, s8, t0
core   0: 3 0x8000820e (0x025c25b3) x11 0x00000000
core   0: 0x80008212 (0x00009172) c.add   sp, t3
core   0: 3 0x80008212 (0x9172) x2  0xfe443dc0
core   0: 0x80008214 (0x01893333) sltu    t1, s2, s8
core   0: 3 0x80008214 (0x01893333) x6  0x00000000
core   0: 0x80008218 (0x27f88a17) auipc   s4, 0x27f88
core   0: 3 0x80008218 (0x27f88a17) x20 0xa7f90218
core   0: 0x8000821c (0x01601563) bne     zero, s6, pc + 10
core   0: 3 0x8000821c (0x01601563)
core   0: 0x80008226 (0x00000001) c.nop
core   0: 3 0x80008226 (0x0001)
core   0: 0x80008228 (0x00008a25) c.andi  a2, 9
core   0: 3 0x80008228 (0x8a25) x12 0x00000008
core   0: 0x8000822a (0x023795b3) mulh    a1, a5, gp
core   0: 3 0x8000822a (0x023795b3) x11 0xfa9f8ae0
core   0: 0x8000822e (0x7bb6a593) slti    a1, a3, 1979
core   0: 3 0x8000822e (0x7bb6a593) x11 0x00000001
core   0: 0x80008232 (0x02790a63) beq     s2, t2, pc + 52
core   0: 3 0x80008232 (0x02790a63)
core   0: 0x80008236 (0x00008db1) c.xor   a1, a2
core   0: 3 0x80008236 (0x8db1) x11 0x00000009
core   0: 0x80008238 (0x007cca33) xor     s4, s9, t2
core   0: 3 0x80008238 (0x007cca33) x20 0x00000009
core   0: 0x8000823c (0x62127f13) andi    t5, tp, 1569
core   0: 3 0x8000823c (0x62127f13) x30 0x00000020
core   0: 0x80008240 (0x00008e15) c.sub   a2, a3
core   0: 3 0x80008240 (0x8e15) x12 0x00000008
core   0: 0x80008242 (0x416d8933) sub     s2, s11, s6
core   0: 3 0x80008242 (0x416d8933) x18 0xffffffc4
core   0: 0x80008246 (0x000081bd) c.srli  a1, 15
core   0: 3 0x80008246 (0x81bd) x11 0x00000000
core   0: 0x80008248 (0x00008621) c.srai  a2, 8
core   0: 3 0x80008248 (0x8621) x12 0x00000000
core   0: 0x8000824a (0x02d9f333) remu    t1, s3, a3
core   0: 3 0x8000824a (0x02d9f333) x6  0x00000000
core   0: 0x8000824e (0x00331693) slli    a3, t1, 3
core   0: 3 0x8000824e (0x00331693) x13 0x00000000
core   0: 0x80008252 (0x03e139b3) mulhu   s3, sp, t5
core   0: 3 0x80008252 (0x03e139b3) x19 0x0000001f
core   0: 0x80008256 (0x035ec563) blt     t4, s5, pc + 42
core   0: 3 0x80008256 (0x035ec563)
core   0: 0x80008280 (0x02dae4b3) rem     s1, s5, a3
core   0: 3 0x80008280 (0x02dae4b3) x9  0x00000036
core   0: 0x80008284 (0x0183de63) bge     t2, s8, pc + 28
core   0: 3 0x80008284 (0x0183de63)
core   0: 0x800082a0 (0x02d9f833) remu    a6, s3, a3
core   0: 3 0x800082a0 (0x02d9f833) x16 0x0000001f
core   0: 0x800082a4 (0x011260b3) or      ra, tp, a7
core   0: 3 0x800082a4 (0x011260b3) x1  0x80029d7f
core   0: 0x800082a8 (0x001fde33) srl     t3, t6, ra
core   0: 3 0x800082a8 (0x001fde33) x28 0x00000001
core   0: 0x800082ac (0x0000879d) c.srai  a5, 7
core   0: 3 0x800082ac (0x879d) x15 0xff000104
core   0: 0x800082ae (0x02fe8663) beq     t4, a5, pc + 44
core   0: 3 0x800082ae (0x02fe8663)
core   0: 0x800082b2 (0x038d2d33) mulhsu  s10, s10, s8
core   0: 3 0x800082b2 (0x038d2d33) x26 0xffffffff
core   0: 0x800082b6 (0x025b9a63) bne     s7, t0, pc + 52
core   0: 3 0x800082b6 (0x025b9a63)
core   0: 0x800082ea (0x01491d93) slli    s11, s2, 20
core   0: 3 0x800082ea (0x01491d93) x27 0xfc400000
core   0: 0x800082ee (0x0d3e4513) xori    a0, t3, 211
core   0: 3 0x800082ee (0x0d3e4513) x10 0x000000d2
core   0: 0x800082f2 (0x401751b3) sra     gp, a4, ra
core   0: 3 0x800082f2 (0x401751b3) x3  0x00000000
core   0: 0x800082f6 (0xa5951397) auipc   t2, 0xa5951
core   0: 3 0x800082f6 (0xa5951397) x7  0x259592f6
core   0: 0x800082fa (0x00000001) c.nop
core   0: 3 0x800082fa (0x0001)
core   0: 0x800082fc (0x05084263) blt     a6, a6, pc + 68
core   0: 3 0x800082fc (0x05084263)
core   0: 0x80008300 (0x00ac5413) srli    s0, s8, 10
core   0: 3 0x80008300 (0x00ac5413) x8  0x00200097
core   0: 0x80008304 (0x00004ad5) c.li    s5, 21
core   0: 3 0x80008304 (0x4ad5) x21 0x00000015
core   0: 0x80008306 (0x001d1e63) bne     s10, ra, pc + 28
core   0: 3 0x80008306 (0x001d1e63)
core   0: 0x80008322 (0x01c14cb3) xor     s9, sp, t3
core   0: 3 0x80008322 (0x01c14cb3) x25 0xfe443dc1
core   0: 0x80008326 (0x08d67693) andi    a3, a2, 141
core   0: 3 0x80008326 (0x08d67693) x13 0x00000000
core   0: 0x8000832a (0x4409a593) slti    a1, s3, 1088
core   0: 3 0x8000832a (0x4409a593) x11 0x00000001
core   0: 0x8000832e (0xfdefc193) xori    gp, t6, -34
core   0: 3 0x8000832e (0xfdefc193) x3  0x7ffd62fa
core   0: 0x80008332 (0x00ab8633) add     a2, s7, a0
core   0: 3 0x80008332 (0x00ab8633) x12 0x65b3b0d2
core   0: 0x80008336 (0x02a06933) rem     s2, zero, a0
core   0: 3 0x80008336 (0x02a06933) x18 0x00000000
core   0: 0x8000833a (0x00000a3e) c.slli  s4, 15
core   0: 3 0x8000833a (0x0a3e) x20 0x00048000
core   0: 0x8000833c (0x038ff363) bgeu    t6, s8, pc + 38
core   0: 3 0x8000833c (0x038ff363)
core   0: 0x80008362 (0x01a312b3) sll     t0, t1, s10
core   0: 3 0x80008362 (0x01a312b3) x5  0x00000000
core   0: 0x80008366 (0x00008151) c.srli  a0, 20
core   0: 3 0x80008366 (0x8151) x10 0x00000000
core   0: 0x80008368 (0x00008c45) c.or    s0, s1
core   0: 3 0x80008368 (0x8c45) x8  0x002000b7
core   0: 0x8000836a (0x00008585) c.srai  a1, 1
core   0: 3 0x8000836a (0x8585) x11 0x00000000
core   0: 0x8000836c (0x02d82233) mulhsu  tp, a6, a3
core   0: 3 0x8000836c (0x02d82233) x4  0x00000000
core   0: 0x80008370 (0x013066b3) or      a3, zero, s3
core   0: 3 0x80008370 (0x013066b3) x13 0x0000001f
core   0: 0x80008374 (0x00001e98) c.addi4spn a4, sp, 880
core   0: 3 0x80008374 (0x1e98) x14 0xfe444130
core   0: 0x80008376 (0x00009f4a) c.add   t5, s2
core   0: 3 0x80008376 (0x9f4a) x30 0x00000020
core   0: 0x80008378 (0x000061d9) c.lui   gp, 0x16
core   0: 3 0x80008378 (0x61d9) x3  0x00016000
core   0: 0x8000837a (0x00000001) c.nop
core   0: 3 0x8000837a (0x0001)
core   0: 0x8000837c (0x036da533) mulhsu  a0, s11, s6
core   0: 3 0x8000837c (0x036da533) x10 0xffffffff
core   0: 0x80008380 (0x0000045a) c.slli  s0, 22
core   0: 3 0x80008380 (0x045a) x8  0x2dc00000
core   0: 0x80008382 (0x022ff463) bgeu    t6, sp, pc + 40
core   0: 3 0x80008382 (0x022ff463)
core   0: 0x80008386 (0x000086f5) c.srai  a3, 29
core   0: 3 0x80008386 (0x86f5) x13 0x00000000
core   0: 0x80008388 (0x41348333) sub     t1, s1, s3
core   0: 3 0x80008388 (0x41348333) x6  0x00000017
core   0: 0x8000838c (0x00000990) c.addi4spn a2, sp, 208
core   0: 3 0x8000838c (0x0990) x12 0xfe443e90
core   0: 0x8000838e (0x03b38733) mul     a4, t2, s11
core   0: 3 0x8000838e (0x03b38733) x14 0xe5800000
core   0: 0x80008392 (0x02a70bb3) mul     s7, a4, a0
core   0: 3 0x80008392 (0x02a70bb3) x23 0x1a800000
core   0: 0x80008396 (0x412d06b3) sub     a3, s10, s2
core   0: 3 0x80008396 (0x412d06b3) x13 0xffffffff
core   0: 0x8000839a (0x00008d45) c.or    a0, s1
core   0: 3 0x8000839a (0x8d45) x10 0xffffffff
core   0: 0x8000839c (0x02e0fab3) remu    s5, ra, a4
core   0: 3 0x8000839c (0x02e0fab3) x21 0x80029d7f
core   0: 0x800083a0 (0x005accb3) xor     s9, s5, t0
core   0: 3 0x800083a0 (0x005accb3) x25 0x80029d7f
core   0: 0x800083a4 (0x00006151) c.addi16sp sp, 272
core   0: 3 0x800083a4 (0x6151) x2  0xfe443ed0
core   0: 0x800083a6 (0x414a5e33) sra     t3, s4, s4
core   0: 3 0x800083a6 (0x414a5e33) x28 0x00048000
core   0: 0x800083aa (0x00da5113) srli    sp, s4, 13
core   0: 3 0x800083aa (0x00da5113) x2  0x00000024
core   0: 0x800083ae (0x03acfcb3) remu    s9, s9, s10
core   0: 3 0x800083ae (0x03acfcb3) x25 0x80029d7f
core   0: 0x800083b2 (0x0139d733) srl     a4, s3, s3
core   0: 3 0x800083b2 (0x0139d733) x14 0x00000000
core   0: 0x800083b6 (0x5a5de813) ori     a6, s11, 1445
core   0: 3 0x800083b6 (0x5a5de813) x16 0xfc4005a5
core   0: 0x800083ba (0x02a086b3) mul     a3, ra, a0
core   0: 3 0x800083ba (0x02a086b3) x13 0x7ffd6281
core   0: 0x800083be (0x01704033) xor     zero, zero, s7
core   0: 3 0x800083be (0x01704033)
core   0: 0x800083c2 (0x03b7ab33) mulhsu  s6, a5, s11
core   0: 3 0x800083c2 (0x03b7ab33) x22 0xff03c100
core   0: 0x800083c6 (0x09b6e993) ori     s3, a3, 155
core   0: 3 0x800083c6 (0x09b6e993) x19 0x7ffd629b
core   0: 0x800083ca (0x0000ea95) c.bnez  a3, pc + 52
core   0: 3 0x800083ca (0xea95)
core   0: 0x800083fe (0x015ba533) slt     a0, s7, s5
core   0: 3 0x800083fe (0x015ba533) x10 0x00000000
core   0: 0x80008402 (0x021df633) remu    a2, s11, ra
core   0: 3 0x80008402 (0x021df633) x12 0x7c3d6281
core   0: 0x80008406 (0x000006a5) c.addi  a3, 9
core   0: 3 0x80008406 (0x06a5) x13 0x7ffd628a
core   0: 0x80008408 (0x006c5693) srli    a3, s8, 6
core   0: 3 0x80008408 (0x006c5693) x13 0x02000978
core   0: 0x8000840c (0x00000001) c.nop
core   0: 3 0x8000840c (0x0001)
core   0: 0x8000840e (0x00006aa1) c.lui   s5, 0x8
core   0: 3 0x8000840e (0x6aa1) x21 0x00008000
core   0: 0x80008410 (0x0a6cf863) bgeu    s9, t1, pc + 176
core   0: 3 0x80008410 (0x0a6cf863)
core   0: 0x800084c0 (0x0000035e) c.slli  t1, 23
core   0: 3 0x800084c0 (0x035e) x6  0x0b800000
core   0: 0x800084c2 (0x00008c19) c.sub   s0, a4
core   0: 3 0x800084c2 (0x8c19) x8  0x2dc00000
core   0: 0x800084c4 (0xf2dc4093) xori    ra, s8, -211
core   0: 3 0x800084c4 (0xf2dc4093) x1  0x7ffda115
core   0: 0x800084c8 (0x0260b5b3) mulhu   a1, ra, t1
core   0: 3 0x800084c8 (0x0260b5b3) x11 0x05bfe4bc
core   0: 0x800084cc (0x03a15c63) bge     sp, s10, pc + 56
core   0: 3 0x800084cc (0x03a15c63)
core   0: 0x80008504 (0x01ff8933) add     s2, t6, t6
core   0: 3 0x80008504 (0x01ff8933) x18 0x00053a48
core   0: 0x80008508 (0x00b84bb3) xor     s7, a6, a1
core   0: 3 0x80008508 (0x00b84bb3) x23 0xf9ffe119
core   0: 0x8000850c (0x00000c80) c.addi4spn s0, sp, 592
core   0: 3 0x8000850c (0x0c80) x8  0x00000274
core   0: 0x8000850e (0x000061a9) c.lui   gp, 0xa
core   0: 3 0x8000850e (0x61a9) x3  0x0000a000
core   0: 0x80008510 (0x01ac6b33) or      s6, s8, s10
core   0: 3 0x80008510 (0x01ac6b33) x22 0xffffffff
core   0: 0x80008514 (0x02fb7563) bgeu    s6, a5, pc + 42
core   0: 3 0x80008514 (0x02fb7563)
core   0: 0x8000853e (0x000da233) slt     tp, s11, zero
core   0: 3 0x8000853e (0x000da233) x4  0x00000001
core   0: 0x80008542 (0x0226d233) divu    tp, a3, sp
core   0: 3 0x80008542 (0x0226d233) x4  0x000e3926
core   0: 0x80008546 (0x00009afd) c.andi  a3, -1
core   0: 3 0x80008546 (0x9afd) x13 0x02000978
core   0: 0x80008548 (0x00000001) c.nop
core   0: 3 0x80008548 (0x0001)
core   0: 0x8000854a (0x00759433) sll     s0, a1, t2
core   0: 3 0x8000854a (0x00759433) x8  0x2f000000
core   0: 0x8000854e (0x02741e33) mulh    t3, s0, t2
core   0: 3 0x8000854e (0x02741e33) x28 0x06e675fb
core   0: 0x80008552 (0x00008691) c.srai  a3, 4
core   0: 3 0x80008552 (0x8691) x13 0x00200097
core   0: 0x80008554 (0x03cc26b3) mulhsu  a3, s8, t3
core   0: 3 0x80008554 (0x03cc26b3) x13 0xfc8cd559
core   0: 0x80008558 (0x0299eab3) rem     s5, s3, s1
core   0: 3 0x80008558 (0x0299eab3) x21 0x0000000f
core   0: 0x8000855c (0x2fd70a13) addi    s4, a4, 765
core   0: 3 0x8000855c (0x2fd70a13) x20 0x000002fd
core   0: 0x80008560 (0x00001090) c.addi4spn a2, sp, 96
core   0: 3 0x80008560 (0x1090) x12 0x00000084
core   0: 0x80008562 (0x00006dc9) c.lui   s11, 0x12
core   0: 3 0x80008562 (0x6dc9) x27 0x00012000
core   0: 0x80008564 (0x02da5133) divu    sp, s4, a3
core   0: 3 0x80008564 (0x02da5133) x2  0x00000000
core   0: 0x80008568 (0x00008f2d) c.xor   a4, a1
core   0: 3 0x80008568 (0x8f2d) x14 0x05bfe4bc
core   0: 0x8000856a (0x417b8bb3) sub     s7, s7, s7
core   0: 3 0x8000856a (0x417b8bb3) x23 0x00000000
core   0: 0x8000856e (0x03e7e363) bltu    a5, t5, pc + 38
core   0: 3 0x8000856e (0x03e7e363)
core   0: 0x80008572 (0x000085a5) c.srai  a1, 9
core   0: 3 0x80008572 (0x85a5) x11 0x0002dff2
core   0: 0x80008574 (0x00008f7d) c.and   a4, a5
core   0: 3 0x80008574 (0x8f7d) x14 0x05000004
core   0: 0x80008576 (0x4acce693) ori     a3, s9, 1196
core   0: 3 0x80008576 (0x4acce693) x13 0x80029dff
core   0: 0x8000857a (0x038cfc63) bgeu    s9, s8, pc + 56
core   0: 3 0x8000857a (0x038cfc63)
core   0: 0x800085b2 (0x01d64b33) xor     s6, a2, t4
core   0: 3 0x800085b2 (0x01d64b33) x22 0x0000008c
core   0: 0x800085b6 (0x010d31b3) sltu    gp, s10, a6
core   0: 3 0x800085b6 (0x010d31b3) x3  0x00000000
core   0: 0x800085ba (0x00006521) c.lui   a0, 0x8
core   0: 3 0x800085ba (0x6521) x10 0x00008000
core   0: 0x800085bc (0x00000001) c.nop
core   0: 3 0x800085bc (0x0001)
core   0: 0x800085be (0x00992f33) slt     t5, s2, s1
core   0: 3 0x800085be (0x00992f33) x30 0x00000000
core   0: 0x800085c2 (0x03ab37b3) mulhu   a5, s6, s10
core   0: 3 0x800085c2 (0x03ab37b3) x15 0x0000008b
core   0: 0x800085c6 (0x0088fa63) bgeu    a7, s0, pc + 20
core   0: 3 0x800085c6 (0x0088fa63)
core   0: 0x800085da (0x000083dd) c.srli  a5, 23
core   0: 3 0x800085da (0x83dd) x15 0x00000000
core   0: 0x800085dc (0x678ea297) auipc   t0, 0x678ea
core   0: 3 0x800085dc (0x678ea297) x5  0xe78f25dc
core   0: 0x800085e0 (0x0000cd15) c.beqz  a0, pc + 60
core   0: 3 0x800085e0 (0xcd15)
core   0: 0x800085e2 (0x02ae2b33) mulhsu  s6, t3, a0
core   0: 3 0x800085e2 (0x02ae2b33) x22 0x00000373
core   0: 0x800085e6 (0x00b9ab33) slt     s6, s3, a1
core   0: 3 0x800085e6 (0x00b9ab33) x22 0x00000000
core   0: 0x800085ea (0x01879db3) sll     s11, a5, s8
core   0: 3 0x800085ea (0x01879db3) x27 0x00000000
core   0: 0x800085ee (0x4037db33) sra     s6, a5, gp
core   0: 3 0x800085ee (0x4037db33) x22 0x00000000
core   0: 0x800085f2 (0x01459613) slli    a2, a1, 20
core   0: 3 0x800085f2 (0x01459613) x12 0xff200000
core   0: 0x800085f6 (0x03407333) remu    t1, zero, s4
core   0: 3 0x800085f6 (0x03407333) x6  0x00000000
core   0: 0x800085fa (0x00000001) c.nop
core   0: 3 0x800085fa (0x0001)
core   0: 0x800085fc (0x0000c79d) c.beqz  a5, pc + 46
core   0: 3 0x800085fc (0xc79d)
core   0: 0x8000862a (0x00004401) c.li    s0, 0
core   0: 3 0x8000862a (0x4401) x8  0x00000000
core   0: 0x8000862c (0x0091cd63) blt     gp, s1, pc + 26
core   0: 3 0x8000862c (0x0091cd63)
core   0: 0x80008646 (0x01485f13) srli    t5, a6, 20
core   0: 3 0x80008646 (0x01485f13) x30 0x00000fc4
core   0: 0x8000864a (0xe049bab7) lui     s5, 0xe049b
core   0: 3 0x8000864a (0xe049bab7) x21 0xe049b000
core   0: 0x8000864e (0x00008d35) c.xor   a0, a3
core   0: 3 0x8000864e (0x8d35) x10 0x80021dff
core   0: 0x80008650 (0x00008e1d) c.sub   a2, a5
core   0: 3 0x80008650 (0x8e1d) x12 0xff200000
core   0: 0x80008652 (0x01e48db3) add     s11, s1, t5
core   0: 3 0x80008652 (0x01e48db3) x27 0x00000ffa
core   0: 0x80008656 (0xc5f15117) auipc   sp, 0xc5f15
core   0: 3 0x80008656 (0xc5f15117) x2  0x45f1d656
core   0: 0x8000865a (0x0cc7fb13) andi    s6, a5, 204
core   0: 3 0x8000865a (0x0cc7fb13) x22 0x00000000
core   0: 0x8000865e (0x00006131) c.addi16sp sp, 320
core   0: 3 0x8000865e (0x6131) x2  0x45f1d796
core   0: 0x80008660 (0x000010fd) c.addi  ra, -1
core   0: 3 0x80008660 (0x10fd) x1  0x7ffda114
core   0: 0x80008662 (0x414fd2b3) sra     t0, t6, s4
core   0: 3 0x80008662 (0x414fd2b3) x5  0xfffffffc
core   0: 0x80008666 (0x00008f5d) c.or    a4, a5
core   0: 3 0x80008666 (0x8f5d) x14 0x05000004
core   0: 0x80008668 (0x0000862a) c.mv    a2, a0
core   0: 3 0x80008668 (0x862a) x12 0x80021dff
core   0: 0x8000866a (0x0000e589) c.bnez  a1, pc + 10
core   0: 3 0x8000866a (0xe589)
core   0: 0x80008674 (0x00008c91) c.sub   s1, a2
core   0: 3 0x80008674 (0x8c91) x9  0x7ffde237
core   0: 0x80008676 (0x026771b3) remu    gp, a4, t1
core   0: 3 0x80008676 (0x026771b3) x3  0x05000004
core   0: 0x8000867a (0x7d7c3913) sltiu   s2, s8, 2007
core   0: 3 0x8000867a (0x7d7c3913) x18 0x00000000
core   0: 0x8000867e (0x5b45b913) sltiu   s2, a1, 1460
core   0: 3 0x8000867e (0x5b45b913) x18 0x00000000
core   0: 0x80008682 (0x00000189) c.addi  gp, 2
core   0: 3 0x80008682 (0x0189) x3  0x05000006
core   0: 0x80008684 (0x00001704) c.addi4spn s1, sp, 928
core   0: 3 0x80008684 (0x1704) x9  0x45f1db36
core   0: 0x80008686 (0x00004e6d) c.li    t3, 27
core   0: 3 0x80008686 (0x4e6d) x28 0x0000001b
core   0: 0x80008688 (0x0040b033) sltu    zero, ra, tp
core   0: 3 0x80008688 (0x0040b033)
core   0: 0x8000868c (0x00000349) c.addi  t1, 18
core   0: 3 0x8000868c (0x0349) x6  0x00000012
core   0: 0x8000868e (0x00008c11) c.sub   s0, a2
core   0: 3 0x8000868e (0x8c11) x8  0x7ffde201
core   0: 0x80008690 (0x41d25893) srai    a7, tp, 29
core   0: 3 0x80008690 (0x41d25893) x17 0x00000000
core   0: 0x80008694 (0xd8ad5317) auipc   t1, 0xd8ad5
core   0: 3 0x80008694 (0xd8ad5317) x6  0x58add694
core   0: 0x80008698 (0x52b43b93) sltiu   s7, s0, 1323
core   0: 3 0x80008698 (0x52b43b93) x23 0x00000000
core   0: 0x8000869c (0x00000001) c.nop
core   0: 3 0x8000869c (0x0001)
core   0: 0x8000869e (0x000097be) c.add   a5, a5
core   0: 3 0x8000869e (0x97be) x15 0x00000000
core   0: 0x800086a0 (0x1c388013) addi    zero, a7, 451
core   0: 3 0x800086a0 (0x1c388013)
core   0: 0x800086a4 (0x02d0f763) bgeu    ra, a3, pc + 46
core   0: 3 0x800086a4 (0x02d0f763)
core   0: 0x800086a8 (0x0000c89d) c.beqz  s1, pc + 54
core   0: 3 0x800086a8 (0xc89d)
core   0: 0x800086aa (0x03a1fe33) remu    t3, gp, s10
core   0: 3 0x800086aa (0x03a1fe33) x28 0x05000006
core   0: 0x800086ae (0x00008ee9) c.and   a3, a0
core   0: 3 0x800086ae (0x8ee9) x13 0x80021dff
core   0: 0x800086b0 (0x00008e49) c.or    a2, a0
core   0: 3 0x800086b0 (0x8e49) x12 0x80021dff
core   0: 0x800086b2 (0x0000863d) c.srai  a2, 15
core   0: 3 0x800086b2 (0x863d) x12 0xffff0004
core   0: 0x800086b4 (0xbd0b7f13) andi    t5, s6, -1072
core   0: 3 0x800086b4 (0xbd0b7f13) x30 0x00000000
core   0: 0x800086b8 (0x00680233) add     tp, a6, t1
core   0: 3 0x800086b8 (0x00680233) x4  0x54eddc39
core   0: 0x800086bc (0x00d617b3) sll     a5, a2, a3
core   0: 3 0x800086bc (0x00d617b3) x15 0x00000000
core   0: 0x800086c0 (0x03078b33) mul     s6, a5, a6
core   0: 3 0x800086c0 (0x03078b33) x22 0x00000000
core   0: 0x800086c4 (0x03b08d33) mul     s10, ra, s11
core   0: 3 0x800086c4 (0x03b08d33) x26 0xda1f7988
core   0: 0x800086c8 (0x020d60b3) rem     ra, s10, zero
core   0: 3 0x800086c8 (0x020d60b3) x1  0xda1f7988
core   0: 0x800086cc (0x0278c933) div     s2, a7, t2
core   0: 3 0x800086cc (0x0278c933) x18 0x00000000
core   0: 0x800086d0 (0x00009bfd) c.andi  a5, -1
core   0: 3 0x800086d0 (0x9bfd) x15 0x00000000
core   0: 0x800086d2 (0x009f1663) bne     t5, s1, pc + 12
core   0: 3 0x800086d2 (0x009f1663)
core   0: 0x800086de (0x00e5d013) srli    zero, a1, 14
core   0: 3 0x800086de (0x00e5d013)
core   0: 0x800086e2 (0x00381433) sll     s0, a6, gp
core   0: 3 0x800086e2 (0x00381433) x8  0x10016940
core   0: 0x800086e6 (0x004c2083) lw      ra, 4(s8)
core   0: 3 0x800086e6 (0x004c2083) x1  0x80008994 mem 0x80025e3c
core   0: 0x800086ea (0x01982e33) slt     t3, a6, s9
core   0: 3 0x800086ea (0x01982e33) x28 0x00000000
core   0: 0x800086ee (0x020c0c13) addi    s8, s8, 32
core   0: 3 0x800086ee (0x020c0c13) x24 0x80025e58
core   0: 0x800086f2 (0xd7203f13) sltiu   t5, zero, -654
core   0: 3 0x800086f2 (0xd7203f13) x30 0x00000001
core   0: 0x800086f6 (0x00008693) mv      a3, ra
core   0: 3 0x800086f6 (0x00008693) x13 0x80008994
core   0: 0x800086fa (0x00009682) c.jalr  a3
core   0: 3 0x800086fa (0x9682) x1  0x800086fc
core   0: 0x80008994 (0xfffff897) auipc   a7, 0xfffff
core   0: 3 0x80008994 (0xfffff897) x17 0x80007994
core   0: 0x80008998 (0x5f288893) addi    a7, a7, 1522
core   0: 3 0x80008998 (0x5f288893) x17 0x80007f86
core   0: 0x8000899c (0x0000861e) c.mv    a2, t2
core   0: 3 0x8000899c (0x861e) x12 0x259592f6
core   0: 0x8000899e (0x00088893) mv      a7, a7
core   0: 3 0x8000899e (0x00088893) x17 0x80007f86
core   0: 0x800089a2 (0x7a2da617) auipc   a2, 0x7a2da
core   0: 3 0x800089a2 (0x7a2da617) x12 0xfa2e29a2
core   0: 0x800089a6 (0x000088c1) c.andi  s1, 16
core   0: 3 0x800089a6 (0x88c1) x9  0x00000010
core   0: 0x800089a8 (0x00008c79) c.and   s0, a4
core   0: 3 0x800089a8 (0x8c79) x8  0x00000000
core   0: 0x800089aa (0x031b67b3) rem     a5, s6, a7
core   0: 3 0x800089aa (0x031b67b3) x15 0x00000000
core   0: 0x800089ae (0x4374fa13) andi    s4, s1, 1079
core   0: 3 0x800089ae (0x4374fa13) x20 0x00000010
core   0: 0x800089b2 (0x011f4463) blt     t5, a7, pc + 8
core   0: 3 0x800089b2 (0x011f4463)
core   0: 0x800089b6 (0x41865013) srai    zero, a2, 24
core   0: 3 0x800089b6 (0x41865013)
core   0: 0x800089ba (0x00009882) c.jalr  a7
core   0: 3 0x800089ba (0x9882) x1  0x800089bc
core   0: 0x80007f86 (0x000099fd) c.andi  a1, -1
core   0: 3 0x80007f86 (0x99fd) x11 0x0002dff2
core   0: 0x80007f88 (0x004e0763) beq     t3, tp, pc + 14
core   0: 3 0x80007f88 (0x004e0763)
core   0: 0x80007f8c (0x016da933) slt     s2, s11, s6
core   0: 3 0x80007f8c (0x016da933) x18 0x00000000
core   0: 0x80007f90 (0x413c8833) sub     a6, s9, s3
core   0: 3 0x80007f90 (0x413c8833) x16 0x00053ae4
core   0: 0x80007f94 (0x000087d6) c.mv    a5, s5
core   0: 3 0x80007f94 (0x87d6) x15 0xe049b000
core   0: 0x80007f96 (0x00001c01) c.addi  s8, -32
core   0: 3 0x80007f96 (0x1c01) x24 0x80025e38
core   0: 0x80007f98 (0x0075bb33) sltu    s6, a1, t2
core   0: 3 0x80007f98 (0x0075bb33) x22 0x00000001
core   0: 0x80007f9c (0x00009a7d) c.andi  a2, -1
core   0: 3 0x80007f9c (0x9a7d) x12 0xfa2e29a2
core   0: 0x80007f9e (0x00009afe) c.add   s5, t6
core   0: 3 0x80007f9e (0x9afe) x21 0x604c4d24
core   0: 0x80007fa0 (0x00df1e13) slli    t3, t5, 13
core   0: 3 0x80007fa0 (0x00df1e13) x28 0x00002000
core   0: 0x80007fa4 (0x001c2223) sw      ra, 4(s8)
core   0: 3 0x80007fa4 (0x001c2223) mem 0x80025e3c 0x800089bc
core   0: 0x80007fa8 (0xe4574313) xori    t1, a4, -443
core   0: 3 0x80007fa8 (0xe4574313) x6  0xfafffe41
core   0: 0x80007fac (0x036c2633) mulhsu  a2, s8, s6
core   0: 3 0x80007fac (0x036c2633) x12 0xffffffff
core   0: 0x80007fb0 (0x00008117) auipc   sp, 0x8
core   0: 3 0x80007fb0 (0x00008117) x2  0x8000ffb0
core   0: 0x80007fb4 (0x4d810113) addi    sp, sp, 1240
core   0: 3 0x80007fb4 (0x4d810113) x2  0x80010488
core   0: 0x80007fb8 (0xfe811e03) lh      t3, -24(sp)
core   0: 3 0x80007fb8 (0xfe811e03) x28 0xfffff8db mem 0x80010470
core   0: 0x80007fbc (0xfe814c83) lbu     s9, -24(sp)
core   0: 3 0x80007fbc (0xfe814c83) x25 0x000000db mem 0x80010470
core   0: 0x80007fc0 (0x00008cae) c.mv    s9, a1
core   0: 3 0x80007fc0 (0x8cae) x25 0x0002dff2
core   0: 0x80007fc2 (0xffd11423) sh      t4, -24(sp)
core   0: 3 0x80007fc2 (0xffd11423) mem 0x80010470 0x0008
core   0: 0x80007fc6 (0x00008285) c.srli  a3, 1
core   0: 3 0x80007fc6 (0x8285) x13 0x400044ca
core   0: 0x80007fc8 (0xfe811003) lh      zero, -24(sp)
core   0: 3 0x80007fc8 (0xfe811003) mem 0x80010470
core   0: 0x80007fcc (0xfe312423) sw      gp, -24(sp)
core   0: 3 0x80007fcc (0xfe312423) mem 0x80010470 0x05000006
core   0: 0x80007fd0 (0x00000001) c.nop
core   0: 3 0x80007fd0 (0x0001)
core   0: 0x80007fd2 (0xfe814e03) lbu     t3, -24(sp)
core   0: 3 0x80007fd2 (0xfe814e03) x28 0x00000006 mem 0x80010470
core   0: 0x80007fd6 (0xffc12423) sw      t3, -24(sp)
core   0: 3 0x80007fd6 (0xffc12423) mem 0x80010470 0x00000006
core   0: 0x80007fda (0xfe814283) lbu     t0, -24(sp)
core   0: 3 0x80007fda (0xfe814283) x5  0x00000006 mem 0x80010470
core   0: 0x80007fde (0xfe815d03) lhu     s10, -24(sp)
core   0: 3 0x80007fde (0xfe815d03) x26 0x00000006 mem 0x80010470
core   0: 0x80007fe2 (0xfe311423) sh      gp, -24(sp)
core   0: 3 0x80007fe2 (0xfe311423) mem 0x80010470 0x0006
core   0: 0x80007fe6 (0xff312423) sw      s3, -24(sp)
core   0: 3 0x80007fe6 (0xff312423) mem 0x80010470 0x7ffd629b
core   0: 0x80007fea (0xfe810683) lb      a3, -24(sp)
core   0: 3 0x80007fea (0xfe810683) x13 0xffffff9b mem 0x80010470
core   0: 0x80007fee (0xfe511423) sh      t0, -24(sp)
core   0: 3 0x80007fee (0xfe511423) mem 0x80010470 0x0006
core   0: 0x80007ff2 (0xff710423) sb      s7, -24(sp)
core   0: 3 0x80007ff2 (0xff710423) mem 0x80010470 0x00
core   0: 0x80007ff6 (0xfe712423) sw      t2, -24(sp)
core   0: 3 0x80007ff6 (0xfe712423) mem 0x80010470 0x259592f6
core   0: 0x80007ffa (0x0000d497) auipc   s1, 0xd
core   0: 3 0x80007ffa (0x0000d497) x9  0x80014ffa
core   0: 0x80007ffe (0xe0b48493) addi    s1, s1, -501
core   0: 3 0x80007ffe (0xe0b48493) x9  0x80014e05
core   0: 0x80008002 (0xffc4cb83) lbu     s7, -4(s1)
core   0: 3 0x80008002 (0xffc4cb83) x23 0x00000000 mem 0x80014e01
core   0: 0x80008006 (0x0000190c) c.addi4spn a1, sp, 176
core   0: 3 0x80008006 (0x190c) x11 0x80010538
core   0: 0x80008008 (0x01b20033) add     zero, tp, s11
core   0: 3 0x80008008 (0x01b20033)
core   0: 0x8000800c (0x00648203) lb      tp, 6(s1)
core   0: 3 0x8000800c (0x00648203) x4  0xffffff9d mem 0x80014e0b
core   0: 0x80008010 (0xff448983) lb      s3, -12(s1)
core   0: 3 0x80008010 (0xff448983) x19 0x0000000b mem 0x80014df9
core   0: 0x80008014 (0x00248a83) lb      s5, 2(s1)
core   0: 3 0x80008014 (0x00248a83) x21 0xffffffbc mem 0x80014e07
core   0: 0x80008018 (0xff549303) lh      t1, -11(s1)
core   0: 3 0x80008018 (0xff549303) x6  0x0000688e mem 0x80014dfa
core   0: 0x8000801c (0x01a48623) sb      s10, 12(s1)
core   0: 3 0x8000801c (0x01a48623) mem 0x80014e11 0x06
core   0: 0x80008020 (0x00448283) lb      t0, 4(s1)
core   0: 3 0x80008020 (0x00448283) x5  0xffffff80 mem 0x80014e09
core   0: 0x80008024 (0xff148d83) lb      s11, -15(s1)
core   0: 3 0x80008024 (0xff148d83) x27 0xffffffbb mem 0x80014df6
core   0: 0x80008028 (0x007482a3) sb      t2, 5(s1)
core   0: 3 0x80008028 (0x007482a3) mem 0x80014e0a 0xf6
core   0: 0x8000802c (0x0183d813) srli    a6, t2, 24
core   0: 3 0x8000802c (0x0183d813) x16 0x00000025
core   0: 0x80008030 (0x3a29e937) lui     s2, 0x3a29e
core   0: 3 0x80008030 (0x3a29e937) x18 0x3a29e000
core   0: 0x80008034 (0x00000f5e) c.slli  t5, 23
core   0: 3 0x80008034 (0x0f5e) x30 0x00800000
core   0: 0x80008036 (0x03b602b3) mul     t0, a2, s11
core   0: 3 0x80008036 (0x03b602b3) x5  0x00000045
core   0: 0x8000803a (0x035a9cb3) mulh    s9, s5, s5
core   0: 3 0x8000803a (0x035a9cb3) x25 0x00000000
core   0: 0x8000803e (0xffc48383) lb      t2, -4(s1)
core   0: 3 0x8000803e (0xffc48383) x7  0x00000000 mem 0x80014e01
core   0: 0x80008042 (0x0004c083) lbu     ra, 0(s1)
core   0: 3 0x80008042 (0x0004c083) x1  0x00000085 mem 0x80014e05
core   0: 0x80008046 (0x01f492a3) sh      t6, 5(s1)
core   0: 3 0x80008046 (0x01f492a3) mem 0x80014e0a 0x9d24
core   0: 0x8000804a (0x0034ca83) lbu     s5, 3(s1)
core   0: 3 0x8000804a (0x0034ca83) x21 0x00000036 mem 0x80014e08
core   0: 0x8000804e (0x00c485a3) sb      a2, 11(s1)
core   0: 3 0x8000804e (0x00c485a3) mem 0x80014e10 0xff
core   0: 0x80008052 (0x039985b3) mul     a1, s3, s9
core   0: 3 0x80008052 (0x039985b3) x11 0x00000000
core   0: 0x80008056 (0x00008dad) c.xor   a1, a1
core   0: 3 0x80008056 (0x8dad) x11 0x00000000
core   0: 0x80008058 (0xffc48383) lb      t2, -4(s1)
core   0: 3 0x80008058 (0xffc48383) x7  0x00000000 mem 0x80014e01
core   0: 0x8000805c (0x00000001) c.nop
core   0: 3 0x8000805c (0x0001)
core   0: 0x8000805e (0x0156ca33) xor     s4, a3, s5
core   0: 3 0x8000805e (0x0156ca33) x20 0xffffffad
core   0: 0x80008062 (0xff348083) lb      ra, -13(s1)
core   0: 3 0x80008062 (0xff348083) x1  0x0000000b mem 0x80014df8
core   0: 0x80008066 (0xff948e23) sb      s9, -4(s1)
core   0: 3 0x80008066 (0xff948e23) mem 0x80014e01 0x00
core   0: 0x8000806a (0xff848683) lb      a3, -8(s1)
core   0: 3 0x8000806a (0xff848683) x13 0xffffffae mem 0x80014dfd
core   0: 0x8000806e (0x00e4c503) lbu     a0, 14(s1)
core   0: 3 0x8000806e (0x00e4c503) x10 0x0000005b mem 0x80014e13
core   0: 0x80008072 (0x01251db3) sll     s11, a0, s2
core   0: 3 0x80008072 (0x01251db3) x27 0x0000005b
core   0: 0x80008076 (0xff348603) lb      a2, -13(s1)
core   0: 3 0x80008076 (0xff348603) x12 0x0000000b mem 0x80014df8
core   0: 0x8000807a (0x01048183) lb      gp, 16(s1)
core   0: 3 0x8000807a (0x01048183) x3  0x00000049 mem 0x80014e15
core   0: 0x8000807e (0x00648803) lb      a6, 6(s1)
core   0: 3 0x8000807e (0x00648803) x16 0xffffff9d mem 0x80014e0b
core   0: 0x80008082 (0xff64c403) lbu     s0, -10(s1)
core   0: 3 0x80008082 (0xff64c403) x8  0x00000068 mem 0x80014dfb
core   0: 0x80008086 (0x000082f9) c.srli  a3, 30
core   0: 3 0x80008086 (0x82f9) x13 0x00000003
core   0: 0x80008088 (0x00548083) lb      ra, 5(s1)
core   0: 3 0x80008088 (0x00548083) x1  0x00000024 mem 0x80014e0a
core   0: 0x8000808c (0x008000ef) jal     pc + 0x8
core   0: 3 0x8000808c (0x008000ef) x1  0x80008090
core   0: 0x80008094 (0x0000a811) c.j     pc + 20
core   0: 3 0x80008094 (0xa811)
core   0: 0x800080a8 (0x006000ef) jal     pc + 0x6
core   0: 3 0x800080a8 (0x006000ef) x1  0x800080ac
core   0: 0x800080ae (0xff1ff0ef) jal     pc - 0x10
core   0: 3 0x800080ae (0xff1ff0ef) x1  0x800080b2
core   0: 0x8000809e (0x0000bfe5) c.j     pc - 8
core   0: 3 0x8000809e (0xbfe5)
core   0: 0x80008096 (0xffbff0ef) jal     pc - 0x6
core   0: 3 0x80008096 (0xffbff0ef) x1  0x8000809a
core   0: 0x80008090 (0x0280036f) jal     t1, pc + 0x28
core   0: 3 0x80008090 (0x0280036f) x6  0x80008094
core   0: 0x800080b8 (0x008000ef) jal     pc + 0x8
core   0: 3 0x800080b8 (0x008000ef) x1  0x800080bc
core   0: 0x800080c0 (0xff5ff36f) jal     t1, pc - 0xc
core   0: 3 0x800080c0 (0xff5ff36f) x6  0x800080c4
core   0: 0x800080b4 (0x00a0016f) jal     sp, pc + 0xa
core   0: 3 0x800080b4 (0x00a0016f) x2  0x800080b8
core   0: 0x800080be (0x00003ff1) c.jal   pc - 36
core   0: 3 0x800080be (0x3ff1) x1  0x800080c0
core   0: 0x8000809a (0x0000a821) c.j     pc + 24
core   0: 3 0x8000809a (0xa821)
core   0: 0x800080b2 (0x000037ed) c.jal   pc - 22
core   0: 3 0x800080b2 (0x37ed) x1  0x800080b4
core   0: 0x8000809c (0x00002005) c.jal   pc + 32
core   0: 3 0x8000809c (0x2005) x1  0x8000809e
core   0: 0x800080bc (0x000037e5) c.jal   pc - 24
core   0: 3 0x800080bc (0x37e5) x1  0x800080be
core   0: 0x800080a4 (0xffdff0ef) jal     pc - 0x4
core   0: 3 0x800080a4 (0xffdff0ef) x1  0x800080a8
core   0: 0x800080a0 (0x00c000ef) jal     pc + 0xc
core   0: 3 0x800080a0 (0x00c000ef) x1  0x800080a4
core   0: 0x800080ac (0x00002821) c.jal   pc + 24
core   0: 3 0x800080ac (0x2821) x1  0x800080ae
core   0: 0x800080c4 (0x5f52f597) auipc   a1, 0x5f52f
core   0: 3 0x800080c4 (0x5f52f597) x11 0xdf5370c4
core   0: 0x800080c8 (0x00004ca9) c.li    s9, 10
core   0: 3 0x800080c8 (0x4ca9) x25 0x0000000a
core   0: 0x800080ca (0x000047d1) c.li    a5, 20
core   0: 3 0x800080ca (0x47d1) x15 0x00000014
core   0: 0x800080cc (0x03d05f33) divu    t5, zero, t4
core   0: 3 0x800080cc (0x03d05f33) x30 0x00000000
core   0: 0x800080d0 (0x00000c89) c.addi  s9, 2
core   0: 3 0x800080d0 (0x0c89) x25 0x0000000c
core   0: 0x800080d2 (0x00004609) c.li    a2, 2
core   0: 3 0x800080d2 (0x4609) x12 0x00000002
core   0: 0x800080d4 (0x00004829) c.li    a6, 10
core   0: 3 0x800080d4 (0x4829) x16 0x0000000a
core   0: 0x800080d6 (0x00008f29) c.xor   a4, a0
core   0: 3 0x800080d6 (0x8f29) x14 0x0500005f
core   0: 0x800080d8 (0x00000619) c.addi  a2, 6
core   0: 3 0x800080d8 (0x0619) x12 0x00000008
core   0: 0x800080da (0xff064ee3) blt     a2, a6, pc - 4
core   0: 3 0x800080da (0xff064ee3)
core   0: 0x800080d6 (0x00008f29) c.xor   a4, a0
core   0: 3 0x800080d6 (0x8f29) x14 0x05000004
core   0: 0x800080d8 (0x00000619) c.addi  a2, 6
core   0: 3 0x800080d8 (0x0619) x12 0x0000000e
core   0: 0x800080da (0xff064ee3) blt     a2, a6, pc - 4
core   0: 3 0x800080da (0xff064ee3)
core   0: 0x800080de (0xfefc97e3) bne     s9, a5, pc - 18
core   0: 3 0x800080de (0xfefc97e3)
core   0: 0x800080cc (0x03d05f33) divu    t5, zero, t4
core   0: 3 0x800080cc (0x03d05f33) x30 0x00000000
core   0: 0x800080d0 (0x00000c89) c.addi  s9, 2
core   0: 3 0x800080d0 (0x0c89) x25 0x0000000e
core   0: 0x800080d2 (0x00004609) c.li    a2, 2
core   0: 3 0x800080d2 (0x4609) x12 0x00000002
core   0: 0x800080d4 (0x00004829) c.li    a6, 10
core   0: 3 0x800080d4 (0x4829) x16 0x0000000a
core   0: 0x800080d6 (0x00008f29) c.xor   a4, a0
core   0: 3 0x800080d6 (0x8f29) x14 0x0500005f
core   0: 0x800080d8 (0x00000619) c.addi  a2, 6
core   0: 3 0x800080d8 (0x0619) x12 0x00000008
core   0: 0x800080da (0xff064ee3) blt     a2, a6, pc - 4
core   0: 3 0x800080da (0xff064ee3)
core   0: 0x800080d6 (0x00008f29) c.xor   a4, a0
core   0: 3 0x800080d6 (0x8f29) x14 0x05000004
core   0: 0x800080d8 (0x00000619) c.addi  a2, 6
core   0: 3 0x800080d8 (0x0619) x12 0x0000000e
core   0: 0x800080da (0xff064ee3) blt     a2, a6, pc - 4
core   0: 3 0x800080da (0xff064ee3)
core   0: 0x800080de (0xfefc97e3) bne     s9, a5, pc - 18
core   0: 3 0x800080de (0xfefc97e3)
core   0: 0x800080cc (0x03d05f33) divu    t5, zero, t4
core   0: 3 0x800080cc (0x03d05f33) x30 0x00000000
core   0: 0x800080d0 (0x00000c89) c.addi  s9, 2
core   0: 3 0x800080d0 (0x0c89) x25 0x00000010
core   0: 0x800080d2 (0x00004609) c.li    a2, 2
core   0: 3 0x800080d2 (0x4609) x12 0x00000002
core   0: 0x800080d4 (0x00004829) c.li    a6, 10
core   0: 3 0x800080d4 (0x4829) x16 0x0000000a
core   0: 0x800080d6 (0x00008f29) c.xor   a4, a0
core   0: 3 0x800080d6 (0x8f29) x14 0x0500005f
core   0: 0x800080d8 (0x00000619) c.addi  a2, 6
core   0: 3 0x800080d8 (0x0619) x12 0x00000008
core   0: 0x800080da (0xff064ee3) blt     a2, a6, pc - 4
core   0: 3 0x800080da (0xff064ee3)
core   0: 0x800080d6 (0x00008f29) c.xor   a4, a0
core   0: 3 0x800080d6 (0x8f29) x14 0x05000004
core   0: 0x800080d8 (0x00000619) c.addi  a2, 6
core   0: 3 0x800080d8 (0x0619) x12 0x0000000e
core   0: 0x800080da (0xff064ee3) blt     a2, a6, pc - 4
core   0: 3 0x800080da (0xff064ee3)
core   0: 0x800080de (0xfefc97e3) bne     s9, a5, pc - 18
core   0: 3 0x800080de (0xfefc97e3)
core   0: 0x800080cc (0x03d05f33) divu    t5, zero, t4
core   0: 3 0x800080cc (0x03d05f33) x30 0x00000000
core   0: 0x800080d0 (0x00000c89) c.addi  s9, 2
core   0: 3 0x800080d0 (0x0c89) x25 0x00000012
core   0: 0x800080d2 (0x00004609) c.li    a2, 2
core   0: 3 0x800080d2 (0x4609) x12 0x00000002
core   0: 0x800080d4 (0x00004829) c.li    a6, 10
core   0: 3 0x800080d4 (0x4829) x16 0x0000000a
core   0: 0x800080d6 (0x00008f29) c.xor   a4, a0
core   0: 3 0x800080d6 (0x8f29) x14 0x0500005f
core   0: 0x800080d8 (0x00000619) c.addi  a2, 6
core   0: 3 0x800080d8 (0x0619) x12 0x00000008
core   0: 0x800080da (0xff064ee3) blt     a2, a6, pc - 4
core   0: 3 0x800080da (0xff064ee3)
core   0: 0x800080d6 (0x00008f29) c.xor   a4, a0
core   0: 3 0x800080d6 (0x8f29) x14 0x05000004
core   0: 0x800080d8 (0x00000619) c.addi  a2, 6
core   0: 3 0x800080d8 (0x0619) x12 0x0000000e
core   0: 0x800080da (0xff064ee3) blt     a2, a6, pc - 4
core   0: 3 0x800080da (0xff064ee3)
core   0: 0x800080de (0xfefc97e3) bne     s9, a5, pc - 18
core   0: 3 0x800080de (0xfefc97e3)
core   0: 0x800080cc (0x03d05f33) divu    t5, zero, t4
core   0: 3 0x800080cc (0x03d05f33) x30 0x00000000
core   0: 0x800080d0 (0x00000c89) c.addi  s9, 2
core   0: 3 0x800080d0 (0x0c89) x25 0x00000014
core   0: 0x800080d2 (0x00004609) c.li    a2, 2
core   0: 3 0x800080d2 (0x4609) x12 0x00000002
core   0: 0x800080d4 (0x00004829) c.li    a6, 10
core   0: 3 0x800080d4 (0x4829) x16 0x0000000a
core   0: 0x800080d6 (0x00008f29) c.xor   a4, a0
core   0: 3 0x800080d6 (0x8f29) x14 0x0500005f
core   0: 0x800080d8 (0x00000619) c.addi  a2, 6
core   0: 3 0x800080d8 (0x0619) x12 0x00000008
core   0: 0x800080da (0xff064ee3) blt     a2, a6, pc - 4
core   0: 3 0x800080da (0xff064ee3)
core   0: 0x800080d6 (0x00008f29) c.xor   a4, a0
core   0: 3 0x800080d6 (0x8f29) x14 0x05000004
core   0: 0x800080d8 (0x00000619) c.addi  a2, 6
core   0: 3 0x800080d8 (0x0619) x12 0x0000000e
core   0: 0x800080da (0xff064ee3) blt     a2, a6, pc - 4
core   0: 3 0x800080da (0xff064ee3)
core   0: 0x800080de (0xfefc97e3) bne     s9, a5, pc - 18
core   0: 3 0x800080de (0xfefc97e3)
core   0: 0x800080e2 (0x03d4adb3) mulhsu  s11, s1, t4
core   0: 3 0x800080e2 (0x03d4adb3) x27 0xfffffffc
core   0: 0x800080e6 (0x40650733) sub     a4, a0, t1
core   0: 3 0x800080e6 (0x40650733) x14 0x7fff7f97
core   0: 0x800080ea (0x0000c009) c.beqz  s0, pc + 2
core   0: 3 0x800080ea (0xc009)
core   0: 0x800080ec (0x018d5e63) bge     s10, s8, pc + 28
core   0: 3 0x800080ec (0x018d5e63)
core   0: 0x80008108 (0x405e83b3) sub     t2, t4, t0
core   0: 3 0x80008108 (0x405e83b3) x7  0xffffffc3
core   0: 0x8000810c (0x03678f33) mul     t5, a5, s6
core   0: 3 0x8000810c (0x03678f33) x30 0x00000014
core   0: 0x80008110 (0x029f7d63) bgeu    t5, s1, pc + 58
core   0: 3 0x80008110 (0x029f7d63)
core   0: 0x80008114 (0x51b54d93) xori    s11, a0, 1307
core   0: 3 0x80008114 (0x51b54d93) x27 0x00000540
core   0: 0x80008118 (0x00006311) c.lui   t1, 0x4
core   0: 3 0x80008118 (0x6311) x6  0x00004000
core   0: 0x8000811a (0x024a68b3) rem     a7, s4, tp
core   0: 3 0x8000811a (0x024a68b3) x17 0xffffffad
core   0: 0x8000811e (0x010ebe33) sltu    t3, t4, a6
core   0: 3 0x8000811e (0x010ebe33) x28 0x00000001
core   0: 0x80008122 (0x0162f933) and     s2, t0, s6
core   0: 3 0x80008122 (0x0162f933) x18 0x00000001
core   0: 0x80008126 (0x025d7a63) bgeu    s10, t0, pc + 52
core   0: 3 0x80008126 (0x025d7a63)
core   0: 0x8000812a (0x00008f01) c.sub   a4, s0
core   0: 3 0x8000812a (0x8f01) x14 0x7fff7f2f
core   0: 0x8000812c (0xbef3a513) slti    a0, t2, -1041
core   0: 3 0x8000812c (0xbef3a513) x10 0x00000000
core   0: 0x80008130 (0x43323593) sltiu   a1, tp, 1075
core   0: 3 0x80008130 (0x43323593) x11 0x00000000
core   0: 0x80008134 (0x01386d33) or      s10, a6, s3
core   0: 3 0x80008134 (0x01386d33) x26 0x0000000b
core   0: 0x80008138 (0x91cbb1b7) lui     gp, 0x91cbb
core   0: 3 0x80008138 (0x91cbb1b7) x3  0x91cbb000
core   0: 0x8000813c (0x00008d7d) c.and   a0, a5
core   0: 3 0x8000813c (0x8d7d) x10 0x00000000
core   0: 0x8000813e (0x0051d593) srli    a1, gp, 5
core   0: 3 0x8000813e (0x0051d593) x11 0x048e5d80
core   0: 0x80008142 (0x00004a99) c.li    s5, 6
core   0: 3 0x80008142 (0x4a99) x21 0x00000006
core   0: 0x80008144 (0x02a2ccb3) div     s9, t0, a0
core   0: 3 0x80008144 (0x02a2ccb3) x25 0xffffffff
core   0: 0x80008148 (0x00008d75) c.and   a0, a3
core   0: 3 0x80008148 (0x8d75) x10 0x00000000
core   0: 0x8000814a (0x03f83233) mulhu   tp, a6, t6
core   0: 3 0x8000814a (0x03f83233) x4  0x00000005
core   0: 0x8000814e (0x01c32933) slt     s2, t1, t3
core   0: 3 0x8000814e (0x01c32933) x18 0x00000000
core   0: 0x80008152 (0x00a664b3) or      s1, a2, a0
core   0: 3 0x80008152 (0x00a664b3) x9  0x0000000e
core   0: 0x80008156 (0xcc5f6637) lui     a2, 0xcc5f6
core   0: 3 0x80008156 (0xcc5f6637) x12 0xcc5f6000
core   0: 0x8000815a (0xf94a7693) andi    a3, s4, -108
core   0: 3 0x8000815a (0xf94a7693) x13 0xffffff84
core   0: 0x8000815e (0x75108e13) addi    t3, ra, 1873
core   0: 3 0x8000815e (0x75108e13) x28 0x800087ff
core   0: 0x80008162 (0x00008eb5) c.xor   a3, a3
core   0: 3 0x80008162 (0x8eb5) x13 0x00000000
core   0: 0x80008164 (0x0000039c) c.addi4spn a5, sp, 448
core   0: 3 0x80008164 (0x039c) x15 0x80008278
core   0: 0x80008166 (0x00000001) c.nop
core   0: 3 0x80008166 (0x0001)
core   0: 0x80008168 (0x00008db9) c.xor   a1, a4
core   0: 3 0x80008168 (0x8db9) x11 0x7b7122af
core   0: 0x8000816a (0x0000cc19) c.beqz  s0, pc + 30
core   0: 3 0x8000816a (0xcc19)
core   0: 0x8000816c (0x7e277913) andi    s2, a4, 2018
core   0: 3 0x8000816c (0x7e277913) x18 0x00000722
core   0: 0x80008170 (0x00001498) c.addi4spn a4, sp, 608
core   0: 3 0x80008170 (0x1498) x14 0x80008318
core   0: 0x80008172 (0x0385e1b3) rem     gp, a1, s8
core   0: 3 0x80008172 (0x0385e1b3) x3  0x7b7122af
core   0: 0x80008176 (0x02a96763) bltu    s2, a0, pc + 46
core   0: 3 0x80008176 (0x02a96763)
core   0: 0x8000817a (0x028af233) remu    tp, s5, s0
core   0: 3 0x8000817a (0x028af233) x4  0x00000006
core   0: 0x8000817e (0x012775b3) and     a1, a4, s2
core   0: 3 0x8000817e (0x012775b3) x11 0x00000300
core   0: 0x80008182 (0x0000672d) c.lui   a4, 0xb
core   0: 3 0x80008182 (0x672d) x14 0x0000b000
core   0: 0x80008184 (0x0ea10513) addi    a0, sp, 234
core   0: 3 0x80008184 (0x0ea10513) x10 0x800081a2
core   0: 0x80008188 (0x402dd333) sra     t1, s11, sp
core   0: 3 0x80008188 (0x402dd333) x6  0x00000000
core   0: 0x8000818c (0x0092c6b3) xor     a3, t0, s1
core   0: 3 0x8000818c (0x0092c6b3) x13 0x0000004b
core   0: 0x80008190 (0x0000c801) c.beqz  s0, pc + 16
core   0: 3 0x80008190 (0xc801)
core   0: 0x80008192 (0x397f2c93) slti    s9, t5, 919
core   0: 3 0x80008192 (0x397f2c93) x25 0x00000001
core   0: 0x80008196 (0x0351ce33) div     t3, gp, s5
core   0: 3 0x80008196 (0x0351ce33) x28 0x1492db1d
core   0: 0x8000819a (0x65b3bbb7) lui     s7, 0x65b3b
core   0: 3 0x8000819a (0x65b3bbb7) x23 0x65b3b000
core   0: 0x8000819e (0x000019fd) c.addi  s3, -1
core   0: 3 0x8000819e (0x19fd) x19 0x0000000a
core   0: 0x800081a0 (0x000098fe) c.add   a7, t6
core   0: 3 0x800081a0 (0x98fe) x17 0x80029cd1
core   0: 0x800081a2 (0x00008ea5) c.xor   a3, s1
core   0: 3 0x800081a2 (0x8ea5) x13 0x00000045
core   0: 0x800081a4 (0x00000192) c.slli  gp, 4
core   0: 3 0x800081a4 (0x0192) x3  0xb7122af0
core   0: 0x800081a6 (0x0d872d93) slti    s11, a4, 216
core   0: 3 0x800081a6 (0x0d872d93) x27 0x00000000
core   0: 0x800081aa (0x0512f463) bgeu    t0, a7, pc + 72
core   0: 3 0x800081aa (0x0512f463)
core   0: 0x800081ae (0x02917033) remu    zero, sp, s1
core   0: 3 0x800081ae (0x02917033)
core   0: 0x800081b2 (0x02a355b3) divu    a1, t1, a0
core   0: 3 0x800081b2 (0x02a355b3) x11 0x00000000
core   0: 0x800081b6 (0x40595b13) srai    s6, s2, 5
core   0: 3 0x800081b6 (0x40595b13) x22 0x00000039
core   0: 0x800081ba (0x40ab8833) sub     a6, s7, a0
core   0: 3 0x800081ba (0x40ab8833) x16 0xe5b32e5e
core   0: 0x800081be (0x0bc3f013) andi    zero, t2, 188
core   0: 3 0x800081be (0x0bc3f013)
core   0: 0x800081c2 (0x016d19b3) sll     s3, s10, s6
core   0: 3 0x800081c2 (0x016d19b3) x19 0x16000000
core   0: 0x800081c6 (0x01f71d93) slli    s11, a4, 31
core   0: 3 0x800081c6 (0x01f71d93) x27 0x00000000
core   0: 0x800081ca (0x02c5fa63) bgeu    a1, a2, pc + 52
core   0: 3 0x800081ca (0x02c5fa63)
core   0: 0x800081ce (0x02b75d33) divu    s10, a4, a1
core   0: 3 0x800081ce (0x02b75d33) x26 0xffffffff
core   0: 0x800081d2 (0x00000001) c.nop
core   0: 3 0x800081d2 (0x0001)
core   0: 0x800081d4 (0xd8968937) lui     s2, 0xd8968
core   0: 3 0x800081d4 (0xd8968937) x18 0xd8968000
core   0: 0x800081d8 (0x01290a33) add     s4, s2, s2
core   0: 3 0x800081d8 (0x01290a33) x20 0xb12d0000
core   0: 0x800081dc (0x00369033) sll     zero, a3, gp
core   0: 3 0x800081dc (0x00369033)
core   0: 0x800081e0 (0x030bfc63) bgeu    s7, a6, pc + 56
core   0: 3 0x800081e0 (0x030bfc63)
core   0: 0x800081e4 (0x00008c8d) c.sub   s1, a1
core   0: 3 0x800081e4 (0x8c8d) x9  0x0000000e
core   0: 0x800081e6 (0x00000001) c.nop
core   0: 3 0x800081e6 (0x0001)
core   0: 0x800081e8 (0x0141fa33) and     s4, gp, s4
core   0: 3 0x800081e8 (0x0141fa33) x20 0xb1000000
core   0: 0x800081ec (0x38c0ac93) slti    s9, ra, 908
core   0: 3 0x800081ec (0x38c0ac93) x25 0x00000001
core   0: 0x800081f0 (0x00000310) c.addi4spn a2, sp, 384
core   0: 3 0x800081f0 (0x0310) x12 0x80008238
core   0: 0x800081f2 (0x0000849d) c.srai  s1, 7
core   0: 3 0x800081f2 (0x849d) x9  0x00000000
core   0: 0x800081f4 (0x000044f9) c.li    s1, 30
core   0: 3 0x800081f4 (0x44f9) x9  0x0000001e
core   0: 0x800081f6 (0x0000617d) c.addi16sp sp, 496
core   0: 3 0x800081f6 (0x617d) x2  0x800082a8
core   0: 0x800081f8 (0x00008d59) c.or    a0, a4
core   0: 3 0x800081f8 (0x8d59) x10 0x8000b1a2
core   0: 0x800081fa (0x03c677b3) remu    a5, a2, t3
core   0: 3 0x800081fa (0x03c677b3) x15 0x048f5f8a
core   0: 0x800081fe (0x01c97263) bgeu    s2, t3, pc + 4
core   0: 3 0x800081fe (0x01c97263)
core   0: 0x80008202 (0x01503cb3) snez    s9, s5
core   0: 3 0x80008202 (0x01503cb3) x25 0x00000001
core   0: 0x80008206 (0x00008c6d) c.and   s0, a1
core   0: 3 0x80008206 (0x8c6d) x8  0x00000000
core   0: 0x80008208 (0x03dfda63) bge     t6, t4, pc + 52
core   0: 3 0x80008208 (0x03dfda63)
core   0: 0x8000820c (0x00000112) c.slli  sp, 4
core   0: 3 0x8000820c (0x0112) x2  0x00082a80
core   0: 0x8000820e (0x025c25b3) mulhsu  a1, s8, t0
core   0: 3 0x8000820e (0x025c25b3) x11 0xffffffdd
core   0: 0x80008212 (0x00009172) c.add   sp, t3
core   0: 3 0x80008212 (0x9172) x2  0x149b059d
core   0: 0x80008214 (0x01893333) sltu    t1, s2, s8
core   0: 3 0x80008214 (0x01893333) x6  0x00000000
core   0: 0x80008218 (0x27f88a17) auipc   s4, 0x27f88
core   0: 3 0x80008218 (0x27f88a17) x20 0xa7f90218
core   0: 0x8000821c (0x01601563) bne     zero, s6, pc + 10
core   0: 3 0x8000821c (0x01601563)
core   0: 0x80008226 (0x00000001) c.nop
core   0: 3 0x80008226 (0x0001)
core   0: 0x80008228 (0x00008a25) c.andi  a2, 9
core   0: 3 0x80008228 (0x8a25) x12 0x00000008
core   0: 0x8000822a (0x023795b3) mulh    a1, a5, gp
core   0: 3 0x8000822a (0x023795b3) x11 0xfeb3709a
core   0: 0x8000822e (0x7bb6a593) slti    a1, a3, 1979
core   0: 3 0x8000822e (0x7bb6a593) x11 0x00000001
core   0: 0x80008232 (0x02790a63) beq     s2, t2, pc + 52
core   0: 3 0x80008232 (0x02790a63)
core   0: 0x80008236 (0x00008db1) c.xor   a1, a2
core   0: 3 0x80008236 (0x8db1) x11 0x00000009
core   0: 0x80008238 (0x007cca33) xor     s4, s9, t2
core   0: 3 0x80008238 (0x007cca33) x20 0xffffffc2
core   0: 0x8000823c (0x62127f13) andi    t5, tp, 1569
core   0: 3 0x8000823c (0x62127f13) x30 0x00000000
core   0: 0x80008240 (0x00008e15) c.sub   a2, a3
core   0: 3 0x80008240 (0x8e15) x12 0xffffffc3
core   0: 0x80008242 (0x416d8933) sub     s2, s11, s6
core   0: 3 0x80008242 (0x416d8933) x18 0xffffffc7
core   0: 0x80008246 (0x000081bd) c.srli  a1, 15
core   0: 3 0x80008246 (0x81bd) x11 0x00000000
core   0: 0x80008248 (0x00008621) c.srai  a2, 8
core   0: 3 0x80008248 (0x8621) x12 0xffffffff
core   0: 0x8000824a (0x02d9f333) remu    t1, s3, a3
core   0: 3 0x8000824a (0x02d9f333) x6  0x00000013
core   0: 0x8000824e (0x00331693) slli    a3, t1, 3
core   0: 3 0x8000824e (0x00331693) x13 0x00000098
core   0: 0x80008252 (0x03e139b3) mulhu   s3, sp, t5
core   0: 3 0x80008252 (0x03e139b3) x19 0x00000000
core   0: 0x80008256 (0x035ec563) blt     t4, s5, pc + 42
core   0: 3 0x80008256 (0x035ec563)
core   0: 0x8000825a (0x00008c21) c.xor   s0, s0
core   0: 3 0x8000825a (0x8c21) x8  0x00000000
core   0: 0x8000825c (0x03f4ea33) rem     s4, s1, t6
core   0: 3 0x8000825c (0x03f4ea33) x20 0x0000001e
core   0: 0x80008260 (0x000011fd) c.addi  gp, -1
core   0: 3 0x80008260 (0x11fd) x3  0xb7122aef
core   0: 0x80008262 (0xd7db0713) addi    a4, s6, -643
core   0: 3 0x80008262 (0xd7db0713) x14 0xfffffdb6
core   0: 0x80008266 (0x0106ff33) and     t5, a3, a6
core   0: 3 0x80008266 (0x0106ff33) x30 0x00000018
core   0: 0x8000826a (0x027c7763) bgeu    s8, t2, pc + 46
core   0: 3 0x8000826a (0x027c7763)
core   0: 0x8000826e (0x01e9b933) sltu    s2, s3, t5
core   0: 3 0x8000826e (0x01e9b933) x18 0x00000001
core   0: 0x80008272 (0x00008999) c.andi  a1, 6
core   0: 3 0x80008272 (0x8999) x11 0x00000000
core   0: 0x80008274 (0x03db2033) mulhsu  zero, s6, t4
core   0: 3 0x80008274 (0x03db2033)
core   0: 0x80008278 (0x017ad6b3) srl     a3, s5, s7
core   0: 3 0x80008278 (0x017ad6b3) x13 0x00000006
core   0: 0x8000827c (0xc9e8f193) andi    gp, a7, -866
core   0: 3 0x8000827c (0xc9e8f193) x3  0x80029c90
core   0: 0x80008280 (0x02dae4b3) rem     s1, s5, a3
core   0: 3 0x80008280 (0x02dae4b3) x9  0x00000000
core   0: 0x80008284 (0x0183de63) bge     t2, s8, pc + 28
core   0: 3 0x80008284 (0x0183de63)
core   0: 0x800082a0 (0x02d9f833) remu    a6, s3, a3
core   0: 3 0x800082a0 (0x02d9f833) x16 0x00000000
core   0: 0x800082a4 (0x011260b3) or      ra, tp, a7
core   0: 3 0x800082a4 (0x011260b3) x1  0x80029cd7
core   0: 0x800082a8 (0x001fde33) srl     t3, t6, ra
core   0: 3 0x800082a8 (0x001fde33) x28 0x00000100
core   0: 0x800082ac (0x0000879d) c.srai  a5, 7
core   0: 3 0x800082ac (0x879d) x15 0x00091ebf
core   0: 0x800082ae (0x02fe8663) beq     t4, a5, pc + 44
core   0: 3 0x800082ae (0x02fe8663)
core   0: 0x800082b2 (0x038d2d33) mulhsu  s10, s10, s8
core   0: 3 0x800082b2 (0x038d2d33) x26 0xffffffff
core   0: 0x800082b6 (0x025b9a63) bne     s7, t0, pc + 52
core   0: 3 0x800082b6 (0x025b9a63)
core   0: 0x800082ea (0x01491d93) slli    s11, s2, 20
core   0: 3 0x800082ea (0x01491d93) x27 0x00100000
core   0: 0x800082ee (0x0d3e4513) xori    a0, t3, 211
core   0: 3 0x800082ee (0x0d3e4513) x10 0x000001d3
core   0: 0x800082f2 (0x401751b3) sra     gp, a4, ra
core   0: 3 0x800082f2 (0x401751b3) x3  0xffffffff
core   0: 0x800082f6 (0xa5951397) auipc   t2, 0xa5951
core   0: 3 0x800082f6 (0xa5951397) x7  0x259592f6
core   0: 0x800082fa (0x00000001) c.nop
core   0: 3 0x800082fa (0x0001)
core   0: 0x800082fc (0x05084263) blt     a6, a6, pc + 68
core   0: 3 0x800082fc (0x05084263)
core   0: 0x80008300 (0x00ac5413) srli    s0, s8, 10
core   0: 3 0x80008300 (0x00ac5413) x8  0x00200097
core   0: 0x80008304 (0x00004ad5) c.li    s5, 21
core   0: 3 0x80008304 (0x4ad5) x21 0x00000015
core   0: 0x80008306 (0x001d1e63) bne     s10, ra, pc + 28
core   0: 3 0x80008306 (0x001d1e63)
core   0: 0x80008322 (0x01c14cb3) xor     s9, sp, t3
core   0: 3 0x80008322 (0x01c14cb3) x25 0x149b049d
core   0: 0x80008326 (0x08d67693) andi    a3, a2, 141
core   0: 3 0x80008326 (0x08d67693) x13 0x0000008d
core   0: 0x8000832a (0x4409a593) slti    a1, s3, 1088
core   0: 3 0x8000832a (0x4409a593) x11 0x00000001
core   0: 0x8000832e (0xfdefc193) xori    gp, t6, -34
core   0: 3 0x8000832e (0xfdefc193) x3  0x7ffd62fa
core   0: 0x80008332 (0x00ab8633) add     a2, s7, a0
core   0: 3 0x80008332 (0x00ab8633) x12 0x65b3b1d3
core   0: 0x80008336 (0x02a06933) rem     s2, zero, a0
core   0: 3 0x80008336 (0x02a06933) x18 0x00000000
core   0: 0x8000833a (0x00000a3e) c.slli  s4, 15
core   0: 3 0x8000833a (0x0a3e) x20 0x000f0000
core   0: 0x8000833c (0x038ff363) bgeu    t6, s8, pc + 38
core   0: 3 0x8000833c (0x038ff363)
core   0: 0x80008362 (0x01a312b3) sll     t0, t1, s10
core   0: 3 0x80008362 (0x01a312b3) x5  0x80000000
core   0: 0x80008366 (0x00008151) c.srli  a0, 20
core   0: 3 0x80008366 (0x8151) x10 0x00000000
core   0: 0x80008368 (0x00008c45) c.or    s0, s1
core   0: 3 0x80008368 (0x8c45) x8  0x00200097
core   0: 0x8000836a (0x00008585) c.srai  a1, 1
core   0: 3 0x8000836a (0x8585) x11 0x00000000
core   0: 0x8000836c (0x02d82233) mulhsu  tp, a6, a3
core   0: 3 0x8000836c (0x02d82233) x4  0x00000000
core   0: 0x80008370 (0x013066b3) or      a3, zero, s3
core   0: 3 0x80008370 (0x013066b3) x13 0x00000000
core   0: 0x80008374 (0x00001e98) c.addi4spn a4, sp, 880
core   0: 3 0x80008374 (0x1e98) x14 0x149b090d
core   0: 0x80008376 (0x00009f4a) c.add   t5, s2
core   0: 3 0x80008376 (0x9f4a) x30 0x00000018
core   0: 0x80008378 (0x000061d9) c.lui   gp, 0x16
core   0: 3 0x80008378 (0x61d9) x3  0x00016000
core   0: 0x8000837a (0x00000001) c.nop
core   0: 3 0x8000837a (0x0001)
core   0: 0x8000837c (0x036da533) mulhsu  a0, s11, s6
core   0: 3 0x8000837c (0x036da533) x10 0x00000000
core   0: 0x80008380 (0x0000045a) c.slli  s0, 22
core   0: 3 0x80008380 (0x045a) x8  0x25c00000
core   0: 0x80008382 (0x022ff463) bgeu    t6, sp, pc + 40
core   0: 3 0x80008382 (0x022ff463)
core   0: 0x800083aa (0x00da5113) srli    sp, s4, 13
core   0: 3 0x800083aa (0x00da5113) x2  0x00000078
core   0: 0x800083ae (0x03acfcb3) remu    s9, s9, s10
core   0: 3 0x800083ae (0x03acfcb3) x25 0x149b049d
core   0: 0x800083b2 (0x0139d733) srl     a4, s3, s3
core   0: 3 0x800083b2 (0x0139d733) x14 0x00000000
core   0: 0x800083b6 (0x5a5de813) ori     a6, s11, 1445
core   0: 3 0x800083b6 (0x5a5de813) x16 0x001005a5
core   0: 0x800083ba (0x02a086b3) mul     a3, ra, a0
core   0: 3 0x800083ba (0x02a086b3) x13 0x00000000
core   0: 0x800083be (0x01704033) xor     zero, zero, s7
core   0: 3 0x800083be (0x01704033)
core   0: 0x800083c2 (0x03b7ab33) mulhsu  s6, a5, s11
core   0: 3 0x800083c2 (0x03b7ab33) x22 0x00000091
core   0: 0x800083c6 (0x09b6e993) ori     s3, a3, 155
core   0: 3 0x800083c6 (0x09b6e993) x19 0x0000009b
core   0: 0x800083ca (0x0000ea95) c.bnez  a3, pc + 52
core   0: 3 0x800083ca (0xea95)
core   0: 0x800083cc (0x00008709) c.srai  a4, 2
core   0: 3 0x800083cc (0x8709) x14 0x00000000
core   0: 0x800083ce (0x0347ae33) mulhsu  t3, a5, s4
core   0: 3 0x800083ce (0x0347ae33) x28 0x00000088
core   0: 0x800083d2 (0x00000a26) c.slli  s4, 9
core   0: 3 0x800083d2 (0x0a26) x20 0x1e000000
core   0: 0x800083d4 (0x026f18b3) mulh    a7, t5, t1
core   0: 3 0x800083d4 (0x026f18b3) x17 0x00000000
core   0: 0x800083d8 (0x414f5833) sra     a6, t5, s4
core   0: 3 0x800083d8 (0x414f5833) x16 0x00000018
core   0: 0x800083dc (0x0246cd33) div     s10, a3, tp
core   0: 3 0x800083dc (0x0246cd33) x26 0xffffffff
core   0: 0x800083e0 (0x6d0dc413) xori    s0, s11, 1744
core   0: 3 0x800083e0 (0x6d0dc413) x8  0x001006d0
core   0: 0x800083e4 (0x00a29263) bne     t0, a0, pc + 4
core   0: 3 0x800083e4 (0x00a29263)
core   0: 0x800083e8 (0x0000814d) c.srli  a0, 19
core   0: 3 0x800083e8 (0x814d) x10 0x00000000
core   0: 0x800083ea (0x00000001) c.nop
core   0: 3 0x800083ea (0x0001)
core   0: 0x800083ec (0x41ee8d33) sub     s10, t4, t5
core   0: 3 0x800083ec (0x41ee8d33) x26 0xfffffff0
core   0: 0x800083f0 (0x0c187063) bgeu    a6, ra, pc + 192
core   0: 3 0x800083f0 (0x0c187063)
core   0: 0x800083f4 (0x0000717d) c.addi16sp sp, -16
core   0: 3 0x800083f4 (0x717d) x2  0x00000068
core   0: 0x800083f6 (0x00008aae) c.mv    s5, a1
core   0: 3 0x800083f6 (0x8aae) x21 0x00000000
core   0: 0x800083f8 (0x0000547d) c.li    s0, -1
core   0: 3 0x800083f8 (0x547d) x8  0xffffffff
core   0: 0x800083fa (0x01c67ab3) and     s5, a2, t3
core   0: 3 0x800083fa (0x01c67ab3) x21 0x00000080
core   0: 0x800083fe (0x015ba533) slt     a0, s7, s5
core   0: 3 0x800083fe (0x015ba533) x10 0x00000000
core   0: 0x80008402 (0x021df633) remu    a2, s11, ra
core   0: 3 0x80008402 (0x021df633) x12 0x00100000
core   0: 0x80008406 (0x000006a5) c.addi  a3, 9
core   0: 3 0x80008406 (0x06a5) x13 0x00000009
core   0: 0x80008408 (0x006c5693) srli    a3, s8, 6
core   0: 3 0x80008408 (0x006c5693) x13 0x02000978
core   0: 0x8000840c (0x00000001) c.nop
core   0: 3 0x8000840c (0x0001)
core   0: 0x8000840e (0x00006aa1) c.lui   s5, 0x8
core   0: 3 0x8000840e (0x6aa1) x21 0x00008000
core   0: 0x80008410 (0x0a6cf863) bgeu    s9, t1, pc + 176
core   0: 3 0x80008410 (0x0a6cf863)
core   0: 0x800084c0 (0x0000035e) c.slli  t1, 23
core   0: 3 0x800084c0 (0x035e) x6  0x09800000
core   0: 0x800084c2 (0x00008c19) c.sub   s0, a4
core   0: 3 0x800084c2 (0x8c19) x8  0xffffffff
core   0: 0x800084c4 (0xf2dc4093) xori    ra, s8, -211
core   0: 3 0x800084c4 (0xf2dc4093) x1  0x7ffda115
core   0: 0x800084c8 (0x0260b5b3) mulhu   a1, ra, t1
core   0: 3 0x800084c8 (0x0260b5b3) x11 0x04bfe97a
core   0: 0x800084cc (0x03a15c63) bge     sp, s10, pc + 56
core   0: 3 0x800084cc (0x03a15c63)
core   0: 0x80008504 (0x01ff8933) add     s2, t6, t6
core   0: 3 0x80008504 (0x01ff8933) x18 0x00053a48
core   0: 0x80008508 (0x00b84bb3) xor     s7, a6, a1
core   0: 3 0x80008508 (0x00b84bb3) x23 0x04bfe962
core   0: 0x8000850c (0x00000c80) c.addi4spn s0, sp, 592
core   0: 3 0x8000850c (0x0c80) x8  0x000002b8
core   0: 0x8000850e (0x000061a9) c.lui   gp, 0xa
core   0: 3 0x8000850e (0x61a9) x3  0x0000a000
core   0: 0x80008510 (0x01ac6b33) or      s6, s8, s10
core   0: 3 0x80008510 (0x01ac6b33) x22 0xfffffff8
core   0: 0x80008514 (0x02fb7563) bgeu    s6, a5, pc + 42
core   0: 3 0x80008514 (0x02fb7563)
core   0: 0x8000853e (0x000da233) slt     tp, s11, zero
core   0: 3 0x8000853e (0x000da233) x4  0x00000000
core   0: 0x80008542 (0x0226d233) divu    tp, a3, sp
core   0: 3 0x80008542 (0x0226d233) x4  0x0004ec66
core   0: 0x80008546 (0x00009afd) c.andi  a3, -1
core   0: 3 0x80008546 (0x9afd) x13 0x02000978
core   0: 0x80008548 (0x00000001) c.nop
core   0: 3 0x80008548 (0x0001)
core   0: 0x8000854a (0x00759433) sll     s0, a1, t2
core   0: 3 0x8000854a (0x00759433) x8  0x5e800000
core   0: 0x8000854e (0x02741e33) mulh    t3, s0, t2
core   0: 3 0x8000854e (0x02741e33) x28 0x0ddfb6bf
core   0: 0x80008552 (0x00008691) c.srai  a3, 4
core   0: 3 0x80008552 (0x8691) x13 0x00200097
core   0: 0x80008554 (0x03cc26b3) mulhsu  a3, s8, t3
core   0: 3 0x80008554 (0x03cc26b3) x13 0xf910457b
core   0: 0x80008558 (0x0299eab3) rem     s5, s3, s1
core   0: 3 0x80008558 (0x0299eab3) x21 0x0000009b
core   0: 0x8000855c (0x2fd70a13) addi    s4, a4, 765
core   0: 3 0x8000855c (0x2fd70a13) x20 0x000002fd
core   0: 0x80008560 (0x00001090) c.addi4spn a2, sp, 96
core   0: 3 0x80008560 (0x1090) x12 0x000000c8
core   0: 0x80008562 (0x00006dc9) c.lui   s11, 0x12
core   0: 3 0x80008562 (0x6dc9) x27 0x00012000
core   0: 0x80008564 (0x02da5133) divu    sp, s4, a3
core   0: 3 0x80008564 (0x02da5133) x2  0x00000000
core   0: 0x80008568 (0x00008f2d) c.xor   a4, a1
core   0: 3 0x80008568 (0x8f2d) x14 0x04bfe97a
core   0: 0x8000856a (0x417b8bb3) sub     s7, s7, s7
core   0: 3 0x8000856a (0x417b8bb3) x23 0x00000000
core   0: 0x8000856e (0x03e7e363) bltu    a5, t5, pc + 38
core   0: 3 0x8000856e (0x03e7e363)
core   0: 0x80008572 (0x000085a5) c.srai  a1, 9
core   0: 3 0x80008572 (0x85a5) x11 0x00025ff4
core   0: 0x80008574 (0x00008f7d) c.and   a4, a5
core   0: 3 0x80008574 (0x8f7d) x14 0x0009083a
core   0: 0x80008576 (0x4acce693) ori     a3, s9, 1196
core   0: 3 0x80008576 (0x4acce693) x13 0x149b04bd
core   0: 0x8000857a (0x038cfc63) bgeu    s9, s8, pc + 56
core   0: 3 0x8000857a (0x038cfc63)
core   0: 0x8000857e (0x00e41593) slli    a1, s0, 14
core   0: 3 0x8000857e (0x00e41593) x11 0x00000000
core   0: 0x80008582 (0x003209b3) add     s3, tp, gp
core   0: 3 0x80008582 (0x003209b3) x19 0x00058c66
core   0: 0x80008586 (0x03268f33) mul     t5, a3, s2
core   0: 3 0x80008586 (0x03268f33) x30 0x025d2728
core   0: 0x8000858a (0x00008d86) c.mv    s11, ra
core   0: 3 0x8000858a (0x8d86) x27 0x7ffda115
core   0: 0x8000858c (0x01d34f63) blt     t1, t4, pc + 30
core   0: 3 0x8000858c (0x01d34f63)
core   0: 0x80008590 (0xbcee2193) slti    gp, t3, -1074
core   0: 3 0x80008590 (0xbcee2193) x3  0x00000000
core   0: 0x80008594 (0x4d64a493) slti    s1, s1, 1238
core   0: 3 0x80008594 (0x4d64a493) x9  0x00000001
core   0: 0x80008598 (0x00008e4d) c.or    a2, a1
core   0: 3 0x80008598 (0x8e4d) x12 0x000000c8
core   0: 0x8000859a (0x00ca24b3) slt     s1, s4, a2
core   0: 3 0x8000859a (0x00ca24b3) x9  0x00000000
core   0: 0x8000859e (0x0171b433) sltu    s0, gp, s7
core   0: 3 0x8000859e (0x0171b433) x8  0x00000000
core   0: 0x800085a2 (0x014e0433) add     s0, t3, s4
core   0: 3 0x800085a2 (0x014e0433) x8  0x0ddfb9bc
core   0: 0x800085a6 (0xe199cc93) xori    s9, s3, -487
core   0: 3 0x800085a6 (0xe199cc93) x25 0xfffa727f
core   0: 0x800085aa (0x034173b3) remu    t2, sp, s4
core   0: 3 0x800085aa (0x034173b3) x7  0x00000000
core   0: 0x800085ae (0x01e50a33) add     s4, a0, t5
core   0: 3 0x800085ae (0x01e50a33) x20 0x025d2728
core   0: 0x800085b2 (0x01d64b33) xor     s6, a2, t4
core   0: 3 0x800085b2 (0x01d64b33) x22 0x000000c0
core   0: 0x800085b6 (0x010d31b3) sltu    gp, s10, a6
core   0: 3 0x800085b6 (0x010d31b3) x3  0x00000000
core   0: 0x800085ba (0x00006521) c.lui   a0, 0x8
core   0: 3 0x800085ba (0x6521) x10 0x00008000
core   0: 0x800085bc (0x00000001) c.nop
core   0: 3 0x800085bc (0x0001)
core   0: 0x800085be (0x00992f33) slt     t5, s2, s1
core   0: 3 0x800085be (0x00992f33) x30 0x00000000
core   0: 0x800085c2 (0x03ab37b3) mulhu   a5, s6, s10
core   0: 3 0x800085c2 (0x03ab37b3) x15 0x000000bf
core   0: 0x800085c6 (0x0088fa63) bgeu    a7, s0, pc + 20
core   0: 3 0x800085c6 (0x0088fa63)
core   0: 0x800085ca (0x024de833) rem     a6, s11, tp
core   0: 3 0x800085ca (0x024de833) x16 0x0000317b
core   0: 0x800085ce (0xdbec4313) xori    t1, s8, -578
core   0: 3 0x800085ce (0xdbec4313) x6  0x7ffda386
core   0: 0x800085d2 (0x0010ec63) bltu    ra, ra, pc + 24
core   0: 3 0x800085d2 (0x0010ec63)
core   0: 0x800085d6 (0x727d21b7) lui     gp, 0x727d2
core   0: 3 0x800085d6 (0x727d21b7) x3  0x727d2000
core   0: 0x800085da (0x000083dd) c.srli  a5, 23
core   0: 3 0x800085da (0x83dd) x15 0x00000000
core   0: 0x800085dc (0x678ea297) auipc   t0, 0x678ea
core   0: 3 0x800085dc (0x678ea297) x5  0xe78f25dc
core   0: 0x800085e0 (0x0000cd15) c.beqz  a0, pc + 60
core   0: 3 0x800085e0 (0xcd15)
core   0: 0x800085e2 (0x02ae2b33) mulhsu  s6, t3, a0
core   0: 3 0x800085e2 (0x02ae2b33) x22 0x000006ef
core   0: 0x800085e6 (0x00b9ab33) slt     s6, s3, a1
core   0: 3 0x800085e6 (0x00b9ab33) x22 0x00000000
core   0: 0x800085ea (0x01879db3) sll     s11, a5, s8
core   0: 3 0x800085ea (0x01879db3) x27 0x00000000
core   0: 0x800085ee (0x4037db33) sra     s6, a5, gp
core   0: 3 0x800085ee (0x4037db33) x22 0x00000000
core   0: 0x800085f2 (0x01459613) slli    a2, a1, 20
core   0: 3 0x800085f2 (0x01459613) x12 0x00000000
core   0: 0x800085f6 (0x03407333) remu    t1, zero, s4
core   0: 3 0x800085f6 (0x03407333) x6  0x00000000
core   0: 0x800085fa (0x00000001) c.nop
core   0: 3 0x800085fa (0x0001)
core   0: 0x800085fc (0x0000c79d) c.beqz  a5, pc + 46
core   0: 3 0x800085fc (0xc79d)
core   0: 0x8000862a (0x00004401) c.li    s0, 0
core   0: 3 0x8000862a (0x4401) x8  0x00000000
core   0: 0x8000862c (0x0091cd63) blt     gp, s1, pc + 26
core   0: 3 0x8000862c (0x0091cd63)
core   0: 0x80008630 (0x00009726) c.add   a4, s1
core   0: 3 0x80008630 (0x9726) x14 0x0009083a
core   0: 0x80008632 (0x00006531) c.lui   a0, 0xc
core   0: 3 0x80008632 (0x6531) x10 0x0000c000
core   0: 0x80008634 (0x01279f13) slli    t5, a5, 18
core   0: 3 0x80008634 (0x01279f13) x30 0x00000000
core   0: 0x80008638 (0x3935eb13) ori     s6, a1, 915
core   0: 3 0x80008638 (0x3935eb13) x22 0x00000393
core   0: 0x8000863c (0x00008f19) c.sub   a4, a4
core   0: 3 0x8000863c (0x8f19) x14 0x00000000
core   0: 0x8000863e (0xbf34ee13) ori     t3, s1, -1037
core   0: 3 0x8000863e (0xbf34ee13) x28 0xfffffbf3
core   0: 0x80008642 (0x02466263) bltu    a2, tp, pc + 36
core   0: 3 0x80008642 (0x02466263)
core   0: 0x80008666 (0x00008f5d) c.or    a4, a5
core   0: 3 0x80008666 (0x8f5d) x14 0x00000000
core   0: 0x80008668 (0x0000862a) c.mv    a2, a0
core   0: 3 0x80008668 (0x862a) x12 0x0000c000
core   0: 0x8000866a (0x0000e589) c.bnez  a1, pc + 10
core   0: 3 0x8000866a (0xe589)
core   0: 0x8000866c (0xcb5bc093) xori    ra, s7, -843
core   0: 3 0x8000866c (0xcb5bc093) x1  0xfffffcb5
core   0: 0x80008670 (0x03660b33) mul     s6, a2, s6
core   0: 3 0x80008670 (0x03660b33) x22 0x02ae4000
core   0: 0x80008674 (0x00008c91) c.sub   s1, a2
core   0: 3 0x80008674 (0x8c91) x9  0xffff4000
core   0: 0x80008676 (0x026771b3) remu    gp, a4, t1
core   0: 3 0x80008676 (0x026771b3) x3  0x00000000
core   0: 0x8000867a (0x7d7c3913) sltiu   s2, s8, 2007
core   0: 3 0x8000867a (0x7d7c3913) x18 0x00000000
core   0: 0x8000867e (0x5b45b913) sltiu   s2, a1, 1460
core   0: 3 0x8000867e (0x5b45b913) x18 0x00000001
core   0: 0x80008682 (0x00000189) c.addi  gp, 2
core   0: 3 0x80008682 (0x0189) x3  0x00000002
core   0: 0x80008684 (0x00001704) c.addi4spn s1, sp, 928
core   0: 3 0x80008684 (0x1704) x9  0x000003a0
core   0: 0x80008686 (0x00004e6d) c.li    t3, 27
core   0: 3 0x80008686 (0x4e6d) x28 0x0000001b
core   0: 0x80008688 (0x0040b033) sltu    zero, ra, tp
core   0: 3 0x80008688 (0x0040b033)
core   0: 0x8000868c (0x00000349) c.addi  t1, 18
core   0: 3 0x8000868c (0x0349) x6  0x00000012
core   0: 0x8000868e (0x00008c11) c.sub   s0, a2
core   0: 3 0x8000868e (0x8c11) x8  0xffff4000
core   0: 0x80008690 (0x41d25893) srai    a7, tp, 29
core   0: 3 0x80008690 (0x41d25893) x17 0x00000000
core   0: 0x80008694 (0xd8ad5317) auipc   t1, 0xd8ad5
core   0: 3 0x80008694 (0xd8ad5317) x6  0x58add694
core   0: 0x80008698 (0x52b43b93) sltiu   s7, s0, 1323
core   0: 3 0x80008698 (0x52b43b93) x23 0x00000000
core   0: 0x8000869c (0x00000001) c.nop
core   0: 3 0x8000869c (0x0001)
core   0: 0x8000869e (0x000097be) c.add   a5, a5
core   0: 3 0x8000869e (0x97be) x15 0x00000000
core   0: 0x800086a0 (0x1c388013) addi    zero, a7, 451
core   0: 3 0x800086a0 (0x1c388013)
core   0: 0x800086a4 (0x02d0f763) bgeu    ra, a3, pc + 46
core   0: 3 0x800086a4 (0x02d0f763)
core   0: 0x800086d2 (0x009f1663) bne     t5, s1, pc + 12
core   0: 3 0x800086d2 (0x009f1663)
core   0: 0x800086de (0x00e5d013) srli    zero, a1, 14
core   0: 3 0x800086de (0x00e5d013)
core   0: 0x800086e2 (0x00381433) sll     s0, a6, gp
core   0: 3 0x800086e2 (0x00381433) x8  0x0000c5ec
core   0: 0x800086e6 (0x004c2083) lw      ra, 4(s8)
core   0: 3 0x800086e6 (0x004c2083) x1  0x800089bc mem 0x80025e3c
core   0: 0x800086ea (0x01982e33) slt     t3, a6, s9
core   0: 3 0x800086ea (0x01982e33) x28 0x00000000
core   0: 0x800086ee (0x020c0c13) addi    s8, s8, 32
core   0: 3 0x800086ee (0x020c0c13) x24 0x80025e58
core   0: 0x800086f2 (0xd7203f13) sltiu   t5, zero, -654
core   0: 3 0x800086f2 (0xd7203f13) x30 0x00000001
core   0: 0x800086f6 (0x00008693) mv      a3, ra
core   0: 3 0x800086f6 (0x00008693) x13 0x800089bc
core   0: 0x800086fa (0x00009682) c.jalr  a3
core   0: 3 0x800086fa (0x9682) x1  0x800086fc
core   0: 0x800089bc (0x416ddc93) srai    s9, s11, 22
core   0: 3 0x800089bc (0x416ddc93) x25 0x00000000
core   0: 0x800089c0 (0x00008fe1) c.and   a5, s0
core   0: 3 0x800089c0 (0x8fe1) x15 0x00000000
core   0: 0x800089c2 (0x000081da) c.mv    gp, s6
core   0: 3 0x800089c2 (0x81da) x3  0x02ae4000
core   0: 0x800089c4 (0x00004dc9) c.li    s11, 18
core   0: 3 0x800089c4 (0x4dc9) x27 0x00000012
core   0: 0x800089c6 (0x03d11b33) mulh    s6, sp, t4
core   0: 3 0x800089c6 (0x03d11b33) x22 0x00000000
core   0: 0x800089ca (0x02b775b7) lui     a1, 0x2b77
core   0: 3 0x800089ca (0x02b775b7) x11 0x02b77000
core   0: 0x800089ce (0x0075f6b3) and     a3, a1, t2
core   0: 3 0x800089ce (0x0075f6b3) x13 0x00000000
core   0: 0x800089d2 (0x00761c93) slli    s9, a2, 7
core   0: 3 0x800089d2 (0x00761c93) x25 0x00600000
core   0: 0x800089d6 (0x015e5e33) srl     t3, t3, s5
core   0: 3 0x800089d6 (0x015e5e33) x28 0x00000000
core   0: 0x800089da (0x00009256) c.add   tp, s5
core   0: 3 0x800089da (0x9256) x4  0x0004ed01
core   0: 0x800089dc (0x02502bb3) mulhsu  s7, zero, t0
core   0: 3 0x800089dc (0x02502bb3) x23 0x00000000
core   0: 0x800089e0 (0x03a04563) blt     zero, s10, pc + 42
core   0: 3 0x800089e0 (0x03a04563)
core   0: 0x800089e4 (0xbbc9b393) sltiu   t2, s3, -1092
core   0: 3 0x800089e4 (0xbbc9b393) x7  0x00000001
core   0: 0x800089e8 (0x000008a6) c.slli  a7, 9
core   0: 3 0x800089e8 (0x08a6) x17 0x00000000
core   0: 0x800089ea (0x015e7033) and     zero, t3, s5
core   0: 3 0x800089ea (0x015e7033)
core   0: 0x800089ee (0x0fc1eb13) ori     s6, gp, 252
core   0: 3 0x800089ee (0x0fc1eb13) x22 0x02ae40fc
core   0: 0x800089f2 (0x29928113) addi    sp, t0, 665
core   0: 3 0x800089f2 (0x29928113) x2  0xe78f2875
core   0: 0x800089f6 (0xb0bce317) auipc   t1, 0xb0bce
core   0: 3 0x800089f6 (0xb0bce317) x6  0x30bd69f6
core   0: 0x800089fa (0x00913433) sltu    s0, sp, s1
core   0: 3 0x800089fa (0x00913433) x8  0x00000000
core   0: 0x800089fe (0x0000e589) c.bnez  a1, pc + 10
core   0: 3 0x800089fe (0xe589)
core   0: 0x80008a08 (0x00008325) c.srli  a4, 9
core   0: 3 0x80008a08 (0x8325) x14 0x00000000
core   0: 0x80008a0a (0x00074333) xor     t1, a4, zero
core   0: 3 0x80008a0a (0x00074333) x6  0x00000000
core   0: 0x80008a0e (0x03266663) bltu    a2, s2, pc + 44
core   0: 3 0x80008a0e (0x03266663)
core   0: 0x80008a12 (0x000007c2) c.slli  a5, 16
core   0: 3 0x80008a12 (0x07c2) x15 0x00000000
core   0: 0x80008a14 (0x014a4e33) xor     t3, s4, s4
core   0: 3 0x80008a14 (0x014a4e33) x28 0x00000000
core   0: 0x80008a18 (0x05e05163) bge     zero, t5, pc + 66
core   0: 3 0x80008a18 (0x05e05163)
core   0: 0x80008a1c (0x0bc1b113) sltiu   sp, gp, 188
core   0: 3 0x80008a1c (0x0bc1b113) x2  0x00000000
core   0: 0x80008a20 (0x010a9433) sll     s0, s5, a6
core   0: 3 0x80008a20 (0x010a9433) x8  0xd8000000
core   0: 0x80008a24 (0x01bd1d63) bne     s10, s11, pc + 26
core   0: 3 0x80008a24 (0x01bd1d63)
core   0: 0x80008a3e (0x0258bbb3) mulhu   s7, a7, t0
core   0: 3 0x80008a3e (0x0258bbb3) x23 0x00000000
core   0: 0x80008a42 (0x000008d9) c.addi  a7, 22
core   0: 3 0x80008a42 (0x08d9) x17 0x00000016
core   0: 0x80008a44 (0x012100b3) add     ra, sp, s2
core   0: 3 0x80008a44 (0x012100b3) x1  0x00000001
core   0: 0x80008a48 (0x007e0963) beq     t3, t2, pc + 18
core   0: 3 0x80008a48 (0x007e0963)
core   0: 0x80008a4c (0xacba2613) slti    a2, s4, -1333
core   0: 3 0x80008a4c (0xacba2613) x12 0x00000000
core   0: 0x80008a50 (0x00009b36) c.add   s6, a3
core   0: 3 0x80008a50 (0x9b36) x22 0x02ae40fc
core   0: 0x80008a52 (0x03453233) mulhu   tp, a0, s4
core   0: 3 0x80008a52 (0x03453233) x4  0x000001c5
core   0: 0x80008a56 (0x01b7b8b3) sltu    a7, a5, s11
core   0: 3 0x80008a56 (0x01b7b8b3) x17 0x00000001
core   0: 0x80008a5a (0x000099fd) c.andi  a1, -1
core   0: 3 0x80008a5a (0x99fd) x11 0x02b77000
core   0: 0x80008a5c (0x00008635) c.srai  a2, 13
core   0: 3 0x80008a5c (0x8635) x12 0x00000000
core   0: 0x80008a5e (0x004c2083) lw      ra, 4(s8)
core   0: 3 0x80008a5e (0x004c2083) x1  0x80009e8a mem 0x80025e5c
core   0: 0x80008a62 (0xe5b78693) addi    a3, a5, -421
core   0: 3 0x80008a62 (0xe5b78693) x13 0xfffffe5b
core   0: 0x80008a66 (0x00bab3b3) sltu    t2, s5, a1
core   0: 3 0x80008a66 (0x00bab3b3) x7  0x00000001
core   0: 0x80008a6a (0x00000001) c.nop
core   0: 3 0x80008a6a (0x0001)
core   0: 0x80008a6c (0xf2c379b7) lui     s3, 0xf2c37
core   0: 3 0x80008a6c (0xf2c379b7) x19 0xf2c37000
core   0: 0x80008a70 (0x410852b3) sra     t0, a6, a6
core   0: 3 0x80008a70 (0x410852b3) x5  0x00000000
core   0: 0x80008a74 (0x00008fe1) c.and   a5, s0
core   0: 3 0x80008a74 (0x8fe1) x15 0x00000000
core   0: 0x80008a76 (0x034c0c13) addi    s8, s8, 52
core   0: 3 0x80008a76 (0x034c0c13) x24 0x80025e8c
core   0: 0x80008a7a (0x027d7a33) remu    s4, s10, t2
core   0: 3 0x80008a7a (0x027d7a33) x20 0x00000000
core   0: 0x80008a7e (0x00108513) addi    a0, ra, 1
core   0: 3 0x80008a7e (0x00108513) x10 0x80009e8b
core   0: 0x80008a82 (0x00008502) c.jr    a0
core   0: 3 0x80008a82 (0x8502)
core   0: 0x80009e8a (0x02d69f33) mulh    t5, a3, a3
core   0: 3 0x80009e8a (0x02d69f33) x30 0x00000000
core   0: 0x80009e8e (0x0000e589) c.bnez  a1, pc + 10
core   0: 3 0x80009e8e (0xe589)
core   0: 0x80009e98 (0xd9d87e13) andi    t3, a6, -611
core   0: 3 0x80009e98 (0xd9d87e13) x28 0x00003119
core   0: 0x80009e9c (0x032e0763) beq     t3, s2, pc + 46
core   0: 3 0x80009e9c (0x032e0763)
core   0: 0x80009ea0 (0x00fb2bb3) slt     s7, s6, a5
core   0: 3 0x80009ea0 (0x00fb2bb3) x23 0x00000000
core   0: 0x80009ea4 (0x0174e5b3) or      a1, s1, s7
core   0: 3 0x80009ea4 (0x0174e5b3) x11 0x000003a0
core   0: 0x80009ea8 (0x00008d21) c.xor   a0, s0
core   0: 3 0x80009ea8 (0x8d21) x10 0x58009e8b
core   0: 0x80009eaa (0x007d9863) bne     s11, t2, pc + 16
core   0: 3 0x80009eaa (0x007d9863)
core   0: 0x80009eba (0x19083213) sltiu   tp, a6, 400
core   0: 3 0x80009eba (0x19083213) x4  0x00000000
core   0: 0x80009ebe (0x034237b3) mulhu   a5, tp, s4
core   0: 3 0x80009ebe (0x034237b3) x15 0x00000000
core   0: 0x80009ec2 (0x0286c763) blt     a3, s0, pc + 46
core   0: 3 0x80009ec2 (0x0286c763)
core   0: 0x80009ec6 (0x05a5d063) bge     a1, s10, pc + 64
core   0: 3 0x80009ec6 (0x05a5d063)
core   0: 0x80009f06 (0x00008fbd) c.xor   a5, a5
core   0: 3 0x80009f06 (0x8fbd) x15 0x00000000
core   0: 0x80009f08 (0x00035513) srli    a0, t1, 0
core   0: 3 0x80009f08 (0x00035513) x10 0x00000000
core   0: 0x80009f0c (0x405b06b3) sub     a3, s6, t0
core   0: 3 0x80009f0c (0x405b06b3) x13 0x02ae40fc
core   0: 0x80009f10 (0x01cf6f63) bltu    t5, t3, pc + 30
core   0: 3 0x80009f10 (0x01cf6f63)
core   0: 0x80009f2e (0x008319b3) sll     s3, t1, s0
core   0: 3 0x80009f2e (0x008319b3) x19 0x00000000
core   0: 0x80009f32 (0x286d7a93) andi    s5, s10, 646
core   0: 3 0x80009f32 (0x286d7a93) x21 0x00000280
core   0: 0x80009f36 (0x404d0b33) sub     s6, s10, tp
core   0: 3 0x80009f36 (0x404d0b33) x22 0xfffffff0
core   0: 0x80009f3a (0x02f26363) bltu    tp, a5, pc + 38
core   0: 3 0x80009f3a (0x02f26363)
core   0: 0x80009f3e (0x032da3b3) mulhsu  t2, s11, s2
core   0: 3 0x80009f3e (0x032da3b3) x7  0x00000000
core   0: 0x80009f42 (0x0000c999) c.beqz  a1, pc + 22
core   0: 3 0x80009f42 (0xc999)
core   0: 0x80009f44 (0x0000717d) c.addi16sp sp, -16
core   0: 3 0x80009f44 (0x717d) x2  0xfffffff0
core   0: 0x80009f46 (0x00fdd2b3) srl     t0, s11, a5
core   0: 3 0x80009f46 (0x00fdd2b3) x5  0x00000012
core   0: 0x80009f4a (0x0062d1b3) srl     gp, t0, t1
core   0: 3 0x80009f4a (0x0062d1b3) x3  0x00000012
core   0: 0x80009f4e (0x000004ad) c.addi  s1, 11
core   0: 3 0x80009f4e (0x04ad) x9  0x000003ab
core   0: 0x80009f50 (0x0051f463) bgeu    gp, t0, pc + 8
core   0: 3 0x80009f50 (0x0051f463)
core   0: 0x80009f58 (0x00008c25) c.xor   s0, s1
core   0: 3 0x80009f58 (0x8c25) x8  0xd80003ab
core   0: 0x80009f5a (0x000090da) c.add   ra, s6
core   0: 3 0x80009f5a (0x90da) x1  0x80009e7a
core   0: 0x80009f5c (0x03467533) remu    a0, a2, s4
core   0: 3 0x80009f5c (0x03467533) x10 0x00000000
core   0: 0x80009f60 (0x00a4ca33) xor     s4, s1, a0
core   0: 3 0x80009f60 (0x00a4ca33) x20 0x000003ab
core   0: 0x80009f64 (0x846f4493) xori    s1, t5, -1978
core   0: 3 0x80009f64 (0x846f4493) x9  0xfffff846
core   0: 0x80009f68 (0x4050d793) srai    a5, ra, 5
core   0: 3 0x80009f68 (0x4050d793) x15 0xfc0004f3
core   0: 0x80009f6c (0x0000e591) c.bnez  a1, pc + 12
core   0: 3 0x80009f6c (0xe591)
core   0: 0x80009f78 (0x4149d7b3) sra     a5, s3, s4
core   0: 3 0x80009f78 (0x4149d7b3) x15 0x00000000
core   0: 0x80009f7c (0x23e65437) lui     s0, 0x23e65
core   0: 3 0x80009f7c (0x23e65437) x8  0x23e65000
core   0: 0x80009f80 (0x00001a04) c.addi4spn s1, sp, 304
core   0: 3 0x80009f80 (0x1a04) x9  0x00000120
core   0: 0x80009f82 (0xb9696b93) ori     s7, s2, -1130
core   0: 3 0x80009f82 (0xb9696b93) x23 0xfffffb97
core   0: 0x80009f86 (0x00000001) c.nop
core   0: 3 0x80009f86 (0x0001)
core   0: 0x80009f88 (0xbe982f17) auipc   t5, 0xbe982
core   0: 3 0x80009f88 (0xbe982f17) x30 0x3e98bf88
core   0: 0x80009f8c (0x00d75e63) bge     a4, a3, pc + 28
core   0: 3 0x80009f8c (0x00d75e63)
core   0: 0x80009f90 (0x03e41cb3) mulh    s9, s0, t5
core   0: 3 0x80009f90 (0x03e41cb3) x25 0x08c732fb
core   0: 0x80009f94 (0x000080e1) c.srli  s1, 24
core   0: 3 0x80009f94 (0x80e1) x9  0x00000000
core   0: 0x80009f96 (0x008f5363) bge     t5, s0, pc + 6
core   0: 3 0x80009f96 (0x008f5363)
core   0: 0x80009f9c (0x00008c21) c.xor   s0, s0
core   0: 3 0x80009f9c (0x8c21) x8  0x00000000
core   0: 0x80009f9e (0x00009bf2) c.add   s7, t3
core   0: 3 0x80009f9e (0x9bf2) x23 0x00002cb0
core   0: 0x80009fa0 (0x0000e019) c.bnez  s0, pc + 6
core   0: 3 0x80009fa0 (0xe019)
core   0: 0x80009fa2 (0x030978b3) remu    a7, s2, a6
core   0: 3 0x80009fa2 (0x030978b3) x17 0x00000001
core   0: 0x80009fa6 (0x000088c2) c.mv    a7, a6
core   0: 3 0x80009fa6 (0x88c2) x17 0x0000317b
core   0: 0x80009fa8 (0x0000157d) c.addi  a0, -1
core   0: 3 0x80009fa8 (0x157d) x10 0xffffffff
core   0: 0x80009faa (0xd31e6e13) ori     t3, t3, -719
core   0: 3 0x80009faa (0xd31e6e13) x28 0xfffffd39
core   0: 0x80009fae (0x00008eb9) c.xor   a3, a4
core   0: 3 0x80009fae (0x8eb9) x13 0x02ae40fc
core   0: 0x80009fb0 (0x0000cc95) c.beqz  s1, pc + 60
core   0: 3 0x80009fb0 (0xcc95)
core   0: 0x80009fec (0x00000001) c.nop
core   0: 3 0x80009fec (0x0001)
core   0: 0x80009fee (0x03b09363) bne     ra, s11, pc + 38
core   0: 3 0x80009fee (0x03b09363)
core   0: 0x8000a014 (0x003f1933) sll     s2, t5, gp
core   0: 3 0x8000a014 (0x003f1933) x18 0xfe200000
core   0: 0x8000a018 (0x01308cb3) add     s9, ra, s3
core   0: 3 0x8000a018 (0x01308cb3) x25 0x80009e7a
core   0: 0x8000a01c (0x011549b3) xor     s3, a0, a7
core   0: 3 0x8000a01c (0x011549b3) x19 0xffffce84
core   0: 0x8000a020 (0x00c41793) slli    a5, s0, 12
core   0: 3 0x8000a020 (0x00c41793) x15 0x00000000
core   0: 0x8000a024 (0x404456b3) sra     a3, s0, tp
core   0: 3 0x8000a024 (0x404456b3) x13 0x00000000
core   0: 0x8000a028 (0x00000001) c.nop
core   0: 3 0x8000a028 (0x0001)
core   0: 0x8000a02a (0x035dccb3) div     s9, s11, s5
core   0: 3 0x8000a02a (0x035dccb3) x25 0x00000000
core   0: 0x8000a02e (0x033402b3) mul     t0, s0, s3
core   0: 3 0x8000a02e (0x033402b3) x5  0x00000000
core   0: 0x8000a032 (0x0000c385) c.beqz  a5, pc + 32
core   0: 3 0x8000a032 (0xc385)
core   0: 0x8000a052 (0x022ce733) rem     a4, s9, sp
core   0: 3 0x8000a052 (0x022ce733) x14 0x00000000
core   0: 0x8000a056 (0x015f4233) xor     tp, t5, s5
core   0: 3 0x8000a056 (0x015f4233) x4  0x3e98bd08
core   0: 0x8000a05a (0x00008c5d) c.or    s0, a5
core   0: 3 0x8000a05a (0x8c5d) x8  0x00000000
core   0: 0x8000a05c (0x00000001) c.nop
core   0: 3 0x8000a05c (0x0001)
core   0: 0x8000a05e (0x41b0d413) srai    s0, ra, 27
core   0: 3 0x8000a05e (0x41b0d413) x8  0xfffffff0
core   0: 0x8000a062 (0x00006329) c.lui   t1, 0xa
core   0: 3 0x8000a062 (0x6329) x6  0x0000a000
core   0: 0x8000a064 (0x0273a2b3) mulhsu  t0, t2, t2
core   0: 3 0x8000a064 (0x0273a2b3) x5  0x00000000
core   0: 0x8000a068 (0x002d0333) add     t1, s10, sp
core   0: 3 0x8000a068 (0x002d0333) x6  0xffffffe0
core   0: 0x8000a06c (0x03ec1433) mulh    s0, s8, t5
core   0: 3 0x8000a06c (0x03ec1433) x8  0xe0b4348b
core   0: 0x8000a070 (0x00006b91) c.lui   s7, 0x4
core   0: 3 0x8000a070 (0x6b91) x23 0x00004000
core   0: 0x8000a072 (0x2b71ce13) xori    t3, gp, 695
core   0: 3 0x8000a072 (0x2b71ce13) x28 0x000002a5
core   0: 0x8000a076 (0x0000c69d) c.beqz  a3, pc + 46
core   0: 3 0x8000a076 (0xc69d)
core   0: 0x8000a0a4 (0x033d41b3) div     gp, s10, s3
core   0: 3 0x8000a0a4 (0x033d41b3) x3  0x00000000
core   0: 0x8000a0a8 (0x031e6163) bltu    t3, a7, pc + 34
core   0: 3 0x8000a0a8 (0x031e6163)
core   0: 0x8000a0ca (0x038673b3) remu    t2, a2, s8
core   0: 3 0x8000a0ca (0x038673b3) x7  0x00000000
core   0: 0x8000a0ce (0x0000187d) c.addi  a6, -1
core   0: 3 0x8000a0ce (0x187d) x16 0x0000317a
core   0: 0x8000a0d0 (0x00008b69) c.andi  a4, 26
core   0: 3 0x8000a0d0 (0x8b69) x14 0x00000000
core   0: 0x8000a0d2 (0x0000c811) c.beqz  s0, pc + 20
core   0: 3 0x8000a0d2 (0xc811)
core   0: 0x8000a0d4 (0x000056fd) c.li    a3, -1
core   0: 3 0x8000a0d4 (0x56fd) x13 0xffffffff
core   0: 0x8000a0d6 (0x021ed863) bge     t4, ra, pc + 48
core   0: 3 0x8000a0d6 (0x021ed863)
core   0: 0x8000a106 (0x0174b033) sltu    zero, s1, s7
core   0: 3 0x8000a106 (0x0174b033)
core   0: 0x8000a10a (0x00427d33) and     s10, tp, tp
core   0: 3 0x8000a10a (0x00427d33) x26 0x3e98bd08
core   0: 0x8000a10e (0x40335893) srai    a7, t1, 3
core   0: 3 0x8000a10e (0x40335893) x17 0xfffffffc
core   0: 0x8000a112 (0x0000e88d) c.bnez  s1, pc + 50
core   0: 3 0x8000a112 (0xe88d)
core   0: 0x8000a114 (0x019bcc63) blt     s7, s9, pc + 24
core   0: 3 0x8000a114 (0x019bcc63)
core   0: 0x8000a118 (0x03b17b33) remu    s6, sp, s11
core   0: 3 0x8000a118 (0x03b17b33) x22 0x00000006
core   0: 0x8000a11c (0x00fd9363) bne     s11, a5, pc + 6
core   0: 3 0x8000a11c (0x00fd9363)
core   0: 0x8000a122 (0x0000147d) c.addi  s0, -1
core   0: 3 0x8000a122 (0x147d) x8  0xe0b4348a
core   0: 0x8000a124 (0x9014e693) ori     a3, s1, -1791
core   0: 3 0x8000a124 (0x9014e693) x13 0xfffff901
core   0: 0x8000a128 (0x039c98b3) mulh    a7, s9, s9
core   0: 3 0x8000a128 (0x039c98b3) x17 0x00000000
core   0: 0x8000a12c (0x00009bfd) c.andi  a5, -1
core   0: 3 0x8000a12c (0x9bfd) x15 0x00000000
core   0: 0x8000a12e (0x09c42a13) slti    s4, s0, 156
core   0: 3 0x8000a12e (0x09c42a13) x20 0x00000001
core   0: 0x8000a132 (0x00005a7d) c.li    s4, -1
core   0: 3 0x8000a132 (0x5a7d) x20 0xffffffff
core   0: 0x8000a134 (0x03fa3533) mulhu   a0, s4, t6
core   0: 3 0x8000a134 (0x03fa3533) x10 0x80029d23
core   0: 0x8000a138 (0x00dc5463) bge     s8, a3, pc + 8
core   0: 3 0x8000a138 (0x00dc5463)
core   0: 0x8000a13c (0x0301cd33) div     s10, gp, a6
core   0: 3 0x8000a13c (0x0301cd33) x26 0x00000000
core   0: 0x8000a140 (0xb99ea513) slti    a0, t4, -1127
core   0: 3 0x8000a140 (0xb99ea513) x10 0x00000000
core   0: 0x8000a144 (0x405dd933) sra     s2, s11, t0
core   0: 3 0x8000a144 (0x405dd933) x18 0x00000012
core   0: 0x8000a148 (0x02600463) beq     zero, t1, pc + 40
core   0: 3 0x8000a148 (0x02600463)
core   0: 0x8000a14c (0x22524413) xori    s0, tp, 549
core   0: 3 0x8000a14c (0x22524413) x8  0x3e98bf2d
core   0: 0x8000a150 (0x02199e33) mulh    t3, s3, ra
core   0: 3 0x8000a150 (0x02199e33) x28 0x000018bd
core   0: 0x8000a154 (0x00009afd) c.andi  a3, -1
core   0: 3 0x8000a154 (0x9afd) x13 0xfffff901
core   0: 0x8000a156 (0x02a883b3) mul     t2, a7, a0
core   0: 3 0x8000a156 (0x02a883b3) x7  0x00000000
core   0: 0x8000a15a (0x4074d613) srai    a2, s1, 7
core   0: 3 0x8000a15a (0x4074d613) x12 0x00000000
core   0: 0x8000a15e (0x0000630d) c.lui   t1, 0x3
core   0: 3 0x8000a15e (0x630d) x6  0x00003000
core   0: 0x8000a160 (0x41848333) sub     t1, s1, s8
core   0: 3 0x8000a160 (0x41848333) x6  0x7ffda174
core   0: 0x8000a164 (0x012b53b3) srl     t2, s6, s2
core   0: 3 0x8000a164 (0x012b53b3) x7  0x00000000
core   0: 0x8000a168 (0x0083f863) bgeu    t2, s0, pc + 16
core   0: 3 0x8000a168 (0x0083f863)
core   0: 0x8000a16c (0x41015c93) srai    s9, sp, 16
core   0: 3 0x8000a16c (0x41015c93) x25 0xffffffff
core   0: 0x8000a170 (0x41fb5313) srai    t1, s6, 31
core   0: 3 0x8000a170 (0x41fb5313) x6  0x00000000
core   0: 0x8000a174 (0x00008d59) c.or    a0, a4
core   0: 3 0x8000a174 (0x8d59) x10 0x00000000
core   0: 0x8000a176 (0x00000001) c.nop
core   0: 3 0x8000a176 (0x0001)
core   0: 0x8000a178 (0x0041fe63) bgeu    gp, tp, pc + 28
core   0: 3 0x8000a178 (0x0041fe63)
core   0: 0x8000a17c (0x0098b1b3) sltu    gp, a7, s1
core   0: 3 0x8000a17c (0x0098b1b3) x3  0x00000000
core   0: 0x8000a180 (0x019c2733) slt     a4, s8, s9
core   0: 3 0x8000a180 (0x019c2733) x14 0x00000001
core   0: 0x8000a184 (0x00009afd) c.andi  a3, -1
core   0: 3 0x8000a184 (0x9afd) x13 0xfffff901
core   0: 0x8000a186 (0x00000c18) c.addi4spn a4, sp, 528
core   0: 3 0x8000a186 (0x0c18) x14 0x00000200
core   0: 0x8000a188 (0x00008ef5) c.and   a3, a3
core   0: 3 0x8000a188 (0x8ef5) x13 0xfffff901
core   0: 0x8000a18a (0x00009a9a) c.add   s5, t1
core   0: 3 0x8000a18a (0x9a9a) x21 0x00000280
core   0: 0x8000a18c (0x00006a5d) c.lui   s4, 0x17
core   0: 3 0x8000a18c (0x6a5d) x20 0x00017000
core   0: 0x8000a18e (0x000086fe) c.mv    a3, t6
core   0: 3 0x8000a18e (0x86fe) x13 0x80029d24
core   0: 0x8000a190 (0x00fd15b3) sll     a1, s10, a5
core   0: 3 0x8000a190 (0x00fd15b3) x11 0x00000000
core   0: 0x8000a194 (0x0059c5b3) xor     a1, s3, t0
core   0: 3 0x8000a194 (0x0059c5b3) x11 0xffffce84
core   0: 0x8000a198 (0x00008fc1) c.or    a5, s0
core   0: 3 0x8000a198 (0x8fc1) x15 0x3e98bf2d
core   0: 0x8000a19a (0x00000001) c.nop
core   0: 3 0x8000a19a (0x0001)
core   0: 0x8000a19c (0x00fe1033) sll     zero, t3, a5
core   0: 3 0x8000a19c (0x00fe1033)
core   0: 0x8000a1a0 (0x01cecf33) xor     t5, t4, t3
core   0: 3 0x8000a1a0 (0x01cecf33) x30 0x000018b5
core   0: 0x8000a1a4 (0x01ffc033) xor     zero, t6, t6
core   0: 3 0x8000a1a4 (0x01ffc033)
core   0: 0x8000a1a8 (0x00008f2d) c.xor   a4, a1
core   0: 3 0x8000a1a8 (0x8f2d) x14 0xffffcc84
core   0: 0x8000a1aa (0x000f2633) slt     a2, t5, zero
core   0: 3 0x8000a1aa (0x000f2633) x12 0x00000000
core   0: 0x8000a1ae (0x02775f33) divu    t5, a4, t2
core   0: 3 0x8000a1ae (0x02775f33) x30 0xffffffff
core   0: 0x8000a1b2 (0x000083f1) c.srli  a5, 28
core   0: 3 0x8000a1b2 (0x83f1) x15 0x00000003
core   0: 0x8000a1b4 (0x00008f79) c.and   a4, a4
core   0: 3 0x8000a1b4 (0x8f79) x14 0xffffcc84
core   0: 0x8000a1b6 (0x03473333) mulhu   t1, a4, s4
core   0: 3 0x8000a1b6 (0x03473333) x6  0x00016fff
core   0: 0x8000a1ba (0x00008d4d) c.or    a0, a1
core   0: 3 0x8000a1ba (0x8d4d) x10 0xffffce84
core   0: 0x8000a1bc (0x02ed0e33) mul     t3, s10, a4
core   0: 3 0x8000a1bc (0x02ed0e33) x28 0x00000000
core   0: 0x8000a1c0 (0x0091f933) and     s2, gp, s1
core   0: 3 0x8000a1c0 (0x0091f933) x18 0x00000000
core   0: 0x8000a1c4 (0x00001cfd) c.addi  s9, -1
core   0: 3 0x8000a1c4 (0x1cfd) x25 0xfffffffe
core   0: 0x8000a1c6 (0x00000001) c.nop
core   0: 3 0x8000a1c6 (0x0001)
core   0: 0x8000a1c8 (0x02d15563) bge     sp, a3, pc + 42
core   0: 3 0x8000a1c8 (0x02d15563)
core   0: 0x8000a1f2 (0x010b8333) add     t1, s7, a6
core   0: 3 0x8000a1f2 (0x010b8333) x6  0x0000717a
core   0: 0x8000a1f6 (0x01a23e33) sltu    t3, tp, s10
core   0: 3 0x8000a1f6 (0x01a23e33) x28 0x00000000
core   0: 0x8000a1fa (0x0383f333) remu    t1, t2, s8
core   0: 3 0x8000a1fa (0x0383f333) x6  0x00000000
core   0: 0x8000a1fe (0xcfdb4d13) xori    s10, s6, -771
core   0: 3 0x8000a1fe (0xcfdb4d13) x26 0xfffffcfb
core   0: 0x8000a202 (0x01306433) or      s0, zero, s3
core   0: 3 0x8000a202 (0x01306433) x8  0xffffce84
core   0: 0x8000a206 (0xa3bc5317) auipc   t1, 0xa3bc5
core   0: 3 0x8000a206 (0xa3bc5317) x6  0x23bcf206
core   0: 0x8000a20a (0x8a9c94b7) lui     s1, 0x8a9c9
core   0: 3 0x8000a20a (0x8a9c94b7) x9  0x8a9c9000
core   0: 0x8000a20e (0x00000001) c.nop
core   0: 3 0x8000a20e (0x0001)
core   0: 0x8000a210 (0x00006111) c.addi16sp sp, 256
core   0: 3 0x8000a210 (0x6111) x2  0x000000f0
core   0: 0x8000a212 (0x01695593) srli    a1, s2, 22
core   0: 3 0x8000a212 (0x01695593) x11 0x00000000
core   0: 0x8000a216 (0x01c14bb3) xor     s7, sp, t3
core   0: 3 0x8000a216 (0x01c14bb3) x23 0x000000f0
core   0: 0x8000a21a (0x0000717d) c.addi16sp sp, -16
core   0: 3 0x8000a21a (0x717d) x2  0x000000e0
core   0: 0x8000a21c (0x02906863) bltu    zero, s1, pc + 48
core   0: 3 0x8000a21c (0x02906863)
core   0: 0x8000a24c (0x0000717d) c.addi16sp sp, -16
core   0: 3 0x8000a24c (0x717d) x2  0x000000d0
core   0: 0x8000a24e (0x010babb3) slt     s7, s7, a6
core   0: 3 0x8000a24e (0x010babb3) x23 0x00000001
core   0: 0x8000a252 (0x016c1b93) slli    s7, s8, 22
core   0: 3 0x8000a252 (0x016c1b93) x23 0xa3000000
core   0: 0x8000a256 (0x0000877d) c.srai  a4, 31
core   0: 3 0x8000a256 (0x877d) x14 0xffffffff
core   0: 0x8000a258 (0x0310dcb3) divu    s9, ra, a7
core   0: 3 0x8000a258 (0x0310dcb3) x25 0xffffffff
core   0: 0x8000a25c (0x00000001) c.nop
core   0: 3 0x8000a25c (0x0001)
core   0: 0x8000a25e (0x022c7893) andi    a7, s8, 34
core   0: 3 0x8000a25e (0x022c7893) x17 0x00000000
core   0: 0x8000a262 (0x99010d93) addi    s11, sp, -1648
core   0: 3 0x8000a262 (0x99010d93) x27 0xfffffa60
core   0: 0x8000a266 (0x00008eb9) c.xor   a3, a4
core   0: 3 0x8000a266 (0x8eb9) x13 0x7ffd62db
core   0: 0x8000a268 (0x004c2083) lw      ra, 4(s8)
core   0: 3 0x8000a268 (0x004c2083) x1  0x8000880a mem 0x80025e90
core   0: 0x8000a26c (0x00008d21) c.xor   a0, s0
core   0: 3 0x8000a26c (0x8d21) x10 0x00000000
core   0: 0x8000a26e (0x00001f7d) c.addi  t5, -1
core   0: 3 0x8000a26e (0x1f7d) x30 0xfffffffe
core   0: 0x8000a270 (0x415d5bb3) sra     s7, s10, s5
core   0: 3 0x8000a270 (0x415d5bb3) x23 0xfffffcfb
core   0: 0x8000a274 (0x00000c31) c.addi  s8, 12
core   0: 3 0x8000a274 (0x0c31) x24 0x80025e98
core   0: 0x8000a276 (0x023a2e33) mulhsu  t3, s4, gp
core   0: 3 0x8000a276 (0x023a2e33) x28 0x00000000
core   0: 0x8000a27a (0x00108a93) addi    s5, ra, 1
core   0: 3 0x8000a27a (0x00108a93) x21 0x8000880b
core   0: 0x8000a27e (0x000a8ae7) jalr    s5, s5, 0
core   0: 3 0x8000a27e (0x000a8ae7) x21 0x8000a282
core   0: 0x8000880a (0x02df3cb3) mulhu   s9, t5, a3
core   0: 3 0x8000880a (0x02df3cb3) x25 0x7ffd62da
core   0: 0x8000880e (0xd52d8513) addi    a0, s11, -686
core   0: 3 0x8000880e (0xd52d8513) x10 0xfffff7b2
core   0: 0x80008812 (0x02644ab3) div     s5, s0, t1
core   0: 3 0x80008812 (0x02644ab3) x21 0x00000000
core   0: 0x80008816 (0x785e6b13) ori     s6, t3, 1925
core   0: 3 0x80008816 (0x785e6b13) x22 0x00000785
core   0: 0x8000881a (0x00009a7d) c.andi  a2, -1
core   0: 3 0x8000881a (0x9a7d) x12 0x00000000
core   0: 0x8000881c (0x9a3bc513) xori    a0, s7, -1629
core   0: 3 0x8000881c (0x9a3bc513) x10 0x00000558
core   0: 0x80008820 (0x0000848d) c.srai  s1, 3
core   0: 3 0x80008820 (0x848d) x9  0xf1539200
core   0: 0x80008822 (0x000092ee) c.add   t0, s11
core   0: 3 0x80008822 (0x92ee) x5  0xfffffa60
core   0: 0x80008824 (0x00add9b3) srl     s3, s11, a0
core   0: 3 0x80008824 (0x00add9b3) x19 0x000000ff
core   0: 0x80008828 (0x00000001) c.nop
core   0: 3 0x80008828 (0x0001)
core   0: 0x8000882a (0x038c8033) mul     zero, s9, s8
core   0: 3 0x8000882a (0x038c8033)
core   0: 0x8000882e (0x0077a533) slt     a0, a5, t2
core   0: 3 0x8000882e (0x0077a533) x10 0x00000000
core   0: 0x80008832 (0x00008f65) c.and   a4, s1
core   0: 3 0x80008832 (0x8f65) x14 0xf1539200
core   0: 0x80008834 (0x01445b63) bge     s0, s4, pc + 22
core   0: 3 0x80008834 (0x01445b63)
core   0: 0x80008838 (0x0033f6b3) and     a3, t2, gp
core   0: 3 0x80008838 (0x0033f6b3) x13 0x00000000
core   0: 0x8000883c (0x00008dfa) c.mv    s11, t5
core   0: 3 0x8000883c (0x8dfa) x27 0xfffffffe
core   0: 0x8000883e (0x00959813) slli    a6, a1, 9
core   0: 3 0x8000883e (0x00959813) x16 0x00000000
core   0: 0x80008842 (0x03f367b3) rem     a5, t1, t6
core   0: 3 0x80008842 (0x03f367b3) x15 0x23bcf206
core   0: 0x80008846 (0x016d7db3) and     s11, s10, s6
core   0: 3 0x80008846 (0x016d7db3) x27 0x00000481
core   0: 0x8000884a (0x0000717d) c.addi16sp sp, -16
core   0: 3 0x8000884a (0x717d) x2  0x000000c0
core   0: 0x8000884c (0x4065d8b3) sra     a7, a1, t1
core   0: 3 0x8000884c (0x4065d8b3) x17 0x00000000
core   0: 0x80008850 (0x0233e363) bltu    t2, gp, pc + 38
core   0: 3 0x80008850 (0x0233e363)
core   0: 0x80008854 (0x03afe033) rem     zero, t6, s10
core   0: 3 0x80008854 (0x03afe033)
core   0: 0x80008858 (0x00008d0d) c.sub   a0, a1
core   0: 3 0x80008858 (0x8d0d) x10 0x00000000
core   0: 0x8000885a (0x03ec9633) mulh    a2, s9, t5
core   0: 3 0x8000885a (0x03ec9633) x12 0xffffffff
core   0: 0x8000885e (0x0000622d) c.lui   tp, 0xb
core   0: 3 0x8000885e (0x622d) x4  0x0000b000
core   0: 0x80008860 (0x00008e6d) c.and   a2, a1
core   0: 3 0x80008860 (0x8e6d) x12 0x00000000
core   0: 0x80008862 (0x02b8fb63) bgeu    a7, a1, pc + 54
core   0: 3 0x80008862 (0x02b8fb63)
core   0: 0x80008898 (0x00196f33) or      t5, s2, ra
core   0: 3 0x80008898 (0x00196f33) x30 0x8000880a
core   0: 0x8000889c (0x3a78f837) lui     a6, 0x3a78f
core   0: 3 0x8000889c (0x3a78f837) x16 0x3a78f000
core   0: 0x800088a0 (0x00008379) c.srli  a4, 30
core   0: 3 0x800088a0 (0x8379) x14 0x00000003
core   0: 0x800088a2 (0x0049e663) bltu    s3, tp, pc + 12
core   0: 3 0x800088a2 (0x0049e663)
core   0: 0x800088ae (0x00169293) slli    t0, a3, 1
core   0: 3 0x800088ae (0x00169293) x5  0x00000000
core   0: 0x800088b2 (0x025f3933) mulhu   s2, t5, t0
core   0: 3 0x800088b2 (0x025f3933) x18 0x00000000
core   0: 0x800088b6 (0x01df9193) slli    gp, t6, 29
core   0: 3 0x800088b6 (0x01df9193) x3  0x80000000
core   0: 0x800088ba (0x40e983b3) sub     t2, s3, a4
core   0: 3 0x800088ba (0x40e983b3) x7  0x000000fc
core   0: 0x800088be (0xbf199597) auipc   a1, 0xbf199
core   0: 3 0x800088be (0xbf199597) x11 0x3f1a18be
core   0: 0x800088c2 (0x3cbaa137) lui     sp, 0x3cbaa
core   0: 3 0x800088c2 (0x3cbaa137) x2  0x3cbaa000
core   0: 0x800088c6 (0x00008671) c.srai  a2, 28
core   0: 3 0x800088c6 (0x8671) x12 0x00000000
core   0: 0x800088c8 (0x0285ed33) rem     s10, a1, s0
core   0: 3 0x800088c8 (0x0285ed33) x26 0x00002786
core   0: 0x800088cc (0x0158a5b3) slt     a1, a7, s5
core   0: 3 0x800088cc (0x0158a5b3) x11 0x00000000
core   0: 0x800088d0 (0x04731063) bne     t1, t2, pc + 64
core   0: 3 0x800088d0 (0x04731063)
core   0: 0x80008910 (0x0000c999) c.beqz  a1, pc + 22
core   0: 3 0x80008910 (0xc999)
core   0: 0x80008926 (0x00006135) c.addi16sp sp, 352
core   0: 3 0x80008926 (0x6135) x2  0x3cbaa160
core   0: 0x80008928 (0x00008436) c.mv    s0, a3
core   0: 3 0x80008928 (0x8436) x8  0x00000000
core   0: 0x8000892a (0x00e61db3) sll     s11, a2, a4
core   0: 3 0x8000892a (0x00e61db3) x27 0x00000000
core   0: 0x8000892e (0x03e03833) mulhu   a6, zero, t5
core   0: 3 0x8000892e (0x03e03833) x16 0x00000000
core   0: 0x80008932 (0x0000c881) c.beqz  s1, pc + 16
core   0: 3 0x80008932 (0xc881)
core   0: 0x80008934 (0x00e04d33) xor     s10, zero, a4
core   0: 3 0x80008934 (0x00e04d33) x26 0x00000003
core   0: 0x80008938 (0x00000001) c.nop
core   0: 3 0x80008938 (0x0001)
core   0: 0x8000893a (0x00008275) c.srli  a2, 29
core   0: 3 0x8000893a (0x8275) x12 0x00000000
core   0: 0x8000893c (0x017e8363) beq     t4, s7, pc + 6
core   0: 3 0x8000893c (0x017e8363)
core   0: 0x80008940 (0x0000e009) c.bnez  s0, pc + 2
core   0: 3 0x80008940 (0xe009)
core   0: 0x80008942 (0x01c0d213) srli    tp, ra, 28
core   0: 3 0x80008942 (0x01c0d213) x4  0x00000008
core   0: 0x80008946 (0x004c2083) lw      ra, 4(s8)
core   0: 3 0x80008946 (0x004c2083) x1  0x800052bc mem 0x80025e9c
core   0: 0x8000894a (0x00009bfd) c.andi  a5, -1
core   0: 3 0x8000894a (0x9bfd) x15 0x23bcf206
core   0: 0x8000894c (0x000041e1) c.li    gp, 24
core   0: 3 0x8000894c (0x41e1) x3  0x00000018
core   0: 0x8000894e (0x00008f65) c.and   a4, s1
core   0: 3 0x8000894e (0x8f65) x14 0x00000000
core   0: 0x80008950 (0x00000c31) c.addi  s8, 12
core   0: 3 0x80008950 (0x0c31) x24 0x80025ea4
core   0: 0x80008952 (0x00008f69) c.and   a4, a0
core   0: 3 0x80008952 (0x8f69) x14 0x00000000
core   0: 0x80008954 (0x41c2d633) sra     a2, t0, t3
core   0: 3 0x80008954 (0x41c2d633) x12 0x00000000
core   0: 0x80008958 (0x00008d13) mv      s10, ra
core   0: 3 0x80008958 (0x00008d13) x26 0x800052bc
core   0: 0x8000895c (0x00008d02) c.jr    s10
core   0: 3 0x8000895c (0x8d02)
core   0: 0x800052bc (0x000c5833) srl     a6, s8, zero
core   0: 3 0x800052bc (0x000c5833) x16 0x80025ea4
core   0: 0x800052c0 (0x0000717d) c.addi16sp sp, -16
core   0: 3 0x800052c0 (0x717d) x2  0x3cbaa150
core   0: 0x800052c2 (0x01f958b3) srl     a7, s2, t6
core   0: 3 0x800052c2 (0x01f958b3) x17 0x00000000
core   0: 0x800052c6 (0x00009b9e) c.add   s7, t2
core   0: 3 0x800052c6 (0x9b9e) x23 0xfffffdf7
core   0: 0x800052c8 (0x032e4d63) blt     t3, s2, pc + 58
core   0: 3 0x800052c8 (0x032e4d63)
core   0: 0x800052cc (0x01b59763) bne     a1, s11, pc + 14
core   0: 3 0x800052cc (0x01b59763)
core   0: 0x800052d0 (0x75756117) auipc   sp, 0x75756
core   0: 3 0x800052d0 (0x75756117) x2  0xf575b2d0
core   0: 0x800052d4 (0x00006bc9) c.lui   s7, 0x12
core   0: 3 0x800052d4 (0x6bc9) x23 0x00012000
core   0: 0x800052d6 (0x40255c93) srai    s9, a0, 2
core   0: 3 0x800052d6 (0x40255c93) x25 0x00000000
core   0: 0x800052da (0x74ff4b93) xori    s7, t5, 1871
core   0: 3 0x800052da (0x74ff4b93) x23 0x80008f45
core   0: 0x800052de (0x03085633) divu    a2, a6, a6
core   0: 3 0x800052de (0x03085633) x12 0x00000001
core   0: 0x800052e2 (0x0000717d) c.addi16sp sp, -16
core   0: 3 0x800052e2 (0x717d) x2  0xf575b2c0
core   0: 0x800052e4 (0x02f477b3) remu    a5, s0, a5
core   0: 3 0x800052e4 (0x02f477b3) x15 0x00000000
core   0: 0x800052e8 (0x3036e993) ori     s3, a3, 771
core   0: 3 0x800052e8 (0x3036e993) x19 0x00000303
core   0: 0x800052ec (0x000087a9) c.srai  a5, 10
core   0: 3 0x800052ec (0x87a9) x15 0x00000000
core   0: 0x800052ee (0x3f780cb7) lui     s9, 0x3f780
core   0: 3 0x800052ee (0x3f780cb7) x25 0x3f780000
core   0: 0x800052f2 (0x02488133) mul     sp, a7, tp
core   0: 3 0x800052f2 (0x02488133) x2  0x00000000
core   0: 0x800052f6 (0x02473e33) mulhu   t3, a4, tp
core   0: 3 0x800052f6 (0x02473e33) x28 0x00000000
core   0: 0x800052fa (0x18a48493) addi    s1, s1, 394
core   0: 3 0x800052fa (0x18a48493) x9  0xf153938a
core   0: 0x800052fe (0x03eabdb3) mulhu   s11, s5, t5
core   0: 3 0x800052fe (0x03eabdb3) x27 0x00000000
core   0: 0x80005302 (0x00008d81) c.sub   a1, s0
core   0: 3 0x80005302 (0x8d81) x11 0x00000000
core   0: 0x80005304 (0x02184433) div     s0, a6, ra
core   0: 3 0x80005304 (0x02184433) x8  0x00000000
core   0: 0x80005308 (0x0519c163) blt     s3, a7, pc + 66
core   0: 3 0x80005308 (0x0519c163)
core   0: 0x8000530c (0xed767613) andi    a2, a2, -297
core   0: 3 0x8000530c (0xed767613) x12 0x00000001
core   0: 0x80005310 (0x02a7e8b3) rem     a7, a5, a0
core   0: 3 0x80005310 (0x02a7e8b3) x17 0x00000000
core   0: 0x80005314 (0xf6d51a37) lui     s4, 0xf6d51
core   0: 3 0x80005314 (0xf6d51a37) x20 0xf6d51000
core   0: 0x80005318 (0x41f48233) sub     tp, s1, t6
core   0: 3 0x80005318 (0x41f48233) x4  0x7150f666
core   0: 0x8000531c (0x0000717d) c.addi16sp sp, -16
core   0: 3 0x8000531c (0x717d) x2  0xfffffff0
core   0: 0x8000531e (0x0000089c) c.addi4spn a5, sp, 80
core   0: 3 0x8000531e (0x089c) x15 0x00000040
core   0: 0x80005320 (0x0141b6b3) sltu    a3, gp, s4
core   0: 3 0x80005320 (0x0141b6b3) x13 0x00000001
core   0: 0x80005324 (0xba09a4b7) lui     s1, 0xba09a
core   0: 3 0x80005324 (0xba09a4b7) x9  0xba09a000
core   0: 0x80005328 (0x02255a33) divu    s4, a0, sp
core   0: 3 0x80005328 (0x02255a33) x20 0x00000000
core   0: 0x8000532c (0x000085c6) c.mv    a1, a7
core   0: 3 0x8000532c (0x85c6) x11 0x00000000
core   0: 0x8000532e (0x008c79b3) and     s3, s8, s0
core   0: 3 0x8000532e (0x008c79b3) x19 0x00000000
core   0: 0x80005332 (0x017fbdb3) sltu    s11, t6, s7
core   0: 3 0x80005332 (0x017fbdb3) x27 0x00000000
core   0: 0x80005336 (0x000080c1) c.srli  s1, 16
core   0: 3 0x80005336 (0x80c1) x9  0x0000ba09
core   0: 0x80005338 (0x707ad937) lui     s2, 0x707ad
core   0: 3 0x80005338 (0x707ad937) x18 0x707ad000
core   0: 0x8000533c (0x000087ca) c.mv    a5, s2
core   0: 3 0x8000533c (0x87ca) x15 0x707ad000
core   0: 0x8000533e (0x00000001) c.nop
core   0: 3 0x8000533e (0x0001)
core   0: 0x80005340 (0x0907e763) bltu    a5, a6, pc + 142
core   0: 3 0x80005340 (0x0907e763)
core   0: 0x800053ce (0x011a9b33) sll     s6, s5, a7
core   0: 3 0x800053ce (0x011a9b33) x22 0x00000000
core   0: 0x800053d2 (0x0000c289) c.beqz  a3, pc + 2
core   0: 3 0x800053d2 (0xc289)
core   0: 0x800053d4 (0x01714e33) xor     t3, sp, s7
core   0: 3 0x800053d4 (0x01714e33) x28 0x7fff70b5
core   0: 0x800053d8 (0xec5eb793) sltiu   a5, t4, -315
core   0: 3 0x800053d8 (0xec5eb793) x15 0x00000001
core   0: 0x800053dc (0x02dea633) mulhsu  a2, t4, a3
core   0: 3 0x800053dc (0x02dea633) x12 0x00000000
core   0: 0x800053e0 (0x032df863) bgeu    s11, s2, pc + 48
core   0: 3 0x800053e0 (0x032df863)
core   0: 0x800053e4 (0x00000001) c.nop
core   0: 3 0x800053e4 (0x0001)
core   0: 0x800053e6 (0x0ca7a993) slti    s3, a5, 202
core   0: 3 0x800053e6 (0x0ca7a993) x19 0x00000001
core   0: 0x800053ea (0x00a79433) sll     s0, a5, a0
core   0: 3 0x800053ea (0x00a79433) x8  0x00000001
core   0: 0x800053ee (0x00008d7d) c.and   a0, a5
core   0: 3 0x800053ee (0x8d7d) x10 0x00000000
core   0: 0x800053f0 (0xa068e313) ori     t1, a7, -1530
core   0: 3 0x800053f0 (0xa068e313) x6  0xfffffa06
core   0: 0x800053f4 (0x00000afd) c.addi  s5, 31
core   0: 3 0x800053f4 (0x0afd) x21 0x0000001f
core   0: 0x800053f6 (0x01e18333) add     t1, gp, t5
core   0: 3 0x800053f6 (0x01e18333) x6  0x80008822
core   0: 0x800053fa (0x00001598) c.addi4spn a4, sp, 736
core   0: 3 0x800053fa (0x1598) x14 0x000002d0
core   0: 0x800053fc (0x1f910393) addi    t2, sp, 505
core   0: 3 0x800053fc (0x1f910393) x7  0x000001e9
core   0: 0x80005400 (0x41578133) sub     sp, a5, s5
core   0: 3 0x80005400 (0x41578133) x2  0xffffffe2
core   0: 0x80005404 (0x036d7b63) bgeu    s10, s6, pc + 54
core   0: 3 0x80005404 (0x036d7b63)
core   0: 0x8000543a (0x00001b7d) c.addi  s6, -1
core   0: 3 0x8000543a (0x1b7d) x22 0xffffffff
core   0: 0x8000543c (0x00008acd) c.andi  a3, 19
core   0: 3 0x8000543c (0x8acd) x13 0x00000001
core   0: 0x8000543e (0x92ceaf13) slti    t5, t4, -1748
core   0: 3 0x8000543e (0x92ceaf13) x30 0x00000000
core   0: 0x80005442 (0x00121093) slli    ra, tp, 1
core   0: 3 0x80005442 (0x00121093) x1  0xe2a1eccc
core   0: 0x80005446 (0x013e8b63) beq     t4, s3, pc + 22
core   0: 3 0x80005446 (0x013e8b63)
core   0: 0x8000544a (0x02956bb3) rem     s7, a0, s1
core   0: 3 0x8000544a (0x02956bb3) x23 0x00000000
core   0: 0x8000544e (0x00008c35) c.xor   s0, a3
core   0: 3 0x8000544e (0x8c35) x8  0x00000000
core   0: 0x80005450 (0x000012fd) c.addi  t0, -1
core   0: 3 0x80005450 (0x12fd) x5  0xffffffff
core   0: 0x80005452 (0x000094ae) c.add   s1, a1
core   0: 3 0x80005452 (0x94ae) x9  0x0000ba09
core   0: 0x80005454 (0x025f9863) bne     t6, t0, pc + 48
core   0: 3 0x80005454 (0x025f9863)
core   0: 0x80005484 (0x00008d0d) c.sub   a0, a1
core   0: 3 0x80005484 (0x8d0d) x10 0x00000000
core   0: 0x80005486 (0x0000e529) c.bnez  a0, pc + 74
core   0: 3 0x80005486 (0xe529)
core   0: 0x80005488 (0x67fc0913) addi    s2, s8, 1663
core   0: 3 0x80005488 (0x67fc0913) x18 0x80026523
core   0: 0x8000548c (0x000081dd) c.srli  a1, 23
core   0: 3 0x8000548c (0x81dd) x11 0x00000000
core   0: 0x8000548e (0x00004a31) c.li    s4, 12
core   0: 3 0x8000548e (0x4a31) x20 0x0000000c
core   0: 0x80005490 (0x415b5a93) srai    s5, s6, 21
core   0: 3 0x80005490 (0x415b5a93) x21 0xffffffff
core   0: 0x80005494 (0x05f55c63) bge     a0, t6, pc + 88
core   0: 3 0x80005494 (0x05f55c63)
core   0: 0x800054ec (0x0076ff33) and     t5, a3, t2
core   0: 3 0x800054ec (0x0076ff33) x30 0x00000001
core   0: 0x800054f0 (0x0035fb63) bgeu    a1, gp, pc + 22
core   0: 3 0x800054f0 (0x0035fb63)
core   0: 0x800054f4 (0x0096d763) bge     a3, s1, pc + 14
core   0: 3 0x800054f4 (0x0096d763)
core   0: 0x800054f8 (0x00000680) c.addi4spn s0, sp, 832
core   0: 3 0x800054f8 (0x0680) x8  0x00000322
core   0: 0x800054fa (0x00008cd9) c.or    s1, a4
core   0: 3 0x800054fa (0x8cd9) x9  0x0000bad9
core   0: 0x800054fc (0x03948833) mul     a6, s1, s9
core   0: 3 0x800054fc (0x03948833) x16 0xfcb80000
core   0: 0x80005500 (0x0000850d) c.srai  a0, 3
core   0: 3 0x80005500 (0x850d) x10 0x00000000
core   0: 0x80005502 (0x97b23393) sltiu   t2, tp, -1669
core   0: 3 0x80005502 (0x97b23393) x7  0x00000001
core   0: 0x80005506 (0x00ead933) srl     s2, s5, a4
core   0: 3 0x80005506 (0x00ead933) x18 0x0000ffff
core   0: 0x8000550a (0x40dbdd33) sra     s10, s7, a3
core   0: 3 0x8000550a (0x40dbdd33) x26 0x00000000
core   0: 0x8000550e (0x2746c197) auipc   gp, 0x2746c
core   0: 3 0x8000550e (0x2746c197) x3  0xa747150e
core   0: 0x80005512 (0x000014fd) c.addi  s1, -1
core   0: 3 0x80005512 (0x14fd) x9  0x0000bad8
core   0: 0x80005514 (0x024ca333) mulhsu  t1, s9, tp
core   0: 3 0x80005514 (0x024ca333) x6  0x1c180a96
core   0: 0x80005518 (0x000085a9) c.srai  a1, 10
core   0: 3 0x80005518 (0x85a9) x11 0x00000000
core   0: 0x8000551a (0x40d0d033) sra     zero, ra, a3
core   0: 3 0x8000551a (0x40d0d033)
core   0: 0x8000551e (0x0000968e) c.add   a3, gp
core   0: 3 0x8000551e (0x968e) x13 0xa747150f
core   0: 0x80005520 (0x018becb3) or      s9, s7, s8
core   0: 3 0x80005520 (0x018becb3) x25 0x80025ea4
core   0: 0x80005524 (0x00006e29) c.lui   t3, 0xa
core   0: 3 0x80005524 (0x6e29) x28 0x0000a000
core   0: 0x80005526 (0x0099d6b3) srl     a3, s3, s1
core   0: 3 0x80005526 (0x0099d6b3) x13 0x00000000
core   0: 0x8000552a (0x016e4cb3) xor     s9, t3, s6
core   0: 3 0x8000552a (0x016e4cb3) x25 0xffff5fff
core   0: 0x8000552e (0x00008c9d) c.sub   s1, a5
core   0: 3 0x8000552e (0x8c9d) x9  0x0000bad7
core   0: 0x80005530 (0x00008c51) c.or    s0, a2
core   0: 3 0x80005530 (0x8c51) x8  0x00000322
core   0: 0x80005532 (0x00495633) srl     a2, s2, tp
core   0: 3 0x80005532 (0x00495633) x12 0x000003ff
core   0: 0x80005536 (0x01a3d963) bge     t2, s10, pc + 18
core   0: 3 0x80005536 (0x01a3d963)
core   0: 0x80005548 (0x00008eb1) c.xor   a3, a2
core   0: 3 0x80005548 (0x8eb1) x13 0x000003ff
core   0: 0x8000554a (0x00000500) c.addi4spn s0, sp, 640
core   0: 3 0x8000554a (0x0500) x8  0x00000262
core   0: 0x8000554c (0x0000e191) c.bnez  a1, pc + 4
core   0: 3 0x8000554c (0xe191)
core   0: 0x8000554e (0x00008fa5) c.xor   a5, s1
core   0: 3 0x8000554e (0x8fa5) x15 0x0000bad6
core   0: 0x80005550 (0x00000001) c.nop
core   0: 3 0x80005550 (0x0001)
core   0: 0x80005552 (0x000066bd) c.lui   a3, 0xf
core   0: 3 0x80005552 (0x66bd) x13 0x0000f000
core   0: 0x80005554 (0x00000001) c.nop
core   0: 3 0x80005554 (0x0001)
core   0: 0x80005556 (0x00008d06) c.mv    s10, ra
core   0: 3 0x80005556 (0x8d06) x26 0xe2a1eccc
core   0: 0x80005558 (0x03a27b63) bgeu    tp, s10, pc + 54
core   0: 3 0x80005558 (0x03a27b63)
core   0: 0x8000555c (0x021127b3) mulhsu  a5, sp, ra
core   0: 3 0x8000555c (0x021127b3) x15 0xffffffe5
core   0: 0x80005560 (0x01671593) slli    a1, a4, 22
core   0: 3 0x80005560 (0x01671593) x11 0xb4000000
core   0: 0x80005564 (0x6e45cc93) xori    s9, a1, 1764
core   0: 3 0x80005564 (0x6e45cc93) x25 0xb40006e4
core   0: 0x80005568 (0x03181d33) mulh    s10, a6, a7
core   0: 3 0x80005568 (0x03181d33) x26 0x00000000
core   0: 0x8000556c (0x02020533) mul     a0, tp, zero
core   0: 3 0x8000556c (0x02020533) x10 0x00000000
core   0: 0x80005570 (0x02615763) bge     sp, t1, pc + 46
core   0: 3 0x80005570 (0x02615763)
core   0: 0x80005574 (0x0000c729) c.beqz  a4, pc + 74
core   0: 3 0x80005574 (0xc729)
core   0: 0x80005576 (0x040f5263) bgez    t5, pc + 68
core   0: 3 0x80005576 (0x040f5263)
core   0: 0x800055ba (0x0175b9b3) sltu    s3, a1, s7
core   0: 3 0x800055ba (0x0175b9b3) x19 0x00000000
core   0: 0x800055be (0x00006111) c.addi16sp sp, 256
core   0: 3 0x800055be (0x6111) x2  0x000000e2
core   0: 0x800055c0 (0x01d30863) beq     t1, t4, pc + 16
core   0: 3 0x800055c0 (0x01d30863)
core   0: 0x800055c4 (0x01b60d63) beq     a2, s11, pc + 26
core   0: 3 0x800055c4 (0x01b60d63)
core   0: 0x800055c8 (0x00aa1713) slli    a4, s4, 10
core   0: 3 0x800055c8 (0x00aa1713) x14 0x00003000
core   0: 0x800055cc (0x0000187d) c.addi  a6, -1
core   0: 3 0x800055cc (0x187d) x16 0xfcb7ffff
core   0: 0x800055ce (0x00000ba5) c.addi  s7, 9
core   0: 3 0x800055ce (0x0ba5) x23 0x00000009
core   0: 0x800055d0 (0x00006545) c.lui   a0, 0x11
core   0: 3 0x800055d0 (0x6545) x10 0x00011000
core   0: 0x800055d2 (0x00008f3d) c.xor   a4, a5
core   0: 3 0x800055d2 (0x8f3d) x14 0xffffcfe5
core   0: 0x800055d4 (0x00fa9f13) slli    t5, s5, 15
core   0: 3 0x800055d4 (0x00fa9f13) x30 0xffff8000
core   0: 0x800055d8 (0x00000001) c.nop
core   0: 3 0x800055d8 (0x0001)
core   0: 0x800055da (0x01f4ba33) sltu    s4, s1, t6
core   0: 3 0x800055da (0x01f4ba33) x20 0x00000001
core   0: 0x800055de (0x03b1c063) blt     gp, s11, pc + 32
core   0: 3 0x800055de (0x03b1c063)
core   0: 0x800055fe (0x018d0833) add     a6, s10, s8
core   0: 3 0x800055fe (0x018d0833) x16 0x80025ea4
core   0: 0x80005602 (0x00006e39) c.lui   t3, 0xe
core   0: 3 0x80005602 (0x6e39) x28 0x0000e000
core   0: 0x80005604 (0x00008b01) c.andi  a4, 0
core   0: 3 0x80005604 (0x8b01) x14 0x00000000
core   0: 0x80005606 (0x41bad713) srai    a4, s5, 27
core   0: 3 0x80005606 (0x41bad713) x14 0xffffffff
core   0: 0x8000560a (0x01f75663) bge     a4, t6, pc + 12
core   0: 3 0x8000560a (0x01f75663)
core   0: 0x80005616 (0x00c10b63) beq     sp, a2, pc + 22
core   0: 3 0x80005616 (0x00c10b63)
core   0: 0x8000561a (0x009234b3) sltu    s1, tp, s1
core   0: 3 0x8000561a (0x009234b3) x9  0x00000000
core   0: 0x8000561e (0x41a5d133) sra     sp, a1, s10
core   0: 3 0x8000561e (0x41a5d133) x2  0xb4000000
core   0: 0x80005622 (0x5b807513) andi    a0, zero, 1464
core   0: 3 0x80005622 (0x5b807513) x10 0x00000000
core   0: 0x80005626 (0x00008796) c.mv    a5, t0
core   0: 3 0x80005626 (0x8796) x15 0xffffffff
core   0: 0x80005628 (0x413b5db3) sra     s11, s6, s3
core   0: 3 0x80005628 (0x413b5db3) x27 0xffffffff
core   0: 0x8000562c (0x01de5e63) bge     t3, t4, pc + 28
core   0: 3 0x8000562c (0x01de5e63)
core   0: 0x80005648 (0x0135d013) srli    zero, a1, 19
core   0: 3 0x80005648 (0x0135d013)
core   0: 0x8000564c (0x020544b3) div     s1, a0, zero
core   0: 3 0x8000564c (0x020544b3) x9  0xffffffff
core   0: 0x80005650 (0x00006175) c.addi16sp sp, 368
core   0: 3 0x80005650 (0x6175) x2  0xb4000170
core   0: 0x80005652 (0x406fd6b3) sra     a3, t6, t1
core   0: 3 0x80005652 (0x406fd6b3) x13 0xfffffe00
core   0: 0x80005656 (0x9f204d13) xori    s10, zero, -1550
core   0: 3 0x80005656 (0x9f204d13) x26 0xfffff9f2
core   0: 0x8000565a (0x0000ce01) c.beqz  a2, pc + 24
core   0: 3 0x8000565a (0xce01)
core   0: 0x8000565c (0x0000717d) c.addi16sp sp, -16
core   0: 3 0x8000565c (0x717d) x2  0xb4000160
core   0: 0x8000565e (0x0000717d) c.addi16sp sp, -16
core   0: 3 0x8000565e (0x717d) x2  0xb4000150
core   0: 0x80005660 (0x03b39863) bne     t2, s11, pc + 48
core   0: 3 0x80005660 (0x03b39863)
core   0: 0x80005690 (0x00008f3d) c.xor   a4, a5
core   0: 3 0x80005690 (0x8f3d) x14 0x00000000
core   0: 0x80005692 (0x03f6edb3) rem     s11, a3, t6
core   0: 3 0x80005692 (0x03f6edb3) x27 0xfffffe00
core   0: 0x80005696 (0x001ed633) srl     a2, t4, ra
core   0: 3 0x80005696 (0x001ed633) x12 0x00000000
core   0: 0x8000569a (0x01591733) sll     a4, s2, s5
core   0: 3 0x8000569a (0x01591733) x14 0x80000000
core   0: 0x8000569e (0x02962d33) mulhsu  s10, a2, s1
core   0: 3 0x8000569e (0x02962d33) x26 0x00000000
core   0: 0x800056a2 (0x0000043d) c.addi  s0, 15
core   0: 3 0x800056a2 (0x043d) x8  0x00000271
core   0: 0x800056a4 (0xf617a393) slti    t2, a5, -159
core   0: 3 0x800056a4 (0xf617a393) x7  0x00000000
core   0: 0x800056a8 (0x00008365) c.srli  a4, 25
core   0: 3 0x800056a8 (0x8365) x14 0x00000040
core   0: 0x800056aa (0x00001f08) c.addi4spn a0, sp, 944
core   0: 3 0x800056aa (0x1f08) x10 0xb4000500
core   0: 0x800056ac (0x01917033) and     zero, sp, s9
core   0: 3 0x800056ac (0x01917033)
core   0: 0x800056b0 (0x00c24833) xor     a6, tp, a2
core   0: 3 0x800056b0 (0x00c24833) x16 0x7150f666
core   0: 0x800056b4 (0x00008711) c.srai  a4, 4
core   0: 3 0x800056b4 (0x8711) x14 0x00000004
core   0: 0x800056b6 (0x00d3bcb3) sltu    s9, t2, a3
core   0: 3 0x800056b6 (0x00d3bcb3) x25 0x00000001
core   0: 0x800056ba (0x7d033e13) sltiu   t3, t1, 2000
core   0: 3 0x800056ba (0x7d033e13) x28 0x00000000
core   0: 0x800056be (0x025802b3) mul     t0, a6, t0
core   0: 3 0x800056be (0x025802b3) x5  0x8eaf099a
core   0: 0x800056c2 (0x000084b9) c.srai  s1, 14
core   0: 3 0x800056c2 (0x84b9) x9  0xffffffff
core   0: 0x800056c4 (0x00008df5) c.and   a1, a3
core   0: 3 0x800056c4 (0x8df5) x11 0xb4000000
core   0: 0x800056c6 (0x037bad33) mulhsu  s10, s7, s7
core   0: 3 0x800056c6 (0x037bad33) x26 0x00000000
core   0: 0x800056ca (0x4eb7b413) sltiu   s0, a5, 1259
core   0: 3 0x800056ca (0x4eb7b413) x8  0x00000000
core   0: 0x800056ce (0x00008915) c.andi  a0, 5
core   0: 3 0x800056ce (0x8915) x10 0x00000000
core   0: 0x800056d0 (0x0391d1b3) divu    gp, gp, s9
core   0: 3 0x800056d0 (0x0391d1b3) x3  0xa747150e
core   0: 0x800056d4 (0x036003b3) mul     t2, zero, s6
core   0: 3 0x800056d4 (0x036003b3) x7  0x00000000
core   0: 0x800056d8 (0x00008fbd) c.xor   a5, a5
core   0: 3 0x800056d8 (0x8fbd) x15 0x00000000
core   0: 0x800056da (0x00008451) c.srai  s0, 20
core   0: 3 0x800056da (0x8451) x8  0x00000000
core   0: 0x800056dc (0x00006b8d) c.lui   s7, 0x3
core   0: 3 0x800056dc (0x6b8d) x23 0x00003000
core   0: 0x800056de (0x020cc733) div     a4, s9, zero
core   0: 3 0x800056de (0x020cc733) x14 0xffffffff
core   0: 0x800056e2 (0x00000001) c.nop
core   0: 3 0x800056e2 (0x0001)
core   0: 0x800056e4 (0x030c5063) bge     s8, a6, pc + 32
core   0: 3 0x800056e4 (0x030c5063)
core   0: 0x800056e8 (0xa8b6ac93) slti    s9, a3, -1397
core   0: 3 0x800056e8 (0xa8b6ac93) x25 0x00000000
core   0: 0x800056ec (0x0000717d) c.addi16sp sp, -16
core   0: 3 0x800056ec (0x717d) x2  0xb4000140
core   0: 0x800056ee (0x00001690) c.addi4spn a2, sp, 864
core   0: 3 0x800056ee (0x1690) x12 0xb40004a0
core   0: 0x800056f0 (0x00694433) xor     s0, s2, t1
core   0: 3 0x800056f0 (0x00694433) x8  0x1c18f569
core   0: 0x800056f4 (0x678e0837) lui     a6, 0x678e0
core   0: 3 0x800056f4 (0x678e0837) x16 0x678e0000
core   0: 0x800056f8 (0x0000e109) c.bnez  a0, pc + 2
core   0: 3 0x800056f8 (0xe109)
core   0: 0x800056fa (0x038ab333) mulhu   t1, s5, s8
core   0: 3 0x800056fa (0x038ab333) x6  0x80025ea3
core   0: 0x800056fe (0x0000517d) c.li    sp, -1
core   0: 3 0x800056fe (0x517d) x2  0xffffffff
core   0: 0x80005700 (0xa1134593) xori    a1, t1, -1519
core   0: 3 0x80005700 (0xa1134593) x11 0x7ffda4b2
core   0: 0x80005704 (0x40e20333) sub     t1, tp, a4
core   0: 3 0x80005704 (0x40e20333) x6  0x7150f667
core   0: 0x80005708 (0x036fcd63) blt     t6, s6, pc + 58
core   0: 3 0x80005708 (0x036fcd63)
core   0: 0x80005742 (0x00ac04b3) add     s1, s8, a0
core   0: 3 0x80005742 (0x00ac04b3) x9  0x80025ea4
core   0: 0x80005746 (0x01238e63) beq     t2, s2, pc + 28
core   0: 3 0x80005746 (0x01238e63)
core   0: 0x8000574a (0x00008d19) c.sub   a0, a4
core   0: 3 0x8000574a (0x8d19) x10 0x00000001
core   0: 0x8000574c (0xc1290393) addi    t2, s2, -1006
core   0: 3 0x8000574c (0xc1290393) x7  0x0000fc11
core   0: 0x80005750 (0x00008d59) c.or    a0, a4
core   0: 3 0x80005750 (0x8d59) x10 0xffffffff
core   0: 0x80005752 (0x40a1d1b3) sra     gp, gp, a0
core   0: 3 0x80005752 (0x40a1d1b3) x3  0xffffffff
core   0: 0x80005756 (0x0301f133) remu    sp, gp, a6
core   0: 3 0x80005756 (0x0301f133) x2  0x30e3ffff
core   0: 0x8000575a (0x0090d413) srli    s0, ra, 9
core   0: 3 0x8000575a (0x0090d413) x8  0x007150f6
core   0: 0x8000575e (0x022d4633) div     a2, s10, sp
core   0: 3 0x8000575e (0x022d4633) x12 0x00000000
core   0: 0x80005762 (0x0000eb05) c.bnez  a4, pc + 48
core   0: 3 0x80005762 (0xeb05)
core   0: 0x80005792 (0x00000001) c.nop
core   0: 3 0x80005792 (0x0001)
core   0: 0x80005794 (0x00000001) c.nop
core   0: 3 0x80005794 (0x0001)
core   0: 0x80005796 (0x0354e233) rem     tp, s1, s5
core   0: 3 0x80005796 (0x0354e233) x4  0x00000000
core   0: 0x8000579a (0x00adff63) bgeu    s11, a0, pc + 30
core   0: 3 0x8000579a (0x00adff63)
core   0: 0x8000579e (0x03431cb3) mulh    s9, t1, s4
core   0: 3 0x8000579e (0x03431cb3) x25 0x00000000
core   0: 0x800057a2 (0x7d4ab413) sltiu   s0, s5, 2004
core   0: 3 0x800057a2 (0x7d4ab413) x8  0x00000000
core   0: 0x800057a6 (0x00000001) c.nop
core   0: 3 0x800057a6 (0x0001)
core   0: 0x800057a8 (0x00000001) c.nop
core   0: 3 0x800057a8 (0x0001)
core   0: 0x800057aa (0x000002f2) c.slli  t0, 28
core   0: 3 0x800057aa (0x02f2) x5  0xa0000000
core   0: 0x800057ac (0x008e1863) bne     t3, s0, pc + 16
core   0: 3 0x800057ac (0x008e1863)
core   0: 0x800057b0 (0x2f906313) ori     t1, zero, 761
core   0: 3 0x800057b0 (0x2f906313) x6  0x000002f9
core   0: 0x800057b4 (0x1b7b3593) sltiu   a1, s6, 439
core   0: 3 0x800057b4 (0x1b7b3593) x11 0x00000000
core   0: 0x800057b8 (0x01984cb3) xor     s9, a6, s9
core   0: 3 0x800057b8 (0x01984cb3) x25 0x678e0000
core   0: 0x800057bc (0xb1158593) addi    a1, a1, -1263
core   0: 3 0x800057bc (0xb1158593) x11 0xfffffb11
core   0: 0x800057c0 (0x00008d95) c.sub   a1, a3
core   0: 3 0x800057c0 (0x8d95) x11 0xfffffd11
core   0: 0x800057c2 (0x40418e33) sub     t3, gp, tp
core   0: 3 0x800057c2 (0x40418e33) x28 0xffffffff
core   0: 0x800057c6 (0xea209517) auipc   a0, 0xea209
core   0: 3 0x800057c6 (0xea209517) x10 0x6a20e7c6
core   0: 0x800057ca (0x00dde733) or      a4, s11, a3
core   0: 3 0x800057ca (0x00dde733) x14 0xfffffe00
core   0: 0x800057ce (0x00f18563) beq     gp, a5, pc + 10
core   0: 3 0x800057ce (0x00f18563)
core   0: 0x800057d2 (0x00008f51) c.or    a4, a2
core   0: 3 0x800057d2 (0x8f51) x14 0xfffffe00
core   0: 0x800057d4 (0x00000abd) c.addi  s5, 15
core   0: 3 0x800057d4 (0x0abd) x21 0x0000000e
core   0: 0x800057d6 (0x0000cb91) c.beqz  a5, pc + 20
core   0: 3 0x800057d6 (0xcb91)
core   0: 0x800057ea (0xa4accd13) xori    s10, s9, -1462
core   0: 3 0x800057ea (0xa4accd13) x26 0x9871fa4a
core   0: 0x800057ee (0x02ee94b3) mulh    s1, t4, a4
core   0: 3 0x800057ee (0x02ee94b3) x9  0xffffffff
core   0: 0x800057f2 (0x00b167b3) or      a5, sp, a1
core   0: 3 0x800057f2 (0x00b167b3) x15 0xffffffff
core   0: 0x800057f6 (0x01701893) slli    a7, zero, 23
core   0: 3 0x800057f6 (0x01701893) x17 0x00000000
core   0: 0x800057fa (0x00008a75) c.andi  a2, 29
core   0: 3 0x800057fa (0x8a75) x12 0x00000000
core   0: 0x800057fc (0x40355d93) srai    s11, a0, 3
core   0: 3 0x800057fc (0x40355d93) x27 0x0d441cf8
core   0: 0x80005800 (0x00bd3733) sltu    a4, s10, a1
core   0: 3 0x80005800 (0x00bd3733) x14 0x00000001
core   0: 0x80005804 (0x008566b3) or      a3, a0, s0
core   0: 3 0x80005804 (0x008566b3) x13 0x6a20e7c6
core   0: 0x80005808 (0x00000f5a) c.slli  t5, 22
core   0: 3 0x80005808 (0x0f5a) x30 0x00000000
core   0: 0x8000580a (0x40965c93) srai    s9, a2, 9
core   0: 3 0x8000580a (0x40965c93) x25 0x00000000
core   0: 0x8000580e (0x03c39d33) mulh    s10, t2, t3
core   0: 3 0x8000580e (0x03c39d33) x26 0xffffffff
core   0: 0x80005812 (0x02faff33) remu    t5, s5, a5
core   0: 3 0x80005812 (0x02faff33) x30 0x0000000e
core   0: 0x80005816 (0x00008e71) c.and   a2, a2
core   0: 3 0x80005816 (0x8e71) x12 0x00000000
core   0: 0x80005818 (0x0000c799) c.beqz  a5, pc + 14
core   0: 3 0x80005818 (0xc799)
core   0: 0x8000581a (0xed9798b7) lui     a7, 0xed979
core   0: 3 0x8000581a (0xed9798b7) x17 0xed979000
core   0: 0x8000581e (0x00779913) slli    s2, a5, 7
core   0: 3 0x8000581e (0x00779913) x18 0xffffff80
core   0: 0x80005822 (0x000011fd) c.addi  gp, -1
core   0: 3 0x80005822 (0x11fd) x3  0xfffffffe
core   0: 0x80005824 (0x00000766) c.slli  a4, 25
core   0: 3 0x80005824 (0x0766) x14 0x02000000
core   0: 0x80005826 (0x01aadab3) srl     s5, s5, s10
core   0: 3 0x80005826 (0x01aadab3) x21 0x00000000
core   0: 0x8000582a (0x01022433) slt     s0, tp, a6
core   0: 3 0x8000582a (0x01022433) x8  0x00000001
core   0: 0x8000582e (0x000081b9) c.srli  a1, 14
core   0: 3 0x8000582e (0x81b9) x11 0x0003ffff
core   0: 0x80005830 (0x0000c909) c.beqz  a0, pc + 18
core   0: 3 0x80005830 (0xc909)
core   0: 0x80005832 (0x024c9c63) bne     s9, tp, pc + 56
core   0: 3 0x80005832 (0x024c9c63)
core   0: 0x80005836 (0x00004185) c.li    gp, 1
core   0: 3 0x80005836 (0x4185) x3  0x00000001
core   0: 0x80005838 (0x0000717d) c.addi16sp sp, -16
core   0: 3 0x80005838 (0x717d) x2  0x30e3ffef
core   0: 0x8000583a (0x417cddb3) sra     s11, s9, s7
core   0: 3 0x8000583a (0x417cddb3) x27 0x00000000
core   0: 0x8000583e (0x03f44063) blt     s0, t6, pc + 32
core   0: 3 0x8000583e (0x03f44063)
core   0: 0x80005842 (0x0000717d) c.addi16sp sp, -16
core   0: 3 0x80005842 (0x717d) x2  0x30e3ffdf
core   0: 0x80005844 (0xa18f7b13) andi    s6, t5, -1512
core   0: 3 0x80005844 (0xa18f7b13) x22 0x00000008
core   0: 0x80005848 (0x00008fc1) c.or    a5, s0
core   0: 3 0x80005848 (0x8fc1) x15 0xffffffff
core   0: 0x8000584a (0x02319263) bne     gp, gp, pc + 36
core   0: 3 0x8000584a (0x02319263)
core   0: 0x8000584e (0x41bd0cb3) sub     s9, s10, s11
core   0: 3 0x8000584e (0x41bd0cb3) x25 0xffffffff
core   0: 0x80005852 (0x01ac1763) bne     s8, s10, pc + 14
core   0: 3 0x80005852 (0x01ac1763)
core   0: 0x80005860 (0x00f9f533) and     a0, s3, a5
core   0: 3 0x80005860 (0x00f9f533) x10 0x00000000
core   0: 0x80005864 (0x000097d2) c.add   a5, s4
core   0: 3 0x80005864 (0x97d2) x15 0x00000000
core   0: 0x80005866 (0x00008685) c.srai  a3, 1
core   0: 3 0x80005866 (0x8685) x13 0x351073e3
core   0: 0x80005868 (0x0000eb85) c.bnez  a5, pc + 48
core   0: 3 0x80005868 (0xeb85)
core   0: 0x8000586a (0x00000aed) c.addi  s5, 27
core   0: 3 0x8000586a (0x0aed) x21 0x0000001b
core   0: 0x8000586c (0x0000c411) c.beqz  s0, pc + 12
core   0: 3 0x8000586c (0xc411)
core   0: 0x8000586e (0x00008d8d) c.sub   a1, a1
core   0: 3 0x8000586e (0x8d8d) x11 0x00000000
core   0: 0x80005870 (0x0338d3b3) divu    t2, a7, s3
core   0: 3 0x80005870 (0x0338d3b3) x7  0xffffffff
core   0: 0x80005874 (0x00b8fa33) and     s4, a7, a1
core   0: 3 0x80005874 (0x00b8fa33) x20 0x00000000
core   0: 0x80005878 (0x00008fe9) c.and   a5, a0
core   0: 3 0x80005878 (0x8fe9) x15 0x00000000
core   0: 0x8000587a (0xeba13d93) sltiu   s11, sp, -326
core   0: 3 0x8000587a (0xeba13d93) x27 0x00000001
core   0: 0x8000587e (0x02585863) bge     a6, t0, pc + 48
core   0: 3 0x8000587e (0x02585863)
core   0: 0x800058ae (0x3b680c93) addi    s9, a6, 950
core   0: 3 0x800058ae (0x3b680c93) x25 0x678e03b6
core   0: 0x800058b2 (0x000084c9) c.srai  s1, 18
core   0: 3 0x800058b2 (0x84c9) x9  0xffffffff
core   0: 0x800058b4 (0x00009526) c.add   a0, s1
core   0: 3 0x800058b4 (0x9526) x10 0xffffffff
core   0: 0x800058b6 (0x00a1d933) srl     s2, gp, a0
core   0: 3 0x800058b6 (0x00a1d933) x18 0x00000000
core   0: 0x800058ba (0x00008dc1) c.or    a1, s0
core   0: 3 0x800058ba (0x8dc1) x11 0x00000001
core   0: 0x800058bc (0x00006125) c.addi16sp sp, 96
core   0: 3 0x800058bc (0x6125) x2  0x30e4003f
core   0: 0x800058be (0x003e51b3) srl     gp, t3, gp
core   0: 3 0x800058be (0x003e51b3) x3  0x7fffffff
core   0: 0x800058c2 (0x0009b233) sltu    tp, s3, zero
core   0: 3 0x800058c2 (0x0009b233) x4  0x00000000
core   0: 0x800058c6 (0x00b08433) add     s0, ra, a1
core   0: 3 0x800058c6 (0x00b08433) x8  0xe2a1eccd
core   0: 0x800058ca (0x00912d33) slt     s10, sp, s1
core   0: 3 0x800058ca (0x00912d33) x26 0x00000000
core   0: 0x800058ce (0x02a49463) bne     s1, a0, pc + 40
core   0: 3 0x800058ce (0x02a49463)
core   0: 0x800058d2 (0x000ddd33) srl     s10, s11, zero
core   0: 3 0x800058d2 (0x000ddd33) x26 0x00000001
core   0: 0x800058d6 (0x00f19993) slli    s3, gp, 15
core   0: 3 0x800058d6 (0x00f19993) x19 0xffff8000
core   0: 0x800058da (0x025698b3) mulh    a7, a3, t0
core   0: 3 0x800058da (0x025698b3) x17 0xec19d48a
core   0: 0x800058de (0xa38ef337) lui     t1, 0xa38ef
core   0: 3 0x800058de (0xa38ef337) x6  0xa38ef000
core   0: 0x800058e2 (0x03150d63) beq     a0, a7, pc + 58
core   0: 3 0x800058e2 (0x03150d63)
core   0: 0x800058e6 (0xfa7c8913) addi    s2, s9, -89
core   0: 3 0x800058e6 (0xfa7c8913) x18 0x678e035d
core   0: 0x800058ea (0x886b2613) slti    a2, s6, -1914
core   0: 3 0x800058ea (0x886b2613) x12 0x00000000
core   0: 0x800058ee (0x023915b3) mulh    a1, s2, gp
core   0: 3 0x800058ee (0x023915b3) x11 0x33c701ae
core   0: 0x800058f2 (0x0233cab3) div     s5, t2, gp
core   0: 3 0x800058f2 (0x0233cab3) x21 0x00000000
core   0: 0x800058f6 (0x00008ee1) c.and   a3, s0
core   0: 3 0x800058f6 (0x8ee1) x13 0x200060c1
core   0: 0x800058f8 (0x03498263) beq     s3, s4, pc + 36
core   0: 3 0x800058f8 (0x03498263)
core   0: 0x800058fc (0x0118eb33) or      s6, a7, a7
core   0: 3 0x800058fc (0x0118eb33) x22 0xec19d48a
core   0: 0x80005900 (0x00001f7d) c.addi  t5, -1
core   0: 3 0x80005900 (0x1f7d) x30 0x0000000d
core   0: 0x80005902 (0x8f334593) xori    a1, t1, -1805
core   0: 3 0x80005902 (0x8f334593) x11 0x5c7108f3
core   0: 0x80005906 (0x00000ce6) c.slli  s9, 25
core   0: 3 0x80005906 (0x0ce6) x25 0x6c000000
core   0: 0x80005908 (0x03edc063) blt     s11, t5, pc + 32
core   0: 3 0x80005908 (0x03edc063)
core   0: 0x80005928 (0x00008c41) c.or    s0, s0
core   0: 3 0x80005928 (0x8c41) x8  0xe2a1eccd
core   0: 0x8000592a (0x010a0f33) add     t5, s4, a6
core   0: 3 0x8000592a (0x010a0f33) x30 0x678e0000
core   0: 0x8000592e (0x1d5fe693) ori     a3, t6, 469
core   0: 3 0x8000592e (0x1d5fe693) x13 0x80029df5
core   0: 0x80005932 (0x025f8163) beq     t6, t0, pc + 34
core   0: 3 0x80005932 (0x025f8163)
core   0: 0x80005936 (0x02443ab3) mulhu   s5, s0, tp
core   0: 3 0x80005936 (0x02443ab3) x21 0x00000000
core   0: 0x8000593a (0x00008dd5) c.or    a1, a3
core   0: 3 0x8000593a (0x8dd5) x11 0xdc739df7
core   0: 0x8000593c (0x89982693) slti    a3, a6, -1895
core   0: 3 0x8000593c (0x89982693) x13 0x00000000
core   0: 0x80005940 (0x75657197) auipc   gp, 0x75657
core   0: 3 0x80005940 (0x75657197) x3  0xf565c940
core   0: 0x80005944 (0x9072e797) auipc   a5, 0x9072e
core   0: 3 0x80005944 (0x9072e797) x15 0x10733944
core   0: 0x80005948 (0x00008d35) c.xor   a0, a3
core   0: 3 0x80005948 (0x8d35) x10 0xffffffff
core   0: 0x8000594a (0x00000001) c.nop
core   0: 3 0x8000594a (0x0001)
core   0: 0x8000594c (0xefa0a897) auipc   a7, 0xefa0a
core   0: 3 0x8000594c (0xefa0a897) x17 0x6fa0f94c
core   0: 0x80005950 (0x0291e163) bltu    gp, s1, pc + 34
core   0: 3 0x80005950 (0x0291e163)
core   0: 0x80005972 (0x01bf78b3) and     a7, t5, s11
core   0: 3 0x80005972 (0x01bf78b3) x17 0x00000000
core   0: 0x80005976 (0x00006939) c.lui   s2, 0xe
core   0: 3 0x80005976 (0x6939) x18 0x0000e000
core   0: 0x80005978 (0x00008ed9) c.or    a3, a4
core   0: 3 0x80005978 (0x8ed9) x13 0x02000000
core   0: 0x8000597a (0x41248db3) sub     s11, s1, s2
core   0: 3 0x8000597a (0x41248db3) x27 0xffff1fff
core   0: 0x8000597e (0x00008cfd) c.and   s1, a5
core   0: 3 0x8000597e (0x8cfd) x9  0x10733944
core   0: 0x80005980 (0x00000001) c.nop
core   0: 3 0x80005980 (0x0001)
core   0: 0x80005982 (0x000045c1) c.li    a1, 16
core   0: 3 0x80005982 (0x45c1) x11 0x00000010
core   0: 0x80005984 (0x000087f2) c.mv    a5, t3
core   0: 3 0x80005984 (0x87f2) x15 0xffffffff
core   0: 0x80005986 (0x00006165) c.addi16sp sp, 112
core   0: 3 0x80005986 (0x6165) x2  0x30e400af
core   0: 0x80005988 (0xf13b7097) auipc   ra, 0xf13b7
core   0: 3 0x80005988 (0xf13b7097) x1  0x713bc988
core   0: 0x8000598c (0x41595a13) srai    s4, s2, 21
core   0: 3 0x8000598c (0x41595a13) x20 0x00000000
core   0: 0x80005990 (0x00008eb5) c.xor   a3, a3
core   0: 3 0x80005990 (0x8eb5) x13 0x00000000
core   0: 0x80005992 (0x00000001) c.nop
core   0: 3 0x80005992 (0x0001)
core   0: 0x80005994 (0x00000001) c.nop
core   0: 3 0x80005994 (0x0001)
core   0: 0x80005996 (0x003a35b3) sltu    a1, s4, gp
core   0: 3 0x80005996 (0x003a35b3) x11 0x00000001
core   0: 0x8000599a (0x00570963) beq     a4, t0, pc + 18
core   0: 3 0x8000599a (0x00570963)
core   0: 0x8000599e (0x00001684) c.addi4spn s1, sp, 864
core   0: 3 0x8000599e (0x1684) x9  0x30e4040f
core   0: 0x800059a0 (0x4f26af13) slti    t5, a3, 1266
core   0: 3 0x800059a0 (0x4f26af13) x30 0x00000001
core   0: 0x800059a4 (0x85254b37) lui     s6, 0x85254
core   0: 3 0x800059a4 (0x85254b37) x22 0x85254000
core   0: 0x800059a8 (0x017ff333) and     t1, t6, s7
core   0: 3 0x800059a8 (0x017ff333) x6  0x00001000
core   0: 0x800059ac (0x00008a95) c.andi  a3, 5
core   0: 3 0x800059ac (0x8a95) x13 0x00000000
core   0: 0x800059ae (0x00006db9) c.lui   s11, 0xe
core   0: 3 0x800059ae (0x6db9) x27 0x0000e000
core   0: 0x800059b0 (0x41635f13) srai    t5, t1, 22
core   0: 3 0x800059b0 (0x41635f13) x30 0x00000000
core   0: 0x800059b4 (0x66b4dcb7) lui     s9, 0x66b4d
core   0: 3 0x800059b4 (0x66b4dcb7) x25 0x66b4d000
core   0: 0x800059b8 (0x019cddb3) srl     s11, s9, s9
core   0: 3 0x800059b8 (0x019cddb3) x27 0x66b4d000
core   0: 0x800059bc (0xd08b2f13) slti    t5, s6, -760
core   0: 3 0x800059bc (0xd08b2f13) x30 0x00000001
core   0: 0x800059c0 (0x00b69193) slli    gp, a3, 11
core   0: 3 0x800059c0 (0x00b69193) x3  0x00000000
core   0: 0x800059c4 (0x00008f49) c.or    a4, a0
core   0: 3 0x800059c4 (0x8f49) x14 0xffffffff
core   0: 0x800059c6 (0x0000614d) c.addi16sp sp, 176
core   0: 3 0x800059c6 (0x614d) x2  0x30e4015f
core   0: 0x800059c8 (0x0000630d) c.lui   t1, 0x3
core   0: 3 0x800059c8 (0x630d) x6  0x00003000
core   0: 0x800059ca (0x00001180) c.addi4spn s0, sp, 224
core   0: 3 0x800059ca (0x1180) x8  0x30e4023f
core   0: 0x800059cc (0x000099d2) c.add   s3, s4
core   0: 3 0x800059cc (0x99d2) x19 0xffff8000
core   0: 0x800059ce (0x00738463) beq     t2, t2, pc + 8
core   0: 3 0x800059ce (0x00738463)
core   0: 0x800059d6 (0x025aed63) bltu    s5, t0, pc + 58
core   0: 3 0x800059d6 (0x025aed63)
core   0: 0x80005a10 (0x00048ab3) add     s5, s1, zero
core   0: 3 0x80005a10 (0x00048ab3) x21 0x30e4040f
core   0: 0x80005a14 (0x00962ab3) slt     s5, a2, s1
core   0: 3 0x80005a14 (0x00962ab3) x21 0x00000001
core   0: 0x80005a18 (0x00000001) c.nop
core   0: 3 0x80005a18 (0x0001)
core   0: 0x80005a1a (0x00000001) c.nop
core   0: 3 0x80005a1a (0x0001)
core   0: 0x80005a1c (0x0000931e) c.add   t1, t2
core   0: 3 0x80005a1c (0x931e) x6  0x00002fff
core   0: 0x80005a1e (0x00004459) c.li    s0, 22
core   0: 3 0x80005a1e (0x4459) x8  0x00000016
core   0: 0x80005a20 (0x41315ab3) sra     s5, sp, s3
core   0: 3 0x80005a20 (0x41315ab3) x21 0x30e4015f
core   0: 0x80005a24 (0xc6de4e13) xori    t3, t3, -915
core   0: 3 0x80005a24 (0xc6de4e13) x28 0x00000392
core   0: 0x80005a28 (0x005c9e33) sll     t3, s9, t0
core   0: 3 0x80005a28 (0x005c9e33) x28 0x66b4d000
core   0: 0x80005a2c (0x9ae07413) andi    s0, zero, -1618
core   0: 3 0x80005a2c (0x9ae07413) x8  0x00000000
core   0: 0x80005a30 (0x024dae33) mulhsu  t3, s11, tp
core   0: 3 0x80005a30 (0x024dae33) x28 0x00000000
core   0: 0x80005a34 (0x01c8c633) xor     a2, a7, t3
core   0: 3 0x80005a34 (0x01c8c633) x12 0x00000000
core   0: 0x80005a38 (0x006feb33) or      s6, t6, t1
core   0: 3 0x80005a38 (0x006feb33) x22 0x8002bfff
core   0: 0x80005a3c (0x41825633) sra     a2, tp, s8
core   0: 3 0x80005a3c (0x41825633) x12 0x00000000
core   0: 0x80005a40 (0x005d5433) srl     s0, s10, t0
core   0: 3 0x80005a40 (0x005d5433) x8  0x00000001
core   0: 0x80005a44 (0x00d7d933) srl     s2, a5, a3
core   0: 3 0x80005a44 (0x00d7d933) x18 0xffffffff
core   0: 0x80005a48 (0x00008e65) c.and   a2, s1
core   0: 3 0x80005a48 (0x8e65) x12 0x00000000
core   0: 0x80005a4a (0x0000026e) c.slli  tp, 27
core   0: 3 0x80005a4a (0x026e) x4  0x00000000
core   0: 0x80005a4c (0x0000717d) c.addi16sp sp, -16
core   0: 3 0x80005a4c (0x717d) x2  0x30e4014f
core   0: 0x80005a4e (0x00006e7d) c.lui   t3, 0x1f
core   0: 3 0x80005a4e (0x6e7d) x28 0x0001f000
core   0: 0x80005a50 (0x00000001) c.nop
core   0: 3 0x80005a50 (0x0001)
core   0: 0x80005a52 (0xfbffe193) ori     gp, t6, -65
core   0: 3 0x80005a52 (0xfbffe193) x3  0xffffffbf
core   0: 0x80005a56 (0x00009a16) c.add   s4, t0
core   0: 3 0x80005a56 (0x9a16) x20 0xa0000000
core   0: 0x80005a58 (0x00000001) c.nop
core   0: 3 0x80005a58 (0x0001)
core   0: 0x80005a5a (0x032e9163) bne     t4, s2, pc + 34
core   0: 3 0x80005a5a (0x032e9163)
core   0: 0x80005a7c (0x40bc07b3) sub     a5, s8, a1
core   0: 3 0x80005a7c (0x40bc07b3) x15 0x80025ea3
core   0: 0x80005a80 (0x02612ab3) mulhsu  s5, sp, t1
core   0: 3 0x80005a80 (0x02612ab3) x21 0x0000092a
core   0: 0x80005a84 (0x2237f793) andi    a5, a5, 547
core   0: 3 0x80005a84 (0x2237f793) x15 0x00000223
core   0: 0x80005a88 (0x0000128c) c.addi4spn a1, sp, 352
core   0: 3 0x80005a88 (0x128c) x11 0x30e402af
core   0: 0x80005a8a (0x6f04fa17) auipc   s4, 0x6f04f
core   0: 3 0x80005a8a (0x6f04fa17) x20 0xef054a8a
core   0: 0x80005a8e (0x02c24433) div     s0, tp, a2
core   0: 3 0x80005a8e (0x02c24433) x8  0xffffffff
core   0: 0x80005a92 (0x7644ea93) ori     s5, s1, 1892
core   0: 3 0x80005a92 (0x7644ea93) x21 0x30e4076f
core   0: 0x80005a96 (0x00008de6) c.mv    s11, s9
core   0: 3 0x80005a96 (0x8de6) x27 0x66b4d000
core   0: 0x80005a98 (0x01654863) blt     a0, s6, pc + 16
core   0: 3 0x80005a98 (0x01654863)
core   0: 0x80005a9c (0x00000001) c.nop
core   0: 3 0x80005a9c (0x0001)
core   0: 0x80005a9e (0x00008d65) c.and   a0, s1
core   0: 3 0x80005a9e (0x8d65) x10 0x30e4040f
core   0: 0x80005aa0 (0x7ef6ec97) auipc   s9, 0x7ef6e
core   0: 3 0x80005aa0 (0x7ef6ec97) x25 0xfef73aa0
core   0: 0x80005aa4 (0x0166d193) srli    gp, a3, 22
core   0: 3 0x80005aa4 (0x0166d193) x3  0x00000000
core   0: 0x80005aa8 (0x01754a33) xor     s4, a0, s7
core   0: 3 0x80005aa8 (0x01754a33) x20 0x30e4340f
core   0: 0x80005aac (0x00793cb3) sltu    s9, s2, t2
core   0: 3 0x80005aac (0x00793cb3) x25 0x00000000
core   0: 0x80005ab0 (0x00000001) c.nop
core   0: 3 0x80005ab0 (0x0001)
core   0: 0x80005ab2 (0x00000001) c.nop
core   0: 3 0x80005ab2 (0x0001)
core   0: 0x80005ab4 (0x02d196b3) mulh    a3, gp, a3
core   0: 3 0x80005ab4 (0x02d196b3) x13 0x00000000
core   0: 0x80005ab8 (0x00001dfd) c.addi  s11, -1
core   0: 3 0x80005ab8 (0x1dfd) x27 0x66b4cfff
core   0: 0x80005aba (0x000062b1) c.lui   t0, 0xc
core   0: 3 0x80005aba (0x62b1) x5  0x0000c000
core   0: 0x80005abc (0x03abe733) rem     a4, s7, s10
core   0: 3 0x80005abc (0x03abe733) x14 0x00000000
core   0: 0x80005ac0 (0x024a91b3) mulh    gp, s5, tp
core   0: 3 0x80005ac0 (0x024a91b3) x3  0x00000000
core   0: 0x80005ac4 (0x00008f39) c.xor   a4, a4
core   0: 3 0x80005ac4 (0x8f39) x14 0x00000000
core   0: 0x80005ac6 (0xcb702413) slti    s0, zero, -841
core   0: 3 0x80005ac6 (0xcb702413) x8  0x00000000
core   0: 0x80005aca (0x02f496b3) mulh    a3, s1, a5
core   0: 3 0x80005aca (0x02f496b3) x13 0x00000068
core   0: 0x80005ace (0x033f4a33) div     s4, t5, s3
core   0: 3 0x80005ace (0x033f4a33) x20 0x00000000
core   0: 0x80005ad2 (0x00008932) c.mv    s2, a2
core   0: 3 0x80005ad2 (0x8932) x18 0x00000000
core   0: 0x80005ad4 (0x00008e79) c.and   a2, a4
core   0: 3 0x80005ad4 (0x8e79) x12 0x00000000
core   0: 0x80005ad6 (0x024722b3) mulhsu  t0, a4, tp
core   0: 3 0x80005ad6 (0x024722b3) x5  0x00000000
core   0: 0x80005ada (0x034fb433) mulhu   s0, t6, s4
core   0: 3 0x80005ada (0x034fb433) x8  0x00000000
core   0: 0x80005ade (0x00006f11) c.lui   t5, 0x4
core   0: 3 0x80005ade (0x6f11) x30 0x00004000
core   0: 0x80005ae0 (0x000008e6) c.slli  a7, 25
core   0: 3 0x80005ae0 (0x08e6) x17 0x00000000
core   0: 0x80005ae2 (0x0179ca63) blt     s3, s7, pc + 20
core   0: 3 0x80005ae2 (0x0179ca63)
core   0: 0x80005af6 (0x03d78733) mul     a4, a5, t4
core   0: 3 0x80005af6 (0x03d78733) x14 0x00001118
core   0: 0x80005afa (0x00060db3) add     s11, a2, zero
core   0: 3 0x80005afa (0x00060db3) x27 0x00000000
core   0: 0x80005afe (0x8bd83913) sltiu   s2, a6, -1859
core   0: 3 0x80005afe (0x8bd83913) x18 0x00000001
core   0: 0x80005b02 (0x013d1093) slli    ra, s10, 19
core   0: 3 0x80005b02 (0x013d1093) x1  0x00080000
core   0: 0x80005b06 (0x00001d7d) c.addi  s10, -1
core   0: 3 0x80005b06 (0x1d7d) x26 0x00000000
core   0: 0x80005b08 (0x0209f0b3) remu    ra, s3, zero
core   0: 3 0x80005b08 (0x0209f0b3) x1  0xffff8000
core   0: 0x80005b0c (0x03337363) bgeu    t1, s3, pc + 38
core   0: 3 0x80005b0c (0x03337363)
core   0: 0x80005b10 (0x676cba13) sltiu   s4, s9, 1654
core   0: 3 0x80005b10 (0x676cba13) x20 0x00000001
core   0: 0x80005b14 (0x00008fc9) c.or    a5, a0
core   0: 3 0x80005b14 (0x8fc9) x15 0x30e4062f
core   0: 0x80005b16 (0x0145c863) blt     a1, s4, pc + 16
core   0: 3 0x80005b16 (0x0145c863)
core   0: 0x80005b1a (0x58ec6693) ori     a3, s8, 1422
core   0: 3 0x80005b1a (0x58ec6693) x13 0x80025fae
core   0: 0x80005b1e (0x029b4933) div     s2, s6, s1
core   0: 3 0x80005b1e (0x029b4933) x18 0xfffffffe
core   0: 0x80005b22 (0x000135b3) sltu    a1, sp, zero
core   0: 3 0x80005b22 (0x000135b3) x11 0x00000000
core   0: 0x80005b26 (0x01c55413) srli    s0, a0, 28
core   0: 3 0x80005b26 (0x01c55413) x8  0x00000003
core   0: 0x80005b2a (0x039050b3) divu    ra, zero, s9
core   0: 3 0x80005b2a (0x039050b3) x1  0xffffffff
core   0: 0x80005b2e (0x0186e0b3) or      ra, a3, s8
core   0: 3 0x80005b2e (0x0186e0b3) x1  0x80025fae
core   0: 0x80005b32 (0x41b95c93) srai    s9, s2, 27
core   0: 3 0x80005b32 (0x41b95c93) x25 0xffffffff
core   0: 0x80005b36 (0x00001dfd) c.addi  s11, -1
core   0: 3 0x80005b36 (0x1dfd) x27 0xffffffff
core   0: 0x80005b38 (0x02f6c437) lui     s0, 0x2f6c
core   0: 3 0x80005b38 (0x02f6c437) x8  0x02f6c000
core   0: 0x80005b3c (0x0000c005) c.beqz  s0, pc + 32
core   0: 3 0x80005b3c (0xc005)
core   0: 0x80005b3e (0x40b5da93) srai    s5, a1, 11
core   0: 3 0x80005b3e (0x40b5da93) x21 0x00000000
core   0: 0x80005b42 (0x00000792) c.slli  a5, 4
core   0: 3 0x80005b42 (0x0792) x15 0x0e4062f0
core   0: 0x80005b44 (0x02f992b3) mulh    t0, s3, a5
core   0: 3 0x80005b44 (0x02f992b3) x5  0xfffff8df
core   0: 0x80005b48 (0x00009362) c.add   t1, s8
core   0: 3 0x80005b48 (0x9362) x6  0x80028ea3
core   0: 0x80005b4a (0x00ec0263) beq     s8, a4, pc + 4
core   0: 3 0x80005b4a (0x00ec0263)
core   0: 0x80005b4e (0x3f533e13) sltiu   t3, t1, 1013
core   0: 3 0x80005b4e (0x3f533e13) x28 0x00000000
core   0: 0x80005b52 (0x0090f733) and     a4, ra, s1
core   0: 3 0x80005b52 (0x0090f733) x14 0x0000040e
core   0: 0x80005b56 (0x031d5763) bge     s10, a7, pc + 46
core   0: 3 0x80005b56 (0x031d5763)
core   0: 0x80005b84 (0x00d26d63) bltu    tp, a3, pc + 26
core   0: 3 0x80005b84 (0x00d26d63)
core   0: 0x80005b9e (0x024931b3) mulhu   gp, s2, tp
core   0: 3 0x80005b9e (0x024931b3) x3  0x00000000
core   0: 0x80005ba2 (0x00e13ab3) sltu    s5, sp, a4
core   0: 3 0x80005ba2 (0x00e13ab3) x21 0x00000000
core   0: 0x80005ba6 (0x00008e65) c.and   a2, s1
core   0: 3 0x80005ba6 (0x8e65) x12 0x00000000
core   0: 0x80005ba8 (0x007bc633) xor     a2, s7, t2
core   0: 3 0x80005ba8 (0x007bc633) x12 0xffffcfff
core   0: 0x80005bac (0x012c1093) slli    ra, s8, 18
core   0: 3 0x80005bac (0x012c1093) x1  0x7a900000
core   0: 0x80005bb0 (0xf7108b93) addi    s7, ra, -143
core   0: 3 0x80005bb0 (0xf7108b93) x23 0x7a8fff71
core   0: 0x80005bb4 (0x00525763) bge     tp, t0, pc + 14
core   0: 3 0x80005bb4 (0x00525763)
core   0: 0x80005bc2 (0x010e6f33) or      t5, t3, a6
core   0: 3 0x80005bc2 (0x010e6f33) x30 0x678e0000
core   0: 0x80005bc6 (0x0000717d) c.addi16sp sp, -16
core   0: 3 0x80005bc6 (0x717d) x2  0x30e4013f
core   0: 0x80005bc8 (0x5e332793) slti    a5, t1, 1507
core   0: 3 0x80005bc8 (0x5e332793) x15 0x00000001
core   0: 0x80005bcc (0x176a9a97) auipc   s5, 0x176a9
core   0: 3 0x80005bcc (0x176a9a97) x21 0x976aebcc
core   0: 0x80005bd0 (0x000085e2) c.mv    a1, s8
core   0: 3 0x80005bd0 (0x85e2) x11 0x80025ea4
core   0: 0x80005bd2 (0x01f7f6b3) and     a3, a5, t6
core   0: 3 0x80005bd2 (0x01f7f6b3) x13 0x00000000
core   0: 0x80005bd6 (0x0000871a) c.mv    a4, t1
core   0: 3 0x80005bd6 (0x871a) x14 0x80028ea3
core   0: 0x80005bd8 (0x00001bfd) c.addi  s7, -1
core   0: 3 0x80005bd8 (0x1bfd) x23 0x7a8fff70
core   0: 0x80005bda (0x0267bd33) mulhu   s10, a5, t1
core   0: 3 0x80005bda (0x0267bd33) x26 0x00000000
core   0: 0x80005bde (0x005a5913) srli    s2, s4, 5
core   0: 3 0x80005bde (0x005a5913) x18 0x00000000
core   0: 0x80005be2 (0x030d1633) mulh    a2, s10, a6
core   0: 3 0x80005be2 (0x030d1633) x12 0x00000000
core   0: 0x80005be6 (0x0178e833) or      a6, a7, s7
core   0: 3 0x80005be6 (0x0178e833) x16 0x7a8fff70
core   0: 0x80005bea (0xc3222393) slti    t2, tp, -974
core   0: 3 0x80005bea (0xc3222393) x7  0x00000000
core   0: 0x80005bee (0x0000836e) c.mv    t1, s11
core   0: 3 0x80005bee (0x836e) x6  0xffffffff
core   0: 0x80005bf0 (0x3ccaaa13) slti    s4, s5, 972
core   0: 3 0x80005bf0 (0x3ccaaa13) x20 0x00000001
core   0: 0x80005bf4 (0x00008dd5) c.or    a1, a3
core   0: 3 0x80005bf4 (0x8dd5) x11 0x80025ea4
core   0: 0x80005bf6 (0x013ff933) and     s2, t6, s3
core   0: 3 0x80005bf6 (0x013ff933) x18 0x80028000
core   0: 0x80005bfa (0x000080e1) c.srli  s1, 24
core   0: 3 0x80005bfa (0x80e1) x9  0x00000030
core   0: 0x80005bfc (0x03344bb3) div     s7, s0, s3
core   0: 3 0x80005bfc (0x03344bb3) x23 0xfffffa13
core   0: 0x80005c00 (0x02ffabb3) mulhsu  s7, t6, a5
core   0: 3 0x80005c00 (0x02ffabb3) x23 0xffffffff
core   0: 0x80005c04 (0x00117f63) bgeu    sp, ra, pc + 30
core   0: 3 0x80005c04 (0x00117f63)
core   0: 0x80005c08 (0x00000b56) c.slli  s6, 21
core   0: 3 0x80005c08 (0x0b56) x22 0xffe00000
core   0: 0x80005c0a (0x00008f15) c.sub   a4, a3
core   0: 3 0x80005c0a (0x8f15) x14 0x80028ea3
core   0: 0x80005c0c (0x034e42b3) div     t0, t3, s4
core   0: 3 0x80005c0c (0x034e42b3) x5  0x00000000
core   0: 0x80005c10 (0x00000001) c.nop
core   0: 3 0x80005c10 (0x0001)
core   0: 0x80005c12 (0x011377b3) and     a5, t1, a7
core   0: 3 0x80005c12 (0x011377b3) x15 0x00000000
core   0: 0x80005c16 (0xb1710a93) addi    s5, sp, -1257
core   0: 3 0x80005c16 (0xb1710a93) x21 0x30e3fc56
core   0: 0x80005c1a (0x00000332) c.slli  t1, 12
core   0: 3 0x80005c1a (0x0332) x6  0xfffff000
core   0: 0x80005c1c (0x00008ef5) c.and   a3, a3
core   0: 3 0x80005c1c (0x8ef5) x13 0x00000000
core   0: 0x80005c1e (0xae3b3a97) auipc   s5, 0xae3b3
core   0: 3 0x80005c1e (0xae3b3a97) x21 0x2e3b8c1e
core   0: 0x80005c22 (0x026f5db3) divu    s11, t5, t1
core   0: 3 0x80005c22 (0x026f5db3) x27 0x00000000
core   0: 0x80005c26 (0x00008e49) c.or    a2, a0
core   0: 3 0x80005c26 (0x8e49) x12 0x30e4040f
core   0: 0x80005c28 (0x0358eb33) rem     s6, a7, s5
core   0: 3 0x80005c28 (0x0358eb33) x22 0x00000000
core   0: 0x80005c2c (0x03b41563) bne     s0, s11, pc + 42
core   0: 3 0x80005c2c (0x03b41563)
core   0: 0x80005c56 (0x017a5b63) bge     s4, s7, pc + 22
core   0: 3 0x80005c56 (0x017a5b63)
core   0: 0x80005c6c (0x0159f463) bgeu    s3, s5, pc + 8
core   0: 3 0x80005c6c (0x0159f463)
core   0: 0x80005c74 (0xd9b316b7) lui     a3, 0xd9b31
core   0: 3 0x80005c74 (0xd9b316b7) x13 0xd9b31000
core   0: 0x80005c78 (0x03464a33) div     s4, a2, s4
core   0: 3 0x80005c78 (0x03464a33) x20 0x30e4040f
core   0: 0x80005c7c (0x017417b3) sll     a5, s0, s7
core   0: 3 0x80005c7c (0x017417b3) x15 0x00000000
core   0: 0x80005c80 (0x03fcd4b3) divu    s1, s9, t6
core   0: 3 0x80005c80 (0x03fcd4b3) x9  0x00000001
core   0: 0x80005c84 (0x006a3e33) sltu    t3, s4, t1
core   0: 3 0x80005c84 (0x006a3e33) x28 0x00000001
core   0: 0x80005c88 (0x2f073d13) sltiu   s10, a4, 752
core   0: 3 0x80005c88 (0x2f073d13) x26 0x00000000
core   0: 0x80005c8c (0x00b060b3) or      ra, zero, a1
core   0: 3 0x80005c8c (0x00b060b3) x1  0x80025ea4
core   0: 0x80005c90 (0x00cd8963) beq     s11, a2, pc + 18
core   0: 3 0x80005c90 (0x00cd8963)
core   0: 0x80005c94 (0x0000ea89) c.bnez  a3, pc + 18
core   0: 3 0x80005c94 (0xea89)
core   0: 0x80005ca6 (0x0090e763) bltu    ra, s1, pc + 14
core   0: 3 0x80005ca6 (0x0090e763)
core   0: 0x80005caa (0x02824cb3) div     s9, tp, s0
core   0: 3 0x80005caa (0x02824cb3) x25 0x00000000
core   0: 0x80005cae (0x00008ecd) c.or    a3, a1
core   0: 3 0x80005cae (0x8ecd) x13 0xd9b35ea4
core   0: 0x80005cb0 (0x03881863) bne     a6, s8, pc + 48
core   0: 3 0x80005cb0 (0x03881863)
core   0: 0x80005ce0 (0x01990763) beq     s2, s9, pc + 14
core   0: 3 0x80005ce0 (0x01990763)
core   0: 0x80005ce4 (0x000085d9) c.srai  a1, 22
core   0: 3 0x80005ce4 (0x85d9) x11 0xfffffe00
core   0: 0x80005ce6 (0x03a8d163) bge     a7, s10, pc + 34
core   0: 3 0x80005ce6 (0x03a8d163)
core   0: 0x80005d08 (0x002d05b3) add     a1, s10, sp
core   0: 3 0x80005d08 (0x002d05b3) x11 0x30e4013f
core   0: 0x80005d0c (0x03bc9833) mulh    a6, s9, s11
core   0: 3 0x80005d0c (0x03bc9833) x16 0x00000000
core   0: 0x80005d10 (0x01097263) bgeu    s2, a6, pc + 4
core   0: 3 0x80005d10 (0x01097263)
core   0: 0x80005d14 (0xfeb1a893) slti    a7, gp, -21
core   0: 3 0x80005d14 (0xfeb1a893) x17 0x00000000
core   0: 0x80005d18 (0x00000001) c.nop
core   0: 3 0x80005d18 (0x0001)
core   0: 0x80005d1a (0x010d5913) srli    s2, s10, 16
core   0: 3 0x80005d1a (0x010d5913) x18 0x00000000
core   0: 0x80005d1e (0x00006125) c.addi16sp sp, 96
core   0: 3 0x80005d1e (0x6125) x2  0x30e4019f
core   0: 0x80005d20 (0x03ad7a33) remu    s4, s10, s10
core   0: 3 0x80005d20 (0x03ad7a33) x20 0x00000000
core   0: 0x80005d24 (0x02f72833) mulhsu  a6, a4, a5
core   0: 3 0x80005d24 (0x02f72833) x16 0x00000000
core   0: 0x80005d28 (0x02ac8ab3) mul     s5, s9, a0
core   0: 3 0x80005d28 (0x02ac8ab3) x21 0x00000000
core   0: 0x80005d2c (0x41f8d4b3) sra     s1, a7, t6
core   0: 3 0x80005d2c (0x41f8d4b3) x9  0x00000000
core   0: 0x80005d30 (0x01437433) and     s0, t1, s4
core   0: 3 0x80005d30 (0x01437433) x8  0x00000000
core   0: 0x80005d34 (0xf9e39b37) lui     s6, 0xf9e39
core   0: 3 0x80005d34 (0xf9e39b37) x22 0xf9e39000
core   0: 0x80005d38 (0x0000024e) c.slli  tp, 19
core   0: 3 0x80005d38 (0x024e) x4  0x00000000
core   0: 0x80005d3a (0x00009216) c.add   tp, t0
core   0: 3 0x80005d3a (0x9216) x4  0x00000000
core   0: 0x80005d3c (0x00008c69) c.and   s0, a0
core   0: 3 0x80005d3c (0x8c69) x8  0x00000000
core   0: 0x80005d3e (0x01ac66b3) or      a3, s8, s10
core   0: 3 0x80005d3e (0x01ac66b3) x13 0x80025ea4
core   0: 0x80005d42 (0x0154f533) and     a0, s1, s5
core   0: 3 0x80005d42 (0x0154f533) x10 0x00000000
core   0: 0x80005d46 (0x00008d79) c.and   a0, a4
core   0: 3 0x80005d46 (0x8d79) x10 0x00000000
core   0: 0x80005d48 (0x2f09ca13) xori    s4, s3, 752
core   0: 3 0x80005d48 (0x2f09ca13) x20 0xffff82f0
core   0: 0x80005d4c (0x0000048e) c.slli  s1, 3
core   0: 3 0x80005d4c (0x048e) x9  0x00000000
core   0: 0x80005d4e (0x008c1f13) slli    t5, s8, 8
core   0: 3 0x80005d4e (0x008c1f13) x30 0x025ea400
core   0: 0x80005d52 (0x0165d733) srl     a4, a1, s6
core   0: 3 0x80005d52 (0x0165d733) x14 0x30e4013f
core   0: 0x80005d56 (0x8dcfc413) xori    s0, t6, -1828
core   0: 3 0x80005d56 (0x8dcfc413) x8  0x7ffd65f8
core   0: 0x80005d5a (0x00008fed) c.and   a5, a1
core   0: 3 0x80005d5a (0x8fed) x15 0x00000000
core   0: 0x80005d5c (0x00008d1d) c.sub   a0, a5
core   0: 3 0x80005d5c (0x8d1d) x10 0x00000000
core   0: 0x80005d5e (0x01e3b9b3) sltu    s3, t2, t5
core   0: 3 0x80005d5e (0x01e3b9b3) x19 0x00000001
core   0: 0x80005d62 (0x00a3fa63) bgeu    t2, a0, pc + 20
core   0: 3 0x80005d62 (0x00a3fa63)
core   0: 0x80005d76 (0x00008f45) c.or    a4, s1
core   0: 3 0x80005d76 (0x8f45) x14 0x30e4013f
core   0: 0x80005d78 (0x03018433) mul     s0, gp, a6
core   0: 3 0x80005d78 (0x03018433) x8  0x00000000
core   0: 0x80005d7c (0x0344d963) bge     s1, s4, pc + 50
core   0: 3 0x80005d7c (0x0344d963)
core   0: 0x80005dae (0x00008319) c.srli  a4, 6
core   0: 3 0x80005dae (0x8319) x14 0x00c39004
core   0: 0x80005db0 (0x00008d85) c.sub   a1, s1
core   0: 3 0x80005db0 (0x8d85) x11 0x30e4013f
core   0: 0x80005db2 (0x00008ccd) c.or    s1, a1
core   0: 3 0x80005db2 (0x8ccd) x9  0x30e4013f
core   0: 0x80005db4 (0x2d6c7293) andi    t0, s8, 726
core   0: 3 0x80005db4 (0x2d6c7293) x5  0x00000284
core   0: 0x80005db8 (0x00d9fdb3) and     s11, s3, a3
core   0: 3 0x80005db8 (0x00d9fdb3) x27 0x00000000
core   0: 0x80005dbc (0x73207993) andi    s3, zero, 1842
core   0: 3 0x80005dbc (0x73207993) x19 0x00000000
core   0: 0x80005dc0 (0x0021bb33) sltu    s6, gp, sp
core   0: 3 0x80005dc0 (0x0021bb33) x22 0x00000001
core   0: 0x80005dc4 (0x00008fad) c.xor   a5, a1
core   0: 3 0x80005dc4 (0x8fad) x15 0x30e4013f
core   0: 0x80005dc6 (0x00008599) c.srai  a1, 6
core   0: 3 0x80005dc6 (0x8599) x11 0x00c39004
core   0: 0x80005dc8 (0x012cddb3) srl     s11, s9, s2
core   0: 3 0x80005dc8 (0x012cddb3) x27 0x00000000
core   0: 0x80005dcc (0x01a4b233) sltu    tp, s1, s10
core   0: 3 0x80005dcc (0x01a4b233) x4  0x00000000
core   0: 0x80005dd0 (0x02feda63) bge     t4, a5, pc + 52
core   0: 3 0x80005dd0 (0x02feda63)
core   0: 0x80005dd4 (0x03e43233) mulhu   tp, s0, t5
core   0: 3 0x80005dd4 (0x03e43233) x4  0x00000000
core   0: 0x80005dd8 (0x00006add) c.lui   s5, 0x17
core   0: 3 0x80005dd8 (0x6add) x21 0x00017000
core   0: 0x80005dda (0x03fe5163) bge     t3, t6, pc + 34
core   0: 3 0x80005dda (0x03fe5163)
core   0: 0x80005dfc (0x00001e7d) c.addi  t3, -1
core   0: 3 0x80005dfc (0x1e7d) x28 0x00000000
core   0: 0x80005dfe (0x00000001) c.nop
core   0: 3 0x80005dfe (0x0001)
core   0: 0x80005e00 (0x00005dfd) c.li    s11, -1
core   0: 3 0x80005e00 (0x5dfd) x27 0xffffffff
core   0: 0x80005e02 (0x00006a3d) c.lui   s4, 0xf
core   0: 3 0x80005e02 (0x6a3d) x20 0x0000f000
core   0: 0x80005e04 (0x0153bd33) sltu    s10, t2, s5
core   0: 3 0x80005e04 (0x0153bd33) x26 0x00000001
core   0: 0x80005e08 (0x0393dcb3) divu    s9, t2, s9
core   0: 3 0x80005e08 (0x0393dcb3) x25 0xffffffff
core   0: 0x80005e0c (0xd8b2d1b7) lui     gp, 0xd8b2d
core   0: 3 0x80005e0c (0xd8b2d1b7) x3  0xd8b2d000
core   0: 0x80005e10 (0x0000c50d) c.beqz  a0, pc + 42
core   0: 3 0x80005e10 (0xc50d)
core   0: 0x80005e3a (0x0000671d) c.lui   a4, 0x7
core   0: 3 0x80005e3a (0x671d) x14 0x00007000
core   0: 0x80005e3c (0x0266e0b3) rem     ra, a3, t1
core   0: 3 0x80005e3c (0x0266e0b3) x1  0xfffffea4
core   0: 0x80005e40 (0xb8c7aa93) slti    s5, a5, -1140
core   0: 3 0x80005e40 (0xb8c7aa93) x21 0x00000000
core   0: 0x80005e44 (0x00e4e533) or      a0, s1, a4
core   0: 3 0x80005e44 (0x00e4e533) x10 0x30e4713f
core   0: 0x80005e48 (0x00006119) c.addi16sp sp, 384
core   0: 3 0x80005e48 (0x6119) x2  0x30e4031f
core   0: 0x80005e4a (0x015780b3) add     ra, a5, s5
core   0: 3 0x80005e4a (0x015780b3) x1  0x30e4013f
core   0: 0x80005e4e (0x4a0f8913) addi    s2, t6, 1184
core   0: 3 0x80005e4e (0x4a0f8913) x18 0x8002a1c4
core   0: 0x80005e52 (0x014308b3) add     a7, t1, s4
core   0: 3 0x80005e52 (0x014308b3) x17 0x0000e000
core   0: 0x80005e56 (0xf195fd93) andi    s11, a1, -231
core   0: 3 0x80005e56 (0xf195fd93) x27 0x00c39000
core   0: 0x80005e5a (0x00eb4763) blt     s6, a4, pc + 14
core   0: 3 0x80005e5a (0x00eb4763)
core   0: 0x80005e68 (0x03c38963) beq     t2, t3, pc + 50
core   0: 3 0x80005e68 (0x03c38963)
core   0: 0x80005e9a (0x03f01333) mulh    t1, zero, t6
core   0: 3 0x80005e9a (0x03f01333) x6  0x00000000
core   0: 0x80005e9e (0x02437363) bgeu    t1, tp, pc + 38
core   0: 3 0x80005e9e (0x02437363)
core   0: 0x80005ec4 (0x028105b3) mul     a1, sp, s0
core   0: 3 0x80005ec4 (0x028105b3) x11 0x00000000
core   0: 0x80005ec8 (0x00000be5) c.addi  s7, 25
core   0: 3 0x80005ec8 (0x0be5) x23 0x00000018
core   0: 0x80005eca (0x000061d1) c.lui   gp, 0x14
core   0: 3 0x80005eca (0x61d1) x3  0x00014000
core   0: 0x80005ecc (0x01289513) slli    a0, a7, 18
core   0: 3 0x80005ecc (0x01289513) x10 0x80000000
core   0: 0x80005ed0 (0xb1c92493) slti    s1, s2, -1252
core   0: 3 0x80005ed0 (0xb1c92493) x9  0x00000001
core   0: 0x80005ed4 (0x00519133) sll     sp, gp, t0
core   0: 3 0x80005ed4 (0x00519133) x2  0x00140000
core   0: 0x80005ed8 (0x000069f9) c.lui   s3, 0x1e
core   0: 3 0x80005ed8 (0x69f9) x19 0x0001e000
core   0: 0x80005eda (0x71bdeb93) ori     s7, s11, 1819
core   0: 3 0x80005eda (0x71bdeb93) x23 0x00c3971b
core   0: 0x80005ede (0x01438cb3) add     s9, t2, s4
core   0: 3 0x80005ede (0x01438cb3) x25 0x0000f000
core   0: 0x80005ee2 (0x00845e13) srli    t3, s0, 8
core   0: 3 0x80005ee2 (0x00845e13) x28 0x00000000
core   0: 0x80005ee6 (0x037d9833) mulh    a6, s11, s7
core   0: 3 0x80005ee6 (0x037d9833) x16 0x0000956a
core   0: 0x80005eea (0x0000717d) c.addi16sp sp, -16
core   0: 3 0x80005eea (0x717d) x2  0x0013fff0
core   0: 0x80005eec (0x0000083e) c.slli  a6, 15
core   0: 3 0x80005eec (0x083e) x16 0x4ab50000
core   0: 0x80005eee (0x000080b9) c.srli  s1, 14
core   0: 3 0x80005eee (0x80b9) x9  0x00000000
core   0: 0x80005ef0 (0x0000e29d) c.bnez  a3, pc + 38
core   0: 3 0x80005ef0 (0xe29d)
core   0: 0x80005f16 (0x6eb68997) auipc   s3, 0x6eb68
core   0: 3 0x80005f16 (0x6eb68997) x19 0xeeb6df16
core   0: 0x80005f1a (0x0195e863) bltu    a1, s9, pc + 16
core   0: 3 0x80005f1a (0x0195e863)
core   0: 0x80005f2a (0x000016fd) c.addi  a3, -1
core   0: 3 0x80005f2a (0x16fd) x13 0x80025ea3
core   0: 0x80005f2c (0x405ad033) sra     zero, s5, t0
core   0: 3 0x80005f2c (0x405ad033)
core   0: 0x80005f30 (0x05dbe163) bltu    s7, t4, pc + 66
core   0: 3 0x80005f30 (0x05dbe163)
core   0: 0x80005f34 (0x0000e489) c.bnez  s1, pc + 10
core   0: 3 0x80005f34 (0xe489)
core   0: 0x80005f36 (0x41bed4b3) sra     s1, t4, s11
core   0: 3 0x80005f36 (0x41bed4b3) x9  0x00000008
core   0: 0x80005f3a (0x00008e26) c.mv    t3, s1
core   0: 3 0x80005f3a (0x8e26) x28 0x00000008
core   0: 0x80005f3c (0x00008595) c.srai  a1, 5
core   0: 3 0x80005f3c (0x8595) x11 0x00000000
core   0: 0x80005f3e (0x00008031) c.srli  s0, 12
core   0: 3 0x80005f3e (0x8031) x8  0x00000000
core   0: 0x80005f40 (0x7e580b93) addi    s7, a6, 2021
core   0: 3 0x80005f40 (0x7e580b93) x23 0x4ab507e5
core   0: 0x80005f44 (0x01de62b3) or      t0, t3, t4
core   0: 3 0x80005f44 (0x01de62b3) x5  0x00000008
core   0: 0x80005f48 (0x03714d33) div     s10, sp, s7
core   0: 3 0x80005f48 (0x03714d33) x26 0x00000000
core   0: 0x80005f4c (0x00e081b3) add     gp, ra, a4
core   0: 3 0x80005f4c (0x00e081b3) x3  0x30e4713f
core   0: 0x80005f50 (0x03831233) mulh    tp, t1, s8
core   0: 3 0x80005f50 (0x03831233) x4  0x00000000
core   0: 0x80005f54 (0x00e89263) bne     a7, a4, pc + 4
core   0: 3 0x80005f54 (0x00e89263)
core   0: 0x80005f58 (0x0364d363) bge     s1, s6, pc + 38
core   0: 3 0x80005f58 (0x0364d363)
core   0: 0x80005f7e (0x0075f9b3) and     s3, a1, t2
core   0: 3 0x80005f7e (0x0075f9b3) x19 0x00000000
core   0: 0x80005f82 (0x02ec4f33) div     t5, s8, a4
core   0: 3 0x80005f82 (0x02ec4f33) x30 0xfffedb74
core   0: 0x80005f86 (0x00008bf6) c.mv    s7, t4
core   0: 3 0x80005f86 (0x8bf6) x23 0x00000008
core   0: 0x80005f88 (0x01476e33) or      t3, a4, s4
core   0: 3 0x80005f88 (0x01476e33) x28 0x0000f000
core   0: 0x80005f8c (0x00000001) c.nop
core   0: 3 0x80005f8c (0x0001)
core   0: 0x80005f8e (0x00a8dd33) srl     s10, a7, a0
core   0: 3 0x80005f8e (0x00a8dd33) x26 0x0000e000
core   0: 0x80005f92 (0x024cc063) blt     s9, tp, pc + 32
core   0: 3 0x80005f92 (0x024cc063)
core   0: 0x80005f96 (0x40650e33) sub     t3, a0, t1
core   0: 3 0x80005f96 (0x40650e33) x28 0x80000000
core   0: 0x80005f9a (0x6b18c913) xori    s2, a7, 1713
core   0: 3 0x80005f9a (0x6b18c913) x18 0x0000e6b1
core   0: 0x80005f9e (0x00008f71) c.and   a4, a2
core   0: 3 0x80005f9e (0x8f71) x14 0x00000000
core   0: 0x80005fa0 (0x000001ba) c.slli  gp, 14
core   0: 3 0x80005fa0 (0x01ba) x3  0x1c4fc000
core   0: 0x80005fa2 (0x41925313) srai    t1, tp, 25
core   0: 3 0x80005fa2 (0x41925313) x6  0x00000000
core   0: 0x80005fa6 (0x864c7193) andi    gp, s8, -1948
core   0: 3 0x80005fa6 (0x864c7193) x3  0x80025824
core   0: 0x80005faa (0x0024e863) bltu    s1, sp, pc + 16
core   0: 3 0x80005faa (0x0024e863)
core   0: 0x80005fba (0x017d1433) sll     s0, s10, s7
core   0: 3 0x80005fba (0x017d1433) x8  0x00e00000
core   0: 0x80005fbe (0x01dda3b3) slt     t2, s11, t4
core   0: 3 0x80005fbe (0x01dda3b3) x7  0x00000000
core   0: 0x80005fc2 (0x019dd763) bge     s11, s9, pc + 14
core   0: 3 0x80005fc2 (0x019dd763)
core   0: 0x80005fd0 (0x0000c13d) c.beqz  a0, pc + 102
core   0: 3 0x80005fd0 (0xc13d)
core   0: 0x80005fd2 (0x01175213) srli    tp, a4, 17
core   0: 3 0x80005fd2 (0x01175213) x4  0x00000000
core   0: 0x80005fd6 (0x01afda63) bge     t6, s10, pc + 20
core   0: 3 0x80005fd6 (0x01afda63)
core   0: 0x80005fda (0x0121bdb3) sltu    s11, gp, s2
core   0: 3 0x80005fda (0x0121bdb3) x27 0x00000000
core   0: 0x80005fde (0x02836bb3) rem     s7, t1, s0
core   0: 3 0x80005fde (0x02836bb3) x23 0x00000000
core   0: 0x80005fe2 (0x01720ab3) add     s5, tp, s7
core   0: 3 0x80005fe2 (0x01720ab3) x21 0x00000000
core   0: 0x80005fe6 (0x05a5f563) bgeu    a1, s10, pc + 74
core   0: 3 0x80005fe6 (0x05a5f563)
core   0: 0x80005fea (0x00099c93) slli    s9, s3, 0
core   0: 3 0x80005fea (0x00099c93) x25 0x00000000
core   0: 0x80005fee (0x95ad3a93) sltiu   s5, s10, -1702
core   0: 3 0x80005fee (0x95ad3a93) x21 0x00000001
core   0: 0x80005ff2 (0x00008c19) c.sub   s0, a4
core   0: 3 0x80005ff2 (0x8c19) x8  0x00e00000
core   0: 0x80005ff4 (0x05070a63) beq     a4, a6, pc + 84
core   0: 3 0x80005ff4 (0x05070a63)
core   0: 0x80005ff8 (0x0291fe33) remu    t3, gp, s1
core   0: 3 0x80005ff8 (0x0291fe33) x28 0x00000004
core   0: 0x80005ffc (0x01c000ef) jal     pc + 0x1c
core   0: 3 0x80005ffc (0x01c000ef) x1  0x80006000
core   0: 0x80006018 (0x0000bfcd) c.j     pc - 14
core   0: 3 0x80006018 (0xbfcd)
core   0: 0x8000600a (0x0000a009) c.j     pc + 2
core   0: 3 0x8000600a (0xa009)
core   0: 0x8000600c (0x0000a809) c.j     pc + 18
core   0: 3 0x8000600c (0xa809)
core   0: 0x8000601e (0x0000a011) c.j     pc + 4
core   0: 3 0x8000601e (0xa011)
core   0: 0x80006022 (0xfe1ff36f) jal     t1, pc - 0x20
core   0: 3 0x80006022 (0xfe1ff36f) x6  0x80006026
core   0: 0x80006002 (0x0000a019) c.j     pc + 6
core   0: 3 0x80006002 (0xa019)
core   0: 0x80006008 (0x0000bff5) c.j     pc - 4
core   0: 3 0x80006008 (0xbff5)
core   0: 0x80006004 (0x00e0076f) jal     a4, pc + 0xe
core   0: 3 0x80006004 (0x00e0076f) x14 0x80006008
core   0: 0x80006012 (0x00003ffd) c.jal   pc - 2
core   0: 3 0x80006012 (0x3ffd) x1  0x80006014
core   0: 0x80006010 (0x00002029) c.jal   pc + 10
core   0: 3 0x80006010 (0x2029) x1  0x80006012
core   0: 0x8000601a (0x0000a031) c.j     pc + 12
core   0: 3 0x8000601a (0xa031)
core   0: 0x80006026 (0x0000b7fd) c.j     pc - 18
core   0: 3 0x80006026 (0xb7fd)
core   0: 0x80006014 (0x008000ef) jal     pc + 0x8
core   0: 3 0x80006014 (0x008000ef) x1  0x80006018
core   0: 0x8000601c (0x00002011) c.jal   pc + 4
core   0: 3 0x8000601c (0x2011) x1  0x8000601e
core   0: 0x80006020 (0x000037fd) c.jal   pc - 18
core   0: 3 0x80006020 (0x37fd) x1  0x80006022
core   0: 0x8000600e (0x0000a829) c.j     pc + 26
core   0: 3 0x8000600e (0xa829)
core   0: 0x80006028 (0x00003fe1) c.jal   pc - 40
core   0: 3 0x80006028 (0x3fe1) x1  0x8000602a
core   0: 0x80006000 (0x0000a02d) c.j     pc + 42
core   0: 3 0x80006000 (0xa02d)
core   0: 0x8000602a (0x039786b3) mul     a3, a5, s9
core   0: 3 0x8000602a (0x039786b3) x13 0x00000000
core   0: 0x8000602e (0x0000849e) c.mv    s1, t2
core   0: 3 0x8000602e (0x849e) x9  0x00000000
core   0: 0x80006030 (0x00001bfd) c.addi  s7, -1
core   0: 3 0x80006030 (0x1bfd) x23 0xffffffff
core   0: 0x80006032 (0x038ed163) bge     t4, s8, pc + 34
core   0: 3 0x80006032 (0x038ed163)
core   0: 0x80006054 (0x0003eab3) or      s5, t2, zero
core   0: 3 0x80006054 (0x0003eab3) x21 0x00000000
core   0: 0x80006058 (0x0379cbb3) div     s7, s3, s7
core   0: 3 0x80006058 (0x0379cbb3) x23 0x00000000
core   0: 0x8000605c (0x030cd4b3) divu    s1, s9, a6
core   0: 3 0x8000605c (0x030cd4b3) x9  0x00000000
core   0: 0x80006060 (0x01cc7a63) bgeu    s8, t3, pc + 20
core   0: 3 0x80006060 (0x01cc7a63)
core   0: 0x80006074 (0x02faa9b3) mulhsu  s3, s5, a5
core   0: 3 0x80006074 (0x02faa9b3) x19 0x00000000
core   0: 0x80006078 (0x245abb93) sltiu   s7, s5, 581
core   0: 3 0x80006078 (0x245abb93) x23 0x00000001
core   0: 0x8000607c (0x02d99a63) bne     s3, a3, pc + 52
core   0: 3 0x8000607c (0x02d99a63)
core   0: 0x80006080 (0x0340a033) mulhsu  zero, ra, s4
core   0: 3 0x80006080 (0x0340a033)
core   0: 0x80006084 (0x00000001) c.nop
core   0: 3 0x80006084 (0x0001)
core   0: 0x80006086 (0x413e0233) sub     tp, t3, s3
core   0: 3 0x80006086 (0x413e0233) x4  0x00000004
core   0: 0x8000608a (0x007ed563) bge     t4, t2, pc + 10
core   0: 3 0x8000608a (0x007ed563)
core   0: 0x80006094 (0x00009b7d) c.andi  a4, -1
core   0: 3 0x80006094 (0x9b7d) x14 0x80006008
core   0: 0x80006096 (0x00d07733) and     a4, zero, a3
core   0: 3 0x80006096 (0x00d07733) x14 0x00000000
core   0: 0x8000609a (0x00d28ab3) add     s5, t0, a3
core   0: 3 0x8000609a (0x00d28ab3) x21 0x00000008
core   0: 0x8000609e (0x01f996b3) sll     a3, s3, t6
core   0: 3 0x8000609e (0x01f996b3) x13 0x00000000
core   0: 0x800060a2 (0x024dbb33) mulhu   s6, s11, tp
core   0: 3 0x800060a2 (0x024dbb33) x22 0x00000000
core   0: 0x800060a6 (0x02c2cbb3) div     s7, t0, a2
core   0: 3 0x800060a6 (0x02c2cbb3) x23 0x00000000
core   0: 0x800060aa (0x01878f33) add     t5, a5, s8
core   0: 3 0x800060aa (0x01878f33) x30 0xb0e65fe3
core   0: 0x800060ae (0x00006f79) c.lui   t5, 0x1e
core   0: 3 0x800060ae (0x6f79) x30 0x0001e000
core   0: 0x800060b0 (0x00009672) c.add   a2, t3
core   0: 3 0x800060b0 (0x9672) x12 0x30e40413
core   0: 0x800060b2 (0x003f7d63) bgeu    t5, gp, pc + 26
core   0: 3 0x800060b2 (0x003f7d63)
core   0: 0x800060b6 (0x00008c9d) c.sub   s1, a5
core   0: 3 0x800060b6 (0x8c9d) x9  0xcf1bfec1
core   0: 0x800060b8 (0xfdf5fa13) andi    s4, a1, -33
core   0: 3 0x800060b8 (0xfdf5fa13) x20 0x00000000
core   0: 0x800060bc (0x00008d19) c.sub   a0, a4
core   0: 3 0x800060bc (0x8d19) x10 0x80000000
core   0: 0x800060be (0x0cbbcb93) xori    s7, s7, 203
core   0: 3 0x800060be (0x0cbbcb93) x23 0x000000cb
core   0: 0x800060c2 (0x031fbcb3) mulhu   s9, t6, a7
core   0: 3 0x800060c2 (0x031fbcb3) x25 0x00007002
core   0: 0x800060c6 (0x00008c11) c.sub   s0, a2
core   0: 3 0x800060c6 (0x8c11) x8  0xcffbfbed
core   0: 0x800060c8 (0x64dd7d93) andi    s11, s10, 1613
core   0: 3 0x800060c8 (0x64dd7d93) x27 0x00000000
core   0: 0x800060cc (0x00287b63) bgeu    a6, sp, pc + 22
core   0: 3 0x800060cc (0x00287b63)
core   0: 0x800060e2 (0x01565993) srli    s3, a2, 21
core   0: 3 0x800060e2 (0x01565993) x19 0x00000187
core   0: 0x800060e6 (0x01d04363) blt     zero, t4, pc + 6
core   0: 3 0x800060e6 (0x01d04363)
core   0: 0x800060ec (0x00008ebd) c.xor   a3, a5
core   0: 3 0x800060ec (0x8ebd) x13 0x30e4013f
core   0: 0x800060ee (0x00008f29) c.xor   a4, a0
core   0: 3 0x800060ee (0x8f29) x14 0x80000000
core   0: 0x800060f0 (0x03e6d3b3) divu    t2, a3, t5
core   0: 3 0x800060f0 (0x03e6d3b3) x7  0x00001a13
core   0: 0x800060f4 (0x0000717d) c.addi16sp sp, -16
core   0: 3 0x800060f4 (0x717d) x2  0x0013ffe0
core   0: 0x800060f6 (0x414602b3) sub     t0, a2, s4
core   0: 3 0x800060f6 (0x414602b3) x5  0x30e40413
core   0: 0x800060fa (0x000083aa) c.mv    t2, a0
core   0: 3 0x800060fa (0x83aa) x7  0x80000000
core   0: 0x800060fc (0x00ecbb33) sltu    s6, s9, a4
core   0: 3 0x800060fc (0x00ecbb33) x22 0x00000001
core   0: 0x80006100 (0x6e57c593) xori    a1, a5, 1765
core   0: 3 0x80006100 (0x6e57c593) x11 0x30e407da
core   0: 0x80006104 (0x01750963) beq     a0, s7, pc + 18
core   0: 3 0x80006104 (0x01750963)
core   0: 0x80006108 (0x00004cc5) c.li    s9, 17
core   0: 3 0x80006108 (0x4cc5) x25 0x00000011
core   0: 0x8000610a (0x0234c9b3) div     s3, s1, gp
core   0: 3 0x8000610a (0x0234c9b3) x19 0x00000000
core   0: 0x8000610e (0x01444f33) xor     t5, s0, s4
core   0: 3 0x8000610e (0x01444f33) x30 0xcffbfbed
core   0: 0x80006112 (0x40a080b3) sub     ra, ra, a0
core   0: 3 0x80006112 (0x40a080b3) x1  0x0000602a
core   0: 0x80006116 (0x00008a55) c.andi  a2, 21
core   0: 3 0x80006116 (0x8a55) x12 0x00000011
core   0: 0x80006118 (0x0000c789) c.beqz  a5, pc + 10
core   0: 3 0x80006118 (0xc789)
core   0: 0x8000611a (0x00000e12) c.slli  t3, 4
core   0: 3 0x8000611a (0x0e12) x28 0x00000040
core   0: 0x8000611c (0x00000001) c.nop
core   0: 3 0x8000611c (0x0001)
core   0: 0x8000611e (0x03d1e2b3) rem     t0, gp, t4
core   0: 3 0x8000611e (0x03d1e2b3) x5  0xfffffffc
core   0: 0x80006122 (0x415a8f33) sub     t5, s5, s5
core   0: 3 0x80006122 (0x415a8f33) x30 0x00000000
core   0: 0x80006126 (0x015176b3) and     a3, sp, s5
core   0: 3 0x80006126 (0x015176b3) x13 0x00000000
core   0: 0x8000612a (0x010af3b3) and     t2, s5, a6
core   0: 3 0x8000612a (0x010af3b3) x7  0x00000000
core   0: 0x8000612e (0x02a3e3b3) rem     t2, t2, a0
core   0: 3 0x8000612e (0x02a3e3b3) x7  0x00000000
core   0: 0x80006132 (0x00008505) c.srai  a0, 1
core   0: 3 0x80006132 (0x8505) x10 0xc0000000
core   0: 0x80006134 (0x02f887b3) mul     a5, a7, a5
core   0: 3 0x80006134 (0x02f887b3) x15 0x81172000
core   0: 0x80006138 (0x4c792a93) slti    s5, s2, 1223
core   0: 3 0x80006138 (0x4c792a93) x21 0x00000000
core   0: 0x8000613c (0x3e7b8913) addi    s2, s7, 999
core   0: 3 0x8000613c (0x3e7b8913) x18 0x000004b2
core   0: 0x80006140 (0x019f0f63) beq     t5, s9, pc + 30
core   0: 3 0x80006140 (0x019f0f63)
core   0: 0x80006144 (0x0000129c) c.addi4spn a5, sp, 352
core   0: 3 0x80006144 (0x129c) x15 0x00140140
core   0: 0x80006146 (0x00a023b3) slt     t2, zero, a0
core   0: 3 0x80006146 (0x00a023b3) x7  0x00000000
core   0: 0x8000614a (0x00008e25) c.xor   a2, s1
core   0: 3 0x8000614a (0x8e25) x12 0xcf1bfed0
core   0: 0x8000614c (0x00000001) c.nop
core   0: 3 0x8000614c (0x0001)
core   0: 0x8000614e (0x4c98b513) sltiu   a0, a7, 1225
core   0: 3 0x8000614e (0x4c98b513) x10 0x00000000
core   0: 0x80006152 (0x68f50313) addi    t1, a0, 1679
core   0: 3 0x80006152 (0x68f50313) x6  0x0000068f
core   0: 0x80006156 (0x00000001) c.nop
core   0: 3 0x80006156 (0x0001)
core   0: 0x80006158 (0x019e67b3) or      a5, t3, s9
core   0: 3 0x80006158 (0x019e67b3) x15 0x00000051
core   0: 0x8000615c (0x00000001) c.nop
core   0: 3 0x8000615c (0x0001)
core   0: 0x8000615e (0x000057fd) c.li    a5, -1
core   0: 3 0x8000615e (0x57fd) x15 0xffffffff
core   0: 0x80006160 (0xdb8c4a37) lui     s4, 0xdb8c4
core   0: 3 0x80006160 (0xdb8c4a37) x20 0xdb8c4000
core   0: 0x80006164 (0x01b4d233) srl     tp, s1, s11
core   0: 3 0x80006164 (0x01b4d233) x4  0xcf1bfec1
core   0: 0x80006168 (0x02f24733) div     a4, tp, a5
core   0: 3 0x80006168 (0x02f24733) x14 0x30e4013f
core   0: 0x8000616c (0x0000ce89) c.beqz  a3, pc + 26
core   0: 3 0x8000616c (0xce89)
core   0: 0x80006186 (0x028c1e33) mulh    t3, s8, s0
core   0: 3 0x80006186 (0x028c1e33) x28 0x18019041
core   0: 0x8000618a (0x00000001) c.nop
core   0: 3 0x8000618a (0x0001)
core   0: 0x8000618c (0x03d45e33) divu    t3, s0, t4
core   0: 3 0x8000618c (0x03d45e33) x28 0x19ff7f7d
core   0: 0x80006190 (0x01036633) or      a2, t1, a6
core   0: 3 0x80006190 (0x01036633) x12 0x4ab5068f
core   0: 0x80006194 (0x000081cd) c.srli  a1, 19
core   0: 3 0x80006194 (0x81cd) x11 0x0000061c
core   0: 0x80006196 (0x022918b3) mulh    a7, s2, sp
core   0: 3 0x80006196 (0x022918b3) x17 0x00000000
core   0: 0x8000619a (0x00006121) c.addi16sp sp, 64
core   0: 3 0x8000619a (0x6121) x2  0x00140020
core   0: 0x8000619c (0x583f4d13) xori    s10, t5, 1411
core   0: 3 0x8000619c (0x583f4d13) x26 0x00000583
core   0: 0x800061a0 (0x00008e01) c.sub   a2, s0
core   0: 3 0x800061a0 (0x8e01) x12 0x7ab90aa2
core   0: 0x800061a2 (0x00001d9c) c.addi4spn a5, sp, 752
core   0: 3 0x800061a2 (0x1d9c) x15 0x00140310
core   0: 0x800061a4 (0x00001cfd) c.addi  s9, -1
core   0: 3 0x800061a4 (0x1cfd) x25 0x00000010
core   0: 0x800061a6 (0x00464a33) xor     s4, a2, tp
core   0: 3 0x800061a6 (0x00464a33) x20 0xb5a2f463
core   0: 0x800061aa (0x00008da9) c.xor   a1, a0
core   0: 3 0x800061aa (0x8da9) x11 0x0000061c
core   0: 0x800061ac (0xac49e213) ori     tp, s3, -1340
core   0: 3 0x800061ac (0xac49e213) x4  0xfffffac4
core   0: 0x800061b0 (0x0000e611) c.bnez  a2, pc + 12
core   0: 3 0x800061b0 (0xe611)
core   0: 0x800061bc (0x03c55563) bge     a0, t3, pc + 42
core   0: 3 0x800061bc (0x03c55563)
core   0: 0x800061c0 (0x03db56b3) divu    a3, s6, t4
core   0: 3 0x800061c0 (0x03db56b3) x13 0x00000000
core   0: 0x800061c4 (0x01a03cb3) snez    s9, s10
core   0: 3 0x800061c4 (0x01a03cb3) x25 0x00000001
core   0: 0x800061c8 (0x00cc3333) sltu    t1, s8, a2
core   0: 3 0x800061c8 (0x00cc3333) x6  0x00000000
core   0: 0x800061cc (0x0000cf99) c.beqz  a5, pc + 30
core   0: 3 0x800061cc (0xcf99)
core   0: 0x800061ce (0x004f5193) srli    gp, t5, 4
core   0: 3 0x800061ce (0x004f5193) x3  0x00000000
core   0: 0x800061d2 (0x00000de2) c.slli  s11, 24
core   0: 3 0x800061d2 (0x0de2) x27 0x00000000
core   0: 0x800061d4 (0x00006131) c.addi16sp sp, 320
core   0: 3 0x800061d4 (0x6131) x2  0x00140160
core   0: 0x800061d6 (0xd7b6b093) sltiu   ra, a3, -645
core   0: 3 0x800061d6 (0xd7b6b093) x1  0x00000001
core   0: 0x800061da (0x00094663) bltz    s2, pc + 12
core   0: 3 0x800061da (0x00094663)
core   0: 0x800061de (0x000087fa) c.mv    a5, t5
core   0: 3 0x800061de (0x87fa) x15 0x00000000
core   0: 0x800061e0 (0x01184b63) blt     a6, a7, pc + 22
core   0: 3 0x800061e0 (0x01184b63)
core   0: 0x800061e4 (0x00009cca) c.add   s9, s2
core   0: 3 0x800061e4 (0x9cca) x25 0x000004b3
core   0: 0x800061e6 (0x002720b3) slt     ra, a4, sp
core   0: 3 0x800061e6 (0x002720b3) x1  0x00000000
core   0: 0x800061ea (0x2e8bc193) xori    gp, s7, 744
core   0: 3 0x800061ea (0x2e8bc193) x3  0x00000223
core   0: 0x800061ee (0x01009493) slli    s1, ra, 16
core   0: 3 0x800061ee (0x01009493) x9  0x00000000
core   0: 0x800061f2 (0x41f60b33) sub     s6, a2, t6
core   0: 3 0x800061f2 (0x41f60b33) x22 0xfab66d7e
core   0: 0x800061f6 (0x01019c63) bne     gp, a6, pc + 24
core   0: 3 0x800061f6 (0x01019c63)
core   0: 0x8000620e (0x00000001) c.nop
core   0: 3 0x8000620e (0x0001)
core   0: 0x80006210 (0x00000e1e) c.slli  t3, 7
core   0: 3 0x80006210 (0x0e1e) x28 0xffbfbe80
core   0: 0x80006212 (0x01e4d033) srl     zero, s1, t5
core   0: 3 0x80006212 (0x01e4d033)
core   0: 0x80006216 (0x0000ec19) c.bnez  s0, pc + 30
core   0: 3 0x80006216 (0xec19)
core   0: 0x80006234 (0x038c8433) mul     s0, s9, s8
core   0: 3 0x80006234 (0x038c8433) x8  0x8b22bcac
core   0: 0x80006238 (0x01291a63) bne     s2, s2, pc + 20
core   0: 3 0x80006238 (0x01291a63)
core   0: 0x8000623c (0x07af4d63) blt     t5, s10, pc + 122
core   0: 3 0x8000623c (0x07af4d63)
core   0: 0x800062b6 (0x6fbee593) ori     a1, t4, 1787
core   0: 3 0x800062b6 (0x6fbee593) x11 0x000006fb
core   0: 0x800062ba (0x01e89c93) slli    s9, a7, 30
core   0: 3 0x800062ba (0x01e89c93) x25 0x00000000
core   0: 0x800062be (0x00008069) c.srli  s0, 26
core   0: 3 0x800062be (0x8069) x8  0x00000022
core   0: 0x800062c0 (0x01e883b3) add     t2, a7, t5
core   0: 3 0x800062c0 (0x01e883b3) x7  0x00000000
core   0: 0x800062c4 (0x01bd9f33) sll     t5, s11, s11
core   0: 3 0x800062c4 (0x01bd9f33) x30 0x00000000
core   0: 0x800062c8 (0x02bb1ab3) mulh    s5, s6, a1
core   0: 3 0x800062c8 (0x02bb1ab3) x21 0xffffffdb
core   0: 0x800062cc (0x41d45133) sra     sp, s0, t4
core   0: 3 0x800062cc (0x41d45133) x2  0x00000000
core   0: 0x800062d0 (0x00008ee5) c.and   a3, s1
core   0: 3 0x800062d0 (0x8ee5) x13 0x00000000
core   0: 0x800062d2 (0x02ffe633) rem     a2, t6, a5
core   0: 3 0x800062d2 (0x02ffe633) x12 0x80029d24
core   0: 0x800062d6 (0x023dce33) div     t3, s11, gp
core   0: 3 0x800062d6 (0x023dce33) x28 0x00000000
core   0: 0x800062da (0x41b7d733) sra     a4, a5, s11
core   0: 3 0x800062da (0x41b7d733) x14 0x00000000
core   0: 0x800062de (0x00008a15) c.andi  a2, 5
core   0: 3 0x800062de (0x8a15) x12 0x00000004
core   0: 0x800062e0 (0x00301263) bne     zero, gp, pc + 4
core   0: 3 0x800062e0 (0x00301263)
core   0: 0x800062e4 (0x00b68e33) add     t3, a3, a1
core   0: 3 0x800062e4 (0x00b68e33) x28 0x000006fb
core   0: 0x800062e8 (0x020d5ab3) divu    s5, s10, zero
core   0: 3 0x800062e8 (0x020d5ab3) x21 0xffffffff
core   0: 0x800062ec (0x00000595) c.addi  a1, 5
core   0: 3 0x800062ec (0x0595) x11 0x00000700
core   0: 0x800062ee (0x000086bd) c.srai  a3, 15
core   0: 3 0x800062ee (0x86bd) x13 0x00000000
core   0: 0x800062f0 (0x03d3e233) rem     tp, t2, t4
core   0: 3 0x800062f0 (0x03d3e233) x4  0x00000000
core   0: 0x800062f4 (0x0166e633) or      a2, a3, s6
core   0: 3 0x800062f4 (0x0166e633) x12 0xfab66d7e
core   0: 0x800062f8 (0x00099333) sll     t1, s3, zero
core   0: 3 0x800062f8 (0x00099333) x6  0x00000000
core   0: 0x800062fc (0x00000910) c.addi4spn a2, sp, 144
core   0: 3 0x800062fc (0x0910) x12 0x00000090
core   0: 0x800062fe (0x00008fc1) c.or    a5, s0
core   0: 3 0x800062fe (0x8fc1) x15 0x00000022
core   0: 0x80006300 (0x00000126) c.slli  sp, 9
core   0: 3 0x80006300 (0x0126) x2  0x00000000
core   0: 0x80006302 (0xc5c715b7) lui     a1, 0xc5c71
core   0: 3 0x80006302 (0xc5c715b7) x11 0xc5c71000
core   0: 0x80006306 (0x00008fc1) c.or    a5, s0
core   0: 3 0x80006306 (0x8fc1) x15 0x00000022
core   0: 0x80006308 (0x000068d9) c.lui   a7, 0x16
core   0: 3 0x80006308 (0x68d9) x17 0x00016000
core   0: 0x8000630a (0x000067ad) c.lui   a5, 0xb
core   0: 3 0x8000630a (0x67ad) x15 0x0000b000
core   0: 0x8000630c (0x0000cc99) c.beqz  s1, pc + 30
core   0: 3 0x8000630c (0xcc99)
core   0: 0x8000632a (0x02f36263) bltu    t1, a5, pc + 36
core   0: 3 0x8000632a (0x02f36263)
core   0: 0x8000634e (0x00000001) c.nop
core   0: 3 0x8000634e (0x0001)
core   0: 0x80006350 (0x01c5d763) bge     a1, t3, pc + 14
core   0: 3 0x80006350 (0x01c5d763)
core   0: 0x80006354 (0x03ad3ab3) mulhu   s5, s10, s10
core   0: 3 0x80006354 (0x03ad3ab3) x21 0x00000000
core   0: 0x80006358 (0x4addad93) slti    s11, s11, 1197
core   0: 3 0x80006358 (0x4addad93) x27 0x00000001
core   0: 0x8000635c (0x00008f95) c.sub   a5, a3
core   0: 3 0x8000635c (0x8f95) x15 0x0000b000
core   0: 0x8000635e (0x02be7d63) bgeu    t3, a1, pc + 58
core   0: 3 0x8000635e (0x02be7d63)
core   0: 0x80006362 (0x80b3c113) xori    sp, t2, -2037
core   0: 3 0x80006362 (0x80b3c113) x2  0xfffff80b
core   0: 0x80006366 (0x000042b5) c.li    t0, 13
core   0: 3 0x80006366 (0x42b5) x5  0x0000000d
core   0: 0x80006368 (0x00008826) c.mv    a6, s1
core   0: 3 0x80006368 (0x8826) x16 0x00000000
core   0: 0x8000636a (0x02a7cb63) blt     a5, a0, pc + 54
core   0: 3 0x8000636a (0x02a7cb63)
core   0: 0x8000636e (0x00000001) c.nop
core   0: 3 0x8000636e (0x0001)
core   0: 0x80006370 (0x0000e61d) c.bnez  a2, pc + 46
core   0: 3 0x80006370 (0xe61d)
core   0: 0x8000639e (0x0000c889) c.beqz  s1, pc + 18
core   0: 3 0x8000639e (0xc889)
core   0: 0x800063b0 (0x00001190) c.addi4spn a2, sp, 224
core   0: 3 0x800063b0 (0x1190) x12 0xfffff8eb
core   0: 0x800063b2 (0x2b374337) lui     t1, 0x2b374
core   0: 3 0x800063b2 (0x2b374337) x6  0x2b374000
core   0: 0x800063b6 (0x03bb1163) bne     s6, s11, pc + 34
core   0: 3 0x800063b6 (0x03bb1163)
core   0: 0x800063d8 (0xdb0ed037) lui     zero, 0xdb0ed
core   0: 3 0x800063d8 (0xdb0ed037)
core   0: 0x800063dc (0x00008c61) c.and   s0, s0
core   0: 3 0x800063dc (0x8c61) x8  0x00000022
core   0: 0x800063de (0x00008c59) c.or    s0, a4
core   0: 3 0x800063de (0x8c59) x8  0x00000022
core   0: 0x800063e0 (0x1a13c213) xori    tp, t2, 417
core   0: 3 0x800063e0 (0x1a13c213) x4  0x000001a1
core   0: 0x800063e4 (0x4fa02913) slti    s2, zero, 1274
core   0: 3 0x800063e4 (0x4fa02913) x18 0x00000001
core   0: 0x800063e8 (0x00008f01) c.sub   a4, s0
core   0: 3 0x800063e8 (0x8f01) x14 0xffffffde
core   0: 0x800063ea (0x00d51d13) slli    s10, a0, 13
core   0: 3 0x800063ea (0x00d51d13) x26 0x00000000
core   0: 0x800063ee (0x03d98c63) beq     s3, t4, pc + 56
core   0: 3 0x800063ee (0x03d98c63)
core   0: 0x800063f2 (0x01286a33) or      s4, a6, s2
core   0: 3 0x800063f2 (0x01286a33) x20 0x00000001
core   0: 0x800063f6 (0x00a8bd33) sltu    s10, a7, a0
core   0: 3 0x800063f6 (0x00a8bd33) x26 0x00000000
core   0: 0x800063fa (0x45e08c93) addi    s9, ra, 1118
core   0: 3 0x800063fa (0x45e08c93) x25 0x0000045e
core   0: 0x800063fe (0x0000c591) c.beqz  a1, pc + 12
core   0: 3 0x800063fe (0xc591)
core   0: 0x80006400 (0x0000982e) c.add   a6, a1
core   0: 3 0x80006400 (0x982e) x16 0xc5c71000
core   0: 0x80006402 (0x004c1a33) sll     s4, s8, tp
core   0: 3 0x80006402 (0x004c1a33) x20 0x0004bd48
core   0: 0x80006406 (0x034a1d63) bne     s4, s4, pc + 58
core   0: 3 0x80006406 (0x034a1d63)
core   0: 0x8000640a (0x000087d5) c.srai  a5, 21
core   0: 3 0x8000640a (0x87d5) x15 0x00000000
core   0: 0x8000640c (0x032612b3) mulh    t0, a2, s2
core   0: 3 0x8000640c (0x032612b3) x5  0xffffffff
core   0: 0x80006410 (0x493de193) ori     gp, s11, 1171
core   0: 3 0x80006410 (0x493de193) x3  0x00000493
core   0: 0x80006414 (0x0000967e) c.add   a2, t6
core   0: 3 0x80006414 (0x967e) x12 0x8002960f
core   0: 0x80006416 (0x413a82b3) sub     t0, s5, s3
core   0: 3 0x80006416 (0x413a82b3) x5  0x00000000
core   0: 0x8000641a (0x03aa31b3) mulhu   gp, s4, s10
core   0: 3 0x8000641a (0x03aa31b3) x3  0x00000000
core   0: 0x8000641e (0x00000a96) c.slli  s5, 5
core   0: 3 0x8000641e (0x0a96) x21 0x00000000
core   0: 0x80006420 (0x0000717d) c.addi16sp sp, -16
core   0: 3 0x80006420 (0x717d) x2  0xfffff7fb
core   0: 0x80006422 (0x020b15b3) mulh    a1, s6, zero
core   0: 3 0x80006422 (0x020b15b3) x11 0x00000000
core   0: 0x80006426 (0x74b6c013) xori    zero, a3, 1867
core   0: 3 0x80006426 (0x74b6c013)
core   0: 0x8000642a (0x00008639) c.srai  a2, 14
core   0: 3 0x8000642a (0x8639) x12 0xfffe000a
core   0: 0x8000642c (0x0000ca9d) c.beqz  a3, pc + 54
core   0: 3 0x8000642c (0xca9d)
core   0: 0x80006462 (0x00006271) c.lui   tp, 0x1c
core   0: 3 0x80006462 (0x6271) x4  0x0001c000
core   0: 0x80006464 (0x41bc5e33) sra     t3, s8, s11
core   0: 3 0x80006464 (0x41bc5e33) x28 0xc0012f52
core   0: 0x80006468 (0x014c7833) and     a6, s8, s4
core   0: 3 0x80006468 (0x014c7833) x16 0x00001c00
core   0: 0x8000646c (0x00004a09) c.li    s4, 2
core   0: 3 0x8000646c (0x4a09) x20 0x00000002
core   0: 0x8000646e (0x0145e7b3) or      a5, a1, s4
core   0: 3 0x8000646e (0x0145e7b3) x15 0x00000002
core   0: 0x80006472 (0x02d1ba33) mulhu   s4, gp, a3
core   0: 3 0x80006472 (0x02d1ba33) x20 0x00000000
core   0: 0x80006476 (0x00008e01) c.sub   a2, s0
core   0: 3 0x80006476 (0x8e01) x12 0xfffdffe8
core   0: 0x80006478 (0x244afa13) andi    s4, s5, 580
core   0: 3 0x80006478 (0x244afa13) x20 0x00000000
core   0: 0x8000647c (0x01b0dbb3) srl     s7, ra, s11
core   0: 3 0x8000647c (0x01b0dbb3) x23 0x00000000
core   0: 0x80006480 (0x0000c6c9) c.beqz  a3, pc + 138
core   0: 3 0x80006480 (0xc6c9)
core   0: 0x8000650a (0xb2686f13) ori     t5, a6, -1242
core   0: 3 0x8000650a (0xb2686f13) x30 0xffffff26
core   0: 0x8000650e (0x0000960e) c.add   a2, gp
core   0: 3 0x8000650e (0x960e) x12 0xfffdffe8
core   0: 0x80006510 (0x0021c933) xor     s2, gp, sp
core   0: 3 0x80006510 (0x0021c933) x18 0xfffff7fb
core   0: 0x80006514 (0x01cac563) blt     s5, t3, pc + 10
core   0: 3 0x80006514 (0x01cac563)
core   0: 0x80006518 (0x0000875d) c.srai  a4, 23
core   0: 3 0x80006518 (0x875d) x14 0xffffffff
core   0: 0x8000651a (0x0000984e) c.add   a6, s3
core   0: 3 0x8000651a (0x984e) x16 0x00001c00
core   0: 0x8000651c (0x00008b25) c.andi  a4, 9
core   0: 3 0x8000651c (0x8b25) x14 0x00000009
core   0: 0x8000651e (0xc854f593) andi    a1, s1, -891
core   0: 3 0x8000651e (0xc854f593) x11 0x00000000
core   0: 0x80006522 (0x0267e3b3) rem     t2, a5, t1
core   0: 3 0x80006522 (0x0267e3b3) x7  0x00000002
core   0: 0x80006526 (0x96befc93) andi    s9, t4, -1685
core   0: 3 0x80006526 (0x96befc93) x25 0x00000008
core   0: 0x8000652a (0x0000043e) c.slli  s0, 15
core   0: 3 0x8000652a (0x043e) x8  0x00110000
core   0: 0x8000652c (0x00009d2a) c.add   s10, a0
core   0: 3 0x8000652c (0x9d2a) x26 0x00000000
core   0: 0x8000652e (0x00000001) c.nop
core   0: 3 0x8000652e (0x0001)
core   0: 0x80006530 (0x27ce4293) xori    t0, t3, 636
core   0: 3 0x80006530 (0x27ce4293) x5  0xc0012d2e
core   0: 0x80006534 (0x000083bd) c.srli  a5, 15
core   0: 3 0x80006534 (0x83bd) x15 0x00000000
core   0: 0x80006536 (0x00008cb9) c.xor   s1, a4
core   0: 3 0x80006536 (0x8cb9) x9  0x00000009
core   0: 0x80006538 (0x017f39b3) sltu    s3, t5, s7
core   0: 3 0x80006538 (0x017f39b3) x19 0x00000000
core   0: 0x8000653c (0x024fc963) blt     t6, tp, pc + 50
core   0: 3 0x8000653c (0x024fc963)
core   0: 0x8000656e (0x012a22b3) slt     t0, s4, s2
core   0: 3 0x8000656e (0x012a22b3) x5  0x00000000
core   0: 0x80006572 (0x02d4d063) bge     s1, a3, pc + 32
core   0: 3 0x80006572 (0x02d4d063)
core   0: 0x80006592 (0x96142937) lui     s2, 0x96142
core   0: 3 0x80006592 (0x96142937) x18 0x96142000
core   0: 0x80006596 (0x0000717d) c.addi16sp sp, -16
core   0: 3 0x80006596 (0x717d) x2  0xfffff7eb
core   0: 0x80006598 (0x0013f5b3) and     a1, t2, ra
core   0: 3 0x80006598 (0x0013f5b3) x11 0x00000000
core   0: 0x8000659c (0x00000001) c.nop
core   0: 3 0x8000659c (0x0001)
core   0: 0x8000659e (0x00e8b0b3) sltu    ra, a7, a4
core   0: 3 0x8000659e (0x00e8b0b3) x1  0x00000000
core   0: 0x800065a2 (0x00822833) slt     a6, tp, s0
core   0: 3 0x800065a2 (0x00822833) x16 0x00000001
core   0: 0x800065a6 (0x01a35d93) srli    s11, t1, 26
core   0: 3 0x800065a6 (0x01a35d93) x27 0x0000000a
core   0: 0x800065aa (0x00004d65) c.li    s10, 25
core   0: 3 0x800065aa (0x4d65) x26 0x00000019
core   0: 0x800065ac (0x01435d63) bge     t1, s4, pc + 26
core   0: 3 0x800065ac (0x01435d63)
core   0: 0x800065c6 (0x032df7b3) remu    a5, s11, s2
core   0: 3 0x800065c6 (0x032df7b3) x15 0x0000000a
core   0: 0x800065ca (0x0163a5b3) slt     a1, t2, s6
core   0: 3 0x800065ca (0x0163a5b3) x11 0x00000000
core   0: 0x800065ce (0x000cd863) bgez    s9, pc + 16
core   0: 3 0x800065ce (0x000cd863)
core   0: 0x800065de (0x01469a93) slli    s5, a3, 20
core   0: 3 0x800065de (0x01469a93) x21 0x00000000
core   0: 0x800065e2 (0x032651b3) divu    gp, a2, s2
core   0: 3 0x800065e2 (0x032651b3) x3  0x00000001
core   0: 0x800065e6 (0x00b3ebb3) or      s7, t2, a1
core   0: 3 0x800065e6 (0x00b3ebb3) x23 0x00000002
core   0: 0x800065ea (0x017a0ab3) add     s5, s4, s7
core   0: 3 0x800065ea (0x017a0ab3) x21 0x00000002
core   0: 0x800065ee (0x03953db3) mulhu   s11, a0, s9
core   0: 3 0x800065ee (0x03953db3) x27 0x00000000
core   0: 0x800065f2 (0x00008db1) c.xor   a1, a2
core   0: 3 0x800065f2 (0x8db1) x11 0xfffdffe8
core   0: 0x800065f4 (0x0325b333) mulhu   t1, a1, s2
core   0: 3 0x800065f4 (0x0325b333) x6  0x9612f3c9
core   0: 0x800065f8 (0x034c4a63) blt     s8, s4, pc + 52
core   0: 3 0x800065f8 (0x034c4a63)
core   0: 0x8000662c (0x0384e3b3) rem     t2, s1, s8
core   0: 3 0x8000662c (0x0384e3b3) x7  0x00000009
core   0: 0x80006630 (0x00d1e3b3) or      t2, gp, a3
core   0: 3 0x80006630 (0x00d1e3b3) x7  0x00000001
core   0: 0x80006634 (0x0000ec19) c.bnez  s0, pc + 30
core   0: 3 0x80006634 (0xec19)
core   0: 0x80006652 (0x0000c511) c.beqz  a0, pc + 12
core   0: 3 0x80006652 (0xc511)
core   0: 0x8000665e (0x01c261b3) or      gp, tp, t3
core   0: 3 0x8000665e (0x01c261b3) x3  0xc001ef52
core   0: 0x80006662 (0x02f74633) div     a2, a4, a5
core   0: 3 0x80006662 (0x02f74633) x12 0x00000000
core   0: 0x80006666 (0x000084c9) c.srai  s1, 18
core   0: 3 0x80006666 (0x84c9) x9  0x00000000
core   0: 0x80006668 (0x0ddec363) blt     t4, t4, pc + 198
core   0: 3 0x80006668 (0x0ddec363)
core   0: 0x8000666c (0x01e7eb63) bltu    a5, t5, pc + 22
core   0: 3 0x8000666c (0x01e7eb63)
core   0: 0x80006682 (0x61107b13) andi    s6, zero, 1553
core   0: 3 0x80006682 (0x61107b13) x22 0x00000000
core   0: 0x80006686 (0x015c5933) srl     s2, s8, s5
core   0: 3 0x80006686 (0x015c5933) x18 0x200097a9
core   0: 0x8000668a (0x0abe5363) bge     t3, a1, pc + 166
core   0: 3 0x8000668a (0x0abe5363)
core   0: 0x8000668e (0x0b11f163) bgeu    gp, a7, pc + 162
core   0: 3 0x8000668e (0x0b11f163)
core   0: 0x80006730 (0x00905463) bge     zero, s1, pc + 8
core   0: 3 0x80006730 (0x00905463)
core   0: 0x80006738 (0x407f83b3) sub     t2, t6, t2
core   0: 3 0x80006738 (0x407f83b3) x7  0x80029d23
core   0: 0x8000673c (0x02c962b3) rem     t0, s2, a2
core   0: 3 0x8000673c (0x02c962b3) x5  0x200097a9
core   0: 0x80006740 (0x0d8d7763) bgeu    s10, s8, pc + 206
core   0: 3 0x80006740 (0x0d8d7763)
core   0: 0x80006744 (0x9ae2a893) slti    a7, t0, -1618
core   0: 3 0x80006744 (0x9ae2a893) x17 0x00000000
core   0: 0x80006748 (0x00000406) c.slli  s0, 1
core   0: 3 0x80006748 (0x0406) x8  0x00220000
core   0: 0x8000674a (0x0000a897) auipc   a7, 0xa
core   0: 3 0x8000674a (0x0000a897) x17 0x8001074a
core   0: 0x8000674e (0xf3c88893) addi    a7, a7, -196
core   0: 3 0x8000674e (0xf3c88893) x17 0x80010686
core   0: 0x80006752 (0x0000955e) c.add   a0, s7
core   0: 3 0x80006752 (0x955e) x10 0x00000002
core   0: 0x80006754 (0x02e719b3) mulh    s3, a4, a4
core   0: 3 0x80006754 (0x02e719b3) x19 0x00000000
core   0: 0x80006758 (0x7558cb83) lbu     s7, 1877(a7)
core   0: 3 0x80006758 (0x7558cb83) x23 0x00000072 mem 0x80010ddb
core   0: 0x8000675c (0xdf788223) sb      s7, -540(a7)
core   0: 3 0x8000675c (0xdf788223) mem 0x8001046a 0x72
core   0: 0x80006760 (0x417989b3) sub     s3, s3, s7
core   0: 3 0x80006760 (0x417989b3) x19 0xffffff8e
core   0: 0x80006764 (0x4ca8a983) lw      s3, 1226(a7)
core   0: 3 0x80006764 (0x4ca8a983) x19 0x18533264 mem 0x80010b50
core   0: 0x80006768 (0x0000057e) c.slli  a0, 31
core   0: 3 0x80006768 (0x057e) x10 0x00000000
core   0: 0x8000676a (0x0000893d) c.andi  a0, 15
core   0: 3 0x8000676a (0x893d) x10 0x00000000
core   0: 0x8000676c (0x0379abb3) mulhsu  s7, s3, s7
core   0: 3 0x8000676c (0x0379abb3) x23 0x0000000a
core   0: 0x80006770 (0xc5788223) sb      s7, -956(a7)
core   0: 3 0x80006770 (0xc5788223) mem 0x800102ca 0x0a
core   0: 0x80006774 (0xeb588b83) lb      s7, -331(a7)
core   0: 3 0x80006774 (0xeb588b83) x23 0xffffffd0 mem 0x8001053b
core   0: 0x80006778 (0x002b9513) slli    a0, s7, 2
core   0: 3 0x80006778 (0x002b9513) x10 0xffffff40
core   0: 0x8000677c (0x00001f7d) c.addi  t5, -1
core   0: 3 0x8000677c (0x1f7d) x30 0xffffff25
core   0: 0x8000677e (0x00009b7d) c.andi  a4, -1
core   0: 3 0x8000677e (0x9b7d) x14 0x00000009
core   0: 0x80006780 (0xd6b88983) lb      s3, -661(a7)
core   0: 3 0x80006780 (0xd6b88983) x19 0x00000062 mem 0x800103f1
core   0: 0x80006784 (0x01e98533) add     a0, s3, t5
core   0: 3 0x80006784 (0x01e98533) x10 0xffffff87
core   0: 0x80006788 (0x6b78cb83) lbu     s7, 1719(a7)
core   0: 3 0x80006788 (0x6b78cb83) x23 0x00000036 mem 0x80010d3d
core   0: 0x8000678c (0x4ee88a23) sb      a4, 1268(a7)
core   0: 3 0x8000678c (0x4ee88a23) mem 0x80010b7a 0x09
core   0: 0x80006790 (0x2898c983) lbu     s3, 649(a7)
core   0: 3 0x80006790 (0x2898c983) x19 0x000000f7 mem 0x8001090f
core   0: 0x80006794 (0x24a883a3) sb      a0, 583(a7)
core   0: 3 0x80006794 (0x24a883a3) mem 0x800108cd 0x87
core   0: 0x80006798 (0x03e72e33) mulhsu  t3, a4, t5
core   0: 3 0x80006798 (0x03e72e33) x28 0x00000008
core   0: 0x8000679c (0x037e2733) mulhsu  a4, t3, s7
core   0: 3 0x8000679c (0x037e2733) x14 0x00000000
core   0: 0x800067a0 (0x2ff88503) lb      a0, 767(a7)
core   0: 3 0x800067a0 (0x2ff88503) x10 0xffffffb5 mem 0x80010985
core   0: 0x800067a4 (0x00ebdbb3) srl     s7, s7, a4
core   0: 3 0x800067a4 (0x00ebdbb3) x23 0x00000036
core   0: 0x800067a8 (0x00009bde) c.add   s7, s7
core   0: 3 0x800067a8 (0x9bde) x23 0x0000006c
core   0: 0x800067aa (0xf87f2b93) slti    s7, t5, -121
core   0: 3 0x800067aa (0xf87f2b93) x23 0x00000001
core   0: 0x800067ae (0x2c3bee13) ori     t3, s7, 707
core   0: 3 0x800067ae (0x2c3bee13) x28 0x000002c3
core   0: 0x800067b2 (0x40e889a3) sb      a4, 1043(a7)
core   0: 3 0x800067b2 (0x40e889a3) mem 0x80010a99 0x00
core   0: 0x800067b6 (0x41eb8733) sub     a4, s7, t5
core   0: 3 0x800067b6 (0x41eb8733) x14 0x000000dc
core   0: 0x800067ba (0x00008d09) c.sub   a0, a0
core   0: 3 0x800067ba (0x8d09) x10 0x00000000
core   0: 0x800067bc (0x013b9bb3) sll     s7, s7, s3
core   0: 3 0x800067bc (0x013b9bb3) x23 0x00800000
core   0: 0x800067c0 (0x0000054d) c.addi  a0, 19
core   0: 3 0x800067c0 (0x054d) x10 0x00000013
core   0: 0x800067c2 (0xd7389523) sh      s3, -662(a7)
core   0: 3 0x800067c2 (0xd7389523) mem 0x800103f0 0x00f7
core   0: 0x800067c6 (0xabc881a3) sb      t3, -1373(a7)
core   0: 3 0x800067c6 (0xabc881a3) mem 0x80010129 0xc3
core   0: 0x800067ca (0x48b8ce03) lbu     t3, 1163(a7)
core   0: 3 0x800067ca (0x48b8ce03) x28 0x0000004e mem 0x80010b11
core   0: 0x800067ce (0xa898cb83) lbu     s7, -1399(a7)
core   0: 3 0x800067ce (0xa898cb83) x23 0x00000009 mem 0x8001010f
core   0: 0x800067d2 (0x41e98533) sub     a0, s3, t5
core   0: 3 0x800067d2 (0x41e98533) x10 0x000001d2
core   0: 0x800067d6 (0xb77b1f37) lui     t5, 0xb77b1
core   0: 3 0x800067d6 (0xb77b1f37) x30 0xb77b1000
core   0: 0x800067da (0x01cb8733) add     a4, s7, t3
core   0: 3 0x800067da (0x01cb8733) x14 0x00000057
core   0: 0x800067de (0x01abd513) srli    a0, s7, 26
core   0: 3 0x800067de (0x01abd513) x10 0x00000000
core   0: 0x800067e2 (0x00000001) c.nop
core   0: 3 0x800067e2 (0x0001)
core   0: 0x800067e4 (0xb3789223) sh      s7, -1244(a7)
core   0: 3 0x800067e4 (0xb3789223) mem 0x800101aa 0x0009
core   0: 0x800067e8 (0x00008cfe) c.mv    s9, t6
core   0: 3 0x800067e8 (0x8cfe) x25 0x80029d24
core   0: 0x800067ea (0x00008f55) c.or    a4, a3
core   0: 3 0x800067ea (0x8f55) x14 0x00000057
core   0: 0x800067ec (0x01f0fe33) and     t3, ra, t6
core   0: 3 0x800067ec (0x01f0fe33) x28 0x00000000
core   0: 0x800067f0 (0x02bc4e63) blt     s8, a1, pc + 60
core   0: 3 0x800067f0 (0x02bc4e63)
core   0: 0x8000682c (0x03959ab3) mulh    s5, a1, s9
core   0: 3 0x8000682c (0x03959ab3) x21 0x00010006
core   0: 0x80006830 (0x00000001) c.nop
core   0: 3 0x80006830 (0x0001)
core   0: 0x80006832 (0x00008d3d) c.xor   a0, a5
core   0: 3 0x80006832 (0x8d3d) x10 0x0000000a
core   0: 0x80006834 (0x000069f9) c.lui   s3, 0x1e
core   0: 3 0x80006834 (0x69f9) x19 0x0001e000
core   0: 0x80006836 (0x0110db63) bge     ra, a7, pc + 22
core   0: 3 0x80006836 (0x0110db63)
core   0: 0x8000684c (0x40fbda33) sra     s4, s7, a5
core   0: 3 0x8000684c (0x40fbda33) x20 0x00000000
core   0: 0x80006850 (0x41cbd913) srai    s2, s7, 28
core   0: 3 0x80006850 (0x41cbd913) x18 0x00000000
core   0: 0x80006854 (0x01c111b3) sll     gp, sp, t3
core   0: 3 0x80006854 (0x01c111b3) x3  0xfffff7eb
core   0: 0x80006858 (0x02455863) bge     a0, tp, pc + 48
core   0: 3 0x80006858 (0x02455863)
core   0: 0x8000685c (0x03b8f833) remu    a6, a7, s11
core   0: 3 0x8000685c (0x03b8f833) x16 0x80010686
core   0: 0x80006860 (0x00009b72) c.add   s6, t3
core   0: 3 0x80006860 (0x9b72) x22 0x00000000
core   0: 0x80006862 (0x01881893) slli    a7, a6, 24
core   0: 3 0x80006862 (0x01881893) x17 0x86000000
core   0: 0x80006866 (0x0014e933) or      s2, s1, ra
core   0: 3 0x80006866 (0x0014e933) x18 0x00000000
core   0: 0x8000686a (0x02cb97b3) mulh    a5, s7, a2
core   0: 3 0x8000686a (0x02cb97b3) x15 0x00000000
core   0: 0x8000686e (0x03cc2b93) slti    s7, s8, 60
core   0: 3 0x8000686e (0x03cc2b93) x23 0x00000001
core   0: 0x80006872 (0xd5958937) lui     s2, 0xd5958
core   0: 3 0x80006872 (0xd5958937) x18 0xd5958000
core   0: 0x80006876 (0x00000f62) c.slli  t5, 24
core   0: 3 0x80006876 (0x0f62) x30 0x00000000
core   0: 0x80006878 (0x0364c933) div     s2, s1, s6
core   0: 3 0x80006878 (0x0364c933) x18 0xffffffff
core   0: 0x8000687c (0x00000001) c.nop
core   0: 3 0x8000687c (0x0001)
core   0: 0x8000687e (0x01ead693) srli    a3, s5, 30
core   0: 3 0x8000687e (0x01ead693) x13 0x00000000
core   0: 0x80006882 (0x01ed6563) bltu    s10, t5, pc + 10
core   0: 3 0x80006882 (0x01ed6563)
core   0: 0x80006886 (0x0000c519) c.beqz  a0, pc + 14
core   0: 3 0x80006886 (0xc519)
core   0: 0x80006888 (0x000065f5) c.lui   a1, 0x1d
core   0: 3 0x80006888 (0x65f5) x11 0x0001d000
core   0: 0x8000688a (0x000007ca) c.slli  a5, 18
core   0: 3 0x8000688a (0x07ca) x15 0x00000000
core   0: 0x8000688c (0x00000001) c.nop
core   0: 3 0x8000688c (0x0001)
core   0: 0x8000688e (0x0000cf01) c.beqz  a4, pc + 24
core   0: 3 0x8000688e (0xcf01)
core   0: 0x80006890 (0x00008f4d) c.or    a4, a1
core   0: 3 0x80006890 (0x8f4d) x14 0x0001d057
core   0: 0x80006892 (0x00008429) c.srai  s0, 10
core   0: 3 0x80006892 (0x8429) x8  0x00000880
core   0: 0x80006894 (0x404dd0b3) sra     ra, s11, tp
core   0: 3 0x80006894 (0x404dd0b3) x1  0x00000000
core   0: 0x80006898 (0x0000081c) c.addi4spn a5, sp, 16
core   0: 3 0x80006898 (0x081c) x15 0xfffff7fb
core   0: 0x8000689a (0x00000001) c.nop
core   0: 3 0x8000689a (0x0001)
core   0: 0x8000689c (0x000088ae) c.mv    a7, a1
core   0: 3 0x8000689c (0x88ae) x17 0x0001d000
core   0: 0x8000689e (0x63ed6513) ori     a0, s10, 1598
core   0: 3 0x8000689e (0x63ed6513) x10 0x0000063f
core   0: 0x800068a2 (0x03ac5533) divu    a0, s8, s10
core   0: 3 0x800068a2 (0x03ac5533) x10 0x051ed095
core   0: 0x800068a6 (0x000068e9) c.lui   a7, 0x1a
core   0: 3 0x800068a6 (0x68e9) x17 0x0001a000
core   0: 0x800068a8 (0x00000001) c.nop
core   0: 3 0x800068a8 (0x0001)
core   0: 0x800068aa (0x00008dc9) c.or    a1, a0
core   0: 3 0x800068aa (0x8dc9) x11 0x051fd095
core   0: 0x800068ac (0x036aed33) rem     s10, s5, s6
core   0: 3 0x800068ac (0x036aed33) x26 0x00010006
core   0: 0x800068b0 (0x035bddb3) divu    s11, s7, s5
core   0: 3 0x800068b0 (0x035bddb3) x27 0x00000000
core   0: 0x800068b4 (0x00008cd9) c.or    s1, a4
core   0: 3 0x800068b4 (0x8cd9) x9  0x0001d057
core   0: 0x800068b6 (0x000004d2) c.slli  s1, 20
core   0: 3 0x800068b6 (0x04d2) x9  0x05700000
core   0: 0x800068b8 (0x0cbd4b13) xori    s6, s10, 203
core   0: 3 0x800068b8 (0x0cbd4b13) x22 0x000100cd
core   0: 0x800068bc (0x00d50a33) add     s4, a0, a3
core   0: 3 0x800068bc (0x00d50a33) x20 0x051ed095
core   0: 0x800068c0 (0x00000001) c.nop
core   0: 3 0x800068c0 (0x0001)
core   0: 0x800068c2 (0x02f243b3) div     t2, tp, a5
core   0: 3 0x800068c2 (0x02f243b3) x7  0xffffffc9
core   0: 0x800068c6 (0x000080f6) c.mv    ra, t4
core   0: 3 0x800068c6 (0x80f6) x1  0x00000008
core   0: 0x800068c8 (0x305ab237) lui     tp, 0x305ab
core   0: 3 0x800068c8 (0x305ab237) x4  0x305ab000
core   0: 0x800068cc (0x00008d35) c.xor   a0, a3
core   0: 3 0x800068cc (0x8d35) x10 0x051ed095
core   0: 0x800068ce (0x000000be) c.slli  ra, 15
core   0: 3 0x800068ce (0x00be) x1  0x00040000
core   0: 0x800068d0 (0x0000b117) auipc   sp, 0xb
core   0: 3 0x800068d0 (0x0000b117) x2  0x800118d0
core   0: 0x800068d4 (0xd8310113) addi    sp, sp, -637
core   0: 3 0x800068d4 (0xd8310113) x2  0x80011653
core   0: 0x800068d8 (0x0000882e) c.mv    a6, a1
core   0: 3 0x800068d8 (0x882e) x16 0x051fd095
core   0: 0x800068da (0x000b9813) slli    a6, s7, 0
core   0: 3 0x800068da (0x000b9813) x16 0x00000001
core   0: 0x800068de (0x33f10e23) sb      t6, 828(sp)
core   0: 3 0x800068de (0x33f10e23) mem 0x8001198f 0x24
core   0: 0x800068e2 (0x0249aab3) mulhsu  s5, s3, tp
core   0: 3 0x800068e2 (0x0249aab3) x21 0x00005aaa
core   0: 0x800068e6 (0x03cc6cb3) rem     s9, s8, t3
core   0: 3 0x800068e6 (0x03cc6cb3) x25 0x80025ea4
core   0: 0x800068ea (0x00a89233) sll     tp, a7, a0
core   0: 3 0x800068ea (0x00a89233) x4  0x00000000
core   0: 0x800068ee (0x400c04b3) sub     s1, s8, zero
core   0: 3 0x800068ee (0x400c04b3) x9  0x80025ea4
core   0: 0x800068f2 (0xa2410483) lb      s1, -1500(sp)
core   0: 3 0x800068f2 (0xa2410483) x9  0xffffffc8 mem 0x80011077
core   0: 0x800068f6 (0x00b10fa3) sb      a1, 31(sp)
core   0: 3 0x800068f6 (0x00b10fa3) mem 0x80011672 0x95
core   0: 0x800068fa (0xb0410823) sb      tp, -1264(sp)
core   0: 3 0x800068fa (0xb0410823) mem 0x80011163 0x00
core   0: 0x800068fe (0xbbd14703) lbu     a4, -1091(sp)
core   0: 3 0x800068fe (0xbbd14703) x14 0x00000009 mem 0x80011210
core   0: 0x80006902 (0x00000df6) c.slli  s11, 29
core   0: 3 0x80006902 (0x0df6) x27 0x00000000
core   0: 0x80006904 (0x0b76f293) andi    t0, a3, 183
core   0: 3 0x80006904 (0x0b76f293) x5  0x00000000
core   0: 0x80006908 (0x00004681) c.li    a3, 0
core   0: 3 0x80006908 (0x4681) x13 0x00000000
core   0: 0x8000690a (0x25410e23) sb      s4, 604(sp)
core   0: 3 0x8000690a (0x25410e23) mem 0x800118af 0x95
core   0: 0x8000690e (0x0c410483) lb      s1, 196(sp)
core   0: 3 0x8000690e (0x0c410483) x9  0xffffffbc mem 0x80011717
core   0: 0x80006912 (0x75d94a93) xori    s5, s2, 1885
core   0: 3 0x80006912 (0x75d94a93) x21 0xfffff8a2
core   0: 0x80006916 (0x44711ca3) sh      t2, 1113(sp)
core   0: 3 0x80006916 (0x44711ca3) mem 0x80011aac 0xffc9
core   0: 0x8000691a (0x05110a23) sb      a7, 84(sp)
core   0: 3 0x8000691a (0x05110a23) mem 0x800116a7 0x00
core   0: 0x8000691e (0x37d14603) lbu     a2, 893(sp)
core   0: 3 0x8000691e (0x37d14603) x12 0x00000085 mem 0x800119d0
core   0: 0x80006922 (0x52214b03) lbu     s6, 1314(sp)
core   0: 3 0x80006922 (0x52214b03) x22 0x00000000 mem 0x80011b75
core   0: 0x80006926 (0x00009bc2) c.add   s7, a6
core   0: 3 0x80006926 (0x9bc2) x23 0x00000002
core   0: 0x80006928 (0x1ca116a3) sh      a0, 461(sp)
core   0: 3 0x80006928 (0x1ca116a3) mem 0x80011820 0xd095
core   0: 0x8000692c (0xf9610683) lb      a3, -106(sp)
core   0: 3 0x8000692c (0xf9610683) x13 0x00000067 mem 0x800115e9
core   0: 0x80006930 (0xb5310223) sb      s3, -1212(sp)
core   0: 3 0x80006930 (0xb5310223) mem 0x80011197 0x00
core   0: 0x80006934 (0x6bc113a3) sh      t3, 1703(sp)
core   0: 3 0x80006934 (0x6bc113a3) mem 0x80011cfa 0x0000
core   0: 0x80006938 (0xf6b10503) lb      a0, -149(sp)
core   0: 3 0x80006938 (0xf6b10503) x10 0xffffffb2 mem 0x800115be
core   0: 0x8000693c (0xe7c14683) lbu     a3, -388(sp)
core   0: 3 0x8000693c (0xe7c14683) x13 0x000000f7 mem 0x800114cf
core   0: 0x80006940 (0xdbf15d83) lhu     s11, -577(sp)
core   0: 3 0x80006940 (0xdbf15d83) x27 0x00007d65 mem 0x80011412
core   0: 0x80006944 (0x34810c83) lb      s9, 840(sp)
core   0: 3 0x80006944 (0x34810c83) x25 0x00000041 mem 0x8001199b
core   0: 0x80006948 (0x4c5dc693) xori    a3, s11, 1221
core   0: 3 0x80006948 (0x4c5dc693) x13 0x000079a0
core   0: 0x8000694c (0x00008c69) c.and   s0, a0
core   0: 3 0x8000694c (0x8c69) x8  0x00000880
core   0: 0x8000694e (0xb1b11d03) lh      s10, -1253(sp)
core   0: 3 0x8000694e (0xb1b11d03) x26 0xffffe335 mem 0x8001116e
core   0: 0x80006952 (0x64310823) sb      gp, 1616(sp)
core   0: 3 0x80006952 (0x64310823) mem 0x80011ca3 0xeb
core   0: 0x80006956 (0x10d10d23) sb      a3, 282(sp)
core   0: 3 0x80006956 (0x10d10d23) mem 0x8001176d 0xa0
core   0: 0x8000695a (0xbca14b83) lbu     s7, -1078(sp)
core   0: 3 0x8000695a (0xbca14b83) x23 0x000000d9 mem 0x8001121d
core   0: 0x8000695e (0x84ef2793) slti    a5, t5, -1970
core   0: 3 0x8000695e (0x84ef2793) x15 0x00000000
core   0: 0x80006962 (0x00429713) slli    a4, t0, 4
core   0: 3 0x80006962 (0x00429713) x14 0x00000000
core   0: 0x80006966 (0xbd440d93) addi    s11, s0, -1068
core   0: 3 0x80006966 (0xbd440d93) x27 0x00000454
core   0: 0x8000696a (0x00000690) c.addi4spn a2, sp, 832
core   0: 3 0x8000696a (0x0690) x12 0x80011993
core   0: 0x8000696c (0x69e98313) addi    t1, s3, 1694
core   0: 3 0x8000696c (0x69e98313) x6  0x0001e69e
core   0: 0x80006970 (0x037c5bb3) divu    s7, s8, s7
core   0: 3 0x80006970 (0x037c5bb3) x23 0x009703f9
core   0: 0x80006974 (0x0000045e) c.slli  s0, 23
core   0: 3 0x80006974 (0x045e) x8  0x40000000
core   0: 0x80006976 (0x01cd9cb3) sll     s9, s11, t3
core   0: 3 0x80006976 (0x01cd9cb3) x25 0x00000454
core   0: 0x8000697a (0x8e334913) xori    s2, t1, -1821
core   0: 3 0x8000697a (0x8e334913) x18 0xfffe1e7d
core   0: 0x8000697e (0x6ef2ca37) lui     s4, 0x6ef2c
core   0: 3 0x8000697e (0x6ef2ca37) x20 0x6ef2c000
core   0: 0x80006982 (0x02522633) mulhsu  a2, tp, t0
core   0: 3 0x80006982 (0x02522633) x12 0x00000000
core   0: 0x80006986 (0x00000001) c.nop
core   0: 3 0x80006986 (0x0001)
core   0: 0x80006988 (0x506b2393) slti    t2, s6, 1286
core   0: 3 0x80006988 (0x506b2393) x7  0x00000001
core   0: 0x8000698c (0x8ad79517) auipc   a0, 0x8ad79
core   0: 3 0x8000698c (0x8ad79517) x10 0x0ad7f98c
core   0: 0x80006990 (0x05db8463) beq     s7, t4, pc + 72
core   0: 3 0x80006990 (0x05db8463)
core   0: 0x80006994 (0x00008f26) c.mv    t5, s1
core   0: 3 0x80006994 (0x8f26) x30 0xffffffbc
core   0: 0x80006996 (0x0271e6b3) rem     a3, gp, t2
core   0: 3 0x80006996 (0x0271e6b3) x13 0x00000000
core   0: 0x8000699a (0x00005f7d) c.li    t5, -1
core   0: 3 0x8000699a (0x5f7d) x30 0xffffffff
core   0: 0x8000699c (0x00000001) c.nop
core   0: 3 0x8000699c (0x0001)
core   0: 0x8000699e (0x001c19b3) sll     s3, s8, ra
core   0: 3 0x8000699e (0x001c19b3) x19 0x80025ea4
core   0: 0x800069a2 (0x9fe58b93) addi    s7, a1, -1538
core   0: 3 0x800069a2 (0x9fe58b93) x23 0x051fca93
core   0: 0x800069a6 (0x01f1d693) srli    a3, gp, 31
core   0: 3 0x800069a6 (0x01f1d693) x13 0x00000001
core   0: 0x800069aa (0x0000c21d) c.beqz  a2, pc + 38
core   0: 3 0x800069aa (0xc21d)
core   0: 0x800069d0 (0x008f3bb3) sltu    s7, t5, s0
core   0: 3 0x800069d0 (0x008f3bb3) x23 0x00000000
core   0: 0x800069d4 (0x00dd93b3) sll     t2, s11, a3
core   0: 3 0x800069d4 (0x00dd93b3) x7  0x000008a8
core   0: 0x800069d8 (0x03ad8633) mul     a2, s11, s10
core   0: 3 0x800069d8 (0x03ad8633) x12 0xff836164
core   0: 0x800069dc (0x0013f933) and     s2, t2, ra
core   0: 3 0x800069dc (0x0013f933) x18 0x00000000
core   0: 0x800069e0 (0x024177b3) remu    a5, sp, tp
core   0: 3 0x800069e0 (0x024177b3) x15 0x80011653
core   0: 0x800069e4 (0x00008175) c.srli  a0, 29
core   0: 3 0x800069e4 (0x8175) x10 0x00000000
core   0: 0x800069e6 (0x0374f663) bgeu    s1, s7, pc + 44
core   0: 3 0x800069e6 (0x0374f663)
core   0: 0x80006a12 (0x038050b3) divu    ra, zero, s8
core   0: 3 0x80006a12 (0x038050b3) x1  0x00000000
core   0: 0x80006a16 (0x028ac2b3) div     t0, s5, s0
core   0: 3 0x80006a16 (0x028ac2b3) x5  0x00000000
core   0: 0x80006a1a (0x03762733) mulhsu  a4, a2, s7
core   0: 3 0x80006a1a (0x03762733) x14 0x00000000
core   0: 0x80006a1e (0x011b7cb3) and     s9, s6, a7
core   0: 3 0x80006a1e (0x011b7cb3) x25 0x00000000
core   0: 0x80006a22 (0x2aa2c993) xori    s3, t0, 682
core   0: 3 0x80006a22 (0x2aa2c993) x19 0x000002aa
core   0: 0x80006a26 (0x001ff6b3) and     a3, t6, ra
core   0: 3 0x80006a26 (0x001ff6b3) x13 0x00000000
core   0: 0x80006a2a (0x00001918) c.addi4spn a4, sp, 176
core   0: 3 0x80006a2a (0x1918) x14 0x80011703
core   0: 0x80006a2c (0x01627763) bgeu    tp, s6, pc + 14
core   0: 3 0x80006a2c (0x01627763)
core   0: 0x80006a3a (0x0287ce63) blt     a5, s0, pc + 60
core   0: 3 0x80006a3a (0x0287ce63)
core   0: 0x80006a76 (0x00bd5033) srl     zero, s10, a1
core   0: 3 0x80006a76 (0x00bd5033)
core   0: 0x80006a7a (0x027473b3) remu    t2, s0, t2
core   0: 3 0x80006a7a (0x027473b3) x7  0x000004a0
core   0: 0x80006a7e (0x00d79963) bne     a5, a3, pc + 18
core   0: 3 0x80006a7e (0x00d79963)
core   0: 0x80006a90 (0x00000001) c.nop
core   0: 3 0x80006a90 (0x0001)
core   0: 0x80006a92 (0x139aa313) slti    t1, s5, 313
core   0: 3 0x80006a92 (0x139aa313) x6  0x00000001
core   0: 0x80006a96 (0x01db5533) srl     a0, s6, t4
core   0: 3 0x80006a96 (0x01db5533) x10 0x00000000
core   0: 0x80006a9a (0x00008085) c.srli  s1, 1
core   0: 3 0x80006a9a (0x8085) x9  0x7fffffde
core   0: 0x80006a9c (0x01baf763) bgeu    s5, s11, pc + 14
core   0: 3 0x80006a9c (0x01baf763)
core   0: 0x80006aaa (0x0012d3b3) srl     t2, t0, ra
core   0: 3 0x80006aaa (0x0012d3b3) x7  0x00000000
core   0: 0x80006aae (0x267b1797) auipc   a5, 0x267b1
core   0: 3 0x80006aae (0x267b1797) x15 0xa67b7aae
core   0: 0x80006ab2 (0x016d4333) xor     t1, s10, s6
core   0: 3 0x80006ab2 (0x016d4333) x6  0xffffe335
core   0: 0x80006ab6 (0x40855413) srai    s0, a0, 8
core   0: 3 0x80006ab6 (0x40855413) x8  0x00000000
core   0: 0x80006aba (0xf93b86b7) lui     a3, 0xf93b8
core   0: 3 0x80006aba (0xf93b86b7) x13 0xf93b8000
core   0: 0x80006abe (0xf6366f13) ori     t5, a2, -157
core   0: 3 0x80006abe (0xf6366f13) x30 0xffffff67
core   0: 0x80006ac2 (0x00008db5) c.xor   a1, a3
core   0: 3 0x80006ac2 (0x8db5) x11 0xfc245095
core   0: 0x80006ac4 (0x004b3533) sltu    a0, s6, tp
core   0: 3 0x80006ac4 (0x004b3533) x10 0x00000000
core   0: 0x80006ac8 (0x02de4463) blt     t3, a3, pc + 40
core   0: 3 0x80006ac8 (0x02de4463)
core   0: 0x80006acc (0x00005f7d) c.li    t5, -1
core   0: 3 0x80006acc (0x5f7d) x30 0xffffffff
core   0: 0x80006ace (0x00001480) c.addi4spn s0, sp, 608
core   0: 3 0x80006ace (0x1480) x8  0x800118b3
core   0: 0x80006ad0 (0xf9233e13) sltiu   t3, t1, -110
core   0: 3 0x80006ad0 (0xf9233e13) x28 0x00000001
core   0: 0x80006ad4 (0xc84dc513) xori    a0, s11, -892
core   0: 3 0x80006ad4 (0xc84dc513) x10 0xfffff8d0
core   0: 0x80006ad8 (0x41005733) sra     a4, zero, a6
core   0: 3 0x80006ad8 (0x41005733) x14 0x00000000
core   0: 0x80006adc (0x0000871d) c.srai  a4, 7
core   0: 3 0x80006adc (0x871d) x14 0x00000000
core   0: 0x80006ade (0x00008385) c.srli  a5, 1
core   0: 3 0x80006ade (0x8385) x15 0x533dbd57
core   0: 0x80006ae0 (0x02c5c633) div     a2, a1, a2
core   0: 3 0x80006ae0 (0x02c5c633) x12 0x00000007
core   0: 0x80006ae4 (0x02bf7a33) remu    s4, t5, a1
core   0: 3 0x80006ae4 (0x02bf7a33) x20 0x03dbaf6a
core   0: 0x80006ae8 (0x03a21333) mulh    t1, tp, s10
core   0: 3 0x80006ae8 (0x03a21333) x6  0x00000000
core   0: 0x80006aec (0x44737d13) andi    s10, t1, 1095
core   0: 3 0x80006aec (0x44737d13) x26 0x00000000
core   0: 0x80006af0 (0x00008d2d) c.xor   a0, a1
core   0: 3 0x80006af0 (0x8d2d) x10 0x03dba845
core   0: 0x80006af2 (0x025aca33) div     s4, s5, t0
core   0: 3 0x80006af2 (0x025aca33) x20 0xffffffff
core   0: 0x80006af6 (0xb76db213) sltiu   tp, s11, -1162
core   0: 3 0x80006af6 (0xb76db213) x4  0x00000001
core   0: 0x80006afa (0x018bf763) bgeu    s7, s8, pc + 14
core   0: 3 0x80006afa (0x018bf763)
core   0: 0x80006afe (0x0108d593) srli    a1, a7, 16
core   0: 3 0x80006afe (0x0108d593) x11 0x00000001
core   0: 0x80006b02 (0x007f9793) slli    a5, t6, 7
core   0: 3 0x80006b02 (0x007f9793) x15 0x014e9200
core   0: 0x80006b06 (0x000085a9) c.srai  a1, 10
core   0: 3 0x80006b06 (0x85a9) x11 0x00000000
core   0: 0x80006b08 (0x0000e18d) c.bnez  a1, pc + 34
core   0: 3 0x80006b08 (0xe18d)
core   0: 0x80006b0a (0x00000001) c.nop
core   0: 3 0x80006b0a (0x0001)
core   0: 0x80006b0c (0x00008ffd) c.and   a5, a5
core   0: 3 0x80006b0c (0x8ffd) x15 0x014e9200
core   0: 0x80006b0e (0x00105493) srli    s1, zero, 1
core   0: 3 0x80006b0e (0x00105493) x9  0x00000000
core   0: 0x80006b12 (0x00004661) c.li    a2, 24
core   0: 3 0x80006b12 (0x4661) x12 0x00000018
core   0: 0x80006b14 (0x00006149) c.addi16sp sp, 144
core   0: 3 0x80006b14 (0x6149) x2  0x800116e3
core   0: 0x80006b16 (0x0000eb85) c.bnez  a5, pc + 48
core   0: 3 0x80006b16 (0xeb85)
core   0: 0x80006b46 (0x0000c499) c.beqz  s1, pc + 14
core   0: 3 0x80006b46 (0xc499)
core   0: 0x80006b54 (0x000080e9) c.srli  s1, 26
core   0: 3 0x80006b54 (0x80e9) x9  0x00000000
core   0: 0x80006b56 (0x00008b11) c.andi  a4, 4
core   0: 3 0x80006b56 (0x8b11) x14 0x00000000
core   0: 0x80006b58 (0x03a78b63) beq     a5, s10, pc + 54
core   0: 3 0x80006b58 (0x03a78b63)
core   0: 0x80006b5c (0x88f29097) auipc   ra, 0x88f29
core   0: 3 0x80006b5c (0x88f29097) x1  0x08f2fb5c
core   0: 0x80006b60 (0x03610533) mul     a0, sp, s6
core   0: 3 0x80006b60 (0x03610533) x10 0x00000000
core   0: 0x80006b64 (0x40e40833) sub     a6, s0, a4
core   0: 3 0x80006b64 (0x40e40833) x16 0x800118b3
core   0: 0x80006b68 (0x40f40cb3) sub     s9, s0, a5
core   0: 3 0x80006b68 (0x40f40cb3) x25 0x7eb286b3
core   0: 0x80006b6c (0x0000c099) c.beqz  s1, pc + 6
core   0: 3 0x80006b6c (0xc099)
core   0: 0x80006b72 (0x024f32b3) mulhu   t0, t5, tp
core   0: 3 0x80006b72 (0x024f32b3) x5  0x00000000
core   0: 0x80006b76 (0x00008e49) c.or    a2, a0
core   0: 3 0x80006b76 (0x8e49) x12 0x00000018
core   0: 0x80006b78 (0x0000ee19) c.bnez  a2, pc + 30
core   0: 3 0x80006b78 (0xee19)
core   0: 0x80006b96 (0x007fae33) slt     t3, t6, t2
core   0: 3 0x80006b96 (0x007fae33) x28 0x00000001
core   0: 0x80006b9a (0x0231cbb3) div     s7, gp, gp
core   0: 3 0x80006b9a (0x0231cbb3) x23 0x00000001
core   0: 0x80006b9e (0x027b3633) mulhu   a2, s6, t2
core   0: 3 0x80006b9e (0x027b3633) x12 0x00000000
core   0: 0x80006ba2 (0x405702b3) sub     t0, a4, t0
core   0: 3 0x80006ba2 (0x405702b3) x5  0x00000000
core   0: 0x80006ba6 (0x00008fbd) c.xor   a5, a5
core   0: 3 0x80006ba6 (0x8fbd) x15 0x00000000
core   0: 0x80006ba8 (0x0000c991) c.beqz  a1, pc + 20
core   0: 3 0x80006ba8 (0xc991)
core   0: 0x80006bbc (0x412ed8b3) sra     a7, t4, s2
core   0: 3 0x80006bbc (0x412ed8b3) x17 0x00000008
core   0: 0x80006bc0 (0x60936f17) auipc   t5, 0x60936
core   0: 3 0x80006bc0 (0x60936f17) x30 0xe093cbc0
core   0: 0x80006bc4 (0x000084b2) c.mv    s1, a2
core   0: 3 0x80006bc4 (0x84b2) x9  0x00000000
core   0: 0x80006bc6 (0x00756663) bltu    a0, t2, pc + 12
core   0: 3 0x80006bc6 (0x00756663)
core   0: 0x80006bca (0x00008045) c.srli  s0, 17
core   0: 3 0x80006bca (0x8045) x8  0x00004000
core   0: 0x80006bcc (0x00f66333) or      t1, a2, a5
core   0: 3 0x80006bcc (0x00f66333) x6  0x00000000
core   0: 0x80006bd0 (0x000082b9) c.srli  a3, 14
core   0: 3 0x80006bd0 (0x82b9) x13 0x0003e4ee
core   0: 0x80006bd2 (0x406857b3) sra     a5, a6, t1
core   0: 3 0x80006bd2 (0x406857b3) x15 0x800118b3
core   0: 0x80006bd6 (0x00045513) srli    a0, s0, 0
core   0: 3 0x80006bd6 (0x00045513) x10 0x00004000
core   0: 0x80006bda (0x0398c6b3) div     a3, a7, s9
core   0: 3 0x80006bda (0x0398c6b3) x13 0x00000000
core   0: 0x80006bde (0x00008c69) c.and   s0, a0
core   0: 3 0x80006bde (0x8c69) x8  0x00004000
core   0: 0x80006be0 (0x00009a7d) c.andi  a2, -1
core   0: 3 0x80006be0 (0x9a7d) x12 0x00000000
core   0: 0x80006be2 (0x01126733) or      a4, tp, a7
core   0: 3 0x80006be2 (0x01126733) x14 0x00000009
core   0: 0x80006be6 (0x0000e909) c.bnez  a0, pc + 18
core   0: 3 0x80006be6 (0xe909)
core   0: 0x80006bf8 (0x0000c795) c.beqz  a5, pc + 44
core   0: 3 0x80006bf8 (0xc795)
core   0: 0x80006bfa (0x58c76913) ori     s2, a4, 1420
core   0: 3 0x80006bfa (0x58c76913) x18 0x0000058d
core   0: 0x80006bfe (0x0000127d) c.addi  tp, -1
core   0: 3 0x80006bfe (0x127d) x4  0x00000000
core   0: 0x80006c00 (0x7b33f3b7) lui     t2, 0x7b33f
core   0: 3 0x80006c00 (0x7b33f3b7) x7  0x7b33f000
core   0: 0x80006c04 (0x02b3d663) bge     t2, a1, pc + 44
core   0: 3 0x80006c04 (0x02b3d663)
core   0: 0x80006c30 (0x02d51163) bne     a0, a3, pc + 34
core   0: 3 0x80006c30 (0x02d51163)
core   0: 0x80006c52 (0x01d486b3) add     a3, s1, t4
core   0: 3 0x80006c52 (0x01d486b3) x13 0x00000008
core   0: 0x80006c56 (0x0088d433) srl     s0, a7, s0
core   0: 3 0x80006c56 (0x0088d433) x8  0x00000008
core   0: 0x80006c5a (0x00008375) c.srli  a4, 29
core   0: 3 0x80006c5a (0x8375) x14 0x00000000
core   0: 0x80006c5c (0x0085fe33) and     t3, a1, s0
core   0: 3 0x80006c5c (0x0085fe33) x28 0x00000000
core   0: 0x80006c60 (0x008a4763) blt     s4, s0, pc + 14
core   0: 3 0x80006c60 (0x008a4763)
core   0: 0x80006c6e (0x01085033) srl     zero, a6, a6
core   0: 3 0x80006c6e (0x01085033)
core   0: 0x80006c72 (0x022ccf33) div     t5, s9, sp
core   0: 3 0x80006c72 (0x022ccf33) x30 0x00000000
core   0: 0x80006c76 (0x03c43a33) mulhu   s4, s0, t3
core   0: 3 0x80006c76 (0x03c43a33) x20 0x00000000
core   0: 0x80006c7a (0x031fce33) div     t3, t6, a7
core   0: 3 0x80006c7a (0x031fce33) x28 0xf00053a5
core   0: 0x80006c7e (0x00000001) c.nop
core   0: 3 0x80006c7e (0x0001)
core   0: 0x80006c80 (0x00000818) c.addi4spn a4, sp, 16
core   0: 3 0x80006c80 (0x0818) x14 0x800116f3
core   0: 0x80006c82 (0x2cd02193) slti    gp, zero, 717
core   0: 3 0x80006c82 (0x2cd02193) x3  0x00000001
core   0: 0x80006c86 (0xcc6b0bb7) lui     s7, 0xcc6b0
core   0: 3 0x80006c86 (0xcc6b0bb7) x23 0xcc6b0000
core   0: 0x80006c8a (0xc123bb37) lui     s6, 0xc123b
core   0: 3 0x80006c8a (0xc123bb37) x22 0xc123b000
core   0: 0x80006c8e (0x41f28b33) sub     s6, t0, t6
core   0: 3 0x80006c8e (0x41f28b33) x22 0x7ffd62dc
core   0: 0x80006c92 (0x0000ce89) c.beqz  a3, pc + 26
core   0: 3 0x80006c92 (0xce89)
core   0: 0x80006c94 (0x2199b213) sltiu   tp, s3, 537
core   0: 3 0x80006c94 (0x2199b213) x4  0x00000000
core   0: 0x80006c98 (0x00008d71) c.and   a0, a2
core   0: 3 0x80006c98 (0x8d71) x10 0x00000000
core   0: 0x80006c9a (0x000006b2) c.slli  a3, 12
core   0: 3 0x80006c9a (0x06b2) x13 0x00008000
core   0: 0x80006c9c (0x03eb42b3) div     t0, s6, t5
core   0: 3 0x80006c9c (0x03eb42b3) x5  0xffffffff
core   0: 0x80006ca0 (0x02c66bb3) rem     s7, a2, a2
core   0: 3 0x80006ca0 (0x02c66bb3) x23 0x00000000
core   0: 0x80006ca4 (0x00008cd9) c.or    s1, a4
core   0: 3 0x80006ca4 (0x8cd9) x9  0x800116f3
core   0: 0x80006ca6 (0x00008dfd) c.and   a1, a5
core   0: 3 0x80006ca6 (0x8dfd) x11 0x00000000
core   0: 0x80006ca8 (0x00009afd) c.andi  a3, -1
core   0: 3 0x80006ca8 (0x9afd) x13 0x00008000
core   0: 0x80006caa (0x00008f79) c.and   a4, a4
core   0: 3 0x80006caa (0x8f79) x14 0x800116f3
core   0: 0x80006cac (0x9765a213) slti    tp, a1, -1674
core   0: 3 0x80006cac (0x9765a213) x4  0x00000000
core   0: 0x80006cb0 (0x036a67b3) rem     a5, s4, s6
core   0: 3 0x80006cb0 (0x036a67b3) x15 0x00000000
core   0: 0x80006cb4 (0x0000177d) c.addi  a4, -1
core   0: 3 0x80006cb4 (0x177d) x14 0x800116f2
core   0: 0x80006cb6 (0x033a58b3) divu    a7, s4, s3
core   0: 3 0x80006cb6 (0x033a58b3) x17 0x00000000
core   0: 0x80006cba (0x00000001) c.nop
core   0: 3 0x80006cba (0x0001)
core   0: 0x80006cbc (0x41e181b3) sub     gp, gp, t5
core   0: 3 0x80006cbc (0x41e181b3) x3  0x00000001
core   0: 0x80006cc0 (0x41d85913) srai    s2, a6, 29
core   0: 3 0x80006cc0 (0x41d85913) x18 0xfffffffc
core   0: 0x80006cc4 (0x0000e719) c.bnez  a4, pc + 14
core   0: 3 0x80006cc4 (0xe719)
core   0: 0x80006cd2 (0x0000861d) c.srai  a2, 7
core   0: 3 0x80006cd2 (0x861d) x12 0x00000000
core   0: 0x80006cd4 (0x11440e17) auipc   t3, 0x11440
core   0: 3 0x80006cd4 (0x11440e17) x28 0x91446cd4
core   0: 0x80006cd8 (0x56283293) sltiu   t0, a6, 1378
core   0: 3 0x80006cd8 (0x56283293) x5  0x00000000
core   0: 0x80006cdc (0x404c08b3) sub     a7, s8, tp
core   0: 3 0x80006cdc (0x404c08b3) x17 0x80025ea4
core   0: 0x80006ce0 (0x00008f09) c.sub   a4, a0
core   0: 3 0x80006ce0 (0x8f09) x14 0x800116f2
core   0: 0x80006ce2 (0x0066fa63) bgeu    a3, t1, pc + 20
core   0: 3 0x80006ce2 (0x0066fa63)
core   0: 0x80006cf6 (0x00d69093) slli    ra, a3, 13
core   0: 3 0x80006cf6 (0x00d69093) x1  0x10000000
core   0: 0x80006cfa (0x038c4cb3) div     s9, s8, s8
core   0: 3 0x80006cfa (0x038c4cb3) x25 0x00000001
core   0: 0x80006cfe (0x0022da93) srli    s5, t0, 2
core   0: 3 0x80006cfe (0x0022da93) x21 0x00000000
core   0: 0x80006d02 (0x00000645) c.addi  a2, 17
core   0: 3 0x80006d02 (0x0645) x12 0x00000011
core   0: 0x80006d04 (0x033bd463) bge     s7, s3, pc + 40
core   0: 3 0x80006d04 (0x033bd463)
core   0: 0x80006d08 (0xa4808693) addi    a3, ra, -1464
core   0: 3 0x80006d08 (0xa4808693) x13 0x0ffffa48
core   0: 0x80006d0c (0x002086b3) add     a3, ra, sp
core   0: 3 0x80006d0c (0x002086b3) x13 0x900116e3
core   0: 0x80006d10 (0x00480b33) add     s6, a6, tp
core   0: 3 0x80006d10 (0x00480b33) x22 0x800118b3
core   0: 0x80006d14 (0x035f5733) divu    a4, t5, s5
core   0: 3 0x80006d14 (0x035f5733) x14 0xffffffff
core   0: 0x80006d18 (0xf8c0e113) ori     sp, ra, -116
core   0: 3 0x80006d18 (0xf8c0e113) x2  0xffffff8c
core   0: 0x80006d1c (0x00c89693) slli    a3, a7, 12
core   0: 3 0x80006d1c (0x00c89693) x13 0x25ea4000
core   0: 0x80006d20 (0x02579a63) bne     a5, t0, pc + 52
core   0: 3 0x80006d20 (0x02579a63)
core   0: 0x80006d24 (0x01ffc7b3) xor     a5, t6, t6
core   0: 3 0x80006d24 (0x01ffc7b3) x15 0x00000000
core   0: 0x80006d28 (0x0319ddb3) divu    s11, s3, a7
core   0: 3 0x80006d28 (0x0319ddb3) x27 0x00000000
core   0: 0x80006d2c (0x01b48f33) add     t5, s1, s11
core   0: 3 0x80006d2c (0x01b48f33) x30 0x800116f3
core   0: 0x80006d30 (0x00008da1) c.xor   a1, s0
core   0: 3 0x80006d30 (0x8da1) x11 0x00000008
core   0: 0x80006d32 (0x00009786) c.add   a5, ra
core   0: 3 0x80006d32 (0x9786) x15 0x10000000
core   0: 0x80006d34 (0x401ed8b3) sra     a7, t4, ra
core   0: 3 0x80006d34 (0x401ed8b3) x17 0x00000008
core   0: 0x80006d38 (0x028d32b3) mulhu   t0, s10, s0
core   0: 3 0x80006d38 (0x028d32b3) x5  0x00000000
core   0: 0x80006d3c (0x412754b3) sra     s1, a4, s2
core   0: 3 0x80006d3c (0x412754b3) x9  0xffffffff
core   0: 0x80006d40 (0x00008dbd) c.xor   a1, a5
core   0: 3 0x80006d40 (0x8dbd) x11 0x10000008
core   0: 0x80006d42 (0x00a29f13) slli    t5, t0, 10
core   0: 3 0x80006d42 (0x00a29f13) x30 0x00000000
core   0: 0x80006d46 (0x036b47b3) div     a5, s6, s6
core   0: 3 0x80006d46 (0x036b47b3) x15 0x00000001
core   0: 0x80006d4a (0x00009b7d) c.andi  a4, -1
core   0: 3 0x80006d4a (0x9b7d) x14 0xffffffff
core   0: 0x80006d4c (0x00008b86) c.mv    s7, ra
core   0: 3 0x80006d4c (0x8b86) x23 0x10000000
core   0: 0x80006d4e (0x0000ef1d) c.bnez  a4, pc + 62
core   0: 3 0x80006d4e (0xef1d)
core   0: 0x80006d8c (0x00c460b3) or      ra, s0, a2
core   0: 3 0x80006d8c (0x00c460b3) x1  0x00000019
core   0: 0x80006d90 (0x020e3cb3) mulhu   s9, t3, zero
core   0: 3 0x80006d90 (0x020e3cb3) x25 0x00000000
core   0: 0x80006d94 (0x02918233) mul     tp, gp, s1
core   0: 3 0x80006d94 (0x02918233) x4  0xffffffff
core   0: 0x80006d98 (0x0000897d) c.andi  a0, 31
core   0: 3 0x80006d98 (0x897d) x10 0x00000000
core   0: 0x80006d9a (0x00000001) c.nop
core   0: 3 0x80006d9a (0x0001)
core   0: 0x80006d9c (0x007b1333) sll     t1, s6, t2
core   0: 3 0x80006d9c (0x007b1333) x6  0x800118b3
core   0: 0x80006da0 (0x00dbdb33) srl     s6, s7, a3
core   0: 3 0x80006da0 (0x00dbdb33) x22 0x10000000
core   0: 0x80006da4 (0x00008dd5) c.or    a1, a3
core   0: 3 0x80006da4 (0x8dd5) x11 0x35ea4008
core   0: 0x80006da6 (0x00b83b33) sltu    s6, a6, a1
core   0: 3 0x80006da6 (0x00b83b33) x22 0x00000000
core   0: 0x80006daa (0x066dd963) bge     s11, t1, pc + 114
core   0: 3 0x80006daa (0x066dd963)
core   0: 0x80006e1c (0x00000001) c.nop
core   0: 3 0x80006e1c (0x0001)
core   0: 0x80006e1e (0x0308e5b3) rem     a1, a7, a6
core   0: 3 0x80006e1e (0x0308e5b3) x11 0x00000008
core   0: 0x80006e22 (0x036ac863) blt     s5, s6, pc + 48
core   0: 3 0x80006e22 (0x036ac863)
core   0: 0x80006e26 (0x0000cd89) c.beqz  a1, pc + 26
core   0: 3 0x80006e26 (0xcd89)
core   0: 0x80006e28 (0x34d17617) auipc   a2, 0x34d17
core   0: 3 0x80006e28 (0x34d17617) x12 0xb4d1de28
core   0: 0x80006e2c (0x01e7e663) bltu    a5, t5, pc + 12
core   0: 3 0x80006e2c (0x01e7e663)
core   0: 0x80006e30 (0x000099ce) c.add   s3, s3
core   0: 3 0x80006e30 (0x99ce) x19 0x00000554
core   0: 0x80006e32 (0x0000093a) c.slli  s2, 14
core   0: 3 0x80006e32 (0x093a) x18 0xffff0000
core   0: 0x80006e34 (0x01995a13) srli    s4, s2, 25
core   0: 3 0x80006e34 (0x01995a13) x20 0x0000007f
core   0: 0x80006e38 (0x011450b3) srl     ra, s0, a7
core   0: 3 0x80006e38 (0x011450b3) x1  0x00000000
core   0: 0x80006e3c (0x01f0ab33) slt     s6, ra, t6
core   0: 3 0x80006e3c (0x01f0ab33) x22 0x00000000
core   0: 0x80006e40 (0x001e9993) slli    s3, t4, 1
core   0: 3 0x80006e40 (0x001e9993) x19 0x00000010
core   0: 0x80006e44 (0x5de62813) slti    a6, a2, 1502
core   0: 3 0x80006e44 (0x5de62813) x16 0x00000001
core   0: 0x80006e48 (0x01e65193) srli    gp, a2, 30
core   0: 3 0x80006e48 (0x01e65193) x3  0x00000002
core   0: 0x80006e4c (0x000086c9) c.srai  a3, 18
core   0: 3 0x80006e4c (0x86c9) x13 0x0000097a
core   0: 0x80006e4e (0x001948b3) xor     a7, s2, ra
core   0: 3 0x80006e4e (0x001948b3) x17 0xffff0000
core   0: 0x80006e52 (0x02df9b33) mulh    s6, t6, a3
core   0: 3 0x80006e52 (0x02df9b33) x22 0xfffffb43
core   0: 0x80006e56 (0xcc44c193) xori    gp, s1, -828
core   0: 3 0x80006e56 (0xcc44c193) x3  0x0000033b
core   0: 0x80006e5a (0x0387db63) bge     a5, s8, pc + 54
core   0: 3 0x80006e5a (0x0387db63)
core   0: 0x80006e90 (0x00fd9233) sll     tp, s11, a5
core   0: 3 0x80006e90 (0x00fd9233) x4  0x00000000
core   0: 0x80006e94 (0x02129863) bne     t0, ra, pc + 48
core   0: 3 0x80006e94 (0x02129863)
core   0: 0x80006e98 (0x03411163) bne     sp, s4, pc + 34
core   0: 3 0x80006e98 (0x03411163)
core   0: 0x80006eba (0x00008fd9) c.or    a5, a4
core   0: 3 0x80006eba (0x8fd9) x15 0xffffffff
core   0: 0x80006ebc (0x00989963) bne     a7, s1, pc + 18
core   0: 3 0x80006ebc (0x00989963)
core   0: 0x80006ece (0x41ab5b33) sra     s6, s6, s10
core   0: 3 0x80006ece (0x41ab5b33) x22 0xfffffb43
core   0: 0x80006ed2 (0x00413d33) sltu    s10, sp, tp
core   0: 3 0x80006ed2 (0x00413d33) x26 0x00000000
core   0: 0x80006ed6 (0x02f388b3) mul     a7, t2, a5
core   0: 3 0x80006ed6 (0x02f388b3) x17 0x84cc1000
core   0: 0x80006eda (0x4824b697) auipc   a3, 0x4824b
core   0: 3 0x80006eda (0x4824b697) x13 0xc8251eda
core   0: 0x80006ede (0xb0cf3837) lui     a6, 0xb0cf3
core   0: 3 0x80006ede (0xb0cf3837) x16 0xb0cf3000
core   0: 0x80006ee2 (0x0000c619) c.beqz  a2, pc + 14
core   0: 3 0x80006ee2 (0xc619)
core   0: 0x80006ee4 (0x00325663) bge     tp, gp, pc + 12
core   0: 3 0x80006ee4 (0x00325663)
core   0: 0x80006ee8 (0x02482233) mulhsu  tp, a6, tp
core   0: 3 0x80006ee8 (0x02482233) x4  0x00000000
core   0: 0x80006eec (0x000059fd) c.li    s3, -1
core   0: 3 0x80006eec (0x59fd) x19 0xffffffff
core   0: 0x80006eee (0x0000e989) c.bnez  a1, pc + 18
core   0: 3 0x80006eee (0xe989)
core   0: 0x80006f00 (0xdee48693) addi    a3, s1, -530
core   0: 3 0x80006f00 (0xdee48693) x13 0xfffffded
core   0: 0x80006f04 (0x011f2633) slt     a2, t5, a7
core   0: 3 0x80006f04 (0x011f2633) x12 0x00000000
core   0: 0x80006f08 (0x02634a63) blt     t1, t1, pc + 52
core   0: 3 0x80006f08 (0x02634a63)
core   0: 0x80006f0c (0x032783b3) mul     t2, a5, s2
core   0: 3 0x80006f0c (0x032783b3) x7  0x00010000
core   0: 0x80006f10 (0x973be8b7) lui     a7, 0x973be
core   0: 3 0x80006f10 (0x973be8b7) x17 0x973be000
core   0: 0x80006f14 (0x0000ee19) c.bnez  a2, pc + 30
core   0: 3 0x80006f14 (0xee19)
core   0: 0x80006f16 (0x00000862) c.slli  a6, 24
core   0: 3 0x80006f16 (0x0862) x16 0x00000000
core   0: 0x80006f18 (0x017fa733) slt     a4, t6, s7
core   0: 3 0x80006f18 (0x017fa733) x14 0x00000001
core   0: 0x80006f1c (0x02bb76b3) remu    a3, s6, a1
core   0: 3 0x80006f1c (0x02bb76b3) x13 0x00000003
core   0: 0x80006f20 (0x004f0763) beq     t5, tp, pc + 14
core   0: 3 0x80006f20 (0x004f0763)
core   0: 0x80006f2e (0x4ba73b93) sltiu   s7, a4, 1210
core   0: 3 0x80006f2e (0x4ba73b93) x23 0x00000001
core   0: 0x80006f32 (0x038445b3) div     a1, s0, s8
core   0: 3 0x80006f32 (0x038445b3) x11 0x00000000
core   0: 0x80006f36 (0x0033c833) xor     a6, t2, gp
core   0: 3 0x80006f36 (0x0033c833) x16 0x0001033b
core   0: 0x80006f3a (0x0000017e) c.slli  sp, 31
core   0: 3 0x80006f3a (0x017e) x2  0x00000000
core   0: 0x80006f3c (0x00008629) c.srai  a2, 10
core   0: 3 0x80006f3c (0x8629) x12 0x00000000
core   0: 0x80006f3e (0xefe2bc93) sltiu   s9, t0, -258
core   0: 3 0x80006f3e (0xefe2bc93) x25 0x00000001
core   0: 0x80006f42 (0x00008121) c.srli  a0, 8
core   0: 3 0x80006f42 (0x8121) x10 0x00000000
core   0: 0x80006f44 (0x00067d33) and     s10, a2, zero
core   0: 3 0x80006f44 (0x00067d33) x26 0x00000000
core   0: 0x80006f48 (0x0000803d) c.srli  s0, 15
core   0: 3 0x80006f48 (0x803d) x8  0x00000000
core   0: 0x80006f4a (0x554f3313) sltiu   t1, t5, 1364
core   0: 3 0x80006f4a (0x554f3313) x6  0x00000001
core   0: 0x80006f4e (0x0214e533) rem     a0, s1, ra
core   0: 3 0x80006f4e (0x0214e533) x10 0xffffffff
core   0: 0x80006f52 (0x03131433) mulh    s0, t1, a7
core   0: 3 0x80006f52 (0x03131433) x8  0xffffffff
core   0: 0x80006f56 (0x000080c1) c.srli  s1, 16
core   0: 3 0x80006f56 (0x80c1) x9  0x0000ffff
core   0: 0x80006f58 (0x01c32bb3) slt     s7, t1, t3
core   0: 3 0x80006f58 (0x01c32bb3) x23 0x00000000
core   0: 0x80006f5c (0x00c66f33) or      t5, a2, a2
core   0: 3 0x80006f5c (0x00c66f33) x30 0x00000000
core   0: 0x80006f60 (0x03f9c6b3) div     a3, s3, t6
core   0: 3 0x80006f60 (0x03f9c6b3) x13 0x00000000
core   0: 0x80006f64 (0x02690233) mul     tp, s2, t1
core   0: 3 0x80006f64 (0x02690233) x4  0xffff0000
core   0: 0x80006f68 (0x000083bd) c.srli  a5, 15
core   0: 3 0x80006f68 (0x83bd) x15 0x0001ffff
core   0: 0x80006f6a (0x00000f7e) c.slli  t5, 31
core   0: 3 0x80006f6a (0x0f7e) x30 0x00000000
core   0: 0x80006f6c (0x018c14b3) sll     s1, s8, s8
core   0: 3 0x80006f6c (0x018c14b3) x9  0x0025ea40
core   0: 0x80006f70 (0x0282e563) bltu    t0, s0, pc + 42
core   0: 3 0x80006f70 (0x0282e563)
core   0: 0x80006f9a (0x01eb9813) slli    a6, s7, 30
core   0: 3 0x80006f9a (0x01eb9813) x16 0x00000000
core   0: 0x80006f9e (0x00ea4233) xor     tp, s4, a4
core   0: 3 0x80006f9e (0x00ea4233) x4  0x0000007e
core   0: 0x80006fa2 (0x00000001) c.nop
core   0: 3 0x80006fa2 (0x0001)
core   0: 0x80006fa4 (0x010cd763) bge     s9, a6, pc + 14
core   0: 3 0x80006fa4 (0x010cd763)
core   0: 0x80006fb2 (0x00000001) c.nop
core   0: 3 0x80006fb2 (0x0001)
core   0: 0x80006fb4 (0x017969b3) or      s3, s2, s7
core   0: 3 0x80006fb4 (0x017969b3) x19 0xffff0000
core   0: 0x80006fb8 (0x0000e30d) c.bnez  a4, pc + 34
core   0: 3 0x80006fb8 (0xe30d)
core   0: 0x80006fda (0x000085b9) c.srai  a1, 14
core   0: 3 0x80006fda (0x85b9) x11 0x00000000
core   0: 0x80006fdc (0x004aa0b3) slt     ra, s5, tp
core   0: 3 0x80006fdc (0x004aa0b3) x1  0x00000001
core   0: 0x80006fe0 (0x4167d413) srai    s0, a5, 22
core   0: 3 0x80006fe0 (0x4167d413) x8  0x00000000
core   0: 0x80006fe4 (0x00008f41) c.or    a4, s0
core   0: 3 0x80006fe4 (0x8f41) x14 0x00000001
core   0: 0x80006fe6 (0x00250463) beq     a0, sp, pc + 8
core   0: 3 0x80006fe6 (0x00250463)
core   0: 0x80006fea (0x755ae093) ori     ra, s5, 1877
core   0: 3 0x80006fea (0x755ae093) x1  0x00000755
core   0: 0x80006fee (0x00321313) slli    t1, tp, 3
core   0: 3 0x80006fee (0x00321313) x6  0x000003f0
core   0: 0x80006ff2 (0x01769213) slli    tp, a3, 23
core   0: 3 0x80006ff2 (0x01769213) x4  0x00000000
core   0: 0x80006ff6 (0x01502033) slt     zero, zero, s5
core   0: 3 0x80006ff6 (0x01502033)
core   0: 0x80006ffa (0x0286f563) bgeu    a3, s0, pc + 42
core   0: 3 0x80006ffa (0x0286f563)
core   0: 0x80007024 (0x03cda533) mulhsu  a0, s11, t3
core   0: 3 0x80007024 (0x03cda533) x10 0x00000000
core   0: 0x80007028 (0x01fc15b3) sll     a1, s8, t6
core   0: 3 0x80007028 (0x01fc15b3) x11 0x0025ea40
core   0: 0x8000702c (0x0112df13) srli    t5, t0, 17
core   0: 3 0x8000702c (0x0112df13) x30 0x00000000
core   0: 0x80007030 (0x026a07b3) mul     a5, s4, t1
core   0: 3 0x80007030 (0x026a07b3) x15 0x0001f410
core   0: 0x80007034 (0x00008d1d) c.sub   a0, a5
core   0: 3 0x80007034 (0x8d1d) x10 0xfffe0bf0
core   0: 0x80007036 (0x00000001) c.nop
core   0: 3 0x80007036 (0x0001)
core   0: 0x80007038 (0x00008ba2) c.mv    s7, s0
core   0: 3 0x80007038 (0x8ba2) x23 0x00000000
core   0: 0x8000703a (0x6e93c413) xori    s0, t2, 1769
core   0: 3 0x8000703a (0x6e93c413) x8  0x000106e9
core   0: 0x8000703e (0x41e0d2b3) sra     t0, ra, t5
core   0: 3 0x8000703e (0x41e0d2b3) x5  0x00000755
core   0: 0x80007042 (0x01591033) sll     zero, s2, s5
core   0: 3 0x80007042 (0x01591033)
core   0: 0x80007046 (0x03945233) divu    tp, s0, s9
core   0: 3 0x80007046 (0x03945233) x4  0x000106e9
core   0: 0x8000704a (0x00008d55) c.or    a0, a3
core   0: 3 0x8000704a (0x8d55) x10 0xfffe0bf0
core   0: 0x8000704c (0x037bb733) mulhu   a4, s7, s7
core   0: 3 0x8000704c (0x037bb733) x14 0x00000000
core   0: 0x80007050 (0x03daa6b3) mulhsu  a3, s5, t4
core   0: 3 0x80007050 (0x03daa6b3) x13 0x00000000
core   0: 0x80007054 (0x03c2cb63) blt     t0, t3, pc + 54
core   0: 3 0x80007054 (0x03c2cb63)
core   0: 0x80007058 (0x40b9de13) srai    t3, s3, 11
core   0: 3 0x80007058 (0x40b9de13) x28 0xffffffe0
core   0: 0x8000705c (0x00008e39) c.xor   a2, a4
core   0: 3 0x8000705c (0x8e39) x12 0x00000000
core   0: 0x8000705e (0x00001c08) c.addi4spn a0, sp, 560
core   0: 3 0x8000705e (0x1c08) x10 0x00000230
core   0: 0x80007060 (0x00008415) c.srai  s0, 5
core   0: 3 0x80007060 (0x8415) x8  0x00000837
core   0: 0x80007062 (0x000000c2) c.slli  ra, 16
core   0: 3 0x80007062 (0x00c2) x1  0x07550000
core   0: 0x80007064 (0x02b26d33) rem     s10, tp, a1
core   0: 3 0x80007064 (0x02b26d33) x26 0x000106e9
core   0: 0x80007068 (0x0000832a) c.mv    t1, a0
core   0: 3 0x80007068 (0x832a) x6  0x00000230
core   0: 0x8000706a (0x0156a433) slt     s0, a3, s5
core   0: 3 0x8000706a (0x0156a433) x8  0x00000000
core   0: 0x8000706e (0x00a4d7b3) srl     a5, s1, a0
core   0: 3 0x8000706e (0x00a4d7b3) x15 0x00000025
core   0: 0x80007072 (0x007cfe33) and     t3, s9, t2
core   0: 3 0x80007072 (0x007cfe33) x28 0x00000000
core   0: 0x80007076 (0x000001ee) c.slli  gp, 27
core   0: 3 0x80007076 (0x01ee) x3  0xd8000000
core   0: 0x80007078 (0x400e5513) srai    a0, t3, 0
core   0: 3 0x80007078 (0x400e5513) x10 0x00000000
core   0: 0x8000707c (0x0346e763) bltu    a3, s4, pc + 46
core   0: 3 0x8000707c (0x0346e763)
core   0: 0x800070aa (0x00000001) c.nop
core   0: 3 0x800070aa (0x0001)
core   0: 0x800070ac (0x0000c285) c.beqz  a3, pc + 32
core   0: 3 0x800070ac (0xc285)
core   0: 0x800070cc (0xb8587597) auipc   a1, 0xb8587
core   0: 3 0x800070cc (0xb8587597) x11 0x3858e0cc
core   0: 0x800070d0 (0x00000001) c.nop
core   0: 3 0x800070d0 (0x0001)
core   0: 0x800070d2 (0x030e4633) div     a2, t3, a6
core   0: 3 0x800070d2 (0x030e4633) x12 0xffffffff
core   0: 0x800070d6 (0xf32b2013) slti    zero, s6, -206
core   0: 3 0x800070d6 (0xf32b2013)
core   0: 0x800070da (0x03dd9233) mulh    tp, s11, t4
core   0: 3 0x800070da (0x03dd9233) x4  0x00000000
core   0: 0x800070de (0x018e5393) srli    t2, t3, 24
core   0: 3 0x800070de (0x018e5393) x7  0x00000000
core   0: 0x800070e2 (0x1275e293) ori     t0, a1, 295
core   0: 3 0x800070e2 (0x1275e293) x5  0x3858e1ef
core   0: 0x800070e6 (0x01fa2033) slt     zero, s4, t6
core   0: 3 0x800070e6 (0x01fa2033)
core   0: 0x800070ea (0x0260c6b3) div     a3, ra, t1
core   0: 3 0x800070ea (0x0260c6b3) x13 0x00035a0e
core   0: 0x800070ee (0x79644493) xori    s1, s0, 1942
core   0: 3 0x800070ee (0x79644493) x9  0x00000796
core   0: 0x800070f2 (0x02b437b3) mulhu   a5, s0, a1
core   0: 3 0x800070f2 (0x02b437b3) x15 0x00000000
core   0: 0x800070f6 (0x0000187d) c.addi  a6, -1
core   0: 3 0x800070f6 (0x187d) x16 0xffffffff
core   0: 0x800070f8 (0x01a85963) bge     a6, s10, pc + 18
core   0: 3 0x800070f8 (0x01a85963)
core   0: 0x800070fc (0x03df6113) ori     sp, t5, 61
core   0: 3 0x800070fc (0x03df6113) x2  0x0000003d
core   0: 0x80007100 (0x00008869) c.andi  s0, 26
core   0: 3 0x80007100 (0x8869) x8  0x00000000
core   0: 0x80007102 (0xc6c27993) andi    s3, tp, -916
core   0: 3 0x80007102 (0xc6c27993) x19 0x00000000
core   0: 0x80007106 (0x01805013) srli    zero, zero, 24
core   0: 3 0x80007106 (0x01805013)
core   0: 0x8000710a (0x02465233) divu    tp, a2, tp
core   0: 3 0x8000710a (0x02465233) x4  0xffffffff
core   0: 0x8000710e (0x02bb6263) bltu    s6, a1, pc + 36
core   0: 3 0x8000710e (0x02bb6263)
core   0: 0x80007112 (0x01f95193) srli    gp, s2, 31
core   0: 3 0x80007112 (0x01f95193) x3  0x00000001
core   0: 0x80007116 (0x03ed1863) bne     s10, t5, pc + 48
core   0: 3 0x80007116 (0x03ed1863)
core   0: 0x80007146 (0x034d9063) bne     s11, s4, pc + 32
core   0: 3 0x80007146 (0x034d9063)
core   0: 0x80007166 (0x03712db3) mulhsu  s11, sp, s7
core   0: 3 0x80007166 (0x03712db3) x27 0x00000000
core   0: 0x8000716a (0x034b1063) bne     s6, s4, pc + 32
core   0: 3 0x8000716a (0x034b1063)
core   0: 0x8000718a (0x027cc833) div     a6, s9, t2
core   0: 3 0x8000718a (0x027cc833) x16 0xffffffff
core   0: 0x8000718e (0x00000a0c) c.addi4spn a1, sp, 272
core   0: 3 0x8000718e (0x0a0c) x11 0x0000014d
core   0: 0x80007190 (0x00009bd6) c.add   s7, s5
core   0: 3 0x80007190 (0x9bd6) x23 0x00000000
core   0: 0x80007192 (0x03d542b3) div     t0, a0, t4
core   0: 3 0x80007192 (0x03d542b3) x5  0x00000000
core   0: 0x80007196 (0xfe527013) andi    zero, tp, -27
core   0: 3 0x80007196 (0xfe527013)
core   0: 0x8000719a (0x036d4b33) div     s6, s10, s6
core   0: 3 0x8000719a (0x036d4b33) x22 0xffffffc9
core   0: 0x8000719e (0x00000310) c.addi4spn a2, sp, 384
core   0: 3 0x8000719e (0x0310) x12 0x000001bd
core   0: 0x800071a0 (0x30e7a113) slti    sp, a5, 782
core   0: 3 0x800071a0 (0x30e7a113) x2  0x00000001
core   0: 0x800071a4 (0x404c0e33) sub     t3, s8, tp
core   0: 3 0x800071a4 (0x404c0e33) x28 0x80025ea5
core   0: 0x800071a8 (0x02a75e33) divu    t3, a4, a0
core   0: 3 0x800071a8 (0x02a75e33) x28 0xffffffff
core   0: 0x800071ac (0x000060b1) c.lui   ra, 0xc
core   0: 3 0x800071ac (0x60b1) x1  0x0000c000
core   0: 0x800071ae (0x00008d89) c.sub   a1, a0
core   0: 3 0x800071ae (0x8d89) x11 0x0000014d
core   0: 0x800071b0 (0xdb382693) slti    a3, a6, -589
core   0: 3 0x800071b0 (0xdb382693) x13 0x00000000
core   0: 0x800071b4 (0xd0e25237) lui     tp, 0xd0e25
core   0: 3 0x800071b4 (0xd0e25237) x4  0xd0e25000
core   0: 0x800071b8 (0x039e0333) mul     t1, t3, s9
core   0: 3 0x800071b8 (0x039e0333) x6  0xffffffff
core   0: 0x800071bc (0x34de3a93) sltiu   s5, t3, 845
core   0: 3 0x800071bc (0x34de3a93) x21 0x00000000
core   0: 0x800071c0 (0x01093333) sltu    t1, s2, a6
core   0: 3 0x800071c0 (0x01093333) x6  0x00000001
core   0: 0x800071c4 (0x00008585) c.srai  a1, 1
core   0: 3 0x800071c4 (0x8585) x11 0x000000a6
core   0: 0x800071c6 (0x0195dd63) bge     a1, s9, pc + 26
core   0: 3 0x800071c6 (0x0195dd63)
core   0: 0x800071e0 (0x00008621) c.srai  a2, 8
core   0: 3 0x800071e0 (0x8621) x12 0x00000001
core   0: 0x800071e2 (0x00009bda) c.add   s7, s6
core   0: 3 0x800071e2 (0x9bda) x23 0xffffffc9
core   0: 0x800071e4 (0x00008a25) c.andi  a2, 9
core   0: 3 0x800071e4 (0x8a25) x12 0x00000001
core   0: 0x800071e6 (0x251688b7) lui     a7, 0x25168
core   0: 3 0x800071e6 (0x251688b7) x17 0x25168000
core   0: 0x800071ea (0x00008fb9) c.xor   a5, a4
core   0: 3 0x800071ea (0x8fb9) x15 0x00000000
core   0: 0x800071ec (0x0000052a) c.slli  a0, 10
core   0: 3 0x800071ec (0x052a) x10 0x00000000
core   0: 0x800071ee (0x02a16ab3) rem     s5, sp, a0
core   0: 3 0x800071ee (0x02a16ab3) x21 0x00000001
core   0: 0x800071f2 (0x00008f89) c.sub   a5, a0
core   0: 3 0x800071f2 (0x8f89) x15 0x00000000
core   0: 0x800071f4 (0x00008edd) c.or    a3, a5
core   0: 3 0x800071f4 (0x8edd) x13 0x00000000
core   0: 0x800071f6 (0x02294433) div     s0, s2, sp
core   0: 3 0x800071f6 (0x02294433) x8  0xffff0000
core   0: 0x800071fa (0x00008ca9) c.xor   s1, a0
core   0: 3 0x800071fa (0x8ca9) x9  0x00000796
core   0: 0x800071fc (0x41ad0db3) sub     s11, s10, s10
core   0: 3 0x800071fc (0x41ad0db3) x27 0x00000000
core   0: 0x80007200 (0x07497793) andi    a5, s2, 116
core   0: 3 0x80007200 (0x07497793) x15 0x00000000
core   0: 0x80007204 (0xbd6bc613) xori    a2, s7, -1066
core   0: 3 0x80007204 (0xbd6bc613) x12 0x0000041f
core   0: 0x80007208 (0x00008192) c.mv    gp, tp
core   0: 3 0x80007208 (0x8192) x3  0xd0e25000
core   0: 0x8000720a (0x4156d4b3) sra     s1, a3, s5
core   0: 3 0x8000720a (0x4156d4b3) x9  0x00000000
core   0: 0x8000720e (0x0000981a) c.add   a6, t1
core   0: 3 0x8000720e (0x981a) x16 0x00000000
core   0: 0x80007210 (0x01f11863) bne     sp, t6, pc + 16
core   0: 3 0x80007210 (0x01f11863)
core   0: 0x80007220 (0x0c734463) blt     t1, t2, pc + 200
core   0: 3 0x80007220 (0x0c734463)
core   0: 0x80007224 (0x0366cb33) div     s6, a3, s6
core   0: 3 0x80007224 (0x0366cb33) x22 0x00000000
core   0: 0x80007228 (0x412e0ab3) sub     s5, t3, s2
core   0: 3 0x80007228 (0x412e0ab3) x21 0x0000ffff
core   0: 0x8000722c (0x00008885) c.andi  s1, 1
core   0: 3 0x8000722c (0x8885) x9  0x00000000
core   0: 0x8000722e (0x00009c97) auipc   s9, 0x9
core   0: 3 0x8000722e (0x00009c97) x25 0x8001022e
core   0: 0x80007232 (0x4b3c8c93) addi    s9, s9, 1203
core   0: 3 0x80007232 (0x4b3c8c93) x25 0x800106e1
core   0: 0x80007236 (0x00058033) add     zero, a1, zero
core   0: 3 0x80007236 (0x00058033)
core   0: 0x8000723a (0x00008189) c.srli  a1, 2
core   0: 3 0x8000723a (0x8189) x11 0x00000029
core   0: 0x8000723c (0x03431333) mulh    t1, t1, s4
core   0: 3 0x8000723c (0x03431333) x6  0x00000000
core   0: 0x80007240 (0x00008dcd) c.or    a1, a1
core   0: 3 0x80007240 (0x8dcd) x11 0x00000029
core   0: 0x80007242 (0x00acc283) lbu     t0, 10(s9)
core   0: 3 0x80007242 (0x00acc283) x5  0x00000009 mem 0x800106eb
core   0: 0x80007246 (0xfebc8e23) sb      a1, -4(s9)
core   0: 3 0x80007246 (0xfebc8e23) mem 0x800106dd 0x29
core   0: 0x8000724a (0x0141e2b3) or      t0, gp, s4
core   0: 3 0x8000724a (0x0141e2b3) x5  0xd0e2507f
core   0: 0x8000724e (0x014a5333) srl     t1, s4, s4
core   0: 3 0x8000724e (0x014a5333) x6  0x00000000
core   0: 0x80007252 (0x000081f9) c.srli  a1, 30
core   0: 3 0x80007252 (0x81f9) x11 0x00000000
core   0: 0x80007254 (0x403a05b3) sub     a1, s4, gp
core   0: 3 0x80007254 (0x403a05b3) x11 0x2f1db07f
core   0: 0x80007258 (0x00005a7d) c.li    s4, -1
core   0: 3 0x80007258 (0x5a7d) x20 0xffffffff
core   0: 0x8000725a (0xff0cc583) lbu     a1, -16(s9)
core   0: 3 0x8000725a (0xff0cc583) x11 0x00000086 mem 0x800106d1
core   0: 0x8000725e (0xffccc583) lbu     a1, -4(s9)
core   0: 3 0x8000725e (0xffccc583) x11 0x00000029 mem 0x800106dd
core   0: 0x80007262 (0x0000928e) c.add   t0, gp
core   0: 3 0x80007262 (0x928e) x5  0xa1c4a07f
core   0: 0x80007264 (0x00831293) slli    t0, t1, 8
core   0: 3 0x80007264 (0x00831293) x5  0x00000000
core   0: 0x80007268 (0x01505593) srli    a1, zero, 21
core   0: 3 0x80007268 (0x01505593) x11 0x00000000
core   0: 0x8000726c (0xff6c8a03) lb      s4, -10(s9)
core   0: 3 0x8000726c (0xff6c8a03) x20 0x00000018 mem 0x800106d7
core   0: 0x80007270 (0x0065d2b3) srl     t0, a1, t1
core   0: 3 0x80007270 (0x0065d2b3) x5  0x00000000
core   0: 0x80007274 (0x01619013) slli    zero, gp, 22
core   0: 3 0x80007274 (0x01619013)
core   0: 0x80007278 (0x02337333) remu    t1, t1, gp
core   0: 3 0x80007278 (0x02337333) x6  0x00000000
core   0: 0x8000727c (0x00000001) c.nop
core   0: 3 0x8000727c (0x0001)
core   0: 0x8000727e (0x026361b3) rem     gp, t1, t1
core   0: 3 0x8000727e (0x026361b3) x3  0x00000000
core   0: 0x80007282 (0x026a62b3) rem     t0, s4, t1
core   0: 3 0x80007282 (0x026a62b3) x5  0x00000018
core   0: 0x80007286 (0x003c9003) lh      zero, 3(s9)
core   0: 3 0x80007286 (0x003c9003) mem 0x800106e4
core   0: 0x8000728a (0xfe0c8aa3) sb      zero, -11(s9)
core   0: 3 0x8000728a (0xfe0c8aa3) mem 0x800106d6 0x00
core   0: 0x8000728e (0x00b5ca33) xor     s4, a1, a1
core   0: 3 0x8000728e (0x00b5ca33) x20 0x00000000
core   0: 0x80007292 (0x02518a33) mul     s4, gp, t0
core   0: 3 0x80007292 (0x02518a33) x20 0x00000000
core   0: 0x80007296 (0x88fa2a13) slti    s4, s4, -1905
core   0: 3 0x80007296 (0x88fa2a13) x20 0x00000000
core   0: 0x8000729a (0x414182b3) sub     t0, gp, s4
core   0: 3 0x8000729a (0x414182b3) x5  0x00000000
core   0: 0x8000729e (0x023372b3) remu    t0, t1, gp
core   0: 3 0x8000729e (0x023372b3) x5  0x00000000
core   0: 0x800072a2 (0x0051d033) srl     zero, gp, t0
core   0: 3 0x800072a2 (0x0051d033)
core   0: 0x800072a6 (0xffdcda03) lhu     s4, -3(s9)
core   0: 3 0x800072a6 (0xffdcda03) x20 0x000073f7 mem 0x800106de
core   0: 0x800072aa (0x0111d013) srli    zero, gp, 17
core   0: 3 0x800072aa (0x0111d013)
core   0: 0x800072ae (0xfe5cafa3) sw      t0, -1(s9)
core   0: 3 0x800072ae (0xfe5cafa3) mem 0x800106e0 0x00000000
core   0: 0x800072b2 (0x003c91a3) sh      gp, 3(s9)
core   0: 3 0x800072b2 (0x003c91a3) mem 0x800106e4 0x0000
core   0: 0x800072b6 (0x0000109c) c.addi4spn a5, sp, 96
core   0: 3 0x800072b6 (0x109c) x15 0x00000061
core   0: 0x800072b8 (0x00711813) slli    a6, sp, 7
core   0: 3 0x800072b8 (0x00711813) x16 0x00000080
core   0: 0x800072bc (0x00008059) c.srli  s0, 22
core   0: 3 0x800072bc (0x8059) x8  0x000003ff
core   0: 0x800072be (0x000091e2) c.add   gp, s8
core   0: 3 0x800072be (0x91e2) x3  0x80025ea4
core   0: 0x800072c0 (0x00001e14) c.addi4spn a3, sp, 816
core   0: 3 0x800072c0 (0x1e14) x13 0x00000331
core   0: 0x800072c2 (0x003b9493) slli    s1, s7, 3
core   0: 3 0x800072c2 (0x003b9493) x9  0xfffffe48
core   0: 0x800072c6 (0x01286e33) or      t3, a6, s2
core   0: 3 0x800072c6 (0x01286e33) x28 0xffff0080
core   0: 0x800072ca (0x0000ce19) c.beqz  a2, pc + 30
core   0: 3 0x800072ca (0xce19)
core   0: 0x800072cc (0x41145693) srai    a3, s0, 17
core   0: 3 0x800072cc (0x41145693) x13 0x00000000
core   0: 0x800072d0 (0x41e15c93) srai    s9, sp, 30
core   0: 3 0x800072d0 (0x41e15c93) x25 0x00000000
core   0: 0x800072d4 (0x028851b3) divu    gp, a6, s0
core   0: 3 0x800072d4 (0x028851b3) x3  0x00000000
core   0: 0x800072d8 (0x410c0733) sub     a4, s8, a6
core   0: 3 0x800072d8 (0x410c0733) x14 0x80025e24
core   0: 0x800072dc (0xd3b50613) addi    a2, a0, -709
core   0: 3 0x800072dc (0xd3b50613) x12 0xfffffd3b
core   0: 0x800072e0 (0x03be3333) mulhu   t1, t3, s11
core   0: 3 0x800072e0 (0x03be3333) x6  0x00000000
core   0: 0x800072e4 (0x51e6f993) andi    s3, a3, 1310
core   0: 3 0x800072e4 (0x51e6f993) x19 0x00000000
core   0: 0x800072e8 (0x01d9bcb3) sltu    s9, s3, t4
core   0: 3 0x800072e8 (0x01d9bcb3) x25 0x00000001
core   0: 0x800072ec (0x0118c663) blt     a7, a7, pc + 12
core   0: 3 0x800072ec (0x0118c663)
core   0: 0x800072f0 (0x0319aa33) mulhsu  s4, s3, a7
core   0: 3 0x800072f0 (0x0319aa33) x20 0x00000000
core   0: 0x800072f4 (0x00006179) c.addi16sp sp, 464
core   0: 3 0x800072f4 (0x6179) x2  0x000001d1
core   0: 0x800072f6 (0x0000717d) c.addi16sp sp, -16
core   0: 3 0x800072f6 (0x717d) x2  0x000001c1
core   0: 0x800072f8 (0x00a6df63) bge     a3, a0, pc + 30
core   0: 3 0x800072f8 (0x00a6df63)
core   0: 0x80007316 (0xfecf0d93) addi    s11, t5, -20
core   0: 3 0x80007316 (0xfecf0d93) x27 0xffffffec
core   0: 0x8000731a (0x000003b1) c.addi  t2, 12
core   0: 3 0x8000731a (0x03b1) x7  0x0000000c
core   0: 0x8000731c (0x03256833) rem     a6, a0, s2
core   0: 3 0x8000731c (0x03256833) x16 0x00000000
core   0: 0x80007320 (0x00d2e6b3) or      a3, t0, a3
core   0: 3 0x80007320 (0x00d2e6b3) x13 0x00000000
core   0: 0x80007324 (0x00008221) c.srli  a2, 8
core   0: 3 0x80007324 (0x8221) x12 0x00fffffd
core   0: 0x80007326 (0x00008d29) c.xor   a0, a0
core   0: 3 0x80007326 (0x8d29) x10 0x00000000
core   0: 0x80007328 (0x0376fb33) remu    s6, a3, s7
core   0: 3 0x80007328 (0x0376fb33) x22 0x00000000
core   0: 0x8000732c (0x00005a7d) c.li    s4, -1
core   0: 3 0x8000732c (0x5a7d) x20 0xffffffff
core   0: 0x8000732e (0x01fa0463) beq     s4, t6, pc + 8
core   0: 3 0x8000732e (0x01fa0463)
core   0: 0x80007332 (0x41025613) srai    a2, tp, 16
core   0: 3 0x80007332 (0x41025613) x12 0xffffd0e2
core   0: 0x80007336 (0x015c92b3) sll     t0, s9, s5
core   0: 3 0x80007336 (0x015c92b3) x5  0x80000000
core   0: 0x8000733a (0x033ee0b3) rem     ra, t4, s3
core   0: 3 0x8000733a (0x033ee0b3) x1  0x00000008
core   0: 0x8000733e (0x0000cf11) c.beqz  a4, pc + 28
core   0: 3 0x8000733e (0xcf11)
core   0: 0x80007340 (0x03d43533) mulhu   a0, s0, t4
core   0: 3 0x80007340 (0x03d43533) x10 0x00000000
core   0: 0x80007344 (0x00000001) c.nop
core   0: 3 0x80007344 (0x0001)
core   0: 0x80007346 (0x0228a6b3) mulhsu  a3, a7, sp
core   0: 3 0x80007346 (0x0228a6b3) x13 0x00000041
core   0: 0x8000734a (0x021dc1b3) div     gp, s11, ra
core   0: 3 0x8000734a (0x021dc1b3) x3  0xfffffffe
core   0: 0x8000734e (0x00008ee1) c.and   a3, s0
core   0: 3 0x8000734e (0x8ee1) x13 0x00000041
core   0: 0x80007350 (0x02d9fa63) bgeu    s3, a3, pc + 52
core   0: 3 0x80007350 (0x02d9fa63)
core   0: 0x80007354 (0x00006e75) c.lui   t3, 0x1d
core   0: 3 0x80007354 (0x6e75) x28 0x0001d000
core   0: 0x80007356 (0x025f06b3) mul     a3, t5, t0
core   0: 3 0x80007356 (0x025f06b3) x13 0x00000000
core   0: 0x8000735a (0x035a7d63) bgeu    s4, s5, pc + 58
core   0: 3 0x8000735a (0x035a7d63)
core   0: 0x80007394 (0x7ca7e537) lui     a0, 0x7ca7e
core   0: 3 0x80007394 (0x7ca7e537) x10 0x7ca7e000
core   0: 0x80007398 (0x00450db3) add     s11, a0, tp
core   0: 3 0x80007398 (0x00450db3) x27 0x4d8a3000
core   0: 0x8000739c (0x216c7d93) andi    s11, s8, 534
core   0: 3 0x8000739c (0x216c7d93) x27 0x00000204
core   0: 0x800073a0 (0x0000990e) c.add   s2, gp
core   0: 3 0x800073a0 (0x990e) x18 0xfffefffe
core   0: 0x800073a2 (0x00000001) c.nop
core   0: 3 0x800073a2 (0x0001)
core   0: 0x800073a4 (0x03fc2f33) mulhsu  t5, s8, t6
core   0: 3 0x800073a4 (0x03fc2f33) x30 0xbfffe0c6
core   0: 0x800073a8 (0xad5be893) ori     a7, s7, -1323
core   0: 3 0x800073a8 (0xad5be893) x17 0xffffffdd
core   0: 0x800073ac (0x00001708) c.addi4spn a0, sp, 928
core   0: 3 0x800073ac (0x1708) x10 0x00000561
core   0: 0x800073ae (0x411f83b3) sub     t2, t6, a7
core   0: 3 0x800073ae (0x411f83b3) x7  0x80029d47
core   0: 0x800073b2 (0x0098dc63) bge     a7, s1, pc + 24
core   0: 3 0x800073b2 (0x0098dc63)
core   0: 0x800073ca (0x43fe96b7) lui     a3, 0x43fe9
core   0: 3 0x800073ca (0x43fe96b7) x13 0x43fe9000
core   0: 0x800073ce (0x411cd293) srai    t0, s9, 17
core   0: 3 0x800073ce (0x411cd293) x5  0x00000000
core   0: 0x800073d2 (0x00d71813) slli    a6, a4, 13
core   0: 3 0x800073d2 (0x00d71813) x16 0x4bc48000
core   0: 0x800073d6 (0x00000001) c.nop
core   0: 3 0x800073d6 (0x0001)
core   0: 0x800073d8 (0x00000001) c.nop
core   0: 3 0x800073d8 (0x0001)
core   0: 0x800073da (0x000082ed) c.srli  a3, 27
core   0: 3 0x800073da (0x82ed) x13 0x00000008
core   0: 0x800073dc (0x01319e13) slli    t3, gp, 19
core   0: 3 0x800073dc (0x01319e13) x28 0xfff00000
core   0: 0x800073e0 (0x017c6d33) or      s10, s8, s7
core   0: 3 0x800073e0 (0x017c6d33) x26 0xffffffed
core   0: 0x800073e4 (0x017a6ab3) or      s5, s4, s7
core   0: 3 0x800073e4 (0x017a6ab3) x21 0xffffffff
core   0: 0x800073e8 (0x019f57b3) srl     a5, t5, s9
core   0: 3 0x800073e8 (0x019f57b3) x15 0x5ffff063
core   0: 0x800073ec (0x00008e11) c.sub   a2, a2
core   0: 3 0x800073ec (0x8e11) x12 0x00000000
core   0: 0x800073ee (0x00001d8c) c.addi4spn a1, sp, 752
core   0: 3 0x800073ee (0x1d8c) x11 0x000004b1
core   0: 0x800073f0 (0x008e9bb3) sll     s7, t4, s0
core   0: 3 0x800073f0 (0x008e9bb3) x23 0x00000000
core   0: 0x800073f4 (0x0000c68d) c.beqz  a3, pc + 42
core   0: 3 0x800073f4 (0xc68d)
core   0: 0x800073f6 (0x01965d33) srl     s10, a2, s9
core   0: 3 0x800073f6 (0x01965d33) x26 0x00000000
core   0: 0x800073fa (0x01229e63) bne     t0, s2, pc + 28
core   0: 3 0x800073fa (0x01229e63)
core   0: 0x80007416 (0x02338163) beq     t2, gp, pc + 34
core   0: 3 0x80007416 (0x02338163)
core   0: 0x8000741a (0x40845b93) srai    s7, s0, 8
core   0: 3 0x8000741a (0x40845b93) x23 0x00000003
core   0: 0x8000741e (0x13283893) sltiu   a7, a6, 306
core   0: 3 0x8000741e (0x13283893) x17 0x00000000
core   0: 0x80007422 (0x00e0d413) srli    s0, ra, 14
core   0: 3 0x80007422 (0x00e0d413) x8  0x00000000
core   0: 0x80007426 (0x00000001) c.nop
core   0: 3 0x80007426 (0x0001)
core   0: 0x80007428 (0x0000147d) c.addi  s0, -1
core   0: 3 0x80007428 (0x147d) x8  0xffffffff
core   0: 0x8000742a (0x024d7163) bgeu    s10, tp, pc + 34
core   0: 3 0x8000742a (0x024d7163)
core   0: 0x8000742e (0x01504663) blt     zero, s5, pc + 12
core   0: 3 0x8000742e (0x01504663)
core   0: 0x80007432 (0x00000001) c.nop
core   0: 3 0x80007432 (0x0001)
core   0: 0x80007434 (0x005751b3) srl     gp, a4, t0
core   0: 3 0x80007434 (0x005751b3) x3  0x80025e24
core   0: 0x80007438 (0x00006da9) c.lui   s11, 0xa
core   0: 3 0x80007438 (0x6da9) x27 0x0000a000
core   0: 0x8000743a (0x404808b3) sub     a7, a6, tp
core   0: 3 0x8000743a (0x404808b3) x17 0x7ae23000
core   0: 0x8000743e (0x031e17b3) mulh    a5, t3, a7
core   0: 3 0x8000743e (0x031e17b3) x15 0xfff851dd
core   0: 0x80007442 (0x0000875d) c.srai  a4, 23
core   0: 3 0x80007442 (0x875d) x14 0xffffff00
core   0: 0x80007444 (0x00e907b3) add     a5, s2, a4
core   0: 3 0x80007444 (0x00e907b3) x15 0xfffefefe
core   0: 0x80007448 (0x9466e4b7) lui     s1, 0x9466e
core   0: 3 0x80007448 (0x9466e4b7) x9  0x9466e000
core   0: 0x8000744c (0xbba78793) addi    a5, a5, -1094
core   0: 3 0x8000744c (0xbba78793) x15 0xfffefab8
core   0: 0x80007450 (0x05a8c063) blt     a7, s10, pc + 64
core   0: 3 0x80007450 (0x05a8c063)
core   0: 0x80007454 (0x00004781) c.li    a5, 0
core   0: 3 0x80007454 (0x4781) x15 0x00000000
core   0: 0x80007456 (0x013d8863) beq     s11, s3, pc + 16
core   0: 3 0x80007456 (0x013d8863)
core   0: 0x8000745a (0xe28b3513) sltiu   a0, s6, -472
core   0: 3 0x8000745a (0xe28b3513) x10 0x00000001
core   0: 0x8000745e (0x0023d263) bge     t2, sp, pc + 4
core   0: 3 0x8000745e (0x0023d263)
core   0: 0x80007462 (0xcce42313) slti    t1, s0, -818
core   0: 3 0x80007462 (0xcce42313) x6  0x00000000
core   0: 0x80007466 (0x40e38a33) sub     s4, t2, a4
core   0: 3 0x80007466 (0x40e38a33) x20 0x80029e47
core   0: 0x8000746a (0x00f42a33) slt     s4, s0, a5
core   0: 3 0x8000746a (0x00f42a33) x20 0x00000001
core   0: 0x8000746e (0x035c5763) bge     s8, s5, pc + 46
core   0: 3 0x8000746e (0x035c5763)
core   0: 0x80007472 (0x027bf663) bgeu    s7, t2, pc + 44
core   0: 3 0x80007472 (0x027bf663)
core   0: 0x80007476 (0x6877fb13) andi    s6, a5, 1671
core   0: 3 0x80007476 (0x6877fb13) x22 0x00000000
core   0: 0x8000747a (0xa128b693) sltiu   a3, a7, -1518
core   0: 3 0x8000747a (0xa128b693) x13 0x00000001
core   0: 0x8000747e (0x0380c4b3) div     s1, ra, s8
core   0: 3 0x8000747e (0x0380c4b3) x9  0x00000000
core   0: 0x80007482 (0x00006d35) c.lui   s10, 0xd
core   0: 3 0x80007482 (0x6d35) x26 0x0000d000
core   0: 0x80007484 (0x00008da9) c.xor   a1, a0
core   0: 3 0x80007484 (0x8da9) x11 0x000004b0
core   0: 0x80007486 (0x01a70e63) beq     a4, s10, pc + 28
core   0: 3 0x80007486 (0x01a70e63)
core   0: 0x8000748a (0x00008a19) c.andi  a2, 6
core   0: 3 0x8000748a (0x8a19) x12 0x00000000
core   0: 0x8000748c (0x02b27233) remu    tp, tp, a1
core   0: 3 0x8000748c (0x02b27233) x4  0x00000220
core   0: 0x80007490 (0x15eb8393) addi    t2, s7, 350
core   0: 3 0x80007490 (0x15eb8393) x7  0x00000161
core   0: 0x80007494 (0x0000177d) c.addi  a4, -1
core   0: 3 0x80007494 (0x177d) x14 0xfffffeff
core   0: 0x80007496 (0x020bc833) div     a6, s7, zero
core   0: 3 0x80007496 (0x020bc833) x16 0xffffffff
core   0: 0x8000749a (0x0000717d) c.addi16sp sp, -16
core   0: 3 0x8000749a (0x717d) x2  0x000001b1
core   0: 0x8000749c (0x00004629) c.li    a2, 10
core   0: 3 0x8000749c (0x4629) x12 0x0000000a
core   0: 0x8000749e (0x028f9d33) mulh    s10, t6, s0
core   0: 3 0x8000749e (0x028f9d33) x26 0x00000000
core   0: 0x800074a2 (0x0116a633) slt     a2, a3, a7
core   0: 3 0x800074a2 (0x0116a633) x12 0x00000001
core   0: 0x800074a6 (0x012ff563) bgeu    t6, s2, pc + 10
core   0: 3 0x800074a6 (0x012ff563)
core   0: 0x800074aa (0x00000001) c.nop
core   0: 3 0x800074aa (0x0001)
core   0: 0x800074ac (0x00008db9) c.xor   a1, a4
core   0: 3 0x800074ac (0x8db9) x11 0xfffffa4f
core   0: 0x800074ae (0x0000e599) c.bnez  a1, pc + 14
core   0: 3 0x800074ae (0xe599)
core   0: 0x800074bc (0x021634b3) mulhu   s1, a2, ra
core   0: 3 0x800074bc (0x021634b3) x9  0x00000000
core   0: 0x800074c0 (0x02cd43b3) div     t2, s10, a2
core   0: 3 0x800074c0 (0x02cd43b3) x7  0x00000000
core   0: 0x800074c4 (0x4901e0b7) lui     ra, 0x4901e
core   0: 3 0x800074c4 (0x4901e0b7) x1  0x4901e000
core   0: 0x800074c8 (0xd98ca513) slti    a0, s9, -616
core   0: 3 0x800074c8 (0xd98ca513) x10 0x00000000
core   0: 0x800074cc (0x000085fd) c.srai  a1, 31
core   0: 3 0x800074cc (0x85fd) x11 0xffffffff
core   0: 0x800074ce (0x00000f04) c.addi4spn s1, sp, 912
core   0: 3 0x800074ce (0x0f04) x9  0x00000541
core   0: 0x800074d0 (0x00008356) c.mv    t1, s5
core   0: 3 0x800074d0 (0x8356) x6  0xffffffff
core   0: 0x800074d2 (0xf889d017) auipc   zero, 0xf889d
core   0: 3 0x800074d2 (0xf889d017)
core   0: 0x800074d6 (0x19a43693) sltiu   a3, s0, 410
core   0: 3 0x800074d6 (0x19a43693) x13 0x00000000
core   0: 0x800074da (0x034f9263) bne     t6, s4, pc + 36
core   0: 3 0x800074da (0x034f9263)
core   0: 0x800074fe (0x40355ab3) sra     s5, a0, gp
core   0: 3 0x800074fe (0x40355ab3) x21 0x00000000
core   0: 0x80007502 (0x05368f63) beq     a3, s3, pc + 94
core   0: 3 0x80007502 (0x05368f63)
core   0: 0x80007560 (0xf78c4213) xori    tp, s8, -136
core   0: 3 0x80007560 (0xf78c4213) x4  0x7ffda1dc
core   0: 0x80007564 (0x02c707b3) mul     a5, a4, a2
core   0: 3 0x80007564 (0x02c707b3) x15 0xfffffeff
core   0: 0x80007568 (0x6517c193) xori    gp, a5, 1617
core   0: 3 0x80007568 (0x6517c193) x3  0xfffff8ae
core   0: 0x8000756c (0x02584e33) div     t3, a6, t0
core   0: 3 0x8000756c (0x02584e33) x28 0xffffffff
core   0: 0x80007570 (0x027ca533) mulhsu  a0, s9, t2
core   0: 3 0x80007570 (0x027ca533) x10 0x00000000
core   0: 0x80007574 (0x00735a13) srli    s4, t1, 7
core   0: 3 0x80007574 (0x00735a13) x20 0x01ffffff
core   0: 0x80007578 (0x39398013) addi    zero, s3, 915
core   0: 3 0x80007578 (0x39398013)
core   0: 0x8000757c (0x01b37b33) and     s6, t1, s11
core   0: 3 0x8000757c (0x01b37b33) x22 0x0000a000
core   0: 0x80007580 (0x01c8d393) srli    t2, a7, 28
core   0: 3 0x80007580 (0x01c8d393) x7  0x00000007
core   0: 0x80007584 (0x00629b33) sll     s6, t0, t1
core   0: 3 0x80007584 (0x00629b33) x22 0x00000000
core   0: 0x80007588 (0x030c9533) mulh    a0, s9, a6
core   0: 3 0x80007588 (0x030c9533) x10 0xffffffff
core   0: 0x8000758c (0x000046d1) c.li    a3, 20
core   0: 3 0x8000758c (0x46d1) x13 0x00000014
core   0: 0x8000758e (0x01840c63) beq     s0, s8, pc + 24
core   0: 3 0x8000758e (0x01840c63)
core   0: 0x80007592 (0x0000088e) c.slli  a7, 3
core   0: 3 0x80007592 (0x088e) x17 0xd7118000
core   0: 0x80007594 (0xc0dd4b37) lui     s6, 0xc0dd4
core   0: 3 0x80007594 (0xc0dd4b37) x22 0xc0dd4000
core   0: 0x80007598 (0x96b98a93) addi    s5, s3, -1685
core   0: 3 0x80007598 (0x96b98a93) x21 0xfffff96b
core   0: 0x8000759c (0x00008a59) c.andi  a2, 22
core   0: 3 0x8000759c (0x8a59) x12 0x00000000
core   0: 0x8000759e (0x02c87063) bgeu    a6, a2, pc + 32
core   0: 3 0x8000759e (0x02c87063)
core   0: 0x800075be (0x4cd2fab7) lui     s5, 0x4cd2f
core   0: 3 0x800075be (0x4cd2fab7) x21 0x4cd2f000
core   0: 0x800075c2 (0x0398acb3) mulhsu  s9, a7, s9
core   0: 3 0x800075c2 (0x0398acb3) x25 0xffffffff
core   0: 0x800075c6 (0x00008e15) c.sub   a2, a3
core   0: 3 0x800075c6 (0x8e15) x12 0xffffffec
core   0: 0x800075c8 (0x019dfa63) bgeu    s11, s9, pc + 20
core   0: 3 0x800075c8 (0x019dfa63)
core   0: 0x800075cc (0x5f98ea13) ori     s4, a7, 1529
core   0: 3 0x800075cc (0x5f98ea13) x20 0xd71185f9
core   0: 0x800075d0 (0x40a9d033) sra     zero, s3, a0
core   0: 3 0x800075d0 (0x40a9d033)
core   0: 0x800075d4 (0x0000eb91) c.bnez  a5, pc + 20
core   0: 3 0x800075d4 (0xeb91)
core   0: 0x800075e8 (0x02db3db3) mulhu   s11, s6, a3
core   0: 3 0x800075e8 (0x02db3db3) x27 0x0000000f
core   0: 0x800075ec (0x0000717d) c.addi16sp sp, -16
core   0: 3 0x800075ec (0x717d) x2  0x000001a1
core   0: 0x800075ee (0x00008ca1) c.xor   s1, s0
core   0: 3 0x800075ee (0x8ca1) x9  0xfffffabe
core   0: 0x800075f0 (0x04f89063) bne     a7, a5, pc + 64
core   0: 3 0x800075f0 (0x04f89063)
core   0: 0x80007630 (0x00004565) c.li    a0, 25
core   0: 3 0x80007630 (0x4565) x10 0x00000019
core   0: 0x80007632 (0x000091e2) c.add   gp, s8
core   0: 3 0x80007632 (0x91e2) x3  0x80025752
core   0: 0x80007634 (0x00005bfd) c.li    s7, -1
core   0: 3 0x80007634 (0x5bfd) x23 0xffffffff
core   0: 0x80007636 (0x016f5793) srli    a5, t5, 22
core   0: 3 0x80007636 (0x016f5793) x15 0x000002ff
core   0: 0x8000763a (0x00b2cd63) blt     t0, a1, pc + 26
core   0: 3 0x8000763a (0x00b2cd63)
core   0: 0x8000763e (0x01c902b3) add     t0, s2, t3
core   0: 3 0x8000763e (0x01c902b3) x5  0xfffefffd
core   0: 0x80007642 (0x0052c663) blt     t0, t0, pc + 12
core   0: 3 0x80007642 (0x0052c663)
core   0: 0x80007646 (0x00008176) c.mv    sp, t4
core   0: 3 0x80007646 (0x8176) x2  0x00000008
core   0: 0x80007648 (0x0000997d) c.andi  a0, -1
core   0: 3 0x80007648 (0x997d) x10 0x00000019
core   0: 0x8000764a (0x0146e6b3) or      a3, a3, s4
core   0: 3 0x8000764a (0x0146e6b3) x13 0xd71185fd
core   0: 0x8000764e (0x01aab9b3) sltu    s3, s5, s10
core   0: 3 0x8000764e (0x01aab9b3) x19 0x00000000
core   0: 0x80007652 (0x000065cd) c.lui   a1, 0x13
core   0: 3 0x80007652 (0x65cd) x11 0x00013000
core   0: 0x80007654 (0x036c1263) bne     s8, s6, pc + 36
core   0: 3 0x80007654 (0x036c1263)
core   0: 0x80007678 (0x0000987d) c.andi  s0, -1
core   0: 3 0x80007678 (0x987d) x8  0xffffffff
core   0: 0x8000767a (0x029d0063) beq     s10, s1, pc + 32
core   0: 3 0x8000767a (0x029d0063)
core   0: 0x8000767e (0x00006111) c.addi16sp sp, 256
core   0: 3 0x8000767e (0x6111) x2  0x00000108
core   0: 0x80007680 (0x0023d4b3) srl     s1, t2, sp
core   0: 3 0x80007680 (0x0023d4b3) x9  0x00000000
core   0: 0x80007684 (0x03f999b3) mulh    s3, s3, t6
core   0: 3 0x80007684 (0x03f999b3) x19 0x00000000
core   0: 0x80007688 (0x00d75433) srl     s0, a4, a3
core   0: 3 0x80007688 (0x00d75433) x8  0x00000007
core   0: 0x8000768c (0x0000c389) c.beqz  a5, pc + 2
core   0: 3 0x8000768c (0xc389)
core   0: 0x8000768e (0x032c23b3) mulhsu  t2, s8, s2
core   0: 3 0x8000768e (0x032c23b3) x7  0x8002dea2
core   0: 0x80007692 (0x001e6b63) bltu    t3, ra, pc + 22
core   0: 3 0x80007692 (0x001e6b63)
core   0: 0x80007696 (0x01900c63) beq     zero, s9, pc + 24
core   0: 3 0x80007696 (0x01900c63)
core   0: 0x8000769a (0x02577ab3) remu    s5, a4, t0
core   0: 3 0x8000769a (0x02577ab3) x21 0x0000ff02
core   0: 0x8000769e (0x02f2f333) remu    t1, t0, a5
core   0: 3 0x8000769e (0x02f2f333) x6  0x00000078
core   0: 0x800076a2 (0x03769333) mulh    t1, a3, s7
core   0: 3 0x800076a2 (0x03769333) x6  0x00000000
core   0: 0x800076a6 (0x00000001) c.nop
core   0: 3 0x800076a6 (0x0001)
core   0: 0x800076a8 (0x00f1c663) blt     gp, a5, pc + 12
core   0: 3 0x800076a8 (0x00f1c663)
core   0: 0x800076b4 (0x01138f33) add     t5, t2, a7
core   0: 3 0x800076b4 (0x01138f33) x30 0x57145ea2
core   0: 0x800076b8 (0x00004cf5) c.li    s9, 29
core   0: 3 0x800076b8 (0x4cf5) x25 0x0000001d
core   0: 0x800076ba (0x000082f9) c.srli  a3, 30
core   0: 3 0x800076ba (0x82f9) x13 0x00000003
core   0: 0x800076bc (0x02780ab3) mul     s5, a6, t2
core   0: 3 0x800076bc (0x02780ab3) x21 0x7ffd215e
core   0: 0x800076c0 (0x00000d39) c.addi  s10, 14
core   0: 3 0x800076c0 (0x0d39) x26 0x0000000e
core   0: 0x800076c2 (0x03d8a833) mulhsu  a6, a7, t4
core   0: 3 0x800076c2 (0x03d8a833) x16 0xfffffffe
core   0: 0x800076c6 (0xf0a27413) andi    s0, tp, -246
core   0: 3 0x800076c6 (0xf0a27413) x8  0x7ffda108
core   0: 0x800076ca (0x032c2e33) mulhsu  t3, s8, s2
core   0: 3 0x800076ca (0x032c2e33) x28 0x8002dea2
core   0: 0x800076ce (0x019514b3) sll     s1, a0, s9
core   0: 3 0x800076ce (0x019514b3) x9  0x20000000
core   0: 0x800076d2 (0x02a41933) mulh    s2, s0, a0
core   0: 3 0x800076d2 (0x02a41933) x18 0x0000000c
core   0: 0x800076d6 (0x7a722f37) lui     t5, 0x7a722
core   0: 3 0x800076d6 (0x7a722f37) x30 0x7a722000
core   0: 0x800076da (0xf2190193) addi    gp, s2, -223
core   0: 3 0x800076da (0xf2190193) x3  0xffffff2d
core   0: 0x800076de (0x00006de1) c.lui   s11, 0x18
core   0: 3 0x800076de (0x6de1) x27 0x00018000
core   0: 0x800076e0 (0x00149bb3) sll     s7, s1, ra
core   0: 3 0x800076e0 (0x00149bb3) x23 0x20000000
core   0: 0x800076e4 (0x00a40863) beq     s0, a0, pc + 16
core   0: 3 0x800076e4 (0x00a40863)
core   0: 0x800076e8 (0x0230e6b3) rem     a3, ra, gp
core   0: 3 0x800076e8 (0x0230e6b3) x13 0x00000006
core   0: 0x800076ec (0x02c8c9b3) div     s3, a7, a2
core   0: 3 0x800076ec (0x02c8c9b3) x19 0x020beccc
core   0: 0x800076f0 (0x41268733) sub     a4, a3, s2
core   0: 3 0x800076f0 (0x41268733) x14 0xfffffffa
core   0: 0x800076f4 (0x00008451) c.srai  s0, 20
core   0: 3 0x800076f4 (0x8451) x8  0x000007ff
core   0: 0x800076f6 (0x00001c10) c.addi4spn a2, sp, 560
core   0: 3 0x800076f6 (0x1c10) x12 0x00000338
core   0: 0x800076f8 (0x03dc5bb3) divu    s7, s8, t4
core   0: 3 0x800076f8 (0x03dc5bb3) x23 0x10004bd4
core   0: 0x800076fc (0x6cbc5197) auipc   gp, 0x6cbc5
core   0: 3 0x800076fc (0x6cbc5197) x3  0xecbcc6fc
core   0: 0x80007700 (0x402f0bb3) sub     s7, t5, sp
core   0: 3 0x80007700 (0x402f0bb3) x23 0x7a721ef8
core   0: 0x80007704 (0x58c96d13) ori     s10, s2, 1420
core   0: 3 0x80007704 (0x58c96d13) x26 0x0000058c
core   0: 0x80007708 (0x89e1f9b7) lui     s3, 0x89e1f
core   0: 3 0x80007708 (0x89e1f9b7) x19 0x89e1f000
core   0: 0x8000770c (0x00001e04) c.addi4spn s1, sp, 816
core   0: 3 0x8000770c (0x1e04) x9  0x00000438
core   0: 0x8000770e (0x00404333) xor     t1, zero, tp
core   0: 3 0x8000770e (0x00404333) x6  0x7ffda1dc
core   0: 0x80007712 (0x000011fd) c.addi  gp, -1
core   0: 3 0x80007712 (0x11fd) x3  0xecbcc6fb
core   0: 0x80007714 (0x020906b3) mul     a3, s2, zero
core   0: 3 0x80007714 (0x020906b3) x13 0x00000000
core   0: 0x80007718 (0x02d4fa33) remu    s4, s1, a3
core   0: 3 0x80007718 (0x02d4fa33) x20 0x00000438
core   0: 0x8000771c (0x039d4c63) blt     s10, s9, pc + 56
core   0: 3 0x8000771c (0x039d4c63)
core   0: 0x80007720 (0x02293333) mulhu   t1, s2, sp
core   0: 3 0x80007720 (0x02293333) x6  0x00000000
core   0: 0x80007724 (0x001f59b3) srl     s3, t5, ra
core   0: 3 0x80007724 (0x001f59b3) x19 0x7a722000
core   0: 0x80007728 (0x002ffb33) and     s6, t6, sp
core   0: 3 0x80007728 (0x002ffb33) x22 0x00000100
core   0: 0x8000772c (0x00000001) c.nop
core   0: 3 0x8000772c (0x0001)
core   0: 0x8000772e (0x03b6ca33) div     s4, a3, s11
core   0: 3 0x8000772e (0x03b6ca33) x20 0x00000000
core   0: 0x80007732 (0x028d3533) mulhu   a0, s10, s0
core   0: 3 0x80007732 (0x028d3533) x10 0x00000000
core   0: 0x80007736 (0x4c4f6713) ori     a4, t5, 1220
core   0: 3 0x80007736 (0x4c4f6713) x14 0x7a7224c4
core   0: 0x8000773a (0x01c797b3) sll     a5, a5, t3
core   0: 3 0x8000773a (0x01c797b3) x15 0x00000bfc
core   0: 0x8000773e (0x00000d46) c.slli  s10, 17
core   0: 3 0x8000773e (0x0d46) x26 0x0b180000
core   0: 0x80007740 (0x02939263) bne     t2, s1, pc + 36
core   0: 3 0x80007740 (0x02939263)
core   0: 0x80007764 (0x00008205) c.srli  a2, 1
core   0: 3 0x80007764 (0x8205) x12 0x0000019c
core   0: 0x80007766 (0x006b97b3) sll     a5, s7, t1
core   0: 3 0x80007766 (0x006b97b3) x15 0x7a721ef8
core   0: 0x8000776a (0xf48c4117) auipc   sp, 0xf48c4
core   0: 3 0x8000776a (0xf48c4117) x2  0x748cb76a
core   0: 0x8000776e (0xb2acf713) andi    a4, s9, -1238
core   0: 3 0x8000776e (0xb2acf713) x14 0x00000008
core   0: 0x80007772 (0x0048f863) bgeu    a7, tp, pc + 16
core   0: 3 0x80007772 (0x0048f863)
core   0: 0x80007782 (0x0255d233) divu    tp, a1, t0
core   0: 3 0x80007782 (0x0255d233) x4  0x00000000
core   0: 0x80007786 (0x01f91f63) bne     s2, t6, pc + 30
core   0: 3 0x80007786 (0x01f91f63)
core   0: 0x800077a4 (0x03546b33) rem     s6, s0, s5
core   0: 3 0x800077a4 (0x03546b33) x22 0x000007ff
core   0: 0x800077a8 (0x02afc4b3) div     s1, t6, a0
core   0: 3 0x800077a8 (0x02afc4b3) x9  0xffffffff
core   0: 0x800077ac (0x00009236) c.add   tp, a3
core   0: 3 0x800077ac (0x9236) x4  0x00000000
core   0: 0x800077ae (0x004fd863) bge     t6, tp, pc + 16
core   0: 3 0x800077ae (0x004fd863)
core   0: 0x800077b2 (0x02f4c733) div     a4, s1, a5
core   0: 3 0x800077b2 (0x02f4c733) x14 0x00000000
core   0: 0x800077b6 (0x03f52033) mulhsu  zero, a0, t6
core   0: 3 0x800077b6 (0x03f52033)
core   0: 0x800077ba (0x00008da9) c.xor   a1, a0
core   0: 3 0x800077ba (0x8da9) x11 0x00013000
core   0: 0x800077bc (0x000081f9) c.srli  a1, 30
core   0: 3 0x800077bc (0x81f9) x11 0x00000000
core   0: 0x800077be (0x033d0763) beq     s10, s3, pc + 46
core   0: 3 0x800077be (0x033d0763)
core   0: 0x800077c2 (0x03184563) blt     a6, a7, pc + 42
core   0: 3 0x800077c2 (0x03184563)
core   0: 0x800077c6 (0x013bf4b3) and     s1, s7, s3
core   0: 3 0x800077c6 (0x013bf4b3) x9  0x7a720000
core   0: 0x800077ca (0x00008d92) c.mv    s11, tp
core   0: 3 0x800077ca (0x8d92) x27 0x00000000
core   0: 0x800077cc (0x00000d75) c.addi  s10, 29
core   0: 3 0x800077cc (0x0d75) x26 0x0b18001d
core   0: 0x800077ce (0xda4b8c93) addi    s9, s7, -604
core   0: 3 0x800077ce (0xda4b8c93) x25 0x7a721c9c
core   0: 0x800077d2 (0x01d55bb3) srl     s7, a0, t4
core   0: 3 0x800077d2 (0x01d55bb3) x23 0x00000000
core   0: 0x800077d6 (0x00008e31) c.xor   a2, a2
core   0: 3 0x800077d6 (0x8e31) x12 0x00000000
core   0: 0x800077d8 (0x0c4f7f13) andi    t5, t5, 196
core   0: 3 0x800077d8 (0x0c4f7f13) x30 0x00000000
core   0: 0x800077dc (0x00008ff9) c.and   a5, a4
core   0: 3 0x800077dc (0x8ff9) x15 0x00000000
core   0: 0x800077de (0x000069b1) c.lui   s3, 0xc
core   0: 3 0x800077de (0x69b1) x19 0x0000c000
core   0: 0x800077e0 (0x00609b93) slli    s7, ra, 6
core   0: 3 0x800077e0 (0x00609b93) x23 0x40780000
core   0: 0x800077e4 (0x019fc463) blt     t6, s9, pc + 8
core   0: 3 0x800077e4 (0x019fc463)
core   0: 0x800077ec (0x0061dcb3) srl     s9, gp, t1
core   0: 3 0x800077ec (0x0061dcb3) x25 0xecbcc6fb
core   0: 0x800077f0 (0x000099fd) c.andi  a1, -1
core   0: 3 0x800077f0 (0x99fd) x11 0x00000000
core   0: 0x800077f2 (0x40178733) sub     a4, a5, ra
core   0: 3 0x800077f2 (0x40178733) x14 0xb6fe2000
core   0: 0x800077f6 (0x01458663) beq     a1, s4, pc + 12
core   0: 3 0x800077f6 (0x01458663)
core   0: 0x80007802 (0xd0957493) andi    s1, a0, -759
core   0: 3 0x80007802 (0xd0957493) x9  0x00000000
core   0: 0x80007806 (0xdf0df217) auipc   tp, 0xdf0df
core   0: 3 0x80007806 (0xdf0df217) x4  0x5f0e6806
core   0: 0x8000780a (0x00b244b3) xor     s1, tp, a1
core   0: 3 0x8000780a (0x00b244b3) x9  0x5f0e6806
core   0: 0x8000780e (0xb64f2f13) slti    t5, t5, -1180
core   0: 3 0x8000780e (0xb64f2f13) x30 0x00000000
core   0: 0x80007812 (0x000000c2) c.slli  ra, 16
core   0: 3 0x80007812 (0x00c2) x1  0xe0000000
core   0: 0x80007814 (0x006d5d13) srli    s10, s10, 6
core   0: 3 0x80007814 (0x006d5d13) x26 0x002c6000
core   0: 0x80007818 (0x00d6d613) srli    a2, a3, 13
core   0: 3 0x80007818 (0x00d6d613) x12 0x00000000
core   0: 0x8000781c (0x00951bb3) sll     s7, a0, s1
core   0: 3 0x8000781c (0x00951bb3) x23 0x00000000
core   0: 0x80007820 (0x826c3893) sltiu   a7, s8, -2010
core   0: 3 0x80007820 (0x826c3893) x17 0x00000001
core   0: 0x80007824 (0x02dd4263) blt     s10, a3, pc + 36
core   0: 3 0x80007824 (0x02dd4263)
core   0: 0x80007828 (0x03c9ccb3) div     s9, s3, t3
core   0: 3 0x80007828 (0x03c9ccb3) x25 0x00000000
core   0: 0x8000782c (0x00441033) sll     zero, s0, tp
core   0: 3 0x8000782c (0x00441033)
core   0: 0x80007830 (0x00009a5a) c.add   s4, s6
core   0: 3 0x80007830 (0x9a5a) x20 0x000007ff
core   0: 0x80007832 (0x0390c6b3) div     a3, ra, s9
core   0: 3 0x80007832 (0x0390c6b3) x13 0xffffffff
core   0: 0x80007836 (0x29823337) lui     t1, 0x29823
core   0: 3 0x80007836 (0x29823337) x6  0x29823000
core   0: 0x8000783a (0xd6284713) xori    a4, a6, -670
core   0: 3 0x8000783a (0xd6284713) x14 0x0000029c
core   0: 0x8000783e (0x6c0b2f13) slti    t5, s6, 1728
core   0: 3 0x8000783e (0x6c0b2f13) x30 0x00000000
core   0: 0x80007842 (0x02cb7f63) bgeu    s6, a2, pc + 62
core   0: 3 0x80007842 (0x02cb7f63)
core   0: 0x80007880 (0x0073ee33) or      t3, t2, t2
core   0: 3 0x80007880 (0x0073ee33) x28 0x8002dea2
core   0: 0x80007884 (0x00008c3d) c.xor   s0, a5
core   0: 3 0x80007884 (0x8c3d) x8  0x000007ff
core   0: 0x80007886 (0x0000ed19) c.bnez  a0, pc + 30
core   0: 3 0x80007886 (0xed19)
core   0: 0x80007888 (0x000000e6) c.slli  ra, 25
core   0: 3 0x80007888 (0x00e6) x1  0x00000000
core   0: 0x8000788a (0x00009aa2) c.add   s5, s0
core   0: 3 0x8000788a (0x9aa2) x21 0x7ffd295d
core   0: 0x8000788c (0x01575d33) srl     s10, a4, s5
core   0: 3 0x8000788c (0x01575d33) x26 0x00000000
core   0: 0x80007890 (0x0134d7b3) srl     a5, s1, s3
core   0: 3 0x80007890 (0x0134d7b3) x15 0x5f0e6806
core   0: 0x80007894 (0x000095b6) c.add   a1, a3
core   0: 3 0x80007894 (0x95b6) x11 0xffffffff
core   0: 0x80007896 (0x0000c799) c.beqz  a5, pc + 14
core   0: 3 0x80007896 (0xc799)
core   0: 0x80007898 (0x026036b3) mulhu   a3, zero, t1
core   0: 3 0x80007898 (0x026036b3) x13 0x00000000
core   0: 0x8000789c (0x01f79213) slli    tp, a5, 31
core   0: 3 0x8000789c (0x01f79213) x4  0x00000000
core   0: 0x800078a0 (0x03e93ab3) mulhu   s5, s2, t5
core   0: 3 0x800078a0 (0x03e93ab3) x21 0x00000000
core   0: 0x800078a4 (0x03e0e333) rem     t1, ra, t5
core   0: 3 0x800078a4 (0x03e0e333) x6  0x00000000
core   0: 0x800078a8 (0x419e5cb3) sra     s9, t3, s9
core   0: 3 0x800078a8 (0x419e5cb3) x25 0x8002dea2
core   0: 0x800078ac (0x00473433) sltu    s0, a4, tp
core   0: 3 0x800078ac (0x00473433) x8  0x00000000
core   0: 0x800078b0 (0x00000001) c.nop
core   0: 3 0x800078b0 (0x0001)
core   0: 0x800078b2 (0x01cd01b3) add     gp, s10, t3
core   0: 3 0x800078b2 (0x01cd01b3) x3  0x8002dea2
core   0: 0x800078b6 (0x00001b88) c.addi4spn a0, sp, 496
core   0: 3 0x800078b6 (0x1b88) x10 0x748cb95a
core   0: 0x800078b8 (0x0385ccb3) div     s9, a1, s8
core   0: 3 0x800078b8 (0x0385ccb3) x25 0x00000000
core   0: 0x800078bc (0x00000dee) c.slli  s11, 27
core   0: 3 0x800078bc (0x0dee) x27 0x00000000
core   0: 0x800078be (0x0000028d) c.addi  t0, 3
core   0: 3 0x800078be (0x028d) x5  0xffff0000
core   0: 0x800078c0 (0x00000b88) c.addi4spn a0, sp, 464
core   0: 3 0x800078c0 (0x0b88) x10 0x748cb93a
core   0: 0x800078c2 (0x000086d5) c.srai  a3, 21
core   0: 3 0x800078c2 (0x86d5) x13 0x00000000
core   0: 0x800078c4 (0x0000717d) c.addi16sp sp, -16
core   0: 3 0x800078c4 (0x717d) x2  0x748cb75a
core   0: 0x800078c6 (0x00928863) beq     t0, s1, pc + 16
core   0: 3 0x800078c6 (0x00928863)
core   0: 0x800078ca (0x02142e33) mulhsu  t3, s0, ra
core   0: 3 0x800078ca (0x02142e33) x28 0x00000000
core   0: 0x800078ce (0x00008d2d) c.xor   a0, a1
core   0: 3 0x800078ce (0x8d2d) x10 0x8b7346c5
core   0: 0x800078d0 (0x00008f15) c.sub   a4, a3
core   0: 3 0x800078d0 (0x8f15) x14 0x0000029c
core   0: 0x800078d2 (0x00000001) c.nop
core   0: 3 0x800078d2 (0x0001)
core   0: 0x800078d4 (0x00005e7d) c.li    t3, -1
core   0: 3 0x800078d4 (0x5e7d) x28 0xffffffff
core   0: 0x800078d6 (0x019cf433) and     s0, s9, s9
core   0: 3 0x800078d6 (0x019cf433) x8  0x00000000
core   0: 0x800078da (0x037f0033) mul     zero, t5, s7
core   0: 3 0x800078da (0x037f0033)
core   0: 0x800078de (0x007c1293) slli    t0, s8, 7
core   0: 3 0x800078de (0x007c1293) x5  0x012f5200
core   0: 0x800078e2 (0x025d9133) mulh    sp, s11, t0
core   0: 3 0x800078e2 (0x025d9133) x2  0x00000000
core   0: 0x800078e6 (0x03335b33) divu    s6, t1, s3
core   0: 3 0x800078e6 (0x03335b33) x22 0x00000000
core   0: 0x800078ea (0x0000cc09) c.beqz  s0, pc + 26
core   0: 3 0x800078ea (0xcc09)
core   0: 0x80007904 (0x00006179) c.addi16sp sp, 464
core   0: 3 0x80007904 (0x6179) x2  0x000001d0
core   0: 0x80007906 (0x409dd1b3) sra     gp, s11, s1
core   0: 3 0x80007906 (0x409dd1b3) x3  0x00000000
core   0: 0x8000790a (0x02c6cab3) div     s5, a3, a2
core   0: 3 0x8000790a (0x02c6cab3) x21 0xffffffff
core   0: 0x8000790e (0x01d8d913) srli    s2, a7, 29
core   0: 3 0x8000790e (0x01d8d913) x18 0x00000000
core   0: 0x80007912 (0x00000001) c.nop
core   0: 3 0x80007912 (0x0001)
core   0: 0x80007914 (0x00000001) c.nop
core   0: 3 0x80007914 (0x0001)
core   0: 0x80007916 (0x020f2133) mulhsu  sp, t5, zero
core   0: 3 0x80007916 (0x020f2133) x2  0x00000000
core   0: 0x8000791a (0x40985913) srai    s2, a6, 9
core   0: 3 0x8000791a (0x40985913) x18 0xffffffff
core   0: 0x8000791e (0x00006115) c.addi16sp sp, 288
core   0: 3 0x8000791e (0x6115) x2  0x00000120
core   0: 0x80007920 (0x030cf6b3) remu    a3, s9, a6
core   0: 3 0x80007920 (0x030cf6b3) x13 0x00000000
core   0: 0x80007924 (0x01fae9b3) or      s3, s5, t6
core   0: 3 0x80007924 (0x01fae9b3) x19 0xffffffff
core   0: 0x80007928 (0x0228f433) remu    s0, a7, sp
core   0: 3 0x80007928 (0x0228f433) x8  0x00000001
core   0: 0x8000792c (0x03f560b3) rem     ra, a0, t6
core   0: 3 0x8000792c (0x03f560b3) x1  0x8b7346c5
core   0: 0x80007930 (0x000083e1) c.srli  a5, 24
core   0: 3 0x80007930 (0x83e1) x15 0x0000005f
core   0: 0x80007932 (0x00c2d893) srli    a7, t0, 12
core   0: 3 0x80007932 (0x00c2d893) x17 0x000012f5
core   0: 0x80007936 (0x03dc26b3) mulhsu  a3, s8, t4
core   0: 3 0x80007936 (0x03dc26b3) x13 0xfffffffc
core   0: 0x8000793a (0x00000001) c.nop
core   0: 3 0x8000793a (0x0001)
core   0: 0x8000793c (0x00c1a933) slt     s2, gp, a2
core   0: 3 0x8000793c (0x00c1a933) x18 0x00000000
core   0: 0x80007940 (0x0000612d) c.addi16sp sp, 224
core   0: 3 0x80007940 (0x612d) x2  0x00000200
core   0: 0x80007942 (0x48f61d97) auipc   s11, 0x48f61
core   0: 3 0x80007942 (0x48f61d97) x27 0xc8f68942
core   0: 0x80007946 (0x023db433) mulhu   s0, s11, gp
core   0: 3 0x80007946 (0x023db433) x8  0x00000000
core   0: 0x8000794a (0x01c15863) bge     sp, t3, pc + 16
core   0: 3 0x8000794a (0x01c15863)
core   0: 0x8000795a (0x02569563) bne     a3, t0, pc + 42
core   0: 3 0x8000795a (0x02569563)
core   0: 0x80007984 (0x03667db3) remu    s11, a2, s6
core   0: 3 0x80007984 (0x03667db3) x27 0x00000000
core   0: 0x80007988 (0x00b9fe63) bgeu    s3, a1, pc + 28
core   0: 3 0x80007988 (0x00b9fe63)
core   0: 0x800079a4 (0x028190b3) mulh    ra, gp, s0
core   0: 3 0x800079a4 (0x028190b3) x1  0x00000000
core   0: 0x800079a8 (0x00008d39) c.xor   a0, a4
core   0: 3 0x800079a8 (0x8d39) x10 0x8b734459
core   0: 0x800079aa (0x0118be33) sltu    t3, a7, a7
core   0: 3 0x800079aa (0x0118be33) x28 0x00000000
core   0: 0x800079ae (0x03c86cb3) rem     s9, a6, t3
core   0: 3 0x800079ae (0x03c86cb3) x25 0xfffffffe
core   0: 0x800079b2 (0x008b0cb3) add     s9, s6, s0
core   0: 3 0x800079b2 (0x008b0cb3) x25 0x00000000
core   0: 0x800079b6 (0x03967f33) remu    t5, a2, s9
core   0: 3 0x800079b6 (0x03967f33) x30 0x00000000
core   0: 0x800079ba (0x01226033) or      zero, tp, s2
core   0: 3 0x800079ba (0x01226033)
core   0: 0x800079be (0x023e47b3) div     a5, t3, gp
core   0: 3 0x800079be (0x023e47b3) x15 0xffffffff
core   0: 0x800079c2 (0x00008149) c.srli  a0, 18
core   0: 3 0x800079c2 (0x8149) x10 0x000022dc
core   0: 0x800079c4 (0x0000656d) c.lui   a0, 0x1b
core   0: 3 0x800079c4 (0x656d) x10 0x0001b000
core   0: 0x800079c6 (0x0000567d) c.li    a2, -1
core   0: 3 0x800079c6 (0x567d) x12 0xffffffff
core   0: 0x800079c8 (0x03eea233) mulhsu  tp, t4, t5
core   0: 3 0x800079c8 (0x03eea233) x4  0x00000000
core   0: 0x800079cc (0x0000987d) c.andi  s0, -1
core   0: 3 0x800079cc (0x987d) x8  0x00000000
core   0: 0x800079ce (0x01131593) slli    a1, t1, 17
core   0: 3 0x800079ce (0x01131593) x11 0x00000000
core   0: 0x800079d2 (0x02e40963) beq     s0, a4, pc + 50
core   0: 3 0x800079d2 (0x02e40963)
core   0: 0x800079d6 (0x0629c613) xori    a2, s3, 98
core   0: 3 0x800079d6 (0x0629c613) x12 0xffffff9d
core   0: 0x800079da (0x0329ce33) div     t3, s3, s2
core   0: 3 0x800079da (0x0329ce33) x28 0xffffffff
core   0: 0x800079de (0x0000894d) c.andi  a0, 19
core   0: 3 0x800079de (0x894d) x10 0x00000000
core   0: 0x800079e0 (0x03ef9db3) mulh    s11, t6, t5
core   0: 3 0x800079e0 (0x03ef9db3) x27 0x00000000
core   0: 0x800079e4 (0x01410763) beq     sp, s4, pc + 14
core   0: 3 0x800079e4 (0x01410763)
core   0: 0x800079e8 (0x6c8cc913) xori    s2, s9, 1736
core   0: 3 0x800079e8 (0x6c8cc913) x18 0x000006c8
core   0: 0x800079ec (0x41da0ab3) sub     s5, s4, t4
core   0: 3 0x800079ec (0x41da0ab3) x21 0x000007f7
core   0: 0x800079f0 (0x00000001) c.nop
core   0: 3 0x800079f0 (0x0001)
core   0: 0x800079f2 (0x02425633) divu    a2, tp, tp
core   0: 3 0x800079f2 (0x02425633) x12 0xffffffff
core   0: 0x800079f6 (0x0000812e) c.mv    sp, a1
core   0: 3 0x800079f6 (0x812e) x2  0x00000000
core   0: 0x800079f8 (0x02d4ae33) mulhsu  t3, s1, a3
core   0: 3 0x800079f8 (0x02d4ae33) x28 0x5f0e6804
core   0: 0x800079fc (0x01811e33) sll     t3, sp, s8
core   0: 3 0x800079fc (0x01811e33) x28 0x00000000
core   0: 0x80007a00 (0x40725533) sra     a0, tp, t2
core   0: 3 0x80007a00 (0x40725533) x10 0x00000000
core   0: 0x80007a04 (0x03297763) bgeu    s2, s2, pc + 46
core   0: 3 0x80007a04 (0x03297763)
core   0: 0x80007a32 (0x030d46b3) div     a3, s10, a6
core   0: 3 0x80007a32 (0x030d46b3) x13 0x00000000
core   0: 0x80007a36 (0x011cdd93) srli    s11, s9, 17
core   0: 3 0x80007a36 (0x011cdd93) x27 0x00000000
core   0: 0x80007a3a (0x02475e33) divu    t3, a4, tp
core   0: 3 0x80007a3a (0x02475e33) x28 0xffffffff
core   0: 0x80007a3e (0x02844663) blt     s0, s0, pc + 44
core   0: 3 0x80007a3e (0x02844663)
core   0: 0x80007a42 (0x0000827e) c.mv    tp, t6
core   0: 3 0x80007a42 (0x827e) x4  0x80029d24
core   0: 0x80007a44 (0x0000997d) c.andi  a0, -1
core   0: 3 0x80007a44 (0x997d) x10 0x00000000
core   0: 0x80007a46 (0x00008f15) c.sub   a4, a3
core   0: 3 0x80007a46 (0x8f15) x14 0x0000029c
core   0: 0x80007a48 (0x00000b7d) c.addi  s6, 31
core   0: 3 0x80007a48 (0x0b7d) x22 0x0000001f
core   0: 0x80007a4a (0x0289df33) divu    t5, s3, s0
core   0: 3 0x80007a4a (0x0289df33) x30 0xffffffff
core   0: 0x80007a4e (0x0257e0b3) rem     ra, a5, t0
core   0: 3 0x80007a4e (0x0257e0b3) x1  0xffffffff
core   0: 0x80007a52 (0x023ed0b3) divu    ra, t4, gp
core   0: 3 0x80007a52 (0x023ed0b3) x1  0xffffffff
core   0: 0x80007a56 (0x03195263) bge     s2, a7, pc + 36
core   0: 3 0x80007a56 (0x03195263)
core   0: 0x80007a5a (0x01c29593) slli    a1, t0, 28
core   0: 3 0x80007a5a (0x01c29593) x11 0x00000000
core   0: 0x80007a5e (0x00c9bf33) sltu    t5, s3, a2
core   0: 3 0x80007a5e (0x00c9bf33) x30 0x00000000
core   0: 0x80007a62 (0x01ea7463) bgeu    s4, t5, pc + 8
core   0: 3 0x80007a62 (0x01ea7463)
core   0: 0x80007a6a (0xe9e2fb97) auipc   s7, 0xe9e2f
core   0: 3 0x80007a6a (0xe9e2fb97) x23 0x69e36a6a
core   0: 0x80007a6e (0x015e99b3) sll     s3, t4, s5
core   0: 3 0x80007a6e (0x015e99b3) x19 0x04000000
core   0: 0x80007a72 (0x013c1e33) sll     t3, s8, s3
core   0: 3 0x80007a72 (0x013c1e33) x28 0x80025ea4
core   0: 0x80007a76 (0x03844833) div     a6, s0, s8
core   0: 3 0x80007a76 (0x03844833) x16 0x00000000
core   0: 0x80007a7a (0x032b0db3) mul     s11, s6, s2
core   0: 3 0x80007a7a (0x032b0db3) x27 0x0000d238
core   0: 0x80007a7e (0x012f85b3) add     a1, t6, s2
core   0: 3 0x80007a7e (0x012f85b3) x11 0x8002a3ec
core   0: 0x80007a82 (0x03981c63) bne     a6, s9, pc + 56
core   0: 3 0x80007a82 (0x03981c63)
core   0: 0x80007a86 (0x0000187d) c.addi  a6, -1
core   0: 3 0x80007a86 (0x187d) x16 0xffffffff
core   0: 0x80007a88 (0x40125033) sra     zero, tp, ra
core   0: 3 0x80007a88 (0x40125033)
core   0: 0x80007a8c (0x03062733) mulhsu  a4, a2, a6
core   0: 3 0x80007a8c (0x03062733) x14 0xffffffff
core   0: 0x80007a90 (0x00000001) c.nop
core   0: 3 0x80007a90 (0x0001)
core   0: 0x80007a92 (0xa15f0397) auipc   t2, 0xa15f0
core   0: 3 0x80007a92 (0xa15f0397) x7  0x215f7a92
core   0: 0x80007a96 (0x0000cb09) c.beqz  a4, pc + 18
core   0: 3 0x80007a96 (0xcb09)
core   0: 0x80007a98 (0x62f78d13) addi    s10, a5, 1583
core   0: 3 0x80007a98 (0x62f78d13) x26 0x0000062e
core   0: 0x80007a9c (0x0107c833) xor     a6, a5, a6
core   0: 3 0x80007a9c (0x0107c833) x16 0x00000000
core   0: 0x80007aa0 (0x00566763) bltu    a2, t0, pc + 14
core   0: 3 0x80007aa0 (0x00566763)
core   0: 0x80007aa4 (0x00d34693) xori    a3, t1, 13
core   0: 3 0x80007aa4 (0x00d34693) x13 0x0000000d
core   0: 0x80007aa8 (0x00009e22) c.add   t3, s0
core   0: 3 0x80007aa8 (0x9e22) x28 0x80025ea4
core   0: 0x80007aaa (0x38b4bd13) sltiu   s10, s1, 907
core   0: 3 0x80007aaa (0x38b4bd13) x26 0x00000000
core   0: 0x80007aae (0x00008db1) c.xor   a1, a2
core   0: 3 0x80007aae (0x8db1) x11 0x7ffd5c13
core   0: 0x80007ab0 (0x00469313) slli    t1, a3, 4
core   0: 3 0x80007ab0 (0x00469313) x6  0x000000d0
core   0: 0x80007ab4 (0x01e278b3) and     a7, tp, t5
core   0: 3 0x80007ab4 (0x01e278b3) x17 0x00000000
core   0: 0x80007ab8 (0x00008ded) c.and   a1, a1
core   0: 3 0x80007ab8 (0x8ded) x11 0x7ffd5c13
core   0: 0x80007aba (0x00000001) c.nop
core   0: 3 0x80007aba (0x0001)
core   0: 0x80007abc (0x00009642) c.add   a2, a6
core   0: 3 0x80007abc (0x9642) x12 0xffffffff
core   0: 0x80007abe (0x41a20733) sub     a4, tp, s10
core   0: 3 0x80007abe (0x41a20733) x14 0x80029d24
core   0: 0x80007ac2 (0x0000517d) c.li    sp, -1
core   0: 3 0x80007ac2 (0x517d) x2  0xffffffff
core   0: 0x80007ac4 (0x415d03b3) sub     t2, s10, s5
core   0: 3 0x80007ac4 (0x415d03b3) x7  0xfffff809
core   0: 0x80007ac8 (0x0048e233) or      tp, a7, tp
core   0: 3 0x80007ac8 (0x0048e233) x4  0x80029d24
core   0: 0x80007acc (0x031e5433) divu    s0, t3, a7
core   0: 3 0x80007acc (0x031e5433) x8  0xffffffff
core   0: 0x80007ad0 (0x4143df13) srai    t5, t2, 20
core   0: 3 0x80007ad0 (0x4143df13) x30 0xffffffff
core   0: 0x80007ad4 (0x40a25433) sra     s0, tp, a0
core   0: 3 0x80007ad4 (0x40a25433) x8  0x80029d24
core   0: 0x80007ad8 (0x01bdd793) srli    a5, s11, 27
core   0: 3 0x80007ad8 (0x01bdd793) x15 0x00000000
core   0: 0x80007adc (0x000089c5) c.andi  a1, 17
core   0: 3 0x80007adc (0x89c5) x11 0x00000011
core   0: 0x80007ade (0x0000e105) c.bnez  a0, pc + 32
core   0: 3 0x80007ade (0xe105)
core   0: 0x80007ae0 (0x21767b93) andi    s7, a2, 535
core   0: 3 0x80007ae0 (0x21767b93) x23 0x00000217
core   0: 0x80007ae4 (0x011a15b3) sll     a1, s4, a7
core   0: 3 0x80007ae4 (0x011a15b3) x11 0x000007ff
core   0: 0x80007ae8 (0x00004755) c.li    a4, 21
core   0: 3 0x80007ae8 (0x4755) x14 0x00000015
core   0: 0x80007aea (0x037aa4b3) mulhsu  s1, s5, s7
core   0: 3 0x80007aea (0x037aa4b3) x9  0x00000000
core   0: 0x80007aee (0x00000cc1) c.addi  s9, 16
core   0: 3 0x80007aee (0x0cc1) x25 0x00000010
core   0: 0x80007af0 (0xf94d0113) addi    sp, s10, -108
core   0: 3 0x80007af0 (0xf94d0113) x2  0xffffff94
core   0: 0x80007af4 (0x029bfd33) remu    s10, s7, s1
core   0: 3 0x80007af4 (0x029bfd33) x26 0x00000217
core   0: 0x80007af8 (0x0000717d) c.addi16sp sp, -16
core   0: 3 0x80007af8 (0x717d) x2  0xffffff84
core   0: 0x80007afa (0x00ab8133) add     sp, s7, a0
core   0: 3 0x80007afa (0x00ab8133) x2  0x00000217
core   0: 0x80007afe (0x00000001) c.nop
core   0: 3 0x80007afe (0x0001)
core   0: 0x80007b00 (0x000054e9) c.li    s1, -6
core   0: 3 0x80007b00 (0x54e9) x9  0xfffffffa
core   0: 0x80007b02 (0x00000001) c.nop
core   0: 3 0x80007b02 (0x0001)
core   0: 0x80007b04 (0x0000140c) c.addi4spn a1, sp, 544
core   0: 3 0x80007b04 (0x140c) x11 0x00000437
core   0: 0x80007b06 (0x00000485) c.addi  s1, 1
core   0: 3 0x80007b06 (0x0485) x9  0xfffffffb
core   0: 0x80007b08 (0x00004211) c.li    tp, 4
core   0: 3 0x80007b08 (0x4211) x4  0x00000004
core   0: 0x80007b0a (0x00005351) c.li    t1, -12
core   0: 3 0x80007b0a (0x5351) x6  0xfffffff4
core   0: 0x80007b0c (0x02006533) rem     a0, zero, zero
core   0: 3 0x80007b0c (0x02006533) x10 0x00000000
core   0: 0x80007b10 (0x00001271) c.addi  tp, -4
core   0: 3 0x80007b10 (0x1271) x4  0x00000000
core   0: 0x80007b12 (0xfe620de3) beq     tp, t1, pc - 6
core   0: 3 0x80007b12 (0xfe620de3)
core   0: 0x80007b16 (0x0000d4fd) c.beqz  s1, pc - 18
core   0: 3 0x80007b16 (0xd4fd)
core   0: 0x80007b18 (0x00008e8d) c.sub   a3, a1
core   0: 3 0x80007b18 (0x8e8d) x13 0xfffffbd6
core   0: 0x80007b1a (0x00000001) c.nop
core   0: 3 0x80007b1a (0x0001)
core   0: 0x80007b1c (0x00006395) c.lui   t2, 0x5
core   0: 3 0x80007b1c (0x6395) x7  0x00005000
core   0: 0x80007b1e (0x2176a793) slti    a5, a3, 535
core   0: 3 0x80007b1e (0x2176a793) x15 0x00000001
core   0: 0x80007b22 (0x00dde8b3) or      a7, s11, a3
core   0: 3 0x80007b22 (0x00dde8b3) x17 0xfffffbfe
core   0: 0x80007b26 (0x1790b437) lui     s0, 0x1790b
core   0: 3 0x80007b26 (0x1790b437) x8  0x1790b000
core   0: 0x80007b2a (0x029765b3) rem     a1, a4, s1
core   0: 3 0x80007b2a (0x029765b3) x11 0x00000001
core   0: 0x80007b2e (0x02076a63) bltu    a4, zero, pc + 52
core   0: 3 0x80007b2e (0x02076a63)
core   0: 0x80007b32 (0xf6b6e893) ori     a7, a3, -149
core   0: 3 0x80007b32 (0xf6b6e893) x17 0xffffffff
core   0: 0x80007b36 (0x7bff0693) addi    a3, t5, 1983
core   0: 3 0x80007b36 (0x7bff0693) x13 0x000007be
core   0: 0x80007b3a (0x00008745) c.srai  a4, 17
core   0: 3 0x80007b3a (0x8745) x14 0x00000000
core   0: 0x80007b3c (0x000047f5) c.li    a5, 29
core   0: 3 0x80007b3c (0x47f5) x15 0x0000001d
core   0: 0x80007b3e (0x034fe7b3) rem     a5, t6, s4
core   0: 3 0x80007b3e (0x034fe7b3) x15 0xfffffb78
core   0: 0x80007b42 (0xec4c3b93) sltiu   s7, s8, -316
core   0: 3 0x80007b42 (0xec4c3b93) x23 0x00000001
core   0: 0x80007b46 (0x00001310) c.addi4spn a2, sp, 416
core   0: 3 0x80007b46 (0x1310) x12 0x000003b7
core   0: 0x80007b48 (0x0000612d) c.addi16sp sp, 224
core   0: 3 0x80007b48 (0x612d) x2  0x000002f7
core   0: 0x80007b4a (0x04aa7563) bgeu    s4, a0, pc + 74
core   0: 3 0x80007b4a (0x04aa7563)
core   0: 0x80007b94 (0x000084cd) c.srai  s1, 19
core   0: 3 0x80007b94 (0x84cd) x9  0xffffffff
core   0: 0x80007b96 (0x025b62b3) rem     t0, s6, t0
core   0: 3 0x80007b96 (0x025b62b3) x5  0x0000001f
core   0: 0x80007b9a (0x01a39963) bne     t2, s10, pc + 18
core   0: 3 0x80007b9a (0x01a39963)
core   0: 0x80007bac (0x00000001) c.nop
core   0: 3 0x80007bac (0x0001)
core   0: 0x80007bae (0x0043d113) srli    sp, t2, 4
core   0: 3 0x80007bae (0x0043d113) x2  0x00000500
core   0: 0x80007bb2 (0x01b805b3) add     a1, a6, s11
core   0: 3 0x80007bb2 (0x01b805b3) x11 0x0000d238
core   0: 0x80007bb6 (0x4d60eb93) ori     s7, ra, 1238
core   0: 3 0x80007bb6 (0x4d60eb93) x23 0xffffffff
core   0: 0x80007bba (0x02311cb3) mulh    s9, sp, gp
core   0: 3 0x80007bba (0x02311cb3) x25 0x00000000
core   0: 0x80007bbe (0x0000e31d) c.bnez  a4, pc + 38
core   0: 3 0x80007bbe (0xe31d)
core   0: 0x80007bc0 (0x00008789) c.srai  a5, 2
core   0: 3 0x80007bc0 (0x8789) x15 0xfffffede
core   0: 0x80007bc2 (0x01cf82b3) add     t0, t6, t3
core   0: 3 0x80007bc2 (0x01cf82b3) x5  0x0004fbc8
core   0: 0x80007bc6 (0x00008f85) c.sub   a5, s1
core   0: 3 0x80007bc6 (0x8f85) x15 0xfffffedf
core   0: 0x80007bc8 (0x0000c09d) c.beqz  s1, pc + 38
core   0: 3 0x80007bc8 (0xc09d)
core   0: 0x80007bca (0x00a5bcb3) sltu    s9, a1, a0
core   0: 3 0x80007bca (0x00a5bcb3) x25 0x00000000
core   0: 0x80007bce (0x37f0a193) slti    gp, ra, 895
core   0: 3 0x80007bce (0x37f0a193) x3  0x00000001
core   0: 0x80007bd2 (0x40495a33) sra     s4, s2, tp
core   0: 3 0x80007bd2 (0x40495a33) x20 0x000006c8
core   0: 0x80007bd6 (0x0000c709) c.beqz  a4, pc + 10
core   0: 3 0x80007bd6 (0xc709)
core   0: 0x80007be0 (0x00008d01) c.sub   a0, s0
core   0: 3 0x80007be0 (0x8d01) x10 0xe86f5000
core   0: 0x80007be2 (0x0000cc81) c.beqz  s1, pc + 24
core   0: 3 0x80007be2 (0xcc81)
core   0: 0x80007be4 (0x3d9f0697) auipc   a3, 0x3d9f0
core   0: 3 0x80007be4 (0x3d9f0697) x13 0xbd9f7be4
core   0: 0x80007be8 (0x00000001) c.nop
core   0: 3 0x80007be8 (0x0001)
core   0: 0x80007bea (0xcb0e0d17) auipc   s10, 0xcb0e0
core   0: 3 0x80007bea (0xcb0e0d17) x26 0x4b0e7bea
core   0: 0x80007bee (0x016b22b3) slt     t0, s6, s6
core   0: 3 0x80007bee (0x016b22b3) x5  0x00000000
core   0: 0x80007bf2 (0x00009476) c.add   s0, t4
core   0: 3 0x80007bf2 (0x9476) x8  0x1790b008
core   0: 0x80007bf4 (0x00008d8d) c.sub   a1, a1
core   0: 3 0x80007bf4 (0x8d8d) x11 0x00000000
core   0: 0x80007bf6 (0x0147f733) and     a4, a5, s4
core   0: 3 0x80007bf6 (0x0147f733) x14 0x000006c8
core   0: 0x80007bfa (0x00f09833) sll     a6, ra, a5
core   0: 3 0x80007bfa (0x00f09833) x16 0x80000000
core   0: 0x80007bfe (0xfda82137) lui     sp, 0xfda82
core   0: 3 0x80007bfe (0xfda82137) x2  0xfda82000
core   0: 0x80007c02 (0x02cb4863) blt     s6, a2, pc + 48
core   0: 3 0x80007c02 (0x02cb4863)
core   0: 0x80007c32 (0x000046d9) c.li    a3, 22
core   0: 3 0x80007c32 (0x46d9) x13 0x00000016
core   0: 0x80007c34 (0x006d1793) slli    a5, s10, 6
core   0: 3 0x80007c34 (0x006d1793) x15 0xc39efa80
core   0: 0x80007c38 (0x03fe5933) divu    s2, t3, t6
core   0: 3 0x80007c38 (0x03fe5933) x18 0x00000000
core   0: 0x80007c3c (0x030e0e63) beq     t3, a6, pc + 60
core   0: 3 0x80007c3c (0x030e0e63)
core   0: 0x80007c40 (0x000081a9) c.srli  a1, 10
core   0: 3 0x80007c40 (0x81a9) x11 0x00000000
core   0: 0x80007c42 (0x03ddb033) mulhu   zero, s11, t4
core   0: 3 0x80007c42 (0x03ddb033)
core   0: 0x80007c46 (0x00006119) c.addi16sp sp, 384
core   0: 3 0x80007c46 (0x6119) x2  0xfda82180
core   0: 0x80007c48 (0x00008fc1) c.or    a5, s0
core   0: 3 0x80007c48 (0x8fc1) x15 0xd79efa88
core   0: 0x80007c4a (0x00b38463) beq     t2, a1, pc + 8
core   0: 3 0x80007c4a (0x00b38463)
core   0: 0x80007c4e (0x25064b13) xori    s6, a2, 592
core   0: 3 0x80007c4e (0x25064b13) x22 0x000001e7
core   0: 0x80007c52 (0x00000001) c.nop
core   0: 3 0x80007c52 (0x0001)
core   0: 0x80007c54 (0x000019fd) c.addi  s3, -1
core   0: 3 0x80007c54 (0x19fd) x19 0x03ffffff
core   0: 0x80007c56 (0x00008c21) c.xor   s0, s0
core   0: 3 0x80007c56 (0x8c21) x8  0x00000000
core   0: 0x80007c58 (0x11991297) auipc   t0, 0x11991
core   0: 3 0x80007c58 (0x11991297) x5  0x91998c58
core   0: 0x80007c5c (0x01d81e13) slli    t3, a6, 29
core   0: 3 0x80007c5c (0x01d81e13) x28 0x00000000
core   0: 0x80007c60 (0x40e15e33) sra     t3, sp, a4
core   0: 3 0x80007c60 (0x40e15e33) x28 0xfffda821
core   0: 0x80007c64 (0x031288b3) mul     a7, t0, a7
core   0: 3 0x80007c64 (0x031288b3) x17 0x6e6673a8
core   0: 0x80007c68 (0x000011fd) c.addi  gp, -1
core   0: 3 0x80007c68 (0x11fd) x3  0x00000000
core   0: 0x80007c6a (0x00000a4a) c.slli  s4, 18
core   0: 3 0x80007c6a (0x0a4a) x20 0x1b200000
core   0: 0x80007c6c (0x41658ab3) sub     s5, a1, s6
core   0: 3 0x80007c6c (0x41658ab3) x21 0xfffffe19
core   0: 0x80007c70 (0x0072a933) slt     s2, t0, t2
core   0: 3 0x80007c70 (0x0072a933) x18 0x00000001
core   0: 0x80007c74 (0x009d6f63) bltu    s10, s1, pc + 30
core   0: 3 0x80007c74 (0x009d6f63)
core   0: 0x80007c92 (0x000085c9) c.srai  a1, 18
core   0: 3 0x80007c92 (0x85c9) x11 0x00000000
core   0: 0x80007c94 (0x034f41b3) div     gp, t5, s4
core   0: 3 0x80007c94 (0x034f41b3) x3  0x00000000
core   0: 0x80007c98 (0x415753b3) sra     t2, a4, s5
core   0: 3 0x80007c98 (0x415753b3) x7  0x00000000
core   0: 0x80007c9c (0x00008d59) c.or    a0, a4
core   0: 3 0x80007c9c (0x8d59) x10 0xe86f56c8
core   0: 0x80007c9e (0xad286493) ori     s1, a6, -1326
core   0: 3 0x80007c9e (0xad286493) x9  0xfffffad2
core   0: 0x80007ca2 (0x26721317) auipc   t1, 0x26721
core   0: 3 0x80007ca2 (0x26721317) x6  0xa6728ca2
core   0: 0x80007ca6 (0x40b70033) sub     zero, a4, a1
core   0: 3 0x80007ca6 (0x40b70033)
core   0: 0x80007caa (0x02c03e33) mulhu   t3, zero, a2
core   0: 3 0x80007caa (0x02c03e33) x28 0x00000000
core   0: 0x80007cae (0xf4e08393) addi    t2, ra, -178
core   0: 3 0x80007cae (0xf4e08393) x7  0xffffff4d
core   0: 0x80007cb2 (0x03b85d33) divu    s10, a6, s11
core   0: 3 0x80007cb2 (0x03b85d33) x26 0x00009be0
core   0: 0x80007cb6 (0x00008ffd) c.and   a5, a5
core   0: 3 0x80007cb6 (0x8ffd) x15 0xd79efa88
core   0: 0x80007cb8 (0x03ffa6b3) mulhsu  a3, t6, t6
core   0: 3 0x80007cb8 (0x03ffa6b3) x13 0xc0000006
core   0: 0x80007cbc (0x00000001) c.nop
core   0: 3 0x80007cbc (0x0001)
core   0: 0x80007cbe (0x00008889) c.andi  s1, 2
core   0: 3 0x80007cbe (0x8889) x9  0x00000002
core   0: 0x80007cc0 (0x4171d1b3) sra     gp, gp, s7
core   0: 3 0x80007cc0 (0x4171d1b3) x3  0x00000000
core   0: 0x80007cc4 (0x00006995) c.lui   s3, 0x5
core   0: 3 0x80007cc4 (0x6995) x19 0x00005000
core   0: 0x80007cc6 (0x00cb1313) slli    t1, s6, 12
core   0: 3 0x80007cc6 (0x00cb1313) x6  0x001e7000
core   0: 0x80007cca (0x00000001) c.nop
core   0: 3 0x80007cca (0x0001)
core   0: 0x80007ccc (0x00006b35) c.lui   s6, 0xd
core   0: 3 0x80007ccc (0x6b35) x22 0x0000d000
core   0: 0x80007cce (0x010c9533) sll     a0, s9, a6
core   0: 3 0x80007cce (0x010c9533) x10 0x00000000
core   0: 0x80007cd2 (0x753a3f13) sltiu   t5, s4, 1875
core   0: 3 0x80007cd2 (0x753a3f13) x30 0x00000000
core   0: 0x80007cd6 (0x00008d35) c.xor   a0, a3
core   0: 3 0x80007cd6 (0x8d35) x10 0xc0000006
core   0: 0x80007cd8 (0x01c491b3) sll     gp, s1, t3
core   0: 3 0x80007cd8 (0x01c491b3) x3  0x00000002
core   0: 0x80007cdc (0x00000092) c.slli  ra, 4
core   0: 3 0x80007cdc (0x0092) x1  0xfffffff0
core   0: 0x80007cde (0x01ad1263) bne     s10, s10, pc + 4
core   0: 3 0x80007cde (0x01ad1263)
core   0: 0x80007ce2 (0x00008b6e) c.mv    s6, s11
core   0: 3 0x80007ce2 (0x8b6e) x22 0x0000d238
core   0: 0x80007ce4 (0x02b924b3) mulhsu  s1, s2, a1
core   0: 3 0x80007ce4 (0x02b924b3) x9  0x00000000
core   0: 0x80007ce8 (0x00006189) c.lui   gp, 0x2
core   0: 3 0x80007ce8 (0x6189) x3  0x00002000
core   0: 0x80007cea (0x01755733) srl     a4, a0, s7
core   0: 3 0x80007cea (0x01755733) x14 0x00000001
core   0: 0x80007cee (0x00000001) c.nop
core   0: 3 0x80007cee (0x0001)
core   0: 0x80007cf0 (0x02b31b63) bne     t1, a1, pc + 54
core   0: 3 0x80007cf0 (0x02b31b63)
core   0: 0x80007d26 (0x41cfd993) srai    s3, t6, 28
core   0: 3 0x80007d26 (0x41cfd993) x19 0xfffffff8
core   0: 0x80007d2a (0xd0f00593) li      a1, -753
core   0: 3 0x80007d2a (0xd0f00593) x11 0xfffffd0f
core   0: 0x80007d2e (0x00000798) c.addi4spn a4, sp, 960
core   0: 3 0x80007d2e (0x0798) x14 0xfda82540
core   0: 0x80007d30 (0x01fe7db3) and     s11, t3, t6
core   0: 3 0x80007d30 (0x01fe7db3) x27 0x00000000
core   0: 0x80007d34 (0x03b1cd63) blt     gp, s11, pc + 58
core   0: 3 0x80007d34 (0x03b1cd63)
core   0: 0x80007d38 (0xc1e54a13) xori    s4, a0, -994
core   0: 3 0x80007d38 (0xc1e54a13) x20 0x3ffffc18
core   0: 0x80007d3c (0x03bc4033) div     zero, s8, s11
core   0: 3 0x80007d3c (0x03bc4033)
core   0: 0x80007d40 (0x418154b3) sra     s1, sp, s8
core   0: 3 0x80007d40 (0x418154b3) x9  0xffda8218
core   0: 0x80007d44 (0x008b1793) slli    a5, s6, 8
core   0: 3 0x80007d44 (0x008b1793) x15 0x00d23800
core   0: 0x80007d48 (0x00d51863) bne     a0, a3, pc + 16
core   0: 3 0x80007d48 (0x00d51863)
core   0: 0x80007d4c (0x012530b3) sltu    ra, a0, s2
core   0: 3 0x80007d4c (0x012530b3) x1  0x00000000
core   0: 0x80007d50 (0x03e59033) mulh    zero, a1, t5
core   0: 3 0x80007d50 (0x03e59033)
core   0: 0x80007d54 (0xb27e0c93) addi    s9, t3, -1241
core   0: 3 0x80007d54 (0xb27e0c93) x25 0xfffffb27
core   0: 0x80007d58 (0x005634b3) sltu    s1, a2, t0
core   0: 3 0x80007d58 (0x005634b3) x9  0x00000001
core   0: 0x80007d5c (0x00000001) c.nop
core   0: 3 0x80007d5c (0x0001)
core   0: 0x80007d5e (0x1623c713) xori    a4, t2, 354
core   0: 3 0x80007d5e (0x1623c713) x14 0xfffffe2f
core   0: 0x80007d62 (0x567e78b7) lui     a7, 0x567e7
core   0: 3 0x80007d62 (0x567e78b7) x17 0x567e7000
core   0: 0x80007d66 (0x032459b3) divu    s3, s0, s2
core   0: 3 0x80007d66 (0x032459b3) x19 0x00000000
core   0: 0x80007d6a (0x025d6063) bltu    s10, t0, pc + 32
core   0: 3 0x80007d6a (0x025d6063)
core   0: 0x80007d8a (0x01e76f33) or      t5, a4, t5
core   0: 3 0x80007d8a (0x01e76f33) x30 0xfffffe2f
core   0: 0x80007d8e (0x027a6263) bltu    s4, t2, pc + 36
core   0: 3 0x80007d8e (0x027a6263)
core   0: 0x80007db2 (0x00008d3d) c.xor   a0, a5
core   0: 3 0x80007db2 (0x8d3d) x10 0xc0d23806
core   0: 0x80007db4 (0x00008231) c.srli  a2, 12
core   0: 3 0x80007db4 (0x8231) x12 0x00000000
core   0: 0x80007db6 (0x19c6f593) andi    a1, a3, 412
core   0: 3 0x80007db6 (0x19c6f593) x11 0x00000004
core   0: 0x80007dba (0x40a3d093) srai    ra, t2, 10
core   0: 3 0x80007dba (0x40a3d093) x1  0xffffffff
core   0: 0x80007dbe (0x00f09663) bne     ra, a5, pc + 12
core   0: 3 0x80007dbe (0x00f09663)
core   0: 0x80007dca (0x00006465) c.lui   s0, 0x19
core   0: 3 0x80007dca (0x6465) x8  0x00019000
core   0: 0x80007dcc (0x03c8eab3) rem     s5, a7, t3
core   0: 3 0x80007dcc (0x03c8eab3) x21 0x567e7000
core   0: 0x80007dd0 (0x00008fad) c.xor   a5, a1
core   0: 3 0x80007dd0 (0x8fad) x15 0x00d23804
core   0: 0x80007dd2 (0x01c9ccb3) xor     s9, s3, t3
core   0: 3 0x80007dd2 (0x01c9ccb3) x25 0x00000000
core   0: 0x80007dd6 (0x011a36b3) sltu    a3, s4, a7
core   0: 3 0x80007dd6 (0x011a36b3) x13 0x00000001
core   0: 0x80007dda (0x000081f5) c.srli  a1, 29
core   0: 3 0x80007dda (0x81f5) x11 0x00000000
core   0: 0x80007ddc (0x0000717d) c.addi16sp sp, -16
core   0: 3 0x80007ddc (0x717d) x2  0xfda82170
core   0: 0x80007dde (0xd46ef993) andi    s3, t4, -698
core   0: 3 0x80007dde (0xd46ef993) x19 0x00000000
core   0: 0x80007de2 (0x00c50433) add     s0, a0, a2
core   0: 3 0x80007de2 (0x00c50433) x8  0xc0d23806
core   0: 0x80007de6 (0x02e7d7b3) divu    a5, a5, a4
core   0: 3 0x80007de6 (0x02e7d7b3) x15 0x00000000
core   0: 0x80007dea (0x02312233) mulhsu  tp, sp, gp
core   0: 3 0x80007dea (0x02312233) x4  0xffffffb5
core   0: 0x80007dee (0x00008d5d) c.or    a0, a5
core   0: 3 0x80007dee (0x8d5d) x10 0xc0d23806
core   0: 0x80007df0 (0x0000137d) c.addi  t1, -1
core   0: 3 0x80007df0 (0x137d) x6  0x001e6fff
core   0: 0x80007df2 (0x0000078d) c.addi  a5, 3
core   0: 3 0x80007df2 (0x078d) x15 0x00000003
core   0: 0x80007df4 (0x034a4833) div     a6, s4, s4
core   0: 3 0x80007df4 (0x034a4833) x16 0x00000001
core   0: 0x80007df8 (0x03843333) mulhu   t1, s0, s8
core   0: 3 0x80007df8 (0x03843333) x6  0x606ae4f0
core   0: 0x80007dfc (0x00000b56) c.slli  s6, 21
core   0: 3 0x80007dfc (0x0b56) x22 0x47000000
core   0: 0x80007dfe (0x02850333) mul     t1, a0, s0
core   0: 3 0x80007dfe (0x02850333) x6  0xf61aa024
core   0: 0x80007e02 (0x01291793) slli    a5, s2, 18
core   0: 3 0x80007e02 (0x01291793) x15 0x00040000
core   0: 0x80007e06 (0x0c6d2113) slti    sp, s10, 198
core   0: 3 0x80007e06 (0x0c6d2113) x2  0x00000000
core   0: 0x80007e0a (0x85f06513) ori     a0, zero, -1953
core   0: 3 0x80007e0a (0x85f06513) x10 0xfffff85f
core   0: 0x80007e0e (0x407e05b3) sub     a1, t3, t2
core   0: 3 0x80007e0e (0x407e05b3) x11 0x000000b3
core   0: 0x80007e12 (0x68e6e297) auipc   t0, 0x68e6e
core   0: 3 0x80007e12 (0x68e6e297) x5  0xe8e75e12
core   0: 0x80007e16 (0x00006141) c.addi16sp sp, 16
core   0: 3 0x80007e16 (0x6141) x2  0x00000010
core   0: 0x80007e18 (0x00006aa1) c.lui   s5, 0x8
core   0: 3 0x80007e18 (0x6aa1) x21 0x00008000
core   0: 0x80007e1a (0x00008fcd) c.or    a5, a1
core   0: 3 0x80007e1a (0x8fcd) x15 0x000400b3
core   0: 0x80007e1c (0x00a24133) xor     sp, tp, a0
core   0: 3 0x80007e1c (0x00a24133) x2  0x000007ea
core   0: 0x80007e20 (0x011a38b3) sltu    a7, s4, a7
core   0: 3 0x80007e20 (0x011a38b3) x17 0x00000001
core   0: 0x80007e24 (0x0000c419) c.beqz  s0, pc + 14
core   0: 3 0x80007e24 (0xc419)
core   0: 0x80007e26 (0x401b0333) sub     t1, s6, ra
core   0: 3 0x80007e26 (0x401b0333) x6  0x47000001
core   0: 0x80007e2a (0x00009e5e) c.add   t3, s7
core   0: 3 0x80007e2a (0x9e5e) x28 0xffffffff
core   0: 0x80007e2c (0x00001a7d) c.addi  s4, -1
core   0: 3 0x80007e2c (0x1a7d) x20 0x3ffffc17
core   0: 0x80007e2e (0x0489fa93) andi    s5, s3, 72
core   0: 3 0x80007e2e (0x0489fa93) x21 0x00000000
core   0: 0x80007e32 (0x0103f1b3) and     gp, t2, a6
core   0: 3 0x80007e32 (0x0103f1b3) x3  0x00000001
core   0: 0x80007e36 (0x0000cd19) c.beqz  a0, pc + 30
core   0: 3 0x80007e36 (0xcd19)
core   0: 0x80007e38 (0x0000082d) c.addi  a6, 11
core   0: 3 0x80007e38 (0x082d) x16 0x0000000c
core   0: 0x80007e3a (0x8284ce13) xori    t3, s1, -2008
core   0: 3 0x80007e3a (0x8284ce13) x28 0xfffff829
core   0: 0x80007e3e (0x0145b533) sltu    a0, a1, s4
core   0: 3 0x80007e3e (0x0145b533) x10 0x00000001
core   0: 0x80007e42 (0x4175d6b3) sra     a3, a1, s7
core   0: 3 0x80007e42 (0x4175d6b3) x13 0x00000000
core   0: 0x80007e46 (0x01c46cb3) or      s9, s0, t3
core   0: 3 0x80007e46 (0x01c46cb3) x25 0xfffff82f
core   0: 0x80007e4a (0x003af933) and     s2, s5, gp
core   0: 3 0x80007e4a (0x003af933) x18 0x00000000
core   0: 0x80007e4e (0x00001288) c.addi4spn a0, sp, 352
core   0: 3 0x80007e4e (0x1288) x10 0x0000094a
core   0: 0x80007e50 (0x8e243a37) lui     s4, 0x8e243
core   0: 3 0x80007e50 (0x8e243a37) x20 0x8e243000
core   0: 0x80007e54 (0x005736b3) sltu    a3, a4, t0
core   0: 3 0x80007e54 (0x005736b3) x13 0x00000000
core   0: 0x80007e58 (0x000009fa) c.slli  s3, 30
core   0: 3 0x80007e58 (0x09fa) x19 0x00000000
core   0: 0x80007e5a (0x0000e40d) c.bnez  s0, pc + 42
core   0: 3 0x80007e5a (0xe40d)
core   0: 0x80007e84 (0x02733833) mulhu   a6, t1, t2
core   0: 3 0x80007e84 (0x02733833) x16 0x46ffffcf
core   0: 0x80007e88 (0x0015d193) srli    gp, a1, 1
core   0: 3 0x80007e88 (0x0015d193) x3  0x00000059
core   0: 0x80007e8c (0x005b9693) slli    a3, s7, 5
core   0: 3 0x80007e8c (0x005b9693) x13 0xffffffe0
core   0: 0x80007e90 (0x0000c92d) c.beqz  a0, pc + 114
core   0: 3 0x80007e90 (0xc92d)
core   0: 0x80007e92 (0x8ee5c913) xori    s2, a1, -1810
core   0: 3 0x80007e92 (0x8ee5c913) x18 0xfffff85d
core   0: 0x80007e96 (0x4051da93) srai    s5, gp, 5
core   0: 3 0x80007e96 (0x4051da93) x21 0x00000002
core   0: 0x80007e9a (0x033cc2b3) div     t0, s9, s3
core   0: 3 0x80007e9a (0x033cc2b3) x5  0xffffffff
core   0: 0x80007e9e (0x00008551) c.srai  a0, 20
core   0: 3 0x80007e9e (0x8551) x10 0x00000000
core   0: 0x80007ea0 (0x00000001) c.nop
core   0: 3 0x80007ea0 (0x0001)
core   0: 0x80007ea2 (0x03cf9733) mulh    a4, t6, t3
core   0: 3 0x80007ea2 (0x03cf9733) x14 0x000003eb
core   0: 0x80007ea6 (0x00008e01) c.sub   a2, s0
core   0: 3 0x80007ea6 (0x8e01) x12 0x3f2dc7fa
core   0: 0x80007ea8 (0x0000c891) c.beqz  s1, pc + 20
core   0: 3 0x80007ea8 (0xc891)
core   0: 0x80007eaa (0x649fa597) auipc   a1, 0x649fa
core   0: 3 0x80007eaa (0x649fa597) x11 0xe4a01eaa
core   0: 0x80007eae (0x000016fd) c.addi  a3, -1
core   0: 3 0x80007eae (0x16fd) x13 0xffffffdf
core   0: 0x80007eb0 (0x03077833) remu    a6, a4, a6
core   0: 3 0x80007eb0 (0x03077833) x16 0x000003eb
core   0: 0x80007eb4 (0xf1bd8413) addi    s0, s11, -229
core   0: 3 0x80007eb4 (0xf1bd8413) x8  0xffffff1b
core   0: 0x80007eb8 (0x5686a213) slti    tp, a3, 1384
core   0: 3 0x80007eb8 (0x5686a213) x4  0x00000001
core   0: 0x80007ebc (0x0000c529) c.beqz  a0, pc + 74
core   0: 3 0x80007ebc (0xc529)
core   0: 0x80007f06 (0x00008ce9) c.and   s1, a0
core   0: 3 0x80007f06 (0x8ce9) x9  0x00000000
core   0: 0x80007f08 (0x41615813) srai    a6, sp, 22
core   0: 3 0x80007f08 (0x41615813) x16 0x00000000
core   0: 0x80007f0c (0x00bdd463) bge     s11, a1, pc + 8
core   0: 3 0x80007f0c (0x00bdd463)
core   0: 0x80007f14 (0x0167d493) srli    s1, a5, 22
core   0: 3 0x80007f14 (0x0167d493) x9  0x00000000
core   0: 0x80007f18 (0x029e1b33) mulh    s6, t3, s1
core   0: 3 0x80007f18 (0x029e1b33) x22 0x00000000
core   0: 0x80007f1c (0x00008eed) c.and   a3, a1
core   0: 3 0x80007f1c (0x8eed) x13 0xe4a01e8a
core   0: 0x80007f1e (0x000059fd) c.li    s3, -1
core   0: 3 0x80007f1e (0x59fd) x19 0xffffffff
core   0: 0x80007f20 (0x000099fd) c.andi  a1, -1
core   0: 3 0x80007f20 (0x99fd) x11 0xe4a01eaa
core   0: 0x80007f22 (0x00008069) c.srli  s0, 26
core   0: 3 0x80007f22 (0x8069) x8  0x0000003f
core   0: 0x80007f24 (0xd8a11197) auipc   gp, 0xd8a11
core   0: 3 0x80007f24 (0xd8a11197) x3  0x58a18f24
core   0: 0x80007f28 (0x00008e4d) c.or    a2, a1
core   0: 3 0x80007f28 (0x8e4d) x12 0xffaddffa
core   0: 0x80007f2a (0x03510363) beq     sp, s5, pc + 38
core   0: 3 0x80007f2a (0x03510363)
core   0: 0x80007f2e (0x000059fd) c.li    s3, -1
core   0: 3 0x80007f2e (0x59fd) x19 0xffffffff
core   0: 0x80007f30 (0x00fa1cb3) sll     s9, s4, a5
core   0: 3 0x80007f30 (0x00fa1cb3) x25 0x80000000
core   0: 0x80007f34 (0x000013fd) c.addi  t2, -1
core   0: 3 0x80007f34 (0x13fd) x7  0xffffff4c
core   0: 0x80007f36 (0x02bc0863) beq     s8, a1, pc + 48
core   0: 3 0x80007f36 (0x02bc0863)
core   0: 0x80007f3a (0x00008bfa) c.mv    s7, t5
core   0: 3 0x80007f3a (0x8bfa) x23 0xfffffe2f
core   0: 0x80007f3c (0x01da1433) sll     s0, s4, t4
core   0: 3 0x80007f3c (0x01da1433) x8  0x24300000
core   0: 0x80007f40 (0x012ffa63) bgeu    t6, s2, pc + 20
core   0: 3 0x80007f40 (0x012ffa63)
core   0: 0x80007f44 (0x0072c663) blt     t0, t2, pc + 12
core   0: 3 0x80007f44 (0x0072c663)
core   0: 0x80007f48 (0x00008325) c.srli  a4, 9
core   0: 3 0x80007f48 (0x8325) x14 0x00000001
core   0: 0x80007f4a (0x03558233) mul     tp, a1, s5
core   0: 3 0x80007f4a (0x03558233) x4  0xc9403d54
core   0: 0x80007f4e (0x000051fd) c.li    gp, -1
core   0: 3 0x80007f4e (0x51fd) x3  0xffffffff
core   0: 0x80007f50 (0x41fb0093) addi    ra, s6, 1055
core   0: 3 0x80007f50 (0x41fb0093) x1  0x0000041f
core   0: 0x80007f54 (0x03c6a8b3) mulhsu  a7, a3, t3
core   0: 3 0x80007f54 (0x03c6a8b3) x17 0xe4a01f60
core   0: 0x80007f58 (0x0358b433) mulhu   s0, a7, s5
core   0: 3 0x80007f58 (0x0358b433) x8  0x00000001
core   0: 0x80007f5c (0x000081b9) c.srli  a1, 14
core   0: 3 0x80007f5c (0x81b9) x11 0x00039280
core   0: 0x80007f5e (0x0179c863) blt     s3, s7, pc + 16
core   0: 3 0x80007f5e (0x0179c863)
core   0: 0x80007f62 (0x01391ab3) sll     s5, s2, s3
core   0: 3 0x80007f62 (0x01391ab3) x21 0x80000000
core   0: 0x80007f66 (0x03d848b3) div     a7, a6, t4
core   0: 3 0x80007f66 (0x03d848b3) x17 0x00000000
core   0: 0x80007f6a (0x01ec8233) add     tp, s9, t5
core   0: 3 0x80007f6a (0x01ec8233) x4  0x7ffffe2f
core   0: 0x80007f6e (0x000081fa) c.mv    gp, t5
core   0: 3 0x80007f6e (0x81fa) x3  0xfffffe2f
core   0: 0x80007f70 (0x00008ea9) c.xor   a3, a0
core   0: 3 0x80007f70 (0x8ea9) x13 0xe4a01e8a
core   0: 0x80007f72 (0x000005ca) c.slli  a1, 18
core   0: 3 0x80007f72 (0x05ca) x11 0x4a000000
core   0: 0x80007f74 (0x00000e97) auipc   t4, 0x0
core   0: 3 0x80007f74 (0x00000e97) x29 0x80007f74
core   0: 0x80007f78 (0x00ce8e93) addi    t4, t4, 12
core   0: 3 0x80007f78 (0x00ce8e93) x29 0x80007f80
core   0: 0x80007f7c (0x000e8067) jr      t4
core   0: 3 0x80007f7c (0x000e8067)
core   0: 0x80007f80 (0x00004185) c.li    gp, 1
core   0: 3 0x80007f80 (0x4185) x3  0x00000001
core   0: 0x80007f82 (0x00000073) ecall
core   0: exception trap_machine_ecall, epc 0x80007f82
core   0: >>>>  mtvec_handler
core   0: 0x8000ac80 (0x0400006f) j       pc + 0x40
core   0: 3 0x8000ac80 (0x0400006f)
core   0: 0x8000acc0 (0x00001ff1) c.addi  t6, -4
core   0: 3 0x8000acc0 (0x1ff1) x31 0x80029d20
core   0: 0x8000acc2 (0x018fa023) sw      s8, 0(t6)
core   0: 3 0x8000acc2 (0x018fa023) mem 0x80029d20 0x80025ea4
core   0: 0x8000acc6 (0x000f8c33) add     s8, t6, zero
core   0: 3 0x8000acc6 (0x000f8c33) x24 0x80029d20
core   0: 0x8000acca (0xf80c0c13) addi    s8, s8, -128
core   0: 3 0x8000acca (0xf80c0c13) x24 0x80029ca0
core   0: 0x8000acce (0x001c2223) sw      ra, 4(s8)
core   0: 3 0x8000acce (0x001c2223) mem 0x80029ca4 0x0000041f
core   0: 0x8000acd2 (0x002c2423) sw      sp, 8(s8)
core   0: 3 0x8000acd2 (0x002c2423) mem 0x80029ca8 0x000007ea
core   0: 0x8000acd6 (0x003c2623) sw      gp, 12(s8)
core   0: 3 0x8000acd6 (0x003c2623) mem 0x80029cac 0x00000001
core   0: 0x8000acda (0x004c2823) sw      tp, 16(s8)
core   0: 3 0x8000acda (0x004c2823) mem 0x80029cb0 0x7ffffe2f
core   0: 0x8000acde (0x005c2a23) sw      t0, 20(s8)
core   0: 3 0x8000acde (0x005c2a23) mem 0x80029cb4 0xffffffff
core   0: 0x8000ace2 (0x006c2c23) sw      t1, 24(s8)
core   0: 3 0x8000ace2 (0x006c2c23) mem 0x80029cb8 0x47000001
core   0: 0x8000ace6 (0x007c2e23) sw      t2, 28(s8)
core   0: 3 0x8000ace6 (0x007c2e23) mem 0x80029cbc 0xffffff4c
core   0: 0x8000acea (0x028c2023) sw      s0, 32(s8)
core   0: 3 0x8000acea (0x028c2023) mem 0x80029cc0 0x00000001
core   0: 0x8000acee (0x029c2223) sw      s1, 36(s8)
core   0: 3 0x8000acee (0x029c2223) mem 0x80029cc4 0x00000000
core   0: 0x8000acf2 (0x02ac2423) sw      a0, 40(s8)
core   0: 3 0x8000acf2 (0x02ac2423) mem 0x80029cc8 0x00000000
core   0: 0x8000acf6 (0x02bc2623) sw      a1, 44(s8)
core   0: 3 0x8000acf6 (0x02bc2623) mem 0x80029ccc 0x4a000000
core   0: 0x8000acfa (0x02cc2823) sw      a2, 48(s8)
core   0: 3 0x8000acfa (0x02cc2823) mem 0x80029cd0 0xffaddffa
core   0: 0x8000acfe (0x02dc2a23) sw      a3, 52(s8)
core   0: 3 0x8000acfe (0x02dc2a23) mem 0x80029cd4 0xe4a01e8a
core   0: 0x8000ad02 (0x02ec2c23) sw      a4, 56(s8)
core   0: 3 0x8000ad02 (0x02ec2c23) mem 0x80029cd8 0x00000001
core   0: 0x8000ad06 (0x02fc2e23) sw      a5, 60(s8)
core   0: 3 0x8000ad06 (0x02fc2e23) mem 0x80029cdc 0x000400b3
core   0: 0x8000ad0a (0x050c2023) sw      a6, 64(s8)
core   0: 3 0x8000ad0a (0x050c2023) mem 0x80029ce0 0x00000000
core   0: 0x8000ad0e (0x051c2223) sw      a7, 68(s8)
core   0: 3 0x8000ad0e (0x051c2223) mem 0x80029ce4 0x00000000
core   0: 0x8000ad12 (0x052c2423) sw      s2, 72(s8)
core   0: 3 0x8000ad12 (0x052c2423) mem 0x80029ce8 0xfffff85d
core   0: 0x8000ad16 (0x053c2623) sw      s3, 76(s8)
core   0: 3 0x8000ad16 (0x053c2623) mem 0x80029cec 0xffffffff
core   0: 0x8000ad1a (0x054c2823) sw      s4, 80(s8)
core   0: 3 0x8000ad1a (0x054c2823) mem 0x80029cf0 0x8e243000
core   0: 0x8000ad1e (0x055c2a23) sw      s5, 84(s8)
core   0: 3 0x8000ad1e (0x055c2a23) mem 0x80029cf4 0x80000000
core   0: 0x8000ad22 (0x056c2c23) sw      s6, 88(s8)
core   0: 3 0x8000ad22 (0x056c2c23) mem 0x80029cf8 0x00000000
core   0: 0x8000ad26 (0x057c2e23) sw      s7, 92(s8)
core   0: 3 0x8000ad26 (0x057c2e23) mem 0x80029cfc 0xfffffe2f
core   0: 0x8000ad2a (0x078c2023) sw      s8, 96(s8)
core   0: 3 0x8000ad2a (0x078c2023) mem 0x80029d00 0x80029ca0
core   0: 0x8000ad2e (0x079c2223) sw      s9, 100(s8)
core   0: 3 0x8000ad2e (0x079c2223) mem 0x80029d04 0x80000000
core   0: 0x8000ad32 (0x07ac2423) sw      s10, 104(s8)
core   0: 3 0x8000ad32 (0x07ac2423) mem 0x80029d08 0x00009be0
core   0: 0x8000ad36 (0x07bc2623) sw      s11, 108(s8)
core   0: 3 0x8000ad36 (0x07bc2623) mem 0x80029d0c 0x00000000
core   0: 0x8000ad3a (0x07cc2823) sw      t3, 112(s8)
core   0: 3 0x8000ad3a (0x07cc2823) mem 0x80029d10 0xfffff829
core   0: 0x8000ad3e (0x07dc2a23) sw      t4, 116(s8)
core   0: 3 0x8000ad3e (0x07dc2a23) mem 0x80029d14 0x80007f80
core   0: 0x8000ad42 (0x07ec2c23) sw      t5, 120(s8)
core   0: 3 0x8000ad42 (0x07ec2c23) mem 0x80029d18 0xfffffe2f
core   0: 0x8000ad46 (0x07fc2e23) sw      t6, 124(s8)
core   0: 3 0x8000ad46 (0x07fc2e23) mem 0x80029d1c 0x80029d20
core   0: 0x8000ad4a (0x000c0fb3) add     t6, s8, zero
core   0: 3 0x8000ad4a (0x000c0fb3) x31 0x80029ca0
core   0: 0x8000ad4e (0x341029f3) csrr    s3, mepc
core   0: 3 0x8000ad4e (0x341029f3) x19 0x80007f82
core   0: 0x8000ad52 (0x342029f3) csrr    s3, mcause
core   0: 3 0x8000ad52 (0x342029f3) x19 0x0000000b
core   0: 0x8000ad56 (0x00004e0d) c.li    t3, 3
core   0: 3 0x8000ad56 (0x4e0d) x28 0x00000003
core   0: 0x8000ad58 (0x29c98d63) beq     s3, t3, pc + 666
core   0: 3 0x8000ad58 (0x29c98d63)
core   0: 0x8000ad5c (0x00004e21) c.li    t3, 8
core   0: 3 0x8000ad5c (0x4e21) x28 0x00000008
core   0: 0x8000ad5e (0x05c98563) beq     s3, t3, pc + 74
core   0: 3 0x8000ad5e (0x05c98563)
core   0: 0x8000ad62 (0x00004e25) c.li    t3, 9
core   0: 3 0x8000ad62 (0x4e25) x28 0x00000009
core   0: 0x8000ad64 (0x05c98263) beq     s3, t3, pc + 68
core   0: 3 0x8000ad64 (0x05c98263)
core   0: 0x8000ad68 (0x00004e2d) c.li    t3, 11
core   0: 3 0x8000ad68 (0x4e2d) x28 0x0000000b
core   0: 0x8000ad6a (0x03c98f63) beq     s3, t3, pc + 62
core   0: 3 0x8000ad6a (0x03c98f63)
core   0: 0x8000ada8 (0xffff5997) auipc   s3, 0xffff5
core   0: 3 0x8000ada8 (0xffff5997) x19 0x7ffffda8
core   0: 0x8000adac (0x25898993) addi    s3, s3, 600
core   0: 3 0x8000adac (0x25898993) x19 0x80000000
core   0: 0x8000adb0 (0x0009a023) sw      zero, 0(s3)
core   0: 3 0x8000adb0 (0x0009a023) mem 0x80000000 0x00000000
core   0: 0x8000adb4 (0x0019a223) sw      ra, 4(s3)
core   0: 3 0x8000adb4 (0x0019a223) mem 0x80000004 0x0000041f
core   0: 0x8000adb8 (0x0029a423) sw      sp, 8(s3)
core   0: 3 0x8000adb8 (0x0029a423) mem 0x80000008 0x000007ea
core   0: 0x8000adbc (0x0039a623) sw      gp, 12(s3)
core   0: 3 0x8000adbc (0x0039a623) mem 0x8000000c 0x00000001
core   0: 0x8000adc0 (0x0049a823) sw      tp, 16(s3)
core   0: 3 0x8000adc0 (0x0049a823) mem 0x80000010 0x7ffffe2f
core   0: 0x8000adc4 (0x0059aa23) sw      t0, 20(s3)
core   0: 3 0x8000adc4 (0x0059aa23) mem 0x80000014 0xffffffff
core   0: 0x8000adc8 (0x0069ac23) sw      t1, 24(s3)
core   0: 3 0x8000adc8 (0x0069ac23) mem 0x80000018 0x47000001
core   0: 0x8000adcc (0x0079ae23) sw      t2, 28(s3)
core   0: 3 0x8000adcc (0x0079ae23) mem 0x8000001c 0xffffff4c
core   0: 0x8000add0 (0x0289a023) sw      s0, 32(s3)
core   0: 3 0x8000add0 (0x0289a023) mem 0x80000020 0x00000001
core   0: 0x8000add4 (0x0299a223) sw      s1, 36(s3)
core   0: 3 0x8000add4 (0x0299a223) mem 0x80000024 0x00000000
core   0: 0x8000add8 (0x02a9a423) sw      a0, 40(s3)
core   0: 3 0x8000add8 (0x02a9a423) mem 0x80000028 0x00000000
core   0: 0x8000addc (0x02b9a623) sw      a1, 44(s3)
core   0: 3 0x8000addc (0x02b9a623) mem 0x8000002c 0x4a000000
core   0: 0x8000ade0 (0x02c9a823) sw      a2, 48(s3)
core   0: 3 0x8000ade0 (0x02c9a823) mem 0x80000030 0xffaddffa
core   0: 0x8000ade4 (0x02d9aa23) sw      a3, 52(s3)
core   0: 3 0x8000ade4 (0x02d9aa23) mem 0x80000034 0xe4a01e8a
core   0: 0x8000ade8 (0x02e9ac23) sw      a4, 56(s3)
core   0: 3 0x8000ade8 (0x02e9ac23) mem 0x80000038 0x00000001
core   0: 0x8000adec (0x02f9ae23) sw      a5, 60(s3)
core   0: 3 0x8000adec (0x02f9ae23) mem 0x8000003c 0x000400b3
core   0: 0x8000adf0 (0x0509a023) sw      a6, 64(s3)
core   0: 3 0x8000adf0 (0x0509a023) mem 0x80000040 0x00000000
core   0: 0x8000adf4 (0x0519a223) sw      a7, 68(s3)
core   0: 3 0x8000adf4 (0x0519a223) mem 0x80000044 0x00000000
core   0: 0x8000adf8 (0x0529a423) sw      s2, 72(s3)
core   0: 3 0x8000adf8 (0x0529a423) mem 0x80000048 0xfffff85d
core   0: 0x8000adfc (0x0539a623) sw      s3, 76(s3)
core   0: 3 0x8000adfc (0x0539a623) mem 0x8000004c 0x80000000
core   0: 0x8000ae00 (0x0549a823) sw      s4, 80(s3)
core   0: 3 0x8000ae00 (0x0549a823) mem 0x80000050 0x8e243000
core   0: 0x8000ae04 (0x0559aa23) sw      s5, 84(s3)
core   0: 3 0x8000ae04 (0x0559aa23) mem 0x80000054 0x80000000
core   0: 0x8000ae08 (0x0569ac23) sw      s6, 88(s3)
core   0: 3 0x8000ae08 (0x0569ac23) mem 0x80000058 0x00000000
core   0: 0x8000ae0c (0x0579ae23) sw      s7, 92(s3)
core   0: 3 0x8000ae0c (0x0579ae23) mem 0x8000005c 0xfffffe2f
core   0: 0x8000ae10 (0x0789a023) sw      s8, 96(s3)
core   0: 3 0x8000ae10 (0x0789a023) mem 0x80000060 0x80029ca0
core   0: 0x8000ae14 (0x0799a223) sw      s9, 100(s3)
core   0: 3 0x8000ae14 (0x0799a223) mem 0x80000064 0x80000000
core   0: 0x8000ae18 (0x07a9a423) sw      s10, 104(s3)
core   0: 3 0x8000ae18 (0x07a9a423) mem 0x80000068 0x00009be0
core   0: 0x8000ae1c (0x07b9a623) sw      s11, 108(s3)
core   0: 3 0x8000ae1c (0x07b9a623) mem 0x8000006c 0x00000000
core   0: 0x8000ae20 (0x07c9a823) sw      t3, 112(s3)
core   0: 3 0x8000ae20 (0x07c9a823) mem 0x80000070 0x0000000b
core   0: 0x8000ae24 (0x07d9aa23) sw      t4, 116(s3)
core   0: 3 0x8000ae24 (0x07d9aa23) mem 0x80000074 0x80007f80
core   0: 0x8000ae28 (0x07e9ac23) sw      t5, 120(s3)
core   0: 3 0x8000ae28 (0x07e9ac23) mem 0x80000078 0xfffffe2f
core   0: 0x8000ae2c (0x07f9ae23) sw      t6, 124(s3)
core   0: 3 0x8000ae2c (0x07f9ae23) mem 0x8000007c 0x80029ca0
core   0: 0x8000ae30 (0xfffffe97) auipc   t4, 0xfffff
core   0: 3 0x8000ae30 (0xfffffe97) x29 0x80009e30
core   0: 0x8000ae34 (0x452e8e93) addi    t4, t4, 1106
core   0: 3 0x8000ae34 (0x452e8e93) x29 0x8000a282
core   0: 0x8000ae38 (0x000e8067) jr      t4
core   0: 3 0x8000ae38 (0x000e8067)
core   0: 0x8000a282 (0x00006f17) auipc   t5, 0x6
core   0: 3 0x8000a282 (0x00006f17) x30 0x80010282
core   0: 0x8000a286 (0xd63f2f23) sw      gp, -642(t5)
core   0: 3 0x8000a286 (0xd63f2f23) mem 0x80010000 0x00000001
core   0: 0x8000a28a (0x0000bfe5) c.j     pc - 8
core   0: 3 0x8000a28a (0xbfe5)
core   0: 0x8000a282 (0x00006f17) auipc   t5, 0x6
core   0: 3 0x8000a282 (0x00006f17) x30 0x80010282
core   0: 0x8000a286 (0xd63f2f23) sw      gp, -642(t5)
core   0: 3 0x8000a286 (0xd63f2f23) mem 0x80010000 0x00000001
core   0: 0x8000a28a (0x0000bfe5) c.j     pc - 8
core   0: 3 0x8000a28a (0xbfe5)
core   0: 0x8000a282 (0x00006f17) auipc   t5, 0x6
core   0: 3 0x8000a282 (0x00006f17) x30 0x80010282
core   0: 0x8000a286 (0xd63f2f23) sw      gp, -642(t5)
core   0: 3 0x8000a286 (0xd63f2f23) mem 0x80010000 0x00000001
core   0: 0x8000a28a (0x0000bfe5) c.j     pc - 8
core   0: 3 0x8000a28a (0xbfe5)
core   0: 0x8000a282 (0x00006f17) auipc   t5, 0x6
core   0: 3 0x8000a282 (0x00006f17) x30 0x80010282
core   0: 0x8000a286 (0xd63f2f23) sw      gp, -642(t5)
core   0: 3 0x8000a286 (0xd63f2f23) mem 0x80010000 0x00000001
core   0: 0x8000a28a (0x0000bfe5) c.j     pc - 8
core   0: 3 0x8000a28a (0xbfe5)
core   0: 0x8000a282 (0x00006f17) auipc   t5, 0x6
core   0: 3 0x8000a282 (0x00006f17) x30 0x80010282
core   0: 0x8000a286 (0xd63f2f23) sw      gp, -642(t5)
core   0: 3 0x8000a286 (0xd63f2f23) mem 0x80010000 0x00000001
core   0: 0x8000a28a (0x0000bfe5) c.j     pc - 8
core   0: 3 0x8000a28a (0xbfe5)
core   0: 0x8000a282 (0x00006f17) auipc   t5, 0x6
core   0: 3 0x8000a282 (0x00006f17) x30 0x80010282
core   0: 0x8000a286 (0xd63f2f23) sw      gp, -642(t5)
core   0: 3 0x8000a286 (0xd63f2f23) mem 0x80010000 0x00000001
core   0: 0x8000a28a (0x0000bfe5) c.j     pc - 8
core   0: 3 0x8000a28a (0xbfe5)
core   0: 0x8000a282 (0x00006f17) auipc   t5, 0x6
core   0: 3 0x8000a282 (0x00006f17) x30 0x80010282
core   0: 0x8000a286 (0xd63f2f23) sw      gp, -642(t5)
core   0: 3 0x8000a286 (0xd63f2f23) mem 0x80010000 0x00000001
core   0: 0x8000a28a (0x0000bfe5) c.j     pc - 8
core   0: 3 0x8000a28a (0xbfe5)
core   0: 0x8000a282 (0x00006f17) auipc   t5, 0x6
core   0: 3 0x8000a282 (0x00006f17) x30 0x80010282
core   0: 0x8000a286 (0xd63f2f23) sw      gp, -642(t5)
core   0: 3 0x8000a286 (0xd63f2f23) mem 0x80010000 0x00000001
core   0: 0x8000a28a (0x0000bfe5) c.j     pc - 8
core   0: 3 0x8000a28a (0xbfe5)
core   0: 0x8000a282 (0x00006f17) auipc   t5, 0x6
core   0: 3 0x8000a282 (0x00006f17) x30 0x80010282
core   0: 0x8000a286 (0xd63f2f23) sw      gp, -642(t5)
core   0: 3 0x8000a286 (0xd63f2f23) mem 0x80010000 0x00000001
core   0: 0x8000a28a (0x0000bfe5) c.j     pc - 8
core   0: 3 0x8000a28a (0xbfe5)
core   0: 0x8000a282 (0x00006f17) auipc   t5, 0x6
core   0: 3 0x8000a282 (0x00006f17) x30 0x80010282
core   0: 0x8000a286 (0xd63f2f23) sw      gp, -642(t5)
core   0: 3 0x8000a286 (0xd63f2f23) mem 0x80010000 0x00000001
core   0: 0x8000a28a (0x0000bfe5) c.j     pc - 8
core   0: 3 0x8000a28a (0xbfe5)
core   0: 0x8000a282 (0x00006f17) auipc   t5, 0x6
core   0: 3 0x8000a282 (0x00006f17) x30 0x80010282
core   0: 0x8000a286 (0xd63f2f23) sw      gp, -642(t5)
core   0: 3 0x8000a286 (0xd63f2f23) mem 0x80010000 0x00000001
core   0: 0x8000a28a (0x0000bfe5) c.j     pc - 8
core   0: 3 0x8000a28a (0xbfe5)
core   0: 0x8000a282 (0x00006f17) auipc   t5, 0x6
core   0: 3 0x8000a282 (0x00006f17) x30 0x80010282
core   0: 0x8000a286 (0xd63f2f23) sw      gp, -642(t5)
core   0: 3 0x8000a286 (0xd63f2f23) mem 0x80010000 0x00000001
core   0: 0x8000a28a (0x0000bfe5) c.j     pc - 8
core   0: 3 0x8000a28a (0xbfe5)
core   0: 0x8000a282 (0x00006f17) auipc   t5, 0x6
core   0: 3 0x8000a282 (0x00006f17) x30 0x80010282
core   0: 0x8000a286 (0xd63f2f23) sw      gp, -642(t5)
core   0: 3 0x8000a286 (0xd63f2f23) mem 0x80010000 0x00000001
core   0: 0x8000a28a (0x0000bfe5) c.j     pc - 8
core   0: 3 0x8000a28a (0xbfe5)
core   0: 0x8000a282 (0x00006f17) auipc   t5, 0x6
core   0: 3 0x8000a282 (0x00006f17) x30 0x80010282
core   0: 0x8000a286 (0xd63f2f23) sw      gp, -642(t5)
core   0: 3 0x8000a286 (0xd63f2f23) mem 0x80010000 0x00000001
core   0: 0x8000a28a (0x0000bfe5) c.j     pc - 8
core   0: 3 0x8000a28a (0xbfe5)
core   0: 0x8000a282 (0x00006f17) auipc   t5, 0x6
core   0: 3 0x8000a282 (0x00006f17) x30 0x80010282
core   0: 0x8000a286 (0xd63f2f23) sw      gp, -642(t5)
core   0: 3 0x8000a286 (0xd63f2f23) mem 0x80010000 0x00000001
core   0: 0x8000a28a (0x0000bfe5) c.j     pc - 8
core   0: 3 0x8000a28a (0xbfe5)
core   0: 0x8000a282 (0x00006f17) auipc   t5, 0x6
core   0: 3 0x8000a282 (0x00006f17) x30 0x80010282
core   0: 0x8000a286 (0xd63f2f23) sw      gp, -642(t5)
core   0: 3 0x8000a286 (0xd63f2f23) mem 0x80010000 0x00000001
core   0: 0x8000a28a (0x0000bfe5) c.j     pc - 8
core   0: 3 0x8000a28a (0xbfe5)
core   0: 0x8000a282 (0x00006f17) auipc   t5, 0x6
core   0: 3 0x8000a282 (0x00006f17) x30 0x80010282
core   0: 0x8000a286 (0xd63f2f23) sw      gp, -642(t5)
core   0: 3 0x8000a286 (0xd63f2f23) mem 0x80010000 0x00000001
core   0: 0x8000a28a (0x0000bfe5) c.j     pc - 8
core   0: 3 0x8000a28a (0xbfe5)
core   0: 0x8000a282 (0x00006f17) auipc   t5, 0x6
core   0: 3 0x8000a282 (0x00006f17) x30 0x80010282
core   0: 0x8000a286 (0xd63f2f23) sw      gp, -642(t5)
core   0: 3 0x8000a286 (0xd63f2f23) mem 0x80010000 0x00000001
core   0: 0x8000a28a (0x0000bfe5) c.j     pc - 8
core   0: 3 0x8000a28a (0xbfe5)
core   0: 0x8000a282 (0x00006f17) auipc   t5, 0x6
core   0: 3 0x8000a282 (0x00006f17) x30 0x80010282
core   0: 0x8000a286 (0xd63f2f23) sw      gp, -642(t5)
core   0: 3 0x8000a286 (0xd63f2f23) mem 0x80010000 0x00000001
core   0: 0x8000a28a (0x0000bfe5) c.j     pc - 8
core   0: 3 0x8000a28a (0xbfe5)
core   0: 0x8000a282 (0x00006f17) auipc   t5, 0x6
core   0: 3 0x8000a282 (0x00006f17) x30 0x80010282
core   0: 0x8000a286 (0xd63f2f23) sw      gp, -642(t5)
core   0: 3 0x8000a286 (0xd63f2f23) mem 0x80010000 0x00000001
core   0: 0x8000a28a (0x0000bfe5) c.j     pc - 8
core   0: 3 0x8000a28a (0xbfe5)
core   0: 0x8000a282 (0x00006f17) auipc   t5, 0x6
core   0: 3 0x8000a282 (0x00006f17) x30 0x80010282
core   0: 0x8000a286 (0xd63f2f23) sw      gp, -642(t5)
core   0: 3 0x8000a286 (0xd63f2f23) mem 0x80010000 0x00000001
core   0: 0x8000a28a (0x0000bfe5) c.j     pc - 8
core   0: 3 0x8000a28a (0xbfe5)
core   0: 0x8000a282 (0x00006f17) auipc   t5, 0x6
core   0: 3 0x8000a282 (0x00006f17) x30 0x80010282
core   0: 0x8000a286 (0xd63f2f23) sw      gp, -642(t5)
core   0: 3 0x8000a286 (0xd63f2f23) mem 0x80010000 0x00000001
core   0: 0x8000a28a (0x0000bfe5) c.j     pc - 8
core   0: 3 0x8000a28a (0xbfe5)
core   0: 0x8000a282 (0x00006f17) auipc   t5, 0x6
core   0: 3 0x8000a282 (0x00006f17) x30 0x80010282
core   0: 0x8000a286 (0xd63f2f23) sw      gp, -642(t5)
core   0: 3 0x8000a286 (0xd63f2f23) mem 0x80010000 0x00000001
core   0: 0x8000a28a (0x0000bfe5) c.j     pc - 8
core   0: 3 0x8000a28a (0xbfe5)
core   0: 0x8000a282 (0x00006f17) auipc   t5, 0x6
core   0: 3 0x8000a282 (0x00006f17) x30 0x80010282
core   0: 0x8000a286 (0xd63f2f23) sw      gp, -642(t5)
core   0: 3 0x8000a286 (0xd63f2f23) mem 0x80010000 0x00000001
core   0: 0x8000a28a (0x0000bfe5) c.j     pc - 8
core   0: 3 0x8000a28a (0xbfe5)
core   0: 0x8000a282 (0x00006f17) auipc   t5, 0x6
core   0: 3 0x8000a282 (0x00006f17) x30 0x80010282
core   0: 0x8000a286 (0xd63f2f23) sw      gp, -642(t5)
core   0: 3 0x8000a286 (0xd63f2f23) mem 0x80010000 0x00000001
core   0: 0x8000a28a (0x0000bfe5) c.j     pc - 8
core   0: 3 0x8000a28a (0xbfe5)
core   0: 0x8000a282 (0x00006f17) auipc   t5, 0x6
core   0: 3 0x8000a282 (0x00006f17) x30 0x80010282
core   0: 0x8000a286 (0xd63f2f23) sw      gp, -642(t5)
core   0: 3 0x8000a286 (0xd63f2f23) mem 0x80010000 0x00000001
core   0: 0x8000a28a (0x0000bfe5) c.j     pc - 8
core   0: 3 0x8000a28a (0xbfe5)
core   0: 0x8000a282 (0x00006f17) auipc   t5, 0x6
core   0: 3 0x8000a282 (0x00006f17) x30 0x80010282
core   0: 0x8000a286 (0xd63f2f23) sw      gp, -642(t5)
core   0: 3 0x8000a286 (0xd63f2f23) mem 0x80010000 0x00000001
core   0: 0x8000a28a (0x0000bfe5) c.j     pc - 8
core   0: 3 0x8000a28a (0xbfe5)
core   0: 0x8000a282 (0x00006f17) auipc   t5, 0x6
core   0: 3 0x8000a282 (0x00006f17) x30 0x80010282
core   0: 0x8000a286 (0xd63f2f23) sw      gp, -642(t5)
core   0: 3 0x8000a286 (0xd63f2f23) mem 0x80010000 0x00000001
core   0: 0x8000a28a (0x0000bfe5) c.j     pc - 8
core   0: 3 0x8000a28a (0xbfe5)
core   0: 0x8000a282 (0x00006f17) auipc   t5, 0x6
core   0: 3 0x8000a282 (0x00006f17) x30 0x80010282
core   0: 0x8000a286 (0xd63f2f23) sw      gp, -642(t5)
core   0: 3 0x8000a286 (0xd63f2f23) mem 0x80010000 0x00000001
core   0: 0x8000a28a (0x0000bfe5) c.j     pc - 8
core   0: 3 0x8000a28a (0xbfe5)
core   0: 0x8000a282 (0x00006f17) auipc   t5, 0x6
core   0: 3 0x8000a282 (0x00006f17) x30 0x80010282
core   0: 0x8000a286 (0xd63f2f23) sw      gp, -642(t5)
core   0: 3 0x8000a286 (0xd63f2f23) mem 0x80010000 0x00000001
core   0: 0x8000a28a (0x0000bfe5) c.j     pc - 8
core   0: 3 0x8000a28a (0xbfe5)
core   0: 0x8000a282 (0x00006f17) auipc   t5, 0x6
core   0: 3 0x8000a282 (0x00006f17) x30 0x80010282
core   0: 0x8000a286 (0xd63f2f23) sw      gp, -642(t5)
core   0: 3 0x8000a286 (0xd63f2f23) mem 0x80010000 0x00000001
core   0: 0x8000a28a (0x0000bfe5) c.j     pc - 8
core   0: 3 0x8000a28a (0xbfe5)
core   0: 0x8000a282 (0x00006f17) auipc   t5, 0x6
core   0: 3 0x8000a282 (0x00006f17) x30 0x80010282
core   0: 0x8000a286 (0xd63f2f23) sw      gp, -642(t5)
core   0: 3 0x8000a286 (0xd63f2f23) mem 0x80010000 0x00000001
core   0: 0x8000a28a (0x0000bfe5) c.j     pc - 8
core   0: 3 0x8000a28a (0xbfe5)
core   0: 0x8000a282 (0x00006f17) auipc   t5, 0x6
core   0: 3 0x8000a282 (0x00006f17) x30 0x80010282
core   0: 0x8000a286 (0xd63f2f23) sw      gp, -642(t5)
core   0: 3 0x8000a286 (0xd63f2f23) mem 0x80010000 0x00000001
core   0: 0x8000a28a (0x0000bfe5) c.j     pc - 8
core   0: 3 0x8000a28a (0xbfe5)
core   0: 0x8000a282 (0x00006f17) auipc   t5, 0x6
core   0: 3 0x8000a282 (0x00006f17) x30 0x80010282
core   0: 0x8000a286 (0xd63f2f23) sw      gp, -642(t5)
core   0: 3 0x8000a286 (0xd63f2f23) mem 0x80010000 0x00000001
core   0: 0x8000a28a (0x0000bfe5) c.j     pc - 8
core   0: 3 0x8000a28a (0xbfe5)
core   0: 0x8000a282 (0x00006f17) auipc   t5, 0x6
core   0: 3 0x8000a282 (0x00006f17) x30 0x80010282
core   0: 0x8000a286 (0xd63f2f23) sw      gp, -642(t5)
core   0: 3 0x8000a286 (0xd63f2f23) mem 0x80010000 0x00000001
core   0: 0x8000a28a (0x0000bfe5) c.j     pc - 8
core   0: 3 0x8000a28a (0xbfe5)
core   0: 0x8000a282 (0x00006f17) auipc   t5, 0x6
core   0: 3 0x8000a282 (0x00006f17) x30 0x80010282
core   0: 0x8000a286 (0xd63f2f23) sw      gp, -642(t5)
core   0: 3 0x8000a286 (0xd63f2f23) mem 0x80010000 0x00000001
core   0: 0x8000a28a (0x0000bfe5) c.j     pc - 8
core   0: 3 0x8000a28a (0xbfe5)
core   0: 0x8000a282 (0x00006f17) auipc   t5, 0x6
core   0: 3 0x8000a282 (0x00006f17) x30 0x80010282
core   0: 0x8000a286 (0xd63f2f23) sw      gp, -642(t5)
core   0: 3 0x8000a286 (0xd63f2f23) mem 0x80010000 0x00000001
core   0: 0x8000a28a (0x0000bfe5) c.j     pc - 8
core   0: 3 0x8000a28a (0xbfe5)
core   0: 0x8000a282 (0x00006f17) auipc   t5, 0x6
core   0: 3 0x8000a282 (0x00006f17) x30 0x80010282
core   0: 0x8000a286 (0xd63f2f23) sw      gp, -642(t5)
core   0: 3 0x8000a286 (0xd63f2f23) mem 0x80010000 0x00000001
core   0: 0x8000a28a (0x0000bfe5) c.j     pc - 8
core   0: 3 0x8000a28a (0xbfe5)
core   0: 0x8000a282 (0x00006f17) auipc   t5, 0x6
core   0: 3 0x8000a282 (0x00006f17) x30 0x80010282
core   0: 0x8000a286 (0xd63f2f23) sw      gp, -642(t5)
core   0: 3 0x8000a286 (0xd63f2f23) mem 0x80010000 0x00000001
core   0: 0x8000a28a (0x0000bfe5) c.j     pc - 8
core   0: 3 0x8000a28a (0xbfe5)
core   0: 0x8000a282 (0x00006f17) auipc   t5, 0x6
core   0: 3 0x8000a282 (0x00006f17) x30 0x80010282
core   0: 0x8000a286 (0xd63f2f23) sw      gp, -642(t5)
core   0: 3 0x8000a286 (0xd63f2f23) mem 0x80010000 0x00000001
core   0: 0x8000a28a (0x0000bfe5) c.j     pc - 8
core   0: 3 0x8000a28a (0xbfe5)
core   0: 0x8000a282 (0x00006f17) auipc   t5, 0x6
core   0: 3 0x8000a282 (0x00006f17) x30 0x80010282
core   0: 0x8000a286 (0xd63f2f23) sw      gp, -642(t5)
core   0: 3 0x8000a286 (0xd63f2f23) mem 0x80010000 0x00000001
core   0: 0x8000a28a (0x0000bfe5) c.j     pc - 8
core   0: 3 0x8000a28a (0xbfe5)
core   0: 0x8000a282 (0x00006f17) auipc   t5, 0x6
core   0: 3 0x8000a282 (0x00006f17) x30 0x80010282
core   0: 0x8000a286 (0xd63f2f23) sw      gp, -642(t5)
core   0: 3 0x8000a286 (0xd63f2f23) mem 0x80010000 0x00000001
core   0: 0x8000a28a (0x0000bfe5) c.j     pc - 8
core   0: 3 0x8000a28a (0xbfe5)
core   0: 0x8000a282 (0x00006f17) auipc   t5, 0x6
core   0: 3 0x8000a282 (0x00006f17) x30 0x80010282
core   0: 0x8000a286 (0xd63f2f23) sw      gp, -642(t5)
core   0: 3 0x8000a286 (0xd63f2f23) mem 0x80010000 0x00000001
core   0: 0x8000a28a (0x0000bfe5) c.j     pc - 8
core   0: 3 0x8000a28a (0xbfe5)
core   0: 0x8000a282 (0x00006f17) auipc   t5, 0x6
core   0: 3 0x8000a282 (0x00006f17) x30 0x80010282
core   0: 0x8000a286 (0xd63f2f23) sw      gp, -642(t5)
core   0: 3 0x8000a286 (0xd63f2f23) mem 0x80010000 0x00000001
core   0: 0x8000a28a (0x0000bfe5) c.j     pc - 8
core   0: 3 0x8000a28a (0xbfe5)
core   0: 0x8000a282 (0x00006f17) auipc   t5, 0x6
core   0: 3 0x8000a282 (0x00006f17) x30 0x80010282
core   0: 0x8000a286 (0xd63f2f23) sw      gp, -642(t5)
core   0: 3 0x8000a286 (0xd63f2f23) mem 0x80010000 0x00000001
core   0: 0x8000a28a (0x0000bfe5) c.j     pc - 8
core   0: 3 0x8000a28a (0xbfe5)
core   0: 0x8000a282 (0x00006f17) auipc   t5, 0x6
core   0: 3 0x8000a282 (0x00006f17) x30 0x80010282
core   0: 0x8000a286 (0xd63f2f23) sw      gp, -642(t5)
core   0: 3 0x8000a286 (0xd63f2f23) mem 0x80010000 0x00000001
core   0: 0x8000a28a (0x0000bfe5) c.j     pc - 8
core   0: 3 0x8000a28a (0xbfe5)
core   0: 0x8000a282 (0x00006f17) auipc   t5, 0x6
core   0: 3 0x8000a282 (0x00006f17) x30 0x80010282
core   0: 0x8000a286 (0xd63f2f23) sw      gp, -642(t5)
core   0: 3 0x8000a286 (0xd63f2f23) mem 0x80010000 0x00000001
core   0: 0x8000a28a (0x0000bfe5) c.j     pc - 8
core   0: 3 0x8000a28a (0xbfe5)
core   0: 0x8000a282 (0x00006f17) auipc   t5, 0x6
core   0: 3 0x8000a282 (0x00006f17) x30 0x80010282
core   0: 0x8000a286 (0xd63f2f23) sw      gp, -642(t5)
core   0: 3 0x8000a286 (0xd63f2f23) mem 0x80010000 0x00000001
core   0: 0x8000a28a (0x0000bfe5) c.j     pc - 8
core   0: 3 0x8000a28a (0xbfe5)
core   0: 0x8000a282 (0x00006f17) auipc   t5, 0x6
core   0: 3 0x8000a282 (0x00006f17) x30 0x80010282
core   0: 0x8000a286 (0xd63f2f23) sw      gp, -642(t5)
core   0: 3 0x8000a286 (0xd63f2f23) mem 0x80010000 0x00000001
core   0: 0x8000a28a (0x0000bfe5) c.j     pc - 8
core   0: 3 0x8000a28a (0xbfe5)
core   0: 0x8000a282 (0x00006f17) auipc   t5, 0x6
core   0: 3 0x8000a282 (0x00006f17) x30 0x80010282
core   0: 0x8000a286 (0xd63f2f23) sw      gp, -642(t5)
core   0: 3 0x8000a286 (0xd63f2f23) mem 0x80010000 0x00000001
core   0: 0x8000a28a (0x0000bfe5) c.j     pc - 8
core   0: 3 0x8000a28a (0xbfe5)
core   0: 0x8000a282 (0x00006f17) auipc   t5, 0x6
core   0: 3 0x8000a282 (0x00006f17) x30 0x80010282
core   0: 0x8000a286 (0xd63f2f23) sw      gp, -642(t5)
core   0: 3 0x8000a286 (0xd63f2f23) mem 0x80010000 0x00000001
core   0: 0x8000a28a (0x0000bfe5) c.j     pc - 8
core   0: 3 0x8000a28a (0xbfe5)
core   0: 0x8000a282 (0x00006f17) auipc   t5, 0x6
core   0: 3 0x8000a282 (0x00006f17) x30 0x80010282
core   0: 0x8000a286 (0xd63f2f23) sw      gp, -642(t5)
core   0: 3 0x8000a286 (0xd63f2f23) mem 0x80010000 0x00000001
core   0: 0x8000a28a (0x0000bfe5) c.j     pc - 8
core   0: 3 0x8000a28a (0xbfe5)
core   0: 0x8000a282 (0x00006f17) auipc   t5, 0x6
core   0: 3 0x8000a282 (0x00006f17) x30 0x80010282
core   0: 0x8000a286 (0xd63f2f23) sw      gp, -642(t5)
core   0: 3 0x8000a286 (0xd63f2f23) mem 0x80010000 0x00000001
core   0: 0x8000a28a (0x0000bfe5) c.j     pc - 8
core   0: 3 0x8000a28a (0xbfe5)
core   0: 0x8000a282 (0x00006f17) auipc   t5, 0x6
core   0: 3 0x8000a282 (0x00006f17) x30 0x80010282
core   0: 0x8000a286 (0xd63f2f23) sw      gp, -642(t5)
core   0: 3 0x8000a286 (0xd63f2f23) mem 0x80010000 0x00000001
core   0: 0x8000a28a (0x0000bfe5) c.j     pc - 8
core   0: 3 0x8000a28a (0xbfe5)
core   0: 0x8000a282 (0x00006f17) auipc   t5, 0x6
core   0: 3 0x8000a282 (0x00006f17) x30 0x80010282
core   0: 0x8000a286 (0xd63f2f23) sw      gp, -642(t5)
core   0: 3 0x8000a286 (0xd63f2f23) mem 0x80010000 0x00000001
core   0: 0x8000a28a (0x0000bfe5) c.j     pc - 8
core   0: 3 0x8000a28a (0xbfe5)
core   0: 0x8000a282 (0x00006f17) auipc   t5, 0x6
core   0: 3 0x8000a282 (0x00006f17) x30 0x80010282
core   0: 0x8000a286 (0xd63f2f23) sw      gp, -642(t5)
core   0: 3 0x8000a286 (0xd63f2f23) mem 0x80010000 0x00000001
core   0: 0x8000a28a (0x0000bfe5) c.j     pc - 8
core   0: 3 0x8000a28a (0xbfe5)
core   0: 0x8000a282 (0x00006f17) auipc   t5, 0x6
core   0: 3 0x8000a282 (0x00006f17) x30 0x80010282
core   0: 0x8000a286 (0xd63f2f23) sw      gp, -642(t5)
core   0: 3 0x8000a286 (0xd63f2f23) mem 0x80010000 0x00000001
core   0: 0x8000a28a (0x0000bfe5) c.j     pc - 8
core   0: 3 0x8000a28a (0xbfe5)
core   0: 0x8000a282 (0x00006f17) auipc   t5, 0x6
core   0: 3 0x8000a282 (0x00006f17) x30 0x80010282
core   0: 0x8000a286 (0xd63f2f23) sw      gp, -642(t5)
core   0: 3 0x8000a286 (0xd63f2f23) mem 0x80010000 0x00000001
core   0: 0x8000a28a (0x0000bfe5) c.j     pc - 8
core   0: 3 0x8000a28a (0xbfe5)
core   0: 0x8000a282 (0x00006f17) auipc   t5, 0x6
core   0: 3 0x8000a282 (0x00006f17) x30 0x80010282
core   0: 0x8000a286 (0xd63f2f23) sw      gp, -642(t5)
core   0: 3 0x8000a286 (0xd63f2f23) mem 0x80010000 0x00000001
core   0: 0x8000a28a (0x0000bfe5) c.j     pc - 8
core   0: 3 0x8000a28a (0xbfe5)
core   0: 0x8000a282 (0x00006f17) auipc   t5, 0x6
core   0: 3 0x8000a282 (0x00006f17) x30 0x80010282
core   0: 0x8000a286 (0xd63f2f23) sw      gp, -642(t5)
core   0: 3 0x8000a286 (0xd63f2f23) mem 0x80010000 0x00000001
core   0: 0x8000a28a (0x0000bfe5) c.j     pc - 8
core   0: 3 0x8000a28a (0xbfe5)
core   0: 0x8000a282 (0x00006f17) auipc   t5, 0x6
core   0: 3 0x8000a282 (0x00006f17) x30 0x80010282
core   0: 0x8000a286 (0xd63f2f23) sw      gp, -642(t5)
core   0: 3 0x8000a286 (0xd63f2f23) mem 0x80010000 0x00000001
core   0: 0x8000a28a (0x0000bfe5) c.j     pc - 8
core   0: 3 0x8000a28a (0xbfe5)
core   0: 0x8000a282 (0x00006f17) auipc   t5, 0x6
core   0: 3 0x8000a282 (0x00006f17) x30 0x80010282
core   0: 0x8000a286 (0xd63f2f23) sw      gp, -642(t5)
core   0: 3 0x8000a286 (0xd63f2f23) mem 0x80010000 0x00000001
core   0: 0x8000a28a (0x0000bfe5) c.j     pc - 8
core   0: 3 0x8000a28a (0xbfe5)
core   0: 0x8000a282 (0x00006f17) auipc   t5, 0x6
core   0: 3 0x8000a282 (0x00006f17) x30 0x80010282
core   0: 0x8000a286 (0xd63f2f23) sw      gp, -642(t5)
core   0: 3 0x8000a286 (0xd63f2f23) mem 0x80010000 0x00000001
core   0: 0x8000a28a (0x0000bfe5) c.j     pc - 8
core   0: 3 0x8000a28a (0xbfe5)
core   0: 0x8000a282 (0x00006f17) auipc   t5, 0x6
core   0: 3 0x8000a282 (0x00006f17) x30 0x80010282
core   0: 0x8000a286 (0xd63f2f23) sw      gp, -642(t5)
core   0: 3 0x8000a286 (0xd63f2f23) mem 0x80010000 0x00000001
core   0: 0x8000a28a (0x0000bfe5) c.j     pc - 8
core   0: 3 0x8000a28a (0xbfe5)
core   0: 0x8000a282 (0x00006f17) auipc   t5, 0x6
core   0: 3 0x8000a282 (0x00006f17) x30 0x80010282
core   0: 0x8000a286 (0xd63f2f23) sw      gp, -642(t5)
core   0: 3 0x8000a286 (0xd63f2f23) mem 0x80010000 0x00000001
core   0: 0x8000a28a (0x0000bfe5) c.j     pc - 8
core   0: 3 0x8000a28a (0xbfe5)
core   0: 0x8000a282 (0x00006f17) auipc   t5, 0x6
core   0: 3 0x8000a282 (0x00006f17) x30 0x80010282
core   0: 0x8000a286 (0xd63f2f23) sw      gp, -642(t5)
core   0: 3 0x8000a286 (0xd63f2f23) mem 0x80010000 0x00000001
core   0: 0x8000a28a (0x0000bfe5) c.j     pc - 8
core   0: 3 0x8000a28a (0xbfe5)
core   0: 0x8000a282 (0x00006f17) auipc   t5, 0x6
core   0: 3 0x8000a282 (0x00006f17) x30 0x80010282
core   0: 0x8000a286 (0xd63f2f23) sw      gp, -642(t5)
core   0: 3 0x8000a286 (0xd63f2f23) mem 0x80010000 0x00000001
core   0: 0x8000a28a (0x0000bfe5) c.j     pc - 8
core   0: 3 0x8000a28a (0xbfe5)
core   0: 0x8000a282 (0x00006f17) auipc   t5, 0x6
core   0: 3 0x8000a282 (0x00006f17) x30 0x80010282
core   0: 0x8000a286 (0xd63f2f23) sw      gp, -642(t5)
core   0: 3 0x8000a286 (0xd63f2f23) mem 0x80010000 0x00000001
core   0: 0x8000a28a (0x0000bfe5) c.j     pc - 8
core   0: 3 0x8000a28a (0xbfe5)
core   0: 0x8000a282 (0x00006f17) auipc   t5, 0x6
core   0: 3 0x8000a282 (0x00006f17) x30 0x80010282
core   0: 0x8000a286 (0xd63f2f23) sw      gp, -642(t5)
core   0: 3 0x8000a286 (0xd63f2f23) mem 0x80010000 0x00000001
core   0: 0x8000a28a (0x0000bfe5) c.j     pc - 8
core   0: 3 0x8000a28a (0xbfe5)
core   0: 0x8000a282 (0x00006f17) auipc   t5, 0x6
core   0: 3 0x8000a282 (0x00006f17) x30 0x80010282
core   0: 0x8000a286 (0xd63f2f23) sw      gp, -642(t5)
core   0: 3 0x8000a286 (0xd63f2f23) mem 0x80010000 0x00000001
core   0: 0x8000a28a (0x0000bfe5) c.j     pc - 8
core   0: 3 0x8000a28a (0xbfe5)
core   0: 0x8000a282 (0x00006f17) auipc   t5, 0x6
core   0: 3 0x8000a282 (0x00006f17) x30 0x80010282
core   0: 0x8000a286 (0xd63f2f23) sw      gp, -642(t5)
core   0: 3 0x8000a286 (0xd63f2f23) mem 0x80010000 0x00000001
core   0: 0x8000a28a (0x0000bfe5) c.j     pc - 8
core   0: 3 0x8000a28a (0xbfe5)
core   0: 0x8000a282 (0x00006f17) auipc   t5, 0x6
core   0: 3 0x8000a282 (0x00006f17) x30 0x80010282
core   0: 0x8000a286 (0xd63f2f23) sw      gp, -642(t5)
core   0: 3 0x8000a286 (0xd63f2f23) mem 0x80010000 0x00000001
core   0: 0x8000a28a (0x0000bfe5) c.j     pc - 8
core   0: 3 0x8000a28a (0xbfe5)
core   0: 0x8000a282 (0x00006f17) auipc   t5, 0x6
core   0: 3 0x8000a282 (0x00006f17) x30 0x80010282
core   0: 0x8000a286 (0xd63f2f23) sw      gp, -642(t5)
core   0: 3 0x8000a286 (0xd63f2f23) mem 0x80010000 0x00000001
core   0: 0x8000a28a (0x0000bfe5) c.j     pc - 8
core   0: 3 0x8000a28a (0xbfe5)
core   0: 0x8000a282 (0x00006f17) auipc   t5, 0x6
core   0: 3 0x8000a282 (0x00006f17) x30 0x80010282
core   0: 0x8000a286 (0xd63f2f23) sw      gp, -642(t5)
core   0: 3 0x8000a286 (0xd63f2f23) mem 0x80010000 0x00000001
core   0: 0x8000a28a (0x0000bfe5) c.j     pc - 8
core   0: 3 0x8000a28a (0xbfe5)
core   0: 0x8000a282 (0x00006f17) auipc   t5, 0x6
core   0: 3 0x8000a282 (0x00006f17) x30 0x80010282
core   0: 0x8000a286 (0xd63f2f23) sw      gp, -642(t5)
core   0: 3 0x8000a286 (0xd63f2f23) mem 0x80010000 0x00000001
core   0: 0x8000a28a (0x0000bfe5) c.j     pc - 8
core   0: 3 0x8000a28a (0xbfe5)
core   0: 0x8000a282 (0x00006f17) auipc   t5, 0x6
core   0: 3 0x8000a282 (0x00006f17) x30 0x80010282
core   0: 0x8000a286 (0xd63f2f23) sw      gp, -642(t5)
core   0: 3 0x8000a286 (0xd63f2f23) mem 0x80010000 0x00000001
core   0: 0x8000a28a (0x0000bfe5) c.j     pc - 8
core   0: 3 0x8000a28a (0xbfe5)
core   0: 0x8000a282 (0x00006f17) auipc   t5, 0x6
core   0: 3 0x8000a282 (0x00006f17) x30 0x80010282
core   0: 0x8000a286 (0xd63f2f23) sw      gp, -642(t5)
core   0: 3 0x8000a286 (0xd63f2f23) mem 0x80010000 0x00000001
core   0: 0x8000a28a (0x0000bfe5) c.j     pc - 8
core   0: 3 0x8000a28a (0xbfe5)
core   0: 0x8000a282 (0x00006f17) auipc   t5, 0x6
core   0: 3 0x8000a282 (0x00006f17) x30 0x80010282
core   0: 0x8000a286 (0xd63f2f23) sw      gp, -642(t5)
core   0: 3 0x8000a286 (0xd63f2f23) mem 0x80010000 0x00000001
core   0: 0x8000a28a (0x0000bfe5) c.j     pc - 8
core   0: 3 0x8000a28a (0xbfe5)
core   0: 0x8000a282 (0x00006f17) auipc   t5, 0x6
core   0: 3 0x8000a282 (0x00006f17) x30 0x80010282
core   0: 0x8000a286 (0xd63f2f23) sw      gp, -642(t5)
core   0: 3 0x8000a286 (0xd63f2f23) mem 0x80010000 0x00000001
core   0: 0x8000a28a (0x0000bfe5) c.j     pc - 8
core   0: 3 0x8000a28a (0xbfe5)
core   0: 0x8000a282 (0x00006f17) auipc   t5, 0x6
core   0: 3 0x8000a282 (0x00006f17) x30 0x80010282
core   0: 0x8000a286 (0xd63f2f23) sw      gp, -642(t5)
core   0: 3 0x8000a286 (0xd63f2f23) mem 0x80010000 0x00000001
core   0: 0x8000a28a (0x0000bfe5) c.j     pc - 8
core   0: 3 0x8000a28a (0xbfe5)
core   0: 0x8000a282 (0x00006f17) auipc   t5, 0x6
core   0: 3 0x8000a282 (0x00006f17) x30 0x80010282
core   0: 0x8000a286 (0xd63f2f23) sw      gp, -642(t5)
core   0: 3 0x8000a286 (0xd63f2f23) mem 0x80010000 0x00000001
core   0: 0x8000a28a (0x0000bfe5) c.j     pc - 8
core   0: 3 0x8000a28a (0xbfe5)
core   0: 0x8000a282 (0x00006f17) auipc   t5, 0x6
core   0: 3 0x8000a282 (0x00006f17) x30 0x80010282
core   0: 0x8000a286 (0xd63f2f23) sw      gp, -642(t5)
core   0: 3 0x8000a286 (0xd63f2f23) mem 0x80010000 0x00000001
core   0: 0x8000a28a (0x0000bfe5) c.j     pc - 8
core   0: 3 0x8000a28a (0xbfe5)
core   0: 0x8000a282 (0x00006f17) auipc   t5, 0x6
core   0: 3 0x8000a282 (0x00006f17) x30 0x80010282
core   0: 0x8000a286 (0xd63f2f23) sw      gp, -642(t5)
core   0: 3 0x8000a286 (0xd63f2f23) mem 0x80010000 0x00000001
core   0: 0x8000a28a (0x0000bfe5) c.j     pc - 8
core   0: 3 0x8000a28a (0xbfe5)
core   0: 0x8000a282 (0x00006f17) auipc   t5, 0x6
core   0: 3 0x8000a282 (0x00006f17) x30 0x80010282
core   0: 0x8000a286 (0xd63f2f23) sw      gp, -642(t5)
core   0: 3 0x8000a286 (0xd63f2f23) mem 0x80010000 0x00000001
core   0: 0x8000a28a (0x0000bfe5) c.j     pc - 8
core   0: 3 0x8000a28a (0xbfe5)
core   0: 0x8000a282 (0x00006f17) auipc   t5, 0x6
core   0: 3 0x8000a282 (0x00006f17) x30 0x80010282
core   0: 0x8000a286 (0xd63f2f23) sw      gp, -642(t5)
core   0: 3 0x8000a286 (0xd63f2f23) mem 0x80010000 0x00000001
core   0: 0x8000a28a (0x0000bfe5) c.j     pc - 8
core   0: 3 0x8000a28a (0xbfe5)
core   0: 0x8000a282 (0x00006f17) auipc   t5, 0x6
core   0: 3 0x8000a282 (0x00006f17) x30 0x80010282
core   0: 0x8000a286 (0xd63f2f23) sw      gp, -642(t5)
core   0: 3 0x8000a286 (0xd63f2f23) mem 0x80010000 0x00000001
core   0: 0x8000a28a (0x0000bfe5) c.j     pc - 8
core   0: 3 0x8000a28a (0xbfe5)
core   0: 0x8000a282 (0x00006f17) auipc   t5, 0x6
core   0: 3 0x8000a282 (0x00006f17) x30 0x80010282
core   0: 0x8000a286 (0xd63f2f23) sw      gp, -642(t5)
core   0: 3 0x8000a286 (0xd63f2f23) mem 0x80010000 0x00000001
core   0: 0x8000a28a (0x0000bfe5) c.j     pc - 8
core   0: 3 0x8000a28a (0xbfe5)
core   0: 0x8000a282 (0x00006f17) auipc   t5, 0x6
core   0: 3 0x8000a282 (0x00006f17) x30 0x80010282
core   0: 0x8000a286 (0xd63f2f23) sw      gp, -642(t5)
core   0: 3 0x8000a286 (0xd63f2f23) mem 0x80010000 0x00000001
core   0: 0x8000a28a (0x0000bfe5) c.j     pc - 8
core   0: 3 0x8000a28a (0xbfe5)
core   0: 0x8000a282 (0x00006f17) auipc   t5, 0x6
core   0: 3 0x8000a282 (0x00006f17) x30 0x80010282
core   0: 0x8000a286 (0xd63f2f23) sw      gp, -642(t5)
core   0: 3 0x8000a286 (0xd63f2f23) mem 0x80010000 0x00000001
core   0: 0x8000a28a (0x0000bfe5) c.j     pc - 8
core   0: 3 0x8000a28a (0xbfe5)
core   0: 0x8000a282 (0x00006f17) auipc   t5, 0x6
core   0: 3 0x8000a282 (0x00006f17) x30 0x80010282
core   0: 0x8000a286 (0xd63f2f23) sw      gp, -642(t5)
core   0: 3 0x8000a286 (0xd63f2f23) mem 0x80010000 0x00000001
core   0: 0x8000a28a (0x0000bfe5) c.j     pc - 8
core   0: 3 0x8000a28a (0xbfe5)
core   0: 0x8000a282 (0x00006f17) auipc   t5, 0x6
core   0: 3 0x8000a282 (0x00006f17) x30 0x80010282
core   0: 0x8000a286 (0xd63f2f23) sw      gp, -642(t5)
core   0: 3 0x8000a286 (0xd63f2f23) mem 0x80010000 0x00000001
core   0: 0x8000a28a (0x0000bfe5) c.j     pc - 8
core   0: 3 0x8000a28a (0xbfe5)
core   0: 0x8000a282 (0x00006f17) auipc   t5, 0x6
core   0: 3 0x8000a282 (0x00006f17) x30 0x80010282
core   0: 0x8000a286 (0xd63f2f23) sw      gp, -642(t5)
core   0: 3 0x8000a286 (0xd63f2f23) mem 0x80010000 0x00000001
core   0: 0x8000a28a (0x0000bfe5) c.j     pc - 8
core   0: 3 0x8000a28a (0xbfe5)
core   0: 0x8000a282 (0x00006f17) auipc   t5, 0x6
core   0: 3 0x8000a282 (0x00006f17) x30 0x80010282
core   0: 0x8000a286 (0xd63f2f23) sw      gp, -642(t5)
core   0: 3 0x8000a286 (0xd63f2f23) mem 0x80010000 0x00000001
core   0: 0x8000a28a (0x0000bfe5) c.j     pc - 8
core   0: 3 0x8000a28a (0xbfe5)
core   0: 0x8000a282 (0x00006f17) auipc   t5, 0x6
core   0: 3 0x8000a282 (0x00006f17) x30 0x80010282
core   0: 0x8000a286 (0xd63f2f23) sw      gp, -642(t5)
core   0: 3 0x8000a286 (0xd63f2f23) mem 0x80010000 0x00000001
core   0: 0x8000a28a (0x0000bfe5) c.j     pc - 8
core   0: 3 0x8000a28a (0xbfe5)
core   0: 0x8000a282 (0x00006f17) auipc   t5, 0x6
core   0: 3 0x8000a282 (0x00006f17) x30 0x80010282
core   0: 0x8000a286 (0xd63f2f23) sw      gp, -642(t5)
core   0: 3 0x8000a286 (0xd63f2f23) mem 0x80010000 0x00000001
core   0: 0x8000a28a (0x0000bfe5) c.j     pc - 8
core   0: 3 0x8000a28a (0xbfe5)
core   0: 0x8000a282 (0x00006f17) auipc   t5, 0x6
core   0: 3 0x8000a282 (0x00006f17) x30 0x80010282
core   0: 0x8000a286 (0xd63f2f23) sw      gp, -642(t5)
core   0: 3 0x8000a286 (0xd63f2f23) mem 0x80010000 0x00000001
core   0: 0x8000a28a (0x0000bfe5) c.j     pc - 8
core   0: 3 0x8000a28a (0xbfe5)
core   0: 0x8000a282 (0x00006f17) auipc   t5, 0x6
core   0: 3 0x8000a282 (0x00006f17) x30 0x80010282
core   0: 0x8000a286 (0xd63f2f23) sw      gp, -642(t5)
core   0: 3 0x8000a286 (0xd63f2f23) mem 0x80010000 0x00000001
core   0: 0x8000a28a (0x0000bfe5) c.j     pc - 8
core   0: 3 0x8000a28a (0xbfe5)
core   0: 0x8000a282 (0x00006f17) auipc   t5, 0x6
core   0: 3 0x8000a282 (0x00006f17) x30 0x80010282
core   0: 0x8000a286 (0xd63f2f23) sw      gp, -642(t5)
core   0: 3 0x8000a286 (0xd63f2f23) mem 0x80010000 0x00000001
core   0: 0x8000a28a (0x0000bfe5) c.j     pc - 8
core   0: 3 0x8000a28a (0xbfe5)
core   0: 0x8000a282 (0x00006f17) auipc   t5, 0x6
core   0: 3 0x8000a282 (0x00006f17) x30 0x80010282
core   0: 0x8000a286 (0xd63f2f23) sw      gp, -642(t5)
core   0: 3 0x8000a286 (0xd63f2f23) mem 0x80010000 0x00000001
core   0: 0x8000a28a (0x0000bfe5) c.j     pc - 8
core   0: 3 0x8000a28a (0xbfe5)
core   0: 0x8000a282 (0x00006f17) auipc   t5, 0x6
core   0: 3 0x8000a282 (0x00006f17) x30 0x80010282
core   0: 0x8000a286 (0xd63f2f23) sw      gp, -642(t5)
core   0: 3 0x8000a286 (0xd63f2f23) mem 0x80010000 0x00000001
core   0: 0x8000a28a (0x0000bfe5) c.j     pc - 8
core   0: 3 0x8000a28a (0xbfe5)
core   0: 0x8000a282 (0x00006f17) auipc   t5, 0x6
core   0: 3 0x8000a282 (0x00006f17) x30 0x80010282
core   0: 0x8000a286 (0xd63f2f23) sw      gp, -642(t5)
core   0: 3 0x8000a286 (0xd63f2f23) mem 0x80010000 0x00000001
core   0: 0x8000a28a (0x0000bfe5) c.j     pc - 8
core   0: 3 0x8000a28a (0xbfe5)
core   0: 0x8000a282 (0x00006f17) auipc   t5, 0x6
core   0: 3 0x8000a282 (0x00006f17) x30 0x80010282
core   0: 0x8000a286 (0xd63f2f23) sw      gp, -642(t5)
core   0: 3 0x8000a286 (0xd63f2f23) mem 0x80010000 0x00000001
core   0: 0x8000a28a (0x0000bfe5) c.j     pc - 8
core   0: 3 0x8000a28a (0xbfe5)
core   0: 0x8000a282 (0x00006f17) auipc   t5, 0x6
core   0: 3 0x8000a282 (0x00006f17) x30 0x80010282
core   0: 0x8000a286 (0xd63f2f23) sw      gp, -642(t5)
core   0: 3 0x8000a286 (0xd63f2f23) mem 0x80010000 0x00000001
core   0: 0x8000a28a (0x0000bfe5) c.j     pc - 8
core   0: 3 0x8000a28a (0xbfe5)
core   0: 0x8000a282 (0x00006f17) auipc   t5, 0x6
core   0: 3 0x8000a282 (0x00006f17) x30 0x80010282
core   0: 0x8000a286 (0xd63f2f23) sw      gp, -642(t5)
core   0: 3 0x8000a286 (0xd63f2f23) mem 0x80010000 0x00000001
core   0: 0x8000a28a (0x0000bfe5) c.j     pc - 8
core   0: 3 0x8000a28a (0xbfe5)
core   0: 0x8000a282 (0x00006f17) auipc   t5, 0x6
core   0: 3 0x8000a282 (0x00006f17) x30 0x80010282
core   0: 0x8000a286 (0xd63f2f23) sw      gp, -642(t5)
core   0: 3 0x8000a286 (0xd63f2f23) mem 0x80010000 0x00000001
core   0: 0x8000a28a (0x0000bfe5) c.j     pc - 8
core   0: 3 0x8000a28a (0xbfe5)
core   0: 0x8000a282 (0x00006f17) auipc   t5, 0x6
core   0: 3 0x8000a282 (0x00006f17) x30 0x80010282
core   0: 0x8000a286 (0xd63f2f23) sw      gp, -642(t5)
core   0: 3 0x8000a286 (0xd63f2f23) mem 0x80010000 0x00000001
core   0: 0x8000a28a (0x0000bfe5) c.j     pc - 8
core   0: 3 0x8000a28a (0xbfe5)
core   0: 0x8000a282 (0x00006f17) auipc   t5, 0x6
core   0: 3 0x8000a282 (0x00006f17) x30 0x80010282
core   0: 0x8000a286 (0xd63f2f23) sw      gp, -642(t5)
core   0: 3 0x8000a286 (0xd63f2f23) mem 0x80010000 0x00000001
core   0: 0x8000a28a (0x0000bfe5) c.j     pc - 8
core   0: 3 0x8000a28a (0xbfe5)
core   0: 0x8000a282 (0x00006f17) auipc   t5, 0x6
core   0: 3 0x8000a282 (0x00006f17) x30 0x80010282
core   0: 0x8000a286 (0xd63f2f23) sw      gp, -642(t5)
core   0: 3 0x8000a286 (0xd63f2f23) mem 0x80010000 0x00000001
core   0: 0x8000a28a (0x0000bfe5) c.j     pc - 8
core   0: 3 0x8000a28a (0xbfe5)
core   0: 0x8000a282 (0x00006f17) auipc   t5, 0x6
core   0: 3 0x8000a282 (0x00006f17) x30 0x80010282
core   0: 0x8000a286 (0xd63f2f23) sw      gp, -642(t5)
core   0: 3 0x8000a286 (0xd63f2f23) mem 0x80010000 0x00000001
core   0: 0x8000a28a (0x0000bfe5) c.j     pc - 8
core   0: 3 0x8000a28a (0xbfe5)
core   0: 0x8000a282 (0x00006f17) auipc   t5, 0x6
core   0: 3 0x8000a282 (0x00006f17) x30 0x80010282
core   0: 0x8000a286 (0xd63f2f23) sw      gp, -642(t5)
core   0: 3 0x8000a286 (0xd63f2f23) mem 0x80010000 0x00000001
core   0: 0x8000a28a (0x0000bfe5) c.j     pc - 8
core   0: 3 0x8000a28a (0xbfe5)
core   0: 0x8000a282 (0x00006f17) auipc   t5, 0x6
core   0: 3 0x8000a282 (0x00006f17) x30 0x80010282
core   0: 0x8000a286 (0xd63f2f23) sw      gp, -642(t5)
core   0: 3 0x8000a286 (0xd63f2f23) mem 0x80010000 0x00000001
core   0: 0x8000a28a (0x0000bfe5) c.j     pc - 8
core   0: 3 0x8000a28a (0xbfe5)
core   0: 0x8000a282 (0x00006f17) auipc   t5, 0x6
core   0: 3 0x8000a282 (0x00006f17) x30 0x80010282
core   0: 0x8000a286 (0xd63f2f23) sw      gp, -642(t5)
core   0: 3 0x8000a286 (0xd63f2f23) mem 0x80010000 0x00000001
core   0: 0x8000a28a (0x0000bfe5) c.j     pc - 8
core   0: 3 0x8000a28a (0xbfe5)
core   0: 0x8000a282 (0x00006f17) auipc   t5, 0x6
core   0: 3 0x8000a282 (0x00006f17) x30 0x80010282
core   0: 0x8000a286 (0xd63f2f23) sw      gp, -642(t5)
core   0: 3 0x8000a286 (0xd63f2f23) mem 0x80010000 0x00000001
core   0: 0x8000a28a (0x0000bfe5) c.j     pc - 8
core   0: 3 0x8000a28a (0xbfe5)
core   0: 0x8000a282 (0x00006f17) auipc   t5, 0x6
core   0: 3 0x8000a282 (0x00006f17) x30 0x80010282
core   0: 0x8000a286 (0xd63f2f23) sw      gp, -642(t5)
core   0: 3 0x8000a286 (0xd63f2f23) mem 0x80010000 0x00000001
core   0: 0x8000a28a (0x0000bfe5) c.j     pc - 8
core   0: 3 0x8000a28a (0xbfe5)
core   0: 0x8000a282 (0x00006f17) auipc   t5, 0x6
core   0: 3 0x8000a282 (0x00006f17) x30 0x80010282
core   0: 0x8000a286 (0xd63f2f23) sw      gp, -642(t5)
core   0: 3 0x8000a286 (0xd63f2f23) mem 0x80010000 0x00000001
core   0: 0x8000a28a (0x0000bfe5) c.j     pc - 8
core   0: 3 0x8000a28a (0xbfe5)
core   0: 0x8000a282 (0x00006f17) auipc   t5, 0x6
core   0: 3 0x8000a282 (0x00006f17) x30 0x80010282
core   0: 0x8000a286 (0xd63f2f23) sw      gp, -642(t5)
core   0: 3 0x8000a286 (0xd63f2f23) mem 0x80010000 0x00000001
core   0: 0x8000a28a (0x0000bfe5) c.j     pc - 8
core   0: 3 0x8000a28a (0xbfe5)
core   0: 0x8000a282 (0x00006f17) auipc   t5, 0x6
core   0: 3 0x8000a282 (0x00006f17) x30 0x80010282
core   0: 0x8000a286 (0xd63f2f23) sw      gp, -642(t5)
core   0: 3 0x8000a286 (0xd63f2f23) mem 0x80010000 0x00000001
core   0: 0x8000a28a (0x0000bfe5) c.j     pc - 8
core   0: 3 0x8000a28a (0xbfe5)
core   0: 0x8000a282 (0x00006f17) auipc   t5, 0x6
core   0: 3 0x8000a282 (0x00006f17) x30 0x80010282
core   0: 0x8000a286 (0xd63f2f23) sw      gp, -642(t5)
core   0: 3 0x8000a286 (0xd63f2f23) mem 0x80010000 0x00000001
core   0: 0x8000a28a (0x0000bfe5) c.j     pc - 8
core   0: 3 0x8000a28a (0xbfe5)
core   0: 0x8000a282 (0x00006f17) auipc   t5, 0x6
core   0: 3 0x8000a282 (0x00006f17) x30 0x80010282
core   0: 0x8000a286 (0xd63f2f23) sw      gp, -642(t5)
core   0: 3 0x8000a286 (0xd63f2f23) mem 0x80010000 0x00000001
core   0: 0x8000a28a (0x0000bfe5) c.j     pc - 8
core   0: 3 0x8000a28a (0xbfe5)
core   0: 0x8000a282 (0x00006f17) auipc   t5, 0x6
core   0: 3 0x8000a282 (0x00006f17) x30 0x80010282
core   0: 0x8000a286 (0xd63f2f23) sw      gp, -642(t5)
core   0: 3 0x8000a286 (0xd63f2f23) mem 0x80010000 0x00000001
core   0: 0x8000a28a (0x0000bfe5) c.j     pc - 8
core   0: 3 0x8000a28a (0xbfe5)
core   0: 0x8000a282 (0x00006f17) auipc   t5, 0x6
core   0: 3 0x8000a282 (0x00006f17) x30 0x80010282
core   0: 0x8000a286 (0xd63f2f23) sw      gp, -642(t5)
core   0: 3 0x8000a286 (0xd63f2f23) mem 0x80010000 0x00000001
core   0: 0x8000a28a (0x0000bfe5) c.j     pc - 8
core   0: 3 0x8000a28a (0xbfe5)
core   0: 0x8000a282 (0x00006f17) auipc   t5, 0x6
core   0: 3 0x8000a282 (0x00006f17) x30 0x80010282
core   0: 0x8000a286 (0xd63f2f23) sw      gp, -642(t5)
core   0: 3 0x8000a286 (0xd63f2f23) mem 0x80010000 0x00000001
core   0: 0x8000a28a (0x0000bfe5) c.j     pc - 8
core   0: 3 0x8000a28a (0xbfe5)
core   0: 0x8000a282 (0x00006f17) auipc   t5, 0x6
core   0: 3 0x8000a282 (0x00006f17) x30 0x80010282
core   0: 0x8000a286 (0xd63f2f23) sw      gp, -642(t5)
core   0: 3 0x8000a286 (0xd63f2f23) mem 0x80010000 0x00000001
core   0: 0x8000a28a (0x0000bfe5) c.j     pc - 8
core   0: 3 0x8000a28a (0xbfe5)
core   0: 0x8000a282 (0x00006f17) auipc   t5, 0x6
core   0: 3 0x8000a282 (0x00006f17) x30 0x80010282
core   0: 0x8000a286 (0xd63f2f23) sw      gp, -642(t5)
core   0: 3 0x8000a286 (0xd63f2f23) mem 0x80010000 0x00000001
core   0: 0x8000a28a (0x0000bfe5) c.j     pc - 8
core   0: 3 0x8000a28a (0xbfe5)
core   0: 0x8000a282 (0x00006f17) auipc   t5, 0x6
core   0: 3 0x8000a282 (0x00006f17) x30 0x80010282
core   0: 0x8000a286 (0xd63f2f23) sw      gp, -642(t5)
core   0: 3 0x8000a286 (0xd63f2f23) mem 0x80010000 0x00000001
core   0: 0x8000a28a (0x0000bfe5) c.j     pc - 8
core   0: 3 0x8000a28a (0xbfe5)
core   0: 0x8000a282 (0x00006f17) auipc   t5, 0x6
core   0: 3 0x8000a282 (0x00006f17) x30 0x80010282
core   0: 0x8000a286 (0xd63f2f23) sw      gp, -642(t5)
core   0: 3 0x8000a286 (0xd63f2f23) mem 0x80010000 0x00000001
core   0: 0x8000a28a (0x0000bfe5) c.j     pc - 8
core   0: 3 0x8000a28a (0xbfe5)
core   0: 0x8000a282 (0x00006f17) auipc   t5, 0x6
core   0: 3 0x8000a282 (0x00006f17) x30 0x80010282
core   0: 0x8000a286 (0xd63f2f23) sw      gp, -642(t5)
core   0: 3 0x8000a286 (0xd63f2f23) mem 0x80010000 0x00000001
core   0: 0x8000a28a (0x0000bfe5) c.j     pc - 8
core   0: 3 0x8000a28a (0xbfe5)
core   0: 0x8000a282 (0x00006f17) auipc   t5, 0x6
core   0: 3 0x8000a282 (0x00006f17) x30 0x80010282
core   0: 0x8000a286 (0xd63f2f23) sw      gp, -642(t5)
core   0: 3 0x8000a286 (0xd63f2f23) mem 0x80010000 0x00000001
core   0: 0x8000a28a (0x0000bfe5) c.j     pc - 8
core   0: 3 0x8000a28a (0xbfe5)
core   0: 0x8000a282 (0x00006f17) auipc   t5, 0x6
core   0: 3 0x8000a282 (0x00006f17) x30 0x80010282
core   0: 0x8000a286 (0xd63f2f23) sw      gp, -642(t5)
core   0: 3 0x8000a286 (0xd63f2f23) mem 0x80010000 0x00000001
core   0: 0x8000a28a (0x0000bfe5) c.j     pc - 8
core   0: 3 0x8000a28a (0xbfe5)
core   0: 0x8000a282 (0x00006f17) auipc   t5, 0x6
core   0: 3 0x8000a282 (0x00006f17) x30 0x80010282
core   0: 0x8000a286 (0xd63f2f23) sw      gp, -642(t5)
core   0: 3 0x8000a286 (0xd63f2f23) mem 0x80010000 0x00000001
core   0: 0x8000a28a (0x0000bfe5) c.j     pc - 8
core   0: 3 0x8000a28a (0xbfe5)
core   0: 0x8000a282 (0x00006f17) auipc   t5, 0x6
core   0: 3 0x8000a282 (0x00006f17) x30 0x80010282
core   0: 0x8000a286 (0xd63f2f23) sw      gp, -642(t5)
core   0: 3 0x8000a286 (0xd63f2f23) mem 0x80010000 0x00000001
core   0: 0x8000a28a (0x0000bfe5) c.j     pc - 8
core   0: 3 0x8000a28a (0xbfe5)
core   0: 0x8000a282 (0x00006f17) auipc   t5, 0x6
core   0: 3 0x8000a282 (0x00006f17) x30 0x80010282
core   0: 0x8000a286 (0xd63f2f23) sw      gp, -642(t5)
core   0: 3 0x8000a286 (0xd63f2f23) mem 0x80010000 0x00000001
core   0: 0x8000a28a (0x0000bfe5) c.j     pc - 8
core   0: 3 0x8000a28a (0xbfe5)
core   0: 0x8000a282 (0x00006f17) auipc   t5, 0x6
core   0: 3 0x8000a282 (0x00006f17) x30 0x80010282
core   0: 0x8000a286 (0xd63f2f23) sw      gp, -642(t5)
core   0: 3 0x8000a286 (0xd63f2f23) mem 0x80010000 0x00000001
core   0: 0x8000a28a (0x0000bfe5) c.j     pc - 8
core   0: 3 0x8000a28a (0xbfe5)
core   0: 0x8000a282 (0x00006f17) auipc   t5, 0x6
core   0: 3 0x8000a282 (0x00006f17) x30 0x80010282
core   0: 0x8000a286 (0xd63f2f23) sw      gp, -642(t5)
core   0: 3 0x8000a286 (0xd63f2f23) mem 0x80010000 0x00000001
core   0: 0x8000a28a (0x0000bfe5) c.j     pc - 8
core   0: 3 0x8000a28a (0xbfe5)
core   0: 0x8000a282 (0x00006f17) auipc   t5, 0x6
core   0: 3 0x8000a282 (0x00006f17) x30 0x80010282
core   0: 0x8000a286 (0xd63f2f23) sw      gp, -642(t5)
core   0: 3 0x8000a286 (0xd63f2f23) mem 0x80010000 0x00000001
core   0: 0x8000a28a (0x0000bfe5) c.j     pc - 8
core   0: 3 0x8000a28a (0xbfe5)
core   0: 0x8000a282 (0x00006f17) auipc   t5, 0x6
core   0: 3 0x8000a282 (0x00006f17) x30 0x80010282
core   0: 0x8000a286 (0xd63f2f23) sw      gp, -642(t5)
core   0: 3 0x8000a286 (0xd63f2f23) mem 0x80010000 0x00000001
core   0: 0x8000a28a (0x0000bfe5) c.j     pc - 8
core   0: 3 0x8000a28a (0xbfe5)
core   0: 0x8000a282 (0x00006f17) auipc   t5, 0x6
core   0: 3 0x8000a282 (0x00006f17) x30 0x80010282
core   0: 0x8000a286 (0xd63f2f23) sw      gp, -642(t5)
core   0: 3 0x8000a286 (0xd63f2f23) mem 0x80010000 0x00000001
core   0: 0x8000a28a (0x0000bfe5) c.j     pc - 8
core   0: 3 0x8000a28a (0xbfe5)
core   0: 0x8000a282 (0x00006f17) auipc   t5, 0x6
core   0: 3 0x8000a282 (0x00006f17) x30 0x80010282
core   0: 0x8000a286 (0xd63f2f23) sw      gp, -642(t5)
core   0: 3 0x8000a286 (0xd63f2f23) mem 0x80010000 0x00000001
core   0: 0x8000a28a (0x0000bfe5) c.j     pc - 8
core   0: 3 0x8000a28a (0xbfe5)
core   0: 0x8000a282 (0x00006f17) auipc   t5, 0x6
core   0: 3 0x8000a282 (0x00006f17) x30 0x80010282
core   0: 0x8000a286 (0xd63f2f23) sw      gp, -642(t5)
core   0: 3 0x8000a286 (0xd63f2f23) mem 0x80010000 0x00000001
core   0: 0x8000a28a (0x0000bfe5) c.j     pc - 8
core   0: 3 0x8000a28a (0xbfe5)
core   0: 0x8000a282 (0x00006f17) auipc   t5, 0x6
core   0: 3 0x8000a282 (0x00006f17) x30 0x80010282
core   0: 0x8000a286 (0xd63f2f23) sw      gp, -642(t5)
core   0: 3 0x8000a286 (0xd63f2f23) mem 0x80010000 0x00000001
core   0: 0x8000a28a (0x0000bfe5) c.j     pc - 8
core   0: 3 0x8000a28a (0xbfe5)
core   0: 0x8000a282 (0x00006f17) auipc   t5, 0x6
core   0: 3 0x8000a282 (0x00006f17) x30 0x80010282
core   0: 0x8000a286 (0xd63f2f23) sw      gp, -642(t5)
core   0: 3 0x8000a286 (0xd63f2f23) mem 0x80010000 0x00000001
core   0: 0x8000a28a (0x0000bfe5) c.j     pc - 8
core   0: 3 0x8000a28a (0xbfe5)
core   0: 0x8000a282 (0x00006f17) auipc   t5, 0x6
core   0: 3 0x8000a282 (0x00006f17) x30 0x80010282
core   0: 0x8000a286 (0xd63f2f23) sw      gp, -642(t5)
core   0: 3 0x8000a286 (0xd63f2f23) mem 0x80010000 0x00000001
core   0: 0x8000a28a (0x0000bfe5) c.j     pc - 8
core   0: 3 0x8000a28a (0xbfe5)
core   0: 0x8000a282 (0x00006f17) auipc   t5, 0x6
core   0: 3 0x8000a282 (0x00006f17) x30 0x80010282
core   0: 0x8000a286 (0xd63f2f23) sw      gp, -642(t5)
core   0: 3 0x8000a286 (0xd63f2f23) mem 0x80010000 0x00000001
core   0: 0x8000a28a (0x0000bfe5) c.j     pc - 8
core   0: 3 0x8000a28a (0xbfe5)
core   0: 0x8000a282 (0x00006f17) auipc   t5, 0x6
core   0: 3 0x8000a282 (0x00006f17) x30 0x80010282
core   0: 0x8000a286 (0xd63f2f23) sw      gp, -642(t5)
core   0: 3 0x8000a286 (0xd63f2f23) mem 0x80010000 0x00000001
core   0: 0x8000a28a (0x0000bfe5) c.j     pc - 8
core   0: 3 0x8000a28a (0xbfe5)
core   0: 0x8000a282 (0x00006f17) auipc   t5, 0x6
core   0: 3 0x8000a282 (0x00006f17) x30 0x80010282
core   0: 0x8000a286 (0xd63f2f23) sw      gp, -642(t5)
core   0: 3 0x8000a286 (0xd63f2f23) mem 0x80010000 0x00000001
core   0: 0x8000a28a (0x0000bfe5) c.j     pc - 8
core   0: 3 0x8000a28a (0xbfe5)
core   0: 0x8000a282 (0x00006f17) auipc   t5, 0x6
core   0: 3 0x8000a282 (0x00006f17) x30 0x80010282
core   0: 0x8000a286 (0xd63f2f23) sw      gp, -642(t5)
core   0: 3 0x8000a286 (0xd63f2f23) mem 0x80010000 0x00000001
core   0: 0x8000a28a (0x0000bfe5) c.j     pc - 8
core   0: 3 0x8000a28a (0xbfe5)
core   0: 0x8000a282 (0x00006f17) auipc   t5, 0x6
core   0: 3 0x8000a282 (0x00006f17) x30 0x80010282
core   0: 0x8000a286 (0xd63f2f23) sw      gp, -642(t5)
core   0: 3 0x8000a286 (0xd63f2f23) mem 0x80010000 0x00000001
core   0: 0x8000a28a (0x0000bfe5) c.j     pc - 8
core   0: 3 0x8000a28a (0xbfe5)
core   0: 0x8000a282 (0x00006f17) auipc   t5, 0x6
core   0: 3 0x8000a282 (0x00006f17) x30 0x80010282
core   0: 0x8000a286 (0xd63f2f23) sw      gp, -642(t5)
core   0: 3 0x8000a286 (0xd63f2f23) mem 0x80010000 0x00000001
core   0: 0x8000a28a (0x0000bfe5) c.j     pc - 8
core   0: 3 0x8000a28a (0xbfe5)
core   0: 0x8000a282 (0x00006f17) auipc   t5, 0x6
core   0: 3 0x8000a282 (0x00006f17) x30 0x80010282
core   0: 0x8000a286 (0xd63f2f23) sw      gp, -642(t5)
core   0: 3 0x8000a286 (0xd63f2f23) mem 0x80010000 0x00000001
core   0: 0x8000a28a (0x0000bfe5) c.j     pc - 8
core   0: 3 0x8000a28a (0xbfe5)
core   0: 0x8000a282 (0x00006f17) auipc   t5, 0x6
core   0: 3 0x8000a282 (0x00006f17) x30 0x80010282
core   0: 0x8000a286 (0xd63f2f23) sw      gp, -642(t5)
core   0: 3 0x8000a286 (0xd63f2f23) mem 0x80010000 0x00000001
core   0: 0x8000a28a (0x0000bfe5) c.j     pc - 8
core   0: 3 0x8000a28a (0xbfe5)
core   0: 0x8000a282 (0x00006f17) auipc   t5, 0x6
core   0: 3 0x8000a282 (0x00006f17) x30 0x80010282
core   0: 0x8000a286 (0xd63f2f23) sw      gp, -642(t5)
core   0: 3 0x8000a286 (0xd63f2f23) mem 0x80010000 0x00000001
core   0: 0x8000a28a (0x0000bfe5) c.j     pc - 8
core   0: 3 0x8000a28a (0xbfe5)
core   0: 0x8000a282 (0x00006f17) auipc   t5, 0x6
core   0: 3 0x8000a282 (0x00006f17) x30 0x80010282
core   0: 0x8000a286 (0xd63f2f23) sw      gp, -642(t5)
core   0: 3 0x8000a286 (0xd63f2f23) mem 0x80010000 0x00000001
core   0: 0x8000a28a (0x0000bfe5) c.j     pc - 8
core   0: 3 0x8000a28a (0xbfe5)
core   0: 0x8000a282 (0x00006f17) auipc   t5, 0x6
core   0: 3 0x8000a282 (0x00006f17) x30 0x80010282
core   0: 0x8000a286 (0xd63f2f23) sw      gp, -642(t5)
core   0: 3 0x8000a286 (0xd63f2f23) mem 0x80010000 0x00000001
core   0: 0x8000a28a (0x0000bfe5) c.j     pc - 8
core   0: 3 0x8000a28a (0xbfe5)
core   0: 0x8000a282 (0x00006f17) auipc   t5, 0x6
core   0: 3 0x8000a282 (0x00006f17) x30 0x80010282
core   0: 0x8000a286 (0xd63f2f23) sw      gp, -642(t5)
core   0: 3 0x8000a286 (0xd63f2f23) mem 0x80010000 0x00000001
core   0: 0x8000a28a (0x0000bfe5) c.j     pc - 8
core   0: 3 0x8000a28a (0xbfe5)
core   0: 0x8000a282 (0x00006f17) auipc   t5, 0x6
core   0: 3 0x8000a282 (0x00006f17) x30 0x80010282
core   0: 0x8000a286 (0xd63f2f23) sw      gp, -642(t5)
core   0: 3 0x8000a286 (0xd63f2f23) mem 0x80010000 0x00000001
core   0: 0x8000a28a (0x0000bfe5) c.j     pc - 8
core   0: 3 0x8000a28a (0xbfe5)
core   0: 0x8000a282 (0x00006f17) auipc   t5, 0x6
core   0: 3 0x8000a282 (0x00006f17) x30 0x80010282
core   0: 0x8000a286 (0xd63f2f23) sw      gp, -642(t5)
core   0: 3 0x8000a286 (0xd63f2f23) mem 0x80010000 0x00000001
core   0: 0x8000a28a (0x0000bfe5) c.j     pc - 8
core   0: 3 0x8000a28a (0xbfe5)
core   0: 0x8000a282 (0x00006f17) auipc   t5, 0x6
core   0: 3 0x8000a282 (0x00006f17) x30 0x80010282
core   0: 0x8000a286 (0xd63f2f23) sw      gp, -642(t5)
core   0: 3 0x8000a286 (0xd63f2f23) mem 0x80010000 0x00000001
core   0: 0x8000a28a (0x0000bfe5) c.j     pc - 8
core   0: 3 0x8000a28a (0xbfe5)
core   0: 0x8000a282 (0x00006f17) auipc   t5, 0x6
core   0: 3 0x8000a282 (0x00006f17) x30 0x80010282
core   0: 0x8000a286 (0xd63f2f23) sw      gp, -642(t5)
core   0: 3 0x8000a286 (0xd63f2f23) mem 0x80010000 0x00000001
core   0: 0x8000a28a (0x0000bfe5) c.j     pc - 8
core   0: 3 0x8000a28a (0xbfe5)
core   0: 0x8000a282 (0x00006f17) auipc   t5, 0x6
core   0: 3 0x8000a282 (0x00006f17) x30 0x80010282
core   0: 0x8000a286 (0xd63f2f23) sw      gp, -642(t5)
core   0: 3 0x8000a286 (0xd63f2f23) mem 0x80010000 0x00000001
core   0: 0x8000a28a (0x0000bfe5) c.j     pc - 8
core   0: 3 0x8000a28a (0xbfe5)
core   0: 0x8000a282 (0x00006f17) auipc   t5, 0x6
core   0: 3 0x8000a282 (0x00006f17) x30 0x80010282
core   0: 0x8000a286 (0xd63f2f23) sw      gp, -642(t5)
core   0: 3 0x8000a286 (0xd63f2f23) mem 0x80010000 0x00000001
core   0: 0x8000a28a (0x0000bfe5) c.j     pc - 8
core   0: 3 0x8000a28a (0xbfe5)
core   0: 0x8000a282 (0x00006f17) auipc   t5, 0x6
core   0: 3 0x8000a282 (0x00006f17) x30 0x80010282
core   0: 0x8000a286 (0xd63f2f23) sw      gp, -642(t5)
core   0: 3 0x8000a286 (0xd63f2f23) mem 0x80010000 0x00000001
core   0: 0x8000a28a (0x0000bfe5) c.j     pc - 8
core   0: 3 0x8000a28a (0xbfe5)
core   0: 0x8000a282 (0x00006f17) auipc   t5, 0x6
core   0: 3 0x8000a282 (0x00006f17) x30 0x80010282
core   0: 0x8000a286 (0xd63f2f23) sw      gp, -642(t5)
core   0: 3 0x8000a286 (0xd63f2f23) mem 0x80010000 0x00000001
core   0: 0x8000a28a (0x0000bfe5) c.j     pc - 8
core   0: 3 0x8000a28a (0xbfe5)
core   0: 0x8000a282 (0x00006f17) auipc   t5, 0x6
core   0: 3 0x8000a282 (0x00006f17) x30 0x80010282
core   0: 0x8000a286 (0xd63f2f23) sw      gp, -642(t5)
core   0: 3 0x8000a286 (0xd63f2f23) mem 0x80010000 0x00000001
core   0: 0x8000a28a (0x0000bfe5) c.j     pc - 8
core   0: 3 0x8000a28a (0xbfe5)
core   0: 0x8000a282 (0x00006f17) auipc   t5, 0x6
core   0: 3 0x8000a282 (0x00006f17) x30 0x80010282
core   0: 0x8000a286 (0xd63f2f23) sw      gp, -642(t5)
core   0: 3 0x8000a286 (0xd63f2f23) mem 0x80010000 0x00000001
core   0: 0x8000a28a (0x0000bfe5) c.j     pc - 8
core   0: 3 0x8000a28a (0xbfe5)
core   0: 0x8000a282 (0x00006f17) auipc   t5, 0x6
core   0: 3 0x8000a282 (0x00006f17) x30 0x80010282
core   0: 0x8000a286 (0xd63f2f23) sw      gp, -642(t5)
core   0: 3 0x8000a286 (0xd63f2f23) mem 0x80010000 0x00000001
core   0: 0x8000a28a (0x0000bfe5) c.j     pc - 8
core   0: 3 0x8000a28a (0xbfe5)
core   0: 0x8000a282 (0x00006f17) auipc   t5, 0x6
core   0: 3 0x8000a282 (0x00006f17) x30 0x80010282
core   0: 0x8000a286 (0xd63f2f23) sw      gp, -642(t5)
core   0: 3 0x8000a286 (0xd63f2f23) mem 0x80010000 0x00000001
core   0: 0x8000a28a (0x0000bfe5) c.j     pc - 8
core   0: 3 0x8000a28a (0xbfe5)
core   0: 0x8000a282 (0x00006f17) auipc   t5, 0x6
core   0: 3 0x8000a282 (0x00006f17) x30 0x80010282
core   0: 0x8000a286 (0xd63f2f23) sw      gp, -642(t5)
core   0: 3 0x8000a286 (0xd63f2f23) mem 0x80010000 0x00000001
core   0: 0x8000a28a (0x0000bfe5) c.j     pc - 8
core   0: 3 0x8000a28a (0xbfe5)
core   0: 0x8000a282 (0x00006f17) auipc   t5, 0x6
core   0: 3 0x8000a282 (0x00006f17) x30 0x80010282
core   0: 0x8000a286 (0xd63f2f23) sw      gp, -642(t5)
core   0: 3 0x8000a286 (0xd63f2f23) mem 0x80010000 0x00000001
core   0: 0x8000a28a (0x0000bfe5) c.j     pc - 8
core   0: 3 0x8000a28a (0xbfe5)
core   0: 0x8000a282 (0x00006f17) auipc   t5, 0x6
core   0: 3 0x8000a282 (0x00006f17) x30 0x80010282
core   0: 0x8000a286 (0xd63f2f23) sw      gp, -642(t5)
core   0: 3 0x8000a286 (0xd63f2f23) mem 0x80010000 0x00000001
core   0: 0x8000a28a (0x0000bfe5) c.j     pc - 8
core   0: 3 0x8000a28a (0xbfe5)
core   0: 0x8000a282 (0x00006f17) auipc   t5, 0x6
core   0: 3 0x8000a282 (0x00006f17) x30 0x80010282
core   0: 0x8000a286 (0xd63f2f23) sw      gp, -642(t5)
core   0: 3 0x8000a286 (0xd63f2f23) mem 0x80010000 0x00000001
core   0: 0x8000a28a (0x0000bfe5) c.j     pc - 8
core   0: 3 0x8000a28a (0xbfe5)
core   0: 0x8000a282 (0x00006f17) auipc   t5, 0x6
core   0: 3 0x8000a282 (0x00006f17) x30 0x80010282
core   0: 0x8000a286 (0xd63f2f23) sw      gp, -642(t5)
core   0: 3 0x8000a286 (0xd63f2f23) mem 0x80010000 0x00000001
core   0: 0x8000a28a (0x0000bfe5) c.j     pc - 8
core   0: 3 0x8000a28a (0xbfe5)
core   0: 0x8000a282 (0x00006f17) auipc   t5, 0x6
core   0: 3 0x8000a282 (0x00006f17) x30 0x80010282
core   0: 0x8000a286 (0xd63f2f23) sw      gp, -642(t5)
core   0: 3 0x8000a286 (0xd63f2f23) mem 0x80010000 0x00000001
core   0: 0x8000a28a (0x0000bfe5) c.j     pc - 8
core   0: 3 0x8000a28a (0xbfe5)
core   0: 0x8000a282 (0x00006f17) auipc   t5, 0x6
core   0: 3 0x8000a282 (0x00006f17) x30 0x80010282
core   0: 0x8000a286 (0xd63f2f23) sw      gp, -642(t5)
core   0: 3 0x8000a286 (0xd63f2f23) mem 0x80010000 0x00000001
core   0: 0x8000a28a (0x0000bfe5) c.j     pc - 8
core   0: 3 0x8000a28a (0xbfe5)
core   0: 0x8000a282 (0x00006f17) auipc   t5, 0x6
core   0: 3 0x8000a282 (0x00006f17) x30 0x80010282
core   0: 0x8000a286 (0xd63f2f23) sw      gp, -642(t5)
core   0: 3 0x8000a286 (0xd63f2f23) mem 0x80010000 0x00000001
core   0: 0x8000a28a (0x0000bfe5) c.j     pc - 8
core   0: 3 0x8000a28a (0xbfe5)
core   0: 0x8000a282 (0x00006f17) auipc   t5, 0x6
core   0: 3 0x8000a282 (0x00006f17) x30 0x80010282
core   0: 0x8000a286 (0xd63f2f23) sw      gp, -642(t5)
core   0: 3 0x8000a286 (0xd63f2f23) mem 0x80010000 0x00000001
core   0: 0x8000a28a (0x0000bfe5) c.j     pc - 8
core   0: 3 0x8000a28a (0xbfe5)
core   0: 0x8000a282 (0x00006f17) auipc   t5, 0x6
core   0: 3 0x8000a282 (0x00006f17) x30 0x80010282
core   0: 0x8000a286 (0xd63f2f23) sw      gp, -642(t5)
core   0: 3 0x8000a286 (0xd63f2f23) mem 0x80010000 0x00000001
core   0: 0x8000a28a (0x0000bfe5) c.j     pc - 8
core   0: 3 0x8000a28a (0xbfe5)
core   0: 0x8000a282 (0x00006f17) auipc   t5, 0x6
core   0: 3 0x8000a282 (0x00006f17) x30 0x80010282
core   0: 0x8000a286 (0xd63f2f23) sw      gp, -642(t5)
core   0: 3 0x8000a286 (0xd63f2f23) mem 0x80010000 0x00000001
core   0: 0x8000a28a (0x0000bfe5) c.j     pc - 8
core   0: 3 0x8000a28a (0xbfe5)
core   0: 0x8000a282 (0x00006f17) auipc   t5, 0x6
core   0: 3 0x8000a282 (0x00006f17) x30 0x80010282
core   0: 0x8000a286 (0xd63f2f23) sw      gp, -642(t5)
core   0: 3 0x8000a286 (0xd63f2f23) mem 0x80010000 0x00000001
core   0: 0x8000a28a (0x0000bfe5) c.j     pc - 8
core   0: 3 0x8000a28a (0xbfe5)
core   0: 0x8000a282 (0x00006f17) auipc   t5, 0x6
core   0: 3 0x8000a282 (0x00006f17) x30 0x80010282
core   0: 0x8000a286 (0xd63f2f23) sw      gp, -642(t5)
core   0: 3 0x8000a286 (0xd63f2f23) mem 0x80010000 0x00000001
core   0: 0x8000a28a (0x0000bfe5) c.j     pc - 8
core   0: 3 0x8000a28a (0xbfe5)
core   0: 0x8000a282 (0x00006f17) auipc   t5, 0x6
core   0: 3 0x8000a282 (0x00006f17) x30 0x80010282
core   0: 0x8000a286 (0xd63f2f23) sw      gp, -642(t5)
core   0: 3 0x8000a286 (0xd63f2f23) mem 0x80010000 0x00000001
core   0: 0x8000a28a (0x0000bfe5) c.j     pc - 8
core   0: 3 0x8000a28a (0xbfe5)
core   0: 0x8000a282 (0x00006f17) auipc   t5, 0x6
core   0: 3 0x8000a282 (0x00006f17) x30 0x80010282
core   0: 0x8000a286 (0xd63f2f23) sw      gp, -642(t5)
core   0: 3 0x8000a286 (0xd63f2f23) mem 0x80010000 0x00000001
core   0: 0x8000a28a (0x0000bfe5) c.j     pc - 8
core   0: 3 0x8000a28a (0xbfe5)
core   0: 0x8000a282 (0x00006f17) auipc   t5, 0x6
core   0: 3 0x8000a282 (0x00006f17) x30 0x80010282
core   0: 0x8000a286 (0xd63f2f23) sw      gp, -642(t5)
core   0: 3 0x8000a286 (0xd63f2f23) mem 0x80010000 0x00000001
core   0: 0x8000a28a (0x0000bfe5) c.j     pc - 8
core   0: 3 0x8000a28a (0xbfe5)
core   0: 0x8000a282 (0x00006f17) auipc   t5, 0x6
core   0: 3 0x8000a282 (0x00006f17) x30 0x80010282
core   0: 0x8000a286 (0xd63f2f23) sw      gp, -642(t5)
core   0: 3 0x8000a286 (0xd63f2f23) mem 0x80010000 0x00000001
core   0: 0x8000a28a (0x0000bfe5) c.j     pc - 8
core   0: 3 0x8000a28a (0xbfe5)
core   0: 0x8000a282 (0x00006f17) auipc   t5, 0x6
core   0: 3 0x8000a282 (0x00006f17) x30 0x80010282
core   0: 0x8000a286 (0xd63f2f23) sw      gp, -642(t5)
core   0: 3 0x8000a286 (0xd63f2f23) mem 0x80010000 0x00000001
core   0: 0x8000a28a (0x0000bfe5) c.j     pc - 8
core   0: 3 0x8000a28a (0xbfe5)
core   0: 0x8000a282 (0x00006f17) auipc   t5, 0x6
core   0: 3 0x8000a282 (0x00006f17) x30 0x80010282
core   0: 0x8000a286 (0xd63f2f23) sw      gp, -642(t5)
core   0: 3 0x8000a286 (0xd63f2f23) mem 0x80010000 0x00000001
core   0: 0x8000a28a (0x0000bfe5) c.j     pc - 8
core   0: 3 0x8000a28a (0xbfe5)
core   0: 0x8000a282 (0x00006f17) auipc   t5, 0x6
core   0: 3 0x8000a282 (0x00006f17) x30 0x80010282
core   0: 0x8000a286 (0xd63f2f23) sw      gp, -642(t5)
core   0: 3 0x8000a286 (0xd63f2f23) mem 0x80010000 0x00000001
core   0: 0x8000a28a (0x0000bfe5) c.j     pc - 8
core   0: 3 0x8000a28a (0xbfe5)
core   0: 0x8000a282 (0x00006f17) auipc   t5, 0x6
core   0: 3 0x8000a282 (0x00006f17) x30 0x80010282
core   0: 0x8000a286 (0xd63f2f23) sw      gp, -642(t5)
core   0: 3 0x8000a286 (0xd63f2f23) mem 0x80010000 0x00000001
core   0: 0x8000a28a (0x0000bfe5) c.j     pc - 8
core   0: 3 0x8000a28a (0xbfe5)
core   0: 0x8000a282 (0x00006f17) auipc   t5, 0x6
core   0: 3 0x8000a282 (0x00006f17) x30 0x80010282
core   0: 0x8000a286 (0xd63f2f23) sw      gp, -642(t5)
core   0: 3 0x8000a286 (0xd63f2f23) mem 0x80010000 0x00000001
core   0: 0x8000a28a (0x0000bfe5) c.j     pc - 8
core   0: 3 0x8000a28a (0xbfe5)
core   0: 0x8000a282 (0x00006f17) auipc   t5, 0x6
core   0: 3 0x8000a282 (0x00006f17) x30 0x80010282
core   0: 0x8000a286 (0xd63f2f23) sw      gp, -642(t5)
core   0: 3 0x8000a286 (0xd63f2f23) mem 0x80010000 0x00000001
core   0: 0x8000a28a (0x0000bfe5) c.j     pc - 8
core   0: 3 0x8000a28a (0xbfe5)
core   0: 0x8000a282 (0x00006f17) auipc   t5, 0x6
core   0: 3 0x8000a282 (0x00006f17) x30 0x80010282
core   0: 0x8000a286 (0xd63f2f23) sw      gp, -642(t5)
core   0: 3 0x8000a286 (0xd63f2f23) mem 0x80010000 0x00000001
core   0: 0x8000a28a (0x0000bfe5) c.j     pc - 8
core   0: 3 0x8000a28a (0xbfe5)
core   0: 0x8000a282 (0x00006f17) auipc   t5, 0x6
core   0: 3 0x8000a282 (0x00006f17) x30 0x80010282
core   0: 0x8000a286 (0xd63f2f23) sw      gp, -642(t5)
core   0: 3 0x8000a286 (0xd63f2f23) mem 0x80010000 0x00000001
core   0: 0x8000a28a (0x0000bfe5) c.j     pc - 8
core   0: 3 0x8000a28a (0xbfe5)
core   0: 0x8000a282 (0x00006f17) auipc   t5, 0x6
core   0: 3 0x8000a282 (0x00006f17) x30 0x80010282
core   0: 0x8000a286 (0xd63f2f23) sw      gp, -642(t5)
core   0: 3 0x8000a286 (0xd63f2f23) mem 0x80010000 0x00000001
core   0: 0x8000a28a (0x0000bfe5) c.j     pc - 8
core   0: 3 0x8000a28a (0xbfe5)
core   0: 0x8000a282 (0x00006f17) auipc   t5, 0x6
core   0: 3 0x8000a282 (0x00006f17) x30 0x80010282
core   0: 0x8000a286 (0xd63f2f23) sw      gp, -642(t5)
core   0: 3 0x8000a286 (0xd63f2f23) mem 0x80010000 0x00000001
core   0: 0x8000a28a (0x0000bfe5) c.j     pc - 8
core   0: 3 0x8000a28a (0xbfe5)
core   0: 0x8000a282 (0x00006f17) auipc   t5, 0x6
core   0: 3 0x8000a282 (0x00006f17) x30 0x80010282
core   0: 0x8000a286 (0xd63f2f23) sw      gp, -642(t5)
core   0: 3 0x8000a286 (0xd63f2f23) mem 0x80010000 0x00000001
core   0: 0x8000a28a (0x0000bfe5) c.j     pc - 8
core   0: 3 0x8000a28a (0xbfe5)
core   0: 0x8000a282 (0x00006f17) auipc   t5, 0x6
core   0: 3 0x8000a282 (0x00006f17) x30 0x80010282
core   0: 0x8000a286 (0xd63f2f23) sw      gp, -642(t5)
core   0: 3 0x8000a286 (0xd63f2f23) mem 0x80010000 0x00000001
core   0: 0x8000a28a (0x0000bfe5) c.j     pc - 8
core   0: 3 0x8000a28a (0xbfe5)
core   0: 0x8000a282 (0x00006f17) auipc   t5, 0x6
core   0: 3 0x8000a282 (0x00006f17) x30 0x80010282
core   0: 0x8000a286 (0xd63f2f23) sw      gp, -642(t5)
core   0: 3 0x8000a286 (0xd63f2f23) mem 0x80010000 0x00000001
core   0: 0x8000a28a (0x0000bfe5) c.j     pc - 8
core   0: 3 0x8000a28a (0xbfe5)
core   0: 0x8000a282 (0x00006f17) auipc   t5, 0x6
core   0: 3 0x8000a282 (0x00006f17) x30 0x80010282
core   0: 0x8000a286 (0xd63f2f23) sw      gp, -642(t5)
core   0: 3 0x8000a286 (0xd63f2f23) mem 0x80010000 0x00000001
core   0: 0x8000a28a (0x0000bfe5) c.j     pc - 8
core   0: 3 0x8000a28a (0xbfe5)
core   0: 0x8000a282 (0x00006f17) auipc   t5, 0x6
core   0: 3 0x8000a282 (0x00006f17) x30 0x80010282
core   0: 0x8000a286 (0xd63f2f23) sw      gp, -642(t5)
core   0: 3 0x8000a286 (0xd63f2f23) mem 0x80010000 0x00000001
core   0: 0x8000a28a (0x0000bfe5) c.j     pc - 8
core   0: 3 0x8000a28a (0xbfe5)
core   0: 0x8000a282 (0x00006f17) auipc   t5, 0x6
core   0: 3 0x8000a282 (0x00006f17) x30 0x80010282
core   0: 0x8000a286 (0xd63f2f23) sw      gp, -642(t5)
core   0: 3 0x8000a286 (0xd63f2f23) mem 0x80010000 0x00000001
core   0: 0x8000a28a (0x0000bfe5) c.j     pc - 8
core   0: 3 0x8000a28a (0xbfe5)
core   0: 0x8000a282 (0x00006f17) auipc   t5, 0x6
core   0: 3 0x8000a282 (0x00006f17) x30 0x80010282
core   0: 0x8000a286 (0xd63f2f23) sw      gp, -642(t5)
core   0: 3 0x8000a286 (0xd63f2f23) mem 0x80010000 0x00000001
core   0: 0x8000a28a (0x0000bfe5) c.j     pc - 8
core   0: 3 0x8000a28a (0xbfe5)
core   0: 0x8000a282 (0x00006f17) auipc   t5, 0x6
core   0: 3 0x8000a282 (0x00006f17) x30 0x80010282
core   0: 0x8000a286 (0xd63f2f23) sw      gp, -642(t5)
core   0: 3 0x8000a286 (0xd63f2f23) mem 0x80010000 0x00000001
core   0: 0x8000a28a (0x0000bfe5) c.j     pc - 8
core   0: 3 0x8000a28a (0xbfe5)
core   0: 0x8000a282 (0x00006f17) auipc   t5, 0x6
core   0: 3 0x8000a282 (0x00006f17) x30 0x80010282
core   0: 0x8000a286 (0xd63f2f23) sw      gp, -642(t5)
core   0: 3 0x8000a286 (0xd63f2f23) mem 0x80010000 0x00000001
core   0: 0x8000a28a (0x0000bfe5) c.j     pc - 8
core   0: 3 0x8000a28a (0xbfe5)
core   0: 0x8000a282 (0x00006f17) auipc   t5, 0x6
core   0: 3 0x8000a282 (0x00006f17) x30 0x80010282
core   0: 0x8000a286 (0xd63f2f23) sw      gp, -642(t5)
core   0: 3 0x8000a286 (0xd63f2f23) mem 0x80010000 0x00000001
core   0: 0x8000a28a (0x0000bfe5) c.j     pc - 8
core   0: 3 0x8000a28a (0xbfe5)
core   0: 0x8000a282 (0x00006f17) auipc   t5, 0x6
core   0: 3 0x8000a282 (0x00006f17) x30 0x80010282
core   0: 0x8000a286 (0xd63f2f23) sw      gp, -642(t5)
core   0: 3 0x8000a286 (0xd63f2f23) mem 0x80010000 0x00000001
core   0: 0x8000a28a (0x0000bfe5) c.j     pc - 8
core   0: 3 0x8000a28a (0xbfe5)
core   0: 0x8000a282 (0x00006f17) auipc   t5, 0x6
core   0: 3 0x8000a282 (0x00006f17) x30 0x80010282
core   0: 0x8000a286 (0xd63f2f23) sw      gp, -642(t5)
core   0: 3 0x8000a286 (0xd63f2f23) mem 0x80010000 0x00000001
core   0: 0x8000a28a (0x0000bfe5) c.j     pc - 8
core   0: 3 0x8000a28a (0xbfe5)
core   0: 0x8000a282 (0x00006f17) auipc   t5, 0x6
core   0: 3 0x8000a282 (0x00006f17) x30 0x80010282
core   0: 0x8000a286 (0xd63f2f23) sw      gp, -642(t5)
core   0: 3 0x8000a286 (0xd63f2f23) mem 0x80010000 0x00000001
core   0: 0x8000a28a (0x0000bfe5) c.j     pc - 8
core   0: 3 0x8000a28a (0xbfe5)
core   0: 0x8000a282 (0x00006f17) auipc   t5, 0x6
core   0: 3 0x8000a282 (0x00006f17) x30 0x80010282
core   0: 0x8000a286 (0xd63f2f23) sw      gp, -642(t5)
core   0: 3 0x8000a286 (0xd63f2f23) mem 0x80010000 0x00000001
core   0: 0x8000a28a (0x0000bfe5) c.j     pc - 8
core   0: 3 0x8000a28a (0xbfe5)
core   0: 0x8000a282 (0x00006f17) auipc   t5, 0x6
core   0: 3 0x8000a282 (0x00006f17) x30 0x80010282
core   0: 0x8000a286 (0xd63f2f23) sw      gp, -642(t5)
core   0: 3 0x8000a286 (0xd63f2f23) mem 0x80010000 0x00000001
core   0: 0x8000a28a (0x0000bfe5) c.j     pc - 8
core   0: 3 0x8000a28a (0xbfe5)
core   0: 0x8000a282 (0x00006f17) auipc   t5, 0x6
core   0: 3 0x8000a282 (0x00006f17) x30 0x80010282
core   0: 0x8000a286 (0xd63f2f23) sw      gp, -642(t5)
core   0: 3 0x8000a286 (0xd63f2f23) mem 0x80010000 0x00000001
core   0: 0x8000a28a (0x0000bfe5) c.j     pc - 8
core   0: 3 0x8000a28a (0xbfe5)
core   0: 0x8000a282 (0x00006f17) auipc   t5, 0x6
core   0: 3 0x8000a282 (0x00006f17) x30 0x80010282
core   0: 0x8000a286 (0xd63f2f23) sw      gp, -642(t5)
core   0: 3 0x8000a286 (0xd63f2f23) mem 0x80010000 0x00000001
core   0: 0x8000a28a (0x0000bfe5) c.j     pc - 8
core   0: 3 0x8000a28a (0xbfe5)
core   0: 0x8000a282 (0x00006f17) auipc   t5, 0x6
core   0: 3 0x8000a282 (0x00006f17) x30 0x80010282
core   0: 0x8000a286 (0xd63f2f23) sw      gp, -642(t5)
core   0: 3 0x8000a286 (0xd63f2f23) mem 0x80010000 0x00000001
core   0: 0x8000a28a (0x0000bfe5) c.j     pc - 8
core   0: 3 0x8000a28a (0xbfe5)
core   0: 0x8000a282 (0x00006f17) auipc   t5, 0x6
core   0: 3 0x8000a282 (0x00006f17) x30 0x80010282
core   0: 0x8000a286 (0xd63f2f23) sw      gp, -642(t5)
core   0: 3 0x8000a286 (0xd63f2f23) mem 0x80010000 0x00000001
core   0: 0x8000a28a (0x0000bfe5) c.j     pc - 8
core   0: 3 0x8000a28a (0xbfe5)
core   0: 0x8000a282 (0x00006f17) auipc   t5, 0x6
core   0: 3 0x8000a282 (0x00006f17) x30 0x80010282
core   0: 0x8000a286 (0xd63f2f23) sw      gp, -642(t5)
core   0: 3 0x8000a286 (0xd63f2f23) mem 0x80010000 0x00000001
core   0: 0x8000a28a (0x0000bfe5) c.j     pc - 8
core   0: 3 0x8000a28a (0xbfe5)
core   0: 0x8000a282 (0x00006f17) auipc   t5, 0x6
core   0: 3 0x8000a282 (0x00006f17) x30 0x80010282
core   0: 0x8000a286 (0xd63f2f23) sw      gp, -642(t5)
core   0: 3 0x8000a286 (0xd63f2f23) mem 0x80010000 0x00000001
core   0: 0x8000a28a (0x0000bfe5) c.j     pc - 8
core   0: 3 0x8000a28a (0xbfe5)
core   0: 0x8000a282 (0x00006f17) auipc   t5, 0x6
core   0: 3 0x8000a282 (0x00006f17) x30 0x80010282
core   0: 0x8000a286 (0xd63f2f23) sw      gp, -642(t5)
core   0: 3 0x8000a286 (0xd63f2f23) mem 0x80010000 0x00000001
core   0: 0x8000a28a (0x0000bfe5) c.j     pc - 8
core   0: 3 0x8000a28a (0xbfe5)
core   0: 0x8000a282 (0x00006f17) auipc   t5, 0x6
core   0: 3 0x8000a282 (0x00006f17) x30 0x80010282
core   0: 0x8000a286 (0xd63f2f23) sw      gp, -642(t5)
core   0: 3 0x8000a286 (0xd63f2f23) mem 0x80010000 0x00000001
core   0: 0x8000a28a (0x0000bfe5) c.j     pc - 8
core   0: 3 0x8000a28a (0xbfe5)
core   0: 0x8000a282 (0x00006f17) auipc   t5, 0x6
core   0: 3 0x8000a282 (0x00006f17) x30 0x80010282
core   0: 0x8000a286 (0xd63f2f23) sw      gp, -642(t5)
core   0: 3 0x8000a286 (0xd63f2f23) mem 0x80010000 0x00000001
core   0: 0x8000a28a (0x0000bfe5) c.j     pc - 8
core   0: 3 0x8000a28a (0xbfe5)
core   0: 0x8000a282 (0x00006f17) auipc   t5, 0x6
core   0: 3 0x8000a282 (0x00006f17) x30 0x80010282
core   0: 0x8000a286 (0xd63f2f23) sw      gp, -642(t5)
core   0: 3 0x8000a286 (0xd63f2f23) mem 0x80010000 0x00000001
core   0: 0x8000a28a (0x0000bfe5) c.j     pc - 8
core   0: 3 0x8000a28a (0xbfe5)
core   0: 0x8000a282 (0x00006f17) auipc   t5, 0x6
core   0: 3 0x8000a282 (0x00006f17) x30 0x80010282
core   0: 0x8000a286 (0xd63f2f23) sw      gp, -642(t5)
core   0: 3 0x8000a286 (0xd63f2f23) mem 0x80010000 0x00000001
core   0: 0x8000a28a (0x0000bfe5) c.j     pc - 8
core   0: 3 0x8000a28a (0xbfe5)
core   0: 0x8000a282 (0x00006f17) auipc   t5, 0x6
core   0: 3 0x8000a282 (0x00006f17) x30 0x80010282
core   0: 0x8000a286 (0xd63f2f23) sw      gp, -642(t5)
core   0: 3 0x8000a286 (0xd63f2f23) mem 0x80010000 0x00000001
core   0: 0x8000a28a (0x0000bfe5) c.j     pc - 8
core   0: 3 0x8000a28a (0xbfe5)
core   0: 0x8000a282 (0x00006f17) auipc   t5, 0x6
core   0: 3 0x8000a282 (0x00006f17) x30 0x80010282
core   0: 0x8000a286 (0xd63f2f23) sw      gp, -642(t5)
core   0: 3 0x8000a286 (0xd63f2f23) mem 0x80010000 0x00000001
core   0: 0x8000a28a (0x0000bfe5) c.j     pc - 8
core   0: 3 0x8000a28a (0xbfe5)
core   0: 0x8000a282 (0x00006f17) auipc   t5, 0x6
core   0: 3 0x8000a282 (0x00006f17) x30 0x80010282
core   0: 0x8000a286 (0xd63f2f23) sw      gp, -642(t5)
core   0: 3 0x8000a286 (0xd63f2f23) mem 0x80010000 0x00000001
core   0: 0x8000a28a (0x0000bfe5) c.j     pc - 8
core   0: 3 0x8000a28a (0xbfe5)
core   0: 0x8000a282 (0x00006f17) auipc   t5, 0x6
core   0: 3 0x8000a282 (0x00006f17) x30 0x80010282
core   0: 0x8000a286 (0xd63f2f23) sw      gp, -642(t5)
core   0: 3 0x8000a286 (0xd63f2f23) mem 0x80010000 0x00000001
core   0: 0x8000a28a (0x0000bfe5) c.j     pc - 8
core   0: 3 0x8000a28a (0xbfe5)
core   0: 0x8000a282 (0x00006f17) auipc   t5, 0x6
core   0: 3 0x8000a282 (0x00006f17) x30 0x80010282
core   0: 0x8000a286 (0xd63f2f23) sw      gp, -642(t5)
core   0: 3 0x8000a286 (0xd63f2f23) mem 0x80010000 0x00000001
core   0: 0x8000a28a (0x0000bfe5) c.j     pc - 8
core   0: 3 0x8000a28a (0xbfe5)
core   0: 0x8000a282 (0x00006f17) auipc   t5, 0x6
core   0: 3 0x8000a282 (0x00006f17) x30 0x80010282
core   0: 0x8000a286 (0xd63f2f23) sw      gp, -642(t5)
core   0: 3 0x8000a286 (0xd63f2f23) mem 0x80010000 0x00000001
core   0: 0x8000a28a (0x0000bfe5) c.j     pc - 8
core   0: 3 0x8000a28a (0xbfe5)
core   0: 0x8000a282 (0x00006f17) auipc   t5, 0x6
core   0: 3 0x8000a282 (0x00006f17) x30 0x80010282
core   0: 0x8000a286 (0xd63f2f23) sw      gp, -642(t5)
core   0: 3 0x8000a286 (0xd63f2f23) mem 0x80010000 0x00000001
core   0: 0x8000a28a (0x0000bfe5) c.j     pc - 8
core   0: 3 0x8000a28a (0xbfe5)
core   0: 0x8000a282 (0x00006f17) auipc   t5, 0x6
core   0: 3 0x8000a282 (0x00006f17) x30 0x80010282
core   0: 0x8000a286 (0xd63f2f23) sw      gp, -642(t5)
core   0: 3 0x8000a286 (0xd63f2f23) mem 0x80010000 0x00000001
core   0: 0x8000a28a (0x0000bfe5) c.j     pc - 8
core   0: 3 0x8000a28a (0xbfe5)
core   0: 0x8000a282 (0x00006f17) auipc   t5, 0x6
core   0: 3 0x8000a282 (0x00006f17) x30 0x80010282
core   0: 0x8000a286 (0xd63f2f23) sw      gp, -642(t5)
core   0: 3 0x8000a286 (0xd63f2f23) mem 0x80010000 0x00000001
core   0: 0x8000a28a (0x0000bfe5) c.j     pc - 8
core   0: 3 0x8000a28a (0xbfe5)
core   0: 0x8000a282 (0x00006f17) auipc   t5, 0x6
core   0: 3 0x8000a282 (0x00006f17) x30 0x80010282
core   0: 0x8000a286 (0xd63f2f23) sw      gp, -642(t5)
core   0: 3 0x8000a286 (0xd63f2f23) mem 0x80010000 0x00000001
core   0: 0x8000a28a (0x0000bfe5) c.j     pc - 8
core   0: 3 0x8000a28a (0xbfe5)
core   0: 0x8000a282 (0x00006f17) auipc   t5, 0x6
core   0: 3 0x8000a282 (0x00006f17) x30 0x80010282
core   0: 0x8000a286 (0xd63f2f23) sw      gp, -642(t5)
core   0: 3 0x8000a286 (0xd63f2f23) mem 0x80010000 0x00000001
core   0: 0x8000a28a (0x0000bfe5) c.j     pc - 8
core   0: 3 0x8000a28a (0xbfe5)
core   0: 0x8000a282 (0x00006f17) auipc   t5, 0x6
core   0: 3 0x8000a282 (0x00006f17) x30 0x80010282
core   0: 0x8000a286 (0xd63f2f23) sw      gp, -642(t5)
core   0: 3 0x8000a286 (0xd63f2f23) mem 0x80010000 0x00000001
core   0: 0x8000a28a (0x0000bfe5) c.j     pc - 8
core   0: 3 0x8000a28a (0xbfe5)
core   0: 0x8000a282 (0x00006f17) auipc   t5, 0x6
core   0: 3 0x8000a282 (0x00006f17) x30 0x80010282
core   0: 0x8000a286 (0xd63f2f23) sw      gp, -642(t5)
core   0: 3 0x8000a286 (0xd63f2f23) mem 0x80010000 0x00000001
core   0: 0x8000a28a (0x0000bfe5) c.j     pc - 8
core   0: 3 0x8000a28a (0xbfe5)
core   0: 0x8000a282 (0x00006f17) auipc   t5, 0x6
core   0: 3 0x8000a282 (0x00006f17) x30 0x80010282
core   0: 0x8000a286 (0xd63f2f23) sw      gp, -642(t5)
core   0: 3 0x8000a286 (0xd63f2f23) mem 0x80010000 0x00000001
core   0: 0x8000a28a (0x0000bfe5) c.j     pc - 8
core   0: 3 0x8000a28a (0xbfe5)
core   0: 0x8000a282 (0x00006f17) auipc   t5, 0x6
core   0: 3 0x8000a282 (0x00006f17) x30 0x80010282
core   0: 0x8000a286 (0xd63f2f23) sw      gp, -642(t5)
core   0: 3 0x8000a286 (0xd63f2f23) mem 0x80010000 0x00000001
core   0: 0x8000a28a (0x0000bfe5) c.j     pc - 8
core   0: 3 0x8000a28a (0xbfe5)
core   0: 0x8000a282 (0x00006f17) auipc   t5, 0x6
core   0: 3 0x8000a282 (0x00006f17) x30 0x80010282
core   0: 0x8000a286 (0xd63f2f23) sw      gp, -642(t5)
core   0: 3 0x8000a286 (0xd63f2f23) mem 0x80010000 0x00000001
core   0: 0x8000a28a (0x0000bfe5) c.j     pc - 8
core   0: 3 0x8000a28a (0xbfe5)
core   0: 0x8000a282 (0x00006f17) auipc   t5, 0x6
core   0: 3 0x8000a282 (0x00006f17) x30 0x80010282
core   0: 0x8000a286 (0xd63f2f23) sw      gp, -642(t5)
core   0: 3 0x8000a286 (0xd63f2f23) mem 0x80010000 0x00000001
core   0: 0x8000a28a (0x0000bfe5) c.j     pc - 8
core   0: 3 0x8000a28a (0xbfe5)
core   0: 0x8000a282 (0x00006f17) auipc   t5, 0x6
core   0: 3 0x8000a282 (0x00006f17) x30 0x80010282
core   0: 0x8000a286 (0xd63f2f23) sw      gp, -642(t5)
core   0: 3 0x8000a286 (0xd63f2f23) mem 0x80010000 0x00000001
core   0: 0x8000a28a (0x0000bfe5) c.j     pc - 8
core   0: 3 0x8000a28a (0xbfe5)
core   0: 0x8000a282 (0x00006f17) auipc   t5, 0x6
core   0: 3 0x8000a282 (0x00006f17) x30 0x80010282
core   0: 0x8000a286 (0xd63f2f23) sw      gp, -642(t5)
core   0: 3 0x8000a286 (0xd63f2f23) mem 0x80010000 0x00000001
core   0: 0x8000a28a (0x0000bfe5) c.j     pc - 8
core   0: 3 0x8000a28a (0xbfe5)
core   0: 0x8000a282 (0x00006f17) auipc   t5, 0x6
core   0: 3 0x8000a282 (0x00006f17) x30 0x80010282
core   0: 0x8000a286 (0xd63f2f23) sw      gp, -642(t5)
core   0: 3 0x8000a286 (0xd63f2f23) mem 0x80010000 0x00000001
core   0: 0x8000a28a (0x0000bfe5) c.j     pc - 8
core   0: 3 0x8000a28a (0xbfe5)
core   0: 0x8000a282 (0x00006f17) auipc   t5, 0x6
core   0: 3 0x8000a282 (0x00006f17) x30 0x80010282
core   0: 0x8000a286 (0xd63f2f23) sw      gp, -642(t5)
core   0: 3 0x8000a286 (0xd63f2f23) mem 0x80010000 0x00000001
core   0: 0x8000a28a (0x0000bfe5) c.j     pc - 8
core   0: 3 0x8000a28a (0xbfe5)
core   0: 0x8000a282 (0x00006f17) auipc   t5, 0x6
core   0: 3 0x8000a282 (0x00006f17) x30 0x80010282
core   0: 0x8000a286 (0xd63f2f23) sw      gp, -642(t5)
core   0: 3 0x8000a286 (0xd63f2f23) mem 0x80010000 0x00000001
core   0: 0x8000a28a (0x0000bfe5) c.j     pc - 8
core   0: 3 0x8000a28a (0xbfe5)
core   0: 0x8000a282 (0x00006f17) auipc   t5, 0x6
core   0: 3 0x8000a282 (0x00006f17) x30 0x80010282
core   0: 0x8000a286 (0xd63f2f23) sw      gp, -642(t5)
core   0: 3 0x8000a286 (0xd63f2f23) mem 0x80010000 0x00000001
core   0: 0x8000a28a (0x0000bfe5) c.j     pc - 8
core   0: 3 0x8000a28a (0xbfe5)
core   0: 0x8000a282 (0x00006f17) auipc   t5, 0x6
core   0: 3 0x8000a282 (0x00006f17) x30 0x80010282
core   0: 0x8000a286 (0xd63f2f23) sw      gp, -642(t5)
core   0: 3 0x8000a286 (0xd63f2f23) mem 0x80010000 0x00000001
core   0: 0x8000a28a (0x0000bfe5) c.j     pc - 8
core   0: 3 0x8000a28a (0xbfe5)
core   0: 0x8000a282 (0x00006f17) auipc   t5, 0x6
core   0: 3 0x8000a282 (0x00006f17) x30 0x80010282
core   0: 0x8000a286 (0xd63f2f23) sw      gp, -642(t5)
core   0: 3 0x8000a286 (0xd63f2f23) mem 0x80010000 0x00000001
core   0: 0x8000a28a (0x0000bfe5) c.j     pc - 8
core   0: 3 0x8000a28a (0xbfe5)
core   0: 0x8000a282 (0x00006f17) auipc   t5, 0x6
core   0: 3 0x8000a282 (0x00006f17) x30 0x80010282
core   0: 0x8000a286 (0xd63f2f23) sw      gp, -642(t5)
core   0: 3 0x8000a286 (0xd63f2f23) mem 0x80010000 0x00000001
core   0: 0x8000a28a (0x0000bfe5) c.j     pc - 8
core   0: 3 0x8000a28a (0xbfe5)
core   0: 0x8000a282 (0x00006f17) auipc   t5, 0x6
core   0: 3 0x8000a282 (0x00006f17) x30 0x80010282
core   0: 0x8000a286 (0xd63f2f23) sw      gp, -642(t5)
core   0: 3 0x8000a286 (0xd63f2f23) mem 0x80010000 0x00000001
core   0: 0x8000a28a (0x0000bfe5) c.j     pc - 8
core   0: 3 0x8000a28a (0xbfe5)
core   0: 0x8000a282 (0x00006f17) auipc   t5, 0x6
core   0: 3 0x8000a282 (0x00006f17) x30 0x80010282
core   0: 0x8000a286 (0xd63f2f23) sw      gp, -642(t5)
core   0: 3 0x8000a286 (0xd63f2f23) mem 0x80010000 0x00000001
core   0: 0x8000a28a (0x0000bfe5) c.j     pc - 8
core   0: 3 0x8000a28a (0xbfe5)
core   0: 0x8000a282 (0x00006f17) auipc   t5, 0x6
core   0: 3 0x8000a282 (0x00006f17) x30 0x80010282
core   0: 0x8000a286 (0xd63f2f23) sw      gp, -642(t5)
core   0: 3 0x8000a286 (0xd63f2f23) mem 0x80010000 0x00000001
core   0: 0x8000a28a (0x0000bfe5) c.j     pc - 8
core   0: 3 0x8000a28a (0xbfe5)
core   0: 0x8000a282 (0x00006f17) auipc   t5, 0x6
core   0: 3 0x8000a282 (0x00006f17) x30 0x80010282
core   0: 0x8000a286 (0xd63f2f23) sw      gp, -642(t5)
core   0: 3 0x8000a286 (0xd63f2f23) mem 0x80010000 0x00000001
core   0: 0x8000a28a (0x0000bfe5) c.j     pc - 8
core   0: 3 0x8000a28a (0xbfe5)
core   0: 0x8000a282 (0x00006f17) auipc   t5, 0x6
core   0: 3 0x8000a282 (0x00006f17) x30 0x80010282
core   0: 0x8000a286 (0xd63f2f23) sw      gp, -642(t5)
core   0: 3 0x8000a286 (0xd63f2f23) mem 0x80010000 0x00000001
core   0: 0x8000a28a (0x0000bfe5) c.j     pc - 8
core   0: 3 0x8000a28a (0xbfe5)
core   0: 0x8000a282 (0x00006f17) auipc   t5, 0x6
core   0: 3 0x8000a282 (0x00006f17) x30 0x80010282
core   0: 0x8000a286 (0xd63f2f23) sw      gp, -642(t5)
core   0: 3 0x8000a286 (0xd63f2f23) mem 0x80010000 0x00000001
core   0: 0x8000a28a (0x0000bfe5) c.j     pc - 8
core   0: 3 0x8000a28a (0xbfe5)
core   0: 0x8000a282 (0x00006f17) auipc   t5, 0x6
core   0: 3 0x8000a282 (0x00006f17) x30 0x80010282
core   0: 0x8000a286 (0xd63f2f23) sw      gp, -642(t5)
core   0: 3 0x8000a286 (0xd63f2f23) mem 0x80010000 0x00000001
core   0: 0x8000a28a (0x0000bfe5) c.j     pc - 8
core   0: 3 0x8000a28a (0xbfe5)
core   0: 0x8000a282 (0x00006f17) auipc   t5, 0x6
core   0: 3 0x8000a282 (0x00006f17) x30 0x80010282
core   0: 0x8000a286 (0xd63f2f23) sw      gp, -642(t5)
core   0: 3 0x8000a286 (0xd63f2f23) mem 0x80010000 0x00000001
core   0: 0x8000a28a (0x0000bfe5) c.j     pc - 8
core   0: 3 0x8000a28a (0xbfe5)
core   0: 0x8000a282 (0x00006f17) auipc   t5, 0x6
core   0: 3 0x8000a282 (0x00006f17) x30 0x80010282
core   0: 0x8000a286 (0xd63f2f23) sw      gp, -642(t5)
core   0: 3 0x8000a286 (0xd63f2f23) mem 0x80010000 0x00000001
core   0: 0x8000a28a (0x0000bfe5) c.j     pc - 8
core   0: 3 0x8000a28a (0xbfe5)
core   0: 0x8000a282 (0x00006f17) auipc   t5, 0x6
core   0: 3 0x8000a282 (0x00006f17) x30 0x80010282
core   0: 0x8000a286 (0xd63f2f23) sw      gp, -642(t5)
core   0: 3 0x8000a286 (0xd63f2f23) mem 0x80010000 0x00000001
core   0: 0x8000a28a (0x0000bfe5) c.j     pc - 8
core   0: 3 0x8000a28a (0xbfe5)
core   0: 0x8000a282 (0x00006f17) auipc   t5, 0x6
core   0: 3 0x8000a282 (0x00006f17) x30 0x80010282
core   0: 0x8000a286 (0xd63f2f23) sw      gp, -642(t5)
core   0: 3 0x8000a286 (0xd63f2f23) mem 0x80010000 0x00000001
core   0: 0x8000a28a (0x0000bfe5) c.j     pc - 8
core   0: 3 0x8000a28a (0xbfe5)
core   0: 0x8000a282 (0x00006f17) auipc   t5, 0x6
core   0: 3 0x8000a282 (0x00006f17) x30 0x80010282
core   0: 0x8000a286 (0xd63f2f23) sw      gp, -642(t5)
core   0: 3 0x8000a286 (0xd63f2f23) mem 0x80010000 0x00000001
core   0: 0x8000a28a (0x0000bfe5) c.j     pc - 8
core   0: 3 0x8000a28a (0xbfe5)
core   0: 0x8000a282 (0x00006f17) auipc   t5, 0x6
core   0: 3 0x8000a282 (0x00006f17) x30 0x80010282
core   0: 0x8000a286 (0xd63f2f23) sw      gp, -642(t5)
core   0: 3 0x8000a286 (0xd63f2f23) mem 0x80010000 0x00000001
core   0: 0x8000a28a (0x0000bfe5) c.j     pc - 8
core   0: 3 0x8000a28a (0xbfe5)
core   0: 0x8000a282 (0x00006f17) auipc   t5, 0x6
core   0: 3 0x8000a282 (0x00006f17) x30 0x80010282
core   0: 0x8000a286 (0xd63f2f23) sw      gp, -642(t5)
core   0: 3 0x8000a286 (0xd63f2f23) mem 0x80010000 0x00000001
core   0: 0x8000a28a (0x0000bfe5) c.j     pc - 8
core   0: 3 0x8000a28a (0xbfe5)
core   0: 0x8000a282 (0x00006f17) auipc   t5, 0x6
core   0: 3 0x8000a282 (0x00006f17) x30 0x80010282
core   0: 0x8000a286 (0xd63f2f23) sw      gp, -642(t5)
core   0: 3 0x8000a286 (0xd63f2f23) mem 0x80010000 0x00000001
core   0: 0x8000a28a (0x0000bfe5) c.j     pc - 8
core   0: 3 0x8000a28a (0xbfe5)
core   0: 0x8000a282 (0x00006f17) auipc   t5, 0x6
core   0: 3 0x8000a282 (0x00006f17) x30 0x80010282
core   0: 0x8000a286 (0xd63f2f23) sw      gp, -642(t5)
core   0: 3 0x8000a286 (0xd63f2f23) mem 0x80010000 0x00000001
core   0: 0x8000a28a (0x0000bfe5) c.j     pc - 8
core   0: 3 0x8000a28a (0xbfe5)
core   0: 0x8000a282 (0x00006f17) auipc   t5, 0x6
core   0: 3 0x8000a282 (0x00006f17) x30 0x80010282
core   0: 0x8000a286 (0xd63f2f23) sw      gp, -642(t5)
core   0: 3 0x8000a286 (0xd63f2f23) mem 0x80010000 0x00000001
core   0: 0x8000a28a (0x0000bfe5) c.j     pc - 8
core   0: 3 0x8000a28a (0xbfe5)
core   0: 0x8000a282 (0x00006f17) auipc   t5, 0x6
core   0: 3 0x8000a282 (0x00006f17) x30 0x80010282
core   0: 0x8000a286 (0xd63f2f23) sw      gp, -642(t5)
core   0: 3 0x8000a286 (0xd63f2f23) mem 0x80010000 0x00000001
core   0: 0x8000a28a (0x0000bfe5) c.j     pc - 8
core   0: 3 0x8000a28a (0xbfe5)
core   0: 0x8000a282 (0x00006f17) auipc   t5, 0x6
core   0: 3 0x8000a282 (0x00006f17) x30 0x80010282
core   0: 0x8000a286 (0xd63f2f23) sw      gp, -642(t5)
core   0: 3 0x8000a286 (0xd63f2f23) mem 0x80010000 0x00000001
core   0: 0x8000a28a (0x0000bfe5) c.j     pc - 8
core   0: 3 0x8000a28a (0xbfe5)
core   0: 0x8000a282 (0x00006f17) auipc   t5, 0x6
core   0: 3 0x8000a282 (0x00006f17) x30 0x80010282
core   0: 0x8000a286 (0xd63f2f23) sw      gp, -642(t5)
core   0: 3 0x8000a286 (0xd63f2f23) mem 0x80010000 0x00000001
core   0: 0x8000a28a (0x0000bfe5) c.j     pc - 8
core   0: 3 0x8000a28a (0xbfe5)
core   0: 0x8000a282 (0x00006f17) auipc   t5, 0x6
core   0: 3 0x8000a282 (0x00006f17) x30 0x80010282
core   0: 0x8000a286 (0xd63f2f23) sw      gp, -642(t5)
core   0: 3 0x8000a286 (0xd63f2f23) mem 0x80010000 0x00000001
core   0: 0x8000a28a (0x0000bfe5) c.j     pc - 8
core   0: 3 0x8000a28a (0xbfe5)
core   0: 0x8000a282 (0x00006f17) auipc   t5, 0x6
core   0: 3 0x8000a282 (0x00006f17) x30 0x80010282
core   0: 0x8000a286 (0xd63f2f23) sw      gp, -642(t5)
core   0: 3 0x8000a286 (0xd63f2f23) mem 0x80010000 0x00000001
core   0: 0x8000a28a (0x0000bfe5) c.j     pc - 8
core   0: 3 0x8000a28a (0xbfe5)
core   0: 0x8000a282 (0x00006f17) auipc   t5, 0x6
core   0: 3 0x8000a282 (0x00006f17) x30 0x80010282
core   0: 0x8000a286 (0xd63f2f23) sw      gp, -642(t5)
core   0: 3 0x8000a286 (0xd63f2f23) mem 0x80010000 0x00000001
core   0: 0x8000a28a (0x0000bfe5) c.j     pc - 8
core   0: 3 0x8000a28a (0xbfe5)
core   0: 0x8000a282 (0x00006f17) auipc   t5, 0x6
core   0: 3 0x8000a282 (0x00006f17) x30 0x80010282
core   0: 0x8000a286 (0xd63f2f23) sw      gp, -642(t5)
core   0: 3 0x8000a286 (0xd63f2f23) mem 0x80010000 0x00000001
core   0: 0x8000a28a (0x0000bfe5) c.j     pc - 8
core   0: 3 0x8000a28a (0xbfe5)
core   0: 0x8000a282 (0x00006f17) auipc   t5, 0x6
core   0: 3 0x8000a282 (0x00006f17) x30 0x80010282
core   0: 0x8000a286 (0xd63f2f23) sw      gp, -642(t5)
core   0: 3 0x8000a286 (0xd63f2f23) mem 0x80010000 0x00000001
core   0: 0x8000a28a (0x0000bfe5) c.j     pc - 8
core   0: 3 0x8000a28a (0xbfe5)
core   0: 0x8000a282 (0x00006f17) auipc   t5, 0x6
core   0: 3 0x8000a282 (0x00006f17) x30 0x80010282
core   0: 0x8000a286 (0xd63f2f23) sw      gp, -642(t5)
core   0: 3 0x8000a286 (0xd63f2f23) mem 0x80010000 0x00000001
core   0: 0x8000a28a (0x0000bfe5) c.j     pc - 8
core   0: 3 0x8000a28a (0xbfe5)
core   0: 0x8000a282 (0x00006f17) auipc   t5, 0x6
core   0: 3 0x8000a282 (0x00006f17) x30 0x80010282
core   0: 0x8000a286 (0xd63f2f23) sw      gp, -642(t5)
core   0: 3 0x8000a286 (0xd63f2f23) mem 0x80010000 0x00000001
core   0: 0x8000a28a (0x0000bfe5) c.j     pc - 8
core   0: 3 0x8000a28a (0xbfe5)
core   0: 0x8000a282 (0x00006f17) auipc   t5, 0x6
core   0: 3 0x8000a282 (0x00006f17) x30 0x80010282
core   0: 0x8000a286 (0xd63f2f23) sw      gp, -642(t5)
core   0: 3 0x8000a286 (0xd63f2f23) mem 0x80010000 0x00000001
core   0: 0x8000a28a (0x0000bfe5) c.j     pc - 8
core   0: 3 0x8000a28a (0xbfe5)
core   0: 0x8000a282 (0x00006f17) auipc   t5, 0x6
core   0: 3 0x8000a282 (0x00006f17) x30 0x80010282
core   0: 0x8000a286 (0xd63f2f23) sw      gp, -642(t5)
core   0: 3 0x8000a286 (0xd63f2f23) mem 0x80010000 0x00000001
core   0: 0x8000a28a (0x0000bfe5) c.j     pc - 8
core   0: 3 0x8000a28a (0xbfe5)
core   0: 0x8000a282 (0x00006f17) auipc   t5, 0x6
core   0: 3 0x8000a282 (0x00006f17) x30 0x80010282
core   0: 0x8000a286 (0xd63f2f23) sw      gp, -642(t5)
core   0: 3 0x8000a286 (0xd63f2f23) mem 0x80010000 0x00000001
core   0: 0x8000a28a (0x0000bfe5) c.j     pc - 8
core   0: 3 0x8000a28a (0xbfe5)
core   0: 0x8000a282 (0x00006f17) auipc   t5, 0x6
core   0: 3 0x8000a282 (0x00006f17) x30 0x80010282
core   0: 0x8000a286 (0xd63f2f23) sw      gp, -642(t5)
core   0: 3 0x8000a286 (0xd63f2f23) mem 0x80010000 0x00000001
core   0: 0x8000a28a (0x0000bfe5) c.j     pc - 8
core   0: 3 0x8000a28a (0xbfe5)
core   0: 0x8000a282 (0x00006f17) auipc   t5, 0x6
core   0: 3 0x8000a282 (0x00006f17) x30 0x80010282
core   0: 0x8000a286 (0xd63f2f23) sw      gp, -642(t5)
core   0: 3 0x8000a286 (0xd63f2f23) mem 0x80010000 0x00000001
core   0: 0x8000a28a (0x0000bfe5) c.j     pc - 8
core   0: 3 0x8000a28a (0xbfe5)
core   0: 0x8000a282 (0x00006f17) auipc   t5, 0x6
core   0: 3 0x8000a282 (0x00006f17) x30 0x80010282
core   0: 0x8000a286 (0xd63f2f23) sw      gp, -642(t5)
core   0: 3 0x8000a286 (0xd63f2f23) mem 0x80010000 0x00000001
core   0: 0x8000a28a (0x0000bfe5) c.j     pc - 8
core   0: 3 0x8000a28a (0xbfe5)
core   0: 0x8000a282 (0x00006f17) auipc   t5, 0x6
core   0: 3 0x8000a282 (0x00006f17) x30 0x80010282
core   0: 0x8000a286 (0xd63f2f23) sw      gp, -642(t5)
core   0: 3 0x8000a286 (0xd63f2f23) mem 0x80010000 0x00000001
core   0: 0x8000a28a (0x0000bfe5) c.j     pc - 8
core   0: 3 0x8000a28a (0xbfe5)
core   0: 0x8000a282 (0x00006f17) auipc   t5, 0x6
core   0: 3 0x8000a282 (0x00006f17) x30 0x80010282
core   0: 0x8000a286 (0xd63f2f23) sw      gp, -642(t5)
core   0: 3 0x8000a286 (0xd63f2f23) mem 0x80010000 0x00000001
core   0: 0x8000a28a (0x0000bfe5) c.j     pc - 8
core   0: 3 0x8000a28a (0xbfe5)
core   0: 0x8000a282 (0x00006f17) auipc   t5, 0x6
core   0: 3 0x8000a282 (0x00006f17) x30 0x80010282
core   0: 0x8000a286 (0xd63f2f23) sw      gp, -642(t5)
core   0: 3 0x8000a286 (0xd63f2f23) mem 0x80010000 0x00000001
core   0: 0x8000a28a (0x0000bfe5) c.j     pc - 8
core   0: 3 0x8000a28a (0xbfe5)
core   0: 0x8000a282 (0x00006f17) auipc   t5, 0x6
core   0: 3 0x8000a282 (0x00006f17) x30 0x80010282
core   0: 0x8000a286 (0xd63f2f23) sw      gp, -642(t5)
core   0: 3 0x8000a286 (0xd63f2f23) mem 0x80010000 0x00000001
core   0: 0x8000a28a (0x0000bfe5) c.j     pc - 8
core   0: 3 0x8000a28a (0xbfe5)
core   0: 0x8000a282 (0x00006f17) auipc   t5, 0x6
core   0: 3 0x8000a282 (0x00006f17) x30 0x80010282
core   0: 0x8000a286 (0xd63f2f23) sw      gp, -642(t5)
core   0: 3 0x8000a286 (0xd63f2f23) mem 0x80010000 0x00000001
core   0: 0x8000a28a (0x0000bfe5) c.j     pc - 8
core   0: 3 0x8000a28a (0xbfe5)
core   0: 0x8000a282 (0x00006f17) auipc   t5, 0x6
core   0: 3 0x8000a282 (0x00006f17) x30 0x80010282
core   0: 0x8000a286 (0xd63f2f23) sw      gp, -642(t5)
core   0: 3 0x8000a286 (0xd63f2f23) mem 0x80010000 0x00000001
core   0: 0x8000a28a (0x0000bfe5) c.j     pc - 8
core   0: 3 0x8000a28a (0xbfe5)
core   0: 0x8000a282 (0x00006f17) auipc   t5, 0x6
core   0: 3 0x8000a282 (0x00006f17) x30 0x80010282
core   0: 0x8000a286 (0xd63f2f23) sw      gp, -642(t5)
core   0: 3 0x8000a286 (0xd63f2f23) mem 0x80010000 0x00000001
core   0: 0x8000a28a (0x0000bfe5) c.j     pc - 8
core   0: 3 0x8000a28a (0xbfe5)
core   0: 0x8000a282 (0x00006f17) auipc   t5, 0x6
core   0: 3 0x8000a282 (0x00006f17) x30 0x80010282
core   0: 0x8000a286 (0xd63f2f23) sw      gp, -642(t5)
core   0: 3 0x8000a286 (0xd63f2f23) mem 0x80010000 0x00000001
core   0: 0x8000a28a (0x0000bfe5) c.j     pc - 8
core   0: 3 0x8000a28a (0xbfe5)
core   0: 0x8000a282 (0x00006f17) auipc   t5, 0x6
core   0: 3 0x8000a282 (0x00006f17) x30 0x80010282
core   0: 0x8000a286 (0xd63f2f23) sw      gp, -642(t5)
core   0: 3 0x8000a286 (0xd63f2f23) mem 0x80010000 0x00000001
core   0: 0x8000a28a (0x0000bfe5) c.j     pc - 8
core   0: 3 0x8000a28a (0xbfe5)
core   0: 0x8000a282 (0x00006f17) auipc   t5, 0x6
core   0: 3 0x8000a282 (0x00006f17) x30 0x80010282
core   0: 0x8000a286 (0xd63f2f23) sw      gp, -642(t5)
core   0: 3 0x8000a286 (0xd63f2f23) mem 0x80010000 0x00000001
core   0: 0x8000a28a (0x0000bfe5) c.j     pc - 8
core   0: 3 0x8000a28a (0xbfe5)
core   0: 0x8000a282 (0x00006f17) auipc   t5, 0x6
core   0: 3 0x8000a282 (0x00006f17) x30 0x80010282
core   0: 0x8000a286 (0xd63f2f23) sw      gp, -642(t5)
core   0: 3 0x8000a286 (0xd63f2f23) mem 0x80010000 0x00000001
core   0: 0x8000a28a (0x0000bfe5) c.j     pc - 8
core   0: 3 0x8000a28a (0xbfe5)
core   0: 0x8000a282 (0x00006f17) auipc   t5, 0x6
core   0: 3 0x8000a282 (0x00006f17) x30 0x80010282
core   0: 0x8000a286 (0xd63f2f23) sw      gp, -642(t5)
core   0: 3 0x8000a286 (0xd63f2f23) mem 0x80010000 0x00000001
core   0: 0x8000a28a (0x0000bfe5) c.j     pc - 8
core   0: 3 0x8000a28a (0xbfe5)
core   0: 0x8000a282 (0x00006f17) auipc   t5, 0x6
core   0: 3 0x8000a282 (0x00006f17) x30 0x80010282
core   0: 0x8000a286 (0xd63f2f23) sw      gp, -642(t5)
core   0: 3 0x8000a286 (0xd63f2f23) mem 0x80010000 0x00000001
core   0: 0x8000a28a (0x0000bfe5) c.j     pc - 8
core   0: 3 0x8000a28a (0xbfe5)
core   0: 0x8000a282 (0x00006f17) auipc   t5, 0x6
core   0: 3 0x8000a282 (0x00006f17) x30 0x80010282
core   0: 0x8000a286 (0xd63f2f23) sw      gp, -642(t5)
core   0: 3 0x8000a286 (0xd63f2f23) mem 0x80010000 0x00000001
core   0: 0x8000a28a (0x0000bfe5) c.j     pc - 8
core   0: 3 0x8000a28a (0xbfe5)
core   0: 0x8000a282 (0x00006f17) auipc   t5, 0x6
core   0: 3 0x8000a282 (0x00006f17) x30 0x80010282
core   0: 0x8000a286 (0xd63f2f23) sw      gp, -642(t5)
core   0: 3 0x8000a286 (0xd63f2f23) mem 0x80010000 0x00000001
core   0: 0x8000a28a (0x0000bfe5) c.j     pc - 8
core   0: 3 0x8000a28a (0xbfe5)
core   0: 0x8000a282 (0x00006f17) auipc   t5, 0x6
core   0: 3 0x8000a282 (0x00006f17) x30 0x80010282
core   0: 0x8000a286 (0xd63f2f23) sw      gp, -642(t5)
core   0: 3 0x8000a286 (0xd63f2f23) mem 0x80010000 0x00000001
core   0: 0x8000a28a (0x0000bfe5) c.j     pc - 8
core   0: 3 0x8000a28a (0xbfe5)
core   0: 0x8000a282 (0x00006f17) auipc   t5, 0x6
core   0: 3 0x8000a282 (0x00006f17) x30 0x80010282
core   0: 0x8000a286 (0xd63f2f23) sw      gp, -642(t5)
core   0: 3 0x8000a286 (0xd63f2f23) mem 0x80010000 0x00000001
core   0: 0x8000a28a (0x0000bfe5) c.j     pc - 8
core   0: 3 0x8000a28a (0xbfe5)
core   0: 0x8000a282 (0x00006f17) auipc   t5, 0x6
core   0: 3 0x8000a282 (0x00006f17) x30 0x80010282
core   0: 0x8000a286 (0xd63f2f23) sw      gp, -642(t5)
core   0: 3 0x8000a286 (0xd63f2f23) mem 0x80010000 0x00000001
core   0: 0x8000a28a (0x0000bfe5) c.j     pc - 8
core   0: 3 0x8000a28a (0xbfe5)
core   0: 0x8000a282 (0x00006f17) auipc   t5, 0x6
core   0: 3 0x8000a282 (0x00006f17) x30 0x80010282
core   0: 0x8000a286 (0xd63f2f23) sw      gp, -642(t5)
core   0: 3 0x8000a286 (0xd63f2f23) mem 0x80010000 0x00000001
core   0: 0x8000a28a (0x0000bfe5) c.j     pc - 8
core   0: 3 0x8000a28a (0xbfe5)
core   0: 0x8000a282 (0x00006f17) auipc   t5, 0x6
core   0: 3 0x8000a282 (0x00006f17) x30 0x80010282
core   0: 0x8000a286 (0xd63f2f23) sw      gp, -642(t5)
core   0: 3 0x8000a286 (0xd63f2f23) mem 0x80010000 0x00000001
core   0: 0x8000a28a (0x0000bfe5) c.j     pc - 8
core   0: 3 0x8000a28a (0xbfe5)
core   0: 0x8000a282 (0x00006f17) auipc   t5, 0x6
core   0: 3 0x8000a282 (0x00006f17) x30 0x80010282
core   0: 0x8000a286 (0xd63f2f23) sw      gp, -642(t5)
core   0: 3 0x8000a286 (0xd63f2f23) mem 0x80010000 0x00000001
core   0: 0x8000a28a (0x0000bfe5) c.j     pc - 8
core   0: 3 0x8000a28a (0xbfe5)
core   0: 0x8000a282 (0x00006f17) auipc   t5, 0x6
core   0: 3 0x8000a282 (0x00006f17) x30 0x80010282
core   0: 0x8000a286 (0xd63f2f23) sw      gp, -642(t5)
core   0: 3 0x8000a286 (0xd63f2f23) mem 0x80010000 0x00000001
core   0: 0x8000a28a (0x0000bfe5) c.j     pc - 8
core   0: 3 0x8000a28a (0xbfe5)
core   0: 0x8000a282 (0x00006f17) auipc   t5, 0x6
core   0: 3 0x8000a282 (0x00006f17) x30 0x80010282
core   0: 0x8000a286 (0xd63f2f23) sw      gp, -642(t5)
core   0: 3 0x8000a286 (0xd63f2f23) mem 0x80010000 0x00000001
core   0: 0x8000a28a (0x0000bfe5) c.j     pc - 8
core   0: 3 0x8000a28a (0xbfe5)
core   0: 0x8000a282 (0x00006f17) auipc   t5, 0x6
core   0: 3 0x8000a282 (0x00006f17) x30 0x80010282
core   0: 0x8000a286 (0xd63f2f23) sw      gp, -642(t5)
core   0: 3 0x8000a286 (0xd63f2f23) mem 0x80010000 0x00000001
core   0: 0x8000a28a (0x0000bfe5) c.j     pc - 8
core   0: 3 0x8000a28a (0xbfe5)
core   0: 0x8000a282 (0x00006f17) auipc   t5, 0x6
core   0: 3 0x8000a282 (0x00006f17) x30 0x80010282
core   0: 0x8000a286 (0xd63f2f23) sw      gp, -642(t5)
core   0: 3 0x8000a286 (0xd63f2f23) mem 0x80010000 0x00000001
core   0: 0x8000a28a (0x0000bfe5) c.j     pc - 8
core   0: 3 0x8000a28a (0xbfe5)
core   0: 0x8000a282 (0x00006f17) auipc   t5, 0x6
core   0: 3 0x8000a282 (0x00006f17) x30 0x80010282
core   0: 0x8000a286 (0xd63f2f23) sw      gp, -642(t5)
core   0: 3 0x8000a286 (0xd63f2f23) mem 0x80010000 0x00000001
core   0: 0x8000a28a (0x0000bfe5) c.j     pc - 8
core   0: 3 0x8000a28a (0xbfe5)
core   0: 0x8000a282 (0x00006f17) auipc   t5, 0x6
core   0: 3 0x8000a282 (0x00006f17) x30 0x80010282
core   0: 0x8000a286 (0xd63f2f23) sw      gp, -642(t5)
core   0: 3 0x8000a286 (0xd63f2f23) mem 0x80010000 0x00000001
core   0: 0x8000a28a (0x0000bfe5) c.j     pc - 8
core   0: 3 0x8000a28a (0xbfe5)
core   0: 0x8000a282 (0x00006f17) auipc   t5, 0x6
core   0: 3 0x8000a282 (0x00006f17) x30 0x80010282
core   0: 0x8000a286 (0xd63f2f23) sw      gp, -642(t5)
core   0: 3 0x8000a286 (0xd63f2f23) mem 0x80010000 0x00000001
core   0: 0x8000a28a (0x0000bfe5) c.j     pc - 8
core   0: 3 0x8000a28a (0xbfe5)
core   0: 0x8000a282 (0x00006f17) auipc   t5, 0x6
core   0: 3 0x8000a282 (0x00006f17) x30 0x80010282
core   0: 0x8000a286 (0xd63f2f23) sw      gp, -642(t5)
core   0: 3 0x8000a286 (0xd63f2f23) mem 0x80010000 0x00000001
core   0: 0x8000a28a (0x0000bfe5) c.j     pc - 8
core   0: 3 0x8000a28a (0xbfe5)
core   0: 0x8000a282 (0x00006f17) auipc   t5, 0x6
core   0: 3 0x8000a282 (0x00006f17) x30 0x80010282
core   0: 0x8000a286 (0xd63f2f23) sw      gp, -642(t5)
core   0: 3 0x8000a286 (0xd63f2f23) mem 0x80010000 0x00000001
core   0: 0x8000a28a (0x0000bfe5) c.j     pc - 8
core   0: 3 0x8000a28a (0xbfe5)
core   0: 0x8000a282 (0x00006f17) auipc   t5, 0x6
core   0: 3 0x8000a282 (0x00006f17) x30 0x80010282
core   0: 0x8000a286 (0xd63f2f23) sw      gp, -642(t5)
core   0: 3 0x8000a286 (0xd63f2f23) mem 0x80010000 0x00000001
core   0: 0x8000a28a (0x0000bfe5) c.j     pc - 8
core   0: 3 0x8000a28a (0xbfe5)
core   0: 0x8000a282 (0x00006f17) auipc   t5, 0x6
core   0: 3 0x8000a282 (0x00006f17) x30 0x80010282
core   0: 0x8000a286 (0xd63f2f23) sw      gp, -642(t5)
core   0: 3 0x8000a286 (0xd63f2f23) mem 0x80010000 0x00000001
core   0: 0x8000a28a (0x0000bfe5) c.j     pc - 8
core   0: 3 0x8000a28a (0xbfe5)
core   0: 0x8000a282 (0x00006f17) auipc   t5, 0x6
core   0: 3 0x8000a282 (0x00006f17) x30 0x80010282
core   0: 0x8000a286 (0xd63f2f23) sw      gp, -642(t5)
core   0: 3 0x8000a286 (0xd63f2f23) mem 0x80010000 0x00000001
core   0: 0x8000a28a (0x0000bfe5) c.j     pc - 8
core   0: 3 0x8000a28a (0xbfe5)
core   0: 0x8000a282 (0x00006f17) auipc   t5, 0x6
core   0: 3 0x8000a282 (0x00006f17) x30 0x80010282
core   0: 0x8000a286 (0xd63f2f23) sw      gp, -642(t5)
core   0: 3 0x8000a286 (0xd63f2f23) mem 0x80010000 0x00000001
core   0: 0x8000a28a (0x0000bfe5) c.j     pc - 8
core   0: 3 0x8000a28a (0xbfe5)
core   0: 0x8000a282 (0x00006f17) auipc   t5, 0x6
core   0: 3 0x8000a282 (0x00006f17) x30 0x80010282
core   0: 0x8000a286 (0xd63f2f23) sw      gp, -642(t5)
core   0: 3 0x8000a286 (0xd63f2f23) mem 0x80010000 0x00000001
core   0: 0x8000a28a (0x0000bfe5) c.j     pc - 8
core   0: 3 0x8000a28a (0xbfe5)
core   0: 0x8000a282 (0x00006f17) auipc   t5, 0x6
core   0: 3 0x8000a282 (0x00006f17) x30 0x80010282
core   0: 0x8000a286 (0xd63f2f23) sw      gp, -642(t5)
core   0: 3 0x8000a286 (0xd63f2f23) mem 0x80010000 0x00000001
core   0: 0x8000a28a (0x0000bfe5) c.j     pc - 8
core   0: 3 0x8000a28a (0xbfe5)
core   0: 0x8000a282 (0x00006f17) auipc   t5, 0x6
core   0: 3 0x8000a282 (0x00006f17) x30 0x80010282
core   0: 0x8000a286 (0xd63f2f23) sw      gp, -642(t5)
core   0: 3 0x8000a286 (0xd63f2f23) mem 0x80010000 0x00000001
core   0: 0x8000a28a (0x0000bfe5) c.j     pc - 8
core   0: 3 0x8000a28a (0xbfe5)
core   0: 0x8000a282 (0x00006f17) auipc   t5, 0x6
core   0: 3 0x8000a282 (0x00006f17) x30 0x80010282
core   0: 0x8000a286 (0xd63f2f23) sw      gp, -642(t5)
core   0: 3 0x8000a286 (0xd63f2f23) mem 0x80010000 0x00000001
core   0: 0x8000a28a (0x0000bfe5) c.j     pc - 8
core   0: 3 0x8000a28a (0xbfe5)
core   0: 0x8000a282 (0x00006f17) auipc   t5, 0x6
core   0: 3 0x8000a282 (0x00006f17) x30 0x80010282
core   0: 0x8000a286 (0xd63f2f23) sw      gp, -642(t5)
core   0: 3 0x8000a286 (0xd63f2f23) mem 0x80010000 0x00000001
core   0: 0x8000a28a (0x0000bfe5) c.j     pc - 8
core   0: 3 0x8000a28a (0xbfe5)
core   0: 0x8000a282 (0x00006f17) auipc   t5, 0x6
core   0: 3 0x8000a282 (0x00006f17) x30 0x80010282
core   0: 0x8000a286 (0xd63f2f23) sw      gp, -642(t5)
core   0: 3 0x8000a286 (0xd63f2f23) mem 0x80010000 0x00000001
core   0: 0x8000a28a (0x0000bfe5) c.j     pc - 8
core   0: 3 0x8000a28a (0xbfe5)
core   0: 0x8000a282 (0x00006f17) auipc   t5, 0x6
core   0: 3 0x8000a282 (0x00006f17) x30 0x80010282
core   0: 0x8000a286 (0xd63f2f23) sw      gp, -642(t5)
core   0: 3 0x8000a286 (0xd63f2f23) mem 0x80010000 0x00000001
core   0: 0x8000a28a (0x0000bfe5) c.j     pc - 8
core   0: 3 0x8000a28a (0xbfe5)
core   0: 0x8000a282 (0x00006f17) auipc   t5, 0x6
core   0: 3 0x8000a282 (0x00006f17) x30 0x80010282
core   0: 0x8000a286 (0xd63f2f23) sw      gp, -642(t5)
core   0: 3 0x8000a286 (0xd63f2f23) mem 0x80010000 0x00000001
core   0: 0x8000a28a (0x0000bfe5) c.j     pc - 8
core   0: 3 0x8000a28a (0xbfe5)
core   0: 0x8000a282 (0x00006f17) auipc   t5, 0x6
core   0: 3 0x8000a282 (0x00006f17) x30 0x80010282
core   0: 0x8000a286 (0xd63f2f23) sw      gp, -642(t5)
core   0: 3 0x8000a286 (0xd63f2f23) mem 0x80010000 0x00000001
core   0: 0x8000a28a (0x0000bfe5) c.j     pc - 8
core   0: 3 0x8000a28a (0xbfe5)
core   0: 0x8000a282 (0x00006f17) auipc   t5, 0x6
core   0: 3 0x8000a282 (0x00006f17) x30 0x80010282
core   0: 0x8000a286 (0xd63f2f23) sw      gp, -642(t5)
core   0: 3 0x8000a286 (0xd63f2f23) mem 0x80010000 0x00000001
core   0: 0x8000a28a (0x0000bfe5) c.j     pc - 8
core   0: 3 0x8000a28a (0xbfe5)
core   0: 0x8000a282 (0x00006f17) auipc   t5, 0x6
core   0: 3 0x8000a282 (0x00006f17) x30 0x80010282
core   0: 0x8000a286 (0xd63f2f23) sw      gp, -642(t5)
core   0: 3 0x8000a286 (0xd63f2f23) mem 0x80010000 0x00000001
core   0: 0x8000a28a (0x0000bfe5) c.j     pc - 8
core   0: 3 0x8000a28a (0xbfe5)
core   0: 0x8000a282 (0x00006f17) auipc   t5, 0x6
core   0: 3 0x8000a282 (0x00006f17) x30 0x80010282
core   0: 0x8000a286 (0xd63f2f23) sw      gp, -642(t5)
core   0: 3 0x8000a286 (0xd63f2f23) mem 0x80010000 0x00000001
core   0: 0x8000a28a (0x0000bfe5) c.j     pc - 8
core   0: 3 0x8000a28a (0xbfe5)
core   0: 0x8000a282 (0x00006f17) auipc   t5, 0x6
core   0: 3 0x8000a282 (0x00006f17) x30 0x80010282
core   0: 0x8000a286 (0xd63f2f23) sw      gp, -642(t5)
core   0: 3 0x8000a286 (0xd63f2f23) mem 0x80010000 0x00000001
core   0: 0x8000a28a (0x0000bfe5) c.j     pc - 8
core   0: 3 0x8000a28a (0xbfe5)
core   0: 0x8000a282 (0x00006f17) auipc   t5, 0x6
core   0: 3 0x8000a282 (0x00006f17) x30 0x80010282
core   0: 0x8000a286 (0xd63f2f23) sw      gp, -642(t5)
core   0: 3 0x8000a286 (0xd63f2f23) mem 0x80010000 0x00000001
core   0: 0x8000a28a (0x0000bfe5) c.j     pc - 8
core   0: 3 0x8000a28a (0xbfe5)
core   0: 0x8000a282 (0x00006f17) auipc   t5, 0x6
core   0: 3 0x8000a282 (0x00006f17) x30 0x80010282
core   0: 0x8000a286 (0xd63f2f23) sw      gp, -642(t5)
core   0: 3 0x8000a286 (0xd63f2f23) mem 0x80010000 0x00000001
core   0: 0x8000a28a (0x0000bfe5) c.j     pc - 8
core   0: 3 0x8000a28a (0xbfe5)
core   0: 0x8000a282 (0x00006f17) auipc   t5, 0x6
core   0: 3 0x8000a282 (0x00006f17) x30 0x80010282
core   0: 0x8000a286 (0xd63f2f23) sw      gp, -642(t5)
core   0: 3 0x8000a286 (0xd63f2f23) mem 0x80010000 0x00000001
core   0: 0x8000a28a (0x0000bfe5) c.j     pc - 8
core   0: 3 0x8000a28a (0xbfe5)
core   0: 0x8000a282 (0x00006f17) auipc   t5, 0x6
core   0: 3 0x8000a282 (0x00006f17) x30 0x80010282
core   0: 0x8000a286 (0xd63f2f23) sw      gp, -642(t5)
core   0: 3 0x8000a286 (0xd63f2f23) mem 0x80010000 0x00000001
core   0: 0x8000a28a (0x0000bfe5) c.j     pc - 8
core   0: 3 0x8000a28a (0xbfe5)
core   0: 0x8000a282 (0x00006f17) auipc   t5, 0x6
core   0: 3 0x8000a282 (0x00006f17) x30 0x80010282
core   0: 0x8000a286 (0xd63f2f23) sw      gp, -642(t5)
core   0: 3 0x8000a286 (0xd63f2f23) mem 0x80010000 0x00000001
core   0: 0x8000a28a (0x0000bfe5) c.j     pc - 8
core   0: 3 0x8000a28a (0xbfe5)
core   0: 0x8000a282 (0x00006f17) auipc   t5, 0x6
core   0: 3 0x8000a282 (0x00006f17) x30 0x80010282
core   0: 0x8000a286 (0xd63f2f23) sw      gp, -642(t5)
core   0: 3 0x8000a286 (0xd63f2f23) mem 0x80010000 0x00000001
core   0: 0x8000a28a (0x0000bfe5) c.j     pc - 8
core   0: 3 0x8000a28a (0xbfe5)
core   0: 0x8000a282 (0x00006f17) auipc   t5, 0x6
core   0: 3 0x8000a282 (0x00006f17) x30 0x80010282
core   0: 0x8000a286 (0xd63f2f23) sw      gp, -642(t5)
core   0: 3 0x8000a286 (0xd63f2f23) mem 0x80010000 0x00000001
core   0: 0x8000a28a (0x0000bfe5) c.j     pc - 8
core   0: 3 0x8000a28a (0xbfe5)
core   0: 0x8000a282 (0x00006f17) auipc   t5, 0x6
core   0: 3 0x8000a282 (0x00006f17) x30 0x80010282
core   0: 0x8000a286 (0xd63f2f23) sw      gp, -642(t5)
core   0: 3 0x8000a286 (0xd63f2f23) mem 0x80010000 0x00000001
core   0: 0x8000a28a (0x0000bfe5) c.j     pc - 8
core   0: 3 0x8000a28a (0xbfe5)
core   0: 0x8000a282 (0x00006f17) auipc   t5, 0x6
core   0: 3 0x8000a282 (0x00006f17) x30 0x80010282
core   0: 0x8000a286 (0xd63f2f23) sw      gp, -642(t5)
core   0: 3 0x8000a286 (0xd63f2f23) mem 0x80010000 0x00000001
core   0: 0x8000a28a (0x0000bfe5) c.j     pc - 8
core   0: 3 0x8000a28a (0xbfe5)
core   0: 0x8000a282 (0x00006f17) auipc   t5, 0x6
core   0: 3 0x8000a282 (0x00006f17) x30 0x80010282
core   0: 0x8000a286 (0xd63f2f23) sw      gp, -642(t5)
core   0: 3 0x8000a286 (0xd63f2f23) mem 0x80010000 0x00000001
core   0: 0x8000a28a (0x0000bfe5) c.j     pc - 8
core   0: 3 0x8000a28a (0xbfe5)
core   0: 0x8000a282 (0x00006f17) auipc   t5, 0x6
core   0: 3 0x8000a282 (0x00006f17) x30 0x80010282
core   0: 0x8000a286 (0xd63f2f23) sw      gp, -642(t5)
core   0: 3 0x8000a286 (0xd63f2f23) mem 0x80010000 0x00000001
core   0: 0x8000a28a (0x0000bfe5) c.j     pc - 8
core   0: 3 0x8000a28a (0xbfe5)
core   0: 0x8000a282 (0x00006f17) auipc   t5, 0x6
core   0: 3 0x8000a282 (0x00006f17) x30 0x80010282
core   0: 0x8000a286 (0xd63f2f23) sw      gp, -642(t5)
core   0: 3 0x8000a286 (0xd63f2f23) mem 0x80010000 0x00000001
core   0: 0x8000a28a (0x0000bfe5) c.j     pc - 8
core   0: 3 0x8000a28a (0xbfe5)
core   0: 0x8000a282 (0x00006f17) auipc   t5, 0x6
core   0: 3 0x8000a282 (0x00006f17) x30 0x80010282
core   0: 0x8000a286 (0xd63f2f23) sw      gp, -642(t5)
core   0: 3 0x8000a286 (0xd63f2f23) mem 0x80010000 0x00000001
core   0: 0x8000a28a (0x0000bfe5) c.j     pc - 8
core   0: 3 0x8000a28a (0xbfe5)
core   0: 0x8000a282 (0x00006f17) auipc   t5, 0x6
core   0: 3 0x8000a282 (0x00006f17) x30 0x80010282
core   0: 0x8000a286 (0xd63f2f23) sw      gp, -642(t5)
core   0: 3 0x8000a286 (0xd63f2f23) mem 0x80010000 0x00000001
core   0: 0x8000a28a (0x0000bfe5) c.j     pc - 8
core   0: 3 0x8000a28a (0xbfe5)
core   0: 0x8000a282 (0x00006f17) auipc   t5, 0x6
core   0: 3 0x8000a282 (0x00006f17) x30 0x80010282
core   0: 0x8000a286 (0xd63f2f23) sw      gp, -642(t5)
core   0: 3 0x8000a286 (0xd63f2f23) mem 0x80010000 0x00000001
core   0: 0x8000a28a (0x0000bfe5) c.j     pc - 8
core   0: 3 0x8000a28a (0xbfe5)
core   0: 0x8000a282 (0x00006f17) auipc   t5, 0x6
core   0: 3 0x8000a282 (0x00006f17) x30 0x80010282
core   0: 0x8000a286 (0xd63f2f23) sw      gp, -642(t5)
core   0: 3 0x8000a286 (0xd63f2f23) mem 0x80010000 0x00000001
core   0: 0x8000a28a (0x0000bfe5) c.j     pc - 8
core   0: 3 0x8000a28a (0xbfe5)
core   0: 0x8000a282 (0x00006f17) auipc   t5, 0x6
core   0: 3 0x8000a282 (0x00006f17) x30 0x80010282
core   0: 0x8000a286 (0xd63f2f23) sw      gp, -642(t5)
core   0: 3 0x8000a286 (0xd63f2f23) mem 0x80010000 0x00000001
core   0: 0x8000a28a (0x0000bfe5) c.j     pc - 8
core   0: 3 0x8000a28a (0xbfe5)
core   0: 0x8000a282 (0x00006f17) auipc   t5, 0x6
core   0: 3 0x8000a282 (0x00006f17) x30 0x80010282
core   0: 0x8000a286 (0xd63f2f23) sw      gp, -642(t5)
core   0: 3 0x8000a286 (0xd63f2f23) mem 0x80010000 0x00000001
core   0: 0x8000a28a (0x0000bfe5) c.j     pc - 8
core   0: 3 0x8000a28a (0xbfe5)
core   0: 0x8000a282 (0x00006f17) auipc   t5, 0x6
core   0: 3 0x8000a282 (0x00006f17) x30 0x80010282
core   0: 0x8000a286 (0xd63f2f23) sw      gp, -642(t5)
core   0: 3 0x8000a286 (0xd63f2f23) mem 0x80010000 0x00000001
core   0: 0x8000a28a (0x0000bfe5) c.j     pc - 8
core   0: 3 0x8000a28a (0xbfe5)
core   0: 0x8000a282 (0x00006f17) auipc   t5, 0x6
core   0: 3 0x8000a282 (0x00006f17) x30 0x80010282
core   0: 0x8000a286 (0xd63f2f23) sw      gp, -642(t5)
core   0: 3 0x8000a286 (0xd63f2f23) mem 0x80010000 0x00000001
core   0: 0x8000a28a (0x0000bfe5) c.j     pc - 8
core   0: 3 0x8000a28a (0xbfe5)
core   0: 0x8000a282 (0x00006f17) auipc   t5, 0x6
core   0: 3 0x8000a282 (0x00006f17) x30 0x80010282
core   0: 0x8000a286 (0xd63f2f23) sw      gp, -642(t5)
core   0: 3 0x8000a286 (0xd63f2f23) mem 0x80010000 0x00000001
core   0: 0x8000a28a (0x0000bfe5) c.j     pc - 8
core   0: 3 0x8000a28a (0xbfe5)
core   0: 0x8000a282 (0x00006f17) auipc   t5, 0x6
core   0: 3 0x8000a282 (0x00006f17) x30 0x80010282
core   0: 0x8000a286 (0xd63f2f23) sw      gp, -642(t5)
core   0: 3 0x8000a286 (0xd63f2f23) mem 0x80010000 0x00000001
core   0: 0x8000a28a (0x0000bfe5) c.j     pc - 8
core   0: 3 0x8000a28a (0xbfe5)
core   0: 0x8000a282 (0x00006f17) auipc   t5, 0x6
core   0: 3 0x8000a282 (0x00006f17) x30 0x80010282
core   0: 0x8000a286 (0xd63f2f23) sw      gp, -642(t5)
core   0: 3 0x8000a286 (0xd63f2f23) mem 0x80010000 0x00000001
core   0: 0x8000a28a (0x0000bfe5) c.j     pc - 8
core   0: 3 0x8000a28a (0xbfe5)
core   0: 0x8000a282 (0x00006f17) auipc   t5, 0x6
core   0: 3 0x8000a282 (0x00006f17) x30 0x80010282
core   0: 0x8000a286 (0xd63f2f23) sw      gp, -642(t5)
core   0: 3 0x8000a286 (0xd63f2f23) mem 0x80010000 0x00000001
core   0: 0x8000a28a (0x0000bfe5) c.j     pc - 8
core   0: 3 0x8000a28a (0xbfe5)
core   0: 0x8000a282 (0x00006f17) auipc   t5, 0x6
core   0: 3 0x8000a282 (0x00006f17) x30 0x80010282
core   0: 0x8000a286 (0xd63f2f23) sw      gp, -642(t5)
core   0: 3 0x8000a286 (0xd63f2f23) mem 0x80010000 0x00000001
core   0: 0x8000a28a (0x0000bfe5) c.j     pc - 8
core   0: 3 0x8000a28a (0xbfe5)
core   0: 0x8000a282 (0x00006f17) auipc   t5, 0x6
core   0: 3 0x8000a282 (0x00006f17) x30 0x80010282
core   0: 0x8000a286 (0xd63f2f23) sw      gp, -642(t5)
core   0: 3 0x8000a286 (0xd63f2f23) mem 0x80010000 0x00000001
core   0: 0x8000a28a (0x0000bfe5) c.j     pc - 8
core   0: 3 0x8000a28a (0xbfe5)
core   0: 0x8000a282 (0x00006f17) auipc   t5, 0x6
core   0: 3 0x8000a282 (0x00006f17) x30 0x80010282
core   0: 0x8000a286 (0xd63f2f23) sw      gp, -642(t5)
core   0: 3 0x8000a286 (0xd63f2f23) mem 0x80010000 0x00000001
core   0: 0x8000a28a (0x0000bfe5) c.j     pc - 8
core   0: 3 0x8000a28a (0xbfe5)
core   0: 0x8000a282 (0x00006f17) auipc   t5, 0x6
core   0: 3 0x8000a282 (0x00006f17) x30 0x80010282
core   0: 0x8000a286 (0xd63f2f23) sw      gp, -642(t5)
core   0: 3 0x8000a286 (0xd63f2f23) mem 0x80010000 0x00000001
core   0: 0x8000a28a (0x0000bfe5) c.j     pc - 8
core   0: 3 0x8000a28a (0xbfe5)
core   0: 0x8000a282 (0x00006f17) auipc   t5, 0x6
core   0: 3 0x8000a282 (0x00006f17) x30 0x80010282
core   0: 0x8000a286 (0xd63f2f23) sw      gp, -642(t5)
core   0: 3 0x8000a286 (0xd63f2f23) mem 0x80010000 0x00000001
core   0: 0x8000a28a (0x0000bfe5) c.j     pc - 8
core   0: 3 0x8000a28a (0xbfe5)
core   0: 0x8000a282 (0x00006f17) auipc   t5, 0x6
core   0: 3 0x8000a282 (0x00006f17) x30 0x80010282
core   0: 0x8000a286 (0xd63f2f23) sw      gp, -642(t5)
core   0: 3 0x8000a286 (0xd63f2f23) mem 0x80010000 0x00000001
core   0: 0x8000a28a (0x0000bfe5) c.j     pc - 8
core   0: 3 0x8000a28a (0xbfe5)
core   0: 0x8000a282 (0x00006f17) auipc   t5, 0x6
core   0: 3 0x8000a282 (0x00006f17) x30 0x80010282
core   0: 0x8000a286 (0xd63f2f23) sw      gp, -642(t5)
core   0: 3 0x8000a286 (0xd63f2f23) mem 0x80010000 0x00000001
core   0: 0x8000a28a (0x0000bfe5) c.j     pc - 8
core   0: 3 0x8000a28a (0xbfe5)
core   0: 0x8000a282 (0x00006f17) auipc   t5, 0x6
core   0: 3 0x8000a282 (0x00006f17) x30 0x80010282
core   0: 0x8000a286 (0xd63f2f23) sw      gp, -642(t5)
core   0: 3 0x8000a286 (0xd63f2f23) mem 0x80010000 0x00000001
core   0: 0x8000a28a (0x0000bfe5) c.j     pc - 8
core   0: 3 0x8000a28a (0xbfe5)
core   0: 0x8000a282 (0x00006f17) auipc   t5, 0x6
core   0: 3 0x8000a282 (0x00006f17) x30 0x80010282
core   0: 0x8000a286 (0xd63f2f23) sw      gp, -642(t5)
core   0: 3 0x8000a286 (0xd63f2f23) mem 0x80010000 0x00000001
core   0: 0x8000a28a (0x0000bfe5) c.j     pc - 8
core   0: 3 0x8000a28a (0xbfe5)
core   0: 0x8000a282 (0x00006f17) auipc   t5, 0x6
core   0: 3 0x8000a282 (0x00006f17) x30 0x80010282
core   0: 0x8000a286 (0xd63f2f23) sw      gp, -642(t5)
core   0: 3 0x8000a286 (0xd63f2f23) mem 0x80010000 0x00000001
core   0: 0x8000a28a (0x0000bfe5) c.j     pc - 8
core   0: 3 0x8000a28a (0xbfe5)
core   0: 0x8000a282 (0x00006f17) auipc   t5, 0x6
core   0: 3 0x8000a282 (0x00006f17) x30 0x80010282
core   0: 0x8000a286 (0xd63f2f23) sw      gp, -642(t5)
core   0: 3 0x8000a286 (0xd63f2f23) mem 0x80010000 0x00000001
core   0: 0x8000a28a (0x0000bfe5) c.j     pc - 8
core   0: 3 0x8000a28a (0xbfe5)
core   0: 0x8000a282 (0x00006f17) auipc   t5, 0x6
core   0: 3 0x8000a282 (0x00006f17) x30 0x80010282
core   0: 0x8000a286 (0xd63f2f23) sw      gp, -642(t5)
core   0: 3 0x8000a286 (0xd63f2f23) mem 0x80010000 0x00000001
core   0: 0x8000a28a (0x0000bfe5) c.j     pc - 8
core   0: 3 0x8000a28a (0xbfe5)
core   0: 0x8000a282 (0x00006f17) auipc   t5, 0x6
core   0: 3 0x8000a282 (0x00006f17) x30 0x80010282
core   0: 0x8000a286 (0xd63f2f23) sw      gp, -642(t5)
core   0: 3 0x8000a286 (0xd63f2f23) mem 0x80010000 0x00000001
core   0: 0x8000a28a (0x0000bfe5) c.j     pc - 8
core   0: 3 0x8000a28a (0xbfe5)
core   0: 0x8000a282 (0x00006f17) auipc   t5, 0x6
core   0: 3 0x8000a282 (0x00006f17) x30 0x80010282
core   0: 0x8000a286 (0xd63f2f23) sw      gp, -642(t5)
core   0: 3 0x8000a286 (0xd63f2f23) mem 0x80010000 0x00000001
core   0: 0x8000a28a (0x0000bfe5) c.j     pc - 8
core   0: 3 0x8000a28a (0xbfe5)
core   0: 0x8000a282 (0x00006f17) auipc   t5, 0x6
core   0: 3 0x8000a282 (0x00006f17) x30 0x80010282
core   0: 0x8000a286 (0xd63f2f23) sw      gp, -642(t5)
core   0: 3 0x8000a286 (0xd63f2f23) mem 0x80010000 0x00000001
core   0: 0x8000a28a (0x0000bfe5) c.j     pc - 8
core   0: 3 0x8000a28a (0xbfe5)
core   0: 0x8000a282 (0x00006f17) auipc   t5, 0x6
core   0: 3 0x8000a282 (0x00006f17) x30 0x80010282
core   0: 0x8000a286 (0xd63f2f23) sw      gp, -642(t5)
core   0: 3 0x8000a286 (0xd63f2f23) mem 0x80010000 0x00000001
core   0: 0x8000a28a (0x0000bfe5) c.j     pc - 8
core   0: 3 0x8000a28a (0xbfe5)
core   0: 0x8000a282 (0x00006f17) auipc   t5, 0x6
core   0: 3 0x8000a282 (0x00006f17) x30 0x80010282
core   0: 0x8000a286 (0xd63f2f23) sw      gp, -642(t5)
core   0: 3 0x8000a286 (0xd63f2f23) mem 0x80010000 0x00000001
core   0: 0x8000a28a (0x0000bfe5) c.j     pc - 8
core   0: 3 0x8000a28a (0xbfe5)
core   0: 0x8000a282 (0x00006f17) auipc   t5, 0x6
core   0: 3 0x8000a282 (0x00006f17) x30 0x80010282
core   0: 0x8000a286 (0xd63f2f23) sw      gp, -642(t5)
core   0: 3 0x8000a286 (0xd63f2f23) mem 0x80010000 0x00000001
core   0: 0x8000a28a (0x0000bfe5) c.j     pc - 8
core   0: 3 0x8000a28a (0xbfe5)
core   0: 0x8000a282 (0x00006f17) auipc   t5, 0x6
core   0: 3 0x8000a282 (0x00006f17) x30 0x80010282
core   0: 0x8000a286 (0xd63f2f23) sw      gp, -642(t5)
core   0: 3 0x8000a286 (0xd63f2f23) mem 0x80010000 0x00000001
core   0: 0x8000a28a (0x0000bfe5) c.j     pc - 8
core   0: 3 0x8000a28a (0xbfe5)
core   0: 0x8000a282 (0x00006f17) auipc   t5, 0x6
core   0: 3 0x8000a282 (0x00006f17) x30 0x80010282
core   0: 0x8000a286 (0xd63f2f23) sw      gp, -642(t5)
core   0: 3 0x8000a286 (0xd63f2f23) mem 0x80010000 0x00000001
core   0: 0x8000a28a (0x0000bfe5) c.j     pc - 8
core   0: 3 0x8000a28a (0xbfe5)
core   0: 0x8000a282 (0x00006f17) auipc   t5, 0x6
core   0: 3 0x8000a282 (0x00006f17) x30 0x80010282
core   0: 0x8000a286 (0xd63f2f23) sw      gp, -642(t5)
core   0: 3 0x8000a286 (0xd63f2f23) mem 0x80010000 0x00000001
core   0: 0x8000a28a (0x0000bfe5) c.j     pc - 8
core   0: 3 0x8000a28a (0xbfe5)
core   0: 0x8000a282 (0x00006f17) auipc   t5, 0x6
core   0: 3 0x8000a282 (0x00006f17) x30 0x80010282
core   0: 0x8000a286 (0xd63f2f23) sw      gp, -642(t5)
core   0: 3 0x8000a286 (0xd63f2f23) mem 0x80010000 0x00000001
core   0: 0x8000a28a (0x0000bfe5) c.j     pc - 8
core   0: 3 0x8000a28a (0xbfe5)
core   0: 0x8000a282 (0x00006f17) auipc   t5, 0x6
core   0: 3 0x8000a282 (0x00006f17) x30 0x80010282
core   0: 0x8000a286 (0xd63f2f23) sw      gp, -642(t5)
core   0: 3 0x8000a286 (0xd63f2f23) mem 0x80010000 0x00000001
core   0: 0x8000a28a (0x0000bfe5) c.j     pc - 8
core   0: 3 0x8000a28a (0xbfe5)
core   0: 0x8000a282 (0x00006f17) auipc   t5, 0x6
core   0: 3 0x8000a282 (0x00006f17) x30 0x80010282
core   0: 0x8000a286 (0xd63f2f23) sw      gp, -642(t5)
core   0: 3 0x8000a286 (0xd63f2f23) mem 0x80010000 0x00000001
core   0: 0x8000a28a (0x0000bfe5) c.j     pc - 8
core   0: 3 0x8000a28a (0xbfe5)
core   0: 0x8000a282 (0x00006f17) auipc   t5, 0x6
core   0: 3 0x8000a282 (0x00006f17) x30 0x80010282
core   0: 0x8000a286 (0xd63f2f23) sw      gp, -642(t5)
core   0: 3 0x8000a286 (0xd63f2f23) mem 0x80010000 0x00000001
core   0: 0x8000a28a (0x0000bfe5) c.j     pc - 8
core   0: 3 0x8000a28a (0xbfe5)
core   0: 0x8000a282 (0x00006f17) auipc   t5, 0x6
core   0: 3 0x8000a282 (0x00006f17) x30 0x80010282
core   0: 0x8000a286 (0xd63f2f23) sw      gp, -642(t5)
core   0: 3 0x8000a286 (0xd63f2f23) mem 0x80010000 0x00000001
core   0: 0x8000a28a (0x0000bfe5) c.j     pc - 8
core   0: 3 0x8000a28a (0xbfe5)
core   0: 0x8000a282 (0x00006f17) auipc   t5, 0x6
core   0: 3 0x8000a282 (0x00006f17) x30 0x80010282
core   0: 0x8000a286 (0xd63f2f23) sw      gp, -642(t5)
core   0: 3 0x8000a286 (0xd63f2f23) mem 0x80010000 0x00000001
core   0: 0x8000a28a (0x0000bfe5) c.j     pc - 8
core   0: 3 0x8000a28a (0xbfe5)
core   0: 0x8000a282 (0x00006f17) auipc   t5, 0x6
core   0: 3 0x8000a282 (0x00006f17) x30 0x80010282
core   0: 0x8000a286 (0xd63f2f23) sw      gp, -642(t5)
core   0: 3 0x8000a286 (0xd63f2f23) mem 0x80010000 0x00000001
core   0: 0x8000a28a (0x0000bfe5) c.j     pc - 8
core   0: 3 0x8000a28a (0xbfe5)
core   0: 0x8000a282 (0x00006f17) auipc   t5, 0x6
core   0: 3 0x8000a282 (0x00006f17) x30 0x80010282
core   0: 0x8000a286 (0xd63f2f23) sw      gp, -642(t5)
core   0: 3 0x8000a286 (0xd63f2f23) mem 0x80010000 0x00000001
core   0: 0x8000a28a (0x0000bfe5) c.j     pc - 8
core   0: 3 0x8000a28a (0xbfe5)
core   0: 0x8000a282 (0x00006f17) auipc   t5, 0x6
core   0: 3 0x8000a282 (0x00006f17) x30 0x80010282
core   0: 0x8000a286 (0xd63f2f23) sw      gp, -642(t5)
core   0: 3 0x8000a286 (0xd63f2f23) mem 0x80010000 0x00000001
core   0: 0x8000a28a (0x0000bfe5) c.j     pc - 8
core   0: 3 0x8000a28a (0xbfe5)
core   0: 0x8000a282 (0x00006f17) auipc   t5, 0x6
core   0: 3 0x8000a282 (0x00006f17) x30 0x80010282
core   0: 0x8000a286 (0xd63f2f23) sw      gp, -642(t5)
core   0: 3 0x8000a286 (0xd63f2f23) mem 0x80010000 0x00000001
core   0: 0x8000a28a (0x0000bfe5) c.j     pc - 8
core   0: 3 0x8000a28a (0xbfe5)
core   0: 0x8000a282 (0x00006f17) auipc   t5, 0x6
core   0: 3 0x8000a282 (0x00006f17) x30 0x80010282
core   0: 0x8000a286 (0xd63f2f23) sw      gp, -642(t5)
core   0: 3 0x8000a286 (0xd63f2f23) mem 0x80010000 0x00000001
core   0: 0x8000a28a (0x0000bfe5) c.j     pc - 8
core   0: 3 0x8000a28a (0xbfe5)
core   0: 0x8000a282 (0x00006f17) auipc   t5, 0x6
core   0: 3 0x8000a282 (0x00006f17) x30 0x80010282
core   0: 0x8000a286 (0xd63f2f23) sw      gp, -642(t5)
core   0: 3 0x8000a286 (0xd63f2f23) mem 0x80010000 0x00000001
core   0: 0x8000a28a (0x0000bfe5) c.j     pc - 8
core   0: 3 0x8000a28a (0xbfe5)
core   0: 0x8000a282 (0x00006f17) auipc   t5, 0x6
core   0: 3 0x8000a282 (0x00006f17) x30 0x80010282
core   0: 0x8000a286 (0xd63f2f23) sw      gp, -642(t5)
core   0: 3 0x8000a286 (0xd63f2f23) mem 0x80010000 0x00000001
core   0: 0x8000a28a (0x0000bfe5) c.j     pc - 8
core   0: 3 0x8000a28a (0xbfe5)
core   0: 0x8000a282 (0x00006f17) auipc   t5, 0x6
core   0: 3 0x8000a282 (0x00006f17) x30 0x80010282
core   0: 0x8000a286 (0xd63f2f23) sw      gp, -642(t5)
core   0: 3 0x8000a286 (0xd63f2f23) mem 0x80010000 0x00000001
core   0: 0x8000a28a (0x0000bfe5) c.j     pc - 8
core   0: 3 0x8000a28a (0xbfe5)
core   0: 0x8000a282 (0x00006f17) auipc   t5, 0x6
core   0: 3 0x8000a282 (0x00006f17) x30 0x80010282
core   0: 0x8000a286 (0xd63f2f23) sw      gp, -642(t5)
core   0: 3 0x8000a286 (0xd63f2f23) mem 0x80010000 0x00000001
core   0: 0x8000a28a (0x0000bfe5) c.j     pc - 8
core   0: 3 0x8000a28a (0xbfe5)
core   0: 0x8000a282 (0x00006f17) auipc   t5, 0x6
core   0: 3 0x8000a282 (0x00006f17) x30 0x80010282
core   0: 0x8000a286 (0xd63f2f23) sw      gp, -642(t5)
core   0: 3 0x8000a286 (0xd63f2f23) mem 0x80010000 0x00000001
core   0: 0x8000a28a (0x0000bfe5) c.j     pc - 8
core   0: 3 0x8000a28a (0xbfe5)
core   0: 0x8000a282 (0x00006f17) auipc   t5, 0x6
core   0: 3 0x8000a282 (0x00006f17) x30 0x80010282
core   0: 0x8000a286 (0xd63f2f23) sw      gp, -642(t5)
core   0: 3 0x8000a286 (0xd63f2f23) mem 0x80010000 0x00000001
core   0: 0x8000a28a (0x0000bfe5) c.j     pc - 8
core   0: 3 0x8000a28a (0xbfe5)
core   0: 0x8000a282 (0x00006f17) auipc   t5, 0x6
core   0: 3 0x8000a282 (0x00006f17) x30 0x80010282
core   0: 0x8000a286 (0xd63f2f23) sw      gp, -642(t5)
core   0: 3 0x8000a286 (0xd63f2f23) mem 0x80010000 0x00000001
core   0: 0x8000a28a (0x0000bfe5) c.j     pc - 8
core   0: 3 0x8000a28a (0xbfe5)
core   0: 0x8000a282 (0x00006f17) auipc   t5, 0x6
core   0: 3 0x8000a282 (0x00006f17) x30 0x80010282
core   0: 0x8000a286 (0xd63f2f23) sw      gp, -642(t5)
core   0: 3 0x8000a286 (0xd63f2f23) mem 0x80010000 0x00000001
core   0: 0x8000a28a (0x0000bfe5) c.j     pc - 8
core   0: 3 0x8000a28a (0xbfe5)
core   0: 0x8000a282 (0x00006f17) auipc   t5, 0x6
core   0: 3 0x8000a282 (0x00006f17) x30 0x80010282
core   0: 0x8000a286 (0xd63f2f23) sw      gp, -642(t5)
core   0: 3 0x8000a286 (0xd63f2f23) mem 0x80010000 0x00000001
core   0: 0x8000a28a (0x0000bfe5) c.j     pc - 8
core   0: 3 0x8000a28a (0xbfe5)
core   0: 0x8000a282 (0x00006f17) auipc   t5, 0x6
core   0: 3 0x8000a282 (0x00006f17) x30 0x80010282
core   0: 0x8000a286 (0xd63f2f23) sw      gp, -642(t5)
core   0: 3 0x8000a286 (0xd63f2f23) mem 0x80010000 0x00000001
core   0: 0x8000a28a (0x0000bfe5) c.j     pc - 8
core   0: 3 0x8000a28a (0xbfe5)
core   0: 0x8000a282 (0x00006f17) auipc   t5, 0x6
core   0: 3 0x8000a282 (0x00006f17) x30 0x80010282
core   0: 0x8000a286 (0xd63f2f23) sw      gp, -642(t5)
core   0: 3 0x8000a286 (0xd63f2f23) mem 0x80010000 0x00000001
core   0: 0x8000a28a (0x0000bfe5) c.j     pc - 8
core   0: 3 0x8000a28a (0xbfe5)
core   0: 0x8000a282 (0x00006f17) auipc   t5, 0x6
core   0: 3 0x8000a282 (0x00006f17) x30 0x80010282
core   0: 0x8000a286 (0xd63f2f23) sw      gp, -642(t5)
core   0: 3 0x8000a286 (0xd63f2f23) mem 0x80010000 0x00000001
core   0: 0x8000a28a (0x0000bfe5) c.j     pc - 8
core   0: 3 0x8000a28a (0xbfe5)
core   0: 0x8000a282 (0x00006f17) auipc   t5, 0x6
core   0: 3 0x8000a282 (0x00006f17) x30 0x80010282
core   0: 0x8000a286 (0xd63f2f23) sw      gp, -642(t5)
core   0: 3 0x8000a286 (0xd63f2f23) mem 0x80010000 0x00000001
core   0: 0x8000a28a (0x0000bfe5) c.j     pc - 8
core   0: 3 0x8000a28a (0xbfe5)
core   0: 0x8000a282 (0x00006f17) auipc   t5, 0x6
core   0: 3 0x8000a282 (0x00006f17) x30 0x80010282
core   0: 0x8000a286 (0xd63f2f23) sw      gp, -642(t5)
core   0: 3 0x8000a286 (0xd63f2f23) mem 0x80010000 0x00000001
core   0: 0x8000a28a (0x0000bfe5) c.j     pc - 8
core   0: 3 0x8000a28a (0xbfe5)
core   0: 0x8000a282 (0x00006f17) auipc   t5, 0x6
core   0: 3 0x8000a282 (0x00006f17) x30 0x80010282
core   0: 0x8000a286 (0xd63f2f23) sw      gp, -642(t5)
core   0: 3 0x8000a286 (0xd63f2f23) mem 0x80010000 0x00000001
core   0: 0x8000a28a (0x0000bfe5) c.j     pc - 8
core   0: 3 0x8000a28a (0xbfe5)
core   0: 0x8000a282 (0x00006f17) auipc   t5, 0x6
core   0: 3 0x8000a282 (0x00006f17) x30 0x80010282
core   0: 0x8000a286 (0xd63f2f23) sw      gp, -642(t5)
core   0: 3 0x8000a286 (0xd63f2f23) mem 0x80010000 0x00000001
core   0: 0x8000a28a (0x0000bfe5) c.j     pc - 8
core   0: 3 0x8000a28a (0xbfe5)
core   0: 0x8000a282 (0x00006f17) auipc   t5, 0x6
core   0: 3 0x8000a282 (0x00006f17) x30 0x80010282
core   0: 0x8000a286 (0xd63f2f23) sw      gp, -642(t5)
core   0: 3 0x8000a286 (0xd63f2f23) mem 0x80010000 0x00000001
core   0: 0x8000a28a (0x0000bfe5) c.j     pc - 8
core   0: 3 0x8000a28a (0xbfe5)
core   0: 0x8000a282 (0x00006f17) auipc   t5, 0x6
core   0: 3 0x8000a282 (0x00006f17) x30 0x80010282
core   0: 0x8000a286 (0xd63f2f23) sw      gp, -642(t5)
core   0: 3 0x8000a286 (0xd63f2f23) mem 0x80010000 0x00000001
core   0: 0x8000a28a (0x0000bfe5) c.j     pc - 8
core   0: 3 0x8000a28a (0xbfe5)
core   0: 0x8000a282 (0x00006f17) auipc   t5, 0x6
core   0: 3 0x8000a282 (0x00006f17) x30 0x80010282
core   0: 0x8000a286 (0xd63f2f23) sw      gp, -642(t5)
core   0: 3 0x8000a286 (0xd63f2f23) mem 0x80010000 0x00000001
core   0: 0x8000a28a (0x0000bfe5) c.j     pc - 8
core   0: 3 0x8000a28a (0xbfe5)
core   0: 0x8000a282 (0x00006f17) auipc   t5, 0x6
core   0: 3 0x8000a282 (0x00006f17) x30 0x80010282
core   0: 0x8000a286 (0xd63f2f23) sw      gp, -642(t5)
core   0: 3 0x8000a286 (0xd63f2f23) mem 0x80010000 0x00000001
core   0: 0x8000a28a (0x0000bfe5) c.j     pc - 8
core   0: 3 0x8000a28a (0xbfe5)
core   0: 0x8000a282 (0x00006f17) auipc   t5, 0x6
core   0: 3 0x8000a282 (0x00006f17) x30 0x80010282
core   0: 0x8000a286 (0xd63f2f23) sw      gp, -642(t5)
core   0: 3 0x8000a286 (0xd63f2f23) mem 0x80010000 0x00000001
core   0: 0x8000a28a (0x0000bfe5) c.j     pc - 8
core   0: 3 0x8000a28a (0xbfe5)
core   0: 0x8000a282 (0x00006f17) auipc   t5, 0x6
core   0: 3 0x8000a282 (0x00006f17) x30 0x80010282
core   0: 0x8000a286 (0xd63f2f23) sw      gp, -642(t5)
core   0: 3 0x8000a286 (0xd63f2f23) mem 0x80010000 0x00000001
core   0: 0x8000a28a (0x0000bfe5) c.j     pc - 8
core   0: 3 0x8000a28a (0xbfe5)
core   0: 0x8000a282 (0x00006f17) auipc   t5, 0x6
core   0: 3 0x8000a282 (0x00006f17) x30 0x80010282
core   0: 0x8000a286 (0xd63f2f23) sw      gp, -642(t5)
core   0: 3 0x8000a286 (0xd63f2f23) mem 0x80010000 0x00000001
core   0: 0x8000a28a (0x0000bfe5) c.j     pc - 8
core   0: 3 0x8000a28a (0xbfe5)
core   0: 0x8000a282 (0x00006f17) auipc   t5, 0x6
core   0: 3 0x8000a282 (0x00006f17) x30 0x80010282
core   0: 0x8000a286 (0xd63f2f23) sw      gp, -642(t5)
core   0: 3 0x8000a286 (0xd63f2f23) mem 0x80010000 0x00000001
core   0: 0x8000a28a (0x0000bfe5) c.j     pc - 8
core   0: 3 0x8000a28a (0xbfe5)
core   0: 0x8000a282 (0x00006f17) auipc   t5, 0x6
core   0: 3 0x8000a282 (0x00006f17) x30 0x80010282
core   0: 0x8000a286 (0xd63f2f23) sw      gp, -642(t5)
core   0: 3 0x8000a286 (0xd63f2f23) mem 0x80010000 0x00000001
core   0: 0x8000a28a (0x0000bfe5) c.j     pc - 8
core   0: 3 0x8000a28a (0xbfe5)
core   0: 0x8000a282 (0x00006f17) auipc   t5, 0x6
core   0: 3 0x8000a282 (0x00006f17) x30 0x80010282
core   0: 0x8000a286 (0xd63f2f23) sw      gp, -642(t5)
core   0: 3 0x8000a286 (0xd63f2f23) mem 0x80010000 0x00000001
core   0: 0x8000a28a (0x0000bfe5) c.j     pc - 8
core   0: 3 0x8000a28a (0xbfe5)
core   0: 0x8000a282 (0x00006f17) auipc   t5, 0x6
core   0: 3 0x8000a282 (0x00006f17) x30 0x80010282
core   0: 0x8000a286 (0xd63f2f23) sw      gp, -642(t5)
core   0: 3 0x8000a286 (0xd63f2f23) mem 0x80010000 0x00000001
core   0: 0x8000a28a (0x0000bfe5) c.j     pc - 8
core   0: 3 0x8000a28a (0xbfe5)
core   0: 0x8000a282 (0x00006f17) auipc   t5, 0x6
core   0: 3 0x8000a282 (0x00006f17) x30 0x80010282
core   0: 0x8000a286 (0xd63f2f23) sw      gp, -642(t5)
core   0: 3 0x8000a286 (0xd63f2f23) mem 0x80010000 0x00000001
core   0: 0x8000a28a (0x0000bfe5) c.j     pc - 8
core   0: 3 0x8000a28a (0xbfe5)
core   0: 0x8000a282 (0x00006f17) auipc   t5, 0x6
core   0: 3 0x8000a282 (0x00006f17) x30 0x80010282
core   0: 0x8000a286 (0xd63f2f23) sw      gp, -642(t5)
core   0: 3 0x8000a286 (0xd63f2f23) mem 0x80010000 0x00000001
core   0: 0x8000a28a (0x0000bfe5) c.j     pc - 8
core   0: 3 0x8000a28a (0xbfe5)
core   0: 0x8000a282 (0x00006f17) auipc   t5, 0x6
core   0: 3 0x8000a282 (0x00006f17) x30 0x80010282
core   0: 0x8000a286 (0xd63f2f23) sw      gp, -642(t5)
core   0: 3 0x8000a286 (0xd63f2f23) mem 0x80010000 0x00000001
core   0: 0x8000a28a (0x0000bfe5) c.j     pc - 8
core   0: 3 0x8000a28a (0xbfe5)
core   0: 0x8000a282 (0x00006f17) auipc   t5, 0x6
core   0: 3 0x8000a282 (0x00006f17) x30 0x80010282
core   0: 0x8000a286 (0xd63f2f23) sw      gp, -642(t5)
core   0: 3 0x8000a286 (0xd63f2f23) mem 0x80010000 0x00000001
core   0: 0x8000a28a (0x0000bfe5) c.j     pc - 8
core   0: 3 0x8000a28a (0xbfe5)
core   0: 0x8000a282 (0x00006f17) auipc   t5, 0x6
core   0: 3 0x8000a282 (0x00006f17) x30 0x80010282
core   0: 0x8000a286 (0xd63f2f23) sw      gp, -642(t5)
core   0: 3 0x8000a286 (0xd63f2f23) mem 0x80010000 0x00000001
core   0: 0x8000a28a (0x0000bfe5) c.j     pc - 8
core   0: 3 0x8000a28a (0xbfe5)
core   0: 0x8000a282 (0x00006f17) auipc   t5, 0x6
core   0: 3 0x8000a282 (0x00006f17) x30 0x80010282
core   0: 0x8000a286 (0xd63f2f23) sw      gp, -642(t5)
core   0: 3 0x8000a286 (0xd63f2f23) mem 0x80010000 0x00000001
core   0: 0x8000a28a (0x0000bfe5) c.j     pc - 8
core   0: 3 0x8000a28a (0xbfe5)
core   0: 0x8000a282 (0x00006f17) auipc   t5, 0x6
core   0: 3 0x8000a282 (0x00006f17) x30 0x80010282
core   0: 0x8000a286 (0xd63f2f23) sw      gp, -642(t5)
core   0: 3 0x8000a286 (0xd63f2f23) mem 0x80010000 0x00000001
core   0: 0x8000a28a (0x0000bfe5) c.j     pc - 8
core   0: 3 0x8000a28a (0xbfe5)
core   0: 0x8000a282 (0x00006f17) auipc   t5, 0x6
core   0: 3 0x8000a282 (0x00006f17) x30 0x80010282
core   0: 0x8000a286 (0xd63f2f23) sw      gp, -642(t5)
core   0: 3 0x8000a286 (0xd63f2f23) mem 0x80010000 0x00000001
core   0: 0x8000a28a (0x0000bfe5) c.j     pc - 8
core   0: 3 0x8000a28a (0xbfe5)
core   0: 0x8000a282 (0x00006f17) auipc   t5, 0x6
core   0: 3 0x8000a282 (0x00006f17) x30 0x80010282
core   0: 0x8000a286 (0xd63f2f23) sw      gp, -642(t5)
core   0: 3 0x8000a286 (0xd63f2f23) mem 0x80010000 0x00000001
core   0: 0x8000a28a (0x0000bfe5) c.j     pc - 8
core   0: 3 0x8000a28a (0xbfe5)
core   0: 0x8000a282 (0x00006f17) auipc   t5, 0x6
core   0: 3 0x8000a282 (0x00006f17) x30 0x80010282
core   0: 0x8000a286 (0xd63f2f23) sw      gp, -642(t5)
core   0: 3 0x8000a286 (0xd63f2f23) mem 0x80010000 0x00000001
core   0: 0x8000a28a (0x0000bfe5) c.j     pc - 8
core   0: 3 0x8000a28a (0xbfe5)
core   0: 0x8000a282 (0x00006f17) auipc   t5, 0x6
core   0: 3 0x8000a282 (0x00006f17) x30 0x80010282
core   0: 0x8000a286 (0xd63f2f23) sw      gp, -642(t5)
core   0: 3 0x8000a286 (0xd63f2f23) mem 0x80010000 0x00000001
core   0: 0x8000a28a (0x0000bfe5) c.j     pc - 8
core   0: 3 0x8000a28a (0xbfe5)
core   0: 0x8000a282 (0x00006f17) auipc   t5, 0x6
core   0: 3 0x8000a282 (0x00006f17) x30 0x80010282
core   0: 0x8000a286 (0xd63f2f23) sw      gp, -642(t5)
core   0: 3 0x8000a286 (0xd63f2f23) mem 0x80010000 0x00000001
core   0: 0x8000a28a (0x0000bfe5) c.j     pc - 8
core   0: 3 0x8000a28a (0xbfe5)
core   0: 0x8000a282 (0x00006f17) auipc   t5, 0x6
core   0: 3 0x8000a282 (0x00006f17) x30 0x80010282
core   0: 0x8000a286 (0xd63f2f23) sw      gp, -642(t5)
core   0: 3 0x8000a286 (0xd63f2f23) mem 0x80010000 0x00000001
core   0: 0x8000a28a (0x0000bfe5) c.j     pc - 8
core   0: 3 0x8000a28a (0xbfe5)
core   0: 0x8000a282 (0x00006f17) auipc   t5, 0x6
core   0: 3 0x8000a282 (0x00006f17) x30 0x80010282
core   0: 0x8000a286 (0xd63f2f23) sw      gp, -642(t5)
core   0: 3 0x8000a286 (0xd63f2f23) mem 0x80010000 0x00000001
core   0: 0x8000a28a (0x0000bfe5) c.j     pc - 8
core   0: 3 0x8000a28a (0xbfe5)
core   0: 0x8000a282 (0x00006f17) auipc   t5, 0x6
core   0: 3 0x8000a282 (0x00006f17) x30 0x80010282
core   0: 0x8000a286 (0xd63f2f23) sw      gp, -642(t5)
core   0: 3 0x8000a286 (0xd63f2f23) mem 0x80010000 0x00000001
core   0: 0x8000a28a (0x0000bfe5) c.j     pc - 8
core   0: 3 0x8000a28a (0xbfe5)
core   0: 0x8000a282 (0x00006f17) auipc   t5, 0x6
core   0: 3 0x8000a282 (0x00006f17) x30 0x80010282
core   0: 0x8000a286 (0xd63f2f23) sw      gp, -642(t5)
core   0: 3 0x8000a286 (0xd63f2f23) mem 0x80010000 0x00000001
core   0: 0x8000a28a (0x0000bfe5) c.j     pc - 8
core   0: 3 0x8000a28a (0xbfe5)
core   0: 0x8000a282 (0x00006f17) auipc   t5, 0x6
core   0: 3 0x8000a282 (0x00006f17) x30 0x80010282
core   0: 0x8000a286 (0xd63f2f23) sw      gp, -642(t5)
core   0: 3 0x8000a286 (0xd63f2f23) mem 0x80010000 0x00000001
core   0: 0x8000a28a (0x0000bfe5) c.j     pc - 8
core   0: 3 0x8000a28a (0xbfe5)
core   0: 0x8000a282 (0x00006f17) auipc   t5, 0x6
core   0: 3 0x8000a282 (0x00006f17) x30 0x80010282
core   0: 0x8000a286 (0xd63f2f23) sw      gp, -642(t5)
core   0: 3 0x8000a286 (0xd63f2f23) mem 0x80010000 0x00000001
core   0: 0x8000a28a (0x0000bfe5) c.j     pc - 8
core   0: 3 0x8000a28a (0xbfe5)
core   0: 0x8000a282 (0x00006f17) auipc   t5, 0x6
core   0: 3 0x8000a282 (0x00006f17) x30 0x80010282
core   0: 0x8000a286 (0xd63f2f23) sw      gp, -642(t5)
core   0: 3 0x8000a286 (0xd63f2f23) mem 0x80010000 0x00000001
core   0: 0x8000a28a (0x0000bfe5) c.j     pc - 8
core   0: 3 0x8000a28a (0xbfe5)
core   0: 0x8000a282 (0x00006f17) auipc   t5, 0x6
core   0: 3 0x8000a282 (0x00006f17) x30 0x80010282
core   0: 0x8000a286 (0xd63f2f23) sw      gp, -642(t5)
core   0: 3 0x8000a286 (0xd63f2f23) mem 0x80010000 0x00000001
core   0: 0x8000a28a (0x0000bfe5) c.j     pc - 8
core   0: 3 0x8000a28a (0xbfe5)
core   0: 0x8000a282 (0x00006f17) auipc   t5, 0x6
core   0: 3 0x8000a282 (0x00006f17) x30 0x80010282
core   0: 0x8000a286 (0xd63f2f23) sw      gp, -642(t5)
core   0: 3 0x8000a286 (0xd63f2f23) mem 0x80010000 0x00000001
core   0: 0x8000a28a (0x0000bfe5) c.j     pc - 8
core   0: 3 0x8000a28a (0xbfe5)
core   0: 0x8000a282 (0x00006f17) auipc   t5, 0x6
core   0: 3 0x8000a282 (0x00006f17) x30 0x80010282
core   0: 0x8000a286 (0xd63f2f23) sw      gp, -642(t5)
core   0: 3 0x8000a286 (0xd63f2f23) mem 0x80010000 0x00000001
core   0: 0x8000a28a (0x0000bfe5) c.j     pc - 8
core   0: 3 0x8000a28a (0xbfe5)
core   0: 0x8000a282 (0x00006f17) auipc   t5, 0x6
core   0: 3 0x8000a282 (0x00006f17) x30 0x80010282
core   0: 0x8000a286 (0xd63f2f23) sw      gp, -642(t5)
core   0: 3 0x8000a286 (0xd63f2f23) mem 0x80010000 0x00000001
core   0: 0x8000a28a (0x0000bfe5) c.j     pc - 8
core   0: 3 0x8000a28a (0xbfe5)
core   0: 0x8000a282 (0x00006f17) auipc   t5, 0x6
core   0: 3 0x8000a282 (0x00006f17) x30 0x80010282
core   0: 0x8000a286 (0xd63f2f23) sw      gp, -642(t5)
core   0: 3 0x8000a286 (0xd63f2f23) mem 0x80010000 0x00000001
core   0: 0x8000a28a (0x0000bfe5) c.j     pc - 8
core   0: 3 0x8000a28a (0xbfe5)
core   0: 0x8000a282 (0x00006f17) auipc   t5, 0x6
core   0: 3 0x8000a282 (0x00006f17) x30 0x80010282
core   0: 0x8000a286 (0xd63f2f23) sw      gp, -642(t5)
core   0: 3 0x8000a286 (0xd63f2f23) mem 0x80010000 0x00000001
core   0: 0x8000a28a (0x0000bfe5) c.j     pc - 8
core   0: 3 0x8000a28a (0xbfe5)
core   0: 0x8000a282 (0x00006f17) auipc   t5, 0x6
core   0: 3 0x8000a282 (0x00006f17) x30 0x80010282
core   0: 0x8000a286 (0xd63f2f23) sw      gp, -642(t5)
core   0: 3 0x8000a286 (0xd63f2f23) mem 0x80010000 0x00000001
core   0: 0x8000a28a (0x0000bfe5) c.j     pc - 8
core   0: 3 0x8000a28a (0xbfe5)
core   0: 0x8000a282 (0x00006f17) auipc   t5, 0x6
core   0: 3 0x8000a282 (0x00006f17) x30 0x80010282
core   0: 0x8000a286 (0xd63f2f23) sw      gp, -642(t5)
core   0: 3 0x8000a286 (0xd63f2f23) mem 0x80010000 0x00000001
core   0: 0x8000a28a (0x0000bfe5) c.j     pc - 8
core   0: 3 0x8000a28a (0xbfe5)
core   0: 0x8000a282 (0x00006f17) auipc   t5, 0x6
core   0: 3 0x8000a282 (0x00006f17) x30 0x80010282
core   0: 0x8000a286 (0xd63f2f23) sw      gp, -642(t5)
core   0: 3 0x8000a286 (0xd63f2f23) mem 0x80010000 0x00000001
core   0: 0x8000a28a (0x0000bfe5) c.j     pc - 8
core   0: 3 0x8000a28a (0xbfe5)
core   0: 0x8000a282 (0x00006f17) auipc   t5, 0x6
core   0: 3 0x8000a282 (0x00006f17) x30 0x80010282
core   0: 0x8000a286 (0xd63f2f23) sw      gp, -642(t5)
core   0: 3 0x8000a286 (0xd63f2f23) mem 0x80010000 0x00000001
core   0: 0x8000a28a (0x0000bfe5) c.j     pc - 8
core   0: 3 0x8000a28a (0xbfe5)
core   0: 0x8000a282 (0x00006f17) auipc   t5, 0x6
core   0: 3 0x8000a282 (0x00006f17) x30 0x80010282
core   0: 0x8000a286 (0xd63f2f23) sw      gp, -642(t5)
core   0: 3 0x8000a286 (0xd63f2f23) mem 0x80010000 0x00000001
core   0: 0x8000a28a (0x0000bfe5) c.j     pc - 8
core   0: 3 0x8000a28a (0xbfe5)
core   0: 0x8000a282 (0x00006f17) auipc   t5, 0x6
core   0: 3 0x8000a282 (0x00006f17) x30 0x80010282
core   0: 0x8000a286 (0xd63f2f23) sw      gp, -642(t5)
core   0: 3 0x8000a286 (0xd63f2f23) mem 0x80010000 0x00000001
core   0: 0x8000a28a (0x0000bfe5) c.j     pc - 8
core   0: 3 0x8000a28a (0xbfe5)
core   0: 0x8000a282 (0x00006f17) auipc   t5, 0x6
core   0: 3 0x8000a282 (0x00006f17) x30 0x80010282
core   0: 0x8000a286 (0xd63f2f23) sw      gp, -642(t5)
core   0: 3 0x8000a286 (0xd63f2f23) mem 0x80010000 0x00000001
core   0: 0x8000a28a (0x0000bfe5) c.j     pc - 8
core   0: 3 0x8000a28a (0xbfe5)
core   0: 0x8000a282 (0x00006f17) auipc   t5, 0x6
core   0: 3 0x8000a282 (0x00006f17) x30 0x80010282
core   0: 0x8000a286 (0xd63f2f23) sw      gp, -642(t5)
core   0: 3 0x8000a286 (0xd63f2f23) mem 0x80010000 0x00000001
core   0: 0x8000a28a (0x0000bfe5) c.j     pc - 8
core   0: 3 0x8000a28a (0xbfe5)
core   0: 0x8000a282 (0x00006f17) auipc   t5, 0x6
core   0: 3 0x8000a282 (0x00006f17) x30 0x80010282
core   0: 0x8000a286 (0xd63f2f23) sw      gp, -642(t5)
core   0: 3 0x8000a286 (0xd63f2f23) mem 0x80010000 0x00000001
core   0: 0x8000a28a (0x0000bfe5) c.j     pc - 8
core   0: 3 0x8000a28a (0xbfe5)
core   0: 0x8000a282 (0x00006f17) auipc   t5, 0x6
core   0: 3 0x8000a282 (0x00006f17) x30 0x80010282
core   0: 0x8000a286 (0xd63f2f23) sw      gp, -642(t5)
core   0: 3 0x8000a286 (0xd63f2f23) mem 0x80010000 0x00000001
core   0: 0x8000a28a (0x0000bfe5) c.j     pc - 8
core   0: 3 0x8000a28a (0xbfe5)
core   0: 0x8000a282 (0x00006f17) auipc   t5, 0x6
core   0: 3 0x8000a282 (0x00006f17) x30 0x80010282
core   0: 0x8000a286 (0xd63f2f23) sw      gp, -642(t5)
core   0: 3 0x8000a286 (0xd63f2f23) mem 0x80010000 0x00000001
core   0: 0x8000a28a (0x0000bfe5) c.j     pc - 8
core   0: 3 0x8000a28a (0xbfe5)
core   0: 0x8000a282 (0x00006f17) auipc   t5, 0x6
core   0: 3 0x8000a282 (0x00006f17) x30 0x80010282
core   0: 0x8000a286 (0xd63f2f23) sw      gp, -642(t5)
core   0: 3 0x8000a286 (0xd63f2f23) mem 0x80010000 0x00000001
core   0: 0x8000a28a (0x0000bfe5) c.j     pc - 8
core   0: 3 0x8000a28a (0xbfe5)
core   0: 0x8000a282 (0x00006f17) auipc   t5, 0x6
core   0: 3 0x8000a282 (0x00006f17) x30 0x80010282
core   0: 0x8000a286 (0xd63f2f23) sw      gp, -642(t5)
core   0: 3 0x8000a286 (0xd63f2f23) mem 0x80010000 0x00000001
core   0: 0x8000a28a (0x0000bfe5) c.j     pc - 8
core   0: 3 0x8000a28a (0xbfe5)
core   0: 0x8000a282 (0x00006f17) auipc   t5, 0x6
core   0: 3 0x8000a282 (0x00006f17) x30 0x80010282
core   0: 0x8000a286 (0xd63f2f23) sw      gp, -642(t5)
core   0: 3 0x8000a286 (0xd63f2f23) mem 0x80010000 0x00000001
core   0: 0x8000a28a (0x0000bfe5) c.j     pc - 8
core   0: 3 0x8000a28a (0xbfe5)
core   0: 0x8000a282 (0x00006f17) auipc   t5, 0x6
core   0: 3 0x8000a282 (0x00006f17) x30 0x80010282
core   0: 0x8000a286 (0xd63f2f23) sw      gp, -642(t5)
core   0: 3 0x8000a286 (0xd63f2f23) mem 0x80010000 0x00000001
core   0: 0x8000a28a (0x0000bfe5) c.j     pc - 8
core   0: 3 0x8000a28a (0xbfe5)
core   0: 0x8000a282 (0x00006f17) auipc   t5, 0x6
core   0: 3 0x8000a282 (0x00006f17) x30 0x80010282
core   0: 0x8000a286 (0xd63f2f23) sw      gp, -642(t5)
core   0: 3 0x8000a286 (0xd63f2f23) mem 0x80010000 0x00000001
core   0: 0x8000a28a (0x0000bfe5) c.j     pc - 8
core   0: 3 0x8000a28a (0xbfe5)
core   0: 0x8000a282 (0x00006f17) auipc   t5, 0x6
core   0: 3 0x8000a282 (0x00006f17) x30 0x80010282
core   0: 0x8000a286 (0xd63f2f23) sw      gp, -642(t5)
core   0: 3 0x8000a286 (0xd63f2f23) mem 0x80010000 0x00000001
core   0: 0x8000a28a (0x0000bfe5) c.j     pc - 8
core   0: 3 0x8000a28a (0xbfe5)
core   0: 0x8000a282 (0x00006f17) auipc   t5, 0x6
core   0: 3 0x8000a282 (0x00006f17) x30 0x80010282
core   0: 0x8000a286 (0xd63f2f23) sw      gp, -642(t5)
core   0: 3 0x8000a286 (0xd63f2f23) mem 0x80010000 0x00000001
core   0: 0x8000a28a (0x0000bfe5) c.j     pc - 8
core   0: 3 0x8000a28a (0xbfe5)
core   0: 0x8000a282 (0x00006f17) auipc   t5, 0x6
core   0: 3 0x8000a282 (0x00006f17) x30 0x80010282
core   0: 0x8000a286 (0xd63f2f23) sw      gp, -642(t5)
core   0: 3 0x8000a286 (0xd63f2f23) mem 0x80010000 0x00000001
core   0: 0x8000a28a (0x0000bfe5) c.j     pc - 8
core   0: 3 0x8000a28a (0xbfe5)
core   0: 0x8000a282 (0x00006f17) auipc   t5, 0x6
core   0: 3 0x8000a282 (0x00006f17) x30 0x80010282
core   0: 0x8000a286 (0xd63f2f23) sw      gp, -642(t5)
core   0: 3 0x8000a286 (0xd63f2f23) mem 0x80010000 0x00000001
core   0: 0x8000a28a (0x0000bfe5) c.j     pc - 8
core   0: 3 0x8000a28a (0xbfe5)
core   0: 0x8000a282 (0x00006f17) auipc   t5, 0x6
core   0: 3 0x8000a282 (0x00006f17) x30 0x80010282
core   0: 0x8000a286 (0xd63f2f23) sw      gp, -642(t5)
core   0: 3 0x8000a286 (0xd63f2f23) mem 0x80010000 0x00000001
core   0: 0x8000a28a (0x0000bfe5) c.j     pc - 8
core   0: 3 0x8000a28a (0xbfe5)
core   0: 0x8000a282 (0x00006f17) auipc   t5, 0x6
core   0: 3 0x8000a282 (0x00006f17) x30 0x80010282
core   0: 0x8000a286 (0xd63f2f23) sw      gp, -642(t5)
core   0: 3 0x8000a286 (0xd63f2f23) mem 0x80010000 0x00000001
core   0: 0x8000a28a (0x0000bfe5) c.j     pc - 8
core   0: 3 0x8000a28a (0xbfe5)
core   0: 0x8000a282 (0x00006f17) auipc   t5, 0x6
core   0: 3 0x8000a282 (0x00006f17) x30 0x80010282
core   0: 0x8000a286 (0xd63f2f23) sw      gp, -642(t5)
core   0: 3 0x8000a286 (0xd63f2f23) mem 0x80010000 0x00000001
core   0: 0x8000a28a (0x0000bfe5) c.j     pc - 8
core   0: 3 0x8000a28a (0xbfe5)
core   0: 0x8000a282 (0x00006f17) auipc   t5, 0x6
core   0: 3 0x8000a282 (0x00006f17) x30 0x80010282
core   0: 0x8000a286 (0xd63f2f23) sw      gp, -642(t5)
core   0: 3 0x8000a286 (0xd63f2f23) mem 0x80010000 0x00000001
core   0: 0x8000a28a (0x0000bfe5) c.j     pc - 8
core   0: 3 0x8000a28a (0xbfe5)
core   0: 0x8000a282 (0x00006f17) auipc   t5, 0x6
core   0: 3 0x8000a282 (0x00006f17) x30 0x80010282
core   0: 0x8000a286 (0xd63f2f23) sw      gp, -642(t5)
core   0: 3 0x8000a286 (0xd63f2f23) mem 0x80010000 0x00000001
core   0: 0x8000a28a (0x0000bfe5) c.j     pc - 8
core   0: 3 0x8000a28a (0xbfe5)
core   0: 0x8000a282 (0x00006f17) auipc   t5, 0x6
core   0: 3 0x8000a282 (0x00006f17) x30 0x80010282
core   0: 0x8000a286 (0xd63f2f23) sw      gp, -642(t5)
core   0: 3 0x8000a286 (0xd63f2f23) mem 0x80010000 0x00000001
core   0: 0x8000a28a (0x0000bfe5) c.j     pc - 8
core   0: 3 0x8000a28a (0xbfe5)
core   0: 0x8000a282 (0x00006f17) auipc   t5, 0x6
core   0: 3 0x8000a282 (0x00006f17) x30 0x80010282
core   0: 0x8000a286 (0xd63f2f23) sw      gp, -642(t5)
core   0: 3 0x8000a286 (0xd63f2f23) mem 0x80010000 0x00000001
core   0: 0x8000a28a (0x0000bfe5) c.j     pc - 8
core   0: 3 0x8000a28a (0xbfe5)
core   0: 0x8000a282 (0x00006f17) auipc   t5, 0x6
core   0: 3 0x8000a282 (0x00006f17) x30 0x80010282
core   0: 0x8000a286 (0xd63f2f23) sw      gp, -642(t5)
core   0: 3 0x8000a286 (0xd63f2f23) mem 0x80010000 0x00000001
core   0: 0x8000a28a (0x0000bfe5) c.j     pc - 8
core   0: 3 0x8000a28a (0xbfe5)
core   0: 0x8000a282 (0x00006f17) auipc   t5, 0x6
core   0: 3 0x8000a282 (0x00006f17) x30 0x80010282
core   0: 0x8000a286 (0xd63f2f23) sw      gp, -642(t5)
core   0: 3 0x8000a286 (0xd63f2f23) mem 0x80010000 0x00000001
core   0: 0x8000a28a (0x0000bfe5) c.j     pc - 8
core   0: 3 0x8000a28a (0xbfe5)
core   0: 0x8000a282 (0x00006f17) auipc   t5, 0x6
core   0: 3 0x8000a282 (0x00006f17) x30 0x80010282
core   0: 0x8000a286 (0xd63f2f23) sw      gp, -642(t5)
core   0: 3 0x8000a286 (0xd63f2f23) mem 0x80010000 0x00000001
core   0: 0x8000a28a (0x0000bfe5) c.j     pc - 8
core   0: 3 0x8000a28a (0xbfe5)
core   0: 0x8000a282 (0x00006f17) auipc   t5, 0x6
core   0: 3 0x8000a282 (0x00006f17) x30 0x80010282
core   0: 0x8000a286 (0xd63f2f23) sw      gp, -642(t5)
core   0: 3 0x8000a286 (0xd63f2f23) mem 0x80010000 0x00000001
core   0: 0x8000a28a (0x0000bfe5) c.j     pc - 8
core   0: 3 0x8000a28a (0xbfe5)
core   0: 0x8000a282 (0x00006f17) auipc   t5, 0x6
core   0: 3 0x8000a282 (0x00006f17) x30 0x80010282
core   0: 0x8000a286 (0xd63f2f23) sw      gp, -642(t5)
core   0: 3 0x8000a286 (0xd63f2f23) mem 0x80010000 0x00000001
core   0: 0x8000a28a (0x0000bfe5) c.j     pc - 8
core   0: 3 0x8000a28a (0xbfe5)
core   0: 0x8000a282 (0x00006f17) auipc   t5, 0x6
core   0: 3 0x8000a282 (0x00006f17) x30 0x80010282
core   0: 0x8000a286 (0xd63f2f23) sw      gp, -642(t5)
core   0: 3 0x8000a286 (0xd63f2f23) mem 0x80010000 0x00000001
core   0: 0x8000a28a (0x0000bfe5) c.j     pc - 8
core   0: 3 0x8000a28a (0xbfe5)
core   0: 0x8000a282 (0x00006f17) auipc   t5, 0x6
core   0: 3 0x8000a282 (0x00006f17) x30 0x80010282
core   0: 0x8000a286 (0xd63f2f23) sw      gp, -642(t5)
core   0: 3 0x8000a286 (0xd63f2f23) mem 0x80010000 0x00000001
core   0: 0x8000a28a (0x0000bfe5) c.j     pc - 8
core   0: 3 0x8000a28a (0xbfe5)
core   0: 0x8000a282 (0x00006f17) auipc   t5, 0x6
core   0: 3 0x8000a282 (0x00006f17) x30 0x80010282
core   0: 0x8000a286 (0xd63f2f23) sw      gp, -642(t5)
core   0: 3 0x8000a286 (0xd63f2f23) mem 0x80010000 0x00000001
core   0: 0x8000a28a (0x0000bfe5) c.j     pc - 8
core   0: 3 0x8000a28a (0xbfe5)
core   0: 0x8000a282 (0x00006f17) auipc   t5, 0x6
core   0: 3 0x8000a282 (0x00006f17) x30 0x80010282
core   0: 0x8000a286 (0xd63f2f23) sw      gp, -642(t5)
core   0: 3 0x8000a286 (0xd63f2f23) mem 0x80010000 0x00000001
core   0: 0x8000a28a (0x0000bfe5) c.j     pc - 8
core   0: 3 0x8000a28a (0xbfe5)
core   0: 0x8000a282 (0x00006f17) auipc   t5, 0x6
core   0: 3 0x8000a282 (0x00006f17) x30 0x80010282
core   0: 0x8000a286 (0xd63f2f23) sw      gp, -642(t5)
core   0: 3 0x8000a286 (0xd63f2f23) mem 0x80010000 0x00000001
core   0: 0x8000a28a (0x0000bfe5) c.j     pc - 8
core   0: 3 0x8000a28a (0xbfe5)
core   0: 0x8000a282 (0x00006f17) auipc   t5, 0x6
core   0: 3 0x8000a282 (0x00006f17) x30 0x80010282
core   0: 0x8000a286 (0xd63f2f23) sw      gp, -642(t5)
core   0: 3 0x8000a286 (0xd63f2f23) mem 0x80010000 0x00000001
core   0: 0x8000a28a (0x0000bfe5) c.j     pc - 8
core   0: 3 0x8000a28a (0xbfe5)
core   0: 0x8000a282 (0x00006f17) auipc   t5, 0x6
core   0: 3 0x8000a282 (0x00006f17) x30 0x80010282
core   0: 0x8000a286 (0xd63f2f23) sw      gp, -642(t5)
core   0: 3 0x8000a286 (0xd63f2f23) mem 0x80010000 0x00000001
core   0: 0x8000a28a (0x0000bfe5) c.j     pc - 8
core   0: 3 0x8000a28a (0xbfe5)
core   0: 0x8000a282 (0x00006f17) auipc   t5, 0x6
core   0: 3 0x8000a282 (0x00006f17) x30 0x80010282
core   0: 0x8000a286 (0xd63f2f23) sw      gp, -642(t5)
core   0: 3 0x8000a286 (0xd63f2f23) mem 0x80010000 0x00000001
core   0: 0x8000a28a (0x0000bfe5) c.j     pc - 8
core   0: 3 0x8000a28a (0xbfe5)
core   0: 0x8000a282 (0x00006f17) auipc   t5, 0x6
core   0: 3 0x8000a282 (0x00006f17) x30 0x80010282
core   0: 0x8000a286 (0xd63f2f23) sw      gp, -642(t5)
core   0: 3 0x8000a286 (0xd63f2f23) mem 0x80010000 0x00000001
core   0: 0x8000a28a (0x0000bfe5) c.j     pc - 8
core   0: 3 0x8000a28a (0xbfe5)
core   0: 0x8000a282 (0x00006f17) auipc   t5, 0x6
core   0: 3 0x8000a282 (0x00006f17) x30 0x80010282
core   0: 0x8000a286 (0xd63f2f23) sw      gp, -642(t5)
core   0: 3 0x8000a286 (0xd63f2f23) mem 0x80010000 0x00000001
core   0: 0x8000a28a (0x0000bfe5) c.j     pc - 8
core   0: 3 0x8000a28a (0xbfe5)
core   0: 0x8000a282 (0x00006f17) auipc   t5, 0x6
core   0: 3 0x8000a282 (0x00006f17) x30 0x80010282
core   0: 0x8000a286 (0xd63f2f23) sw      gp, -642(t5)
core   0: 3 0x8000a286 (0xd63f2f23) mem 0x80010000 0x00000001
core   0: 0x8000a28a (0x0000bfe5) c.j     pc - 8
core   0: 3 0x8000a28a (0xbfe5)
core   0: 0x8000a282 (0x00006f17) auipc   t5, 0x6
core   0: 3 0x8000a282 (0x00006f17) x30 0x80010282
core   0: 0x8000a286 (0xd63f2f23) sw      gp, -642(t5)
core   0: 3 0x8000a286 (0xd63f2f23) mem 0x80010000 0x00000001
core   0: 0x8000a28a (0x0000bfe5) c.j     pc - 8
core   0: 3 0x8000a28a (0xbfe5)
core   0: 0x8000a282 (0x00006f17) auipc   t5, 0x6
core   0: 3 0x8000a282 (0x00006f17) x30 0x80010282
core   0: 0x8000a286 (0xd63f2f23) sw      gp, -642(t5)
core   0: 3 0x8000a286 (0xd63f2f23) mem 0x80010000 0x00000001
core   0: 0x8000a28a (0x0000bfe5) c.j     pc - 8
core   0: 3 0x8000a28a (0xbfe5)
core   0: 0x8000a282 (0x00006f17) auipc   t5, 0x6
core   0: 3 0x8000a282 (0x00006f17) x30 0x80010282
core   0: 0x8000a286 (0xd63f2f23) sw      gp, -642(t5)
core   0: 3 0x8000a286 (0xd63f2f23) mem 0x80010000 0x00000001
core   0: 0x8000a28a (0x0000bfe5) c.j     pc - 8
core   0: 3 0x8000a28a (0xbfe5)
core   0: 0x8000a282 (0x00006f17) auipc   t5, 0x6
core   0: 3 0x8000a282 (0x00006f17) x30 0x80010282
core   0: 0x8000a286 (0xd63f2f23) sw      gp, -642(t5)
core   0: 3 0x8000a286 (0xd63f2f23) mem 0x80010000 0x00000001
core   0: 0x8000a28a (0x0000bfe5) c.j     pc - 8
core   0: 3 0x8000a28a (0xbfe5)
core   0: 0x8000a282 (0x00006f17) auipc   t5, 0x6
core   0: 3 0x8000a282 (0x00006f17) x30 0x80010282
core   0: 0x8000a286 (0xd63f2f23) sw      gp, -642(t5)
core   0: 3 0x8000a286 (0xd63f2f23) mem 0x80010000 0x00000001
core   0: 0x8000a28a (0x0000bfe5) c.j     pc - 8
core   0: 3 0x8000a28a (0xbfe5)
core   0: 0x8000a282 (0x00006f17) auipc   t5, 0x6
core   0: 3 0x8000a282 (0x00006f17) x30 0x80010282
core   0: 0x8000a286 (0xd63f2f23) sw      gp, -642(t5)
core   0: 3 0x8000a286 (0xd63f2f23) mem 0x80010000 0x00000001
core   0: 0x8000a28a (0x0000bfe5) c.j     pc - 8
core   0: 3 0x8000a28a (0xbfe5)
core   0: 0x8000a282 (0x00006f17) auipc   t5, 0x6
core   0: 3 0x8000a282 (0x00006f17) x30 0x80010282
core   0: 0x8000a286 (0xd63f2f23) sw      gp, -642(t5)
core   0: 3 0x8000a286 (0xd63f2f23) mem 0x80010000 0x00000001
core   0: 0x8000a28a (0x0000bfe5) c.j     pc - 8
core   0: 3 0x8000a28a (0xbfe5)
core   0: 0x8000a282 (0x00006f17) auipc   t5, 0x6
core   0: 3 0x8000a282 (0x00006f17) x30 0x80010282
core   0: 0x8000a286 (0xd63f2f23) sw      gp, -642(t5)
core   0: 3 0x8000a286 (0xd63f2f23) mem 0x80010000 0x00000001
core   0: 0x8000a28a (0x0000bfe5) c.j     pc - 8
core   0: 3 0x8000a28a (0xbfe5)
core   0: 0x8000a282 (0x00006f17) auipc   t5, 0x6
core   0: 3 0x8000a282 (0x00006f17) x30 0x80010282
core   0: 0x8000a286 (0xd63f2f23) sw      gp, -642(t5)
core   0: 3 0x8000a286 (0xd63f2f23) mem 0x80010000 0x00000001
core   0: 0x8000a28a (0x0000bfe5) c.j     pc - 8
core   0: 3 0x8000a28a (0xbfe5)
core   0: 0x8000a282 (0x00006f17) auipc   t5, 0x6
core   0: 3 0x8000a282 (0x00006f17) x30 0x80010282
core   0: 0x8000a286 (0xd63f2f23) sw      gp, -642(t5)
core   0: 3 0x8000a286 (0xd63f2f23) mem 0x80010000 0x00000001
core   0: 0x8000a28a (0x0000bfe5) c.j     pc - 8
core   0: 3 0x8000a28a (0xbfe5)
core   0: 0x8000a282 (0x00006f17) auipc   t5, 0x6
core   0: 3 0x8000a282 (0x00006f17) x30 0x80010282
core   0: 0x8000a286 (0xd63f2f23) sw      gp, -642(t5)
core   0: 3 0x8000a286 (0xd63f2f23) mem 0x80010000 0x00000001
core   0: 0x8000a28a (0x0000bfe5) c.j     pc - 8
core   0: 3 0x8000a28a (0xbfe5)
core   0: 0x8000a282 (0x00006f17) auipc   t5, 0x6
core   0: 3 0x8000a282 (0x00006f17) x30 0x80010282
core   0: 0x8000a286 (0xd63f2f23) sw      gp, -642(t5)
core   0: 3 0x8000a286 (0xd63f2f23) mem 0x80010000 0x00000001
core   0: 0x8000a28a (0x0000bfe5) c.j     pc - 8
core   0: 3 0x8000a28a (0xbfe5)
core   0: 0x8000a282 (0x00006f17) auipc   t5, 0x6
core   0: 3 0x8000a282 (0x00006f17) x30 0x80010282
core   0: 0x8000a286 (0xd63f2f23) sw      gp, -642(t5)
core   0: 3 0x8000a286 (0xd63f2f23) mem 0x80010000 0x00000001
core   0: 0x8000a28a (0x0000bfe5) c.j     pc - 8
core   0: 3 0x8000a28a (0xbfe5)
core   0: 0x8000a282 (0x00006f17) auipc   t5, 0x6
core   0: 3 0x8000a282 (0x00006f17) x30 0x80010282
core   0: 0x8000a286 (0xd63f2f23) sw      gp, -642(t5)
core   0: 3 0x8000a286 (0xd63f2f23) mem 0x80010000 0x00000001
core   0: 0x8000a28a (0x0000bfe5) c.j     pc - 8
core   0: 3 0x8000a28a (0xbfe5)
core   0: 0x8000a282 (0x00006f17) auipc   t5, 0x6
core   0: 3 0x8000a282 (0x00006f17) x30 0x80010282
core   0: 0x8000a286 (0xd63f2f23) sw      gp, -642(t5)
core   0: 3 0x8000a286 (0xd63f2f23) mem 0x80010000 0x00000001
core   0: 0x8000a28a (0x0000bfe5) c.j     pc - 8
core   0: 3 0x8000a28a (0xbfe5)
core   0: 0x8000a282 (0x00006f17) auipc   t5, 0x6
core   0: 3 0x8000a282 (0x00006f17) x30 0x80010282
core   0: 0x8000a286 (0xd63f2f23) sw      gp, -642(t5)
core   0: 3 0x8000a286 (0xd63f2f23) mem 0x80010000 0x00000001
core   0: 0x8000a28a (0x0000bfe5) c.j     pc - 8
core   0: 3 0x8000a28a (0xbfe5)
core   0: 0x8000a282 (0x00006f17) auipc   t5, 0x6
core   0: 3 0x8000a282 (0x00006f17) x30 0x80010282
core   0: 0x8000a286 (0xd63f2f23) sw      gp, -642(t5)
core   0: 3 0x8000a286 (0xd63f2f23) mem 0x80010000 0x00000001
core   0: 0x8000a28a (0x0000bfe5) c.j     pc - 8
core   0: 3 0x8000a28a (0xbfe5)
core   0: 0x8000a282 (0x00006f17) auipc   t5, 0x6
core   0: 3 0x8000a282 (0x00006f17) x30 0x80010282
core   0: 0x8000a286 (0xd63f2f23) sw      gp, -642(t5)
core   0: 3 0x8000a286 (0xd63f2f23) mem 0x80010000 0x00000001
core   0: 0x8000a28a (0x0000bfe5) c.j     pc - 8
core   0: 3 0x8000a28a (0xbfe5)
core   0: 0x8000a282 (0x00006f17) auipc   t5, 0x6
core   0: 3 0x8000a282 (0x00006f17) x30 0x80010282
core   0: 0x8000a286 (0xd63f2f23) sw      gp, -642(t5)
core   0: 3 0x8000a286 (0xd63f2f23) mem 0x80010000 0x00000001
core   0: 0x8000a28a (0x0000bfe5) c.j     pc - 8
core   0: 3 0x8000a28a (0xbfe5)
core   0: 0x8000a282 (0x00006f17) auipc   t5, 0x6
core   0: 3 0x8000a282 (0x00006f17) x30 0x80010282
core   0: 0x8000a286 (0xd63f2f23) sw      gp, -642(t5)
core   0: 3 0x8000a286 (0xd63f2f23) mem 0x80010000 0x00000001
core   0: 0x8000a28a (0x0000bfe5) c.j     pc - 8
core   0: 3 0x8000a28a (0xbfe5)
core   0: 0x8000a282 (0x00006f17) auipc   t5, 0x6
core   0: 3 0x8000a282 (0x00006f17) x30 0x80010282
core   0: 0x8000a286 (0xd63f2f23) sw      gp, -642(t5)
core   0: 3 0x8000a286 (0xd63f2f23) mem 0x80010000 0x00000001
core   0: 0x8000a28a (0x0000bfe5) c.j     pc - 8
core   0: 3 0x8000a28a (0xbfe5)
core   0: 0x8000a282 (0x00006f17) auipc   t5, 0x6
core   0: 3 0x8000a282 (0x00006f17) x30 0x80010282
core   0: 0x8000a286 (0xd63f2f23) sw      gp, -642(t5)
core   0: 3 0x8000a286 (0xd63f2f23) mem 0x80010000 0x00000001
core   0: 0x8000a28a (0x0000bfe5) c.j     pc - 8
core   0: 3 0x8000a28a (0xbfe5)
core   0: 0x8000a282 (0x00006f17) auipc   t5, 0x6
core   0: 3 0x8000a282 (0x00006f17) x30 0x80010282
core   0: 0x8000a286 (0xd63f2f23) sw      gp, -642(t5)
core   0: 3 0x8000a286 (0xd63f2f23) mem 0x80010000 0x00000001
core   0: 0x8000a28a (0x0000bfe5) c.j     pc - 8
core   0: 3 0x8000a28a (0xbfe5)
core   0: 0x8000a282 (0x00006f17) auipc   t5, 0x6
core   0: 3 0x8000a282 (0x00006f17) x30 0x80010282
core   0: 0x8000a286 (0xd63f2f23) sw      gp, -642(t5)
core   0: 3 0x8000a286 (0xd63f2f23) mem 0x80010000 0x00000001
core   0: 0x8000a28a (0x0000bfe5) c.j     pc - 8
core   0: 3 0x8000a28a (0xbfe5)
core   0: 0x8000a282 (0x00006f17) auipc   t5, 0x6
core   0: 3 0x8000a282 (0x00006f17) x30 0x80010282
core   0: 0x8000a286 (0xd63f2f23) sw      gp, -642(t5)
core   0: 3 0x8000a286 (0xd63f2f23) mem 0x80010000 0x00000001
core   0: 0x8000a28a (0x0000bfe5) c.j     pc - 8
core   0: 3 0x8000a28a (0xbfe5)
core   0: 0x8000a282 (0x00006f17) auipc   t5, 0x6
core   0: 3 0x8000a282 (0x00006f17) x30 0x80010282
core   0: 0x8000a286 (0xd63f2f23) sw      gp, -642(t5)
core   0: 3 0x8000a286 (0xd63f2f23) mem 0x80010000 0x00000001
core   0: 0x8000a28a (0x0000bfe5) c.j     pc - 8
core   0: 3 0x8000a28a (0xbfe5)
core   0: 0x8000a282 (0x00006f17) auipc   t5, 0x6
core   0: 3 0x8000a282 (0x00006f17) x30 0x80010282
core   0: 0x8000a286 (0xd63f2f23) sw      gp, -642(t5)
core   0: 3 0x8000a286 (0xd63f2f23) mem 0x80010000 0x00000001
core   0: 0x8000a28a (0x0000bfe5) c.j     pc - 8
core   0: 3 0x8000a28a (0xbfe5)
core   0: 0x8000a282 (0x00006f17) auipc   t5, 0x6
core   0: 3 0x8000a282 (0x00006f17) x30 0x80010282
core   0: 0x8000a286 (0xd63f2f23) sw      gp, -642(t5)
core   0: 3 0x8000a286 (0xd63f2f23) mem 0x80010000 0x00000001
core   0: 0x8000a28a (0x0000bfe5) c.j     pc - 8
core   0: 3 0x8000a28a (0xbfe5)
core   0: 0x8000a282 (0x00006f17) auipc   t5, 0x6
core   0: 3 0x8000a282 (0x00006f17) x30 0x80010282
core   0: 0x8000a286 (0xd63f2f23) sw      gp, -642(t5)
core   0: 3 0x8000a286 (0xd63f2f23) mem 0x80010000 0x00000001
core   0: 0x8000a28a (0x0000bfe5) c.j     pc - 8
core   0: 3 0x8000a28a (0xbfe5)
core   0: 0x8000a282 (0x00006f17) auipc   t5, 0x6
core   0: 3 0x8000a282 (0x00006f17) x30 0x80010282
core   0: 0x8000a286 (0xd63f2f23) sw      gp, -642(t5)
core   0: 3 0x8000a286 (0xd63f2f23) mem 0x80010000 0x00000001
core   0: 0x8000a28a (0x0000bfe5) c.j     pc - 8
core   0: 3 0x8000a28a (0xbfe5)
core   0: 0x8000a282 (0x00006f17) auipc   t5, 0x6
core   0: 3 0x8000a282 (0x00006f17) x30 0x80010282
core   0: 0x8000a286 (0xd63f2f23) sw      gp, -642(t5)
core   0: 3 0x8000a286 (0xd63f2f23) mem 0x80010000 0x00000001
core   0: 0x8000a28a (0x0000bfe5) c.j     pc - 8
core   0: 3 0x8000a28a (0xbfe5)
core   0: 0x8000a282 (0x00006f17) auipc   t5, 0x6
core   0: 3 0x8000a282 (0x00006f17) x30 0x80010282
core   0: 0x8000a286 (0xd63f2f23) sw      gp, -642(t5)
core   0: 3 0x8000a286 (0xd63f2f23) mem 0x80010000 0x00000001
core   0: 0x8000a28a (0x0000bfe5) c.j     pc - 8
core   0: 3 0x8000a28a (0xbfe5)
core   0: 0x8000a282 (0x00006f17) auipc   t5, 0x6
core   0: 3 0x8000a282 (0x00006f17) x30 0x80010282
core   0: 0x8000a286 (0xd63f2f23) sw      gp, -642(t5)
core   0: 3 0x8000a286 (0xd63f2f23) mem 0x80010000 0x00000001
core   0: 0x8000a28a (0x0000bfe5) c.j     pc - 8
core   0: 3 0x8000a28a (0xbfe5)
core   0: 0x8000a282 (0x00006f17) auipc   t5, 0x6
core   0: 3 0x8000a282 (0x00006f17) x30 0x80010282
core   0: 0x8000a286 (0xd63f2f23) sw      gp, -642(t5)
core   0: 3 0x8000a286 (0xd63f2f23) mem 0x80010000 0x00000001
core   0: 0x8000a28a (0x0000bfe5) c.j     pc - 8
core   0: 3 0x8000a28a (0xbfe5)
core   0: 0x8000a282 (0x00006f17) auipc   t5, 0x6
core   0: 3 0x8000a282 (0x00006f17) x30 0x80010282
core   0: 0x8000a286 (0xd63f2f23) sw      gp, -642(t5)
core   0: 3 0x8000a286 (0xd63f2f23) mem 0x80010000 0x00000001
core   0: 0x8000a28a (0x0000bfe5) c.j     pc - 8
core   0: 3 0x8000a28a (0xbfe5)
core   0: 0x8000a282 (0x00006f17) auipc   t5, 0x6
core   0: 3 0x8000a282 (0x00006f17) x30 0x80010282
core   0: 0x8000a286 (0xd63f2f23) sw      gp, -642(t5)
core   0: 3 0x8000a286 (0xd63f2f23) mem 0x80010000 0x00000001
core   0: 0x8000a28a (0x0000bfe5) c.j     pc - 8
core   0: 3 0x8000a28a (0xbfe5)
core   0: 0x8000a282 (0x00006f17) auipc   t5, 0x6
core   0: 3 0x8000a282 (0x00006f17) x30 0x80010282
core   0: 0x8000a286 (0xd63f2f23) sw      gp, -642(t5)
core   0: 3 0x8000a286 (0xd63f2f23) mem 0x80010000 0x00000001
core   0: 0x8000a28a (0x0000bfe5) c.j     pc - 8
core   0: 3 0x8000a28a (0xbfe5)
core   0: 0x8000a282 (0x00006f17) auipc   t5, 0x6
core   0: 3 0x8000a282 (0x00006f17) x30 0x80010282
core   0: 0x8000a286 (0xd63f2f23) sw      gp, -642(t5)
core   0: 3 0x8000a286 (0xd63f2f23) mem 0x80010000 0x00000001
core   0: 0x8000a28a (0x0000bfe5) c.j     pc - 8
core   0: 3 0x8000a28a (0xbfe5)
core   0: 0x8000a282 (0x00006f17) auipc   t5, 0x6
core   0: 3 0x8000a282 (0x00006f17) x30 0x80010282
core   0: 0x8000a286 (0xd63f2f23) sw      gp, -642(t5)
core   0: 3 0x8000a286 (0xd63f2f23) mem 0x80010000 0x00000001
core   0: 0x8000a28a (0x0000bfe5) c.j     pc - 8
core   0: 3 0x8000a28a (0xbfe5)
core   0: 0x8000a282 (0x00006f17) auipc   t5, 0x6
core   0: 3 0x8000a282 (0x00006f17) x30 0x80010282
core   0: 0x8000a286 (0xd63f2f23) sw      gp, -642(t5)
core   0: 3 0x8000a286 (0xd63f2f23) mem 0x80010000 0x00000001
core   0: 0x8000a28a (0x0000bfe5) c.j     pc - 8
core   0: 3 0x8000a28a (0xbfe5)
core   0: 0x8000a282 (0x00006f17) auipc   t5, 0x6
core   0: 3 0x8000a282 (0x00006f17) x30 0x80010282
core   0: 0x8000a286 (0xd63f2f23) sw      gp, -642(t5)
core   0: 3 0x8000a286 (0xd63f2f23) mem 0x80010000 0x00000001
core   0: 0x8000a28a (0x0000bfe5) c.j     pc - 8
core   0: 3 0x8000a28a (0xbfe5)
core   0: 0x8000a282 (0x00006f17) auipc   t5, 0x6
core   0: 3 0x8000a282 (0x00006f17) x30 0x80010282
core   0: 0x8000a286 (0xd63f2f23) sw      gp, -642(t5)
core   0: 3 0x8000a286 (0xd63f2f23) mem 0x80010000 0x00000001
core   0: 0x8000a28a (0x0000bfe5) c.j     pc - 8
core   0: 3 0x8000a28a (0xbfe5)
core   0: 0x8000a282 (0x00006f17) auipc   t5, 0x6
core   0: 3 0x8000a282 (0x00006f17) x30 0x80010282
core   0: 0x8000a286 (0xd63f2f23) sw      gp, -642(t5)
core   0: 3 0x8000a286 (0xd63f2f23) mem 0x80010000 0x00000001
core   0: 0x8000a28a (0x0000bfe5) c.j     pc - 8
core   0: 3 0x8000a28a (0xbfe5)
core   0: 0x8000a282 (0x00006f17) auipc   t5, 0x6
core   0: 3 0x8000a282 (0x00006f17) x30 0x80010282
core   0: 0x8000a286 (0xd63f2f23) sw      gp, -642(t5)
core   0: 3 0x8000a286 (0xd63f2f23) mem 0x80010000 0x00000001
core   0: 0x8000a28a (0x0000bfe5) c.j     pc - 8
core   0: 3 0x8000a28a (0xbfe5)
core   0: 0x8000a282 (0x00006f17) auipc   t5, 0x6
core   0: 3 0x8000a282 (0x00006f17) x30 0x80010282
core   0: 0x8000a286 (0xd63f2f23) sw      gp, -642(t5)
core   0: 3 0x8000a286 (0xd63f2f23) mem 0x80010000 0x00000001
core   0: 0x8000a28a (0x0000bfe5) c.j     pc - 8
core   0: 3 0x8000a28a (0xbfe5)
core   0: 0x8000a282 (0x00006f17) auipc   t5, 0x6
core   0: 3 0x8000a282 (0x00006f17) x30 0x80010282
core   0: 0x8000a286 (0xd63f2f23) sw      gp, -642(t5)
core   0: 3 0x8000a286 (0xd63f2f23) mem 0x80010000 0x00000001
core   0: 0x8000a28a (0x0000bfe5) c.j     pc - 8
core   0: 3 0x8000a28a (0xbfe5)
core   0: 0x8000a282 (0x00006f17) auipc   t5, 0x6
core   0: 3 0x8000a282 (0x00006f17) x30 0x80010282
core   0: 0x8000a286 (0xd63f2f23) sw      gp, -642(t5)
core   0: 3 0x8000a286 (0xd63f2f23) mem 0x80010000 0x00000001
core   0: 0x8000a28a (0x0000bfe5) c.j     pc - 8
core   0: 3 0x8000a28a (0xbfe5)
core   0: 0x8000a282 (0x00006f17) auipc   t5, 0x6
core   0: 3 0x8000a282 (0x00006f17) x30 0x80010282
core   0: 0x8000a286 (0xd63f2f23) sw      gp, -642(t5)
core   0: 3 0x8000a286 (0xd63f2f23) mem 0x80010000 0x00000001
core   0: 0x8000a28a (0x0000bfe5) c.j     pc - 8
core   0: 3 0x8000a28a (0xbfe5)
core   0: 0x8000a282 (0x00006f17) auipc   t5, 0x6
core   0: 3 0x8000a282 (0x00006f17) x30 0x80010282
core   0: 0x8000a286 (0xd63f2f23) sw      gp, -642(t5)
core   0: 3 0x8000a286 (0xd63f2f23) mem 0x80010000 0x00000001
core   0: 0x8000a28a (0x0000bfe5) c.j     pc - 8
core   0: 3 0x8000a28a (0xbfe5)
core   0: 0x8000a282 (0x00006f17) auipc   t5, 0x6
core   0: 3 0x8000a282 (0x00006f17) x30 0x80010282
core   0: 0x8000a286 (0xd63f2f23) sw      gp, -642(t5)
core   0: 3 0x8000a286 (0xd63f2f23) mem 0x80010000 0x00000001
core   0: 0x8000a28a (0x0000bfe5) c.j     pc - 8
core   0: 3 0x8000a28a (0xbfe5)
core   0: 0x8000a282 (0x00006f17) auipc   t5, 0x6
core   0: 3 0x8000a282 (0x00006f17) x30 0x80010282
core   0: 0x8000a286 (0xd63f2f23) sw      gp, -642(t5)
core   0: 3 0x8000a286 (0xd63f2f23) mem 0x80010000 0x00000001
core   0: 0x8000a28a (0x0000bfe5) c.j     pc - 8
core   0: 3 0x8000a28a (0xbfe5)
core   0: 0x8000a282 (0x00006f17) auipc   t5, 0x6
core   0: 3 0x8000a282 (0x00006f17) x30 0x80010282
core   0: 0x8000a286 (0xd63f2f23) sw      gp, -642(t5)
core   0: 3 0x8000a286 (0xd63f2f23) mem 0x80010000 0x00000001
core   0: 0x8000a28a (0x0000bfe5) c.j     pc - 8
core   0: 3 0x8000a28a (0xbfe5)
core   0: 0x8000a282 (0x00006f17) auipc   t5, 0x6
core   0: 3 0x8000a282 (0x00006f17) x30 0x80010282
core   0: 0x8000a286 (0xd63f2f23) sw      gp, -642(t5)
core   0: 3 0x8000a286 (0xd63f2f23) mem 0x80010000 0x00000001
core   0: 0x8000a28a (0x0000bfe5) c.j     pc - 8
core   0: 3 0x8000a28a (0xbfe5)
core   0: 0x8000a282 (0x00006f17) auipc   t5, 0x6
core   0: 3 0x8000a282 (0x00006f17) x30 0x80010282
core   0: 0x8000a286 (0xd63f2f23) sw      gp, -642(t5)
core   0: 3 0x8000a286 (0xd63f2f23) mem 0x80010000 0x00000001
core   0: 0x8000a28a (0x0000bfe5) c.j     pc - 8
core   0: 3 0x8000a28a (0xbfe5)
core   0: 0x8000a282 (0x00006f17) auipc   t5, 0x6
core   0: 3 0x8000a282 (0x00006f17) x30 0x80010282
core   0: 0x8000a286 (0xd63f2f23) sw      gp, -642(t5)
core   0: 3 0x8000a286 (0xd63f2f23) mem 0x80010000 0x00000001
core   0: 0x8000a28a (0x0000bfe5) c.j     pc - 8
core   0: 3 0x8000a28a (0xbfe5)
core   0: 0x8000a282 (0x00006f17) auipc   t5, 0x6
core   0: 3 0x8000a282 (0x00006f17) x30 0x80010282
core   0: 0x8000a286 (0xd63f2f23) sw      gp, -642(t5)
core   0: 3 0x8000a286 (0xd63f2f23) mem 0x80010000 0x00000001
core   0: 0x8000a28a (0x0000bfe5) c.j     pc - 8
core   0: 3 0x8000a28a (0xbfe5)
core   0: 0x8000a282 (0x00006f17) auipc   t5, 0x6
core   0: 3 0x8000a282 (0x00006f17) x30 0x80010282
core   0: 0x8000a286 (0xd63f2f23) sw      gp, -642(t5)
core   0: 3 0x8000a286 (0xd63f2f23) mem 0x80010000 0x00000001
core   0: 0x8000a28a (0x0000bfe5) c.j     pc - 8
core   0: 3 0x8000a28a (0xbfe5)
core   0: 0x8000a282 (0x00006f17) auipc   t5, 0x6
core   0: 3 0x8000a282 (0x00006f17) x30 0x80010282
core   0: 0x8000a286 (0xd63f2f23) sw      gp, -642(t5)
core   0: 3 0x8000a286 (0xd63f2f23) mem 0x80010000 0x00000001
core   0: 0x8000a28a (0x0000bfe5) c.j     pc - 8
core   0: 3 0x8000a28a (0xbfe5)
core   0: 0x8000a282 (0x00006f17) auipc   t5, 0x6
core   0: 3 0x8000a282 (0x00006f17) x30 0x80010282
core   0: 0x8000a286 (0xd63f2f23) sw      gp, -642(t5)
core   0: 3 0x8000a286 (0xd63f2f23) mem 0x80010000 0x00000001
core   0: 0x8000a28a (0x0000bfe5) c.j     pc - 8
core   0: 3 0x8000a28a (0xbfe5)
core   0: 0x8000a282 (0x00006f17) auipc   t5, 0x6
core   0: 3 0x8000a282 (0x00006f17) x30 0x80010282
core   0: 0x8000a286 (0xd63f2f23) sw      gp, -642(t5)
core   0: 3 0x8000a286 (0xd63f2f23) mem 0x80010000 0x00000001
core   0: 0x8000a28a (0x0000bfe5) c.j     pc - 8
core   0: 3 0x8000a28a (0xbfe5)
core   0: 0x8000a282 (0x00006f17) auipc   t5, 0x6
core   0: 3 0x8000a282 (0x00006f17) x30 0x80010282
core   0: 0x8000a286 (0xd63f2f23) sw      gp, -642(t5)
core   0: 3 0x8000a286 (0xd63f2f23) mem 0x80010000 0x00000001
core   0: 0x8000a28a (0x0000bfe5) c.j     pc - 8
core   0: 3 0x8000a28a (0xbfe5)
core   0: 0x8000a282 (0x00006f17) auipc   t5, 0x6
core   0: 3 0x8000a282 (0x00006f17) x30 0x80010282
core   0: 0x8000a286 (0xd63f2f23) sw      gp, -642(t5)
core   0: 3 0x8000a286 (0xd63f2f23) mem 0x80010000 0x00000001
core   0: 0x8000a28a (0x0000bfe5) c.j     pc - 8
core   0: 3 0x8000a28a (0xbfe5)
core   0: 0x8000a282 (0x00006f17) auipc   t5, 0x6
core   0: 3 0x8000a282 (0x00006f17) x30 0x80010282
core   0: 0x8000a286 (0xd63f2f23) sw      gp, -642(t5)
core   0: 3 0x8000a286 (0xd63f2f23) mem 0x80010000 0x00000001
core   0: 0x8000a28a (0x0000bfe5) c.j     pc - 8
core   0: 3 0x8000a28a (0xbfe5)
core   0: 0x8000a282 (0x00006f17) auipc   t5, 0x6
core   0: 3 0x8000a282 (0x00006f17) x30 0x80010282
core   0: 0x8000a286 (0xd63f2f23) sw      gp, -642(t5)
core   0: 3 0x8000a286 (0xd63f2f23) mem 0x80010000 0x00000001
core   0: 0x8000a28a (0x0000bfe5) c.j     pc - 8
core   0: 3 0x8000a28a (0xbfe5)
core   0: 0x8000a282 (0x00006f17) auipc   t5, 0x6
core   0: 3 0x8000a282 (0x00006f17) x30 0x80010282
core   0: 0x8000a286 (0xd63f2f23) sw      gp, -642(t5)
core   0: 3 0x8000a286 (0xd63f2f23) mem 0x80010000 0x00000001
core   0: 0x8000a28a (0x0000bfe5) c.j     pc - 8
core   0: 3 0x8000a28a (0xbfe5)
core   0: 0x8000a282 (0x00006f17) auipc   t5, 0x6
core   0: 3 0x8000a282 (0x00006f17) x30 0x80010282
core   0: 0x8000a286 (0xd63f2f23) sw      gp, -642(t5)
core   0: 3 0x8000a286 (0xd63f2f23) mem 0x80010000 0x00000001
core   0: 0x8000a28a (0x0000bfe5) c.j     pc - 8
core   0: 3 0x8000a28a (0xbfe5)
core   0: 0x8000a282 (0x00006f17) auipc   t5, 0x6
core   0: 3 0x8000a282 (0x00006f17) x30 0x80010282
core   0: 0x8000a286 (0xd63f2f23) sw      gp, -642(t5)
core   0: 3 0x8000a286 (0xd63f2f23) mem 0x80010000 0x00000001
core   0: 0x8000a28a (0x0000bfe5) c.j     pc - 8
core   0: 3 0x8000a28a (0xbfe5)
core   0: 0x8000a282 (0x00006f17) auipc   t5, 0x6
core   0: 3 0x8000a282 (0x00006f17) x30 0x80010282
core   0: 0x8000a286 (0xd63f2f23) sw      gp, -642(t5)
core   0: 3 0x8000a286 (0xd63f2f23) mem 0x80010000 0x00000001
core   0: 0x8000a28a (0x0000bfe5) c.j     pc - 8
core   0: 3 0x8000a28a (0xbfe5)
core   0: 0x8000a282 (0x00006f17) auipc   t5, 0x6
core   0: 3 0x8000a282 (0x00006f17) x30 0x80010282
core   0: 0x8000a286 (0xd63f2f23) sw      gp, -642(t5)
core   0: 3 0x8000a286 (0xd63f2f23) mem 0x80010000 0x00000001
core   0: 0x8000a28a (0x0000bfe5) c.j     pc - 8
core   0: 3 0x8000a28a (0xbfe5)
core   0: 0x8000a282 (0x00006f17) auipc   t5, 0x6
core   0: 3 0x8000a282 (0x00006f17) x30 0x80010282
core   0: 0x8000a286 (0xd63f2f23) sw      gp, -642(t5)
core   0: 3 0x8000a286 (0xd63f2f23) mem 0x80010000 0x00000001
core   0: 0x8000a28a (0x0000bfe5) c.j     pc - 8
core   0: 3 0x8000a28a (0xbfe5)
core   0: 0x8000a282 (0x00006f17) auipc   t5, 0x6
core   0: 3 0x8000a282 (0x00006f17) x30 0x80010282
core   0: 0x8000a286 (0xd63f2f23) sw      gp, -642(t5)
core   0: 3 0x8000a286 (0xd63f2f23) mem 0x80010000 0x00000001
core   0: 0x8000a28a (0x0000bfe5) c.j     pc - 8
core   0: 3 0x8000a28a (0xbfe5)
core   0: 0x8000a282 (0x00006f17) auipc   t5, 0x6
core   0: 3 0x8000a282 (0x00006f17) x30 0x80010282
core   0: 0x8000a286 (0xd63f2f23) sw      gp, -642(t5)
core   0: 3 0x8000a286 (0xd63f2f23) mem 0x80010000 0x00000001
core   0: 0x8000a28a (0x0000bfe5) c.j     pc - 8
core   0: 3 0x8000a28a (0xbfe5)
core   0: 0x8000a282 (0x00006f17) auipc   t5, 0x6
core   0: 3 0x8000a282 (0x00006f17) x30 0x80010282
core   0: 0x8000a286 (0xd63f2f23) sw      gp, -642(t5)
core   0: 3 0x8000a286 (0xd63f2f23) mem 0x80010000 0x00000001
core   0: 0x8000a28a (0x0000bfe5) c.j     pc - 8
core   0: 3 0x8000a28a (0xbfe5)
core   0: 0x8000a282 (0x00006f17) auipc   t5, 0x6
core   0: 3 0x8000a282 (0x00006f17) x30 0x80010282
core   0: 0x8000a286 (0xd63f2f23) sw      gp, -642(t5)
core   0: 3 0x8000a286 (0xd63f2f23) mem 0x80010000 0x00000001
core   0: 0x8000a28a (0x0000bfe5) c.j     pc - 8
core   0: 3 0x8000a28a (0xbfe5)
core   0: 0x8000a282 (0x00006f17) auipc   t5, 0x6
core   0: 3 0x8000a282 (0x00006f17) x30 0x80010282
core   0: 0x8000a286 (0xd63f2f23) sw      gp, -642(t5)
core   0: 3 0x8000a286 (0xd63f2f23) mem 0x80010000 0x00000001
core   0: 0x8000a28a (0x0000bfe5) c.j     pc - 8
core   0: 3 0x8000a28a (0xbfe5)
core   0: 0x8000a282 (0x00006f17) auipc   t5, 0x6
core   0: 3 0x8000a282 (0x00006f17) x30 0x80010282
core   0: 0x8000a286 (0xd63f2f23) sw      gp, -642(t5)
core   0: 3 0x8000a286 (0xd63f2f23) mem 0x80010000 0x00000001
core   0: 0x8000a28a (0x0000bfe5) c.j     pc - 8
core   0: 3 0x8000a28a (0xbfe5)
core   0: 0x8000a282 (0x00006f17) auipc   t5, 0x6
core   0: 3 0x8000a282 (0x00006f17) x30 0x80010282
core   0: 0x8000a286 (0xd63f2f23) sw      gp, -642(t5)
core   0: 3 0x8000a286 (0xd63f2f23) mem 0x80010000 0x00000001
core   0: 0x8000a28a (0x0000bfe5) c.j     pc - 8
core   0: 3 0x8000a28a (0xbfe5)
core   0: 0x8000a282 (0x00006f17) auipc   t5, 0x6
core   0: 3 0x8000a282 (0x00006f17) x30 0x80010282
core   0: 0x8000a286 (0xd63f2f23) sw      gp, -642(t5)
core   0: 3 0x8000a286 (0xd63f2f23) mem 0x80010000 0x00000001
core   0: 0x8000a28a (0x0000bfe5) c.j     pc - 8
core   0: 3 0x8000a28a (0xbfe5)
core   0: 0x8000a282 (0x00006f17) auipc   t5, 0x6
core   0: 3 0x8000a282 (0x00006f17) x30 0x80010282
core   0: 0x8000a286 (0xd63f2f23) sw      gp, -642(t5)
core   0: 3 0x8000a286 (0xd63f2f23) mem 0x80010000 0x00000001
core   0: 0x8000a28a (0x0000bfe5) c.j     pc - 8
core   0: 3 0x8000a28a (0xbfe5)
core   0: 0x8000a282 (0x00006f17) auipc   t5, 0x6
core   0: 3 0x8000a282 (0x00006f17) x30 0x80010282
core   0: 0x8000a286 (0xd63f2f23) sw      gp, -642(t5)
core   0: 3 0x8000a286 (0xd63f2f23) mem 0x80010000 0x00000001
core   0: 0x8000a28a (0x0000bfe5) c.j     pc - 8
core   0: 3 0x8000a28a (0xbfe5)
core   0: 0x8000a282 (0x00006f17) auipc   t5, 0x6
core   0: 3 0x8000a282 (0x00006f17) x30 0x80010282
core   0: 0x8000a286 (0xd63f2f23) sw      gp, -642(t5)
core   0: 3 0x8000a286 (0xd63f2f23) mem 0x80010000 0x00000001
core   0: 0x8000a28a (0x0000bfe5) c.j     pc - 8
core   0: 3 0x8000a28a (0xbfe5)
core   0: 0x8000a282 (0x00006f17) auipc   t5, 0x6
core   0: 3 0x8000a282 (0x00006f17) x30 0x80010282
core   0: 0x8000a286 (0xd63f2f23) sw      gp, -642(t5)
core   0: 3 0x8000a286 (0xd63f2f23) mem 0x80010000 0x00000001
core   0: 0x8000a28a (0x0000bfe5) c.j     pc - 8
core   0: 3 0x8000a28a (0xbfe5)
core   0: 0x8000a282 (0x00006f17) auipc   t5, 0x6
core   0: 3 0x8000a282 (0x00006f17) x30 0x80010282
core   0: 0x8000a286 (0xd63f2f23) sw      gp, -642(t5)
core   0: 3 0x8000a286 (0xd63f2f23) mem 0x80010000 0x00000001
core   0: 0x8000a28a (0x0000bfe5) c.j     pc - 8
core   0: 3 0x8000a28a (0xbfe5)
core   0: 0x8000a282 (0x00006f17) auipc   t5, 0x6
core   0: 3 0x8000a282 (0x00006f17) x30 0x80010282
core   0: 0x8000a286 (0xd63f2f23) sw      gp, -642(t5)
core   0: 3 0x8000a286 (0xd63f2f23) mem 0x80010000 0x00000001
core   0: 0x8000a28a (0x0000bfe5) c.j     pc - 8
core   0: 3 0x8000a28a (0xbfe5)
core   0: 0x8000a282 (0x00006f17) auipc   t5, 0x6
core   0: 3 0x8000a282 (0x00006f17) x30 0x80010282
core   0: 0x8000a286 (0xd63f2f23) sw      gp, -642(t5)
core   0: 3 0x8000a286 (0xd63f2f23) mem 0x80010000 0x00000001
core   0: 0x8000a28a (0x0000bfe5) c.j     pc - 8
core   0: 3 0x8000a28a (0xbfe5)
core   0: 0x8000a282 (0x00006f17) auipc   t5, 0x6
core   0: 3 0x8000a282 (0x00006f17) x30 0x80010282
core   0: 0x8000a286 (0xd63f2f23) sw      gp, -642(t5)
core   0: 3 0x8000a286 (0xd63f2f23) mem 0x80010000 0x00000001
core   0: 0x8000a28a (0x0000bfe5) c.j     pc - 8
core   0: 3 0x8000a28a (0xbfe5)
core   0: 0x8000a282 (0x00006f17) auipc   t5, 0x6
core   0: 3 0x8000a282 (0x00006f17) x30 0x80010282
core   0: 0x8000a286 (0xd63f2f23) sw      gp, -642(t5)
core   0: 3 0x8000a286 (0xd63f2f23) mem 0x80010000 0x00000001
core   0: 0x8000a28a (0x0000bfe5) c.j     pc - 8
core   0: 3 0x8000a28a (0xbfe5)
core   0: 0x8000a282 (0x00006f17) auipc   t5, 0x6
core   0: 3 0x8000a282 (0x00006f17) x30 0x80010282
core   0: 0x8000a286 (0xd63f2f23) sw      gp, -642(t5)
core   0: 3 0x8000a286 (0xd63f2f23) mem 0x80010000 0x00000001
core   0: 0x8000a28a (0x0000bfe5) c.j     pc - 8
core   0: 3 0x8000a28a (0xbfe5)
core   0: 0x8000a282 (0x00006f17) auipc   t5, 0x6
core   0: 3 0x8000a282 (0x00006f17) x30 0x80010282
core   0: 0x8000a286 (0xd63f2f23) sw      gp, -642(t5)
core   0: 3 0x8000a286 (0xd63f2f23) mem 0x80010000 0x00000001
core   0: 0x8000a28a (0x0000bfe5) c.j     pc - 8
core   0: 3 0x8000a28a (0xbfe5)
core   0: 0x8000a282 (0x00006f17) auipc   t5, 0x6
core   0: 3 0x8000a282 (0x00006f17) x30 0x80010282
core   0: 0x8000a286 (0xd63f2f23) sw      gp, -642(t5)
core   0: 3 0x8000a286 (0xd63f2f23) mem 0x80010000 0x00000001
core   0: 0x8000a28a (0x0000bfe5) c.j     pc - 8
core   0: 3 0x8000a28a (0xbfe5)
core   0: 0x8000a282 (0x00006f17) auipc   t5, 0x6
core   0: 3 0x8000a282 (0x00006f17) x30 0x80010282
core   0: 0x8000a286 (0xd63f2f23) sw      gp, -642(t5)
core   0: 3 0x8000a286 (0xd63f2f23) mem 0x80010000 0x00000001
core   0: 0x8000a28a (0x0000bfe5) c.j     pc - 8
core   0: 3 0x8000a28a (0xbfe5)
core   0: 0x8000a282 (0x00006f17) auipc   t5, 0x6
core   0: 3 0x8000a282 (0x00006f17) x30 0x80010282
core   0: 0x8000a286 (0xd63f2f23) sw      gp, -642(t5)
core   0: 3 0x8000a286 (0xd63f2f23) mem 0x80010000 0x00000001
core   0: 0x8000a28a (0x0000bfe5) c.j     pc - 8
core   0: 3 0x8000a28a (0xbfe5)
core   0: 0x8000a282 (0x00006f17) auipc   t5, 0x6
core   0: 3 0x8000a282 (0x00006f17) x30 0x80010282
core   0: 0x8000a286 (0xd63f2f23) sw      gp, -642(t5)
core   0: 3 0x8000a286 (0xd63f2f23) mem 0x80010000 0x00000001
core   0: 0x8000a28a (0x0000bfe5) c.j     pc - 8
core   0: 3 0x8000a28a (0xbfe5)
core   0: 0x8000a282 (0x00006f17) auipc   t5, 0x6
core   0: 3 0x8000a282 (0x00006f17) x30 0x80010282
core   0: 0x8000a286 (0xd63f2f23) sw      gp, -642(t5)
core   0: 3 0x8000a286 (0xd63f2f23) mem 0x80010000 0x00000001
core   0: 0x8000a28a (0x0000bfe5) c.j     pc - 8
core   0: 3 0x8000a28a (0xbfe5)
core   0: 0x8000a282 (0x00006f17) auipc   t5, 0x6
core   0: 3 0x8000a282 (0x00006f17) x30 0x80010282
core   0: 0x8000a286 (0xd63f2f23) sw      gp, -642(t5)
core   0: 3 0x8000a286 (0xd63f2f23) mem 0x80010000 0x00000001
core   0: 0x8000a28a (0x0000bfe5) c.j     pc - 8
core   0: 3 0x8000a28a (0xbfe5)
core   0: 0x8000a282 (0x00006f17) auipc   t5, 0x6
core   0: 3 0x8000a282 (0x00006f17) x30 0x80010282
core   0: 0x8000a286 (0xd63f2f23) sw      gp, -642(t5)
core   0: 3 0x8000a286 (0xd63f2f23) mem 0x80010000 0x00000001
core   0: 0x8000a28a (0x0000bfe5) c.j     pc - 8
core   0: 3 0x8000a28a (0xbfe5)
core   0: 0x8000a282 (0x00006f17) auipc   t5, 0x6
core   0: 3 0x8000a282 (0x00006f17) x30 0x80010282
core   0: 0x8000a286 (0xd63f2f23) sw      gp, -642(t5)
core   0: 3 0x8000a286 (0xd63f2f23) mem 0x80010000 0x00000001
core   0: 0x8000a28a (0x0000bfe5) c.j     pc - 8
core   0: 3 0x8000a28a (0xbfe5)
core   0: 0x8000a282 (0x00006f17) auipc   t5, 0x6
core   0: 3 0x8000a282 (0x00006f17) x30 0x80010282
core   0: 0x8000a286 (0xd63f2f23) sw      gp, -642(t5)
core   0: 3 0x8000a286 (0xd63f2f23) mem 0x80010000 0x00000001
core   0: 0x8000a28a (0x0000bfe5) c.j     pc - 8
core   0: 3 0x8000a28a (0xbfe5)
core   0: 0x8000a282 (0x00006f17) auipc   t5, 0x6
core   0: 3 0x8000a282 (0x00006f17) x30 0x80010282
core   0: 0x8000a286 (0xd63f2f23) sw      gp, -642(t5)
core   0: 3 0x8000a286 (0xd63f2f23) mem 0x80010000 0x00000001
core   0: 0x8000a28a (0x0000bfe5) c.j     pc - 8
core   0: 3 0x8000a28a (0xbfe5)
core   0: 0x8000a282 (0x00006f17) auipc   t5, 0x6
core   0: 3 0x8000a282 (0x00006f17) x30 0x80010282
core   0: 0x8000a286 (0xd63f2f23) sw      gp, -642(t5)
core   0: 3 0x8000a286 (0xd63f2f23) mem 0x80010000 0x00000001
core   0: 0x8000a28a (0x0000bfe5) c.j     pc - 8
core   0: 3 0x8000a28a (0xbfe5)
core   0: 0x8000a282 (0x00006f17) auipc   t5, 0x6
core   0: 3 0x8000a282 (0x00006f17) x30 0x80010282
core   0: 0x8000a286 (0xd63f2f23) sw      gp, -642(t5)
core   0: 3 0x8000a286 (0xd63f2f23) mem 0x80010000 0x00000001
core   0: 0x8000a28a (0x0000bfe5) c.j     pc - 8
core   0: 3 0x8000a28a (0xbfe5)
core   0: 0x8000a282 (0x00006f17) auipc   t5, 0x6
core   0: 3 0x8000a282 (0x00006f17) x30 0x80010282
core   0: 0x8000a286 (0xd63f2f23) sw      gp, -642(t5)
core   0: 3 0x8000a286 (0xd63f2f23) mem 0x80010000 0x00000001
core   0: 0x8000a28a (0x0000bfe5) c.j     pc - 8
core   0: 3 0x8000a28a (0xbfe5)
core   0: 0x8000a282 (0x00006f17) auipc   t5, 0x6
core   0: 3 0x8000a282 (0x00006f17) x30 0x80010282
core   0: 0x8000a286 (0xd63f2f23) sw      gp, -642(t5)
core   0: 3 0x8000a286 (0xd63f2f23) mem 0x80010000 0x00000001
core   0: 0x8000a28a (0x0000bfe5) c.j     pc - 8
core   0: 3 0x8000a28a (0xbfe5)
core   0: 0x8000a282 (0x00006f17) auipc   t5, 0x6
core   0: 3 0x8000a282 (0x00006f17) x30 0x80010282
core   0: 0x8000a286 (0xd63f2f23) sw      gp, -642(t5)
core   0: 3 0x8000a286 (0xd63f2f23) mem 0x80010000 0x00000001
core   0: 0x8000a28a (0x0000bfe5) c.j     pc - 8
core   0: 3 0x8000a28a (0xbfe5)
core   0: 0x8000a282 (0x00006f17) auipc   t5, 0x6
core   0: 3 0x8000a282 (0x00006f17) x30 0x80010282
core   0: 0x8000a286 (0xd63f2f23) sw      gp, -642(t5)
core   0: 3 0x8000a286 (0xd63f2f23) mem 0x80010000 0x00000001
core   0: 0x8000a28a (0x0000bfe5) c.j     pc - 8
core   0: 3 0x8000a28a (0xbfe5)
core   0: 0x8000a282 (0x00006f17) auipc   t5, 0x6
core   0: 3 0x8000a282 (0x00006f17) x30 0x80010282
core   0: 0x8000a286 (0xd63f2f23) sw      gp, -642(t5)
core   0: 3 0x8000a286 (0xd63f2f23) mem 0x80010000 0x00000001
core   0: 0x8000a28a (0x0000bfe5) c.j     pc - 8
core   0: 3 0x8000a28a (0xbfe5)
core   0: 0x8000a282 (0x00006f17) auipc   t5, 0x6
core   0: 3 0x8000a282 (0x00006f17) x30 0x80010282
core   0: 0x8000a286 (0xd63f2f23) sw      gp, -642(t5)
core   0: 3 0x8000a286 (0xd63f2f23) mem 0x80010000 0x00000001
core   0: 0x8000a28a (0x0000bfe5) c.j     pc - 8
core   0: 3 0x8000a28a (0xbfe5)
core   0: 0x8000a282 (0x00006f17) auipc   t5, 0x6
core   0: 3 0x8000a282 (0x00006f17) x30 0x80010282
core   0: 0x8000a286 (0xd63f2f23) sw      gp, -642(t5)
core   0: 3 0x8000a286 (0xd63f2f23) mem 0x80010000 0x00000001
core   0: 0x8000a28a (0x0000bfe5) c.j     pc - 8
core   0: 3 0x8000a28a (0xbfe5)
core   0: 0x8000a282 (0x00006f17) auipc   t5, 0x6
core   0: 3 0x8000a282 (0x00006f17) x30 0x80010282
core   0: 0x8000a286 (0xd63f2f23) sw      gp, -642(t5)
core   0: 3 0x8000a286 (0xd63f2f23) mem 0x80010000 0x00000001
core   0: 0x8000a28a (0x0000bfe5) c.j     pc - 8
core   0: 3 0x8000a28a (0xbfe5)
core   0: 0x8000a282 (0x00006f17) auipc   t5, 0x6
core   0: 3 0x8000a282 (0x00006f17) x30 0x80010282
core   0: 0x8000a286 (0xd63f2f23) sw      gp, -642(t5)
core   0: 3 0x8000a286 (0xd63f2f23) mem 0x80010000 0x00000001
core   0: 0x8000a28a (0x0000bfe5) c.j     pc - 8
core   0: 3 0x8000a28a (0xbfe5)
core   0: 0x8000a282 (0x00006f17) auipc   t5, 0x6
core   0: 3 0x8000a282 (0x00006f17) x30 0x80010282
core   0: 0x8000a286 (0xd63f2f23) sw      gp, -642(t5)
core   0: 3 0x8000a286 (0xd63f2f23) mem 0x80010000 0x00000001
core   0: 0x8000a28a (0x0000bfe5) c.j     pc - 8
core   0: 3 0x8000a28a (0xbfe5)
core   0: 0x8000a282 (0x00006f17) auipc   t5, 0x6
core   0: 3 0x8000a282 (0x00006f17) x30 0x80010282
core   0: 0x8000a286 (0xd63f2f23) sw      gp, -642(t5)
core   0: 3 0x8000a286 (0xd63f2f23) mem 0x80010000 0x00000001
core   0: 0x8000a28a (0x0000bfe5) c.j     pc - 8
core   0: 3 0x8000a28a (0xbfe5)
core   0: 0x8000a282 (0x00006f17) auipc   t5, 0x6
core   0: 3 0x8000a282 (0x00006f17) x30 0x80010282
core   0: 0x8000a286 (0xd63f2f23) sw      gp, -642(t5)
core   0: 3 0x8000a286 (0xd63f2f23) mem 0x80010000 0x00000001
core   0: 0x8000a28a (0x0000bfe5) c.j     pc - 8
core   0: 3 0x8000a28a (0xbfe5)
core   0: 0x8000a282 (0x00006f17) auipc   t5, 0x6
core   0: 3 0x8000a282 (0x00006f17) x30 0x80010282
core   0: 0x8000a286 (0xd63f2f23) sw      gp, -642(t5)
core   0: 3 0x8000a286 (0xd63f2f23) mem 0x80010000 0x00000001
core   0: 0x8000a28a (0x0000bfe5) c.j     pc - 8
core   0: 3 0x8000a28a (0xbfe5)
core   0: 0x8000a282 (0x00006f17) auipc   t5, 0x6
core   0: 3 0x8000a282 (0x00006f17) x30 0x80010282
core   0: 0x8000a286 (0xd63f2f23) sw      gp, -642(t5)
core   0: 3 0x8000a286 (0xd63f2f23) mem 0x80010000 0x00000001
core   0: 0x8000a28a (0x0000bfe5) c.j     pc - 8
core   0: 3 0x8000a28a (0xbfe5)
core   0: 0x8000a282 (0x00006f17) auipc   t5, 0x6
core   0: 3 0x8000a282 (0x00006f17) x30 0x80010282
core   0: 0x8000a286 (0xd63f2f23) sw      gp, -642(t5)
core   0: 3 0x8000a286 (0xd63f2f23) mem 0x80010000 0x00000001
core   0: 0x8000a28a (0x0000bfe5) c.j     pc - 8
core   0: 3 0x8000a28a (0xbfe5)
core   0: 0x8000a282 (0x00006f17) auipc   t5, 0x6
core   0: 3 0x8000a282 (0x00006f17) x30 0x80010282
core   0: 0x8000a286 (0xd63f2f23) sw      gp, -642(t5)
core   0: 3 0x8000a286 (0xd63f2f23) mem 0x80010000 0x00000001
core   0: 0x8000a28a (0x0000bfe5) c.j     pc - 8
core   0: 3 0x8000a28a (0xbfe5)
core   0: 0x8000a282 (0x00006f17) auipc   t5, 0x6
core   0: 3 0x8000a282 (0x00006f17) x30 0x80010282
core   0: 0x8000a286 (0xd63f2f23) sw      gp, -642(t5)
core   0: 3 0x8000a286 (0xd63f2f23) mem 0x80010000 0x00000001
core   0: 0x8000a28a (0x0000bfe5) c.j     pc - 8
core   0: 3 0x8000a28a (0xbfe5)
core   0: 0x8000a282 (0x00006f17) auipc   t5, 0x6
core   0: 3 0x8000a282 (0x00006f17) x30 0x80010282
core   0: 0x8000a286 (0xd63f2f23) sw      gp, -642(t5)
core   0: 3 0x8000a286 (0xd63f2f23) mem 0x80010000 0x00000001
core   0: 0x8000a28a (0x0000bfe5) c.j     pc - 8
core   0: 3 0x8000a28a (0xbfe5)
core   0: 0x8000a282 (0x00006f17) auipc   t5, 0x6
core   0: 3 0x8000a282 (0x00006f17) x30 0x80010282
core   0: 0x8000a286 (0xd63f2f23) sw      gp, -642(t5)
core   0: 3 0x8000a286 (0xd63f2f23) mem 0x80010000 0x00000001
core   0: 0x8000a28a (0x0000bfe5) c.j     pc - 8
core   0: 3 0x8000a28a (0xbfe5)
core   0: 0x8000a282 (0x00006f17) auipc   t5, 0x6
core   0: 3 0x8000a282 (0x00006f17) x30 0x80010282
core   0: 0x8000a286 (0xd63f2f23) sw      gp, -642(t5)
core   0: 3 0x8000a286 (0xd63f2f23) mem 0x80010000 0x00000001
core   0: 0x8000a28a (0x0000bfe5) c.j     pc - 8
core   0: 3 0x8000a28a (0xbfe5)
core   0: 0x8000a282 (0x00006f17) auipc   t5, 0x6
core   0: 3 0x8000a282 (0x00006f17) x30 0x80010282
core   0: 0x8000a286 (0xd63f2f23) sw      gp, -642(t5)
core   0: 3 0x8000a286 (0xd63f2f23) mem 0x80010000 0x00000001
core   0: 0x8000a28a (0x0000bfe5) c.j     pc - 8
core   0: 3 0x8000a28a (0xbfe5)
core   0: 0x8000a282 (0x00006f17) auipc   t5, 0x6
core   0: 3 0x8000a282 (0x00006f17) x30 0x80010282
core   0: 0x8000a286 (0xd63f2f23) sw      gp, -642(t5)
core   0: 3 0x8000a286 (0xd63f2f23) mem 0x80010000 0x00000001
core   0: 0x8000a28a (0x0000bfe5) c.j     pc - 8
core   0: 3 0x8000a28a (0xbfe5)
core   0: 0x8000a282 (0x00006f17) auipc   t5, 0x6
core   0: 3 0x8000a282 (0x00006f17) x30 0x80010282
core   0: 0x8000a286 (0xd63f2f23) sw      gp, -642(t5)
core   0: 3 0x8000a286 (0xd63f2f23) mem 0x80010000 0x00000001
core   0: 0x8000a28a (0x0000bfe5) c.j     pc - 8
core   0: 3 0x8000a28a (0xbfe5)
core   0: 0x8000a282 (0x00006f17) auipc   t5, 0x6
core   0: 3 0x8000a282 (0x00006f17) x30 0x80010282
core   0: 0x8000a286 (0xd63f2f23) sw      gp, -642(t5)
core   0: 3 0x8000a286 (0xd63f2f23) mem 0x80010000 0x00000001
core   0: 0x8000a28a (0x0000bfe5) c.j     pc - 8
core   0: 3 0x8000a28a (0xbfe5)
core   0: 0x8000a282 (0x00006f17) auipc   t5, 0x6
core   0: 3 0x8000a282 (0x00006f17) x30 0x80010282
core   0: 0x8000a286 (0xd63f2f23) sw      gp, -642(t5)
core   0: 3 0x8000a286 (0xd63f2f23) mem 0x80010000 0x00000001
core   0: 0x8000a28a (0x0000bfe5) c.j     pc - 8
core   0: 3 0x8000a28a (0xbfe5)
core   0: 0x8000a282 (0x00006f17) auipc   t5, 0x6
core   0: 3 0x8000a282 (0x00006f17) x30 0x80010282
core   0: 0x8000a286 (0xd63f2f23) sw      gp, -642(t5)
core   0: 3 0x8000a286 (0xd63f2f23) mem 0x80010000 0x00000001
core   0: 0x8000a28a (0x0000bfe5) c.j     pc - 8
core   0: 3 0x8000a28a (0xbfe5)
core   0: 0x8000a282 (0x00006f17) auipc   t5, 0x6
core   0: 3 0x8000a282 (0x00006f17) x30 0x80010282
core   0: 0x8000a286 (0xd63f2f23) sw      gp, -642(t5)
core   0: 3 0x8000a286 (0xd63f2f23) mem 0x80010000 0x00000001
core   0: 0x8000a28a (0x0000bfe5) c.j     pc - 8
core   0: 3 0x8000a28a (0xbfe5)
core   0: 0x8000a282 (0x00006f17) auipc   t5, 0x6
core   0: 3 0x8000a282 (0x00006f17) x30 0x80010282
core   0: 0x8000a286 (0xd63f2f23) sw      gp, -642(t5)
core   0: 3 0x8000a286 (0xd63f2f23) mem 0x80010000 0x00000001
core   0: 0x8000a28a (0x0000bfe5) c.j     pc - 8
core   0: 3 0x8000a28a (0xbfe5)
core   0: 0x8000a282 (0x00006f17) auipc   t5, 0x6
core   0: 3 0x8000a282 (0x00006f17) x30 0x80010282
core   0: 0x8000a286 (0xd63f2f23) sw      gp, -642(t5)
core   0: 3 0x8000a286 (0xd63f2f23) mem 0x80010000 0x00000001
core   0: 0x8000a28a (0x0000bfe5) c.j     pc - 8
core   0: 3 0x8000a28a (0xbfe5)
core   0: 0x8000a282 (0x00006f17) auipc   t5, 0x6
core   0: 3 0x8000a282 (0x00006f17) x30 0x80010282
core   0: 0x8000a286 (0xd63f2f23) sw      gp, -642(t5)
core   0: 3 0x8000a286 (0xd63f2f23) mem 0x80010000 0x00000001
core   0: 0x8000a28a (0x0000bfe5) c.j     pc - 8
core   0: 3 0x8000a28a (0xbfe5)
core   0: 0x8000a282 (0x00006f17) auipc   t5, 0x6
core   0: 3 0x8000a282 (0x00006f17) x30 0x80010282
core   0: 0x8000a286 (0xd63f2f23) sw      gp, -642(t5)
core   0: 3 0x8000a286 (0xd63f2f23) mem 0x80010000 0x00000001
core   0: 0x8000a28a (0x0000bfe5) c.j     pc - 8
core   0: 3 0x8000a28a (0xbfe5)
core   0: 0x8000a282 (0x00006f17) auipc   t5, 0x6
core   0: 3 0x8000a282 (0x00006f17) x30 0x80010282
core   0: 0x8000a286 (0xd63f2f23) sw      gp, -642(t5)
core   0: 3 0x8000a286 (0xd63f2f23) mem 0x80010000 0x00000001
core   0: 0x8000a28a (0x0000bfe5) c.j     pc - 8
core   0: 3 0x8000a28a (0xbfe5)
core   0: 0x8000a282 (0x00006f17) auipc   t5, 0x6
core   0: 3 0x8000a282 (0x00006f17) x30 0x80010282
core   0: 0x8000a286 (0xd63f2f23) sw      gp, -642(t5)
core   0: 3 0x8000a286 (0xd63f2f23) mem 0x80010000 0x00000001
core   0: 0x8000a28a (0x0000bfe5) c.j     pc - 8
core   0: 3 0x8000a28a (0xbfe5)
core   0: 0x8000a282 (0x00006f17) auipc   t5, 0x6
core   0: 3 0x8000a282 (0x00006f17) x30 0x80010282
core   0: 0x8000a286 (0xd63f2f23) sw      gp, -642(t5)
core   0: 3 0x8000a286 (0xd63f2f23) mem 0x80010000 0x00000001
core   0: 0x8000a28a (0x0000bfe5) c.j     pc - 8
core   0: 3 0x8000a28a (0xbfe5)
core   0: 0x8000a282 (0x00006f17) auipc   t5, 0x6
core   0: 3 0x8000a282 (0x00006f17) x30 0x80010282
core   0: 0x8000a286 (0xd63f2f23) sw      gp, -642(t5)
core   0: 3 0x8000a286 (0xd63f2f23) mem 0x80010000 0x00000001
core   0: 0x8000a28a (0x0000bfe5) c.j     pc - 8
core   0: 3 0x8000a28a (0xbfe5)
core   0: 0x8000a282 (0x00006f17) auipc   t5, 0x6
core   0: 3 0x8000a282 (0x00006f17) x30 0x80010282
core   0: 0x8000a286 (0xd63f2f23) sw      gp, -642(t5)
core   0: 3 0x8000a286 (0xd63f2f23) mem 0x80010000 0x00000001
core   0: 0x8000a28a (0x0000bfe5) c.j     pc - 8
core   0: 3 0x8000a28a (0xbfe5)
core   0: 0x8000a282 (0x00006f17) auipc   t5, 0x6
core   0: 3 0x8000a282 (0x00006f17) x30 0x80010282
core   0: 0x8000a286 (0xd63f2f23) sw      gp, -642(t5)
core   0: 3 0x8000a286 (0xd63f2f23) mem 0x80010000 0x00000001
core   0: 0x8000a28a (0x0000bfe5) c.j     pc - 8
core   0: 3 0x8000a28a (0xbfe5)
core   0: 0x8000a282 (0x00006f17) auipc   t5, 0x6
core   0: 3 0x8000a282 (0x00006f17) x30 0x80010282
core   0: 0x8000a286 (0xd63f2f23) sw      gp, -642(t5)
core   0: 3 0x8000a286 (0xd63f2f23) mem 0x80010000 0x00000001
core   0: 0x8000a28a (0x0000bfe5) c.j     pc - 8
core   0: 3 0x8000a28a (0xbfe5)
core   0: 0x8000a282 (0x00006f17) auipc   t5, 0x6
core   0: 3 0x8000a282 (0x00006f17) x30 0x80010282
core   0: 0x8000a286 (0xd63f2f23) sw      gp, -642(t5)
core   0: 3 0x8000a286 (0xd63f2f23) mem 0x80010000 0x00000001
core   0: 0x8000a28a (0x0000bfe5) c.j     pc - 8
core   0: 3 0x8000a28a (0xbfe5)
core   0: 0x8000a282 (0x00006f17) auipc   t5, 0x6
core   0: 3 0x8000a282 (0x00006f17) x30 0x80010282
core   0: 0x8000a286 (0xd63f2f23) sw      gp, -642(t5)
core   0: 3 0x8000a286 (0xd63f2f23) mem 0x80010000 0x00000001
core   0: 0x8000a28a (0x0000bfe5) c.j     pc - 8
core   0: 3 0x8000a28a (0xbfe5)
core   0: 0x8000a282 (0x00006f17) auipc   t5, 0x6
core   0: 3 0x8000a282 (0x00006f17) x30 0x80010282
core   0: 0x8000a286 (0xd63f2f23) sw      gp, -642(t5)
core   0: 3 0x8000a286 (0xd63f2f23) mem 0x80010000 0x00000001
core   0: 0x8000a28a (0x0000bfe5) c.j     pc - 8
core   0: 3 0x8000a28a (0xbfe5)
core   0: 0x8000a282 (0x00006f17) auipc   t5, 0x6
core   0: 3 0x8000a282 (0x00006f17) x30 0x80010282
core   0: 0x8000a286 (0xd63f2f23) sw      gp, -642(t5)
core   0: 3 0x8000a286 (0xd63f2f23) mem 0x80010000 0x00000001
core   0: 0x8000a28a (0x0000bfe5) c.j     pc - 8
core   0: 3 0x8000a28a (0xbfe5)
core   0: 0x8000a282 (0x00006f17) auipc   t5, 0x6
core   0: 3 0x8000a282 (0x00006f17) x30 0x80010282
core   0: 0x8000a286 (0xd63f2f23) sw      gp, -642(t5)
core   0: 3 0x8000a286 (0xd63f2f23) mem 0x80010000 0x00000001
core   0: 0x8000a28a (0x0000bfe5) c.j     pc - 8
core   0: 3 0x8000a28a (0xbfe5)
core   0: 0x8000a282 (0x00006f17) auipc   t5, 0x6
core   0: 3 0x8000a282 (0x00006f17) x30 0x80010282
core   0: 0x8000a286 (0xd63f2f23) sw      gp, -642(t5)
core   0: 3 0x8000a286 (0xd63f2f23) mem 0x80010000 0x00000001
core   0: 0x8000a28a (0x0000bfe5) c.j     pc - 8
core   0: 3 0x8000a28a (0xbfe5)
core   0: 0x8000a282 (0x00006f17) auipc   t5, 0x6
core   0: 3 0x8000a282 (0x00006f17) x30 0x80010282
core   0: 0x8000a286 (0xd63f2f23) sw      gp, -642(t5)
core   0: 3 0x8000a286 (0xd63f2f23) mem 0x80010000 0x00000001
core   0: 0x8000a28a (0x0000bfe5) c.j     pc - 8
core   0: 3 0x8000a28a (0xbfe5)
core   0: 0x8000a282 (0x00006f17) auipc   t5, 0x6
core   0: 3 0x8000a282 (0x00006f17) x30 0x80010282
core   0: 0x8000a286 (0xd63f2f23) sw      gp, -642(t5)
core   0: 3 0x8000a286 (0xd63f2f23) mem 0x80010000 0x00000001
core   0: 0x8000a28a (0x0000bfe5) c.j     pc - 8
core   0: 3 0x8000a28a (0xbfe5)
core   0: 0x8000a282 (0x00006f17) auipc   t5, 0x6
core   0: 3 0x8000a282 (0x00006f17) x30 0x80010282
core   0: 0x8000a286 (0xd63f2f23) sw      gp, -642(t5)
core   0: 3 0x8000a286 (0xd63f2f23) mem 0x80010000 0x00000001
core   0: 0x8000a28a (0x0000bfe5) c.j     pc - 8
core   0: 3 0x8000a28a (0xbfe5)
core   0: 0x8000a282 (0x00006f17) auipc   t5, 0x6
core   0: 3 0x8000a282 (0x00006f17) x30 0x80010282
core   0: 0x8000a286 (0xd63f2f23) sw      gp, -642(t5)
core   0: 3 0x8000a286 (0xd63f2f23) mem 0x80010000 0x00000001
core   0: 0x8000a28a (0x0000bfe5) c.j     pc - 8
core   0: 3 0x8000a28a (0xbfe5)
core   0: 0x8000a282 (0x00006f17) auipc   t5, 0x6
core   0: 3 0x8000a282 (0x00006f17) x30 0x80010282
core   0: 0x8000a286 (0xd63f2f23) sw      gp, -642(t5)
core   0: 3 0x8000a286 (0xd63f2f23) mem 0x80010000 0x00000001
core   0: 0x8000a28a (0x0000bfe5) c.j     pc - 8
core   0: 3 0x8000a28a (0xbfe5)
core   0: 0x8000a282 (0x00006f17) auipc   t5, 0x6
core   0: 3 0x8000a282 (0x00006f17) x30 0x80010282
core   0: 0x8000a286 (0xd63f2f23) sw      gp, -642(t5)
core   0: 3 0x8000a286 (0xd63f2f23) mem 0x80010000 0x00000001
core   0: 0x8000a28a (0x0000bfe5) c.j     pc - 8
core   0: 3 0x8000a28a (0xbfe5)
core   0: 0x8000a282 (0x00006f17) auipc   t5, 0x6
core   0: 3 0x8000a282 (0x00006f17) x30 0x80010282
core   0: 0x8000a286 (0xd63f2f23) sw      gp, -642(t5)
core   0: 3 0x8000a286 (0xd63f2f23) mem 0x80010000 0x00000001
core   0: 0x8000a28a (0x0000bfe5) c.j     pc - 8
core   0: 3 0x8000a28a (0xbfe5)
core   0: 0x8000a282 (0x00006f17) auipc   t5, 0x6
core   0: 3 0x8000a282 (0x00006f17) x30 0x80010282
core   0: 0x8000a286 (0xd63f2f23) sw      gp, -642(t5)
core   0: 3 0x8000a286 (0xd63f2f23) mem 0x80010000 0x00000001
core   0: 0x8000a28a (0x0000bfe5) c.j     pc - 8
core   0: 3 0x8000a28a (0xbfe5)
core   0: 0x8000a282 (0x00006f17) auipc   t5, 0x6
core   0: 3 0x8000a282 (0x00006f17) x30 0x80010282
core   0: 0x8000a286 (0xd63f2f23) sw      gp, -642(t5)
core   0: 3 0x8000a286 (0xd63f2f23) mem 0x80010000 0x00000001
core   0: 0x8000a28a (0x0000bfe5) c.j     pc - 8
core   0: 3 0x8000a28a (0xbfe5)
core   0: 0x8000a282 (0x00006f17) auipc   t5, 0x6
core   0: 3 0x8000a282 (0x00006f17) x30 0x80010282
core   0: 0x8000a286 (0xd63f2f23) sw      gp, -642(t5)
core   0: 3 0x8000a286 (0xd63f2f23) mem 0x80010000 0x00000001
core   0: 0x8000a28a (0x0000bfe5) c.j     pc - 8
core   0: 3 0x8000a28a (0xbfe5)
core   0: 0x8000a282 (0x00006f17) auipc   t5, 0x6
core   0: 3 0x8000a282 (0x00006f17) x30 0x80010282
core   0: 0x8000a286 (0xd63f2f23) sw      gp, -642(t5)
core   0: 3 0x8000a286 (0xd63f2f23) mem 0x80010000 0x00000001
core   0: 0x8000a28a (0x0000bfe5) c.j     pc - 8
core   0: 3 0x8000a28a (0xbfe5)
core   0: 0x8000a282 (0x00006f17) auipc   t5, 0x6
core   0: 3 0x8000a282 (0x00006f17) x30 0x80010282
core   0: 0x8000a286 (0xd63f2f23) sw      gp, -642(t5)
core   0: 3 0x8000a286 (0xd63f2f23) mem 0x80010000 0x00000001
core   0: 0x8000a28a (0x0000bfe5) c.j     pc - 8
core   0: 3 0x8000a28a (0xbfe5)
core   0: 0x8000a282 (0x00006f17) auipc   t5, 0x6
core   0: 3 0x8000a282 (0x00006f17) x30 0x80010282
core   0: 0x8000a286 (0xd63f2f23) sw      gp, -642(t5)
core   0: 3 0x8000a286 (0xd63f2f23) mem 0x80010000 0x00000001
core   0: 0x8000a28a (0x0000bfe5) c.j     pc - 8
core   0: 3 0x8000a28a (0xbfe5)
core   0: 0x8000a282 (0x00006f17) auipc   t5, 0x6
core   0: 3 0x8000a282 (0x00006f17) x30 0x80010282
core   0: 0x8000a286 (0xd63f2f23) sw      gp, -642(t5)
core   0: 3 0x8000a286 (0xd63f2f23) mem 0x80010000 0x00000001
core   0: 0x8000a28a (0x0000bfe5) c.j     pc - 8
core   0: 3 0x8000a28a (0xbfe5)
core   0: 0x8000a282 (0x00006f17) auipc   t5, 0x6
core   0: 3 0x8000a282 (0x00006f17) x30 0x80010282
core   0: 0x8000a286 (0xd63f2f23) sw      gp, -642(t5)
core   0: 3 0x8000a286 (0xd63f2f23) mem 0x80010000 0x00000001
core   0: 0x8000a28a (0x0000bfe5) c.j     pc - 8
core   0: 3 0x8000a28a (0xbfe5)
core   0: 0x8000a282 (0x00006f17) auipc   t5, 0x6
core   0: 3 0x8000a282 (0x00006f17) x30 0x80010282
core   0: 0x8000a286 (0xd63f2f23) sw      gp, -642(t5)
core   0: 3 0x8000a286 (0xd63f2f23) mem 0x80010000 0x00000001
core   0: 0x8000a28a (0x0000bfe5) c.j     pc - 8
core   0: 3 0x8000a28a (0xbfe5)
core   0: 0x8000a282 (0x00006f17) auipc   t5, 0x6
core   0: 3 0x8000a282 (0x00006f17) x30 0x80010282
core   0: 0x8000a286 (0xd63f2f23) sw      gp, -642(t5)
core   0: 3 0x8000a286 (0xd63f2f23) mem 0x80010000 0x00000001
core   0: 0x8000a28a (0x0000bfe5) c.j     pc - 8
core   0: 3 0x8000a28a (0xbfe5)
core   0: 0x8000a282 (0x00006f17) auipc   t5, 0x6
core   0: 3 0x8000a282 (0x00006f17) x30 0x80010282
core   0: 0x8000a286 (0xd63f2f23) sw      gp, -642(t5)
core   0: 3 0x8000a286 (0xd63f2f23) mem 0x80010000 0x00000001
core   0: 0x8000a28a (0x0000bfe5) c.j     pc - 8
core   0: 3 0x8000a28a (0xbfe5)
core   0: 0x8000a282 (0x00006f17) auipc   t5, 0x6
core   0: 3 0x8000a282 (0x00006f17) x30 0x80010282
core   0: 0x8000a286 (0xd63f2f23) sw      gp, -642(t5)
core   0: 3 0x8000a286 (0xd63f2f23) mem 0x80010000 0x00000001
core   0: 0x8000a28a (0x0000bfe5) c.j     pc - 8
core   0: 3 0x8000a28a (0xbfe5)
core   0: 0x8000a282 (0x00006f17) auipc   t5, 0x6
core   0: 3 0x8000a282 (0x00006f17) x30 0x80010282
core   0: 0x8000a286 (0xd63f2f23) sw      gp, -642(t5)
core   0: 3 0x8000a286 (0xd63f2f23) mem 0x80010000 0x00000001
core   0: 0x8000a28a (0x0000bfe5) c.j     pc - 8
core   0: 3 0x8000a28a (0xbfe5)
core   0: 0x8000a282 (0x00006f17) auipc   t5, 0x6
core   0: 3 0x8000a282 (0x00006f17) x30 0x80010282
core   0: 0x8000a286 (0xd63f2f23) sw      gp, -642(t5)
core   0: 3 0x8000a286 (0xd63f2f23) mem 0x80010000 0x00000001
core   0: 0x8000a28a (0x0000bfe5) c.j     pc - 8
core   0: 3 0x8000a28a (0xbfe5)
core   0: 0x8000a282 (0x00006f17) auipc   t5, 0x6
core   0: 3 0x8000a282 (0x00006f17) x30 0x80010282
core   0: 0x8000a286 (0xd63f2f23) sw      gp, -642(t5)
core   0: 3 0x8000a286 (0xd63f2f23) mem 0x80010000 0x00000001
core   0: 0x8000a28a (0x0000bfe5) c.j     pc - 8
core   0: 3 0x8000a28a (0xbfe5)
core   0: 0x8000a282 (0x00006f17) auipc   t5, 0x6
core   0: 3 0x8000a282 (0x00006f17) x30 0x80010282
core   0: 0x8000a286 (0xd63f2f23) sw      gp, -642(t5)
core   0: 3 0x8000a286 (0xd63f2f23) mem 0x80010000 0x00000001
core   0: 0x8000a28a (0x0000bfe5) c.j     pc - 8
core   0: 3 0x8000a28a (0xbfe5)
core   0: 0x8000a282 (0x00006f17) auipc   t5, 0x6
core   0: 3 0x8000a282 (0x00006f17) x30 0x80010282
core   0: 0x8000a286 (0xd63f2f23) sw      gp, -642(t5)
core   0: 3 0x8000a286 (0xd63f2f23) mem 0x80010000 0x00000001
core   0: 0x8000a28a (0x0000bfe5) c.j     pc - 8
core   0: 3 0x8000a28a (0xbfe5)
core   0: 0x8000a282 (0x00006f17) auipc   t5, 0x6
core   0: 3 0x8000a282 (0x00006f17) x30 0x80010282
core   0: 0x8000a286 (0xd63f2f23) sw      gp, -642(t5)
core   0: 3 0x8000a286 (0xd63f2f23) mem 0x80010000 0x00000001
core   0: 0x8000a28a (0x0000bfe5) c.j     pc - 8
core   0: 3 0x8000a28a (0xbfe5)
core   0: 0x8000a282 (0x00006f17) auipc   t5, 0x6
core   0: 3 0x8000a282 (0x00006f17) x30 0x80010282
core   0: 0x8000a286 (0xd63f2f23) sw      gp, -642(t5)
core   0: 3 0x8000a286 (0xd63f2f23) mem 0x80010000 0x00000001
core   0: 0x8000a28a (0x0000bfe5) c.j     pc - 8
core   0: 3 0x8000a28a (0xbfe5)
core   0: 0x8000a282 (0x00006f17) auipc   t5, 0x6
core   0: 3 0x8000a282 (0x00006f17) x30 0x80010282
core   0: 0x8000a286 (0xd63f2f23) sw      gp, -642(t5)
core   0: 3 0x8000a286 (0xd63f2f23) mem 0x80010000 0x00000001
core   0: 0x8000a28a (0x0000bfe5) c.j     pc - 8
core   0: 3 0x8000a28a (0xbfe5)
core   0: 0x8000a282 (0x00006f17) auipc   t5, 0x6
core   0: 3 0x8000a282 (0x00006f17) x30 0x80010282
core   0: 0x8000a286 (0xd63f2f23) sw      gp, -642(t5)
core   0: 3 0x8000a286 (0xd63f2f23) mem 0x80010000 0x00000001
core   0: 0x8000a28a (0x0000bfe5) c.j     pc - 8
core   0: 3 0x8000a28a (0xbfe5)
core   0: 0x8000a282 (0x00006f17) auipc   t5, 0x6
core   0: 3 0x8000a282 (0x00006f17) x30 0x80010282
core   0: 0x8000a286 (0xd63f2f23) sw      gp, -642(t5)
core   0: 3 0x8000a286 (0xd63f2f23) mem 0x80010000 0x00000001
core   0: 0x8000a28a (0x0000bfe5) c.j     pc - 8
core   0: 3 0x8000a28a (0xbfe5)
core   0: 0x8000a282 (0x00006f17) auipc   t5, 0x6
core   0: 3 0x8000a282 (0x00006f17) x30 0x80010282
core   0: 0x8000a286 (0xd63f2f23) sw      gp, -642(t5)
core   0: 3 0x8000a286 (0xd63f2f23) mem 0x80010000 0x00000001
core   0: 0x8000a28a (0x0000bfe5) c.j     pc - 8
core   0: 3 0x8000a28a (0xbfe5)
core   0: 0x8000a282 (0x00006f17) auipc   t5, 0x6
core   0: 3 0x8000a282 (0x00006f17) x30 0x80010282
core   0: 0x8000a286 (0xd63f2f23) sw      gp, -642(t5)
core   0: 3 0x8000a286 (0xd63f2f23) mem 0x80010000 0x00000001
core   0: 0x8000a28a (0x0000bfe5) c.j     pc - 8
core   0: 3 0x8000a28a (0xbfe5)
core   0: 0x8000a282 (0x00006f17) auipc   t5, 0x6
core   0: 3 0x8000a282 (0x00006f17) x30 0x80010282
core   0: 0x8000a286 (0xd63f2f23) sw      gp, -642(t5)
core   0: 3 0x8000a286 (0xd63f2f23) mem 0x80010000 0x00000001
core   0: 0x8000a28a (0x0000bfe5) c.j     pc - 8
core   0: 3 0x8000a28a (0xbfe5)
core   0: 0x8000a282 (0x00006f17) auipc   t5, 0x6
core   0: 3 0x8000a282 (0x00006f17) x30 0x80010282
core   0: 0x8000a286 (0xd63f2f23) sw      gp, -642(t5)
core   0: 3 0x8000a286 (0xd63f2f23) mem 0x80010000 0x00000001
core   0: 0x8000a28a (0x0000bfe5) c.j     pc - 8
core   0: 3 0x8000a28a (0xbfe5)
core   0: 0x8000a282 (0x00006f17) auipc   t5, 0x6
core   0: 3 0x8000a282 (0x00006f17) x30 0x80010282
core   0: 0x8000a286 (0xd63f2f23) sw      gp, -642(t5)
core   0: 3 0x8000a286 (0xd63f2f23) mem 0x80010000 0x00000001
core   0: 0x8000a28a (0x0000bfe5) c.j     pc - 8
core   0: 3 0x8000a28a (0xbfe5)
core   0: 0x8000a282 (0x00006f17) auipc   t5, 0x6
core   0: 3 0x8000a282 (0x00006f17) x30 0x80010282
core   0: 0x8000a286 (0xd63f2f23) sw      gp, -642(t5)
core   0: 3 0x8000a286 (0xd63f2f23) mem 0x80010000 0x00000001
core   0: 0x8000a28a (0x0000bfe5) c.j     pc - 8
core   0: 3 0x8000a28a (0xbfe5)
core   0: 0x8000a282 (0x00006f17) auipc   t5, 0x6
core   0: 3 0x8000a282 (0x00006f17) x30 0x80010282
core   0: 0x8000a286 (0xd63f2f23) sw      gp, -642(t5)
core   0: 3 0x8000a286 (0xd63f2f23) mem 0x80010000 0x00000001
core   0: 0x8000a28a (0x0000bfe5) c.j     pc - 8
core   0: 3 0x8000a28a (0xbfe5)
core   0: 0x8000a282 (0x00006f17) auipc   t5, 0x6
core   0: 3 0x8000a282 (0x00006f17) x30 0x80010282
core   0: 0x8000a286 (0xd63f2f23) sw      gp, -642(t5)
core   0: 3 0x8000a286 (0xd63f2f23) mem 0x80010000 0x00000001
core   0: 0x8000a28a (0x0000bfe5) c.j     pc - 8
core   0: 3 0x8000a28a (0xbfe5)
core   0: 0x8000a282 (0x00006f17) auipc   t5, 0x6
core   0: 3 0x8000a282 (0x00006f17) x30 0x80010282
core   0: 0x8000a286 (0xd63f2f23) sw      gp, -642(t5)
core   0: 3 0x8000a286 (0xd63f2f23) mem 0x80010000 0x00000001
core   0: 0x8000a28a (0x0000bfe5) c.j     pc - 8
core   0: 3 0x8000a28a (0xbfe5)
core   0: 0x8000a282 (0x00006f17) auipc   t5, 0x6
core   0: 3 0x8000a282 (0x00006f17) x30 0x80010282
core   0: 0x8000a286 (0xd63f2f23) sw      gp, -642(t5)
core   0: 3 0x8000a286 (0xd63f2f23) mem 0x80010000 0x00000001
core   0: 0x8000a28a (0x0000bfe5) c.j     pc - 8
core   0: 3 0x8000a28a (0xbfe5)
core   0: 0x8000a282 (0x00006f17) auipc   t5, 0x6
core   0: 3 0x8000a282 (0x00006f17) x30 0x80010282
core   0: 0x8000a286 (0xd63f2f23) sw      gp, -642(t5)
core   0: 3 0x8000a286 (0xd63f2f23) mem 0x80010000 0x00000001
core   0: 0x8000a28a (0x0000bfe5) c.j     pc - 8
core   0: 3 0x8000a28a (0xbfe5)
core   0: 0x8000a282 (0x00006f17) auipc   t5, 0x6
core   0: 3 0x8000a282 (0x00006f17) x30 0x80010282
core   0: 0x8000a286 (0xd63f2f23) sw      gp, -642(t5)
core   0: 3 0x8000a286 (0xd63f2f23) mem 0x80010000 0x00000001
core   0: 0x8000a28a (0x0000bfe5) c.j     pc - 8
core   0: 3 0x8000a28a (0xbfe5)
core   0: 0x8000a282 (0x00006f17) auipc   t5, 0x6
core   0: 3 0x8000a282 (0x00006f17) x30 0x80010282
core   0: 0x8000a286 (0xd63f2f23) sw      gp, -642(t5)
core   0: 3 0x8000a286 (0xd63f2f23) mem 0x80010000 0x00000001
core   0: 0x8000a28a (0x0000bfe5) c.j     pc - 8
core   0: 3 0x8000a28a (0xbfe5)
core   0: 0x8000a282 (0x00006f17) auipc   t5, 0x6
core   0: 3 0x8000a282 (0x00006f17) x30 0x80010282
core   0: 0x8000a286 (0xd63f2f23) sw      gp, -642(t5)
core   0: 3 0x8000a286 (0xd63f2f23) mem 0x80010000 0x00000001
core   0: 0x8000a28a (0x0000bfe5) c.j     pc - 8
core   0: 3 0x8000a28a (0xbfe5)
core   0: 0x8000a282 (0x00006f17) auipc   t5, 0x6
core   0: 3 0x8000a282 (0x00006f17) x30 0x80010282
core   0: 0x8000a286 (0xd63f2f23) sw      gp, -642(t5)
core   0: 3 0x8000a286 (0xd63f2f23) mem 0x80010000 0x00000001
core   0: 0x8000a28a (0x0000bfe5) c.j     pc - 8
core   0: 3 0x8000a28a (0xbfe5)
core   0: 0x8000a282 (0x00006f17) auipc   t5, 0x6
core   0: 3 0x8000a282 (0x00006f17) x30 0x80010282
core   0: 0x8000a286 (0xd63f2f23) sw      gp, -642(t5)
core   0: 3 0x8000a286 (0xd63f2f23) mem 0x80010000 0x00000001
core   0: 0x8000a28a (0x0000bfe5) c.j     pc - 8
core   0: 3 0x8000a28a (0xbfe5)
core   0: 0x8000a282 (0x00006f17) auipc   t5, 0x6
core   0: 3 0x8000a282 (0x00006f17) x30 0x80010282
core   0: 0x8000a286 (0xd63f2f23) sw      gp, -642(t5)
core   0: 3 0x8000a286 (0xd63f2f23) mem 0x80010000 0x00000001
core   0: 0x8000a28a (0x0000bfe5) c.j     pc - 8
core   0: 3 0x8000a28a (0xbfe5)
core   0: 0x8000a282 (0x00006f17) auipc   t5, 0x6
core   0: 3 0x8000a282 (0x00006f17) x30 0x80010282
core   0: 0x8000a286 (0xd63f2f23) sw      gp, -642(t5)
core   0: 3 0x8000a286 (0xd63f2f23) mem 0x80010000 0x00000001
core   0: 0x8000a28a (0x0000bfe5) c.j     pc - 8
core   0: 3 0x8000a28a (0xbfe5)
core   0: 0x8000a282 (0x00006f17) auipc   t5, 0x6
core   0: 3 0x8000a282 (0x00006f17) x30 0x80010282
core   0: 0x8000a286 (0xd63f2f23) sw      gp, -642(t5)
core   0: 3 0x8000a286 (0xd63f2f23) mem 0x80010000 0x00000001
core   0: 0x8000a28a (0x0000bfe5) c.j     pc - 8
core   0: 3 0x8000a28a (0xbfe5)
core   0: 0x8000a282 (0x00006f17) auipc   t5, 0x6
core   0: 3 0x8000a282 (0x00006f17) x30 0x80010282
core   0: 0x8000a286 (0xd63f2f23) sw      gp, -642(t5)
core   0: 3 0x8000a286 (0xd63f2f23) mem 0x80010000 0x00000001
core   0: 0x8000a28a (0x0000bfe5) c.j     pc - 8
core   0: 3 0x8000a28a (0xbfe5)
core   0: 0x8000a282 (0x00006f17) auipc   t5, 0x6
core   0: 3 0x8000a282 (0x00006f17) x30 0x80010282
core   0: 0x8000a286 (0xd63f2f23) sw      gp, -642(t5)
core   0: 3 0x8000a286 (0xd63f2f23) mem 0x80010000 0x00000001
core   0: 0x8000a28a (0x0000bfe5) c.j     pc - 8
core   0: 3 0x8000a28a (0xbfe5)
core   0: 0x8000a282 (0x00006f17) auipc   t5, 0x6
core   0: 3 0x8000a282 (0x00006f17) x30 0x80010282
core   0: 0x8000a286 (0xd63f2f23) sw      gp, -642(t5)
core   0: 3 0x8000a286 (0xd63f2f23) mem 0x80010000 0x00000001
core   0: 0x8000a28a (0x0000bfe5) c.j     pc - 8
core   0: 3 0x8000a28a (0xbfe5)
core   0: 0x8000a282 (0x00006f17) auipc   t5, 0x6
core   0: 3 0x8000a282 (0x00006f17) x30 0x80010282
core   0: 0x8000a286 (0xd63f2f23) sw      gp, -642(t5)
core   0: 3 0x8000a286 (0xd63f2f23) mem 0x80010000 0x00000001
core   0: 0x8000a28a (0x0000bfe5) c.j     pc - 8
core   0: 3 0x8000a28a (0xbfe5)
core   0: 0x8000a282 (0x00006f17) auipc   t5, 0x6
core   0: 3 0x8000a282 (0x00006f17) x30 0x80010282
core   0: 0x8000a286 (0xd63f2f23) sw      gp, -642(t5)
core   0: 3 0x8000a286 (0xd63f2f23) mem 0x80010000 0x00000001
core   0: 0x8000a28a (0x0000bfe5) c.j     pc - 8
core   0: 3 0x8000a28a (0xbfe5)
core   0: 0x8000a282 (0x00006f17) auipc   t5, 0x6
core   0: 3 0x8000a282 (0x00006f17) x30 0x80010282
core   0: 0x8000a286 (0xd63f2f23) sw      gp, -642(t5)
core   0: 3 0x8000a286 (0xd63f2f23) mem 0x80010000 0x00000001
core   0: 0x8000a28a (0x0000bfe5) c.j     pc - 8
core   0: 3 0x8000a28a (0xbfe5)
core   0: 0x8000a282 (0x00006f17) auipc   t5, 0x6
core   0: 3 0x8000a282 (0x00006f17) x30 0x80010282
core   0: 0x8000a286 (0xd63f2f23) sw      gp, -642(t5)
core   0: 3 0x8000a286 (0xd63f2f23) mem 0x80010000 0x00000001
core   0: 0x8000a28a (0x0000bfe5) c.j     pc - 8
core   0: 3 0x8000a28a (0xbfe5)
core   0: 0x8000a282 (0x00006f17) auipc   t5, 0x6
core   0: 3 0x8000a282 (0x00006f17) x30 0x80010282
core   0: 0x8000a286 (0xd63f2f23) sw      gp, -642(t5)
core   0: 3 0x8000a286 (0xd63f2f23) mem 0x80010000 0x00000001
core   0: 0x8000a28a (0x0000bfe5) c.j     pc - 8
core   0: 3 0x8000a28a (0xbfe5)
core   0: 0x8000a282 (0x00006f17) auipc   t5, 0x6
core   0: 3 0x8000a282 (0x00006f17) x30 0x80010282
core   0: 0x8000a286 (0xd63f2f23) sw      gp, -642(t5)
core   0: 3 0x8000a286 (0xd63f2f23) mem 0x80010000 0x00000001
core   0: 0x8000a28a (0x0000bfe5) c.j     pc - 8
core   0: 3 0x8000a28a (0xbfe5)
core   0: 0x8000a282 (0x00006f17) auipc   t5, 0x6
core   0: 3 0x8000a282 (0x00006f17) x30 0x80010282
core   0: 0x8000a286 (0xd63f2f23) sw      gp, -642(t5)
core   0: 3 0x8000a286 (0xd63f2f23) mem 0x80010000 0x00000001
core   0: 0x8000a28a (0x0000bfe5) c.j     pc - 8
core   0: 3 0x8000a28a (0xbfe5)
core   0: 0x8000a282 (0x00006f17) auipc   t5, 0x6
core   0: 3 0x8000a282 (0x00006f17) x30 0x80010282
core   0: 0x8000a286 (0xd63f2f23) sw      gp, -642(t5)
core   0: 3 0x8000a286 (0xd63f2f23) mem 0x80010000 0x00000001
core   0: 0x8000a28a (0x0000bfe5) c.j     pc - 8
core   0: 3 0x8000a28a (0xbfe5)
core   0: 0x8000a282 (0x00006f17) auipc   t5, 0x6
core   0: 3 0x8000a282 (0x00006f17) x30 0x80010282
core   0: 0x8000a286 (0xd63f2f23) sw      gp, -642(t5)
core   0: 3 0x8000a286 (0xd63f2f23) mem 0x80010000 0x00000001
core   0: 0x8000a28a (0x0000bfe5) c.j     pc - 8
core   0: 3 0x8000a28a (0xbfe5)
core   0: 0x8000a282 (0x00006f17) auipc   t5, 0x6
core   0: 3 0x8000a282 (0x00006f17) x30 0x80010282
core   0: 0x8000a286 (0xd63f2f23) sw      gp, -642(t5)
core   0: 3 0x8000a286 (0xd63f2f23) mem 0x80010000 0x00000001
core   0: 0x8000a28a (0x0000bfe5) c.j     pc - 8
core   0: 3 0x8000a28a (0xbfe5)
core   0: 0x8000a282 (0x00006f17) auipc   t5, 0x6
core   0: 3 0x8000a282 (0x00006f17) x30 0x80010282
core   0: 0x8000a286 (0xd63f2f23) sw      gp, -642(t5)
core   0: 3 0x8000a286 (0xd63f2f23) mem 0x80010000 0x00000001
core   0: 0x8000a28a (0x0000bfe5) c.j     pc - 8
core   0: 3 0x8000a28a (0xbfe5)
core   0: 0x8000a282 (0x00006f17) auipc   t5, 0x6
core   0: 3 0x8000a282 (0x00006f17) x30 0x80010282
core   0: 0x8000a286 (0xd63f2f23) sw      gp, -642(t5)
core   0: 3 0x8000a286 (0xd63f2f23) mem 0x80010000 0x00000001
core   0: 0x8000a28a (0x0000bfe5) c.j     pc - 8
core   0: 3 0x8000a28a (0xbfe5)
core   0: 0x8000a282 (0x00006f17) auipc   t5, 0x6
core   0: 3 0x8000a282 (0x00006f17) x30 0x80010282
core   0: 0x8000a286 (0xd63f2f23) sw      gp, -642(t5)
core   0: 3 0x8000a286 (0xd63f2f23) mem 0x80010000 0x00000001
core   0: 0x8000a28a (0x0000bfe5) c.j     pc - 8
core   0: 3 0x8000a28a (0xbfe5)
core   0: 0x8000a282 (0x00006f17) auipc   t5, 0x6
core   0: 3 0x8000a282 (0x00006f17) x30 0x80010282
core   0: 0x8000a286 (0xd63f2f23) sw      gp, -642(t5)
core   0: 3 0x8000a286 (0xd63f2f23) mem 0x80010000 0x00000001
core   0: 0x8000a28a (0x0000bfe5) c.j     pc - 8
core   0: 3 0x8000a28a (0xbfe5)
core   0: 0x8000a282 (0x00006f17) auipc   t5, 0x6
core   0: 3 0x8000a282 (0x00006f17) x30 0x80010282
core   0: 0x8000a286 (0xd63f2f23) sw      gp, -642(t5)
core   0: 3 0x8000a286 (0xd63f2f23) mem 0x80010000 0x00000001
core   0: 0x8000a28a (0x0000bfe5) c.j     pc - 8
core   0: 3 0x8000a28a (0xbfe5)
core   0: 0x8000a282 (0x00006f17) auipc   t5, 0x6
core   0: 3 0x8000a282 (0x00006f17) x30 0x80010282
core   0: 0x8000a286 (0xd63f2f23) sw      gp, -642(t5)
core   0: 3 0x8000a286 (0xd63f2f23) mem 0x80010000 0x00000001
core   0: 0x8000a28a (0x0000bfe5) c.j     pc - 8
core   0: 3 0x8000a28a (0xbfe5)
core   0: 0x8000a282 (0x00006f17) auipc   t5, 0x6
core   0: 3 0x8000a282 (0x00006f17) x30 0x80010282
core   0: 0x8000a286 (0xd63f2f23) sw      gp, -642(t5)
core   0: 3 0x8000a286 (0xd63f2f23) mem 0x80010000 0x00000001
core   0: 0x8000a28a (0x0000bfe5) c.j     pc - 8
core   0: 3 0x8000a28a (0xbfe5)
core   0: 0x8000a282 (0x00006f17) auipc   t5, 0x6
core   0: 3 0x8000a282 (0x00006f17) x30 0x80010282
core   0: 0x8000a286 (0xd63f2f23) sw      gp, -642(t5)
core   0: 3 0x8000a286 (0xd63f2f23) mem 0x80010000 0x00000001
core   0: 0x8000a28a (0x0000bfe5) c.j     pc - 8
core   0: 3 0x8000a28a (0xbfe5)
core   0: 0x8000a282 (0x00006f17) auipc   t5, 0x6
core   0: 3 0x8000a282 (0x00006f17) x30 0x80010282
core   0: 0x8000a286 (0xd63f2f23) sw      gp, -642(t5)
core   0: 3 0x8000a286 (0xd63f2f23) mem 0x80010000 0x00000001
core   0: 0x8000a28a (0x0000bfe5) c.j     pc - 8
core   0: 3 0x8000a28a (0xbfe5)
core   0: 0x8000a282 (0x00006f17) auipc   t5, 0x6
core   0: 3 0x8000a282 (0x00006f17) x30 0x80010282
core   0: 0x8000a286 (0xd63f2f23) sw      gp, -642(t5)
core   0: 3 0x8000a286 (0xd63f2f23) mem 0x80010000 0x00000001
core   0: 0x8000a28a (0x0000bfe5) c.j     pc - 8
core   0: 3 0x8000a28a (0xbfe5)
core   0: 0x8000a282 (0x00006f17) auipc   t5, 0x6
core   0: 3 0x8000a282 (0x00006f17) x30 0x80010282
core   0: 0x8000a286 (0xd63f2f23) sw      gp, -642(t5)
core   0: 3 0x8000a286 (0xd63f2f23) mem 0x80010000 0x00000001
core   0: 0x8000a28a (0x0000bfe5) c.j     pc - 8
core   0: 3 0x8000a28a (0xbfe5)
core   0: 0x8000a282 (0x00006f17) auipc   t5, 0x6
core   0: 3 0x8000a282 (0x00006f17) x30 0x80010282
core   0: 0x8000a286 (0xd63f2f23) sw      gp, -642(t5)
core   0: 3 0x8000a286 (0xd63f2f23) mem 0x80010000 0x00000001
core   0: 0x8000a28a (0x0000bfe5) c.j     pc - 8
core   0: 3 0x8000a28a (0xbfe5)
core   0: 0x8000a282 (0x00006f17) auipc   t5, 0x6
core   0: 3 0x8000a282 (0x00006f17) x30 0x80010282
core   0: 0x8000a286 (0xd63f2f23) sw      gp, -642(t5)
core   0: 3 0x8000a286 (0xd63f2f23) mem 0x80010000 0x00000001
core   0: 0x8000a28a (0x0000bfe5) c.j     pc - 8
core   0: 3 0x8000a28a (0xbfe5)
core   0: 0x8000a282 (0x00006f17) auipc   t5, 0x6
core   0: 3 0x8000a282 (0x00006f17) x30 0x80010282
core   0: 0x8000a286 (0xd63f2f23) sw      gp, -642(t5)
core   0: 3 0x8000a286 (0xd63f2f23) mem 0x80010000 0x00000001
core   0: 0x8000a28a (0x0000bfe5) c.j     pc - 8
core   0: 3 0x8000a28a (0xbfe5)
core   0: 0x8000a282 (0x00006f17) auipc   t5, 0x6
core   0: 3 0x8000a282 (0x00006f17) x30 0x80010282
core   0: 0x8000a286 (0xd63f2f23) sw      gp, -642(t5)
core   0: 3 0x8000a286 (0xd63f2f23) mem 0x80010000 0x00000001
core   0: 0x8000a28a (0x0000bfe5) c.j     pc - 8
core   0: 3 0x8000a28a (0xbfe5)
core   0: 0x8000a282 (0x00006f17) auipc   t5, 0x6
core   0: 3 0x8000a282 (0x00006f17) x30 0x80010282
core   0: 0x8000a286 (0xd63f2f23) sw      gp, -642(t5)
core   0: 3 0x8000a286 (0xd63f2f23) mem 0x80010000 0x00000001
core   0: 0x8000a28a (0x0000bfe5) c.j     pc - 8
core   0: 3 0x8000a28a (0xbfe5)
core   0: 0x8000a282 (0x00006f17) auipc   t5, 0x6
core   0: 3 0x8000a282 (0x00006f17) x30 0x80010282
core   0: 0x8000a286 (0xd63f2f23) sw      gp, -642(t5)
core   0: 3 0x8000a286 (0xd63f2f23) mem 0x80010000 0x00000001
core   0: 0x8000a28a (0x0000bfe5) c.j     pc - 8
core   0: 3 0x8000a28a (0xbfe5)
core   0: 0x8000a282 (0x00006f17) auipc   t5, 0x6
core   0: 3 0x8000a282 (0x00006f17) x30 0x80010282
core   0: 0x8000a286 (0xd63f2f23) sw      gp, -642(t5)
core   0: 3 0x8000a286 (0xd63f2f23) mem 0x80010000 0x00000001
core   0: 0x8000a28a (0x0000bfe5) c.j     pc - 8
core   0: 3 0x8000a28a (0xbfe5)
core   0: 0x8000a282 (0x00006f17) auipc   t5, 0x6
core   0: 3 0x8000a282 (0x00006f17) x30 0x80010282
core   0: 0x8000a286 (0xd63f2f23) sw      gp, -642(t5)
core   0: 3 0x8000a286 (0xd63f2f23) mem 0x80010000 0x00000001
core   0: 0x8000a28a (0x0000bfe5) c.j     pc - 8
core   0: 3 0x8000a28a (0xbfe5)
core   0: 0x8000a282 (0x00006f17) auipc   t5, 0x6
core   0: 3 0x8000a282 (0x00006f17) x30 0x80010282
core   0: 0x8000a286 (0xd63f2f23) sw      gp, -642(t5)
core   0: 3 0x8000a286 (0xd63f2f23) mem 0x80010000 0x00000001
core   0: 0x8000a28a (0x0000bfe5) c.j     pc - 8
core   0: 3 0x8000a28a (0xbfe5)
core   0: 0x8000a282 (0x00006f17) auipc   t5, 0x6
core   0: 3 0x8000a282 (0x00006f17) x30 0x80010282
core   0: 0x8000a286 (0xd63f2f23) sw      gp, -642(t5)
core   0: 3 0x8000a286 (0xd63f2f23) mem 0x80010000 0x00000001
core   0: 0x8000a28a (0x0000bfe5) c.j     pc - 8
core   0: 3 0x8000a28a (0xbfe5)
core   0: 0x8000a282 (0x00006f17) auipc   t5, 0x6
core   0: 3 0x8000a282 (0x00006f17) x30 0x80010282
core   0: 0x8000a286 (0xd63f2f23) sw      gp, -642(t5)
core   0: 3 0x8000a286 (0xd63f2f23) mem 0x80010000 0x00000001
core   0: 0x8000a28a (0x0000bfe5) c.j     pc - 8
core   0: 3 0x8000a28a (0xbfe5)
core   0: 0x8000a282 (0x00006f17) auipc   t5, 0x6
core   0: 3 0x8000a282 (0x00006f17) x30 0x80010282
core   0: 0x8000a286 (0xd63f2f23) sw      gp, -642(t5)
core   0: 3 0x8000a286 (0xd63f2f23) mem 0x80010000 0x00000001
core   0: 0x8000a28a (0x0000bfe5) c.j     pc - 8
core   0: 3 0x8000a28a (0xbfe5)
core   0: 0x8000a282 (0x00006f17) auipc   t5, 0x6
core   0: 3 0x8000a282 (0x00006f17) x30 0x80010282
core   0: 0x8000a286 (0xd63f2f23) sw      gp, -642(t5)
core   0: 3 0x8000a286 (0xd63f2f23) mem 0x80010000 0x00000001
core   0: 0x8000a28a (0x0000bfe5) c.j     pc - 8
core   0: 3 0x8000a28a (0xbfe5)
core   0: 0x8000a282 (0x00006f17) auipc   t5, 0x6
core   0: 3 0x8000a282 (0x00006f17) x30 0x80010282
core   0: 0x8000a286 (0xd63f2f23) sw      gp, -642(t5)
core   0: 3 0x8000a286 (0xd63f2f23) mem 0x80010000 0x00000001
core   0: 0x8000a28a (0x0000bfe5) c.j     pc - 8
core   0: 3 0x8000a28a (0xbfe5)
core   0: 0x8000a282 (0x00006f17) auipc   t5, 0x6
core   0: 3 0x8000a282 (0x00006f17) x30 0x80010282
core   0: 0x8000a286 (0xd63f2f23) sw      gp, -642(t5)
core   0: 3 0x8000a286 (0xd63f2f23) mem 0x80010000 0x00000001
core   0: 0x8000a28a (0x0000bfe5) c.j     pc - 8
core   0: 3 0x8000a28a (0xbfe5)
core   0: 0x8000a282 (0x00006f17) auipc   t5, 0x6
core   0: 3 0x8000a282 (0x00006f17) x30 0x80010282
core   0: 0x8000a286 (0xd63f2f23) sw      gp, -642(t5)
core   0: 3 0x8000a286 (0xd63f2f23) mem 0x80010000 0x00000001
core   0: 0x8000a28a (0x0000bfe5) c.j     pc - 8
core   0: 3 0x8000a28a (0xbfe5)
core   0: 0x8000a282 (0x00006f17) auipc   t5, 0x6
core   0: 3 0x8000a282 (0x00006f17) x30 0x80010282
core   0: 0x8000a286 (0xd63f2f23) sw      gp, -642(t5)
core   0: 3 0x8000a286 (0xd63f2f23) mem 0x80010000 0x00000001
core   0: 0x8000a28a (0x0000bfe5) c.j     pc - 8
core   0: 3 0x8000a28a (0xbfe5)
core   0: 0x8000a282 (0x00006f17) auipc   t5, 0x6
core   0: 3 0x8000a282 (0x00006f17) x30 0x80010282
core   0: 0x8000a286 (0xd63f2f23) sw      gp, -642(t5)
core   0: 3 0x8000a286 (0xd63f2f23) mem 0x80010000 0x00000001
core   0: 0x8000a28a (0x0000bfe5) c.j     pc - 8
core   0: 3 0x8000a28a (0xbfe5)
core   0: 0x8000a282 (0x00006f17) auipc   t5, 0x6
core   0: 3 0x8000a282 (0x00006f17) x30 0x80010282
core   0: 0x8000a286 (0xd63f2f23) sw      gp, -642(t5)
core   0: 3 0x8000a286 (0xd63f2f23) mem 0x80010000 0x00000001
core   0: 0x8000a28a (0x0000bfe5) c.j     pc - 8
core   0: 3 0x8000a28a (0xbfe5)
core   0: 0x8000a282 (0x00006f17) auipc   t5, 0x6
core   0: 3 0x8000a282 (0x00006f17) x30 0x80010282
core   0: 0x8000a286 (0xd63f2f23) sw      gp, -642(t5)
core   0: 3 0x8000a286 (0xd63f2f23) mem 0x80010000 0x00000001
core   0: 0x8000a28a (0x0000bfe5) c.j     pc - 8
core   0: 3 0x8000a28a (0xbfe5)
core   0: 0x8000a282 (0x00006f17) auipc   t5, 0x6
core   0: 3 0x8000a282 (0x00006f17) x30 0x80010282
core   0: 0x8000a286 (0xd63f2f23) sw      gp, -642(t5)
core   0: 3 0x8000a286 (0xd63f2f23) mem 0x80010000 0x00000001
core   0: 0x8000a28a (0x0000bfe5) c.j     pc - 8
core   0: 3 0x8000a28a (0xbfe5)
core   0: 0x8000a282 (0x00006f17) auipc   t5, 0x6
core   0: 3 0x8000a282 (0x00006f17) x30 0x80010282
core   0: 0x8000a286 (0xd63f2f23) sw      gp, -642(t5)
core   0: 3 0x8000a286 (0xd63f2f23) mem 0x80010000 0x00000001
core   0: 0x8000a28a (0x0000bfe5) c.j     pc - 8
core   0: 3 0x8000a28a (0xbfe5)
core   0: 0x8000a282 (0x00006f17) auipc   t5, 0x6
core   0: 3 0x8000a282 (0x00006f17) x30 0x80010282
core   0: 0x8000a286 (0xd63f2f23) sw      gp, -642(t5)
core   0: 3 0x8000a286 (0xd63f2f23) mem 0x80010000 0x00000001
core   0: 0x8000a28a (0x0000bfe5) c.j     pc - 8
core   0: 3 0x8000a28a (0xbfe5)
core   0: 0x8000a282 (0x00006f17) auipc   t5, 0x6
core   0: 3 0x8000a282 (0x00006f17) x30 0x80010282
core   0: 0x8000a286 (0xd63f2f23) sw      gp, -642(t5)
core   0: 3 0x8000a286 (0xd63f2f23) mem 0x80010000 0x00000001
core   0: 0x8000a28a (0x0000bfe5) c.j     pc - 8
core   0: 3 0x8000a28a (0xbfe5)
core   0: 0x8000a282 (0x00006f17) auipc   t5, 0x6
core   0: 3 0x8000a282 (0x00006f17) x30 0x80010282
core   0: 0x8000a286 (0xd63f2f23) sw      gp, -642(t5)
core   0: 3 0x8000a286 (0xd63f2f23) mem 0x80010000 0x00000001
core   0: 0x8000a28a (0x0000bfe5) c.j     pc - 8
core   0: 3 0x8000a28a (0xbfe5)
core   0: 0x8000a282 (0x00006f17) auipc   t5, 0x6
core   0: 3 0x8000a282 (0x00006f17) x30 0x80010282
core   0: 0x8000a286 (0xd63f2f23) sw      gp, -642(t5)
core   0: 3 0x8000a286 (0xd63f2f23) mem 0x80010000 0x00000001
core   0: 0x8000a28a (0x0000bfe5) c.j     pc - 8
core   0: 3 0x8000a28a (0xbfe5)
core   0: 0x8000a282 (0x00006f17) auipc   t5, 0x6
core   0: 3 0x8000a282 (0x00006f17) x30 0x80010282
core   0: 0x8000a286 (0xd63f2f23) sw      gp, -642(t5)
core   0: 3 0x8000a286 (0xd63f2f23) mem 0x80010000 0x00000001
core   0: 0x8000a28a (0x0000bfe5) c.j     pc - 8
core   0: 3 0x8000a28a (0xbfe5)
core   0: 0x8000a282 (0x00006f17) auipc   t5, 0x6
core   0: 3 0x8000a282 (0x00006f17) x30 0x80010282
core   0: 0x8000a286 (0xd63f2f23) sw      gp, -642(t5)
core   0: 3 0x8000a286 (0xd63f2f23) mem 0x80010000 0x00000001
core   0: 0x8000a28a (0x0000bfe5) c.j     pc - 8
core   0: 3 0x8000a28a (0xbfe5)
core   0: 0x8000a282 (0x00006f17) auipc   t5, 0x6
core   0: 3 0x8000a282 (0x00006f17) x30 0x80010282
core   0: 0x8000a286 (0xd63f2f23) sw      gp, -642(t5)
core   0: 3 0x8000a286 (0xd63f2f23) mem 0x80010000 0x00000001
core   0: 0x8000a28a (0x0000bfe5) c.j     pc - 8
core   0: 3 0x8000a28a (0xbfe5)
core   0: 0x8000a282 (0x00006f17) auipc   t5, 0x6
core   0: 3 0x8000a282 (0x00006f17) x30 0x80010282
core   0: 0x8000a286 (0xd63f2f23) sw      gp, -642(t5)
core   0: 3 0x8000a286 (0xd63f2f23) mem 0x80010000 0x00000001
core   0: 0x8000a28a (0x0000bfe5) c.j     pc - 8
core   0: 3 0x8000a28a (0xbfe5)
core   0: 0x8000a282 (0x00006f17) auipc   t5, 0x6
core   0: 3 0x8000a282 (0x00006f17) x30 0x80010282
core   0: 0x8000a286 (0xd63f2f23) sw      gp, -642(t5)
core   0: 3 0x8000a286 (0xd63f2f23) mem 0x80010000 0x00000001
core   0: 0x8000a28a (0x0000bfe5) c.j     pc - 8
core   0: 3 0x8000a28a (0xbfe5)
core   0: 0x8000a282 (0x00006f17) auipc   t5, 0x6
core   0: 3 0x8000a282 (0x00006f17) x30 0x80010282
core   0: 0x8000a286 (0xd63f2f23) sw      gp, -642(t5)
core   0: 3 0x8000a286 (0xd63f2f23) mem 0x80010000 0x00000001
core   0: 0x8000a28a (0x0000bfe5) c.j     pc - 8
core   0: 3 0x8000a28a (0xbfe5)
core   0: 0x8000a282 (0x00006f17) auipc   t5, 0x6
core   0: 3 0x8000a282 (0x00006f17) x30 0x80010282
core   0: 0x8000a286 (0xd63f2f23) sw      gp, -642(t5)
core   0: 3 0x8000a286 (0xd63f2f23) mem 0x80010000 0x00000001
core   0: 0x8000a28a (0x0000bfe5) c.j     pc - 8
core   0: 3 0x8000a28a (0xbfe5)
core   0: 0x8000a282 (0x00006f17) auipc   t5, 0x6
core   0: 3 0x8000a282 (0x00006f17) x30 0x80010282
core   0: 0x8000a286 (0xd63f2f23) sw      gp, -642(t5)
core   0: 3 0x8000a286 (0xd63f2f23) mem 0x80010000 0x00000001
core   0: 0x8000a28a (0x0000bfe5) c.j     pc - 8
core   0: 3 0x8000a28a (0xbfe5)
core   0: 0x8000a282 (0x00006f17) auipc   t5, 0x6
core   0: 3 0x8000a282 (0x00006f17) x30 0x80010282
core   0: 0x8000a286 (0xd63f2f23) sw      gp, -642(t5)
core   0: 3 0x8000a286 (0xd63f2f23) mem 0x80010000 0x00000001
core   0: 0x8000a28a (0x0000bfe5) c.j     pc - 8
core   0: 3 0x8000a28a (0xbfe5)
core   0: 0x8000a282 (0x00006f17) auipc   t5, 0x6
core   0: 3 0x8000a282 (0x00006f17) x30 0x80010282
core   0: 0x8000a286 (0xd63f2f23) sw      gp, -642(t5)
core   0: 3 0x8000a286 (0xd63f2f23) mem 0x80010000 0x00000001
core   0: 0x8000a28a (0x0000bfe5) c.j     pc - 8
core   0: 3 0x8000a28a (0xbfe5)
core   0: 0x8000a282 (0x00006f17) auipc   t5, 0x6
core   0: 3 0x8000a282 (0x00006f17) x30 0x80010282
core   0: 0x8000a286 (0xd63f2f23) sw      gp, -642(t5)
core   0: 3 0x8000a286 (0xd63f2f23) mem 0x80010000 0x00000001
core   0: 0x8000a28a (0x0000bfe5) c.j     pc - 8
core   0: 3 0x8000a28a (0xbfe5)
core   0: 0x8000a282 (0x00006f17) auipc   t5, 0x6
core   0: 3 0x8000a282 (0x00006f17) x30 0x80010282
core   0: 0x8000a286 (0xd63f2f23) sw      gp, -642(t5)
core   0: 3 0x8000a286 (0xd63f2f23) mem 0x80010000 0x00000001
core   0: 0x8000a28a (0x0000bfe5) c.j     pc - 8
core   0: 3 0x8000a28a (0xbfe5)
core   0: 0x8000a282 (0x00006f17) auipc   t5, 0x6
core   0: 3 0x8000a282 (0x00006f17) x30 0x80010282
core   0: 0x8000a286 (0xd63f2f23) sw      gp, -642(t5)
core   0: 3 0x8000a286 (0xd63f2f23) mem 0x80010000 0x00000001
core   0: 0x8000a28a (0x0000bfe5) c.j     pc - 8
core   0: 3 0x8000a28a (0xbfe5)
core   0: 0x8000a282 (0x00006f17) auipc   t5, 0x6
core   0: 3 0x8000a282 (0x00006f17) x30 0x80010282
core   0: 0x8000a286 (0xd63f2f23) sw      gp, -642(t5)
core   0: 3 0x8000a286 (0xd63f2f23) mem 0x80010000 0x00000001
core   0: 0x8000a28a (0x0000bfe5) c.j     pc - 8
core   0: 3 0x8000a28a (0xbfe5)
core   0: 0x8000a282 (0x00006f17) auipc   t5, 0x6
core   0: 3 0x8000a282 (0x00006f17) x30 0x80010282
core   0: 0x8000a286 (0xd63f2f23) sw      gp, -642(t5)
core   0: 3 0x8000a286 (0xd63f2f23) mem 0x80010000 0x00000001
core   0: 0x8000a28a (0x0000bfe5) c.j     pc - 8
core   0: 3 0x8000a28a (0xbfe5)
core   0: 0x8000a282 (0x00006f17) auipc   t5, 0x6
core   0: 3 0x8000a282 (0x00006f17) x30 0x80010282
core   0: 0x8000a286 (0xd63f2f23) sw      gp, -642(t5)
core   0: 3 0x8000a286 (0xd63f2f23) mem 0x80010000 0x00000001
core   0: 0x8000a28a (0x0000bfe5) c.j     pc - 8
core   0: 3 0x8000a28a (0xbfe5)
core   0: 0x8000a282 (0x00006f17) auipc   t5, 0x6
core   0: 3 0x8000a282 (0x00006f17) x30 0x80010282
core   0: 0x8000a286 (0xd63f2f23) sw      gp, -642(t5)
core   0: 3 0x8000a286 (0xd63f2f23) mem 0x80010000 0x00000001
core   0: 0x8000a28a (0x0000bfe5) c.j     pc - 8
core   0: 3 0x8000a28a (0xbfe5)
core   0: 0x8000a282 (0x00006f17) auipc   t5, 0x6
core   0: 3 0x8000a282 (0x00006f17) x30 0x80010282
core   0: 0x8000a286 (0xd63f2f23) sw      gp, -642(t5)
core   0: 3 0x8000a286 (0xd63f2f23) mem 0x80010000 0x00000001
core   0: 0x8000a28a (0x0000bfe5) c.j     pc - 8
core   0: 3 0x8000a28a (0xbfe5)
core   0: 0x8000a282 (0x00006f17) auipc   t5, 0x6
core   0: 3 0x8000a282 (0x00006f17) x30 0x80010282
core   0: 0x8000a286 (0xd63f2f23) sw      gp, -642(t5)
core   0: 3 0x8000a286 (0xd63f2f23) mem 0x80010000 0x00000001
core   0: 0x8000a28a (0x0000bfe5) c.j     pc - 8
core   0: 3 0x8000a28a (0xbfe5)
core   0: 0x8000a282 (0x00006f17) auipc   t5, 0x6
core   0: 3 0x8000a282 (0x00006f17) x30 0x80010282
core   0: 0x8000a286 (0xd63f2f23) sw      gp, -642(t5)
core   0: 3 0x8000a286 (0xd63f2f23) mem 0x80010000 0x00000001
core   0: 0x8000a28a (0x0000bfe5) c.j     pc - 8
core   0: 3 0x8000a28a (0xbfe5)
core   0: 0x8000a282 (0x00006f17) auipc   t5, 0x6
core   0: 3 0x8000a282 (0x00006f17) x30 0x80010282
core   0: 0x8000a286 (0xd63f2f23) sw      gp, -642(t5)
core   0: 3 0x8000a286 (0xd63f2f23) mem 0x80010000 0x00000001
core   0: 0x8000a28a (0x0000bfe5) c.j     pc - 8
core   0: 3 0x8000a28a (0xbfe5)
core   0: 0x8000a282 (0x00006f17) auipc   t5, 0x6
core   0: 3 0x8000a282 (0x00006f17) x30 0x80010282
core   0: 0x8000a286 (0xd63f2f23) sw      gp, -642(t5)
core   0: 3 0x8000a286 (0xd63f2f23) mem 0x80010000 0x00000001
core   0: 0x8000a28a (0x0000bfe5) c.j     pc - 8
core   0: 3 0x8000a28a (0xbfe5)
core   0: 0x8000a282 (0x00006f17) auipc   t5, 0x6
core   0: 3 0x8000a282 (0x00006f17) x30 0x80010282
core   0: 0x8000a286 (0xd63f2f23) sw      gp, -642(t5)
core   0: 3 0x8000a286 (0xd63f2f23) mem 0x80010000 0x00000001
core   0: 0x8000a28a (0x0000bfe5) c.j     pc - 8
core   0: 3 0x8000a28a (0xbfe5)
core   0: 0x8000a282 (0x00006f17) auipc   t5, 0x6
core   0: 3 0x8000a282 (0x00006f17) x30 0x80010282
core   0: 0x8000a286 (0xd63f2f23) sw      gp, -642(t5)
core   0: 3 0x8000a286 (0xd63f2f23) mem 0x80010000 0x00000001
core   0: 0x8000a28a (0x0000bfe5) c.j     pc - 8
core   0: 3 0x8000a28a (0xbfe5)
core   0: 0x8000a282 (0x00006f17) auipc   t5, 0x6
core   0: 3 0x8000a282 (0x00006f17) x30 0x80010282
core   0: 0x8000a286 (0xd63f2f23) sw      gp, -642(t5)
core   0: 3 0x8000a286 (0xd63f2f23) mem 0x80010000 0x00000001
core   0: 0x8000a28a (0x0000bfe5) c.j     pc - 8
core   0: 3 0x8000a28a (0xbfe5)
core   0: 0x8000a282 (0x00006f17) auipc   t5, 0x6
core   0: 3 0x8000a282 (0x00006f17) x30 0x80010282
core   0: 0x8000a286 (0xd63f2f23) sw      gp, -642(t5)
core   0: 3 0x8000a286 (0xd63f2f23) mem 0x80010000 0x00000001
core   0: 0x8000a28a (0x0000bfe5) c.j     pc - 8
core   0: 3 0x8000a28a (0xbfe5)
core   0: 0x8000a282 (0x00006f17) auipc   t5, 0x6
core   0: 3 0x8000a282 (0x00006f17) x30 0x80010282
core   0: 0x8000a286 (0xd63f2f23) sw      gp, -642(t5)
core   0: 3 0x8000a286 (0xd63f2f23) mem 0x80010000 0x00000001
core   0: 0x8000a28a (0x0000bfe5) c.j     pc - 8
core   0: 3 0x8000a28a (0xbfe5)
core   0: 0x8000a282 (0x00006f17) auipc   t5, 0x6
core   0: 3 0x8000a282 (0x00006f17) x30 0x80010282
core   0: 0x8000a286 (0xd63f2f23) sw      gp, -642(t5)
core   0: 3 0x8000a286 (0xd63f2f23) mem 0x80010000 0x00000001
core   0: 0x8000a28a (0x0000bfe5) c.j     pc - 8
core   0: 3 0x8000a28a (0xbfe5)
core   0: 0x8000a282 (0x00006f17) auipc   t5, 0x6
core   0: 3 0x8000a282 (0x00006f17) x30 0x80010282
core   0: 0x8000a286 (0xd63f2f23) sw      gp, -642(t5)
core   0: 3 0x8000a286 (0xd63f2f23) mem 0x80010000 0x00000001
core   0: 0x8000a28a (0x0000bfe5) c.j     pc - 8
core   0: 3 0x8000a28a (0xbfe5)
core   0: 0x8000a282 (0x00006f17) auipc   t5, 0x6
core   0: 3 0x8000a282 (0x00006f17) x30 0x80010282
core   0: 0x8000a286 (0xd63f2f23) sw      gp, -642(t5)
core   0: 3 0x8000a286 (0xd63f2f23) mem 0x80010000 0x00000001
core   0: 0x8000a28a (0x0000bfe5) c.j     pc - 8
core   0: 3 0x8000a28a (0xbfe5)
core   0: 0x8000a282 (0x00006f17) auipc   t5, 0x6
core   0: 3 0x8000a282 (0x00006f17) x30 0x80010282
core   0: 0x8000a286 (0xd63f2f23) sw      gp, -642(t5)
core   0: 3 0x8000a286 (0xd63f2f23) mem 0x80010000 0x00000001
core   0: 0x8000a28a (0x0000bfe5) c.j     pc - 8
core   0: 3 0x8000a28a (0xbfe5)
core   0: 0x8000a282 (0x00006f17) auipc   t5, 0x6
core   0: 3 0x8000a282 (0x00006f17) x30 0x80010282
core   0: 0x8000a286 (0xd63f2f23) sw      gp, -642(t5)
core   0: 3 0x8000a286 (0xd63f2f23) mem 0x80010000 0x00000001
core   0: 0x8000a28a (0x0000bfe5) c.j     pc - 8
core   0: 3 0x8000a28a (0xbfe5)
core   0: 0x8000a282 (0x00006f17) auipc   t5, 0x6
core   0: 3 0x8000a282 (0x00006f17) x30 0x80010282
core   0: 0x8000a286 (0xd63f2f23) sw      gp, -642(t5)
core   0: 3 0x8000a286 (0xd63f2f23) mem 0x80010000 0x00000001
core   0: 0x8000a28a (0x0000bfe5) c.j     pc - 8
core   0: 3 0x8000a28a (0xbfe5)
core   0: 0x8000a282 (0x00006f17) auipc   t5, 0x6
core   0: 3 0x8000a282 (0x00006f17) x30 0x80010282
core   0: 0x8000a286 (0xd63f2f23) sw      gp, -642(t5)
core   0: 3 0x8000a286 (0xd63f2f23) mem 0x80010000 0x00000001
core   0: 0x8000a28a (0x0000bfe5) c.j     pc - 8
core   0: 3 0x8000a28a (0xbfe5)
core   0: 0x8000a282 (0x00006f17) auipc   t5, 0x6
core   0: 3 0x8000a282 (0x00006f17) x30 0x80010282
core   0: 0x8000a286 (0xd63f2f23) sw      gp, -642(t5)
core   0: 3 0x8000a286 (0xd63f2f23) mem 0x80010000 0x00000001
core   0: 0x8000a28a (0x0000bfe5) c.j     pc - 8
core   0: 3 0x8000a28a (0xbfe5)
core   0: 0x8000a282 (0x00006f17) auipc   t5, 0x6
core   0: 3 0x8000a282 (0x00006f17) x30 0x80010282
core   0: 0x8000a286 (0xd63f2f23) sw      gp, -642(t5)
core   0: 3 0x8000a286 (0xd63f2f23) mem 0x80010000 0x00000001
core   0: 0x8000a28a (0x0000bfe5) c.j     pc - 8
core   0: 3 0x8000a28a (0xbfe5)
core   0: 0x8000a282 (0x00006f17) auipc   t5, 0x6
core   0: 3 0x8000a282 (0x00006f17) x30 0x80010282
core   0: 0x8000a286 (0xd63f2f23) sw      gp, -642(t5)
core   0: 3 0x8000a286 (0xd63f2f23) mem 0x80010000 0x00000001
core   0: 0x8000a28a (0x0000bfe5) c.j     pc - 8
core   0: 3 0x8000a28a (0xbfe5)
core   0: 0x8000a282 (0x00006f17) auipc   t5, 0x6
core   0: 3 0x8000a282 (0x00006f17) x30 0x80010282
core   0: 0x8000a286 (0xd63f2f23) sw      gp, -642(t5)
core   0: 3 0x8000a286 (0xd63f2f23) mem 0x80010000 0x00000001
core   0: 0x8000a28a (0x0000bfe5) c.j     pc - 8
core   0: 3 0x8000a28a (0xbfe5)
core   0: 0x8000a282 (0x00006f17) auipc   t5, 0x6
core   0: 3 0x8000a282 (0x00006f17) x30 0x80010282
core   0: 0x8000a286 (0xd63f2f23) sw      gp, -642(t5)
core   0: 3 0x8000a286 (0xd63f2f23) mem 0x80010000 0x00000001
core   0: 0x8000a28a (0x0000bfe5) c.j     pc - 8
core   0: 3 0x8000a28a (0xbfe5)
core   0: 0x8000a282 (0x00006f17) auipc   t5, 0x6
core   0: 3 0x8000a282 (0x00006f17) x30 0x80010282
core   0: 0x8000a286 (0xd63f2f23) sw      gp, -642(t5)
core   0: 3 0x8000a286 (0xd63f2f23) mem 0x80010000 0x00000001
core   0: 0x8000a28a (0x0000bfe5) c.j     pc - 8
core   0: 3 0x8000a28a (0xbfe5)
core   0: 0x8000a282 (0x00006f17) auipc   t5, 0x6
core   0: 3 0x8000a282 (0x00006f17) x30 0x80010282
core   0: 0x8000a286 (0xd63f2f23) sw      gp, -642(t5)
core   0: 3 0x8000a286 (0xd63f2f23) mem 0x80010000 0x00000001
core   0: 0x8000a28a (0x0000bfe5) c.j     pc - 8
core   0: 3 0x8000a28a (0xbfe5)
core   0: 0x8000a282 (0x00006f17) auipc   t5, 0x6
core   0: 3 0x8000a282 (0x00006f17) x30 0x80010282
core   0: 0x8000a286 (0xd63f2f23) sw      gp, -642(t5)
core   0: 3 0x8000a286 (0xd63f2f23) mem 0x80010000 0x00000001
core   0: 0x8000a28a (0x0000bfe5) c.j     pc - 8
core   0: 3 0x8000a28a (0xbfe5)
core   0: 0x8000a282 (0x00006f17) auipc   t5, 0x6
core   0: 3 0x8000a282 (0x00006f17) x30 0x80010282
core   0: 0x8000a286 (0xd63f2f23) sw      gp, -642(t5)
core   0: 3 0x8000a286 (0xd63f2f23) mem 0x80010000 0x00000001
core   0: 0x8000a28a (0x0000bfe5) c.j     pc - 8
core   0: 3 0x8000a28a (0xbfe5)
core   0: 0x8000a282 (0x00006f17) auipc   t5, 0x6
core   0: 3 0x8000a282 (0x00006f17) x30 0x80010282
core   0: 0x8000a286 (0xd63f2f23) sw      gp, -642(t5)
core   0: 3 0x8000a286 (0xd63f2f23) mem 0x80010000 0x00000001
core   0: 0x8000a28a (0x0000bfe5) c.j     pc - 8
core   0: 3 0x8000a28a (0xbfe5)
core   0: 0x8000a282 (0x00006f17) auipc   t5, 0x6
core   0: 3 0x8000a282 (0x00006f17) x30 0x80010282
core   0: 0x8000a286 (0xd63f2f23) sw      gp, -642(t5)
core   0: 3 0x8000a286 (0xd63f2f23) mem 0x80010000 0x00000001
core   0: 0x8000a28a (0x0000bfe5) c.j     pc - 8
core   0: 3 0x8000a28a (0xbfe5)
core   0: 0x8000a282 (0x00006f17) auipc   t5, 0x6
core   0: 3 0x8000a282 (0x00006f17) x30 0x80010282
core   0: 0x8000a286 (0xd63f2f23) sw      gp, -642(t5)
core   0: 3 0x8000a286 (0xd63f2f23) mem 0x80010000 0x00000001
core   0: 0x8000a28a (0x0000bfe5) c.j     pc - 8
core   0: 3 0x8000a28a (0xbfe5)
core   0: 0x8000a282 (0x00006f17) auipc   t5, 0x6
core   0: 3 0x8000a282 (0x00006f17) x30 0x80010282
core   0: 0x8000a286 (0xd63f2f23) sw      gp, -642(t5)
core   0: 3 0x8000a286 (0xd63f2f23) mem 0x80010000 0x00000001
core   0: 0x8000a28a (0x0000bfe5) c.j     pc - 8
core   0: 3 0x8000a28a (0xbfe5)
core   0: 0x8000a282 (0x00006f17) auipc   t5, 0x6
core   0: 3 0x8000a282 (0x00006f17) x30 0x80010282
core   0: 0x8000a286 (0xd63f2f23) sw      gp, -642(t5)
core   0: 3 0x8000a286 (0xd63f2f23) mem 0x80010000 0x00000001
core   0: 0x8000a28a (0x0000bfe5) c.j     pc - 8
core   0: 3 0x8000a28a (0xbfe5)
core   0: 0x8000a282 (0x00006f17) auipc   t5, 0x6
core   0: 3 0x8000a282 (0x00006f17) x30 0x80010282
core   0: 0x8000a286 (0xd63f2f23) sw      gp, -642(t5)
core   0: 3 0x8000a286 (0xd63f2f23) mem 0x80010000 0x00000001
core   0: 0x8000a28a (0x0000bfe5) c.j     pc - 8
core   0: 3 0x8000a28a (0xbfe5)
core   0: 0x8000a282 (0x00006f17) auipc   t5, 0x6
core   0: 3 0x8000a282 (0x00006f17) x30 0x80010282
core   0: 0x8000a286 (0xd63f2f23) sw      gp, -642(t5)
core   0: 3 0x8000a286 (0xd63f2f23) mem 0x80010000 0x00000001
core   0: 0x8000a28a (0x0000bfe5) c.j     pc - 8
core   0: 3 0x8000a28a (0xbfe5)
core   0: 0x8000a282 (0x00006f17) auipc   t5, 0x6
core   0: 3 0x8000a282 (0x00006f17) x30 0x80010282
core   0: 0x8000a286 (0xd63f2f23) sw      gp, -642(t5)
core   0: 3 0x8000a286 (0xd63f2f23) mem 0x80010000 0x00000001
core   0: 0x8000a28a (0x0000bfe5) c.j     pc - 8
core   0: 3 0x8000a28a (0xbfe5)
core   0: 0x8000a282 (0x00006f17) auipc   t5, 0x6
core   0: 3 0x8000a282 (0x00006f17) x30 0x80010282
core   0: 0x8000a286 (0xd63f2f23) sw      gp, -642(t5)
core   0: 3 0x8000a286 (0xd63f2f23) mem 0x80010000 0x00000001
core   0: 0x8000a28a (0x0000bfe5) c.j     pc - 8
core   0: 3 0x8000a28a (0xbfe5)
core   0: 0x8000a282 (0x00006f17) auipc   t5, 0x6
core   0: 3 0x8000a282 (0x00006f17) x30 0x80010282
core   0: 0x8000a286 (0xd63f2f23) sw      gp, -642(t5)
core   0: 3 0x8000a286 (0xd63f2f23) mem 0x80010000 0x00000001
core   0: 0x8000a28a (0x0000bfe5) c.j     pc - 8
core   0: 3 0x8000a28a (0xbfe5)
core   0: 0x8000a282 (0x00006f17) auipc   t5, 0x6
core   0: 3 0x8000a282 (0x00006f17) x30 0x80010282
core   0: 0x8000a286 (0xd63f2f23) sw      gp, -642(t5)
core   0: 3 0x8000a286 (0xd63f2f23) mem 0x80010000 0x00000001
core   0: 0x8000a28a (0x0000bfe5) c.j     pc - 8
core   0: 3 0x8000a28a (0xbfe5)
core   0: 0x8000a282 (0x00006f17) auipc   t5, 0x6
core   0: 3 0x8000a282 (0x00006f17) x30 0x80010282
core   0: 0x8000a286 (0xd63f2f23) sw      gp, -642(t5)
core   0: 3 0x8000a286 (0xd63f2f23) mem 0x80010000 0x00000001
core   0: 0x8000a28a (0x0000bfe5) c.j     pc - 8
core   0: 3 0x8000a28a (0xbfe5)
core   0: 0x8000a282 (0x00006f17) auipc   t5, 0x6
core   0: 3 0x8000a282 (0x00006f17) x30 0x80010282
core   0: 0x8000a286 (0xd63f2f23) sw      gp, -642(t5)
core   0: 3 0x8000a286 (0xd63f2f23) mem 0x80010000 0x00000001
core   0: 0x8000a28a (0x0000bfe5) c.j     pc - 8
core   0: 3 0x8000a28a (0xbfe5)
core   0: 0x8000a282 (0x00006f17) auipc   t5, 0x6
core   0: 3 0x8000a282 (0x00006f17) x30 0x80010282
core   0: 0x8000a286 (0xd63f2f23) sw      gp, -642(t5)
core   0: 3 0x8000a286 (0xd63f2f23) mem 0x80010000 0x00000001
core   0: 0x8000a28a (0x0000bfe5) c.j     pc - 8
core   0: 3 0x8000a28a (0xbfe5)
core   0: 0x8000a282 (0x00006f17) auipc   t5, 0x6
core   0: 3 0x8000a282 (0x00006f17) x30 0x80010282
core   0: 0x8000a286 (0xd63f2f23) sw      gp, -642(t5)
core   0: 3 0x8000a286 (0xd63f2f23) mem 0x80010000 0x00000001
core   0: 0x8000a28a (0x0000bfe5) c.j     pc - 8
core   0: 3 0x8000a28a (0xbfe5)
core   0: 0x8000a282 (0x00006f17) auipc   t5, 0x6
core   0: 3 0x8000a282 (0x00006f17) x30 0x80010282
core   0: 0x8000a286 (0xd63f2f23) sw      gp, -642(t5)
core   0: 3 0x8000a286 (0xd63f2f23) mem 0x80010000 0x00000001
core   0: 0x8000a28a (0x0000bfe5) c.j     pc - 8
core   0: 3 0x8000a28a (0xbfe5)
core   0: 0x8000a282 (0x00006f17) auipc   t5, 0x6
core   0: 3 0x8000a282 (0x00006f17) x30 0x80010282
core   0: 0x8000a286 (0xd63f2f23) sw      gp, -642(t5)
core   0: 3 0x8000a286 (0xd63f2f23) mem 0x80010000 0x00000001
core   0: 0x8000a28a (0x0000bfe5) c.j     pc - 8
core   0: 3 0x8000a28a (0xbfe5)
core   0: 0x8000a282 (0x00006f17) auipc   t5, 0x6
core   0: 3 0x8000a282 (0x00006f17) x30 0x80010282
core   0: 0x8000a286 (0xd63f2f23) sw      gp, -642(t5)
core   0: 3 0x8000a286 (0xd63f2f23) mem 0x80010000 0x00000001
core   0: 0x8000a28a (0x0000bfe5) c.j     pc - 8
core   0: 3 0x8000a28a (0xbfe5)
core   0: 0x8000a282 (0x00006f17) auipc   t5, 0x6
core   0: 3 0x8000a282 (0x00006f17) x30 0x80010282
core   0: 0x8000a286 (0xd63f2f23) sw      gp, -642(t5)
core   0: 3 0x8000a286 (0xd63f2f23) mem 0x80010000 0x00000001
core   0: 0x8000a28a (0x0000bfe5) c.j     pc - 8
core   0: 3 0x8000a28a (0xbfe5)
core   0: 0x8000a282 (0x00006f17) auipc   t5, 0x6
core   0: 3 0x8000a282 (0x00006f17) x30 0x80010282
core   0: 0x8000a286 (0xd63f2f23) sw      gp, -642(t5)
core   0: 3 0x8000a286 (0xd63f2f23) mem 0x80010000 0x00000001
core   0: 0x8000a28a (0x0000bfe5) c.j     pc - 8
core   0: 3 0x8000a28a (0xbfe5)
core   0: 0x8000a282 (0x00006f17) auipc   t5, 0x6
core   0: 3 0x8000a282 (0x00006f17) x30 0x80010282
core   0: 0x8000a286 (0xd63f2f23) sw      gp, -642(t5)
core   0: 3 0x8000a286 (0xd63f2f23) mem 0x80010000 0x00000001
core   0: 0x8000a28a (0x0000bfe5) c.j     pc - 8
core   0: 3 0x8000a28a (0xbfe5)
core   0: 0x8000a282 (0x00006f17) auipc   t5, 0x6
core   0: 3 0x8000a282 (0x00006f17) x30 0x80010282
core   0: 0x8000a286 (0xd63f2f23) sw      gp, -642(t5)
core   0: 3 0x8000a286 (0xd63f2f23) mem 0x80010000 0x00000001
core   0: 0x8000a28a (0x0000bfe5) c.j     pc - 8
core   0: 3 0x8000a28a (0xbfe5)
core   0: 0x8000a282 (0x00006f17) auipc   t5, 0x6
core   0: 3 0x8000a282 (0x00006f17) x30 0x80010282
core   0: 0x8000a286 (0xd63f2f23) sw      gp, -642(t5)
core   0: 3 0x8000a286 (0xd63f2f23) mem 0x80010000 0x00000001
core   0: 0x8000a28a (0x0000bfe5) c.j     pc - 8
core   0: 3 0x8000a28a (0xbfe5)
core   0: 0x8000a282 (0x00006f17) auipc   t5, 0x6
core   0: 3 0x8000a282 (0x00006f17) x30 0x80010282
core   0: 0x8000a286 (0xd63f2f23) sw      gp, -642(t5)
core   0: 3 0x8000a286 (0xd63f2f23) mem 0x80010000 0x00000001
core   0: 0x8000a28a (0x0000bfe5) c.j     pc - 8
core   0: 3 0x8000a28a (0xbfe5)
core   0: 0x8000a282 (0x00006f17) auipc   t5, 0x6
core   0: 3 0x8000a282 (0x00006f17) x30 0x80010282
core   0: 0x8000a286 (0xd63f2f23) sw      gp, -642(t5)
core   0: 3 0x8000a286 (0xd63f2f23) mem 0x80010000 0x00000001
core   0: 0x8000a28a (0x0000bfe5) c.j     pc - 8
core   0: 3 0x8000a28a (0xbfe5)
core   0: 0x8000a282 (0x00006f17) auipc   t5, 0x6
core   0: 3 0x8000a282 (0x00006f17) x30 0x80010282
core   0: 0x8000a286 (0xd63f2f23) sw      gp, -642(t5)
core   0: 3 0x8000a286 (0xd63f2f23) mem 0x80010000 0x00000001
core   0: 0x8000a28a (0x0000bfe5) c.j     pc - 8
core   0: 3 0x8000a28a (0xbfe5)
core   0: 0x8000a282 (0x00006f17) auipc   t5, 0x6
core   0: 3 0x8000a282 (0x00006f17) x30 0x80010282
core   0: 0x8000a286 (0xd63f2f23) sw      gp, -642(t5)
core   0: 3 0x8000a286 (0xd63f2f23) mem 0x80010000 0x00000001
core   0: 0x8000a28a (0x0000bfe5) c.j     pc - 8
core   0: 3 0x8000a28a (0xbfe5)
core   0: 0x8000a282 (0x00006f17) auipc   t5, 0x6
core   0: 3 0x8000a282 (0x00006f17) x30 0x80010282
core   0: 0x8000a286 (0xd63f2f23) sw      gp, -642(t5)
core   0: 3 0x8000a286 (0xd63f2f23) mem 0x80010000 0x00000001
core   0: 0x8000a28a (0x0000bfe5) c.j     pc - 8
core   0: 3 0x8000a28a (0xbfe5)
core   0: 0x8000a282 (0x00006f17) auipc   t5, 0x6
core   0: 3 0x8000a282 (0x00006f17) x30 0x80010282
core   0: 0x8000a286 (0xd63f2f23) sw      gp, -642(t5)
core   0: 3 0x8000a286 (0xd63f2f23) mem 0x80010000 0x00000001
core   0: 0x8000a28a (0x0000bfe5) c.j     pc - 8
core   0: 3 0x8000a28a (0xbfe5)
core   0: 0x8000a282 (0x00006f17) auipc   t5, 0x6
core   0: 3 0x8000a282 (0x00006f17) x30 0x80010282
core   0: 0x8000a286 (0xd63f2f23) sw      gp, -642(t5)
core   0: 3 0x8000a286 (0xd63f2f23) mem 0x80010000 0x00000001
core   0: 0x8000a28a (0x0000bfe5) c.j     pc - 8
core   0: 3 0x8000a28a (0xbfe5)
core   0: 0x8000a282 (0x00006f17) auipc   t5, 0x6
core   0: 3 0x8000a282 (0x00006f17) x30 0x80010282
core   0: 0x8000a286 (0xd63f2f23) sw      gp, -642(t5)
core   0: 3 0x8000a286 (0xd63f2f23) mem 0x80010000 0x00000001
core   0: 0x8000a28a (0x0000bfe5) c.j     pc - 8
core   0: 3 0x8000a28a (0xbfe5)
core   0: 0x8000a282 (0x00006f17) auipc   t5, 0x6
core   0: 3 0x8000a282 (0x00006f17) x30 0x80010282
core   0: 0x8000a286 (0xd63f2f23) sw      gp, -642(t5)
core   0: 3 0x8000a286 (0xd63f2f23) mem 0x80010000 0x00000001
core   0: 0x8000a28a (0x0000bfe5) c.j     pc - 8
core   0: 3 0x8000a28a (0xbfe5)
core   0: 0x8000a282 (0x00006f17) auipc   t5, 0x6
core   0: 3 0x8000a282 (0x00006f17) x30 0x80010282
core   0: 0x8000a286 (0xd63f2f23) sw      gp, -642(t5)
core   0: 3 0x8000a286 (0xd63f2f23) mem 0x80010000 0x00000001
core   0: 0x8000a28a (0x0000bfe5) c.j     pc - 8
core   0: 3 0x8000a28a (0xbfe5)
core   0: 0x8000a282 (0x00006f17) auipc   t5, 0x6
core   0: 3 0x8000a282 (0x00006f17) x30 0x80010282
core   0: 0x8000a286 (0xd63f2f23) sw      gp, -642(t5)
core   0: 3 0x8000a286 (0xd63f2f23) mem 0x80010000 0x00000001
core   0: 0x8000a28a (0x0000bfe5) c.j     pc - 8
core   0: 3 0x8000a28a (0xbfe5)
core   0: 0x8000a282 (0x00006f17) auipc   t5, 0x6
core   0: 3 0x8000a282 (0x00006f17) x30 0x80010282
core   0: 0x8000a286 (0xd63f2f23) sw      gp, -642(t5)
core   0: 3 0x8000a286 (0xd63f2f23) mem 0x80010000 0x00000001
core   0: 0x8000a28a (0x0000bfe5) c.j     pc - 8
core   0: 3 0x8000a28a (0xbfe5)
core   0: 0x8000a282 (0x00006f17) auipc   t5, 0x6
core   0: 3 0x8000a282 (0x00006f17) x30 0x80010282
core   0: 0x8000a286 (0xd63f2f23) sw      gp, -642(t5)
core   0: 3 0x8000a286 (0xd63f2f23) mem 0x80010000 0x00000001
core   0: 0x8000a28a (0x0000bfe5) c.j     pc - 8
core   0: 3 0x8000a28a (0xbfe5)
core   0: 0x8000a282 (0x00006f17) auipc   t5, 0x6
core   0: 3 0x8000a282 (0x00006f17) x30 0x80010282
core   0: 0x8000a286 (0xd63f2f23) sw      gp, -642(t5)
core   0: 3 0x8000a286 (0xd63f2f23) mem 0x80010000 0x00000001
core   0: 0x8000a28a (0x0000bfe5) c.j     pc - 8
core   0: 3 0x8000a28a (0xbfe5)
core   0: 0x8000a282 (0x00006f17) auipc   t5, 0x6
core   0: 3 0x8000a282 (0x00006f17) x30 0x80010282
core   0: 0x8000a286 (0xd63f2f23) sw      gp, -642(t5)
core   0: 3 0x8000a286 (0xd63f2f23) mem 0x80010000 0x00000001
core   0: 0x8000a28a (0x0000bfe5) c.j     pc - 8
core   0: 3 0x8000a28a (0xbfe5)
core   0: 0x8000a282 (0x00006f17) auipc   t5, 0x6
core   0: 3 0x8000a282 (0x00006f17) x30 0x80010282
core   0: 0x8000a286 (0xd63f2f23) sw      gp, -642(t5)
core   0: 3 0x8000a286 (0xd63f2f23) mem 0x80010000 0x00000001
core   0: 0x8000a28a (0x0000bfe5) c.j     pc - 8
core   0: 3 0x8000a28a (0xbfe5)
core   0: 0x8000a282 (0x00006f17) auipc   t5, 0x6
core   0: 3 0x8000a282 (0x00006f17) x30 0x80010282
core   0: 0x8000a286 (0xd63f2f23) sw      gp, -642(t5)
core   0: 3 0x8000a286 (0xd63f2f23) mem 0x80010000 0x00000001
core   0: 0x8000a28a (0x0000bfe5) c.j     pc - 8
core   0: 3 0x8000a28a (0xbfe5)
core   0: 0x8000a282 (0x00006f17) auipc   t5, 0x6
core   0: 3 0x8000a282 (0x00006f17) x30 0x80010282
core   0: 0x8000a286 (0xd63f2f23) sw      gp, -642(t5)
core   0: 3 0x8000a286 (0xd63f2f23) mem 0x80010000 0x00000001
core   0: 0x8000a28a (0x0000bfe5) c.j     pc - 8
core   0: 3 0x8000a28a (0xbfe5)
core   0: 0x8000a282 (0x00006f17) auipc   t5, 0x6
core   0: 3 0x8000a282 (0x00006f17) x30 0x80010282
core   0: 0x8000a286 (0xd63f2f23) sw      gp, -642(t5)
core   0: 3 0x8000a286 (0xd63f2f23) mem 0x80010000 0x00000001
core   0: 0x8000a28a (0x0000bfe5) c.j     pc - 8
core   0: 3 0x8000a28a (0xbfe5)
core   0: 0x8000a282 (0x00006f17) auipc   t5, 0x6
core   0: 3 0x8000a282 (0x00006f17) x30 0x80010282
core   0: 0x8000a286 (0xd63f2f23) sw      gp, -642(t5)
core   0: 3 0x8000a286 (0xd63f2f23) mem 0x80010000 0x00000001
core   0: 0x8000a28a (0x0000bfe5) c.j     pc - 8
core   0: 3 0x8000a28a (0xbfe5)
core   0: 0x8000a282 (0x00006f17) auipc   t5, 0x6
core   0: 3 0x8000a282 (0x00006f17) x30 0x80010282
core   0: 0x8000a286 (0xd63f2f23) sw      gp, -642(t5)
core   0: 3 0x8000a286 (0xd63f2f23) mem 0x80010000 0x00000001
core   0: 0x8000a28a (0x0000bfe5) c.j     pc - 8
core   0: 3 0x8000a28a (0xbfe5)
core   0: 0x8000a282 (0x00006f17) auipc   t5, 0x6
core   0: 3 0x8000a282 (0x00006f17) x30 0x80010282
core   0: 0x8000a286 (0xd63f2f23) sw      gp, -642(t5)
core   0: 3 0x8000a286 (0xd63f2f23) mem 0x80010000 0x00000001
core   0: 0x8000a28a (0x0000bfe5) c.j     pc - 8
core   0: 3 0x8000a28a (0xbfe5)
core   0: 0x8000a282 (0x00006f17) auipc   t5, 0x6
core   0: 3 0x8000a282 (0x00006f17) x30 0x80010282
core   0: 0x8000a286 (0xd63f2f23) sw      gp, -642(t5)
core   0: 3 0x8000a286 (0xd63f2f23) mem 0x80010000 0x00000001
core   0: 0x8000a28a (0x0000bfe5) c.j     pc - 8
core   0: 3 0x8000a28a (0xbfe5)
core   0: 0x8000a282 (0x00006f17) auipc   t5, 0x6
core   0: 3 0x8000a282 (0x00006f17) x30 0x80010282
core   0: 0x8000a286 (0xd63f2f23) sw      gp, -642(t5)
core   0: 3 0x8000a286 (0xd63f2f23) mem 0x80010000 0x00000001
core   0: 0x8000a28a (0x0000bfe5) c.j     pc - 8
core   0: 3 0x8000a28a (0xbfe5)
core   0: 0x8000a282 (0x00006f17) auipc   t5, 0x6
core   0: 3 0x8000a282 (0x00006f17) x30 0x80010282
core   0: 0x8000a286 (0xd63f2f23) sw      gp, -642(t5)
core   0: 3 0x8000a286 (0xd63f2f23) mem 0x80010000 0x00000001
core   0: 0x8000a28a (0x0000bfe5) c.j     pc - 8
core   0: 3 0x8000a28a (0xbfe5)
core   0: 0x8000a282 (0x00006f17) auipc   t5, 0x6
core   0: 3 0x8000a282 (0x00006f17) x30 0x80010282
core   0: 0x8000a286 (0xd63f2f23) sw      gp, -642(t5)
core   0: 3 0x8000a286 (0xd63f2f23) mem 0x80010000 0x00000001
core   0: 0x8000a28a (0x0000bfe5) c.j     pc - 8
core   0: 3 0x8000a28a (0xbfe5)
core   0: 0x8000a282 (0x00006f17) auipc   t5, 0x6
core   0: 3 0x8000a282 (0x00006f17) x30 0x80010282
core   0: 0x8000a286 (0xd63f2f23) sw      gp, -642(t5)
core   0: 3 0x8000a286 (0xd63f2f23) mem 0x80010000 0x00000001
core   0: 0x8000a28a (0x0000bfe5) c.j     pc - 8
core   0: 3 0x8000a28a (0xbfe5)
core   0: 0x8000a282 (0x00006f17) auipc   t5, 0x6
core   0: 3 0x8000a282 (0x00006f17) x30 0x80010282
core   0: 0x8000a286 (0xd63f2f23) sw      gp, -642(t5)
core   0: 3 0x8000a286 (0xd63f2f23) mem 0x80010000 0x00000001
core   0: 0x8000a28a (0x0000bfe5) c.j     pc - 8
core   0: 3 0x8000a28a (0xbfe5)
core   0: 0x8000a282 (0x00006f17) auipc   t5, 0x6
core   0: 3 0x8000a282 (0x00006f17) x30 0x80010282
core   0: 0x8000a286 (0xd63f2f23) sw      gp, -642(t5)
core   0: 3 0x8000a286 (0xd63f2f23) mem 0x80010000 0x00000001
core   0: 0x8000a28a (0x0000bfe5) c.j     pc - 8
core   0: 3 0x8000a28a (0xbfe5)
core   0: 0x8000a282 (0x00006f17) auipc   t5, 0x6
core   0: 3 0x8000a282 (0x00006f17) x30 0x80010282
core   0: 0x8000a286 (0xd63f2f23) sw      gp, -642(t5)
core   0: 3 0x8000a286 (0xd63f2f23) mem 0x80010000 0x00000001
core   0: 0x8000a28a (0x0000bfe5) c.j     pc - 8
core   0: 3 0x8000a28a (0xbfe5)
core   0: 0x8000a282 (0x00006f17) auipc   t5, 0x6
core   0: 3 0x8000a282 (0x00006f17) x30 0x80010282
core   0: 0x8000a286 (0xd63f2f23) sw      gp, -642(t5)
core   0: 3 0x8000a286 (0xd63f2f23) mem 0x80010000 0x00000001
core   0: 0x8000a28a (0x0000bfe5) c.j     pc - 8
core   0: 3 0x8000a28a (0xbfe5)
core   0: 0x8000a282 (0x00006f17) auipc   t5, 0x6
core   0: 3 0x8000a282 (0x00006f17) x30 0x80010282
core   0: 0x8000a286 (0xd63f2f23) sw      gp, -642(t5)
core   0: 3 0x8000a286 (0xd63f2f23) mem 0x80010000 0x00000001
core   0: 0x8000a28a (0x0000bfe5) c.j     pc - 8
core   0: 3 0x8000a28a (0xbfe5)
core   0: 0x8000a282 (0x00006f17) auipc   t5, 0x6
core   0: 3 0x8000a282 (0x00006f17) x30 0x80010282
core   0: 0x8000a286 (0xd63f2f23) sw      gp, -642(t5)
core   0: 3 0x8000a286 (0xd63f2f23) mem 0x80010000 0x00000001
core   0: 0x8000a28a (0x0000bfe5) c.j     pc - 8
core   0: 3 0x8000a28a (0xbfe5)
core   0: 0x8000a282 (0x00006f17) auipc   t5, 0x6
core   0: 3 0x8000a282 (0x00006f17) x30 0x80010282
core   0: 0x8000a286 (0xd63f2f23) sw      gp, -642(t5)
core   0: 3 0x8000a286 (0xd63f2f23) mem 0x80010000 0x00000001
core   0: 0x8000a28a (0x0000bfe5) c.j     pc - 8
core   0: 3 0x8000a28a (0xbfe5)
core   0: 0x8000a282 (0x00006f17) auipc   t5, 0x6
core   0: 3 0x8000a282 (0x00006f17) x30 0x80010282
core   0: 0x8000a286 (0xd63f2f23) sw      gp, -642(t5)
core   0: 3 0x8000a286 (0xd63f2f23) mem 0x80010000 0x00000001
core   0: 0x8000a28a (0x0000bfe5) c.j     pc - 8
core   0: 3 0x8000a28a (0xbfe5)
core   0: 0x8000a282 (0x00006f17) auipc   t5, 0x6
core   0: 3 0x8000a282 (0x00006f17) x30 0x80010282
core   0: 0x8000a286 (0xd63f2f23) sw      gp, -642(t5)
core   0: 3 0x8000a286 (0xd63f2f23) mem 0x80010000 0x00000001
core   0: 0x8000a28a (0x0000bfe5) c.j     pc - 8
core   0: 3 0x8000a28a (0xbfe5)
core   0: 0x8000a282 (0x00006f17) auipc   t5, 0x6
core   0: 3 0x8000a282 (0x00006f17) x30 0x80010282
core   0: 0x8000a286 (0xd63f2f23) sw      gp, -642(t5)
core   0: 3 0x8000a286 (0xd63f2f23) mem 0x80010000 0x00000001
core   0: 0x8000a28a (0x0000bfe5) c.j     pc - 8
core   0: 3 0x8000a28a (0xbfe5)
core   0: 0x8000a282 (0x00006f17) auipc   t5, 0x6
core   0: 3 0x8000a282 (0x00006f17) x30 0x80010282
core   0: 0x8000a286 (0xd63f2f23) sw      gp, -642(t5)
core   0: 3 0x8000a286 (0xd63f2f23) mem 0x80010000 0x00000001
core   0: 0x8000a28a (0x0000bfe5) c.j     pc - 8
core   0: 3 0x8000a28a (0xbfe5)
core   0: 0x8000a282 (0x00006f17) auipc   t5, 0x6
core   0: 3 0x8000a282 (0x00006f17) x30 0x80010282
core   0: 0x8000a286 (0xd63f2f23) sw      gp, -642(t5)
core   0: 3 0x8000a286 (0xd63f2f23) mem 0x80010000 0x00000001
core   0: 0x8000a28a (0x0000bfe5) c.j     pc - 8
core   0: 3 0x8000a28a (0xbfe5)
core   0: 0x8000a282 (0x00006f17) auipc   t5, 0x6
core   0: 3 0x8000a282 (0x00006f17) x30 0x80010282
core   0: 0x8000a286 (0xd63f2f23) sw      gp, -642(t5)
core   0: 3 0x8000a286 (0xd63f2f23) mem 0x80010000 0x00000001
core   0: 0x8000a28a (0x0000bfe5) c.j     pc - 8
core   0: 3 0x8000a28a (0xbfe5)
core   0: 0x8000a282 (0x00006f17) auipc   t5, 0x6
core   0: 3 0x8000a282 (0x00006f17) x30 0x80010282
core   0: 0x8000a286 (0xd63f2f23) sw      gp, -642(t5)
core   0: 3 0x8000a286 (0xd63f2f23) mem 0x80010000 0x00000001
core   0: 0x8000a28a (0x0000bfe5) c.j     pc - 8
core   0: 3 0x8000a28a (0xbfe5)
core   0: 0x8000a282 (0x00006f17) auipc   t5, 0x6
core   0: 3 0x8000a282 (0x00006f17) x30 0x80010282
core   0: 0x8000a286 (0xd63f2f23) sw      gp, -642(t5)
core   0: 3 0x8000a286 (0xd63f2f23) mem 0x80010000 0x00000001
core   0: 0x8000a28a (0x0000bfe5) c.j     pc - 8
core   0: 3 0x8000a28a (0xbfe5)
core   0: 0x8000a282 (0x00006f17) auipc   t5, 0x6
core   0: 3 0x8000a282 (0x00006f17) x30 0x80010282
core   0: 0x8000a286 (0xd63f2f23) sw      gp, -642(t5)
core   0: 3 0x8000a286 (0xd63f2f23) mem 0x80010000 0x00000001
core   0: 0x8000a28a (0x0000bfe5) c.j     pc - 8
core   0: 3 0x8000a28a (0xbfe5)
core   0: 0x8000a282 (0x00006f17) auipc   t5, 0x6
core   0: 3 0x8000a282 (0x00006f17) x30 0x80010282
core   0: 0x8000a286 (0xd63f2f23) sw      gp, -642(t5)
core   0: 3 0x8000a286 (0xd63f2f23) mem 0x80010000 0x00000001
core   0: 0x8000a28a (0x0000bfe5) c.j     pc - 8
core   0: 3 0x8000a28a (0xbfe5)
core   0: 0x8000a282 (0x00006f17) auipc   t5, 0x6
core   0: 3 0x8000a282 (0x00006f17) x30 0x80010282
core   0: 0x8000a286 (0xd63f2f23) sw      gp, -642(t5)
core   0: 3 0x8000a286 (0xd63f2f23) mem 0x80010000 0x00000001
core   0: 0x8000a28a (0x0000bfe5) c.j     pc - 8
core   0: 3 0x8000a28a (0xbfe5)
core   0: 0x8000a282 (0x00006f17) auipc   t5, 0x6
core   0: 3 0x8000a282 (0x00006f17) x30 0x80010282
core   0: 0x8000a286 (0xd63f2f23) sw      gp, -642(t5)
core   0: 3 0x8000a286 (0xd63f2f23) mem 0x80010000 0x00000001
core   0: 0x8000a28a (0x0000bfe5) c.j     pc - 8
core   0: 3 0x8000a28a (0xbfe5)
core   0: 0x8000a282 (0x00006f17) auipc   t5, 0x6
core   0: 3 0x8000a282 (0x00006f17) x30 0x80010282
core   0: 0x8000a286 (0xd63f2f23) sw      gp, -642(t5)
core   0: 3 0x8000a286 (0xd63f2f23) mem 0x80010000 0x00000001
core   0: 0x8000a28a (0x0000bfe5) c.j     pc - 8
core   0: 3 0x8000a28a (0xbfe5)
core   0: 0x8000a282 (0x00006f17) auipc   t5, 0x6
core   0: 3 0x8000a282 (0x00006f17) x30 0x80010282
core   0: 0x8000a286 (0xd63f2f23) sw      gp, -642(t5)
core   0: 3 0x8000a286 (0xd63f2f23) mem 0x80010000 0x00000001
core   0: 0x8000a28a (0x0000bfe5) c.j     pc - 8
core   0: 3 0x8000a28a (0xbfe5)
core   0: 0x8000a282 (0x00006f17) auipc   t5, 0x6
core   0: 3 0x8000a282 (0x00006f17) x30 0x80010282
core   0: 0x8000a286 (0xd63f2f23) sw      gp, -642(t5)
core   0: 3 0x8000a286 (0xd63f2f23) mem 0x80010000 0x00000001
core   0: 0x8000a28a (0x0000bfe5) c.j     pc - 8
core   0: 3 0x8000a28a (0xbfe5)
core   0: 0x8000a282 (0x00006f17) auipc   t5, 0x6
core   0: 3 0x8000a282 (0x00006f17) x30 0x80010282
core   0: 0x8000a286 (0xd63f2f23) sw      gp, -642(t5)
core   0: 3 0x8000a286 (0xd63f2f23) mem 0x80010000 0x00000001
core   0: 0x8000a28a (0x0000bfe5) c.j     pc - 8
core   0: 3 0x8000a28a (0xbfe5)
core   0: 0x8000a282 (0x00006f17) auipc   t5, 0x6
core   0: 3 0x8000a282 (0x00006f17) x30 0x80010282
core   0: 0x8000a286 (0xd63f2f23) sw      gp, -642(t5)
core   0: 3 0x8000a286 (0xd63f2f23) mem 0x80010000 0x00000001
core   0: 0x8000a28a (0x0000bfe5) c.j     pc - 8
core   0: 3 0x8000a28a (0xbfe5)
core   0: 0x8000a282 (0x00006f17) auipc   t5, 0x6
core   0: 3 0x8000a282 (0x00006f17) x30 0x80010282
core   0: 0x8000a286 (0xd63f2f23) sw      gp, -642(t5)
core   0: 3 0x8000a286 (0xd63f2f23) mem 0x80010000 0x00000001
core   0: 0x8000a28a (0x0000bfe5) c.j     pc - 8
core   0: 3 0x8000a28a (0xbfe5)
core   0: 0x8000a282 (0x00006f17) auipc   t5, 0x6
core   0: 3 0x8000a282 (0x00006f17) x30 0x80010282
core   0: 0x8000a286 (0xd63f2f23) sw      gp, -642(t5)
core   0: 3 0x8000a286 (0xd63f2f23) mem 0x80010000 0x00000001
core   0: 0x8000a28a (0x0000bfe5) c.j     pc - 8
core   0: 3 0x8000a28a (0xbfe5)
core   0: 0x8000a282 (0x00006f17) auipc   t5, 0x6
core   0: 3 0x8000a282 (0x00006f17) x30 0x80010282
core   0: 0x8000a286 (0xd63f2f23) sw      gp, -642(t5)
core   0: 3 0x8000a286 (0xd63f2f23) mem 0x80010000 0x00000001
core   0: 0x8000a28a (0x0000bfe5) c.j     pc - 8
core   0: 3 0x8000a28a (0xbfe5)
core   0: 0x8000a282 (0x00006f17) auipc   t5, 0x6
core   0: 3 0x8000a282 (0x00006f17) x30 0x80010282
core   0: 0x8000a286 (0xd63f2f23) sw      gp, -642(t5)
core   0: 3 0x8000a286 (0xd63f2f23) mem 0x80010000 0x00000001
core   0: 0x8000a28a (0x0000bfe5) c.j     pc - 8
core   0: 3 0x8000a28a (0xbfe5)
core   0: 0x8000a282 (0x00006f17) auipc   t5, 0x6
core   0: 3 0x8000a282 (0x00006f17) x30 0x80010282
core   0: 0x8000a286 (0xd63f2f23) sw      gp, -642(t5)
core   0: 3 0x8000a286 (0xd63f2f23) mem 0x80010000 0x00000001
core   0: 0x8000a28a (0x0000bfe5) c.j     pc - 8
core   0: 3 0x8000a28a (0xbfe5)
core   0: 0x8000a282 (0x00006f17) auipc   t5, 0x6
core   0: 3 0x8000a282 (0x00006f17) x30 0x80010282
core   0: 0x8000a286 (0xd63f2f23) sw      gp, -642(t5)
core   0: 3 0x8000a286 (0xd63f2f23) mem 0x80010000 0x00000001
core   0: 0x8000a28a (0x0000bfe5) c.j     pc - 8
core   0: 3 0x8000a28a (0xbfe5)
core   0: 0x8000a282 (0x00006f17) auipc   t5, 0x6
core   0: 3 0x8000a282 (0x00006f17) x30 0x80010282
core   0: 0x8000a286 (0xd63f2f23) sw      gp, -642(t5)
core   0: 3 0x8000a286 (0xd63f2f23) mem 0x80010000 0x00000001
core   0: 0x8000a28a (0x0000bfe5) c.j     pc - 8
core   0: 3 0x8000a28a (0xbfe5)
core   0: 0x8000a282 (0x00006f17) auipc   t5, 0x6
core   0: 3 0x8000a282 (0x00006f17) x30 0x80010282
core   0: 0x8000a286 (0xd63f2f23) sw      gp, -642(t5)
core   0: 3 0x8000a286 (0xd63f2f23) mem 0x80010000 0x00000001
core   0: 0x8000a28a (0x0000bfe5) c.j     pc - 8
core   0: 3 0x8000a28a (0xbfe5)
core   0: 0x8000a282 (0x00006f17) auipc   t5, 0x6
core   0: 3 0x8000a282 (0x00006f17) x30 0x80010282
core   0: 0x8000a286 (0xd63f2f23) sw      gp, -642(t5)
core   0: 3 0x8000a286 (0xd63f2f23) mem 0x80010000 0x00000001
core   0: 0x8000a28a (0x0000bfe5) c.j     pc - 8
core   0: 3 0x8000a28a (0xbfe5)
core   0: 0x8000a282 (0x00006f17) auipc   t5, 0x6
core   0: 3 0x8000a282 (0x00006f17) x30 0x80010282
core   0: 0x8000a286 (0xd63f2f23) sw      gp, -642(t5)
core   0: 3 0x8000a286 (0xd63f2f23) mem 0x80010000 0x00000001
core   0: 0x8000a28a (0x0000bfe5) c.j     pc - 8
core   0: 3 0x8000a28a (0xbfe5)
core   0: 0x8000a282 (0x00006f17) auipc   t5, 0x6
core   0: 3 0x8000a282 (0x00006f17) x30 0x80010282
core   0: 0x8000a286 (0xd63f2f23) sw      gp, -642(t5)
core   0: 3 0x8000a286 (0xd63f2f23) mem 0x80010000 0x00000001
core   0: 0x8000a28a (0x0000bfe5) c.j     pc - 8
core   0: 3 0x8000a28a (0xbfe5)
core   0: 0x8000a282 (0x00006f17) auipc   t5, 0x6
core   0: 3 0x8000a282 (0x00006f17) x30 0x80010282
core   0: 0x8000a286 (0xd63f2f23) sw      gp, -642(t5)
core   0: 3 0x8000a286 (0xd63f2f23) mem 0x80010000 0x00000001
core   0: 0x8000a28a (0x0000bfe5) c.j     pc - 8
core   0: 3 0x8000a28a (0xbfe5)
core   0: 0x8000a282 (0x00006f17) auipc   t5, 0x6
core   0: 3 0x8000a282 (0x00006f17) x30 0x80010282
core   0: 0x8000a286 (0xd63f2f23) sw      gp, -642(t5)
core   0: 3 0x8000a286 (0xd63f2f23) mem 0x80010000 0x00000001
core   0: 0x8000a28a (0x0000bfe5) c.j     pc - 8
core   0: 3 0x8000a28a (0xbfe5)
core   0: 0x8000a282 (0x00006f17) auipc   t5, 0x6
core   0: 3 0x8000a282 (0x00006f17) x30 0x80010282
core   0: 0x8000a286 (0xd63f2f23) sw      gp, -642(t5)
core   0: 3 0x8000a286 (0xd63f2f23) mem 0x80010000 0x00000001
core   0: 0x8000a28a (0x0000bfe5) c.j     pc - 8
core   0: 3 0x8000a28a (0xbfe5)
core   0: 0x8000a282 (0x00006f17) auipc   t5, 0x6
core   0: 3 0x8000a282 (0x00006f17) x30 0x80010282
core   0: 0x8000a286 (0xd63f2f23) sw      gp, -642(t5)
core   0: 3 0x8000a286 (0xd63f2f23) mem 0x80010000 0x00000001
core   0: 0x8000a28a (0x0000bfe5) c.j     pc - 8
core   0: 3 0x8000a28a (0xbfe5)
core   0: 0x8000a282 (0x00006f17) auipc   t5, 0x6
core   0: 3 0x8000a282 (0x00006f17) x30 0x80010282
core   0: 0x8000a286 (0xd63f2f23) sw      gp, -642(t5)
core   0: 3 0x8000a286 (0xd63f2f23) mem 0x80010000 0x00000001
core   0: 0x8000a28a (0x0000bfe5) c.j     pc - 8
core   0: 3 0x8000a28a (0xbfe5)
core   0: 0x8000a282 (0x00006f17) auipc   t5, 0x6
core   0: 3 0x8000a282 (0x00006f17) x30 0x80010282
core   0: 0x8000a286 (0xd63f2f23) sw      gp, -642(t5)
core   0: 3 0x8000a286 (0xd63f2f23) mem 0x80010000 0x00000001
core   0: 0x8000a28a (0x0000bfe5) c.j     pc - 8
core   0: 3 0x8000a28a (0xbfe5)
core   0: 0x8000a282 (0x00006f17) auipc   t5, 0x6
core   0: 3 0x8000a282 (0x00006f17) x30 0x80010282
core   0: 0x8000a286 (0xd63f2f23) sw      gp, -642(t5)
core   0: 3 0x8000a286 (0xd63f2f23) mem 0x80010000 0x00000001
core   0: 0x8000a28a (0x0000bfe5) c.j     pc - 8
core   0: 3 0x8000a28a (0xbfe5)
core   0: 0x8000a282 (0x00006f17) auipc   t5, 0x6
core   0: 3 0x8000a282 (0x00006f17) x30 0x80010282
core   0: 0x8000a286 (0xd63f2f23) sw      gp, -642(t5)
core   0: 3 0x8000a286 (0xd63f2f23) mem 0x80010000 0x00000001
core   0: 0x8000a28a (0x0000bfe5) c.j     pc - 8
core   0: 3 0x8000a28a (0xbfe5)
core   0: 0x8000a282 (0x00006f17) auipc   t5, 0x6
core   0: 3 0x8000a282 (0x00006f17) x30 0x80010282
core   0: 0x8000a286 (0xd63f2f23) sw      gp, -642(t5)
core   0: 3 0x8000a286 (0xd63f2f23) mem 0x80010000 0x00000001
core   0: 0x8000a28a (0x0000bfe5) c.j     pc - 8
core   0: 3 0x8000a28a (0xbfe5)
core   0: 0x8000a282 (0x00006f17) auipc   t5, 0x6
core   0: 3 0x8000a282 (0x00006f17) x30 0x80010282
core   0: 0x8000a286 (0xd63f2f23) sw      gp, -642(t5)
core   0: 3 0x8000a286 (0xd63f2f23) mem 0x80010000 0x00000001
core   0: 0x8000a28a (0x0000bfe5) c.j     pc - 8
core   0: 3 0x8000a28a (0xbfe5)
core   0: 0x8000a282 (0x00006f17) auipc   t5, 0x6
core   0: 3 0x8000a282 (0x00006f17) x30 0x80010282
core   0: 0x8000a286 (0xd63f2f23) sw      gp, -642(t5)
core   0: 3 0x8000a286 (0xd63f2f23) mem 0x80010000 0x00000001
core   0: 0x8000a28a (0x0000bfe5) c.j     pc - 8
core   0: 3 0x8000a28a (0xbfe5)
core   0: 0x8000a282 (0x00006f17) auipc   t5, 0x6
core   0: 3 0x8000a282 (0x00006f17) x30 0x80010282
core   0: 0x8000a286 (0xd63f2f23) sw      gp, -642(t5)
core   0: 3 0x8000a286 (0xd63f2f23) mem 0x80010000 0x00000001
core   0: 0x8000a28a (0x0000bfe5) c.j     pc - 8
core   0: 3 0x8000a28a (0xbfe5)
core   0: 0x8000a282 (0x00006f17) auipc   t5, 0x6
core   0: 3 0x8000a282 (0x00006f17) x30 0x80010282
core   0: 0x8000a286 (0xd63f2f23) sw      gp, -642(t5)
core   0: 3 0x8000a286 (0xd63f2f23) mem 0x80010000 0x00000001
core   0: 0x8000a28a (0x0000bfe5) c.j     pc - 8
core   0: 3 0x8000a28a (0xbfe5)
core   0: 0x8000a282 (0x00006f17) auipc   t5, 0x6
core   0: 3 0x8000a282 (0x00006f17) x30 0x80010282
core   0: 0x8000a286 (0xd63f2f23) sw      gp, -642(t5)
core   0: 3 0x8000a286 (0xd63f2f23) mem 0x80010000 0x00000001
core   0: 0x8000a28a (0x0000bfe5) c.j     pc - 8
core   0: 3 0x8000a28a (0xbfe5)
core   0: 0x8000a282 (0x00006f17) auipc   t5, 0x6
core   0: 3 0x8000a282 (0x00006f17) x30 0x80010282
core   0: 0x8000a286 (0xd63f2f23) sw      gp, -642(t5)
core   0: 3 0x8000a286 (0xd63f2f23) mem 0x80010000 0x00000001
core   0: 0x8000a28a (0x0000bfe5) c.j     pc - 8
core   0: 3 0x8000a28a (0xbfe5)
core   0: 0x8000a282 (0x00006f17) auipc   t5, 0x6
core   0: 3 0x8000a282 (0x00006f17) x30 0x80010282
core   0: 0x8000a286 (0xd63f2f23) sw      gp, -642(t5)
core   0: 3 0x8000a286 (0xd63f2f23) mem 0x80010000 0x00000001
core   0: 0x8000a28a (0x0000bfe5) c.j     pc - 8
core   0: 3 0x8000a28a (0xbfe5)
core   0: 0x8000a282 (0x00006f17) auipc   t5, 0x6
core   0: 3 0x8000a282 (0x00006f17) x30 0x80010282
core   0: 0x8000a286 (0xd63f2f23) sw      gp, -642(t5)
core   0: 3 0x8000a286 (0xd63f2f23) mem 0x80010000 0x00000001
core   0: 0x8000a28a (0x0000bfe5) c.j     pc - 8
core   0: 3 0x8000a28a (0xbfe5)
core   0: 0x8000a282 (0x00006f17) auipc   t5, 0x6
core   0: 3 0x8000a282 (0x00006f17) x30 0x80010282
core   0: 0x8000a286 (0xd63f2f23) sw      gp, -642(t5)
core   0: 3 0x8000a286 (0xd63f2f23) mem 0x80010000 0x00000001
core   0: 0x8000a28a (0x0000bfe5) c.j     pc - 8
core   0: 3 0x8000a28a (0xbfe5)
core   0: 0x8000a282 (0x00006f17) auipc   t5, 0x6
core   0: 3 0x8000a282 (0x00006f17) x30 0x80010282
core   0: 0x8000a286 (0xd63f2f23) sw      gp, -642(t5)
core   0: 3 0x8000a286 (0xd63f2f23) mem 0x80010000 0x00000001
core   0: 0x8000a28a (0x0000bfe5) c.j     pc - 8
core   0: 3 0x8000a28a (0xbfe5)
core   0: 0x8000a282 (0x00006f17) auipc   t5, 0x6
core   0: 3 0x8000a282 (0x00006f17) x30 0x80010282
core   0: 0x8000a286 (0xd63f2f23) sw      gp, -642(t5)
core   0: 3 0x8000a286 (0xd63f2f23) mem 0x80010000 0x00000001
core   0: 0x8000a28a (0x0000bfe5) c.j     pc - 8
core   0: 3 0x8000a28a (0xbfe5)
core   0: 0x8000a282 (0x00006f17) auipc   t5, 0x6
core   0: 3 0x8000a282 (0x00006f17) x30 0x80010282
core   0: 0x8000a286 (0xd63f2f23) sw      gp, -642(t5)
core   0: 3 0x8000a286 (0xd63f2f23) mem 0x80010000 0x00000001
core   0: 0x8000a28a (0x0000bfe5) c.j     pc - 8
core   0: 3 0x8000a28a (0xbfe5)
core   0: 0x8000a282 (0x00006f17) auipc   t5, 0x6
core   0: 3 0x8000a282 (0x00006f17) x30 0x80010282
core   0: 0x8000a286 (0xd63f2f23) sw      gp, -642(t5)
core   0: 3 0x8000a286 (0xd63f2f23) mem 0x80010000 0x00000001
core   0: 0x8000a28a (0x0000bfe5) c.j     pc - 8
core   0: 3 0x8000a28a (0xbfe5)
core   0: 0x8000a282 (0x00006f17) auipc   t5, 0x6
core   0: 3 0x8000a282 (0x00006f17) x30 0x80010282
core   0: 0x8000a286 (0xd63f2f23) sw      gp, -642(t5)
core   0: 3 0x8000a286 (0xd63f2f23) mem 0x80010000 0x00000001
core   0: 0x8000a28a (0x0000bfe5) c.j     pc - 8
core   0: 3 0x8000a28a (0xbfe5)
core   0: 0x8000a282 (0x00006f17) auipc   t5, 0x6
core   0: 3 0x8000a282 (0x00006f17) x30 0x80010282
core   0: 0x8000a286 (0xd63f2f23) sw      gp, -642(t5)
core   0: 3 0x8000a286 (0xd63f2f23) mem 0x80010000 0x00000001
core   0: 0x8000a28a (0x0000bfe5) c.j     pc - 8
core   0: 3 0x8000a28a (0xbfe5)
core   0: 0x8000a282 (0x00006f17) auipc   t5, 0x6
core   0: 3 0x8000a282 (0x00006f17) x30 0x80010282
core   0: 0x8000a286 (0xd63f2f23) sw      gp, -642(t5)
core   0: 3 0x8000a286 (0xd63f2f23) mem 0x80010000 0x00000001
core   0: 0x8000a28a (0x0000bfe5) c.j     pc - 8
core   0: 3 0x8000a28a (0xbfe5)
core   0: 0x8000a282 (0x00006f17) auipc   t5, 0x6
core   0: 3 0x8000a282 (0x00006f17) x30 0x80010282
core   0: 0x8000a286 (0xd63f2f23) sw      gp, -642(t5)
core   0: 3 0x8000a286 (0xd63f2f23) mem 0x80010000 0x00000001
core   0: 0x8000a28a (0x0000bfe5) c.j     pc - 8
core   0: 3 0x8000a28a (0xbfe5)
core   0: 0x8000a282 (0x00006f17) auipc   t5, 0x6
core   0: 3 0x8000a282 (0x00006f17) x30 0x80010282
core   0: 0x8000a286 (0xd63f2f23) sw      gp, -642(t5)
core   0: 3 0x8000a286 (0xd63f2f23) mem 0x80010000 0x00000001
core   0: 0x8000a28a (0x0000bfe5) c.j     pc - 8
core   0: 3 0x8000a28a (0xbfe5)
core   0: 0x8000a282 (0x00006f17) auipc   t5, 0x6
core   0: 3 0x8000a282 (0x00006f17) x30 0x80010282
core   0: 0x8000a286 (0xd63f2f23) sw      gp, -642(t5)
core   0: 3 0x8000a286 (0xd63f2f23) mem 0x80010000 0x00000001
core   0: 0x8000a28a (0x0000bfe5) c.j     pc - 8
core   0: 3 0x8000a28a (0xbfe5)
core   0: 0x8000a282 (0x00006f17) auipc   t5, 0x6
core   0: 3 0x8000a282 (0x00006f17) x30 0x80010282
core   0: 0x8000a286 (0xd63f2f23) sw      gp, -642(t5)
core   0: 3 0x8000a286 (0xd63f2f23) mem 0x80010000 0x00000001
core   0: 0x8000a28a (0x0000bfe5) c.j     pc - 8
core   0: 3 0x8000a28a (0xbfe5)
core   0: 0x8000a282 (0x00006f17) auipc   t5, 0x6
core   0: 3 0x8000a282 (0x00006f17) x30 0x80010282
core   0: 0x8000a286 (0xd63f2f23) sw      gp, -642(t5)
core   0: 3 0x8000a286 (0xd63f2f23) mem 0x80010000 0x00000001
core   0: 0x8000a28a (0x0000bfe5) c.j     pc - 8
core   0: 3 0x8000a28a (0xbfe5)
core   0: 0x8000a282 (0x00006f17) auipc   t5, 0x6
core   0: 3 0x8000a282 (0x00006f17) x30 0x80010282
core   0: 0x8000a286 (0xd63f2f23) sw      gp, -642(t5)
core   0: 3 0x8000a286 (0xd63f2f23) mem 0x80010000 0x00000001
core   0: 0x8000a28a (0x0000bfe5) c.j     pc - 8
core   0: 3 0x8000a28a (0xbfe5)
core   0: 0x8000a282 (0x00006f17) auipc   t5, 0x6
core   0: 3 0x8000a282 (0x00006f17) x30 0x80010282
core   0: 0x8000a286 (0xd63f2f23) sw      gp, -642(t5)
core   0: 3 0x8000a286 (0xd63f2f23) mem 0x80010000 0x00000001
core   0: 0x8000a28a (0x0000bfe5) c.j     pc - 8
core   0: 3 0x8000a28a (0xbfe5)
core   0: 0x8000a282 (0x00006f17) auipc   t5, 0x6
core   0: 3 0x8000a282 (0x00006f17) x30 0x80010282
core   0: 0x8000a286 (0xd63f2f23) sw      gp, -642(t5)
core   0: 3 0x8000a286 (0xd63f2f23) mem 0x80010000 0x00000001
core   0: 0x8000a28a (0x0000bfe5) c.j     pc - 8
core   0: 3 0x8000a28a (0xbfe5)
core   0: 0x8000a282 (0x00006f17) auipc   t5, 0x6
core   0: 3 0x8000a282 (0x00006f17) x30 0x80010282
core   0: 0x8000a286 (0xd63f2f23) sw      gp, -642(t5)
core   0: 3 0x8000a286 (0xd63f2f23) mem 0x80010000 0x00000001
core   0: 0x8000a28a (0x0000bfe5) c.j     pc - 8
core   0: 3 0x8000a28a (0xbfe5)
core   0: 0x8000a282 (0x00006f17) auipc   t5, 0x6
core   0: 3 0x8000a282 (0x00006f17) x30 0x80010282
core   0: 0x8000a286 (0xd63f2f23) sw      gp, -642(t5)
core   0: 3 0x8000a286 (0xd63f2f23) mem 0x80010000 0x00000001
core   0: 0x8000a28a (0x0000bfe5) c.j     pc - 8
core   0: 3 0x8000a28a (0xbfe5)
core   0: 0x8000a282 (0x00006f17) auipc   t5, 0x6
core   0: 3 0x8000a282 (0x00006f17) x30 0x80010282
core   0: 0x8000a286 (0xd63f2f23) sw      gp, -642(t5)
core   0: 3 0x8000a286 (0xd63f2f23) mem 0x80010000 0x00000001
core   0: 0x8000a28a (0x0000bfe5) c.j     pc - 8
core   0: 3 0x8000a28a (0xbfe5)
core   0: 0x8000a282 (0x00006f17) auipc   t5, 0x6
core   0: 3 0x8000a282 (0x00006f17) x30 0x80010282
core   0: 0x8000a286 (0xd63f2f23) sw      gp, -642(t5)
core   0: 3 0x8000a286 (0xd63f2f23) mem 0x80010000 0x00000001
core   0: 0x8000a28a (0x0000bfe5) c.j     pc - 8
core   0: 3 0x8000a28a (0xbfe5)
core   0: 0x8000a282 (0x00006f17) auipc   t5, 0x6
core   0: 3 0x8000a282 (0x00006f17) x30 0x80010282
core   0: 0x8000a286 (0xd63f2f23) sw      gp, -642(t5)
core   0: 3 0x8000a286 (0xd63f2f23) mem 0x80010000 0x00000001
core   0: 0x8000a28a (0x0000bfe5) c.j     pc - 8
core   0: 3 0x8000a28a (0xbfe5)
core   0: 0x8000a282 (0x00006f17) auipc   t5, 0x6
core   0: 3 0x8000a282 (0x00006f17) x30 0x80010282
core   0: 0x8000a286 (0xd63f2f23) sw      gp, -642(t5)
core   0: 3 0x8000a286 (0xd63f2f23) mem 0x80010000 0x00000001
core   0: 0x8000a28a (0x0000bfe5) c.j     pc - 8
core   0: 3 0x8000a28a (0xbfe5)
core   0: 0x8000a282 (0x00006f17) auipc   t5, 0x6
core   0: 3 0x8000a282 (0x00006f17) x30 0x80010282
core   0: 0x8000a286 (0xd63f2f23) sw      gp, -642(t5)
core   0: 3 0x8000a286 (0xd63f2f23) mem 0x80010000 0x00000001
core   0: 0x8000a28a (0x0000bfe5) c.j     pc - 8
core   0: 3 0x8000a28a (0xbfe5)
core   0: 0x8000a282 (0x00006f17) auipc   t5, 0x6
core   0: 3 0x8000a282 (0x00006f17) x30 0x80010282
core   0: 0x8000a286 (0xd63f2f23) sw      gp, -642(t5)
core   0: 3 0x8000a286 (0xd63f2f23) mem 0x80010000 0x00000001
core   0: 0x8000a28a (0x0000bfe5) c.j     pc - 8
core   0: 3 0x8000a28a (0xbfe5)
core   0: 0x8000a282 (0x00006f17) auipc   t5, 0x6
core   0: 3 0x8000a282 (0x00006f17) x30 0x80010282
core   0: 0x8000a286 (0xd63f2f23) sw      gp, -642(t5)
core   0: 3 0x8000a286 (0xd63f2f23) mem 0x80010000 0x00000001
core   0: 0x8000a28a (0x0000bfe5) c.j     pc - 8
core   0: 3 0x8000a28a (0xbfe5)
core   0: 0x8000a282 (0x00006f17) auipc   t5, 0x6
core   0: 3 0x8000a282 (0x00006f17) x30 0x80010282
core   0: 0x8000a286 (0xd63f2f23) sw      gp, -642(t5)
core   0: 3 0x8000a286 (0xd63f2f23) mem 0x80010000 0x00000001
core   0: 0x8000a28a (0x0000bfe5) c.j     pc - 8
core   0: 3 0x8000a28a (0xbfe5)
core   0: 0x8000a282 (0x00006f17) auipc   t5, 0x6
core   0: 3 0x8000a282 (0x00006f17) x30 0x80010282
core   0: 0x8000a286 (0xd63f2f23) sw      gp, -642(t5)
core   0: 3 0x8000a286 (0xd63f2f23) mem 0x80010000 0x00000001
core   0: 0x8000a28a (0x0000bfe5) c.j     pc - 8
core   0: 3 0x8000a28a (0xbfe5)
core   0: 0x8000a282 (0x00006f17) auipc   t5, 0x6
core   0: 3 0x8000a282 (0x00006f17) x30 0x80010282
core   0: 0x8000a286 (0xd63f2f23) sw      gp, -642(t5)
core   0: 3 0x8000a286 (0xd63f2f23) mem 0x80010000 0x00000001
core   0: 0x8000a28a (0x0000bfe5) c.j     pc - 8
core   0: 3 0x8000a28a (0xbfe5)
core   0: 0x8000a282 (0x00006f17) auipc   t5, 0x6
core   0: 3 0x8000a282 (0x00006f17) x30 0x80010282
core   0: 0x8000a286 (0xd63f2f23) sw      gp, -642(t5)
core   0: 3 0x8000a286 (0xd63f2f23) mem 0x80010000 0x00000001
core   0: 0x8000a28a (0x0000bfe5) c.j     pc - 8
core   0: 3 0x8000a28a (0xbfe5)
core   0: 0x8000a282 (0x00006f17) auipc   t5, 0x6
core   0: 3 0x8000a282 (0x00006f17) x30 0x80010282
core   0: 0x8000a286 (0xd63f2f23) sw      gp, -642(t5)
core   0: 3 0x8000a286 (0xd63f2f23) mem 0x80010000 0x00000001
core   0: 0x8000a28a (0x0000bfe5) c.j     pc - 8
core   0: 3 0x8000a28a (0xbfe5)
core   0: 0x8000a282 (0x00006f17) auipc   t5, 0x6
core   0: 3 0x8000a282 (0x00006f17) x30 0x80010282
core   0: 0x8000a286 (0xd63f2f23) sw      gp, -642(t5)
core   0: 3 0x8000a286 (0xd63f2f23) mem 0x80010000 0x00000001
core   0: 0x8000a28a (0x0000bfe5) c.j     pc - 8
core   0: 3 0x8000a28a (0xbfe5)
core   0: 0x8000a282 (0x00006f17) auipc   t5, 0x6
core   0: 3 0x8000a282 (0x00006f17) x30 0x80010282
core   0: 0x8000a286 (0xd63f2f23) sw      gp, -642(t5)
core   0: 3 0x8000a286 (0xd63f2f23) mem 0x80010000 0x00000001
core   0: 0x8000a28a (0x0000bfe5) c.j     pc - 8
core   0: 3 0x8000a28a (0xbfe5)
core   0: 0x8000a282 (0x00006f17) auipc   t5, 0x6
core   0: 3 0x8000a282 (0x00006f17) x30 0x80010282
core   0: 0x8000a286 (0xd63f2f23) sw      gp, -642(t5)
core   0: 3 0x8000a286 (0xd63f2f23) mem 0x80010000 0x00000001
core   0: 0x8000a28a (0x0000bfe5) c.j     pc - 8
core   0: 3 0x8000a28a (0xbfe5)
core   0: 0x8000a282 (0x00006f17) auipc   t5, 0x6
core   0: 3 0x8000a282 (0x00006f17) x30 0x80010282
core   0: 0x8000a286 (0xd63f2f23) sw      gp, -642(t5)
core   0: 3 0x8000a286 (0xd63f2f23) mem 0x80010000 0x00000001
core   0: 0x8000a28a (0x0000bfe5) c.j     pc - 8
core   0: 3 0x8000a28a (0xbfe5)
core   0: 0x8000a282 (0x00006f17) auipc   t5, 0x6
core   0: 3 0x8000a282 (0x00006f17) x30 0x80010282
core   0: 0x8000a286 (0xd63f2f23) sw      gp, -642(t5)
core   0: 3 0x8000a286 (0xd63f2f23) mem 0x80010000 0x00000001
core   0: 0x8000a28a (0x0000bfe5) c.j     pc - 8
core   0: 3 0x8000a28a (0xbfe5)
core   0: 0x8000a282 (0x00006f17) auipc   t5, 0x6
core   0: 3 0x8000a282 (0x00006f17) x30 0x80010282
core   0: 0x8000a286 (0xd63f2f23) sw      gp, -642(t5)
core   0: 3 0x8000a286 (0xd63f2f23) mem 0x80010000 0x00000001
core   0: 0x8000a28a (0x0000bfe5) c.j     pc - 8
core   0: 3 0x8000a28a (0xbfe5)
core   0: 0x8000a282 (0x00006f17) auipc   t5, 0x6
core   0: 3 0x8000a282 (0x00006f17) x30 0x80010282
core   0: 0x8000a286 (0xd63f2f23) sw      gp, -642(t5)
core   0: 3 0x8000a286 (0xd63f2f23) mem 0x80010000 0x00000001
core   0: 0x8000a28a (0x0000bfe5) c.j     pc - 8
core   0: 3 0x8000a28a (0xbfe5)
core   0: 0x8000a282 (0x00006f17) auipc   t5, 0x6
core   0: 3 0x8000a282 (0x00006f17) x30 0x80010282
core   0: 0x8000a286 (0xd63f2f23) sw      gp, -642(t5)
core   0: 3 0x8000a286 (0xd63f2f23) mem 0x80010000 0x00000001
core   0: 0x8000a28a (0x0000bfe5) c.j     pc - 8
core   0: 3 0x8000a28a (0xbfe5)
core   0: 0x8000a282 (0x00006f17) auipc   t5, 0x6
core   0: 3 0x8000a282 (0x00006f17) x30 0x80010282
core   0: 0x8000a286 (0xd63f2f23) sw      gp, -642(t5)
core   0: 3 0x8000a286 (0xd63f2f23) mem 0x80010000 0x00000001
core   0: 0x8000a28a (0x0000bfe5) c.j     pc - 8
core   0: 3 0x8000a28a (0xbfe5)
core   0: 0x8000a282 (0x00006f17) auipc   t5, 0x6
core   0: 3 0x8000a282 (0x00006f17) x30 0x80010282
core   0: 0x8000a286 (0xd63f2f23) sw      gp, -642(t5)
core   0: 3 0x8000a286 (0xd63f2f23) mem 0x80010000 0x00000001
core   0: 0x8000a28a (0x0000bfe5) c.j     pc - 8
core   0: 3 0x8000a28a (0xbfe5)
core   0: 0x8000a282 (0x00006f17) auipc   t5, 0x6
core   0: 3 0x8000a282 (0x00006f17) x30 0x80010282
core   0: 0x8000a286 (0xd63f2f23) sw      gp, -642(t5)
core   0: 3 0x8000a286 (0xd63f2f23) mem 0x80010000 0x00000001
core   0: 0x8000a28a (0x0000bfe5) c.j     pc - 8
core   0: 3 0x8000a28a (0xbfe5)
core   0: 0x8000a282 (0x00006f17) auipc   t5, 0x6
core   0: 3 0x8000a282 (0x00006f17) x30 0x80010282
core   0: 0x8000a286 (0xd63f2f23) sw      gp, -642(t5)
core   0: 3 0x8000a286 (0xd63f2f23) mem 0x80010000 0x00000001
core   0: 0x8000a28a (0x0000bfe5) c.j     pc - 8
core   0: 3 0x8000a28a (0xbfe5)
core   0: 0x8000a282 (0x00006f17) auipc   t5, 0x6
core   0: 3 0x8000a282 (0x00006f17) x30 0x80010282
core   0: 0x8000a286 (0xd63f2f23) sw      gp, -642(t5)
core   0: 3 0x8000a286 (0xd63f2f23) mem 0x80010000 0x00000001
core   0: 0x8000a28a (0x0000bfe5) c.j     pc - 8
core   0: 3 0x8000a28a (0xbfe5)
core   0: 0x8000a282 (0x00006f17) auipc   t5, 0x6
core   0: 3 0x8000a282 (0x00006f17) x30 0x80010282
core   0: 0x8000a286 (0xd63f2f23) sw      gp, -642(t5)
core   0: 3 0x8000a286 (0xd63f2f23) mem 0x80010000 0x00000001
core   0: 0x8000a28a (0x0000bfe5) c.j     pc - 8
core   0: 3 0x8000a28a (0xbfe5)
core   0: 0x8000a282 (0x00006f17) auipc   t5, 0x6
core   0: 3 0x8000a282 (0x00006f17) x30 0x80010282
core   0: 0x8000a286 (0xd63f2f23) sw      gp, -642(t5)
core   0: 3 0x8000a286 (0xd63f2f23) mem 0x80010000 0x00000001
core   0: 0x8000a28a (0x0000bfe5) c.j     pc - 8
core   0: 3 0x8000a28a (0xbfe5)
core   0: 0x8000a282 (0x00006f17) auipc   t5, 0x6
core   0: 3 0x8000a282 (0x00006f17) x30 0x80010282
core   0: 0x8000a286 (0xd63f2f23) sw      gp, -642(t5)
core   0: 3 0x8000a286 (0xd63f2f23) mem 0x80010000 0x00000001
core   0: 0x8000a28a (0x0000bfe5) c.j     pc - 8
core   0: 3 0x8000a28a (0xbfe5)
core   0: 0x8000a282 (0x00006f17) auipc   t5, 0x6
core   0: 3 0x8000a282 (0x00006f17) x30 0x80010282
core   0: 0x8000a286 (0xd63f2f23) sw      gp, -642(t5)
core   0: 3 0x8000a286 (0xd63f2f23) mem 0x80010000 0x00000001
core   0: 0x8000a28a (0x0000bfe5) c.j     pc - 8
core   0: 3 0x8000a28a (0xbfe5)
core   0: 0x8000a282 (0x00006f17) auipc   t5, 0x6
core   0: 3 0x8000a282 (0x00006f17) x30 0x80010282
core   0: 0x8000a286 (0xd63f2f23) sw      gp, -642(t5)
core   0: 3 0x8000a286 (0xd63f2f23) mem 0x80010000 0x00000001
core   0: 0x8000a28a (0x0000bfe5) c.j     pc - 8
core   0: 3 0x8000a28a (0xbfe5)
core   0: 0x8000a282 (0x00006f17) auipc   t5, 0x6
core   0: 3 0x8000a282 (0x00006f17) x30 0x80010282
core   0: 0x8000a286 (0xd63f2f23) sw      gp, -642(t5)
core   0: 3 0x8000a286 (0xd63f2f23) mem 0x80010000 0x00000001
core   0: 0x8000a28a (0x0000bfe5) c.j     pc - 8
core   0: 3 0x8000a28a (0xbfe5)
core   0: 0x8000a282 (0x00006f17) auipc   t5, 0x6
core   0: 3 0x8000a282 (0x00006f17) x30 0x80010282
core   0: 0x8000a286 (0xd63f2f23) sw      gp, -642(t5)
core   0: 3 0x8000a286 (0xd63f2f23) mem 0x80010000 0x00000001
core   0: 0x8000a28a (0x0000bfe5) c.j     pc - 8
core   0: 3 0x8000a28a (0xbfe5)
core   0: 0x8000a282 (0x00006f17) auipc   t5, 0x6
core   0: 3 0x8000a282 (0x00006f17) x30 0x80010282
core   0: 0x8000a286 (0xd63f2f23) sw      gp, -642(t5)
core   0: 3 0x8000a286 (0xd63f2f23) mem 0x80010000 0x00000001
core   0: 0x8000a28a (0x0000bfe5) c.j     pc - 8
core   0: 3 0x8000a28a (0xbfe5)
core   0: 0x8000a282 (0x00006f17) auipc   t5, 0x6
core   0: 3 0x8000a282 (0x00006f17) x30 0x80010282
core   0: 0x8000a286 (0xd63f2f23) sw      gp, -642(t5)
core   0: 3 0x8000a286 (0xd63f2f23) mem 0x80010000 0x00000001
core   0: 0x8000a28a (0x0000bfe5) c.j     pc - 8
core   0: 3 0x8000a28a (0xbfe5)
core   0: 0x8000a282 (0x00006f17) auipc   t5, 0x6
core   0: 3 0x8000a282 (0x00006f17) x30 0x80010282
core   0: 0x8000a286 (0xd63f2f23) sw      gp, -642(t5)
core   0: 3 0x8000a286 (0xd63f2f23) mem 0x80010000 0x00000001
core   0: 0x8000a28a (0x0000bfe5) c.j     pc - 8
core   0: 3 0x8000a28a (0xbfe5)
core   0: 0x8000a282 (0x00006f17) auipc   t5, 0x6
core   0: 3 0x8000a282 (0x00006f17) x30 0x80010282
core   0: 0x8000a286 (0xd63f2f23) sw      gp, -642(t5)
core   0: 3 0x8000a286 (0xd63f2f23) mem 0x80010000 0x00000001
core   0: 0x8000a28a (0x0000bfe5) c.j     pc - 8
core   0: 3 0x8000a28a (0xbfe5)
core   0: 0x8000a282 (0x00006f17) auipc   t5, 0x6
core   0: 3 0x8000a282 (0x00006f17) x30 0x80010282
core   0: 0x8000a286 (0xd63f2f23) sw      gp, -642(t5)
core   0: 3 0x8000a286 (0xd63f2f23) mem 0x80010000 0x00000001
core   0: 0x8000a28a (0x0000bfe5) c.j     pc - 8
core   0: 3 0x8000a28a (0xbfe5)
core   0: 0x8000a282 (0x00006f17) auipc   t5, 0x6
core   0: 3 0x8000a282 (0x00006f17) x30 0x80010282
core   0: 0x8000a286 (0xd63f2f23) sw      gp, -642(t5)
core   0: 3 0x8000a286 (0xd63f2f23) mem 0x80010000 0x00000001
core   0: 0x8000a28a (0x0000bfe5) c.j     pc - 8
core   0: 3 0x8000a28a (0xbfe5)
core   0: 0x8000a282 (0x00006f17) auipc   t5, 0x6
core   0: 3 0x8000a282 (0x00006f17) x30 0x80010282
core   0: 0x8000a286 (0xd63f2f23) sw      gp, -642(t5)
core   0: 3 0x8000a286 (0xd63f2f23) mem 0x80010000 0x00000001
core   0: 0x8000a28a (0x0000bfe5) c.j     pc - 8
core   0: 3 0x8000a28a (0xbfe5)
core   0: 0x8000a282 (0x00006f17) auipc   t5, 0x6
core   0: 3 0x8000a282 (0x00006f17) x30 0x80010282
core   0: 0x8000a286 (0xd63f2f23) sw      gp, -642(t5)
core   0: 3 0x8000a286 (0xd63f2f23) mem 0x80010000 0x00000001
core   0: 0x8000a28a (0x0000bfe5) c.j     pc - 8
core   0: 3 0x8000a28a (0xbfe5)
core   0: 0x8000a282 (0x00006f17) auipc   t5, 0x6
core   0: 3 0x8000a282 (0x00006f17) x30 0x80010282
core   0: 0x8000a286 (0xd63f2f23) sw      gp, -642(t5)
core   0: 3 0x8000a286 (0xd63f2f23) mem 0x80010000 0x00000001
core   0: 0x8000a28a (0x0000bfe5) c.j     pc - 8
core   0: 3 0x8000a28a (0xbfe5)
core   0: 0x8000a282 (0x00006f17) auipc   t5, 0x6
core   0: 3 0x8000a282 (0x00006f17) x30 0x80010282
core   0: 0x8000a286 (0xd63f2f23) sw      gp, -642(t5)
core   0: 3 0x8000a286 (0xd63f2f23) mem 0x80010000 0x00000001
core   0: 0x8000a28a (0x0000bfe5) c.j     pc - 8
core   0: 3 0x8000a28a (0xbfe5)
core   0: 0x8000a282 (0x00006f17) auipc   t5, 0x6
core   0: 3 0x8000a282 (0x00006f17) x30 0x80010282
core   0: 0x8000a286 (0xd63f2f23) sw      gp, -642(t5)
core   0: 3 0x8000a286 (0xd63f2f23) mem 0x80010000 0x00000001
core   0: 0x8000a28a (0x0000bfe5) c.j     pc - 8
core   0: 3 0x8000a28a (0xbfe5)
core   0: 0x8000a282 (0x00006f17) auipc   t5, 0x6
core   0: 3 0x8000a282 (0x00006f17) x30 0x80010282
core   0: 0x8000a286 (0xd63f2f23) sw      gp, -642(t5)
core   0: 3 0x8000a286 (0xd63f2f23) mem 0x80010000 0x00000001
core   0: 0x8000a28a (0x0000bfe5) c.j     pc - 8
core   0: 3 0x8000a28a (0xbfe5)
core   0: 0x8000a282 (0x00006f17) auipc   t5, 0x6
core   0: 3 0x8000a282 (0x00006f17) x30 0x80010282
core   0: 0x8000a286 (0xd63f2f23) sw      gp, -642(t5)
core   0: 3 0x8000a286 (0xd63f2f23) mem 0x80010000 0x00000001
core   0: 0x8000a28a (0x0000bfe5) c.j     pc - 8
core   0: 3 0x8000a28a (0xbfe5)
core   0: 0x8000a282 (0x00006f17) auipc   t5, 0x6
core   0: 3 0x8000a282 (0x00006f17) x30 0x80010282
core   0: 0x8000a286 (0xd63f2f23) sw      gp, -642(t5)
core   0: 3 0x8000a286 (0xd63f2f23) mem 0x80010000 0x00000001
core   0: 0x8000a28a (0x0000bfe5) c.j     pc - 8
core   0: 3 0x8000a28a (0xbfe5)
core   0: 0x8000a282 (0x00006f17) auipc   t5, 0x6
core   0: 3 0x8000a282 (0x00006f17) x30 0x80010282
core   0: 0x8000a286 (0xd63f2f23) sw      gp, -642(t5)
core   0: 3 0x8000a286 (0xd63f2f23) mem 0x80010000 0x00000001
core   0: 0x8000a28a (0x0000bfe5) c.j     pc - 8
core   0: 3 0x8000a28a (0xbfe5)
core   0: 0x8000a282 (0x00006f17) auipc   t5, 0x6
core   0: 3 0x8000a282 (0x00006f17) x30 0x80010282
core   0: 0x8000a286 (0xd63f2f23) sw      gp, -642(t5)
core   0: 3 0x8000a286 (0xd63f2f23) mem 0x80010000 0x00000001
core   0: 0x8000a28a (0x0000bfe5) c.j     pc - 8
core   0: 3 0x8000a28a (0xbfe5)
core   0: 0x8000a282 (0x00006f17) auipc   t5, 0x6
core   0: 3 0x8000a282 (0x00006f17) x30 0x80010282
core   0: 0x8000a286 (0xd63f2f23) sw      gp, -642(t5)
core   0: 3 0x8000a286 (0xd63f2f23) mem 0x80010000 0x00000001
core   0: 0x8000a28a (0x0000bfe5) c.j     pc - 8
core   0: 3 0x8000a28a (0xbfe5)
core   0: 0x8000a282 (0x00006f17) auipc   t5, 0x6
core   0: 3 0x8000a282 (0x00006f17) x30 0x80010282
core   0: 0x8000a286 (0xd63f2f23) sw      gp, -642(t5)
core   0: 3 0x8000a286 (0xd63f2f23) mem 0x80010000 0x00000001
core   0: 0x8000a28a (0x0000bfe5) c.j     pc - 8
core   0: 3 0x8000a28a (0xbfe5)
core   0: 0x8000a282 (0x00006f17) auipc   t5, 0x6
core   0: 3 0x8000a282 (0x00006f17) x30 0x80010282
core   0: 0x8000a286 (0xd63f2f23) sw      gp, -642(t5)
core   0: 3 0x8000a286 (0xd63f2f23) mem 0x80010000 0x00000001
core   0: 0x8000a28a (0x0000bfe5) c.j     pc - 8
core   0: 3 0x8000a28a (0xbfe5)
core   0: 0x8000a282 (0x00006f17) auipc   t5, 0x6
core   0: 3 0x8000a282 (0x00006f17) x30 0x80010282
core   0: 0x8000a286 (0xd63f2f23) sw      gp, -642(t5)
core   0: 3 0x8000a286 (0xd63f2f23) mem 0x80010000 0x00000001
core   0: 0x8000a28a (0x0000bfe5) c.j     pc - 8
core   0: 3 0x8000a28a (0xbfe5)
core   0: 0x8000a282 (0x00006f17) auipc   t5, 0x6
core   0: 3 0x8000a282 (0x00006f17) x30 0x80010282
core   0: 0x8000a286 (0xd63f2f23) sw      gp, -642(t5)
core   0: 3 0x8000a286 (0xd63f2f23) mem 0x80010000 0x00000001
core   0: 0x8000a28a (0x0000bfe5) c.j     pc - 8
core   0: 3 0x8000a28a (0xbfe5)
core   0: 0x8000a282 (0x00006f17) auipc   t5, 0x6
core   0: 3 0x8000a282 (0x00006f17) x30 0x80010282
core   0: 0x8000a286 (0xd63f2f23) sw      gp, -642(t5)
core   0: 3 0x8000a286 (0xd63f2f23) mem 0x80010000 0x00000001
core   0: 0x8000a28a (0x0000bfe5) c.j     pc - 8
core   0: 3 0x8000a28a (0xbfe5)
core   0: 0x8000a282 (0x00006f17) auipc   t5, 0x6
core   0: 3 0x8000a282 (0x00006f17) x30 0x80010282
core   0: 0x8000a286 (0xd63f2f23) sw      gp, -642(t5)
core   0: 3 0x8000a286 (0xd63f2f23) mem 0x80010000 0x00000001
core   0: 0x8000a28a (0x0000bfe5) c.j     pc - 8
core   0: 3 0x8000a28a (0xbfe5)
core   0: 0x8000a282 (0x00006f17) auipc   t5, 0x6
core   0: 3 0x8000a282 (0x00006f17) x30 0x80010282
core   0: 0x8000a286 (0xd63f2f23) sw      gp, -642(t5)
core   0: 3 0x8000a286 (0xd63f2f23) mem 0x80010000 0x00000001
core   0: 0x8000a28a (0x0000bfe5) c.j     pc - 8
core   0: 3 0x8000a28a (0xbfe5)
core   0: 0x8000a282 (0x00006f17) auipc   t5, 0x6
core   0: 3 0x8000a282 (0x00006f17) x30 0x80010282
core   0: 0x8000a286 (0xd63f2f23) sw      gp, -642(t5)
core   0: 3 0x8000a286 (0xd63f2f23) mem 0x80010000 0x00000001
core   0: 0x8000a28a (0x0000bfe5) c.j     pc - 8
core   0: 3 0x8000a28a (0xbfe5)
core   0: 0x8000a282 (0x00006f17) auipc   t5, 0x6
core   0: 3 0x8000a282 (0x00006f17) x30 0x80010282
core   0: 0x8000a286 (0xd63f2f23) sw      gp, -642(t5)
core   0: 3 0x8000a286 (0xd63f2f23) mem 0x80010000 0x00000001
core   0: 0x8000a28a (0x0000bfe5) c.j     pc - 8
core   0: 3 0x8000a28a (0xbfe5)
core   0: 0x8000a282 (0x00006f17) auipc   t5, 0x6
core   0: 3 0x8000a282 (0x00006f17) x30 0x80010282
core   0: 0x8000a286 (0xd63f2f23) sw      gp, -642(t5)
core   0: 3 0x8000a286 (0xd63f2f23) mem 0x80010000 0x00000001
core   0: 0x8000a28a (0x0000bfe5) c.j     pc - 8
core   0: 3 0x8000a28a (0xbfe5)
core   0: 0x8000a282 (0x00006f17) auipc   t5, 0x6
core   0: 3 0x8000a282 (0x00006f17) x30 0x80010282
core   0: 0x8000a286 (0xd63f2f23) sw      gp, -642(t5)
core   0: 3 0x8000a286 (0xd63f2f23) mem 0x80010000 0x00000001
core   0: 0x8000a28a (0x0000bfe5) c.j     pc - 8
core   0: 3 0x8000a28a (0xbfe5)
core   0: 0x8000a282 (0x00006f17) auipc   t5, 0x6
core   0: 3 0x8000a282 (0x00006f17) x30 0x80010282
core   0: 0x8000a286 (0xd63f2f23) sw      gp, -642(t5)
core   0: 3 0x8000a286 (0xd63f2f23) mem 0x80010000 0x00000001
core   0: 0x8000a28a (0x0000bfe5) c.j     pc - 8
core   0: 3 0x8000a28a (0xbfe5)
core   0: 0x8000a282 (0x00006f17) auipc   t5, 0x6
core   0: 3 0x8000a282 (0x00006f17) x30 0x80010282
core   0: 0x8000a286 (0xd63f2f23) sw      gp, -642(t5)
core   0: 3 0x8000a286 (0xd63f2f23) mem 0x80010000 0x00000001
core   0: 0x8000a28a (0x0000bfe5) c.j     pc - 8
core   0: 3 0x8000a28a (0xbfe5)
core   0: 0x8000a282 (0x00006f17) auipc   t5, 0x6
core   0: 3 0x8000a282 (0x00006f17) x30 0x80010282
core   0: 0x8000a286 (0xd63f2f23) sw      gp, -642(t5)
core   0: 3 0x8000a286 (0xd63f2f23) mem 0x80010000 0x00000001
core   0: 0x8000a28a (0x0000bfe5) c.j     pc - 8
core   0: 3 0x8000a28a (0xbfe5)
core   0: 0x8000a282 (0x00006f17) auipc   t5, 0x6
core   0: 3 0x8000a282 (0x00006f17) x30 0x80010282
core   0: 0x8000a286 (0xd63f2f23) sw      gp, -642(t5)
core   0: 3 0x8000a286 (0xd63f2f23) mem 0x80010000 0x00000001
core   0: 0x8000a28a (0x0000bfe5) c.j     pc - 8
core   0: 3 0x8000a28a (0xbfe5)
core   0: 0x8000a282 (0x00006f17) auipc   t5, 0x6
core   0: 3 0x8000a282 (0x00006f17) x30 0x80010282
core   0: 0x8000a286 (0xd63f2f23) sw      gp, -642(t5)
core   0: 3 0x8000a286 (0xd63f2f23) mem 0x80010000 0x00000001
core   0: 0x8000a28a (0x0000bfe5) c.j     pc - 8
core   0: 3 0x8000a28a (0xbfe5)
core   0: 0x8000a282 (0x00006f17) auipc   t5, 0x6
core   0: 3 0x8000a282 (0x00006f17) x30 0x80010282
core   0: 0x8000a286 (0xd63f2f23) sw      gp, -642(t5)
core   0: 3 0x8000a286 (0xd63f2f23) mem 0x80010000 0x00000001
core   0: 0x8000a28a (0x0000bfe5) c.j     pc - 8
core   0: 3 0x8000a28a (0xbfe5)
core   0: 0x8000a282 (0x00006f17) auipc   t5, 0x6
core   0: 3 0x8000a282 (0x00006f17) x30 0x80010282
core   0: 0x8000a286 (0xd63f2f23) sw      gp, -642(t5)
core   0: 3 0x8000a286 (0xd63f2f23) mem 0x80010000 0x00000001
core   0: 0x8000a28a (0x0000bfe5) c.j     pc - 8
core   0: 3 0x8000a28a (0xbfe5)
core   0: 0x8000a282 (0x00006f17) auipc   t5, 0x6
core   0: 3 0x8000a282 (0x00006f17) x30 0x80010282
core   0: 0x8000a286 (0xd63f2f23) sw      gp, -642(t5)
core   0: 3 0x8000a286 (0xd63f2f23) mem 0x80010000 0x00000001
core   0: 0x8000a28a (0x0000bfe5) c.j     pc - 8
core   0: 3 0x8000a28a (0xbfe5)
core   0: 0x8000a282 (0x00006f17) auipc   t5, 0x6
core   0: 3 0x8000a282 (0x00006f17) x30 0x80010282
core   0: 0x8000a286 (0xd63f2f23) sw      gp, -642(t5)
core   0: 3 0x8000a286 (0xd63f2f23) mem 0x80010000 0x00000001
core   0: 0x8000a28a (0x0000bfe5) c.j     pc - 8
core   0: 3 0x8000a28a (0xbfe5)
core   0: 0x8000a282 (0x00006f17) auipc   t5, 0x6
core   0: 3 0x8000a282 (0x00006f17) x30 0x80010282
core   0: 0x8000a286 (0xd63f2f23) sw      gp, -642(t5)
core   0: 3 0x8000a286 (0xd63f2f23) mem 0x80010000 0x00000001
core   0: 0x8000a28a (0x0000bfe5) c.j     pc - 8
core   0: 3 0x8000a28a (0xbfe5)
core   0: 0x8000a282 (0x00006f17) auipc   t5, 0x6
core   0: 3 0x8000a282 (0x00006f17) x30 0x80010282
core   0: 0x8000a286 (0xd63f2f23) sw      gp, -642(t5)
core   0: 3 0x8000a286 (0xd63f2f23) mem 0x80010000 0x00000001
core   0: 0x8000a28a (0x0000bfe5) c.j     pc - 8
core   0: 3 0x8000a28a (0xbfe5)
core   0: 0x8000a282 (0x00006f17) auipc   t5, 0x6
core   0: 3 0x8000a282 (0x00006f17) x30 0x80010282
core   0: 0x8000a286 (0xd63f2f23) sw      gp, -642(t5)
core   0: 3 0x8000a286 (0xd63f2f23) mem 0x80010000 0x00000001
core   0: 0x8000a28a (0x0000bfe5) c.j     pc - 8
core   0: 3 0x8000a28a (0xbfe5)
core   0: 0x8000a282 (0x00006f17) auipc   t5, 0x6
core   0: 3 0x8000a282 (0x00006f17) x30 0x80010282
core   0: 0x8000a286 (0xd63f2f23) sw      gp, -642(t5)
core   0: 3 0x8000a286 (0xd63f2f23) mem 0x80010000 0x00000001
core   0: 0x8000a28a (0x0000bfe5) c.j     pc - 8
core   0: 3 0x8000a28a (0xbfe5)
core   0: 0x8000a282 (0x00006f17) auipc   t5, 0x6
core   0: 3 0x8000a282 (0x00006f17) x30 0x80010282
core   0: 0x8000a286 (0xd63f2f23) sw      gp, -642(t5)
core   0: 3 0x8000a286 (0xd63f2f23) mem 0x80010000 0x00000001
core   0: 0x8000a28a (0x0000bfe5) c.j     pc - 8
core   0: 3 0x8000a28a (0xbfe5)
core   0: 0x8000a282 (0x00006f17) auipc   t5, 0x6
core   0: 3 0x8000a282 (0x00006f17) x30 0x80010282
core   0: 0x8000a286 (0xd63f2f23) sw      gp, -642(t5)
core   0: 3 0x8000a286 (0xd63f2f23) mem 0x80010000 0x00000001
core   0: 0x8000a28a (0x0000bfe5) c.j     pc - 8
core   0: 3 0x8000a28a (0xbfe5)
core   0: 0x8000a282 (0x00006f17) auipc   t5, 0x6
core   0: 3 0x8000a282 (0x00006f17) x30 0x80010282
core   0: 0x8000a286 (0xd63f2f23) sw      gp, -642(t5)
core   0: 3 0x8000a286 (0xd63f2f23) mem 0x80010000 0x00000001
core   0: 0x8000a28a (0x0000bfe5) c.j     pc - 8
core   0: 3 0x8000a28a (0xbfe5)
core   0: 0x8000a282 (0x00006f17) auipc   t5, 0x6
core   0: 3 0x8000a282 (0x00006f17) x30 0x80010282
core   0: 0x8000a286 (0xd63f2f23) sw      gp, -642(t5)
core   0: 3 0x8000a286 (0xd63f2f23) mem 0x80010000 0x00000001
core   0: 0x8000a28a (0x0000bfe5) c.j     pc - 8
core   0: 3 0x8000a28a (0xbfe5)
core   0: 0x8000a282 (0x00006f17) auipc   t5, 0x6
core   0: 3 0x8000a282 (0x00006f17) x30 0x80010282
core   0: 0x8000a286 (0xd63f2f23) sw      gp, -642(t5)
core   0: 3 0x8000a286 (0xd63f2f23) mem 0x80010000 0x00000001
core   0: 0x8000a28a (0x0000bfe5) c.j     pc - 8
core   0: 3 0x8000a28a (0xbfe5)
core   0: 0x8000a282 (0x00006f17) auipc   t5, 0x6
core   0: 3 0x8000a282 (0x00006f17) x30 0x80010282
core   0: 0x8000a286 (0xd63f2f23) sw      gp, -642(t5)
core   0: 3 0x8000a286 (0xd63f2f23) mem 0x80010000 0x00000001
core   0: 0x8000a28a (0x0000bfe5) c.j     pc - 8
core   0: 3 0x8000a28a (0xbfe5)
core   0: 0x8000a282 (0x00006f17) auipc   t5, 0x6
core   0: 3 0x8000a282 (0x00006f17) x30 0x80010282
core   0: 0x8000a286 (0xd63f2f23) sw      gp, -642(t5)
core   0: 3 0x8000a286 (0xd63f2f23) mem 0x80010000 0x00000001
core   0: 0x8000a28a (0x0000bfe5) c.j     pc - 8
core   0: 3 0x8000a28a (0xbfe5)
core   0: 0x8000a282 (0x00006f17) auipc   t5, 0x6
core   0: 3 0x8000a282 (0x00006f17) x30 0x80010282
core   0: 0x8000a286 (0xd63f2f23) sw      gp, -642(t5)
core   0: 3 0x8000a286 (0xd63f2f23) mem 0x80010000 0x00000001
core   0: 0x8000a28a (0x0000bfe5) c.j     pc - 8
core   0: 3 0x8000a28a (0xbfe5)
core   0: 0x8000a282 (0x00006f17) auipc   t5, 0x6
core   0: 3 0x8000a282 (0x00006f17) x30 0x80010282
core   0: 0x8000a286 (0xd63f2f23) sw      gp, -642(t5)
core   0: 3 0x8000a286 (0xd63f2f23) mem 0x80010000 0x00000001
core   0: 0x8000a28a (0x0000bfe5) c.j     pc - 8
core   0: 3 0x8000a28a (0xbfe5)
core   0: 0x8000a282 (0x00006f17) auipc   t5, 0x6
core   0: 3 0x8000a282 (0x00006f17) x30 0x80010282
core   0: 0x8000a286 (0xd63f2f23) sw      gp, -642(t5)
core   0: 3 0x8000a286 (0xd63f2f23) mem 0x80010000 0x00000001
core   0: 0x8000a28a (0x0000bfe5) c.j     pc - 8
core   0: 3 0x8000a28a (0xbfe5)
core   0: 0x8000a282 (0x00006f17) auipc   t5, 0x6
core   0: 3 0x8000a282 (0x00006f17) x30 0x80010282
core   0: 0x8000a286 (0xd63f2f23) sw      gp, -642(t5)
core   0: 3 0x8000a286 (0xd63f2f23) mem 0x80010000 0x00000001
core   0: 0x8000a28a (0x0000bfe5) c.j     pc - 8
core   0: 3 0x8000a28a (0xbfe5)
core   0: 0x8000a282 (0x00006f17) auipc   t5, 0x6
core   0: 3 0x8000a282 (0x00006f17) x30 0x80010282
core   0: 0x8000a286 (0xd63f2f23) sw      gp, -642(t5)
core   0: 3 0x8000a286 (0xd63f2f23) mem 0x80010000 0x00000001
core   0: 0x8000a28a (0x0000bfe5) c.j     pc - 8
core   0: 3 0x8000a28a (0xbfe5)
core   0: 0x8000a282 (0x00006f17) auipc   t5, 0x6
core   0: 3 0x8000a282 (0x00006f17) x30 0x80010282
core   0: 0x8000a286 (0xd63f2f23) sw      gp, -642(t5)
core   0: 3 0x8000a286 (0xd63f2f23) mem 0x80010000 0x00000001
core   0: 0x8000a28a (0x0000bfe5) c.j     pc - 8
core   0: 3 0x8000a28a (0xbfe5)
core   0: 0x8000a282 (0x00006f17) auipc   t5, 0x6
core   0: 3 0x8000a282 (0x00006f17) x30 0x80010282
core   0: 0x8000a286 (0xd63f2f23) sw      gp, -642(t5)
core   0: 3 0x8000a286 (0xd63f2f23) mem 0x80010000 0x00000001
core   0: 0x8000a28a (0x0000bfe5) c.j     pc - 8
core   0: 3 0x8000a28a (0xbfe5)
core   0: 0x8000a282 (0x00006f17) auipc   t5, 0x6
core   0: 3 0x8000a282 (0x00006f17) x30 0x80010282
core   0: 0x8000a286 (0xd63f2f23) sw      gp, -642(t5)
core   0: 3 0x8000a286 (0xd63f2f23) mem 0x80010000 0x00000001
core   0: 0x8000a28a (0x0000bfe5) c.j     pc - 8
core   0: 3 0x8000a28a (0xbfe5)
core   0: 0x8000a282 (0x00006f17) auipc   t5, 0x6
core   0: 3 0x8000a282 (0x00006f17) x30 0x80010282
core   0: 0x8000a286 (0xd63f2f23) sw      gp, -642(t5)
core   0: 3 0x8000a286 (0xd63f2f23) mem 0x80010000 0x00000001
core   0: 0x8000a28a (0x0000bfe5) c.j     pc - 8
core   0: 3 0x8000a28a (0xbfe5)
core   0: 0x8000a282 (0x00006f17) auipc   t5, 0x6
core   0: 3 0x8000a282 (0x00006f17) x30 0x80010282
core   0: 0x8000a286 (0xd63f2f23) sw      gp, -642(t5)
core   0: 3 0x8000a286 (0xd63f2f23) mem 0x80010000 0x00000001
core   0: 0x8000a28a (0x0000bfe5) c.j     pc - 8
core   0: 3 0x8000a28a (0xbfe5)
core   0: 0x8000a282 (0x00006f17) auipc   t5, 0x6
core   0: 3 0x8000a282 (0x00006f17) x30 0x80010282
core   0: 0x8000a286 (0xd63f2f23) sw      gp, -642(t5)
core   0: 3 0x8000a286 (0xd63f2f23) mem 0x80010000 0x00000001
core   0: 0x8000a28a (0x0000bfe5) c.j     pc - 8
core   0: 3 0x8000a28a (0xbfe5)
core   0: 0x8000a282 (0x00006f17) auipc   t5, 0x6
core   0: 3 0x8000a282 (0x00006f17) x30 0x80010282
core   0: 0x8000a286 (0xd63f2f23) sw      gp, -642(t5)
core   0: 3 0x8000a286 (0xd63f2f23) mem 0x80010000 0x00000001
core   0: 0x8000a28a (0x0000bfe5) c.j     pc - 8
core   0: 3 0x8000a28a (0xbfe5)
core   0: 0x8000a282 (0x00006f17) auipc   t5, 0x6
core   0: 3 0x8000a282 (0x00006f17) x30 0x80010282
core   0: 0x8000a286 (0xd63f2f23) sw      gp, -642(t5)
core   0: 3 0x8000a286 (0xd63f2f23) mem 0x80010000 0x00000001
core   0: 0x8000a28a (0x0000bfe5) c.j     pc - 8
core   0: 3 0x8000a28a (0xbfe5)
core   0: 0x8000a282 (0x00006f17) auipc   t5, 0x6
core   0: 3 0x8000a282 (0x00006f17) x30 0x80010282
core   0: 0x8000a286 (0xd63f2f23) sw      gp, -642(t5)
core   0: 3 0x8000a286 (0xd63f2f23) mem 0x80010000 0x00000001
core   0: 0x8000a28a (0x0000bfe5) c.j     pc - 8
core   0: 3 0x8000a28a (0xbfe5)
core   0: 0x8000a282 (0x00006f17) auipc   t5, 0x6
core   0: 3 0x8000a282 (0x00006f17) x30 0x80010282
core   0: 0x8000a286 (0xd63f2f23) sw      gp, -642(t5)
core   0: 3 0x8000a286 (0xd63f2f23) mem 0x80010000 0x00000001
core   0: 0x8000a28a (0x0000bfe5) c.j     pc - 8
core   0: 3 0x8000a28a (0xbfe5)
core   0: 0x8000a282 (0x00006f17) auipc   t5, 0x6
core   0: 3 0x8000a282 (0x00006f17) x30 0x80010282
core   0: 0x8000a286 (0xd63f2f23) sw      gp, -642(t5)
core   0: 3 0x8000a286 (0xd63f2f23) mem 0x80010000 0x00000001
core   0: 0x8000a28a (0x0000bfe5) c.j     pc - 8
core   0: 3 0x8000a28a (0xbfe5)
core   0: 0x8000a282 (0x00006f17) auipc   t5, 0x6
core   0: 3 0x8000a282 (0x00006f17) x30 0x80010282
core   0: 0x8000a286 (0xd63f2f23) sw      gp, -642(t5)
core   0: 3 0x8000a286 (0xd63f2f23) mem 0x80010000 0x00000001
core   0: 0x8000a28a (0x0000bfe5) c.j     pc - 8
core   0: 3 0x8000a28a (0xbfe5)
core   0: 0x8000a282 (0x00006f17) auipc   t5, 0x6
core   0: 3 0x8000a282 (0x00006f17) x30 0x80010282
core   0: 0x8000a286 (0xd63f2f23) sw      gp, -642(t5)
core   0: 3 0x8000a286 (0xd63f2f23) mem 0x80010000 0x00000001
core   0: 0x8000a28a (0x0000bfe5) c.j     pc - 8
core   0: 3 0x8000a28a (0xbfe5)
core   0: 0x8000a282 (0x00006f17) auipc   t5, 0x6
core   0: 3 0x8000a282 (0x00006f17) x30 0x80010282
core   0: 0x8000a286 (0xd63f2f23) sw      gp, -642(t5)
core   0: 3 0x8000a286 (0xd63f2f23) mem 0x80010000 0x00000001
core   0: 0x8000a28a (0x0000bfe5) c.j     pc - 8
core   0: 3 0x8000a28a (0xbfe5)
core   0: 0x8000a282 (0x00006f17) auipc   t5, 0x6
core   0: 3 0x8000a282 (0x00006f17) x30 0x80010282
core   0: 0x8000a286 (0xd63f2f23) sw      gp, -642(t5)
core   0: 3 0x8000a286 (0xd63f2f23) mem 0x80010000 0x00000001
core   0: 0x8000a28a (0x0000bfe5) c.j     pc - 8
core   0: 3 0x8000a28a (0xbfe5)
core   0: 0x8000a282 (0x00006f17) auipc   t5, 0x6
core   0: 3 0x8000a282 (0x00006f17) x30 0x80010282
core   0: 0x8000a286 (0xd63f2f23) sw      gp, -642(t5)
core   0: 3 0x8000a286 (0xd63f2f23) mem 0x80010000 0x00000001
core   0: 0x8000a28a (0x0000bfe5) c.j     pc - 8
core   0: 3 0x8000a28a (0xbfe5)
core   0: 0x8000a282 (0x00006f17) auipc   t5, 0x6
core   0: 3 0x8000a282 (0x00006f17) x30 0x80010282
core   0: 0x8000a286 (0xd63f2f23) sw      gp, -642(t5)
core   0: 3 0x8000a286 (0xd63f2f23) mem 0x80010000 0x00000001
core   0: 0x8000a28a (0x0000bfe5) c.j     pc - 8
core   0: 3 0x8000a28a (0xbfe5)
core   0: 0x8000a282 (0x00006f17) auipc   t5, 0x6
core   0: 3 0x8000a282 (0x00006f17) x30 0x80010282
core   0: 0x8000a286 (0xd63f2f23) sw      gp, -642(t5)
core   0: 3 0x8000a286 (0xd63f2f23) mem 0x80010000 0x00000001
core   0: 0x8000a28a (0x0000bfe5) c.j     pc - 8
core   0: 3 0x8000a28a (0xbfe5)
core   0: 0x8000a282 (0x00006f17) auipc   t5, 0x6
core   0: 3 0x8000a282 (0x00006f17) x30 0x80010282
core   0: 0x8000a286 (0xd63f2f23) sw      gp, -642(t5)
core   0: 3 0x8000a286 (0xd63f2f23) mem 0x80010000 0x00000001
core   0: 0x8000a28a (0x0000bfe5) c.j     pc - 8
core   0: 3 0x8000a28a (0xbfe5)
core   0: 0x8000a282 (0x00006f17) auipc   t5, 0x6
core   0: 3 0x8000a282 (0x00006f17) x30 0x80010282
core   0: 0x8000a286 (0xd63f2f23) sw      gp, -642(t5)
core   0: 3 0x8000a286 (0xd63f2f23) mem 0x80010000 0x00000001
core   0: 0x8000a28a (0x0000bfe5) c.j     pc - 8
core   0: 3 0x8000a28a (0xbfe5)
core   0: 0x8000a282 (0x00006f17) auipc   t5, 0x6
core   0: 3 0x8000a282 (0x00006f17) x30 0x80010282
core   0: 0x8000a286 (0xd63f2f23) sw      gp, -642(t5)
core   0: 3 0x8000a286 (0xd63f2f23) mem 0x80010000 0x00000001
core   0: 0x8000a28a (0x0000bfe5) c.j     pc - 8
core   0: 3 0x8000a28a (0xbfe5)
core   0: 0x8000a282 (0x00006f17) auipc   t5, 0x6
core   0: 3 0x8000a282 (0x00006f17) x30 0x80010282
core   0: 0x8000a286 (0xd63f2f23) sw      gp, -642(t5)
core   0: 3 0x8000a286 (0xd63f2f23) mem 0x80010000 0x00000001
core   0: 0x8000a28a (0x0000bfe5) c.j     pc - 8
core   0: 3 0x8000a28a (0xbfe5)
core   0: 0x8000a282 (0x00006f17) auipc   t5, 0x6
core   0: 3 0x8000a282 (0x00006f17) x30 0x80010282
core   0: 0x8000a286 (0xd63f2f23) sw      gp, -642(t5)
core   0: 3 0x8000a286 (0xd63f2f23) mem 0x80010000 0x00000001
core   0: 0x8000a28a (0x0000bfe5) c.j     pc - 8
core   0: 3 0x8000a28a (0xbfe5)
core   0: 0x8000a282 (0x00006f17) auipc   t5, 0x6
core   0: 3 0x8000a282 (0x00006f17) x30 0x80010282
core   0: 0x8000a286 (0xd63f2f23) sw      gp, -642(t5)
core   0: 3 0x8000a286 (0xd63f2f23) mem 0x80010000 0x00000001
core   0: 0x8000a28a (0x0000bfe5) c.j     pc - 8
core   0: 3 0x8000a28a (0xbfe5)
core   0: 0x8000a282 (0x00006f17) auipc   t5, 0x6
core   0: 3 0x8000a282 (0x00006f17) x30 0x80010282
core   0: 0x8000a286 (0xd63f2f23) sw      gp, -642(t5)
core   0: 3 0x8000a286 (0xd63f2f23) mem 0x80010000 0x00000001
core   0: 0x8000a28a (0x0000bfe5) c.j     pc - 8
core   0: 3 0x8000a28a (0xbfe5)
core   0: 0x8000a282 (0x00006f17) auipc   t5, 0x6
core   0: 3 0x8000a282 (0x00006f17) x30 0x80010282
core   0: 0x8000a286 (0xd63f2f23) sw      gp, -642(t5)
core   0: 3 0x8000a286 (0xd63f2f23) mem 0x80010000 0x00000001
core   0: 0x8000a28a (0x0000bfe5) c.j     pc - 8
core   0: 3 0x8000a28a (0xbfe5)
core   0: 0x8000a282 (0x00006f17) auipc   t5, 0x6
core   0: 3 0x8000a282 (0x00006f17) x30 0x80010282
core   0: 0x8000a286 (0xd63f2f23) sw      gp, -642(t5)
core   0: 3 0x8000a286 (0xd63f2f23) mem 0x80010000 0x00000001
core   0: 0x8000a28a (0x0000bfe5) c.j     pc - 8
core   0: 3 0x8000a28a (0xbfe5)
core   0: 0x8000a282 (0x00006f17) auipc   t5, 0x6
core   0: 3 0x8000a282 (0x00006f17) x30 0x80010282
core   0: 0x8000a286 (0xd63f2f23) sw      gp, -642(t5)
core   0: 3 0x8000a286 (0xd63f2f23) mem 0x80010000 0x00000001
core   0: 0x8000a28a (0x0000bfe5) c.j     pc - 8
core   0: 3 0x8000a28a (0xbfe5)
core   0: 0x8000a282 (0x00006f17) auipc   t5, 0x6
core   0: 3 0x8000a282 (0x00006f17) x30 0x80010282
core   0: 0x8000a286 (0xd63f2f23) sw      gp, -642(t5)
core   0: 3 0x8000a286 (0xd63f2f23) mem 0x80010000 0x00000001
core   0: 0x8000a28a (0x0000bfe5) c.j     pc - 8
core   0: 3 0x8000a28a (0xbfe5)
core   0: 0x8000a282 (0x00006f17) auipc   t5, 0x6
core   0: 3 0x8000a282 (0x00006f17) x30 0x80010282
core   0: 0x8000a286 (0xd63f2f23) sw      gp, -642(t5)
core   0: 3 0x8000a286 (0xd63f2f23) mem 0x80010000 0x00000001
core   0: 0x8000a28a (0x0000bfe5) c.j     pc - 8
core   0: 3 0x8000a28a (0xbfe5)
core   0: 0x8000a282 (0x00006f17) auipc   t5, 0x6
core   0: 3 0x8000a282 (0x00006f17) x30 0x80010282
core   0: 0x8000a286 (0xd63f2f23) sw      gp, -642(t5)
core   0: 3 0x8000a286 (0xd63f2f23) mem 0x80010000 0x00000001
core   0: 0x8000a28a (0x0000bfe5) c.j     pc - 8
core   0: 3 0x8000a28a (0xbfe5)
core   0: 0x8000a282 (0x00006f17) auipc   t5, 0x6
core   0: 3 0x8000a282 (0x00006f17) x30 0x80010282
core   0: 0x8000a286 (0xd63f2f23) sw      gp, -642(t5)
core   0: 3 0x8000a286 (0xd63f2f23) mem 0x80010000 0x00000001
core   0: 0x8000a28a (0x0000bfe5) c.j     pc - 8
core   0: 3 0x8000a28a (0xbfe5)
core   0: 0x8000a282 (0x00006f17) auipc   t5, 0x6
core   0: 3 0x8000a282 (0x00006f17) x30 0x80010282
core   0: 0x8000a286 (0xd63f2f23) sw      gp, -642(t5)
core   0: 3 0x8000a286 (0xd63f2f23) mem 0x80010000 0x00000001
core   0: 0x8000a28a (0x0000bfe5) c.j     pc - 8
core   0: 3 0x8000a28a (0xbfe5)
core   0: 0x8000a282 (0x00006f17) auipc   t5, 0x6
core   0: 3 0x8000a282 (0x00006f17) x30 0x80010282
core   0: 0x8000a286 (0xd63f2f23) sw      gp, -642(t5)
core   0: 3 0x8000a286 (0xd63f2f23) mem 0x80010000 0x00000001
core   0: 0x8000a28a (0x0000bfe5) c.j     pc - 8
core   0: 3 0x8000a28a (0xbfe5)
core   0: 0x8000a282 (0x00006f17) auipc   t5, 0x6
core   0: 3 0x8000a282 (0x00006f17) x30 0x80010282
core   0: 0x8000a286 (0xd63f2f23) sw      gp, -642(t5)
core   0: 3 0x8000a286 (0xd63f2f23) mem 0x80010000 0x00000001
core   0: 0x8000a28a (0x0000bfe5) c.j     pc - 8
core   0: 3 0x8000a28a (0xbfe5)
core   0: 0x8000a282 (0x00006f17) auipc   t5, 0x6
core   0: 3 0x8000a282 (0x00006f17) x30 0x80010282
core   0: 0x8000a286 (0xd63f2f23) sw      gp, -642(t5)
core   0: 3 0x8000a286 (0xd63f2f23) mem 0x80010000 0x00000001
core   0: 0x8000a28a (0x0000bfe5) c.j     pc - 8
core   0: 3 0x8000a28a (0xbfe5)
core   0: 0x8000a282 (0x00006f17) auipc   t5, 0x6
core   0: 3 0x8000a282 (0x00006f17) x30 0x80010282
core   0: 0x8000a286 (0xd63f2f23) sw      gp, -642(t5)
core   0: 3 0x8000a286 (0xd63f2f23) mem 0x80010000 0x00000001
core   0: 0x8000a28a (0x0000bfe5) c.j     pc - 8
core   0: 3 0x8000a28a (0xbfe5)
core   0: 0x8000a282 (0x00006f17) auipc   t5, 0x6
core   0: 3 0x8000a282 (0x00006f17) x30 0x80010282
core   0: 0x8000a286 (0xd63f2f23) sw      gp, -642(t5)
core   0: 3 0x8000a286 (0xd63f2f23) mem 0x80010000 0x00000001
core   0: 0x8000a28a (0x0000bfe5) c.j     pc - 8
core   0: 3 0x8000a28a (0xbfe5)
core   0: 0x8000a282 (0x00006f17) auipc   t5, 0x6
core   0: 3 0x8000a282 (0x00006f17) x30 0x80010282
core   0: 0x8000a286 (0xd63f2f23) sw      gp, -642(t5)
core   0: 3 0x8000a286 (0xd63f2f23) mem 0x80010000 0x00000001
core   0: 0x8000a28a (0x0000bfe5) c.j     pc - 8
core   0: 3 0x8000a28a (0xbfe5)
core   0: 0x8000a282 (0x00006f17) auipc   t5, 0x6
core   0: 3 0x8000a282 (0x00006f17) x30 0x80010282
core   0: 0x8000a286 (0xd63f2f23) sw      gp, -642(t5)
core   0: 3 0x8000a286 (0xd63f2f23) mem 0x80010000 0x00000001
core   0: 0x8000a28a (0x0000bfe5) c.j     pc - 8
core   0: 3 0x8000a28a (0xbfe5)
core   0: 0x8000a282 (0x00006f17) auipc   t5, 0x6
core   0: 3 0x8000a282 (0x00006f17) x30 0x80010282
core   0: 0x8000a286 (0xd63f2f23) sw      gp, -642(t5)
core   0: 3 0x8000a286 (0xd63f2f23) mem 0x80010000 0x00000001
core   0: 0x8000a28a (0x0000bfe5) c.j     pc - 8
core   0: 3 0x8000a28a (0xbfe5)
core   0: 0x8000a282 (0x00006f17) auipc   t5, 0x6
core   0: 3 0x8000a282 (0x00006f17) x30 0x80010282
core   0: 0x8000a286 (0xd63f2f23) sw      gp, -642(t5)
core   0: 3 0x8000a286 (0xd63f2f23) mem 0x80010000 0x00000001
core   0: 0x8000a28a (0x0000bfe5) c.j     pc - 8
core   0: 3 0x8000a28a (0xbfe5)
core   0: 0x8000a282 (0x00006f17) auipc   t5, 0x6
core   0: 3 0x8000a282 (0x00006f17) x30 0x80010282
core   0: 0x8000a286 (0xd63f2f23) sw      gp, -642(t5)
core   0: 3 0x8000a286 (0xd63f2f23) mem 0x80010000 0x00000001
core   0: 0x8000a28a (0x0000bfe5) c.j     pc - 8
core   0: 3 0x8000a28a (0xbfe5)
core   0: 0x8000a282 (0x00006f17) auipc   t5, 0x6
core   0: 3 0x8000a282 (0x00006f17) x30 0x80010282
core   0: 0x8000a286 (0xd63f2f23) sw      gp, -642(t5)
core   0: 3 0x8000a286 (0xd63f2f23) mem 0x80010000 0x00000001
core   0: 0x8000a28a (0x0000bfe5) c.j     pc - 8
core   0: 3 0x8000a28a (0xbfe5)
core   0: 0x8000a282 (0x00006f17) auipc   t5, 0x6
core   0: 3 0x8000a282 (0x00006f17) x30 0x80010282
core   0: 0x8000a286 (0xd63f2f23) sw      gp, -642(t5)
core   0: 3 0x8000a286 (0xd63f2f23) mem 0x80010000 0x00000001
core   0: 0x8000a28a (0x0000bfe5) c.j     pc - 8
core   0: 3 0x8000a28a (0xbfe5)
core   0: 0x8000a282 (0x00006f17) auipc   t5, 0x6
core   0: 3 0x8000a282 (0x00006f17) x30 0x80010282
core   0: 0x8000a286 (0xd63f2f23) sw      gp, -642(t5)
core   0: 3 0x8000a286 (0xd63f2f23) mem 0x80010000 0x00000001
core   0: 0x8000a28a (0x0000bfe5) c.j     pc - 8
core   0: 3 0x8000a28a (0xbfe5)
core   0: 0x8000a282 (0x00006f17) auipc   t5, 0x6
core   0: 3 0x8000a282 (0x00006f17) x30 0x80010282
core   0: 0x8000a286 (0xd63f2f23) sw      gp, -642(t5)
core   0: 3 0x8000a286 (0xd63f2f23) mem 0x80010000 0x00000001
core   0: 0x8000a28a (0x0000bfe5) c.j     pc - 8
core   0: 3 0x8000a28a (0xbfe5)
core   0: 0x8000a282 (0x00006f17) auipc   t5, 0x6
core   0: 3 0x8000a282 (0x00006f17) x30 0x80010282
core   0: 0x8000a286 (0xd63f2f23) sw      gp, -642(t5)
core   0: 3 0x8000a286 (0xd63f2f23) mem 0x80010000 0x00000001
core   0: 0x8000a28a (0x0000bfe5) c.j     pc - 8
core   0: 3 0x8000a28a (0xbfe5)
core   0: 0x8000a282 (0x00006f17) auipc   t5, 0x6
core   0: 3 0x8000a282 (0x00006f17) x30 0x80010282
core   0: 0x8000a286 (0xd63f2f23) sw      gp, -642(t5)
core   0: 3 0x8000a286 (0xd63f2f23) mem 0x80010000 0x00000001
core   0: 0x8000a28a (0x0000bfe5) c.j     pc - 8
core   0: 3 0x8000a28a (0xbfe5)
core   0: 0x8000a282 (0x00006f17) auipc   t5, 0x6
core   0: 3 0x8000a282 (0x00006f17) x30 0x80010282
core   0: 0x8000a286 (0xd63f2f23) sw      gp, -642(t5)
core   0: 3 0x8000a286 (0xd63f2f23) mem 0x80010000 0x00000001
core   0: 0x8000a28a (0x0000bfe5) c.j     pc - 8
core   0: 3 0x8000a28a (0xbfe5)
core   0: 0x8000a282 (0x00006f17) auipc   t5, 0x6
core   0: 3 0x8000a282 (0x00006f17) x30 0x80010282
core   0: 0x8000a286 (0xd63f2f23) sw      gp, -642(t5)
core   0: 3 0x8000a286 (0xd63f2f23) mem 0x80010000 0x00000001
core   0: 0x8000a28a (0x0000bfe5) c.j     pc - 8
core   0: 3 0x8000a28a (0xbfe5)
core   0: 0x8000a282 (0x00006f17) auipc   t5, 0x6
core   0: 3 0x8000a282 (0x00006f17) x30 0x80010282
core   0: 0x8000a286 (0xd63f2f23) sw      gp, -642(t5)
core   0: 3 0x8000a286 (0xd63f2f23) mem 0x80010000 0x00000001
core   0: 0x8000a28a (0x0000bfe5) c.j     pc - 8
core   0: 3 0x8000a28a (0xbfe5)
core   0: 0x8000a282 (0x00006f17) auipc   t5, 0x6
core   0: 3 0x8000a282 (0x00006f17) x30 0x80010282
core   0: 0x8000a286 (0xd63f2f23) sw      gp, -642(t5)
core   0: 3 0x8000a286 (0xd63f2f23) mem 0x80010000 0x00000001
core   0: 0x8000a28a (0x0000bfe5) c.j     pc - 8
core   0: 3 0x8000a28a (0xbfe5)
core   0: 0x8000a282 (0x00006f17) auipc   t5, 0x6
core   0: 3 0x8000a282 (0x00006f17) x30 0x80010282
core   0: 0x8000a286 (0xd63f2f23) sw      gp, -642(t5)
core   0: 3 0x8000a286 (0xd63f2f23) mem 0x80010000 0x00000001
core   0: 0x8000a28a (0x0000bfe5) c.j     pc - 8
core   0: 3 0x8000a28a (0xbfe5)
core   0: 0x8000a282 (0x00006f17) auipc   t5, 0x6
core   0: 3 0x8000a282 (0x00006f17) x30 0x80010282
core   0: 0x8000a286 (0xd63f2f23) sw      gp, -642(t5)
core   0: 3 0x8000a286 (0xd63f2f23) mem 0x80010000 0x00000001
core   0: 0x8000a28a (0x0000bfe5) c.j     pc - 8
core   0: 3 0x8000a28a (0xbfe5)
core   0: 0x8000a282 (0x00006f17) auipc   t5, 0x6
core   0: 3 0x8000a282 (0x00006f17) x30 0x80010282
core   0: 0x8000a286 (0xd63f2f23) sw      gp, -642(t5)
core   0: 3 0x8000a286 (0xd63f2f23) mem 0x80010000 0x00000001
core   0: 0x8000a28a (0x0000bfe5) c.j     pc - 8
core   0: 3 0x8000a28a (0xbfe5)
core   0: 0x8000a282 (0x00006f17) auipc   t5, 0x6
core   0: 3 0x8000a282 (0x00006f17) x30 0x80010282
core   0: 0x8000a286 (0xd63f2f23) sw      gp, -642(t5)
core   0: 3 0x8000a286 (0xd63f2f23) mem 0x80010000 0x00000001
core   0: 0x8000a28a (0x0000bfe5) c.j     pc - 8
core   0: 3 0x8000a28a (0xbfe5)
core   0: 0x8000a282 (0x00006f17) auipc   t5, 0x6
core   0: 3 0x8000a282 (0x00006f17) x30 0x80010282
core   0: 0x8000a286 (0xd63f2f23) sw      gp, -642(t5)
core   0: 3 0x8000a286 (0xd63f2f23) mem 0x80010000 0x00000001
core   0: 0x8000a28a (0x0000bfe5) c.j     pc - 8
core   0: 3 0x8000a28a (0xbfe5)
core   0: 0x8000a282 (0x00006f17) auipc   t5, 0x6
core   0: 3 0x8000a282 (0x00006f17) x30 0x80010282
core   0: 0x8000a286 (0xd63f2f23) sw      gp, -642(t5)
core   0: 3 0x8000a286 (0xd63f2f23) mem 0x80010000 0x00000001
core   0: 0x8000a28a (0x0000bfe5) c.j     pc - 8
core   0: 3 0x8000a28a (0xbfe5)
core   0: 0x8000a282 (0x00006f17) auipc   t5, 0x6
core   0: 3 0x8000a282 (0x00006f17) x30 0x80010282
core   0: 0x8000a286 (0xd63f2f23) sw      gp, -642(t5)
core   0: 3 0x8000a286 (0xd63f2f23) mem 0x80010000 0x00000001
core   0: 0x8000a28a (0x0000bfe5) c.j     pc - 8
core   0: 3 0x8000a28a (0xbfe5)
core   0: 0x8000a282 (0x00006f17) auipc   t5, 0x6
core   0: 3 0x8000a282 (0x00006f17) x30 0x80010282
core   0: 0x8000a286 (0xd63f2f23) sw      gp, -642(t5)
core   0: 3 0x8000a286 (0xd63f2f23) mem 0x80010000 0x00000001
core   0: 0x8000a28a (0x0000bfe5) c.j     pc - 8
core   0: 3 0x8000a28a (0xbfe5)
core   0: 0x8000a282 (0x00006f17) auipc   t5, 0x6
core   0: 3 0x8000a282 (0x00006f17) x30 0x80010282
core   0: 0x8000a286 (0xd63f2f23) sw      gp, -642(t5)
core   0: 3 0x8000a286 (0xd63f2f23) mem 0x80010000 0x00000001
core   0: 0x8000a28a (0x0000bfe5) c.j     pc - 8
core   0: 3 0x8000a28a (0xbfe5)
core   0: 0x8000a282 (0x00006f17) auipc   t5, 0x6
core   0: 3 0x8000a282 (0x00006f17) x30 0x80010282
core   0: 0x8000a286 (0xd63f2f23) sw      gp, -642(t5)
core   0: 3 0x8000a286 (0xd63f2f23) mem 0x80010000 0x00000001
core   0: 0x8000a28a (0x0000bfe5) c.j     pc - 8
core   0: 3 0x8000a28a (0xbfe5)
core   0: 0x8000a282 (0x00006f17) auipc   t5, 0x6
core   0: 3 0x8000a282 (0x00006f17) x30 0x80010282
core   0: 0x8000a286 (0xd63f2f23) sw      gp, -642(t5)
core   0: 3 0x8000a286 (0xd63f2f23) mem 0x80010000 0x00000001
core   0: 0x8000a28a (0x0000bfe5) c.j     pc - 8
core   0: 3 0x8000a28a (0xbfe5)
core   0: 0x8000a282 (0x00006f17) auipc   t5, 0x6
core   0: 3 0x8000a282 (0x00006f17) x30 0x80010282
core   0: 0x8000a286 (0xd63f2f23) sw      gp, -642(t5)
core   0: 3 0x8000a286 (0xd63f2f23) mem 0x80010000 0x00000001
core   0: 0x8000a28a (0x0000bfe5) c.j     pc - 8
core   0: 3 0x8000a28a (0xbfe5)
core   0: 0x8000a282 (0x00006f17) auipc   t5, 0x6
core   0: 3 0x8000a282 (0x00006f17) x30 0x80010282
core   0: 0x8000a286 (0xd63f2f23) sw      gp, -642(t5)
core   0: 3 0x8000a286 (0xd63f2f23) mem 0x80010000 0x00000001
core   0: 0x8000a28a (0x0000bfe5) c.j     pc - 8
core   0: 3 0x8000a28a (0xbfe5)
core   0: 0x8000a282 (0x00006f17) auipc   t5, 0x6
core   0: 3 0x8000a282 (0x00006f17) x30 0x80010282
core   0: 0x8000a286 (0xd63f2f23) sw      gp, -642(t5)
core   0: 3 0x8000a286 (0xd63f2f23) mem 0x80010000 0x00000001
core   0: 0x8000a28a (0x0000bfe5) c.j     pc - 8
core   0: 3 0x8000a28a (0xbfe5)
core   0: 0x8000a282 (0x00006f17) auipc   t5, 0x6
core   0: 3 0x8000a282 (0x00006f17) x30 0x80010282
core   0: 0x8000a286 (0xd63f2f23) sw      gp, -642(t5)
core   0: 3 0x8000a286 (0xd63f2f23) mem 0x80010000 0x00000001
core   0: 0x8000a28a (0x0000bfe5) c.j     pc - 8
core   0: 3 0x8000a28a (0xbfe5)
core   0: 0x8000a282 (0x00006f17) auipc   t5, 0x6
core   0: 3 0x8000a282 (0x00006f17) x30 0x80010282
core   0: 0x8000a286 (0xd63f2f23) sw      gp, -642(t5)
core   0: 3 0x8000a286 (0xd63f2f23) mem 0x80010000 0x00000001
core   0: 0x8000a28a (0x0000bfe5) c.j     pc - 8
core   0: 3 0x8000a28a (0xbfe5)
core   0: 0x8000a282 (0x00006f17) auipc   t5, 0x6
core   0: 3 0x8000a282 (0x00006f17) x30 0x80010282
core   0: 0x8000a286 (0xd63f2f23) sw      gp, -642(t5)
core   0: 3 0x8000a286 (0xd63f2f23) mem 0x80010000 0x00000001
core   0: 0x8000a28a (0x0000bfe5) c.j     pc - 8
core   0: 3 0x8000a28a (0xbfe5)
core   0: 0x8000a282 (0x00006f17) auipc   t5, 0x6
core   0: 3 0x8000a282 (0x00006f17) x30 0x80010282
core   0: 0x8000a286 (0xd63f2f23) sw      gp, -642(t5)
core   0: 3 0x8000a286 (0xd63f2f23) mem 0x80010000 0x00000001
core   0: 0x8000a28a (0x0000bfe5) c.j     pc - 8
core   0: 3 0x8000a28a (0xbfe5)
core   0: 0x8000a282 (0x00006f17) auipc   t5, 0x6
core   0: 3 0x8000a282 (0x00006f17) x30 0x80010282
core   0: 0x8000a286 (0xd63f2f23) sw      gp, -642(t5)
core   0: 3 0x8000a286 (0xd63f2f23) mem 0x80010000 0x00000001
core   0: 0x8000a28a (0x0000bfe5) c.j     pc - 8
core   0: 3 0x8000a28a (0xbfe5)
core   0: 0x8000a282 (0x00006f17) auipc   t5, 0x6
core   0: 3 0x8000a282 (0x00006f17) x30 0x80010282
core   0: 0x8000a286 (0xd63f2f23) sw      gp, -642(t5)
core   0: 3 0x8000a286 (0xd63f2f23) mem 0x80010000 0x00000001
core   0: 0x8000a28a (0x0000bfe5) c.j     pc - 8
core   0: 3 0x8000a28a (0xbfe5)
core   0: 0x8000a282 (0x00006f17) auipc   t5, 0x6
core   0: 3 0x8000a282 (0x00006f17) x30 0x80010282
core   0: 0x8000a286 (0xd63f2f23) sw      gp, -642(t5)
core   0: 3 0x8000a286 (0xd63f2f23) mem 0x80010000 0x00000001
core   0: 0x8000a28a (0x0000bfe5) c.j     pc - 8
core   0: 3 0x8000a28a (0xbfe5)
core   0: 0x8000a282 (0x00006f17) auipc   t5, 0x6
core   0: 3 0x8000a282 (0x00006f17) x30 0x80010282
core   0: 0x8000a286 (0xd63f2f23) sw      gp, -642(t5)
core   0: 3 0x8000a286 (0xd63f2f23) mem 0x80010000 0x00000001
core   0: 0x8000a28a (0x0000bfe5) c.j     pc - 8
core   0: 3 0x8000a28a (0xbfe5)
core   0: 0x8000a282 (0x00006f17) auipc   t5, 0x6
core   0: 3 0x8000a282 (0x00006f17) x30 0x80010282
core   0: 0x8000a286 (0xd63f2f23) sw      gp, -642(t5)
core   0: 3 0x8000a286 (0xd63f2f23) mem 0x80010000 0x00000001
core   0: 0x8000a28a (0x0000bfe5) c.j     pc - 8
core   0: 3 0x8000a28a (0xbfe5)
core   0: 0x8000a282 (0x00006f17) auipc   t5, 0x6
core   0: 3 0x8000a282 (0x00006f17) x30 0x80010282
core   0: 0x8000a286 (0xd63f2f23) sw      gp, -642(t5)
core   0: 3 0x8000a286 (0xd63f2f23) mem 0x80010000 0x00000001
core   0: 0x8000a28a (0x0000bfe5) c.j     pc - 8
core   0: 3 0x8000a28a (0xbfe5)
core   0: 0x8000a282 (0x00006f17) auipc   t5, 0x6
core   0: 3 0x8000a282 (0x00006f17) x30 0x80010282
core   0: 0x8000a286 (0xd63f2f23) sw      gp, -642(t5)
core   0: 3 0x8000a286 (0xd63f2f23) mem 0x80010000 0x00000001
core   0: 0x8000a28a (0x0000bfe5) c.j     pc - 8
core   0: 3 0x8000a28a (0xbfe5)
core   0: 0x8000a282 (0x00006f17) auipc   t5, 0x6
core   0: 3 0x8000a282 (0x00006f17) x30 0x80010282
core   0: 0x8000a286 (0xd63f2f23) sw      gp, -642(t5)
core   0: 3 0x8000a286 (0xd63f2f23) mem 0x80010000 0x00000001
core   0: 0x8000a28a (0x0000bfe5) c.j     pc - 8
core   0: 3 0x8000a28a (0xbfe5)
core   0: 0x8000a282 (0x00006f17) auipc   t5, 0x6
core   0: 3 0x8000a282 (0x00006f17) x30 0x80010282
core   0: 0x8000a286 (0xd63f2f23) sw      gp, -642(t5)
core   0: 3 0x8000a286 (0xd63f2f23) mem 0x80010000 0x00000001
core   0: 0x8000a28a (0x0000bfe5) c.j     pc - 8
core   0: 3 0x8000a28a (0xbfe5)
core   0: 0x8000a282 (0x00006f17) auipc   t5, 0x6
core   0: 3 0x8000a282 (0x00006f17) x30 0x80010282
core   0: 0x8000a286 (0xd63f2f23) sw      gp, -642(t5)
core   0: 3 0x8000a286 (0xd63f2f23) mem 0x80010000 0x00000001
core   0: 0x8000a28a (0x0000bfe5) c.j     pc - 8
core   0: 3 0x8000a28a (0xbfe5)
core   0: 0x8000a282 (0x00006f17) auipc   t5, 0x6
core   0: 3 0x8000a282 (0x00006f17) x30 0x80010282
core   0: 0x8000a286 (0xd63f2f23) sw      gp, -642(t5)
core   0: 3 0x8000a286 (0xd63f2f23) mem 0x80010000 0x00000001
core   0: 0x8000a28a (0x0000bfe5) c.j     pc - 8
core   0: 3 0x8000a28a (0xbfe5)
core   0: 0x8000a282 (0x00006f17) auipc   t5, 0x6
core   0: 3 0x8000a282 (0x00006f17) x30 0x80010282
core   0: 0x8000a286 (0xd63f2f23) sw      gp, -642(t5)
core   0: 3 0x8000a286 (0xd63f2f23) mem 0x80010000 0x00000001
core   0: 0x8000a28a (0x0000bfe5) c.j     pc - 8
core   0: 3 0x8000a28a (0xbfe5)
core   0: 0x8000a282 (0x00006f17) auipc   t5, 0x6
core   0: 3 0x8000a282 (0x00006f17) x30 0x80010282
core   0: 0x8000a286 (0xd63f2f23) sw      gp, -642(t5)
core   0: 3 0x8000a286 (0xd63f2f23) mem 0x80010000 0x00000001
core   0: 0x8000a28a (0x0000bfe5) c.j     pc - 8
core   0: 3 0x8000a28a (0xbfe5)
core   0: 0x8000a282 (0x00006f17) auipc   t5, 0x6
core   0: 3 0x8000a282 (0x00006f17) x30 0x80010282
core   0: 0x8000a286 (0xd63f2f23) sw      gp, -642(t5)
core   0: 3 0x8000a286 (0xd63f2f23) mem 0x80010000 0x00000001
core   0: 0x8000a28a (0x0000bfe5) c.j     pc - 8
core   0: 3 0x8000a28a (0xbfe5)
core   0: 0x8000a282 (0x00006f17) auipc   t5, 0x6
core   0: 3 0x8000a282 (0x00006f17) x30 0x80010282
core   0: 0x8000a286 (0xd63f2f23) sw      gp, -642(t5)
core   0: 3 0x8000a286 (0xd63f2f23) mem 0x80010000 0x00000001
core   0: 0x8000a28a (0x0000bfe5) c.j     pc - 8
core   0: 3 0x8000a28a (0xbfe5)
core   0: 0x8000a282 (0x00006f17) auipc   t5, 0x6
core   0: 3 0x8000a282 (0x00006f17) x30 0x80010282
core   0: 0x8000a286 (0xd63f2f23) sw      gp, -642(t5)
core   0: 3 0x8000a286 (0xd63f2f23) mem 0x80010000 0x00000001
core   0: 0x8000a28a (0x0000bfe5) c.j     pc - 8
core   0: 3 0x8000a28a (0xbfe5)
core   0: 0x8000a282 (0x00006f17) auipc   t5, 0x6
core   0: 3 0x8000a282 (0x00006f17) x30 0x80010282
core   0: 0x8000a286 (0xd63f2f23) sw      gp, -642(t5)
core   0: 3 0x8000a286 (0xd63f2f23) mem 0x80010000 0x00000001
core   0: 0x8000a28a (0x0000bfe5) c.j     pc - 8
core   0: 3 0x8000a28a (0xbfe5)
core   0: 0x8000a282 (0x00006f17) auipc   t5, 0x6
core   0: 3 0x8000a282 (0x00006f17) x30 0x80010282
core   0: 0x8000a286 (0xd63f2f23) sw      gp, -642(t5)
core   0: 3 0x8000a286 (0xd63f2f23) mem 0x80010000 0x00000001
core   0: 0x8000a28a (0x0000bfe5) c.j     pc - 8
core   0: 3 0x8000a28a (0xbfe5)
core   0: 0x8000a282 (0x00006f17) auipc   t5, 0x6
core   0: 3 0x8000a282 (0x00006f17) x30 0x80010282
core   0: 0x8000a286 (0xd63f2f23) sw      gp, -642(t5)
core   0: 3 0x8000a286 (0xd63f2f23) mem 0x80010000 0x00000001
core   0: 0x8000a28a (0x0000bfe5) c.j     pc - 8
core   0: 3 0x8000a28a (0xbfe5)
core   0: 0x8000a282 (0x00006f17) auipc   t5, 0x6
core   0: 3 0x8000a282 (0x00006f17) x30 0x80010282
core   0: 0x8000a286 (0xd63f2f23) sw      gp, -642(t5)
core   0: 3 0x8000a286 (0xd63f2f23) mem 0x80010000 0x00000001
core   0: 0x8000a28a (0x0000bfe5) c.j     pc - 8
core   0: 3 0x8000a28a (0xbfe5)
core   0: 0x8000a282 (0x00006f17) auipc   t5, 0x6
core   0: 3 0x8000a282 (0x00006f17) x30 0x80010282
core   0: 0x8000a286 (0xd63f2f23) sw      gp, -642(t5)
core   0: 3 0x8000a286 (0xd63f2f23) mem 0x80010000 0x00000001
core   0: 0x8000a28a (0x0000bfe5) c.j     pc - 8
core   0: 3 0x8000a28a (0xbfe5)
core   0: 0x8000a282 (0x00006f17) auipc   t5, 0x6
core   0: 3 0x8000a282 (0x00006f17) x30 0x80010282
core   0: 0x8000a286 (0xd63f2f23) sw      gp, -642(t5)
core   0: 3 0x8000a286 (0xd63f2f23) mem 0x80010000 0x00000001
core   0: 0x8000a28a (0x0000bfe5) c.j     pc - 8
core   0: 3 0x8000a28a (0xbfe5)
core   0: 0x8000a282 (0x00006f17) auipc   t5, 0x6
core   0: 3 0x8000a282 (0x00006f17) x30 0x80010282
core   0: 0x8000a286 (0xd63f2f23) sw      gp, -642(t5)
core   0: 3 0x8000a286 (0xd63f2f23) mem 0x80010000 0x00000001
core   0: 0x8000a28a (0x0000bfe5) c.j     pc - 8
core   0: 3 0x8000a28a (0xbfe5)
core   0: 0x8000a282 (0x00006f17) auipc   t5, 0x6
core   0: 3 0x8000a282 (0x00006f17) x30 0x80010282
core   0: 0x8000a286 (0xd63f2f23) sw      gp, -642(t5)
core   0: 3 0x8000a286 (0xd63f2f23) mem 0x80010000 0x00000001
core   0: 0x8000a28a (0x0000bfe5) c.j     pc - 8
core   0: 3 0x8000a28a (0xbfe5)
core   0: 0x8000a282 (0x00006f17) auipc   t5, 0x6
core   0: 3 0x8000a282 (0x00006f17) x30 0x80010282
core   0: 0x8000a286 (0xd63f2f23) sw      gp, -642(t5)
core   0: 3 0x8000a286 (0xd63f2f23) mem 0x80010000 0x00000001
core   0: 0x8000a28a (0x0000bfe5) c.j     pc - 8
core   0: 3 0x8000a28a (0xbfe5)
core   0: 0x8000a282 (0x00006f17) auipc   t5, 0x6
core   0: 3 0x8000a282 (0x00006f17) x30 0x80010282
core   0: 0x8000a286 (0xd63f2f23) sw      gp, -642(t5)
core   0: 3 0x8000a286 (0xd63f2f23) mem 0x80010000 0x00000001
core   0: 0x8000a28a (0x0000bfe5) c.j     pc - 8
core   0: 3 0x8000a28a (0xbfe5)
core   0: 0x8000a282 (0x00006f17) auipc   t5, 0x6
core   0: 3 0x8000a282 (0x00006f17) x30 0x80010282
core   0: 0x8000a286 (0xd63f2f23) sw      gp, -642(t5)
core   0: 3 0x8000a286 (0xd63f2f23) mem 0x80010000 0x00000001
core   0: 0x8000a28a (0x0000bfe5) c.j     pc - 8
core   0: 3 0x8000a28a (0xbfe5)
core   0: 0x8000a282 (0x00006f17) auipc   t5, 0x6
core   0: 3 0x8000a282 (0x00006f17) x30 0x80010282
core   0: 0x8000a286 (0xd63f2f23) sw      gp, -642(t5)
core   0: 3 0x8000a286 (0xd63f2f23) mem 0x80010000 0x00000001
core   0: 0x8000a28a (0x0000bfe5) c.j     pc - 8
core   0: 3 0x8000a28a (0xbfe5)
core   0: 0x8000a282 (0x00006f17) auipc   t5, 0x6
core   0: 3 0x8000a282 (0x00006f17) x30 0x80010282
core   0: 0x8000a286 (0xd63f2f23) sw      gp, -642(t5)
core   0: 3 0x8000a286 (0xd63f2f23) mem 0x80010000 0x00000001
core   0: 0x8000a28a (0x0000bfe5) c.j     pc - 8
core   0: 3 0x8000a28a (0xbfe5)
core   0: 0x8000a282 (0x00006f17) auipc   t5, 0x6
core   0: 3 0x8000a282 (0x00006f17) x30 0x80010282
core   0: 0x8000a286 (0xd63f2f23) sw      gp, -642(t5)
core   0: 3 0x8000a286 (0xd63f2f23) mem 0x80010000 0x00000001
core   0: 0x8000a28a (0x0000bfe5) c.j     pc - 8
core   0: 3 0x8000a28a (0xbfe5)
core   0: 0x8000a282 (0x00006f17) auipc   t5, 0x6
core   0: 3 0x8000a282 (0x00006f17) x30 0x80010282
core   0: 0x8000a286 (0xd63f2f23) sw      gp, -642(t5)
core   0: 3 0x8000a286 (0xd63f2f23) mem 0x80010000 0x00000001
core   0: 0x8000a28a (0x0000bfe5) c.j     pc - 8
core   0: 3 0x8000a28a (0xbfe5)
core   0: 0x8000a282 (0x00006f17) auipc   t5, 0x6
core   0: 3 0x8000a282 (0x00006f17) x30 0x80010282
core   0: 0x8000a286 (0xd63f2f23) sw      gp, -642(t5)
core   0: 3 0x8000a286 (0xd63f2f23) mem 0x80010000 0x00000001
core   0: 0x8000a28a (0x0000bfe5) c.j     pc - 8
core   0: 3 0x8000a28a (0xbfe5)
core   0: 0x8000a282 (0x00006f17) auipc   t5, 0x6
core   0: 3 0x8000a282 (0x00006f17) x30 0x80010282
core   0: 0x8000a286 (0xd63f2f23) sw      gp, -642(t5)
core   0: 3 0x8000a286 (0xd63f2f23) mem 0x80010000 0x00000001
core   0: 0x8000a28a (0x0000bfe5) c.j     pc - 8
core   0: 3 0x8000a28a (0xbfe5)
core   0: 0x8000a282 (0x00006f17) auipc   t5, 0x6
core   0: 3 0x8000a282 (0x00006f17) x30 0x80010282
core   0: 0x8000a286 (0xd63f2f23) sw      gp, -642(t5)
core   0: 3 0x8000a286 (0xd63f2f23) mem 0x80010000 0x00000001
core   0: 0x8000a28a (0x0000bfe5) c.j     pc - 8
core   0: 3 0x8000a28a (0xbfe5)
core   0: 0x8000a282 (0x00006f17) auipc   t5, 0x6
core   0: 3 0x8000a282 (0x00006f17) x30 0x80010282
core   0: 0x8000a286 (0xd63f2f23) sw      gp, -642(t5)
core   0: 3 0x8000a286 (0xd63f2f23) mem 0x80010000 0x00000001
core   0: 0x8000a28a (0x0000bfe5) c.j     pc - 8
core   0: 3 0x8000a28a (0xbfe5)
core   0: 0x8000a282 (0x00006f17) auipc   t5, 0x6
core   0: 3 0x8000a282 (0x00006f17) x30 0x80010282
core   0: 0x8000a286 (0xd63f2f23) sw      gp, -642(t5)
core   0: 3 0x8000a286 (0xd63f2f23) mem 0x80010000 0x00000001
core   0: 0x8000a28a (0x0000bfe5) c.j     pc - 8
core   0: 3 0x8000a28a (0xbfe5)
core   0: 0x8000a282 (0x00006f17) auipc   t5, 0x6
core   0: 3 0x8000a282 (0x00006f17) x30 0x80010282
core   0: 0x8000a286 (0xd63f2f23) sw      gp, -642(t5)
core   0: 3 0x8000a286 (0xd63f2f23) mem 0x80010000 0x00000001
core   0: 0x8000a28a (0x0000bfe5) c.j     pc - 8
core   0: 3 0x8000a28a (0xbfe5)
core   0: 0x8000a282 (0x00006f17) auipc   t5, 0x6
core   0: 3 0x8000a282 (0x00006f17) x30 0x80010282
core   0: 0x8000a286 (0xd63f2f23) sw      gp, -642(t5)
core   0: 3 0x8000a286 (0xd63f2f23) mem 0x80010000 0x00000001
core   0: 0x8000a28a (0x0000bfe5) c.j     pc - 8
core   0: 3 0x8000a28a (0xbfe5)
core   0: 0x8000a282 (0x00006f17) auipc   t5, 0x6
core   0: 3 0x8000a282 (0x00006f17) x30 0x80010282
core   0: 0x8000a286 (0xd63f2f23) sw      gp, -642(t5)
core   0: 3 0x8000a286 (0xd63f2f23) mem 0x80010000 0x00000001
core   0: 0x8000a28a (0x0000bfe5) c.j     pc - 8
core   0: 3 0x8000a28a (0xbfe5)
core   0: 0x8000a282 (0x00006f17) auipc   t5, 0x6
core   0: 3 0x8000a282 (0x00006f17) x30 0x80010282
core   0: 0x8000a286 (0xd63f2f23) sw      gp, -642(t5)
core   0: 3 0x8000a286 (0xd63f2f23) mem 0x80010000 0x00000001
core   0: 0x8000a28a (0x0000bfe5) c.j     pc - 8
core   0: 3 0x8000a28a (0xbfe5)
core   0: 0x8000a282 (0x00006f17) auipc   t5, 0x6
core   0: 3 0x8000a282 (0x00006f17) x30 0x80010282
core   0: 0x8000a286 (0xd63f2f23) sw      gp, -642(t5)
core   0: 3 0x8000a286 (0xd63f2f23) mem 0x80010000 0x00000001
core   0: 0x8000a28a (0x0000bfe5) c.j     pc - 8
core   0: 3 0x8000a28a (0xbfe5)
core   0: 0x8000a282 (0x00006f17) auipc   t5, 0x6
core   0: 3 0x8000a282 (0x00006f17) x30 0x80010282
core   0: 0x8000a286 (0xd63f2f23) sw      gp, -642(t5)
core   0: 3 0x8000a286 (0xd63f2f23) mem 0x80010000 0x00000001
core   0: 0x8000a28a (0x0000bfe5) c.j     pc - 8
core   0: 3 0x8000a28a (0xbfe5)
core   0: 0x8000a282 (0x00006f17) auipc   t5, 0x6
core   0: 3 0x8000a282 (0x00006f17) x30 0x80010282
core   0: 0x8000a286 (0xd63f2f23) sw      gp, -642(t5)
core   0: 3 0x8000a286 (0xd63f2f23) mem 0x80010000 0x00000001
core   0: 0x8000a28a (0x0000bfe5) c.j     pc - 8
core   0: 3 0x8000a28a (0xbfe5)
core   0: 0x8000a282 (0x00006f17) auipc   t5, 0x6
core   0: 3 0x8000a282 (0x00006f17) x30 0x80010282
core   0: 0x8000a286 (0xd63f2f23) sw      gp, -642(t5)
core   0: 3 0x8000a286 (0xd63f2f23) mem 0x80010000 0x00000001
core   0: 0x8000a28a (0x0000bfe5) c.j     pc - 8
core   0: 3 0x8000a28a (0xbfe5)
core   0: 0x8000a282 (0x00006f17) auipc   t5, 0x6
core   0: 3 0x8000a282 (0x00006f17) x30 0x80010282
core   0: 0x8000a286 (0xd63f2f23) sw      gp, -642(t5)
core   0: 3 0x8000a286 (0xd63f2f23) mem 0x80010000 0x00000001
core   0: 0x8000a28a (0x0000bfe5) c.j     pc - 8
core   0: 3 0x8000a28a (0xbfe5)
core   0: 0x8000a282 (0x00006f17) auipc   t5, 0x6
core   0: 3 0x8000a282 (0x00006f17) x30 0x80010282
core   0: 0x8000a286 (0xd63f2f23) sw      gp, -642(t5)
core   0: 3 0x8000a286 (0xd63f2f23) mem 0x80010000 0x00000001
core   0: 0x8000a28a (0x0000bfe5) c.j     pc - 8
core   0: 3 0x8000a28a (0xbfe5)
core   0: 0x8000a282 (0x00006f17) auipc   t5, 0x6
core   0: 3 0x8000a282 (0x00006f17) x30 0x80010282
core   0: 0x8000a286 (0xd63f2f23) sw      gp, -642(t5)
core   0: 3 0x8000a286 (0xd63f2f23) mem 0x80010000 0x00000001
core   0: 0x8000a28a (0x0000bfe5) c.j     pc - 8
core   0: 3 0x8000a28a (0xbfe5)
core   0: 0x8000a282 (0x00006f17) auipc   t5, 0x6
core   0: 3 0x8000a282 (0x00006f17) x30 0x80010282
core   0: 0x8000a286 (0xd63f2f23) sw      gp, -642(t5)
core   0: 3 0x8000a286 (0xd63f2f23) mem 0x80010000 0x00000001
core   0: 0x8000a28a (0x0000bfe5) c.j     pc - 8
core   0: 3 0x8000a28a (0xbfe5)
core   0: 0x8000a282 (0x00006f17) auipc   t5, 0x6
core   0: 3 0x8000a282 (0x00006f17) x30 0x80010282
core   0: 0x8000a286 (0xd63f2f23) sw      gp, -642(t5)
core   0: 3 0x8000a286 (0xd63f2f23) mem 0x80010000 0x00000001
core   0: 0x8000a28a (0x0000bfe5) c.j     pc - 8
core   0: 3 0x8000a28a (0xbfe5)
core   0: 0x8000a282 (0x00006f17) auipc   t5, 0x6
core   0: 3 0x8000a282 (0x00006f17) x30 0x80010282
core   0: 0x8000a286 (0xd63f2f23) sw      gp, -642(t5)
core   0: 3 0x8000a286 (0xd63f2f23) mem 0x80010000 0x00000001
core   0: 0x8000a28a (0x0000bfe5) c.j     pc - 8
core   0: 3 0x8000a28a (0xbfe5)
core   0: 0x8000a282 (0x00006f17) auipc   t5, 0x6
core   0: 3 0x8000a282 (0x00006f17) x30 0x80010282
core   0: 0x8000a286 (0xd63f2f23) sw      gp, -642(t5)
core   0: 3 0x8000a286 (0xd63f2f23) mem 0x80010000 0x00000001
core   0: 0x8000a28a (0x0000bfe5) c.j     pc - 8
core   0: 3 0x8000a28a (0xbfe5)
core   0: 0x8000a282 (0x00006f17) auipc   t5, 0x6
core   0: 3 0x8000a282 (0x00006f17) x30 0x80010282
core   0: 0x8000a286 (0xd63f2f23) sw      gp, -642(t5)
core   0: 3 0x8000a286 (0xd63f2f23) mem 0x80010000 0x00000001
core   0: 0x8000a28a (0x0000bfe5) c.j     pc - 8
core   0: 3 0x8000a28a (0xbfe5)
core   0: 0x8000a282 (0x00006f17) auipc   t5, 0x6
core   0: 3 0x8000a282 (0x00006f17) x30 0x80010282
core   0: 0x8000a286 (0xd63f2f23) sw      gp, -642(t5)
core   0: 3 0x8000a286 (0xd63f2f23) mem 0x80010000 0x00000001
core   0: 0x8000a28a (0x0000bfe5) c.j     pc - 8
core   0: 3 0x8000a28a (0xbfe5)
core   0: 0x8000a282 (0x00006f17) auipc   t5, 0x6
core   0: 3 0x8000a282 (0x00006f17) x30 0x80010282
core   0: 0x8000a286 (0xd63f2f23) sw      gp, -642(t5)
core   0: 3 0x8000a286 (0xd63f2f23) mem 0x80010000 0x00000001
core   0: 0x8000a28a (0x0000bfe5) c.j     pc - 8
core   0: 3 0x8000a28a (0xbfe5)
core   0: 0x8000a282 (0x00006f17) auipc   t5, 0x6
core   0: 3 0x8000a282 (0x00006f17) x30 0x80010282
core   0: 0x8000a286 (0xd63f2f23) sw      gp, -642(t5)
core   0: 3 0x8000a286 (0xd63f2f23) mem 0x80010000 0x00000001
core   0: 0x8000a28a (0x0000bfe5) c.j     pc - 8
core   0: 3 0x8000a28a (0xbfe5)
core   0: 0x8000a282 (0x00006f17) auipc   t5, 0x6
core   0: 3 0x8000a282 (0x00006f17) x30 0x80010282
core   0: 0x8000a286 (0xd63f2f23) sw      gp, -642(t5)
core   0: 3 0x8000a286 (0xd63f2f23) mem 0x80010000 0x00000001
core   0: 0x8000a28a (0x0000bfe5) c.j     pc - 8
core   0: 3 0x8000a28a (0xbfe5)
core   0: 0x8000a282 (0x00006f17) auipc   t5, 0x6
core   0: 3 0x8000a282 (0x00006f17) x30 0x80010282
core   0: 0x8000a286 (0xd63f2f23) sw      gp, -642(t5)
core   0: 3 0x8000a286 (0xd63f2f23) mem 0x80010000 0x00000001
core   0: 0x8000a28a (0x0000bfe5) c.j     pc - 8
core   0: 3 0x8000a28a (0xbfe5)
core   0: 0x8000a282 (0x00006f17) auipc   t5, 0x6
core   0: 3 0x8000a282 (0x00006f17) x30 0x80010282
core   0: 0x8000a286 (0xd63f2f23) sw      gp, -642(t5)
core   0: 3 0x8000a286 (0xd63f2f23) mem 0x80010000 0x00000001
core   0: 0x8000a28a (0x0000bfe5) c.j     pc - 8
core   0: 3 0x8000a28a (0xbfe5)
core   0: 0x8000a282 (0x00006f17) auipc   t5, 0x6
core   0: 3 0x8000a282 (0x00006f17) x30 0x80010282
core   0: 0x8000a286 (0xd63f2f23) sw      gp, -642(t5)
core   0: 3 0x8000a286 (0xd63f2f23) mem 0x80010000 0x00000001
core   0: 0x8000a28a (0x0000bfe5) c.j     pc - 8
core   0: 3 0x8000a28a (0xbfe5)
core   0: 0x8000a282 (0x00006f17) auipc   t5, 0x6
core   0: 3 0x8000a282 (0x00006f17) x30 0x80010282
core   0: 0x8000a286 (0xd63f2f23) sw      gp, -642(t5)
core   0: 3 0x8000a286 (0xd63f2f23) mem 0x80010000 0x00000001
core   0: 0x8000a28a (0x0000bfe5) c.j     pc - 8
core   0: 3 0x8000a28a (0xbfe5)
core   0: 0x8000a282 (0x00006f17) auipc   t5, 0x6
core   0: 3 0x8000a282 (0x00006f17) x30 0x80010282
core   0: 0x8000a286 (0xd63f2f23) sw      gp, -642(t5)
core   0: 3 0x8000a286 (0xd63f2f23) mem 0x80010000 0x00000001
core   0: 0x8000a28a (0x0000bfe5) c.j     pc - 8
core   0: 3 0x8000a28a (0xbfe5)
core   0: 0x8000a282 (0x00006f17) auipc   t5, 0x6
core   0: 3 0x8000a282 (0x00006f17) x30 0x80010282
core   0: 0x8000a286 (0xd63f2f23) sw      gp, -642(t5)
core   0: 3 0x8000a286 (0xd63f2f23) mem 0x80010000 0x00000001
core   0: 0x8000a28a (0x0000bfe5) c.j     pc - 8
core   0: 3 0x8000a28a (0xbfe5)
core   0: 0x8000a282 (0x00006f17) auipc   t5, 0x6
core   0: 3 0x8000a282 (0x00006f17) x30 0x80010282
core   0: 0x8000a286 (0xd63f2f23) sw      gp, -642(t5)
core   0: 3 0x8000a286 (0xd63f2f23) mem 0x80010000 0x00000001
core   0: 0x8000a28a (0x0000bfe5) c.j     pc - 8
core   0: 3 0x8000a28a (0xbfe5)
core   0: 0x8000a282 (0x00006f17) auipc   t5, 0x6
core   0: 3 0x8000a282 (0x00006f17) x30 0x80010282
core   0: 0x8000a286 (0xd63f2f23) sw      gp, -642(t5)
core   0: 3 0x8000a286 (0xd63f2f23) mem 0x80010000 0x00000001
core   0: 0x8000a28a (0x0000bfe5) c.j     pc - 8
core   0: 3 0x8000a28a (0xbfe5)
core   0: 0x8000a282 (0x00006f17) auipc   t5, 0x6
core   0: 3 0x8000a282 (0x00006f17) x30 0x80010282
core   0: 0x8000a286 (0xd63f2f23) sw      gp, -642(t5)
core   0: 3 0x8000a286 (0xd63f2f23) mem 0x80010000 0x00000001
core   0: 0x8000a28a (0x0000bfe5) c.j     pc - 8
core   0: 3 0x8000a28a (0xbfe5)
core   0: 0x8000a282 (0x00006f17) auipc   t5, 0x6
core   0: 3 0x8000a282 (0x00006f17) x30 0x80010282
core   0: 0x8000a286 (0xd63f2f23) sw      gp, -642(t5)
core   0: 3 0x8000a286 (0xd63f2f23) mem 0x80010000 0x00000001
core   0: 0x8000a28a (0x0000bfe5) c.j     pc - 8
core   0: 3 0x8000a28a (0xbfe5)
core   0: 0x8000a282 (0x00006f17) auipc   t5, 0x6
core   0: 3 0x8000a282 (0x00006f17) x30 0x80010282
core   0: 0x8000a286 (0xd63f2f23) sw      gp, -642(t5)
core   0: 3 0x8000a286 (0xd63f2f23) mem 0x80010000 0x00000001
core   0: 0x8000a28a (0x0000bfe5) c.j     pc - 8
core   0: 3 0x8000a28a (0xbfe5)
core   0: 0x8000a282 (0x00006f17) auipc   t5, 0x6
core   0: 3 0x8000a282 (0x00006f17) x30 0x80010282
core   0: 0x8000a286 (0xd63f2f23) sw      gp, -642(t5)
core   0: 3 0x8000a286 (0xd63f2f23) mem 0x80010000 0x00000001
core   0: 0x8000a28a (0x0000bfe5) c.j     pc - 8
core   0: 3 0x8000a28a (0xbfe5)
core   0: 0x8000a282 (0x00006f17) auipc   t5, 0x6
core   0: 3 0x8000a282 (0x00006f17) x30 0x80010282
core   0: 0x8000a286 (0xd63f2f23) sw      gp, -642(t5)
core   0: 3 0x8000a286 (0xd63f2f23) mem 0x80010000 0x00000001
core   0: 0x8000a28a (0x0000bfe5) c.j     pc - 8
core   0: 3 0x8000a28a (0xbfe5)
core   0: 0x8000a282 (0x00006f17) auipc   t5, 0x6
core   0: 3 0x8000a282 (0x00006f17) x30 0x80010282
core   0: 0x8000a286 (0xd63f2f23) sw      gp, -642(t5)
core   0: 3 0x8000a286 (0xd63f2f23) mem 0x80010000 0x00000001
core   0: 0x8000a28a (0x0000bfe5) c.j     pc - 8
core   0: 3 0x8000a28a (0xbfe5)
core   0: 0x8000a282 (0x00006f17) auipc   t5, 0x6
core   0: 3 0x8000a282 (0x00006f17) x30 0x80010282
core   0: 0x8000a286 (0xd63f2f23) sw      gp, -642(t5)
core   0: 3 0x8000a286 (0xd63f2f23) mem 0x80010000 0x00000001
core   0: 0x8000a28a (0x0000bfe5) c.j     pc - 8
core   0: 3 0x8000a28a (0xbfe5)
core   0: 0x8000a282 (0x00006f17) auipc   t5, 0x6
core   0: 3 0x8000a282 (0x00006f17) x30 0x80010282
core   0: 0x8000a286 (0xd63f2f23) sw      gp, -642(t5)
core   0: 3 0x8000a286 (0xd63f2f23) mem 0x80010000 0x00000001
core   0: 0x8000a28a (0x0000bfe5) c.j     pc - 8
core   0: 3 0x8000a28a (0xbfe5)
core   0: 0x8000a282 (0x00006f17) auipc   t5, 0x6
core   0: 3 0x8000a282 (0x00006f17) x30 0x80010282
core   0: 0x8000a286 (0xd63f2f23) sw      gp, -642(t5)
core   0: 3 0x8000a286 (0xd63f2f23) mem 0x80010000 0x00000001
core   0: 0x8000a28a (0x0000bfe5) c.j     pc - 8
core   0: 3 0x8000a28a (0xbfe5)
core   0: 0x8000a282 (0x00006f17) auipc   t5, 0x6
core   0: 3 0x8000a282 (0x00006f17) x30 0x80010282
core   0: 0x8000a286 (0xd63f2f23) sw      gp, -642(t5)
core   0: 3 0x8000a286 (0xd63f2f23) mem 0x80010000 0x00000001
core   0: 0x8000a28a (0x0000bfe5) c.j     pc - 8
core   0: 3 0x8000a28a (0xbfe5)
core   0: 0x8000a282 (0x00006f17) auipc   t5, 0x6
core   0: 3 0x8000a282 (0x00006f17) x30 0x80010282
core   0: 0x8000a286 (0xd63f2f23) sw      gp, -642(t5)
core   0: 3 0x8000a286 (0xd63f2f23) mem 0x80010000 0x00000001
core   0: 0x8000a28a (0x0000bfe5) c.j     pc - 8
core   0: 3 0x8000a28a (0xbfe5)
core   0: 0x8000a282 (0x00006f17) auipc   t5, 0x6
core   0: 3 0x8000a282 (0x00006f17) x30 0x80010282
core   0: 0x8000a286 (0xd63f2f23) sw      gp, -642(t5)
core   0: 3 0x8000a286 (0xd63f2f23) mem 0x80010000 0x00000001
core   0: 0x8000a28a (0x0000bfe5) c.j     pc - 8
core   0: 3 0x8000a28a (0xbfe5)
core   0: 0x8000a282 (0x00006f17) auipc   t5, 0x6
core   0: 3 0x8000a282 (0x00006f17) x30 0x80010282
core   0: 0x8000a286 (0xd63f2f23) sw      gp, -642(t5)
core   0: 3 0x8000a286 (0xd63f2f23) mem 0x80010000 0x00000001
core   0: 0x8000a28a (0x0000bfe5) c.j     pc - 8
core   0: 3 0x8000a28a (0xbfe5)
core   0: 0x8000a282 (0x00006f17) auipc   t5, 0x6
core   0: 3 0x8000a282 (0x00006f17) x30 0x80010282
core   0: 0x8000a286 (0xd63f2f23) sw      gp, -642(t5)
core   0: 3 0x8000a286 (0xd63f2f23) mem 0x80010000 0x00000001
core   0: 0x8000a28a (0x0000bfe5) c.j     pc - 8
core   0: 3 0x8000a28a (0xbfe5)
core   0: 0x8000a282 (0x00006f17) auipc   t5, 0x6
core   0: 3 0x8000a282 (0x00006f17) x30 0x80010282
core   0: 0x8000a286 (0xd63f2f23) sw      gp, -642(t5)
core   0: 3 0x8000a286 (0xd63f2f23) mem 0x80010000 0x00000001
core   0: 0x8000a28a (0x0000bfe5) c.j     pc - 8
core   0: 3 0x8000a28a (0xbfe5)
core   0: 0x8000a282 (0x00006f17) auipc   t5, 0x6
core   0: 3 0x8000a282 (0x00006f17) x30 0x80010282
core   0: 0x8000a286 (0xd63f2f23) sw      gp, -642(t5)
core   0: 3 0x8000a286 (0xd63f2f23) mem 0x80010000 0x00000001
core   0: 0x8000a28a (0x0000bfe5) c.j     pc - 8
core   0: 3 0x8000a28a (0xbfe5)
core   0: 0x8000a282 (0x00006f17) auipc   t5, 0x6
core   0: 3 0x8000a282 (0x00006f17) x30 0x80010282
core   0: 0x8000a286 (0xd63f2f23) sw      gp, -642(t5)
core   0: 3 0x8000a286 (0xd63f2f23) mem 0x80010000 0x00000001
core   0: 0x8000a28a (0x0000bfe5) c.j     pc - 8
core   0: 3 0x8000a28a (0xbfe5)
core   0: 0x8000a282 (0x00006f17) auipc   t5, 0x6
core   0: 3 0x8000a282 (0x00006f17) x30 0x80010282
core   0: 0x8000a286 (0xd63f2f23) sw      gp, -642(t5)
core   0: 3 0x8000a286 (0xd63f2f23) mem 0x80010000 0x00000001
core   0: 0x8000a28a (0x0000bfe5) c.j     pc - 8
core   0: 3 0x8000a28a (0xbfe5)
core   0: 0x8000a282 (0x00006f17) auipc   t5, 0x6
core   0: 3 0x8000a282 (0x00006f17) x30 0x80010282
core   0: 0x8000a286 (0xd63f2f23) sw      gp, -642(t5)
core   0: 3 0x8000a286 (0xd63f2f23) mem 0x80010000 0x00000001
core   0: 0x8000a28a (0x0000bfe5) c.j     pc - 8
core   0: 3 0x8000a28a (0xbfe5)
core   0: 0x8000a282 (0x00006f17) auipc   t5, 0x6
core   0: 3 0x8000a282 (0x00006f17) x30 0x80010282
core   0: 0x8000a286 (0xd63f2f23) sw      gp, -642(t5)
core   0: 3 0x8000a286 (0xd63f2f23) mem 0x80010000 0x00000001
core   0: 0x8000a28a (0x0000bfe5) c.j     pc - 8
core   0: 3 0x8000a28a (0xbfe5)
core   0: 0x8000a282 (0x00006f17) auipc   t5, 0x6
core   0: 3 0x8000a282 (0x00006f17) x30 0x80010282
core   0: 0x8000a286 (0xd63f2f23) sw      gp, -642(t5)
core   0: 3 0x8000a286 (0xd63f2f23) mem 0x80010000 0x00000001
core   0: 0x8000a28a (0x0000bfe5) c.j     pc - 8
core   0: 3 0x8000a28a (0xbfe5)
core   0: 0x8000a282 (0x00006f17) auipc   t5, 0x6
core   0: 3 0x8000a282 (0x00006f17) x30 0x80010282
core   0: 0x8000a286 (0xd63f2f23) sw      gp, -642(t5)
core   0: 3 0x8000a286 (0xd63f2f23) mem 0x80010000 0x00000001
core   0: 0x8000a28a (0x0000bfe5) c.j     pc - 8
core   0: 3 0x8000a28a (0xbfe5)
core   0: 0x8000a282 (0x00006f17) auipc   t5, 0x6
core   0: 3 0x8000a282 (0x00006f17) x30 0x80010282
core   0: 0x8000a286 (0xd63f2f23) sw      gp, -642(t5)
core   0: 3 0x8000a286 (0xd63f2f23) mem 0x80010000 0x00000001
core   0: 0x8000a28a (0x0000bfe5) c.j     pc - 8
core   0: 3 0x8000a28a (0xbfe5)
core   0: 0x8000a282 (0x00006f17) auipc   t5, 0x6
core   0: 3 0x8000a282 (0x00006f17) x30 0x80010282
core   0: 0x8000a286 (0xd63f2f23) sw      gp, -642(t5)
core   0: 3 0x8000a286 (0xd63f2f23) mem 0x80010000 0x00000001
core   0: 0x8000a28a (0x0000bfe5) c.j     pc - 8
core   0: 3 0x8000a28a (0xbfe5)
core   0: 0x8000a282 (0x00006f17) auipc   t5, 0x6
core   0: 3 0x8000a282 (0x00006f17) x30 0x80010282
core   0: 0x8000a286 (0xd63f2f23) sw      gp, -642(t5)
core   0: 3 0x8000a286 (0xd63f2f23) mem 0x80010000 0x00000001
core   0: 0x8000a28a (0x0000bfe5) c.j     pc - 8
core   0: 3 0x8000a28a (0xbfe5)
core   0: 0x8000a282 (0x00006f17) auipc   t5, 0x6
core   0: 3 0x8000a282 (0x00006f17) x30 0x80010282
core   0: 0x8000a286 (0xd63f2f23) sw      gp, -642(t5)
core   0: 3 0x8000a286 (0xd63f2f23) mem 0x80010000 0x00000001
core   0: 0x8000a28a (0x0000bfe5) c.j     pc - 8
core   0: 3 0x8000a28a (0xbfe5)
core   0: 0x8000a282 (0x00006f17) auipc   t5, 0x6
core   0: 3 0x8000a282 (0x00006f17) x30 0x80010282
core   0: 0x8000a286 (0xd63f2f23) sw      gp, -642(t5)
core   0: 3 0x8000a286 (0xd63f2f23) mem 0x80010000 0x00000001
core   0: 0x8000a28a (0x0000bfe5) c.j     pc - 8
core   0: 3 0x8000a28a (0xbfe5)
core   0: 0x8000a282 (0x00006f17) auipc   t5, 0x6
core   0: 3 0x8000a282 (0x00006f17) x30 0x80010282
core   0: 0x8000a286 (0xd63f2f23) sw      gp, -642(t5)
core   0: 3 0x8000a286 (0xd63f2f23) mem 0x80010000 0x00000001
core   0: 0x8000a28a (0x0000bfe5) c.j     pc - 8
core   0: 3 0x8000a28a (0xbfe5)
core   0: 0x8000a282 (0x00006f17) auipc   t5, 0x6
core   0: 3 0x8000a282 (0x00006f17) x30 0x80010282
core   0: 0x8000a286 (0xd63f2f23) sw      gp, -642(t5)
core   0: 3 0x8000a286 (0xd63f2f23) mem 0x80010000 0x00000001
core   0: 0x8000a28a (0x0000bfe5) c.j     pc - 8
core   0: 3 0x8000a28a (0xbfe5)
core   0: 0x8000a282 (0x00006f17) auipc   t5, 0x6
core   0: 3 0x8000a282 (0x00006f17) x30 0x80010282
core   0: 0x8000a286 (0xd63f2f23) sw      gp, -642(t5)
core   0: 3 0x8000a286 (0xd63f2f23) mem 0x80010000 0x00000001
core   0: 0x8000a28a (0x0000bfe5) c.j     pc - 8
core   0: 3 0x8000a28a (0xbfe5)
core   0: 0x8000a282 (0x00006f17) auipc   t5, 0x6
core   0: 3 0x8000a282 (0x00006f17) x30 0x80010282
core   0: 0x8000a286 (0xd63f2f23) sw      gp, -642(t5)
core   0: 3 0x8000a286 (0xd63f2f23) mem 0x80010000 0x00000001
core   0: 0x8000a28a (0x0000bfe5) c.j     pc - 8
core   0: 3 0x8000a28a (0xbfe5)
core   0: 0x8000a282 (0x00006f17) auipc   t5, 0x6
core   0: 3 0x8000a282 (0x00006f17) x30 0x80010282
core   0: 0x8000a286 (0xd63f2f23) sw      gp, -642(t5)
core   0: 3 0x8000a286 (0xd63f2f23) mem 0x80010000 0x00000001
core   0: 0x8000a28a (0x0000bfe5) c.j     pc - 8
core   0: 3 0x8000a28a (0xbfe5)
core   0: 0x8000a282 (0x00006f17) auipc   t5, 0x6
core   0: 3 0x8000a282 (0x00006f17) x30 0x80010282
core   0: 0x8000a286 (0xd63f2f23) sw      gp, -642(t5)
core   0: 3 0x8000a286 (0xd63f2f23) mem 0x80010000 0x00000001
core   0: 0x8000a28a (0x0000bfe5) c.j     pc - 8
core   0: 3 0x8000a28a (0xbfe5)
core   0: 0x8000a282 (0x00006f17) auipc   t5, 0x6
core   0: 3 0x8000a282 (0x00006f17) x30 0x80010282
core   0: 0x8000a286 (0xd63f2f23) sw      gp, -642(t5)
core   0: 3 0x8000a286 (0xd63f2f23) mem 0x80010000 0x00000001
core   0: 0x8000a28a (0x0000bfe5) c.j     pc - 8
core   0: 3 0x8000a28a (0xbfe5)
core   0: 0x8000a282 (0x00006f17) auipc   t5, 0x6
core   0: 3 0x8000a282 (0x00006f17) x30 0x80010282
core   0: 0x8000a286 (0xd63f2f23) sw      gp, -642(t5)
core   0: 3 0x8000a286 (0xd63f2f23) mem 0x80010000 0x00000001
core   0: 0x8000a28a (0x0000bfe5) c.j     pc - 8
core   0: 3 0x8000a28a (0xbfe5)
core   0: 0x8000a282 (0x00006f17) auipc   t5, 0x6
core   0: 3 0x8000a282 (0x00006f17) x30 0x80010282
core   0: 0x8000a286 (0xd63f2f23) sw      gp, -642(t5)
core   0: 3 0x8000a286 (0xd63f2f23) mem 0x80010000 0x00000001
core   0: 0x8000a28a (0x0000bfe5) c.j     pc - 8
core   0: 3 0x8000a28a (0xbfe5)
core   0: 0x8000a282 (0x00006f17) auipc   t5, 0x6
core   0: 3 0x8000a282 (0x00006f17) x30 0x80010282
core   0: 0x8000a286 (0xd63f2f23) sw      gp, -642(t5)
core   0: 3 0x8000a286 (0xd63f2f23) mem 0x80010000 0x00000001
core   0: 0x8000a28a (0x0000bfe5) c.j     pc - 8
core   0: 3 0x8000a28a (0xbfe5)
core   0: 0x8000a282 (0x00006f17) auipc   t5, 0x6
core   0: 3 0x8000a282 (0x00006f17) x30 0x80010282
core   0: 0x8000a286 (0xd63f2f23) sw      gp, -642(t5)
core   0: 3 0x8000a286 (0xd63f2f23) mem 0x80010000 0x00000001
core   0: 0x8000a28a (0x0000bfe5) c.j     pc - 8
core   0: 3 0x8000a28a (0xbfe5)
core   0: 0x8000a282 (0x00006f17) auipc   t5, 0x6
core   0: 3 0x8000a282 (0x00006f17) x30 0x80010282
core   0: 0x8000a286 (0xd63f2f23) sw      gp, -642(t5)
core   0: 3 0x8000a286 (0xd63f2f23) mem 0x80010000 0x00000001
core   0: 0x8000a28a (0x0000bfe5) c.j     pc - 8
core   0: 3 0x8000a28a (0xbfe5)
core   0: 0x8000a282 (0x00006f17) auipc   t5, 0x6
core   0: 3 0x8000a282 (0x00006f17) x30 0x80010282
core   0: 0x8000a286 (0xd63f2f23) sw      gp, -642(t5)
core   0: 3 0x8000a286 (0xd63f2f23) mem 0x80010000 0x00000001
core   0: 0x8000a28a (0x0000bfe5) c.j     pc - 8
core   0: 3 0x8000a28a (0xbfe5)
core   0: 0x8000a282 (0x00006f17) auipc   t5, 0x6
core   0: 3 0x8000a282 (0x00006f17) x30 0x80010282
core   0: 0x8000a286 (0xd63f2f23) sw      gp, -642(t5)
core   0: 3 0x8000a286 (0xd63f2f23) mem 0x80010000 0x00000001
core   0: 0x8000a28a (0x0000bfe5) c.j     pc - 8
core   0: 3 0x8000a28a (0xbfe5)
core   0: 0x8000a282 (0x00006f17) auipc   t5, 0x6
core   0: 3 0x8000a282 (0x00006f17) x30 0x80010282
core   0: 0x8000a286 (0xd63f2f23) sw      gp, -642(t5)
core   0: 3 0x8000a286 (0xd63f2f23) mem 0x80010000 0x00000001
core   0: 0x8000a28a (0x0000bfe5) c.j     pc - 8
core   0: 3 0x8000a28a (0xbfe5)
core   0: 0x8000a282 (0x00006f17) auipc   t5, 0x6
core   0: 3 0x8000a282 (0x00006f17) x30 0x80010282
core   0: 0x8000a286 (0xd63f2f23) sw      gp, -642(t5)
core   0: 3 0x8000a286 (0xd63f2f23) mem 0x80010000 0x00000001
core   0: 0x8000a28a (0x0000bfe5) c.j     pc - 8
core   0: 3 0x8000a28a (0xbfe5)
core   0: 0x8000a282 (0x00006f17) auipc   t5, 0x6
core   0: 3 0x8000a282 (0x00006f17) x30 0x80010282
core   0: 0x8000a286 (0xd63f2f23) sw      gp, -642(t5)
core   0: 3 0x8000a286 (0xd63f2f23) mem 0x80010000 0x00000001
core   0: 0x8000a28a (0x0000bfe5) c.j     pc - 8
core   0: 3 0x8000a28a (0xbfe5)
core   0: 0x8000a282 (0x00006f17) auipc   t5, 0x6
core   0: 3 0x8000a282 (0x00006f17) x30 0x80010282
core   0: 0x8000a286 (0xd63f2f23) sw      gp, -642(t5)
core   0: 3 0x8000a286 (0xd63f2f23) mem 0x80010000 0x00000001
core   0: 0x8000a28a (0x0000bfe5) c.j     pc - 8
core   0: 3 0x8000a28a (0xbfe5)
core   0: 0x8000a282 (0x00006f17) auipc   t5, 0x6
core   0: 3 0x8000a282 (0x00006f17) x30 0x80010282
core   0: 0x8000a286 (0xd63f2f23) sw      gp, -642(t5)
core   0: 3 0x8000a286 (0xd63f2f23) mem 0x80010000 0x00000001
core   0: 0x8000a28a (0x0000bfe5) c.j     pc - 8
core   0: 3 0x8000a28a (0xbfe5)
core   0: 0x8000a282 (0x00006f17) auipc   t5, 0x6
core   0: 3 0x8000a282 (0x00006f17) x30 0x80010282
core   0: 0x8000a286 (0xd63f2f23) sw      gp, -642(t5)
core   0: 3 0x8000a286 (0xd63f2f23) mem 0x80010000 0x00000001
core   0: 0x8000a28a (0x0000bfe5) c.j     pc - 8
core   0: 3 0x8000a28a (0xbfe5)
core   0: 0x8000a282 (0x00006f17) auipc   t5, 0x6
core   0: 3 0x8000a282 (0x00006f17) x30 0x80010282
core   0: 0x8000a286 (0xd63f2f23) sw      gp, -642(t5)
core   0: 3 0x8000a286 (0xd63f2f23) mem 0x80010000 0x00000001
core   0: 0x8000a28a (0x0000bfe5) c.j     pc - 8
core   0: 3 0x8000a28a (0xbfe5)
core   0: 0x8000a282 (0x00006f17) auipc   t5, 0x6
core   0: 3 0x8000a282 (0x00006f17) x30 0x80010282
core   0: 0x8000a286 (0xd63f2f23) sw      gp, -642(t5)
core   0: 3 0x8000a286 (0xd63f2f23) mem 0x80010000 0x00000001
core   0: 0x8000a28a (0x0000bfe5) c.j     pc - 8
core   0: 3 0x8000a28a (0xbfe5)
core   0: 0x8000a282 (0x00006f17) auipc   t5, 0x6
core   0: 3 0x8000a282 (0x00006f17) x30 0x80010282
core   0: 0x8000a286 (0xd63f2f23) sw      gp, -642(t5)
core   0: 3 0x8000a286 (0xd63f2f23) mem 0x80010000 0x00000001
core   0: 0x8000a28a (0x0000bfe5) c.j     pc - 8
core   0: 3 0x8000a28a (0xbfe5)
core   0: 0x8000a282 (0x00006f17) auipc   t5, 0x6
core   0: 3 0x8000a282 (0x00006f17) x30 0x80010282
core   0: 0x8000a286 (0xd63f2f23) sw      gp, -642(t5)
core   0: 3 0x8000a286 (0xd63f2f23) mem 0x80010000 0x00000001
core   0: 0x8000a28a (0x0000bfe5) c.j     pc - 8
core   0: 3 0x8000a28a (0xbfe5)
core   0: 0x8000a282 (0x00006f17) auipc   t5, 0x6
core   0: 3 0x8000a282 (0x00006f17) x30 0x80010282
core   0: 0x8000a286 (0xd63f2f23) sw      gp, -642(t5)
core   0: 3 0x8000a286 (0xd63f2f23) mem 0x80010000 0x00000001
core   0: 0x8000a28a (0x0000bfe5) c.j     pc - 8
core   0: 3 0x8000a28a (0xbfe5)
core   0: 0x8000a282 (0x00006f17) auipc   t5, 0x6
core   0: 3 0x8000a282 (0x00006f17) x30 0x80010282
core   0: 0x8000a286 (0xd63f2f23) sw      gp, -642(t5)
core   0: 3 0x8000a286 (0xd63f2f23) mem 0x80010000 0x00000001
core   0: 0x8000a28a (0x0000bfe5) c.j     pc - 8
core   0: 3 0x8000a28a (0xbfe5)
core   0: 0x8000a282 (0x00006f17) auipc   t5, 0x6
core   0: 3 0x8000a282 (0x00006f17) x30 0x80010282
core   0: 0x8000a286 (0xd63f2f23) sw      gp, -642(t5)
core   0: 3 0x8000a286 (0xd63f2f23) mem 0x80010000 0x00000001
core   0: 0x8000a28a (0x0000bfe5) c.j     pc - 8
core   0: 3 0x8000a28a (0xbfe5)
core   0: 0x8000a282 (0x00006f17) auipc   t5, 0x6
core   0: 3 0x8000a282 (0x00006f17) x30 0x80010282
core   0: 0x8000a286 (0xd63f2f23) sw      gp, -642(t5)
core   0: 3 0x8000a286 (0xd63f2f23) mem 0x80010000 0x00000001
core   0: 0x8000a28a (0x0000bfe5) c.j     pc - 8
core   0: 3 0x8000a28a (0xbfe5)
core   0: 0x8000a282 (0x00006f17) auipc   t5, 0x6
core   0: 3 0x8000a282 (0x00006f17) x30 0x80010282
core   0: 0x8000a286 (0xd63f2f23) sw      gp, -642(t5)
core   0: 3 0x8000a286 (0xd63f2f23) mem 0x80010000 0x00000001
core   0: 0x8000a28a (0x0000bfe5) c.j     pc - 8
core   0: 3 0x8000a28a (0xbfe5)
core   0: 0x8000a282 (0x00006f17) auipc   t5, 0x6
core   0: 3 0x8000a282 (0x00006f17) x30 0x80010282
core   0: 0x8000a286 (0xd63f2f23) sw      gp, -642(t5)
core   0: 3 0x8000a286 (0xd63f2f23) mem 0x80010000 0x00000001
core   0: 0x8000a28a (0x0000bfe5) c.j     pc - 8
core   0: 3 0x8000a28a (0xbfe5)
core   0: 0x8000a282 (0x00006f17) auipc   t5, 0x6
core   0: 3 0x8000a282 (0x00006f17) x30 0x80010282
core   0: 0x8000a286 (0xd63f2f23) sw      gp, -642(t5)
core   0: 3 0x8000a286 (0xd63f2f23) mem 0x80010000 0x00000001
core   0: 0x8000a28a (0x0000bfe5) c.j     pc - 8
core   0: 3 0x8000a28a (0xbfe5)
core   0: 0x8000a282 (0x00006f17) auipc   t5, 0x6
core   0: 3 0x8000a282 (0x00006f17) x30 0x80010282
core   0: 0x8000a286 (0xd63f2f23) sw      gp, -642(t5)
core   0: 3 0x8000a286 (0xd63f2f23) mem 0x80010000 0x00000001
core   0: 0x8000a28a (0x0000bfe5) c.j     pc - 8
core   0: 3 0x8000a28a (0xbfe5)
core   0: 0x8000a282 (0x00006f17) auipc   t5, 0x6
core   0: 3 0x8000a282 (0x00006f17) x30 0x80010282
core   0: 0x8000a286 (0xd63f2f23) sw      gp, -642(t5)
core   0: 3 0x8000a286 (0xd63f2f23) mem 0x80010000 0x00000001
core   0: 0x8000a28a (0x0000bfe5) c.j     pc - 8
core   0: 3 0x8000a28a (0xbfe5)
core   0: 0x8000a282 (0x00006f17) auipc   t5, 0x6
core   0: 3 0x8000a282 (0x00006f17) x30 0x80010282
core   0: 0x8000a286 (0xd63f2f23) sw      gp, -642(t5)
core   0: 3 0x8000a286 (0xd63f2f23) mem 0x80010000 0x00000001
core   0: 0x8000a28a (0x0000bfe5) c.j     pc - 8
core   0: 3 0x8000a28a (0xbfe5)
core   0: 0x8000a282 (0x00006f17) auipc   t5, 0x6
core   0: 3 0x8000a282 (0x00006f17) x30 0x80010282
core   0: 0x8000a286 (0xd63f2f23) sw      gp, -642(t5)
core   0: 3 0x8000a286 (0xd63f2f23) mem 0x80010000 0x00000001
core   0: 0x8000a28a (0x0000bfe5) c.j     pc - 8
core   0: 3 0x8000a28a (0xbfe5)
core   0: 0x8000a282 (0x00006f17) auipc   t5, 0x6
core   0: 3 0x8000a282 (0x00006f17) x30 0x80010282
core   0: 0x8000a286 (0xd63f2f23) sw      gp, -642(t5)
core   0: 3 0x8000a286 (0xd63f2f23) mem 0x80010000 0x00000001
core   0: 0x8000a28a (0x0000bfe5) c.j     pc - 8
core   0: 3 0x8000a28a (0xbfe5)
core   0: 0x8000a282 (0x00006f17) auipc   t5, 0x6
core   0: 3 0x8000a282 (0x00006f17) x30 0x80010282
core   0: 0x8000a286 (0xd63f2f23) sw      gp, -642(t5)
core   0: 3 0x8000a286 (0xd63f2f23) mem 0x80010000 0x00000001
core   0: 0x8000a28a (0x0000bfe5) c.j     pc - 8
core   0: 3 0x8000a28a (0xbfe5)
core   0: 0x8000a282 (0x00006f17) auipc   t5, 0x6
core   0: 3 0x8000a282 (0x00006f17) x30 0x80010282
core   0: 0x8000a286 (0xd63f2f23) sw      gp, -642(t5)
core   0: 3 0x8000a286 (0xd63f2f23) mem 0x80010000 0x00000001
core   0: 0x8000a28a (0x0000bfe5) c.j     pc - 8
core   0: 3 0x8000a28a (0xbfe5)
core   0: 0x8000a282 (0x00006f17) auipc   t5, 0x6
core   0: 3 0x8000a282 (0x00006f17) x30 0x80010282
core   0: 0x8000a286 (0xd63f2f23) sw      gp, -642(t5)
core   0: 3 0x8000a286 (0xd63f2f23) mem 0x80010000 0x00000001
core   0: 0x8000a28a (0x0000bfe5) c.j     pc - 8
core   0: 3 0x8000a28a (0xbfe5)
core   0: 0x8000a282 (0x00006f17) auipc   t5, 0x6
core   0: 3 0x8000a282 (0x00006f17) x30 0x80010282
core   0: 0x8000a286 (0xd63f2f23) sw      gp, -642(t5)
core   0: 3 0x8000a286 (0xd63f2f23) mem 0x80010000 0x00000001
core   0: 0x8000a28a (0x0000bfe5) c.j     pc - 8
core   0: 3 0x8000a28a (0xbfe5)
core   0: 0x8000a282 (0x00006f17) auipc   t5, 0x6
core   0: 3 0x8000a282 (0x00006f17) x30 0x80010282
core   0: 0x8000a286 (0xd63f2f23) sw      gp, -642(t5)
core   0: 3 0x8000a286 (0xd63f2f23) mem 0x80010000 0x00000001
core   0: 0x8000a28a (0x0000bfe5) c.j     pc - 8
core   0: 3 0x8000a28a (0xbfe5)
core   0: 0x8000a282 (0x00006f17) auipc   t5, 0x6
core   0: 3 0x8000a282 (0x00006f17) x30 0x80010282
core   0: 0x8000a286 (0xd63f2f23) sw      gp, -642(t5)
core   0: 3 0x8000a286 (0xd63f2f23) mem 0x80010000 0x00000001
core   0: 0x8000a28a (0x0000bfe5) c.j     pc - 8
core   0: 3 0x8000a28a (0xbfe5)
core   0: 0x8000a282 (0x00006f17) auipc   t5, 0x6
core   0: 3 0x8000a282 (0x00006f17) x30 0x80010282
core   0: 0x8000a286 (0xd63f2f23) sw      gp, -642(t5)
core   0: 3 0x8000a286 (0xd63f2f23) mem 0x80010000 0x00000001
core   0: 0x8000a28a (0x0000bfe5) c.j     pc - 8
core   0: 3 0x8000a28a (0xbfe5)
core   0: 0x8000a282 (0x00006f17) auipc   t5, 0x6
core   0: 3 0x8000a282 (0x00006f17) x30 0x80010282
core   0: 0x8000a286 (0xd63f2f23) sw      gp, -642(t5)
core   0: 3 0x8000a286 (0xd63f2f23) mem 0x80010000 0x00000001
core   0: 0x8000a28a (0x0000bfe5) c.j     pc - 8
core   0: 3 0x8000a28a (0xbfe5)
core   0: 0x8000a282 (0x00006f17) auipc   t5, 0x6
core   0: 3 0x8000a282 (0x00006f17) x30 0x80010282
core   0: 0x8000a286 (0xd63f2f23) sw      gp, -642(t5)
core   0: 3 0x8000a286 (0xd63f2f23) mem 0x80010000 0x00000001
core   0: 0x8000a28a (0x0000bfe5) c.j     pc - 8
core   0: 3 0x8000a28a (0xbfe5)
core   0: 0x8000a282 (0x00006f17) auipc   t5, 0x6
core   0: 3 0x8000a282 (0x00006f17) x30 0x80010282
core   0: 0x8000a286 (0xd63f2f23) sw      gp, -642(t5)
core   0: 3 0x8000a286 (0xd63f2f23) mem 0x80010000 0x00000001
core   0: 0x8000a28a (0x0000bfe5) c.j     pc - 8
core   0: 3 0x8000a28a (0xbfe5)
core   0: 0x8000a282 (0x00006f17) auipc   t5, 0x6
core   0: 3 0x8000a282 (0x00006f17) x30 0x80010282
core   0: 0x8000a286 (0xd63f2f23) sw      gp, -642(t5)
core   0: 3 0x8000a286 (0xd63f2f23) mem 0x80010000 0x00000001
core   0: 0x8000a28a (0x0000bfe5) c.j     pc - 8
core   0: 3 0x8000a28a (0xbfe5)
core   0: 0x8000a282 (0x00006f17) auipc   t5, 0x6
core   0: 3 0x8000a282 (0x00006f17) x30 0x80010282
core   0: 0x8000a286 (0xd63f2f23) sw      gp, -642(t5)
core   0: 3 0x8000a286 (0xd63f2f23) mem 0x80010000 0x00000001
core   0: 0x8000a28a (0x0000bfe5) c.j     pc - 8
core   0: 3 0x8000a28a (0xbfe5)
core   0: 0x8000a282 (0x00006f17) auipc   t5, 0x6
core   0: 3 0x8000a282 (0x00006f17) x30 0x80010282
core   0: 0x8000a286 (0xd63f2f23) sw      gp, -642(t5)
core   0: 3 0x8000a286 (0xd63f2f23) mem 0x80010000 0x00000001
core   0: 0x8000a28a (0x0000bfe5) c.j     pc - 8
core   0: 3 0x8000a28a (0xbfe5)
core   0: 0x8000a282 (0x00006f17) auipc   t5, 0x6
core   0: 3 0x8000a282 (0x00006f17) x30 0x80010282
core   0: 0x8000a286 (0xd63f2f23) sw      gp, -642(t5)
core   0: 3 0x8000a286 (0xd63f2f23) mem 0x80010000 0x00000001
core   0: 0x8000a28a (0x0000bfe5) c.j     pc - 8
core   0: 3 0x8000a28a (0xbfe5)
core   0: 0x8000a282 (0x00006f17) auipc   t5, 0x6
core   0: 3 0x8000a282 (0x00006f17) x30 0x80010282
core   0: 0x8000a286 (0xd63f2f23) sw      gp, -642(t5)
core   0: 3 0x8000a286 (0xd63f2f23) mem 0x80010000 0x00000001
core   0: 0x8000a28a (0x0000bfe5) c.j     pc - 8
core   0: 3 0x8000a28a (0xbfe5)
core   0: 0x8000a282 (0x00006f17) auipc   t5, 0x6
core   0: 3 0x8000a282 (0x00006f17) x30 0x80010282
core   0: 0x8000a286 (0xd63f2f23) sw      gp, -642(t5)
core   0: 3 0x8000a286 (0xd63f2f23) mem 0x80010000 0x00000001
core   0: 0x8000a28a (0x0000bfe5) c.j     pc - 8
core   0: 3 0x8000a28a (0xbfe5)
core   0: 0x8000a282 (0x00006f17) auipc   t5, 0x6
core   0: 3 0x8000a282 (0x00006f17) x30 0x80010282
core   0: 0x8000a286 (0xd63f2f23) sw      gp, -642(t5)
core   0: 3 0x8000a286 (0xd63f2f23) mem 0x80010000 0x00000001
core   0: 0x8000a28a (0x0000bfe5) c.j     pc - 8
core   0: 3 0x8000a28a (0xbfe5)
core   0: 0x8000a282 (0x00006f17) auipc   t5, 0x6
core   0: 3 0x8000a282 (0x00006f17) x30 0x80010282
core   0: 0x8000a286 (0xd63f2f23) sw      gp, -642(t5)
core   0: 3 0x8000a286 (0xd63f2f23) mem 0x80010000 0x00000001
core   0: 0x8000a28a (0x0000bfe5) c.j     pc - 8
core   0: 3 0x8000a28a (0xbfe5)
core   0: 0x8000a282 (0x00006f17) auipc   t5, 0x6
core   0: 3 0x8000a282 (0x00006f17) x30 0x80010282
core   0: 0x8000a286 (0xd63f2f23) sw      gp, -642(t5)
core   0: 3 0x8000a286 (0xd63f2f23) mem 0x80010000 0x00000001
core   0: 0x8000a28a (0x0000bfe5) c.j     pc - 8
core   0: 3 0x8000a28a (0xbfe5)
core   0: 0x8000a282 (0x00006f17) auipc   t5, 0x6
core   0: 3 0x8000a282 (0x00006f17) x30 0x80010282
core   0: 0x8000a286 (0xd63f2f23) sw      gp, -642(t5)
core   0: 3 0x8000a286 (0xd63f2f23) mem 0x80010000 0x00000001
core   0: 0x8000a28a (0x0000bfe5) c.j     pc - 8
core   0: 3 0x8000a28a (0xbfe5)
core   0: 0x8000a282 (0x00006f17) auipc   t5, 0x6
core   0: 3 0x8000a282 (0x00006f17) x30 0x80010282
core   0: 0x8000a286 (0xd63f2f23) sw      gp, -642(t5)
core   0: 3 0x8000a286 (0xd63f2f23) mem 0x80010000 0x00000001
core   0: 0x8000a28a (0x0000bfe5) c.j     pc - 8
core   0: 3 0x8000a28a (0xbfe5)
core   0: 0x8000a282 (0x00006f17) auipc   t5, 0x6
core   0: 3 0x8000a282 (0x00006f17) x30 0x80010282
core   0: 0x8000a286 (0xd63f2f23) sw      gp, -642(t5)
core   0: 3 0x8000a286 (0xd63f2f23) mem 0x80010000 0x00000001
core   0: 0x8000a28a (0x0000bfe5) c.j     pc - 8
core   0: 3 0x8000a28a (0xbfe5)
core   0: 0x8000a282 (0x00006f17) auipc   t5, 0x6
core   0: 3 0x8000a282 (0x00006f17) x30 0x80010282
core   0: 0x8000a286 (0xd63f2f23) sw      gp, -642(t5)
core   0: 3 0x8000a286 (0xd63f2f23) mem 0x80010000 0x00000001
core   0: 0x8000a28a (0x0000bfe5) c.j     pc - 8
core   0: 3 0x8000a28a (0xbfe5)
core   0: 0x8000a282 (0x00006f17) auipc   t5, 0x6
core   0: 3 0x8000a282 (0x00006f17) x30 0x80010282
core   0: 0x8000a286 (0xd63f2f23) sw      gp, -642(t5)
core   0: 3 0x8000a286 (0xd63f2f23) mem 0x80010000 0x00000001
core   0: 0x8000a28a (0x0000bfe5) c.j     pc - 8
core   0: 3 0x8000a28a (0xbfe5)
core   0: 0x8000a282 (0x00006f17) auipc   t5, 0x6
core   0: 3 0x8000a282 (0x00006f17) x30 0x80010282
core   0: 0x8000a286 (0xd63f2f23) sw      gp, -642(t5)
core   0: 3 0x8000a286 (0xd63f2f23) mem 0x80010000 0x00000001
core   0: 0x8000a28a (0x0000bfe5) c.j     pc - 8
core   0: 3 0x8000a28a (0xbfe5)
core   0: 0x8000a282 (0x00006f17) auipc   t5, 0x6
core   0: 3 0x8000a282 (0x00006f17) x30 0x80010282
core   0: 0x8000a286 (0xd63f2f23) sw      gp, -642(t5)
core   0: 3 0x8000a286 (0xd63f2f23) mem 0x80010000 0x00000001
core   0: 0x8000a28a (0x0000bfe5) c.j     pc - 8
core   0: 3 0x8000a28a (0xbfe5)
core   0: 0x8000a282 (0x00006f17) auipc   t5, 0x6
core   0: 3 0x8000a282 (0x00006f17) x30 0x80010282
core   0: 0x8000a286 (0xd63f2f23) sw      gp, -642(t5)
core   0: 3 0x8000a286 (0xd63f2f23) mem 0x80010000 0x00000001
core   0: 0x8000a28a (0x0000bfe5) c.j     pc - 8
core   0: 3 0x8000a28a (0xbfe5)
core   0: 0x8000a282 (0x00006f17) auipc   t5, 0x6
core   0: 3 0x8000a282 (0x00006f17) x30 0x80010282
core   0: 0x8000a286 (0xd63f2f23) sw      gp, -642(t5)
core   0: 3 0x8000a286 (0xd63f2f23) mem 0x80010000 0x00000001
core   0: 0x8000a28a (0x0000bfe5) c.j     pc - 8
core   0: 3 0x8000a28a (0xbfe5)
core   0: 0x8000a282 (0x00006f17) auipc   t5, 0x6
core   0: 3 0x8000a282 (0x00006f17) x30 0x80010282
core   0: 0x8000a286 (0xd63f2f23) sw      gp, -642(t5)
core   0: 3 0x8000a286 (0xd63f2f23) mem 0x80010000 0x00000001
core   0: 0x8000a28a (0x0000bfe5) c.j     pc - 8
core   0: 3 0x8000a28a (0xbfe5)
core   0: 0x8000a282 (0x00006f17) auipc   t5, 0x6
core   0: 3 0x8000a282 (0x00006f17) x30 0x80010282
core   0: 0x8000a286 (0xd63f2f23) sw      gp, -642(t5)
core   0: 3 0x8000a286 (0xd63f2f23) mem 0x80010000 0x00000001
core   0: 0x8000a28a (0x0000bfe5) c.j     pc - 8
core   0: 3 0x8000a28a (0xbfe5)
core   0: 0x8000a282 (0x00006f17) auipc   t5, 0x6
core   0: 3 0x8000a282 (0x00006f17) x30 0x80010282
core   0: 0x8000a286 (0xd63f2f23) sw      gp, -642(t5)
core   0: 3 0x8000a286 (0xd63f2f23) mem 0x80010000 0x00000001
core   0: 0x8000a28a (0x0000bfe5) c.j     pc - 8
core   0: 3 0x8000a28a (0xbfe5)
core   0: 0x8000a282 (0x00006f17) auipc   t5, 0x6
core   0: 3 0x8000a282 (0x00006f17) x30 0x80010282
core   0: 0x8000a286 (0xd63f2f23) sw      gp, -642(t5)
core   0: 3 0x8000a286 (0xd63f2f23) mem 0x80010000 0x00000001
core   0: 0x8000a28a (0x0000bfe5) c.j     pc - 8
core   0: 3 0x8000a28a (0xbfe5)
core   0: 0x8000a282 (0x00006f17) auipc   t5, 0x6
core   0: 3 0x8000a282 (0x00006f17) x30 0x80010282
core   0: 0x8000a286 (0xd63f2f23) sw      gp, -642(t5)
core   0: 3 0x8000a286 (0xd63f2f23) mem 0x80010000 0x00000001
core   0: 0x8000a28a (0x0000bfe5) c.j     pc - 8
core   0: 3 0x8000a28a (0xbfe5)
core   0: 0x8000a282 (0x00006f17) auipc   t5, 0x6
core   0: 3 0x8000a282 (0x00006f17) x30 0x80010282
core   0: 0x8000a286 (0xd63f2f23) sw      gp, -642(t5)
core   0: 3 0x8000a286 (0xd63f2f23) mem 0x80010000 0x00000001
core   0: 0x8000a28a (0x0000bfe5) c.j     pc - 8
core   0: 3 0x8000a28a (0xbfe5)
core   0: 0x8000a282 (0x00006f17) auipc   t5, 0x6
core   0: 3 0x8000a282 (0x00006f17) x30 0x80010282
core   0: 0x8000a286 (0xd63f2f23) sw      gp, -642(t5)
core   0: 3 0x8000a286 (0xd63f2f23) mem 0x80010000 0x00000001
core   0: 0x8000a28a (0x0000bfe5) c.j     pc - 8
core   0: 3 0x8000a28a (0xbfe5)
core   0: 0x8000a282 (0x00006f17) auipc   t5, 0x6
core   0: 3 0x8000a282 (0x00006f17) x30 0x80010282
core   0: 0x8000a286 (0xd63f2f23) sw      gp, -642(t5)
core   0: 3 0x8000a286 (0xd63f2f23) mem 0x80010000 0x00000001
core   0: 0x8000a28a (0x0000bfe5) c.j     pc - 8
core   0: 3 0x8000a28a (0xbfe5)
core   0: 0x8000a282 (0x00006f17) auipc   t5, 0x6
core   0: 3 0x8000a282 (0x00006f17) x30 0x80010282
core   0: 0x8000a286 (0xd63f2f23) sw      gp, -642(t5)
core   0: 3 0x8000a286 (0xd63f2f23) mem 0x80010000 0x00000001
core   0: 0x8000a28a (0x0000bfe5) c.j     pc - 8
core   0: 3 0x8000a28a (0xbfe5)
core   0: 0x8000a282 (0x00006f17) auipc   t5, 0x6
core   0: 3 0x8000a282 (0x00006f17) x30 0x80010282
core   0: 0x8000a286 (0xd63f2f23) sw      gp, -642(t5)
core   0: 3 0x8000a286 (0xd63f2f23) mem 0x80010000 0x00000001
core   0: 0x8000a28a (0x0000bfe5) c.j     pc - 8
core   0: 3 0x8000a28a (0xbfe5)
core   0: 0x8000a282 (0x00006f17) auipc   t5, 0x6
core   0: 3 0x8000a282 (0x00006f17) x30 0x80010282
core   0: 0x8000a286 (0xd63f2f23) sw      gp, -642(t5)
core   0: 3 0x8000a286 (0xd63f2f23) mem 0x80010000 0x00000001
core   0: 0x8000a28a (0x0000bfe5) c.j     pc - 8
core   0: 3 0x8000a28a (0xbfe5)
core   0: 0x8000a282 (0x00006f17) auipc   t5, 0x6
core   0: 3 0x8000a282 (0x00006f17) x30 0x80010282
core   0: 0x8000a286 (0xd63f2f23) sw      gp, -642(t5)
core   0: 3 0x8000a286 (0xd63f2f23) mem 0x80010000 0x00000001
core   0: 0x8000a28a (0x0000bfe5) c.j     pc - 8
core   0: 3 0x8000a28a (0xbfe5)
core   0: 0x8000a282 (0x00006f17) auipc   t5, 0x6
core   0: 3 0x8000a282 (0x00006f17) x30 0x80010282
core   0: 0x8000a286 (0xd63f2f23) sw      gp, -642(t5)
core   0: 3 0x8000a286 (0xd63f2f23) mem 0x80010000 0x00000001
core   0: 0x8000a28a (0x0000bfe5) c.j     pc - 8
core   0: 3 0x8000a28a (0xbfe5)
core   0: 0x8000a282 (0x00006f17) auipc   t5, 0x6
core   0: 3 0x8000a282 (0x00006f17) x30 0x80010282
core   0: 0x8000a286 (0xd63f2f23) sw      gp, -642(t5)
core   0: 3 0x8000a286 (0xd63f2f23) mem 0x80010000 0x00000001
core   0: 0x8000a28a (0x0000bfe5) c.j     pc - 8
core   0: 3 0x8000a28a (0xbfe5)
core   0: 0x8000a282 (0x00006f17) auipc   t5, 0x6
core   0: 3 0x8000a282 (0x00006f17) x30 0x80010282
core   0: 0x8000a286 (0xd63f2f23) sw      gp, -642(t5)
core   0: 3 0x8000a286 (0xd63f2f23) mem 0x80010000 0x00000001
core   0: 0x8000a28a (0x0000bfe5) c.j     pc - 8
core   0: 3 0x8000a28a (0xbfe5)
core   0: 0x8000a282 (0x00006f17) auipc   t5, 0x6
core   0: 3 0x8000a282 (0x00006f17) x30 0x80010282
core   0: 0x8000a286 (0xd63f2f23) sw      gp, -642(t5)
core   0: 3 0x8000a286 (0xd63f2f23) mem 0x80010000 0x00000001
core   0: 0x8000a28a (0x0000bfe5) c.j     pc - 8
core   0: 3 0x8000a28a (0xbfe5)
core   0: 0x8000a282 (0x00006f17) auipc   t5, 0x6
core   0: 3 0x8000a282 (0x00006f17) x30 0x80010282
core   0: 0x8000a286 (0xd63f2f23) sw      gp, -642(t5)
core   0: 3 0x8000a286 (0xd63f2f23) mem 0x80010000 0x00000001
core   0: 0x8000a28a (0x0000bfe5) c.j     pc - 8
core   0: 3 0x8000a28a (0xbfe5)
core   0: 0x8000a282 (0x00006f17) auipc   t5, 0x6
core   0: 3 0x8000a282 (0x00006f17) x30 0x80010282
core   0: 0x8000a286 (0xd63f2f23) sw      gp, -642(t5)
core   0: 3 0x8000a286 (0xd63f2f23) mem 0x80010000 0x00000001
core   0: 0x8000a28a (0x0000bfe5) c.j     pc - 8
core   0: 3 0x8000a28a (0xbfe5)
core   0: 0x8000a282 (0x00006f17) auipc   t5, 0x6
core   0: 3 0x8000a282 (0x00006f17) x30 0x80010282
core   0: 0x8000a286 (0xd63f2f23) sw      gp, -642(t5)
core   0: 3 0x8000a286 (0xd63f2f23) mem 0x80010000 0x00000001
core   0: 0x8000a28a (0x0000bfe5) c.j     pc - 8
core   0: 3 0x8000a28a (0xbfe5)
core   0: 0x8000a282 (0x00006f17) auipc   t5, 0x6
core   0: 3 0x8000a282 (0x00006f17) x30 0x80010282
core   0: 0x8000a286 (0xd63f2f23) sw      gp, -642(t5)
core   0: 3 0x8000a286 (0xd63f2f23) mem 0x80010000 0x00000001
core   0: 0x8000a28a (0x0000bfe5) c.j     pc - 8
core   0: 3 0x8000a28a (0xbfe5)
core   0: 0x8000a282 (0x00006f17) auipc   t5, 0x6
core   0: 3 0x8000a282 (0x00006f17) x30 0x80010282
core   0: 0x8000a286 (0xd63f2f23) sw      gp, -642(t5)
core   0: 3 0x8000a286 (0xd63f2f23) mem 0x80010000 0x00000001
core   0: 0x8000a28a (0x0000bfe5) c.j     pc - 8
core   0: 3 0x8000a28a (0xbfe5)
core   0: 0x8000a282 (0x00006f17) auipc   t5, 0x6
core   0: 3 0x8000a282 (0x00006f17) x30 0x80010282
core   0: 0x8000a286 (0xd63f2f23) sw      gp, -642(t5)
core   0: 3 0x8000a286 (0xd63f2f23) mem 0x80010000 0x00000001
core   0: 0x8000a28a (0x0000bfe5) c.j     pc - 8
core   0: 3 0x8000a28a (0xbfe5)
core   0: 0x8000a282 (0x00006f17) auipc   t5, 0x6
core   0: 3 0x8000a282 (0x00006f17) x30 0x80010282
core   0: 0x8000a286 (0xd63f2f23) sw      gp, -642(t5)
core   0: 3 0x8000a286 (0xd63f2f23) mem 0x80010000 0x00000001
core   0: 0x8000a28a (0x0000bfe5) c.j     pc - 8
core   0: 3 0x8000a28a (0xbfe5)
core   0: 0x8000a282 (0x00006f17) auipc   t5, 0x6
core   0: 3 0x8000a282 (0x00006f17) x30 0x80010282
core   0: 0x8000a286 (0xd63f2f23) sw      gp, -642(t5)
core   0: 3 0x8000a286 (0xd63f2f23) mem 0x80010000 0x00000001
core   0: 0x8000a28a (0x0000bfe5) c.j     pc - 8
core   0: 3 0x8000a28a (0xbfe5)
core   0: 0x8000a282 (0x00006f17) auipc   t5, 0x6
core   0: 3 0x8000a282 (0x00006f17) x30 0x80010282
core   0: 0x8000a286 (0xd63f2f23) sw      gp, -642(t5)
core   0: 3 0x8000a286 (0xd63f2f23) mem 0x80010000 0x00000001
core   0: 0x8000a28a (0x0000bfe5) c.j     pc - 8
core   0: 3 0x8000a28a (0xbfe5)
core   0: 0x8000a282 (0x00006f17) auipc   t5, 0x6
core   0: 3 0x8000a282 (0x00006f17) x30 0x80010282
core   0: 0x8000a286 (0xd63f2f23) sw      gp, -642(t5)
core   0: 3 0x8000a286 (0xd63f2f23) mem 0x80010000 0x00000001
core   0: 0x8000a28a (0x0000bfe5) c.j     pc - 8
core   0: 3 0x8000a28a (0xbfe5)
core   0: 0x8000a282 (0x00006f17) auipc   t5, 0x6
core   0: 3 0x8000a282 (0x00006f17) x30 0x80010282
core   0: 0x8000a286 (0xd63f2f23) sw      gp, -642(t5)
core   0: 3 0x8000a286 (0xd63f2f23) mem 0x80010000 0x00000001
core   0: 0x8000a28a (0x0000bfe5) c.j     pc - 8
core   0: 3 0x8000a28a (0xbfe5)
core   0: 0x8000a282 (0x00006f17) auipc   t5, 0x6
core   0: 3 0x8000a282 (0x00006f17) x30 0x80010282
core   0: 0x8000a286 (0xd63f2f23) sw      gp, -642(t5)
core   0: 3 0x8000a286 (0xd63f2f23) mem 0x80010000 0x00000001
core   0: 0x8000a28a (0x0000bfe5) c.j     pc - 8
core   0: 3 0x8000a28a (0xbfe5)
core   0: 0x8000a282 (0x00006f17) auipc   t5, 0x6
core   0: 3 0x8000a282 (0x00006f17) x30 0x80010282
core   0: 0x8000a286 (0xd63f2f23) sw      gp, -642(t5)
core   0: 3 0x8000a286 (0xd63f2f23) mem 0x80010000 0x00000001
core   0: 0x8000a28a (0x0000bfe5) c.j     pc - 8
core   0: 3 0x8000a28a (0xbfe5)
core   0: 0x8000a282 (0x00006f17) auipc   t5, 0x6
core   0: 3 0x8000a282 (0x00006f17) x30 0x80010282
core   0: 0x8000a286 (0xd63f2f23) sw      gp, -642(t5)
core   0: 3 0x8000a286 (0xd63f2f23) mem 0x80010000 0x00000001
core   0: 0x8000a28a (0x0000bfe5) c.j     pc - 8
core   0: 3 0x8000a28a (0xbfe5)
core   0: 0x8000a282 (0x00006f17) auipc   t5, 0x6
core   0: 3 0x8000a282 (0x00006f17) x30 0x80010282
core   0: 0x8000a286 (0xd63f2f23) sw      gp, -642(t5)
core   0: 3 0x8000a286 (0xd63f2f23) mem 0x80010000 0x00000001
core   0: 0x8000a28a (0x0000bfe5) c.j     pc - 8
core   0: 3 0x8000a28a (0xbfe5)
core   0: 0x8000a282 (0x00006f17) auipc   t5, 0x6
core   0: 3 0x8000a282 (0x00006f17) x30 0x80010282
core   0: 0x8000a286 (0xd63f2f23) sw      gp, -642(t5)
core   0: 3 0x8000a286 (0xd63f2f23) mem 0x80010000 0x00000001
core   0: 0x8000a28a (0x0000bfe5) c.j     pc - 8
core   0: 3 0x8000a28a (0xbfe5)
core   0: 0x8000a282 (0x00006f17) auipc   t5, 0x6
core   0: 3 0x8000a282 (0x00006f17) x30 0x80010282
core   0: 0x8000a286 (0xd63f2f23) sw      gp, -642(t5)
core   0: 3 0x8000a286 (0xd63f2f23) mem 0x80010000 0x00000001
core   0: 0x8000a28a (0x0000bfe5) c.j     pc - 8
core   0: 3 0x8000a28a (0xbfe5)
core   0: 0x8000a282 (0x00006f17) auipc   t5, 0x6
core   0: 3 0x8000a282 (0x00006f17) x30 0x80010282
core   0: 0x8000a286 (0xd63f2f23) sw      gp, -642(t5)
core   0: 3 0x8000a286 (0xd63f2f23) mem 0x80010000 0x00000001
core   0: 0x8000a28a (0x0000bfe5) c.j     pc - 8
core   0: 3 0x8000a28a (0xbfe5)
core   0: 0x8000a282 (0x00006f17) auipc   t5, 0x6
core   0: 3 0x8000a282 (0x00006f17) x30 0x80010282
core   0: 0x8000a286 (0xd63f2f23) sw      gp, -642(t5)
core   0: 3 0x8000a286 (0xd63f2f23) mem 0x80010000 0x00000001
core   0: 0x8000a28a (0x0000bfe5) c.j     pc - 8
core   0: 3 0x8000a28a (0xbfe5)
core   0: 0x8000a282 (0x00006f17) auipc   t5, 0x6
core   0: 3 0x8000a282 (0x00006f17) x30 0x80010282
core   0: 0x8000a286 (0xd63f2f23) sw      gp, -642(t5)
core   0: 3 0x8000a286 (0xd63f2f23) mem 0x80010000 0x00000001
core   0: 0x8000a28a (0x0000bfe5) c.j     pc - 8
core   0: 3 0x8000a28a (0xbfe5)
core   0: 0x8000a282 (0x00006f17) auipc   t5, 0x6
core   0: 3 0x8000a282 (0x00006f17) x30 0x80010282
core   0: 0x8000a286 (0xd63f2f23) sw      gp, -642(t5)
core   0: 3 0x8000a286 (0xd63f2f23) mem 0x80010000 0x00000001
core   0: 0x8000a28a (0x0000bfe5) c.j     pc - 8
core   0: 3 0x8000a28a (0xbfe5)
core   0: 0x8000a282 (0x00006f17) auipc   t5, 0x6
core   0: 3 0x8000a282 (0x00006f17) x30 0x80010282
core   0: 0x8000a286 (0xd63f2f23) sw      gp, -642(t5)
core   0: 3 0x8000a286 (0xd63f2f23) mem 0x80010000 0x00000001
core   0: 0x8000a28a (0x0000bfe5) c.j     pc - 8
core   0: 3 0x8000a28a (0xbfe5)
core   0: 0x8000a282 (0x00006f17) auipc   t5, 0x6
core   0: 3 0x8000a282 (0x00006f17) x30 0x80010282
core   0: 0x8000a286 (0xd63f2f23) sw      gp, -642(t5)
core   0: 3 0x8000a286 (0xd63f2f23) mem 0x80010000 0x00000001
core   0: 0x8000a28a (0x0000bfe5) c.j     pc - 8
core   0: 3 0x8000a28a (0xbfe5)
core   0: 0x8000a282 (0x00006f17) auipc   t5, 0x6
core   0: 3 0x8000a282 (0x00006f17) x30 0x80010282
core   0: 0x8000a286 (0xd63f2f23) sw      gp, -642(t5)
core   0: 3 0x8000a286 (0xd63f2f23) mem 0x80010000 0x00000001
core   0: 0x8000a28a (0x0000bfe5) c.j     pc - 8
core   0: 3 0x8000a28a (0xbfe5)
core   0: 0x8000a282 (0x00006f17) auipc   t5, 0x6
core   0: 3 0x8000a282 (0x00006f17) x30 0x80010282
core   0: 0x8000a286 (0xd63f2f23) sw      gp, -642(t5)
core   0: 3 0x8000a286 (0xd63f2f23) mem 0x80010000 0x00000001
core   0: 0x8000a28a (0x0000bfe5) c.j     pc - 8
core   0: 3 0x8000a28a (0xbfe5)
core   0: 0x8000a282 (0x00006f17) auipc   t5, 0x6
core   0: 3 0x8000a282 (0x00006f17) x30 0x80010282
core   0: 0x8000a286 (0xd63f2f23) sw      gp, -642(t5)
core   0: 3 0x8000a286 (0xd63f2f23) mem 0x80010000 0x00000001
core   0: 0x8000a28a (0x0000bfe5) c.j     pc - 8
core   0: 3 0x8000a28a (0xbfe5)
core   0: 0x8000a282 (0x00006f17) auipc   t5, 0x6
core   0: 3 0x8000a282 (0x00006f17) x30 0x80010282
core   0: 0x8000a286 (0xd63f2f23) sw      gp, -642(t5)
core   0: 3 0x8000a286 (0xd63f2f23) mem 0x80010000 0x00000001
core   0: 0x8000a28a (0x0000bfe5) c.j     pc - 8
core   0: 3 0x8000a28a (0xbfe5)
core   0: 0x8000a282 (0x00006f17) auipc   t5, 0x6
core   0: 3 0x8000a282 (0x00006f17) x30 0x80010282
core   0: 0x8000a286 (0xd63f2f23) sw      gp, -642(t5)
core   0: 3 0x8000a286 (0xd63f2f23) mem 0x80010000 0x00000001
core   0: 0x8000a28a (0x0000bfe5) c.j     pc - 8
core   0: 3 0x8000a28a (0xbfe5)
core   0: 0x8000a282 (0x00006f17) auipc   t5, 0x6
core   0: 3 0x8000a282 (0x00006f17) x30 0x80010282
core   0: 0x8000a286 (0xd63f2f23) sw      gp, -642(t5)
core   0: 3 0x8000a286 (0xd63f2f23) mem 0x80010000 0x00000001
core   0: 0x8000a28a (0x0000bfe5) c.j     pc - 8
core   0: 3 0x8000a28a (0xbfe5)
core   0: 0x8000a282 (0x00006f17) auipc   t5, 0x6
core   0: 3 0x8000a282 (0x00006f17) x30 0x80010282
core   0: 0x8000a286 (0xd63f2f23) sw      gp, -642(t5)
core   0: 3 0x8000a286 (0xd63f2f23) mem 0x80010000 0x00000001
core   0: 0x8000a28a (0x0000bfe5) c.j     pc - 8
core   0: 3 0x8000a28a (0xbfe5)
core   0: 0x8000a282 (0x00006f17) auipc   t5, 0x6
core   0: 3 0x8000a282 (0x00006f17) x30 0x80010282
core   0: 0x8000a286 (0xd63f2f23) sw      gp, -642(t5)
core   0: 3 0x8000a286 (0xd63f2f23) mem 0x80010000 0x00000001
core   0: 0x8000a28a (0x0000bfe5) c.j     pc - 8
core   0: 3 0x8000a28a (0xbfe5)
core   0: 0x8000a282 (0x00006f17) auipc   t5, 0x6
core   0: 3 0x8000a282 (0x00006f17) x30 0x80010282
core   0: 0x8000a286 (0xd63f2f23) sw      gp, -642(t5)
core   0: 3 0x8000a286 (0xd63f2f23) mem 0x80010000 0x00000001
core   0: 0x8000a28a (0x0000bfe5) c.j     pc - 8
core   0: 3 0x8000a28a (0xbfe5)
core   0: 0x8000a282 (0x00006f17) auipc   t5, 0x6
core   0: 3 0x8000a282 (0x00006f17) x30 0x80010282
core   0: 0x8000a286 (0xd63f2f23) sw      gp, -642(t5)
core   0: 3 0x8000a286 (0xd63f2f23) mem 0x80010000 0x00000001
core   0: 0x8000a28a (0x0000bfe5) c.j     pc - 8
core   0: 3 0x8000a28a (0xbfe5)
core   0: 0x8000a282 (0x00006f17) auipc   t5, 0x6
core   0: 3 0x8000a282 (0x00006f17) x30 0x80010282
core   0: 0x8000a286 (0xd63f2f23) sw      gp, -642(t5)
core   0: 3 0x8000a286 (0xd63f2f23) mem 0x80010000 0x00000001
core   0: 0x8000a28a (0x0000bfe5) c.j     pc - 8
core   0: 3 0x8000a28a (0xbfe5)
core   0: 0x8000a282 (0x00006f17) auipc   t5, 0x6
core   0: 3 0x8000a282 (0x00006f17) x30 0x80010282
core   0: 0x8000a286 (0xd63f2f23) sw      gp, -642(t5)
core   0: 3 0x8000a286 (0xd63f2f23) mem 0x80010000 0x00000001
core   0: 0x8000a28a (0x0000bfe5) c.j     pc - 8
core   0: 3 0x8000a28a (0xbfe5)
core   0: 0x8000a282 (0x00006f17) auipc   t5, 0x6
core   0: 3 0x8000a282 (0x00006f17) x30 0x80010282
core   0: 0x8000a286 (0xd63f2f23) sw      gp, -642(t5)
core   0: 3 0x8000a286 (0xd63f2f23) mem 0x80010000 0x00000001
core   0: 0x8000a28a (0x0000bfe5) c.j     pc - 8
core   0: 3 0x8000a28a (0xbfe5)
core   0: 0x8000a282 (0x00006f17) auipc   t5, 0x6
core   0: 3 0x8000a282 (0x00006f17) x30 0x80010282
core   0: 0x8000a286 (0xd63f2f23) sw      gp, -642(t5)
core   0: 3 0x8000a286 (0xd63f2f23) mem 0x80010000 0x00000001
core   0: 0x8000a28a (0x0000bfe5) c.j     pc - 8
core   0: 3 0x8000a28a (0xbfe5)
core   0: 0x8000a282 (0x00006f17) auipc   t5, 0x6
core   0: 3 0x8000a282 (0x00006f17) x30 0x80010282
core   0: 0x8000a286 (0xd63f2f23) sw      gp, -642(t5)
core   0: 3 0x8000a286 (0xd63f2f23) mem 0x80010000 0x00000001
core   0: 0x8000a28a (0x0000bfe5) c.j     pc - 8
core   0: 3 0x8000a28a (0xbfe5)
core   0: 0x8000a282 (0x00006f17) auipc   t5, 0x6
core   0: 3 0x8000a282 (0x00006f17) x30 0x80010282
core   0: 0x8000a286 (0xd63f2f23) sw      gp, -642(t5)
core   0: 3 0x8000a286 (0xd63f2f23) mem 0x80010000 0x00000001
core   0: 0x8000a28a (0x0000bfe5) c.j     pc - 8
core   0: 3 0x8000a28a (0xbfe5)
core   0: 0x8000a282 (0x00006f17) auipc   t5, 0x6
core   0: 3 0x8000a282 (0x00006f17) x30 0x80010282
core   0: 0x8000a286 (0xd63f2f23) sw      gp, -642(t5)
core   0: 3 0x8000a286 (0xd63f2f23) mem 0x80010000 0x00000001
core   0: 0x8000a28a (0x0000bfe5) c.j     pc - 8
core   0: 3 0x8000a28a (0xbfe5)
core   0: 0x8000a282 (0x00006f17) auipc   t5, 0x6
core   0: 3 0x8000a282 (0x00006f17) x30 0x80010282
core   0: 0x8000a286 (0xd63f2f23) sw      gp, -642(t5)
core   0: 3 0x8000a286 (0xd63f2f23) mem 0x80010000 0x00000001
core   0: 0x8000a28a (0x0000bfe5) c.j     pc - 8
core   0: 3 0x8000a28a (0xbfe5)
core   0: 0x8000a282 (0x00006f17) auipc   t5, 0x6
core   0: 3 0x8000a282 (0x00006f17) x30 0x80010282
core   0: 0x8000a286 (0xd63f2f23) sw      gp, -642(t5)
core   0: 3 0x8000a286 (0xd63f2f23) mem 0x80010000 0x00000001
core   0: 0x8000a28a (0x0000bfe5) c.j     pc - 8
core   0: 3 0x8000a28a (0xbfe5)
core   0: 0x8000a282 (0x00006f17) auipc   t5, 0x6
core   0: 3 0x8000a282 (0x00006f17) x30 0x80010282
core   0: 0x8000a286 (0xd63f2f23) sw      gp, -642(t5)
core   0: 3 0x8000a286 (0xd63f2f23) mem 0x80010000 0x00000001
core   0: 0x8000a28a (0x0000bfe5) c.j     pc - 8
core   0: 3 0x8000a28a (0xbfe5)
core   0: 0x8000a282 (0x00006f17) auipc   t5, 0x6
core   0: 3 0x8000a282 (0x00006f17) x30 0x80010282
core   0: 0x8000a286 (0xd63f2f23) sw      gp, -642(t5)
core   0: 3 0x8000a286 (0xd63f2f23) mem 0x80010000 0x00000001
core   0: 0x8000a28a (0x0000bfe5) c.j     pc - 8
core   0: 3 0x8000a28a (0xbfe5)
core   0: 0x8000a282 (0x00006f17) auipc   t5, 0x6
core   0: 3 0x8000a282 (0x00006f17) x30 0x80010282
core   0: 0x8000a286 (0xd63f2f23) sw      gp, -642(t5)
core   0: 3 0x8000a286 (0xd63f2f23) mem 0x80010000 0x00000001
core   0: 0x8000a28a (0x0000bfe5) c.j     pc - 8
core   0: 3 0x8000a28a (0xbfe5)
core   0: 0x8000a282 (0x00006f17) auipc   t5, 0x6
core   0: 3 0x8000a282 (0x00006f17) x30 0x80010282
core   0: 0x8000a286 (0xd63f2f23) sw      gp, -642(t5)
core   0: 3 0x8000a286 (0xd63f2f23) mem 0x80010000 0x00000001
core   0: 0x8000a28a (0x0000bfe5) c.j     pc - 8
core   0: 3 0x8000a28a (0xbfe5)
core   0: 0x8000a282 (0x00006f17) auipc   t5, 0x6
core   0: 3 0x8000a282 (0x00006f17) x30 0x80010282
core   0: 0x8000a286 (0xd63f2f23) sw      gp, -642(t5)
core   0: 3 0x8000a286 (0xd63f2f23) mem 0x80010000 0x00000001
core   0: 0x8000a28a (0x0000bfe5) c.j     pc - 8
core   0: 3 0x8000a28a (0xbfe5)
core   0: 0x8000a282 (0x00006f17) auipc   t5, 0x6
core   0: 3 0x8000a282 (0x00006f17) x30 0x80010282
core   0: 0x8000a286 (0xd63f2f23) sw      gp, -642(t5)
core   0: 3 0x8000a286 (0xd63f2f23) mem 0x80010000 0x00000001
core   0: 0x8000a28a (0x0000bfe5) c.j     pc - 8
core   0: 3 0x8000a28a (0xbfe5)
core   0: 0x8000a282 (0x00006f17) auipc   t5, 0x6
core   0: 3 0x8000a282 (0x00006f17) x30 0x80010282
core   0: 0x8000a286 (0xd63f2f23) sw      gp, -642(t5)
core   0: 3 0x8000a286 (0xd63f2f23) mem 0x80010000 0x00000001
core   0: 0x8000a28a (0x0000bfe5) c.j     pc - 8
core   0: 3 0x8000a28a (0xbfe5)
core   0: 0x8000a282 (0x00006f17) auipc   t5, 0x6
core   0: 3 0x8000a282 (0x00006f17) x30 0x80010282
core   0: 0x8000a286 (0xd63f2f23) sw      gp, -642(t5)
core   0: 3 0x8000a286 (0xd63f2f23) mem 0x80010000 0x00000001
core   0: 0x8000a28a (0x0000bfe5) c.j     pc - 8
core   0: 3 0x8000a28a (0xbfe5)
core   0: 0x8000a282 (0x00006f17) auipc   t5, 0x6
core   0: 3 0x8000a282 (0x00006f17) x30 0x80010282
core   0: 0x8000a286 (0xd63f2f23) sw      gp, -642(t5)
core   0: 3 0x8000a286 (0xd63f2f23) mem 0x80010000 0x00000001
core   0: 0x8000a28a (0x0000bfe5) c.j     pc - 8
core   0: 3 0x8000a28a (0xbfe5)
core   0: 0x8000a282 (0x00006f17) auipc   t5, 0x6
core   0: 3 0x8000a282 (0x00006f17) x30 0x80010282
core   0: 0x8000a286 (0xd63f2f23) sw      gp, -642(t5)
core   0: 3 0x8000a286 (0xd63f2f23) mem 0x80010000 0x00000001
core   0: 0x8000a28a (0x0000bfe5) c.j     pc - 8
core   0: 3 0x8000a28a (0xbfe5)
core   0: 0x8000a282 (0x00006f17) auipc   t5, 0x6
core   0: 3 0x8000a282 (0x00006f17) x30 0x80010282
core   0: 0x8000a286 (0xd63f2f23) sw      gp, -642(t5)
core   0: 3 0x8000a286 (0xd63f2f23) mem 0x80010000 0x00000001
core   0: 0x8000a28a (0x0000bfe5) c.j     pc - 8
core   0: 3 0x8000a28a (0xbfe5)
core   0: 0x8000a282 (0x00006f17) auipc   t5, 0x6
core   0: 3 0x8000a282 (0x00006f17) x30 0x80010282
core   0: 0x8000a286 (0xd63f2f23) sw      gp, -642(t5)
core   0: 3 0x8000a286 (0xd63f2f23) mem 0x80010000 0x00000001
core   0: 0x8000a28a (0x0000bfe5) c.j     pc - 8
core   0: 3 0x8000a28a (0xbfe5)
core   0: 0x8000a282 (0x00006f17) auipc   t5, 0x6
core   0: 3 0x8000a282 (0x00006f17) x30 0x80010282
core   0: 0x8000a286 (0xd63f2f23) sw      gp, -642(t5)
core   0: 3 0x8000a286 (0xd63f2f23) mem 0x80010000 0x00000001
core   0: 0x8000a28a (0x0000bfe5) c.j     pc - 8
core   0: 3 0x8000a28a (0xbfe5)
core   0: 0x8000a282 (0x00006f17) auipc   t5, 0x6
core   0: 3 0x8000a282 (0x00006f17) x30 0x80010282
core   0: 0x8000a286 (0xd63f2f23) sw      gp, -642(t5)
core   0: 3 0x8000a286 (0xd63f2f23) mem 0x80010000 0x00000001
core   0: 0x8000a28a (0x0000bfe5) c.j     pc - 8
core   0: 3 0x8000a28a (0xbfe5)
core   0: 0x8000a282 (0x00006f17) auipc   t5, 0x6
core   0: 3 0x8000a282 (0x00006f17) x30 0x80010282
core   0: 0x8000a286 (0xd63f2f23) sw      gp, -642(t5)
core   0: 3 0x8000a286 (0xd63f2f23) mem 0x80010000 0x00000001
core   0: 0x8000a28a (0x0000bfe5) c.j     pc - 8
core   0: 3 0x8000a28a (0xbfe5)
core   0: 0x8000a282 (0x00006f17) auipc   t5, 0x6
core   0: 3 0x8000a282 (0x00006f17) x30 0x80010282
core   0: 0x8000a286 (0xd63f2f23) sw      gp, -642(t5)
core   0: 3 0x8000a286 (0xd63f2f23) mem 0x80010000 0x00000001
core   0: 0x8000a28a (0x0000bfe5) c.j     pc - 8
core   0: 3 0x8000a28a (0xbfe5)
core   0: 0x8000a282 (0x00006f17) auipc   t5, 0x6
core   0: 3 0x8000a282 (0x00006f17) x30 0x80010282
core   0: 0x8000a286 (0xd63f2f23) sw      gp, -642(t5)
core   0: 3 0x8000a286 (0xd63f2f23) mem 0x80010000 0x00000001
core   0: 0x8000a28a (0x0000bfe5) c.j     pc - 8
core   0: 3 0x8000a28a (0xbfe5)
core   0: 0x8000a282 (0x00006f17) auipc   t5, 0x6
core   0: 3 0x8000a282 (0x00006f17) x30 0x80010282
core   0: 0x8000a286 (0xd63f2f23) sw      gp, -642(t5)
core   0: 3 0x8000a286 (0xd63f2f23) mem 0x80010000 0x00000001
core   0: 0x8000a28a (0x0000bfe5) c.j     pc - 8
core   0: 3 0x8000a28a (0xbfe5)
core   0: 0x8000a282 (0x00006f17) auipc   t5, 0x6
core   0: 3 0x8000a282 (0x00006f17) x30 0x80010282
core   0: 0x8000a286 (0xd63f2f23) sw      gp, -642(t5)
core   0: 3 0x8000a286 (0xd63f2f23) mem 0x80010000 0x00000001
core   0: 0x8000a28a (0x0000bfe5) c.j     pc - 8
core   0: 3 0x8000a28a (0xbfe5)
core   0: 0x8000a282 (0x00006f17) auipc   t5, 0x6
core   0: 3 0x8000a282 (0x00006f17) x30 0x80010282
core   0: 0x8000a286 (0xd63f2f23) sw      gp, -642(t5)
core   0: 3 0x8000a286 (0xd63f2f23) mem 0x80010000 0x00000001
core   0: 0x8000a28a (0x0000bfe5) c.j     pc - 8
core   0: 3 0x8000a28a (0xbfe5)
core   0: 0x8000a282 (0x00006f17) auipc   t5, 0x6
core   0: 3 0x8000a282 (0x00006f17) x30 0x80010282
core   0: 0x8000a286 (0xd63f2f23) sw      gp, -642(t5)
core   0: 3 0x8000a286 (0xd63f2f23) mem 0x80010000 0x00000001
core   0: 0x8000a28a (0x0000bfe5) c.j     pc - 8
core   0: 3 0x8000a28a (0xbfe5)
core   0: 0x8000a282 (0x00006f17) auipc   t5, 0x6
core   0: 3 0x8000a282 (0x00006f17) x30 0x80010282
core   0: 0x8000a286 (0xd63f2f23) sw      gp, -642(t5)
core   0: 3 0x8000a286 (0xd63f2f23) mem 0x80010000 0x00000001
core   0: 0x8000a28a (0x0000bfe5) c.j     pc - 8
core   0: 3 0x8000a28a (0xbfe5)
core   0: 0x8000a282 (0x00006f17) auipc   t5, 0x6
core   0: 3 0x8000a282 (0x00006f17) x30 0x80010282
core   0: 0x8000a286 (0xd63f2f23) sw      gp, -642(t5)
core   0: 3 0x8000a286 (0xd63f2f23) mem 0x80010000 0x00000001
core   0: 0x8000a28a (0x0000bfe5) c.j     pc - 8
core   0: 3 0x8000a28a (0xbfe5)
core   0: 0x8000a282 (0x00006f17) auipc   t5, 0x6
core   0: 3 0x8000a282 (0x00006f17) x30 0x80010282
core   0: 0x8000a286 (0xd63f2f23) sw      gp, -642(t5)
core   0: 3 0x8000a286 (0xd63f2f23) mem 0x80010000 0x00000001
core   0: 0x8000a28a (0x0000bfe5) c.j     pc - 8
core   0: 3 0x8000a28a (0xbfe5)
core   0: 0x8000a282 (0x00006f17) auipc   t5, 0x6
core   0: 3 0x8000a282 (0x00006f17) x30 0x80010282
core   0: 0x8000a286 (0xd63f2f23) sw      gp, -642(t5)
core   0: 3 0x8000a286 (0xd63f2f23) mem 0x80010000 0x00000001
core   0: 0x8000a28a (0x0000bfe5) c.j     pc - 8
core   0: 3 0x8000a28a (0xbfe5)
core   0: 0x8000a282 (0x00006f17) auipc   t5, 0x6
core   0: 3 0x8000a282 (0x00006f17) x30 0x80010282
core   0: 0x8000a286 (0xd63f2f23) sw      gp, -642(t5)
core   0: 3 0x8000a286 (0xd63f2f23) mem 0x80010000 0x00000001
core   0: 0x8000a28a (0x0000bfe5) c.j     pc - 8
core   0: 3 0x8000a28a (0xbfe5)
core   0: 0x8000a282 (0x00006f17) auipc   t5, 0x6
core   0: 3 0x8000a282 (0x00006f17) x30 0x80010282
core   0: 0x8000a286 (0xd63f2f23) sw      gp, -642(t5)
core   0: 3 0x8000a286 (0xd63f2f23) mem 0x80010000 0x00000001
core   0: 0x8000a28a (0x0000bfe5) c.j     pc - 8
core   0: 3 0x8000a28a (0xbfe5)
core   0: 0x8000a282 (0x00006f17) auipc   t5, 0x6
core   0: 3 0x8000a282 (0x00006f17) x30 0x80010282
core   0: 0x8000a286 (0xd63f2f23) sw      gp, -642(t5)
core   0: 3 0x8000a286 (0xd63f2f23) mem 0x80010000 0x00000001
core   0: 0x8000a28a (0x0000bfe5) c.j     pc - 8
core   0: 3 0x8000a28a (0xbfe5)
core   0: 0x8000a282 (0x00006f17) auipc   t5, 0x6
core   0: 3 0x8000a282 (0x00006f17) x30 0x80010282
core   0: 0x8000a286 (0xd63f2f23) sw      gp, -642(t5)
core   0: 3 0x8000a286 (0xd63f2f23) mem 0x80010000 0x00000001
core   0: 0x8000a28a (0x0000bfe5) c.j     pc - 8
core   0: 3 0x8000a28a (0xbfe5)
core   0: 0x8000a282 (0x00006f17) auipc   t5, 0x6
core   0: 3 0x8000a282 (0x00006f17) x30 0x80010282
core   0: 0x8000a286 (0xd63f2f23) sw      gp, -642(t5)
core   0: 3 0x8000a286 (0xd63f2f23) mem 0x80010000 0x00000001
core   0: 0x8000a28a (0x0000bfe5) c.j     pc - 8
core   0: 3 0x8000a28a (0xbfe5)
core   0: 0x8000a282 (0x00006f17) auipc   t5, 0x6
core   0: 3 0x8000a282 (0x00006f17) x30 0x80010282
core   0: 0x8000a286 (0xd63f2f23) sw      gp, -642(t5)
core   0: 3 0x8000a286 (0xd63f2f23) mem 0x80010000 0x00000001
core   0: 0x8000a28a (0x0000bfe5) c.j     pc - 8
core   0: 3 0x8000a28a (0xbfe5)
core   0: 0x8000a282 (0x00006f17) auipc   t5, 0x6
core   0: 3 0x8000a282 (0x00006f17) x30 0x80010282
core   0: 0x8000a286 (0xd63f2f23) sw      gp, -642(t5)
core   0: 3 0x8000a286 (0xd63f2f23) mem 0x80010000 0x00000001
core   0: 0x8000a28a (0x0000bfe5) c.j     pc - 8
core   0: 3 0x8000a28a (0xbfe5)
core   0: 0x8000a282 (0x00006f17) auipc   t5, 0x6
core   0: 3 0x8000a282 (0x00006f17) x30 0x80010282
core   0: 0x8000a286 (0xd63f2f23) sw      gp, -642(t5)
core   0: 3 0x8000a286 (0xd63f2f23) mem 0x80010000 0x00000001
core   0: 0x8000a28a (0x0000bfe5) c.j     pc - 8
core   0: 3 0x8000a28a (0xbfe5)
core   0: 0x8000a282 (0x00006f17) auipc   t5, 0x6
core   0: 3 0x8000a282 (0x00006f17) x30 0x80010282
core   0: 0x8000a286 (0xd63f2f23) sw      gp, -642(t5)
core   0: 3 0x8000a286 (0xd63f2f23) mem 0x80010000 0x00000001
core   0: 0x8000a28a (0x0000bfe5) c.j     pc - 8
core   0: 3 0x8000a28a (0xbfe5)
core   0: 0x8000a282 (0x00006f17) auipc   t5, 0x6
core   0: 3 0x8000a282 (0x00006f17) x30 0x80010282
core   0: 0x8000a286 (0xd63f2f23) sw      gp, -642(t5)
core   0: 3 0x8000a286 (0xd63f2f23) mem 0x80010000 0x00000001
core   0: 0x8000a28a (0x0000bfe5) c.j     pc - 8
core   0: 3 0x8000a28a (0xbfe5)
core   0: 0x8000a282 (0x00006f17) auipc   t5, 0x6
core   0: 3 0x8000a282 (0x00006f17) x30 0x80010282
core   0: 0x8000a286 (0xd63f2f23) sw      gp, -642(t5)
core   0: 3 0x8000a286 (0xd63f2f23) mem 0x80010000 0x00000001
core   0: 0x8000a28a (0x0000bfe5) c.j     pc - 8
core   0: 3 0x8000a28a (0xbfe5)
core   0: 0x8000a282 (0x00006f17) auipc   t5, 0x6
core   0: 3 0x8000a282 (0x00006f17) x30 0x80010282
core   0: 0x8000a286 (0xd63f2f23) sw      gp, -642(t5)
core   0: 3 0x8000a286 (0xd63f2f23) mem 0x80010000 0x00000001
core   0: 0x8000a28a (0x0000bfe5) c.j     pc - 8
core   0: 3 0x8000a28a (0xbfe5)
core   0: 0x8000a282 (0x00006f17) auipc   t5, 0x6
core   0: 3 0x8000a282 (0x00006f17) x30 0x80010282
core   0: 0x8000a286 (0xd63f2f23) sw      gp, -642(t5)
core   0: 3 0x8000a286 (0xd63f2f23) mem 0x80010000 0x00000001
core   0: 0x8000a28a (0x0000bfe5) c.j     pc - 8
core   0: 3 0x8000a28a (0xbfe5)
core   0: 0x8000a282 (0x00006f17) auipc   t5, 0x6
core   0: 3 0x8000a282 (0x00006f17) x30 0x80010282
core   0: 0x8000a286 (0xd63f2f23) sw      gp, -642(t5)
core   0: 3 0x8000a286 (0xd63f2f23) mem 0x80010000 0x00000001
core   0: 0x8000a28a (0x0000bfe5) c.j     pc - 8
core   0: 3 0x8000a28a (0xbfe5)
core   0: 0x8000a282 (0x00006f17) auipc   t5, 0x6
core   0: 3 0x8000a282 (0x00006f17) x30 0x80010282
core   0: 0x8000a286 (0xd63f2f23) sw      gp, -642(t5)
core   0: 3 0x8000a286 (0xd63f2f23) mem 0x80010000 0x00000001
core   0: 0x8000a28a (0x0000bfe5) c.j     pc - 8
core   0: 3 0x8000a28a (0xbfe5)
core   0: 0x8000a282 (0x00006f17) auipc   t5, 0x6
core   0: 3 0x8000a282 (0x00006f17) x30 0x80010282
core   0: 0x8000a286 (0xd63f2f23) sw      gp, -642(t5)
core   0: 3 0x8000a286 (0xd63f2f23) mem 0x80010000 0x00000001
core   0: 0x8000a28a (0x0000bfe5) c.j     pc - 8
core   0: 3 0x8000a28a (0xbfe5)
core   0: 0x8000a282 (0x00006f17) auipc   t5, 0x6
core   0: 3 0x8000a282 (0x00006f17) x30 0x80010282
core   0: 0x8000a286 (0xd63f2f23) sw      gp, -642(t5)
core   0: 3 0x8000a286 (0xd63f2f23) mem 0x80010000 0x00000001
core   0: 0x8000a28a (0x0000bfe5) c.j     pc - 8
core   0: 3 0x8000a28a (0xbfe5)
core   0: 0x8000a282 (0x00006f17) auipc   t5, 0x6
core   0: 3 0x8000a282 (0x00006f17) x30 0x80010282
core   0: 0x8000a286 (0xd63f2f23) sw      gp, -642(t5)
core   0: 3 0x8000a286 (0xd63f2f23) mem 0x80010000 0x00000001
core   0: 0x8000a28a (0x0000bfe5) c.j     pc - 8
core   0: 3 0x8000a28a (0xbfe5)
core   0: 0x8000a282 (0x00006f17) auipc   t5, 0x6
core   0: 3 0x8000a282 (0x00006f17) x30 0x80010282
core   0: 0x8000a286 (0xd63f2f23) sw      gp, -642(t5)
core   0: 3 0x8000a286 (0xd63f2f23) mem 0x80010000 0x00000001
core   0: 0x8000a28a (0x0000bfe5) c.j     pc - 8
core   0: 3 0x8000a28a (0xbfe5)
core   0: 0x8000a282 (0x00006f17) auipc   t5, 0x6
core   0: 3 0x8000a282 (0x00006f17) x30 0x80010282
core   0: 0x8000a286 (0xd63f2f23) sw      gp, -642(t5)
core   0: 3 0x8000a286 (0xd63f2f23) mem 0x80010000 0x00000001
core   0: 0x8000a28a (0x0000bfe5) c.j     pc - 8
core   0: 3 0x8000a28a (0xbfe5)
core   0: 0x8000a282 (0x00006f17) auipc   t5, 0x6
core   0: 3 0x8000a282 (0x00006f17) x30 0x80010282
core   0: 0x8000a286 (0xd63f2f23) sw      gp, -642(t5)
core   0: 3 0x8000a286 (0xd63f2f23) mem 0x80010000 0x00000001
core   0: 0x8000a28a (0x0000bfe5) c.j     pc - 8
core   0: 3 0x8000a28a (0xbfe5)
core   0: 0x8000a282 (0x00006f17) auipc   t5, 0x6
core   0: 3 0x8000a282 (0x00006f17) x30 0x80010282
core   0: 0x8000a286 (0xd63f2f23) sw      gp, -642(t5)
core   0: 3 0x8000a286 (0xd63f2f23) mem 0x80010000 0x00000001
core   0: 0x8000a28a (0x0000bfe5) c.j     pc - 8
core   0: 3 0x8000a28a (0xbfe5)
core   0: 0x8000a282 (0x00006f17) auipc   t5, 0x6
core   0: 3 0x8000a282 (0x00006f17) x30 0x80010282
core   0: 0x8000a286 (0xd63f2f23) sw      gp, -642(t5)
core   0: 3 0x8000a286 (0xd63f2f23) mem 0x80010000 0x00000001
core   0: 0x8000a28a (0x0000bfe5) c.j     pc - 8
core   0: 3 0x8000a28a (0xbfe5)
core   0: 0x8000a282 (0x00006f17) auipc   t5, 0x6
core   0: 3 0x8000a282 (0x00006f17) x30 0x80010282
core   0: 0x8000a286 (0xd63f2f23) sw      gp, -642(t5)
core   0: 3 0x8000a286 (0xd63f2f23) mem 0x80010000 0x00000001
core   0: 0x8000a28a (0x0000bfe5) c.j     pc - 8
core   0: 3 0x8000a28a (0xbfe5)
core   0: 0x8000a282 (0x00006f17) auipc   t5, 0x6
core   0: 3 0x8000a282 (0x00006f17) x30 0x80010282
core   0: 0x8000a286 (0xd63f2f23) sw      gp, -642(t5)
core   0: 3 0x8000a286 (0xd63f2f23) mem 0x80010000 0x00000001
core   0: 0x8000a28a (0x0000bfe5) c.j     pc - 8
core   0: 3 0x8000a28a (0xbfe5)
core   0: 0x8000a282 (0x00006f17) auipc   t5, 0x6
core   0: 3 0x8000a282 (0x00006f17) x30 0x80010282
core   0: 0x8000a286 (0xd63f2f23) sw      gp, -642(t5)
core   0: 3 0x8000a286 (0xd63f2f23) mem 0x80010000 0x00000001
core   0: 0x8000a28a (0x0000bfe5) c.j     pc - 8
core   0: 3 0x8000a28a (0xbfe5)
core   0: 0x8000a282 (0x00006f17) auipc   t5, 0x6
core   0: 3 0x8000a282 (0x00006f17) x30 0x80010282
core   0: 0x8000a286 (0xd63f2f23) sw      gp, -642(t5)
core   0: 3 0x8000a286 (0xd63f2f23) mem 0x80010000 0x00000001
core   0: 0x8000a28a (0x0000bfe5) c.j     pc - 8
core   0: 3 0x8000a28a (0xbfe5)
core   0: 0x8000a282 (0x00006f17) auipc   t5, 0x6
core   0: 3 0x8000a282 (0x00006f17) x30 0x80010282
core   0: 0x8000a286 (0xd63f2f23) sw      gp, -642(t5)
core   0: 3 0x8000a286 (0xd63f2f23) mem 0x80010000 0x00000001
core   0: 0x8000a28a (0x0000bfe5) c.j     pc - 8
core   0: 3 0x8000a28a (0xbfe5)
core   0: 0x8000a282 (0x00006f17) auipc   t5, 0x6
core   0: 3 0x8000a282 (0x00006f17) x30 0x80010282
core   0: 0x8000a286 (0xd63f2f23) sw      gp, -642(t5)
core   0: 3 0x8000a286 (0xd63f2f23) mem 0x80010000 0x00000001
core   0: 0x8000a28a (0x0000bfe5) c.j     pc - 8
core   0: 3 0x8000a28a (0xbfe5)
core   0: 0x8000a282 (0x00006f17) auipc   t5, 0x6
core   0: 3 0x8000a282 (0x00006f17) x30 0x80010282
core   0: 0x8000a286 (0xd63f2f23) sw      gp, -642(t5)
core   0: 3 0x8000a286 (0xd63f2f23) mem 0x80010000 0x00000001
core   0: 0x8000a28a (0x0000bfe5) c.j     pc - 8
core   0: 3 0x8000a28a (0xbfe5)
core   0: 0x8000a282 (0x00006f17) auipc   t5, 0x6
core   0: 3 0x8000a282 (0x00006f17) x30 0x80010282
core   0: 0x8000a286 (0xd63f2f23) sw      gp, -642(t5)
core   0: 3 0x8000a286 (0xd63f2f23) mem 0x80010000 0x00000001
core   0: 0x8000a28a (0x0000bfe5) c.j     pc - 8
core   0: 3 0x8000a28a (0xbfe5)
core   0: 0x8000a282 (0x00006f17) auipc   t5, 0x6
core   0: 3 0x8000a282 (0x00006f17) x30 0x80010282
core   0: 0x8000a286 (0xd63f2f23) sw      gp, -642(t5)
core   0: 3 0x8000a286 (0xd63f2f23) mem 0x80010000 0x00000001
core   0: 0x8000a28a (0x0000bfe5) c.j     pc - 8
core   0: 3 0x8000a28a (0xbfe5)
core   0: 0x8000a282 (0x00006f17) auipc   t5, 0x6
core   0: 3 0x8000a282 (0x00006f17) x30 0x80010282
core   0: 0x8000a286 (0xd63f2f23) sw      gp, -642(t5)
core   0: 3 0x8000a286 (0xd63f2f23) mem 0x80010000 0x00000001
core   0: 0x8000a28a (0x0000bfe5) c.j     pc - 8
core   0: 3 0x8000a28a (0xbfe5)
core   0: 0x8000a282 (0x00006f17) auipc   t5, 0x6
core   0: 3 0x8000a282 (0x00006f17) x30 0x80010282
core   0: 0x8000a286 (0xd63f2f23) sw      gp, -642(t5)
core   0: 3 0x8000a286 (0xd63f2f23) mem 0x80010000 0x00000001
core   0: 0x8000a28a (0x0000bfe5) c.j     pc - 8
core   0: 3 0x8000a28a (0xbfe5)
core   0: 0x8000a282 (0x00006f17) auipc   t5, 0x6
core   0: 3 0x8000a282 (0x00006f17) x30 0x80010282
core   0: 0x8000a286 (0xd63f2f23) sw      gp, -642(t5)
core   0: 3 0x8000a286 (0xd63f2f23) mem 0x80010000 0x00000001
core   0: 0x8000a28a (0x0000bfe5) c.j     pc - 8
core   0: 3 0x8000a28a (0xbfe5)
core   0: 0x8000a282 (0x00006f17) auipc   t5, 0x6
core   0: 3 0x8000a282 (0x00006f17) x30 0x80010282
core   0: 0x8000a286 (0xd63f2f23) sw      gp, -642(t5)
core   0: 3 0x8000a286 (0xd63f2f23) mem 0x80010000 0x00000001
core   0: 0x8000a28a (0x0000bfe5) c.j     pc - 8
core   0: 3 0x8000a28a (0xbfe5)
core   0: 0x8000a282 (0x00006f17) auipc   t5, 0x6
core   0: 3 0x8000a282 (0x00006f17) x30 0x80010282
core   0: 0x8000a286 (0xd63f2f23) sw      gp, -642(t5)
core   0: 3 0x8000a286 (0xd63f2f23) mem 0x80010000 0x00000001
core   0: 0x8000a28a (0x0000bfe5) c.j     pc - 8
core   0: 3 0x8000a28a (0xbfe5)
core   0: 0x8000a282 (0x00006f17) auipc   t5, 0x6
core   0: 3 0x8000a282 (0x00006f17) x30 0x80010282
core   0: 0x8000a286 (0xd63f2f23) sw      gp, -642(t5)
core   0: 3 0x8000a286 (0xd63f2f23) mem 0x80010000 0x00000001
core   0: 0x8000a28a (0x0000bfe5) c.j     pc - 8
core   0: 3 0x8000a28a (0xbfe5)
core   0: 0x8000a282 (0x00006f17) auipc   t5, 0x6
core   0: 3 0x8000a282 (0x00006f17) x30 0x80010282
core   0: 0x8000a286 (0xd63f2f23) sw      gp, -642(t5)
core   0: 3 0x8000a286 (0xd63f2f23) mem 0x80010000 0x00000001
core   0: 0x8000a28a (0x0000bfe5) c.j     pc - 8
core   0: 3 0x8000a28a (0xbfe5)
core   0: 0x8000a282 (0x00006f17) auipc   t5, 0x6
core   0: 3 0x8000a282 (0x00006f17) x30 0x80010282
core   0: 0x8000a286 (0xd63f2f23) sw      gp, -642(t5)
core   0: 3 0x8000a286 (0xd63f2f23) mem 0x80010000 0x00000001
core   0: 0x8000a28a (0x0000bfe5) c.j     pc - 8
core   0: 3 0x8000a28a (0xbfe5)
core   0: 0x8000a282 (0x00006f17) auipc   t5, 0x6
core   0: 3 0x8000a282 (0x00006f17) x30 0x80010282
core   0: 0x8000a286 (0xd63f2f23) sw      gp, -642(t5)
core   0: 3 0x8000a286 (0xd63f2f23) mem 0x80010000 0x00000001
core   0: 0x8000a28a (0x0000bfe5) c.j     pc - 8
core   0: 3 0x8000a28a (0xbfe5)
core   0: 0x8000a282 (0x00006f17) auipc   t5, 0x6
core   0: 3 0x8000a282 (0x00006f17) x30 0x80010282
core   0: 0x8000a286 (0xd63f2f23) sw      gp, -642(t5)
core   0: 3 0x8000a286 (0xd63f2f23) mem 0x80010000 0x00000001
core   0: 0x8000a28a (0x0000bfe5) c.j     pc - 8
core   0: 3 0x8000a28a (0xbfe5)
core   0: 0x8000a282 (0x00006f17) auipc   t5, 0x6
core   0: 3 0x8000a282 (0x00006f17) x30 0x80010282
core   0: 0x8000a286 (0xd63f2f23) sw      gp, -642(t5)
core   0: 3 0x8000a286 (0xd63f2f23) mem 0x80010000 0x00000001
core   0: 0x8000a28a (0x0000bfe5) c.j     pc - 8
core   0: 3 0x8000a28a (0xbfe5)
core   0: 0x8000a282 (0x00006f17) auipc   t5, 0x6
core   0: 3 0x8000a282 (0x00006f17) x30 0x80010282
core   0: 0x8000a286 (0xd63f2f23) sw      gp, -642(t5)
core   0: 3 0x8000a286 (0xd63f2f23) mem 0x80010000 0x00000001
core   0: 0x8000a28a (0x0000bfe5) c.j     pc - 8
core   0: 3 0x8000a28a (0xbfe5)
core   0: 0x8000a282 (0x00006f17) auipc   t5, 0x6
core   0: 3 0x8000a282 (0x00006f17) x30 0x80010282
core   0: 0x8000a286 (0xd63f2f23) sw      gp, -642(t5)
core   0: 3 0x8000a286 (0xd63f2f23) mem 0x80010000 0x00000001
core   0: 0x8000a28a (0x0000bfe5) c.j     pc - 8
core   0: 3 0x8000a28a (0xbfe5)
core   0: 0x8000a282 (0x00006f17) auipc   t5, 0x6
core   0: 3 0x8000a282 (0x00006f17) x30 0x80010282
core   0: 0x8000a286 (0xd63f2f23) sw      gp, -642(t5)
core   0: 3 0x8000a286 (0xd63f2f23) mem 0x80010000 0x00000001
core   0: 0x8000a28a (0x0000bfe5) c.j     pc - 8
core   0: 3 0x8000a28a (0xbfe5)
core   0: 0x8000a282 (0x00006f17) auipc   t5, 0x6
core   0: 3 0x8000a282 (0x00006f17) x30 0x80010282
core   0: 0x8000a286 (0xd63f2f23) sw      gp, -642(t5)
core   0: 3 0x8000a286 (0xd63f2f23) mem 0x80010000 0x00000001
core   0: 0x8000a28a (0x0000bfe5) c.j     pc - 8
core   0: 3 0x8000a28a (0xbfe5)
core   0: 0x8000a282 (0x00006f17) auipc   t5, 0x6
core   0: 3 0x8000a282 (0x00006f17) x30 0x80010282
core   0: 0x8000a286 (0xd63f2f23) sw      gp, -642(t5)
core   0: 3 0x8000a286 (0xd63f2f23) mem 0x80010000 0x00000001
core   0: 0x8000a28a (0x0000bfe5) c.j     pc - 8
core   0: 3 0x8000a28a (0xbfe5)
core   0: 0x8000a282 (0x00006f17) auipc   t5, 0x6
core   0: 3 0x8000a282 (0x00006f17) x30 0x80010282
core   0: 0x8000a286 (0xd63f2f23) sw      gp, -642(t5)
core   0: 3 0x8000a286 (0xd63f2f23) mem 0x80010000 0x00000001
core   0: 0x8000a28a (0x0000bfe5) c.j     pc - 8
core   0: 3 0x8000a28a (0xbfe5)
core   0: 0x8000a282 (0x00006f17) auipc   t5, 0x6
core   0: 3 0x8000a282 (0x00006f17) x30 0x80010282
core   0: 0x8000a286 (0xd63f2f23) sw      gp, -642(t5)
core   0: 3 0x8000a286 (0xd63f2f23) mem 0x80010000 0x00000001
core   0: 0x8000a28a (0x0000bfe5) c.j     pc - 8
core   0: 3 0x8000a28a (0xbfe5)
core   0: 0x8000a282 (0x00006f17) auipc   t5, 0x6
core   0: 3 0x8000a282 (0x00006f17) x30 0x80010282
core   0: 0x8000a286 (0xd63f2f23) sw      gp, -642(t5)
core   0: 3 0x8000a286 (0xd63f2f23) mem 0x80010000 0x00000001
core   0: 0x8000a28a (0x0000bfe5) c.j     pc - 8
core   0: 3 0x8000a28a (0xbfe5)
core   0: 0x8000a282 (0x00006f17) auipc   t5, 0x6
core   0: 3 0x8000a282 (0x00006f17) x30 0x80010282
core   0: 0x8000a286 (0xd63f2f23) sw      gp, -642(t5)
core   0: 3 0x8000a286 (0xd63f2f23) mem 0x80010000 0x00000001
core   0: 0x8000a28a (0x0000bfe5) c.j     pc - 8
core   0: 3 0x8000a28a (0xbfe5)
core   0: 0x8000a282 (0x00006f17) auipc   t5, 0x6
core   0: 3 0x8000a282 (0x00006f17) x30 0x80010282
core   0: 0x8000a286 (0xd63f2f23) sw      gp, -642(t5)
core   0: 3 0x8000a286 (0xd63f2f23) mem 0x80010000 0x00000001
core   0: 0x8000a28a (0x0000bfe5) c.j     pc - 8
core   0: 3 0x8000a28a (0xbfe5)
core   0: 0x8000a282 (0x00006f17) auipc   t5, 0x6
core   0: 3 0x8000a282 (0x00006f17) x30 0x80010282
core   0: 0x8000a286 (0xd63f2f23) sw      gp, -642(t5)
core   0: 3 0x8000a286 (0xd63f2f23) mem 0x80010000 0x00000001
core   0: 0x8000a28a (0x0000bfe5) c.j     pc - 8
core   0: 3 0x8000a28a (0xbfe5)
core   0: 0x8000a282 (0x00006f17) auipc   t5, 0x6
core   0: 3 0x8000a282 (0x00006f17) x30 0x80010282
core   0: 0x8000a286 (0xd63f2f23) sw      gp, -642(t5)
core   0: 3 0x8000a286 (0xd63f2f23) mem 0x80010000 0x00000001
core   0: 0x8000a28a (0x0000bfe5) c.j     pc - 8
core   0: 3 0x8000a28a (0xbfe5)
core   0: 0x8000a282 (0x00006f17) auipc   t5, 0x6
core   0: 3 0x8000a282 (0x00006f17) x30 0x80010282
core   0: 0x8000a286 (0xd63f2f23) sw      gp, -642(t5)
core   0: 3 0x8000a286 (0xd63f2f23) mem 0x80010000 0x00000001
core   0: 0x8000a28a (0x0000bfe5) c.j     pc - 8
core   0: 3 0x8000a28a (0xbfe5)
core   0: 0x8000a282 (0x00006f17) auipc   t5, 0x6
core   0: 3 0x8000a282 (0x00006f17) x30 0x80010282
core   0: 0x8000a286 (0xd63f2f23) sw      gp, -642(t5)
core   0: 3 0x8000a286 (0xd63f2f23) mem 0x80010000 0x00000001
core   0: 0x8000a28a (0x0000bfe5) c.j     pc - 8
core   0: 3 0x8000a28a (0xbfe5)
core   0: 0x8000a282 (0x00006f17) auipc   t5, 0x6
core   0: 3 0x8000a282 (0x00006f17) x30 0x80010282
core   0: 0x8000a286 (0xd63f2f23) sw      gp, -642(t5)
core   0: 3 0x8000a286 (0xd63f2f23) mem 0x80010000 0x00000001
core   0: 0x8000a28a (0x0000bfe5) c.j     pc - 8
core   0: 3 0x8000a28a (0xbfe5)
core   0: 0x8000a282 (0x00006f17) auipc   t5, 0x6
core   0: 3 0x8000a282 (0x00006f17) x30 0x80010282
core   0: 0x8000a286 (0xd63f2f23) sw      gp, -642(t5)
core   0: 3 0x8000a286 (0xd63f2f23) mem 0x80010000 0x00000001
core   0: 0x8000a28a (0x0000bfe5) c.j     pc - 8
core   0: 3 0x8000a28a (0xbfe5)
core   0: 0x8000a282 (0x00006f17) auipc   t5, 0x6
core   0: 3 0x8000a282 (0x00006f17) x30 0x80010282
core   0: 0x8000a286 (0xd63f2f23) sw      gp, -642(t5)
core   0: 3 0x8000a286 (0xd63f2f23) mem 0x80010000 0x00000001
core   0: 0x8000a28a (0x0000bfe5) c.j     pc - 8
core   0: 3 0x8000a28a (0xbfe5)
core   0: 0x8000a282 (0x00006f17) auipc   t5, 0x6
core   0: 3 0x8000a282 (0x00006f17) x30 0x80010282
core   0: 0x8000a286 (0xd63f2f23) sw      gp, -642(t5)
core   0: 3 0x8000a286 (0xd63f2f23) mem 0x80010000 0x00000001
core   0: 0x8000a28a (0x0000bfe5) c.j     pc - 8
core   0: 3 0x8000a28a (0xbfe5)
core   0: 0x8000a282 (0x00006f17) auipc   t5, 0x6
core   0: 3 0x8000a282 (0x00006f17) x30 0x80010282
core   0: 0x8000a286 (0xd63f2f23) sw      gp, -642(t5)
core   0: 3 0x8000a286 (0xd63f2f23) mem 0x80010000 0x00000001
core   0: 0x8000a28a (0x0000bfe5) c.j     pc - 8
core   0: 3 0x8000a28a (0xbfe5)
core   0: 0x8000a282 (0x00006f17) auipc   t5, 0x6
core   0: 3 0x8000a282 (0x00006f17) x30 0x80010282
core   0: 0x8000a286 (0xd63f2f23) sw      gp, -642(t5)
core   0: 3 0x8000a286 (0xd63f2f23) mem 0x80010000 0x00000001
core   0: 0x8000a28a (0x0000bfe5) c.j     pc - 8
core   0: 3 0x8000a28a (0xbfe5)
core   0: 0x8000a282 (0x00006f17) auipc   t5, 0x6
core   0: 3 0x8000a282 (0x00006f17) x30 0x80010282
core   0: 0x8000a286 (0xd63f2f23) sw      gp, -642(t5)
core   0: 3 0x8000a286 (0xd63f2f23) mem 0x80010000 0x00000001
core   0: 0x8000a28a (0x0000bfe5) c.j     pc - 8
core   0: 3 0x8000a28a (0xbfe5)
core   0: 0x8000a282 (0x00006f17) auipc   t5, 0x6
core   0: 3 0x8000a282 (0x00006f17) x30 0x80010282
core   0: 0x8000a286 (0xd63f2f23) sw      gp, -642(t5)
core   0: 3 0x8000a286 (0xd63f2f23) mem 0x80010000 0x00000001
core   0: 0x8000a28a (0x0000bfe5) c.j     pc - 8
core   0: 3 0x8000a28a (0xbfe5)
core   0: 0x8000a282 (0x00006f17) auipc   t5, 0x6
core   0: 3 0x8000a282 (0x00006f17) x30 0x80010282
core   0: 0x8000a286 (0xd63f2f23) sw      gp, -642(t5)
core   0: 3 0x8000a286 (0xd63f2f23) mem 0x80010000 0x00000001
core   0: 0x8000a28a (0x0000bfe5) c.j     pc - 8
core   0: 3 0x8000a28a (0xbfe5)
core   0: 0x8000a282 (0x00006f17) auipc   t5, 0x6
core   0: 3 0x8000a282 (0x00006f17) x30 0x80010282
core   0: 0x8000a286 (0xd63f2f23) sw      gp, -642(t5)
core   0: 3 0x8000a286 (0xd63f2f23) mem 0x80010000 0x00000001
core   0: 0x8000a28a (0x0000bfe5) c.j     pc - 8
core   0: 3 0x8000a28a (0xbfe5)
core   0: 0x8000a282 (0x00006f17) auipc   t5, 0x6
core   0: 3 0x8000a282 (0x00006f17) x30 0x80010282
core   0: 0x8000a286 (0xd63f2f23) sw      gp, -642(t5)
core   0: 3 0x8000a286 (0xd63f2f23) mem 0x80010000 0x00000001
core   0: 0x8000a28a (0x0000bfe5) c.j     pc - 8
core   0: 3 0x8000a28a (0xbfe5)
core   0: 0x8000a282 (0x00006f17) auipc   t5, 0x6
core   0: 3 0x8000a282 (0x00006f17) x30 0x80010282
core   0: 0x8000a286 (0xd63f2f23) sw      gp, -642(t5)
core   0: 3 0x8000a286 (0xd63f2f23) mem 0x80010000 0x00000001
core   0: 0x8000a28a (0x0000bfe5) c.j     pc - 8
core   0: 3 0x8000a28a (0xbfe5)
core   0: 0x8000a282 (0x00006f17) auipc   t5, 0x6
core   0: 3 0x8000a282 (0x00006f17) x30 0x80010282
core   0: 0x8000a286 (0xd63f2f23) sw      gp, -642(t5)
core   0: 3 0x8000a286 (0xd63f2f23) mem 0x80010000 0x00000001
core   0: 0x8000a28a (0x0000bfe5) c.j     pc - 8
core   0: 3 0x8000a28a (0xbfe5)
core   0: 0x8000a282 (0x00006f17) auipc   t5, 0x6
core   0: 3 0x8000a282 (0x00006f17) x30 0x80010282
core   0: 0x8000a286 (0xd63f2f23) sw      gp, -642(t5)
core   0: 3 0x8000a286 (0xd63f2f23) mem 0x80010000 0x00000001
core   0: 0x8000a28a (0x0000bfe5) c.j     pc - 8
core   0: 3 0x8000a28a (0xbfe5)
core   0: 0x8000a282 (0x00006f17) auipc   t5, 0x6
core   0: 3 0x8000a282 (0x00006f17) x30 0x80010282
core   0: 0x8000a286 (0xd63f2f23) sw      gp, -642(t5)
core   0: 3 0x8000a286 (0xd63f2f23) mem 0x80010000 0x00000001
core   0: 0x8000a28a (0x0000bfe5) c.j     pc - 8
core   0: 3 0x8000a28a (0xbfe5)
core   0: 0x8000a282 (0x00006f17) auipc   t5, 0x6
core   0: 3 0x8000a282 (0x00006f17) x30 0x80010282
core   0: 0x8000a286 (0xd63f2f23) sw      gp, -642(t5)
core   0: 3 0x8000a286 (0xd63f2f23) mem 0x80010000 0x00000001
core   0: 0x8000a28a (0x0000bfe5) c.j     pc - 8
core   0: 3 0x8000a28a (0xbfe5)
core   0: 0x8000a282 (0x00006f17) auipc   t5, 0x6
core   0: 3 0x8000a282 (0x00006f17) x30 0x80010282
core   0: 0x8000a286 (0xd63f2f23) sw      gp, -642(t5)
core   0: 3 0x8000a286 (0xd63f2f23) mem 0x80010000 0x00000001
core   0: 0x8000a28a (0x0000bfe5) c.j     pc - 8
core   0: 3 0x8000a28a (0xbfe5)
core   0: 0x8000a282 (0x00006f17) auipc   t5, 0x6
core   0: 3 0x8000a282 (0x00006f17) x30 0x80010282
core   0: 0x8000a286 (0xd63f2f23) sw      gp, -642(t5)
core   0: 3 0x8000a286 (0xd63f2f23) mem 0x80010000 0x00000001
core   0: 0x8000a28a (0x0000bfe5) c.j     pc - 8
core   0: 3 0x8000a28a (0xbfe5)
core   0: 0x8000a282 (0x00006f17) auipc   t5, 0x6
core   0: 3 0x8000a282 (0x00006f17) x30 0x80010282
core   0: 0x8000a286 (0xd63f2f23) sw      gp, -642(t5)
core   0: 3 0x8000a286 (0xd63f2f23) mem 0x80010000 0x00000001
core   0: 0x8000a28a (0x0000bfe5) c.j     pc - 8
core   0: 3 0x8000a28a (0xbfe5)
core   0: 0x8000a282 (0x00006f17) auipc   t5, 0x6
core   0: 3 0x8000a282 (0x00006f17) x30 0x80010282
core   0: 0x8000a286 (0xd63f2f23) sw      gp, -642(t5)
core   0: 3 0x8000a286 (0xd63f2f23) mem 0x80010000 0x00000001
core   0: 0x8000a28a (0x0000bfe5) c.j     pc - 8
core   0: 3 0x8000a28a (0xbfe5)
core   0: 0x8000a282 (0x00006f17) auipc   t5, 0x6
core   0: 3 0x8000a282 (0x00006f17) x30 0x80010282
core   0: 0x8000a286 (0xd63f2f23) sw      gp, -642(t5)
core   0: 3 0x8000a286 (0xd63f2f23) mem 0x80010000 0x00000001
core   0: 0x8000a28a (0x0000bfe5) c.j     pc - 8
core   0: 3 0x8000a28a (0xbfe5)
core   0: 0x8000a282 (0x00006f17) auipc   t5, 0x6
core   0: 3 0x8000a282 (0x00006f17) x30 0x80010282
core   0: 0x8000a286 (0xd63f2f23) sw      gp, -642(t5)
core   0: 3 0x8000a286 (0xd63f2f23) mem 0x80010000 0x00000001
core   0: 0x8000a28a (0x0000bfe5) c.j     pc - 8
core   0: 3 0x8000a28a (0xbfe5)
core   0: 0x8000a282 (0x00006f17) auipc   t5, 0x6
core   0: 3 0x8000a282 (0x00006f17) x30 0x80010282
core   0: 0x8000a286 (0xd63f2f23) sw      gp, -642(t5)
core   0: 3 0x8000a286 (0xd63f2f23) mem 0x80010000 0x00000001
core   0: 0x8000a28a (0x0000bfe5) c.j     pc - 8
core   0: 3 0x8000a28a (0xbfe5)
core   0: 0x8000a282 (0x00006f17) auipc   t5, 0x6
core   0: 3 0x8000a282 (0x00006f17) x30 0x80010282
core   0: 0x8000a286 (0xd63f2f23) sw      gp, -642(t5)
core   0: 3 0x8000a286 (0xd63f2f23) mem 0x80010000 0x00000001
core   0: 0x8000a28a (0x0000bfe5) c.j     pc - 8
core   0: 3 0x8000a28a (0xbfe5)
core   0: 0x8000a282 (0x00006f17) auipc   t5, 0x6
core   0: 3 0x8000a282 (0x00006f17) x30 0x80010282
core   0: 0x8000a286 (0xd63f2f23) sw      gp, -642(t5)
core   0: 3 0x8000a286 (0xd63f2f23) mem 0x80010000 0x00000001
core   0: 0x8000a28a (0x0000bfe5) c.j     pc - 8
core   0: 3 0x8000a28a (0xbfe5)
core   0: 0x8000a282 (0x00006f17) auipc   t5, 0x6
core   0: 3 0x8000a282 (0x00006f17) x30 0x80010282
core   0: 0x8000a286 (0xd63f2f23) sw      gp, -642(t5)
core   0: 3 0x8000a286 (0xd63f2f23) mem 0x80010000 0x00000001
core   0: 0x8000a28a (0x0000bfe5) c.j     pc - 8
core   0: 3 0x8000a28a (0xbfe5)
core   0: 0x8000a282 (0x00006f17) auipc   t5, 0x6
core   0: 3 0x8000a282 (0x00006f17) x30 0x80010282
core   0: 0x8000a286 (0xd63f2f23) sw      gp, -642(t5)
core   0: 3 0x8000a286 (0xd63f2f23) mem 0x80010000 0x00000001
core   0: 0x8000a28a (0x0000bfe5) c.j     pc - 8
core   0: 3 0x8000a28a (0xbfe5)
core   0: 0x8000a282 (0x00006f17) auipc   t5, 0x6
core   0: 3 0x8000a282 (0x00006f17) x30 0x80010282
core   0: 0x8000a286 (0xd63f2f23) sw      gp, -642(t5)
core   0: 3 0x8000a286 (0xd63f2f23) mem 0x80010000 0x00000001
core   0: 0x8000a28a (0x0000bfe5) c.j     pc - 8
core   0: 3 0x8000a28a (0xbfe5)
core   0: 0x8000a282 (0x00006f17) auipc   t5, 0x6
core   0: 3 0x8000a282 (0x00006f17) x30 0x80010282
core   0: 0x8000a286 (0xd63f2f23) sw      gp, -642(t5)
core   0: 3 0x8000a286 (0xd63f2f23) mem 0x80010000 0x00000001
core   0: 0x8000a28a (0x0000bfe5) c.j     pc - 8
core   0: 3 0x8000a28a (0xbfe5)
core   0: 0x8000a282 (0x00006f17) auipc   t5, 0x6
core   0: 3 0x8000a282 (0x00006f17) x30 0x80010282
core   0: 0x8000a286 (0xd63f2f23) sw      gp, -642(t5)
core   0: 3 0x8000a286 (0xd63f2f23) mem 0x80010000 0x00000001
core   0: 0x8000a28a (0x0000bfe5) c.j     pc - 8
core   0: 3 0x8000a28a (0xbfe5)
core   0: 0x8000a282 (0x00006f17) auipc   t5, 0x6
core   0: 3 0x8000a282 (0x00006f17) x30 0x80010282
core   0: 0x8000a286 (0xd63f2f23) sw      gp, -642(t5)
core   0: 3 0x8000a286 (0xd63f2f23) mem 0x80010000 0x00000001
core   0: 0x8000a28a (0x0000bfe5) c.j     pc - 8
core   0: 3 0x8000a28a (0xbfe5)
core   0: 0x8000a282 (0x00006f17) auipc   t5, 0x6
core   0: 3 0x8000a282 (0x00006f17) x30 0x80010282
core   0: 0x8000a286 (0xd63f2f23) sw      gp, -642(t5)
core   0: 3 0x8000a286 (0xd63f2f23) mem 0x80010000 0x00000001
core   0: 0x8000a28a (0x0000bfe5) c.j     pc - 8
core   0: 3 0x8000a28a (0xbfe5)
core   0: 0x8000a282 (0x00006f17) auipc   t5, 0x6
core   0: 3 0x8000a282 (0x00006f17) x30 0x80010282
core   0: 0x8000a286 (0xd63f2f23) sw      gp, -642(t5)
core   0: 3 0x8000a286 (0xd63f2f23) mem 0x80010000 0x00000001
core   0: 0x8000a28a (0x0000bfe5) c.j     pc - 8
core   0: 3 0x8000a28a (0xbfe5)
core   0: 0x8000a282 (0x00006f17) auipc   t5, 0x6
core   0: 3 0x8000a282 (0x00006f17) x30 0x80010282
core   0: 0x8000a286 (0xd63f2f23) sw      gp, -642(t5)
core   0: 3 0x8000a286 (0xd63f2f23) mem 0x80010000 0x00000001
core   0: 0x8000a28a (0x0000bfe5) c.j     pc - 8
core   0: 3 0x8000a28a (0xbfe5)
core   0: 0x8000a282 (0x00006f17) auipc   t5, 0x6
core   0: 3 0x8000a282 (0x00006f17) x30 0x80010282
core   0: 0x8000a286 (0xd63f2f23) sw      gp, -642(t5)
core   0: 3 0x8000a286 (0xd63f2f23) mem 0x80010000 0x00000001
core   0: 0x8000a28a (0x0000bfe5) c.j     pc - 8
core   0: 3 0x8000a28a (0xbfe5)
core   0: 0x8000a282 (0x00006f17) auipc   t5, 0x6
core   0: 3 0x8000a282 (0x00006f17) x30 0x80010282
core   0: 0x8000a286 (0xd63f2f23) sw      gp, -642(t5)
core   0: 3 0x8000a286 (0xd63f2f23) mem 0x80010000 0x00000001
core   0: 0x8000a28a (0x0000bfe5) c.j     pc - 8
core   0: 3 0x8000a28a (0xbfe5)
core   0: 0x8000a282 (0x00006f17) auipc   t5, 0x6
core   0: 3 0x8000a282 (0x00006f17) x30 0x80010282
core   0: 0x8000a286 (0xd63f2f23) sw      gp, -642(t5)
core   0: 3 0x8000a286 (0xd63f2f23) mem 0x80010000 0x00000001
core   0: 0x8000a28a (0x0000bfe5) c.j     pc - 8
core   0: 3 0x8000a28a (0xbfe5)
core   0: 0x8000a282 (0x00006f17) auipc   t5, 0x6
core   0: 3 0x8000a282 (0x00006f17) x30 0x80010282
core   0: 0x8000a286 (0xd63f2f23) sw      gp, -642(t5)
core   0: 3 0x8000a286 (0xd63f2f23) mem 0x80010000 0x00000001
core   0: 0x8000a28a (0x0000bfe5) c.j     pc - 8
core   0: 3 0x8000a28a (0xbfe5)
core   0: 0x8000a282 (0x00006f17) auipc   t5, 0x6
core   0: 3 0x8000a282 (0x00006f17) x30 0x80010282
core   0: 0x8000a286 (0xd63f2f23) sw      gp, -642(t5)
core   0: 3 0x8000a286 (0xd63f2f23) mem 0x80010000 0x00000001
core   0: 0x8000a28a (0x0000bfe5) c.j     pc - 8
core   0: 3 0x8000a28a (0xbfe5)
core   0: 0x8000a282 (0x00006f17) auipc   t5, 0x6
core   0: 3 0x8000a282 (0x00006f17) x30 0x80010282
core   0: 0x8000a286 (0xd63f2f23) sw      gp, -642(t5)
core   0: 3 0x8000a286 (0xd63f2f23) mem 0x80010000 0x00000001
core   0: 0x8000a28a (0x0000bfe5) c.j     pc - 8
core   0: 3 0x8000a28a (0xbfe5)
core   0: 0x8000a282 (0x00006f17) auipc   t5, 0x6
core   0: 3 0x8000a282 (0x00006f17) x30 0x80010282
core   0: 0x8000a286 (0xd63f2f23) sw      gp, -642(t5)
core   0: 3 0x8000a286 (0xd63f2f23) mem 0x80010000 0x00000001
core   0: 0x8000a28a (0x0000bfe5) c.j     pc - 8
core   0: 3 0x8000a28a (0xbfe5)
core   0: 0x8000a282 (0x00006f17) auipc   t5, 0x6
core   0: 3 0x8000a282 (0x00006f17) x30 0x80010282
core   0: 0x8000a286 (0xd63f2f23) sw      gp, -642(t5)
core   0: 3 0x8000a286 (0xd63f2f23) mem 0x80010000 0x00000001
core   0: 0x8000a28a (0x0000bfe5) c.j     pc - 8
core   0: 3 0x8000a28a (0xbfe5)
core   0: 0x8000a282 (0x00006f17) auipc   t5, 0x6
core   0: 3 0x8000a282 (0x00006f17) x30 0x80010282
core   0: 0x8000a286 (0xd63f2f23) sw      gp, -642(t5)
core   0: 3 0x8000a286 (0xd63f2f23) mem 0x80010000 0x00000001
core   0: 0x8000a28a (0x0000bfe5) c.j     pc - 8
core   0: 3 0x8000a28a (0xbfe5)
core   0: 0x8000a282 (0x00006f17) auipc   t5, 0x6
core   0: 3 0x8000a282 (0x00006f17) x30 0x80010282
core   0: 0x8000a286 (0xd63f2f23) sw      gp, -642(t5)
core   0: 3 0x8000a286 (0xd63f2f23) mem 0x80010000 0x00000001
core   0: 0x8000a28a (0x0000bfe5) c.j     pc - 8
core   0: 3 0x8000a28a (0xbfe5)
core   0: 0x8000a282 (0x00006f17) auipc   t5, 0x6
core   0: 3 0x8000a282 (0x00006f17) x30 0x80010282
core   0: 0x8000a286 (0xd63f2f23) sw      gp, -642(t5)
core   0: 3 0x8000a286 (0xd63f2f23) mem 0x80010000 0x00000001
core   0: 0x8000a28a (0x0000bfe5) c.j     pc - 8
core   0: 3 0x8000a28a (0xbfe5)
core   0: 0x8000a282 (0x00006f17) auipc   t5, 0x6
core   0: 3 0x8000a282 (0x00006f17) x30 0x80010282
core   0: 0x8000a286 (0xd63f2f23) sw      gp, -642(t5)
core   0: 3 0x8000a286 (0xd63f2f23) mem 0x80010000 0x00000001
core   0: 0x8000a28a (0x0000bfe5) c.j     pc - 8
core   0: 3 0x8000a28a (0xbfe5)
core   0: 0x8000a282 (0x00006f17) auipc   t5, 0x6
core   0: 3 0x8000a282 (0x00006f17) x30 0x80010282
core   0: 0x8000a286 (0xd63f2f23) sw      gp, -642(t5)
core   0: 3 0x8000a286 (0xd63f2f23) mem 0x80010000 0x00000001
core   0: 0x8000a28a (0x0000bfe5) c.j     pc - 8
core   0: 3 0x8000a28a (0xbfe5)
core   0: 0x8000a282 (0x00006f17) auipc   t5, 0x6
core   0: 3 0x8000a282 (0x00006f17) x30 0x80010282
core   0: 0x8000a286 (0xd63f2f23) sw      gp, -642(t5)
core   0: 3 0x8000a286 (0xd63f2f23) mem 0x80010000 0x00000001
core   0: 0x8000a28a (0x0000bfe5) c.j     pc - 8
core   0: 3 0x8000a28a (0xbfe5)
core   0: 0x8000a282 (0x00006f17) auipc   t5, 0x6
core   0: 3 0x8000a282 (0x00006f17) x30 0x80010282
core   0: 0x8000a286 (0xd63f2f23) sw      gp, -642(t5)
core   0: 3 0x8000a286 (0xd63f2f23) mem 0x80010000 0x00000001
core   0: 0x8000a28a (0x0000bfe5) c.j     pc - 8
core   0: 3 0x8000a28a (0xbfe5)
core   0: 0x8000a282 (0x00006f17) auipc   t5, 0x6
core   0: 3 0x8000a282 (0x00006f17) x30 0x80010282
core   0: 0x8000a286 (0xd63f2f23) sw      gp, -642(t5)
core   0: 3 0x8000a286 (0xd63f2f23) mem 0x80010000 0x00000001
core   0: 0x8000a28a (0x0000bfe5) c.j     pc - 8
core   0: 3 0x8000a28a (0xbfe5)
core   0: 0x8000a282 (0x00006f17) auipc   t5, 0x6
core   0: 3 0x8000a282 (0x00006f17) x30 0x80010282
core   0: 0x8000a286 (0xd63f2f23) sw      gp, -642(t5)
core   0: 3 0x8000a286 (0xd63f2f23) mem 0x80010000 0x00000001
core   0: 0x8000a28a (0x0000bfe5) c.j     pc - 8
core   0: 3 0x8000a28a (0xbfe5)
core   0: 0x8000a282 (0x00006f17) auipc   t5, 0x6
core   0: 3 0x8000a282 (0x00006f17) x30 0x80010282
core   0: 0x8000a286 (0xd63f2f23) sw      gp, -642(t5)
core   0: 3 0x8000a286 (0xd63f2f23) mem 0x80010000 0x00000001
core   0: 0x8000a28a (0x0000bfe5) c.j     pc - 8
core   0: 3 0x8000a28a (0xbfe5)
core   0: 0x8000a282 (0x00006f17) auipc   t5, 0x6
core   0: 3 0x8000a282 (0x00006f17) x30 0x80010282
core   0: 0x8000a286 (0xd63f2f23) sw      gp, -642(t5)
core   0: 3 0x8000a286 (0xd63f2f23) mem 0x80010000 0x00000001
core   0: 0x8000a28a (0x0000bfe5) c.j     pc - 8
core   0: 3 0x8000a28a (0xbfe5)
core   0: 0x8000a282 (0x00006f17) auipc   t5, 0x6
core   0: 3 0x8000a282 (0x00006f17) x30 0x80010282
core   0: 0x8000a286 (0xd63f2f23) sw      gp, -642(t5)
core   0: 3 0x8000a286 (0xd63f2f23) mem 0x80010000 0x00000001
core   0: 0x8000a28a (0x0000bfe5) c.j     pc - 8
core   0: 3 0x8000a28a (0xbfe5)
core   0: 0x8000a282 (0x00006f17) auipc   t5, 0x6
core   0: 3 0x8000a282 (0x00006f17) x30 0x80010282
core   0: 0x8000a286 (0xd63f2f23) sw      gp, -642(t5)
core   0: 3 0x8000a286 (0xd63f2f23) mem 0x80010000 0x00000001
core   0: 0x8000a28a (0x0000bfe5) c.j     pc - 8
core   0: 3 0x8000a28a (0xbfe5)
core   0: 0x8000a282 (0x00006f17) auipc   t5, 0x6
core   0: 3 0x8000a282 (0x00006f17) x30 0x80010282
core   0: 0x8000a286 (0xd63f2f23) sw      gp, -642(t5)
core   0: 3 0x8000a286 (0xd63f2f23) mem 0x80010000 0x00000001
core   0: 0x8000a28a (0x0000bfe5) c.j     pc - 8
core   0: 3 0x8000a28a (0xbfe5)
core   0: 0x8000a282 (0x00006f17) auipc   t5, 0x6
core   0: 3 0x8000a282 (0x00006f17) x30 0x80010282
core   0: 0x8000a286 (0xd63f2f23) sw      gp, -642(t5)
core   0: 3 0x8000a286 (0xd63f2f23) mem 0x80010000 0x00000001
core   0: 0x8000a28a (0x0000bfe5) c.j     pc - 8
core   0: 3 0x8000a28a (0xbfe5)
core   0: 0x8000a282 (0x00006f17) auipc   t5, 0x6
core   0: 3 0x8000a282 (0x00006f17) x30 0x80010282
core   0: 0x8000a286 (0xd63f2f23) sw      gp, -642(t5)
core   0: 3 0x8000a286 (0xd63f2f23) mem 0x80010000 0x00000001
core   0: 0x8000a28a (0x0000bfe5) c.j     pc - 8
core   0: 3 0x8000a28a (0xbfe5)
core   0: 0x8000a282 (0x00006f17) auipc   t5, 0x6
core   0: 3 0x8000a282 (0x00006f17) x30 0x80010282
core   0: 0x8000a286 (0xd63f2f23) sw      gp, -642(t5)
core   0: 3 0x8000a286 (0xd63f2f23) mem 0x80010000 0x00000001
core   0: 0x8000a28a (0x0000bfe5) c.j     pc - 8
core   0: 3 0x8000a28a (0xbfe5)
core   0: 0x8000a282 (0x00006f17) auipc   t5, 0x6
core   0: 3 0x8000a282 (0x00006f17) x30 0x80010282
core   0: 0x8000a286 (0xd63f2f23) sw      gp, -642(t5)
core   0: 3 0x8000a286 (0xd63f2f23) mem 0x80010000 0x00000001
core   0: 0x8000a28a (0x0000bfe5) c.j     pc - 8
core   0: 3 0x8000a28a (0xbfe5)
core   0: 0x8000a282 (0x00006f17) auipc   t5, 0x6
core   0: 3 0x8000a282 (0x00006f17) x30 0x80010282
core   0: 0x8000a286 (0xd63f2f23) sw      gp, -642(t5)
core   0: 3 0x8000a286 (0xd63f2f23) mem 0x80010000 0x00000001
core   0: 0x8000a28a (0x0000bfe5) c.j     pc - 8
core   0: 3 0x8000a28a (0xbfe5)
core   0: 0x8000a282 (0x00006f17) auipc   t5, 0x6
core   0: 3 0x8000a282 (0x00006f17) x30 0x80010282
core   0: 0x8000a286 (0xd63f2f23) sw      gp, -642(t5)
core   0: 3 0x8000a286 (0xd63f2f23) mem 0x80010000 0x00000001
core   0: 0x8000a28a (0x0000bfe5) c.j     pc - 8
core   0: 3 0x8000a28a (0xbfe5)
core   0: 0x8000a282 (0x00006f17) auipc   t5, 0x6
core   0: 3 0x8000a282 (0x00006f17) x30 0x80010282
core   0: 0x8000a286 (0xd63f2f23) sw      gp, -642(t5)
core   0: 3 0x8000a286 (0xd63f2f23) mem 0x80010000 0x00000001
core   0: 0x8000a28a (0x0000bfe5) c.j     pc - 8
core   0: 3 0x8000a28a (0xbfe5)
core   0: 0x8000a282 (0x00006f17) auipc   t5, 0x6
core   0: 3 0x8000a282 (0x00006f17) x30 0x80010282
core   0: 0x8000a286 (0xd63f2f23) sw      gp, -642(t5)
core   0: 3 0x8000a286 (0xd63f2f23) mem 0x80010000 0x00000001
core   0: 0x8000a28a (0x0000bfe5) c.j     pc - 8
core   0: 3 0x8000a28a (0xbfe5)
core   0: 0x8000a282 (0x00006f17) auipc   t5, 0x6
core   0: 3 0x8000a282 (0x00006f17) x30 0x80010282
core   0: 0x8000a286 (0xd63f2f23) sw      gp, -642(t5)
core   0: 3 0x8000a286 (0xd63f2f23) mem 0x80010000 0x00000001
core   0: 0x8000a28a (0x0000bfe5) c.j     pc - 8
core   0: 3 0x8000a28a (0xbfe5)
core   0: 0x8000a282 (0x00006f17) auipc   t5, 0x6
core   0: 3 0x8000a282 (0x00006f17) x30 0x80010282
core   0: 0x8000a286 (0xd63f2f23) sw      gp, -642(t5)
core   0: 3 0x8000a286 (0xd63f2f23) mem 0x80010000 0x00000001
core   0: 0x8000a28a (0x0000bfe5) c.j     pc - 8
core   0: 3 0x8000a28a (0xbfe5)
core   0: 0x8000a282 (0x00006f17) auipc   t5, 0x6
core   0: 3 0x8000a282 (0x00006f17) x30 0x80010282
core   0: 0x8000a286 (0xd63f2f23) sw      gp, -642(t5)
core   0: 3 0x8000a286 (0xd63f2f23) mem 0x80010000 0x00000001
core   0: 0x8000a28a (0x0000bfe5) c.j     pc - 8
core   0: 3 0x8000a28a (0xbfe5)
core   0: 0x8000a282 (0x00006f17) auipc   t5, 0x6
core   0: 3 0x8000a282 (0x00006f17) x30 0x80010282
core   0: 0x8000a286 (0xd63f2f23) sw      gp, -642(t5)
core   0: 3 0x8000a286 (0xd63f2f23) mem 0x80010000 0x00000001
core   0: 0x8000a28a (0x0000bfe5) c.j     pc - 8
core   0: 3 0x8000a28a (0xbfe5)
core   0: 0x8000a282 (0x00006f17) auipc   t5, 0x6
core   0: 3 0x8000a282 (0x00006f17) x30 0x80010282
core   0: 0x8000a286 (0xd63f2f23) sw      gp, -642(t5)
core   0: 3 0x8000a286 (0xd63f2f23) mem 0x80010000 0x00000001
core   0: 0x8000a28a (0x0000bfe5) c.j     pc - 8
core   0: 3 0x8000a28a (0xbfe5)
core   0: 0x8000a282 (0x00006f17) auipc   t5, 0x6
core   0: 3 0x8000a282 (0x00006f17) x30 0x80010282
core   0: 0x8000a286 (0xd63f2f23) sw      gp, -642(t5)
core   0: 3 0x8000a286 (0xd63f2f23) mem 0x80010000 0x00000001
core   0: 0x8000a28a (0x0000bfe5) c.j     pc - 8
core   0: 3 0x8000a28a (0xbfe5)
core   0: 0x8000a282 (0x00006f17) auipc   t5, 0x6
core   0: 3 0x8000a282 (0x00006f17) x30 0x80010282
core   0: 0x8000a286 (0xd63f2f23) sw      gp, -642(t5)
core   0: 3 0x8000a286 (0xd63f2f23) mem 0x80010000 0x00000001
core   0: 0x8000a28a (0x0000bfe5) c.j     pc - 8
core   0: 3 0x8000a28a (0xbfe5)
core   0: 0x8000a282 (0x00006f17) auipc   t5, 0x6
core   0: 3 0x8000a282 (0x00006f17) x30 0x80010282
core   0: 0x8000a286 (0xd63f2f23) sw      gp, -642(t5)
core   0: 3 0x8000a286 (0xd63f2f23) mem 0x80010000 0x00000001
core   0: 0x8000a28a (0x0000bfe5) c.j     pc - 8
core   0: 3 0x8000a28a (0xbfe5)
core   0: 0x8000a282 (0x00006f17) auipc   t5, 0x6
core   0: 3 0x8000a282 (0x00006f17) x30 0x80010282
core   0: 0x8000a286 (0xd63f2f23) sw      gp, -642(t5)
core   0: 3 0x8000a286 (0xd63f2f23) mem 0x80010000 0x00000001
core   0: 0x8000a28a (0x0000bfe5) c.j     pc - 8
core   0: 3 0x8000a28a (0xbfe5)
core   0: 0x8000a282 (0x00006f17) auipc   t5, 0x6
core   0: 3 0x8000a282 (0x00006f17) x30 0x80010282
core   0: 0x8000a286 (0xd63f2f23) sw      gp, -642(t5)
core   0: 3 0x8000a286 (0xd63f2f23) mem 0x80010000 0x00000001
core   0: 0x8000a28a (0x0000bfe5) c.j     pc - 8
core   0: 3 0x8000a28a (0xbfe5)
core   0: 0x8000a282 (0x00006f17) auipc   t5, 0x6
core   0: 3 0x8000a282 (0x00006f17) x30 0x80010282
core   0: 0x8000a286 (0xd63f2f23) sw      gp, -642(t5)
core   0: 3 0x8000a286 (0xd63f2f23) mem 0x80010000 0x00000001
core   0: 0x8000a28a (0x0000bfe5) c.j     pc - 8
core   0: 3 0x8000a28a (0xbfe5)
core   0: 0x8000a282 (0x00006f17) auipc   t5, 0x6
core   0: 3 0x8000a282 (0x00006f17) x30 0x80010282
core   0: 0x8000a286 (0xd63f2f23) sw      gp, -642(t5)
core   0: 3 0x8000a286 (0xd63f2f23) mem 0x80010000 0x00000001
core   0: 0x8000a28a (0x0000bfe5) c.j     pc - 8
core   0: 3 0x8000a28a (0xbfe5)
core   0: 0x8000a282 (0x00006f17) auipc   t5, 0x6
core   0: 3 0x8000a282 (0x00006f17) x30 0x80010282
core   0: 0x8000a286 (0xd63f2f23) sw      gp, -642(t5)
core   0: 3 0x8000a286 (0xd63f2f23) mem 0x80010000 0x00000001
core   0: 0x8000a28a (0x0000bfe5) c.j     pc - 8
core   0: 3 0x8000a28a (0xbfe5)
core   0: 0x8000a282 (0x00006f17) auipc   t5, 0x6
core   0: 3 0x8000a282 (0x00006f17) x30 0x80010282
core   0: 0x8000a286 (0xd63f2f23) sw      gp, -642(t5)
core   0: 3 0x8000a286 (0xd63f2f23) mem 0x80010000 0x00000001
core   0: 0x8000a28a (0x0000bfe5) c.j     pc - 8
core   0: 3 0x8000a28a (0xbfe5)
core   0: 0x8000a282 (0x00006f17) auipc   t5, 0x6
core   0: 3 0x8000a282 (0x00006f17) x30 0x80010282
core   0: 0x8000a286 (0xd63f2f23) sw      gp, -642(t5)
core   0: 3 0x8000a286 (0xd63f2f23) mem 0x80010000 0x00000001
core   0: 0x8000a28a (0x0000bfe5) c.j     pc - 8
core   0: 3 0x8000a28a (0xbfe5)
core   0: 0x8000a282 (0x00006f17) auipc   t5, 0x6
core   0: 3 0x8000a282 (0x00006f17) x30 0x80010282
core   0: 0x8000a286 (0xd63f2f23) sw      gp, -642(t5)
core   0: 3 0x8000a286 (0xd63f2f23) mem 0x80010000 0x00000001
core   0: 0x8000a28a (0x0000bfe5) c.j     pc - 8
core   0: 3 0x8000a28a (0xbfe5)
core   0: 0x8000a282 (0x00006f17) auipc   t5, 0x6
core   0: 3 0x8000a282 (0x00006f17) x30 0x80010282
core   0: 0x8000a286 (0xd63f2f23) sw      gp, -642(t5)
core   0: 3 0x8000a286 (0xd63f2f23) mem 0x80010000 0x00000001
core   0: 0x8000a28a (0x0000bfe5) c.j     pc - 8
core   0: 3 0x8000a28a (0xbfe5)
core   0: 0x8000a282 (0x00006f17) auipc   t5, 0x6
core   0: 3 0x8000a282 (0x00006f17) x30 0x80010282
core   0: 0x8000a286 (0xd63f2f23) sw      gp, -642(t5)
core   0: 3 0x8000a286 (0xd63f2f23) mem 0x80010000 0x00000001
core   0: 0x8000a28a (0x0000bfe5) c.j     pc - 8
core   0: 3 0x8000a28a (0xbfe5)
core   0: 0x8000a282 (0x00006f17) auipc   t5, 0x6
core   0: 3 0x8000a282 (0x00006f17) x30 0x80010282
core   0: 0x8000a286 (0xd63f2f23) sw      gp, -642(t5)
core   0: 3 0x8000a286 (0xd63f2f23) mem 0x80010000 0x00000001
core   0: 0x8000a28a (0x0000bfe5) c.j     pc - 8
core   0: 3 0x8000a28a (0xbfe5)
core   0: 0x8000a282 (0x00006f17) auipc   t5, 0x6
core   0: 3 0x8000a282 (0x00006f17) x30 0x80010282
core   0: 0x8000a286 (0xd63f2f23) sw      gp, -642(t5)
core   0: 3 0x8000a286 (0xd63f2f23) mem 0x80010000 0x00000001
core   0: 0x8000a28a (0x0000bfe5) c.j     pc - 8
core   0: 3 0x8000a28a (0xbfe5)
core   0: 0x8000a282 (0x00006f17) auipc   t5, 0x6
core   0: 3 0x8000a282 (0x00006f17) x30 0x80010282
core   0: 0x8000a286 (0xd63f2f23) sw      gp, -642(t5)
core   0: 3 0x8000a286 (0xd63f2f23) mem 0x80010000 0x00000001
core   0: 0x8000a28a (0x0000bfe5) c.j     pc - 8
core   0: 3 0x8000a28a (0xbfe5)
core   0: 0x8000a282 (0x00006f17) auipc   t5, 0x6
core   0: 3 0x8000a282 (0x00006f17) x30 0x80010282
core   0: 0x8000a286 (0xd63f2f23) sw      gp, -642(t5)
core   0: 3 0x8000a286 (0xd63f2f23) mem 0x80010000 0x00000001
core   0: 0x8000a28a (0x0000bfe5) c.j     pc - 8
core   0: 3 0x8000a28a (0xbfe5)
core   0: 0x8000a282 (0x00006f17) auipc   t5, 0x6
core   0: 3 0x8000a282 (0x00006f17) x30 0x80010282
core   0: 0x8000a286 (0xd63f2f23) sw      gp, -642(t5)
core   0: 3 0x8000a286 (0xd63f2f23) mem 0x80010000 0x00000001
core   0: 0x8000a28a (0x0000bfe5) c.j     pc - 8
core   0: 3 0x8000a28a (0xbfe5)
core   0: 0x8000a282 (0x00006f17) auipc   t5, 0x6
core   0: 3 0x8000a282 (0x00006f17) x30 0x80010282
core   0: 0x8000a286 (0xd63f2f23) sw      gp, -642(t5)
core   0: 3 0x8000a286 (0xd63f2f23) mem 0x80010000 0x00000001
core   0: 0x8000a28a (0x0000bfe5) c.j     pc - 8
core   0: 3 0x8000a28a (0xbfe5)
core   0: 0x8000a282 (0x00006f17) auipc   t5, 0x6
core   0: 3 0x8000a282 (0x00006f17) x30 0x80010282
core   0: 0x8000a286 (0xd63f2f23) sw      gp, -642(t5)
core   0: 3 0x8000a286 (0xd63f2f23) mem 0x80010000 0x00000001
core   0: 0x8000a28a (0x0000bfe5) c.j     pc - 8
core   0: 3 0x8000a28a (0xbfe5)
core   0: 0x8000a282 (0x00006f17) auipc   t5, 0x6
core   0: 3 0x8000a282 (0x00006f17) x30 0x80010282
core   0: 0x8000a286 (0xd63f2f23) sw      gp, -642(t5)
core   0: 3 0x8000a286 (0xd63f2f23) mem 0x80010000 0x00000001
core   0: 0x8000a28a (0x0000bfe5) c.j     pc - 8
core   0: 3 0x8000a28a (0xbfe5)
core   0: 0x8000a282 (0x00006f17) auipc   t5, 0x6
core   0: 3 0x8000a282 (0x00006f17) x30 0x80010282
core   0: 0x8000a286 (0xd63f2f23) sw      gp, -642(t5)
core   0: 3 0x8000a286 (0xd63f2f23) mem 0x80010000 0x00000001
core   0: 0x8000a28a (0x0000bfe5) c.j     pc - 8
core   0: 3 0x8000a28a (0xbfe5)
core   0: 0x8000a282 (0x00006f17) auipc   t5, 0x6
core   0: 3 0x8000a282 (0x00006f17) x30 0x80010282
core   0: 0x8000a286 (0xd63f2f23) sw      gp, -642(t5)
core   0: 3 0x8000a286 (0xd63f2f23) mem 0x80010000 0x00000001
core   0: 0x8000a28a (0x0000bfe5) c.j     pc - 8
core   0: 3 0x8000a28a (0xbfe5)
core   0: 0x8000a282 (0x00006f17) auipc   t5, 0x6
core   0: 3 0x8000a282 (0x00006f17) x30 0x80010282
core   0: 0x8000a286 (0xd63f2f23) sw      gp, -642(t5)
core   0: 3 0x8000a286 (0xd63f2f23) mem 0x80010000 0x00000001
core   0: 0x8000a28a (0x0000bfe5) c.j     pc - 8
core   0: 3 0x8000a28a (0xbfe5)
core   0: 0x8000a282 (0x00006f17) auipc   t5, 0x6
core   0: 3 0x8000a282 (0x00006f17) x30 0x80010282
core   0: 0x8000a286 (0xd63f2f23) sw      gp, -642(t5)
core   0: 3 0x8000a286 (0xd63f2f23) mem 0x80010000 0x00000001
core   0: 0x8000a28a (0x0000bfe5) c.j     pc - 8
core   0: 3 0x8000a28a (0xbfe5)
core   0: 0x8000a282 (0x00006f17) auipc   t5, 0x6
core   0: 3 0x8000a282 (0x00006f17) x30 0x80010282
core   0: 0x8000a286 (0xd63f2f23) sw      gp, -642(t5)
core   0: 3 0x8000a286 (0xd63f2f23) mem 0x80010000 0x00000001
core   0: 0x8000a28a (0x0000bfe5) c.j     pc - 8
core   0: 3 0x8000a28a (0xbfe5)
core   0: 0x8000a282 (0x00006f17) auipc   t5, 0x6
core   0: 3 0x8000a282 (0x00006f17) x30 0x80010282
core   0: 0x8000a286 (0xd63f2f23) sw      gp, -642(t5)
core   0: 3 0x8000a286 (0xd63f2f23) mem 0x80010000 0x00000001
core   0: 0x8000a28a (0x0000bfe5) c.j     pc - 8
core   0: 3 0x8000a28a (0xbfe5)
core   0: 0x8000a282 (0x00006f17) auipc   t5, 0x6
core   0: 3 0x8000a282 (0x00006f17) x30 0x80010282
core   0: 0x8000a286 (0xd63f2f23) sw      gp, -642(t5)
core   0: 3 0x8000a286 (0xd63f2f23) mem 0x80010000 0x00000001
core   0: 0x8000a28a (0x0000bfe5) c.j     pc - 8
core   0: 3 0x8000a28a (0xbfe5)
core   0: 0x8000a282 (0x00006f17) auipc   t5, 0x6
core   0: 3 0x8000a282 (0x00006f17) x30 0x80010282
core   0: 0x8000a286 (0xd63f2f23) sw      gp, -642(t5)
core   0: 3 0x8000a286 (0xd63f2f23) mem 0x80010000 0x00000001
core   0: 0x8000a28a (0x0000bfe5) c.j     pc - 8
core   0: 3 0x8000a28a (0xbfe5)
core   0: 0x8000a282 (0x00006f17) auipc   t5, 0x6
core   0: 3 0x8000a282 (0x00006f17) x30 0x80010282
core   0: 0x8000a286 (0xd63f2f23) sw      gp, -642(t5)
core   0: 3 0x8000a286 (0xd63f2f23) mem 0x80010000 0x00000001
core   0: 0x8000a28a (0x0000bfe5) c.j     pc - 8
core   0: 3 0x8000a28a (0xbfe5)
core   0: 0x8000a282 (0x00006f17) auipc   t5, 0x6
core   0: 3 0x8000a282 (0x00006f17) x30 0x80010282
core   0: 0x8000a286 (0xd63f2f23) sw      gp, -642(t5)
core   0: 3 0x8000a286 (0xd63f2f23) mem 0x80010000 0x00000001
core   0: 0x8000a28a (0x0000bfe5) c.j     pc - 8
core   0: 3 0x8000a28a (0xbfe5)
core   0: 0x8000a282 (0x00006f17) auipc   t5, 0x6
core   0: 3 0x8000a282 (0x00006f17) x30 0x80010282
core   0: 0x8000a286 (0xd63f2f23) sw      gp, -642(t5)
core   0: 3 0x8000a286 (0xd63f2f23) mem 0x80010000 0x00000001
core   0: 0x8000a28a (0x0000bfe5) c.j     pc - 8
core   0: 3 0x8000a28a (0xbfe5)
core   0: 0x8000a282 (0x00006f17) auipc   t5, 0x6
core   0: 3 0x8000a282 (0x00006f17) x30 0x80010282
core   0: 0x8000a286 (0xd63f2f23) sw      gp, -642(t5)
core   0: 3 0x8000a286 (0xd63f2f23) mem 0x80010000 0x00000001
core   0: 0x8000a28a (0x0000bfe5) c.j     pc - 8
core   0: 3 0x8000a28a (0xbfe5)
core   0: 0x8000a282 (0x00006f17) auipc   t5, 0x6
core   0: 3 0x8000a282 (0x00006f17) x30 0x80010282
core   0: 0x8000a286 (0xd63f2f23) sw      gp, -642(t5)
core   0: 3 0x8000a286 (0xd63f2f23) mem 0x80010000 0x00000001
core   0: 0x8000a28a (0x0000bfe5) c.j     pc - 8
core   0: 3 0x8000a28a (0xbfe5)
core   0: 0x8000a282 (0x00006f17) auipc   t5, 0x6
core   0: 3 0x8000a282 (0x00006f17) x30 0x80010282
core   0: 0x8000a286 (0xd63f2f23) sw      gp, -642(t5)
core   0: 3 0x8000a286 (0xd63f2f23) mem 0x80010000 0x00000001
core   0: 0x8000a28a (0x0000bfe5) c.j     pc - 8
core   0: 3 0x8000a28a (0xbfe5)
core   0: 0x8000a282 (0x00006f17) auipc   t5, 0x6
core   0: 3 0x8000a282 (0x00006f17) x30 0x80010282
core   0: 0x8000a286 (0xd63f2f23) sw      gp, -642(t5)
core   0: 3 0x8000a286 (0xd63f2f23) mem 0x80010000 0x00000001
core   0: 0x8000a28a (0x0000bfe5) c.j     pc - 8
core   0: 3 0x8000a28a (0xbfe5)
core   0: 0x8000a282 (0x00006f17) auipc   t5, 0x6
core   0: 3 0x8000a282 (0x00006f17) x30 0x80010282
core   0: 0x8000a286 (0xd63f2f23) sw      gp, -642(t5)
core   0: 3 0x8000a286 (0xd63f2f23) mem 0x80010000 0x00000001
core   0: 0x8000a28a (0x0000bfe5) c.j     pc - 8
core   0: 3 0x8000a28a (0xbfe5)
core   0: 0x8000a282 (0x00006f17) auipc   t5, 0x6
core   0: 3 0x8000a282 (0x00006f17) x30 0x80010282
core   0: 0x8000a286 (0xd63f2f23) sw      gp, -642(t5)
core   0: 3 0x8000a286 (0xd63f2f23) mem 0x80010000 0x00000001
core   0: 0x8000a28a (0x0000bfe5) c.j     pc - 8
core   0: 3 0x8000a28a (0xbfe5)
core   0: 0x8000a282 (0x00006f17) auipc   t5, 0x6
core   0: 3 0x8000a282 (0x00006f17) x30 0x80010282
core   0: 0x8000a286 (0xd63f2f23) sw      gp, -642(t5)
core   0: 3 0x8000a286 (0xd63f2f23) mem 0x80010000 0x00000001
core   0: 0x8000a28a (0x0000bfe5) c.j     pc - 8
core   0: 3 0x8000a28a (0xbfe5)
core   0: 0x8000a282 (0x00006f17) auipc   t5, 0x6
core   0: 3 0x8000a282 (0x00006f17) x30 0x80010282
core   0: 0x8000a286 (0xd63f2f23) sw      gp, -642(t5)
core   0: 3 0x8000a286 (0xd63f2f23) mem 0x80010000 0x00000001
core   0: 0x8000a28a (0x0000bfe5) c.j     pc - 8
core   0: 3 0x8000a28a (0xbfe5)
core   0: 0x8000a282 (0x00006f17) auipc   t5, 0x6
core   0: 3 0x8000a282 (0x00006f17) x30 0x80010282
core   0: 0x8000a286 (0xd63f2f23) sw      gp, -642(t5)
core   0: 3 0x8000a286 (0xd63f2f23) mem 0x80010000 0x00000001
core   0: 0x8000a28a (0x0000bfe5) c.j     pc - 8
core   0: 3 0x8000a28a (0xbfe5)
core   0: 0x8000a282 (0x00006f17) auipc   t5, 0x6
core   0: 3 0x8000a282 (0x00006f17) x30 0x80010282
core   0: 0x8000a286 (0xd63f2f23) sw      gp, -642(t5)
core   0: 3 0x8000a286 (0xd63f2f23) mem 0x80010000 0x00000001
core   0: 0x8000a28a (0x0000bfe5) c.j     pc - 8
core   0: 3 0x8000a28a (0xbfe5)
core   0: 0x8000a282 (0x00006f17) auipc   t5, 0x6
core   0: 3 0x8000a282 (0x00006f17) x30 0x80010282
core   0: 0x8000a286 (0xd63f2f23) sw      gp, -642(t5)
core   0: 3 0x8000a286 (0xd63f2f23) mem 0x80010000 0x00000001
core   0: 0x8000a28a (0x0000bfe5) c.j     pc - 8
core   0: 3 0x8000a28a (0xbfe5)
core   0: 0x8000a282 (0x00006f17) auipc   t5, 0x6
core   0: 3 0x8000a282 (0x00006f17) x30 0x80010282
core   0: 0x8000a286 (0xd63f2f23) sw      gp, -642(t5)
core   0: 3 0x8000a286 (0xd63f2f23) mem 0x80010000 0x00000001
core   0: 0x8000a28a (0x0000bfe5) c.j     pc - 8
core   0: 3 0x8000a28a (0xbfe5)
core   0: 0x8000a282 (0x00006f17) auipc   t5, 0x6
core   0: 3 0x8000a282 (0x00006f17) x30 0x80010282
core   0: 0x8000a286 (0xd63f2f23) sw      gp, -642(t5)
core   0: 3 0x8000a286 (0xd63f2f23) mem 0x80010000 0x00000001
core   0: 0x8000a28a (0x0000bfe5) c.j     pc - 8
core   0: 3 0x8000a28a (0xbfe5)
core   0: 0x8000a282 (0x00006f17) auipc   t5, 0x6
core   0: 3 0x8000a282 (0x00006f17) x30 0x80010282
core   0: 0x8000a286 (0xd63f2f23) sw      gp, -642(t5)
core   0: 3 0x8000a286 (0xd63f2f23) mem 0x80010000 0x00000001
core   0: 0x8000a28a (0x0000bfe5) c.j     pc - 8
core   0: 3 0x8000a28a (0xbfe5)
core   0: 0x8000a282 (0x00006f17) auipc   t5, 0x6
core   0: 3 0x8000a282 (0x00006f17) x30 0x80010282
core   0: 0x8000a286 (0xd63f2f23) sw      gp, -642(t5)
core   0: 3 0x8000a286 (0xd63f2f23) mem 0x80010000 0x00000001
core   0: 0x8000a28a (0x0000bfe5) c.j     pc - 8
core   0: 3 0x8000a28a (0xbfe5)
core   0: 0x8000a282 (0x00006f17) auipc   t5, 0x6
core   0: 3 0x8000a282 (0x00006f17) x30 0x80010282
core   0: 0x8000a286 (0xd63f2f23) sw      gp, -642(t5)
core   0: 3 0x8000a286 (0xd63f2f23) mem 0x80010000 0x00000001
core   0: 0x8000a28a (0x0000bfe5) c.j     pc - 8
core   0: 3 0x8000a28a (0xbfe5)
core   0: 0x8000a282 (0x00006f17) auipc   t5, 0x6
core   0: 3 0x8000a282 (0x00006f17) x30 0x80010282
core   0: 0x8000a286 (0xd63f2f23) sw      gp, -642(t5)
core   0: 3 0x8000a286 (0xd63f2f23) mem 0x80010000 0x00000001
core   0: 0x8000a28a (0x0000bfe5) c.j     pc - 8
core   0: 3 0x8000a28a (0xbfe5)
core   0: 0x8000a282 (0x00006f17) auipc   t5, 0x6
core   0: 3 0x8000a282 (0x00006f17) x30 0x80010282
core   0: 0x8000a286 (0xd63f2f23) sw      gp, -642(t5)
core   0: 3 0x8000a286 (0xd63f2f23) mem 0x80010000 0x00000001
core   0: 0x8000a28a (0x0000bfe5) c.j     pc - 8
core   0: 3 0x8000a28a (0xbfe5)
core   0: 0x8000a282 (0x00006f17) auipc   t5, 0x6
core   0: 3 0x8000a282 (0x00006f17) x30 0x80010282
core   0: 0x8000a286 (0xd63f2f23) sw      gp, -642(t5)
core   0: 3 0x8000a286 (0xd63f2f23) mem 0x80010000 0x00000001
core   0: 0x8000a28a (0x0000bfe5) c.j     pc - 8
core   0: 3 0x8000a28a (0xbfe5)
core   0: 0x8000a282 (0x00006f17) auipc   t5, 0x6
core   0: 3 0x8000a282 (0x00006f17) x30 0x80010282
core   0: 0x8000a286 (0xd63f2f23) sw      gp, -642(t5)
core   0: 3 0x8000a286 (0xd63f2f23) mem 0x80010000 0x00000001
core   0: 0x8000a28a (0x0000bfe5) c.j     pc - 8
core   0: 3 0x8000a28a (0xbfe5)
core   0: 0x8000a282 (0x00006f17) auipc   t5, 0x6
core   0: 3 0x8000a282 (0x00006f17) x30 0x80010282
core   0: 0x8000a286 (0xd63f2f23) sw      gp, -642(t5)
core   0: 3 0x8000a286 (0xd63f2f23) mem 0x80010000 0x00000001
core   0: 0x8000a28a (0x0000bfe5) c.j     pc - 8
core   0: 3 0x8000a28a (0xbfe5)
core   0: 0x8000a282 (0x00006f17) auipc   t5, 0x6
core   0: 3 0x8000a282 (0x00006f17) x30 0x80010282
core   0: 0x8000a286 (0xd63f2f23) sw      gp, -642(t5)
core   0: 3 0x8000a286 (0xd63f2f23) mem 0x80010000 0x00000001
core   0: 0x8000a28a (0x0000bfe5) c.j     pc - 8
core   0: 3 0x8000a28a (0xbfe5)
core   0: 0x8000a282 (0x00006f17) auipc   t5, 0x6
core   0: 3 0x8000a282 (0x00006f17) x30 0x80010282
core   0: 0x8000a286 (0xd63f2f23) sw      gp, -642(t5)
core   0: 3 0x8000a286 (0xd63f2f23) mem 0x80010000 0x00000001
core   0: 0x8000a28a (0x0000bfe5) c.j     pc - 8
core   0: 3 0x8000a28a (0xbfe5)
core   0: 0x8000a282 (0x00006f17) auipc   t5, 0x6
core   0: 3 0x8000a282 (0x00006f17) x30 0x80010282
core   0: 0x8000a286 (0xd63f2f23) sw      gp, -642(t5)
core   0: 3 0x8000a286 (0xd63f2f23) mem 0x80010000 0x00000001
core   0: 0x8000a28a (0x0000bfe5) c.j     pc - 8
core   0: 3 0x8000a28a (0xbfe5)
core   0: 0x8000a282 (0x00006f17) auipc   t5, 0x6
core   0: 3 0x8000a282 (0x00006f17) x30 0x80010282
core   0: 0x8000a286 (0xd63f2f23) sw      gp, -642(t5)
core   0: 3 0x8000a286 (0xd63f2f23) mem 0x80010000 0x00000001
core   0: 0x8000a28a (0x0000bfe5) c.j     pc - 8
core   0: 3 0x8000a28a (0xbfe5)
core   0: 0x8000a282 (0x00006f17) auipc   t5, 0x6
core   0: 3 0x8000a282 (0x00006f17) x30 0x80010282
core   0: 0x8000a286 (0xd63f2f23) sw      gp, -642(t5)
core   0: 3 0x8000a286 (0xd63f2f23) mem 0x80010000 0x00000001
core   0: 0x8000a28a (0x0000bfe5) c.j     pc - 8
core   0: 3 0x8000a28a (0xbfe5)
core   0: 0x8000a282 (0x00006f17) auipc   t5, 0x6
core   0: 3 0x8000a282 (0x00006f17) x30 0x80010282
core   0: 0x8000a286 (0xd63f2f23) sw      gp, -642(t5)
core   0: 3 0x8000a286 (0xd63f2f23) mem 0x80010000 0x00000001
core   0: 0x8000a28a (0x0000bfe5) c.j     pc - 8
core   0: 3 0x8000a28a (0xbfe5)
core   0: 0x8000a282 (0x00006f17) auipc   t5, 0x6
core   0: 3 0x8000a282 (0x00006f17) x30 0x80010282
core   0: 0x8000a286 (0xd63f2f23) sw      gp, -642(t5)
core   0: 3 0x8000a286 (0xd63f2f23) mem 0x80010000 0x00000001
core   0: 0x8000a28a (0x0000bfe5) c.j     pc - 8
core   0: 3 0x8000a28a (0xbfe5)
core   0: 0x8000a282 (0x00006f17) auipc   t5, 0x6
core   0: 3 0x8000a282 (0x00006f17) x30 0x80010282
core   0: 0x8000a286 (0xd63f2f23) sw      gp, -642(t5)
core   0: 3 0x8000a286 (0xd63f2f23) mem 0x80010000 0x00000001
core   0: 0x8000a28a (0x0000bfe5) c.j     pc - 8
core   0: 3 0x8000a28a (0xbfe5)
core   0: 0x8000a282 (0x00006f17) auipc   t5, 0x6
core   0: 3 0x8000a282 (0x00006f17) x30 0x80010282
core   0: 0x8000a286 (0xd63f2f23) sw      gp, -642(t5)
core   0: 3 0x8000a286 (0xd63f2f23) mem 0x80010000 0x00000001
core   0: 0x8000a28a (0x0000bfe5) c.j     pc - 8
core   0: 3 0x8000a28a (0xbfe5)
core   0: 0x8000a282 (0x00006f17) auipc   t5, 0x6
core   0: 3 0x8000a282 (0x00006f17) x30 0x80010282
core   0: 0x8000a286 (0xd63f2f23) sw      gp, -642(t5)
core   0: 3 0x8000a286 (0xd63f2f23) mem 0x80010000 0x00000001
core   0: 0x8000a28a (0x0000bfe5) c.j     pc - 8
core   0: 3 0x8000a28a (0xbfe5)
core   0: 0x8000a282 (0x00006f17) auipc   t5, 0x6
core   0: 3 0x8000a282 (0x00006f17) x30 0x80010282
core   0: 0x8000a286 (0xd63f2f23) sw      gp, -642(t5)
core   0: 3 0x8000a286 (0xd63f2f23) mem 0x80010000 0x00000001
core   0: 0x8000a28a (0x0000bfe5) c.j     pc - 8
core   0: 3 0x8000a28a (0xbfe5)
core   0: 0x8000a282 (0x00006f17) auipc   t5, 0x6
core   0: 3 0x8000a282 (0x00006f17) x30 0x80010282
core   0: 0x8000a286 (0xd63f2f23) sw      gp, -642(t5)
core   0: 3 0x8000a286 (0xd63f2f23) mem 0x80010000 0x00000001
core   0: 0x8000a28a (0x0000bfe5) c.j     pc - 8
core   0: 3 0x8000a28a (0xbfe5)
core   0: 0x8000a282 (0x00006f17) auipc   t5, 0x6
core   0: 3 0x8000a282 (0x00006f17) x30 0x80010282
core   0: 0x8000a286 (0xd63f2f23) sw      gp, -642(t5)
core   0: 3 0x8000a286 (0xd63f2f23) mem 0x80010000 0x00000001
core   0: 0x8000a28a (0x0000bfe5) c.j     pc - 8
core   0: 3 0x8000a28a (0xbfe5)
core   0: 0x8000a282 (0x00006f17) auipc   t5, 0x6
core   0: 3 0x8000a282 (0x00006f17) x30 0x80010282
core   0: 0x8000a286 (0xd63f2f23) sw      gp, -642(t5)
core   0: 3 0x8000a286 (0xd63f2f23) mem 0x80010000 0x00000001
core   0: 0x8000a28a (0x0000bfe5) c.j     pc - 8
core   0: 3 0x8000a28a (0xbfe5)
core   0: 0x8000a282 (0x00006f17) auipc   t5, 0x6
core   0: 3 0x8000a282 (0x00006f17) x30 0x80010282
core   0: 0x8000a286 (0xd63f2f23) sw      gp, -642(t5)
core   0: 3 0x8000a286 (0xd63f2f23) mem 0x80010000 0x00000001
core   0: 0x8000a28a (0x0000bfe5) c.j     pc - 8
core   0: 3 0x8000a28a (0xbfe5)
core   0: 0x8000a282 (0x00006f17) auipc   t5, 0x6
core   0: 3 0x8000a282 (0x00006f17) x30 0x80010282
core   0: 0x8000a286 (0xd63f2f23) sw      gp, -642(t5)
core   0: 3 0x8000a286 (0xd63f2f23) mem 0x80010000 0x00000001
core   0: 0x8000a28a (0x0000bfe5) c.j     pc - 8
core   0: 3 0x8000a28a (0xbfe5)
core   0: 0x8000a282 (0x00006f17) auipc   t5, 0x6
core   0: 3 0x8000a282 (0x00006f17) x30 0x80010282
core   0: 0x8000a286 (0xd63f2f23) sw      gp, -642(t5)
core   0: 3 0x8000a286 (0xd63f2f23) mem 0x80010000 0x00000001
core   0: 0x8000a28a (0x0000bfe5) c.j     pc - 8
core   0: 3 0x8000a28a (0xbfe5)
core   0: 0x8000a282 (0x00006f17) auipc   t5, 0x6
core   0: 3 0x8000a282 (0x00006f17) x30 0x80010282
core   0: 0x8000a286 (0xd63f2f23) sw      gp, -642(t5)
core   0: 3 0x8000a286 (0xd63f2f23) mem 0x80010000 0x00000001
core   0: 0x8000a28a (0x0000bfe5) c.j     pc - 8
core   0: 3 0x8000a28a (0xbfe5)
core   0: 0x8000a282 (0x00006f17) auipc   t5, 0x6
core   0: 3 0x8000a282 (0x00006f17) x30 0x80010282
core   0: 0x8000a286 (0xd63f2f23) sw      gp, -642(t5)
core   0: 3 0x8000a286 (0xd63f2f23) mem 0x80010000 0x00000001
core   0: 0x8000a28a (0x0000bfe5) c.j     pc - 8
core   0: 3 0x8000a28a (0xbfe5)
core   0: 0x8000a282 (0x00006f17) auipc   t5, 0x6
core   0: 3 0x8000a282 (0x00006f17) x30 0x80010282
core   0: 0x8000a286 (0xd63f2f23) sw      gp, -642(t5)
core   0: 3 0x8000a286 (0xd63f2f23) mem 0x80010000 0x00000001
core   0: 0x8000a28a (0x0000bfe5) c.j     pc - 8
core   0: 3 0x8000a28a (0xbfe5)
core   0: 0x8000a282 (0x00006f17) auipc   t5, 0x6
core   0: 3 0x8000a282 (0x00006f17) x30 0x80010282
core   0: 0x8000a286 (0xd63f2f23) sw      gp, -642(t5)
core   0: 3 0x8000a286 (0xd63f2f23) mem 0x80010000 0x00000001
core   0: 0x8000a28a (0x0000bfe5) c.j     pc - 8
core   0: 3 0x8000a28a (0xbfe5)
core   0: 0x8000a282 (0x00006f17) auipc   t5, 0x6
core   0: 3 0x8000a282 (0x00006f17) x30 0x80010282
core   0: 0x8000a286 (0xd63f2f23) sw      gp, -642(t5)
core   0: 3 0x8000a286 (0xd63f2f23) mem 0x80010000 0x00000001
core   0: 0x8000a28a (0x0000bfe5) c.j     pc - 8
core   0: 3 0x8000a28a (0xbfe5)
core   0: 0x8000a282 (0x00006f17) auipc   t5, 0x6
core   0: 3 0x8000a282 (0x00006f17) x30 0x80010282
core   0: 0x8000a286 (0xd63f2f23) sw      gp, -642(t5)
core   0: 3 0x8000a286 (0xd63f2f23) mem 0x80010000 0x00000001
core   0: 0x8000a28a (0x0000bfe5) c.j     pc - 8
core   0: 3 0x8000a28a (0xbfe5)
core   0: 0x8000a282 (0x00006f17) auipc   t5, 0x6
core   0: 3 0x8000a282 (0x00006f17) x30 0x80010282
core   0: 0x8000a286 (0xd63f2f23) sw      gp, -642(t5)
core   0: 3 0x8000a286 (0xd63f2f23) mem 0x80010000 0x00000001
core   0: 0x8000a28a (0x0000bfe5) c.j     pc - 8
core   0: 3 0x8000a28a (0xbfe5)
core   0: 0x8000a282 (0x00006f17) auipc   t5, 0x6
core   0: 3 0x8000a282 (0x00006f17) x30 0x80010282
core   0: 0x8000a286 (0xd63f2f23) sw      gp, -642(t5)
core   0: 3 0x8000a286 (0xd63f2f23) mem 0x80010000 0x00000001
core   0: 0x8000a28a (0x0000bfe5) c.j     pc - 8
core   0: 3 0x8000a28a (0xbfe5)
core   0: 0x8000a282 (0x00006f17) auipc   t5, 0x6
core   0: 3 0x8000a282 (0x00006f17) x30 0x80010282
core   0: 0x8000a286 (0xd63f2f23) sw      gp, -642(t5)
core   0: 3 0x8000a286 (0xd63f2f23) mem 0x80010000 0x00000001
core   0: 0x8000a28a (0x0000bfe5) c.j     pc - 8
core   0: 3 0x8000a28a (0xbfe5)
core   0: 0x8000a282 (0x00006f17) auipc   t5, 0x6
core   0: 3 0x8000a282 (0x00006f17) x30 0x80010282
core   0: 0x8000a286 (0xd63f2f23) sw      gp, -642(t5)
core   0: 3 0x8000a286 (0xd63f2f23) mem 0x80010000 0x00000001
core   0: 0x8000a28a (0x0000bfe5) c.j     pc - 8
core   0: 3 0x8000a28a (0xbfe5)
core   0: 0x8000a282 (0x00006f17) auipc   t5, 0x6
core   0: 3 0x8000a282 (0x00006f17) x30 0x80010282
core   0: 0x8000a286 (0xd63f2f23) sw      gp, -642(t5)
core   0: 3 0x8000a286 (0xd63f2f23) mem 0x80010000 0x00000001
core   0: 0x8000a28a (0x0000bfe5) c.j     pc - 8
core   0: 3 0x8000a28a (0xbfe5)
core   0: 0x8000a282 (0x00006f17) auipc   t5, 0x6
core   0: 3 0x8000a282 (0x00006f17) x30 0x80010282
core   0: 0x8000a286 (0xd63f2f23) sw      gp, -642(t5)
core   0: 3 0x8000a286 (0xd63f2f23) mem 0x80010000 0x00000001
core   0: 0x8000a28a (0x0000bfe5) c.j     pc - 8
core   0: 3 0x8000a28a (0xbfe5)
core   0: 0x8000a282 (0x00006f17) auipc   t5, 0x6
core   0: 3 0x8000a282 (0x00006f17) x30 0x80010282
core   0: 0x8000a286 (0xd63f2f23) sw      gp, -642(t5)
core   0: 3 0x8000a286 (0xd63f2f23) mem 0x80010000 0x00000001
core   0: 0x8000a28a (0x0000bfe5) c.j     pc - 8
core   0: 3 0x8000a28a (0xbfe5)
core   0: 0x8000a282 (0x00006f17) auipc   t5, 0x6
core   0: 3 0x8000a282 (0x00006f17) x30 0x80010282
core   0: 0x8000a286 (0xd63f2f23) sw      gp, -642(t5)
core   0: 3 0x8000a286 (0xd63f2f23) mem 0x80010000 0x00000001
core   0: 0x8000a28a (0x0000bfe5) c.j     pc - 8
core   0: 3 0x8000a28a (0xbfe5)
core   0: 0x8000a282 (0x00006f17) auipc   t5, 0x6
core   0: 3 0x8000a282 (0x00006f17) x30 0x80010282
core   0: 0x8000a286 (0xd63f2f23) sw      gp, -642(t5)
core   0: 3 0x8000a286 (0xd63f2f23) mem 0x80010000 0x00000001
core   0: 0x8000a28a (0x0000bfe5) c.j     pc - 8
core   0: 3 0x8000a28a (0xbfe5)
core   0: 0x8000a282 (0x00006f17) auipc   t5, 0x6
core   0: 3 0x8000a282 (0x00006f17) x30 0x80010282
core   0: 0x8000a286 (0xd63f2f23) sw      gp, -642(t5)
core   0: 3 0x8000a286 (0xd63f2f23) mem 0x80010000 0x00000001
core   0: 0x8000a28a (0x0000bfe5) c.j     pc - 8
core   0: 3 0x8000a28a (0xbfe5)
core   0: 0x8000a282 (0x00006f17) auipc   t5, 0x6
core   0: 3 0x8000a282 (0x00006f17) x30 0x80010282
core   0: 0x8000a286 (0xd63f2f23) sw      gp, -642(t5)
core   0: 3 0x8000a286 (0xd63f2f23) mem 0x80010000 0x00000001
core   0: 0x8000a28a (0x0000bfe5) c.j     pc - 8
core   0: 3 0x8000a28a (0xbfe5)
core   0: 0x8000a282 (0x00006f17) auipc   t5, 0x6
core   0: 3 0x8000a282 (0x00006f17) x30 0x80010282
core   0: 0x8000a286 (0xd63f2f23) sw      gp, -642(t5)
core   0: 3 0x8000a286 (0xd63f2f23) mem 0x80010000 0x00000001
core   0: 0x8000a28a (0x0000bfe5) c.j     pc - 8
core   0: 3 0x8000a28a (0xbfe5)
core   0: 0x8000a282 (0x00006f17) auipc   t5, 0x6
core   0: 3 0x8000a282 (0x00006f17) x30 0x80010282
core   0: 0x8000a286 (0xd63f2f23) sw      gp, -642(t5)
core   0: 3 0x8000a286 (0xd63f2f23) mem 0x80010000 0x00000001
core   0: 0x8000a28a (0x0000bfe5) c.j     pc - 8
core   0: 3 0x8000a28a (0xbfe5)
core   0: 0x8000a282 (0x00006f17) auipc   t5, 0x6
core   0: 3 0x8000a282 (0x00006f17) x30 0x80010282
core   0: 0x8000a286 (0xd63f2f23) sw      gp, -642(t5)
core   0: 3 0x8000a286 (0xd63f2f23) mem 0x80010000 0x00000001
core   0: 0x8000a28a (0x0000bfe5) c.j     pc - 8
core   0: 3 0x8000a28a (0xbfe5)
core   0: 0x8000a282 (0x00006f17) auipc   t5, 0x6
core   0: 3 0x8000a282 (0x00006f17) x30 0x80010282
core   0: 0x8000a286 (0xd63f2f23) sw      gp, -642(t5)
core   0: 3 0x8000a286 (0xd63f2f23) mem 0x80010000 0x00000001
core   0: 0x8000a28a (0x0000bfe5) c.j     pc - 8
core   0: 3 0x8000a28a (0xbfe5)
core   0: 0x8000a282 (0x00006f17) auipc   t5, 0x6
core   0: 3 0x8000a282 (0x00006f17) x30 0x80010282
core   0: 0x8000a286 (0xd63f2f23) sw      gp, -642(t5)
core   0: 3 0x8000a286 (0xd63f2f23) mem 0x80010000 0x00000001
core   0: 0x8000a28a (0x0000bfe5) c.j     pc - 8
core   0: 3 0x8000a28a (0xbfe5)
core   0: 0x8000a282 (0x00006f17) auipc   t5, 0x6
core   0: 3 0x8000a282 (0x00006f17) x30 0x80010282
core   0: 0x8000a286 (0xd63f2f23) sw      gp, -642(t5)
core   0: 3 0x8000a286 (0xd63f2f23) mem 0x80010000 0x00000001
core   0: 0x8000a28a (0x0000bfe5) c.j     pc - 8
core   0: 3 0x8000a28a (0xbfe5)
core   0: 0x8000a282 (0x00006f17) auipc   t5, 0x6
core   0: 3 0x8000a282 (0x00006f17) x30 0x80010282
core   0: 0x8000a286 (0xd63f2f23) sw      gp, -642(t5)
core   0: 3 0x8000a286 (0xd63f2f23) mem 0x80010000 0x00000001
core   0: 0x8000a28a (0x0000bfe5) c.j     pc - 8
core   0: 3 0x8000a28a (0xbfe5)
core   0: 0x8000a282 (0x00006f17) auipc   t5, 0x6
core   0: 3 0x8000a282 (0x00006f17) x30 0x80010282
core   0: 0x8000a286 (0xd63f2f23) sw      gp, -642(t5)
core   0: 3 0x8000a286 (0xd63f2f23) mem 0x80010000 0x00000001
core   0: 0x8000a28a (0x0000bfe5) c.j     pc - 8
core   0: 3 0x8000a28a (0xbfe5)
core   0: 0x8000a282 (0x00006f17) auipc   t5, 0x6
core   0: 3 0x8000a282 (0x00006f17) x30 0x80010282
core   0: 0x8000a286 (0xd63f2f23) sw      gp, -642(t5)
core   0: 3 0x8000a286 (0xd63f2f23) mem 0x80010000 0x00000001
core   0: 0x8000a28a (0x0000bfe5) c.j     pc - 8
core   0: 3 0x8000a28a (0xbfe5)
core   0: 0x8000a282 (0x00006f17) auipc   t5, 0x6
core   0: 3 0x8000a282 (0x00006f17) x30 0x80010282
core   0: 0x8000a286 (0xd63f2f23) sw      gp, -642(t5)
core   0: 3 0x8000a286 (0xd63f2f23) mem 0x80010000 0x00000001
core   0: 0x8000a28a (0x0000bfe5) c.j     pc - 8
core   0: 3 0x8000a28a (0xbfe5)
core   0: 0x8000a282 (0x00006f17) auipc   t5, 0x6
core   0: 3 0x8000a282 (0x00006f17) x30 0x80010282
core   0: 0x8000a286 (0xd63f2f23) sw      gp, -642(t5)
core   0: 3 0x8000a286 (0xd63f2f23) mem 0x80010000 0x00000001
core   0: 0x8000a28a (0x0000bfe5) c.j     pc - 8
core   0: 3 0x8000a28a (0xbfe5)
core   0: 0x8000a282 (0x00006f17) auipc   t5, 0x6
core   0: 3 0x8000a282 (0x00006f17) x30 0x80010282
core   0: 0x8000a286 (0xd63f2f23) sw      gp, -642(t5)
core   0: 3 0x8000a286 (0xd63f2f23) mem 0x80010000 0x00000001
core   0: 0x8000a28a (0x0000bfe5) c.j     pc - 8
core   0: 3 0x8000a28a (0xbfe5)
core   0: 0x8000a282 (0x00006f17) auipc   t5, 0x6
core   0: 3 0x8000a282 (0x00006f17) x30 0x80010282
core   0: 0x8000a286 (0xd63f2f23) sw      gp, -642(t5)
core   0: 3 0x8000a286 (0xd63f2f23) mem 0x80010000 0x00000001
core   0: 0x8000a28a (0x0000bfe5) c.j     pc - 8
core   0: 3 0x8000a28a (0xbfe5)
core   0: 0x8000a282 (0x00006f17) auipc   t5, 0x6
core   0: 3 0x8000a282 (0x00006f17) x30 0x80010282
core   0: 0x8000a286 (0xd63f2f23) sw      gp, -642(t5)
core   0: 3 0x8000a286 (0xd63f2f23) mem 0x80010000 0x00000001
core   0: 0x8000a28a (0x0000bfe5) c.j     pc - 8
core   0: 3 0x8000a28a (0xbfe5)
core   0: 0x8000a282 (0x00006f17) auipc   t5, 0x6
core   0: 3 0x8000a282 (0x00006f17) x30 0x80010282
core   0: 0x8000a286 (0xd63f2f23) sw      gp, -642(t5)
core   0: 3 0x8000a286 (0xd63f2f23) mem 0x80010000 0x00000001
core   0: 0x8000a28a (0x0000bfe5) c.j     pc - 8
core   0: 3 0x8000a28a (0xbfe5)
core   0: 0x8000a282 (0x00006f17) auipc   t5, 0x6
core   0: 3 0x8000a282 (0x00006f17) x30 0x80010282
core   0: 0x8000a286 (0xd63f2f23) sw      gp, -642(t5)
core   0: 3 0x8000a286 (0xd63f2f23) mem 0x80010000 0x00000001
core   0: 0x8000a28a (0x0000bfe5) c.j     pc - 8
core   0: 3 0x8000a28a (0xbfe5)
core   0: 0x8000a282 (0x00006f17) auipc   t5, 0x6
core   0: 3 0x8000a282 (0x00006f17) x30 0x80010282
core   0: 0x8000a286 (0xd63f2f23) sw      gp, -642(t5)
core   0: 3 0x8000a286 (0xd63f2f23) mem 0x80010000 0x00000001
core   0: 0x8000a28a (0x0000bfe5) c.j     pc - 8
core   0: 3 0x8000a28a (0xbfe5)
core   0: 0x8000a282 (0x00006f17) auipc   t5, 0x6
core   0: 3 0x8000a282 (0x00006f17) x30 0x80010282
core   0: 0x8000a286 (0xd63f2f23) sw      gp, -642(t5)
core   0: 3 0x8000a286 (0xd63f2f23) mem 0x80010000 0x00000001
core   0: 0x8000a28a (0x0000bfe5) c.j     pc - 8
core   0: 3 0x8000a28a (0xbfe5)
core   0: 0x8000a282 (0x00006f17) auipc   t5, 0x6
core   0: 3 0x8000a282 (0x00006f17) x30 0x80010282
core   0: 0x8000a286 (0xd63f2f23) sw      gp, -642(t5)
core   0: 3 0x8000a286 (0xd63f2f23) mem 0x80010000 0x00000001
core   0: 0x8000a28a (0x0000bfe5) c.j     pc - 8
core   0: 3 0x8000a28a (0xbfe5)
core   0: 0x8000a282 (0x00006f17) auipc   t5, 0x6
core   0: 3 0x8000a282 (0x00006f17) x30 0x80010282
core   0: 0x8000a286 (0xd63f2f23) sw      gp, -642(t5)
core   0: 3 0x8000a286 (0xd63f2f23) mem 0x80010000 0x00000001
core   0: 0x8000a28a (0x0000bfe5) c.j     pc - 8
core   0: 3 0x8000a28a (0xbfe5)
core   0: 0x8000a282 (0x00006f17) auipc   t5, 0x6
core   0: 3 0x8000a282 (0x00006f17) x30 0x80010282
core   0: 0x8000a286 (0xd63f2f23) sw      gp, -642(t5)
core   0: 3 0x8000a286 (0xd63f2f23) mem 0x80010000 0x00000001
core   0: 0x8000a28a (0x0000bfe5) c.j     pc - 8
core   0: 3 0x8000a28a (0xbfe5)
core   0: 0x8000a282 (0x00006f17) auipc   t5, 0x6
core   0: 3 0x8000a282 (0x00006f17) x30 0x80010282
core   0: 0x8000a286 (0xd63f2f23) sw      gp, -642(t5)
core   0: 3 0x8000a286 (0xd63f2f23) mem 0x80010000 0x00000001
core   0: 0x8000a28a (0x0000bfe5) c.j     pc - 8
core   0: 3 0x8000a28a (0xbfe5)
core   0: 0x8000a282 (0x00006f17) auipc   t5, 0x6
core   0: 3 0x8000a282 (0x00006f17) x30 0x80010282
core   0: 0x8000a286 (0xd63f2f23) sw      gp, -642(t5)
core   0: 3 0x8000a286 (0xd63f2f23) mem 0x80010000 0x00000001
core   0: 0x8000a28a (0x0000bfe5) c.j     pc - 8
core   0: 3 0x8000a28a (0xbfe5)
core   0: 0x8000a282 (0x00006f17) auipc   t5, 0x6
core   0: 3 0x8000a282 (0x00006f17) x30 0x80010282
core   0: 0x8000a286 (0xd63f2f23) sw      gp, -642(t5)
core   0: 3 0x8000a286 (0xd63f2f23) mem 0x80010000 0x00000001
core   0: 0x8000a28a (0x0000bfe5) c.j     pc - 8
core   0: 3 0x8000a28a (0xbfe5)
core   0: 0x8000a282 (0x00006f17) auipc   t5, 0x6
core   0: 3 0x8000a282 (0x00006f17) x30 0x80010282
core   0: 0x8000a286 (0xd63f2f23) sw      gp, -642(t5)
core   0: 3 0x8000a286 (0xd63f2f23) mem 0x80010000 0x00000001
core   0: 0x8000a28a (0x0000bfe5) c.j     pc - 8
core   0: 3 0x8000a28a (0xbfe5)
core   0: 0x8000a282 (0x00006f17) auipc   t5, 0x6
core   0: 3 0x8000a282 (0x00006f17) x30 0x80010282
core   0: 0x8000a286 (0xd63f2f23) sw      gp, -642(t5)
core   0: 3 0x8000a286 (0xd63f2f23) mem 0x80010000 0x00000001
core   0: 0x8000a28a (0x0000bfe5) c.j     pc - 8
core   0: 3 0x8000a28a (0xbfe5)
core   0: 0x8000a282 (0x00006f17) auipc   t5, 0x6
core   0: 3 0x8000a282 (0x00006f17) x30 0x80010282
core   0: 0x8000a286 (0xd63f2f23) sw      gp, -642(t5)
core   0: 3 0x8000a286 (0xd63f2f23) mem 0x80010000 0x00000001
core   0: 0x8000a28a (0x0000bfe5) c.j     pc - 8
core   0: 3 0x8000a28a (0xbfe5)
core   0: 0x8000a282 (0x00006f17) auipc   t5, 0x6
core   0: 3 0x8000a282 (0x00006f17) x30 0x80010282
core   0: 0x8000a286 (0xd63f2f23) sw      gp, -642(t5)
core   0: 3 0x8000a286 (0xd63f2f23) mem 0x80010000 0x00000001
core   0: 0x8000a28a (0x0000bfe5) c.j     pc - 8
core   0: 3 0x8000a28a (0xbfe5)
core   0: 0x8000a282 (0x00006f17) auipc   t5, 0x6
core   0: 3 0x8000a282 (0x00006f17) x30 0x80010282
core   0: 0x8000a286 (0xd63f2f23) sw      gp, -642(t5)
core   0: 3 0x8000a286 (0xd63f2f23) mem 0x80010000 0x00000001
core   0: 0x8000a28a (0x0000bfe5) c.j     pc - 8
core   0: 3 0x8000a28a (0xbfe5)
core   0: 0x8000a282 (0x00006f17) auipc   t5, 0x6
core   0: 3 0x8000a282 (0x00006f17) x30 0x80010282
core   0: 0x8000a286 (0xd63f2f23) sw      gp, -642(t5)
core   0: 3 0x8000a286 (0xd63f2f23) mem 0x80010000 0x00000001
core   0: 0x8000a28a (0x0000bfe5) c.j     pc - 8
core   0: 3 0x8000a28a (0xbfe5)
core   0: 0x8000a282 (0x00006f17) auipc   t5, 0x6
core   0: 3 0x8000a282 (0x00006f17) x30 0x80010282
core   0: 0x8000a286 (0xd63f2f23) sw      gp, -642(t5)
core   0: 3 0x8000a286 (0xd63f2f23) mem 0x80010000 0x00000001
core   0: 0x8000a28a (0x0000bfe5) c.j     pc - 8
core   0: 3 0x8000a28a (0xbfe5)
core   0: 0x8000a282 (0x00006f17) auipc   t5, 0x6
core   0: 3 0x8000a282 (0x00006f17) x30 0x80010282
core   0: 0x8000a286 (0xd63f2f23) sw      gp, -642(t5)
core   0: 3 0x8000a286 (0xd63f2f23) mem 0x80010000 0x00000001
core   0: 0x8000a28a (0x0000bfe5) c.j     pc - 8
core   0: 3 0x8000a28a (0xbfe5)
core   0: 0x8000a282 (0x00006f17) auipc   t5, 0x6
core   0: 3 0x8000a282 (0x00006f17) x30 0x80010282
core   0: 0x8000a286 (0xd63f2f23) sw      gp, -642(t5)
core   0: 3 0x8000a286 (0xd63f2f23) mem 0x80010000 0x00000001
core   0: 0x8000a28a (0x0000bfe5) c.j     pc - 8
core   0: 3 0x8000a28a (0xbfe5)
core   0: 0x8000a282 (0x00006f17) auipc   t5, 0x6
core   0: 3 0x8000a282 (0x00006f17) x30 0x80010282
core   0: 0x8000a286 (0xd63f2f23) sw      gp, -642(t5)
core   0: 3 0x8000a286 (0xd63f2f23) mem 0x80010000 0x00000001
core   0: 0x8000a28a (0x0000bfe5) c.j     pc - 8
core   0: 3 0x8000a28a (0xbfe5)
core   0: 0x8000a282 (0x00006f17) auipc   t5, 0x6
core   0: 3 0x8000a282 (0x00006f17) x30 0x80010282
core   0: 0x8000a286 (0xd63f2f23) sw      gp, -642(t5)
core   0: 3 0x8000a286 (0xd63f2f23) mem 0x80010000 0x00000001
core   0: 0x8000a28a (0x0000bfe5) c.j     pc - 8
core   0: 3 0x8000a28a (0xbfe5)
core   0: 0x8000a282 (0x00006f17) auipc   t5, 0x6
core   0: 3 0x8000a282 (0x00006f17) x30 0x80010282
core   0: 0x8000a286 (0xd63f2f23) sw      gp, -642(t5)
core   0: 3 0x8000a286 (0xd63f2f23) mem 0x80010000 0x00000001
core   0: 0x8000a28a (0x0000bfe5) c.j     pc - 8
core   0: 3 0x8000a28a (0xbfe5)
core   0: 0x8000a282 (0x00006f17) auipc   t5, 0x6
core   0: 3 0x8000a282 (0x00006f17) x30 0x80010282
core   0: 0x8000a286 (0xd63f2f23) sw      gp, -642(t5)
core   0: 3 0x8000a286 (0xd63f2f23) mem 0x80010000 0x00000001
core   0: 0x8000a28a (0x0000bfe5) c.j     pc - 8
core   0: 3 0x8000a28a (0xbfe5)
core   0: 0x8000a282 (0x00006f17) auipc   t5, 0x6
core   0: 3 0x8000a282 (0x00006f17) x30 0x80010282
core   0: 0x8000a286 (0xd63f2f23) sw      gp, -642(t5)
core   0: 3 0x8000a286 (0xd63f2f23) mem 0x80010000 0x00000001
core   0: 0x8000a28a (0x0000bfe5) c.j     pc - 8
core   0: 3 0x8000a28a (0xbfe5)
core   0: 0x8000a282 (0x00006f17) auipc   t5, 0x6
core   0: 3 0x8000a282 (0x00006f17) x30 0x80010282
core   0: 0x8000a286 (0xd63f2f23) sw      gp, -642(t5)
core   0: 3 0x8000a286 (0xd63f2f23) mem 0x80010000 0x00000001
core   0: 0x8000a28a (0x0000bfe5) c.j     pc - 8
core   0: 3 0x8000a28a (0xbfe5)
core   0: 0x8000a282 (0x00006f17) auipc   t5, 0x6
core   0: 3 0x8000a282 (0x00006f17) x30 0x80010282
core   0: 0x8000a286 (0xd63f2f23) sw      gp, -642(t5)
core   0: 3 0x8000a286 (0xd63f2f23) mem 0x80010000 0x00000001
core   0: 0x8000a28a (0x0000bfe5) c.j     pc - 8
core   0: 3 0x8000a28a (0xbfe5)
core   0: 0x8000a282 (0x00006f17) auipc   t5, 0x6
core   0: 3 0x8000a282 (0x00006f17) x30 0x80010282
core   0: 0x8000a286 (0xd63f2f23) sw      gp, -642(t5)
core   0: 3 0x8000a286 (0xd63f2f23) mem 0x80010000 0x00000001
core   0: 0x8000a28a (0x0000bfe5) c.j     pc - 8
core   0: 3 0x8000a28a (0xbfe5)
core   0: 0x8000a282 (0x00006f17) auipc   t5, 0x6
core   0: 3 0x8000a282 (0x00006f17) x30 0x80010282
core   0: 0x8000a286 (0xd63f2f23) sw      gp, -642(t5)
core   0: 3 0x8000a286 (0xd63f2f23) mem 0x80010000 0x00000001
core   0: 0x8000a28a (0x0000bfe5) c.j     pc - 8
core   0: 3 0x8000a28a (0xbfe5)
core   0: 0x8000a282 (0x00006f17) auipc   t5, 0x6
core   0: 3 0x8000a282 (0x00006f17) x30 0x80010282
core   0: 0x8000a286 (0xd63f2f23) sw      gp, -642(t5)
core   0: 3 0x8000a286 (0xd63f2f23) mem 0x80010000 0x00000001
core   0: 0x8000a28a (0x0000bfe5) c.j     pc - 8
core   0: 3 0x8000a28a (0xbfe5)
core   0: 0x8000a282 (0x00006f17) auipc   t5, 0x6
core   0: 3 0x8000a282 (0x00006f17) x30 0x80010282
core   0: 0x8000a286 (0xd63f2f23) sw      gp, -642(t5)
core   0: 3 0x8000a286 (0xd63f2f23) mem 0x80010000 0x00000001
core   0: 0x8000a28a (0x0000bfe5) c.j     pc - 8
core   0: 3 0x8000a28a (0xbfe5)
core   0: 0x8000a282 (0x00006f17) auipc   t5, 0x6
core   0: 3 0x8000a282 (0x00006f17) x30 0x80010282
core   0: 0x8000a286 (0xd63f2f23) sw      gp, -642(t5)
core   0: 3 0x8000a286 (0xd63f2f23) mem 0x80010000 0x00000001
core   0: 0x8000a28a (0x0000bfe5) c.j     pc - 8
core   0: 3 0x8000a28a (0xbfe5)
core   0: 0x8000a282 (0x00006f17) auipc   t5, 0x6
core   0: 3 0x8000a282 (0x00006f17) x30 0x80010282
core   0: 0x8000a286 (0xd63f2f23) sw      gp, -642(t5)
core   0: 3 0x8000a286 (0xd63f2f23) mem 0x80010000 0x00000001
core   0: 0x8000a28a (0x0000bfe5) c.j     pc - 8
core   0: 3 0x8000a28a (0xbfe5)
core   0: 0x8000a282 (0x00006f17) auipc   t5, 0x6
core   0: 3 0x8000a282 (0x00006f17) x30 0x80010282
core   0: 0x8000a286 (0xd63f2f23) sw      gp, -642(t5)
core   0: 3 0x8000a286 (0xd63f2f23) mem 0x80010000 0x00000001
core   0: 0x8000a28a (0x0000bfe5) c.j     pc - 8
core   0: 3 0x8000a28a (0xbfe5)
core   0: 0x8000a282 (0x00006f17) auipc   t5, 0x6
core   0: 3 0x8000a282 (0x00006f17) x30 0x80010282
core   0: 0x8000a286 (0xd63f2f23) sw      gp, -642(t5)
core   0: 3 0x8000a286 (0xd63f2f23) mem 0x80010000 0x00000001
core   0: 0x8000a28a (0x0000bfe5) c.j     pc - 8
core   0: 3 0x8000a28a (0xbfe5)
core   0: 0x8000a282 (0x00006f17) auipc   t5, 0x6
core   0: 3 0x8000a282 (0x00006f17) x30 0x80010282
core   0: 0x8000a286 (0xd63f2f23) sw      gp, -642(t5)
core   0: 3 0x8000a286 (0xd63f2f23) mem 0x80010000 0x00000001
core   0: 0x8000a28a (0x0000bfe5) c.j     pc - 8
core   0: 3 0x8000a28a (0xbfe5)
core   0: 0x8000a282 (0x00006f17) auipc   t5, 0x6
core   0: 3 0x8000a282 (0x00006f17) x30 0x80010282
core   0: 0x8000a286 (0xd63f2f23) sw      gp, -642(t5)
core   0: 3 0x8000a286 (0xd63f2f23) mem 0x80010000 0x00000001
core   0: 0x8000a28a (0x0000bfe5) c.j     pc - 8
core   0: 3 0x8000a28a (0xbfe5)
core   0: 0x8000a282 (0x00006f17) auipc   t5, 0x6
core   0: 3 0x8000a282 (0x00006f17) x30 0x80010282
core   0: 0x8000a286 (0xd63f2f23) sw      gp, -642(t5)
core   0: 3 0x8000a286 (0xd63f2f23) mem 0x80010000 0x00000001
core   0: 0x8000a28a (0x0000bfe5) c.j     pc - 8
core   0: 3 0x8000a28a (0xbfe5)
core   0: 0x8000a282 (0x00006f17) auipc   t5, 0x6
core   0: 3 0x8000a282 (0x00006f17) x30 0x80010282
core   0: 0x8000a286 (0xd63f2f23) sw      gp, -642(t5)
core   0: 3 0x8000a286 (0xd63f2f23) mem 0x80010000 0x00000001
core   0: 0x8000a28a (0x0000bfe5) c.j     pc - 8
core   0: 3 0x8000a28a (0xbfe5)
core   0: 0x8000a282 (0x00006f17) auipc   t5, 0x6
core   0: 3 0x8000a282 (0x00006f17) x30 0x80010282
core   0: 0x8000a286 (0xd63f2f23) sw      gp, -642(t5)
core   0: 3 0x8000a286 (0xd63f2f23) mem 0x80010000 0x00000001
core   0: 0x8000a28a (0x0000bfe5) c.j     pc - 8
core   0: 3 0x8000a28a (0xbfe5)
core   0: 0x8000a282 (0x00006f17) auipc   t5, 0x6
core   0: 3 0x8000a282 (0x00006f17) x30 0x80010282
core   0: 0x8000a286 (0xd63f2f23) sw      gp, -642(t5)
core   0: 3 0x8000a286 (0xd63f2f23) mem 0x80010000 0x00000001
core   0: 0x8000a28a (0x0000bfe5) c.j     pc - 8
core   0: 3 0x8000a28a (0xbfe5)
core   0: 0x8000a282 (0x00006f17) auipc   t5, 0x6
core   0: 3 0x8000a282 (0x00006f17) x30 0x80010282
core   0: 0x8000a286 (0xd63f2f23) sw      gp, -642(t5)
core   0: 3 0x8000a286 (0xd63f2f23) mem 0x80010000 0x00000001
core   0: 0x8000a28a (0x0000bfe5) c.j     pc - 8
core   0: 3 0x8000a28a (0xbfe5)
core   0: 0x8000a282 (0x00006f17) auipc   t5, 0x6
core   0: 3 0x8000a282 (0x00006f17) x30 0x80010282
core   0: 0x8000a286 (0xd63f2f23) sw      gp, -642(t5)
core   0: 3 0x8000a286 (0xd63f2f23) mem 0x80010000 0x00000001
core   0: 0x8000a28a (0x0000bfe5) c.j     pc - 8
core   0: 3 0x8000a28a (0xbfe5)
core   0: 0x8000a282 (0x00006f17) auipc   t5, 0x6
core   0: 3 0x8000a282 (0x00006f17) x30 0x80010282
core   0: 0x8000a286 (0xd63f2f23) sw      gp, -642(t5)
core   0: 3 0x8000a286 (0xd63f2f23) mem 0x80010000 0x00000001
core   0: 0x8000a28a (0x0000bfe5) c.j     pc - 8
core   0: 3 0x8000a28a (0xbfe5)
core   0: 0x8000a282 (0x00006f17) auipc   t5, 0x6
core   0: 3 0x8000a282 (0x00006f17) x30 0x80010282
core   0: 0x8000a286 (0xd63f2f23) sw      gp, -642(t5)
core   0: 3 0x8000a286 (0xd63f2f23) mem 0x80010000 0x00000001
core   0: 0x8000a28a (0x0000bfe5) c.j     pc - 8
core   0: 3 0x8000a28a (0xbfe5)
core   0: 0x8000a282 (0x00006f17) auipc   t5, 0x6
core   0: 3 0x8000a282 (0x00006f17) x30 0x80010282
core   0: 0x8000a286 (0xd63f2f23) sw      gp, -642(t5)
core   0: 3 0x8000a286 (0xd63f2f23) mem 0x80010000 0x00000001
core   0: 0x8000a28a (0x0000bfe5) c.j     pc - 8
core   0: 3 0x8000a28a (0xbfe5)
core   0: 0x8000a282 (0x00006f17) auipc   t5, 0x6
core   0: 3 0x8000a282 (0x00006f17) x30 0x80010282
core   0: 0x8000a286 (0xd63f2f23) sw      gp, -642(t5)
core   0: 3 0x8000a286 (0xd63f2f23) mem 0x80010000 0x00000001
core   0: 0x8000a28a (0x0000bfe5) c.j     pc - 8
core   0: 3 0x8000a28a (0xbfe5)
core   0: 0x8000a282 (0x00006f17) auipc   t5, 0x6
core   0: 3 0x8000a282 (0x00006f17) x30 0x80010282
core   0: 0x8000a286 (0xd63f2f23) sw      gp, -642(t5)
core   0: 3 0x8000a286 (0xd63f2f23) mem 0x80010000 0x00000001
core   0: 0x8000a28a (0x0000bfe5) c.j     pc - 8
core   0: 3 0x8000a28a (0xbfe5)
core   0: 0x8000a282 (0x00006f17) auipc   t5, 0x6
core   0: 3 0x8000a282 (0x00006f17) x30 0x80010282
core   0: 0x8000a286 (0xd63f2f23) sw      gp, -642(t5)
core   0: 3 0x8000a286 (0xd63f2f23) mem 0x80010000 0x00000001
core   0: 0x8000a28a (0x0000bfe5) c.j     pc - 8
core   0: 3 0x8000a28a (0xbfe5)
core   0: 0x8000a282 (0x00006f17) auipc   t5, 0x6
core   0: 3 0x8000a282 (0x00006f17) x30 0x80010282
core   0: 0x8000a286 (0xd63f2f23) sw      gp, -642(t5)
core   0: 3 0x8000a286 (0xd63f2f23) mem 0x80010000 0x00000001
core   0: 0x8000a28a (0x0000bfe5) c.j     pc - 8
core   0: 3 0x8000a28a (0xbfe5)
core   0: 0x8000a282 (0x00006f17) auipc   t5, 0x6
core   0: 3 0x8000a282 (0x00006f17) x30 0x80010282
core   0: 0x8000a286 (0xd63f2f23) sw      gp, -642(t5)
core   0: 3 0x8000a286 (0xd63f2f23) mem 0x80010000 0x00000001
core   0: 0x8000a28a (0x0000bfe5) c.j     pc - 8
core   0: 3 0x8000a28a (0xbfe5)
core   0: 0x8000a282 (0x00006f17) auipc   t5, 0x6
core   0: 3 0x8000a282 (0x00006f17) x30 0x80010282
core   0: 0x8000a286 (0xd63f2f23) sw      gp, -642(t5)
core   0: 3 0x8000a286 (0xd63f2f23) mem 0x80010000 0x00000001
core   0: 0x8000a28a (0x0000bfe5) c.j     pc - 8
core   0: 3 0x8000a28a (0xbfe5)
core   0: 0x8000a282 (0x00006f17) auipc   t5, 0x6
core   0: 3 0x8000a282 (0x00006f17) x30 0x80010282
core   0: 0x8000a286 (0xd63f2f23) sw      gp, -642(t5)
core   0: 3 0x8000a286 (0xd63f2f23) mem 0x80010000 0x00000001
core   0: 0x8000a28a (0x0000bfe5) c.j     pc - 8
core   0: 3 0x8000a28a (0xbfe5)
core   0: 0x8000a282 (0x00006f17) auipc   t5, 0x6
core   0: 3 0x8000a282 (0x00006f17) x30 0x80010282
core   0: 0x8000a286 (0xd63f2f23) sw      gp, -642(t5)
core   0: 3 0x8000a286 (0xd63f2f23) mem 0x80010000 0x00000001
core   0: 0x8000a28a (0x0000bfe5) c.j     pc - 8
core   0: 3 0x8000a28a (0xbfe5)
core   0: 0x8000a282 (0x00006f17) auipc   t5, 0x6
core   0: 3 0x8000a282 (0x00006f17) x30 0x80010282
core   0: 0x8000a286 (0xd63f2f23) sw      gp, -642(t5)
core   0: 3 0x8000a286 (0xd63f2f23) mem 0x80010000 0x00000001
core   0: 0x8000a28a (0x0000bfe5) c.j     pc - 8
core   0: 3 0x8000a28a (0xbfe5)
core   0: 0x8000a282 (0x00006f17) auipc   t5, 0x6
core   0: 3 0x8000a282 (0x00006f17) x30 0x80010282
core   0: 0x8000a286 (0xd63f2f23) sw      gp, -642(t5)
core   0: 3 0x8000a286 (0xd63f2f23) mem 0x80010000 0x00000001
core   0: 0x8000a28a (0x0000bfe5) c.j     pc - 8
core   0: 3 0x8000a28a (0xbfe5)
core   0: 0x8000a282 (0x00006f17) auipc   t5, 0x6
core   0: 3 0x8000a282 (0x00006f17) x30 0x80010282
core   0: 0x8000a286 (0xd63f2f23) sw      gp, -642(t5)
core   0: 3 0x8000a286 (0xd63f2f23) mem 0x80010000 0x00000001
core   0: 0x8000a28a (0x0000bfe5) c.j     pc - 8
core   0: 3 0x8000a28a (0xbfe5)
core   0: 0x8000a282 (0x00006f17) auipc   t5, 0x6
core   0: 3 0x8000a282 (0x00006f17) x30 0x80010282
core   0: 0x8000a286 (0xd63f2f23) sw      gp, -642(t5)
core   0: 3 0x8000a286 (0xd63f2f23) mem 0x80010000 0x00000001
core   0: 0x8000a28a (0x0000bfe5) c.j     pc - 8
core   0: 3 0x8000a28a (0xbfe5)
core   0: 0x8000a282 (0x00006f17) auipc   t5, 0x6
core   0: 3 0x8000a282 (0x00006f17) x30 0x80010282
core   0: 0x8000a286 (0xd63f2f23) sw      gp, -642(t5)
core   0: 3 0x8000a286 (0xd63f2f23) mem 0x80010000 0x00000001
core   0: 0x8000a28a (0x0000bfe5) c.j     pc - 8
core   0: 3 0x8000a28a (0xbfe5)
core   0: 0x8000a282 (0x00006f17) auipc   t5, 0x6
core   0: 3 0x8000a282 (0x00006f17) x30 0x80010282
core   0: 0x8000a286 (0xd63f2f23) sw      gp, -642(t5)
core   0: 3 0x8000a286 (0xd63f2f23) mem 0x80010000 0x00000001
core   0: 0x8000a28a (0x0000bfe5) c.j     pc - 8
core   0: 3 0x8000a28a (0xbfe5)
core   0: 0x8000a282 (0x00006f17) auipc   t5, 0x6
core   0: 3 0x8000a282 (0x00006f17) x30 0x80010282
core   0: 0x8000a286 (0xd63f2f23) sw      gp, -642(t5)
core   0: 3 0x8000a286 (0xd63f2f23) mem 0x80010000 0x00000001
core   0: 0x8000a28a (0x0000bfe5) c.j     pc - 8
core   0: 3 0x8000a28a (0xbfe5)
core   0: 0x8000a282 (0x00006f17) auipc   t5, 0x6
core   0: 3 0x8000a282 (0x00006f17) x30 0x80010282
core   0: 0x8000a286 (0xd63f2f23) sw      gp, -642(t5)
core   0: 3 0x8000a286 (0xd63f2f23) mem 0x80010000 0x00000001
core   0: 0x8000a28a (0x0000bfe5) c.j     pc - 8
core   0: 3 0x8000a28a (0xbfe5)
core   0: 0x8000a282 (0x00006f17) auipc   t5, 0x6
core   0: 3 0x8000a282 (0x00006f17) x30 0x80010282
core   0: 0x8000a286 (0xd63f2f23) sw      gp, -642(t5)
core   0: 3 0x8000a286 (0xd63f2f23) mem 0x80010000 0x00000001
core   0: 0x8000a28a (0x0000bfe5) c.j     pc - 8
core   0: 3 0x8000a28a (0xbfe5)
core   0: 0x8000a282 (0x00006f17) auipc   t5, 0x6
core   0: 3 0x8000a282 (0x00006f17) x30 0x80010282
core   0: 0x8000a286 (0xd63f2f23) sw      gp, -642(t5)
core   0: 3 0x8000a286 (0xd63f2f23) mem 0x80010000 0x00000001
core   0: 0x8000a28a (0x0000bfe5) c.j     pc - 8
core   0: 3 0x8000a28a (0xbfe5)
core   0: 0x8000a282 (0x00006f17) auipc   t5, 0x6
core   0: 3 0x8000a282 (0x00006f17) x30 0x80010282
core   0: 0x8000a286 (0xd63f2f23) sw      gp, -642(t5)
core   0: 3 0x8000a286 (0xd63f2f23) mem 0x80010000 0x00000001
core   0: 0x8000a28a (0x0000bfe5) c.j     pc - 8
core   0: 3 0x8000a28a (0xbfe5)
core   0: 0x8000a282 (0x00006f17) auipc   t5, 0x6
core   0: 3 0x8000a282 (0x00006f17) x30 0x80010282
core   0: 0x8000a286 (0xd63f2f23) sw      gp, -642(t5)
core   0: 3 0x8000a286 (0xd63f2f23) mem 0x80010000 0x00000001
core   0: 0x8000a28a (0x0000bfe5) c.j     pc - 8
core   0: 3 0x8000a28a (0xbfe5)
core   0: 0x8000a282 (0x00006f17) auipc   t5, 0x6
core   0: 3 0x8000a282 (0x00006f17) x30 0x80010282
core   0: 0x8000a286 (0xd63f2f23) sw      gp, -642(t5)
core   0: 3 0x8000a286 (0xd63f2f23) mem 0x80010000 0x00000001
core   0: 0x8000a28a (0x0000bfe5) c.j     pc - 8
core   0: 3 0x8000a28a (0xbfe5)
core   0: 0x8000a282 (0x00006f17) auipc   t5, 0x6
core   0: 3 0x8000a282 (0x00006f17) x30 0x80010282
core   0: 0x8000a286 (0xd63f2f23) sw      gp, -642(t5)
core   0: 3 0x8000a286 (0xd63f2f23) mem 0x80010000 0x00000001
core   0: 0x8000a28a (0x0000bfe5) c.j     pc - 8
core   0: 3 0x8000a28a (0xbfe5)
core   0: 0x8000a282 (0x00006f17) auipc   t5, 0x6
core   0: 3 0x8000a282 (0x00006f17) x30 0x80010282
core   0: 0x8000a286 (0xd63f2f23) sw      gp, -642(t5)
core   0: 3 0x8000a286 (0xd63f2f23) mem 0x80010000 0x00000001
core   0: 0x8000a28a (0x0000bfe5) c.j     pc - 8
core   0: 3 0x8000a28a (0xbfe5)
core   0: 0x8000a282 (0x00006f17) auipc   t5, 0x6
core   0: 3 0x8000a282 (0x00006f17) x30 0x80010282
core   0: 0x8000a286 (0xd63f2f23) sw      gp, -642(t5)
core   0: 3 0x8000a286 (0xd63f2f23) mem 0x80010000 0x00000001
core   0: 0x8000a28a (0x0000bfe5) c.j     pc - 8
core   0: 3 0x8000a28a (0xbfe5)
core   0: 0x8000a282 (0x00006f17) auipc   t5, 0x6
core   0: 3 0x8000a282 (0x00006f17) x30 0x80010282
core   0: 0x8000a286 (0xd63f2f23) sw      gp, -642(t5)
core   0: 3 0x8000a286 (0xd63f2f23) mem 0x80010000 0x00000001
core   0: 0x8000a28a (0x0000bfe5) c.j     pc - 8
core   0: 3 0x8000a28a (0xbfe5)
core   0: 0x8000a282 (0x00006f17) auipc   t5, 0x6
core   0: 3 0x8000a282 (0x00006f17) x30 0x80010282
core   0: 0x8000a286 (0xd63f2f23) sw      gp, -642(t5)
core   0: 3 0x8000a286 (0xd63f2f23) mem 0x80010000 0x00000001
core   0: 0x8000a28a (0x0000bfe5) c.j     pc - 8
core   0: 3 0x8000a28a (0xbfe5)
core   0: 0x8000a282 (0x00006f17) auipc   t5, 0x6
core   0: 3 0x8000a282 (0x00006f17) x30 0x80010282
core   0: 0x8000a286 (0xd63f2f23) sw      gp, -642(t5)
core   0: 3 0x8000a286 (0xd63f2f23) mem 0x80010000 0x00000001
core   0: 0x8000a28a (0x0000bfe5) c.j     pc - 8
core   0: 3 0x8000a28a (0xbfe5)
core   0: 0x8000a282 (0x00006f17) auipc   t5, 0x6
core   0: 3 0x8000a282 (0x00006f17) x30 0x80010282
core   0: 0x8000a286 (0xd63f2f23) sw      gp, -642(t5)
core   0: 3 0x8000a286 (0xd63f2f23) mem 0x80010000 0x00000001
core   0: 0x8000a28a (0x0000bfe5) c.j     pc - 8
core   0: 3 0x8000a28a (0xbfe5)
core   0: 0x8000a282 (0x00006f17) auipc   t5, 0x6
core   0: 3 0x8000a282 (0x00006f17) x30 0x80010282
core   0: 0x8000a286 (0xd63f2f23) sw      gp, -642(t5)
core   0: 3 0x8000a286 (0xd63f2f23) mem 0x80010000 0x00000001
core   0: 0x8000a28a (0x0000bfe5) c.j     pc - 8
core   0: 3 0x8000a28a (0xbfe5)
core   0: 0x8000a282 (0x00006f17) auipc   t5, 0x6
core   0: 3 0x8000a282 (0x00006f17) x30 0x80010282
core   0: 0x8000a286 (0xd63f2f23) sw      gp, -642(t5)
core   0: 3 0x8000a286 (0xd63f2f23) mem 0x80010000 0x00000001
core   0: 0x8000a28a (0x0000bfe5) c.j     pc - 8
core   0: 3 0x8000a28a (0xbfe5)
core   0: 0x8000a282 (0x00006f17) auipc   t5, 0x6
core   0: 3 0x8000a282 (0x00006f17) x30 0x80010282
core   0: 0x8000a286 (0xd63f2f23) sw      gp, -642(t5)
core   0: 3 0x8000a286 (0xd63f2f23) mem 0x80010000 0x00000001
core   0: 0x8000a28a (0x0000bfe5) c.j     pc - 8
core   0: 3 0x8000a28a (0xbfe5)
core   0: 0x8000a282 (0x00006f17) auipc   t5, 0x6
core   0: 3 0x8000a282 (0x00006f17) x30 0x80010282
core   0: 0x8000a286 (0xd63f2f23) sw      gp, -642(t5)
core   0: 3 0x8000a286 (0xd63f2f23) mem 0x80010000 0x00000001
core   0: 0x8000a28a (0x0000bfe5) c.j     pc - 8
core   0: 3 0x8000a28a (0xbfe5)
core   0: 0x8000a282 (0x00006f17) auipc   t5, 0x6
core   0: 3 0x8000a282 (0x00006f17) x30 0x80010282
core   0: 0x8000a286 (0xd63f2f23) sw      gp, -642(t5)
core   0: 3 0x8000a286 (0xd63f2f23) mem 0x80010000 0x00000001
core   0: 0x8000a28a (0x0000bfe5) c.j     pc - 8
core   0: 3 0x8000a28a (0xbfe5)
core   0: 0x8000a282 (0x00006f17) auipc   t5, 0x6
core   0: 3 0x8000a282 (0x00006f17) x30 0x80010282
core   0: 0x8000a286 (0xd63f2f23) sw      gp, -642(t5)
core   0: 3 0x8000a286 (0xd63f2f23) mem 0x80010000 0x00000001
core   0: 0x8000a28a (0x0000bfe5) c.j     pc - 8
core   0: 3 0x8000a28a (0xbfe5)
core   0: 0x8000a282 (0x00006f17) auipc   t5, 0x6
core   0: 3 0x8000a282 (0x00006f17) x30 0x80010282
core   0: 0x8000a286 (0xd63f2f23) sw      gp, -642(t5)
core   0: 3 0x8000a286 (0xd63f2f23) mem 0x80010000 0x00000001
core   0: 0x8000a28a (0x0000bfe5) c.j     pc - 8
core   0: 3 0x8000a28a (0xbfe5)
core   0: 0x8000a282 (0x00006f17) auipc   t5, 0x6
core   0: 3 0x8000a282 (0x00006f17) x30 0x80010282
core   0: 0x8000a286 (0xd63f2f23) sw      gp, -642(t5)
core   0: 3 0x8000a286 (0xd63f2f23) mem 0x80010000 0x00000001
core   0: 0x8000a28a (0x0000bfe5) c.j     pc - 8
core   0: 3 0x8000a28a (0xbfe5)
core   0: 0x8000a282 (0x00006f17) auipc   t5, 0x6
core   0: 3 0x8000a282 (0x00006f17) x30 0x80010282
core   0: 0x8000a286 (0xd63f2f23) sw      gp, -642(t5)
core   0: 3 0x8000a286 (0xd63f2f23) mem 0x80010000 0x00000001
core   0: 0x8000a28a (0x0000bfe5) c.j     pc - 8
core   0: 3 0x8000a28a (0xbfe5)
core   0: 0x8000a282 (0x00006f17) auipc   t5, 0x6
core   0: 3 0x8000a282 (0x00006f17) x30 0x80010282
core   0: 0x8000a286 (0xd63f2f23) sw      gp, -642(t5)
core   0: 3 0x8000a286 (0xd63f2f23) mem 0x80010000 0x00000001
core   0: 0x8000a28a (0x0000bfe5) c.j     pc - 8
core   0: 3 0x8000a28a (0xbfe5)
core   0: 0x8000a282 (0x00006f17) auipc   t5, 0x6
core   0: 3 0x8000a282 (0x00006f17) x30 0x80010282
core   0: 0x8000a286 (0xd63f2f23) sw      gp, -642(t5)
core   0: 3 0x8000a286 (0xd63f2f23) mem 0x80010000 0x00000001
core   0: 0x8000a28a (0x0000bfe5) c.j     pc - 8
core   0: 3 0x8000a28a (0xbfe5)
core   0: 0x8000a282 (0x00006f17) auipc   t5, 0x6
core   0: 3 0x8000a282 (0x00006f17) x30 0x80010282
core   0: 0x8000a286 (0xd63f2f23) sw      gp, -642(t5)
core   0: 3 0x8000a286 (0xd63f2f23) mem 0x80010000 0x00000001
core   0: 0x8000a28a (0x0000bfe5) c.j     pc - 8
core   0: 3 0x8000a28a (0xbfe5)
core   0: 0x8000a282 (0x00006f17) auipc   t5, 0x6
core   0: 3 0x8000a282 (0x00006f17) x30 0x80010282
core   0: 0x8000a286 (0xd63f2f23) sw      gp, -642(t5)
core   0: 3 0x8000a286 (0xd63f2f23) mem 0x80010000 0x00000001
core   0: 0x8000a28a (0x0000bfe5) c.j     pc - 8
core   0: 3 0x8000a28a (0xbfe5)
core   0: 0x8000a282 (0x00006f17) auipc   t5, 0x6
core   0: 3 0x8000a282 (0x00006f17) x30 0x80010282
core   0: 0x8000a286 (0xd63f2f23) sw      gp, -642(t5)
core   0: 3 0x8000a286 (0xd63f2f23) mem 0x80010000 0x00000001
core   0: 0x8000a28a (0x0000bfe5) c.j     pc - 8
core   0: 3 0x8000a28a (0xbfe5)
core   0: 0x8000a282 (0x00006f17) auipc   t5, 0x6
core   0: 3 0x8000a282 (0x00006f17) x30 0x80010282
core   0: 0x8000a286 (0xd63f2f23) sw      gp, -642(t5)
core   0: 3 0x8000a286 (0xd63f2f23) mem 0x80010000 0x00000001
core   0: 0x8000a28a (0x0000bfe5) c.j     pc - 8
core   0: 3 0x8000a28a (0xbfe5)
core   0: 0x8000a282 (0x00006f17) auipc   t5, 0x6
core   0: 3 0x8000a282 (0x00006f17) x30 0x80010282
core   0: 0x8000a286 (0xd63f2f23) sw      gp, -642(t5)
core   0: 3 0x8000a286 (0xd63f2f23) mem 0x80010000 0x00000001
core   0: 0x8000a28a (0x0000bfe5) c.j     pc - 8
core   0: 3 0x8000a28a (0xbfe5)
core   0: 0x8000a282 (0x00006f17) auipc   t5, 0x6
core   0: 3 0x8000a282 (0x00006f17) x30 0x80010282
core   0: 0x8000a286 (0xd63f2f23) sw      gp, -642(t5)
core   0: 3 0x8000a286 (0xd63f2f23) mem 0x80010000 0x00000001
core   0: 0x8000a28a (0x0000bfe5) c.j     pc - 8
core   0: 3 0x8000a28a (0xbfe5)
core   0: 0x8000a282 (0x00006f17) auipc   t5, 0x6
core   0: 3 0x8000a282 (0x00006f17) x30 0x80010282
core   0: 0x8000a286 (0xd63f2f23) sw      gp, -642(t5)
core   0: 3 0x8000a286 (0xd63f2f23) mem 0x80010000 0x00000001
core   0: 0x8000a28a (0x0000bfe5) c.j     pc - 8
core   0: 3 0x8000a28a (0xbfe5)
core   0: 0x8000a282 (0x00006f17) auipc   t5, 0x6
core   0: 3 0x8000a282 (0x00006f17) x30 0x80010282
core   0: 0x8000a286 (0xd63f2f23) sw      gp, -642(t5)
core   0: 3 0x8000a286 (0xd63f2f23) mem 0x80010000 0x00000001
core   0: 0x8000a28a (0x0000bfe5) c.j     pc - 8
core   0: 3 0x8000a28a (0xbfe5)
core   0: 0x8000a282 (0x00006f17) auipc   t5, 0x6
core   0: 3 0x8000a282 (0x00006f17) x30 0x80010282
core   0: 0x8000a286 (0xd63f2f23) sw      gp, -642(t5)
core   0: 3 0x8000a286 (0xd63f2f23) mem 0x80010000 0x00000001
core   0: 0x8000a28a (0x0000bfe5) c.j     pc - 8
core   0: 3 0x8000a28a (0xbfe5)
core   0: 0x8000a282 (0x00006f17) auipc   t5, 0x6
core   0: 3 0x8000a282 (0x00006f17) x30 0x80010282
core   0: 0x8000a286 (0xd63f2f23) sw      gp, -642(t5)
core   0: 3 0x8000a286 (0xd63f2f23) mem 0x80010000 0x00000001
core   0: 0x8000a28a (0x0000bfe5) c.j     pc - 8
core   0: 3 0x8000a28a (0xbfe5)
core   0: 0x8000a282 (0x00006f17) auipc   t5, 0x6
core   0: 3 0x8000a282 (0x00006f17) x30 0x80010282
core   0: 0x8000a286 (0xd63f2f23) sw      gp, -642(t5)
core   0: 3 0x8000a286 (0xd63f2f23) mem 0x80010000 0x00000001
core   0: 0x8000a28a (0x0000bfe5) c.j     pc - 8
core   0: 3 0x8000a28a (0xbfe5)
core   0: 0x8000a282 (0x00006f17) auipc   t5, 0x6
core   0: 3 0x8000a282 (0x00006f17) x30 0x80010282
core   0: 0x8000a286 (0xd63f2f23) sw      gp, -642(t5)
core   0: 3 0x8000a286 (0xd63f2f23) mem 0x80010000 0x00000001
core   0: 0x8000a28a (0x0000bfe5) c.j     pc - 8
core   0: 3 0x8000a28a (0xbfe5)
core   0: 0x8000a282 (0x00006f17) auipc   t5, 0x6
core   0: 3 0x8000a282 (0x00006f17) x30 0x80010282
core   0: 0x8000a286 (0xd63f2f23) sw      gp, -642(t5)
core   0: 3 0x8000a286 (0xd63f2f23) mem 0x80010000 0x00000001
core   0: 0x8000a28a (0x0000bfe5) c.j     pc - 8
core   0: 3 0x8000a28a (0xbfe5)
core   0: 0x8000a282 (0x00006f17) auipc   t5, 0x6
core   0: 3 0x8000a282 (0x00006f17) x30 0x80010282
core   0: 0x8000a286 (0xd63f2f23) sw      gp, -642(t5)
core   0: 3 0x8000a286 (0xd63f2f23) mem 0x80010000 0x00000001
core   0: 0x8000a28a (0x0000bfe5) c.j     pc - 8
core   0: 3 0x8000a28a (0xbfe5)
core   0: 0x8000a282 (0x00006f17) auipc   t5, 0x6
core   0: 3 0x8000a282 (0x00006f17) x30 0x80010282
core   0: 0x8000a286 (0xd63f2f23) sw      gp, -642(t5)
core   0: 3 0x8000a286 (0xd63f2f23) mem 0x80010000 0x00000001
core   0: 0x8000a28a (0x0000bfe5) c.j     pc - 8
core   0: 3 0x8000a28a (0xbfe5)
core   0: 0x8000a282 (0x00006f17) auipc   t5, 0x6
core   0: 3 0x8000a282 (0x00006f17) x30 0x80010282
core   0: 0x8000a286 (0xd63f2f23) sw      gp, -642(t5)
core   0: 3 0x8000a286 (0xd63f2f23) mem 0x80010000 0x00000001
core   0: 0x8000a28a (0x0000bfe5) c.j     pc - 8
core   0: 3 0x8000a28a (0xbfe5)
core   0: 0x8000a282 (0x00006f17) auipc   t5, 0x6
core   0: 3 0x8000a282 (0x00006f17) x30 0x80010282
core   0: 0x8000a286 (0xd63f2f23) sw      gp, -642(t5)
core   0: 3 0x8000a286 (0xd63f2f23) mem 0x80010000 0x00000001
core   0: 0x8000a28a (0x0000bfe5) c.j     pc - 8
core   0: 3 0x8000a28a (0xbfe5)
core   0: 0x8000a282 (0x00006f17) auipc   t5, 0x6
core   0: 3 0x8000a282 (0x00006f17) x30 0x80010282
core   0: 0x8000a286 (0xd63f2f23) sw      gp, -642(t5)
core   0: 3 0x8000a286 (0xd63f2f23) mem 0x80010000 0x00000001
core   0: 0x8000a28a (0x0000bfe5) c.j     pc - 8
core   0: 3 0x8000a28a (0xbfe5)
core   0: 0x8000a282 (0x00006f17) auipc   t5, 0x6
core   0: 3 0x8000a282 (0x00006f17) x30 0x80010282
core   0: 0x8000a286 (0xd63f2f23) sw      gp, -642(t5)
core   0: 3 0x8000a286 (0xd63f2f23) mem 0x80010000 0x00000001
core   0: 0x8000a28a (0x0000bfe5) c.j     pc - 8
core   0: 3 0x8000a28a (0xbfe5)
core   0: 0x8000a282 (0x00006f17) auipc   t5, 0x6
core   0: 3 0x8000a282 (0x00006f17) x30 0x80010282
core   0: 0x8000a286 (0xd63f2f23) sw      gp, -642(t5)
core   0: 3 0x8000a286 (0xd63f2f23) mem 0x80010000 0x00000001
core   0: 0x8000a28a (0x0000bfe5) c.j     pc - 8
core   0: 3 0x8000a28a (0xbfe5)
core   0: 0x8000a282 (0x00006f17) auipc   t5, 0x6
core   0: 3 0x8000a282 (0x00006f17) x30 0x80010282
core   0: 0x8000a286 (0xd63f2f23) sw      gp, -642(t5)
core   0: 3 0x8000a286 (0xd63f2f23) mem 0x80010000 0x00000001
core   0: 0x8000a28a (0x0000bfe5) c.j     pc - 8
core   0: 3 0x8000a28a (0xbfe5)
core   0: 0x8000a282 (0x00006f17) auipc   t5, 0x6
core   0: 3 0x8000a282 (0x00006f17) x30 0x80010282
core   0: 0x8000a286 (0xd63f2f23) sw      gp, -642(t5)
core   0: 3 0x8000a286 (0xd63f2f23) mem 0x80010000 0x00000001
core   0: 0x8000a28a (0x0000bfe5) c.j     pc - 8
core   0: 3 0x8000a28a (0xbfe5)
core   0: 0x8000a282 (0x00006f17) auipc   t5, 0x6
core   0: 3 0x8000a282 (0x00006f17) x30 0x80010282
core   0: 0x8000a286 (0xd63f2f23) sw      gp, -642(t5)
core   0: 3 0x8000a286 (0xd63f2f23) mem 0x80010000 0x00000001
core   0: 0x8000a28a (0x0000bfe5) c.j     pc - 8
core   0: 3 0x8000a28a (0xbfe5)
core   0: 0x8000a282 (0x00006f17) auipc   t5, 0x6
core   0: 3 0x8000a282 (0x00006f17) x30 0x80010282
core   0: 0x8000a286 (0xd63f2f23) sw      gp, -642(t5)
core   0: 3 0x8000a286 (0xd63f2f23) mem 0x80010000 0x00000001
core   0: 0x8000a28a (0x0000bfe5) c.j     pc - 8
core   0: 3 0x8000a28a (0xbfe5)
core   0: 0x8000a282 (0x00006f17) auipc   t5, 0x6
core   0: 3 0x8000a282 (0x00006f17) x30 0x80010282
core   0: 0x8000a286 (0xd63f2f23) sw      gp, -642(t5)
core   0: 3 0x8000a286 (0xd63f2f23) mem 0x80010000 0x00000001
core   0: 0x8000a28a (0x0000bfe5) c.j     pc - 8
core   0: 3 0x8000a28a (0xbfe5)
core   0: 0x8000a282 (0x00006f17) auipc   t5, 0x6
core   0: 3 0x8000a282 (0x00006f17) x30 0x80010282
core   0: 0x8000a286 (0xd63f2f23) sw      gp, -642(t5)
core   0: 3 0x8000a286 (0xd63f2f23) mem 0x80010000 0x00000001
core   0: 0x8000a28a (0x0000bfe5) c.j     pc - 8
core   0: 3 0x8000a28a (0xbfe5)
core   0: 0x8000a282 (0x00006f17) auipc   t5, 0x6
core   0: 3 0x8000a282 (0x00006f17) x30 0x80010282
core   0: 0x8000a286 (0xd63f2f23) sw      gp, -642(t5)
core   0: 3 0x8000a286 (0xd63f2f23) mem 0x80010000 0x00000001
core   0: 0x8000a28a (0x0000bfe5) c.j     pc - 8
core   0: 3 0x8000a28a (0xbfe5)
core   0: 0x8000a282 (0x00006f17) auipc   t5, 0x6
core   0: 3 0x8000a282 (0x00006f17) x30 0x80010282
core   0: 0x8000a286 (0xd63f2f23) sw      gp, -642(t5)
core   0: 3 0x8000a286 (0xd63f2f23) mem 0x80010000 0x00000001
core   0: 0x8000a28a (0x0000bfe5) c.j     pc - 8
core   0: 3 0x8000a28a (0xbfe5)
core   0: 0x8000a282 (0x00006f17) auipc   t5, 0x6
core   0: 3 0x8000a282 (0x00006f17) x30 0x80010282
core   0: 0x8000a286 (0xd63f2f23) sw      gp, -642(t5)
core   0: 3 0x8000a286 (0xd63f2f23) mem 0x80010000 0x00000001
core   0: 0x8000a28a (0x0000bfe5) c.j     pc - 8
core   0: 3 0x8000a28a (0xbfe5)
core   0: 0x8000a282 (0x00006f17) auipc   t5, 0x6
core   0: 3 0x8000a282 (0x00006f17) x30 0x80010282
core   0: 0x8000a286 (0xd63f2f23) sw      gp, -642(t5)
core   0: 3 0x8000a286 (0xd63f2f23) mem 0x80010000 0x00000001
core   0: 0x8000a28a (0x0000bfe5) c.j     pc - 8
core   0: 3 0x8000a28a (0xbfe5)
core   0: 0x8000a282 (0x00006f17) auipc   t5, 0x6
core   0: 3 0x8000a282 (0x00006f17) x30 0x80010282
core   0: 0x8000a286 (0xd63f2f23) sw      gp, -642(t5)
core   0: 3 0x8000a286 (0xd63f2f23) mem 0x80010000 0x00000001
core   0: 0x8000a28a (0x0000bfe5) c.j     pc - 8
core   0: 3 0x8000a28a (0xbfe5)
core   0: 0x8000a282 (0x00006f17) auipc   t5, 0x6
core   0: 3 0x8000a282 (0x00006f17) x30 0x80010282
core   0: 0x8000a286 (0xd63f2f23) sw      gp, -642(t5)
core   0: 3 0x8000a286 (0xd63f2f23) mem 0x80010000 0x00000001
core   0: 0x8000a28a (0x0000bfe5) c.j     pc - 8
core   0: 3 0x8000a28a (0xbfe5)
core   0: 0x8000a282 (0x00006f17) auipc   t5, 0x6
core   0: 3 0x8000a282 (0x00006f17) x30 0x80010282
core   0: 0x8000a286 (0xd63f2f23) sw      gp, -642(t5)
core   0: 3 0x8000a286 (0xd63f2f23) mem 0x80010000 0x00000001
core   0: 0x8000a28a (0x0000bfe5) c.j     pc - 8
core   0: 3 0x8000a28a (0xbfe5)
core   0: 0x8000a282 (0x00006f17) auipc   t5, 0x6
core   0: 3 0x8000a282 (0x00006f17) x30 0x80010282
core   0: 0x8000a286 (0xd63f2f23) sw      gp, -642(t5)
core   0: 3 0x8000a286 (0xd63f2f23) mem 0x80010000 0x00000001
core   0: 0x8000a28a (0x0000bfe5) c.j     pc - 8
core   0: 3 0x8000a28a (0xbfe5)
core   0: 0x8000a282 (0x00006f17) auipc   t5, 0x6
core   0: 3 0x8000a282 (0x00006f17) x30 0x80010282
core   0: 0x8000a286 (0xd63f2f23) sw      gp, -642(t5)
core   0: 3 0x8000a286 (0xd63f2f23) mem 0x80010000 0x00000001
core   0: 0x8000a28a (0x0000bfe5) c.j     pc - 8
core   0: 3 0x8000a28a (0xbfe5)
core   0: 0x8000a282 (0x00006f17) auipc   t5, 0x6
core   0: 3 0x8000a282 (0x00006f17) x30 0x80010282
core   0: 0x8000a286 (0xd63f2f23) sw      gp, -642(t5)
core   0: 3 0x8000a286 (0xd63f2f23) mem 0x80010000 0x00000001
core   0: 0x8000a28a (0x0000bfe5) c.j     pc - 8
core   0: 3 0x8000a28a (0xbfe5)
core   0: 0x8000a282 (0x00006f17) auipc   t5, 0x6
core   0: 3 0x8000a282 (0x00006f17) x30 0x80010282
core   0: 0x8000a286 (0xd63f2f23) sw      gp, -642(t5)
core   0: 3 0x8000a286 (0xd63f2f23) mem 0x80010000 0x00000001
core   0: 0x8000a28a (0x0000bfe5) c.j     pc - 8
core   0: 3 0x8000a28a (0xbfe5)
core   0: 0x8000a282 (0x00006f17) auipc   t5, 0x6
core   0: 3 0x8000a282 (0x00006f17) x30 0x80010282
core   0: 0x8000a286 (0xd63f2f23) sw      gp, -642(t5)
core   0: 3 0x8000a286 (0xd63f2f23) mem 0x80010000 0x00000001
core   0: 0x8000a28a (0x0000bfe5) c.j     pc - 8
core   0: 3 0x8000a28a (0xbfe5)
core   0: 0x8000a282 (0x00006f17) auipc   t5, 0x6
core   0: 3 0x8000a282 (0x00006f17) x30 0x80010282
core   0: 0x8000a286 (0xd63f2f23) sw      gp, -642(t5)
core   0: 3 0x8000a286 (0xd63f2f23) mem 0x80010000 0x00000001
core   0: 0x8000a28a (0x0000bfe5) c.j     pc - 8
core   0: 3 0x8000a28a (0xbfe5)
core   0: 0x8000a282 (0x00006f17) auipc   t5, 0x6
core   0: 3 0x8000a282 (0x00006f17) x30 0x80010282
core   0: 0x8000a286 (0xd63f2f23) sw      gp, -642(t5)
core   0: 3 0x8000a286 (0xd63f2f23) mem 0x80010000 0x00000001
core   0: 0x8000a28a (0x0000bfe5) c.j     pc - 8
core   0: 3 0x8000a28a (0xbfe5)
core   0: 0x8000a282 (0x00006f17) auipc   t5, 0x6
core   0: 3 0x8000a282 (0x00006f17) x30 0x80010282
core   0: 0x8000a286 (0xd63f2f23) sw      gp, -642(t5)
core   0: 3 0x8000a286 (0xd63f2f23) mem 0x80010000 0x00000001
core   0: 0x8000a28a (0x0000bfe5) c.j     pc - 8
core   0: 3 0x8000a28a (0xbfe5)
core   0: 0x8000a282 (0x00006f17) auipc   t5, 0x6
core   0: 3 0x8000a282 (0x00006f17) x30 0x80010282
core   0: 0x8000a286 (0xd63f2f23) sw      gp, -642(t5)
core   0: 3 0x8000a286 (0xd63f2f23) mem 0x80010000 0x00000001
core   0: 0x8000a28a (0x0000bfe5) c.j     pc - 8
core   0: 3 0x8000a28a (0xbfe5)
core   0: 0x8000a282 (0x00006f17) auipc   t5, 0x6
core   0: 3 0x8000a282 (0x00006f17) x30 0x80010282
core   0: 0x8000a286 (0xd63f2f23) sw      gp, -642(t5)
core   0: 3 0x8000a286 (0xd63f2f23) mem 0x80010000 0x00000001
core   0: 0x8000a28a (0x0000bfe5) c.j     pc - 8
core   0: 3 0x8000a28a (0xbfe5)
core   0: 0x8000a282 (0x00006f17) auipc   t5, 0x6
core   0: 3 0x8000a282 (0x00006f17) x30 0x80010282
core   0: 0x8000a286 (0xd63f2f23) sw      gp, -642(t5)
core   0: 3 0x8000a286 (0xd63f2f23) mem 0x80010000 0x00000001
core   0: 0x8000a28a (0x0000bfe5) c.j     pc - 8
core   0: 3 0x8000a28a (0xbfe5)
core   0: 0x8000a282 (0x00006f17) auipc   t5, 0x6
core   0: 3 0x8000a282 (0x00006f17) x30 0x80010282
core   0: 0x8000a286 (0xd63f2f23) sw      gp, -642(t5)
core   0: 3 0x8000a286 (0xd63f2f23) mem 0x80010000 0x00000001
core   0: 0x8000a28a (0x0000bfe5) c.j     pc - 8
core   0: 3 0x8000a28a (0xbfe5)
core   0: 0x8000a282 (0x00006f17) auipc   t5, 0x6
core   0: 3 0x8000a282 (0x00006f17) x30 0x80010282
core   0: 0x8000a286 (0xd63f2f23) sw      gp, -642(t5)
core   0: 3 0x8000a286 (0xd63f2f23) mem 0x80010000 0x00000001
core   0: 0x8000a28a (0x0000bfe5) c.j     pc - 8
core   0: 3 0x8000a28a (0xbfe5)
core   0: 0x8000a282 (0x00006f17) auipc   t5, 0x6
core   0: 3 0x8000a282 (0x00006f17) x30 0x80010282
core   0: 0x8000a286 (0xd63f2f23) sw      gp, -642(t5)
core   0: 3 0x8000a286 (0xd63f2f23) mem 0x80010000 0x00000001
core   0: 0x8000a28a (0x0000bfe5) c.j     pc - 8
core   0: 3 0x8000a28a (0xbfe5)
core   0: 0x8000a282 (0x00006f17) auipc   t5, 0x6
core   0: 3 0x8000a282 (0x00006f17) x30 0x80010282
core   0: 0x8000a286 (0xd63f2f23) sw      gp, -642(t5)
core   0: 3 0x8000a286 (0xd63f2f23) mem 0x80010000 0x00000001
core   0: 0x8000a28a (0x0000bfe5) c.j     pc - 8
core   0: 3 0x8000a28a (0xbfe5)
core   0: 0x8000a282 (0x00006f17) auipc   t5, 0x6
core   0: 3 0x8000a282 (0x00006f17) x30 0x80010282
core   0: 0x8000a286 (0xd63f2f23) sw      gp, -642(t5)
core   0: 3 0x8000a286 (0xd63f2f23) mem 0x80010000 0x00000001
core   0: 0x8000a28a (0x0000bfe5) c.j     pc - 8
core   0: 3 0x8000a28a (0xbfe5)
core   0: 0x8000a282 (0x00006f17) auipc   t5, 0x6
core   0: 3 0x8000a282 (0x00006f17) x30 0x80010282
core   0: 0x8000a286 (0xd63f2f23) sw      gp, -642(t5)
core   0: 3 0x8000a286 (0xd63f2f23) mem 0x80010000 0x00000001
core   0: 0x8000a28a (0x0000bfe5) c.j     pc - 8
core   0: 3 0x8000a28a (0xbfe5)
core   0: 0x8000a282 (0x00006f17) auipc   t5, 0x6
core   0: 3 0x8000a282 (0x00006f17) x30 0x80010282
core   0: 0x8000a286 (0xd63f2f23) sw      gp, -642(t5)
core   0: 3 0x8000a286 (0xd63f2f23) mem 0x80010000 0x00000001
core   0: 0x8000a28a (0x0000bfe5) c.j     pc - 8
core   0: 3 0x8000a28a (0xbfe5)
core   0: 0x8000a282 (0x00006f17) auipc   t5, 0x6
core   0: 3 0x8000a282 (0x00006f17) x30 0x80010282
core   0: 0x8000a286 (0xd63f2f23) sw      gp, -642(t5)
core   0: 3 0x8000a286 (0xd63f2f23) mem 0x80010000 0x00000001
