core   0: 0x00001000 (0x00000297) auipc   t0, 0x0
core   0: 3 0x00001000 (0x00000297) x5  0x00001000
core   0: 0x00001004 (0x02028593) addi    a1, t0, 32
core   0: 3 0x00001004 (0x02028593) x11 0x00001020
core   0: 0x00001008 (0xf1402573) csrr    a0, mhartid
core   0: 3 0x00001008 (0xf1402573) x10 0x00000000
core   0: 0x0000100c (0x0182a283) lw      t0, 24(t0)
core   0: 3 0x0000100c (0x0182a283) x5  0x80000000 mem 0x00001018
core   0: 0x00001010 (0x00028067) jr      t0
core   0: 3 0x00001010 (0x00028067)
core   0: 0x80000000 (0xf14022f3) csrr    t0, mhartid
core   0: 3 0x80000000 (0xf14022f3) x5  0x00000000
core   0: 0x80000004 (0x00004301) c.li    t1, 0
core   0: 3 0x80000004 (0x4301) x6  0x00000000
core   0: 0x80000006 (0x00628263) beq     t0, t1, pc + 4
core   0: 3 0x80000006 (0x00628263)
core   0: 0x8000000a (0x00000e97) auipc   t4, 0x0
core   0: 3 0x8000000a (0x00000e97) x29 0x8000000a
core   0: 0x8000000e (0x00ce8e93) addi    t4, t4, 12
core   0: 3 0x8000000e (0x00ce8e93) x29 0x80000016
core   0: 0x80000012 (0x000e8067) jr      t4
core   0: 3 0x80000012 (0x000e8067)
core   0: 0x80000016 (0x400015b7) lui     a1, 0x40001
core   0: 3 0x80000016 (0x400015b7) x11 0x40001000
core   0: 0x8000001a (0x10558593) addi    a1, a1, 261
core   0: 3 0x8000001a (0x10558593) x11 0x40001105
core   0: 0x8000001e (0x30159073) csrw    misa, a1
core   0: 3 0x8000001e (0x30159073) c769_misa 0x40141105
core   0: 0x80000022 (0x0002a217) auipc   tp, 0x2a
core   0: 3 0x80000022 (0x0002a217) x4  0x8002a022
core   0: 0x80000026 (0xd0220213) addi    tp, tp, -766
core   0: 3 0x80000026 (0xd0220213) x4  0x80029d24
core   0: 0x8000002a (0x0000c597) auipc   a1, 0xc
core   0: 3 0x8000002a (0x0000c597) x11 0x8000c02a
core   0: 0x8000002e (0xba658593) addi    a1, a1, -1114
core   0: 3 0x8000002e (0xba658593) x11 0x8000bbd0
core   0: 0x80000032 (0x0015e593) ori     a1, a1, 1
core   0: 3 0x80000032 (0x0015e593) x11 0x8000bbd1
core   0: 0x80000036 (0x30559073) csrw    mtvec, a1
core   0: 3 0x80000036 (0x30559073) c773_mtvec 0x8000bbd1
core   0: 0x8000003a (0x00000597) auipc   a1, 0x0
core   0: 3 0x8000003a (0x00000597) x11 0x8000003a
core   0: 0x8000003e (0x02258593) addi    a1, a1, 34
core   0: 3 0x8000003e (0x02258593) x11 0x8000005c
core   0: 0x80000042 (0x34159073) csrw    mepc, a1
core   0: 3 0x80000042 (0x34159073) c833_mepc 0x8000005c
core   0: 0x80000046 (0x00000001) c.nop
core   0: 3 0x80000046 (0x0001)
core   0: 0x80000048 (0x00006589) c.lui   a1, 0x2
core   0: 3 0x80000048 (0x6589) x11 0x00002000
core   0: 0x8000004a (0x80058593) addi    a1, a1, -2048
core   0: 3 0x8000004a (0x80058593) x11 0x00001800
core   0: 0x8000004e (0x30059073) csrw    mstatus, a1
core   0: 3 0x8000004e (0x30059073) c768_mstatus 0x00001800
core   0: 0x80000052 (0x00004581) c.li    a1, 0
core   0: 3 0x80000052 (0x4581) x11 0x00000000
core   0: 0x80000054 (0x30459073) csrw    mie, a1
core   0: 3 0x80000054 (0x30459073) c772_mie 0x00000000
core   0: 0x80000058 (0x30200073) mret
core   0: 3 0x80000058 (0x30200073) c784_mstatush 0x00000000 c768_mstatus 0x00000080
core   0: >>>>  init
core   0: 0x8000005c (0x80000037) lui     zero, 0x80000
core   0: 3 0x8000005c (0x80000037)
core   0: 0x80000060 (0x00000001) c.nop
core   0: 3 0x80000060 (0x0001)
core   0: 0x80000062 (0x7e83d0b7) lui     ra, 0x7e83d
core   0: 3 0x80000062 (0x7e83d0b7) x1  0x7e83d000
core   0: 0x80000066 (0x40d08093) addi    ra, ra, 1037
core   0: 3 0x80000066 (0x40d08093) x1  0x7e83d40d
core   0: 0x8000006a (0x80000137) lui     sp, 0x80000
core   0: 3 0x8000006a (0x80000137) x2  0x80000000
core   0: 0x8000006e (0x00004181) c.li    gp, 0
core   0: 3 0x8000006e (0x4181) x3  0x00000000
core   0: 0x80000070 (0x000042ad) c.li    t0, 11
core   0: 3 0x80000070 (0x42ad) x5  0x0000000b
core   0: 0x80000072 (0x80000337) lui     t1, 0x80000
core   0: 3 0x80000072 (0x80000337) x6  0x80000000
core   0: 0x80000076 (0x000043bd) c.li    t2, 15
core   0: 3 0x80000076 (0x43bd) x7  0x0000000f
core   0: 0x80000078 (0x00004401) c.li    s0, 0
core   0: 3 0x80000078 (0x4401) x8  0x00000000
core   0: 0x8000007a (0x800004b7) lui     s1, 0x80000
core   0: 3 0x8000007a (0x800004b7) x9  0x80000000
core   0: 0x8000007e (0x80000537) lui     a0, 0x80000
core   0: 3 0x8000007e (0x80000537) x10 0x80000000
core   0: 0x80000082 (0x00004581) c.li    a1, 0
core   0: 3 0x80000082 (0x4581) x11 0x00000000
core   0: 0x80000084 (0xf3a5f637) lui     a2, 0xf3a5f
core   0: 3 0x80000084 (0xf3a5f637) x12 0xf3a5f000
core   0: 0x80000088 (0x40760613) addi    a2, a2, 1031
core   0: 3 0x80000088 (0x40760613) x12 0xf3a5f407
core   0: 0x8000008c (0xfa95c6b7) lui     a3, 0xfa95c
core   0: 3 0x8000008c (0xfa95c6b7) x13 0xfa95c000
core   0: 0x80000090 (0x15568693) addi    a3, a3, 341
core   0: 3 0x80000090 (0x15568693) x13 0xfa95c155
core   0: 0x80000094 (0xc365c737) lui     a4, 0xc365c
core   0: 3 0x80000094 (0xc365c737) x14 0xc365c000
core   0: 0x80000098 (0x89670713) addi    a4, a4, -1898
core   0: 3 0x80000098 (0x89670713) x14 0xc365b896
core   0: 0x8000009c (0xfee747b7) lui     a5, 0xfee74
core   0: 3 0x8000009c (0xfee747b7) x15 0xfee74000
core   0: 0x800000a0 (0x81d78793) addi    a5, a5, -2019
core   0: 3 0x800000a0 (0x81d78793) x15 0xfee7381d
core   0: 0x800000a4 (0x00004801) c.li    a6, 0
core   0: 3 0x800000a4 (0x4801) x16 0x00000000
core   0: 0x800000a6 (0xf541c8b7) lui     a7, 0xf541c
core   0: 3 0x800000a6 (0xf541c8b7) x17 0xf541c000
core   0: 0x800000aa (0xb0a88893) addi    a7, a7, -1270
core   0: 3 0x800000aa (0xb0a88893) x17 0xf541bb0a
core   0: 0x800000ae (0x0000491d) c.li    s2, 7
core   0: 3 0x800000ae (0x491d) x18 0x00000007
core   0: 0x800000b0 (0x800009b7) lui     s3, 0x80000
core   0: 3 0x800000b0 (0x800009b7) x19 0x80000000
core   0: 0x800000b4 (0x80000a37) lui     s4, 0x80000
core   0: 3 0x800000b4 (0x80000a37) x20 0x80000000
core   0: 0x800000b8 (0xa65b8ab7) lui     s5, 0xa65b8
core   0: 3 0x800000b8 (0xa65b8ab7) x21 0xa65b8000
core   0: 0x800000bc (0xc5ca8a93) addi    s5, s5, -932
core   0: 3 0x800000bc (0xc5ca8a93) x21 0xa65b7c5c
core   0: 0x800000c0 (0x00004b01) c.li    s6, 0
core   0: 3 0x800000c0 (0x4b01) x22 0x00000000
core   0: 0x800000c2 (0x00004bb1) c.li    s7, 12
core   0: 3 0x800000c2 (0x4bb1) x23 0x0000000c
core   0: 0x800000c4 (0x00004c05) c.li    s8, 1
core   0: 3 0x800000c4 (0x4c05) x24 0x00000001
core   0: 0x800000c6 (0x80000cb7) lui     s9, 0x80000
core   0: 3 0x800000c6 (0x80000cb7) x25 0x80000000
core   0: 0x800000ca (0x0d601d37) lui     s10, 0xd601
core   0: 3 0x800000ca (0x0d601d37) x26 0x0d601000
core   0: 0x800000ce (0xb1ad0d13) addi    s10, s10, -1254
core   0: 3 0x800000ce (0xb1ad0d13) x26 0x0d600b1a
core   0: 0x800000d2 (0x6aae3db7) lui     s11, 0x6aae3
core   0: 3 0x800000d2 (0x6aae3db7) x27 0x6aae3000
core   0: 0x800000d6 (0x3e5d8d93) addi    s11, s11, 997
core   0: 3 0x800000d6 (0x3e5d8d93) x27 0x6aae33e5
core   0: 0x800000da (0x307a5eb7) lui     t4, 0x307a5
core   0: 3 0x800000da (0x307a5eb7) x29 0x307a5000
core   0: 0x800000de (0xb70e8e93) addi    t4, t4, -1168
core   0: 3 0x800000de (0xb70e8e93) x29 0x307a4b70
core   0: 0x800000e2 (0x00004f25) c.li    t5, 9
core   0: 3 0x800000e2 (0x4f25) x30 0x00000009
core   0: 0x800000e4 (0x00004f89) c.li    t6, 2
core   0: 3 0x800000e4 (0x4f89) x31 0x00000002
core   0: 0x800000e6 (0x00026e17) auipc   t3, 0x26
core   0: 3 0x800000e6 (0x00026e17) x28 0x800260e6
core   0: 0x800000ea (0xdbee0e13) addi    t3, t3, -578
core   0: 3 0x800000ea (0xdbee0e13) x28 0x80025ea4
core   0: 0x800000ee (0x00004f0d) c.li    t5, 3
core   0: 3 0x800000ee (0x4f0d) x30 0x00000003
core   0: 0x800000f0 (0x400b5933) sra     s2, s6, zero
core   0: 3 0x800000f0 (0x400b5933) x18 0x00000000
core   0: 0x800000f4 (0x00008e95) c.sub   a3, a3
core   0: 3 0x800000f4 (0x8e95) x13 0x00000000
core   0: 0x800000f6 (0x01088a33) add     s4, a7, a6
core   0: 3 0x800000f6 (0x01088a33) x20 0xf541bb0a
core   0: 0x800000fa (0x00008e25) c.xor   a2, s1
core   0: 3 0x800000fa (0x8e25) x12 0x73a5f407
core   0: 0x800000fc (0x41a806b3) sub     a3, a6, s10
core   0: 3 0x800000fc (0x41a806b3) x13 0xf29ff4e6
core   0: 0x80000100 (0x0000448d) c.li    s1, 3
core   0: 3 0x80000100 (0x448d) x9  0x00000003
core   0: 0x80000102 (0x79ca4bb7) lui     s7, 0x79ca4
core   0: 3 0x80000102 (0x79ca4bb7) x23 0x79ca4000
core   0: 0x80000106 (0x2c485817) auipc   a6, 0x2c485
core   0: 3 0x80000106 (0x2c485817) x16 0xac485106
core   0: 0x8000010a (0x01cf9593) slli    a1, t6, 28
core   0: 3 0x8000010a (0x01cf9593) x11 0x20000000
core   0: 0x8000010e (0x00009d12) c.add   s10, tp
core   0: 3 0x8000010e (0x9d12) x26 0x8d62a83e
core   0: 0x80000110 (0x00001f79) c.addi  t5, -2
core   0: 3 0x80000110 (0x1f79) x30 0x00000001
core   0: 0x80000112 (0x02faa2b3) mulhsu  t0, s5, a5
core   0: 3 0x80000112 (0x02faa2b3) x5  0xa6bdce4a
core   0: 0x80000116 (0xfe9f78e3) bgeu    t5, s1, pc - 16
core   0: 3 0x80000116 (0xfe9f78e3)
core   0: 0x8000011a (0x000095da) c.add   a1, s6
core   0: 3 0x8000011a (0x95da) x11 0x20000000
core   0: 0x8000011c (0x00004485) c.li    s1, 1
core   0: 3 0x8000011c (0x4485) x9  0x00000001
core   0: 0x8000011e (0x0217a133) mulhsu  sp, a5, ra
core   0: 3 0x8000011e (0x0217a133) x2  0xff753d07
core   0: 0x80000122 (0x41428b33) sub     s6, t0, s4
core   0: 3 0x80000122 (0x41428b33) x22 0xb17c1340
core   0: 0x80000126 (0x01798b33) add     s6, s3, s7
core   0: 3 0x80000126 (0x01798b33) x22 0xf9ca4000
core   0: 0x8000012a (0xa4a1cf93) xori    t6, gp, -1462
core   0: 3 0x8000012a (0xa4a1cf93) x31 0xfffffa4a
core   0: 0x8000012e (0x00008166) c.mv    sp, s9
core   0: 3 0x8000012e (0x8166) x2  0x80000000
core   0: 0x80000130 (0x00f16433) or      s0, sp, a5
core   0: 3 0x80000130 (0x00f16433) x8  0xfee7381d
core   0: 0x80000134 (0x01859633) sll     a2, a1, s8
core   0: 3 0x80000134 (0x01859633) x12 0x40000000
core   0: 0x80000138 (0x4190d9b3) sra     s3, ra, s9
core   0: 3 0x80000138 (0x4190d9b3) x19 0x7e83d40d
core   0: 0x8000013c (0x00005bbd) c.li    s7, -17
core   0: 3 0x8000013c (0x5bbd) x23 0xffffffef
core   0: 0x8000013e (0x02e299b3) mulh    s3, t0, a4
core   0: 3 0x8000013e (0x02e299b3) x19 0x15214e5e
core   0: 0x80000142 (0x0000997d) c.andi  a0, -1
core   0: 3 0x80000142 (0x997d) x10 0x80000000
core   0: 0x80000144 (0x000014e5) c.addi  s1, -7
core   0: 3 0x80000144 (0x14e5) x9  0xfffffffa
core   0: 0x80000146 (0x03b2f433) remu    s0, t0, s11
core   0: 3 0x80000146 (0x03b2f433) x8  0x3c0f9a65
core   0: 0x8000014a (0x00004181) c.li    gp, 0
core   0: 3 0x8000014a (0x4181) x3  0x00000000
core   0: 0x8000014c (0x00006f8d) c.lui   t6, 0x3
core   0: 3 0x8000014c (0x6f8d) x31 0x00003000
core   0: 0x8000014e (0x00005b7d) c.li    s6, -1
core   0: 3 0x8000014e (0x5b7d) x22 0xffffffff
core   0: 0x80000150 (0x0000717d) c.addi16sp sp, -16
core   0: 3 0x80000150 (0x717d) x2  0x7ffffff0
core   0: 0x80000152 (0x00005a59) c.li    s4, -10
core   0: 3 0x80000152 (0x5a59) x20 0xfffffff6
core   0: 0x80000154 (0x000006cd) c.addi  a3, 19
core   0: 3 0x80000154 (0x06cd) x13 0xf29ff4f9
core   0: 0x80000156 (0x03db5d33) divu    s10, s6, t4
core   0: 3 0x80000156 (0x03db5d33) x26 0x00000005
core   0: 0x8000015a (0x03ee2933) mulhsu  s2, t3, t5
core   0: 3 0x8000015a (0x03ee2933) x18 0xffffffff
core   0: 0x8000015e (0x000011d9) c.addi  gp, -10
core   0: 3 0x8000015e (0x11d9) x3  0xfffffff6
core   0: 0x80000160 (0x031c7933) remu    s2, s8, a7
core   0: 3 0x80000160 (0x031c7933) x18 0x00000001
core   0: 0x80000164 (0x00008dd1) c.or    a1, a2
core   0: 3 0x80000164 (0x8dd1) x11 0x60000000
core   0: 0x80000166 (0xff41d7e3) bge     gp, s4, pc - 18
core   0: 3 0x80000166 (0xff41d7e3)
core   0: 0x80000154 (0x000006cd) c.addi  a3, 19
core   0: 3 0x80000154 (0x06cd) x13 0xf29ff50c
core   0: 0x80000156 (0x03db5d33) divu    s10, s6, t4
core   0: 3 0x80000156 (0x03db5d33) x26 0x00000005
core   0: 0x8000015a (0x03ee2933) mulhsu  s2, t3, t5
core   0: 3 0x8000015a (0x03ee2933) x18 0xffffffff
core   0: 0x8000015e (0x000011d9) c.addi  gp, -10
core   0: 3 0x8000015e (0x11d9) x3  0xffffffec
core   0: 0x80000160 (0x031c7933) remu    s2, s8, a7
core   0: 3 0x80000160 (0x031c7933) x18 0x00000001
core   0: 0x80000164 (0x00008dd1) c.or    a1, a2
core   0: 3 0x80000164 (0x8dd1) x11 0x60000000
core   0: 0x80000166 (0xff41d7e3) bge     gp, s4, pc - 18
core   0: 3 0x80000166 (0xff41d7e3)
core   0: 0x8000016a (0x02624633) div     a2, tp, t1
core   0: 3 0x8000016a (0x02624633) x12 0x00000000
core   0: 0x8000016e (0x000090ca) c.add   ra, s2
core   0: 3 0x8000016e (0x90ca) x1  0x7e83d40e
core   0: 0x80000170 (0x0000839d) c.srli  a5, 7
core   0: 3 0x80000170 (0x839d) x15 0x01fdce70
core   0: 0x80000172 (0x000092d2) c.add   t0, s4
core   0: 3 0x80000172 (0x92d2) x5  0xa6bdce40
core   0: 0x80000174 (0x18da3093) sltiu   ra, s4, 397
core   0: 3 0x80000174 (0x18da3093) x1  0x00000000
core   0: 0x80000178 (0x415d8033) sub     zero, s11, s5
core   0: 3 0x80000178 (0x415d8033)
core   0: 0x8000017c (0xfd74d3e3) bge     s1, s7, pc - 58
core   0: 3 0x8000017c (0xfd74d3e3)
core   0: 0x80000142 (0x0000997d) c.andi  a0, -1
core   0: 3 0x80000142 (0x997d) x10 0x80000000
core   0: 0x80000144 (0x000014e5) c.addi  s1, -7
core   0: 3 0x80000144 (0x14e5) x9  0xfffffff3
core   0: 0x80000146 (0x03b2f433) remu    s0, t0, s11
core   0: 3 0x80000146 (0x03b2f433) x8  0x3c0f9a5b
core   0: 0x8000014a (0x00004181) c.li    gp, 0
core   0: 3 0x8000014a (0x4181) x3  0x00000000
core   0: 0x8000014c (0x00006f8d) c.lui   t6, 0x3
core   0: 3 0x8000014c (0x6f8d) x31 0x00003000
core   0: 0x8000014e (0x00005b7d) c.li    s6, -1
core   0: 3 0x8000014e (0x5b7d) x22 0xffffffff
core   0: 0x80000150 (0x0000717d) c.addi16sp sp, -16
core   0: 3 0x80000150 (0x717d) x2  0x7fffffe0
core   0: 0x80000152 (0x00005a59) c.li    s4, -10
core   0: 3 0x80000152 (0x5a59) x20 0xfffffff6
core   0: 0x80000154 (0x000006cd) c.addi  a3, 19
core   0: 3 0x80000154 (0x06cd) x13 0xf29ff51f
core   0: 0x80000156 (0x03db5d33) divu    s10, s6, t4
core   0: 3 0x80000156 (0x03db5d33) x26 0x00000005
core   0: 0x8000015a (0x03ee2933) mulhsu  s2, t3, t5
core   0: 3 0x8000015a (0x03ee2933) x18 0xffffffff
core   0: 0x8000015e (0x000011d9) c.addi  gp, -10
core   0: 3 0x8000015e (0x11d9) x3  0xfffffff6
core   0: 0x80000160 (0x031c7933) remu    s2, s8, a7
core   0: 3 0x80000160 (0x031c7933) x18 0x00000001
core   0: 0x80000164 (0x00008dd1) c.or    a1, a2
core   0: 3 0x80000164 (0x8dd1) x11 0x60000000
core   0: 0x80000166 (0xff41d7e3) bge     gp, s4, pc - 18
core   0: 3 0x80000166 (0xff41d7e3)
core   0: 0x80000154 (0x000006cd) c.addi  a3, 19
core   0: 3 0x80000154 (0x06cd) x13 0xf29ff532
core   0: 0x80000156 (0x03db5d33) divu    s10, s6, t4
core   0: 3 0x80000156 (0x03db5d33) x26 0x00000005
core   0: 0x8000015a (0x03ee2933) mulhsu  s2, t3, t5
core   0: 3 0x8000015a (0x03ee2933) x18 0xffffffff
core   0: 0x8000015e (0x000011d9) c.addi  gp, -10
core   0: 3 0x8000015e (0x11d9) x3  0xffffffec
core   0: 0x80000160 (0x031c7933) remu    s2, s8, a7
core   0: 3 0x80000160 (0x031c7933) x18 0x00000001
core   0: 0x80000164 (0x00008dd1) c.or    a1, a2
core   0: 3 0x80000164 (0x8dd1) x11 0x60000000
core   0: 0x80000166 (0xff41d7e3) bge     gp, s4, pc - 18
core   0: 3 0x80000166 (0xff41d7e3)
core   0: 0x8000016a (0x02624633) div     a2, tp, t1
core   0: 3 0x8000016a (0x02624633) x12 0x00000000
core   0: 0x8000016e (0x000090ca) c.add   ra, s2
core   0: 3 0x8000016e (0x90ca) x1  0x00000001
core   0: 0x80000170 (0x0000839d) c.srli  a5, 7
core   0: 3 0x80000170 (0x839d) x15 0x0003fb9c
core   0: 0x80000172 (0x000092d2) c.add   t0, s4
core   0: 3 0x80000172 (0x92d2) x5  0xa6bdce36
core   0: 0x80000174 (0x18da3093) sltiu   ra, s4, 397
core   0: 3 0x80000174 (0x18da3093) x1  0x00000000
core   0: 0x80000178 (0x415d8033) sub     zero, s11, s5
core   0: 3 0x80000178 (0x415d8033)
core   0: 0x8000017c (0xfd74d3e3) bge     s1, s7, pc - 58
core   0: 3 0x8000017c (0xfd74d3e3)
core   0: 0x80000142 (0x0000997d) c.andi  a0, -1
core   0: 3 0x80000142 (0x997d) x10 0x80000000
core   0: 0x80000144 (0x000014e5) c.addi  s1, -7
core   0: 3 0x80000144 (0x14e5) x9  0xffffffec
core   0: 0x80000146 (0x03b2f433) remu    s0, t0, s11
core   0: 3 0x80000146 (0x03b2f433) x8  0x3c0f9a51
core   0: 0x8000014a (0x00004181) c.li    gp, 0
core   0: 3 0x8000014a (0x4181) x3  0x00000000
core   0: 0x8000014c (0x00006f8d) c.lui   t6, 0x3
core   0: 3 0x8000014c (0x6f8d) x31 0x00003000
core   0: 0x8000014e (0x00005b7d) c.li    s6, -1
core   0: 3 0x8000014e (0x5b7d) x22 0xffffffff
core   0: 0x80000150 (0x0000717d) c.addi16sp sp, -16
core   0: 3 0x80000150 (0x717d) x2  0x7fffffd0
core   0: 0x80000152 (0x00005a59) c.li    s4, -10
core   0: 3 0x80000152 (0x5a59) x20 0xfffffff6
core   0: 0x80000154 (0x000006cd) c.addi  a3, 19
core   0: 3 0x80000154 (0x06cd) x13 0xf29ff545
core   0: 0x80000156 (0x03db5d33) divu    s10, s6, t4
core   0: 3 0x80000156 (0x03db5d33) x26 0x00000005
core   0: 0x8000015a (0x03ee2933) mulhsu  s2, t3, t5
core   0: 3 0x8000015a (0x03ee2933) x18 0xffffffff
core   0: 0x8000015e (0x000011d9) c.addi  gp, -10
core   0: 3 0x8000015e (0x11d9) x3  0xfffffff6
core   0: 0x80000160 (0x031c7933) remu    s2, s8, a7
core   0: 3 0x80000160 (0x031c7933) x18 0x00000001
core   0: 0x80000164 (0x00008dd1) c.or    a1, a2
core   0: 3 0x80000164 (0x8dd1) x11 0x60000000
core   0: 0x80000166 (0xff41d7e3) bge     gp, s4, pc - 18
core   0: 3 0x80000166 (0xff41d7e3)
core   0: 0x80000154 (0x000006cd) c.addi  a3, 19
core   0: 3 0x80000154 (0x06cd) x13 0xf29ff558
core   0: 0x80000156 (0x03db5d33) divu    s10, s6, t4
core   0: 3 0x80000156 (0x03db5d33) x26 0x00000005
core   0: 0x8000015a (0x03ee2933) mulhsu  s2, t3, t5
core   0: 3 0x8000015a (0x03ee2933) x18 0xffffffff
core   0: 0x8000015e (0x000011d9) c.addi  gp, -10
core   0: 3 0x8000015e (0x11d9) x3  0xffffffec
core   0: 0x80000160 (0x031c7933) remu    s2, s8, a7
core   0: 3 0x80000160 (0x031c7933) x18 0x00000001
core   0: 0x80000164 (0x00008dd1) c.or    a1, a2
core   0: 3 0x80000164 (0x8dd1) x11 0x60000000
core   0: 0x80000166 (0xff41d7e3) bge     gp, s4, pc - 18
core   0: 3 0x80000166 (0xff41d7e3)
core   0: 0x8000016a (0x02624633) div     a2, tp, t1
core   0: 3 0x8000016a (0x02624633) x12 0x00000000
core   0: 0x8000016e (0x000090ca) c.add   ra, s2
core   0: 3 0x8000016e (0x90ca) x1  0x00000001
core   0: 0x80000170 (0x0000839d) c.srli  a5, 7
core   0: 3 0x80000170 (0x839d) x15 0x000007f7
core   0: 0x80000172 (0x000092d2) c.add   t0, s4
core   0: 3 0x80000172 (0x92d2) x5  0xa6bdce2c
core   0: 0x80000174 (0x18da3093) sltiu   ra, s4, 397
core   0: 3 0x80000174 (0x18da3093) x1  0x00000000
core   0: 0x80000178 (0x415d8033) sub     zero, s11, s5
core   0: 3 0x80000178 (0x415d8033)
core   0: 0x8000017c (0xfd74d3e3) bge     s1, s7, pc - 58
core   0: 3 0x8000017c (0xfd74d3e3)
core   0: 0x80000180 (0x0295a133) mulhsu  sp, a1, s1
core   0: 3 0x80000180 (0x0295a133) x2  0x5ffffff8
core   0: 0x80000184 (0x000056f5) c.li    a3, -3
core   0: 3 0x80000184 (0x56f5) x13 0xfffffffd
core   0: 0x80000186 (0x00005c39) c.li    s8, -18
core   0: 3 0x80000186 (0x5c39) x24 0xffffffee
core   0: 0x80000188 (0x00006659) c.lui   a2, 0x16
core   0: 3 0x80000188 (0x6659) x12 0x00016000
core   0: 0x8000018a (0x000016f5) c.addi  a3, -3
core   0: 3 0x8000018a (0x16f5) x13 0xfffffffa
core   0: 0x8000018c (0xff868ee3) beq     a3, s8, pc - 4
core   0: 3 0x8000018c (0xff868ee3)
core   0: 0x80000190 (0x01bdbab3) sltu    s5, s11, s11
core   0: 3 0x80000190 (0x01bdbab3) x21 0x00000000
core   0: 0x80000194 (0x00005d61) c.li    s10, -8
core   0: 3 0x80000194 (0x5d61) x26 0xfffffff8
core   0: 0x80000196 (0x0000468d) c.li    a3, 3
core   0: 3 0x80000196 (0x468d) x13 0x00000003
core   0: 0x80000198 (0x029e12b3) mulh    t0, t3, s1
core   0: 3 0x80000198 (0x029e12b3) x5  0x00000009
core   0: 0x8000019c (0x00000d0d) c.addi  s10, 3
core   0: 3 0x8000019c (0x0d0d) x26 0xfffffffb
core   0: 0x8000019e (0x00005469) c.li    s0, -6
core   0: 3 0x8000019e (0x5469) x8  0xfffffffa
core   0: 0x800001a0 (0x00000001) c.nop
core   0: 3 0x800001a0 (0x0001)
core   0: 0x800001a2 (0x00001c7d) c.addi  s8, -1
core   0: 3 0x800001a2 (0x1c7d) x24 0xffffffed
core   0: 0x800001a4 (0x662e6713) ori     a4, t3, 1634
core   0: 3 0x800001a4 (0x662e6713) x14 0x80025ee6
core   0: 0x800001a8 (0x00000405) c.addi  s0, 1
core   0: 3 0x800001a8 (0x0405) x8  0xfffffffb
core   0: 0x800001aa (0x0000dc6d) c.beqz  s0, pc - 6
core   0: 3 0x800001aa (0xdc6d)
core   0: 0x800001ac (0xfedd66e3) bltu    s10, a3, pc - 20
core   0: 3 0x800001ac (0xfedd66e3)
core   0: 0x800001b0 (0x41022493) slti    s1, tp, 1040
core   0: 3 0x800001b0 (0x41022493) x9  0x00000001
core   0: 0x800001b4 (0x000054f1) c.li    s1, -4
core   0: 3 0x800001b4 (0x54f1) x9  0xfffffffc
core   0: 0x800001b6 (0x00008c55) c.or    s0, a3
core   0: 3 0x800001b6 (0x8c55) x8  0xfffffffb
core   0: 0x800001b8 (0x00000001) c.nop
core   0: 3 0x800001b8 (0x0001)
core   0: 0x800001ba (0x010f1a93) slli    s5, t5, 16
core   0: 3 0x800001ba (0x010f1a93) x21 0x00010000
core   0: 0x800001be (0x00000001) c.nop
core   0: 3 0x800001be (0x0001)
core   0: 0x800001c0 (0x00000491) c.addi  s1, 4
core   0: 3 0x800001c0 (0x0491) x9  0x00000000
core   0: 0x800001c2 (0x00005cd9) c.li    s9, -10
core   0: 3 0x800001c2 (0x5cd9) x25 0xfffffff6
core   0: 0x800001c4 (0x00004c49) c.li    s8, 18
core   0: 3 0x800001c4 (0x4c49) x24 0x00000012
core   0: 0x800001c6 (0x00000001) c.nop
core   0: 3 0x800001c6 (0x0001)
core   0: 0x800001c8 (0x00000390) c.addi4spn a2, sp, 448
core   0: 3 0x800001c8 (0x0390) x12 0x600001b8
core   0: 0x800001ca (0x00000c8d) c.addi  s9, 3
core   0: 3 0x800001ca (0x0c8d) x25 0xfffffff9
core   0: 0x800001cc (0xff8ceee3) bltu    s9, s8, pc - 4
core   0: 3 0x800001cc (0xff8ceee3)
core   0: 0x800001d0 (0x0000f4fd) c.bnez  s1, pc - 18
core   0: 3 0x800001d0 (0xf4fd)
core   0: 0x800001d2 (0x00008fd1) c.or    a5, a2
core   0: 3 0x800001d2 (0x8fd1) x15 0x600007ff
core   0: 0x800001d4 (0x0000546d) c.li    s0, -5
core   0: 3 0x800001d4 (0x546d) x8  0xfffffffb
core   0: 0x800001d6 (0x00000001) c.nop
core   0: 3 0x800001d6 (0x0001)
core   0: 0x800001d8 (0x00ec0333) add     t1, s8, a4
core   0: 3 0x800001d8 (0x00ec0333) x6  0x80025ef8
core   0: 0x800001dc (0x00008129) c.srli  a0, 10
core   0: 3 0x800001dc (0x8129) x10 0x00200000
core   0: 0x800001de (0x000087ad) c.srai  a5, 11
core   0: 3 0x800001de (0x87ad) x15 0x000c0000
core   0: 0x800001e0 (0x001884b3) add     s1, a7, ra
core   0: 3 0x800001e0 (0x001884b3) x9  0xf541bb0a
core   0: 0x800001e4 (0x01331a33) sll     s4, t1, s3
core   0: 3 0x800001e4 (0x01331a33) x20 0x00000000
core   0: 0x800001e8 (0x00008d89) c.sub   a1, a0
core   0: 3 0x800001e8 (0x8d89) x11 0x5fe00000
core   0: 0x800001ea (0x0001ba33) sltu    s4, gp, zero
core   0: 3 0x800001ea (0x0001ba33) x20 0x00000000
core   0: 0x800001ee (0x02a016b3) mulh    a3, zero, a0
core   0: 3 0x800001ee (0x02a016b3) x13 0x00000000
core   0: 0x800001f2 (0x37d30513) addi    a0, t1, 893
core   0: 3 0x800001f2 (0x37d30513) x10 0x80026275
core   0: 0x800001f6 (0x000098fd) c.andi  s1, -1
core   0: 3 0x800001f6 (0x98fd) x9  0xf541bb0a
core   0: 0x800001f8 (0x00000405) c.addi  s0, 1
core   0: 3 0x800001f8 (0x0405) x8  0xfffffffc
core   0: 0x800001fa (0x00008f9d) c.sub   a5, a5
core   0: 3 0x800001fa (0x8f9d) x15 0x00000000
core   0: 0x800001fc (0x00ca1b93) slli    s7, s4, 12
core   0: 3 0x800001fc (0x00ca1b93) x23 0x00000000
core   0: 0x80000200 (0x3e020813) addi    a6, tp, 992
core   0: 3 0x80000200 (0x3e020813) x16 0x8002a104
core   0: 0x80000204 (0x017b5a93) srli    s5, s6, 23
core   0: 3 0x80000204 (0x017b5a93) x21 0x000001ff
core   0: 0x80000208 (0x000068f1) c.lui   a7, 0x1c
core   0: 3 0x80000208 (0x68f1) x17 0x0001c000
core   0: 0x8000020a (0x00008d85) c.sub   a1, s1
core   0: 3 0x8000020a (0x8d85) x11 0x6a9e44f6
core   0: 0x8000020c (0x0000d46d) c.beqz  s0, pc - 22
core   0: 3 0x8000020c (0xd46d)
core   0: 0x8000020e (0x0000838a) c.mv    t2, sp
core   0: 3 0x8000020e (0x838a) x7  0x5ffffff8
core   0: 0x80000210 (0x0000577d) c.li    a4, -1
core   0: 3 0x80000210 (0x577d) x14 0xffffffff
core   0: 0x80000212 (0xbc3b0493) addi    s1, s6, -1085
core   0: 3 0x80000212 (0xbc3b0493) x9  0xfffffbc2
core   0: 0x80000216 (0x00008655) c.srai  a2, 21
core   0: 3 0x80000216 (0x8655) x12 0x00000300
core   0: 0x80000218 (0x41d005b3) sub     a1, zero, t4
core   0: 3 0x80000218 (0x41d005b3) x11 0xcf85b490
core   0: 0x8000021c (0x633fb693) sltiu   a3, t6, 1587
core   0: 3 0x8000021c (0x633fb693) x13 0x00000000
core   0: 0x80000220 (0x02a0df33) divu    t5, ra, a0
core   0: 3 0x80000220 (0x02a0df33) x30 0x00000000
core   0: 0x80000224 (0x00004179) c.li    sp, 30
core   0: 3 0x80000224 (0x4179) x2  0x0000001e
core   0: 0x80000226 (0x03501f33) mulh    t5, zero, s5
core   0: 3 0x80000226 (0x03501f33) x30 0x00000000
core   0: 0x8000022a (0x00009c1a) c.add   s8, t1
core   0: 3 0x8000022a (0x9c1a) x24 0x80025f0a
core   0: 0x8000022c (0x000049c9) c.li    s3, 18
core   0: 3 0x8000022c (0x49c9) x19 0x00000012
core   0: 0x8000022e (0x00009a7d) c.andi  a2, -1
core   0: 3 0x8000022e (0x9a7d) x12 0x00000300
core   0: 0x80000230 (0x766ae893) ori     a7, s5, 1894
core   0: 3 0x80000230 (0x766ae893) x17 0x000007ff
core   0: 0x80000234 (0x408e5c13) srai    s8, t3, 8
core   0: 3 0x80000234 (0x408e5c13) x24 0xff80025e
core   0: 0x80000238 (0x0061c2b3) xor     t0, gp, t1
core   0: 3 0x80000238 (0x0061c2b3) x5  0x7ffda114
core   0: 0x8000023c (0x0058cf33) xor     t5, a7, t0
core   0: 3 0x8000023c (0x0058cf33) x30 0x7ffda6eb
core   0: 0x80000240 (0x0112aab3) slt     s5, t0, a7
core   0: 3 0x80000240 (0x0112aab3) x21 0x00000000
core   0: 0x80000244 (0x92951a17) auipc   s4, 0x92951
core   0: 3 0x80000244 (0x92951a17) x20 0x12951244
core   0: 0x80000248 (0x014d6fb3) or      t6, s10, s4
core   0: 3 0x80000248 (0x014d6fb3) x31 0xffffffff
core   0: 0x8000024c (0x03986533) rem     a0, a6, s9
core   0: 3 0x8000024c (0x03986533) x10 0xffffffff
core   0: 0x80000250 (0x0000996a) c.add   s2, s10
core   0: 3 0x80000250 (0x996a) x18 0xfffffffc
core   0: 0x80000252 (0x0000844d) c.srai  s0, 19
core   0: 3 0x80000252 (0x844d) x8  0xffffffff
core   0: 0x80000254 (0x00a1fcb3) and     s9, gp, a0
core   0: 3 0x80000254 (0x00a1fcb3) x25 0xffffffec
core   0: 0x80000258 (0x000097de) c.add   a5, s7
core   0: 3 0x80000258 (0x97de) x15 0x00000000
core   0: 0x8000025a (0x0357fbb3) remu    s7, a5, s5
core   0: 3 0x8000025a (0x0357fbb3) x23 0x00000000
core   0: 0x8000025e (0x93ace313) ori     t1, s9, -1734
core   0: 3 0x8000025e (0x93ace313) x6  0xfffffffe
core   0: 0x80000262 (0x00000705) c.addi  a4, 1
core   0: 3 0x80000262 (0x0705) x14 0x00000000
core   0: 0x80000264 (0x0208d333) divu    t1, a7, zero
core   0: 3 0x80000264 (0x0208d333) x6  0xffffffff
core   0: 0x80000268 (0x007bac33) slt     s8, s7, t2
core   0: 3 0x80000268 (0x007bac33) x24 0x00000001
core   0: 0x8000026c (0xff3710e3) bne     a4, s3, pc - 32
core   0: 3 0x8000026c (0xff3710e3)
core   0: 0x8000024c (0x03986533) rem     a0, a6, s9
core   0: 3 0x8000024c (0x03986533) x10 0xfffffff0
core   0: 0x80000250 (0x0000996a) c.add   s2, s10
core   0: 3 0x80000250 (0x996a) x18 0xfffffff7
core   0: 0x80000252 (0x0000844d) c.srai  s0, 19
core   0: 3 0x80000252 (0x844d) x8  0xffffffff
core   0: 0x80000254 (0x00a1fcb3) and     s9, gp, a0
core   0: 3 0x80000254 (0x00a1fcb3) x25 0xffffffe0
core   0: 0x80000258 (0x000097de) c.add   a5, s7
core   0: 3 0x80000258 (0x97de) x15 0x00000000
core   0: 0x8000025a (0x0357fbb3) remu    s7, a5, s5
core   0: 3 0x8000025a (0x0357fbb3) x23 0x00000000
core   0: 0x8000025e (0x93ace313) ori     t1, s9, -1734
core   0: 3 0x8000025e (0x93ace313) x6  0xfffffffa
core   0: 0x80000262 (0x00000705) c.addi  a4, 1
core   0: 3 0x80000262 (0x0705) x14 0x00000001
core   0: 0x80000264 (0x0208d333) divu    t1, a7, zero
core   0: 3 0x80000264 (0x0208d333) x6  0xffffffff
core   0: 0x80000268 (0x007bac33) slt     s8, s7, t2
core   0: 3 0x80000268 (0x007bac33) x24 0x00000001
core   0: 0x8000026c (0xff3710e3) bne     a4, s3, pc - 32
core   0: 3 0x8000026c (0xff3710e3)
core   0: 0x8000024c (0x03986533) rem     a0, a6, s9
core   0: 3 0x8000024c (0x03986533) x10 0xffffffe4
core   0: 0x80000250 (0x0000996a) c.add   s2, s10
core   0: 3 0x80000250 (0x996a) x18 0xfffffff2
core   0: 0x80000252 (0x0000844d) c.srai  s0, 19
core   0: 3 0x80000252 (0x844d) x8  0xffffffff
core   0: 0x80000254 (0x00a1fcb3) and     s9, gp, a0
core   0: 3 0x80000254 (0x00a1fcb3) x25 0xffffffe4
core   0: 0x80000258 (0x000097de) c.add   a5, s7
core   0: 3 0x80000258 (0x97de) x15 0x00000000
core   0: 0x8000025a (0x0357fbb3) remu    s7, a5, s5
core   0: 3 0x8000025a (0x0357fbb3) x23 0x00000000
core   0: 0x8000025e (0x93ace313) ori     t1, s9, -1734
core   0: 3 0x8000025e (0x93ace313) x6  0xfffffffe
core   0: 0x80000262 (0x00000705) c.addi  a4, 1
core   0: 3 0x80000262 (0x0705) x14 0x00000002
core   0: 0x80000264 (0x0208d333) divu    t1, a7, zero
core   0: 3 0x80000264 (0x0208d333) x6  0xffffffff
core   0: 0x80000268 (0x007bac33) slt     s8, s7, t2
core   0: 3 0x80000268 (0x007bac33) x24 0x00000001
core   0: 0x8000026c (0xff3710e3) bne     a4, s3, pc - 32
core   0: 3 0x8000026c (0xff3710e3)
core   0: 0x8000024c (0x03986533) rem     a0, a6, s9
core   0: 3 0x8000024c (0x03986533) x10 0xfffffff8
core   0: 0x80000250 (0x0000996a) c.add   s2, s10
core   0: 3 0x80000250 (0x996a) x18 0xffffffed
core   0: 0x80000252 (0x0000844d) c.srai  s0, 19
core   0: 3 0x80000252 (0x844d) x8  0xffffffff
core   0: 0x80000254 (0x00a1fcb3) and     s9, gp, a0
core   0: 3 0x80000254 (0x00a1fcb3) x25 0xffffffe8
core   0: 0x80000258 (0x000097de) c.add   a5, s7
core   0: 3 0x80000258 (0x97de) x15 0x00000000
core   0: 0x8000025a (0x0357fbb3) remu    s7, a5, s5
core   0: 3 0x8000025a (0x0357fbb3) x23 0x00000000
core   0: 0x8000025e (0x93ace313) ori     t1, s9, -1734
core   0: 3 0x8000025e (0x93ace313) x6  0xfffffffa
core   0: 0x80000262 (0x00000705) c.addi  a4, 1
core   0: 3 0x80000262 (0x0705) x14 0x00000003
core   0: 0x80000264 (0x0208d333) divu    t1, a7, zero
core   0: 3 0x80000264 (0x0208d333) x6  0xffffffff
core   0: 0x80000268 (0x007bac33) slt     s8, s7, t2
core   0: 3 0x80000268 (0x007bac33) x24 0x00000001
core   0: 0x8000026c (0xff3710e3) bne     a4, s3, pc - 32
core   0: 3 0x8000026c (0xff3710e3)
core   0: 0x8000024c (0x03986533) rem     a0, a6, s9
core   0: 3 0x8000024c (0x03986533) x10 0xfffffff4
core   0: 0x80000250 (0x0000996a) c.add   s2, s10
core   0: 3 0x80000250 (0x996a) x18 0xffffffe8
core   0: 0x80000252 (0x0000844d) c.srai  s0, 19
core   0: 3 0x80000252 (0x844d) x8  0xffffffff
core   0: 0x80000254 (0x00a1fcb3) and     s9, gp, a0
core   0: 3 0x80000254 (0x00a1fcb3) x25 0xffffffe4
core   0: 0x80000258 (0x000097de) c.add   a5, s7
core   0: 3 0x80000258 (0x97de) x15 0x00000000
core   0: 0x8000025a (0x0357fbb3) remu    s7, a5, s5
core   0: 3 0x8000025a (0x0357fbb3) x23 0x00000000
core   0: 0x8000025e (0x93ace313) ori     t1, s9, -1734
core   0: 3 0x8000025e (0x93ace313) x6  0xfffffffe
core   0: 0x80000262 (0x00000705) c.addi  a4, 1
core   0: 3 0x80000262 (0x0705) x14 0x00000004
core   0: 0x80000264 (0x0208d333) divu    t1, a7, zero
core   0: 3 0x80000264 (0x0208d333) x6  0xffffffff
core   0: 0x80000268 (0x007bac33) slt     s8, s7, t2
core   0: 3 0x80000268 (0x007bac33) x24 0x00000001
core   0: 0x8000026c (0xff3710e3) bne     a4, s3, pc - 32
core   0: 3 0x8000026c (0xff3710e3)
core   0: 0x8000024c (0x03986533) rem     a0, a6, s9
core   0: 3 0x8000024c (0x03986533) x10 0xfffffff8
core   0: 0x80000250 (0x0000996a) c.add   s2, s10
core   0: 3 0x80000250 (0x996a) x18 0xffffffe3
core   0: 0x80000252 (0x0000844d) c.srai  s0, 19
core   0: 3 0x80000252 (0x844d) x8  0xffffffff
core   0: 0x80000254 (0x00a1fcb3) and     s9, gp, a0
core   0: 3 0x80000254 (0x00a1fcb3) x25 0xffffffe8
core   0: 0x80000258 (0x000097de) c.add   a5, s7
core   0: 3 0x80000258 (0x97de) x15 0x00000000
core   0: 0x8000025a (0x0357fbb3) remu    s7, a5, s5
core   0: 3 0x8000025a (0x0357fbb3) x23 0x00000000
core   0: 0x8000025e (0x93ace313) ori     t1, s9, -1734
core   0: 3 0x8000025e (0x93ace313) x6  0xfffffffa
core   0: 0x80000262 (0x00000705) c.addi  a4, 1
core   0: 3 0x80000262 (0x0705) x14 0x00000005
core   0: 0x80000264 (0x0208d333) divu    t1, a7, zero
core   0: 3 0x80000264 (0x0208d333) x6  0xffffffff
core   0: 0x80000268 (0x007bac33) slt     s8, s7, t2
core   0: 3 0x80000268 (0x007bac33) x24 0x00000001
core   0: 0x8000026c (0xff3710e3) bne     a4, s3, pc - 32
core   0: 3 0x8000026c (0xff3710e3)
core   0: 0x8000024c (0x03986533) rem     a0, a6, s9
core   0: 3 0x8000024c (0x03986533) x10 0xfffffff4
core   0: 0x80000250 (0x0000996a) c.add   s2, s10
core   0: 3 0x80000250 (0x996a) x18 0xffffffde
core   0: 0x80000252 (0x0000844d) c.srai  s0, 19
core   0: 3 0x80000252 (0x844d) x8  0xffffffff
core   0: 0x80000254 (0x00a1fcb3) and     s9, gp, a0
core   0: 3 0x80000254 (0x00a1fcb3) x25 0xffffffe4
core   0: 0x80000258 (0x000097de) c.add   a5, s7
core   0: 3 0x80000258 (0x97de) x15 0x00000000
core   0: 0x8000025a (0x0357fbb3) remu    s7, a5, s5
core   0: 3 0x8000025a (0x0357fbb3) x23 0x00000000
core   0: 0x8000025e (0x93ace313) ori     t1, s9, -1734
core   0: 3 0x8000025e (0x93ace313) x6  0xfffffffe
core   0: 0x80000262 (0x00000705) c.addi  a4, 1
core   0: 3 0x80000262 (0x0705) x14 0x00000006
core   0: 0x80000264 (0x0208d333) divu    t1, a7, zero
core   0: 3 0x80000264 (0x0208d333) x6  0xffffffff
core   0: 0x80000268 (0x007bac33) slt     s8, s7, t2
core   0: 3 0x80000268 (0x007bac33) x24 0x00000001
core   0: 0x8000026c (0xff3710e3) bne     a4, s3, pc - 32
core   0: 3 0x8000026c (0xff3710e3)
core   0: 0x8000024c (0x03986533) rem     a0, a6, s9
core   0: 3 0x8000024c (0x03986533) x10 0xfffffff8
core   0: 0x80000250 (0x0000996a) c.add   s2, s10
core   0: 3 0x80000250 (0x996a) x18 0xffffffd9
core   0: 0x80000252 (0x0000844d) c.srai  s0, 19
core   0: 3 0x80000252 (0x844d) x8  0xffffffff
core   0: 0x80000254 (0x00a1fcb3) and     s9, gp, a0
core   0: 3 0x80000254 (0x00a1fcb3) x25 0xffffffe8
core   0: 0x80000258 (0x000097de) c.add   a5, s7
core   0: 3 0x80000258 (0x97de) x15 0x00000000
core   0: 0x8000025a (0x0357fbb3) remu    s7, a5, s5
core   0: 3 0x8000025a (0x0357fbb3) x23 0x00000000
core   0: 0x8000025e (0x93ace313) ori     t1, s9, -1734
core   0: 3 0x8000025e (0x93ace313) x6  0xfffffffa
core   0: 0x80000262 (0x00000705) c.addi  a4, 1
core   0: 3 0x80000262 (0x0705) x14 0x00000007
core   0: 0x80000264 (0x0208d333) divu    t1, a7, zero
core   0: 3 0x80000264 (0x0208d333) x6  0xffffffff
core   0: 0x80000268 (0x007bac33) slt     s8, s7, t2
core   0: 3 0x80000268 (0x007bac33) x24 0x00000001
core   0: 0x8000026c (0xff3710e3) bne     a4, s3, pc - 32
core   0: 3 0x8000026c (0xff3710e3)
core   0: 0x8000024c (0x03986533) rem     a0, a6, s9
core   0: 3 0x8000024c (0x03986533) x10 0xfffffff4
core   0: 0x80000250 (0x0000996a) c.add   s2, s10
core   0: 3 0x80000250 (0x996a) x18 0xffffffd4
core   0: 0x80000252 (0x0000844d) c.srai  s0, 19
core   0: 3 0x80000252 (0x844d) x8  0xffffffff
core   0: 0x80000254 (0x00a1fcb3) and     s9, gp, a0
core   0: 3 0x80000254 (0x00a1fcb3) x25 0xffffffe4
core   0: 0x80000258 (0x000097de) c.add   a5, s7
core   0: 3 0x80000258 (0x97de) x15 0x00000000
core   0: 0x8000025a (0x0357fbb3) remu    s7, a5, s5
core   0: 3 0x8000025a (0x0357fbb3) x23 0x00000000
core   0: 0x8000025e (0x93ace313) ori     t1, s9, -1734
core   0: 3 0x8000025e (0x93ace313) x6  0xfffffffe
core   0: 0x80000262 (0x00000705) c.addi  a4, 1
core   0: 3 0x80000262 (0x0705) x14 0x00000008
core   0: 0x80000264 (0x0208d333) divu    t1, a7, zero
core   0: 3 0x80000264 (0x0208d333) x6  0xffffffff
core   0: 0x80000268 (0x007bac33) slt     s8, s7, t2
core   0: 3 0x80000268 (0x007bac33) x24 0x00000001
core   0: 0x8000026c (0xff3710e3) bne     a4, s3, pc - 32
core   0: 3 0x8000026c (0xff3710e3)
core   0: 0x8000024c (0x03986533) rem     a0, a6, s9
core   0: 3 0x8000024c (0x03986533) x10 0xfffffff8
core   0: 0x80000250 (0x0000996a) c.add   s2, s10
core   0: 3 0x80000250 (0x996a) x18 0xffffffcf
core   0: 0x80000252 (0x0000844d) c.srai  s0, 19
core   0: 3 0x80000252 (0x844d) x8  0xffffffff
core   0: 0x80000254 (0x00a1fcb3) and     s9, gp, a0
core   0: 3 0x80000254 (0x00a1fcb3) x25 0xffffffe8
core   0: 0x80000258 (0x000097de) c.add   a5, s7
core   0: 3 0x80000258 (0x97de) x15 0x00000000
core   0: 0x8000025a (0x0357fbb3) remu    s7, a5, s5
core   0: 3 0x8000025a (0x0357fbb3) x23 0x00000000
core   0: 0x8000025e (0x93ace313) ori     t1, s9, -1734
core   0: 3 0x8000025e (0x93ace313) x6  0xfffffffa
core   0: 0x80000262 (0x00000705) c.addi  a4, 1
core   0: 3 0x80000262 (0x0705) x14 0x00000009
core   0: 0x80000264 (0x0208d333) divu    t1, a7, zero
core   0: 3 0x80000264 (0x0208d333) x6  0xffffffff
core   0: 0x80000268 (0x007bac33) slt     s8, s7, t2
core   0: 3 0x80000268 (0x007bac33) x24 0x00000001
core   0: 0x8000026c (0xff3710e3) bne     a4, s3, pc - 32
core   0: 3 0x8000026c (0xff3710e3)
core   0: 0x8000024c (0x03986533) rem     a0, a6, s9
core   0: 3 0x8000024c (0x03986533) x10 0xfffffff4
core   0: 0x80000250 (0x0000996a) c.add   s2, s10
core   0: 3 0x80000250 (0x996a) x18 0xffffffca
core   0: 0x80000252 (0x0000844d) c.srai  s0, 19
core   0: 3 0x80000252 (0x844d) x8  0xffffffff
core   0: 0x80000254 (0x00a1fcb3) and     s9, gp, a0
core   0: 3 0x80000254 (0x00a1fcb3) x25 0xffffffe4
core   0: 0x80000258 (0x000097de) c.add   a5, s7
core   0: 3 0x80000258 (0x97de) x15 0x00000000
core   0: 0x8000025a (0x0357fbb3) remu    s7, a5, s5
core   0: 3 0x8000025a (0x0357fbb3) x23 0x00000000
core   0: 0x8000025e (0x93ace313) ori     t1, s9, -1734
core   0: 3 0x8000025e (0x93ace313) x6  0xfffffffe
core   0: 0x80000262 (0x00000705) c.addi  a4, 1
core   0: 3 0x80000262 (0x0705) x14 0x0000000a
core   0: 0x80000264 (0x0208d333) divu    t1, a7, zero
core   0: 3 0x80000264 (0x0208d333) x6  0xffffffff
core   0: 0x80000268 (0x007bac33) slt     s8, s7, t2
core   0: 3 0x80000268 (0x007bac33) x24 0x00000001
core   0: 0x8000026c (0xff3710e3) bne     a4, s3, pc - 32
core   0: 3 0x8000026c (0xff3710e3)
core   0: 0x8000024c (0x03986533) rem     a0, a6, s9
core   0: 3 0x8000024c (0x03986533) x10 0xfffffff8
core   0: 0x80000250 (0x0000996a) c.add   s2, s10
core   0: 3 0x80000250 (0x996a) x18 0xffffffc5
core   0: 0x80000252 (0x0000844d) c.srai  s0, 19
core   0: 3 0x80000252 (0x844d) x8  0xffffffff
core   0: 0x80000254 (0x00a1fcb3) and     s9, gp, a0
core   0: 3 0x80000254 (0x00a1fcb3) x25 0xffffffe8
core   0: 0x80000258 (0x000097de) c.add   a5, s7
core   0: 3 0x80000258 (0x97de) x15 0x00000000
core   0: 0x8000025a (0x0357fbb3) remu    s7, a5, s5
core   0: 3 0x8000025a (0x0357fbb3) x23 0x00000000
core   0: 0x8000025e (0x93ace313) ori     t1, s9, -1734
core   0: 3 0x8000025e (0x93ace313) x6  0xfffffffa
core   0: 0x80000262 (0x00000705) c.addi  a4, 1
core   0: 3 0x80000262 (0x0705) x14 0x0000000b
core   0: 0x80000264 (0x0208d333) divu    t1, a7, zero
core   0: 3 0x80000264 (0x0208d333) x6  0xffffffff
core   0: 0x80000268 (0x007bac33) slt     s8, s7, t2
core   0: 3 0x80000268 (0x007bac33) x24 0x00000001
core   0: 0x8000026c (0xff3710e3) bne     a4, s3, pc - 32
core   0: 3 0x8000026c (0xff3710e3)
core   0: 0x8000024c (0x03986533) rem     a0, a6, s9
core   0: 3 0x8000024c (0x03986533) x10 0xfffffff4
core   0: 0x80000250 (0x0000996a) c.add   s2, s10
core   0: 3 0x80000250 (0x996a) x18 0xffffffc0
core   0: 0x80000252 (0x0000844d) c.srai  s0, 19
core   0: 3 0x80000252 (0x844d) x8  0xffffffff
core   0: 0x80000254 (0x00a1fcb3) and     s9, gp, a0
core   0: 3 0x80000254 (0x00a1fcb3) x25 0xffffffe4
core   0: 0x80000258 (0x000097de) c.add   a5, s7
core   0: 3 0x80000258 (0x97de) x15 0x00000000
core   0: 0x8000025a (0x0357fbb3) remu    s7, a5, s5
core   0: 3 0x8000025a (0x0357fbb3) x23 0x00000000
core   0: 0x8000025e (0x93ace313) ori     t1, s9, -1734
core   0: 3 0x8000025e (0x93ace313) x6  0xfffffffe
core   0: 0x80000262 (0x00000705) c.addi  a4, 1
core   0: 3 0x80000262 (0x0705) x14 0x0000000c
core   0: 0x80000264 (0x0208d333) divu    t1, a7, zero
core   0: 3 0x80000264 (0x0208d333) x6  0xffffffff
core   0: 0x80000268 (0x007bac33) slt     s8, s7, t2
core   0: 3 0x80000268 (0x007bac33) x24 0x00000001
core   0: 0x8000026c (0xff3710e3) bne     a4, s3, pc - 32
core   0: 3 0x8000026c (0xff3710e3)
core   0: 0x8000024c (0x03986533) rem     a0, a6, s9
core   0: 3 0x8000024c (0x03986533) x10 0xfffffff8
core   0: 0x80000250 (0x0000996a) c.add   s2, s10
core   0: 3 0x80000250 (0x996a) x18 0xffffffbb
core   0: 0x80000252 (0x0000844d) c.srai  s0, 19
core   0: 3 0x80000252 (0x844d) x8  0xffffffff
core   0: 0x80000254 (0x00a1fcb3) and     s9, gp, a0
core   0: 3 0x80000254 (0x00a1fcb3) x25 0xffffffe8
core   0: 0x80000258 (0x000097de) c.add   a5, s7
core   0: 3 0x80000258 (0x97de) x15 0x00000000
core   0: 0x8000025a (0x0357fbb3) remu    s7, a5, s5
core   0: 3 0x8000025a (0x0357fbb3) x23 0x00000000
core   0: 0x8000025e (0x93ace313) ori     t1, s9, -1734
core   0: 3 0x8000025e (0x93ace313) x6  0xfffffffa
core   0: 0x80000262 (0x00000705) c.addi  a4, 1
core   0: 3 0x80000262 (0x0705) x14 0x0000000d
core   0: 0x80000264 (0x0208d333) divu    t1, a7, zero
core   0: 3 0x80000264 (0x0208d333) x6  0xffffffff
core   0: 0x80000268 (0x007bac33) slt     s8, s7, t2
core   0: 3 0x80000268 (0x007bac33) x24 0x00000001
core   0: 0x8000026c (0xff3710e3) bne     a4, s3, pc - 32
core   0: 3 0x8000026c (0xff3710e3)
core   0: 0x8000024c (0x03986533) rem     a0, a6, s9
core   0: 3 0x8000024c (0x03986533) x10 0xfffffff4
core   0: 0x80000250 (0x0000996a) c.add   s2, s10
core   0: 3 0x80000250 (0x996a) x18 0xffffffb6
core   0: 0x80000252 (0x0000844d) c.srai  s0, 19
core   0: 3 0x80000252 (0x844d) x8  0xffffffff
core   0: 0x80000254 (0x00a1fcb3) and     s9, gp, a0
core   0: 3 0x80000254 (0x00a1fcb3) x25 0xffffffe4
core   0: 0x80000258 (0x000097de) c.add   a5, s7
core   0: 3 0x80000258 (0x97de) x15 0x00000000
core   0: 0x8000025a (0x0357fbb3) remu    s7, a5, s5
core   0: 3 0x8000025a (0x0357fbb3) x23 0x00000000
core   0: 0x8000025e (0x93ace313) ori     t1, s9, -1734
core   0: 3 0x8000025e (0x93ace313) x6  0xfffffffe
core   0: 0x80000262 (0x00000705) c.addi  a4, 1
core   0: 3 0x80000262 (0x0705) x14 0x0000000e
core   0: 0x80000264 (0x0208d333) divu    t1, a7, zero
core   0: 3 0x80000264 (0x0208d333) x6  0xffffffff
core   0: 0x80000268 (0x007bac33) slt     s8, s7, t2
core   0: 3 0x80000268 (0x007bac33) x24 0x00000001
core   0: 0x8000026c (0xff3710e3) bne     a4, s3, pc - 32
core   0: 3 0x8000026c (0xff3710e3)
core   0: 0x8000024c (0x03986533) rem     a0, a6, s9
core   0: 3 0x8000024c (0x03986533) x10 0xfffffff8
core   0: 0x80000250 (0x0000996a) c.add   s2, s10
core   0: 3 0x80000250 (0x996a) x18 0xffffffb1
core   0: 0x80000252 (0x0000844d) c.srai  s0, 19
core   0: 3 0x80000252 (0x844d) x8  0xffffffff
core   0: 0x80000254 (0x00a1fcb3) and     s9, gp, a0
core   0: 3 0x80000254 (0x00a1fcb3) x25 0xffffffe8
core   0: 0x80000258 (0x000097de) c.add   a5, s7
core   0: 3 0x80000258 (0x97de) x15 0x00000000
core   0: 0x8000025a (0x0357fbb3) remu    s7, a5, s5
core   0: 3 0x8000025a (0x0357fbb3) x23 0x00000000
core   0: 0x8000025e (0x93ace313) ori     t1, s9, -1734
core   0: 3 0x8000025e (0x93ace313) x6  0xfffffffa
core   0: 0x80000262 (0x00000705) c.addi  a4, 1
core   0: 3 0x80000262 (0x0705) x14 0x0000000f
core   0: 0x80000264 (0x0208d333) divu    t1, a7, zero
core   0: 3 0x80000264 (0x0208d333) x6  0xffffffff
core   0: 0x80000268 (0x007bac33) slt     s8, s7, t2
core   0: 3 0x80000268 (0x007bac33) x24 0x00000001
core   0: 0x8000026c (0xff3710e3) bne     a4, s3, pc - 32
core   0: 3 0x8000026c (0xff3710e3)
core   0: 0x8000024c (0x03986533) rem     a0, a6, s9
core   0: 3 0x8000024c (0x03986533) x10 0xfffffff4
core   0: 0x80000250 (0x0000996a) c.add   s2, s10
core   0: 3 0x80000250 (0x996a) x18 0xffffffac
core   0: 0x80000252 (0x0000844d) c.srai  s0, 19
core   0: 3 0x80000252 (0x844d) x8  0xffffffff
core   0: 0x80000254 (0x00a1fcb3) and     s9, gp, a0
core   0: 3 0x80000254 (0x00a1fcb3) x25 0xffffffe4
core   0: 0x80000258 (0x000097de) c.add   a5, s7
core   0: 3 0x80000258 (0x97de) x15 0x00000000
core   0: 0x8000025a (0x0357fbb3) remu    s7, a5, s5
core   0: 3 0x8000025a (0x0357fbb3) x23 0x00000000
core   0: 0x8000025e (0x93ace313) ori     t1, s9, -1734
core   0: 3 0x8000025e (0x93ace313) x6  0xfffffffe
core   0: 0x80000262 (0x00000705) c.addi  a4, 1
core   0: 3 0x80000262 (0x0705) x14 0x00000010
core   0: 0x80000264 (0x0208d333) divu    t1, a7, zero
core   0: 3 0x80000264 (0x0208d333) x6  0xffffffff
core   0: 0x80000268 (0x007bac33) slt     s8, s7, t2
core   0: 3 0x80000268 (0x007bac33) x24 0x00000001
core   0: 0x8000026c (0xff3710e3) bne     a4, s3, pc - 32
core   0: 3 0x8000026c (0xff3710e3)
core   0: 0x8000024c (0x03986533) rem     a0, a6, s9
core   0: 3 0x8000024c (0x03986533) x10 0xfffffff8
core   0: 0x80000250 (0x0000996a) c.add   s2, s10
core   0: 3 0x80000250 (0x996a) x18 0xffffffa7
core   0: 0x80000252 (0x0000844d) c.srai  s0, 19
core   0: 3 0x80000252 (0x844d) x8  0xffffffff
core   0: 0x80000254 (0x00a1fcb3) and     s9, gp, a0
core   0: 3 0x80000254 (0x00a1fcb3) x25 0xffffffe8
core   0: 0x80000258 (0x000097de) c.add   a5, s7
core   0: 3 0x80000258 (0x97de) x15 0x00000000
core   0: 0x8000025a (0x0357fbb3) remu    s7, a5, s5
core   0: 3 0x8000025a (0x0357fbb3) x23 0x00000000
core   0: 0x8000025e (0x93ace313) ori     t1, s9, -1734
core   0: 3 0x8000025e (0x93ace313) x6  0xfffffffa
core   0: 0x80000262 (0x00000705) c.addi  a4, 1
core   0: 3 0x80000262 (0x0705) x14 0x00000011
core   0: 0x80000264 (0x0208d333) divu    t1, a7, zero
core   0: 3 0x80000264 (0x0208d333) x6  0xffffffff
core   0: 0x80000268 (0x007bac33) slt     s8, s7, t2
core   0: 3 0x80000268 (0x007bac33) x24 0x00000001
core   0: 0x8000026c (0xff3710e3) bne     a4, s3, pc - 32
core   0: 3 0x8000026c (0xff3710e3)
core   0: 0x8000024c (0x03986533) rem     a0, a6, s9
core   0: 3 0x8000024c (0x03986533) x10 0xfffffff4
core   0: 0x80000250 (0x0000996a) c.add   s2, s10
core   0: 3 0x80000250 (0x996a) x18 0xffffffa2
core   0: 0x80000252 (0x0000844d) c.srai  s0, 19
core   0: 3 0x80000252 (0x844d) x8  0xffffffff
core   0: 0x80000254 (0x00a1fcb3) and     s9, gp, a0
core   0: 3 0x80000254 (0x00a1fcb3) x25 0xffffffe4
core   0: 0x80000258 (0x000097de) c.add   a5, s7
core   0: 3 0x80000258 (0x97de) x15 0x00000000
core   0: 0x8000025a (0x0357fbb3) remu    s7, a5, s5
core   0: 3 0x8000025a (0x0357fbb3) x23 0x00000000
core   0: 0x8000025e (0x93ace313) ori     t1, s9, -1734
core   0: 3 0x8000025e (0x93ace313) x6  0xfffffffe
core   0: 0x80000262 (0x00000705) c.addi  a4, 1
core   0: 3 0x80000262 (0x0705) x14 0x00000012
core   0: 0x80000264 (0x0208d333) divu    t1, a7, zero
core   0: 3 0x80000264 (0x0208d333) x6  0xffffffff
core   0: 0x80000268 (0x007bac33) slt     s8, s7, t2
core   0: 3 0x80000268 (0x007bac33) x24 0x00000001
core   0: 0x8000026c (0xff3710e3) bne     a4, s3, pc - 32
core   0: 3 0x8000026c (0xff3710e3)
core   0: 0x80000270 (0x403f0433) sub     s0, t5, gp
core   0: 3 0x80000270 (0x403f0433) x8  0x7ffda6ff
core   0: 0x80000274 (0x000054e5) c.li    s1, -7
core   0: 3 0x80000274 (0x54e5) x9  0xfffffff9
core   0: 0x80000276 (0x40615a33) sra     s4, sp, t1
core   0: 3 0x80000276 (0x40615a33) x20 0x00000000
core   0: 0x8000027a (0x00004639) c.li    a2, 14
core   0: 3 0x8000027a (0x4639) x12 0x0000000e
core   0: 0x8000027c (0xafaec5b7) lui     a1, 0xafaec
core   0: 3 0x8000027c (0xafaec5b7) x11 0xafaec000
core   0: 0x80000280 (0x00008bc1) c.andi  a5, 16
core   0: 3 0x80000280 (0x8bc1) x15 0x00000000
core   0: 0x80000282 (0x00008d4d) c.or    a0, a1
core   0: 3 0x80000282 (0x8d4d) x10 0xfffffff4
core   0: 0x80000284 (0x00000485) c.addi  s1, 1
core   0: 3 0x80000284 (0x0485) x9  0xfffffffa
core   0: 0x80000286 (0xfec4cee3) blt     s1, a2, pc - 4
core   0: 3 0x80000286 (0xfec4cee3)
core   0: 0x80000282 (0x00008d4d) c.or    a0, a1
core   0: 3 0x80000282 (0x8d4d) x10 0xfffffff4
core   0: 0x80000284 (0x00000485) c.addi  s1, 1
core   0: 3 0x80000284 (0x0485) x9  0xfffffffb
core   0: 0x80000286 (0xfec4cee3) blt     s1, a2, pc - 4
core   0: 3 0x80000286 (0xfec4cee3)
core   0: 0x80000282 (0x00008d4d) c.or    a0, a1
core   0: 3 0x80000282 (0x8d4d) x10 0xfffffff4
core   0: 0x80000284 (0x00000485) c.addi  s1, 1
core   0: 3 0x80000284 (0x0485) x9  0xfffffffc
core   0: 0x80000286 (0xfec4cee3) blt     s1, a2, pc - 4
core   0: 3 0x80000286 (0xfec4cee3)
core   0: 0x80000282 (0x00008d4d) c.or    a0, a1
core   0: 3 0x80000282 (0x8d4d) x10 0xfffffff4
core   0: 0x80000284 (0x00000485) c.addi  s1, 1
core   0: 3 0x80000284 (0x0485) x9  0xfffffffd
core   0: 0x80000286 (0xfec4cee3) blt     s1, a2, pc - 4
core   0: 3 0x80000286 (0xfec4cee3)
core   0: 0x80000282 (0x00008d4d) c.or    a0, a1
core   0: 3 0x80000282 (0x8d4d) x10 0xfffffff4
core   0: 0x80000284 (0x00000485) c.addi  s1, 1
core   0: 3 0x80000284 (0x0485) x9  0xfffffffe
core   0: 0x80000286 (0xfec4cee3) blt     s1, a2, pc - 4
core   0: 3 0x80000286 (0xfec4cee3)
core   0: 0x80000282 (0x00008d4d) c.or    a0, a1
core   0: 3 0x80000282 (0x8d4d) x10 0xfffffff4
core   0: 0x80000284 (0x00000485) c.addi  s1, 1
core   0: 3 0x80000284 (0x0485) x9  0xffffffff
core   0: 0x80000286 (0xfec4cee3) blt     s1, a2, pc - 4
core   0: 3 0x80000286 (0xfec4cee3)
core   0: 0x80000282 (0x00008d4d) c.or    a0, a1
core   0: 3 0x80000282 (0x8d4d) x10 0xfffffff4
core   0: 0x80000284 (0x00000485) c.addi  s1, 1
core   0: 3 0x80000284 (0x0485) x9  0x00000000
core   0: 0x80000286 (0xfec4cee3) blt     s1, a2, pc - 4
core   0: 3 0x80000286 (0xfec4cee3)
core   0: 0x80000282 (0x00008d4d) c.or    a0, a1
core   0: 3 0x80000282 (0x8d4d) x10 0xfffffff4
core   0: 0x80000284 (0x00000485) c.addi  s1, 1
core   0: 3 0x80000284 (0x0485) x9  0x00000001
core   0: 0x80000286 (0xfec4cee3) blt     s1, a2, pc - 4
core   0: 3 0x80000286 (0xfec4cee3)
core   0: 0x80000282 (0x00008d4d) c.or    a0, a1
core   0: 3 0x80000282 (0x8d4d) x10 0xfffffff4
core   0: 0x80000284 (0x00000485) c.addi  s1, 1
core   0: 3 0x80000284 (0x0485) x9  0x00000002
core   0: 0x80000286 (0xfec4cee3) blt     s1, a2, pc - 4
core   0: 3 0x80000286 (0xfec4cee3)
core   0: 0x80000282 (0x00008d4d) c.or    a0, a1
core   0: 3 0x80000282 (0x8d4d) x10 0xfffffff4
core   0: 0x80000284 (0x00000485) c.addi  s1, 1
core   0: 3 0x80000284 (0x0485) x9  0x00000003
core   0: 0x80000286 (0xfec4cee3) blt     s1, a2, pc - 4
core   0: 3 0x80000286 (0xfec4cee3)
core   0: 0x80000282 (0x00008d4d) c.or    a0, a1
core   0: 3 0x80000282 (0x8d4d) x10 0xfffffff4
core   0: 0x80000284 (0x00000485) c.addi  s1, 1
core   0: 3 0x80000284 (0x0485) x9  0x00000004
core   0: 0x80000286 (0xfec4cee3) blt     s1, a2, pc - 4
core   0: 3 0x80000286 (0xfec4cee3)
core   0: 0x80000282 (0x00008d4d) c.or    a0, a1
core   0: 3 0x80000282 (0x8d4d) x10 0xfffffff4
core   0: 0x80000284 (0x00000485) c.addi  s1, 1
core   0: 3 0x80000284 (0x0485) x9  0x00000005
core   0: 0x80000286 (0xfec4cee3) blt     s1, a2, pc - 4
core   0: 3 0x80000286 (0xfec4cee3)
core   0: 0x80000282 (0x00008d4d) c.or    a0, a1
core   0: 3 0x80000282 (0x8d4d) x10 0xfffffff4
core   0: 0x80000284 (0x00000485) c.addi  s1, 1
core   0: 3 0x80000284 (0x0485) x9  0x00000006
core   0: 0x80000286 (0xfec4cee3) blt     s1, a2, pc - 4
core   0: 3 0x80000286 (0xfec4cee3)
core   0: 0x80000282 (0x00008d4d) c.or    a0, a1
core   0: 3 0x80000282 (0x8d4d) x10 0xfffffff4
core   0: 0x80000284 (0x00000485) c.addi  s1, 1
core   0: 3 0x80000284 (0x0485) x9  0x00000007
core   0: 0x80000286 (0xfec4cee3) blt     s1, a2, pc - 4
core   0: 3 0x80000286 (0xfec4cee3)
core   0: 0x80000282 (0x00008d4d) c.or    a0, a1
core   0: 3 0x80000282 (0x8d4d) x10 0xfffffff4
core   0: 0x80000284 (0x00000485) c.addi  s1, 1
core   0: 3 0x80000284 (0x0485) x9  0x00000008
core   0: 0x80000286 (0xfec4cee3) blt     s1, a2, pc - 4
core   0: 3 0x80000286 (0xfec4cee3)
core   0: 0x80000282 (0x00008d4d) c.or    a0, a1
core   0: 3 0x80000282 (0x8d4d) x10 0xfffffff4
core   0: 0x80000284 (0x00000485) c.addi  s1, 1
core   0: 3 0x80000284 (0x0485) x9  0x00000009
core   0: 0x80000286 (0xfec4cee3) blt     s1, a2, pc - 4
core   0: 3 0x80000286 (0xfec4cee3)
core   0: 0x80000282 (0x00008d4d) c.or    a0, a1
core   0: 3 0x80000282 (0x8d4d) x10 0xfffffff4
core   0: 0x80000284 (0x00000485) c.addi  s1, 1
core   0: 3 0x80000284 (0x0485) x9  0x0000000a
core   0: 0x80000286 (0xfec4cee3) blt     s1, a2, pc - 4
core   0: 3 0x80000286 (0xfec4cee3)
core   0: 0x80000282 (0x00008d4d) c.or    a0, a1
core   0: 3 0x80000282 (0x8d4d) x10 0xfffffff4
core   0: 0x80000284 (0x00000485) c.addi  s1, 1
core   0: 3 0x80000284 (0x0485) x9  0x0000000b
core   0: 0x80000286 (0xfec4cee3) blt     s1, a2, pc - 4
core   0: 3 0x80000286 (0xfec4cee3)
core   0: 0x80000282 (0x00008d4d) c.or    a0, a1
core   0: 3 0x80000282 (0x8d4d) x10 0xfffffff4
core   0: 0x80000284 (0x00000485) c.addi  s1, 1
core   0: 3 0x80000284 (0x0485) x9  0x0000000c
core   0: 0x80000286 (0xfec4cee3) blt     s1, a2, pc - 4
core   0: 3 0x80000286 (0xfec4cee3)
core   0: 0x80000282 (0x00008d4d) c.or    a0, a1
core   0: 3 0x80000282 (0x8d4d) x10 0xfffffff4
core   0: 0x80000284 (0x00000485) c.addi  s1, 1
core   0: 3 0x80000284 (0x0485) x9  0x0000000d
core   0: 0x80000286 (0xfec4cee3) blt     s1, a2, pc - 4
core   0: 3 0x80000286 (0xfec4cee3)
core   0: 0x80000282 (0x00008d4d) c.or    a0, a1
core   0: 3 0x80000282 (0x8d4d) x10 0xfffffff4
core   0: 0x80000284 (0x00000485) c.addi  s1, 1
core   0: 3 0x80000284 (0x0485) x9  0x0000000e
core   0: 0x80000286 (0xfec4cee3) blt     s1, a2, pc - 4
core   0: 3 0x80000286 (0xfec4cee3)
core   0: 0x8000028a (0x41c95393) srai    t2, s2, 28
core   0: 3 0x8000028a (0x41c95393) x7  0xffffffff
core   0: 0x8000028e (0x00004429) c.li    s0, 10
core   0: 3 0x8000028e (0x4429) x8  0x0000000a
core   0: 0x80000290 (0xf339ba37) lui     s4, 0xf339b
core   0: 3 0x80000290 (0xf339ba37) x20 0xf339b000
core   0: 0x80000294 (0x00008e79) c.and   a2, a4
core   0: 3 0x80000294 (0x8e79) x12 0x00000002
core   0: 0x80000296 (0x00008cf5) c.and   s1, a3
core   0: 3 0x80000296 (0x8cf5) x9  0x00000000
core   0: 0x80000298 (0x00004721) c.li    a4, 8
core   0: 3 0x80000298 (0x4721) x14 0x00000008
core   0: 0x8000029a (0x00009a7d) c.andi  a2, -1
core   0: 3 0x8000029a (0x9a7d) x12 0x00000002
core   0: 0x8000029c (0x03ecf2b3) remu    t0, s9, t5
core   0: 3 0x8000029c (0x03ecf2b3) x5  0x0004b20e
core   0: 0x800002a0 (0x00000001) c.nop
core   0: 3 0x800002a0 (0x0001)
core   0: 0x800002a2 (0x000846b3) xor     a3, a6, zero
core   0: 3 0x800002a2 (0x000846b3) x13 0x8002a104
core   0: 0x800002a6 (0x00001475) c.addi  s0, -3
core   0: 3 0x800002a6 (0x1475) x8  0x00000007
core   0: 0x800002a8 (0x03f64533) div     a0, a2, t6
core   0: 3 0x800002a8 (0x03f64533) x10 0xfffffffe
core   0: 0x800002ac (0x02f46c33) rem     s8, s0, a5
core   0: 3 0x800002ac (0x02f46c33) x24 0x00000007
core   0: 0x800002b0 (0x00008a0e) c.mv    s4, gp
core   0: 3 0x800002b0 (0x8a0e) x20 0xffffffec
core   0: 0x800002b2 (0xfee475e3) bgeu    s0, a4, pc - 22
core   0: 3 0x800002b2 (0xfee475e3)
core   0: 0x800002b6 (0x02588a33) mul     s4, a7, t0
core   0: 3 0x800002b6 (0x02588a33) x20 0x258bbdf2
core   0: 0x800002ba (0x00004629) c.li    a2, 10
core   0: 3 0x800002ba (0x4629) x12 0x0000000a
core   0: 0x800002bc (0x0000889d) c.andi  s1, 7
core   0: 3 0x800002bc (0x889d) x9  0x00000000
core   0: 0x800002be (0x000003fa) c.slli  t2, 30
core   0: 3 0x800002be (0x03fa) x7  0xc0000000
core   0: 0x800002c0 (0x00000001) c.nop
core   0: 3 0x800002c0 (0x0001)
core   0: 0x800002c2 (0x0a7acc13) xori    s8, s5, 167
core   0: 3 0x800002c2 (0x0a7acc13) x24 0x000000a7
core   0: 0x800002c6 (0x68fca293) slti    t0, s9, 1679
core   0: 3 0x800002c6 (0x68fca293) x5  0x00000001
core   0: 0x800002ca (0xf8e7e913) ori     s2, a5, -114
core   0: 3 0x800002ca (0xf8e7e913) x18 0xffffff8e
core   0: 0x800002ce (0x00001659) c.addi  a2, -10
core   0: 3 0x800002ce (0x1659) x12 0x00000000
core   0: 0x800002d0 (0x000051e9) c.li    gp, -6
core   0: 3 0x800002d0 (0x51e9) x3  0xfffffffa
core   0: 0x800002d2 (0x000056c9) c.li    a3, -14
core   0: 3 0x800002d2 (0x56c9) x13 0xfffffff2
core   0: 0x800002d4 (0xce637513) andi    a0, t1, -794
core   0: 3 0x800002d4 (0xce637513) x10 0xfffffce6
core   0: 0x800002d8 (0x024c2933) mulhsu  s2, s8, tp
core   0: 3 0x800002d8 (0x024c2933) x18 0x00000053
core   0: 0x800002dc (0x000011e1) c.addi  gp, -8
core   0: 3 0x800002dc (0x11e1) x3  0xfffffff2
core   0: 0x800002de (0x00001dfd) c.addi  s11, -1
core   0: 3 0x800002de (0x1dfd) x27 0x6aae33e4
core   0: 0x800002e0 (0x00006b35) c.lui   s6, 0xd
core   0: 3 0x800002e0 (0x6b35) x22 0x0000d000
core   0: 0x800002e2 (0xfed19be3) bne     gp, a3, pc - 10
core   0: 3 0x800002e2 (0xfed19be3)
core   0: 0x800002e6 (0x413ad4b3) sra     s1, s5, s3
core   0: 3 0x800002e6 (0x413ad4b3) x9  0x00000000
core   0: 0x800002ea (0x020cb133) mulhu   sp, s9, zero
core   0: 3 0x800002ea (0x020cb133) x2  0x00000000
core   0: 0x800002ee (0x0000fe61) c.bnez  a2, pc - 40
core   0: 3 0x800002ee (0xfe61)
core   0: 0x800002f0 (0x00008dbd) c.xor   a1, a5
core   0: 3 0x800002f0 (0x8dbd) x11 0xafaec000
core   0: 0x800002f2 (0x000047a5) c.li    a5, 9
core   0: 3 0x800002f2 (0x47a5) x15 0x00000009
core   0: 0x800002f4 (0x00004d1d) c.li    s10, 7
core   0: 3 0x800002f4 (0x4d1d) x26 0x00000007
core   0: 0x800002f6 (0x000051fd) c.li    gp, -1
core   0: 3 0x800002f6 (0x51fd) x3  0xffffffff
core   0: 0x800002f8 (0x000086e5) c.srai  a3, 25
core   0: 3 0x800002f8 (0x86e5) x13 0xffffffff
core   0: 0x800002fa (0x000017f9) c.addi  a5, -2
core   0: 3 0x800002fa (0x17f9) x15 0x00000007
core   0: 0x800002fc (0x8a16ed93) ori     s11, a3, -1887
core   0: 3 0x800002fc (0x8a16ed93) x27 0xffffffff
core   0: 0x80000300 (0x00005c5d) c.li    s8, -9
core   0: 3 0x80000300 (0x5c5d) x24 0xfffffff7
core   0: 0x80000302 (0x00004639) c.li    a2, 14
core   0: 3 0x80000302 (0x4639) x12 0x0000000e
core   0: 0x80000304 (0x00008f19) c.sub   a4, a4
core   0: 3 0x80000304 (0x8f19) x14 0x00000000
core   0: 0x80000306 (0xbb634113) xori    sp, t1, -1098
core   0: 3 0x80000306 (0xbb634113) x2  0x00000449
core   0: 0x8000030a (0xc892e313) ori     t1, t0, -887
core   0: 3 0x8000030a (0xc892e313) x6  0xfffffc89
core   0: 0x8000030e (0x00000c05) c.addi  s8, 1
core   0: 3 0x8000030e (0x0c05) x24 0xfffffff8
core   0: 0x80000310 (0x00000001) c.nop
core   0: 3 0x80000310 (0x0001)
core   0: 0x80000312 (0xfecc0ae3) beq     s8, a2, pc - 12
core   0: 3 0x80000312 (0xfecc0ae3)
core   0: 0x80000316 (0x5e6d7b37) lui     s6, 0x5e6d7
core   0: 3 0x80000316 (0x5e6d7b37) x22 0x5e6d7000
core   0: 0x8000031a (0x408fd893) srai    a7, t6, 8
core   0: 3 0x8000031a (0x408fd893) x17 0xffffffff
core   0: 0x8000031e (0x01051713) slli    a4, a0, 16
core   0: 3 0x8000031e (0x01051713) x14 0xfce60000
core   0: 0x80000322 (0x00ffdbb3) srl     s7, t6, a5
core   0: 3 0x80000322 (0x00ffdbb3) x23 0x01ffffff
core   0: 0x80000326 (0xfda7f8e3) bgeu    a5, s10, pc - 48
core   0: 3 0x80000326 (0xfda7f8e3)
core   0: 0x800002f6 (0x000051fd) c.li    gp, -1
core   0: 3 0x800002f6 (0x51fd) x3  0xffffffff
core   0: 0x800002f8 (0x000086e5) c.srai  a3, 25
core   0: 3 0x800002f8 (0x86e5) x13 0xffffffff
core   0: 0x800002fa (0x000017f9) c.addi  a5, -2
core   0: 3 0x800002fa (0x17f9) x15 0x00000005
core   0: 0x800002fc (0x8a16ed93) ori     s11, a3, -1887
core   0: 3 0x800002fc (0x8a16ed93) x27 0xffffffff
core   0: 0x80000300 (0x00005c5d) c.li    s8, -9
core   0: 3 0x80000300 (0x5c5d) x24 0xfffffff7
core   0: 0x80000302 (0x00004639) c.li    a2, 14
core   0: 3 0x80000302 (0x4639) x12 0x0000000e
core   0: 0x80000304 (0x00008f19) c.sub   a4, a4
core   0: 3 0x80000304 (0x8f19) x14 0x00000000
core   0: 0x80000306 (0xbb634113) xori    sp, t1, -1098
core   0: 3 0x80000306 (0xbb634113) x2  0x0000073f
core   0: 0x8000030a (0xc892e313) ori     t1, t0, -887
core   0: 3 0x8000030a (0xc892e313) x6  0xfffffc89
core   0: 0x8000030e (0x00000c05) c.addi  s8, 1
core   0: 3 0x8000030e (0x0c05) x24 0xfffffff8
core   0: 0x80000310 (0x00000001) c.nop
core   0: 3 0x80000310 (0x0001)
core   0: 0x80000312 (0xfecc0ae3) beq     s8, a2, pc - 12
core   0: 3 0x80000312 (0xfecc0ae3)
core   0: 0x80000316 (0x5e6d7b37) lui     s6, 0x5e6d7
core   0: 3 0x80000316 (0x5e6d7b37) x22 0x5e6d7000
core   0: 0x8000031a (0x408fd893) srai    a7, t6, 8
core   0: 3 0x8000031a (0x408fd893) x17 0xffffffff
core   0: 0x8000031e (0x01051713) slli    a4, a0, 16
core   0: 3 0x8000031e (0x01051713) x14 0xfce60000
core   0: 0x80000322 (0x00ffdbb3) srl     s7, t6, a5
core   0: 3 0x80000322 (0x00ffdbb3) x23 0x07ffffff
core   0: 0x80000326 (0xfda7f8e3) bgeu    a5, s10, pc - 48
core   0: 3 0x80000326 (0xfda7f8e3)
core   0: 0x8000032a (0x02d4adb3) mulhsu  s11, s1, a3
core   0: 3 0x8000032a (0x02d4adb3) x27 0x00000000
core   0: 0x8000032e (0x0000567d) c.li    a2, -1
core   0: 3 0x8000032e (0x567d) x12 0xffffffff
core   0: 0x80000330 (0x00008b41) c.andi  a4, 16
core   0: 3 0x80000330 (0x8b41) x14 0x00000000
core   0: 0x80000332 (0x01ac7ab3) and     s5, s8, s10
core   0: 3 0x80000332 (0x01ac7ab3) x21 0x00000000
core   0: 0x80000336 (0x00005bbd) c.li    s7, -17
core   0: 3 0x80000336 (0x5bbd) x23 0xffffffef
core   0: 0x80000338 (0x02cb3b33) mulhu   s6, s6, a2
core   0: 3 0x80000338 (0x02cb3b33) x22 0x5e6d6fff
core   0: 0x8000033c (0x00001671) c.addi  a2, -4
core   0: 3 0x8000033c (0x1671) x12 0xfffffffb
core   0: 0x8000033e (0x00000598) c.addi4spn a4, sp, 704
core   0: 3 0x8000033e (0x0598) x14 0x000009ff
core   0: 0x80000340 (0xa144c093) xori    ra, s1, -1516
core   0: 3 0x80000340 (0xa144c093) x1  0xfffffa14
core   0: 0x80000344 (0x034b9fb3) mulh    t6, s7, s4
core   0: 3 0x80000344 (0x034b9fb3) x31 0xfffffffd
core   0: 0x80000348 (0x00000594) c.addi4spn a3, sp, 704
core   0: 3 0x80000348 (0x0594) x13 0x000009ff
core   0: 0x8000034a (0x019e69b3) or      s3, t3, s9
core   0: 3 0x8000034a (0x019e69b3) x19 0xffffffe4
core   0: 0x8000034e (0x00ce73b3) and     t2, t3, a2
core   0: 3 0x8000034e (0x00ce73b3) x7  0x80025ea0
core   0: 0x80000352 (0x00008371) c.srli  a4, 28
core   0: 3 0x80000352 (0x8371) x14 0x00000000
core   0: 0x80000354 (0x03368933) mul     s2, a3, s3
core   0: 3 0x80000354 (0x03368933) x18 0xfffee81c
core   0: 0x80000358 (0x41200833) sub     a6, zero, s2
core   0: 3 0x80000358 (0x41200833) x16 0x000117e4
core   0: 0x8000035c (0x00005469) c.li    s0, -6
core   0: 3 0x8000035c (0x5469) x8  0xfffffffa
core   0: 0x8000035e (0x63fbb793) sltiu   a5, s7, 1599
core   0: 3 0x8000035e (0x63fbb793) x15 0x00000000
core   0: 0x80000362 (0x00008aa9) c.andi  a3, 10
core   0: 3 0x80000362 (0x8aa9) x13 0x0000000a
core   0: 0x80000364 (0x41aa07b3) sub     a5, s4, s10
core   0: 3 0x80000364 (0x41aa07b3) x15 0x258bbdeb
core   0: 0x80000368 (0x00000a36) c.slli  s4, 13
core   0: 3 0x80000368 (0x0a36) x20 0x77be4000
core   0: 0x8000036a (0x75773193) sltiu   gp, a4, 1879
core   0: 3 0x8000036a (0x75773193) x3  0x00000001
core   0: 0x8000036e (0x0000454d) c.li    a0, 19
core   0: 3 0x8000036e (0x454d) x10 0x00000013
core   0: 0x80000370 (0x00a4efb3) or      t6, s1, a0
core   0: 3 0x80000370 (0x00a4efb3) x31 0x00000013
core   0: 0x80000374 (0x00004835) c.li    a6, 13
core   0: 3 0x80000374 (0x4835) x16 0x0000000d
core   0: 0x80000376 (0x03662133) mulhsu  sp, a2, s6
core   0: 3 0x80000376 (0x03662133) x2  0xfffffffe
core   0: 0x8000037a (0x00000425) c.addi  s0, 9
core   0: 3 0x8000037a (0x0425) x8  0x00000003
core   0: 0x8000037c (0xfea46ce3) bltu    s0, a0, pc - 8
core   0: 3 0x8000037c (0xfea46ce3)
core   0: 0x80000374 (0x00004835) c.li    a6, 13
core   0: 3 0x80000374 (0x4835) x16 0x0000000d
core   0: 0x80000376 (0x03662133) mulhsu  sp, a2, s6
core   0: 3 0x80000376 (0x03662133) x2  0xfffffffe
core   0: 0x8000037a (0x00000425) c.addi  s0, 9
core   0: 3 0x8000037a (0x0425) x8  0x0000000c
core   0: 0x8000037c (0xfea46ce3) bltu    s0, a0, pc - 8
core   0: 3 0x8000037c (0xfea46ce3)
core   0: 0x80000374 (0x00004835) c.li    a6, 13
core   0: 3 0x80000374 (0x4835) x16 0x0000000d
core   0: 0x80000376 (0x03662133) mulhsu  sp, a2, s6
core   0: 3 0x80000376 (0x03662133) x2  0xfffffffe
core   0: 0x8000037a (0x00000425) c.addi  s0, 9
core   0: 3 0x8000037a (0x0425) x8  0x00000015
core   0: 0x8000037c (0xfea46ce3) bltu    s0, a0, pc - 8
core   0: 3 0x8000037c (0xfea46ce3)
core   0: 0x80000380 (0xfb760ce3) beq     a2, s7, pc - 72
core   0: 3 0x80000380 (0xfb760ce3)
core   0: 0x80000384 (0x00006b25) c.lui   s6, 0x9
core   0: 3 0x80000384 (0x6b25) x22 0x00009000
core   0: 0x80000386 (0x00004619) c.li    a2, 6
core   0: 3 0x80000386 (0x4619) x12 0x00000006
core   0: 0x80000388 (0x400ad8b3) sra     a7, s5, zero
core   0: 3 0x80000388 (0x400ad8b3) x17 0x00000000
core   0: 0x8000038c (0x03d07133) remu    sp, zero, t4
core   0: 3 0x8000038c (0x03d07133) x2  0x00000000
core   0: 0x80000390 (0x00000001) c.nop
core   0: 3 0x80000390 (0x0001)
core   0: 0x80000392 (0x0000430d) c.li    t1, 3
core   0: 3 0x80000392 (0x430d) x6  0x00000003
core   0: 0x80000394 (0x01a34433) xor     s0, t1, s10
core   0: 3 0x80000394 (0x01a34433) x8  0x00000004
core   0: 0x80000398 (0x00009c92) c.add   s9, tp
core   0: 3 0x80000398 (0x9c92) x25 0x80029d08
core   0: 0x8000039a (0x000065ad) c.lui   a1, 0xb
core   0: 3 0x8000039a (0x65ad) x11 0x0000b000
core   0: 0x8000039c (0x0227ecb3) rem     s9, a5, sp
core   0: 3 0x8000039c (0x0227ecb3) x25 0x258bbdeb
core   0: 0x800003a0 (0x00008c21) c.xor   s0, s0
core   0: 3 0x800003a0 (0x8c21) x8  0x00000000
core   0: 0x800003a2 (0x000097ee) c.add   a5, s11
core   0: 3 0x800003a2 (0x97ee) x15 0x258bbdeb
core   0: 0x800003a4 (0x00001679) c.addi  a2, -2
core   0: 3 0x800003a4 (0x1679) x12 0x00000004
core   0: 0x800003a6 (0x000012fd) c.addi  t0, -1
core   0: 3 0x800003a6 (0x12fd) x5  0x00000000
core   0: 0x800003a8 (0x000061e1) c.lui   gp, 0x18
core   0: 3 0x800003a8 (0x61e1) x3  0x00018000
core   0: 0x800003aa (0x01dadf33) srl     t5, s5, t4
core   0: 3 0x800003aa (0x01dadf33) x30 0x00000000
core   0: 0x800003ae (0x02a7ed33) rem     s10, a5, a0
core   0: 3 0x800003ae (0x02a7ed33) x26 0x00000002
core   0: 0x800003b2 (0x00000001) c.nop
core   0: 3 0x800003b2 (0x0001)
core   0: 0x800003b4 (0xfe6672e3) bgeu    a2, t1, pc - 28
core   0: 3 0x800003b4 (0xfe6672e3)
core   0: 0x80000398 (0x00009c92) c.add   s9, tp
core   0: 3 0x80000398 (0x9c92) x25 0xa58e5b0f
core   0: 0x8000039a (0x000065ad) c.lui   a1, 0xb
core   0: 3 0x8000039a (0x65ad) x11 0x0000b000
core   0: 0x8000039c (0x0227ecb3) rem     s9, a5, sp
core   0: 3 0x8000039c (0x0227ecb3) x25 0x258bbdeb
core   0: 0x800003a0 (0x00008c21) c.xor   s0, s0
core   0: 3 0x800003a0 (0x8c21) x8  0x00000000
core   0: 0x800003a2 (0x000097ee) c.add   a5, s11
core   0: 3 0x800003a2 (0x97ee) x15 0x258bbdeb
core   0: 0x800003a4 (0x00001679) c.addi  a2, -2
core   0: 3 0x800003a4 (0x1679) x12 0x00000002
core   0: 0x800003a6 (0x000012fd) c.addi  t0, -1
core   0: 3 0x800003a6 (0x12fd) x5  0xffffffff
core   0: 0x800003a8 (0x000061e1) c.lui   gp, 0x18
core   0: 3 0x800003a8 (0x61e1) x3  0x00018000
core   0: 0x800003aa (0x01dadf33) srl     t5, s5, t4
core   0: 3 0x800003aa (0x01dadf33) x30 0x00000000
core   0: 0x800003ae (0x02a7ed33) rem     s10, a5, a0
core   0: 3 0x800003ae (0x02a7ed33) x26 0x00000002
core   0: 0x800003b2 (0x00000001) c.nop
core   0: 3 0x800003b2 (0x0001)
core   0: 0x800003b4 (0xfe6672e3) bgeu    a2, t1, pc - 28
core   0: 3 0x800003b4 (0xfe6672e3)
core   0: 0x800003b8 (0x03e66a33) rem     s4, a2, t5
core   0: 3 0x800003b8 (0x03e66a33) x20 0x00000002
core   0: 0x800003bc (0x000054e1) c.li    s1, -8
core   0: 3 0x800003bc (0x54e1) x9  0xfffffff8
core   0: 0x800003be (0x09be77b7) lui     a5, 0x9be7
core   0: 3 0x800003be (0x09be77b7) x15 0x09be7000
core   0: 0x800003c2 (0xf64fe793) ori     a5, t6, -156
core   0: 3 0x800003c2 (0xf64fe793) x15 0xffffff77
core   0: 0x800003c6 (0x03cb80b3) mul     ra, s7, t3
core   0: 3 0x800003c6 (0x03cb80b3) x1  0x7fd7b71c
core   0: 0x800003ca (0x02b28f33) mul     t5, t0, a1
core   0: 3 0x800003ca (0x02b28f33) x30 0xffff5000
core   0: 0x800003ce (0x01530f33) add     t5, t1, s5
core   0: 3 0x800003ce (0x01530f33) x30 0x00000003
core   0: 0x800003d2 (0x00006819) c.lui   a6, 0x6
core   0: 3 0x800003d2 (0x6819) x16 0x00006000
core   0: 0x800003d4 (0x0000419d) c.li    gp, 7
core   0: 3 0x800003d4 (0x419d) x3  0x00000007
core   0: 0x800003d6 (0x00000676) c.slli  a2, 29
core   0: 3 0x800003d6 (0x0676) x12 0x40000000
core   0: 0x800003d8 (0x03802bb3) mulhsu  s7, zero, s8
core   0: 3 0x800003d8 (0x03802bb3) x23 0x00000000
core   0: 0x800003dc (0x00000489) c.addi  s1, 2
core   0: 3 0x800003dc (0x0489) x9  0xfffffffa
core   0: 0x800003de (0x00008c1d) c.sub   s0, a5
core   0: 3 0x800003de (0x8c1d) x8  0x00000089
core   0: 0x800003e0 (0x00000001) c.nop
core   0: 3 0x800003e0 (0x0001)
core   0: 0x800003e2 (0x01db3033) sltu    zero, s6, t4
core   0: 3 0x800003e2 (0x01db3033)
core   0: 0x800003e6 (0xfe34c9e3) blt     s1, gp, pc - 14
core   0: 3 0x800003e6 (0xfe34c9e3)
core   0: 0x800003d8 (0x03802bb3) mulhsu  s7, zero, s8
core   0: 3 0x800003d8 (0x03802bb3) x23 0x00000000
core   0: 0x800003dc (0x00000489) c.addi  s1, 2
core   0: 3 0x800003dc (0x0489) x9  0xfffffffc
core   0: 0x800003de (0x00008c1d) c.sub   s0, a5
core   0: 3 0x800003de (0x8c1d) x8  0x00000112
core   0: 0x800003e0 (0x00000001) c.nop
core   0: 3 0x800003e0 (0x0001)
core   0: 0x800003e2 (0x01db3033) sltu    zero, s6, t4
core   0: 3 0x800003e2 (0x01db3033)
core   0: 0x800003e6 (0xfe34c9e3) blt     s1, gp, pc - 14
core   0: 3 0x800003e6 (0xfe34c9e3)
core   0: 0x800003d8 (0x03802bb3) mulhsu  s7, zero, s8
core   0: 3 0x800003d8 (0x03802bb3) x23 0x00000000
core   0: 0x800003dc (0x00000489) c.addi  s1, 2
core   0: 3 0x800003dc (0x0489) x9  0xfffffffe
core   0: 0x800003de (0x00008c1d) c.sub   s0, a5
core   0: 3 0x800003de (0x8c1d) x8  0x0000019b
core   0: 0x800003e0 (0x00000001) c.nop
core   0: 3 0x800003e0 (0x0001)
core   0: 0x800003e2 (0x01db3033) sltu    zero, s6, t4
core   0: 3 0x800003e2 (0x01db3033)
core   0: 0x800003e6 (0xfe34c9e3) blt     s1, gp, pc - 14
core   0: 3 0x800003e6 (0xfe34c9e3)
core   0: 0x800003d8 (0x03802bb3) mulhsu  s7, zero, s8
core   0: 3 0x800003d8 (0x03802bb3) x23 0x00000000
core   0: 0x800003dc (0x00000489) c.addi  s1, 2
core   0: 3 0x800003dc (0x0489) x9  0x00000000
core   0: 0x800003de (0x00008c1d) c.sub   s0, a5
core   0: 3 0x800003de (0x8c1d) x8  0x00000224
core   0: 0x800003e0 (0x00000001) c.nop
core   0: 3 0x800003e0 (0x0001)
core   0: 0x800003e2 (0x01db3033) sltu    zero, s6, t4
core   0: 3 0x800003e2 (0x01db3033)
core   0: 0x800003e6 (0xfe34c9e3) blt     s1, gp, pc - 14
core   0: 3 0x800003e6 (0xfe34c9e3)
core   0: 0x800003d8 (0x03802bb3) mulhsu  s7, zero, s8
core   0: 3 0x800003d8 (0x03802bb3) x23 0x00000000
core   0: 0x800003dc (0x00000489) c.addi  s1, 2
core   0: 3 0x800003dc (0x0489) x9  0x00000002
core   0: 0x800003de (0x00008c1d) c.sub   s0, a5
core   0: 3 0x800003de (0x8c1d) x8  0x000002ad
core   0: 0x800003e0 (0x00000001) c.nop
core   0: 3 0x800003e0 (0x0001)
core   0: 0x800003e2 (0x01db3033) sltu    zero, s6, t4
core   0: 3 0x800003e2 (0x01db3033)
core   0: 0x800003e6 (0xfe34c9e3) blt     s1, gp, pc - 14
core   0: 3 0x800003e6 (0xfe34c9e3)
core   0: 0x800003d8 (0x03802bb3) mulhsu  s7, zero, s8
core   0: 3 0x800003d8 (0x03802bb3) x23 0x00000000
core   0: 0x800003dc (0x00000489) c.addi  s1, 2
core   0: 3 0x800003dc (0x0489) x9  0x00000004
core   0: 0x800003de (0x00008c1d) c.sub   s0, a5
core   0: 3 0x800003de (0x8c1d) x8  0x00000336
core   0: 0x800003e0 (0x00000001) c.nop
core   0: 3 0x800003e0 (0x0001)
core   0: 0x800003e2 (0x01db3033) sltu    zero, s6, t4
core   0: 3 0x800003e2 (0x01db3033)
core   0: 0x800003e6 (0xfe34c9e3) blt     s1, gp, pc - 14
core   0: 3 0x800003e6 (0xfe34c9e3)
core   0: 0x800003d8 (0x03802bb3) mulhsu  s7, zero, s8
core   0: 3 0x800003d8 (0x03802bb3) x23 0x00000000
core   0: 0x800003dc (0x00000489) c.addi  s1, 2
core   0: 3 0x800003dc (0x0489) x9  0x00000006
core   0: 0x800003de (0x00008c1d) c.sub   s0, a5
core   0: 3 0x800003de (0x8c1d) x8  0x000003bf
core   0: 0x800003e0 (0x00000001) c.nop
core   0: 3 0x800003e0 (0x0001)
core   0: 0x800003e2 (0x01db3033) sltu    zero, s6, t4
core   0: 3 0x800003e2 (0x01db3033)
core   0: 0x800003e6 (0xfe34c9e3) blt     s1, gp, pc - 14
core   0: 3 0x800003e6 (0xfe34c9e3)
core   0: 0x800003d8 (0x03802bb3) mulhsu  s7, zero, s8
core   0: 3 0x800003d8 (0x03802bb3) x23 0x00000000
core   0: 0x800003dc (0x00000489) c.addi  s1, 2
core   0: 3 0x800003dc (0x0489) x9  0x00000008
core   0: 0x800003de (0x00008c1d) c.sub   s0, a5
core   0: 3 0x800003de (0x8c1d) x8  0x00000448
core   0: 0x800003e0 (0x00000001) c.nop
core   0: 3 0x800003e0 (0x0001)
core   0: 0x800003e2 (0x01db3033) sltu    zero, s6, t4
core   0: 3 0x800003e2 (0x01db3033)
core   0: 0x800003e6 (0xfe34c9e3) blt     s1, gp, pc - 14
core   0: 3 0x800003e6 (0xfe34c9e3)
core   0: 0x800003ea (0x00008ebd) c.xor   a3, a5
core   0: 3 0x800003ea (0x8ebd) x13 0xffffff7d
core   0: 0x800003ec (0x00005471) c.li    s0, -4
core   0: 3 0x800003ec (0x5471) x8  0xfffffffc
core   0: 0x800003ee (0x00005d6d) c.li    s10, -5
core   0: 3 0x800003ee (0x5d6d) x26 0xfffffffb
core   0: 0x800003f0 (0x039af7b3) remu    a5, s5, s9
core   0: 3 0x800003f0 (0x039af7b3) x15 0x00000000
core   0: 0x800003f4 (0x02fe4a33) div     s4, t3, a5
core   0: 3 0x800003f4 (0x02fe4a33) x20 0xffffffff
core   0: 0x800003f8 (0x00001461) c.addi  s0, -8
core   0: 3 0x800003f8 (0x1461) x8  0xfffffff4
core   0: 0x800003fa (0x00004699) c.li    a3, 6
core   0: 3 0x800003fa (0x4699) x13 0x00000006
core   0: 0x800003fc (0x00000001) c.nop
core   0: 3 0x800003fc (0x0001)
core   0: 0x800003fe (0x00008df1) c.and   a1, a2
core   0: 3 0x800003fe (0x8df1) x11 0x00000000
core   0: 0x80000400 (0x000016f9) c.addi  a3, -2
core   0: 3 0x80000400 (0x16f9) x13 0x00000004
core   0: 0x80000402 (0x0000fef5) c.bnez  a3, pc - 4
core   0: 3 0x80000402 (0xfef5)
core   0: 0x800003fe (0x00008df1) c.and   a1, a2
core   0: 3 0x800003fe (0x8df1) x11 0x00000000
core   0: 0x80000400 (0x000016f9) c.addi  a3, -2
core   0: 3 0x80000400 (0x16f9) x13 0x00000002
core   0: 0x80000402 (0x0000fef5) c.bnez  a3, pc - 4
core   0: 3 0x80000402 (0xfef5)
core   0: 0x800003fe (0x00008df1) c.and   a1, a2
core   0: 3 0x800003fe (0x8df1) x11 0x00000000
core   0: 0x80000400 (0x000016f9) c.addi  a3, -2
core   0: 3 0x80000400 (0x16f9) x13 0x00000000
core   0: 0x80000402 (0x0000fef5) c.bnez  a3, pc - 4
core   0: 3 0x80000402 (0xfef5)
core   0: 0x80000404 (0xffa458e3) bge     s0, s10, pc - 16
core   0: 3 0x80000404 (0xffa458e3)
core   0: 0x80000408 (0x00001604) c.addi4spn s1, sp, 800
core   0: 3 0x80000408 (0x1604) x9  0x00000320
core   0: 0x8000040a (0x00004629) c.li    a2, 10
core   0: 3 0x8000040a (0x4629) x12 0x0000000a
core   0: 0x8000040c (0x00000001) c.nop
core   0: 3 0x8000040c (0x0001)
core   0: 0x8000040e (0x0000832d) c.srli  a4, 11
core   0: 3 0x8000040e (0x832d) x14 0x00000000
core   0: 0x80000410 (0x038a4933) div     s2, s4, s8
core   0: 3 0x80000410 (0x038a4933) x18 0x00000000
core   0: 0x80000414 (0x00001659) c.addi  a2, -10
core   0: 3 0x80000414 (0x1659) x12 0x00000000
core   0: 0x80000416 (0x0386cf33) div     t5, a3, s8
core   0: 3 0x80000416 (0x0386cf33) x30 0x00000000
core   0: 0x8000041a (0x00004519) c.li    a0, 6
core   0: 3 0x8000041a (0x4519) x10 0x00000006
core   0: 0x8000041c (0x00004a81) c.li    s5, 0
core   0: 3 0x8000041c (0x4a81) x21 0x00000000
core   0: 0x8000041e (0x00008069) c.srli  s0, 26
core   0: 3 0x8000041e (0x8069) x8  0x0000003f
core   0: 0x80000420 (0xc4a37c13) andi    s8, t1, -950
core   0: 3 0x80000420 (0xc4a37c13) x24 0x00000002
core   0: 0x80000424 (0x0000156d) c.addi  a0, -5
core   0: 3 0x80000424 (0x156d) x10 0x00000001
core   0: 0x80000426 (0x00000d92) c.slli  s11, 4
core   0: 3 0x80000426 (0x0d92) x27 0x00000000
core   0: 0x80000428 (0x00008fd1) c.or    a5, a2
core   0: 3 0x80000428 (0x8fd1) x15 0x00000000
core   0: 0x8000042a (0xff555be3) bge     a0, s5, pc - 10
core   0: 3 0x8000042a (0xff555be3)
core   0: 0x80000420 (0xc4a37c13) andi    s8, t1, -950
core   0: 3 0x80000420 (0xc4a37c13) x24 0x00000002
core   0: 0x80000424 (0x0000156d) c.addi  a0, -5
core   0: 3 0x80000424 (0x156d) x10 0xfffffffc
core   0: 0x80000426 (0x00000d92) c.slli  s11, 4
core   0: 3 0x80000426 (0x0d92) x27 0x00000000
core   0: 0x80000428 (0x00008fd1) c.or    a5, a2
core   0: 3 0x80000428 (0x8fd1) x15 0x00000000
core   0: 0x8000042a (0xff555be3) bge     a0, s5, pc - 10
core   0: 3 0x8000042a (0xff555be3)
core   0: 0x8000042e (0x00000001) c.nop
core   0: 3 0x8000042e (0x0001)
core   0: 0x80000430 (0x02b1df33) divu    t5, gp, a1
core   0: 3 0x80000430 (0x02b1df33) x30 0xffffffff
core   0: 0x80000434 (0x018ce813) ori     a6, s9, 24
core   0: 3 0x80000434 (0x018ce813) x16 0x258bbdfb
core   0: 0x80000438 (0x0000fe61) c.bnez  a2, pc - 40
core   0: 3 0x80000438 (0xfe61)
core   0: 0x8000043a (0x00000001) c.nop
core   0: 3 0x8000043a (0x0001)
core   0: 0x8000043c (0x00004319) c.li    t1, 6
core   0: 3 0x8000043c (0x4319) x6  0x00000006
core   0: 0x8000043e (0x000045b5) c.li    a1, 13
core   0: 3 0x8000043e (0x45b5) x11 0x0000000d
core   0: 0x80000440 (0x025dacb3) mulhsu  s9, s11, t0
core   0: 3 0x80000440 (0x025dacb3) x25 0x00000000
core   0: 0x80000444 (0x00000305) c.addi  t1, 1
core   0: 3 0x80000444 (0x0305) x6  0x00000007
core   0: 0x80000446 (0xfeb36de3) bltu    t1, a1, pc - 6
core   0: 3 0x80000446 (0xfeb36de3)
core   0: 0x80000440 (0x025dacb3) mulhsu  s9, s11, t0
core   0: 3 0x80000440 (0x025dacb3) x25 0x00000000
core   0: 0x80000444 (0x00000305) c.addi  t1, 1
core   0: 3 0x80000444 (0x0305) x6  0x00000008
core   0: 0x80000446 (0xfeb36de3) bltu    t1, a1, pc - 6
core   0: 3 0x80000446 (0xfeb36de3)
core   0: 0x80000440 (0x025dacb3) mulhsu  s9, s11, t0
core   0: 3 0x80000440 (0x025dacb3) x25 0x00000000
core   0: 0x80000444 (0x00000305) c.addi  t1, 1
core   0: 3 0x80000444 (0x0305) x6  0x00000009
core   0: 0x80000446 (0xfeb36de3) bltu    t1, a1, pc - 6
core   0: 3 0x80000446 (0xfeb36de3)
core   0: 0x80000440 (0x025dacb3) mulhsu  s9, s11, t0
core   0: 3 0x80000440 (0x025dacb3) x25 0x00000000
core   0: 0x80000444 (0x00000305) c.addi  t1, 1
core   0: 3 0x80000444 (0x0305) x6  0x0000000a
core   0: 0x80000446 (0xfeb36de3) bltu    t1, a1, pc - 6
core   0: 3 0x80000446 (0xfeb36de3)
core   0: 0x80000440 (0x025dacb3) mulhsu  s9, s11, t0
core   0: 3 0x80000440 (0x025dacb3) x25 0x00000000
core   0: 0x80000444 (0x00000305) c.addi  t1, 1
core   0: 3 0x80000444 (0x0305) x6  0x0000000b
core   0: 0x80000446 (0xfeb36de3) bltu    t1, a1, pc - 6
core   0: 3 0x80000446 (0xfeb36de3)
core   0: 0x80000440 (0x025dacb3) mulhsu  s9, s11, t0
core   0: 3 0x80000440 (0x025dacb3) x25 0x00000000
core   0: 0x80000444 (0x00000305) c.addi  t1, 1
core   0: 3 0x80000444 (0x0305) x6  0x0000000c
core   0: 0x80000446 (0xfeb36de3) bltu    t1, a1, pc - 6
core   0: 3 0x80000446 (0xfeb36de3)
core   0: 0x80000440 (0x025dacb3) mulhsu  s9, s11, t0
core   0: 3 0x80000440 (0x025dacb3) x25 0x00000000
core   0: 0x80000444 (0x00000305) c.addi  t1, 1
core   0: 3 0x80000444 (0x0305) x6  0x0000000d
core   0: 0x80000446 (0xfeb36de3) bltu    t1, a1, pc - 6
core   0: 3 0x80000446 (0xfeb36de3)
core   0: 0x8000044a (0x038bf533) remu    a0, s7, s8
core   0: 3 0x8000044a (0x038bf533) x10 0x00000000
core   0: 0x8000044e (0x00004729) c.li    a4, 10
core   0: 3 0x8000044e (0x4729) x14 0x0000000a
core   0: 0x80000450 (0x000098c2) c.add   a7, a6
core   0: 3 0x80000450 (0x98c2) x17 0x258bbdfb
core   0: 0x80000452 (0x74d03813) sltiu   a6, zero, 1869
core   0: 3 0x80000452 (0x74d03813) x16 0x00000001
core   0: 0x80000456 (0x00006c25) c.lui   s8, 0x9
core   0: 3 0x80000456 (0x6c25) x24 0x00009000
core   0: 0x80000458 (0x00004cb9) c.li    s9, 14
core   0: 3 0x80000458 (0x4cb9) x25 0x0000000e
core   0: 0x8000045a (0x02df6db3) rem     s11, t5, a3
core   0: 3 0x8000045a (0x02df6db3) x27 0xffffffff
core   0: 0x8000045e (0x8b032093) slti    ra, t1, -1872
core   0: 3 0x8000045e (0x8b032093) x1  0x00000000
core   0: 0x80000462 (0x0000987d) c.andi  s0, -1
core   0: 3 0x80000462 (0x987d) x8  0x0000003f
core   0: 0x80000464 (0x0331aab3) mulhsu  s5, gp, s3
core   0: 3 0x80000464 (0x0331aab3) x21 0x00000006
core   0: 0x80000468 (0x6c12a017) auipc   zero, 0x6c12a
core   0: 3 0x80000468 (0x6c12a017)
core   0: 0x8000046c (0x000082c1) c.srli  a3, 16
core   0: 3 0x8000046c (0x82c1) x13 0x00000000
core   0: 0x8000046e (0x00b673b3) and     t2, a2, a1
core   0: 3 0x8000046e (0x00b673b3) x7  0x00000000
core   0: 0x80000472 (0xb6940693) addi    a3, s0, -1175
core   0: 3 0x80000472 (0xb6940693) x13 0xfffffba8
core   0: 0x80000476 (0x00000709) c.addi  a4, 2
core   0: 3 0x80000476 (0x0709) x14 0x0000000c
core   0: 0x80000478 (0x40135613) srai    a2, t1, 1
core   0: 3 0x80000478 (0x40135613) x12 0x00000006
core   0: 0x8000047c (0x40d28133) sub     sp, t0, a3
core   0: 3 0x8000047c (0x40d28133) x2  0x00000457
core   0: 0x80000480 (0x00005a71) c.li    s4, -4
core   0: 3 0x80000480 (0x5a71) x20 0xfffffffc
core   0: 0x80000482 (0x0140d413) srli    s0, ra, 20
core   0: 3 0x80000482 (0x0140d413) x8  0x00000000
core   0: 0x80000486 (0x00001f00) c.addi4spn s0, sp, 944
core   0: 3 0x80000486 (0x1f00) x8  0x00000807
core   0: 0x80000488 (0x000054f1) c.li    s1, -4
core   0: 3 0x80000488 (0x54f1) x9  0xfffffffc
core   0: 0x8000048a (0x0084d613) srli    a2, s1, 8
core   0: 3 0x8000048a (0x0084d613) x12 0x00ffffff
core   0: 0x8000048e (0x0315d3b3) divu    t2, a1, a7
core   0: 3 0x8000048e (0x0315d3b3) x7  0x00000000
core   0: 0x80000492 (0x00001a5d) c.addi  s4, -9
core   0: 3 0x80000492 (0x1a5d) x20 0xfffffff3
core   0: 0x80000494 (0x00008d29) c.xor   a0, a0
core   0: 3 0x80000494 (0x8d29) x10 0x00000000
core   0: 0x80000496 (0xfe9a5ce3) bge     s4, s1, pc - 8
core   0: 3 0x80000496 (0xfe9a5ce3)
core   0: 0x8000049a (0x00000d45) c.addi  s10, 17
core   0: 3 0x8000049a (0x0d45) x26 0x0000000c
core   0: 0x8000049c (0x01159f93) slli    t6, a1, 17
core   0: 3 0x8000049c (0x01159f93) x31 0x001a0000
core   0: 0x800004a0 (0xfd9767e3) bltu    a4, s9, pc - 50
core   0: 3 0x800004a0 (0xfd9767e3)
core   0: 0x8000046e (0x00b673b3) and     t2, a2, a1
core   0: 3 0x8000046e (0x00b673b3) x7  0x0000000d
core   0: 0x80000472 (0xb6940693) addi    a3, s0, -1175
core   0: 3 0x80000472 (0xb6940693) x13 0x00000370
core   0: 0x80000476 (0x00000709) c.addi  a4, 2
core   0: 3 0x80000476 (0x0709) x14 0x0000000e
core   0: 0x80000478 (0x40135613) srai    a2, t1, 1
core   0: 3 0x80000478 (0x40135613) x12 0x00000006
core   0: 0x8000047c (0x40d28133) sub     sp, t0, a3
core   0: 3 0x8000047c (0x40d28133) x2  0xfffffc8f
core   0: 0x80000480 (0x00005a71) c.li    s4, -4
core   0: 3 0x80000480 (0x5a71) x20 0xfffffffc
core   0: 0x80000482 (0x0140d413) srli    s0, ra, 20
core   0: 3 0x80000482 (0x0140d413) x8  0x00000000
core   0: 0x80000486 (0x00001f00) c.addi4spn s0, sp, 944
core   0: 3 0x80000486 (0x1f00) x8  0x0000003f
core   0: 0x80000488 (0x000054f1) c.li    s1, -4
core   0: 3 0x80000488 (0x54f1) x9  0xfffffffc
core   0: 0x8000048a (0x0084d613) srli    a2, s1, 8
core   0: 3 0x8000048a (0x0084d613) x12 0x00ffffff
core   0: 0x8000048e (0x0315d3b3) divu    t2, a1, a7
core   0: 3 0x8000048e (0x0315d3b3) x7  0x00000000
core   0: 0x80000492 (0x00001a5d) c.addi  s4, -9
core   0: 3 0x80000492 (0x1a5d) x20 0xfffffff3
core   0: 0x80000494 (0x00008d29) c.xor   a0, a0
core   0: 3 0x80000494 (0x8d29) x10 0x00000000
core   0: 0x80000496 (0xfe9a5ce3) bge     s4, s1, pc - 8
core   0: 3 0x80000496 (0xfe9a5ce3)
core   0: 0x8000049a (0x00000d45) c.addi  s10, 17
core   0: 3 0x8000049a (0x0d45) x26 0x0000001d
core   0: 0x8000049c (0x01159f93) slli    t6, a1, 17
core   0: 3 0x8000049c (0x01159f93) x31 0x001a0000
core   0: 0x800004a0 (0xfd9767e3) bltu    a4, s9, pc - 50
core   0: 3 0x800004a0 (0xfd9767e3)
core   0: 0x800004a4 (0x00008d91) c.sub   a1, a2
core   0: 3 0x800004a4 (0x8d91) x11 0xff00000e
core   0: 0x800004a6 (0x00004719) c.li    a4, 6
core   0: 3 0x800004a6 (0x4719) x14 0x00000006
core   0: 0x800004a8 (0x00000001) c.nop
core   0: 3 0x800004a8 (0x0001)
core   0: 0x800004aa (0x029f4933) div     s2, t5, s1
core   0: 3 0x800004aa (0x029f4933) x18 0x00000000
core   0: 0x800004ae (0x00001769) c.addi  a4, -6
core   0: 3 0x800004ae (0x1769) x14 0x00000000
core   0: 0x800004b0 (0x000052f9) c.li    t0, -2
core   0: 3 0x800004b0 (0x52f9) x5  0xfffffffe
core   0: 0x800004b2 (0x00004129) c.li    sp, 10
core   0: 3 0x800004b2 (0x4129) x2  0x0000000a
core   0: 0x800004b4 (0x03a5f6b3) remu    a3, a1, s10
core   0: 3 0x800004b4 (0x03a5f6b3) x13 0x0000000a
core   0: 0x800004b8 (0x00000299) c.addi  t0, 6
core   0: 3 0x800004b8 (0x0299) x5  0x00000004
core   0: 0x800004ba (0x01732933) slt     s2, t1, s7
core   0: 3 0x800004ba (0x01732933) x18 0x00000000
core   0: 0x800004be (0xfe228be3) beq     t0, sp, pc - 10
core   0: 3 0x800004be (0xfe228be3)
core   0: 0x800004c2 (0x0000d765) c.beqz  a4, pc - 24
core   0: 3 0x800004c2 (0xd765)
core   0: 0x800004aa (0x029f4933) div     s2, t5, s1
core   0: 3 0x800004aa (0x029f4933) x18 0x00000000
core   0: 0x800004ae (0x00001769) c.addi  a4, -6
core   0: 3 0x800004ae (0x1769) x14 0xfffffffa
core   0: 0x800004b0 (0x000052f9) c.li    t0, -2
core   0: 3 0x800004b0 (0x52f9) x5  0xfffffffe
core   0: 0x800004b2 (0x00004129) c.li    sp, 10
core   0: 3 0x800004b2 (0x4129) x2  0x0000000a
core   0: 0x800004b4 (0x03a5f6b3) remu    a3, a1, s10
core   0: 3 0x800004b4 (0x03a5f6b3) x13 0x0000000a
core   0: 0x800004b8 (0x00000299) c.addi  t0, 6
core   0: 3 0x800004b8 (0x0299) x5  0x00000004
core   0: 0x800004ba (0x01732933) slt     s2, t1, s7
core   0: 3 0x800004ba (0x01732933) x18 0x00000000
core   0: 0x800004be (0xfe228be3) beq     t0, sp, pc - 10
core   0: 3 0x800004be (0xfe228be3)
core   0: 0x800004c2 (0x0000d765) c.beqz  a4, pc - 24
core   0: 3 0x800004c2 (0xd765)
core   0: 0x800004c4 (0x00008219) c.srli  a2, 6
core   0: 3 0x800004c4 (0x8219) x12 0x0003ffff
core   0: 0x800004c6 (0x00005679) c.li    a2, -2
core   0: 3 0x800004c6 (0x5679) x12 0xfffffffe
core   0: 0x800004c8 (0x40015013) srai    zero, sp, 0
core   0: 3 0x800004c8 (0x40015013)
core   0: 0x800004cc (0x00254933) xor     s2, a0, sp
core   0: 3 0x800004cc (0x00254933) x18 0x0000000a
core   0: 0x800004d0 (0x00d1df33) srl     t5, gp, a3
core   0: 3 0x800004d0 (0x00d1df33) x30 0x00000000
core   0: 0x800004d4 (0x027aaa33) mulhsu  s4, s5, t2
core   0: 3 0x800004d4 (0x027aaa33) x20 0x00000000
core   0: 0x800004d8 (0x00009bfd) c.andi  a5, -1
core   0: 3 0x800004d8 (0x9bfd) x15 0x00000000
core   0: 0x800004da (0x000063f5) c.lui   t2, 0x1d
core   0: 3 0x800004da (0x63f5) x7  0x0001d000
core   0: 0x800004dc (0x00008441) c.srai  s0, 16
core   0: 3 0x800004dc (0x8441) x8  0x00000000
core   0: 0x800004de (0x00000001) c.nop
core   0: 3 0x800004de (0x0001)
core   0: 0x800004e0 (0x00004851) c.li    a6, 20
core   0: 3 0x800004e0 (0x4851) x16 0x00000014
core   0: 0x800004e2 (0x0157c6b3) xor     a3, a5, s5
core   0: 3 0x800004e2 (0x0157c6b3) x13 0x00000006
core   0: 0x800004e6 (0x00006109) c.addi16sp sp, 128
core   0: 3 0x800004e6 (0x6109) x2  0x0000008a
core   0: 0x800004e8 (0x03c6e5b3) rem     a1, a3, t3
core   0: 3 0x800004e8 (0x03c6e5b3) x11 0x00000006
core   0: 0x800004ec (0x000007ea) c.slli  a5, 26
core   0: 3 0x800004ec (0x07ea) x15 0x00000000
core   0: 0x800004ee (0x0120cc33) xor     s8, ra, s2
core   0: 3 0x800004ee (0x0120cc33) x24 0x0000000a
core   0: 0x800004f2 (0x003ed193) srli    gp, t4, 3
core   0: 3 0x800004f2 (0x003ed193) x3  0x060f496e
core   0: 0x800004f6 (0x00000605) c.addi  a2, 1
core   0: 3 0x800004f6 (0x0605) x12 0xffffffff
core   0: 0x800004f8 (0x00ccd693) srli    a3, s9, 12
core   0: 3 0x800004f8 (0x00ccd693) x13 0x00000000
core   0: 0x800004fc (0x02760d33) mul     s10, a2, t2
core   0: 3 0x800004fc (0x02760d33) x26 0xfffe3000
core   0: 0x80000500 (0x41bfd093) srai    ra, t6, 27
core   0: 3 0x80000500 (0x41bfd093) x1  0x00000000
core   0: 0x80000504 (0x01049a13) slli    s4, s1, 16
core   0: 3 0x80000504 (0x01049a13) x20 0xfffc0000
core   0: 0x80000508 (0x02491cb3) mulh    s9, s2, tp
core   0: 3 0x80000508 (0x02491cb3) x25 0xfffffffb
core   0: 0x8000050c (0x33158513) addi    a0, a1, 817
core   0: 3 0x8000050c (0x33158513) x10 0x00000337
core   0: 0x80000510 (0x4386fa13) andi    s4, a3, 1080
core   0: 3 0x80000510 (0x4386fa13) x20 0x00000000
core   0: 0x80000514 (0xfd066ae3) bltu    a2, a6, pc - 44
core   0: 3 0x80000514 (0xfd066ae3)
core   0: 0x80000518 (0x2358b713) sltiu   a4, a7, 565
core   0: 3 0x80000518 (0x2358b713) x14 0x00000000
core   0: 0x8000051c (0x000047a5) c.li    a5, 9
core   0: 3 0x8000051c (0x47a5) x15 0x00000009
core   0: 0x8000051e (0x00000001) c.nop
core   0: 3 0x8000051e (0x0001)
core   0: 0x80000520 (0x037568b3) rem     a7, a0, s7
core   0: 3 0x80000520 (0x037568b3) x17 0x00000337
core   0: 0x80000524 (0x000017dd) c.addi  a5, -9
core   0: 3 0x80000524 (0x17dd) x15 0x00000000
core   0: 0x80000526 (0x00004819) c.li    a6, 6
core   0: 3 0x80000526 (0x4819) x16 0x00000006
core   0: 0x80000528 (0x00004325) c.li    t1, 9
core   0: 3 0x80000528 (0x4325) x6  0x00000009
core   0: 0x8000052a (0x000ee0b3) or      ra, t4, zero
core   0: 3 0x8000052a (0x000ee0b3) x1  0x307a4b70
core   0: 0x8000052e (0x00000811) c.addi  a6, 4
core   0: 3 0x8000052e (0x0811) x16 0x0000000a
core   0: 0x80000530 (0xfe684de3) blt     a6, t1, pc - 6
core   0: 3 0x80000530 (0xfe684de3)
core   0: 0x80000534 (0x0000d7f5) c.beqz  a5, pc - 20
core   0: 3 0x80000534 (0xd7f5)
core   0: 0x80000520 (0x037568b3) rem     a7, a0, s7
core   0: 3 0x80000520 (0x037568b3) x17 0x00000337
core   0: 0x80000524 (0x000017dd) c.addi  a5, -9
core   0: 3 0x80000524 (0x17dd) x15 0xfffffff7
core   0: 0x80000526 (0x00004819) c.li    a6, 6
core   0: 3 0x80000526 (0x4819) x16 0x00000006
core   0: 0x80000528 (0x00004325) c.li    t1, 9
core   0: 3 0x80000528 (0x4325) x6  0x00000009
core   0: 0x8000052a (0x000ee0b3) or      ra, t4, zero
core   0: 3 0x8000052a (0x000ee0b3) x1  0x307a4b70
core   0: 0x8000052e (0x00000811) c.addi  a6, 4
core   0: 3 0x8000052e (0x0811) x16 0x0000000a
core   0: 0x80000530 (0xfe684de3) blt     a6, t1, pc - 6
core   0: 3 0x80000530 (0xfe684de3)
core   0: 0x80000534 (0x0000d7f5) c.beqz  a5, pc - 20
core   0: 3 0x80000534 (0xd7f5)
core   0: 0x80000536 (0x022c2633) mulhsu  a2, s8, sp
core   0: 3 0x80000536 (0x022c2633) x12 0x00000000
core   0: 0x8000053a (0x0000516d) c.li    sp, -5
core   0: 3 0x8000053a (0x516d) x2  0xfffffffb
core   0: 0x8000053c (0x032cc2b3) div     t0, s9, s2
core   0: 3 0x8000053c (0x032cc2b3) x5  0x00000000
core   0: 0x80000540 (0x00004a25) c.li    s4, 9
core   0: 3 0x80000540 (0x4a25) x20 0x00000009
core   0: 0x80000542 (0x034a6833) rem     a6, s4, s4
core   0: 3 0x80000542 (0x034a6833) x16 0x00000000
core   0: 0x80000546 (0x00000109) c.addi  sp, 2
core   0: 3 0x80000546 (0x0109) x2  0xfffffffd
core   0: 0x80000548 (0x000045a5) c.li    a1, 9
core   0: 3 0x80000548 (0x45a5) x11 0x00000009
core   0: 0x8000054a (0x4105d493) srai    s1, a1, 16
core   0: 3 0x8000054a (0x4105d493) x9  0x00000000
core   0: 0x8000054e (0x00004c8d) c.li    s9, 3
core   0: 3 0x8000054e (0x4c8d) x25 0x00000003
core   0: 0x80000550 (0x40570013) addi    zero, a4, 1029
core   0: 3 0x80000550 (0x40570013)
core   0: 0x80000554 (0xd0cded17) auipc   s10, 0xd0cde
core   0: 3 0x80000554 (0xd0cded17) x26 0x50cde554
core   0: 0x80000558 (0xc196eb13) ori     s6, a3, -999
core   0: 3 0x80000558 (0xc196eb13) x22 0xfffffc19
core   0: 0x8000055c (0x000015e9) c.addi  a1, -6
core   0: 3 0x8000055c (0x15e9) x11 0x00000003
core   0: 0x8000055e (0xff9599e3) bne     a1, s9, pc - 14
core   0: 3 0x8000055e (0xff9599e3)
core   0: 0x80000562 (0xff4140e3) blt     sp, s4, pc - 32
core   0: 3 0x80000562 (0xff4140e3)
core   0: 0x80000542 (0x034a6833) rem     a6, s4, s4
core   0: 3 0x80000542 (0x034a6833) x16 0x00000000
core   0: 0x80000546 (0x00000109) c.addi  sp, 2
core   0: 3 0x80000546 (0x0109) x2  0xffffffff
core   0: 0x80000548 (0x000045a5) c.li    a1, 9
core   0: 3 0x80000548 (0x45a5) x11 0x00000009
core   0: 0x8000054a (0x4105d493) srai    s1, a1, 16
core   0: 3 0x8000054a (0x4105d493) x9  0x00000000
core   0: 0x8000054e (0x00004c8d) c.li    s9, 3
core   0: 3 0x8000054e (0x4c8d) x25 0x00000003
core   0: 0x80000550 (0x40570013) addi    zero, a4, 1029
core   0: 3 0x80000550 (0x40570013)
core   0: 0x80000554 (0xd0cded17) auipc   s10, 0xd0cde
core   0: 3 0x80000554 (0xd0cded17) x26 0x50cde554
core   0: 0x80000558 (0xc196eb13) ori     s6, a3, -999
core   0: 3 0x80000558 (0xc196eb13) x22 0xfffffc19
core   0: 0x8000055c (0x000015e9) c.addi  a1, -6
core   0: 3 0x8000055c (0x15e9) x11 0x00000003
core   0: 0x8000055e (0xff9599e3) bne     a1, s9, pc - 14
core   0: 3 0x8000055e (0xff9599e3)
core   0: 0x80000562 (0xff4140e3) blt     sp, s4, pc - 32
core   0: 3 0x80000562 (0xff4140e3)
core   0: 0x80000542 (0x034a6833) rem     a6, s4, s4
core   0: 3 0x80000542 (0x034a6833) x16 0x00000000
core   0: 0x80000546 (0x00000109) c.addi  sp, 2
core   0: 3 0x80000546 (0x0109) x2  0x00000001
core   0: 0x80000548 (0x000045a5) c.li    a1, 9
core   0: 3 0x80000548 (0x45a5) x11 0x00000009
core   0: 0x8000054a (0x4105d493) srai    s1, a1, 16
core   0: 3 0x8000054a (0x4105d493) x9  0x00000000
core   0: 0x8000054e (0x00004c8d) c.li    s9, 3
core   0: 3 0x8000054e (0x4c8d) x25 0x00000003
core   0: 0x80000550 (0x40570013) addi    zero, a4, 1029
core   0: 3 0x80000550 (0x40570013)
core   0: 0x80000554 (0xd0cded17) auipc   s10, 0xd0cde
core   0: 3 0x80000554 (0xd0cded17) x26 0x50cde554
core   0: 0x80000558 (0xc196eb13) ori     s6, a3, -999
core   0: 3 0x80000558 (0xc196eb13) x22 0xfffffc19
core   0: 0x8000055c (0x000015e9) c.addi  a1, -6
core   0: 3 0x8000055c (0x15e9) x11 0x00000003
core   0: 0x8000055e (0xff9599e3) bne     a1, s9, pc - 14
core   0: 3 0x8000055e (0xff9599e3)
core   0: 0x80000562 (0xff4140e3) blt     sp, s4, pc - 32
core   0: 3 0x80000562 (0xff4140e3)
core   0: 0x80000542 (0x034a6833) rem     a6, s4, s4
core   0: 3 0x80000542 (0x034a6833) x16 0x00000000
core   0: 0x80000546 (0x00000109) c.addi  sp, 2
core   0: 3 0x80000546 (0x0109) x2  0x00000003
core   0: 0x80000548 (0x000045a5) c.li    a1, 9
core   0: 3 0x80000548 (0x45a5) x11 0x00000009
core   0: 0x8000054a (0x4105d493) srai    s1, a1, 16
core   0: 3 0x8000054a (0x4105d493) x9  0x00000000
core   0: 0x8000054e (0x00004c8d) c.li    s9, 3
core   0: 3 0x8000054e (0x4c8d) x25 0x00000003
core   0: 0x80000550 (0x40570013) addi    zero, a4, 1029
core   0: 3 0x80000550 (0x40570013)
core   0: 0x80000554 (0xd0cded17) auipc   s10, 0xd0cde
core   0: 3 0x80000554 (0xd0cded17) x26 0x50cde554
core   0: 0x80000558 (0xc196eb13) ori     s6, a3, -999
core   0: 3 0x80000558 (0xc196eb13) x22 0xfffffc19
core   0: 0x8000055c (0x000015e9) c.addi  a1, -6
core   0: 3 0x8000055c (0x15e9) x11 0x00000003
core   0: 0x8000055e (0xff9599e3) bne     a1, s9, pc - 14
core   0: 3 0x8000055e (0xff9599e3)
core   0: 0x80000562 (0xff4140e3) blt     sp, s4, pc - 32
core   0: 3 0x80000562 (0xff4140e3)
core   0: 0x80000542 (0x034a6833) rem     a6, s4, s4
core   0: 3 0x80000542 (0x034a6833) x16 0x00000000
core   0: 0x80000546 (0x00000109) c.addi  sp, 2
core   0: 3 0x80000546 (0x0109) x2  0x00000005
core   0: 0x80000548 (0x000045a5) c.li    a1, 9
core   0: 3 0x80000548 (0x45a5) x11 0x00000009
core   0: 0x8000054a (0x4105d493) srai    s1, a1, 16
core   0: 3 0x8000054a (0x4105d493) x9  0x00000000
core   0: 0x8000054e (0x00004c8d) c.li    s9, 3
core   0: 3 0x8000054e (0x4c8d) x25 0x00000003
core   0: 0x80000550 (0x40570013) addi    zero, a4, 1029
core   0: 3 0x80000550 (0x40570013)
core   0: 0x80000554 (0xd0cded17) auipc   s10, 0xd0cde
core   0: 3 0x80000554 (0xd0cded17) x26 0x50cde554
core   0: 0x80000558 (0xc196eb13) ori     s6, a3, -999
core   0: 3 0x80000558 (0xc196eb13) x22 0xfffffc19
core   0: 0x8000055c (0x000015e9) c.addi  a1, -6
core   0: 3 0x8000055c (0x15e9) x11 0x00000003
core   0: 0x8000055e (0xff9599e3) bne     a1, s9, pc - 14
core   0: 3 0x8000055e (0xff9599e3)
core   0: 0x80000562 (0xff4140e3) blt     sp, s4, pc - 32
core   0: 3 0x80000562 (0xff4140e3)
core   0: 0x80000542 (0x034a6833) rem     a6, s4, s4
core   0: 3 0x80000542 (0x034a6833) x16 0x00000000
core   0: 0x80000546 (0x00000109) c.addi  sp, 2
core   0: 3 0x80000546 (0x0109) x2  0x00000007
core   0: 0x80000548 (0x000045a5) c.li    a1, 9
core   0: 3 0x80000548 (0x45a5) x11 0x00000009
core   0: 0x8000054a (0x4105d493) srai    s1, a1, 16
core   0: 3 0x8000054a (0x4105d493) x9  0x00000000
core   0: 0x8000054e (0x00004c8d) c.li    s9, 3
core   0: 3 0x8000054e (0x4c8d) x25 0x00000003
core   0: 0x80000550 (0x40570013) addi    zero, a4, 1029
core   0: 3 0x80000550 (0x40570013)
core   0: 0x80000554 (0xd0cded17) auipc   s10, 0xd0cde
core   0: 3 0x80000554 (0xd0cded17) x26 0x50cde554
core   0: 0x80000558 (0xc196eb13) ori     s6, a3, -999
core   0: 3 0x80000558 (0xc196eb13) x22 0xfffffc19
core   0: 0x8000055c (0x000015e9) c.addi  a1, -6
core   0: 3 0x8000055c (0x15e9) x11 0x00000003
core   0: 0x8000055e (0xff9599e3) bne     a1, s9, pc - 14
core   0: 3 0x8000055e (0xff9599e3)
core   0: 0x80000562 (0xff4140e3) blt     sp, s4, pc - 32
core   0: 3 0x80000562 (0xff4140e3)
core   0: 0x80000542 (0x034a6833) rem     a6, s4, s4
core   0: 3 0x80000542 (0x034a6833) x16 0x00000000
core   0: 0x80000546 (0x00000109) c.addi  sp, 2
core   0: 3 0x80000546 (0x0109) x2  0x00000009
core   0: 0x80000548 (0x000045a5) c.li    a1, 9
core   0: 3 0x80000548 (0x45a5) x11 0x00000009
core   0: 0x8000054a (0x4105d493) srai    s1, a1, 16
core   0: 3 0x8000054a (0x4105d493) x9  0x00000000
core   0: 0x8000054e (0x00004c8d) c.li    s9, 3
core   0: 3 0x8000054e (0x4c8d) x25 0x00000003
core   0: 0x80000550 (0x40570013) addi    zero, a4, 1029
core   0: 3 0x80000550 (0x40570013)
core   0: 0x80000554 (0xd0cded17) auipc   s10, 0xd0cde
core   0: 3 0x80000554 (0xd0cded17) x26 0x50cde554
core   0: 0x80000558 (0xc196eb13) ori     s6, a3, -999
core   0: 3 0x80000558 (0xc196eb13) x22 0xfffffc19
core   0: 0x8000055c (0x000015e9) c.addi  a1, -6
core   0: 3 0x8000055c (0x15e9) x11 0x00000003
core   0: 0x8000055e (0xff9599e3) bne     a1, s9, pc - 14
core   0: 3 0x8000055e (0xff9599e3)
core   0: 0x80000562 (0xff4140e3) blt     sp, s4, pc - 32
core   0: 3 0x80000562 (0xff4140e3)
core   0: 0x80000566 (0x00000001) c.nop
core   0: 3 0x80000566 (0x0001)
core   0: 0x80000568 (0x00004885) c.li    a7, 1
core   0: 3 0x80000568 (0x4885) x17 0x00000001
core   0: 0x8000056a (0x00004295) c.li    t0, 5
core   0: 3 0x8000056a (0x4295) x5  0x00000005
core   0: 0x8000056c (0x9382bf93) sltiu   t6, t0, -1736
core   0: 3 0x8000056c (0x9382bf93) x31 0x00000001
core   0: 0x80000570 (0x038bbf33) mulhu   t5, s7, s8
core   0: 3 0x80000570 (0x038bbf33) x30 0x00000000
core   0: 0x80000574 (0x0000089d) c.addi  a7, 7
core   0: 3 0x80000574 (0x089d) x17 0x00000008
core   0: 0x80000576 (0x01e49a13) slli    s4, s1, 30
core   0: 3 0x80000576 (0x01e49a13) x20 0x00000000
core   0: 0x8000057a (0x00004615) c.li    a2, 5
core   0: 3 0x8000057a (0x4615) x12 0x00000005
core   0: 0x8000057c (0x000059e5) c.li    s3, -7
core   0: 3 0x8000057c (0x59e5) x19 0xfffffff9
core   0: 0x8000057e (0x00008fe1) c.and   a5, s0
core   0: 3 0x8000057e (0x8fe1) x15 0x00000000
core   0: 0x80000580 (0x00e064b3) or      s1, zero, a4
core   0: 3 0x80000580 (0x00e064b3) x9  0x00000000
core   0: 0x80000584 (0x00001669) c.addi  a2, -6
core   0: 3 0x80000584 (0x1669) x12 0xffffffff
core   0: 0x80000586 (0xff361ce3) bne     a2, s3, pc - 8
core   0: 3 0x80000586 (0xff361ce3)
core   0: 0x8000057e (0x00008fe1) c.and   a5, s0
core   0: 3 0x8000057e (0x8fe1) x15 0x00000000
core   0: 0x80000580 (0x00e064b3) or      s1, zero, a4
core   0: 3 0x80000580 (0x00e064b3) x9  0x00000000
core   0: 0x80000584 (0x00001669) c.addi  a2, -6
core   0: 3 0x80000584 (0x1669) x12 0xfffffff9
core   0: 0x80000586 (0xff361ce3) bne     a2, s3, pc - 8
core   0: 3 0x80000586 (0xff361ce3)
core   0: 0x8000058a (0x00006ddd) c.lui   s11, 0x17
core   0: 3 0x8000058a (0x6ddd) x27 0x00017000
core   0: 0x8000058c (0xfe58c0e3) blt     a7, t0, pc - 32
core   0: 3 0x8000058c (0xfe58c0e3)
core   0: 0x80000590 (0x00000a62) c.slli  s4, 24
core   0: 3 0x80000590 (0x0a62) x20 0x00000000
core   0: 0x80000592 (0x000046a5) c.li    a3, 9
core   0: 3 0x80000592 (0x46a5) x13 0x00000009
core   0: 0x80000594 (0x00008d09) c.sub   a0, a0
core   0: 3 0x80000594 (0x8d09) x10 0x00000000
core   0: 0x80000596 (0x000043c1) c.li    t2, 16
core   0: 3 0x80000596 (0x43c1) x7  0x00000010
core   0: 0x80000598 (0x00008e6d) c.and   a2, a1
core   0: 3 0x80000598 (0x8e6d) x12 0x00000001
core   0: 0x8000059a (0x00008ff9) c.and   a5, a4
core   0: 3 0x8000059a (0x8ff9) x15 0x00000000
core   0: 0x8000059c (0x00008c19) c.sub   s0, a4
core   0: 3 0x8000059c (0x8c19) x8  0x00000000
core   0: 0x8000059e (0x00008bf5) c.andi  a5, 29
core   0: 3 0x8000059e (0x8bf5) x15 0x00000000
core   0: 0x800005a0 (0x000006a5) c.addi  a3, 9
core   0: 3 0x800005a0 (0x06a5) x13 0x00000012
core   0: 0x800005a2 (0x01babcb3) sltu    s9, s5, s11
core   0: 3 0x800005a2 (0x01babcb3) x25 0x00000001
core   0: 0x800005a6 (0xfe76eae3) bltu    a3, t2, pc - 12
core   0: 3 0x800005a6 (0xfe76eae3)
core   0: 0x800005aa (0x00008fb9) c.xor   a5, a4
core   0: 3 0x800005aa (0x8fb9) x15 0x00000000
core   0: 0x800005ac (0x000054f5) c.li    s1, -3
core   0: 3 0x800005ac (0x54f5) x9  0xfffffffd
core   0: 0x800005ae (0x203b3093) sltiu   ra, s6, 515
core   0: 3 0x800005ae (0x203b3093) x1  0x00000000
core   0: 0x800005b2 (0x9b4658b7) lui     a7, 0x9b465
core   0: 3 0x800005b2 (0x9b4658b7) x17 0x9b465000
core   0: 0x800005b6 (0x008d12b3) sll     t0, s10, s0
core   0: 3 0x800005b6 (0x008d12b3) x5  0x50cde554
core   0: 0x800005ba (0x00000001) c.nop
core   0: 3 0x800005ba (0x0001)
core   0: 0x800005bc (0x02c31fb3) mulh    t6, t1, a2
core   0: 3 0x800005bc (0x02c31fb3) x31 0x00000000
core   0: 0x800005c0 (0x00000001) c.nop
core   0: 3 0x800005c0 (0x0001)
core   0: 0x800005c2 (0x0000887e) c.mv    a6, t6
core   0: 3 0x800005c2 (0x887e) x16 0x00000000
core   0: 0x800005c4 (0x0284d533) divu    a0, s1, s0
core   0: 3 0x800005c4 (0x0284d533) x10 0xffffffff
core   0: 0x800005c8 (0x0000048d) c.addi  s1, 3
core   0: 3 0x800005c8 (0x048d) x9  0x00000000
core   0: 0x800005ca (0x41ae5bb3) sra     s7, t3, s10
core   0: 3 0x800005ca (0x41ae5bb3) x23 0xfffff800
core   0: 0x800005ce (0x00008da1) c.xor   a1, s0
core   0: 3 0x800005ce (0x8da1) x11 0x00000003
core   0: 0x800005d0 (0x00008df1) c.and   a1, a2
core   0: 3 0x800005d0 (0x8df1) x11 0x00000001
core   0: 0x800005d2 (0x0000f4ed) c.bnez  s1, pc - 22
core   0: 3 0x800005d2 (0xf4ed)
core   0: 0x800005d4 (0x0000987d) c.andi  s0, -1
core   0: 3 0x800005d4 (0x987d) x8  0x00000000
core   0: 0x800005d6 (0x00004489) c.li    s1, 2
core   0: 3 0x800005d6 (0x4489) x9  0x00000002
core   0: 0x800005d8 (0x6bc16893) ori     a7, sp, 1724
core   0: 3 0x800005d8 (0x6bc16893) x17 0x000006bd
core   0: 0x800005dc (0x029c7833) remu    a6, s8, s1
core   0: 3 0x800005dc (0x029c7833) x16 0x00000000
core   0: 0x800005e0 (0x027fabb3) mulhsu  s7, t6, t2
core   0: 3 0x800005e0 (0x027fabb3) x23 0x00000000
core   0: 0x800005e4 (0x00009fa2) c.add   t6, s0
core   0: 3 0x800005e4 (0x9fa2) x31 0x00000000
core   0: 0x800005e6 (0x000063a9) c.lui   t2, 0xa
core   0: 3 0x800005e6 (0x63a9) x7  0x0000a000
core   0: 0x800005e8 (0x000056c9) c.li    a3, -14
core   0: 3 0x800005e8 (0x56c9) x13 0xfffffff2
core   0: 0x800005ea (0x00000001) c.nop
core   0: 3 0x800005ea (0x0001)
core   0: 0x800005ec (0x032841b3) div     gp, a6, s2
core   0: 3 0x800005ec (0x032841b3) x3  0x00000000
core   0: 0x800005f0 (0x000014e1) c.addi  s1, -8
core   0: 3 0x800005f0 (0x14e1) x9  0xfffffffa
core   0: 0x800005f2 (0x03f95ab3) divu    s5, s2, t6
core   0: 3 0x800005f2 (0x03f95ab3) x21 0xffffffff
core   0: 0x800005f6 (0x0092d613) srli    a2, t0, 9
core   0: 3 0x800005f6 (0x0092d613) x12 0x002866f2
core   0: 0x800005fa (0x0178bdb3) sltu    s11, a7, s7
core   0: 3 0x800005fa (0x0178bdb3) x27 0x00000000
core   0: 0x800005fe (0xdb743f13) sltiu   t5, s0, -585
core   0: 3 0x800005fe (0xdb743f13) x30 0x00000001
core   0: 0x80000602 (0x00501cb3) sll     s9, zero, t0
core   0: 3 0x80000602 (0x00501cb3) x25 0x00000000
core   0: 0x80000606 (0x41d35413) srai    s0, t1, 29
core   0: 3 0x80000606 (0x41d35413) x8  0x00000000
core   0: 0x8000060a (0xfed480e3) beq     s1, a3, pc - 32
core   0: 3 0x8000060a (0xfed480e3)
core   0: 0x8000060e (0x0000867d) c.srai  a2, 31
core   0: 3 0x8000060e (0x867d) x12 0x00000000
core   0: 0x80000610 (0x000050f9) c.li    ra, -2
core   0: 3 0x80000610 (0x50f9) x1  0xfffffffe
core   0: 0x80000612 (0x00bfe8b3) or      a7, t6, a1
core   0: 3 0x80000612 (0x00bfe8b3) x17 0x00000001
core   0: 0x80000616 (0x00fb0db3) add     s11, s6, a5
core   0: 3 0x80000616 (0x00fb0db3) x27 0xfffffc19
core   0: 0x8000061a (0x02557a33) remu    s4, a0, t0
core   0: 3 0x8000061a (0x02557a33) x20 0x0d965003
core   0: 0x8000061e (0x00004421) c.li    s0, 8
core   0: 3 0x8000061e (0x4421) x8  0x00000008
core   0: 0x80000620 (0x406c8b33) sub     s6, s9, t1
core   0: 3 0x80000620 (0x406c8b33) x22 0xfffffff7
core   0: 0x80000624 (0x00975513) srli    a0, a4, 9
core   0: 3 0x80000624 (0x00975513) x10 0x00000000
core   0: 0x80000628 (0x0054ebb3) or      s7, s1, t0
core   0: 3 0x80000628 (0x0054ebb3) x23 0xfffffffe
core   0: 0x8000062c (0x01a7c533) xor     a0, a5, s10
core   0: 3 0x8000062c (0x01a7c533) x10 0x50cde554
core   0: 0x80000630 (0x00000001) c.nop
core   0: 3 0x80000630 (0x0001)
core   0: 0x80000632 (0x03632933) mulhsu  s2, t1, s6
core   0: 3 0x80000632 (0x03632933) x18 0x00000008
core   0: 0x80000636 (0x00008dd9) c.or    a1, a4
core   0: 3 0x80000636 (0x8dd9) x11 0x00000001
core   0: 0x80000638 (0x00005fbd) c.li    t6, -17
core   0: 3 0x80000638 (0x5fbd) x31 0xffffffef
core   0: 0x8000063a (0x02209cb3) mulh    s9, ra, sp
core   0: 3 0x8000063a (0x02209cb3) x25 0xffffffff
core   0: 0x8000063e (0xdd8b6c93) ori     s9, s6, -552
core   0: 3 0x8000063e (0xdd8b6c93) x25 0xffffffff
core   0: 0x80000642 (0x6399ec93) ori     s9, s3, 1593
core   0: 3 0x80000642 (0x6399ec93) x25 0xfffffff9
core   0: 0x80000646 (0x01dfdf13) srli    t5, t6, 29
core   0: 3 0x80000646 (0x01dfdf13) x30 0x00000007
core   0: 0x8000064a (0x00000b05) c.addi  s6, 1
core   0: 3 0x8000064a (0x0b05) x22 0xfffffff8
core   0: 0x8000064c (0x0000055d) c.addi  a0, 23
core   0: 3 0x8000064c (0x055d) x10 0x50cde56b
core   0: 0x8000064e (0x000010ed) c.addi  ra, -5
core   0: 3 0x8000064e (0x10ed) x1  0xfffffff9
core   0: 0x80000650 (0x32ac7793) andi    a5, s8, 810
core   0: 3 0x80000650 (0x32ac7793) x15 0x0000000a
core   0: 0x80000654 (0xeca14193) xori    gp, sp, -310
core   0: 3 0x80000654 (0xeca14193) x3  0xfffffec3
core   0: 0x80000658 (0xfff0d9e3) bge     ra, t6, pc - 14
core   0: 3 0x80000658 (0xfff0d9e3)
core   0: 0x8000064a (0x00000b05) c.addi  s6, 1
core   0: 3 0x8000064a (0x0b05) x22 0xfffffff9
core   0: 0x8000064c (0x0000055d) c.addi  a0, 23
core   0: 3 0x8000064c (0x055d) x10 0x50cde582
core   0: 0x8000064e (0x000010ed) c.addi  ra, -5
core   0: 3 0x8000064e (0x10ed) x1  0xfffffff4
core   0: 0x80000650 (0x32ac7793) andi    a5, s8, 810
core   0: 3 0x80000650 (0x32ac7793) x15 0x0000000a
core   0: 0x80000654 (0xeca14193) xori    gp, sp, -310
core   0: 3 0x80000654 (0xeca14193) x3  0xfffffec3
core   0: 0x80000658 (0xfff0d9e3) bge     ra, t6, pc - 14
core   0: 3 0x80000658 (0xfff0d9e3)
core   0: 0x8000064a (0x00000b05) c.addi  s6, 1
core   0: 3 0x8000064a (0x0b05) x22 0xfffffffa
core   0: 0x8000064c (0x0000055d) c.addi  a0, 23
core   0: 3 0x8000064c (0x055d) x10 0x50cde599
core   0: 0x8000064e (0x000010ed) c.addi  ra, -5
core   0: 3 0x8000064e (0x10ed) x1  0xffffffef
core   0: 0x80000650 (0x32ac7793) andi    a5, s8, 810
core   0: 3 0x80000650 (0x32ac7793) x15 0x0000000a
core   0: 0x80000654 (0xeca14193) xori    gp, sp, -310
core   0: 3 0x80000654 (0xeca14193) x3  0xfffffec3
core   0: 0x80000658 (0xfff0d9e3) bge     ra, t6, pc - 14
core   0: 3 0x80000658 (0xfff0d9e3)
core   0: 0x8000064a (0x00000b05) c.addi  s6, 1
core   0: 3 0x8000064a (0x0b05) x22 0xfffffffb
core   0: 0x8000064c (0x0000055d) c.addi  a0, 23
core   0: 3 0x8000064c (0x055d) x10 0x50cde5b0
core   0: 0x8000064e (0x000010ed) c.addi  ra, -5
core   0: 3 0x8000064e (0x10ed) x1  0xffffffea
core   0: 0x80000650 (0x32ac7793) andi    a5, s8, 810
core   0: 3 0x80000650 (0x32ac7793) x15 0x0000000a
core   0: 0x80000654 (0xeca14193) xori    gp, sp, -310
core   0: 3 0x80000654 (0xeca14193) x3  0xfffffec3
core   0: 0x80000658 (0xfff0d9e3) bge     ra, t6, pc - 14
core   0: 3 0x80000658 (0xfff0d9e3)
core   0: 0x8000065c (0x012808b3) add     a7, a6, s2
core   0: 3 0x8000065c (0x012808b3) x17 0x00000008
core   0: 0x80000660 (0x00005465) c.li    s0, -7
core   0: 3 0x80000660 (0x5465) x8  0xfffffff9
core   0: 0x80000662 (0x0106dd13) srli    s10, a3, 16
core   0: 3 0x80000662 (0x0106dd13) x26 0x0000ffff
core   0: 0x80000666 (0x0140bbb3) sltu    s7, ra, s4
core   0: 3 0x80000666 (0x0140bbb3) x23 0x00000000
core   0: 0x8000066a (0x402a5d93) srai    s11, s4, 2
core   0: 3 0x8000066a (0x402a5d93) x27 0x03659400
core   0: 0x8000066e (0x000050c5) c.li    ra, -15
core   0: 3 0x8000066e (0x50c5) x1  0xfffffff1
core   0: 0x80000670 (0x00008fc2) c.mv    t6, a6
core   0: 3 0x80000670 (0x8fc2) x31 0x00000000
core   0: 0x80000672 (0x00001471) c.addi  s0, -4
core   0: 3 0x80000672 (0x1471) x8  0xfffffff5
core   0: 0x80000674 (0x014fccb3) xor     s9, t6, s4
core   0: 3 0x80000674 (0x014fccb3) x25 0x0d965003
core   0: 0x80000678 (0xf42f4f97) auipc   t6, 0xf42f4
core   0: 3 0x80000678 (0xf42f4f97) x31 0x742f4678
core   0: 0x8000067c (0x83d0a393) slti    t2, ra, -1987
core   0: 3 0x8000067c (0x83d0a393) x7  0x00000000
core   0: 0x80000680 (0x00001488) c.addi4spn a0, sp, 608
core   0: 3 0x80000680 (0x1488) x10 0x00000269
core   0: 0x80000682 (0xc6ca0613) addi    a2, s4, -916
core   0: 3 0x80000682 (0xc6ca0613) x12 0x0d964c6f
core   0: 0x80000686 (0x02a8a5b3) mulhsu  a1, a7, a0
core   0: 3 0x80000686 (0x02a8a5b3) x11 0x00000000
core   0: 0x8000068a (0x01c8df13) srli    t5, a7, 28
core   0: 3 0x8000068a (0x01c8df13) x30 0x00000000
core   0: 0x8000068e (0x038bf4b3) remu    s1, s7, s8
core   0: 3 0x8000068e (0x038bf4b3) x9  0x00000000
core   0: 0x80000692 (0x00006299) c.lui   t0, 0x6
core   0: 3 0x80000692 (0x6299) x5  0x00006000
core   0: 0x80000694 (0x01528633) add     a2, t0, s5
core   0: 3 0x80000694 (0x01528633) x12 0x00005fff
core   0: 0x80000698 (0x00000001) c.nop
core   0: 3 0x80000698 (0x0001)
core   0: 0x8000069a (0xf2cbe113) ori     sp, s7, -212
core   0: 3 0x8000069a (0xf2cbe113) x2  0xffffff2c
core   0: 0x8000069e (0x00000001) c.nop
core   0: 3 0x8000069e (0x0001)
core   0: 0x800006a0 (0x00a01f93) slli    t6, zero, 10
core   0: 3 0x800006a0 (0x00a01f93) x31 0x00000000
core   0: 0x800006a4 (0x035ba733) mulhsu  a4, s7, s5
core   0: 3 0x800006a4 (0x035ba733) x14 0x00000000
core   0: 0x800006a8 (0xfc1414e3) bne     s0, ra, pc - 56
core   0: 3 0x800006a8 (0xfc1414e3)
core   0: 0x80000670 (0x00008fc2) c.mv    t6, a6
core   0: 3 0x80000670 (0x8fc2) x31 0x00000000
core   0: 0x80000672 (0x00001471) c.addi  s0, -4
core   0: 3 0x80000672 (0x1471) x8  0xfffffff1
core   0: 0x80000674 (0x014fccb3) xor     s9, t6, s4
core   0: 3 0x80000674 (0x014fccb3) x25 0x0d965003
core   0: 0x80000678 (0xf42f4f97) auipc   t6, 0xf42f4
core   0: 3 0x80000678 (0xf42f4f97) x31 0x742f4678
core   0: 0x8000067c (0x83d0a393) slti    t2, ra, -1987
core   0: 3 0x8000067c (0x83d0a393) x7  0x00000000
core   0: 0x80000680 (0x00001488) c.addi4spn a0, sp, 608
core   0: 3 0x80000680 (0x1488) x10 0x0000018c
core   0: 0x80000682 (0xc6ca0613) addi    a2, s4, -916
core   0: 3 0x80000682 (0xc6ca0613) x12 0x0d964c6f
core   0: 0x80000686 (0x02a8a5b3) mulhsu  a1, a7, a0
core   0: 3 0x80000686 (0x02a8a5b3) x11 0x00000000
core   0: 0x8000068a (0x01c8df13) srli    t5, a7, 28
core   0: 3 0x8000068a (0x01c8df13) x30 0x00000000
core   0: 0x8000068e (0x038bf4b3) remu    s1, s7, s8
core   0: 3 0x8000068e (0x038bf4b3) x9  0x00000000
core   0: 0x80000692 (0x00006299) c.lui   t0, 0x6
core   0: 3 0x80000692 (0x6299) x5  0x00006000
core   0: 0x80000694 (0x01528633) add     a2, t0, s5
core   0: 3 0x80000694 (0x01528633) x12 0x00005fff
core   0: 0x80000698 (0x00000001) c.nop
core   0: 3 0x80000698 (0x0001)
core   0: 0x8000069a (0xf2cbe113) ori     sp, s7, -212
core   0: 3 0x8000069a (0xf2cbe113) x2  0xffffff2c
core   0: 0x8000069e (0x00000001) c.nop
core   0: 3 0x8000069e (0x0001)
core   0: 0x800006a0 (0x00a01f93) slli    t6, zero, 10
core   0: 3 0x800006a0 (0x00a01f93) x31 0x00000000
core   0: 0x800006a4 (0x035ba733) mulhsu  a4, s7, s5
core   0: 3 0x800006a4 (0x035ba733) x14 0x00000000
core   0: 0x800006a8 (0xfc1414e3) bne     s0, ra, pc - 56
core   0: 3 0x800006a8 (0xfc1414e3)
core   0: 0x800006ac (0x00008171) c.srli  a0, 28
core   0: 3 0x800006ac (0x8171) x10 0x00000000
core   0: 0x800006ae (0x0000441d) c.li    s0, 7
core   0: 3 0x800006ae (0x441d) x8  0x00000007
core   0: 0x800006b0 (0x03e9ddb3) divu    s11, s3, t5
core   0: 3 0x800006b0 (0x03e9ddb3) x27 0xffffffff
core   0: 0x800006b4 (0x41fd5833) sra     a6, s10, t6
core   0: 3 0x800006b4 (0x41fd5833) x16 0x0000ffff
core   0: 0x800006b8 (0x000048b9) c.li    a7, 14
core   0: 3 0x800006b8 (0x48b9) x17 0x0000000e
core   0: 0x800006ba (0x01e86bb3) or      s7, a6, t5
core   0: 3 0x800006ba (0x01e86bb3) x23 0x0000ffff
core   0: 0x800006be (0x00000405) c.addi  s0, 1
core   0: 3 0x800006be (0x0405) x8  0x00000008
core   0: 0x800006c0 (0xff140de3) beq     s0, a7, pc - 6
core   0: 3 0x800006c0 (0xff140de3)
core   0: 0x800006c4 (0x00008ed5) c.or    a3, a3
core   0: 3 0x800006c4 (0x8ed5) x13 0xfffffff2
core   0: 0x800006c6 (0x00005669) c.li    a2, -6
core   0: 3 0x800006c6 (0x5669) x12 0xfffffffa
core   0: 0x800006c8 (0x0000577d) c.li    a4, -1
core   0: 3 0x800006c8 (0x577d) x14 0xffffffff
core   0: 0x800006ca (0x00000001) c.nop
core   0: 3 0x800006ca (0x0001)
core   0: 0x800006cc (0x401d80b3) sub     ra, s11, ra
core   0: 3 0x800006cc (0x401d80b3) x1  0x0000000e
core   0: 0x800006d0 (0xc30842b7) lui     t0, 0xc3084
core   0: 3 0x800006d0 (0xc30842b7) x5  0xc3084000
core   0: 0x800006d4 (0x00009b7d) c.andi  a4, -1
core   0: 3 0x800006d4 (0x9b7d) x14 0xffffffff
core   0: 0x800006d6 (0x0000717d) c.addi16sp sp, -16
core   0: 3 0x800006d6 (0x717d) x2  0xffffff1c
core   0: 0x800006d8 (0x00000619) c.addi  a2, 6
core   0: 3 0x800006d8 (0x0619) x12 0x00000000
core   0: 0x800006da (0x00005459) c.li    s0, -10
core   0: 3 0x800006da (0x5459) x8  0xfffffff6
core   0: 0x800006dc (0x00006829) c.lui   a6, 0xa
core   0: 3 0x800006dc (0x6829) x16 0x0000a000
core   0: 0x800006de (0x00004aa9) c.li    s5, 10
core   0: 3 0x800006de (0x4aa9) x21 0x0000000a
core   0: 0x800006e0 (0x00009b7d) c.andi  a4, -1
core   0: 3 0x800006e0 (0x9b7d) x14 0xffffffff
core   0: 0x800006e2 (0x00000429) c.addi  s0, 10
core   0: 3 0x800006e2 (0x0429) x8  0x00000000
core   0: 0x800006e4 (0x02acccb3) div     s9, s9, a0
core   0: 3 0x800006e4 (0x02acccb3) x25 0xffffffff
core   0: 0x800006e8 (0x00008f99) c.sub   a5, a4
core   0: 3 0x800006e8 (0x8f99) x15 0x0000000b
core   0: 0x800006ea (0xff544be3) blt     s0, s5, pc - 10
core   0: 3 0x800006ea (0xff544be3)
core   0: 0x800006e0 (0x00009b7d) c.andi  a4, -1
core   0: 3 0x800006e0 (0x9b7d) x14 0xffffffff
core   0: 0x800006e2 (0x00000429) c.addi  s0, 10
core   0: 3 0x800006e2 (0x0429) x8  0x0000000a
core   0: 0x800006e4 (0x02acccb3) div     s9, s9, a0
core   0: 3 0x800006e4 (0x02acccb3) x25 0xffffffff
core   0: 0x800006e8 (0x00008f99) c.sub   a5, a4
core   0: 3 0x800006e8 (0x8f99) x15 0x0000000c
core   0: 0x800006ea (0xff544be3) blt     s0, s5, pc - 10
core   0: 3 0x800006ea (0xff544be3)
core   0: 0x800006ee (0x00008d25) c.xor   a0, s1
core   0: 3 0x800006ee (0x8d25) x10 0x00000000
core   0: 0x800006f0 (0x005974b3) and     s1, s2, t0
core   0: 3 0x800006f0 (0x005974b3) x9  0x00000000
core   0: 0x800006f4 (0x015bad33) slt     s10, s7, s5
core   0: 3 0x800006f4 (0x015bad33) x26 0x00000000
core   0: 0x800006f8 (0x00008e89) c.sub   a3, a0
core   0: 3 0x800006f8 (0x8e89) x13 0xfffffff2
core   0: 0x800006fa (0x000052fd) c.li    t0, -1
core   0: 3 0x800006fa (0x52fd) x5  0xffffffff
core   0: 0x800006fc (0x00008ddd) c.or    a1, a5
core   0: 3 0x800006fc (0x8ddd) x11 0x0000000c
core   0: 0x800006fe (0x00d05b33) srl     s6, zero, a3
core   0: 3 0x800006fe (0x00d05b33) x22 0x00000000
core   0: 0x80000702 (0x0000f669) c.bnez  a2, pc - 54
core   0: 3 0x80000702 (0xf669)
core   0: 0x80000704 (0x00008c89) c.sub   s1, a0
core   0: 3 0x80000704 (0x8c89) x9  0x00000000
core   0: 0x80000706 (0x000059f5) c.li    s3, -3
core   0: 3 0x80000706 (0x59f5) x19 0xfffffffd
core   0: 0x80000708 (0x00004c15) c.li    s8, 5
core   0: 3 0x80000708 (0x4c15) x24 0x00000005
core   0: 0x8000070a (0xf3095a97) auipc   s5, 0xf3095
core   0: 3 0x8000070a (0xf3095a97) x21 0x7309570a
core   0: 0x8000070e (0x000009a9) c.addi  s3, 10
core   0: 3 0x8000070e (0x09a9) x19 0x00000007
core   0: 0x80000710 (0xff89cde3) blt     s3, s8, pc - 6
core   0: 3 0x80000710 (0xff89cde3)
core   0: 0x80000714 (0x03f34093) xori    ra, t1, 63
core   0: 3 0x80000714 (0x03f34093) x1  0x00000036
core   0: 0x80000718 (0x00005459) c.li    s0, -10
core   0: 3 0x80000718 (0x5459) x8  0xfffffff6
core   0: 0x8000071a (0x00000001) c.nop
core   0: 3 0x8000071a (0x0001)
core   0: 0x8000071c (0x010d3133) sltu    sp, s10, a6
core   0: 3 0x8000071c (0x010d3133) x2  0x00000001
core   0: 0x80000720 (0x0000187d) c.addi  a6, -1
core   0: 3 0x80000720 (0x187d) x16 0x00009fff
core   0: 0x80000722 (0x001b4733) xor     a4, s6, ra
core   0: 3 0x80000722 (0x001b4733) x14 0x00000036
core   0: 0x80000726 (0x00000405) c.addi  s0, 1
core   0: 3 0x80000726 (0x0405) x8  0xfffffff7
core   0: 0x80000728 (0x00004ba9) c.li    s7, 10
core   0: 3 0x80000728 (0x4ba9) x23 0x0000000a
core   0: 0x8000072a (0x4130dc13) srai    s8, ra, 19
core   0: 3 0x8000072a (0x4130dc13) x24 0x00000000
core   0: 0x8000072e (0x000059d5) c.li    s3, -11
core   0: 3 0x8000072e (0x59d5) x19 0xfffffff5
core   0: 0x80000730 (0x0214fc33) remu    s8, s1, ra
core   0: 3 0x80000730 (0x0214fc33) x24 0x00000000
core   0: 0x80000734 (0x40b954b3) sra     s1, s2, a1
core   0: 3 0x80000734 (0x40b954b3) x9  0x00000000
core   0: 0x80000738 (0x00001bf5) c.addi  s7, -3
core   0: 3 0x80000738 (0x1bf5) x23 0x00000007
core   0: 0x8000073a (0x033ef0b3) remu    ra, t4, s3
core   0: 3 0x8000073a (0x033ef0b3) x1  0x307a4b70
core   0: 0x8000073e (0xff3b99e3) bne     s7, s3, pc - 14
core   0: 3 0x8000073e (0xff3b99e3)
core   0: 0x80000730 (0x0214fc33) remu    s8, s1, ra
core   0: 3 0x80000730 (0x0214fc33) x24 0x00000000
core   0: 0x80000734 (0x40b954b3) sra     s1, s2, a1
core   0: 3 0x80000734 (0x40b954b3) x9  0x00000000
core   0: 0x80000738 (0x00001bf5) c.addi  s7, -3
core   0: 3 0x80000738 (0x1bf5) x23 0x00000004
core   0: 0x8000073a (0x033ef0b3) remu    ra, t4, s3
core   0: 3 0x8000073a (0x033ef0b3) x1  0x307a4b70
core   0: 0x8000073e (0xff3b99e3) bne     s7, s3, pc - 14
core   0: 3 0x8000073e (0xff3b99e3)
core   0: 0x80000730 (0x0214fc33) remu    s8, s1, ra
core   0: 3 0x80000730 (0x0214fc33) x24 0x00000000
core   0: 0x80000734 (0x40b954b3) sra     s1, s2, a1
core   0: 3 0x80000734 (0x40b954b3) x9  0x00000000
core   0: 0x80000738 (0x00001bf5) c.addi  s7, -3
core   0: 3 0x80000738 (0x1bf5) x23 0x00000001
core   0: 0x8000073a (0x033ef0b3) remu    ra, t4, s3
core   0: 3 0x8000073a (0x033ef0b3) x1  0x307a4b70
core   0: 0x8000073e (0xff3b99e3) bne     s7, s3, pc - 14
core   0: 3 0x8000073e (0xff3b99e3)
core   0: 0x80000730 (0x0214fc33) remu    s8, s1, ra
core   0: 3 0x80000730 (0x0214fc33) x24 0x00000000
core   0: 0x80000734 (0x40b954b3) sra     s1, s2, a1
core   0: 3 0x80000734 (0x40b954b3) x9  0x00000000
core   0: 0x80000738 (0x00001bf5) c.addi  s7, -3
core   0: 3 0x80000738 (0x1bf5) x23 0xfffffffe
core   0: 0x8000073a (0x033ef0b3) remu    ra, t4, s3
core   0: 3 0x8000073a (0x033ef0b3) x1  0x307a4b70
core   0: 0x8000073e (0xff3b99e3) bne     s7, s3, pc - 14
core   0: 3 0x8000073e (0xff3b99e3)
core   0: 0x80000730 (0x0214fc33) remu    s8, s1, ra
core   0: 3 0x80000730 (0x0214fc33) x24 0x00000000
core   0: 0x80000734 (0x40b954b3) sra     s1, s2, a1
core   0: 3 0x80000734 (0x40b954b3) x9  0x00000000
core   0: 0x80000738 (0x00001bf5) c.addi  s7, -3
core   0: 3 0x80000738 (0x1bf5) x23 0xfffffffb
core   0: 0x8000073a (0x033ef0b3) remu    ra, t4, s3
core   0: 3 0x8000073a (0x033ef0b3) x1  0x307a4b70
core   0: 0x8000073e (0xff3b99e3) bne     s7, s3, pc - 14
core   0: 3 0x8000073e (0xff3b99e3)
core   0: 0x80000730 (0x0214fc33) remu    s8, s1, ra
core   0: 3 0x80000730 (0x0214fc33) x24 0x00000000
core   0: 0x80000734 (0x40b954b3) sra     s1, s2, a1
core   0: 3 0x80000734 (0x40b954b3) x9  0x00000000
core   0: 0x80000738 (0x00001bf5) c.addi  s7, -3
core   0: 3 0x80000738 (0x1bf5) x23 0xfffffff8
core   0: 0x8000073a (0x033ef0b3) remu    ra, t4, s3
core   0: 3 0x8000073a (0x033ef0b3) x1  0x307a4b70
core   0: 0x8000073e (0xff3b99e3) bne     s7, s3, pc - 14
core   0: 3 0x8000073e (0xff3b99e3)
core   0: 0x80000730 (0x0214fc33) remu    s8, s1, ra
core   0: 3 0x80000730 (0x0214fc33) x24 0x00000000
core   0: 0x80000734 (0x40b954b3) sra     s1, s2, a1
core   0: 3 0x80000734 (0x40b954b3) x9  0x00000000
core   0: 0x80000738 (0x00001bf5) c.addi  s7, -3
core   0: 3 0x80000738 (0x1bf5) x23 0xfffffff5
core   0: 0x8000073a (0x033ef0b3) remu    ra, t4, s3
core   0: 3 0x8000073a (0x033ef0b3) x1  0x307a4b70
core   0: 0x8000073e (0xff3b99e3) bne     s7, s3, pc - 14
core   0: 3 0x8000073e (0xff3b99e3)
core   0: 0x80000742 (0xfe2b8513) addi    a0, s7, -30
core   0: 3 0x80000742 (0xfe2b8513) x10 0xffffffd7
core   0: 0x80000746 (0x0000fc71) c.bnez  s0, pc - 36
core   0: 3 0x80000746 (0xfc71)
core   0: 0x80000722 (0x001b4733) xor     a4, s6, ra
core   0: 3 0x80000722 (0x001b4733) x14 0x307a4b70
core   0: 0x80000726 (0x00000405) c.addi  s0, 1
core   0: 3 0x80000726 (0x0405) x8  0xfffffff8
core   0: 0x80000728 (0x00004ba9) c.li    s7, 10
core   0: 3 0x80000728 (0x4ba9) x23 0x0000000a
core   0: 0x8000072a (0x4130dc13) srai    s8, ra, 19
core   0: 3 0x8000072a (0x4130dc13) x24 0x0000060f
core   0: 0x8000072e (0x000059d5) c.li    s3, -11
core   0: 3 0x8000072e (0x59d5) x19 0xfffffff5
core   0: 0x80000730 (0x0214fc33) remu    s8, s1, ra
core   0: 3 0x80000730 (0x0214fc33) x24 0x00000000
core   0: 0x80000734 (0x40b954b3) sra     s1, s2, a1
core   0: 3 0x80000734 (0x40b954b3) x9  0x00000000
core   0: 0x80000738 (0x00001bf5) c.addi  s7, -3
core   0: 3 0x80000738 (0x1bf5) x23 0x00000007
core   0: 0x8000073a (0x033ef0b3) remu    ra, t4, s3
core   0: 3 0x8000073a (0x033ef0b3) x1  0x307a4b70
core   0: 0x8000073e (0xff3b99e3) bne     s7, s3, pc - 14
core   0: 3 0x8000073e (0xff3b99e3)
core   0: 0x80000730 (0x0214fc33) remu    s8, s1, ra
core   0: 3 0x80000730 (0x0214fc33) x24 0x00000000
core   0: 0x80000734 (0x40b954b3) sra     s1, s2, a1
core   0: 3 0x80000734 (0x40b954b3) x9  0x00000000
core   0: 0x80000738 (0x00001bf5) c.addi  s7, -3
core   0: 3 0x80000738 (0x1bf5) x23 0x00000004
core   0: 0x8000073a (0x033ef0b3) remu    ra, t4, s3
core   0: 3 0x8000073a (0x033ef0b3) x1  0x307a4b70
core   0: 0x8000073e (0xff3b99e3) bne     s7, s3, pc - 14
core   0: 3 0x8000073e (0xff3b99e3)
core   0: 0x80000730 (0x0214fc33) remu    s8, s1, ra
core   0: 3 0x80000730 (0x0214fc33) x24 0x00000000
core   0: 0x80000734 (0x40b954b3) sra     s1, s2, a1
core   0: 3 0x80000734 (0x40b954b3) x9  0x00000000
core   0: 0x80000738 (0x00001bf5) c.addi  s7, -3
core   0: 3 0x80000738 (0x1bf5) x23 0x00000001
core   0: 0x8000073a (0x033ef0b3) remu    ra, t4, s3
core   0: 3 0x8000073a (0x033ef0b3) x1  0x307a4b70
core   0: 0x8000073e (0xff3b99e3) bne     s7, s3, pc - 14
core   0: 3 0x8000073e (0xff3b99e3)
core   0: 0x80000730 (0x0214fc33) remu    s8, s1, ra
core   0: 3 0x80000730 (0x0214fc33) x24 0x00000000
core   0: 0x80000734 (0x40b954b3) sra     s1, s2, a1
core   0: 3 0x80000734 (0x40b954b3) x9  0x00000000
core   0: 0x80000738 (0x00001bf5) c.addi  s7, -3
core   0: 3 0x80000738 (0x1bf5) x23 0xfffffffe
core   0: 0x8000073a (0x033ef0b3) remu    ra, t4, s3
core   0: 3 0x8000073a (0x033ef0b3) x1  0x307a4b70
core   0: 0x8000073e (0xff3b99e3) bne     s7, s3, pc - 14
core   0: 3 0x8000073e (0xff3b99e3)
core   0: 0x80000730 (0x0214fc33) remu    s8, s1, ra
core   0: 3 0x80000730 (0x0214fc33) x24 0x00000000
core   0: 0x80000734 (0x40b954b3) sra     s1, s2, a1
core   0: 3 0x80000734 (0x40b954b3) x9  0x00000000
core   0: 0x80000738 (0x00001bf5) c.addi  s7, -3
core   0: 3 0x80000738 (0x1bf5) x23 0xfffffffb
core   0: 0x8000073a (0x033ef0b3) remu    ra, t4, s3
core   0: 3 0x8000073a (0x033ef0b3) x1  0x307a4b70
core   0: 0x8000073e (0xff3b99e3) bne     s7, s3, pc - 14
core   0: 3 0x8000073e (0xff3b99e3)
core   0: 0x80000730 (0x0214fc33) remu    s8, s1, ra
core   0: 3 0x80000730 (0x0214fc33) x24 0x00000000
core   0: 0x80000734 (0x40b954b3) sra     s1, s2, a1
core   0: 3 0x80000734 (0x40b954b3) x9  0x00000000
core   0: 0x80000738 (0x00001bf5) c.addi  s7, -3
core   0: 3 0x80000738 (0x1bf5) x23 0xfffffff8
core   0: 0x8000073a (0x033ef0b3) remu    ra, t4, s3
core   0: 3 0x8000073a (0x033ef0b3) x1  0x307a4b70
core   0: 0x8000073e (0xff3b99e3) bne     s7, s3, pc - 14
core   0: 3 0x8000073e (0xff3b99e3)
core   0: 0x80000730 (0x0214fc33) remu    s8, s1, ra
core   0: 3 0x80000730 (0x0214fc33) x24 0x00000000
core   0: 0x80000734 (0x40b954b3) sra     s1, s2, a1
core   0: 3 0x80000734 (0x40b954b3) x9  0x00000000
core   0: 0x80000738 (0x00001bf5) c.addi  s7, -3
core   0: 3 0x80000738 (0x1bf5) x23 0xfffffff5
core   0: 0x8000073a (0x033ef0b3) remu    ra, t4, s3
core   0: 3 0x8000073a (0x033ef0b3) x1  0x307a4b70
core   0: 0x8000073e (0xff3b99e3) bne     s7, s3, pc - 14
core   0: 3 0x8000073e (0xff3b99e3)
core   0: 0x80000742 (0xfe2b8513) addi    a0, s7, -30
core   0: 3 0x80000742 (0xfe2b8513) x10 0xffffffd7
core   0: 0x80000746 (0x0000fc71) c.bnez  s0, pc - 36
core   0: 3 0x80000746 (0xfc71)
core   0: 0x80000722 (0x001b4733) xor     a4, s6, ra
core   0: 3 0x80000722 (0x001b4733) x14 0x307a4b70
core   0: 0x80000726 (0x00000405) c.addi  s0, 1
core   0: 3 0x80000726 (0x0405) x8  0xfffffff9
core   0: 0x80000728 (0x00004ba9) c.li    s7, 10
core   0: 3 0x80000728 (0x4ba9) x23 0x0000000a
core   0: 0x8000072a (0x4130dc13) srai    s8, ra, 19
core   0: 3 0x8000072a (0x4130dc13) x24 0x0000060f
core   0: 0x8000072e (0x000059d5) c.li    s3, -11
core   0: 3 0x8000072e (0x59d5) x19 0xfffffff5
core   0: 0x80000730 (0x0214fc33) remu    s8, s1, ra
core   0: 3 0x80000730 (0x0214fc33) x24 0x00000000
core   0: 0x80000734 (0x40b954b3) sra     s1, s2, a1
core   0: 3 0x80000734 (0x40b954b3) x9  0x00000000
core   0: 0x80000738 (0x00001bf5) c.addi  s7, -3
core   0: 3 0x80000738 (0x1bf5) x23 0x00000007
core   0: 0x8000073a (0x033ef0b3) remu    ra, t4, s3
core   0: 3 0x8000073a (0x033ef0b3) x1  0x307a4b70
core   0: 0x8000073e (0xff3b99e3) bne     s7, s3, pc - 14
core   0: 3 0x8000073e (0xff3b99e3)
core   0: 0x80000730 (0x0214fc33) remu    s8, s1, ra
core   0: 3 0x80000730 (0x0214fc33) x24 0x00000000
core   0: 0x80000734 (0x40b954b3) sra     s1, s2, a1
core   0: 3 0x80000734 (0x40b954b3) x9  0x00000000
core   0: 0x80000738 (0x00001bf5) c.addi  s7, -3
core   0: 3 0x80000738 (0x1bf5) x23 0x00000004
core   0: 0x8000073a (0x033ef0b3) remu    ra, t4, s3
core   0: 3 0x8000073a (0x033ef0b3) x1  0x307a4b70
core   0: 0x8000073e (0xff3b99e3) bne     s7, s3, pc - 14
core   0: 3 0x8000073e (0xff3b99e3)
core   0: 0x80000730 (0x0214fc33) remu    s8, s1, ra
core   0: 3 0x80000730 (0x0214fc33) x24 0x00000000
core   0: 0x80000734 (0x40b954b3) sra     s1, s2, a1
core   0: 3 0x80000734 (0x40b954b3) x9  0x00000000
core   0: 0x80000738 (0x00001bf5) c.addi  s7, -3
core   0: 3 0x80000738 (0x1bf5) x23 0x00000001
core   0: 0x8000073a (0x033ef0b3) remu    ra, t4, s3
core   0: 3 0x8000073a (0x033ef0b3) x1  0x307a4b70
core   0: 0x8000073e (0xff3b99e3) bne     s7, s3, pc - 14
core   0: 3 0x8000073e (0xff3b99e3)
core   0: 0x80000730 (0x0214fc33) remu    s8, s1, ra
core   0: 3 0x80000730 (0x0214fc33) x24 0x00000000
core   0: 0x80000734 (0x40b954b3) sra     s1, s2, a1
core   0: 3 0x80000734 (0x40b954b3) x9  0x00000000
core   0: 0x80000738 (0x00001bf5) c.addi  s7, -3
core   0: 3 0x80000738 (0x1bf5) x23 0xfffffffe
core   0: 0x8000073a (0x033ef0b3) remu    ra, t4, s3
core   0: 3 0x8000073a (0x033ef0b3) x1  0x307a4b70
core   0: 0x8000073e (0xff3b99e3) bne     s7, s3, pc - 14
core   0: 3 0x8000073e (0xff3b99e3)
core   0: 0x80000730 (0x0214fc33) remu    s8, s1, ra
core   0: 3 0x80000730 (0x0214fc33) x24 0x00000000
core   0: 0x80000734 (0x40b954b3) sra     s1, s2, a1
core   0: 3 0x80000734 (0x40b954b3) x9  0x00000000
core   0: 0x80000738 (0x00001bf5) c.addi  s7, -3
core   0: 3 0x80000738 (0x1bf5) x23 0xfffffffb
core   0: 0x8000073a (0x033ef0b3) remu    ra, t4, s3
core   0: 3 0x8000073a (0x033ef0b3) x1  0x307a4b70
core   0: 0x8000073e (0xff3b99e3) bne     s7, s3, pc - 14
core   0: 3 0x8000073e (0xff3b99e3)
core   0: 0x80000730 (0x0214fc33) remu    s8, s1, ra
core   0: 3 0x80000730 (0x0214fc33) x24 0x00000000
core   0: 0x80000734 (0x40b954b3) sra     s1, s2, a1
core   0: 3 0x80000734 (0x40b954b3) x9  0x00000000
core   0: 0x80000738 (0x00001bf5) c.addi  s7, -3
core   0: 3 0x80000738 (0x1bf5) x23 0xfffffff8
core   0: 0x8000073a (0x033ef0b3) remu    ra, t4, s3
core   0: 3 0x8000073a (0x033ef0b3) x1  0x307a4b70
core   0: 0x8000073e (0xff3b99e3) bne     s7, s3, pc - 14
core   0: 3 0x8000073e (0xff3b99e3)
core   0: 0x80000730 (0x0214fc33) remu    s8, s1, ra
core   0: 3 0x80000730 (0x0214fc33) x24 0x00000000
core   0: 0x80000734 (0x40b954b3) sra     s1, s2, a1
core   0: 3 0x80000734 (0x40b954b3) x9  0x00000000
core   0: 0x80000738 (0x00001bf5) c.addi  s7, -3
core   0: 3 0x80000738 (0x1bf5) x23 0xfffffff5
core   0: 0x8000073a (0x033ef0b3) remu    ra, t4, s3
core   0: 3 0x8000073a (0x033ef0b3) x1  0x307a4b70
core   0: 0x8000073e (0xff3b99e3) bne     s7, s3, pc - 14
core   0: 3 0x8000073e (0xff3b99e3)
core   0: 0x80000742 (0xfe2b8513) addi    a0, s7, -30
core   0: 3 0x80000742 (0xfe2b8513) x10 0xffffffd7
core   0: 0x80000746 (0x0000fc71) c.bnez  s0, pc - 36
core   0: 3 0x80000746 (0xfc71)
core   0: 0x80000722 (0x001b4733) xor     a4, s6, ra
core   0: 3 0x80000722 (0x001b4733) x14 0x307a4b70
core   0: 0x80000726 (0x00000405) c.addi  s0, 1
core   0: 3 0x80000726 (0x0405) x8  0xfffffffa
core   0: 0x80000728 (0x00004ba9) c.li    s7, 10
core   0: 3 0x80000728 (0x4ba9) x23 0x0000000a
core   0: 0x8000072a (0x4130dc13) srai    s8, ra, 19
core   0: 3 0x8000072a (0x4130dc13) x24 0x0000060f
core   0: 0x8000072e (0x000059d5) c.li    s3, -11
core   0: 3 0x8000072e (0x59d5) x19 0xfffffff5
core   0: 0x80000730 (0x0214fc33) remu    s8, s1, ra
core   0: 3 0x80000730 (0x0214fc33) x24 0x00000000
core   0: 0x80000734 (0x40b954b3) sra     s1, s2, a1
core   0: 3 0x80000734 (0x40b954b3) x9  0x00000000
core   0: 0x80000738 (0x00001bf5) c.addi  s7, -3
core   0: 3 0x80000738 (0x1bf5) x23 0x00000007
core   0: 0x8000073a (0x033ef0b3) remu    ra, t4, s3
core   0: 3 0x8000073a (0x033ef0b3) x1  0x307a4b70
core   0: 0x8000073e (0xff3b99e3) bne     s7, s3, pc - 14
core   0: 3 0x8000073e (0xff3b99e3)
core   0: 0x80000730 (0x0214fc33) remu    s8, s1, ra
core   0: 3 0x80000730 (0x0214fc33) x24 0x00000000
core   0: 0x80000734 (0x40b954b3) sra     s1, s2, a1
core   0: 3 0x80000734 (0x40b954b3) x9  0x00000000
core   0: 0x80000738 (0x00001bf5) c.addi  s7, -3
core   0: 3 0x80000738 (0x1bf5) x23 0x00000004
core   0: 0x8000073a (0x033ef0b3) remu    ra, t4, s3
core   0: 3 0x8000073a (0x033ef0b3) x1  0x307a4b70
core   0: 0x8000073e (0xff3b99e3) bne     s7, s3, pc - 14
core   0: 3 0x8000073e (0xff3b99e3)
core   0: 0x80000730 (0x0214fc33) remu    s8, s1, ra
core   0: 3 0x80000730 (0x0214fc33) x24 0x00000000
core   0: 0x80000734 (0x40b954b3) sra     s1, s2, a1
core   0: 3 0x80000734 (0x40b954b3) x9  0x00000000
core   0: 0x80000738 (0x00001bf5) c.addi  s7, -3
core   0: 3 0x80000738 (0x1bf5) x23 0x00000001
core   0: 0x8000073a (0x033ef0b3) remu    ra, t4, s3
core   0: 3 0x8000073a (0x033ef0b3) x1  0x307a4b70
core   0: 0x8000073e (0xff3b99e3) bne     s7, s3, pc - 14
core   0: 3 0x8000073e (0xff3b99e3)
core   0: 0x80000730 (0x0214fc33) remu    s8, s1, ra
core   0: 3 0x80000730 (0x0214fc33) x24 0x00000000
core   0: 0x80000734 (0x40b954b3) sra     s1, s2, a1
core   0: 3 0x80000734 (0x40b954b3) x9  0x00000000
core   0: 0x80000738 (0x00001bf5) c.addi  s7, -3
core   0: 3 0x80000738 (0x1bf5) x23 0xfffffffe
core   0: 0x8000073a (0x033ef0b3) remu    ra, t4, s3
core   0: 3 0x8000073a (0x033ef0b3) x1  0x307a4b70
core   0: 0x8000073e (0xff3b99e3) bne     s7, s3, pc - 14
core   0: 3 0x8000073e (0xff3b99e3)
core   0: 0x80000730 (0x0214fc33) remu    s8, s1, ra
core   0: 3 0x80000730 (0x0214fc33) x24 0x00000000
core   0: 0x80000734 (0x40b954b3) sra     s1, s2, a1
core   0: 3 0x80000734 (0x40b954b3) x9  0x00000000
core   0: 0x80000738 (0x00001bf5) c.addi  s7, -3
core   0: 3 0x80000738 (0x1bf5) x23 0xfffffffb
core   0: 0x8000073a (0x033ef0b3) remu    ra, t4, s3
core   0: 3 0x8000073a (0x033ef0b3) x1  0x307a4b70
core   0: 0x8000073e (0xff3b99e3) bne     s7, s3, pc - 14
core   0: 3 0x8000073e (0xff3b99e3)
core   0: 0x80000730 (0x0214fc33) remu    s8, s1, ra
core   0: 3 0x80000730 (0x0214fc33) x24 0x00000000
core   0: 0x80000734 (0x40b954b3) sra     s1, s2, a1
core   0: 3 0x80000734 (0x40b954b3) x9  0x00000000
core   0: 0x80000738 (0x00001bf5) c.addi  s7, -3
core   0: 3 0x80000738 (0x1bf5) x23 0xfffffff8
core   0: 0x8000073a (0x033ef0b3) remu    ra, t4, s3
core   0: 3 0x8000073a (0x033ef0b3) x1  0x307a4b70
core   0: 0x8000073e (0xff3b99e3) bne     s7, s3, pc - 14
core   0: 3 0x8000073e (0xff3b99e3)
core   0: 0x80000730 (0x0214fc33) remu    s8, s1, ra
core   0: 3 0x80000730 (0x0214fc33) x24 0x00000000
core   0: 0x80000734 (0x40b954b3) sra     s1, s2, a1
core   0: 3 0x80000734 (0x40b954b3) x9  0x00000000
core   0: 0x80000738 (0x00001bf5) c.addi  s7, -3
core   0: 3 0x80000738 (0x1bf5) x23 0xfffffff5
core   0: 0x8000073a (0x033ef0b3) remu    ra, t4, s3
core   0: 3 0x8000073a (0x033ef0b3) x1  0x307a4b70
core   0: 0x8000073e (0xff3b99e3) bne     s7, s3, pc - 14
core   0: 3 0x8000073e (0xff3b99e3)
core   0: 0x80000742 (0xfe2b8513) addi    a0, s7, -30
core   0: 3 0x80000742 (0xfe2b8513) x10 0xffffffd7
core   0: 0x80000746 (0x0000fc71) c.bnez  s0, pc - 36
core   0: 3 0x80000746 (0xfc71)
core   0: 0x80000722 (0x001b4733) xor     a4, s6, ra
core   0: 3 0x80000722 (0x001b4733) x14 0x307a4b70
core   0: 0x80000726 (0x00000405) c.addi  s0, 1
core   0: 3 0x80000726 (0x0405) x8  0xfffffffb
core   0: 0x80000728 (0x00004ba9) c.li    s7, 10
core   0: 3 0x80000728 (0x4ba9) x23 0x0000000a
core   0: 0x8000072a (0x4130dc13) srai    s8, ra, 19
core   0: 3 0x8000072a (0x4130dc13) x24 0x0000060f
core   0: 0x8000072e (0x000059d5) c.li    s3, -11
core   0: 3 0x8000072e (0x59d5) x19 0xfffffff5
core   0: 0x80000730 (0x0214fc33) remu    s8, s1, ra
core   0: 3 0x80000730 (0x0214fc33) x24 0x00000000
core   0: 0x80000734 (0x40b954b3) sra     s1, s2, a1
core   0: 3 0x80000734 (0x40b954b3) x9  0x00000000
core   0: 0x80000738 (0x00001bf5) c.addi  s7, -3
core   0: 3 0x80000738 (0x1bf5) x23 0x00000007
core   0: 0x8000073a (0x033ef0b3) remu    ra, t4, s3
core   0: 3 0x8000073a (0x033ef0b3) x1  0x307a4b70
core   0: 0x8000073e (0xff3b99e3) bne     s7, s3, pc - 14
core   0: 3 0x8000073e (0xff3b99e3)
core   0: 0x80000730 (0x0214fc33) remu    s8, s1, ra
core   0: 3 0x80000730 (0x0214fc33) x24 0x00000000
core   0: 0x80000734 (0x40b954b3) sra     s1, s2, a1
core   0: 3 0x80000734 (0x40b954b3) x9  0x00000000
core   0: 0x80000738 (0x00001bf5) c.addi  s7, -3
core   0: 3 0x80000738 (0x1bf5) x23 0x00000004
core   0: 0x8000073a (0x033ef0b3) remu    ra, t4, s3
core   0: 3 0x8000073a (0x033ef0b3) x1  0x307a4b70
core   0: 0x8000073e (0xff3b99e3) bne     s7, s3, pc - 14
core   0: 3 0x8000073e (0xff3b99e3)
core   0: 0x80000730 (0x0214fc33) remu    s8, s1, ra
core   0: 3 0x80000730 (0x0214fc33) x24 0x00000000
core   0: 0x80000734 (0x40b954b3) sra     s1, s2, a1
core   0: 3 0x80000734 (0x40b954b3) x9  0x00000000
core   0: 0x80000738 (0x00001bf5) c.addi  s7, -3
core   0: 3 0x80000738 (0x1bf5) x23 0x00000001
core   0: 0x8000073a (0x033ef0b3) remu    ra, t4, s3
core   0: 3 0x8000073a (0x033ef0b3) x1  0x307a4b70
core   0: 0x8000073e (0xff3b99e3) bne     s7, s3, pc - 14
core   0: 3 0x8000073e (0xff3b99e3)
core   0: 0x80000730 (0x0214fc33) remu    s8, s1, ra
core   0: 3 0x80000730 (0x0214fc33) x24 0x00000000
core   0: 0x80000734 (0x40b954b3) sra     s1, s2, a1
core   0: 3 0x80000734 (0x40b954b3) x9  0x00000000
core   0: 0x80000738 (0x00001bf5) c.addi  s7, -3
core   0: 3 0x80000738 (0x1bf5) x23 0xfffffffe
core   0: 0x8000073a (0x033ef0b3) remu    ra, t4, s3
core   0: 3 0x8000073a (0x033ef0b3) x1  0x307a4b70
core   0: 0x8000073e (0xff3b99e3) bne     s7, s3, pc - 14
core   0: 3 0x8000073e (0xff3b99e3)
core   0: 0x80000730 (0x0214fc33) remu    s8, s1, ra
core   0: 3 0x80000730 (0x0214fc33) x24 0x00000000
core   0: 0x80000734 (0x40b954b3) sra     s1, s2, a1
core   0: 3 0x80000734 (0x40b954b3) x9  0x00000000
core   0: 0x80000738 (0x00001bf5) c.addi  s7, -3
core   0: 3 0x80000738 (0x1bf5) x23 0xfffffffb
core   0: 0x8000073a (0x033ef0b3) remu    ra, t4, s3
core   0: 3 0x8000073a (0x033ef0b3) x1  0x307a4b70
core   0: 0x8000073e (0xff3b99e3) bne     s7, s3, pc - 14
core   0: 3 0x8000073e (0xff3b99e3)
core   0: 0x80000730 (0x0214fc33) remu    s8, s1, ra
core   0: 3 0x80000730 (0x0214fc33) x24 0x00000000
core   0: 0x80000734 (0x40b954b3) sra     s1, s2, a1
core   0: 3 0x80000734 (0x40b954b3) x9  0x00000000
core   0: 0x80000738 (0x00001bf5) c.addi  s7, -3
core   0: 3 0x80000738 (0x1bf5) x23 0xfffffff8
core   0: 0x8000073a (0x033ef0b3) remu    ra, t4, s3
core   0: 3 0x8000073a (0x033ef0b3) x1  0x307a4b70
core   0: 0x8000073e (0xff3b99e3) bne     s7, s3, pc - 14
core   0: 3 0x8000073e (0xff3b99e3)
core   0: 0x80000730 (0x0214fc33) remu    s8, s1, ra
core   0: 3 0x80000730 (0x0214fc33) x24 0x00000000
core   0: 0x80000734 (0x40b954b3) sra     s1, s2, a1
core   0: 3 0x80000734 (0x40b954b3) x9  0x00000000
core   0: 0x80000738 (0x00001bf5) c.addi  s7, -3
core   0: 3 0x80000738 (0x1bf5) x23 0xfffffff5
core   0: 0x8000073a (0x033ef0b3) remu    ra, t4, s3
core   0: 3 0x8000073a (0x033ef0b3) x1  0x307a4b70
core   0: 0x8000073e (0xff3b99e3) bne     s7, s3, pc - 14
core   0: 3 0x8000073e (0xff3b99e3)
core   0: 0x80000742 (0xfe2b8513) addi    a0, s7, -30
core   0: 3 0x80000742 (0xfe2b8513) x10 0xffffffd7
core   0: 0x80000746 (0x0000fc71) c.bnez  s0, pc - 36
core   0: 3 0x80000746 (0xfc71)
core   0: 0x80000722 (0x001b4733) xor     a4, s6, ra
core   0: 3 0x80000722 (0x001b4733) x14 0x307a4b70
core   0: 0x80000726 (0x00000405) c.addi  s0, 1
core   0: 3 0x80000726 (0x0405) x8  0xfffffffc
core   0: 0x80000728 (0x00004ba9) c.li    s7, 10
core   0: 3 0x80000728 (0x4ba9) x23 0x0000000a
core   0: 0x8000072a (0x4130dc13) srai    s8, ra, 19
core   0: 3 0x8000072a (0x4130dc13) x24 0x0000060f
core   0: 0x8000072e (0x000059d5) c.li    s3, -11
core   0: 3 0x8000072e (0x59d5) x19 0xfffffff5
core   0: 0x80000730 (0x0214fc33) remu    s8, s1, ra
core   0: 3 0x80000730 (0x0214fc33) x24 0x00000000
core   0: 0x80000734 (0x40b954b3) sra     s1, s2, a1
core   0: 3 0x80000734 (0x40b954b3) x9  0x00000000
core   0: 0x80000738 (0x00001bf5) c.addi  s7, -3
core   0: 3 0x80000738 (0x1bf5) x23 0x00000007
core   0: 0x8000073a (0x033ef0b3) remu    ra, t4, s3
core   0: 3 0x8000073a (0x033ef0b3) x1  0x307a4b70
core   0: 0x8000073e (0xff3b99e3) bne     s7, s3, pc - 14
core   0: 3 0x8000073e (0xff3b99e3)
core   0: 0x80000730 (0x0214fc33) remu    s8, s1, ra
core   0: 3 0x80000730 (0x0214fc33) x24 0x00000000
core   0: 0x80000734 (0x40b954b3) sra     s1, s2, a1
core   0: 3 0x80000734 (0x40b954b3) x9  0x00000000
core   0: 0x80000738 (0x00001bf5) c.addi  s7, -3
core   0: 3 0x80000738 (0x1bf5) x23 0x00000004
core   0: 0x8000073a (0x033ef0b3) remu    ra, t4, s3
core   0: 3 0x8000073a (0x033ef0b3) x1  0x307a4b70
core   0: 0x8000073e (0xff3b99e3) bne     s7, s3, pc - 14
core   0: 3 0x8000073e (0xff3b99e3)
core   0: 0x80000730 (0x0214fc33) remu    s8, s1, ra
core   0: 3 0x80000730 (0x0214fc33) x24 0x00000000
core   0: 0x80000734 (0x40b954b3) sra     s1, s2, a1
core   0: 3 0x80000734 (0x40b954b3) x9  0x00000000
core   0: 0x80000738 (0x00001bf5) c.addi  s7, -3
core   0: 3 0x80000738 (0x1bf5) x23 0x00000001
core   0: 0x8000073a (0x033ef0b3) remu    ra, t4, s3
core   0: 3 0x8000073a (0x033ef0b3) x1  0x307a4b70
core   0: 0x8000073e (0xff3b99e3) bne     s7, s3, pc - 14
core   0: 3 0x8000073e (0xff3b99e3)
core   0: 0x80000730 (0x0214fc33) remu    s8, s1, ra
core   0: 3 0x80000730 (0x0214fc33) x24 0x00000000
core   0: 0x80000734 (0x40b954b3) sra     s1, s2, a1
core   0: 3 0x80000734 (0x40b954b3) x9  0x00000000
core   0: 0x80000738 (0x00001bf5) c.addi  s7, -3
core   0: 3 0x80000738 (0x1bf5) x23 0xfffffffe
core   0: 0x8000073a (0x033ef0b3) remu    ra, t4, s3
core   0: 3 0x8000073a (0x033ef0b3) x1  0x307a4b70
core   0: 0x8000073e (0xff3b99e3) bne     s7, s3, pc - 14
core   0: 3 0x8000073e (0xff3b99e3)
core   0: 0x80000730 (0x0214fc33) remu    s8, s1, ra
core   0: 3 0x80000730 (0x0214fc33) x24 0x00000000
core   0: 0x80000734 (0x40b954b3) sra     s1, s2, a1
core   0: 3 0x80000734 (0x40b954b3) x9  0x00000000
core   0: 0x80000738 (0x00001bf5) c.addi  s7, -3
core   0: 3 0x80000738 (0x1bf5) x23 0xfffffffb
core   0: 0x8000073a (0x033ef0b3) remu    ra, t4, s3
core   0: 3 0x8000073a (0x033ef0b3) x1  0x307a4b70
core   0: 0x8000073e (0xff3b99e3) bne     s7, s3, pc - 14
core   0: 3 0x8000073e (0xff3b99e3)
core   0: 0x80000730 (0x0214fc33) remu    s8, s1, ra
core   0: 3 0x80000730 (0x0214fc33) x24 0x00000000
core   0: 0x80000734 (0x40b954b3) sra     s1, s2, a1
core   0: 3 0x80000734 (0x40b954b3) x9  0x00000000
core   0: 0x80000738 (0x00001bf5) c.addi  s7, -3
core   0: 3 0x80000738 (0x1bf5) x23 0xfffffff8
core   0: 0x8000073a (0x033ef0b3) remu    ra, t4, s3
core   0: 3 0x8000073a (0x033ef0b3) x1  0x307a4b70
core   0: 0x8000073e (0xff3b99e3) bne     s7, s3, pc - 14
core   0: 3 0x8000073e (0xff3b99e3)
core   0: 0x80000730 (0x0214fc33) remu    s8, s1, ra
core   0: 3 0x80000730 (0x0214fc33) x24 0x00000000
core   0: 0x80000734 (0x40b954b3) sra     s1, s2, a1
core   0: 3 0x80000734 (0x40b954b3) x9  0x00000000
core   0: 0x80000738 (0x00001bf5) c.addi  s7, -3
core   0: 3 0x80000738 (0x1bf5) x23 0xfffffff5
core   0: 0x8000073a (0x033ef0b3) remu    ra, t4, s3
core   0: 3 0x8000073a (0x033ef0b3) x1  0x307a4b70
core   0: 0x8000073e (0xff3b99e3) bne     s7, s3, pc - 14
core   0: 3 0x8000073e (0xff3b99e3)
core   0: 0x80000742 (0xfe2b8513) addi    a0, s7, -30
core   0: 3 0x80000742 (0xfe2b8513) x10 0xffffffd7
core   0: 0x80000746 (0x0000fc71) c.bnez  s0, pc - 36
core   0: 3 0x80000746 (0xfc71)
core   0: 0x80000722 (0x001b4733) xor     a4, s6, ra
core   0: 3 0x80000722 (0x001b4733) x14 0x307a4b70
core   0: 0x80000726 (0x00000405) c.addi  s0, 1
core   0: 3 0x80000726 (0x0405) x8  0xfffffffd
core   0: 0x80000728 (0x00004ba9) c.li    s7, 10
core   0: 3 0x80000728 (0x4ba9) x23 0x0000000a
core   0: 0x8000072a (0x4130dc13) srai    s8, ra, 19
core   0: 3 0x8000072a (0x4130dc13) x24 0x0000060f
core   0: 0x8000072e (0x000059d5) c.li    s3, -11
core   0: 3 0x8000072e (0x59d5) x19 0xfffffff5
core   0: 0x80000730 (0x0214fc33) remu    s8, s1, ra
core   0: 3 0x80000730 (0x0214fc33) x24 0x00000000
core   0: 0x80000734 (0x40b954b3) sra     s1, s2, a1
core   0: 3 0x80000734 (0x40b954b3) x9  0x00000000
core   0: 0x80000738 (0x00001bf5) c.addi  s7, -3
core   0: 3 0x80000738 (0x1bf5) x23 0x00000007
core   0: 0x8000073a (0x033ef0b3) remu    ra, t4, s3
core   0: 3 0x8000073a (0x033ef0b3) x1  0x307a4b70
core   0: 0x8000073e (0xff3b99e3) bne     s7, s3, pc - 14
core   0: 3 0x8000073e (0xff3b99e3)
core   0: 0x80000730 (0x0214fc33) remu    s8, s1, ra
core   0: 3 0x80000730 (0x0214fc33) x24 0x00000000
core   0: 0x80000734 (0x40b954b3) sra     s1, s2, a1
core   0: 3 0x80000734 (0x40b954b3) x9  0x00000000
core   0: 0x80000738 (0x00001bf5) c.addi  s7, -3
core   0: 3 0x80000738 (0x1bf5) x23 0x00000004
core   0: 0x8000073a (0x033ef0b3) remu    ra, t4, s3
core   0: 3 0x8000073a (0x033ef0b3) x1  0x307a4b70
core   0: 0x8000073e (0xff3b99e3) bne     s7, s3, pc - 14
core   0: 3 0x8000073e (0xff3b99e3)
core   0: 0x80000730 (0x0214fc33) remu    s8, s1, ra
core   0: 3 0x80000730 (0x0214fc33) x24 0x00000000
core   0: 0x80000734 (0x40b954b3) sra     s1, s2, a1
core   0: 3 0x80000734 (0x40b954b3) x9  0x00000000
core   0: 0x80000738 (0x00001bf5) c.addi  s7, -3
core   0: 3 0x80000738 (0x1bf5) x23 0x00000001
core   0: 0x8000073a (0x033ef0b3) remu    ra, t4, s3
core   0: 3 0x8000073a (0x033ef0b3) x1  0x307a4b70
core   0: 0x8000073e (0xff3b99e3) bne     s7, s3, pc - 14
core   0: 3 0x8000073e (0xff3b99e3)
core   0: 0x80000730 (0x0214fc33) remu    s8, s1, ra
core   0: 3 0x80000730 (0x0214fc33) x24 0x00000000
core   0: 0x80000734 (0x40b954b3) sra     s1, s2, a1
core   0: 3 0x80000734 (0x40b954b3) x9  0x00000000
core   0: 0x80000738 (0x00001bf5) c.addi  s7, -3
core   0: 3 0x80000738 (0x1bf5) x23 0xfffffffe
core   0: 0x8000073a (0x033ef0b3) remu    ra, t4, s3
core   0: 3 0x8000073a (0x033ef0b3) x1  0x307a4b70
core   0: 0x8000073e (0xff3b99e3) bne     s7, s3, pc - 14
core   0: 3 0x8000073e (0xff3b99e3)
core   0: 0x80000730 (0x0214fc33) remu    s8, s1, ra
core   0: 3 0x80000730 (0x0214fc33) x24 0x00000000
core   0: 0x80000734 (0x40b954b3) sra     s1, s2, a1
core   0: 3 0x80000734 (0x40b954b3) x9  0x00000000
core   0: 0x80000738 (0x00001bf5) c.addi  s7, -3
core   0: 3 0x80000738 (0x1bf5) x23 0xfffffffb
core   0: 0x8000073a (0x033ef0b3) remu    ra, t4, s3
core   0: 3 0x8000073a (0x033ef0b3) x1  0x307a4b70
core   0: 0x8000073e (0xff3b99e3) bne     s7, s3, pc - 14
core   0: 3 0x8000073e (0xff3b99e3)
core   0: 0x80000730 (0x0214fc33) remu    s8, s1, ra
core   0: 3 0x80000730 (0x0214fc33) x24 0x00000000
core   0: 0x80000734 (0x40b954b3) sra     s1, s2, a1
core   0: 3 0x80000734 (0x40b954b3) x9  0x00000000
core   0: 0x80000738 (0x00001bf5) c.addi  s7, -3
core   0: 3 0x80000738 (0x1bf5) x23 0xfffffff8
core   0: 0x8000073a (0x033ef0b3) remu    ra, t4, s3
core   0: 3 0x8000073a (0x033ef0b3) x1  0x307a4b70
core   0: 0x8000073e (0xff3b99e3) bne     s7, s3, pc - 14
core   0: 3 0x8000073e (0xff3b99e3)
core   0: 0x80000730 (0x0214fc33) remu    s8, s1, ra
core   0: 3 0x80000730 (0x0214fc33) x24 0x00000000
core   0: 0x80000734 (0x40b954b3) sra     s1, s2, a1
core   0: 3 0x80000734 (0x40b954b3) x9  0x00000000
core   0: 0x80000738 (0x00001bf5) c.addi  s7, -3
core   0: 3 0x80000738 (0x1bf5) x23 0xfffffff5
core   0: 0x8000073a (0x033ef0b3) remu    ra, t4, s3
core   0: 3 0x8000073a (0x033ef0b3) x1  0x307a4b70
core   0: 0x8000073e (0xff3b99e3) bne     s7, s3, pc - 14
core   0: 3 0x8000073e (0xff3b99e3)
core   0: 0x80000742 (0xfe2b8513) addi    a0, s7, -30
core   0: 3 0x80000742 (0xfe2b8513) x10 0xffffffd7
core   0: 0x80000746 (0x0000fc71) c.bnez  s0, pc - 36
core   0: 3 0x80000746 (0xfc71)
core   0: 0x80000722 (0x001b4733) xor     a4, s6, ra
core   0: 3 0x80000722 (0x001b4733) x14 0x307a4b70
core   0: 0x80000726 (0x00000405) c.addi  s0, 1
core   0: 3 0x80000726 (0x0405) x8  0xfffffffe
core   0: 0x80000728 (0x00004ba9) c.li    s7, 10
core   0: 3 0x80000728 (0x4ba9) x23 0x0000000a
core   0: 0x8000072a (0x4130dc13) srai    s8, ra, 19
core   0: 3 0x8000072a (0x4130dc13) x24 0x0000060f
core   0: 0x8000072e (0x000059d5) c.li    s3, -11
core   0: 3 0x8000072e (0x59d5) x19 0xfffffff5
core   0: 0x80000730 (0x0214fc33) remu    s8, s1, ra
core   0: 3 0x80000730 (0x0214fc33) x24 0x00000000
core   0: 0x80000734 (0x40b954b3) sra     s1, s2, a1
core   0: 3 0x80000734 (0x40b954b3) x9  0x00000000
core   0: 0x80000738 (0x00001bf5) c.addi  s7, -3
core   0: 3 0x80000738 (0x1bf5) x23 0x00000007
core   0: 0x8000073a (0x033ef0b3) remu    ra, t4, s3
core   0: 3 0x8000073a (0x033ef0b3) x1  0x307a4b70
core   0: 0x8000073e (0xff3b99e3) bne     s7, s3, pc - 14
core   0: 3 0x8000073e (0xff3b99e3)
core   0: 0x80000730 (0x0214fc33) remu    s8, s1, ra
core   0: 3 0x80000730 (0x0214fc33) x24 0x00000000
core   0: 0x80000734 (0x40b954b3) sra     s1, s2, a1
core   0: 3 0x80000734 (0x40b954b3) x9  0x00000000
core   0: 0x80000738 (0x00001bf5) c.addi  s7, -3
core   0: 3 0x80000738 (0x1bf5) x23 0x00000004
core   0: 0x8000073a (0x033ef0b3) remu    ra, t4, s3
core   0: 3 0x8000073a (0x033ef0b3) x1  0x307a4b70
core   0: 0x8000073e (0xff3b99e3) bne     s7, s3, pc - 14
core   0: 3 0x8000073e (0xff3b99e3)
core   0: 0x80000730 (0x0214fc33) remu    s8, s1, ra
core   0: 3 0x80000730 (0x0214fc33) x24 0x00000000
core   0: 0x80000734 (0x40b954b3) sra     s1, s2, a1
core   0: 3 0x80000734 (0x40b954b3) x9  0x00000000
core   0: 0x80000738 (0x00001bf5) c.addi  s7, -3
core   0: 3 0x80000738 (0x1bf5) x23 0x00000001
core   0: 0x8000073a (0x033ef0b3) remu    ra, t4, s3
core   0: 3 0x8000073a (0x033ef0b3) x1  0x307a4b70
core   0: 0x8000073e (0xff3b99e3) bne     s7, s3, pc - 14
core   0: 3 0x8000073e (0xff3b99e3)
core   0: 0x80000730 (0x0214fc33) remu    s8, s1, ra
core   0: 3 0x80000730 (0x0214fc33) x24 0x00000000
core   0: 0x80000734 (0x40b954b3) sra     s1, s2, a1
core   0: 3 0x80000734 (0x40b954b3) x9  0x00000000
core   0: 0x80000738 (0x00001bf5) c.addi  s7, -3
core   0: 3 0x80000738 (0x1bf5) x23 0xfffffffe
core   0: 0x8000073a (0x033ef0b3) remu    ra, t4, s3
core   0: 3 0x8000073a (0x033ef0b3) x1  0x307a4b70
core   0: 0x8000073e (0xff3b99e3) bne     s7, s3, pc - 14
core   0: 3 0x8000073e (0xff3b99e3)
core   0: 0x80000730 (0x0214fc33) remu    s8, s1, ra
core   0: 3 0x80000730 (0x0214fc33) x24 0x00000000
core   0: 0x80000734 (0x40b954b3) sra     s1, s2, a1
core   0: 3 0x80000734 (0x40b954b3) x9  0x00000000
core   0: 0x80000738 (0x00001bf5) c.addi  s7, -3
core   0: 3 0x80000738 (0x1bf5) x23 0xfffffffb
core   0: 0x8000073a (0x033ef0b3) remu    ra, t4, s3
core   0: 3 0x8000073a (0x033ef0b3) x1  0x307a4b70
core   0: 0x8000073e (0xff3b99e3) bne     s7, s3, pc - 14
core   0: 3 0x8000073e (0xff3b99e3)
core   0: 0x80000730 (0x0214fc33) remu    s8, s1, ra
core   0: 3 0x80000730 (0x0214fc33) x24 0x00000000
core   0: 0x80000734 (0x40b954b3) sra     s1, s2, a1
core   0: 3 0x80000734 (0x40b954b3) x9  0x00000000
core   0: 0x80000738 (0x00001bf5) c.addi  s7, -3
core   0: 3 0x80000738 (0x1bf5) x23 0xfffffff8
core   0: 0x8000073a (0x033ef0b3) remu    ra, t4, s3
core   0: 3 0x8000073a (0x033ef0b3) x1  0x307a4b70
core   0: 0x8000073e (0xff3b99e3) bne     s7, s3, pc - 14
core   0: 3 0x8000073e (0xff3b99e3)
core   0: 0x80000730 (0x0214fc33) remu    s8, s1, ra
core   0: 3 0x80000730 (0x0214fc33) x24 0x00000000
core   0: 0x80000734 (0x40b954b3) sra     s1, s2, a1
core   0: 3 0x80000734 (0x40b954b3) x9  0x00000000
core   0: 0x80000738 (0x00001bf5) c.addi  s7, -3
core   0: 3 0x80000738 (0x1bf5) x23 0xfffffff5
core   0: 0x8000073a (0x033ef0b3) remu    ra, t4, s3
core   0: 3 0x8000073a (0x033ef0b3) x1  0x307a4b70
core   0: 0x8000073e (0xff3b99e3) bne     s7, s3, pc - 14
core   0: 3 0x8000073e (0xff3b99e3)
core   0: 0x80000742 (0xfe2b8513) addi    a0, s7, -30
core   0: 3 0x80000742 (0xfe2b8513) x10 0xffffffd7
core   0: 0x80000746 (0x0000fc71) c.bnez  s0, pc - 36
core   0: 3 0x80000746 (0xfc71)
core   0: 0x80000722 (0x001b4733) xor     a4, s6, ra
core   0: 3 0x80000722 (0x001b4733) x14 0x307a4b70
core   0: 0x80000726 (0x00000405) c.addi  s0, 1
core   0: 3 0x80000726 (0x0405) x8  0xffffffff
core   0: 0x80000728 (0x00004ba9) c.li    s7, 10
core   0: 3 0x80000728 (0x4ba9) x23 0x0000000a
core   0: 0x8000072a (0x4130dc13) srai    s8, ra, 19
core   0: 3 0x8000072a (0x4130dc13) x24 0x0000060f
core   0: 0x8000072e (0x000059d5) c.li    s3, -11
core   0: 3 0x8000072e (0x59d5) x19 0xfffffff5
core   0: 0x80000730 (0x0214fc33) remu    s8, s1, ra
core   0: 3 0x80000730 (0x0214fc33) x24 0x00000000
core   0: 0x80000734 (0x40b954b3) sra     s1, s2, a1
core   0: 3 0x80000734 (0x40b954b3) x9  0x00000000
core   0: 0x80000738 (0x00001bf5) c.addi  s7, -3
core   0: 3 0x80000738 (0x1bf5) x23 0x00000007
core   0: 0x8000073a (0x033ef0b3) remu    ra, t4, s3
core   0: 3 0x8000073a (0x033ef0b3) x1  0x307a4b70
core   0: 0x8000073e (0xff3b99e3) bne     s7, s3, pc - 14
core   0: 3 0x8000073e (0xff3b99e3)
core   0: 0x80000730 (0x0214fc33) remu    s8, s1, ra
core   0: 3 0x80000730 (0x0214fc33) x24 0x00000000
core   0: 0x80000734 (0x40b954b3) sra     s1, s2, a1
core   0: 3 0x80000734 (0x40b954b3) x9  0x00000000
core   0: 0x80000738 (0x00001bf5) c.addi  s7, -3
core   0: 3 0x80000738 (0x1bf5) x23 0x00000004
core   0: 0x8000073a (0x033ef0b3) remu    ra, t4, s3
core   0: 3 0x8000073a (0x033ef0b3) x1  0x307a4b70
core   0: 0x8000073e (0xff3b99e3) bne     s7, s3, pc - 14
core   0: 3 0x8000073e (0xff3b99e3)
core   0: 0x80000730 (0x0214fc33) remu    s8, s1, ra
core   0: 3 0x80000730 (0x0214fc33) x24 0x00000000
core   0: 0x80000734 (0x40b954b3) sra     s1, s2, a1
core   0: 3 0x80000734 (0x40b954b3) x9  0x00000000
core   0: 0x80000738 (0x00001bf5) c.addi  s7, -3
core   0: 3 0x80000738 (0x1bf5) x23 0x00000001
core   0: 0x8000073a (0x033ef0b3) remu    ra, t4, s3
core   0: 3 0x8000073a (0x033ef0b3) x1  0x307a4b70
core   0: 0x8000073e (0xff3b99e3) bne     s7, s3, pc - 14
core   0: 3 0x8000073e (0xff3b99e3)
core   0: 0x80000730 (0x0214fc33) remu    s8, s1, ra
core   0: 3 0x80000730 (0x0214fc33) x24 0x00000000
core   0: 0x80000734 (0x40b954b3) sra     s1, s2, a1
core   0: 3 0x80000734 (0x40b954b3) x9  0x00000000
core   0: 0x80000738 (0x00001bf5) c.addi  s7, -3
core   0: 3 0x80000738 (0x1bf5) x23 0xfffffffe
core   0: 0x8000073a (0x033ef0b3) remu    ra, t4, s3
core   0: 3 0x8000073a (0x033ef0b3) x1  0x307a4b70
core   0: 0x8000073e (0xff3b99e3) bne     s7, s3, pc - 14
core   0: 3 0x8000073e (0xff3b99e3)
core   0: 0x80000730 (0x0214fc33) remu    s8, s1, ra
core   0: 3 0x80000730 (0x0214fc33) x24 0x00000000
core   0: 0x80000734 (0x40b954b3) sra     s1, s2, a1
core   0: 3 0x80000734 (0x40b954b3) x9  0x00000000
core   0: 0x80000738 (0x00001bf5) c.addi  s7, -3
core   0: 3 0x80000738 (0x1bf5) x23 0xfffffffb
core   0: 0x8000073a (0x033ef0b3) remu    ra, t4, s3
core   0: 3 0x8000073a (0x033ef0b3) x1  0x307a4b70
core   0: 0x8000073e (0xff3b99e3) bne     s7, s3, pc - 14
core   0: 3 0x8000073e (0xff3b99e3)
core   0: 0x80000730 (0x0214fc33) remu    s8, s1, ra
core   0: 3 0x80000730 (0x0214fc33) x24 0x00000000
core   0: 0x80000734 (0x40b954b3) sra     s1, s2, a1
core   0: 3 0x80000734 (0x40b954b3) x9  0x00000000
core   0: 0x80000738 (0x00001bf5) c.addi  s7, -3
core   0: 3 0x80000738 (0x1bf5) x23 0xfffffff8
core   0: 0x8000073a (0x033ef0b3) remu    ra, t4, s3
core   0: 3 0x8000073a (0x033ef0b3) x1  0x307a4b70
core   0: 0x8000073e (0xff3b99e3) bne     s7, s3, pc - 14
core   0: 3 0x8000073e (0xff3b99e3)
core   0: 0x80000730 (0x0214fc33) remu    s8, s1, ra
core   0: 3 0x80000730 (0x0214fc33) x24 0x00000000
core   0: 0x80000734 (0x40b954b3) sra     s1, s2, a1
core   0: 3 0x80000734 (0x40b954b3) x9  0x00000000
core   0: 0x80000738 (0x00001bf5) c.addi  s7, -3
core   0: 3 0x80000738 (0x1bf5) x23 0xfffffff5
core   0: 0x8000073a (0x033ef0b3) remu    ra, t4, s3
core   0: 3 0x8000073a (0x033ef0b3) x1  0x307a4b70
core   0: 0x8000073e (0xff3b99e3) bne     s7, s3, pc - 14
core   0: 3 0x8000073e (0xff3b99e3)
core   0: 0x80000742 (0xfe2b8513) addi    a0, s7, -30
core   0: 3 0x80000742 (0xfe2b8513) x10 0xffffffd7
core   0: 0x80000746 (0x0000fc71) c.bnez  s0, pc - 36
core   0: 3 0x80000746 (0xfc71)
core   0: 0x80000722 (0x001b4733) xor     a4, s6, ra
core   0: 3 0x80000722 (0x001b4733) x14 0x307a4b70
core   0: 0x80000726 (0x00000405) c.addi  s0, 1
core   0: 3 0x80000726 (0x0405) x8  0x00000000
core   0: 0x80000728 (0x00004ba9) c.li    s7, 10
core   0: 3 0x80000728 (0x4ba9) x23 0x0000000a
core   0: 0x8000072a (0x4130dc13) srai    s8, ra, 19
core   0: 3 0x8000072a (0x4130dc13) x24 0x0000060f
core   0: 0x8000072e (0x000059d5) c.li    s3, -11
core   0: 3 0x8000072e (0x59d5) x19 0xfffffff5
core   0: 0x80000730 (0x0214fc33) remu    s8, s1, ra
core   0: 3 0x80000730 (0x0214fc33) x24 0x00000000
core   0: 0x80000734 (0x40b954b3) sra     s1, s2, a1
core   0: 3 0x80000734 (0x40b954b3) x9  0x00000000
core   0: 0x80000738 (0x00001bf5) c.addi  s7, -3
core   0: 3 0x80000738 (0x1bf5) x23 0x00000007
core   0: 0x8000073a (0x033ef0b3) remu    ra, t4, s3
core   0: 3 0x8000073a (0x033ef0b3) x1  0x307a4b70
core   0: 0x8000073e (0xff3b99e3) bne     s7, s3, pc - 14
core   0: 3 0x8000073e (0xff3b99e3)
core   0: 0x80000730 (0x0214fc33) remu    s8, s1, ra
core   0: 3 0x80000730 (0x0214fc33) x24 0x00000000
core   0: 0x80000734 (0x40b954b3) sra     s1, s2, a1
core   0: 3 0x80000734 (0x40b954b3) x9  0x00000000
core   0: 0x80000738 (0x00001bf5) c.addi  s7, -3
core   0: 3 0x80000738 (0x1bf5) x23 0x00000004
core   0: 0x8000073a (0x033ef0b3) remu    ra, t4, s3
core   0: 3 0x8000073a (0x033ef0b3) x1  0x307a4b70
core   0: 0x8000073e (0xff3b99e3) bne     s7, s3, pc - 14
core   0: 3 0x8000073e (0xff3b99e3)
core   0: 0x80000730 (0x0214fc33) remu    s8, s1, ra
core   0: 3 0x80000730 (0x0214fc33) x24 0x00000000
core   0: 0x80000734 (0x40b954b3) sra     s1, s2, a1
core   0: 3 0x80000734 (0x40b954b3) x9  0x00000000
core   0: 0x80000738 (0x00001bf5) c.addi  s7, -3
core   0: 3 0x80000738 (0x1bf5) x23 0x00000001
core   0: 0x8000073a (0x033ef0b3) remu    ra, t4, s3
core   0: 3 0x8000073a (0x033ef0b3) x1  0x307a4b70
core   0: 0x8000073e (0xff3b99e3) bne     s7, s3, pc - 14
core   0: 3 0x8000073e (0xff3b99e3)
core   0: 0x80000730 (0x0214fc33) remu    s8, s1, ra
core   0: 3 0x80000730 (0x0214fc33) x24 0x00000000
core   0: 0x80000734 (0x40b954b3) sra     s1, s2, a1
core   0: 3 0x80000734 (0x40b954b3) x9  0x00000000
core   0: 0x80000738 (0x00001bf5) c.addi  s7, -3
core   0: 3 0x80000738 (0x1bf5) x23 0xfffffffe
core   0: 0x8000073a (0x033ef0b3) remu    ra, t4, s3
core   0: 3 0x8000073a (0x033ef0b3) x1  0x307a4b70
core   0: 0x8000073e (0xff3b99e3) bne     s7, s3, pc - 14
core   0: 3 0x8000073e (0xff3b99e3)
core   0: 0x80000730 (0x0214fc33) remu    s8, s1, ra
core   0: 3 0x80000730 (0x0214fc33) x24 0x00000000
core   0: 0x80000734 (0x40b954b3) sra     s1, s2, a1
core   0: 3 0x80000734 (0x40b954b3) x9  0x00000000
core   0: 0x80000738 (0x00001bf5) c.addi  s7, -3
core   0: 3 0x80000738 (0x1bf5) x23 0xfffffffb
core   0: 0x8000073a (0x033ef0b3) remu    ra, t4, s3
core   0: 3 0x8000073a (0x033ef0b3) x1  0x307a4b70
core   0: 0x8000073e (0xff3b99e3) bne     s7, s3, pc - 14
core   0: 3 0x8000073e (0xff3b99e3)
core   0: 0x80000730 (0x0214fc33) remu    s8, s1, ra
core   0: 3 0x80000730 (0x0214fc33) x24 0x00000000
core   0: 0x80000734 (0x40b954b3) sra     s1, s2, a1
core   0: 3 0x80000734 (0x40b954b3) x9  0x00000000
core   0: 0x80000738 (0x00001bf5) c.addi  s7, -3
core   0: 3 0x80000738 (0x1bf5) x23 0xfffffff8
core   0: 0x8000073a (0x033ef0b3) remu    ra, t4, s3
core   0: 3 0x8000073a (0x033ef0b3) x1  0x307a4b70
core   0: 0x8000073e (0xff3b99e3) bne     s7, s3, pc - 14
core   0: 3 0x8000073e (0xff3b99e3)
core   0: 0x80000730 (0x0214fc33) remu    s8, s1, ra
core   0: 3 0x80000730 (0x0214fc33) x24 0x00000000
core   0: 0x80000734 (0x40b954b3) sra     s1, s2, a1
core   0: 3 0x80000734 (0x40b954b3) x9  0x00000000
core   0: 0x80000738 (0x00001bf5) c.addi  s7, -3
core   0: 3 0x80000738 (0x1bf5) x23 0xfffffff5
core   0: 0x8000073a (0x033ef0b3) remu    ra, t4, s3
core   0: 3 0x8000073a (0x033ef0b3) x1  0x307a4b70
core   0: 0x8000073e (0xff3b99e3) bne     s7, s3, pc - 14
core   0: 3 0x8000073e (0xff3b99e3)
core   0: 0x80000742 (0xfe2b8513) addi    a0, s7, -30
core   0: 3 0x80000742 (0xfe2b8513) x10 0xffffffd7
core   0: 0x80000746 (0x0000fc71) c.bnez  s0, pc - 36
core   0: 3 0x80000746 (0xfc71)
core   0: 0x80000748 (0x016e3333) sltu    t1, t3, s6
core   0: 3 0x80000748 (0x016e3333) x6  0x00000000
core   0: 0x8000074c (0x000055e9) c.li    a1, -6
core   0: 3 0x8000074c (0x55e9) x11 0xfffffffa
core   0: 0x8000074e (0x0000861d) c.srai  a2, 7
core   0: 3 0x8000074e (0x861d) x12 0x00000000
core   0: 0x80000750 (0x000082b6) c.mv    t0, a3
core   0: 3 0x80000750 (0x82b6) x5  0xfffffff2
core   0: 0x80000752 (0x00000001) c.nop
core   0: 3 0x80000752 (0x0001)
core   0: 0x80000754 (0x00008569) c.srai  a0, 26
core   0: 3 0x80000754 (0x8569) x10 0xffffffff
core   0: 0x80000756 (0x00000001) c.nop
core   0: 3 0x80000756 (0x0001)
core   0: 0x80000758 (0x01a3ac33) slt     s8, t2, s10
core   0: 3 0x80000758 (0x01a3ac33) x24 0x00000000
core   0: 0x8000075c (0x00001188) c.addi4spn a0, sp, 224
core   0: 3 0x8000075c (0x1188) x10 0x000000e1
core   0: 0x8000075e (0x01ab34b3) sltu    s1, s6, s10
core   0: 3 0x8000075e (0x01ab34b3) x9  0x00000000
core   0: 0x80000762 (0x00008c6a) c.mv    s8, s10
core   0: 3 0x80000762 (0x8c6a) x24 0x00000000
core   0: 0x80000764 (0x00000585) c.addi  a1, 1
core   0: 3 0x80000764 (0x0585) x11 0xfffffffb
core   0: 0x80000766 (0x000002e9) c.addi  t0, 26
core   0: 3 0x80000766 (0x02e9) x5  0x0000000c
core   0: 0x80000768 (0x00004425) c.li    s0, 9
core   0: 3 0x80000768 (0x4425) x8  0x00000009
core   0: 0x8000076a (0x03051d33) mulh    s10, a0, a6
core   0: 3 0x8000076a (0x03051d33) x26 0x00000000
core   0: 0x8000076e (0x4c88a613) slti    a2, a7, 1224
core   0: 3 0x8000076e (0x4c88a613) x12 0x00000001
core   0: 0x80000772 (0x000040a5) c.li    ra, 9
core   0: 3 0x80000772 (0x40a5) x1  0x00000009
core   0: 0x80000774 (0x00000001) c.nop
core   0: 3 0x80000774 (0x0001)
core   0: 0x80000776 (0x00c70133) add     sp, a4, a2
core   0: 3 0x80000776 (0x00c70133) x2  0x307a4b71
core   0: 0x8000077a (0x0000918a) c.add   gp, sp
core   0: 3 0x8000077a (0x918a) x3  0x307a4a34
core   0: 0x8000077c (0x008d3633) sltu    a2, s10, s0
core   0: 3 0x8000077c (0x008d3633) x12 0x00000001
core   0: 0x80000780 (0xfb97a613) slti    a2, a5, -71
core   0: 3 0x80000780 (0xfb97a613) x12 0x00000000
core   0: 0x80000784 (0x008d5a93) srli    s5, s10, 8
core   0: 3 0x80000784 (0x008d5a93) x21 0x00000000
core   0: 0x80000788 (0x0000146d) c.addi  s0, -5
core   0: 3 0x80000788 (0x146d) x8  0x00000004
core   0: 0x8000078a (0x0082d693) srli    a3, t0, 8
core   0: 3 0x8000078a (0x0082d693) x13 0x00000000
core   0: 0x8000078e (0xfe1477e3) bgeu    s0, ra, pc - 18
core   0: 3 0x8000078e (0xfe1477e3)
core   0: 0x80000792 (0x00008bd2) c.mv    s7, s4
core   0: 3 0x80000792 (0x8bd2) x23 0x0d965003
core   0: 0x80000794 (0x0304e4b3) rem     s1, s1, a6
core   0: 3 0x80000794 (0x0304e4b3) x9  0x00000000
core   0: 0x80000798 (0xc8528493) addi    s1, t0, -891
core   0: 3 0x80000798 (0xc8528493) x9  0xfffffc91
core   0: 0x8000079c (0x0000f1f9) c.bnez  a1, pc - 58
core   0: 3 0x8000079c (0xf1f9)
core   0: 0x80000762 (0x00008c6a) c.mv    s8, s10
core   0: 3 0x80000762 (0x8c6a) x24 0x00000000
core   0: 0x80000764 (0x00000585) c.addi  a1, 1
core   0: 3 0x80000764 (0x0585) x11 0xfffffffc
core   0: 0x80000766 (0x000002e9) c.addi  t0, 26
core   0: 3 0x80000766 (0x02e9) x5  0x00000026
core   0: 0x80000768 (0x00004425) c.li    s0, 9
core   0: 3 0x80000768 (0x4425) x8  0x00000009
core   0: 0x8000076a (0x03051d33) mulh    s10, a0, a6
core   0: 3 0x8000076a (0x03051d33) x26 0x00000000
core   0: 0x8000076e (0x4c88a613) slti    a2, a7, 1224
core   0: 3 0x8000076e (0x4c88a613) x12 0x00000001
core   0: 0x80000772 (0x000040a5) c.li    ra, 9
core   0: 3 0x80000772 (0x40a5) x1  0x00000009
core   0: 0x80000774 (0x00000001) c.nop
core   0: 3 0x80000774 (0x0001)
core   0: 0x80000776 (0x00c70133) add     sp, a4, a2
core   0: 3 0x80000776 (0x00c70133) x2  0x307a4b71
core   0: 0x8000077a (0x0000918a) c.add   gp, sp
core   0: 3 0x8000077a (0x918a) x3  0x60f495a5
core   0: 0x8000077c (0x008d3633) sltu    a2, s10, s0
core   0: 3 0x8000077c (0x008d3633) x12 0x00000001
core   0: 0x80000780 (0xfb97a613) slti    a2, a5, -71
core   0: 3 0x80000780 (0xfb97a613) x12 0x00000000
core   0: 0x80000784 (0x008d5a93) srli    s5, s10, 8
core   0: 3 0x80000784 (0x008d5a93) x21 0x00000000
core   0: 0x80000788 (0x0000146d) c.addi  s0, -5
core   0: 3 0x80000788 (0x146d) x8  0x00000004
core   0: 0x8000078a (0x0082d693) srli    a3, t0, 8
core   0: 3 0x8000078a (0x0082d693) x13 0x00000000
core   0: 0x8000078e (0xfe1477e3) bgeu    s0, ra, pc - 18
core   0: 3 0x8000078e (0xfe1477e3)
core   0: 0x80000792 (0x00008bd2) c.mv    s7, s4
core   0: 3 0x80000792 (0x8bd2) x23 0x0d965003
core   0: 0x80000794 (0x0304e4b3) rem     s1, s1, a6
core   0: 3 0x80000794 (0x0304e4b3) x9  0xfffffc91
core   0: 0x80000798 (0xc8528493) addi    s1, t0, -891
core   0: 3 0x80000798 (0xc8528493) x9  0xfffffcab
core   0: 0x8000079c (0x0000f1f9) c.bnez  a1, pc - 58
core   0: 3 0x8000079c (0xf1f9)
core   0: 0x80000762 (0x00008c6a) c.mv    s8, s10
core   0: 3 0x80000762 (0x8c6a) x24 0x00000000
core   0: 0x80000764 (0x00000585) c.addi  a1, 1
core   0: 3 0x80000764 (0x0585) x11 0xfffffffd
core   0: 0x80000766 (0x000002e9) c.addi  t0, 26
core   0: 3 0x80000766 (0x02e9) x5  0x00000040
core   0: 0x80000768 (0x00004425) c.li    s0, 9
core   0: 3 0x80000768 (0x4425) x8  0x00000009
core   0: 0x8000076a (0x03051d33) mulh    s10, a0, a6
core   0: 3 0x8000076a (0x03051d33) x26 0x00000000
core   0: 0x8000076e (0x4c88a613) slti    a2, a7, 1224
core   0: 3 0x8000076e (0x4c88a613) x12 0x00000001
core   0: 0x80000772 (0x000040a5) c.li    ra, 9
core   0: 3 0x80000772 (0x40a5) x1  0x00000009
core   0: 0x80000774 (0x00000001) c.nop
core   0: 3 0x80000774 (0x0001)
core   0: 0x80000776 (0x00c70133) add     sp, a4, a2
core   0: 3 0x80000776 (0x00c70133) x2  0x307a4b71
core   0: 0x8000077a (0x0000918a) c.add   gp, sp
core   0: 3 0x8000077a (0x918a) x3  0x916ee116
core   0: 0x8000077c (0x008d3633) sltu    a2, s10, s0
core   0: 3 0x8000077c (0x008d3633) x12 0x00000001
core   0: 0x80000780 (0xfb97a613) slti    a2, a5, -71
core   0: 3 0x80000780 (0xfb97a613) x12 0x00000000
core   0: 0x80000784 (0x008d5a93) srli    s5, s10, 8
core   0: 3 0x80000784 (0x008d5a93) x21 0x00000000
core   0: 0x80000788 (0x0000146d) c.addi  s0, -5
core   0: 3 0x80000788 (0x146d) x8  0x00000004
core   0: 0x8000078a (0x0082d693) srli    a3, t0, 8
core   0: 3 0x8000078a (0x0082d693) x13 0x00000000
core   0: 0x8000078e (0xfe1477e3) bgeu    s0, ra, pc - 18
core   0: 3 0x8000078e (0xfe1477e3)
core   0: 0x80000792 (0x00008bd2) c.mv    s7, s4
core   0: 3 0x80000792 (0x8bd2) x23 0x0d965003
core   0: 0x80000794 (0x0304e4b3) rem     s1, s1, a6
core   0: 3 0x80000794 (0x0304e4b3) x9  0xfffffcab
core   0: 0x80000798 (0xc8528493) addi    s1, t0, -891
core   0: 3 0x80000798 (0xc8528493) x9  0xfffffcc5
core   0: 0x8000079c (0x0000f1f9) c.bnez  a1, pc - 58
core   0: 3 0x8000079c (0xf1f9)
core   0: 0x80000762 (0x00008c6a) c.mv    s8, s10
core   0: 3 0x80000762 (0x8c6a) x24 0x00000000
core   0: 0x80000764 (0x00000585) c.addi  a1, 1
core   0: 3 0x80000764 (0x0585) x11 0xfffffffe
core   0: 0x80000766 (0x000002e9) c.addi  t0, 26
core   0: 3 0x80000766 (0x02e9) x5  0x0000005a
core   0: 0x80000768 (0x00004425) c.li    s0, 9
core   0: 3 0x80000768 (0x4425) x8  0x00000009
core   0: 0x8000076a (0x03051d33) mulh    s10, a0, a6
core   0: 3 0x8000076a (0x03051d33) x26 0x00000000
core   0: 0x8000076e (0x4c88a613) slti    a2, a7, 1224
core   0: 3 0x8000076e (0x4c88a613) x12 0x00000001
core   0: 0x80000772 (0x000040a5) c.li    ra, 9
core   0: 3 0x80000772 (0x40a5) x1  0x00000009
core   0: 0x80000774 (0x00000001) c.nop
core   0: 3 0x80000774 (0x0001)
core   0: 0x80000776 (0x00c70133) add     sp, a4, a2
core   0: 3 0x80000776 (0x00c70133) x2  0x307a4b71
core   0: 0x8000077a (0x0000918a) c.add   gp, sp
core   0: 3 0x8000077a (0x918a) x3  0xc1e92c87
core   0: 0x8000077c (0x008d3633) sltu    a2, s10, s0
core   0: 3 0x8000077c (0x008d3633) x12 0x00000001
core   0: 0x80000780 (0xfb97a613) slti    a2, a5, -71
core   0: 3 0x80000780 (0xfb97a613) x12 0x00000000
core   0: 0x80000784 (0x008d5a93) srli    s5, s10, 8
core   0: 3 0x80000784 (0x008d5a93) x21 0x00000000
core   0: 0x80000788 (0x0000146d) c.addi  s0, -5
core   0: 3 0x80000788 (0x146d) x8  0x00000004
core   0: 0x8000078a (0x0082d693) srli    a3, t0, 8
core   0: 3 0x8000078a (0x0082d693) x13 0x00000000
core   0: 0x8000078e (0xfe1477e3) bgeu    s0, ra, pc - 18
core   0: 3 0x8000078e (0xfe1477e3)
core   0: 0x80000792 (0x00008bd2) c.mv    s7, s4
core   0: 3 0x80000792 (0x8bd2) x23 0x0d965003
core   0: 0x80000794 (0x0304e4b3) rem     s1, s1, a6
core   0: 3 0x80000794 (0x0304e4b3) x9  0xfffffcc5
core   0: 0x80000798 (0xc8528493) addi    s1, t0, -891
core   0: 3 0x80000798 (0xc8528493) x9  0xfffffcdf
core   0: 0x8000079c (0x0000f1f9) c.bnez  a1, pc - 58
core   0: 3 0x8000079c (0xf1f9)
core   0: 0x80000762 (0x00008c6a) c.mv    s8, s10
core   0: 3 0x80000762 (0x8c6a) x24 0x00000000
core   0: 0x80000764 (0x00000585) c.addi  a1, 1
core   0: 3 0x80000764 (0x0585) x11 0xffffffff
core   0: 0x80000766 (0x000002e9) c.addi  t0, 26
core   0: 3 0x80000766 (0x02e9) x5  0x00000074
core   0: 0x80000768 (0x00004425) c.li    s0, 9
core   0: 3 0x80000768 (0x4425) x8  0x00000009
core   0: 0x8000076a (0x03051d33) mulh    s10, a0, a6
core   0: 3 0x8000076a (0x03051d33) x26 0x00000000
core   0: 0x8000076e (0x4c88a613) slti    a2, a7, 1224
core   0: 3 0x8000076e (0x4c88a613) x12 0x00000001
core   0: 0x80000772 (0x000040a5) c.li    ra, 9
core   0: 3 0x80000772 (0x40a5) x1  0x00000009
core   0: 0x80000774 (0x00000001) c.nop
core   0: 3 0x80000774 (0x0001)
core   0: 0x80000776 (0x00c70133) add     sp, a4, a2
core   0: 3 0x80000776 (0x00c70133) x2  0x307a4b71
core   0: 0x8000077a (0x0000918a) c.add   gp, sp
core   0: 3 0x8000077a (0x918a) x3  0xf26377f8
core   0: 0x8000077c (0x008d3633) sltu    a2, s10, s0
core   0: 3 0x8000077c (0x008d3633) x12 0x00000001
core   0: 0x80000780 (0xfb97a613) slti    a2, a5, -71
core   0: 3 0x80000780 (0xfb97a613) x12 0x00000000
core   0: 0x80000784 (0x008d5a93) srli    s5, s10, 8
core   0: 3 0x80000784 (0x008d5a93) x21 0x00000000
core   0: 0x80000788 (0x0000146d) c.addi  s0, -5
core   0: 3 0x80000788 (0x146d) x8  0x00000004
core   0: 0x8000078a (0x0082d693) srli    a3, t0, 8
core   0: 3 0x8000078a (0x0082d693) x13 0x00000000
core   0: 0x8000078e (0xfe1477e3) bgeu    s0, ra, pc - 18
core   0: 3 0x8000078e (0xfe1477e3)
core   0: 0x80000792 (0x00008bd2) c.mv    s7, s4
core   0: 3 0x80000792 (0x8bd2) x23 0x0d965003
core   0: 0x80000794 (0x0304e4b3) rem     s1, s1, a6
core   0: 3 0x80000794 (0x0304e4b3) x9  0xfffffcdf
core   0: 0x80000798 (0xc8528493) addi    s1, t0, -891
core   0: 3 0x80000798 (0xc8528493) x9  0xfffffcf9
core   0: 0x8000079c (0x0000f1f9) c.bnez  a1, pc - 58
core   0: 3 0x8000079c (0xf1f9)
core   0: 0x80000762 (0x00008c6a) c.mv    s8, s10
core   0: 3 0x80000762 (0x8c6a) x24 0x00000000
core   0: 0x80000764 (0x00000585) c.addi  a1, 1
core   0: 3 0x80000764 (0x0585) x11 0x00000000
core   0: 0x80000766 (0x000002e9) c.addi  t0, 26
core   0: 3 0x80000766 (0x02e9) x5  0x0000008e
core   0: 0x80000768 (0x00004425) c.li    s0, 9
core   0: 3 0x80000768 (0x4425) x8  0x00000009
core   0: 0x8000076a (0x03051d33) mulh    s10, a0, a6
core   0: 3 0x8000076a (0x03051d33) x26 0x00000000
core   0: 0x8000076e (0x4c88a613) slti    a2, a7, 1224
core   0: 3 0x8000076e (0x4c88a613) x12 0x00000001
core   0: 0x80000772 (0x000040a5) c.li    ra, 9
core   0: 3 0x80000772 (0x40a5) x1  0x00000009
core   0: 0x80000774 (0x00000001) c.nop
core   0: 3 0x80000774 (0x0001)
core   0: 0x80000776 (0x00c70133) add     sp, a4, a2
core   0: 3 0x80000776 (0x00c70133) x2  0x307a4b71
core   0: 0x8000077a (0x0000918a) c.add   gp, sp
core   0: 3 0x8000077a (0x918a) x3  0x22ddc369
core   0: 0x8000077c (0x008d3633) sltu    a2, s10, s0
core   0: 3 0x8000077c (0x008d3633) x12 0x00000001
core   0: 0x80000780 (0xfb97a613) slti    a2, a5, -71
core   0: 3 0x80000780 (0xfb97a613) x12 0x00000000
core   0: 0x80000784 (0x008d5a93) srli    s5, s10, 8
core   0: 3 0x80000784 (0x008d5a93) x21 0x00000000
core   0: 0x80000788 (0x0000146d) c.addi  s0, -5
core   0: 3 0x80000788 (0x146d) x8  0x00000004
core   0: 0x8000078a (0x0082d693) srli    a3, t0, 8
core   0: 3 0x8000078a (0x0082d693) x13 0x00000000
core   0: 0x8000078e (0xfe1477e3) bgeu    s0, ra, pc - 18
core   0: 3 0x8000078e (0xfe1477e3)
core   0: 0x80000792 (0x00008bd2) c.mv    s7, s4
core   0: 3 0x80000792 (0x8bd2) x23 0x0d965003
core   0: 0x80000794 (0x0304e4b3) rem     s1, s1, a6
core   0: 3 0x80000794 (0x0304e4b3) x9  0xfffffcf9
core   0: 0x80000798 (0xc8528493) addi    s1, t0, -891
core   0: 3 0x80000798 (0xc8528493) x9  0xfffffd13
core   0: 0x8000079c (0x0000f1f9) c.bnez  a1, pc - 58
core   0: 3 0x8000079c (0xf1f9)
core   0: 0x8000079e (0x022618b3) mulh    a7, a2, sp
core   0: 3 0x8000079e (0x022618b3) x17 0x00000000
core   0: 0x800007a2 (0x00004b91) c.li    s7, 4
core   0: 3 0x800007a2 (0x4b91) x23 0x00000004
core   0: 0x800007a4 (0x00004a3d) c.li    s4, 15
core   0: 3 0x800007a4 (0x4a3d) x20 0x0000000f
core   0: 0x800007a6 (0x037b70b3) remu    ra, s6, s7
core   0: 3 0x800007a6 (0x037b70b3) x1  0x00000000
core   0: 0x800007aa (0x00000b99) c.addi  s7, 6
core   0: 3 0x800007aa (0x0b99) x23 0x0000000a
core   0: 0x800007ac (0x00004c81) c.li    s9, 0
core   0: 3 0x800007ac (0x4c81) x25 0x00000000
core   0: 0x800007ae (0x00005171) c.li    sp, -4
core   0: 3 0x800007ae (0x5171) x2  0xfffffffc
core   0: 0x800007b0 (0x00008aed) c.andi  a3, 27
core   0: 3 0x800007b0 (0x8aed) x13 0x00000000
core   0: 0x800007b2 (0x00001cfd) c.addi  s9, -1
core   0: 3 0x800007b2 (0x1cfd) x25 0xffffffff
core   0: 0x800007b4 (0xfe2c9ee3) bne     s9, sp, pc - 4
core   0: 3 0x800007b4 (0xfe2c9ee3)
core   0: 0x800007b0 (0x00008aed) c.andi  a3, 27
core   0: 3 0x800007b0 (0x8aed) x13 0x00000000
core   0: 0x800007b2 (0x00001cfd) c.addi  s9, -1
core   0: 3 0x800007b2 (0x1cfd) x25 0xfffffffe
core   0: 0x800007b4 (0xfe2c9ee3) bne     s9, sp, pc - 4
core   0: 3 0x800007b4 (0xfe2c9ee3)
core   0: 0x800007b0 (0x00008aed) c.andi  a3, 27
core   0: 3 0x800007b0 (0x8aed) x13 0x00000000
core   0: 0x800007b2 (0x00001cfd) c.addi  s9, -1
core   0: 3 0x800007b2 (0x1cfd) x25 0xfffffffd
core   0: 0x800007b4 (0xfe2c9ee3) bne     s9, sp, pc - 4
core   0: 3 0x800007b4 (0xfe2c9ee3)
core   0: 0x800007b0 (0x00008aed) c.andi  a3, 27
core   0: 3 0x800007b0 (0x8aed) x13 0x00000000
core   0: 0x800007b2 (0x00001cfd) c.addi  s9, -1
core   0: 3 0x800007b2 (0x1cfd) x25 0xfffffffc
core   0: 0x800007b4 (0xfe2c9ee3) bne     s9, sp, pc - 4
core   0: 3 0x800007b4 (0xfe2c9ee3)
core   0: 0x800007b8 (0xff4be7e3) bltu    s7, s4, pc - 18
core   0: 3 0x800007b8 (0xff4be7e3)
core   0: 0x800007a6 (0x037b70b3) remu    ra, s6, s7
core   0: 3 0x800007a6 (0x037b70b3) x1  0x00000000
core   0: 0x800007aa (0x00000b99) c.addi  s7, 6
core   0: 3 0x800007aa (0x0b99) x23 0x00000010
core   0: 0x800007ac (0x00004c81) c.li    s9, 0
core   0: 3 0x800007ac (0x4c81) x25 0x00000000
core   0: 0x800007ae (0x00005171) c.li    sp, -4
core   0: 3 0x800007ae (0x5171) x2  0xfffffffc
core   0: 0x800007b0 (0x00008aed) c.andi  a3, 27
core   0: 3 0x800007b0 (0x8aed) x13 0x00000000
core   0: 0x800007b2 (0x00001cfd) c.addi  s9, -1
core   0: 3 0x800007b2 (0x1cfd) x25 0xffffffff
core   0: 0x800007b4 (0xfe2c9ee3) bne     s9, sp, pc - 4
core   0: 3 0x800007b4 (0xfe2c9ee3)
core   0: 0x800007b0 (0x00008aed) c.andi  a3, 27
core   0: 3 0x800007b0 (0x8aed) x13 0x00000000
core   0: 0x800007b2 (0x00001cfd) c.addi  s9, -1
core   0: 3 0x800007b2 (0x1cfd) x25 0xfffffffe
core   0: 0x800007b4 (0xfe2c9ee3) bne     s9, sp, pc - 4
core   0: 3 0x800007b4 (0xfe2c9ee3)
core   0: 0x800007b0 (0x00008aed) c.andi  a3, 27
core   0: 3 0x800007b0 (0x8aed) x13 0x00000000
core   0: 0x800007b2 (0x00001cfd) c.addi  s9, -1
core   0: 3 0x800007b2 (0x1cfd) x25 0xfffffffd
core   0: 0x800007b4 (0xfe2c9ee3) bne     s9, sp, pc - 4
core   0: 3 0x800007b4 (0xfe2c9ee3)
core   0: 0x800007b0 (0x00008aed) c.andi  a3, 27
core   0: 3 0x800007b0 (0x8aed) x13 0x00000000
core   0: 0x800007b2 (0x00001cfd) c.addi  s9, -1
core   0: 3 0x800007b2 (0x1cfd) x25 0xfffffffc
core   0: 0x800007b4 (0xfe2c9ee3) bne     s9, sp, pc - 4
core   0: 3 0x800007b4 (0xfe2c9ee3)
core   0: 0x800007b8 (0xff4be7e3) bltu    s7, s4, pc - 18
core   0: 3 0x800007b8 (0xff4be7e3)
core   0: 0x800007bc (0x00006909) c.lui   s2, 0x2
core   0: 3 0x800007bc (0x6909) x18 0x00002000
core   0: 0x800007be (0x00004925) c.li    s2, 9
core   0: 3 0x800007be (0x4925) x18 0x00000009
core   0: 0x800007c0 (0x00aaf493) andi    s1, s5, 10
core   0: 3 0x800007c0 (0x00aaf493) x9  0x00000000
core   0: 0x800007c4 (0x00006495) c.lui   s1, 0x5
core   0: 3 0x800007c4 (0x6495) x9  0x00005000
core   0: 0x800007c6 (0x00004cc5) c.li    s9, 17
core   0: 3 0x800007c6 (0x4cc5) x25 0x00000011
core   0: 0x800007c8 (0x025cf9b3) remu    s3, s9, t0
core   0: 3 0x800007c8 (0x025cf9b3) x19 0x00000011
core   0: 0x800007cc (0x00008f35) c.xor   a4, a3
core   0: 3 0x800007cc (0x8f35) x14 0x307a4b70
core   0: 0x800007ce (0x00000001) c.nop
core   0: 3 0x800007ce (0x0001)
core   0: 0x800007d0 (0x03d52733) mulhsu  a4, a0, t4
core   0: 3 0x800007d0 (0x03d52733) x14 0x0000002a
core   0: 0x800007d4 (0x0166b133) sltu    sp, a3, s6
core   0: 3 0x800007d4 (0x0166b133) x2  0x00000000
core   0: 0x800007d8 (0x00008ed5) c.or    a3, a3
core   0: 3 0x800007d8 (0x8ed5) x13 0x00000000
core   0: 0x800007da (0x415c8f33) sub     t5, s9, s5
core   0: 3 0x800007da (0x415c8f33) x30 0x00000011
core   0: 0x800007de (0x03f21d33) mulh    s10, tp, t6
core   0: 3 0x800007de (0x03f21d33) x26 0x00000000
core   0: 0x800007e2 (0x00000925) c.addi  s2, 9
core   0: 3 0x800007e2 (0x0925) x18 0x00000012
core   0: 0x800007e4 (0x00000c0e) c.slli  s8, 3
core   0: 3 0x800007e4 (0x0c0e) x24 0x00000000
core   0: 0x800007e6 (0x000081f5) c.srli  a1, 29
core   0: 3 0x800007e6 (0x81f5) x11 0x00000000
core   0: 0x800007e8 (0xe8838513) addi    a0, t2, -376
core   0: 3 0x800007e8 (0xe8838513) x10 0xfffffe88
core   0: 0x800007ec (0x00001a7d) c.addi  s4, -1
core   0: 3 0x800007ec (0x1a7d) x20 0x0000000e
core   0: 0x800007ee (0xff9941e3) blt     s2, s9, pc - 30
core   0: 3 0x800007ee (0xff9941e3)
core   0: 0x800007f2 (0x00008c11) c.sub   s0, a2
core   0: 3 0x800007f2 (0x8c11) x8  0x00000004
core   0: 0x800007f4 (0x0000481d) c.li    a6, 7
core   0: 3 0x800007f4 (0x481d) x16 0x00000007
core   0: 0x800007f6 (0x00000001) c.nop
core   0: 3 0x800007f6 (0x0001)
core   0: 0x800007f8 (0x76c87093) andi    ra, a6, 1900
core   0: 3 0x800007f8 (0x76c87093) x1  0x00000004
core   0: 0x800007fc (0x00004891) c.li    a7, 4
core   0: 3 0x800007fc (0x4891) x17 0x00000004
core   0: 0x800007fe (0x40330633) sub     a2, t1, gp
core   0: 3 0x800007fe (0x40330633) x12 0xdd223c97
core   0: 0x80000802 (0x00006161) c.addi16sp sp, 80
core   0: 3 0x80000802 (0x6161) x2  0x00000050
core   0: 0x80000804 (0x023d9f33) mulh    t5, s11, gp
core   0: 3 0x80000804 (0x023d9f33) x30 0xffffffff
core   0: 0x80000808 (0x00008342) c.mv    t1, a6
core   0: 3 0x80000808 (0x8342) x6  0x00000007
core   0: 0x8000080a (0x0000913a) c.add   sp, a4
core   0: 3 0x8000080a (0x913a) x2  0x0000007a
core   0: 0x8000080c (0x00001875) c.addi  a6, -3
core   0: 3 0x8000080c (0x1875) x16 0x00000004
core   0: 0x8000080e (0x000046a1) c.li    a3, 8
core   0: 3 0x8000080e (0x46a1) x13 0x00000008
core   0: 0x80000810 (0x3c9f0713) addi    a4, t5, 969
core   0: 3 0x80000810 (0x3c9f0713) x14 0x000003c8
core   0: 0x80000814 (0x000043a5) c.li    t2, 9
core   0: 3 0x80000814 (0x43a5) x7  0x00000009
core   0: 0x80000816 (0x4051d533) sra     a0, gp, t0
core   0: 3 0x80000816 (0x4051d533) x10 0x00008b77
core   0: 0x8000081a (0x003b2db3) slt     s11, s6, gp
core   0: 3 0x8000081a (0x003b2db3) x27 0x00000001
core   0: 0x8000081e (0x00006de5) c.lui   s11, 0x19
core   0: 3 0x8000081e (0x6de5) x27 0x00019000
core   0: 0x80000820 (0x251a0c93) addi    s9, s4, 593
core   0: 3 0x80000820 (0x251a0c93) x25 0x0000025f
core   0: 0x80000824 (0x00000001) c.nop
core   0: 3 0x80000824 (0x0001)
core   0: 0x80000826 (0x00000689) c.addi  a3, 2
core   0: 3 0x80000826 (0x0689) x13 0x0000000a
core   0: 0x80000828 (0x02d0f633) remu    a2, ra, a3
core   0: 3 0x80000828 (0x02d0f633) x12 0x00000004
core   0: 0x8000082c (0xfe76e9e3) bltu    a3, t2, pc - 14
core   0: 3 0x8000082c (0xfe76e9e3)
core   0: 0x80000830 (0x00006bc9) c.lui   s7, 0x12
core   0: 3 0x80000830 (0x6bc9) x23 0x00012000
core   0: 0x80000832 (0xf6d72013) slti    zero, a4, -147
core   0: 3 0x80000832 (0xf6d72013)
core   0: 0x80000836 (0xfd187ae3) bgeu    a6, a7, pc - 44
core   0: 3 0x80000836 (0xfd187ae3)
core   0: 0x8000080a (0x0000913a) c.add   sp, a4
core   0: 3 0x8000080a (0x913a) x2  0x00000442
core   0: 0x8000080c (0x00001875) c.addi  a6, -3
core   0: 3 0x8000080c (0x1875) x16 0x00000001
core   0: 0x8000080e (0x000046a1) c.li    a3, 8
core   0: 3 0x8000080e (0x46a1) x13 0x00000008
core   0: 0x80000810 (0x3c9f0713) addi    a4, t5, 969
core   0: 3 0x80000810 (0x3c9f0713) x14 0x000003c8
core   0: 0x80000814 (0x000043a5) c.li    t2, 9
core   0: 3 0x80000814 (0x43a5) x7  0x00000009
core   0: 0x80000816 (0x4051d533) sra     a0, gp, t0
core   0: 3 0x80000816 (0x4051d533) x10 0x00008b77
core   0: 0x8000081a (0x003b2db3) slt     s11, s6, gp
core   0: 3 0x8000081a (0x003b2db3) x27 0x00000001
core   0: 0x8000081e (0x00006de5) c.lui   s11, 0x19
core   0: 3 0x8000081e (0x6de5) x27 0x00019000
core   0: 0x80000820 (0x251a0c93) addi    s9, s4, 593
core   0: 3 0x80000820 (0x251a0c93) x25 0x0000025f
core   0: 0x80000824 (0x00000001) c.nop
core   0: 3 0x80000824 (0x0001)
core   0: 0x80000826 (0x00000689) c.addi  a3, 2
core   0: 3 0x80000826 (0x0689) x13 0x0000000a
core   0: 0x80000828 (0x02d0f633) remu    a2, ra, a3
core   0: 3 0x80000828 (0x02d0f633) x12 0x00000004
core   0: 0x8000082c (0xfe76e9e3) bltu    a3, t2, pc - 14
core   0: 3 0x8000082c (0xfe76e9e3)
core   0: 0x80000830 (0x00006bc9) c.lui   s7, 0x12
core   0: 3 0x80000830 (0x6bc9) x23 0x00012000
core   0: 0x80000832 (0xf6d72013) slti    zero, a4, -147
core   0: 3 0x80000832 (0xf6d72013)
core   0: 0x80000836 (0xfd187ae3) bgeu    a6, a7, pc - 44
core   0: 3 0x80000836 (0xfd187ae3)
core   0: 0x8000083a (0x00008ff9) c.and   a5, a4
core   0: 3 0x8000083a (0x8ff9) x15 0x00000008
core   0: 0x8000083c (0x00004511) c.li    a0, 4
core   0: 3 0x8000083c (0x4511) x10 0x00000004
core   0: 0x8000083e (0x00000001) c.nop
core   0: 3 0x8000083e (0x0001)
core   0: 0x80000840 (0x0fe30393) addi    t2, t1, 254
core   0: 3 0x80000840 (0x0fe30393) x7  0x00000105
core   0: 0x80000844 (0x01696133) or      sp, s2, s6
core   0: 3 0x80000844 (0x01696133) x2  0x00000012
core   0: 0x80000848 (0x00008ee9) c.and   a3, a0
core   0: 3 0x80000848 (0x8ee9) x13 0x00000000
core   0: 0x8000084a (0x00d01293) slli    t0, zero, 13
core   0: 3 0x8000084a (0x00d01293) x5  0x00000000
core   0: 0x8000084e (0x00cfb833) sltu    a6, t6, a2
core   0: 3 0x8000084e (0x00cfb833) x16 0x00000001
core   0: 0x80000852 (0x03b4cd33) div     s10, s1, s11
core   0: 3 0x80000852 (0x03b4cd33) x26 0x00000000
core   0: 0x80000856 (0x038187b3) mul     a5, gp, s8
core   0: 3 0x80000856 (0x038187b3) x15 0x00000000
core   0: 0x8000085a (0x000088a1) c.andi  s1, 8
core   0: 3 0x8000085a (0x88a1) x9  0x00000000
core   0: 0x8000085c (0x00001571) c.addi  a0, -4
core   0: 3 0x8000085c (0x1571) x10 0x00000000
core   0: 0x8000085e (0x97beb913) sltiu   s2, t4, -1669
core   0: 3 0x8000085e (0x97beb913) x18 0x00000001
core   0: 0x80000862 (0x3f92c093) xori    ra, t0, 1017
core   0: 3 0x80000862 (0x3f92c093) x1  0x000003f9
core   0: 0x80000866 (0x0000fd79) c.bnez  a0, pc - 34
core   0: 3 0x80000866 (0xfd79)
core   0: 0x80000868 (0x00000492) c.slli  s1, 4
core   0: 3 0x80000868 (0x0492) x9  0x00000000
core   0: 0x8000086a (0x00004695) c.li    a3, 5
core   0: 3 0x8000086a (0x4695) x13 0x00000005
core   0: 0x8000086c (0x00004619) c.li    a2, 6
core   0: 3 0x8000086c (0x4619) x12 0x00000006
core   0: 0x8000086e (0x01f1ed33) or      s10, gp, t6
core   0: 3 0x8000086e (0x01f1ed33) x26 0x22ddc369
core   0: 0x80000872 (0x00000001) c.nop
core   0: 3 0x80000872 (0x0001)
core   0: 0x80000874 (0x030f1433) mulh    s0, t5, a6
core   0: 3 0x80000874 (0x030f1433) x8  0xffffffff
core   0: 0x80000878 (0x00000685) c.addi  a3, 1
core   0: 3 0x80000878 (0x0685) x13 0x00000006
core   0: 0x8000087a (0x000054f5) c.li    s1, -3
core   0: 3 0x8000087a (0x54f5) x9  0xfffffffd
core   0: 0x8000087c (0x00006149) c.addi16sp sp, 144
core   0: 3 0x8000087c (0x6149) x2  0x000000a2
core   0: 0x8000087e (0x00000001) c.nop
core   0: 3 0x8000087e (0x0001)
core   0: 0x80000880 (0x030c0133) mul     sp, s8, a6
core   0: 3 0x80000880 (0x030c0133) x2  0x00000000
core   0: 0x80000884 (0x22068193) addi    gp, a3, 544
core   0: 3 0x80000884 (0x22068193) x3  0x00000226
core   0: 0x80000888 (0x00006f35) c.lui   t5, 0xd
core   0: 3 0x80000888 (0x6f35) x30 0x0000d000
core   0: 0x8000088a (0x00000485) c.addi  s1, 1
core   0: 3 0x8000088a (0x0485) x9  0xfffffffe
core   0: 0x8000088c (0x40358bb3) sub     s7, a1, gp
core   0: 3 0x8000088c (0x40358bb3) x23 0xfffffdda
core   0: 0x80000890 (0x0000f8e5) c.bnez  s1, pc - 16
core   0: 3 0x80000890 (0xf8e5)
core   0: 0x80000880 (0x030c0133) mul     sp, s8, a6
core   0: 3 0x80000880 (0x030c0133) x2  0x00000000
core   0: 0x80000884 (0x22068193) addi    gp, a3, 544
core   0: 3 0x80000884 (0x22068193) x3  0x00000226
core   0: 0x80000888 (0x00006f35) c.lui   t5, 0xd
core   0: 3 0x80000888 (0x6f35) x30 0x0000d000
core   0: 0x8000088a (0x00000485) c.addi  s1, 1
core   0: 3 0x8000088a (0x0485) x9  0xffffffff
core   0: 0x8000088c (0x40358bb3) sub     s7, a1, gp
core   0: 3 0x8000088c (0x40358bb3) x23 0xfffffdda
core   0: 0x80000890 (0x0000f8e5) c.bnez  s1, pc - 16
core   0: 3 0x80000890 (0xf8e5)
core   0: 0x80000880 (0x030c0133) mul     sp, s8, a6
core   0: 3 0x80000880 (0x030c0133) x2  0x00000000
core   0: 0x80000884 (0x22068193) addi    gp, a3, 544
core   0: 3 0x80000884 (0x22068193) x3  0x00000226
core   0: 0x80000888 (0x00006f35) c.lui   t5, 0xd
core   0: 3 0x80000888 (0x6f35) x30 0x0000d000
core   0: 0x8000088a (0x00000485) c.addi  s1, 1
core   0: 3 0x8000088a (0x0485) x9  0x00000000
core   0: 0x8000088c (0x40358bb3) sub     s7, a1, gp
core   0: 3 0x8000088c (0x40358bb3) x23 0xfffffdda
core   0: 0x80000890 (0x0000f8e5) c.bnez  s1, pc - 16
core   0: 3 0x80000890 (0xf8e5)
core   0: 0x80000892 (0x01c09cb3) sll     s9, ra, t3
core   0: 3 0x80000892 (0x01c09cb3) x25 0x00003f90
core   0: 0x80000896 (0xfcc6cee3) blt     a3, a2, pc - 36
core   0: 3 0x80000896 (0xfcc6cee3)
core   0: 0x8000089a (0x01e21993) slli    s3, tp, 30
core   0: 3 0x8000089a (0x01e21993) x19 0x00000000
core   0: 0x8000089e (0x00004525) c.li    a0, 9
core   0: 3 0x8000089e (0x4525) x10 0x00000009
core   0: 0x800008a0 (0x0205c2b3) div     t0, a1, zero
core   0: 3 0x800008a0 (0x0205c2b3) x5  0xffffffff
core   0: 0x800008a4 (0x000051fd) c.li    gp, -1
core   0: 3 0x800008a4 (0x51fd) x3  0xffffffff
core   0: 0x800008a6 (0x00004c89) c.li    s9, 2
core   0: 3 0x800008a6 (0x4c89) x25 0x00000002
core   0: 0x800008a8 (0x00000842) c.slli  a6, 16
core   0: 3 0x800008a8 (0x0842) x16 0x00010000
core   0: 0x800008aa (0x00000001) c.nop
core   0: 3 0x800008aa (0x0001)
core   0: 0x800008ac (0x01fc89b3) add     s3, s9, t6
core   0: 3 0x800008ac (0x01fc89b3) x19 0x00000002
core   0: 0x800008b0 (0x007f94b3) sll     s1, t6, t2
core   0: 3 0x800008b0 (0x007f94b3) x9  0x00000000
core   0: 0x800008b4 (0x00001575) c.addi  a0, -3
core   0: 3 0x800008b4 (0x1575) x10 0x00000006
core   0: 0x800008b6 (0x00008e69) c.and   a2, a0
core   0: 3 0x800008b6 (0x8e69) x12 0x00000006
core   0: 0x800008b8 (0x00e5e633) or      a2, a1, a4
core   0: 3 0x800008b8 (0x00e5e633) x12 0x000003c8
core   0: 0x800008bc (0xff9557e3) bge     a0, s9, pc - 18
core   0: 3 0x800008bc (0xff9557e3)
core   0: 0x800008aa (0x00000001) c.nop
core   0: 3 0x800008aa (0x0001)
core   0: 0x800008ac (0x01fc89b3) add     s3, s9, t6
core   0: 3 0x800008ac (0x01fc89b3) x19 0x00000002
core   0: 0x800008b0 (0x007f94b3) sll     s1, t6, t2
core   0: 3 0x800008b0 (0x007f94b3) x9  0x00000000
core   0: 0x800008b4 (0x00001575) c.addi  a0, -3
core   0: 3 0x800008b4 (0x1575) x10 0x00000003
core   0: 0x800008b6 (0x00008e69) c.and   a2, a0
core   0: 3 0x800008b6 (0x8e69) x12 0x00000000
core   0: 0x800008b8 (0x00e5e633) or      a2, a1, a4
core   0: 3 0x800008b8 (0x00e5e633) x12 0x000003c8
core   0: 0x800008bc (0xff9557e3) bge     a0, s9, pc - 18
core   0: 3 0x800008bc (0xff9557e3)
core   0: 0x800008aa (0x00000001) c.nop
core   0: 3 0x800008aa (0x0001)
core   0: 0x800008ac (0x01fc89b3) add     s3, s9, t6
core   0: 3 0x800008ac (0x01fc89b3) x19 0x00000002
core   0: 0x800008b0 (0x007f94b3) sll     s1, t6, t2
core   0: 3 0x800008b0 (0x007f94b3) x9  0x00000000
core   0: 0x800008b4 (0x00001575) c.addi  a0, -3
core   0: 3 0x800008b4 (0x1575) x10 0x00000000
core   0: 0x800008b6 (0x00008e69) c.and   a2, a0
core   0: 3 0x800008b6 (0x8e69) x12 0x00000000
core   0: 0x800008b8 (0x00e5e633) or      a2, a1, a4
core   0: 3 0x800008b8 (0x00e5e633) x12 0x000003c8
core   0: 0x800008bc (0xff9557e3) bge     a0, s9, pc - 18
core   0: 3 0x800008bc (0xff9557e3)
core   0: 0x800008c0 (0x0312f333) remu    t1, t0, a7
core   0: 3 0x800008c0 (0x0312f333) x6  0x00000003
core   0: 0x800008c4 (0x000045a9) c.li    a1, 10
core   0: 3 0x800008c4 (0x45a9) x11 0x0000000a
core   0: 0x800008c6 (0x0000489d) c.li    a7, 7
core   0: 3 0x800008c6 (0x489d) x17 0x00000007
core   0: 0x800008c8 (0x00008fd5) c.or    a5, a3
core   0: 3 0x800008c8 (0x8fd5) x15 0x00000006
core   0: 0x800008ca (0x029be133) rem     sp, s7, s1
core   0: 3 0x800008ca (0x029be133) x2  0xfffffdda
core   0: 0x800008ce (0x02d58cb3) mul     s9, a1, a3
core   0: 3 0x800008ce (0x02d58cb3) x25 0x0000003c
core   0: 0x800008d2 (0x000015fd) c.addi  a1, -1
core   0: 3 0x800008d2 (0x15fd) x11 0x00000009
core   0: 0x800008d4 (0x00000fa5) c.addi  t6, 9
core   0: 3 0x800008d4 (0x0fa5) x31 0x00000009
core   0: 0x800008d6 (0x02a21633) mulh    a2, tp, a0
core   0: 3 0x800008d6 (0x02a21633) x12 0x00000000
core   0: 0x800008da (0x01241113) slli    sp, s0, 18
core   0: 3 0x800008da (0x01241113) x2  0xfffc0000
core   0: 0x800008de (0x01865a93) srli    s5, a2, 24
core   0: 3 0x800008de (0x01865a93) x21 0x00000000
core   0: 0x800008e2 (0xff1594e3) bne     a1, a7, pc - 24
core   0: 3 0x800008e2 (0xff1594e3)
core   0: 0x800008ca (0x029be133) rem     sp, s7, s1
core   0: 3 0x800008ca (0x029be133) x2  0xfffffdda
core   0: 0x800008ce (0x02d58cb3) mul     s9, a1, a3
core   0: 3 0x800008ce (0x02d58cb3) x25 0x00000036
core   0: 0x800008d2 (0x000015fd) c.addi  a1, -1
core   0: 3 0x800008d2 (0x15fd) x11 0x00000008
core   0: 0x800008d4 (0x00000fa5) c.addi  t6, 9
core   0: 3 0x800008d4 (0x0fa5) x31 0x00000012
core   0: 0x800008d6 (0x02a21633) mulh    a2, tp, a0
core   0: 3 0x800008d6 (0x02a21633) x12 0x00000000
core   0: 0x800008da (0x01241113) slli    sp, s0, 18
core   0: 3 0x800008da (0x01241113) x2  0xfffc0000
core   0: 0x800008de (0x01865a93) srli    s5, a2, 24
core   0: 3 0x800008de (0x01865a93) x21 0x00000000
core   0: 0x800008e2 (0xff1594e3) bne     a1, a7, pc - 24
core   0: 3 0x800008e2 (0xff1594e3)
core   0: 0x800008ca (0x029be133) rem     sp, s7, s1
core   0: 3 0x800008ca (0x029be133) x2  0xfffffdda
core   0: 0x800008ce (0x02d58cb3) mul     s9, a1, a3
core   0: 3 0x800008ce (0x02d58cb3) x25 0x00000030
core   0: 0x800008d2 (0x000015fd) c.addi  a1, -1
core   0: 3 0x800008d2 (0x15fd) x11 0x00000007
core   0: 0x800008d4 (0x00000fa5) c.addi  t6, 9
core   0: 3 0x800008d4 (0x0fa5) x31 0x0000001b
core   0: 0x800008d6 (0x02a21633) mulh    a2, tp, a0
core   0: 3 0x800008d6 (0x02a21633) x12 0x00000000
core   0: 0x800008da (0x01241113) slli    sp, s0, 18
core   0: 3 0x800008da (0x01241113) x2  0xfffc0000
core   0: 0x800008de (0x01865a93) srli    s5, a2, 24
core   0: 3 0x800008de (0x01865a93) x21 0x00000000
core   0: 0x800008e2 (0xff1594e3) bne     a1, a7, pc - 24
core   0: 3 0x800008e2 (0xff1594e3)
core   0: 0x800008e6 (0x39972937) lui     s2, 0x39972
core   0: 3 0x800008e6 (0x39972937) x18 0x39972000
core   0: 0x800008ea (0x000054f5) c.li    s1, -3
core   0: 3 0x800008ea (0x54f5) x9  0xfffffffd
core   0: 0x800008ec (0x00001afd) c.addi  s5, -1
core   0: 3 0x800008ec (0x1afd) x21 0xffffffff
core   0: 0x800008ee (0x00000001) c.nop
core   0: 3 0x800008ee (0x0001)
core   0: 0x800008f0 (0x03def633) remu    a2, t4, t4
core   0: 3 0x800008f0 (0x03def633) x12 0x00000000
core   0: 0x800008f4 (0x0306e5b3) rem     a1, a3, a6
core   0: 3 0x800008f4 (0x0306e5b3) x11 0x00000006
core   0: 0x800008f8 (0x00e2fab3) and     s5, t0, a4
core   0: 3 0x800008f8 (0x00e2fab3) x21 0x000003c8
core   0: 0x800008fc (0x0086f3b3) and     t2, a3, s0
core   0: 3 0x800008fc (0x0086f3b3) x7  0x00000006
core   0: 0x80000900 (0x0000048d) c.addi  s1, 3
core   0: 3 0x80000900 (0x048d) x9  0x00000000
core   0: 0x80000902 (0x41e8dbb3) sra     s7, a7, t5
core   0: 3 0x80000902 (0x41e8dbb3) x23 0x00000007
core   0: 0x80000906 (0x84124893) xori    a7, tp, -1983
core   0: 3 0x80000906 (0x84124893) x17 0x7ffd6565
core   0: 0x8000090a (0x000089a5) c.andi  a1, 9
core   0: 3 0x8000090a (0x89a5) x11 0x00000000
core   0: 0x8000090c (0x01d33cb3) sltu    s9, t1, t4
core   0: 3 0x8000090c (0x01d33cb3) x25 0x00000001
core   0: 0x80000910 (0x00000175) c.addi  sp, 29
core   0: 3 0x80000910 (0x0175) x2  0xfffc001d
core   0: 0x80000912 (0xc6467b93) andi    s7, a2, -924
core   0: 3 0x80000912 (0xc6467b93) x23 0x00000000
core   0: 0x80000916 (0x000040a9) c.li    ra, 10
core   0: 3 0x80000916 (0x40a9) x1  0x0000000a
core   0: 0x80000918 (0x00004529) c.li    a0, 10
core   0: 3 0x80000918 (0x4529) x10 0x0000000a
core   0: 0x8000091a (0x029a8b33) mul     s6, s5, s1
core   0: 3 0x8000091a (0x029a8b33) x22 0x00000000
core   0: 0x8000091e (0x00f1bcb3) sltu    s9, gp, a5
core   0: 3 0x8000091e (0x00f1bcb3) x25 0x00000000
core   0: 0x80000922 (0x02fee333) rem     t1, t4, a5
core   0: 3 0x80000922 (0x02fee333) x6  0x00000000
core   0: 0x80000926 (0x001fc9b3) xor     s3, t6, ra
core   0: 3 0x80000926 (0x001fc9b3) x19 0x00000011
core   0: 0x8000092a (0x00009d46) c.add   s10, a7
core   0: 3 0x8000092a (0x9d46) x26 0xa2db28ce
core   0: 0x8000092c (0x000010dd) c.addi  ra, -9
core   0: 3 0x8000092c (0x10dd) x1  0x00000001
core   0: 0x8000092e (0x0a7ee913) ori     s2, t4, 167
core   0: 3 0x8000092e (0x0a7ee913) x18 0x307a4bf7
core   0: 0x80000932 (0xfea0f6e3) bgeu    ra, a0, pc - 20
core   0: 3 0x80000932 (0xfea0f6e3)
core   0: 0x80000936 (0x00000001) c.nop
core   0: 3 0x80000936 (0x0001)
core   0: 0x80000938 (0x0334b133) mulhu   sp, s1, s3
core   0: 3 0x80000938 (0x0334b133) x2  0x00000000
core   0: 0x8000093c (0x0000dcc5) c.beqz  s1, pc - 72
core   0: 3 0x8000093c (0xdcc5)
core   0: 0x800008f4 (0x0306e5b3) rem     a1, a3, a6
core   0: 3 0x800008f4 (0x0306e5b3) x11 0x00000006
core   0: 0x800008f8 (0x00e2fab3) and     s5, t0, a4
core   0: 3 0x800008f8 (0x00e2fab3) x21 0x000003c8
core   0: 0x800008fc (0x0086f3b3) and     t2, a3, s0
core   0: 3 0x800008fc (0x0086f3b3) x7  0x00000006
core   0: 0x80000900 (0x0000048d) c.addi  s1, 3
core   0: 3 0x80000900 (0x048d) x9  0x00000003
core   0: 0x80000902 (0x41e8dbb3) sra     s7, a7, t5
core   0: 3 0x80000902 (0x41e8dbb3) x23 0x7ffd6565
core   0: 0x80000906 (0x84124893) xori    a7, tp, -1983
core   0: 3 0x80000906 (0x84124893) x17 0x7ffd6565
core   0: 0x8000090a (0x000089a5) c.andi  a1, 9
core   0: 3 0x8000090a (0x89a5) x11 0x00000000
core   0: 0x8000090c (0x01d33cb3) sltu    s9, t1, t4
core   0: 3 0x8000090c (0x01d33cb3) x25 0x00000001
core   0: 0x80000910 (0x00000175) c.addi  sp, 29
core   0: 3 0x80000910 (0x0175) x2  0x0000001d
core   0: 0x80000912 (0xc6467b93) andi    s7, a2, -924
core   0: 3 0x80000912 (0xc6467b93) x23 0x00000000
core   0: 0x80000916 (0x000040a9) c.li    ra, 10
core   0: 3 0x80000916 (0x40a9) x1  0x0000000a
core   0: 0x80000918 (0x00004529) c.li    a0, 10
core   0: 3 0x80000918 (0x4529) x10 0x0000000a
core   0: 0x8000091a (0x029a8b33) mul     s6, s5, s1
core   0: 3 0x8000091a (0x029a8b33) x22 0x00000b58
core   0: 0x8000091e (0x00f1bcb3) sltu    s9, gp, a5
core   0: 3 0x8000091e (0x00f1bcb3) x25 0x00000000
core   0: 0x80000922 (0x02fee333) rem     t1, t4, a5
core   0: 3 0x80000922 (0x02fee333) x6  0x00000000
core   0: 0x80000926 (0x001fc9b3) xor     s3, t6, ra
core   0: 3 0x80000926 (0x001fc9b3) x19 0x00000011
core   0: 0x8000092a (0x00009d46) c.add   s10, a7
core   0: 3 0x8000092a (0x9d46) x26 0x22d88e33
core   0: 0x8000092c (0x000010dd) c.addi  ra, -9
core   0: 3 0x8000092c (0x10dd) x1  0x00000001
core   0: 0x8000092e (0x0a7ee913) ori     s2, t4, 167
core   0: 3 0x8000092e (0x0a7ee913) x18 0x307a4bf7
core   0: 0x80000932 (0xfea0f6e3) bgeu    ra, a0, pc - 20
core   0: 3 0x80000932 (0xfea0f6e3)
core   0: 0x80000936 (0x00000001) c.nop
core   0: 3 0x80000936 (0x0001)
core   0: 0x80000938 (0x0334b133) mulhu   sp, s1, s3
core   0: 3 0x80000938 (0x0334b133) x2  0x00000000
core   0: 0x8000093c (0x0000dcc5) c.beqz  s1, pc - 72
core   0: 3 0x8000093c (0xdcc5)
core   0: 0x8000093e (0x00008c6d) c.and   s0, a1
core   0: 3 0x8000093e (0x8c6d) x8  0x00000000
core   0: 0x80000940 (0x000057dd) c.li    a5, -9
core   0: 3 0x80000940 (0x57dd) x15 0xfffffff7
core   0: 0x80000942 (0x67a05337) lui     t1, 0x67a05
core   0: 3 0x80000942 (0x67a05337) x6  0x67a05000
core   0: 0x80000946 (0x85dd2197) auipc   gp, 0x85dd2
core   0: 3 0x80000946 (0x85dd2197) x3  0x05dd2946
core   0: 0x8000094a (0x00008261) c.srli  a2, 24
core   0: 3 0x8000094a (0x8261) x12 0x00000000
core   0: 0x8000094c (0x8b1a6db7) lui     s11, 0x8b1a6
core   0: 3 0x8000094c (0x8b1a6db7) x27 0x8b1a6000
core   0: 0x80000950 (0x000091ba) c.add   gp, a4
core   0: 3 0x80000950 (0x91ba) x3  0x05dd2d0e
core   0: 0x80000952 (0x00005775) c.li    a4, -3
core   0: 3 0x80000952 (0x5775) x14 0xfffffffd
core   0: 0x80000954 (0x02d421b3) mulhsu  gp, s0, a3
core   0: 3 0x80000954 (0x02d421b3) x3  0x00000000
core   0: 0x80000958 (0x02c4d4b3) divu    s1, s1, a2
core   0: 3 0x80000958 (0x02c4d4b3) x9  0xffffffff
core   0: 0x8000095c (0x516bb097) auipc   ra, 0x516bb
core   0: 3 0x8000095c (0x516bb097) x1  0xd16bb95c
core   0: 0x80000960 (0x000007a9) c.addi  a5, 10
core   0: 3 0x80000960 (0x07a9) x15 0x00000001
core   0: 0x80000962 (0x00004815) c.li    a6, 5
core   0: 3 0x80000962 (0x4815) x16 0x00000005
core   0: 0x80000964 (0x013cb5b3) sltu    a1, s9, s3
core   0: 3 0x80000964 (0x013cb5b3) x11 0x00000001
core   0: 0x80000968 (0x0074ab33) slt     s6, s1, t2
core   0: 3 0x80000968 (0x0074ab33) x22 0x00000001
core   0: 0x8000096c (0x00005a5d) c.li    s4, -9
core   0: 3 0x8000096c (0x5a5d) x20 0xfffffff7
core   0: 0x8000096e (0x5acc8c13) addi    s8, s9, 1452
core   0: 3 0x8000096e (0x5acc8c13) x24 0x000005ac
core   0: 0x80000972 (0x00008ed1) c.or    a3, a2
core   0: 3 0x80000972 (0x8ed1) x13 0x00000006
core   0: 0x80000974 (0x02b805b3) mul     a1, a6, a1
core   0: 3 0x80000974 (0x02b805b3) x11 0x00000005
core   0: 0x80000978 (0x0000717d) c.addi16sp sp, -16
core   0: 3 0x80000978 (0x717d) x2  0xfffffff0
core   0: 0x8000097a (0x00001865) c.addi  a6, -7
core   0: 3 0x8000097a (0x1865) x16 0xfffffffe
core   0: 0x8000097c (0x013b8cb3) add     s9, s7, s3
core   0: 3 0x8000097c (0x013b8cb3) x25 0x00000011
core   0: 0x80000980 (0x024cc3b3) div     t2, s9, tp
core   0: 3 0x80000980 (0x024cc3b3) x7  0x00000000
core   0: 0x80000984 (0x41c60db3) sub     s11, a2, t3
core   0: 3 0x80000984 (0x41c60db3) x27 0x7ffda15c
core   0: 0x80000988 (0xff4856e3) bge     a6, s4, pc - 20
core   0: 3 0x80000988 (0xff4856e3)
core   0: 0x80000974 (0x02b805b3) mul     a1, a6, a1
core   0: 3 0x80000974 (0x02b805b3) x11 0xfffffff6
core   0: 0x80000978 (0x0000717d) c.addi16sp sp, -16
core   0: 3 0x80000978 (0x717d) x2  0xffffffe0
core   0: 0x8000097a (0x00001865) c.addi  a6, -7
core   0: 3 0x8000097a (0x1865) x16 0xfffffff7
core   0: 0x8000097c (0x013b8cb3) add     s9, s7, s3
core   0: 3 0x8000097c (0x013b8cb3) x25 0x00000011
core   0: 0x80000980 (0x024cc3b3) div     t2, s9, tp
core   0: 3 0x80000980 (0x024cc3b3) x7  0x00000000
core   0: 0x80000984 (0x41c60db3) sub     s11, a2, t3
core   0: 3 0x80000984 (0x41c60db3) x27 0x7ffda15c
core   0: 0x80000988 (0xff4856e3) bge     a6, s4, pc - 20
core   0: 3 0x80000988 (0xff4856e3)
core   0: 0x80000974 (0x02b805b3) mul     a1, a6, a1
core   0: 3 0x80000974 (0x02b805b3) x11 0x0000005a
core   0: 0x80000978 (0x0000717d) c.addi16sp sp, -16
core   0: 3 0x80000978 (0x717d) x2  0xffffffd0
core   0: 0x8000097a (0x00001865) c.addi  a6, -7
core   0: 3 0x8000097a (0x1865) x16 0xfffffff0
core   0: 0x8000097c (0x013b8cb3) add     s9, s7, s3
core   0: 3 0x8000097c (0x013b8cb3) x25 0x00000011
core   0: 0x80000980 (0x024cc3b3) div     t2, s9, tp
core   0: 3 0x80000980 (0x024cc3b3) x7  0x00000000
core   0: 0x80000984 (0x41c60db3) sub     s11, a2, t3
core   0: 3 0x80000984 (0x41c60db3) x27 0x7ffda15c
core   0: 0x80000988 (0xff4856e3) bge     a6, s4, pc - 20
core   0: 3 0x80000988 (0xff4856e3)
core   0: 0x8000098c (0x00006169) c.addi16sp sp, 208
core   0: 3 0x8000098c (0x6169) x2  0x000000a0
core   0: 0x8000098e (0x01afa2b3) slt     t0, t6, s10
core   0: 3 0x8000098e (0x01afa2b3) x5  0x00000001
core   0: 0x80000992 (0x2843d4b7) lui     s1, 0x2843d
core   0: 3 0x80000992 (0x2843d4b7) x9  0x2843d000
core   0: 0x80000996 (0x30990cb7) lui     s9, 0x30990
core   0: 3 0x80000996 (0x30990cb7) x25 0x30990000
core   0: 0x8000099a (0x0000987d) c.andi  s0, -1
core   0: 3 0x8000099a (0x987d) x8  0x00000000
core   0: 0x8000099c (0xfae7cee3) blt     a5, a4, pc - 68
core   0: 3 0x8000099c (0xfae7cee3)
core   0: 0x800009a0 (0x00000001) c.nop
core   0: 3 0x800009a0 (0x0001)
core   0: 0x800009a2 (0x00004a29) c.li    s4, 10
core   0: 3 0x800009a2 (0x4a29) x20 0x0000000a
core   0: 0x800009a4 (0x00008ec1) c.or    a3, s0
core   0: 3 0x800009a4 (0x8ec1) x13 0x00000006
core   0: 0x800009a6 (0x00008cf9) c.and   s1, a4
core   0: 3 0x800009a6 (0x8cf9) x9  0x2843d000
core   0: 0x800009a8 (0x00000001) c.nop
core   0: 3 0x800009a8 (0x0001)
core   0: 0x800009aa (0xc3fe3113) sltiu   sp, t3, -961
core   0: 3 0x800009aa (0xc3fe3113) x2  0x00000001
core   0: 0x800009ae (0x00004abd) c.li    s5, 15
core   0: 3 0x800009ae (0x4abd) x21 0x0000000f
core   0: 0x800009b0 (0x00004d29) c.li    s10, 10
core   0: 3 0x800009b0 (0x4d29) x26 0x0000000a
core   0: 0x800009b2 (0x00008c11) c.sub   s0, a2
core   0: 3 0x800009b2 (0x8c11) x8  0x00000000
core   0: 0x800009b4 (0x00008d31) c.xor   a0, a2
core   0: 3 0x800009b4 (0x8d31) x10 0x0000000a
core   0: 0x800009b6 (0x00009a7d) c.andi  a2, -1
core   0: 3 0x800009b6 (0x9a7d) x12 0x00000000
core   0: 0x800009b8 (0x03879833) mulh    a6, a5, s8
core   0: 3 0x800009b8 (0x03879833) x16 0x00000000
core   0: 0x800009bc (0x00001a7d) c.addi  s4, -1
core   0: 3 0x800009bc (0x1a7d) x20 0x00000009
core   0: 0x800009be (0x0311a7b3) mulhsu  a5, gp, a7
core   0: 3 0x800009be (0x0311a7b3) x15 0x00000000
core   0: 0x800009c2 (0x000088fa) c.mv    a7, t5
core   0: 3 0x800009c2 (0x88fa) x17 0x0000d000
core   0: 0x800009c4 (0x7f157613) andi    a2, a0, 2033
core   0: 3 0x800009c4 (0x7f157613) x12 0x00000000
core   0: 0x800009c8 (0x00008f4d) c.or    a4, a1
core   0: 3 0x800009c8 (0x8f4d) x14 0xffffffff
core   0: 0x800009ca (0x01039713) slli    a4, t2, 16
core   0: 3 0x800009ca (0x01039713) x14 0x00000000
core   0: 0x800009ce (0x00008d31) c.xor   a0, a2
core   0: 3 0x800009ce (0x8d31) x10 0x0000000a
core   0: 0x800009d0 (0x033e2433) mulhsu  s0, t3, s3
core   0: 3 0x800009d0 (0x033e2433) x8  0xfffffff7
core   0: 0x800009d4 (0xffaa71e3) bgeu    s4, s10, pc - 30
core   0: 3 0x800009d4 (0xffaa71e3)
core   0: 0x800009d8 (0x412c8433) sub     s0, s9, s2
core   0: 3 0x800009d8 (0x412c8433) x8  0x001eb409
core   0: 0x800009dc (0x00004d91) c.li    s11, 4
core   0: 3 0x800009dc (0x4d91) x27 0x00000004
core   0: 0x800009de (0x0000187d) c.addi  a6, -1
core   0: 3 0x800009de (0x187d) x16 0xffffffff
core   0: 0x800009e0 (0x00004c31) c.li    s8, 12
core   0: 3 0x800009e0 (0x4c31) x24 0x0000000c
core   0: 0x800009e2 (0x01b131b3) sltu    gp, sp, s11
core   0: 3 0x800009e2 (0x01b131b3) x3  0x00000001
core   0: 0x800009e6 (0x01eeaa33) slt     s4, t4, t5
core   0: 3 0x800009e6 (0x01eeaa33) x20 0x00000000
core   0: 0x800009ea (0x02283533) mulhu   a0, a6, sp
core   0: 3 0x800009ea (0x02283533) x10 0x00000000
core   0: 0x800009ee (0x00000da1) c.addi  s11, 8
core   0: 3 0x800009ee (0x0da1) x27 0x0000000c
core   0: 0x800009f0 (0x0000717d) c.addi16sp sp, -16
core   0: 3 0x800009f0 (0x717d) x2  0xfffffff1
core   0: 0x800009f2 (0x00004611) c.li    a2, 4
core   0: 3 0x800009f2 (0x4611) x12 0x00000004
core   0: 0x800009f4 (0x000052fd) c.li    t0, -1
core   0: 3 0x800009f4 (0x52fd) x5  0xffffffff
core   0: 0x800009f6 (0x00004591) c.li    a1, 4
core   0: 3 0x800009f6 (0x4591) x11 0x00000004
core   0: 0x800009f8 (0x00008c21) c.xor   s0, s0
core   0: 3 0x800009f8 (0x8c21) x8  0x00000000
core   0: 0x800009fa (0x0000167d) c.addi  a2, -1
core   0: 3 0x800009fa (0x167d) x12 0x00000003
core   0: 0x800009fc (0x00000fd1) c.addi  t6, 20
core   0: 3 0x800009fc (0x0fd1) x31 0x0000002f
core   0: 0x800009fe (0xfeb67de3) bgeu    a2, a1, pc - 6
core   0: 3 0x800009fe (0xfeb67de3)
core   0: 0x80000a02 (0xff8dc4e3) blt     s11, s8, pc - 24
core   0: 3 0x80000a02 (0xff8dc4e3)
core   0: 0x80000a06 (0x013a3833) sltu    a6, s4, s3
core   0: 3 0x80000a06 (0x013a3833) x16 0x00000001
core   0: 0x80000a0a (0x000045a9) c.li    a1, 10
core   0: 3 0x80000a0a (0x45a9) x11 0x0000000a
core   0: 0x80000a0c (0x00004729) c.li    a4, 10
core   0: 3 0x80000a0c (0x4729) x14 0x0000000a
core   0: 0x80000a0e (0x95713193) sltiu   gp, sp, -1705
core   0: 3 0x80000a0e (0x95713193) x3  0x00000000
core   0: 0x80000a12 (0x000015dd) c.addi  a1, -9
core   0: 3 0x80000a12 (0x15dd) x11 0x00000001
core   0: 0x80000a14 (0x000056e5) c.li    a3, -7
core   0: 3 0x80000a14 (0x56e5) x13 0xfffffff9
core   0: 0x80000a16 (0x00004d8d) c.li    s11, 3
core   0: 3 0x80000a16 (0x4d8d) x27 0x00000003
core   0: 0x80000a18 (0x0000151c) c.addi4spn a5, sp, 672
core   0: 3 0x80000a18 (0x151c) x15 0x00000291
core   0: 0x80000a1a (0x000006a5) c.addi  a3, 9
core   0: 3 0x80000a1a (0x06a5) x13 0x00000002
core   0: 0x80000a1c (0xffb6eee3) bltu    a3, s11, pc - 4
core   0: 3 0x80000a1c (0xffb6eee3)
core   0: 0x80000a18 (0x0000151c) c.addi4spn a5, sp, 672
core   0: 3 0x80000a18 (0x151c) x15 0x00000291
core   0: 0x80000a1a (0x000006a5) c.addi  a3, 9
core   0: 3 0x80000a1a (0x06a5) x13 0x0000000b
core   0: 0x80000a1c (0xffb6eee3) bltu    a3, s11, pc - 4
core   0: 3 0x80000a1c (0xffb6eee3)
core   0: 0x80000a20 (0xfee5f7e3) bgeu    a1, a4, pc - 18
core   0: 3 0x80000a20 (0xfee5f7e3)
core   0: 0x80000a24 (0x01bf5b33) srl     s6, t5, s11
core   0: 3 0x80000a24 (0x01bf5b33) x22 0x00001a00
core   0: 0x80000a28 (0x00005359) c.li    t1, -10
core   0: 3 0x80000a28 (0x5359) x6  0xfffffff6
core   0: 0x80000a2a (0x00000001) c.nop
core   0: 3 0x80000a2a (0x0001)
core   0: 0x80000a2c (0x00004989) c.li    s3, 2
core   0: 3 0x80000a2c (0x4989) x19 0x00000002
core   0: 0x80000a2e (0x417c5533) sra     a0, s8, s7
core   0: 3 0x80000a2e (0x417c5533) x10 0x0000000c
core   0: 0x80000a32 (0x00f12cb3) slt     s9, sp, a5
core   0: 3 0x80000a32 (0x00f12cb3) x25 0x00000001
core   0: 0x80000a36 (0x00008dc5) c.or    a1, s1
core   0: 3 0x80000a36 (0x8dc5) x11 0x2843d001
core   0: 0x80000a38 (0x52010d93) addi    s11, sp, 1312
core   0: 3 0x80000a38 (0x52010d93) x27 0x00000511
core   0: 0x80000a3c (0x00000319) c.addi  t1, 6
core   0: 3 0x80000a3c (0x0319) x6  0xfffffffc
core   0: 0x80000a3e (0x0000440d) c.li    s0, 3
core   0: 3 0x80000a3e (0x440d) x8  0x00000003
core   0: 0x80000a40 (0x410285b3) sub     a1, t0, a6
core   0: 3 0x80000a40 (0x410285b3) x11 0xfffffffe
core   0: 0x80000a44 (0x00004285) c.li    t0, 1
core   0: 3 0x80000a44 (0x4285) x5  0x00000001
core   0: 0x80000a46 (0x000065c1) c.lui   a1, 0x10
core   0: 3 0x80000a46 (0x65c1) x11 0x00010000
core   0: 0x80000a48 (0x000045d1) c.li    a1, 20
core   0: 3 0x80000a48 (0x45d1) x11 0x00000014
core   0: 0x80000a4a (0xb2dde893) ori     a7, s11, -1235
core   0: 3 0x80000a4a (0xb2dde893) x17 0xffffff3d
core   0: 0x80000a4e (0x00008c95) c.sub   s1, a3
core   0: 3 0x80000a4e (0x8c95) x9  0x2843cff5
core   0: 0x80000a50 (0x00004385) c.li    t2, 1
core   0: 3 0x80000a50 (0x4385) x7  0x00000001
core   0: 0x80000a52 (0x00001469) c.addi  s0, -6
core   0: 3 0x80000a52 (0x1469) x8  0xfffffffd
core   0: 0x80000a54 (0xfe545be3) bge     s0, t0, pc - 10
core   0: 3 0x80000a54 (0xfe545be3)
core   0: 0x80000a58 (0x0000675d) c.lui   a4, 0x17
core   0: 3 0x80000a58 (0x675d) x14 0x00017000
core   0: 0x80000a5a (0x40aa5133) sra     sp, s4, a0
core   0: 3 0x80000a5a (0x40aa5133) x2  0x00000000
core   0: 0x80000a5e (0x03b21033) mulh    zero, tp, s11
core   0: 3 0x80000a5e (0x03b21033)
core   0: 0x80000a62 (0xfd334ae3) blt     t1, s3, pc - 44
core   0: 3 0x80000a62 (0xfd334ae3)
core   0: 0x80000a36 (0x00008dc5) c.or    a1, s1
core   0: 3 0x80000a36 (0x8dc5) x11 0x2843cff5
core   0: 0x80000a38 (0x52010d93) addi    s11, sp, 1312
core   0: 3 0x80000a38 (0x52010d93) x27 0x00000520
core   0: 0x80000a3c (0x00000319) c.addi  t1, 6
core   0: 3 0x80000a3c (0x0319) x6  0x00000002
core   0: 0x80000a3e (0x0000440d) c.li    s0, 3
core   0: 3 0x80000a3e (0x440d) x8  0x00000003
core   0: 0x80000a40 (0x410285b3) sub     a1, t0, a6
core   0: 3 0x80000a40 (0x410285b3) x11 0x00000000
core   0: 0x80000a44 (0x00004285) c.li    t0, 1
core   0: 3 0x80000a44 (0x4285) x5  0x00000001
core   0: 0x80000a46 (0x000065c1) c.lui   a1, 0x10
core   0: 3 0x80000a46 (0x65c1) x11 0x00010000
core   0: 0x80000a48 (0x000045d1) c.li    a1, 20
core   0: 3 0x80000a48 (0x45d1) x11 0x00000014
core   0: 0x80000a4a (0xb2dde893) ori     a7, s11, -1235
core   0: 3 0x80000a4a (0xb2dde893) x17 0xffffff2d
core   0: 0x80000a4e (0x00008c95) c.sub   s1, a3
core   0: 3 0x80000a4e (0x8c95) x9  0x2843cfea
core   0: 0x80000a50 (0x00004385) c.li    t2, 1
core   0: 3 0x80000a50 (0x4385) x7  0x00000001
core   0: 0x80000a52 (0x00001469) c.addi  s0, -6
core   0: 3 0x80000a52 (0x1469) x8  0xfffffffd
core   0: 0x80000a54 (0xfe545be3) bge     s0, t0, pc - 10
core   0: 3 0x80000a54 (0xfe545be3)
core   0: 0x80000a58 (0x0000675d) c.lui   a4, 0x17
core   0: 3 0x80000a58 (0x675d) x14 0x00017000
core   0: 0x80000a5a (0x40aa5133) sra     sp, s4, a0
core   0: 3 0x80000a5a (0x40aa5133) x2  0x00000000
core   0: 0x80000a5e (0x03b21033) mulh    zero, tp, s11
core   0: 3 0x80000a5e (0x03b21033)
core   0: 0x80000a62 (0xfd334ae3) blt     t1, s3, pc - 44
core   0: 3 0x80000a62 (0xfd334ae3)
core   0: 0x80000a66 (0x004df3b3) and     t2, s11, tp
core   0: 3 0x80000a66 (0x004df3b3) x7  0x00000520
core   0: 0x80000a6a (0x000050e5) c.li    ra, -7
core   0: 3 0x80000a6a (0x50e5) x1  0xfffffff9
core   0: 0x80000a6c (0x03ebbdb3) mulhu   s11, s7, t5
core   0: 3 0x80000a6c (0x03ebbdb3) x27 0x00000000
core   0: 0x80000a70 (0x0000516d) c.li    sp, -5
core   0: 3 0x80000a70 (0x516d) x2  0xfffffffb
core   0: 0x80000a72 (0x00a43a33) sltu    s4, s0, a0
core   0: 3 0x80000a72 (0x00a43a33) x20 0x00000000
core   0: 0x80000a76 (0x036c2b33) mulhsu  s6, s8, s6
core   0: 3 0x80000a76 (0x036c2b33) x22 0x00000000
core   0: 0x80000a7a (0x000000a5) c.addi  ra, 9
core   0: 3 0x80000a7a (0x00a5) x1  0x00000002
core   0: 0x80000a7c (0xd5add9b7) lui     s3, 0xd5add
core   0: 3 0x80000a7c (0xd5add9b7) x19 0xd5add000
core   0: 0x80000a80 (0xfe20c9e3) blt     ra, sp, pc - 14
core   0: 3 0x80000a80 (0xfe20c9e3)
core   0: 0x80000a84 (0x024e96b3) mulh    a3, t4, tp
core   0: 3 0x80000a84 (0x024e96b3) x13 0xe7c358fe
core   0: 0x80000a88 (0x0000556d) c.li    a0, -5
core   0: 3 0x80000a88 (0x556d) x10 0xfffffffb
core   0: 0x80000a8a (0x00005dd9) c.li    s11, -10
core   0: 3 0x80000a8a (0x5dd9) x27 0xfffffff6
core   0: 0x80000a8c (0x00008b92) c.mv    s7, tp
core   0: 3 0x80000a8c (0x8b92) x23 0x80029d24
core   0: 0x80000a8e (0x00000001) c.nop
core   0: 3 0x80000a8e (0x0001)
core   0: 0x80000a90 (0x01d3d0b3) srl     ra, t2, t4
core   0: 3 0x80000a90 (0x01d3d0b3) x1  0x00000000
core   0: 0x80000a94 (0x00001569) c.addi  a0, -6
core   0: 3 0x80000a94 (0x1569) x10 0xfffffff5
core   0: 0x80000a96 (0x1d8b6813) ori     a6, s6, 472
core   0: 3 0x80000a96 (0x1d8b6813) x16 0x000001d8
core   0: 0x80000a9a (0x03c55a33) divu    s4, a0, t3
core   0: 3 0x80000a9a (0x03c55a33) x20 0x00000001
core   0: 0x80000a9e (0x0360cfb3) div     t6, ra, s6
core   0: 3 0x80000a9e (0x0360cfb3) x31 0xffffffff
core   0: 0x80000aa2 (0x000051dd) c.li    gp, -9
core   0: 3 0x80000aa2 (0x51dd) x3  0xfffffff7
core   0: 0x80000aa4 (0x000049c9) c.li    s3, 18
core   0: 3 0x80000aa4 (0x49c9) x19 0x00000012
core   0: 0x80000aa6 (0x00000001) c.nop
core   0: 3 0x80000aa6 (0x0001)
core   0: 0x80000aa8 (0x01b16133) or      sp, sp, s11
core   0: 3 0x80000aa8 (0x01b16133) x2  0xffffffff
core   0: 0x80000aac (0x00000185) c.addi  gp, 1
core   0: 3 0x80000aac (0x0185) x3  0xfffffff8
core   0: 0x80000aae (0xff319de3) bne     gp, s3, pc - 6
core   0: 3 0x80000aae (0xff319de3)
core   0: 0x80000aa8 (0x01b16133) or      sp, sp, s11
core   0: 3 0x80000aa8 (0x01b16133) x2  0xffffffff
core   0: 0x80000aac (0x00000185) c.addi  gp, 1
core   0: 3 0x80000aac (0x0185) x3  0xfffffff9
core   0: 0x80000aae (0xff319de3) bne     gp, s3, pc - 6
core   0: 3 0x80000aae (0xff319de3)
core   0: 0x80000aa8 (0x01b16133) or      sp, sp, s11
core   0: 3 0x80000aa8 (0x01b16133) x2  0xffffffff
core   0: 0x80000aac (0x00000185) c.addi  gp, 1
core   0: 3 0x80000aac (0x0185) x3  0xfffffffa
core   0: 0x80000aae (0xff319de3) bne     gp, s3, pc - 6
core   0: 3 0x80000aae (0xff319de3)
core   0: 0x80000aa8 (0x01b16133) or      sp, sp, s11
core   0: 3 0x80000aa8 (0x01b16133) x2  0xffffffff
core   0: 0x80000aac (0x00000185) c.addi  gp, 1
core   0: 3 0x80000aac (0x0185) x3  0xfffffffb
core   0: 0x80000aae (0xff319de3) bne     gp, s3, pc - 6
core   0: 3 0x80000aae (0xff319de3)
core   0: 0x80000aa8 (0x01b16133) or      sp, sp, s11
core   0: 3 0x80000aa8 (0x01b16133) x2  0xffffffff
core   0: 0x80000aac (0x00000185) c.addi  gp, 1
core   0: 3 0x80000aac (0x0185) x3  0xfffffffc
core   0: 0x80000aae (0xff319de3) bne     gp, s3, pc - 6
core   0: 3 0x80000aae (0xff319de3)
core   0: 0x80000aa8 (0x01b16133) or      sp, sp, s11
core   0: 3 0x80000aa8 (0x01b16133) x2  0xffffffff
core   0: 0x80000aac (0x00000185) c.addi  gp, 1
core   0: 3 0x80000aac (0x0185) x3  0xfffffffd
core   0: 0x80000aae (0xff319de3) bne     gp, s3, pc - 6
core   0: 3 0x80000aae (0xff319de3)
core   0: 0x80000aa8 (0x01b16133) or      sp, sp, s11
core   0: 3 0x80000aa8 (0x01b16133) x2  0xffffffff
core   0: 0x80000aac (0x00000185) c.addi  gp, 1
core   0: 3 0x80000aac (0x0185) x3  0xfffffffe
core   0: 0x80000aae (0xff319de3) bne     gp, s3, pc - 6
core   0: 3 0x80000aae (0xff319de3)
core   0: 0x80000aa8 (0x01b16133) or      sp, sp, s11
core   0: 3 0x80000aa8 (0x01b16133) x2  0xffffffff
core   0: 0x80000aac (0x00000185) c.addi  gp, 1
core   0: 3 0x80000aac (0x0185) x3  0xffffffff
core   0: 0x80000aae (0xff319de3) bne     gp, s3, pc - 6
core   0: 3 0x80000aae (0xff319de3)
core   0: 0x80000aa8 (0x01b16133) or      sp, sp, s11
core   0: 3 0x80000aa8 (0x01b16133) x2  0xffffffff
core   0: 0x80000aac (0x00000185) c.addi  gp, 1
core   0: 3 0x80000aac (0x0185) x3  0x00000000
core   0: 0x80000aae (0xff319de3) bne     gp, s3, pc - 6
core   0: 3 0x80000aae (0xff319de3)
core   0: 0x80000aa8 (0x01b16133) or      sp, sp, s11
core   0: 3 0x80000aa8 (0x01b16133) x2  0xffffffff
core   0: 0x80000aac (0x00000185) c.addi  gp, 1
core   0: 3 0x80000aac (0x0185) x3  0x00000001
core   0: 0x80000aae (0xff319de3) bne     gp, s3, pc - 6
core   0: 3 0x80000aae (0xff319de3)
core   0: 0x80000aa8 (0x01b16133) or      sp, sp, s11
core   0: 3 0x80000aa8 (0x01b16133) x2  0xffffffff
core   0: 0x80000aac (0x00000185) c.addi  gp, 1
core   0: 3 0x80000aac (0x0185) x3  0x00000002
core   0: 0x80000aae (0xff319de3) bne     gp, s3, pc - 6
core   0: 3 0x80000aae (0xff319de3)
core   0: 0x80000aa8 (0x01b16133) or      sp, sp, s11
core   0: 3 0x80000aa8 (0x01b16133) x2  0xffffffff
core   0: 0x80000aac (0x00000185) c.addi  gp, 1
core   0: 3 0x80000aac (0x0185) x3  0x00000003
core   0: 0x80000aae (0xff319de3) bne     gp, s3, pc - 6
core   0: 3 0x80000aae (0xff319de3)
core   0: 0x80000aa8 (0x01b16133) or      sp, sp, s11
core   0: 3 0x80000aa8 (0x01b16133) x2  0xffffffff
core   0: 0x80000aac (0x00000185) c.addi  gp, 1
core   0: 3 0x80000aac (0x0185) x3  0x00000004
core   0: 0x80000aae (0xff319de3) bne     gp, s3, pc - 6
core   0: 3 0x80000aae (0xff319de3)
core   0: 0x80000aa8 (0x01b16133) or      sp, sp, s11
core   0: 3 0x80000aa8 (0x01b16133) x2  0xffffffff
core   0: 0x80000aac (0x00000185) c.addi  gp, 1
core   0: 3 0x80000aac (0x0185) x3  0x00000005
core   0: 0x80000aae (0xff319de3) bne     gp, s3, pc - 6
core   0: 3 0x80000aae (0xff319de3)
core   0: 0x80000aa8 (0x01b16133) or      sp, sp, s11
core   0: 3 0x80000aa8 (0x01b16133) x2  0xffffffff
core   0: 0x80000aac (0x00000185) c.addi  gp, 1
core   0: 3 0x80000aac (0x0185) x3  0x00000006
core   0: 0x80000aae (0xff319de3) bne     gp, s3, pc - 6
core   0: 3 0x80000aae (0xff319de3)
core   0: 0x80000aa8 (0x01b16133) or      sp, sp, s11
core   0: 3 0x80000aa8 (0x01b16133) x2  0xffffffff
core   0: 0x80000aac (0x00000185) c.addi  gp, 1
core   0: 3 0x80000aac (0x0185) x3  0x00000007
core   0: 0x80000aae (0xff319de3) bne     gp, s3, pc - 6
core   0: 3 0x80000aae (0xff319de3)
core   0: 0x80000aa8 (0x01b16133) or      sp, sp, s11
core   0: 3 0x80000aa8 (0x01b16133) x2  0xffffffff
core   0: 0x80000aac (0x00000185) c.addi  gp, 1
core   0: 3 0x80000aac (0x0185) x3  0x00000008
core   0: 0x80000aae (0xff319de3) bne     gp, s3, pc - 6
core   0: 3 0x80000aae (0xff319de3)
core   0: 0x80000aa8 (0x01b16133) or      sp, sp, s11
core   0: 3 0x80000aa8 (0x01b16133) x2  0xffffffff
core   0: 0x80000aac (0x00000185) c.addi  gp, 1
core   0: 3 0x80000aac (0x0185) x3  0x00000009
core   0: 0x80000aae (0xff319de3) bne     gp, s3, pc - 6
core   0: 3 0x80000aae (0xff319de3)
core   0: 0x80000aa8 (0x01b16133) or      sp, sp, s11
core   0: 3 0x80000aa8 (0x01b16133) x2  0xffffffff
core   0: 0x80000aac (0x00000185) c.addi  gp, 1
core   0: 3 0x80000aac (0x0185) x3  0x0000000a
core   0: 0x80000aae (0xff319de3) bne     gp, s3, pc - 6
core   0: 3 0x80000aae (0xff319de3)
core   0: 0x80000aa8 (0x01b16133) or      sp, sp, s11
core   0: 3 0x80000aa8 (0x01b16133) x2  0xffffffff
core   0: 0x80000aac (0x00000185) c.addi  gp, 1
core   0: 3 0x80000aac (0x0185) x3  0x0000000b
core   0: 0x80000aae (0xff319de3) bne     gp, s3, pc - 6
core   0: 3 0x80000aae (0xff319de3)
core   0: 0x80000aa8 (0x01b16133) or      sp, sp, s11
core   0: 3 0x80000aa8 (0x01b16133) x2  0xffffffff
core   0: 0x80000aac (0x00000185) c.addi  gp, 1
core   0: 3 0x80000aac (0x0185) x3  0x0000000c
core   0: 0x80000aae (0xff319de3) bne     gp, s3, pc - 6
core   0: 3 0x80000aae (0xff319de3)
core   0: 0x80000aa8 (0x01b16133) or      sp, sp, s11
core   0: 3 0x80000aa8 (0x01b16133) x2  0xffffffff
core   0: 0x80000aac (0x00000185) c.addi  gp, 1
core   0: 3 0x80000aac (0x0185) x3  0x0000000d
core   0: 0x80000aae (0xff319de3) bne     gp, s3, pc - 6
core   0: 3 0x80000aae (0xff319de3)
core   0: 0x80000aa8 (0x01b16133) or      sp, sp, s11
core   0: 3 0x80000aa8 (0x01b16133) x2  0xffffffff
core   0: 0x80000aac (0x00000185) c.addi  gp, 1
core   0: 3 0x80000aac (0x0185) x3  0x0000000e
core   0: 0x80000aae (0xff319de3) bne     gp, s3, pc - 6
core   0: 3 0x80000aae (0xff319de3)
core   0: 0x80000aa8 (0x01b16133) or      sp, sp, s11
core   0: 3 0x80000aa8 (0x01b16133) x2  0xffffffff
core   0: 0x80000aac (0x00000185) c.addi  gp, 1
core   0: 3 0x80000aac (0x0185) x3  0x0000000f
core   0: 0x80000aae (0xff319de3) bne     gp, s3, pc - 6
core   0: 3 0x80000aae (0xff319de3)
core   0: 0x80000aa8 (0x01b16133) or      sp, sp, s11
core   0: 3 0x80000aa8 (0x01b16133) x2  0xffffffff
core   0: 0x80000aac (0x00000185) c.addi  gp, 1
core   0: 3 0x80000aac (0x0185) x3  0x00000010
core   0: 0x80000aae (0xff319de3) bne     gp, s3, pc - 6
core   0: 3 0x80000aae (0xff319de3)
core   0: 0x80000aa8 (0x01b16133) or      sp, sp, s11
core   0: 3 0x80000aa8 (0x01b16133) x2  0xffffffff
core   0: 0x80000aac (0x00000185) c.addi  gp, 1
core   0: 3 0x80000aac (0x0185) x3  0x00000011
core   0: 0x80000aae (0xff319de3) bne     gp, s3, pc - 6
core   0: 3 0x80000aae (0xff319de3)
core   0: 0x80000aa8 (0x01b16133) or      sp, sp, s11
core   0: 3 0x80000aa8 (0x01b16133) x2  0xffffffff
core   0: 0x80000aac (0x00000185) c.addi  gp, 1
core   0: 3 0x80000aac (0x0185) x3  0x00000012
core   0: 0x80000aae (0xff319de3) bne     gp, s3, pc - 6
core   0: 3 0x80000aae (0xff319de3)
core   0: 0x80000ab2 (0x00000b32) c.slli  s6, 12
core   0: 3 0x80000ab2 (0x0b32) x22 0x00000000
core   0: 0x80000ab4 (0xfdb55de3) bge     a0, s11, pc - 38
core   0: 3 0x80000ab4 (0xfdb55de3)
core   0: 0x80000ab8 (0x4142d113) srai    sp, t0, 20
core   0: 3 0x80000ab8 (0x4142d113) x2  0x00000000
core   0: 0x80000abc (0x000048a1) c.li    a7, 8
core   0: 3 0x80000abc (0x48a1) x17 0x00000008
core   0: 0x80000abe (0x00004289) c.li    t0, 2
core   0: 3 0x80000abe (0x4289) x5  0x00000002
core   0: 0x80000ac0 (0x000085d2) c.mv    a1, s4
core   0: 3 0x80000ac0 (0x85d2) x11 0x00000001
core   0: 0x80000ac2 (0x00004c35) c.li    s8, 13
core   0: 3 0x80000ac2 (0x4c35) x24 0x0000000d
core   0: 0x80000ac4 (0x031bd333) divu    t1, s7, a7
core   0: 3 0x80000ac4 (0x031bd333) x6  0x100053a4
core   0: 0x80000ac8 (0x000018fd) c.addi  a7, -1
core   0: 3 0x80000ac8 (0x18fd) x17 0x00000007
core   0: 0x80000aca (0x02fccab3) div     s5, s9, a5
core   0: 3 0x80000aca (0x02fccab3) x21 0x00000000
core   0: 0x80000ace (0x0143dbb3) srl     s7, t2, s4
core   0: 3 0x80000ace (0x0143dbb3) x23 0x00000290
core   0: 0x80000ad2 (0x02f3e6b3) rem     a3, t2, a5
core   0: 3 0x80000ad2 (0x02f3e6b3) x13 0x0000028f
core   0: 0x80000ad6 (0x00008d49) c.or    a0, a0
core   0: 3 0x80000ad6 (0x8d49) x10 0xfffffff5
core   0: 0x80000ad8 (0x00000001) c.nop
core   0: 3 0x80000ad8 (0x0001)
core   0: 0x80000ada (0x0000616d) c.addi16sp sp, 240
core   0: 3 0x80000ada (0x616d) x2  0x000000f0
core   0: 0x80000adc (0x000e9733) sll     a4, t4, zero
core   0: 3 0x80000adc (0x000e9733) x14 0x307a4b70
core   0: 0x80000ae0 (0x405c83b3) sub     t2, s9, t0
core   0: 3 0x80000ae0 (0x405c83b3) x7  0xffffffff
core   0: 0x80000ae4 (0x015edf93) srli    t6, t4, 21
core   0: 3 0x80000ae4 (0x015edf93) x31 0x00000183
core   0: 0x80000ae8 (0x0225f933) remu    s2, a1, sp
core   0: 3 0x80000ae8 (0x0225f933) x18 0x00000001
core   0: 0x80000aec (0x02bd56b3) divu    a3, s10, a1
core   0: 3 0x80000aec (0x02bd56b3) x13 0x0000000a
core   0: 0x80000af0 (0x41198a33) sub     s4, s3, a7
core   0: 3 0x80000af0 (0x41198a33) x20 0x0000000b
core   0: 0x80000af4 (0xd5debc93) sltiu   s9, t4, -675
core   0: 3 0x80000af4 (0xd5debc93) x25 0x00000001
core   0: 0x80000af8 (0x035d5c33) divu    s8, s10, s5
core   0: 3 0x80000af8 (0x035d5c33) x24 0xffffffff
core   0: 0x80000afc (0x00008dfd) c.and   a1, a5
core   0: 3 0x80000afc (0x8dfd) x11 0x00000001
core   0: 0x80000afe (0x02b485b3) mul     a1, s1, a1
core   0: 3 0x80000afe (0x02b485b3) x11 0x2843cfea
core   0: 0x80000b02 (0x036d5fb3) divu    t6, s10, s6
core   0: 3 0x80000b02 (0x036d5fb3) x31 0xffffffff
core   0: 0x80000b06 (0x00008452) c.mv    s0, s4
core   0: 3 0x80000b06 (0x8452) x8  0x0000000b
core   0: 0x80000b08 (0xe10eec13) ori     s8, t4, -496
core   0: 3 0x80000b08 (0xe10eec13) x24 0xffffff70
core   0: 0x80000b0c (0xfa58fae3) bgeu    a7, t0, pc - 76
core   0: 3 0x80000b0c (0xfa58fae3)
core   0: 0x80000ac0 (0x000085d2) c.mv    a1, s4
core   0: 3 0x80000ac0 (0x85d2) x11 0x0000000b
core   0: 0x80000ac2 (0x00004c35) c.li    s8, 13
core   0: 3 0x80000ac2 (0x4c35) x24 0x0000000d
core   0: 0x80000ac4 (0x031bd333) divu    t1, s7, a7
core   0: 3 0x80000ac4 (0x031bd333) x6  0x0000005d
core   0: 0x80000ac8 (0x000018fd) c.addi  a7, -1
core   0: 3 0x80000ac8 (0x18fd) x17 0x00000006
core   0: 0x80000aca (0x02fccab3) div     s5, s9, a5
core   0: 3 0x80000aca (0x02fccab3) x21 0x00000000
core   0: 0x80000ace (0x0143dbb3) srl     s7, t2, s4
core   0: 3 0x80000ace (0x0143dbb3) x23 0x001fffff
core   0: 0x80000ad2 (0x02f3e6b3) rem     a3, t2, a5
core   0: 3 0x80000ad2 (0x02f3e6b3) x13 0xffffffff
core   0: 0x80000ad6 (0x00008d49) c.or    a0, a0
core   0: 3 0x80000ad6 (0x8d49) x10 0xfffffff5
core   0: 0x80000ad8 (0x00000001) c.nop
core   0: 3 0x80000ad8 (0x0001)
core   0: 0x80000ada (0x0000616d) c.addi16sp sp, 240
core   0: 3 0x80000ada (0x616d) x2  0x000001e0
core   0: 0x80000adc (0x000e9733) sll     a4, t4, zero
core   0: 3 0x80000adc (0x000e9733) x14 0x307a4b70
core   0: 0x80000ae0 (0x405c83b3) sub     t2, s9, t0
core   0: 3 0x80000ae0 (0x405c83b3) x7  0xffffffff
core   0: 0x80000ae4 (0x015edf93) srli    t6, t4, 21
core   0: 3 0x80000ae4 (0x015edf93) x31 0x00000183
core   0: 0x80000ae8 (0x0225f933) remu    s2, a1, sp
core   0: 3 0x80000ae8 (0x0225f933) x18 0x0000000b
core   0: 0x80000aec (0x02bd56b3) divu    a3, s10, a1
core   0: 3 0x80000aec (0x02bd56b3) x13 0x00000000
core   0: 0x80000af0 (0x41198a33) sub     s4, s3, a7
core   0: 3 0x80000af0 (0x41198a33) x20 0x0000000c
core   0: 0x80000af4 (0xd5debc93) sltiu   s9, t4, -675
core   0: 3 0x80000af4 (0xd5debc93) x25 0x00000001
core   0: 0x80000af8 (0x035d5c33) divu    s8, s10, s5
core   0: 3 0x80000af8 (0x035d5c33) x24 0xffffffff
core   0: 0x80000afc (0x00008dfd) c.and   a1, a5
core   0: 3 0x80000afc (0x8dfd) x11 0x00000001
core   0: 0x80000afe (0x02b485b3) mul     a1, s1, a1
core   0: 3 0x80000afe (0x02b485b3) x11 0x2843cfea
core   0: 0x80000b02 (0x036d5fb3) divu    t6, s10, s6
core   0: 3 0x80000b02 (0x036d5fb3) x31 0xffffffff
core   0: 0x80000b06 (0x00008452) c.mv    s0, s4
core   0: 3 0x80000b06 (0x8452) x8  0x0000000c
core   0: 0x80000b08 (0xe10eec13) ori     s8, t4, -496
core   0: 3 0x80000b08 (0xe10eec13) x24 0xffffff70
core   0: 0x80000b0c (0xfa58fae3) bgeu    a7, t0, pc - 76
core   0: 3 0x80000b0c (0xfa58fae3)
core   0: 0x80000ac0 (0x000085d2) c.mv    a1, s4
core   0: 3 0x80000ac0 (0x85d2) x11 0x0000000c
core   0: 0x80000ac2 (0x00004c35) c.li    s8, 13
core   0: 3 0x80000ac2 (0x4c35) x24 0x0000000d
core   0: 0x80000ac4 (0x031bd333) divu    t1, s7, a7
core   0: 3 0x80000ac4 (0x031bd333) x6  0x00055555
core   0: 0x80000ac8 (0x000018fd) c.addi  a7, -1
core   0: 3 0x80000ac8 (0x18fd) x17 0x00000005
core   0: 0x80000aca (0x02fccab3) div     s5, s9, a5
core   0: 3 0x80000aca (0x02fccab3) x21 0x00000000
core   0: 0x80000ace (0x0143dbb3) srl     s7, t2, s4
core   0: 3 0x80000ace (0x0143dbb3) x23 0x000fffff
core   0: 0x80000ad2 (0x02f3e6b3) rem     a3, t2, a5
core   0: 3 0x80000ad2 (0x02f3e6b3) x13 0xffffffff
core   0: 0x80000ad6 (0x00008d49) c.or    a0, a0
core   0: 3 0x80000ad6 (0x8d49) x10 0xfffffff5
core   0: 0x80000ad8 (0x00000001) c.nop
core   0: 3 0x80000ad8 (0x0001)
core   0: 0x80000ada (0x0000616d) c.addi16sp sp, 240
core   0: 3 0x80000ada (0x616d) x2  0x000002d0
core   0: 0x80000adc (0x000e9733) sll     a4, t4, zero
core   0: 3 0x80000adc (0x000e9733) x14 0x307a4b70
core   0: 0x80000ae0 (0x405c83b3) sub     t2, s9, t0
core   0: 3 0x80000ae0 (0x405c83b3) x7  0xffffffff
core   0: 0x80000ae4 (0x015edf93) srli    t6, t4, 21
core   0: 3 0x80000ae4 (0x015edf93) x31 0x00000183
core   0: 0x80000ae8 (0x0225f933) remu    s2, a1, sp
core   0: 3 0x80000ae8 (0x0225f933) x18 0x0000000c
core   0: 0x80000aec (0x02bd56b3) divu    a3, s10, a1
core   0: 3 0x80000aec (0x02bd56b3) x13 0x00000000
core   0: 0x80000af0 (0x41198a33) sub     s4, s3, a7
core   0: 3 0x80000af0 (0x41198a33) x20 0x0000000d
core   0: 0x80000af4 (0xd5debc93) sltiu   s9, t4, -675
core   0: 3 0x80000af4 (0xd5debc93) x25 0x00000001
core   0: 0x80000af8 (0x035d5c33) divu    s8, s10, s5
core   0: 3 0x80000af8 (0x035d5c33) x24 0xffffffff
core   0: 0x80000afc (0x00008dfd) c.and   a1, a5
core   0: 3 0x80000afc (0x8dfd) x11 0x00000000
core   0: 0x80000afe (0x02b485b3) mul     a1, s1, a1
core   0: 3 0x80000afe (0x02b485b3) x11 0x00000000
core   0: 0x80000b02 (0x036d5fb3) divu    t6, s10, s6
core   0: 3 0x80000b02 (0x036d5fb3) x31 0xffffffff
core   0: 0x80000b06 (0x00008452) c.mv    s0, s4
core   0: 3 0x80000b06 (0x8452) x8  0x0000000d
core   0: 0x80000b08 (0xe10eec13) ori     s8, t4, -496
core   0: 3 0x80000b08 (0xe10eec13) x24 0xffffff70
core   0: 0x80000b0c (0xfa58fae3) bgeu    a7, t0, pc - 76
core   0: 3 0x80000b0c (0xfa58fae3)
core   0: 0x80000ac0 (0x000085d2) c.mv    a1, s4
core   0: 3 0x80000ac0 (0x85d2) x11 0x0000000d
core   0: 0x80000ac2 (0x00004c35) c.li    s8, 13
core   0: 3 0x80000ac2 (0x4c35) x24 0x0000000d
core   0: 0x80000ac4 (0x031bd333) divu    t1, s7, a7
core   0: 3 0x80000ac4 (0x031bd333) x6  0x00033333
core   0: 0x80000ac8 (0x000018fd) c.addi  a7, -1
core   0: 3 0x80000ac8 (0x18fd) x17 0x00000004
core   0: 0x80000aca (0x02fccab3) div     s5, s9, a5
core   0: 3 0x80000aca (0x02fccab3) x21 0x00000000
core   0: 0x80000ace (0x0143dbb3) srl     s7, t2, s4
core   0: 3 0x80000ace (0x0143dbb3) x23 0x0007ffff
core   0: 0x80000ad2 (0x02f3e6b3) rem     a3, t2, a5
core   0: 3 0x80000ad2 (0x02f3e6b3) x13 0xffffffff
core   0: 0x80000ad6 (0x00008d49) c.or    a0, a0
core   0: 3 0x80000ad6 (0x8d49) x10 0xfffffff5
core   0: 0x80000ad8 (0x00000001) c.nop
core   0: 3 0x80000ad8 (0x0001)
core   0: 0x80000ada (0x0000616d) c.addi16sp sp, 240
core   0: 3 0x80000ada (0x616d) x2  0x000003c0
core   0: 0x80000adc (0x000e9733) sll     a4, t4, zero
core   0: 3 0x80000adc (0x000e9733) x14 0x307a4b70
core   0: 0x80000ae0 (0x405c83b3) sub     t2, s9, t0
core   0: 3 0x80000ae0 (0x405c83b3) x7  0xffffffff
core   0: 0x80000ae4 (0x015edf93) srli    t6, t4, 21
core   0: 3 0x80000ae4 (0x015edf93) x31 0x00000183
core   0: 0x80000ae8 (0x0225f933) remu    s2, a1, sp
core   0: 3 0x80000ae8 (0x0225f933) x18 0x0000000d
core   0: 0x80000aec (0x02bd56b3) divu    a3, s10, a1
core   0: 3 0x80000aec (0x02bd56b3) x13 0x00000000
core   0: 0x80000af0 (0x41198a33) sub     s4, s3, a7
core   0: 3 0x80000af0 (0x41198a33) x20 0x0000000e
core   0: 0x80000af4 (0xd5debc93) sltiu   s9, t4, -675
core   0: 3 0x80000af4 (0xd5debc93) x25 0x00000001
core   0: 0x80000af8 (0x035d5c33) divu    s8, s10, s5
core   0: 3 0x80000af8 (0x035d5c33) x24 0xffffffff
core   0: 0x80000afc (0x00008dfd) c.and   a1, a5
core   0: 3 0x80000afc (0x8dfd) x11 0x00000001
core   0: 0x80000afe (0x02b485b3) mul     a1, s1, a1
core   0: 3 0x80000afe (0x02b485b3) x11 0x2843cfea
core   0: 0x80000b02 (0x036d5fb3) divu    t6, s10, s6
core   0: 3 0x80000b02 (0x036d5fb3) x31 0xffffffff
core   0: 0x80000b06 (0x00008452) c.mv    s0, s4
core   0: 3 0x80000b06 (0x8452) x8  0x0000000e
core   0: 0x80000b08 (0xe10eec13) ori     s8, t4, -496
core   0: 3 0x80000b08 (0xe10eec13) x24 0xffffff70
core   0: 0x80000b0c (0xfa58fae3) bgeu    a7, t0, pc - 76
core   0: 3 0x80000b0c (0xfa58fae3)
core   0: 0x80000ac0 (0x000085d2) c.mv    a1, s4
core   0: 3 0x80000ac0 (0x85d2) x11 0x0000000e
core   0: 0x80000ac2 (0x00004c35) c.li    s8, 13
core   0: 3 0x80000ac2 (0x4c35) x24 0x0000000d
core   0: 0x80000ac4 (0x031bd333) divu    t1, s7, a7
core   0: 3 0x80000ac4 (0x031bd333) x6  0x0001ffff
core   0: 0x80000ac8 (0x000018fd) c.addi  a7, -1
core   0: 3 0x80000ac8 (0x18fd) x17 0x00000003
core   0: 0x80000aca (0x02fccab3) div     s5, s9, a5
core   0: 3 0x80000aca (0x02fccab3) x21 0x00000000
core   0: 0x80000ace (0x0143dbb3) srl     s7, t2, s4
core   0: 3 0x80000ace (0x0143dbb3) x23 0x0003ffff
core   0: 0x80000ad2 (0x02f3e6b3) rem     a3, t2, a5
core   0: 3 0x80000ad2 (0x02f3e6b3) x13 0xffffffff
core   0: 0x80000ad6 (0x00008d49) c.or    a0, a0
core   0: 3 0x80000ad6 (0x8d49) x10 0xfffffff5
core   0: 0x80000ad8 (0x00000001) c.nop
core   0: 3 0x80000ad8 (0x0001)
core   0: 0x80000ada (0x0000616d) c.addi16sp sp, 240
core   0: 3 0x80000ada (0x616d) x2  0x000004b0
core   0: 0x80000adc (0x000e9733) sll     a4, t4, zero
core   0: 3 0x80000adc (0x000e9733) x14 0x307a4b70
core   0: 0x80000ae0 (0x405c83b3) sub     t2, s9, t0
core   0: 3 0x80000ae0 (0x405c83b3) x7  0xffffffff
core   0: 0x80000ae4 (0x015edf93) srli    t6, t4, 21
core   0: 3 0x80000ae4 (0x015edf93) x31 0x00000183
core   0: 0x80000ae8 (0x0225f933) remu    s2, a1, sp
core   0: 3 0x80000ae8 (0x0225f933) x18 0x0000000e
core   0: 0x80000aec (0x02bd56b3) divu    a3, s10, a1
core   0: 3 0x80000aec (0x02bd56b3) x13 0x00000000
core   0: 0x80000af0 (0x41198a33) sub     s4, s3, a7
core   0: 3 0x80000af0 (0x41198a33) x20 0x0000000f
core   0: 0x80000af4 (0xd5debc93) sltiu   s9, t4, -675
core   0: 3 0x80000af4 (0xd5debc93) x25 0x00000001
core   0: 0x80000af8 (0x035d5c33) divu    s8, s10, s5
core   0: 3 0x80000af8 (0x035d5c33) x24 0xffffffff
core   0: 0x80000afc (0x00008dfd) c.and   a1, a5
core   0: 3 0x80000afc (0x8dfd) x11 0x00000000
core   0: 0x80000afe (0x02b485b3) mul     a1, s1, a1
core   0: 3 0x80000afe (0x02b485b3) x11 0x00000000
core   0: 0x80000b02 (0x036d5fb3) divu    t6, s10, s6
core   0: 3 0x80000b02 (0x036d5fb3) x31 0xffffffff
core   0: 0x80000b06 (0x00008452) c.mv    s0, s4
core   0: 3 0x80000b06 (0x8452) x8  0x0000000f
core   0: 0x80000b08 (0xe10eec13) ori     s8, t4, -496
core   0: 3 0x80000b08 (0xe10eec13) x24 0xffffff70
core   0: 0x80000b0c (0xfa58fae3) bgeu    a7, t0, pc - 76
core   0: 3 0x80000b0c (0xfa58fae3)
core   0: 0x80000ac0 (0x000085d2) c.mv    a1, s4
core   0: 3 0x80000ac0 (0x85d2) x11 0x0000000f
core   0: 0x80000ac2 (0x00004c35) c.li    s8, 13
core   0: 3 0x80000ac2 (0x4c35) x24 0x0000000d
core   0: 0x80000ac4 (0x031bd333) divu    t1, s7, a7
core   0: 3 0x80000ac4 (0x031bd333) x6  0x00015555
core   0: 0x80000ac8 (0x000018fd) c.addi  a7, -1
core   0: 3 0x80000ac8 (0x18fd) x17 0x00000002
core   0: 0x80000aca (0x02fccab3) div     s5, s9, a5
core   0: 3 0x80000aca (0x02fccab3) x21 0x00000000
core   0: 0x80000ace (0x0143dbb3) srl     s7, t2, s4
core   0: 3 0x80000ace (0x0143dbb3) x23 0x0001ffff
core   0: 0x80000ad2 (0x02f3e6b3) rem     a3, t2, a5
core   0: 3 0x80000ad2 (0x02f3e6b3) x13 0xffffffff
core   0: 0x80000ad6 (0x00008d49) c.or    a0, a0
core   0: 3 0x80000ad6 (0x8d49) x10 0xfffffff5
core   0: 0x80000ad8 (0x00000001) c.nop
core   0: 3 0x80000ad8 (0x0001)
core   0: 0x80000ada (0x0000616d) c.addi16sp sp, 240
core   0: 3 0x80000ada (0x616d) x2  0x000005a0
core   0: 0x80000adc (0x000e9733) sll     a4, t4, zero
core   0: 3 0x80000adc (0x000e9733) x14 0x307a4b70
core   0: 0x80000ae0 (0x405c83b3) sub     t2, s9, t0
core   0: 3 0x80000ae0 (0x405c83b3) x7  0xffffffff
core   0: 0x80000ae4 (0x015edf93) srli    t6, t4, 21
core   0: 3 0x80000ae4 (0x015edf93) x31 0x00000183
core   0: 0x80000ae8 (0x0225f933) remu    s2, a1, sp
core   0: 3 0x80000ae8 (0x0225f933) x18 0x0000000f
core   0: 0x80000aec (0x02bd56b3) divu    a3, s10, a1
core   0: 3 0x80000aec (0x02bd56b3) x13 0x00000000
core   0: 0x80000af0 (0x41198a33) sub     s4, s3, a7
core   0: 3 0x80000af0 (0x41198a33) x20 0x00000010
core   0: 0x80000af4 (0xd5debc93) sltiu   s9, t4, -675
core   0: 3 0x80000af4 (0xd5debc93) x25 0x00000001
core   0: 0x80000af8 (0x035d5c33) divu    s8, s10, s5
core   0: 3 0x80000af8 (0x035d5c33) x24 0xffffffff
core   0: 0x80000afc (0x00008dfd) c.and   a1, a5
core   0: 3 0x80000afc (0x8dfd) x11 0x00000001
core   0: 0x80000afe (0x02b485b3) mul     a1, s1, a1
core   0: 3 0x80000afe (0x02b485b3) x11 0x2843cfea
core   0: 0x80000b02 (0x036d5fb3) divu    t6, s10, s6
core   0: 3 0x80000b02 (0x036d5fb3) x31 0xffffffff
core   0: 0x80000b06 (0x00008452) c.mv    s0, s4
core   0: 3 0x80000b06 (0x8452) x8  0x00000010
core   0: 0x80000b08 (0xe10eec13) ori     s8, t4, -496
core   0: 3 0x80000b08 (0xe10eec13) x24 0xffffff70
core   0: 0x80000b0c (0xfa58fae3) bgeu    a7, t0, pc - 76
core   0: 3 0x80000b0c (0xfa58fae3)
core   0: 0x80000ac0 (0x000085d2) c.mv    a1, s4
core   0: 3 0x80000ac0 (0x85d2) x11 0x00000010
core   0: 0x80000ac2 (0x00004c35) c.li    s8, 13
core   0: 3 0x80000ac2 (0x4c35) x24 0x0000000d
core   0: 0x80000ac4 (0x031bd333) divu    t1, s7, a7
core   0: 3 0x80000ac4 (0x031bd333) x6  0x0000ffff
core   0: 0x80000ac8 (0x000018fd) c.addi  a7, -1
core   0: 3 0x80000ac8 (0x18fd) x17 0x00000001
core   0: 0x80000aca (0x02fccab3) div     s5, s9, a5
core   0: 3 0x80000aca (0x02fccab3) x21 0x00000000
core   0: 0x80000ace (0x0143dbb3) srl     s7, t2, s4
core   0: 3 0x80000ace (0x0143dbb3) x23 0x0000ffff
core   0: 0x80000ad2 (0x02f3e6b3) rem     a3, t2, a5
core   0: 3 0x80000ad2 (0x02f3e6b3) x13 0xffffffff
core   0: 0x80000ad6 (0x00008d49) c.or    a0, a0
core   0: 3 0x80000ad6 (0x8d49) x10 0xfffffff5
core   0: 0x80000ad8 (0x00000001) c.nop
core   0: 3 0x80000ad8 (0x0001)
core   0: 0x80000ada (0x0000616d) c.addi16sp sp, 240
core   0: 3 0x80000ada (0x616d) x2  0x00000690
core   0: 0x80000adc (0x000e9733) sll     a4, t4, zero
core   0: 3 0x80000adc (0x000e9733) x14 0x307a4b70
core   0: 0x80000ae0 (0x405c83b3) sub     t2, s9, t0
core   0: 3 0x80000ae0 (0x405c83b3) x7  0xffffffff
core   0: 0x80000ae4 (0x015edf93) srli    t6, t4, 21
core   0: 3 0x80000ae4 (0x015edf93) x31 0x00000183
core   0: 0x80000ae8 (0x0225f933) remu    s2, a1, sp
core   0: 3 0x80000ae8 (0x0225f933) x18 0x00000010
core   0: 0x80000aec (0x02bd56b3) divu    a3, s10, a1
core   0: 3 0x80000aec (0x02bd56b3) x13 0x00000000
core   0: 0x80000af0 (0x41198a33) sub     s4, s3, a7
core   0: 3 0x80000af0 (0x41198a33) x20 0x00000011
core   0: 0x80000af4 (0xd5debc93) sltiu   s9, t4, -675
core   0: 3 0x80000af4 (0xd5debc93) x25 0x00000001
core   0: 0x80000af8 (0x035d5c33) divu    s8, s10, s5
core   0: 3 0x80000af8 (0x035d5c33) x24 0xffffffff
core   0: 0x80000afc (0x00008dfd) c.and   a1, a5
core   0: 3 0x80000afc (0x8dfd) x11 0x00000010
core   0: 0x80000afe (0x02b485b3) mul     a1, s1, a1
core   0: 3 0x80000afe (0x02b485b3) x11 0x843cfea0
core   0: 0x80000b02 (0x036d5fb3) divu    t6, s10, s6
core   0: 3 0x80000b02 (0x036d5fb3) x31 0xffffffff
core   0: 0x80000b06 (0x00008452) c.mv    s0, s4
core   0: 3 0x80000b06 (0x8452) x8  0x00000011
core   0: 0x80000b08 (0xe10eec13) ori     s8, t4, -496
core   0: 3 0x80000b08 (0xe10eec13) x24 0xffffff70
core   0: 0x80000b0c (0xfa58fae3) bgeu    a7, t0, pc - 76
core   0: 3 0x80000b0c (0xfa58fae3)
core   0: 0x80000b10 (0x00009a7d) c.andi  a2, -1
core   0: 3 0x80000b10 (0x9a7d) x12 0x00000003
core   0: 0x80000b12 (0x00005cf1) c.li    s9, -4
core   0: 3 0x80000b12 (0x5cf1) x25 0xfffffffc
core   0: 0x80000b14 (0x87a28b13) addi    s6, t0, -1926
core   0: 3 0x80000b14 (0x87a28b13) x22 0xfffff87c
core   0: 0x80000b18 (0x00008359) c.srli  a4, 22
core   0: 3 0x80000b18 (0x8359) x14 0x000000c1
core   0: 0x80000b1a (0x00008e71) c.and   a2, a2
core   0: 3 0x80000b1a (0x8e71) x12 0x00000003
core   0: 0x80000b1c (0x000085be) c.mv    a1, a5
core   0: 3 0x80000b1c (0x85be) x11 0x00000291
core   0: 0x80000b1e (0x41bc0d33) sub     s10, s8, s11
core   0: 3 0x80000b1e (0x41bc0d33) x26 0xffffff7a
core   0: 0x80000b22 (0x002bbd33) sltu    s10, s7, sp
core   0: 3 0x80000b22 (0x002bbd33) x26 0x00000000
core   0: 0x80000b26 (0xc707cc37) lui     s8, 0xc707c
core   0: 3 0x80000b26 (0xc707cc37) x24 0xc707c000
core   0: 0x80000b2a (0x02765f33) divu    t5, a2, t2
core   0: 3 0x80000b2a (0x02765f33) x30 0x00000000
core   0: 0x80000b2e (0x00004549) c.li    a0, 18
core   0: 3 0x80000b2e (0x4549) x10 0x00000012
core   0: 0x80000b30 (0x000041dd) c.li    gp, 23
core   0: 3 0x80000b30 (0x41dd) x3  0x00000017
core   0: 0x80000b32 (0x00000c8d) c.addi  s9, 3
core   0: 3 0x80000b32 (0x0c8d) x25 0xffffffff
core   0: 0x80000b34 (0x00004da9) c.li    s11, 10
core   0: 3 0x80000b34 (0x4da9) x27 0x0000000a
core   0: 0x80000b36 (0x40d286b3) sub     a3, t0, a3
core   0: 3 0x80000b36 (0x40d286b3) x13 0x00000002
core   0: 0x80000b3a (0x014b9113) slli    sp, s7, 20
core   0: 3 0x80000b3a (0x014b9113) x2  0xfff00000
core   0: 0x80000b3e (0x00004399) c.li    t2, 6
core   0: 3 0x80000b3e (0x4399) x7  0x00000006
core   0: 0x80000b40 (0x000056fd) c.li    a3, -1
core   0: 3 0x80000b40 (0x56fd) x13 0xffffffff
core   0: 0x80000b42 (0x000054e9) c.li    s1, -6
core   0: 3 0x80000b42 (0x54e9) x9  0xfffffffa
core   0: 0x80000b44 (0x877f2c13) slti    s8, t5, -1929
core   0: 3 0x80000b44 (0x877f2c13) x24 0x00000000
core   0: 0x80000b48 (0x011fd9b3) srl     s3, t6, a7
core   0: 3 0x80000b48 (0x011fd9b3) x19 0x7fffffff
core   0: 0x80000b4c (0x00001ffd) c.addi  t6, -1
core   0: 3 0x80000b4c (0x1ffd) x31 0xfffffffe
core   0: 0x80000b4e (0x000013e9) c.addi  t2, -6
core   0: 3 0x80000b4e (0x13e9) x7  0x00000000
core   0: 0x80000b50 (0x40208c33) sub     s8, ra, sp
core   0: 3 0x80000b50 (0x40208c33) x24 0x00100000
core   0: 0x80000b54 (0x2ed83d13) sltiu   s10, a6, 749
core   0: 3 0x80000b54 (0x2ed83d13) x26 0x00000001
core   0: 0x80000b58 (0x0324b633) mulhu   a2, s1, s2
core   0: 3 0x80000b58 (0x0324b633) x12 0x0000000f
core   0: 0x80000b5c (0x9b46a713) slti    a4, a3, -1612
core   0: 3 0x80000b5c (0x9b46a713) x14 0x00000000
core   0: 0x80000b60 (0x01868ab3) add     s5, a3, s8
core   0: 3 0x80000b60 (0x01868ab3) x21 0x000fffff
core   0: 0x80000b64 (0x020f55b3) divu    a1, t5, zero
core   0: 3 0x80000b64 (0x020f55b3) x11 0xffffffff
core   0: 0x80000b68 (0xfe93d2e3) bge     t2, s1, pc - 28
core   0: 3 0x80000b68 (0xfe93d2e3)
core   0: 0x80000b4c (0x00001ffd) c.addi  t6, -1
core   0: 3 0x80000b4c (0x1ffd) x31 0xfffffffd
core   0: 0x80000b4e (0x000013e9) c.addi  t2, -6
core   0: 3 0x80000b4e (0x13e9) x7  0xfffffffa
core   0: 0x80000b50 (0x40208c33) sub     s8, ra, sp
core   0: 3 0x80000b50 (0x40208c33) x24 0x00100000
core   0: 0x80000b54 (0x2ed83d13) sltiu   s10, a6, 749
core   0: 3 0x80000b54 (0x2ed83d13) x26 0x00000001
core   0: 0x80000b58 (0x0324b633) mulhu   a2, s1, s2
core   0: 3 0x80000b58 (0x0324b633) x12 0x0000000f
core   0: 0x80000b5c (0x9b46a713) slti    a4, a3, -1612
core   0: 3 0x80000b5c (0x9b46a713) x14 0x00000000
core   0: 0x80000b60 (0x01868ab3) add     s5, a3, s8
core   0: 3 0x80000b60 (0x01868ab3) x21 0x000fffff
core   0: 0x80000b64 (0x020f55b3) divu    a1, t5, zero
core   0: 3 0x80000b64 (0x020f55b3) x11 0xffffffff
core   0: 0x80000b68 (0xfe93d2e3) bge     t2, s1, pc - 28
core   0: 3 0x80000b68 (0xfe93d2e3)
core   0: 0x80000b4c (0x00001ffd) c.addi  t6, -1
core   0: 3 0x80000b4c (0x1ffd) x31 0xfffffffc
core   0: 0x80000b4e (0x000013e9) c.addi  t2, -6
core   0: 3 0x80000b4e (0x13e9) x7  0xfffffff4
core   0: 0x80000b50 (0x40208c33) sub     s8, ra, sp
core   0: 3 0x80000b50 (0x40208c33) x24 0x00100000
core   0: 0x80000b54 (0x2ed83d13) sltiu   s10, a6, 749
core   0: 3 0x80000b54 (0x2ed83d13) x26 0x00000001
core   0: 0x80000b58 (0x0324b633) mulhu   a2, s1, s2
core   0: 3 0x80000b58 (0x0324b633) x12 0x0000000f
core   0: 0x80000b5c (0x9b46a713) slti    a4, a3, -1612
core   0: 3 0x80000b5c (0x9b46a713) x14 0x00000000
core   0: 0x80000b60 (0x01868ab3) add     s5, a3, s8
core   0: 3 0x80000b60 (0x01868ab3) x21 0x000fffff
core   0: 0x80000b64 (0x020f55b3) divu    a1, t5, zero
core   0: 3 0x80000b64 (0x020f55b3) x11 0xffffffff
core   0: 0x80000b68 (0xfe93d2e3) bge     t2, s1, pc - 28
core   0: 3 0x80000b68 (0xfe93d2e3)
core   0: 0x80000b6c (0x2161b897) auipc   a7, 0x2161b
core   0: 3 0x80000b6c (0x2161b897) x17 0xa161bb6c
core   0: 0x80000b70 (0x000089fd) c.andi  a1, 31
core   0: 3 0x80000b70 (0x89fd) x11 0x0000001f
core   0: 0x80000b72 (0xfaacefe3) bltu    s9, a0, pc - 66
core   0: 3 0x80000b72 (0xfaacefe3)
core   0: 0x80000b76 (0xee27e293) ori     t0, a5, -286
core   0: 3 0x80000b76 (0xee27e293) x5  0xfffffef3
core   0: 0x80000b7a (0x00004521) c.li    a0, 8
core   0: 3 0x80000b7a (0x4521) x10 0x00000008
core   0: 0x80000b7c (0x00008796) c.mv    a5, t0
core   0: 3 0x80000b7c (0x8796) x15 0xfffffef3
core   0: 0x80000b7e (0x00008eb1) c.xor   a3, a2
core   0: 3 0x80000b7e (0x8eb1) x13 0xfffffff0
core   0: 0x80000b80 (0x000013fd) c.addi  t2, -1
core   0: 3 0x80000b80 (0x13fd) x7  0xfffffff3
core   0: 0x80000b82 (0x5db4dd17) auipc   s10, 0x5db4d
core   0: 3 0x80000b82 (0x5db4dd17) x26 0xddb4db82
core   0: 0x80000b86 (0x02d8c7b3) div     a5, a7, a3
core   0: 3 0x80000b86 (0x02d8c7b3) x15 0x05e9e449
core   0: 0x80000b8a (0x883e0a17) auipc   s4, 0x883e0
core   0: 3 0x80000b8a (0x883e0a17) x20 0x083e0b8a
core   0: 0x80000b8e (0x00008ded) c.and   a1, a1
core   0: 3 0x80000b8e (0x8ded) x11 0x0000001f
core   0: 0x80000b90 (0x00000001) c.nop
core   0: 3 0x80000b90 (0x0001)
core   0: 0x80000b92 (0xefa07d93) andi    s11, zero, -262
core   0: 3 0x80000b92 (0xefa07d93) x27 0x00000000
core   0: 0x80000b96 (0x00954ab3) xor     s5, a0, s1
core   0: 3 0x80000b96 (0x00954ab3) x21 0xfffffff2
core   0: 0x80000b9a (0x0000157d) c.addi  a0, -1
core   0: 3 0x80000b9a (0x157d) x10 0x00000007
core   0: 0x80000b9c (0x00006139) c.addi16sp sp, 448
core   0: 3 0x80000b9c (0x6139) x2  0xfff001c0
core   0: 0x80000b9e (0x0328f2b3) remu    t0, a7, s2
core   0: 3 0x80000b9e (0x0328f2b3) x5  0x0000000c
core   0: 0x80000ba2 (0x00005fd9) c.li    t6, -10
core   0: 3 0x80000ba2 (0x5fd9) x31 0xfffffff6
core   0: 0x80000ba4 (0x00000001) c.nop
core   0: 3 0x80000ba4 (0x0001)
core   0: 0x80000ba6 (0x00008ddd) c.or    a1, a5
core   0: 3 0x80000ba6 (0x8ddd) x11 0x05e9e45f
core   0: 0x80000ba8 (0x01d71c93) slli    s9, a4, 29
core   0: 3 0x80000ba8 (0x01d71c93) x25 0x00000000
core   0: 0x80000bac (0x000050f5) c.li    ra, -3
core   0: 3 0x80000bac (0x50f5) x1  0xfffffffd
core   0: 0x80000bae (0x00008fb1) c.xor   a5, a2
core   0: 3 0x80000bae (0x8fb1) x15 0x05e9e446
core   0: 0x80000bb0 (0x29462a97) auipc   s5, 0x29462
core   0: 3 0x80000bb0 (0x29462a97) x21 0xa9462bb0
core   0: 0x80000bb4 (0x67fea493) slti    s1, t4, 1663
core   0: 3 0x80000bb4 (0x67fea493) x9  0x00000000
core   0: 0x80000bb8 (0x00008de9) c.and   a1, a0
core   0: 3 0x80000bb8 (0x8de9) x11 0x00000007
core   0: 0x80000bba (0xffc7a713) slti    a4, a5, -4
core   0: 3 0x80000bba (0xffc7a713) x14 0x00000000
core   0: 0x80000bbe (0xf987e817) auipc   a6, 0xf987e
core   0: 3 0x80000bbe (0xf987e817) x16 0x7987ebbe
core   0: 0x80000bc2 (0x00000f85) c.addi  t6, 1
core   0: 3 0x80000bc2 (0x0f85) x31 0xfffffff7
core   0: 0x80000bc4 (0x02b127b3) mulhsu  a5, sp, a1
core   0: 3 0x80000bc4 (0x02b127b3) x15 0xffffffff
core   0: 0x80000bc8 (0x00008469) c.srai  s0, 26
core   0: 3 0x80000bc8 (0x8469) x8  0x00000000
core   0: 0x80000bca (0xfe1f93e3) bne     t6, ra, pc - 26
core   0: 3 0x80000bca (0xfe1f93e3)
core   0: 0x80000bb0 (0x29462a97) auipc   s5, 0x29462
core   0: 3 0x80000bb0 (0x29462a97) x21 0xa9462bb0
core   0: 0x80000bb4 (0x67fea493) slti    s1, t4, 1663
core   0: 3 0x80000bb4 (0x67fea493) x9  0x00000000
core   0: 0x80000bb8 (0x00008de9) c.and   a1, a0
core   0: 3 0x80000bb8 (0x8de9) x11 0x00000007
core   0: 0x80000bba (0xffc7a713) slti    a4, a5, -4
core   0: 3 0x80000bba (0xffc7a713) x14 0x00000000
core   0: 0x80000bbe (0xf987e817) auipc   a6, 0xf987e
core   0: 3 0x80000bbe (0xf987e817) x16 0x7987ebbe
core   0: 0x80000bc2 (0x00000f85) c.addi  t6, 1
core   0: 3 0x80000bc2 (0x0f85) x31 0xfffffff8
core   0: 0x80000bc4 (0x02b127b3) mulhsu  a5, sp, a1
core   0: 3 0x80000bc4 (0x02b127b3) x15 0xffffffff
core   0: 0x80000bc8 (0x00008469) c.srai  s0, 26
core   0: 3 0x80000bc8 (0x8469) x8  0x00000000
core   0: 0x80000bca (0xfe1f93e3) bne     t6, ra, pc - 26
core   0: 3 0x80000bca (0xfe1f93e3)
core   0: 0x80000bb0 (0x29462a97) auipc   s5, 0x29462
core   0: 3 0x80000bb0 (0x29462a97) x21 0xa9462bb0
core   0: 0x80000bb4 (0x67fea493) slti    s1, t4, 1663
core   0: 3 0x80000bb4 (0x67fea493) x9  0x00000000
core   0: 0x80000bb8 (0x00008de9) c.and   a1, a0
core   0: 3 0x80000bb8 (0x8de9) x11 0x00000007
core   0: 0x80000bba (0xffc7a713) slti    a4, a5, -4
core   0: 3 0x80000bba (0xffc7a713) x14 0x00000000
core   0: 0x80000bbe (0xf987e817) auipc   a6, 0xf987e
core   0: 3 0x80000bbe (0xf987e817) x16 0x7987ebbe
core   0: 0x80000bc2 (0x00000f85) c.addi  t6, 1
core   0: 3 0x80000bc2 (0x0f85) x31 0xfffffff9
core   0: 0x80000bc4 (0x02b127b3) mulhsu  a5, sp, a1
core   0: 3 0x80000bc4 (0x02b127b3) x15 0xffffffff
core   0: 0x80000bc8 (0x00008469) c.srai  s0, 26
core   0: 3 0x80000bc8 (0x8469) x8  0x00000000
core   0: 0x80000bca (0xfe1f93e3) bne     t6, ra, pc - 26
core   0: 3 0x80000bca (0xfe1f93e3)
core   0: 0x80000bb0 (0x29462a97) auipc   s5, 0x29462
core   0: 3 0x80000bb0 (0x29462a97) x21 0xa9462bb0
core   0: 0x80000bb4 (0x67fea493) slti    s1, t4, 1663
core   0: 3 0x80000bb4 (0x67fea493) x9  0x00000000
core   0: 0x80000bb8 (0x00008de9) c.and   a1, a0
core   0: 3 0x80000bb8 (0x8de9) x11 0x00000007
core   0: 0x80000bba (0xffc7a713) slti    a4, a5, -4
core   0: 3 0x80000bba (0xffc7a713) x14 0x00000000
core   0: 0x80000bbe (0xf987e817) auipc   a6, 0xf987e
core   0: 3 0x80000bbe (0xf987e817) x16 0x7987ebbe
core   0: 0x80000bc2 (0x00000f85) c.addi  t6, 1
core   0: 3 0x80000bc2 (0x0f85) x31 0xfffffffa
core   0: 0x80000bc4 (0x02b127b3) mulhsu  a5, sp, a1
core   0: 3 0x80000bc4 (0x02b127b3) x15 0xffffffff
core   0: 0x80000bc8 (0x00008469) c.srai  s0, 26
core   0: 3 0x80000bc8 (0x8469) x8  0x00000000
core   0: 0x80000bca (0xfe1f93e3) bne     t6, ra, pc - 26
core   0: 3 0x80000bca (0xfe1f93e3)
core   0: 0x80000bb0 (0x29462a97) auipc   s5, 0x29462
core   0: 3 0x80000bb0 (0x29462a97) x21 0xa9462bb0
core   0: 0x80000bb4 (0x67fea493) slti    s1, t4, 1663
core   0: 3 0x80000bb4 (0x67fea493) x9  0x00000000
core   0: 0x80000bb8 (0x00008de9) c.and   a1, a0
core   0: 3 0x80000bb8 (0x8de9) x11 0x00000007
core   0: 0x80000bba (0xffc7a713) slti    a4, a5, -4
core   0: 3 0x80000bba (0xffc7a713) x14 0x00000000
core   0: 0x80000bbe (0xf987e817) auipc   a6, 0xf987e
core   0: 3 0x80000bbe (0xf987e817) x16 0x7987ebbe
core   0: 0x80000bc2 (0x00000f85) c.addi  t6, 1
core   0: 3 0x80000bc2 (0x0f85) x31 0xfffffffb
core   0: 0x80000bc4 (0x02b127b3) mulhsu  a5, sp, a1
core   0: 3 0x80000bc4 (0x02b127b3) x15 0xffffffff
core   0: 0x80000bc8 (0x00008469) c.srai  s0, 26
core   0: 3 0x80000bc8 (0x8469) x8  0x00000000
core   0: 0x80000bca (0xfe1f93e3) bne     t6, ra, pc - 26
core   0: 3 0x80000bca (0xfe1f93e3)
core   0: 0x80000bb0 (0x29462a97) auipc   s5, 0x29462
core   0: 3 0x80000bb0 (0x29462a97) x21 0xa9462bb0
core   0: 0x80000bb4 (0x67fea493) slti    s1, t4, 1663
core   0: 3 0x80000bb4 (0x67fea493) x9  0x00000000
core   0: 0x80000bb8 (0x00008de9) c.and   a1, a0
core   0: 3 0x80000bb8 (0x8de9) x11 0x00000007
core   0: 0x80000bba (0xffc7a713) slti    a4, a5, -4
core   0: 3 0x80000bba (0xffc7a713) x14 0x00000000
core   0: 0x80000bbe (0xf987e817) auipc   a6, 0xf987e
core   0: 3 0x80000bbe (0xf987e817) x16 0x7987ebbe
core   0: 0x80000bc2 (0x00000f85) c.addi  t6, 1
core   0: 3 0x80000bc2 (0x0f85) x31 0xfffffffc
core   0: 0x80000bc4 (0x02b127b3) mulhsu  a5, sp, a1
core   0: 3 0x80000bc4 (0x02b127b3) x15 0xffffffff
core   0: 0x80000bc8 (0x00008469) c.srai  s0, 26
core   0: 3 0x80000bc8 (0x8469) x8  0x00000000
core   0: 0x80000bca (0xfe1f93e3) bne     t6, ra, pc - 26
core   0: 3 0x80000bca (0xfe1f93e3)
core   0: 0x80000bb0 (0x29462a97) auipc   s5, 0x29462
core   0: 3 0x80000bb0 (0x29462a97) x21 0xa9462bb0
core   0: 0x80000bb4 (0x67fea493) slti    s1, t4, 1663
core   0: 3 0x80000bb4 (0x67fea493) x9  0x00000000
core   0: 0x80000bb8 (0x00008de9) c.and   a1, a0
core   0: 3 0x80000bb8 (0x8de9) x11 0x00000007
core   0: 0x80000bba (0xffc7a713) slti    a4, a5, -4
core   0: 3 0x80000bba (0xffc7a713) x14 0x00000000
core   0: 0x80000bbe (0xf987e817) auipc   a6, 0xf987e
core   0: 3 0x80000bbe (0xf987e817) x16 0x7987ebbe
core   0: 0x80000bc2 (0x00000f85) c.addi  t6, 1
core   0: 3 0x80000bc2 (0x0f85) x31 0xfffffffd
core   0: 0x80000bc4 (0x02b127b3) mulhsu  a5, sp, a1
core   0: 3 0x80000bc4 (0x02b127b3) x15 0xffffffff
core   0: 0x80000bc8 (0x00008469) c.srai  s0, 26
core   0: 3 0x80000bc8 (0x8469) x8  0x00000000
core   0: 0x80000bca (0xfe1f93e3) bne     t6, ra, pc - 26
core   0: 3 0x80000bca (0xfe1f93e3)
core   0: 0x80000bce (0x41ead893) srai    a7, s5, 30
core   0: 3 0x80000bce (0x41ead893) x17 0xfffffffe
core   0: 0x80000bd2 (0x00008db1) c.xor   a1, a2
core   0: 3 0x80000bd2 (0x8db1) x11 0x00000008
core   0: 0x80000bd4 (0x0000dd5d) c.beqz  a0, pc - 66
core   0: 3 0x80000bd4 (0xdd5d)
core   0: 0x80000bd6 (0x723f0d13) addi    s10, t5, 1827
core   0: 3 0x80000bd6 (0x723f0d13) x26 0x00000723
core   0: 0x80000bda (0x000056e5) c.li    a3, -7
core   0: 3 0x80000bda (0x56e5) x13 0xfffffff9
core   0: 0x80000bdc (0x00005161) c.li    sp, -8
core   0: 3 0x80000bdc (0x5161) x2  0xfffffff8
core   0: 0x80000bde (0x002b62b3) or      t0, s6, sp
core   0: 3 0x80000bde (0x002b62b3) x5  0xfffffffc
core   0: 0x80000be2 (0x000016e1) c.addi  a3, -8
core   0: 3 0x80000be2 (0x16e1) x13 0xfffffff1
core   0: 0x80000be4 (0xfe26dde3) bge     a3, sp, pc - 6
core   0: 3 0x80000be4 (0xfe26dde3)
core   0: 0x80000be8 (0x00000ded) c.addi  s11, 27
core   0: 3 0x80000be8 (0x0ded) x27 0x0000001b
core   0: 0x80000bea (0x000041a9) c.li    gp, 10
core   0: 3 0x80000bea (0x41a9) x3  0x0000000a
core   0: 0x80000bec (0x00004311) c.li    t1, 4
core   0: 3 0x80000bec (0x4311) x6  0x00000004
core   0: 0x80000bee (0x00008e5d) c.or    a2, a5
core   0: 3 0x80000bee (0x8e5d) x12 0xffffffff
core   0: 0x80000bf0 (0x000011dd) c.addi  gp, -9
core   0: 3 0x80000bf0 (0x11dd) x3  0x00000001
core   0: 0x80000bf2 (0xfe61dee3) bge     gp, t1, pc - 4
core   0: 3 0x80000bf2 (0xfe61dee3)
core   0: 0x80000bf6 (0x001dab33) slt     s6, s11, ra
core   0: 3 0x80000bf6 (0x001dab33) x22 0x00000000
core   0: 0x80000bfa (0x00005d6d) c.li    s10, -5
core   0: 3 0x80000bfa (0x5d6d) x26 0xfffffffb
core   0: 0x80000bfc (0x00004805) c.li    a6, 1
core   0: 3 0x80000bfc (0x4805) x16 0x00000001
core   0: 0x80000bfe (0x014d8333) add     t1, s11, s4
core   0: 3 0x80000bfe (0x014d8333) x6  0x083e0ba5
core   0: 0x80000c02 (0x00008691) c.srai  a3, 4
core   0: 3 0x80000c02 (0x8691) x13 0xffffffff
core   0: 0x80000c04 (0xf2d8ef93) ori     t6, a7, -211
core   0: 3 0x80000c04 (0xf2d8ef93) x31 0xffffffff
core   0: 0x80000c08 (0x0000110c) c.addi4spn a1, sp, 160
core   0: 3 0x80000c08 (0x110c) x11 0x00000098
core   0: 0x80000c0a (0x014a68b3) or      a7, s4, s4
core   0: 3 0x80000c0a (0x014a68b3) x17 0x083e0b8a
core   0: 0x80000c0e (0x00000d29) c.addi  s10, 10
core   0: 3 0x80000c0e (0x0d29) x26 0x00000005
core   0: 0x80000c10 (0xbd800513) li      a0, -1064
core   0: 3 0x80000c10 (0xbd800513) x10 0xfffffbd8
core   0: 0x80000c14 (0x00004f15) c.li    t5, 5
core   0: 3 0x80000c14 (0x4f15) x30 0x00000005
core   0: 0x80000c16 (0x40e4d733) sra     a4, s1, a4
core   0: 3 0x80000c16 (0x40e4d733) x14 0x00000000
core   0: 0x80000c1a (0x00005ab5) c.li    s5, -19
core   0: 3 0x80000c1a (0x5ab5) x21 0xffffffed
core   0: 0x80000c1c (0x02ceddb3) divu    s11, t4, a2
core   0: 3 0x80000c1c (0x02ceddb3) x27 0x00000000
core   0: 0x80000c20 (0x01d1e433) or      s0, gp, t4
core   0: 3 0x80000c20 (0x01d1e433) x8  0x307a4b71
core   0: 0x80000c24 (0x00001f65) c.addi  t5, -7
core   0: 3 0x80000c24 (0x1f65) x30 0xfffffffe
core   0: 0x80000c26 (0xff5f5de3) bge     t5, s5, pc - 6
core   0: 3 0x80000c26 (0xff5f5de3)
core   0: 0x80000c20 (0x01d1e433) or      s0, gp, t4
core   0: 3 0x80000c20 (0x01d1e433) x8  0x307a4b71
core   0: 0x80000c24 (0x00001f65) c.addi  t5, -7
core   0: 3 0x80000c24 (0x1f65) x30 0xfffffff7
core   0: 0x80000c26 (0xff5f5de3) bge     t5, s5, pc - 6
core   0: 3 0x80000c26 (0xff5f5de3)
core   0: 0x80000c20 (0x01d1e433) or      s0, gp, t4
core   0: 3 0x80000c20 (0x01d1e433) x8  0x307a4b71
core   0: 0x80000c24 (0x00001f65) c.addi  t5, -7
core   0: 3 0x80000c24 (0x1f65) x30 0xfffffff0
core   0: 0x80000c26 (0xff5f5de3) bge     t5, s5, pc - 6
core   0: 3 0x80000c26 (0xff5f5de3)
core   0: 0x80000c20 (0x01d1e433) or      s0, gp, t4
core   0: 3 0x80000c20 (0x01d1e433) x8  0x307a4b71
core   0: 0x80000c24 (0x00001f65) c.addi  t5, -7
core   0: 3 0x80000c24 (0x1f65) x30 0xffffffe9
core   0: 0x80000c26 (0xff5f5de3) bge     t5, s5, pc - 6
core   0: 3 0x80000c26 (0xff5f5de3)
core   0: 0x80000c2a (0x00008585) c.srai  a1, 1
core   0: 3 0x80000c2a (0x8585) x11 0x0000004c
core   0: 0x80000c2c (0xfd0d6ce3) bltu    s10, a6, pc - 40
core   0: 3 0x80000c2c (0xfd0d6ce3)
core   0: 0x80000c30 (0x026c4033) div     zero, s8, t1
core   0: 3 0x80000c30 (0x026c4033)
core   0: 0x80000c34 (0x000050d9) c.li    ra, -10
core   0: 3 0x80000c34 (0x50d9) x1  0xfffffff6
core   0: 0x80000c36 (0x000051b5) c.li    gp, -19
core   0: 3 0x80000c36 (0x51b5) x3  0xffffffed
core   0: 0x80000c38 (0x5c41ea13) ori     s4, gp, 1476
core   0: 3 0x80000c38 (0x5c41ea13) x20 0xffffffed
core   0: 0x80000c3c (0xe2a24893) xori    a7, tp, -470
core   0: 3 0x80000c3c (0xe2a24893) x17 0x7ffd630e
core   0: 0x80000c40 (0x0143c6b3) xor     a3, t2, s4
core   0: 3 0x80000c40 (0x0143c6b3) x13 0x0000001e
core   0: 0x80000c44 (0x000010f5) c.addi  ra, -3
core   0: 3 0x80000c44 (0x10f5) x1  0xfffffff3
core   0: 0x80000c46 (0x00005f7d) c.li    t5, -1
core   0: 3 0x80000c46 (0x5f7d) x30 0xffffffff
core   0: 0x80000c48 (0x00004bc9) c.li    s7, 18
core   0: 3 0x80000c48 (0x4bc9) x23 0x00000012
core   0: 0x80000c4a (0x00004729) c.li    a4, 10
core   0: 3 0x80000c4a (0x4729) x14 0x0000000a
core   0: 0x80000c4c (0xb7f1c993) xori    s3, gp, -1153
core   0: 3 0x80000c4c (0xb7f1c993) x19 0x00000492
core   0: 0x80000c50 (0x017d5113) srli    sp, s10, 23
core   0: 3 0x80000c50 (0x017d5113) x2  0x00000000
core   0: 0x80000c54 (0x00006a15) c.lui   s4, 0x5
core   0: 3 0x80000c54 (0x6a15) x20 0x00005000
core   0: 0x80000c56 (0x000065e1) c.lui   a1, 0x18
core   0: 3 0x80000c56 (0x65e1) x11 0x00018000
core   0: 0x80000c58 (0x00008c59) c.or    s0, a4
core   0: 3 0x80000c58 (0x8c59) x8  0x307a4b7b
core   0: 0x80000c5a (0x00000f19) c.addi  t5, 6
core   0: 3 0x80000c5a (0x0f19) x30 0x00000005
core   0: 0x80000c5c (0x00004fc9) c.li    t6, 18
core   0: 3 0x80000c5c (0x4fc9) x31 0x00000012
core   0: 0x80000c5e (0xfeef6be3) bltu    t5, a4, pc - 10
core   0: 3 0x80000c5e (0xfeef6be3)
core   0: 0x80000c54 (0x00006a15) c.lui   s4, 0x5
core   0: 3 0x80000c54 (0x6a15) x20 0x00005000
core   0: 0x80000c56 (0x000065e1) c.lui   a1, 0x18
core   0: 3 0x80000c56 (0x65e1) x11 0x00018000
core   0: 0x80000c58 (0x00008c59) c.or    s0, a4
core   0: 3 0x80000c58 (0x8c59) x8  0x307a4b7b
core   0: 0x80000c5a (0x00000f19) c.addi  t5, 6
core   0: 3 0x80000c5a (0x0f19) x30 0x0000000b
core   0: 0x80000c5c (0x00004fc9) c.li    t6, 18
core   0: 3 0x80000c5c (0x4fc9) x31 0x00000012
core   0: 0x80000c5e (0xfeef6be3) bltu    t5, a4, pc - 10
core   0: 3 0x80000c5e (0xfeef6be3)
core   0: 0x80000c62 (0xfc309de3) bne     ra, gp, pc - 38
core   0: 3 0x80000c62 (0xfc309de3)
core   0: 0x80000c3c (0xe2a24893) xori    a7, tp, -470
core   0: 3 0x80000c3c (0xe2a24893) x17 0x7ffd630e
core   0: 0x80000c40 (0x0143c6b3) xor     a3, t2, s4
core   0: 3 0x80000c40 (0x0143c6b3) x13 0xffffaff3
core   0: 0x80000c44 (0x000010f5) c.addi  ra, -3
core   0: 3 0x80000c44 (0x10f5) x1  0xfffffff0
core   0: 0x80000c46 (0x00005f7d) c.li    t5, -1
core   0: 3 0x80000c46 (0x5f7d) x30 0xffffffff
core   0: 0x80000c48 (0x00004bc9) c.li    s7, 18
core   0: 3 0x80000c48 (0x4bc9) x23 0x00000012
core   0: 0x80000c4a (0x00004729) c.li    a4, 10
core   0: 3 0x80000c4a (0x4729) x14 0x0000000a
core   0: 0x80000c4c (0xb7f1c993) xori    s3, gp, -1153
core   0: 3 0x80000c4c (0xb7f1c993) x19 0x00000492
core   0: 0x80000c50 (0x017d5113) srli    sp, s10, 23
core   0: 3 0x80000c50 (0x017d5113) x2  0x00000000
core   0: 0x80000c54 (0x00006a15) c.lui   s4, 0x5
core   0: 3 0x80000c54 (0x6a15) x20 0x00005000
core   0: 0x80000c56 (0x000065e1) c.lui   a1, 0x18
core   0: 3 0x80000c56 (0x65e1) x11 0x00018000
core   0: 0x80000c58 (0x00008c59) c.or    s0, a4
core   0: 3 0x80000c58 (0x8c59) x8  0x307a4b7b
core   0: 0x80000c5a (0x00000f19) c.addi  t5, 6
core   0: 3 0x80000c5a (0x0f19) x30 0x00000005
core   0: 0x80000c5c (0x00004fc9) c.li    t6, 18
core   0: 3 0x80000c5c (0x4fc9) x31 0x00000012
core   0: 0x80000c5e (0xfeef6be3) bltu    t5, a4, pc - 10
core   0: 3 0x80000c5e (0xfeef6be3)
core   0: 0x80000c54 (0x00006a15) c.lui   s4, 0x5
core   0: 3 0x80000c54 (0x6a15) x20 0x00005000
core   0: 0x80000c56 (0x000065e1) c.lui   a1, 0x18
core   0: 3 0x80000c56 (0x65e1) x11 0x00018000
core   0: 0x80000c58 (0x00008c59) c.or    s0, a4
core   0: 3 0x80000c58 (0x8c59) x8  0x307a4b7b
core   0: 0x80000c5a (0x00000f19) c.addi  t5, 6
core   0: 3 0x80000c5a (0x0f19) x30 0x0000000b
core   0: 0x80000c5c (0x00004fc9) c.li    t6, 18
core   0: 3 0x80000c5c (0x4fc9) x31 0x00000012
core   0: 0x80000c5e (0xfeef6be3) bltu    t5, a4, pc - 10
core   0: 3 0x80000c5e (0xfeef6be3)
core   0: 0x80000c62 (0xfc309de3) bne     ra, gp, pc - 38
core   0: 3 0x80000c62 (0xfc309de3)
core   0: 0x80000c3c (0xe2a24893) xori    a7, tp, -470
core   0: 3 0x80000c3c (0xe2a24893) x17 0x7ffd630e
core   0: 0x80000c40 (0x0143c6b3) xor     a3, t2, s4
core   0: 3 0x80000c40 (0x0143c6b3) x13 0xffffaff3
core   0: 0x80000c44 (0x000010f5) c.addi  ra, -3
core   0: 3 0x80000c44 (0x10f5) x1  0xffffffed
core   0: 0x80000c46 (0x00005f7d) c.li    t5, -1
core   0: 3 0x80000c46 (0x5f7d) x30 0xffffffff
core   0: 0x80000c48 (0x00004bc9) c.li    s7, 18
core   0: 3 0x80000c48 (0x4bc9) x23 0x00000012
core   0: 0x80000c4a (0x00004729) c.li    a4, 10
core   0: 3 0x80000c4a (0x4729) x14 0x0000000a
core   0: 0x80000c4c (0xb7f1c993) xori    s3, gp, -1153
core   0: 3 0x80000c4c (0xb7f1c993) x19 0x00000492
core   0: 0x80000c50 (0x017d5113) srli    sp, s10, 23
core   0: 3 0x80000c50 (0x017d5113) x2  0x00000000
core   0: 0x80000c54 (0x00006a15) c.lui   s4, 0x5
core   0: 3 0x80000c54 (0x6a15) x20 0x00005000
core   0: 0x80000c56 (0x000065e1) c.lui   a1, 0x18
core   0: 3 0x80000c56 (0x65e1) x11 0x00018000
core   0: 0x80000c58 (0x00008c59) c.or    s0, a4
core   0: 3 0x80000c58 (0x8c59) x8  0x307a4b7b
core   0: 0x80000c5a (0x00000f19) c.addi  t5, 6
core   0: 3 0x80000c5a (0x0f19) x30 0x00000005
core   0: 0x80000c5c (0x00004fc9) c.li    t6, 18
core   0: 3 0x80000c5c (0x4fc9) x31 0x00000012
core   0: 0x80000c5e (0xfeef6be3) bltu    t5, a4, pc - 10
core   0: 3 0x80000c5e (0xfeef6be3)
core   0: 0x80000c54 (0x00006a15) c.lui   s4, 0x5
core   0: 3 0x80000c54 (0x6a15) x20 0x00005000
core   0: 0x80000c56 (0x000065e1) c.lui   a1, 0x18
core   0: 3 0x80000c56 (0x65e1) x11 0x00018000
core   0: 0x80000c58 (0x00008c59) c.or    s0, a4
core   0: 3 0x80000c58 (0x8c59) x8  0x307a4b7b
core   0: 0x80000c5a (0x00000f19) c.addi  t5, 6
core   0: 3 0x80000c5a (0x0f19) x30 0x0000000b
core   0: 0x80000c5c (0x00004fc9) c.li    t6, 18
core   0: 3 0x80000c5c (0x4fc9) x31 0x00000012
core   0: 0x80000c5e (0xfeef6be3) bltu    t5, a4, pc - 10
core   0: 3 0x80000c5e (0xfeef6be3)
core   0: 0x80000c62 (0xfc309de3) bne     ra, gp, pc - 38
core   0: 3 0x80000c62 (0xfc309de3)
core   0: 0x80000c66 (0x01221893) slli    a7, tp, 18
core   0: 3 0x80000c66 (0x01221893) x17 0x74900000
core   0: 0x80000c6a (0x000054e5) c.li    s1, -7
core   0: 3 0x80000c6a (0x54e5) x9  0xfffffff9
core   0: 0x80000c6c (0x9f68a093) slti    ra, a7, -1546
core   0: 3 0x80000c6c (0x9f68a093) x1  0x00000000
core   0: 0x80000c70 (0x03dbdcb3) divu    s9, s7, t4
core   0: 3 0x80000c70 (0x03dbdcb3) x25 0x00000000
core   0: 0x80000c74 (0x03ad51b3) divu    gp, s10, s10
core   0: 3 0x80000c74 (0x03ad51b3) x3  0x00000001
core   0: 0x80000c78 (0x41b90ab3) sub     s5, s2, s11
core   0: 3 0x80000c78 (0x41b90ab3) x21 0x00000010
core   0: 0x80000c7c (0x0000846a) c.mv    s0, s10
core   0: 3 0x80000c7c (0x846a) x8  0x00000005
core   0: 0x80000c7e (0x00000001) c.nop
core   0: 3 0x80000c7e (0x0001)
core   0: 0x80000c80 (0x76dd7393) andi    t2, s10, 1901
core   0: 3 0x80000c80 (0x76dd7393) x7  0x00000005
core   0: 0x80000c84 (0x00000001) c.nop
core   0: 3 0x80000c84 (0x0001)
core   0: 0x80000c86 (0x00000510) c.addi4spn a2, sp, 640
core   0: 3 0x80000c86 (0x0510) x12 0x00000280
core   0: 0x80000c88 (0x00008ec5) c.or    a3, s1
core   0: 3 0x80000c88 (0x8ec5) x13 0xfffffffb
core   0: 0x80000c8a (0xf3c33c93) sltiu   s9, t1, -196
core   0: 3 0x80000c8a (0xf3c33c93) x25 0x00000001
core   0: 0x80000c8e (0x032b4133) div     sp, s6, s2
core   0: 3 0x80000c8e (0x032b4133) x2  0x00000000
core   0: 0x80000c92 (0x003b6db3) or      s11, s6, gp
core   0: 3 0x80000c92 (0x003b6db3) x27 0x00000001
core   0: 0x80000c96 (0x00858d93) addi    s11, a1, 8
core   0: 3 0x80000c96 (0x00858d93) x27 0x00018008
core   0: 0x80000c9a (0x00000485) c.addi  s1, 1
core   0: 3 0x80000c9a (0x0485) x9  0xfffffffa
core   0: 0x80000c9c (0x000a8b33) add     s6, s5, zero
core   0: 3 0x80000c9c (0x000a8b33) x22 0x00000010
core   0: 0x80000ca0 (0xe15d3c93) sltiu   s9, s10, -491
core   0: 3 0x80000ca0 (0xe15d3c93) x25 0x00000001
core   0: 0x80000ca4 (0x00e21513) slli    a0, tp, 14
core   0: 3 0x80000ca4 (0x00e21513) x10 0xa7490000
core   0: 0x80000ca8 (0x00008eb1) c.xor   a3, a2
core   0: 3 0x80000ca8 (0x8eb1) x13 0xfffffd7b
core   0: 0x80000caa (0x3310fbb7) lui     s7, 0x3310f
core   0: 3 0x80000caa (0x3310fbb7) x23 0x3310f000
core   0: 0x80000cae (0x0000dce9) c.beqz  s1, pc - 38
core   0: 3 0x80000cae (0xdce9)
core   0: 0x80000cb0 (0x02abc333) div     t1, s7, a0
core   0: 3 0x80000cb0 (0x02abc333) x6  0x00000000
core   0: 0x80000cb4 (0x00004195) c.li    gp, 5
core   0: 3 0x80000cb4 (0x4195) x3  0x00000005
core   0: 0x80000cb6 (0x8918fa93) andi    s5, a7, -1903
core   0: 3 0x80000cb6 (0x8918fa93) x21 0x74900000
core   0: 0x80000cba (0x00004dc5) c.li    s11, 17
core   0: 3 0x80000cba (0x4dc5) x27 0x00000011
core   0: 0x80000cbc (0x00004819) c.li    a6, 6
core   0: 3 0x80000cbc (0x4819) x16 0x00000006
core   0: 0x80000cbe (0x03b31633) mulh    a2, t1, s11
core   0: 3 0x80000cbe (0x03b31633) x12 0x00000000
core   0: 0x80000cc2 (0x1c528137) lui     sp, 0x1c528
core   0: 3 0x80000cc2 (0x1c528137) x2  0x1c528000
core   0: 0x80000cc6 (0x00008d99) c.sub   a1, a4
core   0: 3 0x80000cc6 (0x8d99) x11 0x00017ff6
core   0: 0x80000cc8 (0x03690433) mul     s0, s2, s6
core   0: 3 0x80000cc8 (0x03690433) x8  0x00000100
core   0: 0x80000ccc (0x0000493d) c.li    s2, 15
core   0: 3 0x80000ccc (0x493d) x18 0x0000000f
core   0: 0x80000cce (0xf8810a93) addi    s5, sp, -120
core   0: 3 0x80000cce (0xf8810a93) x21 0x1c527f88
core   0: 0x80000cd2 (0x5d4af393) andi    t2, s5, 1492
core   0: 3 0x80000cd2 (0x5d4af393) x7  0x00000580
core   0: 0x80000cd6 (0xebc90d13) addi    s10, s2, -324
core   0: 3 0x80000cd6 (0xebc90d13) x26 0xfffffecb
core   0: 0x80000cda (0x02da60b3) rem     ra, s4, a3
core   0: 3 0x80000cda (0x02da60b3) x1  0x000001e5
core   0: 0x80000cde (0x02a6dc33) divu    s8, a3, a0
core   0: 3 0x80000cde (0x02a6dc33) x24 0x00000001
core   0: 0x80000ce2 (0x00000195) c.addi  gp, 5
core   0: 3 0x80000ce2 (0x0195) x3  0x0000000a
core   0: 0x80000ce4 (0x00001dfd) c.addi  s11, -1
core   0: 3 0x80000ce4 (0x1dfd) x27 0x00000010
core   0: 0x80000ce6 (0x00004525) c.li    a0, 9
core   0: 3 0x80000ce6 (0x4525) x10 0x00000009
core   0: 0x80000ce8 (0x00004a05) c.li    s4, 1
core   0: 3 0x80000ce8 (0x4a05) x20 0x00000001
core   0: 0x80000cea (0x03e9f633) remu    a2, s3, t5
core   0: 3 0x80000cea (0x03e9f633) x12 0x00000004
core   0: 0x80000cee (0x00006145) c.addi16sp sp, 48
core   0: 3 0x80000cee (0x6145) x2  0x1c528030
core   0: 0x80000cf0 (0x00008f4d) c.or    a4, a1
core   0: 3 0x80000cf0 (0x8f4d) x14 0x00017ffe
core   0: 0x80000cf2 (0x2aba6613) ori     a2, s4, 683
core   0: 3 0x80000cf2 (0x2aba6613) x12 0x000002ab
core   0: 0x80000cf6 (0x032ccc33) div     s8, s9, s2
core   0: 3 0x80000cf6 (0x032ccc33) x24 0x00000000
core   0: 0x80000cfa (0x00001571) c.addi  a0, -4
core   0: 3 0x80000cfa (0x1571) x10 0x00000005
core   0: 0x80000cfc (0x007adb93) srli    s7, s5, 7
core   0: 3 0x80000cfc (0x007adb93) x23 0x0038a4ff
core   0: 0x80000d00 (0x00008db9) c.xor   a1, a4
core   0: 3 0x80000d00 (0x8db9) x11 0x00000008
core   0: 0x80000d02 (0x036c0c33) mul     s8, s8, s6
core   0: 3 0x80000d02 (0x036c0c33) x24 0x00000000
core   0: 0x80000d06 (0x036d36b3) mulhu   a3, s10, s6
core   0: 3 0x80000d06 (0x036d36b3) x13 0x0000000f
core   0: 0x80000d0a (0xff4510e3) bne     a0, s4, pc - 32
core   0: 3 0x80000d0a (0xff4510e3)
core   0: 0x80000cea (0x03e9f633) remu    a2, s3, t5
core   0: 3 0x80000cea (0x03e9f633) x12 0x00000004
core   0: 0x80000cee (0x00006145) c.addi16sp sp, 48
core   0: 3 0x80000cee (0x6145) x2  0x1c528060
core   0: 0x80000cf0 (0x00008f4d) c.or    a4, a1
core   0: 3 0x80000cf0 (0x8f4d) x14 0x00017ffe
core   0: 0x80000cf2 (0x2aba6613) ori     a2, s4, 683
core   0: 3 0x80000cf2 (0x2aba6613) x12 0x000002ab
core   0: 0x80000cf6 (0x032ccc33) div     s8, s9, s2
core   0: 3 0x80000cf6 (0x032ccc33) x24 0x00000000
core   0: 0x80000cfa (0x00001571) c.addi  a0, -4
core   0: 3 0x80000cfa (0x1571) x10 0x00000001
core   0: 0x80000cfc (0x007adb93) srli    s7, s5, 7
core   0: 3 0x80000cfc (0x007adb93) x23 0x0038a4ff
core   0: 0x80000d00 (0x00008db9) c.xor   a1, a4
core   0: 3 0x80000d00 (0x8db9) x11 0x00017ff6
core   0: 0x80000d02 (0x036c0c33) mul     s8, s8, s6
core   0: 3 0x80000d02 (0x036c0c33) x24 0x00000000
core   0: 0x80000d06 (0x036d36b3) mulhu   a3, s10, s6
core   0: 3 0x80000d06 (0x036d36b3) x13 0x0000000f
core   0: 0x80000d0a (0xff4510e3) bne     a0, s4, pc - 32
core   0: 3 0x80000d0a (0xff4510e3)
core   0: 0x80000d0e (0x326b7113) andi    sp, s6, 806
core   0: 3 0x80000d0e (0x326b7113) x2  0x00000000
core   0: 0x80000d12 (0x03c27c33) remu    s8, tp, t3
core   0: 3 0x80000d12 (0x03c27c33) x24 0x00003e80
core   0: 0x80000d16 (0xfb219ee3) bne     gp, s2, pc - 68
core   0: 3 0x80000d16 (0xfb219ee3)
core   0: 0x80000cd2 (0x5d4af393) andi    t2, s5, 1492
core   0: 3 0x80000cd2 (0x5d4af393) x7  0x00000580
core   0: 0x80000cd6 (0xebc90d13) addi    s10, s2, -324
core   0: 3 0x80000cd6 (0xebc90d13) x26 0xfffffecb
core   0: 0x80000cda (0x02da60b3) rem     ra, s4, a3
core   0: 3 0x80000cda (0x02da60b3) x1  0x00000001
core   0: 0x80000cde (0x02a6dc33) divu    s8, a3, a0
core   0: 3 0x80000cde (0x02a6dc33) x24 0x0000000f
core   0: 0x80000ce2 (0x00000195) c.addi  gp, 5
core   0: 3 0x80000ce2 (0x0195) x3  0x0000000f
core   0: 0x80000ce4 (0x00001dfd) c.addi  s11, -1
core   0: 3 0x80000ce4 (0x1dfd) x27 0x0000000f
core   0: 0x80000ce6 (0x00004525) c.li    a0, 9
core   0: 3 0x80000ce6 (0x4525) x10 0x00000009
core   0: 0x80000ce8 (0x00004a05) c.li    s4, 1
core   0: 3 0x80000ce8 (0x4a05) x20 0x00000001
core   0: 0x80000cea (0x03e9f633) remu    a2, s3, t5
core   0: 3 0x80000cea (0x03e9f633) x12 0x00000004
core   0: 0x80000cee (0x00006145) c.addi16sp sp, 48
core   0: 3 0x80000cee (0x6145) x2  0x00000030
core   0: 0x80000cf0 (0x00008f4d) c.or    a4, a1
core   0: 3 0x80000cf0 (0x8f4d) x14 0x00017ffe
core   0: 0x80000cf2 (0x2aba6613) ori     a2, s4, 683
core   0: 3 0x80000cf2 (0x2aba6613) x12 0x000002ab
core   0: 0x80000cf6 (0x032ccc33) div     s8, s9, s2
core   0: 3 0x80000cf6 (0x032ccc33) x24 0x00000000
core   0: 0x80000cfa (0x00001571) c.addi  a0, -4
core   0: 3 0x80000cfa (0x1571) x10 0x00000005
core   0: 0x80000cfc (0x007adb93) srli    s7, s5, 7
core   0: 3 0x80000cfc (0x007adb93) x23 0x0038a4ff
core   0: 0x80000d00 (0x00008db9) c.xor   a1, a4
core   0: 3 0x80000d00 (0x8db9) x11 0x00000008
core   0: 0x80000d02 (0x036c0c33) mul     s8, s8, s6
core   0: 3 0x80000d02 (0x036c0c33) x24 0x00000000
core   0: 0x80000d06 (0x036d36b3) mulhu   a3, s10, s6
core   0: 3 0x80000d06 (0x036d36b3) x13 0x0000000f
core   0: 0x80000d0a (0xff4510e3) bne     a0, s4, pc - 32
core   0: 3 0x80000d0a (0xff4510e3)
core   0: 0x80000cea (0x03e9f633) remu    a2, s3, t5
core   0: 3 0x80000cea (0x03e9f633) x12 0x00000004
core   0: 0x80000cee (0x00006145) c.addi16sp sp, 48
core   0: 3 0x80000cee (0x6145) x2  0x00000060
core   0: 0x80000cf0 (0x00008f4d) c.or    a4, a1
core   0: 3 0x80000cf0 (0x8f4d) x14 0x00017ffe
core   0: 0x80000cf2 (0x2aba6613) ori     a2, s4, 683
core   0: 3 0x80000cf2 (0x2aba6613) x12 0x000002ab
core   0: 0x80000cf6 (0x032ccc33) div     s8, s9, s2
core   0: 3 0x80000cf6 (0x032ccc33) x24 0x00000000
core   0: 0x80000cfa (0x00001571) c.addi  a0, -4
core   0: 3 0x80000cfa (0x1571) x10 0x00000001
core   0: 0x80000cfc (0x007adb93) srli    s7, s5, 7
core   0: 3 0x80000cfc (0x007adb93) x23 0x0038a4ff
core   0: 0x80000d00 (0x00008db9) c.xor   a1, a4
core   0: 3 0x80000d00 (0x8db9) x11 0x00017ff6
core   0: 0x80000d02 (0x036c0c33) mul     s8, s8, s6
core   0: 3 0x80000d02 (0x036c0c33) x24 0x00000000
core   0: 0x80000d06 (0x036d36b3) mulhu   a3, s10, s6
core   0: 3 0x80000d06 (0x036d36b3) x13 0x0000000f
core   0: 0x80000d0a (0xff4510e3) bne     a0, s4, pc - 32
core   0: 3 0x80000d0a (0xff4510e3)
core   0: 0x80000d0e (0x326b7113) andi    sp, s6, 806
core   0: 3 0x80000d0e (0x326b7113) x2  0x00000000
core   0: 0x80000d12 (0x03c27c33) remu    s8, tp, t3
core   0: 3 0x80000d12 (0x03c27c33) x24 0x00003e80
core   0: 0x80000d16 (0xfb219ee3) bne     gp, s2, pc - 68
core   0: 3 0x80000d16 (0xfb219ee3)
core   0: 0x80000d1a (0x000019fd) c.addi  s3, -1
core   0: 3 0x80000d1a (0x19fd) x19 0x00000491
core   0: 0x80000d1c (0x000056f9) c.li    a3, -2
core   0: 3 0x80000d1c (0x56f9) x13 0xfffffffe
core   0: 0x80000d1e (0x00001bfd) c.addi  s7, -1
core   0: 3 0x80000d1e (0x1bfd) x23 0x0038a4fe
core   0: 0x80000d20 (0x00004621) c.li    a2, 8
core   0: 3 0x80000d20 (0x4621) x12 0x00000008
core   0: 0x80000d22 (0x00008551) c.srai  a0, 20
core   0: 3 0x80000d22 (0x8551) x10 0x00000000
core   0: 0x80000d24 (0x00019c13) slli    s8, gp, 0
core   0: 3 0x80000d24 (0x00019c13) x24 0x0000000f
core   0: 0x80000d28 (0x00006149) c.addi16sp sp, 144
core   0: 3 0x80000d28 (0x6149) x2  0x00000090
core   0: 0x80000d2a (0x03099cb3) mulh    s9, s3, a6
core   0: 3 0x80000d2a (0x03099cb3) x25 0x00000000
core   0: 0x80000d2e (0x0000997d) c.andi  a0, -1
core   0: 3 0x80000d2e (0x997d) x10 0x00000000
core   0: 0x80000d30 (0x0000628d) c.lui   t0, 0x3
core   0: 3 0x80000d30 (0x628d) x5  0x00003000
core   0: 0x80000d32 (0x00008da9) c.xor   a1, a0
core   0: 3 0x80000d32 (0x8da9) x11 0x00017ff6
core   0: 0x80000d34 (0x0000069d) c.addi  a3, 7
core   0: 3 0x80000d34 (0x069d) x13 0x00000005
core   0: 0x80000d36 (0xfec6cce3) blt     a3, a2, pc - 8
core   0: 3 0x80000d36 (0xfec6cce3)
core   0: 0x80000d2e (0x0000997d) c.andi  a0, -1
core   0: 3 0x80000d2e (0x997d) x10 0x00000000
core   0: 0x80000d30 (0x0000628d) c.lui   t0, 0x3
core   0: 3 0x80000d30 (0x628d) x5  0x00003000
core   0: 0x80000d32 (0x00008da9) c.xor   a1, a0
core   0: 3 0x80000d32 (0x8da9) x11 0x00017ff6
core   0: 0x80000d34 (0x0000069d) c.addi  a3, 7
core   0: 3 0x80000d34 (0x069d) x13 0x0000000c
core   0: 0x80000d36 (0xfec6cce3) blt     a3, a2, pc - 8
core   0: 3 0x80000d36 (0xfec6cce3)
core   0: 0x80000d3a (0x00001318) c.addi4spn a4, sp, 416
core   0: 3 0x80000d3a (0x1318) x14 0x00000230
core   0: 0x80000d3c (0x00005b69) c.li    s6, -6
core   0: 3 0x80000d3c (0x5b69) x22 0xfffffffa
core   0: 0x80000d3e (0x0311dfb3) divu    t6, gp, a7
core   0: 3 0x80000d3e (0x0311dfb3) x31 0x00000000
core   0: 0x80000d42 (0x00000315) c.addi  t1, 5
core   0: 3 0x80000d42 (0x0315) x6  0x00000005
core   0: 0x80000d44 (0x00004d99) c.li    s11, 6
core   0: 3 0x80000d44 (0x4d99) x27 0x00000006
core   0: 0x80000d46 (0x017f3d33) sltu    s10, t5, s7
core   0: 3 0x80000d46 (0x017f3d33) x26 0x00000001
core   0: 0x80000d4a (0x417d59b3) sra     s3, s10, s7
core   0: 3 0x80000d4a (0x417d59b3) x19 0x00000000
core   0: 0x80000d4e (0x417f0033) sub     zero, t5, s7
core   0: 3 0x80000d4e (0x417f0033)
core   0: 0x80000d52 (0x01d5fc33) and     s8, a1, t4
core   0: 3 0x80000d52 (0x01d5fc33) x24 0x00004b70
core   0: 0x80000d56 (0x0000453d) c.li    a0, 15
core   0: 3 0x80000d56 (0x453d) x10 0x0000000f
core   0: 0x80000d58 (0x4111dd33) sra     s10, gp, a7
core   0: 3 0x80000d58 (0x4111dd33) x26 0x0000000f
core   0: 0x80000d5c (0x00ead433) srl     s0, s5, a4
core   0: 3 0x80000d5c (0x00ead433) x8  0x00001c52
core   0: 0x80000d60 (0x00000b09) c.addi  s6, 2
core   0: 3 0x80000d60 (0x0b09) x22 0xfffffffc
core   0: 0x80000d62 (0x0a78bb93) sltiu   s7, a7, 167
core   0: 3 0x80000d62 (0x0a78bb93) x23 0x00000000
core   0: 0x80000d66 (0x00931033) sll     zero, t1, s1
core   0: 3 0x80000d66 (0x00931033)
core   0: 0x80000d6a (0x0347cd33) div     s10, a5, s4
core   0: 3 0x80000d6a (0x0347cd33) x26 0xffffffff
core   0: 0x80000d6e (0x02c64333) div     t1, a2, a2
core   0: 3 0x80000d6e (0x02c64333) x6  0x00000001
core   0: 0x80000d72 (0x00004611) c.li    a2, 4
core   0: 3 0x80000d72 (0x4611) x12 0x00000004
core   0: 0x80000d74 (0x0000490d) c.li    s2, 3
core   0: 3 0x80000d74 (0x490d) x18 0x00000003
core   0: 0x80000d76 (0x00b66c33) or      s8, a2, a1
core   0: 3 0x80000d76 (0x00b66c33) x24 0x00017ff6
core   0: 0x80000d7a (0x027ab5b3) mulhu   a1, s5, t2
core   0: 3 0x80000d7a (0x027ab5b3) x11 0x0000009b
core   0: 0x80000d7e (0xcf007693) andi    a3, zero, -784
core   0: 3 0x80000d7e (0xcf007693) x13 0x00000000
core   0: 0x80000d82 (0x010453b3) srl     t2, s0, a6
core   0: 3 0x80000d82 (0x010453b3) x7  0x00000071
core   0: 0x80000d86 (0x41600a33) sub     s4, zero, s6
core   0: 3 0x80000d86 (0x41600a33) x20 0x00000004
core   0: 0x80000d8a (0x0000167d) c.addi  a2, -1
core   0: 3 0x80000d8a (0x167d) x12 0x00000003
core   0: 0x80000d8c (0x00df29b3) slt     s3, t5, a3
core   0: 3 0x80000d8c (0x00df29b3) x19 0x00000000
core   0: 0x80000d90 (0xff2677e3) bgeu    a2, s2, pc - 18
core   0: 3 0x80000d90 (0xff2677e3)
core   0: 0x80000d7e (0xcf007693) andi    a3, zero, -784
core   0: 3 0x80000d7e (0xcf007693) x13 0x00000000
core   0: 0x80000d82 (0x010453b3) srl     t2, s0, a6
core   0: 3 0x80000d82 (0x010453b3) x7  0x00000071
core   0: 0x80000d86 (0x41600a33) sub     s4, zero, s6
core   0: 3 0x80000d86 (0x41600a33) x20 0x00000004
core   0: 0x80000d8a (0x0000167d) c.addi  a2, -1
core   0: 3 0x80000d8a (0x167d) x12 0x00000002
core   0: 0x80000d8c (0x00df29b3) slt     s3, t5, a3
core   0: 3 0x80000d8c (0x00df29b3) x19 0x00000000
core   0: 0x80000d90 (0xff2677e3) bgeu    a2, s2, pc - 18
core   0: 3 0x80000d90 (0xff2677e3)
core   0: 0x80000d94 (0x00008c09) c.sub   s0, a0
core   0: 3 0x80000d94 (0x8c09) x8  0x00001c43
core   0: 0x80000d96 (0x00922f33) slt     t5, tp, s1
core   0: 3 0x80000d96 (0x00922f33) x30 0x00000001
core   0: 0x80000d9a (0xfbbb4ae3) blt     s6, s11, pc - 76
core   0: 3 0x80000d9a (0xfbbb4ae3)
core   0: 0x80000d4e (0x417f0033) sub     zero, t5, s7
core   0: 3 0x80000d4e (0x417f0033)
core   0: 0x80000d52 (0x01d5fc33) and     s8, a1, t4
core   0: 3 0x80000d52 (0x01d5fc33) x24 0x00000010
core   0: 0x80000d56 (0x0000453d) c.li    a0, 15
core   0: 3 0x80000d56 (0x453d) x10 0x0000000f
core   0: 0x80000d58 (0x4111dd33) sra     s10, gp, a7
core   0: 3 0x80000d58 (0x4111dd33) x26 0x0000000f
core   0: 0x80000d5c (0x00ead433) srl     s0, s5, a4
core   0: 3 0x80000d5c (0x00ead433) x8  0x00001c52
core   0: 0x80000d60 (0x00000b09) c.addi  s6, 2
core   0: 3 0x80000d60 (0x0b09) x22 0xfffffffe
core   0: 0x80000d62 (0x0a78bb93) sltiu   s7, a7, 167
core   0: 3 0x80000d62 (0x0a78bb93) x23 0x00000000
core   0: 0x80000d66 (0x00931033) sll     zero, t1, s1
core   0: 3 0x80000d66 (0x00931033)
core   0: 0x80000d6a (0x0347cd33) div     s10, a5, s4
core   0: 3 0x80000d6a (0x0347cd33) x26 0x00000000
core   0: 0x80000d6e (0x02c64333) div     t1, a2, a2
core   0: 3 0x80000d6e (0x02c64333) x6  0x00000001
core   0: 0x80000d72 (0x00004611) c.li    a2, 4
core   0: 3 0x80000d72 (0x4611) x12 0x00000004
core   0: 0x80000d74 (0x0000490d) c.li    s2, 3
core   0: 3 0x80000d74 (0x490d) x18 0x00000003
core   0: 0x80000d76 (0x00b66c33) or      s8, a2, a1
core   0: 3 0x80000d76 (0x00b66c33) x24 0x0000009f
core   0: 0x80000d7a (0x027ab5b3) mulhu   a1, s5, t2
core   0: 3 0x80000d7a (0x027ab5b3) x11 0x0000000c
core   0: 0x80000d7e (0xcf007693) andi    a3, zero, -784
core   0: 3 0x80000d7e (0xcf007693) x13 0x00000000
core   0: 0x80000d82 (0x010453b3) srl     t2, s0, a6
core   0: 3 0x80000d82 (0x010453b3) x7  0x00000071
core   0: 0x80000d86 (0x41600a33) sub     s4, zero, s6
core   0: 3 0x80000d86 (0x41600a33) x20 0x00000002
core   0: 0x80000d8a (0x0000167d) c.addi  a2, -1
core   0: 3 0x80000d8a (0x167d) x12 0x00000003
core   0: 0x80000d8c (0x00df29b3) slt     s3, t5, a3
core   0: 3 0x80000d8c (0x00df29b3) x19 0x00000000
core   0: 0x80000d90 (0xff2677e3) bgeu    a2, s2, pc - 18
core   0: 3 0x80000d90 (0xff2677e3)
core   0: 0x80000d7e (0xcf007693) andi    a3, zero, -784
core   0: 3 0x80000d7e (0xcf007693) x13 0x00000000
core   0: 0x80000d82 (0x010453b3) srl     t2, s0, a6
core   0: 3 0x80000d82 (0x010453b3) x7  0x00000071
core   0: 0x80000d86 (0x41600a33) sub     s4, zero, s6
core   0: 3 0x80000d86 (0x41600a33) x20 0x00000002
core   0: 0x80000d8a (0x0000167d) c.addi  a2, -1
core   0: 3 0x80000d8a (0x167d) x12 0x00000002
core   0: 0x80000d8c (0x00df29b3) slt     s3, t5, a3
core   0: 3 0x80000d8c (0x00df29b3) x19 0x00000000
core   0: 0x80000d90 (0xff2677e3) bgeu    a2, s2, pc - 18
core   0: 3 0x80000d90 (0xff2677e3)
core   0: 0x80000d94 (0x00008c09) c.sub   s0, a0
core   0: 3 0x80000d94 (0x8c09) x8  0x00001c43
core   0: 0x80000d96 (0x00922f33) slt     t5, tp, s1
core   0: 3 0x80000d96 (0x00922f33) x30 0x00000001
core   0: 0x80000d9a (0xfbbb4ae3) blt     s6, s11, pc - 76
core   0: 3 0x80000d9a (0xfbbb4ae3)
core   0: 0x80000d4e (0x417f0033) sub     zero, t5, s7
core   0: 3 0x80000d4e (0x417f0033)
core   0: 0x80000d52 (0x01d5fc33) and     s8, a1, t4
core   0: 3 0x80000d52 (0x01d5fc33) x24 0x00000000
core   0: 0x80000d56 (0x0000453d) c.li    a0, 15
core   0: 3 0x80000d56 (0x453d) x10 0x0000000f
core   0: 0x80000d58 (0x4111dd33) sra     s10, gp, a7
core   0: 3 0x80000d58 (0x4111dd33) x26 0x0000000f
core   0: 0x80000d5c (0x00ead433) srl     s0, s5, a4
core   0: 3 0x80000d5c (0x00ead433) x8  0x00001c52
core   0: 0x80000d60 (0x00000b09) c.addi  s6, 2
core   0: 3 0x80000d60 (0x0b09) x22 0x00000000
core   0: 0x80000d62 (0x0a78bb93) sltiu   s7, a7, 167
core   0: 3 0x80000d62 (0x0a78bb93) x23 0x00000000
core   0: 0x80000d66 (0x00931033) sll     zero, t1, s1
core   0: 3 0x80000d66 (0x00931033)
core   0: 0x80000d6a (0x0347cd33) div     s10, a5, s4
core   0: 3 0x80000d6a (0x0347cd33) x26 0x00000000
core   0: 0x80000d6e (0x02c64333) div     t1, a2, a2
core   0: 3 0x80000d6e (0x02c64333) x6  0x00000001
core   0: 0x80000d72 (0x00004611) c.li    a2, 4
core   0: 3 0x80000d72 (0x4611) x12 0x00000004
core   0: 0x80000d74 (0x0000490d) c.li    s2, 3
core   0: 3 0x80000d74 (0x490d) x18 0x00000003
core   0: 0x80000d76 (0x00b66c33) or      s8, a2, a1
core   0: 3 0x80000d76 (0x00b66c33) x24 0x0000000c
core   0: 0x80000d7a (0x027ab5b3) mulhu   a1, s5, t2
core   0: 3 0x80000d7a (0x027ab5b3) x11 0x0000000c
core   0: 0x80000d7e (0xcf007693) andi    a3, zero, -784
core   0: 3 0x80000d7e (0xcf007693) x13 0x00000000
core   0: 0x80000d82 (0x010453b3) srl     t2, s0, a6
core   0: 3 0x80000d82 (0x010453b3) x7  0x00000071
core   0: 0x80000d86 (0x41600a33) sub     s4, zero, s6
core   0: 3 0x80000d86 (0x41600a33) x20 0x00000000
core   0: 0x80000d8a (0x0000167d) c.addi  a2, -1
core   0: 3 0x80000d8a (0x167d) x12 0x00000003
core   0: 0x80000d8c (0x00df29b3) slt     s3, t5, a3
core   0: 3 0x80000d8c (0x00df29b3) x19 0x00000000
core   0: 0x80000d90 (0xff2677e3) bgeu    a2, s2, pc - 18
core   0: 3 0x80000d90 (0xff2677e3)
core   0: 0x80000d7e (0xcf007693) andi    a3, zero, -784
core   0: 3 0x80000d7e (0xcf007693) x13 0x00000000
core   0: 0x80000d82 (0x010453b3) srl     t2, s0, a6
core   0: 3 0x80000d82 (0x010453b3) x7  0x00000071
core   0: 0x80000d86 (0x41600a33) sub     s4, zero, s6
core   0: 3 0x80000d86 (0x41600a33) x20 0x00000000
core   0: 0x80000d8a (0x0000167d) c.addi  a2, -1
core   0: 3 0x80000d8a (0x167d) x12 0x00000002
core   0: 0x80000d8c (0x00df29b3) slt     s3, t5, a3
core   0: 3 0x80000d8c (0x00df29b3) x19 0x00000000
core   0: 0x80000d90 (0xff2677e3) bgeu    a2, s2, pc - 18
core   0: 3 0x80000d90 (0xff2677e3)
core   0: 0x80000d94 (0x00008c09) c.sub   s0, a0
core   0: 3 0x80000d94 (0x8c09) x8  0x00001c43
core   0: 0x80000d96 (0x00922f33) slt     t5, tp, s1
core   0: 3 0x80000d96 (0x00922f33) x30 0x00000001
core   0: 0x80000d9a (0xfbbb4ae3) blt     s6, s11, pc - 76
core   0: 3 0x80000d9a (0xfbbb4ae3)
core   0: 0x80000d4e (0x417f0033) sub     zero, t5, s7
core   0: 3 0x80000d4e (0x417f0033)
core   0: 0x80000d52 (0x01d5fc33) and     s8, a1, t4
core   0: 3 0x80000d52 (0x01d5fc33) x24 0x00000000
core   0: 0x80000d56 (0x0000453d) c.li    a0, 15
core   0: 3 0x80000d56 (0x453d) x10 0x0000000f
core   0: 0x80000d58 (0x4111dd33) sra     s10, gp, a7
core   0: 3 0x80000d58 (0x4111dd33) x26 0x0000000f
core   0: 0x80000d5c (0x00ead433) srl     s0, s5, a4
core   0: 3 0x80000d5c (0x00ead433) x8  0x00001c52
core   0: 0x80000d60 (0x00000b09) c.addi  s6, 2
core   0: 3 0x80000d60 (0x0b09) x22 0x00000002
core   0: 0x80000d62 (0x0a78bb93) sltiu   s7, a7, 167
core   0: 3 0x80000d62 (0x0a78bb93) x23 0x00000000
core   0: 0x80000d66 (0x00931033) sll     zero, t1, s1
core   0: 3 0x80000d66 (0x00931033)
core   0: 0x80000d6a (0x0347cd33) div     s10, a5, s4
core   0: 3 0x80000d6a (0x0347cd33) x26 0xffffffff
core   0: 0x80000d6e (0x02c64333) div     t1, a2, a2
core   0: 3 0x80000d6e (0x02c64333) x6  0x00000001
core   0: 0x80000d72 (0x00004611) c.li    a2, 4
core   0: 3 0x80000d72 (0x4611) x12 0x00000004
core   0: 0x80000d74 (0x0000490d) c.li    s2, 3
core   0: 3 0x80000d74 (0x490d) x18 0x00000003
core   0: 0x80000d76 (0x00b66c33) or      s8, a2, a1
core   0: 3 0x80000d76 (0x00b66c33) x24 0x0000000c
core   0: 0x80000d7a (0x027ab5b3) mulhu   a1, s5, t2
core   0: 3 0x80000d7a (0x027ab5b3) x11 0x0000000c
core   0: 0x80000d7e (0xcf007693) andi    a3, zero, -784
core   0: 3 0x80000d7e (0xcf007693) x13 0x00000000
core   0: 0x80000d82 (0x010453b3) srl     t2, s0, a6
core   0: 3 0x80000d82 (0x010453b3) x7  0x00000071
core   0: 0x80000d86 (0x41600a33) sub     s4, zero, s6
core   0: 3 0x80000d86 (0x41600a33) x20 0xfffffffe
core   0: 0x80000d8a (0x0000167d) c.addi  a2, -1
core   0: 3 0x80000d8a (0x167d) x12 0x00000003
core   0: 0x80000d8c (0x00df29b3) slt     s3, t5, a3
core   0: 3 0x80000d8c (0x00df29b3) x19 0x00000000
core   0: 0x80000d90 (0xff2677e3) bgeu    a2, s2, pc - 18
core   0: 3 0x80000d90 (0xff2677e3)
core   0: 0x80000d7e (0xcf007693) andi    a3, zero, -784
core   0: 3 0x80000d7e (0xcf007693) x13 0x00000000
core   0: 0x80000d82 (0x010453b3) srl     t2, s0, a6
core   0: 3 0x80000d82 (0x010453b3) x7  0x00000071
core   0: 0x80000d86 (0x41600a33) sub     s4, zero, s6
core   0: 3 0x80000d86 (0x41600a33) x20 0xfffffffe
core   0: 0x80000d8a (0x0000167d) c.addi  a2, -1
core   0: 3 0x80000d8a (0x167d) x12 0x00000002
core   0: 0x80000d8c (0x00df29b3) slt     s3, t5, a3
core   0: 3 0x80000d8c (0x00df29b3) x19 0x00000000
core   0: 0x80000d90 (0xff2677e3) bgeu    a2, s2, pc - 18
core   0: 3 0x80000d90 (0xff2677e3)
core   0: 0x80000d94 (0x00008c09) c.sub   s0, a0
core   0: 3 0x80000d94 (0x8c09) x8  0x00001c43
core   0: 0x80000d96 (0x00922f33) slt     t5, tp, s1
core   0: 3 0x80000d96 (0x00922f33) x30 0x00000001
core   0: 0x80000d9a (0xfbbb4ae3) blt     s6, s11, pc - 76
core   0: 3 0x80000d9a (0xfbbb4ae3)
core   0: 0x80000d4e (0x417f0033) sub     zero, t5, s7
core   0: 3 0x80000d4e (0x417f0033)
core   0: 0x80000d52 (0x01d5fc33) and     s8, a1, t4
core   0: 3 0x80000d52 (0x01d5fc33) x24 0x00000000
core   0: 0x80000d56 (0x0000453d) c.li    a0, 15
core   0: 3 0x80000d56 (0x453d) x10 0x0000000f
core   0: 0x80000d58 (0x4111dd33) sra     s10, gp, a7
core   0: 3 0x80000d58 (0x4111dd33) x26 0x0000000f
core   0: 0x80000d5c (0x00ead433) srl     s0, s5, a4
core   0: 3 0x80000d5c (0x00ead433) x8  0x00001c52
core   0: 0x80000d60 (0x00000b09) c.addi  s6, 2
core   0: 3 0x80000d60 (0x0b09) x22 0x00000004
core   0: 0x80000d62 (0x0a78bb93) sltiu   s7, a7, 167
core   0: 3 0x80000d62 (0x0a78bb93) x23 0x00000000
core   0: 0x80000d66 (0x00931033) sll     zero, t1, s1
core   0: 3 0x80000d66 (0x00931033)
core   0: 0x80000d6a (0x0347cd33) div     s10, a5, s4
core   0: 3 0x80000d6a (0x0347cd33) x26 0x00000000
core   0: 0x80000d6e (0x02c64333) div     t1, a2, a2
core   0: 3 0x80000d6e (0x02c64333) x6  0x00000001
core   0: 0x80000d72 (0x00004611) c.li    a2, 4
core   0: 3 0x80000d72 (0x4611) x12 0x00000004
core   0: 0x80000d74 (0x0000490d) c.li    s2, 3
core   0: 3 0x80000d74 (0x490d) x18 0x00000003
core   0: 0x80000d76 (0x00b66c33) or      s8, a2, a1
core   0: 3 0x80000d76 (0x00b66c33) x24 0x0000000c
core   0: 0x80000d7a (0x027ab5b3) mulhu   a1, s5, t2
core   0: 3 0x80000d7a (0x027ab5b3) x11 0x0000000c
core   0: 0x80000d7e (0xcf007693) andi    a3, zero, -784
core   0: 3 0x80000d7e (0xcf007693) x13 0x00000000
core   0: 0x80000d82 (0x010453b3) srl     t2, s0, a6
core   0: 3 0x80000d82 (0x010453b3) x7  0x00000071
core   0: 0x80000d86 (0x41600a33) sub     s4, zero, s6
core   0: 3 0x80000d86 (0x41600a33) x20 0xfffffffc
core   0: 0x80000d8a (0x0000167d) c.addi  a2, -1
core   0: 3 0x80000d8a (0x167d) x12 0x00000003
core   0: 0x80000d8c (0x00df29b3) slt     s3, t5, a3
core   0: 3 0x80000d8c (0x00df29b3) x19 0x00000000
core   0: 0x80000d90 (0xff2677e3) bgeu    a2, s2, pc - 18
core   0: 3 0x80000d90 (0xff2677e3)
core   0: 0x80000d7e (0xcf007693) andi    a3, zero, -784
core   0: 3 0x80000d7e (0xcf007693) x13 0x00000000
core   0: 0x80000d82 (0x010453b3) srl     t2, s0, a6
core   0: 3 0x80000d82 (0x010453b3) x7  0x00000071
core   0: 0x80000d86 (0x41600a33) sub     s4, zero, s6
core   0: 3 0x80000d86 (0x41600a33) x20 0xfffffffc
core   0: 0x80000d8a (0x0000167d) c.addi  a2, -1
core   0: 3 0x80000d8a (0x167d) x12 0x00000002
core   0: 0x80000d8c (0x00df29b3) slt     s3, t5, a3
core   0: 3 0x80000d8c (0x00df29b3) x19 0x00000000
core   0: 0x80000d90 (0xff2677e3) bgeu    a2, s2, pc - 18
core   0: 3 0x80000d90 (0xff2677e3)
core   0: 0x80000d94 (0x00008c09) c.sub   s0, a0
core   0: 3 0x80000d94 (0x8c09) x8  0x00001c43
core   0: 0x80000d96 (0x00922f33) slt     t5, tp, s1
core   0: 3 0x80000d96 (0x00922f33) x30 0x00000001
core   0: 0x80000d9a (0xfbbb4ae3) blt     s6, s11, pc - 76
core   0: 3 0x80000d9a (0xfbbb4ae3)
core   0: 0x80000d4e (0x417f0033) sub     zero, t5, s7
core   0: 3 0x80000d4e (0x417f0033)
core   0: 0x80000d52 (0x01d5fc33) and     s8, a1, t4
core   0: 3 0x80000d52 (0x01d5fc33) x24 0x00000000
core   0: 0x80000d56 (0x0000453d) c.li    a0, 15
core   0: 3 0x80000d56 (0x453d) x10 0x0000000f
core   0: 0x80000d58 (0x4111dd33) sra     s10, gp, a7
core   0: 3 0x80000d58 (0x4111dd33) x26 0x0000000f
core   0: 0x80000d5c (0x00ead433) srl     s0, s5, a4
core   0: 3 0x80000d5c (0x00ead433) x8  0x00001c52
core   0: 0x80000d60 (0x00000b09) c.addi  s6, 2
core   0: 3 0x80000d60 (0x0b09) x22 0x00000006
core   0: 0x80000d62 (0x0a78bb93) sltiu   s7, a7, 167
core   0: 3 0x80000d62 (0x0a78bb93) x23 0x00000000
core   0: 0x80000d66 (0x00931033) sll     zero, t1, s1
core   0: 3 0x80000d66 (0x00931033)
core   0: 0x80000d6a (0x0347cd33) div     s10, a5, s4
core   0: 3 0x80000d6a (0x0347cd33) x26 0x00000000
core   0: 0x80000d6e (0x02c64333) div     t1, a2, a2
core   0: 3 0x80000d6e (0x02c64333) x6  0x00000001
core   0: 0x80000d72 (0x00004611) c.li    a2, 4
core   0: 3 0x80000d72 (0x4611) x12 0x00000004
core   0: 0x80000d74 (0x0000490d) c.li    s2, 3
core   0: 3 0x80000d74 (0x490d) x18 0x00000003
core   0: 0x80000d76 (0x00b66c33) or      s8, a2, a1
core   0: 3 0x80000d76 (0x00b66c33) x24 0x0000000c
core   0: 0x80000d7a (0x027ab5b3) mulhu   a1, s5, t2
core   0: 3 0x80000d7a (0x027ab5b3) x11 0x0000000c
core   0: 0x80000d7e (0xcf007693) andi    a3, zero, -784
core   0: 3 0x80000d7e (0xcf007693) x13 0x00000000
core   0: 0x80000d82 (0x010453b3) srl     t2, s0, a6
core   0: 3 0x80000d82 (0x010453b3) x7  0x00000071
core   0: 0x80000d86 (0x41600a33) sub     s4, zero, s6
core   0: 3 0x80000d86 (0x41600a33) x20 0xfffffffa
core   0: 0x80000d8a (0x0000167d) c.addi  a2, -1
core   0: 3 0x80000d8a (0x167d) x12 0x00000003
core   0: 0x80000d8c (0x00df29b3) slt     s3, t5, a3
core   0: 3 0x80000d8c (0x00df29b3) x19 0x00000000
core   0: 0x80000d90 (0xff2677e3) bgeu    a2, s2, pc - 18
core   0: 3 0x80000d90 (0xff2677e3)
core   0: 0x80000d7e (0xcf007693) andi    a3, zero, -784
core   0: 3 0x80000d7e (0xcf007693) x13 0x00000000
core   0: 0x80000d82 (0x010453b3) srl     t2, s0, a6
core   0: 3 0x80000d82 (0x010453b3) x7  0x00000071
core   0: 0x80000d86 (0x41600a33) sub     s4, zero, s6
core   0: 3 0x80000d86 (0x41600a33) x20 0xfffffffa
core   0: 0x80000d8a (0x0000167d) c.addi  a2, -1
core   0: 3 0x80000d8a (0x167d) x12 0x00000002
core   0: 0x80000d8c (0x00df29b3) slt     s3, t5, a3
core   0: 3 0x80000d8c (0x00df29b3) x19 0x00000000
core   0: 0x80000d90 (0xff2677e3) bgeu    a2, s2, pc - 18
core   0: 3 0x80000d90 (0xff2677e3)
core   0: 0x80000d94 (0x00008c09) c.sub   s0, a0
core   0: 3 0x80000d94 (0x8c09) x8  0x00001c43
core   0: 0x80000d96 (0x00922f33) slt     t5, tp, s1
core   0: 3 0x80000d96 (0x00922f33) x30 0x00000001
core   0: 0x80000d9a (0xfbbb4ae3) blt     s6, s11, pc - 76
core   0: 3 0x80000d9a (0xfbbb4ae3)
core   0: 0x80000d9e (0x00b48733) add     a4, s1, a1
core   0: 3 0x80000d9e (0x00b48733) x14 0x00000006
core   0: 0x80000da2 (0x000045a9) c.li    a1, 10
core   0: 3 0x80000da2 (0x45a9) x11 0x0000000a
core   0: 0x80000da4 (0x006caab3) slt     s5, s9, t1
core   0: 3 0x80000da4 (0x006caab3) x21 0x00000001
core   0: 0x80000da8 (0x00004ba1) c.li    s7, 8
core   0: 3 0x80000da8 (0x4ba1) x23 0x00000008
core   0: 0x80000daa (0x00000001) c.nop
core   0: 3 0x80000daa (0x0001)
core   0: 0x80000dac (0x00000001) c.nop
core   0: 3 0x80000dac (0x0001)
core   0: 0x80000dae (0x00009afd) c.andi  a3, -1
core   0: 3 0x80000dae (0x9afd) x13 0x00000000
core   0: 0x80000db0 (0x000015e5) c.addi  a1, -7
core   0: 3 0x80000db0 (0x15e5) x11 0x00000003
core   0: 0x80000db2 (0x00004629) c.li    a2, 10
core   0: 3 0x80000db2 (0x4629) x12 0x0000000a
core   0: 0x80000db4 (0x00006d45) c.lui   s10, 0x11
core   0: 3 0x80000db4 (0x6d45) x26 0x00011000
core   0: 0x80000db6 (0x00008c69) c.and   s0, a0
core   0: 3 0x80000db6 (0x8c69) x8  0x00000003
core   0: 0x80000db8 (0x00004189) c.li    gp, 2
core   0: 3 0x80000db8 (0x4189) x3  0x00000002
core   0: 0x80000dba (0x00005d7d) c.li    s10, -1
core   0: 3 0x80000dba (0x5d7d) x26 0xffffffff
core   0: 0x80000dbc (0x00fa09b3) add     s3, s4, a5
core   0: 3 0x80000dbc (0x00fa09b3) x19 0xfffffff9
core   0: 0x80000dc0 (0x00008c55) c.or    s0, a3
core   0: 3 0x80000dc0 (0x8c55) x8  0x00000003
core   0: 0x80000dc2 (0x0000167d) c.addi  a2, -1
core   0: 3 0x80000dc2 (0x167d) x12 0x00000009
core   0: 0x80000dc4 (0x01dab133) sltu    sp, s5, t4
core   0: 3 0x80000dc4 (0x01dab133) x2  0x00000001
core   0: 0x80000dc8 (0x08c08b13) addi    s6, ra, 140
core   0: 3 0x80000dc8 (0x08c08b13) x22 0x0000008d
core   0: 0x80000dcc (0x8d446893) ori     a7, s0, -1836
core   0: 3 0x80000dcc (0x8d446893) x17 0xfffff8d7
core   0: 0x80000dd0 (0xdfeb6417) auipc   s0, 0xdfeb6
core   0: 3 0x80000dd0 (0xdfeb6417) x8  0x5feb6dd0
core   0: 0x80000dd4 (0xfe3674e3) bgeu    a2, gp, pc - 24
core   0: 3 0x80000dd4 (0xfe3674e3)
core   0: 0x80000dbc (0x00fa09b3) add     s3, s4, a5
core   0: 3 0x80000dbc (0x00fa09b3) x19 0xfffffff9
core   0: 0x80000dc0 (0x00008c55) c.or    s0, a3
core   0: 3 0x80000dc0 (0x8c55) x8  0x5feb6dd0
core   0: 0x80000dc2 (0x0000167d) c.addi  a2, -1
core   0: 3 0x80000dc2 (0x167d) x12 0x00000008
core   0: 0x80000dc4 (0x01dab133) sltu    sp, s5, t4
core   0: 3 0x80000dc4 (0x01dab133) x2  0x00000001
core   0: 0x80000dc8 (0x08c08b13) addi    s6, ra, 140
core   0: 3 0x80000dc8 (0x08c08b13) x22 0x0000008d
core   0: 0x80000dcc (0x8d446893) ori     a7, s0, -1836
core   0: 3 0x80000dcc (0x8d446893) x17 0xfffffdd4
core   0: 0x80000dd0 (0xdfeb6417) auipc   s0, 0xdfeb6
core   0: 3 0x80000dd0 (0xdfeb6417) x8  0x5feb6dd0
core   0: 0x80000dd4 (0xfe3674e3) bgeu    a2, gp, pc - 24
core   0: 3 0x80000dd4 (0xfe3674e3)
core   0: 0x80000dbc (0x00fa09b3) add     s3, s4, a5
core   0: 3 0x80000dbc (0x00fa09b3) x19 0xfffffff9
core   0: 0x80000dc0 (0x00008c55) c.or    s0, a3
core   0: 3 0x80000dc0 (0x8c55) x8  0x5feb6dd0
core   0: 0x80000dc2 (0x0000167d) c.addi  a2, -1
core   0: 3 0x80000dc2 (0x167d) x12 0x00000007
core   0: 0x80000dc4 (0x01dab133) sltu    sp, s5, t4
core   0: 3 0x80000dc4 (0x01dab133) x2  0x00000001
core   0: 0x80000dc8 (0x08c08b13) addi    s6, ra, 140
core   0: 3 0x80000dc8 (0x08c08b13) x22 0x0000008d
core   0: 0x80000dcc (0x8d446893) ori     a7, s0, -1836
core   0: 3 0x80000dcc (0x8d446893) x17 0xfffffdd4
core   0: 0x80000dd0 (0xdfeb6417) auipc   s0, 0xdfeb6
core   0: 3 0x80000dd0 (0xdfeb6417) x8  0x5feb6dd0
core   0: 0x80000dd4 (0xfe3674e3) bgeu    a2, gp, pc - 24
core   0: 3 0x80000dd4 (0xfe3674e3)
core   0: 0x80000dbc (0x00fa09b3) add     s3, s4, a5
core   0: 3 0x80000dbc (0x00fa09b3) x19 0xfffffff9
core   0: 0x80000dc0 (0x00008c55) c.or    s0, a3
core   0: 3 0x80000dc0 (0x8c55) x8  0x5feb6dd0
core   0: 0x80000dc2 (0x0000167d) c.addi  a2, -1
core   0: 3 0x80000dc2 (0x167d) x12 0x00000006
core   0: 0x80000dc4 (0x01dab133) sltu    sp, s5, t4
core   0: 3 0x80000dc4 (0x01dab133) x2  0x00000001
core   0: 0x80000dc8 (0x08c08b13) addi    s6, ra, 140
core   0: 3 0x80000dc8 (0x08c08b13) x22 0x0000008d
core   0: 0x80000dcc (0x8d446893) ori     a7, s0, -1836
core   0: 3 0x80000dcc (0x8d446893) x17 0xfffffdd4
core   0: 0x80000dd0 (0xdfeb6417) auipc   s0, 0xdfeb6
core   0: 3 0x80000dd0 (0xdfeb6417) x8  0x5feb6dd0
core   0: 0x80000dd4 (0xfe3674e3) bgeu    a2, gp, pc - 24
core   0: 3 0x80000dd4 (0xfe3674e3)
core   0: 0x80000dbc (0x00fa09b3) add     s3, s4, a5
core   0: 3 0x80000dbc (0x00fa09b3) x19 0xfffffff9
core   0: 0x80000dc0 (0x00008c55) c.or    s0, a3
core   0: 3 0x80000dc0 (0x8c55) x8  0x5feb6dd0
core   0: 0x80000dc2 (0x0000167d) c.addi  a2, -1
core   0: 3 0x80000dc2 (0x167d) x12 0x00000005
core   0: 0x80000dc4 (0x01dab133) sltu    sp, s5, t4
core   0: 3 0x80000dc4 (0x01dab133) x2  0x00000001
core   0: 0x80000dc8 (0x08c08b13) addi    s6, ra, 140
core   0: 3 0x80000dc8 (0x08c08b13) x22 0x0000008d
core   0: 0x80000dcc (0x8d446893) ori     a7, s0, -1836
core   0: 3 0x80000dcc (0x8d446893) x17 0xfffffdd4
core   0: 0x80000dd0 (0xdfeb6417) auipc   s0, 0xdfeb6
core   0: 3 0x80000dd0 (0xdfeb6417) x8  0x5feb6dd0
core   0: 0x80000dd4 (0xfe3674e3) bgeu    a2, gp, pc - 24
core   0: 3 0x80000dd4 (0xfe3674e3)
core   0: 0x80000dbc (0x00fa09b3) add     s3, s4, a5
core   0: 3 0x80000dbc (0x00fa09b3) x19 0xfffffff9
core   0: 0x80000dc0 (0x00008c55) c.or    s0, a3
core   0: 3 0x80000dc0 (0x8c55) x8  0x5feb6dd0
core   0: 0x80000dc2 (0x0000167d) c.addi  a2, -1
core   0: 3 0x80000dc2 (0x167d) x12 0x00000004
core   0: 0x80000dc4 (0x01dab133) sltu    sp, s5, t4
core   0: 3 0x80000dc4 (0x01dab133) x2  0x00000001
core   0: 0x80000dc8 (0x08c08b13) addi    s6, ra, 140
core   0: 3 0x80000dc8 (0x08c08b13) x22 0x0000008d
core   0: 0x80000dcc (0x8d446893) ori     a7, s0, -1836
core   0: 3 0x80000dcc (0x8d446893) x17 0xfffffdd4
core   0: 0x80000dd0 (0xdfeb6417) auipc   s0, 0xdfeb6
core   0: 3 0x80000dd0 (0xdfeb6417) x8  0x5feb6dd0
core   0: 0x80000dd4 (0xfe3674e3) bgeu    a2, gp, pc - 24
core   0: 3 0x80000dd4 (0xfe3674e3)
core   0: 0x80000dbc (0x00fa09b3) add     s3, s4, a5
core   0: 3 0x80000dbc (0x00fa09b3) x19 0xfffffff9
core   0: 0x80000dc0 (0x00008c55) c.or    s0, a3
core   0: 3 0x80000dc0 (0x8c55) x8  0x5feb6dd0
core   0: 0x80000dc2 (0x0000167d) c.addi  a2, -1
core   0: 3 0x80000dc2 (0x167d) x12 0x00000003
core   0: 0x80000dc4 (0x01dab133) sltu    sp, s5, t4
core   0: 3 0x80000dc4 (0x01dab133) x2  0x00000001
core   0: 0x80000dc8 (0x08c08b13) addi    s6, ra, 140
core   0: 3 0x80000dc8 (0x08c08b13) x22 0x0000008d
core   0: 0x80000dcc (0x8d446893) ori     a7, s0, -1836
core   0: 3 0x80000dcc (0x8d446893) x17 0xfffffdd4
core   0: 0x80000dd0 (0xdfeb6417) auipc   s0, 0xdfeb6
core   0: 3 0x80000dd0 (0xdfeb6417) x8  0x5feb6dd0
core   0: 0x80000dd4 (0xfe3674e3) bgeu    a2, gp, pc - 24
core   0: 3 0x80000dd4 (0xfe3674e3)
core   0: 0x80000dbc (0x00fa09b3) add     s3, s4, a5
core   0: 3 0x80000dbc (0x00fa09b3) x19 0xfffffff9
core   0: 0x80000dc0 (0x00008c55) c.or    s0, a3
core   0: 3 0x80000dc0 (0x8c55) x8  0x5feb6dd0
core   0: 0x80000dc2 (0x0000167d) c.addi  a2, -1
core   0: 3 0x80000dc2 (0x167d) x12 0x00000002
core   0: 0x80000dc4 (0x01dab133) sltu    sp, s5, t4
core   0: 3 0x80000dc4 (0x01dab133) x2  0x00000001
core   0: 0x80000dc8 (0x08c08b13) addi    s6, ra, 140
core   0: 3 0x80000dc8 (0x08c08b13) x22 0x0000008d
core   0: 0x80000dcc (0x8d446893) ori     a7, s0, -1836
core   0: 3 0x80000dcc (0x8d446893) x17 0xfffffdd4
core   0: 0x80000dd0 (0xdfeb6417) auipc   s0, 0xdfeb6
core   0: 3 0x80000dd0 (0xdfeb6417) x8  0x5feb6dd0
core   0: 0x80000dd4 (0xfe3674e3) bgeu    a2, gp, pc - 24
core   0: 3 0x80000dd4 (0xfe3674e3)
core   0: 0x80000dbc (0x00fa09b3) add     s3, s4, a5
core   0: 3 0x80000dbc (0x00fa09b3) x19 0xfffffff9
core   0: 0x80000dc0 (0x00008c55) c.or    s0, a3
core   0: 3 0x80000dc0 (0x8c55) x8  0x5feb6dd0
core   0: 0x80000dc2 (0x0000167d) c.addi  a2, -1
core   0: 3 0x80000dc2 (0x167d) x12 0x00000001
core   0: 0x80000dc4 (0x01dab133) sltu    sp, s5, t4
core   0: 3 0x80000dc4 (0x01dab133) x2  0x00000001
core   0: 0x80000dc8 (0x08c08b13) addi    s6, ra, 140
core   0: 3 0x80000dc8 (0x08c08b13) x22 0x0000008d
core   0: 0x80000dcc (0x8d446893) ori     a7, s0, -1836
core   0: 3 0x80000dcc (0x8d446893) x17 0xfffffdd4
core   0: 0x80000dd0 (0xdfeb6417) auipc   s0, 0xdfeb6
core   0: 3 0x80000dd0 (0xdfeb6417) x8  0x5feb6dd0
core   0: 0x80000dd4 (0xfe3674e3) bgeu    a2, gp, pc - 24
core   0: 3 0x80000dd4 (0xfe3674e3)
core   0: 0x80000dd8 (0x000096ce) c.add   a3, s3
core   0: 3 0x80000dd8 (0x96ce) x13 0xfffffff9
core   0: 0x80000dda (0xfd75f9e3) bgeu    a1, s7, pc - 46
core   0: 3 0x80000dda (0xfd75f9e3)
core   0: 0x80000dde (0x01df1fb3) sll     t6, t5, t4
core   0: 3 0x80000dde (0x01df1fb3) x31 0x00010000
core   0: 0x80000de2 (0x000050f1) c.li    ra, -4
core   0: 3 0x80000de2 (0x50f1) x1  0xfffffffc
core   0: 0x80000de4 (0x00a69913) slli    s2, a3, 10
core   0: 3 0x80000de4 (0x00a69913) x18 0xffffe400
core   0: 0x80000de8 (0x02954933) div     s2, a0, s1
core   0: 3 0x80000de8 (0x02954933) x18 0xfffffffe
core   0: 0x80000dec (0x00000001) c.nop
core   0: 3 0x80000dec (0x0001)
core   0: 0x80000dee (0x02ffccb3) div     s9, t6, a5
core   0: 3 0x80000dee (0x02ffccb3) x25 0xffff0000
core   0: 0x80000df2 (0x00008d65) c.and   a0, s1
core   0: 3 0x80000df2 (0x8d65) x10 0x0000000a
core   0: 0x80000df4 (0x00004649) c.li    a2, 18
core   0: 3 0x80000df4 (0x4649) x12 0x00000012
core   0: 0x80000df6 (0x00000001) c.nop
core   0: 3 0x80000df6 (0x0001)
core   0: 0x80000df8 (0x00008d75) c.and   a0, a3
core   0: 3 0x80000df8 (0x8d75) x10 0x00000008
core   0: 0x80000dfa (0x02f18833) mul     a6, gp, a5
core   0: 3 0x80000dfa (0x02f18833) x16 0xfffffffe
core   0: 0x80000dfe (0x01c35c93) srli    s9, t1, 28
core   0: 3 0x80000dfe (0x01c35c93) x25 0x00000000
core   0: 0x80000e02 (0x00000001) c.nop
core   0: 3 0x80000e02 (0x0001)
core   0: 0x80000e04 (0x002bb6b3) sltu    a3, s7, sp
core   0: 3 0x80000e04 (0x002bb6b3) x13 0x00000000
core   0: 0x80000e08 (0x00000091) c.addi  ra, 4
core   0: 3 0x80000e08 (0x0091) x1  0x00000000
core   0: 0x80000e0a (0xfec0e8e3) bltu    ra, a2, pc - 16
core   0: 3 0x80000e0a (0xfec0e8e3)
core   0: 0x80000dfa (0x02f18833) mul     a6, gp, a5
core   0: 3 0x80000dfa (0x02f18833) x16 0xfffffffe
core   0: 0x80000dfe (0x01c35c93) srli    s9, t1, 28
core   0: 3 0x80000dfe (0x01c35c93) x25 0x00000000
core   0: 0x80000e02 (0x00000001) c.nop
core   0: 3 0x80000e02 (0x0001)
core   0: 0x80000e04 (0x002bb6b3) sltu    a3, s7, sp
core   0: 3 0x80000e04 (0x002bb6b3) x13 0x00000000
core   0: 0x80000e08 (0x00000091) c.addi  ra, 4
core   0: 3 0x80000e08 (0x0091) x1  0x00000004
core   0: 0x80000e0a (0xfec0e8e3) bltu    ra, a2, pc - 16
core   0: 3 0x80000e0a (0xfec0e8e3)
core   0: 0x80000dfa (0x02f18833) mul     a6, gp, a5
core   0: 3 0x80000dfa (0x02f18833) x16 0xfffffffe
core   0: 0x80000dfe (0x01c35c93) srli    s9, t1, 28
core   0: 3 0x80000dfe (0x01c35c93) x25 0x00000000
core   0: 0x80000e02 (0x00000001) c.nop
core   0: 3 0x80000e02 (0x0001)
core   0: 0x80000e04 (0x002bb6b3) sltu    a3, s7, sp
core   0: 3 0x80000e04 (0x002bb6b3) x13 0x00000000
core   0: 0x80000e08 (0x00000091) c.addi  ra, 4
core   0: 3 0x80000e08 (0x0091) x1  0x00000008
core   0: 0x80000e0a (0xfec0e8e3) bltu    ra, a2, pc - 16
core   0: 3 0x80000e0a (0xfec0e8e3)
core   0: 0x80000dfa (0x02f18833) mul     a6, gp, a5
core   0: 3 0x80000dfa (0x02f18833) x16 0xfffffffe
core   0: 0x80000dfe (0x01c35c93) srli    s9, t1, 28
core   0: 3 0x80000dfe (0x01c35c93) x25 0x00000000
core   0: 0x80000e02 (0x00000001) c.nop
core   0: 3 0x80000e02 (0x0001)
core   0: 0x80000e04 (0x002bb6b3) sltu    a3, s7, sp
core   0: 3 0x80000e04 (0x002bb6b3) x13 0x00000000
core   0: 0x80000e08 (0x00000091) c.addi  ra, 4
core   0: 3 0x80000e08 (0x0091) x1  0x0000000c
core   0: 0x80000e0a (0xfec0e8e3) bltu    ra, a2, pc - 16
core   0: 3 0x80000e0a (0xfec0e8e3)
core   0: 0x80000dfa (0x02f18833) mul     a6, gp, a5
core   0: 3 0x80000dfa (0x02f18833) x16 0xfffffffe
core   0: 0x80000dfe (0x01c35c93) srli    s9, t1, 28
core   0: 3 0x80000dfe (0x01c35c93) x25 0x00000000
core   0: 0x80000e02 (0x00000001) c.nop
core   0: 3 0x80000e02 (0x0001)
core   0: 0x80000e04 (0x002bb6b3) sltu    a3, s7, sp
core   0: 3 0x80000e04 (0x002bb6b3) x13 0x00000000
core   0: 0x80000e08 (0x00000091) c.addi  ra, 4
core   0: 3 0x80000e08 (0x0091) x1  0x00000010
core   0: 0x80000e0a (0xfec0e8e3) bltu    ra, a2, pc - 16
core   0: 3 0x80000e0a (0xfec0e8e3)
core   0: 0x80000dfa (0x02f18833) mul     a6, gp, a5
core   0: 3 0x80000dfa (0x02f18833) x16 0xfffffffe
core   0: 0x80000dfe (0x01c35c93) srli    s9, t1, 28
core   0: 3 0x80000dfe (0x01c35c93) x25 0x00000000
core   0: 0x80000e02 (0x00000001) c.nop
core   0: 3 0x80000e02 (0x0001)
core   0: 0x80000e04 (0x002bb6b3) sltu    a3, s7, sp
core   0: 3 0x80000e04 (0x002bb6b3) x13 0x00000000
core   0: 0x80000e08 (0x00000091) c.addi  ra, 4
core   0: 3 0x80000e08 (0x0091) x1  0x00000014
core   0: 0x80000e0a (0xfec0e8e3) bltu    ra, a2, pc - 16
core   0: 3 0x80000e0a (0xfec0e8e3)
core   0: 0x80000e0e (0x00001b84) c.addi4spn s1, sp, 496
core   0: 3 0x80000e0e (0x1b84) x9  0x000001f1
core   0: 0x80000e10 (0x00004f1d) c.li    t5, 7
core   0: 3 0x80000e10 (0x4f1d) x30 0x00000007
core   0: 0x80000e12 (0x0250dd33) divu    s10, ra, t0
core   0: 3 0x80000e12 (0x0250dd33) x26 0x00000000
core   0: 0x80000e16 (0x00005ced) c.li    s9, -5
core   0: 3 0x80000e16 (0x5ced) x25 0xfffffffb
core   0: 0x80000e18 (0x32587937) lui     s2, 0x32587
core   0: 3 0x80000e18 (0x32587937) x18 0x32587000
core   0: 0x80000e1c (0x6439a293) slti    t0, s3, 1603
core   0: 3 0x80000e1c (0x6439a293) x5  0x00000001
core   0: 0x80000e20 (0x00000001) c.nop
core   0: 3 0x80000e20 (0x0001)
core   0: 0x80000e22 (0x41355c33) sra     s8, a0, s3
core   0: 3 0x80000e22 (0x41355c33) x24 0x00000000
core   0: 0x80000e26 (0x00001f71) c.addi  t5, -4
core   0: 3 0x80000e26 (0x1f71) x30 0x00000003
core   0: 0x80000e28 (0x00008945) c.andi  a0, 17
core   0: 3 0x80000e28 (0x8945) x10 0x00000000
core   0: 0x80000e2a (0x00008049) c.srli  s0, 18
core   0: 3 0x80000e2a (0x8049) x8  0x000017fa
core   0: 0x80000e2c (0x00004621) c.li    a2, 8
core   0: 3 0x80000e2c (0x4621) x12 0x00000008
core   0: 0x80000e2e (0x031b8db3) mul     s11, s7, a7
core   0: 3 0x80000e2e (0x031b8db3) x27 0xffffeea0
core   0: 0x80000e32 (0x01d72a33) slt     s4, a4, t4
core   0: 3 0x80000e32 (0x01d72a33) x20 0x00000001
core   0: 0x80000e36 (0x000046cd) c.li    a3, 19
core   0: 3 0x80000e36 (0x46cd) x13 0x00000013
core   0: 0x80000e38 (0x02c401b3) mul     gp, s0, a2
core   0: 3 0x80000e38 (0x02c401b3) x3  0x0000bfd0
core   0: 0x80000e3c (0x1c265737) lui     a4, 0x1c265
core   0: 3 0x80000e3c (0x1c265737) x14 0x1c265000
core   0: 0x80000e40 (0x41e6d9b3) sra     s3, a3, t5
core   0: 3 0x80000e40 (0x41e6d9b3) x19 0x00000002
core   0: 0x80000e44 (0x00006131) c.addi16sp sp, 320
core   0: 3 0x80000e44 (0x6131) x2  0x00000141
core   0: 0x80000e46 (0x00008079) c.srli  s0, 30
core   0: 3 0x80000e46 (0x8079) x8  0x00000000
core   0: 0x80000e48 (0x41050c33) sub     s8, a0, a6
core   0: 3 0x80000e48 (0x41050c33) x24 0x00000002
core   0: 0x80000e4c (0x413788b3) sub     a7, a5, s3
core   0: 3 0x80000e4c (0x413788b3) x17 0xfffffffd
core   0: 0x80000e50 (0x00000605) c.addi  a2, 1
core   0: 3 0x80000e50 (0x0605) x12 0x00000009
core   0: 0x80000e52 (0xfed613e3) bne     a2, a3, pc - 26
core   0: 3 0x80000e52 (0xfed613e3)
core   0: 0x80000e38 (0x02c401b3) mul     gp, s0, a2
core   0: 3 0x80000e38 (0x02c401b3) x3  0x00000000
core   0: 0x80000e3c (0x1c265737) lui     a4, 0x1c265
core   0: 3 0x80000e3c (0x1c265737) x14 0x1c265000
core   0: 0x80000e40 (0x41e6d9b3) sra     s3, a3, t5
core   0: 3 0x80000e40 (0x41e6d9b3) x19 0x00000002
core   0: 0x80000e44 (0x00006131) c.addi16sp sp, 320
core   0: 3 0x80000e44 (0x6131) x2  0x00000281
core   0: 0x80000e46 (0x00008079) c.srli  s0, 30
core   0: 3 0x80000e46 (0x8079) x8  0x00000000
core   0: 0x80000e48 (0x41050c33) sub     s8, a0, a6
core   0: 3 0x80000e48 (0x41050c33) x24 0x00000002
core   0: 0x80000e4c (0x413788b3) sub     a7, a5, s3
core   0: 3 0x80000e4c (0x413788b3) x17 0xfffffffd
core   0: 0x80000e50 (0x00000605) c.addi  a2, 1
core   0: 3 0x80000e50 (0x0605) x12 0x0000000a
core   0: 0x80000e52 (0xfed613e3) bne     a2, a3, pc - 26
core   0: 3 0x80000e52 (0xfed613e3)
core   0: 0x80000e38 (0x02c401b3) mul     gp, s0, a2
core   0: 3 0x80000e38 (0x02c401b3) x3  0x00000000
core   0: 0x80000e3c (0x1c265737) lui     a4, 0x1c265
core   0: 3 0x80000e3c (0x1c265737) x14 0x1c265000
core   0: 0x80000e40 (0x41e6d9b3) sra     s3, a3, t5
core   0: 3 0x80000e40 (0x41e6d9b3) x19 0x00000002
core   0: 0x80000e44 (0x00006131) c.addi16sp sp, 320
core   0: 3 0x80000e44 (0x6131) x2  0x000003c1
core   0: 0x80000e46 (0x00008079) c.srli  s0, 30
core   0: 3 0x80000e46 (0x8079) x8  0x00000000
core   0: 0x80000e48 (0x41050c33) sub     s8, a0, a6
core   0: 3 0x80000e48 (0x41050c33) x24 0x00000002
core   0: 0x80000e4c (0x413788b3) sub     a7, a5, s3
core   0: 3 0x80000e4c (0x413788b3) x17 0xfffffffd
core   0: 0x80000e50 (0x00000605) c.addi  a2, 1
core   0: 3 0x80000e50 (0x0605) x12 0x0000000b
core   0: 0x80000e52 (0xfed613e3) bne     a2, a3, pc - 26
core   0: 3 0x80000e52 (0xfed613e3)
core   0: 0x80000e38 (0x02c401b3) mul     gp, s0, a2
core   0: 3 0x80000e38 (0x02c401b3) x3  0x00000000
core   0: 0x80000e3c (0x1c265737) lui     a4, 0x1c265
core   0: 3 0x80000e3c (0x1c265737) x14 0x1c265000
core   0: 0x80000e40 (0x41e6d9b3) sra     s3, a3, t5
core   0: 3 0x80000e40 (0x41e6d9b3) x19 0x00000002
core   0: 0x80000e44 (0x00006131) c.addi16sp sp, 320
core   0: 3 0x80000e44 (0x6131) x2  0x00000501
core   0: 0x80000e46 (0x00008079) c.srli  s0, 30
core   0: 3 0x80000e46 (0x8079) x8  0x00000000
core   0: 0x80000e48 (0x41050c33) sub     s8, a0, a6
core   0: 3 0x80000e48 (0x41050c33) x24 0x00000002
core   0: 0x80000e4c (0x413788b3) sub     a7, a5, s3
core   0: 3 0x80000e4c (0x413788b3) x17 0xfffffffd
core   0: 0x80000e50 (0x00000605) c.addi  a2, 1
core   0: 3 0x80000e50 (0x0605) x12 0x0000000c
core   0: 0x80000e52 (0xfed613e3) bne     a2, a3, pc - 26
core   0: 3 0x80000e52 (0xfed613e3)
core   0: 0x80000e38 (0x02c401b3) mul     gp, s0, a2
core   0: 3 0x80000e38 (0x02c401b3) x3  0x00000000
core   0: 0x80000e3c (0x1c265737) lui     a4, 0x1c265
core   0: 3 0x80000e3c (0x1c265737) x14 0x1c265000
core   0: 0x80000e40 (0x41e6d9b3) sra     s3, a3, t5
core   0: 3 0x80000e40 (0x41e6d9b3) x19 0x00000002
core   0: 0x80000e44 (0x00006131) c.addi16sp sp, 320
core   0: 3 0x80000e44 (0x6131) x2  0x00000641
core   0: 0x80000e46 (0x00008079) c.srli  s0, 30
core   0: 3 0x80000e46 (0x8079) x8  0x00000000
core   0: 0x80000e48 (0x41050c33) sub     s8, a0, a6
core   0: 3 0x80000e48 (0x41050c33) x24 0x00000002
core   0: 0x80000e4c (0x413788b3) sub     a7, a5, s3
core   0: 3 0x80000e4c (0x413788b3) x17 0xfffffffd
core   0: 0x80000e50 (0x00000605) c.addi  a2, 1
core   0: 3 0x80000e50 (0x0605) x12 0x0000000d
core   0: 0x80000e52 (0xfed613e3) bne     a2, a3, pc - 26
core   0: 3 0x80000e52 (0xfed613e3)
core   0: 0x80000e38 (0x02c401b3) mul     gp, s0, a2
core   0: 3 0x80000e38 (0x02c401b3) x3  0x00000000
core   0: 0x80000e3c (0x1c265737) lui     a4, 0x1c265
core   0: 3 0x80000e3c (0x1c265737) x14 0x1c265000
core   0: 0x80000e40 (0x41e6d9b3) sra     s3, a3, t5
core   0: 3 0x80000e40 (0x41e6d9b3) x19 0x00000002
core   0: 0x80000e44 (0x00006131) c.addi16sp sp, 320
core   0: 3 0x80000e44 (0x6131) x2  0x00000781
core   0: 0x80000e46 (0x00008079) c.srli  s0, 30
core   0: 3 0x80000e46 (0x8079) x8  0x00000000
core   0: 0x80000e48 (0x41050c33) sub     s8, a0, a6
core   0: 3 0x80000e48 (0x41050c33) x24 0x00000002
core   0: 0x80000e4c (0x413788b3) sub     a7, a5, s3
core   0: 3 0x80000e4c (0x413788b3) x17 0xfffffffd
core   0: 0x80000e50 (0x00000605) c.addi  a2, 1
core   0: 3 0x80000e50 (0x0605) x12 0x0000000e
core   0: 0x80000e52 (0xfed613e3) bne     a2, a3, pc - 26
core   0: 3 0x80000e52 (0xfed613e3)
core   0: 0x80000e38 (0x02c401b3) mul     gp, s0, a2
core   0: 3 0x80000e38 (0x02c401b3) x3  0x00000000
core   0: 0x80000e3c (0x1c265737) lui     a4, 0x1c265
core   0: 3 0x80000e3c (0x1c265737) x14 0x1c265000
core   0: 0x80000e40 (0x41e6d9b3) sra     s3, a3, t5
core   0: 3 0x80000e40 (0x41e6d9b3) x19 0x00000002
core   0: 0x80000e44 (0x00006131) c.addi16sp sp, 320
core   0: 3 0x80000e44 (0x6131) x2  0x000008c1
core   0: 0x80000e46 (0x00008079) c.srli  s0, 30
core   0: 3 0x80000e46 (0x8079) x8  0x00000000
core   0: 0x80000e48 (0x41050c33) sub     s8, a0, a6
core   0: 3 0x80000e48 (0x41050c33) x24 0x00000002
core   0: 0x80000e4c (0x413788b3) sub     a7, a5, s3
core   0: 3 0x80000e4c (0x413788b3) x17 0xfffffffd
core   0: 0x80000e50 (0x00000605) c.addi  a2, 1
core   0: 3 0x80000e50 (0x0605) x12 0x0000000f
core   0: 0x80000e52 (0xfed613e3) bne     a2, a3, pc - 26
core   0: 3 0x80000e52 (0xfed613e3)
core   0: 0x80000e38 (0x02c401b3) mul     gp, s0, a2
core   0: 3 0x80000e38 (0x02c401b3) x3  0x00000000
core   0: 0x80000e3c (0x1c265737) lui     a4, 0x1c265
core   0: 3 0x80000e3c (0x1c265737) x14 0x1c265000
core   0: 0x80000e40 (0x41e6d9b3) sra     s3, a3, t5
core   0: 3 0x80000e40 (0x41e6d9b3) x19 0x00000002
core   0: 0x80000e44 (0x00006131) c.addi16sp sp, 320
core   0: 3 0x80000e44 (0x6131) x2  0x00000a01
core   0: 0x80000e46 (0x00008079) c.srli  s0, 30
core   0: 3 0x80000e46 (0x8079) x8  0x00000000
core   0: 0x80000e48 (0x41050c33) sub     s8, a0, a6
core   0: 3 0x80000e48 (0x41050c33) x24 0x00000002
core   0: 0x80000e4c (0x413788b3) sub     a7, a5, s3
core   0: 3 0x80000e4c (0x413788b3) x17 0xfffffffd
core   0: 0x80000e50 (0x00000605) c.addi  a2, 1
core   0: 3 0x80000e50 (0x0605) x12 0x00000010
core   0: 0x80000e52 (0xfed613e3) bne     a2, a3, pc - 26
core   0: 3 0x80000e52 (0xfed613e3)
core   0: 0x80000e38 (0x02c401b3) mul     gp, s0, a2
core   0: 3 0x80000e38 (0x02c401b3) x3  0x00000000
core   0: 0x80000e3c (0x1c265737) lui     a4, 0x1c265
core   0: 3 0x80000e3c (0x1c265737) x14 0x1c265000
core   0: 0x80000e40 (0x41e6d9b3) sra     s3, a3, t5
core   0: 3 0x80000e40 (0x41e6d9b3) x19 0x00000002
core   0: 0x80000e44 (0x00006131) c.addi16sp sp, 320
core   0: 3 0x80000e44 (0x6131) x2  0x00000b41
core   0: 0x80000e46 (0x00008079) c.srli  s0, 30
core   0: 3 0x80000e46 (0x8079) x8  0x00000000
core   0: 0x80000e48 (0x41050c33) sub     s8, a0, a6
core   0: 3 0x80000e48 (0x41050c33) x24 0x00000002
core   0: 0x80000e4c (0x413788b3) sub     a7, a5, s3
core   0: 3 0x80000e4c (0x413788b3) x17 0xfffffffd
core   0: 0x80000e50 (0x00000605) c.addi  a2, 1
core   0: 3 0x80000e50 (0x0605) x12 0x00000011
core   0: 0x80000e52 (0xfed613e3) bne     a2, a3, pc - 26
core   0: 3 0x80000e52 (0xfed613e3)
core   0: 0x80000e38 (0x02c401b3) mul     gp, s0, a2
core   0: 3 0x80000e38 (0x02c401b3) x3  0x00000000
core   0: 0x80000e3c (0x1c265737) lui     a4, 0x1c265
core   0: 3 0x80000e3c (0x1c265737) x14 0x1c265000
core   0: 0x80000e40 (0x41e6d9b3) sra     s3, a3, t5
core   0: 3 0x80000e40 (0x41e6d9b3) x19 0x00000002
core   0: 0x80000e44 (0x00006131) c.addi16sp sp, 320
core   0: 3 0x80000e44 (0x6131) x2  0x00000c81
core   0: 0x80000e46 (0x00008079) c.srli  s0, 30
core   0: 3 0x80000e46 (0x8079) x8  0x00000000
core   0: 0x80000e48 (0x41050c33) sub     s8, a0, a6
core   0: 3 0x80000e48 (0x41050c33) x24 0x00000002
core   0: 0x80000e4c (0x413788b3) sub     a7, a5, s3
core   0: 3 0x80000e4c (0x413788b3) x17 0xfffffffd
core   0: 0x80000e50 (0x00000605) c.addi  a2, 1
core   0: 3 0x80000e50 (0x0605) x12 0x00000012
core   0: 0x80000e52 (0xfed613e3) bne     a2, a3, pc - 26
core   0: 3 0x80000e52 (0xfed613e3)
core   0: 0x80000e38 (0x02c401b3) mul     gp, s0, a2
core   0: 3 0x80000e38 (0x02c401b3) x3  0x00000000
core   0: 0x80000e3c (0x1c265737) lui     a4, 0x1c265
core   0: 3 0x80000e3c (0x1c265737) x14 0x1c265000
core   0: 0x80000e40 (0x41e6d9b3) sra     s3, a3, t5
core   0: 3 0x80000e40 (0x41e6d9b3) x19 0x00000002
core   0: 0x80000e44 (0x00006131) c.addi16sp sp, 320
core   0: 3 0x80000e44 (0x6131) x2  0x00000dc1
core   0: 0x80000e46 (0x00008079) c.srli  s0, 30
core   0: 3 0x80000e46 (0x8079) x8  0x00000000
core   0: 0x80000e48 (0x41050c33) sub     s8, a0, a6
core   0: 3 0x80000e48 (0x41050c33) x24 0x00000002
core   0: 0x80000e4c (0x413788b3) sub     a7, a5, s3
core   0: 3 0x80000e4c (0x413788b3) x17 0xfffffffd
core   0: 0x80000e50 (0x00000605) c.addi  a2, 1
core   0: 3 0x80000e50 (0x0605) x12 0x00000013
core   0: 0x80000e52 (0xfed613e3) bne     a2, a3, pc - 26
core   0: 3 0x80000e52 (0xfed613e3)
core   0: 0x80000e56 (0x41d5d393) srai    t2, a1, 29
core   0: 3 0x80000e56 (0x41d5d393) x7  0x00000000
core   0: 0x80000e5a (0x4138d793) srai    a5, a7, 19
core   0: 3 0x80000e5a (0x4138d793) x15 0xffffffff
core   0: 0x80000e5e (0x00009996) c.add   s3, t0
core   0: 3 0x80000e5e (0x9996) x19 0x00000003
core   0: 0x80000e60 (0xb91c0d13) addi    s10, s8, -1135
core   0: 3 0x80000e60 (0xb91c0d13) x26 0xfffffb93
core   0: 0x80000e64 (0x00f474b3) and     s1, s0, a5
core   0: 3 0x80000e64 (0x00f474b3) x9  0x00000000
core   0: 0x80000e68 (0xfb9f18e3) bne     t5, s9, pc - 80
core   0: 3 0x80000e68 (0xfb9f18e3)
core   0: 0x80000e18 (0x32587937) lui     s2, 0x32587
core   0: 3 0x80000e18 (0x32587937) x18 0x32587000
core   0: 0x80000e1c (0x6439a293) slti    t0, s3, 1603
core   0: 3 0x80000e1c (0x6439a293) x5  0x00000001
core   0: 0x80000e20 (0x00000001) c.nop
core   0: 3 0x80000e20 (0x0001)
core   0: 0x80000e22 (0x41355c33) sra     s8, a0, s3
core   0: 3 0x80000e22 (0x41355c33) x24 0x00000000
core   0: 0x80000e26 (0x00001f71) c.addi  t5, -4
core   0: 3 0x80000e26 (0x1f71) x30 0xffffffff
core   0: 0x80000e28 (0x00008945) c.andi  a0, 17
core   0: 3 0x80000e28 (0x8945) x10 0x00000000
core   0: 0x80000e2a (0x00008049) c.srli  s0, 18
core   0: 3 0x80000e2a (0x8049) x8  0x00000000
core   0: 0x80000e2c (0x00004621) c.li    a2, 8
core   0: 3 0x80000e2c (0x4621) x12 0x00000008
core   0: 0x80000e2e (0x031b8db3) mul     s11, s7, a7
core   0: 3 0x80000e2e (0x031b8db3) x27 0xffffffe8
core   0: 0x80000e32 (0x01d72a33) slt     s4, a4, t4
core   0: 3 0x80000e32 (0x01d72a33) x20 0x00000001
core   0: 0x80000e36 (0x000046cd) c.li    a3, 19
core   0: 3 0x80000e36 (0x46cd) x13 0x00000013
core   0: 0x80000e38 (0x02c401b3) mul     gp, s0, a2
core   0: 3 0x80000e38 (0x02c401b3) x3  0x00000000
core   0: 0x80000e3c (0x1c265737) lui     a4, 0x1c265
core   0: 3 0x80000e3c (0x1c265737) x14 0x1c265000
core   0: 0x80000e40 (0x41e6d9b3) sra     s3, a3, t5
core   0: 3 0x80000e40 (0x41e6d9b3) x19 0x00000000
core   0: 0x80000e44 (0x00006131) c.addi16sp sp, 320
core   0: 3 0x80000e44 (0x6131) x2  0x00000f01
core   0: 0x80000e46 (0x00008079) c.srli  s0, 30
core   0: 3 0x80000e46 (0x8079) x8  0x00000000
core   0: 0x80000e48 (0x41050c33) sub     s8, a0, a6
core   0: 3 0x80000e48 (0x41050c33) x24 0x00000002
core   0: 0x80000e4c (0x413788b3) sub     a7, a5, s3
core   0: 3 0x80000e4c (0x413788b3) x17 0xffffffff
core   0: 0x80000e50 (0x00000605) c.addi  a2, 1
core   0: 3 0x80000e50 (0x0605) x12 0x00000009
core   0: 0x80000e52 (0xfed613e3) bne     a2, a3, pc - 26
core   0: 3 0x80000e52 (0xfed613e3)
core   0: 0x80000e38 (0x02c401b3) mul     gp, s0, a2
core   0: 3 0x80000e38 (0x02c401b3) x3  0x00000000
core   0: 0x80000e3c (0x1c265737) lui     a4, 0x1c265
core   0: 3 0x80000e3c (0x1c265737) x14 0x1c265000
core   0: 0x80000e40 (0x41e6d9b3) sra     s3, a3, t5
core   0: 3 0x80000e40 (0x41e6d9b3) x19 0x00000000
core   0: 0x80000e44 (0x00006131) c.addi16sp sp, 320
core   0: 3 0x80000e44 (0x6131) x2  0x00001041
core   0: 0x80000e46 (0x00008079) c.srli  s0, 30
core   0: 3 0x80000e46 (0x8079) x8  0x00000000
core   0: 0x80000e48 (0x41050c33) sub     s8, a0, a6
core   0: 3 0x80000e48 (0x41050c33) x24 0x00000002
core   0: 0x80000e4c (0x413788b3) sub     a7, a5, s3
core   0: 3 0x80000e4c (0x413788b3) x17 0xffffffff
core   0: 0x80000e50 (0x00000605) c.addi  a2, 1
core   0: 3 0x80000e50 (0x0605) x12 0x0000000a
core   0: 0x80000e52 (0xfed613e3) bne     a2, a3, pc - 26
core   0: 3 0x80000e52 (0xfed613e3)
core   0: 0x80000e38 (0x02c401b3) mul     gp, s0, a2
core   0: 3 0x80000e38 (0x02c401b3) x3  0x00000000
core   0: 0x80000e3c (0x1c265737) lui     a4, 0x1c265
core   0: 3 0x80000e3c (0x1c265737) x14 0x1c265000
core   0: 0x80000e40 (0x41e6d9b3) sra     s3, a3, t5
core   0: 3 0x80000e40 (0x41e6d9b3) x19 0x00000000
core   0: 0x80000e44 (0x00006131) c.addi16sp sp, 320
core   0: 3 0x80000e44 (0x6131) x2  0x00001181
core   0: 0x80000e46 (0x00008079) c.srli  s0, 30
core   0: 3 0x80000e46 (0x8079) x8  0x00000000
core   0: 0x80000e48 (0x41050c33) sub     s8, a0, a6
core   0: 3 0x80000e48 (0x41050c33) x24 0x00000002
core   0: 0x80000e4c (0x413788b3) sub     a7, a5, s3
core   0: 3 0x80000e4c (0x413788b3) x17 0xffffffff
core   0: 0x80000e50 (0x00000605) c.addi  a2, 1
core   0: 3 0x80000e50 (0x0605) x12 0x0000000b
core   0: 0x80000e52 (0xfed613e3) bne     a2, a3, pc - 26
core   0: 3 0x80000e52 (0xfed613e3)
core   0: 0x80000e38 (0x02c401b3) mul     gp, s0, a2
core   0: 3 0x80000e38 (0x02c401b3) x3  0x00000000
core   0: 0x80000e3c (0x1c265737) lui     a4, 0x1c265
core   0: 3 0x80000e3c (0x1c265737) x14 0x1c265000
core   0: 0x80000e40 (0x41e6d9b3) sra     s3, a3, t5
core   0: 3 0x80000e40 (0x41e6d9b3) x19 0x00000000
core   0: 0x80000e44 (0x00006131) c.addi16sp sp, 320
core   0: 3 0x80000e44 (0x6131) x2  0x000012c1
core   0: 0x80000e46 (0x00008079) c.srli  s0, 30
core   0: 3 0x80000e46 (0x8079) x8  0x00000000
core   0: 0x80000e48 (0x41050c33) sub     s8, a0, a6
core   0: 3 0x80000e48 (0x41050c33) x24 0x00000002
core   0: 0x80000e4c (0x413788b3) sub     a7, a5, s3
core   0: 3 0x80000e4c (0x413788b3) x17 0xffffffff
core   0: 0x80000e50 (0x00000605) c.addi  a2, 1
core   0: 3 0x80000e50 (0x0605) x12 0x0000000c
core   0: 0x80000e52 (0xfed613e3) bne     a2, a3, pc - 26
core   0: 3 0x80000e52 (0xfed613e3)
core   0: 0x80000e38 (0x02c401b3) mul     gp, s0, a2
core   0: 3 0x80000e38 (0x02c401b3) x3  0x00000000
core   0: 0x80000e3c (0x1c265737) lui     a4, 0x1c265
core   0: 3 0x80000e3c (0x1c265737) x14 0x1c265000
core   0: 0x80000e40 (0x41e6d9b3) sra     s3, a3, t5
core   0: 3 0x80000e40 (0x41e6d9b3) x19 0x00000000
core   0: 0x80000e44 (0x00006131) c.addi16sp sp, 320
core   0: 3 0x80000e44 (0x6131) x2  0x00001401
core   0: 0x80000e46 (0x00008079) c.srli  s0, 30
core   0: 3 0x80000e46 (0x8079) x8  0x00000000
core   0: 0x80000e48 (0x41050c33) sub     s8, a0, a6
core   0: 3 0x80000e48 (0x41050c33) x24 0x00000002
core   0: 0x80000e4c (0x413788b3) sub     a7, a5, s3
core   0: 3 0x80000e4c (0x413788b3) x17 0xffffffff
core   0: 0x80000e50 (0x00000605) c.addi  a2, 1
core   0: 3 0x80000e50 (0x0605) x12 0x0000000d
core   0: 0x80000e52 (0xfed613e3) bne     a2, a3, pc - 26
core   0: 3 0x80000e52 (0xfed613e3)
core   0: 0x80000e38 (0x02c401b3) mul     gp, s0, a2
core   0: 3 0x80000e38 (0x02c401b3) x3  0x00000000
core   0: 0x80000e3c (0x1c265737) lui     a4, 0x1c265
core   0: 3 0x80000e3c (0x1c265737) x14 0x1c265000
core   0: 0x80000e40 (0x41e6d9b3) sra     s3, a3, t5
core   0: 3 0x80000e40 (0x41e6d9b3) x19 0x00000000
core   0: 0x80000e44 (0x00006131) c.addi16sp sp, 320
core   0: 3 0x80000e44 (0x6131) x2  0x00001541
core   0: 0x80000e46 (0x00008079) c.srli  s0, 30
core   0: 3 0x80000e46 (0x8079) x8  0x00000000
core   0: 0x80000e48 (0x41050c33) sub     s8, a0, a6
core   0: 3 0x80000e48 (0x41050c33) x24 0x00000002
core   0: 0x80000e4c (0x413788b3) sub     a7, a5, s3
core   0: 3 0x80000e4c (0x413788b3) x17 0xffffffff
core   0: 0x80000e50 (0x00000605) c.addi  a2, 1
core   0: 3 0x80000e50 (0x0605) x12 0x0000000e
core   0: 0x80000e52 (0xfed613e3) bne     a2, a3, pc - 26
core   0: 3 0x80000e52 (0xfed613e3)
core   0: 0x80000e38 (0x02c401b3) mul     gp, s0, a2
core   0: 3 0x80000e38 (0x02c401b3) x3  0x00000000
core   0: 0x80000e3c (0x1c265737) lui     a4, 0x1c265
core   0: 3 0x80000e3c (0x1c265737) x14 0x1c265000
core   0: 0x80000e40 (0x41e6d9b3) sra     s3, a3, t5
core   0: 3 0x80000e40 (0x41e6d9b3) x19 0x00000000
core   0: 0x80000e44 (0x00006131) c.addi16sp sp, 320
core   0: 3 0x80000e44 (0x6131) x2  0x00001681
core   0: 0x80000e46 (0x00008079) c.srli  s0, 30
core   0: 3 0x80000e46 (0x8079) x8  0x00000000
core   0: 0x80000e48 (0x41050c33) sub     s8, a0, a6
core   0: 3 0x80000e48 (0x41050c33) x24 0x00000002
core   0: 0x80000e4c (0x413788b3) sub     a7, a5, s3
core   0: 3 0x80000e4c (0x413788b3) x17 0xffffffff
core   0: 0x80000e50 (0x00000605) c.addi  a2, 1
core   0: 3 0x80000e50 (0x0605) x12 0x0000000f
core   0: 0x80000e52 (0xfed613e3) bne     a2, a3, pc - 26
core   0: 3 0x80000e52 (0xfed613e3)
core   0: 0x80000e38 (0x02c401b3) mul     gp, s0, a2
core   0: 3 0x80000e38 (0x02c401b3) x3  0x00000000
core   0: 0x80000e3c (0x1c265737) lui     a4, 0x1c265
core   0: 3 0x80000e3c (0x1c265737) x14 0x1c265000
core   0: 0x80000e40 (0x41e6d9b3) sra     s3, a3, t5
core   0: 3 0x80000e40 (0x41e6d9b3) x19 0x00000000
core   0: 0x80000e44 (0x00006131) c.addi16sp sp, 320
core   0: 3 0x80000e44 (0x6131) x2  0x000017c1
core   0: 0x80000e46 (0x00008079) c.srli  s0, 30
core   0: 3 0x80000e46 (0x8079) x8  0x00000000
core   0: 0x80000e48 (0x41050c33) sub     s8, a0, a6
core   0: 3 0x80000e48 (0x41050c33) x24 0x00000002
core   0: 0x80000e4c (0x413788b3) sub     a7, a5, s3
core   0: 3 0x80000e4c (0x413788b3) x17 0xffffffff
core   0: 0x80000e50 (0x00000605) c.addi  a2, 1
core   0: 3 0x80000e50 (0x0605) x12 0x00000010
core   0: 0x80000e52 (0xfed613e3) bne     a2, a3, pc - 26
core   0: 3 0x80000e52 (0xfed613e3)
core   0: 0x80000e38 (0x02c401b3) mul     gp, s0, a2
core   0: 3 0x80000e38 (0x02c401b3) x3  0x00000000
core   0: 0x80000e3c (0x1c265737) lui     a4, 0x1c265
core   0: 3 0x80000e3c (0x1c265737) x14 0x1c265000
core   0: 0x80000e40 (0x41e6d9b3) sra     s3, a3, t5
core   0: 3 0x80000e40 (0x41e6d9b3) x19 0x00000000
core   0: 0x80000e44 (0x00006131) c.addi16sp sp, 320
core   0: 3 0x80000e44 (0x6131) x2  0x00001901
core   0: 0x80000e46 (0x00008079) c.srli  s0, 30
core   0: 3 0x80000e46 (0x8079) x8  0x00000000
core   0: 0x80000e48 (0x41050c33) sub     s8, a0, a6
core   0: 3 0x80000e48 (0x41050c33) x24 0x00000002
core   0: 0x80000e4c (0x413788b3) sub     a7, a5, s3
core   0: 3 0x80000e4c (0x413788b3) x17 0xffffffff
core   0: 0x80000e50 (0x00000605) c.addi  a2, 1
core   0: 3 0x80000e50 (0x0605) x12 0x00000011
core   0: 0x80000e52 (0xfed613e3) bne     a2, a3, pc - 26
core   0: 3 0x80000e52 (0xfed613e3)
core   0: 0x80000e38 (0x02c401b3) mul     gp, s0, a2
core   0: 3 0x80000e38 (0x02c401b3) x3  0x00000000
core   0: 0x80000e3c (0x1c265737) lui     a4, 0x1c265
core   0: 3 0x80000e3c (0x1c265737) x14 0x1c265000
core   0: 0x80000e40 (0x41e6d9b3) sra     s3, a3, t5
core   0: 3 0x80000e40 (0x41e6d9b3) x19 0x00000000
core   0: 0x80000e44 (0x00006131) c.addi16sp sp, 320
core   0: 3 0x80000e44 (0x6131) x2  0x00001a41
core   0: 0x80000e46 (0x00008079) c.srli  s0, 30
core   0: 3 0x80000e46 (0x8079) x8  0x00000000
core   0: 0x80000e48 (0x41050c33) sub     s8, a0, a6
core   0: 3 0x80000e48 (0x41050c33) x24 0x00000002
core   0: 0x80000e4c (0x413788b3) sub     a7, a5, s3
core   0: 3 0x80000e4c (0x413788b3) x17 0xffffffff
core   0: 0x80000e50 (0x00000605) c.addi  a2, 1
core   0: 3 0x80000e50 (0x0605) x12 0x00000012
core   0: 0x80000e52 (0xfed613e3) bne     a2, a3, pc - 26
core   0: 3 0x80000e52 (0xfed613e3)
core   0: 0x80000e38 (0x02c401b3) mul     gp, s0, a2
core   0: 3 0x80000e38 (0x02c401b3) x3  0x00000000
core   0: 0x80000e3c (0x1c265737) lui     a4, 0x1c265
core   0: 3 0x80000e3c (0x1c265737) x14 0x1c265000
core   0: 0x80000e40 (0x41e6d9b3) sra     s3, a3, t5
core   0: 3 0x80000e40 (0x41e6d9b3) x19 0x00000000
core   0: 0x80000e44 (0x00006131) c.addi16sp sp, 320
core   0: 3 0x80000e44 (0x6131) x2  0x00001b81
core   0: 0x80000e46 (0x00008079) c.srli  s0, 30
core   0: 3 0x80000e46 (0x8079) x8  0x00000000
core   0: 0x80000e48 (0x41050c33) sub     s8, a0, a6
core   0: 3 0x80000e48 (0x41050c33) x24 0x00000002
core   0: 0x80000e4c (0x413788b3) sub     a7, a5, s3
core   0: 3 0x80000e4c (0x413788b3) x17 0xffffffff
core   0: 0x80000e50 (0x00000605) c.addi  a2, 1
core   0: 3 0x80000e50 (0x0605) x12 0x00000013
core   0: 0x80000e52 (0xfed613e3) bne     a2, a3, pc - 26
core   0: 3 0x80000e52 (0xfed613e3)
core   0: 0x80000e56 (0x41d5d393) srai    t2, a1, 29
core   0: 3 0x80000e56 (0x41d5d393) x7  0x00000000
core   0: 0x80000e5a (0x4138d793) srai    a5, a7, 19
core   0: 3 0x80000e5a (0x4138d793) x15 0xffffffff
core   0: 0x80000e5e (0x00009996) c.add   s3, t0
core   0: 3 0x80000e5e (0x9996) x19 0x00000001
core   0: 0x80000e60 (0xb91c0d13) addi    s10, s8, -1135
core   0: 3 0x80000e60 (0xb91c0d13) x26 0xfffffb93
core   0: 0x80000e64 (0x00f474b3) and     s1, s0, a5
core   0: 3 0x80000e64 (0x00f474b3) x9  0x00000000
core   0: 0x80000e68 (0xfb9f18e3) bne     t5, s9, pc - 80
core   0: 3 0x80000e68 (0xfb9f18e3)
core   0: 0x80000e18 (0x32587937) lui     s2, 0x32587
core   0: 3 0x80000e18 (0x32587937) x18 0x32587000
core   0: 0x80000e1c (0x6439a293) slti    t0, s3, 1603
core   0: 3 0x80000e1c (0x6439a293) x5  0x00000001
core   0: 0x80000e20 (0x00000001) c.nop
core   0: 3 0x80000e20 (0x0001)
core   0: 0x80000e22 (0x41355c33) sra     s8, a0, s3
core   0: 3 0x80000e22 (0x41355c33) x24 0x00000000
core   0: 0x80000e26 (0x00001f71) c.addi  t5, -4
core   0: 3 0x80000e26 (0x1f71) x30 0xfffffffb
core   0: 0x80000e28 (0x00008945) c.andi  a0, 17
core   0: 3 0x80000e28 (0x8945) x10 0x00000000
core   0: 0x80000e2a (0x00008049) c.srli  s0, 18
core   0: 3 0x80000e2a (0x8049) x8  0x00000000
core   0: 0x80000e2c (0x00004621) c.li    a2, 8
core   0: 3 0x80000e2c (0x4621) x12 0x00000008
core   0: 0x80000e2e (0x031b8db3) mul     s11, s7, a7
core   0: 3 0x80000e2e (0x031b8db3) x27 0xfffffff8
core   0: 0x80000e32 (0x01d72a33) slt     s4, a4, t4
core   0: 3 0x80000e32 (0x01d72a33) x20 0x00000001
core   0: 0x80000e36 (0x000046cd) c.li    a3, 19
core   0: 3 0x80000e36 (0x46cd) x13 0x00000013
core   0: 0x80000e38 (0x02c401b3) mul     gp, s0, a2
core   0: 3 0x80000e38 (0x02c401b3) x3  0x00000000
core   0: 0x80000e3c (0x1c265737) lui     a4, 0x1c265
core   0: 3 0x80000e3c (0x1c265737) x14 0x1c265000
core   0: 0x80000e40 (0x41e6d9b3) sra     s3, a3, t5
core   0: 3 0x80000e40 (0x41e6d9b3) x19 0x00000000
core   0: 0x80000e44 (0x00006131) c.addi16sp sp, 320
core   0: 3 0x80000e44 (0x6131) x2  0x00001cc1
core   0: 0x80000e46 (0x00008079) c.srli  s0, 30
core   0: 3 0x80000e46 (0x8079) x8  0x00000000
core   0: 0x80000e48 (0x41050c33) sub     s8, a0, a6
core   0: 3 0x80000e48 (0x41050c33) x24 0x00000002
core   0: 0x80000e4c (0x413788b3) sub     a7, a5, s3
core   0: 3 0x80000e4c (0x413788b3) x17 0xffffffff
core   0: 0x80000e50 (0x00000605) c.addi  a2, 1
core   0: 3 0x80000e50 (0x0605) x12 0x00000009
core   0: 0x80000e52 (0xfed613e3) bne     a2, a3, pc - 26
core   0: 3 0x80000e52 (0xfed613e3)
core   0: 0x80000e38 (0x02c401b3) mul     gp, s0, a2
core   0: 3 0x80000e38 (0x02c401b3) x3  0x00000000
core   0: 0x80000e3c (0x1c265737) lui     a4, 0x1c265
core   0: 3 0x80000e3c (0x1c265737) x14 0x1c265000
core   0: 0x80000e40 (0x41e6d9b3) sra     s3, a3, t5
core   0: 3 0x80000e40 (0x41e6d9b3) x19 0x00000000
core   0: 0x80000e44 (0x00006131) c.addi16sp sp, 320
core   0: 3 0x80000e44 (0x6131) x2  0x00001e01
core   0: 0x80000e46 (0x00008079) c.srli  s0, 30
core   0: 3 0x80000e46 (0x8079) x8  0x00000000
core   0: 0x80000e48 (0x41050c33) sub     s8, a0, a6
core   0: 3 0x80000e48 (0x41050c33) x24 0x00000002
core   0: 0x80000e4c (0x413788b3) sub     a7, a5, s3
core   0: 3 0x80000e4c (0x413788b3) x17 0xffffffff
core   0: 0x80000e50 (0x00000605) c.addi  a2, 1
core   0: 3 0x80000e50 (0x0605) x12 0x0000000a
core   0: 0x80000e52 (0xfed613e3) bne     a2, a3, pc - 26
core   0: 3 0x80000e52 (0xfed613e3)
core   0: 0x80000e38 (0x02c401b3) mul     gp, s0, a2
core   0: 3 0x80000e38 (0x02c401b3) x3  0x00000000
core   0: 0x80000e3c (0x1c265737) lui     a4, 0x1c265
core   0: 3 0x80000e3c (0x1c265737) x14 0x1c265000
core   0: 0x80000e40 (0x41e6d9b3) sra     s3, a3, t5
core   0: 3 0x80000e40 (0x41e6d9b3) x19 0x00000000
core   0: 0x80000e44 (0x00006131) c.addi16sp sp, 320
core   0: 3 0x80000e44 (0x6131) x2  0x00001f41
core   0: 0x80000e46 (0x00008079) c.srli  s0, 30
core   0: 3 0x80000e46 (0x8079) x8  0x00000000
core   0: 0x80000e48 (0x41050c33) sub     s8, a0, a6
core   0: 3 0x80000e48 (0x41050c33) x24 0x00000002
core   0: 0x80000e4c (0x413788b3) sub     a7, a5, s3
core   0: 3 0x80000e4c (0x413788b3) x17 0xffffffff
core   0: 0x80000e50 (0x00000605) c.addi  a2, 1
core   0: 3 0x80000e50 (0x0605) x12 0x0000000b
core   0: 0x80000e52 (0xfed613e3) bne     a2, a3, pc - 26
core   0: 3 0x80000e52 (0xfed613e3)
core   0: 0x80000e38 (0x02c401b3) mul     gp, s0, a2
core   0: 3 0x80000e38 (0x02c401b3) x3  0x00000000
core   0: 0x80000e3c (0x1c265737) lui     a4, 0x1c265
core   0: 3 0x80000e3c (0x1c265737) x14 0x1c265000
core   0: 0x80000e40 (0x41e6d9b3) sra     s3, a3, t5
core   0: 3 0x80000e40 (0x41e6d9b3) x19 0x00000000
core   0: 0x80000e44 (0x00006131) c.addi16sp sp, 320
core   0: 3 0x80000e44 (0x6131) x2  0x00002081
core   0: 0x80000e46 (0x00008079) c.srli  s0, 30
core   0: 3 0x80000e46 (0x8079) x8  0x00000000
core   0: 0x80000e48 (0x41050c33) sub     s8, a0, a6
core   0: 3 0x80000e48 (0x41050c33) x24 0x00000002
core   0: 0x80000e4c (0x413788b3) sub     a7, a5, s3
core   0: 3 0x80000e4c (0x413788b3) x17 0xffffffff
core   0: 0x80000e50 (0x00000605) c.addi  a2, 1
core   0: 3 0x80000e50 (0x0605) x12 0x0000000c
core   0: 0x80000e52 (0xfed613e3) bne     a2, a3, pc - 26
core   0: 3 0x80000e52 (0xfed613e3)
core   0: 0x80000e38 (0x02c401b3) mul     gp, s0, a2
core   0: 3 0x80000e38 (0x02c401b3) x3  0x00000000
core   0: 0x80000e3c (0x1c265737) lui     a4, 0x1c265
core   0: 3 0x80000e3c (0x1c265737) x14 0x1c265000
core   0: 0x80000e40 (0x41e6d9b3) sra     s3, a3, t5
core   0: 3 0x80000e40 (0x41e6d9b3) x19 0x00000000
core   0: 0x80000e44 (0x00006131) c.addi16sp sp, 320
core   0: 3 0x80000e44 (0x6131) x2  0x000021c1
core   0: 0x80000e46 (0x00008079) c.srli  s0, 30
core   0: 3 0x80000e46 (0x8079) x8  0x00000000
core   0: 0x80000e48 (0x41050c33) sub     s8, a0, a6
core   0: 3 0x80000e48 (0x41050c33) x24 0x00000002
core   0: 0x80000e4c (0x413788b3) sub     a7, a5, s3
core   0: 3 0x80000e4c (0x413788b3) x17 0xffffffff
core   0: 0x80000e50 (0x00000605) c.addi  a2, 1
core   0: 3 0x80000e50 (0x0605) x12 0x0000000d
core   0: 0x80000e52 (0xfed613e3) bne     a2, a3, pc - 26
core   0: 3 0x80000e52 (0xfed613e3)
core   0: 0x80000e38 (0x02c401b3) mul     gp, s0, a2
core   0: 3 0x80000e38 (0x02c401b3) x3  0x00000000
core   0: 0x80000e3c (0x1c265737) lui     a4, 0x1c265
core   0: 3 0x80000e3c (0x1c265737) x14 0x1c265000
core   0: 0x80000e40 (0x41e6d9b3) sra     s3, a3, t5
core   0: 3 0x80000e40 (0x41e6d9b3) x19 0x00000000
core   0: 0x80000e44 (0x00006131) c.addi16sp sp, 320
core   0: 3 0x80000e44 (0x6131) x2  0x00002301
core   0: 0x80000e46 (0x00008079) c.srli  s0, 30
core   0: 3 0x80000e46 (0x8079) x8  0x00000000
core   0: 0x80000e48 (0x41050c33) sub     s8, a0, a6
core   0: 3 0x80000e48 (0x41050c33) x24 0x00000002
core   0: 0x80000e4c (0x413788b3) sub     a7, a5, s3
core   0: 3 0x80000e4c (0x413788b3) x17 0xffffffff
core   0: 0x80000e50 (0x00000605) c.addi  a2, 1
core   0: 3 0x80000e50 (0x0605) x12 0x0000000e
core   0: 0x80000e52 (0xfed613e3) bne     a2, a3, pc - 26
core   0: 3 0x80000e52 (0xfed613e3)
core   0: 0x80000e38 (0x02c401b3) mul     gp, s0, a2
core   0: 3 0x80000e38 (0x02c401b3) x3  0x00000000
core   0: 0x80000e3c (0x1c265737) lui     a4, 0x1c265
core   0: 3 0x80000e3c (0x1c265737) x14 0x1c265000
core   0: 0x80000e40 (0x41e6d9b3) sra     s3, a3, t5
core   0: 3 0x80000e40 (0x41e6d9b3) x19 0x00000000
core   0: 0x80000e44 (0x00006131) c.addi16sp sp, 320
core   0: 3 0x80000e44 (0x6131) x2  0x00002441
core   0: 0x80000e46 (0x00008079) c.srli  s0, 30
core   0: 3 0x80000e46 (0x8079) x8  0x00000000
core   0: 0x80000e48 (0x41050c33) sub     s8, a0, a6
core   0: 3 0x80000e48 (0x41050c33) x24 0x00000002
core   0: 0x80000e4c (0x413788b3) sub     a7, a5, s3
core   0: 3 0x80000e4c (0x413788b3) x17 0xffffffff
core   0: 0x80000e50 (0x00000605) c.addi  a2, 1
core   0: 3 0x80000e50 (0x0605) x12 0x0000000f
core   0: 0x80000e52 (0xfed613e3) bne     a2, a3, pc - 26
core   0: 3 0x80000e52 (0xfed613e3)
core   0: 0x80000e38 (0x02c401b3) mul     gp, s0, a2
core   0: 3 0x80000e38 (0x02c401b3) x3  0x00000000
core   0: 0x80000e3c (0x1c265737) lui     a4, 0x1c265
core   0: 3 0x80000e3c (0x1c265737) x14 0x1c265000
core   0: 0x80000e40 (0x41e6d9b3) sra     s3, a3, t5
core   0: 3 0x80000e40 (0x41e6d9b3) x19 0x00000000
core   0: 0x80000e44 (0x00006131) c.addi16sp sp, 320
core   0: 3 0x80000e44 (0x6131) x2  0x00002581
core   0: 0x80000e46 (0x00008079) c.srli  s0, 30
core   0: 3 0x80000e46 (0x8079) x8  0x00000000
core   0: 0x80000e48 (0x41050c33) sub     s8, a0, a6
core   0: 3 0x80000e48 (0x41050c33) x24 0x00000002
core   0: 0x80000e4c (0x413788b3) sub     a7, a5, s3
core   0: 3 0x80000e4c (0x413788b3) x17 0xffffffff
core   0: 0x80000e50 (0x00000605) c.addi  a2, 1
core   0: 3 0x80000e50 (0x0605) x12 0x00000010
core   0: 0x80000e52 (0xfed613e3) bne     a2, a3, pc - 26
core   0: 3 0x80000e52 (0xfed613e3)
core   0: 0x80000e38 (0x02c401b3) mul     gp, s0, a2
core   0: 3 0x80000e38 (0x02c401b3) x3  0x00000000
core   0: 0x80000e3c (0x1c265737) lui     a4, 0x1c265
core   0: 3 0x80000e3c (0x1c265737) x14 0x1c265000
core   0: 0x80000e40 (0x41e6d9b3) sra     s3, a3, t5
core   0: 3 0x80000e40 (0x41e6d9b3) x19 0x00000000
core   0: 0x80000e44 (0x00006131) c.addi16sp sp, 320
core   0: 3 0x80000e44 (0x6131) x2  0x000026c1
core   0: 0x80000e46 (0x00008079) c.srli  s0, 30
core   0: 3 0x80000e46 (0x8079) x8  0x00000000
core   0: 0x80000e48 (0x41050c33) sub     s8, a0, a6
core   0: 3 0x80000e48 (0x41050c33) x24 0x00000002
core   0: 0x80000e4c (0x413788b3) sub     a7, a5, s3
core   0: 3 0x80000e4c (0x413788b3) x17 0xffffffff
core   0: 0x80000e50 (0x00000605) c.addi  a2, 1
core   0: 3 0x80000e50 (0x0605) x12 0x00000011
core   0: 0x80000e52 (0xfed613e3) bne     a2, a3, pc - 26
core   0: 3 0x80000e52 (0xfed613e3)
core   0: 0x80000e38 (0x02c401b3) mul     gp, s0, a2
core   0: 3 0x80000e38 (0x02c401b3) x3  0x00000000
core   0: 0x80000e3c (0x1c265737) lui     a4, 0x1c265
core   0: 3 0x80000e3c (0x1c265737) x14 0x1c265000
core   0: 0x80000e40 (0x41e6d9b3) sra     s3, a3, t5
core   0: 3 0x80000e40 (0x41e6d9b3) x19 0x00000000
core   0: 0x80000e44 (0x00006131) c.addi16sp sp, 320
core   0: 3 0x80000e44 (0x6131) x2  0x00002801
core   0: 0x80000e46 (0x00008079) c.srli  s0, 30
core   0: 3 0x80000e46 (0x8079) x8  0x00000000
core   0: 0x80000e48 (0x41050c33) sub     s8, a0, a6
core   0: 3 0x80000e48 (0x41050c33) x24 0x00000002
core   0: 0x80000e4c (0x413788b3) sub     a7, a5, s3
core   0: 3 0x80000e4c (0x413788b3) x17 0xffffffff
core   0: 0x80000e50 (0x00000605) c.addi  a2, 1
core   0: 3 0x80000e50 (0x0605) x12 0x00000012
core   0: 0x80000e52 (0xfed613e3) bne     a2, a3, pc - 26
core   0: 3 0x80000e52 (0xfed613e3)
core   0: 0x80000e38 (0x02c401b3) mul     gp, s0, a2
core   0: 3 0x80000e38 (0x02c401b3) x3  0x00000000
core   0: 0x80000e3c (0x1c265737) lui     a4, 0x1c265
core   0: 3 0x80000e3c (0x1c265737) x14 0x1c265000
core   0: 0x80000e40 (0x41e6d9b3) sra     s3, a3, t5
core   0: 3 0x80000e40 (0x41e6d9b3) x19 0x00000000
core   0: 0x80000e44 (0x00006131) c.addi16sp sp, 320
core   0: 3 0x80000e44 (0x6131) x2  0x00002941
core   0: 0x80000e46 (0x00008079) c.srli  s0, 30
core   0: 3 0x80000e46 (0x8079) x8  0x00000000
core   0: 0x80000e48 (0x41050c33) sub     s8, a0, a6
core   0: 3 0x80000e48 (0x41050c33) x24 0x00000002
core   0: 0x80000e4c (0x413788b3) sub     a7, a5, s3
core   0: 3 0x80000e4c (0x413788b3) x17 0xffffffff
core   0: 0x80000e50 (0x00000605) c.addi  a2, 1
core   0: 3 0x80000e50 (0x0605) x12 0x00000013
core   0: 0x80000e52 (0xfed613e3) bne     a2, a3, pc - 26
core   0: 3 0x80000e52 (0xfed613e3)
core   0: 0x80000e56 (0x41d5d393) srai    t2, a1, 29
core   0: 3 0x80000e56 (0x41d5d393) x7  0x00000000
core   0: 0x80000e5a (0x4138d793) srai    a5, a7, 19
core   0: 3 0x80000e5a (0x4138d793) x15 0xffffffff
core   0: 0x80000e5e (0x00009996) c.add   s3, t0
core   0: 3 0x80000e5e (0x9996) x19 0x00000001
core   0: 0x80000e60 (0xb91c0d13) addi    s10, s8, -1135
core   0: 3 0x80000e60 (0xb91c0d13) x26 0xfffffb93
core   0: 0x80000e64 (0x00f474b3) and     s1, s0, a5
core   0: 3 0x80000e64 (0x00f474b3) x9  0x00000000
core   0: 0x80000e68 (0xfb9f18e3) bne     t5, s9, pc - 80
core   0: 3 0x80000e68 (0xfb9f18e3)
core   0: 0x80000e6c (0x03256db3) rem     s11, a0, s2
core   0: 3 0x80000e6c (0x03256db3) x27 0x00000000
core   0: 0x80000e70 (0x00005779) c.li    a4, -2
core   0: 3 0x80000e70 (0x5779) x14 0xfffffffe
core   0: 0x80000e72 (0x00000001) c.nop
core   0: 3 0x80000e72 (0x0001)
core   0: 0x80000e74 (0x031676b3) remu    a3, a2, a7
core   0: 3 0x80000e74 (0x031676b3) x13 0x00000013
core   0: 0x80000e78 (0x00000705) c.addi  a4, 1
core   0: 3 0x80000e78 (0x0705) x14 0xffffffff
core   0: 0x80000e7a (0x0000ff6d) c.bnez  a4, pc - 6
core   0: 3 0x80000e7a (0xff6d)
core   0: 0x80000e74 (0x031676b3) remu    a3, a2, a7
core   0: 3 0x80000e74 (0x031676b3) x13 0x00000013
core   0: 0x80000e78 (0x00000705) c.addi  a4, 1
core   0: 3 0x80000e78 (0x0705) x14 0x00000000
core   0: 0x80000e7a (0x0000ff6d) c.bnez  a4, pc - 6
core   0: 3 0x80000e7a (0xff6d)
core   0: 0x80000e7c (0x03968133) mul     sp, a3, s9
core   0: 3 0x80000e7c (0x03968133) x2  0xffffffa1
core   0: 0x80000e80 (0x00004801) c.li    a6, 0
core   0: 3 0x80000e80 (0x4801) x16 0x00000000
core   0: 0x80000e82 (0x02416cb3) rem     s9, sp, tp
core   0: 3 0x80000e82 (0x02416cb3) x25 0xffffffa1
core   0: 0x80000e86 (0x03c62533) mulhsu  a0, a2, t3
core   0: 3 0x80000e86 (0x03c62533) x10 0x00000009
core   0: 0x80000e8a (0x60897697) auipc   a3, 0x60897
core   0: 3 0x80000e8a (0x60897697) x13 0xe0897e8a
core   0: 0x80000e8e (0x03a37033) remu    zero, t1, s10
core   0: 3 0x80000e8e (0x03a37033)
core   0: 0x80000e92 (0x00c74617) auipc   a2, 0xc74
core   0: 3 0x80000e92 (0x00c74617) x12 0x80c74e92
core   0: 0x80000e96 (0x40975313) srai    t1, a4, 9
core   0: 3 0x80000e96 (0x40975313) x6  0x00000000
core   0: 0x80000e9a (0x00008c51) c.or    s0, a2
core   0: 3 0x80000e9a (0x8c51) x8  0x80c74e92
core   0: 0x80000e9c (0x025bdbb3) divu    s7, s7, t0
core   0: 3 0x80000e9c (0x025bdbb3) x23 0x00000008
core   0: 0x80000ea0 (0x015f9513) slli    a0, t6, 21
core   0: 3 0x80000ea0 (0x015f9513) x10 0x00000000
core   0: 0x80000ea4 (0x0000864e) c.mv    a2, s3
core   0: 3 0x80000ea4 (0x864e) x12 0x00000001
core   0: 0x80000ea6 (0x00e72133) slt     sp, a4, a4
core   0: 3 0x80000ea6 (0x00e72133) x2  0x00000000
core   0: 0x80000eaa (0x00005ae1) c.li    s5, -8
core   0: 3 0x80000eaa (0x5ae1) x21 0xfffffff8
core   0: 0x80000eac (0x41345fb3) sra     t6, s0, s3
core   0: 3 0x80000eac (0x41345fb3) x31 0xc063a749
core   0: 0x80000eb0 (0x012fad33) slt     s10, t6, s2
core   0: 3 0x80000eb0 (0x012fad33) x26 0x00000001
core   0: 0x80000eb4 (0x00008b1d) c.andi  a4, 7
core   0: 3 0x80000eb4 (0x8b1d) x14 0x00000000
core   0: 0x80000eb6 (0x00009f6e) c.add   t5, s11
core   0: 3 0x80000eb6 (0x9f6e) x30 0xfffffffb
core   0: 0x80000eb8 (0x0363c7b3) div     a5, t2, s6
core   0: 3 0x80000eb8 (0x0363c7b3) x15 0x00000000
core   0: 0x80000ebc (0x00008ea9) c.xor   a3, a0
core   0: 3 0x80000ebc (0x8ea9) x13 0xe0897e8a
core   0: 0x80000ebe (0x00001861) c.addi  a6, -8
core   0: 3 0x80000ebe (0x1861) x16 0xfffffff8
core   0: 0x80000ec0 (0x00008db1) c.xor   a1, a2
core   0: 3 0x80000ec0 (0x8db1) x11 0x00000002
core   0: 0x80000ec2 (0x009a9db3) sll     s11, s5, s1
core   0: 3 0x80000ec2 (0x009a9db3) x27 0xfffffff8
core   0: 0x80000ec6 (0x01f91893) slli    a7, s2, 31
core   0: 3 0x80000ec6 (0x01f91893) x17 0x00000000
core   0: 0x80000eca (0x00006935) c.lui   s2, 0xd
core   0: 3 0x80000eca (0x6935) x18 0x0000d000
core   0: 0x80000ecc (0x00008fe1) c.and   a5, s0
core   0: 3 0x80000ecc (0x8fe1) x15 0x00000000
core   0: 0x80000ece (0x023549b3) div     s3, a0, gp
core   0: 3 0x80000ece (0x023549b3) x19 0xffffffff
core   0: 0x80000ed2 (0x00000001) c.nop
core   0: 3 0x80000ed2 (0x0001)
core   0: 0x80000ed4 (0xff5802e3) beq     a6, s5, pc - 28
core   0: 3 0x80000ed4 (0xff5802e3)
core   0: 0x80000eb8 (0x0363c7b3) div     a5, t2, s6
core   0: 3 0x80000eb8 (0x0363c7b3) x15 0x00000000
core   0: 0x80000ebc (0x00008ea9) c.xor   a3, a0
core   0: 3 0x80000ebc (0x8ea9) x13 0xe0897e8a
core   0: 0x80000ebe (0x00001861) c.addi  a6, -8
core   0: 3 0x80000ebe (0x1861) x16 0xfffffff0
core   0: 0x80000ec0 (0x00008db1) c.xor   a1, a2
core   0: 3 0x80000ec0 (0x8db1) x11 0x00000003
core   0: 0x80000ec2 (0x009a9db3) sll     s11, s5, s1
core   0: 3 0x80000ec2 (0x009a9db3) x27 0xfffffff8
core   0: 0x80000ec6 (0x01f91893) slli    a7, s2, 31
core   0: 3 0x80000ec6 (0x01f91893) x17 0x00000000
core   0: 0x80000eca (0x00006935) c.lui   s2, 0xd
core   0: 3 0x80000eca (0x6935) x18 0x0000d000
core   0: 0x80000ecc (0x00008fe1) c.and   a5, s0
core   0: 3 0x80000ecc (0x8fe1) x15 0x00000000
core   0: 0x80000ece (0x023549b3) div     s3, a0, gp
core   0: 3 0x80000ece (0x023549b3) x19 0xffffffff
core   0: 0x80000ed2 (0x00000001) c.nop
core   0: 3 0x80000ed2 (0x0001)
core   0: 0x80000ed4 (0xff5802e3) beq     a6, s5, pc - 28
core   0: 3 0x80000ed4 (0xff5802e3)
core   0: 0x80000ed8 (0x00d35db3) srl     s11, t1, a3
core   0: 3 0x80000ed8 (0x00d35db3) x27 0x00000000
core   0: 0x80000edc (0x00004429) c.li    s0, 10
core   0: 3 0x80000edc (0x4429) x8  0x0000000a
core   0: 0x80000ede (0x00008dd9) c.or    a1, a4
core   0: 3 0x80000ede (0x8dd9) x11 0x00000003
core   0: 0x80000ee0 (0x00008d3a) c.mv    s10, a4
core   0: 3 0x80000ee0 (0x8d3a) x26 0x00000000
core   0: 0x80000ee2 (0x00004aa9) c.li    s5, 10
core   0: 3 0x80000ee2 (0x4aa9) x21 0x0000000a
core   0: 0x80000ee4 (0x00005b7d) c.li    s6, -1
core   0: 3 0x80000ee4 (0x5b7d) x22 0xffffffff
core   0: 0x80000ee6 (0x038da4b3) mulhsu  s1, s11, s8
core   0: 3 0x80000ee6 (0x038da4b3) x9  0x00000000
core   0: 0x80000eea (0x00000001) c.nop
core   0: 3 0x80000eea (0x0001)
core   0: 0x80000eec (0x00008e79) c.and   a2, a4
core   0: 3 0x80000eec (0x8e79) x12 0x00000000
core   0: 0x80000eee (0x0000145d) c.addi  s0, -9
core   0: 3 0x80000eee (0x145d) x8  0x00000001
core   0: 0x80000ef0 (0x00004111) c.li    sp, 4
core   0: 3 0x80000ef0 (0x4111) x2  0x00000004
core   0: 0x80000ef2 (0x00005bf1) c.li    s7, -4
core   0: 3 0x80000ef2 (0x5bf1) x23 0xfffffffc
core   0: 0x80000ef4 (0x000002c2) c.slli  t0, 16
core   0: 3 0x80000ef4 (0x02c2) x5  0x00010000
core   0: 0x80000ef6 (0x03636033) rem     zero, t1, s6
core   0: 3 0x80000ef6 (0x03636033)
core   0: 0x80000efa (0x039804b3) mul     s1, a6, s9
core   0: 3 0x80000efa (0x039804b3) x9  0x000005f0
core   0: 0x80000efe (0x02d73733) mulhu   a4, a4, a3
core   0: 3 0x80000efe (0x02d73733) x14 0x00000000
core   0: 0x80000f02 (0x00001171) c.addi  sp, -4
core   0: 3 0x80000f02 (0x1171) x2  0x00000000
core   0: 0x80000f04 (0x0360f7b3) remu    a5, ra, s6
core   0: 3 0x80000f04 (0x0360f7b3) x15 0x00000014
core   0: 0x80000f08 (0xff711be3) bne     sp, s7, pc - 10
core   0: 3 0x80000f08 (0xff711be3)
core   0: 0x80000efe (0x02d73733) mulhu   a4, a4, a3
core   0: 3 0x80000efe (0x02d73733) x14 0x00000000
core   0: 0x80000f02 (0x00001171) c.addi  sp, -4
core   0: 3 0x80000f02 (0x1171) x2  0xfffffffc
core   0: 0x80000f04 (0x0360f7b3) remu    a5, ra, s6
core   0: 3 0x80000f04 (0x0360f7b3) x15 0x00000014
core   0: 0x80000f08 (0xff711be3) bne     sp, s7, pc - 10
core   0: 3 0x80000f08 (0xff711be3)
core   0: 0x80000f0c (0xfd547ce3) bgeu    s0, s5, pc - 40
core   0: 3 0x80000f0c (0xfd547ce3)
core   0: 0x80000f10 (0x02324733) div     a4, tp, gp
core   0: 3 0x80000f10 (0x02324733) x14 0xffffffff
core   0: 0x80000f14 (0x00005ff5) c.li    t6, -3
core   0: 3 0x80000f14 (0x5ff5) x31 0xfffffffd
core   0: 0x80000f16 (0x0000546d) c.li    s0, -5
core   0: 3 0x80000f16 (0x546d) x8  0xfffffffb
core   0: 0x80000f18 (0x00004969) c.li    s2, 26
core   0: 3 0x80000f18 (0x4969) x18 0x0000001a
core   0: 0x80000f1a (0x41670c33) sub     s8, a4, s6
core   0: 3 0x80000f1a (0x41670c33) x24 0x00000000
core   0: 0x80000f1e (0x01befc33) and     s8, t4, s11
core   0: 3 0x80000f1e (0x01befc33) x24 0x00000000
core   0: 0x80000f22 (0x98cf4493) xori    s1, t5, -1652
core   0: 3 0x80000f22 (0x98cf4493) x9  0x00000677
core   0: 0x80000f26 (0x00001ff9) c.addi  t6, -2
core   0: 3 0x80000f26 (0x1ff9) x31 0xfffffffb
core   0: 0x80000f28 (0x014c8133) add     sp, s9, s4
core   0: 3 0x80000f28 (0x014c8133) x2  0xffffffa2
core   0: 0x80000f2c (0x00008f01) c.sub   a4, s0
core   0: 3 0x80000f2c (0x8f01) x14 0x00000004
core   0: 0x80000f2e (0x40d2dd93) srai    s11, t0, 13
core   0: 3 0x80000f2e (0x40d2dd93) x27 0x00000008
core   0: 0x80000f32 (0xfe8f84e3) beq     t6, s0, pc - 24
core   0: 3 0x80000f32 (0xfe8f84e3)
core   0: 0x80000f1a (0x41670c33) sub     s8, a4, s6
core   0: 3 0x80000f1a (0x41670c33) x24 0x00000005
core   0: 0x80000f1e (0x01befc33) and     s8, t4, s11
core   0: 3 0x80000f1e (0x01befc33) x24 0x00000000
core   0: 0x80000f22 (0x98cf4493) xori    s1, t5, -1652
core   0: 3 0x80000f22 (0x98cf4493) x9  0x00000677
core   0: 0x80000f26 (0x00001ff9) c.addi  t6, -2
core   0: 3 0x80000f26 (0x1ff9) x31 0xfffffff9
core   0: 0x80000f28 (0x014c8133) add     sp, s9, s4
core   0: 3 0x80000f28 (0x014c8133) x2  0xffffffa2
core   0: 0x80000f2c (0x00008f01) c.sub   a4, s0
core   0: 3 0x80000f2c (0x8f01) x14 0x00000009
core   0: 0x80000f2e (0x40d2dd93) srai    s11, t0, 13
core   0: 3 0x80000f2e (0x40d2dd93) x27 0x00000008
core   0: 0x80000f32 (0xfe8f84e3) beq     t6, s0, pc - 24
core   0: 3 0x80000f32 (0xfe8f84e3)
core   0: 0x80000f36 (0x018c5333) srl     t1, s8, s8
core   0: 3 0x80000f36 (0x018c5333) x6  0x00000000
core   0: 0x80000f3a (0x000046a5) c.li    a3, 9
core   0: 3 0x80000f3a (0x46a5) x13 0x00000009
core   0: 0x80000f3c (0x00000001) c.nop
core   0: 3 0x80000f3c (0x0001)
core   0: 0x80000f3e (0x008985b3) add     a1, s3, s0
core   0: 3 0x80000f3e (0x008985b3) x11 0xfffffffa
core   0: 0x80000f42 (0x00000f6e) c.slli  t5, 27
core   0: 3 0x80000f42 (0x0f6e) x30 0xd8000000
core   0: 0x80000f44 (0x0082ecb3) or      s9, t0, s0
core   0: 3 0x80000f44 (0x0082ecb3) x25 0xfffffffb
core   0: 0x80000f48 (0x032b4fb3) div     t6, s6, s2
core   0: 3 0x80000f48 (0x032b4fb3) x31 0x00000000
core   0: 0x80000f4c (0x03125bb3) divu    s7, tp, a7
core   0: 3 0x80000f4c (0x03125bb3) x23 0xffffffff
core   0: 0x80000f50 (0x00004d21) c.li    s10, 8
core   0: 3 0x80000f50 (0x4d21) x26 0x00000008
core   0: 0x80000f52 (0x036c07b3) mul     a5, s8, s6
core   0: 3 0x80000f52 (0x036c07b3) x15 0x00000000
core   0: 0x80000f56 (0x0098af33) slt     t5, a7, s1
core   0: 3 0x80000f56 (0x0098af33) x30 0x00000001
core   0: 0x80000f5a (0x000016e5) c.addi  a3, -7
core   0: 3 0x80000f5a (0x16e5) x13 0x00000002
core   0: 0x80000f5c (0x00008505) c.srai  a0, 1
core   0: 3 0x80000f5c (0x8505) x10 0x00000000
core   0: 0x80000f5e (0x03041133) mulh    sp, s0, a6
core   0: 3 0x80000f5e (0x03041133) x2  0x00000000
core   0: 0x80000f62 (0x0000545d) c.li    s0, -9
core   0: 3 0x80000f62 (0x545d) x8  0xfffffff7
core   0: 0x80000f64 (0x0031b933) sltu    s2, gp, gp
core   0: 3 0x80000f64 (0x0031b933) x18 0x00000000
core   0: 0x80000f68 (0x000051f9) c.li    gp, -2
core   0: 3 0x80000f68 (0x51f9) x3  0xfffffffe
core   0: 0x80000f6a (0x001bc933) xor     s2, s7, ra
core   0: 3 0x80000f6a (0x001bc933) x18 0xffffffeb
core   0: 0x80000f6e (0xa49fe513) ori     a0, t6, -1463
core   0: 3 0x80000f6e (0xa49fe513) x10 0xfffffa49
core   0: 0x80000f72 (0x00009862) c.add   a6, s8
core   0: 3 0x80000f72 (0x9862) x16 0xfffffff0
core   0: 0x80000f74 (0x01259633) sll     a2, a1, s2
core   0: 3 0x80000f74 (0x01259633) x12 0xffffd000
core   0: 0x80000f78 (0x00000001) c.nop
core   0: 3 0x80000f78 (0x0001)
core   0: 0x80000f7a (0x01081a93) slli    s5, a6, 16
core   0: 3 0x80000f7a (0x01081a93) x21 0xfff00000
core   0: 0x80000f7e (0x0000041d) c.addi  s0, 7
core   0: 3 0x80000f7e (0x041d) x8  0xfffffffe
core   0: 0x80000f80 (0x0000717d) c.addi16sp sp, -16
core   0: 3 0x80000f80 (0x717d) x2  0xfffffff0
core   0: 0x80000f82 (0xfe344be3) blt     s0, gp, pc - 10
core   0: 3 0x80000f82 (0xfe344be3)
core   0: 0x80000f86 (0x004aba33) sltu    s4, s5, tp
core   0: 3 0x80000f86 (0x004aba33) x20 0x00000000
core   0: 0x80000f8a (0xfda6f6e3) bgeu    a3, s10, pc - 52
core   0: 3 0x80000f8a (0xfda6f6e3)
core   0: 0x80000f8e (0x621c9037) lui     zero, 0x621c9
core   0: 3 0x80000f8e (0x621c9037)
core   0: 0x80000f92 (0x00005671) c.li    a2, -4
core   0: 3 0x80000f92 (0x5671) x12 0xfffffffc
core   0: 0x80000f94 (0x00000001) c.nop
core   0: 3 0x80000f94 (0x0001)
core   0: 0x80000f96 (0x0000840d) c.srai  s0, 3
core   0: 3 0x80000f96 (0x840d) x8  0xffffffff
core   0: 0x80000f98 (0x88e8e913) ori     s2, a7, -1906
core   0: 3 0x80000f98 (0x88e8e913) x18 0xfffff88e
core   0: 0x80000f9c (0x00008c79) c.and   s0, a4
core   0: 3 0x80000f9c (0x8c79) x8  0x00000009
core   0: 0x80000f9e (0x00008fc1) c.or    a5, s0
core   0: 3 0x80000f9e (0x8fc1) x15 0x00000009
core   0: 0x80000fa0 (0x00dc6fb3) or      t6, s8, a3
core   0: 3 0x80000fa0 (0x00dc6fb3) x31 0x00000002
core   0: 0x80000fa4 (0x03129033) mulh    zero, t0, a7
core   0: 3 0x80000fa4 (0x03129033)
core   0: 0x80000fa8 (0x000082f5) c.srli  a3, 29
core   0: 3 0x80000fa8 (0x82f5) x13 0x00000000
core   0: 0x80000faa (0x30480b13) addi    s6, a6, 772
core   0: 3 0x80000faa (0x30480b13) x22 0x000002f4
core   0: 0x80000fae (0x00005861) c.li    a6, -8
core   0: 3 0x80000fae (0x5861) x16 0xfffffff8
core   0: 0x80000fb0 (0x01cb1593) slli    a1, s6, 28
core   0: 3 0x80000fb0 (0x01cb1593) x11 0x40000000
core   0: 0x80000fb4 (0x738baa93) slti    s5, s7, 1848
core   0: 3 0x80000fb4 (0x738baa93) x21 0x00000001
core   0: 0x80000fb8 (0x38718693) addi    a3, gp, 903
core   0: 3 0x80000fb8 (0x38718693) x13 0x00000385
core   0: 0x80000fbc (0x40a68333) sub     t1, a3, a0
core   0: 3 0x80000fbc (0x40a68333) x6  0x0000093c
core   0: 0x80000fc0 (0x01c3d293) srli    t0, t2, 28
core   0: 3 0x80000fc0 (0x01c3d293) x5  0x00000000
core   0: 0x80000fc4 (0x03ac37b3) mulhu   a5, s8, s10
core   0: 3 0x80000fc4 (0x03ac37b3) x15 0x00000000
core   0: 0x80000fc8 (0x00a723b3) slt     t2, a4, a0
core   0: 3 0x80000fc8 (0x00a723b3) x7  0x00000000
core   0: 0x80000fcc (0x0000808d) c.srli  s1, 3
core   0: 3 0x80000fcc (0x808d) x9  0x000000ce
core   0: 0x80000fce (0x91998013) addi    zero, s3, -1767
core   0: 3 0x80000fce (0x91998013)
core   0: 0x80000fd2 (0x00001659) c.addi  a2, -10
core   0: 3 0x80000fd2 (0x1659) x12 0xfffffff2
core   0: 0x80000fd4 (0x030ab033) mulhu   zero, s5, a6
core   0: 3 0x80000fd4 (0x030ab033)
core   0: 0x80000fd8 (0x000050fd) c.li    ra, -1
core   0: 3 0x80000fd8 (0x50fd) x1  0xffffffff
core   0: 0x80000fda (0x00001980) c.addi4spn s0, sp, 240
core   0: 3 0x80000fda (0x1980) x8  0x000000e0
core   0: 0x80000fdc (0x02407a33) remu    s4, zero, tp
core   0: 3 0x80000fdc (0x02407a33) x20 0x00000000
core   0: 0x80000fe0 (0xfd065ce3) bge     a2, a6, pc - 40
core   0: 3 0x80000fe0 (0xfd065ce3)
core   0: 0x80000fe4 (0x03f21cb3) mulh    s9, tp, t6
core   0: 3 0x80000fe4 (0x03f21cb3) x25 0xffffffff
core   0: 0x80000fe8 (0x0000577d) c.li    a4, -1
core   0: 3 0x80000fe8 (0x577d) x14 0xffffffff
core   0: 0x80000fea (0x40dad793) srai    a5, s5, 13
core   0: 3 0x80000fea (0x40dad793) x15 0x00000000
core   0: 0x80000fee (0x00000001) c.nop
core   0: 3 0x80000fee (0x0001)
core   0: 0x80000ff0 (0x00008249) c.srli  a2, 18
core   0: 3 0x80000ff0 (0x8249) x12 0x00003fff
core   0: 0x80000ff2 (0x00004f51) c.li    t5, 20
core   0: 3 0x80000ff2 (0x4f51) x30 0x00000014
core   0: 0x80000ff4 (0x02687a33) remu    s4, a6, t1
core   0: 3 0x80000ff4 (0x02687a33) x20 0x00000050
core   0: 0x80000ff8 (0x00881c13) slli    s8, a6, 8
core   0: 3 0x80000ff8 (0x00881c13) x24 0xfffff800
core   0: 0x80000ffc (0x01c7b2b3) sltu    t0, a5, t3
core   0: 3 0x80000ffc (0x01c7b2b3) x5  0x00000001
core   0: 0x80001000 (0x00008aa9) c.andi  a3, 10
core   0: 3 0x80001000 (0x8aa9) x13 0x00000000
core   0: 0x80001002 (0x0000717d) c.addi16sp sp, -16
core   0: 3 0x80001002 (0x717d) x2  0xffffffe0
core   0: 0x80001004 (0x01c5b033) sltu    zero, a1, t3
core   0: 3 0x80001004 (0x01c5b033)
core   0: 0x80001008 (0x00000705) c.addi  a4, 1
core   0: 3 0x80001008 (0x0705) x14 0x00000000
core   0: 0x8000100a (0x005b46b3) xor     a3, s6, t0
core   0: 3 0x8000100a (0x005b46b3) x13 0x000002f5
core   0: 0x8000100e (0xffe747e3) blt     a4, t5, pc - 18
core   0: 3 0x8000100e (0xffe747e3)
core   0: 0x80000ffc (0x01c7b2b3) sltu    t0, a5, t3
core   0: 3 0x80000ffc (0x01c7b2b3) x5  0x00000001
core   0: 0x80001000 (0x00008aa9) c.andi  a3, 10
core   0: 3 0x80001000 (0x8aa9) x13 0x00000000
core   0: 0x80001002 (0x0000717d) c.addi16sp sp, -16
core   0: 3 0x80001002 (0x717d) x2  0xffffffd0
core   0: 0x80001004 (0x01c5b033) sltu    zero, a1, t3
core   0: 3 0x80001004 (0x01c5b033)
core   0: 0x80001008 (0x00000705) c.addi  a4, 1
core   0: 3 0x80001008 (0x0705) x14 0x00000001
core   0: 0x8000100a (0x005b46b3) xor     a3, s6, t0
core   0: 3 0x8000100a (0x005b46b3) x13 0x000002f5
core   0: 0x8000100e (0xffe747e3) blt     a4, t5, pc - 18
core   0: 3 0x8000100e (0xffe747e3)
core   0: 0x80000ffc (0x01c7b2b3) sltu    t0, a5, t3
core   0: 3 0x80000ffc (0x01c7b2b3) x5  0x00000001
core   0: 0x80001000 (0x00008aa9) c.andi  a3, 10
core   0: 3 0x80001000 (0x8aa9) x13 0x00000000
core   0: 0x80001002 (0x0000717d) c.addi16sp sp, -16
core   0: 3 0x80001002 (0x717d) x2  0xffffffc0
core   0: 0x80001004 (0x01c5b033) sltu    zero, a1, t3
core   0: 3 0x80001004 (0x01c5b033)
core   0: 0x80001008 (0x00000705) c.addi  a4, 1
core   0: 3 0x80001008 (0x0705) x14 0x00000002
core   0: 0x8000100a (0x005b46b3) xor     a3, s6, t0
core   0: 3 0x8000100a (0x005b46b3) x13 0x000002f5
core   0: 0x8000100e (0xffe747e3) blt     a4, t5, pc - 18
core   0: 3 0x8000100e (0xffe747e3)
core   0: 0x80000ffc (0x01c7b2b3) sltu    t0, a5, t3
core   0: 3 0x80000ffc (0x01c7b2b3) x5  0x00000001
core   0: 0x80001000 (0x00008aa9) c.andi  a3, 10
core   0: 3 0x80001000 (0x8aa9) x13 0x00000000
core   0: 0x80001002 (0x0000717d) c.addi16sp sp, -16
core   0: 3 0x80001002 (0x717d) x2  0xffffffb0
core   0: 0x80001004 (0x01c5b033) sltu    zero, a1, t3
core   0: 3 0x80001004 (0x01c5b033)
core   0: 0x80001008 (0x00000705) c.addi  a4, 1
core   0: 3 0x80001008 (0x0705) x14 0x00000003
core   0: 0x8000100a (0x005b46b3) xor     a3, s6, t0
core   0: 3 0x8000100a (0x005b46b3) x13 0x000002f5
core   0: 0x8000100e (0xffe747e3) blt     a4, t5, pc - 18
core   0: 3 0x8000100e (0xffe747e3)
core   0: 0x80000ffc (0x01c7b2b3) sltu    t0, a5, t3
core   0: 3 0x80000ffc (0x01c7b2b3) x5  0x00000001
core   0: 0x80001000 (0x00008aa9) c.andi  a3, 10
core   0: 3 0x80001000 (0x8aa9) x13 0x00000000
core   0: 0x80001002 (0x0000717d) c.addi16sp sp, -16
core   0: 3 0x80001002 (0x717d) x2  0xffffffa0
core   0: 0x80001004 (0x01c5b033) sltu    zero, a1, t3
core   0: 3 0x80001004 (0x01c5b033)
core   0: 0x80001008 (0x00000705) c.addi  a4, 1
core   0: 3 0x80001008 (0x0705) x14 0x00000004
core   0: 0x8000100a (0x005b46b3) xor     a3, s6, t0
core   0: 3 0x8000100a (0x005b46b3) x13 0x000002f5
core   0: 0x8000100e (0xffe747e3) blt     a4, t5, pc - 18
core   0: 3 0x8000100e (0xffe747e3)
core   0: 0x80000ffc (0x01c7b2b3) sltu    t0, a5, t3
core   0: 3 0x80000ffc (0x01c7b2b3) x5  0x00000001
core   0: 0x80001000 (0x00008aa9) c.andi  a3, 10
core   0: 3 0x80001000 (0x8aa9) x13 0x00000000
core   0: 0x80001002 (0x0000717d) c.addi16sp sp, -16
core   0: 3 0x80001002 (0x717d) x2  0xffffff90
core   0: 0x80001004 (0x01c5b033) sltu    zero, a1, t3
core   0: 3 0x80001004 (0x01c5b033)
core   0: 0x80001008 (0x00000705) c.addi  a4, 1
core   0: 3 0x80001008 (0x0705) x14 0x00000005
core   0: 0x8000100a (0x005b46b3) xor     a3, s6, t0
core   0: 3 0x8000100a (0x005b46b3) x13 0x000002f5
core   0: 0x8000100e (0xffe747e3) blt     a4, t5, pc - 18
core   0: 3 0x8000100e (0xffe747e3)
core   0: 0x80000ffc (0x01c7b2b3) sltu    t0, a5, t3
core   0: 3 0x80000ffc (0x01c7b2b3) x5  0x00000001
core   0: 0x80001000 (0x00008aa9) c.andi  a3, 10
core   0: 3 0x80001000 (0x8aa9) x13 0x00000000
core   0: 0x80001002 (0x0000717d) c.addi16sp sp, -16
core   0: 3 0x80001002 (0x717d) x2  0xffffff80
core   0: 0x80001004 (0x01c5b033) sltu    zero, a1, t3
core   0: 3 0x80001004 (0x01c5b033)
core   0: 0x80001008 (0x00000705) c.addi  a4, 1
core   0: 3 0x80001008 (0x0705) x14 0x00000006
core   0: 0x8000100a (0x005b46b3) xor     a3, s6, t0
core   0: 3 0x8000100a (0x005b46b3) x13 0x000002f5
core   0: 0x8000100e (0xffe747e3) blt     a4, t5, pc - 18
core   0: 3 0x8000100e (0xffe747e3)
core   0: 0x80000ffc (0x01c7b2b3) sltu    t0, a5, t3
core   0: 3 0x80000ffc (0x01c7b2b3) x5  0x00000001
core   0: 0x80001000 (0x00008aa9) c.andi  a3, 10
core   0: 3 0x80001000 (0x8aa9) x13 0x00000000
core   0: 0x80001002 (0x0000717d) c.addi16sp sp, -16
core   0: 3 0x80001002 (0x717d) x2  0xffffff70
core   0: 0x80001004 (0x01c5b033) sltu    zero, a1, t3
core   0: 3 0x80001004 (0x01c5b033)
core   0: 0x80001008 (0x00000705) c.addi  a4, 1
core   0: 3 0x80001008 (0x0705) x14 0x00000007
core   0: 0x8000100a (0x005b46b3) xor     a3, s6, t0
core   0: 3 0x8000100a (0x005b46b3) x13 0x000002f5
core   0: 0x8000100e (0xffe747e3) blt     a4, t5, pc - 18
core   0: 3 0x8000100e (0xffe747e3)
core   0: 0x80000ffc (0x01c7b2b3) sltu    t0, a5, t3
core   0: 3 0x80000ffc (0x01c7b2b3) x5  0x00000001
core   0: 0x80001000 (0x00008aa9) c.andi  a3, 10
core   0: 3 0x80001000 (0x8aa9) x13 0x00000000
core   0: 0x80001002 (0x0000717d) c.addi16sp sp, -16
core   0: 3 0x80001002 (0x717d) x2  0xffffff60
core   0: 0x80001004 (0x01c5b033) sltu    zero, a1, t3
core   0: 3 0x80001004 (0x01c5b033)
core   0: 0x80001008 (0x00000705) c.addi  a4, 1
core   0: 3 0x80001008 (0x0705) x14 0x00000008
core   0: 0x8000100a (0x005b46b3) xor     a3, s6, t0
core   0: 3 0x8000100a (0x005b46b3) x13 0x000002f5
core   0: 0x8000100e (0xffe747e3) blt     a4, t5, pc - 18
core   0: 3 0x8000100e (0xffe747e3)
core   0: 0x80000ffc (0x01c7b2b3) sltu    t0, a5, t3
core   0: 3 0x80000ffc (0x01c7b2b3) x5  0x00000001
core   0: 0x80001000 (0x00008aa9) c.andi  a3, 10
core   0: 3 0x80001000 (0x8aa9) x13 0x00000000
core   0: 0x80001002 (0x0000717d) c.addi16sp sp, -16
core   0: 3 0x80001002 (0x717d) x2  0xffffff50
core   0: 0x80001004 (0x01c5b033) sltu    zero, a1, t3
core   0: 3 0x80001004 (0x01c5b033)
core   0: 0x80001008 (0x00000705) c.addi  a4, 1
core   0: 3 0x80001008 (0x0705) x14 0x00000009
core   0: 0x8000100a (0x005b46b3) xor     a3, s6, t0
core   0: 3 0x8000100a (0x005b46b3) x13 0x000002f5
core   0: 0x8000100e (0xffe747e3) blt     a4, t5, pc - 18
core   0: 3 0x8000100e (0xffe747e3)
core   0: 0x80000ffc (0x01c7b2b3) sltu    t0, a5, t3
core   0: 3 0x80000ffc (0x01c7b2b3) x5  0x00000001
core   0: 0x80001000 (0x00008aa9) c.andi  a3, 10
core   0: 3 0x80001000 (0x8aa9) x13 0x00000000
core   0: 0x80001002 (0x0000717d) c.addi16sp sp, -16
core   0: 3 0x80001002 (0x717d) x2  0xffffff40
core   0: 0x80001004 (0x01c5b033) sltu    zero, a1, t3
core   0: 3 0x80001004 (0x01c5b033)
core   0: 0x80001008 (0x00000705) c.addi  a4, 1
core   0: 3 0x80001008 (0x0705) x14 0x0000000a
core   0: 0x8000100a (0x005b46b3) xor     a3, s6, t0
core   0: 3 0x8000100a (0x005b46b3) x13 0x000002f5
core   0: 0x8000100e (0xffe747e3) blt     a4, t5, pc - 18
core   0: 3 0x8000100e (0xffe747e3)
core   0: 0x80000ffc (0x01c7b2b3) sltu    t0, a5, t3
core   0: 3 0x80000ffc (0x01c7b2b3) x5  0x00000001
core   0: 0x80001000 (0x00008aa9) c.andi  a3, 10
core   0: 3 0x80001000 (0x8aa9) x13 0x00000000
core   0: 0x80001002 (0x0000717d) c.addi16sp sp, -16
core   0: 3 0x80001002 (0x717d) x2  0xffffff30
core   0: 0x80001004 (0x01c5b033) sltu    zero, a1, t3
core   0: 3 0x80001004 (0x01c5b033)
core   0: 0x80001008 (0x00000705) c.addi  a4, 1
core   0: 3 0x80001008 (0x0705) x14 0x0000000b
core   0: 0x8000100a (0x005b46b3) xor     a3, s6, t0
core   0: 3 0x8000100a (0x005b46b3) x13 0x000002f5
core   0: 0x8000100e (0xffe747e3) blt     a4, t5, pc - 18
core   0: 3 0x8000100e (0xffe747e3)
core   0: 0x80000ffc (0x01c7b2b3) sltu    t0, a5, t3
core   0: 3 0x80000ffc (0x01c7b2b3) x5  0x00000001
core   0: 0x80001000 (0x00008aa9) c.andi  a3, 10
core   0: 3 0x80001000 (0x8aa9) x13 0x00000000
core   0: 0x80001002 (0x0000717d) c.addi16sp sp, -16
core   0: 3 0x80001002 (0x717d) x2  0xffffff20
core   0: 0x80001004 (0x01c5b033) sltu    zero, a1, t3
core   0: 3 0x80001004 (0x01c5b033)
core   0: 0x80001008 (0x00000705) c.addi  a4, 1
core   0: 3 0x80001008 (0x0705) x14 0x0000000c
core   0: 0x8000100a (0x005b46b3) xor     a3, s6, t0
core   0: 3 0x8000100a (0x005b46b3) x13 0x000002f5
core   0: 0x8000100e (0xffe747e3) blt     a4, t5, pc - 18
core   0: 3 0x8000100e (0xffe747e3)
core   0: 0x80000ffc (0x01c7b2b3) sltu    t0, a5, t3
core   0: 3 0x80000ffc (0x01c7b2b3) x5  0x00000001
core   0: 0x80001000 (0x00008aa9) c.andi  a3, 10
core   0: 3 0x80001000 (0x8aa9) x13 0x00000000
core   0: 0x80001002 (0x0000717d) c.addi16sp sp, -16
core   0: 3 0x80001002 (0x717d) x2  0xffffff10
core   0: 0x80001004 (0x01c5b033) sltu    zero, a1, t3
core   0: 3 0x80001004 (0x01c5b033)
core   0: 0x80001008 (0x00000705) c.addi  a4, 1
core   0: 3 0x80001008 (0x0705) x14 0x0000000d
core   0: 0x8000100a (0x005b46b3) xor     a3, s6, t0
core   0: 3 0x8000100a (0x005b46b3) x13 0x000002f5
core   0: 0x8000100e (0xffe747e3) blt     a4, t5, pc - 18
core   0: 3 0x8000100e (0xffe747e3)
core   0: 0x80000ffc (0x01c7b2b3) sltu    t0, a5, t3
core   0: 3 0x80000ffc (0x01c7b2b3) x5  0x00000001
core   0: 0x80001000 (0x00008aa9) c.andi  a3, 10
core   0: 3 0x80001000 (0x8aa9) x13 0x00000000
core   0: 0x80001002 (0x0000717d) c.addi16sp sp, -16
core   0: 3 0x80001002 (0x717d) x2  0xffffff00
core   0: 0x80001004 (0x01c5b033) sltu    zero, a1, t3
core   0: 3 0x80001004 (0x01c5b033)
core   0: 0x80001008 (0x00000705) c.addi  a4, 1
core   0: 3 0x80001008 (0x0705) x14 0x0000000e
core   0: 0x8000100a (0x005b46b3) xor     a3, s6, t0
core   0: 3 0x8000100a (0x005b46b3) x13 0x000002f5
core   0: 0x8000100e (0xffe747e3) blt     a4, t5, pc - 18
core   0: 3 0x8000100e (0xffe747e3)
core   0: 0x80000ffc (0x01c7b2b3) sltu    t0, a5, t3
core   0: 3 0x80000ffc (0x01c7b2b3) x5  0x00000001
core   0: 0x80001000 (0x00008aa9) c.andi  a3, 10
core   0: 3 0x80001000 (0x8aa9) x13 0x00000000
core   0: 0x80001002 (0x0000717d) c.addi16sp sp, -16
core   0: 3 0x80001002 (0x717d) x2  0xfffffef0
core   0: 0x80001004 (0x01c5b033) sltu    zero, a1, t3
core   0: 3 0x80001004 (0x01c5b033)
core   0: 0x80001008 (0x00000705) c.addi  a4, 1
core   0: 3 0x80001008 (0x0705) x14 0x0000000f
core   0: 0x8000100a (0x005b46b3) xor     a3, s6, t0
core   0: 3 0x8000100a (0x005b46b3) x13 0x000002f5
core   0: 0x8000100e (0xffe747e3) blt     a4, t5, pc - 18
core   0: 3 0x8000100e (0xffe747e3)
core   0: 0x80000ffc (0x01c7b2b3) sltu    t0, a5, t3
core   0: 3 0x80000ffc (0x01c7b2b3) x5  0x00000001
core   0: 0x80001000 (0x00008aa9) c.andi  a3, 10
core   0: 3 0x80001000 (0x8aa9) x13 0x00000000
core   0: 0x80001002 (0x0000717d) c.addi16sp sp, -16
core   0: 3 0x80001002 (0x717d) x2  0xfffffee0
core   0: 0x80001004 (0x01c5b033) sltu    zero, a1, t3
core   0: 3 0x80001004 (0x01c5b033)
core   0: 0x80001008 (0x00000705) c.addi  a4, 1
core   0: 3 0x80001008 (0x0705) x14 0x00000010
core   0: 0x8000100a (0x005b46b3) xor     a3, s6, t0
core   0: 3 0x8000100a (0x005b46b3) x13 0x000002f5
core   0: 0x8000100e (0xffe747e3) blt     a4, t5, pc - 18
core   0: 3 0x8000100e (0xffe747e3)
core   0: 0x80000ffc (0x01c7b2b3) sltu    t0, a5, t3
core   0: 3 0x80000ffc (0x01c7b2b3) x5  0x00000001
core   0: 0x80001000 (0x00008aa9) c.andi  a3, 10
core   0: 3 0x80001000 (0x8aa9) x13 0x00000000
core   0: 0x80001002 (0x0000717d) c.addi16sp sp, -16
core   0: 3 0x80001002 (0x717d) x2  0xfffffed0
core   0: 0x80001004 (0x01c5b033) sltu    zero, a1, t3
core   0: 3 0x80001004 (0x01c5b033)
core   0: 0x80001008 (0x00000705) c.addi  a4, 1
core   0: 3 0x80001008 (0x0705) x14 0x00000011
core   0: 0x8000100a (0x005b46b3) xor     a3, s6, t0
core   0: 3 0x8000100a (0x005b46b3) x13 0x000002f5
core   0: 0x8000100e (0xffe747e3) blt     a4, t5, pc - 18
core   0: 3 0x8000100e (0xffe747e3)
core   0: 0x80000ffc (0x01c7b2b3) sltu    t0, a5, t3
core   0: 3 0x80000ffc (0x01c7b2b3) x5  0x00000001
core   0: 0x80001000 (0x00008aa9) c.andi  a3, 10
core   0: 3 0x80001000 (0x8aa9) x13 0x00000000
core   0: 0x80001002 (0x0000717d) c.addi16sp sp, -16
core   0: 3 0x80001002 (0x717d) x2  0xfffffec0
core   0: 0x80001004 (0x01c5b033) sltu    zero, a1, t3
core   0: 3 0x80001004 (0x01c5b033)
core   0: 0x80001008 (0x00000705) c.addi  a4, 1
core   0: 3 0x80001008 (0x0705) x14 0x00000012
core   0: 0x8000100a (0x005b46b3) xor     a3, s6, t0
core   0: 3 0x8000100a (0x005b46b3) x13 0x000002f5
core   0: 0x8000100e (0xffe747e3) blt     a4, t5, pc - 18
core   0: 3 0x8000100e (0xffe747e3)
core   0: 0x80000ffc (0x01c7b2b3) sltu    t0, a5, t3
core   0: 3 0x80000ffc (0x01c7b2b3) x5  0x00000001
core   0: 0x80001000 (0x00008aa9) c.andi  a3, 10
core   0: 3 0x80001000 (0x8aa9) x13 0x00000000
core   0: 0x80001002 (0x0000717d) c.addi16sp sp, -16
core   0: 3 0x80001002 (0x717d) x2  0xfffffeb0
core   0: 0x80001004 (0x01c5b033) sltu    zero, a1, t3
core   0: 3 0x80001004 (0x01c5b033)
core   0: 0x80001008 (0x00000705) c.addi  a4, 1
core   0: 3 0x80001008 (0x0705) x14 0x00000013
core   0: 0x8000100a (0x005b46b3) xor     a3, s6, t0
core   0: 3 0x8000100a (0x005b46b3) x13 0x000002f5
core   0: 0x8000100e (0xffe747e3) blt     a4, t5, pc - 18
core   0: 3 0x8000100e (0xffe747e3)
core   0: 0x80000ffc (0x01c7b2b3) sltu    t0, a5, t3
core   0: 3 0x80000ffc (0x01c7b2b3) x5  0x00000001
core   0: 0x80001000 (0x00008aa9) c.andi  a3, 10
core   0: 3 0x80001000 (0x8aa9) x13 0x00000000
core   0: 0x80001002 (0x0000717d) c.addi16sp sp, -16
core   0: 3 0x80001002 (0x717d) x2  0xfffffea0
core   0: 0x80001004 (0x01c5b033) sltu    zero, a1, t3
core   0: 3 0x80001004 (0x01c5b033)
core   0: 0x80001008 (0x00000705) c.addi  a4, 1
core   0: 3 0x80001008 (0x0705) x14 0x00000014
core   0: 0x8000100a (0x005b46b3) xor     a3, s6, t0
core   0: 3 0x8000100a (0x005b46b3) x13 0x000002f5
core   0: 0x8000100e (0xffe747e3) blt     a4, t5, pc - 18
core   0: 3 0x8000100e (0xffe747e3)
core   0: 0x80001012 (0x41bedcb3) sra     s9, t4, s11
core   0: 3 0x80001012 (0x41bedcb3) x25 0x00307a4b
core   0: 0x80001016 (0x0000469d) c.li    a3, 7
core   0: 3 0x80001016 (0x469d) x13 0x00000007
core   0: 0x80001018 (0x02836c33) rem     s8, t1, s0
core   0: 3 0x80001018 (0x02836c33) x24 0x0000007c
core   0: 0x8000101c (0x8dc977b7) lui     a5, 0x8dc97
core   0: 3 0x8000101c (0x8dc977b7) x15 0x8dc97000
core   0: 0x80001020 (0x000065b1) c.lui   a1, 0xc
core   0: 3 0x80001020 (0x65b1) x11 0x0000c000
core   0: 0x80001022 (0x00004c9d) c.li    s9, 7
core   0: 3 0x80001022 (0x4c9d) x25 0x00000007
core   0: 0x80001024 (0x00000001) c.nop
core   0: 3 0x80001024 (0x0001)
core   0: 0x80001026 (0x000083fd) c.srli  a5, 31
core   0: 3 0x80001026 (0x83fd) x15 0x00000001
core   0: 0x80001028 (0x0000936e) c.add   t1, s11
core   0: 3 0x80001028 (0x936e) x6  0x00000944
core   0: 0x8000102a (0x00008596) c.mv    a1, t0
core   0: 3 0x8000102a (0x8596) x11 0x00000001
core   0: 0x8000102c (0x000016e9) c.addi  a3, -6
core   0: 3 0x8000102c (0x16e9) x13 0x00000001
core   0: 0x8000102e (0x017e72b3) and     t0, t3, s7
core   0: 3 0x8000102e (0x017e72b3) x5  0x80025ea4
core   0: 0x80001032 (0xff96fce3) bgeu    a3, s9, pc - 8
core   0: 3 0x80001032 (0xff96fce3)
core   0: 0x80001036 (0x4a8c7513) andi    a0, s8, 1192
core   0: 3 0x80001036 (0x4a8c7513) x10 0x00000028
core   0: 0x8000103a (0x000056d9) c.li    a3, -10
core   0: 3 0x8000103a (0x56d9) x13 0xfffffff6
core   0: 0x8000103c (0x01d85633) srl     a2, a6, t4
core   0: 3 0x8000103c (0x01d85633) x12 0x0000ffff
core   0: 0x80001040 (0x029612b3) mulh    t0, a2, s1
core   0: 3 0x80001040 (0x029612b3) x5  0x00000000
core   0: 0x80001044 (0x000047bd) c.li    a5, 15
core   0: 3 0x80001044 (0x47bd) x15 0x0000000f
core   0: 0x80001046 (0x00008915) c.andi  a0, 5
core   0: 3 0x80001046 (0x8915) x10 0x00000000
core   0: 0x80001048 (0x01903733) snez    a4, s9
core   0: 3 0x80001048 (0x01903733) x14 0x00000001
core   0: 0x8000104c (0x0000069d) c.addi  a3, 7
core   0: 3 0x8000104c (0x069d) x13 0xfffffffd
core   0: 0x8000104e (0x00008155) c.srli  a0, 21
core   0: 3 0x8000104e (0x8155) x10 0x00000000
core   0: 0x80001050 (0x00005479) c.li    s0, -2
core   0: 3 0x80001050 (0x5479) x8  0xfffffffe
core   0: 0x80001052 (0x03627fb3) remu    t6, tp, s6
core   0: 3 0x80001052 (0x03627fb3) x31 0x00000140
core   0: 0x80001056 (0x5065af13) slti    t5, a1, 1286
core   0: 3 0x80001056 (0x5065af13) x30 0x00000001
core   0: 0x8000105a (0x00004b05) c.li    s6, 1
core   0: 3 0x8000105a (0x4b05) x22 0x00000001
core   0: 0x8000105c (0x005a9133) sll     sp, s5, t0
core   0: 3 0x8000105c (0x005a9133) x2  0x00000001
core   0: 0x80001060 (0x00a43333) sltu    t1, s0, a0
core   0: 3 0x80001060 (0x00a43333) x6  0x00000000
core   0: 0x80001064 (0x019c1393) slli    t2, s8, 25
core   0: 3 0x80001064 (0x019c1393) x7  0xf8000000
core   0: 0x80001068 (0x00650c33) add     s8, a0, t1
core   0: 3 0x80001068 (0x00650c33) x24 0x00000000
core   0: 0x8000106c (0x02af3933) mulhu   s2, t5, a0
core   0: 3 0x8000106c (0x02af3933) x18 0x00000000
core   0: 0x80001070 (0x00008d69) c.and   a0, a0
core   0: 3 0x80001070 (0x8d69) x10 0x00000000
core   0: 0x80001072 (0x00000405) c.addi  s0, 1
core   0: 3 0x80001072 (0x0405) x8  0xffffffff
core   0: 0x80001074 (0xff641ce3) bne     s0, s6, pc - 8
core   0: 3 0x80001074 (0xff641ce3)
core   0: 0x8000106c (0x02af3933) mulhu   s2, t5, a0
core   0: 3 0x8000106c (0x02af3933) x18 0x00000000
core   0: 0x80001070 (0x00008d69) c.and   a0, a0
core   0: 3 0x80001070 (0x8d69) x10 0x00000000
core   0: 0x80001072 (0x00000405) c.addi  s0, 1
core   0: 3 0x80001072 (0x0405) x8  0x00000000
core   0: 0x80001074 (0xff641ce3) bne     s0, s6, pc - 8
core   0: 3 0x80001074 (0xff641ce3)
core   0: 0x8000106c (0x02af3933) mulhu   s2, t5, a0
core   0: 3 0x8000106c (0x02af3933) x18 0x00000000
core   0: 0x80001070 (0x00008d69) c.and   a0, a0
core   0: 3 0x80001070 (0x8d69) x10 0x00000000
core   0: 0x80001072 (0x00000405) c.addi  s0, 1
core   0: 3 0x80001072 (0x0405) x8  0x00000001
core   0: 0x80001074 (0xff641ce3) bne     s0, s6, pc - 8
core   0: 3 0x80001074 (0xff641ce3)
core   0: 0x80001078 (0xdd7ffb93) andi    s7, t6, -553
core   0: 3 0x80001078 (0xdd7ffb93) x23 0x00000140
core   0: 0x8000107c (0xfcf6c5e3) blt     a3, a5, pc - 54
core   0: 3 0x8000107c (0xfcf6c5e3)
core   0: 0x80001046 (0x00008915) c.andi  a0, 5
core   0: 3 0x80001046 (0x8915) x10 0x00000000
core   0: 0x80001048 (0x01903733) snez    a4, s9
core   0: 3 0x80001048 (0x01903733) x14 0x00000001
core   0: 0x8000104c (0x0000069d) c.addi  a3, 7
core   0: 3 0x8000104c (0x069d) x13 0x00000004
core   0: 0x8000104e (0x00008155) c.srli  a0, 21
core   0: 3 0x8000104e (0x8155) x10 0x00000000
core   0: 0x80001050 (0x00005479) c.li    s0, -2
core   0: 3 0x80001050 (0x5479) x8  0xfffffffe
core   0: 0x80001052 (0x03627fb3) remu    t6, tp, s6
core   0: 3 0x80001052 (0x03627fb3) x31 0x00000000
core   0: 0x80001056 (0x5065af13) slti    t5, a1, 1286
core   0: 3 0x80001056 (0x5065af13) x30 0x00000001
core   0: 0x8000105a (0x00004b05) c.li    s6, 1
core   0: 3 0x8000105a (0x4b05) x22 0x00000001
core   0: 0x8000105c (0x005a9133) sll     sp, s5, t0
core   0: 3 0x8000105c (0x005a9133) x2  0x00000001
core   0: 0x80001060 (0x00a43333) sltu    t1, s0, a0
core   0: 3 0x80001060 (0x00a43333) x6  0x00000000
core   0: 0x80001064 (0x019c1393) slli    t2, s8, 25
core   0: 3 0x80001064 (0x019c1393) x7  0x00000000
core   0: 0x80001068 (0x00650c33) add     s8, a0, t1
core   0: 3 0x80001068 (0x00650c33) x24 0x00000000
core   0: 0x8000106c (0x02af3933) mulhu   s2, t5, a0
core   0: 3 0x8000106c (0x02af3933) x18 0x00000000
core   0: 0x80001070 (0x00008d69) c.and   a0, a0
core   0: 3 0x80001070 (0x8d69) x10 0x00000000
core   0: 0x80001072 (0x00000405) c.addi  s0, 1
core   0: 3 0x80001072 (0x0405) x8  0xffffffff
core   0: 0x80001074 (0xff641ce3) bne     s0, s6, pc - 8
core   0: 3 0x80001074 (0xff641ce3)
core   0: 0x8000106c (0x02af3933) mulhu   s2, t5, a0
core   0: 3 0x8000106c (0x02af3933) x18 0x00000000
core   0: 0x80001070 (0x00008d69) c.and   a0, a0
core   0: 3 0x80001070 (0x8d69) x10 0x00000000
core   0: 0x80001072 (0x00000405) c.addi  s0, 1
core   0: 3 0x80001072 (0x0405) x8  0x00000000
core   0: 0x80001074 (0xff641ce3) bne     s0, s6, pc - 8
core   0: 3 0x80001074 (0xff641ce3)
core   0: 0x8000106c (0x02af3933) mulhu   s2, t5, a0
core   0: 3 0x8000106c (0x02af3933) x18 0x00000000
core   0: 0x80001070 (0x00008d69) c.and   a0, a0
core   0: 3 0x80001070 (0x8d69) x10 0x00000000
core   0: 0x80001072 (0x00000405) c.addi  s0, 1
core   0: 3 0x80001072 (0x0405) x8  0x00000001
core   0: 0x80001074 (0xff641ce3) bne     s0, s6, pc - 8
core   0: 3 0x80001074 (0xff641ce3)
core   0: 0x80001078 (0xdd7ffb93) andi    s7, t6, -553
core   0: 3 0x80001078 (0xdd7ffb93) x23 0x00000000
core   0: 0x8000107c (0xfcf6c5e3) blt     a3, a5, pc - 54
core   0: 3 0x8000107c (0xfcf6c5e3)
core   0: 0x80001046 (0x00008915) c.andi  a0, 5
core   0: 3 0x80001046 (0x8915) x10 0x00000000
core   0: 0x80001048 (0x01903733) snez    a4, s9
core   0: 3 0x80001048 (0x01903733) x14 0x00000001
core   0: 0x8000104c (0x0000069d) c.addi  a3, 7
core   0: 3 0x8000104c (0x069d) x13 0x0000000b
core   0: 0x8000104e (0x00008155) c.srli  a0, 21
core   0: 3 0x8000104e (0x8155) x10 0x00000000
core   0: 0x80001050 (0x00005479) c.li    s0, -2
core   0: 3 0x80001050 (0x5479) x8  0xfffffffe
core   0: 0x80001052 (0x03627fb3) remu    t6, tp, s6
core   0: 3 0x80001052 (0x03627fb3) x31 0x00000000
core   0: 0x80001056 (0x5065af13) slti    t5, a1, 1286
core   0: 3 0x80001056 (0x5065af13) x30 0x00000001
core   0: 0x8000105a (0x00004b05) c.li    s6, 1
core   0: 3 0x8000105a (0x4b05) x22 0x00000001
core   0: 0x8000105c (0x005a9133) sll     sp, s5, t0
core   0: 3 0x8000105c (0x005a9133) x2  0x00000001
core   0: 0x80001060 (0x00a43333) sltu    t1, s0, a0
core   0: 3 0x80001060 (0x00a43333) x6  0x00000000
core   0: 0x80001064 (0x019c1393) slli    t2, s8, 25
core   0: 3 0x80001064 (0x019c1393) x7  0x00000000
core   0: 0x80001068 (0x00650c33) add     s8, a0, t1
core   0: 3 0x80001068 (0x00650c33) x24 0x00000000
core   0: 0x8000106c (0x02af3933) mulhu   s2, t5, a0
core   0: 3 0x8000106c (0x02af3933) x18 0x00000000
core   0: 0x80001070 (0x00008d69) c.and   a0, a0
core   0: 3 0x80001070 (0x8d69) x10 0x00000000
core   0: 0x80001072 (0x00000405) c.addi  s0, 1
core   0: 3 0x80001072 (0x0405) x8  0xffffffff
core   0: 0x80001074 (0xff641ce3) bne     s0, s6, pc - 8
core   0: 3 0x80001074 (0xff641ce3)
core   0: 0x8000106c (0x02af3933) mulhu   s2, t5, a0
core   0: 3 0x8000106c (0x02af3933) x18 0x00000000
core   0: 0x80001070 (0x00008d69) c.and   a0, a0
core   0: 3 0x80001070 (0x8d69) x10 0x00000000
core   0: 0x80001072 (0x00000405) c.addi  s0, 1
core   0: 3 0x80001072 (0x0405) x8  0x00000000
core   0: 0x80001074 (0xff641ce3) bne     s0, s6, pc - 8
core   0: 3 0x80001074 (0xff641ce3)
core   0: 0x8000106c (0x02af3933) mulhu   s2, t5, a0
core   0: 3 0x8000106c (0x02af3933) x18 0x00000000
core   0: 0x80001070 (0x00008d69) c.and   a0, a0
core   0: 3 0x80001070 (0x8d69) x10 0x00000000
core   0: 0x80001072 (0x00000405) c.addi  s0, 1
core   0: 3 0x80001072 (0x0405) x8  0x00000001
core   0: 0x80001074 (0xff641ce3) bne     s0, s6, pc - 8
core   0: 3 0x80001074 (0xff641ce3)
core   0: 0x80001078 (0xdd7ffb93) andi    s7, t6, -553
core   0: 3 0x80001078 (0xdd7ffb93) x23 0x00000000
core   0: 0x8000107c (0xfcf6c5e3) blt     a3, a5, pc - 54
core   0: 3 0x8000107c (0xfcf6c5e3)
core   0: 0x80001046 (0x00008915) c.andi  a0, 5
core   0: 3 0x80001046 (0x8915) x10 0x00000000
core   0: 0x80001048 (0x01903733) snez    a4, s9
core   0: 3 0x80001048 (0x01903733) x14 0x00000001
core   0: 0x8000104c (0x0000069d) c.addi  a3, 7
core   0: 3 0x8000104c (0x069d) x13 0x00000012
core   0: 0x8000104e (0x00008155) c.srli  a0, 21
core   0: 3 0x8000104e (0x8155) x10 0x00000000
core   0: 0x80001050 (0x00005479) c.li    s0, -2
core   0: 3 0x80001050 (0x5479) x8  0xfffffffe
core   0: 0x80001052 (0x03627fb3) remu    t6, tp, s6
core   0: 3 0x80001052 (0x03627fb3) x31 0x00000000
core   0: 0x80001056 (0x5065af13) slti    t5, a1, 1286
core   0: 3 0x80001056 (0x5065af13) x30 0x00000001
core   0: 0x8000105a (0x00004b05) c.li    s6, 1
core   0: 3 0x8000105a (0x4b05) x22 0x00000001
core   0: 0x8000105c (0x005a9133) sll     sp, s5, t0
core   0: 3 0x8000105c (0x005a9133) x2  0x00000001
core   0: 0x80001060 (0x00a43333) sltu    t1, s0, a0
core   0: 3 0x80001060 (0x00a43333) x6  0x00000000
core   0: 0x80001064 (0x019c1393) slli    t2, s8, 25
core   0: 3 0x80001064 (0x019c1393) x7  0x00000000
core   0: 0x80001068 (0x00650c33) add     s8, a0, t1
core   0: 3 0x80001068 (0x00650c33) x24 0x00000000
core   0: 0x8000106c (0x02af3933) mulhu   s2, t5, a0
core   0: 3 0x8000106c (0x02af3933) x18 0x00000000
core   0: 0x80001070 (0x00008d69) c.and   a0, a0
core   0: 3 0x80001070 (0x8d69) x10 0x00000000
core   0: 0x80001072 (0x00000405) c.addi  s0, 1
core   0: 3 0x80001072 (0x0405) x8  0xffffffff
core   0: 0x80001074 (0xff641ce3) bne     s0, s6, pc - 8
core   0: 3 0x80001074 (0xff641ce3)
core   0: 0x8000106c (0x02af3933) mulhu   s2, t5, a0
core   0: 3 0x8000106c (0x02af3933) x18 0x00000000
core   0: 0x80001070 (0x00008d69) c.and   a0, a0
core   0: 3 0x80001070 (0x8d69) x10 0x00000000
core   0: 0x80001072 (0x00000405) c.addi  s0, 1
core   0: 3 0x80001072 (0x0405) x8  0x00000000
core   0: 0x80001074 (0xff641ce3) bne     s0, s6, pc - 8
core   0: 3 0x80001074 (0xff641ce3)
core   0: 0x8000106c (0x02af3933) mulhu   s2, t5, a0
core   0: 3 0x8000106c (0x02af3933) x18 0x00000000
core   0: 0x80001070 (0x00008d69) c.and   a0, a0
core   0: 3 0x80001070 (0x8d69) x10 0x00000000
core   0: 0x80001072 (0x00000405) c.addi  s0, 1
core   0: 3 0x80001072 (0x0405) x8  0x00000001
core   0: 0x80001074 (0xff641ce3) bne     s0, s6, pc - 8
core   0: 3 0x80001074 (0xff641ce3)
core   0: 0x80001078 (0xdd7ffb93) andi    s7, t6, -553
core   0: 3 0x80001078 (0xdd7ffb93) x23 0x00000000
core   0: 0x8000107c (0xfcf6c5e3) blt     a3, a5, pc - 54
core   0: 3 0x8000107c (0xfcf6c5e3)
core   0: 0x80001080 (0x00008f21) c.xor   a4, s0
core   0: 3 0x80001080 (0x8f21) x14 0x00000000
core   0: 0x80001082 (0x000044a1) c.li    s1, 8
core   0: 3 0x80001082 (0x44a1) x9  0x00000008
core   0: 0x80001084 (0x00000001) c.nop
core   0: 3 0x80001084 (0x0001)
core   0: 0x80001086 (0x0351aab3) mulhsu  s5, gp, s5
core   0: 3 0x80001086 (0x0351aab3) x21 0xffffffff
core   0: 0x8000108a (0x008ed933) srl     s2, t4, s0
core   0: 3 0x8000108a (0x008ed933) x18 0x183d25b8
core   0: 0x8000108e (0x000014e1) c.addi  s1, -8
core   0: 3 0x8000108e (0x14e1) x9  0x00000000
core   0: 0x80001090 (0x0000d8fd) c.beqz  s1, pc - 10
core   0: 3 0x80001090 (0xd8fd)
core   0: 0x80001086 (0x0351aab3) mulhsu  s5, gp, s5
core   0: 3 0x80001086 (0x0351aab3) x21 0xfffffffe
core   0: 0x8000108a (0x008ed933) srl     s2, t4, s0
core   0: 3 0x8000108a (0x008ed933) x18 0x183d25b8
core   0: 0x8000108e (0x000014e1) c.addi  s1, -8
core   0: 3 0x8000108e (0x14e1) x9  0xfffffff8
core   0: 0x80001090 (0x0000d8fd) c.beqz  s1, pc - 10
core   0: 3 0x80001090 (0xd8fd)
core   0: 0x80001092 (0x00005b33) srl     s6, zero, zero
core   0: 3 0x80001092 (0x00005b33) x22 0x00000000
core   0: 0x80001096 (0x000056f9) c.li    a3, -2
core   0: 3 0x80001096 (0x56f9) x13 0xfffffffe
core   0: 0x80001098 (0x000045b9) c.li    a1, 14
core   0: 3 0x80001098 (0x45b9) x11 0x0000000e
core   0: 0x8000109a (0x02a02b93) slti    s7, zero, 42
core   0: 3 0x8000109a (0x02a02b93) x23 0x00000001
core   0: 0x8000109e (0x009bf7b3) and     a5, s7, s1
core   0: 3 0x8000109e (0x009bf7b3) x15 0x00000000
core   0: 0x800010a2 (0x29828713) addi    a4, t0, 664
core   0: 3 0x800010a2 (0x29828713) x14 0x00000298
core   0: 0x800010a6 (0x00000f5d) c.addi  t5, 23
core   0: 3 0x800010a6 (0x0f5d) x30 0x00000018
core   0: 0x800010a8 (0x01e79433) sll     s0, a5, t5
core   0: 3 0x800010a8 (0x01e79433) x8  0x00000000
core   0: 0x800010ac (0x0000068d) c.addi  a3, 3
core   0: 3 0x800010ac (0x068d) x13 0x00000001
core   0: 0x800010ae (0x00004fb1) c.li    t6, 12
core   0: 3 0x800010ae (0x4fb1) x31 0x0000000c
core   0: 0x800010b0 (0x00004619) c.li    a2, 6
core   0: 3 0x800010b0 (0x4619) x12 0x00000006
core   0: 0x800010b2 (0x00000851) c.addi  a6, 20
core   0: 3 0x800010b2 (0x0851) x16 0x0000000c
core   0: 0x800010b4 (0x00008952) c.mv    s2, s4
core   0: 3 0x800010b4 (0x8952) x18 0x00000050
core   0: 0x800010b6 (0x00000001) c.nop
core   0: 3 0x800010b6 (0x0001)
core   0: 0x800010b8 (0x00004b15) c.li    s6, 5
core   0: 3 0x800010b8 (0x4b15) x22 0x00000005
core   0: 0x800010ba (0x00008fe5) c.and   a5, s1
core   0: 3 0x800010ba (0x8fe5) x15 0x00000000
core   0: 0x800010bc (0x034d5b33) divu    s6, s10, s4
core   0: 3 0x800010bc (0x034d5b33) x22 0x00000000
core   0: 0x800010c0 (0x00001675) c.addi  a2, -3
core   0: 3 0x800010c0 (0x1675) x12 0x00000003
core   0: 0x800010c2 (0x0000fe6d) c.bnez  a2, pc - 6
core   0: 3 0x800010c2 (0xfe6d)
core   0: 0x800010bc (0x034d5b33) divu    s6, s10, s4
core   0: 3 0x800010bc (0x034d5b33) x22 0x00000000
core   0: 0x800010c0 (0x00001675) c.addi  a2, -3
core   0: 3 0x800010c0 (0x1675) x12 0x00000000
core   0: 0x800010c2 (0x0000fe6d) c.bnez  a2, pc - 6
core   0: 3 0x800010c2 (0xfe6d)
core   0: 0x800010c4 (0x0000717d) c.addi16sp sp, -16
core   0: 3 0x800010c4 (0x717d) x2  0xfffffff1
core   0: 0x800010c6 (0x008dd313) srli    t1, s11, 8
core   0: 3 0x800010c6 (0x008dd313) x6  0x00000000
core   0: 0x800010ca (0xfcb6ece3) bltu    a3, a1, pc - 40
core   0: 3 0x800010ca (0xfcb6ece3)
core   0: 0x800010a2 (0x29828713) addi    a4, t0, 664
core   0: 3 0x800010a2 (0x29828713) x14 0x00000298
core   0: 0x800010a6 (0x00000f5d) c.addi  t5, 23
core   0: 3 0x800010a6 (0x0f5d) x30 0x0000002f
core   0: 0x800010a8 (0x01e79433) sll     s0, a5, t5
core   0: 3 0x800010a8 (0x01e79433) x8  0x00000000
core   0: 0x800010ac (0x0000068d) c.addi  a3, 3
core   0: 3 0x800010ac (0x068d) x13 0x00000004
core   0: 0x800010ae (0x00004fb1) c.li    t6, 12
core   0: 3 0x800010ae (0x4fb1) x31 0x0000000c
core   0: 0x800010b0 (0x00004619) c.li    a2, 6
core   0: 3 0x800010b0 (0x4619) x12 0x00000006
core   0: 0x800010b2 (0x00000851) c.addi  a6, 20
core   0: 3 0x800010b2 (0x0851) x16 0x00000020
core   0: 0x800010b4 (0x00008952) c.mv    s2, s4
core   0: 3 0x800010b4 (0x8952) x18 0x00000050
core   0: 0x800010b6 (0x00000001) c.nop
core   0: 3 0x800010b6 (0x0001)
core   0: 0x800010b8 (0x00004b15) c.li    s6, 5
core   0: 3 0x800010b8 (0x4b15) x22 0x00000005
core   0: 0x800010ba (0x00008fe5) c.and   a5, s1
core   0: 3 0x800010ba (0x8fe5) x15 0x00000000
core   0: 0x800010bc (0x034d5b33) divu    s6, s10, s4
core   0: 3 0x800010bc (0x034d5b33) x22 0x00000000
core   0: 0x800010c0 (0x00001675) c.addi  a2, -3
core   0: 3 0x800010c0 (0x1675) x12 0x00000003
core   0: 0x800010c2 (0x0000fe6d) c.bnez  a2, pc - 6
core   0: 3 0x800010c2 (0xfe6d)
core   0: 0x800010bc (0x034d5b33) divu    s6, s10, s4
core   0: 3 0x800010bc (0x034d5b33) x22 0x00000000
core   0: 0x800010c0 (0x00001675) c.addi  a2, -3
core   0: 3 0x800010c0 (0x1675) x12 0x00000000
core   0: 0x800010c2 (0x0000fe6d) c.bnez  a2, pc - 6
core   0: 3 0x800010c2 (0xfe6d)
core   0: 0x800010c4 (0x0000717d) c.addi16sp sp, -16
core   0: 3 0x800010c4 (0x717d) x2  0xffffffe1
core   0: 0x800010c6 (0x008dd313) srli    t1, s11, 8
core   0: 3 0x800010c6 (0x008dd313) x6  0x00000000
core   0: 0x800010ca (0xfcb6ece3) bltu    a3, a1, pc - 40
core   0: 3 0x800010ca (0xfcb6ece3)
core   0: 0x800010a2 (0x29828713) addi    a4, t0, 664
core   0: 3 0x800010a2 (0x29828713) x14 0x00000298
core   0: 0x800010a6 (0x00000f5d) c.addi  t5, 23
core   0: 3 0x800010a6 (0x0f5d) x30 0x00000046
core   0: 0x800010a8 (0x01e79433) sll     s0, a5, t5
core   0: 3 0x800010a8 (0x01e79433) x8  0x00000000
core   0: 0x800010ac (0x0000068d) c.addi  a3, 3
core   0: 3 0x800010ac (0x068d) x13 0x00000007
core   0: 0x800010ae (0x00004fb1) c.li    t6, 12
core   0: 3 0x800010ae (0x4fb1) x31 0x0000000c
core   0: 0x800010b0 (0x00004619) c.li    a2, 6
core   0: 3 0x800010b0 (0x4619) x12 0x00000006
core   0: 0x800010b2 (0x00000851) c.addi  a6, 20
core   0: 3 0x800010b2 (0x0851) x16 0x00000034
core   0: 0x800010b4 (0x00008952) c.mv    s2, s4
core   0: 3 0x800010b4 (0x8952) x18 0x00000050
core   0: 0x800010b6 (0x00000001) c.nop
core   0: 3 0x800010b6 (0x0001)
core   0: 0x800010b8 (0x00004b15) c.li    s6, 5
core   0: 3 0x800010b8 (0x4b15) x22 0x00000005
core   0: 0x800010ba (0x00008fe5) c.and   a5, s1
core   0: 3 0x800010ba (0x8fe5) x15 0x00000000
core   0: 0x800010bc (0x034d5b33) divu    s6, s10, s4
core   0: 3 0x800010bc (0x034d5b33) x22 0x00000000
core   0: 0x800010c0 (0x00001675) c.addi  a2, -3
core   0: 3 0x800010c0 (0x1675) x12 0x00000003
core   0: 0x800010c2 (0x0000fe6d) c.bnez  a2, pc - 6
core   0: 3 0x800010c2 (0xfe6d)
core   0: 0x800010bc (0x034d5b33) divu    s6, s10, s4
core   0: 3 0x800010bc (0x034d5b33) x22 0x00000000
core   0: 0x800010c0 (0x00001675) c.addi  a2, -3
core   0: 3 0x800010c0 (0x1675) x12 0x00000000
core   0: 0x800010c2 (0x0000fe6d) c.bnez  a2, pc - 6
core   0: 3 0x800010c2 (0xfe6d)
core   0: 0x800010c4 (0x0000717d) c.addi16sp sp, -16
core   0: 3 0x800010c4 (0x717d) x2  0xffffffd1
core   0: 0x800010c6 (0x008dd313) srli    t1, s11, 8
core   0: 3 0x800010c6 (0x008dd313) x6  0x00000000
core   0: 0x800010ca (0xfcb6ece3) bltu    a3, a1, pc - 40
core   0: 3 0x800010ca (0xfcb6ece3)
core   0: 0x800010a2 (0x29828713) addi    a4, t0, 664
core   0: 3 0x800010a2 (0x29828713) x14 0x00000298
core   0: 0x800010a6 (0x00000f5d) c.addi  t5, 23
core   0: 3 0x800010a6 (0x0f5d) x30 0x0000005d
core   0: 0x800010a8 (0x01e79433) sll     s0, a5, t5
core   0: 3 0x800010a8 (0x01e79433) x8  0x00000000
core   0: 0x800010ac (0x0000068d) c.addi  a3, 3
core   0: 3 0x800010ac (0x068d) x13 0x0000000a
core   0: 0x800010ae (0x00004fb1) c.li    t6, 12
core   0: 3 0x800010ae (0x4fb1) x31 0x0000000c
core   0: 0x800010b0 (0x00004619) c.li    a2, 6
core   0: 3 0x800010b0 (0x4619) x12 0x00000006
core   0: 0x800010b2 (0x00000851) c.addi  a6, 20
core   0: 3 0x800010b2 (0x0851) x16 0x00000048
core   0: 0x800010b4 (0x00008952) c.mv    s2, s4
core   0: 3 0x800010b4 (0x8952) x18 0x00000050
core   0: 0x800010b6 (0x00000001) c.nop
core   0: 3 0x800010b6 (0x0001)
core   0: 0x800010b8 (0x00004b15) c.li    s6, 5
core   0: 3 0x800010b8 (0x4b15) x22 0x00000005
core   0: 0x800010ba (0x00008fe5) c.and   a5, s1
core   0: 3 0x800010ba (0x8fe5) x15 0x00000000
core   0: 0x800010bc (0x034d5b33) divu    s6, s10, s4
core   0: 3 0x800010bc (0x034d5b33) x22 0x00000000
core   0: 0x800010c0 (0x00001675) c.addi  a2, -3
core   0: 3 0x800010c0 (0x1675) x12 0x00000003
core   0: 0x800010c2 (0x0000fe6d) c.bnez  a2, pc - 6
core   0: 3 0x800010c2 (0xfe6d)
core   0: 0x800010bc (0x034d5b33) divu    s6, s10, s4
core   0: 3 0x800010bc (0x034d5b33) x22 0x00000000
core   0: 0x800010c0 (0x00001675) c.addi  a2, -3
core   0: 3 0x800010c0 (0x1675) x12 0x00000000
core   0: 0x800010c2 (0x0000fe6d) c.bnez  a2, pc - 6
core   0: 3 0x800010c2 (0xfe6d)
core   0: 0x800010c4 (0x0000717d) c.addi16sp sp, -16
core   0: 3 0x800010c4 (0x717d) x2  0xffffffc1
core   0: 0x800010c6 (0x008dd313) srli    t1, s11, 8
core   0: 3 0x800010c6 (0x008dd313) x6  0x00000000
core   0: 0x800010ca (0xfcb6ece3) bltu    a3, a1, pc - 40
core   0: 3 0x800010ca (0xfcb6ece3)
core   0: 0x800010a2 (0x29828713) addi    a4, t0, 664
core   0: 3 0x800010a2 (0x29828713) x14 0x00000298
core   0: 0x800010a6 (0x00000f5d) c.addi  t5, 23
core   0: 3 0x800010a6 (0x0f5d) x30 0x00000074
core   0: 0x800010a8 (0x01e79433) sll     s0, a5, t5
core   0: 3 0x800010a8 (0x01e79433) x8  0x00000000
core   0: 0x800010ac (0x0000068d) c.addi  a3, 3
core   0: 3 0x800010ac (0x068d) x13 0x0000000d
core   0: 0x800010ae (0x00004fb1) c.li    t6, 12
core   0: 3 0x800010ae (0x4fb1) x31 0x0000000c
core   0: 0x800010b0 (0x00004619) c.li    a2, 6
core   0: 3 0x800010b0 (0x4619) x12 0x00000006
core   0: 0x800010b2 (0x00000851) c.addi  a6, 20
core   0: 3 0x800010b2 (0x0851) x16 0x0000005c
core   0: 0x800010b4 (0x00008952) c.mv    s2, s4
core   0: 3 0x800010b4 (0x8952) x18 0x00000050
core   0: 0x800010b6 (0x00000001) c.nop
core   0: 3 0x800010b6 (0x0001)
core   0: 0x800010b8 (0x00004b15) c.li    s6, 5
core   0: 3 0x800010b8 (0x4b15) x22 0x00000005
core   0: 0x800010ba (0x00008fe5) c.and   a5, s1
core   0: 3 0x800010ba (0x8fe5) x15 0x00000000
core   0: 0x800010bc (0x034d5b33) divu    s6, s10, s4
core   0: 3 0x800010bc (0x034d5b33) x22 0x00000000
core   0: 0x800010c0 (0x00001675) c.addi  a2, -3
core   0: 3 0x800010c0 (0x1675) x12 0x00000003
core   0: 0x800010c2 (0x0000fe6d) c.bnez  a2, pc - 6
core   0: 3 0x800010c2 (0xfe6d)
core   0: 0x800010bc (0x034d5b33) divu    s6, s10, s4
core   0: 3 0x800010bc (0x034d5b33) x22 0x00000000
core   0: 0x800010c0 (0x00001675) c.addi  a2, -3
core   0: 3 0x800010c0 (0x1675) x12 0x00000000
core   0: 0x800010c2 (0x0000fe6d) c.bnez  a2, pc - 6
core   0: 3 0x800010c2 (0xfe6d)
core   0: 0x800010c4 (0x0000717d) c.addi16sp sp, -16
core   0: 3 0x800010c4 (0x717d) x2  0xffffffb1
core   0: 0x800010c6 (0x008dd313) srli    t1, s11, 8
core   0: 3 0x800010c6 (0x008dd313) x6  0x00000000
core   0: 0x800010ca (0xfcb6ece3) bltu    a3, a1, pc - 40
core   0: 3 0x800010ca (0xfcb6ece3)
core   0: 0x800010a2 (0x29828713) addi    a4, t0, 664
core   0: 3 0x800010a2 (0x29828713) x14 0x00000298
core   0: 0x800010a6 (0x00000f5d) c.addi  t5, 23
core   0: 3 0x800010a6 (0x0f5d) x30 0x0000008b
core   0: 0x800010a8 (0x01e79433) sll     s0, a5, t5
core   0: 3 0x800010a8 (0x01e79433) x8  0x00000000
core   0: 0x800010ac (0x0000068d) c.addi  a3, 3
core   0: 3 0x800010ac (0x068d) x13 0x00000010
core   0: 0x800010ae (0x00004fb1) c.li    t6, 12
core   0: 3 0x800010ae (0x4fb1) x31 0x0000000c
core   0: 0x800010b0 (0x00004619) c.li    a2, 6
core   0: 3 0x800010b0 (0x4619) x12 0x00000006
core   0: 0x800010b2 (0x00000851) c.addi  a6, 20
core   0: 3 0x800010b2 (0x0851) x16 0x00000070
core   0: 0x800010b4 (0x00008952) c.mv    s2, s4
core   0: 3 0x800010b4 (0x8952) x18 0x00000050
core   0: 0x800010b6 (0x00000001) c.nop
core   0: 3 0x800010b6 (0x0001)
core   0: 0x800010b8 (0x00004b15) c.li    s6, 5
core   0: 3 0x800010b8 (0x4b15) x22 0x00000005
core   0: 0x800010ba (0x00008fe5) c.and   a5, s1
core   0: 3 0x800010ba (0x8fe5) x15 0x00000000
core   0: 0x800010bc (0x034d5b33) divu    s6, s10, s4
core   0: 3 0x800010bc (0x034d5b33) x22 0x00000000
core   0: 0x800010c0 (0x00001675) c.addi  a2, -3
core   0: 3 0x800010c0 (0x1675) x12 0x00000003
core   0: 0x800010c2 (0x0000fe6d) c.bnez  a2, pc - 6
core   0: 3 0x800010c2 (0xfe6d)
core   0: 0x800010bc (0x034d5b33) divu    s6, s10, s4
core   0: 3 0x800010bc (0x034d5b33) x22 0x00000000
core   0: 0x800010c0 (0x00001675) c.addi  a2, -3
core   0: 3 0x800010c0 (0x1675) x12 0x00000000
core   0: 0x800010c2 (0x0000fe6d) c.bnez  a2, pc - 6
core   0: 3 0x800010c2 (0xfe6d)
core   0: 0x800010c4 (0x0000717d) c.addi16sp sp, -16
core   0: 3 0x800010c4 (0x717d) x2  0xffffffa1
core   0: 0x800010c6 (0x008dd313) srli    t1, s11, 8
core   0: 3 0x800010c6 (0x008dd313) x6  0x00000000
core   0: 0x800010ca (0xfcb6ece3) bltu    a3, a1, pc - 40
core   0: 3 0x800010ca (0xfcb6ece3)
core   0: 0x800010ce (0x000084a5) c.srai  s1, 9
core   0: 3 0x800010ce (0x84a5) x9  0xffffffff
core   0: 0x800010d0 (0x00005569) c.li    a0, -6
core   0: 3 0x800010d0 (0x5569) x10 0xfffffffa
core   0: 0x800010d2 (0x41078bb3) sub     s7, a5, a6
core   0: 3 0x800010d2 (0x41078bb3) x23 0xffffff90
core   0: 0x800010d6 (0x0000414d) c.li    sp, 19
core   0: 3 0x800010d6 (0x414d) x2  0x00000013
core   0: 0x800010d8 (0x00403c33) snez    s8, tp
core   0: 3 0x800010d8 (0x00403c33) x24 0x00000001
core   0: 0x800010dc (0x034c1033) mulh    zero, s8, s4
core   0: 3 0x800010dc (0x034c1033)
core   0: 0x800010e0 (0x00000505) c.addi  a0, 1
core   0: 3 0x800010e0 (0x0505) x10 0xfffffffb
core   0: 0x800010e2 (0x00b46b33) or      s6, s0, a1
core   0: 3 0x800010e2 (0x00b46b33) x22 0x0000000e
core   0: 0x800010e6 (0xfe251be3) bne     a0, sp, pc - 10
core   0: 3 0x800010e6 (0xfe251be3)
core   0: 0x800010dc (0x034c1033) mulh    zero, s8, s4
core   0: 3 0x800010dc (0x034c1033)
core   0: 0x800010e0 (0x00000505) c.addi  a0, 1
core   0: 3 0x800010e0 (0x0505) x10 0xfffffffc
core   0: 0x800010e2 (0x00b46b33) or      s6, s0, a1
core   0: 3 0x800010e2 (0x00b46b33) x22 0x0000000e
core   0: 0x800010e6 (0xfe251be3) bne     a0, sp, pc - 10
core   0: 3 0x800010e6 (0xfe251be3)
core   0: 0x800010dc (0x034c1033) mulh    zero, s8, s4
core   0: 3 0x800010dc (0x034c1033)
core   0: 0x800010e0 (0x00000505) c.addi  a0, 1
core   0: 3 0x800010e0 (0x0505) x10 0xfffffffd
core   0: 0x800010e2 (0x00b46b33) or      s6, s0, a1
core   0: 3 0x800010e2 (0x00b46b33) x22 0x0000000e
core   0: 0x800010e6 (0xfe251be3) bne     a0, sp, pc - 10
core   0: 3 0x800010e6 (0xfe251be3)
core   0: 0x800010dc (0x034c1033) mulh    zero, s8, s4
core   0: 3 0x800010dc (0x034c1033)
core   0: 0x800010e0 (0x00000505) c.addi  a0, 1
core   0: 3 0x800010e0 (0x0505) x10 0xfffffffe
core   0: 0x800010e2 (0x00b46b33) or      s6, s0, a1
core   0: 3 0x800010e2 (0x00b46b33) x22 0x0000000e
core   0: 0x800010e6 (0xfe251be3) bne     a0, sp, pc - 10
core   0: 3 0x800010e6 (0xfe251be3)
core   0: 0x800010dc (0x034c1033) mulh    zero, s8, s4
core   0: 3 0x800010dc (0x034c1033)
core   0: 0x800010e0 (0x00000505) c.addi  a0, 1
core   0: 3 0x800010e0 (0x0505) x10 0xffffffff
core   0: 0x800010e2 (0x00b46b33) or      s6, s0, a1
core   0: 3 0x800010e2 (0x00b46b33) x22 0x0000000e
core   0: 0x800010e6 (0xfe251be3) bne     a0, sp, pc - 10
core   0: 3 0x800010e6 (0xfe251be3)
core   0: 0x800010dc (0x034c1033) mulh    zero, s8, s4
core   0: 3 0x800010dc (0x034c1033)
core   0: 0x800010e0 (0x00000505) c.addi  a0, 1
core   0: 3 0x800010e0 (0x0505) x10 0x00000000
core   0: 0x800010e2 (0x00b46b33) or      s6, s0, a1
core   0: 3 0x800010e2 (0x00b46b33) x22 0x0000000e
core   0: 0x800010e6 (0xfe251be3) bne     a0, sp, pc - 10
core   0: 3 0x800010e6 (0xfe251be3)
core   0: 0x800010dc (0x034c1033) mulh    zero, s8, s4
core   0: 3 0x800010dc (0x034c1033)
core   0: 0x800010e0 (0x00000505) c.addi  a0, 1
core   0: 3 0x800010e0 (0x0505) x10 0x00000001
core   0: 0x800010e2 (0x00b46b33) or      s6, s0, a1
core   0: 3 0x800010e2 (0x00b46b33) x22 0x0000000e
core   0: 0x800010e6 (0xfe251be3) bne     a0, sp, pc - 10
core   0: 3 0x800010e6 (0xfe251be3)
core   0: 0x800010dc (0x034c1033) mulh    zero, s8, s4
core   0: 3 0x800010dc (0x034c1033)
core   0: 0x800010e0 (0x00000505) c.addi  a0, 1
core   0: 3 0x800010e0 (0x0505) x10 0x00000002
core   0: 0x800010e2 (0x00b46b33) or      s6, s0, a1
core   0: 3 0x800010e2 (0x00b46b33) x22 0x0000000e
core   0: 0x800010e6 (0xfe251be3) bne     a0, sp, pc - 10
core   0: 3 0x800010e6 (0xfe251be3)
core   0: 0x800010dc (0x034c1033) mulh    zero, s8, s4
core   0: 3 0x800010dc (0x034c1033)
core   0: 0x800010e0 (0x00000505) c.addi  a0, 1
core   0: 3 0x800010e0 (0x0505) x10 0x00000003
core   0: 0x800010e2 (0x00b46b33) or      s6, s0, a1
core   0: 3 0x800010e2 (0x00b46b33) x22 0x0000000e
core   0: 0x800010e6 (0xfe251be3) bne     a0, sp, pc - 10
core   0: 3 0x800010e6 (0xfe251be3)
core   0: 0x800010dc (0x034c1033) mulh    zero, s8, s4
core   0: 3 0x800010dc (0x034c1033)
core   0: 0x800010e0 (0x00000505) c.addi  a0, 1
core   0: 3 0x800010e0 (0x0505) x10 0x00000004
core   0: 0x800010e2 (0x00b46b33) or      s6, s0, a1
core   0: 3 0x800010e2 (0x00b46b33) x22 0x0000000e
core   0: 0x800010e6 (0xfe251be3) bne     a0, sp, pc - 10
core   0: 3 0x800010e6 (0xfe251be3)
core   0: 0x800010dc (0x034c1033) mulh    zero, s8, s4
core   0: 3 0x800010dc (0x034c1033)
core   0: 0x800010e0 (0x00000505) c.addi  a0, 1
core   0: 3 0x800010e0 (0x0505) x10 0x00000005
core   0: 0x800010e2 (0x00b46b33) or      s6, s0, a1
core   0: 3 0x800010e2 (0x00b46b33) x22 0x0000000e
core   0: 0x800010e6 (0xfe251be3) bne     a0, sp, pc - 10
core   0: 3 0x800010e6 (0xfe251be3)
core   0: 0x800010dc (0x034c1033) mulh    zero, s8, s4
core   0: 3 0x800010dc (0x034c1033)
core   0: 0x800010e0 (0x00000505) c.addi  a0, 1
core   0: 3 0x800010e0 (0x0505) x10 0x00000006
core   0: 0x800010e2 (0x00b46b33) or      s6, s0, a1
core   0: 3 0x800010e2 (0x00b46b33) x22 0x0000000e
core   0: 0x800010e6 (0xfe251be3) bne     a0, sp, pc - 10
core   0: 3 0x800010e6 (0xfe251be3)
core   0: 0x800010dc (0x034c1033) mulh    zero, s8, s4
core   0: 3 0x800010dc (0x034c1033)
core   0: 0x800010e0 (0x00000505) c.addi  a0, 1
core   0: 3 0x800010e0 (0x0505) x10 0x00000007
core   0: 0x800010e2 (0x00b46b33) or      s6, s0, a1
core   0: 3 0x800010e2 (0x00b46b33) x22 0x0000000e
core   0: 0x800010e6 (0xfe251be3) bne     a0, sp, pc - 10
core   0: 3 0x800010e6 (0xfe251be3)
core   0: 0x800010dc (0x034c1033) mulh    zero, s8, s4
core   0: 3 0x800010dc (0x034c1033)
core   0: 0x800010e0 (0x00000505) c.addi  a0, 1
core   0: 3 0x800010e0 (0x0505) x10 0x00000008
core   0: 0x800010e2 (0x00b46b33) or      s6, s0, a1
core   0: 3 0x800010e2 (0x00b46b33) x22 0x0000000e
core   0: 0x800010e6 (0xfe251be3) bne     a0, sp, pc - 10
core   0: 3 0x800010e6 (0xfe251be3)
core   0: 0x800010dc (0x034c1033) mulh    zero, s8, s4
core   0: 3 0x800010dc (0x034c1033)
core   0: 0x800010e0 (0x00000505) c.addi  a0, 1
core   0: 3 0x800010e0 (0x0505) x10 0x00000009
core   0: 0x800010e2 (0x00b46b33) or      s6, s0, a1
core   0: 3 0x800010e2 (0x00b46b33) x22 0x0000000e
core   0: 0x800010e6 (0xfe251be3) bne     a0, sp, pc - 10
core   0: 3 0x800010e6 (0xfe251be3)
core   0: 0x800010dc (0x034c1033) mulh    zero, s8, s4
core   0: 3 0x800010dc (0x034c1033)
core   0: 0x800010e0 (0x00000505) c.addi  a0, 1
core   0: 3 0x800010e0 (0x0505) x10 0x0000000a
core   0: 0x800010e2 (0x00b46b33) or      s6, s0, a1
core   0: 3 0x800010e2 (0x00b46b33) x22 0x0000000e
core   0: 0x800010e6 (0xfe251be3) bne     a0, sp, pc - 10
core   0: 3 0x800010e6 (0xfe251be3)
core   0: 0x800010dc (0x034c1033) mulh    zero, s8, s4
core   0: 3 0x800010dc (0x034c1033)
core   0: 0x800010e0 (0x00000505) c.addi  a0, 1
core   0: 3 0x800010e0 (0x0505) x10 0x0000000b
core   0: 0x800010e2 (0x00b46b33) or      s6, s0, a1
core   0: 3 0x800010e2 (0x00b46b33) x22 0x0000000e
core   0: 0x800010e6 (0xfe251be3) bne     a0, sp, pc - 10
core   0: 3 0x800010e6 (0xfe251be3)
core   0: 0x800010dc (0x034c1033) mulh    zero, s8, s4
core   0: 3 0x800010dc (0x034c1033)
core   0: 0x800010e0 (0x00000505) c.addi  a0, 1
core   0: 3 0x800010e0 (0x0505) x10 0x0000000c
core   0: 0x800010e2 (0x00b46b33) or      s6, s0, a1
core   0: 3 0x800010e2 (0x00b46b33) x22 0x0000000e
core   0: 0x800010e6 (0xfe251be3) bne     a0, sp, pc - 10
core   0: 3 0x800010e6 (0xfe251be3)
core   0: 0x800010dc (0x034c1033) mulh    zero, s8, s4
core   0: 3 0x800010dc (0x034c1033)
core   0: 0x800010e0 (0x00000505) c.addi  a0, 1
core   0: 3 0x800010e0 (0x0505) x10 0x0000000d
core   0: 0x800010e2 (0x00b46b33) or      s6, s0, a1
core   0: 3 0x800010e2 (0x00b46b33) x22 0x0000000e
core   0: 0x800010e6 (0xfe251be3) bne     a0, sp, pc - 10
core   0: 3 0x800010e6 (0xfe251be3)
core   0: 0x800010dc (0x034c1033) mulh    zero, s8, s4
core   0: 3 0x800010dc (0x034c1033)
core   0: 0x800010e0 (0x00000505) c.addi  a0, 1
core   0: 3 0x800010e0 (0x0505) x10 0x0000000e
core   0: 0x800010e2 (0x00b46b33) or      s6, s0, a1
core   0: 3 0x800010e2 (0x00b46b33) x22 0x0000000e
core   0: 0x800010e6 (0xfe251be3) bne     a0, sp, pc - 10
core   0: 3 0x800010e6 (0xfe251be3)
core   0: 0x800010dc (0x034c1033) mulh    zero, s8, s4
core   0: 3 0x800010dc (0x034c1033)
core   0: 0x800010e0 (0x00000505) c.addi  a0, 1
core   0: 3 0x800010e0 (0x0505) x10 0x0000000f
core   0: 0x800010e2 (0x00b46b33) or      s6, s0, a1
core   0: 3 0x800010e2 (0x00b46b33) x22 0x0000000e
core   0: 0x800010e6 (0xfe251be3) bne     a0, sp, pc - 10
core   0: 3 0x800010e6 (0xfe251be3)
core   0: 0x800010dc (0x034c1033) mulh    zero, s8, s4
core   0: 3 0x800010dc (0x034c1033)
core   0: 0x800010e0 (0x00000505) c.addi  a0, 1
core   0: 3 0x800010e0 (0x0505) x10 0x00000010
core   0: 0x800010e2 (0x00b46b33) or      s6, s0, a1
core   0: 3 0x800010e2 (0x00b46b33) x22 0x0000000e
core   0: 0x800010e6 (0xfe251be3) bne     a0, sp, pc - 10
core   0: 3 0x800010e6 (0xfe251be3)
core   0: 0x800010dc (0x034c1033) mulh    zero, s8, s4
core   0: 3 0x800010dc (0x034c1033)
core   0: 0x800010e0 (0x00000505) c.addi  a0, 1
core   0: 3 0x800010e0 (0x0505) x10 0x00000011
core   0: 0x800010e2 (0x00b46b33) or      s6, s0, a1
core   0: 3 0x800010e2 (0x00b46b33) x22 0x0000000e
core   0: 0x800010e6 (0xfe251be3) bne     a0, sp, pc - 10
core   0: 3 0x800010e6 (0xfe251be3)
core   0: 0x800010dc (0x034c1033) mulh    zero, s8, s4
core   0: 3 0x800010dc (0x034c1033)
core   0: 0x800010e0 (0x00000505) c.addi  a0, 1
core   0: 3 0x800010e0 (0x0505) x10 0x00000012
core   0: 0x800010e2 (0x00b46b33) or      s6, s0, a1
core   0: 3 0x800010e2 (0x00b46b33) x22 0x0000000e
core   0: 0x800010e6 (0xfe251be3) bne     a0, sp, pc - 10
core   0: 3 0x800010e6 (0xfe251be3)
core   0: 0x800010dc (0x034c1033) mulh    zero, s8, s4
core   0: 3 0x800010dc (0x034c1033)
core   0: 0x800010e0 (0x00000505) c.addi  a0, 1
core   0: 3 0x800010e0 (0x0505) x10 0x00000013
core   0: 0x800010e2 (0x00b46b33) or      s6, s0, a1
core   0: 3 0x800010e2 (0x00b46b33) x22 0x0000000e
core   0: 0x800010e6 (0xfe251be3) bne     a0, sp, pc - 10
core   0: 3 0x800010e6 (0xfe251be3)
core   0: 0x800010ea (0x03b3d3b3) divu    t2, t2, s11
core   0: 3 0x800010ea (0x03b3d3b3) x7  0x00000000
core   0: 0x800010ee (0x0000450d) c.li    a0, 3
core   0: 3 0x800010ee (0x450d) x10 0x00000003
core   0: 0x800010f0 (0x00008da9) c.xor   a1, a0
core   0: 3 0x800010f0 (0x8da9) x11 0x0000000d
core   0: 0x800010f2 (0x02c87ab3) remu    s5, a6, a2
core   0: 3 0x800010f2 (0x02c87ab3) x21 0x00000070
core   0: 0x800010f6 (0x97f6b437) lui     s0, 0x97f6b
core   0: 3 0x800010f6 (0x97f6b437) x8  0x97f6b000
core   0: 0x800010fa (0x0011e8b3) or      a7, gp, ra
core   0: 3 0x800010fa (0x0011e8b3) x17 0xffffffff
core   0: 0x800010fe (0x019ba033) slt     zero, s7, s9
core   0: 3 0x800010fe (0x019ba033)
core   0: 0x80001102 (0x00000704) c.addi4spn s1, sp, 896
core   0: 3 0x80001102 (0x0704) x9  0x00000393
core   0: 0x80001104 (0x0108a433) slt     s0, a7, a6
core   0: 3 0x80001104 (0x0108a433) x8  0x00000001
core   0: 0x80001108 (0x000057d1) c.li    a5, -12
core   0: 3 0x80001108 (0x57d1) x15 0xfffffff4
core   0: 0x8000110a (0x028d0fb3) mul     t6, s10, s0
core   0: 3 0x8000110a (0x028d0fb3) x31 0x00000008
core   0: 0x8000110e (0xeb5a3d13) sltiu   s10, s4, -331
core   0: 3 0x8000110e (0xeb5a3d13) x26 0x00000001
core   0: 0x80001112 (0xfe6ffa13) andi    s4, t6, -26
core   0: 3 0x80001112 (0xfe6ffa13) x20 0x00000000
core   0: 0x80001116 (0x0fa63593) sltiu   a1, a2, 250
core   0: 3 0x80001116 (0x0fa63593) x11 0x00000001
core   0: 0x8000111a (0x0000157d) c.addi  a0, -1
core   0: 3 0x8000111a (0x157d) x10 0x00000002
core   0: 0x8000111c (0x027fd5b3) divu    a1, t6, t2
core   0: 3 0x8000111c (0x027fd5b3) x11 0xffffffff
core   0: 0x80001120 (0x0217bcb3) mulhu   s9, a5, ra
core   0: 3 0x80001120 (0x0217bcb3) x25 0xfffffff3
core   0: 0x80001124 (0x00005df1) c.li    s11, -4
core   0: 3 0x80001124 (0x5df1) x27 0xfffffffc
core   0: 0x80001126 (0x0000803d) c.srli  s0, 15
core   0: 3 0x80001126 (0x803d) x8  0x00000000
core   0: 0x80001128 (0x00004b0d) c.li    s6, 3
core   0: 3 0x80001128 (0x4b0d) x22 0x00000003
core   0: 0x8000112a (0x023c1033) mulh    zero, s8, gp
core   0: 3 0x8000112a (0x023c1033)
core   0: 0x8000112e (0x910dcd13) xori    s10, s11, -1776
core   0: 3 0x8000112e (0x910dcd13) x26 0x000006ec
core   0: 0x80001132 (0x0000717d) c.addi16sp sp, -16
core   0: 3 0x80001132 (0x717d) x2  0x00000003
core   0: 0x80001134 (0x00008ea5) c.xor   a3, s1
core   0: 3 0x80001134 (0x8ea5) x13 0x00000383
core   0: 0x80001136 (0x00000da1) c.addi  s11, 8
core   0: 3 0x80001136 (0x0da1) x27 0x00000004
core   0: 0x80001138 (0x417ed633) sra     a2, t4, s7
core   0: 3 0x80001138 (0x417ed633) x12 0x0000307a
core   0: 0x8000113c (0xff6dc9e3) blt     s11, s6, pc - 14
core   0: 3 0x8000113c (0xff6dc9e3)
core   0: 0x80001140 (0x00008cfd) c.and   s1, a5
core   0: 3 0x80001140 (0x8cfd) x9  0x00000390
core   0: 0x80001142 (0x000080b5) c.srli  s1, 13
core   0: 3 0x80001142 (0x80b5) x9  0x00000000
core   0: 0x80001144 (0x00000001) c.nop
core   0: 3 0x80001144 (0x0001)
core   0: 0x80001146 (0x03e392b3) mulh    t0, t2, t5
core   0: 3 0x80001146 (0x03e392b3) x5  0x00000000
core   0: 0x8000114a (0x0000058c) c.addi4spn a1, sp, 704
core   0: 3 0x8000114a (0x058c) x11 0x000002c3
core   0: 0x8000114c (0x0306bf33) mulhu   t5, a3, a6
core   0: 3 0x8000114c (0x0306bf33) x30 0x00000000
core   0: 0x80001150 (0x000086d2) c.mv    a3, s4
core   0: 3 0x80001150 (0x86d2) x13 0x00000000
core   0: 0x80001152 (0xfaf50ee3) beq     a0, a5, pc - 68
core   0: 3 0x80001152 (0xfaf50ee3)
core   0: 0x80001156 (0x00000d80) c.addi4spn s0, sp, 720
core   0: 3 0x80001156 (0x0d80) x8  0x000002d3
core   0: 0x80001158 (0x00004909) c.li    s2, 2
core   0: 3 0x80001158 (0x4909) x18 0x00000002
core   0: 0x8000115a (0x00004bc9) c.li    s7, 18
core   0: 3 0x8000115a (0x4bc9) x23 0x00000012
core   0: 0x8000115c (0x021d8433) mul     s0, s11, ra
core   0: 3 0x8000115c (0x021d8433) x8  0xfffffffc
core   0: 0x80001160 (0x00000911) c.addi  s2, 4
core   0: 3 0x80001160 (0x0911) x18 0x00000006
core   0: 0x80001162 (0x00005de5) c.li    s11, -7
core   0: 3 0x80001162 (0x5de5) x27 0xfffffff9
core   0: 0x80001164 (0x000041c5) c.li    gp, 17
core   0: 3 0x80001164 (0x41c5) x3  0x00000011
core   0: 0x80001166 (0x00040033) add     zero, s0, zero
core   0: 3 0x80001166 (0x00040033)
core   0: 0x8000116a (0x00000d99) c.addi  s11, 6
core   0: 3 0x8000116a (0x0d99) x27 0xffffffff
core   0: 0x8000116c (0xfe3d9de3) bne     s11, gp, pc - 6
core   0: 3 0x8000116c (0xfe3d9de3)
core   0: 0x80001166 (0x00040033) add     zero, s0, zero
core   0: 3 0x80001166 (0x00040033)
core   0: 0x8000116a (0x00000d99) c.addi  s11, 6
core   0: 3 0x8000116a (0x0d99) x27 0x00000005
core   0: 0x8000116c (0xfe3d9de3) bne     s11, gp, pc - 6
core   0: 3 0x8000116c (0xfe3d9de3)
core   0: 0x80001166 (0x00040033) add     zero, s0, zero
core   0: 3 0x80001166 (0x00040033)
core   0: 0x8000116a (0x00000d99) c.addi  s11, 6
core   0: 3 0x8000116a (0x0d99) x27 0x0000000b
core   0: 0x8000116c (0xfe3d9de3) bne     s11, gp, pc - 6
core   0: 3 0x8000116c (0xfe3d9de3)
core   0: 0x80001166 (0x00040033) add     zero, s0, zero
core   0: 3 0x80001166 (0x00040033)
core   0: 0x8000116a (0x00000d99) c.addi  s11, 6
core   0: 3 0x8000116a (0x0d99) x27 0x00000011
core   0: 0x8000116c (0xfe3d9de3) bne     s11, gp, pc - 6
core   0: 3 0x8000116c (0xfe3d9de3)
core   0: 0x80001170 (0xff7916e3) bne     s2, s7, pc - 20
core   0: 3 0x80001170 (0xff7916e3)
core   0: 0x8000115c (0x021d8433) mul     s0, s11, ra
core   0: 3 0x8000115c (0x021d8433) x8  0xffffffef
core   0: 0x80001160 (0x00000911) c.addi  s2, 4
core   0: 3 0x80001160 (0x0911) x18 0x0000000a
core   0: 0x80001162 (0x00005de5) c.li    s11, -7
core   0: 3 0x80001162 (0x5de5) x27 0xfffffff9
core   0: 0x80001164 (0x000041c5) c.li    gp, 17
core   0: 3 0x80001164 (0x41c5) x3  0x00000011
core   0: 0x80001166 (0x00040033) add     zero, s0, zero
core   0: 3 0x80001166 (0x00040033)
core   0: 0x8000116a (0x00000d99) c.addi  s11, 6
core   0: 3 0x8000116a (0x0d99) x27 0xffffffff
core   0: 0x8000116c (0xfe3d9de3) bne     s11, gp, pc - 6
core   0: 3 0x8000116c (0xfe3d9de3)
core   0: 0x80001166 (0x00040033) add     zero, s0, zero
core   0: 3 0x80001166 (0x00040033)
core   0: 0x8000116a (0x00000d99) c.addi  s11, 6
core   0: 3 0x8000116a (0x0d99) x27 0x00000005
core   0: 0x8000116c (0xfe3d9de3) bne     s11, gp, pc - 6
core   0: 3 0x8000116c (0xfe3d9de3)
core   0: 0x80001166 (0x00040033) add     zero, s0, zero
core   0: 3 0x80001166 (0x00040033)
core   0: 0x8000116a (0x00000d99) c.addi  s11, 6
core   0: 3 0x8000116a (0x0d99) x27 0x0000000b
core   0: 0x8000116c (0xfe3d9de3) bne     s11, gp, pc - 6
core   0: 3 0x8000116c (0xfe3d9de3)
core   0: 0x80001166 (0x00040033) add     zero, s0, zero
core   0: 3 0x80001166 (0x00040033)
core   0: 0x8000116a (0x00000d99) c.addi  s11, 6
core   0: 3 0x8000116a (0x0d99) x27 0x00000011
core   0: 0x8000116c (0xfe3d9de3) bne     s11, gp, pc - 6
core   0: 3 0x8000116c (0xfe3d9de3)
core   0: 0x80001170 (0xff7916e3) bne     s2, s7, pc - 20
core   0: 3 0x80001170 (0xff7916e3)
core   0: 0x8000115c (0x021d8433) mul     s0, s11, ra
core   0: 3 0x8000115c (0x021d8433) x8  0xffffffef
core   0: 0x80001160 (0x00000911) c.addi  s2, 4
core   0: 3 0x80001160 (0x0911) x18 0x0000000e
core   0: 0x80001162 (0x00005de5) c.li    s11, -7
core   0: 3 0x80001162 (0x5de5) x27 0xfffffff9
core   0: 0x80001164 (0x000041c5) c.li    gp, 17
core   0: 3 0x80001164 (0x41c5) x3  0x00000011
core   0: 0x80001166 (0x00040033) add     zero, s0, zero
core   0: 3 0x80001166 (0x00040033)
core   0: 0x8000116a (0x00000d99) c.addi  s11, 6
core   0: 3 0x8000116a (0x0d99) x27 0xffffffff
core   0: 0x8000116c (0xfe3d9de3) bne     s11, gp, pc - 6
core   0: 3 0x8000116c (0xfe3d9de3)
core   0: 0x80001166 (0x00040033) add     zero, s0, zero
core   0: 3 0x80001166 (0x00040033)
core   0: 0x8000116a (0x00000d99) c.addi  s11, 6
core   0: 3 0x8000116a (0x0d99) x27 0x00000005
core   0: 0x8000116c (0xfe3d9de3) bne     s11, gp, pc - 6
core   0: 3 0x8000116c (0xfe3d9de3)
core   0: 0x80001166 (0x00040033) add     zero, s0, zero
core   0: 3 0x80001166 (0x00040033)
core   0: 0x8000116a (0x00000d99) c.addi  s11, 6
core   0: 3 0x8000116a (0x0d99) x27 0x0000000b
core   0: 0x8000116c (0xfe3d9de3) bne     s11, gp, pc - 6
core   0: 3 0x8000116c (0xfe3d9de3)
core   0: 0x80001166 (0x00040033) add     zero, s0, zero
core   0: 3 0x80001166 (0x00040033)
core   0: 0x8000116a (0x00000d99) c.addi  s11, 6
core   0: 3 0x8000116a (0x0d99) x27 0x00000011
core   0: 0x8000116c (0xfe3d9de3) bne     s11, gp, pc - 6
core   0: 3 0x8000116c (0xfe3d9de3)
core   0: 0x80001170 (0xff7916e3) bne     s2, s7, pc - 20
core   0: 3 0x80001170 (0xff7916e3)
core   0: 0x8000115c (0x021d8433) mul     s0, s11, ra
core   0: 3 0x8000115c (0x021d8433) x8  0xffffffef
core   0: 0x80001160 (0x00000911) c.addi  s2, 4
core   0: 3 0x80001160 (0x0911) x18 0x00000012
core   0: 0x80001162 (0x00005de5) c.li    s11, -7
core   0: 3 0x80001162 (0x5de5) x27 0xfffffff9
core   0: 0x80001164 (0x000041c5) c.li    gp, 17
core   0: 3 0x80001164 (0x41c5) x3  0x00000011
core   0: 0x80001166 (0x00040033) add     zero, s0, zero
core   0: 3 0x80001166 (0x00040033)
core   0: 0x8000116a (0x00000d99) c.addi  s11, 6
core   0: 3 0x8000116a (0x0d99) x27 0xffffffff
core   0: 0x8000116c (0xfe3d9de3) bne     s11, gp, pc - 6
core   0: 3 0x8000116c (0xfe3d9de3)
core   0: 0x80001166 (0x00040033) add     zero, s0, zero
core   0: 3 0x80001166 (0x00040033)
core   0: 0x8000116a (0x00000d99) c.addi  s11, 6
core   0: 3 0x8000116a (0x0d99) x27 0x00000005
core   0: 0x8000116c (0xfe3d9de3) bne     s11, gp, pc - 6
core   0: 3 0x8000116c (0xfe3d9de3)
core   0: 0x80001166 (0x00040033) add     zero, s0, zero
core   0: 3 0x80001166 (0x00040033)
core   0: 0x8000116a (0x00000d99) c.addi  s11, 6
core   0: 3 0x8000116a (0x0d99) x27 0x0000000b
core   0: 0x8000116c (0xfe3d9de3) bne     s11, gp, pc - 6
core   0: 3 0x8000116c (0xfe3d9de3)
core   0: 0x80001166 (0x00040033) add     zero, s0, zero
core   0: 3 0x80001166 (0x00040033)
core   0: 0x8000116a (0x00000d99) c.addi  s11, 6
core   0: 3 0x8000116a (0x0d99) x27 0x00000011
core   0: 0x8000116c (0xfe3d9de3) bne     s11, gp, pc - 6
core   0: 3 0x8000116c (0xfe3d9de3)
core   0: 0x80001170 (0xff7916e3) bne     s2, s7, pc - 20
core   0: 3 0x80001170 (0xff7916e3)
core   0: 0x80001174 (0x00008fd9) c.or    a5, a4
core   0: 3 0x80001174 (0x8fd9) x15 0xfffffffc
core   0: 0x80001176 (0x00004da1) c.li    s11, 8
core   0: 3 0x80001176 (0x4da1) x27 0x00000008
core   0: 0x80001178 (0x00008d89) c.sub   a1, a0
core   0: 3 0x80001178 (0x8d89) x11 0x000002c1
core   0: 0x8000117a (0x00bae7b3) or      a5, s5, a1
core   0: 3 0x8000117a (0x00bae7b3) x15 0x000002f1
core   0: 0x8000117e (0x000013fd) c.addi  t2, -1
core   0: 3 0x8000117e (0x13fd) x7  0xffffffff
core   0: 0x80001180 (0x03ac6a33) rem     s4, s8, s10
core   0: 3 0x80001180 (0x03ac6a33) x20 0x00000001
core   0: 0x80001184 (0x00000001) c.nop
core   0: 3 0x80001184 (0x0001)
core   0: 0x80001186 (0x000042c5) c.li    t0, 17
core   0: 3 0x80001186 (0x42c5) x5  0x00000011
core   0: 0x80001188 (0x7843cc17) auipc   s8, 0x7843c
core   0: 3 0x80001188 (0x7843cc17) x24 0xf843d188
core   0: 0x8000118c (0x0b499137) lui     sp, 0xb499
core   0: 3 0x8000118c (0x0b499137) x2  0x0b499000
core   0: 0x80001190 (0x0000101c) c.addi4spn a5, sp, 32
core   0: 3 0x80001190 (0x101c) x15 0x0b499020
core   0: 0x80001192 (0x00000d95) c.addi  s11, 5
core   0: 3 0x80001192 (0x0d95) x27 0x0000000d
core   0: 0x80001194 (0x00eba5b3) slt     a1, s7, a4
core   0: 3 0x80001194 (0x00eba5b3) x11 0x00000001
core   0: 0x80001198 (0x011bf6b3) and     a3, s7, a7
core   0: 3 0x80001198 (0x011bf6b3) x13 0x00000012
core   0: 0x8000119c (0x00008219) c.srli  a2, 6
core   0: 3 0x8000119c (0x8219) x12 0x000000c1
core   0: 0x8000119e (0x00008329) c.srli  a4, 10
core   0: 3 0x8000119e (0x8329) x14 0x00000000
core   0: 0x800011a0 (0xfe5de6e3) bltu    s11, t0, pc - 20
core   0: 3 0x800011a0 (0xfe5de6e3)
core   0: 0x8000118c (0x0b499137) lui     sp, 0xb499
core   0: 3 0x8000118c (0x0b499137) x2  0x0b499000
core   0: 0x80001190 (0x0000101c) c.addi4spn a5, sp, 32
core   0: 3 0x80001190 (0x101c) x15 0x0b499020
core   0: 0x80001192 (0x00000d95) c.addi  s11, 5
core   0: 3 0x80001192 (0x0d95) x27 0x00000012
core   0: 0x80001194 (0x00eba5b3) slt     a1, s7, a4
core   0: 3 0x80001194 (0x00eba5b3) x11 0x00000000
core   0: 0x80001198 (0x011bf6b3) and     a3, s7, a7
core   0: 3 0x80001198 (0x011bf6b3) x13 0x00000012
core   0: 0x8000119c (0x00008219) c.srli  a2, 6
core   0: 3 0x8000119c (0x8219) x12 0x00000003
core   0: 0x8000119e (0x00008329) c.srli  a4, 10
core   0: 3 0x8000119e (0x8329) x14 0x00000000
core   0: 0x800011a0 (0xfe5de6e3) bltu    s11, t0, pc - 20
core   0: 3 0x800011a0 (0xfe5de6e3)
core   0: 0x800011a4 (0x00008ea9) c.xor   a3, a0
core   0: 3 0x800011a4 (0x8ea9) x13 0x00000010
core   0: 0x800011a6 (0x00004599) c.li    a1, 6
core   0: 3 0x800011a6 (0x4599) x11 0x00000006
core   0: 0x800011a8 (0xe671ab13) slti    s6, gp, -409
core   0: 3 0x800011a8 (0xe671ab13) x22 0x00000000
core   0: 0x800011ac (0x00004515) c.li    a0, 5
core   0: 3 0x800011ac (0x4515) x10 0x00000005
core   0: 0x800011ae (0x00000298) c.addi4spn a4, sp, 320
core   0: 3 0x800011ae (0x0298) x14 0x0b499140
core   0: 0x800011b0 (0x000015f5) c.addi  a1, -3
core   0: 3 0x800011b0 (0x15f5) x11 0x00000003
core   0: 0x800011b2 (0x00008ecd) c.or    a3, a1
core   0: 3 0x800011b2 (0x8ecd) x13 0x00000013
core   0: 0x800011b4 (0x00004615) c.li    a2, 5
core   0: 3 0x800011b4 (0x4615) x12 0x00000005
core   0: 0x800011b6 (0x00b81393) slli    t2, a6, 11
core   0: 3 0x800011b6 (0x00b81393) x7  0x00038000
core   0: 0x800011ba (0x000049b5) c.li    s3, 13
core   0: 3 0x800011ba (0x49b5) x19 0x0000000d
core   0: 0x800011bc (0x00008fe9) c.and   a5, a0
core   0: 3 0x800011bc (0x8fe9) x15 0x00000000
core   0: 0x800011be (0x00000001) c.nop
core   0: 3 0x800011be (0x0001)
core   0: 0x800011c0 (0x57a13013) sltiu   zero, sp, 1402
core   0: 3 0x800011c0 (0x57a13013)
core   0: 0x800011c4 (0x00000615) c.addi  a2, 5
core   0: 3 0x800011c4 (0x0615) x12 0x0000000a
core   0: 0x800011c6 (0xff366de3) bltu    a2, s3, pc - 6
core   0: 3 0x800011c6 (0xff366de3)
core   0: 0x800011c0 (0x57a13013) sltiu   zero, sp, 1402
core   0: 3 0x800011c0 (0x57a13013)
core   0: 0x800011c4 (0x00000615) c.addi  a2, 5
core   0: 3 0x800011c4 (0x0615) x12 0x0000000f
core   0: 0x800011c6 (0xff366de3) bltu    a2, s3, pc - 6
core   0: 3 0x800011c6 (0xff366de3)
core   0: 0x800011ca (0x00004f51) c.li    t5, 20
core   0: 3 0x800011ca (0x4f51) x30 0x00000014
core   0: 0x800011cc (0x00000001) c.nop
core   0: 3 0x800011cc (0x0001)
core   0: 0x800011ce (0x000041b1) c.li    gp, 12
core   0: 3 0x800011ce (0x41b1) x3  0x0000000c
core   0: 0x800011d0 (0x00e4da13) srli    s4, s1, 14
core   0: 3 0x800011d0 (0x00e4da13) x20 0x00000000
core   0: 0x800011d4 (0xfca5fde3) bgeu    a1, a0, pc - 38
core   0: 3 0x800011d4 (0xfca5fde3)
core   0: 0x800011d8 (0x02941f33) mulh    t5, s0, s1
core   0: 3 0x800011d8 (0x02941f33) x30 0x00000000
core   0: 0x800011dc (0x000055e5) c.li    a1, -7
core   0: 3 0x800011dc (0x55e5) x11 0xfffffff9
core   0: 0x800011de (0x00005935) c.li    s2, -19
core   0: 3 0x800011de (0x5935) x18 0xffffffed
core   0: 0x800011e0 (0xb95ca737) lui     a4, 0xb95ca
core   0: 3 0x800011e0 (0xb95ca737) x14 0xb95ca000
core   0: 0x800011e4 (0x000015f1) c.addi  a1, -4
core   0: 3 0x800011e4 (0x15f1) x11 0xfffffff5
core   0: 0x800011e6 (0x00004785) c.li    a5, 1
core   0: 3 0x800011e6 (0x4785) x15 0x00000001
core   0: 0x800011e8 (0x00004309) c.li    t1, 2
core   0: 3 0x800011e8 (0x4309) x6  0x00000002
core   0: 0x800011ea (0x02191d33) mulh    s10, s2, ra
core   0: 3 0x800011ea (0x02191d33) x26 0x00000000
core   0: 0x800011ee (0x000007a9) c.addi  a5, 10
core   0: 3 0x800011ee (0x07a9) x15 0x0000000b
core   0: 0x800011f0 (0xfe67cde3) blt     a5, t1, pc - 6
core   0: 3 0x800011f0 (0xfe67cde3)
core   0: 0x800011f4 (0xff2586e3) beq     a1, s2, pc - 20
core   0: 3 0x800011f4 (0xff2586e3)
core   0: 0x800011f8 (0x000042b1) c.li    t0, 12
core   0: 3 0x800011f8 (0x42b1) x5  0x0000000c
core   0: 0x800011fa (0x000056ed) c.li    a3, -5
core   0: 3 0x800011fa (0x56ed) x13 0xfffffffb
core   0: 0x800011fc (0x00004905) c.li    s2, 1
core   0: 3 0x800011fc (0x4905) x18 0x00000001
core   0: 0x800011fe (0x01b4f633) and     a2, s1, s11
core   0: 3 0x800011fe (0x01b4f633) x12 0x00000000
core   0: 0x80001202 (0x00008c19) c.sub   s0, a4
core   0: 3 0x80001202 (0x8c19) x8  0x46a35fef
core   0: 0x80001204 (0x00000f84) c.addi4spn s1, sp, 976
core   0: 3 0x80001204 (0x0f84) x9  0x0b4993d0
core   0: 0x80001206 (0x00000689) c.addi  a3, 2
core   0: 3 0x80001206 (0x0689) x13 0xfffffffd
core   0: 0x80001208 (0x0000ef33) or      t5, ra, zero
core   0: 3 0x80001208 (0x0000ef33) x30 0xffffffff
core   0: 0x8000120c (0x00f052b3) srl     t0, zero, a5
core   0: 3 0x8000120c (0x00f052b3) x5  0x00000000
core   0: 0x80001210 (0x0352ac33) mulhsu  s8, t0, s5
core   0: 3 0x80001210 (0x0352ac33) x24 0x00000000
core   0: 0x80001214 (0xca552a93) slti    s5, a0, -859
core   0: 3 0x80001214 (0xca552a93) x21 0x00000000
core   0: 0x80001218 (0x00000ad2) c.slli  s5, 20
core   0: 3 0x80001218 (0x0ad2) x21 0x00000000
core   0: 0x8000121a (0x0000887d) c.andi  s0, 31
core   0: 3 0x8000121a (0x887d) x8  0x0000000f
core   0: 0x8000121c (0x0000479d) c.li    a5, 7
core   0: 3 0x8000121c (0x479d) x15 0x00000007
core   0: 0x8000121e (0x00000001) c.nop
core   0: 3 0x8000121e (0x0001)
core   0: 0x80001220 (0x413b0133) sub     sp, s6, s3
core   0: 3 0x80001220 (0x413b0133) x2  0xfffffff3
core   0: 0x80001224 (0xf6350713) addi    a4, a0, -157
core   0: 3 0x80001224 (0xf6350713) x14 0xffffff68
core   0: 0x80001228 (0x00008d55) c.or    a0, a3
core   0: 3 0x80001228 (0x8d55) x10 0xfffffffd
core   0: 0x8000122a (0x9a217c13) andi    s8, sp, -1630
core   0: 3 0x8000122a (0x9a217c13) x24 0xfffff9a2
core   0: 0x8000122e (0x00008e29) c.xor   a2, a0
core   0: 3 0x8000122e (0x8e29) x12 0xfffffffd
core   0: 0x80001230 (0x03bb9d33) mulh    s10, s7, s11
core   0: 3 0x80001230 (0x03bb9d33) x26 0x00000000
core   0: 0x80001234 (0x000017fd) c.addi  a5, -1
core   0: 3 0x80001234 (0x17fd) x15 0x00000006
core   0: 0x80001236 (0x0234fa33) remu    s4, s1, gp
core   0: 3 0x80001236 (0x0234fa33) x20 0x00000004
core   0: 0x8000123a (0x0000fbfd) c.bnez  a5, pc - 10
core   0: 3 0x8000123a (0xfbfd)
core   0: 0x80001230 (0x03bb9d33) mulh    s10, s7, s11
core   0: 3 0x80001230 (0x03bb9d33) x26 0x00000000
core   0: 0x80001234 (0x000017fd) c.addi  a5, -1
core   0: 3 0x80001234 (0x17fd) x15 0x00000005
core   0: 0x80001236 (0x0234fa33) remu    s4, s1, gp
core   0: 3 0x80001236 (0x0234fa33) x20 0x00000004
core   0: 0x8000123a (0x0000fbfd) c.bnez  a5, pc - 10
core   0: 3 0x8000123a (0xfbfd)
core   0: 0x80001230 (0x03bb9d33) mulh    s10, s7, s11
core   0: 3 0x80001230 (0x03bb9d33) x26 0x00000000
core   0: 0x80001234 (0x000017fd) c.addi  a5, -1
core   0: 3 0x80001234 (0x17fd) x15 0x00000004
core   0: 0x80001236 (0x0234fa33) remu    s4, s1, gp
core   0: 3 0x80001236 (0x0234fa33) x20 0x00000004
core   0: 0x8000123a (0x0000fbfd) c.bnez  a5, pc - 10
core   0: 3 0x8000123a (0xfbfd)
core   0: 0x80001230 (0x03bb9d33) mulh    s10, s7, s11
core   0: 3 0x80001230 (0x03bb9d33) x26 0x00000000
core   0: 0x80001234 (0x000017fd) c.addi  a5, -1
core   0: 3 0x80001234 (0x17fd) x15 0x00000003
core   0: 0x80001236 (0x0234fa33) remu    s4, s1, gp
core   0: 3 0x80001236 (0x0234fa33) x20 0x00000004
core   0: 0x8000123a (0x0000fbfd) c.bnez  a5, pc - 10
core   0: 3 0x8000123a (0xfbfd)
core   0: 0x80001230 (0x03bb9d33) mulh    s10, s7, s11
core   0: 3 0x80001230 (0x03bb9d33) x26 0x00000000
core   0: 0x80001234 (0x000017fd) c.addi  a5, -1
core   0: 3 0x80001234 (0x17fd) x15 0x00000002
core   0: 0x80001236 (0x0234fa33) remu    s4, s1, gp
core   0: 3 0x80001236 (0x0234fa33) x20 0x00000004
core   0: 0x8000123a (0x0000fbfd) c.bnez  a5, pc - 10
core   0: 3 0x8000123a (0xfbfd)
core   0: 0x80001230 (0x03bb9d33) mulh    s10, s7, s11
core   0: 3 0x80001230 (0x03bb9d33) x26 0x00000000
core   0: 0x80001234 (0x000017fd) c.addi  a5, -1
core   0: 3 0x80001234 (0x17fd) x15 0x00000001
core   0: 0x80001236 (0x0234fa33) remu    s4, s1, gp
core   0: 3 0x80001236 (0x0234fa33) x20 0x00000004
core   0: 0x8000123a (0x0000fbfd) c.bnez  a5, pc - 10
core   0: 3 0x8000123a (0xfbfd)
core   0: 0x80001230 (0x03bb9d33) mulh    s10, s7, s11
core   0: 3 0x80001230 (0x03bb9d33) x26 0x00000000
core   0: 0x80001234 (0x000017fd) c.addi  a5, -1
core   0: 3 0x80001234 (0x17fd) x15 0x00000000
core   0: 0x80001236 (0x0234fa33) remu    s4, s1, gp
core   0: 3 0x80001236 (0x0234fa33) x20 0x00000004
core   0: 0x8000123a (0x0000fbfd) c.bnez  a5, pc - 10
core   0: 3 0x8000123a (0xfbfd)
core   0: 0x8000123c (0x03fdecb3) rem     s9, s11, t6
core   0: 3 0x8000123c (0x03fdecb3) x25 0x00000002
core   0: 0x80001240 (0x0000913e) c.add   sp, a5
core   0: 3 0x80001240 (0x913e) x2  0xfffffff3
core   0: 0x80001242 (0x031ea533) mulhsu  a0, t4, a7
core   0: 3 0x80001242 (0x031ea533) x10 0x307a4b6f
core   0: 0x80001246 (0x034ad633) divu    a2, s5, s4
core   0: 3 0x80001246 (0x034ad633) x12 0x00000000
core   0: 0x8000124a (0xfb26ece3) bltu    a3, s2, pc - 72
core   0: 3 0x8000124a (0xfb26ece3)
core   0: 0x8000124e (0x6b42fa93) andi    s5, t0, 1716
core   0: 3 0x8000124e (0x6b42fa93) x21 0x00000000
core   0: 0x80001252 (0x00005a6d) c.li    s4, -5
core   0: 3 0x80001252 (0x5a6d) x20 0xfffffffb
core   0: 0x80001254 (0x00008fc9) c.or    a5, a0
core   0: 3 0x80001254 (0x8fc9) x15 0x307a4b6f
core   0: 0x80001256 (0x00004c2d) c.li    s8, 11
core   0: 3 0x80001256 (0x4c2d) x24 0x0000000b
core   0: 0x80001258 (0x0000856a) c.mv    a0, s10
core   0: 3 0x80001258 (0x856a) x10 0x00000000
core   0: 0x8000125a (0x00006569) c.lui   a0, 0x1a
core   0: 3 0x8000125a (0x6569) x10 0x0001a000
core   0: 0x8000125c (0x4315f993) andi    s3, a1, 1073
core   0: 3 0x8000125c (0x4315f993) x19 0x00000431
core   0: 0x80001260 (0x99703693) sltiu   a3, zero, -1641
core   0: 3 0x80001260 (0x99703693) x13 0x00000001
core   0: 0x80001264 (0x0000717d) c.addi16sp sp, -16
core   0: 3 0x80001264 (0x717d) x2  0xffffffe3
core   0: 0x80001266 (0x00009d36) c.add   s10, a3
core   0: 3 0x80001266 (0x9d36) x26 0x00000001
core   0: 0x80001268 (0x00000a25) c.addi  s4, 9
core   0: 3 0x80001268 (0x0a25) x20 0x00000004
core   0: 0x8000126a (0x03cc22b3) mulhsu  t0, s8, t3
core   0: 3 0x8000126a (0x03cc22b3) x5  0x00000005
core   0: 0x8000126e (0x000083c6) c.mv    t2, a7
core   0: 3 0x8000126e (0x83c6) x7  0xffffffff
core   0: 0x80001270 (0x00000001) c.nop
core   0: 3 0x80001270 (0x0001)
core   0: 0x80001272 (0x00008ca9) c.xor   s1, a0
core   0: 3 0x80001272 (0x8ca9) x9  0x0b4833d0
core   0: 0x80001274 (0xff8a64e3) bltu    s4, s8, pc - 24
core   0: 3 0x80001274 (0xff8a64e3)
core   0: 0x8000125c (0x4315f993) andi    s3, a1, 1073
core   0: 3 0x8000125c (0x4315f993) x19 0x00000431
core   0: 0x80001260 (0x99703693) sltiu   a3, zero, -1641
core   0: 3 0x80001260 (0x99703693) x13 0x00000001
core   0: 0x80001264 (0x0000717d) c.addi16sp sp, -16
core   0: 3 0x80001264 (0x717d) x2  0xffffffd3
core   0: 0x80001266 (0x00009d36) c.add   s10, a3
core   0: 3 0x80001266 (0x9d36) x26 0x00000002
core   0: 0x80001268 (0x00000a25) c.addi  s4, 9
core   0: 3 0x80001268 (0x0a25) x20 0x0000000d
core   0: 0x8000126a (0x03cc22b3) mulhsu  t0, s8, t3
core   0: 3 0x8000126a (0x03cc22b3) x5  0x00000005
core   0: 0x8000126e (0x000083c6) c.mv    t2, a7
core   0: 3 0x8000126e (0x83c6) x7  0xffffffff
core   0: 0x80001270 (0x00000001) c.nop
core   0: 3 0x80001270 (0x0001)
core   0: 0x80001272 (0x00008ca9) c.xor   s1, a0
core   0: 3 0x80001272 (0x8ca9) x9  0x0b4993d0
core   0: 0x80001274 (0xff8a64e3) bltu    s4, s8, pc - 24
core   0: 3 0x80001274 (0xff8a64e3)
core   0: 0x80001278 (0x0093e833) or      a6, t2, s1
core   0: 3 0x80001278 (0x0093e833) x16 0xffffffff
core   0: 0x8000127c (0x000051e5) c.li    gp, -7
core   0: 3 0x8000127c (0x51e5) x3  0xfffffff9
core   0: 0x8000127e (0x40f30533) sub     a0, t1, a5
core   0: 3 0x8000127e (0x40f30533) x10 0xcf85b493
core   0: 0x80001282 (0x00001d7d) c.addi  s10, -1
core   0: 3 0x80001282 (0x1d7d) x26 0x00000001
core   0: 0x80001284 (0x0375b0b7) lui     ra, 0x375b
core   0: 3 0x80001284 (0x0375b0b7) x1  0x0375b000
core   0: 0x80001288 (0x000045b9) c.li    a1, 14
core   0: 3 0x80001288 (0x45b9) x11 0x0000000e
core   0: 0x8000128a (0x00000001) c.nop
core   0: 3 0x8000128a (0x0001)
core   0: 0x8000128c (0x01d94093) xori    ra, s2, 29
core   0: 3 0x8000128c (0x01d94093) x1  0x0000001c
core   0: 0x80001290 (0x023316b3) mulh    a3, t1, gp
core   0: 3 0x80001290 (0x023316b3) x13 0xffffffff
core   0: 0x80001294 (0x00000199) c.addi  gp, 6
core   0: 3 0x80001294 (0x0199) x3  0xffffffff
core   0: 0x80001296 (0x00004c8d) c.li    s9, 3
core   0: 3 0x80001296 (0x4c8d) x25 0x00000003
core   0: 0x80001298 (0x00476133) or      sp, a4, tp
core   0: 3 0x80001298 (0x00476133) x2  0xffffff6c
core   0: 0x8000129c (0x00005445) c.li    s0, -15
core   0: 3 0x8000129c (0x5445) x8  0xfffffff1
core   0: 0x8000129e (0x0327b533) mulhu   a0, a5, s2
core   0: 3 0x8000129e (0x0327b533) x10 0x00000000
core   0: 0x800012a2 (0x00001cf9) c.addi  s9, -2
core   0: 3 0x800012a2 (0x1cf9) x25 0x00000001
core   0: 0x800012a4 (0xd7b8abb7) lui     s7, 0xd7b8a
core   0: 3 0x800012a4 (0xd7b8abb7) x23 0xd7b8a000
core   0: 0x800012a8 (0xfe8c9be3) bne     s9, s0, pc - 10
core   0: 3 0x800012a8 (0xfe8c9be3)
core   0: 0x8000129e (0x0327b533) mulhu   a0, a5, s2
core   0: 3 0x8000129e (0x0327b533) x10 0x00000000
core   0: 0x800012a2 (0x00001cf9) c.addi  s9, -2
core   0: 3 0x800012a2 (0x1cf9) x25 0xffffffff
core   0: 0x800012a4 (0xd7b8abb7) lui     s7, 0xd7b8a
core   0: 3 0x800012a4 (0xd7b8abb7) x23 0xd7b8a000
core   0: 0x800012a8 (0xfe8c9be3) bne     s9, s0, pc - 10
core   0: 3 0x800012a8 (0xfe8c9be3)
core   0: 0x8000129e (0x0327b533) mulhu   a0, a5, s2
core   0: 3 0x8000129e (0x0327b533) x10 0x00000000
core   0: 0x800012a2 (0x00001cf9) c.addi  s9, -2
core   0: 3 0x800012a2 (0x1cf9) x25 0xfffffffd
core   0: 0x800012a4 (0xd7b8abb7) lui     s7, 0xd7b8a
core   0: 3 0x800012a4 (0xd7b8abb7) x23 0xd7b8a000
core   0: 0x800012a8 (0xfe8c9be3) bne     s9, s0, pc - 10
core   0: 3 0x800012a8 (0xfe8c9be3)
core   0: 0x8000129e (0x0327b533) mulhu   a0, a5, s2
core   0: 3 0x8000129e (0x0327b533) x10 0x00000000
core   0: 0x800012a2 (0x00001cf9) c.addi  s9, -2
core   0: 3 0x800012a2 (0x1cf9) x25 0xfffffffb
core   0: 0x800012a4 (0xd7b8abb7) lui     s7, 0xd7b8a
core   0: 3 0x800012a4 (0xd7b8abb7) x23 0xd7b8a000
core   0: 0x800012a8 (0xfe8c9be3) bne     s9, s0, pc - 10
core   0: 3 0x800012a8 (0xfe8c9be3)
core   0: 0x8000129e (0x0327b533) mulhu   a0, a5, s2
core   0: 3 0x8000129e (0x0327b533) x10 0x00000000
core   0: 0x800012a2 (0x00001cf9) c.addi  s9, -2
core   0: 3 0x800012a2 (0x1cf9) x25 0xfffffff9
core   0: 0x800012a4 (0xd7b8abb7) lui     s7, 0xd7b8a
core   0: 3 0x800012a4 (0xd7b8abb7) x23 0xd7b8a000
core   0: 0x800012a8 (0xfe8c9be3) bne     s9, s0, pc - 10
core   0: 3 0x800012a8 (0xfe8c9be3)
core   0: 0x8000129e (0x0327b533) mulhu   a0, a5, s2
core   0: 3 0x8000129e (0x0327b533) x10 0x00000000
core   0: 0x800012a2 (0x00001cf9) c.addi  s9, -2
core   0: 3 0x800012a2 (0x1cf9) x25 0xfffffff7
core   0: 0x800012a4 (0xd7b8abb7) lui     s7, 0xd7b8a
core   0: 3 0x800012a4 (0xd7b8abb7) x23 0xd7b8a000
core   0: 0x800012a8 (0xfe8c9be3) bne     s9, s0, pc - 10
core   0: 3 0x800012a8 (0xfe8c9be3)
core   0: 0x8000129e (0x0327b533) mulhu   a0, a5, s2
core   0: 3 0x8000129e (0x0327b533) x10 0x00000000
core   0: 0x800012a2 (0x00001cf9) c.addi  s9, -2
core   0: 3 0x800012a2 (0x1cf9) x25 0xfffffff5
core   0: 0x800012a4 (0xd7b8abb7) lui     s7, 0xd7b8a
core   0: 3 0x800012a4 (0xd7b8abb7) x23 0xd7b8a000
core   0: 0x800012a8 (0xfe8c9be3) bne     s9, s0, pc - 10
core   0: 3 0x800012a8 (0xfe8c9be3)
core   0: 0x8000129e (0x0327b533) mulhu   a0, a5, s2
core   0: 3 0x8000129e (0x0327b533) x10 0x00000000
core   0: 0x800012a2 (0x00001cf9) c.addi  s9, -2
core   0: 3 0x800012a2 (0x1cf9) x25 0xfffffff3
core   0: 0x800012a4 (0xd7b8abb7) lui     s7, 0xd7b8a
core   0: 3 0x800012a4 (0xd7b8abb7) x23 0xd7b8a000
core   0: 0x800012a8 (0xfe8c9be3) bne     s9, s0, pc - 10
core   0: 3 0x800012a8 (0xfe8c9be3)
core   0: 0x8000129e (0x0327b533) mulhu   a0, a5, s2
core   0: 3 0x8000129e (0x0327b533) x10 0x00000000
core   0: 0x800012a2 (0x00001cf9) c.addi  s9, -2
core   0: 3 0x800012a2 (0x1cf9) x25 0xfffffff1
core   0: 0x800012a4 (0xd7b8abb7) lui     s7, 0xd7b8a
core   0: 3 0x800012a4 (0xd7b8abb7) x23 0xd7b8a000
core   0: 0x800012a8 (0xfe8c9be3) bne     s9, s0, pc - 10
core   0: 3 0x800012a8 (0xfe8c9be3)
core   0: 0x800012ac (0x00000b0e) c.slli  s6, 3
core   0: 3 0x800012ac (0x0b0e) x22 0x00000000
core   0: 0x800012ae (0x029933b3) mulhu   t2, s2, s1
core   0: 3 0x800012ae (0x029933b3) x7  0x00000000
core   0: 0x800012b2 (0x02b40bb3) mul     s7, s0, a1
core   0: 3 0x800012b2 (0x02b40bb3) x23 0xffffff2e
core   0: 0x800012b6 (0x00000a12) c.slli  s4, 4
core   0: 3 0x800012b6 (0x0a12) x20 0x000000d0
core   0: 0x800012b8 (0xfcb1ece3) bltu    gp, a1, pc - 40
core   0: 3 0x800012b8 (0xfcb1ece3)
core   0: 0x800012bc (0x00008cd5) c.or    s1, a3
core   0: 3 0x800012bc (0x8cd5) x9  0xffffffff
core   0: 0x800012be (0x000054f1) c.li    s1, -4
core   0: 3 0x800012be (0x54f1) x9  0xfffffffc
core   0: 0x800012c0 (0x00004f0d) c.li    t5, 3
core   0: 3 0x800012c0 (0x4f0d) x30 0x00000003
core   0: 0x800012c2 (0x007bd333) srl     t1, s7, t2
core   0: 3 0x800012c2 (0x007bd333) x6  0xffffff2e
core   0: 0x800012c6 (0x038a62b3) rem     t0, s4, s8
core   0: 3 0x800012c6 (0x038a62b3) x5  0x0000000a
core   0: 0x800012ca (0x8dda8a93) addi    s5, s5, -1827
core   0: 3 0x800012ca (0x8dda8a93) x21 0xfffff8dd
core   0: 0x800012ce (0x00000485) c.addi  s1, 1
core   0: 3 0x800012ce (0x0485) x9  0xfffffffd
core   0: 0x800012d0 (0x01299813) slli    a6, s3, 18
core   0: 3 0x800012d0 (0x01299813) x16 0x10c40000
core   0: 0x800012d4 (0x0000440d) c.li    s0, 3
core   0: 3 0x800012d4 (0x440d) x8  0x00000003
core   0: 0x800012d6 (0x0341c3b3) div     t2, gp, s4
core   0: 3 0x800012d6 (0x0341c3b3) x7  0x00000000
core   0: 0x800012da (0x00008cfa) c.mv    s9, t5
core   0: 3 0x800012da (0x8cfa) x25 0x00000003
core   0: 0x800012dc (0x00000001) c.nop
core   0: 3 0x800012dc (0x0001)
core   0: 0x800012de (0x02763a33) mulhu   s4, a2, t2
core   0: 3 0x800012de (0x02763a33) x20 0x00000000
core   0: 0x800012e2 (0x00008dc1) c.or    a1, s0
core   0: 3 0x800012e2 (0x8dc1) x11 0x0000000f
core   0: 0x800012e4 (0x92b24c13) xori    s8, tp, -1749
core   0: 3 0x800012e4 (0x92b24c13) x24 0x7ffd640f
core   0: 0x800012e8 (0x00008f41) c.or    a4, s0
core   0: 3 0x800012e8 (0x8f41) x14 0xffffff6b
core   0: 0x800012ea (0x00001475) c.addi  s0, -3
core   0: 3 0x800012ea (0x1475) x8  0x00000000
core   0: 0x800012ec (0x98ade093) ori     ra, s11, -1654
core   0: 3 0x800012ec (0x98ade093) x1  0xfffff99a
core   0: 0x800012f0 (0x864b6613) ori     a2, s6, -1948
core   0: 3 0x800012f0 (0x864b6613) x12 0xfffff864
core   0: 0x800012f4 (0x54c38893) addi    a7, t2, 1356
core   0: 3 0x800012f4 (0x54c38893) x17 0x0000054c
core   0: 0x800012f8 (0x4127dd33) sra     s10, a5, s2
core   0: 3 0x800012f8 (0x4127dd33) x26 0x183d25b7
core   0: 0x800012fc (0x0000f475) c.bnez  s0, pc - 20
core   0: 3 0x800012fc (0xf475)
core   0: 0x800012fe (0x03af38b3) mulhu   a7, t5, s10
core   0: 3 0x800012fe (0x03af38b3) x17 0x00000000
core   0: 0x80001302 (0xfde492e3) bne     s1, t5, pc - 60
core   0: 3 0x80001302 (0xfde492e3)
core   0: 0x800012c6 (0x038a62b3) rem     t0, s4, s8
core   0: 3 0x800012c6 (0x038a62b3) x5  0x00000000
core   0: 0x800012ca (0x8dda8a93) addi    s5, s5, -1827
core   0: 3 0x800012ca (0x8dda8a93) x21 0xfffff1ba
core   0: 0x800012ce (0x00000485) c.addi  s1, 1
core   0: 3 0x800012ce (0x0485) x9  0xfffffffe
core   0: 0x800012d0 (0x01299813) slli    a6, s3, 18
core   0: 3 0x800012d0 (0x01299813) x16 0x10c40000
core   0: 0x800012d4 (0x0000440d) c.li    s0, 3
core   0: 3 0x800012d4 (0x440d) x8  0x00000003
core   0: 0x800012d6 (0x0341c3b3) div     t2, gp, s4
core   0: 3 0x800012d6 (0x0341c3b3) x7  0xffffffff
core   0: 0x800012da (0x00008cfa) c.mv    s9, t5
core   0: 3 0x800012da (0x8cfa) x25 0x00000003
core   0: 0x800012dc (0x00000001) c.nop
core   0: 3 0x800012dc (0x0001)
core   0: 0x800012de (0x02763a33) mulhu   s4, a2, t2
core   0: 3 0x800012de (0x02763a33) x20 0xfffff863
core   0: 0x800012e2 (0x00008dc1) c.or    a1, s0
core   0: 3 0x800012e2 (0x8dc1) x11 0x0000000f
core   0: 0x800012e4 (0x92b24c13) xori    s8, tp, -1749
core   0: 3 0x800012e4 (0x92b24c13) x24 0x7ffd640f
core   0: 0x800012e8 (0x00008f41) c.or    a4, s0
core   0: 3 0x800012e8 (0x8f41) x14 0xffffff6b
core   0: 0x800012ea (0x00001475) c.addi  s0, -3
core   0: 3 0x800012ea (0x1475) x8  0x00000000
core   0: 0x800012ec (0x98ade093) ori     ra, s11, -1654
core   0: 3 0x800012ec (0x98ade093) x1  0xfffff99a
core   0: 0x800012f0 (0x864b6613) ori     a2, s6, -1948
core   0: 3 0x800012f0 (0x864b6613) x12 0xfffff864
core   0: 0x800012f4 (0x54c38893) addi    a7, t2, 1356
core   0: 3 0x800012f4 (0x54c38893) x17 0x0000054b
core   0: 0x800012f8 (0x4127dd33) sra     s10, a5, s2
core   0: 3 0x800012f8 (0x4127dd33) x26 0x183d25b7
core   0: 0x800012fc (0x0000f475) c.bnez  s0, pc - 20
core   0: 3 0x800012fc (0xf475)
core   0: 0x800012fe (0x03af38b3) mulhu   a7, t5, s10
core   0: 3 0x800012fe (0x03af38b3) x17 0x00000000
core   0: 0x80001302 (0xfde492e3) bne     s1, t5, pc - 60
core   0: 3 0x80001302 (0xfde492e3)
core   0: 0x800012c6 (0x038a62b3) rem     t0, s4, s8
core   0: 3 0x800012c6 (0x038a62b3) x5  0xfffff863
core   0: 0x800012ca (0x8dda8a93) addi    s5, s5, -1827
core   0: 3 0x800012ca (0x8dda8a93) x21 0xffffea97
core   0: 0x800012ce (0x00000485) c.addi  s1, 1
core   0: 3 0x800012ce (0x0485) x9  0xffffffff
core   0: 0x800012d0 (0x01299813) slli    a6, s3, 18
core   0: 3 0x800012d0 (0x01299813) x16 0x10c40000
core   0: 0x800012d4 (0x0000440d) c.li    s0, 3
core   0: 3 0x800012d4 (0x440d) x8  0x00000003
core   0: 0x800012d6 (0x0341c3b3) div     t2, gp, s4
core   0: 3 0x800012d6 (0x0341c3b3) x7  0x00000000
core   0: 0x800012da (0x00008cfa) c.mv    s9, t5
core   0: 3 0x800012da (0x8cfa) x25 0x00000003
core   0: 0x800012dc (0x00000001) c.nop
core   0: 3 0x800012dc (0x0001)
core   0: 0x800012de (0x02763a33) mulhu   s4, a2, t2
core   0: 3 0x800012de (0x02763a33) x20 0x00000000
core   0: 0x800012e2 (0x00008dc1) c.or    a1, s0
core   0: 3 0x800012e2 (0x8dc1) x11 0x0000000f
core   0: 0x800012e4 (0x92b24c13) xori    s8, tp, -1749
core   0: 3 0x800012e4 (0x92b24c13) x24 0x7ffd640f
core   0: 0x800012e8 (0x00008f41) c.or    a4, s0
core   0: 3 0x800012e8 (0x8f41) x14 0xffffff6b
core   0: 0x800012ea (0x00001475) c.addi  s0, -3
core   0: 3 0x800012ea (0x1475) x8  0x00000000
core   0: 0x800012ec (0x98ade093) ori     ra, s11, -1654
core   0: 3 0x800012ec (0x98ade093) x1  0xfffff99a
core   0: 0x800012f0 (0x864b6613) ori     a2, s6, -1948
core   0: 3 0x800012f0 (0x864b6613) x12 0xfffff864
core   0: 0x800012f4 (0x54c38893) addi    a7, t2, 1356
core   0: 3 0x800012f4 (0x54c38893) x17 0x0000054c
core   0: 0x800012f8 (0x4127dd33) sra     s10, a5, s2
core   0: 3 0x800012f8 (0x4127dd33) x26 0x183d25b7
core   0: 0x800012fc (0x0000f475) c.bnez  s0, pc - 20
core   0: 3 0x800012fc (0xf475)
core   0: 0x800012fe (0x03af38b3) mulhu   a7, t5, s10
core   0: 3 0x800012fe (0x03af38b3) x17 0x00000000
core   0: 0x80001302 (0xfde492e3) bne     s1, t5, pc - 60
core   0: 3 0x80001302 (0xfde492e3)
core   0: 0x800012c6 (0x038a62b3) rem     t0, s4, s8
core   0: 3 0x800012c6 (0x038a62b3) x5  0x00000000
core   0: 0x800012ca (0x8dda8a93) addi    s5, s5, -1827
core   0: 3 0x800012ca (0x8dda8a93) x21 0xffffe374
core   0: 0x800012ce (0x00000485) c.addi  s1, 1
core   0: 3 0x800012ce (0x0485) x9  0x00000000
core   0: 0x800012d0 (0x01299813) slli    a6, s3, 18
core   0: 3 0x800012d0 (0x01299813) x16 0x10c40000
core   0: 0x800012d4 (0x0000440d) c.li    s0, 3
core   0: 3 0x800012d4 (0x440d) x8  0x00000003
core   0: 0x800012d6 (0x0341c3b3) div     t2, gp, s4
core   0: 3 0x800012d6 (0x0341c3b3) x7  0xffffffff
core   0: 0x800012da (0x00008cfa) c.mv    s9, t5
core   0: 3 0x800012da (0x8cfa) x25 0x00000003
core   0: 0x800012dc (0x00000001) c.nop
core   0: 3 0x800012dc (0x0001)
core   0: 0x800012de (0x02763a33) mulhu   s4, a2, t2
core   0: 3 0x800012de (0x02763a33) x20 0xfffff863
core   0: 0x800012e2 (0x00008dc1) c.or    a1, s0
core   0: 3 0x800012e2 (0x8dc1) x11 0x0000000f
core   0: 0x800012e4 (0x92b24c13) xori    s8, tp, -1749
core   0: 3 0x800012e4 (0x92b24c13) x24 0x7ffd640f
core   0: 0x800012e8 (0x00008f41) c.or    a4, s0
core   0: 3 0x800012e8 (0x8f41) x14 0xffffff6b
core   0: 0x800012ea (0x00001475) c.addi  s0, -3
core   0: 3 0x800012ea (0x1475) x8  0x00000000
core   0: 0x800012ec (0x98ade093) ori     ra, s11, -1654
core   0: 3 0x800012ec (0x98ade093) x1  0xfffff99a
core   0: 0x800012f0 (0x864b6613) ori     a2, s6, -1948
core   0: 3 0x800012f0 (0x864b6613) x12 0xfffff864
core   0: 0x800012f4 (0x54c38893) addi    a7, t2, 1356
core   0: 3 0x800012f4 (0x54c38893) x17 0x0000054b
core   0: 0x800012f8 (0x4127dd33) sra     s10, a5, s2
core   0: 3 0x800012f8 (0x4127dd33) x26 0x183d25b7
core   0: 0x800012fc (0x0000f475) c.bnez  s0, pc - 20
core   0: 3 0x800012fc (0xf475)
core   0: 0x800012fe (0x03af38b3) mulhu   a7, t5, s10
core   0: 3 0x800012fe (0x03af38b3) x17 0x00000000
core   0: 0x80001302 (0xfde492e3) bne     s1, t5, pc - 60
core   0: 3 0x80001302 (0xfde492e3)
core   0: 0x800012c6 (0x038a62b3) rem     t0, s4, s8
core   0: 3 0x800012c6 (0x038a62b3) x5  0xfffff863
core   0: 0x800012ca (0x8dda8a93) addi    s5, s5, -1827
core   0: 3 0x800012ca (0x8dda8a93) x21 0xffffdc51
core   0: 0x800012ce (0x00000485) c.addi  s1, 1
core   0: 3 0x800012ce (0x0485) x9  0x00000001
core   0: 0x800012d0 (0x01299813) slli    a6, s3, 18
core   0: 3 0x800012d0 (0x01299813) x16 0x10c40000
core   0: 0x800012d4 (0x0000440d) c.li    s0, 3
core   0: 3 0x800012d4 (0x440d) x8  0x00000003
core   0: 0x800012d6 (0x0341c3b3) div     t2, gp, s4
core   0: 3 0x800012d6 (0x0341c3b3) x7  0x00000000
core   0: 0x800012da (0x00008cfa) c.mv    s9, t5
core   0: 3 0x800012da (0x8cfa) x25 0x00000003
core   0: 0x800012dc (0x00000001) c.nop
core   0: 3 0x800012dc (0x0001)
core   0: 0x800012de (0x02763a33) mulhu   s4, a2, t2
core   0: 3 0x800012de (0x02763a33) x20 0x00000000
core   0: 0x800012e2 (0x00008dc1) c.or    a1, s0
core   0: 3 0x800012e2 (0x8dc1) x11 0x0000000f
core   0: 0x800012e4 (0x92b24c13) xori    s8, tp, -1749
core   0: 3 0x800012e4 (0x92b24c13) x24 0x7ffd640f
core   0: 0x800012e8 (0x00008f41) c.or    a4, s0
core   0: 3 0x800012e8 (0x8f41) x14 0xffffff6b
core   0: 0x800012ea (0x00001475) c.addi  s0, -3
core   0: 3 0x800012ea (0x1475) x8  0x00000000
core   0: 0x800012ec (0x98ade093) ori     ra, s11, -1654
core   0: 3 0x800012ec (0x98ade093) x1  0xfffff99a
core   0: 0x800012f0 (0x864b6613) ori     a2, s6, -1948
core   0: 3 0x800012f0 (0x864b6613) x12 0xfffff864
core   0: 0x800012f4 (0x54c38893) addi    a7, t2, 1356
core   0: 3 0x800012f4 (0x54c38893) x17 0x0000054c
core   0: 0x800012f8 (0x4127dd33) sra     s10, a5, s2
core   0: 3 0x800012f8 (0x4127dd33) x26 0x183d25b7
core   0: 0x800012fc (0x0000f475) c.bnez  s0, pc - 20
core   0: 3 0x800012fc (0xf475)
core   0: 0x800012fe (0x03af38b3) mulhu   a7, t5, s10
core   0: 3 0x800012fe (0x03af38b3) x17 0x00000000
core   0: 0x80001302 (0xfde492e3) bne     s1, t5, pc - 60
core   0: 3 0x80001302 (0xfde492e3)
core   0: 0x800012c6 (0x038a62b3) rem     t0, s4, s8
core   0: 3 0x800012c6 (0x038a62b3) x5  0x00000000
core   0: 0x800012ca (0x8dda8a93) addi    s5, s5, -1827
core   0: 3 0x800012ca (0x8dda8a93) x21 0xffffd52e
core   0: 0x800012ce (0x00000485) c.addi  s1, 1
core   0: 3 0x800012ce (0x0485) x9  0x00000002
core   0: 0x800012d0 (0x01299813) slli    a6, s3, 18
core   0: 3 0x800012d0 (0x01299813) x16 0x10c40000
core   0: 0x800012d4 (0x0000440d) c.li    s0, 3
core   0: 3 0x800012d4 (0x440d) x8  0x00000003
core   0: 0x800012d6 (0x0341c3b3) div     t2, gp, s4
core   0: 3 0x800012d6 (0x0341c3b3) x7  0xffffffff
core   0: 0x800012da (0x00008cfa) c.mv    s9, t5
core   0: 3 0x800012da (0x8cfa) x25 0x00000003
core   0: 0x800012dc (0x00000001) c.nop
core   0: 3 0x800012dc (0x0001)
core   0: 0x800012de (0x02763a33) mulhu   s4, a2, t2
core   0: 3 0x800012de (0x02763a33) x20 0xfffff863
core   0: 0x800012e2 (0x00008dc1) c.or    a1, s0
core   0: 3 0x800012e2 (0x8dc1) x11 0x0000000f
core   0: 0x800012e4 (0x92b24c13) xori    s8, tp, -1749
core   0: 3 0x800012e4 (0x92b24c13) x24 0x7ffd640f
core   0: 0x800012e8 (0x00008f41) c.or    a4, s0
core   0: 3 0x800012e8 (0x8f41) x14 0xffffff6b
core   0: 0x800012ea (0x00001475) c.addi  s0, -3
core   0: 3 0x800012ea (0x1475) x8  0x00000000
core   0: 0x800012ec (0x98ade093) ori     ra, s11, -1654
core   0: 3 0x800012ec (0x98ade093) x1  0xfffff99a
core   0: 0x800012f0 (0x864b6613) ori     a2, s6, -1948
core   0: 3 0x800012f0 (0x864b6613) x12 0xfffff864
core   0: 0x800012f4 (0x54c38893) addi    a7, t2, 1356
core   0: 3 0x800012f4 (0x54c38893) x17 0x0000054b
core   0: 0x800012f8 (0x4127dd33) sra     s10, a5, s2
core   0: 3 0x800012f8 (0x4127dd33) x26 0x183d25b7
core   0: 0x800012fc (0x0000f475) c.bnez  s0, pc - 20
core   0: 3 0x800012fc (0xf475)
core   0: 0x800012fe (0x03af38b3) mulhu   a7, t5, s10
core   0: 3 0x800012fe (0x03af38b3) x17 0x00000000
core   0: 0x80001302 (0xfde492e3) bne     s1, t5, pc - 60
core   0: 3 0x80001302 (0xfde492e3)
core   0: 0x800012c6 (0x038a62b3) rem     t0, s4, s8
core   0: 3 0x800012c6 (0x038a62b3) x5  0xfffff863
core   0: 0x800012ca (0x8dda8a93) addi    s5, s5, -1827
core   0: 3 0x800012ca (0x8dda8a93) x21 0xffffce0b
core   0: 0x800012ce (0x00000485) c.addi  s1, 1
core   0: 3 0x800012ce (0x0485) x9  0x00000003
core   0: 0x800012d0 (0x01299813) slli    a6, s3, 18
core   0: 3 0x800012d0 (0x01299813) x16 0x10c40000
core   0: 0x800012d4 (0x0000440d) c.li    s0, 3
core   0: 3 0x800012d4 (0x440d) x8  0x00000003
core   0: 0x800012d6 (0x0341c3b3) div     t2, gp, s4
core   0: 3 0x800012d6 (0x0341c3b3) x7  0x00000000
core   0: 0x800012da (0x00008cfa) c.mv    s9, t5
core   0: 3 0x800012da (0x8cfa) x25 0x00000003
core   0: 0x800012dc (0x00000001) c.nop
core   0: 3 0x800012dc (0x0001)
core   0: 0x800012de (0x02763a33) mulhu   s4, a2, t2
core   0: 3 0x800012de (0x02763a33) x20 0x00000000
core   0: 0x800012e2 (0x00008dc1) c.or    a1, s0
core   0: 3 0x800012e2 (0x8dc1) x11 0x0000000f
core   0: 0x800012e4 (0x92b24c13) xori    s8, tp, -1749
core   0: 3 0x800012e4 (0x92b24c13) x24 0x7ffd640f
core   0: 0x800012e8 (0x00008f41) c.or    a4, s0
core   0: 3 0x800012e8 (0x8f41) x14 0xffffff6b
core   0: 0x800012ea (0x00001475) c.addi  s0, -3
core   0: 3 0x800012ea (0x1475) x8  0x00000000
core   0: 0x800012ec (0x98ade093) ori     ra, s11, -1654
core   0: 3 0x800012ec (0x98ade093) x1  0xfffff99a
core   0: 0x800012f0 (0x864b6613) ori     a2, s6, -1948
core   0: 3 0x800012f0 (0x864b6613) x12 0xfffff864
core   0: 0x800012f4 (0x54c38893) addi    a7, t2, 1356
core   0: 3 0x800012f4 (0x54c38893) x17 0x0000054c
core   0: 0x800012f8 (0x4127dd33) sra     s10, a5, s2
core   0: 3 0x800012f8 (0x4127dd33) x26 0x183d25b7
core   0: 0x800012fc (0x0000f475) c.bnez  s0, pc - 20
core   0: 3 0x800012fc (0xf475)
core   0: 0x800012fe (0x03af38b3) mulhu   a7, t5, s10
core   0: 3 0x800012fe (0x03af38b3) x17 0x00000000
core   0: 0x80001302 (0xfde492e3) bne     s1, t5, pc - 60
core   0: 3 0x80001302 (0xfde492e3)
core   0: 0x80001306 (0x014ba833) slt     a6, s7, s4
core   0: 3 0x80001306 (0x014ba833) x16 0x00000001
core   0: 0x8000130a (0x00004f1d) c.li    t5, 7
core   0: 3 0x8000130a (0x4f1d) x30 0x00000007
core   0: 0x8000130c (0x000089c9) c.andi  a1, 18
core   0: 3 0x8000130c (0x89c9) x11 0x00000002
core   0: 0x8000130e (0xc85fe2b7) lui     t0, 0xc85fe
core   0: 3 0x8000130e (0xc85fe2b7) x5  0xc85fe000
core   0: 0x80001312 (0x41e358b3) sra     a7, t1, t5
core   0: 3 0x80001312 (0x41e358b3) x17 0xfffffffe
core   0: 0x80001316 (0x0000412d) c.li    sp, 11
core   0: 3 0x80001316 (0x412d) x2  0x0000000b
core   0: 0x80001318 (0x5f098037) lui     zero, 0x5f098
core   0: 3 0x80001318 (0x5f098037)
core   0: 0x8000131c (0x41978c33) sub     s8, a5, s9
core   0: 3 0x8000131c (0x41978c33) x24 0x307a4b6c
core   0: 0x80001320 (0x408edb33) sra     s6, t4, s0
core   0: 3 0x80001320 (0x408edb33) x22 0x307a4b70
core   0: 0x80001324 (0x0000997d) c.andi  a0, -1
core   0: 3 0x80001324 (0x997d) x10 0x00000000
core   0: 0x80001326 (0x000087f9) c.srai  a5, 30
core   0: 3 0x80001326 (0x87f9) x15 0x00000000
core   0: 0x80001328 (0x00001dfd) c.addi  s11, -1
core   0: 3 0x80001328 (0x1dfd) x27 0x00000011
core   0: 0x8000132a (0x2c2aa893) slti    a7, s5, 706
core   0: 3 0x8000132a (0x2c2aa893) x17 0x00000001
core   0: 0x8000132e (0xecb15417) auipc   s0, 0xecb15
core   0: 3 0x8000132e (0xecb15417) x8  0x6cb1632e
core   0: 0x80001332 (0x00000f19) c.addi  t5, 6
core   0: 3 0x80001332 (0x0f19) x30 0x0000000d
core   0: 0x80001334 (0x017f4fb3) xor     t6, t5, s7
core   0: 3 0x80001334 (0x017f4fb3) x31 0xffffff23
core   0: 0x80001338 (0x00008865) c.andi  s0, 25
core   0: 3 0x80001338 (0x8865) x8  0x00000008
core   0: 0x8000133a (0x00000662) c.slli  a2, 24
core   0: 3 0x8000133a (0x0662) x12 0x64000000
core   0: 0x8000133c (0x000bf333) and     t1, s7, zero
core   0: 3 0x8000133c (0x000bf333) x6  0x00000000
core   0: 0x80001340 (0xfe2f64e3) bltu    t5, sp, pc - 24
core   0: 3 0x80001340 (0xfe2f64e3)
core   0: 0x80001344 (0x00000001) c.nop
core   0: 3 0x80001344 (0x0001)
core   0: 0x80001346 (0x0000439d) c.li    t2, 7
core   0: 3 0x80001346 (0x439d) x7  0x00000007
core   0: 0x80001348 (0x00008df9) c.and   a1, a4
core   0: 3 0x80001348 (0x8df9) x11 0x00000002
core   0: 0x8000134a (0x0000442d) c.li    s0, 11
core   0: 3 0x8000134a (0x442d) x8  0x0000000b
core   0: 0x8000134c (0xbf8e5717) auipc   a4, 0xbf8e5
core   0: 3 0x8000134c (0xbf8e5717) x14 0x3f8e634c
core   0: 0x80001350 (0x01408f33) add     t5, ra, s4
core   0: 3 0x80001350 (0x01408f33) x30 0xfffff99a
core   0: 0x80001354 (0x031fab33) mulhsu  s6, t6, a7
core   0: 3 0x80001354 (0x031fab33) x22 0xffffffff
core   0: 0x80001358 (0x00cc38b3) sltu    a7, s8, a2
core   0: 3 0x80001358 (0x00cc38b3) x17 0x00000001
core   0: 0x8000135c (0x00005ffd) c.li    t6, -1
core   0: 3 0x8000135c (0x5ffd) x31 0xffffffff
core   0: 0x8000135e (0x013e8633) add     a2, t4, s3
core   0: 3 0x8000135e (0x013e8633) x12 0x307a4fa1
core   0: 0x80001362 (0x0000038d) c.addi  t2, 3
core   0: 3 0x80001362 (0x038d) x7  0x0000000a
core   0: 0x80001364 (0x000050e9) c.li    ra, -6
core   0: 3 0x80001364 (0x50e9) x1  0xfffffffa
core   0: 0x80001366 (0x0000877d) c.srai  a4, 31
core   0: 3 0x80001366 (0x877d) x14 0x00000000
core   0: 0x80001368 (0x00005841) c.li    a6, -16
core   0: 3 0x80001368 (0x5841) x16 0xfffffff0
core   0: 0x8000136a (0xdbbb8713) addi    a4, s7, -581
core   0: 3 0x8000136a (0xdbbb8713) x14 0xfffffce9
core   0: 0x8000136e (0x41138a33) sub     s4, t2, a7
core   0: 3 0x8000136e (0x41138a33) x20 0x00000009
core   0: 0x80001372 (0x188de613) ori     a2, s11, 392
core   0: 3 0x80001372 (0x188de613) x12 0x00000199
core   0: 0x80001376 (0x000084f9) c.srai  s1, 30
core   0: 3 0x80001376 (0x84f9) x9  0x00000000
core   0: 0x80001378 (0x000010ed) c.addi  ra, -5
core   0: 3 0x80001378 (0x10ed) x1  0xfffffff5
core   0: 0x8000137a (0x018711b3) sll     gp, a4, s8
core   0: 3 0x8000137a (0x018711b3) x3  0xffce9000
core   0: 0x8000137e (0x000099fd) c.andi  a1, -1
core   0: 3 0x8000137e (0x99fd) x11 0x00000002
core   0: 0x80001380 (0x00008ead) c.xor   a3, a1
core   0: 3 0x80001380 (0x8ead) x13 0xfffffffd
core   0: 0x80001382 (0xff00d6e3) bge     ra, a6, pc - 20
core   0: 3 0x80001382 (0xff00d6e3)
core   0: 0x8000136e (0x41138a33) sub     s4, t2, a7
core   0: 3 0x8000136e (0x41138a33) x20 0x00000009
core   0: 0x80001372 (0x188de613) ori     a2, s11, 392
core   0: 3 0x80001372 (0x188de613) x12 0x00000199
core   0: 0x80001376 (0x000084f9) c.srai  s1, 30
core   0: 3 0x80001376 (0x84f9) x9  0x00000000
core   0: 0x80001378 (0x000010ed) c.addi  ra, -5
core   0: 3 0x80001378 (0x10ed) x1  0xfffffff0
core   0: 0x8000137a (0x018711b3) sll     gp, a4, s8
core   0: 3 0x8000137a (0x018711b3) x3  0xffce9000
core   0: 0x8000137e (0x000099fd) c.andi  a1, -1
core   0: 3 0x8000137e (0x99fd) x11 0x00000002
core   0: 0x80001380 (0x00008ead) c.xor   a3, a1
core   0: 3 0x80001380 (0x8ead) x13 0xffffffff
core   0: 0x80001382 (0xff00d6e3) bge     ra, a6, pc - 20
core   0: 3 0x80001382 (0xff00d6e3)
core   0: 0x8000136e (0x41138a33) sub     s4, t2, a7
core   0: 3 0x8000136e (0x41138a33) x20 0x00000009
core   0: 0x80001372 (0x188de613) ori     a2, s11, 392
core   0: 3 0x80001372 (0x188de613) x12 0x00000199
core   0: 0x80001376 (0x000084f9) c.srai  s1, 30
core   0: 3 0x80001376 (0x84f9) x9  0x00000000
core   0: 0x80001378 (0x000010ed) c.addi  ra, -5
core   0: 3 0x80001378 (0x10ed) x1  0xffffffeb
core   0: 0x8000137a (0x018711b3) sll     gp, a4, s8
core   0: 3 0x8000137a (0x018711b3) x3  0xffce9000
core   0: 0x8000137e (0x000099fd) c.andi  a1, -1
core   0: 3 0x8000137e (0x99fd) x11 0x00000002
core   0: 0x80001380 (0x00008ead) c.xor   a3, a1
core   0: 3 0x80001380 (0x8ead) x13 0xfffffffd
core   0: 0x80001382 (0xff00d6e3) bge     ra, a6, pc - 20
core   0: 3 0x80001382 (0xff00d6e3)
core   0: 0x80001386 (0x01b32a17) auipc   s4, 0x1b32
core   0: 3 0x80001386 (0x01b32a17) x20 0x81b33386
core   0: 0x8000138a (0x40c604b3) sub     s1, a2, a2
core   0: 3 0x8000138a (0x40c604b3) x9  0x00000000
core   0: 0x8000138e (0x03569b33) mulh    s6, a3, s5
core   0: 3 0x8000138e (0x03569b33) x22 0x00000000
core   0: 0x80001392 (0x01908fb3) add     t6, ra, s9
core   0: 3 0x80001392 (0x01908fb3) x31 0xffffffee
core   0: 0x80001396 (0x01b9a2b3) slt     t0, s3, s11
core   0: 3 0x80001396 (0x01b9a2b3) x5  0x00000000
core   0: 0x8000139a (0x0000814d) c.srli  a0, 19
core   0: 3 0x8000139a (0x814d) x10 0x00000000
core   0: 0x8000139c (0x03c53fb3) mulhu   t6, a0, t3
core   0: 3 0x8000139c (0x03c53fb3) x31 0x00000000
core   0: 0x800013a0 (0x03b2e033) rem     zero, t0, s11
core   0: 3 0x800013a0 (0x03b2e033)
core   0: 0x800013a4 (0xfa83ede3) bltu    t2, s0, pc - 70
core   0: 3 0x800013a4 (0xfa83ede3)
core   0: 0x8000135e (0x013e8633) add     a2, t4, s3
core   0: 3 0x8000135e (0x013e8633) x12 0x307a4fa1
core   0: 0x80001362 (0x0000038d) c.addi  t2, 3
core   0: 3 0x80001362 (0x038d) x7  0x0000000d
core   0: 0x80001364 (0x000050e9) c.li    ra, -6
core   0: 3 0x80001364 (0x50e9) x1  0xfffffffa
core   0: 0x80001366 (0x0000877d) c.srai  a4, 31
core   0: 3 0x80001366 (0x877d) x14 0xffffffff
core   0: 0x80001368 (0x00005841) c.li    a6, -16
core   0: 3 0x80001368 (0x5841) x16 0xfffffff0
core   0: 0x8000136a (0xdbbb8713) addi    a4, s7, -581
core   0: 3 0x8000136a (0xdbbb8713) x14 0xfffffce9
core   0: 0x8000136e (0x41138a33) sub     s4, t2, a7
core   0: 3 0x8000136e (0x41138a33) x20 0x0000000c
core   0: 0x80001372 (0x188de613) ori     a2, s11, 392
core   0: 3 0x80001372 (0x188de613) x12 0x00000199
core   0: 0x80001376 (0x000084f9) c.srai  s1, 30
core   0: 3 0x80001376 (0x84f9) x9  0x00000000
core   0: 0x80001378 (0x000010ed) c.addi  ra, -5
core   0: 3 0x80001378 (0x10ed) x1  0xfffffff5
core   0: 0x8000137a (0x018711b3) sll     gp, a4, s8
core   0: 3 0x8000137a (0x018711b3) x3  0xffce9000
core   0: 0x8000137e (0x000099fd) c.andi  a1, -1
core   0: 3 0x8000137e (0x99fd) x11 0x00000002
core   0: 0x80001380 (0x00008ead) c.xor   a3, a1
core   0: 3 0x80001380 (0x8ead) x13 0xffffffff
core   0: 0x80001382 (0xff00d6e3) bge     ra, a6, pc - 20
core   0: 3 0x80001382 (0xff00d6e3)
core   0: 0x8000136e (0x41138a33) sub     s4, t2, a7
core   0: 3 0x8000136e (0x41138a33) x20 0x0000000c
core   0: 0x80001372 (0x188de613) ori     a2, s11, 392
core   0: 3 0x80001372 (0x188de613) x12 0x00000199
core   0: 0x80001376 (0x000084f9) c.srai  s1, 30
core   0: 3 0x80001376 (0x84f9) x9  0x00000000
core   0: 0x80001378 (0x000010ed) c.addi  ra, -5
core   0: 3 0x80001378 (0x10ed) x1  0xfffffff0
core   0: 0x8000137a (0x018711b3) sll     gp, a4, s8
core   0: 3 0x8000137a (0x018711b3) x3  0xffce9000
core   0: 0x8000137e (0x000099fd) c.andi  a1, -1
core   0: 3 0x8000137e (0x99fd) x11 0x00000002
core   0: 0x80001380 (0x00008ead) c.xor   a3, a1
core   0: 3 0x80001380 (0x8ead) x13 0xfffffffd
core   0: 0x80001382 (0xff00d6e3) bge     ra, a6, pc - 20
core   0: 3 0x80001382 (0xff00d6e3)
core   0: 0x8000136e (0x41138a33) sub     s4, t2, a7
core   0: 3 0x8000136e (0x41138a33) x20 0x0000000c
core   0: 0x80001372 (0x188de613) ori     a2, s11, 392
core   0: 3 0x80001372 (0x188de613) x12 0x00000199
core   0: 0x80001376 (0x000084f9) c.srai  s1, 30
core   0: 3 0x80001376 (0x84f9) x9  0x00000000
core   0: 0x80001378 (0x000010ed) c.addi  ra, -5
core   0: 3 0x80001378 (0x10ed) x1  0xffffffeb
core   0: 0x8000137a (0x018711b3) sll     gp, a4, s8
core   0: 3 0x8000137a (0x018711b3) x3  0xffce9000
core   0: 0x8000137e (0x000099fd) c.andi  a1, -1
core   0: 3 0x8000137e (0x99fd) x11 0x00000002
core   0: 0x80001380 (0x00008ead) c.xor   a3, a1
core   0: 3 0x80001380 (0x8ead) x13 0xffffffff
core   0: 0x80001382 (0xff00d6e3) bge     ra, a6, pc - 20
core   0: 3 0x80001382 (0xff00d6e3)
core   0: 0x80001386 (0x01b32a17) auipc   s4, 0x1b32
core   0: 3 0x80001386 (0x01b32a17) x20 0x81b33386
core   0: 0x8000138a (0x40c604b3) sub     s1, a2, a2
core   0: 3 0x8000138a (0x40c604b3) x9  0x00000000
core   0: 0x8000138e (0x03569b33) mulh    s6, a3, s5
core   0: 3 0x8000138e (0x03569b33) x22 0x00000000
core   0: 0x80001392 (0x01908fb3) add     t6, ra, s9
core   0: 3 0x80001392 (0x01908fb3) x31 0xffffffee
core   0: 0x80001396 (0x01b9a2b3) slt     t0, s3, s11
core   0: 3 0x80001396 (0x01b9a2b3) x5  0x00000000
core   0: 0x8000139a (0x0000814d) c.srli  a0, 19
core   0: 3 0x8000139a (0x814d) x10 0x00000000
core   0: 0x8000139c (0x03c53fb3) mulhu   t6, a0, t3
core   0: 3 0x8000139c (0x03c53fb3) x31 0x00000000
core   0: 0x800013a0 (0x03b2e033) rem     zero, t0, s11
core   0: 3 0x800013a0 (0x03b2e033)
core   0: 0x800013a4 (0xfa83ede3) bltu    t2, s0, pc - 70
core   0: 3 0x800013a4 (0xfa83ede3)
core   0: 0x800013a8 (0x00008969) c.andi  a0, 26
core   0: 3 0x800013a8 (0x8969) x10 0x00000000
core   0: 0x800013aa (0x0000410d) c.li    sp, 3
core   0: 3 0x800013aa (0x410d) x2  0x00000003
core   0: 0x800013ac (0x030d59b3) divu    s3, s10, a6
core   0: 3 0x800013ac (0x030d59b3) x19 0x00000000
core   0: 0x800013b0 (0x03784ab3) div     s5, a6, s7
core   0: 3 0x800013b0 (0x03784ab3) x21 0x00000000
core   0: 0x800013b4 (0x000051b9) c.li    gp, -18
core   0: 3 0x800013b4 (0x51b9) x3  0xffffffee
core   0: 0x800013b6 (0x00001f7d) c.addi  t5, -1
core   0: 3 0x800013b6 (0x1f7d) x30 0xfffff999
core   0: 0x800013b8 (0x01103ab3) snez    s5, a7
core   0: 3 0x800013b8 (0x01103ab3) x21 0x00000001
core   0: 0x800013bc (0x00008df5) c.and   a1, a3
core   0: 3 0x800013bc (0x8df5) x11 0x00000002
core   0: 0x800013be (0xc0826613) ori     a2, tp, -1016
core   0: 3 0x800013be (0xc0826613) x12 0xfffffd2c
core   0: 0x800013c2 (0x01db43b3) xor     t2, s6, t4
core   0: 3 0x800013c2 (0x01db43b3) x7  0x307a4b70
core   0: 0x800013c6 (0x00001165) c.addi  sp, -7
core   0: 3 0x800013c6 (0x1165) x2  0xfffffffc
core   0: 0x800013c8 (0x00005465) c.li    s0, -7
core   0: 3 0x800013c8 (0x5465) x8  0xfffffff9
core   0: 0x800013ca (0xcf9cea93) ori     s5, s9, -775
core   0: 3 0x800013ca (0xcf9cea93) x21 0xfffffcfb
core   0: 0x800013ce (0x000060b1) c.lui   ra, 0xc
core   0: 3 0x800013ce (0x60b1) x1  0x0000c000
core   0: 0x800013d0 (0x000056f1) c.li    a3, -4
core   0: 3 0x800013d0 (0x56f1) x13 0xfffffffc
core   0: 0x800013d2 (0xa9c5a913) slti    s2, a1, -1380
core   0: 3 0x800013d2 (0xa9c5a913) x18 0x00000000
core   0: 0x800013d6 (0x0000040d) c.addi  s0, 3
core   0: 3 0x800013d6 (0x040d) x8  0xfffffffc
core   0: 0x800013d8 (0xfed40de3) beq     s0, a3, pc - 6
core   0: 3 0x800013d8 (0xfed40de3)
core   0: 0x800013d2 (0xa9c5a913) slti    s2, a1, -1380
core   0: 3 0x800013d2 (0xa9c5a913) x18 0x00000000
core   0: 0x800013d6 (0x0000040d) c.addi  s0, 3
core   0: 3 0x800013d6 (0x040d) x8  0xffffffff
core   0: 0x800013d8 (0xfed40de3) beq     s0, a3, pc - 6
core   0: 3 0x800013d8 (0xfed40de3)
core   0: 0x800013dc (0x028454b3) divu    s1, s0, s0
core   0: 3 0x800013dc (0x028454b3) x9  0x00000001
core   0: 0x800013e0 (0x000009c6) c.slli  s3, 17
core   0: 3 0x800013e0 (0x09c6) x19 0x00000000
core   0: 0x800013e2 (0xfc310de3) beq     sp, gp, pc - 38
core   0: 3 0x800013e2 (0xfc310de3)
core   0: 0x800013e6 (0x78582093) slti    ra, a6, 1925
core   0: 3 0x800013e6 (0x78582093) x1  0x00000001
core   0: 0x800013ea (0x00004b81) c.li    s7, 0
core   0: 3 0x800013ea (0x4b81) x23 0x00000000
core   0: 0x800013ec (0xedb7ac93) slti    s9, a5, -293
core   0: 3 0x800013ec (0xedb7ac93) x25 0x00000000
core   0: 0x800013f0 (0x00ba5913) srli    s2, s4, 11
core   0: 3 0x800013f0 (0x00ba5913) x18 0x00103666
core   0: 0x800013f4 (0x40d587b3) sub     a5, a1, a3
core   0: 3 0x800013f4 (0x40d587b3) x15 0x00000006
core   0: 0x800013f8 (0x02df46b3) div     a3, t5, a3
core   0: 3 0x800013f8 (0x02df46b3) x13 0x00000199
core   0: 0x800013fc (0x000042b5) c.li    t0, 13
core   0: 3 0x800013fc (0x42b5) x5  0x0000000d
core   0: 0x800013fe (0x02ffcc33) div     s8, t6, a5
core   0: 3 0x800013fe (0x02ffcc33) x24 0x00000000
core   0: 0x80001402 (0x026fc6b3) div     a3, t6, t1
core   0: 3 0x80001402 (0x026fc6b3) x13 0xffffffff
core   0: 0x80001406 (0x0000615d) c.addi16sp sp, 432
core   0: 3 0x80001406 (0x615d) x2  0x000001ac
core   0: 0x80001408 (0x00000ba9) c.addi  s7, 10
core   0: 3 0x80001408 (0x0ba9) x23 0x0000000a
core   0: 0x8000140a (0x03042033) mulhsu  zero, s0, a6
core   0: 3 0x8000140a (0x03042033)
core   0: 0x8000140e (0x0000893d) c.andi  a0, 15
core   0: 3 0x8000140e (0x893d) x10 0x00000000
core   0: 0x80001410 (0x00000001) c.nop
core   0: 3 0x80001410 (0x0001)
core   0: 0x80001412 (0x00001990) c.addi4spn a2, sp, 240
core   0: 3 0x80001412 (0x1990) x12 0x0000029c
core   0: 0x80001414 (0x00000001) c.nop
core   0: 3 0x80001414 (0x0001)
core   0: 0x80001416 (0x405bdcb3) sra     s9, s7, t0
core   0: 3 0x80001416 (0x405bdcb3) x25 0x00000000
core   0: 0x8000141a (0x02f4f033) remu    zero, s1, a5
core   0: 3 0x8000141a (0x02f4f033)
core   0: 0x8000141e (0xfe5be2e3) bltu    s7, t0, pc - 28
core   0: 3 0x8000141e (0xfe5be2e3)
core   0: 0x80001402 (0x026fc6b3) div     a3, t6, t1
core   0: 3 0x80001402 (0x026fc6b3) x13 0xffffffff
core   0: 0x80001406 (0x0000615d) c.addi16sp sp, 432
core   0: 3 0x80001406 (0x615d) x2  0x0000035c
core   0: 0x80001408 (0x00000ba9) c.addi  s7, 10
core   0: 3 0x80001408 (0x0ba9) x23 0x00000014
core   0: 0x8000140a (0x03042033) mulhsu  zero, s0, a6
core   0: 3 0x8000140a (0x03042033)
core   0: 0x8000140e (0x0000893d) c.andi  a0, 15
core   0: 3 0x8000140e (0x893d) x10 0x00000000
core   0: 0x80001410 (0x00000001) c.nop
core   0: 3 0x80001410 (0x0001)
core   0: 0x80001412 (0x00001990) c.addi4spn a2, sp, 240
core   0: 3 0x80001412 (0x1990) x12 0x0000044c
core   0: 0x80001414 (0x00000001) c.nop
core   0: 3 0x80001414 (0x0001)
core   0: 0x80001416 (0x405bdcb3) sra     s9, s7, t0
core   0: 3 0x80001416 (0x405bdcb3) x25 0x00000000
core   0: 0x8000141a (0x02f4f033) remu    zero, s1, a5
core   0: 3 0x8000141a (0x02f4f033)
core   0: 0x8000141e (0xfe5be2e3) bltu    s7, t0, pc - 28
core   0: 3 0x8000141e (0xfe5be2e3)
core   0: 0x80001422 (0x00009b7d) c.andi  a4, -1
core   0: 3 0x80001422 (0x9b7d) x14 0xfffffce9
core   0: 0x80001424 (0x0000567d) c.li    a2, -1
core   0: 3 0x80001424 (0x567d) x12 0xffffffff
core   0: 0x80001426 (0x00954a33) xor     s4, a0, s1
core   0: 3 0x80001426 (0x00954a33) x20 0x00000001
core   0: 0x8000142a (0x0000954e) c.add   a0, s3
core   0: 3 0x8000142a (0x954e) x10 0x00000000
core   0: 0x8000142c (0x00000001) c.nop
core   0: 3 0x8000142c (0x0001)
core   0: 0x8000142e (0x00acd093) srli    ra, s9, 10
core   0: 3 0x8000142e (0x00acd093) x1  0x00000000
core   0: 0x80001432 (0x03feecb3) rem     s9, t4, t6
core   0: 3 0x80001432 (0x03feecb3) x25 0x307a4b70
core   0: 0x80001436 (0x00000001) c.nop
core   0: 3 0x80001436 (0x0001)
core   0: 0x80001438 (0x023572b3) remu    t0, a0, gp
core   0: 3 0x80001438 (0x023572b3) x5  0x00000000
core   0: 0x8000143c (0x00008bf9) c.andi  a5, 30
core   0: 3 0x8000143c (0x8bf9) x15 0x00000006
core   0: 0x8000143e (0x00000605) c.addi  a2, 1
core   0: 3 0x8000143e (0x0605) x12 0x00000000
core   0: 0x80001440 (0x0000717d) c.addi16sp sp, -16
core   0: 3 0x80001440 (0x717d) x2  0x0000034c
core   0: 0x80001442 (0x00004c29) c.li    s8, 10
core   0: 3 0x80001442 (0x4c29) x24 0x0000000a
core   0: 0x80001444 (0x000061ad) c.lui   gp, 0xb
core   0: 3 0x80001444 (0x61ad) x3  0x0000b000
core   0: 0x80001446 (0x000045a9) c.li    a1, 10
core   0: 3 0x80001446 (0x45a9) x11 0x0000000a
core   0: 0x80001448 (0x00febd33) sltu    s10, t4, a5
core   0: 3 0x80001448 (0x00febd33) x26 0x00000000
core   0: 0x8000144c (0xe8babd97) auipc   s11, 0xe8bab
core   0: 3 0x8000144c (0xe8babd97) x27 0x68bac44c
core   0: 0x80001450 (0xe7a4e813) ori     a6, s1, -390
core   0: 3 0x80001450 (0xe7a4e813) x16 0xfffffe7b
core   0: 0x80001454 (0x00001c5d) c.addi  s8, -9
core   0: 3 0x80001454 (0x1c5d) x24 0x00000001
core   0: 0x80001456 (0xf28d2b93) slti    s7, s10, -216
core   0: 3 0x80001456 (0xf28d2b93) x23 0x00000000
core   0: 0x8000145a (0xfebc77e3) bgeu    s8, a1, pc - 18
core   0: 3 0x8000145a (0xfebc77e3)
core   0: 0x8000145e (0x000004d2) c.slli  s1, 20
core   0: 3 0x8000145e (0x04d2) x9  0x00100000
core   0: 0x80001460 (0x002e5713) srli    a4, t3, 2
core   0: 3 0x80001460 (0x002e5713) x14 0x200097a9
core   0: 0x80001464 (0x0000fa71) c.bnez  a2, pc - 44
core   0: 3 0x80001464 (0xfa71)
core   0: 0x80001466 (0x03042433) mulhsu  s0, s0, a6
core   0: 3 0x80001466 (0x03042433) x8  0xffffffff
core   0: 0x8000146a (0x0000577d) c.li    a4, -1
core   0: 3 0x8000146a (0x577d) x14 0xffffffff
core   0: 0x8000146c (0x000083a1) c.srli  a5, 8
core   0: 3 0x8000146c (0x83a1) x15 0x00000000
core   0: 0x8000146e (0x03692333) mulhsu  t1, s2, s6
core   0: 3 0x8000146e (0x03692333) x6  0x00000000
core   0: 0x80001472 (0x6c572a93) slti    s5, a4, 1733
core   0: 3 0x80001472 (0x6c572a93) x21 0x00000001
core   0: 0x80001476 (0x00008fae) c.mv    t6, a1
core   0: 3 0x80001476 (0x8fae) x31 0x0000000a
core   0: 0x80001478 (0x00005635) c.li    a2, -19
core   0: 3 0x80001478 (0x5635) x12 0xffffffed
core   0: 0x8000147a (0x47407813) andi    a6, zero, 1140
core   0: 3 0x8000147a (0x47407813) x16 0x00000000
core   0: 0x8000147e (0xa6433c13) sltiu   s8, t1, -1436
core   0: 3 0x8000147e (0xa6433c13) x24 0x00000001
core   0: 0x80001482 (0x01f99fb3) sll     t6, s3, t6
core   0: 3 0x80001482 (0x01f99fb3) x31 0x00000000
core   0: 0x80001486 (0x41dc5893) srai    a7, s8, 29
core   0: 3 0x80001486 (0x41dc5893) x17 0x00000000
core   0: 0x8000148a (0xa4fe7a13) andi    s4, t3, -1457
core   0: 3 0x8000148a (0xa4fe7a13) x20 0x80025a04
core   0: 0x8000148e (0x00000001) c.nop
core   0: 3 0x8000148e (0x0001)
core   0: 0x80001490 (0x00008ef5) c.and   a3, a3
core   0: 3 0x80001490 (0x8ef5) x13 0xffffffff
core   0: 0x80001492 (0x00008c79) c.and   s0, a4
core   0: 3 0x80001492 (0x8c79) x8  0xffffffff
core   0: 0x80001494 (0x000015fd) c.addi  a1, -1
core   0: 3 0x80001494 (0x15fd) x11 0x00000009
core   0: 0x80001496 (0x00001769) c.addi  a4, -6
core   0: 3 0x80001496 (0x1769) x14 0xfffffff9
core   0: 0x80001498 (0x035847b3) div     a5, a6, s5
core   0: 3 0x80001498 (0x035847b3) x15 0x00000000
core   0: 0x8000149c (0x00001d08) c.addi4spn a0, sp, 688
core   0: 3 0x8000149c (0x1d08) x10 0x000005fc
core   0: 0x8000149e (0x406dd2b3) sra     t0, s11, t1
core   0: 3 0x8000149e (0x406dd2b3) x5  0x68bac44c
core   0: 0x800014a2 (0x00008d41) c.or    a0, s0
core   0: 3 0x800014a2 (0x8d41) x10 0xffffffff
core   0: 0x800014a4 (0x0156e433) or      s0, a3, s5
core   0: 3 0x800014a4 (0x0156e433) x8  0xffffffff
core   0: 0x800014a8 (0x00000001) c.nop
core   0: 3 0x800014a8 (0x0001)
core   0: 0x800014aa (0xfec703e3) beq     a4, a2, pc - 26
core   0: 3 0x800014aa (0xfec703e3)
core   0: 0x800014ae (0x000083f1) c.srli  a5, 28
core   0: 3 0x800014ae (0x83f1) x15 0x00000000
core   0: 0x800014b0 (0x00005aed) c.li    s5, -5
core   0: 3 0x800014b0 (0x5aed) x21 0xfffffffb
core   0: 0x800014b2 (0x40194693) xori    a3, s2, 1025
core   0: 3 0x800014b2 (0x40194693) x13 0x00103267
core   0: 0x800014b6 (0x03dfbfb3) mulhu   t6, t6, t4
core   0: 3 0x800014b6 (0x03dfbfb3) x31 0x00000000
core   0: 0x800014ba (0x00000bc5) c.addi  s7, 17
core   0: 3 0x800014ba (0x0bc5) x23 0x00000011
core   0: 0x800014bc (0x0000555d) c.li    a0, -9
core   0: 3 0x800014bc (0x555d) x10 0xfffffff7
core   0: 0x800014be (0x6f944f13) xori    t5, s0, 1785
core   0: 3 0x800014be (0x6f944f13) x30 0xfffff906
core   0: 0x800014c2 (0x00000898) c.addi4spn a4, sp, 80
core   0: 3 0x800014c2 (0x0898) x14 0x0000039c
core   0: 0x800014c4 (0x47c3c913) xori    s2, t2, 1148
core   0: 3 0x800014c4 (0x47c3c913) x18 0x307a4f0c
core   0: 0x800014c8 (0x03c706b3) mul     a3, a4, t3
core   0: 3 0x800014c8 (0x03c706b3) x13 0x088d97f0
core   0: 0x800014cc (0x0000151c) c.addi4spn a5, sp, 672
core   0: 3 0x800014cc (0x151c) x15 0x000005ec
core   0: 0x800014ce (0x00001af9) c.addi  s5, -2
core   0: 3 0x800014ce (0x1af9) x21 0xfffffff9
core   0: 0x800014d0 (0x00008c99) c.sub   s1, a4
core   0: 3 0x800014d0 (0x8c99) x9  0x000ffc64
core   0: 0x800014d2 (0x0103b633) sltu    a2, t2, a6
core   0: 3 0x800014d2 (0x0103b633) x12 0x00000000
core   0: 0x800014d6 (0x00004415) c.li    s0, 5
core   0: 3 0x800014d6 (0x4415) x8  0x00000005
core   0: 0x800014d8 (0x00000001) c.nop
core   0: 3 0x800014d8 (0x0001)
core   0: 0x800014da (0x00000001) c.nop
core   0: 3 0x800014da (0x0001)
core   0: 0x800014dc (0x01ffad33) slt     s10, t6, t6
core   0: 3 0x800014dc (0x01ffad33) x26 0x00000000
core   0: 0x800014e0 (0x6f582193) slti    gp, a6, 1781
core   0: 3 0x800014e0 (0x6f582193) x3  0x00000001
core   0: 0x800014e4 (0x0018c4b3) xor     s1, a7, ra
core   0: 3 0x800014e4 (0x0018c4b3) x9  0x00000000
core   0: 0x800014e8 (0x03a4ed33) rem     s10, s1, s10
core   0: 3 0x800014e8 (0x03a4ed33) x26 0x00000000
core   0: 0x800014ec (0x017e00b3) add     ra, t3, s7
core   0: 3 0x800014ec (0x017e00b3) x1  0x80025eb5
core   0: 0x800014f0 (0x0000147d) c.addi  s0, -1
core   0: 3 0x800014f0 (0x147d) x8  0x00000004
core   0: 0x800014f2 (0x00031d13) slli    s10, t1, 0
core   0: 3 0x800014f2 (0x00031d13) x26 0x00000000
core   0: 0x800014f6 (0x0000d47d) c.beqz  s0, pc - 18
core   0: 3 0x800014f6 (0xd47d)
core   0: 0x800014f8 (0x00008f0d) c.sub   a4, a1
core   0: 3 0x800014f8 (0x8f0d) x14 0x00000393
core   0: 0x800014fa (0x00005dfd) c.li    s11, -1
core   0: 3 0x800014fa (0x5dfd) x27 0xffffffff
core   0: 0x800014fc (0x014758b3) srl     a7, a4, s4
core   0: 3 0x800014fc (0x014758b3) x17 0x00000039
core   0: 0x80001500 (0xfcaa92e3) bne     s5, a0, pc - 60
core   0: 3 0x80001500 (0xfcaa92e3)
core   0: 0x800014c4 (0x47c3c913) xori    s2, t2, 1148
core   0: 3 0x800014c4 (0x47c3c913) x18 0x307a4f0c
core   0: 0x800014c8 (0x03c706b3) mul     a3, a4, t3
core   0: 3 0x800014c8 (0x03c706b3) x13 0x8878442c
core   0: 0x800014cc (0x0000151c) c.addi4spn a5, sp, 672
core   0: 3 0x800014cc (0x151c) x15 0x000005ec
core   0: 0x800014ce (0x00001af9) c.addi  s5, -2
core   0: 3 0x800014ce (0x1af9) x21 0xfffffff7
core   0: 0x800014d0 (0x00008c99) c.sub   s1, a4
core   0: 3 0x800014d0 (0x8c99) x9  0xfffffc6d
core   0: 0x800014d2 (0x0103b633) sltu    a2, t2, a6
core   0: 3 0x800014d2 (0x0103b633) x12 0x00000000
core   0: 0x800014d6 (0x00004415) c.li    s0, 5
core   0: 3 0x800014d6 (0x4415) x8  0x00000005
core   0: 0x800014d8 (0x00000001) c.nop
core   0: 3 0x800014d8 (0x0001)
core   0: 0x800014da (0x00000001) c.nop
core   0: 3 0x800014da (0x0001)
core   0: 0x800014dc (0x01ffad33) slt     s10, t6, t6
core   0: 3 0x800014dc (0x01ffad33) x26 0x00000000
core   0: 0x800014e0 (0x6f582193) slti    gp, a6, 1781
core   0: 3 0x800014e0 (0x6f582193) x3  0x00000001
core   0: 0x800014e4 (0x0018c4b3) xor     s1, a7, ra
core   0: 3 0x800014e4 (0x0018c4b3) x9  0x80025e8c
core   0: 0x800014e8 (0x03a4ed33) rem     s10, s1, s10
core   0: 3 0x800014e8 (0x03a4ed33) x26 0x80025e8c
core   0: 0x800014ec (0x017e00b3) add     ra, t3, s7
core   0: 3 0x800014ec (0x017e00b3) x1  0x80025eb5
core   0: 0x800014f0 (0x0000147d) c.addi  s0, -1
core   0: 3 0x800014f0 (0x147d) x8  0x00000004
core   0: 0x800014f2 (0x00031d13) slli    s10, t1, 0
core   0: 3 0x800014f2 (0x00031d13) x26 0x00000000
core   0: 0x800014f6 (0x0000d47d) c.beqz  s0, pc - 18
core   0: 3 0x800014f6 (0xd47d)
core   0: 0x800014f8 (0x00008f0d) c.sub   a4, a1
core   0: 3 0x800014f8 (0x8f0d) x14 0x0000038a
core   0: 0x800014fa (0x00005dfd) c.li    s11, -1
core   0: 3 0x800014fa (0x5dfd) x27 0xffffffff
core   0: 0x800014fc (0x014758b3) srl     a7, a4, s4
core   0: 3 0x800014fc (0x014758b3) x17 0x00000038
core   0: 0x80001500 (0xfcaa92e3) bne     s5, a0, pc - 60
core   0: 3 0x80001500 (0xfcaa92e3)
core   0: 0x80001504 (0x00008e05) c.sub   a2, s1
core   0: 3 0x80001504 (0x8e05) x12 0x7ffda174
core   0: 0x80001506 (0x00004499) c.li    s1, 6
core   0: 3 0x80001506 (0x4499) x9  0x00000006
core   0: 0x80001508 (0x00008fc1) c.or    a5, s0
core   0: 3 0x80001508 (0x8fc1) x15 0x000005ec
core   0: 0x8000150a (0x00005c45) c.li    s8, -15
core   0: 3 0x8000150a (0x5c45) x24 0xfffffff1
core   0: 0x8000150c (0x77847913) andi    s2, s0, 1912
core   0: 3 0x8000150c (0x77847913) x18 0x00000000
core   0: 0x80001510 (0x00006159) c.addi16sp sp, 400
core   0: 3 0x80001510 (0x6159) x2  0x000004dc
core   0: 0x80001512 (0x00000971) c.addi  s2, 28
core   0: 3 0x80001512 (0x0971) x18 0x0000001c
core   0: 0x80001514 (0x817ae393) ori     t2, s5, -2025
core   0: 3 0x80001514 (0x817ae393) x7  0xfffffff7
core   0: 0x80001518 (0x01b690b3) sll     ra, a3, s11
core   0: 3 0x80001518 (0x01b690b3) x1  0x00000000
core   0: 0x8000151c (0x000014e5) c.addi  s1, -7
core   0: 3 0x8000151c (0x14e5) x9  0xffffffff
core   0: 0x8000151e (0x924e8313) addi    t1, t4, -1756
core   0: 3 0x8000151e (0x924e8313) x6  0x307a4494
core   0: 0x80001522 (0x00004589) c.li    a1, 2
core   0: 3 0x80001522 (0x4589) x11 0x00000002
core   0: 0x80001524 (0x65f5b6b7) lui     a3, 0x65f5b
core   0: 3 0x80001524 (0x65f5b6b7) x13 0x65f5b000
core   0: 0x80001528 (0x00000001) c.nop
core   0: 3 0x80001528 (0x0001)
core   0: 0x8000152a (0xdc0db893) sltiu   a7, s11, -576
core   0: 3 0x8000152a (0xdc0db893) x17 0x00000000
core   0: 0x8000152e (0x00000001) c.nop
core   0: 3 0x8000152e (0x0001)
core   0: 0x80001530 (0x45d9b2b7) lui     t0, 0x45d9b
core   0: 3 0x80001530 (0x45d9b2b7) x5  0x45d9b000
core   0: 0x80001534 (0x0000942a) c.add   s0, a0
core   0: 3 0x80001534 (0x942a) x8  0xfffffffb
core   0: 0x80001536 (0x01a85a13) srli    s4, a6, 26
core   0: 3 0x80001536 (0x01a85a13) x20 0x00000000
core   0: 0x8000153a (0x013f2833) slt     a6, t5, s3
core   0: 3 0x8000153a (0x013f2833) x16 0x00000001
core   0: 0x8000153e (0x008b9413) slli    s0, s7, 8
core   0: 3 0x8000153e (0x008b9413) x8  0x00001100
core   0: 0x80001542 (0x000015f9) c.addi  a1, -2
core   0: 3 0x80001542 (0x15f9) x11 0x00000000
core   0: 0x80001544 (0x00006325) c.lui   t1, 0x9
core   0: 3 0x80001544 (0x6325) x6  0x00009000
core   0: 0x80001546 (0x0000f5ed) c.bnez  a1, pc - 22
core   0: 3 0x80001546 (0xf5ed)
core   0: 0x80001548 (0x24a0ad93) slti    s11, ra, 586
core   0: 3 0x80001548 (0x24a0ad93) x27 0x00000001
core   0: 0x8000154c (0x037c5db3) divu    s11, s8, s7
core   0: 3 0x8000154c (0x037c5db3) x27 0x0f0f0f0e
core   0: 0x80001550 (0x97ec4a93) xori    s5, s8, -1666
core   0: 3 0x80001550 (0x97ec4a93) x21 0x0000068f
core   0: 0x80001554 (0x40b75633) sra     a2, a4, a1
core   0: 3 0x80001554 (0x40b75633) x12 0x0000038a
core   0: 0x80001558 (0xfb849ee3) bne     s1, s8, pc - 68
core   0: 3 0x80001558 (0xfb849ee3)
core   0: 0x80001514 (0x817ae393) ori     t2, s5, -2025
core   0: 3 0x80001514 (0x817ae393) x7  0xfffffe9f
core   0: 0x80001518 (0x01b690b3) sll     ra, a3, s11
core   0: 3 0x80001518 (0x01b690b3) x1  0x6c000000
core   0: 0x8000151c (0x000014e5) c.addi  s1, -7
core   0: 3 0x8000151c (0x14e5) x9  0xfffffff8
core   0: 0x8000151e (0x924e8313) addi    t1, t4, -1756
core   0: 3 0x8000151e (0x924e8313) x6  0x307a4494
core   0: 0x80001522 (0x00004589) c.li    a1, 2
core   0: 3 0x80001522 (0x4589) x11 0x00000002
core   0: 0x80001524 (0x65f5b6b7) lui     a3, 0x65f5b
core   0: 3 0x80001524 (0x65f5b6b7) x13 0x65f5b000
core   0: 0x80001528 (0x00000001) c.nop
core   0: 3 0x80001528 (0x0001)
core   0: 0x8000152a (0xdc0db893) sltiu   a7, s11, -576
core   0: 3 0x8000152a (0xdc0db893) x17 0x00000001
core   0: 0x8000152e (0x00000001) c.nop
core   0: 3 0x8000152e (0x0001)
core   0: 0x80001530 (0x45d9b2b7) lui     t0, 0x45d9b
core   0: 3 0x80001530 (0x45d9b2b7) x5  0x45d9b000
core   0: 0x80001534 (0x0000942a) c.add   s0, a0
core   0: 3 0x80001534 (0x942a) x8  0x000010f7
core   0: 0x80001536 (0x01a85a13) srli    s4, a6, 26
core   0: 3 0x80001536 (0x01a85a13) x20 0x00000000
core   0: 0x8000153a (0x013f2833) slt     a6, t5, s3
core   0: 3 0x8000153a (0x013f2833) x16 0x00000001
core   0: 0x8000153e (0x008b9413) slli    s0, s7, 8
core   0: 3 0x8000153e (0x008b9413) x8  0x00001100
core   0: 0x80001542 (0x000015f9) c.addi  a1, -2
core   0: 3 0x80001542 (0x15f9) x11 0x00000000
core   0: 0x80001544 (0x00006325) c.lui   t1, 0x9
core   0: 3 0x80001544 (0x6325) x6  0x00009000
core   0: 0x80001546 (0x0000f5ed) c.bnez  a1, pc - 22
core   0: 3 0x80001546 (0xf5ed)
core   0: 0x80001548 (0x24a0ad93) slti    s11, ra, 586
core   0: 3 0x80001548 (0x24a0ad93) x27 0x00000000
core   0: 0x8000154c (0x037c5db3) divu    s11, s8, s7
core   0: 3 0x8000154c (0x037c5db3) x27 0x0f0f0f0e
core   0: 0x80001550 (0x97ec4a93) xori    s5, s8, -1666
core   0: 3 0x80001550 (0x97ec4a93) x21 0x0000068f
core   0: 0x80001554 (0x40b75633) sra     a2, a4, a1
core   0: 3 0x80001554 (0x40b75633) x12 0x0000038a
core   0: 0x80001558 (0xfb849ee3) bne     s1, s8, pc - 68
core   0: 3 0x80001558 (0xfb849ee3)
core   0: 0x80001514 (0x817ae393) ori     t2, s5, -2025
core   0: 3 0x80001514 (0x817ae393) x7  0xfffffe9f
core   0: 0x80001518 (0x01b690b3) sll     ra, a3, s11
core   0: 3 0x80001518 (0x01b690b3) x1  0x6c000000
core   0: 0x8000151c (0x000014e5) c.addi  s1, -7
core   0: 3 0x8000151c (0x14e5) x9  0xfffffff1
core   0: 0x8000151e (0x924e8313) addi    t1, t4, -1756
core   0: 3 0x8000151e (0x924e8313) x6  0x307a4494
core   0: 0x80001522 (0x00004589) c.li    a1, 2
core   0: 3 0x80001522 (0x4589) x11 0x00000002
core   0: 0x80001524 (0x65f5b6b7) lui     a3, 0x65f5b
core   0: 3 0x80001524 (0x65f5b6b7) x13 0x65f5b000
core   0: 0x80001528 (0x00000001) c.nop
core   0: 3 0x80001528 (0x0001)
core   0: 0x8000152a (0xdc0db893) sltiu   a7, s11, -576
core   0: 3 0x8000152a (0xdc0db893) x17 0x00000001
core   0: 0x8000152e (0x00000001) c.nop
core   0: 3 0x8000152e (0x0001)
core   0: 0x80001530 (0x45d9b2b7) lui     t0, 0x45d9b
core   0: 3 0x80001530 (0x45d9b2b7) x5  0x45d9b000
core   0: 0x80001534 (0x0000942a) c.add   s0, a0
core   0: 3 0x80001534 (0x942a) x8  0x000010f7
core   0: 0x80001536 (0x01a85a13) srli    s4, a6, 26
core   0: 3 0x80001536 (0x01a85a13) x20 0x00000000
core   0: 0x8000153a (0x013f2833) slt     a6, t5, s3
core   0: 3 0x8000153a (0x013f2833) x16 0x00000001
core   0: 0x8000153e (0x008b9413) slli    s0, s7, 8
core   0: 3 0x8000153e (0x008b9413) x8  0x00001100
core   0: 0x80001542 (0x000015f9) c.addi  a1, -2
core   0: 3 0x80001542 (0x15f9) x11 0x00000000
core   0: 0x80001544 (0x00006325) c.lui   t1, 0x9
core   0: 3 0x80001544 (0x6325) x6  0x00009000
core   0: 0x80001546 (0x0000f5ed) c.bnez  a1, pc - 22
core   0: 3 0x80001546 (0xf5ed)
core   0: 0x80001548 (0x24a0ad93) slti    s11, ra, 586
core   0: 3 0x80001548 (0x24a0ad93) x27 0x00000000
core   0: 0x8000154c (0x037c5db3) divu    s11, s8, s7
core   0: 3 0x8000154c (0x037c5db3) x27 0x0f0f0f0e
core   0: 0x80001550 (0x97ec4a93) xori    s5, s8, -1666
core   0: 3 0x80001550 (0x97ec4a93) x21 0x0000068f
core   0: 0x80001554 (0x40b75633) sra     a2, a4, a1
core   0: 3 0x80001554 (0x40b75633) x12 0x0000038a
core   0: 0x80001558 (0xfb849ee3) bne     s1, s8, pc - 68
core   0: 3 0x80001558 (0xfb849ee3)
core   0: 0x8000155c (0x00008fe5) c.and   a5, s1
core   0: 3 0x8000155c (0x8fe5) x15 0x000005e0
core   0: 0x8000155e (0x00004719) c.li    a4, 6
core   0: 3 0x8000155e (0x4719) x14 0x00000006
core   0: 0x80001560 (0x00004641) c.li    a2, 16
core   0: 3 0x80001560 (0x4641) x12 0x00000010
core   0: 0x80001562 (0x000085ee) c.mv    a1, s11
core   0: 3 0x80001562 (0x85ee) x11 0x0f0f0f0e
core   0: 0x80001564 (0x00000729) c.addi  a4, 10
core   0: 3 0x80001564 (0x0729) x14 0x00000010
core   0: 0x80001566 (0x0000418d) c.li    gp, 3
core   0: 3 0x80001566 (0x418d) x3  0x00000003
core   0: 0x80001568 (0x00004fd1) c.li    t6, 20
core   0: 3 0x80001568 (0x4fd1) x31 0x00000014
core   0: 0x8000156a (0x000057fd) c.li    a5, -1
core   0: 3 0x8000156a (0x57fd) x15 0xffffffff
core   0: 0x8000156c (0x00000195) c.addi  gp, 5
core   0: 3 0x8000156c (0x0195) x3  0x00000008
core   0: 0x8000156e (0xfff1eee3) bltu    gp, t6, pc - 4
core   0: 3 0x8000156e (0xfff1eee3)
core   0: 0x8000156a (0x000057fd) c.li    a5, -1
core   0: 3 0x8000156a (0x57fd) x15 0xffffffff
core   0: 0x8000156c (0x00000195) c.addi  gp, 5
core   0: 3 0x8000156c (0x0195) x3  0x0000000d
core   0: 0x8000156e (0xfff1eee3) bltu    gp, t6, pc - 4
core   0: 3 0x8000156e (0xfff1eee3)
core   0: 0x8000156a (0x000057fd) c.li    a5, -1
core   0: 3 0x8000156a (0x57fd) x15 0xffffffff
core   0: 0x8000156c (0x00000195) c.addi  gp, 5
core   0: 3 0x8000156c (0x0195) x3  0x00000012
core   0: 0x8000156e (0xfff1eee3) bltu    gp, t6, pc - 4
core   0: 3 0x8000156e (0xfff1eee3)
core   0: 0x8000156a (0x000057fd) c.li    a5, -1
core   0: 3 0x8000156a (0x57fd) x15 0xffffffff
core   0: 0x8000156c (0x00000195) c.addi  gp, 5
core   0: 3 0x8000156c (0x0195) x3  0x00000017
core   0: 0x8000156e (0xfff1eee3) bltu    gp, t6, pc - 4
core   0: 3 0x8000156e (0xfff1eee3)
core   0: 0x80001572 (0xfec748e3) blt     a4, a2, pc - 16
core   0: 3 0x80001572 (0xfec748e3)
core   0: 0x80001576 (0x000093a6) c.add   t2, s1
core   0: 3 0x80001576 (0x93a6) x7  0xfffffe90
core   0: 0x80001578 (0x00004325) c.li    t1, 9
core   0: 3 0x80001578 (0x4325) x6  0x00000009
core   0: 0x8000157a (0x72874393) xori    t2, a4, 1832
core   0: 3 0x8000157a (0x72874393) x7  0x00000738
core   0: 0x8000157e (0x1b167393) andi    t2, a2, 433
core   0: 3 0x8000157e (0x1b167393) x7  0x00000010
core   0: 0x80001582 (0x02a84633) div     a2, a6, a0
core   0: 3 0x80001582 (0x02a84633) x12 0x00000000
core   0: 0x80001586 (0x00008649) c.srai  a2, 18
core   0: 3 0x80001586 (0x8649) x12 0x00000000
core   0: 0x80001588 (0x0000717d) c.addi16sp sp, -16
core   0: 3 0x80001588 (0x717d) x2  0x000004cc
core   0: 0x8000158a (0x00004891) c.li    a7, 4
core   0: 3 0x8000158a (0x4891) x17 0x00000004
core   0: 0x8000158c (0x00008d09) c.sub   a0, a0
core   0: 3 0x8000158c (0x8d09) x10 0x00000000
core   0: 0x8000158e (0x00008e51) c.or    a2, a2
core   0: 3 0x8000158e (0x8e51) x12 0x00000000
core   0: 0x80001590 (0x3278bf13) sltiu   t5, a7, 807
core   0: 3 0x80001590 (0x3278bf13) x30 0x00000001
core   0: 0x80001594 (0x008bc6b3) xor     a3, s7, s0
core   0: 3 0x80001594 (0x008bc6b3) x13 0x00001111
core   0: 0x80001598 (0x00001379) c.addi  t1, -2
core   0: 3 0x80001598 (0x1379) x6  0x00000007
core   0: 0x8000159a (0x017e4ab3) xor     s5, t3, s7
core   0: 3 0x8000159a (0x017e4ab3) x21 0x80025eb5
core   0: 0x8000159e (0x4efb5837) lui     a6, 0x4efb5
core   0: 3 0x8000159e (0x4efb5837) x16 0x4efb5000
core   0: 0x800015a2 (0x01ff0c33) add     s8, t5, t6
core   0: 3 0x800015a2 (0x01ff0c33) x24 0x00000015
core   0: 0x800015a6 (0x00008895) c.andi  s1, 5
core   0: 3 0x800015a6 (0x8895) x9  0x00000001
core   0: 0x800015a8 (0xff1372e3) bgeu    t1, a7, pc - 28
core   0: 3 0x800015a8 (0xff1372e3)
core   0: 0x8000158c (0x00008d09) c.sub   a0, a0
core   0: 3 0x8000158c (0x8d09) x10 0x00000000
core   0: 0x8000158e (0x00008e51) c.or    a2, a2
core   0: 3 0x8000158e (0x8e51) x12 0x00000000
core   0: 0x80001590 (0x3278bf13) sltiu   t5, a7, 807
core   0: 3 0x80001590 (0x3278bf13) x30 0x00000001
core   0: 0x80001594 (0x008bc6b3) xor     a3, s7, s0
core   0: 3 0x80001594 (0x008bc6b3) x13 0x00001111
core   0: 0x80001598 (0x00001379) c.addi  t1, -2
core   0: 3 0x80001598 (0x1379) x6  0x00000005
core   0: 0x8000159a (0x017e4ab3) xor     s5, t3, s7
core   0: 3 0x8000159a (0x017e4ab3) x21 0x80025eb5
core   0: 0x8000159e (0x4efb5837) lui     a6, 0x4efb5
core   0: 3 0x8000159e (0x4efb5837) x16 0x4efb5000
core   0: 0x800015a2 (0x01ff0c33) add     s8, t5, t6
core   0: 3 0x800015a2 (0x01ff0c33) x24 0x00000015
core   0: 0x800015a6 (0x00008895) c.andi  s1, 5
core   0: 3 0x800015a6 (0x8895) x9  0x00000001
core   0: 0x800015a8 (0xff1372e3) bgeu    t1, a7, pc - 28
core   0: 3 0x800015a8 (0xff1372e3)
core   0: 0x8000158c (0x00008d09) c.sub   a0, a0
core   0: 3 0x8000158c (0x8d09) x10 0x00000000
core   0: 0x8000158e (0x00008e51) c.or    a2, a2
core   0: 3 0x8000158e (0x8e51) x12 0x00000000
core   0: 0x80001590 (0x3278bf13) sltiu   t5, a7, 807
core   0: 3 0x80001590 (0x3278bf13) x30 0x00000001
core   0: 0x80001594 (0x008bc6b3) xor     a3, s7, s0
core   0: 3 0x80001594 (0x008bc6b3) x13 0x00001111
core   0: 0x80001598 (0x00001379) c.addi  t1, -2
core   0: 3 0x80001598 (0x1379) x6  0x00000003
core   0: 0x8000159a (0x017e4ab3) xor     s5, t3, s7
core   0: 3 0x8000159a (0x017e4ab3) x21 0x80025eb5
core   0: 0x8000159e (0x4efb5837) lui     a6, 0x4efb5
core   0: 3 0x8000159e (0x4efb5837) x16 0x4efb5000
core   0: 0x800015a2 (0x01ff0c33) add     s8, t5, t6
core   0: 3 0x800015a2 (0x01ff0c33) x24 0x00000015
core   0: 0x800015a6 (0x00008895) c.andi  s1, 5
core   0: 3 0x800015a6 (0x8895) x9  0x00000001
core   0: 0x800015a8 (0xff1372e3) bgeu    t1, a7, pc - 28
core   0: 3 0x800015a8 (0xff1372e3)
core   0: 0x800015ac (0xd6c2c513) xori    a0, t0, -660
core   0: 3 0x800015ac (0xd6c2c513) x10 0xba264d6c
core   0: 0x800015b0 (0x00004529) c.li    a0, 10
core   0: 3 0x800015b0 (0x4529) x10 0x0000000a
core   0: 0x800015b2 (0x03451db3) mulh    s11, a0, s4
core   0: 3 0x800015b2 (0x03451db3) x27 0x00000000
core   0: 0x800015b6 (0xcb6fa793) slti    a5, t6, -842
core   0: 3 0x800015b6 (0xcb6fa793) x15 0x00000000
core   0: 0x800015ba (0x00006a21) c.lui   s4, 0x8
core   0: 3 0x800015ba (0x6a21) x20 0x00008000
core   0: 0x800015bc (0x00006aa5) c.lui   s5, 0x9
core   0: 3 0x800015bc (0x6aa5) x21 0x00009000
core   0: 0x800015be (0x0000470d) c.li    a4, 3
core   0: 3 0x800015be (0x470d) x14 0x00000003
core   0: 0x800015c0 (0x010864b3) or      s1, a6, a6
core   0: 3 0x800015c0 (0x010864b3) x9  0x4efb5000
core   0: 0x800015c4 (0x4042da13) srai    s4, t0, 4
core   0: 3 0x800015c4 (0x4042da13) x20 0x045d9b00
core   0: 0x800015c8 (0x00001579) c.addi  a0, -2
core   0: 3 0x800015c8 (0x1579) x10 0x00000008
core   0: 0x800015ca (0x00008231) c.srli  a2, 12
core   0: 3 0x800015ca (0x8231) x12 0x00000000
core   0: 0x800015cc (0xfee57ae3) bgeu    a0, a4, pc - 12
core   0: 3 0x800015cc (0xfee57ae3)
core   0: 0x800015c0 (0x010864b3) or      s1, a6, a6
core   0: 3 0x800015c0 (0x010864b3) x9  0x4efb5000
core   0: 0x800015c4 (0x4042da13) srai    s4, t0, 4
core   0: 3 0x800015c4 (0x4042da13) x20 0x045d9b00
core   0: 0x800015c8 (0x00001579) c.addi  a0, -2
core   0: 3 0x800015c8 (0x1579) x10 0x00000006
core   0: 0x800015ca (0x00008231) c.srli  a2, 12
core   0: 3 0x800015ca (0x8231) x12 0x00000000
core   0: 0x800015cc (0xfee57ae3) bgeu    a0, a4, pc - 12
core   0: 3 0x800015cc (0xfee57ae3)
core   0: 0x800015c0 (0x010864b3) or      s1, a6, a6
core   0: 3 0x800015c0 (0x010864b3) x9  0x4efb5000
core   0: 0x800015c4 (0x4042da13) srai    s4, t0, 4
core   0: 3 0x800015c4 (0x4042da13) x20 0x045d9b00
core   0: 0x800015c8 (0x00001579) c.addi  a0, -2
core   0: 3 0x800015c8 (0x1579) x10 0x00000004
core   0: 0x800015ca (0x00008231) c.srli  a2, 12
core   0: 3 0x800015ca (0x8231) x12 0x00000000
core   0: 0x800015cc (0xfee57ae3) bgeu    a0, a4, pc - 12
core   0: 3 0x800015cc (0xfee57ae3)
core   0: 0x800015c0 (0x010864b3) or      s1, a6, a6
core   0: 3 0x800015c0 (0x010864b3) x9  0x4efb5000
core   0: 0x800015c4 (0x4042da13) srai    s4, t0, 4
core   0: 3 0x800015c4 (0x4042da13) x20 0x045d9b00
core   0: 0x800015c8 (0x00001579) c.addi  a0, -2
core   0: 3 0x800015c8 (0x1579) x10 0x00000002
core   0: 0x800015ca (0x00008231) c.srli  a2, 12
core   0: 3 0x800015ca (0x8231) x12 0x00000000
core   0: 0x800015cc (0xfee57ae3) bgeu    a0, a4, pc - 12
core   0: 3 0x800015cc (0xfee57ae3)
core   0: 0x800015d0 (0x00008fa9) c.xor   a5, a0
core   0: 3 0x800015d0 (0x8fa9) x15 0x00000002
core   0: 0x800015d2 (0x00004121) c.li    sp, 8
core   0: 3 0x800015d2 (0x4121) x2  0x00000008
core   0: 0x800015d4 (0x000059e5) c.li    s3, -7
core   0: 3 0x800015d4 (0x59e5) x19 0xfffffff9
core   0: 0x800015d6 (0x00008309) c.srli  a4, 2
core   0: 3 0x800015d6 (0x8309) x14 0x00000000
core   0: 0x800015d8 (0x0114a2b3) slt     t0, s1, a7
core   0: 3 0x800015d8 (0x0114a2b3) x5  0x00000000
core   0: 0x800015dc (0x02528db3) mul     s11, t0, t0
core   0: 3 0x800015dc (0x02528db3) x27 0x00000000
core   0: 0x800015e0 (0x0000116d) c.addi  sp, -5
core   0: 3 0x800015e0 (0x116d) x2  0x00000003
core   0: 0x800015e2 (0x000045a9) c.li    a1, 10
core   0: 3 0x800015e2 (0x45a9) x11 0x0000000a
core   0: 0x800015e4 (0x00000001) c.nop
core   0: 3 0x800015e4 (0x0001)
core   0: 0x800015e6 (0x01cbcab3) xor     s5, s7, t3
core   0: 3 0x800015e6 (0x01cbcab3) x21 0x80025eb5
core   0: 0x800015ea (0x008c0fb3) add     t6, s8, s0
core   0: 3 0x800015ea (0x008c0fb3) x31 0x00001115
core   0: 0x800015ee (0x000015ed) c.addi  a1, -5
core   0: 3 0x800015ee (0x15ed) x11 0x00000005
core   0: 0x800015f0 (0x00735393) srli    t2, t1, 7
core   0: 3 0x800015f0 (0x00735393) x7  0x00000000
core   0: 0x800015f4 (0x02f99633) mulh    a2, s3, a5
core   0: 3 0x800015f4 (0x02f99633) x12 0xffffffff
core   0: 0x800015f8 (0x0000d5fd) c.beqz  a1, pc - 18
core   0: 3 0x800015f8 (0xd5fd)
core   0: 0x800015fa (0x03c63533) mulhu   a0, a2, t3
core   0: 3 0x800015fa (0x03c63533) x10 0x80025ea3
core   0: 0x800015fe (0x0000878d) c.srai  a5, 3
core   0: 3 0x800015fe (0x878d) x15 0x00000000
core   0: 0x80001600 (0xfd310ce3) beq     sp, s3, pc - 40
core   0: 3 0x80001600 (0xfd310ce3)
core   0: 0x80001604 (0x000087d5) c.srai  a5, 21
core   0: 3 0x80001604 (0x87d5) x15 0x00000000
core   0: 0x80001606 (0x00004189) c.li    gp, 2
core   0: 3 0x80001606 (0x4189) x3  0x00000002
core   0: 0x80001608 (0x000056e1) c.li    a3, -8
core   0: 3 0x80001608 (0x56e1) x13 0xfffffff8
core   0: 0x8000160a (0x021c99b3) mulh    s3, s9, ra
core   0: 3 0x8000160a (0x021c99b3) x19 0x147397d3
core   0: 0x8000160e (0x33bb8313) addi    t1, s7, 827
core   0: 3 0x8000160e (0x33bb8313) x6  0x0000034c
core   0: 0x80001612 (0x000080b9) c.srli  s1, 14
core   0: 3 0x80001612 (0x80b9) x9  0x00013bed
core   0: 0x80001614 (0x000084c1) c.srai  s1, 16
core   0: 3 0x80001614 (0x84c1) x9  0x00000001
core   0: 0x80001616 (0x000011d9) c.addi  gp, -10
core   0: 3 0x80001616 (0x11d9) x3  0xfffffff8
core   0: 0x80001618 (0x0000566d) c.li    a2, -5
core   0: 3 0x80001618 (0x566d) x12 0xfffffffb
core   0: 0x8000161a (0x00008cbd) c.xor   s1, a5
core   0: 3 0x8000161a (0x8cbd) x9  0x00000001
core   0: 0x8000161c (0x00008ded) c.and   a1, a1
core   0: 3 0x8000161c (0x8ded) x11 0x00000005
core   0: 0x8000161e (0x03e353b3) divu    t2, t1, t5
core   0: 3 0x8000161e (0x03e353b3) x7  0x0000034c
core   0: 0x80001622 (0x03692d33) mulhsu  s10, s2, s6
core   0: 3 0x80001622 (0x03692d33) x26 0x00000000
core   0: 0x80001626 (0x00004439) c.li    s0, 14
core   0: 3 0x80001626 (0x4439) x8  0x0000000e
core   0: 0x80001628 (0x00008b2a) c.mv    s6, a0
core   0: 3 0x80001628 (0x8b2a) x22 0x80025ea3
core   0: 0x8000162a (0x00c39793) slli    a5, t2, 12
core   0: 3 0x8000162a (0x00c39793) x15 0x0034c000
core   0: 0x8000162e (0x00008cb9) c.xor   s1, a4
core   0: 3 0x8000162e (0x8cb9) x9  0x00000001
core   0: 0x80001630 (0x007edf33) srl     t5, t4, t2
core   0: 3 0x80001630 (0x007edf33) x30 0x000307a4
core   0: 0x80001634 (0x0000061d) c.addi  a2, 7
core   0: 3 0x80001634 (0x061d) x12 0x00000002
core   0: 0x80001636 (0x414d5793) srai    a5, s10, 20
core   0: 3 0x80001636 (0x414d5793) x15 0x00000000
core   0: 0x8000163a (0xfe8667e3) bltu    a2, s0, pc - 18
core   0: 3 0x8000163a (0xfe8667e3)
core   0: 0x80001628 (0x00008b2a) c.mv    s6, a0
core   0: 3 0x80001628 (0x8b2a) x22 0x80025ea3
core   0: 0x8000162a (0x00c39793) slli    a5, t2, 12
core   0: 3 0x8000162a (0x00c39793) x15 0x0034c000
core   0: 0x8000162e (0x00008cb9) c.xor   s1, a4
core   0: 3 0x8000162e (0x8cb9) x9  0x00000001
core   0: 0x80001630 (0x007edf33) srl     t5, t4, t2
core   0: 3 0x80001630 (0x007edf33) x30 0x000307a4
core   0: 0x80001634 (0x0000061d) c.addi  a2, 7
core   0: 3 0x80001634 (0x061d) x12 0x00000009
core   0: 0x80001636 (0x414d5793) srai    a5, s10, 20
core   0: 3 0x80001636 (0x414d5793) x15 0x00000000
core   0: 0x8000163a (0xfe8667e3) bltu    a2, s0, pc - 18
core   0: 3 0x8000163a (0xfe8667e3)
core   0: 0x80001628 (0x00008b2a) c.mv    s6, a0
core   0: 3 0x80001628 (0x8b2a) x22 0x80025ea3
core   0: 0x8000162a (0x00c39793) slli    a5, t2, 12
core   0: 3 0x8000162a (0x00c39793) x15 0x0034c000
core   0: 0x8000162e (0x00008cb9) c.xor   s1, a4
core   0: 3 0x8000162e (0x8cb9) x9  0x00000001
core   0: 0x80001630 (0x007edf33) srl     t5, t4, t2
core   0: 3 0x80001630 (0x007edf33) x30 0x000307a4
core   0: 0x80001634 (0x0000061d) c.addi  a2, 7
core   0: 3 0x80001634 (0x061d) x12 0x00000010
core   0: 0x80001636 (0x414d5793) srai    a5, s10, 20
core   0: 3 0x80001636 (0x414d5793) x15 0x00000000
core   0: 0x8000163a (0xfe8667e3) bltu    a2, s0, pc - 18
core   0: 3 0x8000163a (0xfe8667e3)
core   0: 0x8000163e (0xfcd1d8e3) bge     gp, a3, pc - 48
core   0: 3 0x8000163e (0xfcd1d8e3)
core   0: 0x8000160e (0x33bb8313) addi    t1, s7, 827
core   0: 3 0x8000160e (0x33bb8313) x6  0x0000034c
core   0: 0x80001612 (0x000080b9) c.srli  s1, 14
core   0: 3 0x80001612 (0x80b9) x9  0x00000000
core   0: 0x80001614 (0x000084c1) c.srai  s1, 16
core   0: 3 0x80001614 (0x84c1) x9  0x00000000
core   0: 0x80001616 (0x000011d9) c.addi  gp, -10
core   0: 3 0x80001616 (0x11d9) x3  0xffffffee
core   0: 0x80001618 (0x0000566d) c.li    a2, -5
core   0: 3 0x80001618 (0x566d) x12 0xfffffffb
core   0: 0x8000161a (0x00008cbd) c.xor   s1, a5
core   0: 3 0x8000161a (0x8cbd) x9  0x00000000
core   0: 0x8000161c (0x00008ded) c.and   a1, a1
core   0: 3 0x8000161c (0x8ded) x11 0x00000005
core   0: 0x8000161e (0x03e353b3) divu    t2, t1, t5
core   0: 3 0x8000161e (0x03e353b3) x7  0x00000000
core   0: 0x80001622 (0x03692d33) mulhsu  s10, s2, s6
core   0: 3 0x80001622 (0x03692d33) x26 0x0000000e
core   0: 0x80001626 (0x00004439) c.li    s0, 14
core   0: 3 0x80001626 (0x4439) x8  0x0000000e
core   0: 0x80001628 (0x00008b2a) c.mv    s6, a0
core   0: 3 0x80001628 (0x8b2a) x22 0x80025ea3
core   0: 0x8000162a (0x00c39793) slli    a5, t2, 12
core   0: 3 0x8000162a (0x00c39793) x15 0x00000000
core   0: 0x8000162e (0x00008cb9) c.xor   s1, a4
core   0: 3 0x8000162e (0x8cb9) x9  0x00000000
core   0: 0x80001630 (0x007edf33) srl     t5, t4, t2
core   0: 3 0x80001630 (0x007edf33) x30 0x307a4b70
core   0: 0x80001634 (0x0000061d) c.addi  a2, 7
core   0: 3 0x80001634 (0x061d) x12 0x00000002
core   0: 0x80001636 (0x414d5793) srai    a5, s10, 20
core   0: 3 0x80001636 (0x414d5793) x15 0x00000000
core   0: 0x8000163a (0xfe8667e3) bltu    a2, s0, pc - 18
core   0: 3 0x8000163a (0xfe8667e3)
core   0: 0x80001628 (0x00008b2a) c.mv    s6, a0
core   0: 3 0x80001628 (0x8b2a) x22 0x80025ea3
core   0: 0x8000162a (0x00c39793) slli    a5, t2, 12
core   0: 3 0x8000162a (0x00c39793) x15 0x00000000
core   0: 0x8000162e (0x00008cb9) c.xor   s1, a4
core   0: 3 0x8000162e (0x8cb9) x9  0x00000000
core   0: 0x80001630 (0x007edf33) srl     t5, t4, t2
core   0: 3 0x80001630 (0x007edf33) x30 0x307a4b70
core   0: 0x80001634 (0x0000061d) c.addi  a2, 7
core   0: 3 0x80001634 (0x061d) x12 0x00000009
core   0: 0x80001636 (0x414d5793) srai    a5, s10, 20
core   0: 3 0x80001636 (0x414d5793) x15 0x00000000
core   0: 0x8000163a (0xfe8667e3) bltu    a2, s0, pc - 18
core   0: 3 0x8000163a (0xfe8667e3)
core   0: 0x80001628 (0x00008b2a) c.mv    s6, a0
core   0: 3 0x80001628 (0x8b2a) x22 0x80025ea3
core   0: 0x8000162a (0x00c39793) slli    a5, t2, 12
core   0: 3 0x8000162a (0x00c39793) x15 0x00000000
core   0: 0x8000162e (0x00008cb9) c.xor   s1, a4
core   0: 3 0x8000162e (0x8cb9) x9  0x00000000
core   0: 0x80001630 (0x007edf33) srl     t5, t4, t2
core   0: 3 0x80001630 (0x007edf33) x30 0x307a4b70
core   0: 0x80001634 (0x0000061d) c.addi  a2, 7
core   0: 3 0x80001634 (0x061d) x12 0x00000010
core   0: 0x80001636 (0x414d5793) srai    a5, s10, 20
core   0: 3 0x80001636 (0x414d5793) x15 0x00000000
core   0: 0x8000163a (0xfe8667e3) bltu    a2, s0, pc - 18
core   0: 3 0x8000163a (0xfe8667e3)
core   0: 0x8000163e (0xfcd1d8e3) bge     gp, a3, pc - 48
core   0: 3 0x8000163e (0xfcd1d8e3)
core   0: 0x80001642 (0x031a67b3) rem     a5, s4, a7
core   0: 3 0x80001642 (0x031a67b3) x15 0x00000000
core   0: 0x80001646 (0x00004129) c.li    sp, 10
core   0: 3 0x80001646 (0x4129) x2  0x0000000a
core   0: 0x80001648 (0x013c3833) sltu    a6, s8, s3
core   0: 3 0x80001648 (0x013c3833) x16 0x00000001
core   0: 0x8000164c (0x5fe40493) addi    s1, s0, 1534
core   0: 3 0x8000164c (0x5fe40493) x9  0x0000060c
core   0: 0x80001650 (0x01d19db3) sll     s11, gp, t4
core   0: 3 0x80001650 (0x01d19db3) x27 0xffee0000
core   0: 0x80001654 (0xa325b193) sltiu   gp, a1, -1486
core   0: 3 0x80001654 (0xa325b193) x3  0x00000001
core   0: 0x80001658 (0x00055393) srli    t2, a0, 0
core   0: 3 0x80001658 (0x00055393) x7  0x80025ea3
core   0: 0x8000165c (0x00005c51) c.li    s8, -12
core   0: 3 0x8000165c (0x5c51) x24 0xfffffff4
core   0: 0x8000165e (0x40005fb3) sra     t6, zero, zero
core   0: 3 0x8000165e (0x40005fb3) x31 0x00000000
core   0: 0x80001662 (0x025915b3) mulh    a1, s2, t0
core   0: 3 0x80001662 (0x025915b3) x11 0x00000000
core   0: 0x80001666 (0x000083ca) c.mv    t2, s2
core   0: 3 0x80001666 (0x83ca) x7  0x0000001c
core   0: 0x80001668 (0x00be04b3) add     s1, t3, a1
core   0: 3 0x80001668 (0x00be04b3) x9  0x80025ea4
core   0: 0x8000166c (0x00000366) c.slli  t1, 25
core   0: 3 0x8000166c (0x0366) x6  0x98000000
core   0: 0x8000166e (0x000053fd) c.li    t2, -1
core   0: 3 0x8000166e (0x53fd) x7  0xffffffff
core   0: 0x80001670 (0x415e8d33) sub     s10, t4, s5
core   0: 3 0x80001670 (0x415e8d33) x26 0xb077ecbb
core   0: 0x80001674 (0x00008cc1) c.or    s1, s0
core   0: 3 0x80001674 (0x8cc1) x9  0x80025eae
core   0: 0x80001676 (0x00195a13) srli    s4, s2, 1
core   0: 3 0x80001676 (0x00195a13) x20 0x0000000e
core   0: 0x8000167a (0x0000997d) c.andi  a0, -1
core   0: 3 0x8000167a (0x997d) x10 0x80025ea3
core   0: 0x8000167c (0x00cef9b3) and     s3, t4, a2
core   0: 3 0x8000167c (0x00cef9b3) x19 0x00000010
core   0: 0x80001680 (0x005706b3) add     a3, a4, t0
core   0: 3 0x80001680 (0x005706b3) x13 0x00000000
core   0: 0x80001684 (0x00006471) c.lui   s0, 0x1c
core   0: 3 0x80001684 (0x6471) x8  0x0001c000
core   0: 0x80001686 (0x01e712b3) sll     t0, a4, t5
core   0: 3 0x80001686 (0x01e712b3) x5  0x00000000
core   0: 0x8000168a (0x9595fc93) andi    s9, a1, -1703
core   0: 3 0x8000168a (0x9595fc93) x25 0x00000000
core   0: 0x8000168e (0x0000115d) c.addi  sp, -9
core   0: 3 0x8000168e (0x115d) x2  0x00000001
core   0: 0x80001690 (0x00008db1) c.xor   a1, a2
core   0: 3 0x80001690 (0x8db1) x11 0x00000010
core   0: 0x80001692 (0x01e07a33) and     s4, zero, t5
core   0: 3 0x80001692 (0x01e07a33) x20 0x00000000
core   0: 0x80001696 (0xfd8158e3) bge     sp, s8, pc - 48
core   0: 3 0x80001696 (0xfd8158e3)
core   0: 0x80001666 (0x000083ca) c.mv    t2, s2
core   0: 3 0x80001666 (0x83ca) x7  0x0000001c
core   0: 0x80001668 (0x00be04b3) add     s1, t3, a1
core   0: 3 0x80001668 (0x00be04b3) x9  0x80025eb4
core   0: 0x8000166c (0x00000366) c.slli  t1, 25
core   0: 3 0x8000166c (0x0366) x6  0x00000000
core   0: 0x8000166e (0x000053fd) c.li    t2, -1
core   0: 3 0x8000166e (0x53fd) x7  0xffffffff
core   0: 0x80001670 (0x415e8d33) sub     s10, t4, s5
core   0: 3 0x80001670 (0x415e8d33) x26 0xb077ecbb
core   0: 0x80001674 (0x00008cc1) c.or    s1, s0
core   0: 3 0x80001674 (0x8cc1) x9  0x8003deb4
core   0: 0x80001676 (0x00195a13) srli    s4, s2, 1
core   0: 3 0x80001676 (0x00195a13) x20 0x0000000e
core   0: 0x8000167a (0x0000997d) c.andi  a0, -1
core   0: 3 0x8000167a (0x997d) x10 0x80025ea3
core   0: 0x8000167c (0x00cef9b3) and     s3, t4, a2
core   0: 3 0x8000167c (0x00cef9b3) x19 0x00000010
core   0: 0x80001680 (0x005706b3) add     a3, a4, t0
core   0: 3 0x80001680 (0x005706b3) x13 0x00000000
core   0: 0x80001684 (0x00006471) c.lui   s0, 0x1c
core   0: 3 0x80001684 (0x6471) x8  0x0001c000
core   0: 0x80001686 (0x01e712b3) sll     t0, a4, t5
core   0: 3 0x80001686 (0x01e712b3) x5  0x00000000
core   0: 0x8000168a (0x9595fc93) andi    s9, a1, -1703
core   0: 3 0x8000168a (0x9595fc93) x25 0x00000010
core   0: 0x8000168e (0x0000115d) c.addi  sp, -9
core   0: 3 0x8000168e (0x115d) x2  0xfffffff8
core   0: 0x80001690 (0x00008db1) c.xor   a1, a2
core   0: 3 0x80001690 (0x8db1) x11 0x00000000
core   0: 0x80001692 (0x01e07a33) and     s4, zero, t5
core   0: 3 0x80001692 (0x01e07a33) x20 0x00000000
core   0: 0x80001696 (0xfd8158e3) bge     sp, s8, pc - 48
core   0: 3 0x80001696 (0xfd8158e3)
core   0: 0x80001666 (0x000083ca) c.mv    t2, s2
core   0: 3 0x80001666 (0x83ca) x7  0x0000001c
core   0: 0x80001668 (0x00be04b3) add     s1, t3, a1
core   0: 3 0x80001668 (0x00be04b3) x9  0x80025ea4
core   0: 0x8000166c (0x00000366) c.slli  t1, 25
core   0: 3 0x8000166c (0x0366) x6  0x00000000
core   0: 0x8000166e (0x000053fd) c.li    t2, -1
core   0: 3 0x8000166e (0x53fd) x7  0xffffffff
core   0: 0x80001670 (0x415e8d33) sub     s10, t4, s5
core   0: 3 0x80001670 (0x415e8d33) x26 0xb077ecbb
core   0: 0x80001674 (0x00008cc1) c.or    s1, s0
core   0: 3 0x80001674 (0x8cc1) x9  0x8003dea4
core   0: 0x80001676 (0x00195a13) srli    s4, s2, 1
core   0: 3 0x80001676 (0x00195a13) x20 0x0000000e
core   0: 0x8000167a (0x0000997d) c.andi  a0, -1
core   0: 3 0x8000167a (0x997d) x10 0x80025ea3
core   0: 0x8000167c (0x00cef9b3) and     s3, t4, a2
core   0: 3 0x8000167c (0x00cef9b3) x19 0x00000010
core   0: 0x80001680 (0x005706b3) add     a3, a4, t0
core   0: 3 0x80001680 (0x005706b3) x13 0x00000000
core   0: 0x80001684 (0x00006471) c.lui   s0, 0x1c
core   0: 3 0x80001684 (0x6471) x8  0x0001c000
core   0: 0x80001686 (0x01e712b3) sll     t0, a4, t5
core   0: 3 0x80001686 (0x01e712b3) x5  0x00000000
core   0: 0x8000168a (0x9595fc93) andi    s9, a1, -1703
core   0: 3 0x8000168a (0x9595fc93) x25 0x00000000
core   0: 0x8000168e (0x0000115d) c.addi  sp, -9
core   0: 3 0x8000168e (0x115d) x2  0xffffffef
core   0: 0x80001690 (0x00008db1) c.xor   a1, a2
core   0: 3 0x80001690 (0x8db1) x11 0x00000010
core   0: 0x80001692 (0x01e07a33) and     s4, zero, t5
core   0: 3 0x80001692 (0x01e07a33) x20 0x00000000
core   0: 0x80001696 (0xfd8158e3) bge     sp, s8, pc - 48
core   0: 3 0x80001696 (0xfd8158e3)
core   0: 0x8000169a (0x00009752) c.add   a4, s4
core   0: 3 0x8000169a (0x9752) x14 0x00000000
core   0: 0x8000169c (0x00004a1d) c.li    s4, 7
core   0: 3 0x8000169c (0x4a1d) x20 0x00000007
core   0: 0x8000169e (0x00986b33) or      s6, a6, s1
core   0: 3 0x8000169e (0x00986b33) x22 0x8003dea5
core   0: 0x800016a2 (0x00119f93) slli    t6, gp, 1
core   0: 3 0x800016a2 (0x00119f93) x31 0x00000002
core   0: 0x800016a6 (0x0000858e) c.mv    a1, gp
core   0: 3 0x800016a6 (0x858e) x11 0x00000001
core   0: 0x800016a8 (0x00008035) c.srli  s0, 13
core   0: 3 0x800016a8 (0x8035) x8  0x0000000e
core   0: 0x800016aa (0x01ced913) srli    s2, t4, 28
core   0: 3 0x800016aa (0x01ced913) x18 0x00000003
core   0: 0x800016ae (0x02425cb3) divu    s9, tp, tp
core   0: 3 0x800016ae (0x02425cb3) x25 0x00000001
core   0: 0x800016b2 (0x0000585d) c.li    a6, -9
core   0: 3 0x800016b2 (0x585d) x16 0xfffffff7
core   0: 0x800016b4 (0x00000104) c.addi4spn s1, sp, 128
core   0: 3 0x800016b4 (0x0104) x9  0x0000006f
core   0: 0x800016b6 (0x022198b3) mulh    a7, gp, sp
core   0: 3 0x800016b6 (0x022198b3) x17 0xffffffff
core   0: 0x800016ba (0x020feb33) rem     s6, t6, zero
core   0: 3 0x800016ba (0x020feb33) x22 0x00000002
core   0: 0x800016be (0x00c4eab3) or      s5, s1, a2
core   0: 3 0x800016be (0x00c4eab3) x21 0x0000007f
core   0: 0x800016c2 (0x02512db3) mulhsu  s11, sp, t0
core   0: 3 0x800016c2 (0x02512db3) x27 0x00000000
core   0: 0x800016c6 (0x00006c3d) c.lui   s8, 0xf
core   0: 3 0x800016c6 (0x6c3d) x24 0x0000f000
core   0: 0x800016c8 (0x00001a61) c.addi  s4, -8
core   0: 3 0x800016c8 (0x1a61) x20 0xffffffff
core   0: 0x800016ca (0x17648993) addi    s3, s1, 374
core   0: 3 0x800016ca (0x17648993) x19 0x000001e5
core   0: 0x800016ce (0x0000557d) c.li    a0, -1
core   0: 3 0x800016ce (0x557d) x10 0xffffffff
core   0: 0x800016d0 (0x006bd733) srl     a4, s7, t1
core   0: 3 0x800016d0 (0x006bd733) x14 0x00000011
core   0: 0x800016d4 (0x367dba93) sltiu   s5, s11, 871
core   0: 3 0x800016d4 (0x367dba93) x21 0x00000001
core   0: 0x800016d8 (0x000086b5) c.srai  a3, 13
core   0: 3 0x800016d8 (0x86b5) x13 0x00000000
core   0: 0x800016da (0x00000001) c.nop
core   0: 3 0x800016da (0x0001)
core   0: 0x800016dc (0x40c85093) srai    ra, a6, 12
core   0: 3 0x800016dc (0x40c85093) x1  0xffffffff
core   0: 0x800016e0 (0x015c2333) slt     t1, s8, s5
core   0: 3 0x800016e0 (0x015c2333) x6  0x00000000
core   0: 0x800016e4 (0xdde40293) addi    t0, s0, -546
core   0: 3 0x800016e4 (0xdde40293) x5  0xfffffdec
core   0: 0x800016e8 (0x00000505) c.addi  a0, 1
core   0: 3 0x800016e8 (0x0505) x10 0x00000000
core   0: 0x800016ea (0x00008c71) c.and   s0, a2
core   0: 3 0x800016ea (0x8c71) x8  0x00000000
core   0: 0x800016ec (0x00001c04) c.addi4spn s1, sp, 560
core   0: 3 0x800016ec (0x1c04) x9  0x0000021f
core   0: 0x800016ee (0x0000d97d) c.beqz  a0, pc - 10
core   0: 3 0x800016ee (0xd97d)
core   0: 0x800016e4 (0xdde40293) addi    t0, s0, -546
core   0: 3 0x800016e4 (0xdde40293) x5  0xfffffdde
core   0: 0x800016e8 (0x00000505) c.addi  a0, 1
core   0: 3 0x800016e8 (0x0505) x10 0x00000001
core   0: 0x800016ea (0x00008c71) c.and   s0, a2
core   0: 3 0x800016ea (0x8c71) x8  0x00000000
core   0: 0x800016ec (0x00001c04) c.addi4spn s1, sp, 560
core   0: 3 0x800016ec (0x1c04) x9  0x0000021f
core   0: 0x800016ee (0x0000d97d) c.beqz  a0, pc - 10
core   0: 3 0x800016ee (0xd97d)
core   0: 0x800016f0 (0x0000717d) c.addi16sp sp, -16
core   0: 3 0x800016f0 (0x717d) x2  0xffffffdf
core   0: 0x800016f2 (0x00001894) c.addi4spn a3, sp, 112
core   0: 3 0x800016f2 (0x1894) x13 0x0000004f
core   0: 0x800016f4 (0x00313133) sltu    sp, sp, gp
core   0: 3 0x800016f4 (0x00313133) x2  0x00000000
core   0: 0x800016f8 (0xfd0a05e3) beq     s4, a6, pc - 54
core   0: 3 0x800016f8 (0xfd0a05e3)
core   0: 0x800016fc (0x00001d9c) c.addi4spn a5, sp, 752
core   0: 3 0x800016fc (0x1d9c) x15 0x000002f0
core   0: 0x800016fe (0x00005479) c.li    s0, -2
core   0: 3 0x800016fe (0x5479) x8  0xfffffffe
core   0: 0x80001700 (0x02140a33) mul     s4, s0, ra
core   0: 3 0x80001700 (0x02140a33) x20 0x00000002
core   0: 0x80001704 (0x00008ff5) c.and   a5, a3
core   0: 3 0x80001704 (0x8ff5) x15 0x00000040
core   0: 0x80001706 (0x00001514) c.addi4spn a3, sp, 672
core   0: 3 0x80001706 (0x1514) x13 0x000002a0
core   0: 0x80001708 (0x00009d16) c.add   s10, t0
core   0: 3 0x80001708 (0x9d16) x26 0xb077ea99
core   0: 0x8000170a (0x00000001) c.nop
core   0: 3 0x8000170a (0x0001)
core   0: 0x8000170c (0x01f40b33) add     s6, s0, t6
core   0: 3 0x8000170c (0x01f40b33) x22 0x00000000
core   0: 0x80001710 (0xc7147b93) andi    s7, s0, -911
core   0: 3 0x80001710 (0xc7147b93) x23 0xfffffc70
core   0: 0x80001714 (0x00005f7d) c.li    t5, -1
core   0: 3 0x80001714 (0x5f7d) x30 0xffffffff
core   0: 0x80001716 (0x01725a93) srli    s5, tp, 23
core   0: 3 0x80001716 (0x01725a93) x21 0x00000100
core   0: 0x8000171a (0x0ed07b93) andi    s7, zero, 237
core   0: 3 0x8000171a (0x0ed07b93) x23 0x00000000
core   0: 0x8000171e (0x00009b7d) c.andi  a4, -1
core   0: 3 0x8000171e (0x9b7d) x14 0x00000011
core   0: 0x80001720 (0x000052fd) c.li    t0, -1
core   0: 3 0x80001720 (0x52fd) x5  0xffffffff
core   0: 0x80001722 (0x0124df13) srli    t5, s1, 18
core   0: 3 0x80001722 (0x0124df13) x30 0x00000000
core   0: 0x80001726 (0x0498a817) auipc   a6, 0x498a
core   0: 3 0x80001726 (0x0498a817) x16 0x8498b726
core   0: 0x8000172a (0x0072f4b3) and     s1, t0, t2
core   0: 3 0x8000172a (0x0072f4b3) x9  0xffffffff
core   0: 0x8000172e (0x00000409) c.addi  s0, 2
core   0: 3 0x8000172e (0x0409) x8  0x00000000
core   0: 0x80001730 (0x0131c6b3) xor     a3, gp, s3
core   0: 3 0x80001730 (0x0131c6b3) x13 0x000001e4
core   0: 0x80001734 (0x00005bfd) c.li    s7, -1
core   0: 3 0x80001734 (0x5bfd) x23 0xffffffff
core   0: 0x80001736 (0x030a24b3) mulhsu  s1, s4, a6
core   0: 3 0x80001736 (0x030a24b3) x9  0x00000001
core   0: 0x8000173a (0x00321513) slli    a0, tp, 3
core   0: 3 0x8000173a (0x00321513) x10 0x0014e920
core   0: 0x8000173e (0x00008ca5) c.xor   s1, s1
core   0: 3 0x8000173e (0x8ca5) x9  0x00000000
core   0: 0x80001740 (0x0000d065) c.beqz  s0, pc - 32
core   0: 3 0x80001740 (0xd065)
core   0: 0x80001720 (0x000052fd) c.li    t0, -1
core   0: 3 0x80001720 (0x52fd) x5  0xffffffff
core   0: 0x80001722 (0x0124df13) srli    t5, s1, 18
core   0: 3 0x80001722 (0x0124df13) x30 0x00000000
core   0: 0x80001726 (0x0498a817) auipc   a6, 0x498a
core   0: 3 0x80001726 (0x0498a817) x16 0x8498b726
core   0: 0x8000172a (0x0072f4b3) and     s1, t0, t2
core   0: 3 0x8000172a (0x0072f4b3) x9  0xffffffff
core   0: 0x8000172e (0x00000409) c.addi  s0, 2
core   0: 3 0x8000172e (0x0409) x8  0x00000002
core   0: 0x80001730 (0x0131c6b3) xor     a3, gp, s3
core   0: 3 0x80001730 (0x0131c6b3) x13 0x000001e4
core   0: 0x80001734 (0x00005bfd) c.li    s7, -1
core   0: 3 0x80001734 (0x5bfd) x23 0xffffffff
core   0: 0x80001736 (0x030a24b3) mulhsu  s1, s4, a6
core   0: 3 0x80001736 (0x030a24b3) x9  0x00000001
core   0: 0x8000173a (0x00321513) slli    a0, tp, 3
core   0: 3 0x8000173a (0x00321513) x10 0x0014e920
core   0: 0x8000173e (0x00008ca5) c.xor   s1, s1
core   0: 3 0x8000173e (0x8ca5) x9  0x00000000
core   0: 0x80001740 (0x0000d065) c.beqz  s0, pc - 32
core   0: 3 0x80001740 (0xd065)
core   0: 0x80001742 (0x00008fed) c.and   a5, a1
core   0: 3 0x80001742 (0x8fed) x15 0x00000000
core   0: 0x80001744 (0x00004599) c.li    a1, 6
core   0: 3 0x80001744 (0x4599) x11 0x00000006
core   0: 0x80001746 (0x000098fd) c.andi  s1, -1
core   0: 3 0x80001746 (0x98fd) x9  0x00000000
core   0: 0x80001748 (0x4084d9b3) sra     s3, s1, s0
core   0: 3 0x80001748 (0x4084d9b3) x19 0x00000000
core   0: 0x8000174c (0x00000b61) c.addi  s6, 24
core   0: 3 0x8000174c (0x0b61) x22 0x00000018
core   0: 0x8000174e (0x00008785) c.srai  a5, 1
core   0: 3 0x8000174e (0x8785) x15 0x00000000
core   0: 0x80001750 (0x7cf6c613) xori    a2, a3, 1999
core   0: 3 0x80001750 (0x7cf6c613) x12 0x0000062b
core   0: 0x80001754 (0xc7b1ecb7) lui     s9, 0xc7b1e
core   0: 3 0x80001754 (0xc7b1ecb7) x25 0xc7b1e000
core   0: 0x80001758 (0x00005851) c.li    a6, -12
core   0: 3 0x80001758 (0x5851) x16 0xfffffff4
core   0: 0x8000175a (0xd49c6413) ori     s0, s8, -695
core   0: 3 0x8000175a (0xd49c6413) x8  0xfffffd49
core   0: 0x8000175e (0x00000001) c.nop
core   0: 3 0x8000175e (0x0001)
core   0: 0x80001760 (0x02d49bb3) mulh    s7, s1, a3
core   0: 3 0x80001760 (0x02d49bb3) x23 0x00000000
core   0: 0x80001764 (0x00008b7a) c.mv    s6, t5
core   0: 3 0x80001764 (0x8b7a) x22 0x00000000
core   0: 0x80001766 (0x000080f5) c.srli  s1, 29
core   0: 3 0x80001766 (0x80f5) x9  0x00000000
core   0: 0x80001768 (0xfde6f693) andi    a3, a3, -34
core   0: 3 0x80001768 (0xfde6f693) x13 0x000001c4
core   0: 0x8000176c (0x03578cb3) mul     s9, a5, s5
core   0: 3 0x8000176c (0x03578cb3) x25 0x00000000
core   0: 0x80001770 (0x0000857d) c.srai  a0, 31
core   0: 3 0x80001770 (0x857d) x10 0x00000000
core   0: 0x80001772 (0x000015e9) c.addi  a1, -6
core   0: 3 0x80001772 (0x15e9) x11 0x00000000
core   0: 0x80001774 (0x0205dab3) divu    s5, a1, zero
core   0: 3 0x80001774 (0x0205dab3) x21 0xffffffff
core   0: 0x80001778 (0x00008219) c.srli  a2, 6
core   0: 3 0x80001778 (0x8219) x12 0x00000018
core   0: 0x8000177a (0x0019b333) sltu    t1, s3, ra
core   0: 3 0x8000177a (0x0019b333) x6  0x00000001
core   0: 0x8000177e (0x4176d913) srai    s2, a3, 23
core   0: 3 0x8000177e (0x4176d913) x18 0x00000000
core   0: 0x80001782 (0x401bdb13) srai    s6, s7, 1
core   0: 3 0x80001782 (0x401bdb13) x22 0x00000000
core   0: 0x80001786 (0x00008fbe) c.mv    t6, a5
core   0: 3 0x80001786 (0x8fbe) x31 0x00000000
core   0: 0x80001788 (0xff0592e3) bne     a1, a6, pc - 28
core   0: 3 0x80001788 (0xff0592e3)
core   0: 0x8000176c (0x03578cb3) mul     s9, a5, s5
core   0: 3 0x8000176c (0x03578cb3) x25 0x00000000
core   0: 0x80001770 (0x0000857d) c.srai  a0, 31
core   0: 3 0x80001770 (0x857d) x10 0x00000000
core   0: 0x80001772 (0x000015e9) c.addi  a1, -6
core   0: 3 0x80001772 (0x15e9) x11 0xfffffffa
core   0: 0x80001774 (0x0205dab3) divu    s5, a1, zero
core   0: 3 0x80001774 (0x0205dab3) x21 0xffffffff
core   0: 0x80001778 (0x00008219) c.srli  a2, 6
core   0: 3 0x80001778 (0x8219) x12 0x00000000
core   0: 0x8000177a (0x0019b333) sltu    t1, s3, ra
core   0: 3 0x8000177a (0x0019b333) x6  0x00000001
core   0: 0x8000177e (0x4176d913) srai    s2, a3, 23
core   0: 3 0x8000177e (0x4176d913) x18 0x00000000
core   0: 0x80001782 (0x401bdb13) srai    s6, s7, 1
core   0: 3 0x80001782 (0x401bdb13) x22 0x00000000
core   0: 0x80001786 (0x00008fbe) c.mv    t6, a5
core   0: 3 0x80001786 (0x8fbe) x31 0x00000000
core   0: 0x80001788 (0xff0592e3) bne     a1, a6, pc - 28
core   0: 3 0x80001788 (0xff0592e3)
core   0: 0x8000176c (0x03578cb3) mul     s9, a5, s5
core   0: 3 0x8000176c (0x03578cb3) x25 0x00000000
core   0: 0x80001770 (0x0000857d) c.srai  a0, 31
core   0: 3 0x80001770 (0x857d) x10 0x00000000
core   0: 0x80001772 (0x000015e9) c.addi  a1, -6
core   0: 3 0x80001772 (0x15e9) x11 0xfffffff4
core   0: 0x80001774 (0x0205dab3) divu    s5, a1, zero
core   0: 3 0x80001774 (0x0205dab3) x21 0xffffffff
core   0: 0x80001778 (0x00008219) c.srli  a2, 6
core   0: 3 0x80001778 (0x8219) x12 0x00000000
core   0: 0x8000177a (0x0019b333) sltu    t1, s3, ra
core   0: 3 0x8000177a (0x0019b333) x6  0x00000001
core   0: 0x8000177e (0x4176d913) srai    s2, a3, 23
core   0: 3 0x8000177e (0x4176d913) x18 0x00000000
core   0: 0x80001782 (0x401bdb13) srai    s6, s7, 1
core   0: 3 0x80001782 (0x401bdb13) x22 0x00000000
core   0: 0x80001786 (0x00008fbe) c.mv    t6, a5
core   0: 3 0x80001786 (0x8fbe) x31 0x00000000
core   0: 0x80001788 (0xff0592e3) bne     a1, a6, pc - 28
core   0: 3 0x80001788 (0xff0592e3)
core   0: 0x8000178c (0x035eb933) mulhu   s2, t4, s5
core   0: 3 0x8000178c (0x035eb933) x18 0x307a4b6f
core   0: 0x80001790 (0x00004529) c.li    a0, 10
core   0: 3 0x80001790 (0x4529) x10 0x0000000a
core   0: 0x80001792 (0x000098e2) c.add   a7, s8
core   0: 3 0x80001792 (0x98e2) x17 0x0000efff
core   0: 0x80001794 (0x00004999) c.li    s3, 6
core   0: 3 0x80001794 (0x4999) x19 0x00000006
core   0: 0x80001796 (0x00008df1) c.and   a1, a2
core   0: 3 0x80001796 (0x8df1) x11 0x00000000
core   0: 0x80001798 (0x19027713) andi    a4, tp, 400
core   0: 3 0x80001798 (0x19027713) x14 0x00000100
core   0: 0x8000179c (0x0158d133) srl     sp, a7, s5
core   0: 3 0x8000179c (0x0158d133) x2  0x00000000
core   0: 0x800017a0 (0x00009ad2) c.add   s5, s4
core   0: 3 0x800017a0 (0x9ad2) x21 0x00000001
core   0: 0x800017a2 (0x0172edb3) or      s11, t0, s7
core   0: 3 0x800017a2 (0x0172edb3) x27 0xffffffff
core   0: 0x800017a6 (0x000095aa) c.add   a1, a0
core   0: 3 0x800017a6 (0x95aa) x11 0x0000000a
core   0: 0x800017a8 (0x009c3133) sltu    sp, s8, s1
core   0: 3 0x800017a8 (0x009c3133) x2  0x00000000
core   0: 0x800017ac (0x2ff59b97) auipc   s7, 0x2ff59
core   0: 3 0x800017ac (0x2ff59b97) x23 0xaff5a7ac
core   0: 0x800017b0 (0x0398cdb3) div     s11, a7, s9
core   0: 3 0x800017b0 (0x0398cdb3) x27 0xffffffff
core   0: 0x800017b4 (0x030a8a33) mul     s4, s5, a6
core   0: 3 0x800017b4 (0x030a8a33) x20 0xfffffff4
core   0: 0x800017b8 (0x69e2d937) lui     s2, 0x69e2d
core   0: 3 0x800017b8 (0x69e2d937) x18 0x69e2d000
core   0: 0x800017bc (0x03869633) mulh    a2, a3, s8
core   0: 3 0x800017bc (0x03869633) x12 0x00000000
core   0: 0x800017c0 (0x00006b71) c.lui   s6, 0x1c
core   0: 3 0x800017c0 (0x6b71) x22 0x0001c000
core   0: 0x800017c2 (0x0267b033) mulhu   zero, a5, t1
core   0: 3 0x800017c2 (0x0267b033)
core   0: 0x800017c6 (0x009d1593) slli    a1, s10, 9
core   0: 3 0x800017c6 (0x009d1593) x11 0xefd53200
core   0: 0x800017ca (0x00001575) c.addi  a0, -3
core   0: 3 0x800017ca (0x1575) x10 0x00000007
core   0: 0x800017cc (0x00006165) c.addi16sp sp, 112
core   0: 3 0x800017cc (0x6165) x2  0x00000070
core   0: 0x800017ce (0x0000717d) c.addi16sp sp, -16
core   0: 3 0x800017ce (0x717d) x2  0x00000060
core   0: 0x800017d0 (0x0075b8b3) sltu    a7, a1, t2
core   0: 3 0x800017d0 (0x0075b8b3) x17 0x00000001
core   0: 0x800017d4 (0x0313df33) divu    t5, t2, a7
core   0: 3 0x800017d4 (0x0313df33) x30 0xffffffff
core   0: 0x800017d8 (0x0392c7b3) div     a5, t0, s9
core   0: 3 0x800017d8 (0x0392c7b3) x15 0xffffffff
core   0: 0x800017dc (0xff3570e3) bgeu    a0, s3, pc - 32
core   0: 3 0x800017dc (0xff3570e3)
core   0: 0x800017bc (0x03869633) mulh    a2, a3, s8
core   0: 3 0x800017bc (0x03869633) x12 0x00000000
core   0: 0x800017c0 (0x00006b71) c.lui   s6, 0x1c
core   0: 3 0x800017c0 (0x6b71) x22 0x0001c000
core   0: 0x800017c2 (0x0267b033) mulhu   zero, a5, t1
core   0: 3 0x800017c2 (0x0267b033)
core   0: 0x800017c6 (0x009d1593) slli    a1, s10, 9
core   0: 3 0x800017c6 (0x009d1593) x11 0xefd53200
core   0: 0x800017ca (0x00001575) c.addi  a0, -3
core   0: 3 0x800017ca (0x1575) x10 0x00000004
core   0: 0x800017cc (0x00006165) c.addi16sp sp, 112
core   0: 3 0x800017cc (0x6165) x2  0x000000d0
core   0: 0x800017ce (0x0000717d) c.addi16sp sp, -16
core   0: 3 0x800017ce (0x717d) x2  0x000000c0
core   0: 0x800017d0 (0x0075b8b3) sltu    a7, a1, t2
core   0: 3 0x800017d0 (0x0075b8b3) x17 0x00000001
core   0: 0x800017d4 (0x0313df33) divu    t5, t2, a7
core   0: 3 0x800017d4 (0x0313df33) x30 0xffffffff
core   0: 0x800017d8 (0x0392c7b3) div     a5, t0, s9
core   0: 3 0x800017d8 (0x0392c7b3) x15 0xffffffff
core   0: 0x800017dc (0xff3570e3) bgeu    a0, s3, pc - 32
core   0: 3 0x800017dc (0xff3570e3)
core   0: 0x800017e0 (0x40230bb3) sub     s7, t1, sp
core   0: 3 0x800017e0 (0x40230bb3) x23 0xffffff41
core   0: 0x800017e4 (0x00005a61) c.li    s4, -8
core   0: 3 0x800017e4 (0x5a61) x20 0xfffffff8
core   0: 0x800017e6 (0x02e476b3) remu    a3, s0, a4
core   0: 3 0x800017e6 (0x02e476b3) x13 0x00000049
core   0: 0x800017ea (0x002bbf33) sltu    t5, s7, sp
core   0: 3 0x800017ea (0x002bbf33) x30 0x00000000
core   0: 0x800017ee (0x000047a5) c.li    a5, 9
core   0: 3 0x800017ee (0x47a5) x15 0x00000009
core   0: 0x800017f0 (0x000082b6) c.mv    t0, a3
core   0: 3 0x800017f0 (0x82b6) x5  0x00000049
core   0: 0x800017f2 (0x00000a25) c.addi  s4, 9
core   0: 3 0x800017f2 (0x0a25) x20 0x00000001
core   0: 0x800017f4 (0x00009cbe) c.add   s9, a5
core   0: 3 0x800017f4 (0x9cbe) x25 0x00000009
core   0: 0x800017f6 (0x000045a1) c.li    a1, 8
core   0: 3 0x800017f6 (0x45a1) x11 0x00000008
core   0: 0x800017f8 (0xf9663c93) sltiu   s9, a2, -106
core   0: 3 0x800017f8 (0xf9663c93) x25 0x00000001
core   0: 0x800017fc (0xcdfa0c93) addi    s9, s4, -801
core   0: 3 0x800017fc (0xcdfa0c93) x25 0xfffffce0
core   0: 0x80001800 (0x00f22133) slt     sp, tp, a5
core   0: 3 0x80001800 (0x00f22133) x2  0x00000001
core   0: 0x80001804 (0x00000001) c.nop
core   0: 3 0x80001804 (0x0001)
core   0: 0x80001806 (0x00000001) c.nop
core   0: 3 0x80001806 (0x0001)
core   0: 0x80001808 (0x41685413) srai    s0, a6, 22
core   0: 3 0x80001808 (0x41685413) x8  0xffffffff
core   0: 0x8000180c (0x025a10b3) mulh    ra, s4, t0
core   0: 3 0x8000180c (0x025a10b3) x1  0x00000000
core   0: 0x80001810 (0xe4fc4d13) xori    s10, s8, -433
core   0: 3 0x80001810 (0xe4fc4d13) x26 0xffff0e4f
core   0: 0x80001814 (0x000015e1) c.addi  a1, -8
core   0: 3 0x80001814 (0x15e1) x11 0x00000000
core   0: 0x80001816 (0x00000001) c.nop
core   0: 3 0x80001816 (0x0001)
core   0: 0x80001818 (0x0000f9f5) c.bnez  a1, pc - 12
core   0: 3 0x80001818 (0xf9f5)
core   0: 0x8000181a (0xfcfa6be3) bltu    s4, a5, pc - 42
core   0: 3 0x8000181a (0xfcfa6be3)
core   0: 0x800017f0 (0x000082b6) c.mv    t0, a3
core   0: 3 0x800017f0 (0x82b6) x5  0x00000049
core   0: 0x800017f2 (0x00000a25) c.addi  s4, 9
core   0: 3 0x800017f2 (0x0a25) x20 0x0000000a
core   0: 0x800017f4 (0x00009cbe) c.add   s9, a5
core   0: 3 0x800017f4 (0x9cbe) x25 0xfffffce9
core   0: 0x800017f6 (0x000045a1) c.li    a1, 8
core   0: 3 0x800017f6 (0x45a1) x11 0x00000008
core   0: 0x800017f8 (0xf9663c93) sltiu   s9, a2, -106
core   0: 3 0x800017f8 (0xf9663c93) x25 0x00000001
core   0: 0x800017fc (0xcdfa0c93) addi    s9, s4, -801
core   0: 3 0x800017fc (0xcdfa0c93) x25 0xfffffce9
core   0: 0x80001800 (0x00f22133) slt     sp, tp, a5
core   0: 3 0x80001800 (0x00f22133) x2  0x00000001
core   0: 0x80001804 (0x00000001) c.nop
core   0: 3 0x80001804 (0x0001)
core   0: 0x80001806 (0x00000001) c.nop
core   0: 3 0x80001806 (0x0001)
core   0: 0x80001808 (0x41685413) srai    s0, a6, 22
core   0: 3 0x80001808 (0x41685413) x8  0xffffffff
core   0: 0x8000180c (0x025a10b3) mulh    ra, s4, t0
core   0: 3 0x8000180c (0x025a10b3) x1  0x00000000
core   0: 0x80001810 (0xe4fc4d13) xori    s10, s8, -433
core   0: 3 0x80001810 (0xe4fc4d13) x26 0xffff0e4f
core   0: 0x80001814 (0x000015e1) c.addi  a1, -8
core   0: 3 0x80001814 (0x15e1) x11 0x00000000
core   0: 0x80001816 (0x00000001) c.nop
core   0: 3 0x80001816 (0x0001)
core   0: 0x80001818 (0x0000f9f5) c.bnez  a1, pc - 12
core   0: 3 0x80001818 (0xf9f5)
core   0: 0x8000181a (0xfcfa6be3) bltu    s4, a5, pc - 42
core   0: 3 0x8000181a (0xfcfa6be3)
core   0: 0x8000181e (0x01804833) xor     a6, zero, s8
core   0: 3 0x8000181e (0x01804833) x16 0x0000f000
core   0: 0x80001822 (0x0000460d) c.li    a2, 3
core   0: 3 0x80001822 (0x460d) x12 0x00000003
core   0: 0x80001824 (0x00ba25b3) slt     a1, s4, a1
core   0: 3 0x80001824 (0x00ba25b3) x11 0x00000000
core   0: 0x80001828 (0xf2552893) slti    a7, a0, -219
core   0: 3 0x80001828 (0xf2552893) x17 0x00000000
core   0: 0x8000182c (0x00004135) c.li    sp, 13
core   0: 3 0x8000182c (0x4135) x2  0x0000000d
core   0: 0x8000182e (0x00008f71) c.and   a4, a2
core   0: 3 0x8000182e (0x8f71) x14 0x00000000
core   0: 0x80001830 (0x03d74433) div     s0, a4, t4
core   0: 3 0x80001830 (0x03d74433) x8  0x00000000
core   0: 0x80001834 (0x018ebcb3) sltu    s9, t4, s8
core   0: 3 0x80001834 (0x018ebcb3) x25 0x00000000
core   0: 0x80001838 (0x000082e2) c.mv    t0, s8
core   0: 3 0x80001838 (0x82e2) x5  0x0000f000
core   0: 0x8000183a (0x4121dcb3) sra     s9, gp, s2
core   0: 3 0x8000183a (0x4121dcb3) x25 0x00000001
core   0: 0x8000183e (0x00008dad) c.xor   a1, a1
core   0: 3 0x8000183e (0x8dad) x11 0x00000000
core   0: 0x80001840 (0x00000001) c.nop
core   0: 3 0x80001840 (0x0001)
core   0: 0x80001842 (0x0000975a) c.add   a4, s6
core   0: 3 0x80001842 (0x975a) x14 0x0001c000
core   0: 0x80001844 (0x005990b3) sll     ra, s3, t0
core   0: 3 0x80001844 (0x005990b3) x1  0x00000006
core   0: 0x80001848 (0x0002da13) srli    s4, t0, 0
core   0: 3 0x80001848 (0x0002da13) x20 0x0000f000
core   0: 0x8000184c (0x00000a5a) c.slli  s4, 22
core   0: 3 0x8000184c (0x0a5a) x20 0x00000000
core   0: 0x8000184e (0x03d81433) mulh    s0, a6, t4
core   0: 3 0x8000184e (0x03d81433) x8  0x00002d72
core   0: 0x80001852 (0x6d6b0813) addi    a6, s6, 1750
core   0: 3 0x80001852 (0x6d6b0813) x16 0x0001c6d6
core   0: 0x80001856 (0xd558ea93) ori     s5, a7, -683
core   0: 3 0x80001856 (0xd558ea93) x21 0xfffffd55
core   0: 0x8000185a (0x000082bd) c.srli  a3, 15
core   0: 3 0x8000185a (0x82bd) x13 0x00000000
core   0: 0x8000185c (0x002941b3) xor     gp, s2, sp
core   0: 3 0x8000185c (0x002941b3) x3  0x69e2d00d
core   0: 0x80001860 (0x00000629) c.addi  a2, 10
core   0: 3 0x80001860 (0x0629) x12 0x0000000d
core   0: 0x80001862 (0x44295097) auipc   ra, 0x44295
core   0: 3 0x80001862 (0x44295097) x1  0xc4296862
core   0: 0x80001866 (0x000055fd) c.li    a1, -1
core   0: 3 0x80001866 (0x55fd) x11 0xffffffff
core   0: 0x80001868 (0x00008fa9) c.xor   a5, a0
core   0: 3 0x80001868 (0x8fa9) x15 0x0000000d
core   0: 0x8000186a (0x032447b3) div     a5, s0, s2
core   0: 3 0x8000186a (0x032447b3) x15 0x00000000
core   0: 0x8000186e (0x41935333) sra     t1, t1, s9
core   0: 3 0x8000186e (0x41935333) x6  0x00000000
core   0: 0x80001872 (0x0156f2b3) and     t0, a3, s5
core   0: 3 0x80001872 (0x0156f2b3) x5  0x00000000
core   0: 0x80001876 (0x0218f1b3) remu    gp, a7, ra
core   0: 3 0x80001876 (0x0218f1b3) x3  0x00000000
core   0: 0x8000187a (0xfe2611e3) bne     a2, sp, pc - 30
core   0: 3 0x8000187a (0xfe2611e3)
core   0: 0x8000187e (0x016b7333) and     t1, s6, s6
core   0: 3 0x8000187e (0x016b7333) x6  0x0001c000
core   0: 0x80001882 (0x0000480d) c.li    a6, 3
core   0: 3 0x80001882 (0x480d) x16 0x00000003
core   0: 0x80001884 (0x0000537d) c.li    t1, -1
core   0: 3 0x80001884 (0x537d) x6  0xffffffff
core   0: 0x80001886 (0x034a5333) divu    t1, s4, s4
core   0: 3 0x80001886 (0x034a5333) x6  0xffffffff
core   0: 0x8000188a (0x00005d65) c.li    s10, -7
core   0: 3 0x8000188a (0x5d65) x26 0xfffffff9
core   0: 0x8000188c (0x4126db33) sra     s6, a3, s2
core   0: 3 0x8000188c (0x4126db33) x22 0x00000000
core   0: 0x80001890 (0x11da7913) andi    s2, s4, 285
core   0: 3 0x80001890 (0x11da7913) x18 0x00000000
core   0: 0x80001894 (0x00000001) c.nop
core   0: 3 0x80001894 (0x0001)
core   0: 0x80001896 (0x0000187d) c.addi  a6, -1
core   0: 3 0x80001896 (0x187d) x16 0x00000002
core   0: 0x80001898 (0x00000766) c.slli  a4, 25
core   0: 3 0x80001898 (0x0766) x14 0x00000000
core   0: 0x8000189a (0x00bf64b3) or      s1, t5, a1
core   0: 3 0x8000189a (0x00bf64b3) x9  0xffffffff
core   0: 0x8000189e (0x837b7a97) auipc   s5, 0x837b7
core   0: 3 0x8000189e (0x837b7a97) x21 0x037b889e
core   0: 0x800018a2 (0x018fd513) srli    a0, t6, 24
core   0: 3 0x800018a2 (0x018fd513) x10 0x00000000
core   0: 0x800018a6 (0x6ff52cb7) lui     s9, 0x6ff52
core   0: 3 0x800018a6 (0x6ff52cb7) x25 0x6ff52000
core   0: 0x800018aa (0x0000891d) c.andi  a0, 7
core   0: 3 0x800018aa (0x891d) x10 0x00000000
core   0: 0x800018ac (0x02183f33) mulhu   t5, a6, ra
core   0: 3 0x800018ac (0x02183f33) x30 0x00000001
core   0: 0x800018b0 (0x32f5c993) xori    s3, a1, 815
core   0: 3 0x800018b0 (0x32f5c993) x19 0xfffffcd0
core   0: 0x800018b4 (0x0000039c) c.addi4spn a5, sp, 448
core   0: 3 0x800018b4 (0x039c) x15 0x000001cd
core   0: 0x800018b6 (0xfda80de3) beq     a6, s10, pc - 38
core   0: 3 0x800018b6 (0xfda80de3)
core   0: 0x800018ba (0x4009d493) srai    s1, s3, 0
core   0: 3 0x800018ba (0x4009d493) x9  0xfffffcd0
core   0: 0x800018be (0x000044a9) c.li    s1, 10
core   0: 3 0x800018be (0x44a9) x9  0x0000000a
core   0: 0x800018c0 (0x00f75b33) srl     s6, a4, a5
core   0: 3 0x800018c0 (0x00f75b33) x22 0x00000000
core   0: 0x800018c4 (0x00008dc9) c.or    a1, a0
core   0: 3 0x800018c4 (0x8dc9) x11 0xffffffff
core   0: 0x800018c6 (0x0000413d) c.li    sp, 15
core   0: 3 0x800018c6 (0x413d) x2  0x0000000f
core   0: 0x800018c8 (0x032fa533) mulhsu  a0, t6, s2
core   0: 3 0x800018c8 (0x032fa533) x10 0x00000000
core   0: 0x800018cc (0x41f28a33) sub     s4, t0, t6
core   0: 3 0x800018cc (0x41f28a33) x20 0x00000000
core   0: 0x800018d0 (0x00001714) c.addi4spn a3, sp, 928
core   0: 3 0x800018d0 (0x1714) x13 0x000003af
core   0: 0x800018d2 (0x54e5b293) sltiu   t0, a1, 1358
core   0: 3 0x800018d2 (0x54e5b293) x5  0x00000000
core   0: 0x800018d6 (0x000004a5) c.addi  s1, 9
core   0: 3 0x800018d6 (0x04a5) x9  0x00000013
core   0: 0x800018d8 (0x42b0f813) andi    a6, ra, 1067
core   0: 3 0x800018d8 (0x42b0f813) x16 0x00000022
core   0: 0x800018dc (0x00000001) c.nop
core   0: 3 0x800018dc (0x0001)
core   0: 0x800018de (0x0029e1b3) or      gp, s3, sp
core   0: 3 0x800018de (0x0029e1b3) x3  0xfffffcdf
core   0: 0x800018e2 (0x0036b0b3) sltu    ra, a3, gp
core   0: 3 0x800018e2 (0x0036b0b3) x1  0x00000001
core   0: 0x800018e6 (0x0278c633) div     a2, a7, t2
core   0: 3 0x800018e6 (0x0278c633) x12 0x00000000
core   0: 0x800018ea (0x0287b333) mulhu   t1, a5, s0
core   0: 3 0x800018ea (0x0287b333) x6  0x00000000
core   0: 0x800018ee (0x033411b3) mulh    gp, s0, s3
core   0: 3 0x800018ee (0x033411b3) x3  0xffffffff
core   0: 0x800018f2 (0xfc24cfe3) blt     s1, sp, pc - 34
core   0: 3 0x800018f2 (0xfc24cfe3)
core   0: 0x800018f6 (0x48d18293) addi    t0, gp, 1165
core   0: 3 0x800018f6 (0x48d18293) x5  0x0000048c
core   0: 0x800018fa (0x00004815) c.li    a6, 5
core   0: 3 0x800018fa (0x4815) x16 0x00000005
core   0: 0x800018fc (0x0341ccb3) div     s9, gp, s4
core   0: 3 0x800018fc (0x0341ccb3) x25 0xffffffff
core   0: 0x80001900 (0x8ac3f8b7) lui     a7, 0x8ac3f
core   0: 3 0x80001900 (0x8ac3f8b7) x17 0x8ac3f000
core   0: 0x80001904 (0x000043a9) c.li    t2, 10
core   0: 3 0x80001904 (0x43a9) x7  0x0000000a
core   0: 0x80001906 (0x03698fb3) mul     t6, s3, s6
core   0: 3 0x80001906 (0x03698fb3) x31 0x00000000
core   0: 0x8000190a (0x03033733) mulhu   a4, t1, a6
core   0: 3 0x8000190a (0x03033733) x14 0x00000000
core   0: 0x8000190e (0x00000815) c.addi  a6, 5
core   0: 3 0x8000190e (0x0815) x16 0x0000000a
core   0: 0x80001910 (0x52160793) addi    a5, a2, 1313
core   0: 3 0x80001910 (0x52160793) x15 0x00000521
core   0: 0x80001914 (0x000055e9) c.li    a1, -6
core   0: 3 0x80001914 (0x55e9) x11 0xfffffffa
core   0: 0x80001916 (0x00004c15) c.li    s8, 5
core   0: 3 0x80001916 (0x4c15) x24 0x00000005
core   0: 0x80001918 (0x00008d65) c.and   a0, s1
core   0: 3 0x80001918 (0x8d65) x10 0x00000000
core   0: 0x8000191a (0x03282433) mulhsu  s0, a6, s2
core   0: 3 0x8000191a (0x03282433) x8  0x00000000
core   0: 0x8000191e (0x000050bd) c.li    ra, -17
core   0: 3 0x8000191e (0x50bd) x1  0xffffffef
core   0: 0x80001920 (0x49c1cf37) lui     t5, 0x49c1c
core   0: 3 0x80001920 (0x49c1cf37) x30 0x49c1c000
core   0: 0x80001924 (0x00009bea) c.add   s7, s10
core   0: 3 0x80001924 (0x9bea) x23 0xffffff3a
core   0: 0x80001926 (0x000015d9) c.addi  a1, -10
core   0: 3 0x80001926 (0x15d9) x11 0xfffffff0
core   0: 0x80001928 (0x02a85c33) divu    s8, a6, a0
core   0: 3 0x80001928 (0x02a85c33) x24 0xffffffff
core   0: 0x8000192c (0x41ea5733) sra     a4, s4, t5
core   0: 3 0x8000192c (0x41ea5733) x14 0x00000000
core   0: 0x80001930 (0x33296693) ori     a3, s2, 818
core   0: 3 0x80001930 (0x33296693) x13 0x00000332
core   0: 0x80001934 (0x03bb7533) remu    a0, s6, s11
core   0: 3 0x80001934 (0x03bb7533) x10 0x00000000
core   0: 0x80001938 (0x00399193) slli    gp, s3, 3
core   0: 3 0x80001938 (0x00399193) x3  0xffffe680
core   0: 0x8000193c (0x0367eab3) rem     s5, a5, s6
core   0: 3 0x8000193c (0x0367eab3) x21 0x00000521
core   0: 0x80001940 (0xfe15d2e3) bge     a1, ra, pc - 28
core   0: 3 0x80001940 (0xfe15d2e3)
core   0: 0x80001924 (0x00009bea) c.add   s7, s10
core   0: 3 0x80001924 (0x9bea) x23 0xffffff33
core   0: 0x80001926 (0x000015d9) c.addi  a1, -10
core   0: 3 0x80001926 (0x15d9) x11 0xffffffe6
core   0: 0x80001928 (0x02a85c33) divu    s8, a6, a0
core   0: 3 0x80001928 (0x02a85c33) x24 0xffffffff
core   0: 0x8000192c (0x41ea5733) sra     a4, s4, t5
core   0: 3 0x8000192c (0x41ea5733) x14 0x00000000
core   0: 0x80001930 (0x33296693) ori     a3, s2, 818
core   0: 3 0x80001930 (0x33296693) x13 0x00000332
core   0: 0x80001934 (0x03bb7533) remu    a0, s6, s11
core   0: 3 0x80001934 (0x03bb7533) x10 0x00000000
core   0: 0x80001938 (0x00399193) slli    gp, s3, 3
core   0: 3 0x80001938 (0x00399193) x3  0xffffe680
core   0: 0x8000193c (0x0367eab3) rem     s5, a5, s6
core   0: 3 0x8000193c (0x0367eab3) x21 0x00000521
core   0: 0x80001940 (0xfe15d2e3) bge     a1, ra, pc - 28
core   0: 3 0x80001940 (0xfe15d2e3)
core   0: 0x80001944 (0x011a31b3) sltu    gp, s4, a7
core   0: 3 0x80001944 (0x011a31b3) x3  0x00000001
core   0: 0x80001948 (0x00009df6) c.add   s11, t4
core   0: 3 0x80001948 (0x9df6) x27 0x307a4b6f
core   0: 0x8000194a (0x006c1733) sll     a4, s8, t1
core   0: 3 0x8000194a (0x006c1733) x14 0xffffffff
core   0: 0x8000194e (0x5d812297) auipc   t0, 0x5d812
core   0: 3 0x8000194e (0x5d812297) x5  0xdd81394e
core   0: 0x80001952 (0xfa781ce3) bne     a6, t2, pc - 72
core   0: 3 0x80001952 (0xfa781ce3)
core   0: 0x80001956 (0xff207f13) andi    t5, zero, -14
core   0: 3 0x80001956 (0xff207f13) x30 0x00000000
core   0: 0x8000195a (0x00005475) c.li    s0, -3
core   0: 3 0x8000195a (0x5475) x8  0xfffffffd
core   0: 0x8000195c (0x019468b3) or      a7, s0, s9
core   0: 3 0x8000195c (0x019468b3) x17 0xffffffff
core   0: 0x80001960 (0x79084493) xori    s1, a6, 1936
core   0: 3 0x80001960 (0x79084493) x9  0x0000079a
core   0: 0x80001964 (0x00004b99) c.li    s7, 6
core   0: 3 0x80001964 (0x4b99) x23 0x00000006
core   0: 0x80001966 (0x01013033) sltu    zero, sp, a6
core   0: 3 0x80001966 (0x01013033)
core   0: 0x8000196a (0x0150b6b3) sltu    a3, ra, s5
core   0: 3 0x8000196a (0x0150b6b3) x13 0x00000000
core   0: 0x8000196e (0x00357c33) and     s8, a0, gp
core   0: 3 0x8000196e (0x00357c33) x24 0x00000000
core   0: 0x80001972 (0x01990d33) add     s10, s2, s9
core   0: 3 0x80001972 (0x01990d33) x26 0xffffffff
core   0: 0x80001976 (0x00000e84) c.addi4spn s1, sp, 848
core   0: 3 0x80001976 (0x0e84) x9  0x0000035f
core   0: 0x80001978 (0x00000001) c.nop
core   0: 3 0x80001978 (0x0001)
core   0: 0x8000197a (0x00739633) sll     a2, t2, t2
core   0: 3 0x8000197a (0x00739633) x12 0x00002800
core   0: 0x8000197e (0x0000483d) c.li    a6, 15
core   0: 3 0x8000197e (0x483d) x16 0x0000000f
core   0: 0x80001980 (0x02d45bb3) divu    s7, s0, a3
core   0: 3 0x80001980 (0x02d45bb3) x23 0xffffffff
core   0: 0x80001984 (0x02aa26b3) mulhsu  a3, s4, a0
core   0: 3 0x80001984 (0x02aa26b3) x13 0x00000000
core   0: 0x80001988 (0x00008d09) c.sub   a0, a0
core   0: 3 0x80001988 (0x8d09) x10 0x00000000
core   0: 0x8000198a (0x9c433993) sltiu   s3, t1, -1596
core   0: 3 0x8000198a (0x9c433993) x19 0x00000001
core   0: 0x8000198e (0x033b92b3) mulh    t0, s7, s3
core   0: 3 0x8000198e (0x033b92b3) x5  0xffffffff
core   0: 0x80001992 (0x019a1533) sll     a0, s4, s9
core   0: 3 0x80001992 (0x019a1533) x10 0x00000000
core   0: 0x80001996 (0x00000415) c.addi  s0, 5
core   0: 3 0x80001996 (0x0415) x8  0x00000002
core   0: 0x80001998 (0x000093aa) c.add   t2, a0
core   0: 3 0x80001998 (0x93aa) x7  0x0000000a
core   0: 0x8000199a (0xed1c3793) sltiu   a5, s8, -303
core   0: 3 0x8000199a (0xed1c3793) x15 0x00000001
core   0: 0x8000199e (0xf845ea17) auipc   s4, 0xf845e
core   0: 3 0x8000199e (0xf845ea17) x20 0x7845f99e
core   0: 0x800019a2 (0x00000001) c.nop
core   0: 3 0x800019a2 (0x0001)
core   0: 0x800019a4 (0x00000001) c.nop
core   0: 3 0x800019a4 (0x0001)
core   0: 0x800019a6 (0x0000611d) c.addi16sp sp, 416
core   0: 3 0x800019a6 (0x611d) x2  0x000001af
core   0: 0x800019a8 (0xff0463e3) bltu    s0, a6, pc - 26
core   0: 3 0x800019a8 (0xff0463e3)
core   0: 0x8000198e (0x033b92b3) mulh    t0, s7, s3
core   0: 3 0x8000198e (0x033b92b3) x5  0xffffffff
core   0: 0x80001992 (0x019a1533) sll     a0, s4, s9
core   0: 3 0x80001992 (0x019a1533) x10 0x00000000
core   0: 0x80001996 (0x00000415) c.addi  s0, 5
core   0: 3 0x80001996 (0x0415) x8  0x00000007
core   0: 0x80001998 (0x000093aa) c.add   t2, a0
core   0: 3 0x80001998 (0x93aa) x7  0x0000000a
core   0: 0x8000199a (0xed1c3793) sltiu   a5, s8, -303
core   0: 3 0x8000199a (0xed1c3793) x15 0x00000001
core   0: 0x8000199e (0xf845ea17) auipc   s4, 0xf845e
core   0: 3 0x8000199e (0xf845ea17) x20 0x7845f99e
core   0: 0x800019a2 (0x00000001) c.nop
core   0: 3 0x800019a2 (0x0001)
core   0: 0x800019a4 (0x00000001) c.nop
core   0: 3 0x800019a4 (0x0001)
core   0: 0x800019a6 (0x0000611d) c.addi16sp sp, 416
core   0: 3 0x800019a6 (0x611d) x2  0x0000034f
core   0: 0x800019a8 (0xff0463e3) bltu    s0, a6, pc - 26
core   0: 3 0x800019a8 (0xff0463e3)
core   0: 0x8000198e (0x033b92b3) mulh    t0, s7, s3
core   0: 3 0x8000198e (0x033b92b3) x5  0xffffffff
core   0: 0x80001992 (0x019a1533) sll     a0, s4, s9
core   0: 3 0x80001992 (0x019a1533) x10 0x00000000
core   0: 0x80001996 (0x00000415) c.addi  s0, 5
core   0: 3 0x80001996 (0x0415) x8  0x0000000c
core   0: 0x80001998 (0x000093aa) c.add   t2, a0
core   0: 3 0x80001998 (0x93aa) x7  0x0000000a
core   0: 0x8000199a (0xed1c3793) sltiu   a5, s8, -303
core   0: 3 0x8000199a (0xed1c3793) x15 0x00000001
core   0: 0x8000199e (0xf845ea17) auipc   s4, 0xf845e
core   0: 3 0x8000199e (0xf845ea17) x20 0x7845f99e
core   0: 0x800019a2 (0x00000001) c.nop
core   0: 3 0x800019a2 (0x0001)
core   0: 0x800019a4 (0x00000001) c.nop
core   0: 3 0x800019a4 (0x0001)
core   0: 0x800019a6 (0x0000611d) c.addi16sp sp, 416
core   0: 3 0x800019a6 (0x611d) x2  0x000004ef
core   0: 0x800019a8 (0xff0463e3) bltu    s0, a6, pc - 26
core   0: 3 0x800019a8 (0xff0463e3)
core   0: 0x8000198e (0x033b92b3) mulh    t0, s7, s3
core   0: 3 0x8000198e (0x033b92b3) x5  0xffffffff
core   0: 0x80001992 (0x019a1533) sll     a0, s4, s9
core   0: 3 0x80001992 (0x019a1533) x10 0x00000000
core   0: 0x80001996 (0x00000415) c.addi  s0, 5
core   0: 3 0x80001996 (0x0415) x8  0x00000011
core   0: 0x80001998 (0x000093aa) c.add   t2, a0
core   0: 3 0x80001998 (0x93aa) x7  0x0000000a
core   0: 0x8000199a (0xed1c3793) sltiu   a5, s8, -303
core   0: 3 0x8000199a (0xed1c3793) x15 0x00000001
core   0: 0x8000199e (0xf845ea17) auipc   s4, 0xf845e
core   0: 3 0x8000199e (0xf845ea17) x20 0x7845f99e
core   0: 0x800019a2 (0x00000001) c.nop
core   0: 3 0x800019a2 (0x0001)
core   0: 0x800019a4 (0x00000001) c.nop
core   0: 3 0x800019a4 (0x0001)
core   0: 0x800019a6 (0x0000611d) c.addi16sp sp, 416
core   0: 3 0x800019a6 (0x611d) x2  0x0000068f
core   0: 0x800019a8 (0xff0463e3) bltu    s0, a6, pc - 26
core   0: 3 0x800019a8 (0xff0463e3)
core   0: 0x800019ac (0x00008f19) c.sub   a4, a4
core   0: 3 0x800019ac (0x8f19) x14 0x00000000
core   0: 0x800019ae (0x00004719) c.li    a4, 6
core   0: 3 0x800019ae (0x4719) x14 0x00000006
core   0: 0x800019b0 (0x00004995) c.li    s3, 5
core   0: 3 0x800019b0 (0x4995) x19 0x00000005
core   0: 0x800019b2 (0x00008d59) c.or    a0, a4
core   0: 3 0x800019b2 (0x8d59) x10 0x00000006
core   0: 0x800019b4 (0x00001779) c.addi  a4, -2
core   0: 3 0x800019b4 (0x1779) x14 0x00000004
core   0: 0x800019b6 (0xff377ee3) bgeu    a4, s3, pc - 4
core   0: 3 0x800019b6 (0xff377ee3)
core   0: 0x800019ba (0x7ee56193) ori     gp, a0, 2030
core   0: 3 0x800019ba (0x7ee56193) x3  0x000007ee
core   0: 0x800019be (0x00004629) c.li    a2, 10
core   0: 3 0x800019be (0x4629) x12 0x0000000a
core   0: 0x800019c0 (0x006decb3) or      s9, s11, t1
core   0: 3 0x800019c0 (0x006decb3) x25 0x307a4b6f
core   0: 0x800019c4 (0x012151b3) srl     gp, sp, s2
core   0: 3 0x800019c4 (0x012151b3) x3  0x0000068f
core   0: 0x800019c8 (0x0161da33) srl     s4, gp, s6
core   0: 3 0x800019c8 (0x0161da33) x20 0x0000068f
core   0: 0x800019cc (0x01a330b3) sltu    ra, t1, s10
core   0: 3 0x800019cc (0x01a330b3) x1  0x00000001
core   0: 0x800019d0 (0x0000441d) c.li    s0, 7
core   0: 3 0x800019d0 (0x441d) x8  0x00000007
core   0: 0x800019d2 (0x0000071a) c.slli  a4, 6
core   0: 3 0x800019d2 (0x071a) x14 0x00000100
core   0: 0x800019d4 (0x007a17b3) sll     a5, s4, t2
core   0: 3 0x800019d4 (0x007a17b3) x15 0x001a3c00
core   0: 0x800019d8 (0x00008f59) c.or    a4, a4
core   0: 3 0x800019d8 (0x8f59) x14 0x00000100
core   0: 0x800019da (0x00008d51) c.or    a0, a2
core   0: 3 0x800019da (0x8d51) x10 0x0000000e
core   0: 0x800019dc (0x00008e85) c.sub   a3, s1
core   0: 3 0x800019dc (0x8e85) x13 0xfffffca1
core   0: 0x800019de (0x0000167d) c.addi  a2, -1
core   0: 3 0x800019de (0x167d) x12 0x00000009
core   0: 0x800019e0 (0x008e1033) sll     zero, t3, s0
core   0: 3 0x800019e0 (0x008e1033)
core   0: 0x800019e4 (0xc3e23193) sltiu   gp, tp, -962
core   0: 3 0x800019e4 (0xc3e23193) x3  0x00000001
core   0: 0x800019e8 (0x000054e9) c.li    s1, -6
core   0: 3 0x800019e8 (0x54e9) x9  0xfffffffa
core   0: 0x800019ea (0x006d67b3) or      a5, s10, t1
core   0: 3 0x800019ea (0x006d67b3) x15 0xffffffff
core   0: 0x800019ee (0x03fba6b3) mulhsu  a3, s7, t6
core   0: 3 0x800019ee (0x03fba6b3) x13 0x00000000
core   0: 0x800019f2 (0x000043a9) c.li    t2, 10
core   0: 3 0x800019f2 (0x43a9) x7  0x0000000a
core   0: 0x800019f4 (0x013fbd33) sltu    s10, t6, s3
core   0: 3 0x800019f4 (0x013fbd33) x26 0x00000001
core   0: 0x800019f8 (0x005f3bb3) sltu    s7, t5, t0
core   0: 3 0x800019f8 (0x005f3bb3) x23 0x00000001
core   0: 0x800019fc (0x025f62b3) rem     t0, t5, t0
core   0: 3 0x800019fc (0x025f62b3) x5  0x00000000
core   0: 0x80001a00 (0x00000485) c.addi  s1, 1
core   0: 3 0x80001a00 (0x0485) x9  0xfffffffb
core   0: 0x80001a02 (0x01f8dc33) srl     s8, a7, t6
core   0: 3 0x80001a02 (0x01f8dc33) x24 0xffffffff
core   0: 0x80001a06 (0xfe7499e3) bne     s1, t2, pc - 14
core   0: 3 0x80001a06 (0xfe7499e3)
core   0: 0x800019f8 (0x005f3bb3) sltu    s7, t5, t0
core   0: 3 0x800019f8 (0x005f3bb3) x23 0x00000000
core   0: 0x800019fc (0x025f62b3) rem     t0, t5, t0
core   0: 3 0x800019fc (0x025f62b3) x5  0x00000000
core   0: 0x80001a00 (0x00000485) c.addi  s1, 1
core   0: 3 0x80001a00 (0x0485) x9  0xfffffffc
core   0: 0x80001a02 (0x01f8dc33) srl     s8, a7, t6
core   0: 3 0x80001a02 (0x01f8dc33) x24 0xffffffff
core   0: 0x80001a06 (0xfe7499e3) bne     s1, t2, pc - 14
core   0: 3 0x80001a06 (0xfe7499e3)
core   0: 0x800019f8 (0x005f3bb3) sltu    s7, t5, t0
core   0: 3 0x800019f8 (0x005f3bb3) x23 0x00000000
core   0: 0x800019fc (0x025f62b3) rem     t0, t5, t0
core   0: 3 0x800019fc (0x025f62b3) x5  0x00000000
core   0: 0x80001a00 (0x00000485) c.addi  s1, 1
core   0: 3 0x80001a00 (0x0485) x9  0xfffffffd
core   0: 0x80001a02 (0x01f8dc33) srl     s8, a7, t6
core   0: 3 0x80001a02 (0x01f8dc33) x24 0xffffffff
core   0: 0x80001a06 (0xfe7499e3) bne     s1, t2, pc - 14
core   0: 3 0x80001a06 (0xfe7499e3)
core   0: 0x800019f8 (0x005f3bb3) sltu    s7, t5, t0
core   0: 3 0x800019f8 (0x005f3bb3) x23 0x00000000
core   0: 0x800019fc (0x025f62b3) rem     t0, t5, t0
core   0: 3 0x800019fc (0x025f62b3) x5  0x00000000
core   0: 0x80001a00 (0x00000485) c.addi  s1, 1
core   0: 3 0x80001a00 (0x0485) x9  0xfffffffe
core   0: 0x80001a02 (0x01f8dc33) srl     s8, a7, t6
core   0: 3 0x80001a02 (0x01f8dc33) x24 0xffffffff
core   0: 0x80001a06 (0xfe7499e3) bne     s1, t2, pc - 14
core   0: 3 0x80001a06 (0xfe7499e3)
core   0: 0x800019f8 (0x005f3bb3) sltu    s7, t5, t0
core   0: 3 0x800019f8 (0x005f3bb3) x23 0x00000000
core   0: 0x800019fc (0x025f62b3) rem     t0, t5, t0
core   0: 3 0x800019fc (0x025f62b3) x5  0x00000000
core   0: 0x80001a00 (0x00000485) c.addi  s1, 1
core   0: 3 0x80001a00 (0x0485) x9  0xffffffff
core   0: 0x80001a02 (0x01f8dc33) srl     s8, a7, t6
core   0: 3 0x80001a02 (0x01f8dc33) x24 0xffffffff
core   0: 0x80001a06 (0xfe7499e3) bne     s1, t2, pc - 14
core   0: 3 0x80001a06 (0xfe7499e3)
core   0: 0x800019f8 (0x005f3bb3) sltu    s7, t5, t0
core   0: 3 0x800019f8 (0x005f3bb3) x23 0x00000000
core   0: 0x800019fc (0x025f62b3) rem     t0, t5, t0
core   0: 3 0x800019fc (0x025f62b3) x5  0x00000000
core   0: 0x80001a00 (0x00000485) c.addi  s1, 1
core   0: 3 0x80001a00 (0x0485) x9  0x00000000
core   0: 0x80001a02 (0x01f8dc33) srl     s8, a7, t6
core   0: 3 0x80001a02 (0x01f8dc33) x24 0xffffffff
core   0: 0x80001a06 (0xfe7499e3) bne     s1, t2, pc - 14
core   0: 3 0x80001a06 (0xfe7499e3)
core   0: 0x800019f8 (0x005f3bb3) sltu    s7, t5, t0
core   0: 3 0x800019f8 (0x005f3bb3) x23 0x00000000
core   0: 0x800019fc (0x025f62b3) rem     t0, t5, t0
core   0: 3 0x800019fc (0x025f62b3) x5  0x00000000
core   0: 0x80001a00 (0x00000485) c.addi  s1, 1
core   0: 3 0x80001a00 (0x0485) x9  0x00000001
core   0: 0x80001a02 (0x01f8dc33) srl     s8, a7, t6
core   0: 3 0x80001a02 (0x01f8dc33) x24 0xffffffff
core   0: 0x80001a06 (0xfe7499e3) bne     s1, t2, pc - 14
core   0: 3 0x80001a06 (0xfe7499e3)
core   0: 0x800019f8 (0x005f3bb3) sltu    s7, t5, t0
core   0: 3 0x800019f8 (0x005f3bb3) x23 0x00000000
core   0: 0x800019fc (0x025f62b3) rem     t0, t5, t0
core   0: 3 0x800019fc (0x025f62b3) x5  0x00000000
core   0: 0x80001a00 (0x00000485) c.addi  s1, 1
core   0: 3 0x80001a00 (0x0485) x9  0x00000002
core   0: 0x80001a02 (0x01f8dc33) srl     s8, a7, t6
core   0: 3 0x80001a02 (0x01f8dc33) x24 0xffffffff
core   0: 0x80001a06 (0xfe7499e3) bne     s1, t2, pc - 14
core   0: 3 0x80001a06 (0xfe7499e3)
core   0: 0x800019f8 (0x005f3bb3) sltu    s7, t5, t0
core   0: 3 0x800019f8 (0x005f3bb3) x23 0x00000000
core   0: 0x800019fc (0x025f62b3) rem     t0, t5, t0
core   0: 3 0x800019fc (0x025f62b3) x5  0x00000000
core   0: 0x80001a00 (0x00000485) c.addi  s1, 1
core   0: 3 0x80001a00 (0x0485) x9  0x00000003
core   0: 0x80001a02 (0x01f8dc33) srl     s8, a7, t6
core   0: 3 0x80001a02 (0x01f8dc33) x24 0xffffffff
core   0: 0x80001a06 (0xfe7499e3) bne     s1, t2, pc - 14
core   0: 3 0x80001a06 (0xfe7499e3)
core   0: 0x800019f8 (0x005f3bb3) sltu    s7, t5, t0
core   0: 3 0x800019f8 (0x005f3bb3) x23 0x00000000
core   0: 0x800019fc (0x025f62b3) rem     t0, t5, t0
core   0: 3 0x800019fc (0x025f62b3) x5  0x00000000
core   0: 0x80001a00 (0x00000485) c.addi  s1, 1
core   0: 3 0x80001a00 (0x0485) x9  0x00000004
core   0: 0x80001a02 (0x01f8dc33) srl     s8, a7, t6
core   0: 3 0x80001a02 (0x01f8dc33) x24 0xffffffff
core   0: 0x80001a06 (0xfe7499e3) bne     s1, t2, pc - 14
core   0: 3 0x80001a06 (0xfe7499e3)
core   0: 0x800019f8 (0x005f3bb3) sltu    s7, t5, t0
core   0: 3 0x800019f8 (0x005f3bb3) x23 0x00000000
core   0: 0x800019fc (0x025f62b3) rem     t0, t5, t0
core   0: 3 0x800019fc (0x025f62b3) x5  0x00000000
core   0: 0x80001a00 (0x00000485) c.addi  s1, 1
core   0: 3 0x80001a00 (0x0485) x9  0x00000005
core   0: 0x80001a02 (0x01f8dc33) srl     s8, a7, t6
core   0: 3 0x80001a02 (0x01f8dc33) x24 0xffffffff
core   0: 0x80001a06 (0xfe7499e3) bne     s1, t2, pc - 14
core   0: 3 0x80001a06 (0xfe7499e3)
core   0: 0x800019f8 (0x005f3bb3) sltu    s7, t5, t0
core   0: 3 0x800019f8 (0x005f3bb3) x23 0x00000000
core   0: 0x800019fc (0x025f62b3) rem     t0, t5, t0
core   0: 3 0x800019fc (0x025f62b3) x5  0x00000000
core   0: 0x80001a00 (0x00000485) c.addi  s1, 1
core   0: 3 0x80001a00 (0x0485) x9  0x00000006
core   0: 0x80001a02 (0x01f8dc33) srl     s8, a7, t6
core   0: 3 0x80001a02 (0x01f8dc33) x24 0xffffffff
core   0: 0x80001a06 (0xfe7499e3) bne     s1, t2, pc - 14
core   0: 3 0x80001a06 (0xfe7499e3)
core   0: 0x800019f8 (0x005f3bb3) sltu    s7, t5, t0
core   0: 3 0x800019f8 (0x005f3bb3) x23 0x00000000
core   0: 0x800019fc (0x025f62b3) rem     t0, t5, t0
core   0: 3 0x800019fc (0x025f62b3) x5  0x00000000
core   0: 0x80001a00 (0x00000485) c.addi  s1, 1
core   0: 3 0x80001a00 (0x0485) x9  0x00000007
core   0: 0x80001a02 (0x01f8dc33) srl     s8, a7, t6
core   0: 3 0x80001a02 (0x01f8dc33) x24 0xffffffff
core   0: 0x80001a06 (0xfe7499e3) bne     s1, t2, pc - 14
core   0: 3 0x80001a06 (0xfe7499e3)
core   0: 0x800019f8 (0x005f3bb3) sltu    s7, t5, t0
core   0: 3 0x800019f8 (0x005f3bb3) x23 0x00000000
core   0: 0x800019fc (0x025f62b3) rem     t0, t5, t0
core   0: 3 0x800019fc (0x025f62b3) x5  0x00000000
core   0: 0x80001a00 (0x00000485) c.addi  s1, 1
core   0: 3 0x80001a00 (0x0485) x9  0x00000008
core   0: 0x80001a02 (0x01f8dc33) srl     s8, a7, t6
core   0: 3 0x80001a02 (0x01f8dc33) x24 0xffffffff
core   0: 0x80001a06 (0xfe7499e3) bne     s1, t2, pc - 14
core   0: 3 0x80001a06 (0xfe7499e3)
core   0: 0x800019f8 (0x005f3bb3) sltu    s7, t5, t0
core   0: 3 0x800019f8 (0x005f3bb3) x23 0x00000000
core   0: 0x800019fc (0x025f62b3) rem     t0, t5, t0
core   0: 3 0x800019fc (0x025f62b3) x5  0x00000000
core   0: 0x80001a00 (0x00000485) c.addi  s1, 1
core   0: 3 0x80001a00 (0x0485) x9  0x00000009
core   0: 0x80001a02 (0x01f8dc33) srl     s8, a7, t6
core   0: 3 0x80001a02 (0x01f8dc33) x24 0xffffffff
core   0: 0x80001a06 (0xfe7499e3) bne     s1, t2, pc - 14
core   0: 3 0x80001a06 (0xfe7499e3)
core   0: 0x800019f8 (0x005f3bb3) sltu    s7, t5, t0
core   0: 3 0x800019f8 (0x005f3bb3) x23 0x00000000
core   0: 0x800019fc (0x025f62b3) rem     t0, t5, t0
core   0: 3 0x800019fc (0x025f62b3) x5  0x00000000
core   0: 0x80001a00 (0x00000485) c.addi  s1, 1
core   0: 3 0x80001a00 (0x0485) x9  0x0000000a
core   0: 0x80001a02 (0x01f8dc33) srl     s8, a7, t6
core   0: 3 0x80001a02 (0x01f8dc33) x24 0xffffffff
core   0: 0x80001a06 (0xfe7499e3) bne     s1, t2, pc - 14
core   0: 3 0x80001a06 (0xfe7499e3)
core   0: 0x80001a0a (0x414cdb93) srai    s7, s9, 20
core   0: 3 0x80001a0a (0x414cdb93) x23 0x00000307
core   0: 0x80001a0e (0xfc8676e3) bgeu    a2, s0, pc - 52
core   0: 3 0x80001a0e (0xfc8676e3)
core   0: 0x800019da (0x00008d51) c.or    a0, a2
core   0: 3 0x800019da (0x8d51) x10 0x0000000f
core   0: 0x800019dc (0x00008e85) c.sub   a3, s1
core   0: 3 0x800019dc (0x8e85) x13 0xfffffff6
core   0: 0x800019de (0x0000167d) c.addi  a2, -1
core   0: 3 0x800019de (0x167d) x12 0x00000008
core   0: 0x800019e0 (0x008e1033) sll     zero, t3, s0
core   0: 3 0x800019e0 (0x008e1033)
core   0: 0x800019e4 (0xc3e23193) sltiu   gp, tp, -962
core   0: 3 0x800019e4 (0xc3e23193) x3  0x00000001
core   0: 0x800019e8 (0x000054e9) c.li    s1, -6
core   0: 3 0x800019e8 (0x54e9) x9  0xfffffffa
core   0: 0x800019ea (0x006d67b3) or      a5, s10, t1
core   0: 3 0x800019ea (0x006d67b3) x15 0x00000001
core   0: 0x800019ee (0x03fba6b3) mulhsu  a3, s7, t6
core   0: 3 0x800019ee (0x03fba6b3) x13 0x00000000
core   0: 0x800019f2 (0x000043a9) c.li    t2, 10
core   0: 3 0x800019f2 (0x43a9) x7  0x0000000a
core   0: 0x800019f4 (0x013fbd33) sltu    s10, t6, s3
core   0: 3 0x800019f4 (0x013fbd33) x26 0x00000001
core   0: 0x800019f8 (0x005f3bb3) sltu    s7, t5, t0
core   0: 3 0x800019f8 (0x005f3bb3) x23 0x00000000
core   0: 0x800019fc (0x025f62b3) rem     t0, t5, t0
core   0: 3 0x800019fc (0x025f62b3) x5  0x00000000
core   0: 0x80001a00 (0x00000485) c.addi  s1, 1
core   0: 3 0x80001a00 (0x0485) x9  0xfffffffb
core   0: 0x80001a02 (0x01f8dc33) srl     s8, a7, t6
core   0: 3 0x80001a02 (0x01f8dc33) x24 0xffffffff
core   0: 0x80001a06 (0xfe7499e3) bne     s1, t2, pc - 14
core   0: 3 0x80001a06 (0xfe7499e3)
core   0: 0x800019f8 (0x005f3bb3) sltu    s7, t5, t0
core   0: 3 0x800019f8 (0x005f3bb3) x23 0x00000000
core   0: 0x800019fc (0x025f62b3) rem     t0, t5, t0
core   0: 3 0x800019fc (0x025f62b3) x5  0x00000000
core   0: 0x80001a00 (0x00000485) c.addi  s1, 1
core   0: 3 0x80001a00 (0x0485) x9  0xfffffffc
core   0: 0x80001a02 (0x01f8dc33) srl     s8, a7, t6
core   0: 3 0x80001a02 (0x01f8dc33) x24 0xffffffff
core   0: 0x80001a06 (0xfe7499e3) bne     s1, t2, pc - 14
core   0: 3 0x80001a06 (0xfe7499e3)
core   0: 0x800019f8 (0x005f3bb3) sltu    s7, t5, t0
core   0: 3 0x800019f8 (0x005f3bb3) x23 0x00000000
core   0: 0x800019fc (0x025f62b3) rem     t0, t5, t0
core   0: 3 0x800019fc (0x025f62b3) x5  0x00000000
core   0: 0x80001a00 (0x00000485) c.addi  s1, 1
core   0: 3 0x80001a00 (0x0485) x9  0xfffffffd
core   0: 0x80001a02 (0x01f8dc33) srl     s8, a7, t6
core   0: 3 0x80001a02 (0x01f8dc33) x24 0xffffffff
core   0: 0x80001a06 (0xfe7499e3) bne     s1, t2, pc - 14
core   0: 3 0x80001a06 (0xfe7499e3)
core   0: 0x800019f8 (0x005f3bb3) sltu    s7, t5, t0
core   0: 3 0x800019f8 (0x005f3bb3) x23 0x00000000
core   0: 0x800019fc (0x025f62b3) rem     t0, t5, t0
core   0: 3 0x800019fc (0x025f62b3) x5  0x00000000
core   0: 0x80001a00 (0x00000485) c.addi  s1, 1
core   0: 3 0x80001a00 (0x0485) x9  0xfffffffe
core   0: 0x80001a02 (0x01f8dc33) srl     s8, a7, t6
core   0: 3 0x80001a02 (0x01f8dc33) x24 0xffffffff
core   0: 0x80001a06 (0xfe7499e3) bne     s1, t2, pc - 14
core   0: 3 0x80001a06 (0xfe7499e3)
core   0: 0x800019f8 (0x005f3bb3) sltu    s7, t5, t0
core   0: 3 0x800019f8 (0x005f3bb3) x23 0x00000000
core   0: 0x800019fc (0x025f62b3) rem     t0, t5, t0
core   0: 3 0x800019fc (0x025f62b3) x5  0x00000000
core   0: 0x80001a00 (0x00000485) c.addi  s1, 1
core   0: 3 0x80001a00 (0x0485) x9  0xffffffff
core   0: 0x80001a02 (0x01f8dc33) srl     s8, a7, t6
core   0: 3 0x80001a02 (0x01f8dc33) x24 0xffffffff
core   0: 0x80001a06 (0xfe7499e3) bne     s1, t2, pc - 14
core   0: 3 0x80001a06 (0xfe7499e3)
core   0: 0x800019f8 (0x005f3bb3) sltu    s7, t5, t0
core   0: 3 0x800019f8 (0x005f3bb3) x23 0x00000000
core   0: 0x800019fc (0x025f62b3) rem     t0, t5, t0
core   0: 3 0x800019fc (0x025f62b3) x5  0x00000000
core   0: 0x80001a00 (0x00000485) c.addi  s1, 1
core   0: 3 0x80001a00 (0x0485) x9  0x00000000
core   0: 0x80001a02 (0x01f8dc33) srl     s8, a7, t6
core   0: 3 0x80001a02 (0x01f8dc33) x24 0xffffffff
core   0: 0x80001a06 (0xfe7499e3) bne     s1, t2, pc - 14
core   0: 3 0x80001a06 (0xfe7499e3)
core   0: 0x800019f8 (0x005f3bb3) sltu    s7, t5, t0
core   0: 3 0x800019f8 (0x005f3bb3) x23 0x00000000
core   0: 0x800019fc (0x025f62b3) rem     t0, t5, t0
core   0: 3 0x800019fc (0x025f62b3) x5  0x00000000
core   0: 0x80001a00 (0x00000485) c.addi  s1, 1
core   0: 3 0x80001a00 (0x0485) x9  0x00000001
core   0: 0x80001a02 (0x01f8dc33) srl     s8, a7, t6
core   0: 3 0x80001a02 (0x01f8dc33) x24 0xffffffff
core   0: 0x80001a06 (0xfe7499e3) bne     s1, t2, pc - 14
core   0: 3 0x80001a06 (0xfe7499e3)
core   0: 0x800019f8 (0x005f3bb3) sltu    s7, t5, t0
core   0: 3 0x800019f8 (0x005f3bb3) x23 0x00000000
core   0: 0x800019fc (0x025f62b3) rem     t0, t5, t0
core   0: 3 0x800019fc (0x025f62b3) x5  0x00000000
core   0: 0x80001a00 (0x00000485) c.addi  s1, 1
core   0: 3 0x80001a00 (0x0485) x9  0x00000002
core   0: 0x80001a02 (0x01f8dc33) srl     s8, a7, t6
core   0: 3 0x80001a02 (0x01f8dc33) x24 0xffffffff
core   0: 0x80001a06 (0xfe7499e3) bne     s1, t2, pc - 14
core   0: 3 0x80001a06 (0xfe7499e3)
core   0: 0x800019f8 (0x005f3bb3) sltu    s7, t5, t0
core   0: 3 0x800019f8 (0x005f3bb3) x23 0x00000000
core   0: 0x800019fc (0x025f62b3) rem     t0, t5, t0
core   0: 3 0x800019fc (0x025f62b3) x5  0x00000000
core   0: 0x80001a00 (0x00000485) c.addi  s1, 1
core   0: 3 0x80001a00 (0x0485) x9  0x00000003
core   0: 0x80001a02 (0x01f8dc33) srl     s8, a7, t6
core   0: 3 0x80001a02 (0x01f8dc33) x24 0xffffffff
core   0: 0x80001a06 (0xfe7499e3) bne     s1, t2, pc - 14
core   0: 3 0x80001a06 (0xfe7499e3)
core   0: 0x800019f8 (0x005f3bb3) sltu    s7, t5, t0
core   0: 3 0x800019f8 (0x005f3bb3) x23 0x00000000
core   0: 0x800019fc (0x025f62b3) rem     t0, t5, t0
core   0: 3 0x800019fc (0x025f62b3) x5  0x00000000
core   0: 0x80001a00 (0x00000485) c.addi  s1, 1
core   0: 3 0x80001a00 (0x0485) x9  0x00000004
core   0: 0x80001a02 (0x01f8dc33) srl     s8, a7, t6
core   0: 3 0x80001a02 (0x01f8dc33) x24 0xffffffff
core   0: 0x80001a06 (0xfe7499e3) bne     s1, t2, pc - 14
core   0: 3 0x80001a06 (0xfe7499e3)
core   0: 0x800019f8 (0x005f3bb3) sltu    s7, t5, t0
core   0: 3 0x800019f8 (0x005f3bb3) x23 0x00000000
core   0: 0x800019fc (0x025f62b3) rem     t0, t5, t0
core   0: 3 0x800019fc (0x025f62b3) x5  0x00000000
core   0: 0x80001a00 (0x00000485) c.addi  s1, 1
core   0: 3 0x80001a00 (0x0485) x9  0x00000005
core   0: 0x80001a02 (0x01f8dc33) srl     s8, a7, t6
core   0: 3 0x80001a02 (0x01f8dc33) x24 0xffffffff
core   0: 0x80001a06 (0xfe7499e3) bne     s1, t2, pc - 14
core   0: 3 0x80001a06 (0xfe7499e3)
core   0: 0x800019f8 (0x005f3bb3) sltu    s7, t5, t0
core   0: 3 0x800019f8 (0x005f3bb3) x23 0x00000000
core   0: 0x800019fc (0x025f62b3) rem     t0, t5, t0
core   0: 3 0x800019fc (0x025f62b3) x5  0x00000000
core   0: 0x80001a00 (0x00000485) c.addi  s1, 1
core   0: 3 0x80001a00 (0x0485) x9  0x00000006
core   0: 0x80001a02 (0x01f8dc33) srl     s8, a7, t6
core   0: 3 0x80001a02 (0x01f8dc33) x24 0xffffffff
core   0: 0x80001a06 (0xfe7499e3) bne     s1, t2, pc - 14
core   0: 3 0x80001a06 (0xfe7499e3)
core   0: 0x800019f8 (0x005f3bb3) sltu    s7, t5, t0
core   0: 3 0x800019f8 (0x005f3bb3) x23 0x00000000
core   0: 0x800019fc (0x025f62b3) rem     t0, t5, t0
core   0: 3 0x800019fc (0x025f62b3) x5  0x00000000
core   0: 0x80001a00 (0x00000485) c.addi  s1, 1
core   0: 3 0x80001a00 (0x0485) x9  0x00000007
core   0: 0x80001a02 (0x01f8dc33) srl     s8, a7, t6
core   0: 3 0x80001a02 (0x01f8dc33) x24 0xffffffff
core   0: 0x80001a06 (0xfe7499e3) bne     s1, t2, pc - 14
core   0: 3 0x80001a06 (0xfe7499e3)
core   0: 0x800019f8 (0x005f3bb3) sltu    s7, t5, t0
core   0: 3 0x800019f8 (0x005f3bb3) x23 0x00000000
core   0: 0x800019fc (0x025f62b3) rem     t0, t5, t0
core   0: 3 0x800019fc (0x025f62b3) x5  0x00000000
core   0: 0x80001a00 (0x00000485) c.addi  s1, 1
core   0: 3 0x80001a00 (0x0485) x9  0x00000008
core   0: 0x80001a02 (0x01f8dc33) srl     s8, a7, t6
core   0: 3 0x80001a02 (0x01f8dc33) x24 0xffffffff
core   0: 0x80001a06 (0xfe7499e3) bne     s1, t2, pc - 14
core   0: 3 0x80001a06 (0xfe7499e3)
core   0: 0x800019f8 (0x005f3bb3) sltu    s7, t5, t0
core   0: 3 0x800019f8 (0x005f3bb3) x23 0x00000000
core   0: 0x800019fc (0x025f62b3) rem     t0, t5, t0
core   0: 3 0x800019fc (0x025f62b3) x5  0x00000000
core   0: 0x80001a00 (0x00000485) c.addi  s1, 1
core   0: 3 0x80001a00 (0x0485) x9  0x00000009
core   0: 0x80001a02 (0x01f8dc33) srl     s8, a7, t6
core   0: 3 0x80001a02 (0x01f8dc33) x24 0xffffffff
core   0: 0x80001a06 (0xfe7499e3) bne     s1, t2, pc - 14
core   0: 3 0x80001a06 (0xfe7499e3)
core   0: 0x800019f8 (0x005f3bb3) sltu    s7, t5, t0
core   0: 3 0x800019f8 (0x005f3bb3) x23 0x00000000
core   0: 0x800019fc (0x025f62b3) rem     t0, t5, t0
core   0: 3 0x800019fc (0x025f62b3) x5  0x00000000
core   0: 0x80001a00 (0x00000485) c.addi  s1, 1
core   0: 3 0x80001a00 (0x0485) x9  0x0000000a
core   0: 0x80001a02 (0x01f8dc33) srl     s8, a7, t6
core   0: 3 0x80001a02 (0x01f8dc33) x24 0xffffffff
core   0: 0x80001a06 (0xfe7499e3) bne     s1, t2, pc - 14
core   0: 3 0x80001a06 (0xfe7499e3)
core   0: 0x80001a0a (0x414cdb93) srai    s7, s9, 20
core   0: 3 0x80001a0a (0x414cdb93) x23 0x00000307
core   0: 0x80001a0e (0xfc8676e3) bgeu    a2, s0, pc - 52
core   0: 3 0x80001a0e (0xfc8676e3)
core   0: 0x800019da (0x00008d51) c.or    a0, a2
core   0: 3 0x800019da (0x8d51) x10 0x0000000f
core   0: 0x800019dc (0x00008e85) c.sub   a3, s1
core   0: 3 0x800019dc (0x8e85) x13 0xfffffff6
core   0: 0x800019de (0x0000167d) c.addi  a2, -1
core   0: 3 0x800019de (0x167d) x12 0x00000007
core   0: 0x800019e0 (0x008e1033) sll     zero, t3, s0
core   0: 3 0x800019e0 (0x008e1033)
core   0: 0x800019e4 (0xc3e23193) sltiu   gp, tp, -962
core   0: 3 0x800019e4 (0xc3e23193) x3  0x00000001
core   0: 0x800019e8 (0x000054e9) c.li    s1, -6
core   0: 3 0x800019e8 (0x54e9) x9  0xfffffffa
core   0: 0x800019ea (0x006d67b3) or      a5, s10, t1
core   0: 3 0x800019ea (0x006d67b3) x15 0x00000001
core   0: 0x800019ee (0x03fba6b3) mulhsu  a3, s7, t6
core   0: 3 0x800019ee (0x03fba6b3) x13 0x00000000
core   0: 0x800019f2 (0x000043a9) c.li    t2, 10
core   0: 3 0x800019f2 (0x43a9) x7  0x0000000a
core   0: 0x800019f4 (0x013fbd33) sltu    s10, t6, s3
core   0: 3 0x800019f4 (0x013fbd33) x26 0x00000001
core   0: 0x800019f8 (0x005f3bb3) sltu    s7, t5, t0
core   0: 3 0x800019f8 (0x005f3bb3) x23 0x00000000
core   0: 0x800019fc (0x025f62b3) rem     t0, t5, t0
core   0: 3 0x800019fc (0x025f62b3) x5  0x00000000
core   0: 0x80001a00 (0x00000485) c.addi  s1, 1
core   0: 3 0x80001a00 (0x0485) x9  0xfffffffb
core   0: 0x80001a02 (0x01f8dc33) srl     s8, a7, t6
core   0: 3 0x80001a02 (0x01f8dc33) x24 0xffffffff
core   0: 0x80001a06 (0xfe7499e3) bne     s1, t2, pc - 14
core   0: 3 0x80001a06 (0xfe7499e3)
core   0: 0x800019f8 (0x005f3bb3) sltu    s7, t5, t0
core   0: 3 0x800019f8 (0x005f3bb3) x23 0x00000000
core   0: 0x800019fc (0x025f62b3) rem     t0, t5, t0
core   0: 3 0x800019fc (0x025f62b3) x5  0x00000000
core   0: 0x80001a00 (0x00000485) c.addi  s1, 1
core   0: 3 0x80001a00 (0x0485) x9  0xfffffffc
core   0: 0x80001a02 (0x01f8dc33) srl     s8, a7, t6
core   0: 3 0x80001a02 (0x01f8dc33) x24 0xffffffff
core   0: 0x80001a06 (0xfe7499e3) bne     s1, t2, pc - 14
core   0: 3 0x80001a06 (0xfe7499e3)
core   0: 0x800019f8 (0x005f3bb3) sltu    s7, t5, t0
core   0: 3 0x800019f8 (0x005f3bb3) x23 0x00000000
core   0: 0x800019fc (0x025f62b3) rem     t0, t5, t0
core   0: 3 0x800019fc (0x025f62b3) x5  0x00000000
core   0: 0x80001a00 (0x00000485) c.addi  s1, 1
core   0: 3 0x80001a00 (0x0485) x9  0xfffffffd
core   0: 0x80001a02 (0x01f8dc33) srl     s8, a7, t6
core   0: 3 0x80001a02 (0x01f8dc33) x24 0xffffffff
core   0: 0x80001a06 (0xfe7499e3) bne     s1, t2, pc - 14
core   0: 3 0x80001a06 (0xfe7499e3)
core   0: 0x800019f8 (0x005f3bb3) sltu    s7, t5, t0
core   0: 3 0x800019f8 (0x005f3bb3) x23 0x00000000
core   0: 0x800019fc (0x025f62b3) rem     t0, t5, t0
core   0: 3 0x800019fc (0x025f62b3) x5  0x00000000
core   0: 0x80001a00 (0x00000485) c.addi  s1, 1
core   0: 3 0x80001a00 (0x0485) x9  0xfffffffe
core   0: 0x80001a02 (0x01f8dc33) srl     s8, a7, t6
core   0: 3 0x80001a02 (0x01f8dc33) x24 0xffffffff
core   0: 0x80001a06 (0xfe7499e3) bne     s1, t2, pc - 14
core   0: 3 0x80001a06 (0xfe7499e3)
core   0: 0x800019f8 (0x005f3bb3) sltu    s7, t5, t0
core   0: 3 0x800019f8 (0x005f3bb3) x23 0x00000000
core   0: 0x800019fc (0x025f62b3) rem     t0, t5, t0
core   0: 3 0x800019fc (0x025f62b3) x5  0x00000000
core   0: 0x80001a00 (0x00000485) c.addi  s1, 1
core   0: 3 0x80001a00 (0x0485) x9  0xffffffff
core   0: 0x80001a02 (0x01f8dc33) srl     s8, a7, t6
core   0: 3 0x80001a02 (0x01f8dc33) x24 0xffffffff
core   0: 0x80001a06 (0xfe7499e3) bne     s1, t2, pc - 14
core   0: 3 0x80001a06 (0xfe7499e3)
core   0: 0x800019f8 (0x005f3bb3) sltu    s7, t5, t0
core   0: 3 0x800019f8 (0x005f3bb3) x23 0x00000000
core   0: 0x800019fc (0x025f62b3) rem     t0, t5, t0
core   0: 3 0x800019fc (0x025f62b3) x5  0x00000000
core   0: 0x80001a00 (0x00000485) c.addi  s1, 1
core   0: 3 0x80001a00 (0x0485) x9  0x00000000
core   0: 0x80001a02 (0x01f8dc33) srl     s8, a7, t6
core   0: 3 0x80001a02 (0x01f8dc33) x24 0xffffffff
core   0: 0x80001a06 (0xfe7499e3) bne     s1, t2, pc - 14
core   0: 3 0x80001a06 (0xfe7499e3)
core   0: 0x800019f8 (0x005f3bb3) sltu    s7, t5, t0
core   0: 3 0x800019f8 (0x005f3bb3) x23 0x00000000
core   0: 0x800019fc (0x025f62b3) rem     t0, t5, t0
core   0: 3 0x800019fc (0x025f62b3) x5  0x00000000
core   0: 0x80001a00 (0x00000485) c.addi  s1, 1
core   0: 3 0x80001a00 (0x0485) x9  0x00000001
core   0: 0x80001a02 (0x01f8dc33) srl     s8, a7, t6
core   0: 3 0x80001a02 (0x01f8dc33) x24 0xffffffff
core   0: 0x80001a06 (0xfe7499e3) bne     s1, t2, pc - 14
core   0: 3 0x80001a06 (0xfe7499e3)
core   0: 0x800019f8 (0x005f3bb3) sltu    s7, t5, t0
core   0: 3 0x800019f8 (0x005f3bb3) x23 0x00000000
core   0: 0x800019fc (0x025f62b3) rem     t0, t5, t0
core   0: 3 0x800019fc (0x025f62b3) x5  0x00000000
core   0: 0x80001a00 (0x00000485) c.addi  s1, 1
core   0: 3 0x80001a00 (0x0485) x9  0x00000002
core   0: 0x80001a02 (0x01f8dc33) srl     s8, a7, t6
core   0: 3 0x80001a02 (0x01f8dc33) x24 0xffffffff
core   0: 0x80001a06 (0xfe7499e3) bne     s1, t2, pc - 14
core   0: 3 0x80001a06 (0xfe7499e3)
core   0: 0x800019f8 (0x005f3bb3) sltu    s7, t5, t0
core   0: 3 0x800019f8 (0x005f3bb3) x23 0x00000000
core   0: 0x800019fc (0x025f62b3) rem     t0, t5, t0
core   0: 3 0x800019fc (0x025f62b3) x5  0x00000000
core   0: 0x80001a00 (0x00000485) c.addi  s1, 1
core   0: 3 0x80001a00 (0x0485) x9  0x00000003
core   0: 0x80001a02 (0x01f8dc33) srl     s8, a7, t6
core   0: 3 0x80001a02 (0x01f8dc33) x24 0xffffffff
core   0: 0x80001a06 (0xfe7499e3) bne     s1, t2, pc - 14
core   0: 3 0x80001a06 (0xfe7499e3)
core   0: 0x800019f8 (0x005f3bb3) sltu    s7, t5, t0
core   0: 3 0x800019f8 (0x005f3bb3) x23 0x00000000
core   0: 0x800019fc (0x025f62b3) rem     t0, t5, t0
core   0: 3 0x800019fc (0x025f62b3) x5  0x00000000
core   0: 0x80001a00 (0x00000485) c.addi  s1, 1
core   0: 3 0x80001a00 (0x0485) x9  0x00000004
core   0: 0x80001a02 (0x01f8dc33) srl     s8, a7, t6
core   0: 3 0x80001a02 (0x01f8dc33) x24 0xffffffff
core   0: 0x80001a06 (0xfe7499e3) bne     s1, t2, pc - 14
core   0: 3 0x80001a06 (0xfe7499e3)
core   0: 0x800019f8 (0x005f3bb3) sltu    s7, t5, t0
core   0: 3 0x800019f8 (0x005f3bb3) x23 0x00000000
core   0: 0x800019fc (0x025f62b3) rem     t0, t5, t0
core   0: 3 0x800019fc (0x025f62b3) x5  0x00000000
core   0: 0x80001a00 (0x00000485) c.addi  s1, 1
core   0: 3 0x80001a00 (0x0485) x9  0x00000005
core   0: 0x80001a02 (0x01f8dc33) srl     s8, a7, t6
core   0: 3 0x80001a02 (0x01f8dc33) x24 0xffffffff
core   0: 0x80001a06 (0xfe7499e3) bne     s1, t2, pc - 14
core   0: 3 0x80001a06 (0xfe7499e3)
core   0: 0x800019f8 (0x005f3bb3) sltu    s7, t5, t0
core   0: 3 0x800019f8 (0x005f3bb3) x23 0x00000000
core   0: 0x800019fc (0x025f62b3) rem     t0, t5, t0
core   0: 3 0x800019fc (0x025f62b3) x5  0x00000000
core   0: 0x80001a00 (0x00000485) c.addi  s1, 1
core   0: 3 0x80001a00 (0x0485) x9  0x00000006
core   0: 0x80001a02 (0x01f8dc33) srl     s8, a7, t6
core   0: 3 0x80001a02 (0x01f8dc33) x24 0xffffffff
core   0: 0x80001a06 (0xfe7499e3) bne     s1, t2, pc - 14
core   0: 3 0x80001a06 (0xfe7499e3)
core   0: 0x800019f8 (0x005f3bb3) sltu    s7, t5, t0
core   0: 3 0x800019f8 (0x005f3bb3) x23 0x00000000
core   0: 0x800019fc (0x025f62b3) rem     t0, t5, t0
core   0: 3 0x800019fc (0x025f62b3) x5  0x00000000
core   0: 0x80001a00 (0x00000485) c.addi  s1, 1
core   0: 3 0x80001a00 (0x0485) x9  0x00000007
core   0: 0x80001a02 (0x01f8dc33) srl     s8, a7, t6
core   0: 3 0x80001a02 (0x01f8dc33) x24 0xffffffff
core   0: 0x80001a06 (0xfe7499e3) bne     s1, t2, pc - 14
core   0: 3 0x80001a06 (0xfe7499e3)
core   0: 0x800019f8 (0x005f3bb3) sltu    s7, t5, t0
core   0: 3 0x800019f8 (0x005f3bb3) x23 0x00000000
core   0: 0x800019fc (0x025f62b3) rem     t0, t5, t0
core   0: 3 0x800019fc (0x025f62b3) x5  0x00000000
core   0: 0x80001a00 (0x00000485) c.addi  s1, 1
core   0: 3 0x80001a00 (0x0485) x9  0x00000008
core   0: 0x80001a02 (0x01f8dc33) srl     s8, a7, t6
core   0: 3 0x80001a02 (0x01f8dc33) x24 0xffffffff
core   0: 0x80001a06 (0xfe7499e3) bne     s1, t2, pc - 14
core   0: 3 0x80001a06 (0xfe7499e3)
core   0: 0x800019f8 (0x005f3bb3) sltu    s7, t5, t0
core   0: 3 0x800019f8 (0x005f3bb3) x23 0x00000000
core   0: 0x800019fc (0x025f62b3) rem     t0, t5, t0
core   0: 3 0x800019fc (0x025f62b3) x5  0x00000000
core   0: 0x80001a00 (0x00000485) c.addi  s1, 1
core   0: 3 0x80001a00 (0x0485) x9  0x00000009
core   0: 0x80001a02 (0x01f8dc33) srl     s8, a7, t6
core   0: 3 0x80001a02 (0x01f8dc33) x24 0xffffffff
core   0: 0x80001a06 (0xfe7499e3) bne     s1, t2, pc - 14
core   0: 3 0x80001a06 (0xfe7499e3)
core   0: 0x800019f8 (0x005f3bb3) sltu    s7, t5, t0
core   0: 3 0x800019f8 (0x005f3bb3) x23 0x00000000
core   0: 0x800019fc (0x025f62b3) rem     t0, t5, t0
core   0: 3 0x800019fc (0x025f62b3) x5  0x00000000
core   0: 0x80001a00 (0x00000485) c.addi  s1, 1
core   0: 3 0x80001a00 (0x0485) x9  0x0000000a
core   0: 0x80001a02 (0x01f8dc33) srl     s8, a7, t6
core   0: 3 0x80001a02 (0x01f8dc33) x24 0xffffffff
core   0: 0x80001a06 (0xfe7499e3) bne     s1, t2, pc - 14
core   0: 3 0x80001a06 (0xfe7499e3)
core   0: 0x80001a0a (0x414cdb93) srai    s7, s9, 20
core   0: 3 0x80001a0a (0x414cdb93) x23 0x00000307
core   0: 0x80001a0e (0xfc8676e3) bgeu    a2, s0, pc - 52
core   0: 3 0x80001a0e (0xfc8676e3)
core   0: 0x800019da (0x00008d51) c.or    a0, a2
core   0: 3 0x800019da (0x8d51) x10 0x0000000f
core   0: 0x800019dc (0x00008e85) c.sub   a3, s1
core   0: 3 0x800019dc (0x8e85) x13 0xfffffff6
core   0: 0x800019de (0x0000167d) c.addi  a2, -1
core   0: 3 0x800019de (0x167d) x12 0x00000006
core   0: 0x800019e0 (0x008e1033) sll     zero, t3, s0
core   0: 3 0x800019e0 (0x008e1033)
core   0: 0x800019e4 (0xc3e23193) sltiu   gp, tp, -962
core   0: 3 0x800019e4 (0xc3e23193) x3  0x00000001
core   0: 0x800019e8 (0x000054e9) c.li    s1, -6
core   0: 3 0x800019e8 (0x54e9) x9  0xfffffffa
core   0: 0x800019ea (0x006d67b3) or      a5, s10, t1
core   0: 3 0x800019ea (0x006d67b3) x15 0x00000001
core   0: 0x800019ee (0x03fba6b3) mulhsu  a3, s7, t6
core   0: 3 0x800019ee (0x03fba6b3) x13 0x00000000
core   0: 0x800019f2 (0x000043a9) c.li    t2, 10
core   0: 3 0x800019f2 (0x43a9) x7  0x0000000a
core   0: 0x800019f4 (0x013fbd33) sltu    s10, t6, s3
core   0: 3 0x800019f4 (0x013fbd33) x26 0x00000001
core   0: 0x800019f8 (0x005f3bb3) sltu    s7, t5, t0
core   0: 3 0x800019f8 (0x005f3bb3) x23 0x00000000
core   0: 0x800019fc (0x025f62b3) rem     t0, t5, t0
core   0: 3 0x800019fc (0x025f62b3) x5  0x00000000
core   0: 0x80001a00 (0x00000485) c.addi  s1, 1
core   0: 3 0x80001a00 (0x0485) x9  0xfffffffb
core   0: 0x80001a02 (0x01f8dc33) srl     s8, a7, t6
core   0: 3 0x80001a02 (0x01f8dc33) x24 0xffffffff
core   0: 0x80001a06 (0xfe7499e3) bne     s1, t2, pc - 14
core   0: 3 0x80001a06 (0xfe7499e3)
core   0: 0x800019f8 (0x005f3bb3) sltu    s7, t5, t0
core   0: 3 0x800019f8 (0x005f3bb3) x23 0x00000000
core   0: 0x800019fc (0x025f62b3) rem     t0, t5, t0
core   0: 3 0x800019fc (0x025f62b3) x5  0x00000000
core   0: 0x80001a00 (0x00000485) c.addi  s1, 1
core   0: 3 0x80001a00 (0x0485) x9  0xfffffffc
core   0: 0x80001a02 (0x01f8dc33) srl     s8, a7, t6
core   0: 3 0x80001a02 (0x01f8dc33) x24 0xffffffff
core   0: 0x80001a06 (0xfe7499e3) bne     s1, t2, pc - 14
core   0: 3 0x80001a06 (0xfe7499e3)
core   0: 0x800019f8 (0x005f3bb3) sltu    s7, t5, t0
core   0: 3 0x800019f8 (0x005f3bb3) x23 0x00000000
core   0: 0x800019fc (0x025f62b3) rem     t0, t5, t0
core   0: 3 0x800019fc (0x025f62b3) x5  0x00000000
core   0: 0x80001a00 (0x00000485) c.addi  s1, 1
core   0: 3 0x80001a00 (0x0485) x9  0xfffffffd
core   0: 0x80001a02 (0x01f8dc33) srl     s8, a7, t6
core   0: 3 0x80001a02 (0x01f8dc33) x24 0xffffffff
core   0: 0x80001a06 (0xfe7499e3) bne     s1, t2, pc - 14
core   0: 3 0x80001a06 (0xfe7499e3)
core   0: 0x800019f8 (0x005f3bb3) sltu    s7, t5, t0
core   0: 3 0x800019f8 (0x005f3bb3) x23 0x00000000
core   0: 0x800019fc (0x025f62b3) rem     t0, t5, t0
core   0: 3 0x800019fc (0x025f62b3) x5  0x00000000
core   0: 0x80001a00 (0x00000485) c.addi  s1, 1
core   0: 3 0x80001a00 (0x0485) x9  0xfffffffe
core   0: 0x80001a02 (0x01f8dc33) srl     s8, a7, t6
core   0: 3 0x80001a02 (0x01f8dc33) x24 0xffffffff
core   0: 0x80001a06 (0xfe7499e3) bne     s1, t2, pc - 14
core   0: 3 0x80001a06 (0xfe7499e3)
core   0: 0x800019f8 (0x005f3bb3) sltu    s7, t5, t0
core   0: 3 0x800019f8 (0x005f3bb3) x23 0x00000000
core   0: 0x800019fc (0x025f62b3) rem     t0, t5, t0
core   0: 3 0x800019fc (0x025f62b3) x5  0x00000000
core   0: 0x80001a00 (0x00000485) c.addi  s1, 1
core   0: 3 0x80001a00 (0x0485) x9  0xffffffff
core   0: 0x80001a02 (0x01f8dc33) srl     s8, a7, t6
core   0: 3 0x80001a02 (0x01f8dc33) x24 0xffffffff
core   0: 0x80001a06 (0xfe7499e3) bne     s1, t2, pc - 14
core   0: 3 0x80001a06 (0xfe7499e3)
core   0: 0x800019f8 (0x005f3bb3) sltu    s7, t5, t0
core   0: 3 0x800019f8 (0x005f3bb3) x23 0x00000000
core   0: 0x800019fc (0x025f62b3) rem     t0, t5, t0
core   0: 3 0x800019fc (0x025f62b3) x5  0x00000000
core   0: 0x80001a00 (0x00000485) c.addi  s1, 1
core   0: 3 0x80001a00 (0x0485) x9  0x00000000
core   0: 0x80001a02 (0x01f8dc33) srl     s8, a7, t6
core   0: 3 0x80001a02 (0x01f8dc33) x24 0xffffffff
core   0: 0x80001a06 (0xfe7499e3) bne     s1, t2, pc - 14
core   0: 3 0x80001a06 (0xfe7499e3)
core   0: 0x800019f8 (0x005f3bb3) sltu    s7, t5, t0
core   0: 3 0x800019f8 (0x005f3bb3) x23 0x00000000
core   0: 0x800019fc (0x025f62b3) rem     t0, t5, t0
core   0: 3 0x800019fc (0x025f62b3) x5  0x00000000
core   0: 0x80001a00 (0x00000485) c.addi  s1, 1
core   0: 3 0x80001a00 (0x0485) x9  0x00000001
core   0: 0x80001a02 (0x01f8dc33) srl     s8, a7, t6
core   0: 3 0x80001a02 (0x01f8dc33) x24 0xffffffff
core   0: 0x80001a06 (0xfe7499e3) bne     s1, t2, pc - 14
core   0: 3 0x80001a06 (0xfe7499e3)
core   0: 0x800019f8 (0x005f3bb3) sltu    s7, t5, t0
core   0: 3 0x800019f8 (0x005f3bb3) x23 0x00000000
core   0: 0x800019fc (0x025f62b3) rem     t0, t5, t0
core   0: 3 0x800019fc (0x025f62b3) x5  0x00000000
core   0: 0x80001a00 (0x00000485) c.addi  s1, 1
core   0: 3 0x80001a00 (0x0485) x9  0x00000002
core   0: 0x80001a02 (0x01f8dc33) srl     s8, a7, t6
core   0: 3 0x80001a02 (0x01f8dc33) x24 0xffffffff
core   0: 0x80001a06 (0xfe7499e3) bne     s1, t2, pc - 14
core   0: 3 0x80001a06 (0xfe7499e3)
core   0: 0x800019f8 (0x005f3bb3) sltu    s7, t5, t0
core   0: 3 0x800019f8 (0x005f3bb3) x23 0x00000000
core   0: 0x800019fc (0x025f62b3) rem     t0, t5, t0
core   0: 3 0x800019fc (0x025f62b3) x5  0x00000000
core   0: 0x80001a00 (0x00000485) c.addi  s1, 1
core   0: 3 0x80001a00 (0x0485) x9  0x00000003
core   0: 0x80001a02 (0x01f8dc33) srl     s8, a7, t6
core   0: 3 0x80001a02 (0x01f8dc33) x24 0xffffffff
core   0: 0x80001a06 (0xfe7499e3) bne     s1, t2, pc - 14
core   0: 3 0x80001a06 (0xfe7499e3)
core   0: 0x800019f8 (0x005f3bb3) sltu    s7, t5, t0
core   0: 3 0x800019f8 (0x005f3bb3) x23 0x00000000
core   0: 0x800019fc (0x025f62b3) rem     t0, t5, t0
core   0: 3 0x800019fc (0x025f62b3) x5  0x00000000
core   0: 0x80001a00 (0x00000485) c.addi  s1, 1
core   0: 3 0x80001a00 (0x0485) x9  0x00000004
core   0: 0x80001a02 (0x01f8dc33) srl     s8, a7, t6
core   0: 3 0x80001a02 (0x01f8dc33) x24 0xffffffff
core   0: 0x80001a06 (0xfe7499e3) bne     s1, t2, pc - 14
core   0: 3 0x80001a06 (0xfe7499e3)
core   0: 0x800019f8 (0x005f3bb3) sltu    s7, t5, t0
core   0: 3 0x800019f8 (0x005f3bb3) x23 0x00000000
core   0: 0x800019fc (0x025f62b3) rem     t0, t5, t0
core   0: 3 0x800019fc (0x025f62b3) x5  0x00000000
core   0: 0x80001a00 (0x00000485) c.addi  s1, 1
core   0: 3 0x80001a00 (0x0485) x9  0x00000005
core   0: 0x80001a02 (0x01f8dc33) srl     s8, a7, t6
core   0: 3 0x80001a02 (0x01f8dc33) x24 0xffffffff
core   0: 0x80001a06 (0xfe7499e3) bne     s1, t2, pc - 14
core   0: 3 0x80001a06 (0xfe7499e3)
core   0: 0x800019f8 (0x005f3bb3) sltu    s7, t5, t0
core   0: 3 0x800019f8 (0x005f3bb3) x23 0x00000000
core   0: 0x800019fc (0x025f62b3) rem     t0, t5, t0
core   0: 3 0x800019fc (0x025f62b3) x5  0x00000000
core   0: 0x80001a00 (0x00000485) c.addi  s1, 1
core   0: 3 0x80001a00 (0x0485) x9  0x00000006
core   0: 0x80001a02 (0x01f8dc33) srl     s8, a7, t6
core   0: 3 0x80001a02 (0x01f8dc33) x24 0xffffffff
core   0: 0x80001a06 (0xfe7499e3) bne     s1, t2, pc - 14
core   0: 3 0x80001a06 (0xfe7499e3)
core   0: 0x800019f8 (0x005f3bb3) sltu    s7, t5, t0
core   0: 3 0x800019f8 (0x005f3bb3) x23 0x00000000
core   0: 0x800019fc (0x025f62b3) rem     t0, t5, t0
core   0: 3 0x800019fc (0x025f62b3) x5  0x00000000
core   0: 0x80001a00 (0x00000485) c.addi  s1, 1
core   0: 3 0x80001a00 (0x0485) x9  0x00000007
core   0: 0x80001a02 (0x01f8dc33) srl     s8, a7, t6
core   0: 3 0x80001a02 (0x01f8dc33) x24 0xffffffff
core   0: 0x80001a06 (0xfe7499e3) bne     s1, t2, pc - 14
core   0: 3 0x80001a06 (0xfe7499e3)
core   0: 0x800019f8 (0x005f3bb3) sltu    s7, t5, t0
core   0: 3 0x800019f8 (0x005f3bb3) x23 0x00000000
core   0: 0x800019fc (0x025f62b3) rem     t0, t5, t0
core   0: 3 0x800019fc (0x025f62b3) x5  0x00000000
core   0: 0x80001a00 (0x00000485) c.addi  s1, 1
core   0: 3 0x80001a00 (0x0485) x9  0x00000008
core   0: 0x80001a02 (0x01f8dc33) srl     s8, a7, t6
core   0: 3 0x80001a02 (0x01f8dc33) x24 0xffffffff
core   0: 0x80001a06 (0xfe7499e3) bne     s1, t2, pc - 14
core   0: 3 0x80001a06 (0xfe7499e3)
core   0: 0x800019f8 (0x005f3bb3) sltu    s7, t5, t0
core   0: 3 0x800019f8 (0x005f3bb3) x23 0x00000000
core   0: 0x800019fc (0x025f62b3) rem     t0, t5, t0
core   0: 3 0x800019fc (0x025f62b3) x5  0x00000000
core   0: 0x80001a00 (0x00000485) c.addi  s1, 1
core   0: 3 0x80001a00 (0x0485) x9  0x00000009
core   0: 0x80001a02 (0x01f8dc33) srl     s8, a7, t6
core   0: 3 0x80001a02 (0x01f8dc33) x24 0xffffffff
core   0: 0x80001a06 (0xfe7499e3) bne     s1, t2, pc - 14
core   0: 3 0x80001a06 (0xfe7499e3)
core   0: 0x800019f8 (0x005f3bb3) sltu    s7, t5, t0
core   0: 3 0x800019f8 (0x005f3bb3) x23 0x00000000
core   0: 0x800019fc (0x025f62b3) rem     t0, t5, t0
core   0: 3 0x800019fc (0x025f62b3) x5  0x00000000
core   0: 0x80001a00 (0x00000485) c.addi  s1, 1
core   0: 3 0x80001a00 (0x0485) x9  0x0000000a
core   0: 0x80001a02 (0x01f8dc33) srl     s8, a7, t6
core   0: 3 0x80001a02 (0x01f8dc33) x24 0xffffffff
core   0: 0x80001a06 (0xfe7499e3) bne     s1, t2, pc - 14
core   0: 3 0x80001a06 (0xfe7499e3)
core   0: 0x80001a0a (0x414cdb93) srai    s7, s9, 20
core   0: 3 0x80001a0a (0x414cdb93) x23 0x00000307
core   0: 0x80001a0e (0xfc8676e3) bgeu    a2, s0, pc - 52
core   0: 3 0x80001a0e (0xfc8676e3)
core   0: 0x80001a12 (0x00699b93) slli    s7, s3, 6
core   0: 3 0x80001a12 (0x00699b93) x23 0x00000140
core   0: 0x80001a16 (0x00005a61) c.li    s4, -8
core   0: 3 0x80001a16 (0x5a61) x20 0xfffffff8
core   0: 0x80001a18 (0x0134d393) srli    t2, s1, 19
core   0: 3 0x80001a18 (0x0134d393) x7  0x00000000
core   0: 0x80001a1c (0x7590bc37) lui     s8, 0x7590b
core   0: 3 0x80001a1c (0x7590bc37) x24 0x7590b000
core   0: 0x80001a20 (0x00008c55) c.or    s0, a3
core   0: 3 0x80001a20 (0x8c55) x8  0x00000007
core   0: 0x80001a22 (0x40b604b3) sub     s1, a2, a1
core   0: 3 0x80001a22 (0x40b604b3) x9  0x00000020
core   0: 0x80001a26 (0x00005bf5) c.li    s7, -3
core   0: 3 0x80001a26 (0x5bf5) x23 0xfffffffd
core   0: 0x80001a28 (0x76584b13) xori    s6, a6, 1893
core   0: 3 0x80001a28 (0x76584b13) x22 0x0000076a
core   0: 0x80001a2c (0x00008f79) c.and   a4, a4
core   0: 3 0x80001a2c (0x8f79) x14 0x00000100
core   0: 0x80001a2e (0x00000a11) c.addi  s4, 4
core   0: 3 0x80001a2e (0x0a11) x20 0xfffffffc
core   0: 0x80001a30 (0x023e3033) mulhu   zero, t3, gp
core   0: 3 0x80001a30 (0x023e3033)
core   0: 0x80001a34 (0x0000479d) c.li    a5, 7
core   0: 3 0x80001a34 (0x479d) x15 0x00000007
core   0: 0x80001a36 (0x000003ae) c.slli  t2, 11
core   0: 3 0x80001a36 (0x03ae) x7  0x00000000
core   0: 0x80001a38 (0x0000858a) c.mv    a1, sp
core   0: 3 0x80001a38 (0x858a) x11 0x0000068f
core   0: 0x80001a3a (0x0000468d) c.li    a3, 3
core   0: 3 0x80001a3a (0x468d) x13 0x00000003
core   0: 0x80001a3c (0x01fdd733) srl     a4, s11, t6
core   0: 3 0x80001a3c (0x01fdd733) x14 0x307a4b6f
core   0: 0x80001a40 (0x40b8dd33) sra     s10, a7, a1
core   0: 3 0x80001a40 (0x40b8dd33) x26 0xffffffff
core   0: 0x80001a44 (0x00196fb3) or      t6, s2, ra
core   0: 3 0x80001a44 (0x00196fb3) x31 0x00000001
core   0: 0x80001a48 (0x013132b3) sltu    t0, sp, s3
core   0: 3 0x80001a48 (0x013132b3) x5  0x00000000
core   0: 0x80001a4c (0x000054fd) c.li    s1, -1
core   0: 3 0x80001a4c (0x54fd) x9  0xffffffff
core   0: 0x80001a4e (0x00008e71) c.and   a2, a2
core   0: 3 0x80001a4e (0x8e71) x12 0x00000006
core   0: 0x80001a50 (0x017cf5b3) and     a1, s9, s7
core   0: 3 0x80001a50 (0x017cf5b3) x11 0x307a4b6d
core   0: 0x80001a54 (0x000098fd) c.andi  s1, -1
core   0: 3 0x80001a54 (0x98fd) x9  0xffffffff
core   0: 0x80001a56 (0xf87db513) sltiu   a0, s11, -121
core   0: 3 0x80001a56 (0xf87db513) x10 0x00000001
core   0: 0x80001a5a (0x000080de) c.mv    ra, s7
core   0: 3 0x80001a5a (0x80de) x1  0xfffffffd
core   0: 0x80001a5c (0x50708c17) auipc   s8, 0x50708
core   0: 3 0x80001a5c (0x50708c17) x24 0xd0709a5c
core   0: 0x80001a60 (0x000017fd) c.addi  a5, -1
core   0: 3 0x80001a60 (0x17fd) x15 0x00000006
core   0: 0x80001a62 (0x006a1813) slli    a6, s4, 6
core   0: 3 0x80001a62 (0x006a1813) x16 0xffffff00
core   0: 0x80001a66 (0xfed7f8e3) bgeu    a5, a3, pc - 16
core   0: 3 0x80001a66 (0xfed7f8e3)
core   0: 0x80001a56 (0xf87db513) sltiu   a0, s11, -121
core   0: 3 0x80001a56 (0xf87db513) x10 0x00000001
core   0: 0x80001a5a (0x000080de) c.mv    ra, s7
core   0: 3 0x80001a5a (0x80de) x1  0xfffffffd
core   0: 0x80001a5c (0x50708c17) auipc   s8, 0x50708
core   0: 3 0x80001a5c (0x50708c17) x24 0xd0709a5c
core   0: 0x80001a60 (0x000017fd) c.addi  a5, -1
core   0: 3 0x80001a60 (0x17fd) x15 0x00000005
core   0: 0x80001a62 (0x006a1813) slli    a6, s4, 6
core   0: 3 0x80001a62 (0x006a1813) x16 0xffffff00
core   0: 0x80001a66 (0xfed7f8e3) bgeu    a5, a3, pc - 16
core   0: 3 0x80001a66 (0xfed7f8e3)
core   0: 0x80001a56 (0xf87db513) sltiu   a0, s11, -121
core   0: 3 0x80001a56 (0xf87db513) x10 0x00000001
core   0: 0x80001a5a (0x000080de) c.mv    ra, s7
core   0: 3 0x80001a5a (0x80de) x1  0xfffffffd
core   0: 0x80001a5c (0x50708c17) auipc   s8, 0x50708
core   0: 3 0x80001a5c (0x50708c17) x24 0xd0709a5c
core   0: 0x80001a60 (0x000017fd) c.addi  a5, -1
core   0: 3 0x80001a60 (0x17fd) x15 0x00000004
core   0: 0x80001a62 (0x006a1813) slli    a6, s4, 6
core   0: 3 0x80001a62 (0x006a1813) x16 0xffffff00
core   0: 0x80001a66 (0xfed7f8e3) bgeu    a5, a3, pc - 16
core   0: 3 0x80001a66 (0xfed7f8e3)
core   0: 0x80001a56 (0xf87db513) sltiu   a0, s11, -121
core   0: 3 0x80001a56 (0xf87db513) x10 0x00000001
core   0: 0x80001a5a (0x000080de) c.mv    ra, s7
core   0: 3 0x80001a5a (0x80de) x1  0xfffffffd
core   0: 0x80001a5c (0x50708c17) auipc   s8, 0x50708
core   0: 3 0x80001a5c (0x50708c17) x24 0xd0709a5c
core   0: 0x80001a60 (0x000017fd) c.addi  a5, -1
core   0: 3 0x80001a60 (0x17fd) x15 0x00000003
core   0: 0x80001a62 (0x006a1813) slli    a6, s4, 6
core   0: 3 0x80001a62 (0x006a1813) x16 0xffffff00
core   0: 0x80001a66 (0xfed7f8e3) bgeu    a5, a3, pc - 16
core   0: 3 0x80001a66 (0xfed7f8e3)
core   0: 0x80001a56 (0xf87db513) sltiu   a0, s11, -121
core   0: 3 0x80001a56 (0xf87db513) x10 0x00000001
core   0: 0x80001a5a (0x000080de) c.mv    ra, s7
core   0: 3 0x80001a5a (0x80de) x1  0xfffffffd
core   0: 0x80001a5c (0x50708c17) auipc   s8, 0x50708
core   0: 3 0x80001a5c (0x50708c17) x24 0xd0709a5c
core   0: 0x80001a60 (0x000017fd) c.addi  a5, -1
core   0: 3 0x80001a60 (0x17fd) x15 0x00000002
core   0: 0x80001a62 (0x006a1813) slli    a6, s4, 6
core   0: 3 0x80001a62 (0x006a1813) x16 0xffffff00
core   0: 0x80001a66 (0xfed7f8e3) bgeu    a5, a3, pc - 16
core   0: 3 0x80001a66 (0xfed7f8e3)
core   0: 0x80001a6a (0x00000001) c.nop
core   0: 3 0x80001a6a (0x0001)
core   0: 0x80001a6c (0x00000001) c.nop
core   0: 3 0x80001a6c (0x0001)
core   0: 0x80001a6e (0x405bd833) sra     a6, s7, t0
core   0: 3 0x80001a6e (0x405bd833) x16 0xfffffffd
core   0: 0x80001a72 (0xfb7a4de3) blt     s4, s7, pc - 70
core   0: 3 0x80001a72 (0xfb7a4de3)
core   0: 0x80001a2c (0x00008f79) c.and   a4, a4
core   0: 3 0x80001a2c (0x8f79) x14 0x307a4b6f
core   0: 0x80001a2e (0x00000a11) c.addi  s4, 4
core   0: 3 0x80001a2e (0x0a11) x20 0x00000000
core   0: 0x80001a30 (0x023e3033) mulhu   zero, t3, gp
core   0: 3 0x80001a30 (0x023e3033)
core   0: 0x80001a34 (0x0000479d) c.li    a5, 7
core   0: 3 0x80001a34 (0x479d) x15 0x00000007
core   0: 0x80001a36 (0x000003ae) c.slli  t2, 11
core   0: 3 0x80001a36 (0x03ae) x7  0x00000000
core   0: 0x80001a38 (0x0000858a) c.mv    a1, sp
core   0: 3 0x80001a38 (0x858a) x11 0x0000068f
core   0: 0x80001a3a (0x0000468d) c.li    a3, 3
core   0: 3 0x80001a3a (0x468d) x13 0x00000003
core   0: 0x80001a3c (0x01fdd733) srl     a4, s11, t6
core   0: 3 0x80001a3c (0x01fdd733) x14 0x183d25b7
core   0: 0x80001a40 (0x40b8dd33) sra     s10, a7, a1
core   0: 3 0x80001a40 (0x40b8dd33) x26 0xffffffff
core   0: 0x80001a44 (0x00196fb3) or      t6, s2, ra
core   0: 3 0x80001a44 (0x00196fb3) x31 0xfffffffd
core   0: 0x80001a48 (0x013132b3) sltu    t0, sp, s3
core   0: 3 0x80001a48 (0x013132b3) x5  0x00000000
core   0: 0x80001a4c (0x000054fd) c.li    s1, -1
core   0: 3 0x80001a4c (0x54fd) x9  0xffffffff
core   0: 0x80001a4e (0x00008e71) c.and   a2, a2
core   0: 3 0x80001a4e (0x8e71) x12 0x00000006
core   0: 0x80001a50 (0x017cf5b3) and     a1, s9, s7
core   0: 3 0x80001a50 (0x017cf5b3) x11 0x307a4b6d
core   0: 0x80001a54 (0x000098fd) c.andi  s1, -1
core   0: 3 0x80001a54 (0x98fd) x9  0xffffffff
core   0: 0x80001a56 (0xf87db513) sltiu   a0, s11, -121
core   0: 3 0x80001a56 (0xf87db513) x10 0x00000001
core   0: 0x80001a5a (0x000080de) c.mv    ra, s7
core   0: 3 0x80001a5a (0x80de) x1  0xfffffffd
core   0: 0x80001a5c (0x50708c17) auipc   s8, 0x50708
core   0: 3 0x80001a5c (0x50708c17) x24 0xd0709a5c
core   0: 0x80001a60 (0x000017fd) c.addi  a5, -1
core   0: 3 0x80001a60 (0x17fd) x15 0x00000006
core   0: 0x80001a62 (0x006a1813) slli    a6, s4, 6
core   0: 3 0x80001a62 (0x006a1813) x16 0x00000000
core   0: 0x80001a66 (0xfed7f8e3) bgeu    a5, a3, pc - 16
core   0: 3 0x80001a66 (0xfed7f8e3)
core   0: 0x80001a56 (0xf87db513) sltiu   a0, s11, -121
core   0: 3 0x80001a56 (0xf87db513) x10 0x00000001
core   0: 0x80001a5a (0x000080de) c.mv    ra, s7
core   0: 3 0x80001a5a (0x80de) x1  0xfffffffd
core   0: 0x80001a5c (0x50708c17) auipc   s8, 0x50708
core   0: 3 0x80001a5c (0x50708c17) x24 0xd0709a5c
core   0: 0x80001a60 (0x000017fd) c.addi  a5, -1
core   0: 3 0x80001a60 (0x17fd) x15 0x00000005
core   0: 0x80001a62 (0x006a1813) slli    a6, s4, 6
core   0: 3 0x80001a62 (0x006a1813) x16 0x00000000
core   0: 0x80001a66 (0xfed7f8e3) bgeu    a5, a3, pc - 16
core   0: 3 0x80001a66 (0xfed7f8e3)
core   0: 0x80001a56 (0xf87db513) sltiu   a0, s11, -121
core   0: 3 0x80001a56 (0xf87db513) x10 0x00000001
core   0: 0x80001a5a (0x000080de) c.mv    ra, s7
core   0: 3 0x80001a5a (0x80de) x1  0xfffffffd
core   0: 0x80001a5c (0x50708c17) auipc   s8, 0x50708
core   0: 3 0x80001a5c (0x50708c17) x24 0xd0709a5c
core   0: 0x80001a60 (0x000017fd) c.addi  a5, -1
core   0: 3 0x80001a60 (0x17fd) x15 0x00000004
core   0: 0x80001a62 (0x006a1813) slli    a6, s4, 6
core   0: 3 0x80001a62 (0x006a1813) x16 0x00000000
core   0: 0x80001a66 (0xfed7f8e3) bgeu    a5, a3, pc - 16
core   0: 3 0x80001a66 (0xfed7f8e3)
core   0: 0x80001a56 (0xf87db513) sltiu   a0, s11, -121
core   0: 3 0x80001a56 (0xf87db513) x10 0x00000001
core   0: 0x80001a5a (0x000080de) c.mv    ra, s7
core   0: 3 0x80001a5a (0x80de) x1  0xfffffffd
core   0: 0x80001a5c (0x50708c17) auipc   s8, 0x50708
core   0: 3 0x80001a5c (0x50708c17) x24 0xd0709a5c
core   0: 0x80001a60 (0x000017fd) c.addi  a5, -1
core   0: 3 0x80001a60 (0x17fd) x15 0x00000003
core   0: 0x80001a62 (0x006a1813) slli    a6, s4, 6
core   0: 3 0x80001a62 (0x006a1813) x16 0x00000000
core   0: 0x80001a66 (0xfed7f8e3) bgeu    a5, a3, pc - 16
core   0: 3 0x80001a66 (0xfed7f8e3)
core   0: 0x80001a56 (0xf87db513) sltiu   a0, s11, -121
core   0: 3 0x80001a56 (0xf87db513) x10 0x00000001
core   0: 0x80001a5a (0x000080de) c.mv    ra, s7
core   0: 3 0x80001a5a (0x80de) x1  0xfffffffd
core   0: 0x80001a5c (0x50708c17) auipc   s8, 0x50708
core   0: 3 0x80001a5c (0x50708c17) x24 0xd0709a5c
core   0: 0x80001a60 (0x000017fd) c.addi  a5, -1
core   0: 3 0x80001a60 (0x17fd) x15 0x00000002
core   0: 0x80001a62 (0x006a1813) slli    a6, s4, 6
core   0: 3 0x80001a62 (0x006a1813) x16 0x00000000
core   0: 0x80001a66 (0xfed7f8e3) bgeu    a5, a3, pc - 16
core   0: 3 0x80001a66 (0xfed7f8e3)
core   0: 0x80001a6a (0x00000001) c.nop
core   0: 3 0x80001a6a (0x0001)
core   0: 0x80001a6c (0x00000001) c.nop
core   0: 3 0x80001a6c (0x0001)
core   0: 0x80001a6e (0x405bd833) sra     a6, s7, t0
core   0: 3 0x80001a6e (0x405bd833) x16 0xfffffffd
core   0: 0x80001a72 (0xfb7a4de3) blt     s4, s7, pc - 70
core   0: 3 0x80001a72 (0xfb7a4de3)
core   0: 0x80001a76 (0x029db433) mulhu   s0, s11, s1
core   0: 3 0x80001a76 (0x029db433) x8  0x307a4b6e
core   0: 0x80001a7a (0x00005675) c.li    a2, -3
core   0: 3 0x80001a7a (0x5675) x12 0xfffffffd
core   0: 0x80001a7c (0x00000001) c.nop
core   0: 3 0x80001a7c (0x0001)
core   0: 0x80001a7e (0x40e68033) sub     zero, a3, a4
core   0: 3 0x80001a7e (0x40e68033)
core   0: 0x80001a82 (0x01b1bfb3) sltu    t6, gp, s11
core   0: 3 0x80001a82 (0x01b1bfb3) x31 0x00000001
core   0: 0x80001a86 (0x016d15b3) sll     a1, s10, s6
core   0: 3 0x80001a86 (0x016d15b3) x11 0xfffffc00
core   0: 0x80001a8a (0x41e75993) srai    s3, a4, 30
core   0: 3 0x80001a8a (0x41e75993) x19 0x00000000
core   0: 0x80001a8e (0x00000001) c.nop
core   0: 3 0x80001a8e (0x0001)
core   0: 0x80001a90 (0x284a56b7) lui     a3, 0x284a5
core   0: 3 0x80001a90 (0x284a56b7) x13 0x284a5000
core   0: 0x80001a94 (0x01c1c933) xor     s2, gp, t3
core   0: 3 0x80001a94 (0x01c1c933) x18 0x80025ea5
core   0: 0x80001a98 (0x00004d8d) c.li    s11, 3
core   0: 3 0x80001a98 (0x4d8d) x27 0x00000003
core   0: 0x80001a9a (0x88606713) ori     a4, zero, -1914
core   0: 3 0x80001a9a (0x88606713) x14 0xfffff886
core   0: 0x80001a9e (0x000080d9) c.srli  s1, 22
core   0: 3 0x80001a9e (0x80d9) x9  0x000003ff
core   0: 0x80001aa0 (0x14f38313) addi    t1, t2, 335
core   0: 3 0x80001aa0 (0x14f38313) x6  0x0000014f
core   0: 0x80001aa4 (0x00bffb33) and     s6, t6, a1
core   0: 3 0x80001aa4 (0x00bffb33) x22 0x00000000
core   0: 0x80001aa8 (0x418c52b3) sra     t0, s8, s8
core   0: 3 0x80001aa8 (0x418c52b3) x5  0xfffffffd
core   0: 0x80001aac (0x00000611) c.addi  a2, 4
core   0: 3 0x80001aac (0x0611) x12 0x00000001
core   0: 0x80001aae (0x000002b5) c.addi  t0, 13
core   0: 3 0x80001aae (0x02b5) x5  0x0000000a
core   0: 0x80001ab0 (0x00009bfd) c.andi  a5, -1
core   0: 3 0x80001ab0 (0x9bfd) x15 0x00000002
core   0: 0x80001ab2 (0x028859b3) divu    s3, a6, s0
core   0: 3 0x80001ab2 (0x028859b3) x19 0x00000005
core   0: 0x80001ab6 (0x0385f833) remu    a6, a1, s8
core   0: 3 0x80001ab6 (0x0385f833) x16 0x2f8f61a4
core   0: 0x80001aba (0x00009c92) c.add   s9, tp
core   0: 3 0x80001aba (0x9c92) x25 0xb07ce893
core   0: 0x80001abc (0x0000614d) c.addi16sp sp, 176
core   0: 3 0x80001abc (0x614d) x2  0x0000073f
core   0: 0x80001abe (0x00008fad) c.xor   a5, a1
core   0: 3 0x80001abe (0x8fad) x15 0xfffffc02
core   0: 0x80001ac0 (0x000060ed) c.lui   ra, 0x1b
core   0: 3 0x80001ac0 (0x60ed) x1  0x0001b000
core   0: 0x80001ac2 (0xfdb66fe3) bltu    a2, s11, pc - 34
core   0: 3 0x80001ac2 (0xfdb66fe3)
core   0: 0x80001aa0 (0x14f38313) addi    t1, t2, 335
core   0: 3 0x80001aa0 (0x14f38313) x6  0x0000014f
core   0: 0x80001aa4 (0x00bffb33) and     s6, t6, a1
core   0: 3 0x80001aa4 (0x00bffb33) x22 0x00000000
core   0: 0x80001aa8 (0x418c52b3) sra     t0, s8, s8
core   0: 3 0x80001aa8 (0x418c52b3) x5  0xfffffffd
core   0: 0x80001aac (0x00000611) c.addi  a2, 4
core   0: 3 0x80001aac (0x0611) x12 0x00000005
core   0: 0x80001aae (0x000002b5) c.addi  t0, 13
core   0: 3 0x80001aae (0x02b5) x5  0x0000000a
core   0: 0x80001ab0 (0x00009bfd) c.andi  a5, -1
core   0: 3 0x80001ab0 (0x9bfd) x15 0xfffffc02
core   0: 0x80001ab2 (0x028859b3) divu    s3, a6, s0
core   0: 3 0x80001ab2 (0x028859b3) x19 0x00000000
core   0: 0x80001ab6 (0x0385f833) remu    a6, a1, s8
core   0: 3 0x80001ab6 (0x0385f833) x16 0x2f8f61a4
core   0: 0x80001aba (0x00009c92) c.add   s9, tp
core   0: 3 0x80001aba (0x9c92) x25 0x307f85b7
core   0: 0x80001abc (0x0000614d) c.addi16sp sp, 176
core   0: 3 0x80001abc (0x614d) x2  0x000007ef
core   0: 0x80001abe (0x00008fad) c.xor   a5, a1
core   0: 3 0x80001abe (0x8fad) x15 0x00000002
core   0: 0x80001ac0 (0x000060ed) c.lui   ra, 0x1b
core   0: 3 0x80001ac0 (0x60ed) x1  0x0001b000
core   0: 0x80001ac2 (0xfdb66fe3) bltu    a2, s11, pc - 34
core   0: 3 0x80001ac2 (0xfdb66fe3)
core   0: 0x80001ac6 (0x00000c88) c.addi4spn a0, sp, 592
core   0: 3 0x80001ac6 (0x0c88) x10 0x00000a3f
core   0: 0x80001ac8 (0x00005965) c.li    s2, -7
core   0: 3 0x80001ac8 (0x5965) x18 0xfffffff9
core   0: 0x80001aca (0x028f4cb3) div     s9, t5, s0
core   0: 3 0x80001aca (0x028f4cb3) x25 0x00000000
core   0: 0x80001ace (0x00004085) c.li    ra, 1
core   0: 3 0x80001ace (0x4085) x1  0x00000001
core   0: 0x80001ad0 (0x0000167d) c.addi  a2, -1
core   0: 3 0x80001ad0 (0x167d) x12 0x00000004
core   0: 0x80001ad2 (0x0169eb33) or      s6, s3, s6
core   0: 3 0x80001ad2 (0x0169eb33) x22 0x00000000
core   0: 0x80001ad6 (0x039319b3) mulh    s3, t1, s9
core   0: 3 0x80001ad6 (0x039319b3) x19 0x00000000
core   0: 0x80001ada (0x02624f33) div     t5, tp, t1
core   0: 3 0x80001ada (0x02624f33) x30 0xff9e3161
core   0: 0x80001ade (0x039354b3) divu    s1, t1, s9
core   0: 3 0x80001ade (0x039354b3) x9  0xffffffff
core   0: 0x80001ae2 (0x00008ca5) c.xor   s1, s1
core   0: 3 0x80001ae2 (0x8ca5) x9  0x00000000
core   0: 0x80001ae4 (0x00000929) c.addi  s2, 10
core   0: 3 0x80001ae4 (0x0929) x18 0x00000003
core   0: 0x80001ae6 (0x00004725) c.li    a4, 9
core   0: 3 0x80001ae6 (0x4725) x14 0x00000009
core   0: 0x80001ae8 (0x00008cbd) c.xor   s1, a5
core   0: 3 0x80001ae8 (0x8cbd) x9  0x00000002
core   0: 0x80001aea (0x01223a33) sltu    s4, tp, s2
core   0: 3 0x80001aea (0x01223a33) x20 0x00000000
core   0: 0x80001aee (0x00000001) c.nop
core   0: 3 0x80001aee (0x0001)
core   0: 0x80001af0 (0x02999b33) mulh    s6, s3, s1
core   0: 3 0x80001af0 (0x02999b33) x22 0x00000000
core   0: 0x80001af4 (0x00026d33) or      s10, tp, zero
core   0: 3 0x80001af4 (0x00026d33) x26 0x80029d24
core   0: 0x80001af8 (0x0000177d) c.addi  a4, -1
core   0: 3 0x80001af8 (0x177d) x14 0x00000008
core   0: 0x80001afa (0x0000db7d) c.beqz  a4, pc - 10
core   0: 3 0x80001afa (0xdb7d)
core   0: 0x80001afc (0x0212f3b3) remu    t2, t0, ra
core   0: 3 0x80001afc (0x0212f3b3) x7  0x00000000
core   0: 0x80001b00 (0xfc194de3) blt     s2, ra, pc - 38
core   0: 3 0x80001b00 (0xfc194de3)
core   0: 0x80001b04 (0x00008d91) c.sub   a1, a2
core   0: 3 0x80001b04 (0x8d91) x11 0xfffffbfc
core   0: 0x80001b06 (0x00004421) c.li    s0, 8
core   0: 3 0x80001b06 (0x4421) x8  0x00000008
core   0: 0x80001b08 (0x015a1a33) sll     s4, s4, s5
core   0: 3 0x80001b08 (0x015a1a33) x20 0x00000000
core   0: 0x80001b0c (0x00005745) c.li    a4, -15
core   0: 3 0x80001b0c (0x5745) x14 0xfffffff1
core   0: 0x80001b0e (0xfd88e813) ori     a6, a7, -40
core   0: 3 0x80001b0e (0xfd88e813) x16 0xffffffff
core   0: 0x80001b12 (0x22408913) addi    s2, ra, 548
core   0: 3 0x80001b12 (0x22408913) x18 0x00000225
core   0: 0x80001b16 (0x40767a13) andi    s4, a2, 1031
core   0: 3 0x80001b16 (0x40767a13) x20 0x00000004
core   0: 0x80001b1a (0x00042bb3) slt     s7, s0, zero
core   0: 3 0x80001b1a (0x00042bb3) x23 0x00000000
core   0: 0x80001b1e (0x00c5b7b3) sltu    a5, a1, a2
core   0: 3 0x80001b1e (0x00c5b7b3) x15 0x00000000
core   0: 0x80001b22 (0x00000001) c.nop
core   0: 3 0x80001b22 (0x0001)
core   0: 0x80001b24 (0x00001459) c.addi  s0, -10
core   0: 3 0x80001b24 (0x1459) x8  0xfffffffe
core   0: 0x80001b26 (0x00004d29) c.li    s10, 10
core   0: 3 0x80001b26 (0x4d29) x26 0x0000000a
core   0: 0x80001b28 (0x00f0bc33) sltu    s8, ra, a5
core   0: 3 0x80001b28 (0x00f0bc33) x24 0x00000000
core   0: 0x80001b2c (0x00004529) c.li    a0, 10
core   0: 3 0x80001b2c (0x4529) x10 0x0000000a
core   0: 0x80001b2e (0x01b3a633) slt     a2, t2, s11
core   0: 3 0x80001b2e (0x01b3a633) x12 0x00000001
core   0: 0x80001b32 (0x00009bfd) c.andi  a5, -1
core   0: 3 0x80001b32 (0x9bfd) x15 0x00000000
core   0: 0x80001b34 (0x00001d5d) c.addi  s10, -9
core   0: 3 0x80001b34 (0x1d5d) x26 0x00000001
core   0: 0x80001b36 (0xd57aaf93) slti    t6, s5, -681
core   0: 3 0x80001b36 (0xd57aaf93) x31 0x00000000
core   0: 0x80001b3a (0x00008cc2) c.mv    s9, a6
core   0: 3 0x80001b3a (0x8cc2) x25 0xffffffff
core   0: 0x80001b3c (0x0340d133) divu    sp, ra, s4
core   0: 3 0x80001b3c (0x0340d133) x2  0x00000000
core   0: 0x80001b40 (0x006c1313) slli    t1, s8, 6
core   0: 3 0x80001b40 (0x006c1313) x6  0x00000000
core   0: 0x80001b44 (0x28024793) xori    a5, tp, 640
core   0: 3 0x80001b44 (0x28024793) x15 0x80029fa4
core   0: 0x80001b48 (0x01f97db3) and     s11, s2, t6
core   0: 3 0x80001b48 (0x01f97db3) x27 0x00000000
core   0: 0x80001b4c (0xfead71e3) bgeu    s10, a0, pc - 30
core   0: 3 0x80001b4c (0xfead71e3)
core   0: 0x80001b50 (0x027f8633) mul     a2, t6, t2
core   0: 3 0x80001b50 (0x027f8633) x12 0x00000000
core   0: 0x80001b54 (0x02e0ebb3) rem     s7, ra, a4
core   0: 3 0x80001b54 (0x02e0ebb3) x23 0x00000001
core   0: 0x80001b58 (0xfce451e3) bge     s0, a4, pc - 62
core   0: 3 0x80001b58 (0xfce451e3)
core   0: 0x80001b1a (0x00042bb3) slt     s7, s0, zero
core   0: 3 0x80001b1a (0x00042bb3) x23 0x00000001
core   0: 0x80001b1e (0x00c5b7b3) sltu    a5, a1, a2
core   0: 3 0x80001b1e (0x00c5b7b3) x15 0x00000000
core   0: 0x80001b22 (0x00000001) c.nop
core   0: 3 0x80001b22 (0x0001)
core   0: 0x80001b24 (0x00001459) c.addi  s0, -10
core   0: 3 0x80001b24 (0x1459) x8  0xfffffff4
core   0: 0x80001b26 (0x00004d29) c.li    s10, 10
core   0: 3 0x80001b26 (0x4d29) x26 0x0000000a
core   0: 0x80001b28 (0x00f0bc33) sltu    s8, ra, a5
core   0: 3 0x80001b28 (0x00f0bc33) x24 0x00000000
core   0: 0x80001b2c (0x00004529) c.li    a0, 10
core   0: 3 0x80001b2c (0x4529) x10 0x0000000a
core   0: 0x80001b2e (0x01b3a633) slt     a2, t2, s11
core   0: 3 0x80001b2e (0x01b3a633) x12 0x00000000
core   0: 0x80001b32 (0x00009bfd) c.andi  a5, -1
core   0: 3 0x80001b32 (0x9bfd) x15 0x00000000
core   0: 0x80001b34 (0x00001d5d) c.addi  s10, -9
core   0: 3 0x80001b34 (0x1d5d) x26 0x00000001
core   0: 0x80001b36 (0xd57aaf93) slti    t6, s5, -681
core   0: 3 0x80001b36 (0xd57aaf93) x31 0x00000000
core   0: 0x80001b3a (0x00008cc2) c.mv    s9, a6
core   0: 3 0x80001b3a (0x8cc2) x25 0xffffffff
core   0: 0x80001b3c (0x0340d133) divu    sp, ra, s4
core   0: 3 0x80001b3c (0x0340d133) x2  0x00000000
core   0: 0x80001b40 (0x006c1313) slli    t1, s8, 6
core   0: 3 0x80001b40 (0x006c1313) x6  0x00000000
core   0: 0x80001b44 (0x28024793) xori    a5, tp, 640
core   0: 3 0x80001b44 (0x28024793) x15 0x80029fa4
core   0: 0x80001b48 (0x01f97db3) and     s11, s2, t6
core   0: 3 0x80001b48 (0x01f97db3) x27 0x00000000
core   0: 0x80001b4c (0xfead71e3) bgeu    s10, a0, pc - 30
core   0: 3 0x80001b4c (0xfead71e3)
core   0: 0x80001b50 (0x027f8633) mul     a2, t6, t2
core   0: 3 0x80001b50 (0x027f8633) x12 0x00000000
core   0: 0x80001b54 (0x02e0ebb3) rem     s7, ra, a4
core   0: 3 0x80001b54 (0x02e0ebb3) x23 0x00000001
core   0: 0x80001b58 (0xfce451e3) bge     s0, a4, pc - 62
core   0: 3 0x80001b58 (0xfce451e3)
core   0: 0x80001b1a (0x00042bb3) slt     s7, s0, zero
core   0: 3 0x80001b1a (0x00042bb3) x23 0x00000001
core   0: 0x80001b1e (0x00c5b7b3) sltu    a5, a1, a2
core   0: 3 0x80001b1e (0x00c5b7b3) x15 0x00000000
core   0: 0x80001b22 (0x00000001) c.nop
core   0: 3 0x80001b22 (0x0001)
core   0: 0x80001b24 (0x00001459) c.addi  s0, -10
core   0: 3 0x80001b24 (0x1459) x8  0xffffffea
core   0: 0x80001b26 (0x00004d29) c.li    s10, 10
core   0: 3 0x80001b26 (0x4d29) x26 0x0000000a
core   0: 0x80001b28 (0x00f0bc33) sltu    s8, ra, a5
core   0: 3 0x80001b28 (0x00f0bc33) x24 0x00000000
core   0: 0x80001b2c (0x00004529) c.li    a0, 10
core   0: 3 0x80001b2c (0x4529) x10 0x0000000a
core   0: 0x80001b2e (0x01b3a633) slt     a2, t2, s11
core   0: 3 0x80001b2e (0x01b3a633) x12 0x00000000
core   0: 0x80001b32 (0x00009bfd) c.andi  a5, -1
core   0: 3 0x80001b32 (0x9bfd) x15 0x00000000
core   0: 0x80001b34 (0x00001d5d) c.addi  s10, -9
core   0: 3 0x80001b34 (0x1d5d) x26 0x00000001
core   0: 0x80001b36 (0xd57aaf93) slti    t6, s5, -681
core   0: 3 0x80001b36 (0xd57aaf93) x31 0x00000000
core   0: 0x80001b3a (0x00008cc2) c.mv    s9, a6
core   0: 3 0x80001b3a (0x8cc2) x25 0xffffffff
core   0: 0x80001b3c (0x0340d133) divu    sp, ra, s4
core   0: 3 0x80001b3c (0x0340d133) x2  0x00000000
core   0: 0x80001b40 (0x006c1313) slli    t1, s8, 6
core   0: 3 0x80001b40 (0x006c1313) x6  0x00000000
core   0: 0x80001b44 (0x28024793) xori    a5, tp, 640
core   0: 3 0x80001b44 (0x28024793) x15 0x80029fa4
core   0: 0x80001b48 (0x01f97db3) and     s11, s2, t6
core   0: 3 0x80001b48 (0x01f97db3) x27 0x00000000
core   0: 0x80001b4c (0xfead71e3) bgeu    s10, a0, pc - 30
core   0: 3 0x80001b4c (0xfead71e3)
core   0: 0x80001b50 (0x027f8633) mul     a2, t6, t2
core   0: 3 0x80001b50 (0x027f8633) x12 0x00000000
core   0: 0x80001b54 (0x02e0ebb3) rem     s7, ra, a4
core   0: 3 0x80001b54 (0x02e0ebb3) x23 0x00000001
core   0: 0x80001b58 (0xfce451e3) bge     s0, a4, pc - 62
core   0: 3 0x80001b58 (0xfce451e3)
core   0: 0x80001b5c (0x00004dc9) c.li    s11, 18
core   0: 3 0x80001b5c (0x4dc9) x27 0x00000012
core   0: 0x80001b5e (0x0000469d) c.li    a3, 7
core   0: 3 0x80001b5e (0x469d) x13 0x00000007
core   0: 0x80001b60 (0x40865a13) srai    s4, a2, 8
core   0: 3 0x80001b60 (0x40865a13) x20 0x00000000
core   0: 0x80001b64 (0x000089f9) c.andi  a1, 30
core   0: 3 0x80001b64 (0x89f9) x11 0x0000001c
core   0: 0x80001b66 (0x03d5d733) divu    a4, a1, t4
core   0: 3 0x80001b66 (0x03d5d733) x14 0x00000000
core   0: 0x80001b6a (0x00004321) c.li    t1, 8
core   0: 3 0x80001b6a (0x4321) x6  0x00000008
core   0: 0x80001b6c (0x0000987d) c.andi  s0, -1
core   0: 3 0x80001b6c (0x987d) x8  0xffffffea
core   0: 0x80001b6e (0x00009bfd) c.andi  a5, -1
core   0: 3 0x80001b6e (0x9bfd) x15 0x80029fa4
core   0: 0x80001b70 (0x00008fe9) c.and   a5, a0
core   0: 3 0x80001b70 (0x8fe9) x15 0x00000000
core   0: 0x80001b72 (0x01cc43b3) xor     t2, s8, t3
core   0: 3 0x80001b72 (0x01cc43b3) x7  0x80025ea4
core   0: 0x80001b76 (0x00009cea) c.add   s9, s10
core   0: 3 0x80001b76 (0x9cea) x25 0x00000000
core   0: 0x80001b78 (0x03736a33) rem     s4, t1, s7
core   0: 3 0x80001b78 (0x03736a33) x20 0x00000000
core   0: 0x80001b7c (0x00004611) c.li    a2, 4
core   0: 3 0x80001b7c (0x4611) x12 0x00000004
core   0: 0x80001b7e (0x0000848d) c.srai  s1, 3
core   0: 3 0x80001b7e (0x848d) x9  0x00000000
core   0: 0x80001b80 (0x022b8fb3) mul     t6, s7, sp
core   0: 3 0x80001b80 (0x022b8fb3) x31 0x00000000
core   0: 0x80001b84 (0x000016f5) c.addi  a3, -3
core   0: 3 0x80001b84 (0x16f5) x13 0x00000004
core   0: 0x80001b86 (0xfec6fde3) bgeu    a3, a2, pc - 6
core   0: 3 0x80001b86 (0xfec6fde3)
core   0: 0x80001b80 (0x022b8fb3) mul     t6, s7, sp
core   0: 3 0x80001b80 (0x022b8fb3) x31 0x00000000
core   0: 0x80001b84 (0x000016f5) c.addi  a3, -3
core   0: 3 0x80001b84 (0x16f5) x13 0x00000001
core   0: 0x80001b86 (0xfec6fde3) bgeu    a3, a2, pc - 6
core   0: 3 0x80001b86 (0xfec6fde3)
core   0: 0x80001b8a (0x000081f9) c.srli  a1, 30
core   0: 3 0x80001b8a (0x81f9) x11 0x00000000
core   0: 0x80001b8c (0x000054f5) c.li    s1, -3
core   0: 3 0x80001b8c (0x54f5) x9  0xfffffffd
core   0: 0x80001b8e (0x00000001) c.nop
core   0: 3 0x80001b8e (0x0001)
core   0: 0x80001b90 (0x00000001) c.nop
core   0: 3 0x80001b90 (0x0001)
core   0: 0x80001b92 (0x00000485) c.addi  s1, 1
core   0: 3 0x80001b92 (0x0485) x9  0xfffffffe
core   0: 0x80001b94 (0x0000dcf5) c.beqz  s1, pc - 4
core   0: 3 0x80001b94 (0xdcf5)
core   0: 0x80001b96 (0x000063b5) c.lui   t2, 0xd
core   0: 3 0x80001b96 (0x63b5) x7  0x0000d000
core   0: 0x80001b98 (0x011326b3) slt     a3, t1, a7
core   0: 3 0x80001b98 (0x011326b3) x13 0x00000000
core   0: 0x80001b9c (0x025cfcb3) remu    s9, s9, t0
core   0: 3 0x80001b9c (0x025cfcb3) x25 0x00000000
core   0: 0x80001ba0 (0x3832ed93) ori     s11, t0, 899
core   0: 3 0x80001ba0 (0x3832ed93) x27 0x0000038b
core   0: 0x80001ba4 (0x01373533) sltu    a0, a4, s3
core   0: 3 0x80001ba4 (0x01373533) x10 0x00000000
core   0: 0x80001ba8 (0x000080fe) c.mv    ra, t6
core   0: 3 0x80001ba8 (0x80fe) x1  0x00000000
core   0: 0x80001baa (0x01039813) slli    a6, t2, 16
core   0: 3 0x80001baa (0x01039813) x16 0xd0000000
core   0: 0x80001bae (0x0000179c) c.addi4spn a5, sp, 992
core   0: 3 0x80001bae (0x179c) x15 0x000003e0
core   0: 0x80001bb0 (0x40a4db93) srai    s7, s1, 10
core   0: 3 0x80001bb0 (0x40a4db93) x23 0xffffffff
core   0: 0x80001bb4 (0x03331763) bne     t1, s3, pc + 46
core   0: 3 0x80001bb4 (0x03331763)
core   0: 0x80001be2 (0x023a8bb3) mul     s7, s5, gp
core   0: 3 0x80001be2 (0x023a8bb3) x23 0x00000521
core   0: 0x80001be6 (0x41b303b3) sub     t2, t1, s11
core   0: 3 0x80001be6 (0x41b303b3) x7  0xfffffc7d
core   0: 0x80001bea (0x14972f13) slti    t5, a4, 329
core   0: 3 0x80001bea (0x14972f13) x30 0x00000001
core   0: 0x80001bee (0x00008e5d) c.or    a2, a5
core   0: 3 0x80001bee (0x8e5d) x12 0x000003e4
core   0: 0x80001bf0 (0x011084b3) add     s1, ra, a7
core   0: 3 0x80001bf0 (0x011084b3) x9  0xffffffff
core   0: 0x80001bf4 (0x00009b7d) c.andi  a4, -1
core   0: 3 0x80001bf4 (0x9b7d) x14 0x00000000
core   0: 0x80001bf6 (0x00008bf2) c.mv    s7, t3
core   0: 3 0x80001bf6 (0x8bf2) x23 0x80025ea4
core   0: 0x80001bf8 (0x0333bdb3) mulhu   s11, t2, s3
core   0: 3 0x80001bf8 (0x0333bdb3) x27 0x00000000
core   0: 0x80001bfc (0x02f0e2b3) rem     t0, ra, a5
core   0: 3 0x80001bfc (0x02f0e2b3) x5  0x00000000
core   0: 0x80001c00 (0x032bdcb3) divu    s9, s7, s2
core   0: 3 0x80001c00 (0x032bdcb3) x25 0x003bb0e6
core   0: 0x80001c04 (0x013bc9b3) xor     s3, s7, s3
core   0: 3 0x80001c04 (0x013bc9b3) x19 0x80025ea4
core   0: 0x80001c08 (0x03f50733) mul     a4, a0, t6
core   0: 3 0x80001c08 (0x03f50733) x14 0x00000000
core   0: 0x80001c0c (0x00001ffd) c.addi  t6, -1
core   0: 3 0x80001c0c (0x1ffd) x31 0xffffffff
core   0: 0x80001c0e (0x00008ed9) c.or    a3, a4
core   0: 3 0x80001c0e (0x8ed9) x13 0x00000000
core   0: 0x80001c10 (0x000069e1) c.lui   s3, 0x18
core   0: 3 0x80001c10 (0x69e1) x19 0x00018000
core   0: 0x80001c12 (0xa7d7c093) xori    ra, a5, -1411
core   0: 3 0x80001c12 (0xa7d7c093) x1  0xfffff99d
core   0: 0x80001c16 (0x00441863) bne     s0, tp, pc + 16
core   0: 3 0x80001c16 (0x00441863)
core   0: 0x80001c26 (0x00000001) c.nop
core   0: 3 0x80001c26 (0x0001)
core   0: 0x80001c28 (0x00000916) c.slli  s2, 5
core   0: 3 0x80001c28 (0x0916) x18 0x000044a0
core   0: 0x80001c2a (0x00008e49) c.or    a2, a0
core   0: 3 0x80001c2a (0x8e49) x12 0x000003e4
core   0: 0x80001c2c (0x0000898d) c.andi  a1, 3
core   0: 3 0x80001c2c (0x898d) x11 0x00000000
core   0: 0x80001c2e (0x03fd4d33) div     s10, s10, t6
core   0: 3 0x80001c2e (0x03fd4d33) x26 0xffffffff
core   0: 0x80001c32 (0x00006319) c.lui   t1, 0x6
core   0: 3 0x80001c32 (0x6319) x6  0x00006000
core   0: 0x80001c34 (0x00008fa6) c.mv    t6, s1
core   0: 3 0x80001c34 (0x8fa6) x31 0xffffffff
core   0: 0x80001c36 (0x00000001) c.nop
core   0: 3 0x80001c36 (0x0001)
core   0: 0x80001c38 (0x008a1c93) slli    s9, s4, 8
core   0: 3 0x80001c38 (0x008a1c93) x25 0x00000000
core   0: 0x80001c3c (0x02779f33) mulh    t5, a5, t2
core   0: 3 0x80001c3c (0x02779f33) x30 0xffffffff
core   0: 0x80001c40 (0x00000d56) c.slli  s10, 21
core   0: 3 0x80001c40 (0x0d56) x26 0xffe00000
core   0: 0x80001c42 (0xc9ec2913) slti    s2, s8, -866
core   0: 3 0x80001c42 (0xc9ec2913) x18 0x00000000
core   0: 0x80001c46 (0x0375f033) remu    zero, a1, s7
core   0: 3 0x80001c46 (0x0375f033)
core   0: 0x80001c4a (0x01f45313) srli    t1, s0, 31
core   0: 3 0x80001c4a (0x01f45313) x6  0x00000001
core   0: 0x80001c4e (0x00009b7d) c.andi  a4, -1
core   0: 3 0x80001c4e (0x9b7d) x14 0x00000000
core   0: 0x80001c50 (0x02f71363) bne     a4, a5, pc + 38
core   0: 3 0x80001c50 (0x02f71363)
core   0: 0x80001c76 (0x00008745) c.srai  a4, 17
core   0: 3 0x80001c76 (0x8745) x14 0x00000000
core   0: 0x80001c78 (0x0259b3b3) mulhu   t2, s3, t0
core   0: 3 0x80001c78 (0x0259b3b3) x7  0x00000000
core   0: 0x80001c7c (0x001eb033) sltu    zero, t4, ra
core   0: 3 0x80001c7c (0x001eb033)
core   0: 0x80001c80 (0x02424263) blt     tp, tp, pc + 36
core   0: 3 0x80001c80 (0x02424263)
core   0: 0x80001c84 (0x00001498) c.addi4spn a4, sp, 608
core   0: 3 0x80001c84 (0x1498) x14 0x00000260
core   0: 0x80001c86 (0x000061b9) c.lui   gp, 0xe
core   0: 3 0x80001c86 (0x61b9) x3  0x0000e000
core   0: 0x80001c88 (0x00001e90) c.addi4spn a2, sp, 880
core   0: 3 0x80001c88 (0x1e90) x12 0x00000370
core   0: 0x80001c8a (0x0000c889) c.beqz  s1, pc + 18
core   0: 3 0x80001c8a (0xc889)
core   0: 0x80001c8c (0x00008319) c.srli  a4, 6
core   0: 3 0x80001c8c (0x8319) x14 0x00000009
core   0: 0x80001c8e (0xcdda7793) andi    a5, s4, -803
core   0: 3 0x80001c8e (0xcdda7793) x15 0x00000000
core   0: 0x80001c92 (0x02a8b1b3) mulhu   gp, a7, a0
core   0: 3 0x80001c92 (0x02a8b1b3) x3  0x00000000
core   0: 0x80001c96 (0x0000040e) c.slli  s0, 3
core   0: 3 0x80001c96 (0x040e) x8  0xffffff50
core   0: 0x80001c98 (0x01c24db3) xor     s11, tp, t3
core   0: 3 0x80001c98 (0x01c24db3) x27 0x0000c380
core   0: 0x80001c9c (0x00000001) c.nop
core   0: 3 0x80001c9c (0x0001)
core   0: 0x80001c9e (0x00c867b3) or      a5, a6, a2
core   0: 3 0x80001c9e (0x00c867b3) x15 0xd0000370
core   0: 0x80001ca2 (0x00001384) c.addi4spn s1, sp, 480
core   0: 3 0x80001ca2 (0x1384) x9  0x000001e0
core   0: 0x80001ca4 (0x01d61cb3) sll     s9, a2, t4
core   0: 3 0x80001ca4 (0x01d61cb3) x25 0x03700000
core   0: 0x80001ca8 (0x00000001) c.nop
core   0: 3 0x80001ca8 (0x0001)
core   0: 0x80001caa (0x0000613d) c.addi16sp sp, 480
core   0: 3 0x80001caa (0x613d) x2  0x000001e0
core   0: 0x80001cac (0x40648bb3) sub     s7, s1, t1
core   0: 3 0x80001cac (0x40648bb3) x23 0x000001df
core   0: 0x80001cb0 (0x004e9d93) slli    s11, t4, 4
core   0: 3 0x80001cb0 (0x004e9d93) x27 0x07a4b700
core   0: 0x80001cb4 (0x021e5d63) bge     t3, ra, pc + 58
core   0: 3 0x80001cb4 (0x021e5d63)
core   0: 0x80001cb8 (0x01924bb3) xor     s7, tp, s9
core   0: 3 0x80001cb8 (0x01924bb3) x23 0x83729d24
core   0: 0x80001cbc (0x00000001) c.nop
core   0: 3 0x80001cbc (0x0001)
core   0: 0x80001cbe (0x018b03b3) add     t2, s6, s8
core   0: 3 0x80001cbe (0x018b03b3) x7  0x00000000
core   0: 0x80001cc2 (0x00008645) c.srai  a2, 17
core   0: 3 0x80001cc2 (0x8645) x12 0x00000000
core   0: 0x80001cc4 (0x00000001) c.nop
core   0: 3 0x80001cc4 (0x0001)
core   0: 0x80001cc6 (0x028711b3) mulh    gp, a4, s0
core   0: 3 0x80001cc6 (0x028711b3) x3  0xffffffff
core   0: 0x80001cca (0x00000001) c.nop
core   0: 3 0x80001cca (0x0001)
core   0: 0x80001ccc (0x026bffb3) remu    t6, s7, t1
core   0: 3 0x80001ccc (0x026bffb3) x31 0x00000000
core   0: 0x80001cd0 (0x6c56e2b7) lui     t0, 0x6c56e
core   0: 3 0x80001cd0 (0x6c56e2b7) x5  0x6c56e000
core   0: 0x80001cd4 (0x000081d1) c.srli  a1, 20
core   0: 3 0x80001cd4 (0x81d1) x11 0x00000000
core   0: 0x80001cd6 (0x0000cd81) c.beqz  a1, pc + 24
core   0: 3 0x80001cd6 (0xcd81)
core   0: 0x80001cee (0x0000ca01) c.beqz  a2, pc + 16
core   0: 3 0x80001cee (0xca01)
core   0: 0x80001cfe (0x00006bcd) c.lui   s7, 0x13
core   0: 3 0x80001cfe (0x6bcd) x23 0x00013000
core   0: 0x80001d00 (0x0000834e) c.mv    t1, s3
core   0: 3 0x80001d00 (0x834e) x6  0x00018000
core   0: 0x80001d02 (0x00008bd1) c.andi  a5, 20
core   0: 3 0x80001d02 (0x8bd1) x15 0x00000010
core   0: 0x80001d04 (0x792b0c93) addi    s9, s6, 1938
core   0: 3 0x80001d04 (0x792b0c93) x25 0x00000792
core   0: 0x80001d08 (0x02578c33) mul     s8, a5, t0
core   0: 3 0x80001d08 (0x02578c33) x24 0xc56e0000
core   0: 0x80001d0c (0x00008c89) c.sub   s1, a0
core   0: 3 0x80001d0c (0x8c89) x9  0x000001e0
core   0: 0x80001d0e (0x74b7c313) xori    t1, a5, 1867
core   0: 3 0x80001d0e (0x74b7c313) x6  0x0000075b
core   0: 0x80001d12 (0x03b885b3) mul     a1, a7, s11
core   0: 3 0x80001d12 (0x03b885b3) x11 0xf85b4900
core   0: 0x80001d16 (0x40c2d433) sra     s0, t0, a2
core   0: 3 0x80001d16 (0x40c2d433) x8  0x6c56e000
core   0: 0x80001d1a (0x00000001) c.nop
core   0: 3 0x80001d1a (0x0001)
core   0: 0x80001d1c (0x03e3f433) remu    s0, t2, t5
core   0: 3 0x80001d1c (0x03e3f433) x8  0x00000000
core   0: 0x80001d20 (0x00000001) c.nop
core   0: 3 0x80001d20 (0x0001)
core   0: 0x80001d22 (0x02f754b3) divu    s1, a4, a5
core   0: 3 0x80001d22 (0x02f754b3) x9  0x00000000
core   0: 0x80001d26 (0xce586013) ori     zero, a6, -795
core   0: 3 0x80001d26 (0xce586013)
core   0: 0x80001d2a (0x0000717d) c.addi16sp sp, -16
core   0: 3 0x80001d2a (0x717d) x2  0x000001d0
core   0: 0x80001d2c (0xd1aa6413) ori     s0, s4, -742
core   0: 3 0x80001d2c (0xd1aa6413) x8  0xfffffd1a
core   0: 0x80001d30 (0x00a828b3) slt     a7, a6, a0
core   0: 3 0x80001d30 (0x00a828b3) x17 0x00000001
core   0: 0x80001d34 (0x03b76833) rem     a6, a4, s11
core   0: 3 0x80001d34 (0x03b76833) x16 0x00000009
core   0: 0x80001d38 (0x01a87433) and     s0, a6, s10
core   0: 3 0x80001d38 (0x01a87433) x8  0x00000000
core   0: 0x80001d3c (0x4093dbb3) sra     s7, t2, s1
core   0: 3 0x80001d3c (0x4093dbb3) x23 0x00000000
core   0: 0x80001d40 (0x000042b5) c.li    t0, 13
core   0: 3 0x80001d40 (0x42b5) x5  0x0000000d
core   0: 0x80001d42 (0x01bd9ab3) sll     s5, s11, s11
core   0: 3 0x80001d42 (0x01bd9ab3) x21 0x07a4b700
core   0: 0x80001d46 (0x0338c963) blt     a7, s3, pc + 50
core   0: 3 0x80001d46 (0x0338c963)
core   0: 0x80001d78 (0x34db7a17) auipc   s4, 0x34db7
core   0: 3 0x80001d78 (0x34db7a17) x20 0xb4db8d78
core   0: 0x80001d7c (0x00ddb0b3) sltu    ra, s11, a3
core   0: 3 0x80001d7c (0x00ddb0b3) x1  0x00000000
core   0: 0x80001d80 (0x00008c9d) c.sub   s1, a5
core   0: 3 0x80001d80 (0x8c9d) x9  0xfffffff0
core   0: 0x80001d82 (0x000064e5) c.lui   s1, 0x19
core   0: 3 0x80001d82 (0x64e5) x9  0x00019000
core   0: 0x80001d84 (0x4c8fc417) auipc   s0, 0x4c8fc
core   0: 3 0x80001d84 (0x4c8fc417) x8  0xcc8fdd84
core   0: 0x80001d88 (0x00a31863) bne     t1, a0, pc + 16
core   0: 3 0x80001d88 (0x00a31863)
core   0: 0x80001d98 (0x8d7a3193) sltiu   gp, s4, -1833
core   0: 3 0x80001d98 (0x8d7a3193) x3  0x00000001
core   0: 0x80001d9c (0x00ad5d63) bge     s10, a0, pc + 26
core   0: 3 0x80001d9c (0x00ad5d63)
core   0: 0x80001da0 (0x1c48c493) xori    s1, a7, 452
core   0: 3 0x80001da0 (0x1c48c493) x9  0x000001c5
core   0: 0x80001da4 (0x00008c79) c.and   s0, a4
core   0: 3 0x80001da4 (0x8c79) x8  0x00000000
core   0: 0x80001da6 (0x8340ba93) sltiu   s5, ra, -1996
core   0: 3 0x80001da6 (0x8340ba93) x21 0x00000001
core   0: 0x80001daa (0x96597793) andi    a5, s2, -1691
core   0: 3 0x80001daa (0x96597793) x15 0x00000000
core   0: 0x80001dae (0x023bd8b3) divu    a7, s7, gp
core   0: 3 0x80001dae (0x023bd8b3) x17 0x00000000
core   0: 0x80001db2 (0x5e5f10b7) lui     ra, 0x5e5f1
core   0: 3 0x80001db2 (0x5e5f10b7) x1  0x5e5f1000
core   0: 0x80001db6 (0x00008e45) c.or    a2, s1
core   0: 3 0x80001db6 (0x8e45) x12 0x000001c5
core   0: 0x80001db8 (0x00008855) c.andi  s0, 21
core   0: 3 0x80001db8 (0x8855) x8  0x00000000
core   0: 0x80001dba (0x021b0c33) mul     s8, s6, ra
core   0: 3 0x80001dba (0x021b0c33) x24 0x00000000
core   0: 0x80001dbe (0x02964833) div     a6, a2, s1
core   0: 3 0x80001dbe (0x02964833) x16 0x00000001
core   0: 0x80001dc2 (0x028d7763) bgeu    s10, s0, pc + 46
core   0: 3 0x80001dc2 (0x028d7763)
core   0: 0x80001df0 (0x02d1ca63) blt     gp, a3, pc + 52
core   0: 3 0x80001df0 (0x02d1ca63)
core   0: 0x80001df4 (0x03227063) bgeu    tp, s2, pc + 32
core   0: 3 0x80001df4 (0x03227063)
core   0: 0x80001e14 (0x03d30133) mul     sp, t1, t4
core   0: 3 0x80001e14 (0x03d30133) x2  0x9388e0d0
core   0: 0x80001e18 (0x01b6ea63) bltu    a3, s11, pc + 20
core   0: 3 0x80001e18 (0x01b6ea63)
core   0: 0x80001e2c (0x00008eb9) c.xor   a3, a4
core   0: 3 0x80001e2c (0x8eb9) x13 0x00000009
core   0: 0x80001e2e (0x00fb3133) sltu    sp, s6, a5
core   0: 3 0x80001e2e (0x00fb3133) x2  0x00000000
core   0: 0x80001e32 (0x01f20cb3) add     s9, tp, t6
core   0: 3 0x80001e32 (0x01f20cb3) x25 0x80029d24
core   0: 0x80001e36 (0x00000001) c.nop
core   0: 3 0x80001e36 (0x0001)
core   0: 0x80001e38 (0xbea0a313) slti    t1, ra, -1046
core   0: 3 0x80001e38 (0xbea0a313) x6  0x00000000
core   0: 0x80001e3c (0x210aa117) auipc   sp, 0x210aa
core   0: 3 0x80001e3c (0x210aa117) x2  0xa10abe3c
core   0: 0x80001e40 (0x0000e121) c.bnez  a0, pc + 64
core   0: 3 0x80001e40 (0xe121)
core   0: 0x80001e42 (0x86347a13) andi    s4, s0, -1949
core   0: 3 0x80001e42 (0x86347a13) x20 0x00000000
core   0: 0x80001e46 (0x41238533) sub     a0, t2, s2
core   0: 3 0x80001e46 (0x41238533) x10 0x00000000
core   0: 0x80001e4a (0x00008a99) c.andi  a3, 6
core   0: 3 0x80001e4a (0x8a99) x13 0x00000000
core   0: 0x80001e4c (0x00008d65) c.and   a0, s1
core   0: 3 0x80001e4c (0x8d65) x10 0x00000000
core   0: 0x80001e4e (0x030677b3) remu    a5, a2, a6
core   0: 3 0x80001e4e (0x030677b3) x15 0x00000000
core   0: 0x80001e52 (0x00000632) c.slli  a2, 12
core   0: 3 0x80001e52 (0x0632) x12 0x001c5000
core   0: 0x80001e54 (0x0334e963) bltu    s1, s3, pc + 50
core   0: 3 0x80001e54 (0x0334e963)
core   0: 0x80001e86 (0x01c587b3) add     a5, a1, t3
core   0: 3 0x80001e86 (0x01c587b3) x15 0x785da7a4
core   0: 0x80001e8a (0x027e1d63) bne     t3, t2, pc + 58
core   0: 3 0x80001e8a (0x027e1d63)
core   0: 0x80001ec4 (0x00000b91) c.addi  s7, 4
core   0: 3 0x80001ec4 (0x0b91) x23 0x00000004
core   0: 0x80001ec6 (0x40edd733) sra     a4, s11, a4
core   0: 3 0x80001ec6 (0x40edd733) x14 0x0003d25b
core   0: 0x80001eca (0x414884b3) sub     s1, a7, s4
core   0: 3 0x80001eca (0x414884b3) x9  0x00000000
core   0: 0x80001ece (0x20714013) xori    zero, sp, 519
core   0: 3 0x80001ece (0x20714013)
core   0: 0x80001ed2 (0x0204d863) bgez    s1, pc + 48
core   0: 3 0x80001ed2 (0x0204d863)
core   0: 0x80001f02 (0x00006cd1) c.lui   s9, 0x14
core   0: 3 0x80001f02 (0x6cd1) x25 0x00014000
core   0: 0x80001f04 (0x00006ba1) c.lui   s7, 0x8
core   0: 3 0x80001f04 (0x6ba1) x23 0x00008000
core   0: 0x80001f06 (0x403a86b3) sub     a3, s5, gp
core   0: 3 0x80001f06 (0x403a86b3) x13 0x00000000
core   0: 0x80001f0a (0x00009afd) c.andi  a3, -1
core   0: 3 0x80001f0a (0x9afd) x13 0x00000000
core   0: 0x80001f0c (0x00006141) c.addi16sp sp, 16
core   0: 3 0x80001f0c (0x6141) x2  0xa10abe4c
core   0: 0x80001f0e (0x03c18033) mul     zero, gp, t3
core   0: 3 0x80001f0e (0x03c18033)
core   0: 0x80001f12 (0x00008f49) c.or    a4, a0
core   0: 3 0x80001f12 (0x8f49) x14 0x0003d25b
core   0: 0x80001f14 (0x5f9b4613) xori    a2, s6, 1529
core   0: 3 0x80001f14 (0x5f9b4613) x12 0x000005f9
core   0: 0x80001f18 (0x0000c505) c.beqz  a0, pc + 40
core   0: 3 0x80001f18 (0xc505)
core   0: 0x80001f40 (0x013a4263) blt     s4, s3, pc + 4
core   0: 3 0x80001f40 (0x013a4263)
core   0: 0x80001f44 (0x01f92033) slt     zero, s2, t6
core   0: 3 0x80001f44 (0x01f92033)
core   0: 0x80001f48 (0x02ee3a33) mulhu   s4, t3, a4
core   0: 3 0x80001f48 (0x02ee3a33) x20 0x0001e936
core   0: 0x80001f4c (0x031a1fb3) mulh    t6, s4, a7
core   0: 3 0x80001f4c (0x031a1fb3) x31 0x00000000
core   0: 0x80001f50 (0x03acca33) div     s4, s9, s10
core   0: 3 0x80001f50 (0x03acca33) x20 0x00000000
core   0: 0x80001f54 (0x40ba0533) sub     a0, s4, a1
core   0: 3 0x80001f54 (0x40ba0533) x10 0x07a4b700
core   0: 0x80001f58 (0x408e8a33) sub     s4, t4, s0
core   0: 3 0x80001f58 (0x408e8a33) x20 0x307a4b70
core   0: 0x80001f5c (0x028039b3) mulhu   s3, zero, s0
core   0: 3 0x80001f5c (0x028039b3) x19 0x00000000
core   0: 0x80001f60 (0x00006819) c.lui   a6, 0x6
core   0: 3 0x80001f60 (0x6819) x16 0x00006000
core   0: 0x80001f62 (0x0000537d) c.li    t1, -1
core   0: 3 0x80001f62 (0x537d) x6  0xffffffff
core   0: 0x80001f64 (0x00006165) c.addi16sp sp, 112
core   0: 3 0x80001f64 (0x6165) x2  0xa10abebc
core   0: 0x80001f66 (0x00116333) or      t1, sp, ra
core   0: 3 0x80001f66 (0x00116333) x6  0xff5fbebc
core   0: 0x80001f6a (0x0266e9b3) rem     s3, a3, t1
core   0: 3 0x80001f6a (0x0266e9b3) x19 0x00000000
core   0: 0x80001f6e (0x00ce5333) srl     t1, t3, a2
core   0: 3 0x80001f6e (0x00ce5333) x6  0x00000040
core   0: 0x80001f72 (0x54558f93) addi    t6, a1, 1349
core   0: 3 0x80001f72 (0x54558f93) x31 0xf85b4e45
core   0: 0x80001f76 (0x0383ccb3) div     s9, t2, s8
core   0: 3 0x80001f76 (0x0383ccb3) x25 0xffffffff
core   0: 0x80001f7a (0x481e4313) xori    t1, t3, 1153
core   0: 3 0x80001f7a (0x481e4313) x6  0x80025a25
core   0: 0x80001f7e (0x00529893) slli    a7, t0, 5
core   0: 3 0x80001f7e (0x00529893) x17 0x000001a0
core   0: 0x80001f82 (0x00008ebd) c.xor   a3, a5
core   0: 3 0x80001f82 (0x8ebd) x13 0x785da7a4
core   0: 0x80001f84 (0x02910333) mul     t1, sp, s1
core   0: 3 0x80001f84 (0x02910333) x6  0x00000000
core   0: 0x80001f88 (0x00000ca6) c.slli  s9, 9
core   0: 3 0x80001f88 (0x0ca6) x25 0xfffffe00
core   0: 0x80001f8a (0x000c4e63) bltz    s8, pc + 28
core   0: 3 0x80001f8a (0x000c4e63)
core   0: 0x80001f8e (0x02fded63) bltu    s11, a5, pc + 58
core   0: 3 0x80001f8e (0x02fded63)
core   0: 0x80001fc8 (0x00008fd2) c.mv    t6, s4
core   0: 3 0x80001fc8 (0x8fd2) x31 0x307a4b70
core   0: 0x80001fca (0x02e9acb3) mulhsu  s9, s3, a4
core   0: 3 0x80001fca (0x02e9acb3) x25 0x00000000
core   0: 0x80001fce (0xc1f9b413) sltiu   s0, s3, -993
core   0: 3 0x80001fce (0xc1f9b413) x8  0x00000001
core   0: 0x80001fd2 (0x000069b5) c.lui   s3, 0xd
core   0: 3 0x80001fd2 (0x69b5) x19 0x0000d000
core   0: 0x80001fd4 (0x1d17dbb7) lui     s7, 0x1d17d
core   0: 3 0x80001fd4 (0x1d17dbb7) x23 0x1d17d000
core   0: 0x80001fd8 (0x37914613) xori    a2, sp, 889
core   0: 3 0x80001fd8 (0x37914613) x12 0xa10abdc5
core   0: 0x80001fdc (0x0000140c) c.addi4spn a1, sp, 544
core   0: 3 0x80001fdc (0x140c) x11 0xa10ac0dc
core   0: 0x80001fde (0x7d522713) slti    a4, tp, 2005
core   0: 3 0x80001fde (0x7d522713) x14 0x00000001
core   0: 0x80001fe2 (0x28a23593) sltiu   a1, tp, 650
core   0: 3 0x80001fe2 (0x28a23593) x11 0x00000000
core   0: 0x80001fe6 (0x03ef0263) beq     t5, t5, pc + 36
core   0: 3 0x80001fe6 (0x03ef0263)
core   0: 0x8000200a (0x000090b2) c.add   ra, a2
core   0: 3 0x8000200a (0x90b2) x1  0xff69cdc5
core   0: 0x8000200c (0xba300013) li      zero, -1117
core   0: 3 0x8000200c (0xba300013)
core   0: 0x80002010 (0x023315b3) mulh    a1, t1, gp
core   0: 3 0x80002010 (0x023315b3) x11 0x00000000
core   0: 0x80002014 (0xbc2e0913) addi    s2, t3, -1086
core   0: 3 0x80002014 (0xbc2e0913) x18 0x80025a66
core   0: 0x80002018 (0x00000001) c.nop
core   0: 3 0x80002018 (0x0001)
core   0: 0x8000201a (0x01295733) srl     a4, s2, s2
core   0: 3 0x8000201a (0x01295733) x14 0x02000969
core   0: 0x8000201e (0x00ef0333) add     t1, t5, a4
core   0: 3 0x8000201e (0x00ef0333) x6  0x02000968
core   0: 0x80002022 (0x01f76f33) or      t5, a4, t6
core   0: 3 0x80002022 (0x01f76f33) x30 0x327a4b79
core   0: 0x80002026 (0x0000cf01) c.beqz  a4, pc + 24
core   0: 3 0x80002026 (0xcf01)
core   0: 0x80002028 (0x02681a33) mulh    s4, a6, t1
core   0: 3 0x80002028 (0x02681a33) x20 0x000000c0
core   0: 0x8000202c (0x4075d813) srai    a6, a1, 7
core   0: 3 0x8000202c (0x4075d813) x16 0x00000000
core   0: 0x80002030 (0x00008ca9) c.xor   s1, a0
core   0: 3 0x80002030 (0x8ca9) x9  0x07a4b700
core   0: 0x80002032 (0x03018a33) mul     s4, gp, a6
core   0: 3 0x80002032 (0x03018a33) x20 0x00000000
core   0: 0x80002036 (0x000009b9) c.addi  s3, 14
core   0: 3 0x80002036 (0x09b9) x19 0x0000d00e
core   0: 0x80002038 (0x00000c1d) c.addi  s8, 7
core   0: 3 0x80002038 (0x0c1d) x24 0x00000007
core   0: 0x8000203a (0x00008dc1) c.or    a1, s0
core   0: 3 0x8000203a (0x8dc1) x11 0x00000001
core   0: 0x8000203c (0x0000883e) c.mv    a6, a5
core   0: 3 0x8000203c (0x883e) x16 0x785da7a4
core   0: 0x8000203e (0x0000c881) c.beqz  s1, pc + 16
core   0: 3 0x8000203e (0xc881)
core   0: 0x80002040 (0x017c8d63) beq     s9, s7, pc + 26
core   0: 3 0x80002040 (0x017c8d63)
core   0: 0x80002044 (0x408f89b3) sub     s3, t6, s0
core   0: 3 0x80002044 (0x408f89b3) x19 0x307a4b6f
core   0: 0x80002048 (0x01f11c93) slli    s9, sp, 31
core   0: 3 0x80002048 (0x01f11c93) x25 0x00000000
core   0: 0x8000204c (0x00009f6a) c.add   t5, s10
core   0: 3 0x8000204c (0x9f6a) x30 0x325a4b79
core   0: 0x8000204e (0x03e042b3) div     t0, zero, t5
core   0: 3 0x8000204e (0x03e042b3) x5  0x00000000
core   0: 0x80002052 (0x03808b63) beq     ra, s8, pc + 54
core   0: 3 0x80002052 (0x03808b63)
core   0: 0x80002056 (0x036e9763) bne     t4, s6, pc + 46
core   0: 3 0x80002056 (0x036e9763)
core   0: 0x80002084 (0x001b6763) bltu    s6, ra, pc + 14
core   0: 3 0x80002084 (0x001b6763)
core   0: 0x80002092 (0x3d9c6093) ori     ra, s8, 985
core   0: 3 0x80002092 (0x3d9c6093) x1  0x000003df
core   0: 0x80002096 (0x0000915a) c.add   sp, s6
core   0: 3 0x80002096 (0x915a) x2  0xa10abebc
core   0: 0x80002098 (0x00000001) c.nop
core   0: 3 0x80002098 (0x0001)
core   0: 0x8000209a (0x031e1163) bne     t3, a7, pc + 34
core   0: 3 0x8000209a (0x031e1163)
core   0: 0x800020bc (0x000081ee) c.mv    gp, s11
core   0: 3 0x800020bc (0x81ee) x3  0x07a4b700
core   0: 0x800020be (0x02884f33) div     t5, a6, s0
core   0: 3 0x800020be (0x02884f33) x30 0x785da7a4
core   0: 0x800020c2 (0x033cdd63) bge     s9, s3, pc + 58
core   0: 3 0x800020c2 (0x033cdd63)
core   0: 0x800020c6 (0x03d7e963) bltu    a5, t4, pc + 50
core   0: 3 0x800020c6 (0x03d7e963)
core   0: 0x800020ca (0x406a89b3) sub     s3, s5, t1
core   0: 3 0x800020ca (0x406a89b3) x19 0xfdfff699
core   0: 0x800020ce (0x00557733) and     a4, a0, t0
core   0: 3 0x800020ce (0x00557733) x14 0x00000000
core   0: 0x800020d2 (0x0000970a) c.add   a4, sp
core   0: 3 0x800020d2 (0x970a) x14 0xa10abebc
core   0: 0x800020d4 (0x028804b3) mul     s1, a6, s0
core   0: 3 0x800020d4 (0x028804b3) x9  0x785da7a4
core   0: 0x800020d8 (0x8228e593) ori     a1, a7, -2014
core   0: 3 0x800020d8 (0x8228e593) x11 0xfffff9a2
core   0: 0x800020dc (0x014b22b3) slt     t0, s6, s4
core   0: 3 0x800020dc (0x014b22b3) x5  0x00000000
core   0: 0x800020e0 (0x01120433) add     s0, tp, a7
core   0: 3 0x800020e0 (0x01120433) x8  0x80029ec4
core   0: 0x800020e4 (0x0041d393) srli    t2, gp, 4
core   0: 3 0x800020e4 (0x0041d393) x7  0x007a4b70
core   0: 0x800020e8 (0x00cebb33) sltu    s6, t4, a2
core   0: 3 0x800020e8 (0x00cebb33) x22 0x00000001
core   0: 0x800020ec (0x029d6533) rem     a0, s10, s1
core   0: 3 0x800020ec (0x029d6533) x10 0xffe00000
core   0: 0x800020f0 (0xf0ab6993) ori     s3, s6, -246
core   0: 3 0x800020f0 (0xf0ab6993) x19 0xffffff0b
core   0: 0x800020f4 (0x02ba2fb3) mulhsu  t6, s4, a1
core   0: 3 0x800020f4 (0x02ba2fb3) x31 0x00000000
core   0: 0x800020f8 (0xc3a9b917) auipc   s2, 0xc3a9b
core   0: 3 0x800020f8 (0xc3a9b917) x18 0x43a9d0f8
core   0: 0x800020fc (0x01b28c63) beq     t0, s11, pc + 24
core   0: 3 0x800020fc (0x01b28c63)
core   0: 0x80002100 (0x00008955) c.andi  a0, 21
core   0: 3 0x80002100 (0x8955) x10 0x00000000
core   0: 0x80002102 (0x00ef2f33) slt     t5, t5, a4
core   0: 3 0x80002102 (0x00ef2f33) x30 0x00000000
core   0: 0x80002106 (0x0000c619) c.beqz  a2, pc + 14
core   0: 3 0x80002106 (0xc619)
core   0: 0x80002108 (0x0000717d) c.addi16sp sp, -16
core   0: 3 0x80002108 (0x717d) x2  0xa10abeac
core   0: 0x8000210a (0x026c21b3) mulhsu  gp, s8, t1
core   0: 3 0x8000210a (0x026c21b3) x3  0x00000000
core   0: 0x8000210e (0x00008c9d) c.sub   s1, a5
core   0: 3 0x8000210e (0x8c9d) x9  0x00000000
core   0: 0x80002110 (0x00008d21) c.xor   a0, s0
core   0: 3 0x80002110 (0x8d21) x10 0x80029ec4
core   0: 0x80002112 (0x000043e9) c.li    t2, 26
core   0: 3 0x80002112 (0x43e9) x7  0x0000001a
core   0: 0x80002114 (0x031ef3b3) remu    t2, t4, a7
core   0: 3 0x80002114 (0x031ef3b3) x7  0x00000130
core   0: 0x80002118 (0x01ddd4b3) srl     s1, s11, t4
core   0: 3 0x80002118 (0x01ddd4b3) x9  0x000007a4
core   0: 0x8000211c (0x000098fd) c.andi  s1, -1
core   0: 3 0x8000211c (0x98fd) x9  0x000007a4
core   0: 0x8000211e (0x00005a7d) c.li    s4, -1
core   0: 3 0x8000211e (0x5a7d) x20 0xffffffff
core   0: 0x80002120 (0x001a36b3) sltu    a3, s4, ra
core   0: 3 0x80002120 (0x001a36b3) x13 0x00000000
core   0: 0x80002124 (0x40e7d5b3) sra     a1, a5, a4
core   0: 3 0x80002124 (0x40e7d5b3) x11 0x00000007
core   0: 0x80002128 (0x02c80633) mul     a2, a6, a2
core   0: 3 0x80002128 (0x02c80633) x12 0x753e1534
core   0: 0x8000212c (0x00c0cd33) xor     s10, ra, a2
core   0: 3 0x8000212c (0x00c0cd33) x26 0x753e16eb
core   0: 0x80002130 (0x0337e633) rem     a2, a5, s3
core   0: 3 0x80002130 (0x0337e633) x12 0x00000004
core   0: 0x80002134 (0x03fd9c63) bne     s11, t6, pc + 56
core   0: 3 0x80002134 (0x03fd9c63)
core   0: 0x8000216c (0xed403513) sltiu   a0, zero, -300
core   0: 3 0x8000216c (0xed403513) x10 0x00000001
core   0: 0x80002170 (0x02b2a633) mulhsu  a2, t0, a1
core   0: 3 0x80002170 (0x02b2a633) x12 0x00000000
core   0: 0x80002174 (0x009c7033) and     zero, s8, s1
core   0: 3 0x80002174 (0x009c7033)
core   0: 0x80002178 (0x02766fb3) rem     t6, a2, t2
core   0: 3 0x80002178 (0x02766fb3) x31 0x00000000
core   0: 0x8000217c (0x03a79133) mulh    sp, a5, s10
core   0: 3 0x8000217c (0x03a79133) x2  0x371fff13
core   0: 0x80002180 (0xf2e07493) andi    s1, zero, -210
core   0: 3 0x80002180 (0xf2e07493) x9  0x00000000
core   0: 0x80002184 (0x00959c93) slli    s9, a1, 9
core   0: 3 0x80002184 (0x00959c93) x25 0x00000e00
core   0: 0x80002188 (0x0000048e) c.slli  s1, 3
core   0: 3 0x80002188 (0x048e) x9  0x00000000
core   0: 0x8000218a (0x0000e599) c.bnez  a1, pc + 14
core   0: 3 0x8000218a (0xe599)
core   0: 0x80002198 (0x40ddd3b3) sra     t2, s11, a3
core   0: 3 0x80002198 (0x40ddd3b3) x7  0x07a4b700
core   0: 0x8000219c (0x00006559) c.lui   a0, 0x16
core   0: 3 0x8000219c (0x6559) x10 0x00016000
core   0: 0x8000219e (0x00008e01) c.sub   a2, s0
core   0: 3 0x8000219e (0x8e01) x12 0x7ffd613c
core   0: 0x800021a0 (0x0306bb33) mulhu   s6, a3, a6
core   0: 3 0x800021a0 (0x0306bb33) x22 0x00000000
core   0: 0x800021a4 (0x00008f25) c.xor   a4, s1
core   0: 3 0x800021a4 (0x8f25) x14 0xa10abebc
core   0: 0x800021a6 (0x03d3d663) bge     t2, t4, pc + 44
core   0: 3 0x800021a6 (0x03d3d663)
core   0: 0x800021aa (0x00008f62) c.mv    t5, s8
core   0: 3 0x800021aa (0x8f62) x30 0x00000007
core   0: 0x800021ac (0x000097ae) c.add   a5, a1
core   0: 3 0x800021ac (0x97ae) x15 0x785da7ab
core   0: 0x800021ae (0x00004195) c.li    gp, 5
core   0: 3 0x800021ae (0x4195) x3  0x00000005
core   0: 0x800021b0 (0x0190d8b3) srl     a7, ra, s9
core   0: 3 0x800021b0 (0x0190d8b3) x17 0x000003df
core   0: 0x800021b4 (0x0000e81d) c.bnez  s0, pc + 54
core   0: 3 0x800021b4 (0xe81d)
core   0: 0x800021ea (0x00000001) c.nop
core   0: 3 0x800021ea (0x0001)
core   0: 0x800021ec (0x015e2cb3) slt     s9, t3, s5
core   0: 3 0x800021ec (0x015e2cb3) x25 0x00000001
core   0: 0x800021f0 (0x000089c1) c.andi  a1, 16
core   0: 3 0x800021f0 (0x89c1) x11 0x00000000
core   0: 0x800021f2 (0xab813637) lui     a2, 0xab813
core   0: 3 0x800021f2 (0xab813637) x12 0xab813000
core   0: 0x800021f6 (0x0000617d) c.addi16sp sp, 496
core   0: 3 0x800021f6 (0x617d) x2  0x37200103
core   0: 0x800021f8 (0x0000e41d) c.bnez  s0, pc + 46
core   0: 3 0x800021f8 (0xe41d)
core   0: 0x80002226 (0x01175cb3) srl     s9, a4, a7
core   0: 3 0x80002226 (0x01175cb3) x25 0x00000001
core   0: 0x8000222a (0x41325533) sra     a0, tp, s3
core   0: 3 0x8000222a (0x41325533) x10 0xfff00053
core   0: 0x8000222e (0x03ac0fb3) mul     t6, s8, s10
core   0: 3 0x8000222e (0x03ac0fb3) x31 0x34b2a06d
core   0: 0x80002232 (0x00006171) c.addi16sp sp, 336
core   0: 3 0x80002232 (0x6171) x2  0x37200253
core   0: 0x80002234 (0x00000b90) c.addi4spn a2, sp, 464
core   0: 3 0x80002234 (0x0b90) x12 0x37200423
core   0: 0x80002236 (0xc5f8ca93) xori    s5, a7, -929
core   0: 3 0x80002236 (0xc5f8ca93) x21 0xffffff80
core   0: 0x8000223a (0x0000c1a9) c.beqz  a1, pc + 66
core   0: 3 0x8000223a (0xc1a9)
core   0: 0x8000227c (0x000087d9) c.srai  a5, 22
core   0: 3 0x8000227c (0x87d9) x15 0x000001e1
core   0: 0x8000227e (0x009a9cb3) sll     s9, s5, s1
core   0: 3 0x8000227e (0x009a9cb3) x25 0xffffff80
core   0: 0x80002282 (0x035ccb33) div     s6, s9, s5
core   0: 3 0x80002282 (0x035ccb33) x22 0x00000001
core   0: 0x80002286 (0x01cddbb3) srl     s7, s11, t3
core   0: 3 0x80002286 (0x01cddbb3) x23 0x007a4b70
core   0: 0x8000228a (0x0000987d) c.andi  s0, -1
core   0: 3 0x8000228a (0x987d) x8  0x80029ec4
core   0: 0x8000228c (0x00000711) c.addi  a4, 4
core   0: 3 0x8000228c (0x0711) x14 0xa10abec0
core   0: 0x8000228e (0x00000001) c.nop
core   0: 3 0x8000228e (0x0001)
core   0: 0x80002290 (0x02e8f9b3) remu    s3, a7, a4
core   0: 3 0x80002290 (0x02e8f9b3) x19 0x000003df
core   0: 0x80002294 (0x0000717d) c.addi16sp sp, -16
core   0: 3 0x80002294 (0x717d) x2  0x37200243
core   0: 0x80002296 (0x021639b3) mulhu   s3, a2, ra
core   0: 3 0x80002296 (0x021639b3) x19 0x000000d5
core   0: 0x8000229a (0x000009c2) c.slli  s3, 16
core   0: 3 0x8000229a (0x09c2) x19 0x00d50000
core   0: 0x8000229c (0x003fa2b3) slt     t0, t6, gp
core   0: 3 0x8000229c (0x003fa2b3) x5  0x00000000
core   0: 0x800022a0 (0x00008cb9) c.xor   s1, a4
core   0: 3 0x800022a0 (0x8cb9) x9  0xa10abec0
core   0: 0x800022a2 (0x019ffab3) and     s5, t6, s9
core   0: 3 0x800022a2 (0x019ffab3) x21 0x34b2a000
core   0: 0x800022a6 (0x000086a6) c.mv    a3, s1
core   0: 3 0x800022a6 (0x86a6) x13 0xa10abec0
core   0: 0x800022a8 (0x41707097) auipc   ra, 0x41707
core   0: 3 0x800022a8 (0x41707097) x1  0xc17092a8
core   0: 0x800022ac (0x0000462d) c.li    a2, 11
core   0: 3 0x800022ac (0x462d) x12 0x0000000b
core   0: 0x800022ae (0x3eebc917) auipc   s2, 0x3eebc
core   0: 3 0x800022ae (0x3eebc917) x18 0xbeebe2ae
core   0: 0x800022b2 (0x03868b63) beq     a3, s8, pc + 54
core   0: 3 0x800022b2 (0x03868b63)
core   0: 0x800022b6 (0x7791a893) slti    a7, gp, 1913
core   0: 3 0x800022b6 (0x7791a893) x17 0x00000001
core   0: 0x800022ba (0x00db28b3) slt     a7, s6, a3
core   0: 3 0x800022ba (0x00db28b3) x17 0x00000000
core   0: 0x800022be (0x8b989b97) auipc   s7, 0x8b989
core   0: 3 0x800022be (0x8b989b97) x23 0x0b98b2be
core   0: 0x800022c2 (0xa798cd13) xori    s10, a7, -1415
core   0: 3 0x800022c2 (0xa798cd13) x26 0xfffffa79
core   0: 0x800022c6 (0x00008d1a) c.mv    s10, t1
core   0: 3 0x800022c6 (0x8d1a) x26 0x02000968
core   0: 0x800022c8 (0x03c63633) mulhu   a2, a2, t3
core   0: 3 0x800022c8 (0x03c63633) x12 0x00000005
core   0: 0x800022cc (0x00000001) c.nop
core   0: 3 0x800022cc (0x0001)
core   0: 0x800022ce (0x044f7563) bgeu    t5, tp, pc + 74
core   0: 3 0x800022ce (0x044f7563)
core   0: 0x800022d2 (0x03327663) bgeu    tp, s3, pc + 44
core   0: 3 0x800022d2 (0x03327663)
core   0: 0x800022fe (0x02f860b3) rem     ra, a6, a5
core   0: 3 0x800022fe (0x02f860b3) x1  0x000000dc
core   0: 0x80002302 (0x00261963) bne     a2, sp, pc + 18
core   0: 3 0x80002302 (0x00261963)
core   0: 0x80002314 (0x03bff633) remu    a2, t6, s11
core   0: 3 0x80002314 (0x03bff633) x12 0x06d6566d
core   0: 0x80002318 (0x35f4b997) auipc   s3, 0x35f4b
core   0: 3 0x80002318 (0x35f4b997) x19 0xb5f4d318
core   0: 0x8000231c (0x020cac33) mulhsu  s8, s9, zero
core   0: 3 0x8000231c (0x020cac33) x24 0x00000000
core   0: 0x80002320 (0x03845963) bge     s0, s8, pc + 50
core   0: 3 0x80002320 (0x03845963)
core   0: 0x80002324 (0x00000001) c.nop
core   0: 3 0x80002324 (0x0001)
core   0: 0x80002326 (0x000098fd) c.andi  s1, -1
core   0: 3 0x80002326 (0x98fd) x9  0xa10abec0
core   0: 0x80002328 (0x00676db3) or      s11, a4, t1
core   0: 3 0x80002328 (0x00676db3) x27 0xa30abfe8
core   0: 0x8000232c (0x0000c00d) c.beqz  s0, pc + 34
core   0: 3 0x8000232c (0xc00d)
core   0: 0x8000232e (0x6fb5af13) slti    t5, a1, 1787
core   0: 3 0x8000232e (0x6fb5af13) x30 0x00000001
core   0: 0x80002332 (0x08fa0963) beq     s4, a5, pc + 146
core   0: 3 0x80002332 (0x08fa0963)
core   0: 0x80002336 (0x096fdb63) bge     t6, s6, pc + 150
core   0: 3 0x80002336 (0x096fdb63)
core   0: 0x800023cc (0x02a6e563) bltu    a3, a0, pc + 42
core   0: 3 0x800023cc (0x02a6e563)
core   0: 0x800023f6 (0x03598263) beq     s3, s5, pc + 36
core   0: 3 0x800023f6 (0x03598263)
core   0: 0x800023fa (0x03951763) bne     a0, s9, pc + 46
core   0: 3 0x800023fa (0x03951763)
core   0: 0x80002428 (0x000087d1) c.srai  a5, 20
core   0: 3 0x80002428 (0x87d1) x15 0x00000000
core   0: 0x8000242a (0x0119d193) srli    gp, s3, 17
core   0: 3 0x8000242a (0x0119d193) x3  0x00005afa
core   0: 0x8000242e (0x0317f863) bgeu    a5, a7, pc + 48
core   0: 3 0x8000242e (0x0317f863)
core   0: 0x8000245e (0x3498ad13) slti    s10, a7, 841
core   0: 3 0x8000245e (0x3498ad13) x26 0x00000001
core   0: 0x80002462 (0x03184db3) div     s11, a6, a7
core   0: 3 0x80002462 (0x03184db3) x27 0xffffffff
core   0: 0x80002466 (0x00000001) c.nop
core   0: 3 0x80002466 (0x0001)
core   0: 0x80002468 (0x00000f8c) c.addi4spn a1, sp, 976
core   0: 3 0x80002468 (0x0f8c) x11 0x37200613
core   0: 0x8000246a (0x01b25a63) bge     tp, s11, pc + 20
core   0: 3 0x8000246a (0x01b25a63)
core   0: 0x8000246e (0xa274e8b7) lui     a7, 0xa274e
core   0: 3 0x8000246e (0xa274e8b7) x17 0xa274e000
core   0: 0x80002472 (0x007857b3) srl     a5, a6, t2
core   0: 3 0x80002472 (0x007857b3) x15 0x785da7a4
core   0: 0x80002476 (0x01d26263) bltu    tp, t4, pc + 4
core   0: 3 0x80002476 (0x01d26263)
core   0: 0x8000247a (0x02901333) mulh    t1, zero, s1
core   0: 3 0x8000247a (0x02901333) x6  0x00000000
core   0: 0x8000247e (0x01eedc33) srl     s8, t4, t5
core   0: 3 0x8000247e (0x01eedc33) x24 0x183d25b8
core   0: 0x80002482 (0x014c7333) and     t1, s8, s4
core   0: 3 0x80002482 (0x014c7333) x6  0x183d25b8
core   0: 0x80002486 (0x028dd6b3) divu    a3, s11, s0
core   0: 3 0x80002486 (0x028dd6b3) x13 0x00000001
core   0: 0x8000248a (0x0d72e013) ori     zero, t0, 215
core   0: 3 0x8000248a (0x0d72e013)
core   0: 0x8000248e (0x00008f5d) c.or    a4, a5
core   0: 3 0x8000248e (0x8f5d) x14 0xf95fbfe4
core   0: 0x80002490 (0x00775733) srl     a4, a4, t2
core   0: 3 0x80002490 (0x00775733) x14 0xf95fbfe4
core   0: 0x80002494 (0xd91d6b13) ori     s6, s10, -623
core   0: 3 0x80002494 (0xd91d6b13) x22 0xfffffd91
core   0: 0x80002498 (0x00008f7d) c.and   a4, a5
core   0: 3 0x80002498 (0x8f7d) x14 0x785da7a4
core   0: 0x8000249a (0x0000086e) c.slli  a6, 27
core   0: 3 0x8000249a (0x086e) x16 0x20000000
core   0: 0x8000249c (0x000095c6) c.add   a1, a7
core   0: 3 0x8000249c (0x95c6) x11 0xd994e613
core   0: 0x8000249e (0x013ce933) or      s2, s9, s3
core   0: 3 0x8000249e (0x013ce933) x18 0xffffff98
core   0: 0x800024a2 (0x40aa5d13) srai    s10, s4, 10
core   0: 3 0x800024a2 (0x40aa5d13) x26 0xffffffff
core   0: 0x800024a6 (0x6c5e2993) slti    s3, t3, 1733
core   0: 3 0x800024a6 (0x6c5e2993) x19 0x00000001
core   0: 0x800024aa (0x0000814d) c.srli  a0, 19
core   0: 3 0x800024aa (0x814d) x10 0x00001ffe
core   0: 0x800024ac (0x00008269) c.srli  a2, 26
core   0: 3 0x800024ac (0x8269) x12 0x00000001
core   0: 0x800024ae (0x60942893) slti    a7, s0, 1545
core   0: 3 0x800024ae (0x60942893) x17 0x00000001
core   0: 0x800024b2 (0x00001afd) c.addi  s5, -1
core   0: 3 0x800024b2 (0x1afd) x21 0x34b29fff
core   0: 0x800024b4 (0x00008b65) c.andi  a4, 25
core   0: 3 0x800024b4 (0x8b65) x14 0x00000000
core   0: 0x800024b6 (0x000096ce) c.add   a3, s3
core   0: 3 0x800024b6 (0x96ce) x13 0x00000002
core   0: 0x800024b8 (0x0000ca05) c.beqz  a2, pc + 48
core   0: 3 0x800024b8 (0xca05)
core   0: 0x800024ba (0xe89b2093) slti    ra, s6, -375
core   0: 3 0x800024ba (0xe89b2093) x1  0x00000001
core   0: 0x800024be (0x0000cd91) c.beqz  a1, pc + 28
core   0: 3 0x800024be (0xcd91)
core   0: 0x800024c0 (0x00008e81) c.sub   a3, s0
core   0: 3 0x800024c0 (0x8e81) x13 0x7ffd613e
core   0: 0x800024c2 (0x00000fb2) c.slli  t6, 12
core   0: 3 0x800024c2 (0x0fb2) x31 0x2a06d000
core   0: 0x800024c4 (0x00fa7133) and     sp, s4, a5
core   0: 3 0x800024c4 (0x00fa7133) x2  0x785da7a4
core   0: 0x800024c8 (0x005c7a33) and     s4, s8, t0
core   0: 3 0x800024c8 (0x005c7a33) x20 0x00000000
core   0: 0x800024cc (0x016a6633) or      a2, s4, s6
core   0: 3 0x800024cc (0x016a6633) x12 0xfffffd91
core   0: 0x800024d0 (0x00000001) c.nop
core   0: 3 0x800024d0 (0x0001)
core   0: 0x800024d2 (0x03283ab3) mulhu   s5, a6, s2
core   0: 3 0x800024d2 (0x03283ab3) x21 0x1ffffff3
core   0: 0x800024d6 (0x03c58963) beq     a1, t3, pc + 50
core   0: 3 0x800024d6 (0x03c58963)
core   0: 0x800024da (0x00a19fb3) sll     t6, gp, a0
core   0: 3 0x800024da (0x00a19fb3) x31 0x80000000
core   0: 0x800024de (0x02f2b033) mulhu   zero, t0, a5
core   0: 3 0x800024de (0x02f2b033)
core   0: 0x800024e2 (0x00008e7d) c.and   a2, a5
core   0: 3 0x800024e2 (0x8e7d) x12 0x785da580
core   0: 0x800024e4 (0x01a57933) and     s2, a0, s10
core   0: 3 0x800024e4 (0x01a57933) x18 0x00001ffe
core   0: 0x800024e8 (0x3f482593) slti    a1, a6, 1012
core   0: 3 0x800024e8 (0x3f482593) x11 0x00000000
core   0: 0x800024ec (0x00008719) c.srai  a4, 6
core   0: 3 0x800024ec (0x8719) x14 0x00000000
core   0: 0x800024ee (0x0143e733) or      a4, t2, s4
core   0: 3 0x800024ee (0x0143e733) x14 0x07a4b700
core   0: 0x800024f2 (0x00000001) c.nop
core   0: 3 0x800024f2 (0x0001)
core   0: 0x800024f4 (0x00000325) c.addi  t1, 9
core   0: 3 0x800024f4 (0x0325) x6  0x183d25c1
core   0: 0x800024f6 (0x26fe3b13) sltiu   s6, t3, 623
core   0: 3 0x800024f6 (0x26fe3b13) x22 0x00000000
core   0: 0x800024fa (0x02289fb3) mulh    t6, a7, sp
core   0: 3 0x800024fa (0x02289fb3) x31 0x00000000
core   0: 0x800024fe (0x0000456d) c.li    a0, 27
core   0: 3 0x800024fe (0x456d) x10 0x0000001b
core   0: 0x80002500 (0x0060dfb3) srl     t6, ra, t1
core   0: 3 0x80002500 (0x0060dfb3) x31 0x00000000
core   0: 0x80002504 (0x00008e35) c.xor   a2, a3
core   0: 3 0x80002504 (0x8e35) x12 0x07a0c4be
core   0: 0x80002506 (0x0000100c) c.addi4spn a1, sp, 32
core   0: 3 0x80002506 (0x100c) x11 0x785da7c4
core   0: 0x80002508 (0x4082d933) sra     s2, t0, s0
core   0: 3 0x80002508 (0x4082d933) x18 0x00000000
core   0: 0x8000250c (0x00000001) c.nop
core   0: 3 0x8000250c (0x0001)
core   0: 0x8000250e (0xe9713693) sltiu   a3, sp, -361
core   0: 3 0x8000250e (0xe9713693) x13 0x00000001
core   0: 0x80002512 (0x03e56863) bltu    a0, t5, pc + 48
core   0: 3 0x80002512 (0x03e56863)
core   0: 0x80002516 (0x02d687b3) mul     a5, a3, a3
core   0: 3 0x80002516 (0x02d687b3) x15 0x00000001
core   0: 0x8000251a (0x00008c79) c.and   s0, a4
core   0: 3 0x8000251a (0x8c79) x8  0x00009600
core   0: 0x8000251c (0x00004115) c.li    sp, 5
core   0: 3 0x8000251c (0x4115) x2  0x00000005
core   0: 0x8000251e (0x30226f97) auipc   t6, 0x30226
core   0: 3 0x8000251e (0x30226f97) x31 0xb022851e
core   0: 0x80002522 (0x00f75293) srli    t0, a4, 15
core   0: 3 0x80002522 (0x00f75293) x5  0x00000f49
core   0: 0x80002526 (0x7795cc93) xori    s9, a1, 1913
core   0: 3 0x80002526 (0x7795cc93) x25 0x785da0bd
core   0: 0x8000252a (0x40490ab3) sub     s5, s2, tp
core   0: 3 0x8000252a (0x40490ab3) x21 0x7ffd62dc
core   0: 0x8000252e (0x0a426693) ori     a3, tp, 164
core   0: 3 0x8000252e (0x0a426693) x13 0x80029da4
core   0: 0x80002532 (0x021da933) mulhsu  s2, s11, ra
core   0: 3 0x80002532 (0x021da933) x18 0xffffffff
core   0: 0x80002536 (0x000005c6) c.slli  a1, 17
core   0: 3 0x80002536 (0x05c6) x11 0x4f880000
core   0: 0x80002538 (0x00008b96) c.mv    s7, t0
core   0: 3 0x80002538 (0x8b96) x23 0x00000f49
core   0: 0x8000253a (0x03b87863) bgeu    a6, s11, pc + 48
core   0: 3 0x8000253a (0x03b87863)
core   0: 0x8000253e (0x00834933) xor     s2, t1, s0
core   0: 3 0x8000253e (0x00834933) x18 0x183db3c1
core   0: 0x80002542 (0x00001dfd) c.addi  s11, -1
core   0: 3 0x80002542 (0x1dfd) x27 0xfffffffe
core   0: 0x80002544 (0x00008da1) c.xor   a1, s0
core   0: 3 0x80002544 (0x8da1) x11 0x4f889600
core   0: 0x80002546 (0x01ff8e63) beq     t6, t6, pc + 28
core   0: 3 0x80002546 (0x01ff8e63)
core   0: 0x80002562 (0x04d1c163) blt     gp, a3, pc + 66
core   0: 3 0x80002562 (0x04d1c163)
core   0: 0x80002566 (0xbf613f37) lui     t5, 0xbf613
core   0: 3 0x80002566 (0xbf613f37) x30 0xbf613000
core   0: 0x8000256a (0x0000167d) c.addi  a2, -1
core   0: 3 0x8000256a (0x167d) x12 0x07a0c4bd
core   0: 0x8000256c (0x0000c019) c.beqz  s0, pc + 6
core   0: 3 0x8000256c (0xc019)
core   0: 0x8000256e (0x02a80d33) mul     s10, a6, a0
core   0: 3 0x8000256e (0x02a80d33) x26 0x60000000
core   0: 0x80002572 (0x2668bb93) sltiu   s7, a7, 614
core   0: 3 0x80002572 (0x2668bb93) x23 0x00000001
core   0: 0x80002576 (0x41875c33) sra     s8, a4, s8
core   0: 3 0x80002576 (0x41875c33) x24 0x00000007
core   0: 0x8000257a (0x000015fd) c.addi  a1, -1
core   0: 3 0x8000257a (0x15fd) x11 0x4f8895ff
core   0: 0x8000257c (0x00008ee5) c.and   a3, s1
core   0: 3 0x8000257c (0x8ee5) x13 0x80029c80
core   0: 0x8000257e (0x406f5a13) srai    s4, t5, 6
core   0: 3 0x8000257e (0x406f5a13) x20 0xfefd84c0
core   0: 0x80002582 (0x00008f91) c.sub   a5, a2
core   0: 3 0x80002582 (0x8f91) x15 0xf85f3b44
core   0: 0x80002584 (0x00008475) c.srai  s0, 29
core   0: 3 0x80002584 (0x8475) x8  0x00000000
core   0: 0x80002586 (0x49783a13) sltiu   s4, a6, 1175
core   0: 3 0x80002586 (0x49783a13) x20 0x00000000
core   0: 0x8000258a (0x0075e3b3) or      t2, a1, t2
core   0: 3 0x8000258a (0x0075e3b3) x7  0x4facb7ff
core   0: 0x8000258e (0x000ad9b3) srl     s3, s5, zero
core   0: 3 0x8000258e (0x000ad9b3) x19 0x7ffd62dc
core   0: 0x80002592 (0x012e45b3) xor     a1, t3, s2
core   0: 3 0x80002592 (0x012e45b3) x11 0x983fed65
core   0: 0x80002596 (0x03833f33) mulhu   t5, t1, s8
core   0: 3 0x80002596 (0x03833f33) x30 0x00000000
core   0: 0x8000259a (0x0098d193) srli    gp, a7, 9
core   0: 3 0x8000259a (0x0098d193) x3  0x00000000
core   0: 0x8000259e (0x4166a393) slti    t2, a3, 1046
core   0: 3 0x8000259e (0x4166a393) x7  0x00000001
core   0: 0x800025a2 (0x0000e699) c.bnez  a3, pc + 14
core   0: 3 0x800025a2 (0xe699)
core   0: 0x800025b0 (0x020f5f33) divu    t5, t5, zero
core   0: 3 0x800025b0 (0x020f5f33) x30 0xffffffff
core   0: 0x800025b4 (0x0310afb3) mulhsu  t6, ra, a7
core   0: 3 0x800025b4 (0x0310afb3) x31 0x00000000
core   0: 0x800025b8 (0x0159a4b3) slt     s1, s3, s5
core   0: 3 0x800025b8 (0x0159a4b3) x9  0x00000000
core   0: 0x800025bc (0x02ead933) divu    s2, s5, a4
core   0: 3 0x800025bc (0x02ead933) x18 0x00000010
core   0: 0x800025c0 (0x0054a0b3) slt     ra, s1, t0
core   0: 3 0x800025c0 (0x0054a0b3) x1  0x00000001
core   0: 0x800025c4 (0x00008c15) c.sub   s0, a3
core   0: 3 0x800025c4 (0x8c15) x8  0x7ffd6380
core   0: 0x800025c6 (0x01579833) sll     a6, a5, s5
core   0: 3 0x800025c6 (0x01579833) x16 0x40000000
core   0: 0x800025ca (0x03271663) bne     a4, s2, pc + 44
core   0: 3 0x800025ca (0x03271663)
core   0: 0x800025f6 (0x006e1a93) slli    s5, t3, 6
core   0: 3 0x800025f6 (0x006e1a93) x21 0x0097a900
core   0: 0x800025fa (0x002548b3) xor     a7, a0, sp
core   0: 3 0x800025fa (0x002548b3) x17 0x0000001e
core   0: 0x800025fe (0x000083f1) c.srli  a5, 28
core   0: 3 0x800025fe (0x83f1) x15 0x0000000f
core   0: 0x80002600 (0x0000537d) c.li    t1, -1
core   0: 3 0x80002600 (0x537d) x6  0xffffffff
core   0: 0x80002602 (0x0642d063) bge     t0, tp, pc + 96
core   0: 3 0x80002602 (0x0642d063)
core   0: 0x80002662 (0x0380d9b3) divu    s3, ra, s8
core   0: 3 0x80002662 (0x0380d9b3) x19 0x00000000
core   0: 0x80002666 (0x00000456) c.slli  s0, 21
core   0: 3 0x80002666 (0x0456) x8  0x70000000
core   0: 0x80002668 (0x023c3ab3) mulhu   s5, s8, gp
core   0: 3 0x80002668 (0x023c3ab3) x21 0x00000000
core   0: 0x8000266c (0x0000e111) c.bnez  a0, pc + 4
core   0: 3 0x8000266c (0xe111)
core   0: 0x80002670 (0x00008f8d) c.sub   a5, a1
core   0: 3 0x80002670 (0x8f8d) x15 0x67c012aa
core   0: 0x80002672 (0x00ba1963) bne     s4, a1, pc + 18
core   0: 3 0x80002672 (0x00ba1963)
core   0: 0x80002684 (0x40565a33) sra     s4, a2, t0
core   0: 3 0x80002684 (0x40565a33) x20 0x0003d062
core   0: 0x80002688 (0x00008d8d) c.sub   a1, a1
core   0: 3 0x80002688 (0x8d8d) x11 0x00000000
core   0: 0x8000268a (0x61abe913) ori     s2, s7, 1562
core   0: 3 0x8000268a (0x61abe913) x18 0x0000061b
core   0: 0x8000268e (0x00008c01) c.sub   s0, s0
core   0: 3 0x8000268e (0x8c01) x8  0x00000000
core   0: 0x80002690 (0x00000001) c.nop
core   0: 3 0x80002690 (0x0001)
core   0: 0x80002692 (0x40f65013) srai    zero, a2, 15
core   0: 3 0x80002692 (0x40f65013)
core   0: 0x80002696 (0x006b8fb3) add     t6, s7, t1
core   0: 3 0x80002696 (0x006b8fb3) x31 0x00000000
core   0: 0x8000269a (0x00822133) slt     sp, tp, s0
core   0: 3 0x8000269a (0x00822133) x2  0x00000001
core   0: 0x8000269e (0x000057e9) c.li    a5, -6
core   0: 3 0x8000269e (0x57e9) x15 0xfffffffa
core   0: 0x800026a0 (0x000055f9) c.li    a1, -2
core   0: 3 0x800026a0 (0x55f9) x11 0xfffffffe
core   0: 0x800026a2 (0x00000d80) c.addi4spn s0, sp, 720
core   0: 3 0x800026a2 (0x0d80) x8  0x000002d1
core   0: 0x800026a4 (0x02180033) mul     zero, a6, ra
core   0: 3 0x800026a4 (0x02180033)
core   0: 0x800026a8 (0x415b5713) srai    a4, s6, 21
core   0: 3 0x800026a8 (0x415b5713) x14 0x00000000
core   0: 0x800026ac (0x00000791) c.addi  a5, 4
core   0: 3 0x800026ac (0x0791) x15 0xfffffffe
core   0: 0x800026ae (0x000046f9) c.li    a3, 30
core   0: 3 0x800026ae (0x46f9) x13 0x0000001e
core   0: 0x800026b0 (0x034c7433) remu    s0, s8, s4
core   0: 3 0x800026b0 (0x034c7433) x8  0x00000007
core   0: 0x800026b4 (0xfeb787e3) beq     a5, a1, pc - 18
core   0: 3 0x800026b4 (0xfeb787e3)
core   0: 0x800026a2 (0x00000d80) c.addi4spn s0, sp, 720
core   0: 3 0x800026a2 (0x0d80) x8  0x000002d1
core   0: 0x800026a4 (0x02180033) mul     zero, a6, ra
core   0: 3 0x800026a4 (0x02180033)
core   0: 0x800026a8 (0x415b5713) srai    a4, s6, 21
core   0: 3 0x800026a8 (0x415b5713) x14 0x00000000
core   0: 0x800026ac (0x00000791) c.addi  a5, 4
core   0: 3 0x800026ac (0x0791) x15 0x00000002
core   0: 0x800026ae (0x000046f9) c.li    a3, 30
core   0: 3 0x800026ae (0x46f9) x13 0x0000001e
core   0: 0x800026b0 (0x034c7433) remu    s0, s8, s4
core   0: 3 0x800026b0 (0x034c7433) x8  0x00000007
core   0: 0x800026b4 (0xfeb787e3) beq     a5, a1, pc - 18
core   0: 3 0x800026b4 (0xfeb787e3)
core   0: 0x800026b8 (0x000000da) c.slli  ra, 22
core   0: 3 0x800026b8 (0x00da) x1  0x00400000
core   0: 0x800026ba (0x00006d41) c.lui   s10, 0x10
core   0: 3 0x800026ba (0x6d41) x26 0x00010000
core   0: 0x800026bc (0x00009822) c.add   a6, s0
core   0: 3 0x800026bc (0x9822) x16 0x40000007
core   0: 0x800026be (0xc3242cb7) lui     s9, 0xc3242
core   0: 3 0x800026be (0xc3242cb7) x25 0xc3242000
core   0: 0x800026c2 (0x00000001) c.nop
core   0: 3 0x800026c2 (0x0001)
core   0: 0x800026c4 (0xd1660cb7) lui     s9, 0xd1660
core   0: 3 0x800026c4 (0xd1660cb7) x25 0xd1660000
core   0: 0x800026c8 (0x68e10013) addi    zero, sp, 1678
core   0: 3 0x800026c8 (0x68e10013)
core   0: 0x800026cc (0x00006a65) c.lui   s4, 0x19
core   0: 3 0x800026cc (0x6a65) x20 0x00019000
core   0: 0x800026ce (0x00008af2) c.mv    s5, t3
core   0: 3 0x800026ce (0x8af2) x21 0x80025ea4
core   0: 0x800026d0 (0x03e998b3) mulh    a7, s3, t5
core   0: 3 0x800026d0 (0x03e998b3) x17 0x00000000
core   0: 0x800026d4 (0x01e609b3) add     s3, a2, t5
core   0: 3 0x800026d4 (0x01e609b3) x19 0x07a0c4bc
core   0: 0x800026d8 (0x0000867e) c.mv    a2, t6
core   0: 3 0x800026d8 (0x867e) x12 0x00000000
core   0: 0x800026da (0x03fc9ab3) mulh    s5, s9, t6
core   0: 3 0x800026da (0x03fc9ab3) x21 0x00000000
core   0: 0x800026de (0x000062e5) c.lui   t0, 0x19
core   0: 3 0x800026de (0x62e5) x5  0x00019000
core   0: 0x800026e0 (0x4024d033) sra     zero, s1, sp
core   0: 3 0x800026e0 (0x4024d033)
core   0: 0x800026e4 (0x03a5c533) div     a0, a1, s10
core   0: 3 0x800026e4 (0x03a5c533) x10 0x00000000
core   0: 0x800026e8 (0x00008da5) c.xor   a1, s1
core   0: 3 0x800026e8 (0x8da5) x11 0xfffffffe
core   0: 0x800026ea (0xc3feba13) sltiu   s4, t4, -961
core   0: 3 0x800026ea (0xc3feba13) x20 0x00000001
core   0: 0x800026ee (0x005ada63) bge     s5, t0, pc + 20
core   0: 3 0x800026ee (0x005ada63)
core   0: 0x800026f2 (0x0000997d) c.andi  a0, -1
core   0: 3 0x800026f2 (0x997d) x10 0x00000000
core   0: 0x800026f4 (0x015cc093) xori    ra, s9, 21
core   0: 3 0x800026f4 (0x015cc093) x1  0xd1660015
core   0: 0x800026f8 (0x013bcd33) xor     s10, s7, s3
core   0: 3 0x800026f8 (0x013bcd33) x26 0x07a0c4bd
core   0: 0x800026fc (0x03ecc563) blt     s9, t5, pc + 42
core   0: 3 0x800026fc (0x03ecc563)
core   0: 0x80002726 (0x00424d33) xor     s10, tp, tp
core   0: 3 0x80002726 (0x00424d33) x26 0x00000000
core   0: 0x8000272a (0x719e1637) lui     a2, 0x719e1
core   0: 3 0x8000272a (0x719e1637) x12 0x719e1000
core   0: 0x8000272e (0x01561113) slli    sp, a2, 21
core   0: 3 0x8000272e (0x01561113) x2  0x00000000
core   0: 0x80002732 (0x00008f5d) c.or    a4, a5
core   0: 3 0x80002732 (0x8f5d) x14 0x00000002
core   0: 0x80002734 (0x03184a33) div     s4, a6, a7
core   0: 3 0x80002734 (0x03184a33) x20 0xffffffff
core   0: 0x80002738 (0x4bbd4393) xori    t2, s10, 1211
core   0: 3 0x80002738 (0x4bbd4393) x7  0x000004bb
core   0: 0x8000273c (0x004f3bb3) sltu    s7, t5, tp
core   0: 3 0x8000273c (0x004f3bb3) x23 0x00000000
core   0: 0x80002740 (0x003db7b3) sltu    a5, s11, gp
core   0: 3 0x80002740 (0x003db7b3) x15 0x00000000
core   0: 0x80002744 (0x00008c46) c.mv    s8, a7
core   0: 3 0x80002744 (0x8c46) x24 0x00000000
core   0: 0x80002746 (0x0000517d) c.li    sp, -1
core   0: 3 0x80002746 (0x517d) x2  0xffffffff
core   0: 0x80002748 (0x00000001) c.nop
core   0: 3 0x80002748 (0x0001)
core   0: 0x8000274a (0x0183c8b3) xor     a7, t2, s8
core   0: 3 0x8000274a (0x0183c8b3) x17 0x000004bb
core   0: 0x8000274e (0x00001894) c.addi4spn a3, sp, 112
core   0: 3 0x8000274e (0x1894) x13 0x0000006f
core   0: 0x80002750 (0x00008729) c.srai  a4, 10
core   0: 3 0x80002750 (0x8729) x14 0x00000000
core   0: 0x80002752 (0x0000029c) c.addi4spn a5, sp, 320
core   0: 3 0x80002752 (0x029c) x15 0x0000013f
core   0: 0x80002754 (0x038ca1b3) mulhsu  gp, s9, s8
core   0: 3 0x80002754 (0x038ca1b3) x3  0x00000000
core   0: 0x80002758 (0x3943a993) slti    s3, t2, 916
core   0: 3 0x80002758 (0x3943a993) x19 0x00000000
core   0: 0x8000275c (0x00001b0c) c.addi4spn a1, sp, 432
core   0: 3 0x8000275c (0x1b0c) x11 0x000001af
core   0: 0x8000275e (0x00000b00) c.addi4spn s0, sp, 400
core   0: 3 0x8000275e (0x0b00) x8  0x0000018f
core   0: 0x80002760 (0x9c3c6393) ori     t2, s8, -1597
core   0: 3 0x80002760 (0x9c3c6393) x7  0xfffff9c3
core   0: 0x80002764 (0x039ebcb3) mulhu   s9, t4, s9
core   0: 3 0x80002764 (0x039ebcb3) x25 0x27a72850
core   0: 0x80002768 (0x030446b3) div     a3, s0, a6
core   0: 3 0x80002768 (0x030446b3) x13 0x00000000
core   0: 0x8000276c (0x00008f01) c.sub   a4, s0
core   0: 3 0x8000276c (0x8f01) x14 0xfffffe71
core   0: 0x8000276e (0x22077097) auipc   ra, 0x22077
core   0: 3 0x8000276e (0x22077097) x1  0xa207976e
core   0: 0x80002772 (0x00001b7d) c.addi  s6, -1
core   0: 3 0x80002772 (0x1b7d) x22 0xffffffff
core   0: 0x80002774 (0x02b48cb3) mul     s9, s1, a1
core   0: 3 0x80002774 (0x02b48cb3) x25 0x00000000
core   0: 0x80002778 (0x03ee95b3) mulh    a1, t4, t5
core   0: 3 0x80002778 (0x03ee95b3) x11 0xffffffff
core   0: 0x8000277c (0x263d2b93) slti    s7, s10, 611
core   0: 3 0x8000277c (0x263d2b93) x23 0x00000001
core   0: 0x80002780 (0x00006939) c.lui   s2, 0xe
core   0: 3 0x80002780 (0x6939) x18 0x0000e000
core   0: 0x80002782 (0x00000398) c.addi4spn a4, sp, 448
core   0: 3 0x80002782 (0x0398) x14 0x000001bf
core   0: 0x80002784 (0x01c45fb3) srl     t6, s0, t3
core   0: 3 0x80002784 (0x01c45fb3) x31 0x00000018
core   0: 0x80002788 (0x006efd33) and     s10, t4, t1
core   0: 3 0x80002788 (0x006efd33) x26 0x307a4b70
core   0: 0x8000278c (0x016602b3) add     t0, a2, s6
core   0: 3 0x8000278c (0x016602b3) x5  0x719e0fff
core   0: 0x80002790 (0x40778d33) sub     s10, a5, t2
core   0: 3 0x80002790 (0x40778d33) x26 0x0000077c
core   0: 0x80002794 (0x016f72b3) and     t0, t5, s6
core   0: 3 0x80002794 (0x016f72b3) x5  0xffffffff
core   0: 0x80002798 (0x0040d993) srli    s3, ra, 4
core   0: 3 0x80002798 (0x0040d993) x19 0x0a207976
core   0: 0x8000279c (0x406003b3) sub     t2, zero, t1
core   0: 3 0x8000279c (0x406003b3) x7  0x00000001
core   0: 0x800027a0 (0x0000e819) c.bnez  s0, pc + 22
core   0: 3 0x800027a0 (0xe819)
core   0: 0x800027b6 (0x02284d33) div     s10, a6, sp
core   0: 3 0x800027b6 (0x02284d33) x26 0xbffffff9
core   0: 0x800027ba (0x27bde717) auipc   a4, 0x27bde
core   0: 3 0x800027ba (0x27bde717) x14 0xa7be07ba
core   0: 0x800027be (0x00008f3d) c.xor   a4, a5
core   0: 3 0x800027be (0x8f3d) x14 0xa7be0685
core   0: 0x800027c0 (0x00008e91) c.sub   a3, a2
core   0: 3 0x800027c0 (0x8e91) x13 0x8e61f000
core   0: 0x800027c2 (0x000092a2) c.add   t0, s0
core   0: 3 0x800027c2 (0x92a2) x5  0x0000018e
core   0: 0x800027c4 (0x01bef033) and     zero, t4, s11
core   0: 3 0x800027c4 (0x01bef033)
core   0: 0x800027c8 (0x0000e68d) c.bnez  a3, pc + 42
core   0: 3 0x800027c8 (0xe68d)
core   0: 0x800027f2 (0x99d62c13) slti    s8, a2, -1635
core   0: 3 0x800027f2 (0x99d62c13) x24 0x00000000
core   0: 0x800027f6 (0x00b4e1b3) or      gp, s1, a1
core   0: 3 0x800027f6 (0x00b4e1b3) x3  0xffffffff
core   0: 0x800027fa (0x01751d93) slli    s11, a0, 23
core   0: 3 0x800027fa (0x01751d93) x27 0x00000000
core   0: 0x800027fe (0x00b6d513) srli    a0, a3, 11
core   0: 3 0x800027fe (0x00b6d513) x10 0x0011cc3e
core   0: 0x80002802 (0x00099d63) bnez    s3, pc + 26
core   0: 3 0x80002802 (0x00099d63)
core   0: 0x8000281c (0x00d58263) beq     a1, a3, pc + 4
core   0: 3 0x8000281c (0x00d58263)
core   0: 0x80002820 (0x6782bc93) sltiu   s9, t0, 1656
core   0: 3 0x80002820 (0x6782bc93) x25 0x00000001
core   0: 0x80002824 (0x65c2c3b7) lui     t2, 0x65c2c
core   0: 3 0x80002824 (0x65c2c3b7) x7  0x65c2c000
core   0: 0x80002828 (0x6db3ad13) slti    s10, t2, 1755
core   0: 3 0x80002828 (0x6db3ad13) x26 0x00000000
core   0: 0x8000282c (0xd90f1337) lui     t1, 0xd90f1
core   0: 3 0x8000282c (0xd90f1337) x6  0xd90f1000
core   0: 0x80002830 (0xc194f393) andi    t2, s1, -999
core   0: 3 0x80002830 (0xc194f393) x7  0x00000000
core   0: 0x80002834 (0x000080d2) c.mv    ra, s4
core   0: 3 0x80002834 (0x80d2) x1  0xffffffff
core   0: 0x80002836 (0x000081d9) c.srli  a1, 22
core   0: 3 0x80002836 (0x81d9) x11 0x000003ff
core   0: 0x80002838 (0x039ca333) mulhsu  t1, s9, s9
core   0: 3 0x80002838 (0x039ca333) x6  0x00000000
core   0: 0x8000283c (0x030fc633) div     a2, t6, a6
core   0: 3 0x8000283c (0x030fc633) x12 0x00000000
core   0: 0x80002840 (0x0374dcb3) divu    s9, s1, s7
core   0: 3 0x80002840 (0x0374dcb3) x25 0x00000000
core   0: 0x80002844 (0x97fcff13) andi    t5, s9, -1665
core   0: 3 0x80002844 (0x97fcff13) x30 0x00000000
core   0: 0x80002848 (0x02b0d363) bge     ra, a1, pc + 38
core   0: 3 0x80002848 (0x02b0d363)
core   0: 0x8000284c (0x03286133) rem     sp, a6, s2
core   0: 3 0x8000284c (0x03286133) x2  0x00008007
core   0: 0x80002850 (0x00a71a63) bne     a4, a0, pc + 20
core   0: 3 0x80002850 (0x00a71a63)
core   0: 0x80002864 (0x0000843d) c.srai  s0, 15
core   0: 3 0x80002864 (0x843d) x8  0x00000000
core   0: 0x80002866 (0x008424b3) slt     s1, s0, s0
core   0: 3 0x80002866 (0x008424b3) x9  0x00000000
core   0: 0x8000286a (0x01781863) bne     a6, s7, pc + 16
core   0: 3 0x8000286a (0x01781863)
core   0: 0x8000287a (0x00298bb3) add     s7, s3, sp
core   0: 3 0x8000287a (0x00298bb3) x23 0x0a20f97d
core   0: 0x8000287e (0xd7836993) ori     s3, t1, -648
core   0: 3 0x8000287e (0xd7836993) x19 0xfffffd78
core   0: 0x80002882 (0xf9ca3113) sltiu   sp, s4, -100
core   0: 3 0x80002882 (0xf9ca3113) x2  0x00000000
core   0: 0x80002886 (0x3505ac93) slti    s9, a1, 848
core   0: 3 0x80002886 (0x3505ac93) x25 0x00000000
core   0: 0x8000288a (0x00008f05) c.sub   a4, s1
core   0: 3 0x8000288a (0x8f05) x14 0xa7be0685
core   0: 0x8000288c (0x0000c2b1) c.beqz  a3, pc + 68
core   0: 3 0x8000288c (0xc2b1)
core   0: 0x8000288e (0x000047a9) c.li    a5, 10
core   0: 3 0x8000288e (0x47a9) x15 0x0000000a
core   0: 0x80002890 (0x00000001) c.nop
core   0: 3 0x80002890 (0x0001)
core   0: 0x80002892 (0x02f3d963) bge     t2, a5, pc + 50
core   0: 3 0x80002892 (0x02f3d963)
core   0: 0x80002896 (0x033523b3) mulhsu  t2, a0, s3
core   0: 3 0x80002896 (0x033523b3) x7  0x0011cc3d
core   0: 0x8000289a (0x5baf0a93) addi    s5, t5, 1466
core   0: 3 0x8000289a (0x5baf0a93) x21 0x000005ba
core   0: 0x8000289e (0x00b5d0b3) srl     ra, a1, a1
core   0: 3 0x8000289e (0x00b5d0b3) x1  0x00000000
core   0: 0x800028a2 (0x41b8d193) srai    gp, a7, 27
core   0: 3 0x800028a2 (0x41b8d193) x3  0x00000000
core   0: 0x800028a6 (0xdb3c0617) auipc   a2, 0xdb3c0
core   0: 3 0x800028a6 (0xdb3c0617) x12 0x5b3c28a6
core   0: 0x800028aa (0x028cd5b3) divu    a1, s9, s0
core   0: 3 0x800028aa (0x028cd5b3) x11 0xffffffff
core   0: 0x800028ae (0x01215113) srli    sp, sp, 18
core   0: 3 0x800028ae (0x01215113) x2  0x00000000
core   0: 0x800028b2 (0x00000001) c.nop
core   0: 3 0x800028b2 (0x0001)
core   0: 0x800028b4 (0x01dddb93) srli    s7, s11, 29
core   0: 3 0x800028b4 (0x01dddb93) x23 0x00000000
core   0: 0x800028b8 (0x033b0533) mul     a0, s6, s3
core   0: 3 0x800028b8 (0x033b0533) x10 0x00000288
core   0: 0x800028bc (0x9784da17) auipc   s4, 0x9784d
core   0: 3 0x800028bc (0x9784da17) x20 0x1784f8bc
core   0: 0x800028c0 (0x40018bb3) sub     s7, gp, zero
core   0: 3 0x800028c0 (0x40018bb3) x23 0x00000000
core   0: 0x800028c4 (0x01385613) srli    a2, a6, 19
core   0: 3 0x800028c4 (0x01385613) x12 0x00000800
core   0: 0x800028c8 (0x02844133) div     sp, s0, s0
core   0: 3 0x800028c8 (0x02844133) x2  0xffffffff
core   0: 0x800028cc (0xf5d78f17) auipc   t5, 0xf5d78
core   0: 3 0x800028cc (0xf5d78f17) x30 0x75d7a8cc
core   0: 0x800028d0 (0x0234d663) bge     s1, gp, pc + 44
core   0: 3 0x800028d0 (0x0234d663)
core   0: 0x800028fc (0x0000c291) c.beqz  a3, pc + 4
core   0: 3 0x800028fc (0xc291)
core   0: 0x800028fe (0x00000f92) c.slli  t6, 4
core   0: 3 0x800028fe (0x0f92) x31 0x00000180
core   0: 0x80002900 (0x406e8833) sub     a6, t4, t1
core   0: 3 0x80002900 (0x406e8833) x16 0x307a4b70
core   0: 0x80002904 (0x41195d93) srai    s11, s2, 17
core   0: 3 0x80002904 (0x41195d93) x27 0x00000000
core   0: 0x80002908 (0x02f3c9b3) div     s3, t2, a5
core   0: 3 0x80002908 (0x02f3c9b3) x19 0x0001c79f
core   0: 0x8000290c (0x0000611d) c.addi16sp sp, 416
core   0: 3 0x8000290c (0x611d) x2  0x0000019f
core   0: 0x8000290e (0x00380763) beq     a6, gp, pc + 14
core   0: 3 0x8000290e (0x00380763)
core   0: 0x80002912 (0x00008f71) c.and   a4, a2
core   0: 3 0x80002912 (0x8f71) x14 0x00000000
core   0: 0x80002914 (0x00000086) c.slli  ra, 1
core   0: 3 0x80002914 (0x0086) x1  0x00000000
core   0: 0x80002916 (0x01bf4833) xor     a6, t5, s11
core   0: 3 0x80002916 (0x01bf4833) x16 0x75d7a8cc
core   0: 0x8000291a (0x000087d5) c.srai  a5, 21
core   0: 3 0x8000291a (0x87d5) x15 0x00000000
core   0: 0x8000291c (0x00008bdd) c.andi  a5, 23
core   0: 3 0x8000291c (0x8bdd) x15 0x00000000
core   0: 0x8000291e (0x006d9463) bne     s11, t1, pc + 8
core   0: 3 0x8000291e (0x006d9463)
core   0: 0x80002922 (0x03b2d3b3) divu    t2, t0, s11
core   0: 3 0x80002922 (0x03b2d3b3) x7  0xffffffff
core   0: 0x80002926 (0x02510333) mul     t1, sp, t0
core   0: 3 0x80002926 (0x02510333) x6  0x00028532
core   0: 0x8000292a (0x00000001) c.nop
core   0: 3 0x8000292a (0x0001)
core   0: 0x8000292c (0x02af16b3) mulh    a3, t5, a0
core   0: 3 0x8000292c (0x02af16b3) x13 0x0000012a
core   0: 0x80002930 (0x00000001) c.nop
core   0: 3 0x80002930 (0x0001)
core   0: 0x80002932 (0x00008dd1) c.or    a1, a2
core   0: 3 0x80002932 (0x8dd1) x11 0xffffffff
core   0: 0x80002934 (0x01505863) bge     zero, s5, pc + 16
core   0: 3 0x80002934 (0x01505863)
core   0: 0x80002938 (0x000094f2) c.add   s1, t3
core   0: 3 0x80002938 (0x94f2) x9  0x80025ea4
core   0: 0x8000293a (0x00008ca1) c.xor   s1, s0
core   0: 3 0x8000293a (0x8ca1) x9  0x80025ea4
core   0: 0x8000293c (0x40a3d333) sra     t1, t2, a0
core   0: 3 0x8000293c (0x40a3d333) x6  0xffffffff
core   0: 0x80002940 (0x0352f633) remu    a2, t0, s5
core   0: 3 0x80002940 (0x0352f633) x12 0x0000018e
core   0: 0x80002944 (0x00000001) c.nop
core   0: 3 0x80002944 (0x0001)
core   0: 0x80002946 (0x41665c33) sra     s8, a2, s6
core   0: 3 0x80002946 (0x41665c33) x24 0x00000000
core   0: 0x8000294a (0x07840793) addi    a5, s0, 120
core   0: 3 0x8000294a (0x07840793) x15 0x00000078
core   0: 0x8000294e (0x02e1fc33) remu    s8, gp, a4
core   0: 3 0x8000294e (0x02e1fc33) x24 0x00000000
core   0: 0x80002952 (0xfe6fed13) ori     s10, t6, -26
core   0: 3 0x80002952 (0xfe6fed13) x26 0xffffffe6
core   0: 0x80002956 (0x021855b3) divu    a1, a6, ra
core   0: 3 0x80002956 (0x021855b3) x11 0xffffffff
core   0: 0x8000295a (0x01175533) srl     a0, a4, a7
core   0: 3 0x8000295a (0x01175533) x10 0x00000000
core   0: 0x8000295e (0x00008c29) c.xor   s0, a0
core   0: 3 0x8000295e (0x8c29) x8  0x00000000
core   0: 0x80002960 (0x00008d8d) c.sub   a1, a1
core   0: 3 0x80002960 (0x8d8d) x11 0x00000000
core   0: 0x80002962 (0x030596b3) mulh    a3, a1, a6
core   0: 3 0x80002962 (0x030596b3) x13 0x00000000
core   0: 0x80002966 (0x0085c9b3) xor     s3, a1, s0
core   0: 3 0x80002966 (0x0085c9b3) x19 0x00000000
core   0: 0x8000296a (0x00a62033) slt     zero, a2, a0
core   0: 3 0x8000296a (0x00a62033)
core   0: 0x8000296e (0x03408fb3) mul     t6, ra, s4
core   0: 3 0x8000296e (0x03408fb3) x31 0x00000000
core   0: 0x80002972 (0x01d81193) slli    gp, a6, 29
core   0: 3 0x80002972 (0x01d81193) x3  0x80000000
core   0: 0x80002976 (0x0e7e4c93) xori    s9, t3, 231
core   0: 3 0x80002976 (0x0e7e4c93) x25 0x80025e43
core   0: 0x8000297a (0x4be08517) auipc   a0, 0x4be08
core   0: 3 0x8000297a (0x4be08517) x10 0xcbe0a97a
core   0: 0x8000297e (0x00008461) c.srai  s0, 24
core   0: 3 0x8000297e (0x8461) x8  0x00000000
core   0: 0x80002980 (0x000064e1) c.lui   s1, 0x18
core   0: 3 0x80002980 (0x64e1) x9  0x00018000
core   0: 0x80002982 (0x024363b3) rem     t2, t1, tp
core   0: 3 0x80002982 (0x024363b3) x7  0xffffffff
core   0: 0x80002986 (0x016937b3) sltu    a5, s2, s6
core   0: 3 0x80002986 (0x016937b3) x15 0x00000001
core   0: 0x8000298a (0x03297833) remu    a6, s2, s2
core   0: 3 0x8000298a (0x03297833) x16 0x00000000
core   0: 0x8000298e (0x00000b19) c.addi  s6, 6
core   0: 3 0x8000298e (0x0b19) x22 0x00000005
core   0: 0x80002990 (0x03360b63) beq     a2, s3, pc + 54
core   0: 3 0x80002990 (0x03360b63)
core   0: 0x80002994 (0x01233c33) sltu    s8, t1, s2
core   0: 3 0x80002994 (0x01233c33) x24 0x00000000
core   0: 0x80002998 (0x00545a93) srli    s5, s0, 5
core   0: 3 0x80002998 (0x00545a93) x21 0x00000000
core   0: 0x8000299c (0x412add93) srai    s11, s5, 18
core   0: 3 0x8000299c (0x412add93) x27 0x00000000
core   0: 0x800029a0 (0x0000717d) c.addi16sp sp, -16
core   0: 3 0x800029a0 (0x717d) x2  0x0000018f
core   0: 0x800029a2 (0x00837433) and     s0, t1, s0
core   0: 3 0x800029a2 (0x00837433) x8  0x00000000
core   0: 0x800029a6 (0x06098d63) beqz    s3, pc + 122
core   0: 3 0x800029a6 (0x06098d63)
core   0: 0x80002a20 (0x31102393) slti    t2, zero, 785
core   0: 3 0x80002a20 (0x31102393) x7  0x00000001
core   0: 0x80002a24 (0x00008c19) c.sub   s0, a4
core   0: 3 0x80002a24 (0x8c19) x8  0x00000000
core   0: 0x80002a26 (0x000007ae) c.slli  a5, 11
core   0: 3 0x80002a26 (0x07ae) x15 0x00000800
core   0: 0x80002a28 (0x01c44c63) blt     s0, t3, pc + 24
core   0: 3 0x80002a28 (0x01c44c63)
core   0: 0x80002a2c (0x027e8033) mul     zero, t4, t2
core   0: 3 0x80002a2c (0x027e8033)
core   0: 0x80002a30 (0x03e53f33) mulhu   t5, a0, t5
core   0: 3 0x80002a30 (0x03e53f33) x30 0x5dd96d90
core   0: 0x80002a34 (0x01a03d33) snez    s10, s10
core   0: 3 0x80002a34 (0x01a03d33) x26 0x00000001
core   0: 0x80002a38 (0x00008395) c.srli  a5, 5
core   0: 3 0x80002a38 (0x8395) x15 0x00000040
core   0: 0x80002a3a (0x00008cdd) c.or    s1, a5
core   0: 3 0x80002a3a (0x8cdd) x9  0x00018040
core   0: 0x80002a3c (0x00000001) c.nop
core   0: 3 0x80002a3c (0x0001)
core   0: 0x80002a3e (0x00008bae) c.mv    s7, a1
core   0: 3 0x80002a3e (0x8bae) x23 0x00000000
core   0: 0x80002a40 (0x01b15013) srli    zero, sp, 27
core   0: 3 0x80002a40 (0x01b15013)
core   0: 0x80002a44 (0x00ea9833) sll     a6, s5, a4
core   0: 3 0x80002a44 (0x00ea9833) x16 0x00000000
core   0: 0x80002a48 (0x01be5313) srli    t1, t3, 27
core   0: 3 0x80002a48 (0x01be5313) x6  0x00000010
core   0: 0x80002a4c (0x028ff7b3) remu    a5, t6, s0
core   0: 3 0x80002a4c (0x028ff7b3) x15 0x00000000
core   0: 0x80002a50 (0x00006115) c.addi16sp sp, 288
core   0: 3 0x80002a50 (0x6115) x2  0x000002af
core   0: 0x80002a52 (0x019fcb63) blt     t6, s9, pc + 22
core   0: 3 0x80002a52 (0x019fcb63)
core   0: 0x80002a56 (0x0376d833) divu    a6, a3, s7
core   0: 3 0x80002a56 (0x0376d833) x16 0xffffffff
core   0: 0x80002a5a (0x000080fa) c.mv    ra, t5
core   0: 3 0x80002a5a (0x80fa) x1  0x5dd96d90
core   0: 0x80002a5c (0x010d19b3) sll     s3, s10, a6
core   0: 3 0x80002a5c (0x010d19b3) x19 0x80000000
core   0: 0x80002a60 (0x026ea833) mulhsu  a6, t4, t1
core   0: 3 0x80002a60 (0x026ea833) x16 0x00000003
core   0: 0x80002a64 (0xd8fe3c93) sltiu   s9, t3, -625
core   0: 3 0x80002a64 (0xd8fe3c93) x25 0x00000001
core   0: 0x80002a68 (0x00c85f13) srli    t5, a6, 12
core   0: 3 0x80002a68 (0x00c85f13) x30 0x00000000
core   0: 0x80002a6c (0x416606b3) sub     a3, a2, s6
core   0: 3 0x80002a6c (0x416606b3) x13 0x00000189
core   0: 0x80002a70 (0x03761463) bne     a2, s7, pc + 40
core   0: 3 0x80002a70 (0x03761463)
core   0: 0x80002a98 (0x00b8fbb3) and     s7, a7, a1
core   0: 3 0x80002a98 (0x00b8fbb3) x23 0x00000000
core   0: 0x80002a9c (0x0000cc9d) c.beqz  s1, pc + 62
core   0: 3 0x80002a9c (0xcc9d)
core   0: 0x80002a9e (0x0235b0b3) mulhu   ra, a1, gp
core   0: 3 0x80002a9e (0x0235b0b3) x1  0x00000000
core   0: 0x80002aa2 (0x00008c49) c.or    s0, a0
core   0: 3 0x80002aa2 (0x8c49) x8  0xcbe0a97a
core   0: 0x80002aa4 (0x016ee633) or      a2, t4, s6
core   0: 3 0x80002aa4 (0x016ee633) x12 0x307a4b75
core   0: 0x80002aa8 (0x02708533) mul     a0, ra, t2
core   0: 3 0x80002aa8 (0x02708533) x10 0x00000000
core   0: 0x80002aac (0x015f0a33) add     s4, t5, s5
core   0: 3 0x80002aac (0x015f0a33) x20 0x00000000
core   0: 0x80002ab0 (0x000053fd) c.li    t2, -1
core   0: 3 0x80002ab0 (0x53fd) x7  0xffffffff
core   0: 0x80002ab2 (0x034a2cb3) mulhsu  s9, s4, s4
core   0: 3 0x80002ab2 (0x034a2cb3) x25 0x00000000
core   0: 0x80002ab6 (0x03f97263) bgeu    s2, t6, pc + 36
core   0: 3 0x80002ab6 (0x03f97263)
core   0: 0x80002ada (0x00009a1e) c.add   s4, t2
core   0: 3 0x80002ada (0x9a1e) x20 0xffffffff
core   0: 0x80002adc (0x02324fb3) div     t6, tp, gp
core   0: 3 0x80002adc (0x02324fb3) x31 0x00000000
core   0: 0x80002ae0 (0x00000001) c.nop
core   0: 3 0x80002ae0 (0x0001)
core   0: 0x80002ae2 (0x028e7763) bgeu    t3, s0, pc + 46
core   0: 3 0x80002ae2 (0x028e7763)
core   0: 0x80002ae6 (0x03e5e7b3) rem     a5, a1, t5
core   0: 3 0x80002ae6 (0x03e5e7b3) x15 0x00000000
core   0: 0x80002aea (0x04436063) bltu    t1, tp, pc + 64
core   0: 3 0x80002aea (0x04436063)
core   0: 0x80002b2a (0x00006d15) c.lui   s10, 0x5
core   0: 3 0x80002b2a (0x6d15) x26 0x00005000
core   0: 0x80002b2c (0x02eee2b3) rem     t0, t4, a4
core   0: 3 0x80002b2c (0x02eee2b3) x5  0x307a4b70
core   0: 0x80002b30 (0x01aa5863) bge     s4, s10, pc + 16
core   0: 3 0x80002b30 (0x01aa5863)
core   0: 0x80002b34 (0x01818633) add     a2, gp, s8
core   0: 3 0x80002b34 (0x01818633) x12 0x80000000
core   0: 0x80002b38 (0x00cc6fb3) or      t6, s8, a2
core   0: 3 0x80002b38 (0x00cc6fb3) x31 0x80000000
core   0: 0x80002b3c (0x00008d5d) c.or    a0, a5
core   0: 3 0x80002b3c (0x8d5d) x10 0x00000000
core   0: 0x80002b3e (0x0000c515) c.beqz  a0, pc + 44
core   0: 3 0x80002b3e (0xc515)
core   0: 0x80002b6a (0x00000001) c.nop
core   0: 3 0x80002b6a (0x0001)
core   0: 0x80002b6c (0x0357f333) remu    t1, a5, s5
core   0: 3 0x80002b6c (0x0357f333) x6  0x00000000
core   0: 0x80002b70 (0x00000001) c.nop
core   0: 3 0x80002b70 (0x0001)
core   0: 0x80002b72 (0x40125cb3) sra     s9, tp, ra
core   0: 3 0x80002b72 (0x40125cb3) x25 0x80029d24
core   0: 0x80002b76 (0x0272bab3) mulhu   s5, t0, t2
core   0: 3 0x80002b76 (0x0272bab3) x21 0x307a4b6f
core   0: 0x80002b7a (0x01b4b333) sltu    t1, s1, s11
core   0: 3 0x80002b7a (0x01b4b333) x6  0x00000000
core   0: 0x80002b7e (0xd5d86d93) ori     s11, a6, -675
core   0: 3 0x80002b7e (0xd5d86d93) x27 0xfffffd5f
core   0: 0x80002b82 (0x41e75c33) sra     s8, a4, t5
core   0: 3 0x80002b82 (0x41e75c33) x24 0x00000000
core   0: 0x80002b86 (0x000091b2) c.add   gp, a2
core   0: 3 0x80002b86 (0x91b2) x3  0x00000000
core   0: 0x80002b88 (0x415dd193) srai    gp, s11, 21
core   0: 3 0x80002b88 (0x415dd193) x3  0xffffffff
core   0: 0x80002b8c (0x02392933) mulhsu  s2, s2, gp
core   0: 3 0x80002b8c (0x02392933) x18 0x0000dfff
core   0: 0x80002b90 (0x03020563) beq     tp, a6, pc + 42
core   0: 3 0x80002b90 (0x03020563)
core   0: 0x80002b94 (0x014becb3) or      s9, s7, s4
core   0: 3 0x80002b94 (0x014becb3) x25 0xffffffff
core   0: 0x80002b98 (0x01526c33) or      s8, tp, s5
core   0: 3 0x80002b98 (0x01526c33) x24 0xb07adf6f
core   0: 0x80002b9c (0x0151d033) srl     zero, gp, s5
core   0: 3 0x80002b9c (0x0151d033)
core   0: 0x80002ba0 (0x00000700) c.addi4spn s0, sp, 896
core   0: 3 0x80002ba0 (0x0700) x8  0x0000062f
core   0: 0x80002ba2 (0x00586263) bltu    a6, t0, pc + 4
core   0: 3 0x80002ba2 (0x00586263)
core   0: 0x80002ba6 (0x41cf0d33) sub     s10, t5, t3
core   0: 3 0x80002ba6 (0x41cf0d33) x26 0x7ffda15c
core   0: 0x80002baa (0x01ae66b3) or      a3, t3, s10
core   0: 3 0x80002baa (0x01ae66b3) x13 0xfffffffc
core   0: 0x80002bae (0x023caa33) mulhsu  s4, s9, gp
core   0: 3 0x80002bae (0x023caa33) x20 0xffffffff
core   0: 0x80002bb2 (0x0000997d) c.andi  a0, -1
core   0: 3 0x80002bb2 (0x997d) x10 0x00000000
core   0: 0x80002bb4 (0x00000a7a) c.slli  s4, 30
core   0: 3 0x80002bb4 (0x0a7a) x20 0xc0000000
core   0: 0x80002bb6 (0x0000683d) c.lui   a6, 0xf
core   0: 3 0x80002bb6 (0x683d) x16 0x0000f000
core   0: 0x80002bb8 (0x00008c99) c.sub   s1, a4
core   0: 3 0x80002bb8 (0x8c99) x9  0x00018040
core   0: 0x80002bba (0x0012fdb3) and     s11, t0, ra
core   0: 3 0x80002bba (0x0012fdb3) x27 0x00000000
core   0: 0x80002bbe (0x029dc463) blt     s11, s1, pc + 40
core   0: 3 0x80002bbe (0x029dc463)
core   0: 0x80002be6 (0x00425f63) bge     tp, tp, pc + 30
core   0: 3 0x80002be6 (0x00425f63)
core   0: 0x80002c04 (0x000095ae) c.add   a1, a1
core   0: 3 0x80002c04 (0x95ae) x11 0x00000000
core   0: 0x80002c06 (0x000064ad) c.lui   s1, 0xb
core   0: 3 0x80002c06 (0x64ad) x9  0x0000b000
core   0: 0x80002c08 (0x0179d693) srli    a3, s3, 23
core   0: 3 0x80002c08 (0x0179d693) x13 0x00000100
core   0: 0x80002c0c (0x02b0e663) bltu    ra, a1, pc + 44
core   0: 3 0x80002c0c (0x02b0e663)
core   0: 0x80002c10 (0x0166f2b3) and     t0, a3, s6
core   0: 3 0x80002c10 (0x0166f2b3) x5  0x00000000
core   0: 0x80002c14 (0x00000001) c.nop
core   0: 3 0x80002c14 (0x0001)
core   0: 0x80002c16 (0x00008ddd) c.or    a1, a5
core   0: 3 0x80002c16 (0x8ddd) x11 0x00000000
core   0: 0x80002c18 (0x02e941b3) div     gp, s2, a4
core   0: 3 0x80002c18 (0x02e941b3) x3  0xffffffff
core   0: 0x80002c1c (0xe4ea1917) auipc   s2, 0xe4ea1
core   0: 3 0x80002c1c (0xe4ea1917) x18 0x64ea3c1c
core   0: 0x80002c20 (0x00001e88) c.addi4spn a0, sp, 880
core   0: 3 0x80002c20 (0x1e88) x10 0x0000061f
core   0: 0x80002c22 (0x000052fd) c.li    t0, -1
core   0: 3 0x80002c22 (0x52fd) x5  0xffffffff
core   0: 0x80002c24 (0x00009be6) c.add   s7, s9
core   0: 3 0x80002c24 (0x9be6) x23 0xffffffff
core   0: 0x80002c26 (0x0000eb81) c.bnez  a5, pc + 16
core   0: 3 0x80002c26 (0xeb81)
core   0: 0x80002c28 (0x03524fb3) div     t6, tp, s5
core   0: 3 0x80002c28 (0x03524fb3) x31 0xfffffffe
core   0: 0x80002c2c (0x6a89f893) andi    a7, s3, 1704
core   0: 3 0x80002c2c (0x6a89f893) x17 0x00000000
core   0: 0x80002c30 (0x00869313) slli    t1, a3, 8
core   0: 3 0x80002c30 (0x00869313) x6  0x00010000
core   0: 0x80002c34 (0x0000c811) c.beqz  s0, pc + 20
core   0: 3 0x80002c34 (0xc811)
core   0: 0x80002c36 (0x00000908) c.addi4spn a0, sp, 144
core   0: 3 0x80002c36 (0x0908) x10 0x0000033f
core   0: 0x80002c38 (0x0233e333) rem     t1, t2, gp
core   0: 3 0x80002c38 (0x0233e333) x6  0x00000000
core   0: 0x80002c3c (0x021d65b3) rem     a1, s10, ra
core   0: 3 0x80002c3c (0x021d65b3) x11 0x7ffda15c
core   0: 0x80002c40 (0x000017fd) c.addi  a5, -1
core   0: 3 0x80002c40 (0x17fd) x15 0xffffffff
core   0: 0x80002c42 (0x00008f7d) c.and   a4, a5
core   0: 3 0x80002c42 (0x8f7d) x14 0x00000000
core   0: 0x80002c44 (0x03b33833) mulhu   a6, t1, s11
core   0: 3 0x80002c44 (0x03b33833) x16 0x00000000
core   0: 0x80002c48 (0x0000985a) c.add   a6, s6
core   0: 3 0x80002c48 (0x985a) x16 0x00000005
core   0: 0x80002c4a (0x0000974a) c.add   a4, s2
core   0: 3 0x80002c4a (0x974a) x14 0x64ea3c1c
core   0: 0x80002c4c (0x01d6da13) srli    s4, a3, 29
core   0: 3 0x80002c4c (0x01d6da13) x20 0x00000000
core   0: 0x80002c50 (0x0264d563) bge     s1, t1, pc + 42
core   0: 3 0x80002c50 (0x0264d563)
core   0: 0x80002c7a (0x00006829) c.lui   a6, 0xa
core   0: 3 0x80002c7a (0x6829) x16 0x0000a000
core   0: 0x80002c7c (0x00008439) c.srai  s0, 14
core   0: 3 0x80002c7c (0x8439) x8  0x00000000
core   0: 0x80002c7e (0x00000001) c.nop
core   0: 3 0x80002c7e (0x0001)
core   0: 0x80002c80 (0x01679363) bne     a5, s6, pc + 6
core   0: 3 0x80002c80 (0x01679363)
core   0: 0x80002c86 (0x48eea113) slti    sp, t4, 1166
core   0: 3 0x80002c86 (0x48eea113) x2  0x00000000
core   0: 0x80002c8a (0x00008c65) c.and   s0, s1
core   0: 3 0x80002c8a (0x8c65) x8  0x00000000
core   0: 0x80002c8c (0x406a0a33) sub     s4, s4, t1
core   0: 3 0x80002c8c (0x406a0a33) x20 0x00000000
core   0: 0x80002c90 (0x00125413) srli    s0, tp, 1
core   0: 3 0x80002c90 (0x00125413) x8  0x40014e92
core   0: 0x80002c94 (0xe381df37) lui     t5, 0xe381d
core   0: 3 0x80002c94 (0xe381df37) x30 0xe381d000
core   0: 0x80002c98 (0x00000001) c.nop
core   0: 3 0x80002c98 (0x0001)
core   0: 0x80002c9a (0x41fd0333) sub     t1, s10, t6
core   0: 3 0x80002c9a (0x41fd0333) x6  0x7ffda15e
core   0: 0x80002c9e (0x00000001) c.nop
core   0: 3 0x80002c9e (0x0001)
core   0: 0x80002ca0 (0x00008f75) c.and   a4, a3
core   0: 3 0x80002ca0 (0x8f75) x14 0x00000000
core   0: 0x80002ca2 (0x011806b3) add     a3, a6, a7
core   0: 3 0x80002ca2 (0x011806b3) x13 0x0000a000
core   0: 0x80002ca6 (0x01869cb3) sll     s9, a3, s8
core   0: 3 0x80002ca6 (0x01869cb3) x25 0x50000000
core   0: 0x80002caa (0x0000c891) c.beqz  s1, pc + 20
core   0: 3 0x80002caa (0xc891)
core   0: 0x80002cac (0x00008d95) c.sub   a1, a3
core   0: 3 0x80002cac (0x8d95) x11 0x7ffd015c
core   0: 0x80002cae (0x010bb6b3) sltu    a3, s7, a6
core   0: 3 0x80002cae (0x010bb6b3) x13 0x00000000
core   0: 0x80002cb2 (0x000006aa) c.slli  a3, 10
core   0: 3 0x80002cb2 (0x06aa) x13 0x00000000
core   0: 0x80002cb4 (0x00001e90) c.addi4spn a2, sp, 880
core   0: 3 0x80002cb4 (0x1e90) x12 0x00000370
core   0: 0x80002cb6 (0x03f58033) mul     zero, a1, t6
core   0: 3 0x80002cb6 (0x03f58033)
core   0: 0x80002cba (0x0109ec63) bltu    s3, a6, pc + 24
core   0: 3 0x80002cba (0x0109ec63)
core   0: 0x80002cbe (0x03231ab3) mulh    s5, t1, s2
core   0: 3 0x80002cbe (0x03231ab3) x21 0x32742eeb
core   0: 0x80002cc2 (0x008ed263) bge     t4, s0, pc + 4
core   0: 3 0x80002cc2 (0x008ed263)
core   0: 0x80002cc6 (0x03497cb3) remu    s9, s2, s4
core   0: 3 0x80002cc6 (0x03497cb3) x25 0x64ea3c1c
core   0: 0x80002cca (0x02eb41b3) div     gp, s6, a4
core   0: 3 0x80002cca (0x02eb41b3) x3  0xffffffff
core   0: 0x80002cce (0x025aa033) mulhsu  zero, s5, t0
core   0: 3 0x80002cce (0x025aa033)
core   0: 0x80002cd2 (0x039285b3) mul     a1, t0, s9
core   0: 3 0x80002cd2 (0x039285b3) x11 0x9b15c3e4
core   0: 0x80002cd6 (0x4127d613) srai    a2, a5, 18
core   0: 3 0x80002cd6 (0x4127d613) x12 0xffffffff
core   0: 0x80002cda (0x00006f79) c.lui   t5, 0x1e
core   0: 3 0x80002cda (0x6f79) x30 0x0001e000
core   0: 0x80002cdc (0x000097c6) c.add   a5, a7
core   0: 3 0x80002cdc (0x97c6) x15 0xffffffff
core   0: 0x80002cde (0x02ebad33) mulhsu  s10, s7, a4
core   0: 3 0x80002cde (0x02ebad33) x26 0x00000000
core   0: 0x80002ce2 (0x24132893) slti    a7, t1, 577
core   0: 3 0x80002ce2 (0x24132893) x17 0x00000000
core   0: 0x80002ce6 (0x03fdc8b3) div     a7, s11, t6
core   0: 3 0x80002ce6 (0x03fdc8b3) x17 0x00000000
core   0: 0x80002cea (0x41d7d7b3) sra     a5, a5, t4
core   0: 3 0x80002cea (0x41d7d7b3) x15 0xffffffff
core   0: 0x80002cee (0x02dcc533) div     a0, s9, a3
core   0: 3 0x80002cee (0x02dcc533) x10 0xffffffff
core   0: 0x80002cf2 (0x00008a86) c.mv    s5, ra
core   0: 3 0x80002cf2 (0x8a86) x21 0x00000000
core   0: 0x80002cf4 (0x0000872a) c.mv    a4, a0
core   0: 3 0x80002cf4 (0x872a) x14 0xffffffff
core   0: 0x80002cf6 (0x007f4863) blt     t5, t2, pc + 16
core   0: 3 0x80002cf6 (0x007f4863)
core   0: 0x80002cfa (0x00639f93) slli    t6, t2, 6
core   0: 3 0x80002cfa (0x00639f93) x31 0xffffffc0
core   0: 0x80002cfe (0x00b8d733) srl     a4, a7, a1
core   0: 3 0x80002cfe (0x00b8d733) x14 0x00000000
core   0: 0x80002d02 (0x00009c52) c.add   s8, s4
core   0: 3 0x80002d02 (0x9c52) x24 0xb07adf6f
core   0: 0x80002d04 (0x00008b11) c.andi  a4, 4
core   0: 3 0x80002d04 (0x8b11) x14 0x00000000
core   0: 0x80002d06 (0x00834133) xor     sp, t1, s0
core   0: 3 0x80002d06 (0x00834133) x2  0x3ffcefcc
core   0: 0x80002d0a (0x00000001) c.nop
core   0: 3 0x80002d0a (0x0001)
core   0: 0x80002d0c (0x00008d6d) c.and   a0, a1
core   0: 3 0x80002d0c (0x8d6d) x10 0x9b15c3e4
core   0: 0x80002d0e (0x00006bb5) c.lui   s7, 0xd
core   0: 3 0x80002d0e (0x6bb5) x23 0x0000d000
core   0: 0x80002d10 (0x0000831e) c.mv    t1, t2
core   0: 3 0x80002d10 (0x831e) x6  0xffffffff
core   0: 0x80002d12 (0x03f5a833) mulhsu  a6, a1, t6
core   0: 3 0x80002d12 (0x03f5a833) x16 0x9b15c3fd
core   0: 0x80002d16 (0xedc9ac93) slti    s9, s3, -292
core   0: 3 0x80002d16 (0xedc9ac93) x25 0x00000001
core   0: 0x80002d1a (0x40fc01b3) sub     gp, s8, a5
core   0: 3 0x80002d1a (0x40fc01b3) x3  0xb07adf70
core   0: 0x80002d1e (0x00008e71) c.and   a2, a2
core   0: 3 0x80002d1e (0x8e71) x12 0xffffffff
core   0: 0x80002d20 (0x034c8b33) mul     s6, s9, s4
core   0: 3 0x80002d20 (0x034c8b33) x22 0x00000000
core   0: 0x80002d24 (0x00004de9) c.li    s11, 26
core   0: 3 0x80002d24 (0x4de9) x27 0x0000001a
core   0: 0x80002d26 (0x00008939) c.andi  a0, 14
core   0: 3 0x80002d26 (0x8939) x10 0x00000004
core   0: 0x80002d28 (0x86860593) addi    a1, a2, -1944
core   0: 3 0x80002d28 (0x86860593) x11 0xfffff867
core   0: 0x80002d2c (0x00008cdd) c.or    s1, a5
core   0: 3 0x80002d2c (0x8cdd) x9  0xffffffff
core   0: 0x80002d2e (0xef48f593) andi    a1, a7, -268
core   0: 3 0x80002d2e (0xef48f593) x11 0x00000000
core   0: 0x80002d32 (0x01db69b3) or      s3, s6, t4
core   0: 3 0x80002d32 (0x01db69b3) x19 0x307a4b70
core   0: 0x80002d36 (0x00008f81) c.sub   a5, s0
core   0: 3 0x80002d36 (0x8f81) x15 0xbffeb16d
core   0: 0x80002d38 (0x03df3733) mulhu   a4, t5, t4
core   0: 3 0x80002d38 (0x03df3733) x14 0x00005ae5
core   0: 0x80002d3c (0x01255993) srli    s3, a0, 18
core   0: 3 0x80002d3c (0x01255993) x19 0x00000000
core   0: 0x80002d40 (0x0000717d) c.addi16sp sp, -16
core   0: 3 0x80002d40 (0x717d) x2  0x3ffcefbc
core   0: 0x80002d42 (0xda487093) andi    ra, a6, -604
core   0: 3 0x80002d42 (0xda487093) x1  0x9b15c1a4
core   0: 0x80002d46 (0xc5efbc93) sltiu   s9, t6, -930
core   0: 3 0x80002d46 (0xc5efbc93) x25 0x00000000
core   0: 0x80002d4a (0x02be59b3) divu    s3, t3, a1
core   0: 3 0x80002d4a (0x02be59b3) x19 0xffffffff
core   0: 0x80002d4e (0x001d2433) slt     s0, s10, ra
core   0: 3 0x80002d4e (0x001d2433) x8  0x00000000
core   0: 0x80002d52 (0xd567cc97) auipc   s9, 0xd567c
core   0: 3 0x80002d52 (0xd567cc97) x25 0x5567ed52
core   0: 0x80002d56 (0x02a41db3) mulh    s11, s0, a0
core   0: 3 0x80002d56 (0x02a41db3) x27 0x00000000
core   0: 0x80002d5a (0xd5a1e093) ori     ra, gp, -678
core   0: 3 0x80002d5a (0xd5a1e093) x1  0xffffff7a
core   0: 0x80002d5e (0x022590b3) mulh    ra, a1, sp
core   0: 3 0x80002d5e (0x022590b3) x1  0x00000000
core   0: 0x80002d62 (0xdf88b517) auipc   a0, 0xdf88b
core   0: 3 0x80002d62 (0xdf88b517) x10 0x5f88dd62
core   0: 0x80002d66 (0x7f1d4713) xori    a4, s10, 2033
core   0: 3 0x80002d66 (0x7f1d4713) x14 0x000007f1
core   0: 0x80002d6a (0x00000586) c.slli  a1, 1
core   0: 3 0x80002d6a (0x0586) x11 0x00000000
core   0: 0x80002d6c (0x410f0333) sub     t1, t5, a6
core   0: 3 0x80002d6c (0x410f0333) x6  0x64ec1c03
core   0: 0x80002d70 (0x0000613d) c.addi16sp sp, 480
core   0: 3 0x80002d70 (0x613d) x2  0x3ffcf19c
core   0: 0x80002d72 (0x000080ed) c.srli  s1, 27
core   0: 3 0x80002d72 (0x80ed) x9  0x0000001f
core   0: 0x80002d74 (0x037f1d33) mulh    s10, t5, s7
core   0: 3 0x80002d74 (0x037f1d33) x26 0x00000001
core   0: 0x80002d78 (0x9246e013) ori     zero, a3, -1756
core   0: 3 0x80002d78 (0x9246e013)
core   0: 0x80002d7c (0x01901633) sll     a2, zero, s9
core   0: 3 0x80002d7c (0x01901633) x12 0x00000000
core   0: 0x80002d80 (0x02084963) bltz    a6, pc + 50
core   0: 3 0x80002d80 (0x02084963)
core   0: 0x80002db2 (0x00000480) c.addi4spn s0, sp, 576
core   0: 3 0x80002db2 (0x0480) x8  0x3ffcf3dc
core   0: 0x80002db4 (0x000082dd) c.srli  a3, 23
core   0: 3 0x80002db4 (0x82dd) x13 0x00000000
core   0: 0x80002db6 (0x0190f133) and     sp, ra, s9
core   0: 3 0x80002db6 (0x0190f133) x2  0x00000000
core   0: 0x80002dba (0x0242c933) div     s2, t0, tp
core   0: 3 0x80002dba (0x0242c933) x18 0x00000000
core   0: 0x80002dbe (0x01dafa63) bgeu    s5, t4, pc + 20
core   0: 3 0x80002dbe (0x01dafa63)
core   0: 0x80002dc2 (0x02d99733) mulh    a4, s3, a3
core   0: 3 0x80002dc2 (0x02d99733) x14 0x00000000
core   0: 0x80002dc6 (0x013ae033) or      zero, s5, s3
core   0: 3 0x80002dc6 (0x013ae033)
core   0: 0x80002dca (0x029fab33) mulhsu  s6, t6, s1
core   0: 3 0x80002dca (0x029fab33) x22 0xffffffff
core   0: 0x80002dce (0x027a0db3) mul     s11, s4, t2
core   0: 3 0x80002dce (0x027a0db3) x27 0x00000000
core   0: 0x80002dd2 (0x0160c533) xor     a0, ra, s6
core   0: 3 0x80002dd2 (0x0160c533) x10 0xffffffff
core   0: 0x80002dd6 (0x00009d9a) c.add   s11, t1
core   0: 3 0x80002dd6 (0x9d9a) x27 0x64ec1c03
core   0: 0x80002dd8 (0x023d5333) divu    t1, s10, gp
core   0: 3 0x80002dd8 (0x023d5333) x6  0x00000000
core   0: 0x80002ddc (0x03bc25b3) mulhsu  a1, s8, s11
core   0: 3 0x80002ddc (0x03bc25b3) x11 0xe0a6a7d9
core   0: 0x80002de0 (0x6407bd13) sltiu   s10, a5, 1600
core   0: 3 0x80002de0 (0x6407bd13) x26 0x00000000
core   0: 0x80002de4 (0x015cda63) bge     s9, s5, pc + 20
core   0: 3 0x80002de4 (0x015cda63)
core   0: 0x80002df8 (0x03515663) bge     sp, s5, pc + 44
core   0: 3 0x80002df8 (0x03515663)
core   0: 0x80002e24 (0x03437833) remu    a6, t1, s4
core   0: 3 0x80002e24 (0x03437833) x16 0x00000000
core   0: 0x80002e28 (0x03258033) mul     zero, a1, s2
core   0: 3 0x80002e28 (0x03258033)
core   0: 0x80002e2c (0xdbd48f13) addi    t5, s1, -579
core   0: 3 0x80002e2c (0xdbd48f13) x30 0xfffffddc
core   0: 0x80002e30 (0x0000615d) c.addi16sp sp, 432
core   0: 3 0x80002e30 (0x615d) x2  0x000001b0
core   0: 0x80002e32 (0x0165c933) xor     s2, a1, s6
core   0: 3 0x80002e32 (0x0165c933) x18 0x1f595826
core   0: 0x80002e36 (0x045a4c63) blt     s4, t0, pc + 88
core   0: 3 0x80002e36 (0x045a4c63)
core   0: 0x80002e3a (0x000057f5) c.li    a5, -3
core   0: 3 0x80002e3a (0x57f5) x15 0xfffffffd
core   0: 0x80002e3c (0x03b698b3) mulh    a7, a3, s11
core   0: 3 0x80002e3c (0x03b698b3) x17 0x00000000
core   0: 0x80002e40 (0x00000001) c.nop
core   0: 3 0x80002e40 (0x0001)
core   0: 0x80002e42 (0x00000001) c.nop
core   0: 3 0x80002e42 (0x0001)
core   0: 0x80002e44 (0x000049bd) c.li    s3, 15
core   0: 3 0x80002e44 (0x49bd) x19 0x0000000f
core   0: 0x80002e46 (0x41e0d893) srai    a7, ra, 30
core   0: 3 0x80002e46 (0x41e0d893) x17 0x00000000
core   0: 0x80002e4a (0x00000785) c.addi  a5, 1
core   0: 3 0x80002e4a (0x0785) x15 0xfffffffe
core   0: 0x80002e4c (0x000056fd) c.li    a3, -1
core   0: 3 0x80002e4c (0x56fd) x13 0xffffffff
core   0: 0x80002e4e (0x00004801) c.li    a6, 0
core   0: 3 0x80002e4e (0x4801) x16 0x00000000
core   0: 0x80002e50 (0x00005afd) c.li    s5, -1
core   0: 3 0x80002e50 (0x5afd) x21 0xffffffff
core   0: 0x80002e52 (0x01234533) xor     a0, t1, s2
core   0: 3 0x80002e52 (0x01234533) x10 0x1f595826
core   0: 0x80002e56 (0x00000685) c.addi  a3, 1
core   0: 3 0x80002e56 (0x0685) x13 0x00000000
core   0: 0x80002e58 (0xca6b6393) ori     t2, s6, -858
core   0: 3 0x80002e58 (0xca6b6393) x7  0xffffffff
core   0: 0x80002e5c (0xff068be3) beq     a3, a6, pc - 10
core   0: 3 0x80002e5c (0xff068be3)
core   0: 0x80002e52 (0x01234533) xor     a0, t1, s2
core   0: 3 0x80002e52 (0x01234533) x10 0x1f595826
core   0: 0x80002e56 (0x00000685) c.addi  a3, 1
core   0: 3 0x80002e56 (0x0685) x13 0x00000001
core   0: 0x80002e58 (0xca6b6393) ori     t2, s6, -858
core   0: 3 0x80002e58 (0xca6b6393) x7  0xffffffff
core   0: 0x80002e5c (0xff068be3) beq     a3, a6, pc - 10
core   0: 3 0x80002e5c (0xff068be3)
core   0: 0x80002e60 (0x0000f3f5) c.bnez  a5, pc - 28
core   0: 3 0x80002e60 (0xf3f5)
core   0: 0x80002e44 (0x000049bd) c.li    s3, 15
core   0: 3 0x80002e44 (0x49bd) x19 0x0000000f
core   0: 0x80002e46 (0x41e0d893) srai    a7, ra, 30
core   0: 3 0x80002e46 (0x41e0d893) x17 0x00000000
core   0: 0x80002e4a (0x00000785) c.addi  a5, 1
core   0: 3 0x80002e4a (0x0785) x15 0xffffffff
core   0: 0x80002e4c (0x000056fd) c.li    a3, -1
core   0: 3 0x80002e4c (0x56fd) x13 0xffffffff
core   0: 0x80002e4e (0x00004801) c.li    a6, 0
core   0: 3 0x80002e4e (0x4801) x16 0x00000000
core   0: 0x80002e50 (0x00005afd) c.li    s5, -1
core   0: 3 0x80002e50 (0x5afd) x21 0xffffffff
core   0: 0x80002e52 (0x01234533) xor     a0, t1, s2
core   0: 3 0x80002e52 (0x01234533) x10 0x1f595826
core   0: 0x80002e56 (0x00000685) c.addi  a3, 1
core   0: 3 0x80002e56 (0x0685) x13 0x00000000
core   0: 0x80002e58 (0xca6b6393) ori     t2, s6, -858
core   0: 3 0x80002e58 (0xca6b6393) x7  0xffffffff
core   0: 0x80002e5c (0xff068be3) beq     a3, a6, pc - 10
core   0: 3 0x80002e5c (0xff068be3)
core   0: 0x80002e52 (0x01234533) xor     a0, t1, s2
core   0: 3 0x80002e52 (0x01234533) x10 0x1f595826
core   0: 0x80002e56 (0x00000685) c.addi  a3, 1
core   0: 3 0x80002e56 (0x0685) x13 0x00000001
core   0: 0x80002e58 (0xca6b6393) ori     t2, s6, -858
core   0: 3 0x80002e58 (0xca6b6393) x7  0xffffffff
core   0: 0x80002e5c (0xff068be3) beq     a3, a6, pc - 10
core   0: 3 0x80002e5c (0xff068be3)
core   0: 0x80002e60 (0x0000f3f5) c.bnez  a5, pc - 28
core   0: 3 0x80002e60 (0xf3f5)
core   0: 0x80002e44 (0x000049bd) c.li    s3, 15
core   0: 3 0x80002e44 (0x49bd) x19 0x0000000f
core   0: 0x80002e46 (0x41e0d893) srai    a7, ra, 30
core   0: 3 0x80002e46 (0x41e0d893) x17 0x00000000
core   0: 0x80002e4a (0x00000785) c.addi  a5, 1
core   0: 3 0x80002e4a (0x0785) x15 0x00000000
core   0: 0x80002e4c (0x000056fd) c.li    a3, -1
core   0: 3 0x80002e4c (0x56fd) x13 0xffffffff
core   0: 0x80002e4e (0x00004801) c.li    a6, 0
core   0: 3 0x80002e4e (0x4801) x16 0x00000000
core   0: 0x80002e50 (0x00005afd) c.li    s5, -1
core   0: 3 0x80002e50 (0x5afd) x21 0xffffffff
core   0: 0x80002e52 (0x01234533) xor     a0, t1, s2
core   0: 3 0x80002e52 (0x01234533) x10 0x1f595826
core   0: 0x80002e56 (0x00000685) c.addi  a3, 1
core   0: 3 0x80002e56 (0x0685) x13 0x00000000
core   0: 0x80002e58 (0xca6b6393) ori     t2, s6, -858
core   0: 3 0x80002e58 (0xca6b6393) x7  0xffffffff
core   0: 0x80002e5c (0xff068be3) beq     a3, a6, pc - 10
core   0: 3 0x80002e5c (0xff068be3)
core   0: 0x80002e52 (0x01234533) xor     a0, t1, s2
core   0: 3 0x80002e52 (0x01234533) x10 0x1f595826
core   0: 0x80002e56 (0x00000685) c.addi  a3, 1
core   0: 3 0x80002e56 (0x0685) x13 0x00000001
core   0: 0x80002e58 (0xca6b6393) ori     t2, s6, -858
core   0: 3 0x80002e58 (0xca6b6393) x7  0xffffffff
core   0: 0x80002e5c (0xff068be3) beq     a3, a6, pc - 10
core   0: 3 0x80002e5c (0xff068be3)
core   0: 0x80002e60 (0x0000f3f5) c.bnez  a5, pc - 28
core   0: 3 0x80002e60 (0xf3f5)
core   0: 0x80002e62 (0x00008e09) c.sub   a2, a0
core   0: 3 0x80002e62 (0x8e09) x12 0xe0a6a7da
core   0: 0x80002e64 (0x0000717d) c.addi16sp sp, -16
core   0: 3 0x80002e64 (0x717d) x2  0x000001a0
core   0: 0x80002e66 (0x00953ab3) sltu    s5, a0, s1
core   0: 3 0x80002e66 (0x00953ab3) x21 0x00000000
core   0: 0x80002e6a (0x00e96733) or      a4, s2, a4
core   0: 3 0x80002e6a (0x00e96733) x14 0x1f595826
core   0: 0x80002e6e (0x01cf5a93) srli    s5, t5, 28
core   0: 3 0x80002e6e (0x01cf5a93) x21 0x0000000f
core   0: 0x80002e72 (0x4124d433) sra     s0, s1, s2
core   0: 3 0x80002e72 (0x4124d433) x8  0x00000000
core   0: 0x80002e76 (0x03e8ccb3) div     s9, a7, t5
core   0: 3 0x80002e76 (0x03e8ccb3) x25 0x00000000
core   0: 0x80002e7a (0x00008dc1) c.or    a1, s0
core   0: 3 0x80002e7a (0x8dc1) x11 0xe0a6a7d9
core   0: 0x80002e7c (0x00926bb3) or      s7, tp, s1
core   0: 3 0x80002e7c (0x00926bb3) x23 0x80029d3f
core   0: 0x80002e80 (0x01045713) srli    a4, s0, 16
core   0: 3 0x80002e80 (0x01045713) x14 0x00000000
core   0: 0x80002e84 (0x15c47d93) andi    s11, s0, 348
core   0: 3 0x80002e84 (0x15c47d93) x27 0x00000000
core   0: 0x80002e88 (0x013944b3) xor     s1, s2, s3
core   0: 3 0x80002e88 (0x013944b3) x9  0x1f595829
core   0: 0x80002e8c (0x0000717d) c.addi16sp sp, -16
core   0: 3 0x80002e8c (0x717d) x2  0x00000190
core   0: 0x80002e8e (0x1cfd7413) andi    s0, s10, 463
core   0: 3 0x80002e8e (0x1cfd7413) x8  0x00000000
core   0: 0x80002e92 (0x00006c19) c.lui   s8, 0x6
core   0: 3 0x80002e92 (0x6c19) x24 0x00006000
core   0: 0x80002e94 (0x00d932b3) sltu    t0, s2, a3
core   0: 3 0x80002e94 (0x00d932b3) x5  0x00000000
core   0: 0x80002e98 (0x0000948a) c.add   s1, sp
core   0: 3 0x80002e98 (0x948a) x9  0x1f5959b9
core   0: 0x80002e9a (0x03188263) beq     a7, a7, pc + 36
core   0: 3 0x80002e9a (0x03188263)
core   0: 0x80002ebe (0x400480b3) sub     ra, s1, zero
core   0: 3 0x80002ebe (0x400480b3) x1  0x1f5959b9
core   0: 0x80002ec2 (0x0000cc1d) c.beqz  s0, pc + 62
core   0: 3 0x80002ec2 (0xcc1d)
core   0: 0x80002f00 (0x012252b3) srl     t0, tp, s2
core   0: 3 0x80002f00 (0x012252b3) x5  0x02000a74
core   0: 0x80002f04 (0x00000cf1) c.addi  s9, 28
core   0: 3 0x80002f04 (0x0cf1) x25 0x0000001c
core   0: 0x80002f06 (0x01429e63) bne     t0, s4, pc + 28
core   0: 3 0x80002f06 (0x01429e63)
core   0: 0x80002f22 (0x0000c08d) c.beqz  s1, pc + 34
core   0: 3 0x80002f22 (0xc08d)
core   0: 0x80002f24 (0x01772f33) slt     t5, a4, s7
core   0: 3 0x80002f24 (0x01772f33) x30 0x00000000
core   0: 0x80002f28 (0x2e0e3597) auipc   a1, 0x2e0e3
core   0: 3 0x80002f28 (0x2e0e3597) x11 0xae0e5f28
core   0: 0x80002f2c (0xb1ab0f13) addi    t5, s6, -1254
core   0: 3 0x80002f2c (0xb1ab0f13) x30 0xfffffb19
core   0: 0x80002f30 (0x035016b3) mulh    a3, zero, s5
core   0: 3 0x80002f30 (0x035016b3) x13 0x00000000
core   0: 0x80002f34 (0x00b2db63) bge     t0, a1, pc + 22
core   0: 3 0x80002f34 (0x00b2db63)
core   0: 0x80002f4a (0x037649b3) div     s3, a2, s7
core   0: 3 0x80002f4a (0x037649b3) x19 0x00000000
core   0: 0x80002f4e (0x0284ec33) rem     s8, s1, s0
core   0: 3 0x80002f4e (0x0284ec33) x24 0x1f5959b9
core   0: 0x80002f52 (0x0000ed11) c.bnez  a0, pc + 28
core   0: 3 0x80002f52 (0xed11)
core   0: 0x80002f6e (0x0000c389) c.beqz  a5, pc + 2
core   0: 3 0x80002f6e (0xc389)
core   0: 0x80002f70 (0x014918b3) sll     a7, s2, s4
core   0: 3 0x80002f70 (0x014918b3) x17 0x1f595826
core   0: 0x80002f74 (0x000083a1) c.srli  a5, 8
core   0: 3 0x80002f74 (0x83a1) x15 0x00000000
core   0: 0x80002f76 (0x01a70b63) beq     a4, s10, pc + 22
core   0: 3 0x80002f76 (0x01a70b63)
core   0: 0x80002f8c (0x8aa5e793) ori     a5, a1, -1878
core   0: 3 0x80002f8c (0x8aa5e793) x15 0xffffffaa
core   0: 0x80002f90 (0x00eeca33) xor     s4, t4, a4
core   0: 3 0x80002f90 (0x00eeca33) x20 0x307a4b70
core   0: 0x80002f94 (0x02dfc033) div     zero, t6, a3
core   0: 3 0x80002f94 (0x02dfc033)
core   0: 0x80002f98 (0x0247e5b3) rem     a1, a5, tp
core   0: 3 0x80002f98 (0x0247e5b3) x11 0xffffffaa
core   0: 0x80002f9c (0x00548333) add     t1, s1, t0
core   0: 3 0x80002f9c (0x00548333) x6  0x2159642d
core   0: 0x80002fa0 (0x00008e29) c.xor   a2, a0
core   0: 3 0x80002fa0 (0x8e29) x12 0xfffffffc
core   0: 0x80002fa2 (0x023e4db3) div     s11, t3, gp
core   0: 3 0x80002fa2 (0x023e4db3) x27 0x00000001
core   0: 0x80002fa6 (0x00008f95) c.sub   a5, a3
core   0: 3 0x80002fa6 (0x8f95) x15 0xffffffaa
core   0: 0x80002fa8 (0xf5752b97) auipc   s7, 0xf5752
core   0: 3 0x80002fa8 (0xf5752b97) x23 0x75754fa8
core   0: 0x80002fac (0x030e02b3) mul     t0, t3, a6
core   0: 3 0x80002fac (0x030e02b3) x5  0x00000000
core   0: 0x80002fb0 (0x01b3c133) xor     sp, t2, s11
core   0: 3 0x80002fb0 (0x01b3c133) x2  0xfffffffe
core   0: 0x80002fb4 (0x030973b3) remu    t2, s2, a6
core   0: 3 0x80002fb4 (0x030973b3) x7  0x1f595826
core   0: 0x80002fb8 (0x00000001) c.nop
core   0: 3 0x80002fb8 (0x0001)
core   0: 0x80002fba (0x02a29733) mulh    a4, t0, a0
core   0: 3 0x80002fba (0x02a29733) x14 0x00000000
core   0: 0x80002fbe (0x2d8d6a13) ori     s4, s10, 728
core   0: 3 0x80002fbe (0x2d8d6a13) x20 0x000002d8
core   0: 0x80002fc2 (0xf96f9b37) lui     s6, 0xf96f9
core   0: 3 0x80002fc2 (0xf96f9b37) x22 0xf96f9000
core   0: 0x80002fc6 (0xae7ea593) slti    a1, t4, -1305
core   0: 3 0x80002fc6 (0xae7ea593) x11 0x00000000
core   0: 0x80002fca (0x01cb1c93) slli    s9, s6, 28
core   0: 3 0x80002fca (0x01cb1c93) x25 0x00000000
core   0: 0x80002fce (0xb6f9ea93) ori     s5, s3, -1169
core   0: 3 0x80002fce (0xb6f9ea93) x21 0xfffffb6f
core   0: 0x80002fd2 (0x0000c299) c.beqz  a3, pc + 6
core   0: 3 0x80002fd2 (0xc299)
core   0: 0x80002fd8 (0x034b1563) bne     s6, s4, pc + 42
core   0: 3 0x80002fd8 (0x034b1563)
core   0: 0x80003002 (0x03b01933) mulh    s2, zero, s11
core   0: 3 0x80003002 (0x03b01933) x18 0x00000000
core   0: 0x80003006 (0x03e11463) bne     sp, t5, pc + 40
core   0: 3 0x80003006 (0x03e11463)
core   0: 0x8000302e (0x0e2bc413) xori    s0, s7, 226
core   0: 3 0x8000302e (0x0e2bc413) x8  0x75754f4a
core   0: 0x80003032 (0x02305533) divu    a0, zero, gp
core   0: 3 0x80003032 (0x02305533) x10 0x00000000
core   0: 0x80003036 (0x000004ae) c.slli  s1, 11
core   0: 3 0x80003036 (0x04ae) x9  0xcacdc800
core   0: 0x80003038 (0x0381ab33) mulhsu  s6, gp, s8
core   0: 3 0x80003038 (0x0381ab33) x22 0xf6431fe7
core   0: 0x8000303c (0x00000ac6) c.slli  s5, 17
core   0: 3 0x8000303c (0x0ac6) x21 0xf6de0000
core   0: 0x8000303e (0x417f0833) sub     a6, t5, s7
core   0: 3 0x8000303e (0x417f0833) x16 0x8a8aab71
core   0: 0x80003042 (0x03074a33) div     s4, a4, a6
core   0: 3 0x80003042 (0x03074a33) x20 0x00000000
core   0: 0x80003046 (0x2350ed93) ori     s11, ra, 565
core   0: 3 0x80003046 (0x2350ed93) x27 0x1f595bbd
core   0: 0x8000304a (0x4058dc93) srai    s9, a7, 5
core   0: 3 0x8000304a (0x4058dc93) x25 0x00facac1
core   0: 0x8000304e (0x02d04933) div     s2, zero, a3
core   0: 3 0x8000304e (0x02d04933) x18 0xffffffff
core   0: 0x80003052 (0x00008fd1) c.or    a5, a2
core   0: 3 0x80003052 (0x8fd1) x15 0xfffffffe
core   0: 0x80003054 (0x00008f36) c.mv    t5, a3
core   0: 3 0x80003054 (0x8f36) x30 0x00000000
core   0: 0x80003056 (0x03250cb3) mul     s9, a0, s2
core   0: 3 0x80003056 (0x03250cb3) x25 0x00000000
core   0: 0x8000305a (0x410cd0b3) sra     ra, s9, a6
core   0: 3 0x8000305a (0x410cd0b3) x1  0x00000000
core   0: 0x8000305e (0x40fadd13) srai    s10, s5, 15
core   0: 3 0x8000305e (0x40fadd13) x26 0xffffedbc
core   0: 0x80003062 (0xa2c07637) lui     a2, 0xa2c07
core   0: 3 0x80003062 (0xa2c07637) x12 0xa2c07000
core   0: 0x80003066 (0x00000001) c.nop
core   0: 3 0x80003066 (0x0001)
core   0: 0x80003068 (0x014a2bb3) slt     s7, s4, s4
core   0: 3 0x80003068 (0x014a2bb3) x23 0x00000000
core   0: 0x8000306c (0x03795cb3) divu    s9, s2, s7
core   0: 3 0x8000306c (0x03795cb3) x25 0xffffffff
core   0: 0x80003070 (0x00008e41) c.or    a2, s0
core   0: 3 0x80003070 (0x8e41) x12 0xf7f57f4a
core   0: 0x80003072 (0x00f69713) slli    a4, a3, 15
core   0: 3 0x80003072 (0x00f69713) x14 0x00000000
core   0: 0x80003076 (0xcfef6613) ori     a2, t5, -770
core   0: 3 0x80003076 (0xcfef6613) x12 0xfffffcfe
core   0: 0x8000307a (0x0000ce81) c.beqz  a3, pc + 24
core   0: 3 0x8000307a (0xce81)
core   0: 0x80003092 (0x00006165) c.addi16sp sp, 112
core   0: 3 0x80003092 (0x6165) x2  0x0000006e
core   0: 0x80003094 (0x01147863) bgeu    s0, a7, pc + 16
core   0: 3 0x80003094 (0x01147863)
core   0: 0x800030a4 (0x01d523b3) slt     t2, a0, t4
core   0: 3 0x800030a4 (0x01d523b3) x7  0x00000001
core   0: 0x800030a8 (0x02deedb3) rem     s11, t4, a3
core   0: 3 0x800030a8 (0x02deedb3) x27 0x307a4b70
core   0: 0x800030ac (0x00000001) c.nop
core   0: 3 0x800030ac (0x0001)
core   0: 0x800030ae (0x01bd1c13) slli    s8, s10, 27
core   0: 3 0x800030ae (0x01bd1c13) x24 0xe0000000
core   0: 0x800030b2 (0xb07b3013) sltiu   zero, s6, -1273
core   0: 3 0x800030b2 (0xb07b3013)
core   0: 0x800030b6 (0x00000912) c.slli  s2, 4
core   0: 3 0x800030b6 (0x0912) x18 0xfffffff0
core   0: 0x800030b8 (0x40d00333) sub     t1, zero, a3
core   0: 3 0x800030b8 (0x40d00333) x6  0x00000000
core   0: 0x800030bc (0x0349b2b3) mulhu   t0, s3, s4
core   0: 3 0x800030bc (0x0349b2b3) x5  0x00000000
core   0: 0x800030c0 (0x00008c05) c.sub   s0, s1
core   0: 3 0x800030c0 (0x8c05) x8  0xaaa7874a
core   0: 0x800030c2 (0x000067ed) c.lui   a5, 0x1b
core   0: 3 0x800030c2 (0x67ed) x15 0x0001b000
core   0: 0x800030c4 (0x00ad1a13) slli    s4, s10, 10
core   0: 3 0x800030c4 (0x00ad1a13) x20 0xffb6f000
core   0: 0x800030c8 (0xadeab1b7) lui     gp, 0xadeab
core   0: 3 0x800030c8 (0xadeab1b7) x3  0xadeab000
core   0: 0x800030cc (0x411d05b3) sub     a1, s10, a7
core   0: 3 0x800030cc (0x411d05b3) x11 0xe0a69596
core   0: 0x800030d0 (0x03a75733) divu    a4, a4, s10
core   0: 3 0x800030d0 (0x03a75733) x14 0x00000000
core   0: 0x800030d4 (0x00008cbd) c.xor   s1, a5
core   0: 3 0x800030d4 (0x8cbd) x9  0xcacc7800
core   0: 0x800030d6 (0x00000001) c.nop
core   0: 3 0x800030d6 (0x0001)
core   0: 0x800030d8 (0x000053fd) c.li    t2, -1
core   0: 3 0x800030d8 (0x53fd) x7  0xffffffff
core   0: 0x800030da (0x02736b33) rem     s6, t1, t2
core   0: 3 0x800030da (0x02736b33) x22 0x00000000
core   0: 0x800030de (0x1294a1b7) lui     gp, 0x1294a
core   0: 3 0x800030de (0x1294a1b7) x3  0x1294a000
core   0: 0x800030e2 (0x00000001) c.nop
core   0: 3 0x800030e2 (0x0001)
core   0: 0x800030e4 (0x0000e58d) c.bnez  a1, pc + 42
core   0: 3 0x800030e4 (0xe58d)
core   0: 0x8000310e (0x00008e09) c.sub   a2, a0
core   0: 3 0x8000310e (0x8e09) x12 0xfffffcfe
core   0: 0x80003110 (0x40edac93) slti    s9, s11, 1038
core   0: 3 0x80003110 (0x40edac93) x25 0x00000000
core   0: 0x80003114 (0x0011b2b3) sltu    t0, gp, ra
core   0: 3 0x80003114 (0x0011b2b3) x5  0x00000000
core   0: 0x80003118 (0x029adf33) divu    t5, s5, s1
core   0: 3 0x80003118 (0x029adf33) x30 0x00000001
core   0: 0x8000311c (0x6db5eb13) ori     s6, a1, 1755
core   0: 3 0x8000311c (0x6db5eb13) x22 0xe0a697df
core   0: 0x80003120 (0x01605f33) srl     t5, zero, s6
core   0: 3 0x80003120 (0x01605f33) x30 0x00000000
core   0: 0x80003124 (0x01d691b3) sll     gp, a3, t4
core   0: 3 0x80003124 (0x01d691b3) x3  0x00000000
core   0: 0x80003128 (0x00009862) c.add   a6, s8
core   0: 3 0x80003128 (0x9862) x16 0x6a8aab71
core   0: 0x8000312a (0xff26cb93) xori    s7, a3, -14
core   0: 3 0x8000312a (0xff26cb93) x23 0xfffffff2
core   0: 0x8000312e (0x0131c463) blt     gp, s3, pc + 8
core   0: 3 0x8000312e (0x0131c463)
core   0: 0x80003132 (0x02ed04b3) mul     s1, s10, a4
core   0: 3 0x80003132 (0x02ed04b3) x9  0x00000000
core   0: 0x80003136 (0x16a16393) ori     t2, sp, 362
core   0: 3 0x80003136 (0x16a16393) x7  0x0000016e
core   0: 0x8000313a (0x01ac6933) or      s2, s8, s10
core   0: 3 0x8000313a (0x01ac6933) x18 0xffffedbc
core   0: 0x8000313e (0x0230dc33) divu    s8, ra, gp
core   0: 3 0x8000313e (0x0230dc33) x24 0xffffffff
core   0: 0x80003142 (0x011f41b3) xor     gp, t5, a7
core   0: 3 0x80003142 (0x011f41b3) x3  0x1f595826
core   0: 0x80003146 (0x03393133) mulhu   sp, s2, s3
core   0: 3 0x80003146 (0x03393133) x2  0x00000000
core   0: 0x8000314a (0x00ae9e63) bne     t4, a0, pc + 28
core   0: 3 0x8000314a (0x00ae9e63)
core   0: 0x80003166 (0x41db5993) srai    s3, s6, 29
core   0: 3 0x80003166 (0x41db5993) x19 0xffffffff
core   0: 0x8000316a (0x0000869d) c.srai  a3, 7
core   0: 3 0x8000316a (0x869d) x13 0x00000000
core   0: 0x8000316c (0x00ef7033) and     zero, t5, a4
core   0: 3 0x8000316c (0x00ef7033)
core   0: 0x80003170 (0x03563f33) mulhu   t5, a2, s5
core   0: 3 0x80003170 (0x03563f33) x30 0xf6ddfd19
core   0: 0x80003174 (0x000083f2) c.mv    t2, t3
core   0: 3 0x80003174 (0x83f2) x7  0x80025ea4
core   0: 0x80003176 (0x00000aba) c.slli  s5, 14
core   0: 3 0x80003176 (0x0aba) x21 0x80000000
core   0: 0x80003178 (0x000085bd) c.srai  a1, 15
core   0: 3 0x80003178 (0x85bd) x11 0xffffc14d
core   0: 0x8000317a (0x0128f2b3) and     t0, a7, s2
core   0: 3 0x8000317a (0x0128f2b3) x5  0x1f594824
core   0: 0x8000317e (0x03c51333) mulh    t1, a0, t3
core   0: 3 0x8000317e (0x03c51333) x6  0x00000000
core   0: 0x80003182 (0x0000ec19) c.bnez  s0, pc + 30
core   0: 3 0x80003182 (0xec19)
core   0: 0x800031a0 (0x00009b7d) c.andi  a4, -1
core   0: 3 0x800031a0 (0x9b7d) x14 0x00000000
core   0: 0x800031a2 (0x01b40cb3) add     s9, s0, s11
core   0: 3 0x800031a2 (0x01b40cb3) x25 0xdb21d2ba
core   0: 0x800031a6 (0x0000851d) c.srai  a0, 7
core   0: 3 0x800031a6 (0x851d) x10 0x00000000
core   0: 0x800031a8 (0x00000001) c.nop
core   0: 3 0x800031a8 (0x0001)
core   0: 0x800031aa (0x00005afd) c.li    s5, -1
core   0: 3 0x800031aa (0x5afd) x21 0xffffffff
core   0: 0x800031ac (0x00008bf2) c.mv    s7, t3
core   0: 3 0x800031ac (0x8bf2) x23 0x80025ea4
core   0: 0x800031ae (0x00008325) c.srli  a4, 9
core   0: 3 0x800031ae (0x8325) x14 0x00000000
core   0: 0x800031b0 (0x409c81b3) sub     gp, s9, s1
core   0: 3 0x800031b0 (0x409c81b3) x3  0xdb21d2ba
core   0: 0x800031b4 (0x00006ff9) c.lui   t6, 0x1e
core   0: 3 0x800031b4 (0x6ff9) x31 0x0001e000
core   0: 0x800031b6 (0xcdb97113) andi    sp, s2, -805
core   0: 3 0x800031b6 (0xcdb97113) x2  0xffffec98
core   0: 0x800031ba (0x01ecf933) and     s2, s9, t5
core   0: 3 0x800031ba (0x01ecf933) x18 0xd201d018
core   0: 0x800031be (0x000098fd) c.andi  s1, -1
core   0: 3 0x800031be (0x98fd) x9  0x00000000
core   0: 0x800031c0 (0x02c01963) bne     zero, a2, pc + 50
core   0: 3 0x800031c0 (0x02c01963)
core   0: 0x800031f2 (0x0000880e) c.mv    a6, gp
core   0: 3 0x800031f2 (0x880e) x16 0xdb21d2ba
core   0: 0x800031f4 (0x40975a13) srai    s4, a4, 9
core   0: 3 0x800031f4 (0x40975a13) x20 0x00000000
core   0: 0x800031f8 (0x0000717d) c.addi16sp sp, -16
core   0: 3 0x800031f8 (0x717d) x2  0xffffec88
core   0: 0x800031fa (0x00008d81) c.sub   a1, s0
core   0: 3 0x800031fa (0x8d81) x11 0x55583a03
core   0: 0x800031fc (0x41eb5b33) sra     s6, s6, t5
core   0: 3 0x800031fc (0x41eb5b33) x22 0xfffffff0
core   0: 0x80003200 (0x03df2b33) mulhsu  s6, t5, t4
core   0: 3 0x80003200 (0x03df2b33) x22 0xfe45428e
core   0: 0x80003204 (0x01c432b3) sltu    t0, s0, t3
core   0: 3 0x80003204 (0x01c432b3) x5  0x00000000
core   0: 0x80003208 (0x02796033) rem     zero, s2, t2
core   0: 3 0x80003208 (0x02796033)
core   0: 0x8000320c (0x00008e75) c.and   a2, a3
core   0: 3 0x8000320c (0x8e75) x12 0x00000000
core   0: 0x8000320e (0x00001498) c.addi4spn a4, sp, 608
core   0: 3 0x8000320e (0x1498) x14 0xffffeee8
core   0: 0x80003210 (0x02b7b0b3) mulhu   ra, a5, a1
core   0: 3 0x80003210 (0x02b7b0b3) x1  0x00009004
core   0: 0x80003214 (0x023c9563) bne     s9, gp, pc + 42
core   0: 3 0x80003214 (0x023c9563)
core   0: 0x80003218 (0x00008c51) c.or    s0, a2
core   0: 3 0x80003218 (0x8c51) x8  0xaaa7874a
core   0: 0x8000321a (0x40638fb3) sub     t6, t2, t1
core   0: 3 0x8000321a (0x40638fb3) x31 0x80025ea4
core   0: 0x8000321e (0x000087f9) c.srai  a5, 30
core   0: 3 0x8000321e (0x87f9) x15 0x00000000
core   0: 0x80003220 (0x0af3b297) auipc   t0, 0xaf3b
core   0: 3 0x80003220 (0x0af3b297) x5  0x8af3e220
core   0: 0x80003224 (0x00008d11) c.sub   a0, a2
core   0: 3 0x80003224 (0x8d11) x10 0x00000000
core   0: 0x80003226 (0x03c97263) bgeu    s2, t3, pc + 36
core   0: 3 0x80003226 (0x03c97263)
core   0: 0x8000324a (0x00008f7d) c.and   a4, a5
core   0: 3 0x8000324a (0x8f7d) x14 0x00000000
core   0: 0x8000324c (0x01189393) slli    t2, a7, 17
core   0: 3 0x8000324c (0x01189393) x7  0xb04c0000
core   0: 0x80003250 (0x022d9e63) bne     s11, sp, pc + 60
core   0: 3 0x80003250 (0x022d9e63)
core   0: 0x8000328c (0x000002ad) c.addi  t0, 11
core   0: 3 0x8000328c (0x02ad) x5  0x8af3e22b
core   0: 0x8000328e (0x0271cf33) div     t5, gp, t2
core   0: 3 0x8000328e (0x0271cf33) x30 0x00000000
core   0: 0x80003292 (0x00000001) c.nop
core   0: 3 0x80003292 (0x0001)
core   0: 0x80003294 (0x0000c901) c.beqz  a0, pc + 16
core   0: 3 0x80003294 (0xc901)
core   0: 0x800032a4 (0x00008c85) c.sub   s1, s1
core   0: 3 0x800032a4 (0x8c85) x9  0x00000000
core   0: 0x800032a6 (0x0000c98d) c.beqz  a1, pc + 50
core   0: 3 0x800032a6 (0xc98d)
core   0: 0x800032a8 (0x7382b513) sltiu   a0, t0, 1848
core   0: 3 0x800032a8 (0x7382b513) x10 0x00000000
core   0: 0x800032ac (0x026aa733) mulhsu  a4, s5, t1
core   0: 3 0x800032ac (0x026aa733) x14 0x00000000
core   0: 0x800032b0 (0x00008df5) c.and   a1, a3
core   0: 3 0x800032b0 (0x8df5) x11 0x00000000
core   0: 0x800032b2 (0x00880b93) addi    s7, a6, 8
core   0: 3 0x800032b2 (0x00880b93) x23 0xdb21d2c2
core   0: 0x800032b6 (0x011764b3) or      s1, a4, a7
core   0: 3 0x800032b6 (0x011764b3) x9  0x1f595826
core   0: 0x800032ba (0x000019fd) c.addi  s3, -1
core   0: 3 0x800032ba (0x19fd) x19 0xfffffffe
core   0: 0x800032bc (0x25268613) addi    a2, a3, 594
core   0: 3 0x800032bc (0x25268613) x12 0x00000252
core   0: 0x800032c0 (0x02fc7833) remu    a6, s8, a5
core   0: 3 0x800032c0 (0x02fc7833) x16 0xffffffff
core   0: 0x800032c4 (0x0161e7b3) or      a5, gp, s6
core   0: 3 0x800032c4 (0x0161e7b3) x15 0xff65d2be
core   0: 0x800032c8 (0x0000455d) c.li    a0, 23
core   0: 3 0x800032c8 (0x455d) x10 0x00000017
core   0: 0x800032ca (0x008a71b3) and     gp, s4, s0
core   0: 3 0x800032ca (0x008a71b3) x3  0x00000000
core   0: 0x800032ce (0x015e5b13) srli    s6, t3, 21
core   0: 3 0x800032ce (0x015e5b13) x22 0x00000400
core   0: 0x800032d2 (0x00000aae) c.slli  s5, 11
core   0: 3 0x800032d2 (0x0aae) x21 0xfffff800
core   0: 0x800032d4 (0xeaf4e293) ori     t0, s1, -337
core   0: 3 0x800032d4 (0xeaf4e293) x5  0xfffffeaf
core   0: 0x800032d8 (0x000089d1) c.andi  a1, 20
core   0: 3 0x800032d8 (0x89d1) x11 0x00000000
core   0: 0x800032da (0x01391713) slli    a4, s2, 19
core   0: 3 0x800032da (0x01391713) x14 0x80c00000
core   0: 0x800032de (0x0000815e) c.mv    sp, s7
core   0: 3 0x800032de (0x815e) x2  0xdb21d2c2
core   0: 0x800032e0 (0x01af3533) sltu    a0, t5, s10
core   0: 3 0x800032e0 (0x01af3533) x10 0x00000001
core   0: 0x800032e4 (0xf1bc0693) addi    a3, s8, -229
core   0: 3 0x800032e4 (0xf1bc0693) x13 0xffffff1a
core   0: 0x800032e8 (0xc231b793) sltiu   a5, gp, -989
core   0: 3 0x800032e8 (0xc231b793) x15 0x00000001
core   0: 0x800032ec (0x0000821d) c.srli  a2, 7
core   0: 3 0x800032ec (0x821d) x12 0x00000004
core   0: 0x800032ee (0x00008abd) c.andi  a3, 15
core   0: 3 0x800032ee (0x8abd) x13 0x0000000a
core   0: 0x800032f0 (0x00fdc633) xor     a2, s11, a5
core   0: 3 0x800032f0 (0x00fdc633) x12 0x307a4b71
core   0: 0x800032f4 (0x000081e9) c.srli  a1, 26
core   0: 3 0x800032f4 (0x81e9) x11 0x00000000
core   0: 0x800032f6 (0x03ae2f33) mulhsu  t5, t3, s10
core   0: 3 0x800032f6 (0x03ae2f33) x30 0x800267c5
core   0: 0x800032fa (0x00000001) c.nop
core   0: 3 0x800032fa (0x0001)
core   0: 0x800032fc (0x028ad963) bge     s5, s0, pc + 50
core   0: 3 0x800032fc (0x028ad963)
core   0: 0x8000332e (0x007f3a33) sltu    s4, t5, t2
core   0: 3 0x8000332e (0x007f3a33) x20 0x00000001
core   0: 0x80003332 (0x00004191) c.li    gp, 4
core   0: 3 0x80003332 (0x4191) x3  0x00000004
core   0: 0x80003334 (0x0000c51d) c.beqz  a0, pc + 46
core   0: 3 0x80003334 (0xc51d)
core   0: 0x80003336 (0x00008e89) c.sub   a3, a0
core   0: 3 0x80003336 (0x8e89) x13 0x00000009
core   0: 0x80003338 (0x00008155) c.srli  a0, 21
core   0: 3 0x80003338 (0x8155) x10 0x00000000
core   0: 0x8000333a (0x01beb733) sltu    a4, t4, s11
core   0: 3 0x8000333a (0x01beb733) x14 0x00000000
core   0: 0x8000333e (0x0055a333) slt     t1, a1, t0
core   0: 3 0x8000333e (0x0055a333) x6  0x00000000
core   0: 0x80003342 (0x00000001) c.nop
core   0: 3 0x80003342 (0x0001)
core   0: 0x80003344 (0x0000e121) c.bnez  a0, pc + 64
core   0: 3 0x80003344 (0xe121)
core   0: 0x80003346 (0x01713633) sltu    a2, sp, s7
core   0: 3 0x80003346 (0x01713633) x12 0x00000000
core   0: 0x8000334a (0x000083f2) c.mv    t2, t3
core   0: 3 0x8000334a (0x83f2) x7  0x80025ea4
core   0: 0x8000334c (0x03d5a633) mulhsu  a2, a1, t4
core   0: 3 0x8000334c (0x03d5a633) x12 0x00000000
core   0: 0x80003350 (0x0065f963) bgeu    a1, t1, pc + 18
core   0: 3 0x80003350 (0x0065f963)
core   0: 0x80003362 (0x00008e75) c.and   a2, a3
core   0: 3 0x80003362 (0x8e75) x12 0x00000000
core   0: 0x80003364 (0x000042b5) c.li    t0, 13
core   0: 3 0x80003364 (0x42b5) x5  0x0000000d
core   0: 0x80003366 (0x41245fb3) sra     t6, s0, s2
core   0: 3 0x80003366 (0x41245fb3) x31 0xffffffaa
core   0: 0x8000336a (0x00000001) c.nop
core   0: 3 0x8000336a (0x0001)
core   0: 0x8000336c (0x41070a33) sub     s4, a4, a6
core   0: 3 0x8000336c (0x41070a33) x20 0x00000001
core   0: 0x80003370 (0x0000117d) c.addi  sp, -1
core   0: 3 0x80003370 (0x117d) x2  0xdb21d2c1
core   0: 0x80003372 (0x014205b3) add     a1, tp, s4
core   0: 3 0x80003372 (0x014205b3) x11 0x80029d25
core   0: 0x80003376 (0x00755b63) bge     a0, t2, pc + 22
core   0: 3 0x80003376 (0x00755b63)
core   0: 0x8000338c (0x0173bab3) sltu    s5, t2, s7
core   0: 3 0x8000338c (0x0173bab3) x21 0x00000001
core   0: 0x80003390 (0x009ad293) srli    t0, s5, 9
core   0: 3 0x80003390 (0x009ad293) x5  0x00000000
core   0: 0x80003394 (0x9186b793) sltiu   a5, a3, -1768
core   0: 3 0x80003394 (0x9186b793) x15 0x00000001
core   0: 0x80003398 (0x00cc68b3) or      a7, s8, a2
core   0: 3 0x80003398 (0x00cc68b3) x17 0xffffffff
core   0: 0x8000339c (0x00000a52) c.slli  s4, 20
core   0: 3 0x8000339c (0x0a52) x20 0x00100000
core   0: 0x8000339e (0x00008c15) c.sub   s0, a3
core   0: 3 0x8000339e (0x8c15) x8  0xaaa78741
core   0: 0x800033a0 (0x021dd733) divu    a4, s11, ra
core   0: 3 0x800033a0 (0x021dd733) x14 0x0000562c
core   0: 0x800033a4 (0x2bc36a13) ori     s4, t1, 700
core   0: 3 0x800033a4 (0x2bc36a13) x20 0x000002bc
core   0: 0x800033a8 (0x035231b3) mulhu   gp, tp, s5
core   0: 3 0x800033a8 (0x035231b3) x3  0x00000000
core   0: 0x800033ac (0xdc2d7713) andi    a4, s10, -574
core   0: 3 0x800033ac (0xdc2d7713) x14 0xffffed80
core   0: 0x800033b0 (0xc94ab813) sltiu   a6, s5, -876
core   0: 3 0x800033b0 (0xc94ab813) x16 0x00000001
core   0: 0x800033b4 (0x00009bfd) c.andi  a5, -1
core   0: 3 0x800033b4 (0x9bfd) x15 0x00000001
core   0: 0x800033b6 (0x012e1633) sll     a2, t3, s2
core   0: 3 0x800033b6 (0x012e1633) x12 0xa4000000
core   0: 0x800033ba (0x02802933) mulhsu  s2, zero, s0
core   0: 3 0x800033ba (0x02802933) x18 0x00000000
core   0: 0x800033be (0x02c7e9b3) rem     s3, a5, a2
core   0: 3 0x800033be (0x02c7e9b3) x19 0x00000001
core   0: 0x800033c2 (0x011bcb63) blt     s7, a7, pc + 22
core   0: 3 0x800033c2 (0x011bcb63)
core   0: 0x800033d8 (0x017c9293) slli    t0, s9, 23
core   0: 3 0x800033d8 (0x017c9293) x5  0x5d000000
core   0: 0x800033dc (0x02a1ccb3) div     s9, gp, a0
core   0: 3 0x800033dc (0x02a1ccb3) x25 0xffffffff
core   0: 0x800033e0 (0x00008589) c.srai  a1, 2
core   0: 3 0x800033e0 (0x8589) x11 0xe000a749
core   0: 0x800033e2 (0x023c4463) blt     s8, gp, pc + 40
core   0: 3 0x800033e2 (0x023c4463)
core   0: 0x8000340a (0x0373e333) rem     t1, t2, s7
core   0: 3 0x8000340a (0x0373e333) x6  0xee9ce65e
core   0: 0x8000340e (0x0000837e) c.mv    t1, t6
core   0: 3 0x8000340e (0x837e) x6  0xffffffaa
core   0: 0x80003410 (0x78418617) auipc   a2, 0x78418
core   0: 3 0x80003410 (0x78418617) x12 0xf841b410
core   0: 0x80003414 (0x00008f45) c.or    a4, s1
core   0: 3 0x80003414 (0x8f45) x14 0xfffffda6
core   0: 0x80003416 (0x032887b3) mul     a5, a7, s2
core   0: 3 0x80003416 (0x032887b3) x15 0x00000000
core   0: 0x8000341a (0x00008c09) c.sub   s0, a0
core   0: 3 0x8000341a (0x8c09) x8  0xaaa78741
core   0: 0x8000341c (0x00006321) c.lui   t1, 0x8
core   0: 3 0x8000341c (0x6321) x6  0x00008000
core   0: 0x8000341e (0x018748b3) xor     a7, a4, s8
core   0: 3 0x8000341e (0x018748b3) x17 0x00000259
core   0: 0x80003422 (0x00b90863) beq     s2, a1, pc + 16
core   0: 3 0x80003422 (0x00b90863)
core   0: 0x80003426 (0x00008771) c.srai  a4, 28
core   0: 3 0x80003426 (0x8771) x14 0xffffffff
core   0: 0x80003428 (0x00008559) c.srai  a0, 22
core   0: 3 0x80003428 (0x8559) x10 0x00000000
core   0: 0x8000342a (0x00000001) c.nop
core   0: 3 0x8000342a (0x0001)
core   0: 0x8000342c (0x0000717d) c.addi16sp sp, -16
core   0: 3 0x8000342c (0x717d) x2  0xdb21d2b1
core   0: 0x8000342e (0x6bf9f913) andi    s2, s3, 1727
core   0: 3 0x8000342e (0x6bf9f913) x18 0x00000001
core   0: 0x80003432 (0x01991793) slli    a5, s2, 25
core   0: 3 0x80003432 (0x01991793) x15 0x02000000
core   0: 0x80003436 (0x02cbf463) bgeu    s7, a2, pc + 40
core   0: 3 0x80003436 (0x02cbf463)
core   0: 0x8000343a (0x113fc413) xori    s0, t6, 275
core   0: 3 0x8000343a (0x113fc413) x8  0xfffffeb9
core   0: 0x8000343e (0x0360d9b3) divu    s3, ra, s6
core   0: 3 0x8000343e (0x0360d9b3) x19 0x00000024
core   0: 0x80003442 (0x01448263) beq     s1, s4, pc + 4
core   0: 3 0x80003442 (0x01448263)
core   0: 0x80003446 (0x034ce663) bltu    s9, s4, pc + 44
core   0: 3 0x80003446 (0x034ce663)
core   0: 0x8000344a (0x00000001) c.nop
core   0: 3 0x8000344a (0x0001)
core   0: 0x8000344c (0x02f30933) mul     s2, t1, a5
core   0: 3 0x8000344c (0x02f30933) x18 0x00000000
core   0: 0x80003450 (0x00bd1933) sll     s2, s10, a1
core   0: 3 0x80003450 (0x00bd1933) x18 0xffdb7800
core   0: 0x80003454 (0x000094fa) c.add   s1, t5
core   0: 3 0x80003454 (0x94fa) x9  0x9f5bbfeb
core   0: 0x80003456 (0x00000001) c.nop
core   0: 3 0x80003456 (0x0001)
core   0: 0x80003458 (0x40ad0633) sub     a2, s10, a0
core   0: 3 0x80003458 (0x40ad0633) x12 0xffffedbc
core   0: 0x8000345c (0x000004f2) c.slli  s1, 28
core   0: 3 0x8000345c (0x04f2) x9  0xb0000000
core   0: 0x8000345e (0x00008f99) c.sub   a5, a4
core   0: 3 0x8000345e (0x8f99) x15 0x02000001
core   0: 0x80003460 (0x00e7d963) bge     a5, a4, pc + 18
core   0: 3 0x80003460 (0x00e7d963)
core   0: 0x80003472 (0x3ff53a93) sltiu   s5, a0, 1023
core   0: 3 0x80003472 (0x3ff53a93) x21 0x00000001
core   0: 0x80003476 (0x0133d0b3) srl     ra, t2, s3
core   0: 3 0x80003476 (0x0133d0b3) x1  0x080025ea
core   0: 0x8000347a (0x02fda433) mulhsu  s0, s11, a5
core   0: 3 0x8000347a (0x02fda433) x8  0x0060f497
core   0: 0x8000347e (0x00535463) bge     t1, t0, pc + 8
core   0: 3 0x8000347e (0x00535463)
core   0: 0x80003482 (0x01209593) slli    a1, ra, 18
core   0: 3 0x80003482 (0x01209593) x11 0x97a80000
core   0: 0x80003486 (0x0000717d) c.addi16sp sp, -16
core   0: 3 0x80003486 (0x717d) x2  0xdb21d2a1
core   0: 0x80003488 (0x00b757b3) srl     a5, a4, a1
core   0: 3 0x80003488 (0x00b757b3) x15 0xffffffff
core   0: 0x8000348c (0x41205513) srai    a0, zero, 18
core   0: 3 0x8000348c (0x41205513) x10 0x00000000
core   0: 0x80003490 (0x0000717d) c.addi16sp sp, -16
core   0: 3 0x80003490 (0x717d) x2  0xdb21d291
core   0: 0x80003492 (0x8547fc13) andi    s8, a5, -1964
core   0: 3 0x80003492 (0x8547fc13) x24 0xfffff854
core   0: 0x80003496 (0x01692bb3) slt     s7, s2, s6
core   0: 3 0x80003496 (0x01692bb3) x23 0x00000001
core   0: 0x8000349a (0x022fc363) blt     t6, sp, pc + 38
core   0: 3 0x8000349a (0x022fc363)
core   0: 0x8000349e (0x00008b79) c.andi  a4, 30
core   0: 3 0x8000349e (0x8b79) x14 0x0000001e
core   0: 0x800034a0 (0x00008a6d) c.andi  a2, 27
core   0: 3 0x800034a0 (0x8a6d) x12 0x00000018
core   0: 0x800034a2 (0x00ced893) srli    a7, t4, 12
core   0: 3 0x800034a2 (0x00ced893) x17 0x000307a4
core   0: 0x800034a6 (0xbf397f93) andi    t6, s2, -1037
core   0: 3 0x800034a6 (0xbf397f93) x31 0xffdb7800
core   0: 0x800034aa (0x00009a0a) c.add   s4, sp
core   0: 3 0x800034aa (0x9a0a) x20 0xdb21d54d
core   0: 0x800034ac (0x026785b3) mul     a1, a5, t1
core   0: 3 0x800034ac (0x026785b3) x11 0xffff8000
core   0: 0x800034b0 (0x6a8ba193) slti    gp, s7, 1704
core   0: 3 0x800034b0 (0x6a8ba193) x3  0x00000001
core   0: 0x800034b4 (0x011add13) srli    s10, s5, 17
core   0: 3 0x800034b4 (0x011add13) x26 0x00000000
core   0: 0x800034b8 (0x039c95b3) mulh    a1, s9, s9
core   0: 3 0x800034b8 (0x039c95b3) x11 0x00000000
core   0: 0x800034bc (0x0030ecb3) or      s9, ra, gp
core   0: 3 0x800034bc (0x0030ecb3) x25 0x080025eb
core   0: 0x800034c0 (0x020f09b3) mul     s3, t5, zero
core   0: 3 0x800034c0 (0x020f09b3) x19 0x00000000
core   0: 0x800034c4 (0x0188c733) xor     a4, a7, s8
core   0: 3 0x800034c4 (0x0188c733) x14 0xfffcfff0
core   0: 0x800034c8 (0x000087f9) c.srai  a5, 30
core   0: 3 0x800034c8 (0x87f9) x15 0xffffffff
core   0: 0x800034ca (0x00008545) c.srai  a0, 17
core   0: 3 0x800034ca (0x8545) x10 0x00000000
core   0: 0x800034cc (0x3d22aa13) slti    s4, t0, 978
core   0: 3 0x800034cc (0x3d22aa13) x20 0x00000000
core   0: 0x800034d0 (0x6c218c93) addi    s9, gp, 1730
core   0: 3 0x800034d0 (0x6c218c93) x25 0x000006c3
core   0: 0x800034d4 (0x1f7926b7) lui     a3, 0x1f792
core   0: 3 0x800034d4 (0x1f7926b7) x13 0x1f792000
core   0: 0x800034d8 (0x038f0fb3) mul     t6, t5, s8
core   0: 3 0x800034d8 (0x038f0fb3) x31 0xed8be4a4
core   0: 0x800034dc (0x00006161) c.addi16sp sp, 80
core   0: 3 0x800034dc (0x6161) x2  0xdb21d2e1
core   0: 0x800034de (0x00008659) c.srai  a2, 22
core   0: 3 0x800034de (0x8659) x12 0x00000000
core   0: 0x800034e0 (0x00008f76) c.mv    t5, t4
core   0: 3 0x800034e0 (0x8f76) x30 0x307a4b70
core   0: 0x800034e2 (0x0111a933) slt     s2, gp, a7
core   0: 3 0x800034e2 (0x0111a933) x18 0x00000001
core   0: 0x800034e6 (0x000084e9) c.srai  s1, 26
core   0: 3 0x800034e6 (0x84e9) x9  0xffffffec
core   0: 0x800034e8 (0x01aa0963) beq     s4, s10, pc + 18
core   0: 3 0x800034e8 (0x01aa0963)
core   0: 0x800034fa (0x413502b3) sub     t0, a0, s3
core   0: 3 0x800034fa (0x413502b3) x5  0x00000000
core   0: 0x800034fe (0x015e5813) srli    a6, t3, 21
core   0: 3 0x800034fe (0x015e5813) x16 0x00000400
core   0: 0x80003502 (0x02402b33) mulhsu  s6, zero, tp
core   0: 3 0x80003502 (0x02402b33) x22 0x00000000
core   0: 0x80003506 (0x00000001) c.nop
core   0: 3 0x80003506 (0x0001)
core   0: 0x80003508 (0x00000d04) c.addi4spn s1, sp, 656
core   0: 3 0x80003508 (0x0d04) x9  0xdb21d571
core   0: 0x8000350a (0x00128933) add     s2, t0, ra
core   0: 3 0x8000350a (0x00128933) x18 0x080025ea
core   0: 0x8000350e (0x0252f433) remu    s0, t0, t0
core   0: 3 0x8000350e (0x0252f433) x8  0x00000000
core   0: 0x80003512 (0x00526a63) bltu    tp, t0, pc + 20
core   0: 3 0x80003512 (0x00526a63)
core   0: 0x80003516 (0x00025393) srli    t2, tp, 0
core   0: 3 0x80003516 (0x00025393) x7  0x80029d24
core   0: 0x8000351a (0x00386333) or      t1, a6, gp
core   0: 3 0x8000351a (0x00386333) x6  0x00000401
core   0: 0x8000351e (0x00752133) slt     sp, a0, t2
core   0: 3 0x8000351e (0x00752133) x2  0x00000000
core   0: 0x80003522 (0x00000c56) c.slli  s8, 21
core   0: 3 0x80003522 (0x0c56) x24 0x0a800000
core   0: 0x80003524 (0x00009a7d) c.andi  a2, -1
core   0: 3 0x80003524 (0x9a7d) x12 0x00000000
core   0: 0x80003526 (0x00000e88) c.addi4spn a0, sp, 848
core   0: 3 0x80003526 (0x0e88) x10 0x00000350
core   0: 0x80003528 (0x00008e65) c.and   a2, s1
core   0: 3 0x80003528 (0x8e65) x12 0x00000000
core   0: 0x8000352a (0x03cc0863) beq     s8, t3, pc + 48
core   0: 3 0x8000352a (0x03cc0863)
core   0: 0x8000352e (0x010fdf63) bge     t6, a6, pc + 30
core   0: 3 0x8000352e (0x010fdf63)
core   0: 0x80003532 (0x0000e099) c.bnez  s1, pc + 6
core   0: 3 0x80003532 (0xe099)
core   0: 0x80003538 (0x00008d3d) c.xor   a0, a5
core   0: 3 0x80003538 (0x8d3d) x10 0xfffffcaf
core   0: 0x8000353a (0x0000717d) c.addi16sp sp, -16
core   0: 3 0x8000353a (0x717d) x2  0xfffffff0
core   0: 0x8000353c (0x03b56c33) rem     s8, a0, s11
core   0: 3 0x8000353c (0x03b56c33) x24 0xfffffcaf
core   0: 0x80003540 (0x032dcbb3) div     s7, s11, s2
core   0: 3 0x80003540 (0x032dcbb3) x23 0x00000006
core   0: 0x80003544 (0x41ed0633) sub     a2, s10, t5
core   0: 3 0x80003544 (0x41ed0633) x12 0xcf85b490
core   0: 0x80003548 (0x00a35833) srl     a6, t1, a0
core   0: 3 0x80003548 (0x00a35833) x16 0x00000000
core   0: 0x8000354c (0x033ee763) bltu    t4, s3, pc + 46
core   0: 3 0x8000354c (0x033ee763)
core   0: 0x80003550 (0x4f14bc93) sltiu   s9, s1, 1265
core   0: 3 0x80003550 (0x4f14bc93) x25 0x00000000
core   0: 0x80003554 (0x00000aa6) c.slli  s5, 9
core   0: 3 0x80003554 (0x0aa6) x21 0x00000200
core   0: 0x80003556 (0xe043e393) ori     t2, t2, -508
core   0: 3 0x80003556 (0xe043e393) x7  0xffffff24
core   0: 0x8000355a (0x41395bb3) sra     s7, s2, s3
core   0: 3 0x8000355a (0x41395bb3) x23 0x080025ea
core   0: 0x8000355e (0x038d6f33) rem     t5, s10, s8
core   0: 3 0x8000355e (0x038d6f33) x30 0x00000000
core   0: 0x80003562 (0x000085b5) c.srai  a1, 13
core   0: 3 0x80003562 (0x85b5) x11 0x00000000
core   0: 0x80003564 (0x00008b8d) c.andi  a5, 3
core   0: 3 0x80003564 (0x8b8d) x15 0x00000003
core   0: 0x80003566 (0x0fe57f13) andi    t5, a0, 254
core   0: 3 0x80003566 (0x0fe57f13) x30 0x000000ae
core   0: 0x8000356a (0x029be563) bltu    s7, s1, pc + 42
core   0: 3 0x8000356a (0x029be563)
core   0: 0x80003594 (0x41cedc33) sra     s8, t4, t3
core   0: 3 0x80003594 (0x41cedc33) x24 0x0307a4b7
core   0: 0x80003598 (0x02b00663) beq     zero, a1, pc + 44
core   0: 3 0x80003598 (0x02b00663)
core   0: 0x800035c4 (0x00008769) c.srai  a4, 26
core   0: 3 0x800035c4 (0x8769) x14 0xffffffff
core   0: 0x800035c6 (0x0289c863) blt     s3, s0, pc + 48
core   0: 3 0x800035c6 (0x0289c863)
core   0: 0x800035ca (0x029359b3) divu    s3, t1, s1
core   0: 3 0x800035ca (0x029359b3) x19 0x00000000
core   0: 0x800035ce (0xfddce893) ori     a7, s9, -35
core   0: 3 0x800035ce (0xfddce893) x17 0xffffffdd
core   0: 0x800035d2 (0x031ff333) remu    t1, t6, a7
core   0: 3 0x800035d2 (0x031ff333) x6  0xed8be4a4
core   0: 0x800035d6 (0x03e81b33) mulh    s6, a6, t5
core   0: 3 0x800035d6 (0x03e81b33) x22 0x00000000
core   0: 0x800035da (0x00008f31) c.xor   a4, a2
core   0: 3 0x800035da (0x8f31) x14 0x307a4b6f
core   0: 0x800035dc (0x01cb2d33) slt     s10, s6, t3
core   0: 3 0x800035dc (0x01cb2d33) x26 0x00000000
core   0: 0x800035e0 (0x03f22033) mulhsu  zero, tp, t6
core   0: 3 0x800035e0 (0x03f22033)
core   0: 0x800035e4 (0x4153d633) sra     a2, t2, s5
core   0: 3 0x800035e4 (0x4153d633) x12 0xffffff24
core   0: 0x800035e8 (0x00008c59) c.or    s0, a4
core   0: 3 0x800035e8 (0x8c59) x8  0x307a4b6f
core   0: 0x800035ea (0x00008811) c.andi  s0, 4
core   0: 3 0x800035ea (0x8811) x8  0x00000004
core   0: 0x800035ec (0x01b5e2b3) or      t0, a1, s11
core   0: 3 0x800035ec (0x01b5e2b3) x5  0x307a4b70
core   0: 0x800035f0 (0xd1263013) sltiu   zero, a2, -750
core   0: 3 0x800035f0 (0xd1263013)
core   0: 0x800035f4 (0x0000537d) c.li    t1, -1
core   0: 3 0x800035f4 (0x537d) x6  0xffffffff
core   0: 0x800035f6 (0x01b0d793) srli    a5, ra, 27
core   0: 3 0x800035f6 (0x01b0d793) x15 0x00000001
core   0: 0x800035fa (0x00008ae6) c.mv    s5, s9
core   0: 3 0x800035fa (0x8ae6) x21 0x00000000
core   0: 0x800035fc (0x02e76b33) rem     s6, a4, a4
core   0: 3 0x800035fc (0x02e76b33) x22 0x00000000
core   0: 0x80003600 (0x85208097) auipc   ra, 0x85208
core   0: 3 0x80003600 (0x85208097) x1  0x0520b600
core   0: 0x80003604 (0x7d81ca13) xori    s4, gp, 2008
core   0: 3 0x80003604 (0x7d81ca13) x20 0x000007d9
core   0: 0x80003608 (0x03f7d033) divu    zero, a5, t6
core   0: 3 0x80003608 (0x03f7d033)
core   0: 0x8000360c (0x8f3caf13) slti    t5, s9, -1805
core   0: 3 0x8000360c (0x8f3caf13) x30 0x00000000
core   0: 0x80003610 (0x00008d79) c.and   a0, a4
core   0: 3 0x80003610 (0x8d79) x10 0x307a482f
core   0: 0x80003612 (0x000082a6) c.mv    t0, s1
core   0: 3 0x80003612 (0x82a6) x5  0xdb21d571
core   0: 0x80003614 (0x000098fd) c.andi  s1, -1
core   0: 3 0x80003614 (0x98fd) x9  0xdb21d571
core   0: 0x80003616 (0x015732b3) sltu    t0, a4, s5
core   0: 3 0x80003616 (0x015732b3) x5  0x00000000
core   0: 0x8000361a (0x0000717d) c.addi16sp sp, -16
core   0: 3 0x8000361a (0x717d) x2  0xffffffe0
core   0: 0x8000361c (0x62b1e517) auipc   a0, 0x62b1e
core   0: 3 0x8000361c (0x62b1e517) x10 0xe2b2161c
core   0: 0x80003620 (0xd4036413) ori     s0, t1, -704
core   0: 3 0x80003620 (0xd4036413) x8  0xffffffff
core   0: 0x80003624 (0x01bcda33) srl     s4, s9, s11
core   0: 3 0x80003624 (0x01bcda33) x20 0x00000000
core   0: 0x80003628 (0x0000cc81) c.beqz  s1, pc + 24
core   0: 3 0x80003628 (0xcc81)
core   0: 0x8000362a (0x0347d333) divu    t1, a5, s4
core   0: 3 0x8000362a (0x0347d333) x6  0xffffffff
core   0: 0x8000362e (0x84542313) slti    t1, s0, -1979
core   0: 3 0x8000362e (0x84542313) x6  0x00000000
core   0: 0x80003632 (0x00008c21) c.xor   s0, s0
core   0: 3 0x80003632 (0x8c21) x8  0x00000000
core   0: 0x80003634 (0x00006151) c.addi16sp sp, 272
core   0: 3 0x80003634 (0x6151) x2  0x000000f0
core   0: 0x80003636 (0x00f9d393) srli    t2, s3, 15
core   0: 3 0x80003636 (0x00f9d393) x7  0x00000000
core   0: 0x8000363a (0x35b73c93) sltiu   s9, a4, 859
core   0: 3 0x8000363a (0x35b73c93) x25 0x00000000
core   0: 0x8000363e (0x00000001) c.nop
core   0: 3 0x8000363e (0x0001)
core   0: 0x80003640 (0x4be86613) ori     a2, a6, 1214
core   0: 3 0x80003640 (0x4be86613) x12 0x000004be
core   0: 0x80003644 (0x0000e209) c.bnez  a2, pc + 2
core   0: 3 0x80003644 (0xe209)
core   0: 0x80003646 (0x000002d6) c.slli  t0, 21
core   0: 3 0x80003646 (0x02d6) x5  0x00000000
core   0: 0x80003648 (0x00008ead) c.xor   a3, a1
core   0: 3 0x80003648 (0x8ead) x13 0x1f792000
core   0: 0x8000364a (0x0167d993) srli    s3, a5, 22
core   0: 3 0x8000364a (0x0167d993) x19 0x00000000
core   0: 0x8000364e (0x00006111) c.addi16sp sp, 256
core   0: 3 0x8000364e (0x6111) x2  0x000001f0
core   0: 0x80003650 (0x008d5493) srli    s1, s10, 8
core   0: 3 0x80003650 (0x008d5493) x9  0x00000000
core   0: 0x80003654 (0x025aec33) rem     s8, s5, t0
core   0: 3 0x80003654 (0x025aec33) x24 0x00000000
core   0: 0x80003658 (0x58af3513) sltiu   a0, t5, 1418
core   0: 3 0x80003658 (0x58af3513) x10 0x00000001
core   0: 0x8000365c (0x02ea8763) beq     s5, a4, pc + 46
core   0: 3 0x8000365c (0x02ea8763)
core   0: 0x80003660 (0x0162ec33) or      s8, t0, s6
core   0: 3 0x80003660 (0x0162ec33) x24 0x00000000
core   0: 0x80003664 (0x03b7b3b3) mulhu   t2, a5, s11
core   0: 3 0x80003664 (0x03b7b3b3) x7  0x00000000
core   0: 0x80003668 (0x003ce263) bltu    s9, gp, pc + 4
core   0: 3 0x80003668 (0x003ce263)
core   0: 0x8000366c (0x000083dd) c.srli  a5, 23
core   0: 3 0x8000366c (0x83dd) x15 0x00000000
core   0: 0x8000366e (0x03d7a433) mulhsu  s0, a5, t4
core   0: 3 0x8000366e (0x03d7a433) x8  0x00000000
core   0: 0x80003672 (0x038aac33) mulhsu  s8, s5, s8
core   0: 3 0x80003672 (0x038aac33) x24 0x00000000
core   0: 0x80003676 (0x03516ab3) rem     s5, sp, s5
core   0: 3 0x80003676 (0x03516ab3) x21 0x000001f0
core   0: 0x8000367a (0x02285563) bge     a6, sp, pc + 42
core   0: 3 0x8000367a (0x02285563)
core   0: 0x8000367e (0x00006841) c.lui   a6, 0x10
core   0: 3 0x8000367e (0x6841) x16 0x00010000
core   0: 0x80003680 (0x0000c185) c.beqz  a1, pc + 32
core   0: 3 0x80003680 (0xc185)
core   0: 0x800036a0 (0x02aab633) mulhu   a2, s5, a0
core   0: 3 0x800036a0 (0x02aab633) x12 0x00000000
core   0: 0x800036a4 (0xe323ac13) slti    s8, t2, -462
core   0: 3 0x800036a4 (0xe323ac13) x24 0x00000000
core   0: 0x800036a8 (0x03395ab3) divu    s5, s2, s3
core   0: 3 0x800036a8 (0x03395ab3) x21 0xffffffff
core   0: 0x800036ac (0x00a2c733) xor     a4, t0, a0
core   0: 3 0x800036ac (0x00a2c733) x14 0x00000001
core   0: 0x800036b0 (0x01f926b3) slt     a3, s2, t6
core   0: 3 0x800036b0 (0x01f926b3) x13 0x00000000
core   0: 0x800036b4 (0x02155433) divu    s0, a0, ra
core   0: 3 0x800036b4 (0x02155433) x8  0x00000000
core   0: 0x800036b8 (0x02c01433) mulh    s0, zero, a2
core   0: 3 0x800036b8 (0x02c01433) x8  0x00000000
core   0: 0x800036bc (0x403e5db3) sra     s11, t3, gp
core   0: 3 0x800036bc (0x403e5db3) x27 0xc0012f52
core   0: 0x800036c0 (0x00009bfd) c.andi  a5, -1
core   0: 3 0x800036c0 (0x9bfd) x15 0x00000000
core   0: 0x800036c2 (0x02d90363) beq     s2, a3, pc + 38
core   0: 3 0x800036c2 (0x02d90363)
core   0: 0x800036c6 (0x0000717d) c.addi16sp sp, -16
core   0: 3 0x800036c6 (0x717d) x2  0x000001e0
core   0: 0x800036c8 (0x3caeb613) sltiu   a2, t4, 970
core   0: 3 0x800036c8 (0x3caeb613) x12 0x00000000
core   0: 0x800036cc (0x03a67463) bgeu    a2, s10, pc + 40
core   0: 3 0x800036cc (0x03a67463)
core   0: 0x800036f4 (0x03206ab3) rem     s5, zero, s2
core   0: 3 0x800036f4 (0x03206ab3) x21 0x00000000
core   0: 0x800036f8 (0x0033e2b3) or      t0, t2, gp
core   0: 3 0x800036f8 (0x0033e2b3) x5  0x00000001
core   0: 0x800036fc (0x44c8e293) ori     t0, a7, 1100
core   0: 3 0x800036fc (0x44c8e293) x5  0xffffffdd
core   0: 0x80003700 (0x00004f1d) c.li    t5, 7
core   0: 3 0x80003700 (0x4f1d) x30 0x00000007
core   0: 0x80003702 (0x0000cb15) c.beqz  a4, pc + 52
core   0: 3 0x80003702 (0xcb15)
core   0: 0x80003704 (0x00000001) c.nop
core   0: 3 0x80003704 (0x0001)
core   0: 0x80003706 (0x5bcdf717) auipc   a4, 0x5bcdf
core   0: 3 0x80003706 (0x5bcdf717) x14 0xdbce2706
core   0: 0x8000370a (0x03fb4833) div     a6, s6, t6
core   0: 3 0x8000370a (0x03fb4833) x16 0x00000000
core   0: 0x8000370e (0x002b6a63) bltu    s6, sp, pc + 20
core   0: 3 0x8000370e (0x002b6a63)
core   0: 0x80003722 (0x02681163) bne     a6, t1, pc + 34
core   0: 3 0x80003722 (0x02681163)
core   0: 0x80003726 (0xbbca3893) sltiu   a7, s4, -1092
core   0: 3 0x80003726 (0xbbca3893) x17 0x00000001
core   0: 0x8000372a (0x01e374b3) and     s1, t1, t5
core   0: 3 0x8000372a (0x01e374b3) x9  0x00000000
core   0: 0x8000372e (0x0355cab3) div     s5, a1, s5
core   0: 3 0x8000372e (0x0355cab3) x21 0xffffffff
core   0: 0x80003732 (0x00ab0133) add     sp, s6, a0
core   0: 3 0x80003732 (0x00ab0133) x2  0x00000001
core   0: 0x80003736 (0x00008c36) c.mv    s8, a3
core   0: 3 0x80003736 (0x8c36) x24 0x00000000
core   0: 0x80003738 (0x02141863) bne     s0, ra, pc + 48
core   0: 3 0x80003738 (0x02141863)
core   0: 0x80003768 (0x00008edd) c.or    a3, a5
core   0: 3 0x80003768 (0x8edd) x13 0x00000000
core   0: 0x8000376a (0x41d15713) srai    a4, sp, 29
core   0: 3 0x8000376a (0x41d15713) x14 0x00000000
core   0: 0x8000376e (0x029b8db3) mul     s11, s7, s1
core   0: 3 0x8000376e (0x029b8db3) x27 0x00000000
core   0: 0x80003772 (0x0000049c) c.addi4spn a5, sp, 576
core   0: 3 0x80003772 (0x049c) x15 0x00000241
core   0: 0x80003774 (0x0000717d) c.addi16sp sp, -16
core   0: 3 0x80003774 (0x717d) x2  0xfffffff1
core   0: 0x80003776 (0xe8bf8d93) addi    s11, t6, -373
core   0: 3 0x80003776 (0xe8bf8d93) x27 0xed8be32f
core   0: 0x8000377a (0x03e8a2b3) mulhsu  t0, a7, t5
core   0: 3 0x8000377a (0x03e8a2b3) x5  0x00000000
core   0: 0x8000377e (0x00000829) c.addi  a6, 10
core   0: 3 0x8000377e (0x0829) x16 0x0000000a
core   0: 0x80003780 (0x025bca63) blt     s7, t0, pc + 52
core   0: 3 0x80003780 (0x025bca63)
core   0: 0x80003784 (0x012a8c33) add     s8, s5, s2
core   0: 3 0x80003784 (0x012a8c33) x24 0x080025e9
core   0: 0x80003788 (0x40200c33) sub     s8, zero, sp
core   0: 3 0x80003788 (0x40200c33) x24 0x0000000f
core   0: 0x8000378c (0x01fc5c93) srli    s9, s8, 31
core   0: 3 0x8000378c (0x01fc5c93) x25 0x00000000
core   0: 0x80003790 (0x00008c51) c.or    s0, a2
core   0: 3 0x80003790 (0x8c51) x8  0x00000000
core   0: 0x80003792 (0x40f3df13) srai    t5, t2, 15
core   0: 3 0x80003792 (0x40f3df13) x30 0x00000000
core   0: 0x80003796 (0x012ed493) srli    s1, t4, 18
core   0: 3 0x80003796 (0x012ed493) x9  0x00000c1e
core   0: 0x8000379a (0x00000001) c.nop
core   0: 3 0x8000379a (0x0001)
core   0: 0x8000379c (0x0000665d) c.lui   a2, 0x17
core   0: 3 0x8000379c (0x665d) x12 0x00017000
core   0: 0x8000379e (0x015c1993) slli    s3, s8, 21
core   0: 3 0x8000379e (0x015c1993) x19 0x01e00000
core   0: 0x800037a2 (0x00008f19) c.sub   a4, a4
core   0: 3 0x800037a2 (0x8f19) x14 0x00000000
core   0: 0x800037a4 (0x000067cd) c.lui   a5, 0x13
core   0: 3 0x800037a4 (0x67cd) x15 0x00013000
core   0: 0x800037a6 (0x032ead33) mulhsu  s10, t4, s2
core   0: 3 0x800037a6 (0x032ead33) x26 0x0183d989
core   0: 0x800037aa (0x00d87433) and     s0, a6, a3
core   0: 3 0x800037aa (0x00d87433) x8  0x00000000
core   0: 0x800037ae (0x40b55f33) sra     t5, a0, a1
core   0: 3 0x800037ae (0x40b55f33) x30 0x00000001
core   0: 0x800037b2 (0x00008621) c.srai  a2, 8
core   0: 3 0x800037b2 (0x8621) x12 0x00000170
core   0: 0x800037b4 (0x005f5a13) srli    s4, t5, 5
core   0: 3 0x800037b4 (0x005f5a13) x20 0x00000000
core   0: 0x800037b8 (0x0004b4b3) sltu    s1, s1, zero
core   0: 3 0x800037b8 (0x0004b4b3) x9  0x00000000
core   0: 0x800037bc (0xab434313) xori    t1, t1, -1356
core   0: 3 0x800037bc (0xab434313) x6  0xfffffab4
core   0: 0x800037c0 (0x00906fb3) or      t6, zero, s1
core   0: 3 0x800037c0 (0x00906fb3) x31 0x00000000
core   0: 0x800037c4 (0x00004b5d) c.li    s6, 23
core   0: 3 0x800037c4 (0x4b5d) x22 0x00000017
core   0: 0x800037c6 (0x00001f7d) c.addi  t5, -1
core   0: 3 0x800037c6 (0x1f7d) x30 0x00000000
core   0: 0x800037c8 (0x9b020613) addi    a2, tp, -1616
core   0: 3 0x800037c8 (0x9b020613) x12 0x800296d4
core   0: 0x800037cc (0x0188c363) blt     a7, s8, pc + 6
core   0: 3 0x800037cc (0x0188c363)
core   0: 0x800037d2 (0x01fab733) sltu    a4, s5, t6
core   0: 3 0x800037d2 (0x01fab733) x14 0x00000000
core   0: 0x800037d6 (0x00008f6d) c.and   a4, a1
core   0: 3 0x800037d6 (0x8f6d) x14 0x00000000
core   0: 0x800037d8 (0x0000567d) c.li    a2, -1
core   0: 3 0x800037d8 (0x567d) x12 0xffffffff
core   0: 0x800037da (0x01871f93) slli    t6, a4, 24
core   0: 3 0x800037da (0x01871f93) x31 0x00000000
core   0: 0x800037de (0x02937733) remu    a4, t1, s1
core   0: 3 0x800037de (0x02937733) x14 0xfffffab4
core   0: 0x800037e2 (0x00001288) c.addi4spn a0, sp, 352
core   0: 3 0x800037e2 (0x1288) x10 0x00000151
core   0: 0x800037e4 (0x00006995) c.lui   s3, 0x5
core   0: 3 0x800037e4 (0x6995) x19 0x00005000
core   0: 0x800037e6 (0x015fe6b3) or      a3, t6, s5
core   0: 3 0x800037e6 (0x015fe6b3) x13 0xffffffff
core   0: 0x800037ea (0x41378ab3) sub     s5, a5, s3
core   0: 3 0x800037ea (0x41378ab3) x21 0x0000e000
core   0: 0x800037ee (0x03aca933) mulhsu  s2, s9, s10
core   0: 3 0x800037ee (0x03aca933) x18 0x00000000
core   0: 0x800037f2 (0x00004b99) c.li    s7, 6
core   0: 3 0x800037f2 (0x4b99) x23 0x00000006
core   0: 0x800037f4 (0x009f86b3) add     a3, t6, s1
core   0: 3 0x800037f4 (0x009f86b3) x13 0x00000000
core   0: 0x800037f8 (0x016bedb3) or      s11, s7, s6
core   0: 3 0x800037f8 (0x016bedb3) x27 0x00000017
core   0: 0x800037fc (0x00000605) c.addi  a2, 1
core   0: 3 0x800037fc (0x0605) x12 0x00000000
core   0: 0x800037fe (0x000008a6) c.slli  a7, 9
core   0: 3 0x800037fe (0x08a6) x17 0x00000200
core   0: 0x80003800 (0x00008f81) c.sub   a5, s0
core   0: 3 0x80003800 (0x8f81) x15 0x00013000
core   0: 0x80003802 (0x000051f1) c.li    gp, -4
core   0: 3 0x80003802 (0x51f1) x3  0xfffffffc
core   0: 0x80003804 (0x028c3833) mulhu   a6, s8, s0
core   0: 3 0x80003804 (0x028c3833) x16 0x00000000
core   0: 0x80003808 (0x00004311) c.li    t1, 4
core   0: 3 0x80003808 (0x4311) x6  0x00000004
core   0: 0x8000380a (0x01fb9c93) slli    s9, s7, 31
core   0: 3 0x8000380a (0x01fb9c93) x25 0x00000000
core   0: 0x8000380e (0x0000042a) c.slli  s0, 10
core   0: 3 0x8000380e (0x042a) x8  0x00000000
core   0: 0x80003810 (0x00005cfd) c.li    s9, -1
core   0: 3 0x80003810 (0x5cfd) x25 0xffffffff
core   0: 0x80003812 (0x00008ce1) c.and   s1, s0
core   0: 3 0x80003812 (0x8ce1) x9  0x00000000
core   0: 0x80003814 (0x00008906) c.mv    s2, ra
core   0: 3 0x80003814 (0x8906) x18 0x0520b600
core   0: 0x80003816 (0x00000185) c.addi  gp, 1
core   0: 3 0x80003816 (0x0185) x3  0xfffffffd
core   0: 0x80003818 (0x00000862) c.slli  a6, 24
core   0: 3 0x80003818 (0x0862) x16 0x00000000
core   0: 0x8000381a (0x00008c9d) c.sub   s1, a5
core   0: 3 0x8000381a (0x8c9d) x9  0xfffed000
core   0: 0x8000381c (0xfe61cce3) blt     gp, t1, pc - 8
core   0: 3 0x8000381c (0xfe61cce3)
core   0: 0x80003814 (0x00008906) c.mv    s2, ra
core   0: 3 0x80003814 (0x8906) x18 0x0520b600
core   0: 0x80003816 (0x00000185) c.addi  gp, 1
core   0: 3 0x80003816 (0x0185) x3  0xfffffffe
core   0: 0x80003818 (0x00000862) c.slli  a6, 24
core   0: 3 0x80003818 (0x0862) x16 0x00000000
core   0: 0x8000381a (0x00008c9d) c.sub   s1, a5
core   0: 3 0x8000381a (0x8c9d) x9  0xfffda000
core   0: 0x8000381c (0xfe61cce3) blt     gp, t1, pc - 8
core   0: 3 0x8000381c (0xfe61cce3)
core   0: 0x80003814 (0x00008906) c.mv    s2, ra
core   0: 3 0x80003814 (0x8906) x18 0x0520b600
core   0: 0x80003816 (0x00000185) c.addi  gp, 1
core   0: 3 0x80003816 (0x0185) x3  0xffffffff
core   0: 0x80003818 (0x00000862) c.slli  a6, 24
core   0: 3 0x80003818 (0x0862) x16 0x00000000
core   0: 0x8000381a (0x00008c9d) c.sub   s1, a5
core   0: 3 0x8000381a (0x8c9d) x9  0xfffc7000
core   0: 0x8000381c (0xfe61cce3) blt     gp, t1, pc - 8
core   0: 3 0x8000381c (0xfe61cce3)
core   0: 0x80003814 (0x00008906) c.mv    s2, ra
core   0: 3 0x80003814 (0x8906) x18 0x0520b600
core   0: 0x80003816 (0x00000185) c.addi  gp, 1
core   0: 3 0x80003816 (0x0185) x3  0x00000000
core   0: 0x80003818 (0x00000862) c.slli  a6, 24
core   0: 3 0x80003818 (0x0862) x16 0x00000000
core   0: 0x8000381a (0x00008c9d) c.sub   s1, a5
core   0: 3 0x8000381a (0x8c9d) x9  0xfffb4000
core   0: 0x8000381c (0xfe61cce3) blt     gp, t1, pc - 8
core   0: 3 0x8000381c (0xfe61cce3)
core   0: 0x80003814 (0x00008906) c.mv    s2, ra
core   0: 3 0x80003814 (0x8906) x18 0x0520b600
core   0: 0x80003816 (0x00000185) c.addi  gp, 1
core   0: 3 0x80003816 (0x0185) x3  0x00000001
core   0: 0x80003818 (0x00000862) c.slli  a6, 24
core   0: 3 0x80003818 (0x0862) x16 0x00000000
core   0: 0x8000381a (0x00008c9d) c.sub   s1, a5
core   0: 3 0x8000381a (0x8c9d) x9  0xfffa1000
core   0: 0x8000381c (0xfe61cce3) blt     gp, t1, pc - 8
core   0: 3 0x8000381c (0xfe61cce3)
core   0: 0x80003814 (0x00008906) c.mv    s2, ra
core   0: 3 0x80003814 (0x8906) x18 0x0520b600
core   0: 0x80003816 (0x00000185) c.addi  gp, 1
core   0: 3 0x80003816 (0x0185) x3  0x00000002
core   0: 0x80003818 (0x00000862) c.slli  a6, 24
core   0: 3 0x80003818 (0x0862) x16 0x00000000
core   0: 0x8000381a (0x00008c9d) c.sub   s1, a5
core   0: 3 0x8000381a (0x8c9d) x9  0xfff8e000
core   0: 0x8000381c (0xfe61cce3) blt     gp, t1, pc - 8
core   0: 3 0x8000381c (0xfe61cce3)
core   0: 0x80003814 (0x00008906) c.mv    s2, ra
core   0: 3 0x80003814 (0x8906) x18 0x0520b600
core   0: 0x80003816 (0x00000185) c.addi  gp, 1
core   0: 3 0x80003816 (0x0185) x3  0x00000003
core   0: 0x80003818 (0x00000862) c.slli  a6, 24
core   0: 3 0x80003818 (0x0862) x16 0x00000000
core   0: 0x8000381a (0x00008c9d) c.sub   s1, a5
core   0: 3 0x8000381a (0x8c9d) x9  0xfff7b000
core   0: 0x8000381c (0xfe61cce3) blt     gp, t1, pc - 8
core   0: 3 0x8000381c (0xfe61cce3)
core   0: 0x80003814 (0x00008906) c.mv    s2, ra
core   0: 3 0x80003814 (0x8906) x18 0x0520b600
core   0: 0x80003816 (0x00000185) c.addi  gp, 1
core   0: 3 0x80003816 (0x0185) x3  0x00000004
core   0: 0x80003818 (0x00000862) c.slli  a6, 24
core   0: 3 0x80003818 (0x0862) x16 0x00000000
core   0: 0x8000381a (0x00008c9d) c.sub   s1, a5
core   0: 3 0x8000381a (0x8c9d) x9  0xfff68000
core   0: 0x8000381c (0xfe61cce3) blt     gp, t1, pc - 8
core   0: 3 0x8000381c (0xfe61cce3)
core   0: 0x80003820 (0x03489533) mulh    a0, a7, s4
core   0: 3 0x80003820 (0x03489533) x10 0x00000000
core   0: 0x80003824 (0x00006f6d) c.lui   t5, 0x1b
core   0: 3 0x80003824 (0x6f6d) x30 0x0001b000
core   0: 0x80003826 (0xfd7609e3) beq     a2, s7, pc - 46
core   0: 3 0x80003826 (0xfd7609e3)
core   0: 0x8000382a (0x02a7e3b3) rem     t2, a5, a0
core   0: 3 0x8000382a (0x02a7e3b3) x7  0x00013000
core   0: 0x8000382e (0x04f4c163) blt     s1, a5, pc + 66
core   0: 3 0x8000382e (0x04f4c163)
core   0: 0x80003870 (0x00008dd9) c.or    a1, a4
core   0: 3 0x80003870 (0x8dd9) x11 0xfffffab4
core   0: 0x80003872 (0x0000e41d) c.bnez  s0, pc + 46
core   0: 3 0x80003872 (0xe41d)
core   0: 0x80003874 (0x00000001) c.nop
core   0: 3 0x80003874 (0x0001)
core   0: 0x80003876 (0x0000823d) c.srli  a2, 15
core   0: 3 0x80003876 (0x823d) x12 0x00000000
core   0: 0x80003878 (0x0187a833) slt     a6, a5, s8
core   0: 3 0x80003878 (0x0187a833) x16 0x00000000
core   0: 0x8000387c (0x0000018a) c.slli  gp, 2
core   0: 3 0x8000387c (0x018a) x3  0x00000010
core   0: 0x8000387e (0x00008e41) c.or    a2, s0
core   0: 3 0x8000387e (0x8e41) x12 0x00000000
core   0: 0x80003880 (0x014fb8b3) sltu    a7, t6, s4
core   0: 3 0x80003880 (0x014fb8b3) x17 0x00000000
core   0: 0x80003884 (0x00000001) c.nop
core   0: 3 0x80003884 (0x0001)
core   0: 0x80003886 (0x00000001) c.nop
core   0: 3 0x80003886 (0x0001)
core   0: 0x80003888 (0x41395fb3) sra     t6, s2, s3
core   0: 3 0x80003888 (0x41395fb3) x31 0x0520b600
core   0: 0x8000388c (0x01ff1f33) sll     t5, t5, t6
core   0: 3 0x8000388c (0x01ff1f33) x30 0x0001b000
core   0: 0x80003890 (0x00fc9393) slli    t2, s9, 15
core   0: 3 0x80003890 (0x00fc9393) x7  0xffff8000
core   0: 0x80003894 (0x40b5d5b3) sra     a1, a1, a1
core   0: 3 0x80003894 (0x40b5d5b3) x11 0xffffffff
core   0: 0x80003898 (0xd97d2b93) slti    s7, s10, -617
core   0: 3 0x80003898 (0xd97d2b93) x23 0x00000000
core   0: 0x8000389c (0x039be663) bltu    s7, s9, pc + 44
core   0: 3 0x8000389c (0x039be663)
core   0: 0x800038c8 (0x02f8cf33) div     t5, a7, a5
core   0: 3 0x800038c8 (0x02f8cf33) x30 0x00000000
core   0: 0x800038cc (0x00aa7363) bgeu    s4, a0, pc + 6
core   0: 3 0x800038cc (0x00aa7363)
core   0: 0x800038d2 (0x0384bbb3) mulhu   s7, s1, s8
core   0: 3 0x800038d2 (0x0384bbb3) x23 0x0000000e
core   0: 0x800038d6 (0x02f814b3) mulh    s1, a6, a5
core   0: 3 0x800038d6 (0x02f814b3) x9  0x00000000
core   0: 0x800038da (0x01fb9693) slli    a3, s7, 31
core   0: 3 0x800038da (0x01fb9693) x13 0x00000000
core   0: 0x800038de (0x012960b3) or      ra, s2, s2
core   0: 3 0x800038de (0x012960b3) x1  0x0520b600
core   0: 0x800038e2 (0x0294c063) blt     s1, s1, pc + 32
core   0: 3 0x800038e2 (0x0294c063)
core   0: 0x800038e6 (0x02fb9533) mulh    a0, s7, a5
core   0: 3 0x800038e6 (0x02fb9533) x10 0x00000000
core   0: 0x800038ea (0x65acb013) sltiu   zero, s9, 1626
core   0: 3 0x800038ea (0x65acb013)
core   0: 0x800038ee (0xb1b63393) sltiu   t2, a2, -1253
core   0: 3 0x800038ee (0xb1b63393) x7  0x00000001
core   0: 0x800038f2 (0x039b38b3) mulhu   a7, s6, s9
core   0: 3 0x800038f2 (0x039b38b3) x17 0x00000016
core   0: 0x800038f6 (0x9cfdb397) auipc   t2, 0x9cfdb
core   0: 3 0x800038f6 (0x9cfdb397) x7  0x1cfde8f6
core   0: 0x800038fa (0x41a0d1b3) sra     gp, ra, s10
core   0: 3 0x800038fa (0x41a0d1b3) x3  0x0002905b
core   0: 0x800038fe (0x03611633) mulh    a2, sp, s6
core   0: 3 0x800038fe (0x03611633) x12 0xffffffff
core   0: 0x80003902 (0x01cdc1b3) xor     gp, s11, t3
core   0: 3 0x80003902 (0x01cdc1b3) x3  0x80025eb3
core   0: 0x80003906 (0x00000001) c.nop
core   0: 3 0x80003906 (0x0001)
core   0: 0x80003908 (0x405ad833) sra     a6, s5, t0
core   0: 3 0x80003908 (0x405ad833) x16 0x0000e000
core   0: 0x8000390c (0x4a152413) slti    s0, a0, 1185
core   0: 3 0x8000390c (0x4a152413) x8  0x00000001
core   0: 0x80003910 (0x000067f5) c.lui   a5, 0x1d
core   0: 3 0x80003910 (0x67f5) x15 0x0001d000
core   0: 0x80003912 (0x00dcc433) xor     s0, s9, a3
core   0: 3 0x80003912 (0x00dcc433) x8  0xffffffff
core   0: 0x80003916 (0x40315b13) srai    s6, sp, 3
core   0: 3 0x80003916 (0x40315b13) x22 0xfffffffe
core   0: 0x8000391a (0x023c69b3) rem     s3, s8, gp
core   0: 3 0x8000391a (0x023c69b3) x19 0x0000000f
core   0: 0x8000391e (0x000089d1) c.andi  a1, 20
core   0: 3 0x8000391e (0x89d1) x11 0x00000014
core   0: 0x80003920 (0x00000001) c.nop
core   0: 3 0x80003920 (0x0001)
core   0: 0x80003922 (0x021c5533) divu    a0, s8, ra
core   0: 3 0x80003922 (0x021c5533) x10 0x00000000
core   0: 0x80003926 (0x00008dc1) c.or    a1, s0
core   0: 3 0x80003926 (0x8dc1) x11 0xffffffff
core   0: 0x80003928 (0x00008f31) c.xor   a4, a2
core   0: 3 0x80003928 (0x8f31) x14 0x0000054b
core   0: 0x8000392a (0x01337533) and     a0, t1, s3
core   0: 3 0x8000392a (0x01337533) x10 0x00000004
core   0: 0x8000392e (0x02141333) mulh    t1, s0, ra
core   0: 3 0x8000392e (0x02141333) x6  0xffffffff
core   0: 0x80003932 (0x02478cb3) mul     s9, a5, tp
core   0: 3 0x80003932 (0x02478cb3) x25 0xbcd14000
core   0: 0x80003936 (0x00005771) c.li    a4, -4
core   0: 3 0x80003936 (0x5771) x14 0xfffffffc
core   0: 0x80003938 (0x00001f7d) c.addi  t5, -1
core   0: 3 0x80003938 (0x1f7d) x30 0xffffffff
core   0: 0x8000393a (0x02e651b3) divu    gp, a2, a4
core   0: 3 0x8000393a (0x02e651b3) x3  0x00000001
core   0: 0x8000393e (0x419e0433) sub     s0, t3, s9
core   0: 3 0x8000393e (0x419e0433) x8  0xc3311ea4
core   0: 0x80003942 (0x624d4393) xori    t2, s10, 1572
core   0: 3 0x80003942 (0x624d4393) x7  0x0183dfad
core   0: 0x80003946 (0x41255cb3) sra     s9, a0, s2
core   0: 3 0x80003946 (0x41255cb3) x25 0x00000004
core   0: 0x8000394a (0x00000001) c.nop
core   0: 3 0x8000394a (0x0001)
core   0: 0x8000394c (0x0290b633) mulhu   a2, ra, s1
core   0: 3 0x8000394c (0x0290b633) x12 0x00000000
core   0: 0x80003950 (0x00680db3) add     s11, a6, t1
core   0: 3 0x80003950 (0x00680db3) x27 0x0000dfff
core   0: 0x80003954 (0x00000705) c.addi  a4, 1
core   0: 3 0x80003954 (0x0705) x14 0xfffffffd
core   0: 0x80003956 (0x00008db9) c.xor   a1, a4
core   0: 3 0x80003956 (0x8db9) x11 0x00000002
core   0: 0x80003958 (0x4136d113) srai    sp, a3, 19
core   0: 3 0x80003958 (0x4136d113) x2  0x00000000
core   0: 0x8000395c (0x01641533) sll     a0, s0, s6
core   0: 3 0x8000395c (0x01641533) x10 0x00000000
core   0: 0x80003960 (0x00a6b333) sltu    t1, a3, a0
core   0: 3 0x80003960 (0x00a6b333) x6  0x00000000
core   0: 0x80003964 (0x00008ce9) c.and   s1, a0
core   0: 3 0x80003964 (0x8ce9) x9  0x00000000
core   0: 0x80003966 (0x0384b833) mulhu   a6, s1, s8
core   0: 3 0x80003966 (0x0384b833) x16 0x00000000
core   0: 0x8000396a (0x00006d95) c.lui   s11, 0x5
core   0: 3 0x8000396a (0x6d95) x27 0x00005000
core   0: 0x8000396c (0x36743d13) sltiu   s10, s0, 871
core   0: 3 0x8000396c (0x36743d13) x26 0x00000000
core   0: 0x80003970 (0x0000df71) c.beqz  a4, pc - 36
core   0: 3 0x80003970 (0xdf71)
core   0: 0x80003972 (0x000086d1) c.srai  a3, 20
core   0: 3 0x80003972 (0x86d1) x13 0x00000000
core   0: 0x80003974 (0xcc761397) auipc   t2, 0xcc761
core   0: 3 0x80003974 (0xcc761397) x7  0x4c764974
core   0: 0x80003978 (0x00008332) c.mv    t1, a2
core   0: 3 0x80003978 (0x8332) x6  0x00000000
core   0: 0x8000397a (0x000065b9) c.lui   a1, 0xe
core   0: 3 0x8000397a (0x65b9) x11 0x0000e000
core   0: 0x8000397c (0x00008c1d) c.sub   s0, a5
core   0: 3 0x8000397c (0x8c1d) x8  0xc32f4ea4
core   0: 0x8000397e (0x8fca2313) slti    t1, s4, -1796
core   0: 3 0x8000397e (0x8fca2313) x6  0x00000000
core   0: 0x80003982 (0x00008de9) c.and   a1, a0
core   0: 3 0x80003982 (0x8de9) x11 0x00000000
core   0: 0x80003984 (0x01b48cb3) add     s9, s1, s11
core   0: 3 0x80003984 (0x01b48cb3) x25 0x00005000
core   0: 0x80003988 (0x00000001) c.nop
core   0: 3 0x80003988 (0x0001)
core   0: 0x8000398a (0xe7fdb513) sltiu   a0, s11, -385
core   0: 3 0x8000398a (0xe7fdb513) x10 0x00000001
core   0: 0x8000398e (0x1d918a17) auipc   s4, 0x1d918
core   0: 3 0x8000398e (0x1d918a17) x20 0x9d91b98e
core   0: 0x80003992 (0x410b5293) srai    t0, s6, 16
core   0: 3 0x80003992 (0x410b5293) x5  0xffffffff
core   0: 0x80003996 (0x0000c189) c.beqz  a1, pc + 2
core   0: 3 0x80003996 (0xc189)
core   0: 0x80003998 (0x0000717d) c.addi16sp sp, -16
core   0: 3 0x80003998 (0x717d) x2  0xfffffff0
core   0: 0x8000399a (0x120a7d13) andi    s10, s4, 288
core   0: 3 0x8000399a (0x120a7d13) x26 0x00000100
core   0: 0x8000399e (0x01a85133) srl     sp, a6, s10
core   0: 3 0x8000399e (0x01a85133) x2  0x00000000
core   0: 0x800039a2 (0x00000001) c.nop
core   0: 3 0x800039a2 (0x0001)
core   0: 0x800039a4 (0x00008f71) c.and   a4, a2
core   0: 3 0x800039a4 (0x8f71) x14 0x00000000
core   0: 0x800039a6 (0x036b5fb3) divu    t6, s6, s6
core   0: 3 0x800039a6 (0x036b5fb3) x31 0x00000001
core   0: 0x800039aa (0x030732b3) mulhu   t0, a4, a6
core   0: 3 0x800039aa (0x030732b3) x5  0x00000000
core   0: 0x800039ae (0x01388863) beq     a7, s3, pc + 16
core   0: 3 0x800039ae (0x01388863)
core   0: 0x800039b2 (0x0000c795) c.beqz  a5, pc + 44
core   0: 3 0x800039b2 (0xc795)
core   0: 0x800039b4 (0xa7ea0b93) addi    s7, s4, -1410
core   0: 3 0x800039b4 (0xa7ea0b93) x23 0x9d91b40c
core   0: 0x800039b8 (0x01244f33) xor     t5, s0, s2
core   0: 3 0x800039b8 (0x01244f33) x30 0xc60ff8a4
core   0: 0x800039bc (0x00008ebd) c.xor   a3, a5
core   0: 3 0x800039bc (0x8ebd) x13 0x0001d000
core   0: 0x800039be (0x00244e63) blt     s0, sp, pc + 28
core   0: 3 0x800039be (0x00244e63)
core   0: 0x800039da (0x03f8c5b3) div     a1, a7, t6
core   0: 3 0x800039da (0x03f8c5b3) x11 0x00000016
core   0: 0x800039de (0x00405493) srli    s1, zero, 4
core   0: 3 0x800039de (0x00405493) x9  0x00000000
core   0: 0x800039e2 (0x00008d19) c.sub   a0, a4
core   0: 3 0x800039e2 (0x8d19) x10 0x00000001
core   0: 0x800039e4 (0x03eb5d33) divu    s10, s6, t5
core   0: 3 0x800039e4 (0x03eb5d33) x26 0x00000001
core   0: 0x800039e8 (0x41d00033) sub     zero, zero, t4
core   0: 3 0x800039e8 (0x41d00033)
core   0: 0x800039ec (0x00008751) c.srai  a4, 20
core   0: 3 0x800039ec (0x8751) x14 0x00000000
core   0: 0x800039ee (0x036e4ab3) div     s5, t3, s6
core   0: 3 0x800039ee (0x036e4ab3) x21 0x3ffed0ae
core   0: 0x800039f2 (0x00008d66) c.mv    s10, s9
core   0: 3 0x800039f2 (0x8d66) x26 0x00005000
core   0: 0x800039f4 (0x0304ff33) remu    t5, s1, a6
core   0: 3 0x800039f4 (0x0304ff33) x30 0x00000000
core   0: 0x800039f8 (0x0216c5b3) div     a1, a3, ra
core   0: 3 0x800039f8 (0x0216c5b3) x11 0x00000000
core   0: 0x800039fc (0x03eea633) mulhsu  a2, t4, t5
core   0: 3 0x800039fc (0x03eea633) x12 0x00000000
core   0: 0x80003a00 (0x88f3ec93) ori     s9, t2, -1905
core   0: 3 0x80003a00 (0x88f3ec93) x25 0xfffff9ff
core   0: 0x80003a04 (0x3ea89117) auipc   sp, 0x3ea89
core   0: 3 0x80003a04 (0x3ea89117) x2  0xbea8ca04
core   0: 0x80003a08 (0x000089f5) c.andi  a1, 29
core   0: 3 0x80003a08 (0x89f5) x11 0x00000000
core   0: 0x80003a0a (0x0000e515) c.bnez  a0, pc + 44
core   0: 3 0x80003a0a (0xe515)
core   0: 0x80003a36 (0x03fad363) bge     s5, t6, pc + 38
core   0: 3 0x80003a36 (0x03fad363)
core   0: 0x80003a5c (0x00006109) c.addi16sp sp, 128
core   0: 3 0x80003a5c (0x6109) x2  0xbea8ca84
core   0: 0x80003a5e (0x000018fd) c.addi  a7, -1
core   0: 3 0x80003a5e (0x18fd) x17 0x00000015
core   0: 0x80003a60 (0x00008c19) c.sub   s0, a4
core   0: 3 0x80003a60 (0x8c19) x8  0xc32f4ea4
core   0: 0x80003a62 (0x02ff7363) bgeu    t5, a5, pc + 38
core   0: 3 0x80003a62 (0x02ff7363)
core   0: 0x80003a66 (0x02e7ca33) div     s4, a5, a4
core   0: 3 0x80003a66 (0x02e7ca33) x20 0xffffffff
core   0: 0x80003a6a (0x0000ea09) c.bnez  a2, pc + 18
core   0: 3 0x80003a6a (0xea09)
core   0: 0x80003a6c (0x030b4333) div     t1, s6, a6
core   0: 3 0x80003a6c (0x030b4333) x6  0xffffffff
core   0: 0x80003a70 (0x00000d90) c.addi4spn a2, sp, 720
core   0: 3 0x80003a70 (0x0d90) x12 0xbea8cd54
core   0: 0x80003a72 (0x45b9a6b7) lui     a3, 0x45b9a
core   0: 3 0x80003a72 (0x45b9a6b7) x13 0x45b9a000
core   0: 0x80003a76 (0x41c75393) srai    t2, a4, 28
core   0: 3 0x80003a76 (0x41c75393) x7  0x00000000
core   0: 0x80003a7a (0x0000c209) c.beqz  a2, pc + 2
core   0: 3 0x80003a7a (0xc209)
core   0: 0x80003a7c (0x00008d59) c.or    a0, a4
core   0: 3 0x80003a7c (0x8d59) x10 0x00000001
core   0: 0x80003a7e (0x00008e95) c.sub   a3, a3
core   0: 3 0x80003a7e (0x8e95) x13 0x00000000
core   0: 0x80003a80 (0x00008289) c.srli  a3, 2
core   0: 3 0x80003a80 (0x8289) x13 0x00000000
core   0: 0x80003a82 (0x002c6533) or      a0, s8, sp
core   0: 3 0x80003a82 (0x002c6533) x10 0xbea8ca8f
core   0: 0x80003a86 (0x00006a3d) c.lui   s4, 0xf
core   0: 3 0x80003a86 (0x6a3d) x20 0x0000f000
core   0: 0x80003a88 (0x00008e25) c.xor   a2, s1
core   0: 3 0x80003a88 (0x8e25) x12 0xbea8cd54
core   0: 0x80003a8a (0x7a1d6193) ori     gp, s10, 1953
core   0: 3 0x80003a8a (0x7a1d6193) x3  0x000057a1
core   0: 0x80003a8e (0x00008f99) c.sub   a5, a4
core   0: 3 0x80003a8e (0x8f99) x15 0x0001d000
core   0: 0x80003a90 (0x01467463) bgeu    a2, s4, pc + 8
core   0: 3 0x80003a90 (0x01467463)
core   0: 0x80003a98 (0x02a3bfb3) mulhu   t6, t2, a0
core   0: 3 0x80003a98 (0x02a3bfb3) x31 0x00000000
core   0: 0x80003a9c (0x000058fd) c.li    a7, -1
core   0: 3 0x80003a9c (0x58fd) x17 0xffffffff
core   0: 0x80003a9e (0x00009bfd) c.andi  a5, -1
core   0: 3 0x80003a9e (0x9bfd) x15 0x0001d000
core   0: 0x80003aa0 (0x030ae2b3) rem     t0, s5, a6
core   0: 3 0x80003aa0 (0x030ae2b3) x5  0x3ffed0ae
core   0: 0x80003aa4 (0x0011e933) or      s2, gp, ra
core   0: 3 0x80003aa4 (0x0011e933) x18 0x0520f7a1
core   0: 0x80003aa8 (0x0000ee91) c.bnez  a3, pc + 28
core   0: 3 0x80003aa8 (0xee91)
core   0: 0x80003aaa (0x0367e033) rem     zero, a5, s6
core   0: 3 0x80003aaa (0x0367e033)
core   0: 0x80003aae (0xff673093) sltiu   ra, a4, -10
core   0: 3 0x80003aae (0xff673093) x1  0x00000001
core   0: 0x80003ab2 (0x0000717d) c.addi16sp sp, -16
core   0: 3 0x80003ab2 (0x717d) x2  0xbea8ca74
core   0: 0x80003ab4 (0x00008f1d) c.sub   a4, a5
core   0: 3 0x80003ab4 (0x8f1d) x14 0xfffe3000
core   0: 0x80003ab6 (0x007f1cb3) sll     s9, t5, t2
core   0: 3 0x80003ab6 (0x007f1cb3) x25 0x00000000
core   0: 0x80003aba (0x00009d6a) c.add   s10, s10
core   0: 3 0x80003aba (0x9d6a) x26 0x0000a000
core   0: 0x80003abc (0x01b48b33) add     s6, s1, s11
core   0: 3 0x80003abc (0x01b48b33) x22 0x00005000
core   0: 0x80003ac0 (0x02a09963) bne     ra, a0, pc + 50
core   0: 3 0x80003ac0 (0x02a09963)
core   0: 0x80003af2 (0x0247efb3) rem     t6, a5, tp
core   0: 3 0x80003af2 (0x0247efb3) x31 0x0001d000
core   0: 0x80003af6 (0x000089b9) c.andi  a1, 14
core   0: 3 0x80003af6 (0x89b9) x11 0x00000000
core   0: 0x80003af8 (0x00004811) c.li    a6, 4
core   0: 3 0x80003af8 (0x4811) x16 0x00000004
core   0: 0x80003afa (0x01665e63) bge     a2, s6, pc + 28
core   0: 3 0x80003afa (0x01665e63)
core   0: 0x80003afe (0x004fc763) blt     t6, tp, pc + 14
core   0: 3 0x80003afe (0x004fc763)
core   0: 0x80003b02 (0x00008aa5) c.andi  a3, 9
core   0: 3 0x80003b02 (0x8aa5) x13 0x00000000
core   0: 0x80003b04 (0x0000717d) c.addi16sp sp, -16
core   0: 3 0x80003b04 (0x717d) x2  0xbea8ca64
core   0: 0x80003b06 (0x0000c38d) c.beqz  a5, pc + 34
core   0: 3 0x80003b06 (0xc38d)
core   0: 0x80003b08 (0x01ffc2b3) xor     t0, t6, t6
core   0: 3 0x80003b08 (0x01ffc2b3) x5  0x00000000
core   0: 0x80003b0c (0x01335933) srl     s2, t1, s3
core   0: 3 0x80003b0c (0x01335933) x18 0x0001ffff
core   0: 0x80003b10 (0x00000001) c.nop
core   0: 3 0x80003b10 (0x0001)
core   0: 0x80003b12 (0x01fcc9b3) xor     s3, s9, t6
core   0: 3 0x80003b12 (0x01fcc9b3) x19 0x0001d000
core   0: 0x80003b16 (0x0177b433) sltu    s0, a5, s7
core   0: 3 0x80003b16 (0x0177b433) x8  0x00000001
core   0: 0x80003b1a (0x0168e333) or      t1, a7, s6
core   0: 3 0x80003b1a (0x0168e333) x6  0xffffffff
core   0: 0x80003b1e (0x00de2333) slt     t1, t3, a3
core   0: 3 0x80003b1e (0x00de2333) x6  0x00000001
core   0: 0x80003b22 (0x0367b333) mulhu   t1, a5, s6
core   0: 3 0x80003b22 (0x0367b333) x6  0x00000000
core   0: 0x80003b26 (0x00008271) c.srli  a2, 28
core   0: 3 0x80003b26 (0x8271) x12 0x0000000b
core   0: 0x80003b28 (0x016e3933) sltu    s2, t3, s6
core   0: 3 0x80003b28 (0x016e3933) x18 0x00000000
core   0: 0x80003b2c (0xbac1f313) andi    t1, gp, -1108
core   0: 3 0x80003b2c (0xbac1f313) x6  0x000053a0
core   0: 0x80003b30 (0x03080763) beq     a6, a6, pc + 46
core   0: 3 0x80003b30 (0x03080763)
core   0: 0x80003b5e (0x0000177d) c.addi  a4, -1
core   0: 3 0x80003b5e (0x177d) x14 0xfffe2fff
core   0: 0x80003b60 (0x013169b3) or      s3, sp, s3
core   0: 3 0x80003b60 (0x013169b3) x19 0xbea9da64
core   0: 0x80003b64 (0x02db1863) bne     s6, a3, pc + 48
core   0: 3 0x80003b64 (0x02db1863)
core   0: 0x80003b94 (0x8105ac93) slti    s9, a1, -2032
core   0: 3 0x80003b94 (0x8105ac93) x25 0x00000000
core   0: 0x80003b98 (0x00000e9c) c.addi4spn a5, sp, 848
core   0: 3 0x80003b98 (0x0e9c) x15 0xbea8cdb4
core   0: 0x80003b9a (0x02820db3) mul     s11, tp, s0
core   0: 3 0x80003b9a (0x02820db3) x27 0x80029d24
core   0: 0x80003b9e (0x033d6f63) bltu    s10, s3, pc + 62
core   0: 3 0x80003b9e (0x033d6f63)
core   0: 0x80003bdc (0x02b12b33) mulhsu  s6, sp, a1
core   0: 3 0x80003bdc (0x02b12b33) x22 0x00000000
core   0: 0x80003be0 (0x00cace63) blt     s5, a2, pc + 28
core   0: 3 0x80003be0 (0x00cace63)
core   0: 0x80003be4 (0x00008359) c.srli  a4, 22
core   0: 3 0x80003be4 (0x8359) x14 0x000003ff
core   0: 0x80003be6 (0xe94f2717) auipc   a4, 0xe94f2
core   0: 3 0x80003be6 (0xe94f2717) x14 0x694f5be6
core   0: 0x80003bea (0x000083b1) c.srli  a5, 12
core   0: 3 0x80003bea (0x83b1) x15 0x000bea8c
core   0: 0x80003bec (0x07be3a13) sltiu   s4, t3, 123
core   0: 3 0x80003bec (0x07be3a13) x20 0x00000000
core   0: 0x80003bf0 (0x000008be) c.slli  a7, 15
core   0: 3 0x80003bf0 (0x08be) x17 0xffff8000
core   0: 0x80003bf2 (0x0000860e) c.mv    a2, gp
core   0: 3 0x80003bf2 (0x860e) x12 0x000057a1
core   0: 0x80003bf4 (0x020330b3) mulhu   ra, t1, zero
core   0: 3 0x80003bf4 (0x020330b3) x1  0x00000000
core   0: 0x80003bf8 (0x01f200b3) add     ra, tp, t6
core   0: 3 0x80003bf8 (0x01f200b3) x1  0x80046d24
core   0: 0x80003bfc (0x02124f33) div     t5, tp, ra
core   0: 3 0x80003bfc (0x02124f33) x30 0x00000001
core   0: 0x80003c00 (0xf592eb97) auipc   s7, 0xf592e
core   0: 3 0x80003c00 (0xf592eb97) x23 0x75931c00
core   0: 0x80003c04 (0x000062f1) c.lui   t0, 0x1c
core   0: 3 0x80003c04 (0x62f1) x5  0x0001c000
core   0: 0x80003c06 (0x039a5763) bge     s4, s9, pc + 46
core   0: 3 0x80003c06 (0x039a5763)
core   0: 0x80003c34 (0x00008f21) c.xor   a4, s0
core   0: 3 0x80003c34 (0x8f21) x14 0x694f5be7
core   0: 0x80003c36 (0x00004cad) c.li    s9, 11
core   0: 3 0x80003c36 (0x4cad) x25 0x0000000b
core   0: 0x80003c38 (0x000084b9) c.srai  s1, 14
core   0: 3 0x80003c38 (0x84b9) x9  0x00000000
core   0: 0x80003c3a (0x00e2b033) sltu    zero, t0, a4
core   0: 3 0x80003c3a (0x00e2b033)
core   0: 0x80003c3e (0x01ebccb3) xor     s9, s7, t5
core   0: 3 0x80003c3e (0x01ebccb3) x25 0x75931c01
core   0: 0x80003c42 (0x0146d0b3) srl     ra, a3, s4
core   0: 3 0x80003c42 (0x0146d0b3) x1  0x00000000
core   0: 0x80003c46 (0x01ec9393) slli    t2, s9, 30
core   0: 3 0x80003c46 (0x01ec9393) x7  0x40000000
core   0: 0x80003c4a (0x00000001) c.nop
core   0: 3 0x80003c4a (0x0001)
core   0: 0x80003c4c (0x0163c733) xor     a4, t2, s6
core   0: 3 0x80003c4c (0x0163c733) x14 0x40000000
core   0: 0x80003c50 (0x017fec33) or      s8, t6, s7
core   0: 3 0x80003c50 (0x017fec33) x24 0x7593dc00
core   0: 0x80003c54 (0x0176cfb3) xor     t6, a3, s7
core   0: 3 0x80003c54 (0x0176cfb3) x31 0x75931c00
core   0: 0x80003c58 (0x01ff1463) bne     t5, t6, pc + 8
core   0: 3 0x80003c58 (0x01ff1463)
core   0: 0x80003c60 (0x0233fa33) remu    s4, t2, gp
core   0: 3 0x80003c60 (0x0233fa33) x20 0x00002208
core   0: 0x80003c64 (0x00008fb6) c.mv    t6, a3
core   0: 3 0x80003c64 (0x8fb6) x31 0x00000000
core   0: 0x80003c66 (0x03d99833) mulh    a6, s3, t4
core   0: 3 0x80003c66 (0x03d99833) x16 0xf3a0a2a4
core   0: 0x80003c6a (0x00008d49) c.or    a0, a0
core   0: 3 0x80003c6a (0x8d49) x10 0xbea8ca8f
core   0: 0x80003c6c (0x00000001) c.nop
core   0: 3 0x80003c6c (0x0001)
core   0: 0x80003c6e (0x0000e39d) c.bnez  a5, pc + 38
core   0: 3 0x80003c6e (0xe39d)
core   0: 0x80003c94 (0x000048cd) c.li    a7, 19
core   0: 3 0x80003c94 (0x48cd) x17 0x00000013
core   0: 0x80003c96 (0x000884b3) add     s1, a7, zero
core   0: 3 0x80003c96 (0x000884b3) x9  0x00000013
core   0: 0x80003c9a (0x00008c51) c.or    s0, a2
core   0: 3 0x80003c9a (0x8c51) x8  0x000057a1
core   0: 0x80003c9c (0x01406a33) or      s4, zero, s4
core   0: 3 0x80003c9c (0x01406a33) x20 0x00002208
core   0: 0x80003ca0 (0x034326b3) mulhsu  a3, t1, s4
core   0: 3 0x80003ca0 (0x034326b3) x13 0x00000000
core   0: 0x80003ca4 (0x00009606) c.add   a2, ra
core   0: 3 0x80003ca4 (0x9606) x12 0x000057a1
core   0: 0x80003ca6 (0x12d54713) xori    a4, a0, 301
core   0: 3 0x80003ca6 (0x12d54713) x14 0xbea8cba2
core   0: 0x80003caa (0x41bc5413) srai    s0, s8, 27
core   0: 3 0x80003caa (0x41bc5413) x8  0x0000000e
core   0: 0x80003cae (0x407dda13) srai    s4, s11, 7
core   0: 3 0x80003cae (0x407dda13) x20 0xff00053a
core   0: 0x80003cb2 (0x0000c209) c.beqz  a2, pc + 2
core   0: 3 0x80003cb2 (0xc209)
core   0: 0x80003cb4 (0x008d1f93) slli    t6, s10, 8
core   0: 3 0x80003cb4 (0x008d1f93) x31 0x00a00000
core   0: 0x80003cb8 (0x00495b33) srl     s6, s2, tp
core   0: 3 0x80003cb8 (0x00495b33) x22 0x00000000
core   0: 0x80003cbc (0x27544f13) xori    t5, s0, 629
core   0: 3 0x80003cbc (0x27544f13) x30 0x0000027b
core   0: 0x80003cc0 (0x60c4b413) sltiu   s0, s1, 1548
core   0: 3 0x80003cc0 (0x60c4b413) x8  0x00000001
core   0: 0x80003cc4 (0x00008005) c.srli  s0, 1
core   0: 3 0x80003cc4 (0x8005) x8  0x00000000
core   0: 0x80003cc6 (0x016c4bb3) xor     s7, s8, s6
core   0: 3 0x80003cc6 (0x016c4bb3) x23 0x7593dc00
core   0: 0x80003cca (0x01b8d013) srli    zero, a7, 27
core   0: 3 0x80003cca (0x01b8d013)
core   0: 0x80003cce (0x000014fd) c.addi  s1, -1
core   0: 3 0x80003cce (0x14fd) x9  0x00000012
core   0: 0x80003cd0 (0x00000ab2) c.slli  s5, 12
core   0: 3 0x80003cd0 (0x0ab2) x21 0xed0ae000
core   0: 0x80003cd2 (0x0113bc33) sltu    s8, t2, a7
core   0: 3 0x80003cd2 (0x0113bc33) x24 0x00000000
core   0: 0x80003cd6 (0x01ec5ab3) srl     s5, s8, t5
core   0: 3 0x80003cd6 (0x01ec5ab3) x21 0x00000000
core   0: 0x80003cda (0x03bb2ab3) mulhsu  s5, s6, s11
core   0: 3 0x80003cda (0x03bb2ab3) x21 0x00000000
core   0: 0x80003cde (0x5a4dbd93) sltiu   s11, s11, 1444
core   0: 3 0x80003cde (0x5a4dbd93) x27 0x00000000
core   0: 0x80003ce2 (0x0000868d) c.srai  a3, 3
core   0: 3 0x80003ce2 (0x868d) x13 0x00000000
core   0: 0x80003ce4 (0x000080de) c.mv    ra, s7
core   0: 3 0x80003ce4 (0x80de) x1  0x7593dc00
core   0: 0x80003ce6 (0x02e78633) mul     a2, a5, a4
core   0: 3 0x80003ce6 (0x02e78633) x12 0x4e677098
core   0: 0x80003cea (0x00006559) c.lui   a0, 0x16
core   0: 3 0x80003cea (0x6559) x10 0x00016000
core   0: 0x80003cec (0x00008c31) c.xor   s0, a2
core   0: 3 0x80003cec (0x8c31) x8  0x4e677098
core   0: 0x80003cee (0x0000cc81) c.beqz  s1, pc + 24
core   0: 3 0x80003cee (0xcc81)
core   0: 0x80003cf0 (0x02b20433) mul     s0, tp, a1
core   0: 3 0x80003cf0 (0x02b20433) x8  0x00000000
core   0: 0x80003cf4 (0x00601d93) slli    s11, zero, 6
core   0: 3 0x80003cf4 (0x00601d93) x27 0x00000000
core   0: 0x80003cf8 (0x0000147d) c.addi  s0, -1
core   0: 3 0x80003cf8 (0x147d) x8  0xffffffff
core   0: 0x80003cfa (0xde794293) xori    t0, s2, -537
core   0: 3 0x80003cfa (0xde794293) x5  0xfffffde7
core   0: 0x80003cfe (0x032139b3) mulhu   s3, sp, s2
core   0: 3 0x80003cfe (0x032139b3) x19 0x00000000
core   0: 0x80003d02 (0xf7843693) sltiu   a3, s0, -136
core   0: 3 0x80003d02 (0xf7843693) x13 0x00000000
core   0: 0x80003d06 (0x02727a33) remu    s4, tp, t2
core   0: 3 0x80003d06 (0x02727a33) x20 0x00029d24
core   0: 0x80003d0a (0x00001308) c.addi4spn a0, sp, 416
core   0: 3 0x80003d0a (0x1308) x10 0xbea8cc04
core   0: 0x80003d0c (0x00000001) c.nop
core   0: 3 0x80003d0c (0x0001)
core   0: 0x80003d0e (0x000082ca) c.mv    t0, s2
core   0: 3 0x80003d0e (0x82ca) x5  0x00000000
core   0: 0x80003d10 (0x033eefb3) rem     t6, t4, s3
core   0: 3 0x80003d10 (0x033eefb3) x31 0x307a4b70
core   0: 0x80003d14 (0x0034ebb3) or      s7, s1, gp
core   0: 3 0x80003d14 (0x0034ebb3) x23 0x000057b3
core   0: 0x80003d18 (0x0205f3b3) remu    t2, a1, zero
core   0: 3 0x80003d18 (0x0205f3b3) x7  0x00000000
core   0: 0x80003d1c (0xded18d93) addi    s11, gp, -531
core   0: 3 0x80003d1c (0xded18d93) x27 0x0000558e
core   0: 0x80003d20 (0x00008d45) c.or    a0, s1
core   0: 3 0x80003d20 (0x8d45) x10 0xbea8cc16
core   0: 0x80003d22 (0x2693c497) auipc   s1, 0x2693c
core   0: 3 0x80003d22 (0x2693c497) x9  0xa693fd22
core   0: 0x80003d26 (0x00008fb5) c.xor   a5, a3
core   0: 3 0x80003d26 (0x8fb5) x15 0x000bea8c
core   0: 0x80003d28 (0x02158963) beq     a1, ra, pc + 50
core   0: 3 0x80003d28 (0x02158963)
core   0: 0x80003d2c (0x00bd4a63) blt     s10, a1, pc + 20
core   0: 3 0x80003d2c (0x00bd4a63)
core   0: 0x80003d30 (0xaeea4b13) xori    s6, s4, -1298
core   0: 3 0x80003d30 (0xaeea4b13) x22 0xfffd67ca
core   0: 0x80003d34 (0x9cdeaf93) slti    t6, t4, -1587
core   0: 3 0x80003d34 (0x9cdeaf93) x31 0x00000000
core   0: 0x80003d38 (0x40cb5b33) sra     s6, s6, a2
core   0: 3 0x80003d38 (0x40cb5b33) x22 0xffffffff
core   0: 0x80003d3c (0x02ead733) divu    a4, s5, a4
core   0: 3 0x80003d3c (0x02ead733) x14 0x00000000
core   0: 0x80003d40 (0x00008709) c.srai  a4, 2
core   0: 3 0x80003d40 (0x8709) x14 0x00000000
core   0: 0x80003d42 (0x02a03bb3) mulhu   s7, zero, a0
core   0: 3 0x80003d42 (0x02a03bb3) x23 0x00000000
core   0: 0x80003d46 (0x00008ded) c.and   a1, a1
core   0: 3 0x80003d46 (0x8ded) x11 0x00000000
core   0: 0x80003d48 (0x0000717d) c.addi16sp sp, -16
core   0: 3 0x80003d48 (0x717d) x2  0xbea8ca54
core   0: 0x80003d4a (0x00008c81) c.sub   s1, s0
core   0: 3 0x80003d4a (0x8c81) x9  0xa693fd23
core   0: 0x80003d4c (0x02dbd163) bge     s7, a3, pc + 34
core   0: 3 0x80003d4c (0x02dbd163)
core   0: 0x80003d6e (0x03197333) remu    t1, s2, a7
core   0: 3 0x80003d6e (0x03197333) x6  0x00000000
core   0: 0x80003d72 (0xb94c6993) ori     s3, s8, -1132
core   0: 3 0x80003d72 (0xb94c6993) x19 0xfffffb94
core   0: 0x80003d76 (0x01c578b3) and     a7, a0, t3
core   0: 3 0x80003d76 (0x01c578b3) x17 0x80004c04
core   0: 0x80003d7a (0x00005ffd) c.li    t6, -1
core   0: 3 0x80003d7a (0x5ffd) x31 0xffffffff
core   0: 0x80003d7c (0x00000ff6) c.slli  t6, 29
core   0: 3 0x80003d7c (0x0ff6) x31 0xe0000000
core   0: 0x80003d7e (0x01bef963) bgeu    t4, s11, pc + 18
core   0: 3 0x80003d7e (0x01bef963)
core   0: 0x80003d90 (0x00008dad) c.xor   a1, a1
core   0: 3 0x80003d90 (0x8dad) x11 0x00000000
core   0: 0x80003d92 (0x41a6db13) srai    s6, a3, 26
core   0: 3 0x80003d92 (0x41a6db13) x22 0x00000000
core   0: 0x80003d96 (0x00009a2a) c.add   s4, a0
core   0: 3 0x80003d96 (0x9a2a) x20 0xbeab693a
core   0: 0x80003d98 (0x00008c61) c.and   s0, s0
core   0: 3 0x80003d98 (0x8c61) x8  0xffffffff
core   0: 0x80003d9a (0x0208a8b3) mulhsu  a7, a7, zero
core   0: 3 0x80003d9a (0x0208a8b3) x17 0x00000000
core   0: 0x80003d9e (0xd14ce193) ori     gp, s9, -748
core   0: 3 0x80003d9e (0xd14ce193) x3  0xfffffd15
core   0: 0x80003da2 (0x00008b79) c.andi  a4, 30
core   0: 3 0x80003da2 (0x8b79) x14 0x00000000
core   0: 0x80003da4 (0x0000068c) c.addi4spn a1, sp, 832
core   0: 3 0x80003da4 (0x068c) x11 0xbea8cd94
core   0: 0x80003da6 (0x00101a63) bne     zero, ra, pc + 20
core   0: 3 0x80003da6 (0x00101a63)
core   0: 0x80003dba (0x000084cd) c.srai  s1, 19
core   0: 3 0x80003dba (0x84cd) x9  0xfffff4d2
core   0: 0x80003dbc (0x01146963) bltu    s0, a7, pc + 18
core   0: 3 0x80003dbc (0x01146963)
core   0: 0x80003dc0 (0x62032d93) slti    s11, t1, 1568
core   0: 3 0x80003dc0 (0x62032d93) x27 0x00000001
core   0: 0x80003dc4 (0x00b67963) bgeu    a2, a1, pc + 18
core   0: 3 0x80003dc4 (0x00b67963)
core   0: 0x80003dc8 (0x0000c805) c.beqz  s0, pc + 48
core   0: 3 0x80003dc8 (0xc805)
core   0: 0x80003dca (0x40ce81b3) sub     gp, t4, a2
core   0: 3 0x80003dca (0x40ce81b3) x3  0xe212dad8
core   0: 0x80003dce (0x00d1f9b3) and     s3, gp, a3
core   0: 3 0x80003dce (0x00d1f9b3) x19 0x00000000
core   0: 0x80003dd2 (0x01747fb3) and     t6, s0, s7
core   0: 3 0x80003dd2 (0x01747fb3) x31 0x00000000
core   0: 0x80003dd6 (0xbef9a893) slti    a7, s3, -1041
core   0: 3 0x80003dd6 (0xbef9a893) x17 0x00000000
core   0: 0x80003dda (0x00008c16) c.mv    s8, t0
core   0: 3 0x80003dda (0x8c16) x24 0x00000000
core   0: 0x80003ddc (0x039a2533) mulhsu  a0, s4, s9
core   0: 3 0x80003ddc (0x039a2533) x10 0xe1fecc5f
core   0: 0x80003de0 (0x12c28813) addi    a6, t0, 300
core   0: 3 0x80003de0 (0x12c28813) x16 0x0000012c
core   0: 0x80003de4 (0x41265313) srai    t1, a2, 18
core   0: 3 0x80003de4 (0x41265313) x6  0x00001399
core   0: 0x80003de8 (0x13138493) addi    s1, t2, 305
core   0: 3 0x80003de8 (0x13138493) x9  0x00000131
core   0: 0x80003dec (0x01a64d33) xor     s10, a2, s10
core   0: 3 0x80003dec (0x01a64d33) x26 0x4e67d098
core   0: 0x80003df0 (0x03420963) beq     tp, s4, pc + 50
core   0: 3 0x80003df0 (0x03420963)
core   0: 0x80003df4 (0x00f61013) slli    zero, a2, 15
core   0: 3 0x80003df4 (0x00f61013)
core   0: 0x80003df8 (0x0153c0b3) xor     ra, t2, s5
core   0: 3 0x80003df8 (0x0153c0b3) x1  0x00000000
core   0: 0x80003dfc (0x0379c6b3) div     a3, s3, s7
core   0: 3 0x80003dfc (0x0379c6b3) x13 0xffffffff
core   0: 0x80003e00 (0x00008635) c.srai  a2, 13
core   0: 3 0x80003e00 (0x8635) x12 0x0002733b
core   0: 0x80003e02 (0x0000c50d) c.beqz  a0, pc + 42
core   0: 3 0x80003e02 (0xc50d)
core   0: 0x80003e04 (0x03f8e463) bltu    a7, t6, pc + 40
core   0: 3 0x80003e04 (0x03f8e463)
core   0: 0x80003e08 (0x00008ced) c.and   s1, a1
core   0: 3 0x80003e08 (0x8ced) x9  0x00000110
core   0: 0x80003e0a (0xcdde0093) addi    ra, t3, -803
core   0: 3 0x80003e0a (0xcdde0093) x1  0x80025b81
core   0: 0x80003e0e (0x01bf89b3) add     s3, t6, s11
core   0: 3 0x80003e0e (0x01bf89b3) x19 0x00000001
core   0: 0x80003e12 (0x000087a1) c.srai  a5, 8
core   0: 3 0x80003e12 (0x87a1) x15 0x00000bea
core   0: 0x80003e14 (0x00006179) c.addi16sp sp, 464
core   0: 3 0x80003e14 (0x6179) x2  0xbea8cc24
core   0: 0x80003e16 (0x0008d263) bgez    a7, pc + 4
core   0: 3 0x80003e16 (0x0008d263)
core   0: 0x80003e1a (0x0000e099) c.bnez  s1, pc + 6
core   0: 3 0x80003e1a (0xe099)
core   0: 0x80003e20 (0x0000615d) c.addi16sp sp, 432
core   0: 3 0x80003e20 (0x615d) x2  0xbea8cdd4
core   0: 0x80003e22 (0x03a8f993) andi    s3, a7, 58
core   0: 3 0x80003e22 (0x03a8f993) x19 0x00000000
core   0: 0x80003e26 (0x00008e89) c.sub   a3, a0
core   0: 3 0x80003e26 (0x8e89) x13 0x1e0133a0
core   0: 0x80003e28 (0x11f57913) andi    s2, a0, 287
core   0: 3 0x80003e28 (0x11f57913) x18 0x0000001f
core   0: 0x80003e2c (0x03597263) bgeu    s2, s5, pc + 36
core   0: 3 0x80003e2c (0x03597263)
core   0: 0x80003e50 (0x00008db2) c.mv    s11, a2
core   0: 3 0x80003e50 (0x8db2) x27 0x0002733b
core   0: 0x80003e52 (0x02836033) rem     zero, t1, s0
core   0: 3 0x80003e52 (0x02836033)
core   0: 0x80003e56 (0x41eddc13) srai    s8, s11, 30
core   0: 3 0x80003e56 (0x41eddc13) x24 0x00000000
core   0: 0x80003e5a (0x0000939a) c.add   t2, t1
core   0: 3 0x80003e5a (0x939a) x7  0x00001399
core   0: 0x80003e5c (0x547c6b13) ori     s6, s8, 1351
core   0: 3 0x80003e5c (0x547c6b13) x22 0x00000547
core   0: 0x80003e60 (0x0379e633) rem     a2, s3, s7
core   0: 3 0x80003e60 (0x0379e633) x12 0x00000000
core   0: 0x80003e64 (0x02bcf063) bgeu    s9, a1, pc + 32
core   0: 3 0x80003e64 (0x02bcf063)
core   0: 0x80003e68 (0x01a67733) and     a4, a2, s10
core   0: 3 0x80003e68 (0x01a67733) x14 0x00000000
core   0: 0x80003e6c (0x031c6933) rem     s2, s8, a7
core   0: 3 0x80003e6c (0x031c6933) x18 0x00000000
core   0: 0x80003e70 (0xfb538993) addi    s3, t2, -75
core   0: 3 0x80003e70 (0xfb538993) x19 0x0000134e
core   0: 0x80003e74 (0x00344263) blt     s0, gp, pc + 4
core   0: 3 0x80003e74 (0x00344263)
core   0: 0x80003e78 (0x01a47a33) and     s4, s0, s10
core   0: 3 0x80003e78 (0x01a47a33) x20 0x4e67d098
core   0: 0x80003e7c (0x000083a6) c.mv    t2, s1
core   0: 3 0x80003e7c (0x83a6) x7  0x00000110
core   0: 0x80003e7e (0x00000001) c.nop
core   0: 3 0x80003e7e (0x0001)
core   0: 0x80003e80 (0x01239d33) sll     s10, t2, s2
core   0: 3 0x80003e80 (0x01239d33) x26 0x00000110
core   0: 0x80003e84 (0x00000001) c.nop
core   0: 3 0x80003e84 (0x0001)
core   0: 0x80003e86 (0x03dd2333) mulhsu  t1, s10, t4
core   0: 3 0x80003e86 (0x03dd2333) x6  0x00000033
core   0: 0x80003e8a (0x04d6f063) bgeu    a3, a3, pc + 64
core   0: 3 0x80003e8a (0x04d6f063)
core   0: 0x80003eca (0x0214f833) remu    a6, s1, ra
core   0: 3 0x80003eca (0x0214f833) x16 0x00000110
core   0: 0x80003ece (0x00008ef1) c.and   a3, a2
core   0: 3 0x80003ece (0x8ef1) x13 0x00000000
core   0: 0x80003ed0 (0x00008bf5) c.andi  a5, 29
core   0: 3 0x80003ed0 (0x8bf5) x15 0x00000008
core   0: 0x80003ed2 (0x01a10633) add     a2, sp, s10
core   0: 3 0x80003ed2 (0x01a10633) x12 0xbea8cee4
core   0: 0x80003ed6 (0x41c0d433) sra     s0, ra, t3
core   0: 3 0x80003ed6 (0x41c0d433) x8  0xf80025b8
core   0: 0x80003eda (0x031f36b3) mulhu   a3, t5, a7
core   0: 3 0x80003eda (0x031f36b3) x13 0x00000000
core   0: 0x80003ede (0x190cef13) ori     t5, s9, 400
core   0: 3 0x80003ede (0x190cef13) x30 0x75931d91
core   0: 0x80003ee2 (0x40cdd133) sra     sp, s11, a2
core   0: 3 0x80003ee2 (0x40cdd133) x2  0x00002733
core   0: 0x80003ee6 (0x0000717d) c.addi16sp sp, -16
core   0: 3 0x80003ee6 (0x717d) x2  0x00002723
core   0: 0x80003ee8 (0x00520763) beq     tp, t0, pc + 14
core   0: 3 0x80003ee8 (0x00520763)
core   0: 0x80003eec (0x01eebd33) sltu    s10, t4, t5
core   0: 3 0x80003eec (0x01eebd33) x26 0x00000001
core   0: 0x80003ef0 (0x00008209) c.srli  a2, 2
core   0: 3 0x80003ef0 (0x8209) x12 0x2faa33b9
core   0: 0x80003ef2 (0x0000e989) c.bnez  a1, pc + 18
core   0: 3 0x80003ef2 (0xe989)
core   0: 0x80003f04 (0x0208d5b3) divu    a1, a7, zero
core   0: 3 0x80003f04 (0x0208d5b3) x11 0xffffffff
core   0: 0x80003f08 (0x0000c905) c.beqz  a0, pc + 48
core   0: 3 0x80003f08 (0xc905)
core   0: 0x80003f0a (0x007dc6b3) xor     a3, s11, t2
core   0: 3 0x80003f0a (0x007dc6b3) x13 0x0002722b
core   0: 0x80003f0e (0x009e6c33) or      s8, t3, s1
core   0: 3 0x80003f0e (0x009e6c33) x24 0x80025fb4
core   0: 0x80003f12 (0x029cc1b3) div     gp, s9, s1
core   0: 3 0x80003f12 (0x029cc1b3) x3  0x006ea892
core   0: 0x80003f16 (0x02ddd863) bge     s11, a3, pc + 48
core   0: 3 0x80003f16 (0x02ddd863)
core   0: 0x80003f46 (0x0000ca19) c.beqz  a2, pc + 22
core   0: 3 0x80003f46 (0xca19)
core   0: 0x80003f48 (0x02bd0e63) beq     s10, a1, pc + 60
core   0: 3 0x80003f48 (0x02bd0e63)
core   0: 0x80003f4c (0x000087d5) c.srai  a5, 21
core   0: 3 0x80003f4c (0x87d5) x15 0x00000000
core   0: 0x80003f4e (0xdb7caf93) slti    t6, s9, -585
core   0: 3 0x80003f4e (0xdb7caf93) x31 0x00000000
core   0: 0x80003f52 (0x0000188c) c.addi4spn a1, sp, 112
core   0: 3 0x80003f52 (0x188c) x11 0x00002793
core   0: 0x80003f54 (0x00001614) c.addi4spn a3, sp, 800
core   0: 3 0x80003f54 (0x1614) x13 0x00002a43
core   0: 0x80003f56 (0x03540433) mul     s0, s0, s5
core   0: 3 0x80003f56 (0x03540433) x8  0x00000000
core   0: 0x80003f5a (0x00008ffd) c.and   a5, a5
core   0: 3 0x80003f5a (0x8ffd) x15 0x00000000
core   0: 0x80003f5c (0x006eefb3) or      t6, t4, t1
core   0: 3 0x80003f5c (0x006eefb3) x31 0x307a4b73
core   0: 0x80003f60 (0x000016fd) c.addi  a3, -1
core   0: 3 0x80003f60 (0x16fd) x13 0x00002a42
core   0: 0x80003f62 (0x031db033) mulhu   zero, s11, a7
core   0: 3 0x80003f62 (0x031db033)
core   0: 0x80003f66 (0x03738f33) mul     t5, t2, s7
core   0: 3 0x80003f66 (0x03738f33) x30 0x00000000
core   0: 0x80003f6a (0x00000001) c.nop
core   0: 3 0x80003f6a (0x0001)
core   0: 0x80003f6c (0x410c5033) sra     zero, s8, a6
core   0: 3 0x80003f6c (0x410c5033)
core   0: 0x80003f70 (0x414250b3) sra     ra, tp, s4
core   0: 3 0x80003f70 (0x414250b3) x1  0xffffff80
core   0: 0x80003f74 (0x2a5fbd93) sltiu   s11, t6, 677
core   0: 3 0x80003f74 (0x2a5fbd93) x27 0x00000000
core   0: 0x80003f78 (0x0237cf33) div     t5, a5, gp
core   0: 3 0x80003f78 (0x0237cf33) x30 0x00000000
core   0: 0x80003f7c (0x00008dc9) c.or    a1, a0
core   0: 3 0x80003f7c (0x8dc9) x11 0xe1feefdf
core   0: 0x80003f7e (0x0286fdb3) remu    s11, a3, s0
core   0: 3 0x80003f7e (0x0286fdb3) x27 0x00002a42
core   0: 0x80003f82 (0x000097ce) c.add   a5, s3
core   0: 3 0x80003f82 (0x97ce) x15 0x0000134e
core   0: 0x80003f84 (0x4ae0f093) andi    ra, ra, 1198
core   0: 3 0x80003f84 (0x4ae0f093) x1  0x00000480
core   0: 0x80003f88 (0x03217fb3) remu    t6, sp, s2
core   0: 3 0x80003f88 (0x03217fb3) x31 0x00002723
core   0: 0x80003f8c (0x5f6dddb7) lui     s11, 0x5f6dd
core   0: 3 0x80003f8c (0x5f6dddb7) x27 0x5f6dd000
core   0: 0x80003f90 (0x4011d313) srai    t1, gp, 1
core   0: 3 0x80003f90 (0x4011d313) x6  0x00375449
core   0: 0x80003f94 (0x028ac933) div     s2, s5, s0
core   0: 3 0x80003f94 (0x028ac933) x18 0xffffffff
core   0: 0x80003f98 (0x00004dc9) c.li    s11, 18
core   0: 3 0x80003f98 (0x4dc9) x27 0x00000012
core   0: 0x80003f9a (0x70cff313) andi    t1, t6, 1804
core   0: 3 0x80003f9a (0x70cff313) x6  0x00000700
core   0: 0x80003f9e (0x00008d21) c.xor   a0, s0
core   0: 3 0x80003f9e (0x8d21) x10 0xe1fecc5f
core   0: 0x80003fa0 (0x004e9913) slli    s2, t4, 4
core   0: 3 0x80003fa0 (0x004e9913) x18 0x07a4b700
core   0: 0x80003fa4 (0x007ebd33) sltu    s10, t4, t2
core   0: 3 0x80003fa4 (0x007ebd33) x26 0x00000000
core   0: 0x80003fa8 (0x0381b733) mulhu   a4, gp, s8
core   0: 3 0x80003fa8 (0x0381b733) x14 0x0037554f
core   0: 0x80003fac (0x00000001) c.nop
core   0: 3 0x80003fac (0x0001)
core   0: 0x80003fae (0x01805933) srl     s2, zero, s8
core   0: 3 0x80003fae (0x01805933) x18 0x00000000
core   0: 0x80003fb2 (0xca0d7a93) andi    s5, s10, -864
core   0: 3 0x80003fb2 (0xca0d7a93) x21 0x00000000
core   0: 0x80003fb6 (0x24482793) slti    a5, a6, 580
core   0: 3 0x80003fb6 (0x24482793) x15 0x00000001
core   0: 0x80003fba (0x03359b63) bne     a1, s3, pc + 54
core   0: 3 0x80003fba (0x03359b63)
core   0: 0x80003ff0 (0x0121dd13) srli    s10, gp, 18
core   0: 3 0x80003ff0 (0x0121dd13) x26 0x0000001b
core   0: 0x80003ff4 (0x00008c4d) c.or    s0, a1
core   0: 3 0x80003ff4 (0x8c4d) x8  0xe1feefdf
core   0: 0x80003ff6 (0x03f062b3) rem     t0, zero, t6
core   0: 3 0x80003ff6 (0x03f062b3) x5  0x00000000
core   0: 0x80003ffa (0x03967c33) remu    s8, a2, s9
core   0: 3 0x80003ffa (0x03967c33) x24 0x2faa33b9
core   0: 0x80003ffe (0x000084f1) c.srai  s1, 28
core   0: 3 0x80003ffe (0x84f1) x9  0x00000000
core   0: 0x80004000 (0x02f4c363) blt     s1, a5, pc + 38
core   0: 3 0x80004000 (0x02f4c363)
core   0: 0x80004026 (0x03330a33) mul     s4, t1, s3
core   0: 3 0x80004026 (0x03330a33) x20 0x00872200
core   0: 0x8000402a (0x07051d63) bne     a0, a6, pc + 122
core   0: 3 0x8000402a (0x07051d63)
core   0: 0x800040a4 (0x036f1563) bne     t5, s6, pc + 42
core   0: 3 0x800040a4 (0x036f1563)
core   0: 0x800040ce (0x00001cfd) c.addi  s9, -1
core   0: 3 0x800040ce (0x1cfd) x25 0x75931c00
core   0: 0x800040d0 (0x00009c7e) c.add   s8, t6
core   0: 3 0x800040d0 (0x9c7e) x24 0x2faa5adc
core   0: 0x800040d2 (0x00008c95) c.sub   s1, a3
core   0: 3 0x800040d2 (0x8c95) x9  0xffffd5be
core   0: 0x800040d4 (0x00009516) c.add   a0, t0
core   0: 3 0x800040d4 (0x9516) x10 0xe1fecc5f
core   0: 0x800040d6 (0x1c4efd93) andi    s11, t4, 452
core   0: 3 0x800040d6 (0x1c4efd93) x27 0x00000140
core   0: 0x800040da (0x03033cb3) mulhu   s9, t1, a6
core   0: 3 0x800040da (0x03033cb3) x25 0x00000000
core   0: 0x800040de (0x00008c35) c.xor   s0, a3
core   0: 3 0x800040de (0x8c35) x8  0xe1fec59d
core   0: 0x800040e0 (0x0000694d) c.lui   s2, 0x13
core   0: 3 0x800040e0 (0x694d) x18 0x00013000
core   0: 0x800040e2 (0xf986bd93) sltiu   s11, a3, -104
core   0: 3 0x800040e2 (0xf986bd93) x27 0x00000001
core   0: 0x800040e6 (0x01ef85b3) add     a1, t6, t5
core   0: 3 0x800040e6 (0x01ef85b3) x11 0x00002723
core   0: 0x800040ea (0x00009a7a) c.add   s4, t5
core   0: 3 0x800040ea (0x9a7a) x20 0x00872200
core   0: 0x800040ec (0x00008f79) c.and   a4, a4
core   0: 3 0x800040ec (0x8f79) x14 0x0037554f
core   0: 0x800040ee (0x00e41c13) slli    s8, s0, 14
core   0: 3 0x800040ee (0x00e41c13) x24 0xb1674000
core   0: 0x800040f2 (0x00008db5) c.xor   a1, a3
core   0: 3 0x800040f2 (0x8db5) x11 0x00000d61
core   0: 0x800040f4 (0x00008d3d) c.xor   a0, a5
core   0: 3 0x800040f4 (0x8d3d) x10 0xe1fecc5e
core   0: 0x800040f6 (0x00008ea9) c.xor   a3, a0
core   0: 3 0x800040f6 (0x8ea9) x13 0xe1fee61c
core   0: 0x800040f8 (0xe90bf813) andi    a6, s7, -368
core   0: 3 0x800040f8 (0xe90bf813) x16 0x00000000
core   0: 0x800040fc (0x53b4f693) andi    a3, s1, 1339
core   0: 3 0x800040fc (0x53b4f693) x13 0x0000053a
core   0: 0x80004100 (0x02d36fb3) rem     t6, t1, a3
core   0: 3 0x80004100 (0x02d36fb3) x31 0x000001c6
core   0: 0x80004104 (0x01fcd463) bge     s9, t6, pc + 8
core   0: 3 0x80004104 (0x01fcd463)
core   0: 0x80004108 (0x005bc3b3) xor     t2, s7, t0
core   0: 3 0x80004108 (0x005bc3b3) x7  0x00000000
core   0: 0x8000410c (0x034dc8b3) div     a7, s11, s4
core   0: 3 0x8000410c (0x034dc8b3) x17 0x00000000
core   0: 0x80004110 (0x02eb5a33) divu    s4, s6, a4
core   0: 3 0x80004110 (0x02eb5a33) x20 0x00000000
core   0: 0x80004114 (0x0000c215) c.beqz  a2, pc + 36
core   0: 3 0x80004114 (0xc215)
core   0: 0x80004116 (0x00008c5d) c.or    s0, a5
core   0: 3 0x80004116 (0x8c5d) x8  0xe1fec59d
core   0: 0x80004118 (0x00008d0e) c.mv    s10, gp
core   0: 3 0x80004118 (0x8d0e) x26 0x006ea892
core   0: 0x8000411a (0x02a70a33) mul     s4, a4, a0
core   0: 3 0x8000411a (0x02a70a33) x20 0x3fae4702
core   0: 0x8000411e (0x027731b3) mulhu   gp, a4, t2
core   0: 3 0x8000411e (0x027731b3) x3  0x00000000
core   0: 0x80004122 (0x000007be) c.slli  a5, 15
core   0: 3 0x80004122 (0x07be) x15 0x00008000
core   0: 0x80004124 (0x0000e389) c.bnez  a5, pc + 2
core   0: 3 0x80004124 (0xe389)
core   0: 0x80004126 (0x000096da) c.add   a3, s6
core   0: 3 0x80004126 (0x96da) x13 0x00000a81
core   0: 0x80004128 (0x00008ed5) c.or    a3, a3
core   0: 3 0x80004128 (0x8ed5) x13 0x00000a81
core   0: 0x8000412a (0x03b2b1b3) mulhu   gp, t0, s11
core   0: 3 0x8000412a (0x03b2b1b3) x3  0x00000000
core   0: 0x8000412e (0x00001a7d) c.addi  s4, -1
core   0: 3 0x8000412e (0x1a7d) x20 0x3fae4701
core   0: 0x80004130 (0x032434b3) mulhu   s1, s0, s2
core   0: 3 0x80004130 (0x032434b3) x9  0x00010c5e
core   0: 0x80004134 (0x01b2fc33) and     s8, t0, s11
core   0: 3 0x80004134 (0x01b2fc33) x24 0x00000000
core   0: 0x80004138 (0x00379633) sll     a2, a5, gp
core   0: 3 0x80004138 (0x00379633) x12 0x00008000
core   0: 0x8000413c (0x00826663) bltu    tp, s0, pc + 12
core   0: 3 0x8000413c (0x00826663)
core   0: 0x80004148 (0x407981b3) sub     gp, s3, t2
core   0: 3 0x80004148 (0x407981b3) x3  0x0000134e
core   0: 0x8000414c (0x0000e5a1) c.bnez  a1, pc + 72
core   0: 3 0x8000414c (0xe5a1)
core   0: 0x80004194 (0x033385b3) mul     a1, t2, s3
core   0: 3 0x80004194 (0x033385b3) x11 0x00000000
core   0: 0x80004198 (0x040fe363) bltu    t6, zero, pc + 70
core   0: 3 0x80004198 (0x040fe363)
core   0: 0x8000419c (0x02377a63) bgeu    a4, gp, pc + 52
core   0: 3 0x8000419c (0x02377a63)
core   0: 0x800041d0 (0x01319633) sll     a2, gp, s3
core   0: 3 0x800041d0 (0x01319633) x12 0x04d38000
core   0: 0x800041d4 (0x01c80b63) beq     a6, t3, pc + 22
core   0: 3 0x800041d4 (0x01c80b63)
core   0: 0x800041d8 (0x0109dd33) srl     s10, s3, a6
core   0: 3 0x800041d8 (0x0109dd33) x26 0x0000134e
core   0: 0x800041dc (0x00008c91) c.sub   s1, a2
core   0: 3 0x800041dc (0x8c91) x9  0xfb2d8c5e
core   0: 0x800041de (0x02f5f663) bgeu    a1, a5, pc + 44
core   0: 3 0x800041de (0x02f5f663)
core   0: 0x800041e2 (0x00008f39) c.xor   a4, a4
core   0: 3 0x800041e2 (0x8f39) x14 0x00000000
core   0: 0x800041e4 (0x03002d33) mulhsu  s10, zero, a6
core   0: 3 0x800041e4 (0x03002d33) x26 0x00000000
core   0: 0x800041e8 (0x00008b81) c.andi  a5, 0
core   0: 3 0x800041e8 (0x8b81) x15 0x00000000
core   0: 0x800041ea (0x02c04633) div     a2, zero, a2
core   0: 3 0x800041ea (0x02c04633) x12 0x00000000
core   0: 0x800041ee (0x0000cc99) c.beqz  s1, pc + 30
core   0: 3 0x800041ee (0xcc99)
core   0: 0x800041f0 (0x411e4793) xori    a5, t3, 1041
core   0: 3 0x800041f0 (0x411e4793) x15 0x80025ab5
core   0: 0x800041f4 (0x038cf363) bgeu    s9, s8, pc + 38
core   0: 3 0x800041f4 (0x038cf363)
core   0: 0x8000421a (0x0000c131) c.beqz  a0, pc + 68
core   0: 3 0x8000421a (0xc131)
core   0: 0x8000421c (0x01b5d713) srli    a4, a1, 27
core   0: 3 0x8000421c (0x01b5d713) x14 0x00000000
core   0: 0x80004220 (0x00009a7d) c.andi  a2, -1
core   0: 3 0x80004220 (0x9a7d) x12 0x00000000
core   0: 0x80004222 (0x02c50533) mul     a0, a0, a2
core   0: 3 0x80004222 (0x02c50533) x10 0x00000000
core   0: 0x80004226 (0x61b8e293) ori     t0, a7, 1563
core   0: 3 0x80004226 (0x61b8e293) x5  0x0000061b
core   0: 0x8000422a (0x94adfc97) auipc   s9, 0x94adf
core   0: 3 0x8000422a (0x94adfc97) x25 0x14ae322a
core   0: 0x8000422e (0x0000eb81) c.bnez  a5, pc + 16
core   0: 3 0x8000422e (0xeb81)
core   0: 0x8000423e (0x0075c133) xor     sp, a1, t2
core   0: 3 0x8000423e (0x0075c133) x2  0x00000000
core   0: 0x80004242 (0x00008da5) c.xor   a1, s1
core   0: 3 0x80004242 (0x8da5) x11 0xfb2d8c5e
core   0: 0x80004244 (0x00791f13) slli    t5, s2, 7
core   0: 3 0x80004244 (0x00791f13) x30 0x00980000
core   0: 0x80004248 (0x03177833) remu    a6, a4, a7
core   0: 3 0x80004248 (0x03177833) x16 0x00000000
core   0: 0x8000424c (0x40f7d613) srai    a2, a5, 15
core   0: 3 0x8000424c (0x40f7d613) x12 0xffff0004
core   0: 0x80004250 (0x00aa3a33) sltu    s4, s4, a0
core   0: 3 0x80004250 (0x00aa3a33) x20 0x00000000
core   0: 0x80004254 (0x015924b3) slt     s1, s2, s5
core   0: 3 0x80004254 (0x015924b3) x9  0x00000000
core   0: 0x80004258 (0x00004159) c.li    sp, 22
core   0: 3 0x80004258 (0x4159) x2  0x00000016
core   0: 0x8000425a (0x03893bb3) mulhu   s7, s2, s8
core   0: 3 0x8000425a (0x03893bb3) x23 0x00000000
core   0: 0x8000425e (0x00af6463) bltu    t5, a0, pc + 8
core   0: 3 0x8000425e (0x00af6463)
core   0: 0x80004262 (0x417c8a33) sub     s4, s9, s7
core   0: 3 0x80004262 (0x417c8a33) x20 0x14ae322a
core   0: 0x80004266 (0x025dcfb3) div     t6, s11, t0
core   0: 3 0x80004266 (0x025dcfb3) x31 0x00000000
core   0: 0x8000426a (0x03e752b3) divu    t0, a4, t5
core   0: 3 0x8000426a (0x03e752b3) x5  0x00000000
core   0: 0x8000426e (0xc6e64c97) auipc   s9, 0xc6e64
core   0: 3 0x8000426e (0xc6e64c97) x25 0x46e6826e
core   0: 0x80004272 (0x00000001) c.nop
core   0: 3 0x80004272 (0x0001)
core   0: 0x80004274 (0x00b91963) bne     s2, a1, pc + 18
core   0: 3 0x80004274 (0x00b91963)
core   0: 0x80004286 (0x5726e317) auipc   t1, 0x5726e
core   0: 3 0x80004286 (0x5726e317) x6  0xd7272286
core   0: 0x8000428a (0x014d7cb3) and     s9, s10, s4
core   0: 3 0x8000428a (0x014d7cb3) x25 0x00000000
core   0: 0x8000428e (0x00005cfd) c.li    s9, -1
core   0: 3 0x8000428e (0x5cfd) x25 0xffffffff
core   0: 0x80004290 (0x00929033) sll     zero, t0, s1
core   0: 3 0x80004290 (0x00929033)
core   0: 0x80004294 (0x0000e231) c.bnez  a2, pc + 68
core   0: 3 0x80004294 (0xe231)
core   0: 0x800042d8 (0x03414463) blt     sp, s4, pc + 40
core   0: 3 0x800042d8 (0x03414463)
core   0: 0x80004300 (0x00008db9) c.xor   a1, a4
core   0: 3 0x80004300 (0x8db9) x11 0xfb2d8c5e
core   0: 0x80004302 (0x000086e1) c.srai  a3, 24
core   0: 3 0x80004302 (0x86e1) x13 0x00000000
core   0: 0x80004304 (0x721a6497) auipc   s1, 0x721a6
core   0: 3 0x80004304 (0x721a6497) x9  0xf21aa304
core   0: 0x80004308 (0x00000001) c.nop
core   0: 3 0x80004308 (0x0001)
core   0: 0x8000430a (0x5d73a537) lui     a0, 0x5d73a
core   0: 3 0x8000430a (0x5d73a537) x10 0x5d73a000
core   0: 0x8000430e (0x00000001) c.nop
core   0: 3 0x8000430e (0x0001)
core   0: 0x80004310 (0x000003c6) c.slli  t2, 17
core   0: 3 0x80004310 (0x03c6) x7  0x00000000
core   0: 0x80004312 (0x0000c615) c.beqz  a2, pc + 44
core   0: 3 0x80004312 (0xc615)
core   0: 0x80004314 (0x00e4ab33) slt     s6, s1, a4
core   0: 3 0x80004314 (0x00e4ab33) x22 0x00000001
core   0: 0x80004318 (0x01171263) bne     a4, a7, pc + 4
core   0: 3 0x80004318 (0x01171263)
core   0: 0x8000431c (0x414a5933) sra     s2, s4, s4
core   0: 3 0x8000431c (0x414a5933) x18 0x00052b8c
core   0: 0x80004320 (0x0196da93) srli    s5, a3, 25
core   0: 3 0x80004320 (0x0196da93) x21 0x00000000
core   0: 0x80004324 (0x02051cb3) mulh    s9, a0, zero
core   0: 3 0x80004324 (0x02051cb3) x25 0x00000000
core   0: 0x80004328 (0x00000001) c.nop
core   0: 3 0x80004328 (0x0001)
core   0: 0x8000432a (0x00e28fb3) add     t6, t0, a4
core   0: 3 0x8000432a (0x00e28fb3) x31 0x00000000
core   0: 0x8000432e (0x00000a84) c.addi4spn s1, sp, 336
core   0: 3 0x8000432e (0x0a84) x9  0x00000166
core   0: 0x80004330 (0x004b6863) bltu    s6, tp, pc + 16
core   0: 3 0x80004330 (0x004b6863)
core   0: 0x80004340 (0x0000ef99) c.bnez  a5, pc + 30
core   0: 3 0x80004340 (0xef99)
core   0: 0x8000435e (0x01e057b3) srl     a5, zero, t5
core   0: 3 0x8000435e (0x01e057b3) x15 0x00000000
core   0: 0x80004362 (0x93103513) sltiu   a0, zero, -1743
core   0: 3 0x80004362 (0x93103513) x10 0x00000001
core   0: 0x80004366 (0x000013fd) c.addi  t2, -1
core   0: 3 0x80004366 (0x13fd) x7  0xffffffff
core   0: 0x80004368 (0x00000001) c.nop
core   0: 3 0x80004368 (0x0001)
core   0: 0x8000436a (0x00009a7d) c.andi  a2, -1
core   0: 3 0x8000436a (0x9a7d) x12 0xffff0004
core   0: 0x8000436c (0x00785f33) srl     t5, a6, t2
core   0: 3 0x8000436c (0x00785f33) x30 0x00000000
core   0: 0x80004370 (0x02e1d9b3) divu    s3, gp, a4
core   0: 3 0x80004370 (0x02e1d9b3) x19 0xffffffff
core   0: 0x80004374 (0x0194fc63) bgeu    s1, s9, pc + 24
core   0: 3 0x80004374 (0x0194fc63)
core   0: 0x8000438c (0x00000001) c.nop
core   0: 3 0x8000438c (0x0001)
core   0: 0x8000438e (0x033dadb3) mulhsu  s11, s11, s3
core   0: 3 0x8000438e (0x033dadb3) x27 0x00000000
core   0: 0x80004392 (0x00000001) c.nop
core   0: 3 0x80004392 (0x0001)
core   0: 0x80004394 (0x00008639) c.srai  a2, 14
core   0: 3 0x80004394 (0x8639) x12 0xfffffffc
core   0: 0x80004396 (0x032babb3) mulhsu  s7, s7, s2
core   0: 3 0x80004396 (0x032babb3) x23 0x00000000
core   0: 0x8000439a (0x00000f1c) c.addi4spn a5, sp, 912
core   0: 3 0x8000439a (0x0f1c) x15 0x000003a6
core   0: 0x8000439c (0x00008aa6) c.mv    s5, s1
core   0: 3 0x8000439c (0x8aa6) x21 0x00000166
core   0: 0x8000439e (0x00004991) c.li    s3, 4
core   0: 3 0x8000439e (0x4991) x19 0x00000004
core   0: 0x800043a0 (0x00689b13) slli    s6, a7, 6
core   0: 3 0x800043a0 (0x00689b13) x22 0x00000000
core   0: 0x800043a4 (0x00004f95) c.li    t6, 5
core   0: 3 0x800043a4 (0x4f95) x31 0x00000005
core   0: 0x800043a6 (0x00001b08) c.addi4spn a0, sp, 432
core   0: 3 0x800043a6 (0x1b08) x10 0x000001c6
core   0: 0x800043a8 (0x41645f13) srai    t5, s0, 22
core   0: 3 0x800043a8 (0x41645f13) x30 0xffffff87
core   0: 0x800043ac (0x0000098d) c.addi  s3, 3
core   0: 3 0x800043ac (0x098d) x19 0x00000007
core   0: 0x800043ae (0x03bee633) rem     a2, t4, s11
core   0: 3 0x800043ae (0x03bee633) x12 0x307a4b70
core   0: 0x800043b2 (0x01ea8433) add     s0, s5, t5
core   0: 3 0x800043b2 (0x01ea8433) x8  0x000000ed
core   0: 0x800043b6 (0x75ffe113) ori     sp, t6, 1887
core   0: 3 0x800043b6 (0x75ffe113) x2  0x0000075f
core   0: 0x800043ba (0x00009b7d) c.andi  a4, -1
core   0: 3 0x800043ba (0x9b7d) x14 0x00000000
core   0: 0x800043bc (0xfff9c5e3) blt     s3, t6, pc - 22
core   0: 3 0x800043bc (0xfff9c5e3)
core   0: 0x800043c0 (0xbb073097) auipc   ra, 0xbb073
core   0: 3 0x800043c0 (0xbb073097) x1  0x3b0773c0
core   0: 0x800043c4 (0x406c87b3) sub     a5, s9, t1
core   0: 3 0x800043c4 (0x406c87b3) x15 0x28d8dd7a
core   0: 0x800043c8 (0x002a72b3) and     t0, s4, sp
core   0: 3 0x800043c8 (0x002a72b3) x5  0x0000020a
core   0: 0x800043cc (0x00008cee) c.mv    s9, s11
core   0: 3 0x800043cc (0x8cee) x25 0x00000000
core   0: 0x800043ce (0x007e4b63) blt     t3, t2, pc + 22
core   0: 3 0x800043ce (0x007e4b63)
core   0: 0x800043e4 (0x0000e599) c.bnez  a1, pc + 14
core   0: 3 0x800043e4 (0xe599)
core   0: 0x800043f2 (0x419a8633) sub     a2, s5, s9
core   0: 3 0x800043f2 (0x419a8633) x12 0x00000166
core   0: 0x800043f6 (0x92337c13) andi    s8, t1, -1757
core   0: 3 0x800043f6 (0x92337c13) x24 0xd7272002
core   0: 0x800043fa (0x03ab9733) mulh    a4, s7, s10
core   0: 3 0x800043fa (0x03ab9733) x14 0x00000000
core   0: 0x800043fe (0x00d1f133) and     sp, gp, a3
core   0: 3 0x800043fe (0x00d1f133) x2  0x00000000
core   0: 0x80004402 (0x019e5a63) bge     t3, s9, pc + 20
core   0: 3 0x80004402 (0x019e5a63)
core   0: 0x80004406 (0x00009c92) c.add   s9, tp
core   0: 3 0x80004406 (0x9c92) x25 0x80029d24
core   0: 0x80004408 (0x007318b3) sll     a7, t1, t2
core   0: 3 0x80004408 (0x007318b3) x17 0x00000000
core   0: 0x8000440c (0x02eb14b3) mulh    s1, s6, a4
core   0: 3 0x8000440c (0x02eb14b3) x9  0x00000000
core   0: 0x80004410 (0x00001f8c) c.addi4spn a1, sp, 1008
core   0: 3 0x80004410 (0x1f8c) x11 0x000003f0
core   0: 0x80004412 (0xf45c7693) andi    a3, s8, -187
core   0: 3 0x80004412 (0xf45c7693) x13 0xd7272000
core   0: 0x80004416 (0x00e8da13) srli    s4, a7, 14
core   0: 3 0x80004416 (0x00e8da13) x20 0x00000000
core   0: 0x8000441a (0x1a354713) xori    a4, a0, 419
core   0: 3 0x8000441a (0x1a354713) x14 0x00000065
core   0: 0x8000441e (0x0000717d) c.addi16sp sp, -16
core   0: 3 0x8000441e (0x717d) x2  0xfffffff0
core   0: 0x80004420 (0x413d86b3) sub     a3, s11, s3
core   0: 3 0x80004420 (0x413d86b3) x13 0xfffffff9
core   0: 0x80004424 (0x04216163) bltu    sp, sp, pc + 66
core   0: 3 0x80004424 (0x04216163)
core   0: 0x80004428 (0x0000ce19) c.beqz  a2, pc + 30
core   0: 3 0x80004428 (0xce19)
core   0: 0x8000442a (0x58e64113) xori    sp, a2, 1422
core   0: 3 0x8000442a (0x58e64113) x2  0x000004e8
core   0: 0x8000442e (0x029b6833) rem     a6, s6, s1
core   0: 3 0x8000442e (0x029b6833) x16 0x00000000
core   0: 0x80004432 (0x005f0ab3) add     s5, t5, t0
core   0: 3 0x80004432 (0x005f0ab3) x21 0x00000191
core   0: 0x80004436 (0x01ea11b3) sll     gp, s4, t5
core   0: 3 0x80004436 (0x01ea11b3) x3  0x00000000
core   0: 0x8000443a (0x000087ed) c.srai  a5, 27
core   0: 3 0x8000443a (0x87ed) x15 0x00000005
core   0: 0x8000443c (0x00a76f33) or      t5, a4, a0
core   0: 3 0x8000443c (0x00a76f33) x30 0x000001e7
core   0: 0x80004440 (0x00008c3d) c.xor   s0, a5
core   0: 3 0x80004440 (0x8c3d) x8  0x000000e8
core   0: 0x80004442 (0x41b55193) srai    gp, a0, 27
core   0: 3 0x80004442 (0x41b55193) x3  0x00000000
core   0: 0x80004446 (0x695bca93) xori    s5, s7, 1685
core   0: 3 0x80004446 (0x695bca93) x21 0x00000695
core   0: 0x8000444a (0xcedecf37) lui     t5, 0xcedec
core   0: 3 0x8000444a (0xcedecf37) x30 0xcedec000
core   0: 0x8000444e (0x93e08a93) addi    s5, ra, -1730
core   0: 3 0x8000444e (0x93e08a93) x21 0x3b076cfe
core   0: 0x80004452 (0x00d4b333) sltu    t1, s1, a3
core   0: 3 0x80004452 (0x00d4b333) x6  0x00000001
core   0: 0x80004456 (0x00000001) c.nop
core   0: 3 0x80004456 (0x0001)
core   0: 0x80004458 (0x034f8ab3) mul     s5, t6, s4
core   0: 3 0x80004458 (0x034f8ab3) x21 0x00000000
core   0: 0x8000445c (0x4137db13) srai    s6, a5, 19
core   0: 3 0x8000445c (0x4137db13) x22 0x00000000
core   0: 0x80004460 (0x0000987d) c.andi  s0, -1
core   0: 3 0x80004460 (0x987d) x8  0x000000e8
core   0: 0x80004462 (0x02a8d333) divu    t1, a7, a0
core   0: 3 0x80004462 (0x02a8d333) x6  0x00000000
core   0: 0x80004466 (0x491b8293) addi    t0, s7, 1169
core   0: 3 0x80004466 (0x491b8293) x5  0x00000491
core   0: 0x8000446a (0x0036cf33) xor     t5, a3, gp
core   0: 3 0x8000446a (0x0036cf33) x30 0xfffffff9
core   0: 0x8000446e (0x00000f80) c.addi4spn s0, sp, 976
core   0: 3 0x8000446e (0x0f80) x8  0x000008b8
core   0: 0x80004470 (0x00008416) c.mv    s0, t0
core   0: 3 0x80004470 (0x8416) x8  0x00000491
core   0: 0x80004472 (0xfac7b197) auipc   gp, 0xfac7b
core   0: 3 0x80004472 (0xfac7b197) x3  0x7ac7f472
core   0: 0x80004476 (0x00da6bb3) or      s7, s4, a3
core   0: 3 0x80004476 (0x00da6bb3) x23 0xfffffff9
core   0: 0x8000447a (0x03dc58b3) divu    a7, s8, t4
core   0: 3 0x8000447a (0x03dc58b3) x17 0x00000004
core   0: 0x8000447e (0x41558db3) sub     s11, a1, s5
core   0: 3 0x8000447e (0x41558db3) x27 0x000003f0
core   0: 0x80004482 (0x0000c58d) c.beqz  a1, pc + 42
core   0: 3 0x80004482 (0xc58d)
core   0: 0x80004484 (0x009b02b3) add     t0, s6, s1
core   0: 3 0x80004484 (0x009b02b3) x5  0x00000000
core   0: 0x80004488 (0x00006179) c.addi16sp sp, 464
core   0: 3 0x80004488 (0x6179) x2  0x000006b8
core   0: 0x8000448a (0x0348b1b3) mulhu   gp, a7, s4
core   0: 3 0x8000448a (0x0348b1b3) x3  0x00000000
core   0: 0x8000448e (0x001b1333) sll     t1, s6, ra
core   0: 3 0x8000448e (0x001b1333) x6  0x00000000
core   0: 0x80004492 (0x0000717d) c.addi16sp sp, -16
core   0: 3 0x80004492 (0x717d) x2  0x000006a8
core   0: 0x80004494 (0x0000e59d) c.bnez  a1, pc + 46
core   0: 3 0x80004494 (0xe59d)
core   0: 0x800044c2 (0x00001794) c.addi4spn a3, sp, 992
core   0: 3 0x800044c2 (0x1794) x13 0x00000a88
core   0: 0x800044c4 (0x0000ef09) c.bnez  a4, pc + 26
core   0: 3 0x800044c4 (0xef09)
core   0: 0x800044de (0xae305c97) auipc   s9, 0xae305
core   0: 3 0x800044de (0xae305c97) x25 0x2e3094de
core   0: 0x800044e2 (0x02a79633) mulh    a2, a5, a0
core   0: 3 0x800044e2 (0x02a79633) x12 0x00000000
core   0: 0x800044e6 (0xf4960413) addi    s0, a2, -183
core   0: 3 0x800044e6 (0xf4960413) x8  0xffffff49
core   0: 0x800044ea (0x00004351) c.li    t1, 20
core   0: 3 0x800044ea (0x4351) x6  0x00000014
core   0: 0x800044ec (0x018cc6b3) xor     a3, s9, s8
core   0: 3 0x800044ec (0x018cc6b3) x13 0xf917b4dc
core   0: 0x800044f0 (0x00006459) c.lui   s0, 0x16
core   0: 3 0x800044f0 (0x6459) x8  0x00016000
core   0: 0x800044f2 (0x40e0d6b3) sra     a3, ra, a4
core   0: 3 0x800044f2 (0x40e0d6b3) x13 0x01d83b9e
core   0: 0x800044f6 (0x000092be) c.add   t0, a5
core   0: 3 0x800044f6 (0x92be) x5  0x00000005
core   0: 0x800044f8 (0x016669b3) or      s3, a2, s6
core   0: 3 0x800044f8 (0x016669b3) x19 0x00000000
core   0: 0x800044fc (0x03df4763) blt     t5, t4, pc + 46
core   0: 3 0x800044fc (0x03df4763)
core   0: 0x8000452a (0x40735a33) sra     s4, t1, t2
core   0: 3 0x8000452a (0x40735a33) x20 0x00000000
core   0: 0x8000452e (0x00008de2) c.mv    s11, s8
core   0: 3 0x8000452e (0x8de2) x27 0xd7272002
core   0: 0x80004530 (0x0300cb63) blt     ra, a6, pc + 54
core   0: 3 0x80004530 (0x0300cb63)
core   0: 0x80004534 (0x0a3a4f97) auipc   t6, 0xa3a4
core   0: 3 0x80004534 (0x0a3a4f97) x31 0x8a3a8534
core   0: 0x80004538 (0x410385b3) sub     a1, t2, a6
core   0: 3 0x80004538 (0x410385b3) x11 0xffffffff
core   0: 0x8000453c (0xeab00f13) li      t5, -341
core   0: 3 0x8000453c (0xeab00f13) x30 0xfffffeab
core   0: 0x80004540 (0x0000e881) c.bnez  s1, pc + 16
core   0: 3 0x80004540 (0xe881)
core   0: 0x80004542 (0x41148833) sub     a6, s1, a7
core   0: 3 0x80004542 (0x41148833) x16 0xfffffffc
core   0: 0x80004546 (0x000060c1) c.lui   ra, 0x10
core   0: 3 0x80004546 (0x60c1) x1  0x00010000
core   0: 0x80004548 (0x020505b3) mul     a1, a0, zero
core   0: 3 0x80004548 (0x020505b3) x11 0x00000000
core   0: 0x8000454c (0x4191dd33) sra     s10, gp, s9
core   0: 3 0x8000454c (0x4191dd33) x26 0x00000000
core   0: 0x80004550 (0x67500bb7) lui     s7, 0x67500
core   0: 3 0x80004550 (0x67500bb7) x23 0x67500000
core   0: 0x80004554 (0x0000613d) c.addi16sp sp, 480
core   0: 3 0x80004554 (0x613d) x2  0x00000888
core   0: 0x80004556 (0x00a581b3) add     gp, a1, a0
core   0: 3 0x80004556 (0x00a581b3) x3  0x000001c6
core   0: 0x8000455a (0x00244e63) blt     s0, sp, pc + 28
core   0: 3 0x8000455a (0x00244e63)
core   0: 0x8000455e (0xe1a84797) auipc   a5, 0xe1a84
core   0: 3 0x8000455e (0xe1a84797) x15 0x61a8855e
core   0: 0x80004562 (0xfafe4013) xori    zero, t3, -81
core   0: 3 0x80004562 (0xfafe4013)
core   0: 0x80004566 (0x0000c719) c.beqz  a4, pc + 14
core   0: 3 0x80004566 (0xc719)
core   0: 0x80004568 (0x00435533) srl     a0, t1, tp
core   0: 3 0x80004568 (0x00435533) x10 0x00000001
core   0: 0x8000456c (0x00008d56) c.mv    s10, s5
core   0: 3 0x8000456c (0x8d56) x26 0x00000000
core   0: 0x8000456e (0x00b2f4b3) and     s1, t0, a1
core   0: 3 0x8000456e (0x00b2f4b3) x9  0x00000000
core   0: 0x80004572 (0x00008e5d) c.or    a2, a5
core   0: 3 0x80004572 (0x8e5d) x12 0x61a8855e
core   0: 0x80004574 (0x00008235) c.srli  a2, 13
core   0: 3 0x80004574 (0x8235) x12 0x00030d44
core   0: 0x80004576 (0x017235b3) sltu    a1, tp, s7
core   0: 3 0x80004576 (0x017235b3) x11 0x00000000
core   0: 0x8000457a (0x02cf4463) blt     t5, a2, pc + 40
core   0: 3 0x8000457a (0x02cf4463)
core   0: 0x800045a2 (0x01b36db3) or      s11, t1, s11
core   0: 3 0x800045a2 (0x01b36db3) x27 0xd7272016
core   0: 0x800045a6 (0x00008e15) c.sub   a2, a3
core   0: 3 0x800045a6 (0x8e15) x12 0xfe2ad1a6
core   0: 0x800045a8 (0x00004489) c.li    s1, 2
core   0: 3 0x800045a8 (0x4489) x9  0x00000002
core   0: 0x800045aa (0x03e2f3b3) remu    t2, t0, t5
core   0: 3 0x800045aa (0x03e2f3b3) x7  0x00000005
core   0: 0x800045ae (0x02ff34b3) mulhu   s1, t5, a5
core   0: 3 0x800045ae (0x02ff34b3) x9  0x61a884db
core   0: 0x800045b2 (0x000009ae) c.slli  s3, 11
core   0: 3 0x800045b2 (0x09ae) x19 0x00000000
core   0: 0x800045b4 (0x00d8d993) srli    s3, a7, 13
core   0: 3 0x800045b4 (0x00d8d993) x19 0x00000000
core   0: 0x800045b8 (0x01ae7033) and     zero, t3, s10
core   0: 3 0x800045b8 (0x01ae7033)
core   0: 0x800045bc (0x05859363) bne     a1, s8, pc + 70
core   0: 3 0x800045bc (0x05859363)
core   0: 0x80004602 (0x00423ab3) sltu    s5, tp, tp
core   0: 3 0x80004602 (0x00423ab3) x21 0x00000000
core   0: 0x80004606 (0x02c96733) rem     a4, s2, a2
core   0: 3 0x80004606 (0x02c96733) x14 0x00052b8c
core   0: 0x8000460a (0x4125dc13) srai    s8, a1, 18
core   0: 3 0x8000460a (0x4125dc13) x24 0x00000000
core   0: 0x8000460e (0x01050263) beq     a0, a6, pc + 4
core   0: 3 0x8000460e (0x01050263)
core   0: 0x80004612 (0xafce8793) addi    a5, t4, -1284
core   0: 3 0x80004612 (0xafce8793) x15 0x307a466c
core   0: 0x80004616 (0x016b9d33) sll     s10, s7, s6
core   0: 3 0x80004616 (0x016b9d33) x26 0x67500000
core   0: 0x8000461a (0xb9b74a93) xori    s5, a4, -1125
core   0: 3 0x8000461a (0xb9b74a93) x21 0xfffad017
core   0: 0x8000461e (0xf0fa4d93) xori    s11, s4, -241
core   0: 3 0x8000461e (0xf0fa4d93) x27 0xffffff0f
core   0: 0x80004622 (0x406e5cb3) sra     s9, t3, t1
core   0: 3 0x80004622 (0x406e5cb3) x25 0xfffff800
core   0: 0x80004626 (0x413508b3) sub     a7, a0, s3
core   0: 3 0x80004626 (0x413508b3) x17 0x00000001
core   0: 0x8000462a (0x4090dc93) srai    s9, ra, 9
core   0: 3 0x8000462a (0x4090dc93) x25 0x00000080
core   0: 0x8000462e (0x01551f33) sll     t5, a0, s5
core   0: 3 0x8000462e (0x01551f33) x30 0x00800000
core   0: 0x80004632 (0x02969a63) bne     a3, s1, pc + 52
core   0: 3 0x80004632 (0x02969a63)
core   0: 0x80004666 (0x02db7833) remu    a6, s6, a3
core   0: 3 0x80004666 (0x02db7833) x16 0x00000000
core   0: 0x8000466a (0x00790f33) add     t5, s2, t2
core   0: 3 0x8000466a (0x00790f33) x30 0x00052b91
core   0: 0x8000466e (0x000ce2b3) or      t0, s9, zero
core   0: 3 0x8000466e (0x000ce2b3) x5  0x00000080
core   0: 0x80004672 (0x0128acb3) slt     s9, a7, s2
core   0: 3 0x80004672 (0x0128acb3) x25 0x00000001
core   0: 0x80004676 (0x00000001) c.nop
core   0: 3 0x80004676 (0x0001)
core   0: 0x80004678 (0x00008fd1) c.or    a5, a2
core   0: 3 0x80004678 (0x8fd1) x15 0xfe7ad7ee
core   0: 0x8000467a (0x00008645) c.srai  a2, 17
core   0: 3 0x8000467a (0x8645) x12 0xffffff15
core   0: 0x8000467c (0x0000961a) c.add   a2, t1
core   0: 3 0x8000467c (0x961a) x12 0xffffff29
core   0: 0x8000467e (0x00006b1d) c.lui   s6, 0x7
core   0: 3 0x8000467e (0x6b1d) x22 0x00007000
core   0: 0x80004680 (0x0000830e) c.mv    t1, gp
core   0: 3 0x80004680 (0x830e) x6  0x000001c6
core   0: 0x80004682 (0x000006fa) c.slli  a3, 30
core   0: 3 0x80004682 (0x06fa) x13 0x80000000
core   0: 0x80004684 (0xf97f0b13) addi    s6, t5, -105
core   0: 3 0x80004684 (0xf97f0b13) x22 0x00052b28
core   0: 0x80004688 (0xf0d4b013) sltiu   zero, s1, -243
core   0: 3 0x80004688 (0xf0d4b013)
core   0: 0x8000468c (0x03c1b133) mulhu   sp, gp, t3
core   0: 3 0x8000468c (0x03c1b133) x2  0x000000e3
core   0: 0x80004690 (0x0426f563) bgeu    a3, sp, pc + 74
core   0: 3 0x80004690 (0x0426f563)
core   0: 0x800046da (0x01819b33) sll     s6, gp, s8
core   0: 3 0x800046da (0x01819b33) x22 0x000001c6
core   0: 0x800046de (0xa6b7e613) ori     a2, a5, -1429
core   0: 3 0x800046de (0xa6b7e613) x12 0xffffffef
core   0: 0x800046e2 (0x017c0463) beq     s8, s7, pc + 8
core   0: 3 0x800046e2 (0x017c0463)
core   0: 0x800046e6 (0x028eac33) mulhsu  s8, t4, s0
core   0: 3 0x800046e6 (0x028eac33) x24 0x000042a8
core   0: 0x800046ea (0x00008f1d) c.sub   a4, a5
core   0: 3 0x800046ea (0x8f1d) x14 0x018a539e
core   0: 0x800046ec (0x02f4df33) divu    t5, s1, a5
core   0: 3 0x800046ec (0x02f4df33) x30 0x00000000
core   0: 0x800046f0 (0x03efb4b3) mulhu   s1, t6, t5
core   0: 3 0x800046f0 (0x03efb4b3) x9  0x00000000
core   0: 0x800046f4 (0x0365b1b3) mulhu   gp, a1, s6
core   0: 3 0x800046f4 (0x0365b1b3) x3  0x00000000
core   0: 0x800046f8 (0x027f2133) mulhsu  sp, t5, t2
core   0: 3 0x800046f8 (0x027f2133) x2  0x00000000
core   0: 0x800046fc (0xd2ab7593) andi    a1, s6, -726
core   0: 3 0x800046fc (0xd2ab7593) x11 0x00000102
core   0: 0x80004700 (0x039c5963) bge     s8, s9, pc + 50
core   0: 3 0x80004700 (0x039c5963)
core   0: 0x80004732 (0xcf4bbf93) sltiu   t6, s7, -780
core   0: 3 0x80004732 (0xcf4bbf93) x31 0x00000001
core   0: 0x80004736 (0x034707b3) mul     a5, a4, s4
core   0: 3 0x80004736 (0x034707b3) x15 0x00000000
core   0: 0x8000473a (0x00d2af33) slt     t5, t0, a3
core   0: 3 0x8000473a (0x00d2af33) x30 0x00000000
core   0: 0x8000473e (0x000056fd) c.li    a3, -1
core   0: 3 0x8000473e (0x56fd) x13 0xffffffff
core   0: 0x80004740 (0xddb2ac93) slti    s9, t0, -549
core   0: 3 0x80004740 (0xddb2ac93) x25 0x00000000
core   0: 0x80004744 (0x00000c90) c.addi4spn a2, sp, 592
core   0: 3 0x80004744 (0x0c90) x12 0x00000250
core   0: 0x80004746 (0x03984d63) blt     a6, s9, pc + 58
core   0: 3 0x80004746 (0x03984d63)
core   0: 0x8000474a (0x0000cf89) c.beqz  a5, pc + 26
core   0: 3 0x8000474a (0xcf89)
core   0: 0x80004764 (0x0000c285) c.beqz  a3, pc + 32
core   0: 3 0x80004764 (0xc285)
core   0: 0x80004766 (0x00000a6d) c.addi  s4, 27
core   0: 3 0x80004766 (0x0a6d) x20 0x0000001b
core   0: 0x80004768 (0x0000987d) c.andi  s0, -1
core   0: 3 0x80004768 (0x987d) x8  0x00016000
core   0: 0x8000476a (0x01bf0333) add     t1, t5, s11
core   0: 3 0x8000476a (0x01bf0333) x6  0xffffff0f
core   0: 0x8000476e (0x02910b33) mul     s6, sp, s1
core   0: 3 0x8000476e (0x02910b33) x22 0x00000000
core   0: 0x80004772 (0x000063d5) c.lui   t2, 0x15
core   0: 3 0x80004772 (0x63d5) x7  0x00015000
core   0: 0x80004774 (0x00c21a33) sll     s4, tp, a2
core   0: 3 0x80004774 (0x00c21a33) x20 0x9d240000
core   0: 0x80004778 (0x00000add) c.addi  s5, 23
core   0: 3 0x80004778 (0x0add) x21 0xfffad02e
core   0: 0x8000477a (0x0000e911) c.bnez  a0, pc + 20
core   0: 3 0x8000477a (0xe911)
core   0: 0x8000478e (0x00000001) c.nop
core   0: 3 0x8000478e (0x0001)
core   0: 0x80004790 (0x00000001) c.nop
core   0: 3 0x80004790 (0x0001)
core   0: 0x80004792 (0x027849b3) div     s3, a6, t2
core   0: 3 0x80004792 (0x027849b3) x19 0x00000000
core   0: 0x80004796 (0x00a89333) sll     t1, a7, a0
core   0: 3 0x80004796 (0x00a89333) x6  0x00000002
core   0: 0x8000479a (0x03b41d33) mulh    s10, s0, s11
core   0: 3 0x8000479a (0x03b41d33) x26 0xffffffff
core   0: 0x8000479e (0x022e8033) mul     zero, t4, sp
core   0: 3 0x8000479e (0x022e8033)
core   0: 0x800047a2 (0x00991863) bne     s2, s1, pc + 16
core   0: 3 0x800047a2 (0x00991863)
core   0: 0x800047b2 (0x00008589) c.srai  a1, 2
core   0: 3 0x800047b2 (0x8589) x11 0x00000040
core   0: 0x800047b4 (0x00008d25) c.xor   a0, s1
core   0: 3 0x800047b4 (0x8d25) x10 0x00000001
core   0: 0x800047b6 (0x00000704) c.addi4spn s1, sp, 896
core   0: 3 0x800047b6 (0x0704) x9  0x00000380
core   0: 0x800047b8 (0x4067df93) srai    t6, a5, 6
core   0: 3 0x800047b8 (0x4067df93) x31 0x00000000
core   0: 0x800047bc (0x00008b3d) c.andi  a4, 15
core   0: 3 0x800047bc (0x8b3d) x14 0x0000000e
core   0: 0x800047be (0x002424b3) slt     s1, s0, sp
core   0: 3 0x800047be (0x002424b3) x9  0x00000000
core   0: 0x800047c2 (0x00006c1d) c.lui   s8, 0x7
core   0: 3 0x800047c2 (0x6c1d) x24 0x00007000
core   0: 0x800047c4 (0x00008cf1) c.and   s1, a2
core   0: 3 0x800047c4 (0x8cf1) x9  0x00000000
core   0: 0x800047c6 (0x02b9a8b3) mulhsu  a7, s3, a1
core   0: 3 0x800047c6 (0x02b9a8b3) x17 0x00000000
core   0: 0x800047ca (0x03f40a63) beq     s0, t6, pc + 52
core   0: 3 0x800047ca (0x03f40a63)
core   0: 0x800047ce (0x14661917) auipc   s2, 0x14661
core   0: 3 0x800047ce (0x14661917) x18 0x946657ce
core   0: 0x800047d2 (0x00000001) c.nop
core   0: 3 0x800047d2 (0x0001)
core   0: 0x800047d4 (0x41ae0a33) sub     s4, t3, s10
core   0: 3 0x800047d4 (0x41ae0a33) x20 0x80025ea5
core   0: 0x800047d8 (0x00000288) c.addi4spn a0, sp, 320
core   0: 3 0x800047d8 (0x0288) x10 0x00000140
core   0: 0x800047da (0x02797933) remu    s2, s2, t2
core   0: 3 0x800047da (0x02797933) x18 0x000007ce
core   0: 0x800047de (0x0000180c) c.addi4spn a1, sp, 48
core   0: 3 0x800047de (0x180c) x11 0x00000030
core   0: 0x800047e0 (0x01081513) slli    a0, a6, 16
core   0: 3 0x800047e0 (0x01081513) x10 0x00000000
core   0: 0x800047e4 (0x0012aa33) slt     s4, t0, ra
core   0: 3 0x800047e4 (0x0012aa33) x20 0x00000001
core   0: 0x800047e8 (0x00009bfd) c.andi  a5, -1
core   0: 3 0x800047e8 (0x9bfd) x15 0x00000000
core   0: 0x800047ea (0x02519033) mulh    zero, gp, t0
core   0: 3 0x800047ea (0x02519033)
core   0: 0x800047ee (0x02f0f963) bgeu    ra, a5, pc + 50
core   0: 3 0x800047ee (0x02f0f963)
core   0: 0x80004820 (0x01b46033) or      zero, s0, s11
core   0: 3 0x80004820 (0x01b46033)
core   0: 0x80004824 (0x00008e3d) c.xor   a2, a5
core   0: 3 0x80004824 (0x8e3d) x12 0x00000250
core   0: 0x80004826 (0x03154fb3) div     t6, a0, a7
core   0: 3 0x80004826 (0x03154fb3) x31 0xffffffff
core   0: 0x8000482a (0x0000537d) c.li    t1, -1
core   0: 3 0x8000482a (0x537d) x6  0xffffffff
core   0: 0x8000482c (0x2a4b6b13) ori     s6, s6, 676
core   0: 3 0x8000482c (0x2a4b6b13) x22 0x000002a4
core   0: 0x80004830 (0x0000839d) c.srli  a5, 7
core   0: 3 0x80004830 (0x839d) x15 0x00000000
core   0: 0x80004832 (0x03d1da33) divu    s4, gp, t4
core   0: 3 0x80004832 (0x03d1da33) x20 0x00000000
core   0: 0x80004836 (0x00000001) c.nop
core   0: 3 0x80004836 (0x0001)
core   0: 0x80004838 (0x03533bb3) mulhu   s7, t1, s5
core   0: 3 0x80004838 (0x03533bb3) x23 0xfffad02d
core   0: 0x8000483c (0x000049a9) c.li    s3, 10
core   0: 3 0x8000483c (0x49a9) x19 0x0000000a
core   0: 0x8000483e (0x404cd2b3) sra     t0, s9, tp
core   0: 3 0x8000483e (0x404cd2b3) x5  0x00000000
core   0: 0x80004842 (0x00008f09) c.sub   a4, a0
core   0: 3 0x80004842 (0x8f09) x14 0x0000000e
core   0: 0x80004844 (0x00004529) c.li    a0, 10
core   0: 3 0x80004844 (0x4529) x10 0x0000000a
core   0: 0x80004846 (0x00000001) c.nop
core   0: 3 0x80004846 (0x0001)
core   0: 0x80004848 (0x01f8a1b3) slt     gp, a7, t6
core   0: 3 0x80004848 (0x01f8a1b3) x3  0x00000000
core   0: 0x8000484c (0xb870fa13) andi    s4, ra, -1145
core   0: 3 0x8000484c (0xb870fa13) x20 0x00010000
core   0: 0x80004850 (0x000019dd) c.addi  s3, -9
core   0: 3 0x80004850 (0x19dd) x19 0x00000001
core   0: 0x80004852 (0x00000001) c.nop
core   0: 3 0x80004852 (0x0001)
core   0: 0x80004854 (0xfea9fae3) bgeu    s3, a0, pc - 12
core   0: 3 0x80004854 (0xfea9fae3)
core   0: 0x80004858 (0x00000dc2) c.slli  s11, 16
core   0: 3 0x80004858 (0x0dc2) x27 0xff0f0000
core   0: 0x8000485a (0x000056fd) c.li    a3, -1
core   0: 3 0x8000485a (0x56fd) x13 0xffffffff
core   0: 0x8000485c (0x01e50c63) beq     a0, t5, pc + 24
core   0: 3 0x8000485c (0x01e50c63)
core   0: 0x80004860 (0x01e90363) beq     s2, t5, pc + 6
core   0: 3 0x80004860 (0x01e90363)
core   0: 0x80004864 (0x0000c801) c.beqz  s0, pc + 16
core   0: 3 0x80004864 (0xc801)
core   0: 0x80004866 (0x025cc833) div     a6, s9, t0
core   0: 3 0x80004866 (0x025cc833) x16 0xffffffff
core   0: 0x8000486a (0x3cf4ff37) lui     t5, 0x3cf4f
core   0: 3 0x8000486a (0x3cf4ff37) x30 0x3cf4f000
core   0: 0x8000486e (0x00a1ba33) sltu    s4, gp, a0
core   0: 3 0x8000486e (0x00a1ba33) x20 0x00000001
core   0: 0x80004872 (0x00008e99) c.sub   a3, a4
core   0: 3 0x80004872 (0x8e99) x13 0xfffffff1
core   0: 0x80004874 (0x01922f33) slt     t5, tp, s9
core   0: 3 0x80004874 (0x01922f33) x30 0x00000001
core   0: 0x80004878 (0x00008b12) c.mv    s6, tp
core   0: 3 0x80004878 (0x8b12) x22 0x80029d24
core   0: 0x8000487a (0x000081f6) c.mv    gp, t4
core   0: 3 0x8000487a (0x81f6) x3  0x307a4b70
core   0: 0x8000487c (0x035266b3) rem     a3, tp, s5
core   0: 3 0x8000487c (0x035266b3) x13 0xffff9e0e
core   0: 0x80004880 (0x00000001) c.nop
core   0: 3 0x80004880 (0x0001)
core   0: 0x80004882 (0x0000c19d) c.beqz  a1, pc + 38
core   0: 3 0x80004882 (0xc19d)
core   0: 0x80004884 (0x000008f6) c.slli  a7, 29
core   0: 3 0x80004884 (0x08f6) x17 0x00000000
core   0: 0x80004886 (0x40b7d293) srai    t0, a5, 11
core   0: 3 0x80004886 (0x40b7d293) x5  0x00000000
core   0: 0x8000488a (0x41b55713) srai    a4, a0, 27
core   0: 3 0x8000488a (0x41b55713) x14 0x00000000
core   0: 0x8000488e (0x3df86793) ori     a5, a6, 991
core   0: 3 0x8000488e (0x3df86793) x15 0xffffffff
core   0: 0x80004892 (0x014803b3) add     t2, a6, s4
core   0: 3 0x80004892 (0x014803b3) x7  0x00000000
core   0: 0x80004896 (0x00008b7a) c.mv    s6, t5
core   0: 3 0x80004896 (0x8b7a) x22 0x00000001
core   0: 0x80004898 (0x0000ec89) c.bnez  s1, pc + 26
core   0: 3 0x80004898 (0xec89)
core   0: 0x8000489a (0x00a15893) srli    a7, sp, 10
core   0: 3 0x8000489a (0x00a15893) x17 0x00000000
core   0: 0x8000489e (0x01439c13) slli    s8, t2, 20
core   0: 3 0x8000489e (0x01439c13) x24 0x00000000
core   0: 0x800048a2 (0x00000c92) c.slli  s9, 4
core   0: 3 0x800048a2 (0x0c92) x25 0x00000000
core   0: 0x800048a4 (0x41e80633) sub     a2, a6, t5
core   0: 3 0x800048a4 (0x41e80633) x12 0xfffffffe
core   0: 0x800048a8 (0x000097de) c.add   a5, s7
core   0: 3 0x800048a8 (0x97de) x15 0xfffad02c
core   0: 0x800048aa (0x00008a7a) c.mv    s4, t5
core   0: 3 0x800048aa (0x8a7a) x20 0x00000001
core   0: 0x800048ac (0x4095dc93) srai    s9, a1, 9
core   0: 3 0x800048ac (0x4095dc93) x25 0x00000000
core   0: 0x800048b0 (0x00000ab6) c.slli  s5, 13
core   0: 3 0x800048b0 (0x0ab6) x21 0x5a05c000
core   0: 0x800048b2 (0x0333c563) blt     t2, s3, pc + 42
core   0: 3 0x800048b2 (0x0333c563)
core   0: 0x800048dc (0x033cd263) bge     s9, s3, pc + 36
core   0: 3 0x800048dc (0x033cd263)
core   0: 0x800048e0 (0x039e2f33) mulhsu  t5, t3, s9
core   0: 3 0x800048e0 (0x039e2f33) x30 0x00000000
core   0: 0x800048e4 (0x023ce563) bltu    s9, gp, pc + 42
core   0: 3 0x800048e4 (0x023ce563)
core   0: 0x8000490e (0x01b651b3) srl     gp, a2, s11
core   0: 3 0x8000490e (0x01b651b3) x3  0xfffffffe
core   0: 0x80004912 (0x01bffa33) and     s4, t6, s11
core   0: 3 0x80004912 (0x01bffa33) x20 0xff0f0000
core   0: 0x80004916 (0x00000001) c.nop
core   0: 3 0x80004916 (0x0001)
core   0: 0x80004918 (0x04108063) beq     ra, ra, pc + 64
core   0: 3 0x80004918 (0x04108063)
core   0: 0x80004958 (0x02e7f563) bgeu    a5, a4, pc + 42
core   0: 3 0x80004958 (0x02e7f563)
core   0: 0x80004982 (0x00008efd) c.and   a3, a5
core   0: 3 0x80004982 (0x8efd) x13 0xfffa900c
core   0: 0x80004984 (0x03509a63) bne     ra, s5, pc + 52
core   0: 3 0x80004984 (0x03509a63)
core   0: 0x800049b8 (0x00006579) c.lui   a0, 0x1e
core   0: 3 0x800049b8 (0x6579) x10 0x0001e000
core   0: 0x800049ba (0x00006a91) c.lui   s5, 0x4
core   0: 3 0x800049ba (0x6a91) x21 0x00004000
core   0: 0x800049bc (0x025b2733) mulhsu  a4, s6, t0
core   0: 3 0x800049bc (0x025b2733) x14 0x00000000
core   0: 0x800049c0 (0x01bb6333) or      t1, s6, s11
core   0: 3 0x800049c0 (0x01bb6333) x6  0xff0f0001
core   0: 0x800049c4 (0x00008e7d) c.and   a2, a5
core   0: 3 0x800049c4 (0x8e7d) x12 0xfffad02c
core   0: 0x800049c6 (0x01c0dd33) srl     s10, ra, t3
core   0: 3 0x800049c6 (0x01c0dd33) x26 0x00001000
core   0: 0x800049ca (0x01656033) or      zero, a0, s6
core   0: 3 0x800049ca (0x01656033)
core   0: 0x800049ce (0x01edecb3) or      s9, s11, t5
core   0: 3 0x800049ce (0x01edecb3) x25 0xff0f0000
core   0: 0x800049d2 (0x0247f7b3) remu    a5, a5, tp
core   0: 3 0x800049d2 (0x0247f7b3) x15 0x7ff83308
core   0: 0x800049d6 (0x00008b05) c.andi  a4, 1
core   0: 3 0x800049d6 (0x8b05) x14 0x00000000
core   0: 0x800049d8 (0x4060d713) srai    a4, ra, 6
core   0: 3 0x800049d8 (0x4060d713) x14 0x00000400
core   0: 0x800049dc (0x0242fa33) remu    s4, t0, tp
core   0: 3 0x800049dc (0x0242fa33) x20 0x00000000
core   0: 0x800049e0 (0x00000a8c) c.addi4spn a1, sp, 336
core   0: 3 0x800049e0 (0x0a8c) x11 0x00000150
core   0: 0x800049e2 (0x0000e391) c.bnez  a5, pc + 4
core   0: 3 0x800049e2 (0xe391)
core   0: 0x800049e6 (0x07327c13) andi    s8, tp, 115
core   0: 3 0x800049e6 (0x07327c13) x24 0x00000020
core   0: 0x800049ea (0x03b72d33) mulhsu  s10, a4, s11
core   0: 3 0x800049ea (0x03b72d33) x26 0x000003fc
core   0: 0x800049ee (0x00008e8d) c.sub   a3, a1
core   0: 3 0x800049ee (0x8e8d) x13 0xfffa8ebc
core   0: 0x800049f0 (0x004957b3) srl     a5, s2, tp
core   0: 3 0x800049f0 (0x004957b3) x15 0x0000007c
core   0: 0x800049f4 (0x00008eed) c.and   a3, a1
core   0: 3 0x800049f4 (0x8eed) x13 0x00000010
core   0: 0x800049f6 (0x61a7c013) xori    zero, a5, 1562
core   0: 3 0x800049f6 (0x61a7c013)
core   0: 0x800049fa (0x000057fd) c.li    a5, -1
core   0: 3 0x800049fa (0x57fd) x15 0xffffffff
core   0: 0x800049fc (0x0092e1b3) or      gp, t0, s1
core   0: 3 0x800049fc (0x0092e1b3) x3  0x00000000
core   0: 0x80004a00 (0x0000648d) c.lui   s1, 0x3
core   0: 3 0x80004a00 (0x648d) x9  0x00003000
core   0: 0x80004a02 (0x00008471) c.srai  s0, 28
core   0: 3 0x80004a02 (0x8471) x8  0x00000000
core   0: 0x80004a04 (0x00001b10) c.addi4spn a2, sp, 432
core   0: 3 0x80004a04 (0x1b10) x12 0x000001b0
core   0: 0x80004a06 (0x0000031c) c.addi4spn a5, sp, 384
core   0: 3 0x80004a06 (0x031c) x15 0x00000180
core   0: 0x80004a08 (0x0000648d) c.lui   s1, 0x3
core   0: 3 0x80004a08 (0x648d) x9  0x00003000
core   0: 0x80004a0a (0x035c9533) mulh    a0, s9, s5
core   0: 3 0x80004a0a (0x035c9533) x10 0xffffffc3
core   0: 0x80004a0e (0x00000fae) c.slli  t6, 11
core   0: 3 0x80004a0e (0x0fae) x31 0xfffff800
core   0: 0x80004a10 (0x0348cfb3) div     t6, a7, s4
core   0: 3 0x80004a10 (0x0348cfb3) x31 0xffffffff
core   0: 0x80004a14 (0xf3048097) auipc   ra, 0xf3048
core   0: 3 0x80004a14 (0xf3048097) x1  0x7304ca14
core   0: 0x80004a18 (0x03ce4533) div     a0, t3, t3
core   0: 3 0x80004a18 (0x03ce4533) x10 0x00000001
core   0: 0x80004a1c (0x00005769) c.li    a4, -6
core   0: 3 0x80004a1c (0x5769) x14 0xfffffffa
core   0: 0x80004a1e (0xaa242f17) auipc   t5, 0xaa242
core   0: 3 0x80004a1e (0xaa242f17) x30 0x2a246a1e
core   0: 0x80004a22 (0x00004d25) c.li    s10, 9
core   0: 3 0x80004a22 (0x4d25) x26 0x00000009
core   0: 0x80004a24 (0x000084b9) c.srai  s1, 14
core   0: 3 0x80004a24 (0x84b9) x9  0x00000000
core   0: 0x80004a26 (0x00000001) c.nop
core   0: 3 0x80004a26 (0x0001)
core   0: 0x80004a28 (0x026daab3) mulhsu  s5, s11, t1
core   0: 3 0x80004a28 (0x026daab3) x21 0xff0fe2e0
core   0: 0x80004a2c (0xda5e8313) addi    t1, t4, -603
core   0: 3 0x80004a2c (0xda5e8313) x6  0x307a4915
core   0: 0x80004a30 (0x0000557d) c.li    a0, -1
core   0: 3 0x80004a30 (0x557d) x10 0xffffffff
core   0: 0x80004a32 (0x00000705) c.addi  a4, 1
core   0: 3 0x80004a32 (0x0705) x14 0xfffffffb
core   0: 0x80004a34 (0x00f0b4b3) sltu    s1, ra, a5
core   0: 3 0x80004a34 (0x00f0b4b3) x9  0x00000000
core   0: 0x80004a38 (0x029cd2b3) divu    t0, s9, s1
core   0: 3 0x80004a38 (0x029cd2b3) x5  0xffffffff
core   0: 0x80004a3c (0x0167a3b3) slt     t2, a5, s6
core   0: 3 0x80004a3c (0x0167a3b3) x7  0x00000000
core   0: 0x80004a40 (0x0000f775) c.bnez  a4, pc - 20
core   0: 3 0x80004a40 (0xf775)
core   0: 0x80004a2c (0xda5e8313) addi    t1, t4, -603
core   0: 3 0x80004a2c (0xda5e8313) x6  0x307a4915
core   0: 0x80004a30 (0x0000557d) c.li    a0, -1
core   0: 3 0x80004a30 (0x557d) x10 0xffffffff
core   0: 0x80004a32 (0x00000705) c.addi  a4, 1
core   0: 3 0x80004a32 (0x0705) x14 0xfffffffc
core   0: 0x80004a34 (0x00f0b4b3) sltu    s1, ra, a5
core   0: 3 0x80004a34 (0x00f0b4b3) x9  0x00000000
core   0: 0x80004a38 (0x029cd2b3) divu    t0, s9, s1
core   0: 3 0x80004a38 (0x029cd2b3) x5  0xffffffff
core   0: 0x80004a3c (0x0167a3b3) slt     t2, a5, s6
core   0: 3 0x80004a3c (0x0167a3b3) x7  0x00000000
core   0: 0x80004a40 (0x0000f775) c.bnez  a4, pc - 20
core   0: 3 0x80004a40 (0xf775)
core   0: 0x80004a2c (0xda5e8313) addi    t1, t4, -603
core   0: 3 0x80004a2c (0xda5e8313) x6  0x307a4915
core   0: 0x80004a30 (0x0000557d) c.li    a0, -1
core   0: 3 0x80004a30 (0x557d) x10 0xffffffff
core   0: 0x80004a32 (0x00000705) c.addi  a4, 1
core   0: 3 0x80004a32 (0x0705) x14 0xfffffffd
core   0: 0x80004a34 (0x00f0b4b3) sltu    s1, ra, a5
core   0: 3 0x80004a34 (0x00f0b4b3) x9  0x00000000
core   0: 0x80004a38 (0x029cd2b3) divu    t0, s9, s1
core   0: 3 0x80004a38 (0x029cd2b3) x5  0xffffffff
core   0: 0x80004a3c (0x0167a3b3) slt     t2, a5, s6
core   0: 3 0x80004a3c (0x0167a3b3) x7  0x00000000
core   0: 0x80004a40 (0x0000f775) c.bnez  a4, pc - 20
core   0: 3 0x80004a40 (0xf775)
core   0: 0x80004a2c (0xda5e8313) addi    t1, t4, -603
core   0: 3 0x80004a2c (0xda5e8313) x6  0x307a4915
core   0: 0x80004a30 (0x0000557d) c.li    a0, -1
core   0: 3 0x80004a30 (0x557d) x10 0xffffffff
core   0: 0x80004a32 (0x00000705) c.addi  a4, 1
core   0: 3 0x80004a32 (0x0705) x14 0xfffffffe
core   0: 0x80004a34 (0x00f0b4b3) sltu    s1, ra, a5
core   0: 3 0x80004a34 (0x00f0b4b3) x9  0x00000000
core   0: 0x80004a38 (0x029cd2b3) divu    t0, s9, s1
core   0: 3 0x80004a38 (0x029cd2b3) x5  0xffffffff
core   0: 0x80004a3c (0x0167a3b3) slt     t2, a5, s6
core   0: 3 0x80004a3c (0x0167a3b3) x7  0x00000000
core   0: 0x80004a40 (0x0000f775) c.bnez  a4, pc - 20
core   0: 3 0x80004a40 (0xf775)
core   0: 0x80004a2c (0xda5e8313) addi    t1, t4, -603
core   0: 3 0x80004a2c (0xda5e8313) x6  0x307a4915
core   0: 0x80004a30 (0x0000557d) c.li    a0, -1
core   0: 3 0x80004a30 (0x557d) x10 0xffffffff
core   0: 0x80004a32 (0x00000705) c.addi  a4, 1
core   0: 3 0x80004a32 (0x0705) x14 0xffffffff
core   0: 0x80004a34 (0x00f0b4b3) sltu    s1, ra, a5
core   0: 3 0x80004a34 (0x00f0b4b3) x9  0x00000000
core   0: 0x80004a38 (0x029cd2b3) divu    t0, s9, s1
core   0: 3 0x80004a38 (0x029cd2b3) x5  0xffffffff
core   0: 0x80004a3c (0x0167a3b3) slt     t2, a5, s6
core   0: 3 0x80004a3c (0x0167a3b3) x7  0x00000000
core   0: 0x80004a40 (0x0000f775) c.bnez  a4, pc - 20
core   0: 3 0x80004a40 (0xf775)
core   0: 0x80004a2c (0xda5e8313) addi    t1, t4, -603
core   0: 3 0x80004a2c (0xda5e8313) x6  0x307a4915
core   0: 0x80004a30 (0x0000557d) c.li    a0, -1
core   0: 3 0x80004a30 (0x557d) x10 0xffffffff
core   0: 0x80004a32 (0x00000705) c.addi  a4, 1
core   0: 3 0x80004a32 (0x0705) x14 0x00000000
core   0: 0x80004a34 (0x00f0b4b3) sltu    s1, ra, a5
core   0: 3 0x80004a34 (0x00f0b4b3) x9  0x00000000
core   0: 0x80004a38 (0x029cd2b3) divu    t0, s9, s1
core   0: 3 0x80004a38 (0x029cd2b3) x5  0xffffffff
core   0: 0x80004a3c (0x0167a3b3) slt     t2, a5, s6
core   0: 3 0x80004a3c (0x0167a3b3) x7  0x00000000
core   0: 0x80004a40 (0x0000f775) c.bnez  a4, pc - 20
core   0: 3 0x80004a40 (0xf775)
core   0: 0x80004a42 (0x40b3dd33) sra     s10, t2, a1
core   0: 3 0x80004a42 (0x40b3dd33) x26 0x00000000
core   0: 0x80004a46 (0x00006455) c.lui   s0, 0x15
core   0: 3 0x80004a46 (0x6455) x8  0x00015000
core   0: 0x80004a48 (0x035272b3) remu    t0, tp, s5
core   0: 3 0x80004a48 (0x035272b3) x5  0x80029d24
core   0: 0x80004a4c (0x02eab333) mulhu   t1, s5, a4
core   0: 3 0x80004a4c (0x02eab333) x6  0x00000000
core   0: 0x80004a50 (0x0000648d) c.lui   s1, 0x3
core   0: 3 0x80004a50 (0x648d) x9  0x00003000
core   0: 0x80004a52 (0x00008db9) c.xor   a1, a4
core   0: 3 0x80004a52 (0x8db9) x11 0x00000150
core   0: 0x80004a54 (0x03744033) div     zero, s0, s7
core   0: 3 0x80004a54 (0x03744033)
core   0: 0x80004a58 (0x9f4daa13) slti    s4, s11, -1548
core   0: 3 0x80004a58 (0x9f4daa13) x20 0x00000001
core   0: 0x80004a5c (0x414d8413) addi    s0, s11, 1044
core   0: 3 0x80004a5c (0x414d8413) x8  0xff0f0414
core   0: 0x80004a60 (0x01377cb3) and     s9, a4, s3
core   0: 3 0x80004a60 (0x01377cb3) x25 0x00000000
core   0: 0x80004a64 (0x00008565) c.srai  a0, 25
core   0: 3 0x80004a64 (0x8565) x10 0xffffffff
core   0: 0x80004a66 (0x000059e5) c.li    s3, -7
core   0: 3 0x80004a66 (0x59e5) x19 0xfffffff9
core   0: 0x80004a68 (0x00004d9d) c.li    s11, 7
core   0: 3 0x80004a68 (0x4d9d) x27 0x00000007
core   0: 0x80004a6a (0x00241fb3) sll     t6, s0, sp
core   0: 3 0x80004a6a (0x00241fb3) x31 0xff0f0414
core   0: 0x80004a6e (0x00008c9d) c.sub   s1, a5
core   0: 3 0x80004a6e (0x8c9d) x9  0x00002e80
core   0: 0x80004a70 (0x00000989) c.addi  s3, 2
core   0: 3 0x80004a70 (0x0989) x19 0xfffffffb
core   0: 0x80004a72 (0x00009f96) c.add   t6, t0
core   0: 3 0x80004a72 (0x9f96) x31 0x7f11a138
core   0: 0x80004a74 (0x020f9733) mulh    a4, t6, zero
core   0: 3 0x80004a74 (0x020f9733) x14 0x00000000
core   0: 0x80004a78 (0x9da7ccb7) lui     s9, 0x9da7c
core   0: 3 0x80004a78 (0x9da7ccb7) x25 0x9da7c000
core   0: 0x80004a7c (0x00006cf9) c.lui   s9, 0x1e
core   0: 3 0x80004a7c (0x6cf9) x25 0x0001e000
core   0: 0x80004a7e (0x00004615) c.li    a2, 5
core   0: 3 0x80004a7e (0x4615) x12 0x00000005
core   0: 0x80004a80 (0x02aa88b3) mul     a7, s5, a0
core   0: 3 0x80004a80 (0x02aa88b3) x17 0x00f01d20
core   0: 0x80004a84 (0x00004515) c.li    a0, 5
core   0: 3 0x80004a84 (0x4515) x10 0x00000005
core   0: 0x80004a86 (0x0006ca33) xor     s4, a3, zero
core   0: 3 0x80004a86 (0x0006ca33) x20 0x00000010
core   0: 0x80004a8a (0x00ffa833) slt     a6, t6, a5
core   0: 3 0x80004a8a (0x00ffa833) x16 0x00000000
core   0: 0x80004a8e (0x00001675) c.addi  a2, -3
core   0: 3 0x80004a8e (0x1675) x12 0x00000002
core   0: 0x80004a90 (0x46728113) addi    sp, t0, 1127
core   0: 3 0x80004a90 (0x46728113) x2  0x8002a18b
core   0: 0x80004a94 (0xfea67be3) bgeu    a2, a0, pc - 10
core   0: 3 0x80004a94 (0xfea67be3)
core   0: 0x80004a98 (0xfdb98be3) beq     s3, s11, pc - 42
core   0: 3 0x80004a98 (0xfdb98be3)
core   0: 0x80004a9c (0x00008176) c.mv    sp, t4
core   0: 3 0x80004a9c (0x8176) x2  0x307a4b70
core   0: 0x80004a9e (0x01ecf333) and     t1, s9, t5
core   0: 3 0x80004a9e (0x01ecf333) x6  0x00006000
core   0: 0x80004aa2 (0x05f42d97) auipc   s11, 0x5f42
core   0: 3 0x80004aa2 (0x05f42d97) x27 0x85f46aa2
core   0: 0x80004aa6 (0x0000e71d) c.bnez  a4, pc + 46
core   0: 3 0x80004aa6 (0xe71d)
core   0: 0x80004aa8 (0x071f4913) xori    s2, t5, 113
core   0: 3 0x80004aa8 (0x071f4913) x18 0x2a246a6f
core   0: 0x80004aac (0x132b4937) lui     s2, 0x132b4
core   0: 3 0x80004aac (0x132b4937) x18 0x132b4000
core   0: 0x80004ab0 (0x034f6163) bltu    t5, s4, pc + 34
core   0: 3 0x80004ab0 (0x034f6163)
core   0: 0x80004ab4 (0x02211363) bne     sp, sp, pc + 38
core   0: 3 0x80004ab4 (0x02211363)
core   0: 0x80004ab8 (0x000098fd) c.andi  s1, -1
core   0: 3 0x80004ab8 (0x98fd) x9  0x00002e80
core   0: 0x80004aba (0x025d4e63) blt     s10, t0, pc + 60
core   0: 3 0x80004aba (0x025d4e63)
core   0: 0x80004abe (0x00008c6e) c.mv    s8, s11
core   0: 3 0x80004abe (0x8c6e) x24 0x85f46aa2
core   0: 0x80004ac0 (0x000087f2) c.mv    a5, t3
core   0: 3 0x80004ac0 (0x87f2) x15 0x80025ea4
core   0: 0x80004ac2 (0x7e6a4713) xori    a4, s4, 2022
core   0: 3 0x80004ac2 (0x7e6a4713) x14 0x000007f6
core   0: 0x80004ac6 (0x02dc2433) mulhsu  s0, s8, a3
core   0: 3 0x80004ac6 (0x02dc2433) x8  0xfffffff8
core   0: 0x80004aca (0x00000b75) c.addi  s6, 29
core   0: 3 0x80004aca (0x0b75) x22 0x0000001e
core   0: 0x80004acc (0x0000e719) c.bnez  a4, pc + 14
core   0: 3 0x80004acc (0xe719)
core   0: 0x80004ada (0x03888db3) mul     s11, a7, s8
core   0: 3 0x80004ada (0x03888db3) x27 0x6681ae40
core   0: 0x80004ade (0x00008ddd) c.or    a1, a5
core   0: 3 0x80004ade (0x8ddd) x11 0x80025ff4
core   0: 0x80004ae0 (0x0001e963) bltu    gp, zero, pc + 18
core   0: 3 0x80004ae0 (0x0001e963)
core   0: 0x80004ae4 (0x0185d893) srli    a7, a1, 24
core   0: 3 0x80004ae4 (0x0185d893) x17 0x00000080
core   0: 0x80004ae8 (0x419fd133) sra     sp, t6, s9
core   0: 3 0x80004ae8 (0x419fd133) x2  0x7f11a138
core   0: 0x80004aec (0x000088a2) c.mv    a7, s0
core   0: 3 0x80004aec (0x88a2) x17 0xfffffff8
core   0: 0x80004aee (0x0345adb3) mulhsu  s11, a1, s4
core   0: 3 0x80004aee (0x0345adb3) x27 0xfffffff8
core   0: 0x80004af2 (0x023108b3) mul     a7, sp, gp
core   0: 3 0x80004af2 (0x023108b3) x17 0x00000000
core   0: 0x80004af6 (0xc1d12c93) slti    s9, sp, -995
core   0: 3 0x80004af6 (0xc1d12c93) x25 0x00000000
core   0: 0x80004afa (0xc5d87393) andi    t2, a6, -931
core   0: 3 0x80004afa (0xc5d87393) x7  0x00000000
core   0: 0x80004afe (0x00003433) snez    s0, zero
core   0: 3 0x80004afe (0x00003433) x8  0x00000000
core   0: 0x80004b02 (0x0000cd3d) c.beqz  a0, pc + 126
core   0: 3 0x80004b02 (0xcd3d)
core   0: 0x80004b04 (0x004e6bb3) or      s7, t3, tp
core   0: 3 0x80004b04 (0x004e6bb3) x23 0x8002dfa4
core   0: 0x80004b08 (0x00c9a733) slt     a4, s3, a2
core   0: 3 0x80004b08 (0x00c9a733) x14 0x00000001
core   0: 0x80004b0c (0x03414a33) div     s4, sp, s4
core   0: 3 0x80004b0c (0x03414a33) x20 0x07f11a13
core   0: 0x80004b10 (0x00639c93) slli    s9, t2, 6
core   0: 3 0x80004b10 (0x00639c93) x25 0x00000000
core   0: 0x80004b14 (0x00008fb9) c.xor   a5, a4
core   0: 3 0x80004b14 (0x8fb9) x15 0x80025ea5
core   0: 0x80004b16 (0x00708933) add     s2, ra, t2
core   0: 3 0x80004b16 (0x00708933) x18 0x7304ca14
core   0: 0x80004b1a (0x06a36d63) bltu    t1, a0, pc + 122
core   0: 3 0x80004b1a (0x06a36d63)
core   0: 0x80004b1e (0x01437d33) and     s10, t1, s4
core   0: 3 0x80004b1e (0x01437d33) x26 0x00000000
core   0: 0x80004b22 (0x04dccf63) blt     s9, a3, pc + 94
core   0: 3 0x80004b22 (0x04dccf63)
core   0: 0x80004b80 (0x00008d6d) c.and   a0, a1
core   0: 3 0x80004b80 (0x8d6d) x10 0x00000004
core   0: 0x80004b82 (0x0000998e) c.add   s3, gp
core   0: 3 0x80004b82 (0x998e) x19 0xfffffffb
core   0: 0x80004b84 (0x00008f7d) c.and   a4, a5
core   0: 3 0x80004b84 (0x8f7d) x14 0x00000001
core   0: 0x80004b86 (0x0000854d) c.srai  a0, 19
core   0: 3 0x80004b86 (0x854d) x10 0x00000000
core   0: 0x80004b88 (0x0696f513) andi    a0, a3, 105
core   0: 3 0x80004b88 (0x0696f513) x10 0x00000000
core   0: 0x80004b8c (0x00008a21) c.andi  a2, 8
core   0: 3 0x80004b8c (0x8a21) x12 0x00000000
core   0: 0x80004b8e (0x00008239) c.srli  a2, 14
core   0: 3 0x80004b8e (0x8239) x12 0x00000000
core   0: 0x80004b90 (0x40ec5d93) srai    s11, s8, 14
core   0: 3 0x80004b90 (0x40ec5d93) x27 0xfffe17d1
core   0: 0x80004b94 (0x00ad8263) beq     s11, a0, pc + 4
core   0: 3 0x80004b94 (0x00ad8263)
core   0: 0x80004b98 (0x34968913) addi    s2, a3, 841
core   0: 3 0x80004b98 (0x34968913) x18 0x00000359
core   0: 0x80004b9c (0x00cd0cb3) add     s9, s10, a2
core   0: 3 0x80004b9c (0x00cd0cb3) x25 0x00000000
core   0: 0x80004ba0 (0x035e4bb3) div     s7, t3, s5
core   0: 3 0x80004ba0 (0x035e4bb3) x23 0x00000088
core   0: 0x80004ba4 (0x00e90d63) beq     s2, a4, pc + 26
core   0: 3 0x80004ba4 (0x00e90d63)
core   0: 0x80004ba8 (0x02b110b3) mulh    ra, sp, a1
core   0: 3 0x80004ba8 (0x02b110b3) x1  0xc0785d27
core   0: 0x80004bac (0x88bcca93) xori    s5, s9, -1909
core   0: 3 0x80004bac (0x88bcca93) x21 0xfffff88b
core   0: 0x80004bb0 (0x69e3a3b7) lui     t2, 0x69e3a
core   0: 3 0x80004bb0 (0x69e3a3b7) x7  0x69e3a000
core   0: 0x80004bb4 (0x00008729) c.srai  a4, 10
core   0: 3 0x80004bb4 (0x8729) x14 0x00000000
core   0: 0x80004bb6 (0x418e5793) srai    a5, t3, 24
core   0: 3 0x80004bb6 (0x418e5793) x15 0xffffff80
core   0: 0x80004bba (0x034f0f33) mul     t5, t5, s4
core   0: 3 0x80004bba (0x034f0f33) x30 0x8bb8ec3a
core   0: 0x80004bbe (0x03a00cb3) mul     s9, zero, s10
core   0: 3 0x80004bbe (0x03a00cb3) x25 0x00000000
core   0: 0x80004bc2 (0x01676b63) bltu    a4, s6, pc + 22
core   0: 3 0x80004bc2 (0x01676b63)
core   0: 0x80004bd8 (0x02786963) bltu    a6, t2, pc + 50
core   0: 3 0x80004bd8 (0x02786963)
core   0: 0x80004c0a (0x01f6bdb3) sltu    s11, a3, t6
core   0: 3 0x80004c0a (0x01f6bdb3) x27 0x00000001
core   0: 0x80004c0e (0x03da48b3) div     a7, s4, t4
core   0: 3 0x80004c0e (0x03da48b3) x17 0x00000000
core   0: 0x80004c12 (0x00006d0d) c.lui   s10, 0x3
core   0: 3 0x80004c12 (0x6d0d) x26 0x00003000
core   0: 0x80004c14 (0x01b2d113) srli    sp, t0, 27
core   0: 3 0x80004c14 (0x01b2d113) x2  0x00000010
core   0: 0x80004c18 (0x00006149) c.addi16sp sp, 144
core   0: 3 0x80004c18 (0x6149) x2  0x000000a0
core   0: 0x80004c1a (0x026a7663) bgeu    s4, t1, pc + 44
core   0: 3 0x80004c1a (0x026a7663)
core   0: 0x80004c46 (0x81534a93) xori    s5, t1, -2027
core   0: 3 0x80004c46 (0x81534a93) x21 0xffff9815
core   0: 0x80004c4a (0x000083a6) c.mv    t2, s1
core   0: 3 0x80004c4a (0x83a6) x7  0x00002e80
core   0: 0x80004c4c (0x008797b3) sll     a5, a5, s0
core   0: 3 0x80004c4c (0x008797b3) x15 0xffffff80
core   0: 0x80004c50 (0x0000187d) c.addi  a6, -1
core   0: 3 0x80004c50 (0x187d) x16 0xffffffff
core   0: 0x80004c52 (0x4836f813) andi    a6, a3, 1155
core   0: 3 0x80004c52 (0x4836f813) x16 0x00000000
core   0: 0x80004c56 (0x64bd6193) ori     gp, s10, 1611
core   0: 3 0x80004c56 (0x64bd6193) x3  0x0000364b
core   0: 0x80004c5a (0x00008c7d) c.and   s0, a5
core   0: 3 0x80004c5a (0x8c7d) x8  0x00000000
core   0: 0x80004c5c (0x00001cfd) c.addi  s9, -1
core   0: 3 0x80004c5c (0x1cfd) x25 0xffffffff
core   0: 0x80004c5e (0x02315533) divu    a0, sp, gp
core   0: 3 0x80004c5e (0x02315533) x10 0x00000000
core   0: 0x80004c62 (0x639b4b13) xori    s6, s6, 1593
core   0: 3 0x80004c62 (0x639b4b13) x22 0x00000627
core   0: 0x80004c66 (0x010256b3) srl     a3, tp, a6
core   0: 3 0x80004c66 (0x010256b3) x13 0x80029d24
core   0: 0x80004c6a (0x0000997d) c.andi  a0, -1
core   0: 3 0x80004c6a (0x997d) x10 0x00000000
core   0: 0x80004c6c (0x0000c291) c.beqz  a3, pc + 4
core   0: 3 0x80004c6c (0xc291)
core   0: 0x80004c6e (0x0000084a) c.slli  a6, 18
core   0: 3 0x80004c6e (0x084a) x16 0x00000000
core   0: 0x80004c70 (0x01020363) beq     tp, a6, pc + 6
core   0: 3 0x80004c70 (0x01020363)
core   0: 0x80004c74 (0x000085c9) c.srai  a1, 18
core   0: 3 0x80004c74 (0x85c9) x11 0xffffe000
core   0: 0x80004c76 (0x41b95913) srai    s2, s2, 27
core   0: 3 0x80004c76 (0x41b95913) x18 0x00000000
core   0: 0x80004c7a (0x00008ee1) c.and   a3, s0
core   0: 3 0x80004c7a (0x8ee1) x13 0x00000000
core   0: 0x80004c7c (0x03f1c363) blt     gp, t6, pc + 38
core   0: 3 0x80004c7c (0x03f1c363)
core   0: 0x80004ca2 (0x01c481b3) add     gp, s1, t3
core   0: 3 0x80004ca2 (0x01c481b3) x3  0x80028d24
core   0: 0x80004ca6 (0x00008349) c.srli  a4, 18
core   0: 3 0x80004ca6 (0x8349) x14 0x00000000
core   0: 0x80004ca8 (0x40c10733) sub     a4, sp, a2
core   0: 3 0x80004ca8 (0x40c10733) x14 0x000000a0
core   0: 0x80004cac (0x00008eb1) c.xor   a3, a2
core   0: 3 0x80004cac (0x8eb1) x13 0x00000000
core   0: 0x80004cae (0x01339993) slli    s3, t2, 19
core   0: 3 0x80004cae (0x01339993) x19 0x74000000
core   0: 0x80004cb2 (0x00000001) c.nop
core   0: 3 0x80004cb2 (0x0001)
core   0: 0x80004cb4 (0x033ad663) bge     s5, s3, pc + 44
core   0: 3 0x80004cb4 (0x033ad663)
core   0: 0x80004cb8 (0x40a08133) sub     sp, ra, a0
core   0: 3 0x80004cb8 (0x40a08133) x2  0xc0785d27
core   0: 0x80004cbc (0xf81b4c17) auipc   s8, 0xf81b4
core   0: 3 0x80004cbc (0xf81b4c17) x24 0x781b8cbc
core   0: 0x80004cc0 (0x00001e14) c.addi4spn a3, sp, 816
core   0: 3 0x80004cc0 (0x1e14) x13 0xc0786057
core   0: 0x80004cc2 (0x2c672113) slti    sp, a4, 710
core   0: 3 0x80004cc2 (0x2c672113) x2  0x00000001
core   0: 0x80004cc6 (0x0000cb15) c.beqz  a4, pc + 52
core   0: 3 0x80004cc6 (0xcb15)
core   0: 0x80004cc8 (0x00735813) srli    a6, t1, 7
core   0: 3 0x80004cc8 (0x00735813) x16 0x000000c0
core   0: 0x80004ccc (0x0000072e) c.slli  a4, 11
core   0: 3 0x80004ccc (0x072e) x14 0x00050000
core   0: 0x80004cce (0x40295293) srai    t0, s2, 2
core   0: 3 0x80004cce (0x40295293) x5  0x00000000
core   0: 0x80004cd2 (0x00aa19b3) sll     s3, s4, a0
core   0: 3 0x80004cd2 (0x00aa19b3) x19 0x07f11a13
core   0: 0x80004cd6 (0x0ce80a37) lui     s4, 0xce80
core   0: 3 0x80004cd6 (0x0ce80a37) x20 0x0ce80000
core   0: 0x80004cda (0xd7595637) lui     a2, 0xd7595
core   0: 3 0x80004cda (0xd7595637) x12 0xd7595000
core   0: 0x80004cde (0x000085b5) c.srai  a1, 13
core   0: 3 0x80004cde (0x85b5) x11 0xffffffff
core   0: 0x80004ce0 (0x35723537) lui     a0, 0x35723
core   0: 3 0x80004ce0 (0x35723537) x10 0x35723000
core   0: 0x80004ce4 (0x0141d193) srli    gp, gp, 20
core   0: 3 0x80004ce4 (0x0141d193) x3  0x00000800
core   0: 0x80004ce8 (0x0000029c) c.addi4spn a5, sp, 320
core   0: 3 0x80004ce8 (0x029c) x15 0x00000141
core   0: 0x80004cea (0x0529f063) bgeu    s3, s2, pc + 64
core   0: 3 0x80004cea (0x0529f063)
core   0: 0x80004d2a (0x018a86b3) add     a3, s5, s8
core   0: 3 0x80004d2a (0x018a86b3) x13 0x781b24d1
core   0: 0x80004d2e (0x002a8f33) add     t5, s5, sp
core   0: 3 0x80004d2e (0x002a8f33) x30 0xffff9816
core   0: 0x80004d32 (0x00008dc1) c.or    a1, s0
core   0: 3 0x80004d32 (0x8dc1) x11 0xffffffff
core   0: 0x80004d34 (0x00008c7d) c.and   s0, a5
core   0: 3 0x80004d34 (0x8c7d) x8  0x00000000
core   0: 0x80004d36 (0x4099d393) srai    t2, s3, 9
core   0: 3 0x80004d36 (0x4099d393) x7  0x0003f88d
core   0: 0x80004d3a (0x000080f9) c.srli  s1, 30
core   0: 3 0x80004d3a (0x80f9) x9  0x00000000
core   0: 0x80004d3c (0x0119c863) blt     s3, a7, pc + 16
core   0: 3 0x80004d3c (0x0119c863)
core   0: 0x80004d40 (0x00009c7a) c.add   s8, t5
core   0: 3 0x80004d40 (0x9c7a) x24 0x781b24d2
core   0: 0x80004d42 (0x03fd5963) bge     s10, t6, pc + 50
core   0: 3 0x80004d42 (0x03fd5963)
core   0: 0x80004d46 (0x00008b15) c.andi  a4, 5
core   0: 3 0x80004d46 (0x8b15) x14 0x00000000
core   0: 0x80004d48 (0x01638a63) beq     t2, s6, pc + 20
core   0: 3 0x80004d48 (0x01638a63)
core   0: 0x80004d4c (0x00e2d693) srli    a3, t0, 14
core   0: 3 0x80004d4c (0x00e2d693) x13 0x00000000
core   0: 0x80004d50 (0x00f81263) bne     a6, a5, pc + 4
core   0: 3 0x80004d50 (0x00f81263)
core   0: 0x80004d54 (0x0033b933) sltu    s2, t2, gp
core   0: 3 0x80004d54 (0x0033b933) x18 0x00000000
core   0: 0x80004d58 (0x039b76b3) remu    a3, s6, s9
core   0: 3 0x80004d58 (0x039b76b3) x13 0x00000627
core   0: 0x80004d5c (0x02985363) bge     a6, s1, pc + 38
core   0: 3 0x80004d5c (0x02985363)
core   0: 0x80004d82 (0x000086e9) c.srai  a3, 26
core   0: 3 0x80004d82 (0x86e9) x13 0x00000000
core   0: 0x80004d84 (0x0000c885) c.beqz  s1, pc + 48
core   0: 3 0x80004d84 (0xc885)
core   0: 0x80004db4 (0x000c3d33) sltu    s10, s8, zero
core   0: 3 0x80004db4 (0x000c3d33) x26 0x00000000
core   0: 0x80004db8 (0x000011fd) c.addi  gp, -1
core   0: 3 0x80004db8 (0x11fd) x3  0x000007ff
core   0: 0x80004dba (0x00d7cd63) blt     a5, a3, pc + 26
core   0: 3 0x80004dba (0x00d7cd63)
core   0: 0x80004dbe (0x00008fdd) c.or    a5, a5
core   0: 3 0x80004dbe (0x8fdd) x15 0x00000141
core   0: 0x80004dc0 (0x00006109) c.addi16sp sp, 128
core   0: 3 0x80004dc0 (0x6109) x2  0x00000081
core   0: 0x80004dc2 (0x00008e49) c.or    a2, a0
core   0: 3 0x80004dc2 (0x8e49) x12 0xf77b7000
core   0: 0x80004dc4 (0x00000f10) c.addi4spn a2, sp, 912
core   0: 3 0x80004dc4 (0x0f10) x12 0x00000411
core   0: 0x80004dc6 (0x0182afb3) slt     t6, t0, s8
core   0: 3 0x80004dc6 (0x0182afb3) x31 0x00000001
core   0: 0x80004dca (0x020096b3) mulh    a3, ra, zero
core   0: 3 0x80004dca (0x020096b3) x13 0x00000000
core   0: 0x80004dce (0x02b10863) beq     sp, a1, pc + 48
core   0: 3 0x80004dce (0x02b10863)
core   0: 0x80004dd2 (0x0000cc11) c.beqz  s0, pc + 28
core   0: 3 0x80004dd2 (0xcc11)
core   0: 0x80004dee (0x01e6ef33) or      t5, a3, t5
core   0: 3 0x80004dee (0x01e6ef33) x30 0xffff9816
core   0: 0x80004df2 (0x031f7833) remu    a6, t5, a7
core   0: 3 0x80004df2 (0x031f7833) x16 0xffff9816
core   0: 0x80004df6 (0x025659b3) divu    s3, a2, t0
core   0: 3 0x80004df6 (0x025659b3) x19 0xffffffff
core   0: 0x80004dfa (0x00ac7133) and     sp, s8, a0
core   0: 3 0x80004dfa (0x00ac7133) x2  0x30122000
core   0: 0x80004dfe (0x407dd533) sra     a0, s11, t2
core   0: 3 0x80004dfe (0x407dd533) x10 0x00000000
core   0: 0x80004e02 (0x000068f1) c.lui   a7, 0x1c
core   0: 3 0x80004e02 (0x68f1) x17 0x0001c000
core   0: 0x80004e04 (0x00008fd5) c.or    a5, a3
core   0: 3 0x80004e04 (0x8fd5) x15 0x00000141
core   0: 0x80004e06 (0x01bd2433) slt     s0, s10, s11
core   0: 3 0x80004e06 (0x01bd2433) x8  0x00000001
core   0: 0x80004e0a (0x01322333) slt     t1, tp, s3
core   0: 3 0x80004e0a (0x01322333) x6  0x00000001
core   0: 0x80004e0e (0x00008f75) c.and   a4, a3
core   0: 3 0x80004e0e (0x8f75) x14 0x00000000
core   0: 0x80004e10 (0x0000717d) c.addi16sp sp, -16
core   0: 3 0x80004e10 (0x717d) x2  0x30121ff0
core   0: 0x80004e12 (0x00e8f833) and     a6, a7, a4
core   0: 3 0x80004e12 (0x00e8f833) x16 0x00000000
core   0: 0x80004e16 (0x00008c6d) c.and   s0, a1
core   0: 3 0x80004e16 (0x8c6d) x8  0x00000001
core   0: 0x80004e18 (0x016a9d33) sll     s10, s5, s6
core   0: 3 0x80004e18 (0x016a9d33) x26 0xffcc0a80
core   0: 0x80004e1c (0x037c6863) bltu    s8, s7, pc + 48
core   0: 3 0x80004e1c (0x037c6863)
core   0: 0x80004e20 (0x00008d01) c.sub   a0, s0
core   0: 3 0x80004e20 (0x8d01) x10 0xffffffff
core   0: 0x80004e22 (0xc62545b7) lui     a1, 0xc6254
core   0: 3 0x80004e22 (0xc62545b7) x11 0xc6254000
core   0: 0x80004e26 (0x00008fcd) c.or    a5, a1
core   0: 3 0x80004e26 (0x8fcd) x15 0xc6254141
core   0: 0x80004e28 (0x01d798b3) sll     a7, a5, t4
core   0: 3 0x80004e28 (0x01d798b3) x17 0x41410000
core   0: 0x80004e2c (0x019c6c63) bltu    s8, s9, pc + 24
core   0: 3 0x80004e2c (0x019c6c63)
core   0: 0x80004e44 (0x037f20b3) mulhsu  ra, t5, s7
core   0: 3 0x80004e44 (0x037f20b3) x1  0xffffffff
core   0: 0x80004e48 (0x407bd2b3) sra     t0, s7, t2
core   0: 3 0x80004e48 (0x407bd2b3) x5  0x00000000
core   0: 0x80004e4c (0x00001c7d) c.addi  s8, -1
core   0: 3 0x80004e4c (0x1c7d) x24 0x781b24d1
core   0: 0x80004e4e (0x9092c693) xori    a3, t0, -1783
core   0: 3 0x80004e4e (0x9092c693) x13 0xfffff909
core   0: 0x80004e52 (0x1424b197) auipc   gp, 0x1424b
core   0: 3 0x80004e52 (0x1424b197) x3  0x9424fe52
core   0: 0x80004e56 (0x00b1f7b3) and     a5, gp, a1
core   0: 3 0x80004e56 (0x00b1f7b3) x15 0x84244000
core   0: 0x80004e5a (0x03dce563) bltu    s9, t4, pc + 42
core   0: 3 0x80004e5a (0x03dce563)
core   0: 0x80004e5e (0x9c10bc17) auipc   s8, 0x9c10b
core   0: 3 0x80004e5e (0x9c10bc17) x24 0x1c10fe5e
core   0: 0x80004e62 (0x41c905b3) sub     a1, s2, t3
core   0: 3 0x80004e62 (0x41c905b3) x11 0x7ffda15c
core   0: 0x80004e66 (0x02769b33) mulh    s6, a3, t2
core   0: 3 0x80004e66 (0x02769b33) x22 0xffffffff
core   0: 0x80004e6a (0x00008a21) c.andi  a2, 8
core   0: 3 0x80004e6a (0x8a21) x12 0x00000000
core   0: 0x80004e6c (0x01561b63) bne     a2, s5, pc + 22
core   0: 3 0x80004e6c (0x01561b63)
core   0: 0x80004e82 (0x00004ba5) c.li    s7, 9
core   0: 3 0x80004e82 (0x4ba5) x23 0x00000009
core   0: 0x80004e84 (0x0000877d) c.srai  a4, 31
core   0: 3 0x80004e84 (0x877d) x14 0x00000000
core   0: 0x80004e86 (0x00adc733) xor     a4, s11, a0
core   0: 3 0x80004e86 (0x00adc733) x14 0xfffffffe
core   0: 0x80004e8a (0x01879a13) slli    s4, a5, 24
core   0: 3 0x80004e8a (0x01879a13) x20 0x00000000
core   0: 0x80004e8e (0x91f41d37) lui     s10, 0x91f41
core   0: 3 0x80004e8e (0x91f41d37) x26 0x91f41000
core   0: 0x80004e92 (0x00008071) c.srli  s0, 28
core   0: 3 0x80004e92 (0x8071) x8  0x00000000
core   0: 0x80004e94 (0x000016fd) c.addi  a3, -1
core   0: 3 0x80004e94 (0x16fd) x13 0xfffff908
core   0: 0x80004e96 (0x9bddac93) slti    s9, s11, -1603
core   0: 3 0x80004e96 (0x9bddac93) x25 0x00000000
core   0: 0x80004e9a (0x0036aab3) slt     s5, a3, gp
core   0: 3 0x80004e9a (0x0036aab3) x21 0x00000000
core   0: 0x80004e9e (0x40a05793) srai    a5, zero, 10
core   0: 3 0x80004e9e (0x40a05793) x15 0x00000000
core   0: 0x80004ea2 (0x00efe863) bltu    t6, a4, pc + 16
core   0: 3 0x80004ea2 (0x00efe863)
core   0: 0x80004eb2 (0x00000cc2) c.slli  s9, 16
core   0: 3 0x80004eb2 (0x0cc2) x25 0x00000000
core   0: 0x80004eb4 (0x40e15613) srai    a2, sp, 14
core   0: 3 0x80004eb4 (0x40e15613) x12 0x0000c048
core   0: 0x80004eb8 (0x00008f11) c.sub   a4, a2
core   0: 3 0x80004eb8 (0x8f11) x14 0xffff3fb6
core   0: 0x80004eba (0x00008ced) c.and   s1, a1
core   0: 3 0x80004eba (0x8ced) x9  0x00000000
core   0: 0x80004ebc (0x00001510) c.addi4spn a2, sp, 672
core   0: 3 0x80004ebc (0x1510) x12 0x30122290
core   0: 0x80004ebe (0x00008c91) c.sub   s1, a2
core   0: 3 0x80004ebe (0x8c91) x9  0xcfeddd70
core   0: 0x80004ec0 (0x022873b3) remu    t2, a6, sp
core   0: 3 0x80004ec0 (0x022873b3) x7  0x00000000
core   0: 0x80004ec4 (0x02b052b3) divu    t0, zero, a1
core   0: 3 0x80004ec4 (0x02b052b3) x5  0x00000000
core   0: 0x80004ec8 (0x025698b3) mulh    a7, a3, t0
core   0: 3 0x80004ec8 (0x025698b3) x17 0x00000000
core   0: 0x80004ecc (0x000048cd) c.li    a7, 19
core   0: 3 0x80004ecc (0x48cd) x17 0x00000013
core   0: 0x80004ece (0x03c47033) remu    zero, s0, t3
core   0: 3 0x80004ece (0x03c47033)
core   0: 0x80004ed2 (0x000084d1) c.srai  s1, 20
core   0: 3 0x80004ed2 (0x84d1) x9  0xfffffcfe
core   0: 0x80004ed4 (0x01ff22b3) slt     t0, t5, t6
core   0: 3 0x80004ed4 (0x01ff22b3) x5  0x00000001
core   0: 0x80004ed8 (0x01aeeb63) bltu    t4, s10, pc + 22
core   0: 3 0x80004ed8 (0x01aeeb63)
core   0: 0x80004eee (0x00d65db3) srl     s11, a2, a3
core   0: 3 0x80004eee (0x00d65db3) x27 0x00301222
core   0: 0x80004ef2 (0x00008489) c.srai  s1, 2
core   0: 3 0x80004ef2 (0x8489) x9  0xffffff3f
core   0: 0x80004ef4 (0x75eac293) xori    t0, s5, 1886
core   0: 3 0x80004ef4 (0x75eac293) x5  0x0000075e
core   0: 0x80004ef8 (0x000082fd) c.srli  a3, 31
core   0: 3 0x80004ef8 (0x82fd) x13 0x00000001
core   0: 0x80004efa (0x02eced33) rem     s10, s9, a4
core   0: 3 0x80004efa (0x02eced33) x26 0x00000000
core   0: 0x80004efe (0x0000ee89) c.bnez  a3, pc + 26
core   0: 3 0x80004efe (0xee89)
core   0: 0x80004f18 (0x00008e75) c.and   a2, a3
core   0: 3 0x80004f18 (0x8e75) x12 0x00000000
core   0: 0x80004f1a (0x03239a33) mulh    s4, t2, s2
core   0: 3 0x80004f1a (0x03239a33) x20 0x00000000
core   0: 0x80004f1e (0x036d0c33) mul     s8, s10, s6
core   0: 3 0x80004f1e (0x036d0c33) x24 0x00000000
core   0: 0x80004f22 (0x40155113) srai    sp, a0, 1
core   0: 3 0x80004f22 (0x40155113) x2  0xffffffff
core   0: 0x80004f26 (0x0087cfb3) xor     t6, a5, s0
core   0: 3 0x80004f26 (0x0087cfb3) x31 0x00000000
core   0: 0x80004f2a (0x0000150c) c.addi4spn a1, sp, 672
core   0: 3 0x80004f2a (0x150c) x11 0x0000029f
core   0: 0x80004f2c (0x002716b3) sll     a3, a4, sp
core   0: 3 0x80004f2c (0x002716b3) x13 0x00000000
core   0: 0x80004f30 (0x00000001) c.nop
core   0: 3 0x80004f30 (0x0001)
core   0: 0x80004f32 (0x0127e433) or      s0, a5, s2
core   0: 3 0x80004f32 (0x0127e433) x8  0x00000000
core   0: 0x80004f36 (0x0345eb33) rem     s6, a1, s4
core   0: 3 0x80004f36 (0x0345eb33) x22 0x0000029f
core   0: 0x80004f3a (0x31072c13) slti    s8, a4, 784
core   0: 3 0x80004f3a (0x31072c13) x24 0x00000001
core   0: 0x80004f3e (0x01b45093) srli    ra, s0, 27
core   0: 3 0x80004f3e (0x01b45093) x1  0x00000000
core   0: 0x80004f42 (0xaba48793) addi    a5, s1, -1350
core   0: 3 0x80004f42 (0xaba48793) x15 0xfffff9f9
core   0: 0x80004f46 (0x03370cb3) mul     s9, a4, s3
core   0: 3 0x80004f46 (0x03370cb3) x25 0x0000c04a
core   0: 0x80004f4a (0x405be997) auipc   s3, 0x405be
core   0: 3 0x80004f4a (0x405be997) x19 0xc05c2f4a
core   0: 0x80004f4e (0x002f4733) xor     a4, t5, sp
core   0: 3 0x80004f4e (0x002f4733) x14 0x000067e9
core   0: 0x80004f52 (0x0000e615) c.bnez  a2, pc + 44
core   0: 3 0x80004f52 (0xe615)
core   0: 0x80004f54 (0x032e67b3) rem     a5, t3, s2
core   0: 3 0x80004f54 (0x032e67b3) x15 0x80025ea4
core   0: 0x80004f58 (0x03fef963) bgeu    t4, t6, pc + 50
core   0: 3 0x80004f58 (0x03fef963)
core   0: 0x80004f8a (0x00009c6e) c.add   s8, s11
core   0: 3 0x80004f8a (0x9c6e) x24 0x00301223
core   0: 0x80004f8c (0x0000c98d) c.beqz  a1, pc + 50
core   0: 3 0x80004f8c (0xc98d)
core   0: 0x80004f8e (0x03d5a633) mulhsu  a2, a1, t4
core   0: 3 0x80004f8e (0x03d5a633) x12 0x0000007f
core   0: 0x80004f92 (0x5640ef93) ori     t6, ra, 1380
core   0: 3 0x80004f92 (0x5640ef93) x31 0x00000564
core   0: 0x80004f96 (0x01dc8a63) beq     s9, t4, pc + 20
core   0: 3 0x80004f96 (0x01dc8a63)
core   0: 0x80004f9a (0x00534263) blt     t1, t0, pc + 4
core   0: 3 0x80004f9a (0x00534263)
core   0: 0x80004f9e (0x00871393) slli    t2, a4, 8
core   0: 3 0x80004f9e (0x00871393) x7  0x0067e900
core   0: 0x80004fa2 (0x03113733) mulhu   a4, sp, a7
core   0: 3 0x80004fa2 (0x03113733) x14 0x00000012
core   0: 0x80004fa6 (0xb452cb13) xori    s6, t0, -1211
core   0: 3 0x80004fa6 (0xb452cb13) x22 0xfffffc1b
core   0: 0x80004faa (0x03340ab3) mul     s5, s0, s3
core   0: 3 0x80004faa (0x03340ab3) x21 0x00000000
core   0: 0x80004fae (0x0272ed63) bltu    t0, t2, pc + 58
core   0: 3 0x80004fae (0x0272ed63)
core   0: 0x80004fe8 (0x03e13633) mulhu   a2, sp, t5
core   0: 3 0x80004fe8 (0x03e13633) x12 0xffff9815
core   0: 0x80004fec (0x0189c933) xor     s2, s3, s8
core   0: 3 0x80004fec (0x0189c933) x18 0xc06c3d69
core   0: 0x80004ff0 (0x00008fe9) c.and   a5, a0
core   0: 3 0x80004ff0 (0x8fe9) x15 0x80025ea4
core   0: 0x80004ff2 (0x00008e89) c.sub   a3, a0
core   0: 3 0x80004ff2 (0x8e89) x13 0x00000001
core   0: 0x80004ff4 (0x0214e163) bltu    s1, ra, pc + 34
core   0: 3 0x80004ff4 (0x0214e163)
core   0: 0x80004ff8 (0x00000001) c.nop
core   0: 3 0x80004ff8 (0x0001)
core   0: 0x80004ffa (0x3c168a13) addi    s4, a3, 961
core   0: 3 0x80004ffa (0x3c168a13) x20 0x000003c2
core   0: 0x80004ffe (0x015498b3) sll     a7, s1, s5
core   0: 3 0x80004ffe (0x015498b3) x17 0xffffff3f
core   0: 0x80005002 (0x03156763) bltu    a0, a7, pc + 46
core   0: 3 0x80005002 (0x03156763)
core   0: 0x80005006 (0x0000717d) c.addi16sp sp, -16
core   0: 3 0x80005006 (0x717d) x2  0xffffffef
core   0: 0x80005008 (0x00008dcd) c.or    a1, a1
core   0: 3 0x80005008 (0x8dcd) x11 0x0000029f
core   0: 0x8000500a (0x1cedb7b7) lui     a5, 0x1cedb
core   0: 3 0x8000500a (0x1cedb7b7) x15 0x1cedb000
core   0: 0x8000500e (0x03d72cb3) mulhsu  s9, a4, t4
core   0: 3 0x8000500e (0x03d72cb3) x25 0x00000003
core   0: 0x80005012 (0x0000076e) c.slli  a4, 27
core   0: 3 0x80005012 (0x076e) x14 0x90000000
core   0: 0x80005014 (0x0000147d) c.addi  s0, -1
core   0: 3 0x80005014 (0x147d) x8  0xffffffff
core   0: 0x80005016 (0x00008c5d) c.or    s0, a5
core   0: 3 0x80005016 (0x8c5d) x8  0xffffffff
core   0: 0x80005018 (0xbbc28793) addi    a5, t0, -1092
core   0: 3 0x80005018 (0xbbc28793) x15 0x0000031a
core   0: 0x8000501c (0x00008d7d) c.and   a0, a5
core   0: 3 0x8000501c (0x8d7d) x10 0x0000031a
core   0: 0x8000501e (0x02be3a33) mulhu   s4, t3, a1
core   0: 3 0x8000501e (0x02be3a33) x20 0x0000014f
core   0: 0x80005022 (0x0030d093) srli    ra, ra, 3
core   0: 3 0x80005022 (0x0030d093) x1  0x00000000
core   0: 0x80005026 (0x000088d5) c.andi  s1, 21
core   0: 3 0x80005026 (0x88d5) x9  0x00000015
core   0: 0x80005028 (0x006ea733) slt     a4, t4, t1
core   0: 3 0x80005028 (0x006ea733) x14 0x00000000
core   0: 0x8000502c (0x021bb533) mulhu   a0, s7, ra
core   0: 3 0x8000502c (0x021bb533) x10 0x00000000
core   0: 0x80005030 (0x00005dfd) c.li    s11, -1
core   0: 3 0x80005030 (0x5dfd) x27 0xffffffff
core   0: 0x80005032 (0x025784b3) mul     s1, a5, t0
core   0: 3 0x80005032 (0x025784b3) x9  0x0016d98c
core   0: 0x80005036 (0x00009a62) c.add   s4, s8
core   0: 3 0x80005036 (0x9a62) x20 0x00301372
core   0: 0x80005038 (0x0000849d) c.srai  s1, 7
core   0: 3 0x80005038 (0x849d) x9  0x00002db3
core   0: 0x8000503a (0x0000cb05) c.beqz  a4, pc + 48
core   0: 3 0x8000503a (0xcb05)
core   0: 0x8000506a (0x0db30013) addi    zero, t1, 219
core   0: 3 0x8000506a (0x0db30013)
core   0: 0x8000506e (0x0000ca1d) c.beqz  a2, pc + 54
core   0: 3 0x8000506e (0xca1d)
core   0: 0x80005070 (0x01039263) bne     t2, a6, pc + 4
core   0: 3 0x80005070 (0x01039263)
core   0: 0x80005074 (0x00000001) c.nop
core   0: 3 0x80005074 (0x0001)
core   0: 0x80005076 (0x005c33b3) sltu    t2, s8, t0
core   0: 3 0x80005076 (0x005c33b3) x7  0x00000000
core   0: 0x8000507a (0x0d108293) addi    t0, ra, 209
core   0: 3 0x8000507a (0x0d108293) x5  0x000000d1
core   0: 0x8000507e (0x0000c1a1) c.beqz  a1, pc + 64
core   0: 3 0x8000507e (0xc1a1)
core   0: 0x80005080 (0x231f8813) addi    a6, t6, 561
core   0: 3 0x80005080 (0x231f8813) x16 0x00000795
core   0: 0x80005084 (0x02acc533) div     a0, s9, a0
core   0: 3 0x80005084 (0x02acc533) x10 0xffffffff
core   0: 0x80005088 (0xe0e3c793) xori    a5, t2, -498
core   0: 3 0x80005088 (0xe0e3c793) x15 0xfffffe0e
core   0: 0x8000508c (0x40e6d933) sra     s2, a3, a4
core   0: 3 0x8000508c (0x40e6d933) x18 0x00000001
core   0: 0x80005090 (0x01c20f33) add     t5, tp, t3
core   0: 3 0x80005090 (0x01c20f33) x30 0x0004fbc8
core   0: 0x80005094 (0x021c05b3) mul     a1, s8, ra
core   0: 3 0x80005094 (0x021c05b3) x11 0x00000000
core   0: 0x80005098 (0x00008f65) c.and   a4, s1
core   0: 3 0x80005098 (0x8f65) x14 0x00000000
core   0: 0x8000509a (0x00008e59) c.or    a2, a4
core   0: 3 0x8000509a (0x8e59) x12 0xffff9815
core   0: 0x8000509c (0x416dd393) srai    t2, s11, 22
core   0: 3 0x8000509c (0x416dd393) x7  0xffffffff
core   0: 0x800050a0 (0x4296a913) slti    s2, a3, 1065
core   0: 3 0x800050a0 (0x4296a913) x18 0x00000001
core   0: 0x800050a4 (0x000098fd) c.andi  s1, -1
core   0: 3 0x800050a4 (0x98fd) x9  0x00002db3
core   0: 0x800050a6 (0x00000b04) c.addi4spn s1, sp, 400
core   0: 3 0x800050a6 (0x0b04) x9  0x0000017f
core   0: 0x800050a8 (0x0000883d) c.andi  s0, 15
core   0: 3 0x800050a8 (0x883d) x8  0x0000000f
core   0: 0x800050aa (0x00000001) c.nop
core   0: 3 0x800050aa (0x0001)
core   0: 0x800050ac (0x03ce8863) beq     t4, t3, pc + 48
core   0: 3 0x800050ac (0x03ce8863)
core   0: 0x800050b0 (0x01659393) slli    t2, a1, 22
core   0: 3 0x800050b0 (0x01659393) x7  0x00000000
core   0: 0x800050b4 (0x000083d1) c.srli  a5, 20
core   0: 3 0x800050b4 (0x83d1) x15 0x00000fff
core   0: 0x800050b6 (0x4133d593) srai    a1, t2, 19
core   0: 3 0x800050b6 (0x4133d593) x11 0x00000000
core   0: 0x800050ba (0x01116433) or      s0, sp, a7
core   0: 3 0x800050ba (0x01116433) x8  0xffffffff
core   0: 0x800050be (0x01ac4633) xor     a2, s8, s10
core   0: 3 0x800050be (0x01ac4633) x12 0x00301223
core   0: 0x800050c2 (0x0105c1b3) xor     gp, a1, a6
core   0: 3 0x800050c2 (0x0105c1b3) x3  0x00000795
core   0: 0x800050c6 (0x0000e895) c.bnez  s1, pc + 52
core   0: 3 0x800050c6 (0xe895)
core   0: 0x800050fa (0x039852b3) divu    t0, a6, s9
core   0: 3 0x800050fa (0x039852b3) x5  0x00000287
core   0: 0x800050fe (0x0000821d) c.srli  a2, 7
core   0: 3 0x800050fe (0x821d) x12 0x00006024
core   0: 0x80005100 (0x02c65ab3) divu    s5, a2, a2
core   0: 3 0x80005100 (0x02c65ab3) x21 0x00000001
core   0: 0x80005104 (0x0000cc19) c.beqz  s0, pc + 30
core   0: 3 0x80005104 (0xcc19)
core   0: 0x80005106 (0x02570463) beq     a4, t0, pc + 40
core   0: 3 0x80005106 (0x02570463)
core   0: 0x8000510a (0x03e0cab3) div     s5, ra, t5
core   0: 3 0x8000510a (0x03e0cab3) x21 0x00000000
core   0: 0x8000510e (0x01992333) slt     t1, s2, s9
core   0: 3 0x8000510e (0x01992333) x6  0x00000001
core   0: 0x80005112 (0xf1368813) addi    a6, a3, -237
core   0: 3 0x80005112 (0xf1368813) x16 0xffffff14
core   0: 0x80005116 (0x00000756) c.slli  a4, 21
core   0: 3 0x80005116 (0x0756) x14 0x00000000
core   0: 0x80005118 (0x00008851) c.andi  s0, 20
core   0: 3 0x80005118 (0x8851) x8  0x00000014
core   0: 0x8000511a (0x01cec4b3) xor     s1, t4, t3
core   0: 3 0x8000511a (0x01cec4b3) x9  0xb07815d4
core   0: 0x8000511e (0x0297f633) remu    a2, a5, s1
core   0: 3 0x8000511e (0x0297f633) x12 0x00000fff
core   0: 0x80005122 (0x00000a32) c.slli  s4, 12
core   0: 3 0x80005122 (0x0a32) x20 0x01372000
core   0: 0x80005124 (0x0146ee63) bltu    a3, s4, pc + 28
core   0: 3 0x80005124 (0x0146ee63)
core   0: 0x80005140 (0xcd56c693) xori    a3, a3, -811
core   0: 3 0x80005140 (0xcd56c693) x13 0xfffffcd4
core   0: 0x80005144 (0x00000c3d) c.addi  s8, 15
core   0: 3 0x80005144 (0x0c3d) x24 0x00301232
core   0: 0x80005146 (0x00bbad33) slt     s10, s7, a1
core   0: 3 0x80005146 (0x00bbad33) x26 0x00000000
core   0: 0x8000514a (0x017c1963) bne     s8, s7, pc + 18
core   0: 3 0x8000514a (0x017c1963)
core   0: 0x8000515c (0x41215733) sra     a4, sp, s2
core   0: 3 0x8000515c (0x41215733) x14 0xfffffff7
core   0: 0x80005160 (0x00008d85) c.sub   a1, s1
core   0: 3 0x80005160 (0x8d85) x11 0x4f87ea2c
core   0: 0x80005162 (0x02381333) mulh    t1, a6, gp
core   0: 3 0x80005162 (0x02381333) x6  0xffffffff
core   0: 0x80005166 (0x02171333) mulh    t1, a4, ra
core   0: 3 0x80005166 (0x02171333) x6  0x00000000
core   0: 0x8000516a (0x00000b62) c.slli  s6, 24
core   0: 3 0x8000516a (0x0b62) x22 0x1b000000
core   0: 0x8000516c (0x81466697) auipc   a3, 0x81466
core   0: 3 0x8000516c (0x81466697) x13 0x0146b16c
core   0: 0x80005170 (0x00004501) c.li    a0, 0
core   0: 3 0x80005170 (0x4501) x10 0x00000000
core   0: 0x80005172 (0x2420cc93) xori    s9, ra, 578
core   0: 3 0x80005172 (0x2420cc93) x25 0x00000242
core   0: 0x80005176 (0x031d2f33) mulhsu  t5, s10, a7
core   0: 3 0x80005176 (0x031d2f33) x30 0x00000000
core   0: 0x8000517a (0x03fded33) rem     s10, s11, t6
core   0: 3 0x8000517a (0x03fded33) x26 0xffffffff
core   0: 0x8000517e (0x000056cd) c.li    a3, -13
core   0: 3 0x8000517e (0x56cd) x13 0xfffffff3
core   0: 0x80005180 (0x000089a6) c.mv    s3, s1
core   0: 3 0x80005180 (0x89a6) x19 0xb07815d4
core   0: 0x80005182 (0x00009806) c.add   a6, ra
core   0: 3 0x80005182 (0x9806) x16 0xffffff14
core   0: 0x80005184 (0x00001561) c.addi  a0, -8
core   0: 3 0x80005184 (0x1561) x10 0xfffffff8
core   0: 0x80005186 (0x022eb633) mulhu   a2, t4, sp
core   0: 3 0x80005186 (0x022eb633) x12 0x307a4b6c
core   0: 0x8000518a (0x000084e6) c.mv    s1, s9
core   0: 3 0x8000518a (0x84e6) x9  0x00000242
core   0: 0x8000518c (0x03d21ab3) mulh    s5, tp, t4
core   0: 3 0x8000518c (0x03d21ab3) x21 0xe7c358fe
core   0: 0x80005190 (0x000045a9) c.li    a1, 10
core   0: 3 0x80005190 (0x45a9) x11 0x0000000a
core   0: 0x80005192 (0x038503b3) mul     t2, a0, s8
core   0: 3 0x80005192 (0x038503b3) x7  0xfe7f6e70
core   0: 0x80005196 (0xb5b65fb7) lui     t6, 0xb5b65
core   0: 3 0x80005196 (0xb5b65fb7) x31 0xb5b65000
core   0: 0x8000519a (0xd434f113) andi    sp, s1, -701
core   0: 3 0x8000519a (0xd434f113) x2  0x00000042
core   0: 0x8000519e (0x02a5d0b3) divu    ra, a1, a0
core   0: 3 0x8000519e (0x02a5d0b3) x1  0x00000000
core   0: 0x800051a2 (0x00005a59) c.li    s4, -10
core   0: 3 0x800051a2 (0x5a59) x20 0xfffffff6
core   0: 0x800051a4 (0x00ad72b3) and     t0, s10, a0
core   0: 3 0x800051a4 (0x00ad72b3) x5  0xfffffff8
core   0: 0x800051a8 (0x41828833) sub     a6, t0, s8
core   0: 3 0x800051a8 (0x41828833) x16 0xffcfedc6
core   0: 0x800051ac (0x004c9013) slli    zero, s9, 4
core   0: 3 0x800051ac (0x004c9013)
core   0: 0x800051b0 (0x4080d813) srai    a6, ra, 8
core   0: 3 0x800051b0 (0x4080d813) x16 0x00000000
core   0: 0x800051b4 (0x0000914e) c.add   sp, s3
core   0: 3 0x800051b4 (0x914e) x2  0xb0781616
core   0: 0x800051b6 (0x00008051) c.srli  s0, 20
core   0: 3 0x800051b6 (0x8051) x8  0x00000000
core   0: 0x800051b8 (0x000015d9) c.addi  a1, -10
core   0: 3 0x800051b8 (0x15d9) x11 0x00000000
core   0: 0x800051ba (0x00000001) c.nop
core   0: 3 0x800051ba (0x0001)
core   0: 0x800051bc (0x010bd633) srl     a2, s7, a6
core   0: 3 0x800051bc (0x010bd633) x12 0x00000009
core   0: 0x800051c0 (0xff4582e3) beq     a1, s4, pc - 28
core   0: 3 0x800051c0 (0xff4582e3)
core   0: 0x800051c4 (0x01ca92b3) sll     t0, s5, t3
core   0: 3 0x800051c4 (0x01ca92b3) x5  0x7c358fe0
core   0: 0x800051c8 (0x00008415) c.srai  s0, 5
core   0: 3 0x800051c8 (0x8415) x8  0x00000000
core   0: 0x800051ca (0x40618ab3) sub     s5, gp, t1
core   0: 3 0x800051ca (0x40618ab3) x21 0x00000795
core   0: 0x800051ce (0x013eec33) or      s8, t4, s3
core   0: 3 0x800051ce (0x013eec33) x24 0xb07a5ff4
core   0: 0x800051d2 (0x01472ab3) slt     s5, a4, s4
core   0: 3 0x800051d2 (0x01472ab3) x21 0x00000000
core   0: 0x800051d6 (0x01782333) slt     t1, a6, s7
core   0: 3 0x800051d6 (0x01782333) x6  0x00000001
core   0: 0x800051da (0xfad553e3) bge     a0, a3, pc - 90
core   0: 3 0x800051da (0xfad553e3)
core   0: 0x80005180 (0x000089a6) c.mv    s3, s1
core   0: 3 0x80005180 (0x89a6) x19 0x00000242
core   0: 0x80005182 (0x00009806) c.add   a6, ra
core   0: 3 0x80005182 (0x9806) x16 0x00000000
core   0: 0x80005184 (0x00001561) c.addi  a0, -8
core   0: 3 0x80005184 (0x1561) x10 0xfffffff0
core   0: 0x80005186 (0x022eb633) mulhu   a2, t4, sp
core   0: 3 0x80005186 (0x022eb633) x12 0x216ad15f
core   0: 0x8000518a (0x000084e6) c.mv    s1, s9
core   0: 3 0x8000518a (0x84e6) x9  0x00000242
core   0: 0x8000518c (0x03d21ab3) mulh    s5, tp, t4
core   0: 3 0x8000518c (0x03d21ab3) x21 0xe7c358fe
core   0: 0x80005190 (0x000045a9) c.li    a1, 10
core   0: 3 0x80005190 (0x45a9) x11 0x0000000a
core   0: 0x80005192 (0x038503b3) mul     t2, a0, s8
core   0: 3 0x80005192 (0x038503b3) x7  0xf85a00c0
core   0: 0x80005196 (0xb5b65fb7) lui     t6, 0xb5b65
core   0: 3 0x80005196 (0xb5b65fb7) x31 0xb5b65000
core   0: 0x8000519a (0xd434f113) andi    sp, s1, -701
core   0: 3 0x8000519a (0xd434f113) x2  0x00000042
core   0: 0x8000519e (0x02a5d0b3) divu    ra, a1, a0
core   0: 3 0x8000519e (0x02a5d0b3) x1  0x00000000
core   0: 0x800051a2 (0x00005a59) c.li    s4, -10
core   0: 3 0x800051a2 (0x5a59) x20 0xfffffff6
core   0: 0x800051a4 (0x00ad72b3) and     t0, s10, a0
core   0: 3 0x800051a4 (0x00ad72b3) x5  0xfffffff0
core   0: 0x800051a8 (0x41828833) sub     a6, t0, s8
core   0: 3 0x800051a8 (0x41828833) x16 0x4f859ffc
core   0: 0x800051ac (0x004c9013) slli    zero, s9, 4
core   0: 3 0x800051ac (0x004c9013)
core   0: 0x800051b0 (0x4080d813) srai    a6, ra, 8
core   0: 3 0x800051b0 (0x4080d813) x16 0x00000000
core   0: 0x800051b4 (0x0000914e) c.add   sp, s3
core   0: 3 0x800051b4 (0x914e) x2  0x00000284
core   0: 0x800051b6 (0x00008051) c.srli  s0, 20
core   0: 3 0x800051b6 (0x8051) x8  0x00000000
core   0: 0x800051b8 (0x000015d9) c.addi  a1, -10
core   0: 3 0x800051b8 (0x15d9) x11 0x00000000
core   0: 0x800051ba (0x00000001) c.nop
core   0: 3 0x800051ba (0x0001)
core   0: 0x800051bc (0x010bd633) srl     a2, s7, a6
core   0: 3 0x800051bc (0x010bd633) x12 0x00000009
core   0: 0x800051c0 (0xff4582e3) beq     a1, s4, pc - 28
core   0: 3 0x800051c0 (0xff4582e3)
core   0: 0x800051c4 (0x01ca92b3) sll     t0, s5, t3
core   0: 3 0x800051c4 (0x01ca92b3) x5  0x7c358fe0
core   0: 0x800051c8 (0x00008415) c.srai  s0, 5
core   0: 3 0x800051c8 (0x8415) x8  0x00000000
core   0: 0x800051ca (0x40618ab3) sub     s5, gp, t1
core   0: 3 0x800051ca (0x40618ab3) x21 0x00000794
core   0: 0x800051ce (0x013eec33) or      s8, t4, s3
core   0: 3 0x800051ce (0x013eec33) x24 0x307a4b72
core   0: 0x800051d2 (0x01472ab3) slt     s5, a4, s4
core   0: 3 0x800051d2 (0x01472ab3) x21 0x00000000
core   0: 0x800051d6 (0x01782333) slt     t1, a6, s7
core   0: 3 0x800051d6 (0x01782333) x6  0x00000001
core   0: 0x800051da (0xfad553e3) bge     a0, a3, pc - 90
core   0: 3 0x800051da (0xfad553e3)
core   0: 0x800051de (0x00000001) c.nop
core   0: 3 0x800051de (0x0001)
core   0: 0x800051e0 (0x01121433) sll     s0, tp, a7
core   0: 3 0x800051e0 (0x01121433) x8  0x00000000
core   0: 0x800051e4 (0x00008e15) c.sub   a2, a3
core   0: 3 0x800051e4 (0x8e15) x12 0x00000016
core   0: 0x800051e6 (0x01066c63) bltu    a2, a6, pc + 24
core   0: 3 0x800051e6 (0x01066c63)
core   0: 0x800051ea (0xcec1c693) xori    a3, gp, -788
core   0: 3 0x800051ea (0xcec1c693) x13 0xfffffb79
core   0: 0x800051ee (0x00009bb2) c.add   s7, a2
core   0: 3 0x800051ee (0x9bb2) x23 0x0000001f
core   0: 0x800051f0 (0x03e01833) mulh    a6, zero, t5
core   0: 3 0x800051f0 (0x03e01833) x16 0x00000000
core   0: 0x800051f4 (0x00000498) c.addi4spn a4, sp, 576
core   0: 3 0x800051f4 (0x0498) x14 0x000004c4
core   0: 0x800051f6 (0x03141c63) bne     s0, a7, pc + 56
core   0: 3 0x800051f6 (0x03141c63)
core   0: 0x8000522e (0x671f2493) slti    s1, t5, 1649
core   0: 3 0x8000522e (0x671f2493) x9  0x00000001
core   0: 0x80005232 (0x034ec733) div     a4, t4, s4
core   0: 3 0x80005232 (0x034ec733) x14 0xfb26f875
core   0: 0x80005236 (0x00008235) c.srli  a2, 13
core   0: 3 0x80005236 (0x8235) x12 0x00000000
core   0: 0x80005238 (0x0000c0a1) c.beqz  s1, pc + 64
core   0: 3 0x80005238 (0xc0a1)
core   0: 0x8000523a (0x01264db3) xor     s11, a2, s2
core   0: 3 0x8000523a (0x01264db3) x27 0x00000001
core   0: 0x8000523e (0x011ce363) bltu    s9, a7, pc + 6
core   0: 3 0x8000523e (0x011ce363)
core   0: 0x80005244 (0x000001a5) c.addi  gp, 9
core   0: 3 0x80005244 (0x01a5) x3  0x0000079e
core   0: 0x80005246 (0x41de5833) sra     a6, t3, t4
core   0: 3 0x80005246 (0x41de5833) x16 0xffff8002
core   0: 0x8000524a (0x021b8033) mul     zero, s7, ra
core   0: 3 0x8000524a (0x021b8033)
core   0: 0x8000524e (0x0000717d) c.addi16sp sp, -16
core   0: 3 0x8000524e (0x717d) x2  0x00000274
core   0: 0x80005250 (0x00d2eab3) or      s5, t0, a3
core   0: 3 0x80005250 (0x00d2eab3) x21 0xfffffff9
core   0: 0x80005254 (0x0384b7b3) mulhu   a5, s1, s8
core   0: 3 0x80005254 (0x0384b7b3) x15 0x00000000
core   0: 0x80005258 (0x00001380) c.addi4spn s0, sp, 480
core   0: 3 0x80005258 (0x1380) x8  0x00000454
core   0: 0x8000525a (0x00008cad) c.xor   s1, a1
core   0: 3 0x8000525a (0x8cad) x9  0x00000001
core   0: 0x8000525c (0x59277b13) andi    s6, a4, 1426
core   0: 3 0x8000525c (0x59277b13) x22 0x00000010
core   0: 0x80005260 (0xa617a517) auipc   a0, 0xa617a
core   0: 3 0x80005260 (0xa617a517) x10 0x2617f260
core   0: 0x80005264 (0x400a5493) srai    s1, s4, 0
core   0: 3 0x80005264 (0x400a5493) x9  0xfffffff6
core   0: 0x80005268 (0x43bb5c17) auipc   s8, 0x43bb5
core   0: 3 0x80005268 (0x43bb5c17) x24 0xc3bba268
core   0: 0x8000526c (0x01b8ddb3) srl     s11, a7, s11
core   0: 3 0x8000526c (0x01b8ddb3) x27 0x7fffff9f
core   0: 0x80005270 (0x90b28513) addi    a0, t0, -1781
core   0: 3 0x80005270 (0x90b28513) x10 0x7c3588eb
core   0: 0x80005274 (0x03ffccb3) div     s9, t6, t6
core   0: 3 0x80005274 (0x03ffccb3) x25 0x00000001
core   0: 0x80005278 (0x0005c6b3) xor     a3, a1, zero
core   0: 3 0x80005278 (0x0005c6b3) x13 0x00000000
core   0: 0x8000527c (0x403c5393) srai    t2, s8, 3
core   0: 3 0x8000527c (0x403c5393) x7  0xf877744d
core   0: 0x80005280 (0x24df7bb7) lui     s7, 0x24df7
core   0: 3 0x80005280 (0x24df7bb7) x23 0x24df7000
core   0: 0x80005284 (0x00008ed1) c.or    a3, a2
core   0: 3 0x80005284 (0x8ed1) x13 0x00000000
core   0: 0x80005286 (0x00000e80) c.addi4spn s0, sp, 848
core   0: 3 0x80005286 (0x0e80) x8  0x000005c4
core   0: 0x80005288 (0xb31f4613) xori    a2, t5, -1231
core   0: 3 0x80005288 (0xb31f4613) x12 0xfffffb31
core   0: 0x8000528c (0x00008dd1) c.or    a1, a2
core   0: 3 0x8000528c (0x8dd1) x11 0xfffffb31
core   0: 0x8000528e (0x00008df9) c.and   a1, a4
core   0: 3 0x8000528e (0x8df9) x11 0xfb26f831
core   0: 0x80005290 (0x00000001) c.nop
core   0: 3 0x80005290 (0x0001)
core   0: 0x80005292 (0x0046c963) blt     a3, tp, pc + 18
core   0: 3 0x80005292 (0x0046c963)
core   0: 0x80005296 (0x41570db3) sub     s11, a4, s5
core   0: 3 0x80005296 (0x41570db3) x27 0xfb26f87c
core   0: 0x8000529a (0x03c0e3b3) rem     t2, ra, t3
core   0: 3 0x8000529a (0x03c0e3b3) x7  0x00000000
core   0: 0x8000529e (0x00008df9) c.and   a1, a4
core   0: 3 0x8000529e (0x8df9) x11 0xfb26f831
core   0: 0x800052a0 (0xa3586f93) ori     t6, a6, -1483
core   0: 3 0x800052a0 (0xa3586f93) x31 0xfffffa37
core   0: 0x800052a4 (0x003a6933) or      s2, s4, gp
core   0: 3 0x800052a4 (0x003a6933) x18 0xfffffffe
core   0: 0x800052a8 (0x00008cfd) c.and   s1, a5
core   0: 3 0x800052a8 (0x8cfd) x9  0x00000000
core   0: 0x800052aa (0x017f4433) xor     s0, t5, s7
core   0: 3 0x800052aa (0x017f4433) x8  0x24df7000
core   0: 0x800052ae (0x00000001) c.nop
core   0: 3 0x800052ae (0x0001)
core   0: 0x800052b0 (0x00ddff63) bgeu    s11, a3, pc + 30
core   0: 3 0x800052b0 (0x00ddff63)
core   0: 0x800052ce (0x00008d71) c.and   a0, a2
core   0: 3 0x800052ce (0x8d71) x10 0x7c358821
core   0: 0x800052d0 (0x00000a91) c.addi  s5, 4
core   0: 3 0x800052d0 (0x0a91) x21 0xfffffffd
core   0: 0x800052d2 (0x036c79b3) remu    s3, s8, s6
core   0: 3 0x800052d2 (0x036c79b3) x19 0x00000008
core   0: 0x800052d6 (0x00008d0d) c.sub   a0, a1
core   0: 3 0x800052d6 (0x8d0d) x10 0x810e8ff0
core   0: 0x800052d8 (0x0000717d) c.addi16sp sp, -16
core   0: 3 0x800052d8 (0x717d) x2  0x00000264
core   0: 0x800052da (0x01edcd33) xor     s10, s11, t5
core   0: 3 0x800052da (0x01edcd33) x26 0xfb26f87c
core   0: 0x800052de (0x00fd6cb3) or      s9, s10, a5
core   0: 3 0x800052de (0x00fd6cb3) x25 0xfb26f87c
core   0: 0x800052e2 (0x00008152) c.mv    sp, s4
core   0: 3 0x800052e2 (0x8152) x2  0xfffffff6
core   0: 0x800052e4 (0x00009a7d) c.andi  a2, -1
core   0: 3 0x800052e4 (0x9a7d) x12 0xfffffb31
core   0: 0x800052e6 (0x012cd293) srli    t0, s9, 18
core   0: 3 0x800052e6 (0x012cd293) x5  0x00003ec9
core   0: 0x800052ea (0x023213b3) mulh    t2, tp, gp
core   0: 3 0x800052ea (0x023213b3) x7  0xfffffc31
core   0: 0x800052ee (0x00008295) c.srli  a3, 5
core   0: 3 0x800052ee (0x8295) x13 0x00000000
core   0: 0x800052f0 (0x0034c533) xor     a0, s1, gp
core   0: 3 0x800052f0 (0x0034c533) x10 0x0000079e
core   0: 0x800052f4 (0x00ac8db3) add     s11, s9, a0
core   0: 3 0x800052f4 (0x00ac8db3) x27 0xfb27001a
core   0: 0x800052f8 (0x000080ae) c.mv    ra, a1
core   0: 3 0x800052f8 (0x80ae) x1  0xfb26f831
core   0: 0x800052fa (0x03190463) beq     s2, a7, pc + 40
core   0: 3 0x800052fa (0x03190463)
core   0: 0x800052fe (0x026b0db3) mul     s11, s6, t1
core   0: 3 0x800052fe (0x026b0db3) x27 0x00000010
core   0: 0x80005302 (0x00008c95) c.sub   s1, a3
core   0: 3 0x80005302 (0x8c95) x9  0x00000000
core   0: 0x80005304 (0x01657f33) and     t5, a0, s6
core   0: 3 0x80005304 (0x01657f33) x30 0x00000010
core   0: 0x80005308 (0x03f737b3) mulhu   a5, a4, t6
core   0: 3 0x80005308 (0x03f737b3) x15 0xfb26f2c8
core   0: 0x8000530c (0x0000c795) c.beqz  a5, pc + 44
core   0: 3 0x8000530c (0xc795)
core   0: 0x8000530e (0x0124a833) slt     a6, s1, s2
core   0: 3 0x8000530e (0x0124a833) x16 0x00000000
core   0: 0x80005312 (0x008a1363) bne     s4, s0, pc + 6
core   0: 3 0x80005312 (0x008a1363)
core   0: 0x80005318 (0x00006a49) c.lui   s4, 0x12
core   0: 3 0x80005318 (0x6a49) x20 0x00012000
core   0: 0x8000531a (0x41345193) srai    gp, s0, 19
core   0: 3 0x8000531a (0x41345193) x3  0x0000049b
core   0: 0x8000531e (0x00000500) c.addi4spn s0, sp, 640
core   0: 3 0x8000531e (0x0500) x8  0x00000276
core   0: 0x80005320 (0x00008dad) c.xor   a1, a1
core   0: 3 0x80005320 (0x8dad) x11 0x00000000
core   0: 0x80005322 (0x00008da5) c.xor   a1, s1
core   0: 3 0x80005322 (0x8da5) x11 0x00000000
core   0: 0x80005324 (0x414b02b3) sub     t0, s6, s4
core   0: 3 0x80005324 (0x414b02b3) x5  0xfffee010
core   0: 0x80005328 (0x01aa3033) sltu    zero, s4, s10
core   0: 3 0x80005328 (0x01aa3033)
core   0: 0x8000532c (0x00f1a333) slt     t1, gp, a5
core   0: 3 0x8000532c (0x00f1a333) x6  0x00000000
core   0: 0x80005330 (0x00008409) c.srai  s0, 2
core   0: 3 0x80005330 (0x8409) x8  0x0000009d
core   0: 0x80005332 (0x00006699) c.lui   a3, 0x6
core   0: 3 0x80005332 (0x6699) x13 0x00006000
core   0: 0x80005334 (0x4df1ff13) andi    t5, gp, 1247
core   0: 3 0x80005334 (0x4df1ff13) x30 0x0000049b
core   0: 0x80005338 (0x0000c919) c.beqz  a0, pc + 22
core   0: 3 0x80005338 (0xc919)
core   0: 0x8000533a (0x02e88f33) mul     t5, a7, a4
core   0: 3 0x8000533a (0x02e88f33) x30 0xa79eafcb
core   0: 0x8000533e (0xacd4e313) ori     t1, s1, -1331
core   0: 3 0x8000533e (0xacd4e313) x6  0xfffffacd
core   0: 0x80005342 (0x03cfc163) blt     t6, t3, pc + 34
core   0: 3 0x80005342 (0x03cfc163)
core   0: 0x80005346 (0x014adb33) srl     s6, s5, s4
core   0: 3 0x80005346 (0x014adb33) x22 0xfffffffd
core   0: 0x8000534a (0x01ca9737) lui     a4, 0x1ca9
core   0: 3 0x8000534a (0x01ca9737) x14 0x01ca9000
core   0: 0x8000534e (0x00f5fdb3) and     s11, a1, a5
core   0: 3 0x8000534e (0x00f5fdb3) x27 0x00000000
core   0: 0x80005352 (0x00000001) c.nop
core   0: 3 0x80005352 (0x0001)
core   0: 0x80005354 (0x029136b3) mulhu   a3, sp, s1
core   0: 3 0x80005354 (0x029136b3) x13 0x00000000
core   0: 0x80005358 (0x00c7ccb3) xor     s9, a5, a2
core   0: 3 0x80005358 (0x00c7ccb3) x25 0x04d909f9
core   0: 0x8000535c (0x00008b51) c.andi  a4, 20
core   0: 3 0x8000535c (0x8b51) x14 0x00000000
core   0: 0x8000535e (0x00008ee1) c.and   a3, s0
core   0: 3 0x8000535e (0x8ee1) x13 0x00000000
core   0: 0x80005360 (0xc43b2413) slti    s0, s6, -957
core   0: 3 0x80005360 (0xc43b2413) x8  0x00000000
core   0: 0x80005364 (0x00001e0c) c.addi4spn a1, sp, 816
core   0: 3 0x80005364 (0x1e0c) x11 0x00000326
core   0: 0x80005366 (0x035b9c33) mulh    s8, s7, s5
core   0: 3 0x80005366 (0x035b9c33) x24 0xffffffff
core   0: 0x8000536a (0x02a7c033) div     zero, a5, a0
core   0: 3 0x8000536a (0x02a7c033)
core   0: 0x8000536e (0x0000614d) c.addi16sp sp, 176
core   0: 3 0x8000536e (0x614d) x2  0x000000a6
core   0: 0x80005370 (0x5f0be013) ori     zero, s7, 1520
core   0: 3 0x80005370 (0x5f0be013)
core   0: 0x80005374 (0x00000001) c.nop
core   0: 3 0x80005374 (0x0001)
core   0: 0x80005376 (0x00004b79) c.li    s6, 30
core   0: 3 0x80005376 (0x4b79) x22 0x0000001e
core   0: 0x80005378 (0x00a333b3) sltu    t2, t1, a0
core   0: 3 0x80005378 (0x00a333b3) x7  0x00000000
core   0: 0x8000537c (0x00000b04) c.addi4spn s1, sp, 400
core   0: 3 0x8000537c (0x0b04) x9  0x00000236
core   0: 0x8000537e (0x02a25a63) bge     tp, a0, pc + 52
core   0: 3 0x8000537e (0x02a25a63)
core   0: 0x80005382 (0x00766c63) bltu    a2, t2, pc + 24
core   0: 3 0x80005382 (0x00766c63)
core   0: 0x80005386 (0x368c2d13) slti    s10, s8, 872
core   0: 3 0x80005386 (0x368c2d13) x26 0x00000001
core   0: 0x8000538a (0x02948663) beq     s1, s1, pc + 44
core   0: 3 0x8000538a (0x02948663)
core   0: 0x800053b6 (0x00008996) c.mv    s3, t0
core   0: 3 0x800053b6 (0x8996) x19 0xfffee010
core   0: 0x800053b8 (0x02d35b63) bge     t1, a3, pc + 54
core   0: 3 0x800053b8 (0x02d35b63)
core   0: 0x800053bc (0x027532b3) mulhu   t0, a0, t2
core   0: 3 0x800053bc (0x027532b3) x5  0x00000000
core   0: 0x800053c0 (0x028e40b3) div     ra, t3, s0
core   0: 3 0x800053c0 (0x028e40b3) x1  0xffffffff
core   0: 0x800053c4 (0x00f49993) slli    s3, s1, 15
core   0: 3 0x800053c4 (0x00f49993) x19 0x011b0000
core   0: 0x800053c8 (0x0468c363) blt     a7, t1, pc + 70
core   0: 3 0x800053c8 (0x0468c363)
core   0: 0x800053cc (0xb68f8013) addi    zero, t6, -1176
core   0: 3 0x800053cc (0xb68f8013)
core   0: 0x800053d0 (0x1233f113) andi    sp, t2, 291
core   0: 3 0x800053d0 (0x1233f113) x2  0x00000000
core   0: 0x800053d4 (0x8ef9d1b7) lui     gp, 0x8ef9d
core   0: 3 0x800053d4 (0x8ef9d1b7) x3  0x8ef9d000
core   0: 0x800053d8 (0x033608b3) mul     a7, a2, s3
core   0: 3 0x800053d8 (0x033608b3) x17 0xaf2b0000
core   0: 0x800053dc (0x03111b33) mulh    s6, sp, a7
core   0: 3 0x800053dc (0x03111b33) x22 0x00000000
core   0: 0x800053e0 (0x03dae3b3) rem     t2, s5, t4
core   0: 3 0x800053e0 (0x03dae3b3) x7  0xfffffffd
core   0: 0x800053e4 (0x039c8d33) mul     s10, s9, s9
core   0: 3 0x800053e4 (0x039c8d33) x26 0xb0857431
core   0: 0x800053e8 (0x0000801d) c.srli  s0, 7
core   0: 3 0x800053e8 (0x801d) x8  0x00000000
core   0: 0x800053ea (0x03f72b33) mulhsu  s6, a4, t6
core   0: 3 0x800053ea (0x03f72b33) x22 0x00000000
core   0: 0x800053ee (0x0238ba33) mulhu   s4, a7, gp
core   0: 3 0x800053ee (0x0238ba33) x20 0x61d4c925
core   0: 0x800053f2 (0xb6506993) ori     s3, zero, -1179
core   0: 3 0x800053f2 (0xb6506993) x19 0xfffffb65
core   0: 0x800053f6 (0x008df3b3) and     t2, s11, s0
core   0: 3 0x800053f6 (0x008df3b3) x7  0x00000000
core   0: 0x800053fa (0x00005f7d) c.li    t5, -1
core   0: 3 0x800053fa (0x5f7d) x30 0xffffffff
core   0: 0x800053fc (0x012ba2b3) slt     t0, s7, s2
core   0: 3 0x800053fc (0x012ba2b3) x5  0x00000000
core   0: 0x80005400 (0x011b5493) srli    s1, s6, 17
core   0: 3 0x80005400 (0x011b5493) x9  0x00000000
core   0: 0x80005404 (0x00000bee) c.slli  s7, 27
core   0: 3 0x80005404 (0x0bee) x23 0x00000000
core   0: 0x80005406 (0x03caa5b3) mulhsu  a1, s5, t3
core   0: 3 0x80005406 (0x03caa5b3) x11 0xfffffffe
core   0: 0x8000540a (0x00000001) c.nop
core   0: 3 0x8000540a (0x0001)
core   0: 0x8000540c (0x0000158c) c.addi4spn a1, sp, 736
core   0: 3 0x8000540c (0x158c) x11 0x000002e0
core   0: 0x8000540e (0x00f1dab3) srl     s5, gp, a5
core   0: 3 0x8000540e (0x00f1dab3) x21 0x008ef9d0
core   0: 0x80005412 (0x412d5113) srai    sp, s10, 18
core   0: 3 0x80005412 (0x412d5113) x2  0xffffec21
core   0: 0x80005416 (0x018cc5b3) xor     a1, s9, s8
core   0: 3 0x80005416 (0x018cc5b3) x11 0xfb26f606
core   0: 0x8000541a (0x03b05ab3) divu    s5, zero, s11
core   0: 3 0x8000541a (0x03b05ab3) x21 0xffffffff
core   0: 0x8000541e (0x000081a5) c.srli  a1, 9
core   0: 3 0x8000541e (0x81a5) x11 0x007d937b
core   0: 0x80005420 (0x005ff263) bgeu    t6, t0, pc + 4
core   0: 3 0x80005420 (0x005ff263)
core   0: 0x80005424 (0x02d7b633) mulhu   a2, a5, a3
core   0: 3 0x80005424 (0x02d7b633) x12 0x00000000
core   0: 0x80005428 (0x00008b85) c.andi  a5, 1
core   0: 3 0x80005428 (0x8b85) x15 0x00000000
core   0: 0x8000542a (0x028d9433) mulh    s0, s11, s0
core   0: 3 0x8000542a (0x028d9433) x8  0x00000000
core   0: 0x8000542e (0x000098fd) c.andi  s1, -1
core   0: 3 0x8000542e (0x98fd) x9  0x00000000
core   0: 0x80005430 (0xfcf76a93) ori     s5, a4, -49
core   0: 3 0x80005430 (0xfcf76a93) x21 0xffffffcf
core   0: 0x80005434 (0x0000717d) c.addi16sp sp, -16
core   0: 3 0x80005434 (0x717d) x2  0xffffec11
core   0: 0x80005436 (0x025d28b3) mulhsu  a7, s10, t0
core   0: 3 0x80005436 (0x025d28b3) x17 0x00000000
core   0: 0x8000543a (0x02adba33) mulhu   s4, s11, a0
core   0: 3 0x8000543a (0x02adba33) x20 0x00000000
core   0: 0x8000543e (0x00c60333) add     t1, a2, a2
core   0: 3 0x8000543e (0x00c60333) x6  0x00000000
core   0: 0x80005442 (0x000010fd) c.addi  ra, -1
core   0: 3 0x80005442 (0x10fd) x1  0xfffffffe
core   0: 0x80005444 (0x0000c799) c.beqz  a5, pc + 14
core   0: 3 0x80005444 (0xc799)
core   0: 0x80005452 (0x007ba833) slt     a6, s7, t2
core   0: 3 0x80005452 (0x007ba833) x16 0x00000000
core   0: 0x80005456 (0x00008fe1) c.and   a5, s0
core   0: 3 0x80005456 (0x8fe1) x15 0x00000000
core   0: 0x80005458 (0xf94f0413) addi    s0, t5, -108
core   0: 3 0x80005458 (0xf94f0413) x8  0xffffff93
core   0: 0x8000545c (0x0160b633) sltu    a2, ra, s6
core   0: 3 0x8000545c (0x0160b633) x12 0x00000000
core   0: 0x80005460 (0x02fc6b33) rem     s6, s8, a5
core   0: 3 0x80005460 (0x02fc6b33) x22 0xffffffff
core   0: 0x80005464 (0x01d9aab3) slt     s5, s3, t4
core   0: 3 0x80005464 (0x01d9aab3) x21 0x00000001
core   0: 0x80005468 (0x000082d9) c.srli  a3, 22
core   0: 3 0x80005468 (0x82d9) x13 0x00000000
core   0: 0x8000546a (0x010c2c33) slt     s8, s8, a6
core   0: 3 0x8000546a (0x010c2c33) x24 0x00000001
core   0: 0x8000546e (0x1fa3e337) lui     t1, 0x1fa3e
core   0: 3 0x8000546e (0x1fa3e337) x6  0x1fa3e000
core   0: 0x80005472 (0x03cd1c63) bne     s10, t3, pc + 56
core   0: 3 0x80005472 (0x03cd1c63)
core   0: 0x800054aa (0x000006da) c.slli  a3, 22
core   0: 3 0x800054aa (0x06da) x13 0x00000000
core   0: 0x800054ac (0x00089193) slli    gp, a7, 0
core   0: 3 0x800054ac (0x00089193) x3  0x00000000
core   0: 0x800054b0 (0x00000001) c.nop
core   0: 3 0x800054b0 (0x0001)
core   0: 0x800054b2 (0x00159833) sll     a6, a1, ra
core   0: 3 0x800054b2 (0x00159833) x16 0xc0000000
core   0: 0x800054b6 (0x417ad9b3) sra     s3, s5, s7
core   0: 3 0x800054b6 (0x417ad9b3) x19 0x00000001
core   0: 0x800054ba (0x019e60b3) or      ra, t3, s9
core   0: 3 0x800054ba (0x019e60b3) x1  0x84db5ffd
core   0: 0x800054be (0x000088b1) c.andi  s1, 12
core   0: 3 0x800054be (0x88b1) x9  0x00000000
core   0: 0x800054c0 (0x00008f15) c.sub   a4, a3
core   0: 3 0x800054c0 (0x8f15) x14 0x00000000
core   0: 0x800054c2 (0x01262133) slt     sp, a2, s2
core   0: 3 0x800054c2 (0x01262133) x2  0x00000000
core   0: 0x800054c6 (0x000085bd) c.srai  a1, 15
core   0: 3 0x800054c6 (0x85bd) x11 0x000000fb
core   0: 0x800054c8 (0x00008089) c.srli  s1, 2
core   0: 3 0x800054c8 (0x8089) x9  0x00000000
core   0: 0x800054ca (0x00245d13) srli    s10, s0, 2
core   0: 3 0x800054ca (0x00245d13) x26 0x3fffffe4
core   0: 0x800054ce (0xe41ee913) ori     s2, t4, -447
core   0: 3 0x800054ce (0xe41ee913) x18 0xffffff71
core   0: 0x800054d2 (0xd39ba037) lui     zero, 0xd39ba
core   0: 3 0x800054d2 (0xd39ba037)
core   0: 0x800054d6 (0x02d30563) beq     t1, a3, pc + 42
core   0: 3 0x800054d6 (0x02d30563)
core   0: 0x800054da (0x0070dbb3) srl     s7, ra, t2
core   0: 3 0x800054da (0x0070dbb3) x23 0x84db5ffd
core   0: 0x800054de (0x003bf263) bgeu    s7, gp, pc + 4
core   0: 3 0x800054de (0x003bf263)
core   0: 0x800054e2 (0x02cae033) rem     zero, s5, a2
core   0: 3 0x800054e2 (0x02cae033)
core   0: 0x800054e6 (0x000000a6) c.slli  ra, 9
core   0: 3 0x800054e6 (0x00a6) x1  0xb6bffa00
core   0: 0x800054e8 (0x00a18d63) beq     gp, a0, pc + 26
core   0: 3 0x800054e8 (0x00a18d63)
core   0: 0x800054ec (0x00000a98) c.addi4spn a4, sp, 336
core   0: 3 0x800054ec (0x0a98) x14 0x00000150
core   0: 0x800054ee (0x00008fb5) c.xor   a5, a3
core   0: 3 0x800054ee (0x8fb5) x15 0x00000000
core   0: 0x800054f0 (0x00000b19) c.addi  s6, 6
core   0: 3 0x800054f0 (0x0b19) x22 0x00000005
core   0: 0x800054f2 (0x009d33b3) sltu    t2, s10, s1
core   0: 3 0x800054f2 (0x009d33b3) x7  0x00000000
core   0: 0x800054f6 (0x00001e88) c.addi4spn a0, sp, 880
core   0: 3 0x800054f6 (0x1e88) x10 0x00000370
core   0: 0x800054f8 (0x03d6d363) bge     a3, t4, pc + 38
core   0: 3 0x800054f8 (0x03d6d363)
core   0: 0x800054fc (0x02342bb3) mulhsu  s7, s0, gp
core   0: 3 0x800054fc (0x02342bb3) x23 0x00000000
core   0: 0x80005500 (0x000003a9) c.addi  t2, 10
core   0: 3 0x80005500 (0x03a9) x7  0x0000000a
core   0: 0x80005502 (0x03a2d3b3) divu    t2, t0, s10
core   0: 3 0x80005502 (0x03a2d3b3) x7  0x00000000
core   0: 0x80005506 (0x039c4663) blt     s8, s9, pc + 44
core   0: 3 0x80005506 (0x039c4663)
core   0: 0x80005532 (0x0000611d) c.addi16sp sp, 416
core   0: 3 0x80005532 (0x611d) x2  0x000001a0
core   0: 0x80005534 (0x0002e6b3) or      a3, t0, zero
core   0: 3 0x80005534 (0x0002e6b3) x13 0x00000000
core   0: 0x80005538 (0x0298c3b3) div     t2, a7, s1
core   0: 3 0x80005538 (0x0298c3b3) x7  0xffffffff
core   0: 0x8000553c (0x00001c90) c.addi4spn a2, sp, 624
core   0: 3 0x8000553c (0x1c90) x12 0x00000410
core   0: 0x8000553e (0x011ddd33) srl     s10, s11, a7
core   0: 3 0x8000553e (0x011ddd33) x26 0x00000000
core   0: 0x80005542 (0x02007963) bgeu    zero, zero, pc + 50
core   0: 3 0x80005542 (0x02007963)
core   0: 0x80005574 (0x035985b3) mul     a1, s3, s5
core   0: 3 0x80005574 (0x035985b3) x11 0x00000001
core   0: 0x80005578 (0x029220b3) mulhsu  ra, tp, s1
core   0: 3 0x80005578 (0x029220b3) x1  0x00000000
core   0: 0x8000557c (0x033bfd33) remu    s10, s7, s3
core   0: 3 0x8000557c (0x033bfd33) x26 0x00000000
core   0: 0x80005580 (0x03de5b63) bge     t3, t4, pc + 54
core   0: 3 0x80005580 (0x03de5b63)
core   0: 0x80005584 (0x00527ab3) and     s5, tp, t0
core   0: 3 0x80005584 (0x00527ab3) x21 0x00000000
core   0: 0x80005588 (0x41500ab3) sub     s5, zero, s5
core   0: 3 0x80005588 (0x41500ab3) x21 0x00000000
core   0: 0x8000558c (0x01210cb3) add     s9, sp, s2
core   0: 3 0x8000558c (0x01210cb3) x25 0x00000111
core   0: 0x80005590 (0x0e7f8293) addi    t0, t6, 231
core   0: 3 0x80005590 (0x0e7f8293) x5  0xfffffb1e
core   0: 0x80005594 (0x01c30d33) add     s10, t1, t3
core   0: 3 0x80005594 (0x01c30d33) x26 0x9fa63ea4
core   0: 0x80005598 (0x00000b0a) c.slli  s6, 2
core   0: 3 0x80005598 (0x0b0a) x22 0x00000014
core   0: 0x8000559a (0x00001e90) c.addi4spn a2, sp, 880
core   0: 3 0x8000559a (0x1e90) x12 0x00000510
core   0: 0x8000559c (0x02e86163) bltu    a6, a4, pc + 34
core   0: 3 0x8000559c (0x02e86163)
core   0: 0x800055a0 (0x986be493) ori     s1, s7, -1658
core   0: 3 0x800055a0 (0x986be493) x9  0xfffff986
core   0: 0x800055a4 (0x00181133) sll     sp, a6, ra
core   0: 3 0x800055a4 (0x00181133) x2  0xc0000000
core   0: 0x800055a8 (0xb7ece793) ori     a5, s9, -1154
core   0: 3 0x800055a8 (0xb7ece793) x15 0xfffffb7f
core   0: 0x800055ac (0x17b13113) sltiu   sp, sp, 379
core   0: 3 0x800055ac (0x17b13113) x2  0x00000000
core   0: 0x800055b0 (0x00000001) c.nop
core   0: 3 0x800055b0 (0x0001)
core   0: 0x800055b2 (0xa1666117) auipc   sp, 0xa1666
core   0: 3 0x800055b2 (0xa1666117) x2  0x2166b5b2
core   0: 0x800055b6 (0x00008ec5) c.or    a3, s1
core   0: 3 0x800055b6 (0x8ec5) x13 0xfffff986
core   0: 0x800055b8 (0x00ec12b3) sll     t0, s8, a4
core   0: 3 0x800055b8 (0x00ec12b3) x5  0x00010000
core   0: 0x800055bc (0x00008349) c.srli  a4, 18
core   0: 3 0x800055bc (0x8349) x14 0x00000000
core   0: 0x800055be (0x28e67f93) andi    t6, a2, 654
core   0: 3 0x800055be (0x28e67f93) x31 0x00000000
core   0: 0x800055c2 (0x00000d08) c.addi4spn a0, sp, 656
core   0: 3 0x800055c2 (0x0d08) x10 0x2166b842
core   0: 0x800055c4 (0x028d3433) mulhu   s0, s10, s0
core   0: 3 0x800055c4 (0x028d3433) x8  0x9fa63e60
core   0: 0x800055c8 (0x00e8d2b3) srl     t0, a7, a4
core   0: 3 0x800055c8 (0x00e8d2b3) x5  0x00000000
core   0: 0x800055cc (0x975db413) sltiu   s0, s11, -1675
core   0: 3 0x800055cc (0x975db413) x8  0x00000001
core   0: 0x800055d0 (0x02688563) beq     a7, t1, pc + 42
core   0: 3 0x800055d0 (0x02688563)
core   0: 0x800055d4 (0x03467933) remu    s2, a2, s4
core   0: 3 0x800055d4 (0x03467933) x18 0x00000510
core   0: 0x800055d8 (0x00008db5) c.xor   a1, a3
core   0: 3 0x800055d8 (0x8db5) x11 0xfffff987
core   0: 0x800055da (0x0000612d) c.addi16sp sp, 224
core   0: 3 0x800055da (0x612d) x2  0x2166b692
core   0: 0x800055dc (0x0383f8b3) remu    a7, t2, s8
core   0: 3 0x800055dc (0x0383f8b3) x17 0x00000000
core   0: 0x800055e0 (0x00816ab3) or      s5, sp, s0
core   0: 3 0x800055e0 (0x00816ab3) x21 0x2166b693
core   0: 0x800055e4 (0x52db0193) addi    gp, s6, 1325
core   0: 3 0x800055e4 (0x52db0193) x3  0x00000541
core   0: 0x800055e8 (0x00006305) c.lui   t1, 0x1
core   0: 3 0x800055e8 (0x6305) x6  0x00001000
core   0: 0x800055ea (0x0210bcb3) mulhu   s9, ra, ra
core   0: 3 0x800055ea (0x0210bcb3) x25 0x00000000
core   0: 0x800055ee (0x00008765) c.srai  a4, 25
core   0: 3 0x800055ee (0x8765) x14 0x00000000
core   0: 0x800055f0 (0x00008e39) c.xor   a2, a4
core   0: 3 0x800055f0 (0x8e39) x12 0x00000510
core   0: 0x800055f2 (0x0323f7b3) remu    a5, t2, s2
core   0: 3 0x800055f2 (0x0323f7b3) x15 0x000004ef
core   0: 0x800055f6 (0xb2712313) slti    t1, sp, -1241
core   0: 3 0x800055f6 (0xb2712313) x6  0x00000000
core   0: 0x800055fa (0x01765313) srli    t1, a2, 23
core   0: 3 0x800055fa (0x01765313) x6  0x00000000
core   0: 0x800055fe (0x00008fc5) c.or    a5, s1
core   0: 3 0x800055fe (0x8fc5) x15 0xfffffdef
core   0: 0x80005600 (0x02ee8ab3) mul     s5, t4, a4
core   0: 3 0x80005600 (0x02ee8ab3) x21 0x00000000
core   0: 0x80005604 (0x00004f31) c.li    t5, 12
core   0: 3 0x80005604 (0x4f31) x30 0x0000000c
core   0: 0x80005606 (0x00008f21) c.xor   a4, s0
core   0: 3 0x80005606 (0x8f21) x14 0x00000001
core   0: 0x80005608 (0x0086ff63) bgeu    a3, s0, pc + 30
core   0: 3 0x80005608 (0x0086ff63)
core   0: 0x80005626 (0x00000001) c.nop
core   0: 3 0x80005626 (0x0001)
core   0: 0x80005628 (0x0289cc33) div     s8, s3, s0
core   0: 3 0x80005628 (0x0289cc33) x24 0x00000001
core   0: 0x8000562c (0x035c2833) mulhsu  a6, s8, s5
core   0: 3 0x8000562c (0x035c2833) x16 0x00000000
core   0: 0x80005630 (0x00000001) c.nop
core   0: 3 0x80005630 (0x0001)
core   0: 0x80005632 (0x000086c1) c.srai  a3, 16
core   0: 3 0x80005632 (0x86c1) x13 0xffffffff
core   0: 0x80005634 (0x00008cf5) c.and   s1, a3
core   0: 3 0x80005634 (0x8cf5) x9  0xfffff986
core   0: 0x80005636 (0x94b22193) slti    gp, tp, -1717
core   0: 3 0x80005636 (0x94b22193) x3  0x00000001
core   0: 0x8000563a (0x00211c13) slli    s8, sp, 2
core   0: 3 0x8000563a (0x00211c13) x24 0x859ada48
core   0: 0x8000563e (0x01a99493) slli    s1, s3, 26
core   0: 3 0x8000563e (0x01a99493) x9  0x04000000
core   0: 0x80005642 (0x00921813) slli    a6, tp, 9
core   0: 3 0x80005642 (0x00921813) x16 0x053a4800
core   0: 0x80005646 (0x01ed05b3) add     a1, s10, t5
core   0: 3 0x80005646 (0x01ed05b3) x11 0x9fa63eb0
core   0: 0x8000564a (0x00b25893) srli    a7, tp, 11
core   0: 3 0x8000564a (0x00b25893) x17 0x00100053
core   0: 0x8000564e (0x00008cee) c.mv    s9, s11
core   0: 3 0x8000564e (0x8cee) x25 0x00000000
core   0: 0x80005650 (0x0153b7b3) sltu    a5, t2, s5
core   0: 3 0x80005650 (0x0153b7b3) x15 0x00000000
core   0: 0x80005654 (0x03252f33) mulhsu  t5, a0, s2
core   0: 3 0x80005654 (0x03252f33) x30 0x000000a9
core   0: 0x80005658 (0x0000997d) c.andi  a0, -1
core   0: 3 0x80005658 (0x997d) x10 0x2166b842
core   0: 0x8000565a (0x0000c911) c.beqz  a0, pc + 20
core   0: 3 0x8000565a (0xc911)
core   0: 0x8000565c (0x039bd463) bge     s7, s9, pc + 40
core   0: 3 0x8000565c (0x039bd463)
core   0: 0x80005684 (0x00008dc9) c.or    a1, a0
core   0: 3 0x80005684 (0x8dc9) x11 0xbfe6bef2
core   0: 0x80005686 (0x036f9f33) mulh    t5, t6, s6
core   0: 3 0x80005686 (0x036f9f33) x30 0x00000000
core   0: 0x8000568a (0x5befe893) ori     a7, t6, 1470
core   0: 3 0x8000568a (0x5befe893) x17 0x000005be
core   0: 0x8000568e (0x1a167193) andi    gp, a2, 417
core   0: 3 0x8000568e (0x1a167193) x3  0x00000100
core   0: 0x80005692 (0x61d62337) lui     t1, 0x61d62
core   0: 3 0x80005692 (0x61d62337) x6  0x61d62000
core   0: 0x80005696 (0x00008d29) c.xor   a0, a0
core   0: 3 0x80005696 (0x8d29) x10 0x00000000
core   0: 0x80005698 (0x02115d33) divu    s10, sp, ra
core   0: 3 0x80005698 (0x02115d33) x26 0xffffffff
core   0: 0x8000569c (0x0ac7f293) andi    t0, a5, 172
core   0: 3 0x8000569c (0x0ac7f293) x5  0x00000000
core   0: 0x800056a0 (0x02e94f63) blt     s2, a4, pc + 62
core   0: 3 0x800056a0 (0x02e94f63)
core   0: 0x800056a4 (0x000086b1) c.srai  a3, 12
core   0: 3 0x800056a4 (0x86b1) x13 0xffffffff
core   0: 0x800056a6 (0x0096d363) bge     a3, s1, pc + 6
core   0: 3 0x800056a6 (0x0096d363)
core   0: 0x800056aa (0x0000c495) c.beqz  s1, pc + 44
core   0: 3 0x800056aa (0xc495)
core   0: 0x800056ac (0x03148b33) mul     s6, s1, a7
core   0: 3 0x800056ac (0x03148b33) x22 0xf8000000
core   0: 0x800056b0 (0x03eaacb3) mulhsu  s9, s5, t5
core   0: 3 0x800056b0 (0x03eaacb3) x25 0x00000000
core   0: 0x800056b4 (0x02dac363) blt     s5, a3, pc + 38
core   0: 3 0x800056b4 (0x02dac363)
core   0: 0x800056b8 (0x0000e69d) c.bnez  a3, pc + 46
core   0: 3 0x800056b8 (0xe69d)
core   0: 0x800056e6 (0x0000ce0d) c.beqz  a2, pc + 58
core   0: 3 0x800056e6 (0xce0d)
core   0: 0x800056e8 (0x018d58b3) srl     a7, s10, s8
core   0: 3 0x800056e8 (0x018d58b3) x17 0x00ffffff
core   0: 0x800056ec (0x03758663) beq     a1, s7, pc + 44
core   0: 3 0x800056ec (0x03758663)
core   0: 0x800056f0 (0x00008649) c.srai  a2, 18
core   0: 3 0x800056f0 (0x8649) x12 0x00000000
core   0: 0x800056f2 (0x02e34363) blt     t1, a4, pc + 38
core   0: 3 0x800056f2 (0x02e34363)
core   0: 0x800056f6 (0x0000985a) c.add   a6, s6
core   0: 3 0x800056f6 (0x985a) x16 0xfd3a4800
core   0: 0x800056f8 (0x011e9b33) sll     s6, t4, a7
core   0: 3 0x800056f8 (0x011e9b33) x22 0x00000000
core   0: 0x800056fc (0x00008fd9) c.or    a5, a4
core   0: 3 0x800056fc (0x8fd9) x15 0x00000001
core   0: 0x800056fe (0x01c43d33) sltu    s10, s0, t3
core   0: 3 0x800056fe (0x01c43d33) x26 0x00000001
core   0: 0x80005702 (0x007b1263) bne     s6, t2, pc + 4
core   0: 3 0x80005702 (0x007b1263)
core   0: 0x80005706 (0x015756b3) srl     a3, a4, s5
core   0: 3 0x80005706 (0x015756b3) x13 0x00000001
core   0: 0x8000570a (0x00000001) c.nop
core   0: 3 0x8000570a (0x0001)
core   0: 0x8000570c (0xd01e2313) slti    t1, t3, -767
core   0: 3 0x8000570c (0xd01e2313) x6  0x00000001
core   0: 0x80005710 (0x00008846) c.mv    a6, a7
core   0: 3 0x80005710 (0x8846) x16 0x00ffffff
core   0: 0x80005712 (0x0000081c) c.addi4spn a5, sp, 16
core   0: 3 0x80005712 (0x081c) x15 0x2166b6a2
core   0: 0x80005714 (0x00008485) c.srai  s1, 1
core   0: 3 0x80005714 (0x8485) x9  0x02000000
core   0: 0x80005716 (0x00000001) c.nop
core   0: 3 0x80005716 (0x0001)
core   0: 0x80005718 (0x038fa033) mulhsu  zero, t6, s8
core   0: 3 0x80005718 (0x038fa033)
core   0: 0x8000571c (0x00fada13) srli    s4, s5, 15
core   0: 3 0x8000571c (0x00fada13) x20 0x00000000
core   0: 0x80005720 (0x01dc4e63) blt     s8, t4, pc + 28
core   0: 3 0x80005720 (0x01dc4e63)
core   0: 0x8000573c (0x011b1f33) sll     t5, s6, a7
core   0: 3 0x8000573c (0x011b1f33) x30 0x00000000
core   0: 0x80005740 (0x00141833) sll     a6, s0, ra
core   0: 3 0x80005740 (0x00141833) x16 0x00000001
core   0: 0x80005744 (0x01119893) slli    a7, gp, 17
core   0: 3 0x80005744 (0x01119893) x17 0x02000000
core   0: 0x80005748 (0x0000adb3) slt     s11, ra, zero
core   0: 3 0x80005748 (0x0000adb3) x27 0x00000000
core   0: 0x8000574c (0x000089e9) c.andi  a1, 26
core   0: 3 0x8000574c (0x89e9) x11 0x00000012
core   0: 0x8000574e (0x00e5e263) bltu    a1, a4, pc + 4
core   0: 3 0x8000574e (0x00e5e263)
core   0: 0x80005752 (0x00008fa5) c.xor   a5, s1
core   0: 3 0x80005752 (0x8fa5) x15 0x2366b6a2
core   0: 0x80005754 (0x039f57b3) divu    a5, t5, s9
core   0: 3 0x80005754 (0x039f57b3) x15 0xffffffff
core   0: 0x80005758 (0x00008031) c.srli  s0, 12
core   0: 3 0x80005758 (0x8031) x8  0x00000000
core   0: 0x8000575a (0x00004811) c.li    a6, 4
core   0: 3 0x8000575a (0x4811) x16 0x00000004
core   0: 0x8000575c (0x00008fc1) c.or    a5, s0
core   0: 3 0x8000575c (0x8fc1) x15 0xffffffff
core   0: 0x8000575e (0x000081c5) c.srli  a1, 17
core   0: 3 0x8000575e (0x81c5) x11 0x00000000
core   0: 0x80005760 (0x01e47133) and     sp, s0, t5
core   0: 3 0x80005760 (0x01e47133) x2  0x00000000
core   0: 0x80005764 (0x03f396b3) mulh    a3, t2, t6
core   0: 3 0x80005764 (0x03f396b3) x13 0x00000000
core   0: 0x80005768 (0xb6e2a293) slti    t0, t0, -1170
core   0: 3 0x80005768 (0xb6e2a293) x5  0x00000000
core   0: 0x8000576c (0x0215a833) mulhsu  a6, a1, ra
core   0: 3 0x8000576c (0x0215a833) x16 0x00000000
core   0: 0x80005770 (0x00ccce63) blt     s9, a2, pc + 28
core   0: 3 0x80005770 (0x00ccce63)
core   0: 0x80005774 (0x00008c1e) c.mv    s8, t2
core   0: 3 0x80005774 (0x8c1e) x24 0xffffffff
core   0: 0x80005776 (0x000082ca) c.mv    t0, s2
core   0: 3 0x80005776 (0x82ca) x5  0x00000510
core   0: 0x80005778 (0x03816b33) rem     s6, sp, s8
core   0: 3 0x80005778 (0x03816b33) x22 0x00000000
core   0: 0x8000577c (0x0352a133) mulhsu  sp, t0, s5
core   0: 3 0x8000577c (0x0352a133) x2  0x00000000
core   0: 0x80005780 (0x000048bd) c.li    a7, 15
core   0: 3 0x80005780 (0x48bd) x17 0x0000000f
core   0: 0x80005782 (0x03ce7533) remu    a0, t3, t3
core   0: 3 0x80005782 (0x03ce7533) x10 0x00000000
core   0: 0x80005786 (0x00005a7d) c.li    s4, -1
core   0: 3 0x80005786 (0x5a7d) x20 0xffffffff
core   0: 0x80005788 (0x0306a7b3) mulhsu  a5, a3, a6
core   0: 3 0x80005788 (0x0306a7b3) x15 0x00000000
core   0: 0x8000578c (0x41420533) sub     a0, tp, s4
core   0: 3 0x8000578c (0x41420533) x10 0x80029d25
core   0: 0x80005790 (0x01742333) slt     t1, s0, s7
core   0: 3 0x80005790 (0x01742333) x6  0x00000000
core   0: 0x80005794 (0x00000001) c.nop
core   0: 3 0x80005794 (0x0001)
core   0: 0x80005796 (0x006b52b3) srl     t0, s6, t1
core   0: 3 0x80005796 (0x006b52b3) x5  0x00000000
core   0: 0x8000579a (0x00000001) c.nop
core   0: 3 0x8000579a (0x0001)
core   0: 0x8000579c (0x00008e91) c.sub   a3, a2
core   0: 3 0x8000579c (0x8e91) x13 0x00000000
core   0: 0x8000579e (0x000e8c63) beqz    t4, pc + 24
core   0: 3 0x8000579e (0x000e8c63)
core   0: 0x800057a2 (0x00008309) c.srli  a4, 2
core   0: 3 0x800057a2 (0x8309) x14 0x00000000
core   0: 0x800057a4 (0x00008dc1) c.or    a1, s0
core   0: 3 0x800057a4 (0x8dc1) x11 0x00000000
core   0: 0x800057a6 (0xd2a0b537) lui     a0, 0xd2a0b
core   0: 3 0x800057a6 (0xd2a0b537) x10 0xd2a0b000
core   0: 0x800057aa (0x018896b3) sll     a3, a7, s8
core   0: 3 0x800057aa (0x018896b3) x13 0x80000000
core   0: 0x800057ae (0xad2df313) andi    t1, s11, -1326
core   0: 3 0x800057ae (0xad2df313) x6  0x00000000
core   0: 0x800057b2 (0x03d5b433) mulhu   s0, a1, t4
core   0: 3 0x800057b2 (0x03d5b433) x8  0x00000000
core   0: 0x800057b6 (0x00008cd5) c.or    s1, a3
core   0: 3 0x800057b6 (0x8cd5) x9  0x82000000
core   0: 0x800057b8 (0x03335f33) divu    t5, t1, s3
core   0: 3 0x800057b8 (0x03335f33) x30 0x00000000
core   0: 0x800057bc (0x02ff4c33) div     s8, t5, a5
core   0: 3 0x800057bc (0x02ff4c33) x24 0xffffffff
core   0: 0x800057c0 (0x01fedcb3) srl     s9, t4, t6
core   0: 3 0x800057c0 (0x01fedcb3) x25 0x307a4b70
core   0: 0x800057c4 (0xcf576cb7) lui     s9, 0xcf576
core   0: 3 0x800057c4 (0xcf576cb7) x25 0xcf576000
core   0: 0x800057c8 (0x02487633) remu    a2, a6, tp
core   0: 3 0x800057c8 (0x02487633) x12 0x00000000
core   0: 0x800057cc (0x00000001) c.nop
core   0: 3 0x800057cc (0x0001)
core   0: 0x800057ce (0x0393e263) bltu    t2, s9, pc + 36
core   0: 3 0x800057ce (0x0393e263)
core   0: 0x800057d2 (0x0000c41d) c.beqz  s0, pc + 46
core   0: 3 0x800057d2 (0xc41d)
core   0: 0x80005800 (0x02cd4533) div     a0, s10, a2
core   0: 3 0x80005800 (0x02cd4533) x10 0xffffffff
core   0: 0x80005804 (0x00009112) c.add   sp, tp
core   0: 3 0x80005804 (0x9112) x2  0x80029d24
core   0: 0x80005806 (0x025a6f33) rem     t5, s4, t0
core   0: 3 0x80005806 (0x025a6f33) x30 0xffffffff
core   0: 0x8000580a (0x1fc80313) addi    t1, a6, 508
core   0: 3 0x8000580a (0x1fc80313) x6  0x000001fc
core   0: 0x8000580e (0x01a0f433) and     s0, ra, s10
core   0: 3 0x8000580e (0x01a0f433) x8  0x00000000
core   0: 0x80005812 (0x0291a5b3) mulhsu  a1, gp, s1
core   0: 3 0x80005812 (0x0291a5b3) x11 0x00000082
core   0: 0x80005816 (0x57817793) andi    a5, sp, 1400
core   0: 3 0x80005816 (0x57817793) x15 0x00000520
core   0: 0x8000581a (0x0000e599) c.bnez  a1, pc + 14
core   0: 3 0x8000581a (0xe599)
core   0: 0x80005828 (0x02d06933) rem     s2, zero, a3
core   0: 3 0x80005828 (0x02d06933) x18 0x00000000
core   0: 0x8000582c (0x00000001) c.nop
core   0: 3 0x8000582c (0x0001)
core   0: 0x8000582e (0x066ea1b7) lui     gp, 0x66ea
core   0: 3 0x8000582e (0x066ea1b7) x3  0x066ea000
core   0: 0x80005832 (0x029eb0b3) mulhu   ra, t4, s1
core   0: 3 0x80005832 (0x029eb0b3) x1  0x189e1a4e
core   0: 0x80005836 (0x03a9b2b3) mulhu   t0, s3, s10
core   0: 3 0x80005836 (0x03a9b2b3) x5  0x00000000
core   0: 0x8000583a (0x005b18b3) sll     a7, s6, t0
core   0: 3 0x8000583a (0x005b18b3) x17 0x00000000
core   0: 0x8000583e (0x02a011b3) mulh    gp, zero, a0
core   0: 3 0x8000583e (0x02a011b3) x3  0x00000000
core   0: 0x80005842 (0x03645563) bge     s0, s6, pc + 42
core   0: 3 0x80005842 (0x03645563)
core   0: 0x8000586c (0x00000001) c.nop
core   0: 3 0x8000586c (0x0001)
core   0: 0x8000586e (0x00406263) bltu    zero, tp, pc + 4
core   0: 3 0x8000586e (0x00406263)
core   0: 0x80005872 (0x0376b8b3) mulhu   a7, a3, s7
core   0: 3 0x80005872 (0x0376b8b3) x17 0x00000000
core   0: 0x80005876 (0x028b7633) remu    a2, s6, s0
core   0: 3 0x80005876 (0x028b7633) x12 0x00000000
core   0: 0x8000587a (0x0132c333) xor     t1, t0, s3
core   0: 3 0x8000587a (0x0132c333) x6  0x00000001
core   0: 0x8000587e (0x0000910e) c.add   sp, gp
core   0: 3 0x8000587e (0x910e) x2  0x80029d24
core   0: 0x80005880 (0xf3bf3513) sltiu   a0, t5, -197
core   0: 3 0x80005880 (0xf3bf3513) x10 0x00000000
core   0: 0x80005884 (0xe8d22293) slti    t0, tp, -371
core   0: 3 0x80005884 (0xe8d22293) x5  0x00000001
core   0: 0x80005888 (0x00f97933) and     s2, s2, a5
core   0: 3 0x80005888 (0x00f97933) x18 0x00000000
core   0: 0x8000588c (0x01d3c633) xor     a2, t2, t4
core   0: 3 0x8000588c (0x01d3c633) x12 0xcf85b48f
core   0: 0x80005890 (0x00008f05) c.sub   a4, s1
core   0: 3 0x80005890 (0x8f05) x14 0x7e000000
core   0: 0x80005892 (0x000098fd) c.andi  s1, -1
core   0: 3 0x80005892 (0x98fd) x9  0x82000000
core   0: 0x80005894 (0x02114633) div     a2, sp, ra
core   0: 3 0x80005894 (0x02114633) x12 0xfffffffb
core   0: 0x80005898 (0x00219963) bne     gp, sp, pc + 18
core   0: 3 0x80005898 (0x00219963)
core   0: 0x800058aa (0x037b7a33) remu    s4, s6, s7
core   0: 3 0x800058aa (0x037b7a33) x20 0x00000000
core   0: 0x800058ae (0x41ac5833) sra     a6, s8, s10
core   0: 3 0x800058ae (0x41ac5833) x16 0xffffffff
core   0: 0x800058b2 (0x0000997d) c.andi  a0, -1
core   0: 3 0x800058b2 (0x997d) x10 0x00000000
core   0: 0x800058b4 (0x00000695) c.addi  a3, 5
core   0: 3 0x800058b4 (0x0695) x13 0x80000005
core   0: 0x800058b6 (0x00119a13) slli    s4, gp, 1
core   0: 3 0x800058b6 (0x00119a13) x20 0x00000000
core   0: 0x800058ba (0x00008f3d) c.xor   a4, a5
core   0: 3 0x800058ba (0x8f3d) x14 0x7e000520
core   0: 0x800058bc (0x40b385b3) sub     a1, t2, a1
core   0: 3 0x800058bc (0x40b385b3) x11 0xffffff7d
core   0: 0x800058c0 (0x41895113) srai    sp, s2, 24
core   0: 3 0x800058c0 (0x41895113) x2  0x00000000
core   0: 0x800058c4 (0x000004a6) c.slli  s1, 9
core   0: 3 0x800058c4 (0x04a6) x9  0x00000000
core   0: 0x800058c6 (0x034f4cb3) div     s9, t5, s4
core   0: 3 0x800058c6 (0x034f4cb3) x25 0xffffffff
core   0: 0x800058ca (0x0222a8b3) mulhsu  a7, t0, sp
core   0: 3 0x800058ca (0x0222a8b3) x17 0x00000000
core   0: 0x800058ce (0x00008c39) c.xor   s0, a4
core   0: 3 0x800058ce (0x8c39) x8  0x7e000520
core   0: 0x800058d0 (0x03aee3b3) rem     t2, t4, s10
core   0: 3 0x800058d0 (0x03aee3b3) x7  0x00000000
core   0: 0x800058d4 (0x000097d6) c.add   a5, s5
core   0: 3 0x800058d4 (0x97d6) x15 0x00000520
core   0: 0x800058d6 (0x0000969e) c.add   a3, t2
core   0: 3 0x800058d6 (0x969e) x13 0x80000005
core   0: 0x800058d8 (0x00009876) c.add   a6, t4
core   0: 3 0x800058d8 (0x9876) x16 0x307a4b6f
core   0: 0x800058da (0x39749c17) auipc   s8, 0x39749
core   0: 3 0x800058da (0x39749c17) x24 0xb974e8da
core   0: 0x800058de (0x02951333) mulh    t1, a0, s1
core   0: 3 0x800058de (0x02951333) x6  0x00000000
core   0: 0x800058e2 (0x41675a33) sra     s4, a4, s6
core   0: 3 0x800058e2 (0x41675a33) x20 0x7e000520
core   0: 0x800058e6 (0x0217a933) mulhsu  s2, a5, ra
core   0: 3 0x800058e6 (0x0217a933) x18 0x0000007e
core   0: 0x800058ea (0x014cdd93) srli    s11, s9, 20
core   0: 3 0x800058ea (0x014cdd93) x27 0x00000fff
core   0: 0x800058ee (0x0000031c) c.addi4spn a5, sp, 384
core   0: 3 0x800058ee (0x031c) x15 0x00000180
core   0: 0x800058f0 (0x036016b3) mulh    a3, zero, s6
core   0: 3 0x800058f0 (0x036016b3) x13 0x00000000
core   0: 0x800058f4 (0x01555f93) srli    t6, a0, 21
core   0: 3 0x800058f4 (0x01555f93) x31 0x00000000
core   0: 0x800058f8 (0x009b9fb3) sll     t6, s7, s1
core   0: 3 0x800058f8 (0x009b9fb3) x31 0x00000000
core   0: 0x800058fc (0x0128cf33) xor     t5, a7, s2
core   0: 3 0x800058fc (0x0128cf33) x30 0x0000007e
core   0: 0x80005900 (0x4b4c0693) addi    a3, s8, 1204
core   0: 3 0x80005900 (0x4b4c0693) x13 0xb974ed8e
core   0: 0x80005904 (0x009f0a63) beq     t5, s1, pc + 20
core   0: 3 0x80005904 (0x009f0a63)
core   0: 0x80005908 (0x005dcf33) xor     t5, s11, t0
core   0: 3 0x80005908 (0x005dcf33) x30 0x00000ffe
core   0: 0x8000590c (0x00000cf1) c.addi  s9, 28
core   0: 3 0x8000590c (0x0cf1) x25 0x0000001b
core   0: 0x8000590e (0x007b5d33) srl     s10, s6, t2
core   0: 3 0x8000590e (0x007b5d33) x26 0x00000000
core   0: 0x80005912 (0x01a21d33) sll     s10, tp, s10
core   0: 3 0x80005912 (0x01a21d33) x26 0x80029d24
core   0: 0x80005916 (0x00000001) c.nop
core   0: 3 0x80005916 (0x0001)
core   0: 0x80005918 (0xf3f5a793) slti    a5, a1, -193
core   0: 3 0x80005918 (0xf3f5a793) x15 0x00000000
core   0: 0x8000591c (0x02b66533) rem     a0, a2, a1
core   0: 3 0x8000591c (0x02b66533) x10 0xfffffffb
core   0: 0x80005920 (0x6ffe8a13) addi    s4, t4, 1791
core   0: 3 0x80005920 (0x6ffe8a13) x20 0x307a526f
core   0: 0x80005924 (0x00000001) c.nop
core   0: 3 0x80005924 (0x0001)
core   0: 0x80005926 (0x00000001) c.nop
core   0: 3 0x80005926 (0x0001)
core   0: 0x80005928 (0x001ed0b3) srl     ra, t4, ra
core   0: 3 0x80005928 (0x001ed0b3) x1  0x0000c1e9
core   0: 0x8000592c (0x00000001) c.nop
core   0: 3 0x8000592c (0x0001)
core   0: 0x8000592e (0x40465c13) srai    s8, a2, 4
core   0: 3 0x8000592e (0x40465c13) x24 0xffffffff
core   0: 0x80005932 (0x0000c511) c.beqz  a0, pc + 12
core   0: 3 0x80005932 (0xc511)
core   0: 0x80005934 (0x01dba0b3) slt     ra, s7, t4
core   0: 3 0x80005934 (0x01dba0b3) x1  0x00000001
core   0: 0x80005938 (0x00008d25) c.xor   a0, s1
core   0: 3 0x80005938 (0x8d25) x10 0xfffffffb
core   0: 0x8000593a (0x0000c901) c.beqz  a0, pc + 16
core   0: 3 0x8000593a (0xc901)
core   0: 0x8000593c (0x00006125) c.addi16sp sp, 96
core   0: 3 0x8000593c (0x6125) x2  0x00000060
core   0: 0x8000593e (0x01c8bdb3) sltu    s11, a7, t3
core   0: 3 0x8000593e (0x01c8bdb3) x27 0x00000001
core   0: 0x80005942 (0x00004bb5) c.li    s7, 13
core   0: 3 0x80005942 (0x4bb5) x23 0x0000000d
core   0: 0x80005944 (0x019c1b93) slli    s7, s8, 25
core   0: 3 0x80005944 (0x019c1b93) x23 0xfe000000
core   0: 0x80005948 (0x00000f4d) c.addi  t5, 19
core   0: 3 0x80005948 (0x0f4d) x30 0x00001011
core   0: 0x8000594a (0x02131533) mulh    a0, t1, ra
core   0: 3 0x8000594a (0x02131533) x10 0x00000000
core   0: 0x8000594e (0x02652813) slti    a6, a0, 38
core   0: 3 0x8000594e (0x02652813) x16 0x00000001
core   0: 0x80005952 (0x02baf0b3) remu    ra, s5, a1
core   0: 3 0x80005952 (0x02baf0b3) x1  0x00000000
core   0: 0x80005956 (0x02039b63) bnez    t2, pc + 54
core   0: 3 0x80005956 (0x02039b63)
core   0: 0x8000595a (0x000052fd) c.li    t0, -1
core   0: 3 0x8000595a (0x52fd) x5  0xffffffff
core   0: 0x8000595c (0x00004b8d) c.li    s7, 3
core   0: 3 0x8000595c (0x4b8d) x23 0x00000003
core   0: 0x8000595e (0x0075bc33) sltu    s8, a1, t2
core   0: 3 0x8000595e (0x0075bc33) x24 0x00000000
core   0: 0x80005962 (0x400bd633) sra     a2, s7, zero
core   0: 3 0x80005962 (0x400bd633) x12 0x00000003
core   0: 0x80005966 (0x01675d13) srli    s10, a4, 22
core   0: 3 0x80005966 (0x01675d13) x26 0x000001f8
core   0: 0x8000596a (0x00000695) c.addi  a3, 5
core   0: 3 0x8000596a (0x0695) x13 0xb974ed93
core   0: 0x8000596c (0xc9f876b7) lui     a3, 0xc9f87
core   0: 3 0x8000596c (0xc9f876b7) x13 0xc9f87000
core   0: 0x80005970 (0x018cd493) srli    s1, s9, 24
core   0: 3 0x80005970 (0x018cd493) x9  0x00000000
core   0: 0x80005974 (0x02429533) mulh    a0, t0, tp
core   0: 3 0x80005974 (0x02429533) x10 0x00000000
core   0: 0x80005978 (0xb6bedbb7) lui     s7, 0xb6bed
core   0: 3 0x80005978 (0xb6bedbb7) x23 0xb6bed000
core   0: 0x8000597c (0x0124bfb3) sltu    t6, s1, s2
core   0: 3 0x8000597c (0x0124bfb3) x31 0x00000001
core   0: 0x80005980 (0x02128563) beq     t0, ra, pc + 42
core   0: 3 0x80005980 (0x02128563)
core   0: 0x80005984 (0x00009816) c.add   a6, t0
core   0: 3 0x80005984 (0x9816) x16 0x00000000
core   0: 0x80005986 (0x033b6b33) rem     s6, s6, s3
core   0: 3 0x80005986 (0x033b6b33) x22 0x00000000
core   0: 0x8000598a (0x000086ae) c.mv    a3, a1
core   0: 3 0x8000598a (0x86ae) x13 0xffffff7d
core   0: 0x8000598c (0x049ed063) bge     t4, s1, pc + 64
core   0: 3 0x8000598c (0x049ed063)
core   0: 0x800059cc (0x03fffab3) remu    s5, t6, t6
core   0: 3 0x800059cc (0x03fffab3) x21 0x00000000
core   0: 0x800059d0 (0x00000001) c.nop
core   0: 3 0x800059d0 (0x0001)
core   0: 0x800059d2 (0x026ae063) bltu    s5, t1, pc + 32
core   0: 3 0x800059d2 (0x026ae063)
core   0: 0x800059d6 (0x01558e63) beq     a1, s5, pc + 28
core   0: 3 0x800059d6 (0x01558e63)
core   0: 0x800059da (0x00009bfd) c.andi  a5, -1
core   0: 3 0x800059da (0x9bfd) x15 0x00000000
core   0: 0x800059dc (0x011515b3) sll     a1, a0, a7
core   0: 3 0x800059dc (0x011515b3) x11 0x00000000
core   0: 0x800059e0 (0x01555013) srli    zero, a0, 21
core   0: 3 0x800059e0 (0x01555013)
core   0: 0x800059e4 (0x03cc47b3) div     a5, s8, t3
core   0: 3 0x800059e4 (0x03cc47b3) x15 0x00000000
core   0: 0x800059e8 (0x01f31093) slli    ra, t1, 31
core   0: 3 0x800059e8 (0x01f31093) x1  0x00000000
core   0: 0x800059ec (0x014bd363) bge     s7, s4, pc + 6
core   0: 3 0x800059ec (0x014bd363)
core   0: 0x800059f0 (0x00008fa1) c.xor   a5, s0
core   0: 3 0x800059f0 (0x8fa1) x15 0x7e000520
core   0: 0x800059f2 (0x03ea0333) mul     t1, s4, t5
core   0: 3 0x800059f2 (0x03ea0333) x6  0xdd46695f
core   0: 0x800059f6 (0x40ae8433) sub     s0, t4, a0
core   0: 3 0x800059f6 (0x40ae8433) x8  0x307a4b70
core   0: 0x800059fa (0x02801463) bne     zero, s0, pc + 40
core   0: 3 0x800059fa (0x02801463)
core   0: 0x80005a22 (0x000096ce) c.add   a3, s3
core   0: 3 0x80005a22 (0x96ce) x13 0xffffff7e
core   0: 0x80005a24 (0x000085f5) c.srai  a1, 29
core   0: 3 0x80005a24 (0x85f5) x11 0x00000000
core   0: 0x80005a26 (0x039793b3) mulh    t2, a5, s9
core   0: 3 0x80005a26 (0x039793b3) x7  0x0000000d
core   0: 0x80005a2a (0x00000114) c.addi4spn a3, sp, 128
core   0: 3 0x80005a2a (0x0114) x13 0x000000e0
core   0: 0x80005a2c (0x3dc4a117) auipc   sp, 0x3dc4a
core   0: 3 0x80005a2c (0x3dc4a117) x2  0xbdc4fa2c
core   0: 0x80005a30 (0x01d726b3) slt     a3, a4, t4
core   0: 3 0x80005a30 (0x01d726b3) x13 0x00000000
core   0: 0x80005a34 (0x000f4ab3) xor     s5, t5, zero
core   0: 3 0x80005a34 (0x000f4ab3) x21 0x00001011
core   0: 0x80005a38 (0x41645733) sra     a4, s0, s6
core   0: 3 0x80005a38 (0x41645733) x14 0x307a4b70
core   0: 0x80005a3c (0x0000717d) c.addi16sp sp, -16
core   0: 3 0x80005a3c (0x717d) x2  0xbdc4fa1c
core   0: 0x80005a3e (0x7dfcf013) andi    zero, s9, 2015
core   0: 3 0x80005a3e (0x7dfcf013)
core   0: 0x80005a42 (0x02fa1bb3) mulh    s7, s4, a5
core   0: 3 0x80005a42 (0x02fa1bb3) x23 0x17dc358b
core   0: 0x80005a46 (0xc70b8c13) addi    s8, s7, -912
core   0: 3 0x80005a46 (0xc70b8c13) x24 0x17dc31fb
core   0: 0x80005a4a (0x00008ee9) c.and   a3, a0
core   0: 3 0x80005a4a (0x8ee9) x13 0x00000000
core   0: 0x80005a4c (0x00ee5263) bge     t3, a4, pc + 4
core   0: 3 0x80005a4c (0x00ee5263)
core   0: 0x80005a50 (0x4061d313) srai    t1, gp, 6
core   0: 3 0x80005a50 (0x4061d313) x6  0x00000000
core   0: 0x80005a54 (0x0000e61d) c.bnez  a2, pc + 46
core   0: 3 0x80005a54 (0xe61d)
core   0: 0x80005a82 (0x000066c1) c.lui   a3, 0x10
core   0: 3 0x80005a82 (0x66c1) x13 0x00010000
core   0: 0x80005a84 (0x00b77363) bgeu    a4, a1, pc + 6
core   0: 3 0x80005a84 (0x00b77363)
core   0: 0x80005a8a (0x01e6ffb3) and     t6, a3, t5
core   0: 3 0x80005a8a (0x01e6ffb3) x31 0x00000000
core   0: 0x80005a8e (0x02799563) bne     s3, t2, pc + 42
core   0: 3 0x80005a8e (0x02799563)
core   0: 0x80005ab8 (0x02555ab3) divu    s5, a0, t0
core   0: 3 0x80005ab8 (0x02555ab3) x21 0x00000000
core   0: 0x80005abc (0x00008cc9) c.or    s1, a0
core   0: 3 0x80005abc (0x8cc9) x9  0x00000000
core   0: 0x80005abe (0x01a5c933) xor     s2, a1, s10
core   0: 3 0x80005abe (0x01a5c933) x18 0x000001f8
core   0: 0x80005ac2 (0x03574763) blt     a4, s5, pc + 46
core   0: 3 0x80005ac2 (0x03574763)
core   0: 0x80005ac6 (0x029b9833) mulh    a6, s7, s1
core   0: 3 0x80005ac6 (0x029b9833) x16 0x00000000
core   0: 0x80005aca (0x06d82d13) slti    s10, a6, 109
core   0: 3 0x80005aca (0x06d82d13) x26 0x00000001
core   0: 0x80005ace (0x00000001) c.nop
core   0: 3 0x80005ace (0x0001)
core   0: 0x80005ad0 (0x0336d4b3) divu    s1, a3, s3
core   0: 3 0x80005ad0 (0x0336d4b3) x9  0x00010000
core   0: 0x80005ad4 (0x00008cc5) c.or    s1, s1
core   0: 3 0x80005ad4 (0x8cc5) x9  0x00010000
core   0: 0x80005ad6 (0x0b4de393) ori     t2, s11, 180
core   0: 3 0x80005ad6 (0x0b4de393) x7  0x000000b5
core   0: 0x80005ada (0x00000910) c.addi4spn a2, sp, 144
core   0: 3 0x80005ada (0x0910) x12 0xbdc4faac
core   0: 0x80005adc (0x0084d113) srli    sp, s1, 8
core   0: 3 0x80005adc (0x0084d113) x2  0x00000100
core   0: 0x80005ae0 (0x002a0c63) beq     s4, sp, pc + 24
core   0: 3 0x80005ae0 (0x002a0c63)
core   0: 0x80005ae4 (0x00008f2e) c.mv    t5, a1
core   0: 3 0x80005ae4 (0x8f2e) x30 0x00000000
core   0: 0x80005ae6 (0x00008ff5) c.and   a5, a3
core   0: 3 0x80005ae6 (0x8ff5) x15 0x00000000
core   0: 0x80005ae8 (0x000001c6) c.slli  gp, 17
core   0: 3 0x80005ae8 (0x01c6) x3  0x00000000
core   0: 0x80005aea (0x02bcefb3) rem     t6, s9, a1
core   0: 3 0x80005aea (0x02bcefb3) x31 0x0000001b
core   0: 0x80005aee (0x000067fd) c.lui   a5, 0x1f
core   0: 3 0x80005aee (0x67fd) x15 0x0001f000
core   0: 0x80005af0 (0x0200db33) divu    s6, ra, zero
core   0: 3 0x80005af0 (0x0200db33) x22 0xffffffff
core   0: 0x80005af4 (0x00000001) c.nop
core   0: 3 0x80005af4 (0x0001)
core   0: 0x80005af6 (0x000068c5) c.lui   a7, 0x11
core   0: 3 0x80005af6 (0x68c5) x17 0x00011000
core   0: 0x80005af8 (0x1506cf93) xori    t6, a3, 336
core   0: 3 0x80005af8 (0x1506cf93) x31 0x00010150
core   0: 0x80005afc (0x0000e009) c.bnez  s0, pc + 2
core   0: 3 0x80005afc (0xe009)
core   0: 0x80005afe (0x00000001) c.nop
core   0: 3 0x80005afe (0x0001)
core   0: 0x80005b00 (0xc3e86d93) ori     s11, a6, -962
core   0: 3 0x80005b00 (0xc3e86d93) x27 0xfffffc3e
core   0: 0x80005b04 (0x000089ea) c.mv    s3, s10
core   0: 3 0x80005b04 (0x89ea) x19 0x00000001
core   0: 0x80005b06 (0x7f08cb13) xori    s6, a7, 2032
core   0: 3 0x80005b06 (0x7f08cb13) x22 0x000117f0
core   0: 0x80005b0a (0x00001208) c.addi4spn a0, sp, 288
core   0: 3 0x80005b0a (0x1208) x10 0x00000220
core   0: 0x80005b0c (0x000007b5) c.addi  a5, 13
core   0: 3 0x80005b0c (0x07b5) x15 0x0001f00d
core   0: 0x80005b0e (0x0000057e) c.slli  a0, 31
core   0: 3 0x80005b0e (0x057e) x10 0x00000000
core   0: 0x80005b10 (0x00539c93) slli    s9, t2, 5
core   0: 3 0x80005b10 (0x00539c93) x25 0x000016a0
core   0: 0x80005b14 (0x00001d7d) c.addi  s10, -1
core   0: 3 0x80005b14 (0x1d7d) x26 0x00000000
core   0: 0x80005b16 (0x03869d63) bne     a3, s8, pc + 58
core   0: 3 0x80005b16 (0x03869d63)
core   0: 0x80005b50 (0x0055c363) blt     a1, t0, pc + 6
core   0: 3 0x80005b50 (0x0055c363)
core   0: 0x80005b54 (0x00008e15) c.sub   a2, a3
core   0: 3 0x80005b54 (0x8e15) x12 0xbdc3faac
core   0: 0x80005b56 (0x00a95a13) srli    s4, s2, 10
core   0: 3 0x80005b56 (0x00a95a13) x20 0x00000000
core   0: 0x80005b5a (0x41925113) srai    sp, tp, 25
core   0: 3 0x80005b5a (0x41925113) x2  0xffffffc0
core   0: 0x80005b5e (0x01135b13) srli    s6, t1, 17
core   0: 3 0x80005b5e (0x01135b13) x22 0x00000000
core   0: 0x80005b62 (0x0000056e) c.slli  a0, 27
core   0: 3 0x80005b62 (0x056e) x10 0x00000000
core   0: 0x80005b64 (0x0192e363) bltu    t0, s9, pc + 6
core   0: 3 0x80005b64 (0x0192e363)
core   0: 0x80005b68 (0x00008eb5) c.xor   a3, a3
core   0: 3 0x80005b68 (0x8eb5) x13 0x00000000
core   0: 0x80005b6a (0x00000001) c.nop
core   0: 3 0x80005b6a (0x0001)
core   0: 0x80005b6c (0x00008fe5) c.and   a5, s1
core   0: 3 0x80005b6c (0x8fe5) x15 0x00010000
core   0: 0x80005b6e (0x00770b63) beq     a4, t2, pc + 22
core   0: 3 0x80005b6e (0x00770b63)
core   0: 0x80005b72 (0x01858db3) add     s11, a1, s8
core   0: 3 0x80005b72 (0x01858db3) x27 0x17dc31fb
core   0: 0x80005b76 (0x033f5cb3) divu    s9, t5, s3
core   0: 3 0x80005b76 (0x033f5cb3) x25 0x00000000
core   0: 0x80005b7a (0x00008d11) c.sub   a0, a2
core   0: 3 0x80005b7a (0x8d11) x10 0x423c0554
core   0: 0x80005b7c (0x03fd1433) mulh    s0, s10, t6
core   0: 3 0x80005b7c (0x03fd1433) x8  0x00000000
core   0: 0x80005b80 (0x031fed63) bltu    t6, a7, pc + 58
core   0: 3 0x80005b80 (0x031fed63)
core   0: 0x80005bba (0x03500863) beq     zero, s5, pc + 48
core   0: 3 0x80005bba (0x03500863)
core   0: 0x80005bea (0x004c6733) or      a4, s8, tp
core   0: 3 0x80005bea (0x004c6733) x14 0x97debdff
core   0: 0x80005bee (0x02728a93) addi    s5, t0, 39
core   0: 3 0x80005bee (0x02728a93) x21 0x00000026
core   0: 0x80005bf2 (0x00008f99) c.sub   a5, a4
core   0: 3 0x80005bf2 (0x8f99) x15 0x68224201
core   0: 0x80005bf4 (0x00008769) c.srai  a4, 26
core   0: 3 0x80005bf4 (0x8769) x14 0xffffffe5
core   0: 0x80005bf6 (0x00b90d63) beq     s2, a1, pc + 26
core   0: 3 0x80005bf6 (0x00b90d63)
core   0: 0x80005bfa (0x00008205) c.srli  a2, 1
core   0: 3 0x80005bfa (0x8205) x12 0x5ee1fd56
core   0: 0x80005bfc (0xecb62293) slti    t0, a2, -309
core   0: 3 0x80005bfc (0xecb62293) x5  0x00000000
core   0: 0x80005c00 (0x00008f25) c.xor   a4, s1
core   0: 3 0x80005c00 (0x8f25) x14 0xfffeffe5
core   0: 0x80005c02 (0x0000e519) c.bnez  a0, pc + 14
core   0: 3 0x80005c02 (0xe519)
core   0: 0x80005c10 (0x00ad5093) srli    ra, s10, 10
core   0: 3 0x80005c10 (0x00ad5093) x1  0x00000000
core   0: 0x80005c14 (0x01d7d813) srli    a6, a5, 29
core   0: 3 0x80005c14 (0x01d7d813) x16 0x00000003
core   0: 0x80005c18 (0x03a6e8b3) rem     a7, a3, s10
core   0: 3 0x80005c18 (0x03a6e8b3) x17 0x00000000
core   0: 0x80005c1c (0x01cf5493) srli    s1, t5, 28
core   0: 3 0x80005c1c (0x01cf5493) x9  0x00000000
core   0: 0x80005c20 (0x028bf333) remu    t1, s7, s0
core   0: 3 0x80005c20 (0x028bf333) x6  0x17dc358b
core   0: 0x80005c24 (0x02540763) beq     s0, t0, pc + 46
core   0: 3 0x80005c24 (0x02540763)
core   0: 0x80005c52 (0x0000e685) c.bnez  a3, pc + 40
core   0: 3 0x80005c52 (0xe685)
core   0: 0x80005c54 (0x00000001) c.nop
core   0: 3 0x80005c54 (0x0001)
core   0: 0x80005c56 (0x0000e595) c.bnez  a1, pc + 44
core   0: 3 0x80005c56 (0xe595)
core   0: 0x80005c58 (0x41fd5a93) srai    s5, s10, 31
core   0: 3 0x80005c58 (0x41fd5a93) x21 0x00000000
core   0: 0x80005c5c (0x0000878d) c.srai  a5, 3
core   0: 3 0x80005c5c (0x878d) x15 0x0d044840
core   0: 0x80005c5e (0x03067963) bgeu    a2, a6, pc + 50
core   0: 3 0x80005c5e (0x03067963)
core   0: 0x80005c90 (0x247d2813) slti    a6, s10, 583
core   0: 3 0x80005c90 (0x247d2813) x16 0x00000001
core   0: 0x80005c94 (0x036c89b3) mul     s3, s9, s6
core   0: 3 0x80005c94 (0x036c89b3) x19 0x00000000
core   0: 0x80005c98 (0x0000983e) c.add   a6, a5
core   0: 3 0x80005c98 (0x983e) x16 0x0d044841
core   0: 0x80005c9a (0x00008f9d) c.sub   a5, a5
core   0: 3 0x80005c9a (0x8f9d) x15 0x00000000
core   0: 0x80005c9c (0x035e1763) bne     t3, s5, pc + 46
core   0: 3 0x80005c9c (0x035e1763)
core   0: 0x80005cca (0x0362d633) divu    a2, t0, s6
core   0: 3 0x80005cca (0x0362d633) x12 0xffffffff
core   0: 0x80005cce (0x03f3d563) bge     t2, t6, pc + 42
core   0: 3 0x80005cce (0x03f3d563)
core   0: 0x80005cd2 (0x03518763) beq     gp, s5, pc + 46
core   0: 3 0x80005cd2 (0x03518763)
core   0: 0x80005d00 (0x00008e01) c.sub   a2, s0
core   0: 3 0x80005d00 (0x8e01) x12 0xffffffff
core   0: 0x80005d02 (0x018f1293) slli    t0, t5, 24
core   0: 3 0x80005d02 (0x018f1293) x5  0x00000000
core   0: 0x80005d06 (0x00008422) c.mv    s0, s0
core   0: 3 0x80005d06 (0x8422) x8  0x00000000
core   0: 0x80005d08 (0x0000815e) c.mv    sp, s7
core   0: 3 0x80005d08 (0x815e) x2  0x17dc358b
core   0: 0x80005d0a (0x00497963) bgeu    s2, tp, pc + 18
core   0: 3 0x80005d0a (0x00497963)
core   0: 0x80005d0e (0x60deaa93) slti    s5, t4, 1549
core   0: 3 0x80005d0e (0x60deaa93) x21 0x00000000
core   0: 0x80005d12 (0x06898763) beq     s3, s0, pc + 110
core   0: 3 0x80005d12 (0x06898763)
core   0: 0x80005d80 (0x0000e0b3) or      ra, ra, zero
core   0: 3 0x80005d80 (0x0000e0b3) x1  0x00000000
core   0: 0x80005d84 (0x01845963) bge     s0, s8, pc + 18
core   0: 3 0x80005d84 (0x01845963)
core   0: 0x80005d88 (0x00000001) c.nop
core   0: 3 0x80005d88 (0x0001)
core   0: 0x80005d8a (0x037a9763) bne     s5, s7, pc + 46
core   0: 3 0x80005d8a (0x037a9763)
core   0: 0x80005db8 (0x00008c6d) c.and   s0, a1
core   0: 3 0x80005db8 (0x8c6d) x8  0x00000000
core   0: 0x80005dba (0x027682b3) mul     t0, a3, t2
core   0: 3 0x80005dba (0x027682b3) x5  0x00000000
core   0: 0x80005dbe (0x035129b3) mulhsu  s3, sp, s5
core   0: 3 0x80005dbe (0x035129b3) x19 0x00000000
core   0: 0x80005dc2 (0x02fe4263) blt     t3, a5, pc + 36
core   0: 3 0x80005dc2 (0x02fe4263)
core   0: 0x80005de6 (0x01688533) add     a0, a7, s6
core   0: 3 0x80005de6 (0x01688533) x10 0x00000000
core   0: 0x80005dea (0x0000717d) c.addi16sp sp, -16
core   0: 3 0x80005dea (0x717d) x2  0x17dc357b
core   0: 0x80005dec (0xdd0b3f13) sltiu   t5, s6, -560
core   0: 3 0x80005dec (0xdd0b3f13) x30 0x00000001
core   0: 0x80005df0 (0x0000ea85) c.bnez  a3, pc + 48
core   0: 3 0x80005df0 (0xea85)
core   0: 0x80005df2 (0x0000c309) c.beqz  a4, pc + 2
core   0: 3 0x80005df2 (0xc309)
core   0: 0x80005df4 (0x00d412b3) sll     t0, s0, a3
core   0: 3 0x80005df4 (0x00d412b3) x5  0x00000000
core   0: 0x80005df8 (0x02d94763) blt     s2, a3, pc + 46
core   0: 3 0x80005df8 (0x02d94763)
core   0: 0x80005dfc (0x026be063) bltu    s7, t1, pc + 32
core   0: 3 0x80005dfc (0x026be063)
core   0: 0x80005e00 (0x003f4db3) xor     s11, t5, gp
core   0: 3 0x80005e00 (0x003f4db3) x27 0x00000001
core   0: 0x80005e04 (0x0000cc99) c.beqz  s1, pc + 30
core   0: 3 0x80005e04 (0xcc99)
core   0: 0x80005e22 (0x02995fb3) divu    t6, s2, s1
core   0: 3 0x80005e22 (0x02995fb3) x31 0xffffffff
core   0: 0x80005e26 (0x00008ccd) c.or    s1, a1
core   0: 3 0x80005e26 (0x8ccd) x9  0x00000000
core   0: 0x80005e28 (0x02feb4b3) mulhu   s1, t4, a5
core   0: 3 0x80005e28 (0x02feb4b3) x9  0x00000000
core   0: 0x80005e2c (0x02c951b3) divu    gp, s2, a2
core   0: 3 0x80005e2c (0x02c951b3) x3  0x00000000
core   0: 0x80005e30 (0x02438a33) mul     s4, t2, tp
core   0: 3 0x80005e30 (0x02438a33) x20 0x81d91a74
core   0: 0x80005e34 (0x00000001) c.nop
core   0: 3 0x80005e34 (0x0001)
core   0: 0x80005e36 (0x01c65463) bge     a2, t3, pc + 8
core   0: 3 0x80005e36 (0x01c65463)
core   0: 0x80005e3e (0x020e2a33) mulhsu  s4, t3, zero
core   0: 3 0x80005e3e (0x020e2a33) x20 0x00000000
core   0: 0x80005e42 (0xbee5f713) andi    a4, a1, -1042
core   0: 3 0x80005e42 (0xbee5f713) x14 0x00000000
core   0: 0x80005e46 (0x03b739b3) mulhu   s3, a4, s11
core   0: 3 0x80005e46 (0x03b739b3) x19 0x00000000
core   0: 0x80005e4a (0x02aaedb3) rem     s11, s5, a0
core   0: 3 0x80005e4a (0x02aaedb3) x27 0x00000000
core   0: 0x80005e4e (0x000007c1) c.addi  a5, 16
core   0: 3 0x80005e4e (0x07c1) x15 0x00000010
core   0: 0x80005e50 (0x0496c363) blt     a3, s1, pc + 70
core   0: 3 0x80005e50 (0x0496c363)
core   0: 0x80005e54 (0x410edc13) srai    s8, t4, 16
core   0: 3 0x80005e54 (0x410edc13) x24 0x0000307a
core   0: 0x80005e58 (0x00000ca2) c.slli  s9, 8
core   0: 3 0x80005e58 (0x0ca2) x25 0x00000000
core   0: 0x80005e5a (0x70d7f3b7) lui     t2, 0x70d7f
core   0: 3 0x80005e5a (0x70d7f3b7) x7  0x70d7f000
core   0: 0x80005e5e (0x01f44933) xor     s2, s0, t6
core   0: 3 0x80005e5e (0x01f44933) x18 0xffffffff
core   0: 0x80005e62 (0x03a1c033) div     zero, gp, s10
core   0: 3 0x80005e62 (0x03a1c033)
core   0: 0x80005e66 (0x00b3df63) bge     t2, a1, pc + 30
core   0: 3 0x80005e66 (0x00b3df63)
core   0: 0x80005e84 (0x5e090793) addi    a5, s2, 1504
core   0: 3 0x80005e84 (0x5e090793) x15 0x000005df
core   0: 0x80005e88 (0x0054dc93) srli    s9, s1, 5
core   0: 3 0x80005e88 (0x0054dc93) x25 0x00000000
core   0: 0x80005e8c (0x00008f45) c.or    a4, s1
core   0: 3 0x80005e8c (0x8f45) x14 0x00000000
core   0: 0x80005e8e (0x029ec4b3) div     s1, t4, s1
core   0: 3 0x80005e8e (0x029ec4b3) x9  0xffffffff
core   0: 0x80005e92 (0x8f3cbc13) sltiu   s8, s9, -1805
core   0: 3 0x80005e92 (0x8f3cbc13) x24 0x00000001
core   0: 0x80005e96 (0x03d1d8b3) divu    a7, gp, t4
core   0: 3 0x80005e96 (0x03d1d8b3) x17 0x00000000
core   0: 0x80005e9a (0x018767b3) or      a5, a4, s8
core   0: 3 0x80005e9a (0x018767b3) x15 0x00000001
core   0: 0x80005e9e (0x00001bfd) c.addi  s7, -1
core   0: 3 0x80005e9e (0x1bfd) x23 0x17dc358a
core   0: 0x80005ea0 (0x03cb6863) bltu    s6, t3, pc + 48
core   0: 3 0x80005ea0 (0x03cb6863)
core   0: 0x80005ed0 (0x0095c463) blt     a1, s1, pc + 8
core   0: 3 0x80005ed0 (0x0095c463)
core   0: 0x80005ed4 (0x405f8f33) sub     t5, t6, t0
core   0: 3 0x80005ed4 (0x405f8f33) x30 0xffffffff
core   0: 0x80005ed8 (0x00006fa5) c.lui   t6, 0x9
core   0: 3 0x80005ed8 (0x6fa5) x31 0x00009000
core   0: 0x80005eda (0x0000e7c9) c.bnez  a5, pc + 138
core   0: 3 0x80005eda (0xe7c9)
core   0: 0x80005f64 (0xf626cb13) xori    s6, a3, -158
core   0: 3 0x80005f64 (0xf626cb13) x22 0xffffff62
core   0: 0x80005f68 (0x05470163) beq     a4, s4, pc + 66
core   0: 3 0x80005f68 (0x05470163)
core   0: 0x80005faa (0x00008f25) c.xor   a4, s1
core   0: 3 0x80005faa (0x8f25) x14 0xffffffff
core   0: 0x80005fac (0x00008f89) c.sub   a5, a0
core   0: 3 0x80005fac (0x8f89) x15 0x00000001
core   0: 0x80005fae (0x01571493) slli    s1, a4, 21
core   0: 3 0x80005fae (0x01571493) x9  0xffe00000
core   0: 0x80005fb2 (0x027e8663) beq     t4, t2, pc + 44
core   0: 3 0x80005fb2 (0x027e8663)
core   0: 0x80005fb6 (0x1798aa13) slti    s4, a7, 377
core   0: 3 0x80005fb6 (0x1798aa13) x20 0x00000001
core   0: 0x80005fba (0x60382613) slti    a2, a6, 1539
core   0: 3 0x80005fba (0x60382613) x12 0x00000000
core   0: 0x80005fbe (0x0000717d) c.addi16sp sp, -16
core   0: 3 0x80005fbe (0x717d) x2  0x17dc356b
core   0: 0x80005fc0 (0x00008d81) c.sub   a1, s0
core   0: 3 0x80005fc0 (0x8d81) x11 0x00000000
core   0: 0x80005fc2 (0x00000962) c.slli  s2, 24
core   0: 3 0x80005fc2 (0x0962) x18 0xff000000
core   0: 0x80005fc4 (0x02e38c33) mul     s8, t2, a4
core   0: 3 0x80005fc4 (0x02e38c33) x24 0x8f281000
core   0: 0x80005fc8 (0x02241ab3) mulh    s5, s0, sp
core   0: 3 0x80005fc8 (0x02241ab3) x21 0x00000000
core   0: 0x80005fcc (0x00a2fa63) bgeu    t0, a0, pc + 20
core   0: 3 0x80005fcc (0x00a2fa63)
core   0: 0x80005fe0 (0x00000001) c.nop
core   0: 3 0x80005fe0 (0x0001)
core   0: 0x80005fe2 (0x03f8ce63) blt     a7, t6, pc + 60
core   0: 3 0x80005fe2 (0x03f8ce63)
core   0: 0x8000601e (0x0000147d) c.addi  s0, -1
core   0: 3 0x8000601e (0x147d) x8  0xffffffff
core   0: 0x80006020 (0x01857263) bgeu    a0, s8, pc + 4
core   0: 3 0x80006020 (0x01857263)
core   0: 0x80006024 (0x02b0f633) remu    a2, ra, a1
core   0: 3 0x80006024 (0x02b0f633) x12 0x00000000
core   0: 0x80006028 (0x001f5963) bge     t5, ra, pc + 18
core   0: 3 0x80006028 (0x001f5963)
core   0: 0x8000602c (0x034d98b3) mulh    a7, s11, s4
core   0: 3 0x8000602c (0x034d98b3) x17 0x00000000
core   0: 0x80006030 (0x02fae133) rem     sp, s5, a5
core   0: 3 0x80006030 (0x02fae133) x2  0x00000000
core   0: 0x80006034 (0x03b5e363) bltu    a1, s11, pc + 38
core   0: 3 0x80006034 (0x03b5e363)
core   0: 0x80006038 (0x00008aba) c.mv    s5, a4
core   0: 3 0x80006038 (0x8aba) x21 0xffffffff
core   0: 0x8000603a (0xc3507a13) andi    s4, zero, -971
core   0: 3 0x8000603a (0xc3507a13) x20 0x00000000
core   0: 0x8000603e (0x0215c663) blt     a1, ra, pc + 44
core   0: 3 0x8000603e (0x0215c663)
core   0: 0x80006042 (0x00008fb5) c.xor   a5, a3
core   0: 3 0x80006042 (0x8fb5) x15 0x00000001
core   0: 0x80006044 (0x015c9a13) slli    s4, s9, 21
core   0: 3 0x80006044 (0x015c9a13) x20 0x00000000
core   0: 0x80006048 (0xd6ec3013) sltiu   zero, s8, -658
core   0: 3 0x80006048 (0xd6ec3013)
core   0: 0x8000604c (0x41d68bb3) sub     s7, a3, t4
core   0: 3 0x8000604c (0x41d68bb3) x23 0xcf85b490
core   0: 0x80006050 (0x5eb44493) xori    s1, s0, 1515
core   0: 3 0x80006050 (0x5eb44493) x9  0xfffffa14
core   0: 0x80006054 (0x0000812d) c.srli  a0, 11
core   0: 3 0x80006054 (0x812d) x10 0x00000000
core   0: 0x80006056 (0x638507b7) lui     a5, 0x63850
core   0: 3 0x80006056 (0x638507b7) x15 0x63850000
core   0: 0x8000605a (0x01d21a33) sll     s4, tp, t4
core   0: 3 0x8000605a (0x01d21a33) x20 0x9d240000
core   0: 0x8000605e (0x00008dc5) c.or    a1, s1
core   0: 3 0x8000605e (0x8dc5) x11 0xfffffa14
core   0: 0x80006060 (0x00000490) c.addi4spn a2, sp, 576
core   0: 3 0x80006060 (0x0490) x12 0x00000240
core   0: 0x80006062 (0x000093f2) c.add   t2, t3
core   0: 3 0x80006062 (0x93f2) x7  0xf0da4ea4
core   0: 0x80006064 (0x75b33c13) sltiu   s8, t1, 1883
core   0: 3 0x80006064 (0x75b33c13) x24 0x00000000
core   0: 0x80006068 (0x0000e61d) c.bnez  a2, pc + 46
core   0: 3 0x80006068 (0xe61d)
core   0: 0x80006096 (0x8a403413) sltiu   s0, zero, -1884
core   0: 3 0x80006096 (0x8a403413) x8  0x00000001
core   0: 0x8000609a (0x8b5a0513) addi    a0, s4, -1867
core   0: 3 0x8000609a (0x8b5a0513) x10 0x9d23f8b5
core   0: 0x8000609e (0x000047e1) c.li    a5, 24
core   0: 3 0x8000609e (0x47e1) x15 0x00000018
core   0: 0x800060a0 (0x023f0833) mul     a6, t5, gp
core   0: 3 0x800060a0 (0x023f0833) x16 0x00000000
core   0: 0x800060a4 (0xfc58fc37) lui     s8, 0xfc58f
core   0: 3 0x800060a4 (0xfc58fc37) x24 0xfc58f000
core   0: 0x800060a8 (0x032aabb3) mulhsu  s7, s5, s2
core   0: 3 0x800060a8 (0x032aabb3) x23 0xffffffff
core   0: 0x800060ac (0x4003d6b3) sra     a3, t2, zero
core   0: 3 0x800060ac (0x4003d6b3) x13 0xf0da4ea4
core   0: 0x800060b0 (0x00470d63) beq     a4, tp, pc + 26
core   0: 3 0x800060b0 (0x00470d63)
core   0: 0x800060b4 (0x0000cc11) c.beqz  s0, pc + 28
core   0: 3 0x800060b4 (0xcc11)
core   0: 0x800060b6 (0x000008be) c.slli  a7, 15
core   0: 3 0x800060b6 (0x08be) x17 0x00000000
core   0: 0x800060b8 (0x00008e21) c.xor   a2, s0
core   0: 3 0x800060b8 (0x8e21) x12 0x00000241
core   0: 0x800060ba (0x03ae4863) blt     t3, s10, pc + 48
core   0: 3 0x800060ba (0x03ae4863)
core   0: 0x800060ea (0x015d5893) srli    a7, s10, 21
core   0: 3 0x800060ea (0x015d5893) x17 0x00000000
core   0: 0x800060ee (0x00008e31) c.xor   a2, a2
core   0: 3 0x800060ee (0x8e31) x12 0x00000000
core   0: 0x800060f0 (0x40e8a917) auipc   s2, 0x40e8a
core   0: 3 0x800060f0 (0x40e8a917) x18 0xc0e900f0
core   0: 0x800060f4 (0x01f87633) and     a2, a6, t6
core   0: 3 0x800060f4 (0x01f87633) x12 0x00000000
core   0: 0x800060f8 (0x0000846e) c.mv    s0, s11
core   0: 3 0x800060f8 (0x846e) x8  0x00000000
core   0: 0x800060fa (0x00000cf5) c.addi  s9, 29
core   0: 3 0x800060fa (0x0cf5) x25 0x0000001d
core   0: 0x800060fc (0x0120cfb3) xor     t6, ra, s2
core   0: 3 0x800060fc (0x0120cfb3) x31 0xc0e900f0
core   0: 0x80006100 (0x40f05d33) sra     s10, zero, a5
core   0: 3 0x80006100 (0x40f05d33) x26 0x00000000
core   0: 0x80006104 (0x00000001) c.nop
core   0: 3 0x80006104 (0x0001)
core   0: 0x80006106 (0x0266bfb3) mulhu   t6, a3, t1
core   0: 3 0x80006106 (0x0266bfb3) x31 0x1672cb0c
core   0: 0x8000610a (0xccc38d37) lui     s10, 0xccc38
core   0: 3 0x8000610a (0xccc38d37) x26 0xccc38000
core   0: 0x8000610e (0x41420cb3) sub     s9, tp, s4
core   0: 3 0x8000610e (0x41420cb3) x25 0xe2de9d24
core   0: 0x80006112 (0x000080e9) c.srli  s1, 26
core   0: 3 0x80006112 (0x80e9) x9  0x0000003f
core   0: 0x80006114 (0x026f6db3) rem     s11, t5, t1
core   0: 3 0x80006114 (0x026f6db3) x27 0xffffffff
core   0: 0x80006118 (0x000089b5) c.andi  a1, 13
core   0: 3 0x80006118 (0x89b5) x11 0x00000004
core   0: 0x8000611a (0xf0f1e793) ori     a5, gp, -241
core   0: 3 0x8000611a (0xf0f1e793) x15 0xffffff0f
core   0: 0x8000611e (0x027aedb3) rem     s11, s5, t2
core   0: 3 0x8000611e (0x027aedb3) x27 0xffffffff
core   0: 0x80006122 (0x00008dd9) c.or    a1, a4
core   0: 3 0x80006122 (0x8dd9) x11 0xffffffff
core   0: 0x80006124 (0x000cd9b3) srl     s3, s9, zero
core   0: 3 0x80006124 (0x000cd9b3) x19 0xe2de9d24
core   0: 0x80006128 (0x01a69b33) sll     s6, a3, s10
core   0: 3 0x80006128 (0x01a69b33) x22 0xf0da4ea4
core   0: 0x8000612c (0x8a4d0893) addi    a7, s10, -1884
core   0: 3 0x8000612c (0x8a4d0893) x17 0xccc378a4
core   0: 0x80006130 (0x099f1663) bne     t5, s9, pc + 140
core   0: 3 0x80006130 (0x099f1663)
core   0: 0x800061bc (0x00008b06) c.mv    s6, ra
core   0: 3 0x800061bc (0x8b06) x22 0x00000000
core   0: 0x800061be (0x45a2c413) xori    s0, t0, 1114
core   0: 3 0x800061be (0x45a2c413) x8  0x0000045a
core   0: 0x800061c2 (0x038d5333) divu    t1, s10, s8
core   0: 3 0x800061c2 (0x038d5333) x6  0x00000000
core   0: 0x800061c6 (0x03d031b3) mulhu   gp, zero, t4
core   0: 3 0x800061c6 (0x03d031b3) x3  0x00000000
core   0: 0x800061ca (0x00008e7d) c.and   a2, a5
core   0: 3 0x800061ca (0x8e7d) x12 0x00000000
core   0: 0x800061cc (0x024af2b3) remu    t0, s5, tp
core   0: 3 0x800061cc (0x024af2b3) x5  0x7ffd62db
core   0: 0x800061d0 (0x028b5963) bge     s6, s0, pc + 50
core   0: 3 0x800061d0 (0x028b5963)
core   0: 0x800061d4 (0x338dca13) xori    s4, s11, 824
core   0: 3 0x800061d4 (0x338dca13) x20 0xfffffcc7
core   0: 0x800061d8 (0x001d37b3) sltu    a5, s10, ra
core   0: 3 0x800061d8 (0x001d37b3) x15 0x00000000
core   0: 0x800061dc (0x16ba7f93) andi    t6, s4, 363
core   0: 3 0x800061dc (0x16ba7f93) x31 0x00000043
core   0: 0x800061e0 (0x00000001) c.nop
core   0: 3 0x800061e0 (0x0001)
core   0: 0x800061e2 (0x2be18013) addi    zero, gp, 702
core   0: 3 0x800061e2 (0x2be18013)
core   0: 0x800061e6 (0x83d26293) ori     t0, tp, -1987
core   0: 3 0x800061e6 (0x83d26293) x5  0xfffffd3d
core   0: 0x800061ea (0x035ec663) blt     t4, s5, pc + 44
core   0: 3 0x800061ea (0x035ec663)
core   0: 0x800061ee (0x0363aa33) mulhsu  s4, t2, s6
core   0: 3 0x800061ee (0x0363aa33) x20 0x00000000
core   0: 0x800061f2 (0x01bb7833) and     a6, s6, s11
core   0: 3 0x800061f2 (0x01bb7833) x16 0x00000000
core   0: 0x800061f6 (0x036cd463) bge     s9, s6, pc + 40
core   0: 3 0x800061f6 (0x036cd463)
core   0: 0x800061fa (0x03fb5833) divu    a6, s6, t6
core   0: 3 0x800061fa (0x03fb5833) x16 0x00000000
core   0: 0x800061fe (0x03e56263) bltu    a0, t5, pc + 36
core   0: 3 0x800061fe (0x03e56263)
core   0: 0x80006222 (0x02a12bb3) mulhsu  s7, sp, a0
core   0: 3 0x80006222 (0x02a12bb3) x23 0x00000000
core   0: 0x80006226 (0x00006175) c.addi16sp sp, 368
core   0: 3 0x80006226 (0x6175) x2  0x00000170
core   0: 0x80006228 (0x00c99d13) slli    s10, s3, 12
core   0: 3 0x80006228 (0x00c99d13) x26 0xe9d24000
core   0: 0x8000622c (0x0000c50d) c.beqz  a0, pc + 42
core   0: 3 0x8000622c (0xc50d)
core   0: 0x8000622e (0xd69618b7) lui     a7, 0xd6961
core   0: 3 0x8000622e (0xd69618b7) x17 0xd6961000
core   0: 0x80006232 (0x0000717d) c.addi16sp sp, -16
core   0: 3 0x80006232 (0x717d) x2  0x00000160
core   0: 0x80006234 (0x00008fe5) c.and   a5, s1
core   0: 3 0x80006234 (0x8fe5) x15 0x00000000
core   0: 0x80006236 (0x00008cf9) c.and   s1, a4
core   0: 3 0x80006236 (0x8cf9) x9  0x0000003f
core   0: 0x80006238 (0x0000e411) c.bnez  s0, pc + 12
core   0: 3 0x80006238 (0xe411)
core   0: 0x80006244 (0x02c87963) bgeu    a6, a2, pc + 50
core   0: 3 0x80006244 (0x02c87963)
core   0: 0x80006276 (0x01b098b3) sll     a7, ra, s11
core   0: 3 0x80006276 (0x01b098b3) x17 0x00000000
core   0: 0x8000627a (0x02da0b33) mul     s6, s4, a3
core   0: 3 0x8000627a (0x02da0b33) x22 0x00000000
core   0: 0x8000627e (0x007b2ab3) slt     s5, s6, t2
core   0: 3 0x8000627e (0x007b2ab3) x21 0x00000000
core   0: 0x80006282 (0x0267e763) bltu    a5, t1, pc + 46
core   0: 3 0x80006282 (0x0267e763)
core   0: 0x80006286 (0x029412b3) mulh    t0, s0, s1
core   0: 3 0x80006286 (0x029412b3) x5  0x00000000
core   0: 0x8000628a (0x00008cf9) c.and   s1, a4
core   0: 3 0x8000628a (0x8cf9) x9  0x0000003f
core   0: 0x8000628c (0x379da893) slti    a7, s11, 889
core   0: 3 0x8000628c (0x379da893) x17 0x00000001
core   0: 0x80006290 (0x00008636) c.mv    a2, a3
core   0: 3 0x80006290 (0x8636) x12 0xf0da4ea4
core   0: 0x80006292 (0x0000950e) c.add   a0, gp
core   0: 3 0x80006292 (0x950e) x10 0x9d23f8b5
core   0: 0x80006294 (0x41f25313) srai    t1, tp, 31
core   0: 3 0x80006294 (0x41f25313) x6  0xffffffff
core   0: 0x80006298 (0xcf26bb93) sltiu   s7, a3, -782
core   0: 3 0x80006298 (0xcf26bb93) x23 0x00000001
core   0: 0x8000629c (0x035b6db3) rem     s11, s6, s5
core   0: 3 0x8000629c (0x035b6db3) x27 0x00000000
core   0: 0x800062a0 (0xd27b2813) slti    a6, s6, -729
core   0: 3 0x800062a0 (0xd27b2813) x16 0x00000000
core   0: 0x800062a4 (0x008bac33) slt     s8, s7, s0
core   0: 3 0x800062a4 (0x008bac33) x24 0x00000001
core   0: 0x800062a8 (0x01658833) add     a6, a1, s6
core   0: 3 0x800062a8 (0x01658833) x16 0xffffffff
core   0: 0x800062ac (0x60ef3993) sltiu   s3, t5, 1550
core   0: 3 0x800062ac (0x60ef3993) x19 0x00000000
core   0: 0x800062b0 (0x039d2bb3) mulhsu  s7, s10, s9
core   0: 3 0x800062b0 (0x039d2bb3) x23 0xec585336
core   0: 0x800062b4 (0x00ebd363) bge     s7, a4, pc + 6
core   0: 3 0x800062b4 (0x00ebd363)
core   0: 0x800062b8 (0x000084e5) c.srai  s1, 25
core   0: 3 0x800062b8 (0x84e5) x9  0x00000000
core   0: 0x800062ba (0x40895693) srai    a3, s2, 8
core   0: 3 0x800062ba (0x40895693) x13 0xffc0e900
core   0: 0x800062be (0x025d3433) mulhu   s0, s10, t0
core   0: 3 0x800062be (0x025d3433) x8  0x00000000
core   0: 0x800062c2 (0xb7e88493) addi    s1, a7, -1154
core   0: 3 0x800062c2 (0xb7e88493) x9  0xfffffb7f
core   0: 0x800062c6 (0x00305d93) srli    s11, zero, 3
core   0: 3 0x800062c6 (0x00305d93) x27 0x00000000
core   0: 0x800062ca (0x0192a6b3) slt     a3, t0, s9
core   0: 3 0x800062ca (0x0192a6b3) x13 0x00000000
core   0: 0x800062ce (0x00568333) add     t1, a3, t0
core   0: 3 0x800062ce (0x00568333) x6  0x00000000
core   0: 0x800062d2 (0x029891b3) mulh    gp, a7, s1
core   0: 3 0x800062d2 (0x029891b3) x3  0xffffffff
core   0: 0x800062d6 (0x00000b2d) c.addi  s6, 11
core   0: 3 0x800062d6 (0x0b2d) x22 0x0000000b
core   0: 0x800062d8 (0x0000ea81) c.bnez  a3, pc + 16
core   0: 3 0x800062d8 (0xea81)
core   0: 0x800062da (0x00e44cb3) xor     s9, s0, a4
core   0: 3 0x800062da (0x00e44cb3) x25 0xffffffff
core   0: 0x800062de (0x019ae733) or      a4, s5, s9
core   0: 3 0x800062de (0x019ae733) x14 0xffffffff
core   0: 0x800062e2 (0x0197adb3) slt     s11, a5, s9
core   0: 3 0x800062e2 (0x0197adb3) x27 0x00000000
core   0: 0x800062e6 (0x00009bfd) c.andi  a5, -1
core   0: 3 0x800062e6 (0x9bfd) x15 0x00000000
core   0: 0x800062e8 (0x079c2493) slti    s1, s8, 121
core   0: 3 0x800062e8 (0x079c2493) x9  0x00000001
core   0: 0x800062ec (0x0000557d) c.li    a0, -1
core   0: 3 0x800062ec (0x557d) x10 0xffffffff
core   0: 0x800062ee (0x00008791) c.srai  a5, 4
core   0: 3 0x800062ee (0x8791) x15 0x00000000
core   0: 0x800062f0 (0x00001bfd) c.addi  s7, -1
core   0: 3 0x800062f0 (0x1bfd) x23 0xec585335
core   0: 0x800062f2 (0x00deed63) bltu    t4, a3, pc + 26
core   0: 3 0x800062f2 (0x00deed63)
core   0: 0x800062f6 (0x0ae60c93) addi    s9, a2, 174
core   0: 3 0x800062f6 (0x0ae60c93) x25 0xf0da4f52
core   0: 0x800062fa (0x0000874d) c.srai  a4, 19
core   0: 3 0x800062fa (0x874d) x14 0xffffffff
core   0: 0x800062fc (0x01fc5363) bge     s8, t6, pc + 6
core   0: 3 0x800062fc (0x01fc5363)
core   0: 0x80006300 (0x00008ebd) c.xor   a3, a5
core   0: 3 0x80006300 (0x8ebd) x13 0x00000000
core   0: 0x80006302 (0x0000cb15) c.beqz  a4, pc + 52
core   0: 3 0x80006302 (0xcb15)
core   0: 0x80006304 (0x01653a33) sltu    s4, a0, s6
core   0: 3 0x80006304 (0x01653a33) x20 0x00000000
core   0: 0x80006308 (0x412adfb3) sra     t6, s5, s2
core   0: 3 0x80006308 (0x412adfb3) x31 0x00000000
core   0: 0x8000630c (0x0239e2b3) rem     t0, s3, gp
core   0: 3 0x8000630c (0x0239e2b3) x5  0x00000000
core   0: 0x80006310 (0x414f5013) srai    zero, t5, 20
core   0: 3 0x80006310 (0x414f5013)
core   0: 0x80006314 (0x14bdab13) slti    s6, s11, 331
core   0: 3 0x80006314 (0x14bdab13) x22 0x00000001
core   0: 0x80006318 (0xc84f6a13) ori     s4, t5, -892
core   0: 3 0x80006318 (0xc84f6a13) x20 0xffffffff
core   0: 0x8000631c (0x02379963) bne     a5, gp, pc + 50
core   0: 3 0x8000631c (0x02379963)
core   0: 0x8000634e (0x02efff33) remu    t5, t6, a4
core   0: 3 0x8000634e (0x02efff33) x30 0x00000000
core   0: 0x80006352 (0x036b36b3) mulhu   a3, s6, s6
core   0: 3 0x80006352 (0x036b36b3) x13 0x00000000
core   0: 0x80006356 (0x017d19b3) sll     s3, s10, s7
core   0: 3 0x80006356 (0x017d19b3) x19 0x00000000
core   0: 0x8000635a (0x021dfc33) remu    s8, s11, ra
core   0: 3 0x8000635a (0x021dfc33) x24 0x00000000
core   0: 0x8000635e (0x02a75c33) divu    s8, a4, a0
core   0: 3 0x8000635e (0x02a75c33) x24 0x00000001
core   0: 0x80006362 (0x0000ed1d) c.bnez  a0, pc + 62
core   0: 3 0x80006362 (0xed1d)
core   0: 0x800063a0 (0x00f27963) bgeu    tp, a5, pc + 18
core   0: 3 0x800063a0 (0x00f27963)
core   0: 0x800063b2 (0x000045c5) c.li    a1, 17
core   0: 3 0x800063b2 (0x45c5) x11 0x00000011
core   0: 0x800063b4 (0x01315613) srli    a2, sp, 19
core   0: 3 0x800063b4 (0x01315613) x12 0x00000000
core   0: 0x800063b8 (0x003c7cb3) and     s9, s8, gp
core   0: 3 0x800063b8 (0x003c7cb3) x25 0x00000001
core   0: 0x800063bc (0x418157b3) sra     a5, sp, s8
core   0: 3 0x800063bc (0x418157b3) x15 0x000000b0
core   0: 0x800063c0 (0x03616bb3) rem     s7, sp, s6
core   0: 3 0x800063c0 (0x03616bb3) x23 0x00000000
core   0: 0x800063c4 (0x0190d793) srli    a5, ra, 25
core   0: 3 0x800063c4 (0x0190d793) x15 0x00000000
core   0: 0x800063c8 (0x008dd2b3) srl     t0, s11, s0
core   0: 3 0x800063c8 (0x008dd2b3) x5  0x00000000
core   0: 0x800063cc (0x00000a7a) c.slli  s4, 30
core   0: 3 0x800063cc (0x0a7a) x20 0xc0000000
core   0: 0x800063ce (0x000052f5) c.li    t0, -3
core   0: 3 0x800063ce (0x52f5) x5  0xfffffffd
core   0: 0x800063d0 (0x03842933) mulhsu  s2, s0, s8
core   0: 3 0x800063d0 (0x03842933) x18 0x00000000
core   0: 0x800063d4 (0x000046c9) c.li    a3, 18
core   0: 3 0x800063d4 (0x46c9) x13 0x00000012
core   0: 0x800063d6 (0x00006975) c.lui   s2, 0x1d
core   0: 3 0x800063d6 (0x6975) x18 0x0001d000
core   0: 0x800063d8 (0x00001e98) c.addi4spn a4, sp, 880
core   0: 3 0x800063d8 (0x1e98) x14 0x000004d0
core   0: 0x800063da (0x000002a5) c.addi  t0, 9
core   0: 3 0x800063da (0x02a5) x5  0x00000006
core   0: 0x800063dc (0x00008e41) c.or    a2, s0
core   0: 3 0x800063dc (0x8e41) x12 0x00000000
core   0: 0x800063de (0x00004d91) c.li    s11, 4
core   0: 3 0x800063de (0x4d91) x27 0x00000004
core   0: 0x800063e0 (0x000004aa) c.slli  s1, 10
core   0: 3 0x800063e0 (0x04aa) x9  0x00000400
core   0: 0x800063e2 (0xc524c913) xori    s2, s1, -942
core   0: 3 0x800063e2 (0xc524c913) x18 0xfffff852
core   0: 0x800063e6 (0x40f6d193) srai    gp, a3, 15
core   0: 3 0x800063e6 (0x40f6d193) x3  0x00000000
core   0: 0x800063ea (0x00008811) c.andi  s0, 4
core   0: 3 0x800063ea (0x8811) x8  0x00000000
core   0: 0x800063ec (0x00005371) c.li    t1, -4
core   0: 3 0x800063ec (0x5371) x6  0xfffffffc
core   0: 0x800063ee (0x0390e133) rem     sp, ra, s9
core   0: 3 0x800063ee (0x0390e133) x2  0x00000000
core   0: 0x800063f2 (0x039ad0b3) divu    ra, s5, s9
core   0: 3 0x800063f2 (0x039ad0b3) x1  0x00000000
core   0: 0x800063f6 (0x00001df1) c.addi  s11, -4
core   0: 3 0x800063f6 (0x1df1) x27 0x00000000
core   0: 0x800063f8 (0x00edb3b3) sltu    t2, s11, a4
core   0: 3 0x800063f8 (0x00edb3b3) x7  0x00000001
core   0: 0x800063fc (0xfe6d8be3) beq     s11, t1, pc - 10
core   0: 3 0x800063fc (0xfe6d8be3)
core   0: 0x80006400 (0x00000001) c.nop
core   0: 3 0x80006400 (0x0001)
core   0: 0x80006402 (0xfcd2cbe3) blt     t0, a3, pc - 42
core   0: 3 0x80006402 (0xfcd2cbe3)
core   0: 0x800063d8 (0x00001e98) c.addi4spn a4, sp, 880
core   0: 3 0x800063d8 (0x1e98) x14 0x00000370
core   0: 0x800063da (0x000002a5) c.addi  t0, 9
core   0: 3 0x800063da (0x02a5) x5  0x0000000f
core   0: 0x800063dc (0x00008e41) c.or    a2, s0
core   0: 3 0x800063dc (0x8e41) x12 0x00000000
core   0: 0x800063de (0x00004d91) c.li    s11, 4
core   0: 3 0x800063de (0x4d91) x27 0x00000004
core   0: 0x800063e0 (0x000004aa) c.slli  s1, 10
core   0: 3 0x800063e0 (0x04aa) x9  0x00100000
core   0: 0x800063e2 (0xc524c913) xori    s2, s1, -942
core   0: 3 0x800063e2 (0xc524c913) x18 0xffeffc52
core   0: 0x800063e6 (0x40f6d193) srai    gp, a3, 15
core   0: 3 0x800063e6 (0x40f6d193) x3  0x00000000
core   0: 0x800063ea (0x00008811) c.andi  s0, 4
core   0: 3 0x800063ea (0x8811) x8  0x00000000
core   0: 0x800063ec (0x00005371) c.li    t1, -4
core   0: 3 0x800063ec (0x5371) x6  0xfffffffc
core   0: 0x800063ee (0x0390e133) rem     sp, ra, s9
core   0: 3 0x800063ee (0x0390e133) x2  0x00000000
core   0: 0x800063f2 (0x039ad0b3) divu    ra, s5, s9
core   0: 3 0x800063f2 (0x039ad0b3) x1  0x00000000
core   0: 0x800063f6 (0x00001df1) c.addi  s11, -4
core   0: 3 0x800063f6 (0x1df1) x27 0x00000000
core   0: 0x800063f8 (0x00edb3b3) sltu    t2, s11, a4
core   0: 3 0x800063f8 (0x00edb3b3) x7  0x00000001
core   0: 0x800063fc (0xfe6d8be3) beq     s11, t1, pc - 10
core   0: 3 0x800063fc (0xfe6d8be3)
core   0: 0x80006400 (0x00000001) c.nop
core   0: 3 0x80006400 (0x0001)
core   0: 0x80006402 (0xfcd2cbe3) blt     t0, a3, pc - 42
core   0: 3 0x80006402 (0xfcd2cbe3)
core   0: 0x800063d8 (0x00001e98) c.addi4spn a4, sp, 880
core   0: 3 0x800063d8 (0x1e98) x14 0x00000370
core   0: 0x800063da (0x000002a5) c.addi  t0, 9
core   0: 3 0x800063da (0x02a5) x5  0x00000018
core   0: 0x800063dc (0x00008e41) c.or    a2, s0
core   0: 3 0x800063dc (0x8e41) x12 0x00000000
core   0: 0x800063de (0x00004d91) c.li    s11, 4
core   0: 3 0x800063de (0x4d91) x27 0x00000004
core   0: 0x800063e0 (0x000004aa) c.slli  s1, 10
core   0: 3 0x800063e0 (0x04aa) x9  0x40000000
core   0: 0x800063e2 (0xc524c913) xori    s2, s1, -942
core   0: 3 0x800063e2 (0xc524c913) x18 0xbffffc52
core   0: 0x800063e6 (0x40f6d193) srai    gp, a3, 15
core   0: 3 0x800063e6 (0x40f6d193) x3  0x00000000
core   0: 0x800063ea (0x00008811) c.andi  s0, 4
core   0: 3 0x800063ea (0x8811) x8  0x00000000
core   0: 0x800063ec (0x00005371) c.li    t1, -4
core   0: 3 0x800063ec (0x5371) x6  0xfffffffc
core   0: 0x800063ee (0x0390e133) rem     sp, ra, s9
core   0: 3 0x800063ee (0x0390e133) x2  0x00000000
core   0: 0x800063f2 (0x039ad0b3) divu    ra, s5, s9
core   0: 3 0x800063f2 (0x039ad0b3) x1  0x00000000
core   0: 0x800063f6 (0x00001df1) c.addi  s11, -4
core   0: 3 0x800063f6 (0x1df1) x27 0x00000000
core   0: 0x800063f8 (0x00edb3b3) sltu    t2, s11, a4
core   0: 3 0x800063f8 (0x00edb3b3) x7  0x00000001
core   0: 0x800063fc (0xfe6d8be3) beq     s11, t1, pc - 10
core   0: 3 0x800063fc (0xfe6d8be3)
core   0: 0x80006400 (0x00000001) c.nop
core   0: 3 0x80006400 (0x0001)
core   0: 0x80006402 (0xfcd2cbe3) blt     t0, a3, pc - 42
core   0: 3 0x80006402 (0xfcd2cbe3)
core   0: 0x80006406 (0x00000596) c.slli  a1, 5
core   0: 3 0x80006406 (0x0596) x11 0x00000220
core   0: 0x80006408 (0x407209b3) sub     s3, tp, t2
core   0: 3 0x80006408 (0x407209b3) x19 0x80029d23
core   0: 0x8000640c (0x000092e2) c.add   t0, s8
core   0: 3 0x8000640c (0x92e2) x5  0x00000019
core   0: 0x8000640e (0x0196f263) bgeu    a3, s9, pc + 4
core   0: 3 0x8000640e (0x0196f263)
core   0: 0x80006412 (0x00008f91) c.sub   a5, a2
core   0: 3 0x80006412 (0x8f91) x15 0x00000000
core   0: 0x80006414 (0x00008d91) c.sub   a1, a2
core   0: 3 0x80006414 (0x8d91) x11 0x00000220
core   0: 0x80006416 (0x0000cc15) c.beqz  s0, pc + 60
core   0: 3 0x80006416 (0xcc15)
core   0: 0x80006452 (0x0000717d) c.addi16sp sp, -16
core   0: 3 0x80006452 (0x717d) x2  0xfffffff0
core   0: 0x80006454 (0x00000d29) c.addi  s10, 10
core   0: 3 0x80006454 (0x0d29) x26 0xe9d2400a
core   0: 0x80006456 (0x00008edd) c.or    a3, a5
core   0: 3 0x80006456 (0x8edd) x13 0x00000012
core   0: 0x80006458 (0x87558613) addi    a2, a1, -1931
core   0: 3 0x80006458 (0x87558613) x12 0xfffffa95
core   0: 0x8000645c (0x00000001) c.nop
core   0: 3 0x8000645c (0x0001)
core   0: 0x8000645e (0x020e42b3) div     t0, t3, zero
core   0: 3 0x8000645e (0x020e42b3) x5  0xffffffff
core   0: 0x80006462 (0x01add713) srli    a4, s11, 26
core   0: 3 0x80006462 (0x01add713) x14 0x00000000
core   0: 0x80006466 (0x03a8c3b3) div     t2, a7, s10
core   0: 3 0x80006466 (0x03a8c3b3) x7  0x00000000
core   0: 0x8000646a (0x010924b3) slt     s1, s2, a6
core   0: 3 0x8000646a (0x010924b3) x9  0x00000001
core   0: 0x8000646e (0x02e76463) bltu    a4, a4, pc + 40
core   0: 3 0x8000646e (0x02e76463)
core   0: 0x80006472 (0x00008b1e) c.mv    s6, t2
core   0: 3 0x80006472 (0x8b1e) x22 0x00000000
core   0: 0x80006474 (0x01a81263) bne     a6, s10, pc + 4
core   0: 3 0x80006474 (0x01a81263)
core   0: 0x80006478 (0x00000001) c.nop
core   0: 3 0x80006478 (0x0001)
core   0: 0x8000647a (0xd5933413) sltiu   s0, t1, -679
core   0: 3 0x8000647a (0xd5933413) x8  0x00000000
core   0: 0x8000647e (0x027932b3) mulhu   t0, s2, t2
core   0: 3 0x8000647e (0x027932b3) x5  0x00000000
core   0: 0x80006482 (0x000042e5) c.li    t0, 25
core   0: 3 0x80006482 (0x42e5) x5  0x00000019
core   0: 0x80006484 (0x0000814d) c.srli  a0, 19
core   0: 3 0x80006484 (0x814d) x10 0x00001fff
core   0: 0x80006486 (0x00000001) c.nop
core   0: 3 0x80006486 (0x0001)
core   0: 0x80006488 (0x03edfd33) remu    s10, s11, t5
core   0: 3 0x80006488 (0x03edfd33) x26 0x00000000
core   0: 0x8000648c (0x00008f4d) c.or    a4, a1
core   0: 3 0x8000648c (0x8f4d) x14 0x00000220
core   0: 0x8000648e (0x009beab3) or      s5, s7, s1
core   0: 3 0x8000648e (0x009beab3) x21 0x00000001
core   0: 0x80006492 (0x03b4b333) mulhu   t1, s1, s11
core   0: 3 0x80006492 (0x03b4b333) x6  0x00000000
core   0: 0x80006496 (0x4f543613) sltiu   a2, s0, 1269
core   0: 3 0x80006496 (0x4f543613) x12 0x00000001
core   0: 0x8000649a (0x01959613) slli    a2, a1, 25
core   0: 3 0x8000649a (0x01959613) x12 0x40000000
core   0: 0x8000649e (0x0252bd33) mulhu   s10, t0, t0
core   0: 3 0x8000649e (0x0252bd33) x26 0x00000000
core   0: 0x800064a2 (0x00008cfd) c.and   s1, a5
core   0: 3 0x800064a2 (0x8cfd) x9  0x00000000
core   0: 0x800064a4 (0x000052fd) c.li    t0, -1
core   0: 3 0x800064a4 (0x52fd) x5  0xffffffff
core   0: 0x800064a6 (0x00004529) c.li    a0, 10
core   0: 3 0x800064a6 (0x4529) x10 0x0000000a
core   0: 0x800064a8 (0x30a6a113) slti    sp, a3, 778
core   0: 3 0x800064a8 (0x30a6a113) x2  0x00000001
core   0: 0x800064ac (0x00008fc9) c.or    a5, a0
core   0: 3 0x800064ac (0x8fc9) x15 0x0000000a
core   0: 0x800064ae (0xed6a8417) auipc   s0, 0xed6a8
core   0: 3 0x800064ae (0xed6a8417) x8  0x6d6ae4ae
core   0: 0x800064b2 (0x8ffb6a13) ori     s4, s6, -1793
core   0: 3 0x800064b2 (0x8ffb6a13) x20 0xfffff8ff
core   0: 0x800064b6 (0x000043a9) c.li    t2, 10
core   0: 3 0x800064b6 (0x43a9) x7  0x0000000a
core   0: 0x800064b8 (0x0023fbb3) and     s7, t2, sp
core   0: 3 0x800064b8 (0x0023fbb3) x23 0x00000000
core   0: 0x800064bc (0x011268b3) or      a7, tp, a7
core   0: 3 0x800064bc (0x011268b3) x17 0x80029d25
core   0: 0x800064c0 (0x00008fb5) c.xor   a5, a3
core   0: 3 0x800064c0 (0x8fb5) x15 0x00000018
core   0: 0x800064c2 (0x0000155d) c.addi  a0, -9
core   0: 3 0x800064c2 (0x155d) x10 0x00000001
core   0: 0x800064c4 (0x0017aab3) slt     s5, a5, ra
core   0: 3 0x800064c4 (0x0017aab3) x21 0x00000000
core   0: 0x800064c8 (0x02da1cb3) mulh    s9, s4, a3
core   0: 3 0x800064c8 (0x02da1cb3) x25 0xffffffff
core   0: 0x800064cc (0x015b5733) srl     a4, s6, s5
core   0: 3 0x800064cc (0x015b5733) x14 0x00000000
core   0: 0x800064d0 (0x000044a1) c.li    s1, 8
core   0: 3 0x800064d0 (0x44a1) x9  0x00000008
core   0: 0x800064d2 (0x00000001) c.nop
core   0: 3 0x800064d2 (0x0001)
core   0: 0x800064d4 (0x00d09793) slli    a5, ra, 13
core   0: 3 0x800064d4 (0x00d09793) x15 0x00000000
core   0: 0x800064d8 (0x01328d33) add     s10, t0, s3
core   0: 3 0x800064d8 (0x01328d33) x26 0x80029d22
core   0: 0x800064dc (0x00006905) c.lui   s2, 0x1
core   0: 3 0x800064dc (0x6905) x18 0x00001000
core   0: 0x800064de (0x00008815) c.andi  s0, 5
core   0: 3 0x800064de (0x8815) x8  0x00000004
core   0: 0x800064e0 (0x019abfb3) sltu    t6, s5, s9
core   0: 3 0x800064e0 (0x019abfb3) x31 0x00000001
core   0: 0x800064e4 (0x0242d133) divu    sp, t0, tp
core   0: 3 0x800064e4 (0x0242d133) x2  0x00000001
core   0: 0x800064e8 (0x000014fd) c.addi  s1, -1
core   0: 3 0x800064e8 (0x14fd) x9  0x00000007
core   0: 0x800064ea (0x00008e81) c.sub   a3, s0
core   0: 3 0x800064ea (0x8e81) x13 0x0000000e
core   0: 0x800064ec (0x0000d8e5) c.beqz  s1, pc - 16
core   0: 3 0x800064ec (0xd8e5)
core   0: 0x800064ee (0x40e75a33) sra     s4, a4, a4
core   0: 3 0x800064ee (0x40e75a33) x20 0x00000000
core   0: 0x800064f2 (0x00429f13) slli    t5, t0, 4
core   0: 3 0x800064f2 (0x00429f13) x30 0xfffffff0
core   0: 0x800064f6 (0xfc7571e3) bgeu    a0, t2, pc - 62
core   0: 3 0x800064f6 (0xfc7571e3)
core   0: 0x800064fa (0x01c9c133) xor     sp, s3, t3
core   0: 3 0x800064fa (0x01c9c133) x2  0x0000c387
core   0: 0x800064fe (0x3e174293) xori    t0, a4, 993
core   0: 3 0x800064fe (0x3e174293) x5  0x000003e1
core   0: 0x80006502 (0x0066aa33) slt     s4, a3, t1
core   0: 3 0x80006502 (0x0066aa33) x20 0x00000000
core   0: 0x80006506 (0x0060db93) srli    s7, ra, 6
core   0: 3 0x80006506 (0x0060db93) x23 0x00000000
core   0: 0x8000650a (0x00987a63) bgeu    a6, s1, pc + 20
core   0: 3 0x8000650a (0x00987a63)
core   0: 0x8000651e (0x01ad5a63) bge     s10, s10, pc + 20
core   0: 3 0x8000651e (0x01ad5a63)
core   0: 0x80006532 (0x0000825d) c.srli  a2, 23
core   0: 3 0x80006532 (0x825d) x12 0x00000080
core   0: 0x80006534 (0x00008ce1) c.and   s1, s0
core   0: 3 0x80006534 (0x8ce1) x9  0x00000004
core   0: 0x80006536 (0x0000587d) c.li    a6, -1
core   0: 3 0x80006536 (0x587d) x16 0xffffffff
core   0: 0x80006538 (0x00008f11) c.sub   a4, a2
core   0: 3 0x80006538 (0x8f11) x14 0xffffff80
core   0: 0x8000653a (0x000087b5) c.srai  a5, 13
core   0: 3 0x8000653a (0x87b5) x15 0x00000000
core   0: 0x8000653c (0x00b18833) add     a6, gp, a1
core   0: 3 0x8000653c (0x00b18833) x16 0x00000220
core   0: 0x80006540 (0x03e9b4b3) mulhu   s1, s3, t5
core   0: 3 0x80006540 (0x03e9b4b3) x9  0x80029d1a
core   0: 0x80006544 (0x00008cd5) c.or    s1, a3
core   0: 3 0x80006544 (0x8cd5) x9  0x80029d1e
core   0: 0x80006546 (0x03a89d33) mulh    s10, a7, s10
core   0: 3 0x80006546 (0x03a89d33) x26 0x3ffd62e3
core   0: 0x8000654a (0x01df3033) sltu    zero, t5, t4
core   0: 3 0x8000654a (0x01df3033)
core   0: 0x8000654e (0x41c25013) srai    zero, tp, 28
core   0: 3 0x8000654e (0x41c25013)
core   0: 0x80006552 (0x00008fed) c.and   a5, a1
core   0: 3 0x80006552 (0x8fed) x15 0x00000000
core   0: 0x80006554 (0x014edf93) srli    t6, t4, 20
core   0: 3 0x80006554 (0x014edf93) x31 0x00000307
core   0: 0x80006558 (0x017b0863) beq     s6, s7, pc + 16
core   0: 3 0x80006558 (0x017b0863)
core   0: 0x80006568 (0x000061f5) c.lui   gp, 0x1d
core   0: 3 0x80006568 (0x61f5) x3  0x0001d000
core   0: 0x8000656a (0xc083f613) andi    a2, t2, -1016
core   0: 3 0x8000656a (0xc083f613) x12 0x00000008
core   0: 0x8000656e (0x00511463) bne     sp, t0, pc + 8
core   0: 3 0x8000656e (0x00511463)
core   0: 0x80006576 (0x00009a7d) c.andi  a2, -1
core   0: 3 0x80006576 (0x9a7d) x12 0x00000008
core   0: 0x80006578 (0x220af813) andi    a6, s5, 544
core   0: 3 0x80006578 (0x220af813) x16 0x00000000
core   0: 0x8000657c (0x00009b7d) c.andi  a4, -1
core   0: 3 0x8000657c (0x9b7d) x14 0xffffff80
core   0: 0x8000657e (0x000091ce) c.add   gp, s3
core   0: 3 0x8000657e (0x91ce) x3  0x80046d23
core   0: 0x80006580 (0x0026dc63) bge     a3, sp, pc + 24
core   0: 3 0x80006580 (0x0026dc63)
core   0: 0x80006584 (0x03759db3) mulh    s11, a1, s7
core   0: 3 0x80006584 (0x03759db3) x27 0x00000000
core   0: 0x80006588 (0x4042dd93) srai    s11, t0, 4
core   0: 3 0x80006588 (0x4042dd93) x27 0x0000003e
core   0: 0x8000658c (0xb9508313) addi    t1, ra, -1131
core   0: 3 0x8000658c (0xb9508313) x6  0xfffffb95
core   0: 0x80006590 (0x00af1613) slli    a2, t5, 10
core   0: 3 0x80006590 (0x00af1613) x12 0xffffc000
core   0: 0x80006594 (0x02bf47b3) div     a5, t5, a1
core   0: 3 0x80006594 (0x02bf47b3) x15 0x00000000
core   0: 0x80006598 (0x020ee933) rem     s2, t4, zero
core   0: 3 0x80006598 (0x020ee933) x18 0x307a4b70
core   0: 0x8000659c (0x000085d2) c.mv    a1, s4
core   0: 3 0x8000659c (0x85d2) x11 0x00000000
core   0: 0x8000659e (0x00a8a733) slt     a4, a7, a0
core   0: 3 0x8000659e (0x00a8a733) x14 0x00000001
core   0: 0x800065a2 (0x9d577313) andi    t1, a4, -1579
core   0: 3 0x800065a2 (0x9d577313) x6  0x00000001
core   0: 0x800065a6 (0x35506a93) ori     s5, zero, 853
core   0: 3 0x800065a6 (0x35506a93) x21 0x00000355
core   0: 0x800065aa (0x004935b3) sltu    a1, s2, tp
core   0: 3 0x800065aa (0x004935b3) x11 0x00000001
core   0: 0x800065ae (0x0000828d) c.srli  a3, 3
core   0: 3 0x800065ae (0x828d) x13 0x00000001
core   0: 0x800065b0 (0x000049b5) c.li    s3, 13
core   0: 3 0x800065b0 (0x49b5) x19 0x0000000d
core   0: 0x800065b2 (0x00961713) slli    a4, a2, 9
core   0: 3 0x800065b2 (0x00961713) x14 0xff800000
core   0: 0x800065b6 (0x02b37d33) remu    s10, t1, a1
core   0: 3 0x800065b6 (0x02b37d33) x26 0x00000000
core   0: 0x800065ba (0x00945a63) bge     s0, s1, pc + 20
core   0: 3 0x800065ba (0x00945a63)
core   0: 0x800065ce (0x002f3fb3) sltu    t6, t5, sp
core   0: 3 0x800065ce (0x002f3fb3) x31 0x00000000
core   0: 0x800065d2 (0xbdf9c793) xori    a5, s3, -1057
core   0: 3 0x800065d2 (0xbdf9c793) x15 0xfffffbd2
core   0: 0x800065d6 (0x00006a59) c.lui   s4, 0x16
core   0: 3 0x800065d6 (0x6a59) x20 0x00016000
core   0: 0x800065d8 (0x02965263) bge     a2, s1, pc + 36
core   0: 3 0x800065d8 (0x02965263)
core   0: 0x800065fc (0x000055fd) c.li    a1, -1
core   0: 3 0x800065fc (0x55fd) x11 0xffffffff
core   0: 0x800065fe (0x0299ef33) rem     t5, s3, s1
core   0: 3 0x800065fe (0x0299ef33) x30 0x0000000d
core   0: 0x80006602 (0x2c422d93) slti    s11, tp, 708
core   0: 3 0x80006602 (0x2c422d93) x27 0x00000001
core   0: 0x80006606 (0xb2ff3717) auipc   a4, 0xb2ff3
core   0: 3 0x80006606 (0xb2ff3717) x14 0x32ff9606
core   0: 0x8000660a (0x00cd5693) srli    a3, s10, 12
core   0: 3 0x8000660a (0x00cd5693) x13 0x00000000
core   0: 0x8000660e (0x00008729) c.srai  a4, 10
core   0: 3 0x8000660e (0x8729) x14 0x000cbfe5
core   0: 0x80006610 (0x02eadc33) divu    s8, s5, a4
core   0: 3 0x80006610 (0x02eadc33) x24 0x00000000
core   0: 0x80006614 (0x017c9393) slli    t2, s9, 23
core   0: 3 0x80006614 (0x017c9393) x7  0xff800000
core   0: 0x80006618 (0x32153613) sltiu   a2, a0, 801
core   0: 3 0x80006618 (0x32153613) x12 0x00000001
core   0: 0x8000661c (0x01b2cf33) xor     t5, t0, s11
core   0: 3 0x8000661c (0x01b2cf33) x30 0x000003e0
core   0: 0x80006620 (0x01f3d3b3) srl     t2, t2, t6
core   0: 3 0x80006620 (0x01f3d3b3) x7  0xff800000
core   0: 0x80006624 (0x419b5013) srai    zero, s6, 25
core   0: 3 0x80006624 (0x419b5013)
core   0: 0x80006628 (0xd10de813) ori     a6, s11, -752
core   0: 3 0x80006628 (0xd10de813) x16 0xfffffd11
core   0: 0x8000662c (0x038a5db3) divu    s11, s4, s8
core   0: 3 0x8000662c (0x038a5db3) x27 0xffffffff
core   0: 0x80006630 (0x00008d25) c.xor   a0, s1
core   0: 3 0x80006630 (0x8d25) x10 0x80029d1f
core   0: 0x80006632 (0x00008931) c.andi  a0, 12
core   0: 3 0x80006632 (0x8931) x10 0x0000000c
core   0: 0x80006634 (0x041c8163) beq     s9, ra, pc + 66
core   0: 3 0x80006634 (0x041c8163)
core   0: 0x80006638 (0x0000e405) c.bnez  s0, pc + 40
core   0: 3 0x80006638 (0xe405)
core   0: 0x80006660 (0x00008d81) c.sub   a1, s0
core   0: 3 0x80006660 (0x8d81) x11 0xfffffffb
core   0: 0x80006662 (0x0000717d) c.addi16sp sp, -16
core   0: 3 0x80006662 (0x717d) x2  0x0000c377
core   0: 0x80006664 (0x00a62733) slt     a4, a2, a0
core   0: 3 0x80006664 (0x00a62733) x14 0x00000001
core   0: 0x80006668 (0x80916c13) ori     s8, sp, -2039
core   0: 3 0x80006668 (0x80916c13) x24 0xfffffb7f
core   0: 0x8000666c (0x004d27b3) slt     a5, s10, tp
core   0: 3 0x8000666c (0x004d27b3) x15 0x00000000
core   0: 0x80006670 (0x038b5533) divu    a0, s6, s8
core   0: 3 0x80006670 (0x038b5533) x10 0x00000000
core   0: 0x80006674 (0x00000584) c.addi4spn s1, sp, 704
core   0: 3 0x80006674 (0x0584) x9  0x0000c637
core   0: 0x80006676 (0x90dc8993) addi    s3, s9, -1779
core   0: 3 0x80006676 (0x90dc8993) x19 0xfffff90c
core   0: 0x8000667a (0x00815e63) bge     sp, s0, pc + 28
core   0: 3 0x8000667a (0x00815e63)
core   0: 0x80006696 (0x000043d1) c.li    t2, 20
core   0: 3 0x80006696 (0x43d1) x7  0x00000014
core   0: 0x80006698 (0x40ba5a13) srai    s4, s4, 11
core   0: 3 0x80006698 (0x40ba5a13) x20 0x0000002c
core   0: 0x8000669c (0x000093da) c.add   t2, s6
core   0: 3 0x8000669c (0x93da) x7  0x00000014
core   0: 0x8000669e (0x0112f263) bgeu    t0, a7, pc + 4
core   0: 3 0x8000669e (0x0112f263)
core   0: 0x800066a2 (0x035932b3) mulhu   t0, s2, s5
core   0: 3 0x800066a2 (0x035932b3) x5  0x000000a1
core   0: 0x800066a6 (0x0686bf17) auipc   t5, 0x686b
core   0: 3 0x800066a6 (0x0686bf17) x30 0x868716a6
core   0: 0x800066aa (0x02a268b3) rem     a7, tp, a0
core   0: 3 0x800066aa (0x02a268b3) x17 0x80029d24
core   0: 0x800066ae (0x00695db3) srl     s11, s2, t1
core   0: 3 0x800066ae (0x00695db3) x27 0x183d25b8
core   0: 0x800066b2 (0x0000187d) c.addi  a6, -1
core   0: 3 0x800066b2 (0x187d) x16 0xfffffd10
core   0: 0x800066b4 (0x0000c495) c.beqz  s1, pc + 44
core   0: 3 0x800066b4 (0xc495)
core   0: 0x800066b6 (0x031858b3) divu    a7, a6, a7
core   0: 3 0x800066b6 (0x031858b3) x17 0x00000001
core   0: 0x800066ba (0x035d4db3) div     s11, s10, s5
core   0: 3 0x800066ba (0x035d4db3) x27 0x00000000
core   0: 0x800066be (0x000096fe) c.add   a3, t6
core   0: 3 0x800066be (0x96fe) x13 0x00000000
core   0: 0x800066c0 (0x40aad093) srai    ra, s5, 10
core   0: 3 0x800066c0 (0x40aad093) x1  0x00000000
core   0: 0x800066c4 (0x005b76b3) and     a3, s6, t0
core   0: 3 0x800066c4 (0x005b76b3) x13 0x00000000
core   0: 0x800066c8 (0x40a1d313) srai    t1, gp, 10
core   0: 3 0x800066c8 (0x40a1d313) x6  0xffe0011b
core   0: 0x800066cc (0x0000817a) c.mv    sp, t5
core   0: 3 0x800066cc (0x817a) x2  0x868716a6
core   0: 0x800066ce (0x03f4a393) slti    t2, s1, 63
core   0: 3 0x800066ce (0x03f4a393) x7  0x00000000
core   0: 0x800066d2 (0x0000974e) c.add   a4, s3
core   0: 3 0x800066d2 (0x974e) x14 0xfffff90d
core   0: 0x800066d4 (0x035a7433) remu    s0, s4, s5
core   0: 3 0x800066d4 (0x035a7433) x8  0x0000002c
core   0: 0x800066d8 (0x343d4617) auipc   a2, 0x343d4
core   0: 3 0x800066d8 (0x343d4617) x12 0xb43da6d8
core   0: 0x800066dc (0x4058d4b3) sra     s1, a7, t0
core   0: 3 0x800066dc (0x4058d4b3) x9  0x00000000
core   0: 0x800066e0 (0x076c8c63) beq     s9, s6, pc + 120
core   0: 3 0x800066e0 (0x076c8c63)
core   0: 0x800066e4 (0x000049c1) c.li    s3, 16
core   0: 3 0x800066e4 (0x49c1) x19 0x00000010
core   0: 0x800066e6 (0x03dc3533) mulhu   a0, s8, t4
core   0: 3 0x800066e6 (0x03dc3533) x10 0x307a4a95
core   0: 0x800066ea (0x00004b81) c.li    s7, 0
core   0: 3 0x800066ea (0x4b81) x23 0x00000000
core   0: 0x800066ec (0x03af2ab3) mulhsu  s5, t5, s10
core   0: 3 0x800066ec (0x03af2ab3) x21 0x00000000
core   0: 0x800066f0 (0x00008d71) c.and   a0, a2
core   0: 3 0x800066f0 (0x8d71) x10 0x30380290
core   0: 0x800066f2 (0xa0aa0993) addi    s3, s4, -1526
core   0: 3 0x800066f2 (0xa0aa0993) x19 0xfffffa36
core   0: 0x800066f6 (0x6f6eea13) ori     s4, t4, 1782
core   0: 3 0x800066f6 (0x6f6eea13) x20 0x307a4ff6
core   0: 0x800066fa (0x00005b31) c.li    s6, -20
core   0: 3 0x800066fa (0x5b31) x22 0xffffffec
core   0: 0x800066fc (0x037abcb3) mulhu   s9, s5, s7
core   0: 3 0x800066fc (0x037abcb3) x25 0x00000000
core   0: 0x80006700 (0x412e84b3) sub     s1, t4, s2
core   0: 3 0x80006700 (0x412e84b3) x9  0x00000000
core   0: 0x80006704 (0x00000001) c.nop
core   0: 3 0x80006704 (0x0001)
core   0: 0x80006706 (0x00009c76) c.add   s8, t4
core   0: 3 0x80006706 (0x9c76) x24 0x307a46ef
core   0: 0x80006708 (0x0385f4b3) remu    s1, a1, s8
core   0: 3 0x80006708 (0x0385f4b3) x9  0x0d9c9d50
core   0: 0x8000670c (0x00001bfd) c.addi  s7, -1
core   0: 3 0x8000670c (0x1bfd) x23 0xffffffff
core   0: 0x8000670e (0x00004619) c.li    a2, 6
core   0: 3 0x8000670e (0x4619) x12 0x00000006
core   0: 0x80006710 (0x000087e9) c.srai  a5, 26
core   0: 3 0x80006710 (0x87e9) x15 0x00000000
core   0: 0x80006712 (0x012d52b3) srl     t0, s10, s2
core   0: 3 0x80006712 (0x012d52b3) x5  0x00000000
core   0: 0x80006716 (0x35187293) andi    t0, a6, 849
core   0: 3 0x80006716 (0x35187293) x5  0x00000110
core   0: 0x8000671a (0x834a8f37) lui     t5, 0x834a8
core   0: 3 0x8000671a (0x834a8f37) x30 0x834a8000
core   0: 0x8000671e (0x0000609d) c.lui   ra, 0x7
core   0: 3 0x8000671e (0x609d) x1  0x00007000
core   0: 0x80006720 (0x00000001) c.nop
core   0: 3 0x80006720 (0x0001)
core   0: 0x80006722 (0x00008719) c.srai  a4, 6
core   0: 3 0x80006722 (0x8719) x14 0xffffffe4
core   0: 0x80006724 (0x0021f533) and     a0, gp, sp
core   0: 3 0x80006724 (0x0021f533) x10 0x80040422
core   0: 0x80006728 (0x00001669) c.addi  a2, -6
core   0: 3 0x80006728 (0x1669) x12 0x00000000
core   0: 0x8000672a (0x0000971e) c.add   a4, t2
core   0: 3 0x8000672a (0x971e) x14 0xffffffe4
core   0: 0x8000672c (0x0000de65) c.beqz  a2, pc - 8
core   0: 3 0x8000672c (0xde65)
core   0: 0x80006724 (0x0021f533) and     a0, gp, sp
core   0: 3 0x80006724 (0x0021f533) x10 0x80040422
core   0: 0x80006728 (0x00001669) c.addi  a2, -6
core   0: 3 0x80006728 (0x1669) x12 0xfffffffa
core   0: 0x8000672a (0x0000971e) c.add   a4, t2
core   0: 3 0x8000672a (0x971e) x14 0xffffffe4
core   0: 0x8000672c (0x0000de65) c.beqz  a2, pc - 8
core   0: 3 0x8000672c (0xde65)
core   0: 0x8000672e (0x00000001) c.nop
core   0: 3 0x8000672e (0x0001)
core   0: 0x80006730 (0xfd6b96e3) bne     s7, s6, pc - 52
core   0: 3 0x80006730 (0xfd6b96e3)
core   0: 0x800066fc (0x037abcb3) mulhu   s9, s5, s7
core   0: 3 0x800066fc (0x037abcb3) x25 0x00000000
core   0: 0x80006700 (0x412e84b3) sub     s1, t4, s2
core   0: 3 0x80006700 (0x412e84b3) x9  0x00000000
core   0: 0x80006704 (0x00000001) c.nop
core   0: 3 0x80006704 (0x0001)
core   0: 0x80006706 (0x00009c76) c.add   s8, t4
core   0: 3 0x80006706 (0x9c76) x24 0x60f4925f
core   0: 0x80006708 (0x0385f4b3) remu    s1, a1, s8
core   0: 3 0x80006708 (0x0385f4b3) x9  0x3e16db3d
core   0: 0x8000670c (0x00001bfd) c.addi  s7, -1
core   0: 3 0x8000670c (0x1bfd) x23 0xfffffffe
core   0: 0x8000670e (0x00004619) c.li    a2, 6
core   0: 3 0x8000670e (0x4619) x12 0x00000006
core   0: 0x80006710 (0x000087e9) c.srai  a5, 26
core   0: 3 0x80006710 (0x87e9) x15 0x00000000
core   0: 0x80006712 (0x012d52b3) srl     t0, s10, s2
core   0: 3 0x80006712 (0x012d52b3) x5  0x00000000
core   0: 0x80006716 (0x35187293) andi    t0, a6, 849
core   0: 3 0x80006716 (0x35187293) x5  0x00000110
core   0: 0x8000671a (0x834a8f37) lui     t5, 0x834a8
core   0: 3 0x8000671a (0x834a8f37) x30 0x834a8000
core   0: 0x8000671e (0x0000609d) c.lui   ra, 0x7
core   0: 3 0x8000671e (0x609d) x1  0x00007000
core   0: 0x80006720 (0x00000001) c.nop
core   0: 3 0x80006720 (0x0001)
core   0: 0x80006722 (0x00008719) c.srai  a4, 6
core   0: 3 0x80006722 (0x8719) x14 0xffffffff
core   0: 0x80006724 (0x0021f533) and     a0, gp, sp
core   0: 3 0x80006724 (0x0021f533) x10 0x80040422
core   0: 0x80006728 (0x00001669) c.addi  a2, -6
core   0: 3 0x80006728 (0x1669) x12 0x00000000
core   0: 0x8000672a (0x0000971e) c.add   a4, t2
core   0: 3 0x8000672a (0x971e) x14 0xffffffff
core   0: 0x8000672c (0x0000de65) c.beqz  a2, pc - 8
core   0: 3 0x8000672c (0xde65)
core   0: 0x80006724 (0x0021f533) and     a0, gp, sp
core   0: 3 0x80006724 (0x0021f533) x10 0x80040422
core   0: 0x80006728 (0x00001669) c.addi  a2, -6
core   0: 3 0x80006728 (0x1669) x12 0xfffffffa
core   0: 0x8000672a (0x0000971e) c.add   a4, t2
core   0: 3 0x8000672a (0x971e) x14 0xffffffff
core   0: 0x8000672c (0x0000de65) c.beqz  a2, pc - 8
core   0: 3 0x8000672c (0xde65)
core   0: 0x8000672e (0x00000001) c.nop
core   0: 3 0x8000672e (0x0001)
core   0: 0x80006730 (0xfd6b96e3) bne     s7, s6, pc - 52
core   0: 3 0x80006730 (0xfd6b96e3)
core   0: 0x800066fc (0x037abcb3) mulhu   s9, s5, s7
core   0: 3 0x800066fc (0x037abcb3) x25 0x00000000
core   0: 0x80006700 (0x412e84b3) sub     s1, t4, s2
core   0: 3 0x80006700 (0x412e84b3) x9  0x00000000
core   0: 0x80006704 (0x00000001) c.nop
core   0: 3 0x80006704 (0x0001)
core   0: 0x80006706 (0x00009c76) c.add   s8, t4
core   0: 3 0x80006706 (0x9c76) x24 0x916eddcf
core   0: 0x80006708 (0x0385f4b3) remu    s1, a1, s8
core   0: 3 0x80006708 (0x0385f4b3) x9  0x6e91222c
core   0: 0x8000670c (0x00001bfd) c.addi  s7, -1
core   0: 3 0x8000670c (0x1bfd) x23 0xfffffffd
core   0: 0x8000670e (0x00004619) c.li    a2, 6
core   0: 3 0x8000670e (0x4619) x12 0x00000006
core   0: 0x80006710 (0x000087e9) c.srai  a5, 26
core   0: 3 0x80006710 (0x87e9) x15 0x00000000
core   0: 0x80006712 (0x012d52b3) srl     t0, s10, s2
core   0: 3 0x80006712 (0x012d52b3) x5  0x00000000
core   0: 0x80006716 (0x35187293) andi    t0, a6, 849
core   0: 3 0x80006716 (0x35187293) x5  0x00000110
core   0: 0x8000671a (0x834a8f37) lui     t5, 0x834a8
core   0: 3 0x8000671a (0x834a8f37) x30 0x834a8000
core   0: 0x8000671e (0x0000609d) c.lui   ra, 0x7
core   0: 3 0x8000671e (0x609d) x1  0x00007000
core   0: 0x80006720 (0x00000001) c.nop
core   0: 3 0x80006720 (0x0001)
core   0: 0x80006722 (0x00008719) c.srai  a4, 6
core   0: 3 0x80006722 (0x8719) x14 0xffffffff
core   0: 0x80006724 (0x0021f533) and     a0, gp, sp
core   0: 3 0x80006724 (0x0021f533) x10 0x80040422
core   0: 0x80006728 (0x00001669) c.addi  a2, -6
core   0: 3 0x80006728 (0x1669) x12 0x00000000
core   0: 0x8000672a (0x0000971e) c.add   a4, t2
core   0: 3 0x8000672a (0x971e) x14 0xffffffff
core   0: 0x8000672c (0x0000de65) c.beqz  a2, pc - 8
core   0: 3 0x8000672c (0xde65)
core   0: 0x80006724 (0x0021f533) and     a0, gp, sp
core   0: 3 0x80006724 (0x0021f533) x10 0x80040422
core   0: 0x80006728 (0x00001669) c.addi  a2, -6
core   0: 3 0x80006728 (0x1669) x12 0xfffffffa
core   0: 0x8000672a (0x0000971e) c.add   a4, t2
core   0: 3 0x8000672a (0x971e) x14 0xffffffff
core   0: 0x8000672c (0x0000de65) c.beqz  a2, pc - 8
core   0: 3 0x8000672c (0xde65)
core   0: 0x8000672e (0x00000001) c.nop
core   0: 3 0x8000672e (0x0001)
core   0: 0x80006730 (0xfd6b96e3) bne     s7, s6, pc - 52
core   0: 3 0x80006730 (0xfd6b96e3)
core   0: 0x800066fc (0x037abcb3) mulhu   s9, s5, s7
core   0: 3 0x800066fc (0x037abcb3) x25 0x00000000
core   0: 0x80006700 (0x412e84b3) sub     s1, t4, s2
core   0: 3 0x80006700 (0x412e84b3) x9  0x00000000
core   0: 0x80006704 (0x00000001) c.nop
core   0: 3 0x80006704 (0x0001)
core   0: 0x80006706 (0x00009c76) c.add   s8, t4
core   0: 3 0x80006706 (0x9c76) x24 0xc1e9293f
core   0: 0x80006708 (0x0385f4b3) remu    s1, a1, s8
core   0: 3 0x80006708 (0x0385f4b3) x9  0x3e16d6bc
core   0: 0x8000670c (0x00001bfd) c.addi  s7, -1
core   0: 3 0x8000670c (0x1bfd) x23 0xfffffffc
core   0: 0x8000670e (0x00004619) c.li    a2, 6
core   0: 3 0x8000670e (0x4619) x12 0x00000006
core   0: 0x80006710 (0x000087e9) c.srai  a5, 26
core   0: 3 0x80006710 (0x87e9) x15 0x00000000
core   0: 0x80006712 (0x012d52b3) srl     t0, s10, s2
core   0: 3 0x80006712 (0x012d52b3) x5  0x00000000
core   0: 0x80006716 (0x35187293) andi    t0, a6, 849
core   0: 3 0x80006716 (0x35187293) x5  0x00000110
core   0: 0x8000671a (0x834a8f37) lui     t5, 0x834a8
core   0: 3 0x8000671a (0x834a8f37) x30 0x834a8000
core   0: 0x8000671e (0x0000609d) c.lui   ra, 0x7
core   0: 3 0x8000671e (0x609d) x1  0x00007000
core   0: 0x80006720 (0x00000001) c.nop
core   0: 3 0x80006720 (0x0001)
core   0: 0x80006722 (0x00008719) c.srai  a4, 6
core   0: 3 0x80006722 (0x8719) x14 0xffffffff
core   0: 0x80006724 (0x0021f533) and     a0, gp, sp
core   0: 3 0x80006724 (0x0021f533) x10 0x80040422
core   0: 0x80006728 (0x00001669) c.addi  a2, -6
core   0: 3 0x80006728 (0x1669) x12 0x00000000
core   0: 0x8000672a (0x0000971e) c.add   a4, t2
core   0: 3 0x8000672a (0x971e) x14 0xffffffff
core   0: 0x8000672c (0x0000de65) c.beqz  a2, pc - 8
core   0: 3 0x8000672c (0xde65)
core   0: 0x80006724 (0x0021f533) and     a0, gp, sp
core   0: 3 0x80006724 (0x0021f533) x10 0x80040422
core   0: 0x80006728 (0x00001669) c.addi  a2, -6
core   0: 3 0x80006728 (0x1669) x12 0xfffffffa
core   0: 0x8000672a (0x0000971e) c.add   a4, t2
core   0: 3 0x8000672a (0x971e) x14 0xffffffff
core   0: 0x8000672c (0x0000de65) c.beqz  a2, pc - 8
core   0: 3 0x8000672c (0xde65)
core   0: 0x8000672e (0x00000001) c.nop
core   0: 3 0x8000672e (0x0001)
core   0: 0x80006730 (0xfd6b96e3) bne     s7, s6, pc - 52
core   0: 3 0x80006730 (0xfd6b96e3)
core   0: 0x800066fc (0x037abcb3) mulhu   s9, s5, s7
core   0: 3 0x800066fc (0x037abcb3) x25 0x00000000
core   0: 0x80006700 (0x412e84b3) sub     s1, t4, s2
core   0: 3 0x80006700 (0x412e84b3) x9  0x00000000
core   0: 0x80006704 (0x00000001) c.nop
core   0: 3 0x80006704 (0x0001)
core   0: 0x80006706 (0x00009c76) c.add   s8, t4
core   0: 3 0x80006706 (0x9c76) x24 0xf26374af
core   0: 0x80006708 (0x0385f4b3) remu    s1, a1, s8
core   0: 3 0x80006708 (0x0385f4b3) x9  0x0d9c8b4c
core   0: 0x8000670c (0x00001bfd) c.addi  s7, -1
core   0: 3 0x8000670c (0x1bfd) x23 0xfffffffb
core   0: 0x8000670e (0x00004619) c.li    a2, 6
core   0: 3 0x8000670e (0x4619) x12 0x00000006
core   0: 0x80006710 (0x000087e9) c.srai  a5, 26
core   0: 3 0x80006710 (0x87e9) x15 0x00000000
core   0: 0x80006712 (0x012d52b3) srl     t0, s10, s2
core   0: 3 0x80006712 (0x012d52b3) x5  0x00000000
core   0: 0x80006716 (0x35187293) andi    t0, a6, 849
core   0: 3 0x80006716 (0x35187293) x5  0x00000110
core   0: 0x8000671a (0x834a8f37) lui     t5, 0x834a8
core   0: 3 0x8000671a (0x834a8f37) x30 0x834a8000
core   0: 0x8000671e (0x0000609d) c.lui   ra, 0x7
core   0: 3 0x8000671e (0x609d) x1  0x00007000
core   0: 0x80006720 (0x00000001) c.nop
core   0: 3 0x80006720 (0x0001)
core   0: 0x80006722 (0x00008719) c.srai  a4, 6
core   0: 3 0x80006722 (0x8719) x14 0xffffffff
core   0: 0x80006724 (0x0021f533) and     a0, gp, sp
core   0: 3 0x80006724 (0x0021f533) x10 0x80040422
core   0: 0x80006728 (0x00001669) c.addi  a2, -6
core   0: 3 0x80006728 (0x1669) x12 0x00000000
core   0: 0x8000672a (0x0000971e) c.add   a4, t2
core   0: 3 0x8000672a (0x971e) x14 0xffffffff
core   0: 0x8000672c (0x0000de65) c.beqz  a2, pc - 8
core   0: 3 0x8000672c (0xde65)
core   0: 0x80006724 (0x0021f533) and     a0, gp, sp
core   0: 3 0x80006724 (0x0021f533) x10 0x80040422
core   0: 0x80006728 (0x00001669) c.addi  a2, -6
core   0: 3 0x80006728 (0x1669) x12 0xfffffffa
core   0: 0x8000672a (0x0000971e) c.add   a4, t2
core   0: 3 0x8000672a (0x971e) x14 0xffffffff
core   0: 0x8000672c (0x0000de65) c.beqz  a2, pc - 8
core   0: 3 0x8000672c (0xde65)
core   0: 0x8000672e (0x00000001) c.nop
core   0: 3 0x8000672e (0x0001)
core   0: 0x80006730 (0xfd6b96e3) bne     s7, s6, pc - 52
core   0: 3 0x80006730 (0xfd6b96e3)
core   0: 0x800066fc (0x037abcb3) mulhu   s9, s5, s7
core   0: 3 0x800066fc (0x037abcb3) x25 0x00000000
core   0: 0x80006700 (0x412e84b3) sub     s1, t4, s2
core   0: 3 0x80006700 (0x412e84b3) x9  0x00000000
core   0: 0x80006704 (0x00000001) c.nop
core   0: 3 0x80006704 (0x0001)
core   0: 0x80006706 (0x00009c76) c.add   s8, t4
core   0: 3 0x80006706 (0x9c76) x24 0x22ddc01f
core   0: 0x80006708 (0x0385f4b3) remu    s1, a1, s8
core   0: 3 0x80006708 (0x0385f4b3) x9  0x0befbf22
core   0: 0x8000670c (0x00001bfd) c.addi  s7, -1
core   0: 3 0x8000670c (0x1bfd) x23 0xfffffffa
core   0: 0x8000670e (0x00004619) c.li    a2, 6
core   0: 3 0x8000670e (0x4619) x12 0x00000006
core   0: 0x80006710 (0x000087e9) c.srai  a5, 26
core   0: 3 0x80006710 (0x87e9) x15 0x00000000
core   0: 0x80006712 (0x012d52b3) srl     t0, s10, s2
core   0: 3 0x80006712 (0x012d52b3) x5  0x00000000
core   0: 0x80006716 (0x35187293) andi    t0, a6, 849
core   0: 3 0x80006716 (0x35187293) x5  0x00000110
core   0: 0x8000671a (0x834a8f37) lui     t5, 0x834a8
core   0: 3 0x8000671a (0x834a8f37) x30 0x834a8000
core   0: 0x8000671e (0x0000609d) c.lui   ra, 0x7
core   0: 3 0x8000671e (0x609d) x1  0x00007000
core   0: 0x80006720 (0x00000001) c.nop
core   0: 3 0x80006720 (0x0001)
core   0: 0x80006722 (0x00008719) c.srai  a4, 6
core   0: 3 0x80006722 (0x8719) x14 0xffffffff
core   0: 0x80006724 (0x0021f533) and     a0, gp, sp
core   0: 3 0x80006724 (0x0021f533) x10 0x80040422
core   0: 0x80006728 (0x00001669) c.addi  a2, -6
core   0: 3 0x80006728 (0x1669) x12 0x00000000
core   0: 0x8000672a (0x0000971e) c.add   a4, t2
core   0: 3 0x8000672a (0x971e) x14 0xffffffff
core   0: 0x8000672c (0x0000de65) c.beqz  a2, pc - 8
core   0: 3 0x8000672c (0xde65)
core   0: 0x80006724 (0x0021f533) and     a0, gp, sp
core   0: 3 0x80006724 (0x0021f533) x10 0x80040422
core   0: 0x80006728 (0x00001669) c.addi  a2, -6
core   0: 3 0x80006728 (0x1669) x12 0xfffffffa
core   0: 0x8000672a (0x0000971e) c.add   a4, t2
core   0: 3 0x8000672a (0x971e) x14 0xffffffff
core   0: 0x8000672c (0x0000de65) c.beqz  a2, pc - 8
core   0: 3 0x8000672c (0xde65)
core   0: 0x8000672e (0x00000001) c.nop
core   0: 3 0x8000672e (0x0001)
core   0: 0x80006730 (0xfd6b96e3) bne     s7, s6, pc - 52
core   0: 3 0x80006730 (0xfd6b96e3)
core   0: 0x800066fc (0x037abcb3) mulhu   s9, s5, s7
core   0: 3 0x800066fc (0x037abcb3) x25 0x00000000
core   0: 0x80006700 (0x412e84b3) sub     s1, t4, s2
core   0: 3 0x80006700 (0x412e84b3) x9  0x00000000
core   0: 0x80006704 (0x00000001) c.nop
core   0: 3 0x80006704 (0x0001)
core   0: 0x80006706 (0x00009c76) c.add   s8, t4
core   0: 3 0x80006706 (0x9c76) x24 0x53580b8f
core   0: 0x80006708 (0x0385f4b3) remu    s1, a1, s8
core   0: 3 0x80006708 (0x0385f4b3) x9  0x05f7dd4e
core   0: 0x8000670c (0x00001bfd) c.addi  s7, -1
core   0: 3 0x8000670c (0x1bfd) x23 0xfffffff9
core   0: 0x8000670e (0x00004619) c.li    a2, 6
core   0: 3 0x8000670e (0x4619) x12 0x00000006
core   0: 0x80006710 (0x000087e9) c.srai  a5, 26
core   0: 3 0x80006710 (0x87e9) x15 0x00000000
core   0: 0x80006712 (0x012d52b3) srl     t0, s10, s2
core   0: 3 0x80006712 (0x012d52b3) x5  0x00000000
core   0: 0x80006716 (0x35187293) andi    t0, a6, 849
core   0: 3 0x80006716 (0x35187293) x5  0x00000110
core   0: 0x8000671a (0x834a8f37) lui     t5, 0x834a8
core   0: 3 0x8000671a (0x834a8f37) x30 0x834a8000
core   0: 0x8000671e (0x0000609d) c.lui   ra, 0x7
core   0: 3 0x8000671e (0x609d) x1  0x00007000
core   0: 0x80006720 (0x00000001) c.nop
core   0: 3 0x80006720 (0x0001)
core   0: 0x80006722 (0x00008719) c.srai  a4, 6
core   0: 3 0x80006722 (0x8719) x14 0xffffffff
core   0: 0x80006724 (0x0021f533) and     a0, gp, sp
core   0: 3 0x80006724 (0x0021f533) x10 0x80040422
core   0: 0x80006728 (0x00001669) c.addi  a2, -6
core   0: 3 0x80006728 (0x1669) x12 0x00000000
core   0: 0x8000672a (0x0000971e) c.add   a4, t2
core   0: 3 0x8000672a (0x971e) x14 0xffffffff
core   0: 0x8000672c (0x0000de65) c.beqz  a2, pc - 8
core   0: 3 0x8000672c (0xde65)
core   0: 0x80006724 (0x0021f533) and     a0, gp, sp
core   0: 3 0x80006724 (0x0021f533) x10 0x80040422
core   0: 0x80006728 (0x00001669) c.addi  a2, -6
core   0: 3 0x80006728 (0x1669) x12 0xfffffffa
core   0: 0x8000672a (0x0000971e) c.add   a4, t2
core   0: 3 0x8000672a (0x971e) x14 0xffffffff
core   0: 0x8000672c (0x0000de65) c.beqz  a2, pc - 8
core   0: 3 0x8000672c (0xde65)
core   0: 0x8000672e (0x00000001) c.nop
core   0: 3 0x8000672e (0x0001)
core   0: 0x80006730 (0xfd6b96e3) bne     s7, s6, pc - 52
core   0: 3 0x80006730 (0xfd6b96e3)
core   0: 0x800066fc (0x037abcb3) mulhu   s9, s5, s7
core   0: 3 0x800066fc (0x037abcb3) x25 0x00000000
core   0: 0x80006700 (0x412e84b3) sub     s1, t4, s2
core   0: 3 0x80006700 (0x412e84b3) x9  0x00000000
core   0: 0x80006704 (0x00000001) c.nop
core   0: 3 0x80006704 (0x0001)
core   0: 0x80006706 (0x00009c76) c.add   s8, t4
core   0: 3 0x80006706 (0x9c76) x24 0x83d256ff
core   0: 0x80006708 (0x0385f4b3) remu    s1, a1, s8
core   0: 3 0x80006708 (0x0385f4b3) x9  0x7c2da8fc
core   0: 0x8000670c (0x00001bfd) c.addi  s7, -1
core   0: 3 0x8000670c (0x1bfd) x23 0xfffffff8
core   0: 0x8000670e (0x00004619) c.li    a2, 6
core   0: 3 0x8000670e (0x4619) x12 0x00000006
core   0: 0x80006710 (0x000087e9) c.srai  a5, 26
core   0: 3 0x80006710 (0x87e9) x15 0x00000000
core   0: 0x80006712 (0x012d52b3) srl     t0, s10, s2
core   0: 3 0x80006712 (0x012d52b3) x5  0x00000000
core   0: 0x80006716 (0x35187293) andi    t0, a6, 849
core   0: 3 0x80006716 (0x35187293) x5  0x00000110
core   0: 0x8000671a (0x834a8f37) lui     t5, 0x834a8
core   0: 3 0x8000671a (0x834a8f37) x30 0x834a8000
core   0: 0x8000671e (0x0000609d) c.lui   ra, 0x7
core   0: 3 0x8000671e (0x609d) x1  0x00007000
core   0: 0x80006720 (0x00000001) c.nop
core   0: 3 0x80006720 (0x0001)
core   0: 0x80006722 (0x00008719) c.srai  a4, 6
core   0: 3 0x80006722 (0x8719) x14 0xffffffff
core   0: 0x80006724 (0x0021f533) and     a0, gp, sp
core   0: 3 0x80006724 (0x0021f533) x10 0x80040422
core   0: 0x80006728 (0x00001669) c.addi  a2, -6
core   0: 3 0x80006728 (0x1669) x12 0x00000000
core   0: 0x8000672a (0x0000971e) c.add   a4, t2
core   0: 3 0x8000672a (0x971e) x14 0xffffffff
core   0: 0x8000672c (0x0000de65) c.beqz  a2, pc - 8
core   0: 3 0x8000672c (0xde65)
core   0: 0x80006724 (0x0021f533) and     a0, gp, sp
core   0: 3 0x80006724 (0x0021f533) x10 0x80040422
core   0: 0x80006728 (0x00001669) c.addi  a2, -6
core   0: 3 0x80006728 (0x1669) x12 0xfffffffa
core   0: 0x8000672a (0x0000971e) c.add   a4, t2
core   0: 3 0x8000672a (0x971e) x14 0xffffffff
core   0: 0x8000672c (0x0000de65) c.beqz  a2, pc - 8
core   0: 3 0x8000672c (0xde65)
core   0: 0x8000672e (0x00000001) c.nop
core   0: 3 0x8000672e (0x0001)
core   0: 0x80006730 (0xfd6b96e3) bne     s7, s6, pc - 52
core   0: 3 0x80006730 (0xfd6b96e3)
core   0: 0x800066fc (0x037abcb3) mulhu   s9, s5, s7
core   0: 3 0x800066fc (0x037abcb3) x25 0x00000000
core   0: 0x80006700 (0x412e84b3) sub     s1, t4, s2
core   0: 3 0x80006700 (0x412e84b3) x9  0x00000000
core   0: 0x80006704 (0x00000001) c.nop
core   0: 3 0x80006704 (0x0001)
core   0: 0x80006706 (0x00009c76) c.add   s8, t4
core   0: 3 0x80006706 (0x9c76) x24 0xb44ca26f
core   0: 0x80006708 (0x0385f4b3) remu    s1, a1, s8
core   0: 3 0x80006708 (0x0385f4b3) x9  0x4bb35d8c
core   0: 0x8000670c (0x00001bfd) c.addi  s7, -1
core   0: 3 0x8000670c (0x1bfd) x23 0xfffffff7
core   0: 0x8000670e (0x00004619) c.li    a2, 6
core   0: 3 0x8000670e (0x4619) x12 0x00000006
core   0: 0x80006710 (0x000087e9) c.srai  a5, 26
core   0: 3 0x80006710 (0x87e9) x15 0x00000000
core   0: 0x80006712 (0x012d52b3) srl     t0, s10, s2
core   0: 3 0x80006712 (0x012d52b3) x5  0x00000000
core   0: 0x80006716 (0x35187293) andi    t0, a6, 849
core   0: 3 0x80006716 (0x35187293) x5  0x00000110
core   0: 0x8000671a (0x834a8f37) lui     t5, 0x834a8
core   0: 3 0x8000671a (0x834a8f37) x30 0x834a8000
core   0: 0x8000671e (0x0000609d) c.lui   ra, 0x7
core   0: 3 0x8000671e (0x609d) x1  0x00007000
core   0: 0x80006720 (0x00000001) c.nop
core   0: 3 0x80006720 (0x0001)
core   0: 0x80006722 (0x00008719) c.srai  a4, 6
core   0: 3 0x80006722 (0x8719) x14 0xffffffff
core   0: 0x80006724 (0x0021f533) and     a0, gp, sp
core   0: 3 0x80006724 (0x0021f533) x10 0x80040422
core   0: 0x80006728 (0x00001669) c.addi  a2, -6
core   0: 3 0x80006728 (0x1669) x12 0x00000000
core   0: 0x8000672a (0x0000971e) c.add   a4, t2
core   0: 3 0x8000672a (0x971e) x14 0xffffffff
core   0: 0x8000672c (0x0000de65) c.beqz  a2, pc - 8
core   0: 3 0x8000672c (0xde65)
core   0: 0x80006724 (0x0021f533) and     a0, gp, sp
core   0: 3 0x80006724 (0x0021f533) x10 0x80040422
core   0: 0x80006728 (0x00001669) c.addi  a2, -6
core   0: 3 0x80006728 (0x1669) x12 0xfffffffa
core   0: 0x8000672a (0x0000971e) c.add   a4, t2
core   0: 3 0x8000672a (0x971e) x14 0xffffffff
core   0: 0x8000672c (0x0000de65) c.beqz  a2, pc - 8
core   0: 3 0x8000672c (0xde65)
core   0: 0x8000672e (0x00000001) c.nop
core   0: 3 0x8000672e (0x0001)
core   0: 0x80006730 (0xfd6b96e3) bne     s7, s6, pc - 52
core   0: 3 0x80006730 (0xfd6b96e3)
core   0: 0x800066fc (0x037abcb3) mulhu   s9, s5, s7
core   0: 3 0x800066fc (0x037abcb3) x25 0x00000000
core   0: 0x80006700 (0x412e84b3) sub     s1, t4, s2
core   0: 3 0x80006700 (0x412e84b3) x9  0x00000000
core   0: 0x80006704 (0x00000001) c.nop
core   0: 3 0x80006704 (0x0001)
core   0: 0x80006706 (0x00009c76) c.add   s8, t4
core   0: 3 0x80006706 (0x9c76) x24 0xe4c6eddf
core   0: 0x80006708 (0x0385f4b3) remu    s1, a1, s8
core   0: 3 0x80006708 (0x0385f4b3) x9  0x1b39121c
core   0: 0x8000670c (0x00001bfd) c.addi  s7, -1
core   0: 3 0x8000670c (0x1bfd) x23 0xfffffff6
core   0: 0x8000670e (0x00004619) c.li    a2, 6
core   0: 3 0x8000670e (0x4619) x12 0x00000006
core   0: 0x80006710 (0x000087e9) c.srai  a5, 26
core   0: 3 0x80006710 (0x87e9) x15 0x00000000
core   0: 0x80006712 (0x012d52b3) srl     t0, s10, s2
core   0: 3 0x80006712 (0x012d52b3) x5  0x00000000
core   0: 0x80006716 (0x35187293) andi    t0, a6, 849
core   0: 3 0x80006716 (0x35187293) x5  0x00000110
core   0: 0x8000671a (0x834a8f37) lui     t5, 0x834a8
core   0: 3 0x8000671a (0x834a8f37) x30 0x834a8000
core   0: 0x8000671e (0x0000609d) c.lui   ra, 0x7
core   0: 3 0x8000671e (0x609d) x1  0x00007000
core   0: 0x80006720 (0x00000001) c.nop
core   0: 3 0x80006720 (0x0001)
core   0: 0x80006722 (0x00008719) c.srai  a4, 6
core   0: 3 0x80006722 (0x8719) x14 0xffffffff
core   0: 0x80006724 (0x0021f533) and     a0, gp, sp
core   0: 3 0x80006724 (0x0021f533) x10 0x80040422
core   0: 0x80006728 (0x00001669) c.addi  a2, -6
core   0: 3 0x80006728 (0x1669) x12 0x00000000
core   0: 0x8000672a (0x0000971e) c.add   a4, t2
core   0: 3 0x8000672a (0x971e) x14 0xffffffff
core   0: 0x8000672c (0x0000de65) c.beqz  a2, pc - 8
core   0: 3 0x8000672c (0xde65)
core   0: 0x80006724 (0x0021f533) and     a0, gp, sp
core   0: 3 0x80006724 (0x0021f533) x10 0x80040422
core   0: 0x80006728 (0x00001669) c.addi  a2, -6
core   0: 3 0x80006728 (0x1669) x12 0xfffffffa
core   0: 0x8000672a (0x0000971e) c.add   a4, t2
core   0: 3 0x8000672a (0x971e) x14 0xffffffff
core   0: 0x8000672c (0x0000de65) c.beqz  a2, pc - 8
core   0: 3 0x8000672c (0xde65)
core   0: 0x8000672e (0x00000001) c.nop
core   0: 3 0x8000672e (0x0001)
core   0: 0x80006730 (0xfd6b96e3) bne     s7, s6, pc - 52
core   0: 3 0x80006730 (0xfd6b96e3)
core   0: 0x800066fc (0x037abcb3) mulhu   s9, s5, s7
core   0: 3 0x800066fc (0x037abcb3) x25 0x00000000
core   0: 0x80006700 (0x412e84b3) sub     s1, t4, s2
core   0: 3 0x80006700 (0x412e84b3) x9  0x00000000
core   0: 0x80006704 (0x00000001) c.nop
core   0: 3 0x80006704 (0x0001)
core   0: 0x80006706 (0x00009c76) c.add   s8, t4
core   0: 3 0x80006706 (0x9c76) x24 0x1541394f
core   0: 0x80006708 (0x0385f4b3) remu    s1, a1, s8
core   0: 3 0x80006708 (0x0385f4b3) x9  0x00f15047
core   0: 0x8000670c (0x00001bfd) c.addi  s7, -1
core   0: 3 0x8000670c (0x1bfd) x23 0xfffffff5
core   0: 0x8000670e (0x00004619) c.li    a2, 6
core   0: 3 0x8000670e (0x4619) x12 0x00000006
core   0: 0x80006710 (0x000087e9) c.srai  a5, 26
core   0: 3 0x80006710 (0x87e9) x15 0x00000000
core   0: 0x80006712 (0x012d52b3) srl     t0, s10, s2
core   0: 3 0x80006712 (0x012d52b3) x5  0x00000000
core   0: 0x80006716 (0x35187293) andi    t0, a6, 849
core   0: 3 0x80006716 (0x35187293) x5  0x00000110
core   0: 0x8000671a (0x834a8f37) lui     t5, 0x834a8
core   0: 3 0x8000671a (0x834a8f37) x30 0x834a8000
core   0: 0x8000671e (0x0000609d) c.lui   ra, 0x7
core   0: 3 0x8000671e (0x609d) x1  0x00007000
core   0: 0x80006720 (0x00000001) c.nop
core   0: 3 0x80006720 (0x0001)
core   0: 0x80006722 (0x00008719) c.srai  a4, 6
core   0: 3 0x80006722 (0x8719) x14 0xffffffff
core   0: 0x80006724 (0x0021f533) and     a0, gp, sp
core   0: 3 0x80006724 (0x0021f533) x10 0x80040422
core   0: 0x80006728 (0x00001669) c.addi  a2, -6
core   0: 3 0x80006728 (0x1669) x12 0x00000000
core   0: 0x8000672a (0x0000971e) c.add   a4, t2
core   0: 3 0x8000672a (0x971e) x14 0xffffffff
core   0: 0x8000672c (0x0000de65) c.beqz  a2, pc - 8
core   0: 3 0x8000672c (0xde65)
core   0: 0x80006724 (0x0021f533) and     a0, gp, sp
core   0: 3 0x80006724 (0x0021f533) x10 0x80040422
core   0: 0x80006728 (0x00001669) c.addi  a2, -6
core   0: 3 0x80006728 (0x1669) x12 0xfffffffa
core   0: 0x8000672a (0x0000971e) c.add   a4, t2
core   0: 3 0x8000672a (0x971e) x14 0xffffffff
core   0: 0x8000672c (0x0000de65) c.beqz  a2, pc - 8
core   0: 3 0x8000672c (0xde65)
core   0: 0x8000672e (0x00000001) c.nop
core   0: 3 0x8000672e (0x0001)
core   0: 0x80006730 (0xfd6b96e3) bne     s7, s6, pc - 52
core   0: 3 0x80006730 (0xfd6b96e3)
core   0: 0x800066fc (0x037abcb3) mulhu   s9, s5, s7
core   0: 3 0x800066fc (0x037abcb3) x25 0x00000000
core   0: 0x80006700 (0x412e84b3) sub     s1, t4, s2
core   0: 3 0x80006700 (0x412e84b3) x9  0x00000000
core   0: 0x80006704 (0x00000001) c.nop
core   0: 3 0x80006704 (0x0001)
core   0: 0x80006706 (0x00009c76) c.add   s8, t4
core   0: 3 0x80006706 (0x9c76) x24 0x45bb84bf
core   0: 0x80006708 (0x0385f4b3) remu    s1, a1, s8
core   0: 3 0x80006708 (0x0385f4b3) x9  0x2ecd71be
core   0: 0x8000670c (0x00001bfd) c.addi  s7, -1
core   0: 3 0x8000670c (0x1bfd) x23 0xfffffff4
core   0: 0x8000670e (0x00004619) c.li    a2, 6
core   0: 3 0x8000670e (0x4619) x12 0x00000006
core   0: 0x80006710 (0x000087e9) c.srai  a5, 26
core   0: 3 0x80006710 (0x87e9) x15 0x00000000
core   0: 0x80006712 (0x012d52b3) srl     t0, s10, s2
core   0: 3 0x80006712 (0x012d52b3) x5  0x00000000
core   0: 0x80006716 (0x35187293) andi    t0, a6, 849
core   0: 3 0x80006716 (0x35187293) x5  0x00000110
core   0: 0x8000671a (0x834a8f37) lui     t5, 0x834a8
core   0: 3 0x8000671a (0x834a8f37) x30 0x834a8000
core   0: 0x8000671e (0x0000609d) c.lui   ra, 0x7
core   0: 3 0x8000671e (0x609d) x1  0x00007000
core   0: 0x80006720 (0x00000001) c.nop
core   0: 3 0x80006720 (0x0001)
core   0: 0x80006722 (0x00008719) c.srai  a4, 6
core   0: 3 0x80006722 (0x8719) x14 0xffffffff
core   0: 0x80006724 (0x0021f533) and     a0, gp, sp
core   0: 3 0x80006724 (0x0021f533) x10 0x80040422
core   0: 0x80006728 (0x00001669) c.addi  a2, -6
core   0: 3 0x80006728 (0x1669) x12 0x00000000
core   0: 0x8000672a (0x0000971e) c.add   a4, t2
core   0: 3 0x8000672a (0x971e) x14 0xffffffff
core   0: 0x8000672c (0x0000de65) c.beqz  a2, pc - 8
core   0: 3 0x8000672c (0xde65)
core   0: 0x80006724 (0x0021f533) and     a0, gp, sp
core   0: 3 0x80006724 (0x0021f533) x10 0x80040422
core   0: 0x80006728 (0x00001669) c.addi  a2, -6
core   0: 3 0x80006728 (0x1669) x12 0xfffffffa
core   0: 0x8000672a (0x0000971e) c.add   a4, t2
core   0: 3 0x8000672a (0x971e) x14 0xffffffff
core   0: 0x8000672c (0x0000de65) c.beqz  a2, pc - 8
core   0: 3 0x8000672c (0xde65)
core   0: 0x8000672e (0x00000001) c.nop
core   0: 3 0x8000672e (0x0001)
core   0: 0x80006730 (0xfd6b96e3) bne     s7, s6, pc - 52
core   0: 3 0x80006730 (0xfd6b96e3)
core   0: 0x800066fc (0x037abcb3) mulhu   s9, s5, s7
core   0: 3 0x800066fc (0x037abcb3) x25 0x00000000
core   0: 0x80006700 (0x412e84b3) sub     s1, t4, s2
core   0: 3 0x80006700 (0x412e84b3) x9  0x00000000
core   0: 0x80006704 (0x00000001) c.nop
core   0: 3 0x80006704 (0x0001)
core   0: 0x80006706 (0x00009c76) c.add   s8, t4
core   0: 3 0x80006706 (0x9c76) x24 0x7635d02f
core   0: 0x80006708 (0x0385f4b3) remu    s1, a1, s8
core   0: 3 0x80006708 (0x0385f4b3) x9  0x13945f9d
core   0: 0x8000670c (0x00001bfd) c.addi  s7, -1
core   0: 3 0x8000670c (0x1bfd) x23 0xfffffff3
core   0: 0x8000670e (0x00004619) c.li    a2, 6
core   0: 3 0x8000670e (0x4619) x12 0x00000006
core   0: 0x80006710 (0x000087e9) c.srai  a5, 26
core   0: 3 0x80006710 (0x87e9) x15 0x00000000
core   0: 0x80006712 (0x012d52b3) srl     t0, s10, s2
core   0: 3 0x80006712 (0x012d52b3) x5  0x00000000
core   0: 0x80006716 (0x35187293) andi    t0, a6, 849
core   0: 3 0x80006716 (0x35187293) x5  0x00000110
core   0: 0x8000671a (0x834a8f37) lui     t5, 0x834a8
core   0: 3 0x8000671a (0x834a8f37) x30 0x834a8000
core   0: 0x8000671e (0x0000609d) c.lui   ra, 0x7
core   0: 3 0x8000671e (0x609d) x1  0x00007000
core   0: 0x80006720 (0x00000001) c.nop
core   0: 3 0x80006720 (0x0001)
core   0: 0x80006722 (0x00008719) c.srai  a4, 6
core   0: 3 0x80006722 (0x8719) x14 0xffffffff
core   0: 0x80006724 (0x0021f533) and     a0, gp, sp
core   0: 3 0x80006724 (0x0021f533) x10 0x80040422
core   0: 0x80006728 (0x00001669) c.addi  a2, -6
core   0: 3 0x80006728 (0x1669) x12 0x00000000
core   0: 0x8000672a (0x0000971e) c.add   a4, t2
core   0: 3 0x8000672a (0x971e) x14 0xffffffff
core   0: 0x8000672c (0x0000de65) c.beqz  a2, pc - 8
core   0: 3 0x8000672c (0xde65)
core   0: 0x80006724 (0x0021f533) and     a0, gp, sp
core   0: 3 0x80006724 (0x0021f533) x10 0x80040422
core   0: 0x80006728 (0x00001669) c.addi  a2, -6
core   0: 3 0x80006728 (0x1669) x12 0xfffffffa
core   0: 0x8000672a (0x0000971e) c.add   a4, t2
core   0: 3 0x8000672a (0x971e) x14 0xffffffff
core   0: 0x8000672c (0x0000de65) c.beqz  a2, pc - 8
core   0: 3 0x8000672c (0xde65)
core   0: 0x8000672e (0x00000001) c.nop
core   0: 3 0x8000672e (0x0001)
core   0: 0x80006730 (0xfd6b96e3) bne     s7, s6, pc - 52
core   0: 3 0x80006730 (0xfd6b96e3)
core   0: 0x800066fc (0x037abcb3) mulhu   s9, s5, s7
core   0: 3 0x800066fc (0x037abcb3) x25 0x00000000
core   0: 0x80006700 (0x412e84b3) sub     s1, t4, s2
core   0: 3 0x80006700 (0x412e84b3) x9  0x00000000
core   0: 0x80006704 (0x00000001) c.nop
core   0: 3 0x80006704 (0x0001)
core   0: 0x80006706 (0x00009c76) c.add   s8, t4
core   0: 3 0x80006706 (0x9c76) x24 0xa6b01b9f
core   0: 0x80006708 (0x0385f4b3) remu    s1, a1, s8
core   0: 3 0x80006708 (0x0385f4b3) x9  0x594fe45c
core   0: 0x8000670c (0x00001bfd) c.addi  s7, -1
core   0: 3 0x8000670c (0x1bfd) x23 0xfffffff2
core   0: 0x8000670e (0x00004619) c.li    a2, 6
core   0: 3 0x8000670e (0x4619) x12 0x00000006
core   0: 0x80006710 (0x000087e9) c.srai  a5, 26
core   0: 3 0x80006710 (0x87e9) x15 0x00000000
core   0: 0x80006712 (0x012d52b3) srl     t0, s10, s2
core   0: 3 0x80006712 (0x012d52b3) x5  0x00000000
core   0: 0x80006716 (0x35187293) andi    t0, a6, 849
core   0: 3 0x80006716 (0x35187293) x5  0x00000110
core   0: 0x8000671a (0x834a8f37) lui     t5, 0x834a8
core   0: 3 0x8000671a (0x834a8f37) x30 0x834a8000
core   0: 0x8000671e (0x0000609d) c.lui   ra, 0x7
core   0: 3 0x8000671e (0x609d) x1  0x00007000
core   0: 0x80006720 (0x00000001) c.nop
core   0: 3 0x80006720 (0x0001)
core   0: 0x80006722 (0x00008719) c.srai  a4, 6
core   0: 3 0x80006722 (0x8719) x14 0xffffffff
core   0: 0x80006724 (0x0021f533) and     a0, gp, sp
core   0: 3 0x80006724 (0x0021f533) x10 0x80040422
core   0: 0x80006728 (0x00001669) c.addi  a2, -6
core   0: 3 0x80006728 (0x1669) x12 0x00000000
core   0: 0x8000672a (0x0000971e) c.add   a4, t2
core   0: 3 0x8000672a (0x971e) x14 0xffffffff
core   0: 0x8000672c (0x0000de65) c.beqz  a2, pc - 8
core   0: 3 0x8000672c (0xde65)
core   0: 0x80006724 (0x0021f533) and     a0, gp, sp
core   0: 3 0x80006724 (0x0021f533) x10 0x80040422
core   0: 0x80006728 (0x00001669) c.addi  a2, -6
core   0: 3 0x80006728 (0x1669) x12 0xfffffffa
core   0: 0x8000672a (0x0000971e) c.add   a4, t2
core   0: 3 0x8000672a (0x971e) x14 0xffffffff
core   0: 0x8000672c (0x0000de65) c.beqz  a2, pc - 8
core   0: 3 0x8000672c (0xde65)
core   0: 0x8000672e (0x00000001) c.nop
core   0: 3 0x8000672e (0x0001)
core   0: 0x80006730 (0xfd6b96e3) bne     s7, s6, pc - 52
core   0: 3 0x80006730 (0xfd6b96e3)
core   0: 0x800066fc (0x037abcb3) mulhu   s9, s5, s7
core   0: 3 0x800066fc (0x037abcb3) x25 0x00000000
core   0: 0x80006700 (0x412e84b3) sub     s1, t4, s2
core   0: 3 0x80006700 (0x412e84b3) x9  0x00000000
core   0: 0x80006704 (0x00000001) c.nop
core   0: 3 0x80006704 (0x0001)
core   0: 0x80006706 (0x00009c76) c.add   s8, t4
core   0: 3 0x80006706 (0x9c76) x24 0xd72a670f
core   0: 0x80006708 (0x0385f4b3) remu    s1, a1, s8
core   0: 3 0x80006708 (0x0385f4b3) x9  0x28d598ec
core   0: 0x8000670c (0x00001bfd) c.addi  s7, -1
core   0: 3 0x8000670c (0x1bfd) x23 0xfffffff1
core   0: 0x8000670e (0x00004619) c.li    a2, 6
core   0: 3 0x8000670e (0x4619) x12 0x00000006
core   0: 0x80006710 (0x000087e9) c.srai  a5, 26
core   0: 3 0x80006710 (0x87e9) x15 0x00000000
core   0: 0x80006712 (0x012d52b3) srl     t0, s10, s2
core   0: 3 0x80006712 (0x012d52b3) x5  0x00000000
core   0: 0x80006716 (0x35187293) andi    t0, a6, 849
core   0: 3 0x80006716 (0x35187293) x5  0x00000110
core   0: 0x8000671a (0x834a8f37) lui     t5, 0x834a8
core   0: 3 0x8000671a (0x834a8f37) x30 0x834a8000
core   0: 0x8000671e (0x0000609d) c.lui   ra, 0x7
core   0: 3 0x8000671e (0x609d) x1  0x00007000
core   0: 0x80006720 (0x00000001) c.nop
core   0: 3 0x80006720 (0x0001)
core   0: 0x80006722 (0x00008719) c.srai  a4, 6
core   0: 3 0x80006722 (0x8719) x14 0xffffffff
core   0: 0x80006724 (0x0021f533) and     a0, gp, sp
core   0: 3 0x80006724 (0x0021f533) x10 0x80040422
core   0: 0x80006728 (0x00001669) c.addi  a2, -6
core   0: 3 0x80006728 (0x1669) x12 0x00000000
core   0: 0x8000672a (0x0000971e) c.add   a4, t2
core   0: 3 0x8000672a (0x971e) x14 0xffffffff
core   0: 0x8000672c (0x0000de65) c.beqz  a2, pc - 8
core   0: 3 0x8000672c (0xde65)
core   0: 0x80006724 (0x0021f533) and     a0, gp, sp
core   0: 3 0x80006724 (0x0021f533) x10 0x80040422
core   0: 0x80006728 (0x00001669) c.addi  a2, -6
core   0: 3 0x80006728 (0x1669) x12 0xfffffffa
core   0: 0x8000672a (0x0000971e) c.add   a4, t2
core   0: 3 0x8000672a (0x971e) x14 0xffffffff
core   0: 0x8000672c (0x0000de65) c.beqz  a2, pc - 8
core   0: 3 0x8000672c (0xde65)
core   0: 0x8000672e (0x00000001) c.nop
core   0: 3 0x8000672e (0x0001)
core   0: 0x80006730 (0xfd6b96e3) bne     s7, s6, pc - 52
core   0: 3 0x80006730 (0xfd6b96e3)
core   0: 0x800066fc (0x037abcb3) mulhu   s9, s5, s7
core   0: 3 0x800066fc (0x037abcb3) x25 0x00000000
core   0: 0x80006700 (0x412e84b3) sub     s1, t4, s2
core   0: 3 0x80006700 (0x412e84b3) x9  0x00000000
core   0: 0x80006704 (0x00000001) c.nop
core   0: 3 0x80006704 (0x0001)
core   0: 0x80006706 (0x00009c76) c.add   s8, t4
core   0: 3 0x80006706 (0x9c76) x24 0x07a4b27f
core   0: 0x80006708 (0x0385f4b3) remu    s1, a1, s8
core   0: 3 0x80006708 (0x0385f4b3) x9  0x03c4fd9c
core   0: 0x8000670c (0x00001bfd) c.addi  s7, -1
core   0: 3 0x8000670c (0x1bfd) x23 0xfffffff0
core   0: 0x8000670e (0x00004619) c.li    a2, 6
core   0: 3 0x8000670e (0x4619) x12 0x00000006
core   0: 0x80006710 (0x000087e9) c.srai  a5, 26
core   0: 3 0x80006710 (0x87e9) x15 0x00000000
core   0: 0x80006712 (0x012d52b3) srl     t0, s10, s2
core   0: 3 0x80006712 (0x012d52b3) x5  0x00000000
core   0: 0x80006716 (0x35187293) andi    t0, a6, 849
core   0: 3 0x80006716 (0x35187293) x5  0x00000110
core   0: 0x8000671a (0x834a8f37) lui     t5, 0x834a8
core   0: 3 0x8000671a (0x834a8f37) x30 0x834a8000
core   0: 0x8000671e (0x0000609d) c.lui   ra, 0x7
core   0: 3 0x8000671e (0x609d) x1  0x00007000
core   0: 0x80006720 (0x00000001) c.nop
core   0: 3 0x80006720 (0x0001)
core   0: 0x80006722 (0x00008719) c.srai  a4, 6
core   0: 3 0x80006722 (0x8719) x14 0xffffffff
core   0: 0x80006724 (0x0021f533) and     a0, gp, sp
core   0: 3 0x80006724 (0x0021f533) x10 0x80040422
core   0: 0x80006728 (0x00001669) c.addi  a2, -6
core   0: 3 0x80006728 (0x1669) x12 0x00000000
core   0: 0x8000672a (0x0000971e) c.add   a4, t2
core   0: 3 0x8000672a (0x971e) x14 0xffffffff
core   0: 0x8000672c (0x0000de65) c.beqz  a2, pc - 8
core   0: 3 0x8000672c (0xde65)
core   0: 0x80006724 (0x0021f533) and     a0, gp, sp
core   0: 3 0x80006724 (0x0021f533) x10 0x80040422
core   0: 0x80006728 (0x00001669) c.addi  a2, -6
core   0: 3 0x80006728 (0x1669) x12 0xfffffffa
core   0: 0x8000672a (0x0000971e) c.add   a4, t2
core   0: 3 0x8000672a (0x971e) x14 0xffffffff
core   0: 0x8000672c (0x0000de65) c.beqz  a2, pc - 8
core   0: 3 0x8000672c (0xde65)
core   0: 0x8000672e (0x00000001) c.nop
core   0: 3 0x8000672e (0x0001)
core   0: 0x80006730 (0xfd6b96e3) bne     s7, s6, pc - 52
core   0: 3 0x80006730 (0xfd6b96e3)
core   0: 0x800066fc (0x037abcb3) mulhu   s9, s5, s7
core   0: 3 0x800066fc (0x037abcb3) x25 0x00000000
core   0: 0x80006700 (0x412e84b3) sub     s1, t4, s2
core   0: 3 0x80006700 (0x412e84b3) x9  0x00000000
core   0: 0x80006704 (0x00000001) c.nop
core   0: 3 0x80006704 (0x0001)
core   0: 0x80006706 (0x00009c76) c.add   s8, t4
core   0: 3 0x80006706 (0x9c76) x24 0x381efdef
core   0: 0x80006708 (0x0385f4b3) remu    s1, a1, s8
core   0: 3 0x80006708 (0x0385f4b3) x9  0x1f84083f
core   0: 0x8000670c (0x00001bfd) c.addi  s7, -1
core   0: 3 0x8000670c (0x1bfd) x23 0xffffffef
core   0: 0x8000670e (0x00004619) c.li    a2, 6
core   0: 3 0x8000670e (0x4619) x12 0x00000006
core   0: 0x80006710 (0x000087e9) c.srai  a5, 26
core   0: 3 0x80006710 (0x87e9) x15 0x00000000
core   0: 0x80006712 (0x012d52b3) srl     t0, s10, s2
core   0: 3 0x80006712 (0x012d52b3) x5  0x00000000
core   0: 0x80006716 (0x35187293) andi    t0, a6, 849
core   0: 3 0x80006716 (0x35187293) x5  0x00000110
core   0: 0x8000671a (0x834a8f37) lui     t5, 0x834a8
core   0: 3 0x8000671a (0x834a8f37) x30 0x834a8000
core   0: 0x8000671e (0x0000609d) c.lui   ra, 0x7
core   0: 3 0x8000671e (0x609d) x1  0x00007000
core   0: 0x80006720 (0x00000001) c.nop
core   0: 3 0x80006720 (0x0001)
core   0: 0x80006722 (0x00008719) c.srai  a4, 6
core   0: 3 0x80006722 (0x8719) x14 0xffffffff
core   0: 0x80006724 (0x0021f533) and     a0, gp, sp
core   0: 3 0x80006724 (0x0021f533) x10 0x80040422
core   0: 0x80006728 (0x00001669) c.addi  a2, -6
core   0: 3 0x80006728 (0x1669) x12 0x00000000
core   0: 0x8000672a (0x0000971e) c.add   a4, t2
core   0: 3 0x8000672a (0x971e) x14 0xffffffff
core   0: 0x8000672c (0x0000de65) c.beqz  a2, pc - 8
core   0: 3 0x8000672c (0xde65)
core   0: 0x80006724 (0x0021f533) and     a0, gp, sp
core   0: 3 0x80006724 (0x0021f533) x10 0x80040422
core   0: 0x80006728 (0x00001669) c.addi  a2, -6
core   0: 3 0x80006728 (0x1669) x12 0xfffffffa
core   0: 0x8000672a (0x0000971e) c.add   a4, t2
core   0: 3 0x8000672a (0x971e) x14 0xffffffff
core   0: 0x8000672c (0x0000de65) c.beqz  a2, pc - 8
core   0: 3 0x8000672c (0xde65)
core   0: 0x8000672e (0x00000001) c.nop
core   0: 3 0x8000672e (0x0001)
core   0: 0x80006730 (0xfd6b96e3) bne     s7, s6, pc - 52
core   0: 3 0x80006730 (0xfd6b96e3)
core   0: 0x800066fc (0x037abcb3) mulhu   s9, s5, s7
core   0: 3 0x800066fc (0x037abcb3) x25 0x00000000
core   0: 0x80006700 (0x412e84b3) sub     s1, t4, s2
core   0: 3 0x80006700 (0x412e84b3) x9  0x00000000
core   0: 0x80006704 (0x00000001) c.nop
core   0: 3 0x80006704 (0x0001)
core   0: 0x80006706 (0x00009c76) c.add   s8, t4
core   0: 3 0x80006706 (0x9c76) x24 0x6899495f
core   0: 0x80006708 (0x0385f4b3) remu    s1, a1, s8
core   0: 3 0x80006708 (0x0385f4b3) x9  0x2ecd6d3d
core   0: 0x8000670c (0x00001bfd) c.addi  s7, -1
core   0: 3 0x8000670c (0x1bfd) x23 0xffffffee
core   0: 0x8000670e (0x00004619) c.li    a2, 6
core   0: 3 0x8000670e (0x4619) x12 0x00000006
core   0: 0x80006710 (0x000087e9) c.srai  a5, 26
core   0: 3 0x80006710 (0x87e9) x15 0x00000000
core   0: 0x80006712 (0x012d52b3) srl     t0, s10, s2
core   0: 3 0x80006712 (0x012d52b3) x5  0x00000000
core   0: 0x80006716 (0x35187293) andi    t0, a6, 849
core   0: 3 0x80006716 (0x35187293) x5  0x00000110
core   0: 0x8000671a (0x834a8f37) lui     t5, 0x834a8
core   0: 3 0x8000671a (0x834a8f37) x30 0x834a8000
core   0: 0x8000671e (0x0000609d) c.lui   ra, 0x7
core   0: 3 0x8000671e (0x609d) x1  0x00007000
core   0: 0x80006720 (0x00000001) c.nop
core   0: 3 0x80006720 (0x0001)
core   0: 0x80006722 (0x00008719) c.srai  a4, 6
core   0: 3 0x80006722 (0x8719) x14 0xffffffff
core   0: 0x80006724 (0x0021f533) and     a0, gp, sp
core   0: 3 0x80006724 (0x0021f533) x10 0x80040422
core   0: 0x80006728 (0x00001669) c.addi  a2, -6
core   0: 3 0x80006728 (0x1669) x12 0x00000000
core   0: 0x8000672a (0x0000971e) c.add   a4, t2
core   0: 3 0x8000672a (0x971e) x14 0xffffffff
core   0: 0x8000672c (0x0000de65) c.beqz  a2, pc - 8
core   0: 3 0x8000672c (0xde65)
core   0: 0x80006724 (0x0021f533) and     a0, gp, sp
core   0: 3 0x80006724 (0x0021f533) x10 0x80040422
core   0: 0x80006728 (0x00001669) c.addi  a2, -6
core   0: 3 0x80006728 (0x1669) x12 0xfffffffa
core   0: 0x8000672a (0x0000971e) c.add   a4, t2
core   0: 3 0x8000672a (0x971e) x14 0xffffffff
core   0: 0x8000672c (0x0000de65) c.beqz  a2, pc - 8
core   0: 3 0x8000672c (0xde65)
core   0: 0x8000672e (0x00000001) c.nop
core   0: 3 0x8000672e (0x0001)
core   0: 0x80006730 (0xfd6b96e3) bne     s7, s6, pc - 52
core   0: 3 0x80006730 (0xfd6b96e3)
core   0: 0x800066fc (0x037abcb3) mulhu   s9, s5, s7
core   0: 3 0x800066fc (0x037abcb3) x25 0x00000000
core   0: 0x80006700 (0x412e84b3) sub     s1, t4, s2
core   0: 3 0x80006700 (0x412e84b3) x9  0x00000000
core   0: 0x80006704 (0x00000001) c.nop
core   0: 3 0x80006704 (0x0001)
core   0: 0x80006706 (0x00009c76) c.add   s8, t4
core   0: 3 0x80006706 (0x9c76) x24 0x991394cf
core   0: 0x80006708 (0x0385f4b3) remu    s1, a1, s8
core   0: 3 0x80006708 (0x0385f4b3) x9  0x66ec6b2c
core   0: 0x8000670c (0x00001bfd) c.addi  s7, -1
core   0: 3 0x8000670c (0x1bfd) x23 0xffffffed
core   0: 0x8000670e (0x00004619) c.li    a2, 6
core   0: 3 0x8000670e (0x4619) x12 0x00000006
core   0: 0x80006710 (0x000087e9) c.srai  a5, 26
core   0: 3 0x80006710 (0x87e9) x15 0x00000000
core   0: 0x80006712 (0x012d52b3) srl     t0, s10, s2
core   0: 3 0x80006712 (0x012d52b3) x5  0x00000000
core   0: 0x80006716 (0x35187293) andi    t0, a6, 849
core   0: 3 0x80006716 (0x35187293) x5  0x00000110
core   0: 0x8000671a (0x834a8f37) lui     t5, 0x834a8
core   0: 3 0x8000671a (0x834a8f37) x30 0x834a8000
core   0: 0x8000671e (0x0000609d) c.lui   ra, 0x7
core   0: 3 0x8000671e (0x609d) x1  0x00007000
core   0: 0x80006720 (0x00000001) c.nop
core   0: 3 0x80006720 (0x0001)
core   0: 0x80006722 (0x00008719) c.srai  a4, 6
core   0: 3 0x80006722 (0x8719) x14 0xffffffff
core   0: 0x80006724 (0x0021f533) and     a0, gp, sp
core   0: 3 0x80006724 (0x0021f533) x10 0x80040422
core   0: 0x80006728 (0x00001669) c.addi  a2, -6
core   0: 3 0x80006728 (0x1669) x12 0x00000000
core   0: 0x8000672a (0x0000971e) c.add   a4, t2
core   0: 3 0x8000672a (0x971e) x14 0xffffffff
core   0: 0x8000672c (0x0000de65) c.beqz  a2, pc - 8
core   0: 3 0x8000672c (0xde65)
core   0: 0x80006724 (0x0021f533) and     a0, gp, sp
core   0: 3 0x80006724 (0x0021f533) x10 0x80040422
core   0: 0x80006728 (0x00001669) c.addi  a2, -6
core   0: 3 0x80006728 (0x1669) x12 0xfffffffa
core   0: 0x8000672a (0x0000971e) c.add   a4, t2
core   0: 3 0x8000672a (0x971e) x14 0xffffffff
core   0: 0x8000672c (0x0000de65) c.beqz  a2, pc - 8
core   0: 3 0x8000672c (0xde65)
core   0: 0x8000672e (0x00000001) c.nop
core   0: 3 0x8000672e (0x0001)
core   0: 0x80006730 (0xfd6b96e3) bne     s7, s6, pc - 52
core   0: 3 0x80006730 (0xfd6b96e3)
core   0: 0x800066fc (0x037abcb3) mulhu   s9, s5, s7
core   0: 3 0x800066fc (0x037abcb3) x25 0x00000000
core   0: 0x80006700 (0x412e84b3) sub     s1, t4, s2
core   0: 3 0x80006700 (0x412e84b3) x9  0x00000000
core   0: 0x80006704 (0x00000001) c.nop
core   0: 3 0x80006704 (0x0001)
core   0: 0x80006706 (0x00009c76) c.add   s8, t4
core   0: 3 0x80006706 (0x9c76) x24 0xc98de03f
core   0: 0x80006708 (0x0385f4b3) remu    s1, a1, s8
core   0: 3 0x80006708 (0x0385f4b3) x9  0x36721fbc
core   0: 0x8000670c (0x00001bfd) c.addi  s7, -1
core   0: 3 0x8000670c (0x1bfd) x23 0xffffffec
core   0: 0x8000670e (0x00004619) c.li    a2, 6
core   0: 3 0x8000670e (0x4619) x12 0x00000006
core   0: 0x80006710 (0x000087e9) c.srai  a5, 26
core   0: 3 0x80006710 (0x87e9) x15 0x00000000
core   0: 0x80006712 (0x012d52b3) srl     t0, s10, s2
core   0: 3 0x80006712 (0x012d52b3) x5  0x00000000
core   0: 0x80006716 (0x35187293) andi    t0, a6, 849
core   0: 3 0x80006716 (0x35187293) x5  0x00000110
core   0: 0x8000671a (0x834a8f37) lui     t5, 0x834a8
core   0: 3 0x8000671a (0x834a8f37) x30 0x834a8000
core   0: 0x8000671e (0x0000609d) c.lui   ra, 0x7
core   0: 3 0x8000671e (0x609d) x1  0x00007000
core   0: 0x80006720 (0x00000001) c.nop
core   0: 3 0x80006720 (0x0001)
core   0: 0x80006722 (0x00008719) c.srai  a4, 6
core   0: 3 0x80006722 (0x8719) x14 0xffffffff
core   0: 0x80006724 (0x0021f533) and     a0, gp, sp
core   0: 3 0x80006724 (0x0021f533) x10 0x80040422
core   0: 0x80006728 (0x00001669) c.addi  a2, -6
core   0: 3 0x80006728 (0x1669) x12 0x00000000
core   0: 0x8000672a (0x0000971e) c.add   a4, t2
core   0: 3 0x8000672a (0x971e) x14 0xffffffff
core   0: 0x8000672c (0x0000de65) c.beqz  a2, pc - 8
core   0: 3 0x8000672c (0xde65)
core   0: 0x80006724 (0x0021f533) and     a0, gp, sp
core   0: 3 0x80006724 (0x0021f533) x10 0x80040422
core   0: 0x80006728 (0x00001669) c.addi  a2, -6
core   0: 3 0x80006728 (0x1669) x12 0xfffffffa
core   0: 0x8000672a (0x0000971e) c.add   a4, t2
core   0: 3 0x8000672a (0x971e) x14 0xffffffff
core   0: 0x8000672c (0x0000de65) c.beqz  a2, pc - 8
core   0: 3 0x8000672c (0xde65)
core   0: 0x8000672e (0x00000001) c.nop
core   0: 3 0x8000672e (0x0001)
core   0: 0x80006730 (0xfd6b96e3) bne     s7, s6, pc - 52
core   0: 3 0x80006730 (0xfd6b96e3)
core   0: 0x80006734 (0x00000001) c.nop
core   0: 3 0x80006734 (0x0001)
core   0: 0x80006736 (0x00004101) c.li    sp, 0
core   0: 3 0x80006736 (0x4101) x2  0x00000000
core   0: 0x80006738 (0x8621adb7) lui     s11, 0x8621a
core   0: 3 0x80006738 (0x8621adb7) x27 0x8621a000
core   0: 0x8000673c (0x0258e533) rem     a0, a7, t0
core   0: 3 0x8000673c (0x0258e533) x10 0x00000001
core   0: 0x80006740 (0x01585f93) srli    t6, a6, 21
core   0: 3 0x80006740 (0x01585f93) x31 0x000007ff
core   0: 0x80006744 (0x000098fd) c.andi  s1, -1
core   0: 3 0x80006744 (0x98fd) x9  0x36721fbc
core   0: 0x80006746 (0x16f00f93) li      t6, 367
core   0: 3 0x80006746 (0x16f00f93) x31 0x0000016f
core   0: 0x8000674a (0x028be933) rem     s2, s7, s0
core   0: 3 0x8000674a (0x028be933) x18 0xffffffec
core   0: 0x8000674e (0x682e6c13) ori     s8, t3, 1666
core   0: 3 0x8000674e (0x682e6c13) x24 0x80025ea6
core   0: 0x80006752 (0x00008dad) c.xor   a1, a1
core   0: 3 0x80006752 (0x8dad) x11 0x00000000
core   0: 0x80006754 (0x03687063) bgeu    a6, s6, pc + 32
core   0: 3 0x80006754 (0x03687063)
core   0: 0x80006758 (0x01d3a1b3) slt     gp, t2, t4
core   0: 3 0x80006758 (0x01d3a1b3) x3  0x00000001
core   0: 0x8000675c (0x50abf317) auipc   t1, 0x50abf
core   0: 3 0x8000675c (0x50abf317) x6  0xd0ac575c
core   0: 0x80006760 (0x03c78db3) mul     s11, a5, t3
core   0: 3 0x80006760 (0x03c78db3) x27 0x00000000
core   0: 0x80006764 (0x30006f97) auipc   t6, 0x30006
core   0: 3 0x80006764 (0x30006f97) x31 0xb000c764
core   0: 0x80006768 (0x00009bfd) c.andi  a5, -1
core   0: 3 0x80006768 (0x9bfd) x15 0x00000000
core   0: 0x8000676a (0x000089d6) c.mv    s3, s5
core   0: 3 0x8000676a (0x89d6) x19 0x00000000
core   0: 0x8000676c (0x0097e833) or      a6, a5, s1
core   0: 3 0x8000676c (0x0097e833) x16 0x36721fbc
core   0: 0x80006770 (0xa0230d93) addi    s11, t1, -1534
core   0: 3 0x80006770 (0xa0230d93) x27 0xd0ac515e
core   0: 0x80006774 (0x40890b33) sub     s6, s2, s0
core   0: 3 0x80006774 (0x40890b33) x22 0xffffffc0
core   0: 0x80006778 (0x0000717d) c.addi16sp sp, -16
core   0: 3 0x80006778 (0x717d) x2  0xfffffff0
core   0: 0x8000677a (0x000045f5) c.li    a1, 29
core   0: 3 0x8000677a (0x45f5) x11 0x0000001d
core   0: 0x8000677c (0x1ae6c293) xori    t0, a3, 430
core   0: 3 0x8000677c (0x1ae6c293) x5  0x000001ae
core   0: 0x80006780 (0x00008f6a) c.mv    t5, s10
core   0: 3 0x80006780 (0x8f6a) x30 0x00000000
core   0: 0x80006782 (0x00009c2a) c.add   s8, a0
core   0: 3 0x80006782 (0x9c2a) x24 0x80025ea7
core   0: 0x80006784 (0x00269f13) slli    t5, a3, 2
core   0: 3 0x80006784 (0x00269f13) x30 0x00000000
core   0: 0x80006788 (0x0118ab33) slt     s6, a7, a7
core   0: 3 0x80006788 (0x0118ab33) x22 0x00000000
core   0: 0x8000678c (0x0305fb63) bgeu    a1, a6, pc + 54
core   0: 3 0x8000678c (0x0305fb63)
core   0: 0x80006790 (0x00e4ddb3) srl     s11, s1, a4
core   0: 3 0x80006790 (0x00e4ddb3) x27 0x00000000
core   0: 0x80006794 (0x00000a18) c.addi4spn a4, sp, 272
core   0: 3 0x80006794 (0x0a18) x14 0x00000100
core   0: 0x80006796 (0x0180ffb3) and     t6, ra, s8
core   0: 3 0x80006796 (0x0180ffb3) x31 0x00005000
core   0: 0x8000679a (0x61b0c913) xori    s2, ra, 1563
core   0: 3 0x8000679a (0x61b0c913) x18 0x0000761b
core   0: 0x8000679e (0x00000e94) c.addi4spn a3, sp, 848
core   0: 3 0x8000679e (0x0e94) x13 0x00000340
core   0: 0x800067a0 (0x40a65813) srai    a6, a2, 10
core   0: 3 0x800067a0 (0x40a65813) x16 0xffffffff
core   0: 0x800067a4 (0x41cbd693) srai    a3, s7, 28
core   0: 3 0x800067a4 (0x41cbd693) x13 0xffffffff
core   0: 0x800067a8 (0x945ce6b7) lui     a3, 0x945ce
core   0: 3 0x800067a8 (0x945ce6b7) x13 0x945ce000
core   0: 0x800067ac (0x9ac67f93) andi    t6, a2, -1620
core   0: 3 0x800067ac (0x9ac67f93) x31 0xfffff9a8
core   0: 0x800067b0 (0x0000649d) c.lui   s1, 0x7
core   0: 3 0x800067b0 (0x649d) x9  0x00007000
core   0: 0x800067b2 (0x40900033) sub     zero, zero, s1
core   0: 3 0x800067b2 (0x40900033)
core   0: 0x800067b6 (0x057cd263) bge     s9, s7, pc + 68
core   0: 3 0x800067b6 (0x057cd263)
core   0: 0x800067fa (0x00a63833) sltu    a6, a2, a0
core   0: 3 0x800067fa (0x00a63833) x16 0x00000000
core   0: 0x800067fe (0x415688b3) sub     a7, a3, s5
core   0: 3 0x800067fe (0x415688b3) x17 0x945ce000
core   0: 0x80006802 (0x03ff4a63) blt     t5, t6, pc + 52
core   0: 3 0x80006802 (0x03ff4a63)
core   0: 0x80006806 (0x02a8bf33) mulhu   t5, a7, a0
core   0: 3 0x80006806 (0x02a8bf33) x30 0x00000000
core   0: 0x8000680a (0x00000001) c.nop
core   0: 3 0x8000680a (0x0001)
core   0: 0x8000680c (0x027fef33) rem     t5, t6, t2
core   0: 3 0x8000680c (0x027fef33) x30 0xfffff9a8
core   0: 0x80006810 (0x00009b7d) c.andi  a4, -1
core   0: 3 0x80006810 (0x9b7d) x14 0x00000100
core   0: 0x80006812 (0x0000885d) c.andi  s0, 23
core   0: 3 0x80006812 (0x885d) x8  0x00000004
core   0: 0x80006814 (0x000009f6) c.slli  s3, 29
core   0: 3 0x80006814 (0x09f6) x19 0x00000000
core   0: 0x80006816 (0x00ed0f33) add     t5, s10, a4
core   0: 3 0x80006816 (0x00ed0f33) x30 0x00000100
core   0: 0x8000681a (0x40935f13) srai    t5, t1, 9
core   0: 3 0x8000681a (0x40935f13) x30 0xffe8562b
core   0: 0x8000681e (0x01391033) sll     zero, s2, s3
core   0: 3 0x8000681e (0x01391033)
core   0: 0x80006822 (0x00073d33) sltu    s10, a4, zero
core   0: 3 0x80006822 (0x00073d33) x26 0x00000000
core   0: 0x80006826 (0x000043ed) c.li    t2, 27
core   0: 3 0x80006826 (0x43ed) x7  0x0000001b
core   0: 0x80006828 (0x012cd493) srli    s1, s9, 18
core   0: 3 0x80006828 (0x012cd493) x9  0x00000000
core   0: 0x8000682c (0x0000137d) c.addi  t1, -1
core   0: 3 0x8000682c (0x137d) x6  0xd0ac575b
core   0: 0x8000682e (0x0064e633) or      a2, s1, t1
core   0: 3 0x8000682e (0x0064e633) x12 0xd0ac575b
core   0: 0x80006832 (0x1b10f693) andi    a3, ra, 433
core   0: 3 0x80006832 (0x1b10f693) x13 0x00000000
core   0: 0x80006836 (0x00008069) c.srli  s0, 26
core   0: 3 0x80006836 (0x8069) x8  0x00000000
core   0: 0x80006838 (0x00009b7d) c.andi  a4, -1
core   0: 3 0x80006838 (0x9b7d) x14 0x00000100
core   0: 0x8000683a (0x01e82b33) slt     s6, a6, t5
core   0: 3 0x8000683a (0x01e82b33) x22 0x00000000
core   0: 0x8000683e (0x012ecc33) xor     s8, t4, s2
core   0: 3 0x8000683e (0x012ecc33) x24 0x307a3d6b
core   0: 0x80006842 (0x03cf9fb3) mulh    t6, t6, t3
core   0: 3 0x80006842 (0x03cf9fb3) x31 0x0000032b
core   0: 0x80006846 (0x00f6eb33) or      s6, a3, a5
core   0: 3 0x80006846 (0x00f6eb33) x22 0x00000000
core   0: 0x8000684a (0x030a55b3) divu    a1, s4, a6
core   0: 3 0x8000684a (0x030a55b3) x11 0xffffffff
core   0: 0x8000684e (0x0000697d) c.lui   s2, 0x1f
core   0: 3 0x8000684e (0x697d) x18 0x0001f000
core   0: 0x80006850 (0x000060ed) c.lui   ra, 0x1b
core   0: 3 0x80006850 (0x60ed) x1  0x0001b000
core   0: 0x80006852 (0x01506f63) bltu    zero, s5, pc + 30
core   0: 3 0x80006852 (0x01506f63)
core   0: 0x80006856 (0x00000001) c.nop
core   0: 3 0x80006856 (0x0001)
core   0: 0x80006858 (0x0000987d) c.andi  s0, -1
core   0: 3 0x80006858 (0x987d) x8  0x00000000
core   0: 0x8000685a (0x014c8263) beq     s9, s4, pc + 4
core   0: 3 0x8000685a (0x014c8263)
core   0: 0x8000685e (0x000089f6) c.mv    s3, t4
core   0: 3 0x8000685e (0x89f6) x19 0x307a4b70
core   0: 0x80006860 (0x02915a63) bge     sp, s1, pc + 52
core   0: 3 0x80006860 (0x02915a63)
core   0: 0x80006864 (0x01990633) add     a2, s2, s9
core   0: 3 0x80006864 (0x01990633) x12 0x0001f000
core   0: 0x80006868 (0x000051fd) c.li    gp, -1
core   0: 3 0x80006868 (0x51fd) x3  0xffffffff
core   0: 0x8000686a (0x0268e2b3) rem     t0, a7, t1
core   0: 3 0x8000686a (0x0268e2b3) x5  0xf304314a
core   0: 0x8000686e (0x00006619) c.lui   a2, 0x6
core   0: 3 0x8000686e (0x6619) x12 0x00006000
core   0: 0x80006870 (0x027186b3) mul     a3, gp, t2
core   0: 3 0x80006870 (0x027186b3) x13 0xffffffe5
core   0: 0x80006874 (0xf14e4913) xori    s2, t3, -236
core   0: 3 0x80006874 (0xf14e4913) x18 0x7ffda1b0
core   0: 0x80006878 (0x412a8ab3) sub     s5, s5, s2
core   0: 3 0x80006878 (0x412a8ab3) x21 0x80025e50
core   0: 0x8000687c (0x022a8d63) beq     s5, sp, pc + 58
core   0: 3 0x8000687c (0x022a8d63)
core   0: 0x80006880 (0x03f48a33) mul     s4, s1, t6
core   0: 3 0x80006880 (0x03f48a33) x20 0x00000000
core   0: 0x80006884 (0x00e44633) xor     a2, s0, a4
core   0: 3 0x80006884 (0x00e44633) x12 0x00000100
core   0: 0x80006888 (0x0158e463) bltu    a7, s5, pc + 8
core   0: 3 0x80006888 (0x0158e463)
core   0: 0x8000688c (0x03d6b613) sltiu   a2, a3, 61
core   0: 3 0x8000688c (0x03d6b613) x12 0x00000000
core   0: 0x80006890 (0x02a8cb33) div     s6, a7, a0
core   0: 3 0x80006890 (0x02a8cb33) x22 0x945ce000
core   0: 0x80006894 (0x409c5733) sra     a4, s8, s1
core   0: 3 0x80006894 (0x409c5733) x14 0x307a3d6b
core   0: 0x80006898 (0xf2602193) slti    gp, zero, -218
core   0: 3 0x80006898 (0xf2602193) x3  0x00000000
core   0: 0x8000689c (0x01dc9133) sll     sp, s9, t4
core   0: 3 0x8000689c (0x01dc9133) x2  0x00000000
core   0: 0x800068a0 (0x01f32933) slt     s2, t1, t6
core   0: 3 0x800068a0 (0x01f32933) x18 0x00000001
core   0: 0x800068a4 (0x023abd33) mulhu   s10, s5, gp
core   0: 3 0x800068a4 (0x023abd33) x26 0x00000000
core   0: 0x800068a8 (0x011871b3) and     gp, a6, a7
core   0: 3 0x800068a8 (0x011871b3) x3  0x00000000
core   0: 0x800068ac (0x0069ddb3) srl     s11, s3, t1
core   0: 3 0x800068ac (0x0069ddb3) x27 0x00000006
core   0: 0x800068b0 (0x407b01b3) sub     gp, s6, t2
core   0: 3 0x800068b0 (0x407b01b3) x3  0x945cdfe5
core   0: 0x800068b4 (0x00000001) c.nop
core   0: 3 0x800068b4 (0x0001)
core   0: 0x800068b6 (0x01e45d93) srli    s11, s0, 30
core   0: 3 0x800068b6 (0x01e45d93) x27 0x00000000
core   0: 0x800068ba (0x0107b133) sltu    sp, a5, a6
core   0: 3 0x800068ba (0x0107b133) x2  0x00000000
core   0: 0x800068be (0x6c97b793) sltiu   a5, a5, 1737
core   0: 3 0x800068be (0x6c97b793) x15 0x00000001
core   0: 0x800068c2 (0x03fc1463) bne     s8, t6, pc + 40
core   0: 3 0x800068c2 (0x03fc1463)
core   0: 0x800068ea (0x00008cad) c.xor   s1, a1
core   0: 3 0x800068ea (0x8cad) x9  0xffffffff
core   0: 0x800068ec (0x02176a33) rem     s4, a4, ra
core   0: 3 0x800068ec (0x02176a33) x20 0x00005d6b
core   0: 0x800068f0 (0x01cb2f33) slt     t5, s6, t3
core   0: 3 0x800068f0 (0x01cb2f33) x30 0x00000000
core   0: 0x800068f4 (0x00000001) c.nop
core   0: 3 0x800068f4 (0x0001)
core   0: 0x800068f6 (0x03992fb3) mulhsu  t6, s2, s9
core   0: 3 0x800068f6 (0x03992fb3) x31 0x00000000
core   0: 0x800068fa (0x016bad33) slt     s10, s7, s6
core   0: 3 0x800068fa (0x016bad33) x26 0x00000000
core   0: 0x800068fe (0x0000863a) c.mv    a2, a4
core   0: 3 0x800068fe (0x863a) x12 0x307a3d6b
core   0: 0x80006900 (0x0142ec33) or      s8, t0, s4
core   0: 3 0x80006900 (0x0142ec33) x24 0xf3047d6b
core   0: 0x80006904 (0x8cfc0a13) addi    s4, s8, -1841
core   0: 3 0x80006904 (0x8cfc0a13) x20 0xf304763a
core   0: 0x80006908 (0x024d7563) bgeu    s10, tp, pc + 42
core   0: 3 0x80006908 (0x024d7563)
core   0: 0x8000690c (0x03d40b33) mul     s6, s0, t4
core   0: 3 0x8000690c (0x03d40b33) x22 0x00000000
core   0: 0x80006910 (0x00000865) c.addi  a6, 25
core   0: 3 0x80006910 (0x0865) x16 0x00000019
core   0: 0x80006912 (0x00000df6) c.slli  s11, 29
core   0: 3 0x80006912 (0x0df6) x27 0x00000000
core   0: 0x80006914 (0x002c5a13) srli    s4, s8, 2
core   0: 3 0x80006914 (0x002c5a13) x20 0x3cc11f5a
core   0: 0x80006918 (0x00008e75) c.and   a2, a3
core   0: 3 0x80006918 (0x8e75) x12 0x307a3d61
core   0: 0x8000691a (0x01cef463) bgeu    t4, t3, pc + 8
core   0: 3 0x8000691a (0x01cef463)
core   0: 0x8000691e (0x01529863) bne     t0, s5, pc + 16
core   0: 3 0x8000691e (0x01529863)
core   0: 0x8000692e (0x2c7b07b7) lui     a5, 0x2c7b0
core   0: 3 0x8000692e (0x2c7b07b7) x15 0x2c7b0000
core   0: 0x80006932 (0xbb5fe597) auipc   a1, 0xbb5fe
core   0: 3 0x80006932 (0xbb5fe597) x11 0x3b604932
core   0: 0x80006936 (0x00000001) c.nop
core   0: 3 0x80006936 (0x0001)
core   0: 0x80006938 (0xcfd54413) xori    s0, a0, -771
core   0: 3 0x80006938 (0xcfd54413) x8  0xfffffcfc
core   0: 0x8000693c (0x000008ce) c.slli  a7, 19
core   0: 3 0x8000693c (0x08ce) x17 0x00000000
core   0: 0x8000693e (0x4bacf013) andi    zero, s9, 1210
core   0: 3 0x8000693e (0x4bacf013)
core   0: 0x80006942 (0x01a04c63) blt     zero, s10, pc + 24
core   0: 3 0x80006942 (0x01a04c63)
core   0: 0x80006946 (0x019096b3) sll     a3, ra, s9
core   0: 3 0x80006946 (0x019096b3) x13 0x0001b000
core   0: 0x8000694a (0x000090c6) c.add   ra, a7
core   0: 3 0x8000694a (0x90c6) x1  0x0001b000
core   0: 0x8000694c (0x006d0b63) beq     s10, t1, pc + 22
core   0: 3 0x8000694c (0x006d0b63)
core   0: 0x80006950 (0x023e6ab3) rem     s5, t3, gp
core   0: 3 0x80006950 (0x023e6ab3) x21 0xeba57ebf
core   0: 0x80006954 (0x0000c331) c.beqz  a4, pc + 68
core   0: 3 0x80006954 (0xc331)
core   0: 0x80006956 (0x8b492313) slti    t1, s2, -1868
core   0: 3 0x80006956 (0x8b492313) x6  0x00000000
core   0: 0x8000695a (0x4071df13) srai    t5, gp, 7
core   0: 3 0x8000695a (0x4071df13) x30 0xff28b9bf
core   0: 0x8000695e (0x0334d063) bge     s1, s3, pc + 32
core   0: 3 0x8000695e (0x0334d063)
core   0: 0x80006962 (0x02ace0b3) rem     ra, s9, a0
core   0: 3 0x80006962 (0x02ace0b3) x1  0x00000000
core   0: 0x80006966 (0x01884cb3) xor     s9, a6, s8
core   0: 3 0x80006966 (0x01884cb3) x25 0xf3047d72
core   0: 0x8000696a (0x407c5ab3) sra     s5, s8, t2
core   0: 3 0x8000696a (0x407c5ab3) x21 0xfffffffe
core   0: 0x8000696e (0x03b88a33) mul     s4, a7, s11
core   0: 3 0x8000696e (0x03b88a33) x20 0x00000000
core   0: 0x80006972 (0x01125333) srl     t1, tp, a7
core   0: 3 0x80006972 (0x01125333) x6  0x80029d24
core   0: 0x80006976 (0xf8a0e737) lui     a4, 0xf8a0e
core   0: 3 0x80006976 (0xf8a0e737) x14 0xf8a0e000
core   0: 0x8000697a (0x01f55313) srli    t1, a0, 31
core   0: 3 0x8000697a (0x01f55313) x6  0x00000000
core   0: 0x8000697e (0x00000001) c.nop
core   0: 3 0x8000697e (0x0001)
core   0: 0x80006980 (0x414e5c33) sra     s8, t3, s4
core   0: 3 0x80006980 (0x414e5c33) x24 0x80025ea4
core   0: 0x80006984 (0x00008ef1) c.and   a3, a2
core   0: 3 0x80006984 (0x8ef1) x13 0x00003000
core   0: 0x80006986 (0x03bb6d33) rem     s10, s6, s11
core   0: 3 0x80006986 (0x03bb6d33) x26 0x00000000
core   0: 0x8000698a (0x00b2e433) or      s0, t0, a1
core   0: 3 0x8000698a (0x00b2e433) x8  0xfb64797a
core   0: 0x8000698e (0x020660b3) rem     ra, a2, zero
core   0: 3 0x8000698e (0x020660b3) x1  0x307a3d61
core   0: 0x80006992 (0x5b335a37) lui     s4, 0x5b335
core   0: 3 0x80006992 (0x5b335a37) x20 0x5b335000
core   0: 0x80006996 (0x0000611d) c.addi16sp sp, 416
core   0: 3 0x80006996 (0x611d) x2  0x000001a0
core   0: 0x80006998 (0x000d5a13) srli    s4, s10, 0
core   0: 3 0x80006998 (0x000d5a13) x20 0x00000000
core   0: 0x8000699c (0x00009606) c.add   a2, ra
core   0: 3 0x8000699c (0x9606) x12 0x60f47ac2
core   0: 0x8000699e (0x0000c629) c.beqz  a2, pc + 74
core   0: 3 0x8000699e (0xc629)
core   0: 0x800069a0 (0x02846a33) rem     s4, s0, s0
core   0: 3 0x800069a0 (0x02846a33) x20 0x00000000
core   0: 0x800069a4 (0x038909b3) mul     s3, s2, s8
core   0: 3 0x800069a4 (0x038909b3) x19 0x80025ea4
core   0: 0x800069a8 (0x03be6433) rem     s0, t3, s11
core   0: 3 0x800069a8 (0x03be6433) x8  0x80025ea4
core   0: 0x800069ac (0x000093ae) c.add   t2, a1
core   0: 3 0x800069ac (0x93ae) x7  0x3b60494d
core   0: 0x800069ae (0x000084c9) c.srai  s1, 18
core   0: 3 0x800069ae (0x84c9) x9  0xffffffff
core   0: 0x800069b0 (0x000091de) c.add   gp, s7
core   0: 3 0x800069b0 (0x91de) x3  0x945cdfd1
core   0: 0x800069b2 (0x01b1f533) and     a0, gp, s11
core   0: 3 0x800069b2 (0x01b1f533) x10 0x00000000
core   0: 0x800069b6 (0x537f1497) auipc   s1, 0x537f1
core   0: 3 0x800069b6 (0x537f1497) x9  0xd37f79b6
core   0: 0x800069ba (0xfedeaa13) slti    s4, t4, -19
core   0: 3 0x800069ba (0xfedeaa13) x20 0x00000000
core   0: 0x800069be (0x00004929) c.li    s2, 10
core   0: 3 0x800069be (0x4929) x18 0x0000000a
core   0: 0x800069c0 (0x000042a9) c.li    t0, 10
core   0: 3 0x800069c0 (0x42a9) x5  0x0000000a
core   0: 0x800069c2 (0x007afd33) and     s10, s5, t2
core   0: 3 0x800069c2 (0x007afd33) x26 0x3b60494c
core   0: 0x800069c6 (0x00008865) c.andi  s0, 25
core   0: 3 0x800069c6 (0x8865) x8  0x00000000
core   0: 0x800069c8 (0x0000868e) c.mv    a3, gp
core   0: 3 0x800069c8 (0x868e) x13 0x945cdfd1
core   0: 0x800069ca (0x01e745b3) xor     a1, a4, t5
core   0: 3 0x800069ca (0x01e745b3) x11 0x078859bf
core   0: 0x800069ce (0x0000195d) c.addi  s2, -9
core   0: 3 0x800069ce (0x195d) x18 0x00000001
core   0: 0x800069d0 (0xfe597ce3) bgeu    s2, t0, pc - 8
core   0: 3 0x800069d0 (0xfe597ce3)
core   0: 0x800069d4 (0x01305a93) srli    s5, zero, 19
core   0: 3 0x800069d4 (0x01305a93) x21 0x00000000
core   0: 0x800069d8 (0x024d4763) blt     s10, tp, pc + 46
core   0: 3 0x800069d8 (0x024d4763)
core   0: 0x800069dc (0x000002b1) c.addi  t0, 12
core   0: 3 0x800069dc (0x02b1) x5  0x00000016
core   0: 0x800069de (0x0000ea1d) c.bnez  a2, pc + 54
core   0: 3 0x800069de (0xea1d)
core   0: 0x80006a14 (0x402a55b3) sra     a1, s4, sp
core   0: 3 0x80006a14 (0x402a55b3) x11 0x00000000
core   0: 0x80006a18 (0x0340da33) divu    s4, ra, s4
core   0: 3 0x80006a18 (0x0340da33) x20 0xffffffff
core   0: 0x80006a1c (0x85d4e693) ori     a3, s1, -1955
core   0: 3 0x80006a1c (0x85d4e693) x13 0xfffff9ff
core   0: 0x80006a20 (0x03e411b3) mulh    gp, s0, t5
core   0: 3 0x80006a20 (0x03e411b3) x3  0x00000000
core   0: 0x80006a24 (0x005e7133) and     sp, t3, t0
core   0: 3 0x80006a24 (0x005e7133) x2  0x00000004
core   0: 0x80006a28 (0x0320a933) mulhsu  s2, ra, s2
core   0: 3 0x80006a28 (0x0320a933) x18 0x00000000
core   0: 0x80006a2c (0x03517cb3) remu    s9, sp, s5
core   0: 3 0x80006a2c (0x03517cb3) x25 0x00000004
core   0: 0x80006a30 (0x021ec163) blt     t4, ra, pc + 34
core   0: 3 0x80006a30 (0x021ec163)
core   0: 0x80006a34 (0x42139797) auipc   a5, 0x42139
core   0: 3 0x80006a34 (0x42139797) x15 0xc213fa34
core   0: 0x80006a38 (0x0000c31d) c.beqz  a4, pc + 38
core   0: 3 0x80006a38 (0xc31d)
core   0: 0x80006a3a (0x00008f25) c.xor   a4, s1
core   0: 3 0x80006a3a (0x8f25) x14 0x2bdf99b6
core   0: 0x80006a3c (0x00c81933) sll     s2, a6, a2
core   0: 3 0x80006a3c (0x00c81933) x18 0x00000064
core   0: 0x80006a40 (0x0000717d) c.addi16sp sp, -16
core   0: 3 0x80006a40 (0x717d) x2  0xfffffff4
core   0: 0x80006a42 (0x000041f1) c.li    gp, 28
core   0: 3 0x80006a42 (0x41f1) x3  0x0000001c
core   0: 0x80006a44 (0x027682b3) mul     t0, a3, t2
core   0: 3 0x80006a44 (0x027682b3) x5  0x82e7e8b3
core   0: 0x80006a48 (0xfc37f293) andi    t0, a5, -61
core   0: 3 0x80006a48 (0xfc37f293) x5  0xc213fa00
core   0: 0x80006a4c (0x019fe893) ori     a7, t6, 25
core   0: 3 0x80006a4c (0x019fe893) x17 0x00000019
core   0: 0x80006a50 (0x00000001) c.nop
core   0: 3 0x80006a50 (0x0001)
core   0: 0x80006a52 (0x005e3d33) sltu    s10, t3, t0
core   0: 3 0x80006a52 (0x005e3d33) x26 0x00000001
core   0: 0x80006a56 (0x09d5e763) bltu    a1, t4, pc + 142
core   0: 3 0x80006a56 (0x09d5e763)
core   0: 0x80006ae4 (0x00c1c133) xor     sp, gp, a2
core   0: 3 0x80006ae4 (0x00c1c133) x2  0x60f47ade
core   0: 0x80006ae8 (0x0000cf85) c.beqz  a5, pc + 56
core   0: 3 0x80006ae8 (0xcf85)
core   0: 0x80006aea (0x01a74db3) xor     s11, a4, s10
core   0: 3 0x80006aea (0x01a74db3) x27 0x2bdf99b7
core   0: 0x80006aee (0x0035e963) bltu    a1, gp, pc + 18
core   0: 3 0x80006aee (0x0035e963)
core   0: 0x80006b00 (0x0336c9b3) div     s3, a3, s3
core   0: 3 0x80006b00 (0x0336c9b3) x19 0x00000000
core   0: 0x80006b04 (0x01293933) sltu    s2, s2, s2
core   0: 3 0x80006b04 (0x01293933) x18 0x00000000
core   0: 0x80006b08 (0xc12d1f37) lui     t5, 0xc12d1
core   0: 3 0x80006b08 (0xc12d1f37) x30 0xc12d1000
core   0: 0x80006b0c (0x00008f41) c.or    a4, s0
core   0: 3 0x80006b0c (0x8f41) x14 0x2bdf99b6
core   0: 0x80006b0e (0x015ecab3) xor     s5, t4, s5
core   0: 3 0x80006b0e (0x015ecab3) x21 0x307a4b70
core   0: 0x80006b12 (0x016f49b3) xor     s3, t5, s6
core   0: 3 0x80006b12 (0x016f49b3) x19 0xc12d1000
core   0: 0x80006b16 (0x00008455) c.srai  s0, 21
core   0: 3 0x80006b16 (0x8455) x8  0x00000000
core   0: 0x80006b18 (0x035fc633) div     a2, t6, s5
core   0: 3 0x80006b18 (0x035fc633) x12 0x00000000
core   0: 0x80006b1c (0x00704f63) blt     zero, t2, pc + 30
core   0: 3 0x80006b1c (0x00704f63)
core   0: 0x80006b3a (0x00001280) c.addi4spn s0, sp, 352
core   0: 3 0x80006b3a (0x1280) x8  0x60f47c3e
core   0: 0x80006b3c (0x00005c7d) c.li    s8, -1
core   0: 3 0x80006b3c (0x5c7d) x24 0xffffffff
core   0: 0x80006b3e (0x001d0fb3) add     t6, s10, ra
core   0: 3 0x80006b3e (0x001d0fb3) x31 0x307a3d62
core   0: 0x80006b42 (0x0000091e) c.slli  s2, 7
core   0: 3 0x80006b42 (0x091e) x18 0x00000000
core   0: 0x80006b44 (0x00006f5d) c.lui   t5, 0x17
core   0: 3 0x80006b44 (0x6f5d) x30 0x00017000
core   0: 0x80006b46 (0x01014c33) xor     s8, sp, a6
core   0: 3 0x80006b46 (0x01014c33) x24 0x60f47ac7
core   0: 0x80006b4a (0x415a5893) srai    a7, s4, 21
core   0: 3 0x80006b4a (0x415a5893) x17 0xffffffff
core   0: 0x80006b4e (0x017e1033) sll     zero, t3, s7
core   0: 3 0x80006b4e (0x017e1033)
core   0: 0x80006b52 (0x00004385) c.li    t2, 1
core   0: 3 0x80006b52 (0x4385) x7  0x00000001
core   0: 0x80006b54 (0x02c54463) blt     a0, a2, pc + 40
core   0: 3 0x80006b54 (0x02c54463)
core   0: 0x80006b58 (0x5fcccc93) xori    s9, s9, 1532
core   0: 3 0x80006b58 (0x5fcccc93) x25 0x000005f8
core   0: 0x80006b5c (0x01390e63) beq     s2, s3, pc + 28
core   0: 3 0x80006b5c (0x01390e63)
core   0: 0x80006b60 (0x02d10333) mul     t1, sp, a3
core   0: 3 0x80006b60 (0x02d10333) x6  0xe42a5122
core   0: 0x80006b64 (0x00006299) c.lui   t0, 0x6
core   0: 3 0x80006b64 (0x6299) x5  0x00006000
core   0: 0x80006b66 (0x0000e595) c.bnez  a1, pc + 44
core   0: 3 0x80006b66 (0xe595)
core   0: 0x80006b68 (0x036a5263) bge     s4, s6, pc + 36
core   0: 3 0x80006b68 (0x036a5263)
core   0: 0x80006b6c (0x03df6633) rem     a2, t5, t4
core   0: 3 0x80006b6c (0x03df6633) x12 0x00017000
core   0: 0x80006b70 (0xc87b2d13) slti    s10, s6, -889
core   0: 3 0x80006b70 (0xc87b2d13) x26 0x00000000
core   0: 0x80006b74 (0x74f952b7) lui     t0, 0x74f95
core   0: 3 0x80006b74 (0x74f952b7) x5  0x74f95000
core   0: 0x80006b78 (0x228ba993) slti    s3, s7, 552
core   0: 3 0x80006b78 (0x228ba993) x19 0x00000001
core   0: 0x80006b7c (0x05221863) bne     tp, s2, pc + 80
core   0: 3 0x80006b7c (0x05221863)
core   0: 0x80006bcc (0x2d904b13) xori    s6, zero, 729
core   0: 3 0x80006bcc (0x2d904b13) x22 0x000002d9
core   0: 0x80006bd0 (0x0098b1b3) sltu    gp, a7, s1
core   0: 3 0x80006bd0 (0x0098b1b3) x3  0x00000000
core   0: 0x80006bd4 (0x02ee4933) div     s2, t3, a4
core   0: 3 0x80006bd4 (0x02ee4933) x18 0xfffffffe
core   0: 0x80006bd8 (0x000063cd) c.lui   t2, 0x13
core   0: 3 0x80006bd8 (0x63cd) x7  0x00013000
core   0: 0x80006bda (0x00000001) c.nop
core   0: 3 0x80006bda (0x0001)
core   0: 0x80006bdc (0x00008d29) c.xor   a0, a0
core   0: 3 0x80006bdc (0x8d29) x10 0x00000000
core   0: 0x80006bde (0x01b81cb3) sll     s9, a6, s11
core   0: 3 0x80006bde (0x01b81cb3) x25 0x0c800000
core   0: 0x80006be2 (0x408756b3) sra     a3, a4, s0
core   0: 3 0x80006be2 (0x408756b3) x13 0x00000000
core   0: 0x80006be6 (0x0000992a) c.add   s2, a0
core   0: 3 0x80006be6 (0x992a) x18 0xfffffffe
core   0: 0x80006be8 (0x016c6a63) bltu    s8, s6, pc + 20
core   0: 3 0x80006be8 (0x016c6a63)
core   0: 0x80006bec (0x00000001) c.nop
core   0: 3 0x80006bec (0x0001)
core   0: 0x80006bee (0x00008ef5) c.and   a3, a3
core   0: 3 0x80006bee (0x8ef5) x13 0x00000000
core   0: 0x80006bf0 (0x02a0c663) blt     ra, a0, pc + 44
core   0: 3 0x80006bf0 (0x02a0c663)
core   0: 0x80006bf4 (0x03505633) divu    a2, zero, s5
core   0: 3 0x80006bf4 (0x03505633) x12 0x00000000
core   0: 0x80006bf8 (0x011e4333) xor     t1, t3, a7
core   0: 3 0x80006bf8 (0x011e4333) x6  0x7ffda15b
core   0: 0x80006bfc (0x0383e3b3) rem     t2, t2, s8
core   0: 3 0x80006bfc (0x0383e3b3) x7  0x00013000
core   0: 0x80006c00 (0x41648633) sub     a2, s1, s6
core   0: 3 0x80006c00 (0x41648633) x12 0xd37f76dd
core   0: 0x80006c04 (0x02f00cb3) mul     s9, zero, a5
core   0: 3 0x80006c04 (0x02f00cb3) x25 0x00000000
core   0: 0x80006c08 (0x00db29b3) slt     s3, s6, a3
core   0: 3 0x80006c08 (0x00db29b3) x19 0x00000000
core   0: 0x80006c0c (0x00008d1d) c.sub   a0, a5
core   0: 3 0x80006c0c (0x8d1d) x10 0x3dec05cc
core   0: 0x80006c0e (0x00008536) c.mv    a0, a3
core   0: 3 0x80006c0e (0x8536) x10 0x00000000
core   0: 0x80006c10 (0x000089dd) c.andi  a1, 23
core   0: 3 0x80006c10 (0x89dd) x11 0x00000000
core   0: 0x80006c12 (0x00008d76) c.mv    s10, t4
core   0: 3 0x80006c12 (0x8d76) x26 0x307a4b70
core   0: 0x80006c14 (0x000065d1) c.lui   a1, 0x14
core   0: 3 0x80006c14 (0x65d1) x11 0x00014000
core   0: 0x80006c16 (0x02e5c333) div     t1, a1, a4
core   0: 3 0x80006c16 (0x02e5c333) x6  0x00000000
core   0: 0x80006c1a (0x00000804) c.addi4spn s1, sp, 16
core   0: 3 0x80006c1a (0x0804) x9  0x60f47aee
core   0: 0x80006c1c (0x000064a9) c.lui   s1, 0xa
core   0: 3 0x80006c1c (0x64a9) x9  0x0000a000
core   0: 0x80006c1e (0x0361cdb3) div     s11, gp, s6
core   0: 3 0x80006c1e (0x0361cdb3) x27 0x00000000
core   0: 0x80006c22 (0x40dcd513) srai    a0, s9, 13
core   0: 3 0x80006c22 (0x40dcd513) x10 0x00000000
core   0: 0x80006c26 (0x01025513) srli    a0, tp, 16
core   0: 3 0x80006c26 (0x01025513) x10 0x00008002
core   0: 0x80006c2a (0x49c4fd93) andi    s11, s1, 1180
core   0: 3 0x80006c2a (0x49c4fd93) x27 0x00000000
core   0: 0x80006c2e (0x0000995e) c.add   s2, s7
core   0: 3 0x80006c2e (0x995e) x18 0xffffffea
core   0: 0x80006c30 (0x012a5813) srli    a6, s4, 18
core   0: 3 0x80006c30 (0x012a5813) x16 0x00003fff
core   0: 0x80006c34 (0x00000842) c.slli  a6, 16
core   0: 3 0x80006c34 (0x0842) x16 0x3fff0000
core   0: 0x80006c36 (0x00008869) c.andi  s0, 26
core   0: 3 0x80006c36 (0x8869) x8  0x0000001a
core   0: 0x80006c38 (0x0155fa33) and     s4, a1, s5
core   0: 3 0x80006c38 (0x0155fa33) x20 0x00004000
core   0: 0x80006c3c (0x00008e81) c.sub   a3, s0
core   0: 3 0x80006c3c (0x8e81) x13 0xffffffe6
core   0: 0x80006c3e (0x015f9093) slli    ra, t6, 21
core   0: 3 0x80006c3e (0x015f9093) x1  0xac400000
core   0: 0x80006c42 (0x05e30263) beq     t1, t5, pc + 68
core   0: 3 0x80006c42 (0x05e30263)
core   0: 0x80006c46 (0x61f14993) xori    s3, sp, 1567
core   0: 3 0x80006c46 (0x61f14993) x19 0x60f47cc1
core   0: 0x80006c4a (0x01ca1693) slli    a3, s4, 28
core   0: 3 0x80006c4a (0x01ca1693) x13 0x00000000
core   0: 0x80006c4e (0x025f49b3) div     s3, t5, t0
core   0: 3 0x80006c4e (0x025f49b3) x19 0x00000000
core   0: 0x80006c52 (0x0000717d) c.addi16sp sp, -16
core   0: 3 0x80006c52 (0x717d) x2  0x60f47ace
core   0: 0x80006c54 (0x023eca33) div     s4, t4, gp
core   0: 3 0x80006c54 (0x023eca33) x20 0xffffffff
core   0: 0x80006c58 (0x00000001) c.nop
core   0: 3 0x80006c58 (0x0001)
core   0: 0x80006c5a (0x026a36b3) mulhu   a3, s4, t1
core   0: 3 0x80006c5a (0x026a36b3) x13 0x00000000
core   0: 0x80006c5e (0x03becfb3) div     t6, t4, s11
core   0: 3 0x80006c5e (0x03becfb3) x31 0xffffffff
core   0: 0x80006c62 (0x02f438b3) mulhu   a7, s0, a5
core   0: 3 0x80006c62 (0x02f438b3) x17 0x00000013
core   0: 0x80006c66 (0x024c48b3) div     a7, s8, tp
core   0: 3 0x80006c66 (0x024c48b3) x17 0x00000000
core   0: 0x80006c6a (0xe1490613) addi    a2, s2, -492
core   0: 3 0x80006c6a (0xe1490613) x12 0xfffffdfe
core   0: 0x80006c6e (0x00b55b93) srli    s7, a0, 11
core   0: 3 0x80006c6e (0x00b55b93) x23 0x00000010
core   0: 0x80006c72 (0x003b9f33) sll     t5, s7, gp
core   0: 3 0x80006c72 (0x003b9f33) x30 0x00000010
core   0: 0x80006c76 (0x03005a33) divu    s4, zero, a6
core   0: 3 0x80006c76 (0x03005a33) x20 0x00000000
core   0: 0x80006c7a (0xea6c6d13) ori     s10, s8, -346
core   0: 3 0x80006c7a (0xea6c6d13) x26 0xfffffee7
core   0: 0x80006c7e (0x01158f63) beq     a1, a7, pc + 30
core   0: 3 0x80006c7e (0x01158f63)
core   0: 0x80006c82 (0x00008f25) c.xor   a4, s1
core   0: 3 0x80006c82 (0x8f25) x14 0x2bdf39b6
core   0: 0x80006c84 (0x0000147d) c.addi  s0, -1
core   0: 3 0x80006c84 (0x147d) x8  0x00000019
core   0: 0x80006c86 (0x683e4297) auipc   t0, 0x683e4
core   0: 3 0x80006c86 (0x683e4297) x5  0xe83eac86
core   0: 0x80006c8a (0x01f58f33) add     t5, a1, t6
core   0: 3 0x80006c8a (0x01f58f33) x30 0x00013fff
core   0: 0x80006c8e (0x00006115) c.addi16sp sp, 288
core   0: 3 0x80006c8e (0x6115) x2  0x60f47bee
core   0: 0x80006c90 (0x01905393) srli    t2, zero, 25
core   0: 3 0x80006c90 (0x01905393) x7  0x00000000
core   0: 0x80006c94 (0x03484433) div     s0, a6, s4
core   0: 3 0x80006c94 (0x03484433) x8  0xffffffff
core   0: 0x80006c98 (0x03e11163) bne     sp, t5, pc + 34
core   0: 3 0x80006c98 (0x03e11163)
core   0: 0x80006cba (0x00008ef9) c.and   a3, a4
core   0: 3 0x80006cba (0x8ef9) x13 0x00000000
core   0: 0x80006cbc (0x00adf263) bgeu    s11, a0, pc + 4
core   0: 3 0x80006cbc (0x00adf263)
core   0: 0x80006cc0 (0x03be32b3) mulhu   t0, t3, s11
core   0: 3 0x80006cc0 (0x03be32b3) x5  0x00000000
core   0: 0x80006cc4 (0x02a1dd33) divu    s10, gp, a0
core   0: 3 0x80006cc4 (0x02a1dd33) x26 0x00000000
core   0: 0x80006cc8 (0x0000e715) c.bnez  a4, pc + 44
core   0: 3 0x80006cc8 (0xe715)
core   0: 0x80006cf4 (0x0000e035) c.bnez  s0, pc + 100
core   0: 3 0x80006cf4 (0xe035)
core   0: 0x80006d58 (0x02317d33) remu    s10, sp, gp
core   0: 3 0x80006d58 (0x02317d33) x26 0x60f47bee
core   0: 0x80006d5c (0xcf89c337) lui     t1, 0xcf89c
core   0: 3 0x80006d5c (0xcf89c337) x6  0xcf89c000
core   0: 0x80006d60 (0x0000855d) c.srai  a0, 23
core   0: 3 0x80006d60 (0x855d) x10 0x00000000
core   0: 0x80006d62 (0x000061b5) c.lui   gp, 0xd
core   0: 3 0x80006d62 (0x61b5) x3  0x0000d000
core   0: 0x80006d64 (0x0000547d) c.li    s0, -1
core   0: 3 0x80006d64 (0x547d) x8  0xffffffff
core   0: 0x80006d66 (0x02fcb7b3) mulhu   a5, s9, a5
core   0: 3 0x80006d66 (0x02fcb7b3) x15 0x00000000
core   0: 0x80006d6a (0x40525f13) srai    t5, tp, 5
core   0: 3 0x80006d6a (0x40525f13) x30 0xfc0014e9
core   0: 0x80006d6e (0x00d72ab3) slt     s5, a4, a3
core   0: 3 0x80006d6e (0x00d72ab3) x21 0x00000000
core   0: 0x80006d72 (0x00000001) c.nop
core   0: 3 0x80006d72 (0x0001)
core   0: 0x80006d74 (0x02bac863) blt     s5, a1, pc + 48
core   0: 3 0x80006d74 (0x02bac863)
core   0: 0x80006da4 (0x0223efb3) rem     t6, t2, sp
core   0: 3 0x80006da4 (0x0223efb3) x31 0x00000000
core   0: 0x80006da8 (0x00008b5a) c.mv    s6, s6
core   0: 3 0x80006da8 (0x8b5a) x22 0x000002d9
core   0: 0x80006daa (0xb905ab93) slti    s7, a1, -1136
core   0: 3 0x80006daa (0xb905ab93) x23 0x00000000
core   0: 0x80006dae (0x0065c863) blt     a1, t1, pc + 16
core   0: 3 0x80006dae (0x0065c863)
core   0: 0x80006db2 (0x02cc7ab3) remu    s5, s8, a2
core   0: 3 0x80006db2 (0x02cc7ab3) x21 0x60f47ac7
core   0: 0x80006db6 (0x000081a5) c.srli  a1, 9
core   0: 3 0x80006db6 (0x81a5) x11 0x000000a0
core   0: 0x80006db8 (0x0000187d) c.addi  a6, -1
core   0: 3 0x80006db8 (0x187d) x16 0x3ffeffff
core   0: 0x80006dba (0x022b6ab3) rem     s5, s6, sp
core   0: 3 0x80006dba (0x022b6ab3) x21 0x000002d9
core   0: 0x80006dbe (0x00008ff5) c.and   a5, a3
core   0: 3 0x80006dbe (0x8ff5) x15 0x00000000
core   0: 0x80006dc0 (0x02247333) remu    t1, s0, sp
core   0: 3 0x80006dc0 (0x02247333) x6  0x3e170823
core   0: 0x80006dc4 (0x00947133) and     sp, s0, s1
core   0: 3 0x80006dc4 (0x00947133) x2  0x0000a000
core   0: 0x80006dc8 (0x00006a09) c.lui   s4, 0x2
core   0: 3 0x80006dc8 (0x6a09) x20 0x00002000
core   0: 0x80006dca (0x00f8fcb3) and     s9, a7, a5
core   0: 3 0x80006dca (0x00f8fcb3) x25 0x00000000
core   0: 0x80006dce (0x013b8c33) add     s8, s7, s3
core   0: 3 0x80006dce (0x013b8c33) x24 0x00000000
core   0: 0x80006dd2 (0x015ac8b3) xor     a7, s5, s5
core   0: 3 0x80006dd2 (0x015ac8b3) x17 0x00000000
core   0: 0x80006dd6 (0x6c1c4293) xori    t0, s8, 1729
core   0: 3 0x80006dd6 (0x6c1c4293) x5  0x000006c1
core   0: 0x80006dda (0x00c80db3) add     s11, a6, a2
core   0: 3 0x80006dda (0x00c80db3) x27 0x3ffefdfd
core   0: 0x80006dde (0x03e3e7b3) rem     a5, t2, t5
core   0: 3 0x80006dde (0x03e3e7b3) x15 0x00000000
core   0: 0x80006de2 (0x016e6963) bltu    t3, s6, pc + 18
core   0: 3 0x80006de2 (0x016e6963)
core   0: 0x80006de6 (0x41cad013) srai    zero, s5, 28
core   0: 3 0x80006de6 (0x41cad013)
core   0: 0x80006dea (0x00008c65) c.and   s0, s1
core   0: 3 0x80006dea (0x8c65) x8  0x0000a000
core   0: 0x80006dec (0x0363bc33) mulhu   s8, t2, s6
core   0: 3 0x80006dec (0x0363bc33) x24 0x00000000
core   0: 0x80006df0 (0x8c74c413) xori    s0, s1, -1849
core   0: 3 0x80006df0 (0x8c74c413) x8  0xffff58c7
core   0: 0x80006df4 (0x000efa63) bgeu    t4, zero, pc + 20
core   0: 3 0x80006df4 (0x000efa63)
core   0: 0x80006e08 (0x01b51c13) slli    s8, a0, 27
core   0: 3 0x80006e08 (0x01b51c13) x24 0x00000000
core   0: 0x80006e0c (0xfe82b713) sltiu   a4, t0, -24
core   0: 3 0x80006e0c (0xfe82b713) x14 0x00000001
core   0: 0x80006e10 (0x03b9ed33) rem     s10, s3, s11
core   0: 3 0x80006e10 (0x03b9ed33) x26 0x00000000
core   0: 0x80006e14 (0x02aa99b3) mulh    s3, s5, a0
core   0: 3 0x80006e14 (0x02aa99b3) x19 0x00000000
core   0: 0x80006e18 (0x404084b3) sub     s1, ra, tp
core   0: 3 0x80006e18 (0x404084b3) x9  0x2c3d62dc
core   0: 0x80006e1c (0x26910b13) addi    s6, sp, 617
core   0: 3 0x80006e1c (0x26910b13) x22 0x0000a269
core   0: 0x80006e20 (0x008fba33) sltu    s4, t6, s0
core   0: 3 0x80006e20 (0x008fba33) x20 0x00000001
core   0: 0x80006e24 (0x40eada93) srai    s5, s5, 14
core   0: 3 0x80006e24 (0x40eada93) x21 0x00000000
core   0: 0x80006e28 (0x40908133) sub     sp, ra, s1
core   0: 3 0x80006e28 (0x40908133) x2  0x80029d24
core   0: 0x80006e2c (0x002093b3) sll     t2, ra, sp
core   0: 3 0x80006e2c (0x002093b3) x7  0xc4000000
core   0: 0x80006e30 (0x0000e79d) c.bnez  a5, pc + 46
core   0: 3 0x80006e30 (0xe79d)
core   0: 0x80006e32 (0x00009b7d) c.andi  a4, -1
core   0: 3 0x80006e32 (0x9b7d) x14 0x00000001
core   0: 0x80006e34 (0x61a36113) ori     sp, t1, 1562
core   0: 3 0x80006e34 (0x61a36113) x2  0x3e170e3b
core   0: 0x80006e38 (0x00000314) c.addi4spn a3, sp, 384
core   0: 3 0x80006e38 (0x0314) x13 0x3e170fbb
core   0: 0x80006e3a (0x00d25d33) srl     s10, tp, a3
core   0: 3 0x80006e3a (0x00d25d33) x26 0x00000010
core   0: 0x80006e3e (0x03684033) div     zero, a6, s6
core   0: 3 0x80006e3e (0x03684033)
core   0: 0x80006e42 (0x00008fa9) c.xor   a5, a0
core   0: 3 0x80006e42 (0x8fa9) x15 0x00000000
core   0: 0x80006e44 (0x0000cb95) c.beqz  a5, pc + 52
core   0: 3 0x80006e44 (0xcb95)
core   0: 0x80006e78 (0x015eda93) srli    s5, t4, 21
core   0: 3 0x80006e78 (0x015eda93) x21 0x00000183
core   0: 0x80006e7c (0x00008d51) c.or    a0, a2
core   0: 3 0x80006e7c (0x8d51) x10 0xfffffdfe
core   0: 0x80006e7e (0x00766633) or      a2, a2, t2
core   0: 3 0x80006e7e (0x00766633) x12 0xfffffdfe
core   0: 0x80006e82 (0xe3257f13) andi    t5, a0, -462
core   0: 3 0x80006e82 (0xe3257f13) x30 0xfffffc32
core   0: 0x80006e86 (0x40dddab3) sra     s5, s11, a3
core   0: 3 0x80006e86 (0x40dddab3) x21 0x00000007
core   0: 0x80006e8a (0x03fcbf33) mulhu   t5, s9, t6
core   0: 3 0x80006e8a (0x03fcbf33) x30 0x00000000
core   0: 0x80006e8e (0xbf6cca93) xori    s5, s9, -1034
core   0: 3 0x80006e8e (0xbf6cca93) x21 0xfffffbf6
core   0: 0x80006e92 (0x00000001) c.nop
core   0: 3 0x80006e92 (0x0001)
core   0: 0x80006e94 (0x0232c633) div     a2, t0, gp
core   0: 3 0x80006e94 (0x0232c633) x12 0x00000000
core   0: 0x80006e98 (0x64b3c393) xori    t2, t2, 1611
core   0: 3 0x80006e98 (0x64b3c393) x7  0xc400064b
core   0: 0x80006e9c (0x02e25863) bge     tp, a4, pc + 48
core   0: 3 0x80006e9c (0x02e25863)
core   0: 0x80006ea0 (0x001aa0b3) slt     ra, s5, ra
core   0: 3 0x80006ea0 (0x001aa0b3) x1  0x00000000
core   0: 0x80006ea4 (0x00008d76) c.mv    s10, t4
core   0: 3 0x80006ea4 (0x8d76) x26 0x307a4b70
core   0: 0x80006ea6 (0x00008fd1) c.or    a5, a2
core   0: 3 0x80006ea6 (0x8fd1) x15 0x00000000
core   0: 0x80006ea8 (0x0304fa33) remu    s4, s1, a6
core   0: 3 0x80006ea8 (0x0304fa33) x20 0x2c3d62dc
core   0: 0x80006eac (0x03390263) beq     s2, s3, pc + 36
core   0: 3 0x80006eac (0x03390263)
core   0: 0x80006eb0 (0x03b63cb3) mulhu   s9, a2, s11
core   0: 3 0x80006eb0 (0x03b63cb3) x25 0x00000000
core   0: 0x80006eb4 (0x00008365) c.srli  a4, 25
core   0: 3 0x80006eb4 (0x8365) x14 0x00000000
core   0: 0x80006eb6 (0x41912537) lui     a0, 0x41912
core   0: 3 0x80006eb6 (0x41912537) x10 0x41912000
core   0: 0x80006eba (0x09538763) beq     t2, s5, pc + 142
core   0: 3 0x80006eba (0x09538763)
core   0: 0x80006ebe (0x0000840d) c.srai  s0, 3
core   0: 3 0x80006ebe (0x840d) x8  0xffffeb18
core   0: 0x80006ec0 (0x02ca7163) bgeu    s4, a2, pc + 34
core   0: 3 0x80006ec0 (0x02ca7163)
core   0: 0x80006ee2 (0x02e86533) rem     a0, a6, a4
core   0: 3 0x80006ee2 (0x02e86533) x10 0x3ffeffff
core   0: 0x80006ee6 (0x8ebdfd13) andi    s10, s11, -1813
core   0: 3 0x80006ee6 (0x8ebdfd13) x26 0x3ffef8e9
core   0: 0x80006eea (0x000055ed) c.li    a1, -5
core   0: 3 0x80006eea (0x55ed) x11 0xfffffffb
core   0: 0x80006eec (0x01e287b3) add     a5, t0, t5
core   0: 3 0x80006eec (0x01e287b3) x15 0x000006c1
core   0: 0x80006ef0 (0x00004819) c.li    a6, 6
core   0: 3 0x80006ef0 (0x4819) x16 0x00000006
core   0: 0x80006ef2 (0x00004311) c.li    t1, 4
core   0: 3 0x80006ef2 (0x4311) x6  0x00000004
core   0: 0x80006ef4 (0x01d35093) srli    ra, t1, 29
core   0: 3 0x80006ef4 (0x01d35093) x1  0x00000000
core   0: 0x80006ef8 (0x8ae18113) addi    sp, gp, -1874
core   0: 3 0x80006ef8 (0x8ae18113) x2  0x0000c8ae
core   0: 0x80006efc (0x0000009a) c.slli  ra, 6
core   0: 3 0x80006efc (0x009a) x1  0x00000000
core   0: 0x80006efe (0x00a2b633) sltu    a2, t0, a0
core   0: 3 0x80006efe (0x00a2b633) x12 0x00000001
core   0: 0x80006f02 (0x00008d29) c.xor   a0, a0
core   0: 3 0x80006f02 (0x8d29) x10 0x00000000
core   0: 0x80006f04 (0x00c43d33) sltu    s10, s0, a2
core   0: 3 0x80006f04 (0x00c43d33) x26 0x00000000
core   0: 0x80006f08 (0x9577bc93) sltiu   s9, a5, -1705
core   0: 3 0x80006f08 (0x9577bc93) x25 0x00000001
core   0: 0x80006f0c (0x022abb33) mulhu   s6, s5, sp
core   0: 3 0x80006f0c (0x022abb33) x22 0x0000c8ad
core   0: 0x80006f10 (0x00000599) c.addi  a1, 6
core   0: 3 0x80006f10 (0x0599) x11 0x00000001
core   0: 0x80006f12 (0x03eb4733) div     a4, s6, t5
core   0: 3 0x80006f12 (0x03eb4733) x14 0xffffffff
core   0: 0x80006f16 (0x00009afd) c.andi  a3, -1
core   0: 3 0x80006f16 (0x9afd) x13 0x3e170fbb
core   0: 0x80006f18 (0x0000717d) c.addi16sp sp, -16
core   0: 3 0x80006f18 (0x717d) x2  0x0000c89e
core   0: 0x80006f1a (0x5aa4c013) xori    zero, s1, 1450
core   0: 3 0x80006f1a (0x5aa4c013)
core   0: 0x80006f1e (0x01f69413) slli    s0, a3, 31
core   0: 3 0x80006f1e (0x01f69413) x8  0x80000000
core   0: 0x80006f22 (0x0251d533) divu    a0, gp, t0
core   0: 3 0x80006f22 (0x0251d533) x10 0x0000001e
core   0: 0x80006f26 (0x000044dd) c.li    s1, 23
core   0: 3 0x80006f26 (0x44dd) x9  0x00000017
core   0: 0x80006f28 (0x00008cdd) c.or    s1, a5
core   0: 3 0x80006f28 (0x8cdd) x9  0x000006d7
core   0: 0x80006f2a (0x00000895) c.addi  a7, 5
core   0: 3 0x80006f2a (0x0895) x17 0x00000005
core   0: 0x80006f2c (0x0000717d) c.addi16sp sp, -16
core   0: 3 0x80006f2c (0x717d) x2  0x0000c88e
core   0: 0x80006f2e (0x00008fcd) c.or    a5, a1
core   0: 3 0x80006f2e (0x8fcd) x15 0x000006c1
core   0: 0x80006f30 (0x0039d893) srli    a7, s3, 3
core   0: 3 0x80006f30 (0x0039d893) x17 0x00000000
core   0: 0x80006f34 (0x6159f093) andi    ra, s3, 1557
core   0: 3 0x80006f34 (0x6159f093) x1  0x00000000
core   0: 0x80006f38 (0x000084a1) c.srai  s1, 8
core   0: 3 0x80006f38 (0x84a1) x9  0x00000006
core   0: 0x80006f3a (0xfc65e5e3) bltu    a1, t1, pc - 54
core   0: 3 0x80006f3a (0xfc65e5e3)
core   0: 0x80006f04 (0x00c43d33) sltu    s10, s0, a2
core   0: 3 0x80006f04 (0x00c43d33) x26 0x00000000
core   0: 0x80006f08 (0x9577bc93) sltiu   s9, a5, -1705
core   0: 3 0x80006f08 (0x9577bc93) x25 0x00000001
core   0: 0x80006f0c (0x022abb33) mulhu   s6, s5, sp
core   0: 3 0x80006f0c (0x022abb33) x22 0x0000c88d
core   0: 0x80006f10 (0x00000599) c.addi  a1, 6
core   0: 3 0x80006f10 (0x0599) x11 0x00000007
core   0: 0x80006f12 (0x03eb4733) div     a4, s6, t5
core   0: 3 0x80006f12 (0x03eb4733) x14 0xffffffff
core   0: 0x80006f16 (0x00009afd) c.andi  a3, -1
core   0: 3 0x80006f16 (0x9afd) x13 0x3e170fbb
core   0: 0x80006f18 (0x0000717d) c.addi16sp sp, -16
core   0: 3 0x80006f18 (0x717d) x2  0x0000c87e
core   0: 0x80006f1a (0x5aa4c013) xori    zero, s1, 1450
core   0: 3 0x80006f1a (0x5aa4c013)
core   0: 0x80006f1e (0x01f69413) slli    s0, a3, 31
core   0: 3 0x80006f1e (0x01f69413) x8  0x80000000
core   0: 0x80006f22 (0x0251d533) divu    a0, gp, t0
core   0: 3 0x80006f22 (0x0251d533) x10 0x0000001e
core   0: 0x80006f26 (0x000044dd) c.li    s1, 23
core   0: 3 0x80006f26 (0x44dd) x9  0x00000017
core   0: 0x80006f28 (0x00008cdd) c.or    s1, a5
core   0: 3 0x80006f28 (0x8cdd) x9  0x000006d7
core   0: 0x80006f2a (0x00000895) c.addi  a7, 5
core   0: 3 0x80006f2a (0x0895) x17 0x00000005
core   0: 0x80006f2c (0x0000717d) c.addi16sp sp, -16
core   0: 3 0x80006f2c (0x717d) x2  0x0000c86e
core   0: 0x80006f2e (0x00008fcd) c.or    a5, a1
core   0: 3 0x80006f2e (0x8fcd) x15 0x000006c7
core   0: 0x80006f30 (0x0039d893) srli    a7, s3, 3
core   0: 3 0x80006f30 (0x0039d893) x17 0x00000000
core   0: 0x80006f34 (0x6159f093) andi    ra, s3, 1557
core   0: 3 0x80006f34 (0x6159f093) x1  0x00000000
core   0: 0x80006f38 (0x000084a1) c.srai  s1, 8
core   0: 3 0x80006f38 (0x84a1) x9  0x00000006
core   0: 0x80006f3a (0xfc65e5e3) bltu    a1, t1, pc - 54
core   0: 3 0x80006f3a (0xfc65e5e3)
core   0: 0x80006f3e (0x01c09133) sll     sp, ra, t3
core   0: 3 0x80006f3e (0x01c09133) x2  0x00000000
core   0: 0x80006f42 (0x03a7e1b3) rem     gp, a5, s10
core   0: 3 0x80006f42 (0x03a7e1b3) x3  0x000006c7
core   0: 0x80006f46 (0x00008e71) c.and   a2, a2
core   0: 3 0x80006f46 (0x8e71) x12 0x00000001
core   0: 0x80006f48 (0x036d4863) blt     s10, s6, pc + 48
core   0: 3 0x80006f48 (0x036d4863)
core   0: 0x80006f78 (0x000093ba) c.add   t2, a4
core   0: 3 0x80006f78 (0x93ba) x7  0xc400064a
core   0: 0x80006f7a (0x01180ab3) add     s5, a6, a7
core   0: 3 0x80006f7a (0x01180ab3) x21 0x00000006
core   0: 0x80006f7e (0x00008cd9) c.or    s1, a4
core   0: 3 0x80006f7e (0x8cd9) x9  0xffffffff
core   0: 0x80006f80 (0x03246733) rem     a4, s0, s2
core   0: 3 0x80006f80 (0x03246733) x14 0xfffffffe
core   0: 0x80006f84 (0x6deafb93) andi    s7, s5, 1758
core   0: 3 0x80006f84 (0x6deafb93) x23 0x00000006
core   0: 0x80006f88 (0x034b8963) beq     s7, s4, pc + 50
core   0: 3 0x80006f88 (0x034b8963)
core   0: 0x80006f8c (0x0000e80d) c.bnez  s0, pc + 50
core   0: 3 0x80006f8c (0xe80d)
core   0: 0x80006fbe (0x0313b433) mulhu   s0, t2, a7
core   0: 3 0x80006fbe (0x0313b433) x8  0x00000000
core   0: 0x80006fc2 (0xedb40d37) lui     s10, 0xedb40
core   0: 3 0x80006fc2 (0xedb40d37) x26 0xedb40000
core   0: 0x80006fc6 (0x00ef3ab3) sltu    s5, t5, a4
core   0: 3 0x80006fc6 (0x00ef3ab3) x21 0x00000001
core   0: 0x80006fca (0x0130cb63) blt     ra, s3, pc + 22
core   0: 3 0x80006fca (0x0130cb63)
core   0: 0x80006fce (0xf83da693) slti    a3, s11, -125
core   0: 3 0x80006fce (0xf83da693) x13 0x00000000
core   0: 0x80006fd2 (0x00008d41) c.or    a0, s0
core   0: 3 0x80006fd2 (0x8d41) x10 0x0000001e
core   0: 0x80006fd4 (0x02313033) mulhu   zero, sp, gp
core   0: 3 0x80006fd4 (0x02313033)
core   0: 0x80006fd8 (0x53b9ecb7) lui     s9, 0x53b9e
core   0: 3 0x80006fd8 (0x53b9ecb7) x25 0x53b9e000
core   0: 0x80006fdc (0x41f08c33) sub     s8, ra, t6
core   0: 3 0x80006fdc (0x41f08c33) x24 0x00000000
core   0: 0x80006fe0 (0x2ae24313) xori    t1, tp, 686
core   0: 3 0x80006fe0 (0x2ae24313) x6  0x80029f8a
core   0: 0x80006fe4 (0x03c03833) mulhu   a6, zero, t3
core   0: 3 0x80006fe4 (0x03c03833) x16 0x00000000
core   0: 0x80006fe8 (0x01536463) bltu    t1, s5, pc + 8
core   0: 3 0x80006fe8 (0x01536463)
core   0: 0x80006fec (0x0379afb3) mulhsu  t6, s3, s7
core   0: 3 0x80006fec (0x0379afb3) x31 0x00000000
core   0: 0x80006ff0 (0x0000717d) c.addi16sp sp, -16
core   0: 3 0x80006ff0 (0x717d) x2  0xfffffff0
core   0: 0x80006ff2 (0x01cb7f33) and     t5, s6, t3
core   0: 3 0x80006ff2 (0x01cb7f33) x30 0x00004884
core   0: 0x80006ff6 (0x01af23b3) slt     t2, t5, s10
core   0: 3 0x80006ff6 (0x01af23b3) x7  0x00000000
core   0: 0x80006ffa (0x00000001) c.nop
core   0: 3 0x80006ffa (0x0001)
core   0: 0x80006ffc (0x01b228b3) slt     a7, tp, s11
core   0: 3 0x80006ffc (0x01b228b3) x17 0x00000001
core   0: 0x80007000 (0x0217ec33) rem     s8, a5, ra
core   0: 3 0x80007000 (0x0217ec33) x24 0x000006c7
core   0: 0x80007004 (0x000000d2) c.slli  ra, 20
core   0: 3 0x80007004 (0x00d2) x1  0x00000000
core   0: 0x80007006 (0x00215b13) srli    s6, sp, 2
core   0: 3 0x80007006 (0x00215b13) x22 0x3ffffffc
core   0: 0x8000700a (0x025c1c63) bne     s8, t0, pc + 56
core   0: 3 0x8000700a (0x025c1c63)
core   0: 0x80007042 (0x00008cc9) c.or    s1, a0
core   0: 3 0x80007042 (0x8cc9) x9  0xffffffff
core   0: 0x80007044 (0x00000001) c.nop
core   0: 3 0x80007044 (0x0001)
core   0: 0x80007046 (0x00008d19) c.sub   a0, a4
core   0: 3 0x80007046 (0x8d19) x10 0x00000020
core   0: 0x80007048 (0x01c27833) and     a6, tp, t3
core   0: 3 0x80007048 (0x01c27833) x16 0x80021c24
core   0: 0x8000704c (0x02e3f863) bgeu    t2, a4, pc + 48
core   0: 3 0x8000704c (0x02e3f863)
core   0: 0x80007050 (0x03aaa4b3) mulhsu  s1, s5, s10
core   0: 3 0x80007050 (0x03aaa4b3) x9  0x00000000
core   0: 0x80007054 (0x004a9b13) slli    s6, s5, 4
core   0: 3 0x80007054 (0x004a9b13) x22 0x00000010
core   0: 0x80007058 (0x40d485b3) sub     a1, s1, a3
core   0: 3 0x80007058 (0x40d485b3) x11 0x00000000
core   0: 0x8000705c (0x01663a33) sltu    s4, a2, s6
core   0: 3 0x8000705c (0x01663a33) x20 0x00000001
core   0: 0x80007060 (0x40d9d0b3) sra     ra, s3, a3
core   0: 3 0x80007060 (0x40d9d0b3) x1  0x00000000
core   0: 0x80007064 (0x01f4c6b3) xor     a3, s1, t6
core   0: 3 0x80007064 (0x01f4c6b3) x13 0x00000000
core   0: 0x80007068 (0x216d4793) xori    a5, s10, 534
core   0: 3 0x80007068 (0x216d4793) x15 0xedb40216
core   0: 0x8000706c (0x00001890) c.addi4spn a2, sp, 112
core   0: 3 0x8000706c (0x1890) x12 0x00000060
core   0: 0x8000706e (0x00000b6d) c.addi  s6, 27
core   0: 3 0x8000706e (0x0b6d) x22 0x0000002b
core   0: 0x80007070 (0x02684a33) div     s4, a6, t1
core   0: 3 0x80007070 (0x02684a33) x20 0x00000001
core   0: 0x80007074 (0x02df2d33) mulhsu  s10, t5, a3
core   0: 3 0x80007074 (0x02df2d33) x26 0x00000000
core   0: 0x80007078 (0x03759c33) mulh    s8, a1, s7
core   0: 3 0x80007078 (0x03759c33) x24 0x00000000
core   0: 0x8000707c (0x000014fd) c.addi  s1, -1
core   0: 3 0x8000707c (0x14fd) x9  0xffffffff
core   0: 0x8000707e (0x000082bd) c.srli  a3, 15
core   0: 3 0x8000707e (0x82bd) x13 0x00000000
core   0: 0x80007080 (0x00006659) c.lui   a2, 0x16
core   0: 3 0x80007080 (0x6659) x12 0x00016000
core   0: 0x80007082 (0x03fe4cb3) div     s9, t3, t6
core   0: 3 0x80007082 (0x03fe4cb3) x25 0xffffffff
core   0: 0x80007086 (0x01ef9113) slli    sp, t6, 30
core   0: 3 0x80007086 (0x01ef9113) x2  0x00000000
core   0: 0x8000708a (0x00e31b33) sll     s6, t1, a4
core   0: 3 0x8000708a (0x00e31b33) x22 0x80000000
core   0: 0x8000708e (0x0089f3b3) and     t2, s3, s0
core   0: 3 0x8000708e (0x0089f3b3) x7  0x00000000
core   0: 0x80007092 (0x028a2033) mulhsu  zero, s4, s0
core   0: 3 0x80007092 (0x028a2033)
core   0: 0x80007096 (0x03af66b3) rem     a3, t5, s10
core   0: 3 0x80007096 (0x03af66b3) x13 0x00004884
core   0: 0x8000709a (0x0070afb3) slt     t6, ra, t2
core   0: 3 0x8000709a (0x0070afb3) x31 0x00000000
core   0: 0x8000709e (0x00bf20b3) slt     ra, t5, a1
core   0: 3 0x8000709e (0x00bf20b3) x1  0x00000000
core   0: 0x800070a2 (0x00000726) c.slli  a4, 9
core   0: 3 0x800070a2 (0x0726) x14 0xfffffc00
core   0: 0x800070a4 (0x00000376) c.slli  t1, 29
core   0: 3 0x800070a4 (0x0376) x6  0x40000000
core   0: 0x800070a6 (0x000080ce) c.mv    ra, s3
core   0: 3 0x800070a6 (0x80ce) x1  0x00000000
core   0: 0x800070a8 (0x00706a63) bltu    zero, t2, pc + 20
core   0: 3 0x800070a8 (0x00706a63)
core   0: 0x800070ac (0x008f9933) sll     s2, t6, s0
core   0: 3 0x800070ac (0x008f9933) x18 0x00000000
core   0: 0x800070b0 (0x00008f09) c.sub   a4, a0
core   0: 3 0x800070b0 (0x8f09) x14 0xfffffbe0
core   0: 0x800070b2 (0x00008e91) c.sub   a3, a2
core   0: 3 0x800070b2 (0x8e91) x13 0xfffee884
core   0: 0x800070b4 (0x012e15b3) sll     a1, t3, s2
core   0: 3 0x800070b4 (0x012e15b3) x11 0x80025ea4
core   0: 0x800070b8 (0x00008add) c.andi  a3, 23
core   0: 3 0x800070b8 (0x8add) x13 0x00000004
core   0: 0x800070ba (0x000083c1) c.srli  a5, 16
core   0: 3 0x800070ba (0x83c1) x15 0x0000edb4
core   0: 0x800070bc (0xe787b713) sltiu   a4, a5, -392
core   0: 3 0x800070bc (0xe787b713) x14 0x00000001
core   0: 0x800070c0 (0x000080de) c.mv    ra, s7
core   0: 3 0x800070c0 (0x80de) x1  0x00000006
core   0: 0x800070c2 (0x00008b19) c.andi  a4, 6
core   0: 3 0x800070c2 (0x8b19) x14 0x00000000
core   0: 0x800070c4 (0x301b4893) xori    a7, s6, 769
core   0: 3 0x800070c4 (0x301b4893) x17 0x80000301
core   0: 0x800070c8 (0x00fd21b3) slt     gp, s10, a5
core   0: 3 0x800070c8 (0x00fd21b3) x3  0x00000001
core   0: 0x800070cc (0x0000853e) c.mv    a0, a5
core   0: 3 0x800070cc (0x853e) x10 0x0000edb4
core   0: 0x800070ce (0x00008e79) c.and   a2, a4
core   0: 3 0x800070ce (0x8e79) x12 0x00000000
core   0: 0x800070d0 (0x00008f99) c.sub   a5, a4
core   0: 3 0x800070d0 (0x8f99) x15 0x0000edb4
core   0: 0x800070d2 (0x41c15913) srai    s2, sp, 28
core   0: 3 0x800070d2 (0x41c15913) x18 0x00000000
core   0: 0x800070d6 (0x0065c263) blt     a1, t1, pc + 4
core   0: 3 0x800070d6 (0x0065c263)
core   0: 0x800070da (0x00008809) c.andi  s0, 2
core   0: 3 0x800070da (0x8809) x8  0x00000000
core   0: 0x800070dc (0x45b24693) xori    a3, tp, 1115
core   0: 3 0x800070dc (0x45b24693) x13 0x8002997f
core   0: 0x800070e0 (0x7315a0b7) lui     ra, 0x7315a
core   0: 3 0x800070e0 (0x7315a0b7) x1  0x7315a000
core   0: 0x800070e4 (0x4d619bb7) lui     s7, 0x4d619
core   0: 3 0x800070e4 (0x4d619bb7) x23 0x4d619000
core   0: 0x800070e8 (0x0000910e) c.add   sp, gp
core   0: 3 0x800070e8 (0x910e) x2  0x00000001
core   0: 0x800070ea (0x03ac9363) bne     s9, s10, pc + 38
core   0: 3 0x800070ea (0x03ac9363)
core   0: 0x80007110 (0x30c13493) sltiu   s1, sp, 780
core   0: 3 0x80007110 (0x30c13493) x9  0x00000001
core   0: 0x80007114 (0x03a65333) divu    t1, a2, s10
core   0: 3 0x80007114 (0x03a65333) x6  0xffffffff
core   0: 0x80007118 (0x00008c01) c.sub   s0, s0
core   0: 3 0x80007118 (0x8c01) x8  0x00000000
core   0: 0x8000711a (0x00008ec5) c.or    a3, s1
core   0: 3 0x8000711a (0x8ec5) x13 0x8002997f
core   0: 0x8000711c (0x000061d1) c.lui   gp, 0x14
core   0: 3 0x8000711c (0x61d1) x3  0x00014000
core   0: 0x8000711e (0x034d51b3) divu    gp, s10, s4
core   0: 3 0x8000711e (0x034d51b3) x3  0x00000000
core   0: 0x80007122 (0xe5b7c593) xori    a1, a5, -421
core   0: 3 0x80007122 (0xe5b7c593) x11 0xffff13ef
core   0: 0x80007126 (0x000017fd) c.addi  a5, -1
core   0: 3 0x80007126 (0x17fd) x15 0x0000edb3
core   0: 0x80007128 (0x003f5493) srli    s1, t5, 3
core   0: 3 0x80007128 (0x003f5493) x9  0x00000910
core   0: 0x8000712c (0x545e1f97) auipc   t6, 0x545e1
core   0: 3 0x8000712c (0x545e1f97) x31 0xd45e812c
core   0: 0x80007130 (0x0171f0b3) and     ra, gp, s7
core   0: 3 0x80007130 (0x0171f0b3) x1  0x00000000
core   0: 0x80007134 (0x0000997d) c.andi  a0, -1
core   0: 3 0x80007134 (0x997d) x10 0x0000edb4
core   0: 0x80007136 (0x00000e80) c.addi4spn s0, sp, 848
core   0: 3 0x80007136 (0x0e80) x8  0x00000351
core   0: 0x80007138 (0x03078733) mul     a4, a5, a6
core   0: 3 0x80007138 (0x03078733) x14 0x7587012c
core   0: 0x8000713c (0x0000c231) c.beqz  a2, pc + 68
core   0: 3 0x8000713c (0xc231)
core   0: 0x80007180 (0x41415893) srai    a7, sp, 20
core   0: 3 0x80007180 (0x41415893) x17 0x00000000
core   0: 0x80007184 (0x410fd893) srai    a7, t6, 16
core   0: 3 0x80007184 (0x410fd893) x17 0xffffd45e
core   0: 0x80007188 (0x00008649) c.srai  a2, 18
core   0: 3 0x80007188 (0x8649) x12 0x00000000
core   0: 0x8000718a (0x03294bb3) div     s7, s2, s2
core   0: 3 0x8000718a (0x03294bb3) x23 0xffffffff
core   0: 0x8000718e (0x004e1633) sll     a2, t3, tp
core   0: 3 0x8000718e (0x004e1633) x12 0x0025ea40
core   0: 0x80007192 (0x0069ff63) bgeu    s3, t1, pc + 30
core   0: 3 0x80007192 (0x0069ff63)
core   0: 0x80007196 (0x03f46fb3) rem     t6, s0, t6
core   0: 3 0x80007196 (0x03f46fb3) x31 0x00000351
core   0: 0x8000719a (0x00000001) c.nop
core   0: 3 0x8000719a (0x0001)
core   0: 0x8000719c (0x00f6b9b3) sltu    s3, a3, a5
core   0: 3 0x8000719c (0x00f6b9b3) x19 0x00000000
core   0: 0x800071a0 (0x5130ec97) auipc   s9, 0x5130e
core   0: 3 0x800071a0 (0x5130ec97) x25 0xd13151a0
core   0: 0x800071a4 (0x03d7e7b3) rem     a5, a5, t4
core   0: 3 0x800071a4 (0x03d7e7b3) x15 0x0000edb3
core   0: 0x800071a8 (0x00229d33) sll     s10, t0, sp
core   0: 3 0x800071a8 (0x00229d33) x26 0x00000d82
core   0: 0x800071ac (0x02cacc63) blt     s5, a2, pc + 56
core   0: 3 0x800071ac (0x02cacc63)
core   0: 0x800071e4 (0x0026f363) bgeu    a3, sp, pc + 6
core   0: 3 0x800071e4 (0x0026f363)
core   0: 0x800071ea (0x00008459) c.srai  s0, 22
core   0: 3 0x800071ea (0x8459) x8  0x00000000
core   0: 0x800071ec (0x00008e3d) c.xor   a2, a5
core   0: 3 0x800071ec (0x8e3d) x12 0x002507f3
core   0: 0x800071ee (0x0219bf33) mulhu   t5, s3, ra
core   0: 3 0x800071ee (0x0219bf33) x30 0x00000000
core   0: 0x800071f2 (0x6d35c993) xori    s3, a1, 1747
core   0: 3 0x800071f2 (0x6d35c993) x19 0xffff153c
core   0: 0x800071f6 (0x97d28093) addi    ra, t0, -1667
core   0: 3 0x800071f6 (0x97d28093) x1  0x0000003e
core   0: 0x800071fa (0x0000ea81) c.bnez  a3, pc + 16
core   0: 3 0x800071fa (0xea81)
core   0: 0x8000720a (0x0103bb33) sltu    s6, t2, a6
core   0: 3 0x8000720a (0x0103bb33) x22 0x00000001
core   0: 0x8000720e (0x0255ddb3) divu    s11, a1, t0
core   0: 3 0x8000720e (0x0255ddb3) x27 0x0025e748
core   0: 0x80007212 (0x00009a6e) c.add   s4, s11
core   0: 3 0x80007212 (0x9a6e) x20 0x0025e749
core   0: 0x80007214 (0x007eb5b3) sltu    a1, t4, t2
core   0: 3 0x80007214 (0x007eb5b3) x11 0x00000000
core   0: 0x80007218 (0x9fe6b813) sltiu   a6, a3, -1538
core   0: 3 0x80007218 (0x9fe6b813) x16 0x00000001
core   0: 0x8000721c (0x03167b33) remu    s6, a2, a7
core   0: 3 0x8000721c (0x03167b33) x22 0x002507f3
core   0: 0x80007220 (0x0396dbb3) divu    s7, a3, s9
core   0: 3 0x80007220 (0x0396dbb3) x23 0x00000000
core   0: 0x80007224 (0x0000861e) c.mv    a2, t2
core   0: 3 0x80007224 (0x861e) x12 0x00000000
core   0: 0x80007226 (0x003b1f33) sll     t5, s6, gp
core   0: 3 0x80007226 (0x003b1f33) x30 0x002507f3
core   0: 0x8000722a (0x0000071c) c.addi4spn a5, sp, 896
core   0: 3 0x8000722a (0x071c) x15 0x00000381
core   0: 0x8000722c (0x00335c13) srli    s8, t1, 3
core   0: 3 0x8000722c (0x00335c13) x24 0x1fffffff
core   0: 0x80007230 (0x02383bb3) mulhu   s7, a6, gp
core   0: 3 0x80007230 (0x02383bb3) x23 0x00000000
core   0: 0x80007234 (0x0000c69d) c.beqz  a3, pc + 46
core   0: 3 0x80007234 (0xc69d)
core   0: 0x80007236 (0x00008f25) c.xor   a4, s1
core   0: 3 0x80007236 (0x8f25) x14 0x7587083c
core   0: 0x80007238 (0x004d4263) blt     s10, tp, pc + 4
core   0: 3 0x80007238 (0x004d4263)
core   0: 0x8000723c (0x000092e6) c.add   t0, s9
core   0: 3 0x8000723c (0x92e6) x5  0xd1315861
core   0: 0x8000723e (0x025722b3) mulhsu  t0, a4, t0
core   0: 3 0x8000723e (0x025722b3) x5  0x6009e524
core   0: 0x80007242 (0x382f6913) ori     s2, t5, 898
core   0: 3 0x80007242 (0x382f6913) x18 0x002507f3
core   0: 0x80007246 (0x006a0263) beq     s4, t1, pc + 4
core   0: 3 0x80007246 (0x006a0263)
core   0: 0x8000724a (0x0388c5b3) div     a1, a7, s8
core   0: 3 0x8000724a (0x0388c5b3) x11 0x00000000
core   0: 0x8000724e (0x00c12c33) slt     s8, sp, a2
core   0: 3 0x8000724e (0x00c12c33) x24 0x00000000
core   0: 0x80007252 (0x36037693) andi    a3, t1, 864
core   0: 3 0x80007252 (0x36037693) x13 0x00000360
core   0: 0x80007256 (0x03f3d263) bge     t2, t6, pc + 36
core   0: 3 0x80007256 (0x03f3d263)
core   0: 0x8000725a (0x008396b3) sll     a3, t2, s0
core   0: 3 0x8000725a (0x008396b3) x13 0x00000000
core   0: 0x8000725e (0x02524463) blt     tp, t0, pc + 40
core   0: 3 0x8000725e (0x02524463)
core   0: 0x80007286 (0x007c9db3) sll     s11, s9, t2
core   0: 3 0x80007286 (0x007c9db3) x27 0xd13151a0
core   0: 0x8000728a (0x01fd98b3) sll     a7, s11, t6
core   0: 3 0x8000728a (0x01fd98b3) x17 0xa3400000
core   0: 0x8000728e (0x0429c263) blt     s3, sp, pc + 68
core   0: 3 0x8000728e (0x0429c263)
core   0: 0x800072d2 (0x01f88db3) add     s11, a7, t6
core   0: 3 0x800072d2 (0x01f88db3) x27 0xa3400351
core   0: 0x800072d6 (0x00928033) add     zero, t0, s1
core   0: 3 0x800072d6 (0x00928033)
core   0: 0x800072da (0x00000366) c.slli  t1, 25
core   0: 3 0x800072da (0x0366) x6  0xfe000000
core   0: 0x800072dc (0x00006139) c.addi16sp sp, 448
core   0: 3 0x800072dc (0x6139) x2  0x000001c1
core   0: 0x800072de (0x4c966613) ori     a2, a2, 1225
core   0: 3 0x800072de (0x4c966613) x12 0x000004c9
core   0: 0x800072e2 (0x0315b2b3) mulhu   t0, a1, a7
core   0: 3 0x800072e2 (0x0315b2b3) x5  0x00000000
core   0: 0x800072e6 (0x02933a33) mulhu   s4, t1, s1
core   0: 3 0x800072e6 (0x02933a33) x20 0x000008fd
core   0: 0x800072ea (0x013bfb33) and     s6, s7, s3
core   0: 3 0x800072ea (0x013bfb33) x22 0x00000000
core   0: 0x800072ee (0x41cc5d93) srai    s11, s8, 28
core   0: 3 0x800072ee (0x41cc5d93) x27 0x00000000
core   0: 0x800072f2 (0xf5a5bb93) sltiu   s7, a1, -166
core   0: 3 0x800072f2 (0xf5a5bb93) x23 0x00000001
core   0: 0x800072f6 (0x00008da5) c.xor   a1, s1
core   0: 3 0x800072f6 (0x8da5) x11 0x00000910
core   0: 0x800072f8 (0x00000001) c.nop
core   0: 3 0x800072f8 (0x0001)
core   0: 0x800072fa (0x015f9413) slli    s0, t6, 21
core   0: 3 0x800072fa (0x015f9413) x8  0x6a200000
core   0: 0x800072fe (0x00006725) c.lui   a4, 0x9
core   0: 3 0x800072fe (0x6725) x14 0x00009000
core   0: 0x80007300 (0x0326f963) bgeu    a3, s2, pc + 50
core   0: 3 0x80007300 (0x0326f963)
core   0: 0x80007304 (0x0000ce91) c.beqz  a3, pc + 28
core   0: 3 0x80007304 (0xce91)
core   0: 0x80007320 (0x00006149) c.addi16sp sp, 144
core   0: 3 0x80007320 (0x6149) x2  0x00000251
core   0: 0x80007322 (0x018a09b3) add     s3, s4, s8
core   0: 3 0x80007322 (0x018a09b3) x19 0x000008fd
core   0: 0x80007326 (0x013fc963) blt     t6, s3, pc + 18
core   0: 3 0x80007326 (0x013fc963)
core   0: 0x80007338 (0x00001d94) c.addi4spn a3, sp, 752
core   0: 3 0x80007338 (0x1d94) x13 0x00000541
core   0: 0x8000733a (0xb3b48813) addi    a6, s1, -1221
core   0: 3 0x8000733a (0xb3b48813) x16 0x0000044b
core   0: 0x8000733e (0xc3d97813) andi    a6, s2, -963
core   0: 3 0x8000733e (0xc3d97813) x16 0x00250431
core   0: 0x80007342 (0x03297d33) remu    s10, s2, s2
core   0: 3 0x80007342 (0x03297d33) x26 0x00000000
core   0: 0x80007346 (0x029c2733) mulhsu  a4, s8, s1
core   0: 3 0x80007346 (0x029c2733) x14 0x00000000
core   0: 0x8000734a (0x40f7d293) srai    t0, a5, 15
core   0: 3 0x8000734a (0x40f7d293) x5  0x00000000
core   0: 0x8000734e (0x01f93433) sltu    s0, s2, t6
core   0: 3 0x8000734e (0x01f93433) x8  0x00000000
core   0: 0x80007352 (0x00008c6d) c.and   s0, a1
core   0: 3 0x80007352 (0x8c6d) x8  0x00000000
core   0: 0x80007354 (0x00008f49) c.or    a4, a0
core   0: 3 0x80007354 (0x8f49) x14 0x0000edb4
core   0: 0x80007356 (0x023b5663) bge     s6, gp, pc + 44
core   0: 3 0x80007356 (0x023b5663)
core   0: 0x80007382 (0x00000001) c.nop
core   0: 3 0x80007382 (0x0001)
core   0: 0x80007384 (0x00000d08) c.addi4spn a0, sp, 656
core   0: 3 0x80007384 (0x0d08) x10 0x000004e1
core   0: 0x80007386 (0x00008c3d) c.xor   s0, a5
core   0: 3 0x80007386 (0x8c3d) x8  0x00000381
core   0: 0x80007388 (0x8d3e8813) addi    a6, t4, -1837
core   0: 3 0x80007388 (0x8d3e8813) x16 0x307a4443
core   0: 0x8000738c (0x418add93) srai    s11, s5, 24
core   0: 3 0x8000738c (0x418add93) x27 0x00000000
core   0: 0x80007390 (0x40a08a33) sub     s4, ra, a0
core   0: 3 0x80007390 (0x40a08a33) x20 0xfffffb5d
core   0: 0x80007394 (0x0000c48d) c.beqz  s1, pc + 42
core   0: 3 0x80007394 (0xc48d)
core   0: 0x80007396 (0x00112333) slt     t1, sp, ra
core   0: 3 0x80007396 (0x00112333) x6  0x00000000
core   0: 0x8000739a (0xae8f3f13) sltiu   t5, t5, -1304
core   0: 3 0x8000739a (0xae8f3f13) x30 0x00000001
core   0: 0x8000739e (0x000009ee) c.slli  s3, 27
core   0: 3 0x8000739e (0x09ee) x19 0xe8000000
core   0: 0x800073a0 (0x00008429) c.srai  s0, 10
core   0: 3 0x800073a0 (0x8429) x8  0x00000000
core   0: 0x800073a2 (0x00000001) c.nop
core   0: 3 0x800073a2 (0x0001)
core   0: 0x800073a4 (0x00008fa1) c.xor   a5, s0
core   0: 3 0x800073a4 (0x8fa1) x15 0x00000381
core   0: 0x800073a6 (0x00004f99) c.li    t6, 6
core   0: 3 0x800073a6 (0x4f99) x31 0x00000006
core   0: 0x800073a8 (0x01742a33) slt     s4, s0, s7
core   0: 3 0x800073a8 (0x01742a33) x20 0x00000001
core   0: 0x800073ac (0x01079f33) sll     t5, a5, a6
core   0: 3 0x800073ac (0x01079f33) x30 0x00001c08
core   0: 0x800073b0 (0x00aae033) or      zero, s5, a0
core   0: 3 0x800073b0 (0x00aae033)
core   0: 0x800073b4 (0x01aa0033) add     zero, s4, s10
core   0: 3 0x800073b4 (0x01aa0033)
core   0: 0x800073b8 (0x01e8f0b3) and     ra, a7, t5
core   0: 3 0x800073b8 (0x01e8f0b3) x1  0x00000000
core   0: 0x800073bc (0x000083ca) c.mv    t2, s2
core   0: 3 0x800073bc (0x83ca) x7  0x002507f3
core   0: 0x800073be (0x00f00363) beq     zero, a5, pc + 6
core   0: 3 0x800073be (0x00f00363)
core   0: 0x800073c2 (0x00008dee) c.mv    s11, s11
core   0: 3 0x800073c2 (0x8dee) x27 0x00000000
core   0: 0x800073c4 (0x0332b5b3) mulhu   a1, t0, s3
core   0: 3 0x800073c4 (0x0332b5b3) x11 0x00000000
core   0: 0x800073c8 (0x7fc66413) ori     s0, a2, 2044
core   0: 3 0x800073c8 (0x7fc66413) x8  0x000007fd
core   0: 0x800073cc (0x640f3593) sltiu   a1, t5, 1600
core   0: 3 0x800073cc (0x640f3593) x11 0x00000000
core   0: 0x800073d0 (0x00000001) c.nop
core   0: 3 0x800073d0 (0x0001)
core   0: 0x800073d2 (0x0000e80d) c.bnez  s0, pc + 50
core   0: 3 0x800073d2 (0xe80d)
core   0: 0x80007404 (0x01bd5d33) srl     s10, s10, s11
core   0: 3 0x80007404 (0x01bd5d33) x26 0x00000000
core   0: 0x80007408 (0x01fce1b3) or      gp, s9, t6
core   0: 3 0x80007408 (0x01fce1b3) x3  0xd13151a6
core   0: 0x8000740c (0x02a9df63) bge     s3, a0, pc + 62
core   0: 3 0x8000740c (0x02a9df63)
core   0: 0x80007410 (0x00000001) c.nop
core   0: 3 0x80007410 (0x0001)
core   0: 0x80007412 (0x0000830a) c.mv    t1, sp
core   0: 3 0x80007412 (0x830a) x6  0x00000251
core   0: 0x80007414 (0x00008df9) c.and   a1, a4
core   0: 3 0x80007414 (0x8df9) x11 0x00000000
core   0: 0x80007416 (0x00008e15) c.sub   a2, a3
core   0: 3 0x80007416 (0x8e15) x12 0xffffff88
core   0: 0x80007418 (0x418a0db3) sub     s11, s4, s8
core   0: 3 0x80007418 (0x418a0db3) x27 0x00000001
core   0: 0x8000741c (0x0000878d) c.srai  a5, 3
core   0: 3 0x8000741c (0x878d) x15 0x00000070
core   0: 0x8000741e (0x0016e433) or      s0, a3, ra
core   0: 3 0x8000741e (0x0016e433) x8  0x00000541
core   0: 0x80007422 (0xaacea493) slti    s1, t4, -1364
core   0: 3 0x80007422 (0xaacea493) x9  0x00000000
core   0: 0x80007426 (0x000a0033) add     zero, s4, zero
core   0: 3 0x80007426 (0x000a0033)
core   0: 0x8000742a (0x41395493) srai    s1, s2, 19
core   0: 3 0x8000742a (0x41395493) x9  0x00000004
core   0: 0x8000742e (0x00000345) c.addi  t1, 17
core   0: 3 0x8000742e (0x0345) x6  0x00000262
core   0: 0x80007430 (0x00beca33) xor     s4, t4, a1
core   0: 3 0x80007430 (0x00beca33) x20 0x307a4b70
core   0: 0x80007434 (0xd0bf2193) slti    gp, t5, -757
core   0: 3 0x80007434 (0xd0bf2193) x3  0x00000000
core   0: 0x80007438 (0x018b2533) slt     a0, s6, s8
core   0: 3 0x80007438 (0x018b2533) x10 0x00000000
core   0: 0x8000743c (0x04168363) beq     a3, ra, pc + 70
core   0: 3 0x8000743c (0x04168363)
core   0: 0x80007440 (0x0269e863) bltu    s3, t1, pc + 48
core   0: 3 0x80007440 (0x0269e863)
core   0: 0x80007444 (0x0135d713) srli    a4, a1, 19
core   0: 3 0x80007444 (0x0135d713) x14 0x00000000
core   0: 0x80007448 (0x0000989e) c.add   a7, t2
core   0: 3 0x80007448 (0x989e) x17 0xa36507f3
core   0: 0x8000744a (0x007bdab3) srl     s5, s7, t2
core   0: 3 0x8000744a (0x007bdab3) x21 0x00000000
core   0: 0x8000744e (0x007521b3) slt     gp, a0, t2
core   0: 3 0x8000744e (0x007521b3) x3  0x00000001
core   0: 0x80007452 (0x0239c663) blt     s3, gp, pc + 44
core   0: 3 0x80007452 (0x0239c663)
core   0: 0x8000747e (0x26c02d13) slti    s10, zero, 620
core   0: 3 0x8000747e (0x26c02d13) x26 0x00000001
core   0: 0x80007482 (0x7d4ac913) xori    s2, s5, 2004
core   0: 3 0x80007482 (0x7d4ac913) x18 0x000007d4
core   0: 0x80007486 (0x00006169) c.addi16sp sp, 208
core   0: 3 0x80007486 (0x6169) x2  0x00000321
core   0: 0x80007488 (0x030e1c33) mulh    s8, t3, a6
core   0: 3 0x80007488 (0x030e1c33) x24 0xe7c350be
core   0: 0x8000748c (0x00008345) c.srli  a4, 17
core   0: 3 0x8000748c (0x8345) x14 0x00000000
core   0: 0x8000748e (0x00008e2d) c.xor   a2, a1
core   0: 3 0x8000748e (0x8e2d) x12 0xffffff88
core   0: 0x80007490 (0x01980463) beq     a6, s9, pc + 8
core   0: 3 0x80007490 (0x01980463)
core   0: 0x80007494 (0xcd042597) auipc   a1, 0xcd042
core   0: 3 0x80007494 (0xcd042597) x11 0x4d049494
core   0: 0x80007498 (0x00dc55b3) srl     a1, s8, a3
core   0: 3 0x80007498 (0x00dc55b3) x11 0x73e1a85f
core   0: 0x8000749c (0x000090a2) c.add   ra, s0
core   0: 3 0x8000749c (0x90a2) x1  0x00000541
core   0: 0x8000749e (0x00008075) c.srli  s0, 29
core   0: 3 0x8000749e (0x8075) x8  0x00000000
core   0: 0x800074a0 (0x000095d2) c.add   a1, s4
core   0: 3 0x800074a0 (0x95d2) x11 0xa45bf3cf
core   0: 0x800074a2 (0x00001b88) c.addi4spn a0, sp, 496
core   0: 3 0x800074a2 (0x1b88) x10 0x00000511
core   0: 0x800074a4 (0x030993b3) mulh    t2, s3, a6
core   0: 3 0x800074a4 (0x030993b3) x7  0xfb748999
core   0: 0x800074a8 (0x00000339) c.addi  t1, 14
core   0: 3 0x800074a8 (0x0339) x6  0x00000270
core   0: 0x800074aa (0x28fa5f17) auipc   t5, 0x28fa5
core   0: 3 0x800074aa (0x28fa5f17) x30 0xa8fac4aa
core   0: 0x800074ae (0x8197e313) ori     t1, a5, -2023
core   0: 3 0x800074ae (0x8197e313) x6  0xfffff879
core   0: 0x800074b2 (0x40305bb3) sra     s7, zero, gp
core   0: 3 0x800074b2 (0x40305bb3) x23 0x00000000
core   0: 0x800074b6 (0x035079b3) remu    s3, zero, s5
core   0: 3 0x800074b6 (0x035079b3) x19 0x00000000
core   0: 0x800074ba (0x012c5093) srli    ra, s8, 18
core   0: 3 0x800074ba (0x012c5093) x1  0x000039f0
core   0: 0x800074be (0x006af533) and     a0, s5, t1
core   0: 3 0x800074be (0x006af533) x10 0x00000000
core   0: 0x800074c2 (0xad69bd13) sltiu   s10, s3, -1322
core   0: 3 0x800074c2 (0xad69bd13) x26 0x00000001
core   0: 0x800074c6 (0x180a6997) auipc   s3, 0x180a6
core   0: 3 0x800074c6 (0x180a6997) x19 0x980ad4c6
core   0: 0x800074ca (0x000004b6) c.slli  s1, 13
core   0: 3 0x800074ca (0x04b6) x9  0x00008000
core   0: 0x800074cc (0x022482b3) mul     t0, s1, sp
core   0: 3 0x800074cc (0x022482b3) x5  0x01908000
core   0: 0x800074d0 (0x41cd5733) sra     a4, s10, t3
core   0: 3 0x800074d0 (0x41cd5733) x14 0x00000000
core   0: 0x800074d4 (0x40fed7b3) sra     a5, t4, a5
core   0: 3 0x800074d4 (0x40fed7b3) x15 0x0000307a
core   0: 0x800074d8 (0x02c1e533) rem     a0, gp, a2
core   0: 3 0x800074d8 (0x02c1e533) x10 0x00000001
core   0: 0x800074dc (0x00215963) bge     sp, sp, pc + 18
core   0: 3 0x800074dc (0x00215963)
core   0: 0x800074ee (0x0000167d) c.addi  a2, -1
core   0: 3 0x800074ee (0x167d) x12 0xffffff87
core   0: 0x800074f0 (0x01bdd913) srli    s2, s11, 27
core   0: 3 0x800074f0 (0x01bdd913) x18 0x00000000
core   0: 0x800074f4 (0x00fe36b3) sltu    a3, t3, a5
core   0: 3 0x800074f4 (0x00fe36b3) x13 0x00000000
core   0: 0x800074f8 (0x4000d693) srai    a3, ra, 0
core   0: 3 0x800074f8 (0x4000d693) x13 0x000039f0
core   0: 0x800074fc (0x03010b63) beq     sp, a6, pc + 54
core   0: 3 0x800074fc (0x03010b63)
core   0: 0x80007500 (0x038dc1b3) div     gp, s11, s8
core   0: 3 0x80007500 (0x038dc1b3) x3  0x00000000
core   0: 0x80007504 (0x011bccb3) xor     s9, s7, a7
core   0: 3 0x80007504 (0x011bccb3) x25 0xa36507f3
core   0: 0x80007508 (0x0133c733) xor     a4, t2, s3
core   0: 3 0x80007508 (0x0133c733) x14 0x637e5d5f
core   0: 0x8000750c (0x00a35313) srli    t1, t1, 10
core   0: 3 0x8000750c (0x00a35313) x6  0x003ffffe
core   0: 0x80007510 (0x780d8893) addi    a7, s11, 1920
core   0: 3 0x80007510 (0x780d8893) x17 0x00000781
core   0: 0x80007514 (0x036882b3) mul     t0, a7, s6
core   0: 3 0x80007514 (0x036882b3) x5  0x00000000
core   0: 0x80007518 (0x03efff33) remu    t5, t6, t5
core   0: 3 0x80007518 (0x03efff33) x30 0x00000006
core   0: 0x8000751c (0x01325933) srl     s2, tp, s3
core   0: 3 0x8000751c (0x01325933) x18 0x02000a74
core   0: 0x80007520 (0x00008d01) c.sub   a0, s0
core   0: 3 0x80007520 (0x8d01) x10 0x00000001
core   0: 0x80007522 (0x00001bfd) c.addi  s7, -1
core   0: 3 0x80007522 (0x1bfd) x23 0xffffffff
core   0: 0x80007524 (0x013d0963) beq     s10, s3, pc + 18
core   0: 3 0x80007524 (0x013d0963)
core   0: 0x80007528 (0x00009a7d) c.andi  a2, -1
core   0: 3 0x80007528 (0x9a7d) x12 0xffffff87
core   0: 0x8000752a (0x00000001) c.nop
core   0: 3 0x8000752a (0x0001)
core   0: 0x8000752c (0x02c805b3) mul     a1, a6, a2
core   0: 3 0x8000752c (0x02c805b3) x11 0x1635bc55
core   0: 0x80007530 (0x0000997d) c.andi  a0, -1
core   0: 3 0x80007530 (0x997d) x10 0x00000001
core   0: 0x80007532 (0x02dac3b3) div     t2, s5, a3
core   0: 3 0x80007532 (0x02dac3b3) x7  0x00000000
core   0: 0x80007536 (0x01b44433) xor     s0, s0, s11
core   0: 3 0x80007536 (0x01b44433) x8  0x00000001
core   0: 0x8000753a (0x000003f6) c.slli  t2, 29
core   0: 3 0x8000753a (0x03f6) x7  0x00000000
core   0: 0x8000753c (0x0000896e) c.mv    s2, s11
core   0: 3 0x8000753c (0x896e) x18 0x00000001
core   0: 0x8000753e (0x00008e55) c.or    a2, a3
core   0: 3 0x8000753e (0x8e55) x12 0xfffffff7
core   0: 0x80007540 (0x0000e591) c.bnez  a1, pc + 12
core   0: 3 0x80007540 (0xe591)
core   0: 0x8000754c (0xdc4ee8b7) lui     a7, 0xdc4ee
core   0: 3 0x8000754c (0xdc4ee8b7) x17 0xdc4ee000
core   0: 0x80007550 (0x00001c88) c.addi4spn a0, sp, 624
core   0: 3 0x80007550 (0x1c88) x10 0x00000591
core   0: 0x80007552 (0x000086cd) c.srai  a3, 19
core   0: 3 0x80007552 (0x86cd) x13 0x00000000
core   0: 0x80007554 (0x02eef2b3) remu    t0, t4, a4
core   0: 3 0x80007554 (0x02eef2b3) x5  0x307a4b70
core   0: 0x80007558 (0x93c4f117) auipc   sp, 0x93c4f
core   0: 3 0x80007558 (0x93c4f117) x2  0x13c56558
core   0: 0x8000755c (0x0000e321) c.bnez  a4, pc + 64
core   0: 3 0x8000755c (0xe321)
core   0: 0x8000759c (0x01c00c63) beq     zero, t3, pc + 24
core   0: 3 0x8000759c (0x01c00c63)
core   0: 0x800075a0 (0x00000398) c.addi4spn a4, sp, 448
core   0: 3 0x800075a0 (0x0398) x14 0x13c56718
core   0: 0x800075a2 (0x0000e11d) c.bnez  a0, pc + 38
core   0: 3 0x800075a2 (0xe11d)
core   0: 0x800075c8 (0x00d17fb3) and     t6, sp, a3
core   0: 3 0x800075c8 (0x00d17fb3) x31 0x00000000
core   0: 0x800075cc (0xe122fa93) andi    s5, t0, -494
core   0: 3 0x800075cc (0xe122fa93) x21 0x307a4a10
core   0: 0x800075d0 (0x0211cab3) div     s5, gp, ra
core   0: 3 0x800075d0 (0x0211cab3) x21 0x00000000
core   0: 0x800075d4 (0x0000033e) c.slli  t1, 15
core   0: 3 0x800075d4 (0x033e) x6  0xffff0000
core   0: 0x800075d6 (0x00008111) c.srli  a0, 4
core   0: 3 0x800075d6 (0x8111) x10 0x00000059
core   0: 0x800075d8 (0x00ba9633) sll     a2, s5, a1
core   0: 3 0x800075d8 (0x00ba9633) x12 0x00000000
core   0: 0x800075dc (0x02608063) beq     ra, t1, pc + 32
core   0: 3 0x800075dc (0x02608063)
core   0: 0x800075e0 (0x0042eab3) or      s5, t0, tp
core   0: 3 0x800075e0 (0x0042eab3) x21 0xb07adf74
core   0: 0x800075e4 (0x00008591) c.srai  a1, 4
core   0: 3 0x800075e4 (0x8591) x11 0x01635bc5
core   0: 0x800075e6 (0x0263cab3) div     s5, t2, t1
core   0: 3 0x800075e6 (0x0263cab3) x21 0x00000000
core   0: 0x800075ea (0x03b86563) bltu    a6, s11, pc + 42
core   0: 3 0x800075ea (0x03b86563)
core   0: 0x800075ee (0x003d8a63) beq     s11, gp, pc + 20
core   0: 3 0x800075ee (0x003d8a63)
core   0: 0x800075f2 (0x03060b33) mul     s6, a2, a6
core   0: 3 0x800075f2 (0x03060b33) x22 0x00000000
core   0: 0x800075f6 (0x004cd133) srl     sp, s9, tp
core   0: 3 0x800075f6 (0x004cd133) x2  0x0a36507f
core   0: 0x800075fa (0x00006135) c.addi16sp sp, 352
core   0: 3 0x800075fa (0x6135) x2  0x0a3651df
core   0: 0x800075fc (0x0000e009) c.bnez  s0, pc + 2
core   0: 3 0x800075fc (0xe009)
core   0: 0x800075fe (0x00eeb5b3) sltu    a1, t4, a4
core   0: 3 0x800075fe (0x00eeb5b3) x11 0x00000000
core   0: 0x80007602 (0x03567033) remu    zero, a2, s5
core   0: 3 0x80007602 (0x03567033)
core   0: 0x80007606 (0x02cfca33) div     s4, t6, a2
core   0: 3 0x80007606 (0x02cfca33) x20 0xffffffff
core   0: 0x8000760a (0x02d78033) mul     zero, a5, a3
core   0: 3 0x8000760a (0x02d78033)
core   0: 0x8000760e (0x00009726) c.add   a4, s1
core   0: 3 0x8000760e (0x9726) x14 0x13c5e718
core   0: 0x80007610 (0x4190dc33) sra     s8, ra, s9
core   0: 3 0x80007610 (0x4190dc33) x24 0x00000000
core   0: 0x80007614 (0x0081f9b3) and     s3, gp, s0
core   0: 3 0x80007614 (0x0081f9b3) x19 0x00000000
core   0: 0x80007618 (0x03e9d463) bge     s3, t5, pc + 40
core   0: 3 0x80007618 (0x03e9d463)
core   0: 0x8000761c (0x00001618) c.addi4spn a4, sp, 800
core   0: 3 0x8000761c (0x1618) x14 0x0a3654ff
core   0: 0x8000761e (0x00008a2e) c.mv    s4, a1
core   0: 3 0x8000761e (0x8a2e) x20 0x00000000
core   0: 0x80007620 (0x00008bfe) c.mv    s7, t6
core   0: 3 0x80007620 (0x8bfe) x23 0x00000000
core   0: 0x80007622 (0x41a2dd33) sra     s10, t0, s10
core   0: 3 0x80007622 (0x41a2dd33) x26 0x183d25b8
core   0: 0x80007626 (0x003d5cb3) srl     s9, s10, gp
core   0: 3 0x80007626 (0x003d5cb3) x25 0x183d25b8
core   0: 0x8000762a (0x00009c1e) c.add   s8, t2
core   0: 3 0x8000762a (0x9c1e) x24 0x00000000
core   0: 0x8000762c (0x95b7ca17) auipc   s4, 0x95b7c
core   0: 3 0x8000762c (0x95b7ca17) x20 0x15b8362c
core   0: 0x80007630 (0xceca6813) ori     a6, s4, -788
core   0: 3 0x80007630 (0xceca6813) x16 0xfffffeec
core   0: 0x80007634 (0x004e1363) bne     t3, tp, pc + 6
core   0: 3 0x80007634 (0x004e1363)
core   0: 0x8000763a (0x5339b813) sltiu   a6, s3, 1331
core   0: 3 0x8000763a (0x5339b813) x16 0x00000001
core   0: 0x8000763e (0x00004815) c.li    a6, 5
core   0: 3 0x8000763e (0x4815) x16 0x00000005
core   0: 0x80007640 (0x00008f01) c.sub   a4, s0
core   0: 3 0x80007640 (0x8f01) x14 0x0a3654fe
core   0: 0x80007642 (0x0301d333) divu    t1, gp, a6
core   0: 3 0x80007642 (0x0301d333) x6  0x00000000
core   0: 0x80007646 (0x0000645d) c.lui   s0, 0x17
core   0: 3 0x80007646 (0x645d) x8  0x00017000
core   0: 0x80007648 (0x019e5593) srli    a1, t3, 25
core   0: 3 0x80007648 (0x019e5593) x11 0x00000040
core   0: 0x8000764c (0x000854b3) srl     s1, a6, zero
core   0: 3 0x8000764c (0x000854b3) x9  0x00000005
core   0: 0x80007650 (0x033ac9b3) div     s3, s5, s3
core   0: 3 0x80007650 (0x033ac9b3) x19 0xffffffff
core   0: 0x80007654 (0x022b12b3) mulh    t0, s6, sp
core   0: 3 0x80007654 (0x022b12b3) x5  0x00000000
core   0: 0x80007658 (0x024943b3) div     t2, s2, tp
core   0: 3 0x80007658 (0x024943b3) x7  0x00000000
core   0: 0x8000765c (0x02edbab3) mulhu   s5, s11, a4
core   0: 3 0x8000765c (0x02edbab3) x21 0x00000000
core   0: 0x80007660 (0x00781ab3) sll     s5, a6, t2
core   0: 3 0x80007660 (0x00781ab3) x21 0x00000005
core   0: 0x80007664 (0x015e51b3) srl     gp, t3, s5
core   0: 3 0x80007664 (0x015e51b3) x3  0x040012f5
core   0: 0x80007668 (0x01466ab3) or      s5, a2, s4
core   0: 3 0x80007668 (0x01466ab3) x21 0x15b8362c
core   0: 0x8000766c (0x01228cb3) add     s9, t0, s2
core   0: 3 0x8000766c (0x01228cb3) x25 0x00000001
core   0: 0x80007670 (0x025d47b3) div     a5, s10, t0
core   0: 3 0x80007670 (0x025d47b3) x15 0xffffffff
core   0: 0x80007674 (0x00000001) c.nop
core   0: 3 0x80007674 (0x0001)
core   0: 0x80007676 (0x00006cf1) c.lui   s9, 0x1c
core   0: 3 0x80007676 (0x6cf1) x25 0x0001c000
core   0: 0x80007678 (0x3b26ea13) ori     s4, a3, 946
core   0: 3 0x80007678 (0x3b26ea13) x20 0x000003b2
core   0: 0x8000767c (0x00001c18) c.addi4spn a4, sp, 560
core   0: 3 0x8000767c (0x1c18) x14 0x0a36540f
core   0: 0x8000767e (0xd0dbe893) ori     a7, s7, -755
core   0: 3 0x8000767e (0xd0dbe893) x17 0xfffffd0d
core   0: 0x80007682 (0x00009c26) c.add   s8, s1
core   0: 3 0x80007682 (0x9c26) x24 0x00000005
core   0: 0x80007684 (0x00008a61) c.andi  a2, 24
core   0: 3 0x80007684 (0x8a61) x12 0x00000000
core   0: 0x80007686 (0x45723293) sltiu   t0, tp, 1111
core   0: 3 0x80007686 (0x45723293) x5  0x00000000
core   0: 0x8000768a (0xa0980f13) addi    t5, a6, -1527
core   0: 3 0x8000768a (0xa0980f13) x30 0xfffffa0e
core   0: 0x8000768e (0x03a36bb3) rem     s7, t1, s10
core   0: 3 0x8000768e (0x03a36bb3) x23 0x00000000
core   0: 0x80007692 (0x00009bfd) c.andi  a5, -1
core   0: 3 0x80007692 (0x9bfd) x15 0xffffffff
core   0: 0x80007694 (0x0000996a) c.add   s2, s10
core   0: 3 0x80007694 (0x996a) x18 0x183d25b9
core   0: 0x80007696 (0xf9282d93) slti    s11, a6, -110
core   0: 3 0x80007696 (0xf9282d93) x27 0x00000000
core   0: 0x8000769a (0x01068863) beq     a3, a6, pc + 16
core   0: 3 0x8000769a (0x01068863)
core   0: 0x8000769e (0x006ca933) slt     s2, s9, t1
core   0: 3 0x8000769e (0x006ca933) x18 0x00000000
core   0: 0x800076a2 (0x00006149) c.addi16sp sp, 144
core   0: 3 0x800076a2 (0x6149) x2  0x0a36526f
core   0: 0x800076a4 (0x00008fc9) c.or    a5, a0
core   0: 3 0x800076a4 (0x8fc9) x15 0xffffffff
core   0: 0x800076a6 (0x03353fb3) mulhu   t6, a0, s3
core   0: 3 0x800076a6 (0x03353fb3) x31 0x00000058
core   0: 0x800076aa (0x0000117d) c.addi  sp, -1
core   0: 3 0x800076aa (0x117d) x2  0x0a36526e
core   0: 0x800076ac (0x036339b3) mulhu   s3, t1, s6
core   0: 3 0x800076ac (0x036339b3) x19 0x00000000
core   0: 0x800076b0 (0x51973513) sltiu   a0, a4, 1305
core   0: 3 0x800076b0 (0x51973513) x10 0x00000000
core   0: 0x800076b4 (0x00006111) c.addi16sp sp, 256
core   0: 3 0x800076b4 (0x6111) x2  0x0a36536e
core   0: 0x800076b6 (0xa13cf8b7) lui     a7, 0xa13cf
core   0: 3 0x800076b6 (0xa13cf8b7) x17 0xa13cf000
core   0: 0x800076ba (0x0000e69d) c.bnez  a3, pc + 46
core   0: 3 0x800076ba (0xe69d)
core   0: 0x800076bc (0x02af8463) beq     t6, a0, pc + 40
core   0: 3 0x800076bc (0x02af8463)
core   0: 0x800076c0 (0x40938c33) sub     s8, t2, s1
core   0: 3 0x800076c0 (0x40938c33) x24 0xfffffffb
core   0: 0x800076c4 (0x00008499) c.srai  s1, 6
core   0: 3 0x800076c4 (0x8499) x9  0x00000000
core   0: 0x800076c6 (0x034775b3) remu    a1, a4, s4
core   0: 3 0x800076c6 (0x034775b3) x11 0x0000029f
core   0: 0x800076ca (0x00008d11) c.sub   a0, a2
core   0: 3 0x800076ca (0x8d11) x10 0x00000000
core   0: 0x800076cc (0x033b1463) bne     s6, s3, pc + 40
core   0: 3 0x800076cc (0x033b1463)
core   0: 0x800076d0 (0xea597c93) andi    s9, s2, -347
core   0: 3 0x800076d0 (0xea597c93) x25 0x00000000
core   0: 0x800076d4 (0x015cf733) and     a4, s9, s5
core   0: 3 0x800076d4 (0x015cf733) x14 0x00000000
core   0: 0x800076d8 (0x00008f32) c.mv    t5, a2
core   0: 3 0x800076d8 (0x8f32) x30 0x00000000
core   0: 0x800076da (0x00001ffd) c.addi  t6, -1
core   0: 3 0x800076da (0x1ffd) x31 0x00000057
core   0: 0x800076dc (0x406dc037) lui     zero, 0x406dc
core   0: 3 0x800076dc (0x406dc037)
core   0: 0x800076e0 (0x00008f89) c.sub   a5, a0
core   0: 3 0x800076e0 (0x8f89) x15 0xffffffff
core   0: 0x800076e2 (0x000055fd) c.li    a1, -1
core   0: 3 0x800076e2 (0x55fd) x11 0xffffffff
core   0: 0x800076e4 (0x02fadcb3) divu    s9, s5, a5
core   0: 3 0x800076e4 (0x02fadcb3) x25 0x00000000
core   0: 0x800076e8 (0xc9755717) auipc   a4, 0xc9755
core   0: 3 0x800076e8 (0xc9755717) x14 0x4975c6e8
core   0: 0x800076ec (0x0000e005) c.bnez  s0, pc + 32
core   0: 3 0x800076ec (0xe005)
core   0: 0x8000770c (0x00375b13) srli    s6, a4, 3
core   0: 3 0x8000770c (0x00375b13) x22 0x092eb8dd
core   0: 0x80007710 (0x41335913) srai    s2, t1, 19
core   0: 3 0x80007710 (0x41335913) x18 0x00000000
core   0: 0x80007714 (0xef564813) xori    a6, a2, -267
core   0: 3 0x80007714 (0xef564813) x16 0xfffffef5
core   0: 0x80007718 (0x68fde513) ori     a0, s11, 1679
core   0: 3 0x80007718 (0x68fde513) x10 0x0000068f
core   0: 0x8000771c (0x03a78c63) beq     a5, s10, pc + 56
core   0: 3 0x8000771c (0x03a78c63)
core   0: 0x80007720 (0x36b23d13) sltiu   s10, tp, 875
core   0: 3 0x80007720 (0x36b23d13) x26 0x00000000
core   0: 0x80007724 (0x00000001) c.nop
core   0: 3 0x80007724 (0x0001)
core   0: 0x80007726 (0x010a4d33) xor     s10, s4, a6
core   0: 3 0x80007726 (0x010a4d33) x26 0xfffffd47
core   0: 0x8000772a (0x00bc6b63) bltu    s8, a1, pc + 22
core   0: 3 0x8000772a (0x00bc6b63)
core   0: 0x80007740 (0x021602b3) mul     t0, a2, ra
core   0: 3 0x80007740 (0x021602b3) x5  0x00000000
core   0: 0x80007744 (0x02a40cb3) mul     s9, s0, a0
core   0: 3 0x80007744 (0x02a40cb3) x25 0x096d9000
core   0: 0x80007748 (0x00000318) c.addi4spn a4, sp, 384
core   0: 3 0x80007748 (0x0318) x14 0x0a3654ee
core   0: 0x8000774a (0x01a41d93) slli    s11, s0, 26
core   0: 3 0x8000774a (0x01a41d93) x27 0x00000000
core   0: 0x8000774e (0x0000842d) c.srai  s0, 11
core   0: 3 0x8000774e (0x842d) x8  0x0000002e
core   0: 0x80007750 (0x40335d93) srai    s11, t1, 3
core   0: 3 0x80007750 (0x40335d93) x27 0x00000000
core   0: 0x80007754 (0x001fafb3) slt     t6, t6, ra
core   0: 3 0x80007754 (0x001fafb3) x31 0x00000001
core   0: 0x80007758 (0x40c2d713) srai    a4, t0, 12
core   0: 3 0x80007758 (0x40c2d713) x14 0x00000000
core   0: 0x8000775c (0x00000a0e) c.slli  s4, 3
core   0: 3 0x8000775c (0x0a0e) x20 0x00001d90
core   0: 0x8000775e (0x03437963) bgeu    t1, s4, pc + 50
core   0: 3 0x8000775e (0x03437963)
core   0: 0x80007762 (0x02b09ab3) mulh    s5, ra, a1
core   0: 3 0x80007762 (0x02b09ab3) x21 0xffffffff
core   0: 0x80007766 (0x02a84d63) blt     a6, a0, pc + 58
core   0: 3 0x80007766 (0x02a84d63)
core   0: 0x800077a0 (0x02d3eb33) rem     s6, t2, a3
core   0: 3 0x800077a0 (0x02d3eb33) x22 0x00000000
core   0: 0x800077a4 (0x0000ed11) c.bnez  a0, pc + 28
core   0: 3 0x800077a4 (0xed11)
core   0: 0x800077c0 (0x023d4633) div     a2, s10, gp
core   0: 3 0x800077c0 (0x023d4633) x12 0x00000000
core   0: 0x800077c4 (0x002e1193) slli    gp, t3, 2
core   0: 3 0x800077c4 (0x002e1193) x3  0x00097a90
core   0: 0x800077c8 (0x00008522) c.mv    a0, s0
core   0: 3 0x800077c8 (0x8522) x10 0x0000002e
core   0: 0x800077ca (0x0344afb3) mulhsu  t6, s1, s4
core   0: 3 0x800077ca (0x0344afb3) x31 0x00000000
core   0: 0x800077ce (0x000058fd) c.li    a7, -1
core   0: 3 0x800077ce (0x58fd) x17 0xffffffff
core   0: 0x800077d0 (0x52f29937) lui     s2, 0x52f29
core   0: 3 0x800077d0 (0x52f29937) x18 0x52f29000
core   0: 0x800077d4 (0x033a12b3) mulh    t0, s4, s3
core   0: 3 0x800077d4 (0x033a12b3) x5  0x00000000
core   0: 0x800077d8 (0x03050163) beq     a0, a6, pc + 34
core   0: 3 0x800077d8 (0x03050163)
core   0: 0x800077dc (0x0000448d) c.li    s1, 3
core   0: 3 0x800077dc (0x448d) x9  0x00000003
core   0: 0x800077de (0x00008ff1) c.and   a5, a2
core   0: 3 0x800077de (0x8ff1) x15 0x00000000
core   0: 0x800077e0 (0x01add863) bge     s11, s10, pc + 16
core   0: 3 0x800077e0 (0x01add863)
core   0: 0x800077f0 (0x02fc8263) beq     s9, a5, pc + 36
core   0: 3 0x800077f0 (0x02fc8263)
core   0: 0x800077f4 (0x74794f93) xori    t6, s2, 1863
core   0: 3 0x800077f4 (0x74794f93) x31 0x52f29747
core   0: 0x800077f8 (0x00000001) c.nop
core   0: 3 0x800077f8 (0x0001)
core   0: 0x800077fa (0x00008f15) c.sub   a4, a3
core   0: 3 0x800077fa (0x8f15) x14 0x00000000
core   0: 0x800077fc (0x00008fa1) c.xor   a5, s0
core   0: 3 0x800077fc (0x8fa1) x15 0x0000002e
core   0: 0x800077fe (0x017676b3) and     a3, a2, s7
core   0: 3 0x800077fe (0x017676b3) x13 0x00000000
core   0: 0x80007802 (0x036a76b3) remu    a3, s4, s6
core   0: 3 0x80007802 (0x036a76b3) x13 0x00001d90
core   0: 0x80007806 (0x03c8e663) bltu    a7, t3, pc + 44
core   0: 3 0x80007806 (0x03c8e663)
core   0: 0x8000780a (0x00000001) c.nop
core   0: 3 0x8000780a (0x0001)
core   0: 0x8000780c (0x1c2d9097) auipc   ra, 0x1c2d9
core   0: 3 0x8000780c (0x1c2d9097) x1  0x9c2e080c
core   0: 0x80007810 (0x0040ac33) slt     s8, ra, tp
core   0: 3 0x80007810 (0x0040ac33) x24 0x00000000
core   0: 0x80007814 (0x83adf593) andi    a1, s11, -1990
core   0: 3 0x80007814 (0x83adf593) x11 0x00000000
core   0: 0x80007818 (0x00008f41) c.or    a4, s0
core   0: 3 0x80007818 (0x8f41) x14 0x0000002e
core   0: 0x8000781a (0x01216963) bltu    sp, s2, pc + 18
core   0: 3 0x8000781a (0x01216963)
core   0: 0x8000782c (0x00000001) c.nop
core   0: 3 0x8000782c (0x0001)
core   0: 0x8000782e (0x01ad55b3) srl     a1, s10, s10
core   0: 3 0x8000782e (0x01ad55b3) x11 0x01fffffa
core   0: 0x80007832 (0x41fb56b3) sra     a3, s6, t6
core   0: 3 0x80007832 (0x41fb56b3) x13 0x00000000
core   0: 0x80007836 (0x3312c793) xori    a5, t0, 817
core   0: 3 0x80007836 (0x3312c793) x15 0x00000331
core   0: 0x8000783a (0x0200d633) divu    a2, ra, zero
core   0: 3 0x8000783a (0x0200d633) x12 0xffffffff
core   0: 0x8000783e (0xa90d9ab7) lui     s5, 0xa90d9
core   0: 3 0x8000783e (0xa90d9ab7) x21 0xa90d9000
core   0: 0x80007842 (0x039381b3) mul     gp, t2, s9
core   0: 3 0x80007842 (0x039381b3) x3  0x00000000
core   0: 0x80007846 (0x009fecb3) or      s9, t6, s1
core   0: 3 0x80007846 (0x009fecb3) x25 0x52f29747
core   0: 0x8000784a (0x00f046b3) xor     a3, zero, a5
core   0: 3 0x8000784a (0x00f046b3) x13 0x00000331
core   0: 0x8000784e (0x0000876d) c.srai  a4, 27
core   0: 3 0x8000784e (0x876d) x14 0x00000000
core   0: 0x80007850 (0x00008c75) c.and   s0, a3
core   0: 3 0x80007850 (0x8c75) x8  0x00000020
core   0: 0x80007852 (0x028931b3) mulhu   gp, s2, s0
core   0: 3 0x80007852 (0x028931b3) x3  0x0000000a
core   0: 0x80007856 (0x0000039a) c.slli  t2, 6
core   0: 3 0x80007856 (0x039a) x7  0x00000000
core   0: 0x80007858 (0x02d0f333) remu    t1, ra, a3
core   0: 3 0x80007858 (0x02d0f333) x6  0x000001b5
core   0: 0x8000785c (0x000081d5) c.srli  a1, 21
core   0: 3 0x8000785c (0x81d5) x11 0x0000000f
core   0: 0x8000785e (0x00000001) c.nop
core   0: 3 0x8000785e (0x0001)
core   0: 0x80007860 (0x03d6da33) divu    s4, a3, t4
core   0: 3 0x80007860 (0x03d6da33) x20 0x00000000
core   0: 0x80007864 (0x03ee9b33) mulh    s6, t4, t5
core   0: 3 0x80007864 (0x03ee9b33) x22 0x00000000
core   0: 0x80007868 (0x010bbfb3) sltu    t6, s7, a6
core   0: 3 0x80007868 (0x010bbfb3) x31 0x00000001
core   0: 0x8000786c (0x016c22b3) slt     t0, s8, s6
core   0: 3 0x8000786c (0x016c22b3) x5  0x00000000
core   0: 0x80007870 (0x02c54133) div     sp, a0, a2
core   0: 3 0x80007870 (0x02c54133) x2  0xffffffd2
core   0: 0x80007874 (0x40805713) srai    a4, zero, 8
core   0: 3 0x80007874 (0x40805713) x14 0x00000000
core   0: 0x80007878 (0x00b936b3) sltu    a3, s2, a1
core   0: 3 0x80007878 (0x00b936b3) x13 0x00000000
core   0: 0x8000787c (0x02c927b3) mulhsu  a5, s2, a2
core   0: 3 0x8000787c (0x02c927b3) x15 0x52f28fff
core   0: 0x80007880 (0x00024f63) bltz    tp, pc + 30
core   0: 3 0x80007880 (0x00024f63)
core   0: 0x8000789e (0x00000001) c.nop
core   0: 3 0x8000789e (0x0001)
core   0: 0x800078a0 (0x03788e63) beq     a7, s7, pc + 60
core   0: 3 0x800078a0 (0x03788e63)
core   0: 0x800078a4 (0x0000e695) c.bnez  a3, pc + 44
core   0: 3 0x800078a4 (0xe695)
core   0: 0x800078a6 (0x030cefb3) rem     t6, s9, a6
core   0: 3 0x800078a6 (0x030cefb3) x31 0x000000fc
core   0: 0x800078aa (0x0387a9b3) mulhsu  s3, a5, s8
core   0: 3 0x800078aa (0x0387a9b3) x19 0x00000000
core   0: 0x800078ae (0x000081d5) c.srli  a1, 21
core   0: 3 0x800078ae (0x81d5) x11 0x00000000
core   0: 0x800078b0 (0x00000a4e) c.slli  s4, 19
core   0: 3 0x800078b0 (0x0a4e) x20 0x00000000
core   0: 0x800078b2 (0x01d9ec63) bltu    s3, t4, pc + 24
core   0: 3 0x800078b2 (0x01d9ec63)
core   0: 0x800078ca (0x00006109) c.addi16sp sp, 128
core   0: 3 0x800078ca (0x6109) x2  0x00000052
core   0: 0x800078cc (0x00c3f9b7) lui     s3, 0xc3f
core   0: 3 0x800078cc (0x00c3f9b7) x19 0x00c3f000
core   0: 0x800078d0 (0x02170133) mul     sp, a4, ra
core   0: 3 0x800078d0 (0x02170133) x2  0x00000000
core   0: 0x800078d4 (0x029c0133) mul     sp, s8, s1
core   0: 3 0x800078d4 (0x029c0133) x2  0x00000000
core   0: 0x800078d8 (0x0000011e) c.slli  sp, 7
core   0: 3 0x800078d8 (0x011e) x2  0x00000000
core   0: 0x800078da (0x00008c46) c.mv    s8, a7
core   0: 3 0x800078da (0x8c46) x24 0xffffffff
core   0: 0x800078dc (0x00001798) c.addi4spn a4, sp, 992
core   0: 3 0x800078dc (0x1798) x14 0x000003e0
core   0: 0x800078de (0x002163b3) or      t2, sp, sp
core   0: 3 0x800078de (0x002163b3) x7  0x00000000
core   0: 0x800078e2 (0x00ed9033) sll     zero, s11, a4
core   0: 3 0x800078e2 (0x00ed9033)
core   0: 0x800078e6 (0x07659b37) lui     s6, 0x7659
core   0: 3 0x800078e6 (0x07659b37) x22 0x07659000
core   0: 0x800078ea (0x03aa37b3) mulhu   a5, s4, s10
core   0: 3 0x800078ea (0x03aa37b3) x15 0x00000000
core   0: 0x800078ee (0x00008f61) c.and   a4, s0
core   0: 3 0x800078ee (0x8f61) x14 0x00000020
core   0: 0x800078f0 (0x4172da33) sra     s4, t0, s7
core   0: 3 0x800078f0 (0x4172da33) x20 0x00000000
core   0: 0x800078f4 (0x00000998) c.addi4spn a4, sp, 208
core   0: 3 0x800078f4 (0x0998) x14 0x000000d0
core   0: 0x800078f6 (0x0000017e) c.slli  sp, 31
core   0: 3 0x800078f6 (0x017e) x2  0x00000000
core   0: 0x800078f8 (0x01bba133) slt     sp, s7, s11
core   0: 3 0x800078f8 (0x01bba133) x2  0x00000000
core   0: 0x800078fc (0x00009862) c.add   a6, s8
core   0: 3 0x800078fc (0x9862) x16 0xfffffef4
core   0: 0x800078fe (0x00607263) bgeu    zero, t1, pc + 4
core   0: 3 0x800078fe (0x00607263)
core   0: 0x80007902 (0x0083f333) and     t1, t2, s0
core   0: 3 0x80007902 (0x0083f333) x6  0x00000000
core   0: 0x80007906 (0xed0d6f13) ori     t5, s10, -304
core   0: 3 0x80007906 (0xed0d6f13) x30 0xffffffd7
core   0: 0x8000790a (0x0238b9b3) mulhu   s3, a7, gp
core   0: 3 0x8000790a (0x0238b9b3) x19 0x00000009
core   0: 0x8000790e (0x00008d25) c.xor   a0, s1
core   0: 3 0x8000790e (0x8d25) x10 0x0000002d
core   0: 0x80007910 (0x034f1a33) mulh    s4, t5, s4
core   0: 3 0x80007910 (0x034f1a33) x20 0x00000000
core   0: 0x80007914 (0x00008659) c.srai  a2, 22
core   0: 3 0x80007914 (0x8659) x12 0xffffffff
core   0: 0x80007916 (0x0169c863) blt     s3, s6, pc + 16
core   0: 3 0x80007916 (0x0169c863)
core   0: 0x80007926 (0x02ec1663) bne     s8, a4, pc + 44
core   0: 3 0x80007926 (0x02ec1663)
core   0: 0x80007952 (0x00008d81) c.sub   a1, s0
core   0: 3 0x80007952 (0x8d81) x11 0xffffffe0
core   0: 0x80007954 (0x01767fb3) and     t6, a2, s7
core   0: 3 0x80007954 (0x01767fb3) x31 0x00000000
core   0: 0x80007958 (0x01b47c33) and     s8, s0, s11
core   0: 3 0x80007958 (0x01b47c33) x24 0x00000000
core   0: 0x8000795c (0x00008441) c.srai  s0, 16
core   0: 3 0x8000795c (0x8441) x8  0x00000000
core   0: 0x8000795e (0x00008d4d) c.or    a0, a1
core   0: 3 0x8000795e (0x8d4d) x10 0xffffffed
core   0: 0x80007960 (0x000010fd) c.addi  ra, -1
core   0: 3 0x80007960 (0x10fd) x1  0x9c2e080b
core   0: 0x80007962 (0x000000a6) c.slli  ra, 9
core   0: 3 0x80007962 (0x00a6) x1  0x5c101600
core   0: 0x80007964 (0x018c6c33) or      s8, s8, s8
core   0: 3 0x80007964 (0x018c6c33) x24 0x00000000
core   0: 0x80007968 (0x00216463) bltu    sp, sp, pc + 8
core   0: 3 0x80007968 (0x00216463)
core   0: 0x8000796c (0x003a6c33) or      s8, s4, gp
core   0: 3 0x8000796c (0x003a6c33) x24 0x0000000a
core   0: 0x80007970 (0x00c8e093) ori     ra, a7, 12
core   0: 3 0x80007970 (0x00c8e093) x1  0xffffffff
core   0: 0x80007974 (0x000098fd) c.andi  s1, -1
core   0: 3 0x80007974 (0x98fd) x9  0x00000003
core   0: 0x80007976 (0x038e1963) bne     t3, s8, pc + 50
core   0: 3 0x80007976 (0x038e1963)
core   0: 0x800079a8 (0x401d04b3) sub     s1, s10, ra
core   0: 3 0x800079a8 (0x401d04b3) x9  0xfffffd48
core   0: 0x800079ac (0x04bd4863) blt     s10, a1, pc + 80
core   0: 3 0x800079ac (0x04bd4863)
core   0: 0x800079fc (0x001530b3) sltu    ra, a0, ra
core   0: 3 0x800079fc (0x001530b3) x1  0x00000001
core   0: 0x80007a00 (0x02225633) divu    a2, tp, sp
core   0: 3 0x80007a00 (0x02225633) x12 0xffffffff
core   0: 0x80007a04 (0x00008855) c.andi  s0, 21
core   0: 3 0x80007a04 (0x8855) x8  0x00000000
core   0: 0x80007a06 (0x00000001) c.nop
core   0: 3 0x80007a06 (0x0001)
core   0: 0x80007a08 (0x0000187d) c.addi  a6, -1
core   0: 3 0x80007a08 (0x187d) x16 0xfffffef3
core   0: 0x80007a0a (0x03106d33) rem     s10, zero, a7
core   0: 3 0x80007a0a (0x03106d33) x26 0x00000000
core   0: 0x80007a0e (0x03eee963) bltu    t4, t5, pc + 50
core   0: 3 0x80007a0e (0x03eee963)
core   0: 0x80007a40 (0x00009762) c.add   a4, s8
core   0: 3 0x80007a40 (0x9762) x14 0x000000da
core   0: 0x80007a42 (0x0037bcb3) sltu    s9, a5, gp
core   0: 3 0x80007a42 (0x0037bcb3) x25 0x00000001
core   0: 0x80007a46 (0x3709edb7) lui     s11, 0x3709e
core   0: 3 0x80007a46 (0x3709edb7) x27 0x3709e000
core   0: 0x80007a4a (0x0047d693) srli    a3, a5, 4
core   0: 3 0x80007a4a (0x0047d693) x13 0x00000000
core   0: 0x80007a4e (0x00000001) c.nop
core   0: 3 0x80007a4e (0x0001)
core   0: 0x80007a50 (0x40555d33) sra     s10, a0, t0
core   0: 3 0x80007a50 (0x40555d33) x26 0xffffffed
core   0: 0x80007a54 (0x0000939e) c.add   t2, t2
core   0: 3 0x80007a54 (0x939e) x7  0x00000000
core   0: 0x80007a56 (0x00000001) c.nop
core   0: 3 0x80007a56 (0x0001)
core   0: 0x80007a58 (0xa1af2193) slti    gp, t5, -1510
core   0: 3 0x80007a58 (0xa1af2193) x3  0x00000000
core   0: 0x80007a5c (0x0000cc11) c.beqz  s0, pc + 28
core   0: 3 0x80007a5c (0xcc11)
core   0: 0x80007a78 (0x62b23793) sltiu   a5, tp, 1579
core   0: 3 0x80007a78 (0x62b23793) x15 0x00000000
core   0: 0x80007a7c (0x03259833) mulh    a6, a1, s2
core   0: 3 0x80007a7c (0x03259833) x16 0xfffffff5
core   0: 0x80007a80 (0x00006149) c.addi16sp sp, 144
core   0: 3 0x80007a80 (0x6149) x2  0x00000090
core   0: 0x80007a82 (0x57b88437) lui     s0, 0x57b88
core   0: 3 0x80007a82 (0x57b88437) x8  0x57b88000
core   0: 0x80007a86 (0x016066b3) or      a3, zero, s6
core   0: 3 0x80007a86 (0x016066b3) x13 0x07659000
core   0: 0x80007a8a (0xa462a793) slti    a5, t0, -1466
core   0: 3 0x80007a8a (0xa462a793) x15 0x00000000
core   0: 0x80007a8e (0x03d98833) mul     a6, s3, t4
core   0: 3 0x80007a8e (0x03d98833) x16 0xb44ca6f0
core   0: 0x80007a92 (0x00008015) c.srli  s0, 5
core   0: 3 0x80007a92 (0x8015) x8  0x02bdc400
core   0: 0x80007a94 (0xf2d12713) slti    a4, sp, -211
core   0: 3 0x80007a94 (0xf2d12713) x14 0x00000000
core   0: 0x80007a98 (0x002a59b3) srl     s3, s4, sp
core   0: 3 0x80007a98 (0x002a59b3) x19 0x00000000
core   0: 0x80007a9c (0x0000e591) c.bnez  a1, pc + 12
core   0: 3 0x80007a9c (0xe591)
core   0: 0x80007aa8 (0x013eec63) bltu    t4, s3, pc + 24
core   0: 3 0x80007aa8 (0x013eec63)
core   0: 0x80007aac (0x5bd04913) xori    s2, zero, 1469
core   0: 3 0x80007aac (0x5bd04913) x18 0x000005bd
core   0: 0x80007ab0 (0xb3c3fc97) auipc   s9, 0xb3c3f
core   0: 3 0x80007ab0 (0xb3c3fc97) x25 0x33c46ab0
core   0: 0x80007ab4 (0x00008749) c.srai  a4, 18
core   0: 3 0x80007ab4 (0x8749) x14 0x00000000
core   0: 0x80007ab6 (0x0280f2b3) remu    t0, ra, s0
core   0: 3 0x80007ab6 (0x0280f2b3) x5  0x00000001
core   0: 0x80007aba (0x00008db5) c.xor   a1, a3
core   0: 3 0x80007aba (0x8db5) x11 0xf89a6fe0
core   0: 0x80007abc (0x410e5f13) srai    t5, t3, 16
core   0: 3 0x80007abc (0x410e5f13) x30 0xffff8002
core   0: 0x80007ac0 (0x000ac463) bltz    s5, pc + 8
core   0: 3 0x80007ac0 (0x000ac463)
core   0: 0x80007ac8 (0xc71b3b93) sltiu   s7, s6, -911
core   0: 3 0x80007ac8 (0xc71b3b93) x23 0x00000001
core   0: 0x80007acc (0x010586b3) add     a3, a1, a6
core   0: 3 0x80007acc (0x010586b3) x13 0xace716d0
core   0: 0x80007ad0 (0xe124ba93) sltiu   s5, s1, -494
core   0: 3 0x80007ad0 (0xe124ba93) x21 0x00000001
core   0: 0x80007ad4 (0x08042493) slti    s1, s0, 128
core   0: 3 0x80007ad4 (0x08042493) x9  0x00000000
core   0: 0x80007ad8 (0x01e445b3) xor     a1, s0, t5
core   0: 3 0x80007ad8 (0x01e445b3) x11 0xfd424402
core   0: 0x80007adc (0x01a88263) beq     a7, s10, pc + 4
core   0: 3 0x80007adc (0x01a88263)
core   0: 0x80007ae0 (0x000087c1) c.srai  a5, 16
core   0: 3 0x80007ae0 (0x87c1) x15 0x00000000
core   0: 0x80007ae2 (0x00291763) bne     s2, sp, pc + 14
core   0: 3 0x80007ae2 (0x00291763)
core   0: 0x80007af0 (0x00008f15) c.sub   a4, a3
core   0: 3 0x80007af0 (0x8f15) x14 0x5318e930
core   0: 0x80007af2 (0x02066963) bltu    a2, zero, pc + 50
core   0: 3 0x80007af2 (0x02066963)
core   0: 0x80007af6 (0x02764133) div     sp, a2, t2
core   0: 3 0x80007af6 (0x02764133) x2  0xffffffff
core   0: 0x80007afa (0x00008269) c.srli  a2, 26
core   0: 3 0x80007afa (0x8269) x12 0x0000003f
core   0: 0x80007afc (0xdd688d37) lui     s10, 0xdd688
core   0: 3 0x80007afc (0xdd688d37) x26 0xdd688000
core   0: 0x80007b00 (0x032bdfb3) divu    t6, s7, s2
core   0: 3 0x80007b00 (0x032bdfb3) x31 0x00000000
core   0: 0x80007b04 (0x02744a33) div     s4, s0, t2
core   0: 3 0x80007b04 (0x02744a33) x20 0xffffffff
core   0: 0x80007b08 (0x00347033) and     zero, s0, gp
core   0: 3 0x80007b08 (0x00347033)
core   0: 0x80007b0c (0x6c26a693) slti    a3, a3, 1730
core   0: 3 0x80007b0c (0x6c26a693) x13 0x00000001
core   0: 0x80007b10 (0x2a38b2b7) lui     t0, 0x2a38b
core   0: 3 0x80007b10 (0x2a38b2b7) x5  0x2a38b000
core   0: 0x80007b14 (0x000099fd) c.andi  a1, -1
core   0: 3 0x80007b14 (0x99fd) x11 0xfd424402
core   0: 0x80007b16 (0x00008cb1) c.xor   s1, a2
core   0: 3 0x80007b16 (0x8cb1) x9  0x0000003f
core   0: 0x80007b18 (0x97bffdb7) lui     s11, 0x97bff
core   0: 3 0x80007b18 (0x97bffdb7) x27 0x97bff000
core   0: 0x80007b1c (0x016d5bb3) srl     s7, s10, s6
core   0: 3 0x80007b1c (0x016d5bb3) x23 0xdd688000
core   0: 0x80007b20 (0x036250b3) divu    ra, tp, s6
core   0: 3 0x80007b20 (0x036250b3) x1  0x00000011
core   0: 0x80007b24 (0x6d57b693) sltiu   a3, a5, 1749
core   0: 3 0x80007b24 (0x6d57b693) x13 0x00000001
core   0: 0x80007b28 (0x000058fd) c.li    a7, -1
core   0: 3 0x80007b28 (0x58fd) x17 0xffffffff
core   0: 0x80007b2a (0x8442ac13) slti    s8, t0, -1980
core   0: 3 0x80007b2a (0x8442ac13) x24 0x00000000
core   0: 0x80007b2e (0x00e1cc33) xor     s8, gp, a4
core   0: 3 0x80007b2e (0x00e1cc33) x24 0x5318e930
core   0: 0x80007b32 (0x01e534b3) sltu    s1, a0, t5
core   0: 3 0x80007b32 (0x01e534b3) x9  0x00000000
core   0: 0x80007b36 (0x00000001) c.nop
core   0: 3 0x80007b36 (0x0001)
core   0: 0x80007b38 (0x0350cab3) div     s5, ra, s5
core   0: 3 0x80007b38 (0x0350cab3) x21 0x00000011
core   0: 0x80007b3c (0x00008d59) c.or    a0, a4
core   0: 3 0x80007b3c (0x8d59) x10 0xfffffffd
core   0: 0x80007b3e (0x66042913) slti    s2, s0, 1632
core   0: 3 0x80007b3e (0x66042913) x18 0x00000000
core   0: 0x80007b42 (0x01a5c463) blt     a1, s10, pc + 8
core   0: 3 0x80007b42 (0x01a5c463)
core   0: 0x80007b46 (0x038d2a33) mulhsu  s4, s10, s8
core   0: 3 0x80007b46 (0x038d2a33) x20 0xf4c583c9
core   0: 0x80007b4a (0x4940a193) slti    gp, ra, 1172
core   0: 3 0x80007b4a (0x4940a193) x3  0x00000001
core   0: 0x80007b4e (0xe48f3437) lui     s0, 0xe48f3
core   0: 3 0x80007b4e (0xe48f3437) x8  0xe48f3000
core   0: 0x80007b52 (0xe5b3e013) ori     zero, t2, -421
core   0: 3 0x80007b52 (0xe5b3e013)
core   0: 0x80007b56 (0x00000531) c.addi  a0, 12
core   0: 3 0x80007b56 (0x0531) x10 0x00000009
core   0: 0x80007b58 (0x00000001) c.nop
core   0: 3 0x80007b58 (0x0001)
core   0: 0x80007b5a (0x034bbdb3) mulhu   s11, s7, s4
core   0: 3 0x80007b5a (0x034bbdb3) x27 0xd3b26d64
core   0: 0x80007b5e (0x00008fe1) c.and   a5, s0
core   0: 3 0x80007b5e (0x8fe1) x15 0x00000000
core   0: 0x80007b60 (0xfa46e313) ori     t1, a3, -92
core   0: 3 0x80007b60 (0xfa46e313) x6  0xffffffa5
core   0: 0x80007b64 (0x000062b5) c.lui   t0, 0xd
core   0: 3 0x80007b64 (0x62b5) x5  0x0000d000
core   0: 0x80007b66 (0xeea6b193) sltiu   gp, a3, -278
core   0: 3 0x80007b66 (0xeea6b193) x3  0x00000001
core   0: 0x80007b6a (0xdf910613) addi    a2, sp, -519
core   0: 3 0x80007b6a (0xdf910613) x12 0xfffffdf8
core   0: 0x80007b6e (0x021e16b3) mulh    a3, t3, ra
core   0: 3 0x80007b6e (0x021e16b3) x13 0xfffffff7
core   0: 0x80007b72 (0x0000811d) c.srli  a0, 7
core   0: 3 0x80007b72 (0x811d) x10 0x00000000
core   0: 0x80007b74 (0x00f15c93) srli    s9, sp, 15
core   0: 3 0x80007b74 (0x00f15c93) x25 0x0001ffff
core   0: 0x80007b78 (0x02c30133) mul     sp, t1, a2
core   0: 3 0x80007b78 (0x02c30133) x2  0x0000b8d8
core   0: 0x80007b7c (0x00000001) c.nop
core   0: 3 0x80007b7c (0x0001)
core   0: 0x80007b7e (0x03cacbb3) div     s7, s5, t3
core   0: 3 0x80007b7e (0x03cacbb3) x23 0x00000000
core   0: 0x80007b82 (0x02868333) mul     t1, a3, s0
core   0: 3 0x80007b82 (0x02868333) x6  0xf6f75000
core   0: 0x80007b86 (0x000063cd) c.lui   t2, 0x13
core   0: 3 0x80007b86 (0x63cd) x7  0x00013000
core   0: 0x80007b88 (0x7b8e6093) ori     ra, t3, 1976
core   0: 3 0x80007b88 (0x7b8e6093) x1  0x80025fbc
core   0: 0x80007b8c (0x46b24893) xori    a7, tp, 1131
core   0: 3 0x80007b8c (0x46b24893) x17 0x8002994f
core   0: 0x80007b90 (0x00868f63) beq     a3, s0, pc + 30
core   0: 3 0x80007b90 (0x00868f63)
core   0: 0x80007b94 (0x00000001) c.nop
core   0: 3 0x80007b94 (0x0001)
core   0: 0x80007b96 (0x406f5913) srai    s2, t5, 6
core   0: 3 0x80007b96 (0x406f5913) x18 0xfffffe00
core   0: 0x80007b9a (0x01f61f63) bne     a2, t6, pc + 30
core   0: 3 0x80007b9a (0x01f61f63)
core   0: 0x80007bb8 (0x03b16833) rem     a6, sp, s11
core   0: 3 0x80007bb8 (0x03b16833) x16 0x0000b8d8
core   0: 0x80007bbc (0x03b6e463) bltu    a3, s11, pc + 40
core   0: 3 0x80007bbc (0x03b6e463)
core   0: 0x80007bc0 (0x21ec8913) addi    s2, s9, 542
core   0: 3 0x80007bc0 (0x21ec8913) x18 0x0002021d
core   0: 0x80007bc4 (0x00006afd) c.lui   s5, 0x1f
core   0: 3 0x80007bc4 (0x6afd) x21 0x0001f000
core   0: 0x80007bc6 (0x03d693b3) mulh    t2, a3, t4
core   0: 3 0x80007bc6 (0x03d693b3) x7  0xfffffffe
core   0: 0x80007bca (0x003d57b3) srl     a5, s10, gp
core   0: 3 0x80007bca (0x003d57b3) x15 0x6eb44000
core   0: 0x80007bce (0x00009356) c.add   t1, s5
core   0: 3 0x80007bce (0x9356) x6  0xf6f94000
core   0: 0x80007bd0 (0x0000567d) c.li    a2, -1
core   0: 3 0x80007bd0 (0x567d) x12 0xffffffff
core   0: 0x80007bd2 (0x0104d593) srli    a1, s1, 16
core   0: 3 0x80007bd2 (0x0104d593) x11 0x00000000
core   0: 0x80007bd6 (0xb0a16093) ori     ra, sp, -1270
core   0: 3 0x80007bd6 (0xb0a16093) x1  0xfffffbda
core   0: 0x80007bda (0x0000577d) c.li    a4, -1
core   0: 3 0x80007bda (0x577d) x14 0xffffffff
core   0: 0x80007bdc (0x4117d293) srai    t0, a5, 17
core   0: 3 0x80007bdc (0x4117d293) x5  0x0000375a
core   0: 0x80007be0 (0x01a51693) slli    a3, a0, 26
core   0: 3 0x80007be0 (0x01a51693) x13 0x00000000
core   0: 0x80007be4 (0x01565f33) srl     t5, a2, s5
core   0: 3 0x80007be4 (0x01565f33) x30 0xffffffff
core   0: 0x80007be8 (0x0000c995) c.beqz  a1, pc + 52
core   0: 3 0x80007be8 (0xc995)
core   0: 0x80007c1c (0x00211793) slli    a5, sp, 2
core   0: 3 0x80007c1c (0x00211793) x15 0x0002e360
core   0: 0x80007c20 (0x02c95a33) divu    s4, s2, a2
core   0: 3 0x80007c20 (0x02c95a33) x20 0x00000000
core   0: 0x80007c24 (0x02c6dc63) bge     a3, a2, pc + 56
core   0: 3 0x80007c24 (0x02c6dc63)
core   0: 0x80007c5c (0x00008f39) c.xor   a4, a4
core   0: 3 0x80007c5c (0x8f39) x14 0x00000000
core   0: 0x80007c5e (0x0000717d) c.addi16sp sp, -16
core   0: 3 0x80007c5e (0x717d) x2  0x0000b8c8
core   0: 0x80007c60 (0x00008269) c.srli  a2, 26
core   0: 3 0x80007c60 (0x8269) x12 0x0000003f
core   0: 0x80007c62 (0x01ed0533) add     a0, s10, t5
core   0: 3 0x80007c62 (0x01ed0533) x10 0xdd687fff
core   0: 0x80007c66 (0x01099513) slli    a0, s3, 16
core   0: 3 0x80007c66 (0x01099513) x10 0x00000000
core   0: 0x80007c6a (0x00cf1cb3) sll     s9, t5, a2
core   0: 3 0x80007c6a (0x00cf1cb3) x25 0x80000000
core   0: 0x80007c6e (0x00c089b3) add     s3, ra, a2
core   0: 3 0x80007c6e (0x00c089b3) x19 0xfffffc19
core   0: 0x80007c72 (0x018dc3b3) xor     t2, s11, s8
core   0: 3 0x80007c72 (0x018dc3b3) x7  0x80aa8454
core   0: 0x80007c76 (0x02389563) bne     a7, gp, pc + 42
core   0: 3 0x80007c76 (0x02389563)
core   0: 0x80007ca0 (0x000042a1) c.li    t0, 8
core   0: 3 0x80007ca0 (0x42a1) x5  0x00000008
core   0: 0x80007ca2 (0x01129c33) sll     s8, t0, a7
core   0: 3 0x80007ca2 (0x01129c33) x24 0x00040000
core   0: 0x80007ca6 (0x03014863) blt     sp, a6, pc + 48
core   0: 3 0x80007ca6 (0x03014863)
core   0: 0x80007cd6 (0x8428ba13) sltiu   s4, a7, -1982
core   0: 3 0x80007cd6 (0x8428ba13) x20 0x00000001
core   0: 0x80007cda (0x7b04b493) sltiu   s1, s1, 1968
core   0: 3 0x80007cda (0x7b04b493) x9  0x00000001
core   0: 0x80007cde (0x219a6413) ori     s0, s4, 537
core   0: 3 0x80007cde (0x219a6413) x8  0x00000219
core   0: 0x80007ce2 (0x00008c25) c.xor   s0, s1
core   0: 3 0x80007ce2 (0x8c25) x8  0x00000218
core   0: 0x80007ce4 (0xda66f317) auipc   t1, 0xda66f
core   0: 3 0x80007ce4 (0xda66f317) x6  0x5a676ce4
core   0: 0x80007ce8 (0x037d64b3) rem     s1, s10, s7
core   0: 3 0x80007ce8 (0x037d64b3) x9  0xdd688000
core   0: 0x80007cec (0x00000001) c.nop
core   0: 3 0x80007cec (0x0001)
core   0: 0x80007cee (0x0094f263) bgeu    s1, s1, pc + 4
core   0: 3 0x80007cee (0x0094f263)
core   0: 0x80007cf2 (0x00006d61) c.lui   s10, 0x18
core   0: 3 0x80007cf2 (0x6d61) x26 0x00018000
core   0: 0x80007cf4 (0x3577a913) slti    s2, a5, 855
core   0: 3 0x80007cf4 (0x3577a913) x18 0x00000000
core   0: 0x80007cf8 (0x379b1897) auipc   a7, 0x379b1
core   0: 3 0x80007cf8 (0x379b1897) x17 0xb79b8cf8
core   0: 0x80007cfc (0x00008d6d) c.and   a0, a1
core   0: 3 0x80007cfc (0x8d6d) x10 0x00000000
core   0: 0x80007cfe (0x017b5d33) srl     s10, s6, s7
core   0: 3 0x80007cfe (0x017b5d33) x26 0x07659000
core   0: 0x80007d02 (0x01194f63) blt     s2, a7, pc + 30
core   0: 3 0x80007d02 (0x01194f63)
core   0: 0x80007d06 (0x003641b3) xor     gp, a2, gp
core   0: 3 0x80007d06 (0x003641b3) x3  0x0000003e
core   0: 0x80007d0a (0xcadf2b93) slti    s7, t5, -851
core   0: 3 0x80007d0a (0xcadf2b93) x23 0x00000000
core   0: 0x80007d0e (0x40b401b3) sub     gp, s0, a1
core   0: 3 0x80007d0e (0x40b401b3) x3  0x00000218
core   0: 0x80007d12 (0x029d6433) rem     s0, s10, s1
core   0: 3 0x80007d12 (0x029d6433) x8  0x07659000
core   0: 0x80007d16 (0x0000c69d) c.beqz  a3, pc + 46
core   0: 3 0x80007d16 (0xc69d)
core   0: 0x80007d44 (0x80e32037) lui     zero, 0x80e32
core   0: 3 0x80007d44 (0x80e32037)
core   0: 0x80007d48 (0x0000c801) c.beqz  s0, pc + 16
core   0: 3 0x80007d48 (0xc801)
core   0: 0x80007d4a (0x036857b3) divu    a5, a6, s6
core   0: 3 0x80007d4a (0x036857b3) x15 0x00000000
core   0: 0x80007d4e (0x00af9733) sll     a4, t6, a0
core   0: 3 0x80007d4e (0x00af9733) x14 0x00000000
core   0: 0x80007d52 (0x0000865d) c.srai  a2, 23
core   0: 3 0x80007d52 (0x865d) x12 0x00000000
core   0: 0x80007d54 (0x00000dea) c.slli  s11, 26
core   0: 3 0x80007d54 (0x0dea) x27 0x90000000
core   0: 0x80007d56 (0x0000c699) c.beqz  a3, pc + 14
core   0: 3 0x80007d56 (0xc699)
core   0: 0x80007d64 (0x34e8c793) xori    a5, a7, 846
core   0: 3 0x80007d64 (0x34e8c793) x15 0xb79b8fb6
core   0: 0x80007d68 (0x05e67e63) bgeu    a2, t5, pc + 92
core   0: 3 0x80007d68 (0x05e67e63)
core   0: 0x80007d6c (0xd6e1e913) ori     s2, gp, -658
core   0: 3 0x80007d6c (0xd6e1e913) x18 0xffffff7e
core   0: 0x80007d70 (0x04379563) bne     a5, gp, pc + 74
core   0: 3 0x80007d70 (0x04379563)
core   0: 0x80007dba (0x00d6ec33) or      s8, a3, a3
core   0: 3 0x80007dba (0x00d6ec33) x24 0x00000000
core   0: 0x80007dbe (0x8ce14813) xori    a6, sp, -1842
core   0: 3 0x80007dbe (0x8ce14813) x16 0xffff4006
core   0: 0x80007dc2 (0x00008335) c.srli  a4, 13
core   0: 3 0x80007dc2 (0x8335) x14 0x00000000
core   0: 0x80007dc4 (0xa47cc793) xori    a5, s9, -1465
core   0: 3 0x80007dc4 (0xa47cc793) x15 0x7ffffa47
core   0: 0x80007dc8 (0x000009ae) c.slli  s3, 11
core   0: 3 0x80007dc8 (0x09ae) x19 0xffe0c800
core   0: 0x80007dca (0x00004a99) c.li    s5, 6
core   0: 3 0x80007dca (0x4a99) x21 0x00000006
core   0: 0x80007dcc (0x41f78ab3) sub     s5, a5, t6
core   0: 3 0x80007dcc (0x41f78ab3) x21 0x7ffffa47
core   0: 0x80007dd0 (0x0157dc13) srli    s8, a5, 21
core   0: 3 0x80007dd0 (0x0157dc13) x24 0x000003ff
core   0: 0x80007dd4 (0x00000001) c.nop
core   0: 3 0x80007dd4 (0x0001)
core   0: 0x80007dd6 (0x00da1f13) slli    t5, s4, 13
core   0: 3 0x80007dd6 (0x00da1f13) x30 0x00002000
core   0: 0x80007dda (0x01e1df33) srl     t5, gp, t5
core   0: 3 0x80007dda (0x01e1df33) x30 0x00000218
core   0: 0x80007dde (0x407ad293) srai    t0, s5, 7
core   0: 3 0x80007dde (0x407ad293) x5  0x00fffff4
core   0: 0x80007de2 (0x00008d21) c.xor   a0, s0
core   0: 3 0x80007de2 (0x8d21) x10 0x07659000
core   0: 0x80007de4 (0x00008d39) c.xor   a0, a4
core   0: 3 0x80007de4 (0x8d39) x10 0x07659000
core   0: 0x80007de6 (0x0000547d) c.li    s0, -1
core   0: 3 0x80007de6 (0x547d) x8  0xffffffff
core   0: 0x80007de8 (0x010d2c33) slt     s8, s10, a6
core   0: 3 0x80007de8 (0x010d2c33) x24 0x00000000
core   0: 0x80007dec (0x413a8133) sub     sp, s5, s3
core   0: 3 0x80007dec (0x413a8133) x2  0x801f3247
core   0: 0x80007df0 (0x000007a6) c.slli  a5, 9
core   0: 3 0x80007df0 (0x07a6) x15 0xfff48e00
core   0: 0x80007df2 (0x010edd13) srli    s10, t4, 16
core   0: 3 0x80007df2 (0x010edd13) x26 0x0000307a
core   0: 0x80007df6 (0x120ce693) ori     a3, s9, 288
core   0: 3 0x80007df6 (0x120ce693) x13 0x80000120
core   0: 0x80007dfa (0x1616b493) sltiu   s1, a3, 353
core   0: 3 0x80007dfa (0x1616b493) x9  0x00000000
core   0: 0x80007dfe (0xc3bffc97) auipc   s9, 0xc3bff
core   0: 3 0x80007dfe (0xc3bffc97) x25 0x43c06dfe
core   0: 0x80007e02 (0x9c16a693) slti    a3, a3, -1599
core   0: 3 0x80007e02 (0x9c16a693) x13 0x00000001
core   0: 0x80007e06 (0x004da833) slt     a6, s11, tp
core   0: 3 0x80007e06 (0x004da833) x16 0x00000000
core   0: 0x80007e0a (0x0252f833) remu    a6, t0, t0
core   0: 3 0x80007e0a (0x0252f833) x16 0x00000000
core   0: 0x80007e0e (0x01895293) srli    t0, s2, 24
core   0: 3 0x80007e0e (0x01895293) x5  0x000000ff
core   0: 0x80007e12 (0x00000001) c.nop
core   0: 3 0x80007e12 (0x0001)
core   0: 0x80007e14 (0x03793c33) mulhu   s8, s2, s7
core   0: 3 0x80007e14 (0x03793c33) x24 0x00000000
core   0: 0x80007e18 (0x008e0cb3) add     s9, t3, s0
core   0: 3 0x80007e18 (0x008e0cb3) x25 0x80025ea3
core   0: 0x80007e1c (0x00000001) c.nop
core   0: 3 0x80007e1c (0x0001)
core   0: 0x80007e1e (0x00ada2b3) slt     t0, s11, a0
core   0: 3 0x80007e1e (0x00ada2b3) x5  0x00000001
core   0: 0x80007e22 (0x00008775) c.srai  a4, 29
core   0: 3 0x80007e22 (0x8775) x14 0x00000000
core   0: 0x80007e24 (0x00000001) c.nop
core   0: 3 0x80007e24 (0x0001)
core   0: 0x80007e26 (0x86800f13) li      t5, -1944
core   0: 3 0x80007e26 (0x86800f13) x30 0xfffff868
core   0: 0x80007e2a (0x00000001) c.nop
core   0: 3 0x80007e2a (0x0001)
core   0: 0x80007e2c (0x0285fc33) remu    s8, a1, s0
core   0: 3 0x80007e2c (0x0285fc33) x24 0x00000000
core   0: 0x80007e30 (0x033b9563) bne     s7, s3, pc + 42
core   0: 3 0x80007e30 (0x033b9563)
core   0: 0x80007e5a (0x365dfa13) andi    s4, s11, 869
core   0: 3 0x80007e5a (0x365dfa13) x20 0x00000000
core   0: 0x80007e5e (0x96aec037) lui     zero, 0x96aec
core   0: 3 0x80007e5e (0x96aec037)
core   0: 0x80007e62 (0x00009d92) c.add   s11, tp
core   0: 3 0x80007e62 (0x9d92) x27 0x10029d24
core   0: 0x80007e64 (0x0000c881) c.beqz  s1, pc + 16
core   0: 3 0x80007e64 (0xc881)
core   0: 0x80007e74 (0x00000796) c.slli  a5, 5
core   0: 3 0x80007e74 (0x0796) x15 0xfe91c000
core   0: 0x80007e76 (0x4f75e593) ori     a1, a1, 1271
core   0: 3 0x80007e76 (0x4f75e593) x11 0x000004f7
core   0: 0x80007e7a (0x00008eb9) c.xor   a3, a4
core   0: 3 0x80007e7a (0x8eb9) x13 0x00000001
core   0: 0x80007e7c (0x000086d9) c.srai  a3, 22
core   0: 3 0x80007e7c (0x86d9) x13 0x00000000
core   0: 0x80007e7e (0xca774413) xori    s0, a4, -857
core   0: 3 0x80007e7e (0xca774413) x8  0xfffffca7
core   0: 0x80007e82 (0x00cec3b3) xor     t2, t4, a2
core   0: 3 0x80007e82 (0x00cec3b3) x7  0x307a4b70
core   0: 0x80007e86 (0xdc3c2f13) slti    t5, s8, -573
core   0: 3 0x80007e86 (0xdc3c2f13) x30 0x00000000
core   0: 0x80007e8a (0x00000379) c.addi  t1, 30
core   0: 3 0x80007e8a (0x0379) x6  0x5a676d02
core   0: 0x80007e8c (0x00254363) blt     a0, sp, pc + 6
core   0: 3 0x80007e8c (0x00254363)
core   0: 0x80007e90 (0x0000e089) c.bnez  s1, pc + 2
core   0: 3 0x80007e90 (0xe089)
core   0: 0x80007e92 (0x01b604b3) add     s1, a2, s11
core   0: 3 0x80007e92 (0x01b604b3) x9  0x10029d24
core   0: 0x80007e96 (0x00008dd9) c.or    a1, a4
core   0: 3 0x80007e96 (0x8dd9) x11 0x000004f7
core   0: 0x80007e98 (0x00006121) c.addi16sp sp, 64
core   0: 3 0x80007e98 (0x6121) x2  0x801f3287
core   0: 0x80007e9a (0x0000ed0d) c.bnez  a0, pc + 58
core   0: 3 0x80007e9a (0xed0d)
core   0: 0x80007ed4 (0x00581363) bne     a6, t0, pc + 6
core   0: 3 0x80007ed4 (0x00581363)
core   0: 0x80007eda (0x000065b9) c.lui   a1, 0xe
core   0: 3 0x80007eda (0x65b9) x11 0x0000e000
core   0: 0x80007edc (0x00001b7d) c.addi  s6, -1
core   0: 3 0x80007edc (0x1b7d) x22 0x07658fff
core   0: 0x80007ede (0x013c4433) xor     s0, s8, s3
core   0: 3 0x80007ede (0x013c4433) x8  0xffe0c800
core   0: 0x80007ee2 (0x004f46b3) xor     a3, t5, tp
core   0: 3 0x80007ee2 (0x004f46b3) x13 0x80029d24
core   0: 0x80007ee6 (0x02e189b3) mul     s3, gp, a4
core   0: 3 0x80007ee6 (0x02e189b3) x19 0x00000000
core   0: 0x80007eea (0x0251b8b3) mulhu   a7, gp, t0
core   0: 3 0x80007eea (0x0251b8b3) x17 0x00000000
core   0: 0x80007eee (0xa70b4893) xori    a7, s6, -1424
core   0: 3 0x80007eee (0xa70b4893) x17 0xf89a758f
core   0: 0x80007ef2 (0x00008c3d) c.xor   s0, a5
core   0: 3 0x80007ef2 (0x8c3d) x8  0x01710800
core   0: 0x80007ef4 (0x0000eb11) c.bnez  a4, pc + 20
core   0: 3 0x80007ef4 (0xeb11)
core   0: 0x80007ef6 (0x00008c2d) c.xor   s0, a1
core   0: 3 0x80007ef6 (0x8c2d) x8  0x0171e800
core   0: 0x80007ef8 (0x00001afd) c.addi  s5, -1
core   0: 3 0x80007ef8 (0x1afd) x21 0x7ffffa46
core   0: 0x80007efa (0x00008da5) c.xor   a1, s1
core   0: 3 0x80007efa (0x8da5) x11 0x10027d24
core   0: 0x80007efc (0x90e16393) ori     t2, sp, -1778
core   0: 3 0x80007efc (0x90e16393) x7  0xfffffb8f
core   0: 0x80007f00 (0xe7c0c897) auipc   a7, 0xe7c0c
core   0: 3 0x80007f00 (0xe7c0c897) x17 0x67c13f00
core   0: 0x80007f04 (0x024b47b3) div     a5, s6, tp
core   0: 3 0x80007f04 (0x024b47b3) x15 0x00000000
core   0: 0x80007f08 (0x028e8733) mul     a4, t4, s0
core   0: 3 0x80007f08 (0x028e8733) x14 0x90cd8000
core   0: 0x80007f0c (0x039f73b3) remu    t2, t5, s9
core   0: 3 0x80007f0c (0x039f73b3) x7  0x00000000
core   0: 0x80007f10 (0x00008d85) c.sub   a1, s1
core   0: 3 0x80007f10 (0x8d85) x11 0xffffe000
core   0: 0x80007f12 (0x03f8a633) mulhsu  a2, a7, t6
core   0: 3 0x80007f12 (0x03f8a633) x12 0x00000000
core   0: 0x80007f16 (0x03bca9b3) mulhsu  s3, s9, s11
core   0: 3 0x80007f16 (0x03bca9b3) x19 0xf7fed75e
core   0: 0x80007f1a (0x00dfe7b3) or      a5, t6, a3
core   0: 3 0x80007f1a (0x00dfe7b3) x15 0x80029d24
core   0: 0x80007f1e (0x00005bfd) c.li    s7, -1
core   0: 3 0x80007f1e (0x5bfd) x23 0xffffffff
core   0: 0x80007f20 (0x0232b2b3) mulhu   t0, t0, gp
core   0: 3 0x80007f20 (0x0232b2b3) x5  0x00000000
core   0: 0x80007f24 (0x02d48763) beq     s1, a3, pc + 46
core   0: 3 0x80007f24 (0x02d48763)
core   0: 0x80007f28 (0x0000877a) c.mv    a4, t5
core   0: 3 0x80007f28 (0x877a) x14 0x00000000
core   0: 0x80007f2a (0x005c6033) or      zero, s8, t0
core   0: 3 0x80007f2a (0x005c6033)
core   0: 0x80007f2e (0x003dbc33) sltu    s8, s11, gp
core   0: 3 0x80007f2e (0x003dbc33) x24 0x00000000
core   0: 0x80007f32 (0x02122ab3) mulhsu  s5, tp, ra
core   0: 3 0x80007f32 (0x02122ab3) x21 0x80029f36
core   0: 0x80007f36 (0x00cd4a33) xor     s4, s10, a2
core   0: 3 0x80007f36 (0x00cd4a33) x20 0x0000307a
core   0: 0x80007f3a (0x00009cfa) c.add   s9, t5
core   0: 3 0x80007f3a (0x9cfa) x25 0x80025ea3
core   0: 0x80007f3c (0x000082ee) c.mv    t0, s11
core   0: 3 0x80007f3c (0x82ee) x5  0x10029d24
core   0: 0x80007f3e (0x01356733) or      a4, a0, s3
core   0: 3 0x80007f3e (0x01356733) x14 0xf7ffd75e
core   0: 0x80007f42 (0x030ea4b3) mulhsu  s1, t4, a6
core   0: 3 0x80007f42 (0x030ea4b3) x9  0x00000000
core   0: 0x80007f46 (0x9d722713) slti    a4, tp, -1577
core   0: 3 0x80007f46 (0x9d722713) x14 0x00000001
core   0: 0x80007f4a (0x0193bfb3) sltu    t6, t2, s9
core   0: 3 0x80007f4a (0x0193bfb3) x31 0x00000001
core   0: 0x80007f4e (0x418055b3) sra     a1, zero, s8
core   0: 3 0x80007f4e (0x418055b3) x11 0x00000000
core   0: 0x80007f52 (0x0000611d) c.addi16sp sp, 416
core   0: 3 0x80007f52 (0x611d) x2  0x801f3427
core   0: 0x80007f54 (0x02d59063) bne     a1, a3, pc + 32
core   0: 3 0x80007f54 (0x02d59063)
core   0: 0x80007f74 (0x0000e089) c.bnez  s1, pc + 2
core   0: 3 0x80007f74 (0xe089)
core   0: 0x80007f76 (0xd9f86897) auipc   a7, 0xd9f86
core   0: 3 0x80007f76 (0xd9f86897) x17 0x59f8df76
core   0: 0x80007f7a (0x00000e97) auipc   t4, 0x0
core   0: 3 0x80007f7a (0x00000e97) x29 0x80007f7a
core   0: 0x80007f7e (0x00ce8e93) addi    t4, t4, 12
core   0: 3 0x80007f7e (0x00ce8e93) x29 0x80007f86
core   0: 0x80007f82 (0x000e8067) jr      t4
core   0: 3 0x80007f82 (0x000e8067)
core   0: 0x80007f86 (0x00004185) c.li    gp, 1
core   0: 3 0x80007f86 (0x4185) x3  0x00000001
core   0: 0x80007f88 (0x00000073) ecall
core   0: exception trap_machine_ecall, epc 0x80007f88
core   0: >>>>  mtvec_handler
core   0: 0x8000bbd0 (0x0400006f) j       pc + 0x40
core   0: 3 0x8000bbd0 (0x0400006f)
core   0: 0x8000bc10 (0x00001271) c.addi  tp, -4
core   0: 3 0x8000bc10 (0x1271) x4  0x80029d20
core   0: 0x8000bc12 (0x01c22023) sw      t3, 0(tp)
core   0: 3 0x8000bc12 (0x01c22023) mem 0x80029d20 0x80025ea4
core   0: 0x8000bc16 (0x00020e33) add     t3, tp, zero
core   0: 3 0x8000bc16 (0x00020e33) x28 0x80029d20
core   0: 0x8000bc1a (0xf80e0e13) addi    t3, t3, -128
core   0: 3 0x8000bc1a (0xf80e0e13) x28 0x80029ca0
core   0: 0x8000bc1e (0x001e2223) sw      ra, 4(t3)
core   0: 3 0x8000bc1e (0x001e2223) mem 0x80029ca4 0xfffffbda
core   0: 0x8000bc22 (0x002e2423) sw      sp, 8(t3)
core   0: 3 0x8000bc22 (0x002e2423) mem 0x80029ca8 0x801f3427
core   0: 0x8000bc26 (0x003e2623) sw      gp, 12(t3)
core   0: 3 0x8000bc26 (0x003e2623) mem 0x80029cac 0x00000001
core   0: 0x8000bc2a (0x004e2823) sw      tp, 16(t3)
core   0: 3 0x8000bc2a (0x004e2823) mem 0x80029cb0 0x80029d20
core   0: 0x8000bc2e (0x005e2a23) sw      t0, 20(t3)
core   0: 3 0x8000bc2e (0x005e2a23) mem 0x80029cb4 0x10029d24
core   0: 0x8000bc32 (0x006e2c23) sw      t1, 24(t3)
core   0: 3 0x8000bc32 (0x006e2c23) mem 0x80029cb8 0x5a676d02
core   0: 0x8000bc36 (0x007e2e23) sw      t2, 28(t3)
core   0: 3 0x8000bc36 (0x007e2e23) mem 0x80029cbc 0x00000000
core   0: 0x8000bc3a (0x028e2023) sw      s0, 32(t3)
core   0: 3 0x8000bc3a (0x028e2023) mem 0x80029cc0 0x0171e800
core   0: 0x8000bc3e (0x029e2223) sw      s1, 36(t3)
core   0: 3 0x8000bc3e (0x029e2223) mem 0x80029cc4 0x00000000
core   0: 0x8000bc42 (0x02ae2423) sw      a0, 40(t3)
core   0: 3 0x8000bc42 (0x02ae2423) mem 0x80029cc8 0x07659000
core   0: 0x8000bc46 (0x02be2623) sw      a1, 44(t3)
core   0: 3 0x8000bc46 (0x02be2623) mem 0x80029ccc 0x00000000
core   0: 0x8000bc4a (0x02ce2823) sw      a2, 48(t3)
core   0: 3 0x8000bc4a (0x02ce2823) mem 0x80029cd0 0x00000000
core   0: 0x8000bc4e (0x02de2a23) sw      a3, 52(t3)
core   0: 3 0x8000bc4e (0x02de2a23) mem 0x80029cd4 0x80029d24
core   0: 0x8000bc52 (0x02ee2c23) sw      a4, 56(t3)
core   0: 3 0x8000bc52 (0x02ee2c23) mem 0x80029cd8 0x00000001
core   0: 0x8000bc56 (0x02fe2e23) sw      a5, 60(t3)
core   0: 3 0x8000bc56 (0x02fe2e23) mem 0x80029cdc 0x80029d24
core   0: 0x8000bc5a (0x050e2023) sw      a6, 64(t3)
core   0: 3 0x8000bc5a (0x050e2023) mem 0x80029ce0 0x00000000
core   0: 0x8000bc5e (0x051e2223) sw      a7, 68(t3)
core   0: 3 0x8000bc5e (0x051e2223) mem 0x80029ce4 0x59f8df76
core   0: 0x8000bc62 (0x052e2423) sw      s2, 72(t3)
core   0: 3 0x8000bc62 (0x052e2423) mem 0x80029ce8 0xffffff7e
core   0: 0x8000bc66 (0x053e2623) sw      s3, 76(t3)
core   0: 3 0x8000bc66 (0x053e2623) mem 0x80029cec 0xf7fed75e
core   0: 0x8000bc6a (0x054e2823) sw      s4, 80(t3)
core   0: 3 0x8000bc6a (0x054e2823) mem 0x80029cf0 0x0000307a
core   0: 0x8000bc6e (0x055e2a23) sw      s5, 84(t3)
core   0: 3 0x8000bc6e (0x055e2a23) mem 0x80029cf4 0x80029f36
core   0: 0x8000bc72 (0x056e2c23) sw      s6, 88(t3)
core   0: 3 0x8000bc72 (0x056e2c23) mem 0x80029cf8 0x07658fff
core   0: 0x8000bc76 (0x057e2e23) sw      s7, 92(t3)
core   0: 3 0x8000bc76 (0x057e2e23) mem 0x80029cfc 0xffffffff
core   0: 0x8000bc7a (0x078e2023) sw      s8, 96(t3)
core   0: 3 0x8000bc7a (0x078e2023) mem 0x80029d00 0x00000000
core   0: 0x8000bc7e (0x079e2223) sw      s9, 100(t3)
core   0: 3 0x8000bc7e (0x079e2223) mem 0x80029d04 0x80025ea3
core   0: 0x8000bc82 (0x07ae2423) sw      s10, 104(t3)
core   0: 3 0x8000bc82 (0x07ae2423) mem 0x80029d08 0x0000307a
core   0: 0x8000bc86 (0x07be2623) sw      s11, 108(t3)
core   0: 3 0x8000bc86 (0x07be2623) mem 0x80029d0c 0x10029d24
core   0: 0x8000bc8a (0x07ce2823) sw      t3, 112(t3)
core   0: 3 0x8000bc8a (0x07ce2823) mem 0x80029d10 0x80029ca0
core   0: 0x8000bc8e (0x07de2a23) sw      t4, 116(t3)
core   0: 3 0x8000bc8e (0x07de2a23) mem 0x80029d14 0x80007f86
core   0: 0x8000bc92 (0x07ee2c23) sw      t5, 120(t3)
core   0: 3 0x8000bc92 (0x07ee2c23) mem 0x80029d18 0x00000000
core   0: 0x8000bc96 (0x07fe2e23) sw      t6, 124(t3)
core   0: 3 0x8000bc96 (0x07fe2e23) mem 0x80029d1c 0x00000001
core   0: 0x8000bc9a (0x000e0233) add     tp, t3, zero
core   0: 3 0x8000bc9a (0x000e0233) x4  0x80029ca0
core   0: 0x8000bc9e (0x341025f3) csrr    a1, mepc
core   0: 3 0x8000bc9e (0x341025f3) x11 0x80007f88
core   0: 0x8000bca2 (0x342025f3) csrr    a1, mcause
core   0: 3 0x8000bca2 (0x342025f3) x11 0x0000000b
core   0: 0x8000bca6 (0x0000460d) c.li    a2, 3
core   0: 3 0x8000bca6 (0x460d) x12 0x00000003
core   0: 0x8000bca8 (0x28c58563) beq     a1, a2, pc + 650
core   0: 3 0x8000bca8 (0x28c58563)
core   0: 0x8000bcac (0x00004621) c.li    a2, 8
core   0: 3 0x8000bcac (0x4621) x12 0x00000008
core   0: 0x8000bcae (0x04c58563) beq     a1, a2, pc + 74
core   0: 3 0x8000bcae (0x04c58563)
core   0: 0x8000bcb2 (0x00004625) c.li    a2, 9
core   0: 3 0x8000bcb2 (0x4625) x12 0x00000009
core   0: 0x8000bcb4 (0x04c58263) beq     a1, a2, pc + 68
core   0: 3 0x8000bcb4 (0x04c58263)
core   0: 0x8000bcb8 (0x0000462d) c.li    a2, 11
core   0: 3 0x8000bcb8 (0x462d) x12 0x0000000b
core   0: 0x8000bcba (0x02c58f63) beq     a1, a2, pc + 62
core   0: 3 0x8000bcba (0x02c58f63)
core   0: 0x8000bcf8 (0xffff4597) auipc   a1, 0xffff4
core   0: 3 0x8000bcf8 (0xffff4597) x11 0x7ffffcf8
core   0: 0x8000bcfc (0x30858593) addi    a1, a1, 776
core   0: 3 0x8000bcfc (0x30858593) x11 0x80000000
core   0: 0x8000bd00 (0x0005a023) sw      zero, 0(a1)
core   0: 3 0x8000bd00 (0x0005a023) mem 0x80000000 0x00000000
core   0: 0x8000bd04 (0x0015a223) sw      ra, 4(a1)
core   0: 3 0x8000bd04 (0x0015a223) mem 0x80000004 0xfffffbda
core   0: 0x8000bd08 (0x0025a423) sw      sp, 8(a1)
core   0: 3 0x8000bd08 (0x0025a423) mem 0x80000008 0x801f3427
core   0: 0x8000bd0c (0x0035a623) sw      gp, 12(a1)
core   0: 3 0x8000bd0c (0x0035a623) mem 0x8000000c 0x00000001
core   0: 0x8000bd10 (0x0045a823) sw      tp, 16(a1)
core   0: 3 0x8000bd10 (0x0045a823) mem 0x80000010 0x80029ca0
core   0: 0x8000bd14 (0x0055aa23) sw      t0, 20(a1)
core   0: 3 0x8000bd14 (0x0055aa23) mem 0x80000014 0x10029d24
core   0: 0x8000bd18 (0x0065ac23) sw      t1, 24(a1)
core   0: 3 0x8000bd18 (0x0065ac23) mem 0x80000018 0x5a676d02
core   0: 0x8000bd1c (0x0075ae23) sw      t2, 28(a1)
core   0: 3 0x8000bd1c (0x0075ae23) mem 0x8000001c 0x00000000
core   0: 0x8000bd20 (0x0000d180) c.sw    s0, 32(a1)
core   0: 3 0x8000bd20 (0xd180) mem 0x80000020 0x0171e800
core   0: 0x8000bd22 (0x0000d1c4) c.sw    s1, 36(a1)
core   0: 3 0x8000bd22 (0xd1c4) mem 0x80000024 0x00000000
core   0: 0x8000bd24 (0x0000d588) c.sw    a0, 40(a1)
core   0: 3 0x8000bd24 (0xd588) mem 0x80000028 0x07659000
core   0: 0x8000bd26 (0x0000d5cc) c.sw    a1, 44(a1)
core   0: 3 0x8000bd26 (0xd5cc) mem 0x8000002c 0x80000000
core   0: 0x8000bd28 (0x0000d990) c.sw    a2, 48(a1)
core   0: 3 0x8000bd28 (0xd990) mem 0x80000030 0x0000000b
core   0: 0x8000bd2a (0x0000d9d4) c.sw    a3, 52(a1)
core   0: 3 0x8000bd2a (0xd9d4) mem 0x80000034 0x80029d24
core   0: 0x8000bd2c (0x0000dd98) c.sw    a4, 56(a1)
core   0: 3 0x8000bd2c (0xdd98) mem 0x80000038 0x00000001
core   0: 0x8000bd2e (0x0000dddc) c.sw    a5, 60(a1)
core   0: 3 0x8000bd2e (0xdddc) mem 0x8000003c 0x80029d24
core   0: 0x8000bd30 (0x0505a023) sw      a6, 64(a1)
core   0: 3 0x8000bd30 (0x0505a023) mem 0x80000040 0x00000000
core   0: 0x8000bd34 (0x0515a223) sw      a7, 68(a1)
core   0: 3 0x8000bd34 (0x0515a223) mem 0x80000044 0x59f8df76
core   0: 0x8000bd38 (0x0525a423) sw      s2, 72(a1)
core   0: 3 0x8000bd38 (0x0525a423) mem 0x80000048 0xffffff7e
core   0: 0x8000bd3c (0x0535a623) sw      s3, 76(a1)
core   0: 3 0x8000bd3c (0x0535a623) mem 0x8000004c 0xf7fed75e
core   0: 0x8000bd40 (0x0545a823) sw      s4, 80(a1)
core   0: 3 0x8000bd40 (0x0545a823) mem 0x80000050 0x0000307a
core   0: 0x8000bd44 (0x0555aa23) sw      s5, 84(a1)
core   0: 3 0x8000bd44 (0x0555aa23) mem 0x80000054 0x80029f36
core   0: 0x8000bd48 (0x0565ac23) sw      s6, 88(a1)
core   0: 3 0x8000bd48 (0x0565ac23) mem 0x80000058 0x07658fff
core   0: 0x8000bd4c (0x0575ae23) sw      s7, 92(a1)
core   0: 3 0x8000bd4c (0x0575ae23) mem 0x8000005c 0xffffffff
core   0: 0x8000bd50 (0x0785a023) sw      s8, 96(a1)
core   0: 3 0x8000bd50 (0x0785a023) mem 0x80000060 0x00000000
core   0: 0x8000bd54 (0x0795a223) sw      s9, 100(a1)
core   0: 3 0x8000bd54 (0x0795a223) mem 0x80000064 0x80025ea3
core   0: 0x8000bd58 (0x07a5a423) sw      s10, 104(a1)
core   0: 3 0x8000bd58 (0x07a5a423) mem 0x80000068 0x0000307a
core   0: 0x8000bd5c (0x07b5a623) sw      s11, 108(a1)
core   0: 3 0x8000bd5c (0x07b5a623) mem 0x8000006c 0x10029d24
core   0: 0x8000bd60 (0x07c5a823) sw      t3, 112(a1)
core   0: 3 0x8000bd60 (0x07c5a823) mem 0x80000070 0x80029ca0
core   0: 0x8000bd64 (0x07d5aa23) sw      t4, 116(a1)
core   0: 3 0x8000bd64 (0x07d5aa23) mem 0x80000074 0x80007f86
core   0: 0x8000bd68 (0x07e5ac23) sw      t5, 120(a1)
core   0: 3 0x8000bd68 (0x07e5ac23) mem 0x80000078 0x00000000
core   0: 0x8000bd6c (0x07f5ae23) sw      t6, 124(a1)
core   0: 3 0x8000bd6c (0x07f5ae23) mem 0x8000007c 0x00000001
core   0: 0x8000bd70 (0xfffffe97) auipc   t4, 0xfffff
core   0: 3 0x8000bd70 (0xfffffe97) x29 0x8000ad70
core   0: 0x8000bd74 (0x49ce8e93) addi    t4, t4, 1180
core   0: 3 0x8000bd74 (0x49ce8e93) x29 0x8000b20c
core   0: 0x8000bd78 (0x000e8067) jr      t4
core   0: 3 0x8000bd78 (0x000e8067)
core   0: 0x8000b20c (0x00005f17) auipc   t5, 0x5
core   0: 3 0x8000b20c (0x00005f17) x30 0x8001020c
core   0: 0x8000b210 (0xde3f2a23) sw      gp, -524(t5)
core   0: 3 0x8000b210 (0xde3f2a23) mem 0x80010000 0x00000001
core   0: 0x8000b214 (0x0000bfe5) c.j     pc - 8
core   0: 3 0x8000b214 (0xbfe5)
core   0: 0x8000b20c (0x00005f17) auipc   t5, 0x5
core   0: 3 0x8000b20c (0x00005f17) x30 0x8001020c
core   0: 0x8000b210 (0xde3f2a23) sw      gp, -524(t5)
core   0: 3 0x8000b210 (0xde3f2a23) mem 0x80010000 0x00000001
core   0: 0x8000b214 (0x0000bfe5) c.j     pc - 8
core   0: 3 0x8000b214 (0xbfe5)
core   0: 0x8000b20c (0x00005f17) auipc   t5, 0x5
core   0: 3 0x8000b20c (0x00005f17) x30 0x8001020c
core   0: 0x8000b210 (0xde3f2a23) sw      gp, -524(t5)
core   0: 3 0x8000b210 (0xde3f2a23) mem 0x80010000 0x00000001
core   0: 0x8000b214 (0x0000bfe5) c.j     pc - 8
core   0: 3 0x8000b214 (0xbfe5)
core   0: 0x8000b20c (0x00005f17) auipc   t5, 0x5
core   0: 3 0x8000b20c (0x00005f17) x30 0x8001020c
core   0: 0x8000b210 (0xde3f2a23) sw      gp, -524(t5)
core   0: 3 0x8000b210 (0xde3f2a23) mem 0x80010000 0x00000001
core   0: 0x8000b214 (0x0000bfe5) c.j     pc - 8
core   0: 3 0x8000b214 (0xbfe5)
core   0: 0x8000b20c (0x00005f17) auipc   t5, 0x5
core   0: 3 0x8000b20c (0x00005f17) x30 0x8001020c
core   0: 0x8000b210 (0xde3f2a23) sw      gp, -524(t5)
core   0: 3 0x8000b210 (0xde3f2a23) mem 0x80010000 0x00000001
core   0: 0x8000b214 (0x0000bfe5) c.j     pc - 8
core   0: 3 0x8000b214 (0xbfe5)
core   0: 0x8000b20c (0x00005f17) auipc   t5, 0x5
core   0: 3 0x8000b20c (0x00005f17) x30 0x8001020c
core   0: 0x8000b210 (0xde3f2a23) sw      gp, -524(t5)
core   0: 3 0x8000b210 (0xde3f2a23) mem 0x80010000 0x00000001
core   0: 0x8000b214 (0x0000bfe5) c.j     pc - 8
core   0: 3 0x8000b214 (0xbfe5)
core   0: 0x8000b20c (0x00005f17) auipc   t5, 0x5
core   0: 3 0x8000b20c (0x00005f17) x30 0x8001020c
core   0: 0x8000b210 (0xde3f2a23) sw      gp, -524(t5)
core   0: 3 0x8000b210 (0xde3f2a23) mem 0x80010000 0x00000001
core   0: 0x8000b214 (0x0000bfe5) c.j     pc - 8
core   0: 3 0x8000b214 (0xbfe5)
core   0: 0x8000b20c (0x00005f17) auipc   t5, 0x5
core   0: 3 0x8000b20c (0x00005f17) x30 0x8001020c
core   0: 0x8000b210 (0xde3f2a23) sw      gp, -524(t5)
core   0: 3 0x8000b210 (0xde3f2a23) mem 0x80010000 0x00000001
core   0: 0x8000b214 (0x0000bfe5) c.j     pc - 8
core   0: 3 0x8000b214 (0xbfe5)
core   0: 0x8000b20c (0x00005f17) auipc   t5, 0x5
core   0: 3 0x8000b20c (0x00005f17) x30 0x8001020c
core   0: 0x8000b210 (0xde3f2a23) sw      gp, -524(t5)
core   0: 3 0x8000b210 (0xde3f2a23) mem 0x80010000 0x00000001
core   0: 0x8000b214 (0x0000bfe5) c.j     pc - 8
core   0: 3 0x8000b214 (0xbfe5)
core   0: 0x8000b20c (0x00005f17) auipc   t5, 0x5
core   0: 3 0x8000b20c (0x00005f17) x30 0x8001020c
core   0: 0x8000b210 (0xde3f2a23) sw      gp, -524(t5)
core   0: 3 0x8000b210 (0xde3f2a23) mem 0x80010000 0x00000001
core   0: 0x8000b214 (0x0000bfe5) c.j     pc - 8
core   0: 3 0x8000b214 (0xbfe5)
core   0: 0x8000b20c (0x00005f17) auipc   t5, 0x5
core   0: 3 0x8000b20c (0x00005f17) x30 0x8001020c
core   0: 0x8000b210 (0xde3f2a23) sw      gp, -524(t5)
core   0: 3 0x8000b210 (0xde3f2a23) mem 0x80010000 0x00000001
core   0: 0x8000b214 (0x0000bfe5) c.j     pc - 8
core   0: 3 0x8000b214 (0xbfe5)
core   0: 0x8000b20c (0x00005f17) auipc   t5, 0x5
core   0: 3 0x8000b20c (0x00005f17) x30 0x8001020c
core   0: 0x8000b210 (0xde3f2a23) sw      gp, -524(t5)
core   0: 3 0x8000b210 (0xde3f2a23) mem 0x80010000 0x00000001
core   0: 0x8000b214 (0x0000bfe5) c.j     pc - 8
core   0: 3 0x8000b214 (0xbfe5)
core   0: 0x8000b20c (0x00005f17) auipc   t5, 0x5
core   0: 3 0x8000b20c (0x00005f17) x30 0x8001020c
core   0: 0x8000b210 (0xde3f2a23) sw      gp, -524(t5)
core   0: 3 0x8000b210 (0xde3f2a23) mem 0x80010000 0x00000001
core   0: 0x8000b214 (0x0000bfe5) c.j     pc - 8
core   0: 3 0x8000b214 (0xbfe5)
core   0: 0x8000b20c (0x00005f17) auipc   t5, 0x5
core   0: 3 0x8000b20c (0x00005f17) x30 0x8001020c
core   0: 0x8000b210 (0xde3f2a23) sw      gp, -524(t5)
core   0: 3 0x8000b210 (0xde3f2a23) mem 0x80010000 0x00000001
core   0: 0x8000b214 (0x0000bfe5) c.j     pc - 8
core   0: 3 0x8000b214 (0xbfe5)
core   0: 0x8000b20c (0x00005f17) auipc   t5, 0x5
core   0: 3 0x8000b20c (0x00005f17) x30 0x8001020c
core   0: 0x8000b210 (0xde3f2a23) sw      gp, -524(t5)
core   0: 3 0x8000b210 (0xde3f2a23) mem 0x80010000 0x00000001
core   0: 0x8000b214 (0x0000bfe5) c.j     pc - 8
core   0: 3 0x8000b214 (0xbfe5)
core   0: 0x8000b20c (0x00005f17) auipc   t5, 0x5
core   0: 3 0x8000b20c (0x00005f17) x30 0x8001020c
core   0: 0x8000b210 (0xde3f2a23) sw      gp, -524(t5)
core   0: 3 0x8000b210 (0xde3f2a23) mem 0x80010000 0x00000001
core   0: 0x8000b214 (0x0000bfe5) c.j     pc - 8
core   0: 3 0x8000b214 (0xbfe5)
core   0: 0x8000b20c (0x00005f17) auipc   t5, 0x5
core   0: 3 0x8000b20c (0x00005f17) x30 0x8001020c
core   0: 0x8000b210 (0xde3f2a23) sw      gp, -524(t5)
core   0: 3 0x8000b210 (0xde3f2a23) mem 0x80010000 0x00000001
core   0: 0x8000b214 (0x0000bfe5) c.j     pc - 8
core   0: 3 0x8000b214 (0xbfe5)
core   0: 0x8000b20c (0x00005f17) auipc   t5, 0x5
core   0: 3 0x8000b20c (0x00005f17) x30 0x8001020c
core   0: 0x8000b210 (0xde3f2a23) sw      gp, -524(t5)
core   0: 3 0x8000b210 (0xde3f2a23) mem 0x80010000 0x00000001
core   0: 0x8000b214 (0x0000bfe5) c.j     pc - 8
core   0: 3 0x8000b214 (0xbfe5)
core   0: 0x8000b20c (0x00005f17) auipc   t5, 0x5
core   0: 3 0x8000b20c (0x00005f17) x30 0x8001020c
core   0: 0x8000b210 (0xde3f2a23) sw      gp, -524(t5)
core   0: 3 0x8000b210 (0xde3f2a23) mem 0x80010000 0x00000001
core   0: 0x8000b214 (0x0000bfe5) c.j     pc - 8
core   0: 3 0x8000b214 (0xbfe5)
core   0: 0x8000b20c (0x00005f17) auipc   t5, 0x5
core   0: 3 0x8000b20c (0x00005f17) x30 0x8001020c
core   0: 0x8000b210 (0xde3f2a23) sw      gp, -524(t5)
core   0: 3 0x8000b210 (0xde3f2a23) mem 0x80010000 0x00000001
core   0: 0x8000b214 (0x0000bfe5) c.j     pc - 8
core   0: 3 0x8000b214 (0xbfe5)
core   0: 0x8000b20c (0x00005f17) auipc   t5, 0x5
core   0: 3 0x8000b20c (0x00005f17) x30 0x8001020c
core   0: 0x8000b210 (0xde3f2a23) sw      gp, -524(t5)
core   0: 3 0x8000b210 (0xde3f2a23) mem 0x80010000 0x00000001
core   0: 0x8000b214 (0x0000bfe5) c.j     pc - 8
core   0: 3 0x8000b214 (0xbfe5)
core   0: 0x8000b20c (0x00005f17) auipc   t5, 0x5
core   0: 3 0x8000b20c (0x00005f17) x30 0x8001020c
core   0: 0x8000b210 (0xde3f2a23) sw      gp, -524(t5)
core   0: 3 0x8000b210 (0xde3f2a23) mem 0x80010000 0x00000001
core   0: 0x8000b214 (0x0000bfe5) c.j     pc - 8
core   0: 3 0x8000b214 (0xbfe5)
core   0: 0x8000b20c (0x00005f17) auipc   t5, 0x5
core   0: 3 0x8000b20c (0x00005f17) x30 0x8001020c
core   0: 0x8000b210 (0xde3f2a23) sw      gp, -524(t5)
core   0: 3 0x8000b210 (0xde3f2a23) mem 0x80010000 0x00000001
core   0: 0x8000b214 (0x0000bfe5) c.j     pc - 8
core   0: 3 0x8000b214 (0xbfe5)
core   0: 0x8000b20c (0x00005f17) auipc   t5, 0x5
core   0: 3 0x8000b20c (0x00005f17) x30 0x8001020c
core   0: 0x8000b210 (0xde3f2a23) sw      gp, -524(t5)
core   0: 3 0x8000b210 (0xde3f2a23) mem 0x80010000 0x00000001
core   0: 0x8000b214 (0x0000bfe5) c.j     pc - 8
core   0: 3 0x8000b214 (0xbfe5)
core   0: 0x8000b20c (0x00005f17) auipc   t5, 0x5
core   0: 3 0x8000b20c (0x00005f17) x30 0x8001020c
core   0: 0x8000b210 (0xde3f2a23) sw      gp, -524(t5)
core   0: 3 0x8000b210 (0xde3f2a23) mem 0x80010000 0x00000001
core   0: 0x8000b214 (0x0000bfe5) c.j     pc - 8
core   0: 3 0x8000b214 (0xbfe5)
core   0: 0x8000b20c (0x00005f17) auipc   t5, 0x5
core   0: 3 0x8000b20c (0x00005f17) x30 0x8001020c
core   0: 0x8000b210 (0xde3f2a23) sw      gp, -524(t5)
core   0: 3 0x8000b210 (0xde3f2a23) mem 0x80010000 0x00000001
core   0: 0x8000b214 (0x0000bfe5) c.j     pc - 8
core   0: 3 0x8000b214 (0xbfe5)
core   0: 0x8000b20c (0x00005f17) auipc   t5, 0x5
core   0: 3 0x8000b20c (0x00005f17) x30 0x8001020c
core   0: 0x8000b210 (0xde3f2a23) sw      gp, -524(t5)
core   0: 3 0x8000b210 (0xde3f2a23) mem 0x80010000 0x00000001
core   0: 0x8000b214 (0x0000bfe5) c.j     pc - 8
core   0: 3 0x8000b214 (0xbfe5)
core   0: 0x8000b20c (0x00005f17) auipc   t5, 0x5
core   0: 3 0x8000b20c (0x00005f17) x30 0x8001020c
core   0: 0x8000b210 (0xde3f2a23) sw      gp, -524(t5)
core   0: 3 0x8000b210 (0xde3f2a23) mem 0x80010000 0x00000001
core   0: 0x8000b214 (0x0000bfe5) c.j     pc - 8
core   0: 3 0x8000b214 (0xbfe5)
core   0: 0x8000b20c (0x00005f17) auipc   t5, 0x5
core   0: 3 0x8000b20c (0x00005f17) x30 0x8001020c
core   0: 0x8000b210 (0xde3f2a23) sw      gp, -524(t5)
core   0: 3 0x8000b210 (0xde3f2a23) mem 0x80010000 0x00000001
core   0: 0x8000b214 (0x0000bfe5) c.j     pc - 8
core   0: 3 0x8000b214 (0xbfe5)
core   0: 0x8000b20c (0x00005f17) auipc   t5, 0x5
core   0: 3 0x8000b20c (0x00005f17) x30 0x8001020c
core   0: 0x8000b210 (0xde3f2a23) sw      gp, -524(t5)
core   0: 3 0x8000b210 (0xde3f2a23) mem 0x80010000 0x00000001
core   0: 0x8000b214 (0x0000bfe5) c.j     pc - 8
core   0: 3 0x8000b214 (0xbfe5)
core   0: 0x8000b20c (0x00005f17) auipc   t5, 0x5
core   0: 3 0x8000b20c (0x00005f17) x30 0x8001020c
core   0: 0x8000b210 (0xde3f2a23) sw      gp, -524(t5)
core   0: 3 0x8000b210 (0xde3f2a23) mem 0x80010000 0x00000001
core   0: 0x8000b214 (0x0000bfe5) c.j     pc - 8
core   0: 3 0x8000b214 (0xbfe5)
core   0: 0x8000b20c (0x00005f17) auipc   t5, 0x5
core   0: 3 0x8000b20c (0x00005f17) x30 0x8001020c
core   0: 0x8000b210 (0xde3f2a23) sw      gp, -524(t5)
core   0: 3 0x8000b210 (0xde3f2a23) mem 0x80010000 0x00000001
core   0: 0x8000b214 (0x0000bfe5) c.j     pc - 8
core   0: 3 0x8000b214 (0xbfe5)
core   0: 0x8000b20c (0x00005f17) auipc   t5, 0x5
core   0: 3 0x8000b20c (0x00005f17) x30 0x8001020c
core   0: 0x8000b210 (0xde3f2a23) sw      gp, -524(t5)
core   0: 3 0x8000b210 (0xde3f2a23) mem 0x80010000 0x00000001
core   0: 0x8000b214 (0x0000bfe5) c.j     pc - 8
core   0: 3 0x8000b214 (0xbfe5)
core   0: 0x8000b20c (0x00005f17) auipc   t5, 0x5
core   0: 3 0x8000b20c (0x00005f17) x30 0x8001020c
core   0: 0x8000b210 (0xde3f2a23) sw      gp, -524(t5)
core   0: 3 0x8000b210 (0xde3f2a23) mem 0x80010000 0x00000001
core   0: 0x8000b214 (0x0000bfe5) c.j     pc - 8
core   0: 3 0x8000b214 (0xbfe5)
core   0: 0x8000b20c (0x00005f17) auipc   t5, 0x5
core   0: 3 0x8000b20c (0x00005f17) x30 0x8001020c
core   0: 0x8000b210 (0xde3f2a23) sw      gp, -524(t5)
core   0: 3 0x8000b210 (0xde3f2a23) mem 0x80010000 0x00000001
core   0: 0x8000b214 (0x0000bfe5) c.j     pc - 8
core   0: 3 0x8000b214 (0xbfe5)
core   0: 0x8000b20c (0x00005f17) auipc   t5, 0x5
core   0: 3 0x8000b20c (0x00005f17) x30 0x8001020c
core   0: 0x8000b210 (0xde3f2a23) sw      gp, -524(t5)
core   0: 3 0x8000b210 (0xde3f2a23) mem 0x80010000 0x00000001
core   0: 0x8000b214 (0x0000bfe5) c.j     pc - 8
core   0: 3 0x8000b214 (0xbfe5)
core   0: 0x8000b20c (0x00005f17) auipc   t5, 0x5
core   0: 3 0x8000b20c (0x00005f17) x30 0x8001020c
core   0: 0x8000b210 (0xde3f2a23) sw      gp, -524(t5)
core   0: 3 0x8000b210 (0xde3f2a23) mem 0x80010000 0x00000001
core   0: 0x8000b214 (0x0000bfe5) c.j     pc - 8
core   0: 3 0x8000b214 (0xbfe5)
core   0: 0x8000b20c (0x00005f17) auipc   t5, 0x5
core   0: 3 0x8000b20c (0x00005f17) x30 0x8001020c
core   0: 0x8000b210 (0xde3f2a23) sw      gp, -524(t5)
core   0: 3 0x8000b210 (0xde3f2a23) mem 0x80010000 0x00000001
core   0: 0x8000b214 (0x0000bfe5) c.j     pc - 8
core   0: 3 0x8000b214 (0xbfe5)
core   0: 0x8000b20c (0x00005f17) auipc   t5, 0x5
core   0: 3 0x8000b20c (0x00005f17) x30 0x8001020c
core   0: 0x8000b210 (0xde3f2a23) sw      gp, -524(t5)
core   0: 3 0x8000b210 (0xde3f2a23) mem 0x80010000 0x00000001
core   0: 0x8000b214 (0x0000bfe5) c.j     pc - 8
core   0: 3 0x8000b214 (0xbfe5)
core   0: 0x8000b20c (0x00005f17) auipc   t5, 0x5
core   0: 3 0x8000b20c (0x00005f17) x30 0x8001020c
core   0: 0x8000b210 (0xde3f2a23) sw      gp, -524(t5)
core   0: 3 0x8000b210 (0xde3f2a23) mem 0x80010000 0x00000001
core   0: 0x8000b214 (0x0000bfe5) c.j     pc - 8
core   0: 3 0x8000b214 (0xbfe5)
core   0: 0x8000b20c (0x00005f17) auipc   t5, 0x5
core   0: 3 0x8000b20c (0x00005f17) x30 0x8001020c
core   0: 0x8000b210 (0xde3f2a23) sw      gp, -524(t5)
core   0: 3 0x8000b210 (0xde3f2a23) mem 0x80010000 0x00000001
core   0: 0x8000b214 (0x0000bfe5) c.j     pc - 8
core   0: 3 0x8000b214 (0xbfe5)
core   0: 0x8000b20c (0x00005f17) auipc   t5, 0x5
core   0: 3 0x8000b20c (0x00005f17) x30 0x8001020c
core   0: 0x8000b210 (0xde3f2a23) sw      gp, -524(t5)
core   0: 3 0x8000b210 (0xde3f2a23) mem 0x80010000 0x00000001
core   0: 0x8000b214 (0x0000bfe5) c.j     pc - 8
core   0: 3 0x8000b214 (0xbfe5)
core   0: 0x8000b20c (0x00005f17) auipc   t5, 0x5
core   0: 3 0x8000b20c (0x00005f17) x30 0x8001020c
core   0: 0x8000b210 (0xde3f2a23) sw      gp, -524(t5)
core   0: 3 0x8000b210 (0xde3f2a23) mem 0x80010000 0x00000001
core   0: 0x8000b214 (0x0000bfe5) c.j     pc - 8
core   0: 3 0x8000b214 (0xbfe5)
core   0: 0x8000b20c (0x00005f17) auipc   t5, 0x5
core   0: 3 0x8000b20c (0x00005f17) x30 0x8001020c
core   0: 0x8000b210 (0xde3f2a23) sw      gp, -524(t5)
core   0: 3 0x8000b210 (0xde3f2a23) mem 0x80010000 0x00000001
core   0: 0x8000b214 (0x0000bfe5) c.j     pc - 8
core   0: 3 0x8000b214 (0xbfe5)
core   0: 0x8000b20c (0x00005f17) auipc   t5, 0x5
core   0: 3 0x8000b20c (0x00005f17) x30 0x8001020c
core   0: 0x8000b210 (0xde3f2a23) sw      gp, -524(t5)
core   0: 3 0x8000b210 (0xde3f2a23) mem 0x80010000 0x00000001
core   0: 0x8000b214 (0x0000bfe5) c.j     pc - 8
core   0: 3 0x8000b214 (0xbfe5)
core   0: 0x8000b20c (0x00005f17) auipc   t5, 0x5
core   0: 3 0x8000b20c (0x00005f17) x30 0x8001020c
core   0: 0x8000b210 (0xde3f2a23) sw      gp, -524(t5)
core   0: 3 0x8000b210 (0xde3f2a23) mem 0x80010000 0x00000001
core   0: 0x8000b214 (0x0000bfe5) c.j     pc - 8
core   0: 3 0x8000b214 (0xbfe5)
core   0: 0x8000b20c (0x00005f17) auipc   t5, 0x5
core   0: 3 0x8000b20c (0x00005f17) x30 0x8001020c
core   0: 0x8000b210 (0xde3f2a23) sw      gp, -524(t5)
core   0: 3 0x8000b210 (0xde3f2a23) mem 0x80010000 0x00000001
core   0: 0x8000b214 (0x0000bfe5) c.j     pc - 8
core   0: 3 0x8000b214 (0xbfe5)
core   0: 0x8000b20c (0x00005f17) auipc   t5, 0x5
core   0: 3 0x8000b20c (0x00005f17) x30 0x8001020c
core   0: 0x8000b210 (0xde3f2a23) sw      gp, -524(t5)
core   0: 3 0x8000b210 (0xde3f2a23) mem 0x80010000 0x00000001
core   0: 0x8000b214 (0x0000bfe5) c.j     pc - 8
core   0: 3 0x8000b214 (0xbfe5)
core   0: 0x8000b20c (0x00005f17) auipc   t5, 0x5
core   0: 3 0x8000b20c (0x00005f17) x30 0x8001020c
core   0: 0x8000b210 (0xde3f2a23) sw      gp, -524(t5)
core   0: 3 0x8000b210 (0xde3f2a23) mem 0x80010000 0x00000001
core   0: 0x8000b214 (0x0000bfe5) c.j     pc - 8
core   0: 3 0x8000b214 (0xbfe5)
core   0: 0x8000b20c (0x00005f17) auipc   t5, 0x5
core   0: 3 0x8000b20c (0x00005f17) x30 0x8001020c
core   0: 0x8000b210 (0xde3f2a23) sw      gp, -524(t5)
core   0: 3 0x8000b210 (0xde3f2a23) mem 0x80010000 0x00000001
core   0: 0x8000b214 (0x0000bfe5) c.j     pc - 8
core   0: 3 0x8000b214 (0xbfe5)
core   0: 0x8000b20c (0x00005f17) auipc   t5, 0x5
core   0: 3 0x8000b20c (0x00005f17) x30 0x8001020c
core   0: 0x8000b210 (0xde3f2a23) sw      gp, -524(t5)
core   0: 3 0x8000b210 (0xde3f2a23) mem 0x80010000 0x00000001
core   0: 0x8000b214 (0x0000bfe5) c.j     pc - 8
core   0: 3 0x8000b214 (0xbfe5)
core   0: 0x8000b20c (0x00005f17) auipc   t5, 0x5
core   0: 3 0x8000b20c (0x00005f17) x30 0x8001020c
core   0: 0x8000b210 (0xde3f2a23) sw      gp, -524(t5)
core   0: 3 0x8000b210 (0xde3f2a23) mem 0x80010000 0x00000001
core   0: 0x8000b214 (0x0000bfe5) c.j     pc - 8
core   0: 3 0x8000b214 (0xbfe5)
core   0: 0x8000b20c (0x00005f17) auipc   t5, 0x5
core   0: 3 0x8000b20c (0x00005f17) x30 0x8001020c
core   0: 0x8000b210 (0xde3f2a23) sw      gp, -524(t5)
core   0: 3 0x8000b210 (0xde3f2a23) mem 0x80010000 0x00000001
core   0: 0x8000b214 (0x0000bfe5) c.j     pc - 8
core   0: 3 0x8000b214 (0xbfe5)
core   0: 0x8000b20c (0x00005f17) auipc   t5, 0x5
core   0: 3 0x8000b20c (0x00005f17) x30 0x8001020c
core   0: 0x8000b210 (0xde3f2a23) sw      gp, -524(t5)
core   0: 3 0x8000b210 (0xde3f2a23) mem 0x80010000 0x00000001
core   0: 0x8000b214 (0x0000bfe5) c.j     pc - 8
core   0: 3 0x8000b214 (0xbfe5)
core   0: 0x8000b20c (0x00005f17) auipc   t5, 0x5
core   0: 3 0x8000b20c (0x00005f17) x30 0x8001020c
core   0: 0x8000b210 (0xde3f2a23) sw      gp, -524(t5)
core   0: 3 0x8000b210 (0xde3f2a23) mem 0x80010000 0x00000001
core   0: 0x8000b214 (0x0000bfe5) c.j     pc - 8
core   0: 3 0x8000b214 (0xbfe5)
core   0: 0x8000b20c (0x00005f17) auipc   t5, 0x5
core   0: 3 0x8000b20c (0x00005f17) x30 0x8001020c
core   0: 0x8000b210 (0xde3f2a23) sw      gp, -524(t5)
core   0: 3 0x8000b210 (0xde3f2a23) mem 0x80010000 0x00000001
core   0: 0x8000b214 (0x0000bfe5) c.j     pc - 8
core   0: 3 0x8000b214 (0xbfe5)
core   0: 0x8000b20c (0x00005f17) auipc   t5, 0x5
core   0: 3 0x8000b20c (0x00005f17) x30 0x8001020c
core   0: 0x8000b210 (0xde3f2a23) sw      gp, -524(t5)
core   0: 3 0x8000b210 (0xde3f2a23) mem 0x80010000 0x00000001
core   0: 0x8000b214 (0x0000bfe5) c.j     pc - 8
core   0: 3 0x8000b214 (0xbfe5)
core   0: 0x8000b20c (0x00005f17) auipc   t5, 0x5
core   0: 3 0x8000b20c (0x00005f17) x30 0x8001020c
core   0: 0x8000b210 (0xde3f2a23) sw      gp, -524(t5)
core   0: 3 0x8000b210 (0xde3f2a23) mem 0x80010000 0x00000001
core   0: 0x8000b214 (0x0000bfe5) c.j     pc - 8
core   0: 3 0x8000b214 (0xbfe5)
core   0: 0x8000b20c (0x00005f17) auipc   t5, 0x5
core   0: 3 0x8000b20c (0x00005f17) x30 0x8001020c
core   0: 0x8000b210 (0xde3f2a23) sw      gp, -524(t5)
core   0: 3 0x8000b210 (0xde3f2a23) mem 0x80010000 0x00000001
core   0: 0x8000b214 (0x0000bfe5) c.j     pc - 8
core   0: 3 0x8000b214 (0xbfe5)
core   0: 0x8000b20c (0x00005f17) auipc   t5, 0x5
core   0: 3 0x8000b20c (0x00005f17) x30 0x8001020c
core   0: 0x8000b210 (0xde3f2a23) sw      gp, -524(t5)
core   0: 3 0x8000b210 (0xde3f2a23) mem 0x80010000 0x00000001
core   0: 0x8000b214 (0x0000bfe5) c.j     pc - 8
core   0: 3 0x8000b214 (0xbfe5)
core   0: 0x8000b20c (0x00005f17) auipc   t5, 0x5
core   0: 3 0x8000b20c (0x00005f17) x30 0x8001020c
core   0: 0x8000b210 (0xde3f2a23) sw      gp, -524(t5)
core   0: 3 0x8000b210 (0xde3f2a23) mem 0x80010000 0x00000001
core   0: 0x8000b214 (0x0000bfe5) c.j     pc - 8
core   0: 3 0x8000b214 (0xbfe5)
core   0: 0x8000b20c (0x00005f17) auipc   t5, 0x5
core   0: 3 0x8000b20c (0x00005f17) x30 0x8001020c
core   0: 0x8000b210 (0xde3f2a23) sw      gp, -524(t5)
core   0: 3 0x8000b210 (0xde3f2a23) mem 0x80010000 0x00000001
core   0: 0x8000b214 (0x0000bfe5) c.j     pc - 8
core   0: 3 0x8000b214 (0xbfe5)
core   0: 0x8000b20c (0x00005f17) auipc   t5, 0x5
core   0: 3 0x8000b20c (0x00005f17) x30 0x8001020c
core   0: 0x8000b210 (0xde3f2a23) sw      gp, -524(t5)
core   0: 3 0x8000b210 (0xde3f2a23) mem 0x80010000 0x00000001
core   0: 0x8000b214 (0x0000bfe5) c.j     pc - 8
core   0: 3 0x8000b214 (0xbfe5)
core   0: 0x8000b20c (0x00005f17) auipc   t5, 0x5
core   0: 3 0x8000b20c (0x00005f17) x30 0x8001020c
core   0: 0x8000b210 (0xde3f2a23) sw      gp, -524(t5)
core   0: 3 0x8000b210 (0xde3f2a23) mem 0x80010000 0x00000001
core   0: 0x8000b214 (0x0000bfe5) c.j     pc - 8
core   0: 3 0x8000b214 (0xbfe5)
core   0: 0x8000b20c (0x00005f17) auipc   t5, 0x5
core   0: 3 0x8000b20c (0x00005f17) x30 0x8001020c
core   0: 0x8000b210 (0xde3f2a23) sw      gp, -524(t5)
core   0: 3 0x8000b210 (0xde3f2a23) mem 0x80010000 0x00000001
core   0: 0x8000b214 (0x0000bfe5) c.j     pc - 8
core   0: 3 0x8000b214 (0xbfe5)
core   0: 0x8000b20c (0x00005f17) auipc   t5, 0x5
core   0: 3 0x8000b20c (0x00005f17) x30 0x8001020c
core   0: 0x8000b210 (0xde3f2a23) sw      gp, -524(t5)
core   0: 3 0x8000b210 (0xde3f2a23) mem 0x80010000 0x00000001
core   0: 0x8000b214 (0x0000bfe5) c.j     pc - 8
core   0: 3 0x8000b214 (0xbfe5)
core   0: 0x8000b20c (0x00005f17) auipc   t5, 0x5
core   0: 3 0x8000b20c (0x00005f17) x30 0x8001020c
core   0: 0x8000b210 (0xde3f2a23) sw      gp, -524(t5)
core   0: 3 0x8000b210 (0xde3f2a23) mem 0x80010000 0x00000001
core   0: 0x8000b214 (0x0000bfe5) c.j     pc - 8
core   0: 3 0x8000b214 (0xbfe5)
core   0: 0x8000b20c (0x00005f17) auipc   t5, 0x5
core   0: 3 0x8000b20c (0x00005f17) x30 0x8001020c
core   0: 0x8000b210 (0xde3f2a23) sw      gp, -524(t5)
core   0: 3 0x8000b210 (0xde3f2a23) mem 0x80010000 0x00000001
core   0: 0x8000b214 (0x0000bfe5) c.j     pc - 8
core   0: 3 0x8000b214 (0xbfe5)
core   0: 0x8000b20c (0x00005f17) auipc   t5, 0x5
core   0: 3 0x8000b20c (0x00005f17) x30 0x8001020c
core   0: 0x8000b210 (0xde3f2a23) sw      gp, -524(t5)
core   0: 3 0x8000b210 (0xde3f2a23) mem 0x80010000 0x00000001
core   0: 0x8000b214 (0x0000bfe5) c.j     pc - 8
core   0: 3 0x8000b214 (0xbfe5)
core   0: 0x8000b20c (0x00005f17) auipc   t5, 0x5
core   0: 3 0x8000b20c (0x00005f17) x30 0x8001020c
core   0: 0x8000b210 (0xde3f2a23) sw      gp, -524(t5)
core   0: 3 0x8000b210 (0xde3f2a23) mem 0x80010000 0x00000001
core   0: 0x8000b214 (0x0000bfe5) c.j     pc - 8
core   0: 3 0x8000b214 (0xbfe5)
core   0: 0x8000b20c (0x00005f17) auipc   t5, 0x5
core   0: 3 0x8000b20c (0x00005f17) x30 0x8001020c
core   0: 0x8000b210 (0xde3f2a23) sw      gp, -524(t5)
core   0: 3 0x8000b210 (0xde3f2a23) mem 0x80010000 0x00000001
core   0: 0x8000b214 (0x0000bfe5) c.j     pc - 8
core   0: 3 0x8000b214 (0xbfe5)
core   0: 0x8000b20c (0x00005f17) auipc   t5, 0x5
core   0: 3 0x8000b20c (0x00005f17) x30 0x8001020c
core   0: 0x8000b210 (0xde3f2a23) sw      gp, -524(t5)
core   0: 3 0x8000b210 (0xde3f2a23) mem 0x80010000 0x00000001
core   0: 0x8000b214 (0x0000bfe5) c.j     pc - 8
core   0: 3 0x8000b214 (0xbfe5)
core   0: 0x8000b20c (0x00005f17) auipc   t5, 0x5
core   0: 3 0x8000b20c (0x00005f17) x30 0x8001020c
core   0: 0x8000b210 (0xde3f2a23) sw      gp, -524(t5)
core   0: 3 0x8000b210 (0xde3f2a23) mem 0x80010000 0x00000001
core   0: 0x8000b214 (0x0000bfe5) c.j     pc - 8
core   0: 3 0x8000b214 (0xbfe5)
core   0: 0x8000b20c (0x00005f17) auipc   t5, 0x5
core   0: 3 0x8000b20c (0x00005f17) x30 0x8001020c
core   0: 0x8000b210 (0xde3f2a23) sw      gp, -524(t5)
core   0: 3 0x8000b210 (0xde3f2a23) mem 0x80010000 0x00000001
core   0: 0x8000b214 (0x0000bfe5) c.j     pc - 8
core   0: 3 0x8000b214 (0xbfe5)
core   0: 0x8000b20c (0x00005f17) auipc   t5, 0x5
core   0: 3 0x8000b20c (0x00005f17) x30 0x8001020c
core   0: 0x8000b210 (0xde3f2a23) sw      gp, -524(t5)
core   0: 3 0x8000b210 (0xde3f2a23) mem 0x80010000 0x00000001
core   0: 0x8000b214 (0x0000bfe5) c.j     pc - 8
core   0: 3 0x8000b214 (0xbfe5)
core   0: 0x8000b20c (0x00005f17) auipc   t5, 0x5
core   0: 3 0x8000b20c (0x00005f17) x30 0x8001020c
core   0: 0x8000b210 (0xde3f2a23) sw      gp, -524(t5)
core   0: 3 0x8000b210 (0xde3f2a23) mem 0x80010000 0x00000001
core   0: 0x8000b214 (0x0000bfe5) c.j     pc - 8
core   0: 3 0x8000b214 (0xbfe5)
core   0: 0x8000b20c (0x00005f17) auipc   t5, 0x5
core   0: 3 0x8000b20c (0x00005f17) x30 0x8001020c
core   0: 0x8000b210 (0xde3f2a23) sw      gp, -524(t5)
core   0: 3 0x8000b210 (0xde3f2a23) mem 0x80010000 0x00000001
core   0: 0x8000b214 (0x0000bfe5) c.j     pc - 8
core   0: 3 0x8000b214 (0xbfe5)
core   0: 0x8000b20c (0x00005f17) auipc   t5, 0x5
core   0: 3 0x8000b20c (0x00005f17) x30 0x8001020c
core   0: 0x8000b210 (0xde3f2a23) sw      gp, -524(t5)
core   0: 3 0x8000b210 (0xde3f2a23) mem 0x80010000 0x00000001
core   0: 0x8000b214 (0x0000bfe5) c.j     pc - 8
core   0: 3 0x8000b214 (0xbfe5)
core   0: 0x8000b20c (0x00005f17) auipc   t5, 0x5
core   0: 3 0x8000b20c (0x00005f17) x30 0x8001020c
core   0: 0x8000b210 (0xde3f2a23) sw      gp, -524(t5)
core   0: 3 0x8000b210 (0xde3f2a23) mem 0x80010000 0x00000001
core   0: 0x8000b214 (0x0000bfe5) c.j     pc - 8
core   0: 3 0x8000b214 (0xbfe5)
core   0: 0x8000b20c (0x00005f17) auipc   t5, 0x5
core   0: 3 0x8000b20c (0x00005f17) x30 0x8001020c
core   0: 0x8000b210 (0xde3f2a23) sw      gp, -524(t5)
core   0: 3 0x8000b210 (0xde3f2a23) mem 0x80010000 0x00000001
core   0: 0x8000b214 (0x0000bfe5) c.j     pc - 8
core   0: 3 0x8000b214 (0xbfe5)
core   0: 0x8000b20c (0x00005f17) auipc   t5, 0x5
core   0: 3 0x8000b20c (0x00005f17) x30 0x8001020c
core   0: 0x8000b210 (0xde3f2a23) sw      gp, -524(t5)
core   0: 3 0x8000b210 (0xde3f2a23) mem 0x80010000 0x00000001
core   0: 0x8000b214 (0x0000bfe5) c.j     pc - 8
core   0: 3 0x8000b214 (0xbfe5)
core   0: 0x8000b20c (0x00005f17) auipc   t5, 0x5
core   0: 3 0x8000b20c (0x00005f17) x30 0x8001020c
core   0: 0x8000b210 (0xde3f2a23) sw      gp, -524(t5)
core   0: 3 0x8000b210 (0xde3f2a23) mem 0x80010000 0x00000001
core   0: 0x8000b214 (0x0000bfe5) c.j     pc - 8
core   0: 3 0x8000b214 (0xbfe5)
core   0: 0x8000b20c (0x00005f17) auipc   t5, 0x5
core   0: 3 0x8000b20c (0x00005f17) x30 0x8001020c
core   0: 0x8000b210 (0xde3f2a23) sw      gp, -524(t5)
core   0: 3 0x8000b210 (0xde3f2a23) mem 0x80010000 0x00000001
core   0: 0x8000b214 (0x0000bfe5) c.j     pc - 8
core   0: 3 0x8000b214 (0xbfe5)
core   0: 0x8000b20c (0x00005f17) auipc   t5, 0x5
core   0: 3 0x8000b20c (0x00005f17) x30 0x8001020c
core   0: 0x8000b210 (0xde3f2a23) sw      gp, -524(t5)
core   0: 3 0x8000b210 (0xde3f2a23) mem 0x80010000 0x00000001
core   0: 0x8000b214 (0x0000bfe5) c.j     pc - 8
core   0: 3 0x8000b214 (0xbfe5)
core   0: 0x8000b20c (0x00005f17) auipc   t5, 0x5
core   0: 3 0x8000b20c (0x00005f17) x30 0x8001020c
core   0: 0x8000b210 (0xde3f2a23) sw      gp, -524(t5)
core   0: 3 0x8000b210 (0xde3f2a23) mem 0x80010000 0x00000001
core   0: 0x8000b214 (0x0000bfe5) c.j     pc - 8
core   0: 3 0x8000b214 (0xbfe5)
core   0: 0x8000b20c (0x00005f17) auipc   t5, 0x5
core   0: 3 0x8000b20c (0x00005f17) x30 0x8001020c
core   0: 0x8000b210 (0xde3f2a23) sw      gp, -524(t5)
core   0: 3 0x8000b210 (0xde3f2a23) mem 0x80010000 0x00000001
core   0: 0x8000b214 (0x0000bfe5) c.j     pc - 8
core   0: 3 0x8000b214 (0xbfe5)
core   0: 0x8000b20c (0x00005f17) auipc   t5, 0x5
core   0: 3 0x8000b20c (0x00005f17) x30 0x8001020c
core   0: 0x8000b210 (0xde3f2a23) sw      gp, -524(t5)
core   0: 3 0x8000b210 (0xde3f2a23) mem 0x80010000 0x00000001
core   0: 0x8000b214 (0x0000bfe5) c.j     pc - 8
core   0: 3 0x8000b214 (0xbfe5)
core   0: 0x8000b20c (0x00005f17) auipc   t5, 0x5
core   0: 3 0x8000b20c (0x00005f17) x30 0x8001020c
core   0: 0x8000b210 (0xde3f2a23) sw      gp, -524(t5)
core   0: 3 0x8000b210 (0xde3f2a23) mem 0x80010000 0x00000001
core   0: 0x8000b214 (0x0000bfe5) c.j     pc - 8
core   0: 3 0x8000b214 (0xbfe5)
core   0: 0x8000b20c (0x00005f17) auipc   t5, 0x5
core   0: 3 0x8000b20c (0x00005f17) x30 0x8001020c
core   0: 0x8000b210 (0xde3f2a23) sw      gp, -524(t5)
core   0: 3 0x8000b210 (0xde3f2a23) mem 0x80010000 0x00000001
core   0: 0x8000b214 (0x0000bfe5) c.j     pc - 8
core   0: 3 0x8000b214 (0xbfe5)
core   0: 0x8000b20c (0x00005f17) auipc   t5, 0x5
core   0: 3 0x8000b20c (0x00005f17) x30 0x8001020c
core   0: 0x8000b210 (0xde3f2a23) sw      gp, -524(t5)
core   0: 3 0x8000b210 (0xde3f2a23) mem 0x80010000 0x00000001
core   0: 0x8000b214 (0x0000bfe5) c.j     pc - 8
core   0: 3 0x8000b214 (0xbfe5)
core   0: 0x8000b20c (0x00005f17) auipc   t5, 0x5
core   0: 3 0x8000b20c (0x00005f17) x30 0x8001020c
core   0: 0x8000b210 (0xde3f2a23) sw      gp, -524(t5)
core   0: 3 0x8000b210 (0xde3f2a23) mem 0x80010000 0x00000001
core   0: 0x8000b214 (0x0000bfe5) c.j     pc - 8
core   0: 3 0x8000b214 (0xbfe5)
core   0: 0x8000b20c (0x00005f17) auipc   t5, 0x5
core   0: 3 0x8000b20c (0x00005f17) x30 0x8001020c
core   0: 0x8000b210 (0xde3f2a23) sw      gp, -524(t5)
core   0: 3 0x8000b210 (0xde3f2a23) mem 0x80010000 0x00000001
core   0: 0x8000b214 (0x0000bfe5) c.j     pc - 8
core   0: 3 0x8000b214 (0xbfe5)
core   0: 0x8000b20c (0x00005f17) auipc   t5, 0x5
core   0: 3 0x8000b20c (0x00005f17) x30 0x8001020c
core   0: 0x8000b210 (0xde3f2a23) sw      gp, -524(t5)
core   0: 3 0x8000b210 (0xde3f2a23) mem 0x80010000 0x00000001
core   0: 0x8000b214 (0x0000bfe5) c.j     pc - 8
core   0: 3 0x8000b214 (0xbfe5)
core   0: 0x8000b20c (0x00005f17) auipc   t5, 0x5
core   0: 3 0x8000b20c (0x00005f17) x30 0x8001020c
core   0: 0x8000b210 (0xde3f2a23) sw      gp, -524(t5)
core   0: 3 0x8000b210 (0xde3f2a23) mem 0x80010000 0x00000001
core   0: 0x8000b214 (0x0000bfe5) c.j     pc - 8
core   0: 3 0x8000b214 (0xbfe5)
core   0: 0x8000b20c (0x00005f17) auipc   t5, 0x5
core   0: 3 0x8000b20c (0x00005f17) x30 0x8001020c
core   0: 0x8000b210 (0xde3f2a23) sw      gp, -524(t5)
core   0: 3 0x8000b210 (0xde3f2a23) mem 0x80010000 0x00000001
core   0: 0x8000b214 (0x0000bfe5) c.j     pc - 8
core   0: 3 0x8000b214 (0xbfe5)
core   0: 0x8000b20c (0x00005f17) auipc   t5, 0x5
core   0: 3 0x8000b20c (0x00005f17) x30 0x8001020c
core   0: 0x8000b210 (0xde3f2a23) sw      gp, -524(t5)
core   0: 3 0x8000b210 (0xde3f2a23) mem 0x80010000 0x00000001
core   0: 0x8000b214 (0x0000bfe5) c.j     pc - 8
core   0: 3 0x8000b214 (0xbfe5)
core   0: 0x8000b20c (0x00005f17) auipc   t5, 0x5
core   0: 3 0x8000b20c (0x00005f17) x30 0x8001020c
core   0: 0x8000b210 (0xde3f2a23) sw      gp, -524(t5)
core   0: 3 0x8000b210 (0xde3f2a23) mem 0x80010000 0x00000001
core   0: 0x8000b214 (0x0000bfe5) c.j     pc - 8
core   0: 3 0x8000b214 (0xbfe5)
core   0: 0x8000b20c (0x00005f17) auipc   t5, 0x5
core   0: 3 0x8000b20c (0x00005f17) x30 0x8001020c
core   0: 0x8000b210 (0xde3f2a23) sw      gp, -524(t5)
core   0: 3 0x8000b210 (0xde3f2a23) mem 0x80010000 0x00000001
core   0: 0x8000b214 (0x0000bfe5) c.j     pc - 8
core   0: 3 0x8000b214 (0xbfe5)
core   0: 0x8000b20c (0x00005f17) auipc   t5, 0x5
core   0: 3 0x8000b20c (0x00005f17) x30 0x8001020c
core   0: 0x8000b210 (0xde3f2a23) sw      gp, -524(t5)
core   0: 3 0x8000b210 (0xde3f2a23) mem 0x80010000 0x00000001
core   0: 0x8000b214 (0x0000bfe5) c.j     pc - 8
core   0: 3 0x8000b214 (0xbfe5)
core   0: 0x8000b20c (0x00005f17) auipc   t5, 0x5
core   0: 3 0x8000b20c (0x00005f17) x30 0x8001020c
core   0: 0x8000b210 (0xde3f2a23) sw      gp, -524(t5)
core   0: 3 0x8000b210 (0xde3f2a23) mem 0x80010000 0x00000001
core   0: 0x8000b214 (0x0000bfe5) c.j     pc - 8
core   0: 3 0x8000b214 (0xbfe5)
core   0: 0x8000b20c (0x00005f17) auipc   t5, 0x5
core   0: 3 0x8000b20c (0x00005f17) x30 0x8001020c
core   0: 0x8000b210 (0xde3f2a23) sw      gp, -524(t5)
core   0: 3 0x8000b210 (0xde3f2a23) mem 0x80010000 0x00000001
core   0: 0x8000b214 (0x0000bfe5) c.j     pc - 8
core   0: 3 0x8000b214 (0xbfe5)
core   0: 0x8000b20c (0x00005f17) auipc   t5, 0x5
core   0: 3 0x8000b20c (0x00005f17) x30 0x8001020c
core   0: 0x8000b210 (0xde3f2a23) sw      gp, -524(t5)
core   0: 3 0x8000b210 (0xde3f2a23) mem 0x80010000 0x00000001
core   0: 0x8000b214 (0x0000bfe5) c.j     pc - 8
core   0: 3 0x8000b214 (0xbfe5)
core   0: 0x8000b20c (0x00005f17) auipc   t5, 0x5
core   0: 3 0x8000b20c (0x00005f17) x30 0x8001020c
core   0: 0x8000b210 (0xde3f2a23) sw      gp, -524(t5)
core   0: 3 0x8000b210 (0xde3f2a23) mem 0x80010000 0x00000001
core   0: 0x8000b214 (0x0000bfe5) c.j     pc - 8
core   0: 3 0x8000b214 (0xbfe5)
core   0: 0x8000b20c (0x00005f17) auipc   t5, 0x5
core   0: 3 0x8000b20c (0x00005f17) x30 0x8001020c
core   0: 0x8000b210 (0xde3f2a23) sw      gp, -524(t5)
core   0: 3 0x8000b210 (0xde3f2a23) mem 0x80010000 0x00000001
core   0: 0x8000b214 (0x0000bfe5) c.j     pc - 8
core   0: 3 0x8000b214 (0xbfe5)
core   0: 0x8000b20c (0x00005f17) auipc   t5, 0x5
core   0: 3 0x8000b20c (0x00005f17) x30 0x8001020c
core   0: 0x8000b210 (0xde3f2a23) sw      gp, -524(t5)
core   0: 3 0x8000b210 (0xde3f2a23) mem 0x80010000 0x00000001
core   0: 0x8000b214 (0x0000bfe5) c.j     pc - 8
core   0: 3 0x8000b214 (0xbfe5)
core   0: 0x8000b20c (0x00005f17) auipc   t5, 0x5
core   0: 3 0x8000b20c (0x00005f17) x30 0x8001020c
core   0: 0x8000b210 (0xde3f2a23) sw      gp, -524(t5)
core   0: 3 0x8000b210 (0xde3f2a23) mem 0x80010000 0x00000001
core   0: 0x8000b214 (0x0000bfe5) c.j     pc - 8
core   0: 3 0x8000b214 (0xbfe5)
core   0: 0x8000b20c (0x00005f17) auipc   t5, 0x5
core   0: 3 0x8000b20c (0x00005f17) x30 0x8001020c
core   0: 0x8000b210 (0xde3f2a23) sw      gp, -524(t5)
core   0: 3 0x8000b210 (0xde3f2a23) mem 0x80010000 0x00000001
core   0: 0x8000b214 (0x0000bfe5) c.j     pc - 8
core   0: 3 0x8000b214 (0xbfe5)
core   0: 0x8000b20c (0x00005f17) auipc   t5, 0x5
core   0: 3 0x8000b20c (0x00005f17) x30 0x8001020c
core   0: 0x8000b210 (0xde3f2a23) sw      gp, -524(t5)
core   0: 3 0x8000b210 (0xde3f2a23) mem 0x80010000 0x00000001
core   0: 0x8000b214 (0x0000bfe5) c.j     pc - 8
core   0: 3 0x8000b214 (0xbfe5)
core   0: 0x8000b20c (0x00005f17) auipc   t5, 0x5
core   0: 3 0x8000b20c (0x00005f17) x30 0x8001020c
core   0: 0x8000b210 (0xde3f2a23) sw      gp, -524(t5)
core   0: 3 0x8000b210 (0xde3f2a23) mem 0x80010000 0x00000001
core   0: 0x8000b214 (0x0000bfe5) c.j     pc - 8
core   0: 3 0x8000b214 (0xbfe5)
core   0: 0x8000b20c (0x00005f17) auipc   t5, 0x5
core   0: 3 0x8000b20c (0x00005f17) x30 0x8001020c
core   0: 0x8000b210 (0xde3f2a23) sw      gp, -524(t5)
core   0: 3 0x8000b210 (0xde3f2a23) mem 0x80010000 0x00000001
core   0: 0x8000b214 (0x0000bfe5) c.j     pc - 8
core   0: 3 0x8000b214 (0xbfe5)
core   0: 0x8000b20c (0x00005f17) auipc   t5, 0x5
core   0: 3 0x8000b20c (0x00005f17) x30 0x8001020c
core   0: 0x8000b210 (0xde3f2a23) sw      gp, -524(t5)
core   0: 3 0x8000b210 (0xde3f2a23) mem 0x80010000 0x00000001
core   0: 0x8000b214 (0x0000bfe5) c.j     pc - 8
core   0: 3 0x8000b214 (0xbfe5)
core   0: 0x8000b20c (0x00005f17) auipc   t5, 0x5
core   0: 3 0x8000b20c (0x00005f17) x30 0x8001020c
core   0: 0x8000b210 (0xde3f2a23) sw      gp, -524(t5)
core   0: 3 0x8000b210 (0xde3f2a23) mem 0x80010000 0x00000001
core   0: 0x8000b214 (0x0000bfe5) c.j     pc - 8
core   0: 3 0x8000b214 (0xbfe5)
core   0: 0x8000b20c (0x00005f17) auipc   t5, 0x5
core   0: 3 0x8000b20c (0x00005f17) x30 0x8001020c
core   0: 0x8000b210 (0xde3f2a23) sw      gp, -524(t5)
core   0: 3 0x8000b210 (0xde3f2a23) mem 0x80010000 0x00000001
core   0: 0x8000b214 (0x0000bfe5) c.j     pc - 8
core   0: 3 0x8000b214 (0xbfe5)
core   0: 0x8000b20c (0x00005f17) auipc   t5, 0x5
core   0: 3 0x8000b20c (0x00005f17) x30 0x8001020c
core   0: 0x8000b210 (0xde3f2a23) sw      gp, -524(t5)
core   0: 3 0x8000b210 (0xde3f2a23) mem 0x80010000 0x00000001
core   0: 0x8000b214 (0x0000bfe5) c.j     pc - 8
core   0: 3 0x8000b214 (0xbfe5)
core   0: 0x8000b20c (0x00005f17) auipc   t5, 0x5
core   0: 3 0x8000b20c (0x00005f17) x30 0x8001020c
core   0: 0x8000b210 (0xde3f2a23) sw      gp, -524(t5)
core   0: 3 0x8000b210 (0xde3f2a23) mem 0x80010000 0x00000001
core   0: 0x8000b214 (0x0000bfe5) c.j     pc - 8
core   0: 3 0x8000b214 (0xbfe5)
core   0: 0x8000b20c (0x00005f17) auipc   t5, 0x5
core   0: 3 0x8000b20c (0x00005f17) x30 0x8001020c
core   0: 0x8000b210 (0xde3f2a23) sw      gp, -524(t5)
core   0: 3 0x8000b210 (0xde3f2a23) mem 0x80010000 0x00000001
core   0: 0x8000b214 (0x0000bfe5) c.j     pc - 8
core   0: 3 0x8000b214 (0xbfe5)
core   0: 0x8000b20c (0x00005f17) auipc   t5, 0x5
core   0: 3 0x8000b20c (0x00005f17) x30 0x8001020c
core   0: 0x8000b210 (0xde3f2a23) sw      gp, -524(t5)
core   0: 3 0x8000b210 (0xde3f2a23) mem 0x80010000 0x00000001
core   0: 0x8000b214 (0x0000bfe5) c.j     pc - 8
core   0: 3 0x8000b214 (0xbfe5)
core   0: 0x8000b20c (0x00005f17) auipc   t5, 0x5
core   0: 3 0x8000b20c (0x00005f17) x30 0x8001020c
core   0: 0x8000b210 (0xde3f2a23) sw      gp, -524(t5)
core   0: 3 0x8000b210 (0xde3f2a23) mem 0x80010000 0x00000001
core   0: 0x8000b214 (0x0000bfe5) c.j     pc - 8
core   0: 3 0x8000b214 (0xbfe5)
core   0: 0x8000b20c (0x00005f17) auipc   t5, 0x5
core   0: 3 0x8000b20c (0x00005f17) x30 0x8001020c
core   0: 0x8000b210 (0xde3f2a23) sw      gp, -524(t5)
core   0: 3 0x8000b210 (0xde3f2a23) mem 0x80010000 0x00000001
core   0: 0x8000b214 (0x0000bfe5) c.j     pc - 8
core   0: 3 0x8000b214 (0xbfe5)
core   0: 0x8000b20c (0x00005f17) auipc   t5, 0x5
core   0: 3 0x8000b20c (0x00005f17) x30 0x8001020c
core   0: 0x8000b210 (0xde3f2a23) sw      gp, -524(t5)
core   0: 3 0x8000b210 (0xde3f2a23) mem 0x80010000 0x00000001
core   0: 0x8000b214 (0x0000bfe5) c.j     pc - 8
core   0: 3 0x8000b214 (0xbfe5)
core   0: 0x8000b20c (0x00005f17) auipc   t5, 0x5
core   0: 3 0x8000b20c (0x00005f17) x30 0x8001020c
core   0: 0x8000b210 (0xde3f2a23) sw      gp, -524(t5)
core   0: 3 0x8000b210 (0xde3f2a23) mem 0x80010000 0x00000001
core   0: 0x8000b214 (0x0000bfe5) c.j     pc - 8
core   0: 3 0x8000b214 (0xbfe5)
core   0: 0x8000b20c (0x00005f17) auipc   t5, 0x5
core   0: 3 0x8000b20c (0x00005f17) x30 0x8001020c
core   0: 0x8000b210 (0xde3f2a23) sw      gp, -524(t5)
core   0: 3 0x8000b210 (0xde3f2a23) mem 0x80010000 0x00000001
core   0: 0x8000b214 (0x0000bfe5) c.j     pc - 8
core   0: 3 0x8000b214 (0xbfe5)
core   0: 0x8000b20c (0x00005f17) auipc   t5, 0x5
core   0: 3 0x8000b20c (0x00005f17) x30 0x8001020c
core   0: 0x8000b210 (0xde3f2a23) sw      gp, -524(t5)
core   0: 3 0x8000b210 (0xde3f2a23) mem 0x80010000 0x00000001
core   0: 0x8000b214 (0x0000bfe5) c.j     pc - 8
core   0: 3 0x8000b214 (0xbfe5)
core   0: 0x8000b20c (0x00005f17) auipc   t5, 0x5
core   0: 3 0x8000b20c (0x00005f17) x30 0x8001020c
core   0: 0x8000b210 (0xde3f2a23) sw      gp, -524(t5)
core   0: 3 0x8000b210 (0xde3f2a23) mem 0x80010000 0x00000001
core   0: 0x8000b214 (0x0000bfe5) c.j     pc - 8
core   0: 3 0x8000b214 (0xbfe5)
core   0: 0x8000b20c (0x00005f17) auipc   t5, 0x5
core   0: 3 0x8000b20c (0x00005f17) x30 0x8001020c
core   0: 0x8000b210 (0xde3f2a23) sw      gp, -524(t5)
core   0: 3 0x8000b210 (0xde3f2a23) mem 0x80010000 0x00000001
core   0: 0x8000b214 (0x0000bfe5) c.j     pc - 8
core   0: 3 0x8000b214 (0xbfe5)
core   0: 0x8000b20c (0x00005f17) auipc   t5, 0x5
core   0: 3 0x8000b20c (0x00005f17) x30 0x8001020c
core   0: 0x8000b210 (0xde3f2a23) sw      gp, -524(t5)
core   0: 3 0x8000b210 (0xde3f2a23) mem 0x80010000 0x00000001
core   0: 0x8000b214 (0x0000bfe5) c.j     pc - 8
core   0: 3 0x8000b214 (0xbfe5)
core   0: 0x8000b20c (0x00005f17) auipc   t5, 0x5
core   0: 3 0x8000b20c (0x00005f17) x30 0x8001020c
core   0: 0x8000b210 (0xde3f2a23) sw      gp, -524(t5)
core   0: 3 0x8000b210 (0xde3f2a23) mem 0x80010000 0x00000001
core   0: 0x8000b214 (0x0000bfe5) c.j     pc - 8
core   0: 3 0x8000b214 (0xbfe5)
core   0: 0x8000b20c (0x00005f17) auipc   t5, 0x5
core   0: 3 0x8000b20c (0x00005f17) x30 0x8001020c
core   0: 0x8000b210 (0xde3f2a23) sw      gp, -524(t5)
core   0: 3 0x8000b210 (0xde3f2a23) mem 0x80010000 0x00000001
core   0: 0x8000b214 (0x0000bfe5) c.j     pc - 8
core   0: 3 0x8000b214 (0xbfe5)
core   0: 0x8000b20c (0x00005f17) auipc   t5, 0x5
core   0: 3 0x8000b20c (0x00005f17) x30 0x8001020c
core   0: 0x8000b210 (0xde3f2a23) sw      gp, -524(t5)
core   0: 3 0x8000b210 (0xde3f2a23) mem 0x80010000 0x00000001
core   0: 0x8000b214 (0x0000bfe5) c.j     pc - 8
core   0: 3 0x8000b214 (0xbfe5)
core   0: 0x8000b20c (0x00005f17) auipc   t5, 0x5
core   0: 3 0x8000b20c (0x00005f17) x30 0x8001020c
core   0: 0x8000b210 (0xde3f2a23) sw      gp, -524(t5)
core   0: 3 0x8000b210 (0xde3f2a23) mem 0x80010000 0x00000001
core   0: 0x8000b214 (0x0000bfe5) c.j     pc - 8
core   0: 3 0x8000b214 (0xbfe5)
core   0: 0x8000b20c (0x00005f17) auipc   t5, 0x5
core   0: 3 0x8000b20c (0x00005f17) x30 0x8001020c
core   0: 0x8000b210 (0xde3f2a23) sw      gp, -524(t5)
core   0: 3 0x8000b210 (0xde3f2a23) mem 0x80010000 0x00000001
core   0: 0x8000b214 (0x0000bfe5) c.j     pc - 8
core   0: 3 0x8000b214 (0xbfe5)
core   0: 0x8000b20c (0x00005f17) auipc   t5, 0x5
core   0: 3 0x8000b20c (0x00005f17) x30 0x8001020c
core   0: 0x8000b210 (0xde3f2a23) sw      gp, -524(t5)
core   0: 3 0x8000b210 (0xde3f2a23) mem 0x80010000 0x00000001
core   0: 0x8000b214 (0x0000bfe5) c.j     pc - 8
core   0: 3 0x8000b214 (0xbfe5)
core   0: 0x8000b20c (0x00005f17) auipc   t5, 0x5
core   0: 3 0x8000b20c (0x00005f17) x30 0x8001020c
core   0: 0x8000b210 (0xde3f2a23) sw      gp, -524(t5)
core   0: 3 0x8000b210 (0xde3f2a23) mem 0x80010000 0x00000001
core   0: 0x8000b214 (0x0000bfe5) c.j     pc - 8
core   0: 3 0x8000b214 (0xbfe5)
core   0: 0x8000b20c (0x00005f17) auipc   t5, 0x5
core   0: 3 0x8000b20c (0x00005f17) x30 0x8001020c
core   0: 0x8000b210 (0xde3f2a23) sw      gp, -524(t5)
core   0: 3 0x8000b210 (0xde3f2a23) mem 0x80010000 0x00000001
core   0: 0x8000b214 (0x0000bfe5) c.j     pc - 8
core   0: 3 0x8000b214 (0xbfe5)
core   0: 0x8000b20c (0x00005f17) auipc   t5, 0x5
core   0: 3 0x8000b20c (0x00005f17) x30 0x8001020c
core   0: 0x8000b210 (0xde3f2a23) sw      gp, -524(t5)
core   0: 3 0x8000b210 (0xde3f2a23) mem 0x80010000 0x00000001
core   0: 0x8000b214 (0x0000bfe5) c.j     pc - 8
core   0: 3 0x8000b214 (0xbfe5)
core   0: 0x8000b20c (0x00005f17) auipc   t5, 0x5
core   0: 3 0x8000b20c (0x00005f17) x30 0x8001020c
core   0: 0x8000b210 (0xde3f2a23) sw      gp, -524(t5)
core   0: 3 0x8000b210 (0xde3f2a23) mem 0x80010000 0x00000001
core   0: 0x8000b214 (0x0000bfe5) c.j     pc - 8
core   0: 3 0x8000b214 (0xbfe5)
core   0: 0x8000b20c (0x00005f17) auipc   t5, 0x5
core   0: 3 0x8000b20c (0x00005f17) x30 0x8001020c
core   0: 0x8000b210 (0xde3f2a23) sw      gp, -524(t5)
core   0: 3 0x8000b210 (0xde3f2a23) mem 0x80010000 0x00000001
core   0: 0x8000b214 (0x0000bfe5) c.j     pc - 8
core   0: 3 0x8000b214 (0xbfe5)
core   0: 0x8000b20c (0x00005f17) auipc   t5, 0x5
core   0: 3 0x8000b20c (0x00005f17) x30 0x8001020c
core   0: 0x8000b210 (0xde3f2a23) sw      gp, -524(t5)
core   0: 3 0x8000b210 (0xde3f2a23) mem 0x80010000 0x00000001
core   0: 0x8000b214 (0x0000bfe5) c.j     pc - 8
core   0: 3 0x8000b214 (0xbfe5)
core   0: 0x8000b20c (0x00005f17) auipc   t5, 0x5
core   0: 3 0x8000b20c (0x00005f17) x30 0x8001020c
core   0: 0x8000b210 (0xde3f2a23) sw      gp, -524(t5)
core   0: 3 0x8000b210 (0xde3f2a23) mem 0x80010000 0x00000001
core   0: 0x8000b214 (0x0000bfe5) c.j     pc - 8
core   0: 3 0x8000b214 (0xbfe5)
core   0: 0x8000b20c (0x00005f17) auipc   t5, 0x5
core   0: 3 0x8000b20c (0x00005f17) x30 0x8001020c
core   0: 0x8000b210 (0xde3f2a23) sw      gp, -524(t5)
core   0: 3 0x8000b210 (0xde3f2a23) mem 0x80010000 0x00000001
core   0: 0x8000b214 (0x0000bfe5) c.j     pc - 8
core   0: 3 0x8000b214 (0xbfe5)
core   0: 0x8000b20c (0x00005f17) auipc   t5, 0x5
core   0: 3 0x8000b20c (0x00005f17) x30 0x8001020c
core   0: 0x8000b210 (0xde3f2a23) sw      gp, -524(t5)
core   0: 3 0x8000b210 (0xde3f2a23) mem 0x80010000 0x00000001
core   0: 0x8000b214 (0x0000bfe5) c.j     pc - 8
core   0: 3 0x8000b214 (0xbfe5)
core   0: 0x8000b20c (0x00005f17) auipc   t5, 0x5
core   0: 3 0x8000b20c (0x00005f17) x30 0x8001020c
core   0: 0x8000b210 (0xde3f2a23) sw      gp, -524(t5)
core   0: 3 0x8000b210 (0xde3f2a23) mem 0x80010000 0x00000001
core   0: 0x8000b214 (0x0000bfe5) c.j     pc - 8
core   0: 3 0x8000b214 (0xbfe5)
core   0: 0x8000b20c (0x00005f17) auipc   t5, 0x5
core   0: 3 0x8000b20c (0x00005f17) x30 0x8001020c
core   0: 0x8000b210 (0xde3f2a23) sw      gp, -524(t5)
core   0: 3 0x8000b210 (0xde3f2a23) mem 0x80010000 0x00000001
core   0: 0x8000b214 (0x0000bfe5) c.j     pc - 8
core   0: 3 0x8000b214 (0xbfe5)
core   0: 0x8000b20c (0x00005f17) auipc   t5, 0x5
core   0: 3 0x8000b20c (0x00005f17) x30 0x8001020c
core   0: 0x8000b210 (0xde3f2a23) sw      gp, -524(t5)
core   0: 3 0x8000b210 (0xde3f2a23) mem 0x80010000 0x00000001
core   0: 0x8000b214 (0x0000bfe5) c.j     pc - 8
core   0: 3 0x8000b214 (0xbfe5)
core   0: 0x8000b20c (0x00005f17) auipc   t5, 0x5
core   0: 3 0x8000b20c (0x00005f17) x30 0x8001020c
core   0: 0x8000b210 (0xde3f2a23) sw      gp, -524(t5)
core   0: 3 0x8000b210 (0xde3f2a23) mem 0x80010000 0x00000001
core   0: 0x8000b214 (0x0000bfe5) c.j     pc - 8
core   0: 3 0x8000b214 (0xbfe5)
core   0: 0x8000b20c (0x00005f17) auipc   t5, 0x5
core   0: 3 0x8000b20c (0x00005f17) x30 0x8001020c
core   0: 0x8000b210 (0xde3f2a23) sw      gp, -524(t5)
core   0: 3 0x8000b210 (0xde3f2a23) mem 0x80010000 0x00000001
core   0: 0x8000b214 (0x0000bfe5) c.j     pc - 8
core   0: 3 0x8000b214 (0xbfe5)
core   0: 0x8000b20c (0x00005f17) auipc   t5, 0x5
core   0: 3 0x8000b20c (0x00005f17) x30 0x8001020c
core   0: 0x8000b210 (0xde3f2a23) sw      gp, -524(t5)
core   0: 3 0x8000b210 (0xde3f2a23) mem 0x80010000 0x00000001
core   0: 0x8000b214 (0x0000bfe5) c.j     pc - 8
core   0: 3 0x8000b214 (0xbfe5)
core   0: 0x8000b20c (0x00005f17) auipc   t5, 0x5
core   0: 3 0x8000b20c (0x00005f17) x30 0x8001020c
core   0: 0x8000b210 (0xde3f2a23) sw      gp, -524(t5)
core   0: 3 0x8000b210 (0xde3f2a23) mem 0x80010000 0x00000001
core   0: 0x8000b214 (0x0000bfe5) c.j     pc - 8
core   0: 3 0x8000b214 (0xbfe5)
core   0: 0x8000b20c (0x00005f17) auipc   t5, 0x5
core   0: 3 0x8000b20c (0x00005f17) x30 0x8001020c
core   0: 0x8000b210 (0xde3f2a23) sw      gp, -524(t5)
core   0: 3 0x8000b210 (0xde3f2a23) mem 0x80010000 0x00000001
core   0: 0x8000b214 (0x0000bfe5) c.j     pc - 8
core   0: 3 0x8000b214 (0xbfe5)
core   0: 0x8000b20c (0x00005f17) auipc   t5, 0x5
core   0: 3 0x8000b20c (0x00005f17) x30 0x8001020c
core   0: 0x8000b210 (0xde3f2a23) sw      gp, -524(t5)
core   0: 3 0x8000b210 (0xde3f2a23) mem 0x80010000 0x00000001
core   0: 0x8000b214 (0x0000bfe5) c.j     pc - 8
core   0: 3 0x8000b214 (0xbfe5)
core   0: 0x8000b20c (0x00005f17) auipc   t5, 0x5
core   0: 3 0x8000b20c (0x00005f17) x30 0x8001020c
core   0: 0x8000b210 (0xde3f2a23) sw      gp, -524(t5)
core   0: 3 0x8000b210 (0xde3f2a23) mem 0x80010000 0x00000001
core   0: 0x8000b214 (0x0000bfe5) c.j     pc - 8
core   0: 3 0x8000b214 (0xbfe5)
core   0: 0x8000b20c (0x00005f17) auipc   t5, 0x5
core   0: 3 0x8000b20c (0x00005f17) x30 0x8001020c
core   0: 0x8000b210 (0xde3f2a23) sw      gp, -524(t5)
core   0: 3 0x8000b210 (0xde3f2a23) mem 0x80010000 0x00000001
core   0: 0x8000b214 (0x0000bfe5) c.j     pc - 8
core   0: 3 0x8000b214 (0xbfe5)
core   0: 0x8000b20c (0x00005f17) auipc   t5, 0x5
core   0: 3 0x8000b20c (0x00005f17) x30 0x8001020c
core   0: 0x8000b210 (0xde3f2a23) sw      gp, -524(t5)
core   0: 3 0x8000b210 (0xde3f2a23) mem 0x80010000 0x00000001
core   0: 0x8000b214 (0x0000bfe5) c.j     pc - 8
core   0: 3 0x8000b214 (0xbfe5)
core   0: 0x8000b20c (0x00005f17) auipc   t5, 0x5
core   0: 3 0x8000b20c (0x00005f17) x30 0x8001020c
core   0: 0x8000b210 (0xde3f2a23) sw      gp, -524(t5)
core   0: 3 0x8000b210 (0xde3f2a23) mem 0x80010000 0x00000001
core   0: 0x8000b214 (0x0000bfe5) c.j     pc - 8
core   0: 3 0x8000b214 (0xbfe5)
core   0: 0x8000b20c (0x00005f17) auipc   t5, 0x5
core   0: 3 0x8000b20c (0x00005f17) x30 0x8001020c
core   0: 0x8000b210 (0xde3f2a23) sw      gp, -524(t5)
core   0: 3 0x8000b210 (0xde3f2a23) mem 0x80010000 0x00000001
core   0: 0x8000b214 (0x0000bfe5) c.j     pc - 8
core   0: 3 0x8000b214 (0xbfe5)
core   0: 0x8000b20c (0x00005f17) auipc   t5, 0x5
core   0: 3 0x8000b20c (0x00005f17) x30 0x8001020c
core   0: 0x8000b210 (0xde3f2a23) sw      gp, -524(t5)
core   0: 3 0x8000b210 (0xde3f2a23) mem 0x80010000 0x00000001
core   0: 0x8000b214 (0x0000bfe5) c.j     pc - 8
core   0: 3 0x8000b214 (0xbfe5)
core   0: 0x8000b20c (0x00005f17) auipc   t5, 0x5
core   0: 3 0x8000b20c (0x00005f17) x30 0x8001020c
core   0: 0x8000b210 (0xde3f2a23) sw      gp, -524(t5)
core   0: 3 0x8000b210 (0xde3f2a23) mem 0x80010000 0x00000001
core   0: 0x8000b214 (0x0000bfe5) c.j     pc - 8
core   0: 3 0x8000b214 (0xbfe5)
core   0: 0x8000b20c (0x00005f17) auipc   t5, 0x5
core   0: 3 0x8000b20c (0x00005f17) x30 0x8001020c
core   0: 0x8000b210 (0xde3f2a23) sw      gp, -524(t5)
core   0: 3 0x8000b210 (0xde3f2a23) mem 0x80010000 0x00000001
core   0: 0x8000b214 (0x0000bfe5) c.j     pc - 8
core   0: 3 0x8000b214 (0xbfe5)
core   0: 0x8000b20c (0x00005f17) auipc   t5, 0x5
core   0: 3 0x8000b20c (0x00005f17) x30 0x8001020c
core   0: 0x8000b210 (0xde3f2a23) sw      gp, -524(t5)
core   0: 3 0x8000b210 (0xde3f2a23) mem 0x80010000 0x00000001
core   0: 0x8000b214 (0x0000bfe5) c.j     pc - 8
core   0: 3 0x8000b214 (0xbfe5)
core   0: 0x8000b20c (0x00005f17) auipc   t5, 0x5
core   0: 3 0x8000b20c (0x00005f17) x30 0x8001020c
core   0: 0x8000b210 (0xde3f2a23) sw      gp, -524(t5)
core   0: 3 0x8000b210 (0xde3f2a23) mem 0x80010000 0x00000001
core   0: 0x8000b214 (0x0000bfe5) c.j     pc - 8
core   0: 3 0x8000b214 (0xbfe5)
core   0: 0x8000b20c (0x00005f17) auipc   t5, 0x5
core   0: 3 0x8000b20c (0x00005f17) x30 0x8001020c
core   0: 0x8000b210 (0xde3f2a23) sw      gp, -524(t5)
core   0: 3 0x8000b210 (0xde3f2a23) mem 0x80010000 0x00000001
core   0: 0x8000b214 (0x0000bfe5) c.j     pc - 8
core   0: 3 0x8000b214 (0xbfe5)
core   0: 0x8000b20c (0x00005f17) auipc   t5, 0x5
core   0: 3 0x8000b20c (0x00005f17) x30 0x8001020c
core   0: 0x8000b210 (0xde3f2a23) sw      gp, -524(t5)
core   0: 3 0x8000b210 (0xde3f2a23) mem 0x80010000 0x00000001
core   0: 0x8000b214 (0x0000bfe5) c.j     pc - 8
core   0: 3 0x8000b214 (0xbfe5)
core   0: 0x8000b20c (0x00005f17) auipc   t5, 0x5
core   0: 3 0x8000b20c (0x00005f17) x30 0x8001020c
core   0: 0x8000b210 (0xde3f2a23) sw      gp, -524(t5)
core   0: 3 0x8000b210 (0xde3f2a23) mem 0x80010000 0x00000001
core   0: 0x8000b214 (0x0000bfe5) c.j     pc - 8
core   0: 3 0x8000b214 (0xbfe5)
core   0: 0x8000b20c (0x00005f17) auipc   t5, 0x5
core   0: 3 0x8000b20c (0x00005f17) x30 0x8001020c
core   0: 0x8000b210 (0xde3f2a23) sw      gp, -524(t5)
core   0: 3 0x8000b210 (0xde3f2a23) mem 0x80010000 0x00000001
core   0: 0x8000b214 (0x0000bfe5) c.j     pc - 8
core   0: 3 0x8000b214 (0xbfe5)
core   0: 0x8000b20c (0x00005f17) auipc   t5, 0x5
core   0: 3 0x8000b20c (0x00005f17) x30 0x8001020c
core   0: 0x8000b210 (0xde3f2a23) sw      gp, -524(t5)
core   0: 3 0x8000b210 (0xde3f2a23) mem 0x80010000 0x00000001
core   0: 0x8000b214 (0x0000bfe5) c.j     pc - 8
core   0: 3 0x8000b214 (0xbfe5)
core   0: 0x8000b20c (0x00005f17) auipc   t5, 0x5
core   0: 3 0x8000b20c (0x00005f17) x30 0x8001020c
core   0: 0x8000b210 (0xde3f2a23) sw      gp, -524(t5)
core   0: 3 0x8000b210 (0xde3f2a23) mem 0x80010000 0x00000001
core   0: 0x8000b214 (0x0000bfe5) c.j     pc - 8
core   0: 3 0x8000b214 (0xbfe5)
core   0: 0x8000b20c (0x00005f17) auipc   t5, 0x5
core   0: 3 0x8000b20c (0x00005f17) x30 0x8001020c
core   0: 0x8000b210 (0xde3f2a23) sw      gp, -524(t5)
core   0: 3 0x8000b210 (0xde3f2a23) mem 0x80010000 0x00000001
core   0: 0x8000b214 (0x0000bfe5) c.j     pc - 8
core   0: 3 0x8000b214 (0xbfe5)
core   0: 0x8000b20c (0x00005f17) auipc   t5, 0x5
core   0: 3 0x8000b20c (0x00005f17) x30 0x8001020c
core   0: 0x8000b210 (0xde3f2a23) sw      gp, -524(t5)
core   0: 3 0x8000b210 (0xde3f2a23) mem 0x80010000 0x00000001
core   0: 0x8000b214 (0x0000bfe5) c.j     pc - 8
core   0: 3 0x8000b214 (0xbfe5)
core   0: 0x8000b20c (0x00005f17) auipc   t5, 0x5
core   0: 3 0x8000b20c (0x00005f17) x30 0x8001020c
core   0: 0x8000b210 (0xde3f2a23) sw      gp, -524(t5)
core   0: 3 0x8000b210 (0xde3f2a23) mem 0x80010000 0x00000001
core   0: 0x8000b214 (0x0000bfe5) c.j     pc - 8
core   0: 3 0x8000b214 (0xbfe5)
core   0: 0x8000b20c (0x00005f17) auipc   t5, 0x5
core   0: 3 0x8000b20c (0x00005f17) x30 0x8001020c
core   0: 0x8000b210 (0xde3f2a23) sw      gp, -524(t5)
core   0: 3 0x8000b210 (0xde3f2a23) mem 0x80010000 0x00000001
core   0: 0x8000b214 (0x0000bfe5) c.j     pc - 8
core   0: 3 0x8000b214 (0xbfe5)
core   0: 0x8000b20c (0x00005f17) auipc   t5, 0x5
core   0: 3 0x8000b20c (0x00005f17) x30 0x8001020c
core   0: 0x8000b210 (0xde3f2a23) sw      gp, -524(t5)
core   0: 3 0x8000b210 (0xde3f2a23) mem 0x80010000 0x00000001
core   0: 0x8000b214 (0x0000bfe5) c.j     pc - 8
core   0: 3 0x8000b214 (0xbfe5)
core   0: 0x8000b20c (0x00005f17) auipc   t5, 0x5
core   0: 3 0x8000b20c (0x00005f17) x30 0x8001020c
core   0: 0x8000b210 (0xde3f2a23) sw      gp, -524(t5)
core   0: 3 0x8000b210 (0xde3f2a23) mem 0x80010000 0x00000001
core   0: 0x8000b214 (0x0000bfe5) c.j     pc - 8
core   0: 3 0x8000b214 (0xbfe5)
core   0: 0x8000b20c (0x00005f17) auipc   t5, 0x5
core   0: 3 0x8000b20c (0x00005f17) x30 0x8001020c
core   0: 0x8000b210 (0xde3f2a23) sw      gp, -524(t5)
core   0: 3 0x8000b210 (0xde3f2a23) mem 0x80010000 0x00000001
core   0: 0x8000b214 (0x0000bfe5) c.j     pc - 8
core   0: 3 0x8000b214 (0xbfe5)
core   0: 0x8000b20c (0x00005f17) auipc   t5, 0x5
core   0: 3 0x8000b20c (0x00005f17) x30 0x8001020c
core   0: 0x8000b210 (0xde3f2a23) sw      gp, -524(t5)
core   0: 3 0x8000b210 (0xde3f2a23) mem 0x80010000 0x00000001
core   0: 0x8000b214 (0x0000bfe5) c.j     pc - 8
core   0: 3 0x8000b214 (0xbfe5)
core   0: 0x8000b20c (0x00005f17) auipc   t5, 0x5
core   0: 3 0x8000b20c (0x00005f17) x30 0x8001020c
core   0: 0x8000b210 (0xde3f2a23) sw      gp, -524(t5)
core   0: 3 0x8000b210 (0xde3f2a23) mem 0x80010000 0x00000001
core   0: 0x8000b214 (0x0000bfe5) c.j     pc - 8
core   0: 3 0x8000b214 (0xbfe5)
core   0: 0x8000b20c (0x00005f17) auipc   t5, 0x5
core   0: 3 0x8000b20c (0x00005f17) x30 0x8001020c
core   0: 0x8000b210 (0xde3f2a23) sw      gp, -524(t5)
core   0: 3 0x8000b210 (0xde3f2a23) mem 0x80010000 0x00000001
core   0: 0x8000b214 (0x0000bfe5) c.j     pc - 8
core   0: 3 0x8000b214 (0xbfe5)
core   0: 0x8000b20c (0x00005f17) auipc   t5, 0x5
core   0: 3 0x8000b20c (0x00005f17) x30 0x8001020c
core   0: 0x8000b210 (0xde3f2a23) sw      gp, -524(t5)
core   0: 3 0x8000b210 (0xde3f2a23) mem 0x80010000 0x00000001
core   0: 0x8000b214 (0x0000bfe5) c.j     pc - 8
core   0: 3 0x8000b214 (0xbfe5)
core   0: 0x8000b20c (0x00005f17) auipc   t5, 0x5
core   0: 3 0x8000b20c (0x00005f17) x30 0x8001020c
core   0: 0x8000b210 (0xde3f2a23) sw      gp, -524(t5)
core   0: 3 0x8000b210 (0xde3f2a23) mem 0x80010000 0x00000001
core   0: 0x8000b214 (0x0000bfe5) c.j     pc - 8
core   0: 3 0x8000b214 (0xbfe5)
core   0: 0x8000b20c (0x00005f17) auipc   t5, 0x5
core   0: 3 0x8000b20c (0x00005f17) x30 0x8001020c
core   0: 0x8000b210 (0xde3f2a23) sw      gp, -524(t5)
core   0: 3 0x8000b210 (0xde3f2a23) mem 0x80010000 0x00000001
core   0: 0x8000b214 (0x0000bfe5) c.j     pc - 8
core   0: 3 0x8000b214 (0xbfe5)
core   0: 0x8000b20c (0x00005f17) auipc   t5, 0x5
core   0: 3 0x8000b20c (0x00005f17) x30 0x8001020c
core   0: 0x8000b210 (0xde3f2a23) sw      gp, -524(t5)
core   0: 3 0x8000b210 (0xde3f2a23) mem 0x80010000 0x00000001
core   0: 0x8000b214 (0x0000bfe5) c.j     pc - 8
core   0: 3 0x8000b214 (0xbfe5)
core   0: 0x8000b20c (0x00005f17) auipc   t5, 0x5
core   0: 3 0x8000b20c (0x00005f17) x30 0x8001020c
core   0: 0x8000b210 (0xde3f2a23) sw      gp, -524(t5)
core   0: 3 0x8000b210 (0xde3f2a23) mem 0x80010000 0x00000001
core   0: 0x8000b214 (0x0000bfe5) c.j     pc - 8
core   0: 3 0x8000b214 (0xbfe5)
core   0: 0x8000b20c (0x00005f17) auipc   t5, 0x5
core   0: 3 0x8000b20c (0x00005f17) x30 0x8001020c
core   0: 0x8000b210 (0xde3f2a23) sw      gp, -524(t5)
core   0: 3 0x8000b210 (0xde3f2a23) mem 0x80010000 0x00000001
core   0: 0x8000b214 (0x0000bfe5) c.j     pc - 8
core   0: 3 0x8000b214 (0xbfe5)
core   0: 0x8000b20c (0x00005f17) auipc   t5, 0x5
core   0: 3 0x8000b20c (0x00005f17) x30 0x8001020c
core   0: 0x8000b210 (0xde3f2a23) sw      gp, -524(t5)
core   0: 3 0x8000b210 (0xde3f2a23) mem 0x80010000 0x00000001
core   0: 0x8000b214 (0x0000bfe5) c.j     pc - 8
core   0: 3 0x8000b214 (0xbfe5)
core   0: 0x8000b20c (0x00005f17) auipc   t5, 0x5
core   0: 3 0x8000b20c (0x00005f17) x30 0x8001020c
core   0: 0x8000b210 (0xde3f2a23) sw      gp, -524(t5)
core   0: 3 0x8000b210 (0xde3f2a23) mem 0x80010000 0x00000001
core   0: 0x8000b214 (0x0000bfe5) c.j     pc - 8
core   0: 3 0x8000b214 (0xbfe5)
core   0: 0x8000b20c (0x00005f17) auipc   t5, 0x5
core   0: 3 0x8000b20c (0x00005f17) x30 0x8001020c
core   0: 0x8000b210 (0xde3f2a23) sw      gp, -524(t5)
core   0: 3 0x8000b210 (0xde3f2a23) mem 0x80010000 0x00000001
core   0: 0x8000b214 (0x0000bfe5) c.j     pc - 8
core   0: 3 0x8000b214 (0xbfe5)
core   0: 0x8000b20c (0x00005f17) auipc   t5, 0x5
core   0: 3 0x8000b20c (0x00005f17) x30 0x8001020c
core   0: 0x8000b210 (0xde3f2a23) sw      gp, -524(t5)
core   0: 3 0x8000b210 (0xde3f2a23) mem 0x80010000 0x00000001
core   0: 0x8000b214 (0x0000bfe5) c.j     pc - 8
core   0: 3 0x8000b214 (0xbfe5)
core   0: 0x8000b20c (0x00005f17) auipc   t5, 0x5
core   0: 3 0x8000b20c (0x00005f17) x30 0x8001020c
core   0: 0x8000b210 (0xde3f2a23) sw      gp, -524(t5)
core   0: 3 0x8000b210 (0xde3f2a23) mem 0x80010000 0x00000001
core   0: 0x8000b214 (0x0000bfe5) c.j     pc - 8
core   0: 3 0x8000b214 (0xbfe5)
core   0: 0x8000b20c (0x00005f17) auipc   t5, 0x5
core   0: 3 0x8000b20c (0x00005f17) x30 0x8001020c
core   0: 0x8000b210 (0xde3f2a23) sw      gp, -524(t5)
core   0: 3 0x8000b210 (0xde3f2a23) mem 0x80010000 0x00000001
core   0: 0x8000b214 (0x0000bfe5) c.j     pc - 8
core   0: 3 0x8000b214 (0xbfe5)
core   0: 0x8000b20c (0x00005f17) auipc   t5, 0x5
core   0: 3 0x8000b20c (0x00005f17) x30 0x8001020c
core   0: 0x8000b210 (0xde3f2a23) sw      gp, -524(t5)
core   0: 3 0x8000b210 (0xde3f2a23) mem 0x80010000 0x00000001
core   0: 0x8000b214 (0x0000bfe5) c.j     pc - 8
core   0: 3 0x8000b214 (0xbfe5)
core   0: 0x8000b20c (0x00005f17) auipc   t5, 0x5
core   0: 3 0x8000b20c (0x00005f17) x30 0x8001020c
core   0: 0x8000b210 (0xde3f2a23) sw      gp, -524(t5)
core   0: 3 0x8000b210 (0xde3f2a23) mem 0x80010000 0x00000001
core   0: 0x8000b214 (0x0000bfe5) c.j     pc - 8
core   0: 3 0x8000b214 (0xbfe5)
core   0: 0x8000b20c (0x00005f17) auipc   t5, 0x5
core   0: 3 0x8000b20c (0x00005f17) x30 0x8001020c
core   0: 0x8000b210 (0xde3f2a23) sw      gp, -524(t5)
core   0: 3 0x8000b210 (0xde3f2a23) mem 0x80010000 0x00000001
core   0: 0x8000b214 (0x0000bfe5) c.j     pc - 8
core   0: 3 0x8000b214 (0xbfe5)
core   0: 0x8000b20c (0x00005f17) auipc   t5, 0x5
core   0: 3 0x8000b20c (0x00005f17) x30 0x8001020c
core   0: 0x8000b210 (0xde3f2a23) sw      gp, -524(t5)
core   0: 3 0x8000b210 (0xde3f2a23) mem 0x80010000 0x00000001
core   0: 0x8000b214 (0x0000bfe5) c.j     pc - 8
core   0: 3 0x8000b214 (0xbfe5)
core   0: 0x8000b20c (0x00005f17) auipc   t5, 0x5
core   0: 3 0x8000b20c (0x00005f17) x30 0x8001020c
core   0: 0x8000b210 (0xde3f2a23) sw      gp, -524(t5)
core   0: 3 0x8000b210 (0xde3f2a23) mem 0x80010000 0x00000001
core   0: 0x8000b214 (0x0000bfe5) c.j     pc - 8
core   0: 3 0x8000b214 (0xbfe5)
core   0: 0x8000b20c (0x00005f17) auipc   t5, 0x5
core   0: 3 0x8000b20c (0x00005f17) x30 0x8001020c
core   0: 0x8000b210 (0xde3f2a23) sw      gp, -524(t5)
core   0: 3 0x8000b210 (0xde3f2a23) mem 0x80010000 0x00000001
core   0: 0x8000b214 (0x0000bfe5) c.j     pc - 8
core   0: 3 0x8000b214 (0xbfe5)
core   0: 0x8000b20c (0x00005f17) auipc   t5, 0x5
core   0: 3 0x8000b20c (0x00005f17) x30 0x8001020c
core   0: 0x8000b210 (0xde3f2a23) sw      gp, -524(t5)
core   0: 3 0x8000b210 (0xde3f2a23) mem 0x80010000 0x00000001
core   0: 0x8000b214 (0x0000bfe5) c.j     pc - 8
core   0: 3 0x8000b214 (0xbfe5)
core   0: 0x8000b20c (0x00005f17) auipc   t5, 0x5
core   0: 3 0x8000b20c (0x00005f17) x30 0x8001020c
core   0: 0x8000b210 (0xde3f2a23) sw      gp, -524(t5)
core   0: 3 0x8000b210 (0xde3f2a23) mem 0x80010000 0x00000001
core   0: 0x8000b214 (0x0000bfe5) c.j     pc - 8
core   0: 3 0x8000b214 (0xbfe5)
core   0: 0x8000b20c (0x00005f17) auipc   t5, 0x5
core   0: 3 0x8000b20c (0x00005f17) x30 0x8001020c
core   0: 0x8000b210 (0xde3f2a23) sw      gp, -524(t5)
core   0: 3 0x8000b210 (0xde3f2a23) mem 0x80010000 0x00000001
core   0: 0x8000b214 (0x0000bfe5) c.j     pc - 8
core   0: 3 0x8000b214 (0xbfe5)
core   0: 0x8000b20c (0x00005f17) auipc   t5, 0x5
core   0: 3 0x8000b20c (0x00005f17) x30 0x8001020c
core   0: 0x8000b210 (0xde3f2a23) sw      gp, -524(t5)
core   0: 3 0x8000b210 (0xde3f2a23) mem 0x80010000 0x00000001
core   0: 0x8000b214 (0x0000bfe5) c.j     pc - 8
core   0: 3 0x8000b214 (0xbfe5)
core   0: 0x8000b20c (0x00005f17) auipc   t5, 0x5
core   0: 3 0x8000b20c (0x00005f17) x30 0x8001020c
core   0: 0x8000b210 (0xde3f2a23) sw      gp, -524(t5)
core   0: 3 0x8000b210 (0xde3f2a23) mem 0x80010000 0x00000001
core   0: 0x8000b214 (0x0000bfe5) c.j     pc - 8
core   0: 3 0x8000b214 (0xbfe5)
core   0: 0x8000b20c (0x00005f17) auipc   t5, 0x5
core   0: 3 0x8000b20c (0x00005f17) x30 0x8001020c
core   0: 0x8000b210 (0xde3f2a23) sw      gp, -524(t5)
core   0: 3 0x8000b210 (0xde3f2a23) mem 0x80010000 0x00000001
core   0: 0x8000b214 (0x0000bfe5) c.j     pc - 8
core   0: 3 0x8000b214 (0xbfe5)
core   0: 0x8000b20c (0x00005f17) auipc   t5, 0x5
core   0: 3 0x8000b20c (0x00005f17) x30 0x8001020c
core   0: 0x8000b210 (0xde3f2a23) sw      gp, -524(t5)
core   0: 3 0x8000b210 (0xde3f2a23) mem 0x80010000 0x00000001
core   0: 0x8000b214 (0x0000bfe5) c.j     pc - 8
core   0: 3 0x8000b214 (0xbfe5)
core   0: 0x8000b20c (0x00005f17) auipc   t5, 0x5
core   0: 3 0x8000b20c (0x00005f17) x30 0x8001020c
core   0: 0x8000b210 (0xde3f2a23) sw      gp, -524(t5)
core   0: 3 0x8000b210 (0xde3f2a23) mem 0x80010000 0x00000001
core   0: 0x8000b214 (0x0000bfe5) c.j     pc - 8
core   0: 3 0x8000b214 (0xbfe5)
core   0: 0x8000b20c (0x00005f17) auipc   t5, 0x5
core   0: 3 0x8000b20c (0x00005f17) x30 0x8001020c
core   0: 0x8000b210 (0xde3f2a23) sw      gp, -524(t5)
core   0: 3 0x8000b210 (0xde3f2a23) mem 0x80010000 0x00000001
core   0: 0x8000b214 (0x0000bfe5) c.j     pc - 8
core   0: 3 0x8000b214 (0xbfe5)
core   0: 0x8000b20c (0x00005f17) auipc   t5, 0x5
core   0: 3 0x8000b20c (0x00005f17) x30 0x8001020c
core   0: 0x8000b210 (0xde3f2a23) sw      gp, -524(t5)
core   0: 3 0x8000b210 (0xde3f2a23) mem 0x80010000 0x00000001
core   0: 0x8000b214 (0x0000bfe5) c.j     pc - 8
core   0: 3 0x8000b214 (0xbfe5)
core   0: 0x8000b20c (0x00005f17) auipc   t5, 0x5
core   0: 3 0x8000b20c (0x00005f17) x30 0x8001020c
core   0: 0x8000b210 (0xde3f2a23) sw      gp, -524(t5)
core   0: 3 0x8000b210 (0xde3f2a23) mem 0x80010000 0x00000001
core   0: 0x8000b214 (0x0000bfe5) c.j     pc - 8
core   0: 3 0x8000b214 (0xbfe5)
core   0: 0x8000b20c (0x00005f17) auipc   t5, 0x5
core   0: 3 0x8000b20c (0x00005f17) x30 0x8001020c
core   0: 0x8000b210 (0xde3f2a23) sw      gp, -524(t5)
core   0: 3 0x8000b210 (0xde3f2a23) mem 0x80010000 0x00000001
core   0: 0x8000b214 (0x0000bfe5) c.j     pc - 8
core   0: 3 0x8000b214 (0xbfe5)
core   0: 0x8000b20c (0x00005f17) auipc   t5, 0x5
core   0: 3 0x8000b20c (0x00005f17) x30 0x8001020c
core   0: 0x8000b210 (0xde3f2a23) sw      gp, -524(t5)
core   0: 3 0x8000b210 (0xde3f2a23) mem 0x80010000 0x00000001
core   0: 0x8000b214 (0x0000bfe5) c.j     pc - 8
core   0: 3 0x8000b214 (0xbfe5)
core   0: 0x8000b20c (0x00005f17) auipc   t5, 0x5
core   0: 3 0x8000b20c (0x00005f17) x30 0x8001020c
core   0: 0x8000b210 (0xde3f2a23) sw      gp, -524(t5)
core   0: 3 0x8000b210 (0xde3f2a23) mem 0x80010000 0x00000001
core   0: 0x8000b214 (0x0000bfe5) c.j     pc - 8
core   0: 3 0x8000b214 (0xbfe5)
core   0: 0x8000b20c (0x00005f17) auipc   t5, 0x5
core   0: 3 0x8000b20c (0x00005f17) x30 0x8001020c
core   0: 0x8000b210 (0xde3f2a23) sw      gp, -524(t5)
core   0: 3 0x8000b210 (0xde3f2a23) mem 0x80010000 0x00000001
core   0: 0x8000b214 (0x0000bfe5) c.j     pc - 8
core   0: 3 0x8000b214 (0xbfe5)
core   0: 0x8000b20c (0x00005f17) auipc   t5, 0x5
core   0: 3 0x8000b20c (0x00005f17) x30 0x8001020c
core   0: 0x8000b210 (0xde3f2a23) sw      gp, -524(t5)
core   0: 3 0x8000b210 (0xde3f2a23) mem 0x80010000 0x00000001
core   0: 0x8000b214 (0x0000bfe5) c.j     pc - 8
core   0: 3 0x8000b214 (0xbfe5)
core   0: 0x8000b20c (0x00005f17) auipc   t5, 0x5
core   0: 3 0x8000b20c (0x00005f17) x30 0x8001020c
core   0: 0x8000b210 (0xde3f2a23) sw      gp, -524(t5)
core   0: 3 0x8000b210 (0xde3f2a23) mem 0x80010000 0x00000001
core   0: 0x8000b214 (0x0000bfe5) c.j     pc - 8
core   0: 3 0x8000b214 (0xbfe5)
core   0: 0x8000b20c (0x00005f17) auipc   t5, 0x5
core   0: 3 0x8000b20c (0x00005f17) x30 0x8001020c
core   0: 0x8000b210 (0xde3f2a23) sw      gp, -524(t5)
core   0: 3 0x8000b210 (0xde3f2a23) mem 0x80010000 0x00000001
core   0: 0x8000b214 (0x0000bfe5) c.j     pc - 8
core   0: 3 0x8000b214 (0xbfe5)
core   0: 0x8000b20c (0x00005f17) auipc   t5, 0x5
core   0: 3 0x8000b20c (0x00005f17) x30 0x8001020c
core   0: 0x8000b210 (0xde3f2a23) sw      gp, -524(t5)
core   0: 3 0x8000b210 (0xde3f2a23) mem 0x80010000 0x00000001
core   0: 0x8000b214 (0x0000bfe5) c.j     pc - 8
core   0: 3 0x8000b214 (0xbfe5)
core   0: 0x8000b20c (0x00005f17) auipc   t5, 0x5
core   0: 3 0x8000b20c (0x00005f17) x30 0x8001020c
core   0: 0x8000b210 (0xde3f2a23) sw      gp, -524(t5)
core   0: 3 0x8000b210 (0xde3f2a23) mem 0x80010000 0x00000001
core   0: 0x8000b214 (0x0000bfe5) c.j     pc - 8
core   0: 3 0x8000b214 (0xbfe5)
core   0: 0x8000b20c (0x00005f17) auipc   t5, 0x5
core   0: 3 0x8000b20c (0x00005f17) x30 0x8001020c
core   0: 0x8000b210 (0xde3f2a23) sw      gp, -524(t5)
core   0: 3 0x8000b210 (0xde3f2a23) mem 0x80010000 0x00000001
core   0: 0x8000b214 (0x0000bfe5) c.j     pc - 8
core   0: 3 0x8000b214 (0xbfe5)
core   0: 0x8000b20c (0x00005f17) auipc   t5, 0x5
core   0: 3 0x8000b20c (0x00005f17) x30 0x8001020c
core   0: 0x8000b210 (0xde3f2a23) sw      gp, -524(t5)
core   0: 3 0x8000b210 (0xde3f2a23) mem 0x80010000 0x00000001
core   0: 0x8000b214 (0x0000bfe5) c.j     pc - 8
core   0: 3 0x8000b214 (0xbfe5)
core   0: 0x8000b20c (0x00005f17) auipc   t5, 0x5
core   0: 3 0x8000b20c (0x00005f17) x30 0x8001020c
core   0: 0x8000b210 (0xde3f2a23) sw      gp, -524(t5)
core   0: 3 0x8000b210 (0xde3f2a23) mem 0x80010000 0x00000001
core   0: 0x8000b214 (0x0000bfe5) c.j     pc - 8
core   0: 3 0x8000b214 (0xbfe5)
core   0: 0x8000b20c (0x00005f17) auipc   t5, 0x5
core   0: 3 0x8000b20c (0x00005f17) x30 0x8001020c
core   0: 0x8000b210 (0xde3f2a23) sw      gp, -524(t5)
core   0: 3 0x8000b210 (0xde3f2a23) mem 0x80010000 0x00000001
core   0: 0x8000b214 (0x0000bfe5) c.j     pc - 8
core   0: 3 0x8000b214 (0xbfe5)
core   0: 0x8000b20c (0x00005f17) auipc   t5, 0x5
core   0: 3 0x8000b20c (0x00005f17) x30 0x8001020c
core   0: 0x8000b210 (0xde3f2a23) sw      gp, -524(t5)
core   0: 3 0x8000b210 (0xde3f2a23) mem 0x80010000 0x00000001
core   0: 0x8000b214 (0x0000bfe5) c.j     pc - 8
core   0: 3 0x8000b214 (0xbfe5)
core   0: 0x8000b20c (0x00005f17) auipc   t5, 0x5
core   0: 3 0x8000b20c (0x00005f17) x30 0x8001020c
core   0: 0x8000b210 (0xde3f2a23) sw      gp, -524(t5)
core   0: 3 0x8000b210 (0xde3f2a23) mem 0x80010000 0x00000001
core   0: 0x8000b214 (0x0000bfe5) c.j     pc - 8
core   0: 3 0x8000b214 (0xbfe5)
core   0: 0x8000b20c (0x00005f17) auipc   t5, 0x5
core   0: 3 0x8000b20c (0x00005f17) x30 0x8001020c
core   0: 0x8000b210 (0xde3f2a23) sw      gp, -524(t5)
core   0: 3 0x8000b210 (0xde3f2a23) mem 0x80010000 0x00000001
core   0: 0x8000b214 (0x0000bfe5) c.j     pc - 8
core   0: 3 0x8000b214 (0xbfe5)
core   0: 0x8000b20c (0x00005f17) auipc   t5, 0x5
core   0: 3 0x8000b20c (0x00005f17) x30 0x8001020c
core   0: 0x8000b210 (0xde3f2a23) sw      gp, -524(t5)
core   0: 3 0x8000b210 (0xde3f2a23) mem 0x80010000 0x00000001
core   0: 0x8000b214 (0x0000bfe5) c.j     pc - 8
core   0: 3 0x8000b214 (0xbfe5)
core   0: 0x8000b20c (0x00005f17) auipc   t5, 0x5
core   0: 3 0x8000b20c (0x00005f17) x30 0x8001020c
core   0: 0x8000b210 (0xde3f2a23) sw      gp, -524(t5)
core   0: 3 0x8000b210 (0xde3f2a23) mem 0x80010000 0x00000001
core   0: 0x8000b214 (0x0000bfe5) c.j     pc - 8
core   0: 3 0x8000b214 (0xbfe5)
core   0: 0x8000b20c (0x00005f17) auipc   t5, 0x5
core   0: 3 0x8000b20c (0x00005f17) x30 0x8001020c
core   0: 0x8000b210 (0xde3f2a23) sw      gp, -524(t5)
core   0: 3 0x8000b210 (0xde3f2a23) mem 0x80010000 0x00000001
core   0: 0x8000b214 (0x0000bfe5) c.j     pc - 8
core   0: 3 0x8000b214 (0xbfe5)
core   0: 0x8000b20c (0x00005f17) auipc   t5, 0x5
core   0: 3 0x8000b20c (0x00005f17) x30 0x8001020c
core   0: 0x8000b210 (0xde3f2a23) sw      gp, -524(t5)
core   0: 3 0x8000b210 (0xde3f2a23) mem 0x80010000 0x00000001
core   0: 0x8000b214 (0x0000bfe5) c.j     pc - 8
core   0: 3 0x8000b214 (0xbfe5)
core   0: 0x8000b20c (0x00005f17) auipc   t5, 0x5
core   0: 3 0x8000b20c (0x00005f17) x30 0x8001020c
core   0: 0x8000b210 (0xde3f2a23) sw      gp, -524(t5)
core   0: 3 0x8000b210 (0xde3f2a23) mem 0x80010000 0x00000001
core   0: 0x8000b214 (0x0000bfe5) c.j     pc - 8
core   0: 3 0x8000b214 (0xbfe5)
core   0: 0x8000b20c (0x00005f17) auipc   t5, 0x5
core   0: 3 0x8000b20c (0x00005f17) x30 0x8001020c
core   0: 0x8000b210 (0xde3f2a23) sw      gp, -524(t5)
core   0: 3 0x8000b210 (0xde3f2a23) mem 0x80010000 0x00000001
core   0: 0x8000b214 (0x0000bfe5) c.j     pc - 8
core   0: 3 0x8000b214 (0xbfe5)
core   0: 0x8000b20c (0x00005f17) auipc   t5, 0x5
core   0: 3 0x8000b20c (0x00005f17) x30 0x8001020c
core   0: 0x8000b210 (0xde3f2a23) sw      gp, -524(t5)
core   0: 3 0x8000b210 (0xde3f2a23) mem 0x80010000 0x00000001
core   0: 0x8000b214 (0x0000bfe5) c.j     pc - 8
core   0: 3 0x8000b214 (0xbfe5)
core   0: 0x8000b20c (0x00005f17) auipc   t5, 0x5
core   0: 3 0x8000b20c (0x00005f17) x30 0x8001020c
core   0: 0x8000b210 (0xde3f2a23) sw      gp, -524(t5)
core   0: 3 0x8000b210 (0xde3f2a23) mem 0x80010000 0x00000001
core   0: 0x8000b214 (0x0000bfe5) c.j     pc - 8
core   0: 3 0x8000b214 (0xbfe5)
core   0: 0x8000b20c (0x00005f17) auipc   t5, 0x5
core   0: 3 0x8000b20c (0x00005f17) x30 0x8001020c
core   0: 0x8000b210 (0xde3f2a23) sw      gp, -524(t5)
core   0: 3 0x8000b210 (0xde3f2a23) mem 0x80010000 0x00000001
core   0: 0x8000b214 (0x0000bfe5) c.j     pc - 8
core   0: 3 0x8000b214 (0xbfe5)
core   0: 0x8000b20c (0x00005f17) auipc   t5, 0x5
core   0: 3 0x8000b20c (0x00005f17) x30 0x8001020c
core   0: 0x8000b210 (0xde3f2a23) sw      gp, -524(t5)
core   0: 3 0x8000b210 (0xde3f2a23) mem 0x80010000 0x00000001
core   0: 0x8000b214 (0x0000bfe5) c.j     pc - 8
core   0: 3 0x8000b214 (0xbfe5)
core   0: 0x8000b20c (0x00005f17) auipc   t5, 0x5
core   0: 3 0x8000b20c (0x00005f17) x30 0x8001020c
core   0: 0x8000b210 (0xde3f2a23) sw      gp, -524(t5)
core   0: 3 0x8000b210 (0xde3f2a23) mem 0x80010000 0x00000001
core   0: 0x8000b214 (0x0000bfe5) c.j     pc - 8
core   0: 3 0x8000b214 (0xbfe5)
core   0: 0x8000b20c (0x00005f17) auipc   t5, 0x5
core   0: 3 0x8000b20c (0x00005f17) x30 0x8001020c
core   0: 0x8000b210 (0xde3f2a23) sw      gp, -524(t5)
core   0: 3 0x8000b210 (0xde3f2a23) mem 0x80010000 0x00000001
core   0: 0x8000b214 (0x0000bfe5) c.j     pc - 8
core   0: 3 0x8000b214 (0xbfe5)
core   0: 0x8000b20c (0x00005f17) auipc   t5, 0x5
core   0: 3 0x8000b20c (0x00005f17) x30 0x8001020c
core   0: 0x8000b210 (0xde3f2a23) sw      gp, -524(t5)
core   0: 3 0x8000b210 (0xde3f2a23) mem 0x80010000 0x00000001
core   0: 0x8000b214 (0x0000bfe5) c.j     pc - 8
core   0: 3 0x8000b214 (0xbfe5)
core   0: 0x8000b20c (0x00005f17) auipc   t5, 0x5
core   0: 3 0x8000b20c (0x00005f17) x30 0x8001020c
core   0: 0x8000b210 (0xde3f2a23) sw      gp, -524(t5)
core   0: 3 0x8000b210 (0xde3f2a23) mem 0x80010000 0x00000001
core   0: 0x8000b214 (0x0000bfe5) c.j     pc - 8
core   0: 3 0x8000b214 (0xbfe5)
core   0: 0x8000b20c (0x00005f17) auipc   t5, 0x5
core   0: 3 0x8000b20c (0x00005f17) x30 0x8001020c
core   0: 0x8000b210 (0xde3f2a23) sw      gp, -524(t5)
core   0: 3 0x8000b210 (0xde3f2a23) mem 0x80010000 0x00000001
core   0: 0x8000b214 (0x0000bfe5) c.j     pc - 8
core   0: 3 0x8000b214 (0xbfe5)
core   0: 0x8000b20c (0x00005f17) auipc   t5, 0x5
core   0: 3 0x8000b20c (0x00005f17) x30 0x8001020c
core   0: 0x8000b210 (0xde3f2a23) sw      gp, -524(t5)
core   0: 3 0x8000b210 (0xde3f2a23) mem 0x80010000 0x00000001
core   0: 0x8000b214 (0x0000bfe5) c.j     pc - 8
core   0: 3 0x8000b214 (0xbfe5)
core   0: 0x8000b20c (0x00005f17) auipc   t5, 0x5
core   0: 3 0x8000b20c (0x00005f17) x30 0x8001020c
core   0: 0x8000b210 (0xde3f2a23) sw      gp, -524(t5)
core   0: 3 0x8000b210 (0xde3f2a23) mem 0x80010000 0x00000001
core   0: 0x8000b214 (0x0000bfe5) c.j     pc - 8
core   0: 3 0x8000b214 (0xbfe5)
core   0: 0x8000b20c (0x00005f17) auipc   t5, 0x5
core   0: 3 0x8000b20c (0x00005f17) x30 0x8001020c
core   0: 0x8000b210 (0xde3f2a23) sw      gp, -524(t5)
core   0: 3 0x8000b210 (0xde3f2a23) mem 0x80010000 0x00000001
core   0: 0x8000b214 (0x0000bfe5) c.j     pc - 8
core   0: 3 0x8000b214 (0xbfe5)
core   0: 0x8000b20c (0x00005f17) auipc   t5, 0x5
core   0: 3 0x8000b20c (0x00005f17) x30 0x8001020c
core   0: 0x8000b210 (0xde3f2a23) sw      gp, -524(t5)
core   0: 3 0x8000b210 (0xde3f2a23) mem 0x80010000 0x00000001
core   0: 0x8000b214 (0x0000bfe5) c.j     pc - 8
core   0: 3 0x8000b214 (0xbfe5)
core   0: 0x8000b20c (0x00005f17) auipc   t5, 0x5
core   0: 3 0x8000b20c (0x00005f17) x30 0x8001020c
core   0: 0x8000b210 (0xde3f2a23) sw      gp, -524(t5)
core   0: 3 0x8000b210 (0xde3f2a23) mem 0x80010000 0x00000001
core   0: 0x8000b214 (0x0000bfe5) c.j     pc - 8
core   0: 3 0x8000b214 (0xbfe5)
core   0: 0x8000b20c (0x00005f17) auipc   t5, 0x5
core   0: 3 0x8000b20c (0x00005f17) x30 0x8001020c
core   0: 0x8000b210 (0xde3f2a23) sw      gp, -524(t5)
core   0: 3 0x8000b210 (0xde3f2a23) mem 0x80010000 0x00000001
core   0: 0x8000b214 (0x0000bfe5) c.j     pc - 8
core   0: 3 0x8000b214 (0xbfe5)
core   0: 0x8000b20c (0x00005f17) auipc   t5, 0x5
core   0: 3 0x8000b20c (0x00005f17) x30 0x8001020c
core   0: 0x8000b210 (0xde3f2a23) sw      gp, -524(t5)
core   0: 3 0x8000b210 (0xde3f2a23) mem 0x80010000 0x00000001
core   0: 0x8000b214 (0x0000bfe5) c.j     pc - 8
core   0: 3 0x8000b214 (0xbfe5)
core   0: 0x8000b20c (0x00005f17) auipc   t5, 0x5
core   0: 3 0x8000b20c (0x00005f17) x30 0x8001020c
core   0: 0x8000b210 (0xde3f2a23) sw      gp, -524(t5)
core   0: 3 0x8000b210 (0xde3f2a23) mem 0x80010000 0x00000001
core   0: 0x8000b214 (0x0000bfe5) c.j     pc - 8
core   0: 3 0x8000b214 (0xbfe5)
core   0: 0x8000b20c (0x00005f17) auipc   t5, 0x5
core   0: 3 0x8000b20c (0x00005f17) x30 0x8001020c
core   0: 0x8000b210 (0xde3f2a23) sw      gp, -524(t5)
core   0: 3 0x8000b210 (0xde3f2a23) mem 0x80010000 0x00000001
core   0: 0x8000b214 (0x0000bfe5) c.j     pc - 8
core   0: 3 0x8000b214 (0xbfe5)
core   0: 0x8000b20c (0x00005f17) auipc   t5, 0x5
core   0: 3 0x8000b20c (0x00005f17) x30 0x8001020c
core   0: 0x8000b210 (0xde3f2a23) sw      gp, -524(t5)
core   0: 3 0x8000b210 (0xde3f2a23) mem 0x80010000 0x00000001
core   0: 0x8000b214 (0x0000bfe5) c.j     pc - 8
core   0: 3 0x8000b214 (0xbfe5)
core   0: 0x8000b20c (0x00005f17) auipc   t5, 0x5
core   0: 3 0x8000b20c (0x00005f17) x30 0x8001020c
core   0: 0x8000b210 (0xde3f2a23) sw      gp, -524(t5)
core   0: 3 0x8000b210 (0xde3f2a23) mem 0x80010000 0x00000001
core   0: 0x8000b214 (0x0000bfe5) c.j     pc - 8
core   0: 3 0x8000b214 (0xbfe5)
core   0: 0x8000b20c (0x00005f17) auipc   t5, 0x5
core   0: 3 0x8000b20c (0x00005f17) x30 0x8001020c
core   0: 0x8000b210 (0xde3f2a23) sw      gp, -524(t5)
core   0: 3 0x8000b210 (0xde3f2a23) mem 0x80010000 0x00000001
core   0: 0x8000b214 (0x0000bfe5) c.j     pc - 8
core   0: 3 0x8000b214 (0xbfe5)
core   0: 0x8000b20c (0x00005f17) auipc   t5, 0x5
core   0: 3 0x8000b20c (0x00005f17) x30 0x8001020c
core   0: 0x8000b210 (0xde3f2a23) sw      gp, -524(t5)
core   0: 3 0x8000b210 (0xde3f2a23) mem 0x80010000 0x00000001
core   0: 0x8000b214 (0x0000bfe5) c.j     pc - 8
core   0: 3 0x8000b214 (0xbfe5)
core   0: 0x8000b20c (0x00005f17) auipc   t5, 0x5
core   0: 3 0x8000b20c (0x00005f17) x30 0x8001020c
core   0: 0x8000b210 (0xde3f2a23) sw      gp, -524(t5)
core   0: 3 0x8000b210 (0xde3f2a23) mem 0x80010000 0x00000001
core   0: 0x8000b214 (0x0000bfe5) c.j     pc - 8
core   0: 3 0x8000b214 (0xbfe5)
core   0: 0x8000b20c (0x00005f17) auipc   t5, 0x5
core   0: 3 0x8000b20c (0x00005f17) x30 0x8001020c
core   0: 0x8000b210 (0xde3f2a23) sw      gp, -524(t5)
core   0: 3 0x8000b210 (0xde3f2a23) mem 0x80010000 0x00000001
core   0: 0x8000b214 (0x0000bfe5) c.j     pc - 8
core   0: 3 0x8000b214 (0xbfe5)
core   0: 0x8000b20c (0x00005f17) auipc   t5, 0x5
core   0: 3 0x8000b20c (0x00005f17) x30 0x8001020c
core   0: 0x8000b210 (0xde3f2a23) sw      gp, -524(t5)
core   0: 3 0x8000b210 (0xde3f2a23) mem 0x80010000 0x00000001
core   0: 0x8000b214 (0x0000bfe5) c.j     pc - 8
core   0: 3 0x8000b214 (0xbfe5)
core   0: 0x8000b20c (0x00005f17) auipc   t5, 0x5
core   0: 3 0x8000b20c (0x00005f17) x30 0x8001020c
core   0: 0x8000b210 (0xde3f2a23) sw      gp, -524(t5)
core   0: 3 0x8000b210 (0xde3f2a23) mem 0x80010000 0x00000001
core   0: 0x8000b214 (0x0000bfe5) c.j     pc - 8
core   0: 3 0x8000b214 (0xbfe5)
core   0: 0x8000b20c (0x00005f17) auipc   t5, 0x5
core   0: 3 0x8000b20c (0x00005f17) x30 0x8001020c
core   0: 0x8000b210 (0xde3f2a23) sw      gp, -524(t5)
core   0: 3 0x8000b210 (0xde3f2a23) mem 0x80010000 0x00000001
core   0: 0x8000b214 (0x0000bfe5) c.j     pc - 8
core   0: 3 0x8000b214 (0xbfe5)
core   0: 0x8000b20c (0x00005f17) auipc   t5, 0x5
core   0: 3 0x8000b20c (0x00005f17) x30 0x8001020c
core   0: 0x8000b210 (0xde3f2a23) sw      gp, -524(t5)
core   0: 3 0x8000b210 (0xde3f2a23) mem 0x80010000 0x00000001
core   0: 0x8000b214 (0x0000bfe5) c.j     pc - 8
core   0: 3 0x8000b214 (0xbfe5)
core   0: 0x8000b20c (0x00005f17) auipc   t5, 0x5
core   0: 3 0x8000b20c (0x00005f17) x30 0x8001020c
core   0: 0x8000b210 (0xde3f2a23) sw      gp, -524(t5)
core   0: 3 0x8000b210 (0xde3f2a23) mem 0x80010000 0x00000001
core   0: 0x8000b214 (0x0000bfe5) c.j     pc - 8
core   0: 3 0x8000b214 (0xbfe5)
core   0: 0x8000b20c (0x00005f17) auipc   t5, 0x5
core   0: 3 0x8000b20c (0x00005f17) x30 0x8001020c
core   0: 0x8000b210 (0xde3f2a23) sw      gp, -524(t5)
core   0: 3 0x8000b210 (0xde3f2a23) mem 0x80010000 0x00000001
core   0: 0x8000b214 (0x0000bfe5) c.j     pc - 8
core   0: 3 0x8000b214 (0xbfe5)
core   0: 0x8000b20c (0x00005f17) auipc   t5, 0x5
core   0: 3 0x8000b20c (0x00005f17) x30 0x8001020c
core   0: 0x8000b210 (0xde3f2a23) sw      gp, -524(t5)
core   0: 3 0x8000b210 (0xde3f2a23) mem 0x80010000 0x00000001
core   0: 0x8000b214 (0x0000bfe5) c.j     pc - 8
core   0: 3 0x8000b214 (0xbfe5)
core   0: 0x8000b20c (0x00005f17) auipc   t5, 0x5
core   0: 3 0x8000b20c (0x00005f17) x30 0x8001020c
core   0: 0x8000b210 (0xde3f2a23) sw      gp, -524(t5)
core   0: 3 0x8000b210 (0xde3f2a23) mem 0x80010000 0x00000001
core   0: 0x8000b214 (0x0000bfe5) c.j     pc - 8
core   0: 3 0x8000b214 (0xbfe5)
core   0: 0x8000b20c (0x00005f17) auipc   t5, 0x5
core   0: 3 0x8000b20c (0x00005f17) x30 0x8001020c
core   0: 0x8000b210 (0xde3f2a23) sw      gp, -524(t5)
core   0: 3 0x8000b210 (0xde3f2a23) mem 0x80010000 0x00000001
core   0: 0x8000b214 (0x0000bfe5) c.j     pc - 8
core   0: 3 0x8000b214 (0xbfe5)
core   0: 0x8000b20c (0x00005f17) auipc   t5, 0x5
core   0: 3 0x8000b20c (0x00005f17) x30 0x8001020c
core   0: 0x8000b210 (0xde3f2a23) sw      gp, -524(t5)
core   0: 3 0x8000b210 (0xde3f2a23) mem 0x80010000 0x00000001
core   0: 0x8000b214 (0x0000bfe5) c.j     pc - 8
core   0: 3 0x8000b214 (0xbfe5)
core   0: 0x8000b20c (0x00005f17) auipc   t5, 0x5
core   0: 3 0x8000b20c (0x00005f17) x30 0x8001020c
core   0: 0x8000b210 (0xde3f2a23) sw      gp, -524(t5)
core   0: 3 0x8000b210 (0xde3f2a23) mem 0x80010000 0x00000001
core   0: 0x8000b214 (0x0000bfe5) c.j     pc - 8
core   0: 3 0x8000b214 (0xbfe5)
core   0: 0x8000b20c (0x00005f17) auipc   t5, 0x5
core   0: 3 0x8000b20c (0x00005f17) x30 0x8001020c
core   0: 0x8000b210 (0xde3f2a23) sw      gp, -524(t5)
core   0: 3 0x8000b210 (0xde3f2a23) mem 0x80010000 0x00000001
core   0: 0x8000b214 (0x0000bfe5) c.j     pc - 8
core   0: 3 0x8000b214 (0xbfe5)
core   0: 0x8000b20c (0x00005f17) auipc   t5, 0x5
core   0: 3 0x8000b20c (0x00005f17) x30 0x8001020c
core   0: 0x8000b210 (0xde3f2a23) sw      gp, -524(t5)
core   0: 3 0x8000b210 (0xde3f2a23) mem 0x80010000 0x00000001
core   0: 0x8000b214 (0x0000bfe5) c.j     pc - 8
core   0: 3 0x8000b214 (0xbfe5)
core   0: 0x8000b20c (0x00005f17) auipc   t5, 0x5
core   0: 3 0x8000b20c (0x00005f17) x30 0x8001020c
core   0: 0x8000b210 (0xde3f2a23) sw      gp, -524(t5)
core   0: 3 0x8000b210 (0xde3f2a23) mem 0x80010000 0x00000001
core   0: 0x8000b214 (0x0000bfe5) c.j     pc - 8
core   0: 3 0x8000b214 (0xbfe5)
core   0: 0x8000b20c (0x00005f17) auipc   t5, 0x5
core   0: 3 0x8000b20c (0x00005f17) x30 0x8001020c
core   0: 0x8000b210 (0xde3f2a23) sw      gp, -524(t5)
core   0: 3 0x8000b210 (0xde3f2a23) mem 0x80010000 0x00000001
core   0: 0x8000b214 (0x0000bfe5) c.j     pc - 8
core   0: 3 0x8000b214 (0xbfe5)
core   0: 0x8000b20c (0x00005f17) auipc   t5, 0x5
core   0: 3 0x8000b20c (0x00005f17) x30 0x8001020c
core   0: 0x8000b210 (0xde3f2a23) sw      gp, -524(t5)
core   0: 3 0x8000b210 (0xde3f2a23) mem 0x80010000 0x00000001
core   0: 0x8000b214 (0x0000bfe5) c.j     pc - 8
core   0: 3 0x8000b214 (0xbfe5)
core   0: 0x8000b20c (0x00005f17) auipc   t5, 0x5
core   0: 3 0x8000b20c (0x00005f17) x30 0x8001020c
core   0: 0x8000b210 (0xde3f2a23) sw      gp, -524(t5)
core   0: 3 0x8000b210 (0xde3f2a23) mem 0x80010000 0x00000001
core   0: 0x8000b214 (0x0000bfe5) c.j     pc - 8
core   0: 3 0x8000b214 (0xbfe5)
core   0: 0x8000b20c (0x00005f17) auipc   t5, 0x5
core   0: 3 0x8000b20c (0x00005f17) x30 0x8001020c
core   0: 0x8000b210 (0xde3f2a23) sw      gp, -524(t5)
core   0: 3 0x8000b210 (0xde3f2a23) mem 0x80010000 0x00000001
core   0: 0x8000b214 (0x0000bfe5) c.j     pc - 8
core   0: 3 0x8000b214 (0xbfe5)
core   0: 0x8000b20c (0x00005f17) auipc   t5, 0x5
core   0: 3 0x8000b20c (0x00005f17) x30 0x8001020c
core   0: 0x8000b210 (0xde3f2a23) sw      gp, -524(t5)
core   0: 3 0x8000b210 (0xde3f2a23) mem 0x80010000 0x00000001
core   0: 0x8000b214 (0x0000bfe5) c.j     pc - 8
core   0: 3 0x8000b214 (0xbfe5)
core   0: 0x8000b20c (0x00005f17) auipc   t5, 0x5
core   0: 3 0x8000b20c (0x00005f17) x30 0x8001020c
core   0: 0x8000b210 (0xde3f2a23) sw      gp, -524(t5)
core   0: 3 0x8000b210 (0xde3f2a23) mem 0x80010000 0x00000001
core   0: 0x8000b214 (0x0000bfe5) c.j     pc - 8
core   0: 3 0x8000b214 (0xbfe5)
core   0: 0x8000b20c (0x00005f17) auipc   t5, 0x5
core   0: 3 0x8000b20c (0x00005f17) x30 0x8001020c
core   0: 0x8000b210 (0xde3f2a23) sw      gp, -524(t5)
core   0: 3 0x8000b210 (0xde3f2a23) mem 0x80010000 0x00000001
core   0: 0x8000b214 (0x0000bfe5) c.j     pc - 8
core   0: 3 0x8000b214 (0xbfe5)
core   0: 0x8000b20c (0x00005f17) auipc   t5, 0x5
core   0: 3 0x8000b20c (0x00005f17) x30 0x8001020c
core   0: 0x8000b210 (0xde3f2a23) sw      gp, -524(t5)
core   0: 3 0x8000b210 (0xde3f2a23) mem 0x80010000 0x00000001
core   0: 0x8000b214 (0x0000bfe5) c.j     pc - 8
core   0: 3 0x8000b214 (0xbfe5)
core   0: 0x8000b20c (0x00005f17) auipc   t5, 0x5
core   0: 3 0x8000b20c (0x00005f17) x30 0x8001020c
core   0: 0x8000b210 (0xde3f2a23) sw      gp, -524(t5)
core   0: 3 0x8000b210 (0xde3f2a23) mem 0x80010000 0x00000001
core   0: 0x8000b214 (0x0000bfe5) c.j     pc - 8
core   0: 3 0x8000b214 (0xbfe5)
core   0: 0x8000b20c (0x00005f17) auipc   t5, 0x5
core   0: 3 0x8000b20c (0x00005f17) x30 0x8001020c
core   0: 0x8000b210 (0xde3f2a23) sw      gp, -524(t5)
core   0: 3 0x8000b210 (0xde3f2a23) mem 0x80010000 0x00000001
core   0: 0x8000b214 (0x0000bfe5) c.j     pc - 8
core   0: 3 0x8000b214 (0xbfe5)
core   0: 0x8000b20c (0x00005f17) auipc   t5, 0x5
core   0: 3 0x8000b20c (0x00005f17) x30 0x8001020c
core   0: 0x8000b210 (0xde3f2a23) sw      gp, -524(t5)
core   0: 3 0x8000b210 (0xde3f2a23) mem 0x80010000 0x00000001
core   0: 0x8000b214 (0x0000bfe5) c.j     pc - 8
core   0: 3 0x8000b214 (0xbfe5)
core   0: 0x8000b20c (0x00005f17) auipc   t5, 0x5
core   0: 3 0x8000b20c (0x00005f17) x30 0x8001020c
core   0: 0x8000b210 (0xde3f2a23) sw      gp, -524(t5)
core   0: 3 0x8000b210 (0xde3f2a23) mem 0x80010000 0x00000001
core   0: 0x8000b214 (0x0000bfe5) c.j     pc - 8
core   0: 3 0x8000b214 (0xbfe5)
core   0: 0x8000b20c (0x00005f17) auipc   t5, 0x5
core   0: 3 0x8000b20c (0x00005f17) x30 0x8001020c
core   0: 0x8000b210 (0xde3f2a23) sw      gp, -524(t5)
core   0: 3 0x8000b210 (0xde3f2a23) mem 0x80010000 0x00000001
core   0: 0x8000b214 (0x0000bfe5) c.j     pc - 8
core   0: 3 0x8000b214 (0xbfe5)
core   0: 0x8000b20c (0x00005f17) auipc   t5, 0x5
core   0: 3 0x8000b20c (0x00005f17) x30 0x8001020c
core   0: 0x8000b210 (0xde3f2a23) sw      gp, -524(t5)
core   0: 3 0x8000b210 (0xde3f2a23) mem 0x80010000 0x00000001
core   0: 0x8000b214 (0x0000bfe5) c.j     pc - 8
core   0: 3 0x8000b214 (0xbfe5)
core   0: 0x8000b20c (0x00005f17) auipc   t5, 0x5
core   0: 3 0x8000b20c (0x00005f17) x30 0x8001020c
core   0: 0x8000b210 (0xde3f2a23) sw      gp, -524(t5)
core   0: 3 0x8000b210 (0xde3f2a23) mem 0x80010000 0x00000001
core   0: 0x8000b214 (0x0000bfe5) c.j     pc - 8
core   0: 3 0x8000b214 (0xbfe5)
core   0: 0x8000b20c (0x00005f17) auipc   t5, 0x5
core   0: 3 0x8000b20c (0x00005f17) x30 0x8001020c
core   0: 0x8000b210 (0xde3f2a23) sw      gp, -524(t5)
core   0: 3 0x8000b210 (0xde3f2a23) mem 0x80010000 0x00000001
core   0: 0x8000b214 (0x0000bfe5) c.j     pc - 8
core   0: 3 0x8000b214 (0xbfe5)
core   0: 0x8000b20c (0x00005f17) auipc   t5, 0x5
core   0: 3 0x8000b20c (0x00005f17) x30 0x8001020c
core   0: 0x8000b210 (0xde3f2a23) sw      gp, -524(t5)
core   0: 3 0x8000b210 (0xde3f2a23) mem 0x80010000 0x00000001
core   0: 0x8000b214 (0x0000bfe5) c.j     pc - 8
core   0: 3 0x8000b214 (0xbfe5)
core   0: 0x8000b20c (0x00005f17) auipc   t5, 0x5
core   0: 3 0x8000b20c (0x00005f17) x30 0x8001020c
core   0: 0x8000b210 (0xde3f2a23) sw      gp, -524(t5)
core   0: 3 0x8000b210 (0xde3f2a23) mem 0x80010000 0x00000001
core   0: 0x8000b214 (0x0000bfe5) c.j     pc - 8
core   0: 3 0x8000b214 (0xbfe5)
core   0: 0x8000b20c (0x00005f17) auipc   t5, 0x5
core   0: 3 0x8000b20c (0x00005f17) x30 0x8001020c
core   0: 0x8000b210 (0xde3f2a23) sw      gp, -524(t5)
core   0: 3 0x8000b210 (0xde3f2a23) mem 0x80010000 0x00000001
core   0: 0x8000b214 (0x0000bfe5) c.j     pc - 8
core   0: 3 0x8000b214 (0xbfe5)
core   0: 0x8000b20c (0x00005f17) auipc   t5, 0x5
core   0: 3 0x8000b20c (0x00005f17) x30 0x8001020c
core   0: 0x8000b210 (0xde3f2a23) sw      gp, -524(t5)
core   0: 3 0x8000b210 (0xde3f2a23) mem 0x80010000 0x00000001
core   0: 0x8000b214 (0x0000bfe5) c.j     pc - 8
core   0: 3 0x8000b214 (0xbfe5)
core   0: 0x8000b20c (0x00005f17) auipc   t5, 0x5
core   0: 3 0x8000b20c (0x00005f17) x30 0x8001020c
core   0: 0x8000b210 (0xde3f2a23) sw      gp, -524(t5)
core   0: 3 0x8000b210 (0xde3f2a23) mem 0x80010000 0x00000001
core   0: 0x8000b214 (0x0000bfe5) c.j     pc - 8
core   0: 3 0x8000b214 (0xbfe5)
core   0: 0x8000b20c (0x00005f17) auipc   t5, 0x5
core   0: 3 0x8000b20c (0x00005f17) x30 0x8001020c
core   0: 0x8000b210 (0xde3f2a23) sw      gp, -524(t5)
core   0: 3 0x8000b210 (0xde3f2a23) mem 0x80010000 0x00000001
core   0: 0x8000b214 (0x0000bfe5) c.j     pc - 8
core   0: 3 0x8000b214 (0xbfe5)
core   0: 0x8000b20c (0x00005f17) auipc   t5, 0x5
core   0: 3 0x8000b20c (0x00005f17) x30 0x8001020c
core   0: 0x8000b210 (0xde3f2a23) sw      gp, -524(t5)
core   0: 3 0x8000b210 (0xde3f2a23) mem 0x80010000 0x00000001
core   0: 0x8000b214 (0x0000bfe5) c.j     pc - 8
core   0: 3 0x8000b214 (0xbfe5)
core   0: 0x8000b20c (0x00005f17) auipc   t5, 0x5
core   0: 3 0x8000b20c (0x00005f17) x30 0x8001020c
core   0: 0x8000b210 (0xde3f2a23) sw      gp, -524(t5)
core   0: 3 0x8000b210 (0xde3f2a23) mem 0x80010000 0x00000001
core   0: 0x8000b214 (0x0000bfe5) c.j     pc - 8
core   0: 3 0x8000b214 (0xbfe5)
core   0: 0x8000b20c (0x00005f17) auipc   t5, 0x5
core   0: 3 0x8000b20c (0x00005f17) x30 0x8001020c
core   0: 0x8000b210 (0xde3f2a23) sw      gp, -524(t5)
core   0: 3 0x8000b210 (0xde3f2a23) mem 0x80010000 0x00000001
core   0: 0x8000b214 (0x0000bfe5) c.j     pc - 8
core   0: 3 0x8000b214 (0xbfe5)
core   0: 0x8000b20c (0x00005f17) auipc   t5, 0x5
core   0: 3 0x8000b20c (0x00005f17) x30 0x8001020c
core   0: 0x8000b210 (0xde3f2a23) sw      gp, -524(t5)
core   0: 3 0x8000b210 (0xde3f2a23) mem 0x80010000 0x00000001
core   0: 0x8000b214 (0x0000bfe5) c.j     pc - 8
core   0: 3 0x8000b214 (0xbfe5)
core   0: 0x8000b20c (0x00005f17) auipc   t5, 0x5
core   0: 3 0x8000b20c (0x00005f17) x30 0x8001020c
core   0: 0x8000b210 (0xde3f2a23) sw      gp, -524(t5)
core   0: 3 0x8000b210 (0xde3f2a23) mem 0x80010000 0x00000001
core   0: 0x8000b214 (0x0000bfe5) c.j     pc - 8
core   0: 3 0x8000b214 (0xbfe5)
core   0: 0x8000b20c (0x00005f17) auipc   t5, 0x5
core   0: 3 0x8000b20c (0x00005f17) x30 0x8001020c
core   0: 0x8000b210 (0xde3f2a23) sw      gp, -524(t5)
core   0: 3 0x8000b210 (0xde3f2a23) mem 0x80010000 0x00000001
core   0: 0x8000b214 (0x0000bfe5) c.j     pc - 8
core   0: 3 0x8000b214 (0xbfe5)
core   0: 0x8000b20c (0x00005f17) auipc   t5, 0x5
core   0: 3 0x8000b20c (0x00005f17) x30 0x8001020c
core   0: 0x8000b210 (0xde3f2a23) sw      gp, -524(t5)
core   0: 3 0x8000b210 (0xde3f2a23) mem 0x80010000 0x00000001
core   0: 0x8000b214 (0x0000bfe5) c.j     pc - 8
core   0: 3 0x8000b214 (0xbfe5)
core   0: 0x8000b20c (0x00005f17) auipc   t5, 0x5
core   0: 3 0x8000b20c (0x00005f17) x30 0x8001020c
core   0: 0x8000b210 (0xde3f2a23) sw      gp, -524(t5)
core   0: 3 0x8000b210 (0xde3f2a23) mem 0x80010000 0x00000001
core   0: 0x8000b214 (0x0000bfe5) c.j     pc - 8
core   0: 3 0x8000b214 (0xbfe5)
core   0: 0x8000b20c (0x00005f17) auipc   t5, 0x5
core   0: 3 0x8000b20c (0x00005f17) x30 0x8001020c
core   0: 0x8000b210 (0xde3f2a23) sw      gp, -524(t5)
core   0: 3 0x8000b210 (0xde3f2a23) mem 0x80010000 0x00000001
core   0: 0x8000b214 (0x0000bfe5) c.j     pc - 8
core   0: 3 0x8000b214 (0xbfe5)
core   0: 0x8000b20c (0x00005f17) auipc   t5, 0x5
core   0: 3 0x8000b20c (0x00005f17) x30 0x8001020c
core   0: 0x8000b210 (0xde3f2a23) sw      gp, -524(t5)
core   0: 3 0x8000b210 (0xde3f2a23) mem 0x80010000 0x00000001
core   0: 0x8000b214 (0x0000bfe5) c.j     pc - 8
core   0: 3 0x8000b214 (0xbfe5)
core   0: 0x8000b20c (0x00005f17) auipc   t5, 0x5
core   0: 3 0x8000b20c (0x00005f17) x30 0x8001020c
core   0: 0x8000b210 (0xde3f2a23) sw      gp, -524(t5)
core   0: 3 0x8000b210 (0xde3f2a23) mem 0x80010000 0x00000001
core   0: 0x8000b214 (0x0000bfe5) c.j     pc - 8
core   0: 3 0x8000b214 (0xbfe5)
core   0: 0x8000b20c (0x00005f17) auipc   t5, 0x5
core   0: 3 0x8000b20c (0x00005f17) x30 0x8001020c
core   0: 0x8000b210 (0xde3f2a23) sw      gp, -524(t5)
core   0: 3 0x8000b210 (0xde3f2a23) mem 0x80010000 0x00000001
core   0: 0x8000b214 (0x0000bfe5) c.j     pc - 8
core   0: 3 0x8000b214 (0xbfe5)
core   0: 0x8000b20c (0x00005f17) auipc   t5, 0x5
core   0: 3 0x8000b20c (0x00005f17) x30 0x8001020c
core   0: 0x8000b210 (0xde3f2a23) sw      gp, -524(t5)
core   0: 3 0x8000b210 (0xde3f2a23) mem 0x80010000 0x00000001
core   0: 0x8000b214 (0x0000bfe5) c.j     pc - 8
core   0: 3 0x8000b214 (0xbfe5)
core   0: 0x8000b20c (0x00005f17) auipc   t5, 0x5
core   0: 3 0x8000b20c (0x00005f17) x30 0x8001020c
core   0: 0x8000b210 (0xde3f2a23) sw      gp, -524(t5)
core   0: 3 0x8000b210 (0xde3f2a23) mem 0x80010000 0x00000001
core   0: 0x8000b214 (0x0000bfe5) c.j     pc - 8
core   0: 3 0x8000b214 (0xbfe5)
core   0: 0x8000b20c (0x00005f17) auipc   t5, 0x5
core   0: 3 0x8000b20c (0x00005f17) x30 0x8001020c
core   0: 0x8000b210 (0xde3f2a23) sw      gp, -524(t5)
core   0: 3 0x8000b210 (0xde3f2a23) mem 0x80010000 0x00000001
core   0: 0x8000b214 (0x0000bfe5) c.j     pc - 8
core   0: 3 0x8000b214 (0xbfe5)
core   0: 0x8000b20c (0x00005f17) auipc   t5, 0x5
core   0: 3 0x8000b20c (0x00005f17) x30 0x8001020c
core   0: 0x8000b210 (0xde3f2a23) sw      gp, -524(t5)
core   0: 3 0x8000b210 (0xde3f2a23) mem 0x80010000 0x00000001
core   0: 0x8000b214 (0x0000bfe5) c.j     pc - 8
core   0: 3 0x8000b214 (0xbfe5)
core   0: 0x8000b20c (0x00005f17) auipc   t5, 0x5
core   0: 3 0x8000b20c (0x00005f17) x30 0x8001020c
core   0: 0x8000b210 (0xde3f2a23) sw      gp, -524(t5)
core   0: 3 0x8000b210 (0xde3f2a23) mem 0x80010000 0x00000001
core   0: 0x8000b214 (0x0000bfe5) c.j     pc - 8
core   0: 3 0x8000b214 (0xbfe5)
core   0: 0x8000b20c (0x00005f17) auipc   t5, 0x5
core   0: 3 0x8000b20c (0x00005f17) x30 0x8001020c
core   0: 0x8000b210 (0xde3f2a23) sw      gp, -524(t5)
core   0: 3 0x8000b210 (0xde3f2a23) mem 0x80010000 0x00000001
core   0: 0x8000b214 (0x0000bfe5) c.j     pc - 8
core   0: 3 0x8000b214 (0xbfe5)
core   0: 0x8000b20c (0x00005f17) auipc   t5, 0x5
core   0: 3 0x8000b20c (0x00005f17) x30 0x8001020c
core   0: 0x8000b210 (0xde3f2a23) sw      gp, -524(t5)
core   0: 3 0x8000b210 (0xde3f2a23) mem 0x80010000 0x00000001
core   0: 0x8000b214 (0x0000bfe5) c.j     pc - 8
core   0: 3 0x8000b214 (0xbfe5)
core   0: 0x8000b20c (0x00005f17) auipc   t5, 0x5
core   0: 3 0x8000b20c (0x00005f17) x30 0x8001020c
core   0: 0x8000b210 (0xde3f2a23) sw      gp, -524(t5)
core   0: 3 0x8000b210 (0xde3f2a23) mem 0x80010000 0x00000001
core   0: 0x8000b214 (0x0000bfe5) c.j     pc - 8
core   0: 3 0x8000b214 (0xbfe5)
core   0: 0x8000b20c (0x00005f17) auipc   t5, 0x5
core   0: 3 0x8000b20c (0x00005f17) x30 0x8001020c
core   0: 0x8000b210 (0xde3f2a23) sw      gp, -524(t5)
core   0: 3 0x8000b210 (0xde3f2a23) mem 0x80010000 0x00000001
core   0: 0x8000b214 (0x0000bfe5) c.j     pc - 8
core   0: 3 0x8000b214 (0xbfe5)
core   0: 0x8000b20c (0x00005f17) auipc   t5, 0x5
core   0: 3 0x8000b20c (0x00005f17) x30 0x8001020c
core   0: 0x8000b210 (0xde3f2a23) sw      gp, -524(t5)
core   0: 3 0x8000b210 (0xde3f2a23) mem 0x80010000 0x00000001
core   0: 0x8000b214 (0x0000bfe5) c.j     pc - 8
core   0: 3 0x8000b214 (0xbfe5)
core   0: 0x8000b20c (0x00005f17) auipc   t5, 0x5
core   0: 3 0x8000b20c (0x00005f17) x30 0x8001020c
core   0: 0x8000b210 (0xde3f2a23) sw      gp, -524(t5)
core   0: 3 0x8000b210 (0xde3f2a23) mem 0x80010000 0x00000001
core   0: 0x8000b214 (0x0000bfe5) c.j     pc - 8
core   0: 3 0x8000b214 (0xbfe5)
core   0: 0x8000b20c (0x00005f17) auipc   t5, 0x5
core   0: 3 0x8000b20c (0x00005f17) x30 0x8001020c
core   0: 0x8000b210 (0xde3f2a23) sw      gp, -524(t5)
core   0: 3 0x8000b210 (0xde3f2a23) mem 0x80010000 0x00000001
core   0: 0x8000b214 (0x0000bfe5) c.j     pc - 8
core   0: 3 0x8000b214 (0xbfe5)
core   0: 0x8000b20c (0x00005f17) auipc   t5, 0x5
core   0: 3 0x8000b20c (0x00005f17) x30 0x8001020c
core   0: 0x8000b210 (0xde3f2a23) sw      gp, -524(t5)
core   0: 3 0x8000b210 (0xde3f2a23) mem 0x80010000 0x00000001
core   0: 0x8000b214 (0x0000bfe5) c.j     pc - 8
core   0: 3 0x8000b214 (0xbfe5)
core   0: 0x8000b20c (0x00005f17) auipc   t5, 0x5
core   0: 3 0x8000b20c (0x00005f17) x30 0x8001020c
core   0: 0x8000b210 (0xde3f2a23) sw      gp, -524(t5)
core   0: 3 0x8000b210 (0xde3f2a23) mem 0x80010000 0x00000001
core   0: 0x8000b214 (0x0000bfe5) c.j     pc - 8
core   0: 3 0x8000b214 (0xbfe5)
core   0: 0x8000b20c (0x00005f17) auipc   t5, 0x5
core   0: 3 0x8000b20c (0x00005f17) x30 0x8001020c
core   0: 0x8000b210 (0xde3f2a23) sw      gp, -524(t5)
core   0: 3 0x8000b210 (0xde3f2a23) mem 0x80010000 0x00000001
core   0: 0x8000b214 (0x0000bfe5) c.j     pc - 8
core   0: 3 0x8000b214 (0xbfe5)
core   0: 0x8000b20c (0x00005f17) auipc   t5, 0x5
core   0: 3 0x8000b20c (0x00005f17) x30 0x8001020c
core   0: 0x8000b210 (0xde3f2a23) sw      gp, -524(t5)
core   0: 3 0x8000b210 (0xde3f2a23) mem 0x80010000 0x00000001
core   0: 0x8000b214 (0x0000bfe5) c.j     pc - 8
core   0: 3 0x8000b214 (0xbfe5)
core   0: 0x8000b20c (0x00005f17) auipc   t5, 0x5
core   0: 3 0x8000b20c (0x00005f17) x30 0x8001020c
core   0: 0x8000b210 (0xde3f2a23) sw      gp, -524(t5)
core   0: 3 0x8000b210 (0xde3f2a23) mem 0x80010000 0x00000001
core   0: 0x8000b214 (0x0000bfe5) c.j     pc - 8
core   0: 3 0x8000b214 (0xbfe5)
core   0: 0x8000b20c (0x00005f17) auipc   t5, 0x5
core   0: 3 0x8000b20c (0x00005f17) x30 0x8001020c
core   0: 0x8000b210 (0xde3f2a23) sw      gp, -524(t5)
core   0: 3 0x8000b210 (0xde3f2a23) mem 0x80010000 0x00000001
core   0: 0x8000b214 (0x0000bfe5) c.j     pc - 8
core   0: 3 0x8000b214 (0xbfe5)
core   0: 0x8000b20c (0x00005f17) auipc   t5, 0x5
core   0: 3 0x8000b20c (0x00005f17) x30 0x8001020c
core   0: 0x8000b210 (0xde3f2a23) sw      gp, -524(t5)
core   0: 3 0x8000b210 (0xde3f2a23) mem 0x80010000 0x00000001
core   0: 0x8000b214 (0x0000bfe5) c.j     pc - 8
core   0: 3 0x8000b214 (0xbfe5)
core   0: 0x8000b20c (0x00005f17) auipc   t5, 0x5
core   0: 3 0x8000b20c (0x00005f17) x30 0x8001020c
core   0: 0x8000b210 (0xde3f2a23) sw      gp, -524(t5)
core   0: 3 0x8000b210 (0xde3f2a23) mem 0x80010000 0x00000001
core   0: 0x8000b214 (0x0000bfe5) c.j     pc - 8
core   0: 3 0x8000b214 (0xbfe5)
core   0: 0x8000b20c (0x00005f17) auipc   t5, 0x5
core   0: 3 0x8000b20c (0x00005f17) x30 0x8001020c
core   0: 0x8000b210 (0xde3f2a23) sw      gp, -524(t5)
core   0: 3 0x8000b210 (0xde3f2a23) mem 0x80010000 0x00000001
core   0: 0x8000b214 (0x0000bfe5) c.j     pc - 8
core   0: 3 0x8000b214 (0xbfe5)
core   0: 0x8000b20c (0x00005f17) auipc   t5, 0x5
core   0: 3 0x8000b20c (0x00005f17) x30 0x8001020c
core   0: 0x8000b210 (0xde3f2a23) sw      gp, -524(t5)
core   0: 3 0x8000b210 (0xde3f2a23) mem 0x80010000 0x00000001
core   0: 0x8000b214 (0x0000bfe5) c.j     pc - 8
core   0: 3 0x8000b214 (0xbfe5)
core   0: 0x8000b20c (0x00005f17) auipc   t5, 0x5
core   0: 3 0x8000b20c (0x00005f17) x30 0x8001020c
core   0: 0x8000b210 (0xde3f2a23) sw      gp, -524(t5)
core   0: 3 0x8000b210 (0xde3f2a23) mem 0x80010000 0x00000001
core   0: 0x8000b214 (0x0000bfe5) c.j     pc - 8
core   0: 3 0x8000b214 (0xbfe5)
core   0: 0x8000b20c (0x00005f17) auipc   t5, 0x5
core   0: 3 0x8000b20c (0x00005f17) x30 0x8001020c
core   0: 0x8000b210 (0xde3f2a23) sw      gp, -524(t5)
core   0: 3 0x8000b210 (0xde3f2a23) mem 0x80010000 0x00000001
core   0: 0x8000b214 (0x0000bfe5) c.j     pc - 8
core   0: 3 0x8000b214 (0xbfe5)
core   0: 0x8000b20c (0x00005f17) auipc   t5, 0x5
core   0: 3 0x8000b20c (0x00005f17) x30 0x8001020c
core   0: 0x8000b210 (0xde3f2a23) sw      gp, -524(t5)
core   0: 3 0x8000b210 (0xde3f2a23) mem 0x80010000 0x00000001
core   0: 0x8000b214 (0x0000bfe5) c.j     pc - 8
core   0: 3 0x8000b214 (0xbfe5)
core   0: 0x8000b20c (0x00005f17) auipc   t5, 0x5
core   0: 3 0x8000b20c (0x00005f17) x30 0x8001020c
core   0: 0x8000b210 (0xde3f2a23) sw      gp, -524(t5)
core   0: 3 0x8000b210 (0xde3f2a23) mem 0x80010000 0x00000001
core   0: 0x8000b214 (0x0000bfe5) c.j     pc - 8
core   0: 3 0x8000b214 (0xbfe5)
core   0: 0x8000b20c (0x00005f17) auipc   t5, 0x5
core   0: 3 0x8000b20c (0x00005f17) x30 0x8001020c
core   0: 0x8000b210 (0xde3f2a23) sw      gp, -524(t5)
core   0: 3 0x8000b210 (0xde3f2a23) mem 0x80010000 0x00000001
core   0: 0x8000b214 (0x0000bfe5) c.j     pc - 8
core   0: 3 0x8000b214 (0xbfe5)
core   0: 0x8000b20c (0x00005f17) auipc   t5, 0x5
core   0: 3 0x8000b20c (0x00005f17) x30 0x8001020c
core   0: 0x8000b210 (0xde3f2a23) sw      gp, -524(t5)
core   0: 3 0x8000b210 (0xde3f2a23) mem 0x80010000 0x00000001
core   0: 0x8000b214 (0x0000bfe5) c.j     pc - 8
core   0: 3 0x8000b214 (0xbfe5)
core   0: 0x8000b20c (0x00005f17) auipc   t5, 0x5
core   0: 3 0x8000b20c (0x00005f17) x30 0x8001020c
core   0: 0x8000b210 (0xde3f2a23) sw      gp, -524(t5)
core   0: 3 0x8000b210 (0xde3f2a23) mem 0x80010000 0x00000001
core   0: 0x8000b214 (0x0000bfe5) c.j     pc - 8
core   0: 3 0x8000b214 (0xbfe5)
core   0: 0x8000b20c (0x00005f17) auipc   t5, 0x5
core   0: 3 0x8000b20c (0x00005f17) x30 0x8001020c
core   0: 0x8000b210 (0xde3f2a23) sw      gp, -524(t5)
core   0: 3 0x8000b210 (0xde3f2a23) mem 0x80010000 0x00000001
core   0: 0x8000b214 (0x0000bfe5) c.j     pc - 8
core   0: 3 0x8000b214 (0xbfe5)
core   0: 0x8000b20c (0x00005f17) auipc   t5, 0x5
core   0: 3 0x8000b20c (0x00005f17) x30 0x8001020c
core   0: 0x8000b210 (0xde3f2a23) sw      gp, -524(t5)
core   0: 3 0x8000b210 (0xde3f2a23) mem 0x80010000 0x00000001
core   0: 0x8000b214 (0x0000bfe5) c.j     pc - 8
core   0: 3 0x8000b214 (0xbfe5)
core   0: 0x8000b20c (0x00005f17) auipc   t5, 0x5
core   0: 3 0x8000b20c (0x00005f17) x30 0x8001020c
core   0: 0x8000b210 (0xde3f2a23) sw      gp, -524(t5)
core   0: 3 0x8000b210 (0xde3f2a23) mem 0x80010000 0x00000001
core   0: 0x8000b214 (0x0000bfe5) c.j     pc - 8
core   0: 3 0x8000b214 (0xbfe5)
core   0: 0x8000b20c (0x00005f17) auipc   t5, 0x5
core   0: 3 0x8000b20c (0x00005f17) x30 0x8001020c
core   0: 0x8000b210 (0xde3f2a23) sw      gp, -524(t5)
core   0: 3 0x8000b210 (0xde3f2a23) mem 0x80010000 0x00000001
core   0: 0x8000b214 (0x0000bfe5) c.j     pc - 8
core   0: 3 0x8000b214 (0xbfe5)
core   0: 0x8000b20c (0x00005f17) auipc   t5, 0x5
core   0: 3 0x8000b20c (0x00005f17) x30 0x8001020c
core   0: 0x8000b210 (0xde3f2a23) sw      gp, -524(t5)
core   0: 3 0x8000b210 (0xde3f2a23) mem 0x80010000 0x00000001
core   0: 0x8000b214 (0x0000bfe5) c.j     pc - 8
core   0: 3 0x8000b214 (0xbfe5)
core   0: 0x8000b20c (0x00005f17) auipc   t5, 0x5
core   0: 3 0x8000b20c (0x00005f17) x30 0x8001020c
core   0: 0x8000b210 (0xde3f2a23) sw      gp, -524(t5)
core   0: 3 0x8000b210 (0xde3f2a23) mem 0x80010000 0x00000001
core   0: 0x8000b214 (0x0000bfe5) c.j     pc - 8
core   0: 3 0x8000b214 (0xbfe5)
core   0: 0x8000b20c (0x00005f17) auipc   t5, 0x5
core   0: 3 0x8000b20c (0x00005f17) x30 0x8001020c
core   0: 0x8000b210 (0xde3f2a23) sw      gp, -524(t5)
core   0: 3 0x8000b210 (0xde3f2a23) mem 0x80010000 0x00000001
core   0: 0x8000b214 (0x0000bfe5) c.j     pc - 8
core   0: 3 0x8000b214 (0xbfe5)
core   0: 0x8000b20c (0x00005f17) auipc   t5, 0x5
core   0: 3 0x8000b20c (0x00005f17) x30 0x8001020c
core   0: 0x8000b210 (0xde3f2a23) sw      gp, -524(t5)
core   0: 3 0x8000b210 (0xde3f2a23) mem 0x80010000 0x00000001
core   0: 0x8000b214 (0x0000bfe5) c.j     pc - 8
core   0: 3 0x8000b214 (0xbfe5)
core   0: 0x8000b20c (0x00005f17) auipc   t5, 0x5
core   0: 3 0x8000b20c (0x00005f17) x30 0x8001020c
core   0: 0x8000b210 (0xde3f2a23) sw      gp, -524(t5)
core   0: 3 0x8000b210 (0xde3f2a23) mem 0x80010000 0x00000001
core   0: 0x8000b214 (0x0000bfe5) c.j     pc - 8
core   0: 3 0x8000b214 (0xbfe5)
core   0: 0x8000b20c (0x00005f17) auipc   t5, 0x5
core   0: 3 0x8000b20c (0x00005f17) x30 0x8001020c
core   0: 0x8000b210 (0xde3f2a23) sw      gp, -524(t5)
core   0: 3 0x8000b210 (0xde3f2a23) mem 0x80010000 0x00000001
core   0: 0x8000b214 (0x0000bfe5) c.j     pc - 8
core   0: 3 0x8000b214 (0xbfe5)
core   0: 0x8000b20c (0x00005f17) auipc   t5, 0x5
core   0: 3 0x8000b20c (0x00005f17) x30 0x8001020c
core   0: 0x8000b210 (0xde3f2a23) sw      gp, -524(t5)
core   0: 3 0x8000b210 (0xde3f2a23) mem 0x80010000 0x00000001
core   0: 0x8000b214 (0x0000bfe5) c.j     pc - 8
core   0: 3 0x8000b214 (0xbfe5)
core   0: 0x8000b20c (0x00005f17) auipc   t5, 0x5
core   0: 3 0x8000b20c (0x00005f17) x30 0x8001020c
core   0: 0x8000b210 (0xde3f2a23) sw      gp, -524(t5)
core   0: 3 0x8000b210 (0xde3f2a23) mem 0x80010000 0x00000001
core   0: 0x8000b214 (0x0000bfe5) c.j     pc - 8
core   0: 3 0x8000b214 (0xbfe5)
core   0: 0x8000b20c (0x00005f17) auipc   t5, 0x5
core   0: 3 0x8000b20c (0x00005f17) x30 0x8001020c
core   0: 0x8000b210 (0xde3f2a23) sw      gp, -524(t5)
core   0: 3 0x8000b210 (0xde3f2a23) mem 0x80010000 0x00000001
core   0: 0x8000b214 (0x0000bfe5) c.j     pc - 8
core   0: 3 0x8000b214 (0xbfe5)
core   0: 0x8000b20c (0x00005f17) auipc   t5, 0x5
core   0: 3 0x8000b20c (0x00005f17) x30 0x8001020c
core   0: 0x8000b210 (0xde3f2a23) sw      gp, -524(t5)
core   0: 3 0x8000b210 (0xde3f2a23) mem 0x80010000 0x00000001
core   0: 0x8000b214 (0x0000bfe5) c.j     pc - 8
core   0: 3 0x8000b214 (0xbfe5)
core   0: 0x8000b20c (0x00005f17) auipc   t5, 0x5
core   0: 3 0x8000b20c (0x00005f17) x30 0x8001020c
core   0: 0x8000b210 (0xde3f2a23) sw      gp, -524(t5)
core   0: 3 0x8000b210 (0xde3f2a23) mem 0x80010000 0x00000001
core   0: 0x8000b214 (0x0000bfe5) c.j     pc - 8
core   0: 3 0x8000b214 (0xbfe5)
core   0: 0x8000b20c (0x00005f17) auipc   t5, 0x5
core   0: 3 0x8000b20c (0x00005f17) x30 0x8001020c
core   0: 0x8000b210 (0xde3f2a23) sw      gp, -524(t5)
core   0: 3 0x8000b210 (0xde3f2a23) mem 0x80010000 0x00000001
core   0: 0x8000b214 (0x0000bfe5) c.j     pc - 8
core   0: 3 0x8000b214 (0xbfe5)
core   0: 0x8000b20c (0x00005f17) auipc   t5, 0x5
core   0: 3 0x8000b20c (0x00005f17) x30 0x8001020c
core   0: 0x8000b210 (0xde3f2a23) sw      gp, -524(t5)
core   0: 3 0x8000b210 (0xde3f2a23) mem 0x80010000 0x00000001
core   0: 0x8000b214 (0x0000bfe5) c.j     pc - 8
core   0: 3 0x8000b214 (0xbfe5)
core   0: 0x8000b20c (0x00005f17) auipc   t5, 0x5
core   0: 3 0x8000b20c (0x00005f17) x30 0x8001020c
core   0: 0x8000b210 (0xde3f2a23) sw      gp, -524(t5)
core   0: 3 0x8000b210 (0xde3f2a23) mem 0x80010000 0x00000001
core   0: 0x8000b214 (0x0000bfe5) c.j     pc - 8
core   0: 3 0x8000b214 (0xbfe5)
core   0: 0x8000b20c (0x00005f17) auipc   t5, 0x5
core   0: 3 0x8000b20c (0x00005f17) x30 0x8001020c
core   0: 0x8000b210 (0xde3f2a23) sw      gp, -524(t5)
core   0: 3 0x8000b210 (0xde3f2a23) mem 0x80010000 0x00000001
core   0: 0x8000b214 (0x0000bfe5) c.j     pc - 8
core   0: 3 0x8000b214 (0xbfe5)
core   0: 0x8000b20c (0x00005f17) auipc   t5, 0x5
core   0: 3 0x8000b20c (0x00005f17) x30 0x8001020c
core   0: 0x8000b210 (0xde3f2a23) sw      gp, -524(t5)
core   0: 3 0x8000b210 (0xde3f2a23) mem 0x80010000 0x00000001
core   0: 0x8000b214 (0x0000bfe5) c.j     pc - 8
core   0: 3 0x8000b214 (0xbfe5)
core   0: 0x8000b20c (0x00005f17) auipc   t5, 0x5
core   0: 3 0x8000b20c (0x00005f17) x30 0x8001020c
core   0: 0x8000b210 (0xde3f2a23) sw      gp, -524(t5)
core   0: 3 0x8000b210 (0xde3f2a23) mem 0x80010000 0x00000001
core   0: 0x8000b214 (0x0000bfe5) c.j     pc - 8
core   0: 3 0x8000b214 (0xbfe5)
core   0: 0x8000b20c (0x00005f17) auipc   t5, 0x5
core   0: 3 0x8000b20c (0x00005f17) x30 0x8001020c
core   0: 0x8000b210 (0xde3f2a23) sw      gp, -524(t5)
core   0: 3 0x8000b210 (0xde3f2a23) mem 0x80010000 0x00000001
core   0: 0x8000b214 (0x0000bfe5) c.j     pc - 8
core   0: 3 0x8000b214 (0xbfe5)
core   0: 0x8000b20c (0x00005f17) auipc   t5, 0x5
core   0: 3 0x8000b20c (0x00005f17) x30 0x8001020c
core   0: 0x8000b210 (0xde3f2a23) sw      gp, -524(t5)
core   0: 3 0x8000b210 (0xde3f2a23) mem 0x80010000 0x00000001
core   0: 0x8000b214 (0x0000bfe5) c.j     pc - 8
core   0: 3 0x8000b214 (0xbfe5)
core   0: 0x8000b20c (0x00005f17) auipc   t5, 0x5
core   0: 3 0x8000b20c (0x00005f17) x30 0x8001020c
core   0: 0x8000b210 (0xde3f2a23) sw      gp, -524(t5)
core   0: 3 0x8000b210 (0xde3f2a23) mem 0x80010000 0x00000001
core   0: 0x8000b214 (0x0000bfe5) c.j     pc - 8
core   0: 3 0x8000b214 (0xbfe5)
core   0: 0x8000b20c (0x00005f17) auipc   t5, 0x5
core   0: 3 0x8000b20c (0x00005f17) x30 0x8001020c
core   0: 0x8000b210 (0xde3f2a23) sw      gp, -524(t5)
core   0: 3 0x8000b210 (0xde3f2a23) mem 0x80010000 0x00000001
core   0: 0x8000b214 (0x0000bfe5) c.j     pc - 8
core   0: 3 0x8000b214 (0xbfe5)
core   0: 0x8000b20c (0x00005f17) auipc   t5, 0x5
core   0: 3 0x8000b20c (0x00005f17) x30 0x8001020c
core   0: 0x8000b210 (0xde3f2a23) sw      gp, -524(t5)
core   0: 3 0x8000b210 (0xde3f2a23) mem 0x80010000 0x00000001
core   0: 0x8000b214 (0x0000bfe5) c.j     pc - 8
core   0: 3 0x8000b214 (0xbfe5)
core   0: 0x8000b20c (0x00005f17) auipc   t5, 0x5
core   0: 3 0x8000b20c (0x00005f17) x30 0x8001020c
core   0: 0x8000b210 (0xde3f2a23) sw      gp, -524(t5)
core   0: 3 0x8000b210 (0xde3f2a23) mem 0x80010000 0x00000001
core   0: 0x8000b214 (0x0000bfe5) c.j     pc - 8
core   0: 3 0x8000b214 (0xbfe5)
core   0: 0x8000b20c (0x00005f17) auipc   t5, 0x5
core   0: 3 0x8000b20c (0x00005f17) x30 0x8001020c
core   0: 0x8000b210 (0xde3f2a23) sw      gp, -524(t5)
core   0: 3 0x8000b210 (0xde3f2a23) mem 0x80010000 0x00000001
core   0: 0x8000b214 (0x0000bfe5) c.j     pc - 8
core   0: 3 0x8000b214 (0xbfe5)
core   0: 0x8000b20c (0x00005f17) auipc   t5, 0x5
core   0: 3 0x8000b20c (0x00005f17) x30 0x8001020c
core   0: 0x8000b210 (0xde3f2a23) sw      gp, -524(t5)
core   0: 3 0x8000b210 (0xde3f2a23) mem 0x80010000 0x00000001
core   0: 0x8000b214 (0x0000bfe5) c.j     pc - 8
core   0: 3 0x8000b214 (0xbfe5)
core   0: 0x8000b20c (0x00005f17) auipc   t5, 0x5
core   0: 3 0x8000b20c (0x00005f17) x30 0x8001020c
core   0: 0x8000b210 (0xde3f2a23) sw      gp, -524(t5)
core   0: 3 0x8000b210 (0xde3f2a23) mem 0x80010000 0x00000001
core   0: 0x8000b214 (0x0000bfe5) c.j     pc - 8
core   0: 3 0x8000b214 (0xbfe5)
core   0: 0x8000b20c (0x00005f17) auipc   t5, 0x5
core   0: 3 0x8000b20c (0x00005f17) x30 0x8001020c
core   0: 0x8000b210 (0xde3f2a23) sw      gp, -524(t5)
core   0: 3 0x8000b210 (0xde3f2a23) mem 0x80010000 0x00000001
core   0: 0x8000b214 (0x0000bfe5) c.j     pc - 8
core   0: 3 0x8000b214 (0xbfe5)
core   0: 0x8000b20c (0x00005f17) auipc   t5, 0x5
core   0: 3 0x8000b20c (0x00005f17) x30 0x8001020c
core   0: 0x8000b210 (0xde3f2a23) sw      gp, -524(t5)
core   0: 3 0x8000b210 (0xde3f2a23) mem 0x80010000 0x00000001
core   0: 0x8000b214 (0x0000bfe5) c.j     pc - 8
core   0: 3 0x8000b214 (0xbfe5)
core   0: 0x8000b20c (0x00005f17) auipc   t5, 0x5
core   0: 3 0x8000b20c (0x00005f17) x30 0x8001020c
core   0: 0x8000b210 (0xde3f2a23) sw      gp, -524(t5)
core   0: 3 0x8000b210 (0xde3f2a23) mem 0x80010000 0x00000001
core   0: 0x8000b214 (0x0000bfe5) c.j     pc - 8
core   0: 3 0x8000b214 (0xbfe5)
core   0: 0x8000b20c (0x00005f17) auipc   t5, 0x5
core   0: 3 0x8000b20c (0x00005f17) x30 0x8001020c
core   0: 0x8000b210 (0xde3f2a23) sw      gp, -524(t5)
core   0: 3 0x8000b210 (0xde3f2a23) mem 0x80010000 0x00000001
core   0: 0x8000b214 (0x0000bfe5) c.j     pc - 8
core   0: 3 0x8000b214 (0xbfe5)
core   0: 0x8000b20c (0x00005f17) auipc   t5, 0x5
core   0: 3 0x8000b20c (0x00005f17) x30 0x8001020c
core   0: 0x8000b210 (0xde3f2a23) sw      gp, -524(t5)
core   0: 3 0x8000b210 (0xde3f2a23) mem 0x80010000 0x00000001
core   0: 0x8000b214 (0x0000bfe5) c.j     pc - 8
core   0: 3 0x8000b214 (0xbfe5)
core   0: 0x8000b20c (0x00005f17) auipc   t5, 0x5
core   0: 3 0x8000b20c (0x00005f17) x30 0x8001020c
core   0: 0x8000b210 (0xde3f2a23) sw      gp, -524(t5)
core   0: 3 0x8000b210 (0xde3f2a23) mem 0x80010000 0x00000001
core   0: 0x8000b214 (0x0000bfe5) c.j     pc - 8
core   0: 3 0x8000b214 (0xbfe5)
core   0: 0x8000b20c (0x00005f17) auipc   t5, 0x5
core   0: 3 0x8000b20c (0x00005f17) x30 0x8001020c
core   0: 0x8000b210 (0xde3f2a23) sw      gp, -524(t5)
core   0: 3 0x8000b210 (0xde3f2a23) mem 0x80010000 0x00000001
core   0: 0x8000b214 (0x0000bfe5) c.j     pc - 8
core   0: 3 0x8000b214 (0xbfe5)
core   0: 0x8000b20c (0x00005f17) auipc   t5, 0x5
core   0: 3 0x8000b20c (0x00005f17) x30 0x8001020c
core   0: 0x8000b210 (0xde3f2a23) sw      gp, -524(t5)
core   0: 3 0x8000b210 (0xde3f2a23) mem 0x80010000 0x00000001
core   0: 0x8000b214 (0x0000bfe5) c.j     pc - 8
core   0: 3 0x8000b214 (0xbfe5)
core   0: 0x8000b20c (0x00005f17) auipc   t5, 0x5
core   0: 3 0x8000b20c (0x00005f17) x30 0x8001020c
core   0: 0x8000b210 (0xde3f2a23) sw      gp, -524(t5)
core   0: 3 0x8000b210 (0xde3f2a23) mem 0x80010000 0x00000001
core   0: 0x8000b214 (0x0000bfe5) c.j     pc - 8
core   0: 3 0x8000b214 (0xbfe5)
core   0: 0x8000b20c (0x00005f17) auipc   t5, 0x5
core   0: 3 0x8000b20c (0x00005f17) x30 0x8001020c
core   0: 0x8000b210 (0xde3f2a23) sw      gp, -524(t5)
core   0: 3 0x8000b210 (0xde3f2a23) mem 0x80010000 0x00000001
core   0: 0x8000b214 (0x0000bfe5) c.j     pc - 8
core   0: 3 0x8000b214 (0xbfe5)
core   0: 0x8000b20c (0x00005f17) auipc   t5, 0x5
core   0: 3 0x8000b20c (0x00005f17) x30 0x8001020c
core   0: 0x8000b210 (0xde3f2a23) sw      gp, -524(t5)
core   0: 3 0x8000b210 (0xde3f2a23) mem 0x80010000 0x00000001
core   0: 0x8000b214 (0x0000bfe5) c.j     pc - 8
core   0: 3 0x8000b214 (0xbfe5)
core   0: 0x8000b20c (0x00005f17) auipc   t5, 0x5
core   0: 3 0x8000b20c (0x00005f17) x30 0x8001020c
core   0: 0x8000b210 (0xde3f2a23) sw      gp, -524(t5)
core   0: 3 0x8000b210 (0xde3f2a23) mem 0x80010000 0x00000001
core   0: 0x8000b214 (0x0000bfe5) c.j     pc - 8
core   0: 3 0x8000b214 (0xbfe5)
core   0: 0x8000b20c (0x00005f17) auipc   t5, 0x5
core   0: 3 0x8000b20c (0x00005f17) x30 0x8001020c
core   0: 0x8000b210 (0xde3f2a23) sw      gp, -524(t5)
core   0: 3 0x8000b210 (0xde3f2a23) mem 0x80010000 0x00000001
core   0: 0x8000b214 (0x0000bfe5) c.j     pc - 8
core   0: 3 0x8000b214 (0xbfe5)
core   0: 0x8000b20c (0x00005f17) auipc   t5, 0x5
core   0: 3 0x8000b20c (0x00005f17) x30 0x8001020c
core   0: 0x8000b210 (0xde3f2a23) sw      gp, -524(t5)
core   0: 3 0x8000b210 (0xde3f2a23) mem 0x80010000 0x00000001
core   0: 0x8000b214 (0x0000bfe5) c.j     pc - 8
core   0: 3 0x8000b214 (0xbfe5)
core   0: 0x8000b20c (0x00005f17) auipc   t5, 0x5
core   0: 3 0x8000b20c (0x00005f17) x30 0x8001020c
core   0: 0x8000b210 (0xde3f2a23) sw      gp, -524(t5)
core   0: 3 0x8000b210 (0xde3f2a23) mem 0x80010000 0x00000001
core   0: 0x8000b214 (0x0000bfe5) c.j     pc - 8
core   0: 3 0x8000b214 (0xbfe5)
core   0: 0x8000b20c (0x00005f17) auipc   t5, 0x5
core   0: 3 0x8000b20c (0x00005f17) x30 0x8001020c
core   0: 0x8000b210 (0xde3f2a23) sw      gp, -524(t5)
core   0: 3 0x8000b210 (0xde3f2a23) mem 0x80010000 0x00000001
core   0: 0x8000b214 (0x0000bfe5) c.j     pc - 8
core   0: 3 0x8000b214 (0xbfe5)
core   0: 0x8000b20c (0x00005f17) auipc   t5, 0x5
core   0: 3 0x8000b20c (0x00005f17) x30 0x8001020c
core   0: 0x8000b210 (0xde3f2a23) sw      gp, -524(t5)
core   0: 3 0x8000b210 (0xde3f2a23) mem 0x80010000 0x00000001
core   0: 0x8000b214 (0x0000bfe5) c.j     pc - 8
core   0: 3 0x8000b214 (0xbfe5)
core   0: 0x8000b20c (0x00005f17) auipc   t5, 0x5
core   0: 3 0x8000b20c (0x00005f17) x30 0x8001020c
core   0: 0x8000b210 (0xde3f2a23) sw      gp, -524(t5)
core   0: 3 0x8000b210 (0xde3f2a23) mem 0x80010000 0x00000001
core   0: 0x8000b214 (0x0000bfe5) c.j     pc - 8
core   0: 3 0x8000b214 (0xbfe5)
core   0: 0x8000b20c (0x00005f17) auipc   t5, 0x5
core   0: 3 0x8000b20c (0x00005f17) x30 0x8001020c
core   0: 0x8000b210 (0xde3f2a23) sw      gp, -524(t5)
core   0: 3 0x8000b210 (0xde3f2a23) mem 0x80010000 0x00000001
core   0: 0x8000b214 (0x0000bfe5) c.j     pc - 8
core   0: 3 0x8000b214 (0xbfe5)
core   0: 0x8000b20c (0x00005f17) auipc   t5, 0x5
core   0: 3 0x8000b20c (0x00005f17) x30 0x8001020c
core   0: 0x8000b210 (0xde3f2a23) sw      gp, -524(t5)
core   0: 3 0x8000b210 (0xde3f2a23) mem 0x80010000 0x00000001
core   0: 0x8000b214 (0x0000bfe5) c.j     pc - 8
core   0: 3 0x8000b214 (0xbfe5)
core   0: 0x8000b20c (0x00005f17) auipc   t5, 0x5
core   0: 3 0x8000b20c (0x00005f17) x30 0x8001020c
core   0: 0x8000b210 (0xde3f2a23) sw      gp, -524(t5)
core   0: 3 0x8000b210 (0xde3f2a23) mem 0x80010000 0x00000001
core   0: 0x8000b214 (0x0000bfe5) c.j     pc - 8
core   0: 3 0x8000b214 (0xbfe5)
core   0: 0x8000b20c (0x00005f17) auipc   t5, 0x5
core   0: 3 0x8000b20c (0x00005f17) x30 0x8001020c
core   0: 0x8000b210 (0xde3f2a23) sw      gp, -524(t5)
core   0: 3 0x8000b210 (0xde3f2a23) mem 0x80010000 0x00000001
core   0: 0x8000b214 (0x0000bfe5) c.j     pc - 8
core   0: 3 0x8000b214 (0xbfe5)
core   0: 0x8000b20c (0x00005f17) auipc   t5, 0x5
core   0: 3 0x8000b20c (0x00005f17) x30 0x8001020c
core   0: 0x8000b210 (0xde3f2a23) sw      gp, -524(t5)
core   0: 3 0x8000b210 (0xde3f2a23) mem 0x80010000 0x00000001
core   0: 0x8000b214 (0x0000bfe5) c.j     pc - 8
core   0: 3 0x8000b214 (0xbfe5)
core   0: 0x8000b20c (0x00005f17) auipc   t5, 0x5
core   0: 3 0x8000b20c (0x00005f17) x30 0x8001020c
core   0: 0x8000b210 (0xde3f2a23) sw      gp, -524(t5)
core   0: 3 0x8000b210 (0xde3f2a23) mem 0x80010000 0x00000001
core   0: 0x8000b214 (0x0000bfe5) c.j     pc - 8
core   0: 3 0x8000b214 (0xbfe5)
core   0: 0x8000b20c (0x00005f17) auipc   t5, 0x5
core   0: 3 0x8000b20c (0x00005f17) x30 0x8001020c
core   0: 0x8000b210 (0xde3f2a23) sw      gp, -524(t5)
core   0: 3 0x8000b210 (0xde3f2a23) mem 0x80010000 0x00000001
core   0: 0x8000b214 (0x0000bfe5) c.j     pc - 8
core   0: 3 0x8000b214 (0xbfe5)
core   0: 0x8000b20c (0x00005f17) auipc   t5, 0x5
core   0: 3 0x8000b20c (0x00005f17) x30 0x8001020c
core   0: 0x8000b210 (0xde3f2a23) sw      gp, -524(t5)
core   0: 3 0x8000b210 (0xde3f2a23) mem 0x80010000 0x00000001
core   0: 0x8000b214 (0x0000bfe5) c.j     pc - 8
core   0: 3 0x8000b214 (0xbfe5)
core   0: 0x8000b20c (0x00005f17) auipc   t5, 0x5
core   0: 3 0x8000b20c (0x00005f17) x30 0x8001020c
core   0: 0x8000b210 (0xde3f2a23) sw      gp, -524(t5)
core   0: 3 0x8000b210 (0xde3f2a23) mem 0x80010000 0x00000001
core   0: 0x8000b214 (0x0000bfe5) c.j     pc - 8
core   0: 3 0x8000b214 (0xbfe5)
core   0: 0x8000b20c (0x00005f17) auipc   t5, 0x5
core   0: 3 0x8000b20c (0x00005f17) x30 0x8001020c
core   0: 0x8000b210 (0xde3f2a23) sw      gp, -524(t5)
core   0: 3 0x8000b210 (0xde3f2a23) mem 0x80010000 0x00000001
core   0: 0x8000b214 (0x0000bfe5) c.j     pc - 8
core   0: 3 0x8000b214 (0xbfe5)
core   0: 0x8000b20c (0x00005f17) auipc   t5, 0x5
core   0: 3 0x8000b20c (0x00005f17) x30 0x8001020c
core   0: 0x8000b210 (0xde3f2a23) sw      gp, -524(t5)
core   0: 3 0x8000b210 (0xde3f2a23) mem 0x80010000 0x00000001
core   0: 0x8000b214 (0x0000bfe5) c.j     pc - 8
core   0: 3 0x8000b214 (0xbfe5)
core   0: 0x8000b20c (0x00005f17) auipc   t5, 0x5
core   0: 3 0x8000b20c (0x00005f17) x30 0x8001020c
core   0: 0x8000b210 (0xde3f2a23) sw      gp, -524(t5)
core   0: 3 0x8000b210 (0xde3f2a23) mem 0x80010000 0x00000001
core   0: 0x8000b214 (0x0000bfe5) c.j     pc - 8
core   0: 3 0x8000b214 (0xbfe5)
core   0: 0x8000b20c (0x00005f17) auipc   t5, 0x5
core   0: 3 0x8000b20c (0x00005f17) x30 0x8001020c
core   0: 0x8000b210 (0xde3f2a23) sw      gp, -524(t5)
core   0: 3 0x8000b210 (0xde3f2a23) mem 0x80010000 0x00000001
core   0: 0x8000b214 (0x0000bfe5) c.j     pc - 8
core   0: 3 0x8000b214 (0xbfe5)
core   0: 0x8000b20c (0x00005f17) auipc   t5, 0x5
core   0: 3 0x8000b20c (0x00005f17) x30 0x8001020c
core   0: 0x8000b210 (0xde3f2a23) sw      gp, -524(t5)
core   0: 3 0x8000b210 (0xde3f2a23) mem 0x80010000 0x00000001
core   0: 0x8000b214 (0x0000bfe5) c.j     pc - 8
core   0: 3 0x8000b214 (0xbfe5)
core   0: 0x8000b20c (0x00005f17) auipc   t5, 0x5
core   0: 3 0x8000b20c (0x00005f17) x30 0x8001020c
core   0: 0x8000b210 (0xde3f2a23) sw      gp, -524(t5)
core   0: 3 0x8000b210 (0xde3f2a23) mem 0x80010000 0x00000001
core   0: 0x8000b214 (0x0000bfe5) c.j     pc - 8
core   0: 3 0x8000b214 (0xbfe5)
core   0: 0x8000b20c (0x00005f17) auipc   t5, 0x5
core   0: 3 0x8000b20c (0x00005f17) x30 0x8001020c
core   0: 0x8000b210 (0xde3f2a23) sw      gp, -524(t5)
core   0: 3 0x8000b210 (0xde3f2a23) mem 0x80010000 0x00000001
core   0: 0x8000b214 (0x0000bfe5) c.j     pc - 8
core   0: 3 0x8000b214 (0xbfe5)
core   0: 0x8000b20c (0x00005f17) auipc   t5, 0x5
core   0: 3 0x8000b20c (0x00005f17) x30 0x8001020c
core   0: 0x8000b210 (0xde3f2a23) sw      gp, -524(t5)
core   0: 3 0x8000b210 (0xde3f2a23) mem 0x80010000 0x00000001
core   0: 0x8000b214 (0x0000bfe5) c.j     pc - 8
core   0: 3 0x8000b214 (0xbfe5)
core   0: 0x8000b20c (0x00005f17) auipc   t5, 0x5
core   0: 3 0x8000b20c (0x00005f17) x30 0x8001020c
core   0: 0x8000b210 (0xde3f2a23) sw      gp, -524(t5)
core   0: 3 0x8000b210 (0xde3f2a23) mem 0x80010000 0x00000001
core   0: 0x8000b214 (0x0000bfe5) c.j     pc - 8
core   0: 3 0x8000b214 (0xbfe5)
core   0: 0x8000b20c (0x00005f17) auipc   t5, 0x5
core   0: 3 0x8000b20c (0x00005f17) x30 0x8001020c
core   0: 0x8000b210 (0xde3f2a23) sw      gp, -524(t5)
core   0: 3 0x8000b210 (0xde3f2a23) mem 0x80010000 0x00000001
core   0: 0x8000b214 (0x0000bfe5) c.j     pc - 8
core   0: 3 0x8000b214 (0xbfe5)
core   0: 0x8000b20c (0x00005f17) auipc   t5, 0x5
core   0: 3 0x8000b20c (0x00005f17) x30 0x8001020c
core   0: 0x8000b210 (0xde3f2a23) sw      gp, -524(t5)
core   0: 3 0x8000b210 (0xde3f2a23) mem 0x80010000 0x00000001
core   0: 0x8000b214 (0x0000bfe5) c.j     pc - 8
core   0: 3 0x8000b214 (0xbfe5)
core   0: 0x8000b20c (0x00005f17) auipc   t5, 0x5
core   0: 3 0x8000b20c (0x00005f17) x30 0x8001020c
core   0: 0x8000b210 (0xde3f2a23) sw      gp, -524(t5)
core   0: 3 0x8000b210 (0xde3f2a23) mem 0x80010000 0x00000001
core   0: 0x8000b214 (0x0000bfe5) c.j     pc - 8
core   0: 3 0x8000b214 (0xbfe5)
core   0: 0x8000b20c (0x00005f17) auipc   t5, 0x5
core   0: 3 0x8000b20c (0x00005f17) x30 0x8001020c
core   0: 0x8000b210 (0xde3f2a23) sw      gp, -524(t5)
core   0: 3 0x8000b210 (0xde3f2a23) mem 0x80010000 0x00000001
core   0: 0x8000b214 (0x0000bfe5) c.j     pc - 8
core   0: 3 0x8000b214 (0xbfe5)
core   0: 0x8000b20c (0x00005f17) auipc   t5, 0x5
core   0: 3 0x8000b20c (0x00005f17) x30 0x8001020c
core   0: 0x8000b210 (0xde3f2a23) sw      gp, -524(t5)
core   0: 3 0x8000b210 (0xde3f2a23) mem 0x80010000 0x00000001
core   0: 0x8000b214 (0x0000bfe5) c.j     pc - 8
core   0: 3 0x8000b214 (0xbfe5)
core   0: 0x8000b20c (0x00005f17) auipc   t5, 0x5
core   0: 3 0x8000b20c (0x00005f17) x30 0x8001020c
core   0: 0x8000b210 (0xde3f2a23) sw      gp, -524(t5)
core   0: 3 0x8000b210 (0xde3f2a23) mem 0x80010000 0x00000001
core   0: 0x8000b214 (0x0000bfe5) c.j     pc - 8
core   0: 3 0x8000b214 (0xbfe5)
core   0: 0x8000b20c (0x00005f17) auipc   t5, 0x5
core   0: 3 0x8000b20c (0x00005f17) x30 0x8001020c
core   0: 0x8000b210 (0xde3f2a23) sw      gp, -524(t5)
core   0: 3 0x8000b210 (0xde3f2a23) mem 0x80010000 0x00000001
core   0: 0x8000b214 (0x0000bfe5) c.j     pc - 8
core   0: 3 0x8000b214 (0xbfe5)
core   0: 0x8000b20c (0x00005f17) auipc   t5, 0x5
core   0: 3 0x8000b20c (0x00005f17) x30 0x8001020c
core   0: 0x8000b210 (0xde3f2a23) sw      gp, -524(t5)
core   0: 3 0x8000b210 (0xde3f2a23) mem 0x80010000 0x00000001
core   0: 0x8000b214 (0x0000bfe5) c.j     pc - 8
core   0: 3 0x8000b214 (0xbfe5)
core   0: 0x8000b20c (0x00005f17) auipc   t5, 0x5
core   0: 3 0x8000b20c (0x00005f17) x30 0x8001020c
core   0: 0x8000b210 (0xde3f2a23) sw      gp, -524(t5)
core   0: 3 0x8000b210 (0xde3f2a23) mem 0x80010000 0x00000001
core   0: 0x8000b214 (0x0000bfe5) c.j     pc - 8
core   0: 3 0x8000b214 (0xbfe5)
core   0: 0x8000b20c (0x00005f17) auipc   t5, 0x5
core   0: 3 0x8000b20c (0x00005f17) x30 0x8001020c
core   0: 0x8000b210 (0xde3f2a23) sw      gp, -524(t5)
core   0: 3 0x8000b210 (0xde3f2a23) mem 0x80010000 0x00000001
core   0: 0x8000b214 (0x0000bfe5) c.j     pc - 8
core   0: 3 0x8000b214 (0xbfe5)
core   0: 0x8000b20c (0x00005f17) auipc   t5, 0x5
core   0: 3 0x8000b20c (0x00005f17) x30 0x8001020c
core   0: 0x8000b210 (0xde3f2a23) sw      gp, -524(t5)
core   0: 3 0x8000b210 (0xde3f2a23) mem 0x80010000 0x00000001
core   0: 0x8000b214 (0x0000bfe5) c.j     pc - 8
core   0: 3 0x8000b214 (0xbfe5)
core   0: 0x8000b20c (0x00005f17) auipc   t5, 0x5
core   0: 3 0x8000b20c (0x00005f17) x30 0x8001020c
core   0: 0x8000b210 (0xde3f2a23) sw      gp, -524(t5)
core   0: 3 0x8000b210 (0xde3f2a23) mem 0x80010000 0x00000001
core   0: 0x8000b214 (0x0000bfe5) c.j     pc - 8
core   0: 3 0x8000b214 (0xbfe5)
core   0: 0x8000b20c (0x00005f17) auipc   t5, 0x5
core   0: 3 0x8000b20c (0x00005f17) x30 0x8001020c
core   0: 0x8000b210 (0xde3f2a23) sw      gp, -524(t5)
core   0: 3 0x8000b210 (0xde3f2a23) mem 0x80010000 0x00000001
core   0: 0x8000b214 (0x0000bfe5) c.j     pc - 8
core   0: 3 0x8000b214 (0xbfe5)
core   0: 0x8000b20c (0x00005f17) auipc   t5, 0x5
core   0: 3 0x8000b20c (0x00005f17) x30 0x8001020c
core   0: 0x8000b210 (0xde3f2a23) sw      gp, -524(t5)
core   0: 3 0x8000b210 (0xde3f2a23) mem 0x80010000 0x00000001
core   0: 0x8000b214 (0x0000bfe5) c.j     pc - 8
core   0: 3 0x8000b214 (0xbfe5)
core   0: 0x8000b20c (0x00005f17) auipc   t5, 0x5
core   0: 3 0x8000b20c (0x00005f17) x30 0x8001020c
core   0: 0x8000b210 (0xde3f2a23) sw      gp, -524(t5)
core   0: 3 0x8000b210 (0xde3f2a23) mem 0x80010000 0x00000001
core   0: 0x8000b214 (0x0000bfe5) c.j     pc - 8
core   0: 3 0x8000b214 (0xbfe5)
core   0: 0x8000b20c (0x00005f17) auipc   t5, 0x5
core   0: 3 0x8000b20c (0x00005f17) x30 0x8001020c
core   0: 0x8000b210 (0xde3f2a23) sw      gp, -524(t5)
core   0: 3 0x8000b210 (0xde3f2a23) mem 0x80010000 0x00000001
core   0: 0x8000b214 (0x0000bfe5) c.j     pc - 8
core   0: 3 0x8000b214 (0xbfe5)
core   0: 0x8000b20c (0x00005f17) auipc   t5, 0x5
core   0: 3 0x8000b20c (0x00005f17) x30 0x8001020c
core   0: 0x8000b210 (0xde3f2a23) sw      gp, -524(t5)
core   0: 3 0x8000b210 (0xde3f2a23) mem 0x80010000 0x00000001
core   0: 0x8000b214 (0x0000bfe5) c.j     pc - 8
core   0: 3 0x8000b214 (0xbfe5)
core   0: 0x8000b20c (0x00005f17) auipc   t5, 0x5
core   0: 3 0x8000b20c (0x00005f17) x30 0x8001020c
core   0: 0x8000b210 (0xde3f2a23) sw      gp, -524(t5)
core   0: 3 0x8000b210 (0xde3f2a23) mem 0x80010000 0x00000001
core   0: 0x8000b214 (0x0000bfe5) c.j     pc - 8
core   0: 3 0x8000b214 (0xbfe5)
core   0: 0x8000b20c (0x00005f17) auipc   t5, 0x5
core   0: 3 0x8000b20c (0x00005f17) x30 0x8001020c
core   0: 0x8000b210 (0xde3f2a23) sw      gp, -524(t5)
core   0: 3 0x8000b210 (0xde3f2a23) mem 0x80010000 0x00000001
core   0: 0x8000b214 (0x0000bfe5) c.j     pc - 8
core   0: 3 0x8000b214 (0xbfe5)
core   0: 0x8000b20c (0x00005f17) auipc   t5, 0x5
core   0: 3 0x8000b20c (0x00005f17) x30 0x8001020c
core   0: 0x8000b210 (0xde3f2a23) sw      gp, -524(t5)
core   0: 3 0x8000b210 (0xde3f2a23) mem 0x80010000 0x00000001
core   0: 0x8000b214 (0x0000bfe5) c.j     pc - 8
core   0: 3 0x8000b214 (0xbfe5)
core   0: 0x8000b20c (0x00005f17) auipc   t5, 0x5
core   0: 3 0x8000b20c (0x00005f17) x30 0x8001020c
core   0: 0x8000b210 (0xde3f2a23) sw      gp, -524(t5)
core   0: 3 0x8000b210 (0xde3f2a23) mem 0x80010000 0x00000001
core   0: 0x8000b214 (0x0000bfe5) c.j     pc - 8
core   0: 3 0x8000b214 (0xbfe5)
core   0: 0x8000b20c (0x00005f17) auipc   t5, 0x5
core   0: 3 0x8000b20c (0x00005f17) x30 0x8001020c
core   0: 0x8000b210 (0xde3f2a23) sw      gp, -524(t5)
core   0: 3 0x8000b210 (0xde3f2a23) mem 0x80010000 0x00000001
core   0: 0x8000b214 (0x0000bfe5) c.j     pc - 8
core   0: 3 0x8000b214 (0xbfe5)
core   0: 0x8000b20c (0x00005f17) auipc   t5, 0x5
core   0: 3 0x8000b20c (0x00005f17) x30 0x8001020c
core   0: 0x8000b210 (0xde3f2a23) sw      gp, -524(t5)
core   0: 3 0x8000b210 (0xde3f2a23) mem 0x80010000 0x00000001
core   0: 0x8000b214 (0x0000bfe5) c.j     pc - 8
core   0: 3 0x8000b214 (0xbfe5)
core   0: 0x8000b20c (0x00005f17) auipc   t5, 0x5
core   0: 3 0x8000b20c (0x00005f17) x30 0x8001020c
core   0: 0x8000b210 (0xde3f2a23) sw      gp, -524(t5)
core   0: 3 0x8000b210 (0xde3f2a23) mem 0x80010000 0x00000001
core   0: 0x8000b214 (0x0000bfe5) c.j     pc - 8
core   0: 3 0x8000b214 (0xbfe5)
core   0: 0x8000b20c (0x00005f17) auipc   t5, 0x5
core   0: 3 0x8000b20c (0x00005f17) x30 0x8001020c
core   0: 0x8000b210 (0xde3f2a23) sw      gp, -524(t5)
core   0: 3 0x8000b210 (0xde3f2a23) mem 0x80010000 0x00000001
core   0: 0x8000b214 (0x0000bfe5) c.j     pc - 8
core   0: 3 0x8000b214 (0xbfe5)
core   0: 0x8000b20c (0x00005f17) auipc   t5, 0x5
core   0: 3 0x8000b20c (0x00005f17) x30 0x8001020c
core   0: 0x8000b210 (0xde3f2a23) sw      gp, -524(t5)
core   0: 3 0x8000b210 (0xde3f2a23) mem 0x80010000 0x00000001
core   0: 0x8000b214 (0x0000bfe5) c.j     pc - 8
core   0: 3 0x8000b214 (0xbfe5)
core   0: 0x8000b20c (0x00005f17) auipc   t5, 0x5
core   0: 3 0x8000b20c (0x00005f17) x30 0x8001020c
core   0: 0x8000b210 (0xde3f2a23) sw      gp, -524(t5)
core   0: 3 0x8000b210 (0xde3f2a23) mem 0x80010000 0x00000001
core   0: 0x8000b214 (0x0000bfe5) c.j     pc - 8
core   0: 3 0x8000b214 (0xbfe5)
core   0: 0x8000b20c (0x00005f17) auipc   t5, 0x5
core   0: 3 0x8000b20c (0x00005f17) x30 0x8001020c
core   0: 0x8000b210 (0xde3f2a23) sw      gp, -524(t5)
core   0: 3 0x8000b210 (0xde3f2a23) mem 0x80010000 0x00000001
core   0: 0x8000b214 (0x0000bfe5) c.j     pc - 8
core   0: 3 0x8000b214 (0xbfe5)
core   0: 0x8000b20c (0x00005f17) auipc   t5, 0x5
core   0: 3 0x8000b20c (0x00005f17) x30 0x8001020c
core   0: 0x8000b210 (0xde3f2a23) sw      gp, -524(t5)
core   0: 3 0x8000b210 (0xde3f2a23) mem 0x80010000 0x00000001
core   0: 0x8000b214 (0x0000bfe5) c.j     pc - 8
core   0: 3 0x8000b214 (0xbfe5)
core   0: 0x8000b20c (0x00005f17) auipc   t5, 0x5
core   0: 3 0x8000b20c (0x00005f17) x30 0x8001020c
core   0: 0x8000b210 (0xde3f2a23) sw      gp, -524(t5)
core   0: 3 0x8000b210 (0xde3f2a23) mem 0x80010000 0x00000001
core   0: 0x8000b214 (0x0000bfe5) c.j     pc - 8
core   0: 3 0x8000b214 (0xbfe5)
core   0: 0x8000b20c (0x00005f17) auipc   t5, 0x5
core   0: 3 0x8000b20c (0x00005f17) x30 0x8001020c
core   0: 0x8000b210 (0xde3f2a23) sw      gp, -524(t5)
core   0: 3 0x8000b210 (0xde3f2a23) mem 0x80010000 0x00000001
core   0: 0x8000b214 (0x0000bfe5) c.j     pc - 8
core   0: 3 0x8000b214 (0xbfe5)
core   0: 0x8000b20c (0x00005f17) auipc   t5, 0x5
core   0: 3 0x8000b20c (0x00005f17) x30 0x8001020c
core   0: 0x8000b210 (0xde3f2a23) sw      gp, -524(t5)
core   0: 3 0x8000b210 (0xde3f2a23) mem 0x80010000 0x00000001
core   0: 0x8000b214 (0x0000bfe5) c.j     pc - 8
core   0: 3 0x8000b214 (0xbfe5)
core   0: 0x8000b20c (0x00005f17) auipc   t5, 0x5
core   0: 3 0x8000b20c (0x00005f17) x30 0x8001020c
core   0: 0x8000b210 (0xde3f2a23) sw      gp, -524(t5)
core   0: 3 0x8000b210 (0xde3f2a23) mem 0x80010000 0x00000001
core   0: 0x8000b214 (0x0000bfe5) c.j     pc - 8
core   0: 3 0x8000b214 (0xbfe5)
core   0: 0x8000b20c (0x00005f17) auipc   t5, 0x5
core   0: 3 0x8000b20c (0x00005f17) x30 0x8001020c
core   0: 0x8000b210 (0xde3f2a23) sw      gp, -524(t5)
core   0: 3 0x8000b210 (0xde3f2a23) mem 0x80010000 0x00000001
core   0: 0x8000b214 (0x0000bfe5) c.j     pc - 8
core   0: 3 0x8000b214 (0xbfe5)
core   0: 0x8000b20c (0x00005f17) auipc   t5, 0x5
core   0: 3 0x8000b20c (0x00005f17) x30 0x8001020c
core   0: 0x8000b210 (0xde3f2a23) sw      gp, -524(t5)
core   0: 3 0x8000b210 (0xde3f2a23) mem 0x80010000 0x00000001
core   0: 0x8000b214 (0x0000bfe5) c.j     pc - 8
core   0: 3 0x8000b214 (0xbfe5)
core   0: 0x8000b20c (0x00005f17) auipc   t5, 0x5
core   0: 3 0x8000b20c (0x00005f17) x30 0x8001020c
core   0: 0x8000b210 (0xde3f2a23) sw      gp, -524(t5)
core   0: 3 0x8000b210 (0xde3f2a23) mem 0x80010000 0x00000001
core   0: 0x8000b214 (0x0000bfe5) c.j     pc - 8
core   0: 3 0x8000b214 (0xbfe5)
core   0: 0x8000b20c (0x00005f17) auipc   t5, 0x5
core   0: 3 0x8000b20c (0x00005f17) x30 0x8001020c
core   0: 0x8000b210 (0xde3f2a23) sw      gp, -524(t5)
core   0: 3 0x8000b210 (0xde3f2a23) mem 0x80010000 0x00000001
core   0: 0x8000b214 (0x0000bfe5) c.j     pc - 8
core   0: 3 0x8000b214 (0xbfe5)
core   0: 0x8000b20c (0x00005f17) auipc   t5, 0x5
core   0: 3 0x8000b20c (0x00005f17) x30 0x8001020c
core   0: 0x8000b210 (0xde3f2a23) sw      gp, -524(t5)
core   0: 3 0x8000b210 (0xde3f2a23) mem 0x80010000 0x00000001
core   0: 0x8000b214 (0x0000bfe5) c.j     pc - 8
core   0: 3 0x8000b214 (0xbfe5)
core   0: 0x8000b20c (0x00005f17) auipc   t5, 0x5
core   0: 3 0x8000b20c (0x00005f17) x30 0x8001020c
core   0: 0x8000b210 (0xde3f2a23) sw      gp, -524(t5)
core   0: 3 0x8000b210 (0xde3f2a23) mem 0x80010000 0x00000001
core   0: 0x8000b214 (0x0000bfe5) c.j     pc - 8
core   0: 3 0x8000b214 (0xbfe5)
core   0: 0x8000b20c (0x00005f17) auipc   t5, 0x5
core   0: 3 0x8000b20c (0x00005f17) x30 0x8001020c
core   0: 0x8000b210 (0xde3f2a23) sw      gp, -524(t5)
core   0: 3 0x8000b210 (0xde3f2a23) mem 0x80010000 0x00000001
core   0: 0x8000b214 (0x0000bfe5) c.j     pc - 8
core   0: 3 0x8000b214 (0xbfe5)
core   0: 0x8000b20c (0x00005f17) auipc   t5, 0x5
core   0: 3 0x8000b20c (0x00005f17) x30 0x8001020c
core   0: 0x8000b210 (0xde3f2a23) sw      gp, -524(t5)
core   0: 3 0x8000b210 (0xde3f2a23) mem 0x80010000 0x00000001
core   0: 0x8000b214 (0x0000bfe5) c.j     pc - 8
core   0: 3 0x8000b214 (0xbfe5)
core   0: 0x8000b20c (0x00005f17) auipc   t5, 0x5
core   0: 3 0x8000b20c (0x00005f17) x30 0x8001020c
core   0: 0x8000b210 (0xde3f2a23) sw      gp, -524(t5)
core   0: 3 0x8000b210 (0xde3f2a23) mem 0x80010000 0x00000001
core   0: 0x8000b214 (0x0000bfe5) c.j     pc - 8
core   0: 3 0x8000b214 (0xbfe5)
core   0: 0x8000b20c (0x00005f17) auipc   t5, 0x5
core   0: 3 0x8000b20c (0x00005f17) x30 0x8001020c
core   0: 0x8000b210 (0xde3f2a23) sw      gp, -524(t5)
core   0: 3 0x8000b210 (0xde3f2a23) mem 0x80010000 0x00000001
core   0: 0x8000b214 (0x0000bfe5) c.j     pc - 8
core   0: 3 0x8000b214 (0xbfe5)
core   0: 0x8000b20c (0x00005f17) auipc   t5, 0x5
core   0: 3 0x8000b20c (0x00005f17) x30 0x8001020c
core   0: 0x8000b210 (0xde3f2a23) sw      gp, -524(t5)
core   0: 3 0x8000b210 (0xde3f2a23) mem 0x80010000 0x00000001
core   0: 0x8000b214 (0x0000bfe5) c.j     pc - 8
core   0: 3 0x8000b214 (0xbfe5)
core   0: 0x8000b20c (0x00005f17) auipc   t5, 0x5
core   0: 3 0x8000b20c (0x00005f17) x30 0x8001020c
core   0: 0x8000b210 (0xde3f2a23) sw      gp, -524(t5)
core   0: 3 0x8000b210 (0xde3f2a23) mem 0x80010000 0x00000001
core   0: 0x8000b214 (0x0000bfe5) c.j     pc - 8
core   0: 3 0x8000b214 (0xbfe5)
core   0: 0x8000b20c (0x00005f17) auipc   t5, 0x5
core   0: 3 0x8000b20c (0x00005f17) x30 0x8001020c
core   0: 0x8000b210 (0xde3f2a23) sw      gp, -524(t5)
core   0: 3 0x8000b210 (0xde3f2a23) mem 0x80010000 0x00000001
core   0: 0x8000b214 (0x0000bfe5) c.j     pc - 8
core   0: 3 0x8000b214 (0xbfe5)
core   0: 0x8000b20c (0x00005f17) auipc   t5, 0x5
core   0: 3 0x8000b20c (0x00005f17) x30 0x8001020c
core   0: 0x8000b210 (0xde3f2a23) sw      gp, -524(t5)
core   0: 3 0x8000b210 (0xde3f2a23) mem 0x80010000 0x00000001
core   0: 0x8000b214 (0x0000bfe5) c.j     pc - 8
core   0: 3 0x8000b214 (0xbfe5)
core   0: 0x8000b20c (0x00005f17) auipc   t5, 0x5
core   0: 3 0x8000b20c (0x00005f17) x30 0x8001020c
core   0: 0x8000b210 (0xde3f2a23) sw      gp, -524(t5)
core   0: 3 0x8000b210 (0xde3f2a23) mem 0x80010000 0x00000001
core   0: 0x8000b214 (0x0000bfe5) c.j     pc - 8
core   0: 3 0x8000b214 (0xbfe5)
core   0: 0x8000b20c (0x00005f17) auipc   t5, 0x5
core   0: 3 0x8000b20c (0x00005f17) x30 0x8001020c
core   0: 0x8000b210 (0xde3f2a23) sw      gp, -524(t5)
core   0: 3 0x8000b210 (0xde3f2a23) mem 0x80010000 0x00000001
core   0: 0x8000b214 (0x0000bfe5) c.j     pc - 8
core   0: 3 0x8000b214 (0xbfe5)
core   0: 0x8000b20c (0x00005f17) auipc   t5, 0x5
core   0: 3 0x8000b20c (0x00005f17) x30 0x8001020c
core   0: 0x8000b210 (0xde3f2a23) sw      gp, -524(t5)
core   0: 3 0x8000b210 (0xde3f2a23) mem 0x80010000 0x00000001
core   0: 0x8000b214 (0x0000bfe5) c.j     pc - 8
core   0: 3 0x8000b214 (0xbfe5)
core   0: 0x8000b20c (0x00005f17) auipc   t5, 0x5
core   0: 3 0x8000b20c (0x00005f17) x30 0x8001020c
core   0: 0x8000b210 (0xde3f2a23) sw      gp, -524(t5)
core   0: 3 0x8000b210 (0xde3f2a23) mem 0x80010000 0x00000001
core   0: 0x8000b214 (0x0000bfe5) c.j     pc - 8
core   0: 3 0x8000b214 (0xbfe5)
core   0: 0x8000b20c (0x00005f17) auipc   t5, 0x5
core   0: 3 0x8000b20c (0x00005f17) x30 0x8001020c
core   0: 0x8000b210 (0xde3f2a23) sw      gp, -524(t5)
core   0: 3 0x8000b210 (0xde3f2a23) mem 0x80010000 0x00000001
core   0: 0x8000b214 (0x0000bfe5) c.j     pc - 8
core   0: 3 0x8000b214 (0xbfe5)
core   0: 0x8000b20c (0x00005f17) auipc   t5, 0x5
core   0: 3 0x8000b20c (0x00005f17) x30 0x8001020c
core   0: 0x8000b210 (0xde3f2a23) sw      gp, -524(t5)
core   0: 3 0x8000b210 (0xde3f2a23) mem 0x80010000 0x00000001
core   0: 0x8000b214 (0x0000bfe5) c.j     pc - 8
core   0: 3 0x8000b214 (0xbfe5)
core   0: 0x8000b20c (0x00005f17) auipc   t5, 0x5
core   0: 3 0x8000b20c (0x00005f17) x30 0x8001020c
core   0: 0x8000b210 (0xde3f2a23) sw      gp, -524(t5)
core   0: 3 0x8000b210 (0xde3f2a23) mem 0x80010000 0x00000001
core   0: 0x8000b214 (0x0000bfe5) c.j     pc - 8
core   0: 3 0x8000b214 (0xbfe5)
core   0: 0x8000b20c (0x00005f17) auipc   t5, 0x5
core   0: 3 0x8000b20c (0x00005f17) x30 0x8001020c
core   0: 0x8000b210 (0xde3f2a23) sw      gp, -524(t5)
core   0: 3 0x8000b210 (0xde3f2a23) mem 0x80010000 0x00000001
core   0: 0x8000b214 (0x0000bfe5) c.j     pc - 8
core   0: 3 0x8000b214 (0xbfe5)
core   0: 0x8000b20c (0x00005f17) auipc   t5, 0x5
core   0: 3 0x8000b20c (0x00005f17) x30 0x8001020c
core   0: 0x8000b210 (0xde3f2a23) sw      gp, -524(t5)
core   0: 3 0x8000b210 (0xde3f2a23) mem 0x80010000 0x00000001
core   0: 0x8000b214 (0x0000bfe5) c.j     pc - 8
core   0: 3 0x8000b214 (0xbfe5)
core   0: 0x8000b20c (0x00005f17) auipc   t5, 0x5
core   0: 3 0x8000b20c (0x00005f17) x30 0x8001020c
core   0: 0x8000b210 (0xde3f2a23) sw      gp, -524(t5)
core   0: 3 0x8000b210 (0xde3f2a23) mem 0x80010000 0x00000001
core   0: 0x8000b214 (0x0000bfe5) c.j     pc - 8
core   0: 3 0x8000b214 (0xbfe5)
core   0: 0x8000b20c (0x00005f17) auipc   t5, 0x5
core   0: 3 0x8000b20c (0x00005f17) x30 0x8001020c
core   0: 0x8000b210 (0xde3f2a23) sw      gp, -524(t5)
core   0: 3 0x8000b210 (0xde3f2a23) mem 0x80010000 0x00000001
core   0: 0x8000b214 (0x0000bfe5) c.j     pc - 8
core   0: 3 0x8000b214 (0xbfe5)
core   0: 0x8000b20c (0x00005f17) auipc   t5, 0x5
core   0: 3 0x8000b20c (0x00005f17) x30 0x8001020c
core   0: 0x8000b210 (0xde3f2a23) sw      gp, -524(t5)
core   0: 3 0x8000b210 (0xde3f2a23) mem 0x80010000 0x00000001
core   0: 0x8000b214 (0x0000bfe5) c.j     pc - 8
core   0: 3 0x8000b214 (0xbfe5)
core   0: 0x8000b20c (0x00005f17) auipc   t5, 0x5
core   0: 3 0x8000b20c (0x00005f17) x30 0x8001020c
core   0: 0x8000b210 (0xde3f2a23) sw      gp, -524(t5)
core   0: 3 0x8000b210 (0xde3f2a23) mem 0x80010000 0x00000001
core   0: 0x8000b214 (0x0000bfe5) c.j     pc - 8
core   0: 3 0x8000b214 (0xbfe5)
core   0: 0x8000b20c (0x00005f17) auipc   t5, 0x5
core   0: 3 0x8000b20c (0x00005f17) x30 0x8001020c
core   0: 0x8000b210 (0xde3f2a23) sw      gp, -524(t5)
core   0: 3 0x8000b210 (0xde3f2a23) mem 0x80010000 0x00000001
core   0: 0x8000b214 (0x0000bfe5) c.j     pc - 8
core   0: 3 0x8000b214 (0xbfe5)
core   0: 0x8000b20c (0x00005f17) auipc   t5, 0x5
core   0: 3 0x8000b20c (0x00005f17) x30 0x8001020c
core   0: 0x8000b210 (0xde3f2a23) sw      gp, -524(t5)
core   0: 3 0x8000b210 (0xde3f2a23) mem 0x80010000 0x00000001
core   0: 0x8000b214 (0x0000bfe5) c.j     pc - 8
core   0: 3 0x8000b214 (0xbfe5)
core   0: 0x8000b20c (0x00005f17) auipc   t5, 0x5
core   0: 3 0x8000b20c (0x00005f17) x30 0x8001020c
core   0: 0x8000b210 (0xde3f2a23) sw      gp, -524(t5)
core   0: 3 0x8000b210 (0xde3f2a23) mem 0x80010000 0x00000001
core   0: 0x8000b214 (0x0000bfe5) c.j     pc - 8
core   0: 3 0x8000b214 (0xbfe5)
core   0: 0x8000b20c (0x00005f17) auipc   t5, 0x5
core   0: 3 0x8000b20c (0x00005f17) x30 0x8001020c
core   0: 0x8000b210 (0xde3f2a23) sw      gp, -524(t5)
core   0: 3 0x8000b210 (0xde3f2a23) mem 0x80010000 0x00000001
core   0: 0x8000b214 (0x0000bfe5) c.j     pc - 8
core   0: 3 0x8000b214 (0xbfe5)
core   0: 0x8000b20c (0x00005f17) auipc   t5, 0x5
core   0: 3 0x8000b20c (0x00005f17) x30 0x8001020c
core   0: 0x8000b210 (0xde3f2a23) sw      gp, -524(t5)
core   0: 3 0x8000b210 (0xde3f2a23) mem 0x80010000 0x00000001
core   0: 0x8000b214 (0x0000bfe5) c.j     pc - 8
core   0: 3 0x8000b214 (0xbfe5)
core   0: 0x8000b20c (0x00005f17) auipc   t5, 0x5
core   0: 3 0x8000b20c (0x00005f17) x30 0x8001020c
core   0: 0x8000b210 (0xde3f2a23) sw      gp, -524(t5)
core   0: 3 0x8000b210 (0xde3f2a23) mem 0x80010000 0x00000001
core   0: 0x8000b214 (0x0000bfe5) c.j     pc - 8
core   0: 3 0x8000b214 (0xbfe5)
core   0: 0x8000b20c (0x00005f17) auipc   t5, 0x5
core   0: 3 0x8000b20c (0x00005f17) x30 0x8001020c
core   0: 0x8000b210 (0xde3f2a23) sw      gp, -524(t5)
core   0: 3 0x8000b210 (0xde3f2a23) mem 0x80010000 0x00000001
core   0: 0x8000b214 (0x0000bfe5) c.j     pc - 8
core   0: 3 0x8000b214 (0xbfe5)
core   0: 0x8000b20c (0x00005f17) auipc   t5, 0x5
core   0: 3 0x8000b20c (0x00005f17) x30 0x8001020c
core   0: 0x8000b210 (0xde3f2a23) sw      gp, -524(t5)
core   0: 3 0x8000b210 (0xde3f2a23) mem 0x80010000 0x00000001
core   0: 0x8000b214 (0x0000bfe5) c.j     pc - 8
core   0: 3 0x8000b214 (0xbfe5)
core   0: 0x8000b20c (0x00005f17) auipc   t5, 0x5
core   0: 3 0x8000b20c (0x00005f17) x30 0x8001020c
core   0: 0x8000b210 (0xde3f2a23) sw      gp, -524(t5)
core   0: 3 0x8000b210 (0xde3f2a23) mem 0x80010000 0x00000001
core   0: 0x8000b214 (0x0000bfe5) c.j     pc - 8
core   0: 3 0x8000b214 (0xbfe5)
core   0: 0x8000b20c (0x00005f17) auipc   t5, 0x5
core   0: 3 0x8000b20c (0x00005f17) x30 0x8001020c
core   0: 0x8000b210 (0xde3f2a23) sw      gp, -524(t5)
core   0: 3 0x8000b210 (0xde3f2a23) mem 0x80010000 0x00000001
core   0: 0x8000b214 (0x0000bfe5) c.j     pc - 8
core   0: 3 0x8000b214 (0xbfe5)
core   0: 0x8000b20c (0x00005f17) auipc   t5, 0x5
core   0: 3 0x8000b20c (0x00005f17) x30 0x8001020c
core   0: 0x8000b210 (0xde3f2a23) sw      gp, -524(t5)
core   0: 3 0x8000b210 (0xde3f2a23) mem 0x80010000 0x00000001
core   0: 0x8000b214 (0x0000bfe5) c.j     pc - 8
core   0: 3 0x8000b214 (0xbfe5)
core   0: 0x8000b20c (0x00005f17) auipc   t5, 0x5
core   0: 3 0x8000b20c (0x00005f17) x30 0x8001020c
core   0: 0x8000b210 (0xde3f2a23) sw      gp, -524(t5)
core   0: 3 0x8000b210 (0xde3f2a23) mem 0x80010000 0x00000001
core   0: 0x8000b214 (0x0000bfe5) c.j     pc - 8
core   0: 3 0x8000b214 (0xbfe5)
core   0: 0x8000b20c (0x00005f17) auipc   t5, 0x5
core   0: 3 0x8000b20c (0x00005f17) x30 0x8001020c
core   0: 0x8000b210 (0xde3f2a23) sw      gp, -524(t5)
core   0: 3 0x8000b210 (0xde3f2a23) mem 0x80010000 0x00000001
core   0: 0x8000b214 (0x0000bfe5) c.j     pc - 8
core   0: 3 0x8000b214 (0xbfe5)
core   0: 0x8000b20c (0x00005f17) auipc   t5, 0x5
core   0: 3 0x8000b20c (0x00005f17) x30 0x8001020c
core   0: 0x8000b210 (0xde3f2a23) sw      gp, -524(t5)
core   0: 3 0x8000b210 (0xde3f2a23) mem 0x80010000 0x00000001
core   0: 0x8000b214 (0x0000bfe5) c.j     pc - 8
core   0: 3 0x8000b214 (0xbfe5)
core   0: 0x8000b20c (0x00005f17) auipc   t5, 0x5
core   0: 3 0x8000b20c (0x00005f17) x30 0x8001020c
core   0: 0x8000b210 (0xde3f2a23) sw      gp, -524(t5)
core   0: 3 0x8000b210 (0xde3f2a23) mem 0x80010000 0x00000001
core   0: 0x8000b214 (0x0000bfe5) c.j     pc - 8
core   0: 3 0x8000b214 (0xbfe5)
core   0: 0x8000b20c (0x00005f17) auipc   t5, 0x5
core   0: 3 0x8000b20c (0x00005f17) x30 0x8001020c
core   0: 0x8000b210 (0xde3f2a23) sw      gp, -524(t5)
core   0: 3 0x8000b210 (0xde3f2a23) mem 0x80010000 0x00000001
core   0: 0x8000b214 (0x0000bfe5) c.j     pc - 8
core   0: 3 0x8000b214 (0xbfe5)
core   0: 0x8000b20c (0x00005f17) auipc   t5, 0x5
core   0: 3 0x8000b20c (0x00005f17) x30 0x8001020c
core   0: 0x8000b210 (0xde3f2a23) sw      gp, -524(t5)
core   0: 3 0x8000b210 (0xde3f2a23) mem 0x80010000 0x00000001
core   0: 0x8000b214 (0x0000bfe5) c.j     pc - 8
core   0: 3 0x8000b214 (0xbfe5)
core   0: 0x8000b20c (0x00005f17) auipc   t5, 0x5
core   0: 3 0x8000b20c (0x00005f17) x30 0x8001020c
core   0: 0x8000b210 (0xde3f2a23) sw      gp, -524(t5)
core   0: 3 0x8000b210 (0xde3f2a23) mem 0x80010000 0x00000001
core   0: 0x8000b214 (0x0000bfe5) c.j     pc - 8
core   0: 3 0x8000b214 (0xbfe5)
core   0: 0x8000b20c (0x00005f17) auipc   t5, 0x5
core   0: 3 0x8000b20c (0x00005f17) x30 0x8001020c
core   0: 0x8000b210 (0xde3f2a23) sw      gp, -524(t5)
core   0: 3 0x8000b210 (0xde3f2a23) mem 0x80010000 0x00000001
core   0: 0x8000b214 (0x0000bfe5) c.j     pc - 8
core   0: 3 0x8000b214 (0xbfe5)
core   0: 0x8000b20c (0x00005f17) auipc   t5, 0x5
core   0: 3 0x8000b20c (0x00005f17) x30 0x8001020c
core   0: 0x8000b210 (0xde3f2a23) sw      gp, -524(t5)
core   0: 3 0x8000b210 (0xde3f2a23) mem 0x80010000 0x00000001
core   0: 0x8000b214 (0x0000bfe5) c.j     pc - 8
core   0: 3 0x8000b214 (0xbfe5)
core   0: 0x8000b20c (0x00005f17) auipc   t5, 0x5
core   0: 3 0x8000b20c (0x00005f17) x30 0x8001020c
core   0: 0x8000b210 (0xde3f2a23) sw      gp, -524(t5)
core   0: 3 0x8000b210 (0xde3f2a23) mem 0x80010000 0x00000001
core   0: 0x8000b214 (0x0000bfe5) c.j     pc - 8
core   0: 3 0x8000b214 (0xbfe5)
core   0: 0x8000b20c (0x00005f17) auipc   t5, 0x5
core   0: 3 0x8000b20c (0x00005f17) x30 0x8001020c
core   0: 0x8000b210 (0xde3f2a23) sw      gp, -524(t5)
core   0: 3 0x8000b210 (0xde3f2a23) mem 0x80010000 0x00000001
core   0: 0x8000b214 (0x0000bfe5) c.j     pc - 8
core   0: 3 0x8000b214 (0xbfe5)
core   0: 0x8000b20c (0x00005f17) auipc   t5, 0x5
core   0: 3 0x8000b20c (0x00005f17) x30 0x8001020c
core   0: 0x8000b210 (0xde3f2a23) sw      gp, -524(t5)
core   0: 3 0x8000b210 (0xde3f2a23) mem 0x80010000 0x00000001
core   0: 0x8000b214 (0x0000bfe5) c.j     pc - 8
core   0: 3 0x8000b214 (0xbfe5)
core   0: 0x8000b20c (0x00005f17) auipc   t5, 0x5
core   0: 3 0x8000b20c (0x00005f17) x30 0x8001020c
core   0: 0x8000b210 (0xde3f2a23) sw      gp, -524(t5)
core   0: 3 0x8000b210 (0xde3f2a23) mem 0x80010000 0x00000001
core   0: 0x8000b214 (0x0000bfe5) c.j     pc - 8
core   0: 3 0x8000b214 (0xbfe5)
core   0: 0x8000b20c (0x00005f17) auipc   t5, 0x5
core   0: 3 0x8000b20c (0x00005f17) x30 0x8001020c
core   0: 0x8000b210 (0xde3f2a23) sw      gp, -524(t5)
core   0: 3 0x8000b210 (0xde3f2a23) mem 0x80010000 0x00000001
core   0: 0x8000b214 (0x0000bfe5) c.j     pc - 8
core   0: 3 0x8000b214 (0xbfe5)
core   0: 0x8000b20c (0x00005f17) auipc   t5, 0x5
core   0: 3 0x8000b20c (0x00005f17) x30 0x8001020c
core   0: 0x8000b210 (0xde3f2a23) sw      gp, -524(t5)
core   0: 3 0x8000b210 (0xde3f2a23) mem 0x80010000 0x00000001
core   0: 0x8000b214 (0x0000bfe5) c.j     pc - 8
core   0: 3 0x8000b214 (0xbfe5)
core   0: 0x8000b20c (0x00005f17) auipc   t5, 0x5
core   0: 3 0x8000b20c (0x00005f17) x30 0x8001020c
core   0: 0x8000b210 (0xde3f2a23) sw      gp, -524(t5)
core   0: 3 0x8000b210 (0xde3f2a23) mem 0x80010000 0x00000001
core   0: 0x8000b214 (0x0000bfe5) c.j     pc - 8
core   0: 3 0x8000b214 (0xbfe5)
core   0: 0x8000b20c (0x00005f17) auipc   t5, 0x5
core   0: 3 0x8000b20c (0x00005f17) x30 0x8001020c
core   0: 0x8000b210 (0xde3f2a23) sw      gp, -524(t5)
core   0: 3 0x8000b210 (0xde3f2a23) mem 0x80010000 0x00000001
core   0: 0x8000b214 (0x0000bfe5) c.j     pc - 8
core   0: 3 0x8000b214 (0xbfe5)
core   0: 0x8000b20c (0x00005f17) auipc   t5, 0x5
core   0: 3 0x8000b20c (0x00005f17) x30 0x8001020c
core   0: 0x8000b210 (0xde3f2a23) sw      gp, -524(t5)
core   0: 3 0x8000b210 (0xde3f2a23) mem 0x80010000 0x00000001
core   0: 0x8000b214 (0x0000bfe5) c.j     pc - 8
core   0: 3 0x8000b214 (0xbfe5)
core   0: 0x8000b20c (0x00005f17) auipc   t5, 0x5
core   0: 3 0x8000b20c (0x00005f17) x30 0x8001020c
core   0: 0x8000b210 (0xde3f2a23) sw      gp, -524(t5)
core   0: 3 0x8000b210 (0xde3f2a23) mem 0x80010000 0x00000001
core   0: 0x8000b214 (0x0000bfe5) c.j     pc - 8
core   0: 3 0x8000b214 (0xbfe5)
core   0: 0x8000b20c (0x00005f17) auipc   t5, 0x5
core   0: 3 0x8000b20c (0x00005f17) x30 0x8001020c
core   0: 0x8000b210 (0xde3f2a23) sw      gp, -524(t5)
core   0: 3 0x8000b210 (0xde3f2a23) mem 0x80010000 0x00000001
core   0: 0x8000b214 (0x0000bfe5) c.j     pc - 8
core   0: 3 0x8000b214 (0xbfe5)
core   0: 0x8000b20c (0x00005f17) auipc   t5, 0x5
core   0: 3 0x8000b20c (0x00005f17) x30 0x8001020c
core   0: 0x8000b210 (0xde3f2a23) sw      gp, -524(t5)
core   0: 3 0x8000b210 (0xde3f2a23) mem 0x80010000 0x00000001
core   0: 0x8000b214 (0x0000bfe5) c.j     pc - 8
core   0: 3 0x8000b214 (0xbfe5)
core   0: 0x8000b20c (0x00005f17) auipc   t5, 0x5
core   0: 3 0x8000b20c (0x00005f17) x30 0x8001020c
core   0: 0x8000b210 (0xde3f2a23) sw      gp, -524(t5)
core   0: 3 0x8000b210 (0xde3f2a23) mem 0x80010000 0x00000001
core   0: 0x8000b214 (0x0000bfe5) c.j     pc - 8
core   0: 3 0x8000b214 (0xbfe5)
core   0: 0x8000b20c (0x00005f17) auipc   t5, 0x5
core   0: 3 0x8000b20c (0x00005f17) x30 0x8001020c
core   0: 0x8000b210 (0xde3f2a23) sw      gp, -524(t5)
core   0: 3 0x8000b210 (0xde3f2a23) mem 0x80010000 0x00000001
core   0: 0x8000b214 (0x0000bfe5) c.j     pc - 8
core   0: 3 0x8000b214 (0xbfe5)
core   0: 0x8000b20c (0x00005f17) auipc   t5, 0x5
core   0: 3 0x8000b20c (0x00005f17) x30 0x8001020c
core   0: 0x8000b210 (0xde3f2a23) sw      gp, -524(t5)
core   0: 3 0x8000b210 (0xde3f2a23) mem 0x80010000 0x00000001
core   0: 0x8000b214 (0x0000bfe5) c.j     pc - 8
core   0: 3 0x8000b214 (0xbfe5)
core   0: 0x8000b20c (0x00005f17) auipc   t5, 0x5
core   0: 3 0x8000b20c (0x00005f17) x30 0x8001020c
core   0: 0x8000b210 (0xde3f2a23) sw      gp, -524(t5)
core   0: 3 0x8000b210 (0xde3f2a23) mem 0x80010000 0x00000001
core   0: 0x8000b214 (0x0000bfe5) c.j     pc - 8
core   0: 3 0x8000b214 (0xbfe5)
core   0: 0x8000b20c (0x00005f17) auipc   t5, 0x5
core   0: 3 0x8000b20c (0x00005f17) x30 0x8001020c
core   0: 0x8000b210 (0xde3f2a23) sw      gp, -524(t5)
core   0: 3 0x8000b210 (0xde3f2a23) mem 0x80010000 0x00000001
core   0: 0x8000b214 (0x0000bfe5) c.j     pc - 8
core   0: 3 0x8000b214 (0xbfe5)
core   0: 0x8000b20c (0x00005f17) auipc   t5, 0x5
core   0: 3 0x8000b20c (0x00005f17) x30 0x8001020c
core   0: 0x8000b210 (0xde3f2a23) sw      gp, -524(t5)
core   0: 3 0x8000b210 (0xde3f2a23) mem 0x80010000 0x00000001
core   0: 0x8000b214 (0x0000bfe5) c.j     pc - 8
core   0: 3 0x8000b214 (0xbfe5)
core   0: 0x8000b20c (0x00005f17) auipc   t5, 0x5
core   0: 3 0x8000b20c (0x00005f17) x30 0x8001020c
core   0: 0x8000b210 (0xde3f2a23) sw      gp, -524(t5)
core   0: 3 0x8000b210 (0xde3f2a23) mem 0x80010000 0x00000001
core   0: 0x8000b214 (0x0000bfe5) c.j     pc - 8
core   0: 3 0x8000b214 (0xbfe5)
core   0: 0x8000b20c (0x00005f17) auipc   t5, 0x5
core   0: 3 0x8000b20c (0x00005f17) x30 0x8001020c
core   0: 0x8000b210 (0xde3f2a23) sw      gp, -524(t5)
core   0: 3 0x8000b210 (0xde3f2a23) mem 0x80010000 0x00000001
core   0: 0x8000b214 (0x0000bfe5) c.j     pc - 8
core   0: 3 0x8000b214 (0xbfe5)
core   0: 0x8000b20c (0x00005f17) auipc   t5, 0x5
core   0: 3 0x8000b20c (0x00005f17) x30 0x8001020c
core   0: 0x8000b210 (0xde3f2a23) sw      gp, -524(t5)
core   0: 3 0x8000b210 (0xde3f2a23) mem 0x80010000 0x00000001
core   0: 0x8000b214 (0x0000bfe5) c.j     pc - 8
core   0: 3 0x8000b214 (0xbfe5)
core   0: 0x8000b20c (0x00005f17) auipc   t5, 0x5
core   0: 3 0x8000b20c (0x00005f17) x30 0x8001020c
core   0: 0x8000b210 (0xde3f2a23) sw      gp, -524(t5)
core   0: 3 0x8000b210 (0xde3f2a23) mem 0x80010000 0x00000001
core   0: 0x8000b214 (0x0000bfe5) c.j     pc - 8
core   0: 3 0x8000b214 (0xbfe5)
core   0: 0x8000b20c (0x00005f17) auipc   t5, 0x5
core   0: 3 0x8000b20c (0x00005f17) x30 0x8001020c
core   0: 0x8000b210 (0xde3f2a23) sw      gp, -524(t5)
core   0: 3 0x8000b210 (0xde3f2a23) mem 0x80010000 0x00000001
core   0: 0x8000b214 (0x0000bfe5) c.j     pc - 8
core   0: 3 0x8000b214 (0xbfe5)
core   0: 0x8000b20c (0x00005f17) auipc   t5, 0x5
core   0: 3 0x8000b20c (0x00005f17) x30 0x8001020c
core   0: 0x8000b210 (0xde3f2a23) sw      gp, -524(t5)
core   0: 3 0x8000b210 (0xde3f2a23) mem 0x80010000 0x00000001
core   0: 0x8000b214 (0x0000bfe5) c.j     pc - 8
core   0: 3 0x8000b214 (0xbfe5)
core   0: 0x8000b20c (0x00005f17) auipc   t5, 0x5
core   0: 3 0x8000b20c (0x00005f17) x30 0x8001020c
core   0: 0x8000b210 (0xde3f2a23) sw      gp, -524(t5)
core   0: 3 0x8000b210 (0xde3f2a23) mem 0x80010000 0x00000001
core   0: 0x8000b214 (0x0000bfe5) c.j     pc - 8
core   0: 3 0x8000b214 (0xbfe5)
core   0: 0x8000b20c (0x00005f17) auipc   t5, 0x5
core   0: 3 0x8000b20c (0x00005f17) x30 0x8001020c
core   0: 0x8000b210 (0xde3f2a23) sw      gp, -524(t5)
core   0: 3 0x8000b210 (0xde3f2a23) mem 0x80010000 0x00000001
core   0: 0x8000b214 (0x0000bfe5) c.j     pc - 8
core   0: 3 0x8000b214 (0xbfe5)
core   0: 0x8000b20c (0x00005f17) auipc   t5, 0x5
core   0: 3 0x8000b20c (0x00005f17) x30 0x8001020c
core   0: 0x8000b210 (0xde3f2a23) sw      gp, -524(t5)
core   0: 3 0x8000b210 (0xde3f2a23) mem 0x80010000 0x00000001
core   0: 0x8000b214 (0x0000bfe5) c.j     pc - 8
core   0: 3 0x8000b214 (0xbfe5)
core   0: 0x8000b20c (0x00005f17) auipc   t5, 0x5
core   0: 3 0x8000b20c (0x00005f17) x30 0x8001020c
core   0: 0x8000b210 (0xde3f2a23) sw      gp, -524(t5)
core   0: 3 0x8000b210 (0xde3f2a23) mem 0x80010000 0x00000001
core   0: 0x8000b214 (0x0000bfe5) c.j     pc - 8
core   0: 3 0x8000b214 (0xbfe5)
core   0: 0x8000b20c (0x00005f17) auipc   t5, 0x5
core   0: 3 0x8000b20c (0x00005f17) x30 0x8001020c
core   0: 0x8000b210 (0xde3f2a23) sw      gp, -524(t5)
core   0: 3 0x8000b210 (0xde3f2a23) mem 0x80010000 0x00000001
core   0: 0x8000b214 (0x0000bfe5) c.j     pc - 8
core   0: 3 0x8000b214 (0xbfe5)
core   0: 0x8000b20c (0x00005f17) auipc   t5, 0x5
core   0: 3 0x8000b20c (0x00005f17) x30 0x8001020c
core   0: 0x8000b210 (0xde3f2a23) sw      gp, -524(t5)
core   0: 3 0x8000b210 (0xde3f2a23) mem 0x80010000 0x00000001
core   0: 0x8000b214 (0x0000bfe5) c.j     pc - 8
core   0: 3 0x8000b214 (0xbfe5)
core   0: 0x8000b20c (0x00005f17) auipc   t5, 0x5
core   0: 3 0x8000b20c (0x00005f17) x30 0x8001020c
core   0: 0x8000b210 (0xde3f2a23) sw      gp, -524(t5)
core   0: 3 0x8000b210 (0xde3f2a23) mem 0x80010000 0x00000001
core   0: 0x8000b214 (0x0000bfe5) c.j     pc - 8
core   0: 3 0x8000b214 (0xbfe5)
core   0: 0x8000b20c (0x00005f17) auipc   t5, 0x5
core   0: 3 0x8000b20c (0x00005f17) x30 0x8001020c
core   0: 0x8000b210 (0xde3f2a23) sw      gp, -524(t5)
core   0: 3 0x8000b210 (0xde3f2a23) mem 0x80010000 0x00000001
core   0: 0x8000b214 (0x0000bfe5) c.j     pc - 8
core   0: 3 0x8000b214 (0xbfe5)
core   0: 0x8000b20c (0x00005f17) auipc   t5, 0x5
core   0: 3 0x8000b20c (0x00005f17) x30 0x8001020c
core   0: 0x8000b210 (0xde3f2a23) sw      gp, -524(t5)
core   0: 3 0x8000b210 (0xde3f2a23) mem 0x80010000 0x00000001
core   0: 0x8000b214 (0x0000bfe5) c.j     pc - 8
core   0: 3 0x8000b214 (0xbfe5)
core   0: 0x8000b20c (0x00005f17) auipc   t5, 0x5
core   0: 3 0x8000b20c (0x00005f17) x30 0x8001020c
core   0: 0x8000b210 (0xde3f2a23) sw      gp, -524(t5)
core   0: 3 0x8000b210 (0xde3f2a23) mem 0x80010000 0x00000001
core   0: 0x8000b214 (0x0000bfe5) c.j     pc - 8
core   0: 3 0x8000b214 (0xbfe5)
core   0: 0x8000b20c (0x00005f17) auipc   t5, 0x5
core   0: 3 0x8000b20c (0x00005f17) x30 0x8001020c
core   0: 0x8000b210 (0xde3f2a23) sw      gp, -524(t5)
core   0: 3 0x8000b210 (0xde3f2a23) mem 0x80010000 0x00000001
core   0: 0x8000b214 (0x0000bfe5) c.j     pc - 8
core   0: 3 0x8000b214 (0xbfe5)
core   0: 0x8000b20c (0x00005f17) auipc   t5, 0x5
core   0: 3 0x8000b20c (0x00005f17) x30 0x8001020c
core   0: 0x8000b210 (0xde3f2a23) sw      gp, -524(t5)
core   0: 3 0x8000b210 (0xde3f2a23) mem 0x80010000 0x00000001
core   0: 0x8000b214 (0x0000bfe5) c.j     pc - 8
core   0: 3 0x8000b214 (0xbfe5)
core   0: 0x8000b20c (0x00005f17) auipc   t5, 0x5
core   0: 3 0x8000b20c (0x00005f17) x30 0x8001020c
core   0: 0x8000b210 (0xde3f2a23) sw      gp, -524(t5)
core   0: 3 0x8000b210 (0xde3f2a23) mem 0x80010000 0x00000001
core   0: 0x8000b214 (0x0000bfe5) c.j     pc - 8
core   0: 3 0x8000b214 (0xbfe5)
core   0: 0x8000b20c (0x00005f17) auipc   t5, 0x5
core   0: 3 0x8000b20c (0x00005f17) x30 0x8001020c
core   0: 0x8000b210 (0xde3f2a23) sw      gp, -524(t5)
core   0: 3 0x8000b210 (0xde3f2a23) mem 0x80010000 0x00000001
core   0: 0x8000b214 (0x0000bfe5) c.j     pc - 8
core   0: 3 0x8000b214 (0xbfe5)
core   0: 0x8000b20c (0x00005f17) auipc   t5, 0x5
core   0: 3 0x8000b20c (0x00005f17) x30 0x8001020c
core   0: 0x8000b210 (0xde3f2a23) sw      gp, -524(t5)
core   0: 3 0x8000b210 (0xde3f2a23) mem 0x80010000 0x00000001
core   0: 0x8000b214 (0x0000bfe5) c.j     pc - 8
core   0: 3 0x8000b214 (0xbfe5)
core   0: 0x8000b20c (0x00005f17) auipc   t5, 0x5
core   0: 3 0x8000b20c (0x00005f17) x30 0x8001020c
core   0: 0x8000b210 (0xde3f2a23) sw      gp, -524(t5)
core   0: 3 0x8000b210 (0xde3f2a23) mem 0x80010000 0x00000001
core   0: 0x8000b214 (0x0000bfe5) c.j     pc - 8
core   0: 3 0x8000b214 (0xbfe5)
core   0: 0x8000b20c (0x00005f17) auipc   t5, 0x5
core   0: 3 0x8000b20c (0x00005f17) x30 0x8001020c
core   0: 0x8000b210 (0xde3f2a23) sw      gp, -524(t5)
core   0: 3 0x8000b210 (0xde3f2a23) mem 0x80010000 0x00000001
core   0: 0x8000b214 (0x0000bfe5) c.j     pc - 8
core   0: 3 0x8000b214 (0xbfe5)
core   0: 0x8000b20c (0x00005f17) auipc   t5, 0x5
core   0: 3 0x8000b20c (0x00005f17) x30 0x8001020c
core   0: 0x8000b210 (0xde3f2a23) sw      gp, -524(t5)
core   0: 3 0x8000b210 (0xde3f2a23) mem 0x80010000 0x00000001
core   0: 0x8000b214 (0x0000bfe5) c.j     pc - 8
core   0: 3 0x8000b214 (0xbfe5)
core   0: 0x8000b20c (0x00005f17) auipc   t5, 0x5
core   0: 3 0x8000b20c (0x00005f17) x30 0x8001020c
core   0: 0x8000b210 (0xde3f2a23) sw      gp, -524(t5)
core   0: 3 0x8000b210 (0xde3f2a23) mem 0x80010000 0x00000001
core   0: 0x8000b214 (0x0000bfe5) c.j     pc - 8
core   0: 3 0x8000b214 (0xbfe5)
core   0: 0x8000b20c (0x00005f17) auipc   t5, 0x5
core   0: 3 0x8000b20c (0x00005f17) x30 0x8001020c
core   0: 0x8000b210 (0xde3f2a23) sw      gp, -524(t5)
core   0: 3 0x8000b210 (0xde3f2a23) mem 0x80010000 0x00000001
core   0: 0x8000b214 (0x0000bfe5) c.j     pc - 8
core   0: 3 0x8000b214 (0xbfe5)
core   0: 0x8000b20c (0x00005f17) auipc   t5, 0x5
core   0: 3 0x8000b20c (0x00005f17) x30 0x8001020c
core   0: 0x8000b210 (0xde3f2a23) sw      gp, -524(t5)
core   0: 3 0x8000b210 (0xde3f2a23) mem 0x80010000 0x00000001
core   0: 0x8000b214 (0x0000bfe5) c.j     pc - 8
core   0: 3 0x8000b214 (0xbfe5)
core   0: 0x8000b20c (0x00005f17) auipc   t5, 0x5
core   0: 3 0x8000b20c (0x00005f17) x30 0x8001020c
core   0: 0x8000b210 (0xde3f2a23) sw      gp, -524(t5)
core   0: 3 0x8000b210 (0xde3f2a23) mem 0x80010000 0x00000001
core   0: 0x8000b214 (0x0000bfe5) c.j     pc - 8
core   0: 3 0x8000b214 (0xbfe5)
core   0: 0x8000b20c (0x00005f17) auipc   t5, 0x5
core   0: 3 0x8000b20c (0x00005f17) x30 0x8001020c
core   0: 0x8000b210 (0xde3f2a23) sw      gp, -524(t5)
core   0: 3 0x8000b210 (0xde3f2a23) mem 0x80010000 0x00000001
core   0: 0x8000b214 (0x0000bfe5) c.j     pc - 8
core   0: 3 0x8000b214 (0xbfe5)
core   0: 0x8000b20c (0x00005f17) auipc   t5, 0x5
core   0: 3 0x8000b20c (0x00005f17) x30 0x8001020c
core   0: 0x8000b210 (0xde3f2a23) sw      gp, -524(t5)
core   0: 3 0x8000b210 (0xde3f2a23) mem 0x80010000 0x00000001
core   0: 0x8000b214 (0x0000bfe5) c.j     pc - 8
core   0: 3 0x8000b214 (0xbfe5)
core   0: 0x8000b20c (0x00005f17) auipc   t5, 0x5
core   0: 3 0x8000b20c (0x00005f17) x30 0x8001020c
core   0: 0x8000b210 (0xde3f2a23) sw      gp, -524(t5)
core   0: 3 0x8000b210 (0xde3f2a23) mem 0x80010000 0x00000001
core   0: 0x8000b214 (0x0000bfe5) c.j     pc - 8
core   0: 3 0x8000b214 (0xbfe5)
core   0: 0x8000b20c (0x00005f17) auipc   t5, 0x5
core   0: 3 0x8000b20c (0x00005f17) x30 0x8001020c
core   0: 0x8000b210 (0xde3f2a23) sw      gp, -524(t5)
core   0: 3 0x8000b210 (0xde3f2a23) mem 0x80010000 0x00000001
core   0: 0x8000b214 (0x0000bfe5) c.j     pc - 8
core   0: 3 0x8000b214 (0xbfe5)
core   0: 0x8000b20c (0x00005f17) auipc   t5, 0x5
core   0: 3 0x8000b20c (0x00005f17) x30 0x8001020c
core   0: 0x8000b210 (0xde3f2a23) sw      gp, -524(t5)
core   0: 3 0x8000b210 (0xde3f2a23) mem 0x80010000 0x00000001
core   0: 0x8000b214 (0x0000bfe5) c.j     pc - 8
core   0: 3 0x8000b214 (0xbfe5)
core   0: 0x8000b20c (0x00005f17) auipc   t5, 0x5
core   0: 3 0x8000b20c (0x00005f17) x30 0x8001020c
core   0: 0x8000b210 (0xde3f2a23) sw      gp, -524(t5)
core   0: 3 0x8000b210 (0xde3f2a23) mem 0x80010000 0x00000001
core   0: 0x8000b214 (0x0000bfe5) c.j     pc - 8
core   0: 3 0x8000b214 (0xbfe5)
core   0: 0x8000b20c (0x00005f17) auipc   t5, 0x5
core   0: 3 0x8000b20c (0x00005f17) x30 0x8001020c
core   0: 0x8000b210 (0xde3f2a23) sw      gp, -524(t5)
core   0: 3 0x8000b210 (0xde3f2a23) mem 0x80010000 0x00000001
core   0: 0x8000b214 (0x0000bfe5) c.j     pc - 8
core   0: 3 0x8000b214 (0xbfe5)
core   0: 0x8000b20c (0x00005f17) auipc   t5, 0x5
core   0: 3 0x8000b20c (0x00005f17) x30 0x8001020c
core   0: 0x8000b210 (0xde3f2a23) sw      gp, -524(t5)
core   0: 3 0x8000b210 (0xde3f2a23) mem 0x80010000 0x00000001
core   0: 0x8000b214 (0x0000bfe5) c.j     pc - 8
core   0: 3 0x8000b214 (0xbfe5)
core   0: 0x8000b20c (0x00005f17) auipc   t5, 0x5
core   0: 3 0x8000b20c (0x00005f17) x30 0x8001020c
core   0: 0x8000b210 (0xde3f2a23) sw      gp, -524(t5)
core   0: 3 0x8000b210 (0xde3f2a23) mem 0x80010000 0x00000001
core   0: 0x8000b214 (0x0000bfe5) c.j     pc - 8
core   0: 3 0x8000b214 (0xbfe5)
core   0: 0x8000b20c (0x00005f17) auipc   t5, 0x5
core   0: 3 0x8000b20c (0x00005f17) x30 0x8001020c
core   0: 0x8000b210 (0xde3f2a23) sw      gp, -524(t5)
core   0: 3 0x8000b210 (0xde3f2a23) mem 0x80010000 0x00000001
core   0: 0x8000b214 (0x0000bfe5) c.j     pc - 8
core   0: 3 0x8000b214 (0xbfe5)
core   0: 0x8000b20c (0x00005f17) auipc   t5, 0x5
core   0: 3 0x8000b20c (0x00005f17) x30 0x8001020c
core   0: 0x8000b210 (0xde3f2a23) sw      gp, -524(t5)
core   0: 3 0x8000b210 (0xde3f2a23) mem 0x80010000 0x00000001
core   0: 0x8000b214 (0x0000bfe5) c.j     pc - 8
core   0: 3 0x8000b214 (0xbfe5)
core   0: 0x8000b20c (0x00005f17) auipc   t5, 0x5
core   0: 3 0x8000b20c (0x00005f17) x30 0x8001020c
core   0: 0x8000b210 (0xde3f2a23) sw      gp, -524(t5)
core   0: 3 0x8000b210 (0xde3f2a23) mem 0x80010000 0x00000001
core   0: 0x8000b214 (0x0000bfe5) c.j     pc - 8
core   0: 3 0x8000b214 (0xbfe5)
core   0: 0x8000b20c (0x00005f17) auipc   t5, 0x5
core   0: 3 0x8000b20c (0x00005f17) x30 0x8001020c
core   0: 0x8000b210 (0xde3f2a23) sw      gp, -524(t5)
core   0: 3 0x8000b210 (0xde3f2a23) mem 0x80010000 0x00000001
core   0: 0x8000b214 (0x0000bfe5) c.j     pc - 8
core   0: 3 0x8000b214 (0xbfe5)
core   0: 0x8000b20c (0x00005f17) auipc   t5, 0x5
core   0: 3 0x8000b20c (0x00005f17) x30 0x8001020c
core   0: 0x8000b210 (0xde3f2a23) sw      gp, -524(t5)
core   0: 3 0x8000b210 (0xde3f2a23) mem 0x80010000 0x00000001
core   0: 0x8000b214 (0x0000bfe5) c.j     pc - 8
core   0: 3 0x8000b214 (0xbfe5)
core   0: 0x8000b20c (0x00005f17) auipc   t5, 0x5
core   0: 3 0x8000b20c (0x00005f17) x30 0x8001020c
core   0: 0x8000b210 (0xde3f2a23) sw      gp, -524(t5)
core   0: 3 0x8000b210 (0xde3f2a23) mem 0x80010000 0x00000001
core   0: 0x8000b214 (0x0000bfe5) c.j     pc - 8
core   0: 3 0x8000b214 (0xbfe5)
core   0: 0x8000b20c (0x00005f17) auipc   t5, 0x5
core   0: 3 0x8000b20c (0x00005f17) x30 0x8001020c
core   0: 0x8000b210 (0xde3f2a23) sw      gp, -524(t5)
core   0: 3 0x8000b210 (0xde3f2a23) mem 0x80010000 0x00000001
core   0: 0x8000b214 (0x0000bfe5) c.j     pc - 8
core   0: 3 0x8000b214 (0xbfe5)
core   0: 0x8000b20c (0x00005f17) auipc   t5, 0x5
core   0: 3 0x8000b20c (0x00005f17) x30 0x8001020c
core   0: 0x8000b210 (0xde3f2a23) sw      gp, -524(t5)
core   0: 3 0x8000b210 (0xde3f2a23) mem 0x80010000 0x00000001
core   0: 0x8000b214 (0x0000bfe5) c.j     pc - 8
core   0: 3 0x8000b214 (0xbfe5)
core   0: 0x8000b20c (0x00005f17) auipc   t5, 0x5
core   0: 3 0x8000b20c (0x00005f17) x30 0x8001020c
core   0: 0x8000b210 (0xde3f2a23) sw      gp, -524(t5)
core   0: 3 0x8000b210 (0xde3f2a23) mem 0x80010000 0x00000001
core   0: 0x8000b214 (0x0000bfe5) c.j     pc - 8
core   0: 3 0x8000b214 (0xbfe5)
core   0: 0x8000b20c (0x00005f17) auipc   t5, 0x5
core   0: 3 0x8000b20c (0x00005f17) x30 0x8001020c
core   0: 0x8000b210 (0xde3f2a23) sw      gp, -524(t5)
core   0: 3 0x8000b210 (0xde3f2a23) mem 0x80010000 0x00000001
core   0: 0x8000b214 (0x0000bfe5) c.j     pc - 8
core   0: 3 0x8000b214 (0xbfe5)
core   0: 0x8000b20c (0x00005f17) auipc   t5, 0x5
core   0: 3 0x8000b20c (0x00005f17) x30 0x8001020c
core   0: 0x8000b210 (0xde3f2a23) sw      gp, -524(t5)
core   0: 3 0x8000b210 (0xde3f2a23) mem 0x80010000 0x00000001
core   0: 0x8000b214 (0x0000bfe5) c.j     pc - 8
core   0: 3 0x8000b214 (0xbfe5)
core   0: 0x8000b20c (0x00005f17) auipc   t5, 0x5
core   0: 3 0x8000b20c (0x00005f17) x30 0x8001020c
core   0: 0x8000b210 (0xde3f2a23) sw      gp, -524(t5)
core   0: 3 0x8000b210 (0xde3f2a23) mem 0x80010000 0x00000001
core   0: 0x8000b214 (0x0000bfe5) c.j     pc - 8
core   0: 3 0x8000b214 (0xbfe5)
core   0: 0x8000b20c (0x00005f17) auipc   t5, 0x5
core   0: 3 0x8000b20c (0x00005f17) x30 0x8001020c
core   0: 0x8000b210 (0xde3f2a23) sw      gp, -524(t5)
core   0: 3 0x8000b210 (0xde3f2a23) mem 0x80010000 0x00000001
core   0: 0x8000b214 (0x0000bfe5) c.j     pc - 8
core   0: 3 0x8000b214 (0xbfe5)
core   0: 0x8000b20c (0x00005f17) auipc   t5, 0x5
core   0: 3 0x8000b20c (0x00005f17) x30 0x8001020c
core   0: 0x8000b210 (0xde3f2a23) sw      gp, -524(t5)
core   0: 3 0x8000b210 (0xde3f2a23) mem 0x80010000 0x00000001
core   0: 0x8000b214 (0x0000bfe5) c.j     pc - 8
core   0: 3 0x8000b214 (0xbfe5)
core   0: 0x8000b20c (0x00005f17) auipc   t5, 0x5
core   0: 3 0x8000b20c (0x00005f17) x30 0x8001020c
core   0: 0x8000b210 (0xde3f2a23) sw      gp, -524(t5)
core   0: 3 0x8000b210 (0xde3f2a23) mem 0x80010000 0x00000001
core   0: 0x8000b214 (0x0000bfe5) c.j     pc - 8
core   0: 3 0x8000b214 (0xbfe5)
core   0: 0x8000b20c (0x00005f17) auipc   t5, 0x5
core   0: 3 0x8000b20c (0x00005f17) x30 0x8001020c
core   0: 0x8000b210 (0xde3f2a23) sw      gp, -524(t5)
core   0: 3 0x8000b210 (0xde3f2a23) mem 0x80010000 0x00000001
core   0: 0x8000b214 (0x0000bfe5) c.j     pc - 8
core   0: 3 0x8000b214 (0xbfe5)
core   0: 0x8000b20c (0x00005f17) auipc   t5, 0x5
core   0: 3 0x8000b20c (0x00005f17) x30 0x8001020c
core   0: 0x8000b210 (0xde3f2a23) sw      gp, -524(t5)
core   0: 3 0x8000b210 (0xde3f2a23) mem 0x80010000 0x00000001
core   0: 0x8000b214 (0x0000bfe5) c.j     pc - 8
core   0: 3 0x8000b214 (0xbfe5)
core   0: 0x8000b20c (0x00005f17) auipc   t5, 0x5
core   0: 3 0x8000b20c (0x00005f17) x30 0x8001020c
core   0: 0x8000b210 (0xde3f2a23) sw      gp, -524(t5)
core   0: 3 0x8000b210 (0xde3f2a23) mem 0x80010000 0x00000001
core   0: 0x8000b214 (0x0000bfe5) c.j     pc - 8
core   0: 3 0x8000b214 (0xbfe5)
core   0: 0x8000b20c (0x00005f17) auipc   t5, 0x5
core   0: 3 0x8000b20c (0x00005f17) x30 0x8001020c
core   0: 0x8000b210 (0xde3f2a23) sw      gp, -524(t5)
core   0: 3 0x8000b210 (0xde3f2a23) mem 0x80010000 0x00000001
core   0: 0x8000b214 (0x0000bfe5) c.j     pc - 8
core   0: 3 0x8000b214 (0xbfe5)
core   0: 0x8000b20c (0x00005f17) auipc   t5, 0x5
core   0: 3 0x8000b20c (0x00005f17) x30 0x8001020c
core   0: 0x8000b210 (0xde3f2a23) sw      gp, -524(t5)
core   0: 3 0x8000b210 (0xde3f2a23) mem 0x80010000 0x00000001
core   0: 0x8000b214 (0x0000bfe5) c.j     pc - 8
core   0: 3 0x8000b214 (0xbfe5)
core   0: 0x8000b20c (0x00005f17) auipc   t5, 0x5
core   0: 3 0x8000b20c (0x00005f17) x30 0x8001020c
core   0: 0x8000b210 (0xde3f2a23) sw      gp, -524(t5)
core   0: 3 0x8000b210 (0xde3f2a23) mem 0x80010000 0x00000001
core   0: 0x8000b214 (0x0000bfe5) c.j     pc - 8
core   0: 3 0x8000b214 (0xbfe5)
core   0: 0x8000b20c (0x00005f17) auipc   t5, 0x5
core   0: 3 0x8000b20c (0x00005f17) x30 0x8001020c
core   0: 0x8000b210 (0xde3f2a23) sw      gp, -524(t5)
core   0: 3 0x8000b210 (0xde3f2a23) mem 0x80010000 0x00000001
core   0: 0x8000b214 (0x0000bfe5) c.j     pc - 8
core   0: 3 0x8000b214 (0xbfe5)
core   0: 0x8000b20c (0x00005f17) auipc   t5, 0x5
core   0: 3 0x8000b20c (0x00005f17) x30 0x8001020c
core   0: 0x8000b210 (0xde3f2a23) sw      gp, -524(t5)
core   0: 3 0x8000b210 (0xde3f2a23) mem 0x80010000 0x00000001
core   0: 0x8000b214 (0x0000bfe5) c.j     pc - 8
core   0: 3 0x8000b214 (0xbfe5)
core   0: 0x8000b20c (0x00005f17) auipc   t5, 0x5
core   0: 3 0x8000b20c (0x00005f17) x30 0x8001020c
core   0: 0x8000b210 (0xde3f2a23) sw      gp, -524(t5)
core   0: 3 0x8000b210 (0xde3f2a23) mem 0x80010000 0x00000001
core   0: 0x8000b214 (0x0000bfe5) c.j     pc - 8
core   0: 3 0x8000b214 (0xbfe5)
core   0: 0x8000b20c (0x00005f17) auipc   t5, 0x5
core   0: 3 0x8000b20c (0x00005f17) x30 0x8001020c
core   0: 0x8000b210 (0xde3f2a23) sw      gp, -524(t5)
core   0: 3 0x8000b210 (0xde3f2a23) mem 0x80010000 0x00000001
core   0: 0x8000b214 (0x0000bfe5) c.j     pc - 8
core   0: 3 0x8000b214 (0xbfe5)
core   0: 0x8000b20c (0x00005f17) auipc   t5, 0x5
core   0: 3 0x8000b20c (0x00005f17) x30 0x8001020c
core   0: 0x8000b210 (0xde3f2a23) sw      gp, -524(t5)
core   0: 3 0x8000b210 (0xde3f2a23) mem 0x80010000 0x00000001
core   0: 0x8000b214 (0x0000bfe5) c.j     pc - 8
core   0: 3 0x8000b214 (0xbfe5)
core   0: 0x8000b20c (0x00005f17) auipc   t5, 0x5
core   0: 3 0x8000b20c (0x00005f17) x30 0x8001020c
core   0: 0x8000b210 (0xde3f2a23) sw      gp, -524(t5)
core   0: 3 0x8000b210 (0xde3f2a23) mem 0x80010000 0x00000001
core   0: 0x8000b214 (0x0000bfe5) c.j     pc - 8
core   0: 3 0x8000b214 (0xbfe5)
core   0: 0x8000b20c (0x00005f17) auipc   t5, 0x5
core   0: 3 0x8000b20c (0x00005f17) x30 0x8001020c
core   0: 0x8000b210 (0xde3f2a23) sw      gp, -524(t5)
core   0: 3 0x8000b210 (0xde3f2a23) mem 0x80010000 0x00000001
core   0: 0x8000b214 (0x0000bfe5) c.j     pc - 8
core   0: 3 0x8000b214 (0xbfe5)
core   0: 0x8000b20c (0x00005f17) auipc   t5, 0x5
core   0: 3 0x8000b20c (0x00005f17) x30 0x8001020c
core   0: 0x8000b210 (0xde3f2a23) sw      gp, -524(t5)
core   0: 3 0x8000b210 (0xde3f2a23) mem 0x80010000 0x00000001
core   0: 0x8000b214 (0x0000bfe5) c.j     pc - 8
core   0: 3 0x8000b214 (0xbfe5)
core   0: 0x8000b20c (0x00005f17) auipc   t5, 0x5
core   0: 3 0x8000b20c (0x00005f17) x30 0x8001020c
core   0: 0x8000b210 (0xde3f2a23) sw      gp, -524(t5)
core   0: 3 0x8000b210 (0xde3f2a23) mem 0x80010000 0x00000001
core   0: 0x8000b214 (0x0000bfe5) c.j     pc - 8
core   0: 3 0x8000b214 (0xbfe5)
core   0: 0x8000b20c (0x00005f17) auipc   t5, 0x5
core   0: 3 0x8000b20c (0x00005f17) x30 0x8001020c
core   0: 0x8000b210 (0xde3f2a23) sw      gp, -524(t5)
core   0: 3 0x8000b210 (0xde3f2a23) mem 0x80010000 0x00000001
core   0: 0x8000b214 (0x0000bfe5) c.j     pc - 8
core   0: 3 0x8000b214 (0xbfe5)
core   0: 0x8000b20c (0x00005f17) auipc   t5, 0x5
core   0: 3 0x8000b20c (0x00005f17) x30 0x8001020c
core   0: 0x8000b210 (0xde3f2a23) sw      gp, -524(t5)
core   0: 3 0x8000b210 (0xde3f2a23) mem 0x80010000 0x00000001
core   0: 0x8000b214 (0x0000bfe5) c.j     pc - 8
core   0: 3 0x8000b214 (0xbfe5)
core   0: 0x8000b20c (0x00005f17) auipc   t5, 0x5
core   0: 3 0x8000b20c (0x00005f17) x30 0x8001020c
core   0: 0x8000b210 (0xde3f2a23) sw      gp, -524(t5)
core   0: 3 0x8000b210 (0xde3f2a23) mem 0x80010000 0x00000001
core   0: 0x8000b214 (0x0000bfe5) c.j     pc - 8
core   0: 3 0x8000b214 (0xbfe5)
core   0: 0x8000b20c (0x00005f17) auipc   t5, 0x5
core   0: 3 0x8000b20c (0x00005f17) x30 0x8001020c
core   0: 0x8000b210 (0xde3f2a23) sw      gp, -524(t5)
core   0: 3 0x8000b210 (0xde3f2a23) mem 0x80010000 0x00000001
core   0: 0x8000b214 (0x0000bfe5) c.j     pc - 8
core   0: 3 0x8000b214 (0xbfe5)
core   0: 0x8000b20c (0x00005f17) auipc   t5, 0x5
core   0: 3 0x8000b20c (0x00005f17) x30 0x8001020c
core   0: 0x8000b210 (0xde3f2a23) sw      gp, -524(t5)
core   0: 3 0x8000b210 (0xde3f2a23) mem 0x80010000 0x00000001
core   0: 0x8000b214 (0x0000bfe5) c.j     pc - 8
core   0: 3 0x8000b214 (0xbfe5)
core   0: 0x8000b20c (0x00005f17) auipc   t5, 0x5
core   0: 3 0x8000b20c (0x00005f17) x30 0x8001020c
core   0: 0x8000b210 (0xde3f2a23) sw      gp, -524(t5)
core   0: 3 0x8000b210 (0xde3f2a23) mem 0x80010000 0x00000001
core   0: 0x8000b214 (0x0000bfe5) c.j     pc - 8
core   0: 3 0x8000b214 (0xbfe5)
core   0: 0x8000b20c (0x00005f17) auipc   t5, 0x5
core   0: 3 0x8000b20c (0x00005f17) x30 0x8001020c
core   0: 0x8000b210 (0xde3f2a23) sw      gp, -524(t5)
core   0: 3 0x8000b210 (0xde3f2a23) mem 0x80010000 0x00000001
core   0: 0x8000b214 (0x0000bfe5) c.j     pc - 8
core   0: 3 0x8000b214 (0xbfe5)
core   0: 0x8000b20c (0x00005f17) auipc   t5, 0x5
core   0: 3 0x8000b20c (0x00005f17) x30 0x8001020c
core   0: 0x8000b210 (0xde3f2a23) sw      gp, -524(t5)
core   0: 3 0x8000b210 (0xde3f2a23) mem 0x80010000 0x00000001
core   0: 0x8000b214 (0x0000bfe5) c.j     pc - 8
core   0: 3 0x8000b214 (0xbfe5)
core   0: 0x8000b20c (0x00005f17) auipc   t5, 0x5
core   0: 3 0x8000b20c (0x00005f17) x30 0x8001020c
core   0: 0x8000b210 (0xde3f2a23) sw      gp, -524(t5)
core   0: 3 0x8000b210 (0xde3f2a23) mem 0x80010000 0x00000001
core   0: 0x8000b214 (0x0000bfe5) c.j     pc - 8
core   0: 3 0x8000b214 (0xbfe5)
core   0: 0x8000b20c (0x00005f17) auipc   t5, 0x5
core   0: 3 0x8000b20c (0x00005f17) x30 0x8001020c
core   0: 0x8000b210 (0xde3f2a23) sw      gp, -524(t5)
core   0: 3 0x8000b210 (0xde3f2a23) mem 0x80010000 0x00000001
core   0: 0x8000b214 (0x0000bfe5) c.j     pc - 8
core   0: 3 0x8000b214 (0xbfe5)
core   0: 0x8000b20c (0x00005f17) auipc   t5, 0x5
core   0: 3 0x8000b20c (0x00005f17) x30 0x8001020c
core   0: 0x8000b210 (0xde3f2a23) sw      gp, -524(t5)
core   0: 3 0x8000b210 (0xde3f2a23) mem 0x80010000 0x00000001
core   0: 0x8000b214 (0x0000bfe5) c.j     pc - 8
core   0: 3 0x8000b214 (0xbfe5)
core   0: 0x8000b20c (0x00005f17) auipc   t5, 0x5
core   0: 3 0x8000b20c (0x00005f17) x30 0x8001020c
core   0: 0x8000b210 (0xde3f2a23) sw      gp, -524(t5)
core   0: 3 0x8000b210 (0xde3f2a23) mem 0x80010000 0x00000001
core   0: 0x8000b214 (0x0000bfe5) c.j     pc - 8
core   0: 3 0x8000b214 (0xbfe5)
core   0: 0x8000b20c (0x00005f17) auipc   t5, 0x5
core   0: 3 0x8000b20c (0x00005f17) x30 0x8001020c
core   0: 0x8000b210 (0xde3f2a23) sw      gp, -524(t5)
core   0: 3 0x8000b210 (0xde3f2a23) mem 0x80010000 0x00000001
core   0: 0x8000b214 (0x0000bfe5) c.j     pc - 8
core   0: 3 0x8000b214 (0xbfe5)
core   0: 0x8000b20c (0x00005f17) auipc   t5, 0x5
core   0: 3 0x8000b20c (0x00005f17) x30 0x8001020c
core   0: 0x8000b210 (0xde3f2a23) sw      gp, -524(t5)
core   0: 3 0x8000b210 (0xde3f2a23) mem 0x80010000 0x00000001
core   0: 0x8000b214 (0x0000bfe5) c.j     pc - 8
core   0: 3 0x8000b214 (0xbfe5)
core   0: 0x8000b20c (0x00005f17) auipc   t5, 0x5
core   0: 3 0x8000b20c (0x00005f17) x30 0x8001020c
core   0: 0x8000b210 (0xde3f2a23) sw      gp, -524(t5)
core   0: 3 0x8000b210 (0xde3f2a23) mem 0x80010000 0x00000001
core   0: 0x8000b214 (0x0000bfe5) c.j     pc - 8
core   0: 3 0x8000b214 (0xbfe5)
core   0: 0x8000b20c (0x00005f17) auipc   t5, 0x5
core   0: 3 0x8000b20c (0x00005f17) x30 0x8001020c
core   0: 0x8000b210 (0xde3f2a23) sw      gp, -524(t5)
core   0: 3 0x8000b210 (0xde3f2a23) mem 0x80010000 0x00000001
core   0: 0x8000b214 (0x0000bfe5) c.j     pc - 8
core   0: 3 0x8000b214 (0xbfe5)
core   0: 0x8000b20c (0x00005f17) auipc   t5, 0x5
core   0: 3 0x8000b20c (0x00005f17) x30 0x8001020c
core   0: 0x8000b210 (0xde3f2a23) sw      gp, -524(t5)
core   0: 3 0x8000b210 (0xde3f2a23) mem 0x80010000 0x00000001
core   0: 0x8000b214 (0x0000bfe5) c.j     pc - 8
core   0: 3 0x8000b214 (0xbfe5)
core   0: 0x8000b20c (0x00005f17) auipc   t5, 0x5
core   0: 3 0x8000b20c (0x00005f17) x30 0x8001020c
core   0: 0x8000b210 (0xde3f2a23) sw      gp, -524(t5)
core   0: 3 0x8000b210 (0xde3f2a23) mem 0x80010000 0x00000001
core   0: 0x8000b214 (0x0000bfe5) c.j     pc - 8
core   0: 3 0x8000b214 (0xbfe5)
core   0: 0x8000b20c (0x00005f17) auipc   t5, 0x5
core   0: 3 0x8000b20c (0x00005f17) x30 0x8001020c
core   0: 0x8000b210 (0xde3f2a23) sw      gp, -524(t5)
core   0: 3 0x8000b210 (0xde3f2a23) mem 0x80010000 0x00000001
core   0: 0x8000b214 (0x0000bfe5) c.j     pc - 8
core   0: 3 0x8000b214 (0xbfe5)
core   0: 0x8000b20c (0x00005f17) auipc   t5, 0x5
core   0: 3 0x8000b20c (0x00005f17) x30 0x8001020c
core   0: 0x8000b210 (0xde3f2a23) sw      gp, -524(t5)
core   0: 3 0x8000b210 (0xde3f2a23) mem 0x80010000 0x00000001
core   0: 0x8000b214 (0x0000bfe5) c.j     pc - 8
core   0: 3 0x8000b214 (0xbfe5)
core   0: 0x8000b20c (0x00005f17) auipc   t5, 0x5
core   0: 3 0x8000b20c (0x00005f17) x30 0x8001020c
core   0: 0x8000b210 (0xde3f2a23) sw      gp, -524(t5)
core   0: 3 0x8000b210 (0xde3f2a23) mem 0x80010000 0x00000001
core   0: 0x8000b214 (0x0000bfe5) c.j     pc - 8
core   0: 3 0x8000b214 (0xbfe5)
core   0: 0x8000b20c (0x00005f17) auipc   t5, 0x5
core   0: 3 0x8000b20c (0x00005f17) x30 0x8001020c
core   0: 0x8000b210 (0xde3f2a23) sw      gp, -524(t5)
core   0: 3 0x8000b210 (0xde3f2a23) mem 0x80010000 0x00000001
core   0: 0x8000b214 (0x0000bfe5) c.j     pc - 8
core   0: 3 0x8000b214 (0xbfe5)
core   0: 0x8000b20c (0x00005f17) auipc   t5, 0x5
core   0: 3 0x8000b20c (0x00005f17) x30 0x8001020c
core   0: 0x8000b210 (0xde3f2a23) sw      gp, -524(t5)
core   0: 3 0x8000b210 (0xde3f2a23) mem 0x80010000 0x00000001
core   0: 0x8000b214 (0x0000bfe5) c.j     pc - 8
core   0: 3 0x8000b214 (0xbfe5)
core   0: 0x8000b20c (0x00005f17) auipc   t5, 0x5
core   0: 3 0x8000b20c (0x00005f17) x30 0x8001020c
core   0: 0x8000b210 (0xde3f2a23) sw      gp, -524(t5)
core   0: 3 0x8000b210 (0xde3f2a23) mem 0x80010000 0x00000001
core   0: 0x8000b214 (0x0000bfe5) c.j     pc - 8
core   0: 3 0x8000b214 (0xbfe5)
core   0: 0x8000b20c (0x00005f17) auipc   t5, 0x5
core   0: 3 0x8000b20c (0x00005f17) x30 0x8001020c
core   0: 0x8000b210 (0xde3f2a23) sw      gp, -524(t5)
core   0: 3 0x8000b210 (0xde3f2a23) mem 0x80010000 0x00000001
core   0: 0x8000b214 (0x0000bfe5) c.j     pc - 8
core   0: 3 0x8000b214 (0xbfe5)
core   0: 0x8000b20c (0x00005f17) auipc   t5, 0x5
core   0: 3 0x8000b20c (0x00005f17) x30 0x8001020c
core   0: 0x8000b210 (0xde3f2a23) sw      gp, -524(t5)
core   0: 3 0x8000b210 (0xde3f2a23) mem 0x80010000 0x00000001
core   0: 0x8000b214 (0x0000bfe5) c.j     pc - 8
core   0: 3 0x8000b214 (0xbfe5)
core   0: 0x8000b20c (0x00005f17) auipc   t5, 0x5
core   0: 3 0x8000b20c (0x00005f17) x30 0x8001020c
core   0: 0x8000b210 (0xde3f2a23) sw      gp, -524(t5)
core   0: 3 0x8000b210 (0xde3f2a23) mem 0x80010000 0x00000001
core   0: 0x8000b214 (0x0000bfe5) c.j     pc - 8
core   0: 3 0x8000b214 (0xbfe5)
core   0: 0x8000b20c (0x00005f17) auipc   t5, 0x5
core   0: 3 0x8000b20c (0x00005f17) x30 0x8001020c
core   0: 0x8000b210 (0xde3f2a23) sw      gp, -524(t5)
core   0: 3 0x8000b210 (0xde3f2a23) mem 0x80010000 0x00000001
core   0: 0x8000b214 (0x0000bfe5) c.j     pc - 8
core   0: 3 0x8000b214 (0xbfe5)
core   0: 0x8000b20c (0x00005f17) auipc   t5, 0x5
core   0: 3 0x8000b20c (0x00005f17) x30 0x8001020c
core   0: 0x8000b210 (0xde3f2a23) sw      gp, -524(t5)
core   0: 3 0x8000b210 (0xde3f2a23) mem 0x80010000 0x00000001
core   0: 0x8000b214 (0x0000bfe5) c.j     pc - 8
core   0: 3 0x8000b214 (0xbfe5)
core   0: 0x8000b20c (0x00005f17) auipc   t5, 0x5
core   0: 3 0x8000b20c (0x00005f17) x30 0x8001020c
core   0: 0x8000b210 (0xde3f2a23) sw      gp, -524(t5)
core   0: 3 0x8000b210 (0xde3f2a23) mem 0x80010000 0x00000001
core   0: 0x8000b214 (0x0000bfe5) c.j     pc - 8
core   0: 3 0x8000b214 (0xbfe5)
core   0: 0x8000b20c (0x00005f17) auipc   t5, 0x5
core   0: 3 0x8000b20c (0x00005f17) x30 0x8001020c
core   0: 0x8000b210 (0xde3f2a23) sw      gp, -524(t5)
core   0: 3 0x8000b210 (0xde3f2a23) mem 0x80010000 0x00000001
core   0: 0x8000b214 (0x0000bfe5) c.j     pc - 8
core   0: 3 0x8000b214 (0xbfe5)
core   0: 0x8000b20c (0x00005f17) auipc   t5, 0x5
core   0: 3 0x8000b20c (0x00005f17) x30 0x8001020c
core   0: 0x8000b210 (0xde3f2a23) sw      gp, -524(t5)
core   0: 3 0x8000b210 (0xde3f2a23) mem 0x80010000 0x00000001
core   0: 0x8000b214 (0x0000bfe5) c.j     pc - 8
core   0: 3 0x8000b214 (0xbfe5)
core   0: 0x8000b20c (0x00005f17) auipc   t5, 0x5
core   0: 3 0x8000b20c (0x00005f17) x30 0x8001020c
core   0: 0x8000b210 (0xde3f2a23) sw      gp, -524(t5)
core   0: 3 0x8000b210 (0xde3f2a23) mem 0x80010000 0x00000001
core   0: 0x8000b214 (0x0000bfe5) c.j     pc - 8
core   0: 3 0x8000b214 (0xbfe5)
core   0: 0x8000b20c (0x00005f17) auipc   t5, 0x5
core   0: 3 0x8000b20c (0x00005f17) x30 0x8001020c
core   0: 0x8000b210 (0xde3f2a23) sw      gp, -524(t5)
core   0: 3 0x8000b210 (0xde3f2a23) mem 0x80010000 0x00000001
core   0: 0x8000b214 (0x0000bfe5) c.j     pc - 8
core   0: 3 0x8000b214 (0xbfe5)
core   0: 0x8000b20c (0x00005f17) auipc   t5, 0x5
core   0: 3 0x8000b20c (0x00005f17) x30 0x8001020c
core   0: 0x8000b210 (0xde3f2a23) sw      gp, -524(t5)
core   0: 3 0x8000b210 (0xde3f2a23) mem 0x80010000 0x00000001
core   0: 0x8000b214 (0x0000bfe5) c.j     pc - 8
core   0: 3 0x8000b214 (0xbfe5)
core   0: 0x8000b20c (0x00005f17) auipc   t5, 0x5
core   0: 3 0x8000b20c (0x00005f17) x30 0x8001020c
core   0: 0x8000b210 (0xde3f2a23) sw      gp, -524(t5)
core   0: 3 0x8000b210 (0xde3f2a23) mem 0x80010000 0x00000001
core   0: 0x8000b214 (0x0000bfe5) c.j     pc - 8
core   0: 3 0x8000b214 (0xbfe5)
core   0: 0x8000b20c (0x00005f17) auipc   t5, 0x5
core   0: 3 0x8000b20c (0x00005f17) x30 0x8001020c
core   0: 0x8000b210 (0xde3f2a23) sw      gp, -524(t5)
core   0: 3 0x8000b210 (0xde3f2a23) mem 0x80010000 0x00000001
core   0: 0x8000b214 (0x0000bfe5) c.j     pc - 8
core   0: 3 0x8000b214 (0xbfe5)
core   0: 0x8000b20c (0x00005f17) auipc   t5, 0x5
core   0: 3 0x8000b20c (0x00005f17) x30 0x8001020c
core   0: 0x8000b210 (0xde3f2a23) sw      gp, -524(t5)
core   0: 3 0x8000b210 (0xde3f2a23) mem 0x80010000 0x00000001
core   0: 0x8000b214 (0x0000bfe5) c.j     pc - 8
core   0: 3 0x8000b214 (0xbfe5)
core   0: 0x8000b20c (0x00005f17) auipc   t5, 0x5
core   0: 3 0x8000b20c (0x00005f17) x30 0x8001020c
core   0: 0x8000b210 (0xde3f2a23) sw      gp, -524(t5)
core   0: 3 0x8000b210 (0xde3f2a23) mem 0x80010000 0x00000001
core   0: 0x8000b214 (0x0000bfe5) c.j     pc - 8
core   0: 3 0x8000b214 (0xbfe5)
core   0: 0x8000b20c (0x00005f17) auipc   t5, 0x5
core   0: 3 0x8000b20c (0x00005f17) x30 0x8001020c
core   0: 0x8000b210 (0xde3f2a23) sw      gp, -524(t5)
core   0: 3 0x8000b210 (0xde3f2a23) mem 0x80010000 0x00000001
core   0: 0x8000b214 (0x0000bfe5) c.j     pc - 8
core   0: 3 0x8000b214 (0xbfe5)
core   0: 0x8000b20c (0x00005f17) auipc   t5, 0x5
core   0: 3 0x8000b20c (0x00005f17) x30 0x8001020c
core   0: 0x8000b210 (0xde3f2a23) sw      gp, -524(t5)
core   0: 3 0x8000b210 (0xde3f2a23) mem 0x80010000 0x00000001
core   0: 0x8000b214 (0x0000bfe5) c.j     pc - 8
core   0: 3 0x8000b214 (0xbfe5)
core   0: 0x8000b20c (0x00005f17) auipc   t5, 0x5
core   0: 3 0x8000b20c (0x00005f17) x30 0x8001020c
core   0: 0x8000b210 (0xde3f2a23) sw      gp, -524(t5)
core   0: 3 0x8000b210 (0xde3f2a23) mem 0x80010000 0x00000001
core   0: 0x8000b214 (0x0000bfe5) c.j     pc - 8
core   0: 3 0x8000b214 (0xbfe5)
core   0: 0x8000b20c (0x00005f17) auipc   t5, 0x5
core   0: 3 0x8000b20c (0x00005f17) x30 0x8001020c
core   0: 0x8000b210 (0xde3f2a23) sw      gp, -524(t5)
core   0: 3 0x8000b210 (0xde3f2a23) mem 0x80010000 0x00000001
core   0: 0x8000b214 (0x0000bfe5) c.j     pc - 8
core   0: 3 0x8000b214 (0xbfe5)
core   0: 0x8000b20c (0x00005f17) auipc   t5, 0x5
core   0: 3 0x8000b20c (0x00005f17) x30 0x8001020c
core   0: 0x8000b210 (0xde3f2a23) sw      gp, -524(t5)
core   0: 3 0x8000b210 (0xde3f2a23) mem 0x80010000 0x00000001
core   0: 0x8000b214 (0x0000bfe5) c.j     pc - 8
core   0: 3 0x8000b214 (0xbfe5)
core   0: 0x8000b20c (0x00005f17) auipc   t5, 0x5
core   0: 3 0x8000b20c (0x00005f17) x30 0x8001020c
core   0: 0x8000b210 (0xde3f2a23) sw      gp, -524(t5)
core   0: 3 0x8000b210 (0xde3f2a23) mem 0x80010000 0x00000001
core   0: 0x8000b214 (0x0000bfe5) c.j     pc - 8
core   0: 3 0x8000b214 (0xbfe5)
core   0: 0x8000b20c (0x00005f17) auipc   t5, 0x5
core   0: 3 0x8000b20c (0x00005f17) x30 0x8001020c
core   0: 0x8000b210 (0xde3f2a23) sw      gp, -524(t5)
core   0: 3 0x8000b210 (0xde3f2a23) mem 0x80010000 0x00000001
core   0: 0x8000b214 (0x0000bfe5) c.j     pc - 8
core   0: 3 0x8000b214 (0xbfe5)
core   0: 0x8000b20c (0x00005f17) auipc   t5, 0x5
core   0: 3 0x8000b20c (0x00005f17) x30 0x8001020c
core   0: 0x8000b210 (0xde3f2a23) sw      gp, -524(t5)
core   0: 3 0x8000b210 (0xde3f2a23) mem 0x80010000 0x00000001
core   0: 0x8000b214 (0x0000bfe5) c.j     pc - 8
core   0: 3 0x8000b214 (0xbfe5)
core   0: 0x8000b20c (0x00005f17) auipc   t5, 0x5
core   0: 3 0x8000b20c (0x00005f17) x30 0x8001020c
core   0: 0x8000b210 (0xde3f2a23) sw      gp, -524(t5)
core   0: 3 0x8000b210 (0xde3f2a23) mem 0x80010000 0x00000001
core   0: 0x8000b214 (0x0000bfe5) c.j     pc - 8
core   0: 3 0x8000b214 (0xbfe5)
core   0: 0x8000b20c (0x00005f17) auipc   t5, 0x5
core   0: 3 0x8000b20c (0x00005f17) x30 0x8001020c
core   0: 0x8000b210 (0xde3f2a23) sw      gp, -524(t5)
core   0: 3 0x8000b210 (0xde3f2a23) mem 0x80010000 0x00000001
core   0: 0x8000b214 (0x0000bfe5) c.j     pc - 8
core   0: 3 0x8000b214 (0xbfe5)
core   0: 0x8000b20c (0x00005f17) auipc   t5, 0x5
core   0: 3 0x8000b20c (0x00005f17) x30 0x8001020c
core   0: 0x8000b210 (0xde3f2a23) sw      gp, -524(t5)
core   0: 3 0x8000b210 (0xde3f2a23) mem 0x80010000 0x00000001
core   0: 0x8000b214 (0x0000bfe5) c.j     pc - 8
core   0: 3 0x8000b214 (0xbfe5)
core   0: 0x8000b20c (0x00005f17) auipc   t5, 0x5
core   0: 3 0x8000b20c (0x00005f17) x30 0x8001020c
core   0: 0x8000b210 (0xde3f2a23) sw      gp, -524(t5)
core   0: 3 0x8000b210 (0xde3f2a23) mem 0x80010000 0x00000001
core   0: 0x8000b214 (0x0000bfe5) c.j     pc - 8
core   0: 3 0x8000b214 (0xbfe5)
core   0: 0x8000b20c (0x00005f17) auipc   t5, 0x5
core   0: 3 0x8000b20c (0x00005f17) x30 0x8001020c
core   0: 0x8000b210 (0xde3f2a23) sw      gp, -524(t5)
core   0: 3 0x8000b210 (0xde3f2a23) mem 0x80010000 0x00000001
core   0: 0x8000b214 (0x0000bfe5) c.j     pc - 8
core   0: 3 0x8000b214 (0xbfe5)
core   0: 0x8000b20c (0x00005f17) auipc   t5, 0x5
core   0: 3 0x8000b20c (0x00005f17) x30 0x8001020c
core   0: 0x8000b210 (0xde3f2a23) sw      gp, -524(t5)
core   0: 3 0x8000b210 (0xde3f2a23) mem 0x80010000 0x00000001
core   0: 0x8000b214 (0x0000bfe5) c.j     pc - 8
core   0: 3 0x8000b214 (0xbfe5)
core   0: 0x8000b20c (0x00005f17) auipc   t5, 0x5
core   0: 3 0x8000b20c (0x00005f17) x30 0x8001020c
core   0: 0x8000b210 (0xde3f2a23) sw      gp, -524(t5)
core   0: 3 0x8000b210 (0xde3f2a23) mem 0x80010000 0x00000001
core   0: 0x8000b214 (0x0000bfe5) c.j     pc - 8
core   0: 3 0x8000b214 (0xbfe5)
core   0: 0x8000b20c (0x00005f17) auipc   t5, 0x5
core   0: 3 0x8000b20c (0x00005f17) x30 0x8001020c
core   0: 0x8000b210 (0xde3f2a23) sw      gp, -524(t5)
core   0: 3 0x8000b210 (0xde3f2a23) mem 0x80010000 0x00000001
core   0: 0x8000b214 (0x0000bfe5) c.j     pc - 8
core   0: 3 0x8000b214 (0xbfe5)
core   0: 0x8000b20c (0x00005f17) auipc   t5, 0x5
core   0: 3 0x8000b20c (0x00005f17) x30 0x8001020c
core   0: 0x8000b210 (0xde3f2a23) sw      gp, -524(t5)
core   0: 3 0x8000b210 (0xde3f2a23) mem 0x80010000 0x00000001
core   0: 0x8000b214 (0x0000bfe5) c.j     pc - 8
core   0: 3 0x8000b214 (0xbfe5)
core   0: 0x8000b20c (0x00005f17) auipc   t5, 0x5
core   0: 3 0x8000b20c (0x00005f17) x30 0x8001020c
core   0: 0x8000b210 (0xde3f2a23) sw      gp, -524(t5)
core   0: 3 0x8000b210 (0xde3f2a23) mem 0x80010000 0x00000001
core   0: 0x8000b214 (0x0000bfe5) c.j     pc - 8
core   0: 3 0x8000b214 (0xbfe5)
core   0: 0x8000b20c (0x00005f17) auipc   t5, 0x5
core   0: 3 0x8000b20c (0x00005f17) x30 0x8001020c
core   0: 0x8000b210 (0xde3f2a23) sw      gp, -524(t5)
core   0: 3 0x8000b210 (0xde3f2a23) mem 0x80010000 0x00000001
core   0: 0x8000b214 (0x0000bfe5) c.j     pc - 8
core   0: 3 0x8000b214 (0xbfe5)
core   0: 0x8000b20c (0x00005f17) auipc   t5, 0x5
core   0: 3 0x8000b20c (0x00005f17) x30 0x8001020c
core   0: 0x8000b210 (0xde3f2a23) sw      gp, -524(t5)
core   0: 3 0x8000b210 (0xde3f2a23) mem 0x80010000 0x00000001
core   0: 0x8000b214 (0x0000bfe5) c.j     pc - 8
core   0: 3 0x8000b214 (0xbfe5)
core   0: 0x8000b20c (0x00005f17) auipc   t5, 0x5
core   0: 3 0x8000b20c (0x00005f17) x30 0x8001020c
core   0: 0x8000b210 (0xde3f2a23) sw      gp, -524(t5)
core   0: 3 0x8000b210 (0xde3f2a23) mem 0x80010000 0x00000001
core   0: 0x8000b214 (0x0000bfe5) c.j     pc - 8
core   0: 3 0x8000b214 (0xbfe5)
core   0: 0x8000b20c (0x00005f17) auipc   t5, 0x5
core   0: 3 0x8000b20c (0x00005f17) x30 0x8001020c
core   0: 0x8000b210 (0xde3f2a23) sw      gp, -524(t5)
core   0: 3 0x8000b210 (0xde3f2a23) mem 0x80010000 0x00000001
core   0: 0x8000b214 (0x0000bfe5) c.j     pc - 8
core   0: 3 0x8000b214 (0xbfe5)
core   0: 0x8000b20c (0x00005f17) auipc   t5, 0x5
core   0: 3 0x8000b20c (0x00005f17) x30 0x8001020c
core   0: 0x8000b210 (0xde3f2a23) sw      gp, -524(t5)
core   0: 3 0x8000b210 (0xde3f2a23) mem 0x80010000 0x00000001
core   0: 0x8000b214 (0x0000bfe5) c.j     pc - 8
core   0: 3 0x8000b214 (0xbfe5)
core   0: 0x8000b20c (0x00005f17) auipc   t5, 0x5
core   0: 3 0x8000b20c (0x00005f17) x30 0x8001020c
core   0: 0x8000b210 (0xde3f2a23) sw      gp, -524(t5)
core   0: 3 0x8000b210 (0xde3f2a23) mem 0x80010000 0x00000001
core   0: 0x8000b214 (0x0000bfe5) c.j     pc - 8
core   0: 3 0x8000b214 (0xbfe5)
core   0: 0x8000b20c (0x00005f17) auipc   t5, 0x5
core   0: 3 0x8000b20c (0x00005f17) x30 0x8001020c
core   0: 0x8000b210 (0xde3f2a23) sw      gp, -524(t5)
core   0: 3 0x8000b210 (0xde3f2a23) mem 0x80010000 0x00000001
core   0: 0x8000b214 (0x0000bfe5) c.j     pc - 8
core   0: 3 0x8000b214 (0xbfe5)
core   0: 0x8000b20c (0x00005f17) auipc   t5, 0x5
core   0: 3 0x8000b20c (0x00005f17) x30 0x8001020c
core   0: 0x8000b210 (0xde3f2a23) sw      gp, -524(t5)
core   0: 3 0x8000b210 (0xde3f2a23) mem 0x80010000 0x00000001
core   0: 0x8000b214 (0x0000bfe5) c.j     pc - 8
core   0: 3 0x8000b214 (0xbfe5)
core   0: 0x8000b20c (0x00005f17) auipc   t5, 0x5
core   0: 3 0x8000b20c (0x00005f17) x30 0x8001020c
core   0: 0x8000b210 (0xde3f2a23) sw      gp, -524(t5)
core   0: 3 0x8000b210 (0xde3f2a23) mem 0x80010000 0x00000001
core   0: 0x8000b214 (0x0000bfe5) c.j     pc - 8
core   0: 3 0x8000b214 (0xbfe5)
core   0: 0x8000b20c (0x00005f17) auipc   t5, 0x5
core   0: 3 0x8000b20c (0x00005f17) x30 0x8001020c
core   0: 0x8000b210 (0xde3f2a23) sw      gp, -524(t5)
core   0: 3 0x8000b210 (0xde3f2a23) mem 0x80010000 0x00000001
core   0: 0x8000b214 (0x0000bfe5) c.j     pc - 8
core   0: 3 0x8000b214 (0xbfe5)
core   0: 0x8000b20c (0x00005f17) auipc   t5, 0x5
core   0: 3 0x8000b20c (0x00005f17) x30 0x8001020c
core   0: 0x8000b210 (0xde3f2a23) sw      gp, -524(t5)
core   0: 3 0x8000b210 (0xde3f2a23) mem 0x80010000 0x00000001
core   0: 0x8000b214 (0x0000bfe5) c.j     pc - 8
core   0: 3 0x8000b214 (0xbfe5)
core   0: 0x8000b20c (0x00005f17) auipc   t5, 0x5
core   0: 3 0x8000b20c (0x00005f17) x30 0x8001020c
core   0: 0x8000b210 (0xde3f2a23) sw      gp, -524(t5)
core   0: 3 0x8000b210 (0xde3f2a23) mem 0x80010000 0x00000001
core   0: 0x8000b214 (0x0000bfe5) c.j     pc - 8
core   0: 3 0x8000b214 (0xbfe5)
core   0: 0x8000b20c (0x00005f17) auipc   t5, 0x5
core   0: 3 0x8000b20c (0x00005f17) x30 0x8001020c
core   0: 0x8000b210 (0xde3f2a23) sw      gp, -524(t5)
core   0: 3 0x8000b210 (0xde3f2a23) mem 0x80010000 0x00000001
core   0: 0x8000b214 (0x0000bfe5) c.j     pc - 8
core   0: 3 0x8000b214 (0xbfe5)
core   0: 0x8000b20c (0x00005f17) auipc   t5, 0x5
core   0: 3 0x8000b20c (0x00005f17) x30 0x8001020c
core   0: 0x8000b210 (0xde3f2a23) sw      gp, -524(t5)
core   0: 3 0x8000b210 (0xde3f2a23) mem 0x80010000 0x00000001
core   0: 0x8000b214 (0x0000bfe5) c.j     pc - 8
core   0: 3 0x8000b214 (0xbfe5)
core   0: 0x8000b20c (0x00005f17) auipc   t5, 0x5
core   0: 3 0x8000b20c (0x00005f17) x30 0x8001020c
core   0: 0x8000b210 (0xde3f2a23) sw      gp, -524(t5)
core   0: 3 0x8000b210 (0xde3f2a23) mem 0x80010000 0x00000001
core   0: 0x8000b214 (0x0000bfe5) c.j     pc - 8
core   0: 3 0x8000b214 (0xbfe5)
core   0: 0x8000b20c (0x00005f17) auipc   t5, 0x5
core   0: 3 0x8000b20c (0x00005f17) x30 0x8001020c
core   0: 0x8000b210 (0xde3f2a23) sw      gp, -524(t5)
core   0: 3 0x8000b210 (0xde3f2a23) mem 0x80010000 0x00000001
core   0: 0x8000b214 (0x0000bfe5) c.j     pc - 8
core   0: 3 0x8000b214 (0xbfe5)
core   0: 0x8000b20c (0x00005f17) auipc   t5, 0x5
core   0: 3 0x8000b20c (0x00005f17) x30 0x8001020c
core   0: 0x8000b210 (0xde3f2a23) sw      gp, -524(t5)
core   0: 3 0x8000b210 (0xde3f2a23) mem 0x80010000 0x00000001
core   0: 0x8000b214 (0x0000bfe5) c.j     pc - 8
core   0: 3 0x8000b214 (0xbfe5)
core   0: 0x8000b20c (0x00005f17) auipc   t5, 0x5
core   0: 3 0x8000b20c (0x00005f17) x30 0x8001020c
core   0: 0x8000b210 (0xde3f2a23) sw      gp, -524(t5)
core   0: 3 0x8000b210 (0xde3f2a23) mem 0x80010000 0x00000001
core   0: 0x8000b214 (0x0000bfe5) c.j     pc - 8
core   0: 3 0x8000b214 (0xbfe5)
core   0: 0x8000b20c (0x00005f17) auipc   t5, 0x5
core   0: 3 0x8000b20c (0x00005f17) x30 0x8001020c
core   0: 0x8000b210 (0xde3f2a23) sw      gp, -524(t5)
core   0: 3 0x8000b210 (0xde3f2a23) mem 0x80010000 0x00000001
core   0: 0x8000b214 (0x0000bfe5) c.j     pc - 8
core   0: 3 0x8000b214 (0xbfe5)
core   0: 0x8000b20c (0x00005f17) auipc   t5, 0x5
core   0: 3 0x8000b20c (0x00005f17) x30 0x8001020c
core   0: 0x8000b210 (0xde3f2a23) sw      gp, -524(t5)
core   0: 3 0x8000b210 (0xde3f2a23) mem 0x80010000 0x00000001
core   0: 0x8000b214 (0x0000bfe5) c.j     pc - 8
core   0: 3 0x8000b214 (0xbfe5)
core   0: 0x8000b20c (0x00005f17) auipc   t5, 0x5
core   0: 3 0x8000b20c (0x00005f17) x30 0x8001020c
core   0: 0x8000b210 (0xde3f2a23) sw      gp, -524(t5)
core   0: 3 0x8000b210 (0xde3f2a23) mem 0x80010000 0x00000001
core   0: 0x8000b214 (0x0000bfe5) c.j     pc - 8
core   0: 3 0x8000b214 (0xbfe5)
core   0: 0x8000b20c (0x00005f17) auipc   t5, 0x5
core   0: 3 0x8000b20c (0x00005f17) x30 0x8001020c
core   0: 0x8000b210 (0xde3f2a23) sw      gp, -524(t5)
core   0: 3 0x8000b210 (0xde3f2a23) mem 0x80010000 0x00000001
core   0: 0x8000b214 (0x0000bfe5) c.j     pc - 8
core   0: 3 0x8000b214 (0xbfe5)
core   0: 0x8000b20c (0x00005f17) auipc   t5, 0x5
core   0: 3 0x8000b20c (0x00005f17) x30 0x8001020c
core   0: 0x8000b210 (0xde3f2a23) sw      gp, -524(t5)
core   0: 3 0x8000b210 (0xde3f2a23) mem 0x80010000 0x00000001
core   0: 0x8000b214 (0x0000bfe5) c.j     pc - 8
core   0: 3 0x8000b214 (0xbfe5)
core   0: 0x8000b20c (0x00005f17) auipc   t5, 0x5
core   0: 3 0x8000b20c (0x00005f17) x30 0x8001020c
core   0: 0x8000b210 (0xde3f2a23) sw      gp, -524(t5)
core   0: 3 0x8000b210 (0xde3f2a23) mem 0x80010000 0x00000001
core   0: 0x8000b214 (0x0000bfe5) c.j     pc - 8
core   0: 3 0x8000b214 (0xbfe5)
core   0: 0x8000b20c (0x00005f17) auipc   t5, 0x5
core   0: 3 0x8000b20c (0x00005f17) x30 0x8001020c
core   0: 0x8000b210 (0xde3f2a23) sw      gp, -524(t5)
core   0: 3 0x8000b210 (0xde3f2a23) mem 0x80010000 0x00000001
core   0: 0x8000b214 (0x0000bfe5) c.j     pc - 8
core   0: 3 0x8000b214 (0xbfe5)
core   0: 0x8000b20c (0x00005f17) auipc   t5, 0x5
core   0: 3 0x8000b20c (0x00005f17) x30 0x8001020c
core   0: 0x8000b210 (0xde3f2a23) sw      gp, -524(t5)
core   0: 3 0x8000b210 (0xde3f2a23) mem 0x80010000 0x00000001
core   0: 0x8000b214 (0x0000bfe5) c.j     pc - 8
core   0: 3 0x8000b214 (0xbfe5)
core   0: 0x8000b20c (0x00005f17) auipc   t5, 0x5
core   0: 3 0x8000b20c (0x00005f17) x30 0x8001020c
core   0: 0x8000b210 (0xde3f2a23) sw      gp, -524(t5)
core   0: 3 0x8000b210 (0xde3f2a23) mem 0x80010000 0x00000001
core   0: 0x8000b214 (0x0000bfe5) c.j     pc - 8
core   0: 3 0x8000b214 (0xbfe5)
core   0: 0x8000b20c (0x00005f17) auipc   t5, 0x5
core   0: 3 0x8000b20c (0x00005f17) x30 0x8001020c
core   0: 0x8000b210 (0xde3f2a23) sw      gp, -524(t5)
core   0: 3 0x8000b210 (0xde3f2a23) mem 0x80010000 0x00000001
core   0: 0x8000b214 (0x0000bfe5) c.j     pc - 8
core   0: 3 0x8000b214 (0xbfe5)
core   0: 0x8000b20c (0x00005f17) auipc   t5, 0x5
core   0: 3 0x8000b20c (0x00005f17) x30 0x8001020c
core   0: 0x8000b210 (0xde3f2a23) sw      gp, -524(t5)
core   0: 3 0x8000b210 (0xde3f2a23) mem 0x80010000 0x00000001
core   0: 0x8000b214 (0x0000bfe5) c.j     pc - 8
core   0: 3 0x8000b214 (0xbfe5)
core   0: 0x8000b20c (0x00005f17) auipc   t5, 0x5
core   0: 3 0x8000b20c (0x00005f17) x30 0x8001020c
core   0: 0x8000b210 (0xde3f2a23) sw      gp, -524(t5)
core   0: 3 0x8000b210 (0xde3f2a23) mem 0x80010000 0x00000001
core   0: 0x8000b214 (0x0000bfe5) c.j     pc - 8
core   0: 3 0x8000b214 (0xbfe5)
core   0: 0x8000b20c (0x00005f17) auipc   t5, 0x5
core   0: 3 0x8000b20c (0x00005f17) x30 0x8001020c
core   0: 0x8000b210 (0xde3f2a23) sw      gp, -524(t5)
core   0: 3 0x8000b210 (0xde3f2a23) mem 0x80010000 0x00000001
core   0: 0x8000b214 (0x0000bfe5) c.j     pc - 8
core   0: 3 0x8000b214 (0xbfe5)
core   0: 0x8000b20c (0x00005f17) auipc   t5, 0x5
core   0: 3 0x8000b20c (0x00005f17) x30 0x8001020c
core   0: 0x8000b210 (0xde3f2a23) sw      gp, -524(t5)
core   0: 3 0x8000b210 (0xde3f2a23) mem 0x80010000 0x00000001
core   0: 0x8000b214 (0x0000bfe5) c.j     pc - 8
core   0: 3 0x8000b214 (0xbfe5)
core   0: 0x8000b20c (0x00005f17) auipc   t5, 0x5
core   0: 3 0x8000b20c (0x00005f17) x30 0x8001020c
core   0: 0x8000b210 (0xde3f2a23) sw      gp, -524(t5)
core   0: 3 0x8000b210 (0xde3f2a23) mem 0x80010000 0x00000001
core   0: 0x8000b214 (0x0000bfe5) c.j     pc - 8
core   0: 3 0x8000b214 (0xbfe5)
core   0: 0x8000b20c (0x00005f17) auipc   t5, 0x5
core   0: 3 0x8000b20c (0x00005f17) x30 0x8001020c
core   0: 0x8000b210 (0xde3f2a23) sw      gp, -524(t5)
core   0: 3 0x8000b210 (0xde3f2a23) mem 0x80010000 0x00000001
core   0: 0x8000b214 (0x0000bfe5) c.j     pc - 8
core   0: 3 0x8000b214 (0xbfe5)
core   0: 0x8000b20c (0x00005f17) auipc   t5, 0x5
core   0: 3 0x8000b20c (0x00005f17) x30 0x8001020c
core   0: 0x8000b210 (0xde3f2a23) sw      gp, -524(t5)
core   0: 3 0x8000b210 (0xde3f2a23) mem 0x80010000 0x00000001
core   0: 0x8000b214 (0x0000bfe5) c.j     pc - 8
core   0: 3 0x8000b214 (0xbfe5)
core   0: 0x8000b20c (0x00005f17) auipc   t5, 0x5
core   0: 3 0x8000b20c (0x00005f17) x30 0x8001020c
core   0: 0x8000b210 (0xde3f2a23) sw      gp, -524(t5)
core   0: 3 0x8000b210 (0xde3f2a23) mem 0x80010000 0x00000001
core   0: 0x8000b214 (0x0000bfe5) c.j     pc - 8
core   0: 3 0x8000b214 (0xbfe5)
core   0: 0x8000b20c (0x00005f17) auipc   t5, 0x5
core   0: 3 0x8000b20c (0x00005f17) x30 0x8001020c
core   0: 0x8000b210 (0xde3f2a23) sw      gp, -524(t5)
core   0: 3 0x8000b210 (0xde3f2a23) mem 0x80010000 0x00000001
core   0: 0x8000b214 (0x0000bfe5) c.j     pc - 8
core   0: 3 0x8000b214 (0xbfe5)
core   0: 0x8000b20c (0x00005f17) auipc   t5, 0x5
core   0: 3 0x8000b20c (0x00005f17) x30 0x8001020c
core   0: 0x8000b210 (0xde3f2a23) sw      gp, -524(t5)
core   0: 3 0x8000b210 (0xde3f2a23) mem 0x80010000 0x00000001
core   0: 0x8000b214 (0x0000bfe5) c.j     pc - 8
core   0: 3 0x8000b214 (0xbfe5)
core   0: 0x8000b20c (0x00005f17) auipc   t5, 0x5
core   0: 3 0x8000b20c (0x00005f17) x30 0x8001020c
core   0: 0x8000b210 (0xde3f2a23) sw      gp, -524(t5)
core   0: 3 0x8000b210 (0xde3f2a23) mem 0x80010000 0x00000001
core   0: 0x8000b214 (0x0000bfe5) c.j     pc - 8
core   0: 3 0x8000b214 (0xbfe5)
core   0: 0x8000b20c (0x00005f17) auipc   t5, 0x5
core   0: 3 0x8000b20c (0x00005f17) x30 0x8001020c
core   0: 0x8000b210 (0xde3f2a23) sw      gp, -524(t5)
core   0: 3 0x8000b210 (0xde3f2a23) mem 0x80010000 0x00000001
core   0: 0x8000b214 (0x0000bfe5) c.j     pc - 8
core   0: 3 0x8000b214 (0xbfe5)
core   0: 0x8000b20c (0x00005f17) auipc   t5, 0x5
core   0: 3 0x8000b20c (0x00005f17) x30 0x8001020c
core   0: 0x8000b210 (0xde3f2a23) sw      gp, -524(t5)
core   0: 3 0x8000b210 (0xde3f2a23) mem 0x80010000 0x00000001
core   0: 0x8000b214 (0x0000bfe5) c.j     pc - 8
core   0: 3 0x8000b214 (0xbfe5)
core   0: 0x8000b20c (0x00005f17) auipc   t5, 0x5
core   0: 3 0x8000b20c (0x00005f17) x30 0x8001020c
core   0: 0x8000b210 (0xde3f2a23) sw      gp, -524(t5)
core   0: 3 0x8000b210 (0xde3f2a23) mem 0x80010000 0x00000001
core   0: 0x8000b214 (0x0000bfe5) c.j     pc - 8
core   0: 3 0x8000b214 (0xbfe5)
core   0: 0x8000b20c (0x00005f17) auipc   t5, 0x5
core   0: 3 0x8000b20c (0x00005f17) x30 0x8001020c
core   0: 0x8000b210 (0xde3f2a23) sw      gp, -524(t5)
core   0: 3 0x8000b210 (0xde3f2a23) mem 0x80010000 0x00000001
core   0: 0x8000b214 (0x0000bfe5) c.j     pc - 8
core   0: 3 0x8000b214 (0xbfe5)
core   0: 0x8000b20c (0x00005f17) auipc   t5, 0x5
core   0: 3 0x8000b20c (0x00005f17) x30 0x8001020c
core   0: 0x8000b210 (0xde3f2a23) sw      gp, -524(t5)
core   0: 3 0x8000b210 (0xde3f2a23) mem 0x80010000 0x00000001
core   0: 0x8000b214 (0x0000bfe5) c.j     pc - 8
core   0: 3 0x8000b214 (0xbfe5)
core   0: 0x8000b20c (0x00005f17) auipc   t5, 0x5
core   0: 3 0x8000b20c (0x00005f17) x30 0x8001020c
core   0: 0x8000b210 (0xde3f2a23) sw      gp, -524(t5)
core   0: 3 0x8000b210 (0xde3f2a23) mem 0x80010000 0x00000001
core   0: 0x8000b214 (0x0000bfe5) c.j     pc - 8
core   0: 3 0x8000b214 (0xbfe5)
core   0: 0x8000b20c (0x00005f17) auipc   t5, 0x5
core   0: 3 0x8000b20c (0x00005f17) x30 0x8001020c
core   0: 0x8000b210 (0xde3f2a23) sw      gp, -524(t5)
core   0: 3 0x8000b210 (0xde3f2a23) mem 0x80010000 0x00000001
core   0: 0x8000b214 (0x0000bfe5) c.j     pc - 8
core   0: 3 0x8000b214 (0xbfe5)
core   0: 0x8000b20c (0x00005f17) auipc   t5, 0x5
core   0: 3 0x8000b20c (0x00005f17) x30 0x8001020c
core   0: 0x8000b210 (0xde3f2a23) sw      gp, -524(t5)
core   0: 3 0x8000b210 (0xde3f2a23) mem 0x80010000 0x00000001
core   0: 0x8000b214 (0x0000bfe5) c.j     pc - 8
core   0: 3 0x8000b214 (0xbfe5)
core   0: 0x8000b20c (0x00005f17) auipc   t5, 0x5
core   0: 3 0x8000b20c (0x00005f17) x30 0x8001020c
core   0: 0x8000b210 (0xde3f2a23) sw      gp, -524(t5)
core   0: 3 0x8000b210 (0xde3f2a23) mem 0x80010000 0x00000001
core   0: 0x8000b214 (0x0000bfe5) c.j     pc - 8
core   0: 3 0x8000b214 (0xbfe5)
core   0: 0x8000b20c (0x00005f17) auipc   t5, 0x5
core   0: 3 0x8000b20c (0x00005f17) x30 0x8001020c
core   0: 0x8000b210 (0xde3f2a23) sw      gp, -524(t5)
core   0: 3 0x8000b210 (0xde3f2a23) mem 0x80010000 0x00000001
core   0: 0x8000b214 (0x0000bfe5) c.j     pc - 8
core   0: 3 0x8000b214 (0xbfe5)
core   0: 0x8000b20c (0x00005f17) auipc   t5, 0x5
core   0: 3 0x8000b20c (0x00005f17) x30 0x8001020c
core   0: 0x8000b210 (0xde3f2a23) sw      gp, -524(t5)
core   0: 3 0x8000b210 (0xde3f2a23) mem 0x80010000 0x00000001
core   0: 0x8000b214 (0x0000bfe5) c.j     pc - 8
core   0: 3 0x8000b214 (0xbfe5)
core   0: 0x8000b20c (0x00005f17) auipc   t5, 0x5
core   0: 3 0x8000b20c (0x00005f17) x30 0x8001020c
core   0: 0x8000b210 (0xde3f2a23) sw      gp, -524(t5)
core   0: 3 0x8000b210 (0xde3f2a23) mem 0x80010000 0x00000001
core   0: 0x8000b214 (0x0000bfe5) c.j     pc - 8
core   0: 3 0x8000b214 (0xbfe5)
core   0: 0x8000b20c (0x00005f17) auipc   t5, 0x5
core   0: 3 0x8000b20c (0x00005f17) x30 0x8001020c
core   0: 0x8000b210 (0xde3f2a23) sw      gp, -524(t5)
core   0: 3 0x8000b210 (0xde3f2a23) mem 0x80010000 0x00000001
core   0: 0x8000b214 (0x0000bfe5) c.j     pc - 8
core   0: 3 0x8000b214 (0xbfe5)
core   0: 0x8000b20c (0x00005f17) auipc   t5, 0x5
core   0: 3 0x8000b20c (0x00005f17) x30 0x8001020c
core   0: 0x8000b210 (0xde3f2a23) sw      gp, -524(t5)
core   0: 3 0x8000b210 (0xde3f2a23) mem 0x80010000 0x00000001
core   0: 0x8000b214 (0x0000bfe5) c.j     pc - 8
core   0: 3 0x8000b214 (0xbfe5)
core   0: 0x8000b20c (0x00005f17) auipc   t5, 0x5
core   0: 3 0x8000b20c (0x00005f17) x30 0x8001020c
core   0: 0x8000b210 (0xde3f2a23) sw      gp, -524(t5)
core   0: 3 0x8000b210 (0xde3f2a23) mem 0x80010000 0x00000001
core   0: 0x8000b214 (0x0000bfe5) c.j     pc - 8
core   0: 3 0x8000b214 (0xbfe5)
core   0: 0x8000b20c (0x00005f17) auipc   t5, 0x5
core   0: 3 0x8000b20c (0x00005f17) x30 0x8001020c
core   0: 0x8000b210 (0xde3f2a23) sw      gp, -524(t5)
core   0: 3 0x8000b210 (0xde3f2a23) mem 0x80010000 0x00000001
core   0: 0x8000b214 (0x0000bfe5) c.j     pc - 8
core   0: 3 0x8000b214 (0xbfe5)
core   0: 0x8000b20c (0x00005f17) auipc   t5, 0x5
core   0: 3 0x8000b20c (0x00005f17) x30 0x8001020c
core   0: 0x8000b210 (0xde3f2a23) sw      gp, -524(t5)
core   0: 3 0x8000b210 (0xde3f2a23) mem 0x80010000 0x00000001
core   0: 0x8000b214 (0x0000bfe5) c.j     pc - 8
core   0: 3 0x8000b214 (0xbfe5)
core   0: 0x8000b20c (0x00005f17) auipc   t5, 0x5
core   0: 3 0x8000b20c (0x00005f17) x30 0x8001020c
core   0: 0x8000b210 (0xde3f2a23) sw      gp, -524(t5)
core   0: 3 0x8000b210 (0xde3f2a23) mem 0x80010000 0x00000001
core   0: 0x8000b214 (0x0000bfe5) c.j     pc - 8
core   0: 3 0x8000b214 (0xbfe5)
core   0: 0x8000b20c (0x00005f17) auipc   t5, 0x5
core   0: 3 0x8000b20c (0x00005f17) x30 0x8001020c
core   0: 0x8000b210 (0xde3f2a23) sw      gp, -524(t5)
core   0: 3 0x8000b210 (0xde3f2a23) mem 0x80010000 0x00000001
core   0: 0x8000b214 (0x0000bfe5) c.j     pc - 8
core   0: 3 0x8000b214 (0xbfe5)
core   0: 0x8000b20c (0x00005f17) auipc   t5, 0x5
core   0: 3 0x8000b20c (0x00005f17) x30 0x8001020c
core   0: 0x8000b210 (0xde3f2a23) sw      gp, -524(t5)
core   0: 3 0x8000b210 (0xde3f2a23) mem 0x80010000 0x00000001
core   0: 0x8000b214 (0x0000bfe5) c.j     pc - 8
core   0: 3 0x8000b214 (0xbfe5)
core   0: 0x8000b20c (0x00005f17) auipc   t5, 0x5
core   0: 3 0x8000b20c (0x00005f17) x30 0x8001020c
core   0: 0x8000b210 (0xde3f2a23) sw      gp, -524(t5)
core   0: 3 0x8000b210 (0xde3f2a23) mem 0x80010000 0x00000001
core   0: 0x8000b214 (0x0000bfe5) c.j     pc - 8
core   0: 3 0x8000b214 (0xbfe5)
core   0: 0x8000b20c (0x00005f17) auipc   t5, 0x5
core   0: 3 0x8000b20c (0x00005f17) x30 0x8001020c
core   0: 0x8000b210 (0xde3f2a23) sw      gp, -524(t5)
core   0: 3 0x8000b210 (0xde3f2a23) mem 0x80010000 0x00000001
core   0: 0x8000b214 (0x0000bfe5) c.j     pc - 8
core   0: 3 0x8000b214 (0xbfe5)
core   0: 0x8000b20c (0x00005f17) auipc   t5, 0x5
core   0: 3 0x8000b20c (0x00005f17) x30 0x8001020c
core   0: 0x8000b210 (0xde3f2a23) sw      gp, -524(t5)
core   0: 3 0x8000b210 (0xde3f2a23) mem 0x80010000 0x00000001
core   0: 0x8000b214 (0x0000bfe5) c.j     pc - 8
core   0: 3 0x8000b214 (0xbfe5)
core   0: 0x8000b20c (0x00005f17) auipc   t5, 0x5
core   0: 3 0x8000b20c (0x00005f17) x30 0x8001020c
core   0: 0x8000b210 (0xde3f2a23) sw      gp, -524(t5)
core   0: 3 0x8000b210 (0xde3f2a23) mem 0x80010000 0x00000001
core   0: 0x8000b214 (0x0000bfe5) c.j     pc - 8
core   0: 3 0x8000b214 (0xbfe5)
core   0: 0x8000b20c (0x00005f17) auipc   t5, 0x5
core   0: 3 0x8000b20c (0x00005f17) x30 0x8001020c
core   0: 0x8000b210 (0xde3f2a23) sw      gp, -524(t5)
core   0: 3 0x8000b210 (0xde3f2a23) mem 0x80010000 0x00000001
core   0: 0x8000b214 (0x0000bfe5) c.j     pc - 8
core   0: 3 0x8000b214 (0xbfe5)
core   0: 0x8000b20c (0x00005f17) auipc   t5, 0x5
core   0: 3 0x8000b20c (0x00005f17) x30 0x8001020c
core   0: 0x8000b210 (0xde3f2a23) sw      gp, -524(t5)
core   0: 3 0x8000b210 (0xde3f2a23) mem 0x80010000 0x00000001
core   0: 0x8000b214 (0x0000bfe5) c.j     pc - 8
core   0: 3 0x8000b214 (0xbfe5)
core   0: 0x8000b20c (0x00005f17) auipc   t5, 0x5
core   0: 3 0x8000b20c (0x00005f17) x30 0x8001020c
core   0: 0x8000b210 (0xde3f2a23) sw      gp, -524(t5)
core   0: 3 0x8000b210 (0xde3f2a23) mem 0x80010000 0x00000001
core   0: 0x8000b214 (0x0000bfe5) c.j     pc - 8
core   0: 3 0x8000b214 (0xbfe5)
core   0: 0x8000b20c (0x00005f17) auipc   t5, 0x5
core   0: 3 0x8000b20c (0x00005f17) x30 0x8001020c
core   0: 0x8000b210 (0xde3f2a23) sw      gp, -524(t5)
core   0: 3 0x8000b210 (0xde3f2a23) mem 0x80010000 0x00000001
core   0: 0x8000b214 (0x0000bfe5) c.j     pc - 8
core   0: 3 0x8000b214 (0xbfe5)
core   0: 0x8000b20c (0x00005f17) auipc   t5, 0x5
core   0: 3 0x8000b20c (0x00005f17) x30 0x8001020c
core   0: 0x8000b210 (0xde3f2a23) sw      gp, -524(t5)
core   0: 3 0x8000b210 (0xde3f2a23) mem 0x80010000 0x00000001
core   0: 0x8000b214 (0x0000bfe5) c.j     pc - 8
core   0: 3 0x8000b214 (0xbfe5)
core   0: 0x8000b20c (0x00005f17) auipc   t5, 0x5
core   0: 3 0x8000b20c (0x00005f17) x30 0x8001020c
core   0: 0x8000b210 (0xde3f2a23) sw      gp, -524(t5)
core   0: 3 0x8000b210 (0xde3f2a23) mem 0x80010000 0x00000001
core   0: 0x8000b214 (0x0000bfe5) c.j     pc - 8
core   0: 3 0x8000b214 (0xbfe5)
core   0: 0x8000b20c (0x00005f17) auipc   t5, 0x5
core   0: 3 0x8000b20c (0x00005f17) x30 0x8001020c
core   0: 0x8000b210 (0xde3f2a23) sw      gp, -524(t5)
core   0: 3 0x8000b210 (0xde3f2a23) mem 0x80010000 0x00000001
core   0: 0x8000b214 (0x0000bfe5) c.j     pc - 8
core   0: 3 0x8000b214 (0xbfe5)
core   0: 0x8000b20c (0x00005f17) auipc   t5, 0x5
core   0: 3 0x8000b20c (0x00005f17) x30 0x8001020c
core   0: 0x8000b210 (0xde3f2a23) sw      gp, -524(t5)
core   0: 3 0x8000b210 (0xde3f2a23) mem 0x80010000 0x00000001
core   0: 0x8000b214 (0x0000bfe5) c.j     pc - 8
core   0: 3 0x8000b214 (0xbfe5)
core   0: 0x8000b20c (0x00005f17) auipc   t5, 0x5
core   0: 3 0x8000b20c (0x00005f17) x30 0x8001020c
core   0: 0x8000b210 (0xde3f2a23) sw      gp, -524(t5)
core   0: 3 0x8000b210 (0xde3f2a23) mem 0x80010000 0x00000001
core   0: 0x8000b214 (0x0000bfe5) c.j     pc - 8
core   0: 3 0x8000b214 (0xbfe5)
core   0: 0x8000b20c (0x00005f17) auipc   t5, 0x5
core   0: 3 0x8000b20c (0x00005f17) x30 0x8001020c
core   0: 0x8000b210 (0xde3f2a23) sw      gp, -524(t5)
core   0: 3 0x8000b210 (0xde3f2a23) mem 0x80010000 0x00000001
core   0: 0x8000b214 (0x0000bfe5) c.j     pc - 8
core   0: 3 0x8000b214 (0xbfe5)
core   0: 0x8000b20c (0x00005f17) auipc   t5, 0x5
core   0: 3 0x8000b20c (0x00005f17) x30 0x8001020c
core   0: 0x8000b210 (0xde3f2a23) sw      gp, -524(t5)
core   0: 3 0x8000b210 (0xde3f2a23) mem 0x80010000 0x00000001
core   0: 0x8000b214 (0x0000bfe5) c.j     pc - 8
core   0: 3 0x8000b214 (0xbfe5)
core   0: 0x8000b20c (0x00005f17) auipc   t5, 0x5
core   0: 3 0x8000b20c (0x00005f17) x30 0x8001020c
core   0: 0x8000b210 (0xde3f2a23) sw      gp, -524(t5)
core   0: 3 0x8000b210 (0xde3f2a23) mem 0x80010000 0x00000001
core   0: 0x8000b214 (0x0000bfe5) c.j     pc - 8
core   0: 3 0x8000b214 (0xbfe5)
core   0: 0x8000b20c (0x00005f17) auipc   t5, 0x5
core   0: 3 0x8000b20c (0x00005f17) x30 0x8001020c
core   0: 0x8000b210 (0xde3f2a23) sw      gp, -524(t5)
core   0: 3 0x8000b210 (0xde3f2a23) mem 0x80010000 0x00000001
core   0: 0x8000b214 (0x0000bfe5) c.j     pc - 8
core   0: 3 0x8000b214 (0xbfe5)
core   0: 0x8000b20c (0x00005f17) auipc   t5, 0x5
core   0: 3 0x8000b20c (0x00005f17) x30 0x8001020c
core   0: 0x8000b210 (0xde3f2a23) sw      gp, -524(t5)
core   0: 3 0x8000b210 (0xde3f2a23) mem 0x80010000 0x00000001
core   0: 0x8000b214 (0x0000bfe5) c.j     pc - 8
core   0: 3 0x8000b214 (0xbfe5)
core   0: 0x8000b20c (0x00005f17) auipc   t5, 0x5
core   0: 3 0x8000b20c (0x00005f17) x30 0x8001020c
core   0: 0x8000b210 (0xde3f2a23) sw      gp, -524(t5)
core   0: 3 0x8000b210 (0xde3f2a23) mem 0x80010000 0x00000001
core   0: 0x8000b214 (0x0000bfe5) c.j     pc - 8
core   0: 3 0x8000b214 (0xbfe5)
core   0: 0x8000b20c (0x00005f17) auipc   t5, 0x5
core   0: 3 0x8000b20c (0x00005f17) x30 0x8001020c
core   0: 0x8000b210 (0xde3f2a23) sw      gp, -524(t5)
core   0: 3 0x8000b210 (0xde3f2a23) mem 0x80010000 0x00000001
core   0: 0x8000b214 (0x0000bfe5) c.j     pc - 8
core   0: 3 0x8000b214 (0xbfe5)
core   0: 0x8000b20c (0x00005f17) auipc   t5, 0x5
core   0: 3 0x8000b20c (0x00005f17) x30 0x8001020c
core   0: 0x8000b210 (0xde3f2a23) sw      gp, -524(t5)
core   0: 3 0x8000b210 (0xde3f2a23) mem 0x80010000 0x00000001
core   0: 0x8000b214 (0x0000bfe5) c.j     pc - 8
core   0: 3 0x8000b214 (0xbfe5)
core   0: 0x8000b20c (0x00005f17) auipc   t5, 0x5
core   0: 3 0x8000b20c (0x00005f17) x30 0x8001020c
core   0: 0x8000b210 (0xde3f2a23) sw      gp, -524(t5)
core   0: 3 0x8000b210 (0xde3f2a23) mem 0x80010000 0x00000001
core   0: 0x8000b214 (0x0000bfe5) c.j     pc - 8
core   0: 3 0x8000b214 (0xbfe5)
core   0: 0x8000b20c (0x00005f17) auipc   t5, 0x5
core   0: 3 0x8000b20c (0x00005f17) x30 0x8001020c
core   0: 0x8000b210 (0xde3f2a23) sw      gp, -524(t5)
core   0: 3 0x8000b210 (0xde3f2a23) mem 0x80010000 0x00000001
core   0: 0x8000b214 (0x0000bfe5) c.j     pc - 8
core   0: 3 0x8000b214 (0xbfe5)
core   0: 0x8000b20c (0x00005f17) auipc   t5, 0x5
core   0: 3 0x8000b20c (0x00005f17) x30 0x8001020c
core   0: 0x8000b210 (0xde3f2a23) sw      gp, -524(t5)
core   0: 3 0x8000b210 (0xde3f2a23) mem 0x80010000 0x00000001
core   0: 0x8000b214 (0x0000bfe5) c.j     pc - 8
core   0: 3 0x8000b214 (0xbfe5)
core   0: 0x8000b20c (0x00005f17) auipc   t5, 0x5
core   0: 3 0x8000b20c (0x00005f17) x30 0x8001020c
core   0: 0x8000b210 (0xde3f2a23) sw      gp, -524(t5)
core   0: 3 0x8000b210 (0xde3f2a23) mem 0x80010000 0x00000001
core   0: 0x8000b214 (0x0000bfe5) c.j     pc - 8
core   0: 3 0x8000b214 (0xbfe5)
core   0: 0x8000b20c (0x00005f17) auipc   t5, 0x5
core   0: 3 0x8000b20c (0x00005f17) x30 0x8001020c
core   0: 0x8000b210 (0xde3f2a23) sw      gp, -524(t5)
core   0: 3 0x8000b210 (0xde3f2a23) mem 0x80010000 0x00000001
core   0: 0x8000b214 (0x0000bfe5) c.j     pc - 8
core   0: 3 0x8000b214 (0xbfe5)
core   0: 0x8000b20c (0x00005f17) auipc   t5, 0x5
core   0: 3 0x8000b20c (0x00005f17) x30 0x8001020c
core   0: 0x8000b210 (0xde3f2a23) sw      gp, -524(t5)
core   0: 3 0x8000b210 (0xde3f2a23) mem 0x80010000 0x00000001
core   0: 0x8000b214 (0x0000bfe5) c.j     pc - 8
core   0: 3 0x8000b214 (0xbfe5)
core   0: 0x8000b20c (0x00005f17) auipc   t5, 0x5
core   0: 3 0x8000b20c (0x00005f17) x30 0x8001020c
core   0: 0x8000b210 (0xde3f2a23) sw      gp, -524(t5)
core   0: 3 0x8000b210 (0xde3f2a23) mem 0x80010000 0x00000001
core   0: 0x8000b214 (0x0000bfe5) c.j     pc - 8
core   0: 3 0x8000b214 (0xbfe5)
core   0: 0x8000b20c (0x00005f17) auipc   t5, 0x5
core   0: 3 0x8000b20c (0x00005f17) x30 0x8001020c
core   0: 0x8000b210 (0xde3f2a23) sw      gp, -524(t5)
core   0: 3 0x8000b210 (0xde3f2a23) mem 0x80010000 0x00000001
core   0: 0x8000b214 (0x0000bfe5) c.j     pc - 8
core   0: 3 0x8000b214 (0xbfe5)
core   0: 0x8000b20c (0x00005f17) auipc   t5, 0x5
core   0: 3 0x8000b20c (0x00005f17) x30 0x8001020c
core   0: 0x8000b210 (0xde3f2a23) sw      gp, -524(t5)
core   0: 3 0x8000b210 (0xde3f2a23) mem 0x80010000 0x00000001
core   0: 0x8000b214 (0x0000bfe5) c.j     pc - 8
core   0: 3 0x8000b214 (0xbfe5)
core   0: 0x8000b20c (0x00005f17) auipc   t5, 0x5
core   0: 3 0x8000b20c (0x00005f17) x30 0x8001020c
core   0: 0x8000b210 (0xde3f2a23) sw      gp, -524(t5)
core   0: 3 0x8000b210 (0xde3f2a23) mem 0x80010000 0x00000001
core   0: 0x8000b214 (0x0000bfe5) c.j     pc - 8
core   0: 3 0x8000b214 (0xbfe5)
core   0: 0x8000b20c (0x00005f17) auipc   t5, 0x5
core   0: 3 0x8000b20c (0x00005f17) x30 0x8001020c
core   0: 0x8000b210 (0xde3f2a23) sw      gp, -524(t5)
core   0: 3 0x8000b210 (0xde3f2a23) mem 0x80010000 0x00000001
core   0: 0x8000b214 (0x0000bfe5) c.j     pc - 8
core   0: 3 0x8000b214 (0xbfe5)
core   0: 0x8000b20c (0x00005f17) auipc   t5, 0x5
core   0: 3 0x8000b20c (0x00005f17) x30 0x8001020c
core   0: 0x8000b210 (0xde3f2a23) sw      gp, -524(t5)
core   0: 3 0x8000b210 (0xde3f2a23) mem 0x80010000 0x00000001
core   0: 0x8000b214 (0x0000bfe5) c.j     pc - 8
core   0: 3 0x8000b214 (0xbfe5)
core   0: 0x8000b20c (0x00005f17) auipc   t5, 0x5
core   0: 3 0x8000b20c (0x00005f17) x30 0x8001020c
core   0: 0x8000b210 (0xde3f2a23) sw      gp, -524(t5)
core   0: 3 0x8000b210 (0xde3f2a23) mem 0x80010000 0x00000001
core   0: 0x8000b214 (0x0000bfe5) c.j     pc - 8
core   0: 3 0x8000b214 (0xbfe5)
core   0: 0x8000b20c (0x00005f17) auipc   t5, 0x5
core   0: 3 0x8000b20c (0x00005f17) x30 0x8001020c
core   0: 0x8000b210 (0xde3f2a23) sw      gp, -524(t5)
core   0: 3 0x8000b210 (0xde3f2a23) mem 0x80010000 0x00000001
core   0: 0x8000b214 (0x0000bfe5) c.j     pc - 8
core   0: 3 0x8000b214 (0xbfe5)
core   0: 0x8000b20c (0x00005f17) auipc   t5, 0x5
core   0: 3 0x8000b20c (0x00005f17) x30 0x8001020c
core   0: 0x8000b210 (0xde3f2a23) sw      gp, -524(t5)
core   0: 3 0x8000b210 (0xde3f2a23) mem 0x80010000 0x00000001
core   0: 0x8000b214 (0x0000bfe5) c.j     pc - 8
core   0: 3 0x8000b214 (0xbfe5)
core   0: 0x8000b20c (0x00005f17) auipc   t5, 0x5
core   0: 3 0x8000b20c (0x00005f17) x30 0x8001020c
core   0: 0x8000b210 (0xde3f2a23) sw      gp, -524(t5)
core   0: 3 0x8000b210 (0xde3f2a23) mem 0x80010000 0x00000001
core   0: 0x8000b214 (0x0000bfe5) c.j     pc - 8
core   0: 3 0x8000b214 (0xbfe5)
core   0: 0x8000b20c (0x00005f17) auipc   t5, 0x5
core   0: 3 0x8000b20c (0x00005f17) x30 0x8001020c
core   0: 0x8000b210 (0xde3f2a23) sw      gp, -524(t5)
core   0: 3 0x8000b210 (0xde3f2a23) mem 0x80010000 0x00000001
core   0: 0x8000b214 (0x0000bfe5) c.j     pc - 8
core   0: 3 0x8000b214 (0xbfe5)
core   0: 0x8000b20c (0x00005f17) auipc   t5, 0x5
core   0: 3 0x8000b20c (0x00005f17) x30 0x8001020c
core   0: 0x8000b210 (0xde3f2a23) sw      gp, -524(t5)
core   0: 3 0x8000b210 (0xde3f2a23) mem 0x80010000 0x00000001
core   0: 0x8000b214 (0x0000bfe5) c.j     pc - 8
core   0: 3 0x8000b214 (0xbfe5)
core   0: 0x8000b20c (0x00005f17) auipc   t5, 0x5
core   0: 3 0x8000b20c (0x00005f17) x30 0x8001020c
core   0: 0x8000b210 (0xde3f2a23) sw      gp, -524(t5)
core   0: 3 0x8000b210 (0xde3f2a23) mem 0x80010000 0x00000001
core   0: 0x8000b214 (0x0000bfe5) c.j     pc - 8
core   0: 3 0x8000b214 (0xbfe5)
core   0: 0x8000b20c (0x00005f17) auipc   t5, 0x5
core   0: 3 0x8000b20c (0x00005f17) x30 0x8001020c
core   0: 0x8000b210 (0xde3f2a23) sw      gp, -524(t5)
core   0: 3 0x8000b210 (0xde3f2a23) mem 0x80010000 0x00000001
core   0: 0x8000b214 (0x0000bfe5) c.j     pc - 8
core   0: 3 0x8000b214 (0xbfe5)
core   0: 0x8000b20c (0x00005f17) auipc   t5, 0x5
core   0: 3 0x8000b20c (0x00005f17) x30 0x8001020c
core   0: 0x8000b210 (0xde3f2a23) sw      gp, -524(t5)
core   0: 3 0x8000b210 (0xde3f2a23) mem 0x80010000 0x00000001
core   0: 0x8000b214 (0x0000bfe5) c.j     pc - 8
core   0: 3 0x8000b214 (0xbfe5)
core   0: 0x8000b20c (0x00005f17) auipc   t5, 0x5
core   0: 3 0x8000b20c (0x00005f17) x30 0x8001020c
core   0: 0x8000b210 (0xde3f2a23) sw      gp, -524(t5)
core   0: 3 0x8000b210 (0xde3f2a23) mem 0x80010000 0x00000001
core   0: 0x8000b214 (0x0000bfe5) c.j     pc - 8
core   0: 3 0x8000b214 (0xbfe5)
core   0: 0x8000b20c (0x00005f17) auipc   t5, 0x5
core   0: 3 0x8000b20c (0x00005f17) x30 0x8001020c
core   0: 0x8000b210 (0xde3f2a23) sw      gp, -524(t5)
core   0: 3 0x8000b210 (0xde3f2a23) mem 0x80010000 0x00000001
core   0: 0x8000b214 (0x0000bfe5) c.j     pc - 8
core   0: 3 0x8000b214 (0xbfe5)
core   0: 0x8000b20c (0x00005f17) auipc   t5, 0x5
core   0: 3 0x8000b20c (0x00005f17) x30 0x8001020c
core   0: 0x8000b210 (0xde3f2a23) sw      gp, -524(t5)
core   0: 3 0x8000b210 (0xde3f2a23) mem 0x80010000 0x00000001
core   0: 0x8000b214 (0x0000bfe5) c.j     pc - 8
core   0: 3 0x8000b214 (0xbfe5)
core   0: 0x8000b20c (0x00005f17) auipc   t5, 0x5
core   0: 3 0x8000b20c (0x00005f17) x30 0x8001020c
core   0: 0x8000b210 (0xde3f2a23) sw      gp, -524(t5)
core   0: 3 0x8000b210 (0xde3f2a23) mem 0x80010000 0x00000001
core   0: 0x8000b214 (0x0000bfe5) c.j     pc - 8
core   0: 3 0x8000b214 (0xbfe5)
core   0: 0x8000b20c (0x00005f17) auipc   t5, 0x5
core   0: 3 0x8000b20c (0x00005f17) x30 0x8001020c
core   0: 0x8000b210 (0xde3f2a23) sw      gp, -524(t5)
core   0: 3 0x8000b210 (0xde3f2a23) mem 0x80010000 0x00000001
core   0: 0x8000b214 (0x0000bfe5) c.j     pc - 8
core   0: 3 0x8000b214 (0xbfe5)
core   0: 0x8000b20c (0x00005f17) auipc   t5, 0x5
core   0: 3 0x8000b20c (0x00005f17) x30 0x8001020c
core   0: 0x8000b210 (0xde3f2a23) sw      gp, -524(t5)
core   0: 3 0x8000b210 (0xde3f2a23) mem 0x80010000 0x00000001
core   0: 0x8000b214 (0x0000bfe5) c.j     pc - 8
core   0: 3 0x8000b214 (0xbfe5)
core   0: 0x8000b20c (0x00005f17) auipc   t5, 0x5
core   0: 3 0x8000b20c (0x00005f17) x30 0x8001020c
core   0: 0x8000b210 (0xde3f2a23) sw      gp, -524(t5)
core   0: 3 0x8000b210 (0xde3f2a23) mem 0x80010000 0x00000001
core   0: 0x8000b214 (0x0000bfe5) c.j     pc - 8
core   0: 3 0x8000b214 (0xbfe5)
core   0: 0x8000b20c (0x00005f17) auipc   t5, 0x5
core   0: 3 0x8000b20c (0x00005f17) x30 0x8001020c
core   0: 0x8000b210 (0xde3f2a23) sw      gp, -524(t5)
core   0: 3 0x8000b210 (0xde3f2a23) mem 0x80010000 0x00000001
core   0: 0x8000b214 (0x0000bfe5) c.j     pc - 8
core   0: 3 0x8000b214 (0xbfe5)
core   0: 0x8000b20c (0x00005f17) auipc   t5, 0x5
core   0: 3 0x8000b20c (0x00005f17) x30 0x8001020c
core   0: 0x8000b210 (0xde3f2a23) sw      gp, -524(t5)
core   0: 3 0x8000b210 (0xde3f2a23) mem 0x80010000 0x00000001
core   0: 0x8000b214 (0x0000bfe5) c.j     pc - 8
core   0: 3 0x8000b214 (0xbfe5)
core   0: 0x8000b20c (0x00005f17) auipc   t5, 0x5
core   0: 3 0x8000b20c (0x00005f17) x30 0x8001020c
core   0: 0x8000b210 (0xde3f2a23) sw      gp, -524(t5)
core   0: 3 0x8000b210 (0xde3f2a23) mem 0x80010000 0x00000001
core   0: 0x8000b214 (0x0000bfe5) c.j     pc - 8
core   0: 3 0x8000b214 (0xbfe5)
core   0: 0x8000b20c (0x00005f17) auipc   t5, 0x5
core   0: 3 0x8000b20c (0x00005f17) x30 0x8001020c
core   0: 0x8000b210 (0xde3f2a23) sw      gp, -524(t5)
core   0: 3 0x8000b210 (0xde3f2a23) mem 0x80010000 0x00000001
core   0: 0x8000b214 (0x0000bfe5) c.j     pc - 8
core   0: 3 0x8000b214 (0xbfe5)
core   0: 0x8000b20c (0x00005f17) auipc   t5, 0x5
core   0: 3 0x8000b20c (0x00005f17) x30 0x8001020c
core   0: 0x8000b210 (0xde3f2a23) sw      gp, -524(t5)
core   0: 3 0x8000b210 (0xde3f2a23) mem 0x80010000 0x00000001
core   0: 0x8000b214 (0x0000bfe5) c.j     pc - 8
core   0: 3 0x8000b214 (0xbfe5)
core   0: 0x8000b20c (0x00005f17) auipc   t5, 0x5
core   0: 3 0x8000b20c (0x00005f17) x30 0x8001020c
core   0: 0x8000b210 (0xde3f2a23) sw      gp, -524(t5)
core   0: 3 0x8000b210 (0xde3f2a23) mem 0x80010000 0x00000001
core   0: 0x8000b214 (0x0000bfe5) c.j     pc - 8
core   0: 3 0x8000b214 (0xbfe5)
core   0: 0x8000b20c (0x00005f17) auipc   t5, 0x5
core   0: 3 0x8000b20c (0x00005f17) x30 0x8001020c
core   0: 0x8000b210 (0xde3f2a23) sw      gp, -524(t5)
core   0: 3 0x8000b210 (0xde3f2a23) mem 0x80010000 0x00000001
core   0: 0x8000b214 (0x0000bfe5) c.j     pc - 8
core   0: 3 0x8000b214 (0xbfe5)
core   0: 0x8000b20c (0x00005f17) auipc   t5, 0x5
core   0: 3 0x8000b20c (0x00005f17) x30 0x8001020c
core   0: 0x8000b210 (0xde3f2a23) sw      gp, -524(t5)
core   0: 3 0x8000b210 (0xde3f2a23) mem 0x80010000 0x00000001
core   0: 0x8000b214 (0x0000bfe5) c.j     pc - 8
core   0: 3 0x8000b214 (0xbfe5)
core   0: 0x8000b20c (0x00005f17) auipc   t5, 0x5
core   0: 3 0x8000b20c (0x00005f17) x30 0x8001020c
core   0: 0x8000b210 (0xde3f2a23) sw      gp, -524(t5)
core   0: 3 0x8000b210 (0xde3f2a23) mem 0x80010000 0x00000001
core   0: 0x8000b214 (0x0000bfe5) c.j     pc - 8
core   0: 3 0x8000b214 (0xbfe5)
core   0: 0x8000b20c (0x00005f17) auipc   t5, 0x5
core   0: 3 0x8000b20c (0x00005f17) x30 0x8001020c
core   0: 0x8000b210 (0xde3f2a23) sw      gp, -524(t5)
core   0: 3 0x8000b210 (0xde3f2a23) mem 0x80010000 0x00000001
core   0: 0x8000b214 (0x0000bfe5) c.j     pc - 8
core   0: 3 0x8000b214 (0xbfe5)
core   0: 0x8000b20c (0x00005f17) auipc   t5, 0x5
core   0: 3 0x8000b20c (0x00005f17) x30 0x8001020c
core   0: 0x8000b210 (0xde3f2a23) sw      gp, -524(t5)
core   0: 3 0x8000b210 (0xde3f2a23) mem 0x80010000 0x00000001
core   0: 0x8000b214 (0x0000bfe5) c.j     pc - 8
core   0: 3 0x8000b214 (0xbfe5)
core   0: 0x8000b20c (0x00005f17) auipc   t5, 0x5
core   0: 3 0x8000b20c (0x00005f17) x30 0x8001020c
core   0: 0x8000b210 (0xde3f2a23) sw      gp, -524(t5)
core   0: 3 0x8000b210 (0xde3f2a23) mem 0x80010000 0x00000001
core   0: 0x8000b214 (0x0000bfe5) c.j     pc - 8
core   0: 3 0x8000b214 (0xbfe5)
core   0: 0x8000b20c (0x00005f17) auipc   t5, 0x5
core   0: 3 0x8000b20c (0x00005f17) x30 0x8001020c
core   0: 0x8000b210 (0xde3f2a23) sw      gp, -524(t5)
core   0: 3 0x8000b210 (0xde3f2a23) mem 0x80010000 0x00000001
core   0: 0x8000b214 (0x0000bfe5) c.j     pc - 8
core   0: 3 0x8000b214 (0xbfe5)
core   0: 0x8000b20c (0x00005f17) auipc   t5, 0x5
core   0: 3 0x8000b20c (0x00005f17) x30 0x8001020c
core   0: 0x8000b210 (0xde3f2a23) sw      gp, -524(t5)
core   0: 3 0x8000b210 (0xde3f2a23) mem 0x80010000 0x00000001
core   0: 0x8000b214 (0x0000bfe5) c.j     pc - 8
core   0: 3 0x8000b214 (0xbfe5)
core   0: 0x8000b20c (0x00005f17) auipc   t5, 0x5
core   0: 3 0x8000b20c (0x00005f17) x30 0x8001020c
core   0: 0x8000b210 (0xde3f2a23) sw      gp, -524(t5)
core   0: 3 0x8000b210 (0xde3f2a23) mem 0x80010000 0x00000001
core   0: 0x8000b214 (0x0000bfe5) c.j     pc - 8
core   0: 3 0x8000b214 (0xbfe5)
core   0: 0x8000b20c (0x00005f17) auipc   t5, 0x5
core   0: 3 0x8000b20c (0x00005f17) x30 0x8001020c
core   0: 0x8000b210 (0xde3f2a23) sw      gp, -524(t5)
core   0: 3 0x8000b210 (0xde3f2a23) mem 0x80010000 0x00000001
core   0: 0x8000b214 (0x0000bfe5) c.j     pc - 8
core   0: 3 0x8000b214 (0xbfe5)
core   0: 0x8000b20c (0x00005f17) auipc   t5, 0x5
core   0: 3 0x8000b20c (0x00005f17) x30 0x8001020c
core   0: 0x8000b210 (0xde3f2a23) sw      gp, -524(t5)
core   0: 3 0x8000b210 (0xde3f2a23) mem 0x80010000 0x00000001
core   0: 0x8000b214 (0x0000bfe5) c.j     pc - 8
core   0: 3 0x8000b214 (0xbfe5)
core   0: 0x8000b20c (0x00005f17) auipc   t5, 0x5
core   0: 3 0x8000b20c (0x00005f17) x30 0x8001020c
core   0: 0x8000b210 (0xde3f2a23) sw      gp, -524(t5)
core   0: 3 0x8000b210 (0xde3f2a23) mem 0x80010000 0x00000001
core   0: 0x8000b214 (0x0000bfe5) c.j     pc - 8
core   0: 3 0x8000b214 (0xbfe5)
core   0: 0x8000b20c (0x00005f17) auipc   t5, 0x5
core   0: 3 0x8000b20c (0x00005f17) x30 0x8001020c
core   0: 0x8000b210 (0xde3f2a23) sw      gp, -524(t5)
core   0: 3 0x8000b210 (0xde3f2a23) mem 0x80010000 0x00000001
core   0: 0x8000b214 (0x0000bfe5) c.j     pc - 8
core   0: 3 0x8000b214 (0xbfe5)
core   0: 0x8000b20c (0x00005f17) auipc   t5, 0x5
core   0: 3 0x8000b20c (0x00005f17) x30 0x8001020c
core   0: 0x8000b210 (0xde3f2a23) sw      gp, -524(t5)
core   0: 3 0x8000b210 (0xde3f2a23) mem 0x80010000 0x00000001
core   0: 0x8000b214 (0x0000bfe5) c.j     pc - 8
core   0: 3 0x8000b214 (0xbfe5)
core   0: 0x8000b20c (0x00005f17) auipc   t5, 0x5
core   0: 3 0x8000b20c (0x00005f17) x30 0x8001020c
core   0: 0x8000b210 (0xde3f2a23) sw      gp, -524(t5)
core   0: 3 0x8000b210 (0xde3f2a23) mem 0x80010000 0x00000001
core   0: 0x8000b214 (0x0000bfe5) c.j     pc - 8
core   0: 3 0x8000b214 (0xbfe5)
core   0: 0x8000b20c (0x00005f17) auipc   t5, 0x5
core   0: 3 0x8000b20c (0x00005f17) x30 0x8001020c
core   0: 0x8000b210 (0xde3f2a23) sw      gp, -524(t5)
core   0: 3 0x8000b210 (0xde3f2a23) mem 0x80010000 0x00000001
core   0: 0x8000b214 (0x0000bfe5) c.j     pc - 8
core   0: 3 0x8000b214 (0xbfe5)
core   0: 0x8000b20c (0x00005f17) auipc   t5, 0x5
core   0: 3 0x8000b20c (0x00005f17) x30 0x8001020c
core   0: 0x8000b210 (0xde3f2a23) sw      gp, -524(t5)
core   0: 3 0x8000b210 (0xde3f2a23) mem 0x80010000 0x00000001
core   0: 0x8000b214 (0x0000bfe5) c.j     pc - 8
core   0: 3 0x8000b214 (0xbfe5)
core   0: 0x8000b20c (0x00005f17) auipc   t5, 0x5
core   0: 3 0x8000b20c (0x00005f17) x30 0x8001020c
core   0: 0x8000b210 (0xde3f2a23) sw      gp, -524(t5)
core   0: 3 0x8000b210 (0xde3f2a23) mem 0x80010000 0x00000001
core   0: 0x8000b214 (0x0000bfe5) c.j     pc - 8
core   0: 3 0x8000b214 (0xbfe5)
core   0: 0x8000b20c (0x00005f17) auipc   t5, 0x5
core   0: 3 0x8000b20c (0x00005f17) x30 0x8001020c
core   0: 0x8000b210 (0xde3f2a23) sw      gp, -524(t5)
core   0: 3 0x8000b210 (0xde3f2a23) mem 0x80010000 0x00000001
core   0: 0x8000b214 (0x0000bfe5) c.j     pc - 8
core   0: 3 0x8000b214 (0xbfe5)
core   0: 0x8000b20c (0x00005f17) auipc   t5, 0x5
core   0: 3 0x8000b20c (0x00005f17) x30 0x8001020c
core   0: 0x8000b210 (0xde3f2a23) sw      gp, -524(t5)
core   0: 3 0x8000b210 (0xde3f2a23) mem 0x80010000 0x00000001
core   0: 0x8000b214 (0x0000bfe5) c.j     pc - 8
core   0: 3 0x8000b214 (0xbfe5)
core   0: 0x8000b20c (0x00005f17) auipc   t5, 0x5
core   0: 3 0x8000b20c (0x00005f17) x30 0x8001020c
core   0: 0x8000b210 (0xde3f2a23) sw      gp, -524(t5)
core   0: 3 0x8000b210 (0xde3f2a23) mem 0x80010000 0x00000001
core   0: 0x8000b214 (0x0000bfe5) c.j     pc - 8
core   0: 3 0x8000b214 (0xbfe5)
core   0: 0x8000b20c (0x00005f17) auipc   t5, 0x5
core   0: 3 0x8000b20c (0x00005f17) x30 0x8001020c
core   0: 0x8000b210 (0xde3f2a23) sw      gp, -524(t5)
core   0: 3 0x8000b210 (0xde3f2a23) mem 0x80010000 0x00000001
core   0: 0x8000b214 (0x0000bfe5) c.j     pc - 8
core   0: 3 0x8000b214 (0xbfe5)
core   0: 0x8000b20c (0x00005f17) auipc   t5, 0x5
core   0: 3 0x8000b20c (0x00005f17) x30 0x8001020c
core   0: 0x8000b210 (0xde3f2a23) sw      gp, -524(t5)
core   0: 3 0x8000b210 (0xde3f2a23) mem 0x80010000 0x00000001
core   0: 0x8000b214 (0x0000bfe5) c.j     pc - 8
core   0: 3 0x8000b214 (0xbfe5)
core   0: 0x8000b20c (0x00005f17) auipc   t5, 0x5
core   0: 3 0x8000b20c (0x00005f17) x30 0x8001020c
core   0: 0x8000b210 (0xde3f2a23) sw      gp, -524(t5)
core   0: 3 0x8000b210 (0xde3f2a23) mem 0x80010000 0x00000001
core   0: 0x8000b214 (0x0000bfe5) c.j     pc - 8
core   0: 3 0x8000b214 (0xbfe5)
core   0: 0x8000b20c (0x00005f17) auipc   t5, 0x5
core   0: 3 0x8000b20c (0x00005f17) x30 0x8001020c
core   0: 0x8000b210 (0xde3f2a23) sw      gp, -524(t5)
core   0: 3 0x8000b210 (0xde3f2a23) mem 0x80010000 0x00000001
core   0: 0x8000b214 (0x0000bfe5) c.j     pc - 8
core   0: 3 0x8000b214 (0xbfe5)
core   0: 0x8000b20c (0x00005f17) auipc   t5, 0x5
core   0: 3 0x8000b20c (0x00005f17) x30 0x8001020c
core   0: 0x8000b210 (0xde3f2a23) sw      gp, -524(t5)
core   0: 3 0x8000b210 (0xde3f2a23) mem 0x80010000 0x00000001
core   0: 0x8000b214 (0x0000bfe5) c.j     pc - 8
core   0: 3 0x8000b214 (0xbfe5)
core   0: 0x8000b20c (0x00005f17) auipc   t5, 0x5
core   0: 3 0x8000b20c (0x00005f17) x30 0x8001020c
core   0: 0x8000b210 (0xde3f2a23) sw      gp, -524(t5)
core   0: 3 0x8000b210 (0xde3f2a23) mem 0x80010000 0x00000001
core   0: 0x8000b214 (0x0000bfe5) c.j     pc - 8
core   0: 3 0x8000b214 (0xbfe5)
core   0: 0x8000b20c (0x00005f17) auipc   t5, 0x5
core   0: 3 0x8000b20c (0x00005f17) x30 0x8001020c
core   0: 0x8000b210 (0xde3f2a23) sw      gp, -524(t5)
core   0: 3 0x8000b210 (0xde3f2a23) mem 0x80010000 0x00000001
core   0: 0x8000b214 (0x0000bfe5) c.j     pc - 8
core   0: 3 0x8000b214 (0xbfe5)
core   0: 0x8000b20c (0x00005f17) auipc   t5, 0x5
core   0: 3 0x8000b20c (0x00005f17) x30 0x8001020c
core   0: 0x8000b210 (0xde3f2a23) sw      gp, -524(t5)
core   0: 3 0x8000b210 (0xde3f2a23) mem 0x80010000 0x00000001
core   0: 0x8000b214 (0x0000bfe5) c.j     pc - 8
core   0: 3 0x8000b214 (0xbfe5)
core   0: 0x8000b20c (0x00005f17) auipc   t5, 0x5
core   0: 3 0x8000b20c (0x00005f17) x30 0x8001020c
core   0: 0x8000b210 (0xde3f2a23) sw      gp, -524(t5)
core   0: 3 0x8000b210 (0xde3f2a23) mem 0x80010000 0x00000001
core   0: 0x8000b214 (0x0000bfe5) c.j     pc - 8
core   0: 3 0x8000b214 (0xbfe5)
core   0: 0x8000b20c (0x00005f17) auipc   t5, 0x5
core   0: 3 0x8000b20c (0x00005f17) x30 0x8001020c
core   0: 0x8000b210 (0xde3f2a23) sw      gp, -524(t5)
core   0: 3 0x8000b210 (0xde3f2a23) mem 0x80010000 0x00000001
core   0: 0x8000b214 (0x0000bfe5) c.j     pc - 8
core   0: 3 0x8000b214 (0xbfe5)
core   0: 0x8000b20c (0x00005f17) auipc   t5, 0x5
core   0: 3 0x8000b20c (0x00005f17) x30 0x8001020c
core   0: 0x8000b210 (0xde3f2a23) sw      gp, -524(t5)
core   0: 3 0x8000b210 (0xde3f2a23) mem 0x80010000 0x00000001
core   0: 0x8000b214 (0x0000bfe5) c.j     pc - 8
core   0: 3 0x8000b214 (0xbfe5)
core   0: 0x8000b20c (0x00005f17) auipc   t5, 0x5
core   0: 3 0x8000b20c (0x00005f17) x30 0x8001020c
core   0: 0x8000b210 (0xde3f2a23) sw      gp, -524(t5)
core   0: 3 0x8000b210 (0xde3f2a23) mem 0x80010000 0x00000001
core   0: 0x8000b214 (0x0000bfe5) c.j     pc - 8
core   0: 3 0x8000b214 (0xbfe5)
core   0: 0x8000b20c (0x00005f17) auipc   t5, 0x5
core   0: 3 0x8000b20c (0x00005f17) x30 0x8001020c
core   0: 0x8000b210 (0xde3f2a23) sw      gp, -524(t5)
core   0: 3 0x8000b210 (0xde3f2a23) mem 0x80010000 0x00000001
core   0: 0x8000b214 (0x0000bfe5) c.j     pc - 8
core   0: 3 0x8000b214 (0xbfe5)
core   0: 0x8000b20c (0x00005f17) auipc   t5, 0x5
core   0: 3 0x8000b20c (0x00005f17) x30 0x8001020c
core   0: 0x8000b210 (0xde3f2a23) sw      gp, -524(t5)
core   0: 3 0x8000b210 (0xde3f2a23) mem 0x80010000 0x00000001
core   0: 0x8000b214 (0x0000bfe5) c.j     pc - 8
core   0: 3 0x8000b214 (0xbfe5)
core   0: 0x8000b20c (0x00005f17) auipc   t5, 0x5
core   0: 3 0x8000b20c (0x00005f17) x30 0x8001020c
core   0: 0x8000b210 (0xde3f2a23) sw      gp, -524(t5)
core   0: 3 0x8000b210 (0xde3f2a23) mem 0x80010000 0x00000001
core   0: 0x8000b214 (0x0000bfe5) c.j     pc - 8
core   0: 3 0x8000b214 (0xbfe5)
core   0: 0x8000b20c (0x00005f17) auipc   t5, 0x5
core   0: 3 0x8000b20c (0x00005f17) x30 0x8001020c
core   0: 0x8000b210 (0xde3f2a23) sw      gp, -524(t5)
core   0: 3 0x8000b210 (0xde3f2a23) mem 0x80010000 0x00000001
core   0: 0x8000b214 (0x0000bfe5) c.j     pc - 8
core   0: 3 0x8000b214 (0xbfe5)
core   0: 0x8000b20c (0x00005f17) auipc   t5, 0x5
core   0: 3 0x8000b20c (0x00005f17) x30 0x8001020c
core   0: 0x8000b210 (0xde3f2a23) sw      gp, -524(t5)
core   0: 3 0x8000b210 (0xde3f2a23) mem 0x80010000 0x00000001
core   0: 0x8000b214 (0x0000bfe5) c.j     pc - 8
core   0: 3 0x8000b214 (0xbfe5)
core   0: 0x8000b20c (0x00005f17) auipc   t5, 0x5
core   0: 3 0x8000b20c (0x00005f17) x30 0x8001020c
core   0: 0x8000b210 (0xde3f2a23) sw      gp, -524(t5)
core   0: 3 0x8000b210 (0xde3f2a23) mem 0x80010000 0x00000001
core   0: 0x8000b214 (0x0000bfe5) c.j     pc - 8
core   0: 3 0x8000b214 (0xbfe5)
core   0: 0x8000b20c (0x00005f17) auipc   t5, 0x5
core   0: 3 0x8000b20c (0x00005f17) x30 0x8001020c
core   0: 0x8000b210 (0xde3f2a23) sw      gp, -524(t5)
core   0: 3 0x8000b210 (0xde3f2a23) mem 0x80010000 0x00000001
core   0: 0x8000b214 (0x0000bfe5) c.j     pc - 8
core   0: 3 0x8000b214 (0xbfe5)
core   0: 0x8000b20c (0x00005f17) auipc   t5, 0x5
core   0: 3 0x8000b20c (0x00005f17) x30 0x8001020c
core   0: 0x8000b210 (0xde3f2a23) sw      gp, -524(t5)
core   0: 3 0x8000b210 (0xde3f2a23) mem 0x80010000 0x00000001
core   0: 0x8000b214 (0x0000bfe5) c.j     pc - 8
core   0: 3 0x8000b214 (0xbfe5)
core   0: 0x8000b20c (0x00005f17) auipc   t5, 0x5
core   0: 3 0x8000b20c (0x00005f17) x30 0x8001020c
core   0: 0x8000b210 (0xde3f2a23) sw      gp, -524(t5)
core   0: 3 0x8000b210 (0xde3f2a23) mem 0x80010000 0x00000001
core   0: 0x8000b214 (0x0000bfe5) c.j     pc - 8
core   0: 3 0x8000b214 (0xbfe5)
core   0: 0x8000b20c (0x00005f17) auipc   t5, 0x5
core   0: 3 0x8000b20c (0x00005f17) x30 0x8001020c
core   0: 0x8000b210 (0xde3f2a23) sw      gp, -524(t5)
core   0: 3 0x8000b210 (0xde3f2a23) mem 0x80010000 0x00000001
core   0: 0x8000b214 (0x0000bfe5) c.j     pc - 8
core   0: 3 0x8000b214 (0xbfe5)
core   0: 0x8000b20c (0x00005f17) auipc   t5, 0x5
core   0: 3 0x8000b20c (0x00005f17) x30 0x8001020c
core   0: 0x8000b210 (0xde3f2a23) sw      gp, -524(t5)
core   0: 3 0x8000b210 (0xde3f2a23) mem 0x80010000 0x00000001
core   0: 0x8000b214 (0x0000bfe5) c.j     pc - 8
core   0: 3 0x8000b214 (0xbfe5)
core   0: 0x8000b20c (0x00005f17) auipc   t5, 0x5
core   0: 3 0x8000b20c (0x00005f17) x30 0x8001020c
core   0: 0x8000b210 (0xde3f2a23) sw      gp, -524(t5)
core   0: 3 0x8000b210 (0xde3f2a23) mem 0x80010000 0x00000001
core   0: 0x8000b214 (0x0000bfe5) c.j     pc - 8
core   0: 3 0x8000b214 (0xbfe5)
core   0: 0x8000b20c (0x00005f17) auipc   t5, 0x5
core   0: 3 0x8000b20c (0x00005f17) x30 0x8001020c
core   0: 0x8000b210 (0xde3f2a23) sw      gp, -524(t5)
core   0: 3 0x8000b210 (0xde3f2a23) mem 0x80010000 0x00000001
core   0: 0x8000b214 (0x0000bfe5) c.j     pc - 8
core   0: 3 0x8000b214 (0xbfe5)
core   0: 0x8000b20c (0x00005f17) auipc   t5, 0x5
core   0: 3 0x8000b20c (0x00005f17) x30 0x8001020c
core   0: 0x8000b210 (0xde3f2a23) sw      gp, -524(t5)
core   0: 3 0x8000b210 (0xde3f2a23) mem 0x80010000 0x00000001
core   0: 0x8000b214 (0x0000bfe5) c.j     pc - 8
core   0: 3 0x8000b214 (0xbfe5)
core   0: 0x8000b20c (0x00005f17) auipc   t5, 0x5
core   0: 3 0x8000b20c (0x00005f17) x30 0x8001020c
core   0: 0x8000b210 (0xde3f2a23) sw      gp, -524(t5)
core   0: 3 0x8000b210 (0xde3f2a23) mem 0x80010000 0x00000001
core   0: 0x8000b214 (0x0000bfe5) c.j     pc - 8
core   0: 3 0x8000b214 (0xbfe5)
core   0: 0x8000b20c (0x00005f17) auipc   t5, 0x5
core   0: 3 0x8000b20c (0x00005f17) x30 0x8001020c
core   0: 0x8000b210 (0xde3f2a23) sw      gp, -524(t5)
core   0: 3 0x8000b210 (0xde3f2a23) mem 0x80010000 0x00000001
core   0: 0x8000b214 (0x0000bfe5) c.j     pc - 8
core   0: 3 0x8000b214 (0xbfe5)
core   0: 0x8000b20c (0x00005f17) auipc   t5, 0x5
core   0: 3 0x8000b20c (0x00005f17) x30 0x8001020c
core   0: 0x8000b210 (0xde3f2a23) sw      gp, -524(t5)
core   0: 3 0x8000b210 (0xde3f2a23) mem 0x80010000 0x00000001
core   0: 0x8000b214 (0x0000bfe5) c.j     pc - 8
core   0: 3 0x8000b214 (0xbfe5)
core   0: 0x8000b20c (0x00005f17) auipc   t5, 0x5
core   0: 3 0x8000b20c (0x00005f17) x30 0x8001020c
core   0: 0x8000b210 (0xde3f2a23) sw      gp, -524(t5)
core   0: 3 0x8000b210 (0xde3f2a23) mem 0x80010000 0x00000001
core   0: 0x8000b214 (0x0000bfe5) c.j     pc - 8
core   0: 3 0x8000b214 (0xbfe5)
core   0: 0x8000b20c (0x00005f17) auipc   t5, 0x5
core   0: 3 0x8000b20c (0x00005f17) x30 0x8001020c
core   0: 0x8000b210 (0xde3f2a23) sw      gp, -524(t5)
core   0: 3 0x8000b210 (0xde3f2a23) mem 0x80010000 0x00000001
core   0: 0x8000b214 (0x0000bfe5) c.j     pc - 8
core   0: 3 0x8000b214 (0xbfe5)
core   0: 0x8000b20c (0x00005f17) auipc   t5, 0x5
core   0: 3 0x8000b20c (0x00005f17) x30 0x8001020c
core   0: 0x8000b210 (0xde3f2a23) sw      gp, -524(t5)
core   0: 3 0x8000b210 (0xde3f2a23) mem 0x80010000 0x00000001
core   0: 0x8000b214 (0x0000bfe5) c.j     pc - 8
core   0: 3 0x8000b214 (0xbfe5)
core   0: 0x8000b20c (0x00005f17) auipc   t5, 0x5
core   0: 3 0x8000b20c (0x00005f17) x30 0x8001020c
core   0: 0x8000b210 (0xde3f2a23) sw      gp, -524(t5)
core   0: 3 0x8000b210 (0xde3f2a23) mem 0x80010000 0x00000001
core   0: 0x8000b214 (0x0000bfe5) c.j     pc - 8
core   0: 3 0x8000b214 (0xbfe5)
core   0: 0x8000b20c (0x00005f17) auipc   t5, 0x5
core   0: 3 0x8000b20c (0x00005f17) x30 0x8001020c
core   0: 0x8000b210 (0xde3f2a23) sw      gp, -524(t5)
core   0: 3 0x8000b210 (0xde3f2a23) mem 0x80010000 0x00000001
core   0: 0x8000b214 (0x0000bfe5) c.j     pc - 8
core   0: 3 0x8000b214 (0xbfe5)
core   0: 0x8000b20c (0x00005f17) auipc   t5, 0x5
core   0: 3 0x8000b20c (0x00005f17) x30 0x8001020c
core   0: 0x8000b210 (0xde3f2a23) sw      gp, -524(t5)
core   0: 3 0x8000b210 (0xde3f2a23) mem 0x80010000 0x00000001
core   0: 0x8000b214 (0x0000bfe5) c.j     pc - 8
core   0: 3 0x8000b214 (0xbfe5)
core   0: 0x8000b20c (0x00005f17) auipc   t5, 0x5
core   0: 3 0x8000b20c (0x00005f17) x30 0x8001020c
core   0: 0x8000b210 (0xde3f2a23) sw      gp, -524(t5)
core   0: 3 0x8000b210 (0xde3f2a23) mem 0x80010000 0x00000001
core   0: 0x8000b214 (0x0000bfe5) c.j     pc - 8
core   0: 3 0x8000b214 (0xbfe5)
core   0: 0x8000b20c (0x00005f17) auipc   t5, 0x5
core   0: 3 0x8000b20c (0x00005f17) x30 0x8001020c
core   0: 0x8000b210 (0xde3f2a23) sw      gp, -524(t5)
core   0: 3 0x8000b210 (0xde3f2a23) mem 0x80010000 0x00000001
core   0: 0x8000b214 (0x0000bfe5) c.j     pc - 8
core   0: 3 0x8000b214 (0xbfe5)
core   0: 0x8000b20c (0x00005f17) auipc   t5, 0x5
core   0: 3 0x8000b20c (0x00005f17) x30 0x8001020c
core   0: 0x8000b210 (0xde3f2a23) sw      gp, -524(t5)
core   0: 3 0x8000b210 (0xde3f2a23) mem 0x80010000 0x00000001
core   0: 0x8000b214 (0x0000bfe5) c.j     pc - 8
core   0: 3 0x8000b214 (0xbfe5)
core   0: 0x8000b20c (0x00005f17) auipc   t5, 0x5
core   0: 3 0x8000b20c (0x00005f17) x30 0x8001020c
core   0: 0x8000b210 (0xde3f2a23) sw      gp, -524(t5)
core   0: 3 0x8000b210 (0xde3f2a23) mem 0x80010000 0x00000001
core   0: 0x8000b214 (0x0000bfe5) c.j     pc - 8
core   0: 3 0x8000b214 (0xbfe5)
core   0: 0x8000b20c (0x00005f17) auipc   t5, 0x5
core   0: 3 0x8000b20c (0x00005f17) x30 0x8001020c
core   0: 0x8000b210 (0xde3f2a23) sw      gp, -524(t5)
core   0: 3 0x8000b210 (0xde3f2a23) mem 0x80010000 0x00000001
core   0: 0x8000b214 (0x0000bfe5) c.j     pc - 8
core   0: 3 0x8000b214 (0xbfe5)
core   0: 0x8000b20c (0x00005f17) auipc   t5, 0x5
core   0: 3 0x8000b20c (0x00005f17) x30 0x8001020c
core   0: 0x8000b210 (0xde3f2a23) sw      gp, -524(t5)
core   0: 3 0x8000b210 (0xde3f2a23) mem 0x80010000 0x00000001
core   0: 0x8000b214 (0x0000bfe5) c.j     pc - 8
core   0: 3 0x8000b214 (0xbfe5)
core   0: 0x8000b20c (0x00005f17) auipc   t5, 0x5
core   0: 3 0x8000b20c (0x00005f17) x30 0x8001020c
core   0: 0x8000b210 (0xde3f2a23) sw      gp, -524(t5)
core   0: 3 0x8000b210 (0xde3f2a23) mem 0x80010000 0x00000001
core   0: 0x8000b214 (0x0000bfe5) c.j     pc - 8
core   0: 3 0x8000b214 (0xbfe5)
core   0: 0x8000b20c (0x00005f17) auipc   t5, 0x5
core   0: 3 0x8000b20c (0x00005f17) x30 0x8001020c
core   0: 0x8000b210 (0xde3f2a23) sw      gp, -524(t5)
core   0: 3 0x8000b210 (0xde3f2a23) mem 0x80010000 0x00000001
core   0: 0x8000b214 (0x0000bfe5) c.j     pc - 8
core   0: 3 0x8000b214 (0xbfe5)
core   0: 0x8000b20c (0x00005f17) auipc   t5, 0x5
core   0: 3 0x8000b20c (0x00005f17) x30 0x8001020c
core   0: 0x8000b210 (0xde3f2a23) sw      gp, -524(t5)
core   0: 3 0x8000b210 (0xde3f2a23) mem 0x80010000 0x00000001
core   0: 0x8000b214 (0x0000bfe5) c.j     pc - 8
core   0: 3 0x8000b214 (0xbfe5)
core   0: 0x8000b20c (0x00005f17) auipc   t5, 0x5
core   0: 3 0x8000b20c (0x00005f17) x30 0x8001020c
core   0: 0x8000b210 (0xde3f2a23) sw      gp, -524(t5)
core   0: 3 0x8000b210 (0xde3f2a23) mem 0x80010000 0x00000001
core   0: 0x8000b214 (0x0000bfe5) c.j     pc - 8
core   0: 3 0x8000b214 (0xbfe5)
core   0: 0x8000b20c (0x00005f17) auipc   t5, 0x5
core   0: 3 0x8000b20c (0x00005f17) x30 0x8001020c
core   0: 0x8000b210 (0xde3f2a23) sw      gp, -524(t5)
core   0: 3 0x8000b210 (0xde3f2a23) mem 0x80010000 0x00000001
core   0: 0x8000b214 (0x0000bfe5) c.j     pc - 8
core   0: 3 0x8000b214 (0xbfe5)
core   0: 0x8000b20c (0x00005f17) auipc   t5, 0x5
core   0: 3 0x8000b20c (0x00005f17) x30 0x8001020c
core   0: 0x8000b210 (0xde3f2a23) sw      gp, -524(t5)
core   0: 3 0x8000b210 (0xde3f2a23) mem 0x80010000 0x00000001
core   0: 0x8000b214 (0x0000bfe5) c.j     pc - 8
core   0: 3 0x8000b214 (0xbfe5)
core   0: 0x8000b20c (0x00005f17) auipc   t5, 0x5
core   0: 3 0x8000b20c (0x00005f17) x30 0x8001020c
core   0: 0x8000b210 (0xde3f2a23) sw      gp, -524(t5)
core   0: 3 0x8000b210 (0xde3f2a23) mem 0x80010000 0x00000001
core   0: 0x8000b214 (0x0000bfe5) c.j     pc - 8
core   0: 3 0x8000b214 (0xbfe5)
core   0: 0x8000b20c (0x00005f17) auipc   t5, 0x5
core   0: 3 0x8000b20c (0x00005f17) x30 0x8001020c
core   0: 0x8000b210 (0xde3f2a23) sw      gp, -524(t5)
core   0: 3 0x8000b210 (0xde3f2a23) mem 0x80010000 0x00000001
core   0: 0x8000b214 (0x0000bfe5) c.j     pc - 8
core   0: 3 0x8000b214 (0xbfe5)
core   0: 0x8000b20c (0x00005f17) auipc   t5, 0x5
core   0: 3 0x8000b20c (0x00005f17) x30 0x8001020c
core   0: 0x8000b210 (0xde3f2a23) sw      gp, -524(t5)
core   0: 3 0x8000b210 (0xde3f2a23) mem 0x80010000 0x00000001
core   0: 0x8000b214 (0x0000bfe5) c.j     pc - 8
core   0: 3 0x8000b214 (0xbfe5)
core   0: 0x8000b20c (0x00005f17) auipc   t5, 0x5
core   0: 3 0x8000b20c (0x00005f17) x30 0x8001020c
core   0: 0x8000b210 (0xde3f2a23) sw      gp, -524(t5)
core   0: 3 0x8000b210 (0xde3f2a23) mem 0x80010000 0x00000001
core   0: 0x8000b214 (0x0000bfe5) c.j     pc - 8
core   0: 3 0x8000b214 (0xbfe5)
core   0: 0x8000b20c (0x00005f17) auipc   t5, 0x5
core   0: 3 0x8000b20c (0x00005f17) x30 0x8001020c
core   0: 0x8000b210 (0xde3f2a23) sw      gp, -524(t5)
core   0: 3 0x8000b210 (0xde3f2a23) mem 0x80010000 0x00000001
core   0: 0x8000b214 (0x0000bfe5) c.j     pc - 8
core   0: 3 0x8000b214 (0xbfe5)
core   0: 0x8000b20c (0x00005f17) auipc   t5, 0x5
core   0: 3 0x8000b20c (0x00005f17) x30 0x8001020c
core   0: 0x8000b210 (0xde3f2a23) sw      gp, -524(t5)
core   0: 3 0x8000b210 (0xde3f2a23) mem 0x80010000 0x00000001
core   0: 0x8000b214 (0x0000bfe5) c.j     pc - 8
core   0: 3 0x8000b214 (0xbfe5)
core   0: 0x8000b20c (0x00005f17) auipc   t5, 0x5
core   0: 3 0x8000b20c (0x00005f17) x30 0x8001020c
core   0: 0x8000b210 (0xde3f2a23) sw      gp, -524(t5)
core   0: 3 0x8000b210 (0xde3f2a23) mem 0x80010000 0x00000001
core   0: 0x8000b214 (0x0000bfe5) c.j     pc - 8
core   0: 3 0x8000b214 (0xbfe5)
core   0: 0x8000b20c (0x00005f17) auipc   t5, 0x5
core   0: 3 0x8000b20c (0x00005f17) x30 0x8001020c
core   0: 0x8000b210 (0xde3f2a23) sw      gp, -524(t5)
core   0: 3 0x8000b210 (0xde3f2a23) mem 0x80010000 0x00000001
core   0: 0x8000b214 (0x0000bfe5) c.j     pc - 8
core   0: 3 0x8000b214 (0xbfe5)
core   0: 0x8000b20c (0x00005f17) auipc   t5, 0x5
core   0: 3 0x8000b20c (0x00005f17) x30 0x8001020c
core   0: 0x8000b210 (0xde3f2a23) sw      gp, -524(t5)
core   0: 3 0x8000b210 (0xde3f2a23) mem 0x80010000 0x00000001
core   0: 0x8000b214 (0x0000bfe5) c.j     pc - 8
core   0: 3 0x8000b214 (0xbfe5)
core   0: 0x8000b20c (0x00005f17) auipc   t5, 0x5
core   0: 3 0x8000b20c (0x00005f17) x30 0x8001020c
core   0: 0x8000b210 (0xde3f2a23) sw      gp, -524(t5)
core   0: 3 0x8000b210 (0xde3f2a23) mem 0x80010000 0x00000001
core   0: 0x8000b214 (0x0000bfe5) c.j     pc - 8
core   0: 3 0x8000b214 (0xbfe5)
core   0: 0x8000b20c (0x00005f17) auipc   t5, 0x5
core   0: 3 0x8000b20c (0x00005f17) x30 0x8001020c
core   0: 0x8000b210 (0xde3f2a23) sw      gp, -524(t5)
core   0: 3 0x8000b210 (0xde3f2a23) mem 0x80010000 0x00000001
core   0: 0x8000b214 (0x0000bfe5) c.j     pc - 8
core   0: 3 0x8000b214 (0xbfe5)
core   0: 0x8000b20c (0x00005f17) auipc   t5, 0x5
core   0: 3 0x8000b20c (0x00005f17) x30 0x8001020c
core   0: 0x8000b210 (0xde3f2a23) sw      gp, -524(t5)
core   0: 3 0x8000b210 (0xde3f2a23) mem 0x80010000 0x00000001
core   0: 0x8000b214 (0x0000bfe5) c.j     pc - 8
core   0: 3 0x8000b214 (0xbfe5)
core   0: 0x8000b20c (0x00005f17) auipc   t5, 0x5
core   0: 3 0x8000b20c (0x00005f17) x30 0x8001020c
core   0: 0x8000b210 (0xde3f2a23) sw      gp, -524(t5)
core   0: 3 0x8000b210 (0xde3f2a23) mem 0x80010000 0x00000001
core   0: 0x8000b214 (0x0000bfe5) c.j     pc - 8
core   0: 3 0x8000b214 (0xbfe5)
core   0: 0x8000b20c (0x00005f17) auipc   t5, 0x5
core   0: 3 0x8000b20c (0x00005f17) x30 0x8001020c
core   0: 0x8000b210 (0xde3f2a23) sw      gp, -524(t5)
core   0: 3 0x8000b210 (0xde3f2a23) mem 0x80010000 0x00000001
core   0: 0x8000b214 (0x0000bfe5) c.j     pc - 8
core   0: 3 0x8000b214 (0xbfe5)
core   0: 0x8000b20c (0x00005f17) auipc   t5, 0x5
core   0: 3 0x8000b20c (0x00005f17) x30 0x8001020c
core   0: 0x8000b210 (0xde3f2a23) sw      gp, -524(t5)
core   0: 3 0x8000b210 (0xde3f2a23) mem 0x80010000 0x00000001
core   0: 0x8000b214 (0x0000bfe5) c.j     pc - 8
core   0: 3 0x8000b214 (0xbfe5)
core   0: 0x8000b20c (0x00005f17) auipc   t5, 0x5
core   0: 3 0x8000b20c (0x00005f17) x30 0x8001020c
core   0: 0x8000b210 (0xde3f2a23) sw      gp, -524(t5)
core   0: 3 0x8000b210 (0xde3f2a23) mem 0x80010000 0x00000001
core   0: 0x8000b214 (0x0000bfe5) c.j     pc - 8
core   0: 3 0x8000b214 (0xbfe5)
core   0: 0x8000b20c (0x00005f17) auipc   t5, 0x5
core   0: 3 0x8000b20c (0x00005f17) x30 0x8001020c
core   0: 0x8000b210 (0xde3f2a23) sw      gp, -524(t5)
core   0: 3 0x8000b210 (0xde3f2a23) mem 0x80010000 0x00000001
core   0: 0x8000b214 (0x0000bfe5) c.j     pc - 8
core   0: 3 0x8000b214 (0xbfe5)
core   0: 0x8000b20c (0x00005f17) auipc   t5, 0x5
core   0: 3 0x8000b20c (0x00005f17) x30 0x8001020c
core   0: 0x8000b210 (0xde3f2a23) sw      gp, -524(t5)
core   0: 3 0x8000b210 (0xde3f2a23) mem 0x80010000 0x00000001
core   0: 0x8000b214 (0x0000bfe5) c.j     pc - 8
core   0: 3 0x8000b214 (0xbfe5)
core   0: 0x8000b20c (0x00005f17) auipc   t5, 0x5
core   0: 3 0x8000b20c (0x00005f17) x30 0x8001020c
core   0: 0x8000b210 (0xde3f2a23) sw      gp, -524(t5)
core   0: 3 0x8000b210 (0xde3f2a23) mem 0x80010000 0x00000001
core   0: 0x8000b214 (0x0000bfe5) c.j     pc - 8
core   0: 3 0x8000b214 (0xbfe5)
core   0: 0x8000b20c (0x00005f17) auipc   t5, 0x5
core   0: 3 0x8000b20c (0x00005f17) x30 0x8001020c
core   0: 0x8000b210 (0xde3f2a23) sw      gp, -524(t5)
core   0: 3 0x8000b210 (0xde3f2a23) mem 0x80010000 0x00000001
core   0: 0x8000b214 (0x0000bfe5) c.j     pc - 8
core   0: 3 0x8000b214 (0xbfe5)
core   0: 0x8000b20c (0x00005f17) auipc   t5, 0x5
core   0: 3 0x8000b20c (0x00005f17) x30 0x8001020c
core   0: 0x8000b210 (0xde3f2a23) sw      gp, -524(t5)
core   0: 3 0x8000b210 (0xde3f2a23) mem 0x80010000 0x00000001
core   0: 0x8000b214 (0x0000bfe5) c.j     pc - 8
core   0: 3 0x8000b214 (0xbfe5)
core   0: 0x8000b20c (0x00005f17) auipc   t5, 0x5
core   0: 3 0x8000b20c (0x00005f17) x30 0x8001020c
core   0: 0x8000b210 (0xde3f2a23) sw      gp, -524(t5)
core   0: 3 0x8000b210 (0xde3f2a23) mem 0x80010000 0x00000001
core   0: 0x8000b214 (0x0000bfe5) c.j     pc - 8
core   0: 3 0x8000b214 (0xbfe5)
core   0: 0x8000b20c (0x00005f17) auipc   t5, 0x5
core   0: 3 0x8000b20c (0x00005f17) x30 0x8001020c
core   0: 0x8000b210 (0xde3f2a23) sw      gp, -524(t5)
core   0: 3 0x8000b210 (0xde3f2a23) mem 0x80010000 0x00000001
core   0: 0x8000b214 (0x0000bfe5) c.j     pc - 8
core   0: 3 0x8000b214 (0xbfe5)
core   0: 0x8000b20c (0x00005f17) auipc   t5, 0x5
core   0: 3 0x8000b20c (0x00005f17) x30 0x8001020c
core   0: 0x8000b210 (0xde3f2a23) sw      gp, -524(t5)
core   0: 3 0x8000b210 (0xde3f2a23) mem 0x80010000 0x00000001
core   0: 0x8000b214 (0x0000bfe5) c.j     pc - 8
core   0: 3 0x8000b214 (0xbfe5)
core   0: 0x8000b20c (0x00005f17) auipc   t5, 0x5
core   0: 3 0x8000b20c (0x00005f17) x30 0x8001020c
core   0: 0x8000b210 (0xde3f2a23) sw      gp, -524(t5)
core   0: 3 0x8000b210 (0xde3f2a23) mem 0x80010000 0x00000001
core   0: 0x8000b214 (0x0000bfe5) c.j     pc - 8
core   0: 3 0x8000b214 (0xbfe5)
core   0: 0x8000b20c (0x00005f17) auipc   t5, 0x5
core   0: 3 0x8000b20c (0x00005f17) x30 0x8001020c
core   0: 0x8000b210 (0xde3f2a23) sw      gp, -524(t5)
core   0: 3 0x8000b210 (0xde3f2a23) mem 0x80010000 0x00000001
core   0: 0x8000b214 (0x0000bfe5) c.j     pc - 8
core   0: 3 0x8000b214 (0xbfe5)
core   0: 0x8000b20c (0x00005f17) auipc   t5, 0x5
core   0: 3 0x8000b20c (0x00005f17) x30 0x8001020c
core   0: 0x8000b210 (0xde3f2a23) sw      gp, -524(t5)
core   0: 3 0x8000b210 (0xde3f2a23) mem 0x80010000 0x00000001
core   0: 0x8000b214 (0x0000bfe5) c.j     pc - 8
core   0: 3 0x8000b214 (0xbfe5)
core   0: 0x8000b20c (0x00005f17) auipc   t5, 0x5
core   0: 3 0x8000b20c (0x00005f17) x30 0x8001020c
core   0: 0x8000b210 (0xde3f2a23) sw      gp, -524(t5)
core   0: 3 0x8000b210 (0xde3f2a23) mem 0x80010000 0x00000001
core   0: 0x8000b214 (0x0000bfe5) c.j     pc - 8
core   0: 3 0x8000b214 (0xbfe5)
core   0: 0x8000b20c (0x00005f17) auipc   t5, 0x5
core   0: 3 0x8000b20c (0x00005f17) x30 0x8001020c
core   0: 0x8000b210 (0xde3f2a23) sw      gp, -524(t5)
core   0: 3 0x8000b210 (0xde3f2a23) mem 0x80010000 0x00000001
core   0: 0x8000b214 (0x0000bfe5) c.j     pc - 8
core   0: 3 0x8000b214 (0xbfe5)
core   0: 0x8000b20c (0x00005f17) auipc   t5, 0x5
core   0: 3 0x8000b20c (0x00005f17) x30 0x8001020c
core   0: 0x8000b210 (0xde3f2a23) sw      gp, -524(t5)
core   0: 3 0x8000b210 (0xde3f2a23) mem 0x80010000 0x00000001
core   0: 0x8000b214 (0x0000bfe5) c.j     pc - 8
core   0: 3 0x8000b214 (0xbfe5)
core   0: 0x8000b20c (0x00005f17) auipc   t5, 0x5
core   0: 3 0x8000b20c (0x00005f17) x30 0x8001020c
core   0: 0x8000b210 (0xde3f2a23) sw      gp, -524(t5)
core   0: 3 0x8000b210 (0xde3f2a23) mem 0x80010000 0x00000001
core   0: 0x8000b214 (0x0000bfe5) c.j     pc - 8
core   0: 3 0x8000b214 (0xbfe5)
core   0: 0x8000b20c (0x00005f17) auipc   t5, 0x5
core   0: 3 0x8000b20c (0x00005f17) x30 0x8001020c
core   0: 0x8000b210 (0xde3f2a23) sw      gp, -524(t5)
core   0: 3 0x8000b210 (0xde3f2a23) mem 0x80010000 0x00000001
core   0: 0x8000b214 (0x0000bfe5) c.j     pc - 8
core   0: 3 0x8000b214 (0xbfe5)
core   0: 0x8000b20c (0x00005f17) auipc   t5, 0x5
core   0: 3 0x8000b20c (0x00005f17) x30 0x8001020c
core   0: 0x8000b210 (0xde3f2a23) sw      gp, -524(t5)
core   0: 3 0x8000b210 (0xde3f2a23) mem 0x80010000 0x00000001
core   0: 0x8000b214 (0x0000bfe5) c.j     pc - 8
core   0: 3 0x8000b214 (0xbfe5)
core   0: 0x8000b20c (0x00005f17) auipc   t5, 0x5
core   0: 3 0x8000b20c (0x00005f17) x30 0x8001020c
core   0: 0x8000b210 (0xde3f2a23) sw      gp, -524(t5)
core   0: 3 0x8000b210 (0xde3f2a23) mem 0x80010000 0x00000001
core   0: 0x8000b214 (0x0000bfe5) c.j     pc - 8
core   0: 3 0x8000b214 (0xbfe5)
core   0: 0x8000b20c (0x00005f17) auipc   t5, 0x5
core   0: 3 0x8000b20c (0x00005f17) x30 0x8001020c
core   0: 0x8000b210 (0xde3f2a23) sw      gp, -524(t5)
core   0: 3 0x8000b210 (0xde3f2a23) mem 0x80010000 0x00000001
core   0: 0x8000b214 (0x0000bfe5) c.j     pc - 8
core   0: 3 0x8000b214 (0xbfe5)
core   0: 0x8000b20c (0x00005f17) auipc   t5, 0x5
core   0: 3 0x8000b20c (0x00005f17) x30 0x8001020c
core   0: 0x8000b210 (0xde3f2a23) sw      gp, -524(t5)
core   0: 3 0x8000b210 (0xde3f2a23) mem 0x80010000 0x00000001
core   0: 0x8000b214 (0x0000bfe5) c.j     pc - 8
core   0: 3 0x8000b214 (0xbfe5)
core   0: 0x8000b20c (0x00005f17) auipc   t5, 0x5
core   0: 3 0x8000b20c (0x00005f17) x30 0x8001020c
core   0: 0x8000b210 (0xde3f2a23) sw      gp, -524(t5)
core   0: 3 0x8000b210 (0xde3f2a23) mem 0x80010000 0x00000001
core   0: 0x8000b214 (0x0000bfe5) c.j     pc - 8
core   0: 3 0x8000b214 (0xbfe5)
core   0: 0x8000b20c (0x00005f17) auipc   t5, 0x5
core   0: 3 0x8000b20c (0x00005f17) x30 0x8001020c
core   0: 0x8000b210 (0xde3f2a23) sw      gp, -524(t5)
core   0: 3 0x8000b210 (0xde3f2a23) mem 0x80010000 0x00000001
core   0: 0x8000b214 (0x0000bfe5) c.j     pc - 8
core   0: 3 0x8000b214 (0xbfe5)
core   0: 0x8000b20c (0x00005f17) auipc   t5, 0x5
core   0: 3 0x8000b20c (0x00005f17) x30 0x8001020c
core   0: 0x8000b210 (0xde3f2a23) sw      gp, -524(t5)
core   0: 3 0x8000b210 (0xde3f2a23) mem 0x80010000 0x00000001
core   0: 0x8000b214 (0x0000bfe5) c.j     pc - 8
core   0: 3 0x8000b214 (0xbfe5)
core   0: 0x8000b20c (0x00005f17) auipc   t5, 0x5
core   0: 3 0x8000b20c (0x00005f17) x30 0x8001020c
core   0: 0x8000b210 (0xde3f2a23) sw      gp, -524(t5)
core   0: 3 0x8000b210 (0xde3f2a23) mem 0x80010000 0x00000001
core   0: 0x8000b214 (0x0000bfe5) c.j     pc - 8
core   0: 3 0x8000b214 (0xbfe5)
core   0: 0x8000b20c (0x00005f17) auipc   t5, 0x5
core   0: 3 0x8000b20c (0x00005f17) x30 0x8001020c
core   0: 0x8000b210 (0xde3f2a23) sw      gp, -524(t5)
core   0: 3 0x8000b210 (0xde3f2a23) mem 0x80010000 0x00000001
core   0: 0x8000b214 (0x0000bfe5) c.j     pc - 8
core   0: 3 0x8000b214 (0xbfe5)
core   0: 0x8000b20c (0x00005f17) auipc   t5, 0x5
core   0: 3 0x8000b20c (0x00005f17) x30 0x8001020c
core   0: 0x8000b210 (0xde3f2a23) sw      gp, -524(t5)
core   0: 3 0x8000b210 (0xde3f2a23) mem 0x80010000 0x00000001
core   0: 0x8000b214 (0x0000bfe5) c.j     pc - 8
core   0: 3 0x8000b214 (0xbfe5)
core   0: 0x8000b20c (0x00005f17) auipc   t5, 0x5
core   0: 3 0x8000b20c (0x00005f17) x30 0x8001020c
core   0: 0x8000b210 (0xde3f2a23) sw      gp, -524(t5)
core   0: 3 0x8000b210 (0xde3f2a23) mem 0x80010000 0x00000001
core   0: 0x8000b214 (0x0000bfe5) c.j     pc - 8
core   0: 3 0x8000b214 (0xbfe5)
core   0: 0x8000b20c (0x00005f17) auipc   t5, 0x5
core   0: 3 0x8000b20c (0x00005f17) x30 0x8001020c
core   0: 0x8000b210 (0xde3f2a23) sw      gp, -524(t5)
core   0: 3 0x8000b210 (0xde3f2a23) mem 0x80010000 0x00000001
core   0: 0x8000b214 (0x0000bfe5) c.j     pc - 8
core   0: 3 0x8000b214 (0xbfe5)
core   0: 0x8000b20c (0x00005f17) auipc   t5, 0x5
core   0: 3 0x8000b20c (0x00005f17) x30 0x8001020c
core   0: 0x8000b210 (0xde3f2a23) sw      gp, -524(t5)
core   0: 3 0x8000b210 (0xde3f2a23) mem 0x80010000 0x00000001
core   0: 0x8000b214 (0x0000bfe5) c.j     pc - 8
core   0: 3 0x8000b214 (0xbfe5)
core   0: 0x8000b20c (0x00005f17) auipc   t5, 0x5
core   0: 3 0x8000b20c (0x00005f17) x30 0x8001020c
core   0: 0x8000b210 (0xde3f2a23) sw      gp, -524(t5)
core   0: 3 0x8000b210 (0xde3f2a23) mem 0x80010000 0x00000001
core   0: 0x8000b214 (0x0000bfe5) c.j     pc - 8
core   0: 3 0x8000b214 (0xbfe5)
core   0: 0x8000b20c (0x00005f17) auipc   t5, 0x5
core   0: 3 0x8000b20c (0x00005f17) x30 0x8001020c
core   0: 0x8000b210 (0xde3f2a23) sw      gp, -524(t5)
core   0: 3 0x8000b210 (0xde3f2a23) mem 0x80010000 0x00000001
core   0: 0x8000b214 (0x0000bfe5) c.j     pc - 8
core   0: 3 0x8000b214 (0xbfe5)
core   0: 0x8000b20c (0x00005f17) auipc   t5, 0x5
core   0: 3 0x8000b20c (0x00005f17) x30 0x8001020c
core   0: 0x8000b210 (0xde3f2a23) sw      gp, -524(t5)
core   0: 3 0x8000b210 (0xde3f2a23) mem 0x80010000 0x00000001
core   0: 0x8000b214 (0x0000bfe5) c.j     pc - 8
core   0: 3 0x8000b214 (0xbfe5)
core   0: 0x8000b20c (0x00005f17) auipc   t5, 0x5
core   0: 3 0x8000b20c (0x00005f17) x30 0x8001020c
core   0: 0x8000b210 (0xde3f2a23) sw      gp, -524(t5)
core   0: 3 0x8000b210 (0xde3f2a23) mem 0x80010000 0x00000001
core   0: 0x8000b214 (0x0000bfe5) c.j     pc - 8
core   0: 3 0x8000b214 (0xbfe5)
core   0: 0x8000b20c (0x00005f17) auipc   t5, 0x5
core   0: 3 0x8000b20c (0x00005f17) x30 0x8001020c
core   0: 0x8000b210 (0xde3f2a23) sw      gp, -524(t5)
core   0: 3 0x8000b210 (0xde3f2a23) mem 0x80010000 0x00000001
core   0: 0x8000b214 (0x0000bfe5) c.j     pc - 8
core   0: 3 0x8000b214 (0xbfe5)
core   0: 0x8000b20c (0x00005f17) auipc   t5, 0x5
core   0: 3 0x8000b20c (0x00005f17) x30 0x8001020c
core   0: 0x8000b210 (0xde3f2a23) sw      gp, -524(t5)
core   0: 3 0x8000b210 (0xde3f2a23) mem 0x80010000 0x00000001
core   0: 0x8000b214 (0x0000bfe5) c.j     pc - 8
core   0: 3 0x8000b214 (0xbfe5)
core   0: 0x8000b20c (0x00005f17) auipc   t5, 0x5
core   0: 3 0x8000b20c (0x00005f17) x30 0x8001020c
core   0: 0x8000b210 (0xde3f2a23) sw      gp, -524(t5)
core   0: 3 0x8000b210 (0xde3f2a23) mem 0x80010000 0x00000001
core   0: 0x8000b214 (0x0000bfe5) c.j     pc - 8
core   0: 3 0x8000b214 (0xbfe5)
core   0: 0x8000b20c (0x00005f17) auipc   t5, 0x5
core   0: 3 0x8000b20c (0x00005f17) x30 0x8001020c
core   0: 0x8000b210 (0xde3f2a23) sw      gp, -524(t5)
core   0: 3 0x8000b210 (0xde3f2a23) mem 0x80010000 0x00000001
core   0: 0x8000b214 (0x0000bfe5) c.j     pc - 8
core   0: 3 0x8000b214 (0xbfe5)
core   0: 0x8000b20c (0x00005f17) auipc   t5, 0x5
core   0: 3 0x8000b20c (0x00005f17) x30 0x8001020c
core   0: 0x8000b210 (0xde3f2a23) sw      gp, -524(t5)
core   0: 3 0x8000b210 (0xde3f2a23) mem 0x80010000 0x00000001
core   0: 0x8000b214 (0x0000bfe5) c.j     pc - 8
core   0: 3 0x8000b214 (0xbfe5)
core   0: 0x8000b20c (0x00005f17) auipc   t5, 0x5
core   0: 3 0x8000b20c (0x00005f17) x30 0x8001020c
core   0: 0x8000b210 (0xde3f2a23) sw      gp, -524(t5)
core   0: 3 0x8000b210 (0xde3f2a23) mem 0x80010000 0x00000001
core   0: 0x8000b214 (0x0000bfe5) c.j     pc - 8
core   0: 3 0x8000b214 (0xbfe5)
core   0: 0x8000b20c (0x00005f17) auipc   t5, 0x5
core   0: 3 0x8000b20c (0x00005f17) x30 0x8001020c
core   0: 0x8000b210 (0xde3f2a23) sw      gp, -524(t5)
core   0: 3 0x8000b210 (0xde3f2a23) mem 0x80010000 0x00000001
core   0: 0x8000b214 (0x0000bfe5) c.j     pc - 8
core   0: 3 0x8000b214 (0xbfe5)
core   0: 0x8000b20c (0x00005f17) auipc   t5, 0x5
core   0: 3 0x8000b20c (0x00005f17) x30 0x8001020c
core   0: 0x8000b210 (0xde3f2a23) sw      gp, -524(t5)
core   0: 3 0x8000b210 (0xde3f2a23) mem 0x80010000 0x00000001
core   0: 0x8000b214 (0x0000bfe5) c.j     pc - 8
core   0: 3 0x8000b214 (0xbfe5)
core   0: 0x8000b20c (0x00005f17) auipc   t5, 0x5
core   0: 3 0x8000b20c (0x00005f17) x30 0x8001020c
core   0: 0x8000b210 (0xde3f2a23) sw      gp, -524(t5)
core   0: 3 0x8000b210 (0xde3f2a23) mem 0x80010000 0x00000001
core   0: 0x8000b214 (0x0000bfe5) c.j     pc - 8
core   0: 3 0x8000b214 (0xbfe5)
core   0: 0x8000b20c (0x00005f17) auipc   t5, 0x5
core   0: 3 0x8000b20c (0x00005f17) x30 0x8001020c
core   0: 0x8000b210 (0xde3f2a23) sw      gp, -524(t5)
core   0: 3 0x8000b210 (0xde3f2a23) mem 0x80010000 0x00000001
core   0: 0x8000b214 (0x0000bfe5) c.j     pc - 8
core   0: 3 0x8000b214 (0xbfe5)
core   0: 0x8000b20c (0x00005f17) auipc   t5, 0x5
core   0: 3 0x8000b20c (0x00005f17) x30 0x8001020c
core   0: 0x8000b210 (0xde3f2a23) sw      gp, -524(t5)
core   0: 3 0x8000b210 (0xde3f2a23) mem 0x80010000 0x00000001
core   0: 0x8000b214 (0x0000bfe5) c.j     pc - 8
core   0: 3 0x8000b214 (0xbfe5)
core   0: 0x8000b20c (0x00005f17) auipc   t5, 0x5
core   0: 3 0x8000b20c (0x00005f17) x30 0x8001020c
core   0: 0x8000b210 (0xde3f2a23) sw      gp, -524(t5)
core   0: 3 0x8000b210 (0xde3f2a23) mem 0x80010000 0x00000001
core   0: 0x8000b214 (0x0000bfe5) c.j     pc - 8
core   0: 3 0x8000b214 (0xbfe5)
core   0: 0x8000b20c (0x00005f17) auipc   t5, 0x5
core   0: 3 0x8000b20c (0x00005f17) x30 0x8001020c
core   0: 0x8000b210 (0xde3f2a23) sw      gp, -524(t5)
core   0: 3 0x8000b210 (0xde3f2a23) mem 0x80010000 0x00000001
core   0: 0x8000b214 (0x0000bfe5) c.j     pc - 8
core   0: 3 0x8000b214 (0xbfe5)
core   0: 0x8000b20c (0x00005f17) auipc   t5, 0x5
core   0: 3 0x8000b20c (0x00005f17) x30 0x8001020c
core   0: 0x8000b210 (0xde3f2a23) sw      gp, -524(t5)
core   0: 3 0x8000b210 (0xde3f2a23) mem 0x80010000 0x00000001
core   0: 0x8000b214 (0x0000bfe5) c.j     pc - 8
core   0: 3 0x8000b214 (0xbfe5)
core   0: 0x8000b20c (0x00005f17) auipc   t5, 0x5
core   0: 3 0x8000b20c (0x00005f17) x30 0x8001020c
core   0: 0x8000b210 (0xde3f2a23) sw      gp, -524(t5)
core   0: 3 0x8000b210 (0xde3f2a23) mem 0x80010000 0x00000001
core   0: 0x8000b214 (0x0000bfe5) c.j     pc - 8
core   0: 3 0x8000b214 (0xbfe5)
core   0: 0x8000b20c (0x00005f17) auipc   t5, 0x5
core   0: 3 0x8000b20c (0x00005f17) x30 0x8001020c
core   0: 0x8000b210 (0xde3f2a23) sw      gp, -524(t5)
core   0: 3 0x8000b210 (0xde3f2a23) mem 0x80010000 0x00000001
core   0: 0x8000b214 (0x0000bfe5) c.j     pc - 8
core   0: 3 0x8000b214 (0xbfe5)
core   0: 0x8000b20c (0x00005f17) auipc   t5, 0x5
core   0: 3 0x8000b20c (0x00005f17) x30 0x8001020c
core   0: 0x8000b210 (0xde3f2a23) sw      gp, -524(t5)
core   0: 3 0x8000b210 (0xde3f2a23) mem 0x80010000 0x00000001
core   0: 0x8000b214 (0x0000bfe5) c.j     pc - 8
core   0: 3 0x8000b214 (0xbfe5)
core   0: 0x8000b20c (0x00005f17) auipc   t5, 0x5
core   0: 3 0x8000b20c (0x00005f17) x30 0x8001020c
core   0: 0x8000b210 (0xde3f2a23) sw      gp, -524(t5)
core   0: 3 0x8000b210 (0xde3f2a23) mem 0x80010000 0x00000001
core   0: 0x8000b214 (0x0000bfe5) c.j     pc - 8
core   0: 3 0x8000b214 (0xbfe5)
core   0: 0x8000b20c (0x00005f17) auipc   t5, 0x5
core   0: 3 0x8000b20c (0x00005f17) x30 0x8001020c
core   0: 0x8000b210 (0xde3f2a23) sw      gp, -524(t5)
core   0: 3 0x8000b210 (0xde3f2a23) mem 0x80010000 0x00000001
core   0: 0x8000b214 (0x0000bfe5) c.j     pc - 8
core   0: 3 0x8000b214 (0xbfe5)
core   0: 0x8000b20c (0x00005f17) auipc   t5, 0x5
core   0: 3 0x8000b20c (0x00005f17) x30 0x8001020c
core   0: 0x8000b210 (0xde3f2a23) sw      gp, -524(t5)
core   0: 3 0x8000b210 (0xde3f2a23) mem 0x80010000 0x00000001
core   0: 0x8000b214 (0x0000bfe5) c.j     pc - 8
core   0: 3 0x8000b214 (0xbfe5)
core   0: 0x8000b20c (0x00005f17) auipc   t5, 0x5
core   0: 3 0x8000b20c (0x00005f17) x30 0x8001020c
core   0: 0x8000b210 (0xde3f2a23) sw      gp, -524(t5)
core   0: 3 0x8000b210 (0xde3f2a23) mem 0x80010000 0x00000001
core   0: 0x8000b214 (0x0000bfe5) c.j     pc - 8
core   0: 3 0x8000b214 (0xbfe5)
core   0: 0x8000b20c (0x00005f17) auipc   t5, 0x5
core   0: 3 0x8000b20c (0x00005f17) x30 0x8001020c
core   0: 0x8000b210 (0xde3f2a23) sw      gp, -524(t5)
core   0: 3 0x8000b210 (0xde3f2a23) mem 0x80010000 0x00000001
core   0: 0x8000b214 (0x0000bfe5) c.j     pc - 8
core   0: 3 0x8000b214 (0xbfe5)
core   0: 0x8000b20c (0x00005f17) auipc   t5, 0x5
core   0: 3 0x8000b20c (0x00005f17) x30 0x8001020c
core   0: 0x8000b210 (0xde3f2a23) sw      gp, -524(t5)
core   0: 3 0x8000b210 (0xde3f2a23) mem 0x80010000 0x00000001
core   0: 0x8000b214 (0x0000bfe5) c.j     pc - 8
core   0: 3 0x8000b214 (0xbfe5)
core   0: 0x8000b20c (0x00005f17) auipc   t5, 0x5
core   0: 3 0x8000b20c (0x00005f17) x30 0x8001020c
core   0: 0x8000b210 (0xde3f2a23) sw      gp, -524(t5)
core   0: 3 0x8000b210 (0xde3f2a23) mem 0x80010000 0x00000001
core   0: 0x8000b214 (0x0000bfe5) c.j     pc - 8
core   0: 3 0x8000b214 (0xbfe5)
core   0: 0x8000b20c (0x00005f17) auipc   t5, 0x5
core   0: 3 0x8000b20c (0x00005f17) x30 0x8001020c
core   0: 0x8000b210 (0xde3f2a23) sw      gp, -524(t5)
core   0: 3 0x8000b210 (0xde3f2a23) mem 0x80010000 0x00000001
core   0: 0x8000b214 (0x0000bfe5) c.j     pc - 8
core   0: 3 0x8000b214 (0xbfe5)
core   0: 0x8000b20c (0x00005f17) auipc   t5, 0x5
core   0: 3 0x8000b20c (0x00005f17) x30 0x8001020c
core   0: 0x8000b210 (0xde3f2a23) sw      gp, -524(t5)
core   0: 3 0x8000b210 (0xde3f2a23) mem 0x80010000 0x00000001
core   0: 0x8000b214 (0x0000bfe5) c.j     pc - 8
core   0: 3 0x8000b214 (0xbfe5)
core   0: 0x8000b20c (0x00005f17) auipc   t5, 0x5
core   0: 3 0x8000b20c (0x00005f17) x30 0x8001020c
core   0: 0x8000b210 (0xde3f2a23) sw      gp, -524(t5)
core   0: 3 0x8000b210 (0xde3f2a23) mem 0x80010000 0x00000001
core   0: 0x8000b214 (0x0000bfe5) c.j     pc - 8
core   0: 3 0x8000b214 (0xbfe5)
core   0: 0x8000b20c (0x00005f17) auipc   t5, 0x5
core   0: 3 0x8000b20c (0x00005f17) x30 0x8001020c
core   0: 0x8000b210 (0xde3f2a23) sw      gp, -524(t5)
core   0: 3 0x8000b210 (0xde3f2a23) mem 0x80010000 0x00000001
core   0: 0x8000b214 (0x0000bfe5) c.j     pc - 8
core   0: 3 0x8000b214 (0xbfe5)
core   0: 0x8000b20c (0x00005f17) auipc   t5, 0x5
core   0: 3 0x8000b20c (0x00005f17) x30 0x8001020c
core   0: 0x8000b210 (0xde3f2a23) sw      gp, -524(t5)
core   0: 3 0x8000b210 (0xde3f2a23) mem 0x80010000 0x00000001
core   0: 0x8000b214 (0x0000bfe5) c.j     pc - 8
core   0: 3 0x8000b214 (0xbfe5)
core   0: 0x8000b20c (0x00005f17) auipc   t5, 0x5
core   0: 3 0x8000b20c (0x00005f17) x30 0x8001020c
core   0: 0x8000b210 (0xde3f2a23) sw      gp, -524(t5)
core   0: 3 0x8000b210 (0xde3f2a23) mem 0x80010000 0x00000001
core   0: 0x8000b214 (0x0000bfe5) c.j     pc - 8
core   0: 3 0x8000b214 (0xbfe5)
core   0: 0x8000b20c (0x00005f17) auipc   t5, 0x5
core   0: 3 0x8000b20c (0x00005f17) x30 0x8001020c
core   0: 0x8000b210 (0xde3f2a23) sw      gp, -524(t5)
core   0: 3 0x8000b210 (0xde3f2a23) mem 0x80010000 0x00000001
core   0: 0x8000b214 (0x0000bfe5) c.j     pc - 8
core   0: 3 0x8000b214 (0xbfe5)
core   0: 0x8000b20c (0x00005f17) auipc   t5, 0x5
core   0: 3 0x8000b20c (0x00005f17) x30 0x8001020c
core   0: 0x8000b210 (0xde3f2a23) sw      gp, -524(t5)
core   0: 3 0x8000b210 (0xde3f2a23) mem 0x80010000 0x00000001
core   0: 0x8000b214 (0x0000bfe5) c.j     pc - 8
core   0: 3 0x8000b214 (0xbfe5)
core   0: 0x8000b20c (0x00005f17) auipc   t5, 0x5
core   0: 3 0x8000b20c (0x00005f17) x30 0x8001020c
core   0: 0x8000b210 (0xde3f2a23) sw      gp, -524(t5)
core   0: 3 0x8000b210 (0xde3f2a23) mem 0x80010000 0x00000001
core   0: 0x8000b214 (0x0000bfe5) c.j     pc - 8
core   0: 3 0x8000b214 (0xbfe5)
core   0: 0x8000b20c (0x00005f17) auipc   t5, 0x5
core   0: 3 0x8000b20c (0x00005f17) x30 0x8001020c
core   0: 0x8000b210 (0xde3f2a23) sw      gp, -524(t5)
core   0: 3 0x8000b210 (0xde3f2a23) mem 0x80010000 0x00000001
core   0: 0x8000b214 (0x0000bfe5) c.j     pc - 8
core   0: 3 0x8000b214 (0xbfe5)
core   0: 0x8000b20c (0x00005f17) auipc   t5, 0x5
core   0: 3 0x8000b20c (0x00005f17) x30 0x8001020c
core   0: 0x8000b210 (0xde3f2a23) sw      gp, -524(t5)
core   0: 3 0x8000b210 (0xde3f2a23) mem 0x80010000 0x00000001
core   0: 0x8000b214 (0x0000bfe5) c.j     pc - 8
core   0: 3 0x8000b214 (0xbfe5)
core   0: 0x8000b20c (0x00005f17) auipc   t5, 0x5
core   0: 3 0x8000b20c (0x00005f17) x30 0x8001020c
core   0: 0x8000b210 (0xde3f2a23) sw      gp, -524(t5)
core   0: 3 0x8000b210 (0xde3f2a23) mem 0x80010000 0x00000001
core   0: 0x8000b214 (0x0000bfe5) c.j     pc - 8
core   0: 3 0x8000b214 (0xbfe5)
core   0: 0x8000b20c (0x00005f17) auipc   t5, 0x5
core   0: 3 0x8000b20c (0x00005f17) x30 0x8001020c
core   0: 0x8000b210 (0xde3f2a23) sw      gp, -524(t5)
core   0: 3 0x8000b210 (0xde3f2a23) mem 0x80010000 0x00000001
core   0: 0x8000b214 (0x0000bfe5) c.j     pc - 8
core   0: 3 0x8000b214 (0xbfe5)
core   0: 0x8000b20c (0x00005f17) auipc   t5, 0x5
core   0: 3 0x8000b20c (0x00005f17) x30 0x8001020c
core   0: 0x8000b210 (0xde3f2a23) sw      gp, -524(t5)
core   0: 3 0x8000b210 (0xde3f2a23) mem 0x80010000 0x00000001
core   0: 0x8000b214 (0x0000bfe5) c.j     pc - 8
core   0: 3 0x8000b214 (0xbfe5)
core   0: 0x8000b20c (0x00005f17) auipc   t5, 0x5
core   0: 3 0x8000b20c (0x00005f17) x30 0x8001020c
core   0: 0x8000b210 (0xde3f2a23) sw      gp, -524(t5)
core   0: 3 0x8000b210 (0xde3f2a23) mem 0x80010000 0x00000001
core   0: 0x8000b214 (0x0000bfe5) c.j     pc - 8
core   0: 3 0x8000b214 (0xbfe5)
core   0: 0x8000b20c (0x00005f17) auipc   t5, 0x5
core   0: 3 0x8000b20c (0x00005f17) x30 0x8001020c
core   0: 0x8000b210 (0xde3f2a23) sw      gp, -524(t5)
core   0: 3 0x8000b210 (0xde3f2a23) mem 0x80010000 0x00000001
core   0: 0x8000b214 (0x0000bfe5) c.j     pc - 8
core   0: 3 0x8000b214 (0xbfe5)
core   0: 0x8000b20c (0x00005f17) auipc   t5, 0x5
core   0: 3 0x8000b20c (0x00005f17) x30 0x8001020c
core   0: 0x8000b210 (0xde3f2a23) sw      gp, -524(t5)
core   0: 3 0x8000b210 (0xde3f2a23) mem 0x80010000 0x00000001
core   0: 0x8000b214 (0x0000bfe5) c.j     pc - 8
core   0: 3 0x8000b214 (0xbfe5)
core   0: 0x8000b20c (0x00005f17) auipc   t5, 0x5
core   0: 3 0x8000b20c (0x00005f17) x30 0x8001020c
core   0: 0x8000b210 (0xde3f2a23) sw      gp, -524(t5)
core   0: 3 0x8000b210 (0xde3f2a23) mem 0x80010000 0x00000001
core   0: 0x8000b214 (0x0000bfe5) c.j     pc - 8
core   0: 3 0x8000b214 (0xbfe5)
core   0: 0x8000b20c (0x00005f17) auipc   t5, 0x5
core   0: 3 0x8000b20c (0x00005f17) x30 0x8001020c
core   0: 0x8000b210 (0xde3f2a23) sw      gp, -524(t5)
core   0: 3 0x8000b210 (0xde3f2a23) mem 0x80010000 0x00000001
core   0: 0x8000b214 (0x0000bfe5) c.j     pc - 8
core   0: 3 0x8000b214 (0xbfe5)
core   0: 0x8000b20c (0x00005f17) auipc   t5, 0x5
core   0: 3 0x8000b20c (0x00005f17) x30 0x8001020c
core   0: 0x8000b210 (0xde3f2a23) sw      gp, -524(t5)
core   0: 3 0x8000b210 (0xde3f2a23) mem 0x80010000 0x00000001
core   0: 0x8000b214 (0x0000bfe5) c.j     pc - 8
core   0: 3 0x8000b214 (0xbfe5)
core   0: 0x8000b20c (0x00005f17) auipc   t5, 0x5
core   0: 3 0x8000b20c (0x00005f17) x30 0x8001020c
core   0: 0x8000b210 (0xde3f2a23) sw      gp, -524(t5)
core   0: 3 0x8000b210 (0xde3f2a23) mem 0x80010000 0x00000001
core   0: 0x8000b214 (0x0000bfe5) c.j     pc - 8
core   0: 3 0x8000b214 (0xbfe5)
core   0: 0x8000b20c (0x00005f17) auipc   t5, 0x5
core   0: 3 0x8000b20c (0x00005f17) x30 0x8001020c
core   0: 0x8000b210 (0xde3f2a23) sw      gp, -524(t5)
core   0: 3 0x8000b210 (0xde3f2a23) mem 0x80010000 0x00000001
core   0: 0x8000b214 (0x0000bfe5) c.j     pc - 8
core   0: 3 0x8000b214 (0xbfe5)
core   0: 0x8000b20c (0x00005f17) auipc   t5, 0x5
core   0: 3 0x8000b20c (0x00005f17) x30 0x8001020c
core   0: 0x8000b210 (0xde3f2a23) sw      gp, -524(t5)
core   0: 3 0x8000b210 (0xde3f2a23) mem 0x80010000 0x00000001
core   0: 0x8000b214 (0x0000bfe5) c.j     pc - 8
core   0: 3 0x8000b214 (0xbfe5)
core   0: 0x8000b20c (0x00005f17) auipc   t5, 0x5
core   0: 3 0x8000b20c (0x00005f17) x30 0x8001020c
core   0: 0x8000b210 (0xde3f2a23) sw      gp, -524(t5)
core   0: 3 0x8000b210 (0xde3f2a23) mem 0x80010000 0x00000001
core   0: 0x8000b214 (0x0000bfe5) c.j     pc - 8
core   0: 3 0x8000b214 (0xbfe5)
core   0: 0x8000b20c (0x00005f17) auipc   t5, 0x5
core   0: 3 0x8000b20c (0x00005f17) x30 0x8001020c
core   0: 0x8000b210 (0xde3f2a23) sw      gp, -524(t5)
core   0: 3 0x8000b210 (0xde3f2a23) mem 0x80010000 0x00000001
core   0: 0x8000b214 (0x0000bfe5) c.j     pc - 8
core   0: 3 0x8000b214 (0xbfe5)
core   0: 0x8000b20c (0x00005f17) auipc   t5, 0x5
core   0: 3 0x8000b20c (0x00005f17) x30 0x8001020c
core   0: 0x8000b210 (0xde3f2a23) sw      gp, -524(t5)
core   0: 3 0x8000b210 (0xde3f2a23) mem 0x80010000 0x00000001
core   0: 0x8000b214 (0x0000bfe5) c.j     pc - 8
core   0: 3 0x8000b214 (0xbfe5)
core   0: 0x8000b20c (0x00005f17) auipc   t5, 0x5
core   0: 3 0x8000b20c (0x00005f17) x30 0x8001020c
core   0: 0x8000b210 (0xde3f2a23) sw      gp, -524(t5)
core   0: 3 0x8000b210 (0xde3f2a23) mem 0x80010000 0x00000001
core   0: 0x8000b214 (0x0000bfe5) c.j     pc - 8
core   0: 3 0x8000b214 (0xbfe5)
core   0: 0x8000b20c (0x00005f17) auipc   t5, 0x5
core   0: 3 0x8000b20c (0x00005f17) x30 0x8001020c
core   0: 0x8000b210 (0xde3f2a23) sw      gp, -524(t5)
core   0: 3 0x8000b210 (0xde3f2a23) mem 0x80010000 0x00000001
core   0: 0x8000b214 (0x0000bfe5) c.j     pc - 8
core   0: 3 0x8000b214 (0xbfe5)
core   0: 0x8000b20c (0x00005f17) auipc   t5, 0x5
core   0: 3 0x8000b20c (0x00005f17) x30 0x8001020c
core   0: 0x8000b210 (0xde3f2a23) sw      gp, -524(t5)
core   0: 3 0x8000b210 (0xde3f2a23) mem 0x80010000 0x00000001
core   0: 0x8000b214 (0x0000bfe5) c.j     pc - 8
core   0: 3 0x8000b214 (0xbfe5)
core   0: 0x8000b20c (0x00005f17) auipc   t5, 0x5
core   0: 3 0x8000b20c (0x00005f17) x30 0x8001020c
core   0: 0x8000b210 (0xde3f2a23) sw      gp, -524(t5)
core   0: 3 0x8000b210 (0xde3f2a23) mem 0x80010000 0x00000001
core   0: 0x8000b214 (0x0000bfe5) c.j     pc - 8
core   0: 3 0x8000b214 (0xbfe5)
core   0: 0x8000b20c (0x00005f17) auipc   t5, 0x5
core   0: 3 0x8000b20c (0x00005f17) x30 0x8001020c
core   0: 0x8000b210 (0xde3f2a23) sw      gp, -524(t5)
core   0: 3 0x8000b210 (0xde3f2a23) mem 0x80010000 0x00000001
core   0: 0x8000b214 (0x0000bfe5) c.j     pc - 8
core   0: 3 0x8000b214 (0xbfe5)
core   0: 0x8000b20c (0x00005f17) auipc   t5, 0x5
core   0: 3 0x8000b20c (0x00005f17) x30 0x8001020c
core   0: 0x8000b210 (0xde3f2a23) sw      gp, -524(t5)
core   0: 3 0x8000b210 (0xde3f2a23) mem 0x80010000 0x00000001
core   0: 0x8000b214 (0x0000bfe5) c.j     pc - 8
core   0: 3 0x8000b214 (0xbfe5)
core   0: 0x8000b20c (0x00005f17) auipc   t5, 0x5
core   0: 3 0x8000b20c (0x00005f17) x30 0x8001020c
core   0: 0x8000b210 (0xde3f2a23) sw      gp, -524(t5)
core   0: 3 0x8000b210 (0xde3f2a23) mem 0x80010000 0x00000001
core   0: 0x8000b214 (0x0000bfe5) c.j     pc - 8
core   0: 3 0x8000b214 (0xbfe5)
core   0: 0x8000b20c (0x00005f17) auipc   t5, 0x5
core   0: 3 0x8000b20c (0x00005f17) x30 0x8001020c
core   0: 0x8000b210 (0xde3f2a23) sw      gp, -524(t5)
core   0: 3 0x8000b210 (0xde3f2a23) mem 0x80010000 0x00000001
core   0: 0x8000b214 (0x0000bfe5) c.j     pc - 8
core   0: 3 0x8000b214 (0xbfe5)
core   0: 0x8000b20c (0x00005f17) auipc   t5, 0x5
core   0: 3 0x8000b20c (0x00005f17) x30 0x8001020c
core   0: 0x8000b210 (0xde3f2a23) sw      gp, -524(t5)
core   0: 3 0x8000b210 (0xde3f2a23) mem 0x80010000 0x00000001
core   0: 0x8000b214 (0x0000bfe5) c.j     pc - 8
core   0: 3 0x8000b214 (0xbfe5)
core   0: 0x8000b20c (0x00005f17) auipc   t5, 0x5
core   0: 3 0x8000b20c (0x00005f17) x30 0x8001020c
core   0: 0x8000b210 (0xde3f2a23) sw      gp, -524(t5)
core   0: 3 0x8000b210 (0xde3f2a23) mem 0x80010000 0x00000001
core   0: 0x8000b214 (0x0000bfe5) c.j     pc - 8
core   0: 3 0x8000b214 (0xbfe5)
core   0: 0x8000b20c (0x00005f17) auipc   t5, 0x5
core   0: 3 0x8000b20c (0x00005f17) x30 0x8001020c
core   0: 0x8000b210 (0xde3f2a23) sw      gp, -524(t5)
core   0: 3 0x8000b210 (0xde3f2a23) mem 0x80010000 0x00000001
core   0: 0x8000b214 (0x0000bfe5) c.j     pc - 8
core   0: 3 0x8000b214 (0xbfe5)
core   0: 0x8000b20c (0x00005f17) auipc   t5, 0x5
core   0: 3 0x8000b20c (0x00005f17) x30 0x8001020c
core   0: 0x8000b210 (0xde3f2a23) sw      gp, -524(t5)
core   0: 3 0x8000b210 (0xde3f2a23) mem 0x80010000 0x00000001
core   0: 0x8000b214 (0x0000bfe5) c.j     pc - 8
core   0: 3 0x8000b214 (0xbfe5)
core   0: 0x8000b20c (0x00005f17) auipc   t5, 0x5
core   0: 3 0x8000b20c (0x00005f17) x30 0x8001020c
core   0: 0x8000b210 (0xde3f2a23) sw      gp, -524(t5)
core   0: 3 0x8000b210 (0xde3f2a23) mem 0x80010000 0x00000001
core   0: 0x8000b214 (0x0000bfe5) c.j     pc - 8
core   0: 3 0x8000b214 (0xbfe5)
core   0: 0x8000b20c (0x00005f17) auipc   t5, 0x5
core   0: 3 0x8000b20c (0x00005f17) x30 0x8001020c
core   0: 0x8000b210 (0xde3f2a23) sw      gp, -524(t5)
core   0: 3 0x8000b210 (0xde3f2a23) mem 0x80010000 0x00000001
core   0: 0x8000b214 (0x0000bfe5) c.j     pc - 8
core   0: 3 0x8000b214 (0xbfe5)
core   0: 0x8000b20c (0x00005f17) auipc   t5, 0x5
core   0: 3 0x8000b20c (0x00005f17) x30 0x8001020c
core   0: 0x8000b210 (0xde3f2a23) sw      gp, -524(t5)
core   0: 3 0x8000b210 (0xde3f2a23) mem 0x80010000 0x00000001
core   0: 0x8000b214 (0x0000bfe5) c.j     pc - 8
core   0: 3 0x8000b214 (0xbfe5)
core   0: 0x8000b20c (0x00005f17) auipc   t5, 0x5
core   0: 3 0x8000b20c (0x00005f17) x30 0x8001020c
core   0: 0x8000b210 (0xde3f2a23) sw      gp, -524(t5)
core   0: 3 0x8000b210 (0xde3f2a23) mem 0x80010000 0x00000001
core   0: 0x8000b214 (0x0000bfe5) c.j     pc - 8
core   0: 3 0x8000b214 (0xbfe5)
core   0: 0x8000b20c (0x00005f17) auipc   t5, 0x5
core   0: 3 0x8000b20c (0x00005f17) x30 0x8001020c
core   0: 0x8000b210 (0xde3f2a23) sw      gp, -524(t5)
core   0: 3 0x8000b210 (0xde3f2a23) mem 0x80010000 0x00000001
core   0: 0x8000b214 (0x0000bfe5) c.j     pc - 8
core   0: 3 0x8000b214 (0xbfe5)
core   0: 0x8000b20c (0x00005f17) auipc   t5, 0x5
core   0: 3 0x8000b20c (0x00005f17) x30 0x8001020c
core   0: 0x8000b210 (0xde3f2a23) sw      gp, -524(t5)
core   0: 3 0x8000b210 (0xde3f2a23) mem 0x80010000 0x00000001
core   0: 0x8000b214 (0x0000bfe5) c.j     pc - 8
core   0: 3 0x8000b214 (0xbfe5)
core   0: 0x8000b20c (0x00005f17) auipc   t5, 0x5
core   0: 3 0x8000b20c (0x00005f17) x30 0x8001020c
core   0: 0x8000b210 (0xde3f2a23) sw      gp, -524(t5)
core   0: 3 0x8000b210 (0xde3f2a23) mem 0x80010000 0x00000001
core   0: 0x8000b214 (0x0000bfe5) c.j     pc - 8
core   0: 3 0x8000b214 (0xbfe5)
core   0: 0x8000b20c (0x00005f17) auipc   t5, 0x5
core   0: 3 0x8000b20c (0x00005f17) x30 0x8001020c
core   0: 0x8000b210 (0xde3f2a23) sw      gp, -524(t5)
core   0: 3 0x8000b210 (0xde3f2a23) mem 0x80010000 0x00000001
core   0: 0x8000b214 (0x0000bfe5) c.j     pc - 8
core   0: 3 0x8000b214 (0xbfe5)
core   0: 0x8000b20c (0x00005f17) auipc   t5, 0x5
core   0: 3 0x8000b20c (0x00005f17) x30 0x8001020c
core   0: 0x8000b210 (0xde3f2a23) sw      gp, -524(t5)
core   0: 3 0x8000b210 (0xde3f2a23) mem 0x80010000 0x00000001
core   0: 0x8000b214 (0x0000bfe5) c.j     pc - 8
core   0: 3 0x8000b214 (0xbfe5)
core   0: 0x8000b20c (0x00005f17) auipc   t5, 0x5
core   0: 3 0x8000b20c (0x00005f17) x30 0x8001020c
core   0: 0x8000b210 (0xde3f2a23) sw      gp, -524(t5)
core   0: 3 0x8000b210 (0xde3f2a23) mem 0x80010000 0x00000001
core   0: 0x8000b214 (0x0000bfe5) c.j     pc - 8
core   0: 3 0x8000b214 (0xbfe5)
core   0: 0x8000b20c (0x00005f17) auipc   t5, 0x5
core   0: 3 0x8000b20c (0x00005f17) x30 0x8001020c
core   0: 0x8000b210 (0xde3f2a23) sw      gp, -524(t5)
core   0: 3 0x8000b210 (0xde3f2a23) mem 0x80010000 0x00000001
core   0: 0x8000b214 (0x0000bfe5) c.j     pc - 8
core   0: 3 0x8000b214 (0xbfe5)
core   0: 0x8000b20c (0x00005f17) auipc   t5, 0x5
core   0: 3 0x8000b20c (0x00005f17) x30 0x8001020c
core   0: 0x8000b210 (0xde3f2a23) sw      gp, -524(t5)
core   0: 3 0x8000b210 (0xde3f2a23) mem 0x80010000 0x00000001
core   0: 0x8000b214 (0x0000bfe5) c.j     pc - 8
core   0: 3 0x8000b214 (0xbfe5)
core   0: 0x8000b20c (0x00005f17) auipc   t5, 0x5
core   0: 3 0x8000b20c (0x00005f17) x30 0x8001020c
core   0: 0x8000b210 (0xde3f2a23) sw      gp, -524(t5)
core   0: 3 0x8000b210 (0xde3f2a23) mem 0x80010000 0x00000001
core   0: 0x8000b214 (0x0000bfe5) c.j     pc - 8
core   0: 3 0x8000b214 (0xbfe5)
core   0: 0x8000b20c (0x00005f17) auipc   t5, 0x5
core   0: 3 0x8000b20c (0x00005f17) x30 0x8001020c
core   0: 0x8000b210 (0xde3f2a23) sw      gp, -524(t5)
core   0: 3 0x8000b210 (0xde3f2a23) mem 0x80010000 0x00000001
core   0: 0x8000b214 (0x0000bfe5) c.j     pc - 8
core   0: 3 0x8000b214 (0xbfe5)
core   0: 0x8000b20c (0x00005f17) auipc   t5, 0x5
core   0: 3 0x8000b20c (0x00005f17) x30 0x8001020c
core   0: 0x8000b210 (0xde3f2a23) sw      gp, -524(t5)
core   0: 3 0x8000b210 (0xde3f2a23) mem 0x80010000 0x00000001
core   0: 0x8000b214 (0x0000bfe5) c.j     pc - 8
core   0: 3 0x8000b214 (0xbfe5)
core   0: 0x8000b20c (0x00005f17) auipc   t5, 0x5
core   0: 3 0x8000b20c (0x00005f17) x30 0x8001020c
core   0: 0x8000b210 (0xde3f2a23) sw      gp, -524(t5)
core   0: 3 0x8000b210 (0xde3f2a23) mem 0x80010000 0x00000001
core   0: 0x8000b214 (0x0000bfe5) c.j     pc - 8
core   0: 3 0x8000b214 (0xbfe5)
core   0: 0x8000b20c (0x00005f17) auipc   t5, 0x5
core   0: 3 0x8000b20c (0x00005f17) x30 0x8001020c
core   0: 0x8000b210 (0xde3f2a23) sw      gp, -524(t5)
core   0: 3 0x8000b210 (0xde3f2a23) mem 0x80010000 0x00000001
core   0: 0x8000b214 (0x0000bfe5) c.j     pc - 8
core   0: 3 0x8000b214 (0xbfe5)
core   0: 0x8000b20c (0x00005f17) auipc   t5, 0x5
core   0: 3 0x8000b20c (0x00005f17) x30 0x8001020c
core   0: 0x8000b210 (0xde3f2a23) sw      gp, -524(t5)
core   0: 3 0x8000b210 (0xde3f2a23) mem 0x80010000 0x00000001
core   0: 0x8000b214 (0x0000bfe5) c.j     pc - 8
core   0: 3 0x8000b214 (0xbfe5)
core   0: 0x8000b20c (0x00005f17) auipc   t5, 0x5
core   0: 3 0x8000b20c (0x00005f17) x30 0x8001020c
core   0: 0x8000b210 (0xde3f2a23) sw      gp, -524(t5)
core   0: 3 0x8000b210 (0xde3f2a23) mem 0x80010000 0x00000001
core   0: 0x8000b214 (0x0000bfe5) c.j     pc - 8
core   0: 3 0x8000b214 (0xbfe5)
core   0: 0x8000b20c (0x00005f17) auipc   t5, 0x5
core   0: 3 0x8000b20c (0x00005f17) x30 0x8001020c
core   0: 0x8000b210 (0xde3f2a23) sw      gp, -524(t5)
core   0: 3 0x8000b210 (0xde3f2a23) mem 0x80010000 0x00000001
core   0: 0x8000b214 (0x0000bfe5) c.j     pc - 8
core   0: 3 0x8000b214 (0xbfe5)
core   0: 0x8000b20c (0x00005f17) auipc   t5, 0x5
core   0: 3 0x8000b20c (0x00005f17) x30 0x8001020c
core   0: 0x8000b210 (0xde3f2a23) sw      gp, -524(t5)
core   0: 3 0x8000b210 (0xde3f2a23) mem 0x80010000 0x00000001
core   0: 0x8000b214 (0x0000bfe5) c.j     pc - 8
core   0: 3 0x8000b214 (0xbfe5)
core   0: 0x8000b20c (0x00005f17) auipc   t5, 0x5
core   0: 3 0x8000b20c (0x00005f17) x30 0x8001020c
core   0: 0x8000b210 (0xde3f2a23) sw      gp, -524(t5)
core   0: 3 0x8000b210 (0xde3f2a23) mem 0x80010000 0x00000001
core   0: 0x8000b214 (0x0000bfe5) c.j     pc - 8
core   0: 3 0x8000b214 (0xbfe5)
core   0: 0x8000b20c (0x00005f17) auipc   t5, 0x5
core   0: 3 0x8000b20c (0x00005f17) x30 0x8001020c
core   0: 0x8000b210 (0xde3f2a23) sw      gp, -524(t5)
core   0: 3 0x8000b210 (0xde3f2a23) mem 0x80010000 0x00000001
core   0: 0x8000b214 (0x0000bfe5) c.j     pc - 8
core   0: 3 0x8000b214 (0xbfe5)
core   0: 0x8000b20c (0x00005f17) auipc   t5, 0x5
core   0: 3 0x8000b20c (0x00005f17) x30 0x8001020c
core   0: 0x8000b210 (0xde3f2a23) sw      gp, -524(t5)
core   0: 3 0x8000b210 (0xde3f2a23) mem 0x80010000 0x00000001
core   0: 0x8000b214 (0x0000bfe5) c.j     pc - 8
core   0: 3 0x8000b214 (0xbfe5)
core   0: 0x8000b20c (0x00005f17) auipc   t5, 0x5
core   0: 3 0x8000b20c (0x00005f17) x30 0x8001020c
core   0: 0x8000b210 (0xde3f2a23) sw      gp, -524(t5)
core   0: 3 0x8000b210 (0xde3f2a23) mem 0x80010000 0x00000001
core   0: 0x8000b214 (0x0000bfe5) c.j     pc - 8
core   0: 3 0x8000b214 (0xbfe5)
core   0: 0x8000b20c (0x00005f17) auipc   t5, 0x5
core   0: 3 0x8000b20c (0x00005f17) x30 0x8001020c
core   0: 0x8000b210 (0xde3f2a23) sw      gp, -524(t5)
core   0: 3 0x8000b210 (0xde3f2a23) mem 0x80010000 0x00000001
core   0: 0x8000b214 (0x0000bfe5) c.j     pc - 8
core   0: 3 0x8000b214 (0xbfe5)
core   0: 0x8000b20c (0x00005f17) auipc   t5, 0x5
core   0: 3 0x8000b20c (0x00005f17) x30 0x8001020c
core   0: 0x8000b210 (0xde3f2a23) sw      gp, -524(t5)
core   0: 3 0x8000b210 (0xde3f2a23) mem 0x80010000 0x00000001
core   0: 0x8000b214 (0x0000bfe5) c.j     pc - 8
core   0: 3 0x8000b214 (0xbfe5)
core   0: 0x8000b20c (0x00005f17) auipc   t5, 0x5
core   0: 3 0x8000b20c (0x00005f17) x30 0x8001020c
core   0: 0x8000b210 (0xde3f2a23) sw      gp, -524(t5)
core   0: 3 0x8000b210 (0xde3f2a23) mem 0x80010000 0x00000001
core   0: 0x8000b214 (0x0000bfe5) c.j     pc - 8
core   0: 3 0x8000b214 (0xbfe5)
core   0: 0x8000b20c (0x00005f17) auipc   t5, 0x5
core   0: 3 0x8000b20c (0x00005f17) x30 0x8001020c
core   0: 0x8000b210 (0xde3f2a23) sw      gp, -524(t5)
core   0: 3 0x8000b210 (0xde3f2a23) mem 0x80010000 0x00000001
core   0: 0x8000b214 (0x0000bfe5) c.j     pc - 8
core   0: 3 0x8000b214 (0xbfe5)
core   0: 0x8000b20c (0x00005f17) auipc   t5, 0x5
core   0: 3 0x8000b20c (0x00005f17) x30 0x8001020c
core   0: 0x8000b210 (0xde3f2a23) sw      gp, -524(t5)
core   0: 3 0x8000b210 (0xde3f2a23) mem 0x80010000 0x00000001
core   0: 0x8000b214 (0x0000bfe5) c.j     pc - 8
core   0: 3 0x8000b214 (0xbfe5)
core   0: 0x8000b20c (0x00005f17) auipc   t5, 0x5
core   0: 3 0x8000b20c (0x00005f17) x30 0x8001020c
core   0: 0x8000b210 (0xde3f2a23) sw      gp, -524(t5)
core   0: 3 0x8000b210 (0xde3f2a23) mem 0x80010000 0x00000001
core   0: 0x8000b214 (0x0000bfe5) c.j     pc - 8
core   0: 3 0x8000b214 (0xbfe5)
core   0: 0x8000b20c (0x00005f17) auipc   t5, 0x5
core   0: 3 0x8000b20c (0x00005f17) x30 0x8001020c
core   0: 0x8000b210 (0xde3f2a23) sw      gp, -524(t5)
core   0: 3 0x8000b210 (0xde3f2a23) mem 0x80010000 0x00000001
core   0: 0x8000b214 (0x0000bfe5) c.j     pc - 8
core   0: 3 0x8000b214 (0xbfe5)
core   0: 0x8000b20c (0x00005f17) auipc   t5, 0x5
core   0: 3 0x8000b20c (0x00005f17) x30 0x8001020c
core   0: 0x8000b210 (0xde3f2a23) sw      gp, -524(t5)
core   0: 3 0x8000b210 (0xde3f2a23) mem 0x80010000 0x00000001
core   0: 0x8000b214 (0x0000bfe5) c.j     pc - 8
core   0: 3 0x8000b214 (0xbfe5)
core   0: 0x8000b20c (0x00005f17) auipc   t5, 0x5
core   0: 3 0x8000b20c (0x00005f17) x30 0x8001020c
core   0: 0x8000b210 (0xde3f2a23) sw      gp, -524(t5)
core   0: 3 0x8000b210 (0xde3f2a23) mem 0x80010000 0x00000001
core   0: 0x8000b214 (0x0000bfe5) c.j     pc - 8
core   0: 3 0x8000b214 (0xbfe5)
core   0: 0x8000b20c (0x00005f17) auipc   t5, 0x5
core   0: 3 0x8000b20c (0x00005f17) x30 0x8001020c
core   0: 0x8000b210 (0xde3f2a23) sw      gp, -524(t5)
core   0: 3 0x8000b210 (0xde3f2a23) mem 0x80010000 0x00000001
core   0: 0x8000b214 (0x0000bfe5) c.j     pc - 8
core   0: 3 0x8000b214 (0xbfe5)
core   0: 0x8000b20c (0x00005f17) auipc   t5, 0x5
core   0: 3 0x8000b20c (0x00005f17) x30 0x8001020c
core   0: 0x8000b210 (0xde3f2a23) sw      gp, -524(t5)
core   0: 3 0x8000b210 (0xde3f2a23) mem 0x80010000 0x00000001
core   0: 0x8000b214 (0x0000bfe5) c.j     pc - 8
core   0: 3 0x8000b214 (0xbfe5)
core   0: 0x8000b20c (0x00005f17) auipc   t5, 0x5
core   0: 3 0x8000b20c (0x00005f17) x30 0x8001020c
core   0: 0x8000b210 (0xde3f2a23) sw      gp, -524(t5)
core   0: 3 0x8000b210 (0xde3f2a23) mem 0x80010000 0x00000001
core   0: 0x8000b214 (0x0000bfe5) c.j     pc - 8
core   0: 3 0x8000b214 (0xbfe5)
core   0: 0x8000b20c (0x00005f17) auipc   t5, 0x5
core   0: 3 0x8000b20c (0x00005f17) x30 0x8001020c
core   0: 0x8000b210 (0xde3f2a23) sw      gp, -524(t5)
core   0: 3 0x8000b210 (0xde3f2a23) mem 0x80010000 0x00000001
core   0: 0x8000b214 (0x0000bfe5) c.j     pc - 8
core   0: 3 0x8000b214 (0xbfe5)
core   0: 0x8000b20c (0x00005f17) auipc   t5, 0x5
core   0: 3 0x8000b20c (0x00005f17) x30 0x8001020c
core   0: 0x8000b210 (0xde3f2a23) sw      gp, -524(t5)
core   0: 3 0x8000b210 (0xde3f2a23) mem 0x80010000 0x00000001
core   0: 0x8000b214 (0x0000bfe5) c.j     pc - 8
core   0: 3 0x8000b214 (0xbfe5)
core   0: 0x8000b20c (0x00005f17) auipc   t5, 0x5
core   0: 3 0x8000b20c (0x00005f17) x30 0x8001020c
core   0: 0x8000b210 (0xde3f2a23) sw      gp, -524(t5)
core   0: 3 0x8000b210 (0xde3f2a23) mem 0x80010000 0x00000001
core   0: 0x8000b214 (0x0000bfe5) c.j     pc - 8
core   0: 3 0x8000b214 (0xbfe5)
core   0: 0x8000b20c (0x00005f17) auipc   t5, 0x5
core   0: 3 0x8000b20c (0x00005f17) x30 0x8001020c
core   0: 0x8000b210 (0xde3f2a23) sw      gp, -524(t5)
core   0: 3 0x8000b210 (0xde3f2a23) mem 0x80010000 0x00000001
core   0: 0x8000b214 (0x0000bfe5) c.j     pc - 8
core   0: 3 0x8000b214 (0xbfe5)
core   0: 0x8000b20c (0x00005f17) auipc   t5, 0x5
core   0: 3 0x8000b20c (0x00005f17) x30 0x8001020c
core   0: 0x8000b210 (0xde3f2a23) sw      gp, -524(t5)
core   0: 3 0x8000b210 (0xde3f2a23) mem 0x80010000 0x00000001
core   0: 0x8000b214 (0x0000bfe5) c.j     pc - 8
core   0: 3 0x8000b214 (0xbfe5)
core   0: 0x8000b20c (0x00005f17) auipc   t5, 0x5
core   0: 3 0x8000b20c (0x00005f17) x30 0x8001020c
core   0: 0x8000b210 (0xde3f2a23) sw      gp, -524(t5)
core   0: 3 0x8000b210 (0xde3f2a23) mem 0x80010000 0x00000001
core   0: 0x8000b214 (0x0000bfe5) c.j     pc - 8
core   0: 3 0x8000b214 (0xbfe5)
core   0: 0x8000b20c (0x00005f17) auipc   t5, 0x5
core   0: 3 0x8000b20c (0x00005f17) x30 0x8001020c
core   0: 0x8000b210 (0xde3f2a23) sw      gp, -524(t5)
core   0: 3 0x8000b210 (0xde3f2a23) mem 0x80010000 0x00000001
core   0: 0x8000b214 (0x0000bfe5) c.j     pc - 8
core   0: 3 0x8000b214 (0xbfe5)
core   0: 0x8000b20c (0x00005f17) auipc   t5, 0x5
core   0: 3 0x8000b20c (0x00005f17) x30 0x8001020c
core   0: 0x8000b210 (0xde3f2a23) sw      gp, -524(t5)
core   0: 3 0x8000b210 (0xde3f2a23) mem 0x80010000 0x00000001
core   0: 0x8000b214 (0x0000bfe5) c.j     pc - 8
core   0: 3 0x8000b214 (0xbfe5)
core   0: 0x8000b20c (0x00005f17) auipc   t5, 0x5
core   0: 3 0x8000b20c (0x00005f17) x30 0x8001020c
core   0: 0x8000b210 (0xde3f2a23) sw      gp, -524(t5)
core   0: 3 0x8000b210 (0xde3f2a23) mem 0x80010000 0x00000001
core   0: 0x8000b214 (0x0000bfe5) c.j     pc - 8
core   0: 3 0x8000b214 (0xbfe5)
core   0: 0x8000b20c (0x00005f17) auipc   t5, 0x5
core   0: 3 0x8000b20c (0x00005f17) x30 0x8001020c
core   0: 0x8000b210 (0xde3f2a23) sw      gp, -524(t5)
core   0: 3 0x8000b210 (0xde3f2a23) mem 0x80010000 0x00000001
core   0: 0x8000b214 (0x0000bfe5) c.j     pc - 8
core   0: 3 0x8000b214 (0xbfe5)
core   0: 0x8000b20c (0x00005f17) auipc   t5, 0x5
core   0: 3 0x8000b20c (0x00005f17) x30 0x8001020c
core   0: 0x8000b210 (0xde3f2a23) sw      gp, -524(t5)
core   0: 3 0x8000b210 (0xde3f2a23) mem 0x80010000 0x00000001
core   0: 0x8000b214 (0x0000bfe5) c.j     pc - 8
core   0: 3 0x8000b214 (0xbfe5)
core   0: 0x8000b20c (0x00005f17) auipc   t5, 0x5
core   0: 3 0x8000b20c (0x00005f17) x30 0x8001020c
core   0: 0x8000b210 (0xde3f2a23) sw      gp, -524(t5)
core   0: 3 0x8000b210 (0xde3f2a23) mem 0x80010000 0x00000001
core   0: 0x8000b214 (0x0000bfe5) c.j     pc - 8
core   0: 3 0x8000b214 (0xbfe5)
core   0: 0x8000b20c (0x00005f17) auipc   t5, 0x5
core   0: 3 0x8000b20c (0x00005f17) x30 0x8001020c
core   0: 0x8000b210 (0xde3f2a23) sw      gp, -524(t5)
core   0: 3 0x8000b210 (0xde3f2a23) mem 0x80010000 0x00000001
core   0: 0x8000b214 (0x0000bfe5) c.j     pc - 8
core   0: 3 0x8000b214 (0xbfe5)
core   0: 0x8000b20c (0x00005f17) auipc   t5, 0x5
core   0: 3 0x8000b20c (0x00005f17) x30 0x8001020c
core   0: 0x8000b210 (0xde3f2a23) sw      gp, -524(t5)
core   0: 3 0x8000b210 (0xde3f2a23) mem 0x80010000 0x00000001
core   0: 0x8000b214 (0x0000bfe5) c.j     pc - 8
core   0: 3 0x8000b214 (0xbfe5)
core   0: 0x8000b20c (0x00005f17) auipc   t5, 0x5
core   0: 3 0x8000b20c (0x00005f17) x30 0x8001020c
core   0: 0x8000b210 (0xde3f2a23) sw      gp, -524(t5)
core   0: 3 0x8000b210 (0xde3f2a23) mem 0x80010000 0x00000001
core   0: 0x8000b214 (0x0000bfe5) c.j     pc - 8
core   0: 3 0x8000b214 (0xbfe5)
core   0: 0x8000b20c (0x00005f17) auipc   t5, 0x5
core   0: 3 0x8000b20c (0x00005f17) x30 0x8001020c
core   0: 0x8000b210 (0xde3f2a23) sw      gp, -524(t5)
core   0: 3 0x8000b210 (0xde3f2a23) mem 0x80010000 0x00000001
core   0: 0x8000b214 (0x0000bfe5) c.j     pc - 8
core   0: 3 0x8000b214 (0xbfe5)
core   0: 0x8000b20c (0x00005f17) auipc   t5, 0x5
core   0: 3 0x8000b20c (0x00005f17) x30 0x8001020c
core   0: 0x8000b210 (0xde3f2a23) sw      gp, -524(t5)
core   0: 3 0x8000b210 (0xde3f2a23) mem 0x80010000 0x00000001
core   0: 0x8000b214 (0x0000bfe5) c.j     pc - 8
core   0: 3 0x8000b214 (0xbfe5)
core   0: 0x8000b20c (0x00005f17) auipc   t5, 0x5
core   0: 3 0x8000b20c (0x00005f17) x30 0x8001020c
core   0: 0x8000b210 (0xde3f2a23) sw      gp, -524(t5)
core   0: 3 0x8000b210 (0xde3f2a23) mem 0x80010000 0x00000001
core   0: 0x8000b214 (0x0000bfe5) c.j     pc - 8
core   0: 3 0x8000b214 (0xbfe5)
core   0: 0x8000b20c (0x00005f17) auipc   t5, 0x5
core   0: 3 0x8000b20c (0x00005f17) x30 0x8001020c
core   0: 0x8000b210 (0xde3f2a23) sw      gp, -524(t5)
core   0: 3 0x8000b210 (0xde3f2a23) mem 0x80010000 0x00000001
core   0: 0x8000b214 (0x0000bfe5) c.j     pc - 8
core   0: 3 0x8000b214 (0xbfe5)
core   0: 0x8000b20c (0x00005f17) auipc   t5, 0x5
core   0: 3 0x8000b20c (0x00005f17) x30 0x8001020c
core   0: 0x8000b210 (0xde3f2a23) sw      gp, -524(t5)
core   0: 3 0x8000b210 (0xde3f2a23) mem 0x80010000 0x00000001
core   0: 0x8000b214 (0x0000bfe5) c.j     pc - 8
core   0: 3 0x8000b214 (0xbfe5)
core   0: 0x8000b20c (0x00005f17) auipc   t5, 0x5
core   0: 3 0x8000b20c (0x00005f17) x30 0x8001020c
core   0: 0x8000b210 (0xde3f2a23) sw      gp, -524(t5)
core   0: 3 0x8000b210 (0xde3f2a23) mem 0x80010000 0x00000001
core   0: 0x8000b214 (0x0000bfe5) c.j     pc - 8
core   0: 3 0x8000b214 (0xbfe5)
core   0: 0x8000b20c (0x00005f17) auipc   t5, 0x5
core   0: 3 0x8000b20c (0x00005f17) x30 0x8001020c
core   0: 0x8000b210 (0xde3f2a23) sw      gp, -524(t5)
core   0: 3 0x8000b210 (0xde3f2a23) mem 0x80010000 0x00000001
core   0: 0x8000b214 (0x0000bfe5) c.j     pc - 8
core   0: 3 0x8000b214 (0xbfe5)
core   0: 0x8000b20c (0x00005f17) auipc   t5, 0x5
core   0: 3 0x8000b20c (0x00005f17) x30 0x8001020c
core   0: 0x8000b210 (0xde3f2a23) sw      gp, -524(t5)
core   0: 3 0x8000b210 (0xde3f2a23) mem 0x80010000 0x00000001
core   0: 0x8000b214 (0x0000bfe5) c.j     pc - 8
core   0: 3 0x8000b214 (0xbfe5)
core   0: 0x8000b20c (0x00005f17) auipc   t5, 0x5
core   0: 3 0x8000b20c (0x00005f17) x30 0x8001020c
core   0: 0x8000b210 (0xde3f2a23) sw      gp, -524(t5)
core   0: 3 0x8000b210 (0xde3f2a23) mem 0x80010000 0x00000001
core   0: 0x8000b214 (0x0000bfe5) c.j     pc - 8
core   0: 3 0x8000b214 (0xbfe5)
core   0: 0x8000b20c (0x00005f17) auipc   t5, 0x5
core   0: 3 0x8000b20c (0x00005f17) x30 0x8001020c
core   0: 0x8000b210 (0xde3f2a23) sw      gp, -524(t5)
core   0: 3 0x8000b210 (0xde3f2a23) mem 0x80010000 0x00000001
core   0: 0x8000b214 (0x0000bfe5) c.j     pc - 8
core   0: 3 0x8000b214 (0xbfe5)
core   0: 0x8000b20c (0x00005f17) auipc   t5, 0x5
core   0: 3 0x8000b20c (0x00005f17) x30 0x8001020c
core   0: 0x8000b210 (0xde3f2a23) sw      gp, -524(t5)
core   0: 3 0x8000b210 (0xde3f2a23) mem 0x80010000 0x00000001
core   0: 0x8000b214 (0x0000bfe5) c.j     pc - 8
core   0: 3 0x8000b214 (0xbfe5)
core   0: 0x8000b20c (0x00005f17) auipc   t5, 0x5
core   0: 3 0x8000b20c (0x00005f17) x30 0x8001020c
core   0: 0x8000b210 (0xde3f2a23) sw      gp, -524(t5)
core   0: 3 0x8000b210 (0xde3f2a23) mem 0x80010000 0x00000001
core   0: 0x8000b214 (0x0000bfe5) c.j     pc - 8
core   0: 3 0x8000b214 (0xbfe5)
core   0: 0x8000b20c (0x00005f17) auipc   t5, 0x5
core   0: 3 0x8000b20c (0x00005f17) x30 0x8001020c
core   0: 0x8000b210 (0xde3f2a23) sw      gp, -524(t5)
core   0: 3 0x8000b210 (0xde3f2a23) mem 0x80010000 0x00000001
core   0: 0x8000b214 (0x0000bfe5) c.j     pc - 8
core   0: 3 0x8000b214 (0xbfe5)
core   0: 0x8000b20c (0x00005f17) auipc   t5, 0x5
core   0: 3 0x8000b20c (0x00005f17) x30 0x8001020c
core   0: 0x8000b210 (0xde3f2a23) sw      gp, -524(t5)
core   0: 3 0x8000b210 (0xde3f2a23) mem 0x80010000 0x00000001
core   0: 0x8000b214 (0x0000bfe5) c.j     pc - 8
core   0: 3 0x8000b214 (0xbfe5)
core   0: 0x8000b20c (0x00005f17) auipc   t5, 0x5
core   0: 3 0x8000b20c (0x00005f17) x30 0x8001020c
core   0: 0x8000b210 (0xde3f2a23) sw      gp, -524(t5)
core   0: 3 0x8000b210 (0xde3f2a23) mem 0x80010000 0x00000001
core   0: 0x8000b214 (0x0000bfe5) c.j     pc - 8
core   0: 3 0x8000b214 (0xbfe5)
core   0: 0x8000b20c (0x00005f17) auipc   t5, 0x5
core   0: 3 0x8000b20c (0x00005f17) x30 0x8001020c
core   0: 0x8000b210 (0xde3f2a23) sw      gp, -524(t5)
core   0: 3 0x8000b210 (0xde3f2a23) mem 0x80010000 0x00000001
core   0: 0x8000b214 (0x0000bfe5) c.j     pc - 8
core   0: 3 0x8000b214 (0xbfe5)
core   0: 0x8000b20c (0x00005f17) auipc   t5, 0x5
core   0: 3 0x8000b20c (0x00005f17) x30 0x8001020c
core   0: 0x8000b210 (0xde3f2a23) sw      gp, -524(t5)
core   0: 3 0x8000b210 (0xde3f2a23) mem 0x80010000 0x00000001
core   0: 0x8000b214 (0x0000bfe5) c.j     pc - 8
core   0: 3 0x8000b214 (0xbfe5)
core   0: 0x8000b20c (0x00005f17) auipc   t5, 0x5
core   0: 3 0x8000b20c (0x00005f17) x30 0x8001020c
core   0: 0x8000b210 (0xde3f2a23) sw      gp, -524(t5)
core   0: 3 0x8000b210 (0xde3f2a23) mem 0x80010000 0x00000001
core   0: 0x8000b214 (0x0000bfe5) c.j     pc - 8
core   0: 3 0x8000b214 (0xbfe5)
core   0: 0x8000b20c (0x00005f17) auipc   t5, 0x5
core   0: 3 0x8000b20c (0x00005f17) x30 0x8001020c
core   0: 0x8000b210 (0xde3f2a23) sw      gp, -524(t5)
core   0: 3 0x8000b210 (0xde3f2a23) mem 0x80010000 0x00000001
core   0: 0x8000b214 (0x0000bfe5) c.j     pc - 8
core   0: 3 0x8000b214 (0xbfe5)
core   0: 0x8000b20c (0x00005f17) auipc   t5, 0x5
core   0: 3 0x8000b20c (0x00005f17) x30 0x8001020c
core   0: 0x8000b210 (0xde3f2a23) sw      gp, -524(t5)
core   0: 3 0x8000b210 (0xde3f2a23) mem 0x80010000 0x00000001
core   0: 0x8000b214 (0x0000bfe5) c.j     pc - 8
core   0: 3 0x8000b214 (0xbfe5)
core   0: 0x8000b20c (0x00005f17) auipc   t5, 0x5
core   0: 3 0x8000b20c (0x00005f17) x30 0x8001020c
core   0: 0x8000b210 (0xde3f2a23) sw      gp, -524(t5)
core   0: 3 0x8000b210 (0xde3f2a23) mem 0x80010000 0x00000001
core   0: 0x8000b214 (0x0000bfe5) c.j     pc - 8
core   0: 3 0x8000b214 (0xbfe5)
core   0: 0x8000b20c (0x00005f17) auipc   t5, 0x5
core   0: 3 0x8000b20c (0x00005f17) x30 0x8001020c
core   0: 0x8000b210 (0xde3f2a23) sw      gp, -524(t5)
core   0: 3 0x8000b210 (0xde3f2a23) mem 0x80010000 0x00000001
core   0: 0x8000b214 (0x0000bfe5) c.j     pc - 8
core   0: 3 0x8000b214 (0xbfe5)
core   0: 0x8000b20c (0x00005f17) auipc   t5, 0x5
core   0: 3 0x8000b20c (0x00005f17) x30 0x8001020c
core   0: 0x8000b210 (0xde3f2a23) sw      gp, -524(t5)
core   0: 3 0x8000b210 (0xde3f2a23) mem 0x80010000 0x00000001
core   0: 0x8000b214 (0x0000bfe5) c.j     pc - 8
core   0: 3 0x8000b214 (0xbfe5)
core   0: 0x8000b20c (0x00005f17) auipc   t5, 0x5
core   0: 3 0x8000b20c (0x00005f17) x30 0x8001020c
core   0: 0x8000b210 (0xde3f2a23) sw      gp, -524(t5)
core   0: 3 0x8000b210 (0xde3f2a23) mem 0x80010000 0x00000001
core   0: 0x8000b214 (0x0000bfe5) c.j     pc - 8
core   0: 3 0x8000b214 (0xbfe5)
core   0: 0x8000b20c (0x00005f17) auipc   t5, 0x5
core   0: 3 0x8000b20c (0x00005f17) x30 0x8001020c
core   0: 0x8000b210 (0xde3f2a23) sw      gp, -524(t5)
core   0: 3 0x8000b210 (0xde3f2a23) mem 0x80010000 0x00000001
core   0: 0x8000b214 (0x0000bfe5) c.j     pc - 8
core   0: 3 0x8000b214 (0xbfe5)
core   0: 0x8000b20c (0x00005f17) auipc   t5, 0x5
core   0: 3 0x8000b20c (0x00005f17) x30 0x8001020c
core   0: 0x8000b210 (0xde3f2a23) sw      gp, -524(t5)
core   0: 3 0x8000b210 (0xde3f2a23) mem 0x80010000 0x00000001
core   0: 0x8000b214 (0x0000bfe5) c.j     pc - 8
core   0: 3 0x8000b214 (0xbfe5)
core   0: 0x8000b20c (0x00005f17) auipc   t5, 0x5
core   0: 3 0x8000b20c (0x00005f17) x30 0x8001020c
core   0: 0x8000b210 (0xde3f2a23) sw      gp, -524(t5)
core   0: 3 0x8000b210 (0xde3f2a23) mem 0x80010000 0x00000001
core   0: 0x8000b214 (0x0000bfe5) c.j     pc - 8
core   0: 3 0x8000b214 (0xbfe5)
core   0: 0x8000b20c (0x00005f17) auipc   t5, 0x5
core   0: 3 0x8000b20c (0x00005f17) x30 0x8001020c
core   0: 0x8000b210 (0xde3f2a23) sw      gp, -524(t5)
core   0: 3 0x8000b210 (0xde3f2a23) mem 0x80010000 0x00000001
core   0: 0x8000b214 (0x0000bfe5) c.j     pc - 8
core   0: 3 0x8000b214 (0xbfe5)
core   0: 0x8000b20c (0x00005f17) auipc   t5, 0x5
core   0: 3 0x8000b20c (0x00005f17) x30 0x8001020c
core   0: 0x8000b210 (0xde3f2a23) sw      gp, -524(t5)
core   0: 3 0x8000b210 (0xde3f2a23) mem 0x80010000 0x00000001
core   0: 0x8000b214 (0x0000bfe5) c.j     pc - 8
core   0: 3 0x8000b214 (0xbfe5)
core   0: 0x8000b20c (0x00005f17) auipc   t5, 0x5
core   0: 3 0x8000b20c (0x00005f17) x30 0x8001020c
core   0: 0x8000b210 (0xde3f2a23) sw      gp, -524(t5)
core   0: 3 0x8000b210 (0xde3f2a23) mem 0x80010000 0x00000001
core   0: 0x8000b214 (0x0000bfe5) c.j     pc - 8
core   0: 3 0x8000b214 (0xbfe5)
core   0: 0x8000b20c (0x00005f17) auipc   t5, 0x5
core   0: 3 0x8000b20c (0x00005f17) x30 0x8001020c
core   0: 0x8000b210 (0xde3f2a23) sw      gp, -524(t5)
core   0: 3 0x8000b210 (0xde3f2a23) mem 0x80010000 0x00000001
core   0: 0x8000b214 (0x0000bfe5) c.j     pc - 8
core   0: 3 0x8000b214 (0xbfe5)
core   0: 0x8000b20c (0x00005f17) auipc   t5, 0x5
core   0: 3 0x8000b20c (0x00005f17) x30 0x8001020c
core   0: 0x8000b210 (0xde3f2a23) sw      gp, -524(t5)
core   0: 3 0x8000b210 (0xde3f2a23) mem 0x80010000 0x00000001
core   0: 0x8000b214 (0x0000bfe5) c.j     pc - 8
core   0: 3 0x8000b214 (0xbfe5)
core   0: 0x8000b20c (0x00005f17) auipc   t5, 0x5
core   0: 3 0x8000b20c (0x00005f17) x30 0x8001020c
core   0: 0x8000b210 (0xde3f2a23) sw      gp, -524(t5)
core   0: 3 0x8000b210 (0xde3f2a23) mem 0x80010000 0x00000001
core   0: 0x8000b214 (0x0000bfe5) c.j     pc - 8
core   0: 3 0x8000b214 (0xbfe5)
core   0: 0x8000b20c (0x00005f17) auipc   t5, 0x5
core   0: 3 0x8000b20c (0x00005f17) x30 0x8001020c
core   0: 0x8000b210 (0xde3f2a23) sw      gp, -524(t5)
core   0: 3 0x8000b210 (0xde3f2a23) mem 0x80010000 0x00000001
core   0: 0x8000b214 (0x0000bfe5) c.j     pc - 8
core   0: 3 0x8000b214 (0xbfe5)
core   0: 0x8000b20c (0x00005f17) auipc   t5, 0x5
core   0: 3 0x8000b20c (0x00005f17) x30 0x8001020c
core   0: 0x8000b210 (0xde3f2a23) sw      gp, -524(t5)
core   0: 3 0x8000b210 (0xde3f2a23) mem 0x80010000 0x00000001
core   0: 0x8000b214 (0x0000bfe5) c.j     pc - 8
core   0: 3 0x8000b214 (0xbfe5)
core   0: 0x8000b20c (0x00005f17) auipc   t5, 0x5
core   0: 3 0x8000b20c (0x00005f17) x30 0x8001020c
core   0: 0x8000b210 (0xde3f2a23) sw      gp, -524(t5)
core   0: 3 0x8000b210 (0xde3f2a23) mem 0x80010000 0x00000001
core   0: 0x8000b214 (0x0000bfe5) c.j     pc - 8
core   0: 3 0x8000b214 (0xbfe5)
core   0: 0x8000b20c (0x00005f17) auipc   t5, 0x5
core   0: 3 0x8000b20c (0x00005f17) x30 0x8001020c
core   0: 0x8000b210 (0xde3f2a23) sw      gp, -524(t5)
core   0: 3 0x8000b210 (0xde3f2a23) mem 0x80010000 0x00000001
core   0: 0x8000b214 (0x0000bfe5) c.j     pc - 8
core   0: 3 0x8000b214 (0xbfe5)
core   0: 0x8000b20c (0x00005f17) auipc   t5, 0x5
core   0: 3 0x8000b20c (0x00005f17) x30 0x8001020c
core   0: 0x8000b210 (0xde3f2a23) sw      gp, -524(t5)
core   0: 3 0x8000b210 (0xde3f2a23) mem 0x80010000 0x00000001
core   0: 0x8000b214 (0x0000bfe5) c.j     pc - 8
core   0: 3 0x8000b214 (0xbfe5)
core   0: 0x8000b20c (0x00005f17) auipc   t5, 0x5
core   0: 3 0x8000b20c (0x00005f17) x30 0x8001020c
core   0: 0x8000b210 (0xde3f2a23) sw      gp, -524(t5)
core   0: 3 0x8000b210 (0xde3f2a23) mem 0x80010000 0x00000001
core   0: 0x8000b214 (0x0000bfe5) c.j     pc - 8
core   0: 3 0x8000b214 (0xbfe5)
core   0: 0x8000b20c (0x00005f17) auipc   t5, 0x5
core   0: 3 0x8000b20c (0x00005f17) x30 0x8001020c
core   0: 0x8000b210 (0xde3f2a23) sw      gp, -524(t5)
core   0: 3 0x8000b210 (0xde3f2a23) mem 0x80010000 0x00000001
core   0: 0x8000b214 (0x0000bfe5) c.j     pc - 8
core   0: 3 0x8000b214 (0xbfe5)
core   0: 0x8000b20c (0x00005f17) auipc   t5, 0x5
core   0: 3 0x8000b20c (0x00005f17) x30 0x8001020c
core   0: 0x8000b210 (0xde3f2a23) sw      gp, -524(t5)
core   0: 3 0x8000b210 (0xde3f2a23) mem 0x80010000 0x00000001
core   0: 0x8000b214 (0x0000bfe5) c.j     pc - 8
core   0: 3 0x8000b214 (0xbfe5)
core   0: 0x8000b20c (0x00005f17) auipc   t5, 0x5
core   0: 3 0x8000b20c (0x00005f17) x30 0x8001020c
core   0: 0x8000b210 (0xde3f2a23) sw      gp, -524(t5)
core   0: 3 0x8000b210 (0xde3f2a23) mem 0x80010000 0x00000001
core   0: 0x8000b214 (0x0000bfe5) c.j     pc - 8
core   0: 3 0x8000b214 (0xbfe5)
core   0: 0x8000b20c (0x00005f17) auipc   t5, 0x5
core   0: 3 0x8000b20c (0x00005f17) x30 0x8001020c
core   0: 0x8000b210 (0xde3f2a23) sw      gp, -524(t5)
core   0: 3 0x8000b210 (0xde3f2a23) mem 0x80010000 0x00000001
core   0: 0x8000b214 (0x0000bfe5) c.j     pc - 8
core   0: 3 0x8000b214 (0xbfe5)
core   0: 0x8000b20c (0x00005f17) auipc   t5, 0x5
core   0: 3 0x8000b20c (0x00005f17) x30 0x8001020c
core   0: 0x8000b210 (0xde3f2a23) sw      gp, -524(t5)
core   0: 3 0x8000b210 (0xde3f2a23) mem 0x80010000 0x00000001
core   0: 0x8000b214 (0x0000bfe5) c.j     pc - 8
core   0: 3 0x8000b214 (0xbfe5)
core   0: 0x8000b20c (0x00005f17) auipc   t5, 0x5
core   0: 3 0x8000b20c (0x00005f17) x30 0x8001020c
core   0: 0x8000b210 (0xde3f2a23) sw      gp, -524(t5)
core   0: 3 0x8000b210 (0xde3f2a23) mem 0x80010000 0x00000001
core   0: 0x8000b214 (0x0000bfe5) c.j     pc - 8
core   0: 3 0x8000b214 (0xbfe5)
core   0: 0x8000b20c (0x00005f17) auipc   t5, 0x5
core   0: 3 0x8000b20c (0x00005f17) x30 0x8001020c
core   0: 0x8000b210 (0xde3f2a23) sw      gp, -524(t5)
core   0: 3 0x8000b210 (0xde3f2a23) mem 0x80010000 0x00000001
core   0: 0x8000b214 (0x0000bfe5) c.j     pc - 8
core   0: 3 0x8000b214 (0xbfe5)
core   0: 0x8000b20c (0x00005f17) auipc   t5, 0x5
core   0: 3 0x8000b20c (0x00005f17) x30 0x8001020c
core   0: 0x8000b210 (0xde3f2a23) sw      gp, -524(t5)
core   0: 3 0x8000b210 (0xde3f2a23) mem 0x80010000 0x00000001
core   0: 0x8000b214 (0x0000bfe5) c.j     pc - 8
core   0: 3 0x8000b214 (0xbfe5)
core   0: 0x8000b20c (0x00005f17) auipc   t5, 0x5
core   0: 3 0x8000b20c (0x00005f17) x30 0x8001020c
core   0: 0x8000b210 (0xde3f2a23) sw      gp, -524(t5)
core   0: 3 0x8000b210 (0xde3f2a23) mem 0x80010000 0x00000001
core   0: 0x8000b214 (0x0000bfe5) c.j     pc - 8
core   0: 3 0x8000b214 (0xbfe5)
core   0: 0x8000b20c (0x00005f17) auipc   t5, 0x5
core   0: 3 0x8000b20c (0x00005f17) x30 0x8001020c
core   0: 0x8000b210 (0xde3f2a23) sw      gp, -524(t5)
core   0: 3 0x8000b210 (0xde3f2a23) mem 0x80010000 0x00000001
core   0: 0x8000b214 (0x0000bfe5) c.j     pc - 8
core   0: 3 0x8000b214 (0xbfe5)
core   0: 0x8000b20c (0x00005f17) auipc   t5, 0x5
core   0: 3 0x8000b20c (0x00005f17) x30 0x8001020c
core   0: 0x8000b210 (0xde3f2a23) sw      gp, -524(t5)
core   0: 3 0x8000b210 (0xde3f2a23) mem 0x80010000 0x00000001
core   0: 0x8000b214 (0x0000bfe5) c.j     pc - 8
core   0: 3 0x8000b214 (0xbfe5)
core   0: 0x8000b20c (0x00005f17) auipc   t5, 0x5
core   0: 3 0x8000b20c (0x00005f17) x30 0x8001020c
core   0: 0x8000b210 (0xde3f2a23) sw      gp, -524(t5)
core   0: 3 0x8000b210 (0xde3f2a23) mem 0x80010000 0x00000001
core   0: 0x8000b214 (0x0000bfe5) c.j     pc - 8
core   0: 3 0x8000b214 (0xbfe5)
core   0: 0x8000b20c (0x00005f17) auipc   t5, 0x5
core   0: 3 0x8000b20c (0x00005f17) x30 0x8001020c
core   0: 0x8000b210 (0xde3f2a23) sw      gp, -524(t5)
core   0: 3 0x8000b210 (0xde3f2a23) mem 0x80010000 0x00000001
core   0: 0x8000b214 (0x0000bfe5) c.j     pc - 8
core   0: 3 0x8000b214 (0xbfe5)
core   0: 0x8000b20c (0x00005f17) auipc   t5, 0x5
core   0: 3 0x8000b20c (0x00005f17) x30 0x8001020c
core   0: 0x8000b210 (0xde3f2a23) sw      gp, -524(t5)
core   0: 3 0x8000b210 (0xde3f2a23) mem 0x80010000 0x00000001
core   0: 0x8000b214 (0x0000bfe5) c.j     pc - 8
core   0: 3 0x8000b214 (0xbfe5)
core   0: 0x8000b20c (0x00005f17) auipc   t5, 0x5
core   0: 3 0x8000b20c (0x00005f17) x30 0x8001020c
core   0: 0x8000b210 (0xde3f2a23) sw      gp, -524(t5)
core   0: 3 0x8000b210 (0xde3f2a23) mem 0x80010000 0x00000001
core   0: 0x8000b214 (0x0000bfe5) c.j     pc - 8
core   0: 3 0x8000b214 (0xbfe5)
core   0: 0x8000b20c (0x00005f17) auipc   t5, 0x5
core   0: 3 0x8000b20c (0x00005f17) x30 0x8001020c
core   0: 0x8000b210 (0xde3f2a23) sw      gp, -524(t5)
core   0: 3 0x8000b210 (0xde3f2a23) mem 0x80010000 0x00000001
core   0: 0x8000b214 (0x0000bfe5) c.j     pc - 8
core   0: 3 0x8000b214 (0xbfe5)
core   0: 0x8000b20c (0x00005f17) auipc   t5, 0x5
core   0: 3 0x8000b20c (0x00005f17) x30 0x8001020c
core   0: 0x8000b210 (0xde3f2a23) sw      gp, -524(t5)
core   0: 3 0x8000b210 (0xde3f2a23) mem 0x80010000 0x00000001
core   0: 0x8000b214 (0x0000bfe5) c.j     pc - 8
core   0: 3 0x8000b214 (0xbfe5)
core   0: 0x8000b20c (0x00005f17) auipc   t5, 0x5
core   0: 3 0x8000b20c (0x00005f17) x30 0x8001020c
core   0: 0x8000b210 (0xde3f2a23) sw      gp, -524(t5)
core   0: 3 0x8000b210 (0xde3f2a23) mem 0x80010000 0x00000001
core   0: 0x8000b214 (0x0000bfe5) c.j     pc - 8
core   0: 3 0x8000b214 (0xbfe5)
core   0: 0x8000b20c (0x00005f17) auipc   t5, 0x5
core   0: 3 0x8000b20c (0x00005f17) x30 0x8001020c
core   0: 0x8000b210 (0xde3f2a23) sw      gp, -524(t5)
core   0: 3 0x8000b210 (0xde3f2a23) mem 0x80010000 0x00000001
core   0: 0x8000b214 (0x0000bfe5) c.j     pc - 8
core   0: 3 0x8000b214 (0xbfe5)
core   0: 0x8000b20c (0x00005f17) auipc   t5, 0x5
core   0: 3 0x8000b20c (0x00005f17) x30 0x8001020c
core   0: 0x8000b210 (0xde3f2a23) sw      gp, -524(t5)
core   0: 3 0x8000b210 (0xde3f2a23) mem 0x80010000 0x00000001
core   0: 0x8000b214 (0x0000bfe5) c.j     pc - 8
core   0: 3 0x8000b214 (0xbfe5)
core   0: 0x8000b20c (0x00005f17) auipc   t5, 0x5
core   0: 3 0x8000b20c (0x00005f17) x30 0x8001020c
core   0: 0x8000b210 (0xde3f2a23) sw      gp, -524(t5)
core   0: 3 0x8000b210 (0xde3f2a23) mem 0x80010000 0x00000001
core   0: 0x8000b214 (0x0000bfe5) c.j     pc - 8
core   0: 3 0x8000b214 (0xbfe5)
core   0: 0x8000b20c (0x00005f17) auipc   t5, 0x5
core   0: 3 0x8000b20c (0x00005f17) x30 0x8001020c
core   0: 0x8000b210 (0xde3f2a23) sw      gp, -524(t5)
core   0: 3 0x8000b210 (0xde3f2a23) mem 0x80010000 0x00000001
core   0: 0x8000b214 (0x0000bfe5) c.j     pc - 8
core   0: 3 0x8000b214 (0xbfe5)
core   0: 0x8000b20c (0x00005f17) auipc   t5, 0x5
core   0: 3 0x8000b20c (0x00005f17) x30 0x8001020c
core   0: 0x8000b210 (0xde3f2a23) sw      gp, -524(t5)
core   0: 3 0x8000b210 (0xde3f2a23) mem 0x80010000 0x00000001
core   0: 0x8000b214 (0x0000bfe5) c.j     pc - 8
core   0: 3 0x8000b214 (0xbfe5)
core   0: 0x8000b20c (0x00005f17) auipc   t5, 0x5
core   0: 3 0x8000b20c (0x00005f17) x30 0x8001020c
core   0: 0x8000b210 (0xde3f2a23) sw      gp, -524(t5)
core   0: 3 0x8000b210 (0xde3f2a23) mem 0x80010000 0x00000001
core   0: 0x8000b214 (0x0000bfe5) c.j     pc - 8
core   0: 3 0x8000b214 (0xbfe5)
core   0: 0x8000b20c (0x00005f17) auipc   t5, 0x5
core   0: 3 0x8000b20c (0x00005f17) x30 0x8001020c
core   0: 0x8000b210 (0xde3f2a23) sw      gp, -524(t5)
core   0: 3 0x8000b210 (0xde3f2a23) mem 0x80010000 0x00000001
core   0: 0x8000b214 (0x0000bfe5) c.j     pc - 8
core   0: 3 0x8000b214 (0xbfe5)
core   0: 0x8000b20c (0x00005f17) auipc   t5, 0x5
core   0: 3 0x8000b20c (0x00005f17) x30 0x8001020c
core   0: 0x8000b210 (0xde3f2a23) sw      gp, -524(t5)
core   0: 3 0x8000b210 (0xde3f2a23) mem 0x80010000 0x00000001
core   0: 0x8000b214 (0x0000bfe5) c.j     pc - 8
core   0: 3 0x8000b214 (0xbfe5)
core   0: 0x8000b20c (0x00005f17) auipc   t5, 0x5
core   0: 3 0x8000b20c (0x00005f17) x30 0x8001020c
core   0: 0x8000b210 (0xde3f2a23) sw      gp, -524(t5)
core   0: 3 0x8000b210 (0xde3f2a23) mem 0x80010000 0x00000001
core   0: 0x8000b214 (0x0000bfe5) c.j     pc - 8
core   0: 3 0x8000b214 (0xbfe5)
core   0: 0x8000b20c (0x00005f17) auipc   t5, 0x5
core   0: 3 0x8000b20c (0x00005f17) x30 0x8001020c
core   0: 0x8000b210 (0xde3f2a23) sw      gp, -524(t5)
core   0: 3 0x8000b210 (0xde3f2a23) mem 0x80010000 0x00000001
core   0: 0x8000b214 (0x0000bfe5) c.j     pc - 8
core   0: 3 0x8000b214 (0xbfe5)
core   0: 0x8000b20c (0x00005f17) auipc   t5, 0x5
core   0: 3 0x8000b20c (0x00005f17) x30 0x8001020c
core   0: 0x8000b210 (0xde3f2a23) sw      gp, -524(t5)
core   0: 3 0x8000b210 (0xde3f2a23) mem 0x80010000 0x00000001
core   0: 0x8000b214 (0x0000bfe5) c.j     pc - 8
core   0: 3 0x8000b214 (0xbfe5)
core   0: 0x8000b20c (0x00005f17) auipc   t5, 0x5
core   0: 3 0x8000b20c (0x00005f17) x30 0x8001020c
core   0: 0x8000b210 (0xde3f2a23) sw      gp, -524(t5)
core   0: 3 0x8000b210 (0xde3f2a23) mem 0x80010000 0x00000001
core   0: 0x8000b214 (0x0000bfe5) c.j     pc - 8
core   0: 3 0x8000b214 (0xbfe5)
core   0: 0x8000b20c (0x00005f17) auipc   t5, 0x5
core   0: 3 0x8000b20c (0x00005f17) x30 0x8001020c
core   0: 0x8000b210 (0xde3f2a23) sw      gp, -524(t5)
core   0: 3 0x8000b210 (0xde3f2a23) mem 0x80010000 0x00000001
core   0: 0x8000b214 (0x0000bfe5) c.j     pc - 8
core   0: 3 0x8000b214 (0xbfe5)
core   0: 0x8000b20c (0x00005f17) auipc   t5, 0x5
core   0: 3 0x8000b20c (0x00005f17) x30 0x8001020c
core   0: 0x8000b210 (0xde3f2a23) sw      gp, -524(t5)
core   0: 3 0x8000b210 (0xde3f2a23) mem 0x80010000 0x00000001
core   0: 0x8000b214 (0x0000bfe5) c.j     pc - 8
core   0: 3 0x8000b214 (0xbfe5)
core   0: 0x8000b20c (0x00005f17) auipc   t5, 0x5
core   0: 3 0x8000b20c (0x00005f17) x30 0x8001020c
core   0: 0x8000b210 (0xde3f2a23) sw      gp, -524(t5)
core   0: 3 0x8000b210 (0xde3f2a23) mem 0x80010000 0x00000001
core   0: 0x8000b214 (0x0000bfe5) c.j     pc - 8
core   0: 3 0x8000b214 (0xbfe5)
core   0: 0x8000b20c (0x00005f17) auipc   t5, 0x5
core   0: 3 0x8000b20c (0x00005f17) x30 0x8001020c
core   0: 0x8000b210 (0xde3f2a23) sw      gp, -524(t5)
core   0: 3 0x8000b210 (0xde3f2a23) mem 0x80010000 0x00000001
core   0: 0x8000b214 (0x0000bfe5) c.j     pc - 8
core   0: 3 0x8000b214 (0xbfe5)
core   0: 0x8000b20c (0x00005f17) auipc   t5, 0x5
core   0: 3 0x8000b20c (0x00005f17) x30 0x8001020c
core   0: 0x8000b210 (0xde3f2a23) sw      gp, -524(t5)
core   0: 3 0x8000b210 (0xde3f2a23) mem 0x80010000 0x00000001
core   0: 0x8000b214 (0x0000bfe5) c.j     pc - 8
core   0: 3 0x8000b214 (0xbfe5)
core   0: 0x8000b20c (0x00005f17) auipc   t5, 0x5
core   0: 3 0x8000b20c (0x00005f17) x30 0x8001020c
core   0: 0x8000b210 (0xde3f2a23) sw      gp, -524(t5)
core   0: 3 0x8000b210 (0xde3f2a23) mem 0x80010000 0x00000001
core   0: 0x8000b214 (0x0000bfe5) c.j     pc - 8
core   0: 3 0x8000b214 (0xbfe5)
core   0: 0x8000b20c (0x00005f17) auipc   t5, 0x5
core   0: 3 0x8000b20c (0x00005f17) x30 0x8001020c
core   0: 0x8000b210 (0xde3f2a23) sw      gp, -524(t5)
core   0: 3 0x8000b210 (0xde3f2a23) mem 0x80010000 0x00000001
core   0: 0x8000b214 (0x0000bfe5) c.j     pc - 8
core   0: 3 0x8000b214 (0xbfe5)
core   0: 0x8000b20c (0x00005f17) auipc   t5, 0x5
core   0: 3 0x8000b20c (0x00005f17) x30 0x8001020c
core   0: 0x8000b210 (0xde3f2a23) sw      gp, -524(t5)
core   0: 3 0x8000b210 (0xde3f2a23) mem 0x80010000 0x00000001
core   0: 0x8000b214 (0x0000bfe5) c.j     pc - 8
core   0: 3 0x8000b214 (0xbfe5)
core   0: 0x8000b20c (0x00005f17) auipc   t5, 0x5
core   0: 3 0x8000b20c (0x00005f17) x30 0x8001020c
core   0: 0x8000b210 (0xde3f2a23) sw      gp, -524(t5)
core   0: 3 0x8000b210 (0xde3f2a23) mem 0x80010000 0x00000001
core   0: 0x8000b214 (0x0000bfe5) c.j     pc - 8
core   0: 3 0x8000b214 (0xbfe5)
core   0: 0x8000b20c (0x00005f17) auipc   t5, 0x5
core   0: 3 0x8000b20c (0x00005f17) x30 0x8001020c
core   0: 0x8000b210 (0xde3f2a23) sw      gp, -524(t5)
core   0: 3 0x8000b210 (0xde3f2a23) mem 0x80010000 0x00000001
core   0: 0x8000b214 (0x0000bfe5) c.j     pc - 8
core   0: 3 0x8000b214 (0xbfe5)
core   0: 0x8000b20c (0x00005f17) auipc   t5, 0x5
core   0: 3 0x8000b20c (0x00005f17) x30 0x8001020c
core   0: 0x8000b210 (0xde3f2a23) sw      gp, -524(t5)
core   0: 3 0x8000b210 (0xde3f2a23) mem 0x80010000 0x00000001
core   0: 0x8000b214 (0x0000bfe5) c.j     pc - 8
core   0: 3 0x8000b214 (0xbfe5)
core   0: 0x8000b20c (0x00005f17) auipc   t5, 0x5
core   0: 3 0x8000b20c (0x00005f17) x30 0x8001020c
core   0: 0x8000b210 (0xde3f2a23) sw      gp, -524(t5)
core   0: 3 0x8000b210 (0xde3f2a23) mem 0x80010000 0x00000001
core   0: 0x8000b214 (0x0000bfe5) c.j     pc - 8
core   0: 3 0x8000b214 (0xbfe5)
core   0: 0x8000b20c (0x00005f17) auipc   t5, 0x5
core   0: 3 0x8000b20c (0x00005f17) x30 0x8001020c
core   0: 0x8000b210 (0xde3f2a23) sw      gp, -524(t5)
core   0: 3 0x8000b210 (0xde3f2a23) mem 0x80010000 0x00000001
core   0: 0x8000b214 (0x0000bfe5) c.j     pc - 8
core   0: 3 0x8000b214 (0xbfe5)
core   0: 0x8000b20c (0x00005f17) auipc   t5, 0x5
core   0: 3 0x8000b20c (0x00005f17) x30 0x8001020c
core   0: 0x8000b210 (0xde3f2a23) sw      gp, -524(t5)
core   0: 3 0x8000b210 (0xde3f2a23) mem 0x80010000 0x00000001
core   0: 0x8000b214 (0x0000bfe5) c.j     pc - 8
core   0: 3 0x8000b214 (0xbfe5)
core   0: 0x8000b20c (0x00005f17) auipc   t5, 0x5
core   0: 3 0x8000b20c (0x00005f17) x30 0x8001020c
core   0: 0x8000b210 (0xde3f2a23) sw      gp, -524(t5)
core   0: 3 0x8000b210 (0xde3f2a23) mem 0x80010000 0x00000001
core   0: 0x8000b214 (0x0000bfe5) c.j     pc - 8
core   0: 3 0x8000b214 (0xbfe5)
core   0: 0x8000b20c (0x00005f17) auipc   t5, 0x5
core   0: 3 0x8000b20c (0x00005f17) x30 0x8001020c
core   0: 0x8000b210 (0xde3f2a23) sw      gp, -524(t5)
core   0: 3 0x8000b210 (0xde3f2a23) mem 0x80010000 0x00000001
core   0: 0x8000b214 (0x0000bfe5) c.j     pc - 8
core   0: 3 0x8000b214 (0xbfe5)
core   0: 0x8000b20c (0x00005f17) auipc   t5, 0x5
core   0: 3 0x8000b20c (0x00005f17) x30 0x8001020c
core   0: 0x8000b210 (0xde3f2a23) sw      gp, -524(t5)
core   0: 3 0x8000b210 (0xde3f2a23) mem 0x80010000 0x00000001
core   0: 0x8000b214 (0x0000bfe5) c.j     pc - 8
core   0: 3 0x8000b214 (0xbfe5)
core   0: 0x8000b20c (0x00005f17) auipc   t5, 0x5
core   0: 3 0x8000b20c (0x00005f17) x30 0x8001020c
core   0: 0x8000b210 (0xde3f2a23) sw      gp, -524(t5)
core   0: 3 0x8000b210 (0xde3f2a23) mem 0x80010000 0x00000001
core   0: 0x8000b214 (0x0000bfe5) c.j     pc - 8
core   0: 3 0x8000b214 (0xbfe5)
core   0: 0x8000b20c (0x00005f17) auipc   t5, 0x5
core   0: 3 0x8000b20c (0x00005f17) x30 0x8001020c
core   0: 0x8000b210 (0xde3f2a23) sw      gp, -524(t5)
core   0: 3 0x8000b210 (0xde3f2a23) mem 0x80010000 0x00000001
core   0: 0x8000b214 (0x0000bfe5) c.j     pc - 8
core   0: 3 0x8000b214 (0xbfe5)
core   0: 0x8000b20c (0x00005f17) auipc   t5, 0x5
core   0: 3 0x8000b20c (0x00005f17) x30 0x8001020c
core   0: 0x8000b210 (0xde3f2a23) sw      gp, -524(t5)
core   0: 3 0x8000b210 (0xde3f2a23) mem 0x80010000 0x00000001
core   0: 0x8000b214 (0x0000bfe5) c.j     pc - 8
core   0: 3 0x8000b214 (0xbfe5)
core   0: 0x8000b20c (0x00005f17) auipc   t5, 0x5
core   0: 3 0x8000b20c (0x00005f17) x30 0x8001020c
core   0: 0x8000b210 (0xde3f2a23) sw      gp, -524(t5)
core   0: 3 0x8000b210 (0xde3f2a23) mem 0x80010000 0x00000001
core   0: 0x8000b214 (0x0000bfe5) c.j     pc - 8
core   0: 3 0x8000b214 (0xbfe5)
core   0: 0x8000b20c (0x00005f17) auipc   t5, 0x5
core   0: 3 0x8000b20c (0x00005f17) x30 0x8001020c
core   0: 0x8000b210 (0xde3f2a23) sw      gp, -524(t5)
core   0: 3 0x8000b210 (0xde3f2a23) mem 0x80010000 0x00000001
core   0: 0x8000b214 (0x0000bfe5) c.j     pc - 8
core   0: 3 0x8000b214 (0xbfe5)
core   0: 0x8000b20c (0x00005f17) auipc   t5, 0x5
core   0: 3 0x8000b20c (0x00005f17) x30 0x8001020c
core   0: 0x8000b210 (0xde3f2a23) sw      gp, -524(t5)
core   0: 3 0x8000b210 (0xde3f2a23) mem 0x80010000 0x00000001
core   0: 0x8000b214 (0x0000bfe5) c.j     pc - 8
core   0: 3 0x8000b214 (0xbfe5)
core   0: 0x8000b20c (0x00005f17) auipc   t5, 0x5
core   0: 3 0x8000b20c (0x00005f17) x30 0x8001020c
core   0: 0x8000b210 (0xde3f2a23) sw      gp, -524(t5)
core   0: 3 0x8000b210 (0xde3f2a23) mem 0x80010000 0x00000001
core   0: 0x8000b214 (0x0000bfe5) c.j     pc - 8
core   0: 3 0x8000b214 (0xbfe5)
core   0: 0x8000b20c (0x00005f17) auipc   t5, 0x5
core   0: 3 0x8000b20c (0x00005f17) x30 0x8001020c
core   0: 0x8000b210 (0xde3f2a23) sw      gp, -524(t5)
core   0: 3 0x8000b210 (0xde3f2a23) mem 0x80010000 0x00000001
core   0: 0x8000b214 (0x0000bfe5) c.j     pc - 8
core   0: 3 0x8000b214 (0xbfe5)
core   0: 0x8000b20c (0x00005f17) auipc   t5, 0x5
core   0: 3 0x8000b20c (0x00005f17) x30 0x8001020c
core   0: 0x8000b210 (0xde3f2a23) sw      gp, -524(t5)
core   0: 3 0x8000b210 (0xde3f2a23) mem 0x80010000 0x00000001
core   0: 0x8000b214 (0x0000bfe5) c.j     pc - 8
core   0: 3 0x8000b214 (0xbfe5)
core   0: 0x8000b20c (0x00005f17) auipc   t5, 0x5
core   0: 3 0x8000b20c (0x00005f17) x30 0x8001020c
core   0: 0x8000b210 (0xde3f2a23) sw      gp, -524(t5)
core   0: 3 0x8000b210 (0xde3f2a23) mem 0x80010000 0x00000001
core   0: 0x8000b214 (0x0000bfe5) c.j     pc - 8
core   0: 3 0x8000b214 (0xbfe5)
core   0: 0x8000b20c (0x00005f17) auipc   t5, 0x5
core   0: 3 0x8000b20c (0x00005f17) x30 0x8001020c
core   0: 0x8000b210 (0xde3f2a23) sw      gp, -524(t5)
core   0: 3 0x8000b210 (0xde3f2a23) mem 0x80010000 0x00000001
core   0: 0x8000b214 (0x0000bfe5) c.j     pc - 8
core   0: 3 0x8000b214 (0xbfe5)
core   0: 0x8000b20c (0x00005f17) auipc   t5, 0x5
core   0: 3 0x8000b20c (0x00005f17) x30 0x8001020c
core   0: 0x8000b210 (0xde3f2a23) sw      gp, -524(t5)
core   0: 3 0x8000b210 (0xde3f2a23) mem 0x80010000 0x00000001
core   0: 0x8000b214 (0x0000bfe5) c.j     pc - 8
core   0: 3 0x8000b214 (0xbfe5)
core   0: 0x8000b20c (0x00005f17) auipc   t5, 0x5
core   0: 3 0x8000b20c (0x00005f17) x30 0x8001020c
core   0: 0x8000b210 (0xde3f2a23) sw      gp, -524(t5)
core   0: 3 0x8000b210 (0xde3f2a23) mem 0x80010000 0x00000001
core   0: 0x8000b214 (0x0000bfe5) c.j     pc - 8
core   0: 3 0x8000b214 (0xbfe5)
core   0: 0x8000b20c (0x00005f17) auipc   t5, 0x5
core   0: 3 0x8000b20c (0x00005f17) x30 0x8001020c
core   0: 0x8000b210 (0xde3f2a23) sw      gp, -524(t5)
core   0: 3 0x8000b210 (0xde3f2a23) mem 0x80010000 0x00000001
core   0: 0x8000b214 (0x0000bfe5) c.j     pc - 8
core   0: 3 0x8000b214 (0xbfe5)
core   0: 0x8000b20c (0x00005f17) auipc   t5, 0x5
core   0: 3 0x8000b20c (0x00005f17) x30 0x8001020c
core   0: 0x8000b210 (0xde3f2a23) sw      gp, -524(t5)
core   0: 3 0x8000b210 (0xde3f2a23) mem 0x80010000 0x00000001
core   0: 0x8000b214 (0x0000bfe5) c.j     pc - 8
core   0: 3 0x8000b214 (0xbfe5)
core   0: 0x8000b20c (0x00005f17) auipc   t5, 0x5
core   0: 3 0x8000b20c (0x00005f17) x30 0x8001020c
core   0: 0x8000b210 (0xde3f2a23) sw      gp, -524(t5)
core   0: 3 0x8000b210 (0xde3f2a23) mem 0x80010000 0x00000001
core   0: 0x8000b214 (0x0000bfe5) c.j     pc - 8
core   0: 3 0x8000b214 (0xbfe5)
core   0: 0x8000b20c (0x00005f17) auipc   t5, 0x5
core   0: 3 0x8000b20c (0x00005f17) x30 0x8001020c
core   0: 0x8000b210 (0xde3f2a23) sw      gp, -524(t5)
core   0: 3 0x8000b210 (0xde3f2a23) mem 0x80010000 0x00000001
core   0: 0x8000b214 (0x0000bfe5) c.j     pc - 8
core   0: 3 0x8000b214 (0xbfe5)
core   0: 0x8000b20c (0x00005f17) auipc   t5, 0x5
core   0: 3 0x8000b20c (0x00005f17) x30 0x8001020c
core   0: 0x8000b210 (0xde3f2a23) sw      gp, -524(t5)
core   0: 3 0x8000b210 (0xde3f2a23) mem 0x80010000 0x00000001
core   0: 0x8000b214 (0x0000bfe5) c.j     pc - 8
core   0: 3 0x8000b214 (0xbfe5)
core   0: 0x8000b20c (0x00005f17) auipc   t5, 0x5
core   0: 3 0x8000b20c (0x00005f17) x30 0x8001020c
core   0: 0x8000b210 (0xde3f2a23) sw      gp, -524(t5)
core   0: 3 0x8000b210 (0xde3f2a23) mem 0x80010000 0x00000001
core   0: 0x8000b214 (0x0000bfe5) c.j     pc - 8
core   0: 3 0x8000b214 (0xbfe5)
core   0: 0x8000b20c (0x00005f17) auipc   t5, 0x5
core   0: 3 0x8000b20c (0x00005f17) x30 0x8001020c
core   0: 0x8000b210 (0xde3f2a23) sw      gp, -524(t5)
core   0: 3 0x8000b210 (0xde3f2a23) mem 0x80010000 0x00000001
core   0: 0x8000b214 (0x0000bfe5) c.j     pc - 8
core   0: 3 0x8000b214 (0xbfe5)
core   0: 0x8000b20c (0x00005f17) auipc   t5, 0x5
core   0: 3 0x8000b20c (0x00005f17) x30 0x8001020c
core   0: 0x8000b210 (0xde3f2a23) sw      gp, -524(t5)
core   0: 3 0x8000b210 (0xde3f2a23) mem 0x80010000 0x00000001
core   0: 0x8000b214 (0x0000bfe5) c.j     pc - 8
core   0: 3 0x8000b214 (0xbfe5)
core   0: 0x8000b20c (0x00005f17) auipc   t5, 0x5
core   0: 3 0x8000b20c (0x00005f17) x30 0x8001020c
core   0: 0x8000b210 (0xde3f2a23) sw      gp, -524(t5)
core   0: 3 0x8000b210 (0xde3f2a23) mem 0x80010000 0x00000001
core   0: 0x8000b214 (0x0000bfe5) c.j     pc - 8
core   0: 3 0x8000b214 (0xbfe5)
core   0: 0x8000b20c (0x00005f17) auipc   t5, 0x5
core   0: 3 0x8000b20c (0x00005f17) x30 0x8001020c
core   0: 0x8000b210 (0xde3f2a23) sw      gp, -524(t5)
core   0: 3 0x8000b210 (0xde3f2a23) mem 0x80010000 0x00000001
core   0: 0x8000b214 (0x0000bfe5) c.j     pc - 8
core   0: 3 0x8000b214 (0xbfe5)
core   0: 0x8000b20c (0x00005f17) auipc   t5, 0x5
core   0: 3 0x8000b20c (0x00005f17) x30 0x8001020c
core   0: 0x8000b210 (0xde3f2a23) sw      gp, -524(t5)
core   0: 3 0x8000b210 (0xde3f2a23) mem 0x80010000 0x00000001
core   0: 0x8000b214 (0x0000bfe5) c.j     pc - 8
core   0: 3 0x8000b214 (0xbfe5)
core   0: 0x8000b20c (0x00005f17) auipc   t5, 0x5
core   0: 3 0x8000b20c (0x00005f17) x30 0x8001020c
core   0: 0x8000b210 (0xde3f2a23) sw      gp, -524(t5)
core   0: 3 0x8000b210 (0xde3f2a23) mem 0x80010000 0x00000001
core   0: 0x8000b214 (0x0000bfe5) c.j     pc - 8
core   0: 3 0x8000b214 (0xbfe5)
core   0: 0x8000b20c (0x00005f17) auipc   t5, 0x5
core   0: 3 0x8000b20c (0x00005f17) x30 0x8001020c
core   0: 0x8000b210 (0xde3f2a23) sw      gp, -524(t5)
core   0: 3 0x8000b210 (0xde3f2a23) mem 0x80010000 0x00000001
core   0: 0x8000b214 (0x0000bfe5) c.j     pc - 8
core   0: 3 0x8000b214 (0xbfe5)
core   0: 0x8000b20c (0x00005f17) auipc   t5, 0x5
core   0: 3 0x8000b20c (0x00005f17) x30 0x8001020c
core   0: 0x8000b210 (0xde3f2a23) sw      gp, -524(t5)
core   0: 3 0x8000b210 (0xde3f2a23) mem 0x80010000 0x00000001
core   0: 0x8000b214 (0x0000bfe5) c.j     pc - 8
core   0: 3 0x8000b214 (0xbfe5)
core   0: 0x8000b20c (0x00005f17) auipc   t5, 0x5
core   0: 3 0x8000b20c (0x00005f17) x30 0x8001020c
core   0: 0x8000b210 (0xde3f2a23) sw      gp, -524(t5)
core   0: 3 0x8000b210 (0xde3f2a23) mem 0x80010000 0x00000001
core   0: 0x8000b214 (0x0000bfe5) c.j     pc - 8
core   0: 3 0x8000b214 (0xbfe5)
core   0: 0x8000b20c (0x00005f17) auipc   t5, 0x5
core   0: 3 0x8000b20c (0x00005f17) x30 0x8001020c
core   0: 0x8000b210 (0xde3f2a23) sw      gp, -524(t5)
core   0: 3 0x8000b210 (0xde3f2a23) mem 0x80010000 0x00000001
core   0: 0x8000b214 (0x0000bfe5) c.j     pc - 8
core   0: 3 0x8000b214 (0xbfe5)
core   0: 0x8000b20c (0x00005f17) auipc   t5, 0x5
core   0: 3 0x8000b20c (0x00005f17) x30 0x8001020c
core   0: 0x8000b210 (0xde3f2a23) sw      gp, -524(t5)
core   0: 3 0x8000b210 (0xde3f2a23) mem 0x80010000 0x00000001
core   0: 0x8000b214 (0x0000bfe5) c.j     pc - 8
core   0: 3 0x8000b214 (0xbfe5)
core   0: 0x8000b20c (0x00005f17) auipc   t5, 0x5
core   0: 3 0x8000b20c (0x00005f17) x30 0x8001020c
core   0: 0x8000b210 (0xde3f2a23) sw      gp, -524(t5)
core   0: 3 0x8000b210 (0xde3f2a23) mem 0x80010000 0x00000001
core   0: 0x8000b214 (0x0000bfe5) c.j     pc - 8
core   0: 3 0x8000b214 (0xbfe5)
core   0: 0x8000b20c (0x00005f17) auipc   t5, 0x5
core   0: 3 0x8000b20c (0x00005f17) x30 0x8001020c
core   0: 0x8000b210 (0xde3f2a23) sw      gp, -524(t5)
core   0: 3 0x8000b210 (0xde3f2a23) mem 0x80010000 0x00000001
core   0: 0x8000b214 (0x0000bfe5) c.j     pc - 8
core   0: 3 0x8000b214 (0xbfe5)
core   0: 0x8000b20c (0x00005f17) auipc   t5, 0x5
core   0: 3 0x8000b20c (0x00005f17) x30 0x8001020c
core   0: 0x8000b210 (0xde3f2a23) sw      gp, -524(t5)
core   0: 3 0x8000b210 (0xde3f2a23) mem 0x80010000 0x00000001
core   0: 0x8000b214 (0x0000bfe5) c.j     pc - 8
core   0: 3 0x8000b214 (0xbfe5)
core   0: 0x8000b20c (0x00005f17) auipc   t5, 0x5
core   0: 3 0x8000b20c (0x00005f17) x30 0x8001020c
core   0: 0x8000b210 (0xde3f2a23) sw      gp, -524(t5)
core   0: 3 0x8000b210 (0xde3f2a23) mem 0x80010000 0x00000001
core   0: 0x8000b214 (0x0000bfe5) c.j     pc - 8
core   0: 3 0x8000b214 (0xbfe5)
core   0: 0x8000b20c (0x00005f17) auipc   t5, 0x5
core   0: 3 0x8000b20c (0x00005f17) x30 0x8001020c
core   0: 0x8000b210 (0xde3f2a23) sw      gp, -524(t5)
core   0: 3 0x8000b210 (0xde3f2a23) mem 0x80010000 0x00000001
core   0: 0x8000b214 (0x0000bfe5) c.j     pc - 8
core   0: 3 0x8000b214 (0xbfe5)
core   0: 0x8000b20c (0x00005f17) auipc   t5, 0x5
core   0: 3 0x8000b20c (0x00005f17) x30 0x8001020c
core   0: 0x8000b210 (0xde3f2a23) sw      gp, -524(t5)
core   0: 3 0x8000b210 (0xde3f2a23) mem 0x80010000 0x00000001
core   0: 0x8000b214 (0x0000bfe5) c.j     pc - 8
core   0: 3 0x8000b214 (0xbfe5)
core   0: 0x8000b20c (0x00005f17) auipc   t5, 0x5
core   0: 3 0x8000b20c (0x00005f17) x30 0x8001020c
core   0: 0x8000b210 (0xde3f2a23) sw      gp, -524(t5)
core   0: 3 0x8000b210 (0xde3f2a23) mem 0x80010000 0x00000001
core   0: 0x8000b214 (0x0000bfe5) c.j     pc - 8
core   0: 3 0x8000b214 (0xbfe5)
core   0: 0x8000b20c (0x00005f17) auipc   t5, 0x5
core   0: 3 0x8000b20c (0x00005f17) x30 0x8001020c
core   0: 0x8000b210 (0xde3f2a23) sw      gp, -524(t5)
core   0: 3 0x8000b210 (0xde3f2a23) mem 0x80010000 0x00000001
core   0: 0x8000b214 (0x0000bfe5) c.j     pc - 8
core   0: 3 0x8000b214 (0xbfe5)
core   0: 0x8000b20c (0x00005f17) auipc   t5, 0x5
core   0: 3 0x8000b20c (0x00005f17) x30 0x8001020c
core   0: 0x8000b210 (0xde3f2a23) sw      gp, -524(t5)
core   0: 3 0x8000b210 (0xde3f2a23) mem 0x80010000 0x00000001
core   0: 0x8000b214 (0x0000bfe5) c.j     pc - 8
core   0: 3 0x8000b214 (0xbfe5)
core   0: 0x8000b20c (0x00005f17) auipc   t5, 0x5
core   0: 3 0x8000b20c (0x00005f17) x30 0x8001020c
core   0: 0x8000b210 (0xde3f2a23) sw      gp, -524(t5)
core   0: 3 0x8000b210 (0xde3f2a23) mem 0x80010000 0x00000001
core   0: 0x8000b214 (0x0000bfe5) c.j     pc - 8
core   0: 3 0x8000b214 (0xbfe5)
core   0: 0x8000b20c (0x00005f17) auipc   t5, 0x5
core   0: 3 0x8000b20c (0x00005f17) x30 0x8001020c
core   0: 0x8000b210 (0xde3f2a23) sw      gp, -524(t5)
core   0: 3 0x8000b210 (0xde3f2a23) mem 0x80010000 0x00000001
core   0: 0x8000b214 (0x0000bfe5) c.j     pc - 8
core   0: 3 0x8000b214 (0xbfe5)
core   0: 0x8000b20c (0x00005f17) auipc   t5, 0x5
core   0: 3 0x8000b20c (0x00005f17) x30 0x8001020c
core   0: 0x8000b210 (0xde3f2a23) sw      gp, -524(t5)
core   0: 3 0x8000b210 (0xde3f2a23) mem 0x80010000 0x00000001
core   0: 0x8000b214 (0x0000bfe5) c.j     pc - 8
core   0: 3 0x8000b214 (0xbfe5)
core   0: 0x8000b20c (0x00005f17) auipc   t5, 0x5
core   0: 3 0x8000b20c (0x00005f17) x30 0x8001020c
core   0: 0x8000b210 (0xde3f2a23) sw      gp, -524(t5)
core   0: 3 0x8000b210 (0xde3f2a23) mem 0x80010000 0x00000001
core   0: 0x8000b214 (0x0000bfe5) c.j     pc - 8
core   0: 3 0x8000b214 (0xbfe5)
core   0: 0x8000b20c (0x00005f17) auipc   t5, 0x5
core   0: 3 0x8000b20c (0x00005f17) x30 0x8001020c
core   0: 0x8000b210 (0xde3f2a23) sw      gp, -524(t5)
core   0: 3 0x8000b210 (0xde3f2a23) mem 0x80010000 0x00000001
core   0: 0x8000b214 (0x0000bfe5) c.j     pc - 8
core   0: 3 0x8000b214 (0xbfe5)
core   0: 0x8000b20c (0x00005f17) auipc   t5, 0x5
core   0: 3 0x8000b20c (0x00005f17) x30 0x8001020c
core   0: 0x8000b210 (0xde3f2a23) sw      gp, -524(t5)
core   0: 3 0x8000b210 (0xde3f2a23) mem 0x80010000 0x00000001
core   0: 0x8000b214 (0x0000bfe5) c.j     pc - 8
core   0: 3 0x8000b214 (0xbfe5)
core   0: 0x8000b20c (0x00005f17) auipc   t5, 0x5
core   0: 3 0x8000b20c (0x00005f17) x30 0x8001020c
core   0: 0x8000b210 (0xde3f2a23) sw      gp, -524(t5)
core   0: 3 0x8000b210 (0xde3f2a23) mem 0x80010000 0x00000001
core   0: 0x8000b214 (0x0000bfe5) c.j     pc - 8
core   0: 3 0x8000b214 (0xbfe5)
core   0: 0x8000b20c (0x00005f17) auipc   t5, 0x5
core   0: 3 0x8000b20c (0x00005f17) x30 0x8001020c
core   0: 0x8000b210 (0xde3f2a23) sw      gp, -524(t5)
core   0: 3 0x8000b210 (0xde3f2a23) mem 0x80010000 0x00000001
core   0: 0x8000b214 (0x0000bfe5) c.j     pc - 8
core   0: 3 0x8000b214 (0xbfe5)
core   0: 0x8000b20c (0x00005f17) auipc   t5, 0x5
core   0: 3 0x8000b20c (0x00005f17) x30 0x8001020c
core   0: 0x8000b210 (0xde3f2a23) sw      gp, -524(t5)
core   0: 3 0x8000b210 (0xde3f2a23) mem 0x80010000 0x00000001
core   0: 0x8000b214 (0x0000bfe5) c.j     pc - 8
core   0: 3 0x8000b214 (0xbfe5)
core   0: 0x8000b20c (0x00005f17) auipc   t5, 0x5
core   0: 3 0x8000b20c (0x00005f17) x30 0x8001020c
core   0: 0x8000b210 (0xde3f2a23) sw      gp, -524(t5)
core   0: 3 0x8000b210 (0xde3f2a23) mem 0x80010000 0x00000001
core   0: 0x8000b214 (0x0000bfe5) c.j     pc - 8
core   0: 3 0x8000b214 (0xbfe5)
core   0: 0x8000b20c (0x00005f17) auipc   t5, 0x5
core   0: 3 0x8000b20c (0x00005f17) x30 0x8001020c
core   0: 0x8000b210 (0xde3f2a23) sw      gp, -524(t5)
core   0: 3 0x8000b210 (0xde3f2a23) mem 0x80010000 0x00000001
core   0: 0x8000b214 (0x0000bfe5) c.j     pc - 8
core   0: 3 0x8000b214 (0xbfe5)
core   0: 0x8000b20c (0x00005f17) auipc   t5, 0x5
core   0: 3 0x8000b20c (0x00005f17) x30 0x8001020c
core   0: 0x8000b210 (0xde3f2a23) sw      gp, -524(t5)
core   0: 3 0x8000b210 (0xde3f2a23) mem 0x80010000 0x00000001
core   0: 0x8000b214 (0x0000bfe5) c.j     pc - 8
core   0: 3 0x8000b214 (0xbfe5)
core   0: 0x8000b20c (0x00005f17) auipc   t5, 0x5
core   0: 3 0x8000b20c (0x00005f17) x30 0x8001020c
core   0: 0x8000b210 (0xde3f2a23) sw      gp, -524(t5)
core   0: 3 0x8000b210 (0xde3f2a23) mem 0x80010000 0x00000001
core   0: 0x8000b214 (0x0000bfe5) c.j     pc - 8
core   0: 3 0x8000b214 (0xbfe5)
core   0: 0x8000b20c (0x00005f17) auipc   t5, 0x5
core   0: 3 0x8000b20c (0x00005f17) x30 0x8001020c
core   0: 0x8000b210 (0xde3f2a23) sw      gp, -524(t5)
core   0: 3 0x8000b210 (0xde3f2a23) mem 0x80010000 0x00000001
core   0: 0x8000b214 (0x0000bfe5) c.j     pc - 8
core   0: 3 0x8000b214 (0xbfe5)
core   0: 0x8000b20c (0x00005f17) auipc   t5, 0x5
core   0: 3 0x8000b20c (0x00005f17) x30 0x8001020c
core   0: 0x8000b210 (0xde3f2a23) sw      gp, -524(t5)
core   0: 3 0x8000b210 (0xde3f2a23) mem 0x80010000 0x00000001
core   0: 0x8000b214 (0x0000bfe5) c.j     pc - 8
core   0: 3 0x8000b214 (0xbfe5)
core   0: 0x8000b20c (0x00005f17) auipc   t5, 0x5
core   0: 3 0x8000b20c (0x00005f17) x30 0x8001020c
core   0: 0x8000b210 (0xde3f2a23) sw      gp, -524(t5)
core   0: 3 0x8000b210 (0xde3f2a23) mem 0x80010000 0x00000001
core   0: 0x8000b214 (0x0000bfe5) c.j     pc - 8
core   0: 3 0x8000b214 (0xbfe5)
core   0: 0x8000b20c (0x00005f17) auipc   t5, 0x5
core   0: 3 0x8000b20c (0x00005f17) x30 0x8001020c
core   0: 0x8000b210 (0xde3f2a23) sw      gp, -524(t5)
core   0: 3 0x8000b210 (0xde3f2a23) mem 0x80010000 0x00000001
core   0: 0x8000b214 (0x0000bfe5) c.j     pc - 8
core   0: 3 0x8000b214 (0xbfe5)
core   0: 0x8000b20c (0x00005f17) auipc   t5, 0x5
core   0: 3 0x8000b20c (0x00005f17) x30 0x8001020c
core   0: 0x8000b210 (0xde3f2a23) sw      gp, -524(t5)
core   0: 3 0x8000b210 (0xde3f2a23) mem 0x80010000 0x00000001
core   0: 0x8000b214 (0x0000bfe5) c.j     pc - 8
core   0: 3 0x8000b214 (0xbfe5)
core   0: 0x8000b20c (0x00005f17) auipc   t5, 0x5
core   0: 3 0x8000b20c (0x00005f17) x30 0x8001020c
core   0: 0x8000b210 (0xde3f2a23) sw      gp, -524(t5)
core   0: 3 0x8000b210 (0xde3f2a23) mem 0x80010000 0x00000001
core   0: 0x8000b214 (0x0000bfe5) c.j     pc - 8
core   0: 3 0x8000b214 (0xbfe5)
core   0: 0x8000b20c (0x00005f17) auipc   t5, 0x5
core   0: 3 0x8000b20c (0x00005f17) x30 0x8001020c
core   0: 0x8000b210 (0xde3f2a23) sw      gp, -524(t5)
core   0: 3 0x8000b210 (0xde3f2a23) mem 0x80010000 0x00000001
core   0: 0x8000b214 (0x0000bfe5) c.j     pc - 8
core   0: 3 0x8000b214 (0xbfe5)
core   0: 0x8000b20c (0x00005f17) auipc   t5, 0x5
core   0: 3 0x8000b20c (0x00005f17) x30 0x8001020c
core   0: 0x8000b210 (0xde3f2a23) sw      gp, -524(t5)
core   0: 3 0x8000b210 (0xde3f2a23) mem 0x80010000 0x00000001
core   0: 0x8000b214 (0x0000bfe5) c.j     pc - 8
core   0: 3 0x8000b214 (0xbfe5)
core   0: 0x8000b20c (0x00005f17) auipc   t5, 0x5
core   0: 3 0x8000b20c (0x00005f17) x30 0x8001020c
core   0: 0x8000b210 (0xde3f2a23) sw      gp, -524(t5)
core   0: 3 0x8000b210 (0xde3f2a23) mem 0x80010000 0x00000001
core   0: 0x8000b214 (0x0000bfe5) c.j     pc - 8
core   0: 3 0x8000b214 (0xbfe5)
core   0: 0x8000b20c (0x00005f17) auipc   t5, 0x5
core   0: 3 0x8000b20c (0x00005f17) x30 0x8001020c
core   0: 0x8000b210 (0xde3f2a23) sw      gp, -524(t5)
core   0: 3 0x8000b210 (0xde3f2a23) mem 0x80010000 0x00000001
core   0: 0x8000b214 (0x0000bfe5) c.j     pc - 8
core   0: 3 0x8000b214 (0xbfe5)
core   0: 0x8000b20c (0x00005f17) auipc   t5, 0x5
core   0: 3 0x8000b20c (0x00005f17) x30 0x8001020c
core   0: 0x8000b210 (0xde3f2a23) sw      gp, -524(t5)
core   0: 3 0x8000b210 (0xde3f2a23) mem 0x80010000 0x00000001
core   0: 0x8000b214 (0x0000bfe5) c.j     pc - 8
core   0: 3 0x8000b214 (0xbfe5)
core   0: 0x8000b20c (0x00005f17) auipc   t5, 0x5
core   0: 3 0x8000b20c (0x00005f17) x30 0x8001020c
core   0: 0x8000b210 (0xde3f2a23) sw      gp, -524(t5)
core   0: 3 0x8000b210 (0xde3f2a23) mem 0x80010000 0x00000001
core   0: 0x8000b214 (0x0000bfe5) c.j     pc - 8
core   0: 3 0x8000b214 (0xbfe5)
core   0: 0x8000b20c (0x00005f17) auipc   t5, 0x5
core   0: 3 0x8000b20c (0x00005f17) x30 0x8001020c
core   0: 0x8000b210 (0xde3f2a23) sw      gp, -524(t5)
core   0: 3 0x8000b210 (0xde3f2a23) mem 0x80010000 0x00000001
core   0: 0x8000b214 (0x0000bfe5) c.j     pc - 8
core   0: 3 0x8000b214 (0xbfe5)
core   0: 0x8000b20c (0x00005f17) auipc   t5, 0x5
core   0: 3 0x8000b20c (0x00005f17) x30 0x8001020c
core   0: 0x8000b210 (0xde3f2a23) sw      gp, -524(t5)
core   0: 3 0x8000b210 (0xde3f2a23) mem 0x80010000 0x00000001
core   0: 0x8000b214 (0x0000bfe5) c.j     pc - 8
core   0: 3 0x8000b214 (0xbfe5)
core   0: 0x8000b20c (0x00005f17) auipc   t5, 0x5
core   0: 3 0x8000b20c (0x00005f17) x30 0x8001020c
core   0: 0x8000b210 (0xde3f2a23) sw      gp, -524(t5)
core   0: 3 0x8000b210 (0xde3f2a23) mem 0x80010000 0x00000001
core   0: 0x8000b214 (0x0000bfe5) c.j     pc - 8
core   0: 3 0x8000b214 (0xbfe5)
core   0: 0x8000b20c (0x00005f17) auipc   t5, 0x5
core   0: 3 0x8000b20c (0x00005f17) x30 0x8001020c
core   0: 0x8000b210 (0xde3f2a23) sw      gp, -524(t5)
core   0: 3 0x8000b210 (0xde3f2a23) mem 0x80010000 0x00000001
core   0: 0x8000b214 (0x0000bfe5) c.j     pc - 8
core   0: 3 0x8000b214 (0xbfe5)
core   0: 0x8000b20c (0x00005f17) auipc   t5, 0x5
core   0: 3 0x8000b20c (0x00005f17) x30 0x8001020c
core   0: 0x8000b210 (0xde3f2a23) sw      gp, -524(t5)
core   0: 3 0x8000b210 (0xde3f2a23) mem 0x80010000 0x00000001
core   0: 0x8000b214 (0x0000bfe5) c.j     pc - 8
core   0: 3 0x8000b214 (0xbfe5)
core   0: 0x8000b20c (0x00005f17) auipc   t5, 0x5
core   0: 3 0x8000b20c (0x00005f17) x30 0x8001020c
core   0: 0x8000b210 (0xde3f2a23) sw      gp, -524(t5)
core   0: 3 0x8000b210 (0xde3f2a23) mem 0x80010000 0x00000001
core   0: 0x8000b214 (0x0000bfe5) c.j     pc - 8
core   0: 3 0x8000b214 (0xbfe5)
core   0: 0x8000b20c (0x00005f17) auipc   t5, 0x5
core   0: 3 0x8000b20c (0x00005f17) x30 0x8001020c
core   0: 0x8000b210 (0xde3f2a23) sw      gp, -524(t5)
core   0: 3 0x8000b210 (0xde3f2a23) mem 0x80010000 0x00000001
core   0: 0x8000b214 (0x0000bfe5) c.j     pc - 8
core   0: 3 0x8000b214 (0xbfe5)
core   0: 0x8000b20c (0x00005f17) auipc   t5, 0x5
core   0: 3 0x8000b20c (0x00005f17) x30 0x8001020c
core   0: 0x8000b210 (0xde3f2a23) sw      gp, -524(t5)
core   0: 3 0x8000b210 (0xde3f2a23) mem 0x80010000 0x00000001
core   0: 0x8000b214 (0x0000bfe5) c.j     pc - 8
core   0: 3 0x8000b214 (0xbfe5)
core   0: 0x8000b20c (0x00005f17) auipc   t5, 0x5
core   0: 3 0x8000b20c (0x00005f17) x30 0x8001020c
core   0: 0x8000b210 (0xde3f2a23) sw      gp, -524(t5)
core   0: 3 0x8000b210 (0xde3f2a23) mem 0x80010000 0x00000001
core   0: 0x8000b214 (0x0000bfe5) c.j     pc - 8
core   0: 3 0x8000b214 (0xbfe5)
core   0: 0x8000b20c (0x00005f17) auipc   t5, 0x5
core   0: 3 0x8000b20c (0x00005f17) x30 0x8001020c
core   0: 0x8000b210 (0xde3f2a23) sw      gp, -524(t5)
core   0: 3 0x8000b210 (0xde3f2a23) mem 0x80010000 0x00000001
core   0: 0x8000b214 (0x0000bfe5) c.j     pc - 8
core   0: 3 0x8000b214 (0xbfe5)
core   0: 0x8000b20c (0x00005f17) auipc   t5, 0x5
core   0: 3 0x8000b20c (0x00005f17) x30 0x8001020c
core   0: 0x8000b210 (0xde3f2a23) sw      gp, -524(t5)
core   0: 3 0x8000b210 (0xde3f2a23) mem 0x80010000 0x00000001
core   0: 0x8000b214 (0x0000bfe5) c.j     pc - 8
core   0: 3 0x8000b214 (0xbfe5)
core   0: 0x8000b20c (0x00005f17) auipc   t5, 0x5
core   0: 3 0x8000b20c (0x00005f17) x30 0x8001020c
core   0: 0x8000b210 (0xde3f2a23) sw      gp, -524(t5)
core   0: 3 0x8000b210 (0xde3f2a23) mem 0x80010000 0x00000001
core   0: 0x8000b214 (0x0000bfe5) c.j     pc - 8
core   0: 3 0x8000b214 (0xbfe5)
core   0: 0x8000b20c (0x00005f17) auipc   t5, 0x5
core   0: 3 0x8000b20c (0x00005f17) x30 0x8001020c
core   0: 0x8000b210 (0xde3f2a23) sw      gp, -524(t5)
core   0: 3 0x8000b210 (0xde3f2a23) mem 0x80010000 0x00000001
core   0: 0x8000b214 (0x0000bfe5) c.j     pc - 8
core   0: 3 0x8000b214 (0xbfe5)
core   0: 0x8000b20c (0x00005f17) auipc   t5, 0x5
core   0: 3 0x8000b20c (0x00005f17) x30 0x8001020c
core   0: 0x8000b210 (0xde3f2a23) sw      gp, -524(t5)
core   0: 3 0x8000b210 (0xde3f2a23) mem 0x80010000 0x00000001
core   0: 0x8000b214 (0x0000bfe5) c.j     pc - 8
core   0: 3 0x8000b214 (0xbfe5)
core   0: 0x8000b20c (0x00005f17) auipc   t5, 0x5
core   0: 3 0x8000b20c (0x00005f17) x30 0x8001020c
core   0: 0x8000b210 (0xde3f2a23) sw      gp, -524(t5)
core   0: 3 0x8000b210 (0xde3f2a23) mem 0x80010000 0x00000001
core   0: 0x8000b214 (0x0000bfe5) c.j     pc - 8
core   0: 3 0x8000b214 (0xbfe5)
core   0: 0x8000b20c (0x00005f17) auipc   t5, 0x5
core   0: 3 0x8000b20c (0x00005f17) x30 0x8001020c
core   0: 0x8000b210 (0xde3f2a23) sw      gp, -524(t5)
core   0: 3 0x8000b210 (0xde3f2a23) mem 0x80010000 0x00000001
core   0: 0x8000b214 (0x0000bfe5) c.j     pc - 8
core   0: 3 0x8000b214 (0xbfe5)
core   0: 0x8000b20c (0x00005f17) auipc   t5, 0x5
core   0: 3 0x8000b20c (0x00005f17) x30 0x8001020c
core   0: 0x8000b210 (0xde3f2a23) sw      gp, -524(t5)
core   0: 3 0x8000b210 (0xde3f2a23) mem 0x80010000 0x00000001
core   0: 0x8000b214 (0x0000bfe5) c.j     pc - 8
core   0: 3 0x8000b214 (0xbfe5)
core   0: 0x8000b20c (0x00005f17) auipc   t5, 0x5
core   0: 3 0x8000b20c (0x00005f17) x30 0x8001020c
core   0: 0x8000b210 (0xde3f2a23) sw      gp, -524(t5)
core   0: 3 0x8000b210 (0xde3f2a23) mem 0x80010000 0x00000001
core   0: 0x8000b214 (0x0000bfe5) c.j     pc - 8
core   0: 3 0x8000b214 (0xbfe5)
core   0: 0x8000b20c (0x00005f17) auipc   t5, 0x5
core   0: 3 0x8000b20c (0x00005f17) x30 0x8001020c
core   0: 0x8000b210 (0xde3f2a23) sw      gp, -524(t5)
core   0: 3 0x8000b210 (0xde3f2a23) mem 0x80010000 0x00000001
core   0: 0x8000b214 (0x0000bfe5) c.j     pc - 8
core   0: 3 0x8000b214 (0xbfe5)
core   0: 0x8000b20c (0x00005f17) auipc   t5, 0x5
core   0: 3 0x8000b20c (0x00005f17) x30 0x8001020c
core   0: 0x8000b210 (0xde3f2a23) sw      gp, -524(t5)
core   0: 3 0x8000b210 (0xde3f2a23) mem 0x80010000 0x00000001
core   0: 0x8000b214 (0x0000bfe5) c.j     pc - 8
core   0: 3 0x8000b214 (0xbfe5)
core   0: 0x8000b20c (0x00005f17) auipc   t5, 0x5
core   0: 3 0x8000b20c (0x00005f17) x30 0x8001020c
core   0: 0x8000b210 (0xde3f2a23) sw      gp, -524(t5)
core   0: 3 0x8000b210 (0xde3f2a23) mem 0x80010000 0x00000001
core   0: 0x8000b214 (0x0000bfe5) c.j     pc - 8
core   0: 3 0x8000b214 (0xbfe5)
core   0: 0x8000b20c (0x00005f17) auipc   t5, 0x5
core   0: 3 0x8000b20c (0x00005f17) x30 0x8001020c
core   0: 0x8000b210 (0xde3f2a23) sw      gp, -524(t5)
core   0: 3 0x8000b210 (0xde3f2a23) mem 0x80010000 0x00000001
core   0: 0x8000b214 (0x0000bfe5) c.j     pc - 8
core   0: 3 0x8000b214 (0xbfe5)
core   0: 0x8000b20c (0x00005f17) auipc   t5, 0x5
core   0: 3 0x8000b20c (0x00005f17) x30 0x8001020c
core   0: 0x8000b210 (0xde3f2a23) sw      gp, -524(t5)
core   0: 3 0x8000b210 (0xde3f2a23) mem 0x80010000 0x00000001
core   0: 0x8000b214 (0x0000bfe5) c.j     pc - 8
core   0: 3 0x8000b214 (0xbfe5)
core   0: 0x8000b20c (0x00005f17) auipc   t5, 0x5
core   0: 3 0x8000b20c (0x00005f17) x30 0x8001020c
core   0: 0x8000b210 (0xde3f2a23) sw      gp, -524(t5)
core   0: 3 0x8000b210 (0xde3f2a23) mem 0x80010000 0x00000001
core   0: 0x8000b214 (0x0000bfe5) c.j     pc - 8
core   0: 3 0x8000b214 (0xbfe5)
core   0: 0x8000b20c (0x00005f17) auipc   t5, 0x5
core   0: 3 0x8000b20c (0x00005f17) x30 0x8001020c
core   0: 0x8000b210 (0xde3f2a23) sw      gp, -524(t5)
core   0: 3 0x8000b210 (0xde3f2a23) mem 0x80010000 0x00000001
core   0: 0x8000b214 (0x0000bfe5) c.j     pc - 8
core   0: 3 0x8000b214 (0xbfe5)
core   0: 0x8000b20c (0x00005f17) auipc   t5, 0x5
core   0: 3 0x8000b20c (0x00005f17) x30 0x8001020c
core   0: 0x8000b210 (0xde3f2a23) sw      gp, -524(t5)
core   0: 3 0x8000b210 (0xde3f2a23) mem 0x80010000 0x00000001
core   0: 0x8000b214 (0x0000bfe5) c.j     pc - 8
core   0: 3 0x8000b214 (0xbfe5)
core   0: 0x8000b20c (0x00005f17) auipc   t5, 0x5
core   0: 3 0x8000b20c (0x00005f17) x30 0x8001020c
core   0: 0x8000b210 (0xde3f2a23) sw      gp, -524(t5)
core   0: 3 0x8000b210 (0xde3f2a23) mem 0x80010000 0x00000001
core   0: 0x8000b214 (0x0000bfe5) c.j     pc - 8
core   0: 3 0x8000b214 (0xbfe5)
core   0: 0x8000b20c (0x00005f17) auipc   t5, 0x5
core   0: 3 0x8000b20c (0x00005f17) x30 0x8001020c
core   0: 0x8000b210 (0xde3f2a23) sw      gp, -524(t5)
core   0: 3 0x8000b210 (0xde3f2a23) mem 0x80010000 0x00000001
core   0: 0x8000b214 (0x0000bfe5) c.j     pc - 8
core   0: 3 0x8000b214 (0xbfe5)
core   0: 0x8000b20c (0x00005f17) auipc   t5, 0x5
core   0: 3 0x8000b20c (0x00005f17) x30 0x8001020c
core   0: 0x8000b210 (0xde3f2a23) sw      gp, -524(t5)
core   0: 3 0x8000b210 (0xde3f2a23) mem 0x80010000 0x00000001
core   0: 0x8000b214 (0x0000bfe5) c.j     pc - 8
core   0: 3 0x8000b214 (0xbfe5)
core   0: 0x8000b20c (0x00005f17) auipc   t5, 0x5
core   0: 3 0x8000b20c (0x00005f17) x30 0x8001020c
core   0: 0x8000b210 (0xde3f2a23) sw      gp, -524(t5)
core   0: 3 0x8000b210 (0xde3f2a23) mem 0x80010000 0x00000001
core   0: 0x8000b214 (0x0000bfe5) c.j     pc - 8
core   0: 3 0x8000b214 (0xbfe5)
core   0: 0x8000b20c (0x00005f17) auipc   t5, 0x5
core   0: 3 0x8000b20c (0x00005f17) x30 0x8001020c
core   0: 0x8000b210 (0xde3f2a23) sw      gp, -524(t5)
core   0: 3 0x8000b210 (0xde3f2a23) mem 0x80010000 0x00000001
core   0: 0x8000b214 (0x0000bfe5) c.j     pc - 8
core   0: 3 0x8000b214 (0xbfe5)
core   0: 0x8000b20c (0x00005f17) auipc   t5, 0x5
core   0: 3 0x8000b20c (0x00005f17) x30 0x8001020c
core   0: 0x8000b210 (0xde3f2a23) sw      gp, -524(t5)
core   0: 3 0x8000b210 (0xde3f2a23) mem 0x80010000 0x00000001
core   0: 0x8000b214 (0x0000bfe5) c.j     pc - 8
core   0: 3 0x8000b214 (0xbfe5)
core   0: 0x8000b20c (0x00005f17) auipc   t5, 0x5
core   0: 3 0x8000b20c (0x00005f17) x30 0x8001020c
core   0: 0x8000b210 (0xde3f2a23) sw      gp, -524(t5)
core   0: 3 0x8000b210 (0xde3f2a23) mem 0x80010000 0x00000001
core   0: 0x8000b214 (0x0000bfe5) c.j     pc - 8
core   0: 3 0x8000b214 (0xbfe5)
core   0: 0x8000b20c (0x00005f17) auipc   t5, 0x5
core   0: 3 0x8000b20c (0x00005f17) x30 0x8001020c
core   0: 0x8000b210 (0xde3f2a23) sw      gp, -524(t5)
core   0: 3 0x8000b210 (0xde3f2a23) mem 0x80010000 0x00000001
core   0: 0x8000b214 (0x0000bfe5) c.j     pc - 8
core   0: 3 0x8000b214 (0xbfe5)
core   0: 0x8000b20c (0x00005f17) auipc   t5, 0x5
core   0: 3 0x8000b20c (0x00005f17) x30 0x8001020c
core   0: 0x8000b210 (0xde3f2a23) sw      gp, -524(t5)
core   0: 3 0x8000b210 (0xde3f2a23) mem 0x80010000 0x00000001
core   0: 0x8000b214 (0x0000bfe5) c.j     pc - 8
core   0: 3 0x8000b214 (0xbfe5)
core   0: 0x8000b20c (0x00005f17) auipc   t5, 0x5
core   0: 3 0x8000b20c (0x00005f17) x30 0x8001020c
core   0: 0x8000b210 (0xde3f2a23) sw      gp, -524(t5)
core   0: 3 0x8000b210 (0xde3f2a23) mem 0x80010000 0x00000001
core   0: 0x8000b214 (0x0000bfe5) c.j     pc - 8
core   0: 3 0x8000b214 (0xbfe5)
core   0: 0x8000b20c (0x00005f17) auipc   t5, 0x5
core   0: 3 0x8000b20c (0x00005f17) x30 0x8001020c
core   0: 0x8000b210 (0xde3f2a23) sw      gp, -524(t5)
core   0: 3 0x8000b210 (0xde3f2a23) mem 0x80010000 0x00000001
core   0: 0x8000b214 (0x0000bfe5) c.j     pc - 8
core   0: 3 0x8000b214 (0xbfe5)
core   0: 0x8000b20c (0x00005f17) auipc   t5, 0x5
core   0: 3 0x8000b20c (0x00005f17) x30 0x8001020c
core   0: 0x8000b210 (0xde3f2a23) sw      gp, -524(t5)
core   0: 3 0x8000b210 (0xde3f2a23) mem 0x80010000 0x00000001
core   0: 0x8000b214 (0x0000bfe5) c.j     pc - 8
core   0: 3 0x8000b214 (0xbfe5)
core   0: 0x8000b20c (0x00005f17) auipc   t5, 0x5
core   0: 3 0x8000b20c (0x00005f17) x30 0x8001020c
core   0: 0x8000b210 (0xde3f2a23) sw      gp, -524(t5)
core   0: 3 0x8000b210 (0xde3f2a23) mem 0x80010000 0x00000001
core   0: 0x8000b214 (0x0000bfe5) c.j     pc - 8
core   0: 3 0x8000b214 (0xbfe5)
core   0: 0x8000b20c (0x00005f17) auipc   t5, 0x5
core   0: 3 0x8000b20c (0x00005f17) x30 0x8001020c
core   0: 0x8000b210 (0xde3f2a23) sw      gp, -524(t5)
core   0: 3 0x8000b210 (0xde3f2a23) mem 0x80010000 0x00000001
core   0: 0x8000b214 (0x0000bfe5) c.j     pc - 8
core   0: 3 0x8000b214 (0xbfe5)
core   0: 0x8000b20c (0x00005f17) auipc   t5, 0x5
core   0: 3 0x8000b20c (0x00005f17) x30 0x8001020c
core   0: 0x8000b210 (0xde3f2a23) sw      gp, -524(t5)
core   0: 3 0x8000b210 (0xde3f2a23) mem 0x80010000 0x00000001
core   0: 0x8000b214 (0x0000bfe5) c.j     pc - 8
core   0: 3 0x8000b214 (0xbfe5)
core   0: 0x8000b20c (0x00005f17) auipc   t5, 0x5
core   0: 3 0x8000b20c (0x00005f17) x30 0x8001020c
core   0: 0x8000b210 (0xde3f2a23) sw      gp, -524(t5)
core   0: 3 0x8000b210 (0xde3f2a23) mem 0x80010000 0x00000001
core   0: 0x8000b214 (0x0000bfe5) c.j     pc - 8
core   0: 3 0x8000b214 (0xbfe5)
core   0: 0x8000b20c (0x00005f17) auipc   t5, 0x5
core   0: 3 0x8000b20c (0x00005f17) x30 0x8001020c
core   0: 0x8000b210 (0xde3f2a23) sw      gp, -524(t5)
core   0: 3 0x8000b210 (0xde3f2a23) mem 0x80010000 0x00000001
core   0: 0x8000b214 (0x0000bfe5) c.j     pc - 8
core   0: 3 0x8000b214 (0xbfe5)
core   0: 0x8000b20c (0x00005f17) auipc   t5, 0x5
core   0: 3 0x8000b20c (0x00005f17) x30 0x8001020c
core   0: 0x8000b210 (0xde3f2a23) sw      gp, -524(t5)
core   0: 3 0x8000b210 (0xde3f2a23) mem 0x80010000 0x00000001
core   0: 0x8000b214 (0x0000bfe5) c.j     pc - 8
core   0: 3 0x8000b214 (0xbfe5)
core   0: 0x8000b20c (0x00005f17) auipc   t5, 0x5
core   0: 3 0x8000b20c (0x00005f17) x30 0x8001020c
core   0: 0x8000b210 (0xde3f2a23) sw      gp, -524(t5)
core   0: 3 0x8000b210 (0xde3f2a23) mem 0x80010000 0x00000001
core   0: 0x8000b214 (0x0000bfe5) c.j     pc - 8
core   0: 3 0x8000b214 (0xbfe5)
core   0: 0x8000b20c (0x00005f17) auipc   t5, 0x5
core   0: 3 0x8000b20c (0x00005f17) x30 0x8001020c
core   0: 0x8000b210 (0xde3f2a23) sw      gp, -524(t5)
core   0: 3 0x8000b210 (0xde3f2a23) mem 0x80010000 0x00000001
core   0: 0x8000b214 (0x0000bfe5) c.j     pc - 8
core   0: 3 0x8000b214 (0xbfe5)
core   0: 0x8000b20c (0x00005f17) auipc   t5, 0x5
core   0: 3 0x8000b20c (0x00005f17) x30 0x8001020c
core   0: 0x8000b210 (0xde3f2a23) sw      gp, -524(t5)
core   0: 3 0x8000b210 (0xde3f2a23) mem 0x80010000 0x00000001
core   0: 0x8000b214 (0x0000bfe5) c.j     pc - 8
core   0: 3 0x8000b214 (0xbfe5)
core   0: 0x8000b20c (0x00005f17) auipc   t5, 0x5
core   0: 3 0x8000b20c (0x00005f17) x30 0x8001020c
core   0: 0x8000b210 (0xde3f2a23) sw      gp, -524(t5)
core   0: 3 0x8000b210 (0xde3f2a23) mem 0x80010000 0x00000001
core   0: 0x8000b214 (0x0000bfe5) c.j     pc - 8
core   0: 3 0x8000b214 (0xbfe5)
core   0: 0x8000b20c (0x00005f17) auipc   t5, 0x5
core   0: 3 0x8000b20c (0x00005f17) x30 0x8001020c
core   0: 0x8000b210 (0xde3f2a23) sw      gp, -524(t5)
core   0: 3 0x8000b210 (0xde3f2a23) mem 0x80010000 0x00000001
core   0: 0x8000b214 (0x0000bfe5) c.j     pc - 8
core   0: 3 0x8000b214 (0xbfe5)
core   0: 0x8000b20c (0x00005f17) auipc   t5, 0x5
core   0: 3 0x8000b20c (0x00005f17) x30 0x8001020c
core   0: 0x8000b210 (0xde3f2a23) sw      gp, -524(t5)
core   0: 3 0x8000b210 (0xde3f2a23) mem 0x80010000 0x00000001
core   0: 0x8000b214 (0x0000bfe5) c.j     pc - 8
core   0: 3 0x8000b214 (0xbfe5)
core   0: 0x8000b20c (0x00005f17) auipc   t5, 0x5
core   0: 3 0x8000b20c (0x00005f17) x30 0x8001020c
core   0: 0x8000b210 (0xde3f2a23) sw      gp, -524(t5)
core   0: 3 0x8000b210 (0xde3f2a23) mem 0x80010000 0x00000001
core   0: 0x8000b214 (0x0000bfe5) c.j     pc - 8
core   0: 3 0x8000b214 (0xbfe5)
core   0: 0x8000b20c (0x00005f17) auipc   t5, 0x5
core   0: 3 0x8000b20c (0x00005f17) x30 0x8001020c
core   0: 0x8000b210 (0xde3f2a23) sw      gp, -524(t5)
core   0: 3 0x8000b210 (0xde3f2a23) mem 0x80010000 0x00000001
core   0: 0x8000b214 (0x0000bfe5) c.j     pc - 8
core   0: 3 0x8000b214 (0xbfe5)
core   0: 0x8000b20c (0x00005f17) auipc   t5, 0x5
core   0: 3 0x8000b20c (0x00005f17) x30 0x8001020c
core   0: 0x8000b210 (0xde3f2a23) sw      gp, -524(t5)
core   0: 3 0x8000b210 (0xde3f2a23) mem 0x80010000 0x00000001
core   0: 0x8000b214 (0x0000bfe5) c.j     pc - 8
core   0: 3 0x8000b214 (0xbfe5)
core   0: 0x8000b20c (0x00005f17) auipc   t5, 0x5
core   0: 3 0x8000b20c (0x00005f17) x30 0x8001020c
core   0: 0x8000b210 (0xde3f2a23) sw      gp, -524(t5)
core   0: 3 0x8000b210 (0xde3f2a23) mem 0x80010000 0x00000001
core   0: 0x8000b214 (0x0000bfe5) c.j     pc - 8
core   0: 3 0x8000b214 (0xbfe5)
core   0: 0x8000b20c (0x00005f17) auipc   t5, 0x5
core   0: 3 0x8000b20c (0x00005f17) x30 0x8001020c
core   0: 0x8000b210 (0xde3f2a23) sw      gp, -524(t5)
core   0: 3 0x8000b210 (0xde3f2a23) mem 0x80010000 0x00000001
core   0: 0x8000b214 (0x0000bfe5) c.j     pc - 8
core   0: 3 0x8000b214 (0xbfe5)
core   0: 0x8000b20c (0x00005f17) auipc   t5, 0x5
core   0: 3 0x8000b20c (0x00005f17) x30 0x8001020c
core   0: 0x8000b210 (0xde3f2a23) sw      gp, -524(t5)
core   0: 3 0x8000b210 (0xde3f2a23) mem 0x80010000 0x00000001
core   0: 0x8000b214 (0x0000bfe5) c.j     pc - 8
core   0: 3 0x8000b214 (0xbfe5)
core   0: 0x8000b20c (0x00005f17) auipc   t5, 0x5
core   0: 3 0x8000b20c (0x00005f17) x30 0x8001020c
core   0: 0x8000b210 (0xde3f2a23) sw      gp, -524(t5)
core   0: 3 0x8000b210 (0xde3f2a23) mem 0x80010000 0x00000001
core   0: 0x8000b214 (0x0000bfe5) c.j     pc - 8
core   0: 3 0x8000b214 (0xbfe5)
core   0: 0x8000b20c (0x00005f17) auipc   t5, 0x5
core   0: 3 0x8000b20c (0x00005f17) x30 0x8001020c
core   0: 0x8000b210 (0xde3f2a23) sw      gp, -524(t5)
core   0: 3 0x8000b210 (0xde3f2a23) mem 0x80010000 0x00000001
core   0: 0x8000b214 (0x0000bfe5) c.j     pc - 8
core   0: 3 0x8000b214 (0xbfe5)
core   0: 0x8000b20c (0x00005f17) auipc   t5, 0x5
core   0: 3 0x8000b20c (0x00005f17) x30 0x8001020c
core   0: 0x8000b210 (0xde3f2a23) sw      gp, -524(t5)
core   0: 3 0x8000b210 (0xde3f2a23) mem 0x80010000 0x00000001
core   0: 0x8000b214 (0x0000bfe5) c.j     pc - 8
core   0: 3 0x8000b214 (0xbfe5)
core   0: 0x8000b20c (0x00005f17) auipc   t5, 0x5
core   0: 3 0x8000b20c (0x00005f17) x30 0x8001020c
core   0: 0x8000b210 (0xde3f2a23) sw      gp, -524(t5)
core   0: 3 0x8000b210 (0xde3f2a23) mem 0x80010000 0x00000001
core   0: 0x8000b214 (0x0000bfe5) c.j     pc - 8
core   0: 3 0x8000b214 (0xbfe5)
core   0: 0x8000b20c (0x00005f17) auipc   t5, 0x5
core   0: 3 0x8000b20c (0x00005f17) x30 0x8001020c
core   0: 0x8000b210 (0xde3f2a23) sw      gp, -524(t5)
core   0: 3 0x8000b210 (0xde3f2a23) mem 0x80010000 0x00000001
core   0: 0x8000b214 (0x0000bfe5) c.j     pc - 8
core   0: 3 0x8000b214 (0xbfe5)
core   0: 0x8000b20c (0x00005f17) auipc   t5, 0x5
core   0: 3 0x8000b20c (0x00005f17) x30 0x8001020c
core   0: 0x8000b210 (0xde3f2a23) sw      gp, -524(t5)
core   0: 3 0x8000b210 (0xde3f2a23) mem 0x80010000 0x00000001
core   0: 0x8000b214 (0x0000bfe5) c.j     pc - 8
core   0: 3 0x8000b214 (0xbfe5)
core   0: 0x8000b20c (0x00005f17) auipc   t5, 0x5
core   0: 3 0x8000b20c (0x00005f17) x30 0x8001020c
core   0: 0x8000b210 (0xde3f2a23) sw      gp, -524(t5)
core   0: 3 0x8000b210 (0xde3f2a23) mem 0x80010000 0x00000001
core   0: 0x8000b214 (0x0000bfe5) c.j     pc - 8
core   0: 3 0x8000b214 (0xbfe5)
core   0: 0x8000b20c (0x00005f17) auipc   t5, 0x5
core   0: 3 0x8000b20c (0x00005f17) x30 0x8001020c
core   0: 0x8000b210 (0xde3f2a23) sw      gp, -524(t5)
core   0: 3 0x8000b210 (0xde3f2a23) mem 0x80010000 0x00000001
core   0: 0x8000b214 (0x0000bfe5) c.j     pc - 8
core   0: 3 0x8000b214 (0xbfe5)
core   0: 0x8000b20c (0x00005f17) auipc   t5, 0x5
core   0: 3 0x8000b20c (0x00005f17) x30 0x8001020c
core   0: 0x8000b210 (0xde3f2a23) sw      gp, -524(t5)
core   0: 3 0x8000b210 (0xde3f2a23) mem 0x80010000 0x00000001
core   0: 0x8000b214 (0x0000bfe5) c.j     pc - 8
core   0: 3 0x8000b214 (0xbfe5)
core   0: 0x8000b20c (0x00005f17) auipc   t5, 0x5
core   0: 3 0x8000b20c (0x00005f17) x30 0x8001020c
core   0: 0x8000b210 (0xde3f2a23) sw      gp, -524(t5)
core   0: 3 0x8000b210 (0xde3f2a23) mem 0x80010000 0x00000001
core   0: 0x8000b214 (0x0000bfe5) c.j     pc - 8
core   0: 3 0x8000b214 (0xbfe5)
core   0: 0x8000b20c (0x00005f17) auipc   t5, 0x5
core   0: 3 0x8000b20c (0x00005f17) x30 0x8001020c
core   0: 0x8000b210 (0xde3f2a23) sw      gp, -524(t5)
core   0: 3 0x8000b210 (0xde3f2a23) mem 0x80010000 0x00000001
core   0: 0x8000b214 (0x0000bfe5) c.j     pc - 8
core   0: 3 0x8000b214 (0xbfe5)
core   0: 0x8000b20c (0x00005f17) auipc   t5, 0x5
core   0: 3 0x8000b20c (0x00005f17) x30 0x8001020c
core   0: 0x8000b210 (0xde3f2a23) sw      gp, -524(t5)
core   0: 3 0x8000b210 (0xde3f2a23) mem 0x80010000 0x00000001
core   0: 0x8000b214 (0x0000bfe5) c.j     pc - 8
core   0: 3 0x8000b214 (0xbfe5)
core   0: 0x8000b20c (0x00005f17) auipc   t5, 0x5
core   0: 3 0x8000b20c (0x00005f17) x30 0x8001020c
core   0: 0x8000b210 (0xde3f2a23) sw      gp, -524(t5)
core   0: 3 0x8000b210 (0xde3f2a23) mem 0x80010000 0x00000001
core   0: 0x8000b214 (0x0000bfe5) c.j     pc - 8
core   0: 3 0x8000b214 (0xbfe5)
core   0: 0x8000b20c (0x00005f17) auipc   t5, 0x5
core   0: 3 0x8000b20c (0x00005f17) x30 0x8001020c
core   0: 0x8000b210 (0xde3f2a23) sw      gp, -524(t5)
core   0: 3 0x8000b210 (0xde3f2a23) mem 0x80010000 0x00000001
core   0: 0x8000b214 (0x0000bfe5) c.j     pc - 8
core   0: 3 0x8000b214 (0xbfe5)
core   0: 0x8000b20c (0x00005f17) auipc   t5, 0x5
core   0: 3 0x8000b20c (0x00005f17) x30 0x8001020c
core   0: 0x8000b210 (0xde3f2a23) sw      gp, -524(t5)
core   0: 3 0x8000b210 (0xde3f2a23) mem 0x80010000 0x00000001
core   0: 0x8000b214 (0x0000bfe5) c.j     pc - 8
core   0: 3 0x8000b214 (0xbfe5)
core   0: 0x8000b20c (0x00005f17) auipc   t5, 0x5
core   0: 3 0x8000b20c (0x00005f17) x30 0x8001020c
core   0: 0x8000b210 (0xde3f2a23) sw      gp, -524(t5)
core   0: 3 0x8000b210 (0xde3f2a23) mem 0x80010000 0x00000001
core   0: 0x8000b214 (0x0000bfe5) c.j     pc - 8
core   0: 3 0x8000b214 (0xbfe5)
core   0: 0x8000b20c (0x00005f17) auipc   t5, 0x5
core   0: 3 0x8000b20c (0x00005f17) x30 0x8001020c
core   0: 0x8000b210 (0xde3f2a23) sw      gp, -524(t5)
core   0: 3 0x8000b210 (0xde3f2a23) mem 0x80010000 0x00000001
core   0: 0x8000b214 (0x0000bfe5) c.j     pc - 8
core   0: 3 0x8000b214 (0xbfe5)
core   0: 0x8000b20c (0x00005f17) auipc   t5, 0x5
core   0: 3 0x8000b20c (0x00005f17) x30 0x8001020c
core   0: 0x8000b210 (0xde3f2a23) sw      gp, -524(t5)
core   0: 3 0x8000b210 (0xde3f2a23) mem 0x80010000 0x00000001
core   0: 0x8000b214 (0x0000bfe5) c.j     pc - 8
core   0: 3 0x8000b214 (0xbfe5)
core   0: 0x8000b20c (0x00005f17) auipc   t5, 0x5
core   0: 3 0x8000b20c (0x00005f17) x30 0x8001020c
core   0: 0x8000b210 (0xde3f2a23) sw      gp, -524(t5)
core   0: 3 0x8000b210 (0xde3f2a23) mem 0x80010000 0x00000001
core   0: 0x8000b214 (0x0000bfe5) c.j     pc - 8
core   0: 3 0x8000b214 (0xbfe5)
core   0: 0x8000b20c (0x00005f17) auipc   t5, 0x5
core   0: 3 0x8000b20c (0x00005f17) x30 0x8001020c
core   0: 0x8000b210 (0xde3f2a23) sw      gp, -524(t5)
core   0: 3 0x8000b210 (0xde3f2a23) mem 0x80010000 0x00000001
core   0: 0x8000b214 (0x0000bfe5) c.j     pc - 8
core   0: 3 0x8000b214 (0xbfe5)
core   0: 0x8000b20c (0x00005f17) auipc   t5, 0x5
core   0: 3 0x8000b20c (0x00005f17) x30 0x8001020c
core   0: 0x8000b210 (0xde3f2a23) sw      gp, -524(t5)
core   0: 3 0x8000b210 (0xde3f2a23) mem 0x80010000 0x00000001
core   0: 0x8000b214 (0x0000bfe5) c.j     pc - 8
core   0: 3 0x8000b214 (0xbfe5)
core   0: 0x8000b20c (0x00005f17) auipc   t5, 0x5
core   0: 3 0x8000b20c (0x00005f17) x30 0x8001020c
core   0: 0x8000b210 (0xde3f2a23) sw      gp, -524(t5)
core   0: 3 0x8000b210 (0xde3f2a23) mem 0x80010000 0x00000001
core   0: 0x8000b214 (0x0000bfe5) c.j     pc - 8
core   0: 3 0x8000b214 (0xbfe5)
core   0: 0x8000b20c (0x00005f17) auipc   t5, 0x5
core   0: 3 0x8000b20c (0x00005f17) x30 0x8001020c
core   0: 0x8000b210 (0xde3f2a23) sw      gp, -524(t5)
core   0: 3 0x8000b210 (0xde3f2a23) mem 0x80010000 0x00000001
core   0: 0x8000b214 (0x0000bfe5) c.j     pc - 8
core   0: 3 0x8000b214 (0xbfe5)
core   0: 0x8000b20c (0x00005f17) auipc   t5, 0x5
core   0: 3 0x8000b20c (0x00005f17) x30 0x8001020c
core   0: 0x8000b210 (0xde3f2a23) sw      gp, -524(t5)
core   0: 3 0x8000b210 (0xde3f2a23) mem 0x80010000 0x00000001
core   0: 0x8000b214 (0x0000bfe5) c.j     pc - 8
core   0: 3 0x8000b214 (0xbfe5)
core   0: 0x8000b20c (0x00005f17) auipc   t5, 0x5
core   0: 3 0x8000b20c (0x00005f17) x30 0x8001020c
core   0: 0x8000b210 (0xde3f2a23) sw      gp, -524(t5)
core   0: 3 0x8000b210 (0xde3f2a23) mem 0x80010000 0x00000001
core   0: 0x8000b214 (0x0000bfe5) c.j     pc - 8
core   0: 3 0x8000b214 (0xbfe5)
core   0: 0x8000b20c (0x00005f17) auipc   t5, 0x5
core   0: 3 0x8000b20c (0x00005f17) x30 0x8001020c
core   0: 0x8000b210 (0xde3f2a23) sw      gp, -524(t5)
core   0: 3 0x8000b210 (0xde3f2a23) mem 0x80010000 0x00000001
core   0: 0x8000b214 (0x0000bfe5) c.j     pc - 8
core   0: 3 0x8000b214 (0xbfe5)
core   0: 0x8000b20c (0x00005f17) auipc   t5, 0x5
core   0: 3 0x8000b20c (0x00005f17) x30 0x8001020c
core   0: 0x8000b210 (0xde3f2a23) sw      gp, -524(t5)
core   0: 3 0x8000b210 (0xde3f2a23) mem 0x80010000 0x00000001
core   0: 0x8000b214 (0x0000bfe5) c.j     pc - 8
core   0: 3 0x8000b214 (0xbfe5)
core   0: 0x8000b20c (0x00005f17) auipc   t5, 0x5
core   0: 3 0x8000b20c (0x00005f17) x30 0x8001020c
core   0: 0x8000b210 (0xde3f2a23) sw      gp, -524(t5)
core   0: 3 0x8000b210 (0xde3f2a23) mem 0x80010000 0x00000001
core   0: 0x8000b214 (0x0000bfe5) c.j     pc - 8
core   0: 3 0x8000b214 (0xbfe5)
core   0: 0x8000b20c (0x00005f17) auipc   t5, 0x5
core   0: 3 0x8000b20c (0x00005f17) x30 0x8001020c
core   0: 0x8000b210 (0xde3f2a23) sw      gp, -524(t5)
core   0: 3 0x8000b210 (0xde3f2a23) mem 0x80010000 0x00000001
core   0: 0x8000b214 (0x0000bfe5) c.j     pc - 8
core   0: 3 0x8000b214 (0xbfe5)
core   0: 0x8000b20c (0x00005f17) auipc   t5, 0x5
core   0: 3 0x8000b20c (0x00005f17) x30 0x8001020c
core   0: 0x8000b210 (0xde3f2a23) sw      gp, -524(t5)
core   0: 3 0x8000b210 (0xde3f2a23) mem 0x80010000 0x00000001
core   0: 0x8000b214 (0x0000bfe5) c.j     pc - 8
core   0: 3 0x8000b214 (0xbfe5)
core   0: 0x8000b20c (0x00005f17) auipc   t5, 0x5
core   0: 3 0x8000b20c (0x00005f17) x30 0x8001020c
core   0: 0x8000b210 (0xde3f2a23) sw      gp, -524(t5)
core   0: 3 0x8000b210 (0xde3f2a23) mem 0x80010000 0x00000001
core   0: 0x8000b214 (0x0000bfe5) c.j     pc - 8
core   0: 3 0x8000b214 (0xbfe5)
core   0: 0x8000b20c (0x00005f17) auipc   t5, 0x5
core   0: 3 0x8000b20c (0x00005f17) x30 0x8001020c
core   0: 0x8000b210 (0xde3f2a23) sw      gp, -524(t5)
core   0: 3 0x8000b210 (0xde3f2a23) mem 0x80010000 0x00000001
core   0: 0x8000b214 (0x0000bfe5) c.j     pc - 8
core   0: 3 0x8000b214 (0xbfe5)
core   0: 0x8000b20c (0x00005f17) auipc   t5, 0x5
core   0: 3 0x8000b20c (0x00005f17) x30 0x8001020c
core   0: 0x8000b210 (0xde3f2a23) sw      gp, -524(t5)
core   0: 3 0x8000b210 (0xde3f2a23) mem 0x80010000 0x00000001
core   0: 0x8000b214 (0x0000bfe5) c.j     pc - 8
core   0: 3 0x8000b214 (0xbfe5)
core   0: 0x8000b20c (0x00005f17) auipc   t5, 0x5
core   0: 3 0x8000b20c (0x00005f17) x30 0x8001020c
core   0: 0x8000b210 (0xde3f2a23) sw      gp, -524(t5)
core   0: 3 0x8000b210 (0xde3f2a23) mem 0x80010000 0x00000001
core   0: 0x8000b214 (0x0000bfe5) c.j     pc - 8
core   0: 3 0x8000b214 (0xbfe5)
core   0: 0x8000b20c (0x00005f17) auipc   t5, 0x5
core   0: 3 0x8000b20c (0x00005f17) x30 0x8001020c
core   0: 0x8000b210 (0xde3f2a23) sw      gp, -524(t5)
core   0: 3 0x8000b210 (0xde3f2a23) mem 0x80010000 0x00000001
core   0: 0x8000b214 (0x0000bfe5) c.j     pc - 8
core   0: 3 0x8000b214 (0xbfe5)
core   0: 0x8000b20c (0x00005f17) auipc   t5, 0x5
core   0: 3 0x8000b20c (0x00005f17) x30 0x8001020c
core   0: 0x8000b210 (0xde3f2a23) sw      gp, -524(t5)
core   0: 3 0x8000b210 (0xde3f2a23) mem 0x80010000 0x00000001
core   0: 0x8000b214 (0x0000bfe5) c.j     pc - 8
core   0: 3 0x8000b214 (0xbfe5)
core   0: 0x8000b20c (0x00005f17) auipc   t5, 0x5
core   0: 3 0x8000b20c (0x00005f17) x30 0x8001020c
core   0: 0x8000b210 (0xde3f2a23) sw      gp, -524(t5)
core   0: 3 0x8000b210 (0xde3f2a23) mem 0x80010000 0x00000001
core   0: 0x8000b214 (0x0000bfe5) c.j     pc - 8
core   0: 3 0x8000b214 (0xbfe5)
core   0: 0x8000b20c (0x00005f17) auipc   t5, 0x5
core   0: 3 0x8000b20c (0x00005f17) x30 0x8001020c
core   0: 0x8000b210 (0xde3f2a23) sw      gp, -524(t5)
core   0: 3 0x8000b210 (0xde3f2a23) mem 0x80010000 0x00000001
core   0: 0x8000b214 (0x0000bfe5) c.j     pc - 8
core   0: 3 0x8000b214 (0xbfe5)
core   0: 0x8000b20c (0x00005f17) auipc   t5, 0x5
core   0: 3 0x8000b20c (0x00005f17) x30 0x8001020c
core   0: 0x8000b210 (0xde3f2a23) sw      gp, -524(t5)
core   0: 3 0x8000b210 (0xde3f2a23) mem 0x80010000 0x00000001
core   0: 0x8000b214 (0x0000bfe5) c.j     pc - 8
core   0: 3 0x8000b214 (0xbfe5)
core   0: 0x8000b20c (0x00005f17) auipc   t5, 0x5
core   0: 3 0x8000b20c (0x00005f17) x30 0x8001020c
core   0: 0x8000b210 (0xde3f2a23) sw      gp, -524(t5)
core   0: 3 0x8000b210 (0xde3f2a23) mem 0x80010000 0x00000001
core   0: 0x8000b214 (0x0000bfe5) c.j     pc - 8
core   0: 3 0x8000b214 (0xbfe5)
core   0: 0x8000b20c (0x00005f17) auipc   t5, 0x5
core   0: 3 0x8000b20c (0x00005f17) x30 0x8001020c
core   0: 0x8000b210 (0xde3f2a23) sw      gp, -524(t5)
core   0: 3 0x8000b210 (0xde3f2a23) mem 0x80010000 0x00000001
core   0: 0x8000b214 (0x0000bfe5) c.j     pc - 8
core   0: 3 0x8000b214 (0xbfe5)
core   0: 0x8000b20c (0x00005f17) auipc   t5, 0x5
core   0: 3 0x8000b20c (0x00005f17) x30 0x8001020c
core   0: 0x8000b210 (0xde3f2a23) sw      gp, -524(t5)
core   0: 3 0x8000b210 (0xde3f2a23) mem 0x80010000 0x00000001
core   0: 0x8000b214 (0x0000bfe5) c.j     pc - 8
core   0: 3 0x8000b214 (0xbfe5)
core   0: 0x8000b20c (0x00005f17) auipc   t5, 0x5
core   0: 3 0x8000b20c (0x00005f17) x30 0x8001020c
core   0: 0x8000b210 (0xde3f2a23) sw      gp, -524(t5)
core   0: 3 0x8000b210 (0xde3f2a23) mem 0x80010000 0x00000001
core   0: 0x8000b214 (0x0000bfe5) c.j     pc - 8
core   0: 3 0x8000b214 (0xbfe5)
core   0: 0x8000b20c (0x00005f17) auipc   t5, 0x5
core   0: 3 0x8000b20c (0x00005f17) x30 0x8001020c
core   0: 0x8000b210 (0xde3f2a23) sw      gp, -524(t5)
core   0: 3 0x8000b210 (0xde3f2a23) mem 0x80010000 0x00000001
core   0: 0x8000b214 (0x0000bfe5) c.j     pc - 8
core   0: 3 0x8000b214 (0xbfe5)
core   0: 0x8000b20c (0x00005f17) auipc   t5, 0x5
core   0: 3 0x8000b20c (0x00005f17) x30 0x8001020c
core   0: 0x8000b210 (0xde3f2a23) sw      gp, -524(t5)
core   0: 3 0x8000b210 (0xde3f2a23) mem 0x80010000 0x00000001
core   0: 0x8000b214 (0x0000bfe5) c.j     pc - 8
core   0: 3 0x8000b214 (0xbfe5)
core   0: 0x8000b20c (0x00005f17) auipc   t5, 0x5
core   0: 3 0x8000b20c (0x00005f17) x30 0x8001020c
core   0: 0x8000b210 (0xde3f2a23) sw      gp, -524(t5)
core   0: 3 0x8000b210 (0xde3f2a23) mem 0x80010000 0x00000001
core   0: 0x8000b214 (0x0000bfe5) c.j     pc - 8
core   0: 3 0x8000b214 (0xbfe5)
core   0: 0x8000b20c (0x00005f17) auipc   t5, 0x5
core   0: 3 0x8000b20c (0x00005f17) x30 0x8001020c
core   0: 0x8000b210 (0xde3f2a23) sw      gp, -524(t5)
core   0: 3 0x8000b210 (0xde3f2a23) mem 0x80010000 0x00000001
core   0: 0x8000b214 (0x0000bfe5) c.j     pc - 8
core   0: 3 0x8000b214 (0xbfe5)
core   0: 0x8000b20c (0x00005f17) auipc   t5, 0x5
core   0: 3 0x8000b20c (0x00005f17) x30 0x8001020c
core   0: 0x8000b210 (0xde3f2a23) sw      gp, -524(t5)
core   0: 3 0x8000b210 (0xde3f2a23) mem 0x80010000 0x00000001
core   0: 0x8000b214 (0x0000bfe5) c.j     pc - 8
core   0: 3 0x8000b214 (0xbfe5)
core   0: 0x8000b20c (0x00005f17) auipc   t5, 0x5
core   0: 3 0x8000b20c (0x00005f17) x30 0x8001020c
core   0: 0x8000b210 (0xde3f2a23) sw      gp, -524(t5)
core   0: 3 0x8000b210 (0xde3f2a23) mem 0x80010000 0x00000001
core   0: 0x8000b214 (0x0000bfe5) c.j     pc - 8
core   0: 3 0x8000b214 (0xbfe5)
core   0: 0x8000b20c (0x00005f17) auipc   t5, 0x5
core   0: 3 0x8000b20c (0x00005f17) x30 0x8001020c
core   0: 0x8000b210 (0xde3f2a23) sw      gp, -524(t5)
core   0: 3 0x8000b210 (0xde3f2a23) mem 0x80010000 0x00000001
core   0: 0x8000b214 (0x0000bfe5) c.j     pc - 8
core   0: 3 0x8000b214 (0xbfe5)
core   0: 0x8000b20c (0x00005f17) auipc   t5, 0x5
core   0: 3 0x8000b20c (0x00005f17) x30 0x8001020c
core   0: 0x8000b210 (0xde3f2a23) sw      gp, -524(t5)
core   0: 3 0x8000b210 (0xde3f2a23) mem 0x80010000 0x00000001
core   0: 0x8000b214 (0x0000bfe5) c.j     pc - 8
core   0: 3 0x8000b214 (0xbfe5)
core   0: 0x8000b20c (0x00005f17) auipc   t5, 0x5
core   0: 3 0x8000b20c (0x00005f17) x30 0x8001020c
core   0: 0x8000b210 (0xde3f2a23) sw      gp, -524(t5)
core   0: 3 0x8000b210 (0xde3f2a23) mem 0x80010000 0x00000001
core   0: 0x8000b214 (0x0000bfe5) c.j     pc - 8
core   0: 3 0x8000b214 (0xbfe5)
core   0: 0x8000b20c (0x00005f17) auipc   t5, 0x5
core   0: 3 0x8000b20c (0x00005f17) x30 0x8001020c
core   0: 0x8000b210 (0xde3f2a23) sw      gp, -524(t5)
core   0: 3 0x8000b210 (0xde3f2a23) mem 0x80010000 0x00000001
core   0: 0x8000b214 (0x0000bfe5) c.j     pc - 8
core   0: 3 0x8000b214 (0xbfe5)
core   0: 0x8000b20c (0x00005f17) auipc   t5, 0x5
core   0: 3 0x8000b20c (0x00005f17) x30 0x8001020c
core   0: 0x8000b210 (0xde3f2a23) sw      gp, -524(t5)
core   0: 3 0x8000b210 (0xde3f2a23) mem 0x80010000 0x00000001
core   0: 0x8000b214 (0x0000bfe5) c.j     pc - 8
core   0: 3 0x8000b214 (0xbfe5)
core   0: 0x8000b20c (0x00005f17) auipc   t5, 0x5
core   0: 3 0x8000b20c (0x00005f17) x30 0x8001020c
core   0: 0x8000b210 (0xde3f2a23) sw      gp, -524(t5)
core   0: 3 0x8000b210 (0xde3f2a23) mem 0x80010000 0x00000001
core   0: 0x8000b214 (0x0000bfe5) c.j     pc - 8
core   0: 3 0x8000b214 (0xbfe5)
core   0: 0x8000b20c (0x00005f17) auipc   t5, 0x5
core   0: 3 0x8000b20c (0x00005f17) x30 0x8001020c
core   0: 0x8000b210 (0xde3f2a23) sw      gp, -524(t5)
core   0: 3 0x8000b210 (0xde3f2a23) mem 0x80010000 0x00000001
core   0: 0x8000b214 (0x0000bfe5) c.j     pc - 8
core   0: 3 0x8000b214 (0xbfe5)
core   0: 0x8000b20c (0x00005f17) auipc   t5, 0x5
core   0: 3 0x8000b20c (0x00005f17) x30 0x8001020c
core   0: 0x8000b210 (0xde3f2a23) sw      gp, -524(t5)
core   0: 3 0x8000b210 (0xde3f2a23) mem 0x80010000 0x00000001
core   0: 0x8000b214 (0x0000bfe5) c.j     pc - 8
core   0: 3 0x8000b214 (0xbfe5)
core   0: 0x8000b20c (0x00005f17) auipc   t5, 0x5
core   0: 3 0x8000b20c (0x00005f17) x30 0x8001020c
core   0: 0x8000b210 (0xde3f2a23) sw      gp, -524(t5)
core   0: 3 0x8000b210 (0xde3f2a23) mem 0x80010000 0x00000001
core   0: 0x8000b214 (0x0000bfe5) c.j     pc - 8
core   0: 3 0x8000b214 (0xbfe5)
core   0: 0x8000b20c (0x00005f17) auipc   t5, 0x5
core   0: 3 0x8000b20c (0x00005f17) x30 0x8001020c
core   0: 0x8000b210 (0xde3f2a23) sw      gp, -524(t5)
core   0: 3 0x8000b210 (0xde3f2a23) mem 0x80010000 0x00000001
core   0: 0x8000b214 (0x0000bfe5) c.j     pc - 8
core   0: 3 0x8000b214 (0xbfe5)
core   0: 0x8000b20c (0x00005f17) auipc   t5, 0x5
core   0: 3 0x8000b20c (0x00005f17) x30 0x8001020c
core   0: 0x8000b210 (0xde3f2a23) sw      gp, -524(t5)
core   0: 3 0x8000b210 (0xde3f2a23) mem 0x80010000 0x00000001
core   0: 0x8000b214 (0x0000bfe5) c.j     pc - 8
core   0: 3 0x8000b214 (0xbfe5)
core   0: 0x8000b20c (0x00005f17) auipc   t5, 0x5
core   0: 3 0x8000b20c (0x00005f17) x30 0x8001020c
core   0: 0x8000b210 (0xde3f2a23) sw      gp, -524(t5)
core   0: 3 0x8000b210 (0xde3f2a23) mem 0x80010000 0x00000001
core   0: 0x8000b214 (0x0000bfe5) c.j     pc - 8
core   0: 3 0x8000b214 (0xbfe5)
core   0: 0x8000b20c (0x00005f17) auipc   t5, 0x5
core   0: 3 0x8000b20c (0x00005f17) x30 0x8001020c
core   0: 0x8000b210 (0xde3f2a23) sw      gp, -524(t5)
core   0: 3 0x8000b210 (0xde3f2a23) mem 0x80010000 0x00000001
core   0: 0x8000b214 (0x0000bfe5) c.j     pc - 8
core   0: 3 0x8000b214 (0xbfe5)
core   0: 0x8000b20c (0x00005f17) auipc   t5, 0x5
core   0: 3 0x8000b20c (0x00005f17) x30 0x8001020c
core   0: 0x8000b210 (0xde3f2a23) sw      gp, -524(t5)
core   0: 3 0x8000b210 (0xde3f2a23) mem 0x80010000 0x00000001
core   0: 0x8000b214 (0x0000bfe5) c.j     pc - 8
core   0: 3 0x8000b214 (0xbfe5)
core   0: 0x8000b20c (0x00005f17) auipc   t5, 0x5
core   0: 3 0x8000b20c (0x00005f17) x30 0x8001020c
core   0: 0x8000b210 (0xde3f2a23) sw      gp, -524(t5)
core   0: 3 0x8000b210 (0xde3f2a23) mem 0x80010000 0x00000001
core   0: 0x8000b214 (0x0000bfe5) c.j     pc - 8
core   0: 3 0x8000b214 (0xbfe5)
core   0: 0x8000b20c (0x00005f17) auipc   t5, 0x5
core   0: 3 0x8000b20c (0x00005f17) x30 0x8001020c
core   0: 0x8000b210 (0xde3f2a23) sw      gp, -524(t5)
core   0: 3 0x8000b210 (0xde3f2a23) mem 0x80010000 0x00000001
core   0: 0x8000b214 (0x0000bfe5) c.j     pc - 8
core   0: 3 0x8000b214 (0xbfe5)
core   0: 0x8000b20c (0x00005f17) auipc   t5, 0x5
core   0: 3 0x8000b20c (0x00005f17) x30 0x8001020c
core   0: 0x8000b210 (0xde3f2a23) sw      gp, -524(t5)
core   0: 3 0x8000b210 (0xde3f2a23) mem 0x80010000 0x00000001
core   0: 0x8000b214 (0x0000bfe5) c.j     pc - 8
core   0: 3 0x8000b214 (0xbfe5)
core   0: 0x8000b20c (0x00005f17) auipc   t5, 0x5
core   0: 3 0x8000b20c (0x00005f17) x30 0x8001020c
core   0: 0x8000b210 (0xde3f2a23) sw      gp, -524(t5)
core   0: 3 0x8000b210 (0xde3f2a23) mem 0x80010000 0x00000001
core   0: 0x8000b214 (0x0000bfe5) c.j     pc - 8
core   0: 3 0x8000b214 (0xbfe5)
core   0: 0x8000b20c (0x00005f17) auipc   t5, 0x5
core   0: 3 0x8000b20c (0x00005f17) x30 0x8001020c
core   0: 0x8000b210 (0xde3f2a23) sw      gp, -524(t5)
core   0: 3 0x8000b210 (0xde3f2a23) mem 0x80010000 0x00000001
core   0: 0x8000b214 (0x0000bfe5) c.j     pc - 8
core   0: 3 0x8000b214 (0xbfe5)
core   0: 0x8000b20c (0x00005f17) auipc   t5, 0x5
core   0: 3 0x8000b20c (0x00005f17) x30 0x8001020c
core   0: 0x8000b210 (0xde3f2a23) sw      gp, -524(t5)
core   0: 3 0x8000b210 (0xde3f2a23) mem 0x80010000 0x00000001
core   0: 0x8000b214 (0x0000bfe5) c.j     pc - 8
core   0: 3 0x8000b214 (0xbfe5)
core   0: 0x8000b20c (0x00005f17) auipc   t5, 0x5
core   0: 3 0x8000b20c (0x00005f17) x30 0x8001020c
core   0: 0x8000b210 (0xde3f2a23) sw      gp, -524(t5)
core   0: 3 0x8000b210 (0xde3f2a23) mem 0x80010000 0x00000001
core   0: 0x8000b214 (0x0000bfe5) c.j     pc - 8
core   0: 3 0x8000b214 (0xbfe5)
core   0: 0x8000b20c (0x00005f17) auipc   t5, 0x5
core   0: 3 0x8000b20c (0x00005f17) x30 0x8001020c
core   0: 0x8000b210 (0xde3f2a23) sw      gp, -524(t5)
core   0: 3 0x8000b210 (0xde3f2a23) mem 0x80010000 0x00000001
core   0: 0x8000b214 (0x0000bfe5) c.j     pc - 8
core   0: 3 0x8000b214 (0xbfe5)
core   0: 0x8000b20c (0x00005f17) auipc   t5, 0x5
core   0: 3 0x8000b20c (0x00005f17) x30 0x8001020c
core   0: 0x8000b210 (0xde3f2a23) sw      gp, -524(t5)
core   0: 3 0x8000b210 (0xde3f2a23) mem 0x80010000 0x00000001
core   0: 0x8000b214 (0x0000bfe5) c.j     pc - 8
core   0: 3 0x8000b214 (0xbfe5)
core   0: 0x8000b20c (0x00005f17) auipc   t5, 0x5
core   0: 3 0x8000b20c (0x00005f17) x30 0x8001020c
core   0: 0x8000b210 (0xde3f2a23) sw      gp, -524(t5)
core   0: 3 0x8000b210 (0xde3f2a23) mem 0x80010000 0x00000001
core   0: 0x8000b214 (0x0000bfe5) c.j     pc - 8
core   0: 3 0x8000b214 (0xbfe5)
core   0: 0x8000b20c (0x00005f17) auipc   t5, 0x5
core   0: 3 0x8000b20c (0x00005f17) x30 0x8001020c
core   0: 0x8000b210 (0xde3f2a23) sw      gp, -524(t5)
core   0: 3 0x8000b210 (0xde3f2a23) mem 0x80010000 0x00000001
core   0: 0x8000b214 (0x0000bfe5) c.j     pc - 8
core   0: 3 0x8000b214 (0xbfe5)
core   0: 0x8000b20c (0x00005f17) auipc   t5, 0x5
core   0: 3 0x8000b20c (0x00005f17) x30 0x8001020c
core   0: 0x8000b210 (0xde3f2a23) sw      gp, -524(t5)
core   0: 3 0x8000b210 (0xde3f2a23) mem 0x80010000 0x00000001
core   0: 0x8000b214 (0x0000bfe5) c.j     pc - 8
core   0: 3 0x8000b214 (0xbfe5)
core   0: 0x8000b20c (0x00005f17) auipc   t5, 0x5
core   0: 3 0x8000b20c (0x00005f17) x30 0x8001020c
core   0: 0x8000b210 (0xde3f2a23) sw      gp, -524(t5)
core   0: 3 0x8000b210 (0xde3f2a23) mem 0x80010000 0x00000001
core   0: 0x8000b214 (0x0000bfe5) c.j     pc - 8
core   0: 3 0x8000b214 (0xbfe5)
core   0: 0x8000b20c (0x00005f17) auipc   t5, 0x5
core   0: 3 0x8000b20c (0x00005f17) x30 0x8001020c
core   0: 0x8000b210 (0xde3f2a23) sw      gp, -524(t5)
core   0: 3 0x8000b210 (0xde3f2a23) mem 0x80010000 0x00000001
core   0: 0x8000b214 (0x0000bfe5) c.j     pc - 8
core   0: 3 0x8000b214 (0xbfe5)
core   0: 0x8000b20c (0x00005f17) auipc   t5, 0x5
core   0: 3 0x8000b20c (0x00005f17) x30 0x8001020c
core   0: 0x8000b210 (0xde3f2a23) sw      gp, -524(t5)
core   0: 3 0x8000b210 (0xde3f2a23) mem 0x80010000 0x00000001
core   0: 0x8000b214 (0x0000bfe5) c.j     pc - 8
core   0: 3 0x8000b214 (0xbfe5)
core   0: 0x8000b20c (0x00005f17) auipc   t5, 0x5
core   0: 3 0x8000b20c (0x00005f17) x30 0x8001020c
core   0: 0x8000b210 (0xde3f2a23) sw      gp, -524(t5)
core   0: 3 0x8000b210 (0xde3f2a23) mem 0x80010000 0x00000001
core   0: 0x8000b214 (0x0000bfe5) c.j     pc - 8
core   0: 3 0x8000b214 (0xbfe5)
core   0: 0x8000b20c (0x00005f17) auipc   t5, 0x5
core   0: 3 0x8000b20c (0x00005f17) x30 0x8001020c
core   0: 0x8000b210 (0xde3f2a23) sw      gp, -524(t5)
core   0: 3 0x8000b210 (0xde3f2a23) mem 0x80010000 0x00000001
core   0: 0x8000b214 (0x0000bfe5) c.j     pc - 8
core   0: 3 0x8000b214 (0xbfe5)
core   0: 0x8000b20c (0x00005f17) auipc   t5, 0x5
core   0: 3 0x8000b20c (0x00005f17) x30 0x8001020c
core   0: 0x8000b210 (0xde3f2a23) sw      gp, -524(t5)
core   0: 3 0x8000b210 (0xde3f2a23) mem 0x80010000 0x00000001
core   0: 0x8000b214 (0x0000bfe5) c.j     pc - 8
core   0: 3 0x8000b214 (0xbfe5)
core   0: 0x8000b20c (0x00005f17) auipc   t5, 0x5
core   0: 3 0x8000b20c (0x00005f17) x30 0x8001020c
core   0: 0x8000b210 (0xde3f2a23) sw      gp, -524(t5)
core   0: 3 0x8000b210 (0xde3f2a23) mem 0x80010000 0x00000001
core   0: 0x8000b214 (0x0000bfe5) c.j     pc - 8
core   0: 3 0x8000b214 (0xbfe5)
core   0: 0x8000b20c (0x00005f17) auipc   t5, 0x5
core   0: 3 0x8000b20c (0x00005f17) x30 0x8001020c
core   0: 0x8000b210 (0xde3f2a23) sw      gp, -524(t5)
core   0: 3 0x8000b210 (0xde3f2a23) mem 0x80010000 0x00000001
core   0: 0x8000b214 (0x0000bfe5) c.j     pc - 8
core   0: 3 0x8000b214 (0xbfe5)
core   0: 0x8000b20c (0x00005f17) auipc   t5, 0x5
core   0: 3 0x8000b20c (0x00005f17) x30 0x8001020c
core   0: 0x8000b210 (0xde3f2a23) sw      gp, -524(t5)
core   0: 3 0x8000b210 (0xde3f2a23) mem 0x80010000 0x00000001
core   0: 0x8000b214 (0x0000bfe5) c.j     pc - 8
core   0: 3 0x8000b214 (0xbfe5)
core   0: 0x8000b20c (0x00005f17) auipc   t5, 0x5
core   0: 3 0x8000b20c (0x00005f17) x30 0x8001020c
core   0: 0x8000b210 (0xde3f2a23) sw      gp, -524(t5)
core   0: 3 0x8000b210 (0xde3f2a23) mem 0x80010000 0x00000001
core   0: 0x8000b214 (0x0000bfe5) c.j     pc - 8
core   0: 3 0x8000b214 (0xbfe5)
core   0: 0x8000b20c (0x00005f17) auipc   t5, 0x5
core   0: 3 0x8000b20c (0x00005f17) x30 0x8001020c
core   0: 0x8000b210 (0xde3f2a23) sw      gp, -524(t5)
core   0: 3 0x8000b210 (0xde3f2a23) mem 0x80010000 0x00000001
core   0: 0x8000b214 (0x0000bfe5) c.j     pc - 8
core   0: 3 0x8000b214 (0xbfe5)
core   0: 0x8000b20c (0x00005f17) auipc   t5, 0x5
core   0: 3 0x8000b20c (0x00005f17) x30 0x8001020c
core   0: 0x8000b210 (0xde3f2a23) sw      gp, -524(t5)
core   0: 3 0x8000b210 (0xde3f2a23) mem 0x80010000 0x00000001
core   0: 0x8000b214 (0x0000bfe5) c.j     pc - 8
core   0: 3 0x8000b214 (0xbfe5)
core   0: 0x8000b20c (0x00005f17) auipc   t5, 0x5
core   0: 3 0x8000b20c (0x00005f17) x30 0x8001020c
core   0: 0x8000b210 (0xde3f2a23) sw      gp, -524(t5)
core   0: 3 0x8000b210 (0xde3f2a23) mem 0x80010000 0x00000001
core   0: 0x8000b214 (0x0000bfe5) c.j     pc - 8
core   0: 3 0x8000b214 (0xbfe5)
core   0: 0x8000b20c (0x00005f17) auipc   t5, 0x5
core   0: 3 0x8000b20c (0x00005f17) x30 0x8001020c
core   0: 0x8000b210 (0xde3f2a23) sw      gp, -524(t5)
core   0: 3 0x8000b210 (0xde3f2a23) mem 0x80010000 0x00000001
core   0: 0x8000b214 (0x0000bfe5) c.j     pc - 8
core   0: 3 0x8000b214 (0xbfe5)
core   0: 0x8000b20c (0x00005f17) auipc   t5, 0x5
core   0: 3 0x8000b20c (0x00005f17) x30 0x8001020c
core   0: 0x8000b210 (0xde3f2a23) sw      gp, -524(t5)
core   0: 3 0x8000b210 (0xde3f2a23) mem 0x80010000 0x00000001
core   0: 0x8000b214 (0x0000bfe5) c.j     pc - 8
core   0: 3 0x8000b214 (0xbfe5)
core   0: 0x8000b20c (0x00005f17) auipc   t5, 0x5
core   0: 3 0x8000b20c (0x00005f17) x30 0x8001020c
core   0: 0x8000b210 (0xde3f2a23) sw      gp, -524(t5)
core   0: 3 0x8000b210 (0xde3f2a23) mem 0x80010000 0x00000001
core   0: 0x8000b214 (0x0000bfe5) c.j     pc - 8
core   0: 3 0x8000b214 (0xbfe5)
core   0: 0x8000b20c (0x00005f17) auipc   t5, 0x5
core   0: 3 0x8000b20c (0x00005f17) x30 0x8001020c
core   0: 0x8000b210 (0xde3f2a23) sw      gp, -524(t5)
core   0: 3 0x8000b210 (0xde3f2a23) mem 0x80010000 0x00000001
core   0: 0x8000b214 (0x0000bfe5) c.j     pc - 8
core   0: 3 0x8000b214 (0xbfe5)
core   0: 0x8000b20c (0x00005f17) auipc   t5, 0x5
core   0: 3 0x8000b20c (0x00005f17) x30 0x8001020c
core   0: 0x8000b210 (0xde3f2a23) sw      gp, -524(t5)
core   0: 3 0x8000b210 (0xde3f2a23) mem 0x80010000 0x00000001
core   0: 0x8000b214 (0x0000bfe5) c.j     pc - 8
core   0: 3 0x8000b214 (0xbfe5)
core   0: 0x8000b20c (0x00005f17) auipc   t5, 0x5
core   0: 3 0x8000b20c (0x00005f17) x30 0x8001020c
core   0: 0x8000b210 (0xde3f2a23) sw      gp, -524(t5)
core   0: 3 0x8000b210 (0xde3f2a23) mem 0x80010000 0x00000001
core   0: 0x8000b214 (0x0000bfe5) c.j     pc - 8
core   0: 3 0x8000b214 (0xbfe5)
core   0: 0x8000b20c (0x00005f17) auipc   t5, 0x5
core   0: 3 0x8000b20c (0x00005f17) x30 0x8001020c
core   0: 0x8000b210 (0xde3f2a23) sw      gp, -524(t5)
core   0: 3 0x8000b210 (0xde3f2a23) mem 0x80010000 0x00000001
core   0: 0x8000b214 (0x0000bfe5) c.j     pc - 8
core   0: 3 0x8000b214 (0xbfe5)
core   0: 0x8000b20c (0x00005f17) auipc   t5, 0x5
core   0: 3 0x8000b20c (0x00005f17) x30 0x8001020c
core   0: 0x8000b210 (0xde3f2a23) sw      gp, -524(t5)
core   0: 3 0x8000b210 (0xde3f2a23) mem 0x80010000 0x00000001
core   0: 0x8000b214 (0x0000bfe5) c.j     pc - 8
core   0: 3 0x8000b214 (0xbfe5)
core   0: 0x8000b20c (0x00005f17) auipc   t5, 0x5
core   0: 3 0x8000b20c (0x00005f17) x30 0x8001020c
core   0: 0x8000b210 (0xde3f2a23) sw      gp, -524(t5)
core   0: 3 0x8000b210 (0xde3f2a23) mem 0x80010000 0x00000001
core   0: 0x8000b214 (0x0000bfe5) c.j     pc - 8
core   0: 3 0x8000b214 (0xbfe5)
core   0: 0x8000b20c (0x00005f17) auipc   t5, 0x5
core   0: 3 0x8000b20c (0x00005f17) x30 0x8001020c
core   0: 0x8000b210 (0xde3f2a23) sw      gp, -524(t5)
core   0: 3 0x8000b210 (0xde3f2a23) mem 0x80010000 0x00000001
core   0: 0x8000b214 (0x0000bfe5) c.j     pc - 8
core   0: 3 0x8000b214 (0xbfe5)
core   0: 0x8000b20c (0x00005f17) auipc   t5, 0x5
core   0: 3 0x8000b20c (0x00005f17) x30 0x8001020c
core   0: 0x8000b210 (0xde3f2a23) sw      gp, -524(t5)
core   0: 3 0x8000b210 (0xde3f2a23) mem 0x80010000 0x00000001
core   0: 0x8000b214 (0x0000bfe5) c.j     pc - 8
core   0: 3 0x8000b214 (0xbfe5)
core   0: 0x8000b20c (0x00005f17) auipc   t5, 0x5
core   0: 3 0x8000b20c (0x00005f17) x30 0x8001020c
core   0: 0x8000b210 (0xde3f2a23) sw      gp, -524(t5)
core   0: 3 0x8000b210 (0xde3f2a23) mem 0x80010000 0x00000001
core   0: 0x8000b214 (0x0000bfe5) c.j     pc - 8
core   0: 3 0x8000b214 (0xbfe5)
core   0: 0x8000b20c (0x00005f17) auipc   t5, 0x5
core   0: 3 0x8000b20c (0x00005f17) x30 0x8001020c
core   0: 0x8000b210 (0xde3f2a23) sw      gp, -524(t5)
core   0: 3 0x8000b210 (0xde3f2a23) mem 0x80010000 0x00000001
core   0: 0x8000b214 (0x0000bfe5) c.j     pc - 8
core   0: 3 0x8000b214 (0xbfe5)
core   0: 0x8000b20c (0x00005f17) auipc   t5, 0x5
core   0: 3 0x8000b20c (0x00005f17) x30 0x8001020c
core   0: 0x8000b210 (0xde3f2a23) sw      gp, -524(t5)
core   0: 3 0x8000b210 (0xde3f2a23) mem 0x80010000 0x00000001
core   0: 0x8000b214 (0x0000bfe5) c.j     pc - 8
core   0: 3 0x8000b214 (0xbfe5)
core   0: 0x8000b20c (0x00005f17) auipc   t5, 0x5
core   0: 3 0x8000b20c (0x00005f17) x30 0x8001020c
core   0: 0x8000b210 (0xde3f2a23) sw      gp, -524(t5)
core   0: 3 0x8000b210 (0xde3f2a23) mem 0x80010000 0x00000001
core   0: 0x8000b214 (0x0000bfe5) c.j     pc - 8
core   0: 3 0x8000b214 (0xbfe5)
core   0: 0x8000b20c (0x00005f17) auipc   t5, 0x5
core   0: 3 0x8000b20c (0x00005f17) x30 0x8001020c
core   0: 0x8000b210 (0xde3f2a23) sw      gp, -524(t5)
core   0: 3 0x8000b210 (0xde3f2a23) mem 0x80010000 0x00000001
core   0: 0x8000b214 (0x0000bfe5) c.j     pc - 8
core   0: 3 0x8000b214 (0xbfe5)
core   0: 0x8000b20c (0x00005f17) auipc   t5, 0x5
core   0: 3 0x8000b20c (0x00005f17) x30 0x8001020c
core   0: 0x8000b210 (0xde3f2a23) sw      gp, -524(t5)
core   0: 3 0x8000b210 (0xde3f2a23) mem 0x80010000 0x00000001
core   0: 0x8000b214 (0x0000bfe5) c.j     pc - 8
core   0: 3 0x8000b214 (0xbfe5)
core   0: 0x8000b20c (0x00005f17) auipc   t5, 0x5
core   0: 3 0x8000b20c (0x00005f17) x30 0x8001020c
core   0: 0x8000b210 (0xde3f2a23) sw      gp, -524(t5)
core   0: 3 0x8000b210 (0xde3f2a23) mem 0x80010000 0x00000001
core   0: 0x8000b214 (0x0000bfe5) c.j     pc - 8
core   0: 3 0x8000b214 (0xbfe5)
core   0: 0x8000b20c (0x00005f17) auipc   t5, 0x5
core   0: 3 0x8000b20c (0x00005f17) x30 0x8001020c
core   0: 0x8000b210 (0xde3f2a23) sw      gp, -524(t5)
core   0: 3 0x8000b210 (0xde3f2a23) mem 0x80010000 0x00000001
core   0: 0x8000b214 (0x0000bfe5) c.j     pc - 8
core   0: 3 0x8000b214 (0xbfe5)
core   0: 0x8000b20c (0x00005f17) auipc   t5, 0x5
core   0: 3 0x8000b20c (0x00005f17) x30 0x8001020c
core   0: 0x8000b210 (0xde3f2a23) sw      gp, -524(t5)
core   0: 3 0x8000b210 (0xde3f2a23) mem 0x80010000 0x00000001
core   0: 0x8000b214 (0x0000bfe5) c.j     pc - 8
core   0: 3 0x8000b214 (0xbfe5)
core   0: 0x8000b20c (0x00005f17) auipc   t5, 0x5
core   0: 3 0x8000b20c (0x00005f17) x30 0x8001020c
core   0: 0x8000b210 (0xde3f2a23) sw      gp, -524(t5)
core   0: 3 0x8000b210 (0xde3f2a23) mem 0x80010000 0x00000001
core   0: 0x8000b214 (0x0000bfe5) c.j     pc - 8
core   0: 3 0x8000b214 (0xbfe5)
core   0: 0x8000b20c (0x00005f17) auipc   t5, 0x5
core   0: 3 0x8000b20c (0x00005f17) x30 0x8001020c
core   0: 0x8000b210 (0xde3f2a23) sw      gp, -524(t5)
core   0: 3 0x8000b210 (0xde3f2a23) mem 0x80010000 0x00000001
core   0: 0x8000b214 (0x0000bfe5) c.j     pc - 8
core   0: 3 0x8000b214 (0xbfe5)
core   0: 0x8000b20c (0x00005f17) auipc   t5, 0x5
core   0: 3 0x8000b20c (0x00005f17) x30 0x8001020c
core   0: 0x8000b210 (0xde3f2a23) sw      gp, -524(t5)
core   0: 3 0x8000b210 (0xde3f2a23) mem 0x80010000 0x00000001
core   0: 0x8000b214 (0x0000bfe5) c.j     pc - 8
core   0: 3 0x8000b214 (0xbfe5)
core   0: 0x8000b20c (0x00005f17) auipc   t5, 0x5
core   0: 3 0x8000b20c (0x00005f17) x30 0x8001020c
core   0: 0x8000b210 (0xde3f2a23) sw      gp, -524(t5)
core   0: 3 0x8000b210 (0xde3f2a23) mem 0x80010000 0x00000001
core   0: 0x8000b214 (0x0000bfe5) c.j     pc - 8
core   0: 3 0x8000b214 (0xbfe5)
core   0: 0x8000b20c (0x00005f17) auipc   t5, 0x5
core   0: 3 0x8000b20c (0x00005f17) x30 0x8001020c
core   0: 0x8000b210 (0xde3f2a23) sw      gp, -524(t5)
core   0: 3 0x8000b210 (0xde3f2a23) mem 0x80010000 0x00000001
core   0: 0x8000b214 (0x0000bfe5) c.j     pc - 8
core   0: 3 0x8000b214 (0xbfe5)
core   0: 0x8000b20c (0x00005f17) auipc   t5, 0x5
core   0: 3 0x8000b20c (0x00005f17) x30 0x8001020c
core   0: 0x8000b210 (0xde3f2a23) sw      gp, -524(t5)
core   0: 3 0x8000b210 (0xde3f2a23) mem 0x80010000 0x00000001
core   0: 0x8000b214 (0x0000bfe5) c.j     pc - 8
core   0: 3 0x8000b214 (0xbfe5)
core   0: 0x8000b20c (0x00005f17) auipc   t5, 0x5
core   0: 3 0x8000b20c (0x00005f17) x30 0x8001020c
core   0: 0x8000b210 (0xde3f2a23) sw      gp, -524(t5)
core   0: 3 0x8000b210 (0xde3f2a23) mem 0x80010000 0x00000001
core   0: 0x8000b214 (0x0000bfe5) c.j     pc - 8
core   0: 3 0x8000b214 (0xbfe5)
core   0: 0x8000b20c (0x00005f17) auipc   t5, 0x5
core   0: 3 0x8000b20c (0x00005f17) x30 0x8001020c
core   0: 0x8000b210 (0xde3f2a23) sw      gp, -524(t5)
core   0: 3 0x8000b210 (0xde3f2a23) mem 0x80010000 0x00000001
core   0: 0x8000b214 (0x0000bfe5) c.j     pc - 8
core   0: 3 0x8000b214 (0xbfe5)
core   0: 0x8000b20c (0x00005f17) auipc   t5, 0x5
core   0: 3 0x8000b20c (0x00005f17) x30 0x8001020c
core   0: 0x8000b210 (0xde3f2a23) sw      gp, -524(t5)
core   0: 3 0x8000b210 (0xde3f2a23) mem 0x80010000 0x00000001
core   0: 0x8000b214 (0x0000bfe5) c.j     pc - 8
core   0: 3 0x8000b214 (0xbfe5)
core   0: 0x8000b20c (0x00005f17) auipc   t5, 0x5
core   0: 3 0x8000b20c (0x00005f17) x30 0x8001020c
core   0: 0x8000b210 (0xde3f2a23) sw      gp, -524(t5)
core   0: 3 0x8000b210 (0xde3f2a23) mem 0x80010000 0x00000001
core   0: 0x8000b214 (0x0000bfe5) c.j     pc - 8
core   0: 3 0x8000b214 (0xbfe5)
core   0: 0x8000b20c (0x00005f17) auipc   t5, 0x5
core   0: 3 0x8000b20c (0x00005f17) x30 0x8001020c
core   0: 0x8000b210 (0xde3f2a23) sw      gp, -524(t5)
core   0: 3 0x8000b210 (0xde3f2a23) mem 0x80010000 0x00000001
core   0: 0x8000b214 (0x0000bfe5) c.j     pc - 8
core   0: 3 0x8000b214 (0xbfe5)
core   0: 0x8000b20c (0x00005f17) auipc   t5, 0x5
core   0: 3 0x8000b20c (0x00005f17) x30 0x8001020c
core   0: 0x8000b210 (0xde3f2a23) sw      gp, -524(t5)
core   0: 3 0x8000b210 (0xde3f2a23) mem 0x80010000 0x00000001
core   0: 0x8000b214 (0x0000bfe5) c.j     pc - 8
core   0: 3 0x8000b214 (0xbfe5)
core   0: 0x8000b20c (0x00005f17) auipc   t5, 0x5
core   0: 3 0x8000b20c (0x00005f17) x30 0x8001020c
core   0: 0x8000b210 (0xde3f2a23) sw      gp, -524(t5)
core   0: 3 0x8000b210 (0xde3f2a23) mem 0x80010000 0x00000001
core   0: 0x8000b214 (0x0000bfe5) c.j     pc - 8
core   0: 3 0x8000b214 (0xbfe5)
core   0: 0x8000b20c (0x00005f17) auipc   t5, 0x5
core   0: 3 0x8000b20c (0x00005f17) x30 0x8001020c
core   0: 0x8000b210 (0xde3f2a23) sw      gp, -524(t5)
core   0: 3 0x8000b210 (0xde3f2a23) mem 0x80010000 0x00000001
core   0: 0x8000b214 (0x0000bfe5) c.j     pc - 8
core   0: 3 0x8000b214 (0xbfe5)
core   0: 0x8000b20c (0x00005f17) auipc   t5, 0x5
core   0: 3 0x8000b20c (0x00005f17) x30 0x8001020c
core   0: 0x8000b210 (0xde3f2a23) sw      gp, -524(t5)
core   0: 3 0x8000b210 (0xde3f2a23) mem 0x80010000 0x00000001
core   0: 0x8000b214 (0x0000bfe5) c.j     pc - 8
core   0: 3 0x8000b214 (0xbfe5)
core   0: 0x8000b20c (0x00005f17) auipc   t5, 0x5
core   0: 3 0x8000b20c (0x00005f17) x30 0x8001020c
core   0: 0x8000b210 (0xde3f2a23) sw      gp, -524(t5)
core   0: 3 0x8000b210 (0xde3f2a23) mem 0x80010000 0x00000001
core   0: 0x8000b214 (0x0000bfe5) c.j     pc - 8
core   0: 3 0x8000b214 (0xbfe5)
core   0: 0x8000b20c (0x00005f17) auipc   t5, 0x5
core   0: 3 0x8000b20c (0x00005f17) x30 0x8001020c
core   0: 0x8000b210 (0xde3f2a23) sw      gp, -524(t5)
core   0: 3 0x8000b210 (0xde3f2a23) mem 0x80010000 0x00000001
core   0: 0x8000b214 (0x0000bfe5) c.j     pc - 8
core   0: 3 0x8000b214 (0xbfe5)
core   0: 0x8000b20c (0x00005f17) auipc   t5, 0x5
core   0: 3 0x8000b20c (0x00005f17) x30 0x8001020c
core   0: 0x8000b210 (0xde3f2a23) sw      gp, -524(t5)
core   0: 3 0x8000b210 (0xde3f2a23) mem 0x80010000 0x00000001
core   0: 0x8000b214 (0x0000bfe5) c.j     pc - 8
core   0: 3 0x8000b214 (0xbfe5)
core   0: 0x8000b20c (0x00005f17) auipc   t5, 0x5
core   0: 3 0x8000b20c (0x00005f17) x30 0x8001020c
core   0: 0x8000b210 (0xde3f2a23) sw      gp, -524(t5)
core   0: 3 0x8000b210 (0xde3f2a23) mem 0x80010000 0x00000001
core   0: 0x8000b214 (0x0000bfe5) c.j     pc - 8
core   0: 3 0x8000b214 (0xbfe5)
core   0: 0x8000b20c (0x00005f17) auipc   t5, 0x5
core   0: 3 0x8000b20c (0x00005f17) x30 0x8001020c
core   0: 0x8000b210 (0xde3f2a23) sw      gp, -524(t5)
core   0: 3 0x8000b210 (0xde3f2a23) mem 0x80010000 0x00000001
core   0: 0x8000b214 (0x0000bfe5) c.j     pc - 8
core   0: 3 0x8000b214 (0xbfe5)
core   0: 0x8000b20c (0x00005f17) auipc   t5, 0x5
core   0: 3 0x8000b20c (0x00005f17) x30 0x8001020c
core   0: 0x8000b210 (0xde3f2a23) sw      gp, -524(t5)
core   0: 3 0x8000b210 (0xde3f2a23) mem 0x80010000 0x00000001
core   0: 0x8000b214 (0x0000bfe5) c.j     pc - 8
core   0: 3 0x8000b214 (0xbfe5)
core   0: 0x8000b20c (0x00005f17) auipc   t5, 0x5
core   0: 3 0x8000b20c (0x00005f17) x30 0x8001020c
core   0: 0x8000b210 (0xde3f2a23) sw      gp, -524(t5)
core   0: 3 0x8000b210 (0xde3f2a23) mem 0x80010000 0x00000001
core   0: 0x8000b214 (0x0000bfe5) c.j     pc - 8
core   0: 3 0x8000b214 (0xbfe5)
core   0: 0x8000b20c (0x00005f17) auipc   t5, 0x5
core   0: 3 0x8000b20c (0x00005f17) x30 0x8001020c
core   0: 0x8000b210 (0xde3f2a23) sw      gp, -524(t5)
core   0: 3 0x8000b210 (0xde3f2a23) mem 0x80010000 0x00000001
core   0: 0x8000b214 (0x0000bfe5) c.j     pc - 8
core   0: 3 0x8000b214 (0xbfe5)
core   0: 0x8000b20c (0x00005f17) auipc   t5, 0x5
core   0: 3 0x8000b20c (0x00005f17) x30 0x8001020c
core   0: 0x8000b210 (0xde3f2a23) sw      gp, -524(t5)
core   0: 3 0x8000b210 (0xde3f2a23) mem 0x80010000 0x00000001
core   0: 0x8000b214 (0x0000bfe5) c.j     pc - 8
core   0: 3 0x8000b214 (0xbfe5)
core   0: 0x8000b20c (0x00005f17) auipc   t5, 0x5
core   0: 3 0x8000b20c (0x00005f17) x30 0x8001020c
core   0: 0x8000b210 (0xde3f2a23) sw      gp, -524(t5)
core   0: 3 0x8000b210 (0xde3f2a23) mem 0x80010000 0x00000001
core   0: 0x8000b214 (0x0000bfe5) c.j     pc - 8
core   0: 3 0x8000b214 (0xbfe5)
core   0: 0x8000b20c (0x00005f17) auipc   t5, 0x5
core   0: 3 0x8000b20c (0x00005f17) x30 0x8001020c
core   0: 0x8000b210 (0xde3f2a23) sw      gp, -524(t5)
core   0: 3 0x8000b210 (0xde3f2a23) mem 0x80010000 0x00000001
core   0: 0x8000b214 (0x0000bfe5) c.j     pc - 8
core   0: 3 0x8000b214 (0xbfe5)
core   0: 0x8000b20c (0x00005f17) auipc   t5, 0x5
core   0: 3 0x8000b20c (0x00005f17) x30 0x8001020c
core   0: 0x8000b210 (0xde3f2a23) sw      gp, -524(t5)
core   0: 3 0x8000b210 (0xde3f2a23) mem 0x80010000 0x00000001
core   0: 0x8000b214 (0x0000bfe5) c.j     pc - 8
core   0: 3 0x8000b214 (0xbfe5)
core   0: 0x8000b20c (0x00005f17) auipc   t5, 0x5
core   0: 3 0x8000b20c (0x00005f17) x30 0x8001020c
core   0: 0x8000b210 (0xde3f2a23) sw      gp, -524(t5)
core   0: 3 0x8000b210 (0xde3f2a23) mem 0x80010000 0x00000001
core   0: 0x8000b214 (0x0000bfe5) c.j     pc - 8
core   0: 3 0x8000b214 (0xbfe5)
core   0: 0x8000b20c (0x00005f17) auipc   t5, 0x5
core   0: 3 0x8000b20c (0x00005f17) x30 0x8001020c
core   0: 0x8000b210 (0xde3f2a23) sw      gp, -524(t5)
core   0: 3 0x8000b210 (0xde3f2a23) mem 0x80010000 0x00000001
core   0: 0x8000b214 (0x0000bfe5) c.j     pc - 8
core   0: 3 0x8000b214 (0xbfe5)
core   0: 0x8000b20c (0x00005f17) auipc   t5, 0x5
core   0: 3 0x8000b20c (0x00005f17) x30 0x8001020c
core   0: 0x8000b210 (0xde3f2a23) sw      gp, -524(t5)
core   0: 3 0x8000b210 (0xde3f2a23) mem 0x80010000 0x00000001
core   0: 0x8000b214 (0x0000bfe5) c.j     pc - 8
core   0: 3 0x8000b214 (0xbfe5)
core   0: 0x8000b20c (0x00005f17) auipc   t5, 0x5
core   0: 3 0x8000b20c (0x00005f17) x30 0x8001020c
core   0: 0x8000b210 (0xde3f2a23) sw      gp, -524(t5)
core   0: 3 0x8000b210 (0xde3f2a23) mem 0x80010000 0x00000001
core   0: 0x8000b214 (0x0000bfe5) c.j     pc - 8
core   0: 3 0x8000b214 (0xbfe5)
core   0: 0x8000b20c (0x00005f17) auipc   t5, 0x5
core   0: 3 0x8000b20c (0x00005f17) x30 0x8001020c
core   0: 0x8000b210 (0xde3f2a23) sw      gp, -524(t5)
core   0: 3 0x8000b210 (0xde3f2a23) mem 0x80010000 0x00000001
core   0: 0x8000b214 (0x0000bfe5) c.j     pc - 8
core   0: 3 0x8000b214 (0xbfe5)
core   0: 0x8000b20c (0x00005f17) auipc   t5, 0x5
core   0: 3 0x8000b20c (0x00005f17) x30 0x8001020c
core   0: 0x8000b210 (0xde3f2a23) sw      gp, -524(t5)
core   0: 3 0x8000b210 (0xde3f2a23) mem 0x80010000 0x00000001
core   0: 0x8000b214 (0x0000bfe5) c.j     pc - 8
core   0: 3 0x8000b214 (0xbfe5)
core   0: 0x8000b20c (0x00005f17) auipc   t5, 0x5
core   0: 3 0x8000b20c (0x00005f17) x30 0x8001020c
core   0: 0x8000b210 (0xde3f2a23) sw      gp, -524(t5)
core   0: 3 0x8000b210 (0xde3f2a23) mem 0x80010000 0x00000001
core   0: 0x8000b214 (0x0000bfe5) c.j     pc - 8
core   0: 3 0x8000b214 (0xbfe5)
core   0: 0x8000b20c (0x00005f17) auipc   t5, 0x5
core   0: 3 0x8000b20c (0x00005f17) x30 0x8001020c
core   0: 0x8000b210 (0xde3f2a23) sw      gp, -524(t5)
core   0: 3 0x8000b210 (0xde3f2a23) mem 0x80010000 0x00000001
core   0: 0x8000b214 (0x0000bfe5) c.j     pc - 8
core   0: 3 0x8000b214 (0xbfe5)
core   0: 0x8000b20c (0x00005f17) auipc   t5, 0x5
core   0: 3 0x8000b20c (0x00005f17) x30 0x8001020c
core   0: 0x8000b210 (0xde3f2a23) sw      gp, -524(t5)
core   0: 3 0x8000b210 (0xde3f2a23) mem 0x80010000 0x00000001
core   0: 0x8000b214 (0x0000bfe5) c.j     pc - 8
core   0: 3 0x8000b214 (0xbfe5)
core   0: 0x8000b20c (0x00005f17) auipc   t5, 0x5
core   0: 3 0x8000b20c (0x00005f17) x30 0x8001020c
core   0: 0x8000b210 (0xde3f2a23) sw      gp, -524(t5)
core   0: 3 0x8000b210 (0xde3f2a23) mem 0x80010000 0x00000001
core   0: 0x8000b214 (0x0000bfe5) c.j     pc - 8
core   0: 3 0x8000b214 (0xbfe5)
core   0: 0x8000b20c (0x00005f17) auipc   t5, 0x5
core   0: 3 0x8000b20c (0x00005f17) x30 0x8001020c
core   0: 0x8000b210 (0xde3f2a23) sw      gp, -524(t5)
core   0: 3 0x8000b210 (0xde3f2a23) mem 0x80010000 0x00000001
core   0: 0x8000b214 (0x0000bfe5) c.j     pc - 8
core   0: 3 0x8000b214 (0xbfe5)
core   0: 0x8000b20c (0x00005f17) auipc   t5, 0x5
core   0: 3 0x8000b20c (0x00005f17) x30 0x8001020c
core   0: 0x8000b210 (0xde3f2a23) sw      gp, -524(t5)
core   0: 3 0x8000b210 (0xde3f2a23) mem 0x80010000 0x00000001
core   0: 0x8000b214 (0x0000bfe5) c.j     pc - 8
core   0: 3 0x8000b214 (0xbfe5)
core   0: 0x8000b20c (0x00005f17) auipc   t5, 0x5
core   0: 3 0x8000b20c (0x00005f17) x30 0x8001020c
core   0: 0x8000b210 (0xde3f2a23) sw      gp, -524(t5)
core   0: 3 0x8000b210 (0xde3f2a23) mem 0x80010000 0x00000001
core   0: 0x8000b214 (0x0000bfe5) c.j     pc - 8
core   0: 3 0x8000b214 (0xbfe5)
core   0: 0x8000b20c (0x00005f17) auipc   t5, 0x5
core   0: 3 0x8000b20c (0x00005f17) x30 0x8001020c
core   0: 0x8000b210 (0xde3f2a23) sw      gp, -524(t5)
core   0: 3 0x8000b210 (0xde3f2a23) mem 0x80010000 0x00000001
core   0: 0x8000b214 (0x0000bfe5) c.j     pc - 8
core   0: 3 0x8000b214 (0xbfe5)
core   0: 0x8000b20c (0x00005f17) auipc   t5, 0x5
core   0: 3 0x8000b20c (0x00005f17) x30 0x8001020c
core   0: 0x8000b210 (0xde3f2a23) sw      gp, -524(t5)
core   0: 3 0x8000b210 (0xde3f2a23) mem 0x80010000 0x00000001
core   0: 0x8000b214 (0x0000bfe5) c.j     pc - 8
core   0: 3 0x8000b214 (0xbfe5)
core   0: 0x8000b20c (0x00005f17) auipc   t5, 0x5
core   0: 3 0x8000b20c (0x00005f17) x30 0x8001020c
core   0: 0x8000b210 (0xde3f2a23) sw      gp, -524(t5)
core   0: 3 0x8000b210 (0xde3f2a23) mem 0x80010000 0x00000001
core   0: 0x8000b214 (0x0000bfe5) c.j     pc - 8
core   0: 3 0x8000b214 (0xbfe5)
core   0: 0x8000b20c (0x00005f17) auipc   t5, 0x5
core   0: 3 0x8000b20c (0x00005f17) x30 0x8001020c
core   0: 0x8000b210 (0xde3f2a23) sw      gp, -524(t5)
core   0: 3 0x8000b210 (0xde3f2a23) mem 0x80010000 0x00000001
core   0: 0x8000b214 (0x0000bfe5) c.j     pc - 8
core   0: 3 0x8000b214 (0xbfe5)
core   0: 0x8000b20c (0x00005f17) auipc   t5, 0x5
core   0: 3 0x8000b20c (0x00005f17) x30 0x8001020c
core   0: 0x8000b210 (0xde3f2a23) sw      gp, -524(t5)
core   0: 3 0x8000b210 (0xde3f2a23) mem 0x80010000 0x00000001
core   0: 0x8000b214 (0x0000bfe5) c.j     pc - 8
core   0: 3 0x8000b214 (0xbfe5)
core   0: 0x8000b20c (0x00005f17) auipc   t5, 0x5
core   0: 3 0x8000b20c (0x00005f17) x30 0x8001020c
core   0: 0x8000b210 (0xde3f2a23) sw      gp, -524(t5)
core   0: 3 0x8000b210 (0xde3f2a23) mem 0x80010000 0x00000001
core   0: 0x8000b214 (0x0000bfe5) c.j     pc - 8
core   0: 3 0x8000b214 (0xbfe5)
core   0: 0x8000b20c (0x00005f17) auipc   t5, 0x5
core   0: 3 0x8000b20c (0x00005f17) x30 0x8001020c
core   0: 0x8000b210 (0xde3f2a23) sw      gp, -524(t5)
core   0: 3 0x8000b210 (0xde3f2a23) mem 0x80010000 0x00000001
core   0: 0x8000b214 (0x0000bfe5) c.j     pc - 8
core   0: 3 0x8000b214 (0xbfe5)
core   0: 0x8000b20c (0x00005f17) auipc   t5, 0x5
core   0: 3 0x8000b20c (0x00005f17) x30 0x8001020c
core   0: 0x8000b210 (0xde3f2a23) sw      gp, -524(t5)
core   0: 3 0x8000b210 (0xde3f2a23) mem 0x80010000 0x00000001
core   0: 0x8000b214 (0x0000bfe5) c.j     pc - 8
core   0: 3 0x8000b214 (0xbfe5)
core   0: 0x8000b20c (0x00005f17) auipc   t5, 0x5
core   0: 3 0x8000b20c (0x00005f17) x30 0x8001020c
core   0: 0x8000b210 (0xde3f2a23) sw      gp, -524(t5)
core   0: 3 0x8000b210 (0xde3f2a23) mem 0x80010000 0x00000001
core   0: 0x8000b214 (0x0000bfe5) c.j     pc - 8
core   0: 3 0x8000b214 (0xbfe5)
core   0: 0x8000b20c (0x00005f17) auipc   t5, 0x5
core   0: 3 0x8000b20c (0x00005f17) x30 0x8001020c
core   0: 0x8000b210 (0xde3f2a23) sw      gp, -524(t5)
core   0: 3 0x8000b210 (0xde3f2a23) mem 0x80010000 0x00000001
core   0: 0x8000b214 (0x0000bfe5) c.j     pc - 8
core   0: 3 0x8000b214 (0xbfe5)
core   0: 0x8000b20c (0x00005f17) auipc   t5, 0x5
core   0: 3 0x8000b20c (0x00005f17) x30 0x8001020c
core   0: 0x8000b210 (0xde3f2a23) sw      gp, -524(t5)
core   0: 3 0x8000b210 (0xde3f2a23) mem 0x80010000 0x00000001
core   0: 0x8000b214 (0x0000bfe5) c.j     pc - 8
core   0: 3 0x8000b214 (0xbfe5)
core   0: 0x8000b20c (0x00005f17) auipc   t5, 0x5
core   0: 3 0x8000b20c (0x00005f17) x30 0x8001020c
core   0: 0x8000b210 (0xde3f2a23) sw      gp, -524(t5)
core   0: 3 0x8000b210 (0xde3f2a23) mem 0x80010000 0x00000001
core   0: 0x8000b214 (0x0000bfe5) c.j     pc - 8
core   0: 3 0x8000b214 (0xbfe5)
core   0: 0x8000b20c (0x00005f17) auipc   t5, 0x5
core   0: 3 0x8000b20c (0x00005f17) x30 0x8001020c
core   0: 0x8000b210 (0xde3f2a23) sw      gp, -524(t5)
core   0: 3 0x8000b210 (0xde3f2a23) mem 0x80010000 0x00000001
core   0: 0x8000b214 (0x0000bfe5) c.j     pc - 8
core   0: 3 0x8000b214 (0xbfe5)
core   0: 0x8000b20c (0x00005f17) auipc   t5, 0x5
core   0: 3 0x8000b20c (0x00005f17) x30 0x8001020c
core   0: 0x8000b210 (0xde3f2a23) sw      gp, -524(t5)
core   0: 3 0x8000b210 (0xde3f2a23) mem 0x80010000 0x00000001
core   0: 0x8000b214 (0x0000bfe5) c.j     pc - 8
core   0: 3 0x8000b214 (0xbfe5)
core   0: 0x8000b20c (0x00005f17) auipc   t5, 0x5
core   0: 3 0x8000b20c (0x00005f17) x30 0x8001020c
core   0: 0x8000b210 (0xde3f2a23) sw      gp, -524(t5)
core   0: 3 0x8000b210 (0xde3f2a23) mem 0x80010000 0x00000001
core   0: 0x8000b214 (0x0000bfe5) c.j     pc - 8
core   0: 3 0x8000b214 (0xbfe5)
core   0: 0x8000b20c (0x00005f17) auipc   t5, 0x5
core   0: 3 0x8000b20c (0x00005f17) x30 0x8001020c
core   0: 0x8000b210 (0xde3f2a23) sw      gp, -524(t5)
core   0: 3 0x8000b210 (0xde3f2a23) mem 0x80010000 0x00000001
core   0: 0x8000b214 (0x0000bfe5) c.j     pc - 8
core   0: 3 0x8000b214 (0xbfe5)
core   0: 0x8000b20c (0x00005f17) auipc   t5, 0x5
core   0: 3 0x8000b20c (0x00005f17) x30 0x8001020c
core   0: 0x8000b210 (0xde3f2a23) sw      gp, -524(t5)
core   0: 3 0x8000b210 (0xde3f2a23) mem 0x80010000 0x00000001
core   0: 0x8000b214 (0x0000bfe5) c.j     pc - 8
core   0: 3 0x8000b214 (0xbfe5)
core   0: 0x8000b20c (0x00005f17) auipc   t5, 0x5
core   0: 3 0x8000b20c (0x00005f17) x30 0x8001020c
core   0: 0x8000b210 (0xde3f2a23) sw      gp, -524(t5)
core   0: 3 0x8000b210 (0xde3f2a23) mem 0x80010000 0x00000001
core   0: 0x8000b214 (0x0000bfe5) c.j     pc - 8
core   0: 3 0x8000b214 (0xbfe5)
core   0: 0x8000b20c (0x00005f17) auipc   t5, 0x5
core   0: 3 0x8000b20c (0x00005f17) x30 0x8001020c
core   0: 0x8000b210 (0xde3f2a23) sw      gp, -524(t5)
core   0: 3 0x8000b210 (0xde3f2a23) mem 0x80010000 0x00000001
core   0: 0x8000b214 (0x0000bfe5) c.j     pc - 8
core   0: 3 0x8000b214 (0xbfe5)
core   0: 0x8000b20c (0x00005f17) auipc   t5, 0x5
core   0: 3 0x8000b20c (0x00005f17) x30 0x8001020c
core   0: 0x8000b210 (0xde3f2a23) sw      gp, -524(t5)
core   0: 3 0x8000b210 (0xde3f2a23) mem 0x80010000 0x00000001
core   0: 0x8000b214 (0x0000bfe5) c.j     pc - 8
core   0: 3 0x8000b214 (0xbfe5)
core   0: 0x8000b20c (0x00005f17) auipc   t5, 0x5
core   0: 3 0x8000b20c (0x00005f17) x30 0x8001020c
core   0: 0x8000b210 (0xde3f2a23) sw      gp, -524(t5)
core   0: 3 0x8000b210 (0xde3f2a23) mem 0x80010000 0x00000001
core   0: 0x8000b214 (0x0000bfe5) c.j     pc - 8
core   0: 3 0x8000b214 (0xbfe5)
core   0: 0x8000b20c (0x00005f17) auipc   t5, 0x5
core   0: 3 0x8000b20c (0x00005f17) x30 0x8001020c
core   0: 0x8000b210 (0xde3f2a23) sw      gp, -524(t5)
core   0: 3 0x8000b210 (0xde3f2a23) mem 0x80010000 0x00000001
core   0: 0x8000b214 (0x0000bfe5) c.j     pc - 8
core   0: 3 0x8000b214 (0xbfe5)
core   0: 0x8000b20c (0x00005f17) auipc   t5, 0x5
core   0: 3 0x8000b20c (0x00005f17) x30 0x8001020c
core   0: 0x8000b210 (0xde3f2a23) sw      gp, -524(t5)
core   0: 3 0x8000b210 (0xde3f2a23) mem 0x80010000 0x00000001
core   0: 0x8000b214 (0x0000bfe5) c.j     pc - 8
core   0: 3 0x8000b214 (0xbfe5)
core   0: 0x8000b20c (0x00005f17) auipc   t5, 0x5
core   0: 3 0x8000b20c (0x00005f17) x30 0x8001020c
core   0: 0x8000b210 (0xde3f2a23) sw      gp, -524(t5)
core   0: 3 0x8000b210 (0xde3f2a23) mem 0x80010000 0x00000001
core   0: 0x8000b214 (0x0000bfe5) c.j     pc - 8
core   0: 3 0x8000b214 (0xbfe5)
core   0: 0x8000b20c (0x00005f17) auipc   t5, 0x5
core   0: 3 0x8000b20c (0x00005f17) x30 0x8001020c
core   0: 0x8000b210 (0xde3f2a23) sw      gp, -524(t5)
core   0: 3 0x8000b210 (0xde3f2a23) mem 0x80010000 0x00000001
core   0: 0x8000b214 (0x0000bfe5) c.j     pc - 8
core   0: 3 0x8000b214 (0xbfe5)
core   0: 0x8000b20c (0x00005f17) auipc   t5, 0x5
core   0: 3 0x8000b20c (0x00005f17) x30 0x8001020c
core   0: 0x8000b210 (0xde3f2a23) sw      gp, -524(t5)
core   0: 3 0x8000b210 (0xde3f2a23) mem 0x80010000 0x00000001
core   0: 0x8000b214 (0x0000bfe5) c.j     pc - 8
core   0: 3 0x8000b214 (0xbfe5)
core   0: 0x8000b20c (0x00005f17) auipc   t5, 0x5
core   0: 3 0x8000b20c (0x00005f17) x30 0x8001020c
core   0: 0x8000b210 (0xde3f2a23) sw      gp, -524(t5)
core   0: 3 0x8000b210 (0xde3f2a23) mem 0x80010000 0x00000001
core   0: 0x8000b214 (0x0000bfe5) c.j     pc - 8
core   0: 3 0x8000b214 (0xbfe5)
core   0: 0x8000b20c (0x00005f17) auipc   t5, 0x5
core   0: 3 0x8000b20c (0x00005f17) x30 0x8001020c
core   0: 0x8000b210 (0xde3f2a23) sw      gp, -524(t5)
core   0: 3 0x8000b210 (0xde3f2a23) mem 0x80010000 0x00000001
core   0: 0x8000b214 (0x0000bfe5) c.j     pc - 8
core   0: 3 0x8000b214 (0xbfe5)
core   0: 0x8000b20c (0x00005f17) auipc   t5, 0x5
core   0: 3 0x8000b20c (0x00005f17) x30 0x8001020c
core   0: 0x8000b210 (0xde3f2a23) sw      gp, -524(t5)
core   0: 3 0x8000b210 (0xde3f2a23) mem 0x80010000 0x00000001
core   0: 0x8000b214 (0x0000bfe5) c.j     pc - 8
core   0: 3 0x8000b214 (0xbfe5)
core   0: 0x8000b20c (0x00005f17) auipc   t5, 0x5
core   0: 3 0x8000b20c (0x00005f17) x30 0x8001020c
core   0: 0x8000b210 (0xde3f2a23) sw      gp, -524(t5)
core   0: 3 0x8000b210 (0xde3f2a23) mem 0x80010000 0x00000001
core   0: 0x8000b214 (0x0000bfe5) c.j     pc - 8
core   0: 3 0x8000b214 (0xbfe5)
core   0: 0x8000b20c (0x00005f17) auipc   t5, 0x5
core   0: 3 0x8000b20c (0x00005f17) x30 0x8001020c
core   0: 0x8000b210 (0xde3f2a23) sw      gp, -524(t5)
core   0: 3 0x8000b210 (0xde3f2a23) mem 0x80010000 0x00000001
core   0: 0x8000b214 (0x0000bfe5) c.j     pc - 8
core   0: 3 0x8000b214 (0xbfe5)
core   0: 0x8000b20c (0x00005f17) auipc   t5, 0x5
core   0: 3 0x8000b20c (0x00005f17) x30 0x8001020c
core   0: 0x8000b210 (0xde3f2a23) sw      gp, -524(t5)
core   0: 3 0x8000b210 (0xde3f2a23) mem 0x80010000 0x00000001
core   0: 0x8000b214 (0x0000bfe5) c.j     pc - 8
core   0: 3 0x8000b214 (0xbfe5)
core   0: 0x8000b20c (0x00005f17) auipc   t5, 0x5
core   0: 3 0x8000b20c (0x00005f17) x30 0x8001020c
core   0: 0x8000b210 (0xde3f2a23) sw      gp, -524(t5)
core   0: 3 0x8000b210 (0xde3f2a23) mem 0x80010000 0x00000001
core   0: 0x8000b214 (0x0000bfe5) c.j     pc - 8
core   0: 3 0x8000b214 (0xbfe5)
core   0: 0x8000b20c (0x00005f17) auipc   t5, 0x5
core   0: 3 0x8000b20c (0x00005f17) x30 0x8001020c
core   0: 0x8000b210 (0xde3f2a23) sw      gp, -524(t5)
core   0: 3 0x8000b210 (0xde3f2a23) mem 0x80010000 0x00000001
core   0: 0x8000b214 (0x0000bfe5) c.j     pc - 8
core   0: 3 0x8000b214 (0xbfe5)
core   0: 0x8000b20c (0x00005f17) auipc   t5, 0x5
core   0: 3 0x8000b20c (0x00005f17) x30 0x8001020c
core   0: 0x8000b210 (0xde3f2a23) sw      gp, -524(t5)
core   0: 3 0x8000b210 (0xde3f2a23) mem 0x80010000 0x00000001
core   0: 0x8000b214 (0x0000bfe5) c.j     pc - 8
core   0: 3 0x8000b214 (0xbfe5)
core   0: 0x8000b20c (0x00005f17) auipc   t5, 0x5
core   0: 3 0x8000b20c (0x00005f17) x30 0x8001020c
core   0: 0x8000b210 (0xde3f2a23) sw      gp, -524(t5)
core   0: 3 0x8000b210 (0xde3f2a23) mem 0x80010000 0x00000001
core   0: 0x8000b214 (0x0000bfe5) c.j     pc - 8
core   0: 3 0x8000b214 (0xbfe5)
core   0: 0x8000b20c (0x00005f17) auipc   t5, 0x5
core   0: 3 0x8000b20c (0x00005f17) x30 0x8001020c
core   0: 0x8000b210 (0xde3f2a23) sw      gp, -524(t5)
core   0: 3 0x8000b210 (0xde3f2a23) mem 0x80010000 0x00000001
core   0: 0x8000b214 (0x0000bfe5) c.j     pc - 8
core   0: 3 0x8000b214 (0xbfe5)
core   0: 0x8000b20c (0x00005f17) auipc   t5, 0x5
core   0: 3 0x8000b20c (0x00005f17) x30 0x8001020c
core   0: 0x8000b210 (0xde3f2a23) sw      gp, -524(t5)
core   0: 3 0x8000b210 (0xde3f2a23) mem 0x80010000 0x00000001
core   0: 0x8000b214 (0x0000bfe5) c.j     pc - 8
core   0: 3 0x8000b214 (0xbfe5)
core   0: 0x8000b20c (0x00005f17) auipc   t5, 0x5
core   0: 3 0x8000b20c (0x00005f17) x30 0x8001020c
core   0: 0x8000b210 (0xde3f2a23) sw      gp, -524(t5)
core   0: 3 0x8000b210 (0xde3f2a23) mem 0x80010000 0x00000001
core   0: 0x8000b214 (0x0000bfe5) c.j     pc - 8
core   0: 3 0x8000b214 (0xbfe5)
core   0: 0x8000b20c (0x00005f17) auipc   t5, 0x5
core   0: 3 0x8000b20c (0x00005f17) x30 0x8001020c
core   0: 0x8000b210 (0xde3f2a23) sw      gp, -524(t5)
core   0: 3 0x8000b210 (0xde3f2a23) mem 0x80010000 0x00000001
core   0: 0x8000b214 (0x0000bfe5) c.j     pc - 8
core   0: 3 0x8000b214 (0xbfe5)
core   0: 0x8000b20c (0x00005f17) auipc   t5, 0x5
core   0: 3 0x8000b20c (0x00005f17) x30 0x8001020c
core   0: 0x8000b210 (0xde3f2a23) sw      gp, -524(t5)
core   0: 3 0x8000b210 (0xde3f2a23) mem 0x80010000 0x00000001
core   0: 0x8000b214 (0x0000bfe5) c.j     pc - 8
core   0: 3 0x8000b214 (0xbfe5)
core   0: 0x8000b20c (0x00005f17) auipc   t5, 0x5
core   0: 3 0x8000b20c (0x00005f17) x30 0x8001020c
core   0: 0x8000b210 (0xde3f2a23) sw      gp, -524(t5)
core   0: 3 0x8000b210 (0xde3f2a23) mem 0x80010000 0x00000001
core   0: 0x8000b214 (0x0000bfe5) c.j     pc - 8
core   0: 3 0x8000b214 (0xbfe5)
core   0: 0x8000b20c (0x00005f17) auipc   t5, 0x5
core   0: 3 0x8000b20c (0x00005f17) x30 0x8001020c
core   0: 0x8000b210 (0xde3f2a23) sw      gp, -524(t5)
core   0: 3 0x8000b210 (0xde3f2a23) mem 0x80010000 0x00000001
core   0: 0x8000b214 (0x0000bfe5) c.j     pc - 8
core   0: 3 0x8000b214 (0xbfe5)
core   0: 0x8000b20c (0x00005f17) auipc   t5, 0x5
core   0: 3 0x8000b20c (0x00005f17) x30 0x8001020c
core   0: 0x8000b210 (0xde3f2a23) sw      gp, -524(t5)
core   0: 3 0x8000b210 (0xde3f2a23) mem 0x80010000 0x00000001
core   0: 0x8000b214 (0x0000bfe5) c.j     pc - 8
core   0: 3 0x8000b214 (0xbfe5)
core   0: 0x8000b20c (0x00005f17) auipc   t5, 0x5
core   0: 3 0x8000b20c (0x00005f17) x30 0x8001020c
core   0: 0x8000b210 (0xde3f2a23) sw      gp, -524(t5)
core   0: 3 0x8000b210 (0xde3f2a23) mem 0x80010000 0x00000001
core   0: 0x8000b214 (0x0000bfe5) c.j     pc - 8
core   0: 3 0x8000b214 (0xbfe5)
core   0: 0x8000b20c (0x00005f17) auipc   t5, 0x5
core   0: 3 0x8000b20c (0x00005f17) x30 0x8001020c
core   0: 0x8000b210 (0xde3f2a23) sw      gp, -524(t5)
core   0: 3 0x8000b210 (0xde3f2a23) mem 0x80010000 0x00000001
core   0: 0x8000b214 (0x0000bfe5) c.j     pc - 8
core   0: 3 0x8000b214 (0xbfe5)
core   0: 0x8000b20c (0x00005f17) auipc   t5, 0x5
core   0: 3 0x8000b20c (0x00005f17) x30 0x8001020c
core   0: 0x8000b210 (0xde3f2a23) sw      gp, -524(t5)
core   0: 3 0x8000b210 (0xde3f2a23) mem 0x80010000 0x00000001
core   0: 0x8000b214 (0x0000bfe5) c.j     pc - 8
core   0: 3 0x8000b214 (0xbfe5)
core   0: 0x8000b20c (0x00005f17) auipc   t5, 0x5
core   0: 3 0x8000b20c (0x00005f17) x30 0x8001020c
core   0: 0x8000b210 (0xde3f2a23) sw      gp, -524(t5)
core   0: 3 0x8000b210 (0xde3f2a23) mem 0x80010000 0x00000001
core   0: 0x8000b214 (0x0000bfe5) c.j     pc - 8
core   0: 3 0x8000b214 (0xbfe5)
core   0: 0x8000b20c (0x00005f17) auipc   t5, 0x5
core   0: 3 0x8000b20c (0x00005f17) x30 0x8001020c
core   0: 0x8000b210 (0xde3f2a23) sw      gp, -524(t5)
core   0: 3 0x8000b210 (0xde3f2a23) mem 0x80010000 0x00000001
core   0: 0x8000b214 (0x0000bfe5) c.j     pc - 8
core   0: 3 0x8000b214 (0xbfe5)
core   0: 0x8000b20c (0x00005f17) auipc   t5, 0x5
core   0: 3 0x8000b20c (0x00005f17) x30 0x8001020c
core   0: 0x8000b210 (0xde3f2a23) sw      gp, -524(t5)
core   0: 3 0x8000b210 (0xde3f2a23) mem 0x80010000 0x00000001
core   0: 0x8000b214 (0x0000bfe5) c.j     pc - 8
core   0: 3 0x8000b214 (0xbfe5)
core   0: 0x8000b20c (0x00005f17) auipc   t5, 0x5
core   0: 3 0x8000b20c (0x00005f17) x30 0x8001020c
core   0: 0x8000b210 (0xde3f2a23) sw      gp, -524(t5)
core   0: 3 0x8000b210 (0xde3f2a23) mem 0x80010000 0x00000001
core   0: 0x8000b214 (0x0000bfe5) c.j     pc - 8
core   0: 3 0x8000b214 (0xbfe5)
core   0: 0x8000b20c (0x00005f17) auipc   t5, 0x5
core   0: 3 0x8000b20c (0x00005f17) x30 0x8001020c
core   0: 0x8000b210 (0xde3f2a23) sw      gp, -524(t5)
core   0: 3 0x8000b210 (0xde3f2a23) mem 0x80010000 0x00000001
core   0: 0x8000b214 (0x0000bfe5) c.j     pc - 8
core   0: 3 0x8000b214 (0xbfe5)
core   0: 0x8000b20c (0x00005f17) auipc   t5, 0x5
core   0: 3 0x8000b20c (0x00005f17) x30 0x8001020c
core   0: 0x8000b210 (0xde3f2a23) sw      gp, -524(t5)
core   0: 3 0x8000b210 (0xde3f2a23) mem 0x80010000 0x00000001
core   0: 0x8000b214 (0x0000bfe5) c.j     pc - 8
core   0: 3 0x8000b214 (0xbfe5)
core   0: 0x8000b20c (0x00005f17) auipc   t5, 0x5
core   0: 3 0x8000b20c (0x00005f17) x30 0x8001020c
core   0: 0x8000b210 (0xde3f2a23) sw      gp, -524(t5)
core   0: 3 0x8000b210 (0xde3f2a23) mem 0x80010000 0x00000001
core   0: 0x8000b214 (0x0000bfe5) c.j     pc - 8
core   0: 3 0x8000b214 (0xbfe5)
core   0: 0x8000b20c (0x00005f17) auipc   t5, 0x5
core   0: 3 0x8000b20c (0x00005f17) x30 0x8001020c
core   0: 0x8000b210 (0xde3f2a23) sw      gp, -524(t5)
core   0: 3 0x8000b210 (0xde3f2a23) mem 0x80010000 0x00000001
core   0: 0x8000b214 (0x0000bfe5) c.j     pc - 8
core   0: 3 0x8000b214 (0xbfe5)
core   0: 0x8000b20c (0x00005f17) auipc   t5, 0x5
core   0: 3 0x8000b20c (0x00005f17) x30 0x8001020c
core   0: 0x8000b210 (0xde3f2a23) sw      gp, -524(t5)
core   0: 3 0x8000b210 (0xde3f2a23) mem 0x80010000 0x00000001
core   0: 0x8000b214 (0x0000bfe5) c.j     pc - 8
core   0: 3 0x8000b214 (0xbfe5)
core   0: 0x8000b20c (0x00005f17) auipc   t5, 0x5
core   0: 3 0x8000b20c (0x00005f17) x30 0x8001020c
core   0: 0x8000b210 (0xde3f2a23) sw      gp, -524(t5)
core   0: 3 0x8000b210 (0xde3f2a23) mem 0x80010000 0x00000001
core   0: 0x8000b214 (0x0000bfe5) c.j     pc - 8
core   0: 3 0x8000b214 (0xbfe5)
core   0: 0x8000b20c (0x00005f17) auipc   t5, 0x5
core   0: 3 0x8000b20c (0x00005f17) x30 0x8001020c
core   0: 0x8000b210 (0xde3f2a23) sw      gp, -524(t5)
core   0: 3 0x8000b210 (0xde3f2a23) mem 0x80010000 0x00000001
core   0: 0x8000b214 (0x0000bfe5) c.j     pc - 8
core   0: 3 0x8000b214 (0xbfe5)
core   0: 0x8000b20c (0x00005f17) auipc   t5, 0x5
core   0: 3 0x8000b20c (0x00005f17) x30 0x8001020c
core   0: 0x8000b210 (0xde3f2a23) sw      gp, -524(t5)
core   0: 3 0x8000b210 (0xde3f2a23) mem 0x80010000 0x00000001
core   0: 0x8000b214 (0x0000bfe5) c.j     pc - 8
core   0: 3 0x8000b214 (0xbfe5)
core   0: 0x8000b20c (0x00005f17) auipc   t5, 0x5
core   0: 3 0x8000b20c (0x00005f17) x30 0x8001020c
core   0: 0x8000b210 (0xde3f2a23) sw      gp, -524(t5)
core   0: 3 0x8000b210 (0xde3f2a23) mem 0x80010000 0x00000001
core   0: 0x8000b214 (0x0000bfe5) c.j     pc - 8
core   0: 3 0x8000b214 (0xbfe5)
core   0: 0x8000b20c (0x00005f17) auipc   t5, 0x5
core   0: 3 0x8000b20c (0x00005f17) x30 0x8001020c
core   0: 0x8000b210 (0xde3f2a23) sw      gp, -524(t5)
core   0: 3 0x8000b210 (0xde3f2a23) mem 0x80010000 0x00000001
core   0: 0x8000b214 (0x0000bfe5) c.j     pc - 8
core   0: 3 0x8000b214 (0xbfe5)
core   0: 0x8000b20c (0x00005f17) auipc   t5, 0x5
core   0: 3 0x8000b20c (0x00005f17) x30 0x8001020c
core   0: 0x8000b210 (0xde3f2a23) sw      gp, -524(t5)
core   0: 3 0x8000b210 (0xde3f2a23) mem 0x80010000 0x00000001
core   0: 0x8000b214 (0x0000bfe5) c.j     pc - 8
core   0: 3 0x8000b214 (0xbfe5)
core   0: 0x8000b20c (0x00005f17) auipc   t5, 0x5
core   0: 3 0x8000b20c (0x00005f17) x30 0x8001020c
core   0: 0x8000b210 (0xde3f2a23) sw      gp, -524(t5)
core   0: 3 0x8000b210 (0xde3f2a23) mem 0x80010000 0x00000001
core   0: 0x8000b214 (0x0000bfe5) c.j     pc - 8
core   0: 3 0x8000b214 (0xbfe5)
core   0: 0x8000b20c (0x00005f17) auipc   t5, 0x5
core   0: 3 0x8000b20c (0x00005f17) x30 0x8001020c
core   0: 0x8000b210 (0xde3f2a23) sw      gp, -524(t5)
core   0: 3 0x8000b210 (0xde3f2a23) mem 0x80010000 0x00000001
core   0: 0x8000b214 (0x0000bfe5) c.j     pc - 8
core   0: 3 0x8000b214 (0xbfe5)
core   0: 0x8000b20c (0x00005f17) auipc   t5, 0x5
core   0: 3 0x8000b20c (0x00005f17) x30 0x8001020c
core   0: 0x8000b210 (0xde3f2a23) sw      gp, -524(t5)
core   0: 3 0x8000b210 (0xde3f2a23) mem 0x80010000 0x00000001
core   0: 0x8000b214 (0x0000bfe5) c.j     pc - 8
core   0: 3 0x8000b214 (0xbfe5)
core   0: 0x8000b20c (0x00005f17) auipc   t5, 0x5
core   0: 3 0x8000b20c (0x00005f17) x30 0x8001020c
core   0: 0x8000b210 (0xde3f2a23) sw      gp, -524(t5)
core   0: 3 0x8000b210 (0xde3f2a23) mem 0x80010000 0x00000001
core   0: 0x8000b214 (0x0000bfe5) c.j     pc - 8
core   0: 3 0x8000b214 (0xbfe5)
core   0: 0x8000b20c (0x00005f17) auipc   t5, 0x5
core   0: 3 0x8000b20c (0x00005f17) x30 0x8001020c
core   0: 0x8000b210 (0xde3f2a23) sw      gp, -524(t5)
core   0: 3 0x8000b210 (0xde3f2a23) mem 0x80010000 0x00000001
core   0: 0x8000b214 (0x0000bfe5) c.j     pc - 8
core   0: 3 0x8000b214 (0xbfe5)
core   0: 0x8000b20c (0x00005f17) auipc   t5, 0x5
core   0: 3 0x8000b20c (0x00005f17) x30 0x8001020c
core   0: 0x8000b210 (0xde3f2a23) sw      gp, -524(t5)
core   0: 3 0x8000b210 (0xde3f2a23) mem 0x80010000 0x00000001
core   0: 0x8000b214 (0x0000bfe5) c.j     pc - 8
core   0: 3 0x8000b214 (0xbfe5)
core   0: 0x8000b20c (0x00005f17) auipc   t5, 0x5
core   0: 3 0x8000b20c (0x00005f17) x30 0x8001020c
core   0: 0x8000b210 (0xde3f2a23) sw      gp, -524(t5)
core   0: 3 0x8000b210 (0xde3f2a23) mem 0x80010000 0x00000001
core   0: 0x8000b214 (0x0000bfe5) c.j     pc - 8
core   0: 3 0x8000b214 (0xbfe5)
core   0: 0x8000b20c (0x00005f17) auipc   t5, 0x5
core   0: 3 0x8000b20c (0x00005f17) x30 0x8001020c
core   0: 0x8000b210 (0xde3f2a23) sw      gp, -524(t5)
core   0: 3 0x8000b210 (0xde3f2a23) mem 0x80010000 0x00000001
core   0: 0x8000b214 (0x0000bfe5) c.j     pc - 8
core   0: 3 0x8000b214 (0xbfe5)
core   0: 0x8000b20c (0x00005f17) auipc   t5, 0x5
core   0: 3 0x8000b20c (0x00005f17) x30 0x8001020c
core   0: 0x8000b210 (0xde3f2a23) sw      gp, -524(t5)
core   0: 3 0x8000b210 (0xde3f2a23) mem 0x80010000 0x00000001
core   0: 0x8000b214 (0x0000bfe5) c.j     pc - 8
core   0: 3 0x8000b214 (0xbfe5)
core   0: 0x8000b20c (0x00005f17) auipc   t5, 0x5
core   0: 3 0x8000b20c (0x00005f17) x30 0x8001020c
core   0: 0x8000b210 (0xde3f2a23) sw      gp, -524(t5)
core   0: 3 0x8000b210 (0xde3f2a23) mem 0x80010000 0x00000001
core   0: 0x8000b214 (0x0000bfe5) c.j     pc - 8
core   0: 3 0x8000b214 (0xbfe5)
core   0: 0x8000b20c (0x00005f17) auipc   t5, 0x5
core   0: 3 0x8000b20c (0x00005f17) x30 0x8001020c
core   0: 0x8000b210 (0xde3f2a23) sw      gp, -524(t5)
core   0: 3 0x8000b210 (0xde3f2a23) mem 0x80010000 0x00000001
core   0: 0x8000b214 (0x0000bfe5) c.j     pc - 8
core   0: 3 0x8000b214 (0xbfe5)
core   0: 0x8000b20c (0x00005f17) auipc   t5, 0x5
core   0: 3 0x8000b20c (0x00005f17) x30 0x8001020c
core   0: 0x8000b210 (0xde3f2a23) sw      gp, -524(t5)
core   0: 3 0x8000b210 (0xde3f2a23) mem 0x80010000 0x00000001
core   0: 0x8000b214 (0x0000bfe5) c.j     pc - 8
core   0: 3 0x8000b214 (0xbfe5)
core   0: 0x8000b20c (0x00005f17) auipc   t5, 0x5
core   0: 3 0x8000b20c (0x00005f17) x30 0x8001020c
core   0: 0x8000b210 (0xde3f2a23) sw      gp, -524(t5)
core   0: 3 0x8000b210 (0xde3f2a23) mem 0x80010000 0x00000001
core   0: 0x8000b214 (0x0000bfe5) c.j     pc - 8
core   0: 3 0x8000b214 (0xbfe5)
core   0: 0x8000b20c (0x00005f17) auipc   t5, 0x5
core   0: 3 0x8000b20c (0x00005f17) x30 0x8001020c
core   0: 0x8000b210 (0xde3f2a23) sw      gp, -524(t5)
core   0: 3 0x8000b210 (0xde3f2a23) mem 0x80010000 0x00000001
core   0: 0x8000b214 (0x0000bfe5) c.j     pc - 8
core   0: 3 0x8000b214 (0xbfe5)
core   0: 0x8000b20c (0x00005f17) auipc   t5, 0x5
core   0: 3 0x8000b20c (0x00005f17) x30 0x8001020c
core   0: 0x8000b210 (0xde3f2a23) sw      gp, -524(t5)
core   0: 3 0x8000b210 (0xde3f2a23) mem 0x80010000 0x00000001
core   0: 0x8000b214 (0x0000bfe5) c.j     pc - 8
core   0: 3 0x8000b214 (0xbfe5)
core   0: 0x8000b20c (0x00005f17) auipc   t5, 0x5
core   0: 3 0x8000b20c (0x00005f17) x30 0x8001020c
core   0: 0x8000b210 (0xde3f2a23) sw      gp, -524(t5)
core   0: 3 0x8000b210 (0xde3f2a23) mem 0x80010000 0x00000001
core   0: 0x8000b214 (0x0000bfe5) c.j     pc - 8
core   0: 3 0x8000b214 (0xbfe5)
core   0: 0x8000b20c (0x00005f17) auipc   t5, 0x5
core   0: 3 0x8000b20c (0x00005f17) x30 0x8001020c
core   0: 0x8000b210 (0xde3f2a23) sw      gp, -524(t5)
core   0: 3 0x8000b210 (0xde3f2a23) mem 0x80010000 0x00000001
core   0: 0x8000b214 (0x0000bfe5) c.j     pc - 8
core   0: 3 0x8000b214 (0xbfe5)
core   0: 0x8000b20c (0x00005f17) auipc   t5, 0x5
core   0: 3 0x8000b20c (0x00005f17) x30 0x8001020c
core   0: 0x8000b210 (0xde3f2a23) sw      gp, -524(t5)
core   0: 3 0x8000b210 (0xde3f2a23) mem 0x80010000 0x00000001
core   0: 0x8000b214 (0x0000bfe5) c.j     pc - 8
core   0: 3 0x8000b214 (0xbfe5)
core   0: 0x8000b20c (0x00005f17) auipc   t5, 0x5
core   0: 3 0x8000b20c (0x00005f17) x30 0x8001020c
core   0: 0x8000b210 (0xde3f2a23) sw      gp, -524(t5)
core   0: 3 0x8000b210 (0xde3f2a23) mem 0x80010000 0x00000001
core   0: 0x8000b214 (0x0000bfe5) c.j     pc - 8
core   0: 3 0x8000b214 (0xbfe5)
core   0: 0x8000b20c (0x00005f17) auipc   t5, 0x5
core   0: 3 0x8000b20c (0x00005f17) x30 0x8001020c
core   0: 0x8000b210 (0xde3f2a23) sw      gp, -524(t5)
core   0: 3 0x8000b210 (0xde3f2a23) mem 0x80010000 0x00000001
core   0: 0x8000b214 (0x0000bfe5) c.j     pc - 8
core   0: 3 0x8000b214 (0xbfe5)
core   0: 0x8000b20c (0x00005f17) auipc   t5, 0x5
core   0: 3 0x8000b20c (0x00005f17) x30 0x8001020c
core   0: 0x8000b210 (0xde3f2a23) sw      gp, -524(t5)
core   0: 3 0x8000b210 (0xde3f2a23) mem 0x80010000 0x00000001
core   0: 0x8000b214 (0x0000bfe5) c.j     pc - 8
core   0: 3 0x8000b214 (0xbfe5)
core   0: 0x8000b20c (0x00005f17) auipc   t5, 0x5
core   0: 3 0x8000b20c (0x00005f17) x30 0x8001020c
core   0: 0x8000b210 (0xde3f2a23) sw      gp, -524(t5)
core   0: 3 0x8000b210 (0xde3f2a23) mem 0x80010000 0x00000001
core   0: 0x8000b214 (0x0000bfe5) c.j     pc - 8
core   0: 3 0x8000b214 (0xbfe5)
core   0: 0x8000b20c (0x00005f17) auipc   t5, 0x5
core   0: 3 0x8000b20c (0x00005f17) x30 0x8001020c
core   0: 0x8000b210 (0xde3f2a23) sw      gp, -524(t5)
core   0: 3 0x8000b210 (0xde3f2a23) mem 0x80010000 0x00000001
core   0: 0x8000b214 (0x0000bfe5) c.j     pc - 8
core   0: 3 0x8000b214 (0xbfe5)
core   0: 0x8000b20c (0x00005f17) auipc   t5, 0x5
core   0: 3 0x8000b20c (0x00005f17) x30 0x8001020c
core   0: 0x8000b210 (0xde3f2a23) sw      gp, -524(t5)
core   0: 3 0x8000b210 (0xde3f2a23) mem 0x80010000 0x00000001
core   0: 0x8000b214 (0x0000bfe5) c.j     pc - 8
core   0: 3 0x8000b214 (0xbfe5)
core   0: 0x8000b20c (0x00005f17) auipc   t5, 0x5
core   0: 3 0x8000b20c (0x00005f17) x30 0x8001020c
core   0: 0x8000b210 (0xde3f2a23) sw      gp, -524(t5)
core   0: 3 0x8000b210 (0xde3f2a23) mem 0x80010000 0x00000001
core   0: 0x8000b214 (0x0000bfe5) c.j     pc - 8
core   0: 3 0x8000b214 (0xbfe5)
core   0: 0x8000b20c (0x00005f17) auipc   t5, 0x5
core   0: 3 0x8000b20c (0x00005f17) x30 0x8001020c
core   0: 0x8000b210 (0xde3f2a23) sw      gp, -524(t5)
core   0: 3 0x8000b210 (0xde3f2a23) mem 0x80010000 0x00000001
core   0: 0x8000b214 (0x0000bfe5) c.j     pc - 8
core   0: 3 0x8000b214 (0xbfe5)
core   0: 0x8000b20c (0x00005f17) auipc   t5, 0x5
core   0: 3 0x8000b20c (0x00005f17) x30 0x8001020c
core   0: 0x8000b210 (0xde3f2a23) sw      gp, -524(t5)
core   0: 3 0x8000b210 (0xde3f2a23) mem 0x80010000 0x00000001
core   0: 0x8000b214 (0x0000bfe5) c.j     pc - 8
core   0: 3 0x8000b214 (0xbfe5)
core   0: 0x8000b20c (0x00005f17) auipc   t5, 0x5
core   0: 3 0x8000b20c (0x00005f17) x30 0x8001020c
core   0: 0x8000b210 (0xde3f2a23) sw      gp, -524(t5)
core   0: 3 0x8000b210 (0xde3f2a23) mem 0x80010000 0x00000001
core   0: 0x8000b214 (0x0000bfe5) c.j     pc - 8
core   0: 3 0x8000b214 (0xbfe5)
core   0: 0x8000b20c (0x00005f17) auipc   t5, 0x5
core   0: 3 0x8000b20c (0x00005f17) x30 0x8001020c
core   0: 0x8000b210 (0xde3f2a23) sw      gp, -524(t5)
core   0: 3 0x8000b210 (0xde3f2a23) mem 0x80010000 0x00000001
core   0: 0x8000b214 (0x0000bfe5) c.j     pc - 8
core   0: 3 0x8000b214 (0xbfe5)
core   0: 0x8000b20c (0x00005f17) auipc   t5, 0x5
core   0: 3 0x8000b20c (0x00005f17) x30 0x8001020c
core   0: 0x8000b210 (0xde3f2a23) sw      gp, -524(t5)
core   0: 3 0x8000b210 (0xde3f2a23) mem 0x80010000 0x00000001
core   0: 0x8000b214 (0x0000bfe5) c.j     pc - 8
core   0: 3 0x8000b214 (0xbfe5)
core   0: 0x8000b20c (0x00005f17) auipc   t5, 0x5
core   0: 3 0x8000b20c (0x00005f17) x30 0x8001020c
core   0: 0x8000b210 (0xde3f2a23) sw      gp, -524(t5)
core   0: 3 0x8000b210 (0xde3f2a23) mem 0x80010000 0x00000001
core   0: 0x8000b214 (0x0000bfe5) c.j     pc - 8
core   0: 3 0x8000b214 (0xbfe5)
core   0: 0x8000b20c (0x00005f17) auipc   t5, 0x5
core   0: 3 0x8000b20c (0x00005f17) x30 0x8001020c
core   0: 0x8000b210 (0xde3f2a23) sw      gp, -524(t5)
core   0: 3 0x8000b210 (0xde3f2a23) mem 0x80010000 0x00000001
core   0: 0x8000b214 (0x0000bfe5) c.j     pc - 8
core   0: 3 0x8000b214 (0xbfe5)
core   0: 0x8000b20c (0x00005f17) auipc   t5, 0x5
core   0: 3 0x8000b20c (0x00005f17) x30 0x8001020c
core   0: 0x8000b210 (0xde3f2a23) sw      gp, -524(t5)
core   0: 3 0x8000b210 (0xde3f2a23) mem 0x80010000 0x00000001
core   0: 0x8000b214 (0x0000bfe5) c.j     pc - 8
core   0: 3 0x8000b214 (0xbfe5)
core   0: 0x8000b20c (0x00005f17) auipc   t5, 0x5
core   0: 3 0x8000b20c (0x00005f17) x30 0x8001020c
core   0: 0x8000b210 (0xde3f2a23) sw      gp, -524(t5)
core   0: 3 0x8000b210 (0xde3f2a23) mem 0x80010000 0x00000001
core   0: 0x8000b214 (0x0000bfe5) c.j     pc - 8
core   0: 3 0x8000b214 (0xbfe5)
core   0: 0x8000b20c (0x00005f17) auipc   t5, 0x5
core   0: 3 0x8000b20c (0x00005f17) x30 0x8001020c
core   0: 0x8000b210 (0xde3f2a23) sw      gp, -524(t5)
core   0: 3 0x8000b210 (0xde3f2a23) mem 0x80010000 0x00000001
core   0: 0x8000b214 (0x0000bfe5) c.j     pc - 8
core   0: 3 0x8000b214 (0xbfe5)
core   0: 0x8000b20c (0x00005f17) auipc   t5, 0x5
core   0: 3 0x8000b20c (0x00005f17) x30 0x8001020c
core   0: 0x8000b210 (0xde3f2a23) sw      gp, -524(t5)
core   0: 3 0x8000b210 (0xde3f2a23) mem 0x80010000 0x00000001
core   0: 0x8000b214 (0x0000bfe5) c.j     pc - 8
core   0: 3 0x8000b214 (0xbfe5)
core   0: 0x8000b20c (0x00005f17) auipc   t5, 0x5
core   0: 3 0x8000b20c (0x00005f17) x30 0x8001020c
core   0: 0x8000b210 (0xde3f2a23) sw      gp, -524(t5)
core   0: 3 0x8000b210 (0xde3f2a23) mem 0x80010000 0x00000001
core   0: 0x8000b214 (0x0000bfe5) c.j     pc - 8
core   0: 3 0x8000b214 (0xbfe5)
core   0: 0x8000b20c (0x00005f17) auipc   t5, 0x5
core   0: 3 0x8000b20c (0x00005f17) x30 0x8001020c
core   0: 0x8000b210 (0xde3f2a23) sw      gp, -524(t5)
core   0: 3 0x8000b210 (0xde3f2a23) mem 0x80010000 0x00000001
core   0: 0x8000b214 (0x0000bfe5) c.j     pc - 8
core   0: 3 0x8000b214 (0xbfe5)
core   0: 0x8000b20c (0x00005f17) auipc   t5, 0x5
core   0: 3 0x8000b20c (0x00005f17) x30 0x8001020c
core   0: 0x8000b210 (0xde3f2a23) sw      gp, -524(t5)
core   0: 3 0x8000b210 (0xde3f2a23) mem 0x80010000 0x00000001
core   0: 0x8000b214 (0x0000bfe5) c.j     pc - 8
core   0: 3 0x8000b214 (0xbfe5)
core   0: 0x8000b20c (0x00005f17) auipc   t5, 0x5
core   0: 3 0x8000b20c (0x00005f17) x30 0x8001020c
core   0: 0x8000b210 (0xde3f2a23) sw      gp, -524(t5)
core   0: 3 0x8000b210 (0xde3f2a23) mem 0x80010000 0x00000001
core   0: 0x8000b214 (0x0000bfe5) c.j     pc - 8
core   0: 3 0x8000b214 (0xbfe5)
core   0: 0x8000b20c (0x00005f17) auipc   t5, 0x5
core   0: 3 0x8000b20c (0x00005f17) x30 0x8001020c
core   0: 0x8000b210 (0xde3f2a23) sw      gp, -524(t5)
core   0: 3 0x8000b210 (0xde3f2a23) mem 0x80010000 0x00000001
core   0: 0x8000b214 (0x0000bfe5) c.j     pc - 8
core   0: 3 0x8000b214 (0xbfe5)
core   0: 0x8000b20c (0x00005f17) auipc   t5, 0x5
core   0: 3 0x8000b20c (0x00005f17) x30 0x8001020c
core   0: 0x8000b210 (0xde3f2a23) sw      gp, -524(t5)
core   0: 3 0x8000b210 (0xde3f2a23) mem 0x80010000 0x00000001
core   0: 0x8000b214 (0x0000bfe5) c.j     pc - 8
core   0: 3 0x8000b214 (0xbfe5)
core   0: 0x8000b20c (0x00005f17) auipc   t5, 0x5
core   0: 3 0x8000b20c (0x00005f17) x30 0x8001020c
core   0: 0x8000b210 (0xde3f2a23) sw      gp, -524(t5)
core   0: 3 0x8000b210 (0xde3f2a23) mem 0x80010000 0x00000001
core   0: 0x8000b214 (0x0000bfe5) c.j     pc - 8
core   0: 3 0x8000b214 (0xbfe5)
core   0: 0x8000b20c (0x00005f17) auipc   t5, 0x5
core   0: 3 0x8000b20c (0x00005f17) x30 0x8001020c
core   0: 0x8000b210 (0xde3f2a23) sw      gp, -524(t5)
core   0: 3 0x8000b210 (0xde3f2a23) mem 0x80010000 0x00000001
core   0: 0x8000b214 (0x0000bfe5) c.j     pc - 8
core   0: 3 0x8000b214 (0xbfe5)
core   0: 0x8000b20c (0x00005f17) auipc   t5, 0x5
core   0: 3 0x8000b20c (0x00005f17) x30 0x8001020c
core   0: 0x8000b210 (0xde3f2a23) sw      gp, -524(t5)
core   0: 3 0x8000b210 (0xde3f2a23) mem 0x80010000 0x00000001
core   0: 0x8000b214 (0x0000bfe5) c.j     pc - 8
core   0: 3 0x8000b214 (0xbfe5)
core   0: 0x8000b20c (0x00005f17) auipc   t5, 0x5
core   0: 3 0x8000b20c (0x00005f17) x30 0x8001020c
core   0: 0x8000b210 (0xde3f2a23) sw      gp, -524(t5)
core   0: 3 0x8000b210 (0xde3f2a23) mem 0x80010000 0x00000001
core   0: 0x8000b214 (0x0000bfe5) c.j     pc - 8
core   0: 3 0x8000b214 (0xbfe5)
core   0: 0x8000b20c (0x00005f17) auipc   t5, 0x5
core   0: 3 0x8000b20c (0x00005f17) x30 0x8001020c
core   0: 0x8000b210 (0xde3f2a23) sw      gp, -524(t5)
core   0: 3 0x8000b210 (0xde3f2a23) mem 0x80010000 0x00000001
core   0: 0x8000b214 (0x0000bfe5) c.j     pc - 8
core   0: 3 0x8000b214 (0xbfe5)
core   0: 0x8000b20c (0x00005f17) auipc   t5, 0x5
core   0: 3 0x8000b20c (0x00005f17) x30 0x8001020c
core   0: 0x8000b210 (0xde3f2a23) sw      gp, -524(t5)
core   0: 3 0x8000b210 (0xde3f2a23) mem 0x80010000 0x00000001
core   0: 0x8000b214 (0x0000bfe5) c.j     pc - 8
core   0: 3 0x8000b214 (0xbfe5)
core   0: 0x8000b20c (0x00005f17) auipc   t5, 0x5
core   0: 3 0x8000b20c (0x00005f17) x30 0x8001020c
core   0: 0x8000b210 (0xde3f2a23) sw      gp, -524(t5)
core   0: 3 0x8000b210 (0xde3f2a23) mem 0x80010000 0x00000001
core   0: 0x8000b214 (0x0000bfe5) c.j     pc - 8
core   0: 3 0x8000b214 (0xbfe5)
core   0: 0x8000b20c (0x00005f17) auipc   t5, 0x5
core   0: 3 0x8000b20c (0x00005f17) x30 0x8001020c
core   0: 0x8000b210 (0xde3f2a23) sw      gp, -524(t5)
core   0: 3 0x8000b210 (0xde3f2a23) mem 0x80010000 0x00000001
core   0: 0x8000b214 (0x0000bfe5) c.j     pc - 8
core   0: 3 0x8000b214 (0xbfe5)
core   0: 0x8000b20c (0x00005f17) auipc   t5, 0x5
core   0: 3 0x8000b20c (0x00005f17) x30 0x8001020c
core   0: 0x8000b210 (0xde3f2a23) sw      gp, -524(t5)
core   0: 3 0x8000b210 (0xde3f2a23) mem 0x80010000 0x00000001
core   0: 0x8000b214 (0x0000bfe5) c.j     pc - 8
core   0: 3 0x8000b214 (0xbfe5)
core   0: 0x8000b20c (0x00005f17) auipc   t5, 0x5
core   0: 3 0x8000b20c (0x00005f17) x30 0x8001020c
core   0: 0x8000b210 (0xde3f2a23) sw      gp, -524(t5)
core   0: 3 0x8000b210 (0xde3f2a23) mem 0x80010000 0x00000001
core   0: 0x8000b214 (0x0000bfe5) c.j     pc - 8
core   0: 3 0x8000b214 (0xbfe5)
core   0: 0x8000b20c (0x00005f17) auipc   t5, 0x5
core   0: 3 0x8000b20c (0x00005f17) x30 0x8001020c
core   0: 0x8000b210 (0xde3f2a23) sw      gp, -524(t5)
core   0: 3 0x8000b210 (0xde3f2a23) mem 0x80010000 0x00000001
core   0: 0x8000b214 (0x0000bfe5) c.j     pc - 8
core   0: 3 0x8000b214 (0xbfe5)
core   0: 0x8000b20c (0x00005f17) auipc   t5, 0x5
core   0: 3 0x8000b20c (0x00005f17) x30 0x8001020c
core   0: 0x8000b210 (0xde3f2a23) sw      gp, -524(t5)
core   0: 3 0x8000b210 (0xde3f2a23) mem 0x80010000 0x00000001
core   0: 0x8000b214 (0x0000bfe5) c.j     pc - 8
core   0: 3 0x8000b214 (0xbfe5)
core   0: 0x8000b20c (0x00005f17) auipc   t5, 0x5
core   0: 3 0x8000b20c (0x00005f17) x30 0x8001020c
core   0: 0x8000b210 (0xde3f2a23) sw      gp, -524(t5)
core   0: 3 0x8000b210 (0xde3f2a23) mem 0x80010000 0x00000001
core   0: 0x8000b214 (0x0000bfe5) c.j     pc - 8
core   0: 3 0x8000b214 (0xbfe5)
core   0: 0x8000b20c (0x00005f17) auipc   t5, 0x5
core   0: 3 0x8000b20c (0x00005f17) x30 0x8001020c
core   0: 0x8000b210 (0xde3f2a23) sw      gp, -524(t5)
core   0: 3 0x8000b210 (0xde3f2a23) mem 0x80010000 0x00000001
core   0: 0x8000b214 (0x0000bfe5) c.j     pc - 8
core   0: 3 0x8000b214 (0xbfe5)
core   0: 0x8000b20c (0x00005f17) auipc   t5, 0x5
core   0: 3 0x8000b20c (0x00005f17) x30 0x8001020c
core   0: 0x8000b210 (0xde3f2a23) sw      gp, -524(t5)
core   0: 3 0x8000b210 (0xde3f2a23) mem 0x80010000 0x00000001
core   0: 0x8000b214 (0x0000bfe5) c.j     pc - 8
core   0: 3 0x8000b214 (0xbfe5)
core   0: 0x8000b20c (0x00005f17) auipc   t5, 0x5
core   0: 3 0x8000b20c (0x00005f17) x30 0x8001020c
core   0: 0x8000b210 (0xde3f2a23) sw      gp, -524(t5)
core   0: 3 0x8000b210 (0xde3f2a23) mem 0x80010000 0x00000001
core   0: 0x8000b214 (0x0000bfe5) c.j     pc - 8
core   0: 3 0x8000b214 (0xbfe5)
core   0: 0x8000b20c (0x00005f17) auipc   t5, 0x5
core   0: 3 0x8000b20c (0x00005f17) x30 0x8001020c
core   0: 0x8000b210 (0xde3f2a23) sw      gp, -524(t5)
core   0: 3 0x8000b210 (0xde3f2a23) mem 0x80010000 0x00000001
core   0: 0x8000b214 (0x0000bfe5) c.j     pc - 8
core   0: 3 0x8000b214 (0xbfe5)
core   0: 0x8000b20c (0x00005f17) auipc   t5, 0x5
core   0: 3 0x8000b20c (0x00005f17) x30 0x8001020c
core   0: 0x8000b210 (0xde3f2a23) sw      gp, -524(t5)
core   0: 3 0x8000b210 (0xde3f2a23) mem 0x80010000 0x00000001
core   0: 0x8000b214 (0x0000bfe5) c.j     pc - 8
core   0: 3 0x8000b214 (0xbfe5)
core   0: 0x8000b20c (0x00005f17) auipc   t5, 0x5
core   0: 3 0x8000b20c (0x00005f17) x30 0x8001020c
core   0: 0x8000b210 (0xde3f2a23) sw      gp, -524(t5)
core   0: 3 0x8000b210 (0xde3f2a23) mem 0x80010000 0x00000001
core   0: 0x8000b214 (0x0000bfe5) c.j     pc - 8
core   0: 3 0x8000b214 (0xbfe5)
core   0: 0x8000b20c (0x00005f17) auipc   t5, 0x5
core   0: 3 0x8000b20c (0x00005f17) x30 0x8001020c
core   0: 0x8000b210 (0xde3f2a23) sw      gp, -524(t5)
core   0: 3 0x8000b210 (0xde3f2a23) mem 0x80010000 0x00000001
core   0: 0x8000b214 (0x0000bfe5) c.j     pc - 8
core   0: 3 0x8000b214 (0xbfe5)
core   0: 0x8000b20c (0x00005f17) auipc   t5, 0x5
core   0: 3 0x8000b20c (0x00005f17) x30 0x8001020c
core   0: 0x8000b210 (0xde3f2a23) sw      gp, -524(t5)
core   0: 3 0x8000b210 (0xde3f2a23) mem 0x80010000 0x00000001
core   0: 0x8000b214 (0x0000bfe5) c.j     pc - 8
core   0: 3 0x8000b214 (0xbfe5)
core   0: 0x8000b20c (0x00005f17) auipc   t5, 0x5
core   0: 3 0x8000b20c (0x00005f17) x30 0x8001020c
core   0: 0x8000b210 (0xde3f2a23) sw      gp, -524(t5)
core   0: 3 0x8000b210 (0xde3f2a23) mem 0x80010000 0x00000001
core   0: 0x8000b214 (0x0000bfe5) c.j     pc - 8
core   0: 3 0x8000b214 (0xbfe5)
core   0: 0x8000b20c (0x00005f17) auipc   t5, 0x5
core   0: 3 0x8000b20c (0x00005f17) x30 0x8001020c
core   0: 0x8000b210 (0xde3f2a23) sw      gp, -524(t5)
core   0: 3 0x8000b210 (0xde3f2a23) mem 0x80010000 0x00000001
core   0: 0x8000b214 (0x0000bfe5) c.j     pc - 8
core   0: 3 0x8000b214 (0xbfe5)
core   0: 0x8000b20c (0x00005f17) auipc   t5, 0x5
core   0: 3 0x8000b20c (0x00005f17) x30 0x8001020c
core   0: 0x8000b210 (0xde3f2a23) sw      gp, -524(t5)
core   0: 3 0x8000b210 (0xde3f2a23) mem 0x80010000 0x00000001
core   0: 0x8000b214 (0x0000bfe5) c.j     pc - 8
core   0: 3 0x8000b214 (0xbfe5)
core   0: 0x8000b20c (0x00005f17) auipc   t5, 0x5
core   0: 3 0x8000b20c (0x00005f17) x30 0x8001020c
core   0: 0x8000b210 (0xde3f2a23) sw      gp, -524(t5)
core   0: 3 0x8000b210 (0xde3f2a23) mem 0x80010000 0x00000001
core   0: 0x8000b214 (0x0000bfe5) c.j     pc - 8
core   0: 3 0x8000b214 (0xbfe5)
core   0: 0x8000b20c (0x00005f17) auipc   t5, 0x5
core   0: 3 0x8000b20c (0x00005f17) x30 0x8001020c
core   0: 0x8000b210 (0xde3f2a23) sw      gp, -524(t5)
core   0: 3 0x8000b210 (0xde3f2a23) mem 0x80010000 0x00000001
core   0: 0x8000b214 (0x0000bfe5) c.j     pc - 8
core   0: 3 0x8000b214 (0xbfe5)
core   0: 0x8000b20c (0x00005f17) auipc   t5, 0x5
core   0: 3 0x8000b20c (0x00005f17) x30 0x8001020c
core   0: 0x8000b210 (0xde3f2a23) sw      gp, -524(t5)
core   0: 3 0x8000b210 (0xde3f2a23) mem 0x80010000 0x00000001
core   0: 0x8000b214 (0x0000bfe5) c.j     pc - 8
core   0: 3 0x8000b214 (0xbfe5)
core   0: 0x8000b20c (0x00005f17) auipc   t5, 0x5
core   0: 3 0x8000b20c (0x00005f17) x30 0x8001020c
core   0: 0x8000b210 (0xde3f2a23) sw      gp, -524(t5)
core   0: 3 0x8000b210 (0xde3f2a23) mem 0x80010000 0x00000001
core   0: 0x8000b214 (0x0000bfe5) c.j     pc - 8
core   0: 3 0x8000b214 (0xbfe5)
core   0: 0x8000b20c (0x00005f17) auipc   t5, 0x5
core   0: 3 0x8000b20c (0x00005f17) x30 0x8001020c
core   0: 0x8000b210 (0xde3f2a23) sw      gp, -524(t5)
core   0: 3 0x8000b210 (0xde3f2a23) mem 0x80010000 0x00000001
core   0: 0x8000b214 (0x0000bfe5) c.j     pc - 8
core   0: 3 0x8000b214 (0xbfe5)
core   0: 0x8000b20c (0x00005f17) auipc   t5, 0x5
core   0: 3 0x8000b20c (0x00005f17) x30 0x8001020c
core   0: 0x8000b210 (0xde3f2a23) sw      gp, -524(t5)
core   0: 3 0x8000b210 (0xde3f2a23) mem 0x80010000 0x00000001
core   0: 0x8000b214 (0x0000bfe5) c.j     pc - 8
core   0: 3 0x8000b214 (0xbfe5)
core   0: 0x8000b20c (0x00005f17) auipc   t5, 0x5
core   0: 3 0x8000b20c (0x00005f17) x30 0x8001020c
core   0: 0x8000b210 (0xde3f2a23) sw      gp, -524(t5)
core   0: 3 0x8000b210 (0xde3f2a23) mem 0x80010000 0x00000001
core   0: 0x8000b214 (0x0000bfe5) c.j     pc - 8
core   0: 3 0x8000b214 (0xbfe5)
core   0: 0x8000b20c (0x00005f17) auipc   t5, 0x5
core   0: 3 0x8000b20c (0x00005f17) x30 0x8001020c
core   0: 0x8000b210 (0xde3f2a23) sw      gp, -524(t5)
core   0: 3 0x8000b210 (0xde3f2a23) mem 0x80010000 0x00000001
core   0: 0x8000b214 (0x0000bfe5) c.j     pc - 8
core   0: 3 0x8000b214 (0xbfe5)
core   0: 0x8000b20c (0x00005f17) auipc   t5, 0x5
core   0: 3 0x8000b20c (0x00005f17) x30 0x8001020c
core   0: 0x8000b210 (0xde3f2a23) sw      gp, -524(t5)
core   0: 3 0x8000b210 (0xde3f2a23) mem 0x80010000 0x00000001
core   0: 0x8000b214 (0x0000bfe5) c.j     pc - 8
core   0: 3 0x8000b214 (0xbfe5)
core   0: 0x8000b20c (0x00005f17) auipc   t5, 0x5
core   0: 3 0x8000b20c (0x00005f17) x30 0x8001020c
core   0: 0x8000b210 (0xde3f2a23) sw      gp, -524(t5)
core   0: 3 0x8000b210 (0xde3f2a23) mem 0x80010000 0x00000001
core   0: 0x8000b214 (0x0000bfe5) c.j     pc - 8
core   0: 3 0x8000b214 (0xbfe5)
core   0: 0x8000b20c (0x00005f17) auipc   t5, 0x5
core   0: 3 0x8000b20c (0x00005f17) x30 0x8001020c
core   0: 0x8000b210 (0xde3f2a23) sw      gp, -524(t5)
core   0: 3 0x8000b210 (0xde3f2a23) mem 0x80010000 0x00000001
core   0: 0x8000b214 (0x0000bfe5) c.j     pc - 8
core   0: 3 0x8000b214 (0xbfe5)
core   0: 0x8000b20c (0x00005f17) auipc   t5, 0x5
core   0: 3 0x8000b20c (0x00005f17) x30 0x8001020c
core   0: 0x8000b210 (0xde3f2a23) sw      gp, -524(t5)
core   0: 3 0x8000b210 (0xde3f2a23) mem 0x80010000 0x00000001
core   0: 0x8000b214 (0x0000bfe5) c.j     pc - 8
core   0: 3 0x8000b214 (0xbfe5)
core   0: 0x8000b20c (0x00005f17) auipc   t5, 0x5
core   0: 3 0x8000b20c (0x00005f17) x30 0x8001020c
core   0: 0x8000b210 (0xde3f2a23) sw      gp, -524(t5)
core   0: 3 0x8000b210 (0xde3f2a23) mem 0x80010000 0x00000001
core   0: 0x8000b214 (0x0000bfe5) c.j     pc - 8
core   0: 3 0x8000b214 (0xbfe5)
core   0: 0x8000b20c (0x00005f17) auipc   t5, 0x5
core   0: 3 0x8000b20c (0x00005f17) x30 0x8001020c
core   0: 0x8000b210 (0xde3f2a23) sw      gp, -524(t5)
core   0: 3 0x8000b210 (0xde3f2a23) mem 0x80010000 0x00000001
core   0: 0x8000b214 (0x0000bfe5) c.j     pc - 8
core   0: 3 0x8000b214 (0xbfe5)
core   0: 0x8000b20c (0x00005f17) auipc   t5, 0x5
core   0: 3 0x8000b20c (0x00005f17) x30 0x8001020c
core   0: 0x8000b210 (0xde3f2a23) sw      gp, -524(t5)
core   0: 3 0x8000b210 (0xde3f2a23) mem 0x80010000 0x00000001
core   0: 0x8000b214 (0x0000bfe5) c.j     pc - 8
core   0: 3 0x8000b214 (0xbfe5)
core   0: 0x8000b20c (0x00005f17) auipc   t5, 0x5
core   0: 3 0x8000b20c (0x00005f17) x30 0x8001020c
core   0: 0x8000b210 (0xde3f2a23) sw      gp, -524(t5)
core   0: 3 0x8000b210 (0xde3f2a23) mem 0x80010000 0x00000001
core   0: 0x8000b214 (0x0000bfe5) c.j     pc - 8
core   0: 3 0x8000b214 (0xbfe5)
core   0: 0x8000b20c (0x00005f17) auipc   t5, 0x5
core   0: 3 0x8000b20c (0x00005f17) x30 0x8001020c
core   0: 0x8000b210 (0xde3f2a23) sw      gp, -524(t5)
core   0: 3 0x8000b210 (0xde3f2a23) mem 0x80010000 0x00000001
core   0: 0x8000b214 (0x0000bfe5) c.j     pc - 8
core   0: 3 0x8000b214 (0xbfe5)
core   0: 0x8000b20c (0x00005f17) auipc   t5, 0x5
core   0: 3 0x8000b20c (0x00005f17) x30 0x8001020c
core   0: 0x8000b210 (0xde3f2a23) sw      gp, -524(t5)
core   0: 3 0x8000b210 (0xde3f2a23) mem 0x80010000 0x00000001
core   0: 0x8000b214 (0x0000bfe5) c.j     pc - 8
core   0: 3 0x8000b214 (0xbfe5)
core   0: 0x8000b20c (0x00005f17) auipc   t5, 0x5
core   0: 3 0x8000b20c (0x00005f17) x30 0x8001020c
core   0: 0x8000b210 (0xde3f2a23) sw      gp, -524(t5)
core   0: 3 0x8000b210 (0xde3f2a23) mem 0x80010000 0x00000001
core   0: 0x8000b214 (0x0000bfe5) c.j     pc - 8
core   0: 3 0x8000b214 (0xbfe5)
core   0: 0x8000b20c (0x00005f17) auipc   t5, 0x5
core   0: 3 0x8000b20c (0x00005f17) x30 0x8001020c
core   0: 0x8000b210 (0xde3f2a23) sw      gp, -524(t5)
core   0: 3 0x8000b210 (0xde3f2a23) mem 0x80010000 0x00000001
core   0: 0x8000b214 (0x0000bfe5) c.j     pc - 8
core   0: 3 0x8000b214 (0xbfe5)
core   0: 0x8000b20c (0x00005f17) auipc   t5, 0x5
core   0: 3 0x8000b20c (0x00005f17) x30 0x8001020c
core   0: 0x8000b210 (0xde3f2a23) sw      gp, -524(t5)
core   0: 3 0x8000b210 (0xde3f2a23) mem 0x80010000 0x00000001
core   0: 0x8000b214 (0x0000bfe5) c.j     pc - 8
core   0: 3 0x8000b214 (0xbfe5)
core   0: 0x8000b20c (0x00005f17) auipc   t5, 0x5
core   0: 3 0x8000b20c (0x00005f17) x30 0x8001020c
core   0: 0x8000b210 (0xde3f2a23) sw      gp, -524(t5)
core   0: 3 0x8000b210 (0xde3f2a23) mem 0x80010000 0x00000001
core   0: 0x8000b214 (0x0000bfe5) c.j     pc - 8
core   0: 3 0x8000b214 (0xbfe5)
core   0: 0x8000b20c (0x00005f17) auipc   t5, 0x5
core   0: 3 0x8000b20c (0x00005f17) x30 0x8001020c
core   0: 0x8000b210 (0xde3f2a23) sw      gp, -524(t5)
core   0: 3 0x8000b210 (0xde3f2a23) mem 0x80010000 0x00000001
core   0: 0x8000b214 (0x0000bfe5) c.j     pc - 8
core   0: 3 0x8000b214 (0xbfe5)
core   0: 0x8000b20c (0x00005f17) auipc   t5, 0x5
core   0: 3 0x8000b20c (0x00005f17) x30 0x8001020c
core   0: 0x8000b210 (0xde3f2a23) sw      gp, -524(t5)
core   0: 3 0x8000b210 (0xde3f2a23) mem 0x80010000 0x00000001
core   0: 0x8000b214 (0x0000bfe5) c.j     pc - 8
core   0: 3 0x8000b214 (0xbfe5)
core   0: 0x8000b20c (0x00005f17) auipc   t5, 0x5
core   0: 3 0x8000b20c (0x00005f17) x30 0x8001020c
core   0: 0x8000b210 (0xde3f2a23) sw      gp, -524(t5)
core   0: 3 0x8000b210 (0xde3f2a23) mem 0x80010000 0x00000001
core   0: 0x8000b214 (0x0000bfe5) c.j     pc - 8
core   0: 3 0x8000b214 (0xbfe5)
core   0: 0x8000b20c (0x00005f17) auipc   t5, 0x5
core   0: 3 0x8000b20c (0x00005f17) x30 0x8001020c
core   0: 0x8000b210 (0xde3f2a23) sw      gp, -524(t5)
core   0: 3 0x8000b210 (0xde3f2a23) mem 0x80010000 0x00000001
core   0: 0x8000b214 (0x0000bfe5) c.j     pc - 8
core   0: 3 0x8000b214 (0xbfe5)
core   0: 0x8000b20c (0x00005f17) auipc   t5, 0x5
core   0: 3 0x8000b20c (0x00005f17) x30 0x8001020c
core   0: 0x8000b210 (0xde3f2a23) sw      gp, -524(t5)
core   0: 3 0x8000b210 (0xde3f2a23) mem 0x80010000 0x00000001
core   0: 0x8000b214 (0x0000bfe5) c.j     pc - 8
core   0: 3 0x8000b214 (0xbfe5)
core   0: 0x8000b20c (0x00005f17) auipc   t5, 0x5
core   0: 3 0x8000b20c (0x00005f17) x30 0x8001020c
core   0: 0x8000b210 (0xde3f2a23) sw      gp, -524(t5)
core   0: 3 0x8000b210 (0xde3f2a23) mem 0x80010000 0x00000001
core   0: 0x8000b214 (0x0000bfe5) c.j     pc - 8
core   0: 3 0x8000b214 (0xbfe5)
core   0: 0x8000b20c (0x00005f17) auipc   t5, 0x5
core   0: 3 0x8000b20c (0x00005f17) x30 0x8001020c
core   0: 0x8000b210 (0xde3f2a23) sw      gp, -524(t5)
core   0: 3 0x8000b210 (0xde3f2a23) mem 0x80010000 0x00000001
core   0: 0x8000b214 (0x0000bfe5) c.j     pc - 8
core   0: 3 0x8000b214 (0xbfe5)
core   0: 0x8000b20c (0x00005f17) auipc   t5, 0x5
core   0: 3 0x8000b20c (0x00005f17) x30 0x8001020c
core   0: 0x8000b210 (0xde3f2a23) sw      gp, -524(t5)
core   0: 3 0x8000b210 (0xde3f2a23) mem 0x80010000 0x00000001
core   0: 0x8000b214 (0x0000bfe5) c.j     pc - 8
core   0: 3 0x8000b214 (0xbfe5)
core   0: 0x8000b20c (0x00005f17) auipc   t5, 0x5
core   0: 3 0x8000b20c (0x00005f17) x30 0x8001020c
core   0: 0x8000b210 (0xde3f2a23) sw      gp, -524(t5)
core   0: 3 0x8000b210 (0xde3f2a23) mem 0x80010000 0x00000001
core   0: 0x8000b214 (0x0000bfe5) c.j     pc - 8
core   0: 3 0x8000b214 (0xbfe5)
core   0: 0x8000b20c (0x00005f17) auipc   t5, 0x5
core   0: 3 0x8000b20c (0x00005f17) x30 0x8001020c
core   0: 0x8000b210 (0xde3f2a23) sw      gp, -524(t5)
core   0: 3 0x8000b210 (0xde3f2a23) mem 0x80010000 0x00000001
core   0: 0x8000b214 (0x0000bfe5) c.j     pc - 8
core   0: 3 0x8000b214 (0xbfe5)
core   0: 0x8000b20c (0x00005f17) auipc   t5, 0x5
core   0: 3 0x8000b20c (0x00005f17) x30 0x8001020c
core   0: 0x8000b210 (0xde3f2a23) sw      gp, -524(t5)
core   0: 3 0x8000b210 (0xde3f2a23) mem 0x80010000 0x00000001
core   0: 0x8000b214 (0x0000bfe5) c.j     pc - 8
core   0: 3 0x8000b214 (0xbfe5)
core   0: 0x8000b20c (0x00005f17) auipc   t5, 0x5
core   0: 3 0x8000b20c (0x00005f17) x30 0x8001020c
core   0: 0x8000b210 (0xde3f2a23) sw      gp, -524(t5)
core   0: 3 0x8000b210 (0xde3f2a23) mem 0x80010000 0x00000001
core   0: 0x8000b214 (0x0000bfe5) c.j     pc - 8
core   0: 3 0x8000b214 (0xbfe5)
core   0: 0x8000b20c (0x00005f17) auipc   t5, 0x5
core   0: 3 0x8000b20c (0x00005f17) x30 0x8001020c
core   0: 0x8000b210 (0xde3f2a23) sw      gp, -524(t5)
core   0: 3 0x8000b210 (0xde3f2a23) mem 0x80010000 0x00000001
core   0: 0x8000b214 (0x0000bfe5) c.j     pc - 8
core   0: 3 0x8000b214 (0xbfe5)
core   0: 0x8000b20c (0x00005f17) auipc   t5, 0x5
core   0: 3 0x8000b20c (0x00005f17) x30 0x8001020c
core   0: 0x8000b210 (0xde3f2a23) sw      gp, -524(t5)
core   0: 3 0x8000b210 (0xde3f2a23) mem 0x80010000 0x00000001
core   0: 0x8000b214 (0x0000bfe5) c.j     pc - 8
core   0: 3 0x8000b214 (0xbfe5)
core   0: 0x8000b20c (0x00005f17) auipc   t5, 0x5
core   0: 3 0x8000b20c (0x00005f17) x30 0x8001020c
core   0: 0x8000b210 (0xde3f2a23) sw      gp, -524(t5)
core   0: 3 0x8000b210 (0xde3f2a23) mem 0x80010000 0x00000001
core   0: 0x8000b214 (0x0000bfe5) c.j     pc - 8
core   0: 3 0x8000b214 (0xbfe5)
core   0: 0x8000b20c (0x00005f17) auipc   t5, 0x5
core   0: 3 0x8000b20c (0x00005f17) x30 0x8001020c
core   0: 0x8000b210 (0xde3f2a23) sw      gp, -524(t5)
core   0: 3 0x8000b210 (0xde3f2a23) mem 0x80010000 0x00000001
core   0: 0x8000b214 (0x0000bfe5) c.j     pc - 8
core   0: 3 0x8000b214 (0xbfe5)
core   0: 0x8000b20c (0x00005f17) auipc   t5, 0x5
core   0: 3 0x8000b20c (0x00005f17) x30 0x8001020c
core   0: 0x8000b210 (0xde3f2a23) sw      gp, -524(t5)
core   0: 3 0x8000b210 (0xde3f2a23) mem 0x80010000 0x00000001
core   0: 0x8000b214 (0x0000bfe5) c.j     pc - 8
core   0: 3 0x8000b214 (0xbfe5)
core   0: 0x8000b20c (0x00005f17) auipc   t5, 0x5
core   0: 3 0x8000b20c (0x00005f17) x30 0x8001020c
core   0: 0x8000b210 (0xde3f2a23) sw      gp, -524(t5)
core   0: 3 0x8000b210 (0xde3f2a23) mem 0x80010000 0x00000001
core   0: 0x8000b214 (0x0000bfe5) c.j     pc - 8
core   0: 3 0x8000b214 (0xbfe5)
core   0: 0x8000b20c (0x00005f17) auipc   t5, 0x5
core   0: 3 0x8000b20c (0x00005f17) x30 0x8001020c
core   0: 0x8000b210 (0xde3f2a23) sw      gp, -524(t5)
core   0: 3 0x8000b210 (0xde3f2a23) mem 0x80010000 0x00000001
core   0: 0x8000b214 (0x0000bfe5) c.j     pc - 8
core   0: 3 0x8000b214 (0xbfe5)
core   0: 0x8000b20c (0x00005f17) auipc   t5, 0x5
core   0: 3 0x8000b20c (0x00005f17) x30 0x8001020c
core   0: 0x8000b210 (0xde3f2a23) sw      gp, -524(t5)
core   0: 3 0x8000b210 (0xde3f2a23) mem 0x80010000 0x00000001
core   0: 0x8000b214 (0x0000bfe5) c.j     pc - 8
core   0: 3 0x8000b214 (0xbfe5)
core   0: 0x8000b20c (0x00005f17) auipc   t5, 0x5
core   0: 3 0x8000b20c (0x00005f17) x30 0x8001020c
core   0: 0x8000b210 (0xde3f2a23) sw      gp, -524(t5)
core   0: 3 0x8000b210 (0xde3f2a23) mem 0x80010000 0x00000001
core   0: 0x8000b214 (0x0000bfe5) c.j     pc - 8
core   0: 3 0x8000b214 (0xbfe5)
core   0: 0x8000b20c (0x00005f17) auipc   t5, 0x5
core   0: 3 0x8000b20c (0x00005f17) x30 0x8001020c
core   0: 0x8000b210 (0xde3f2a23) sw      gp, -524(t5)
core   0: 3 0x8000b210 (0xde3f2a23) mem 0x80010000 0x00000001
core   0: 0x8000b214 (0x0000bfe5) c.j     pc - 8
core   0: 3 0x8000b214 (0xbfe5)
core   0: 0x8000b20c (0x00005f17) auipc   t5, 0x5
core   0: 3 0x8000b20c (0x00005f17) x30 0x8001020c
core   0: 0x8000b210 (0xde3f2a23) sw      gp, -524(t5)
core   0: 3 0x8000b210 (0xde3f2a23) mem 0x80010000 0x00000001
core   0: 0x8000b214 (0x0000bfe5) c.j     pc - 8
core   0: 3 0x8000b214 (0xbfe5)
core   0: 0x8000b20c (0x00005f17) auipc   t5, 0x5
core   0: 3 0x8000b20c (0x00005f17) x30 0x8001020c
core   0: 0x8000b210 (0xde3f2a23) sw      gp, -524(t5)
core   0: 3 0x8000b210 (0xde3f2a23) mem 0x80010000 0x00000001
core   0: 0x8000b214 (0x0000bfe5) c.j     pc - 8
core   0: 3 0x8000b214 (0xbfe5)
core   0: 0x8000b20c (0x00005f17) auipc   t5, 0x5
core   0: 3 0x8000b20c (0x00005f17) x30 0x8001020c
core   0: 0x8000b210 (0xde3f2a23) sw      gp, -524(t5)
core   0: 3 0x8000b210 (0xde3f2a23) mem 0x80010000 0x00000001
core   0: 0x8000b214 (0x0000bfe5) c.j     pc - 8
core   0: 3 0x8000b214 (0xbfe5)
core   0: 0x8000b20c (0x00005f17) auipc   t5, 0x5
core   0: 3 0x8000b20c (0x00005f17) x30 0x8001020c
core   0: 0x8000b210 (0xde3f2a23) sw      gp, -524(t5)
core   0: 3 0x8000b210 (0xde3f2a23) mem 0x80010000 0x00000001
core   0: 0x8000b214 (0x0000bfe5) c.j     pc - 8
core   0: 3 0x8000b214 (0xbfe5)
core   0: 0x8000b20c (0x00005f17) auipc   t5, 0x5
core   0: 3 0x8000b20c (0x00005f17) x30 0x8001020c
core   0: 0x8000b210 (0xde3f2a23) sw      gp, -524(t5)
core   0: 3 0x8000b210 (0xde3f2a23) mem 0x80010000 0x00000001
core   0: 0x8000b214 (0x0000bfe5) c.j     pc - 8
core   0: 3 0x8000b214 (0xbfe5)
core   0: 0x8000b20c (0x00005f17) auipc   t5, 0x5
core   0: 3 0x8000b20c (0x00005f17) x30 0x8001020c
core   0: 0x8000b210 (0xde3f2a23) sw      gp, -524(t5)
core   0: 3 0x8000b210 (0xde3f2a23) mem 0x80010000 0x00000001
core   0: 0x8000b214 (0x0000bfe5) c.j     pc - 8
core   0: 3 0x8000b214 (0xbfe5)
core   0: 0x8000b20c (0x00005f17) auipc   t5, 0x5
core   0: 3 0x8000b20c (0x00005f17) x30 0x8001020c
core   0: 0x8000b210 (0xde3f2a23) sw      gp, -524(t5)
core   0: 3 0x8000b210 (0xde3f2a23) mem 0x80010000 0x00000001
core   0: 0x8000b214 (0x0000bfe5) c.j     pc - 8
core   0: 3 0x8000b214 (0xbfe5)
core   0: 0x8000b20c (0x00005f17) auipc   t5, 0x5
core   0: 3 0x8000b20c (0x00005f17) x30 0x8001020c
core   0: 0x8000b210 (0xde3f2a23) sw      gp, -524(t5)
core   0: 3 0x8000b210 (0xde3f2a23) mem 0x80010000 0x00000001
core   0: 0x8000b214 (0x0000bfe5) c.j     pc - 8
core   0: 3 0x8000b214 (0xbfe5)
core   0: 0x8000b20c (0x00005f17) auipc   t5, 0x5
core   0: 3 0x8000b20c (0x00005f17) x30 0x8001020c
core   0: 0x8000b210 (0xde3f2a23) sw      gp, -524(t5)
core   0: 3 0x8000b210 (0xde3f2a23) mem 0x80010000 0x00000001
core   0: 0x8000b214 (0x0000bfe5) c.j     pc - 8
core   0: 3 0x8000b214 (0xbfe5)
core   0: 0x8000b20c (0x00005f17) auipc   t5, 0x5
core   0: 3 0x8000b20c (0x00005f17) x30 0x8001020c
core   0: 0x8000b210 (0xde3f2a23) sw      gp, -524(t5)
core   0: 3 0x8000b210 (0xde3f2a23) mem 0x80010000 0x00000001
core   0: 0x8000b214 (0x0000bfe5) c.j     pc - 8
core   0: 3 0x8000b214 (0xbfe5)
core   0: 0x8000b20c (0x00005f17) auipc   t5, 0x5
core   0: 3 0x8000b20c (0x00005f17) x30 0x8001020c
core   0: 0x8000b210 (0xde3f2a23) sw      gp, -524(t5)
core   0: 3 0x8000b210 (0xde3f2a23) mem 0x80010000 0x00000001
core   0: 0x8000b214 (0x0000bfe5) c.j     pc - 8
core   0: 3 0x8000b214 (0xbfe5)
core   0: 0x8000b20c (0x00005f17) auipc   t5, 0x5
core   0: 3 0x8000b20c (0x00005f17) x30 0x8001020c
core   0: 0x8000b210 (0xde3f2a23) sw      gp, -524(t5)
core   0: 3 0x8000b210 (0xde3f2a23) mem 0x80010000 0x00000001
core   0: 0x8000b214 (0x0000bfe5) c.j     pc - 8
core   0: 3 0x8000b214 (0xbfe5)
core   0: 0x8000b20c (0x00005f17) auipc   t5, 0x5
core   0: 3 0x8000b20c (0x00005f17) x30 0x8001020c
core   0: 0x8000b210 (0xde3f2a23) sw      gp, -524(t5)
core   0: 3 0x8000b210 (0xde3f2a23) mem 0x80010000 0x00000001
core   0: 0x8000b214 (0x0000bfe5) c.j     pc - 8
core   0: 3 0x8000b214 (0xbfe5)
core   0: 0x8000b20c (0x00005f17) auipc   t5, 0x5
core   0: 3 0x8000b20c (0x00005f17) x30 0x8001020c
core   0: 0x8000b210 (0xde3f2a23) sw      gp, -524(t5)
core   0: 3 0x8000b210 (0xde3f2a23) mem 0x80010000 0x00000001
core   0: 0x8000b214 (0x0000bfe5) c.j     pc - 8
core   0: 3 0x8000b214 (0xbfe5)
core   0: 0x8000b20c (0x00005f17) auipc   t5, 0x5
core   0: 3 0x8000b20c (0x00005f17) x30 0x8001020c
core   0: 0x8000b210 (0xde3f2a23) sw      gp, -524(t5)
core   0: 3 0x8000b210 (0xde3f2a23) mem 0x80010000 0x00000001
core   0: 0x8000b214 (0x0000bfe5) c.j     pc - 8
core   0: 3 0x8000b214 (0xbfe5)
core   0: 0x8000b20c (0x00005f17) auipc   t5, 0x5
core   0: 3 0x8000b20c (0x00005f17) x30 0x8001020c
core   0: 0x8000b210 (0xde3f2a23) sw      gp, -524(t5)
core   0: 3 0x8000b210 (0xde3f2a23) mem 0x80010000 0x00000001
core   0: 0x8000b214 (0x0000bfe5) c.j     pc - 8
core   0: 3 0x8000b214 (0xbfe5)
core   0: 0x8000b20c (0x00005f17) auipc   t5, 0x5
core   0: 3 0x8000b20c (0x00005f17) x30 0x8001020c
core   0: 0x8000b210 (0xde3f2a23) sw      gp, -524(t5)
core   0: 3 0x8000b210 (0xde3f2a23) mem 0x80010000 0x00000001
core   0: 0x8000b214 (0x0000bfe5) c.j     pc - 8
core   0: 3 0x8000b214 (0xbfe5)
core   0: 0x8000b20c (0x00005f17) auipc   t5, 0x5
core   0: 3 0x8000b20c (0x00005f17) x30 0x8001020c
core   0: 0x8000b210 (0xde3f2a23) sw      gp, -524(t5)
core   0: 3 0x8000b210 (0xde3f2a23) mem 0x80010000 0x00000001
core   0: 0x8000b214 (0x0000bfe5) c.j     pc - 8
core   0: 3 0x8000b214 (0xbfe5)
core   0: 0x8000b20c (0x00005f17) auipc   t5, 0x5
core   0: 3 0x8000b20c (0x00005f17) x30 0x8001020c
core   0: 0x8000b210 (0xde3f2a23) sw      gp, -524(t5)
core   0: 3 0x8000b210 (0xde3f2a23) mem 0x80010000 0x00000001
core   0: 0x8000b214 (0x0000bfe5) c.j     pc - 8
core   0: 3 0x8000b214 (0xbfe5)
core   0: 0x8000b20c (0x00005f17) auipc   t5, 0x5
core   0: 3 0x8000b20c (0x00005f17) x30 0x8001020c
core   0: 0x8000b210 (0xde3f2a23) sw      gp, -524(t5)
core   0: 3 0x8000b210 (0xde3f2a23) mem 0x80010000 0x00000001
core   0: 0x8000b214 (0x0000bfe5) c.j     pc - 8
core   0: 3 0x8000b214 (0xbfe5)
core   0: 0x8000b20c (0x00005f17) auipc   t5, 0x5
core   0: 3 0x8000b20c (0x00005f17) x30 0x8001020c
core   0: 0x8000b210 (0xde3f2a23) sw      gp, -524(t5)
core   0: 3 0x8000b210 (0xde3f2a23) mem 0x80010000 0x00000001
core   0: 0x8000b214 (0x0000bfe5) c.j     pc - 8
core   0: 3 0x8000b214 (0xbfe5)
core   0: 0x8000b20c (0x00005f17) auipc   t5, 0x5
core   0: 3 0x8000b20c (0x00005f17) x30 0x8001020c
core   0: 0x8000b210 (0xde3f2a23) sw      gp, -524(t5)
core   0: 3 0x8000b210 (0xde3f2a23) mem 0x80010000 0x00000001
core   0: 0x8000b214 (0x0000bfe5) c.j     pc - 8
core   0: 3 0x8000b214 (0xbfe5)
core   0: 0x8000b20c (0x00005f17) auipc   t5, 0x5
core   0: 3 0x8000b20c (0x00005f17) x30 0x8001020c
core   0: 0x8000b210 (0xde3f2a23) sw      gp, -524(t5)
core   0: 3 0x8000b210 (0xde3f2a23) mem 0x80010000 0x00000001
core   0: 0x8000b214 (0x0000bfe5) c.j     pc - 8
core   0: 3 0x8000b214 (0xbfe5)
core   0: 0x8000b20c (0x00005f17) auipc   t5, 0x5
core   0: 3 0x8000b20c (0x00005f17) x30 0x8001020c
core   0: 0x8000b210 (0xde3f2a23) sw      gp, -524(t5)
core   0: 3 0x8000b210 (0xde3f2a23) mem 0x80010000 0x00000001
core   0: 0x8000b214 (0x0000bfe5) c.j     pc - 8
core   0: 3 0x8000b214 (0xbfe5)
core   0: 0x8000b20c (0x00005f17) auipc   t5, 0x5
core   0: 3 0x8000b20c (0x00005f17) x30 0x8001020c
core   0: 0x8000b210 (0xde3f2a23) sw      gp, -524(t5)
core   0: 3 0x8000b210 (0xde3f2a23) mem 0x80010000 0x00000001
core   0: 0x8000b214 (0x0000bfe5) c.j     pc - 8
core   0: 3 0x8000b214 (0xbfe5)
core   0: 0x8000b20c (0x00005f17) auipc   t5, 0x5
core   0: 3 0x8000b20c (0x00005f17) x30 0x8001020c
core   0: 0x8000b210 (0xde3f2a23) sw      gp, -524(t5)
core   0: 3 0x8000b210 (0xde3f2a23) mem 0x80010000 0x00000001
core   0: 0x8000b214 (0x0000bfe5) c.j     pc - 8
core   0: 3 0x8000b214 (0xbfe5)
core   0: 0x8000b20c (0x00005f17) auipc   t5, 0x5
core   0: 3 0x8000b20c (0x00005f17) x30 0x8001020c
core   0: 0x8000b210 (0xde3f2a23) sw      gp, -524(t5)
core   0: 3 0x8000b210 (0xde3f2a23) mem 0x80010000 0x00000001
core   0: 0x8000b214 (0x0000bfe5) c.j     pc - 8
core   0: 3 0x8000b214 (0xbfe5)
core   0: 0x8000b20c (0x00005f17) auipc   t5, 0x5
core   0: 3 0x8000b20c (0x00005f17) x30 0x8001020c
core   0: 0x8000b210 (0xde3f2a23) sw      gp, -524(t5)
core   0: 3 0x8000b210 (0xde3f2a23) mem 0x80010000 0x00000001
core   0: 0x8000b214 (0x0000bfe5) c.j     pc - 8
core   0: 3 0x8000b214 (0xbfe5)
core   0: 0x8000b20c (0x00005f17) auipc   t5, 0x5
core   0: 3 0x8000b20c (0x00005f17) x30 0x8001020c
core   0: 0x8000b210 (0xde3f2a23) sw      gp, -524(t5)
core   0: 3 0x8000b210 (0xde3f2a23) mem 0x80010000 0x00000001
core   0: 0x8000b214 (0x0000bfe5) c.j     pc - 8
core   0: 3 0x8000b214 (0xbfe5)
core   0: 0x8000b20c (0x00005f17) auipc   t5, 0x5
core   0: 3 0x8000b20c (0x00005f17) x30 0x8001020c
core   0: 0x8000b210 (0xde3f2a23) sw      gp, -524(t5)
core   0: 3 0x8000b210 (0xde3f2a23) mem 0x80010000 0x00000001
core   0: 0x8000b214 (0x0000bfe5) c.j     pc - 8
core   0: 3 0x8000b214 (0xbfe5)
core   0: 0x8000b20c (0x00005f17) auipc   t5, 0x5
core   0: 3 0x8000b20c (0x00005f17) x30 0x8001020c
core   0: 0x8000b210 (0xde3f2a23) sw      gp, -524(t5)
core   0: 3 0x8000b210 (0xde3f2a23) mem 0x80010000 0x00000001
core   0: 0x8000b214 (0x0000bfe5) c.j     pc - 8
core   0: 3 0x8000b214 (0xbfe5)
core   0: 0x8000b20c (0x00005f17) auipc   t5, 0x5
core   0: 3 0x8000b20c (0x00005f17) x30 0x8001020c
core   0: 0x8000b210 (0xde3f2a23) sw      gp, -524(t5)
core   0: 3 0x8000b210 (0xde3f2a23) mem 0x80010000 0x00000001
core   0: 0x8000b214 (0x0000bfe5) c.j     pc - 8
core   0: 3 0x8000b214 (0xbfe5)
core   0: 0x8000b20c (0x00005f17) auipc   t5, 0x5
core   0: 3 0x8000b20c (0x00005f17) x30 0x8001020c
core   0: 0x8000b210 (0xde3f2a23) sw      gp, -524(t5)
core   0: 3 0x8000b210 (0xde3f2a23) mem 0x80010000 0x00000001
core   0: 0x8000b214 (0x0000bfe5) c.j     pc - 8
core   0: 3 0x8000b214 (0xbfe5)
core   0: 0x8000b20c (0x00005f17) auipc   t5, 0x5
core   0: 3 0x8000b20c (0x00005f17) x30 0x8001020c
core   0: 0x8000b210 (0xde3f2a23) sw      gp, -524(t5)
core   0: 3 0x8000b210 (0xde3f2a23) mem 0x80010000 0x00000001
core   0: 0x8000b214 (0x0000bfe5) c.j     pc - 8
core   0: 3 0x8000b214 (0xbfe5)
core   0: 0x8000b20c (0x00005f17) auipc   t5, 0x5
core   0: 3 0x8000b20c (0x00005f17) x30 0x8001020c
core   0: 0x8000b210 (0xde3f2a23) sw      gp, -524(t5)
core   0: 3 0x8000b210 (0xde3f2a23) mem 0x80010000 0x00000001
core   0: 0x8000b214 (0x0000bfe5) c.j     pc - 8
core   0: 3 0x8000b214 (0xbfe5)
core   0: 0x8000b20c (0x00005f17) auipc   t5, 0x5
core   0: 3 0x8000b20c (0x00005f17) x30 0x8001020c
core   0: 0x8000b210 (0xde3f2a23) sw      gp, -524(t5)
core   0: 3 0x8000b210 (0xde3f2a23) mem 0x80010000 0x00000001
core   0: 0x8000b214 (0x0000bfe5) c.j     pc - 8
core   0: 3 0x8000b214 (0xbfe5)
core   0: 0x8000b20c (0x00005f17) auipc   t5, 0x5
core   0: 3 0x8000b20c (0x00005f17) x30 0x8001020c
core   0: 0x8000b210 (0xde3f2a23) sw      gp, -524(t5)
core   0: 3 0x8000b210 (0xde3f2a23) mem 0x80010000 0x00000001
core   0: 0x8000b214 (0x0000bfe5) c.j     pc - 8
core   0: 3 0x8000b214 (0xbfe5)
core   0: 0x8000b20c (0x00005f17) auipc   t5, 0x5
core   0: 3 0x8000b20c (0x00005f17) x30 0x8001020c
core   0: 0x8000b210 (0xde3f2a23) sw      gp, -524(t5)
core   0: 3 0x8000b210 (0xde3f2a23) mem 0x80010000 0x00000001
core   0: 0x8000b214 (0x0000bfe5) c.j     pc - 8
core   0: 3 0x8000b214 (0xbfe5)
core   0: 0x8000b20c (0x00005f17) auipc   t5, 0x5
core   0: 3 0x8000b20c (0x00005f17) x30 0x8001020c
core   0: 0x8000b210 (0xde3f2a23) sw      gp, -524(t5)
core   0: 3 0x8000b210 (0xde3f2a23) mem 0x80010000 0x00000001
core   0: 0x8000b214 (0x0000bfe5) c.j     pc - 8
core   0: 3 0x8000b214 (0xbfe5)
core   0: 0x8000b20c (0x00005f17) auipc   t5, 0x5
core   0: 3 0x8000b20c (0x00005f17) x30 0x8001020c
core   0: 0x8000b210 (0xde3f2a23) sw      gp, -524(t5)
core   0: 3 0x8000b210 (0xde3f2a23) mem 0x80010000 0x00000001
core   0: 0x8000b214 (0x0000bfe5) c.j     pc - 8
core   0: 3 0x8000b214 (0xbfe5)
core   0: 0x8000b20c (0x00005f17) auipc   t5, 0x5
core   0: 3 0x8000b20c (0x00005f17) x30 0x8001020c
core   0: 0x8000b210 (0xde3f2a23) sw      gp, -524(t5)
core   0: 3 0x8000b210 (0xde3f2a23) mem 0x80010000 0x00000001
core   0: 0x8000b214 (0x0000bfe5) c.j     pc - 8
core   0: 3 0x8000b214 (0xbfe5)
core   0: 0x8000b20c (0x00005f17) auipc   t5, 0x5
core   0: 3 0x8000b20c (0x00005f17) x30 0x8001020c
core   0: 0x8000b210 (0xde3f2a23) sw      gp, -524(t5)
core   0: 3 0x8000b210 (0xde3f2a23) mem 0x80010000 0x00000001
core   0: 0x8000b214 (0x0000bfe5) c.j     pc - 8
core   0: 3 0x8000b214 (0xbfe5)
core   0: 0x8000b20c (0x00005f17) auipc   t5, 0x5
core   0: 3 0x8000b20c (0x00005f17) x30 0x8001020c
core   0: 0x8000b210 (0xde3f2a23) sw      gp, -524(t5)
core   0: 3 0x8000b210 (0xde3f2a23) mem 0x80010000 0x00000001
core   0: 0x8000b214 (0x0000bfe5) c.j     pc - 8
core   0: 3 0x8000b214 (0xbfe5)
core   0: 0x8000b20c (0x00005f17) auipc   t5, 0x5
core   0: 3 0x8000b20c (0x00005f17) x30 0x8001020c
core   0: 0x8000b210 (0xde3f2a23) sw      gp, -524(t5)
core   0: 3 0x8000b210 (0xde3f2a23) mem 0x80010000 0x00000001
core   0: 0x8000b214 (0x0000bfe5) c.j     pc - 8
core   0: 3 0x8000b214 (0xbfe5)
core   0: 0x8000b20c (0x00005f17) auipc   t5, 0x5
core   0: 3 0x8000b20c (0x00005f17) x30 0x8001020c
core   0: 0x8000b210 (0xde3f2a23) sw      gp, -524(t5)
core   0: 3 0x8000b210 (0xde3f2a23) mem 0x80010000 0x00000001
core   0: 0x8000b214 (0x0000bfe5) c.j     pc - 8
core   0: 3 0x8000b214 (0xbfe5)
core   0: 0x8000b20c (0x00005f17) auipc   t5, 0x5
core   0: 3 0x8000b20c (0x00005f17) x30 0x8001020c
core   0: 0x8000b210 (0xde3f2a23) sw      gp, -524(t5)
core   0: 3 0x8000b210 (0xde3f2a23) mem 0x80010000 0x00000001
core   0: 0x8000b214 (0x0000bfe5) c.j     pc - 8
core   0: 3 0x8000b214 (0xbfe5)
core   0: 0x8000b20c (0x00005f17) auipc   t5, 0x5
core   0: 3 0x8000b20c (0x00005f17) x30 0x8001020c
core   0: 0x8000b210 (0xde3f2a23) sw      gp, -524(t5)
core   0: 3 0x8000b210 (0xde3f2a23) mem 0x80010000 0x00000001
core   0: 0x8000b214 (0x0000bfe5) c.j     pc - 8
core   0: 3 0x8000b214 (0xbfe5)
core   0: 0x8000b20c (0x00005f17) auipc   t5, 0x5
core   0: 3 0x8000b20c (0x00005f17) x30 0x8001020c
core   0: 0x8000b210 (0xde3f2a23) sw      gp, -524(t5)
core   0: 3 0x8000b210 (0xde3f2a23) mem 0x80010000 0x00000001
core   0: 0x8000b214 (0x0000bfe5) c.j     pc - 8
core   0: 3 0x8000b214 (0xbfe5)
core   0: 0x8000b20c (0x00005f17) auipc   t5, 0x5
core   0: 3 0x8000b20c (0x00005f17) x30 0x8001020c
core   0: 0x8000b210 (0xde3f2a23) sw      gp, -524(t5)
core   0: 3 0x8000b210 (0xde3f2a23) mem 0x80010000 0x00000001
core   0: 0x8000b214 (0x0000bfe5) c.j     pc - 8
core   0: 3 0x8000b214 (0xbfe5)
core   0: 0x8000b20c (0x00005f17) auipc   t5, 0x5
core   0: 3 0x8000b20c (0x00005f17) x30 0x8001020c
core   0: 0x8000b210 (0xde3f2a23) sw      gp, -524(t5)
core   0: 3 0x8000b210 (0xde3f2a23) mem 0x80010000 0x00000001
core   0: 0x8000b214 (0x0000bfe5) c.j     pc - 8
core   0: 3 0x8000b214 (0xbfe5)
core   0: 0x8000b20c (0x00005f17) auipc   t5, 0x5
core   0: 3 0x8000b20c (0x00005f17) x30 0x8001020c
core   0: 0x8000b210 (0xde3f2a23) sw      gp, -524(t5)
core   0: 3 0x8000b210 (0xde3f2a23) mem 0x80010000 0x00000001
core   0: 0x8000b214 (0x0000bfe5) c.j     pc - 8
core   0: 3 0x8000b214 (0xbfe5)
core   0: 0x8000b20c (0x00005f17) auipc   t5, 0x5
core   0: 3 0x8000b20c (0x00005f17) x30 0x8001020c
core   0: 0x8000b210 (0xde3f2a23) sw      gp, -524(t5)
core   0: 3 0x8000b210 (0xde3f2a23) mem 0x80010000 0x00000001
core   0: 0x8000b214 (0x0000bfe5) c.j     pc - 8
core   0: 3 0x8000b214 (0xbfe5)
core   0: 0x8000b20c (0x00005f17) auipc   t5, 0x5
core   0: 3 0x8000b20c (0x00005f17) x30 0x8001020c
core   0: 0x8000b210 (0xde3f2a23) sw      gp, -524(t5)
core   0: 3 0x8000b210 (0xde3f2a23) mem 0x80010000 0x00000001
core   0: 0x8000b214 (0x0000bfe5) c.j     pc - 8
core   0: 3 0x8000b214 (0xbfe5)
core   0: 0x8000b20c (0x00005f17) auipc   t5, 0x5
core   0: 3 0x8000b20c (0x00005f17) x30 0x8001020c
core   0: 0x8000b210 (0xde3f2a23) sw      gp, -524(t5)
core   0: 3 0x8000b210 (0xde3f2a23) mem 0x80010000 0x00000001
core   0: 0x8000b214 (0x0000bfe5) c.j     pc - 8
core   0: 3 0x8000b214 (0xbfe5)
core   0: 0x8000b20c (0x00005f17) auipc   t5, 0x5
core   0: 3 0x8000b20c (0x00005f17) x30 0x8001020c
core   0: 0x8000b210 (0xde3f2a23) sw      gp, -524(t5)
core   0: 3 0x8000b210 (0xde3f2a23) mem 0x80010000 0x00000001
core   0: 0x8000b214 (0x0000bfe5) c.j     pc - 8
core   0: 3 0x8000b214 (0xbfe5)
core   0: 0x8000b20c (0x00005f17) auipc   t5, 0x5
core   0: 3 0x8000b20c (0x00005f17) x30 0x8001020c
core   0: 0x8000b210 (0xde3f2a23) sw      gp, -524(t5)
core   0: 3 0x8000b210 (0xde3f2a23) mem 0x80010000 0x00000001
core   0: 0x8000b214 (0x0000bfe5) c.j     pc - 8
core   0: 3 0x8000b214 (0xbfe5)
core   0: 0x8000b20c (0x00005f17) auipc   t5, 0x5
core   0: 3 0x8000b20c (0x00005f17) x30 0x8001020c
core   0: 0x8000b210 (0xde3f2a23) sw      gp, -524(t5)
core   0: 3 0x8000b210 (0xde3f2a23) mem 0x80010000 0x00000001
core   0: 0x8000b214 (0x0000bfe5) c.j     pc - 8
core   0: 3 0x8000b214 (0xbfe5)
core   0: 0x8000b20c (0x00005f17) auipc   t5, 0x5
core   0: 3 0x8000b20c (0x00005f17) x30 0x8001020c
core   0: 0x8000b210 (0xde3f2a23) sw      gp, -524(t5)
core   0: 3 0x8000b210 (0xde3f2a23) mem 0x80010000 0x00000001
core   0: 0x8000b214 (0x0000bfe5) c.j     pc - 8
core   0: 3 0x8000b214 (0xbfe5)
core   0: 0x8000b20c (0x00005f17) auipc   t5, 0x5
core   0: 3 0x8000b20c (0x00005f17) x30 0x8001020c
core   0: 0x8000b210 (0xde3f2a23) sw      gp, -524(t5)
core   0: 3 0x8000b210 (0xde3f2a23) mem 0x80010000 0x00000001
core   0: 0x8000b214 (0x0000bfe5) c.j     pc - 8
core   0: 3 0x8000b214 (0xbfe5)
core   0: 0x8000b20c (0x00005f17) auipc   t5, 0x5
core   0: 3 0x8000b20c (0x00005f17) x30 0x8001020c
core   0: 0x8000b210 (0xde3f2a23) sw      gp, -524(t5)
core   0: 3 0x8000b210 (0xde3f2a23) mem 0x80010000 0x00000001
core   0: 0x8000b214 (0x0000bfe5) c.j     pc - 8
core   0: 3 0x8000b214 (0xbfe5)
core   0: 0x8000b20c (0x00005f17) auipc   t5, 0x5
core   0: 3 0x8000b20c (0x00005f17) x30 0x8001020c
core   0: 0x8000b210 (0xde3f2a23) sw      gp, -524(t5)
core   0: 3 0x8000b210 (0xde3f2a23) mem 0x80010000 0x00000001
core   0: 0x8000b214 (0x0000bfe5) c.j     pc - 8
core   0: 3 0x8000b214 (0xbfe5)
core   0: 0x8000b20c (0x00005f17) auipc   t5, 0x5
core   0: 3 0x8000b20c (0x00005f17) x30 0x8001020c
core   0: 0x8000b210 (0xde3f2a23) sw      gp, -524(t5)
core   0: 3 0x8000b210 (0xde3f2a23) mem 0x80010000 0x00000001
core   0: 0x8000b214 (0x0000bfe5) c.j     pc - 8
core   0: 3 0x8000b214 (0xbfe5)
core   0: 0x8000b20c (0x00005f17) auipc   t5, 0x5
core   0: 3 0x8000b20c (0x00005f17) x30 0x8001020c
core   0: 0x8000b210 (0xde3f2a23) sw      gp, -524(t5)
core   0: 3 0x8000b210 (0xde3f2a23) mem 0x80010000 0x00000001
core   0: 0x8000b214 (0x0000bfe5) c.j     pc - 8
core   0: 3 0x8000b214 (0xbfe5)
core   0: 0x8000b20c (0x00005f17) auipc   t5, 0x5
core   0: 3 0x8000b20c (0x00005f17) x30 0x8001020c
core   0: 0x8000b210 (0xde3f2a23) sw      gp, -524(t5)
core   0: 3 0x8000b210 (0xde3f2a23) mem 0x80010000 0x00000001
core   0: 0x8000b214 (0x0000bfe5) c.j     pc - 8
core   0: 3 0x8000b214 (0xbfe5)
core   0: 0x8000b20c (0x00005f17) auipc   t5, 0x5
core   0: 3 0x8000b20c (0x00005f17) x30 0x8001020c
core   0: 0x8000b210 (0xde3f2a23) sw      gp, -524(t5)
core   0: 3 0x8000b210 (0xde3f2a23) mem 0x80010000 0x00000001
core   0: 0x8000b214 (0x0000bfe5) c.j     pc - 8
core   0: 3 0x8000b214 (0xbfe5)
core   0: 0x8000b20c (0x00005f17) auipc   t5, 0x5
core   0: 3 0x8000b20c (0x00005f17) x30 0x8001020c
core   0: 0x8000b210 (0xde3f2a23) sw      gp, -524(t5)
core   0: 3 0x8000b210 (0xde3f2a23) mem 0x80010000 0x00000001
core   0: 0x8000b214 (0x0000bfe5) c.j     pc - 8
core   0: 3 0x8000b214 (0xbfe5)
core   0: 0x8000b20c (0x00005f17) auipc   t5, 0x5
core   0: 3 0x8000b20c (0x00005f17) x30 0x8001020c
core   0: 0x8000b210 (0xde3f2a23) sw      gp, -524(t5)
core   0: 3 0x8000b210 (0xde3f2a23) mem 0x80010000 0x00000001
core   0: 0x8000b214 (0x0000bfe5) c.j     pc - 8
core   0: 3 0x8000b214 (0xbfe5)
core   0: 0x8000b20c (0x00005f17) auipc   t5, 0x5
core   0: 3 0x8000b20c (0x00005f17) x30 0x8001020c
core   0: 0x8000b210 (0xde3f2a23) sw      gp, -524(t5)
core   0: 3 0x8000b210 (0xde3f2a23) mem 0x80010000 0x00000001
core   0: 0x8000b214 (0x0000bfe5) c.j     pc - 8
core   0: 3 0x8000b214 (0xbfe5)
core   0: 0x8000b20c (0x00005f17) auipc   t5, 0x5
core   0: 3 0x8000b20c (0x00005f17) x30 0x8001020c
core   0: 0x8000b210 (0xde3f2a23) sw      gp, -524(t5)
core   0: 3 0x8000b210 (0xde3f2a23) mem 0x80010000 0x00000001
core   0: 0x8000b214 (0x0000bfe5) c.j     pc - 8
core   0: 3 0x8000b214 (0xbfe5)
core   0: 0x8000b20c (0x00005f17) auipc   t5, 0x5
core   0: 3 0x8000b20c (0x00005f17) x30 0x8001020c
core   0: 0x8000b210 (0xde3f2a23) sw      gp, -524(t5)
core   0: 3 0x8000b210 (0xde3f2a23) mem 0x80010000 0x00000001
core   0: 0x8000b214 (0x0000bfe5) c.j     pc - 8
core   0: 3 0x8000b214 (0xbfe5)
core   0: 0x8000b20c (0x00005f17) auipc   t5, 0x5
core   0: 3 0x8000b20c (0x00005f17) x30 0x8001020c
core   0: 0x8000b210 (0xde3f2a23) sw      gp, -524(t5)
core   0: 3 0x8000b210 (0xde3f2a23) mem 0x80010000 0x00000001
core   0: 0x8000b214 (0x0000bfe5) c.j     pc - 8
core   0: 3 0x8000b214 (0xbfe5)
core   0: 0x8000b20c (0x00005f17) auipc   t5, 0x5
core   0: 3 0x8000b20c (0x00005f17) x30 0x8001020c
core   0: 0x8000b210 (0xde3f2a23) sw      gp, -524(t5)
core   0: 3 0x8000b210 (0xde3f2a23) mem 0x80010000 0x00000001
core   0: 0x8000b214 (0x0000bfe5) c.j     pc - 8
core   0: 3 0x8000b214 (0xbfe5)
core   0: 0x8000b20c (0x00005f17) auipc   t5, 0x5
core   0: 3 0x8000b20c (0x00005f17) x30 0x8001020c
core   0: 0x8000b210 (0xde3f2a23) sw      gp, -524(t5)
core   0: 3 0x8000b210 (0xde3f2a23) mem 0x80010000 0x00000001
core   0: 0x8000b214 (0x0000bfe5) c.j     pc - 8
core   0: 3 0x8000b214 (0xbfe5)
core   0: 0x8000b20c (0x00005f17) auipc   t5, 0x5
core   0: 3 0x8000b20c (0x00005f17) x30 0x8001020c
core   0: 0x8000b210 (0xde3f2a23) sw      gp, -524(t5)
core   0: 3 0x8000b210 (0xde3f2a23) mem 0x80010000 0x00000001
core   0: 0x8000b214 (0x0000bfe5) c.j     pc - 8
core   0: 3 0x8000b214 (0xbfe5)
core   0: 0x8000b20c (0x00005f17) auipc   t5, 0x5
core   0: 3 0x8000b20c (0x00005f17) x30 0x8001020c
core   0: 0x8000b210 (0xde3f2a23) sw      gp, -524(t5)
core   0: 3 0x8000b210 (0xde3f2a23) mem 0x80010000 0x00000001
core   0: 0x8000b214 (0x0000bfe5) c.j     pc - 8
core   0: 3 0x8000b214 (0xbfe5)
core   0: 0x8000b20c (0x00005f17) auipc   t5, 0x5
core   0: 3 0x8000b20c (0x00005f17) x30 0x8001020c
core   0: 0x8000b210 (0xde3f2a23) sw      gp, -524(t5)
core   0: 3 0x8000b210 (0xde3f2a23) mem 0x80010000 0x00000001
core   0: 0x8000b214 (0x0000bfe5) c.j     pc - 8
core   0: 3 0x8000b214 (0xbfe5)
core   0: 0x8000b20c (0x00005f17) auipc   t5, 0x5
core   0: 3 0x8000b20c (0x00005f17) x30 0x8001020c
core   0: 0x8000b210 (0xde3f2a23) sw      gp, -524(t5)
core   0: 3 0x8000b210 (0xde3f2a23) mem 0x80010000 0x00000001
core   0: 0x8000b214 (0x0000bfe5) c.j     pc - 8
core   0: 3 0x8000b214 (0xbfe5)
core   0: 0x8000b20c (0x00005f17) auipc   t5, 0x5
core   0: 3 0x8000b20c (0x00005f17) x30 0x8001020c
core   0: 0x8000b210 (0xde3f2a23) sw      gp, -524(t5)
core   0: 3 0x8000b210 (0xde3f2a23) mem 0x80010000 0x00000001
core   0: 0x8000b214 (0x0000bfe5) c.j     pc - 8
core   0: 3 0x8000b214 (0xbfe5)
core   0: 0x8000b20c (0x00005f17) auipc   t5, 0x5
core   0: 3 0x8000b20c (0x00005f17) x30 0x8001020c
core   0: 0x8000b210 (0xde3f2a23) sw      gp, -524(t5)
core   0: 3 0x8000b210 (0xde3f2a23) mem 0x80010000 0x00000001
core   0: 0x8000b214 (0x0000bfe5) c.j     pc - 8
core   0: 3 0x8000b214 (0xbfe5)
core   0: 0x8000b20c (0x00005f17) auipc   t5, 0x5
core   0: 3 0x8000b20c (0x00005f17) x30 0x8001020c
core   0: 0x8000b210 (0xde3f2a23) sw      gp, -524(t5)
core   0: 3 0x8000b210 (0xde3f2a23) mem 0x80010000 0x00000001
core   0: 0x8000b214 (0x0000bfe5) c.j     pc - 8
core   0: 3 0x8000b214 (0xbfe5)
core   0: 0x8000b20c (0x00005f17) auipc   t5, 0x5
core   0: 3 0x8000b20c (0x00005f17) x30 0x8001020c
core   0: 0x8000b210 (0xde3f2a23) sw      gp, -524(t5)
core   0: 3 0x8000b210 (0xde3f2a23) mem 0x80010000 0x00000001
core   0: 0x8000b214 (0x0000bfe5) c.j     pc - 8
core   0: 3 0x8000b214 (0xbfe5)
core   0: 0x8000b20c (0x00005f17) auipc   t5, 0x5
core   0: 3 0x8000b20c (0x00005f17) x30 0x8001020c
core   0: 0x8000b210 (0xde3f2a23) sw      gp, -524(t5)
core   0: 3 0x8000b210 (0xde3f2a23) mem 0x80010000 0x00000001
core   0: 0x8000b214 (0x0000bfe5) c.j     pc - 8
core   0: 3 0x8000b214 (0xbfe5)
core   0: 0x8000b20c (0x00005f17) auipc   t5, 0x5
core   0: 3 0x8000b20c (0x00005f17) x30 0x8001020c
core   0: 0x8000b210 (0xde3f2a23) sw      gp, -524(t5)
core   0: 3 0x8000b210 (0xde3f2a23) mem 0x80010000 0x00000001
core   0: 0x8000b214 (0x0000bfe5) c.j     pc - 8
core   0: 3 0x8000b214 (0xbfe5)
core   0: 0x8000b20c (0x00005f17) auipc   t5, 0x5
core   0: 3 0x8000b20c (0x00005f17) x30 0x8001020c
core   0: 0x8000b210 (0xde3f2a23) sw      gp, -524(t5)
core   0: 3 0x8000b210 (0xde3f2a23) mem 0x80010000 0x00000001
core   0: 0x8000b214 (0x0000bfe5) c.j     pc - 8
core   0: 3 0x8000b214 (0xbfe5)
core   0: 0x8000b20c (0x00005f17) auipc   t5, 0x5
core   0: 3 0x8000b20c (0x00005f17) x30 0x8001020c
core   0: 0x8000b210 (0xde3f2a23) sw      gp, -524(t5)
core   0: 3 0x8000b210 (0xde3f2a23) mem 0x80010000 0x00000001
core   0: 0x8000b214 (0x0000bfe5) c.j     pc - 8
core   0: 3 0x8000b214 (0xbfe5)
core   0: 0x8000b20c (0x00005f17) auipc   t5, 0x5
core   0: 3 0x8000b20c (0x00005f17) x30 0x8001020c
core   0: 0x8000b210 (0xde3f2a23) sw      gp, -524(t5)
core   0: 3 0x8000b210 (0xde3f2a23) mem 0x80010000 0x00000001
core   0: 0x8000b214 (0x0000bfe5) c.j     pc - 8
core   0: 3 0x8000b214 (0xbfe5)
core   0: 0x8000b20c (0x00005f17) auipc   t5, 0x5
core   0: 3 0x8000b20c (0x00005f17) x30 0x8001020c
core   0: 0x8000b210 (0xde3f2a23) sw      gp, -524(t5)
core   0: 3 0x8000b210 (0xde3f2a23) mem 0x80010000 0x00000001
core   0: 0x8000b214 (0x0000bfe5) c.j     pc - 8
core   0: 3 0x8000b214 (0xbfe5)
core   0: 0x8000b20c (0x00005f17) auipc   t5, 0x5
core   0: 3 0x8000b20c (0x00005f17) x30 0x8001020c
core   0: 0x8000b210 (0xde3f2a23) sw      gp, -524(t5)
core   0: 3 0x8000b210 (0xde3f2a23) mem 0x80010000 0x00000001
core   0: 0x8000b214 (0x0000bfe5) c.j     pc - 8
core   0: 3 0x8000b214 (0xbfe5)
core   0: 0x8000b20c (0x00005f17) auipc   t5, 0x5
core   0: 3 0x8000b20c (0x00005f17) x30 0x8001020c
core   0: 0x8000b210 (0xde3f2a23) sw      gp, -524(t5)
core   0: 3 0x8000b210 (0xde3f2a23) mem 0x80010000 0x00000001
core   0: 0x8000b214 (0x0000bfe5) c.j     pc - 8
core   0: 3 0x8000b214 (0xbfe5)
core   0: 0x8000b20c (0x00005f17) auipc   t5, 0x5
core   0: 3 0x8000b20c (0x00005f17) x30 0x8001020c
core   0: 0x8000b210 (0xde3f2a23) sw      gp, -524(t5)
core   0: 3 0x8000b210 (0xde3f2a23) mem 0x80010000 0x00000001
core   0: 0x8000b214 (0x0000bfe5) c.j     pc - 8
core   0: 3 0x8000b214 (0xbfe5)
core   0: 0x8000b20c (0x00005f17) auipc   t5, 0x5
core   0: 3 0x8000b20c (0x00005f17) x30 0x8001020c
core   0: 0x8000b210 (0xde3f2a23) sw      gp, -524(t5)
core   0: 3 0x8000b210 (0xde3f2a23) mem 0x80010000 0x00000001
core   0: 0x8000b214 (0x0000bfe5) c.j     pc - 8
core   0: 3 0x8000b214 (0xbfe5)
core   0: 0x8000b20c (0x00005f17) auipc   t5, 0x5
core   0: 3 0x8000b20c (0x00005f17) x30 0x8001020c
core   0: 0x8000b210 (0xde3f2a23) sw      gp, -524(t5)
core   0: 3 0x8000b210 (0xde3f2a23) mem 0x80010000 0x00000001
core   0: 0x8000b214 (0x0000bfe5) c.j     pc - 8
core   0: 3 0x8000b214 (0xbfe5)
core   0: 0x8000b20c (0x00005f17) auipc   t5, 0x5
core   0: 3 0x8000b20c (0x00005f17) x30 0x8001020c
core   0: 0x8000b210 (0xde3f2a23) sw      gp, -524(t5)
core   0: 3 0x8000b210 (0xde3f2a23) mem 0x80010000 0x00000001
core   0: 0x8000b214 (0x0000bfe5) c.j     pc - 8
core   0: 3 0x8000b214 (0xbfe5)
core   0: 0x8000b20c (0x00005f17) auipc   t5, 0x5
core   0: 3 0x8000b20c (0x00005f17) x30 0x8001020c
core   0: 0x8000b210 (0xde3f2a23) sw      gp, -524(t5)
core   0: 3 0x8000b210 (0xde3f2a23) mem 0x80010000 0x00000001
core   0: 0x8000b214 (0x0000bfe5) c.j     pc - 8
core   0: 3 0x8000b214 (0xbfe5)
core   0: 0x8000b20c (0x00005f17) auipc   t5, 0x5
core   0: 3 0x8000b20c (0x00005f17) x30 0x8001020c
core   0: 0x8000b210 (0xde3f2a23) sw      gp, -524(t5)
core   0: 3 0x8000b210 (0xde3f2a23) mem 0x80010000 0x00000001
core   0: 0x8000b214 (0x0000bfe5) c.j     pc - 8
core   0: 3 0x8000b214 (0xbfe5)
core   0: 0x8000b20c (0x00005f17) auipc   t5, 0x5
core   0: 3 0x8000b20c (0x00005f17) x30 0x8001020c
core   0: 0x8000b210 (0xde3f2a23) sw      gp, -524(t5)
core   0: 3 0x8000b210 (0xde3f2a23) mem 0x80010000 0x00000001
core   0: 0x8000b214 (0x0000bfe5) c.j     pc - 8
core   0: 3 0x8000b214 (0xbfe5)
core   0: 0x8000b20c (0x00005f17) auipc   t5, 0x5
core   0: 3 0x8000b20c (0x00005f17) x30 0x8001020c
core   0: 0x8000b210 (0xde3f2a23) sw      gp, -524(t5)
core   0: 3 0x8000b210 (0xde3f2a23) mem 0x80010000 0x00000001
core   0: 0x8000b214 (0x0000bfe5) c.j     pc - 8
core   0: 3 0x8000b214 (0xbfe5)
core   0: 0x8000b20c (0x00005f17) auipc   t5, 0x5
core   0: 3 0x8000b20c (0x00005f17) x30 0x8001020c
core   0: 0x8000b210 (0xde3f2a23) sw      gp, -524(t5)
core   0: 3 0x8000b210 (0xde3f2a23) mem 0x80010000 0x00000001
core   0: 0x8000b214 (0x0000bfe5) c.j     pc - 8
core   0: 3 0x8000b214 (0xbfe5)
core   0: 0x8000b20c (0x00005f17) auipc   t5, 0x5
core   0: 3 0x8000b20c (0x00005f17) x30 0x8001020c
core   0: 0x8000b210 (0xde3f2a23) sw      gp, -524(t5)
core   0: 3 0x8000b210 (0xde3f2a23) mem 0x80010000 0x00000001
core   0: 0x8000b214 (0x0000bfe5) c.j     pc - 8
core   0: 3 0x8000b214 (0xbfe5)
core   0: 0x8000b20c (0x00005f17) auipc   t5, 0x5
core   0: 3 0x8000b20c (0x00005f17) x30 0x8001020c
core   0: 0x8000b210 (0xde3f2a23) sw      gp, -524(t5)
core   0: 3 0x8000b210 (0xde3f2a23) mem 0x80010000 0x00000001
core   0: 0x8000b214 (0x0000bfe5) c.j     pc - 8
core   0: 3 0x8000b214 (0xbfe5)
core   0: 0x8000b20c (0x00005f17) auipc   t5, 0x5
core   0: 3 0x8000b20c (0x00005f17) x30 0x8001020c
core   0: 0x8000b210 (0xde3f2a23) sw      gp, -524(t5)
core   0: 3 0x8000b210 (0xde3f2a23) mem 0x80010000 0x00000001
core   0: 0x8000b214 (0x0000bfe5) c.j     pc - 8
core   0: 3 0x8000b214 (0xbfe5)
core   0: 0x8000b20c (0x00005f17) auipc   t5, 0x5
core   0: 3 0x8000b20c (0x00005f17) x30 0x8001020c
core   0: 0x8000b210 (0xde3f2a23) sw      gp, -524(t5)
core   0: 3 0x8000b210 (0xde3f2a23) mem 0x80010000 0x00000001
core   0: 0x8000b214 (0x0000bfe5) c.j     pc - 8
core   0: 3 0x8000b214 (0xbfe5)
core   0: 0x8000b20c (0x00005f17) auipc   t5, 0x5
core   0: 3 0x8000b20c (0x00005f17) x30 0x8001020c
core   0: 0x8000b210 (0xde3f2a23) sw      gp, -524(t5)
core   0: 3 0x8000b210 (0xde3f2a23) mem 0x80010000 0x00000001
core   0: 0x8000b214 (0x0000bfe5) c.j     pc - 8
core   0: 3 0x8000b214 (0xbfe5)
core   0: 0x8000b20c (0x00005f17) auipc   t5, 0x5
core   0: 3 0x8000b20c (0x00005f17) x30 0x8001020c
core   0: 0x8000b210 (0xde3f2a23) sw      gp, -524(t5)
core   0: 3 0x8000b210 (0xde3f2a23) mem 0x80010000 0x00000001
core   0: 0x8000b214 (0x0000bfe5) c.j     pc - 8
core   0: 3 0x8000b214 (0xbfe5)
core   0: 0x8000b20c (0x00005f17) auipc   t5, 0x5
core   0: 3 0x8000b20c (0x00005f17) x30 0x8001020c
core   0: 0x8000b210 (0xde3f2a23) sw      gp, -524(t5)
core   0: 3 0x8000b210 (0xde3f2a23) mem 0x80010000 0x00000001
core   0: 0x8000b214 (0x0000bfe5) c.j     pc - 8
core   0: 3 0x8000b214 (0xbfe5)
core   0: 0x8000b20c (0x00005f17) auipc   t5, 0x5
core   0: 3 0x8000b20c (0x00005f17) x30 0x8001020c
core   0: 0x8000b210 (0xde3f2a23) sw      gp, -524(t5)
core   0: 3 0x8000b210 (0xde3f2a23) mem 0x80010000 0x00000001
core   0: 0x8000b214 (0x0000bfe5) c.j     pc - 8
core   0: 3 0x8000b214 (0xbfe5)
core   0: 0x8000b20c (0x00005f17) auipc   t5, 0x5
core   0: 3 0x8000b20c (0x00005f17) x30 0x8001020c
core   0: 0x8000b210 (0xde3f2a23) sw      gp, -524(t5)
core   0: 3 0x8000b210 (0xde3f2a23) mem 0x80010000 0x00000001
core   0: 0x8000b214 (0x0000bfe5) c.j     pc - 8
core   0: 3 0x8000b214 (0xbfe5)
core   0: 0x8000b20c (0x00005f17) auipc   t5, 0x5
core   0: 3 0x8000b20c (0x00005f17) x30 0x8001020c
core   0: 0x8000b210 (0xde3f2a23) sw      gp, -524(t5)
core   0: 3 0x8000b210 (0xde3f2a23) mem 0x80010000 0x00000001
core   0: 0x8000b214 (0x0000bfe5) c.j     pc - 8
core   0: 3 0x8000b214 (0xbfe5)
core   0: 0x8000b20c (0x00005f17) auipc   t5, 0x5
core   0: 3 0x8000b20c (0x00005f17) x30 0x8001020c
core   0: 0x8000b210 (0xde3f2a23) sw      gp, -524(t5)
core   0: 3 0x8000b210 (0xde3f2a23) mem 0x80010000 0x00000001
core   0: 0x8000b214 (0x0000bfe5) c.j     pc - 8
core   0: 3 0x8000b214 (0xbfe5)
core   0: 0x8000b20c (0x00005f17) auipc   t5, 0x5
core   0: 3 0x8000b20c (0x00005f17) x30 0x8001020c
core   0: 0x8000b210 (0xde3f2a23) sw      gp, -524(t5)
core   0: 3 0x8000b210 (0xde3f2a23) mem 0x80010000 0x00000001
core   0: 0x8000b214 (0x0000bfe5) c.j     pc - 8
core   0: 3 0x8000b214 (0xbfe5)
core   0: 0x8000b20c (0x00005f17) auipc   t5, 0x5
core   0: 3 0x8000b20c (0x00005f17) x30 0x8001020c
core   0: 0x8000b210 (0xde3f2a23) sw      gp, -524(t5)
core   0: 3 0x8000b210 (0xde3f2a23) mem 0x80010000 0x00000001
core   0: 0x8000b214 (0x0000bfe5) c.j     pc - 8
core   0: 3 0x8000b214 (0xbfe5)
core   0: 0x8000b20c (0x00005f17) auipc   t5, 0x5
core   0: 3 0x8000b20c (0x00005f17) x30 0x8001020c
core   0: 0x8000b210 (0xde3f2a23) sw      gp, -524(t5)
core   0: 3 0x8000b210 (0xde3f2a23) mem 0x80010000 0x00000001
core   0: 0x8000b214 (0x0000bfe5) c.j     pc - 8
core   0: 3 0x8000b214 (0xbfe5)
core   0: 0x8000b20c (0x00005f17) auipc   t5, 0x5
core   0: 3 0x8000b20c (0x00005f17) x30 0x8001020c
core   0: 0x8000b210 (0xde3f2a23) sw      gp, -524(t5)
core   0: 3 0x8000b210 (0xde3f2a23) mem 0x80010000 0x00000001
core   0: 0x8000b214 (0x0000bfe5) c.j     pc - 8
core   0: 3 0x8000b214 (0xbfe5)
core   0: 0x8000b20c (0x00005f17) auipc   t5, 0x5
core   0: 3 0x8000b20c (0x00005f17) x30 0x8001020c
core   0: 0x8000b210 (0xde3f2a23) sw      gp, -524(t5)
core   0: 3 0x8000b210 (0xde3f2a23) mem 0x80010000 0x00000001
core   0: 0x8000b214 (0x0000bfe5) c.j     pc - 8
core   0: 3 0x8000b214 (0xbfe5)
core   0: 0x8000b20c (0x00005f17) auipc   t5, 0x5
core   0: 3 0x8000b20c (0x00005f17) x30 0x8001020c
core   0: 0x8000b210 (0xde3f2a23) sw      gp, -524(t5)
core   0: 3 0x8000b210 (0xde3f2a23) mem 0x80010000 0x00000001
core   0: 0x8000b214 (0x0000bfe5) c.j     pc - 8
core   0: 3 0x8000b214 (0xbfe5)
core   0: 0x8000b20c (0x00005f17) auipc   t5, 0x5
core   0: 3 0x8000b20c (0x00005f17) x30 0x8001020c
core   0: 0x8000b210 (0xde3f2a23) sw      gp, -524(t5)
core   0: 3 0x8000b210 (0xde3f2a23) mem 0x80010000 0x00000001
core   0: 0x8000b214 (0x0000bfe5) c.j     pc - 8
core   0: 3 0x8000b214 (0xbfe5)
core   0: 0x8000b20c (0x00005f17) auipc   t5, 0x5
core   0: 3 0x8000b20c (0x00005f17) x30 0x8001020c
core   0: 0x8000b210 (0xde3f2a23) sw      gp, -524(t5)
core   0: 3 0x8000b210 (0xde3f2a23) mem 0x80010000 0x00000001
core   0: 0x8000b214 (0x0000bfe5) c.j     pc - 8
core   0: 3 0x8000b214 (0xbfe5)
core   0: 0x8000b20c (0x00005f17) auipc   t5, 0x5
core   0: 3 0x8000b20c (0x00005f17) x30 0x8001020c
core   0: 0x8000b210 (0xde3f2a23) sw      gp, -524(t5)
core   0: 3 0x8000b210 (0xde3f2a23) mem 0x80010000 0x00000001
core   0: 0x8000b214 (0x0000bfe5) c.j     pc - 8
core   0: 3 0x8000b214 (0xbfe5)
core   0: 0x8000b20c (0x00005f17) auipc   t5, 0x5
core   0: 3 0x8000b20c (0x00005f17) x30 0x8001020c
core   0: 0x8000b210 (0xde3f2a23) sw      gp, -524(t5)
core   0: 3 0x8000b210 (0xde3f2a23) mem 0x80010000 0x00000001
core   0: 0x8000b214 (0x0000bfe5) c.j     pc - 8
core   0: 3 0x8000b214 (0xbfe5)
core   0: 0x8000b20c (0x00005f17) auipc   t5, 0x5
core   0: 3 0x8000b20c (0x00005f17) x30 0x8001020c
core   0: 0x8000b210 (0xde3f2a23) sw      gp, -524(t5)
core   0: 3 0x8000b210 (0xde3f2a23) mem 0x80010000 0x00000001
core   0: 0x8000b214 (0x0000bfe5) c.j     pc - 8
core   0: 3 0x8000b214 (0xbfe5)
core   0: 0x8000b20c (0x00005f17) auipc   t5, 0x5
core   0: 3 0x8000b20c (0x00005f17) x30 0x8001020c
core   0: 0x8000b210 (0xde3f2a23) sw      gp, -524(t5)
core   0: 3 0x8000b210 (0xde3f2a23) mem 0x80010000 0x00000001
core   0: 0x8000b214 (0x0000bfe5) c.j     pc - 8
core   0: 3 0x8000b214 (0xbfe5)
core   0: 0x8000b20c (0x00005f17) auipc   t5, 0x5
core   0: 3 0x8000b20c (0x00005f17) x30 0x8001020c
core   0: 0x8000b210 (0xde3f2a23) sw      gp, -524(t5)
core   0: 3 0x8000b210 (0xde3f2a23) mem 0x80010000 0x00000001
core   0: 0x8000b214 (0x0000bfe5) c.j     pc - 8
core   0: 3 0x8000b214 (0xbfe5)
core   0: 0x8000b20c (0x00005f17) auipc   t5, 0x5
core   0: 3 0x8000b20c (0x00005f17) x30 0x8001020c
core   0: 0x8000b210 (0xde3f2a23) sw      gp, -524(t5)
core   0: 3 0x8000b210 (0xde3f2a23) mem 0x80010000 0x00000001
core   0: 0x8000b214 (0x0000bfe5) c.j     pc - 8
core   0: 3 0x8000b214 (0xbfe5)
core   0: 0x8000b20c (0x00005f17) auipc   t5, 0x5
core   0: 3 0x8000b20c (0x00005f17) x30 0x8001020c
core   0: 0x8000b210 (0xde3f2a23) sw      gp, -524(t5)
core   0: 3 0x8000b210 (0xde3f2a23) mem 0x80010000 0x00000001
core   0: 0x8000b214 (0x0000bfe5) c.j     pc - 8
core   0: 3 0x8000b214 (0xbfe5)
core   0: 0x8000b20c (0x00005f17) auipc   t5, 0x5
core   0: 3 0x8000b20c (0x00005f17) x30 0x8001020c
core   0: 0x8000b210 (0xde3f2a23) sw      gp, -524(t5)
core   0: 3 0x8000b210 (0xde3f2a23) mem 0x80010000 0x00000001
core   0: 0x8000b214 (0x0000bfe5) c.j     pc - 8
core   0: 3 0x8000b214 (0xbfe5)
core   0: 0x8000b20c (0x00005f17) auipc   t5, 0x5
core   0: 3 0x8000b20c (0x00005f17) x30 0x8001020c
core   0: 0x8000b210 (0xde3f2a23) sw      gp, -524(t5)
core   0: 3 0x8000b210 (0xde3f2a23) mem 0x80010000 0x00000001
core   0: 0x8000b214 (0x0000bfe5) c.j     pc - 8
core   0: 3 0x8000b214 (0xbfe5)
core   0: 0x8000b20c (0x00005f17) auipc   t5, 0x5
core   0: 3 0x8000b20c (0x00005f17) x30 0x8001020c
core   0: 0x8000b210 (0xde3f2a23) sw      gp, -524(t5)
core   0: 3 0x8000b210 (0xde3f2a23) mem 0x80010000 0x00000001
core   0: 0x8000b214 (0x0000bfe5) c.j     pc - 8
core   0: 3 0x8000b214 (0xbfe5)
core   0: 0x8000b20c (0x00005f17) auipc   t5, 0x5
core   0: 3 0x8000b20c (0x00005f17) x30 0x8001020c
core   0: 0x8000b210 (0xde3f2a23) sw      gp, -524(t5)
core   0: 3 0x8000b210 (0xde3f2a23) mem 0x80010000 0x00000001
core   0: 0x8000b214 (0x0000bfe5) c.j     pc - 8
core   0: 3 0x8000b214 (0xbfe5)
core   0: 0x8000b20c (0x00005f17) auipc   t5, 0x5
core   0: 3 0x8000b20c (0x00005f17) x30 0x8001020c
core   0: 0x8000b210 (0xde3f2a23) sw      gp, -524(t5)
core   0: 3 0x8000b210 (0xde3f2a23) mem 0x80010000 0x00000001
core   0: 0x8000b214 (0x0000bfe5) c.j     pc - 8
core   0: 3 0x8000b214 (0xbfe5)
core   0: 0x8000b20c (0x00005f17) auipc   t5, 0x5
core   0: 3 0x8000b20c (0x00005f17) x30 0x8001020c
core   0: 0x8000b210 (0xde3f2a23) sw      gp, -524(t5)
core   0: 3 0x8000b210 (0xde3f2a23) mem 0x80010000 0x00000001
core   0: 0x8000b214 (0x0000bfe5) c.j     pc - 8
core   0: 3 0x8000b214 (0xbfe5)
core   0: 0x8000b20c (0x00005f17) auipc   t5, 0x5
core   0: 3 0x8000b20c (0x00005f17) x30 0x8001020c
core   0: 0x8000b210 (0xde3f2a23) sw      gp, -524(t5)
core   0: 3 0x8000b210 (0xde3f2a23) mem 0x80010000 0x00000001
core   0: 0x8000b214 (0x0000bfe5) c.j     pc - 8
core   0: 3 0x8000b214 (0xbfe5)
core   0: 0x8000b20c (0x00005f17) auipc   t5, 0x5
core   0: 3 0x8000b20c (0x00005f17) x30 0x8001020c
core   0: 0x8000b210 (0xde3f2a23) sw      gp, -524(t5)
core   0: 3 0x8000b210 (0xde3f2a23) mem 0x80010000 0x00000001
core   0: 0x8000b214 (0x0000bfe5) c.j     pc - 8
core   0: 3 0x8000b214 (0xbfe5)
core   0: 0x8000b20c (0x00005f17) auipc   t5, 0x5
core   0: 3 0x8000b20c (0x00005f17) x30 0x8001020c
core   0: 0x8000b210 (0xde3f2a23) sw      gp, -524(t5)
core   0: 3 0x8000b210 (0xde3f2a23) mem 0x80010000 0x00000001
core   0: 0x8000b214 (0x0000bfe5) c.j     pc - 8
core   0: 3 0x8000b214 (0xbfe5)
core   0: 0x8000b20c (0x00005f17) auipc   t5, 0x5
core   0: 3 0x8000b20c (0x00005f17) x30 0x8001020c
core   0: 0x8000b210 (0xde3f2a23) sw      gp, -524(t5)
core   0: 3 0x8000b210 (0xde3f2a23) mem 0x80010000 0x00000001
core   0: 0x8000b214 (0x0000bfe5) c.j     pc - 8
core   0: 3 0x8000b214 (0xbfe5)
core   0: 0x8000b20c (0x00005f17) auipc   t5, 0x5
core   0: 3 0x8000b20c (0x00005f17) x30 0x8001020c
core   0: 0x8000b210 (0xde3f2a23) sw      gp, -524(t5)
core   0: 3 0x8000b210 (0xde3f2a23) mem 0x80010000 0x00000001
core   0: 0x8000b214 (0x0000bfe5) c.j     pc - 8
core   0: 3 0x8000b214 (0xbfe5)
core   0: 0x8000b20c (0x00005f17) auipc   t5, 0x5
core   0: 3 0x8000b20c (0x00005f17) x30 0x8001020c
core   0: 0x8000b210 (0xde3f2a23) sw      gp, -524(t5)
core   0: 3 0x8000b210 (0xde3f2a23) mem 0x80010000 0x00000001
core   0: 0x8000b214 (0x0000bfe5) c.j     pc - 8
core   0: 3 0x8000b214 (0xbfe5)
core   0: 0x8000b20c (0x00005f17) auipc   t5, 0x5
core   0: 3 0x8000b20c (0x00005f17) x30 0x8001020c
core   0: 0x8000b210 (0xde3f2a23) sw      gp, -524(t5)
core   0: 3 0x8000b210 (0xde3f2a23) mem 0x80010000 0x00000001
core   0: 0x8000b214 (0x0000bfe5) c.j     pc - 8
core   0: 3 0x8000b214 (0xbfe5)
core   0: 0x8000b20c (0x00005f17) auipc   t5, 0x5
core   0: 3 0x8000b20c (0x00005f17) x30 0x8001020c
core   0: 0x8000b210 (0xde3f2a23) sw      gp, -524(t5)
core   0: 3 0x8000b210 (0xde3f2a23) mem 0x80010000 0x00000001
core   0: 0x8000b214 (0x0000bfe5) c.j     pc - 8
core   0: 3 0x8000b214 (0xbfe5)
core   0: 0x8000b20c (0x00005f17) auipc   t5, 0x5
core   0: 3 0x8000b20c (0x00005f17) x30 0x8001020c
core   0: 0x8000b210 (0xde3f2a23) sw      gp, -524(t5)
core   0: 3 0x8000b210 (0xde3f2a23) mem 0x80010000 0x00000001
core   0: 0x8000b214 (0x0000bfe5) c.j     pc - 8
core   0: 3 0x8000b214 (0xbfe5)
core   0: 0x8000b20c (0x00005f17) auipc   t5, 0x5
core   0: 3 0x8000b20c (0x00005f17) x30 0x8001020c
core   0: 0x8000b210 (0xde3f2a23) sw      gp, -524(t5)
core   0: 3 0x8000b210 (0xde3f2a23) mem 0x80010000 0x00000001
core   0: 0x8000b214 (0x0000bfe5) c.j     pc - 8
core   0: 3 0x8000b214 (0xbfe5)
core   0: 0x8000b20c (0x00005f17) auipc   t5, 0x5
core   0: 3 0x8000b20c (0x00005f17) x30 0x8001020c
core   0: 0x8000b210 (0xde3f2a23) sw      gp, -524(t5)
core   0: 3 0x8000b210 (0xde3f2a23) mem 0x80010000 0x00000001
core   0: 0x8000b214 (0x0000bfe5) c.j     pc - 8
core   0: 3 0x8000b214 (0xbfe5)
core   0: 0x8000b20c (0x00005f17) auipc   t5, 0x5
core   0: 3 0x8000b20c (0x00005f17) x30 0x8001020c
core   0: 0x8000b210 (0xde3f2a23) sw      gp, -524(t5)
core   0: 3 0x8000b210 (0xde3f2a23) mem 0x80010000 0x00000001
core   0: 0x8000b214 (0x0000bfe5) c.j     pc - 8
core   0: 3 0x8000b214 (0xbfe5)
core   0: 0x8000b20c (0x00005f17) auipc   t5, 0x5
core   0: 3 0x8000b20c (0x00005f17) x30 0x8001020c
core   0: 0x8000b210 (0xde3f2a23) sw      gp, -524(t5)
core   0: 3 0x8000b210 (0xde3f2a23) mem 0x80010000 0x00000001
core   0: 0x8000b214 (0x0000bfe5) c.j     pc - 8
core   0: 3 0x8000b214 (0xbfe5)
core   0: 0x8000b20c (0x00005f17) auipc   t5, 0x5
core   0: 3 0x8000b20c (0x00005f17) x30 0x8001020c
core   0: 0x8000b210 (0xde3f2a23) sw      gp, -524(t5)
core   0: 3 0x8000b210 (0xde3f2a23) mem 0x80010000 0x00000001
core   0: 0x8000b214 (0x0000bfe5) c.j     pc - 8
core   0: 3 0x8000b214 (0xbfe5)
core   0: 0x8000b20c (0x00005f17) auipc   t5, 0x5
core   0: 3 0x8000b20c (0x00005f17) x30 0x8001020c
core   0: 0x8000b210 (0xde3f2a23) sw      gp, -524(t5)
core   0: 3 0x8000b210 (0xde3f2a23) mem 0x80010000 0x00000001
core   0: 0x8000b214 (0x0000bfe5) c.j     pc - 8
core   0: 3 0x8000b214 (0xbfe5)
core   0: 0x8000b20c (0x00005f17) auipc   t5, 0x5
core   0: 3 0x8000b20c (0x00005f17) x30 0x8001020c
core   0: 0x8000b210 (0xde3f2a23) sw      gp, -524(t5)
core   0: 3 0x8000b210 (0xde3f2a23) mem 0x80010000 0x00000001
core   0: 0x8000b214 (0x0000bfe5) c.j     pc - 8
core   0: 3 0x8000b214 (0xbfe5)
core   0: 0x8000b20c (0x00005f17) auipc   t5, 0x5
core   0: 3 0x8000b20c (0x00005f17) x30 0x8001020c
core   0: 0x8000b210 (0xde3f2a23) sw      gp, -524(t5)
core   0: 3 0x8000b210 (0xde3f2a23) mem 0x80010000 0x00000001
core   0: 0x8000b214 (0x0000bfe5) c.j     pc - 8
core   0: 3 0x8000b214 (0xbfe5)
core   0: 0x8000b20c (0x00005f17) auipc   t5, 0x5
core   0: 3 0x8000b20c (0x00005f17) x30 0x8001020c
core   0: 0x8000b210 (0xde3f2a23) sw      gp, -524(t5)
core   0: 3 0x8000b210 (0xde3f2a23) mem 0x80010000 0x00000001
core   0: 0x8000b214 (0x0000bfe5) c.j     pc - 8
core   0: 3 0x8000b214 (0xbfe5)
core   0: 0x8000b20c (0x00005f17) auipc   t5, 0x5
core   0: 3 0x8000b20c (0x00005f17) x30 0x8001020c
core   0: 0x8000b210 (0xde3f2a23) sw      gp, -524(t5)
core   0: 3 0x8000b210 (0xde3f2a23) mem 0x80010000 0x00000001
core   0: 0x8000b214 (0x0000bfe5) c.j     pc - 8
core   0: 3 0x8000b214 (0xbfe5)
core   0: 0x8000b20c (0x00005f17) auipc   t5, 0x5
core   0: 3 0x8000b20c (0x00005f17) x30 0x8001020c
core   0: 0x8000b210 (0xde3f2a23) sw      gp, -524(t5)
core   0: 3 0x8000b210 (0xde3f2a23) mem 0x80010000 0x00000001
core   0: 0x8000b214 (0x0000bfe5) c.j     pc - 8
core   0: 3 0x8000b214 (0xbfe5)
core   0: 0x8000b20c (0x00005f17) auipc   t5, 0x5
core   0: 3 0x8000b20c (0x00005f17) x30 0x8001020c
core   0: 0x8000b210 (0xde3f2a23) sw      gp, -524(t5)
core   0: 3 0x8000b210 (0xde3f2a23) mem 0x80010000 0x00000001
core   0: 0x8000b214 (0x0000bfe5) c.j     pc - 8
core   0: 3 0x8000b214 (0xbfe5)
core   0: 0x8000b20c (0x00005f17) auipc   t5, 0x5
core   0: 3 0x8000b20c (0x00005f17) x30 0x8001020c
core   0: 0x8000b210 (0xde3f2a23) sw      gp, -524(t5)
core   0: 3 0x8000b210 (0xde3f2a23) mem 0x80010000 0x00000001
