core   0: 0x00001000 (0x00000297) auipc   t0, 0x0
core   0: 3 0x00001000 (0x00000297) x5  0x00001000
core   0: 0x00001004 (0x02028593) addi    a1, t0, 32
core   0: 3 0x00001004 (0x02028593) x11 0x00001020
core   0: 0x00001008 (0xf1402573) csrr    a0, mhartid
core   0: 3 0x00001008 (0xf1402573) x10 0x00000000
core   0: 0x0000100c (0x0182a283) lw      t0, 24(t0)
core   0: 3 0x0000100c (0x0182a283) x5  0x80000000 mem 0x00001018
core   0: 0x00001010 (0x00028067) jr      t0
core   0: 3 0x00001010 (0x00028067)
core   0: 0x80000000 (0xf14022f3) csrr    t0, mhartid
core   0: 3 0x80000000 (0xf14022f3) x5  0x00000000
core   0: 0x80000004 (0x00004301) c.li    t1, 0
core   0: 3 0x80000004 (0x4301) x6  0x00000000
core   0: 0x80000006 (0x00628263) beq     t0, t1, pc + 4
core   0: 3 0x80000006 (0x00628263)
core   0: 0x8000000a (0x00000117) auipc   sp, 0x0
core   0: 3 0x8000000a (0x00000117) x2  0x8000000a
core   0: 0x8000000e (0x00c10113) addi    sp, sp, 12
core   0: 3 0x8000000e (0x00c10113) x2  0x80000016
core   0: 0x80000012 (0x00010067) jr      sp
core   0: 3 0x80000012 (0x00010067)
core   0: 0x80000016 (0x40001737) lui     a4, 0x40001
core   0: 3 0x80000016 (0x40001737) x14 0x40001000
core   0: 0x8000001a (0x10570713) addi    a4, a4, 261
core   0: 3 0x8000001a (0x10570713) x14 0x40001105
core   0: 0x8000001e (0x30171073) csrw    misa, a4
core   0: 3 0x8000001e (0x30171073) c769_misa 0x40141105
core   0: 0x80000022 (0x0002aa97) auipc   s5, 0x2a
core   0: 3 0x80000022 (0x0002aa97) x21 0x8002a022
core   0: 0x80000026 (0xd02a8a93) addi    s5, s5, -766
core   0: 3 0x80000026 (0xd02a8a93) x21 0x80029d24
core   0: 0x8000002a (0x0000b717) auipc   a4, 0xb
core   0: 3 0x8000002a (0x0000b717) x14 0x8000b02a
core   0: 0x8000002e (0xe6670713) addi    a4, a4, -410
core   0: 3 0x8000002e (0xe6670713) x14 0x8000ae90
core   0: 0x80000032 (0x00176713) ori     a4, a4, 1
core   0: 3 0x80000032 (0x00176713) x14 0x8000ae91
core   0: 0x80000036 (0x30571073) csrw    mtvec, a4
core   0: 3 0x80000036 (0x30571073) c773_mtvec 0x8000ae91
core   0: 0x8000003a (0x00000717) auipc   a4, 0x0
core   0: 3 0x8000003a (0x00000717) x14 0x8000003a
core   0: 0x8000003e (0x02270713) addi    a4, a4, 34
core   0: 3 0x8000003e (0x02270713) x14 0x8000005c
core   0: 0x80000042 (0x34171073) csrw    mepc, a4
core   0: 3 0x80000042 (0x34171073) c833_mepc 0x8000005c
core   0: 0x80000046 (0x00000001) c.nop
core   0: 3 0x80000046 (0x0001)
core   0: 0x80000048 (0x00006709) c.lui   a4, 0x2
core   0: 3 0x80000048 (0x6709) x14 0x00002000
core   0: 0x8000004a (0x80070713) addi    a4, a4, -2048
core   0: 3 0x8000004a (0x80070713) x14 0x00001800
core   0: 0x8000004e (0x30071073) csrw    mstatus, a4
core   0: 3 0x8000004e (0x30071073) c768_mstatus 0x00001800
core   0: 0x80000052 (0x00004701) c.li    a4, 0
core   0: 3 0x80000052 (0x4701) x14 0x00000000
core   0: 0x80000054 (0x30471073) csrw    mie, a4
core   0: 3 0x80000054 (0x30471073) c772_mie 0x00000000
core   0: 0x80000058 (0x30200073) mret
core   0: 3 0x80000058 (0x30200073) c784_mstatush 0x00000000 c768_mstatus 0x00000080
core   0: >>>>  init
core   0: 0x8000005c (0x00700013) li      zero, 7
core   0: 3 0x8000005c (0x00700013)
core   0: 0x80000060 (0x800000b7) lui     ra, 0x80000
core   0: 3 0x80000060 (0x800000b7) x1  0x80000000
core   0: 0x80000064 (0xf3842137) lui     sp, 0xf3842
core   0: 3 0x80000064 (0xf3842137) x2  0xf3842000
core   0: 0x80000068 (0x2e710113) addi    sp, sp, 743
core   0: 3 0x80000068 (0x2e710113) x2  0xf38422e7
core   0: 0x8000006c (0x00004181) c.li    gp, 0
core   0: 3 0x8000006c (0x4181) x3  0x00000000
core   0: 0x8000006e (0x80000237) lui     tp, 0x80000
core   0: 3 0x8000006e (0x80000237) x4  0x80000000
core   0: 0x80000072 (0xfa9402b7) lui     t0, 0xfa940
core   0: 3 0x80000072 (0xfa9402b7) x5  0xfa940000
core   0: 0x80000076 (0xc7528293) addi    t0, t0, -907
core   0: 3 0x80000076 (0xc7528293) x5  0xfa93fc75
core   0: 0x8000007a (0x80000337) lui     t1, 0x80000
core   0: 3 0x8000007a (0x80000337) x6  0x80000000
core   0: 0x8000007e (0x00004391) c.li    t2, 4
core   0: 3 0x8000007e (0x4391) x7  0x00000004
core   0: 0x80000080 (0x80000437) lui     s0, 0x80000
core   0: 3 0x80000080 (0x80000437) x8  0x80000000
core   0: 0x80000084 (0x00004481) c.li    s1, 0
core   0: 3 0x80000084 (0x4481) x9  0x00000000
core   0: 0x80000086 (0x0000453d) c.li    a0, 15
core   0: 3 0x80000086 (0x453d) x10 0x0000000f
core   0: 0x80000088 (0x00004581) c.li    a1, 0
core   0: 3 0x80000088 (0x4581) x11 0x00000000
core   0: 0x8000008a (0x5f946637) lui     a2, 0x5f946
core   0: 3 0x8000008a (0x5f946637) x12 0x5f946000
core   0: 0x8000008e (0x1cf60613) addi    a2, a2, 463
core   0: 3 0x8000008e (0x1cf60613) x12 0x5f9461cf
core   0: 0x80000092 (0x5002c6b7) lui     a3, 0x5002c
core   0: 3 0x80000092 (0x5002c6b7) x13 0x5002c000
core   0: 0x80000096 (0xbb068693) addi    a3, a3, -1104
core   0: 3 0x80000096 (0xbb068693) x13 0x5002bbb0
core   0: 0x8000009a (0xcdef3737) lui     a4, 0xcdef3
core   0: 3 0x8000009a (0xcdef3737) x14 0xcdef3000
core   0: 0x8000009e (0x8ab70713) addi    a4, a4, -1877
core   0: 3 0x8000009e (0x8ab70713) x14 0xcdef28ab
core   0: 0x800000a2 (0x000047ad) c.li    a5, 11
core   0: 3 0x800000a2 (0x47ad) x15 0x0000000b
core   0: 0x800000a4 (0x00004801) c.li    a6, 0
core   0: 3 0x800000a4 (0x4801) x16 0x00000000
core   0: 0x800000a6 (0x800008b7) lui     a7, 0x80000
core   0: 3 0x800000a6 (0x800008b7) x17 0x80000000
core   0: 0x800000aa (0x80a33937) lui     s2, 0x80a33
core   0: 3 0x800000aa (0x80a33937) x18 0x80a33000
core   0: 0x800000ae (0x61190913) addi    s2, s2, 1553
core   0: 3 0x800000ae (0x61190913) x18 0x80a33611
core   0: 0x800000b2 (0xc95619b7) lui     s3, 0xc9561
core   0: 3 0x800000b2 (0xc95619b7) x19 0xc9561000
core   0: 0x800000b6 (0x4a298993) addi    s3, s3, 1186
core   0: 3 0x800000b6 (0x4a298993) x19 0xc95614a2
core   0: 0x800000ba (0x00004b31) c.li    s6, 12
core   0: 3 0x800000ba (0x4b31) x22 0x0000000c
core   0: 0x800000bc (0x15df7bb7) lui     s7, 0x15df7
core   0: 3 0x800000bc (0x15df7bb7) x23 0x15df7000
core   0: 0x800000c0 (0x33bb8b93) addi    s7, s7, 827
core   0: 3 0x800000c0 (0x33bb8b93) x23 0x15df733b
core   0: 0x800000c4 (0x00004c21) c.li    s8, 8
core   0: 3 0x800000c4 (0x4c21) x24 0x00000008
core   0: 0x800000c6 (0x56848cb7) lui     s9, 0x56848
core   0: 3 0x800000c6 (0x56848cb7) x25 0x56848000
core   0: 0x800000ca (0x9bdc8c93) addi    s9, s9, -1603
core   0: 3 0x800000ca (0x9bdc8c93) x25 0x568479bd
core   0: 0x800000ce (0x00004d01) c.li    s10, 0
core   0: 3 0x800000ce (0x4d01) x26 0x00000000
core   0: 0x800000d0 (0x00004d91) c.li    s11, 4
core   0: 3 0x800000d0 (0x4d91) x27 0x00000004
core   0: 0x800000d2 (0xff2e1e37) lui     t3, 0xff2e1
core   0: 3 0x800000d2 (0xff2e1e37) x28 0xff2e1000
core   0: 0x800000d6 (0x93ee0e13) addi    t3, t3, -1730
core   0: 3 0x800000d6 (0x93ee0e13) x28 0xff2e093e
core   0: 0x800000da (0x00004ea9) c.li    t4, 10
core   0: 3 0x800000da (0x4ea9) x29 0x0000000a
core   0: 0x800000dc (0x80000f37) lui     t5, 0x80000
core   0: 3 0x800000dc (0x80000f37) x30 0x80000000
core   0: 0x800000e0 (0xf9a66fb7) lui     t6, 0xf9a66
core   0: 3 0x800000e0 (0xf9a66fb7) x31 0xf9a66000
core   0: 0x800000e4 (0x233f8f93) addi    t6, t6, 563
core   0: 3 0x800000e4 (0x233f8f93) x31 0xf9a66233
core   0: 0x800000e8 (0x00026a17) auipc   s4, 0x26
core   0: 3 0x800000e8 (0x00026a17) x20 0x800260e8
core   0: 0x800000ec (0xdbca0a13) addi    s4, s4, -580
core   0: 3 0x800000ec (0xdbca0a13) x20 0x80025ea4
core   0: 0x800000f0 (0x0120036f) jal     t1, pc + 0x12
core   0: 3 0x800000f0 (0x0120036f) x6  0x800000f4
core   0: 0x80000102 (0x00003fcd) c.jal   pc - 14
core   0: 3 0x80000102 (0x3fcd) x1  0x80000104
core   0: 0x800000f4 (0x0000a815) c.j     pc + 52
core   0: 3 0x800000f4 (0xa815)
core   0: 0x80000128 (0x0000bff1) c.j     pc - 36
core   0: 3 0x80000128 (0xbff1)
core   0: 0x80000104 (0x00e000ef) jal     pc + 0xe
core   0: 3 0x80000104 (0x00e000ef) x1  0x80000108
core   0: 0x80000112 (0x010000ef) jal     pc + 0x10
core   0: 3 0x80000112 (0x010000ef) x1  0x80000116
core   0: 0x80000122 (0x00003fd9) c.jal   pc - 42
core   0: 3 0x80000122 (0x3fd9) x1  0x80000124
core   0: 0x800000f8 (0x032000ef) jal     pc + 0x32
core   0: 3 0x800000f8 (0x032000ef) x1  0x800000fc
core   0: 0x8000012a (0x00003fc5) c.jal   pc - 16
core   0: 3 0x8000012a (0x3fc5) x1  0x8000012c
core   0: 0x8000011a (0x01e000ef) jal     pc + 0x1e
core   0: 3 0x8000011a (0x01e000ef) x1  0x8000011e
core   0: 0x80000138 (0x0000b7dd) c.j     pc - 26
core   0: 3 0x80000138 (0xb7dd)
core   0: 0x8000011e (0x0000a009) c.j     pc + 2
core   0: 3 0x8000011e (0xa009)
core   0: 0x80000120 (0x0000bff1) c.j     pc - 36
core   0: 3 0x80000120 (0xbff1)
core   0: 0x800000fc (0x0000a811) c.j     pc + 20
core   0: 3 0x800000fc (0xa811)
core   0: 0x80000110 (0x0000b7fd) c.j     pc - 18
core   0: 3 0x80000110 (0xb7fd)
core   0: 0x800000fe (0x0000a039) c.j     pc + 14
core   0: 3 0x800000fe (0xa039)
core   0: 0x8000010c (0x00a000ef) jal     pc + 0xa
core   0: 3 0x8000010c (0x00a000ef) x1  0x80000110
core   0: 0x80000116 (0xfe1ff0ef) jal     pc - 0x20
core   0: 3 0x80000116 (0xfe1ff0ef) x1  0x8000011a
core   0: 0x800000f6 (0x0000a811) c.j     pc + 20
core   0: 3 0x800000f6 (0xa811)
core   0: 0x8000010a (0x0000a829) c.j     pc + 26
core   0: 3 0x8000010a (0xa829)
core   0: 0x80000124 (0x00a0066f) jal     a2, pc + 0xa
core   0: 3 0x80000124 (0x00a0066f) x12 0x80000128
core   0: 0x8000012e (0x00003fc9) c.jal   pc - 46
core   0: 3 0x8000012e (0x3fc9) x1  0x80000130
core   0: 0x80000100 (0x0000a021) c.j     pc + 8
core   0: 3 0x80000100 (0xa021)
core   0: 0x80000108 (0x00002015) c.jal   pc + 36
core   0: 3 0x80000108 (0x2015) x1  0x8000010a
core   0: 0x8000012c (0x0000a011) c.j     pc + 4
core   0: 3 0x8000012c (0xa011)
core   0: 0x80000130 (0x0040036f) jal     t1, pc + 0x4
core   0: 3 0x80000130 (0x0040036f) x6  0x80000134
core   0: 0x80000134 (0x006000ef) jal     pc + 0x6
core   0: 3 0x80000134 (0x006000ef) x1  0x80000138
core   0: 0x8000013a (0x41f25333) sra     t1, tp, t6
core   0: 3 0x8000013a (0x41f25333) x6  0xfffff000
core   0: 0x8000013e (0x00005259) c.li    tp, -10
core   0: 3 0x8000013e (0x5259) x4  0xfffffff6
core   0: 0x80000140 (0x00004fbd) c.li    t6, 15
core   0: 3 0x80000140 (0x4fbd) x31 0x0000000f
core   0: 0x80000142 (0x00f14933) xor     s2, sp, a5
core   0: 3 0x80000142 (0x00f14933) x18 0xf38422ec
core   0: 0x80000146 (0x01edf5b3) and     a1, s11, t5
core   0: 3 0x80000146 (0x01edf5b3) x11 0x00000000
core   0: 0x8000014a (0x00005edd) c.li    t4, -9
core   0: 3 0x8000014a (0x5edd) x29 0xfffffff7
core   0: 0x8000014c (0x00000001) c.nop
core   0: 3 0x8000014c (0x0001)
core   0: 0x8000014e (0x0000978a) c.add   a5, sp
core   0: 3 0x8000014e (0x978a) x15 0xf38422f2
core   0: 0x80000150 (0x01c0a433) slt     s0, ra, t3
core   0: 3 0x80000150 (0x01c0a433) x8  0x00000001
core   0: 0x80000154 (0xecf9e513) ori     a0, s3, -305
core   0: 3 0x80000154 (0xecf9e513) x10 0xfffffeef
core   0: 0x80000158 (0x00000221) c.addi  tp, 8
core   0: 3 0x80000158 (0x0221) x4  0xfffffffe
core   0: 0x8000015a (0x01bb5f93) srli    t6, s6, 27
core   0: 3 0x8000015a (0x01bb5f93) x31 0x00000000
core   0: 0x8000015e (0x03cf97b3) mulh    a5, t6, t3
core   0: 3 0x8000015e (0x03cf97b3) x15 0x00000000
core   0: 0x80000162 (0x3fac3497) auipc   s1, 0x3fac3
core   0: 3 0x80000162 (0x3fac3497) x9  0xbfac3162
core   0: 0x80000166 (0xffd244e3) blt     tp, t4, pc - 24
core   0: 3 0x80000166 (0xffd244e3)
core   0: 0x8000016a (0x00008dbd) c.xor   a1, a5
core   0: 3 0x8000016a (0x8dbd) x11 0x00000000
core   0: 0x8000016c (0x02a0036f) jal     t1, pc + 0x2a
core   0: 3 0x8000016c (0x02a0036f) x6  0x80000170
core   0: 0x80000196 (0x000037fd) c.jal   pc - 18
core   0: 3 0x80000196 (0x37fd) x1  0x80000198
core   0: 0x80000184 (0xff7ff0ef) jal     pc - 0xa
core   0: 3 0x80000184 (0xff7ff0ef) x1  0x80000188
core   0: 0x8000017a (0x00002839) c.jal   pc + 30
core   0: 3 0x8000017a (0x2839) x1  0x8000017c
core   0: 0x80000198 (0x0100086f) jal     a6, pc + 0x10
core   0: 3 0x80000198 (0x0100086f) x16 0x8000019c
core   0: 0x800001a8 (0x00003fdd) c.jal   pc - 10
core   0: 3 0x800001a8 (0x3fdd) x1  0x800001aa
core   0: 0x8000019e (0x000037fd) c.jal   pc - 18
core   0: 3 0x8000019e (0x37fd) x1  0x800001a0
core   0: 0x8000018c (0x000037dd) c.jal   pc - 26
core   0: 3 0x8000018c (0x37dd) x1  0x8000018e
core   0: 0x80000172 (0x0000a02d) c.j     pc + 42
core   0: 3 0x80000172 (0xa02d)
core   0: 0x8000019c (0x0000b7c5) c.j     pc - 32
core   0: 3 0x8000019c (0xb7c5)
core   0: 0x8000017c (0x02a0036f) jal     t1, pc + 0x2a
core   0: 3 0x8000017c (0x02a0036f) x6  0x80000180
core   0: 0x800001a6 (0x0000b7fd) c.j     pc - 18
core   0: 3 0x800001a6 (0xb7fd)
core   0: 0x80000194 (0x00003fd5) c.jal   pc - 12
core   0: 3 0x80000194 (0x3fd5) x1  0x80000196
core   0: 0x80000188 (0xfefff36f) jal     t1, pc - 0x12
core   0: 3 0x80000188 (0xfefff36f) x6  0x8000018c
core   0: 0x80000176 (0x02a0036f) jal     t1, pc + 0x2a
core   0: 3 0x80000176 (0x02a0036f) x6  0x8000017a
core   0: 0x800001a0 (0x00003fd1) c.jal   pc - 44
core   0: 3 0x800001a0 (0x3fd1) x1  0x800001a2
core   0: 0x80000174 (0x00002031) c.jal   pc + 12
core   0: 3 0x80000174 (0x2031) x1  0x80000176
core   0: 0x80000180 (0xff1ff9ef) jal     s3, pc - 0x10
core   0: 3 0x80000180 (0xff1ff9ef) x19 0x80000184
core   0: 0x80000170 (0x00002005) c.jal   pc + 32
core   0: 3 0x80000170 (0x2005) x1  0x80000172
core   0: 0x80000190 (0xfffff0ef) jal     pc - 0x2
core   0: 3 0x80000190 (0xfffff0ef) x1  0x80000194
core   0: 0x8000018e (0x00002811) c.jal   pc + 20
core   0: 3 0x8000018e (0x2811) x1  0x80000190
core   0: 0x800001a2 (0x0000a009) c.j     pc + 2
core   0: 3 0x800001a2 (0xa009)
core   0: 0x800001a4 (0x00002019) c.jal   pc + 6
core   0: 3 0x800001a4 (0x2019) x1  0x800001a6
core   0: 0x800001aa (0x8347bf37) lui     t5, 0x8347b
core   0: 3 0x800001aa (0x8347bf37) x30 0x8347b000
core   0: 0x800001ae (0x0001af17) auipc   t5, 0x1a
core   0: 3 0x800001ae (0x0001af17) x30 0x8001a1ae
core   0: 0x800001b2 (0x2d4f0f13) addi    t5, t5, 724
core   0: 3 0x800001b2 (0x2d4f0f13) x30 0x8001a482
core   0: 0x800001b6 (0x00af5c83) lhu     s9, 10(t5)
core   0: 3 0x800001b6 (0x00af5c83) x25 0x00004647 mem 0x8001a48c
core   0: 0x800001ba (0xffbf0f83) lb      t6, -5(t5)
core   0: 3 0x800001ba (0xffbf0f83) x31 0x00000036 mem 0x8001a47d
core   0: 0x800001be (0x0201f2b3) remu    t0, gp, zero
core   0: 3 0x800001be (0x0201f2b3) x5  0x00000000
core   0: 0x800001c2 (0x000f5303) lhu     t1, 0(t5)
core   0: 3 0x800001c2 (0x000f5303) x6  0x00003839 mem 0x8001a482
core   0: 0x800001c6 (0xff9f0703) lb      a4, -7(t5)
core   0: 3 0x800001c6 (0xff9f0703) x14 0x00000030 mem 0x8001a47b
core   0: 0x800001ca (0xffaf2c83) lw      s9, -6(t5)
core   0: 3 0x800001ca (0xffaf2c83) x25 0x34353637 mem 0x8001a47c
core   0: 0x800001ce (0x00009fc2) c.add   t6, a6
core   0: 3 0x800001ce (0x9fc2) x31 0x800001d2
core   0: 0x800001d0 (0x016b28b3) slt     a7, s6, s6
core   0: 3 0x800001d0 (0x016b28b3) x17 0x00000000
core   0: 0x800001d4 (0x00008cd9) c.or    s1, a4
core   0: 3 0x800001d4 (0x8cd9) x9  0xbfac3172
core   0: 0x800001d6 (0x0000094d) c.addi  s2, 19
core   0: 3 0x800001d6 (0x094d) x18 0xf38422ff
core   0: 0x800001d8 (0x008f1703) lh      a4, 8(t5)
core   0: 3 0x800001d8 (0x008f1703) x14 0x00004041 mem 0x8001a48a
core   0: 0x800001dc (0x000095ce) c.add   a1, s3
core   0: 3 0x800001dc (0x95ce) x11 0x80000184
core   0: 0x800001de (0xff2f0903) lb      s2, -14(t5)
core   0: 3 0x800001de (0xff2f0903) x18 0x0000002f mem 0x8001a474
core   0: 0x800001e2 (0x005873b3) and     t2, a6, t0
core   0: 3 0x800001e2 (0x005873b3) x7  0x00000000
core   0: 0x800001e6 (0x00df0323) sb      a3, 6(t5)
core   0: 3 0x800001e6 (0x00df0323) mem 0x8001a488 0xb0
core   0: 0x800001ea (0x006f4203) lbu     tp, 6(t5)
core   0: 3 0x800001ea (0x006f4203) x4  0x000000b0 mem 0x8001a488
core   0: 0x800001ee (0x008f4503) lbu     a0, 8(t5)
core   0: 3 0x800001ee (0x008f4503) x10 0x00000041 mem 0x8001a48a
core   0: 0x800001f2 (0xfe8f0c23) sb      s0, -8(t5)
core   0: 3 0x800001f2 (0xfe8f0c23) mem 0x8001a47a 0x01
core   0: 0x800001f6 (0xff8f5303) lhu     t1, -8(t5)
core   0: 3 0x800001f6 (0xff8f5303) x6  0x00003001 mem 0x8001a47a
core   0: 0x800001fa (0x00af0703) lb      a4, 10(t5)
core   0: 3 0x800001fa (0x00af0703) x14 0x00000047 mem 0x8001a48c
core   0: 0x800001fe (0x004e9e33) sll     t3, t4, tp
core   0: 3 0x800001fe (0x004e9e33) x28 0xfff70000
core   0: 0x80000202 (0x00ef0003) lb      zero, 14(t5)
core   0: 3 0x80000202 (0x00ef0003) mem 0x8001a490
core   0: 0x80000206 (0x00cf1123) sh      a2, 2(t5)
core   0: 3 0x80000206 (0x00cf1123) mem 0x8001a484 0x0128
core   0: 0x8000020a (0x00ed49b3) xor     s3, s10, a4
core   0: 3 0x8000020a (0x00ed49b3) x19 0x00000047
core   0: 0x8000020e (0x60dc0d13) addi    s10, s8, 1549
core   0: 3 0x8000020e (0x60dc0d13) x26 0x00000615
core   0: 0x80000212 (0xff9f4083) lbu     ra, -7(t5)
core   0: 3 0x80000212 (0xff9f4083) x1  0x00000030 mem 0x8001a47b
core   0: 0x80000216 (0xfeef08a3) sb      a4, -15(t5)
core   0: 3 0x80000216 (0xfeef08a3) mem 0x8001a473 0x47
core   0: 0x8000021a (0x001f4503) lbu     a0, 1(t5)
core   0: 3 0x8000021a (0x001f4503) x10 0x00000038 mem 0x8001a483
core   0: 0x8000021e (0x03454333) div     t1, a0, s4
core   0: 3 0x8000021e (0x03454333) x6  0x00000000
core   0: 0x80000222 (0xff1f0fa3) sb      a7, -1(t5)
core   0: 3 0x80000222 (0xff1f0fa3) mem 0x8001a481 0x00
core   0: 0x80000226 (0x00ef5f83) lhu     t6, 14(t5)
core   0: 3 0x80000226 (0x00ef5f83) x31 0x00004a4b mem 0x8001a490
core   0: 0x8000022a (0xd5cc2613) slti    a2, s8, -676
core   0: 3 0x8000022a (0xd5cc2613) x12 0x00000000
core   0: 0x8000022e (0x016f1023) sh      s6, 0(t5)
core   0: 3 0x8000022e (0x016f1023) mem 0x8001a482 0x000c
core   0: 0x80000232 (0x01ff05a3) sb      t6, 11(t5)
core   0: 3 0x80000232 (0x01ff05a3) mem 0x8001a48d 0x4b
core   0: 0x80000236 (0xfedf0ba3) sb      a3, -9(t5)
core   0: 3 0x80000236 (0xfedf0ba3) mem 0x8001a479 0xb0
core   0: 0x8000023a (0x007f0523) sb      t2, 10(t5)
core   0: 3 0x8000023a (0x007f0523) mem 0x8001a48c 0x00
core   0: 0x8000023e (0x009f0123) sb      s1, 2(t5)
core   0: 3 0x8000023e (0x009f0123) mem 0x8001a484 0x72
core   0: 0x80000242 (0x006f4d03) lbu     s10, 6(t5)
core   0: 3 0x80000242 (0x006f4d03) x26 0x000000b0 mem 0x8001a488
core   0: 0x80000246 (0x0001b197) auipc   gp, 0x1b
core   0: 3 0x80000246 (0x0001b197) x3  0x8001b246
core   0: 0x8000024a (0x49018193) addi    gp, gp, 1168
core   0: 3 0x8000024a (0x49018193) x3  0x8001b6d6
core   0: 0x8000024e (0x00054c33) xor     s8, a0, zero
core   0: 3 0x8000024e (0x00054c33) x24 0x00000038
core   0: 0x80000252 (0xfc71cd03) lbu     s10, -57(gp)
core   0: 3 0x80000252 (0xfc71cd03) x26 0x00000056 mem 0x8001b69d
core   0: 0x80000256 (0x400c5f33) sra     t5, s8, zero
core   0: 3 0x80000256 (0x400c5f33) x30 0x00000038
core   0: 0x8000025a (0x963d7d13) andi    s10, s10, -1693
core   0: 3 0x8000025a (0x963d7d13) x26 0x00000042
core   0: 0x8000025e (0x018f1c33) sll     s8, t5, s8
core   0: 3 0x8000025e (0x018f1c33) x24 0x38000000
core   0: 0x80000262 (0x006d1f13) slli    t5, s10, 6
core   0: 3 0x80000262 (0x006d1f13) x30 0x00001080
core   0: 0x80000266 (0xfd818f03) lb      t5, -40(gp)
core   0: 3 0x80000266 (0xfd818f03) x30 0x00000065 mem 0x8001b6ae
core   0: 0x8000026a (0x01218d03) lb      s10, 18(gp)
core   0: 3 0x8000026a (0x01218d03) x26 0xffffffa3 mem 0x8001b6e8
core   0: 0x8000026e (0xfc01df03) lhu     t5, -64(gp)
core   0: 3 0x8000026e (0xfc01df03) x30 0x00004c4d mem 0x8001b696
core   0: 0x80000272 (0x00000001) c.nop
core   0: 3 0x80000272 (0x0001)
core   0: 0x80000274 (0x00000f33) add     t5, zero, zero
core   0: 3 0x80000274 (0x00000f33) x30 0x00000000
core   0: 0x80000278 (0x00000f76) c.slli  t5, 29
core   0: 3 0x80000278 (0x0f76) x30 0x00000000
core   0: 0x8000027a (0x30b02013) slti    zero, zero, 779
core   0: 3 0x8000027a (0x30b02013)
core   0: 0x8000027e (0xa4557013) andi    zero, a0, -1467
core   0: 3 0x8000027e (0xa4557013)
core   0: 0x80000282 (0x04b29017) auipc   zero, 0x4b29
core   0: 3 0x80000282 (0x04b29017)
core   0: 0x80000286 (0xa42a2017) auipc   zero, 0xa42a2
core   0: 3 0x80000286 (0xa42a2017)
core   0: 0x8000028a (0x038c3433) mulhu   s0, s8, s8
core   0: 3 0x8000028a (0x038c3433) x8  0x0c400000
core   0: 0x8000028e (0xfd41c503) lbu     a0, -44(gp)
core   0: 3 0x8000028e (0xfd41c503) x10 0x00000061 mem 0x8001b6aa
core   0: 0x80000292 (0x00419503) lh      a0, 4(gp)
core   0: 3 0x80000292 (0x00419503) x10 0xffff9091 mem 0x8001b6da
core   0: 0x80000296 (0x79612537) lui     a0, 0x79612
core   0: 3 0x80000296 (0x79612537) x10 0x79612000
core   0: 0x8000029a (0x5f640413) addi    s0, s0, 1526
core   0: 3 0x8000029a (0x5f640413) x8  0x0c4005f6
core   0: 0x8000029e (0x01e18123) sb      t5, 2(gp)
core   0: 3 0x8000029e (0x01e18123) mem 0x8001b6d8 0x00
core   0: 0x800002a2 (0x00006455) c.lui   s0, 0x15
core   0: 3 0x800002a2 (0x6455) x8  0x00015000
core   0: 0x800002a4 (0x02a06f33) rem     t5, zero, a0
core   0: 3 0x800002a4 (0x02a06f33) x30 0x00000000
core   0: 0x800002a8 (0xffa189a3) sb      s10, -13(gp)
core   0: 3 0x800002a8 (0xffa189a3) mem 0x8001b6c9 0xa3
core   0: 0x800002ac (0x00008439) c.srai  s0, 14
core   0: 3 0x800002ac (0x8439) x8  0x00000005
core   0: 0x800002ae (0x00000001) c.nop
core   0: 3 0x800002ae (0x0001)
core   0: 0x800002b0 (0x2b7f7513) andi    a0, t5, 695
core   0: 3 0x800002b0 (0x2b7f7513) x10 0x00000000
core   0: 0x800002b4 (0x00000462) c.slli  s0, 24
core   0: 3 0x800002b4 (0x0462) x8  0x05000000
core   0: 0x800002b6 (0x40850f33) sub     t5, a0, s0
core   0: 3 0x800002b6 (0x40850f33) x30 0xfb000000
core   0: 0x800002ba (0xff91c503) lbu     a0, -7(gp)
core   0: 3 0x800002ba (0xff91c503) x10 0x00000084 mem 0x8001b6cf
core   0: 0x800002be (0xbbe66437) lui     s0, 0xbbe66
core   0: 3 0x800002be (0xbbe66437) x8  0xbbe66000
core   0: 0x800002c2 (0xe6d64f37) lui     t5, 0xe6d64
core   0: 3 0x800002c2 (0xe6d64f37) x30 0xe6d64000
core   0: 0x800002c6 (0xee007f13) andi    t5, zero, -288
core   0: 3 0x800002c6 (0xee007f13) x30 0x00000000
core   0: 0x800002ca (0xfd918c03) lb      s8, -39(gp)
core   0: 3 0x800002ca (0xfd918c03) x24 0x00000064 mem 0x8001b6af
core   0: 0x800002ce (0xc9ec4f13) xori    t5, s8, -866
core   0: 3 0x800002ce (0xc9ec4f13) x30 0xfffffcfa
core   0: 0x800002d2 (0x000f0c33) add     s8, t5, zero
core   0: 3 0x800002d2 (0x000f0c33) x24 0xfffffcfa
core   0: 0x800002d6 (0x03019c03) lh      s8, 48(gp)
core   0: 3 0x800002d6 (0x03019c03) x24 0xffffbcbd mem 0x8001b706
core   0: 0x800002da (0x02018d03) lb      s10, 32(gp)
core   0: 3 0x800002da (0x02018d03) x26 0xffffffad mem 0x8001b6f6
core   0: 0x800002de (0x00014c97) auipc   s9, 0x14
core   0: 3 0x800002de (0x00014c97) x25 0x800142de
core   0: 0x800002e2 (0x68ac8c93) addi    s9, s9, 1674
core   0: 3 0x800002e2 (0x68ac8c93) x25 0x80014968
core   0: 0x800002e6 (0x003c87a3) sb      gp, 15(s9)
core   0: 3 0x800002e6 (0x003c87a3) mem 0x80014977 0xd6
core   0: 0x800002ea (0xff8cc583) lbu     a1, -8(s9)
core   0: 3 0x800002ea (0xff8cc583) x11 0x0000001b mem 0x80014960
core   0: 0x800002ee (0x41dd8d33) sub     s10, s11, t4
core   0: 3 0x800002ee (0x41dd8d33) x26 0x0000000d
core   0: 0x800002f2 (0x03657933) remu    s2, a0, s6
core   0: 3 0x800002f2 (0x03657933) x18 0x00000000
core   0: 0x800002f6 (0x00008015) c.srli  s0, 5
core   0: 3 0x800002f6 (0x8015) x8  0x05df3300
core   0: 0x800002f8 (0xff8ccb03) lbu     s6, -8(s9)
core   0: 3 0x800002f8 (0xff8ccb03) x22 0x0000001b mem 0x80014960
core   0: 0x800002fc (0xff0c8803) lb      a6, -16(s9)
core   0: 3 0x800002fc (0xff0c8803) x16 0x00000013 mem 0x80014958
core   0: 0x80000300 (0xff2c8ea3) sb      s2, -3(s9)
core   0: 3 0x80000300 (0xff2c8ea3) mem 0x80014965 0x00
core   0: 0x80000304 (0xffdc8483) lb      s1, -3(s9)
core   0: 3 0x80000304 (0xffdc8483) x9  0x00000000 mem 0x80014965
core   0: 0x80000308 (0x010cdd83) lhu     s11, 16(s9)
core   0: 3 0x80000308 (0x010cdd83) x27 0x00003233 mem 0x80014978
core   0: 0x8000030c (0x010c9e03) lh      t3, 16(s9)
core   0: 3 0x8000030c (0x010c9e03) x28 0x00003233 mem 0x80014978
core   0: 0x80000310 (0x015c84a3) sb      s5, 9(s9)
core   0: 3 0x80000310 (0x015c84a3) mem 0x80014971 0x24
core   0: 0x80000314 (0x41285eb3) sra     t4, a6, s2
core   0: 3 0x80000314 (0x41285eb3) x29 0x00000013
core   0: 0x80000318 (0x009c8f03) lb      t5, 9(s9)
core   0: 3 0x80000318 (0x009c8f03) x30 0x00000024 mem 0x80014971
core   0: 0x8000031c (0x010cc383) lbu     t2, 16(s9)
core   0: 3 0x8000031c (0x010cc383) x7  0x00000033 mem 0x80014978
core   0: 0x80000320 (0x016c8823) sb      s6, 16(s9)
core   0: 3 0x80000320 (0x016c8823) mem 0x80014978 0x1b
core   0: 0x80000324 (0x00019f17) auipc   t5, 0x19
core   0: 3 0x80000324 (0x00019f17) x30 0x80019324
core   0: 0x80000328 (0xf3ff0f13) addi    t5, t5, -193
core   0: 3 0x80000328 (0xf3ff0f13) x30 0x80019263
core   0: 0x8000032c (0xfd4f07a3) sb      s4, -49(t5)
core   0: 3 0x8000032c (0xfd4f07a3) mem 0x80019232 0xa4
core   0: 0x80000330 (0x43defe13) andi    t3, t4, 1085
core   0: 3 0x80000330 (0x43defe13) x28 0x00000011
core   0: 0x80000334 (0x4bacac93) slti    s9, s9, 1210
core   0: 3 0x80000334 (0x4bacac93) x25 0x00000001
core   0: 0x80000338 (0x00008d09) c.sub   a0, a0
core   0: 3 0x80000338 (0x8d09) x10 0x00000000
core   0: 0x8000033a (0x00512933) slt     s2, sp, t0
core   0: 3 0x8000033a (0x00512933) x18 0x00000001
core   0: 0x8000033e (0xf02f0b03) lb      s6, -254(t5)
core   0: 3 0x8000033e (0xf02f0b03) x22 0x0000001e mem 0x80019165
core   0: 0x80000342 (0x0bbf1c83) lh      s9, 187(t5)
core   0: 3 0x80000342 (0x0bbf1c83) x25 0xffffd4d5 mem 0x8001931e
core   0: 0x80000346 (0x003f64b3) or      s1, t5, gp
core   0: 3 0x80000346 (0x003f64b3) x9  0x8001b6f7
core   0: 0x8000034a (0xff1f2803) lw      a6, -15(t5)
core   0: 3 0x8000034a (0xff1f2803) x16 0x0c0d0e0f mem 0x80019254
core   0: 0x8000034e (0x00000fad) c.addi  t6, 11
core   0: 3 0x8000034e (0x0fad) x31 0x00004a56
core   0: 0x80000350 (0x0a3f0483) lb      s1, 163(t5)
core   0: 3 0x80000350 (0x0a3f0483) x9  0xffffffbd mem 0x80019306
core   0: 0x80000354 (0x1b5abe13) sltiu   t3, s5, 437
core   0: 3 0x80000354 (0x1b5abe13) x28 0x00000000
core   0: 0x80000358 (0x00008ef6) c.mv    t4, t4
core   0: 3 0x80000358 (0x8ef6) x29 0x00000013
core   0: 0x8000035a (0x000087c2) c.mv    a5, a6
core   0: 3 0x8000035a (0x87c2) x15 0x0c0d0e0f
core   0: 0x8000035c (0x016f11a3) sh      s6, 3(t5)
core   0: 3 0x8000035c (0x016f11a3) mem 0x80019266 0x001e
core   0: 0x80000360 (0x0a2f4783) lbu     a5, 162(t5)
core   0: 3 0x80000360 (0x0a2f4783) x15 0x000000be mem 0x80019305
core   0: 0x80000364 (0x03d98333) mul     t1, s3, t4
core   0: 3 0x80000364 (0x03d98333) x6  0x00000545
core   0: 0x80000368 (0x40855db3) sra     s11, a0, s0
core   0: 3 0x80000368 (0x40855db3) x27 0x00000000
core   0: 0x8000036c (0x0323dfb3) divu    t6, t2, s2
core   0: 3 0x8000036c (0x0323dfb3) x31 0x00000033
core   0: 0x80000370 (0x00005e7d) c.li    t3, -1
core   0: 3 0x80000370 (0x5e7d) x28 0xffffffff
core   0: 0x80000372 (0x031852b3) divu    t0, a6, a7
core   0: 3 0x80000372 (0x031852b3) x5  0xffffffff
core   0: 0x80000376 (0x010b87b3) add     a5, s7, a6
core   0: 3 0x80000376 (0x010b87b3) x15 0x21ec814a
core   0: 0x8000037a (0xfa9f2b83) lw      s7, -87(t5)
core   0: 3 0x8000037a (0xfa9f2b83) x23 0xc4c5c6c7 mem 0x8001920c
core   0: 0x8000037e (0xf31f0b23) sb      a7, -202(t5)
core   0: 3 0x8000037e (0xf31f0b23) mem 0x80019199 0x00
core   0: 0x80000382 (0x036f0023) sb      s6, 32(t5)
core   0: 3 0x80000382 (0x036f0023) mem 0x80019283 0x1e
core   0: 0x80000386 (0x00008d41) c.or    a0, s0
core   0: 3 0x80000386 (0x8d41) x10 0x05df3300
core   0: 0x80000388 (0x08ef4303) lbu     t1, 142(t5)
core   0: 3 0x80000388 (0x08ef4303) x6  0x000000aa mem 0x800192f1
core   0: 0x8000038c (0x00011297) auipc   t0, 0x11
core   0: 3 0x8000038c (0x00011297) x5  0x8001138c
core   0: 0x80000390 (0xb6428293) addi    t0, t0, -1180
core   0: 3 0x80000390 (0xb6428293) x5  0x80010ef0
core   0: 0x80000394 (0xadf285a3) sb      t6, -1333(t0)
core   0: 3 0x80000394 (0xadf285a3) mem 0x800109bb 0x33
core   0: 0x80000398 (0xacb28c83) lb      s9, -1333(t0)
core   0: 3 0x80000398 (0xacb28c83) x25 0x00000033 mem 0x800109bb
core   0: 0x8000039c (0xacb2cd03) lbu     s10, -1333(t0)
core   0: 3 0x8000039c (0xacb2cd03) x26 0x00000033 mem 0x800109bb
core   0: 0x800003a0 (0xacb28e83) lb      t4, -1333(t0)
core   0: 3 0x800003a0 (0xacb28e83) x29 0x00000033 mem 0x800109bb
core   0: 0x800003a4 (0xacf285a3) sb      a5, -1333(t0)
core   0: 3 0x800003a4 (0xacf285a3) mem 0x800109bb 0x4a
core   0: 0x800003a8 (0x0d52c883) lbu     a7, 213(t0)
core   0: 3 0x800003a8 (0x0d52c883) x17 0x0000007e mem 0x80010fc5
core   0: 0x800003ac (0x0d52c503) lbu     a0, 213(t0)
core   0: 3 0x800003ac (0x0d52c503) x10 0x0000007e mem 0x80010fc5
core   0: 0x800003b0 (0x0d52ce03) lbu     t3, 213(t0)
core   0: 3 0x800003b0 (0x0d52ce03) x28 0x0000007e mem 0x80010fc5
core   0: 0x800003b4 (0x0d528f83) lb      t6, 213(t0)
core   0: 3 0x800003b4 (0x0d528f83) x31 0x0000007e mem 0x80010fc5
core   0: 0x800003b8 (0x1022a797) auipc   a5, 0x1022a
core   0: 3 0x800003b8 (0x1022a797) x15 0x9022a3b8
core   0: 0x800003bc (0x14f2c783) lbu     a5, 335(t0)
core   0: 3 0x800003bc (0x14f2c783) x15 0x000000f4 mem 0x8001103f
core   0: 0x800003c0 (0x14f2c383) lbu     t2, 335(t0)
core   0: 3 0x800003c0 (0x14f2c383) x7  0x000000f4 mem 0x8001103f
core   0: 0x800003c4 (0x14f2c483) lbu     s1, 335(t0)
core   0: 3 0x800003c4 (0x14f2c483) x9  0x000000f4 mem 0x8001103f
core   0: 0x800003c8 (0x00008c6d) c.and   s0, a1
core   0: 3 0x800003c8 (0x8c6d) x8  0x00000000
core   0: 0x800003ca (0xf892c683) lbu     a3, -119(t0)
core   0: 3 0x800003ca (0xf892c683) x13 0x00000032 mem 0x80010e79
core   0: 0x800003ce (0xf8928083) lb      ra, -119(t0)
core   0: 3 0x800003ce (0xf8928083) x1  0x00000032 mem 0x80010e79
core   0: 0x800003d2 (0xf8928b03) lb      s6, -119(t0)
core   0: 3 0x800003d2 (0xf8928b03) x22 0x00000032 mem 0x80010e79
core   0: 0x800003d6 (0x000082b9) c.srli  a3, 14
core   0: 3 0x800003d6 (0x82b9) x13 0x00000000
core   0: 0x800003d8 (0xf892c683) lbu     a3, -119(t0)
core   0: 3 0x800003d8 (0xf892c683) x13 0x00000032 mem 0x80010e79
core   0: 0x800003dc (0x00011717) auipc   a4, 0x11
core   0: 3 0x800003dc (0x00011717) x14 0x800113dc
core   0: 0x800003e0 (0x98e70713) addi    a4, a4, -1650
core   0: 3 0x800003e0 (0x98e70713) x14 0x80010d6a
core   0: 0x800003e4 (0xfe475d83) lhu     s11, -28(a4)
core   0: 3 0x800003e4 (0xfe475d83) x27 0x00000405 mem 0x80010d4e
core   0: 0x800003e8 (0xfef70223) sb      a5, -28(a4)
core   0: 3 0x800003e8 (0xfef70223) mem 0x80010d4e 0xf4
core   0: 0x800003ec (0xff574b83) lbu     s7, -11(a4)
core   0: 3 0x800003ec (0xff574b83) x23 0x00000014 mem 0x80010d5f
core   0: 0x800003f0 (0xff574303) lbu     t1, -11(a4)
core   0: 3 0x800003f0 (0xff574303) x6  0x00000014 mem 0x80010d5f
core   0: 0x800003f4 (0xfca71423) sh      a0, -56(a4)
core   0: 3 0x800003f4 (0xfca71423) mem 0x80010d32 0x007e
core   0: 0x800003f8 (0x02070e23) sb      zero, 60(a4)
core   0: 3 0x800003f8 (0x02070e23) mem 0x80010da6 0x00
core   0: 0x800003fc (0x03c71583) lh      a1, 60(a4)
core   0: 3 0x800003fc (0x03c71583) x11 0x00005c00 mem 0x80010da6
core   0: 0x80000400 (0x03c74083) lbu     ra, 60(a4)
core   0: 3 0x80000400 (0x03c74083) x1  0x00000000 mem 0x80010da6
core   0: 0x80000404 (0x00acfbb3) and     s7, s9, a0
core   0: 3 0x80000404 (0x00acfbb3) x23 0x00000032
core   0: 0x80000408 (0x03c70503) lb      a0, 60(a4)
core   0: 3 0x80000408 (0x03c70503) x10 0x00000000 mem 0x80010da6
core   0: 0x8000040c (0xfe875803) lhu     a6, -24(a4)
core   0: 3 0x8000040c (0xfe875803) x16 0x00000809 mem 0x80010d52
core   0: 0x80000410 (0xfe874383) lbu     t2, -24(a4)
core   0: 3 0x80000410 (0xfe874383) x7  0x00000009 mem 0x80010d52
core   0: 0x80000414 (0xffb70423) sb      s11, -24(a4)
core   0: 3 0x80000414 (0xffb70423) mem 0x80010d52 0x05
core   0: 0x80000418 (0xfc774d83) lbu     s11, -57(a4)
core   0: 3 0x80000418 (0xfc774d83) x27 0x000000ea mem 0x80010d31
core   0: 0x8000041c (0x03307333) remu    t1, zero, s3
core   0: 3 0x8000041c (0x03307333) x6  0x00000000
core   0: 0x80000420 (0x01b700a3) sb      s11, 1(a4)
core   0: 3 0x80000420 (0x01b700a3) mem 0x80010d6b 0xea
core   0: 0x80000424 (0xfc774c03) lbu     s8, -57(a4)
core   0: 3 0x80000424 (0xfc774c03) x24 0x000000ea mem 0x80010d31
core   0: 0x80000428 (0xfd9703a3) sb      s9, -57(a4)
core   0: 3 0x80000428 (0xfd9703a3) mem 0x80010d31 0x33
core   0: 0x8000042c (0x00004d09) c.li    s10, 2
core   0: 3 0x8000042c (0x4d09) x26 0x00000002
core   0: 0x8000042e (0x00008139) c.srli  a0, 14
core   0: 3 0x8000042e (0x8139) x10 0x00000000
core   0: 0x80000430 (0x000048b9) c.li    a7, 14
core   0: 3 0x80000430 (0x48b9) x17 0x0000000e
core   0: 0x80000432 (0x176cac93) slti    s9, s9, 374
core   0: 3 0x80000432 (0x176cac93) x25 0x00000001
core   0: 0x80000436 (0x00008cd1) c.or    s1, a2
core   0: 3 0x80000436 (0x8cd1) x9  0x000000f4
core   0: 0x80000438 (0x03981033) mulh    zero, a6, s9
core   0: 3 0x80000438 (0x03981033)
core   0: 0x8000043c (0x00000d05) c.addi  s10, 1
core   0: 3 0x8000043c (0x0d05) x26 0x00000003
core   0: 0x8000043e (0x0000859d) c.srai  a1, 7
core   0: 3 0x8000043e (0x859d) x11 0x000000b8
core   0: 0x80000440 (0x01220733) add     a4, tp, s2
core   0: 3 0x80000440 (0x01220733) x14 0x000000b1
core   0: 0x80000444 (0x00005375) c.li    t1, -3
core   0: 3 0x80000444 (0x5375) x6  0xfffffffd
core   0: 0x80000446 (0x40a282b3) sub     t0, t0, a0
core   0: 3 0x80000446 (0x40a282b3) x5  0x80010ef0
core   0: 0x8000044a (0x00004e15) c.li    t3, 5
core   0: 3 0x8000044a (0x4e15) x28 0x00000005
core   0: 0x8000044c (0x00008ea6) c.mv    t4, s1
core   0: 3 0x8000044c (0x8ea6) x29 0x000000f4
core   0: 0x8000044e (0x01b6e6b3) or      a3, a3, s11
core   0: 3 0x8000044e (0x01b6e6b3) x13 0x000000fa
core   0: 0x80000452 (0x03f82f33) mulhsu  t5, a6, t6
core   0: 3 0x80000452 (0x03f82f33) x30 0x00000000
core   0: 0x80000456 (0x00008ed1) c.or    a3, a2
core   0: 3 0x80000456 (0x8ed1) x13 0x000000fa
core   0: 0x80000458 (0x00000321) c.addi  t1, 8
core   0: 3 0x80000458 (0x0321) x6  0x00000005
core   0: 0x8000045a (0xffc30ce3) beq     t1, t3, pc - 8
core   0: 3 0x8000045a (0xffc30ce3)
core   0: 0x80000452 (0x03f82f33) mulhsu  t5, a6, t6
core   0: 3 0x80000452 (0x03f82f33) x30 0x00000000
core   0: 0x80000456 (0x00008ed1) c.or    a3, a2
core   0: 3 0x80000456 (0x8ed1) x13 0x000000fa
core   0: 0x80000458 (0x00000321) c.addi  t1, 8
core   0: 3 0x80000458 (0x0321) x6  0x0000000d
core   0: 0x8000045a (0xffc30ce3) beq     t1, t3, pc - 8
core   0: 3 0x8000045a (0xffc30ce3)
core   0: 0x8000045e (0x40200233) sub     tp, zero, sp
core   0: 3 0x8000045e (0x40200233) x4  0x0c7bdd19
core   0: 0x80000462 (0x0000808a) c.mv    ra, sp
core   0: 3 0x80000462 (0x808a) x1  0xf38422e7
core   0: 0x80000464 (0x00008d69) c.and   a0, a0
core   0: 3 0x80000464 (0x8d69) x10 0x00000000
core   0: 0x80000466 (0xfd1d09e3) beq     s10, a7, pc - 46
core   0: 3 0x80000466 (0xfd1d09e3)
core   0: 0x8000046a (0x01c47933) and     s2, s0, t3
core   0: 3 0x8000046a (0x01c47933) x18 0x00000000
core   0: 0x8000046e (0x00011517) auipc   a0, 0x11
core   0: 3 0x8000046e (0x00011517) x10 0x8001146e
core   0: 0x80000472 (0xb3e50513) addi    a0, a0, -1218
core   0: 3 0x80000472 (0xb3e50513) x10 0x80010fac
core   0: 0x80000476 (0xc1e50d03) lb      s10, -994(a0)
core   0: 3 0x80000476 (0xc1e50d03) x26 0xffffff81 mem 0x80010bca
core   0: 0x8000047a (0x407c5213) srai    tp, s8, 7
core   0: 3 0x8000047a (0x407c5213) x4  0x00000001
core   0: 0x8000047e (0x00488733) add     a4, a7, tp
core   0: 3 0x8000047e (0x00488733) x14 0x0000000f
core   0: 0x80000482 (0x018a4e33) xor     t3, s4, s8
core   0: 3 0x80000482 (0x018a4e33) x28 0x80025e4e
core   0: 0x80000486 (0x03708933) mul     s2, ra, s7
core   0: 3 0x80000486 (0x03708933) x18 0x8fced11e
core   0: 0x8000048a (0x02be2433) mulhsu  s0, t3, a1
core   0: 3 0x8000048a (0x02be2433) x8  0xffffffa4
core   0: 0x8000048e (0xc3c50b83) lb      s7, -964(a0)
core   0: 3 0x8000048e (0xc3c50b83) x23 0xffffffa3 mem 0x80010be8
core   0: 0x80000492 (0x896db013) sltiu   zero, s11, -1898
core   0: 3 0x80000492 (0x896db013)
core   0: 0x80000496 (0xa0350183) lb      gp, -1533(a0)
core   0: 3 0x80000496 (0xa0350183) x3  0x00000064 mem 0x800109af
core   0: 0x8000049a (0x00008f51) c.or    a4, a2
core   0: 3 0x8000049a (0x8f51) x14 0x0000000f
core   0: 0x8000049c (0x00008c85) c.sub   s1, s1
core   0: 3 0x8000049c (0x8c85) x9  0x00000000
core   0: 0x8000049e (0xf1255603) lhu     a2, -238(a0)
core   0: 3 0x8000049e (0xf1255603) x12 0x00007475 mem 0x80010ebe
core   0: 0x800004a2 (0xd4950003) lb      zero, -695(a0)
core   0: 3 0x800004a2 (0xd4950003) mem 0x80010cf5
core   0: 0x800004a6 (0xa6354703) lbu     a4, -1437(a0)
core   0: 3 0x800004a6 (0xa6354703) x14 0x000000c4 mem 0x80010a0f
core   0: 0x800004aa (0x00008ce5) c.and   s1, s1
core   0: 3 0x800004aa (0x8ce5) x9  0x00000000
core   0: 0x800004ac (0x158e3c93) sltiu   s9, t3, 344
core   0: 3 0x800004ac (0x158e3c93) x25 0x00000000
core   0: 0x800004b0 (0xeb254283) lbu     t0, -334(a0)
core   0: 3 0x800004b0 (0xeb254283) x5  0x00000015 mem 0x80010e5e
core   0: 0x800004b4 (0x02beccb3) div     s9, t4, a1
core   0: 3 0x800004b4 (0x02beccb3) x25 0x00000001
core   0: 0x800004b8 (0xe5051383) lh      t2, -432(a0)
core   0: 3 0x800004b8 (0xe5051383) x7  0xffffb6b7 mem 0x80010dfc
core   0: 0x800004bc (0xd9151b23) sh      a7, -618(a0)
core   0: 3 0x800004bc (0xd9151b23) mem 0x80010d42 0x000e
core   0: 0x800004c0 (0x00008e31) c.xor   a2, a2
core   0: 3 0x800004c0 (0x8e31) x12 0x00000000
core   0: 0x800004c2 (0x0046a733) slt     a4, a3, tp
core   0: 3 0x800004c2 (0x0046a733) x14 0x00000000
core   0: 0x800004c6 (0xc8150b23) sb      ra, -874(a0)
core   0: 3 0x800004c6 (0xc8150b23) mem 0x80010c42 0xe7
core   0: 0x800004ca (0x00000d62) c.slli  s10, 24
core   0: 3 0x800004ca (0x0d62) x26 0x81000000
core   0: 0x800004cc (0x023b0833) mul     a6, s6, gp
core   0: 3 0x800004cc (0x023b0833) x16 0x00001388
core   0: 0x800004d0 (0x01251583) lh      a1, 18(a0)
core   0: 3 0x800004d0 (0x01251583) x11 0x00007475 mem 0x80010fbe
core   0: 0x800004d4 (0x00008a71) c.andi  a2, 28
core   0: 3 0x800004d4 (0x8a71) x12 0x00000000
core   0: 0x800004d6 (0x00008865) c.andi  s0, 25
core   0: 3 0x800004d6 (0x8865) x8  0x00000000
core   0: 0x800004d8 (0x00000001) c.nop
core   0: 3 0x800004d8 (0x0001)
core   0: 0x800004da (0x02555bb3) divu    s7, a0, t0
core   0: 3 0x800004da (0x02555bb3) x23 0x06186e75
core   0: 0x800004de (0xb33502a3) sb      s3, -1243(a0)
core   0: 3 0x800004de (0xb33502a3) mem 0x80010ad1 0x47
core   0: 0x800004e2 (0xa2d50c83) lb      s9, -1491(a0)
core   0: 3 0x800004e2 (0xa2d50c83) x25 0xffffff92 mem 0x800109d9
core   0: 0x800004e6 (0x00004e29) c.li    t3, 10
core   0: 3 0x800004e6 (0x4e29) x28 0x0000000a
core   0: 0x800004e8 (0x000043bd) c.li    t2, 15
core   0: 3 0x800004e8 (0x43bd) x7  0x0000000f
core   0: 0x800004ea (0xc2a8d237) lui     tp, 0xc2a8d
core   0: 3 0x800004ea (0xc2a8d237) x4  0xc2a8d000
core   0: 0x800004ee (0x00008721) c.srai  a4, 8
core   0: 3 0x800004ee (0x8721) x14 0x00000000
core   0: 0x800004f0 (0x00006d79) c.lui   s10, 0x1e
core   0: 3 0x800004f0 (0x6d79) x26 0x0001e000
core   0: 0x800004f2 (0x00004525) c.li    a0, 9
core   0: 3 0x800004f2 (0x4525) x10 0x00000009
core   0: 0x800004f4 (0x00008bc9) c.andi  a5, 18
core   0: 3 0x800004f4 (0x8bc9) x15 0x00000010
core   0: 0x800004f6 (0xa94da693) slti    a3, s11, -1388
core   0: 3 0x800004f6 (0xa94da693) x13 0x00000000
core   0: 0x800004fa (0x417d5c33) sra     s8, s10, s7
core   0: 3 0x800004fa (0x417d5c33) x24 0x00000000
core   0: 0x800004fe (0x009bd313) srli    t1, s7, 9
core   0: 3 0x800004fe (0x009bd313) x6  0x00030c37
core   0: 0x80000502 (0x00ee3033) sltu    zero, t3, a4
core   0: 3 0x80000502 (0x00ee3033)
core   0: 0x80000506 (0x402e03b3) sub     t2, t3, sp
core   0: 3 0x80000506 (0x402e03b3) x7  0x0c7bdd23
core   0: 0x8000050a (0x00001e61) c.addi  t3, -8
core   0: 3 0x8000050a (0x1e61) x28 0x00000002
core   0: 0x8000050c (0x03c1d797) auipc   a5, 0x3c1d
core   0: 3 0x8000050c (0x03c1d797) x15 0x83c1d50c
core   0: 0x80000510 (0xfeae7be3) bgeu    t3, a0, pc - 10
core   0: 3 0x80000510 (0xfeae7be3)
core   0: 0x80000514 (0x003e3633) sltu    a2, t3, gp
core   0: 3 0x80000514 (0x003e3633) x12 0x00000001
core   0: 0x80000518 (0x0001d717) auipc   a4, 0x1d
core   0: 3 0x80000518 (0x0001d717) x14 0x8001d518
core   0: 0x8000051c (0x91570713) addi    a4, a4, -1771
core   0: 3 0x8000051c (0x91570713) x14 0x8001ce2d
core   0: 0x80000520 (0x000082f9) c.srli  a3, 30
core   0: 3 0x80000520 (0x82f9) x13 0x00000000
core   0: 0x80000522 (0x14102013) slti    zero, zero, 321
core   0: 3 0x80000522 (0x14102013)
core   0: 0x80000526 (0x0b974e83) lbu     t4, 185(a4)
core   0: 3 0x80000526 (0x0b974e83) x29 0x0000009d mem 0x8001cee6
core   0: 0x8000052a (0x0b470683) lb      a3, 180(a4)
core   0: 3 0x8000052a (0x0b470683) x13 0xffffff9a mem 0x8001cee1
core   0: 0x8000052e (0x02001bb3) mulh    s7, zero, zero
core   0: 3 0x8000052e (0x02001bb3) x23 0x00000000
core   0: 0x80000532 (0x02007bb3) remu    s7, zero, zero
core   0: 3 0x80000532 (0x02007bb3) x23 0x00000000
core   0: 0x80000536 (0x41d00033) sub     zero, zero, t4
core   0: 3 0x80000536 (0x41d00033)
core   0: 0x8000053a (0x0dd71b83) lh      s7, 221(a4)
core   0: 3 0x8000053a (0x0dd71b83) x23 0xffffc0c1 mem 0x8001cf0a
core   0: 0x8000053e (0x00004ef5) c.li    t4, 29
core   0: 3 0x8000053e (0x4ef5) x29 0x0000001d
core   0: 0x80000540 (0x6b4bb013) sltiu   zero, s7, 1716
core   0: 3 0x80000540 (0x6b4bb013)
core   0: 0x80000544 (0xf7274003) lbu     zero, -142(a4)
core   0: 3 0x80000544 (0xf7274003) mem 0x8001cd9f
core   0: 0x80000548 (0xf6874303) lbu     t1, -152(a4)
core   0: 3 0x80000548 (0xf6874303) x6  0x0000004e mem 0x8001cd95
core   0: 0x8000054c (0x02633bb3) mulhu   s7, t1, t1
core   0: 3 0x8000054c (0x02633bb3) x23 0x00000000
core   0: 0x80000550 (0x00009e9a) c.add   t4, t1
core   0: 3 0x80000550 (0x9e9a) x29 0x0000006b
core   0: 0x80000552 (0x02dbeeb3) rem     t4, s7, a3
core   0: 3 0x80000552 (0x02dbeeb3) x29 0x00000000
core   0: 0x80000556 (0x0fe70003) lb      zero, 254(a4)
core   0: 3 0x80000556 (0x0fe70003) mem 0x8001cf2b
core   0: 0x8000055a (0x00870b83) lb      s7, 8(a4)
core   0: 3 0x8000055a (0x00870b83) x23 0xffffffee mem 0x8001ce35
core   0: 0x8000055e (0x01737eb3) and     t4, t1, s7
core   0: 3 0x8000055e (0x01737eb3) x29 0x0000004e
core   0: 0x80000562 (0x274b0017) auipc   zero, 0x274b0
core   0: 3 0x80000562 (0x274b0017)
core   0: 0x80000566 (0x02034bb3) div     s7, t1, zero
core   0: 3 0x80000566 (0x02034bb3) x23 0xffffffff
core   0: 0x8000056a (0x0000537d) c.li    t1, -1
core   0: 3 0x8000056a (0x537d) x6  0xffffffff
core   0: 0x8000056c (0x00d05333) srl     t1, zero, a3
core   0: 3 0x8000056c (0x00d05333) x6  0x00000000
core   0: 0x80000570 (0x00008531) c.srai  a0, 12
core   0: 3 0x80000570 (0x8531) x10 0x00000000
core   0: 0x80000572 (0x02670da3) sb      t1, 59(a4)
core   0: 3 0x80000572 (0x02670da3) mem 0x8001ce68 0x00
core   0: 0x80000576 (0x02a36bb3) rem     s7, t1, a0
core   0: 3 0x80000576 (0x02a36bb3) x23 0x00000000
core   0: 0x8000057a (0x00aed6b3) srl     a3, t4, a0
core   0: 3 0x8000057a (0x00aed6b3) x13 0x0000004e
core   0: 0x8000057e (0xf5575e83) lhu     t4, -171(a4)
core   0: 3 0x8000057e (0xf5575e83) x29 0x00003839 mem 0x8001cd82
core   0: 0x80000582 (0x00000ebe) c.slli  t4, 15
core   0: 3 0x80000582 (0x0ebe) x29 0x1c1c8000
core   0: 0x80000584 (0x00a05eb3) srl     t4, zero, a0
core   0: 3 0x80000584 (0x00a05eb3) x29 0x00000000
core   0: 0x80000588 (0x00008ee9) c.and   a3, a0
core   0: 3 0x80000588 (0x8ee9) x13 0x00000000
core   0: 0x8000058a (0x41768333) sub     t1, a3, s7
core   0: 3 0x8000058a (0x41768333) x6  0x00000000
core   0: 0x8000058e (0xfbd72da3) sw      t4, -69(a4)
core   0: 3 0x8000058e (0xfbd72da3) mem 0x8001cde8 0x00000000
core   0: 0x80000592 (0x0220036f) jal     t1, pc + 0x22
core   0: 3 0x80000592 (0x0220036f) x6  0x80000596
core   0: 0x800005b4 (0xff7ff0ef) jal     pc - 0xa
core   0: 3 0x800005b4 (0xff7ff0ef) x1  0x800005b8
core   0: 0x800005aa (0x01c004ef) jal     s1, pc + 0x1c
core   0: 3 0x800005aa (0x01c004ef) x9  0x800005ae
core   0: 0x800005c6 (0x0000bfed) c.j     pc - 6
core   0: 3 0x800005c6 (0xbfed)
core   0: 0x800005c0 (0x0000bfed) c.j     pc - 6
core   0: 3 0x800005c0 (0xbfed)
core   0: 0x800005ba (0x0000a029) c.j     pc + 10
core   0: 3 0x800005ba (0xa029)
core   0: 0x800005c4 (0x00002019) c.jal   pc + 6
core   0: 3 0x800005c4 (0x2019) x1  0x800005c6
core   0: 0x800005ca (0x00003fe5) c.jal   pc - 8
core   0: 3 0x800005ca (0x3fe5) x1  0x800005cc
core   0: 0x800005c2 (0x00003ff5) c.jal   pc - 4
core   0: 3 0x800005c2 (0x3ff5) x1  0x800005c4
core   0: 0x800005be (0x0000a029) c.j     pc + 10
core   0: 3 0x800005be (0xa029)
core   0: 0x800005c8 (0x00003fd9) c.jal   pc - 42
core   0: 3 0x800005c8 (0x3fd9) x1  0x800005ca
core   0: 0x8000059e (0x01400f6f) jal     t5, pc + 0x14
core   0: 3 0x8000059e (0x01400f6f) x30 0x800005a2
core   0: 0x800005b2 (0x00002029) c.jal   pc + 10
core   0: 3 0x800005b2 (0x2029) x1  0x800005b4
core   0: 0x800005bc (0x0000b7ed) c.j     pc - 22
core   0: 3 0x800005bc (0xb7ed)
core   0: 0x800005a6 (0xff1ffd6f) jal     s10, pc - 0x10
core   0: 3 0x800005a6 (0xff1ffd6f) x26 0x800005aa
core   0: 0x80000596 (0x02200f6f) jal     t5, pc + 0x22
core   0: 3 0x80000596 (0x02200f6f) x30 0x8000059a
core   0: 0x800005b8 (0x000037ed) c.jal   pc - 22
core   0: 3 0x800005b8 (0x37ed) x1  0x800005ba
core   0: 0x800005a2 (0xff9ff86f) jal     a6, pc - 0x8
core   0: 3 0x800005a2 (0xff9ff86f) x16 0x800005a6
core   0: 0x8000059a (0x014000ef) jal     pc + 0x14
core   0: 3 0x8000059a (0x014000ef) x1  0x8000059e
core   0: 0x800005ae (0x01e00d6f) jal     s10, pc + 0x1e
core   0: 3 0x800005ae (0x01e00d6f) x26 0x800005b2
core   0: 0x800005cc (0x00ab9893) slli    a7, s7, 10
core   0: 3 0x800005cc (0x00ab9893) x17 0x00000000
core   0: 0x800005d0 (0x01c0036f) jal     t1, pc + 0x1c
core   0: 3 0x800005d0 (0x01c0036f) x6  0x800005d4
core   0: 0x800005ec (0x022000ef) jal     pc + 0x22
core   0: 3 0x800005ec (0x022000ef) x1  0x800005f0
core   0: 0x8000060e (0x0000bfd1) c.j     pc - 44
core   0: 3 0x8000060e (0xbfd1)
core   0: 0x800005e2 (0x02e002ef) jal     t0, pc + 0x2e
core   0: 3 0x800005e2 (0x02e002ef) x5  0x800005e6
core   0: 0x80000610 (0x00003fd5) c.jal   pc - 12
core   0: 3 0x80000610 (0x3fd5) x1  0x80000612
core   0: 0x80000604 (0x0000b7dd) c.j     pc - 26
core   0: 3 0x80000604 (0xb7dd)
core   0: 0x800005ea (0x00002025) c.jal   pc + 40
core   0: 3 0x800005ea (0x2025) x1  0x800005ec
core   0: 0x80000612 (0x00003fe5) c.jal   pc - 8
core   0: 3 0x80000612 (0x3fe5) x1  0x80000614
core   0: 0x8000060a (0x000037e9) c.jal   pc - 54
core   0: 3 0x8000060a (0x37e9) x1  0x8000060c
core   0: 0x800005d4 (0x00002005) c.jal   pc + 32
core   0: 3 0x800005d4 (0x2005) x1  0x800005d6
core   0: 0x800005f4 (0x0000bffd) c.j     pc - 2
core   0: 3 0x800005f4 (0xbffd)
core   0: 0x800005f2 (0x0000b7d5) c.j     pc - 28
core   0: 3 0x800005f2 (0xb7d5)
core   0: 0x800005d6 (0x0000201d) c.jal   pc + 38
core   0: 3 0x800005d6 (0x201d) x1  0x800005d8
core   0: 0x800005fc (0x0000bfed) c.j     pc - 6
core   0: 3 0x800005fc (0xbfed)
core   0: 0x800005f6 (0x0000a839) c.j     pc + 30
core   0: 3 0x800005f6 (0xa839)
core   0: 0x80000614 (0x000037d1) c.jal   pc - 60
core   0: 3 0x80000614 (0x37d1) x1  0x80000616
core   0: 0x800005d8 (0x034000ef) jal     pc + 0x34
core   0: 3 0x800005d8 (0x034000ef) x1  0x800005dc
core   0: 0x8000060c (0x0000bfdd) c.j     pc - 10
core   0: 3 0x8000060c (0xbfdd)
core   0: 0x80000602 (0x00003ff1) c.jal   pc - 36
core   0: 3 0x80000602 (0x3ff1) x1  0x80000604
core   0: 0x800005de (0x0000bffd) c.j     pc - 2
core   0: 3 0x800005de (0xbffd)
core   0: 0x800005dc (0x00002029) c.jal   pc + 10
core   0: 3 0x800005dc (0x2029) x1  0x800005de
core   0: 0x800005e6 (0x018000ef) jal     pc + 0x18
core   0: 3 0x800005e6 (0x018000ef) x1  0x800005ea
core   0: 0x800005fe (0x018000ef) jal     pc + 0x18
core   0: 3 0x800005fe (0x018000ef) x1  0x80000602
core   0: 0x80000616 (0x0000b7cd) c.j     pc - 30
core   0: 3 0x80000616 (0xb7cd)
core   0: 0x800005f8 (0x00e000ef) jal     pc + 0xe
core   0: 3 0x800005f8 (0x00e000ef) x1  0x800005fc
core   0: 0x80000606 (0xfdbff36f) jal     t1, pc - 0x26
core   0: 3 0x80000606 (0xfdbff36f) x6  0x8000060a
core   0: 0x800005e0 (0x0000a801) c.j     pc + 16
core   0: 3 0x800005e0 (0xa801)
core   0: 0x800005f0 (0x00002025) c.jal   pc + 40
core   0: 3 0x800005f0 (0x2025) x1  0x800005f2
core   0: 0x80000618 (0x02b841b3) div     gp, a6, a1
core   0: 3 0x80000618 (0x02b841b3) x3  0xfffee6a1
core   0: 0x8000061c (0x0001ec97) auipc   s9, 0x1e
core   0: 3 0x8000061c (0x0001ec97) x25 0x8001e61c
core   0: 0x80000620 (0x14ec8c93) addi    s9, s9, 334
core   0: 3 0x80000620 (0x14ec8c93) x25 0x8001e76a
core   0: 0x80000624 (0xaddcce83) lbu     t4, -1315(s9)
core   0: 3 0x80000624 (0xaddcce83) x29 0x000000fc mem 0x8001e247
core   0: 0x80000628 (0x0326feb3) remu    t4, a3, s2
core   0: 3 0x80000628 (0x0326feb3) x29 0x00000000
core   0: 0x8000062c (0x0000062a) c.slli  a2, 10
core   0: 3 0x8000062c (0x062a) x12 0x00000400
core   0: 0x8000062e (0x592c80a3) sb      s2, 1409(s9)
core   0: 3 0x8000062e (0x592c80a3) mem 0x8001eceb 0x1e
core   0: 0x80000632 (0x80dc85a3) sb      a3, -2037(s9)
core   0: 3 0x80000632 (0x80dc85a3) mem 0x8001df75 0x00
core   0: 0x80000636 (0x24ec8ca3) sb      a4, 601(s9)
core   0: 3 0x80000636 (0x24ec8ca3) mem 0x8001e9c3 0x2d
core   0: 0x8000063a (0x748cc703) lbu     a4, 1864(s9)
core   0: 3 0x8000063a (0x748cc703) x14 0x00000069 mem 0x8001eeb2
core   0: 0x8000063e (0x5c4cd703) lhu     a4, 1476(s9)
core   0: 3 0x8000063e (0x5c4cd703) x14 0x0000e4e5 mem 0x8001ed2e
core   0: 0x80000642 (0x342c9903) lh      s2, 834(s9)
core   0: 3 0x80000642 (0x342c9903) x18 0x00006667 mem 0x8001eaac
core   0: 0x80000646 (0x02c95733) divu    a4, s2, a2
core   0: 3 0x80000646 (0x02c95733) x14 0x00000019
core   0: 0x8000064a (0x01691693) slli    a3, s2, 22
core   0: 3 0x8000064a (0x01691693) x13 0x99c00000
core   0: 0x8000064e (0xfd1c8903) lb      s2, -47(s9)
core   0: 3 0x8000064e (0xfd1c8903) x18 0xfffffff0 mem 0x8001e73b
core   0: 0x80000652 (0x00008e79) c.and   a2, a4
core   0: 3 0x80000652 (0x8e79) x12 0x00000000
core   0: 0x80000654 (0xef0cc903) lbu     s2, -272(s9)
core   0: 3 0x80000654 (0xef0cc903) x18 0x00000011 mem 0x8001e65a
core   0: 0x80000658 (0x0036d793) srli    a5, a3, 3
core   0: 3 0x80000658 (0x0036d793) x15 0x13380000
core   0: 0x8000065c (0x02f7a7b3) mulhsu  a5, a5, a5
core   0: 3 0x8000065c (0x02f7a7b3) x15 0x01715c40
core   0: 0x80000660 (0xebcc9903) lh      s2, -324(s9)
core   0: 3 0x80000660 (0xebcc9903) x18 0xffffdcdd mem 0x8001e626
core   0: 0x80000664 (0x45dc9723) sh      t4, 1102(s9)
core   0: 3 0x80000664 (0x45dc9723) mem 0x8001ebb8 0x0000
core   0: 0x80000668 (0xefbcc903) lbu     s2, -261(s9)
core   0: 3 0x80000668 (0xefbcc903) x18 0x0000001e mem 0x8001e665
core   0: 0x8000066c (0x03d90733) mul     a4, s2, t4
core   0: 3 0x8000066c (0x03d90733) x14 0x00000000
core   0: 0x80000670 (0x8f6c8903) lb      s2, -1802(s9)
core   0: 3 0x80000670 (0x8f6c8903) x18 0x0000001b mem 0x8001e060
core   0: 0x80000674 (0xe00c9e83) lh      t4, -512(s9)
core   0: 3 0x80000674 (0xe00c9e83) x29 0x00002021 mem 0x8001e56a
core   0: 0x80000678 (0x0000873a) c.mv    a4, a4
core   0: 3 0x80000678 (0x873a) x14 0x00000000
core   0: 0x8000067a (0x59dc8c23) sb      t4, 1432(s9)
core   0: 3 0x8000067a (0x59dc8c23) mem 0x8001ed02 0x21
core   0: 0x8000067e (0x2f3c8e83) lb      t4, 755(s9)
core   0: 3 0x8000067e (0x2f3c8e83) x29 0x00000016 mem 0x8001ea5d
core   0: 0x80000682 (0x5616a713) slti    a4, a3, 1377
core   0: 3 0x80000682 (0x5616a713) x14 0x00000001
core   0: 0x80000686 (0x64dc81a3) sb      a3, 1603(s9)
core   0: 3 0x80000686 (0x64dc81a3) mem 0x8001edad 0x00
core   0: 0x8000068a (0x01294733) xor     a4, s2, s2
core   0: 3 0x8000068a (0x01294733) x14 0x00000000
core   0: 0x8000068e (0x0000868d) c.srai  a3, 3
core   0: 3 0x8000068e (0x868d) x13 0xf3380000
core   0: 0x80000690 (0x40bcce83) lbu     t4, 1035(s9)
core   0: 3 0x80000690 (0x40bcce83) x29 0x0000002e mem 0x8001eb75
core   0: 0x80000694 (0x715cc603) lbu     a2, 1813(s9)
core   0: 3 0x80000694 (0x715cc603) x12 0x00000034 mem 0x8001ee7f
core   0: 0x80000698 (0x3d0c8683) lb      a3, 976(s9)
core   0: 3 0x80000698 (0x3d0c8683) x13 0xfffffff1 mem 0x8001eb3a
core   0: 0x8000069c (0x82cc8603) lb      a2, -2004(s9)
core   0: 3 0x8000069c (0x82cc8603) x12 0x0000004d mem 0x8001df96
core   0: 0x800006a0 (0x0f3c8903) lb      s2, 243(s9)
core   0: 3 0x800006a0 (0x0f3c8903) x18 0x00000016 mem 0x8001e85d
core   0: 0x800006a4 (0xb77cc903) lbu     s2, -1161(s9)
core   0: 3 0x800006a4 (0xb77cc903) x18 0x0000009a mem 0x8001e2e1
core   0: 0x800006a8 (0x3ecc87a3) sb      a2, 1007(s9)
core   0: 3 0x800006a8 (0x3ecc87a3) mem 0x8001eb59 0x4d
core   0: 0x800006ac (0x4efc8fa3) sb      a5, 1279(s9)
core   0: 3 0x800006ac (0x4efc8fa3) mem 0x8001ec69 0x40
core   0: 0x800006b0 (0xe5dc81a3) sb      t4, -445(s9)
core   0: 3 0x800006b0 (0xe5dc81a3) mem 0x8001e5ad 0x2e
core   0: 0x800006b4 (0x4cfc8d23) sb      a5, 1242(s9)
core   0: 3 0x800006b4 (0x4cfc8d23) mem 0x8001ec44 0x40
core   0: 0x800006b8 (0x00017497) auipc   s1, 0x17
core   0: 3 0x800006b8 (0x00017497) x9  0x800176b8
core   0: 0x800006bc (0x16248493) addi    s1, s1, 354
core   0: 3 0x800006bc (0x16248493) x9  0x8001781a
core   0: 0x800006c0 (0x00004431) c.li    s0, 12
core   0: 3 0x800006c0 (0x4431) x8  0x0000000c
core   0: 0x800006c2 (0x08849783) lh      a5, 136(s1)
core   0: 3 0x800006c2 (0x08849783) x15 0x00005859 mem 0x800178a2
core   0: 0x800006c6 (0x070483a3) sb      a6, 103(s1)
core   0: 3 0x800006c6 (0x070483a3) mem 0x80017881 0xa6
core   0: 0x800006ca (0x0861e813) ori     a6, gp, 134
core   0: 3 0x800006ca (0x0861e813) x16 0xfffee6a7
core   0: 0x800006ce (0x02f1c1b3) div     gp, gp, a5
core   0: 3 0x800006ce (0x02f1c1b3) x3  0xfffffffd
core   0: 0x800006d2 (0x0000086a) c.slli  a6, 26
core   0: 3 0x800006d2 (0x086a) x16 0x9c000000
core   0: 0x800006d4 (0x00d4c403) lbu     s0, 13(s1)
core   0: 3 0x800006d4 (0x00d4c403) x8  0x000000dc mem 0x80017827
core   0: 0x800006d8 (0x00009bfd) c.andi  a5, -1
core   0: 3 0x800006d8 (0x9bfd) x15 0x00005859
core   0: 0x800006da (0x023e02b3) mul     t0, t3, gp
core   0: 3 0x800006da (0x023e02b3) x5  0xfffffffa
core   0: 0x800006de (0xf8f485a3) sb      a5, -117(s1)
core   0: 3 0x800006de (0xf8f485a3) mem 0x800177a5 0x59
core   0: 0x800006e2 (0x0000187d) c.addi  a6, -1
core   0: 3 0x800006e2 (0x187d) x16 0x9bffffff
core   0: 0x800006e4 (0x000087d5) c.srai  a5, 21
core   0: 3 0x800006e4 (0x87d5) x15 0x00000000
core   0: 0x800006e6 (0xf914ce03) lbu     t3, -111(s1)
core   0: 3 0x800006e6 (0xf914ce03) x28 0x00000060 mem 0x800177ab
core   0: 0x800006ea (0x0037be33) sltu    t3, a5, gp
core   0: 3 0x800006ea (0x0037be33) x28 0x00000001
core   0: 0x800006ee (0x3841c193) xori    gp, gp, 900
core   0: 3 0x800006ee (0x3841c193) x3  0xfffffc79
core   0: 0x800006f2 (0x9b347813) andi    a6, s0, -1613
core   0: 3 0x800006f2 (0x9b347813) x16 0x00000090
core   0: 0x800006f6 (0x025481a3) sb      t0, 35(s1)
core   0: 3 0x800006f6 (0x025481a3) mem 0x8001783d 0xfa
core   0: 0x800006fa (0x00fe7433) and     s0, t3, a5
core   0: 3 0x800006fa (0x00fe7433) x8  0x00000000
core   0: 0x800006fe (0x4007de13) srai    t3, a5, 0
core   0: 3 0x800006fe (0x4007de13) x28 0x00000000
core   0: 0x80000702 (0x00008795) c.srai  a5, 5
core   0: 3 0x80000702 (0x8795) x15 0x00000000
core   0: 0x80000704 (0x08e4c283) lbu     t0, 142(s1)
core   0: 3 0x80000704 (0x08e4c283) x5  0x00000063 mem 0x800178a8
core   0: 0x80000708 (0xf534c783) lbu     a5, -173(s1)
core   0: 3 0x80000708 (0xf534c783) x15 0x00000026 mem 0x8001776d
core   0: 0x8000070c (0x0dc482a3) sb      t3, 197(s1)
core   0: 3 0x8000070c (0x0dc482a3) mem 0x800178df 0x00
core   0: 0x80000710 (0x03c477b3) remu    a5, s0, t3
core   0: 3 0x80000710 (0x03c477b3) x15 0x00000000
core   0: 0x80000714 (0x00f48ba3) sb      a5, 23(s1)
core   0: 3 0x80000714 (0x00f48ba3) mem 0x80017831 0x00
core   0: 0x80000718 (0xfba48783) lb      a5, -70(s1)
core   0: 3 0x80000718 (0xfba48783) x15 0xffffff8f mem 0x800177d4
core   0: 0x8000071c (0xfee4ae03) lw      t3, -18(s1)
core   0: 3 0x8000071c (0xfee4ae03) x28 0xc0c1c2c3 mem 0x80017808
core   0: 0x80000720 (0x01049283) lh      t0, 16(s1)
core   0: 3 0x80000720 (0x01049283) x5  0xffffe0e1 mem 0x8001782a
core   0: 0x80000724 (0xc1c2e793) ori     a5, t0, -996
core   0: 3 0x80000724 (0xc1c2e793) x15 0xfffffcfd
core   0: 0x80000728 (0x00f292b3) sll     t0, t0, a5
core   0: 3 0x80000728 (0x00f292b3) x5  0x20000000
core   0: 0x8000072c (0xf6648783) lb      a5, -154(s1)
core   0: 3 0x8000072c (0xf6648783) x15 0x0000003b mem 0x80017780
core   0: 0x80000730 (0xe7bb3e37) lui     t3, 0xe7bb3
core   0: 3 0x80000730 (0xe7bb3e37) x28 0xe7bb3000
core   0: 0x80000734 (0x04348923) sb      gp, 82(s1)
core   0: 3 0x80000734 (0x04348923) mem 0x8001786c 0x79
core   0: 0x80000738 (0x010437b3) sltu    a5, s0, a6
core   0: 3 0x80000738 (0x010437b3) x15 0x00000001
core   0: 0x8000073c (0x07548783) lb      a5, 117(s1)
core   0: 3 0x8000073c (0x07548783) x15 0x00000044 mem 0x8001788f
core   0: 0x80000740 (0xfa348283) lb      t0, -93(s1)
core   0: 3 0x80000740 (0xfa348283) x5  0x00000076 mem 0x800177bd
core   0: 0x80000744 (0x00010297) auipc   t0, 0x10
core   0: 3 0x80000744 (0x00010297) x5  0x80010744
core   0: 0x80000748 (0xdc928293) addi    t0, t0, -567
core   0: 3 0x80000748 (0xdc928293) x5  0x8001050d
core   0: 0x8000074c (0xfd82cd83) lbu     s11, -40(t0)
core   0: 3 0x8000074c (0xfd82cd83) x27 0x0000009e mem 0x800104e5
core   0: 0x80000750 (0x00000001) c.nop
core   0: 3 0x80000750 (0x0001)
core   0: 0x80000752 (0xfca28683) lb      a3, -54(t0)
core   0: 3 0x80000752 (0xfca28683) x13 0xffffff8c mem 0x800104d7
core   0: 0x80000756 (0x00228e83) lb      t4, 2(t0)
core   0: 3 0x80000756 (0x00228e83) x29 0xffffffc4 mem 0x8001050f
core   0: 0x8000075a (0xfe72a503) lw      a0, -25(t0)
core   0: 3 0x8000075a (0xfe72a503) x10 0xacadaeaf mem 0x800104f4
core   0: 0x8000075e (0x01a65013) srli    zero, a2, 26
core   0: 3 0x8000075e (0x01a65013)
core   0: 0x80000762 (0x03b29e83) lh      t4, 59(t0)
core   0: 3 0x80000762 (0x03b29e83) x29 0x00000203 mem 0x80010548
core   0: 0x80000766 (0xfc729603) lh      a2, -57(t0)
core   0: 3 0x80000766 (0xfc729603) x12 0xffff8e8f mem 0x800104d4
core   0: 0x8000076a (0x04028383) lb      t2, 64(t0)
core   0: 3 0x8000076a (0x04028383) x7  0x00000006 mem 0x8001054d
core   0: 0x8000076e (0xfd728723) sb      s7, -50(t0)
core   0: 3 0x8000076e (0xfd728723) mem 0x800104db 0x00
core   0: 0x80000772 (0xb6d68f13) addi    t5, a3, -1171
core   0: 3 0x80000772 (0xb6d68f13) x30 0xfffffaf9
core   0: 0x80000776 (0x41fb8e33) sub     t3, s7, t6
core   0: 3 0x80000776 (0x41fb8e33) x28 0xffffff82
core   0: 0x8000077a (0x00008c19) c.sub   s0, a4
core   0: 3 0x8000077a (0x8c19) x8  0x00000000
core   0: 0x8000077c (0x03f3b6b3) mulhu   a3, t2, t6
core   0: 3 0x8000077c (0x03f3b6b3) x13 0x00000000
core   0: 0x80000780 (0x00005b7d) c.li    s6, -1
core   0: 3 0x80000780 (0x5b7d) x22 0xffffffff
core   0: 0x80000782 (0x014286a3) sb      s4, 13(t0)
core   0: 3 0x80000782 (0x014286a3) mem 0x8001051a 0xa4
core   0: 0x80000786 (0x020888b3) mul     a7, a7, zero
core   0: 3 0x80000786 (0x020888b3) x17 0x00000000
core   0: 0x8000078a (0x03b5bb33) mulhu   s6, a1, s11
core   0: 3 0x8000078a (0x03b5bb33) x22 0x00000000
core   0: 0x8000078e (0x02f338b3) mulhu   a7, t1, a5
core   0: 3 0x8000078e (0x02f338b3) x17 0x00000022
core   0: 0x80000792 (0x0382c583) lbu     a1, 56(t0)
core   0: 3 0x80000792 (0x0382c583) x11 0x000000fe mem 0x80010545
core   0: 0x80000796 (0xfe029aa3) sh      zero, -11(t0)
core   0: 3 0x80000796 (0xfe029aa3) mem 0x80010502 0x0000
core   0: 0x8000079a (0x031a1433) mulh    s0, s4, a7
core   0: 3 0x8000079a (0x031a1433) x8  0xffffffef
core   0: 0x8000079e (0x0032a883) lw      a7, 3(t0)
core   0: 3 0x8000079e (0x0032a883) x17 0xc8c9cacb mem 0x80010510
core   0: 0x800007a2 (0x01c28803) lb      a6, 28(t0)
core   0: 3 0x800007a2 (0x01c28803) x16 0xffffffe2 mem 0x80010529
core   0: 0x800007a6 (0x00008de9) c.and   a1, a0
core   0: 3 0x800007a6 (0x8de9) x11 0x000000ae
core   0: 0x800007a8 (0x01462f33) slt     t5, a2, s4
core   0: 3 0x800007a8 (0x01462f33) x30 0x00000000
core   0: 0x800007ac (0x0052cb83) lbu     s7, 5(t0)
core   0: 3 0x800007ac (0x0052cb83) x23 0x000000c9 mem 0x80010512
core   0: 0x800007b0 (0x0093e033) or      zero, t2, s1
core   0: 3 0x800007b0 (0x0093e033)
core   0: 0x800007b4 (0x00008569) c.srai  a0, 26
core   0: 3 0x800007b4 (0x8569) x10 0xffffffeb
core   0: 0x800007b6 (0x03228ba3) sb      s2, 55(t0)
core   0: 3 0x800007b6 (0x03228ba3) mem 0x80010544 0x9a
core   0: 0x800007ba (0x027290a3) sh      t2, 33(t0)
core   0: 3 0x800007ba (0x027290a3) mem 0x8001052e 0x0006
core   0: 0x800007be (0xff428983) lb      s3, -12(t0)
core   0: 3 0x800007be (0xff428983) x19 0xffffffba mem 0x80010501
core   0: 0x800007c2 (0x0082c903) lbu     s2, 8(t0)
core   0: 3 0x800007c2 (0x0082c903) x18 0x000000ce mem 0x80010515
core   0: 0x800007c6 (0x03f946b3) div     a3, s2, t6
core   0: 3 0x800007c6 (0x03f946b3) x13 0x00000001
core   0: 0x800007ca (0x02ce1fb3) mulh    t6, t3, a2
core   0: 3 0x800007ca (0x02ce1fb3) x31 0x00000000
core   0: 0x800007ce (0x000086d5) c.srai  a3, 21
core   0: 3 0x800007ce (0x86d5) x13 0x00000000
core   0: 0x800007d0 (0xfe82cc83) lbu     s9, -24(t0)
core   0: 3 0x800007d0 (0xfe82cc83) x25 0x000000ae mem 0x800104f5
core   0: 0x800007d4 (0x00008826) c.mv    a6, s1
core   0: 3 0x800007d4 (0x8826) x16 0x8001781a
core   0: 0x800007d6 (0x01228d83) lb      s11, 18(t0)
core   0: 3 0x800007d6 (0x01228d83) x27 0xffffffd4 mem 0x8001051f
core   0: 0x800007da (0x00005d7d) c.li    s10, -1
core   0: 3 0x800007da (0x5d7d) x26 0xffffffff
core   0: 0x800007dc (0xfdd28203) lb      tp, -35(t0)
core   0: 3 0x800007dc (0xfdd28203) x4  0xffffffa1 mem 0x800104ea
core   0: 0x800007e0 (0xfcf29ba3) sh      a5, -41(t0)
core   0: 3 0x800007e0 (0xfcf29ba3) mem 0x800104e4 0x0044
core   0: 0x800007e4 (0x001281a3) sb      ra, 3(t0)
core   0: 3 0x800007e4 (0x001281a3) mem 0x80010510 0xf2
core   0: 0x800007e8 (0x02028e23) sb      zero, 60(t0)
core   0: 3 0x800007e8 (0x02028e23) mem 0x80010549 0x00
core   0: 0x800007ec (0x00008051) c.srli  s0, 20
core   0: 3 0x800007ec (0x8051) x8  0x00000fff
core   0: 0x800007ee (0x00fc95b3) sll     a1, s9, a5
core   0: 3 0x800007ee (0x00fc95b3) x11 0x00000ae0
core   0: 0x800007f2 (0xa6cdb893) sltiu   a7, s11, -1428
core   0: 3 0x800007f2 (0xa6cdb893) x17 0x00000000
core   0: 0x800007f6 (0x000083f9) c.srli  a5, 30
core   0: 3 0x800007f6 (0x83f9) x15 0x00000000
core   0: 0x800007f8 (0x0367c9b3) div     s3, a5, s6
core   0: 3 0x800007f8 (0x0367c9b3) x19 0xffffffff
core   0: 0x800007fc (0x0203c7b3) div     a5, t2, zero
core   0: 3 0x800007fc (0x0203c7b3) x15 0xffffffff
core   0: 0x80000800 (0xfc228e03) lb      t3, -62(t0)
core   0: 3 0x80000800 (0xfc228e03) x28 0xffffff84 mem 0x800104cf
core   0: 0x80000804 (0xfe828683) lb      a3, -24(t0)
core   0: 3 0x80000804 (0xfe828683) x13 0xffffffae mem 0x800104f5
core   0: 0x80000808 (0x41ff51b3) sra     gp, t5, t6
core   0: 3 0x80000808 (0x41ff51b3) x3  0x00000000
core   0: 0x8000080c (0xfce2cd03) lbu     s10, -50(t0)
core   0: 3 0x8000080c (0xfce2cd03) x26 0x00000000 mem 0x800104db
core   0: 0x80000810 (0x009edb33) srl     s6, t4, s1
core   0: 3 0x80000810 (0x009edb33) x22 0x00000000
core   0: 0x80000814 (0x004aabb3) slt     s7, s5, tp
core   0: 3 0x80000814 (0x004aabb3) x23 0x00000001
core   0: 0x80000818 (0x00525f33) srl     t5, tp, t0
core   0: 3 0x80000818 (0x00525f33) x30 0x0007ffff
core   0: 0x8000081c (0x0112df03) lhu     t5, 17(t0)
core   0: 3 0x8000081c (0x0112df03) x30 0x0000d4d5 mem 0x8001051e
core   0: 0x80000820 (0xff928e23) sb      s9, -4(t0)
core   0: 3 0x80000820 (0xff928e23) mem 0x80010509 0xae
core   0: 0x80000824 (0x014288a3) sb      s4, 17(t0)
core   0: 3 0x80000824 (0x014288a3) mem 0x8001051e 0xa4
core   0: 0x80000828 (0x00010f97) auipc   t6, 0x10
core   0: 3 0x80000828 (0x00010f97) x31 0x80010828
core   0: 0x8000082c (0x66bf8f93) addi    t6, t6, 1643
core   0: 3 0x8000082c (0x66bf8f93) x31 0x80010e93
core   0: 0x80000830 (0xffbf8783) lb      a5, -5(t6)
core   0: 3 0x80000830 (0xffbf8783) x15 0x00000045 mem 0x80010e8e
core   0: 0x80000834 (0xff6f8e83) lb      t4, -10(t6)
core   0: 3 0x80000834 (0xff6f8e83) x29 0x00000042 mem 0x80010e89
core   0: 0x80000838 (0x011f86a3) sb      a7, 13(t6)
core   0: 3 0x80000838 (0x011f86a3) mem 0x80010ea0 0x00
core   0: 0x8000083c (0x005fa503) lw      a0, 5(t6)
core   0: 3 0x8000083c (0x005fa503) x10 0x50515253 mem 0x80010e98
core   0: 0x80000840 (0x008f8503) lb      a0, 8(t6)
core   0: 3 0x80000840 (0x008f8503) x10 0x00000050 mem 0x80010e9b
core   0: 0x80000844 (0x00008559) c.srai  a0, 22
core   0: 3 0x80000844 (0x8559) x10 0x00000000
core   0: 0x80000846 (0x00008ca5) c.xor   s1, s1
core   0: 3 0x80000846 (0x8ca5) x9  0x00000000
core   0: 0x80000848 (0x010f8883) lb      a7, 16(t6)
core   0: 3 0x80000848 (0x010f8883) x17 0x00000058 mem 0x80010ea3
core   0: 0x8000084c (0xfe9f8b23) sb      s1, -10(t6)
core   0: 3 0x8000084c (0xfe9f8b23) mem 0x80010e89 0x00
core   0: 0x80000850 (0x0000997d) c.andi  a0, -1
core   0: 3 0x80000850 (0x997d) x10 0x00000000
core   0: 0x80000852 (0x00006ee5) c.lui   t4, 0x19
core   0: 3 0x80000852 (0x6ee5) x29 0x00019000
core   0: 0x80000854 (0x00f897b3) sll     a5, a7, a5
core   0: 3 0x80000854 (0x00f897b3) x15 0x00000b00
core   0: 0x80000858 (0xff2fc783) lbu     a5, -14(t6)
core   0: 3 0x80000858 (0xff2fc783) x15 0x0000003e mem 0x80010e85
core   0: 0x8000085c (0xff8fc503) lbu     a0, -8(t6)
core   0: 3 0x8000085c (0xff8fc503) x10 0x00000040 mem 0x80010e8b
core   0: 0x80000860 (0xff0fc503) lbu     a0, -16(t6)
core   0: 3 0x80000860 (0xff0fc503) x10 0x00000038 mem 0x80010e83
core   0: 0x80000864 (0x00000001) c.nop
core   0: 3 0x80000864 (0x0001)
core   0: 0x80000866 (0x011fa2a3) sw      a7, 5(t6)
core   0: 3 0x80000866 (0x011fa2a3) mem 0x80010e98 0x00000058
core   0: 0x8000086a (0x00cf8503) lb      a0, 12(t6)
core   0: 3 0x8000086a (0x00cf8503) x10 0x00000054 mem 0x80010e9f
core   0: 0x8000086e (0xff2fc503) lbu     a0, -14(t6)
core   0: 3 0x8000086e (0xff2fc503) x10 0x0000003e mem 0x80010e85
core   0: 0x80000872 (0x00dfd503) lhu     a0, 13(t6)
core   0: 3 0x80000872 (0x00dfd503) x10 0x00005a00 mem 0x80010ea0
core   0: 0x80000876 (0xab18f893) andi    a7, a7, -1359
core   0: 3 0x80000876 (0xab18f893) x17 0x00000010
core   0: 0x8000087a (0x00a7a7b3) slt     a5, a5, a0
core   0: 3 0x8000087a (0x00a7a7b3) x15 0x00000001
core   0: 0x8000087e (0x00a8e533) or      a0, a7, a0
core   0: 3 0x8000087e (0x00a8e533) x10 0x00005a10
core   0: 0x80000882 (0x00389e93) slli    t4, a7, 3
core   0: 3 0x80000882 (0x00389e93) x29 0x00000080
core   0: 0x80000886 (0x00aef533) and     a0, t4, a0
core   0: 3 0x80000886 (0x00aef533) x10 0x00000000
core   0: 0x8000088a (0xffafc503) lbu     a0, -6(t6)
core   0: 3 0x8000088a (0xffafc503) x10 0x00000046 mem 0x80010e8d
core   0: 0x8000088e (0x00004571) c.li    a0, 28
core   0: 3 0x8000088e (0x4571) x10 0x0000001c
core   0: 0x80000890 (0x005fa503) lw      a0, 5(t6)
core   0: 3 0x80000890 (0x005fa503) x10 0x00000058 mem 0x80010e98
core   0: 0x80000894 (0x0120036f) jal     t1, pc + 0x12
core   0: 3 0x80000894 (0x0120036f) x6  0x80000898
core   0: 0x800008a6 (0x0000bfdd) c.j     pc - 10
core   0: 3 0x800008a6 (0xbfdd)
core   0: 0x8000089c (0x018000ef) jal     pc + 0x18
core   0: 3 0x8000089c (0x018000ef) x1  0x800008a0
core   0: 0x800008b4 (0x00002019) c.jal   pc + 6
core   0: 3 0x800008b4 (0x2019) x1  0x800008b6
core   0: 0x800008ba (0x0000b7fd) c.j     pc - 18
core   0: 3 0x800008ba (0xb7fd)
core   0: 0x800008a8 (0xff9ff0ef) jal     pc - 0x8
core   0: 3 0x800008a8 (0xff9ff0ef) x1  0x800008ac
core   0: 0x800008a0 (0x0000a009) c.j     pc + 2
core   0: 3 0x800008a0 (0xa009)
core   0: 0x800008a2 (0x0000a819) c.j     pc + 22
core   0: 3 0x800008a2 (0xa819)
core   0: 0x800008b8 (0x0000bffd) c.j     pc - 2
core   0: 3 0x800008b8 (0xbffd)
core   0: 0x800008b6 (0x00002029) c.jal   pc + 10
core   0: 3 0x800008b6 (0x2029) x1  0x800008b8
core   0: 0x800008c0 (0xfd9ffb6f) jal     s6, pc - 0x28
core   0: 3 0x800008c0 (0xfd9ffb6f) x22 0x800008c4
core   0: 0x80000898 (0x0240036f) jal     t1, pc + 0x24
core   0: 3 0x80000898 (0x0240036f) x6  0x8000089c
core   0: 0x800008bc (0xff1ff36f) jal     t1, pc - 0x10
core   0: 3 0x800008bc (0xff1ff36f) x6  0x800008c0
core   0: 0x800008ac (0x0000bfe5) c.j     pc - 8
core   0: 3 0x800008ac (0xbfe5)
core   0: 0x800008a4 (0x00002031) c.jal   pc + 12
core   0: 3 0x800008a4 (0x2031) x1  0x800008a6
core   0: 0x800008b0 (0xfffff0ef) jal     pc - 0x2
core   0: 3 0x800008b0 (0xfffff0ef) x1  0x800008b4
core   0: 0x800008ae (0x0000a819) c.j     pc + 22
core   0: 3 0x800008ae (0xa819)
core   0: 0x800008c4 (0xd6eb2693) slti    a3, s6, -658
core   0: 3 0x800008c4 (0xd6eb2693) x13 0x00000001
core   0: 0x800008c8 (0x00005465) c.li    s0, -7
core   0: 3 0x800008c8 (0x5465) x8  0xfffffff9
core   0: 0x800008ca (0x00e358b3) srl     a7, t1, a4
core   0: 3 0x800008ca (0x00e358b3) x17 0x800008c0
core   0: 0x800008ce (0x00004511) c.li    a0, 4
core   0: 3 0x800008ce (0x4511) x10 0x00000004
core   0: 0x800008d0 (0x03b19e33) mulh    t3, gp, s11
core   0: 3 0x800008d0 (0x03b19e33) x28 0x00000000
core   0: 0x800008d4 (0x00008d6e) c.mv    s10, s11
core   0: 3 0x800008d4 (0x8d6e) x26 0xffffffd4
core   0: 0x800008d6 (0x0000039c) c.addi4spn a5, sp, 448
core   0: 3 0x800008d6 (0x039c) x15 0xf38424a7
core   0: 0x800008d8 (0x03ef6033) rem     zero, t5, t5
core   0: 3 0x800008d8 (0x03ef6033)
core   0: 0x800008dc (0x00006399) c.lui   t2, 0x6
core   0: 3 0x800008dc (0x6399) x7  0x00006000
core   0: 0x800008de (0x00000429) c.addi  s0, 10
core   0: 3 0x800008de (0x0429) x8  0x00000003
core   0: 0x800008e0 (0x55b37013) andi    zero, t1, 1371
core   0: 3 0x800008e0 (0x55b37013)
core   0: 0x800008e4 (0x00004581) c.li    a1, 0
core   0: 3 0x800008e4 (0x4581) x11 0x00000000
core   0: 0x800008e6 (0x00001efd) c.addi  t4, -1
core   0: 3 0x800008e6 (0x1efd) x29 0x0000007f
core   0: 0x800008e8 (0x00b9dc93) srli    s9, s3, 11
core   0: 3 0x800008e8 (0x00b9dc93) x25 0x001fffff
core   0: 0x800008ec (0x00004711) c.li    a4, 4
core   0: 3 0x800008ec (0x4711) x14 0x00000004
core   0: 0x800008ee (0x02ce43b3) div     t2, t3, a2
core   0: 3 0x800008ee (0x02ce43b3) x7  0x00000000
core   0: 0x800008f2 (0x01965313) srli    t1, a2, 25
core   0: 3 0x800008f2 (0x01965313) x6  0x0000007f
core   0: 0x800008f6 (0x00bfac33) slt     s8, t6, a1
core   0: 3 0x800008f6 (0x00bfac33) x24 0x00000001
core   0: 0x800008fa (0x00008fc9) c.or    a5, a0
core   0: 3 0x800008fa (0x8fc9) x15 0xf38424a7
core   0: 0x800008fc (0x00000942) c.slli  s2, 16
core   0: 3 0x800008fc (0x0942) x18 0x00ce0000
core   0: 0x800008fe (0x0000068d) c.addi  a3, 3
core   0: 3 0x800008fe (0x068d) x13 0x00000004
core   0: 0x80000900 (0x0000461d) c.li    a2, 7
core   0: 3 0x80000900 (0x461d) x12 0x00000007
core   0: 0x80000902 (0x00000001) c.nop
core   0: 3 0x80000902 (0x0001)
core   0: 0x80000904 (0x00008fc5) c.or    a5, s1
core   0: 3 0x80000904 (0x8fc5) x15 0xf38424a7
core   0: 0x80000906 (0x419cd333) sra     t1, s9, s9
core   0: 3 0x80000906 (0x419cd333) x6  0x00000000
core   0: 0x8000090a (0x00000585) c.addi  a1, 1
core   0: 3 0x8000090a (0x0585) x11 0x00000001
core   0: 0x8000090c (0x41f302b3) sub     t0, t1, t6
core   0: 3 0x8000090c (0x41f302b3) x5  0x7ffef16d
core   0: 0x80000910 (0x023d7033) remu    zero, s10, gp
core   0: 3 0x80000910 (0x023d7033)
core   0: 0x80000914 (0x03d2d833) divu    a6, t0, t4
core   0: 3 0x80000914 (0x03d2d833) x16 0x010201e6
core   0: 0x80000918 (0xfee583e3) beq     a1, a4, pc - 26
core   0: 3 0x80000918 (0xfee583e3)
core   0: 0x8000091c (0x148ea013) slti    zero, t4, 328
core   0: 3 0x8000091c (0x148ea013)
core   0: 0x80000920 (0x0321e9b3) rem     s3, gp, s2
core   0: 3 0x80000920 (0x0321e9b3) x19 0x00000000
core   0: 0x80000924 (0x3bb4d617) auipc   a2, 0x3bb4d
core   0: 3 0x80000924 (0x3bb4d617) x12 0xbbb4d924
core   0: 0x80000928 (0xfaa467e3) bltu    s0, a0, pc - 82
core   0: 3 0x80000928 (0xfaa467e3)
core   0: 0x800008d6 (0x0000039c) c.addi4spn a5, sp, 448
core   0: 3 0x800008d6 (0x039c) x15 0xf38424a7
core   0: 0x800008d8 (0x03ef6033) rem     zero, t5, t5
core   0: 3 0x800008d8 (0x03ef6033)
core   0: 0x800008dc (0x00006399) c.lui   t2, 0x6
core   0: 3 0x800008dc (0x6399) x7  0x00006000
core   0: 0x800008de (0x00000429) c.addi  s0, 10
core   0: 3 0x800008de (0x0429) x8  0x0000000d
core   0: 0x800008e0 (0x55b37013) andi    zero, t1, 1371
core   0: 3 0x800008e0 (0x55b37013)
core   0: 0x800008e4 (0x00004581) c.li    a1, 0
core   0: 3 0x800008e4 (0x4581) x11 0x00000000
core   0: 0x800008e6 (0x00001efd) c.addi  t4, -1
core   0: 3 0x800008e6 (0x1efd) x29 0x0000007e
core   0: 0x800008e8 (0x00b9dc93) srli    s9, s3, 11
core   0: 3 0x800008e8 (0x00b9dc93) x25 0x00000000
core   0: 0x800008ec (0x00004711) c.li    a4, 4
core   0: 3 0x800008ec (0x4711) x14 0x00000004
core   0: 0x800008ee (0x02ce43b3) div     t2, t3, a2
core   0: 3 0x800008ee (0x02ce43b3) x7  0x00000000
core   0: 0x800008f2 (0x01965313) srli    t1, a2, 25
core   0: 3 0x800008f2 (0x01965313) x6  0x0000005d
core   0: 0x800008f6 (0x00bfac33) slt     s8, t6, a1
core   0: 3 0x800008f6 (0x00bfac33) x24 0x00000001
core   0: 0x800008fa (0x00008fc9) c.or    a5, a0
core   0: 3 0x800008fa (0x8fc9) x15 0xf38424a7
core   0: 0x800008fc (0x00000942) c.slli  s2, 16
core   0: 3 0x800008fc (0x0942) x18 0x00000000
core   0: 0x800008fe (0x0000068d) c.addi  a3, 3
core   0: 3 0x800008fe (0x068d) x13 0x00000007
core   0: 0x80000900 (0x0000461d) c.li    a2, 7
core   0: 3 0x80000900 (0x461d) x12 0x00000007
core   0: 0x80000902 (0x00000001) c.nop
core   0: 3 0x80000902 (0x0001)
core   0: 0x80000904 (0x00008fc5) c.or    a5, s1
core   0: 3 0x80000904 (0x8fc5) x15 0xf38424a7
core   0: 0x80000906 (0x419cd333) sra     t1, s9, s9
core   0: 3 0x80000906 (0x419cd333) x6  0x00000000
core   0: 0x8000090a (0x00000585) c.addi  a1, 1
core   0: 3 0x8000090a (0x0585) x11 0x00000001
core   0: 0x8000090c (0x41f302b3) sub     t0, t1, t6
core   0: 3 0x8000090c (0x41f302b3) x5  0x7ffef16d
core   0: 0x80000910 (0x023d7033) remu    zero, s10, gp
core   0: 3 0x80000910 (0x023d7033)
core   0: 0x80000914 (0x03d2d833) divu    a6, t0, t4
core   0: 3 0x80000914 (0x03d2d833) x16 0x01040e1b
core   0: 0x80000918 (0xfee583e3) beq     a1, a4, pc - 26
core   0: 3 0x80000918 (0xfee583e3)
core   0: 0x8000091c (0x148ea013) slti    zero, t4, 328
core   0: 3 0x8000091c (0x148ea013)
core   0: 0x80000920 (0x0321e9b3) rem     s3, gp, s2
core   0: 3 0x80000920 (0x0321e9b3) x19 0x00000000
core   0: 0x80000924 (0x3bb4d617) auipc   a2, 0x3bb4d
core   0: 3 0x80000924 (0x3bb4d617) x12 0xbbb4d924
core   0: 0x80000928 (0xfaa467e3) bltu    s0, a0, pc - 82
core   0: 3 0x80000928 (0xfaa467e3)
core   0: 0x8000092c (0x022e7db3) remu    s11, t3, sp
core   0: 3 0x8000092c (0x022e7db3) x27 0x00000000
core   0: 0x80000930 (0x0180036f) jal     t1, pc + 0x18
core   0: 3 0x80000930 (0x0180036f) x6  0x80000934
core   0: 0x80000948 (0x008004ef) jal     s1, pc + 0x8
core   0: 3 0x80000948 (0x008004ef) x9  0x8000094c
core   0: 0x80000950 (0xffdff0ef) jal     pc - 0x4
core   0: 3 0x80000950 (0xffdff0ef) x1  0x80000954
core   0: 0x8000094c (0x00003fc5) c.jal   pc - 16
core   0: 3 0x8000094c (0x3fc5) x1  0x8000094e
core   0: 0x8000093c (0x00002809) c.jal   pc + 18
core   0: 3 0x8000093c (0x2809) x1  0x8000093e
core   0: 0x8000094e (0x0000b7dd) c.j     pc - 26
core   0: 3 0x8000094e (0xb7dd)
core   0: 0x80000934 (0x00c000ef) jal     pc + 0xc
core   0: 3 0x80000934 (0x00c000ef) x1  0x80000938
core   0: 0x80000940 (0x00003fe5) c.jal   pc - 8
core   0: 3 0x80000940 (0x3fe5) x1  0x80000942
core   0: 0x80000938 (0x006000ef) jal     pc + 0x6
core   0: 3 0x80000938 (0x006000ef) x1  0x8000093c
core   0: 0x8000093e (0x0000a011) c.j     pc + 4
core   0: 3 0x8000093e (0xa011)
core   0: 0x80000942 (0x00400f6f) jal     t5, pc + 0x4
core   0: 3 0x80000942 (0x00400f6f) x30 0x80000946
core   0: 0x80000946 (0x0000a039) c.j     pc + 14
core   0: 3 0x80000946 (0xa039)
core   0: 0x80000954 (0x4190e9b7) lui     s3, 0x4190e
core   0: 3 0x80000954 (0x4190e9b7) x19 0x4190e000
core   0: 0x80000958 (0x00010817) auipc   a6, 0x10
core   0: 3 0x80000958 (0x00010817) x16 0x80010958
core   0: 0x8000095c (0x61f80813) addi    a6, a6, 1567
core   0: 3 0x8000095c (0x61f80813) x16 0x80010f77
core   0: 0x80000960 (0x00f89713) slli    a4, a7, 15
core   0: 3 0x80000960 (0x00f89713) x14 0x04600000
core   0: 0x80000964 (0x00a205b3) add     a1, tp, a0
core   0: 3 0x80000964 (0x00a205b3) x11 0xffffffa5
core   0: 0x80000968 (0x00f186b3) add     a3, gp, a5
core   0: 3 0x80000968 (0x00f186b3) x13 0xf38424a7
core   0: 0x8000096c (0x018eefb3) or      t6, t4, s8
core   0: 3 0x8000096c (0x018eefb3) x31 0x0000007f
core   0: 0x80000970 (0x02884c03) lbu     s8, 40(a6)
core   0: 3 0x80000970 (0x02884c03) x24 0x00000054 mem 0x80010f9f
core   0: 0x80000974 (0xff385603) lhu     a2, -13(a6)
core   0: 3 0x80000974 (0xff385603) x12 0x00002021 mem 0x80010f6a
core   0: 0x80000978 (0x035816a3) sh      s5, 45(a6)
core   0: 3 0x80000978 (0x035816a3) mem 0x80010fa4 0x9d24
core   0: 0x8000097c (0x01b440b3) xor     ra, s0, s11
core   0: 3 0x8000097c (0x01b440b3) x1  0x0000000d
core   0: 0x80000980 (0x000069f9) c.lui   s3, 0x1e
core   0: 3 0x80000980 (0x69f9) x19 0x0001e000
core   0: 0x80000982 (0x00008929) c.andi  a0, 10
core   0: 3 0x80000982 (0x8929) x10 0x00000000
core   0: 0x80000984 (0x02381703) lh      a4, 35(a6)
core   0: 3 0x80000984 (0x02381703) x14 0x00005051 mem 0x80010f9a
core   0: 0x80000988 (0x03f5c6b3) div     a3, a1, t6
core   0: 3 0x80000988 (0x03f5c6b3) x13 0x00000000
core   0: 0x8000098c (0x29c90793) addi    a5, s2, 668
core   0: 3 0x8000098c (0x29c90793) x15 0x0000029c
core   0: 0x80000990 (0x02322933) mulhsu  s2, tp, gp
core   0: 3 0x80000990 (0x02322933) x18 0x00000000
core   0: 0x80000994 (0xfc280f83) lb      t6, -62(a6)
core   0: 3 0x80000994 (0xfc280f83) x31 0xfffffff2 mem 0x80010f39
core   0: 0x80000998 (0xff5824a3) sw      s5, -23(a6)
core   0: 3 0x80000998 (0xff5824a3) mem 0x80010f60 0x80029d24
core   0: 0x8000099c (0xfcc80d83) lb      s11, -52(a6)
core   0: 3 0x8000099c (0xfcc80d83) x27 0xfffffff8 mem 0x80010f43
core   0: 0x800009a0 (0x0072bcb3) sltu    s9, t0, t2
core   0: 3 0x800009a0 (0x0072bcb3) x25 0x00000000
core   0: 0x800009a4 (0x000088bd) c.andi  s1, 15
core   0: 3 0x800009a4 (0x88bd) x9  0x0000000c
core   0: 0x800009a6 (0x02580ba3) sb      t0, 55(a6)
core   0: 3 0x800009a6 (0x02580ba3) mem 0x80010fae 0x6d
core   0: 0x800009aa (0xff580303) lb      t1, -11(a6)
core   0: 3 0x800009aa (0xff580303) x6  0x00000027 mem 0x80010f6c
core   0: 0x800009ae (0x02179733) mulh    a4, a5, ra
core   0: 3 0x800009ae (0x02179733) x14 0x00000000
core   0: 0x800009b2 (0xfbbb8d13) addi    s10, s7, -69
core   0: 3 0x800009b2 (0xfbbb8d13) x26 0xffffffbc
core   0: 0x800009b6 (0x000088d6) c.mv    a7, s5
core   0: 3 0x800009b6 (0x88d6) x17 0x80029d24
core   0: 0x800009b8 (0xfc781fa3) sh      t2, -33(a6)
core   0: 3 0x800009b8 (0xfc781fa3) mem 0x80010f56 0x0000
core   0: 0x800009bc (0xb7e83f93) sltiu   t6, a6, -1154
core   0: 3 0x800009bc (0xb7e83f93) x31 0x00000001
core   0: 0x800009c0 (0xfd9809a3) sb      s9, -45(a6)
core   0: 3 0x800009c0 (0xfd9809a3) mem 0x80010f4a 0x00
core   0: 0x800009c4 (0x02884483) lbu     s1, 40(a6)
core   0: 3 0x800009c4 (0x02884483) x9  0x00000054 mem 0x80010f9f
core   0: 0x800009c8 (0x03481ca3) sh      s4, 57(a6)
core   0: 3 0x800009c8 (0x03481ca3) mem 0x80010fb0 0x5ea4
core   0: 0x800009cc (0xf367ae17) auipc   t3, 0xf367a
core   0: 3 0x800009cc (0xf367ae17) x28 0x7367a9cc
core   0: 0x800009d0 (0x40c4d193) srai    gp, s1, 12
core   0: 3 0x800009d0 (0x40c4d193) x3  0x00000000
core   0: 0x800009d4 (0x9e227893) andi    a7, tp, -1566
core   0: 3 0x800009d4 (0x9e227893) x17 0xfffff9a0
core   0: 0x800009d8 (0x03b70933) mul     s2, a4, s11
core   0: 3 0x800009d8 (0x03b70933) x18 0x00000000
core   0: 0x800009dc (0xff480203) lb      tp, -12(a6)
core   0: 3 0x800009dc (0xff480203) x4  0x00000020 mem 0x80010f6b
core   0: 0x800009e0 (0x0000577d) c.li    a4, -1
core   0: 3 0x800009e0 (0x577d) x14 0xffffffff
core   0: 0x800009e2 (0x02aba333) mulhsu  t1, s7, a0
core   0: 3 0x800009e2 (0x02aba333) x6  0x00000000
core   0: 0x800009e6 (0x022b79b3) remu    s3, s6, sp
core   0: 3 0x800009e6 (0x022b79b3) x19 0x800008c4
core   0: 0x800009ea (0x00000bf1) c.addi  s7, 28
core   0: 3 0x800009ea (0x0bf1) x23 0x0000001d
core   0: 0x800009ec (0x017096b3) sll     a3, ra, s7
core   0: 3 0x800009ec (0x017096b3) x13 0xa0000000
core   0: 0x800009f0 (0x00008db1) c.xor   a1, a2
core   0: 3 0x800009f0 (0x8db1) x11 0xffffdf84
core   0: 0x800009f2 (0x00000001) c.nop
core   0: 3 0x800009f2 (0x0001)
core   0: 0x800009f4 (0x000045dd) c.li    a1, 23
core   0: 3 0x800009f4 (0x45dd) x11 0x00000017
core   0: 0x800009f6 (0x03c45d33) divu    s10, s0, t3
core   0: 3 0x800009f6 (0x03c45d33) x26 0x00000000
core   0: 0x800009fa (0x00009792) c.add   a5, tp
core   0: 3 0x800009fa (0x9792) x15 0x000002bc
core   0: 0x800009fc (0x00000705) c.addi  a4, 1
core   0: 3 0x800009fc (0x0705) x14 0x00000000
core   0: 0x800009fe (0xe505eb13) ori     s6, a1, -432
core   0: 3 0x800009fe (0xe505eb13) x22 0xfffffe57
core   0: 0x80000a02 (0x000011fd) c.addi  gp, -1
core   0: 3 0x80000a02 (0x11fd) x3  0xffffffff
core   0: 0x80000a04 (0xdfa4b613) sltiu   a2, s1, -518
core   0: 3 0x80000a04 (0xdfa4b613) x12 0x00000001
core   0: 0x80000a08 (0x008098b3) sll     a7, ra, s0
core   0: 3 0x80000a08 (0x008098b3) x17 0x0001a000
core   0: 0x80000a0c (0x410550b3) sra     ra, a0, a6
core   0: 3 0x80000a0c (0x410550b3) x1  0x00000000
core   0: 0x80000a10 (0x0000f37d) c.bnez  a4, pc - 26
core   0: 3 0x80000a10 (0xf37d)
core   0: 0x80000a12 (0x0157a1b3) slt     gp, a5, s5
core   0: 3 0x80000a12 (0x0157a1b3) x3  0x00000000
core   0: 0x80000a16 (0x0001ab97) auipc   s7, 0x1a
core   0: 3 0x80000a16 (0x0001ab97) x23 0x8001aa16
core   0: 0x80000a1a (0xb4fb8b93) addi    s7, s7, -1201
core   0: 3 0x80000a1a (0xb4fb8b93) x23 0x8001a565
core   0: 0x80000a1e (0x54eb8423) sb      a4, 1352(s7)
core   0: 3 0x80000a1e (0x54eb8423) mem 0x8001aaad 0x00
core   0: 0x80000a22 (0x548b8c83) lb      s9, 1352(s7)
core   0: 3 0x80000a22 (0x548b8c83) x25 0x00000000 mem 0x8001aaad
core   0: 0x80000a26 (0x548b8903) lb      s2, 1352(s7)
core   0: 3 0x80000a26 (0x548b8903) x18 0x00000000 mem 0x8001aaad
core   0: 0x80000a2a (0x55fb8423) sb      t6, 1352(s7)
core   0: 3 0x80000a2a (0x55fb8423) mem 0x8001aaad 0x01
core   0: 0x80000a2e (0x55eb8423) sb      t5, 1352(s7)
core   0: 3 0x80000a2e (0x55eb8423) mem 0x8001aaad 0x46
core   0: 0x80000a32 (0x03f5e533) rem     a0, a1, t6
core   0: 3 0x80000a32 (0x03f5e533) x10 0x00000000
core   0: 0x80000a36 (0x548b8583) lb      a1, 1352(s7)
core   0: 3 0x80000a36 (0x548b8583) x11 0x00000046 mem 0x8001aaad
core   0: 0x80000a3a (0x5d3bd783) lhu     a5, 1491(s7)
core   0: 3 0x80000a3a (0x5d3bd783) x15 0x0000f2f3 mem 0x8001ab38
core   0: 0x80000a3e (0x5c0ba9a3) sw      zero, 1491(s7)
core   0: 3 0x80000a3e (0x5c0ba9a3) mem 0x8001ab38 0x00000000
core   0: 0x80000a42 (0x5d3bd383) lhu     t2, 1491(s7)
core   0: 3 0x80000a42 (0x5d3bd383) x7  0x00000000 mem 0x8001ab38
core   0: 0x80000a46 (0x862bc403) lbu     s0, -1950(s7)
core   0: 3 0x80000a46 (0x862bc403) x8  0x0000007c mem 0x80019dc7
core   0: 0x80000a4a (0x710bc583) lbu     a1, 1808(s7)
core   0: 3 0x80000a4a (0x710bc583) x11 0x0000002e mem 0x8001ac75
core   0: 0x80000a4e (0x71ab8823) sb      s10, 1808(s7)
core   0: 3 0x80000a4e (0x71ab8823) mem 0x8001ac75 0x00
core   0: 0x80000a52 (0x710bcd03) lbu     s10, 1808(s7)
core   0: 3 0x80000a52 (0x710bcd03) x26 0x00000000 mem 0x8001ac75
core   0: 0x80000a56 (0x02dd15b3) mulh    a1, s10, a3
core   0: 3 0x80000a56 (0x02dd15b3) x11 0x00000000
core   0: 0x80000a5a (0x710b8e03) lb      t3, 1808(s7)
core   0: 3 0x80000a5a (0x710b8e03) x28 0x00000000 mem 0x8001ac75
core   0: 0x80000a5e (0xb09b95a3) sh      s1, -1269(s7)
core   0: 3 0x80000a5e (0xb09b95a3) mem 0x8001a070 0x0054
core   0: 0x80000a62 (0xd2ebc303) lbu     t1, -722(s7)
core   0: 3 0x80000a62 (0xd2ebc303) x6  0x00000048 mem 0x8001a293
core   0: 0x80000a66 (0x028733b3) mulhu   t2, a4, s0
core   0: 3 0x80000a66 (0x028733b3) x7  0x00000000
core   0: 0x80000a6a (0xd29b8723) sb      s1, -722(s7)
core   0: 3 0x80000a6a (0xd29b8723) mem 0x8001a293 0x54
core   0: 0x80000a6e (0xd2eb8883) lb      a7, -722(s7)
core   0: 3 0x80000a6e (0xd2eb8883) x17 0x00000054 mem 0x8001a293
core   0: 0x80000a72 (0xd3fb8723) sb      t6, -722(s7)
core   0: 3 0x80000a72 (0xd3fb8723) mem 0x8001a293 0x01
core   0: 0x80000a76 (0x17f53513) sltiu   a0, a0, 383
core   0: 3 0x80000a76 (0x17f53513) x10 0x00000001
core   0: 0x80000a7a (0xb48b8683) lb      a3, -1208(s7)
core   0: 3 0x80000a7a (0xb48b8683) x13 0x00000066 mem 0x8001a0ad
core   0: 0x80000a7e (0x00010517) auipc   a0, 0x10
core   0: 3 0x80000a7e (0x00010517) x10 0x80010a7e
core   0: 0x80000a82 (0xc1e50513) addi    a0, a0, -994
core   0: 3 0x80000a82 (0xc1e50513) x10 0x8001069c
core   0: 0x80000a86 (0x00000001) c.nop
core   0: 3 0x80000a86 (0x0001)
core   0: 0x80000a88 (0x041506a3) sb      ra, 77(a0)
core   0: 3 0x80000a88 (0x041506a3) mem 0x800106e9 0x00
core   0: 0x80000a8c (0x03855703) lhu     a4, 56(a0)
core   0: 3 0x80000a8c (0x03855703) x14 0x00008e8f mem 0x800106d4
core   0: 0x80000a90 (0x00000001) c.nop
core   0: 3 0x80000a90 (0x0001)
core   0: 0x80000a92 (0x00954703) lbu     a4, 9(a0)
core   0: 3 0x80000a92 (0x00954703) x14 0x0000005e mem 0x800106a5
core   0: 0x80000a96 (0xfc750aa3) sb      t2, -43(a0)
core   0: 3 0x80000a96 (0xfc750aa3) mem 0x80010671 0x00
core   0: 0x80000a9a (0x02b293b3) mulh    t2, t0, a1
core   0: 3 0x80000a9a (0x02b293b3) x7  0x00000000
core   0: 0x80000a9e (0x00b715b3) sll     a1, a4, a1
core   0: 3 0x80000a9e (0x00b715b3) x11 0x0000005e
core   0: 0x80000aa2 (0x00e0b0b3) sltu    ra, ra, a4
core   0: 3 0x80000aa2 (0x00e0b0b3) x1  0x00000001
core   0: 0x80000aa6 (0xf0550083) lb      ra, -251(a0)
core   0: 3 0x80000aa6 (0xf0550083) x1  0x0000005a mem 0x800105a1
core   0: 0x80000aaa (0x00000001) c.nop
core   0: 3 0x80000aaa (0x0001)
core   0: 0x80000aac (0x06750aa3) sb      t2, 117(a0)
core   0: 3 0x80000aac (0x06750aa3) mem 0x80010711 0x00
core   0: 0x80000ab0 (0x000085d1) c.srai  a1, 20
core   0: 3 0x80000ab0 (0x85d1) x11 0x00000000
core   0: 0x80000ab2 (0x0ee506a3) sb      a4, 237(a0)
core   0: 3 0x80000ab2 (0x0ee506a3) mem 0x80010789 0x5e
core   0: 0x80000ab6 (0xf6550ba3) sb      t0, -137(a0)
core   0: 3 0x80000ab6 (0xf6550ba3) mem 0x80010613 0x6d
core   0: 0x80000aba (0x04c50083) lb      ra, 76(a0)
core   0: 3 0x80000aba (0x04c50083) x1  0xffffffa3 mem 0x800106e8
core   0: 0x80000abe (0xf8550703) lb      a4, -123(a0)
core   0: 3 0x80000abe (0xf8550703) x14 0xffffffda mem 0x80010621
core   0: 0x80000ac2 (0xfc5502a3) sb      t0, -59(a0)
core   0: 3 0x80000ac2 (0xfc5502a3) mem 0x80010661 0x6d
core   0: 0x80000ac6 (0x000055fd) c.li    a1, -1
core   0: 3 0x80000ac6 (0x55fd) x11 0xffffffff
core   0: 0x80000ac8 (0x007740b3) xor     ra, a4, t2
core   0: 3 0x80000ac8 (0x007740b3) x1  0xffffffda
core   0: 0x80000acc (0x00008f4d) c.or    a4, a1
core   0: 3 0x80000acc (0x8f4d) x14 0xffffffff
core   0: 0x80000ace (0x05354183) lbu     gp, 83(a0)
core   0: 3 0x80000ace (0x05354183) x3  0x000000a4 mem 0x800106ef
core   0: 0x80000ad2 (0x000051fd) c.li    gp, -1
core   0: 3 0x80000ad2 (0x51fd) x3  0xffffffff
core   0: 0x80000ad4 (0xf4750383) lb      t2, -185(a0)
core   0: 3 0x80000ad4 (0xf4750383) x7  0xffffff98 mem 0x800105e3
core   0: 0x80000ad8 (0xf6150da3) sb      ra, -133(a0)
core   0: 3 0x80000ad8 (0xf6150da3) mem 0x80010617 0xda
core   0: 0x80000adc (0x05954283) lbu     t0, 89(a0)
core   0: 3 0x80000adc (0x05954283) x5  0x000000ae mem 0x800106f5
core   0: 0x80000ae0 (0xfeb50aa3) sb      a1, -11(a0)
core   0: 3 0x80000ae0 (0xfeb50aa3) mem 0x80010691 0xff
core   0: 0x80000ae4 (0x02b28733) mul     a4, t0, a1
core   0: 3 0x80000ae4 (0x02b28733) x14 0xffffff52
core   0: 0x80000ae8 (0x063504a3) sb      gp, 105(a0)
core   0: 3 0x80000ae8 (0x063504a3) mem 0x80010705 0xff
core   0: 0x80000aec (0x0070e733) or      a4, ra, t2
core   0: 3 0x80000aec (0x0070e733) x14 0xffffffda
core   0: 0x80000af0 (0x00008f39) c.xor   a4, a4
core   0: 3 0x80000af0 (0x8f39) x14 0x00000000
core   0: 0x80000af2 (0x3710b293) sltiu   t0, ra, 881
core   0: 3 0x80000af2 (0x3710b293) x5  0x00000000
core   0: 0x80000af6 (0xf2851083) lh      ra, -216(a0)
core   0: 3 0x80000af6 (0xf2851083) x1  0x00007e7f mem 0x800105c4
core   0: 0x80000afa (0x0f754083) lbu     ra, 247(a0)
core   0: 3 0x80000afa (0x0f754083) x1  0x00000048 mem 0x80010793
core   0: 0x80000afe (0x00008f2d) c.xor   a4, a1
core   0: 3 0x80000afe (0x8f2d) x14 0xffffffff
core   0: 0x80000b00 (0x0273b733) mulhu   a4, t2, t2
core   0: 3 0x80000b00 (0x0273b733) x14 0xffffff30
core   0: 0x80000b04 (0x00f54383) lbu     t2, 15(a0)
core   0: 3 0x80000b04 (0x00f54383) x7  0x00000060 mem 0x800106ab
core   0: 0x80000b08 (0x000081e9) c.srli  a1, 26
core   0: 3 0x80000b08 (0x81e9) x11 0x0000003f
core   0: 0x80000b0a (0x02e0c0b3) div     ra, ra, a4
core   0: 3 0x80000b0a (0x02e0c0b3) x1  0x00000000
core   0: 0x80000b0e (0xbf472093) slti    ra, a4, -1036
core   0: 3 0x80000b0e (0xbf472093) x1  0x00000000
core   0: 0x80000b12 (0x0000809e) c.mv    ra, t2
core   0: 3 0x80000b12 (0x809e) x1  0x00000060
core   0: 0x80000b14 (0x0ca51083) lh      ra, 202(a0)
core   0: 3 0x80000b14 (0x0ca51083) x1  0x00001c1d mem 0x80010766
core   0: 0x80000b18 (0xf4e51583) lh      a1, -178(a0)
core   0: 3 0x80000b18 (0xf4e51583) x11 0xffffa0a1 mem 0x800105ea
core   0: 0x80000b1c (0x0d251183) lh      gp, 210(a0)
core   0: 3 0x80000b1c (0x0d251183) x3  0x00002425 mem 0x8001076e
core   0: 0x80000b20 (0xf6b52023) sw      a1, -160(a0)
core   0: 3 0x80000b20 (0xf6b52023) mem 0x800105fc 0xffffa0a1
core   0: 0x80000b24 (0x0bc52583) lw      a1, 188(a0)
core   0: 3 0x80000b24 (0x0bc52583) x11 0x10111213 mem 0x80010758
core   0: 0x80000b28 (0xfa350ca3) sb      gp, -71(a0)
core   0: 3 0x80000b28 (0xfa350ca3) mem 0x80010655 0x25
core   0: 0x80000b2c (0x00010997) auipc   s3, 0x10
core   0: 3 0x80000b2c (0x00010997) x19 0x80010b2c
core   0: 0x80000b30 (0xa1e98993) addi    s3, s3, -1506
core   0: 3 0x80000b30 (0xa1e98993) x19 0x8001054a
core   0: 0x80000b34 (0xffc9c883) lbu     a7, -4(s3)
core   0: 3 0x80000b34 (0xffc9c883) x17 0x000000fd mem 0x80010546
core   0: 0x80000b38 (0x00000bf2) c.slli  s7, 28
core   0: 3 0x80000b38 (0x0bf2) x23 0x50000000
core   0: 0x80000b3a (0x01961293) slli    t0, a2, 25
core   0: 3 0x80000b3a (0x01961293) x5  0x02000000
core   0: 0x80000b3e (0x064982a3) sb      tp, 101(s3)
core   0: 3 0x80000b3e (0x064982a3) mem 0x800105af 0x20
core   0: 0x80000b42 (0x40cdd333) sra     t1, s11, a2
core   0: 3 0x80000b42 (0x40cdd333) x6  0xfffffffc
core   0: 0x80000b46 (0x41eed613) srai    a2, t4, 30
core   0: 3 0x80000b46 (0x41eed613) x12 0x00000000
core   0: 0x80000b4a (0x06c9dc03) lhu     s8, 108(s3)
core   0: 3 0x80000b4a (0x06c9dc03) x24 0x00006c6d mem 0x800105b6
core   0: 0x80000b4e (0x02dfa1b3) mulhsu  gp, t6, a3
core   0: 3 0x80000b4e (0x02dfa1b3) x3  0x00000000
core   0: 0x80000b52 (0x01969e33) sll     t3, a3, s9
core   0: 3 0x80000b52 (0x01969e33) x28 0x00000066
core   0: 0x80000b56 (0x84a54e97) auipc   t4, 0x84a54
core   0: 3 0x80000b56 (0x84a54e97) x29 0x04a54b56
core   0: 0x80000b5a (0xfbd9c503) lbu     a0, -67(s3)
core   0: 3 0x80000b5a (0xfbd9c503) x10 0x000000bc mem 0x80010507
core   0: 0x80000b5e (0x01d08fb3) add     t6, ra, t4
core   0: 3 0x80000b5e (0x01d08fb3) x31 0x04a56773
core   0: 0x80000b62 (0x0559cf83) lbu     t6, 85(s3)
core   0: 3 0x80000b62 (0x0559cf83) x31 0x00000054 mem 0x8001059f
core   0: 0x80000b66 (0x02398023) sb      gp, 32(s3)
core   0: 3 0x80000b66 (0x02398023) mem 0x8001056a 0x00
core   0: 0x80000b6a (0x0129c483) lbu     s1, 18(s3)
core   0: 3 0x80000b6a (0x0129c483) x9  0x00000017 mem 0x8001055c
core   0: 0x80000b6e (0xf7898c23) sb      s8, -136(s3)
core   0: 3 0x80000b6e (0xf7898c23) mem 0x800104c2 0x6d
core   0: 0x80000b72 (0x00008f15) c.sub   a4, a3
core   0: 3 0x80000b72 (0x8f15) x14 0xfffffeca
core   0: 0x80000b74 (0x4055dc13) srai    s8, a1, 5
core   0: 3 0x80000b74 (0x4055dc13) x24 0x00808890
core   0: 0x80000b78 (0x03d77c33) remu    s8, a4, t4
core   0: 3 0x80000b78 (0x03d77c33) x24 0x007ccf50
core   0: 0x80000b7c (0x0ea983a3) sb      a0, 231(s3)
core   0: 3 0x80000b7c (0x0ea983a3) mem 0x80010631 0xbc
core   0: 0x80000b80 (0x02e9a803) lw      a6, 46(s3)
core   0: 3 0x80000b80 (0x02e9a803) x16 0x30313233 mem 0x80010578
core   0: 0x80000b84 (0x019fab33) slt     s6, t6, s9
core   0: 3 0x80000b84 (0x019fab33) x22 0x00000000
core   0: 0x80000b88 (0x08a989a3) sb      a0, 147(s3)
core   0: 3 0x80000b88 (0x08a989a3) mem 0x800105dd 0xbc
core   0: 0x80000b8c (0x00946bb3) or      s7, s0, s1
core   0: 3 0x80000b8c (0x00946bb3) x23 0x0000007f
core   0: 0x80000b90 (0x9c1fe1b7) lui     gp, 0x9c1fe
core   0: 3 0x80000b90 (0x9c1fe1b7) x3  0x9c1fe000
core   0: 0x80000b94 (0x04598383) lb      t2, 69(s3)
core   0: 3 0x80000b94 (0x04598383) x7  0x00000044 mem 0x8001058f
core   0: 0x80000b98 (0x66becc93) xori    s9, t4, 1643
core   0: 3 0x80000b98 (0x66becc93) x25 0x04a54d3d
core   0: 0x80000b9c (0x0000973a) c.add   a4, a4
core   0: 3 0x80000b9c (0x973a) x14 0xfffffd94
core   0: 0x80000b9e (0x09e9d783) lhu     a5, 158(s3)
core   0: 3 0x80000b9e (0x09e9d783) x15 0x0000a2a3 mem 0x800105e8
core   0: 0x80000ba2 (0x03107b33) remu    s6, zero, a7
core   0: 3 0x80000ba2 (0x03107b33) x22 0x00000000
core   0: 0x80000ba6 (0x09b9ce03) lbu     t3, 155(s3)
core   0: 3 0x80000ba6 (0x09b9ce03) x28 0x0000009e mem 0x800105e5
core   0: 0x80000baa (0x06f9cb83) lbu     s7, 111(s3)
core   0: 3 0x80000baa (0x06f9cb83) x23 0x00000072 mem 0x800105b9
core   0: 0x80000bae (0x0000ff97) auipc   t6, 0xf
core   0: 3 0x80000bae (0x0000ff97) x31 0x8000fbae
core   0: 0x80000bb2 (0x5fdf8f93) addi    t6, t6, 1533
core   0: 3 0x80000bb2 (0x5fdf8f93) x31 0x800101ab
core   0: 0x80000bb6 (0x009fd083) lhu     ra, 9(t6)
core   0: 3 0x80000bb6 (0x009fd083) x1  0x00006e6f mem 0x800101b4
core   0: 0x80000bba (0x009f8c03) lb      s8, 9(t6)
core   0: 3 0x80000bba (0x009f8c03) x24 0x0000006f mem 0x800101b4
core   0: 0x80000bbe (0x01e07533) and     a0, zero, t5
core   0: 3 0x80000bbe (0x01e07533) x10 0x00000000
core   0: 0x80000bc2 (0x000f8403) lb      s0, 0(t6)
core   0: 3 0x80000bc2 (0x000f8403) x8  0x00000060 mem 0x800101ab
core   0: 0x80000bc6 (0xff4f8a23) sb      s4, -12(t6)
core   0: 3 0x80000bc6 (0xff4f8a23) mem 0x8001019f 0xa4
core   0: 0x80000bca (0x003fce83) lbu     t4, 3(t6)
core   0: 3 0x80000bca (0x003fce83) x29 0x00000065 mem 0x800101ae
core   0: 0x80000bce (0x002fc003) lbu     zero, 2(t6)
core   0: 3 0x80000bce (0x002fc003) mem 0x800101ad
core   0: 0x80000bd2 (0x005fac83) lw      s9, 5(t6)
core   0: 3 0x80000bd2 (0x005fac83) x25 0x68696a6b mem 0x800101b0
core   0: 0x80000bd6 (0x005f8883) lb      a7, 5(t6)
core   0: 3 0x80000bd6 (0x005f8883) x17 0x0000006b mem 0x800101b0
core   0: 0x80000bda (0xffcf8203) lb      tp, -4(t6)
core   0: 3 0x80000bda (0xffcf8203) x4  0x0000005c mem 0x800101a7
core   0: 0x80000bde (0xffcfc503) lbu     a0, -4(t6)
core   0: 3 0x80000bde (0xffcfc503) x10 0x0000005c mem 0x800101a7
core   0: 0x80000be2 (0x01af8623) sb      s10, 12(t6)
core   0: 3 0x80000be2 (0x01af8623) mem 0x800101b7 0x00
core   0: 0x80000be6 (0x00bfa2a3) sw      a1, 5(t6)
core   0: 3 0x80000be6 (0x00bfa2a3) mem 0x800101b0 0x10111213
core   0: 0x80000bea (0x010f92a3) sh      a6, 5(t6)
core   0: 3 0x80000bea (0x010f92a3) mem 0x800101b0 0x3233
core   0: 0x80000bee (0x017f94a3) sh      s7, 9(t6)
core   0: 3 0x80000bee (0x017f94a3) mem 0x800101b4 0x0072
core   0: 0x80000bf2 (0x010f8283) lb      t0, 16(t6)
core   0: 3 0x80000bf2 (0x010f8283) x5  0x00000070 mem 0x800101bb
core   0: 0x80000bf6 (0x006fc503) lbu     a0, 6(t6)
core   0: 3 0x80000bf6 (0x006fc503) x10 0x00000032 mem 0x800101b1
core   0: 0x80000bfa (0x00004601) c.li    a2, 0
core   0: 3 0x80000bfa (0x4601) x12 0x00000000
core   0: 0x80000bfc (0x00004481) c.li    s1, 0
core   0: 3 0x80000bfc (0x4481) x9  0x00000000
core   0: 0x80000bfe (0x00004bcd) c.li    s7, 19
core   0: 3 0x80000bfe (0x4bcd) x23 0x00000013
core   0: 0x80000c00 (0x000047a5) c.li    a5, 9
core   0: 3 0x80000c00 (0x47a5) x15 0x00000009
core   0: 0x80000c02 (0x021ad333) divu    t1, s5, ra
core   0: 3 0x80000c02 (0x021ad333) x6  0x000128be
core   0: 0x80000c06 (0x85898493) addi    s1, s3, -1960
core   0: 3 0x80000c06 (0x85898493) x9  0x8000fda2
core   0: 0x80000c0a (0x018123b3) slt     t2, sp, s8
core   0: 3 0x80000c0a (0x018123b3) x7  0x00000001
core   0: 0x80000c0e (0x00000704) c.addi4spn s1, sp, 896
core   0: 3 0x80000c0e (0x0704) x9  0xf3842667
core   0: 0x80000c10 (0x48190893) addi    a7, s2, 1153
core   0: 3 0x80000c10 (0x48190893) x17 0x00000481
core   0: 0x80000c14 (0x00000625) c.addi  a2, 9
core   0: 3 0x80000c14 (0x0625) x12 0x00000009
core   0: 0x80000c16 (0xfef60ce3) beq     a2, a5, pc - 8
core   0: 3 0x80000c16 (0xfef60ce3)
core   0: 0x80000c0e (0x00000704) c.addi4spn s1, sp, 896
core   0: 3 0x80000c0e (0x0704) x9  0xf3842667
core   0: 0x80000c10 (0x48190893) addi    a7, s2, 1153
core   0: 3 0x80000c10 (0x48190893) x17 0x00000481
core   0: 0x80000c14 (0x00000625) c.addi  a2, 9
core   0: 3 0x80000c14 (0x0625) x12 0x00000012
core   0: 0x80000c16 (0xfef60ce3) beq     a2, a5, pc - 8
core   0: 3 0x80000c16 (0xfef60ce3)
core   0: 0x80000c1a (0x0379ee33) rem     t3, s3, s7
core   0: 3 0x80000c1a (0x0379ee33) x28 0xfffffff4
core   0: 0x80000c1e (0x0240036f) jal     t1, pc + 0x24
core   0: 3 0x80000c1e (0x0240036f) x6  0x80000c22
core   0: 0x80000c42 (0x00003ff5) c.jal   pc - 4
core   0: 3 0x80000c42 (0x3ff5) x1  0x80000c44
core   0: 0x80000c3e (0x000037fd) c.jal   pc - 18
core   0: 3 0x80000c3e (0x37fd) x1  0x80000c40
core   0: 0x80000c2c (0x0280036f) jal     t1, pc + 0x28
core   0: 3 0x80000c2c (0x0280036f) x6  0x80000c30
core   0: 0x80000c54 (0x00003fd5) c.jal   pc - 12
core   0: 3 0x80000c54 (0x3fd5) x1  0x80000c56
core   0: 0x80000c48 (0x00002011) c.jal   pc + 4
core   0: 3 0x80000c48 (0x2011) x1  0x80000c4a
core   0: 0x80000c4c (0x0000b7d5) c.j     pc - 28
core   0: 3 0x80000c4c (0xb7d5)
core   0: 0x80000c30 (0x00003fd5) c.jal   pc - 12
core   0: 3 0x80000c30 (0x3fd5) x1  0x80000c32
core   0: 0x80000c24 (0x004000ef) jal     pc + 0x4
core   0: 3 0x80000c24 (0x004000ef) x1  0x80000c28
core   0: 0x80000c28 (0x0000281d) c.jal   pc + 54
core   0: 3 0x80000c28 (0x281d) x1  0x80000c2a
core   0: 0x80000c5e (0xfdbff0ef) jal     pc - 0x26
core   0: 3 0x80000c5e (0xfdbff0ef) x1  0x80000c62
core   0: 0x80000c38 (0x00c000ef) jal     pc + 0xc
core   0: 3 0x80000c38 (0x00c000ef) x1  0x80000c3c
core   0: 0x80000c44 (0x0000a821) c.j     pc + 24
core   0: 3 0x80000c44 (0xa821)
core   0: 0x80000c5c (0x0000bffd) c.j     pc - 2
core   0: 3 0x80000c5c (0xbffd)
core   0: 0x80000c5a (0x00003fd5) c.jal   pc - 12
core   0: 3 0x80000c5a (0x3fd5) x1  0x80000c5c
core   0: 0x80000c4e (0x0000a029) c.j     pc + 10
core   0: 3 0x80000c4e (0xa029)
core   0: 0x80000c58 (0x00003fe5) c.jal   pc - 8
core   0: 3 0x80000c58 (0x3fe5) x1  0x80000c5a
core   0: 0x80000c50 (0x00003fc9) c.jal   pc - 46
core   0: 3 0x80000c50 (0x3fc9) x1  0x80000c52
core   0: 0x80000c22 (0x0000a021) c.j     pc + 8
core   0: 3 0x80000c22 (0xa021)
core   0: 0x80000c2a (0x0000a831) c.j     pc + 28
core   0: 3 0x80000c2a (0xa831)
core   0: 0x80000c46 (0x0000a011) c.j     pc + 4
core   0: 3 0x80000c46 (0xa011)
core   0: 0x80000c4a (0x00003fdd) c.jal   pc - 10
core   0: 3 0x80000c4a (0x3fdd) x1  0x80000c4c
core   0: 0x80000c40 (0x0000bfd5) c.j     pc - 12
core   0: 3 0x80000c40 (0xbfd5)
core   0: 0x80000c34 (0x008002ef) jal     t0, pc + 0x8
core   0: 3 0x80000c34 (0x008002ef) x5  0x80000c38
core   0: 0x80000c3c (0x0000a829) c.j     pc + 26
core   0: 3 0x80000c3c (0xa829)
core   0: 0x80000c56 (0x0000bff1) c.j     pc - 36
core   0: 3 0x80000c56 (0xbff1)
core   0: 0x80000c32 (0x0000a005) c.j     pc + 32
core   0: 3 0x80000c32 (0xa005)
core   0: 0x80000c52 (0x00002801) c.jal   pc + 16
core   0: 3 0x80000c52 (0x2801) x1  0x80000c54
core   0: 0x80000c62 (0x00008ef9) c.and   a3, a4
core   0: 3 0x80000c62 (0x8ef9) x13 0x00000004
core   0: 0x80000c64 (0x00010197) auipc   gp, 0x10
core   0: 3 0x80000c64 (0x00010197) x3  0x80010c64
core   0: 0x80000c68 (0x21418193) addi    gp, gp, 532
core   0: 3 0x80000c68 (0x21418193) x3  0x80010e78
core   0: 0x80000c6c (0x8d118783) lb      a5, -1839(gp)
core   0: 3 0x80000c6c (0x8d118783) x15 0x00000002 mem 0x80010749
core   0: 0x80000c70 (0x03e52213) slti    tp, a0, 62
core   0: 3 0x80000c70 (0x03e52213) x4  0x00000001
core   0: 0x80000c74 (0xbd41af83) lw      t6, -1068(gp)
core   0: 3 0x80000c74 (0xbd41af83) x31 0x04050607 mem 0x80010a4c
core   0: 0x80000c78 (0x01a77733) and     a4, a4, s10
core   0: 3 0x80000c78 (0x01a77733) x14 0x00000000
core   0: 0x80000c7c (0xacd188a3) sb      a3, -1327(gp)
core   0: 3 0x80000c7c (0xacd188a3) mem 0x80010949 0x04
core   0: 0x80000c80 (0x0b439697) auipc   a3, 0xb439
core   0: 3 0x80000c80 (0x0b439697) x13 0x8b439c80
core   0: 0x80000c84 (0xef8181a3) sb      s8, -285(gp)
core   0: 3 0x80000c84 (0xef8181a3) mem 0x80010d5b 0x6f
core   0: 0x80000c88 (0xb2e1cf03) lbu     t5, -1234(gp)
core   0: 3 0x80000c88 (0xb2e1cf03) x30 0x0000005d mem 0x800109a6
core   0: 0x80000c8c (0x0eb18d83) lb      s11, 235(gp)
core   0: 3 0x80000c8c (0x0eb18d83) x27 0xffffff80 mem 0x80010f63
core   0: 0x80000c90 (0x0541ad83) lw      s11, 84(gp)
core   0: 3 0x80000c90 (0x0541ad83) x27 0x84858687 mem 0x80010ecc
core   0: 0x80000c94 (0xa7e19623) sh      t5, -1428(gp)
core   0: 3 0x80000c94 (0xa7e19623) mem 0x800108e4 0x005d
core   0: 0x80000c98 (0x03718b83) lb      s7, 55(gp)
core   0: 3 0x80000c98 (0x03718b83) x23 0x00000064 mem 0x80010eaf
core   0: 0x80000c9c (0x004e37b3) sltu    a5, t3, tp
core   0: 3 0x80000c9c (0x004e37b3) x15 0x00000000
core   0: 0x80000ca0 (0x020f0e33) mul     t3, t5, zero
core   0: 3 0x80000ca0 (0x020f0e33) x28 0x00000000
core   0: 0x80000ca4 (0x03939033) mulh    zero, t2, s9
core   0: 3 0x80000ca4 (0x03939033)
core   0: 0x80000ca8 (0xf2018ca3) sb      zero, -199(gp)
core   0: 3 0x80000ca8 (0xf2018ca3) mem 0x80010db1 0x00
core   0: 0x80000cac (0xaf81ac83) lw      s9, -1288(gp)
core   0: 3 0x80000cac (0xaf81ac83) x25 0x28292a2b mem 0x80010970
core   0: 0x80000cb0 (0x0b318603) lb      a2, 179(gp)
core   0: 3 0x80000cb0 (0x0b318603) x12 0xffffffe0 mem 0x80010f2b
core   0: 0x80000cb4 (0x0c289417) auipc   s0, 0xc289
core   0: 3 0x80000cb4 (0x0c289417) x8  0x8c289cb4
core   0: 0x80000cb8 (0x41ac83b3) sub     t2, s9, s10
core   0: 3 0x80000cb8 (0x41ac83b3) x7  0x28292a2b
core   0: 0x80000cbc (0x39102213) slti    tp, zero, 913
core   0: 3 0x80000cbc (0x39102213) x4  0x00000001
core   0: 0x80000cc0 (0xeaa18b83) lb      s7, -342(gp)
core   0: 3 0x80000cc0 (0xeaa18b83) x23 0xffffffd9 mem 0x80010d22
core   0: 0x80000cc4 (0x02718483) lb      s1, 39(gp)
core   0: 3 0x80000cc4 (0x02718483) x9  0x00000054 mem 0x80010e9f
core   0: 0x80000cc8 (0xa1318ba3) sb      s3, -1513(gp)
core   0: 3 0x80000cc8 (0xa1318ba3) mem 0x8001088f 0x4a
core   0: 0x80000ccc (0x83118283) lb      t0, -1999(gp)
core   0: 3 0x80000ccc (0x83118283) x5  0x00000062 mem 0x800106a9
core   0: 0x80000cd0 (0xb8619483) lh      s1, -1146(gp)
core   0: 3 0x80000cd0 (0xb8619483) x9  0xffffb4b5 mem 0x800109fe
core   0: 0x80000cd4 (0x01915b93) srli    s7, sp, 25
core   0: 3 0x80000cd4 (0x01915b93) x23 0x00000079
core   0: 0x80000cd8 (0xb47180a3) sb      t2, -1215(gp)
core   0: 3 0x80000cd8 (0xb47180a3) mem 0x800109b9 0x2b
core   0: 0x80000cdc (0x8eb18683) lb      a3, -1813(gp)
core   0: 3 0x80000cdc (0x8eb18683) x13 0x00000018 mem 0x80010763
core   0: 0x80000ce0 (0x094183a3) sb      s4, 135(gp)
core   0: 3 0x80000ce0 (0x094183a3) mem 0x80010eff 0xa4
core   0: 0x80000ce4 (0xf2418ca3) sb      tp, -199(gp)
core   0: 3 0x80000ce4 (0xf2418ca3) mem 0x80010db1 0x01
core   0: 0x80000ce8 (0x00010097) auipc   ra, 0x10
core   0: 3 0x80000ce8 (0x00010097) x1  0x80010ce8
core   0: 0x80000cec (0xe7b08093) addi    ra, ra, -389
core   0: 3 0x80000cec (0xe7b08093) x1  0x80010b63
core   0: 0x80000cf0 (0xff109703) lh      a4, -15(ra)
core   0: 3 0x80000cf0 (0xff109703) x14 0x00000e0f mem 0x80010b54
core   0: 0x80000cf4 (0x0040c583) lbu     a1, 4(ra)
core   0: 3 0x80000cf4 (0x0040c583) x11 0x0000001c mem 0x80010b67
core   0: 0x80000cf8 (0x77102293) slti    t0, zero, 1905
core   0: 3 0x80000cf8 (0x77102293) x5  0x00000001
core   0: 0x80000cfc (0x00a08603) lb      a2, 10(ra)
core   0: 3 0x80000cfc (0x00a08603) x12 0x00000026 mem 0x80010b6d
core   0: 0x80000d00 (0x0050c703) lbu     a4, 5(ra)
core   0: 3 0x80000d00 (0x0050c703) x14 0x00000023 mem 0x80010b68
core   0: 0x80000d04 (0x00c081a3) sb      a2, 3(ra)
core   0: 3 0x80000d04 (0x00c081a3) mem 0x80010b66 0x26
core   0: 0x80000d08 (0x40558733) sub     a4, a1, t0
core   0: 3 0x80000d08 (0x40558733) x14 0x0000001b
core   0: 0x80000d0c (0x00006579) c.lui   a0, 0x1e
core   0: 3 0x80000d0c (0x6579) x10 0x0001e000
core   0: 0x80000d0e (0xffd0c283) lbu     t0, -3(ra)
core   0: 3 0x80000d0e (0xffd0c283) x5  0x0000001b mem 0x80010b60
core   0: 0x80000d12 (0xff80c283) lbu     t0, -8(ra)
core   0: 3 0x80000d12 (0xff80c283) x5  0x00000010 mem 0x80010b5b
core   0: 0x80000d16 (0xa595e013) ori     zero, a1, -1447
core   0: 3 0x80000d16 (0xa595e013)
core   0: 0x80000d1a (0x02057033) remu    zero, a0, zero
core   0: 3 0x80000d1a (0x02057033)
core   0: 0x80000d1e (0x00909583) lh      a1, 9(ra)
core   0: 3 0x80000d1e (0x00909583) x11 0x00002627 mem 0x80010b6c
core   0: 0x80000d22 (0x00c094a3) sh      a2, 9(ra)
core   0: 3 0x80000d22 (0x00c094a3) mem 0x80010b6c 0x0026
core   0: 0x80000d26 (0x00c2b633) sltu    a2, t0, a2
core   0: 3 0x80000d26 (0x00c2b633) x12 0x00000001
core   0: 0x80000d2a (0x00b0c603) lbu     a2, 11(ra)
core   0: 3 0x80000d2a (0x00b0c603) x12 0x00000025 mem 0x80010b6e
core   0: 0x80000d2e (0x00008d99) c.sub   a1, a4
core   0: 3 0x80000d2e (0x8d99) x11 0x0000260c
core   0: 0x80000d30 (0x02a2c5b3) div     a1, t0, a0
core   0: 3 0x80000d30 (0x02a2c5b3) x11 0x00000000
core   0: 0x80000d34 (0x0010c603) lbu     a2, 1(ra)
core   0: 3 0x80000d34 (0x0010c603) x12 0x0000001f mem 0x80010b64
core   0: 0x80000d38 (0x000082ae) c.mv    t0, a1
core   0: 3 0x80000d38 (0x82ae) x5  0x00000000
core   0: 0x80000d3a (0x00408283) lb      t0, 4(ra)
core   0: 3 0x80000d3a (0x00408283) x5  0x0000001c mem 0x80010b67
core   0: 0x80000d3e (0xff608503) lb      a0, -10(ra)
core   0: 3 0x80000d3e (0xff608503) x10 0x00000012 mem 0x80010b59
core   0: 0x80000d42 (0xff10c283) lbu     t0, -15(ra)
core   0: 3 0x80000d42 (0xff10c283) x5  0x0000000f mem 0x80010b54
core   0: 0x80000d46 (0xe5b02513) slti    a0, zero, -421
core   0: 3 0x80000d46 (0xe5b02513) x10 0x00000000
core   0: 0x80000d4a (0xff20c703) lbu     a4, -14(ra)
core   0: 3 0x80000d4a (0xff20c703) x14 0x0000000e mem 0x80010b55
core   0: 0x80000d4e (0x00b04733) xor     a4, zero, a1
core   0: 3 0x80000d4e (0x00b04733) x14 0x00000000
core   0: 0x80000d52 (0xff50c003) lbu     zero, -11(ra)
core   0: 3 0x80000d52 (0xff50c003) mem 0x80010b58
core   0: 0x80000d56 (0x4005d533) sra     a0, a1, zero
core   0: 3 0x80000d56 (0x4005d533) x10 0x00000000
core   0: 0x80000d5a (0x00008e49) c.or    a2, a0
core   0: 3 0x80000d5a (0x8e49) x12 0x0000001f
core   0: 0x80000d5c (0x0090a583) lw      a1, 9(ra)
core   0: 3 0x80000d5c (0x0090a583) x11 0x24250026 mem 0x80010b6c
core   0: 0x80000d60 (0x00d09503) lh      a0, 13(ra)
core   0: 3 0x80000d60 (0x00d09503) x10 0x00002a2b mem 0x80010b70
core   0: 0x80000d64 (0x00010797) auipc   a5, 0x10
core   0: 3 0x80000d64 (0x00010797) x15 0x80010d64
core   0: 0x80000d68 (0xaf778793) addi    a5, a5, -1289
core   0: 3 0x80000d68 (0xaf778793) x15 0x8001085b
core   0: 0x80000d6c (0x01b79313) slli    t1, a5, 27
core   0: 3 0x80000d6c (0x01b79313) x6  0xd8000000
core   0: 0x80000d70 (0x00000dba) c.slli  s11, 14
core   0: 3 0x80000d70 (0x0dba) x27 0x61a1c000
core   0: 0x80000d72 (0xfc47c383) lbu     t2, -60(a5)
core   0: 3 0x80000d72 (0xfc47c383) x7  0x000000d4 mem 0x8001081f
core   0: 0x80000d76 (0x0016e0b3) or      ra, a3, ra
core   0: 3 0x80000d76 (0x0016e0b3) x1  0x80010b7b
core   0: 0x80000d7a (0x04578923) sb      t0, 82(a5)
core   0: 3 0x80000d7a (0x04578923) mem 0x800108ad 0x0f
core   0: 0x80000d7e (0x00008d49) c.or    a0, a0
core   0: 3 0x80000d7e (0x8d49) x10 0x00002a2b
core   0: 0x80000d80 (0xf6d78f23) sb      a3, -130(a5)
core   0: 3 0x80000d80 (0xf6d78f23) mem 0x800107d9 0x18
core   0: 0x80000d84 (0x0000639d) c.lui   t2, 0x7
core   0: 3 0x80000d84 (0x639d) x7  0x00007000
core   0: 0x80000d86 (0x0f378483) lb      s1, 243(a5)
core   0: 3 0x80000d86 (0x0f378483) x9  0x00000005 mem 0x8001094e
core   0: 0x80000d8a (0x0f27c203) lbu     tp, 242(a5)
core   0: 3 0x80000d8a (0x0f27c203) x4  0x00000006 mem 0x8001094d
core   0: 0x80000d8e (0x07778fa3) sb      s7, 127(a5)
core   0: 3 0x80000d8e (0x07778fa3) mem 0x800108da 0x79
core   0: 0x80000d92 (0x0cb79683) lh      a3, 203(a5)
core   0: 3 0x80000d92 (0x0cb79683) x13 0xffffdcdd mem 0x80010926
core   0: 0x80000d96 (0x00000001) c.nop
core   0: 3 0x80000d96 (0x0001)
core   0: 0x80000d98 (0x0e27c983) lbu     s3, 226(a5)
core   0: 3 0x80000d98 (0x0e27c983) x19 0x000000f6 mem 0x8001093d
core   0: 0x80000d9c (0xf1678b83) lb      s7, -234(a5)
core   0: 3 0x80000d9c (0xf1678b83) x23 0x0000002a mem 0x80010771
core   0: 0x80000da0 (0x00ce4533) xor     a0, t3, a2
core   0: 3 0x80000da0 (0x00ce4533) x10 0x0000001f
core   0: 0x80000da4 (0x0000080e) c.slli  a6, 3
core   0: 3 0x80000da4 (0x080e) x16 0x81899198
core   0: 0x80000da6 (0x0028beb3) sltu    t4, a7, sp
core   0: 3 0x80000da6 (0x0028beb3) x29 0x00000001
core   0: 0x80000daa (0x03678423) sb      s6, 40(a5)
core   0: 3 0x80000daa (0x03678423) mem 0x80010883 0x00
core   0: 0x80000dae (0x0c978c23) sb      s1, 216(a5)
core   0: 3 0x80000dae (0x0c978c23) mem 0x80010933 0x05
core   0: 0x80000db2 (0x01ba4c33) xor     s8, s4, s11
core   0: 3 0x80000db2 (0x01ba4c33) x24 0xe1a39ea4
core   0: 0x80000db6 (0x01878583) lb      a1, 24(a5)
core   0: 3 0x80000db6 (0x01878583) x11 0x00000028 mem 0x80010873
core   0: 0x80000dba (0xf9d79c83) lh      s9, -99(a5)
core   0: 3 0x80000dba (0xf9d79c83) x25 0xffffb2b3 mem 0x800107f8
core   0: 0x80000dbe (0xfe7781a3) sb      t2, -29(a5)
core   0: 3 0x80000dbe (0xfe7781a3) mem 0x8001083e 0x00
core   0: 0x80000dc2 (0x00008345) c.srli  a4, 17
core   0: 3 0x80000dc2 (0x8345) x14 0x00000000
core   0: 0x80000dc4 (0xf4e7c383) lbu     t2, -178(a5)
core   0: 3 0x80000dc4 (0xf4e7c383) x7  0x00000062 mem 0x800107a9
core   0: 0x80000dc8 (0x0dc78d83) lb      s11, 220(a5)
core   0: 3 0x80000dc8 (0x0dc78d83) x27 0xffffffec mem 0x80010937
core   0: 0x80000dcc (0x000083d6) c.mv    t2, s5
core   0: 3 0x80000dcc (0x83d6) x7  0x80029d24
core   0: 0x80000dce (0xf9f7c403) lbu     s0, -97(a5)
core   0: 3 0x80000dce (0xf9f7c403) x8  0x000000b1 mem 0x800107fa
core   0: 0x80000dd2 (0x00008d15) c.sub   a0, a3
core   0: 3 0x80000dd2 (0x8d15) x10 0x00002342
core   0: 0x80000dd4 (0xfbd79e03) lh      t3, -67(a5)
core   0: 3 0x80000dd4 (0xfbd79e03) x28 0xffffd2d3 mem 0x80010818
core   0: 0x80000dd8 (0x02d3e033) rem     zero, t2, a3
core   0: 3 0x80000dd8 (0x02d3e033)
core   0: 0x80000ddc (0xf2a78083) lb      ra, -214(a5)
core   0: 3 0x80000ddc (0xf2a78083) x1  0x0000003e mem 0x80010785
core   0: 0x80000de0 (0xffe79ba3) sh      t5, -9(a5)
core   0: 3 0x80000de0 (0xffe79ba3) mem 0x80010852 0x005d
core   0: 0x80000de4 (0x269d6893) ori     a7, s10, 617
core   0: 3 0x80000de4 (0x269d6893) x17 0x00000269
core   0: 0x80000de8 (0xf1978b83) lb      s7, -231(a5)
core   0: 3 0x80000de8 (0xf1978b83) x23 0x0000002f mem 0x80010774
core   0: 0x80000dec (0x0e67c903) lbu     s2, 230(a5)
core   0: 3 0x80000dec (0x0e67c903) x18 0x000000fa mem 0x80010941
core   0: 0x80000df0 (0x0024e633) or      a2, s1, sp
core   0: 3 0x80000df0 (0x0024e633) x12 0xf38422e7
core   0: 0x80000df4 (0x02c843b3) div     t2, a6, a2
core   0: 3 0x80000df4 (0x02c843b3) x7  0x0000000a
core   0: 0x80000df8 (0x0f07c703) lbu     a4, 240(a5)
core   0: 3 0x80000df8 (0x0f07c703) x14 0x00000000 mem 0x8001094b
core   0: 0x80000dfc (0x0fd7a603) lw      a2, 253(a5)
core   0: 3 0x80000dfc (0x0fd7a603) x12 0x10111213 mem 0x80010958
core   0: 0x80000e00 (0x0083ce33) xor     t3, t2, s0
core   0: 3 0x80000e00 (0x0083ce33) x28 0x000000bb
core   0: 0x80000e04 (0x0275acb3) mulhsu  s9, a1, t2
core   0: 3 0x80000e04 (0x0275acb3) x25 0x00000000
core   0: 0x80000e08 (0xf84784a3) sb      tp, -119(a5)
core   0: 3 0x80000e08 (0xf84784a3) mem 0x800107e4 0x06
core   0: 0x80000e0c (0x00004981) c.li    s3, 0
core   0: 3 0x80000e0c (0x4981) x19 0x00000000
core   0: 0x80000e0e (0x00f3d733) srl     a4, t2, a5
core   0: 3 0x80000e0e (0x00f3d733) x14 0x00000000
core   0: 0x80000e12 (0x00008f89) c.sub   a5, a0
core   0: 3 0x80000e12 (0x8f89) x15 0x8000e519
core   0: 0x80000e14 (0x022e18b3) mulh    a7, t3, sp
core   0: 3 0x80000e14 (0x022e18b3) x17 0xfffffff6
core   0: 0x80000e18 (0x02f500b3) mul     ra, a0, a5
core   0: 3 0x80000e18 (0x02f500b3) x1  0x1f8d7b72
core   0: 0x80000e1c (0x02800db3) mul     s11, zero, s0
core   0: 3 0x80000e1c (0x02800db3) x27 0x00000000
core   0: 0x80000e20 (0x40e8d433) sra     s0, a7, a4
core   0: 3 0x80000e20 (0x40e8d433) x8  0xfffffff6
core   0: 0x80000e24 (0x000052c1) c.li    t0, -16
core   0: 3 0x80000e24 (0x52c1) x5  0xfffffff0
core   0: 0x80000e26 (0x027c36b3) mulhu   a3, s8, t2
core   0: 3 0x80000e26 (0x027c36b3) x13 0x00000008
core   0: 0x80000e2a (0x01f9d693) srli    a3, s3, 31
core   0: 3 0x80000e2a (0x01f9d693) x13 0x00000000
core   0: 0x80000e2e (0x02a3fbb3) remu    s7, t2, a0
core   0: 3 0x80000e2e (0x02a3fbb3) x23 0x0000000a
core   0: 0x80000e32 (0x000080fd) c.srli  s1, 31
core   0: 3 0x80000e32 (0x80fd) x9  0x00000000
core   0: 0x80000e34 (0x00006395) c.lui   t2, 0x5
core   0: 3 0x80000e34 (0x6395) x7  0x00005000
core   0: 0x80000e36 (0x02b6b833) mulhu   a6, a3, a1
core   0: 3 0x80000e36 (0x02b6b833) x16 0x00000000
core   0: 0x80000e3a (0x02896c33) rem     s8, s2, s0
core   0: 3 0x80000e3a (0x02896c33) x24 0x00000000
core   0: 0x80000e3e (0x00000001) c.nop
core   0: 3 0x80000e3e (0x0001)
core   0: 0x80000e40 (0x00796533) or      a0, s2, t2
core   0: 3 0x80000e40 (0x00796533) x10 0x000050fa
core   0: 0x80000e44 (0x000019e1) c.addi  s3, -8
core   0: 3 0x80000e44 (0x19e1) x19 0xfffffff8
core   0: 0x80000e46 (0x40bd8833) sub     a6, s11, a1
core   0: 3 0x80000e46 (0x40bd8833) x16 0xffffffd8
core   0: 0x80000e4a (0xcb5c6337) lui     t1, 0xcb5c6
core   0: 3 0x80000e4a (0xcb5c6337) x6  0xcb5c6000
core   0: 0x80000e4e (0x00008641) c.srai  a2, 16
core   0: 3 0x80000e4e (0x8641) x12 0x00001011
core   0: 0x80000e50 (0x0231b6b3) mulhu   a3, gp, gp
core   0: 3 0x80000e50 (0x0231b6b3) x13 0x40010e79
core   0: 0x80000e54 (0x0234e6b3) rem     a3, s1, gp
core   0: 3 0x80000e54 (0x0234e6b3) x13 0x00000000
core   0: 0x80000e58 (0x01966f33) or      t5, a2, s9
core   0: 3 0x80000e58 (0x01966f33) x30 0x00001011
core   0: 0x80000e5c (0x0168fbb3) and     s7, a7, s6
core   0: 3 0x80000e5c (0x0168fbb3) x23 0x00000000
core   0: 0x80000e60 (0x00008e21) c.xor   a2, s0
core   0: 3 0x80000e60 (0x8e21) x12 0xffffefe7
core   0: 0x80000e62 (0xfc59d6e3) bge     s3, t0, pc - 52
core   0: 3 0x80000e62 (0xfc59d6e3)
core   0: 0x80000e2e (0x02a3fbb3) remu    s7, t2, a0
core   0: 3 0x80000e2e (0x02a3fbb3) x23 0x00005000
core   0: 0x80000e32 (0x000080fd) c.srli  s1, 31
core   0: 3 0x80000e32 (0x80fd) x9  0x00000000
core   0: 0x80000e34 (0x00006395) c.lui   t2, 0x5
core   0: 3 0x80000e34 (0x6395) x7  0x00005000
core   0: 0x80000e36 (0x02b6b833) mulhu   a6, a3, a1
core   0: 3 0x80000e36 (0x02b6b833) x16 0x00000000
core   0: 0x80000e3a (0x02896c33) rem     s8, s2, s0
core   0: 3 0x80000e3a (0x02896c33) x24 0x00000000
core   0: 0x80000e3e (0x00000001) c.nop
core   0: 3 0x80000e3e (0x0001)
core   0: 0x80000e40 (0x00796533) or      a0, s2, t2
core   0: 3 0x80000e40 (0x00796533) x10 0x000050fa
core   0: 0x80000e44 (0x000019e1) c.addi  s3, -8
core   0: 3 0x80000e44 (0x19e1) x19 0xfffffff0
core   0: 0x80000e46 (0x40bd8833) sub     a6, s11, a1
core   0: 3 0x80000e46 (0x40bd8833) x16 0xffffffd8
core   0: 0x80000e4a (0xcb5c6337) lui     t1, 0xcb5c6
core   0: 3 0x80000e4a (0xcb5c6337) x6  0xcb5c6000
core   0: 0x80000e4e (0x00008641) c.srai  a2, 16
core   0: 3 0x80000e4e (0x8641) x12 0xffffffff
core   0: 0x80000e50 (0x0231b6b3) mulhu   a3, gp, gp
core   0: 3 0x80000e50 (0x0231b6b3) x13 0x40010e79
core   0: 0x80000e54 (0x0234e6b3) rem     a3, s1, gp
core   0: 3 0x80000e54 (0x0234e6b3) x13 0x00000000
core   0: 0x80000e58 (0x01966f33) or      t5, a2, s9
core   0: 3 0x80000e58 (0x01966f33) x30 0xffffffff
core   0: 0x80000e5c (0x0168fbb3) and     s7, a7, s6
core   0: 3 0x80000e5c (0x0168fbb3) x23 0x00000000
core   0: 0x80000e60 (0x00008e21) c.xor   a2, s0
core   0: 3 0x80000e60 (0x8e21) x12 0x00000009
core   0: 0x80000e62 (0xfc59d6e3) bge     s3, t0, pc - 52
core   0: 3 0x80000e62 (0xfc59d6e3)
core   0: 0x80000e2e (0x02a3fbb3) remu    s7, t2, a0
core   0: 3 0x80000e2e (0x02a3fbb3) x23 0x00005000
core   0: 0x80000e32 (0x000080fd) c.srli  s1, 31
core   0: 3 0x80000e32 (0x80fd) x9  0x00000000
core   0: 0x80000e34 (0x00006395) c.lui   t2, 0x5
core   0: 3 0x80000e34 (0x6395) x7  0x00005000
core   0: 0x80000e36 (0x02b6b833) mulhu   a6, a3, a1
core   0: 3 0x80000e36 (0x02b6b833) x16 0x00000000
core   0: 0x80000e3a (0x02896c33) rem     s8, s2, s0
core   0: 3 0x80000e3a (0x02896c33) x24 0x00000000
core   0: 0x80000e3e (0x00000001) c.nop
core   0: 3 0x80000e3e (0x0001)
core   0: 0x80000e40 (0x00796533) or      a0, s2, t2
core   0: 3 0x80000e40 (0x00796533) x10 0x000050fa
core   0: 0x80000e44 (0x000019e1) c.addi  s3, -8
core   0: 3 0x80000e44 (0x19e1) x19 0xffffffe8
core   0: 0x80000e46 (0x40bd8833) sub     a6, s11, a1
core   0: 3 0x80000e46 (0x40bd8833) x16 0xffffffd8
core   0: 0x80000e4a (0xcb5c6337) lui     t1, 0xcb5c6
core   0: 3 0x80000e4a (0xcb5c6337) x6  0xcb5c6000
core   0: 0x80000e4e (0x00008641) c.srai  a2, 16
core   0: 3 0x80000e4e (0x8641) x12 0x00000000
core   0: 0x80000e50 (0x0231b6b3) mulhu   a3, gp, gp
core   0: 3 0x80000e50 (0x0231b6b3) x13 0x40010e79
core   0: 0x80000e54 (0x0234e6b3) rem     a3, s1, gp
core   0: 3 0x80000e54 (0x0234e6b3) x13 0x00000000
core   0: 0x80000e58 (0x01966f33) or      t5, a2, s9
core   0: 3 0x80000e58 (0x01966f33) x30 0x00000000
core   0: 0x80000e5c (0x0168fbb3) and     s7, a7, s6
core   0: 3 0x80000e5c (0x0168fbb3) x23 0x00000000
core   0: 0x80000e60 (0x00008e21) c.xor   a2, s0
core   0: 3 0x80000e60 (0x8e21) x12 0xfffffff6
core   0: 0x80000e62 (0xfc59d6e3) bge     s3, t0, pc - 52
core   0: 3 0x80000e62 (0xfc59d6e3)
core   0: 0x80000e66 (0x00000001) c.nop
core   0: 3 0x80000e66 (0x0001)
core   0: 0x80000e68 (0x00e0036f) jal     t1, pc + 0xe
core   0: 3 0x80000e68 (0x00e0036f) x6  0x80000e6c
core   0: 0x80000e76 (0x0000a805) c.j     pc + 48
core   0: 3 0x80000e76 (0xa805)
core   0: 0x80000ea6 (0xfffff2ef) jal     t0, pc - 0x2
core   0: 3 0x80000ea6 (0xfffff2ef) x5  0x80000eaa
core   0: 0x80000ea4 (0x00003fd1) c.jal   pc - 44
core   0: 3 0x80000ea4 (0x3fd1) x1  0x80000ea6
core   0: 0x80000e78 (0x00002821) c.jal   pc + 24
core   0: 3 0x80000e78 (0x2821) x1  0x80000e7a
core   0: 0x80000e90 (0x0000bfdd) c.j     pc - 10
core   0: 3 0x80000e90 (0xbfdd)
core   0: 0x80000e86 (0x014000ef) jal     pc + 0x14
core   0: 3 0x80000e86 (0x014000ef) x1  0x80000e8a
core   0: 0x80000e9a (0x0000b7c5) c.j     pc - 32
core   0: 3 0x80000e9a (0xb7c5)
core   0: 0x80000e7a (0x00003fe5) c.jal   pc - 8
core   0: 3 0x80000e7a (0x3fe5) x1  0x80000e7c
core   0: 0x80000e72 (0x00002829) c.jal   pc + 26
core   0: 3 0x80000e72 (0x2829) x1  0x80000e74
core   0: 0x80000e8c (0x01000f6f) jal     t5, pc + 0x10
core   0: 3 0x80000e8c (0x01000f6f) x30 0x80000e90
core   0: 0x80000e9c (0x00003fdd) c.jal   pc - 10
core   0: 3 0x80000e9c (0x3fdd) x1  0x80000e9e
core   0: 0x80000e92 (0x00003fe9) c.jal   pc - 38
core   0: 3 0x80000e92 (0x3fe9) x1  0x80000e94
core   0: 0x80000e6c (0x0000a819) c.j     pc + 22
core   0: 3 0x80000e6c (0xa819)
core   0: 0x80000e82 (0x0000bfed) c.j     pc - 6
core   0: 3 0x80000e82 (0xbfed)
core   0: 0x80000e7c (0x00002821) c.jal   pc + 24
core   0: 3 0x80000e7c (0x2821) x1  0x80000e7e
core   0: 0x80000e94 (0x0000b7c5) c.j     pc - 32
core   0: 3 0x80000e94 (0xb7c5)
core   0: 0x80000e74 (0x0000202d) c.jal   pc + 42
core   0: 3 0x80000e74 (0x202d) x1  0x80000e76
core   0: 0x80000e9e (0x0000a009) c.j     pc + 2
core   0: 3 0x80000e9e (0xa009)
core   0: 0x80000ea0 (0xfcfff36f) jal     t1, pc - 0x32
core   0: 3 0x80000ea0 (0xfcfff36f) x6  0x80000ea4
core   0: 0x80000e6e (0x0280036f) jal     t1, pc + 0x28
core   0: 3 0x80000e6e (0x0280036f) x6  0x80000e72
core   0: 0x80000e96 (0xfe9ff0ef) jal     pc - 0x18
core   0: 3 0x80000e96 (0xfe9ff0ef) x1  0x80000e9a
core   0: 0x80000e7e (0x006001ef) jal     gp, pc + 0x6
core   0: 3 0x80000e7e (0x006001ef) x3  0x80000e82
core   0: 0x80000e84 (0x00002019) c.jal   pc + 6
core   0: 3 0x80000e84 (0x2019) x1  0x80000e86
core   0: 0x80000e8a (0x0000a005) c.j     pc + 32
core   0: 3 0x80000e8a (0xa005)
core   0: 0x80000eaa (0x000011fd) c.addi  gp, -1
core   0: 3 0x80000eaa (0x11fd) x3  0x80000e81
core   0: 0x80000eac (0x00005669) c.li    a2, -6
core   0: 3 0x80000eac (0x5669) x12 0xfffffffa
core   0: 0x80000eae (0x00a42833) slt     a6, s0, a0
core   0: 3 0x80000eae (0x00a42833) x16 0x00000001
core   0: 0x80000eb2 (0x018dcbb3) xor     s7, s11, s8
core   0: 3 0x80000eb2 (0x018dcbb3) x23 0x00000000
core   0: 0x80000eb6 (0x41ad0cb3) sub     s9, s10, s10
core   0: 3 0x80000eb6 (0x41ad0cb3) x25 0x00000000
core   0: 0x80000eba (0xd0898f93) addi    t6, s3, -760
core   0: 3 0x80000eba (0xd0898f93) x31 0xfffffcf0
core   0: 0x80000ebe (0x4058d993) srai    s3, a7, 5
core   0: 3 0x80000ebe (0x4058d993) x19 0xffffffff
core   0: 0x80000ec2 (0x00004f4d) c.li    t5, 19
core   0: 3 0x80000ec2 (0x4f4d) x30 0x00000013
core   0: 0x80000ec4 (0x0394b033) mulhu   zero, s1, s9
core   0: 3 0x80000ec4 (0x0394b033)
core   0: 0x80000ec8 (0x00814933) xor     s2, sp, s0
core   0: 3 0x80000ec8 (0x00814933) x18 0x0c7bdd11
core   0: 0x80000ecc (0x0000061d) c.addi  a2, 7
core   0: 3 0x80000ecc (0x061d) x12 0x00000001
core   0: 0x80000ece (0x00005459) c.li    s0, -10
core   0: 3 0x80000ece (0x5459) x8  0xfffffff6
core   0: 0x80000ed0 (0x00dbdb13) srli    s6, s7, 13
core   0: 3 0x80000ed0 (0x00dbdb13) x22 0x00000000
core   0: 0x80000ed4 (0x00004695) c.li    a3, 5
core   0: 3 0x80000ed4 (0x4695) x13 0x00000005
core   0: 0x80000ed6 (0x00006c61) c.lui   s8, 0x18
core   0: 3 0x80000ed6 (0x6c61) x24 0x00018000
core   0: 0x80000ed8 (0x023f3b33) mulhu   s6, t5, gp
core   0: 3 0x80000ed8 (0x023f3b33) x22 0x00000009
core   0: 0x80000edc (0x007d9493) slli    s1, s11, 7
core   0: 3 0x80000edc (0x007d9493) x9  0x00000000
core   0: 0x80000ee0 (0x00000429) c.addi  s0, 10
core   0: 3 0x80000ee0 (0x0429) x8  0x00000000
core   0: 0x80000ee2 (0x00856933) or      s2, a0, s0
core   0: 3 0x80000ee2 (0x00856933) x18 0x000050fa
core   0: 0x80000ee6 (0x000052fd) c.li    t0, -1
core   0: 3 0x80000ee6 (0x52fd) x5  0xffffffff
core   0: 0x80000ee8 (0xfed447e3) blt     s0, a3, pc - 18
core   0: 3 0x80000ee8 (0xfed447e3)
core   0: 0x80000ed6 (0x00006c61) c.lui   s8, 0x18
core   0: 3 0x80000ed6 (0x6c61) x24 0x00018000
core   0: 0x80000ed8 (0x023f3b33) mulhu   s6, t5, gp
core   0: 3 0x80000ed8 (0x023f3b33) x22 0x00000009
core   0: 0x80000edc (0x007d9493) slli    s1, s11, 7
core   0: 3 0x80000edc (0x007d9493) x9  0x00000000
core   0: 0x80000ee0 (0x00000429) c.addi  s0, 10
core   0: 3 0x80000ee0 (0x0429) x8  0x0000000a
core   0: 0x80000ee2 (0x00856933) or      s2, a0, s0
core   0: 3 0x80000ee2 (0x00856933) x18 0x000050fa
core   0: 0x80000ee6 (0x000052fd) c.li    t0, -1
core   0: 3 0x80000ee6 (0x52fd) x5  0xffffffff
core   0: 0x80000ee8 (0xfed447e3) blt     s0, a3, pc - 18
core   0: 3 0x80000ee8 (0xfed447e3)
core   0: 0x80000eec (0x00004835) c.li    a6, 13
core   0: 3 0x80000eec (0x4835) x16 0x0000000d
core   0: 0x80000eee (0x40c3de93) srai    t4, t2, 12
core   0: 3 0x80000eee (0x40c3de93) x29 0x00000005
core   0: 0x80000ef2 (0x036abb33) mulhu   s6, s5, s6
core   0: 3 0x80000ef2 (0x036abb33) x22 0x00000004
core   0: 0x80000ef6 (0xfde667e3) bltu    a2, t5, pc - 50
core   0: 3 0x80000ef6 (0xfde667e3)
core   0: 0x80000ec4 (0x0394b033) mulhu   zero, s1, s9
core   0: 3 0x80000ec4 (0x0394b033)
core   0: 0x80000ec8 (0x00814933) xor     s2, sp, s0
core   0: 3 0x80000ec8 (0x00814933) x18 0xf38422ed
core   0: 0x80000ecc (0x0000061d) c.addi  a2, 7
core   0: 3 0x80000ecc (0x061d) x12 0x00000008
core   0: 0x80000ece (0x00005459) c.li    s0, -10
core   0: 3 0x80000ece (0x5459) x8  0xfffffff6
core   0: 0x80000ed0 (0x00dbdb13) srli    s6, s7, 13
core   0: 3 0x80000ed0 (0x00dbdb13) x22 0x00000000
core   0: 0x80000ed4 (0x00004695) c.li    a3, 5
core   0: 3 0x80000ed4 (0x4695) x13 0x00000005
core   0: 0x80000ed6 (0x00006c61) c.lui   s8, 0x18
core   0: 3 0x80000ed6 (0x6c61) x24 0x00018000
core   0: 0x80000ed8 (0x023f3b33) mulhu   s6, t5, gp
core   0: 3 0x80000ed8 (0x023f3b33) x22 0x00000009
core   0: 0x80000edc (0x007d9493) slli    s1, s11, 7
core   0: 3 0x80000edc (0x007d9493) x9  0x00000000
core   0: 0x80000ee0 (0x00000429) c.addi  s0, 10
core   0: 3 0x80000ee0 (0x0429) x8  0x00000000
core   0: 0x80000ee2 (0x00856933) or      s2, a0, s0
core   0: 3 0x80000ee2 (0x00856933) x18 0x000050fa
core   0: 0x80000ee6 (0x000052fd) c.li    t0, -1
core   0: 3 0x80000ee6 (0x52fd) x5  0xffffffff
core   0: 0x80000ee8 (0xfed447e3) blt     s0, a3, pc - 18
core   0: 3 0x80000ee8 (0xfed447e3)
core   0: 0x80000ed6 (0x00006c61) c.lui   s8, 0x18
core   0: 3 0x80000ed6 (0x6c61) x24 0x00018000
core   0: 0x80000ed8 (0x023f3b33) mulhu   s6, t5, gp
core   0: 3 0x80000ed8 (0x023f3b33) x22 0x00000009
core   0: 0x80000edc (0x007d9493) slli    s1, s11, 7
core   0: 3 0x80000edc (0x007d9493) x9  0x00000000
core   0: 0x80000ee0 (0x00000429) c.addi  s0, 10
core   0: 3 0x80000ee0 (0x0429) x8  0x0000000a
core   0: 0x80000ee2 (0x00856933) or      s2, a0, s0
core   0: 3 0x80000ee2 (0x00856933) x18 0x000050fa
core   0: 0x80000ee6 (0x000052fd) c.li    t0, -1
core   0: 3 0x80000ee6 (0x52fd) x5  0xffffffff
core   0: 0x80000ee8 (0xfed447e3) blt     s0, a3, pc - 18
core   0: 3 0x80000ee8 (0xfed447e3)
core   0: 0x80000eec (0x00004835) c.li    a6, 13
core   0: 3 0x80000eec (0x4835) x16 0x0000000d
core   0: 0x80000eee (0x40c3de93) srai    t4, t2, 12
core   0: 3 0x80000eee (0x40c3de93) x29 0x00000005
core   0: 0x80000ef2 (0x036abb33) mulhu   s6, s5, s6
core   0: 3 0x80000ef2 (0x036abb33) x22 0x00000004
core   0: 0x80000ef6 (0xfde667e3) bltu    a2, t5, pc - 50
core   0: 3 0x80000ef6 (0xfde667e3)
core   0: 0x80000ec4 (0x0394b033) mulhu   zero, s1, s9
core   0: 3 0x80000ec4 (0x0394b033)
core   0: 0x80000ec8 (0x00814933) xor     s2, sp, s0
core   0: 3 0x80000ec8 (0x00814933) x18 0xf38422ed
core   0: 0x80000ecc (0x0000061d) c.addi  a2, 7
core   0: 3 0x80000ecc (0x061d) x12 0x0000000f
core   0: 0x80000ece (0x00005459) c.li    s0, -10
core   0: 3 0x80000ece (0x5459) x8  0xfffffff6
core   0: 0x80000ed0 (0x00dbdb13) srli    s6, s7, 13
core   0: 3 0x80000ed0 (0x00dbdb13) x22 0x00000000
core   0: 0x80000ed4 (0x00004695) c.li    a3, 5
core   0: 3 0x80000ed4 (0x4695) x13 0x00000005
core   0: 0x80000ed6 (0x00006c61) c.lui   s8, 0x18
core   0: 3 0x80000ed6 (0x6c61) x24 0x00018000
core   0: 0x80000ed8 (0x023f3b33) mulhu   s6, t5, gp
core   0: 3 0x80000ed8 (0x023f3b33) x22 0x00000009
core   0: 0x80000edc (0x007d9493) slli    s1, s11, 7
core   0: 3 0x80000edc (0x007d9493) x9  0x00000000
core   0: 0x80000ee0 (0x00000429) c.addi  s0, 10
core   0: 3 0x80000ee0 (0x0429) x8  0x00000000
core   0: 0x80000ee2 (0x00856933) or      s2, a0, s0
core   0: 3 0x80000ee2 (0x00856933) x18 0x000050fa
core   0: 0x80000ee6 (0x000052fd) c.li    t0, -1
core   0: 3 0x80000ee6 (0x52fd) x5  0xffffffff
core   0: 0x80000ee8 (0xfed447e3) blt     s0, a3, pc - 18
core   0: 3 0x80000ee8 (0xfed447e3)
core   0: 0x80000ed6 (0x00006c61) c.lui   s8, 0x18
core   0: 3 0x80000ed6 (0x6c61) x24 0x00018000
core   0: 0x80000ed8 (0x023f3b33) mulhu   s6, t5, gp
core   0: 3 0x80000ed8 (0x023f3b33) x22 0x00000009
core   0: 0x80000edc (0x007d9493) slli    s1, s11, 7
core   0: 3 0x80000edc (0x007d9493) x9  0x00000000
core   0: 0x80000ee0 (0x00000429) c.addi  s0, 10
core   0: 3 0x80000ee0 (0x0429) x8  0x0000000a
core   0: 0x80000ee2 (0x00856933) or      s2, a0, s0
core   0: 3 0x80000ee2 (0x00856933) x18 0x000050fa
core   0: 0x80000ee6 (0x000052fd) c.li    t0, -1
core   0: 3 0x80000ee6 (0x52fd) x5  0xffffffff
core   0: 0x80000ee8 (0xfed447e3) blt     s0, a3, pc - 18
core   0: 3 0x80000ee8 (0xfed447e3)
core   0: 0x80000eec (0x00004835) c.li    a6, 13
core   0: 3 0x80000eec (0x4835) x16 0x0000000d
core   0: 0x80000eee (0x40c3de93) srai    t4, t2, 12
core   0: 3 0x80000eee (0x40c3de93) x29 0x00000005
core   0: 0x80000ef2 (0x036abb33) mulhu   s6, s5, s6
core   0: 3 0x80000ef2 (0x036abb33) x22 0x00000004
core   0: 0x80000ef6 (0xfde667e3) bltu    a2, t5, pc - 50
core   0: 3 0x80000ef6 (0xfde667e3)
core   0: 0x80000ec4 (0x0394b033) mulhu   zero, s1, s9
core   0: 3 0x80000ec4 (0x0394b033)
core   0: 0x80000ec8 (0x00814933) xor     s2, sp, s0
core   0: 3 0x80000ec8 (0x00814933) x18 0xf38422ed
core   0: 0x80000ecc (0x0000061d) c.addi  a2, 7
core   0: 3 0x80000ecc (0x061d) x12 0x00000016
core   0: 0x80000ece (0x00005459) c.li    s0, -10
core   0: 3 0x80000ece (0x5459) x8  0xfffffff6
core   0: 0x80000ed0 (0x00dbdb13) srli    s6, s7, 13
core   0: 3 0x80000ed0 (0x00dbdb13) x22 0x00000000
core   0: 0x80000ed4 (0x00004695) c.li    a3, 5
core   0: 3 0x80000ed4 (0x4695) x13 0x00000005
core   0: 0x80000ed6 (0x00006c61) c.lui   s8, 0x18
core   0: 3 0x80000ed6 (0x6c61) x24 0x00018000
core   0: 0x80000ed8 (0x023f3b33) mulhu   s6, t5, gp
core   0: 3 0x80000ed8 (0x023f3b33) x22 0x00000009
core   0: 0x80000edc (0x007d9493) slli    s1, s11, 7
core   0: 3 0x80000edc (0x007d9493) x9  0x00000000
core   0: 0x80000ee0 (0x00000429) c.addi  s0, 10
core   0: 3 0x80000ee0 (0x0429) x8  0x00000000
core   0: 0x80000ee2 (0x00856933) or      s2, a0, s0
core   0: 3 0x80000ee2 (0x00856933) x18 0x000050fa
core   0: 0x80000ee6 (0x000052fd) c.li    t0, -1
core   0: 3 0x80000ee6 (0x52fd) x5  0xffffffff
core   0: 0x80000ee8 (0xfed447e3) blt     s0, a3, pc - 18
core   0: 3 0x80000ee8 (0xfed447e3)
core   0: 0x80000ed6 (0x00006c61) c.lui   s8, 0x18
core   0: 3 0x80000ed6 (0x6c61) x24 0x00018000
core   0: 0x80000ed8 (0x023f3b33) mulhu   s6, t5, gp
core   0: 3 0x80000ed8 (0x023f3b33) x22 0x00000009
core   0: 0x80000edc (0x007d9493) slli    s1, s11, 7
core   0: 3 0x80000edc (0x007d9493) x9  0x00000000
core   0: 0x80000ee0 (0x00000429) c.addi  s0, 10
core   0: 3 0x80000ee0 (0x0429) x8  0x0000000a
core   0: 0x80000ee2 (0x00856933) or      s2, a0, s0
core   0: 3 0x80000ee2 (0x00856933) x18 0x000050fa
core   0: 0x80000ee6 (0x000052fd) c.li    t0, -1
core   0: 3 0x80000ee6 (0x52fd) x5  0xffffffff
core   0: 0x80000ee8 (0xfed447e3) blt     s0, a3, pc - 18
core   0: 3 0x80000ee8 (0xfed447e3)
core   0: 0x80000eec (0x00004835) c.li    a6, 13
core   0: 3 0x80000eec (0x4835) x16 0x0000000d
core   0: 0x80000eee (0x40c3de93) srai    t4, t2, 12
core   0: 3 0x80000eee (0x40c3de93) x29 0x00000005
core   0: 0x80000ef2 (0x036abb33) mulhu   s6, s5, s6
core   0: 3 0x80000ef2 (0x036abb33) x22 0x00000004
core   0: 0x80000ef6 (0xfde667e3) bltu    a2, t5, pc - 50
core   0: 3 0x80000ef6 (0xfde667e3)
core   0: 0x80000efa (0x013dcb33) xor     s6, s11, s3
core   0: 3 0x80000efa (0x013dcb33) x22 0xffffffff
core   0: 0x80000efe (0x0340036f) jal     t1, pc + 0x34
core   0: 3 0x80000efe (0x0340036f) x6  0x80000f02
core   0: 0x80000f32 (0x0000a009) c.j     pc + 2
core   0: 3 0x80000f32 (0xa009)
core   0: 0x80000f34 (0x0000a009) c.j     pc + 2
core   0: 3 0x80000f34 (0xa009)
core   0: 0x80000f36 (0x000037c5) c.jal   pc - 32
core   0: 3 0x80000f36 (0x37c5) x1  0x80000f38
core   0: 0x80000f16 (0x0000bfcd) c.j     pc - 14
core   0: 3 0x80000f16 (0xbfcd)
core   0: 0x80000f08 (0x0000a831) c.j     pc + 28
core   0: 3 0x80000f08 (0xa831)
core   0: 0x80000f24 (0xfedff36f) jal     t1, pc - 0x14
core   0: 3 0x80000f24 (0xfedff36f) x6  0x80000f28
core   0: 0x80000f10 (0x00002801) c.jal   pc + 16
core   0: 3 0x80000f10 (0x2801) x1  0x80000f12
core   0: 0x80000f20 (0xffdff0ef) jal     pc - 0x4
core   0: 3 0x80000f20 (0xffdff0ef) x1  0x80000f24
core   0: 0x80000f1c (0xfefff0ef) jal     pc - 0x12
core   0: 3 0x80000f1c (0xfefff0ef) x1  0x80000f20
core   0: 0x80000f0a (0x0000203d) c.jal   pc + 46
core   0: 3 0x80000f0a (0x203d) x1  0x80000f0c
core   0: 0x80000f38 (0xff5ff0ef) jal     pc - 0xc
core   0: 3 0x80000f38 (0xff5ff0ef) x1  0x80000f3c
core   0: 0x80000f2c (0xffdff0ef) jal     pc - 0x4
core   0: 3 0x80000f2c (0xffdff0ef) x1  0x80000f30
core   0: 0x80000f28 (0xfedff66f) jal     a2, pc - 0x14
core   0: 3 0x80000f28 (0xfedff66f) x12 0x80000f2c
core   0: 0x80000f14 (0x00002831) c.jal   pc + 28
core   0: 3 0x80000f14 (0x2831) x1  0x80000f16
core   0: 0x80000f30 (0x000037cd) c.jal   pc - 30
core   0: 3 0x80000f30 (0x37cd) x1  0x80000f32
core   0: 0x80000f12 (0x0000bff5) c.j     pc - 4
core   0: 3 0x80000f12 (0xbff5)
core   0: 0x80000f0e (0x00003fd5) c.jal   pc - 12
core   0: 3 0x80000f0e (0x3fd5) x1  0x80000f10
core   0: 0x80000f02 (0x00a0036f) jal     t1, pc + 0xa
core   0: 3 0x80000f02 (0x00a0036f) x6  0x80000f06
core   0: 0x80000f0c (0x00003fed) c.jal   pc - 6
core   0: 3 0x80000f0c (0x3fed) x1  0x80000f0e
core   0: 0x80000f06 (0x00002809) c.jal   pc + 18
core   0: 3 0x80000f06 (0x2809) x1  0x80000f08
core   0: 0x80000f18 (0x0240036f) jal     t1, pc + 0x24
core   0: 3 0x80000f18 (0x0240036f) x6  0x80000f1c
core   0: 0x80000f3c (0x00000001) c.nop
core   0: 3 0x80000f3c (0x0001)
core   0: 0x80000f3e (0x00013217) auipc   tp, 0x13
core   0: 3 0x80000f3e (0x00013217) x4  0x80013f3e
core   0: 0x80000f42 (0xdce20213) addi    tp, tp, -562
core   0: 3 0x80000f42 (0xdce20213) x4  0x80013d0c
core   0: 0x80000f46 (0x031052b3) divu    t0, zero, a7
core   0: 3 0x80000f46 (0x031052b3) x5  0x00000000
core   0: 0x80000f4a (0x01a1af33) slt     t5, gp, s10
core   0: 3 0x80000f4a (0x01a1af33) x30 0x00000001
core   0: 0x80000f4e (0x03420b03) lb      s6, 52(tp)
core   0: 3 0x80000f4e (0x03420b03) x22 0xfffffffb mem 0x80013d40
core   0: 0x80000f52 (0x03a20a23) sb      s10, 52(tp)
core   0: 3 0x80000f52 (0x03a20a23) mem 0x80013d40 0x00
core   0: 0x80000f56 (0x00e7deb3) srl     t4, a5, a4
core   0: 3 0x80000f56 (0x00e7deb3) x29 0x8000e519
core   0: 0x80000f5a (0x00000001) c.nop
core   0: 3 0x80000f5a (0x0001)
core   0: 0x80000f5c (0xf4624183) lbu     gp, -186(tp)
core   0: 3 0x80000f5c (0xf4624183) x3  0x00000009 mem 0x80013c52
core   0: 0x80000f60 (0xf8120b23) sb      ra, -106(tp)
core   0: 3 0x80000f60 (0xf8120b23) mem 0x80013ca2 0x08
core   0: 0x80000f64 (0xf4f20a23) sb      a5, -172(tp)
core   0: 3 0x80000f64 (0xf4f20a23) mem 0x80013c60 0x19
core   0: 0x80000f68 (0xfa124503) lbu     a0, -95(tp)
core   0: 3 0x80000f68 (0xfa124503) x10 0x00000066 mem 0x80013cad
core   0: 0x80000f6c (0xf0822c83) lw      s9, -248(tp)
core   0: 3 0x80000f6c (0xf0822c83) x25 0xcccdcecf mem 0x80013c14
core   0: 0x80000f70 (0x06424e03) lbu     t3, 100(tp)
core   0: 3 0x80000f70 (0x06424e03) x28 0x0000002b mem 0x80013d70
core   0: 0x80000f74 (0xfb120d03) lb      s10, -79(tp)
core   0: 3 0x80000f74 (0xfb120d03) x26 0x00000076 mem 0x80013cbd
core   0: 0x80000f78 (0x026207a3) sb      t1, 47(tp)
core   0: 3 0x80000f78 (0x026207a3) mem 0x80013d3b 0x1c
core   0: 0x80000f7c (0x02f24503) lbu     a0, 47(tp)
core   0: 3 0x80000f7c (0x02f24503) x10 0x0000001c mem 0x80013d3b
core   0: 0x80000f80 (0x41da5d13) srai    s10, s4, 29
core   0: 3 0x80000f80 (0x41da5d13) x26 0xfffffffc
core   0: 0x80000f84 (0x02f20503) lb      a0, 47(tp)
core   0: 3 0x80000f84 (0x02f20503) x10 0x0000001c mem 0x80013d3b
core   0: 0x80000f88 (0x037207a3) sb      s7, 47(tp)
core   0: 3 0x80000f88 (0x037207a3) mem 0x80013d3b 0x00
core   0: 0x80000f8c (0x09124c83) lbu     s9, 145(tp)
core   0: 3 0x80000f8c (0x09124c83) x25 0x00000056 mem 0x80013d9d
core   0: 0x80000f90 (0x413f80b3) sub     ra, t6, s3
core   0: 3 0x80000f90 (0x413f80b3) x1  0xfffffcf1
core   0: 0x80000f94 (0x0ca21d03) lh      s10, 202(tp)
core   0: 3 0x80000f94 (0x0ca21d03) x26 0xffff8c8d mem 0x80013dd6
core   0: 0x80000f98 (0x00010e97) auipc   t4, 0x10
core   0: 3 0x80000f98 (0x00010e97) x29 0x80010f98
core   0: 0x80000f9c (0x8e2e8e93) addi    t4, t4, -1822
core   0: 3 0x80000f9c (0x8e2e8e93) x29 0x8001087a
core   0: 0x80000fa0 (0x008e54b3) srl     s1, t3, s0
core   0: 3 0x80000fa0 (0x008e54b3) x9  0x00000000
core   0: 0x80000fa4 (0x000082cd) c.srli  a3, 19
core   0: 3 0x80000fa4 (0x82cd) x13 0x00000000
core   0: 0x80000fa6 (0x019e5b93) srli    s7, t3, 25
core   0: 3 0x80000fa6 (0x019e5b93) x23 0x00000000
core   0: 0x80000faa (0x3cfe8e03) lb      t3, 975(t4)
core   0: 3 0x80000faa (0x3cfe8e03) x28 0x00000002 mem 0x80010c49
core   0: 0x80000fae (0x75fec683) lbu     a3, 1887(t4)
core   0: 3 0x80000fae (0x75fec683) x13 0x00000092 mem 0x80010fd9
core   0: 0x80000fb2 (0x6faed483) lhu     s1, 1786(t4)
core   0: 3 0x80000fb2 (0x6faed483) x9  0x00002e2f mem 0x80010f74
core   0: 0x80000fb6 (0x0286abb3) mulhsu  s7, a3, s0
core   0: 3 0x80000fb6 (0x0286abb3) x23 0x00000000
core   0: 0x80000fba (0x3d6b4b97) auipc   s7, 0x3d6b4
core   0: 3 0x80000fba (0x3d6b4b97) x23 0xbd6b4fba
core   0: 0x80000fbe (0x41ce8f23) sb      t3, 1054(t4)
core   0: 3 0x80000fbe (0x41ce8f23) mem 0x80010c98 0x02
core   0: 0x80000fc2 (0x0284d4b3) divu    s1, s1, s0
core   0: 3 0x80000fc2 (0x0284d4b3) x9  0x0000049e
core   0: 0x80000fc6 (0x03ce8b03) lb      s6, 60(t4)
core   0: 3 0x80000fc6 (0x03ce8b03) x22 0x0000006d mem 0x800108b6
core   0: 0x80000fca (0xdb2ed683) lhu     a3, -590(t4)
core   0: 3 0x80000fca (0xdb2ed683) x13 0x0000e6e7 mem 0x8001062c
core   0: 0x80000fce (0x01742b33) slt     s6, s0, s7
core   0: 3 0x80000fce (0x01742b33) x22 0x00000000
core   0: 0x80000fd2 (0x196ec403) lbu     s0, 406(t4)
core   0: 3 0x80000fd2 (0x196ec403) x8  0x000000cb mem 0x80010a10
core   0: 0x80000fd6 (0x00008c65) c.and   s0, s1
core   0: 3 0x80000fd6 (0x8c65) x8  0x0000008a
core   0: 0x80000fd8 (0xaade82a3) sb      a3, -1371(t4)
core   0: 3 0x80000fd8 (0xaade82a3) mem 0x8001031f 0xe7
core   0: 0x80000fdc (0x18ced483) lhu     s1, 396(t4)
core   0: 3 0x80000fdc (0x18ced483) x9  0x0000bcbd mem 0x80010a06
core   0: 0x80000fe0 (0x036b8e33) mul     t3, s7, s6
core   0: 3 0x80000fe0 (0x036b8e33) x28 0x00000000
core   0: 0x80000fe4 (0xbfce85a3) sb      t3, -1045(t4)
core   0: 3 0x80000fe4 (0xbfce85a3) mem 0x80010465 0x00
core   0: 0x80000fe8 (0x31bb0b13) addi    s6, s6, 795
core   0: 3 0x80000fe8 (0x31bb0b13) x22 0x0000031b
core   0: 0x80000fec (0x03768b33) mul     s6, a3, s7
core   0: 3 0x80000fec (0x03768b33) x22 0x55760cd6
core   0: 0x80000ff0 (0x1c9e86a3) sb      s1, 461(t4)
core   0: 3 0x80000ff0 (0x1c9e86a3) mem 0x80010a47 0xbd
core   0: 0x80000ff4 (0xe5be8b83) lb      s7, -421(t4)
core   0: 3 0x80000ff4 (0xe5be8b83) x23 0xffffff8e mem 0x800106d5
core   0: 0x80000ff8 (0x5f0ec483) lbu     s1, 1520(t4)
core   0: 3 0x80000ff8 (0x5f0ec483) x9  0x00000021 mem 0x80010e6a
core   0: 0x80000ffc (0x54bec483) lbu     s1, 1355(t4)
core   0: 3 0x80000ffc (0x54bec483) x9  0x0000007e mem 0x80010dc5
core   0: 0x80001000 (0x00008411) c.srai  s0, 4
core   0: 3 0x80001000 (0x8411) x8  0x00000008
core   0: 0x80001002 (0x03cb4bb3) div     s7, s6, t3
core   0: 3 0x80001002 (0x03cb4bb3) x23 0xffffffff
core   0: 0x80001006 (0x00d49e33) sll     t3, s1, a3
core   0: 3 0x80001006 (0x00d49e33) x28 0x00003f00
core   0: 0x8000100a (0x03ce0bb3) mul     s7, t3, t3
core   0: 3 0x8000100a (0x03ce0bb3) x23 0x0f810000
core   0: 0x8000100e (0x0000945a) c.add   s0, s6
core   0: 3 0x8000100e (0x945a) x8  0x55760cde
core   0: 0x80001010 (0x969e8b03) lb      s6, -1687(t4)
core   0: 3 0x80001010 (0x969e8b03) x22 0xffffff98 mem 0x800101e3
core   0: 0x80001014 (0x44dece03) lbu     t3, 1101(t4)
core   0: 3 0x80001014 (0x44dece03) x28 0x0000007c mem 0x80010cc7
core   0: 0x80001018 (0x7afecb03) lbu     s6, 1967(t4)
core   0: 3 0x80001018 (0x7afecb03) x22 0x000000e2 mem 0x80011029
core   0: 0x8000101c (0x90be8403) lb      s0, -1781(t4)
core   0: 3 0x8000101c (0x90be8403) x8  0x0000003e mem 0x80010185
core   0: 0x80001020 (0x016e7e33) and     t3, t3, s6
core   0: 3 0x80001020 (0x016e7e33) x28 0x00000060
core   0: 0x80001024 (0x417bdbb3) sra     s7, s7, s7
core   0: 3 0x80001024 (0x417bdbb3) x23 0x0f810000
core   0: 0x80001028 (0x00001e7d) c.addi  t3, -1
core   0: 3 0x80001028 (0x1e7d) x28 0x0000005f
core   0: 0x8000102a (0x009e74b3) and     s1, t3, s1
core   0: 3 0x8000102a (0x009e74b3) x9  0x0000005e
core   0: 0x8000102e (0xc6aed403) lhu     s0, -918(t4)
core   0: 3 0x8000102e (0xc6aed403) x8  0x00000044 mem 0x800104e4
core   0: 0x80001032 (0x00849b33) sll     s6, s1, s0
core   0: 3 0x80001032 (0x00849b33) x22 0x000005e0
core   0: 0x80001036 (0x00008ea1) c.xor   a3, s0
core   0: 3 0x80001036 (0x8ea1) x13 0x0000e6a3
core   0: 0x80001038 (0x00000001) c.nop
core   0: 3 0x80001038 (0x0001)
core   0: 0x8000103a (0x00008c45) c.or    s0, s1
core   0: 3 0x8000103a (0x8c45) x8  0x0000005e
core   0: 0x8000103c (0x0084db33) srl     s6, s1, s0
core   0: 3 0x8000103c (0x0084db33) x22 0x00000000
core   0: 0x80001040 (0xfc5ec403) lbu     s0, -59(t4)
core   0: 3 0x80001040 (0xfc5ec403) x8  0x000000f4 mem 0x8001083f
core   0: 0x80001044 (0x5a3ec403) lbu     s0, 1443(t4)
core   0: 3 0x80001044 (0x5a3ec403) x8  0x000000d6 mem 0x80010e1d
core   0: 0x80001048 (0x8d6e82a3) sb      s6, -1851(t4)
core   0: 3 0x80001048 (0x8d6e82a3) mem 0x8001013f 0x00
core   0: 0x8000104c (0x01746433) or      s0, s0, s7
core   0: 3 0x8000104c (0x01746433) x8  0x0f8100d6
core   0: 0x80001050 (0x557e8b83) lb      s7, 1367(t4)
core   0: 3 0x80001050 (0x557e8b83) x23 0xffffff8a mem 0x80010dd1
core   0: 0x80001054 (0x0000f597) auipc   a1, 0xf
core   0: 3 0x80001054 (0x0000f597) x11 0x80010054
core   0: 0x80001058 (0x2b858593) addi    a1, a1, 696
core   0: 3 0x80001058 (0x2b858593) x11 0x8001030c
core   0: 0x8000105c (0x1c358e03) lb      t3, 451(a1)
core   0: 3 0x8000105c (0x1c358e03) x28 0xffffff84 mem 0x800104cf
core   0: 0x80001060 (0x00008e45) c.or    a2, s1
core   0: 3 0x80001060 (0x8e45) x12 0x80000f7e
core   0: 0x80001062 (0xfaa50297) auipc   t0, 0xfaa50
core   0: 3 0x80001062 (0xfaa50297) x5  0x7aa51062
core   0: 0x80001066 (0x03a1f633) remu    a2, gp, s10
core   0: 3 0x80001066 (0x03a1f633) x12 0x00000009
core   0: 0x8000106a (0x23b5c083) lbu     ra, 571(a1)
core   0: 3 0x8000106a (0x23b5c083) x1  0x000000fc mem 0x80010547
core   0: 0x8000106e (0xe0c5d183) lhu     gp, -500(a1)
core   0: 3 0x8000106e (0xe0c5d183) x3  0x0000d2d3 mem 0x80010118
core   0: 0x80001072 (0x6012c293) xori    t0, t0, 1537
core   0: 3 0x80001072 (0x6012c293) x5  0x7aa51663
core   0: 0x80001076 (0x6f858523) sb      s8, 1770(a1)
core   0: 3 0x80001076 (0x6f858523) mem 0x800109f6 0x00
core   0: 0x8000107a (0x045f4293) xori    t0, t5, 69
core   0: 3 0x8000107a (0x045f4293) x5  0x00000044
core   0: 0x8000107e (0x7da5cc03) lbu     s8, 2010(a1)
core   0: 3 0x8000107e (0x7da5cc03) x24 0x0000009d mem 0x80010ae6
core   0: 0x80001082 (0x2395c083) lbu     ra, 569(a1)
core   0: 3 0x80001082 (0x2395c083) x1  0x000000fe mem 0x80010545
core   0: 0x80001086 (0x00004ba1) c.li    s7, 8
core   0: 3 0x80001086 (0x4ba1) x23 0x00000008
core   0: 0x80001088 (0x00ef46b3) xor     a3, t5, a4
core   0: 3 0x80001088 (0x00ef46b3) x13 0x00000001
core   0: 0x8000108c (0x2925d303) lhu     t1, 658(a1)
core   0: 3 0x8000108c (0x2925d303) x6  0x00005455 mem 0x8001059e
core   0: 0x80001090 (0xe8158003) lb      zero, -383(a1)
core   0: 3 0x80001090 (0xe8158003) mem 0x8001018d
core   0: 0x80001094 (0x561712b7) lui     t0, 0x56171
core   0: 3 0x80001094 (0x561712b7) x5  0x56171000
core   0: 0x80001098 (0x57b58903) lb      s2, 1403(a1)
core   0: 3 0x80001098 (0x57b58903) x18 0x0000003c mem 0x80010887
core   0: 0x8000109c (0x6a159123) sh      ra, 1698(a1)
core   0: 3 0x8000109c (0x6a159123) mem 0x800109ae 0x00fe
core   0: 0x800010a0 (0x00e15813) srli    a6, sp, 14
core   0: 3 0x800010a0 (0x00e15813) x16 0x0003ce10
core   0: 0x800010a4 (0x00d67933) and     s2, a2, a3
core   0: 3 0x800010a4 (0x00d67933) x18 0x00000001
core   0: 0x800010a8 (0x5c05ab83) lw      s7, 1472(a1)
core   0: 3 0x800010a8 (0x5c05ab83) x23 0x84858687 mem 0x800108cc
core   0: 0x800010ac (0x016094b3) sll     s1, ra, s6
core   0: 3 0x800010ac (0x016094b3) x9  0x000000fe
core   0: 0x800010b0 (0xf97580a3) sb      s7, -127(a1)
core   0: 3 0x800010b0 (0xf97580a3) mem 0x8001028d 0x87
core   0: 0x800010b4 (0x03d364b3) rem     s1, t1, t4
core   0: 3 0x800010b4 (0x03d364b3) x9  0x00005455
core   0: 0x800010b8 (0x0000020a) c.slli  tp, 2
core   0: 3 0x800010b8 (0x020a) x4  0x0004f430
core   0: 0x800010ba (0x00008d19) c.sub   a0, a4
core   0: 3 0x800010ba (0x8d19) x10 0x0000001c
core   0: 0x800010bc (0xe9d5c403) lbu     s0, -355(a1)
core   0: 3 0x800010bc (0xe9d5c403) x8  0x00000062 mem 0x800101a9
core   0: 0x800010c0 (0x62d5cd03) lbu     s10, 1581(a1)
core   0: 3 0x800010c0 (0x62d5cd03) x26 0x000000f2 mem 0x80010939
core   0: 0x800010c4 (0x04e59423) sh      a4, 72(a1)
core   0: 3 0x800010c4 (0x04e59423) mem 0x80010354 0x0000
core   0: 0x800010c8 (0x1585a603) lw      a2, 344(a1)
core   0: 3 0x800010c8 (0x1585a603) x12 0x1c1d001f mem 0x80010464
core   0: 0x800010cc (0x7b95ae23) sw      s9, 1980(a1)
core   0: 3 0x800010cc (0x7b95ae23) mem 0x80010ac8 0x00000056
core   0: 0x800010d0 (0x019ec7b3) xor     a5, t4, s9
core   0: 3 0x800010d0 (0x019ec7b3) x15 0x8001082c
core   0: 0x800010d4 (0x6ef58b83) lb      s7, 1775(a1)
core   0: 3 0x800010d4 (0x6ef58b83) x23 0xffffffb0 mem 0x800109fb
core   0: 0x800010d8 (0x4c558a23) sb      t0, 1236(a1)
core   0: 3 0x800010d8 (0x4c558a23) mem 0x800107e0 0x00
core   0: 0x800010dc (0x511583a3) sb      a7, 1287(a1)
core   0: 3 0x800010dc (0x511583a3) mem 0x80010813 0xf6
core   0: 0x800010e0 (0x7065cb83) lbu     s7, 1798(a1)
core   0: 3 0x800010e0 (0x7065cb83) x23 0x000000c9 mem 0x80010a12
core   0: 0x800010e4 (0xf9058883) lb      a7, -112(a1)
core   0: 3 0x800010e4 (0xf9058883) x17 0x00000057 mem 0x8001029c
core   0: 0x800010e8 (0xd845c703) lbu     a4, -636(a1)
core   0: 3 0x800010e8 (0xd845c703) x14 0x0000004b mem 0x80010090
core   0: 0x800010ec (0x0340036f) jal     t1, pc + 0x34
core   0: 3 0x800010ec (0x0340036f) x6  0x800010f0
core   0: 0x80001120 (0x00002811) c.jal   pc + 20
core   0: 3 0x80001120 (0x2811) x1  0x80001122
core   0: 0x80001134 (0x00003ff9) c.jal   pc - 34
core   0: 3 0x80001134 (0x3ff9) x1  0x80001136
core   0: 0x80001112 (0xfefff0ef) jal     pc - 0x12
core   0: 3 0x80001112 (0xfefff0ef) x1  0x80001116
core   0: 0x80001100 (0x008000ef) jal     pc + 0x8
core   0: 3 0x80001100 (0x008000ef) x1  0x80001104
core   0: 0x80001108 (0x006000ef) jal     pc + 0x6
core   0: 3 0x80001108 (0x006000ef) x1  0x8000110c
core   0: 0x8000110e (0xfefff4ef) jal     s1, pc - 0x12
core   0: 3 0x8000110e (0xfefff4ef) x9  0x80001112
core   0: 0x800010fc (0x0260036f) jal     t1, pc + 0x26
core   0: 3 0x800010fc (0x0260036f) x6  0x80001100
core   0: 0x80001122 (0xfe3ff0ef) jal     pc - 0x1e
core   0: 3 0x80001122 (0xfe3ff0ef) x1  0x80001126
core   0: 0x80001104 (0x0000a025) c.j     pc + 40
core   0: 3 0x80001104 (0xa025)
core   0: 0x8000112c (0x0000b7c5) c.j     pc - 32
core   0: 3 0x8000112c (0xb7c5)
core   0: 0x8000110c (0x0000a029) c.j     pc + 10
core   0: 3 0x8000110c (0xa029)
core   0: 0x80001116 (0x0000a811) c.j     pc + 20
core   0: 3 0x80001116 (0xa811)
core   0: 0x8000112a (0x00003ff5) c.jal   pc - 4
core   0: 3 0x8000112a (0x3ff5) x1  0x8000112c
core   0: 0x80001126 (0x000037c5) c.jal   pc - 32
core   0: 3 0x80001126 (0x37c5) x1  0x80001128
core   0: 0x80001106 (0x0000a809) c.j     pc + 18
core   0: 3 0x80001106 (0xa809)
core   0: 0x80001118 (0x0000bff9) c.j     pc - 34
core   0: 3 0x80001118 (0xbff9)
core   0: 0x800010f6 (0x03a000ef) jal     pc + 0x3a
core   0: 3 0x800010f6 (0x03a000ef) x1  0x800010fa
core   0: 0x80001130 (0xfffff36f) jal     t1, pc - 0x2
core   0: 3 0x80001130 (0xfffff36f) x6  0x80001134
core   0: 0x8000112e (0x00003fed) c.jal   pc - 6
core   0: 3 0x8000112e (0x3fed) x1  0x80001130
core   0: 0x80001128 (0x0000b7e1) c.j     pc - 56
core   0: 3 0x80001128 (0xb7e1)
core   0: 0x800010f0 (0x00002009) c.jal   pc + 2
core   0: 3 0x800010f0 (0x2009) x1  0x800010f2
core   0: 0x800010f2 (0x008002ef) jal     t0, pc + 0x8
core   0: 3 0x800010f2 (0x008002ef) x5  0x800010f6
core   0: 0x800010fa (0x0000a005) c.j     pc + 32
core   0: 3 0x800010fa (0xa005)
core   0: 0x8000111a (0x0040036f) jal     t1, pc + 0x4
core   0: 3 0x8000111a (0x0040036f) x6  0x8000111e
core   0: 0x8000111e (0x00002821) c.jal   pc + 24
core   0: 3 0x8000111e (0x2821) x1  0x80001120
core   0: 0x80001136 (0xfbf4cd93) xori    s11, s1, -65
core   0: 3 0x80001136 (0xfbf4cd93) x27 0x7fffeead
core   0: 0x8000113a (0x0000f517) auipc   a0, 0xf
core   0: 3 0x8000113a (0x0000f517) x10 0x8001013a
core   0: 0x8000113e (0x0aa50513) addi    a0, a0, 170
core   0: 3 0x8000113e (0x0aa50513) x10 0x800101e4
core   0: 0x80001142 (0x02055983) lhu     s3, 32(a0)
core   0: 3 0x80001142 (0x02055983) x19 0x0000bebf mem 0x80010204
core   0: 0x80001146 (0x4f6fb617) auipc   a2, 0x4f6fb
core   0: 3 0x80001146 (0x4f6fb617) x12 0xcf6fc146
core   0: 0x8000114a (0x02051783) lh      a5, 32(a0)
core   0: 3 0x8000114a (0x02051783) x15 0xffffbebf mem 0x80010204
core   0: 0x8000114e (0x02050903) lb      s2, 32(a0)
core   0: 3 0x8000114e (0x02050903) x18 0xffffffbf mem 0x80010204
core   0: 0x80001152 (0x02051183) lh      gp, 32(a0)
core   0: 3 0x80001152 (0x02051183) x3  0xffffbebf mem 0x80010204
core   0: 0x80001156 (0x000087c6) c.mv    a5, a7
core   0: 3 0x80001156 (0x87c6) x15 0x00000057
core   0: 0x80001158 (0x003576b3) and     a3, a0, gp
core   0: 3 0x80001158 (0x003576b3) x13 0x800100a4
core   0: 0x8000115c (0x02054e83) lbu     t4, 32(a0)
core   0: 3 0x8000115c (0x02054e83) x29 0x000000bf mem 0x80010204
core   0: 0x80001160 (0x02050e83) lb      t4, 32(a0)
core   0: 3 0x80001160 (0x02050e83) x29 0xffffffbf mem 0x80010204
core   0: 0x80001164 (0x05454583) lbu     a1, 84(a0)
core   0: 3 0x80001164 (0x05454583) x11 0x000000f3 mem 0x80010238
core   0: 0x80001168 (0x00008ec5) c.or    a3, s1
core   0: 3 0x80001168 (0x8ec5) x13 0x800111b6
core   0: 0x8000116a (0x05450583) lb      a1, 84(a0)
core   0: 3 0x8000116a (0x05450583) x11 0xfffffff3 mem 0x80010238
core   0: 0x8000116e (0x05450583) lb      a1, 84(a0)
core   0: 3 0x8000116e (0x05450583) x11 0xfffffff3 mem 0x80010238
core   0: 0x80001172 (0x05052a23) sw      a6, 84(a0)
core   0: 3 0x80001172 (0x05052a23) mem 0x80010238 0x0003ce10
core   0: 0x80001176 (0x02edc1b3) div     gp, s11, a4
core   0: 3 0x80001176 (0x02edc1b3) x3  0x01b4e7e0
core   0: 0x8000117a (0x04f51a23) sh      a5, 84(a0)
core   0: 3 0x8000117a (0x04f51a23) mem 0x80010238 0x0057
core   0: 0x8000117e (0x05455203) lhu     tp, 84(a0)
core   0: 3 0x8000117e (0x05455203) x4  0x00000057 mem 0x80010238
core   0: 0x80001182 (0x0000c964) c.sw    s1, 84(a0)
core   0: 3 0x80001182 (0xc964) mem 0x80010238 0x80001112
core   0: 0x80001184 (0x04251a23) sh      sp, 84(a0)
core   0: 3 0x80001184 (0x04251a23) mem 0x80010238 0x22e7
core   0: 0x80001188 (0x05450183) lb      gp, 84(a0)
core   0: 3 0x80001188 (0x05450183) x3  0xffffffe7 mem 0x80010238
core   0: 0x8000118c (0x0000f917) auipc   s2, 0xf
core   0: 3 0x8000118c (0x0000f917) x18 0x8001018c
core   0: 0x80001190 (0xf3190913) addi    s2, s2, -207
core   0: 3 0x80001190 (0xf3190913) x18 0x800100bd
core   0: 0x80001194 (0x03139433) mulh    s0, t2, a7
core   0: 3 0x80001194 (0x03139433) x8  0x00000000
core   0: 0x80001198 (0x0117a533) slt     a0, a5, a7
core   0: 3 0x80001198 (0x0117a533) x10 0x00000000
core   0: 0x8000119c (0xfc494983) lbu     s3, -60(s2)
core   0: 3 0x8000119c (0xfc494983) x19 0x0000003a mem 0x80010081
core   0: 0x800011a0 (0x07190e23) sb      a7, 124(s2)
core   0: 3 0x800011a0 (0x07190e23) mem 0x80010139 0x57
core   0: 0x800011a4 (0xfaf92403) lw      s0, -81(s2)
core   0: 3 0x800011a4 (0xfaf92403) x8  0x24252627 mem 0x8001006c
core   0: 0x800011a8 (0xa5e9a893) slti    a7, s3, -1442
core   0: 3 0x800011a8 (0xa5e9a893) x17 0x00000000
core   0: 0x800011ac (0x00000001) c.nop
core   0: 3 0x800011ac (0x0001)
core   0: 0x800011ae (0x03494783) lbu     a5, 52(s2)
core   0: 3 0x800011ae (0x03494783) x15 0x000000aa mem 0x800100f1
core   0: 0x800011b2 (0x06190503) lb      a0, 97(s2)
core   0: 3 0x800011b2 (0x06190503) x10 0xffffffd5 mem 0x8001011e
core   0: 0x800011b6 (0x02f3f7b3) remu    a5, t2, a5
core   0: 3 0x800011b6 (0x02f3f7b3) x15 0x00000050
core   0: 0x800011ba (0x02f573b3) remu    t2, a0, a5
core   0: 3 0x800011ba (0x02f573b3) x7  0x00000035
core   0: 0x800011be (0x00008841) c.andi  s0, 16
core   0: 3 0x800011be (0x8841) x8  0x00000000
core   0: 0x800011c0 (0x00a8e433) or      s0, a7, a0
core   0: 3 0x800011c0 (0x00a8e433) x8  0xffffffd5
core   0: 0x800011c4 (0xfcf92883) lw      a7, -49(s2)
core   0: 3 0x800011c4 (0xfcf92883) x17 0x44454647 mem 0x8001008c
core   0: 0x800011c8 (0xf8d90503) lb      a0, -115(s2)
core   0: 3 0x800011c8 (0xf8d90503) x10 0x00000001 mem 0x8001004a
core   0: 0x800011cc (0xe658b393) sltiu   t2, a7, -411
core   0: 3 0x800011cc (0xe658b393) x7  0x00000001
core   0: 0x800011d0 (0x41845893) srai    a7, s0, 24
core   0: 3 0x800011d0 (0x41845893) x17 0xffffffff
core   0: 0x800011d4 (0x40a458b3) sra     a7, s0, a0
core   0: 3 0x800011d4 (0x40a458b3) x17 0xffffffea
core   0: 0x800011d8 (0x1517f793) andi    a5, a5, 337
core   0: 3 0x800011d8 (0x1517f793) x15 0x00000050
core   0: 0x800011dc (0x02f9f3b3) remu    t2, s3, a5
core   0: 3 0x800011dc (0x02f9f3b3) x7  0x0000003a
core   0: 0x800011e0 (0xfd195983) lhu     s3, -47(s2)
core   0: 3 0x800011e0 (0xfd195983) x19 0x00004445 mem 0x8001008e
core   0: 0x800011e4 (0xdab88513) addi    a0, a7, -597
core   0: 3 0x800011e4 (0xdab88513) x10 0xfffffd95
core   0: 0x800011e8 (0x00008f81) c.sub   a5, s0
core   0: 3 0x800011e8 (0x8f81) x15 0x0000007b
core   0: 0x800011ea (0x0318b3b3) mulhu   t2, a7, a7
core   0: 3 0x800011ea (0x0318b3b3) x7  0xffffffd4
core   0: 0x800011ee (0x891f2797) auipc   a5, 0x891f2
core   0: 3 0x800011ee (0x891f2797) x15 0x091f31ee
core   0: 0x800011f2 (0x00879393) slli    t2, a5, 8
core   0: 3 0x800011f2 (0x00879393) x7  0x1f31ee00
core   0: 0x800011f6 (0xd3a4c417) auipc   s0, 0xd3a4c
core   0: 3 0x800011f6 (0xd3a4c417) x8  0x53a4d1f6
core   0: 0x800011fa (0x95f2a517) auipc   a0, 0x95f2a
core   0: 3 0x800011fa (0x95f2a517) x10 0x15f2b1fa
core   0: 0x800011fe (0x00009bfd) c.andi  a5, -1
core   0: 3 0x800011fe (0x9bfd) x15 0x091f31ee
core   0: 0x80001200 (0x0333e7b3) rem     a5, t2, s3
core   0: 3 0x80001200 (0x0333e7b3) x15 0x000042e3
core   0: 0x80001204 (0x0af90883) lb      a7, 175(s2)
core   0: 3 0x80001204 (0x0af90883) x17 0x00000027 mem 0x8001016c
core   0: 0x80001208 (0xfc7912a3) sh      t2, -59(s2)
core   0: 3 0x80001208 (0xfc7912a3) mem 0x80010082 0xee00
core   0: 0x8000120c (0x02a9e8b3) rem     a7, s3, a0
core   0: 3 0x8000120c (0x02a9e8b3) x17 0x00004445
core   0: 0x80001210 (0xfef90923) sb      a5, -14(s2)
core   0: 3 0x80001210 (0xfef90923) mem 0x800100af 0xe3
core   0: 0x80001214 (0x00000001) c.nop
core   0: 3 0x80001214 (0x0001)
core   0: 0x80001216 (0x0ad95983) lhu     s3, 173(s2)
core   0: 3 0x80001216 (0x0ad95983) x19 0x00002021 mem 0x8001016a
core   0: 0x8000121a (0x00012297) auipc   t0, 0x12
core   0: 3 0x8000121a (0x00012297) x5  0x8001321a
core   0: 0x8000121e (0x1c928293) addi    t0, t0, 457
core   0: 3 0x8000121e (0x1c928293) x5  0x800133e3
core   0: 0x80001222 (0x00e28983) lb      s3, 14(t0)
core   0: 3 0x80001222 (0x00e28983) x19 0xffffffaa mem 0x800133f1
core   0: 0x80001226 (0x41cfd513) srai    a0, t6, 28
core   0: 3 0x80001226 (0x41cfd513) x10 0xffffffff
core   0: 0x8000122a (0x0283f933) remu    s2, t2, s0
core   0: 3 0x8000122a (0x0283f933) x18 0x1f31ee00
core   0: 0x8000122e (0x0000814d) c.srli  a0, 19
core   0: 3 0x8000122e (0x814d) x10 0x00001fff
core   0: 0x80001230 (0xff528ba3) sb      s5, -9(t0)
core   0: 3 0x80001230 (0xff528ba3) mem 0x800133da 0x24
core   0: 0x80001234 (0xfa4e3013) sltiu   zero, t3, -92
core   0: 3 0x80001234 (0xfa4e3013)
core   0: 0x80001238 (0xfff2d983) lhu     s3, -1(t0)
core   0: 3 0x80001238 (0xfff2d983) x19 0x00009899 mem 0x800133e2
core   0: 0x8000123c (0x00008fb5) c.xor   a5, a3
core   0: 3 0x8000123c (0x8fb5) x15 0x80015355
core   0: 0x8000123e (0xff02c783) lbu     a5, -16(t0)
core   0: 3 0x8000123e (0xff02c783) x15 0x00000088 mem 0x800133d3
core   0: 0x80001242 (0x022458b3) divu    a7, s0, sp
core   0: 3 0x80001242 (0x022458b3) x17 0x00000000
core   0: 0x80001246 (0x668e6d13) ori     s10, t3, 1640
core   0: 3 0x80001246 (0x668e6d13) x26 0xffffffec
core   0: 0x8000124a (0x00e2c183) lbu     gp, 14(t0)
core   0: 3 0x8000124a (0x00e2c183) x3  0x000000aa mem 0x800133f1
core   0: 0x8000124e (0x012788b3) add     a7, a5, s2
core   0: 3 0x8000124e (0x012788b3) x17 0x1f31ee88
core   0: 0x80001252 (0x00008a15) c.andi  a2, 5
core   0: 3 0x80001252 (0x8a15) x12 0x00000004
core   0: 0x80001254 (0xff528b03) lb      s6, -11(t0)
core   0: 3 0x80001254 (0xff528b03) x22 0xffffff93 mem 0x800133d8
core   0: 0x80001258 (0xd89f4893) xori    a7, t5, -631
core   0: 3 0x80001258 (0xd89f4893) x17 0xfffffd88
core   0: 0x8000125c (0xff429da3) sh      s4, -5(t0)
core   0: 3 0x8000125c (0xff429da3) mem 0x800133de 0x5ea4
core   0: 0x80001260 (0x0163a233) slt     tp, t2, s6
core   0: 3 0x80001260 (0x0163a233) x4  0x00000000
core   0: 0x80001264 (0x02a0eeb3) rem     t4, ra, a0
core   0: 3 0x80001264 (0x02a0eeb3) x29 0xfffff101
core   0: 0x80001268 (0x0029b1b3) sltu    gp, s3, sp
core   0: 3 0x80001268 (0x0029b1b3) x3  0x00000001
core   0: 0x8000126c (0x0052ce03) lbu     t3, 5(t0)
core   0: 3 0x8000126c (0x0052ce03) x28 0x000000a3 mem 0x800133e8
core   0: 0x80001270 (0x00008cd1) c.or    s1, a2
core   0: 3 0x80001270 (0x8cd1) x9  0x80001116
core   0: 0x80001272 (0x407f4613) xori    a2, t5, 1031
core   0: 3 0x80001272 (0x407f4613) x12 0x00000406
core   0: 0x80001276 (0xffb28c23) sb      s11, -8(t0)
core   0: 3 0x80001276 (0xffb28c23) mem 0x800133db 0xad
core   0: 0x8000127a (0xff228da3) sb      s2, -5(t0)
core   0: 3 0x8000127a (0xff228da3) mem 0x800133de 0x00
core   0: 0x8000127e (0x00008045) c.srli  s0, 17
core   0: 3 0x8000127e (0x8045) x8  0x000029d2
core   0: 0x80001280 (0x00008e99) c.sub   a3, a4
core   0: 3 0x80001280 (0x8e99) x13 0x8001116b
core   0: 0x80001282 (0x00f29683) lh      a3, 15(t0)
core   0: 3 0x80001282 (0x00f29683) x13 0xffffa8a9 mem 0x800133f2
core   0: 0x80001286 (0x01d11533) sll     a0, sp, t4
core   0: 3 0x80001286 (0x01d11533) x10 0xe70845ce
core   0: 0x8000128a (0x00328e83) lb      t4, 3(t0)
core   0: 3 0x8000128a (0x00328e83) x29 0xffffff9d mem 0x800133e6
core   0: 0x8000128e (0x0000ff97) auipc   t6, 0xf
core   0: 3 0x8000128e (0x0000ff97) x31 0x8001028e
core   0: 0x80001292 (0x6d5f8f93) addi    t6, t6, 1749
core   0: 3 0x80001292 (0x6d5f8f93) x31 0x80010963
core   0: 0x80001296 (0x022f8883) lb      a7, 34(t6)
core   0: 3 0x80001296 (0x022f8883) x17 0x0000003e mem 0x80010985
core   0: 0x8000129a (0x01ff9ba3) sh      t6, 23(t6)
core   0: 3 0x8000129a (0x01ff9ba3) mem 0x8001097a 0x0963
core   0: 0x8000129e (0x005f8b83) lb      s7, 5(t6)
core   0: 3 0x8000129e (0x005f8b83) x23 0x00000023 mem 0x80010968
core   0: 0x800012a2 (0x00000731) c.addi  a4, 12
core   0: 3 0x800012a2 (0x0731) x14 0x00000057
core   0: 0x800012a4 (0xefb66f13) ori     t5, a2, -261
core   0: 3 0x800012a4 (0xefb66f13) x30 0xfffffeff
core   0: 0x800012a8 (0xff5f9fa3) sh      s5, -1(t6)
core   0: 3 0x800012a8 (0xff5f9fa3) mem 0x80010962 0x9d24
core   0: 0x800012ac (0x025ba433) mulhsu  s0, s7, t0
core   0: 3 0x800012ac (0x025ba433) x8  0x00000011
core   0: 0x800012b0 (0x00006e11) c.lui   t3, 0x4
core   0: 3 0x800012b0 (0x6e11) x28 0x00004000
core   0: 0x800012b2 (0x016f8383) lb      t2, 22(t6)
core   0: 3 0x800012b2 (0x016f8383) x7  0x00000032 mem 0x80010979
core   0: 0x800012b6 (0x030fcb83) lbu     s7, 48(t6)
core   0: 3 0x800012b6 (0x030fcb83) x23 0x00000048 mem 0x80010993
core   0: 0x800012ba (0x027f8283) lb      t0, 39(t6)
core   0: 3 0x800012ba (0x027f8283) x5  0x00000041 mem 0x8001098a
core   0: 0x800012be (0xfedfdd03) lhu     s10, -19(t6)
core   0: 3 0x800012be (0xfedfdd03) x26 0x00000a0b mem 0x80010950
core   0: 0x800012c2 (0x00008851) c.andi  s0, 20
core   0: 3 0x800012c2 (0x8851) x8  0x00000010
core   0: 0x800012c4 (0xfecfc883) lbu     a7, -20(t6)
core   0: 3 0x800012c4 (0xfecfc883) x17 0x00000004 mem 0x8001094f
core   0: 0x800012c8 (0x036f8283) lb      t0, 54(t6)
core   0: 3 0x800012c8 (0x036f8283) x5  0x00000052 mem 0x80010999
core   0: 0x800012cc (0x00ad2eb3) slt     t4, s10, a0
core   0: 3 0x800012cc (0x00ad2eb3) x29 0x00000000
core   0: 0x800012d0 (0x01bf9b83) lh      s7, 27(t6)
core   0: 3 0x800012d0 (0x01bf9b83) x23 0x00003435 mem 0x8001097e
core   0: 0x800012d4 (0x00000001) c.nop
core   0: 3 0x800012d4 (0x0001)
core   0: 0x800012d6 (0x003fd083) lhu     ra, 3(t6)
core   0: 3 0x800012d6 (0x003fd083) x1  0x00001c1d mem 0x80010966
core   0: 0x800012da (0x73f6f193) andi    gp, a3, 1855
core   0: 3 0x800012da (0x73f6f193) x3  0x00000029
core   0: 0x800012de (0x000080fe) c.mv    ra, t6
core   0: 3 0x800012de (0x80fe) x1  0x80010963
core   0: 0x800012e0 (0xfc7f9503) lh      a0, -57(t6)
core   0: 3 0x800012e0 (0xfc7f9503) x10 0xffffe0e1 mem 0x8001092a
core   0: 0x800012e4 (0x00004921) c.li    s2, 8
core   0: 3 0x800012e4 (0x4921) x18 0x00000008
core   0: 0x800012e6 (0x03af8903) lb      s2, 58(t6)
core   0: 3 0x800012e6 (0x03af8903) x18 0x00000056 mem 0x8001099d
core   0: 0x800012ea (0x0000987d) c.andi  s0, -1
core   0: 3 0x800012ea (0x987d) x8  0x00000010
core   0: 0x800012ec (0x012f8a23) sb      s2, 20(t6)
core   0: 3 0x800012ec (0x012f8a23) mem 0x80010977 0x56
core   0: 0x800012f0 (0x008f8d23) sb      s0, 26(t6)
core   0: 3 0x800012f0 (0x008f8d23) mem 0x8001097d 0x10
core   0: 0x800012f4 (0x00939693) slli    a3, t2, 9
core   0: 3 0x800012f4 (0x00939693) x13 0x00006400
core   0: 0x800012f8 (0xfe8f8503) lb      a0, -24(t6)
core   0: 3 0x800012f8 (0xfe8f8503) x10 0x00000000 mem 0x8001094b
core   0: 0x800012fc (0xfc8f8d83) lb      s11, -56(t6)
core   0: 3 0x800012fc (0xfc8f8d83) x27 0xffffffe0 mem 0x8001092b
core   0: 0x80001300 (0x5bbbbb93) sltiu   s7, s7, 1467
core   0: 3 0x80001300 (0x5bbbbb93) x23 0x00000000
core   0: 0x80001304 (0x211156b7) lui     a3, 0x21115
core   0: 3 0x80001304 (0x211156b7) x13 0x21115000
core   0: 0x80001308 (0x01035f13) srli    t5, t1, 16
core   0: 3 0x80001308 (0x01035f13) x30 0x00008000
core   0: 0x8000130c (0x02c8b6b3) mulhu   a3, a7, a2
core   0: 3 0x8000130c (0x02c8b6b3) x13 0x00000000
core   0: 0x80001310 (0x02c9c833) div     a6, s3, a2
core   0: 3 0x80001310 (0x02c9c833) x16 0x00000025
core   0: 0x80001314 (0x03664eb3) div     t4, a2, s6
core   0: 3 0x80001314 (0x03664eb3) x29 0xfffffff7
core   0: 0x80001318 (0x008d5b13) srli    s6, s10, 8
core   0: 3 0x80001318 (0x008d5b13) x22 0x0000000a
core   0: 0x8000131c (0x007fce83) lbu     t4, 7(t6)
core   0: 3 0x8000131c (0x007fce83) x29 0x00000021 mem 0x8001096a
core   0: 0x80001320 (0xfcef8023) sb      a4, -64(t6)
core   0: 3 0x80001320 (0xfcef8023) mem 0x80010923 0x57
core   0: 0x80001324 (0x006f8803) lb      a6, 6(t6)
core   0: 3 0x80001324 (0x006f8803) x16 0x00000022 mem 0x80010969
core   0: 0x80001328 (0x00020817) auipc   a6, 0x20
core   0: 3 0x80001328 (0x00020817) x16 0x80021328
core   0: 0x8000132c (0xa1b80813) addi    a6, a6, -1509
core   0: 3 0x8000132c (0xa1b80813) x16 0x80020d43
core   0: 0x80001330 (0x00008f65) c.and   a4, s1
core   0: 3 0x80001330 (0x8f65) x14 0x00000016
core   0: 0x80001332 (0x0b484d03) lbu     s10, 180(a6)
core   0: 3 0x80001332 (0x0b484d03) x26 0x000000ac mem 0x80020df7
core   0: 0x80001336 (0x01c8b333) sltu    t1, a7, t3
core   0: 3 0x80001336 (0x01c8b333) x6  0x00000001
core   0: 0x8000133a (0x0bf80a23) sb      t6, 180(a6)
core   0: 3 0x8000133a (0x0bf80a23) mem 0x80020df7 0x63
core   0: 0x8000133e (0x00008211) c.srli  a2, 4
core   0: 3 0x8000133e (0x8211) x12 0x00000040
core   0: 0x80001340 (0x008db8b3) sltu    a7, s11, s0
core   0: 3 0x80001340 (0x008db8b3) x17 0x00000000
core   0: 0x80001344 (0xfb380a23) sb      s3, -76(a6)
core   0: 3 0x80001344 (0xfb380a23) mem 0x80020cf7 0x99
core   0: 0x80001348 (0x013cf8b3) and     a7, s9, s3
core   0: 3 0x80001348 (0x013cf8b3) x17 0x00000010
core   0: 0x8000134c (0x02c1a2b3) mulhsu  t0, gp, a2
core   0: 3 0x8000134c (0x02c1a2b3) x5  0x00000000
core   0: 0x80001350 (0x04e80e23) sb      a4, 92(a6)
core   0: 3 0x80001350 (0x04e80e23) mem 0x80020d9f 0x16
core   0: 0x80001354 (0x0fc84203) lbu     tp, 252(a6)
core   0: 3 0x80001354 (0x0fc84203) x4  0x000000f4 mem 0x80020e3f
core   0: 0x80001358 (0xfef80503) lb      a0, -17(a6)
core   0: 3 0x80001358 (0xfef80503) x10 0xffffffe9 mem 0x80020d32
core   0: 0x8000135c (0xfef81d03) lh      s10, -17(a6)
core   0: 3 0x8000135c (0xfef81d03) x26 0xffffe8e9 mem 0x80020d32
core   0: 0x80001360 (0xfef80283) lb      t0, -17(a6)
core   0: 3 0x80001360 (0xfef80283) x5  0xffffffe9 mem 0x80020d32
core   0: 0x80001364 (0xfef84083) lbu     ra, -17(a6)
core   0: 3 0x80001364 (0xfef84083) x1  0x000000e9 mem 0x80020d32
core   0: 0x80001368 (0xfef81b03) lh      s6, -17(a6)
core   0: 3 0x80001368 (0xfef81b03) x22 0xffffe8e9 mem 0x80020d32
core   0: 0x8000136c (0x000098fe) c.add   a7, t6
core   0: 3 0x8000136c (0x98fe) x17 0x80010973
core   0: 0x8000136e (0xffd807a3) sb      t4, -17(a6)
core   0: 3 0x8000136e (0xffd807a3) mem 0x80020d32 0x21
core   0: 0x80001372 (0x0200036f) jal     t1, pc + 0x20
core   0: 3 0x80001372 (0x0200036f) x6  0x80001376
core   0: 0x80001392 (0xff7ff36f) jal     t1, pc - 0xa
core   0: 3 0x80001392 (0xff7ff36f) x6  0x80001396
core   0: 0x80001388 (0x00002839) c.jal   pc + 30
core   0: 3 0x80001388 (0x2839) x1  0x8000138a
core   0: 0x800013a6 (0x0000bfd1) c.j     pc - 44
core   0: 3 0x800013a6 (0xbfd1)
core   0: 0x8000137a (0x00003ff5) c.jal   pc - 4
core   0: 3 0x8000137a (0x3ff5) x1  0x8000137c
core   0: 0x80001376 (0x00c000ef) jal     pc + 0xc
core   0: 3 0x80001376 (0x00c000ef) x1  0x8000137a
core   0: 0x80001382 (0x00002821) c.jal   pc + 24
core   0: 3 0x80001382 (0x2821) x1  0x80001384
core   0: 0x8000139a (0x000037cd) c.jal   pc - 30
core   0: 3 0x8000139a (0x37cd) x1  0x8000139c
core   0: 0x8000137c (0x00002021) c.jal   pc + 8
core   0: 3 0x8000137c (0x2021) x1  0x8000137e
core   0: 0x80001384 (0x0000a829) c.j     pc + 26
core   0: 3 0x80001384 (0xa829)
core   0: 0x8000139e (0x006000ef) jal     pc + 0x6
core   0: 3 0x8000139e (0x006000ef) x1  0x800013a2
core   0: 0x800013a4 (0x0000b7cd) c.j     pc - 30
core   0: 3 0x800013a4 (0xb7cd)
core   0: 0x80001386 (0x00002819) c.jal   pc + 22
core   0: 3 0x80001386 (0x2819) x1  0x80001388
core   0: 0x8000139c (0x00002031) c.jal   pc + 12
core   0: 3 0x8000139c (0x2031) x1  0x8000139e
core   0: 0x800013a8 (0xfe5ff0ef) jal     pc - 0x1c
core   0: 3 0x800013a8 (0xfe5ff0ef) x1  0x800013ac
core   0: 0x8000138c (0x0000bfcd) c.j     pc - 14
core   0: 3 0x8000138c (0xbfcd)
core   0: 0x8000137e (0x018000ef) jal     pc + 0x18
core   0: 3 0x8000137e (0x018000ef) x1  0x80001382
core   0: 0x80001396 (0xff9fffef) jal     t6, pc - 0x8
core   0: 3 0x80001396 (0xff9fffef) x31 0x8000139a
core   0: 0x8000138e (0xffdff0ef) jal     pc - 0x4
core   0: 3 0x8000138e (0xffdff0ef) x1  0x80001392
core   0: 0x8000138a (0x00002821) c.jal   pc + 24
core   0: 3 0x8000138a (0x2821) x1  0x8000138c
core   0: 0x800013a2 (0x0000a029) c.j     pc + 10
core   0: 3 0x800013a2 (0xa029)
core   0: 0x800013ac (0x00f228b3) slt     a7, tp, a5
core   0: 3 0x800013ac (0x00f228b3) x17 0x00000000
core   0: 0x800013b0 (0x0001a417) auipc   s0, 0x1a
core   0: 3 0x800013b0 (0x0001a417) x8  0x8001b3b0
core   0: 0x800013b4 (0x94740413) addi    s0, s0, -1721
core   0: 3 0x800013b4 (0x94740413) x8  0x8001acf7
core   0: 0x800013b8 (0x00741c03) lh      s8, 7(s0)
core   0: 3 0x800013b8 (0x00741c03) x24 0xffffb4b5 mem 0x8001acfe
core   0: 0x800013bc (0xfc142c03) lw      s8, -63(s0)
core   0: 3 0x800013bc (0xfc142c03) x24 0x70717273 mem 0x8001acb8
core   0: 0x800013c0 (0x03d40c23) sb      t4, 56(s0)
core   0: 3 0x800013c0 (0x03d40c23) mem 0x8001ad2f 0x21
core   0: 0x800013c4 (0xfd3405a3) sb      s3, -53(s0)
core   0: 3 0x800013c4 (0xfd3405a3) mem 0x8001acc2 0x99
core   0: 0x800013c8 (0x00000001) c.nop
core   0: 3 0x800013c8 (0x0001)
core   0: 0x800013ca (0xfd640d03) lb      s10, -42(s0)
core   0: 3 0x800013ca (0xfd640d03) x26 0xffffff86 mem 0x8001accd
core   0: 0x800013ce (0xfe040623) sb      zero, -20(s0)
core   0: 3 0x800013ce (0xfe040623) mem 0x8001ace3 0x00
core   0: 0x800013d2 (0x00e40823) sb      a4, 16(s0)
core   0: 3 0x800013d2 (0x00e40823) mem 0x8001ad07 0x16
core   0: 0x800013d6 (0x03740d83) lb      s11, 55(s0)
core   0: 3 0x800013d6 (0x03740d83) x27 0xffffffe5 mem 0x8001ad2e
core   0: 0x800013da (0xff340283) lb      t0, -13(s0)
core   0: 3 0x800013da (0xff340283) x5  0xffffffa1 mem 0x8001acea
core   0: 0x800013de (0x007410a3) sh      t2, 1(s0)
core   0: 3 0x800013de (0x007410a3) mem 0x8001acf8 0x0032
core   0: 0x800013e2 (0xfd141603) lh      a2, -47(s0)
core   0: 3 0x800013e2 (0xfd141603) x12 0xffff8283 mem 0x8001acc8
core   0: 0x800013e6 (0x000044a5) c.li    s1, 9
core   0: 3 0x800013e6 (0x44a5) x9  0x00000009
core   0: 0x800013e8 (0x022405a3) sb      sp, 43(s0)
core   0: 3 0x800013e8 (0x022405a3) mem 0x8001ad22 0xe7
core   0: 0x800013ec (0x000081e5) c.srli  a1, 25
core   0: 3 0x800013ec (0x81e5) x11 0x0000007f
core   0: 0x800013ee (0x02e404a3) sb      a4, 41(s0)
core   0: 3 0x800013ee (0x02e404a3) mem 0x8001ad20 0x16
core   0: 0x800013f2 (0x02e40d03) lb      s10, 46(s0)
core   0: 3 0x800013f2 (0x02e40d03) x26 0xffffffde mem 0x8001ad25
core   0: 0x800013f6 (0x018ba4b3) slt     s1, s7, s8
core   0: 3 0x800013f6 (0x018ba4b3) x9  0x00000001
core   0: 0x800013fa (0x02840203) lb      tp, 40(s0)
core   0: 3 0x800013fa (0x02840203) x4  0xffffffd4 mem 0x8001ad1f
core   0: 0x800013fe (0xfd744e83) lbu     t4, -41(s0)
core   0: 3 0x800013fe (0xfd744e83) x29 0x00000085 mem 0x8001acce
core   0: 0x80001402 (0xfd844503) lbu     a0, -40(s0)
core   0: 3 0x80001402 (0xfd844503) x10 0x00000084 mem 0x8001accf
core   0: 0x80001406 (0x01e40583) lb      a1, 30(s0)
core   0: 3 0x80001406 (0x01e40583) x11 0xffffffce mem 0x8001ad15
core   0: 0x8000140a (0x030ddbb3) divu    s7, s11, a6
core   0: 3 0x8000140a (0x030ddbb3) x23 0x00000001
core   0: 0x8000140e (0x03a44c83) lbu     s9, 58(s0)
core   0: 3 0x8000140e (0x03a44c83) x25 0x000000ea mem 0x8001ad31
core   0: 0x80001412 (0x02540003) lb      zero, 37(s0)
core   0: 3 0x80001412 (0x02540003) mem 0x8001ad1c
core   0: 0x80001416 (0x017b86b3) add     a3, s7, s7
core   0: 3 0x80001416 (0x017b86b3) x13 0x00000002
core   0: 0x8000141a (0x0028d0b3) srl     ra, a7, sp
core   0: 3 0x8000141a (0x0028d0b3) x1  0x00000000
core   0: 0x8000141e (0x01a409a3) sb      s10, 19(s0)
core   0: 3 0x8000141e (0x01a409a3) mem 0x8001ad0a 0xde
core   0: 0x80001422 (0xfd942f03) lw      t5, -39(s0)
core   0: 3 0x80001422 (0xfd942f03) x30 0x88898a8b mem 0x8001acd0
core   0: 0x80001426 (0x018d4eb3) xor     t4, s10, s8
core   0: 3 0x80001426 (0x018d4eb3) x29 0x8f8e8dad
core   0: 0x8000142a (0xffc405a3) sb      t3, -21(s0)
core   0: 3 0x8000142a (0xffc405a3) mem 0x8001ace2 0x00
core   0: 0x8000142e (0x03b45c03) lhu     s8, 59(s0)
core   0: 3 0x8000142e (0x03b45c03) x24 0x0000e8e9 mem 0x8001ad32
core   0: 0x80001432 (0x000002f6) c.slli  t0, 29
core   0: 3 0x80001432 (0x02f6) x5  0x20000000
core   0: 0x80001434 (0x41e85f13) srai    t5, a6, 30
core   0: 3 0x80001434 (0x41e85f13) x30 0xfffffffe
core   0: 0x80001438 (0x02ace833) rem     a6, s9, a0
core   0: 3 0x80001438 (0x02ace833) x16 0x00000066
core   0: 0x8000143c (0x01940ea3) sb      s9, 29(s0)
core   0: 3 0x8000143c (0x01940ea3) mem 0x8001ad14 0xea
core   0: 0x80001440 (0x0000f497) auipc   s1, 0xf
core   0: 3 0x80001440 (0x0000f497) x9  0x80010440
core   0: 0x80001444 (0x73248493) addi    s1, s1, 1842
core   0: 3 0x80001444 (0x73248493) x9  0x80010b72
core   0: 0x80001448 (0x016486a3) sb      s6, 13(s1)
core   0: 3 0x80001448 (0x016486a3) mem 0x80010b7f 0xe9
core   0: 0x8000144c (0x00d48703) lb      a4, 13(s1)
core   0: 3 0x8000144c (0x00d48703) x14 0xffffffe9 mem 0x80010b7f
core   0: 0x80001450 (0x0000127d) c.addi  tp, -1
core   0: 3 0x80001450 (0x127d) x4  0xffffffd3
core   0: 0x80001452 (0x017486a3) sb      s7, 13(s1)
core   0: 3 0x80001452 (0x017486a3) mem 0x80010b7f 0x01
core   0: 0x80001456 (0x1d007213) andi    tp, zero, 464
core   0: 3 0x80001456 (0x1d007213) x4  0x00000000
core   0: 0x8000145a (0x00548403) lb      s0, 5(s1)
core   0: 3 0x8000145a (0x00548403) x8  0x0000002c mem 0x80010b77
core   0: 0x8000145e (0xff148823) sb      a7, -16(s1)
core   0: 3 0x8000145e (0xff148823) mem 0x80010b62 0x00
core   0: 0x80001462 (0xff04c203) lbu     tp, -16(s1)
core   0: 3 0x80001462 (0xff04c203) x4  0x00000000 mem 0x80010b62
core   0: 0x80001466 (0xff448823) sb      s4, -16(s1)
core   0: 3 0x80001466 (0xff448823) mem 0x80010b62 0xa4
core   0: 0x8000146a (0xfff48f83) lb      t6, -1(s1)
core   0: 3 0x8000146a (0xfff48f83) x31 0x0000002a mem 0x80010b71
core   0: 0x8000146e (0xfff48883) lb      a7, -1(s1)
core   0: 3 0x8000146e (0xfff48883) x17 0x0000002a mem 0x80010b71
core   0: 0x80001472 (0xff048fa3) sb      a6, -1(s1)
core   0: 3 0x80001472 (0xff048fa3) mem 0x80010b71 0x66
core   0: 0x80001476 (0xfff4cc03) lbu     s8, -1(s1)
core   0: 3 0x80001476 (0xfff4cc03) x24 0x00000066 mem 0x80010b71
core   0: 0x8000147a (0xffc4de83) lhu     t4, -4(s1)
core   0: 3 0x8000147a (0xffc4de83) x29 0x00002425 mem 0x80010b6e
core   0: 0x8000147e (0x0024db03) lhu     s6, 2(s1)
core   0: 3 0x8000147e (0x0024db03) x22 0x00002e2f mem 0x80010b74
core   0: 0x80001482 (0x0024d503) lhu     a0, 2(s1)
core   0: 3 0x80001482 (0x0024d503) x10 0x00002e2f mem 0x80010b74
core   0: 0x80001486 (0x00010297) auipc   t0, 0x10
core   0: 3 0x80001486 (0x00010297) x5  0x80011486
core   0: 0x8000148a (0xae028293) addi    t0, t0, -1312
core   0: 3 0x8000148a (0xae028293) x5  0x80010f66
core   0: 0x8000148e (0x00008dd9) c.or    a1, a4
core   0: 3 0x8000148e (0x8dd9) x11 0xffffffef
core   0: 0x80001490 (0x39fc8993) addi    s3, s9, 927
core   0: 3 0x80001490 (0x39fc8993) x19 0x00000489
core   0: 0x80001494 (0x019280a3) sb      s9, 1(t0)
core   0: 3 0x80001494 (0x019280a3) mem 0x80010f67 0xea
core   0: 0x80001498 (0x039e86b3) mul     a3, t4, s9
core   0: 3 0x80001498 (0x039e86b3) x13 0x002109d2
core   0: 0x8000149c (0x00008fbd) c.xor   a5, a5
core   0: 3 0x8000149c (0x8fbd) x15 0x00000000
core   0: 0x8000149e (0x00009a7d) c.andi  a2, -1
core   0: 3 0x8000149e (0x9a7d) x12 0xffff8283
core   0: 0x800014a0 (0x034697b3) mulh    a5, a3, s4
core   0: 3 0x800014a0 (0x034697b3) x15 0xffef7b65
core   0: 0x800014a4 (0x6207c313) xori    t1, a5, 1568
core   0: 3 0x800014a4 (0x6207c313) x6  0xffef7d45
core   0: 0x800014a8 (0x000088c6) c.mv    a7, a7
core   0: 3 0x800014a8 (0x88c6) x17 0x0000002a
core   0: 0x800014aa (0x00d226b3) slt     a3, tp, a3
core   0: 3 0x800014aa (0x00d226b3) x13 0x00000001
core   0: 0x800014ae (0x00a2d403) lhu     s0, 10(t0)
core   0: 3 0x800014ae (0x00a2d403) x8  0x00002a2b mem 0x80010f70
core   0: 0x800014b2 (0x0096d433) srl     s0, a3, s1
core   0: 3 0x800014b2 (0x0096d433) x8  0x00000000
core   0: 0x800014b6 (0x02289233) mulh    tp, a7, sp
core   0: 3 0x800014b6 (0x02289233) x4  0xfffffffd
core   0: 0x800014ba (0x00c28f83) lb      t6, 12(t0)
core   0: 3 0x800014ba (0x00c28f83) x31 0x00000029 mem 0x80010f72
core   0: 0x800014be (0x028a17b3) mulh    a5, s4, s0
core   0: 3 0x800014be (0x028a17b3) x15 0x00000000
core   0: 0x800014c2 (0x00008c59) c.or    s0, a4
core   0: 3 0x800014c2 (0x8c59) x8  0xffffffe9
core   0: 0x800014c4 (0x412e0333) sub     t1, t3, s2
core   0: 3 0x800014c4 (0x412e0333) x6  0x00003faa
core   0: 0x800014c8 (0x00000c85) c.addi  s9, 1
core   0: 3 0x800014c8 (0x0c85) x25 0x000000eb
core   0: 0x800014ca (0x409b5f93) srai    t6, s6, 9
core   0: 3 0x800014ca (0x409b5f93) x31 0x00000017
core   0: 0x800014ce (0xff7288a3) sb      s7, -15(t0)
core   0: 3 0x800014ce (0xff7288a3) mem 0x80010f57 0x01
core   0: 0x800014d2 (0xffb28683) lb      a3, -5(t0)
core   0: 3 0x800014d2 (0xffb28683) x13 0xffffff9d mem 0x80010f61
core   0: 0x800014d6 (0xff928883) lb      a7, -7(t0)
core   0: 3 0x800014d6 (0xff928883) x17 0x00000014 mem 0x80010f5f
core   0: 0x800014da (0x0000082a) c.slli  a6, 10
core   0: 3 0x800014da (0x082a) x16 0x00019800
core   0: 0x800014dc (0xff82de83) lhu     t4, -8(t0)
core   0: 3 0x800014dc (0xff82de83) x29 0x00001415 mem 0x80010f5e
core   0: 0x800014e0 (0xfe028ca3) sb      zero, -7(t0)
core   0: 3 0x800014e0 (0xfe028ca3) mem 0x80010f5f 0x00
core   0: 0x800014e4 (0x00d47e33) and     t3, s0, a3
core   0: 3 0x800014e4 (0x00d47e33) x28 0xffffff89
core   0: 0x800014e8 (0x00000001) c.nop
core   0: 3 0x800014e8 (0x0001)
core   0: 0x800014ea (0x00009ce6) c.add   s9, s9
core   0: 3 0x800014ea (0x9ce6) x25 0x000001d6
core   0: 0x800014ec (0x41b7d913) srai    s2, a5, 27
core   0: 3 0x800014ec (0x41b7d913) x18 0x00000000
core   0: 0x800014f0 (0x0094deb3) srl     t4, s1, s1
core   0: 3 0x800014f0 (0x0094deb3) x29 0x00002000
core   0: 0x800014f4 (0xffc2c683) lbu     a3, -4(t0)
core   0: 3 0x800014f4 (0xffc2c683) x13 0x00000002 mem 0x80010f62
core   0: 0x800014f8 (0x7e8c8713) addi    a4, s9, 2024
core   0: 3 0x800014f8 (0x7e8c8713) x14 0x000009be
core   0: 0x800014fc (0x00429123) sh      tp, 2(t0)
core   0: 3 0x800014fc (0x00429123) mem 0x80010f68 0xfffd
core   0: 0x80001500 (0x41678bb3) sub     s7, a5, s6
core   0: 3 0x80001500 (0x41678bb3) x23 0xffffd1d1
core   0: 0x80001504 (0x00605393) srli    t2, zero, 6
core   0: 3 0x80001504 (0x00605393) x7  0x00000000
core   0: 0x80001508 (0x00008d49) c.or    a0, a0
core   0: 3 0x80001508 (0x8d49) x10 0x00002e2f
core   0: 0x8000150a (0x0000824e) c.mv    tp, s3
core   0: 3 0x8000150a (0x824e) x4  0x00000489
core   0: 0x8000150c (0x00008ed1) c.or    a3, a2
core   0: 3 0x8000150c (0x8ed1) x13 0xffff8283
core   0: 0x8000150e (0x00008fc6) c.mv    t6, a7
core   0: 3 0x8000150e (0x8fc6) x31 0x00000014
core   0: 0x80001510 (0xffe2c483) lbu     s1, -2(t0)
core   0: 3 0x80001510 (0xffe2c483) x9  0x0000001f mem 0x80010f64
core   0: 0x80001514 (0x0260036f) jal     t1, pc + 0x26
core   0: 3 0x80001514 (0x0260036f) x6  0x80001518
core   0: 0x8000153a (0x0000bff9) c.j     pc - 34
core   0: 3 0x8000153a (0xbff9)
core   0: 0x80001518 (0x0000203d) c.jal   pc + 46
core   0: 3 0x80001518 (0x203d) x1  0x8000151a
core   0: 0x80001546 (0x00003fe1) c.jal   pc - 40
core   0: 3 0x80001546 (0x3fe1) x1  0x80001548
core   0: 0x8000151e (0x0000a011) c.j     pc + 4
core   0: 3 0x8000151e (0xa011)
core   0: 0x80001522 (0x01c000ef) jal     pc + 0x1c
core   0: 3 0x80001522 (0x01c000ef) x1  0x80001526
core   0: 0x8000153e (0x00003ffd) c.jal   pc - 2
core   0: 3 0x8000153e (0x3ffd) x1  0x80001540
core   0: 0x8000153c (0x0000bfe5) c.j     pc - 8
core   0: 3 0x8000153c (0xbfe5)
core   0: 0x80001534 (0x0000b7dd) c.j     pc - 26
core   0: 3 0x80001534 (0xb7dd)
core   0: 0x8000151a (0x00002809) c.jal   pc + 18
core   0: 3 0x8000151a (0x2809) x1  0x8000151c
core   0: 0x8000152c (0xff5ff0ef) jal     pc - 0xc
core   0: 3 0x8000152c (0xff5ff0ef) x1  0x80001530
core   0: 0x80001520 (0x00002019) c.jal   pc + 6
core   0: 3 0x80001520 (0x2019) x1  0x80001522
core   0: 0x80001526 (0x0040036f) jal     t1, pc + 0x4
core   0: 3 0x80001526 (0x0040036f) x6  0x8000152a
core   0: 0x8000152a (0x00002829) c.jal   pc + 26
core   0: 3 0x8000152a (0x2829) x1  0x8000152c
core   0: 0x80001544 (0x00003ff5) c.jal   pc - 4
core   0: 3 0x80001544 (0x3ff5) x1  0x80001546
core   0: 0x80001540 (0xfddff0ef) jal     pc - 0x24
core   0: 3 0x80001540 (0xfddff0ef) x1  0x80001544
core   0: 0x8000151c (0x0000a811) c.j     pc + 20
core   0: 3 0x8000151c (0xa811)
core   0: 0x80001530 (0x006000ef) jal     pc + 0x6
core   0: 3 0x80001530 (0x006000ef) x1  0x80001534
core   0: 0x80001536 (0x012000ef) jal     pc + 0x12
core   0: 3 0x80001536 (0x012000ef) x1  0x8000153a
core   0: 0x80001548 (0x012b4893) xori    a7, s6, 18
core   0: 3 0x80001548 (0x012b4893) x17 0x00002e3d
core   0: 0x8000154c (0x01c0036f) jal     t1, pc + 0x1c
core   0: 3 0x8000154c (0x01c0036f) x6  0x80001550
core   0: 0x80001568 (0x0000bfdd) c.j     pc - 10
core   0: 3 0x80001568 (0xbfdd)
core   0: 0x8000155e (0x006007ef) jal     a5, pc + 0x6
core   0: 3 0x8000155e (0x006007ef) x15 0x80001562
core   0: 0x80001564 (0xff1ff36f) jal     t1, pc - 0x10
core   0: 3 0x80001564 (0xff1ff36f) x6  0x80001568
core   0: 0x80001554 (0xffdff0ef) jal     pc - 0x4
core   0: 3 0x80001554 (0xffdff0ef) x1  0x80001558
core   0: 0x80001550 (0x00002831) c.jal   pc + 28
core   0: 3 0x80001550 (0x2831) x1  0x80001552
core   0: 0x8000156c (0xff7ff0ef) jal     pc - 0xa
core   0: 3 0x8000156c (0xff7ff0ef) x1  0x80001570
core   0: 0x80001562 (0x00003fdd) c.jal   pc - 10
core   0: 3 0x80001562 (0x3fdd) x1  0x80001564
core   0: 0x80001558 (0xffbff0ef) jal     pc - 0x6
core   0: 3 0x80001558 (0xffbff0ef) x1  0x8000155c
core   0: 0x80001552 (0x0000a029) c.j     pc + 10
core   0: 3 0x80001552 (0xa029)
core   0: 0x8000155c (0x00002811) c.jal   pc + 20
core   0: 3 0x8000155c (0x2811) x1  0x8000155e
core   0: 0x80001570 (0xffbff0ef) jal     pc - 0x6
core   0: 3 0x80001570 (0xffbff0ef) x1  0x80001574
core   0: 0x8000156a (0x00002029) c.jal   pc + 10
core   0: 3 0x8000156a (0x2029) x1  0x8000156c
core   0: 0x80001574 (0x67a7b213) sltiu   tp, a5, 1658
core   0: 3 0x80001574 (0x67a7b213) x4  0x00000000
core   0: 0x80001578 (0x0000f297) auipc   t0, 0xf
core   0: 3 0x80001578 (0x0000f297) x5  0x80010578
core   0: 0x8000157c (0xcee28293) addi    t0, t0, -786
core   0: 3 0x8000157c (0xcee28293) x5  0x80010266
core   0: 0x80001580 (0xaa277413) andi    s0, a4, -1374
core   0: 3 0x80001580 (0xaa277413) x8  0x000008a2
core   0: 0x80001584 (0x029280a3) sb      s1, 33(t0)
core   0: 3 0x80001584 (0x029280a3) mem 0x80010287 0x1f
core   0: 0x80001588 (0x00000429) c.addi  s0, 10
core   0: 3 0x80001588 (0x0429) x8  0x000008ac
core   0: 0x8000158a (0x000083a6) c.mv    t2, s1
core   0: 3 0x8000158a (0x83a6) x7  0x0000001f
core   0: 0x8000158c (0x00974533) xor     a0, a4, s1
core   0: 3 0x8000158c (0x00974533) x10 0x000009a1
core   0: 0x80001590 (0x00e75433) srl     s0, a4, a4
core   0: 3 0x80001590 (0x00e75433) x8  0x00000000
core   0: 0x80001594 (0xfc22c403) lbu     s0, -62(t0)
core   0: 3 0x80001594 (0xfc22c403) x8  0x000000e3 mem 0x80010228
core   0: 0x80001598 (0xfc429483) lh      s1, -60(t0)
core   0: 3 0x80001598 (0xfc429483) x9  0xffffe0e1 mem 0x8001022a
core   0: 0x8000159c (0x0112c403) lbu     s0, 17(t0)
core   0: 3 0x8000159c (0x0112c403) x8  0x0000002c mem 0x80010277
core   0: 0x800015a0 (0x4133d493) srai    s1, t2, 19
core   0: 3 0x800015a0 (0x4133d493) x9  0x00000000
core   0: 0x800015a4 (0xfec2d403) lhu     s0, -20(t0)
core   0: 3 0x800015a4 (0xfec2d403) x8  0x00000809 mem 0x80010252
core   0: 0x800015a8 (0xfcf29823) sh      a5, -48(t0)
core   0: 3 0x800015a8 (0xfcf29823) mem 0x80010236 0x1562
core   0: 0x800015ac (0x0162d383) lhu     t2, 22(t0)
core   0: 3 0x800015ac (0x0162d383) x7  0x00003637 mem 0x8001027c
core   0: 0x800015b0 (0x00f517b3) sll     a5, a0, a5
core   0: 3 0x800015b0 (0x00f517b3) x15 0x00002684
core   0: 0x800015b4 (0xfca2a783) lw      a5, -54(t0)
core   0: 3 0x800015b4 (0xfca2a783) x15 0xe8e9eaeb mem 0x80010230
core   0: 0x800015b8 (0x00829a23) sh      s0, 20(t0)
core   0: 3 0x800015b8 (0x00829a23) mem 0x8001027a 0x0809
core   0: 0x800015bc (0x0000839e) c.mv    t2, t2
core   0: 3 0x800015bc (0x839e) x7  0x00003637
core   0: 0x800015be (0x01e45513) srli    a0, s0, 30
core   0: 3 0x800015be (0x01e45513) x10 0x00000000
core   0: 0x800015c2 (0x02f28fa3) sb      a5, 63(t0)
core   0: 3 0x800015c2 (0x02f28fa3) mem 0x800102a5 0xeb
core   0: 0x800015c6 (0x00e38433) add     s0, t2, a4
core   0: 3 0x800015c6 (0x00e38433) x8  0x00003ff5
core   0: 0x800015ca (0x007444b3) xor     s1, s0, t2
core   0: 3 0x800015ca (0x007444b3) x9  0x000009c2
core   0: 0x800015ce (0x00008cd9) c.or    s1, a4
core   0: 3 0x800015ce (0x8cd9) x9  0x000009fe
core   0: 0x800015d0 (0xfef28383) lb      t2, -17(t0)
core   0: 3 0x800015d0 (0xfef28383) x7  0x0000000e mem 0x80010255
core   0: 0x800015d4 (0x0000949e) c.add   s1, t2
core   0: 3 0x800015d4 (0x949e) x9  0x00000a0c
core   0: 0x800015d6 (0x00f393b3) sll     t2, t2, a5
core   0: 3 0x800015d6 (0x00f393b3) x7  0x00007000
core   0: 0x800015da (0x00000001) c.nop
core   0: 3 0x800015da (0x0001)
core   0: 0x800015dc (0x0000051a) c.slli  a0, 6
core   0: 3 0x800015dc (0x051a) x10 0x00000000
core   0: 0x800015de (0x00008ca5) c.xor   s1, s1
core   0: 3 0x800015de (0x8ca5) x9  0x00000000
core   0: 0x800015e0 (0x03a2d383) lhu     t2, 58(t0)
core   0: 3 0x800015e0 (0x03a2d383) x7  0x00005a5b mem 0x800102a0
core   0: 0x800015e4 (0x00008ffd) c.and   a5, a5
core   0: 3 0x800015e4 (0x8ffd) x15 0xe8e9eaeb
core   0: 0x800015e6 (0x02e284a3) sb      a4, 41(t0)
core   0: 3 0x800015e6 (0x02e284a3) mem 0x8001028f 0xbe
core   0: 0x800015ea (0xfcf28703) lb      a4, -49(t0)
core   0: 3 0x800015ea (0xfcf28703) x14 0xffffffee mem 0x80010235
core   0: 0x800015ee (0xd23a23b7) lui     t2, 0xd23a2
core   0: 3 0x800015ee (0xd23a23b7) x7  0xd23a2000
core   0: 0x800015f2 (0x008397b3) sll     a5, t2, s0
core   0: 3 0x800015f2 (0x008397b3) x15 0x00000000
core   0: 0x800015f6 (0x01e2d403) lhu     s0, 30(t0)
core   0: 3 0x800015f6 (0x01e2d403) x8  0x00003e3f mem 0x80010284
core   0: 0x800015fa (0x00008905) c.andi  a0, 1
core   0: 3 0x800015fa (0x8905) x10 0x00000000
core   0: 0x800015fc (0x03128403) lb      s0, 49(t0)
core   0: 3 0x800015fc (0x03128403) x8  0x0000004c mem 0x80010297
core   0: 0x80001600 (0xfc72c703) lbu     a4, -57(t0)
core   0: 3 0x80001600 (0xfc72c703) x14 0x000000e6 mem 0x8001022d
core   0: 0x80001604 (0x00004779) c.li    a4, 30
core   0: 3 0x80001604 (0x4779) x14 0x0000001e
core   0: 0x80001606 (0x02e2d383) lhu     t2, 46(t0)
core   0: 3 0x80001606 (0x02e2d383) x7  0x00004e4f mem 0x80010294
core   0: 0x8000160a (0x01d2c403) lbu     s0, 29(t0)
core   0: 3 0x8000160a (0x01d2c403) x8  0x00000038 mem 0x80010283
core   0: 0x8000160e (0xfe729d23) sh      t2, -6(t0)
core   0: 3 0x8000160e (0xfe729d23) mem 0x80010260 0x4e4f
core   0: 0x80001612 (0x00f28e23) sb      a5, 28(t0)
core   0: 3 0x80001612 (0x00f28e23) mem 0x80010282 0x00
core   0: 0x80001616 (0xff02c483) lbu     s1, -16(t0)
core   0: 3 0x80001616 (0xff02c483) x9  0x0000000d mem 0x80010256
core   0: 0x8000161a (0xfc52c483) lbu     s1, -59(t0)
core   0: 3 0x8000161a (0xfc52c483) x9  0x000000e0 mem 0x8001022b
core   0: 0x8000161e (0x03d2c783) lbu     a5, 61(t0)
core   0: 3 0x8000161e (0x03d2c783) x15 0x00000058 mem 0x800102a3
core   0: 0x80001622 (0xff42d403) lhu     s0, -12(t0)
core   0: 3 0x80001622 (0xff42d403) x8  0x00001011 mem 0x8001025a
core   0: 0x80001626 (0x01d28383) lb      t2, 29(t0)
core   0: 3 0x80001626 (0x01d28383) x7  0x00000038 mem 0x80010283
core   0: 0x8000162a (0xfee28f23) sb      a4, -2(t0)
core   0: 3 0x8000162a (0xfee28f23) mem 0x80010264 0x1e
core   0: 0x8000162e (0x02f75433) divu    s0, a4, a5
core   0: 3 0x8000162e (0x02f75433) x8  0x00000000
core   0: 0x80001632 (0x03d28383) lb      t2, 61(t0)
core   0: 3 0x80001632 (0x03d28383) x7  0x00000058 mem 0x800102a3
core   0: 0x80001636 (0x00015d17) auipc   s10, 0x15
core   0: 3 0x80001636 (0x00015d17) x26 0x80016636
core   0: 0x8000163a (0x5a7d0d13) addi    s10, s10, 1447
core   0: 3 0x8000163a (0x5a7d0d13) x26 0x80016bdd
core   0: 0x8000163e (0xf68d4483) lbu     s1, -152(s10)
core   0: 3 0x8000163e (0xf68d4483) x9  0x000000fe mem 0x80016b45
core   0: 0x80001642 (0x00cd02a3) sb      a2, 5(s10)
core   0: 3 0x80001642 (0x00cd02a3) mem 0x80016be2 0x83
core   0: 0x80001646 (0x005d0483) lb      s1, 5(s10)
core   0: 3 0x80001646 (0x005d0483) x9  0xffffff83 mem 0x80016be2
core   0: 0x8000164a (0x02bd0123) sb      a1, 34(s10)
core   0: 3 0x8000164a (0x02bd0123) mem 0x80016bff 0xef
core   0: 0x8000164e (0x03ad0123) sb      s10, 34(s10)
core   0: 3 0x8000164e (0x03ad0123) mem 0x80016bff 0xdd
core   0: 0x80001652 (0x022d4283) lbu     t0, 34(s10)
core   0: 3 0x80001652 (0x022d4283) x5  0x000000dd mem 0x80016bff
core   0: 0x80001656 (0x400ed533) sra     a0, t4, zero
core   0: 3 0x80001656 (0x400ed533) x10 0x00002000
core   0: 0x8000165a (0x025d0123) sb      t0, 34(s10)
core   0: 3 0x8000165a (0x025d0123) mem 0x80016bff 0xdd
core   0: 0x8000165e (0x022d0b83) lb      s7, 34(s10)
core   0: 3 0x8000165e (0x022d0b83) x23 0xffffffdd mem 0x80016bff
core   0: 0x80001662 (0x022d0003) lb      zero, 34(s10)
core   0: 3 0x80001662 (0x022d0003) mem 0x80016bff
core   0: 0x80001666 (0x0fcd0b03) lb      s6, 252(s10)
core   0: 3 0x80001666 (0x0fcd0b03) x22 0xffffff92 mem 0x80016cd9
core   0: 0x8000166a (0x00008fd1) c.or    a5, a2
core   0: 3 0x8000166a (0x8fd1) x15 0xffff82db
core   0: 0x8000166c (0x0fcd0503) lb      a0, 252(s10)
core   0: 3 0x8000166c (0x0fcd0503) x10 0xffffff92 mem 0x80016cd9
core   0: 0x80001670 (0x0000ff17) auipc   t5, 0xf
core   0: 3 0x80001670 (0x0000ff17) x30 0x80010670
core   0: 0x80001674 (0xccbf0f13) addi    t5, t5, -821
core   0: 3 0x80001674 (0xccbf0f13) x30 0x8001033b
core   0: 0x80001678 (0x0113c633) xor     a2, t2, a7
core   0: 3 0x80001678 (0x0113c633) x12 0x00002e65
core   0: 0x8000167c (0x02ce3c33) mulhu   s8, t3, a2
core   0: 3 0x8000167c (0x02ce3c33) x24 0x00002e64
core   0: 0x80001680 (0xffcf4603) lbu     a2, -4(t5)
core   0: 3 0x80001680 (0xffcf4603) x12 0x000000ec mem 0x80010337
core   0: 0x80001684 (0xff1f5603) lhu     a2, -15(t5)
core   0: 3 0x80001684 (0xff1f5603) x12 0x0000e6e7 mem 0x8001032c
core   0: 0x80001688 (0xff8f0783) lb      a5, -8(t5)
core   0: 3 0x80001688 (0xff8f0783) x15 0xffffffe8 mem 0x80010333
core   0: 0x8000168c (0x92288793) addi    a5, a7, -1758
core   0: 3 0x8000168c (0x92288793) x15 0x0000275f
core   0: 0x80001690 (0xfecf0b23) sb      a2, -10(t5)
core   0: 3 0x80001690 (0xfecf0b23) mem 0x80010331 0xe7
core   0: 0x80001694 (0x00008391) c.srli  a5, 4
core   0: 3 0x80001694 (0x8391) x15 0x00000275
core   0: 0x80001696 (0xff3f1783) lh      a5, -13(t5)
core   0: 3 0x80001696 (0xff3f1783) x15 0xffffe4e5 mem 0x8001032e
core   0: 0x8000169a (0x02ce0633) mul     a2, t3, a2
core   0: 3 0x8000169a (0x02ce0633) x12 0xff94aa9f
core   0: 0x8000169e (0xff0f0383) lb      t2, -16(t5)
core   0: 3 0x8000169e (0xff0f0383) x7  0xffffffe0 mem 0x8001032b
core   0: 0x800016a2 (0xffef4883) lbu     a7, -2(t5)
core   0: 3 0x800016a2 (0xffef4883) x17 0x000000f2 mem 0x80010339
core   0: 0x800016a6 (0xe0f7ec13) ori     s8, a5, -497
core   0: 3 0x800016a6 (0xe0f7ec13) x24 0xfffffeef
core   0: 0x800016aa (0x81fe3793) sltiu   a5, t3, -2017
core   0: 3 0x800016aa (0x81fe3793) x15 0x00000000
core   0: 0x800016ae (0xff8f4883) lbu     a7, -8(t5)
core   0: 3 0x800016ae (0xff8f4883) x17 0x000000e8 mem 0x80010333
core   0: 0x800016b2 (0xffef4c03) lbu     s8, -2(t5)
core   0: 3 0x800016b2 (0xffef4c03) x24 0x000000f2 mem 0x80010339
core   0: 0x800016b6 (0x407383b3) sub     t2, t2, t2
core   0: 3 0x800016b6 (0x407383b3) x7  0x00000000
core   0: 0x800016ba (0x0000939e) c.add   t2, t2
core   0: 3 0x800016ba (0x939e) x7  0x00000000
core   0: 0x800016bc (0x000083e9) c.srli  a5, 26
core   0: 3 0x800016bc (0x83e9) x15 0x00000000
core   0: 0x800016be (0x0118d633) srl     a2, a7, a7
core   0: 3 0x800016be (0x0118d633) x12 0x00000000
core   0: 0x800016c2 (0x00008e11) c.sub   a2, a2
core   0: 3 0x800016c2 (0x8e11) x12 0x00000000
core   0: 0x800016c4 (0x00ff01a3) sb      a5, 3(t5)
core   0: 3 0x800016c4 (0x00ff01a3) mem 0x8001033e 0x00
core   0: 0x800016c8 (0x01cf16a3) sh      t3, 13(t5)
core   0: 3 0x800016c8 (0x01cf16a3) mem 0x80010348 0xff89
core   0: 0x800016cc (0x00bf5c03) lhu     s8, 11(t5)
core   0: 3 0x800016cc (0x00bf5c03) x24 0x0000fcfd mem 0x80010346
core   0: 0x800016d0 (0xffff4603) lbu     a2, -1(t5)
core   0: 3 0x800016d0 (0xffff4603) x12 0x000000f1 mem 0x8001033a
core   0: 0x800016d4 (0x01cf0823) sb      t3, 16(t5)
core   0: 3 0x800016d4 (0x01cf0823) mem 0x8001034b 0x89
core   0: 0x800016d8 (0x000067cd) c.lui   a5, 0x13
core   0: 3 0x800016d8 (0x67cd) x15 0x00013000
core   0: 0x800016da (0x00008ffd) c.and   a5, a5
core   0: 3 0x800016da (0x8ffd) x15 0x00013000
core   0: 0x800016dc (0x4158dc13) srai    s8, a7, 21
core   0: 3 0x800016dc (0x4158dc13) x24 0x00000000
core   0: 0x800016e0 (0x01a39c13) slli    s8, t2, 26
core   0: 3 0x800016e0 (0x01a39c13) x24 0x00000000
core   0: 0x800016e4 (0xd8a62c13) slti    s8, a2, -630
core   0: 3 0x800016e4 (0xd8a62c13) x24 0x00000000
core   0: 0x800016e8 (0x00fe73b3) and     t2, t3, a5
core   0: 3 0x800016e8 (0x00fe73b3) x7  0x00013000
core   0: 0x800016ec (0x00fe6c33) or      s8, t3, a5
core   0: 3 0x800016ec (0x00fe6c33) x24 0xffffff89
core   0: 0x800016f0 (0xffaf4383) lbu     t2, -6(t5)
core   0: 3 0x800016f0 (0xffaf4383) x7  0x000000ee mem 0x80010335
core   0: 0x800016f4 (0xffbf5383) lhu     t2, -5(t5)
core   0: 3 0x800016f4 (0xffbf5383) x7  0x0000eced mem 0x80010336
core   0: 0x800016f8 (0xfeff0fa3) sb      a5, -1(t5)
core   0: 3 0x800016f8 (0xfeff0fa3) mem 0x8001033a 0x00
core   0: 0x800016fc (0x0388c8b3) div     a7, a7, s8
core   0: 3 0x800016fc (0x0388c8b3) x17 0xffffffff
core   0: 0x80001700 (0x40ac5c13) srai    s8, s8, 10
core   0: 3 0x80001700 (0x40ac5c13) x24 0xffffffff
core   0: 0x80001704 (0x00cf11a3) sh      a2, 3(t5)
core   0: 3 0x80001704 (0x00cf11a3) mem 0x8001033e 0x00f1
core   0: 0x80001708 (0x00008e1d) c.sub   a2, a5
core   0: 3 0x80001708 (0x8e1d) x12 0xfffed0f1
core   0: 0x8000170a (0x00ff0823) sb      a5, 16(t5)
core   0: 3 0x8000170a (0x00ff0823) mem 0x8001034b 0x00
core   0: 0x8000170e (0x00765893) srli    a7, a2, 7
core   0: 3 0x8000170e (0x00765893) x17 0x01fffda1
core   0: 0x80001712 (0x005f2383) lw      t2, 5(t5)
core   0: 3 0x80001712 (0x005f2383) x7  0xf8f9fafb mem 0x80010340
core   0: 0x80001716 (0xff8f0e23) sb      s8, -4(t5)
core   0: 3 0x80001716 (0xff8f0e23) mem 0x80010337 0xff
core   0: 0x8000171a (0x00010597) auipc   a1, 0x10
core   0: 3 0x8000171a (0x00010597) x11 0x8001171a
core   0: 0x8000171e (0x8ba58593) addi    a1, a1, -1862
core   0: 3 0x8000171e (0x8ba58593) x11 0x80010fd4
core   0: 0x80001722 (0xfe7581a3) sb      t2, -29(a1)
core   0: 3 0x80001722 (0xfe7581a3) mem 0x80010fb7 0xfb
core   0: 0x80001726 (0xfe358e83) lb      t4, -29(a1)
core   0: 3 0x80001726 (0xfe358e83) x29 0xfffffffb mem 0x80010fb7
core   0: 0x8000172a (0x03258f83) lb      t6, 50(a1)
core   0: 3 0x8000172a (0x03258f83) x31 0xffffffbd mem 0x80011006
core   0: 0x8000172e (0x0302a9b3) mulhsu  s3, t0, a6
core   0: 3 0x8000172e (0x0302a9b3) x19 0x00000000
core   0: 0x80001732 (0x00008d21) c.xor   a0, s0
core   0: 3 0x80001732 (0x8d21) x10 0xffffff92
core   0: 0x80001734 (0x0109d213) srli    tp, s3, 16
core   0: 3 0x80001734 (0x0109d213) x4  0x00000000
core   0: 0x80001738 (0x03258983) lb      s3, 50(a1)
core   0: 3 0x80001738 (0x03258983) x19 0xffffffbd mem 0x80011006
core   0: 0x8000173c (0x02958923) sb      s1, 50(a1)
core   0: 3 0x8000173c (0x02958923) mem 0x80011006 0x83
core   0: 0x80001740 (0x0117eb33) or      s6, a5, a7
core   0: 3 0x80001740 (0x0117eb33) x22 0x01fffda1
core   0: 0x80001744 (0x03258923) sb      s2, 50(a1)
core   0: 3 0x80001744 (0x03258923) mem 0x80011006 0x00
core   0: 0x80001748 (0xfd05ab03) lw      s6, -48(a1)
core   0: 3 0x80001748 (0xfd05ab03) x22 0x5c5d9d24 mem 0x80010fa4
core   0: 0x8000174c (0x06a59e83) lh      t4, 106(a1)
core   0: 3 0x8000174c (0x06a59e83) x29 0xfffff4f5 mem 0x8001103e
core   0: 0x80001750 (0x06a5d483) lhu     s1, 106(a1)
core   0: 3 0x80001750 (0x06a5d483) x9  0x0000f4f5 mem 0x8001103e
core   0: 0x80001754 (0x00e51993) slli    s3, a0, 14
core   0: 3 0x80001754 (0x00e51993) x19 0xffe48000
core   0: 0x80001758 (0x032514b3) mulh    s1, a0, s2
core   0: 3 0x80001758 (0x032514b3) x9  0x00000000
core   0: 0x8000175c (0xf0b5cb83) lbu     s7, -245(a1)
core   0: 3 0x8000175c (0xf0b5cb83) x23 0x00000094 mem 0x80010edf
core   0: 0x80001760 (0xf915cb83) lbu     s7, -111(a1)
core   0: 3 0x80001760 (0xf915cb83) x23 0x0000001e mem 0x80010f65
core   0: 0x80001764 (0x0000fe17) auipc   t3, 0xf
core   0: 3 0x80001764 (0x0000fe17) x28 0x80010764
core   0: 0x80001768 (0x7c8e0e13) addi    t3, t3, 1992
core   0: 3 0x80001768 (0x7c8e0e13) x28 0x80010f2c
core   0: 0x8000176c (0xf08e0923) sb      s0, -238(t3)
core   0: 3 0x8000176c (0xf08e0923) mem 0x80010e3e 0x00
core   0: 0x80001770 (0xf12e4b83) lbu     s7, -238(t3)
core   0: 3 0x80001770 (0xf12e4b83) x23 0x00000000 mem 0x80010e3e
core   0: 0x80001774 (0xf8be4483) lbu     s1, -117(t3)
core   0: 3 0x80001774 (0xf8be4483) x9  0x0000006c mem 0x80010eb7
core   0: 0x80001778 (0xf84e05a3) sb      tp, -117(t3)
core   0: 3 0x80001778 (0xf84e05a3) mem 0x80010eb7 0x00
core   0: 0x8000177c (0xf1ee0523) sb      t5, -246(t3)
core   0: 3 0x8000177c (0xf1ee0523) mem 0x80010e36 0x3b
core   0: 0x80001780 (0xf17e0583) lb      a1, -233(t3)
core   0: 3 0x80001780 (0xf17e0583) x11 0xfffffff8 mem 0x80010e43
core   0: 0x80001784 (0xf17e0003) lb      zero, -233(t3)
core   0: 3 0x80001784 (0xf17e0003) mem 0x80010e43
core   0: 0x80001788 (0xf14e0ba3) sb      s4, -233(t3)
core   0: 3 0x80001788 (0xf14e0ba3) mem 0x80010e43 0xa4
core   0: 0x8000178c (0xfd6e5383) lhu     t2, -42(t3)
core   0: 3 0x8000178c (0xfd6e5383) x7  0x0000b8b9 mem 0x80010f02
core   0: 0x80001790 (0xfd6e5083) lhu     ra, -42(t3)
core   0: 3 0x80001790 (0xfd6e5083) x1  0x0000b8b9 mem 0x80010f02
core   0: 0x80001794 (0x0c9e4903) lbu     s2, 201(t3)
core   0: 3 0x80001794 (0x0c9e4903) x18 0x000000ae mem 0x80010ff5
core   0: 0x80001798 (0x027b4533) div     a0, s6, t2
core   0: 3 0x80001798 (0x027b4533) x10 0x00008001
core   0: 0x8000179c (0x017e0e83) lb      t4, 23(t3)
core   0: 3 0x8000179c (0x017e0e83) x29 0xfffffff8 mem 0x80010f43
core   0: 0x800017a0 (0xfaae4003) lbu     zero, -86(t3)
core   0: 3 0x800017a0 (0xfaae4003) mem 0x80010ed6
core   0: 0x800017a4 (0x02de4683) lbu     a3, 45(t3)
core   0: 3 0x800017a4 (0x02de4683) x13 0x00000012 mem 0x80010f59
core   0: 0x800017a8 (0x08ce4283) lbu     t0, 140(t3)
core   0: 3 0x800017a8 (0x08ce4283) x5  0x00000073 mem 0x80010fb8
core   0: 0x800017ac (0x088e1e23) sh      s0, 156(t3)
core   0: 3 0x800017ac (0x088e1e23) mem 0x80010fc8 0x0000
core   0: 0x800017b0 (0xfb1e0b03) lb      s6, -79(t3)
core   0: 3 0x800017b0 (0xfb1e0b03) x22 0xffffff96 mem 0x80010edd
core   0: 0x800017b4 (0x0001ef17) auipc   t5, 0x1e
core   0: 3 0x800017b4 (0x0001ef17) x30 0x8001f7b4
core   0: 0x800017b8 (0x37cf0f13) addi    t5, t5, 892
core   0: 3 0x800017b8 (0x37cf0f13) x30 0x8001fb30
core   0: 0x800017bc (0xc90f0183) lb      gp, -880(t5)
core   0: 3 0x800017bc (0xc90f0183) x3  0x0000007b mem 0x8001f7c0
core   0: 0x800017c0 (0x00979433) sll     s0, a5, s1
core   0: 3 0x800017c0 (0x00979433) x8  0x13000000
core   0: 0x800017c4 (0xc9ef2823) sw      t5, -880(t5)
core   0: 3 0x800017c4 (0xc9ef2823) mem 0x8001f7c0 0x8001fb30
core   0: 0x800017c8 (0xc9cf2823) sw      t3, -880(t5)
core   0: 3 0x800017c8 (0xc9cf2823) mem 0x8001f7c0 0x80010f2c
core   0: 0x800017cc (0xc9cf1823) sh      t3, -880(t5)
core   0: 3 0x800017cc (0xc9cf1823) mem 0x8001f7c0 0x0f2c
core   0: 0x800017d0 (0x690f0aa3) sb      a6, 1685(t5)
core   0: 3 0x800017d0 (0x690f0aa3) mem 0x800201c5 0x00
core   0: 0x800017d4 (0x695f4903) lbu     s2, 1685(t5)
core   0: 3 0x800017d4 (0x695f4903) x18 0x00000000 mem 0x800201c5
core   0: 0x800017d8 (0x691f0aa3) sb      a7, 1685(t5)
core   0: 3 0x800017d8 (0x691f0aa3) mem 0x800201c5 0xa1
core   0: 0x800017dc (0x695f4003) lbu     zero, 1685(t5)
core   0: 3 0x800017dc (0x695f4003) mem 0x800201c5
core   0: 0x800017e0 (0x000086ee) c.mv    a3, s11
core   0: 3 0x800017e0 (0x86ee) x13 0xffffffe5
core   0: 0x800017e2 (0x695f0c83) lb      s9, 1685(t5)
core   0: 3 0x800017e2 (0x695f0c83) x25 0xffffffa1 mem 0x800201c5
core   0: 0x800017e6 (0x695f4303) lbu     t1, 1685(t5)
core   0: 3 0x800017e6 (0x695f4303) x6  0x000000a1 mem 0x800201c5
core   0: 0x800017ea (0x000067ad) c.lui   a5, 0xb
core   0: 3 0x800017ea (0x67ad) x15 0x0000b000
core   0: 0x800017ec (0x695f4783) lbu     a5, 1685(t5)
core   0: 3 0x800017ec (0x695f4783) x15 0x000000a1 mem 0x800201c5
core   0: 0x800017f0 (0x695f0f83) lb      t6, 1685(t5)
core   0: 3 0x800017f0 (0x695f0f83) x31 0xffffffa1 mem 0x800201c5
core   0: 0x800017f4 (0x695f4283) lbu     t0, 1685(t5)
core   0: 3 0x800017f4 (0x695f4283) x5  0x000000a1 mem 0x800201c5
core   0: 0x800017f8 (0x695f4e83) lbu     t4, 1685(t5)
core   0: 3 0x800017f8 (0x695f4e83) x29 0x000000a1 mem 0x800201c5
core   0: 0x800017fc (0x695f4e03) lbu     t3, 1685(t5)
core   0: 3 0x800017fc (0x695f4e03) x28 0x000000a1 mem 0x800201c5
core   0: 0x80001800 (0x695f0003) lb      zero, 1685(t5)
core   0: 3 0x80001800 (0x695f0003) mem 0x800201c5
core   0: 0x80001804 (0x694f0aa3) sb      s4, 1685(t5)
core   0: 3 0x80001804 (0x694f0aa3) mem 0x800201c5 0xa4
core   0: 0x80001808 (0x00005f6d) c.li    t5, -5
core   0: 3 0x80001808 (0x5f6d) x30 0xfffffffb
core   0: 0x8000180a (0x006a45b3) xor     a1, s4, t1
core   0: 3 0x8000180a (0x006a45b3) x11 0x80025e05
core   0: 0x8000180e (0x02ca5e33) divu    t3, s4, a2
core   0: 3 0x8000180e (0x02ca5e33) x28 0x00000000
core   0: 0x80001812 (0xd5cc77b7) lui     a5, 0xd5cc7
core   0: 3 0x80001812 (0xd5cc77b7) x15 0xd5cc7000
core   0: 0x80001816 (0x00004819) c.li    a6, 6
core   0: 3 0x80001816 (0x4819) x16 0x00000006
core   0: 0x80001818 (0x000607b3) add     a5, a2, zero
core   0: 3 0x80001818 (0x000607b3) x15 0xfffed0f1
core   0: 0x8000181c (0x00008621) c.srai  a2, 8
core   0: 3 0x8000181c (0x8621) x12 0xfffffed0
core   0: 0x8000181e (0x01a569b3) or      s3, a0, s10
core   0: 3 0x8000181e (0x01a569b3) x19 0x8001ebdd
core   0: 0x80001822 (0x00000f05) c.addi  t5, 1
core   0: 3 0x80001822 (0x0f05) x30 0xfffffffc
core   0: 0x80001824 (0x00004e8d) c.li    t4, 3
core   0: 3 0x80001824 (0x4e8d) x29 0x00000003
core   0: 0x80001826 (0x00005d39) c.li    s10, -18
core   0: 3 0x80001826 (0x5d39) x26 0xffffffee
core   0: 0x80001828 (0x0086a4b3) slt     s1, a3, s0
core   0: 3 0x80001828 (0x0086a4b3) x9  0x00000001
core   0: 0x8000182c (0x00008d3d) c.xor   a0, a5
core   0: 3 0x8000182c (0x8d3d) x10 0xfffe50f0
core   0: 0x8000182e (0x41595893) srai    a7, s2, 21
core   0: 3 0x8000182e (0x41595893) x17 0x00000000
core   0: 0x80001832 (0x65dc8693) addi    a3, s9, 1629
core   0: 3 0x80001832 (0x65dc8693) x13 0x000005fe
core   0: 0x80001836 (0x028cec33) rem     s8, s9, s0
core   0: 3 0x80001836 (0x028cec33) x24 0xffffffa1
core   0: 0x8000183a (0x00001efd) c.addi  t4, -1
core   0: 3 0x8000183a (0x1efd) x29 0x00000002
core   0: 0x8000183c (0x02b6c033) div     zero, a3, a1
core   0: 3 0x8000183c (0x02b6c033)
core   0: 0x80001840 (0x00008da9) c.xor   a1, a0
core   0: 3 0x80001840 (0x8da9) x11 0x7ffc0ef5
core   0: 0x80001842 (0x0224c033) div     zero, s1, sp
core   0: 3 0x80001842 (0x0224c033)
core   0: 0x80001846 (0xffae96e3) bne     t4, s10, pc - 20
core   0: 3 0x80001846 (0xffae96e3)
core   0: 0x80001832 (0x65dc8693) addi    a3, s9, 1629
core   0: 3 0x80001832 (0x65dc8693) x13 0x000005fe
core   0: 0x80001836 (0x028cec33) rem     s8, s9, s0
core   0: 3 0x80001836 (0x028cec33) x24 0xffffffa1
core   0: 0x8000183a (0x00001efd) c.addi  t4, -1
core   0: 3 0x8000183a (0x1efd) x29 0x00000001
core   0: 0x8000183c (0x02b6c033) div     zero, a3, a1
core   0: 3 0x8000183c (0x02b6c033)
core   0: 0x80001840 (0x00008da9) c.xor   a1, a0
core   0: 3 0x80001840 (0x8da9) x11 0x80025e05
core   0: 0x80001842 (0x0224c033) div     zero, s1, sp
core   0: 3 0x80001842 (0x0224c033)
core   0: 0x80001846 (0xffae96e3) bne     t4, s10, pc - 20
core   0: 3 0x80001846 (0xffae96e3)
core   0: 0x80001832 (0x65dc8693) addi    a3, s9, 1629
core   0: 3 0x80001832 (0x65dc8693) x13 0x000005fe
core   0: 0x80001836 (0x028cec33) rem     s8, s9, s0
core   0: 3 0x80001836 (0x028cec33) x24 0xffffffa1
core   0: 0x8000183a (0x00001efd) c.addi  t4, -1
core   0: 3 0x8000183a (0x1efd) x29 0x00000000
core   0: 0x8000183c (0x02b6c033) div     zero, a3, a1
core   0: 3 0x8000183c (0x02b6c033)
core   0: 0x80001840 (0x00008da9) c.xor   a1, a0
core   0: 3 0x80001840 (0x8da9) x11 0x7ffc0ef5
core   0: 0x80001842 (0x0224c033) div     zero, s1, sp
core   0: 3 0x80001842 (0x0224c033)
core   0: 0x80001846 (0xffae96e3) bne     t4, s10, pc - 20
core   0: 3 0x80001846 (0xffae96e3)
core   0: 0x80001832 (0x65dc8693) addi    a3, s9, 1629
core   0: 3 0x80001832 (0x65dc8693) x13 0x000005fe
core   0: 0x80001836 (0x028cec33) rem     s8, s9, s0
core   0: 3 0x80001836 (0x028cec33) x24 0xffffffa1
core   0: 0x8000183a (0x00001efd) c.addi  t4, -1
core   0: 3 0x8000183a (0x1efd) x29 0xffffffff
core   0: 0x8000183c (0x02b6c033) div     zero, a3, a1
core   0: 3 0x8000183c (0x02b6c033)
core   0: 0x80001840 (0x00008da9) c.xor   a1, a0
core   0: 3 0x80001840 (0x8da9) x11 0x80025e05
core   0: 0x80001842 (0x0224c033) div     zero, s1, sp
core   0: 3 0x80001842 (0x0224c033)
core   0: 0x80001846 (0xffae96e3) bne     t4, s10, pc - 20
core   0: 3 0x80001846 (0xffae96e3)
core   0: 0x80001832 (0x65dc8693) addi    a3, s9, 1629
core   0: 3 0x80001832 (0x65dc8693) x13 0x000005fe
core   0: 0x80001836 (0x028cec33) rem     s8, s9, s0
core   0: 3 0x80001836 (0x028cec33) x24 0xffffffa1
core   0: 0x8000183a (0x00001efd) c.addi  t4, -1
core   0: 3 0x8000183a (0x1efd) x29 0xfffffffe
core   0: 0x8000183c (0x02b6c033) div     zero, a3, a1
core   0: 3 0x8000183c (0x02b6c033)
core   0: 0x80001840 (0x00008da9) c.xor   a1, a0
core   0: 3 0x80001840 (0x8da9) x11 0x7ffc0ef5
core   0: 0x80001842 (0x0224c033) div     zero, s1, sp
core   0: 3 0x80001842 (0x0224c033)
core   0: 0x80001846 (0xffae96e3) bne     t4, s10, pc - 20
core   0: 3 0x80001846 (0xffae96e3)
core   0: 0x80001832 (0x65dc8693) addi    a3, s9, 1629
core   0: 3 0x80001832 (0x65dc8693) x13 0x000005fe
core   0: 0x80001836 (0x028cec33) rem     s8, s9, s0
core   0: 3 0x80001836 (0x028cec33) x24 0xffffffa1
core   0: 0x8000183a (0x00001efd) c.addi  t4, -1
core   0: 3 0x8000183a (0x1efd) x29 0xfffffffd
core   0: 0x8000183c (0x02b6c033) div     zero, a3, a1
core   0: 3 0x8000183c (0x02b6c033)
core   0: 0x80001840 (0x00008da9) c.xor   a1, a0
core   0: 3 0x80001840 (0x8da9) x11 0x80025e05
core   0: 0x80001842 (0x0224c033) div     zero, s1, sp
core   0: 3 0x80001842 (0x0224c033)
core   0: 0x80001846 (0xffae96e3) bne     t4, s10, pc - 20
core   0: 3 0x80001846 (0xffae96e3)
core   0: 0x80001832 (0x65dc8693) addi    a3, s9, 1629
core   0: 3 0x80001832 (0x65dc8693) x13 0x000005fe
core   0: 0x80001836 (0x028cec33) rem     s8, s9, s0
core   0: 3 0x80001836 (0x028cec33) x24 0xffffffa1
core   0: 0x8000183a (0x00001efd) c.addi  t4, -1
core   0: 3 0x8000183a (0x1efd) x29 0xfffffffc
core   0: 0x8000183c (0x02b6c033) div     zero, a3, a1
core   0: 3 0x8000183c (0x02b6c033)
core   0: 0x80001840 (0x00008da9) c.xor   a1, a0
core   0: 3 0x80001840 (0x8da9) x11 0x7ffc0ef5
core   0: 0x80001842 (0x0224c033) div     zero, s1, sp
core   0: 3 0x80001842 (0x0224c033)
core   0: 0x80001846 (0xffae96e3) bne     t4, s10, pc - 20
core   0: 3 0x80001846 (0xffae96e3)
core   0: 0x80001832 (0x65dc8693) addi    a3, s9, 1629
core   0: 3 0x80001832 (0x65dc8693) x13 0x000005fe
core   0: 0x80001836 (0x028cec33) rem     s8, s9, s0
core   0: 3 0x80001836 (0x028cec33) x24 0xffffffa1
core   0: 0x8000183a (0x00001efd) c.addi  t4, -1
core   0: 3 0x8000183a (0x1efd) x29 0xfffffffb
core   0: 0x8000183c (0x02b6c033) div     zero, a3, a1
core   0: 3 0x8000183c (0x02b6c033)
core   0: 0x80001840 (0x00008da9) c.xor   a1, a0
core   0: 3 0x80001840 (0x8da9) x11 0x80025e05
core   0: 0x80001842 (0x0224c033) div     zero, s1, sp
core   0: 3 0x80001842 (0x0224c033)
core   0: 0x80001846 (0xffae96e3) bne     t4, s10, pc - 20
core   0: 3 0x80001846 (0xffae96e3)
core   0: 0x80001832 (0x65dc8693) addi    a3, s9, 1629
core   0: 3 0x80001832 (0x65dc8693) x13 0x000005fe
core   0: 0x80001836 (0x028cec33) rem     s8, s9, s0
core   0: 3 0x80001836 (0x028cec33) x24 0xffffffa1
core   0: 0x8000183a (0x00001efd) c.addi  t4, -1
core   0: 3 0x8000183a (0x1efd) x29 0xfffffffa
core   0: 0x8000183c (0x02b6c033) div     zero, a3, a1
core   0: 3 0x8000183c (0x02b6c033)
core   0: 0x80001840 (0x00008da9) c.xor   a1, a0
core   0: 3 0x80001840 (0x8da9) x11 0x7ffc0ef5
core   0: 0x80001842 (0x0224c033) div     zero, s1, sp
core   0: 3 0x80001842 (0x0224c033)
core   0: 0x80001846 (0xffae96e3) bne     t4, s10, pc - 20
core   0: 3 0x80001846 (0xffae96e3)
core   0: 0x80001832 (0x65dc8693) addi    a3, s9, 1629
core   0: 3 0x80001832 (0x65dc8693) x13 0x000005fe
core   0: 0x80001836 (0x028cec33) rem     s8, s9, s0
core   0: 3 0x80001836 (0x028cec33) x24 0xffffffa1
core   0: 0x8000183a (0x00001efd) c.addi  t4, -1
core   0: 3 0x8000183a (0x1efd) x29 0xfffffff9
core   0: 0x8000183c (0x02b6c033) div     zero, a3, a1
core   0: 3 0x8000183c (0x02b6c033)
core   0: 0x80001840 (0x00008da9) c.xor   a1, a0
core   0: 3 0x80001840 (0x8da9) x11 0x80025e05
core   0: 0x80001842 (0x0224c033) div     zero, s1, sp
core   0: 3 0x80001842 (0x0224c033)
core   0: 0x80001846 (0xffae96e3) bne     t4, s10, pc - 20
core   0: 3 0x80001846 (0xffae96e3)
core   0: 0x80001832 (0x65dc8693) addi    a3, s9, 1629
core   0: 3 0x80001832 (0x65dc8693) x13 0x000005fe
core   0: 0x80001836 (0x028cec33) rem     s8, s9, s0
core   0: 3 0x80001836 (0x028cec33) x24 0xffffffa1
core   0: 0x8000183a (0x00001efd) c.addi  t4, -1
core   0: 3 0x8000183a (0x1efd) x29 0xfffffff8
core   0: 0x8000183c (0x02b6c033) div     zero, a3, a1
core   0: 3 0x8000183c (0x02b6c033)
core   0: 0x80001840 (0x00008da9) c.xor   a1, a0
core   0: 3 0x80001840 (0x8da9) x11 0x7ffc0ef5
core   0: 0x80001842 (0x0224c033) div     zero, s1, sp
core   0: 3 0x80001842 (0x0224c033)
core   0: 0x80001846 (0xffae96e3) bne     t4, s10, pc - 20
core   0: 3 0x80001846 (0xffae96e3)
core   0: 0x80001832 (0x65dc8693) addi    a3, s9, 1629
core   0: 3 0x80001832 (0x65dc8693) x13 0x000005fe
core   0: 0x80001836 (0x028cec33) rem     s8, s9, s0
core   0: 3 0x80001836 (0x028cec33) x24 0xffffffa1
core   0: 0x8000183a (0x00001efd) c.addi  t4, -1
core   0: 3 0x8000183a (0x1efd) x29 0xfffffff7
core   0: 0x8000183c (0x02b6c033) div     zero, a3, a1
core   0: 3 0x8000183c (0x02b6c033)
core   0: 0x80001840 (0x00008da9) c.xor   a1, a0
core   0: 3 0x80001840 (0x8da9) x11 0x80025e05
core   0: 0x80001842 (0x0224c033) div     zero, s1, sp
core   0: 3 0x80001842 (0x0224c033)
core   0: 0x80001846 (0xffae96e3) bne     t4, s10, pc - 20
core   0: 3 0x80001846 (0xffae96e3)
core   0: 0x80001832 (0x65dc8693) addi    a3, s9, 1629
core   0: 3 0x80001832 (0x65dc8693) x13 0x000005fe
core   0: 0x80001836 (0x028cec33) rem     s8, s9, s0
core   0: 3 0x80001836 (0x028cec33) x24 0xffffffa1
core   0: 0x8000183a (0x00001efd) c.addi  t4, -1
core   0: 3 0x8000183a (0x1efd) x29 0xfffffff6
core   0: 0x8000183c (0x02b6c033) div     zero, a3, a1
core   0: 3 0x8000183c (0x02b6c033)
core   0: 0x80001840 (0x00008da9) c.xor   a1, a0
core   0: 3 0x80001840 (0x8da9) x11 0x7ffc0ef5
core   0: 0x80001842 (0x0224c033) div     zero, s1, sp
core   0: 3 0x80001842 (0x0224c033)
core   0: 0x80001846 (0xffae96e3) bne     t4, s10, pc - 20
core   0: 3 0x80001846 (0xffae96e3)
core   0: 0x80001832 (0x65dc8693) addi    a3, s9, 1629
core   0: 3 0x80001832 (0x65dc8693) x13 0x000005fe
core   0: 0x80001836 (0x028cec33) rem     s8, s9, s0
core   0: 3 0x80001836 (0x028cec33) x24 0xffffffa1
core   0: 0x8000183a (0x00001efd) c.addi  t4, -1
core   0: 3 0x8000183a (0x1efd) x29 0xfffffff5
core   0: 0x8000183c (0x02b6c033) div     zero, a3, a1
core   0: 3 0x8000183c (0x02b6c033)
core   0: 0x80001840 (0x00008da9) c.xor   a1, a0
core   0: 3 0x80001840 (0x8da9) x11 0x80025e05
core   0: 0x80001842 (0x0224c033) div     zero, s1, sp
core   0: 3 0x80001842 (0x0224c033)
core   0: 0x80001846 (0xffae96e3) bne     t4, s10, pc - 20
core   0: 3 0x80001846 (0xffae96e3)
core   0: 0x80001832 (0x65dc8693) addi    a3, s9, 1629
core   0: 3 0x80001832 (0x65dc8693) x13 0x000005fe
core   0: 0x80001836 (0x028cec33) rem     s8, s9, s0
core   0: 3 0x80001836 (0x028cec33) x24 0xffffffa1
core   0: 0x8000183a (0x00001efd) c.addi  t4, -1
core   0: 3 0x8000183a (0x1efd) x29 0xfffffff4
core   0: 0x8000183c (0x02b6c033) div     zero, a3, a1
core   0: 3 0x8000183c (0x02b6c033)
core   0: 0x80001840 (0x00008da9) c.xor   a1, a0
core   0: 3 0x80001840 (0x8da9) x11 0x7ffc0ef5
core   0: 0x80001842 (0x0224c033) div     zero, s1, sp
core   0: 3 0x80001842 (0x0224c033)
core   0: 0x80001846 (0xffae96e3) bne     t4, s10, pc - 20
core   0: 3 0x80001846 (0xffae96e3)
core   0: 0x80001832 (0x65dc8693) addi    a3, s9, 1629
core   0: 3 0x80001832 (0x65dc8693) x13 0x000005fe
core   0: 0x80001836 (0x028cec33) rem     s8, s9, s0
core   0: 3 0x80001836 (0x028cec33) x24 0xffffffa1
core   0: 0x8000183a (0x00001efd) c.addi  t4, -1
core   0: 3 0x8000183a (0x1efd) x29 0xfffffff3
core   0: 0x8000183c (0x02b6c033) div     zero, a3, a1
core   0: 3 0x8000183c (0x02b6c033)
core   0: 0x80001840 (0x00008da9) c.xor   a1, a0
core   0: 3 0x80001840 (0x8da9) x11 0x80025e05
core   0: 0x80001842 (0x0224c033) div     zero, s1, sp
core   0: 3 0x80001842 (0x0224c033)
core   0: 0x80001846 (0xffae96e3) bne     t4, s10, pc - 20
core   0: 3 0x80001846 (0xffae96e3)
core   0: 0x80001832 (0x65dc8693) addi    a3, s9, 1629
core   0: 3 0x80001832 (0x65dc8693) x13 0x000005fe
core   0: 0x80001836 (0x028cec33) rem     s8, s9, s0
core   0: 3 0x80001836 (0x028cec33) x24 0xffffffa1
core   0: 0x8000183a (0x00001efd) c.addi  t4, -1
core   0: 3 0x8000183a (0x1efd) x29 0xfffffff2
core   0: 0x8000183c (0x02b6c033) div     zero, a3, a1
core   0: 3 0x8000183c (0x02b6c033)
core   0: 0x80001840 (0x00008da9) c.xor   a1, a0
core   0: 3 0x80001840 (0x8da9) x11 0x7ffc0ef5
core   0: 0x80001842 (0x0224c033) div     zero, s1, sp
core   0: 3 0x80001842 (0x0224c033)
core   0: 0x80001846 (0xffae96e3) bne     t4, s10, pc - 20
core   0: 3 0x80001846 (0xffae96e3)
core   0: 0x80001832 (0x65dc8693) addi    a3, s9, 1629
core   0: 3 0x80001832 (0x65dc8693) x13 0x000005fe
core   0: 0x80001836 (0x028cec33) rem     s8, s9, s0
core   0: 3 0x80001836 (0x028cec33) x24 0xffffffa1
core   0: 0x8000183a (0x00001efd) c.addi  t4, -1
core   0: 3 0x8000183a (0x1efd) x29 0xfffffff1
core   0: 0x8000183c (0x02b6c033) div     zero, a3, a1
core   0: 3 0x8000183c (0x02b6c033)
core   0: 0x80001840 (0x00008da9) c.xor   a1, a0
core   0: 3 0x80001840 (0x8da9) x11 0x80025e05
core   0: 0x80001842 (0x0224c033) div     zero, s1, sp
core   0: 3 0x80001842 (0x0224c033)
core   0: 0x80001846 (0xffae96e3) bne     t4, s10, pc - 20
core   0: 3 0x80001846 (0xffae96e3)
core   0: 0x80001832 (0x65dc8693) addi    a3, s9, 1629
core   0: 3 0x80001832 (0x65dc8693) x13 0x000005fe
core   0: 0x80001836 (0x028cec33) rem     s8, s9, s0
core   0: 3 0x80001836 (0x028cec33) x24 0xffffffa1
core   0: 0x8000183a (0x00001efd) c.addi  t4, -1
core   0: 3 0x8000183a (0x1efd) x29 0xfffffff0
core   0: 0x8000183c (0x02b6c033) div     zero, a3, a1
core   0: 3 0x8000183c (0x02b6c033)
core   0: 0x80001840 (0x00008da9) c.xor   a1, a0
core   0: 3 0x80001840 (0x8da9) x11 0x7ffc0ef5
core   0: 0x80001842 (0x0224c033) div     zero, s1, sp
core   0: 3 0x80001842 (0x0224c033)
core   0: 0x80001846 (0xffae96e3) bne     t4, s10, pc - 20
core   0: 3 0x80001846 (0xffae96e3)
core   0: 0x80001832 (0x65dc8693) addi    a3, s9, 1629
core   0: 3 0x80001832 (0x65dc8693) x13 0x000005fe
core   0: 0x80001836 (0x028cec33) rem     s8, s9, s0
core   0: 3 0x80001836 (0x028cec33) x24 0xffffffa1
core   0: 0x8000183a (0x00001efd) c.addi  t4, -1
core   0: 3 0x8000183a (0x1efd) x29 0xffffffef
core   0: 0x8000183c (0x02b6c033) div     zero, a3, a1
core   0: 3 0x8000183c (0x02b6c033)
core   0: 0x80001840 (0x00008da9) c.xor   a1, a0
core   0: 3 0x80001840 (0x8da9) x11 0x80025e05
core   0: 0x80001842 (0x0224c033) div     zero, s1, sp
core   0: 3 0x80001842 (0x0224c033)
core   0: 0x80001846 (0xffae96e3) bne     t4, s10, pc - 20
core   0: 3 0x80001846 (0xffae96e3)
core   0: 0x80001832 (0x65dc8693) addi    a3, s9, 1629
core   0: 3 0x80001832 (0x65dc8693) x13 0x000005fe
core   0: 0x80001836 (0x028cec33) rem     s8, s9, s0
core   0: 3 0x80001836 (0x028cec33) x24 0xffffffa1
core   0: 0x8000183a (0x00001efd) c.addi  t4, -1
core   0: 3 0x8000183a (0x1efd) x29 0xffffffee
core   0: 0x8000183c (0x02b6c033) div     zero, a3, a1
core   0: 3 0x8000183c (0x02b6c033)
core   0: 0x80001840 (0x00008da9) c.xor   a1, a0
core   0: 3 0x80001840 (0x8da9) x11 0x7ffc0ef5
core   0: 0x80001842 (0x0224c033) div     zero, s1, sp
core   0: 3 0x80001842 (0x0224c033)
core   0: 0x80001846 (0xffae96e3) bne     t4, s10, pc - 20
core   0: 3 0x80001846 (0xffae96e3)
core   0: 0x8000184a (0x18cc4b13) xori    s6, s8, 396
core   0: 3 0x8000184a (0x18cc4b13) x22 0xfffffe2d
core   0: 0x8000184e (0x01e33e33) sltu    t3, t1, t5
core   0: 3 0x8000184e (0x01e33e33) x28 0x00000001
core   0: 0x80001852 (0x005f33b3) sltu    t2, t5, t0
core   0: 3 0x80001852 (0x005f33b3) x7  0x00000000
core   0: 0x80001856 (0x029938b3) mulhu   a7, s2, s1
core   0: 3 0x80001856 (0x029938b3) x17 0x00000000
core   0: 0x8000185a (0x00000001) c.nop
core   0: 3 0x8000185a (0x0001)
core   0: 0x8000185c (0xfd0f01e3) beq     t5, a6, pc - 62
core   0: 3 0x8000185c (0xfd0f01e3)
core   0: 0x80001860 (0xda0efb93) andi    s7, t4, -608
core   0: 3 0x80001860 (0xda0efb93) x23 0xfffffda0
core   0: 0x80001864 (0x000056f1) c.li    a3, -4
core   0: 3 0x80001864 (0x56f1) x13 0xfffffffc
core   0: 0x80001866 (0x00004b21) c.li    s6, 8
core   0: 3 0x80001866 (0x4b21) x22 0x00000008
core   0: 0x80001868 (0x01e60db3) add     s11, a2, t5
core   0: 3 0x80001868 (0x01e60db3) x27 0xfffffecc
core   0: 0x8000186c (0x40580eb3) sub     t4, a6, t0
core   0: 3 0x8000186c (0x40580eb3) x29 0xffffff65
core   0: 0x80001870 (0x0000068d) c.addi  a3, 3
core   0: 3 0x80001870 (0x068d) x13 0xffffffff
core   0: 0x80001872 (0x01fa44b3) xor     s1, s4, t6
core   0: 3 0x80001872 (0x01fa44b3) x9  0x7ffda105
core   0: 0x80001876 (0xff66e9e3) bltu    a3, s6, pc - 14
core   0: 3 0x80001876 (0xff66e9e3)
core   0: 0x8000187a (0x96981397) auipc   t2, 0x96981
core   0: 3 0x8000187a (0x96981397) x7  0x1698287a
core   0: 0x8000187e (0x00004419) c.li    s0, 6
core   0: 3 0x8000187e (0x4419) x8  0x00000006
core   0: 0x80001880 (0x00006c8d) c.lui   s9, 0x3
core   0: 3 0x80001880 (0x6c8d) x25 0x00003000
core   0: 0x80001882 (0x0000557d) c.li    a0, -1
core   0: 3 0x80001882 (0x557d) x10 0xffffffff
core   0: 0x80001884 (0x00008f19) c.sub   a4, a4
core   0: 3 0x80001884 (0x8f19) x14 0x00000000
core   0: 0x80001886 (0x000047d1) c.li    a5, 20
core   0: 3 0x80001886 (0x47d1) x15 0x00000014
core   0: 0x80001888 (0xa361e5b7) lui     a1, 0xa361e
core   0: 3 0x80001888 (0xa361e5b7) x11 0xa361e000
core   0: 0x8000188c (0x00000001) c.nop
core   0: 3 0x8000188c (0x0001)
core   0: 0x8000188e (0x00fa5393) srli    t2, s4, 15
core   0: 3 0x8000188e (0x00fa5393) x7  0x00010004
core   0: 0x80001892 (0x0280b9b3) mulhu   s3, ra, s0
core   0: 3 0x80001892 (0x0280b9b3) x19 0x00000000
core   0: 0x80001896 (0x00000415) c.addi  s0, 5
core   0: 3 0x80001896 (0x0415) x8  0x0000000b
core   0: 0x80001898 (0x2f9ab017) auipc   zero, 0x2f9ab
core   0: 3 0x80001898 (0x2f9ab017)
core   0: 0x8000189c (0x02aca9b3) mulhsu  s3, s9, a0
core   0: 3 0x8000189c (0x02aca9b3) x19 0x00002fff
core   0: 0x800018a0 (0x00005679) c.li    a2, -2
core   0: 3 0x800018a0 (0x5679) x12 0xfffffffe
core   0: 0x800018a2 (0xca10ef93) ori     t6, ra, -863
core   0: 3 0x800018a2 (0xca10ef93) x31 0xfffffcb9
core   0: 0x800018a6 (0x018fd713) srli    a4, t6, 24
core   0: 3 0x800018a6 (0x018fd713) x14 0x000000ff
core   0: 0x800018aa (0x00005869) c.li    a6, -6
core   0: 3 0x800018aa (0x5869) x16 0xfffffffa
core   0: 0x800018ac (0x62a10993) addi    s3, sp, 1578
core   0: 3 0x800018ac (0x62a10993) x19 0xf3842911
core   0: 0x800018b0 (0x00001665) c.addi  a2, -7
core   0: 3 0x800018b0 (0x1665) x12 0xfffffff7
core   0: 0x800018b2 (0x00008dd9) c.or    a1, a4
core   0: 3 0x800018b2 (0x8dd9) x11 0xa361e0ff
core   0: 0x800018b4 (0xff065ce3) bge     a2, a6, pc - 8
core   0: 3 0x800018b4 (0xff065ce3)
core   0: 0x800018b8 (0xfcf46ae3) bltu    s0, a5, pc - 44
core   0: 3 0x800018b8 (0xfcf46ae3)
core   0: 0x8000188c (0x00000001) c.nop
core   0: 3 0x8000188c (0x0001)
core   0: 0x8000188e (0x00fa5393) srli    t2, s4, 15
core   0: 3 0x8000188e (0x00fa5393) x7  0x00010004
core   0: 0x80001892 (0x0280b9b3) mulhu   s3, ra, s0
core   0: 3 0x80001892 (0x0280b9b3) x19 0x00000000
core   0: 0x80001896 (0x00000415) c.addi  s0, 5
core   0: 3 0x80001896 (0x0415) x8  0x00000010
core   0: 0x80001898 (0x2f9ab017) auipc   zero, 0x2f9ab
core   0: 3 0x80001898 (0x2f9ab017)
core   0: 0x8000189c (0x02aca9b3) mulhsu  s3, s9, a0
core   0: 3 0x8000189c (0x02aca9b3) x19 0x00002fff
core   0: 0x800018a0 (0x00005679) c.li    a2, -2
core   0: 3 0x800018a0 (0x5679) x12 0xfffffffe
core   0: 0x800018a2 (0xca10ef93) ori     t6, ra, -863
core   0: 3 0x800018a2 (0xca10ef93) x31 0xfffffcb9
core   0: 0x800018a6 (0x018fd713) srli    a4, t6, 24
core   0: 3 0x800018a6 (0x018fd713) x14 0x000000ff
core   0: 0x800018aa (0x00005869) c.li    a6, -6
core   0: 3 0x800018aa (0x5869) x16 0xfffffffa
core   0: 0x800018ac (0x62a10993) addi    s3, sp, 1578
core   0: 3 0x800018ac (0x62a10993) x19 0xf3842911
core   0: 0x800018b0 (0x00001665) c.addi  a2, -7
core   0: 3 0x800018b0 (0x1665) x12 0xfffffff7
core   0: 0x800018b2 (0x00008dd9) c.or    a1, a4
core   0: 3 0x800018b2 (0x8dd9) x11 0xa361e0ff
core   0: 0x800018b4 (0xff065ce3) bge     a2, a6, pc - 8
core   0: 3 0x800018b4 (0xff065ce3)
core   0: 0x800018b8 (0xfcf46ae3) bltu    s0, a5, pc - 44
core   0: 3 0x800018b8 (0xfcf46ae3)
core   0: 0x8000188c (0x00000001) c.nop
core   0: 3 0x8000188c (0x0001)
core   0: 0x8000188e (0x00fa5393) srli    t2, s4, 15
core   0: 3 0x8000188e (0x00fa5393) x7  0x00010004
core   0: 0x80001892 (0x0280b9b3) mulhu   s3, ra, s0
core   0: 3 0x80001892 (0x0280b9b3) x19 0x00000000
core   0: 0x80001896 (0x00000415) c.addi  s0, 5
core   0: 3 0x80001896 (0x0415) x8  0x00000015
core   0: 0x80001898 (0x2f9ab017) auipc   zero, 0x2f9ab
core   0: 3 0x80001898 (0x2f9ab017)
core   0: 0x8000189c (0x02aca9b3) mulhsu  s3, s9, a0
core   0: 3 0x8000189c (0x02aca9b3) x19 0x00002fff
core   0: 0x800018a0 (0x00005679) c.li    a2, -2
core   0: 3 0x800018a0 (0x5679) x12 0xfffffffe
core   0: 0x800018a2 (0xca10ef93) ori     t6, ra, -863
core   0: 3 0x800018a2 (0xca10ef93) x31 0xfffffcb9
core   0: 0x800018a6 (0x018fd713) srli    a4, t6, 24
core   0: 3 0x800018a6 (0x018fd713) x14 0x000000ff
core   0: 0x800018aa (0x00005869) c.li    a6, -6
core   0: 3 0x800018aa (0x5869) x16 0xfffffffa
core   0: 0x800018ac (0x62a10993) addi    s3, sp, 1578
core   0: 3 0x800018ac (0x62a10993) x19 0xf3842911
core   0: 0x800018b0 (0x00001665) c.addi  a2, -7
core   0: 3 0x800018b0 (0x1665) x12 0xfffffff7
core   0: 0x800018b2 (0x00008dd9) c.or    a1, a4
core   0: 3 0x800018b2 (0x8dd9) x11 0xa361e0ff
core   0: 0x800018b4 (0xff065ce3) bge     a2, a6, pc - 8
core   0: 3 0x800018b4 (0xff065ce3)
core   0: 0x800018b8 (0xfcf46ae3) bltu    s0, a5, pc - 44
core   0: 3 0x800018b8 (0xfcf46ae3)
core   0: 0x800018bc (0x40128b33) sub     s6, t0, ra
core   0: 3 0x800018bc (0x40128b33) x22 0xffff47e8
core   0: 0x800018c0 (0x0000fe17) auipc   t3, 0xf
core   0: 3 0x800018c0 (0x0000fe17) x28 0x800108c0
core   0: 0x800018c4 (0xbc2e0e13) addi    t3, t3, -1086
core   0: 3 0x800018c4 (0xbc2e0e13) x28 0x80010482
core   0: 0x800018c8 (0xff9e4203) lbu     tp, -7(t3)
core   0: 3 0x800018c8 (0xff9e4203) x4  0x00000030 mem 0x8001047b
core   0: 0x800018cc (0x0045e5b3) or      a1, a1, tp
core   0: 3 0x800018cc (0x0045e5b3) x11 0xa361e0ff
core   0: 0x800018d0 (0xff6e5583) lhu     a1, -10(t3)
core   0: 3 0x800018d0 (0xff6e5583) x11 0x00003233 mem 0x80010478
core   0: 0x800018d4 (0x010e5283) lhu     t0, 16(t3)
core   0: 3 0x800018d4 (0x010e5283) x5  0x00004849 mem 0x80010492
core   0: 0x800018d8 (0x000088a9) c.andi  s1, 10
core   0: 3 0x800018d8 (0x88a9) x9  0x00000000
core   0: 0x800018da (0x00000001) c.nop
core   0: 3 0x800018da (0x0001)
core   0: 0x800018dc (0x00000001) c.nop
core   0: 3 0x800018dc (0x0001)
core   0: 0x800018de (0x53d0f437) lui     s0, 0x53d0f
core   0: 3 0x800018de (0x53d0f437) x8  0x53d0f000
core   0: 0x800018e2 (0x40525c33) sra     s8, tp, t0
core   0: 3 0x800018e2 (0x40525c33) x24 0x00000000
core   0: 0x800018e6 (0x6c420593) addi    a1, tp, 1732
core   0: 3 0x800018e6 (0x6c420593) x11 0x000006f4
core   0: 0x800018ea (0x4092d213) srai    tp, t0, 9
core   0: 3 0x800018ea (0x4092d213) x4  0x00000024
core   0: 0x800018ee (0xff7e0483) lb      s1, -9(t3)
core   0: 3 0x800018ee (0xff7e0483) x9  0x00000032 mem 0x80010479
core   0: 0x800018f2 (0x000015fd) c.addi  a1, -1
core   0: 3 0x800018f2 (0x15fd) x11 0x000006f3
core   0: 0x800018f4 (0xffce4c03) lbu     s8, -4(t3)
core   0: 3 0x800018f4 (0xffce4c03) x24 0x00000035 mem 0x8001047e
core   0: 0x800018f8 (0x007e0583) lb      a1, 7(t3)
core   0: 3 0x800018f8 (0x007e0583) x11 0x00000042 mem 0x80010489
core   0: 0x800018fc (0x00008cad) c.xor   s1, a1
core   0: 3 0x800018fc (0x8cad) x9  0x00000070
core   0: 0x800018fe (0x00523c33) sltu    s8, tp, t0
core   0: 3 0x800018fe (0x00523c33) x24 0x00000001
core   0: 0x80001902 (0x028235b3) mulhu   a1, tp, s0
core   0: 3 0x80001902 (0x028235b3) x11 0x0000000b
core   0: 0x80001906 (0x00ce1c03) lh      s8, 12(t3)
core   0: 3 0x80001906 (0x00ce1c03) x24 0x00004445 mem 0x8001048e
core   0: 0x8000190a (0x0084d233) srl     tp, s1, s0
core   0: 3 0x8000190a (0x0084d233) x4  0x00000070
core   0: 0x8000190e (0x004e2523) sw      tp, 10(t3)
core   0: 3 0x8000190e (0x004e2523) mem 0x8001048c 0x00000070
core   0: 0x80001912 (0x005e07a3) sb      t0, 15(t3)
core   0: 3 0x80001912 (0x005e07a3) mem 0x80010491 0x49
core   0: 0x80001916 (0x394502b7) lui     t0, 0x39450
core   0: 3 0x80001916 (0x394502b7) x5  0x39450000
core   0: 0x8000191a (0x001e0c03) lb      s8, 1(t3)
core   0: 3 0x8000191a (0x001e0c03) x24 0x00000038 mem 0x80010483
core   0: 0x8000191e (0x000065b1) c.lui   a1, 0xc
core   0: 3 0x8000191e (0x65b1) x11 0x0000c000
core   0: 0x80001920 (0x01359213) slli    tp, a1, 19
core   0: 3 0x80001920 (0x01359213) x4  0x00000000
core   0: 0x80001924 (0xd9d26c13) ori     s8, tp, -611
core   0: 3 0x80001924 (0xd9d26c13) x24 0xfffffd9d
core   0: 0x80001928 (0x00be4583) lbu     a1, 11(t3)
core   0: 3 0x80001928 (0x00be4583) x11 0x00000000 mem 0x8001048d
core   0: 0x8000192c (0x0220036f) jal     t1, pc + 0x22
core   0: 3 0x8000192c (0x0220036f) x6  0x80001930
core   0: 0x8000194e (0x010000ef) jal     pc + 0x10
core   0: 3 0x8000194e (0x010000ef) x1  0x80001952
core   0: 0x8000195e (0xfddff36f) jal     t1, pc - 0x24
core   0: 3 0x8000195e (0xfddff36f) x6  0x80001962
core   0: 0x8000193a (0x00002011) c.jal   pc + 4
core   0: 3 0x8000193a (0x2011) x1  0x8000193c
core   0: 0x8000193e (0x0000a829) c.j     pc + 26
core   0: 3 0x8000193e (0xa829)
core   0: 0x80001958 (0x00003fc5) c.jal   pc - 16
core   0: 3 0x80001958 (0x3fc5) x1  0x8000195a
core   0: 0x80001948 (0x014000ef) jal     pc + 0x14
core   0: 3 0x80001948 (0x014000ef) x1  0x8000194c
core   0: 0x8000195c (0x00003fdd) c.jal   pc - 10
core   0: 3 0x8000195c (0x3fdd) x1  0x8000195e
core   0: 0x80001952 (0x0000a811) c.j     pc + 20
core   0: 3 0x80001952 (0xa811)
core   0: 0x80001966 (0x000037c5) c.jal   pc - 32
core   0: 3 0x80001966 (0x37c5) x1  0x80001968
core   0: 0x80001946 (0x00003fed) c.jal   pc - 6
core   0: 3 0x80001946 (0x3fed) x1  0x80001948
core   0: 0x80001940 (0x00002009) c.jal   pc + 2
core   0: 3 0x80001940 (0x2009) x1  0x80001942
core   0: 0x80001942 (0x026008ef) jal     a7, pc + 0x26
core   0: 3 0x80001942 (0x026008ef) x17 0x80001946
core   0: 0x80001968 (0x000037f9) c.jal   pc - 50
core   0: 3 0x80001968 (0x37f9) x1  0x8000196a
core   0: 0x80001936 (0x016002ef) jal     t0, pc + 0x16
core   0: 3 0x80001936 (0x016002ef) x5  0x8000193a
core   0: 0x8000194c (0x000037e5) c.jal   pc - 24
core   0: 3 0x8000194c (0x37e5) x1  0x8000194e
core   0: 0x80001934 (0x0000a005) c.j     pc + 32
core   0: 3 0x80001934 (0xa005)
core   0: 0x80001954 (0x0000bff1) c.j     pc - 36
core   0: 3 0x80001954 (0xbff1)
core   0: 0x80001930 (0x02a00d6f) jal     s10, pc + 0x2a
core   0: 3 0x80001930 (0x02a00d6f) x26 0x80001934
core   0: 0x8000195a (0x0000a029) c.j     pc + 10
core   0: 3 0x8000195a (0xa029)
core   0: 0x80001964 (0x00003ffd) c.jal   pc - 2
core   0: 3 0x80001964 (0x3ffd) x1  0x80001966
core   0: 0x80001962 (0x00003fe9) c.jal   pc - 38
core   0: 3 0x80001962 (0x3fe9) x1  0x80001964
core   0: 0x8000193c (0x0000a03d) c.j     pc + 46
core   0: 3 0x8000193c (0xa03d)
core   0: 0x8000196a (0x000037f5) c.jal   pc - 20
core   0: 3 0x8000196a (0x37f5) x1  0x8000196c
core   0: 0x80001956 (0x0000a819) c.j     pc + 22
core   0: 3 0x80001956 (0xa819)
core   0: 0x8000196c (0x00009922) c.add   s2, s0
core   0: 3 0x8000196c (0x9922) x18 0x53d0f000
core   0: 0x8000196e (0x00004329) c.li    t1, 10
core   0: 3 0x8000196e (0x4329) x6  0x0000000a
core   0: 0x80001970 (0x00004ba9) c.li    s7, 10
core   0: 3 0x80001970 (0x4ba9) x23 0x0000000a
core   0: 0x80001972 (0x41795233) sra     tp, s2, s7
core   0: 3 0x80001972 (0x41795233) x4  0x0014f43c
core   0: 0x80001976 (0x039882b3) mul     t0, a7, s9
core   0: 3 0x80001976 (0x039882b3) x5  0x04bd2000
core   0: 0x8000197a (0x00008b55) c.andi  a4, 21
core   0: 3 0x8000197a (0x8b55) x14 0x00000015
core   0: 0x8000197c (0x0000135d) c.addi  t1, -9
core   0: 3 0x8000197c (0x135d) x6  0x00000001
core   0: 0x8000197e (0xc649b537) lui     a0, 0xc649b
core   0: 3 0x8000197e (0xc649b537) x10 0xc649b000
core   0: 0x80001982 (0x000051ed) c.li    gp, -5
core   0: 3 0x80001982 (0x51ed) x3  0xfffffffb
core   0: 0x80001984 (0x00008d4d) c.or    a0, a1
core   0: 3 0x80001984 (0x8d4d) x10 0xc649b000
core   0: 0x80001986 (0x00005fc5) c.li    t6, -15
core   0: 3 0x80001986 (0x5fc5) x31 0xfffffff1
core   0: 0x80001988 (0x5f6df613) andi    a2, s11, 1526
core   0: 3 0x80001988 (0x5f6df613) x12 0x000004c4
core   0: 0x8000198c (0x000011d9) c.addi  gp, -10
core   0: 3 0x8000198c (0x11d9) x3  0xfffffff1
core   0: 0x8000198e (0xfff1dde3) bge     gp, t6, pc - 6
core   0: 3 0x8000198e (0xfff1dde3)
core   0: 0x80001988 (0x5f6df613) andi    a2, s11, 1526
core   0: 3 0x80001988 (0x5f6df613) x12 0x000004c4
core   0: 0x8000198c (0x000011d9) c.addi  gp, -10
core   0: 3 0x8000198c (0x11d9) x3  0xffffffe7
core   0: 0x8000198e (0xfff1dde3) bge     gp, t6, pc - 6
core   0: 3 0x8000198e (0xfff1dde3)
core   0: 0x80001992 (0xff7374e3) bgeu    t1, s7, pc - 24
core   0: 3 0x80001992 (0xff7374e3)
core   0: 0x80001996 (0x00fb1d93) slli    s11, s6, 15
core   0: 3 0x80001996 (0x00fb1d93) x27 0xa3f40000
core   0: 0x8000199a (0x0000f317) auipc   t1, 0xf
core   0: 3 0x8000199a (0x0000f317) x6  0x8001099a
core   0: 0x8000199e (0xde830313) addi    t1, t1, -536
core   0: 3 0x8000199e (0xde830313) x6  0x80010782
core   0: 0x800019a2 (0xff434383) lbu     t2, -12(t1)
core   0: 3 0x800019a2 (0xff434383) x7  0x0000002d mem 0x80010776
core   0: 0x800019a6 (0x000048b3) xor     a7, zero, zero
core   0: 3 0x800019a6 (0x000048b3) x17 0x00000000
core   0: 0x800019aa (0x03515fb3) divu    t6, sp, s5
core   0: 3 0x800019aa (0x03515fb3) x31 0x00000001
core   0: 0x800019ae (0xff930503) lb      a0, -7(t1)
core   0: 3 0x800019ae (0xff930503) x10 0x00000030 mem 0x8001077b
core   0: 0x800019b2 (0x5a0ae293) ori     t0, s5, 1440
core   0: 3 0x800019b2 (0x5a0ae293) x5  0x80029da4
core   0: 0x800019b6 (0x000053fd) c.li    t2, -1
core   0: 3 0x800019b6 (0x53fd) x7  0xffffffff
core   0: 0x800019b8 (0x01531623) sh      s5, 12(t1)
core   0: 3 0x800019b8 (0x01531623) mem 0x8001078e 0x9d24
core   0: 0x800019bc (0x002304a3) sb      sp, 9(t1)
core   0: 3 0x800019bc (0x002304a3) mem 0x8001078b 0xe7
core   0: 0x800019c0 (0x0000856d) c.srai  a0, 27
core   0: 3 0x800019c0 (0x856d) x10 0x00000000
core   0: 0x800019c2 (0xfec30fa3) sb      a2, -1(t1)
core   0: 3 0x800019c2 (0xfec30fa3) mem 0x80010781 0xc4
core   0: 0x800019c6 (0xfe330ba3) sb      gp, -9(t1)
core   0: 3 0x800019c6 (0xfe330ba3) mem 0x80010779 0xe7
core   0: 0x800019ca (0x00635283) lhu     t0, 6(t1)
core   0: 3 0x800019ca (0x00635283) x5  0x00005e43 mem 0x80010788
core   0: 0x800019ce (0x40515793) srai    a5, sp, 5
core   0: 3 0x800019ce (0x40515793) x15 0xff9c2117
core   0: 0x800019d2 (0xff431503) lh      a0, -12(t1)
core   0: 3 0x800019d2 (0xff431503) x10 0x00002c2d mem 0x80010776
core   0: 0x800019d6 (0x01031183) lh      gp, 16(t1)
core   0: 3 0x800019d6 (0x01031183) x3  0x00004849 mem 0x80010792
core   0: 0x800019da (0x01a302a3) sb      s10, 5(t1)
core   0: 3 0x800019da (0x01a302a3) mem 0x80010787 0x34
core   0: 0x800019de (0x000087c9) c.srai  a5, 18
core   0: 3 0x800019de (0x87c9) x15 0xffffffe7
core   0: 0x800019e0 (0x0140d413) srli    s0, ra, 20
core   0: 3 0x800019e0 (0x0140d413) x8  0x00000800
core   0: 0x800019e4 (0x01830423) sb      s8, 8(t1)
core   0: 3 0x800019e4 (0x01830423) mem 0x8001078a 0x9d
core   0: 0x800019e8 (0x00008f4d) c.or    a4, a1
core   0: 3 0x800019e8 (0x8f4d) x14 0x00000015
core   0: 0x800019ea (0xfe6308a3) sb      t1, -15(t1)
core   0: 3 0x800019ea (0xfe6308a3) mem 0x80010773 0x82
core   0: 0x800019ee (0x00008c81) c.sub   s1, s0
core   0: 3 0x800019ee (0x8c81) x9  0xfffff870
core   0: 0x800019f0 (0xff330183) lb      gp, -13(t1)
core   0: 3 0x800019f0 (0xff330183) x3  0x0000002e mem 0x80010775
core   0: 0x800019f4 (0x01ba7533) and     a0, s4, s11
core   0: 3 0x800019f4 (0x01ba7533) x10 0x80000000
core   0: 0x800019f8 (0x00534b03) lbu     s6, 5(t1)
core   0: 3 0x800019f8 (0x00534b03) x22 0x00000034 mem 0x80010787
core   0: 0x800019fc (0x000087fd) c.srai  a5, 31
core   0: 3 0x800019fc (0x87fd) x15 0xffffffff
core   0: 0x800019fe (0x00330203) lb      tp, 3(t1)
core   0: 3 0x800019fe (0x00330203) x4  0x0000003e mem 0x80010785
core   0: 0x80001a02 (0x35fb7b13) andi    s6, s6, 863
core   0: 3 0x80001a02 (0x35fb7b13) x22 0x00000014
core   0: 0x80001a06 (0xff330b03) lb      s6, -13(t1)
core   0: 3 0x80001a06 (0xff330b03) x22 0x0000002e mem 0x80010775
core   0: 0x80001a0a (0x00005cd9) c.li    s9, -10
core   0: 3 0x80001a0a (0x5cd9) x25 0xfffffff6
core   0: 0x80001a0c (0x91337437) lui     s0, 0x91337
core   0: 3 0x80001a0c (0x91337437) x8  0x91337000
core   0: 0x80001a10 (0x006b4e33) xor     t3, s6, t1
core   0: 3 0x80001a10 (0x006b4e33) x28 0x800107ac
core   0: 0x80001a14 (0xca99ae13) slti    t3, s3, -855
core   0: 3 0x80001a14 (0xca99ae13) x28 0x00000001
core   0: 0x80001a18 (0x00004c41) c.li    s8, 16
core   0: 3 0x80001a18 (0x4c41) x24 0x00000010
core   0: 0x80001a1a (0x00004285) c.li    t0, 1
core   0: 3 0x80001a1a (0x4285) x5  0x00000001
core   0: 0x80001a1c (0x000098b2) c.add   a7, a2
core   0: 3 0x80001a1c (0x98b2) x17 0x000004c4
core   0: 0x80001a1e (0x00004f99) c.li    t6, 6
core   0: 3 0x80001a1e (0x4f99) x31 0x00000006
core   0: 0x80001a20 (0x02bf8933) mul     s2, t6, a1
core   0: 3 0x80001a20 (0x02bf8933) x18 0x00000000
core   0: 0x80001a24 (0x2f91be97) auipc   t4, 0x2f91b
core   0: 3 0x80001a24 (0x2f91be97) x29 0xaf91ca24
core   0: 0x80001a28 (0x00000ca1) c.addi  s9, 8
core   0: 3 0x80001a28 (0x0ca1) x25 0xfffffffe
core   0: 0x80001a2a (0x00000001) c.nop
core   0: 3 0x80001a2a (0x0001)
core   0: 0x80001a2c (0x01007433) and     s0, zero, a6
core   0: 3 0x80001a2c (0x01007433) x8  0x00000000
core   0: 0x80001a30 (0x00008721) c.srai  a4, 8
core   0: 3 0x80001a30 (0x8721) x14 0x00000000
core   0: 0x80001a32 (0x000018fd) c.addi  a7, -1
core   0: 3 0x80001a32 (0x18fd) x17 0x000004c3
core   0: 0x80001a34 (0x0000882a) c.mv    a6, a0
core   0: 3 0x80001a34 (0x882a) x16 0x80000000
core   0: 0x80001a36 (0x00008ec2) c.mv    t4, a6
core   0: 3 0x80001a36 (0x8ec2) x29 0x80000000
core   0: 0x80001a38 (0x019fcb33) xor     s6, t6, s9
core   0: 3 0x80001a38 (0x019fcb33) x22 0xfffffff8
core   0: 0x80001a3c (0x00008a41) c.andi  a2, 16
core   0: 3 0x80001a3c (0x8a41) x12 0x00000000
core   0: 0x80001a3e (0x00009f0a) c.add   t5, sp
core   0: 3 0x80001a3e (0x9f0a) x30 0xf38422e3
core   0: 0x80001a40 (0x0000567d) c.li    a2, -1
core   0: 3 0x80001a40 (0x567d) x12 0xffffffff
core   0: 0x80001a42 (0x03557e33) remu    t3, a0, s5
core   0: 3 0x80001a42 (0x03557e33) x28 0x80000000
core   0: 0x80001a46 (0xfdfc9de3) bne     s9, t6, pc - 38
core   0: 3 0x80001a46 (0xfdfc9de3)
core   0: 0x80001a20 (0x02bf8933) mul     s2, t6, a1
core   0: 3 0x80001a20 (0x02bf8933) x18 0x00000000
core   0: 0x80001a24 (0x2f91be97) auipc   t4, 0x2f91b
core   0: 3 0x80001a24 (0x2f91be97) x29 0xaf91ca24
core   0: 0x80001a28 (0x00000ca1) c.addi  s9, 8
core   0: 3 0x80001a28 (0x0ca1) x25 0x00000006
core   0: 0x80001a2a (0x00000001) c.nop
core   0: 3 0x80001a2a (0x0001)
core   0: 0x80001a2c (0x01007433) and     s0, zero, a6
core   0: 3 0x80001a2c (0x01007433) x8  0x00000000
core   0: 0x80001a30 (0x00008721) c.srai  a4, 8
core   0: 3 0x80001a30 (0x8721) x14 0x00000000
core   0: 0x80001a32 (0x000018fd) c.addi  a7, -1
core   0: 3 0x80001a32 (0x18fd) x17 0x000004c2
core   0: 0x80001a34 (0x0000882a) c.mv    a6, a0
core   0: 3 0x80001a34 (0x882a) x16 0x80000000
core   0: 0x80001a36 (0x00008ec2) c.mv    t4, a6
core   0: 3 0x80001a36 (0x8ec2) x29 0x80000000
core   0: 0x80001a38 (0x019fcb33) xor     s6, t6, s9
core   0: 3 0x80001a38 (0x019fcb33) x22 0x00000000
core   0: 0x80001a3c (0x00008a41) c.andi  a2, 16
core   0: 3 0x80001a3c (0x8a41) x12 0x00000010
core   0: 0x80001a3e (0x00009f0a) c.add   t5, sp
core   0: 3 0x80001a3e (0x9f0a) x30 0xe70845ca
core   0: 0x80001a40 (0x0000567d) c.li    a2, -1
core   0: 3 0x80001a40 (0x567d) x12 0xffffffff
core   0: 0x80001a42 (0x03557e33) remu    t3, a0, s5
core   0: 3 0x80001a42 (0x03557e33) x28 0x80000000
core   0: 0x80001a46 (0xfdfc9de3) bne     s9, t6, pc - 38
core   0: 3 0x80001a46 (0xfdfc9de3)
core   0: 0x80001a4a (0x00ca9213) slli    tp, s5, 12
core   0: 3 0x80001a4a (0x00ca9213) x4  0x29d24000
core   0: 0x80001a4e (0x0120036f) jal     t1, pc + 0x12
core   0: 3 0x80001a4e (0x0120036f) x6  0x80001a52
core   0: 0x80001a60 (0x00002025) c.jal   pc + 40
core   0: 3 0x80001a60 (0x2025) x1  0x80001a62
core   0: 0x80001a88 (0x00003fd5) c.jal   pc - 12
core   0: 3 0x80001a88 (0x3fd5) x1  0x80001a8a
core   0: 0x80001a7c (0x00002021) c.jal   pc + 8
core   0: 3 0x80001a7c (0x2021) x1  0x80001a7e
core   0: 0x80001a84 (0xff1ff0ef) jal     pc - 0x10
core   0: 3 0x80001a84 (0xff1ff0ef) x1  0x80001a88
core   0: 0x80001a74 (0x0000bfcd) c.j     pc - 14
core   0: 3 0x80001a74 (0xbfcd)
core   0: 0x80001a66 (0x0000a031) c.j     pc + 12
core   0: 3 0x80001a66 (0xa031)
core   0: 0x80001a72 (0x00002021) c.jal   pc + 8
core   0: 3 0x80001a72 (0x2021) x1  0x80001a74
core   0: 0x80001a7a (0x0000b7c5) c.j     pc - 32
core   0: 3 0x80001a7a (0xb7c5)
core   0: 0x80001a5a (0x00002009) c.jal   pc + 2
core   0: 3 0x80001a5a (0x2009) x1  0x80001a5c
core   0: 0x80001a5c (0x00002801) c.jal   pc + 16
core   0: 3 0x80001a5c (0x2801) x1  0x80001a5e
core   0: 0x80001a6c (0x00002819) c.jal   pc + 22
core   0: 3 0x80001a6c (0x2819) x1  0x80001a6e
core   0: 0x80001a82 (0x000037e5) c.jal   pc - 24
core   0: 3 0x80001a82 (0x37e5) x1  0x80001a84
core   0: 0x80001a6a (0x000037e5) c.jal   pc - 24
core   0: 3 0x80001a6a (0x37e5) x1  0x80001a6c
core   0: 0x80001a52 (0x0000a819) c.j     pc + 22
core   0: 3 0x80001a52 (0xa819)
core   0: 0x80001a68 (0x0000b7f5) c.j     pc - 20
core   0: 3 0x80001a68 (0xb7f5)
core   0: 0x80001a54 (0x00002029) c.jal   pc + 10
core   0: 3 0x80001a54 (0x2029) x1  0x80001a56
core   0: 0x80001a5e (0x0000a805) c.j     pc + 48
core   0: 3 0x80001a5e (0xa805)
core   0: 0x80001a8e (0xfe3ff0ef) jal     pc - 0x1e
core   0: 3 0x80001a8e (0xfe3ff0ef) x1  0x80001a92
core   0: 0x80001a70 (0x0000bffd) c.j     pc - 2
core   0: 3 0x80001a70 (0xbffd)
core   0: 0x80001a6e (0x00002021) c.jal   pc + 8
core   0: 3 0x80001a6e (0x2021) x1  0x80001a70
core   0: 0x80001a76 (0x00a00d6f) jal     s10, pc + 0xa
core   0: 3 0x80001a76 (0x00a00d6f) x26 0x80001a7a
core   0: 0x80001a80 (0x00002029) c.jal   pc + 10
core   0: 3 0x80001a80 (0x2029) x1  0x80001a82
core   0: 0x80001a8a (0xff5ff36f) jal     t1, pc - 0xc
core   0: 3 0x80001a8a (0xff5ff36f) x6  0x80001a8e
core   0: 0x80001a7e (0x00003fe1) c.jal   pc - 40
core   0: 3 0x80001a7e (0x3fe1) x1  0x80001a80
core   0: 0x80001a56 (0x00c000ef) jal     pc + 0xc
core   0: 3 0x80001a56 (0x00c000ef) x1  0x80001a5a
core   0: 0x80001a62 (0x030000ef) jal     pc + 0x30
core   0: 3 0x80001a62 (0x030000ef) x1  0x80001a66
core   0: 0x80001a92 (0x00002009) c.jal   pc + 2
core   0: 3 0x80001a92 (0x2009) x1  0x80001a94
core   0: 0x80001a94 (0x03f8e333) rem     t1, a7, t6
core   0: 3 0x80001a94 (0x03f8e333) x6  0x00000000
core   0: 0x80001a98 (0x00010417) auipc   s0, 0x10
core   0: 3 0x80001a98 (0x00010417) x8  0x80011a98
core   0: 0x80001a9c (0xb3140413) addi    s0, s0, -1231
core   0: 3 0x80001a9c (0xb3140413) x8  0x800115c9
core   0: 0x80001aa0 (0x20844703) lbu     a4, 520(s0)
core   0: 3 0x80001aa0 (0x20844703) x14 0x0000008a mem 0x800117d1
core   0: 0x80001aa4 (0x19341f03) lh      t5, 403(s0)
core   0: 3 0x80001aa4 (0x19341f03) x30 0x00001617 mem 0x8001175c
core   0: 0x80001aa8 (0x35941f03) lh      t5, 857(s0)
core   0: 3 0x80001aa8 (0x35941f03) x30 0xffffd8d9 mem 0x80011922
core   0: 0x80001aac (0x5ee40d83) lb      s11, 1518(s0)
core   0: 3 0x80001aac (0x5ee40d83) x27 0x0000006c mem 0x80011bb7
core   0: 0x80001ab0 (0x3de40183) lb      gp, 990(s0)
core   0: 3 0x80001ab0 (0x3de40183) x3  0x0000005c mem 0x800119a7
core   0: 0x80001ab4 (0x003f4db3) xor     s11, t5, gp
core   0: 3 0x80001ab4 (0x003f4db3) x27 0xffffd885
core   0: 0x80001ab8 (0x73444d83) lbu     s11, 1844(s0)
core   0: 3 0x80001ab8 (0x73444d83) x27 0x000000b6 mem 0x80011cfd
core   0: 0x80001abc (0x0000977a) c.add   a4, t5
core   0: 3 0x80001abc (0x977a) x14 0xffffd963
core   0: 0x80001abe (0x50e40183) lb      gp, 1294(s0)
core   0: 3 0x80001abe (0x50e40183) x3  0xffffff8c mem 0x80011ad7
core   0: 0x80001ac2 (0xad040d83) lb      s11, -1328(s0)
core   0: 3 0x80001ac2 (0xad040d83) x27 0x00000052 mem 0x80011099
core   0: 0x80001ac6 (0xabcdf193) andi    gp, s11, -1348
core   0: 3 0x80001ac6 (0xabcdf193) x3  0x00000010
core   0: 0x80001aca (0x2e840183) lb      gp, 744(s0)
core   0: 3 0x80001aca (0x2e840183) x3  0x0000006a mem 0x800118b1
core   0: 0x80001ace (0x03440d83) lb      s11, 52(s0)
core   0: 3 0x80001ace (0x03440d83) x27 0xffffffb6 mem 0x800115fd
core   0: 0x80001ad2 (0x3ef41d83) lh      s11, 1007(s0)
core   0: 3 0x80001ad2 (0x3ef41d83) x27 0x00007273 mem 0x800119b8
core   0: 0x80001ad6 (0x59c7b193) sltiu   gp, a5, 1436
core   0: 3 0x80001ad6 (0x59c7b193) x3  0x00000000
core   0: 0x80001ada (0x68a44583) lbu     a1, 1674(s0)
core   0: 3 0x80001ada (0x68a44583) x11 0x00000008 mem 0x80011c53
core   0: 0x80001ade (0xf2044f03) lbu     t5, -224(s0)
core   0: 3 0x80001ade (0xf2044f03) x30 0x000000a2 mem 0x800114e9
core   0: 0x80001ae2 (0xfcb44183) lbu     gp, -53(s0)
core   0: 3 0x80001ae2 (0xfcb44183) x3  0x0000004f mem 0x80011594
core   0: 0x80001ae6 (0x00008dad) c.xor   a1, a1
core   0: 3 0x80001ae6 (0x8dad) x11 0x00000000
core   0: 0x80001ae8 (0x0de40e23) sb      t5, 220(s0)
core   0: 3 0x80001ae8 (0x0de40e23) mem 0x800116a5 0xa2
core   0: 0x80001aec (0x00b1bf33) sltu    t5, gp, a1
core   0: 3 0x80001aec (0x00b1bf33) x30 0x00000000
core   0: 0x80001af0 (0x000085bd) c.srai  a1, 15
core   0: 3 0x80001af0 (0x85bd) x11 0x00000000
core   0: 0x80001af2 (0x502f2193) slti    gp, t5, 1282
core   0: 3 0x80001af2 (0x502f2193) x3  0x00000001
core   0: 0x80001af6 (0x7bb423a3) sw      s11, 1959(s0)
core   0: 3 0x80001af6 (0x7bb423a3) mem 0x80011d70 0x00007273
core   0: 0x80001afa (0xdb541183) lh      gp, -587(s0)
core   0: 3 0x80001afa (0xdb541183) x3  0x00003435 mem 0x8001137e
core   0: 0x80001afe (0x000081ae) c.mv    gp, a1
core   0: 3 0x80001afe (0x81ae) x3  0x00000000
core   0: 0x80001b00 (0x21e40183) lb      gp, 542(s0)
core   0: 3 0x80001b00 (0x21e40183) x3  0xffffff9c mem 0x800117e7
core   0: 0x80001b04 (0x14f40423) sb      a5, 328(s0)
core   0: 3 0x80001b04 (0x14f40423) mem 0x80011711 0xff
core   0: 0x80001b08 (0x49741183) lh      gp, 1175(s0)
core   0: 3 0x80001b08 (0x49741183) x3  0x00001a1b mem 0x80011a60
core   0: 0x80001b0c (0x00b747b3) xor     a5, a4, a1
core   0: 3 0x80001b0c (0x00b747b3) x15 0xffffd963
core   0: 0x80001b10 (0x6fb40f23) sb      s11, 1790(s0)
core   0: 3 0x80001b10 (0x6fb40f23) mem 0x80011cc7 0x73
core   0: 0x80001b14 (0xbfb418a3) sh      s11, -1039(s0)
core   0: 3 0x80001b14 (0xbfb418a3) mem 0x800111ba 0x7273
core   0: 0x80001b18 (0xc5c44f03) lbu     t5, -932(s0)
core   0: 3 0x80001b18 (0xc5c44f03) x30 0x000000de mem 0x80011225
core   0: 0x80001b1c (0x08a44183) lbu     gp, 138(s0)
core   0: 3 0x80001b1c (0x08a44183) x3  0x00000008 mem 0x80011653
core   0: 0x80001b20 (0xdae44783) lbu     a5, -594(s0)
core   0: 3 0x80001b20 (0xdae44783) x15 0x0000002c mem 0x80011377
core   0: 0x80001b24 (0xc8240d83) lb      s11, -894(s0)
core   0: 3 0x80001b24 (0xc8240d83) x27 0x00000000 mem 0x8001124b
core   0: 0x80001b28 (0x9b9cb197) auipc   gp, 0x9b9cb
core   0: 3 0x80001b28 (0x9b9cb197) x3  0x1b9ccb28
core   0: 0x80001b2c (0xbd345f03) lhu     t5, -1069(s0)
core   0: 3 0x80001b2c (0xbd345f03) x30 0x00005657 mem 0x8001119c
core   0: 0x80001b30 (0xc2941d83) lh      s11, -983(s0)
core   0: 3 0x80001b30 (0xc2941d83) x27 0xffffa8a9 mem 0x800111f2
core   0: 0x80001b34 (0x00018217) auipc   tp, 0x18
core   0: 3 0x80001b34 (0x00018217) x4  0x80019b34
core   0: 0x80001b38 (0xae620213) addi    tp, tp, -1306
core   0: 3 0x80001b38 (0xae620213) x4  0x8001961a
core   0: 0x80001b3c (0x97b24583) lbu     a1, -1669(tp)
core   0: 3 0x80001b3c (0x97b24583) x11 0x0000004e mem 0x80018f95
core   0: 0x80001b40 (0x408d0033) sub     zero, s10, s0
core   0: 3 0x80001b40 (0x408d0033)
core   0: 0x80001b44 (0xef225e03) lhu     t3, -270(tp)
core   0: 3 0x80001b44 (0xef225e03) x28 0x0000c6c7 mem 0x8001950c
core   0: 0x80001b48 (0xea720e23) sb      t2, -324(tp)
core   0: 3 0x80001b48 (0xea720e23) mem 0x800194d6 0xff
core   0: 0x80001b4c (0x1e022b23) sw      zero, 502(tp)
core   0: 3 0x80001b4c (0x1e022b23) mem 0x80019810 0x00000000
core   0: 0x80001b50 (0xead24b03) lbu     s6, -339(tp)
core   0: 3 0x80001b50 (0xead24b03) x22 0x0000007c mem 0x800194c7
core   0: 0x80001b54 (0xd9f20e83) lb      t4, -609(tp)
core   0: 3 0x80001b54 (0xd9f20e83) x29 0x00000072 mem 0x800193b9
core   0: 0x80001b58 (0x81f208a3) sb      t6, -2031(tp)
core   0: 3 0x80001b58 (0x81f208a3) mem 0x80018e2b 0x06
core   0: 0x80001b5c (0x35c203a3) sb      t3, 839(tp)
core   0: 3 0x80001b5c (0x35c203a3) mem 0x80019961 0xc7
core   0: 0x80001b60 (0x03e50833) mul     a6, a0, t5
core   0: 3 0x80001b60 (0x03e50833) x16 0x80000000
core   0: 0x80001b64 (0x05425683) lhu     a3, 84(tp)
core   0: 3 0x80001b64 (0x05425683) x13 0x00002425 mem 0x8001966e
core   0: 0x80001b68 (0x27a20e03) lb      t3, 634(tp)
core   0: 3 0x80001b68 (0x27a20e03) x28 0x0000004f mem 0x80019894
core   0: 0x80001b6c (0x6a320903) lb      s2, 1699(tp)
core   0: 3 0x80001b6c (0x6a320903) x18 0x00000076 mem 0x80019cbd
core   0: 0x80001b70 (0x09820183) lb      gp, 152(tp)
core   0: 3 0x80001b70 (0x09820183) x3  0x00000069 mem 0x800196b2
core   0: 0x80001b74 (0xf39201a3) sb      s9, -221(tp)
core   0: 3 0x80001b74 (0xf39201a3) mem 0x8001953d 0x06
core   0: 0x80001b78 (0xc151a9b7) lui     s3, 0xc151a
core   0: 3 0x80001b78 (0xc151a9b7) x19 0xc151a000
core   0: 0x80001b7c (0x01de9713) slli    a4, t4, 29
core   0: 3 0x80001b7c (0x01de9713) x14 0x40000000
core   0: 0x80001b80 (0x09608e93) addi    t4, ra, 150
core   0: 3 0x80001b80 (0x09608e93) x29 0x80001b2a
core   0: 0x80001b84 (0x9a120d83) lb      s11, -1631(tp)
core   0: 3 0x80001b84 (0x9a120d83) x27 0x00000070 mem 0x80018fbb
core   0: 0x80001b88 (0xb4c20803) lb      a6, -1204(tp)
core   0: 3 0x80001b88 (0xb4c20803) x16 0x0000001d mem 0x80019166
core   0: 0x80001b8c (0x994eeb13) ori     s6, t4, -1644
core   0: 3 0x80001b8c (0x994eeb13) x22 0xfffffbbe
core   0: 0x80001b90 (0xd0420a23) sb      tp, -748(tp)
core   0: 3 0x80001b90 (0xd0420a23) mem 0x8001932e 0x1a
core   0: 0x80001b94 (0x27821283) lh      t0, 632(tp)
core   0: 3 0x80001b94 (0x27821283) x5  0x00004849 mem 0x80019892
core   0: 0x80001b98 (0xebf20c03) lb      s8, -321(tp)
core   0: 3 0x80001b98 (0xebf20c03) x24 0xffffff92 mem 0x800194d9
core   0: 0x80001b9c (0xef524e83) lbu     t4, -267(tp)
core   0: 3 0x80001b9c (0xef524e83) x29 0x000000c4 mem 0x8001950f
core   0: 0x80001ba0 (0xbff20303) lb      t1, -1025(tp)
core   0: 3 0x80001ba0 (0xbff20303) x6  0xffffffd2 mem 0x80019219
core   0: 0x80001ba4 (0x0000567d) c.li    a2, -1
core   0: 3 0x80001ba4 (0x567d) x12 0xffffffff
core   0: 0x80001ba6 (0xcb524083) lbu     ra, -843(tp)
core   0: 3 0x80001ba6 (0xcb524083) x1  0x00000084 mem 0x800192cf
core   0: 0x80001baa (0xfc424703) lbu     a4, -60(tp)
core   0: 3 0x80001baa (0xfc424703) x14 0x00000095 mem 0x800195de
core   0: 0x80001bae (0xf8224c83) lbu     s9, -126(tp)
core   0: 3 0x80001bae (0xf8224c83) x25 0x00000057 mem 0x8001959c
core   0: 0x80001bb2 (0x00008c0d) c.sub   s0, a1
core   0: 3 0x80001bb2 (0x8c0d) x8  0x8001157b
core   0: 0x80001bb4 (0xb4720083) lb      ra, -1209(tp)
core   0: 3 0x80001bb4 (0xb4720083) x1  0x0000001a mem 0x80019161
core   0: 0x80001bb8 (0x69621623) sh      s6, 1676(tp)
core   0: 3 0x80001bb8 (0x69621623) mem 0x80019ca6 0xfbbe
core   0: 0x80001bbc (0x26bca713) slti    a4, s9, 619
core   0: 3 0x80001bbc (0x26bca713) x14 0x00000001
core   0: 0x80001bc0 (0x6bc25b83) lhu     s7, 1724(tp)
core   0: 3 0x80001bc0 (0x6bc25b83) x23 0x00008c8d mem 0x80019cd6
core   0: 0x80001bc4 (0x00000856) c.slli  a6, 21
core   0: 3 0x80001bc4 (0x0856) x16 0x03a00000
core   0: 0x80001bc6 (0x0b924d83) lbu     s11, 185(tp)
core   0: 3 0x80001bc6 (0x0b924d83) x27 0x00000088 mem 0x800196d3
core   0: 0x80001bca (0xf3221b83) lh      s7, -206(tp)
core   0: 3 0x80001bca (0xf3221b83) x23 0x00000607 mem 0x8001954c
core   0: 0x80001bce (0x80b20383) lb      t2, -2037(tp)
core   0: 3 0x80001bce (0x80b20383) x7  0xffffffde mem 0x80018e25
core   0: 0x80001bd2 (0x000054e9) c.li    s1, -6
core   0: 3 0x80001bd2 (0x54e9) x9  0xfffffffa
core   0: 0x80001bd4 (0x0052a3b3) slt     t2, t0, t0
core   0: 3 0x80001bd4 (0x0052a3b3) x7  0x00000000
core   0: 0x80001bd8 (0x00008dc1) c.or    a1, s0
core   0: 3 0x80001bd8 (0x8dc1) x11 0x8001157f
core   0: 0x80001bda (0x00008e85) c.sub   a3, s1
core   0: 3 0x80001bda (0x8e85) x13 0x0000242b
core   0: 0x80001bdc (0x00005c69) c.li    s8, -6
core   0: 3 0x80001bdc (0x5c69) x24 0xfffffffa
core   0: 0x80001bde (0x51113cb7) lui     s9, 0x51113
core   0: 3 0x80001bde (0x51113cb7) x25 0x51113000
core   0: 0x80001be2 (0x0049ff33) and     t5, s3, tp
core   0: 3 0x80001be2 (0x0049ff33) x30 0x80018000
core   0: 0x80001be6 (0x000014f9) c.addi  s1, -2
core   0: 3 0x80001be6 (0x14f9) x9  0xfffffff8
core   0: 0x80001be8 (0x019418b3) sll     a7, s0, s9
core   0: 3 0x80001be8 (0x019418b3) x17 0x8001157b
core   0: 0x80001bec (0x005172b3) and     t0, sp, t0
core   0: 3 0x80001bec (0x005172b3) x5  0x00000041
core   0: 0x80001bf0 (0x00008d1d) c.sub   a0, a5
core   0: 3 0x80001bf0 (0x8d1d) x10 0x7fffffd4
core   0: 0x80001bf2 (0x000040a9) c.li    ra, 10
core   0: 3 0x80001bf2 (0x40a9) x1  0x0000000a
core   0: 0x80001bf4 (0x4151d293) srai    t0, gp, 21
core   0: 3 0x80001bf4 (0x4151d293) x5  0x00000000
core   0: 0x80001bf8 (0x00004e25) c.li    t3, 9
core   0: 3 0x80001bf8 (0x4e25) x28 0x00000009
core   0: 0x80001bfa (0x42b57913) andi    s2, a0, 1067
core   0: 3 0x80001bfa (0x42b57913) x18 0x00000400
core   0: 0x80001bfe (0x40855413) srai    s0, a0, 8
core   0: 3 0x80001bfe (0x40855413) x8  0x007fffff
core   0: 0x80001c02 (0x00008e49) c.or    a2, a0
core   0: 3 0x80001c02 (0x8e49) x12 0xffffffff
core   0: 0x80001c04 (0x2b3d8893) addi    a7, s11, 691
core   0: 3 0x80001c04 (0x2b3d8893) x17 0x0000033b
core   0: 0x80001c08 (0x4014df33) sra     t5, s1, ra
core   0: 3 0x80001c08 (0x4014df33) x30 0xffffffff
core   0: 0x80001c0c (0x03274fb3) div     t6, a4, s2
core   0: 3 0x80001c0c (0x03274fb3) x31 0x00000000
core   0: 0x80001c10 (0x00008e01) c.sub   a2, s0
core   0: 3 0x80001c10 (0x8e01) x12 0xff800000
core   0: 0x80001c12 (0x02819733) mulh    a4, gp, s0
core   0: 3 0x80001c12 (0x02819733) x14 0x00000000
core   0: 0x80001c16 (0x000010e1) c.addi  ra, -8
core   0: 3 0x80001c16 (0x10e1) x1  0x00000002
core   0: 0x80001c18 (0xffc0f6e3) bgeu    ra, t3, pc - 20
core   0: 3 0x80001c18 (0xffc0f6e3)
core   0: 0x80001c1c (0x00009bfd) c.andi  a5, -1
core   0: 3 0x80001c1c (0x9bfd) x15 0x0000002c
core   0: 0x80001c1e (0x857ea813) slti    a6, t4, -1961
core   0: 3 0x80001c1e (0x857ea813) x16 0x00000000
core   0: 0x80001c22 (0xfb84dee3) bge     s1, s8, pc - 68
core   0: 3 0x80001c22 (0xfb84dee3)
core   0: 0x80001c26 (0x02ccbd33) mulhu   s10, s9, a2
core   0: 3 0x80001c26 (0x02ccbd33) x26 0x50e8a768
core   0: 0x80001c2a (0x00004725) c.li    a4, 9
core   0: 3 0x80001c2a (0x4725) x14 0x00000009
core   0: 0x80001c2c (0x000042a5) c.li    t0, 9
core   0: 3 0x80001c2c (0x42a5) x5  0x00000009
core   0: 0x80001c2e (0x00000001) c.nop
core   0: 3 0x80001c2e (0x0001)
core   0: 0x80001c30 (0x0000176d) c.addi  a4, -5
core   0: 3 0x80001c30 (0x176d) x14 0x00000004
core   0: 0x80001c32 (0x0000556d) c.li    a0, -5
core   0: 3 0x80001c32 (0x556d) x10 0xfffffffb
core   0: 0x80001c34 (0x00000001) c.nop
core   0: 3 0x80001c34 (0x0001)
core   0: 0x80001c36 (0x00008e19) c.sub   a2, a4
core   0: 3 0x80001c36 (0x8e19) x12 0xff7ffffc
core   0: 0x80001c38 (0x00000505) c.addi  a0, 1
core   0: 3 0x80001c38 (0x0505) x10 0xfffffffc
core   0: 0x80001c3a (0x0000fd75) c.bnez  a0, pc - 4
core   0: 3 0x80001c3a (0xfd75)
core   0: 0x80001c36 (0x00008e19) c.sub   a2, a4
core   0: 3 0x80001c36 (0x8e19) x12 0xff7ffff8
core   0: 0x80001c38 (0x00000505) c.addi  a0, 1
core   0: 3 0x80001c38 (0x0505) x10 0xfffffffd
core   0: 0x80001c3a (0x0000fd75) c.bnez  a0, pc - 4
core   0: 3 0x80001c3a (0xfd75)
core   0: 0x80001c36 (0x00008e19) c.sub   a2, a4
core   0: 3 0x80001c36 (0x8e19) x12 0xff7ffff4
core   0: 0x80001c38 (0x00000505) c.addi  a0, 1
core   0: 3 0x80001c38 (0x0505) x10 0xfffffffe
core   0: 0x80001c3a (0x0000fd75) c.bnez  a0, pc - 4
core   0: 3 0x80001c3a (0xfd75)
core   0: 0x80001c36 (0x00008e19) c.sub   a2, a4
core   0: 3 0x80001c36 (0x8e19) x12 0xff7ffff0
core   0: 0x80001c38 (0x00000505) c.addi  a0, 1
core   0: 3 0x80001c38 (0x0505) x10 0xffffffff
core   0: 0x80001c3a (0x0000fd75) c.bnez  a0, pc - 4
core   0: 3 0x80001c3a (0xfd75)
core   0: 0x80001c36 (0x00008e19) c.sub   a2, a4
core   0: 3 0x80001c36 (0x8e19) x12 0xff7fffec
core   0: 0x80001c38 (0x00000505) c.addi  a0, 1
core   0: 3 0x80001c38 (0x0505) x10 0x00000000
core   0: 0x80001c3a (0x0000fd75) c.bnez  a0, pc - 4
core   0: 3 0x80001c3a (0xfd75)
core   0: 0x80001c3c (0xfe5779e3) bgeu    a4, t0, pc - 14
core   0: 3 0x80001c3c (0xfe5779e3)
core   0: 0x80001c40 (0x0061dd33) srl     s10, gp, t1
core   0: 3 0x80001c40 (0x0061dd33) x26 0x00000000
core   0: 0x80001c44 (0x00012e97) auipc   t4, 0x12
core   0: 3 0x80001c44 (0x00012e97) x29 0x80013c44
core   0: 0x80001c48 (0x764e8e93) addi    t4, t4, 1892
core   0: 3 0x80001c48 (0x764e8e93) x29 0x800143a8
core   0: 0x80001c4c (0x03633fb3) mulhu   t6, t1, s6
core   0: 3 0x80001c4c (0x03633fb3) x31 0xfffffb90
core   0: 0x80001c50 (0x064e89a3) sb      tp, 115(t4)
core   0: 3 0x80001c50 (0x064e89a3) mem 0x8001441b 0x1a
core   0: 0x80001c54 (0x073ecb83) lbu     s7, 115(t4)
core   0: 3 0x80001c54 (0x073ecb83) x23 0x0000001a mem 0x8001441b
core   0: 0x80001c58 (0x073e8283) lb      t0, 115(t4)
core   0: 3 0x80001c58 (0x073e8283) x5  0x0000001a mem 0x8001441b
core   0: 0x80001c5c (0x0b5e8203) lb      tp, 181(t4)
core   0: 3 0x80001c5c (0x0b5e8203) x4  0x00000016 mem 0x8001445d
core   0: 0x80001c60 (0x000e8483) lb      s1, 0(t4)
core   0: 3 0x80001c60 (0x000e8483) x9  0x00000063 mem 0x800143a8
core   0: 0x80001c64 (0x000ea483) lw      s1, 0(t4)
core   0: 3 0x80001c64 (0x000ea483) x9  0x60616263 mem 0x800143a8
core   0: 0x80001c68 (0x000e8803) lb      a6, 0(t4)
core   0: 3 0x80001c68 (0x000e8803) x16 0x00000063 mem 0x800143a8
core   0: 0x80001c6c (0x000ed583) lhu     a1, 0(t4)
core   0: 3 0x80001c6c (0x000ed583) x11 0x00006263 mem 0x800143a8
core   0: 0x80001c70 (0x000edd83) lhu     s11, 0(t4)
core   0: 3 0x80001c70 (0x000edd83) x27 0x00006263 mem 0x800143a8
core   0: 0x80001c74 (0x70766b93) ori     s7, a2, 1799
core   0: 3 0x80001c74 (0x70766b93) x23 0xff7fffef
core   0: 0x80001c78 (0x0000987e) c.add   a6, t6
core   0: 3 0x80001c78 (0x987e) x16 0xfffffbf3
core   0: 0x80001c7a (0x03f83cb3) mulhu   s9, a6, t6
core   0: 3 0x80001c7a (0x03f83cb3) x25 0xfffff783
core   0: 0x80001c7e (0x000e8f03) lb      t5, 0(t4)
core   0: 3 0x80001c7e (0x000e8f03) x30 0x00000063 mem 0x800143a8
core   0: 0x80001c82 (0x000ec603) lbu     a2, 0(t4)
core   0: 3 0x80001c82 (0x000ec603) x12 0x00000063 mem 0x800143a8
core   0: 0x80001c86 (0x000e8803) lb      a6, 0(t4)
core   0: 3 0x80001c86 (0x000e8803) x16 0x00000063 mem 0x800143a8
core   0: 0x80001c8a (0x00005479) c.li    s0, -2
core   0: 3 0x80001c8a (0x5479) x8  0xfffffffe
core   0: 0x80001c8c (0x00009556) c.add   a0, s5
core   0: 3 0x80001c8c (0x9556) x10 0x80029d24
core   0: 0x80001c8e (0x01880fb3) add     t6, a6, s8
core   0: 3 0x80001c8e (0x01880fb3) x31 0x0000005d
core   0: 0x80001c92 (0x00008fe1) c.and   a5, s0
core   0: 3 0x80001c92 (0x8fe1) x15 0x0000002c
core   0: 0x80001c94 (0x00f5c233) xor     tp, a1, a5
core   0: 3 0x80001c94 (0x00f5c233) x4  0x0000624f
core   0: 0x80001c98 (0x0000659d) c.lui   a1, 0x7
core   0: 3 0x80001c98 (0x659d) x11 0x00007000
core   0: 0x80001c9a (0x011e2633) slt     a2, t3, a7
core   0: 3 0x80001c9a (0x011e2633) x12 0x00000001
core   0: 0x80001c9e (0x000085e1) c.srai  a1, 24
core   0: 3 0x80001c9e (0x85e1) x11 0x00000000
core   0: 0x80001ca0 (0x41ca5e93) srai    t4, s4, 28
core   0: 3 0x80001ca0 (0x41ca5e93) x29 0xfffffff8
core   0: 0x80001ca4 (0x2f51c493) xori    s1, gp, 757
core   0: 3 0x80001ca4 (0x2f51c493) x9  0x0000029c
core   0: 0x80001ca8 (0x00008f39) c.xor   a4, a4
core   0: 3 0x80001ca8 (0x8f39) x14 0x00000000
core   0: 0x80001caa (0x41135e93) srai    t4, t1, 17
core   0: 3 0x80001caa (0x41135e93) x29 0xffffffff
core   0: 0x80001cae (0x00008cd1) c.or    s1, a2
core   0: 3 0x80001cae (0x8cd1) x9  0x0000029d
core   0: 0x80001cb0 (0x00000001) c.nop
core   0: 3 0x80001cb0 (0x0001)
core   0: 0x80001cb2 (0x00008ea5) c.xor   a3, s1
core   0: 3 0x80001cb2 (0x8ea5) x13 0x000026b6
core   0: 0x80001cb4 (0x03e593b3) mulh    t2, a1, t5
core   0: 3 0x80001cb4 (0x03e593b3) x7  0x00000000
core   0: 0x80001cb8 (0x00000001) c.nop
core   0: 3 0x80001cb8 (0x0001)
core   0: 0x80001cba (0x0041e933) or      s2, gp, tp
core   0: 3 0x80001cba (0x0041e933) x18 0x0000626f
core   0: 0x80001cbe (0x020c8333) mul     t1, s9, zero
core   0: 3 0x80001cbe (0x020c8333) x6  0x00000000
core   0: 0x80001cc2 (0x022ad5b3) divu    a1, s5, sp
core   0: 3 0x80001cc2 (0x022ad5b3) x11 0x00000000
core   0: 0x80001cc6 (0x00000409) c.addi  s0, 2
core   0: 3 0x80001cc6 (0x0409) x8  0x00000000
core   0: 0x80001cc8 (0x00000b76) c.slli  s6, 29
core   0: 3 0x80001cc8 (0x0b76) x22 0xc0000000
core   0: 0x80001cca (0x000008ce) c.slli  a7, 19
core   0: 3 0x80001cca (0x08ce) x17 0x19d80000
core   0: 0x80001ccc (0x00008545) c.srai  a0, 17
core   0: 3 0x80001ccc (0x8545) x10 0xffffc001
core   0: 0x80001cce (0x02b2c633) div     a2, t0, a1
core   0: 3 0x80001cce (0x02b2c633) x12 0xffffffff
core   0: 0x80001cd2 (0xc62f4693) xori    a3, t5, -926
core   0: 3 0x80001cd2 (0xc62f4693) x13 0xfffffc01
core   0: 0x80001cd6 (0x02f20833) mul     a6, tp, a5
core   0: 3 0x80001cd6 (0x02f20833) x16 0x0010e594
core   0: 0x80001cda (0x0000d465) c.beqz  s0, pc - 24
core   0: 3 0x80001cda (0xd465)
core   0: 0x80001cc2 (0x022ad5b3) divu    a1, s5, sp
core   0: 3 0x80001cc2 (0x022ad5b3) x11 0x00000000
core   0: 0x80001cc6 (0x00000409) c.addi  s0, 2
core   0: 3 0x80001cc6 (0x0409) x8  0x00000002
core   0: 0x80001cc8 (0x00000b76) c.slli  s6, 29
core   0: 3 0x80001cc8 (0x0b76) x22 0x00000000
core   0: 0x80001cca (0x000008ce) c.slli  a7, 19
core   0: 3 0x80001cca (0x08ce) x17 0x00000000
core   0: 0x80001ccc (0x00008545) c.srai  a0, 17
core   0: 3 0x80001ccc (0x8545) x10 0xffffffff
core   0: 0x80001cce (0x02b2c633) div     a2, t0, a1
core   0: 3 0x80001cce (0x02b2c633) x12 0xffffffff
core   0: 0x80001cd2 (0xc62f4693) xori    a3, t5, -926
core   0: 3 0x80001cd2 (0xc62f4693) x13 0xfffffc01
core   0: 0x80001cd6 (0x02f20833) mul     a6, tp, a5
core   0: 3 0x80001cd6 (0x02f20833) x16 0x0010e594
core   0: 0x80001cda (0x0000d465) c.beqz  s0, pc - 24
core   0: 3 0x80001cda (0xd465)
core   0: 0x80001cdc (0x035cb733) mulhu   a4, s9, s5
core   0: 3 0x80001cdc (0x035cb733) x14 0x800298e5
core   0: 0x80001ce0 (0x0120036f) jal     t1, pc + 0x12
core   0: 3 0x80001ce0 (0x0120036f) x6  0x80001ce4
core   0: 0x80001cf2 (0x0000a029) c.j     pc + 10
core   0: 3 0x80001cf2 (0xa029)
core   0: 0x80001cfc (0x000037e5) c.jal   pc - 24
core   0: 3 0x80001cfc (0x37e5) x1  0x80001cfe
core   0: 0x80001ce4 (0x0000a031) c.j     pc + 12
core   0: 3 0x80001ce4 (0xa031)
core   0: 0x80001cf0 (0x00002839) c.jal   pc + 30
core   0: 3 0x80001cf0 (0x2839) x1  0x80001cf2
core   0: 0x80001d0e (0xffbff0ef) jal     pc - 0x6
core   0: 3 0x80001d0e (0xffbff0ef) x1  0x80001d12
core   0: 0x80001d08 (0x00e000ef) jal     pc + 0xe
core   0: 3 0x80001d08 (0x00e000ef) x1  0x80001d0c
core   0: 0x80001d16 (0x0000bfc5) c.j     pc - 16
core   0: 3 0x80001d16 (0xbfc5)
core   0: 0x80001d06 (0x0000b7d5) c.j     pc - 28
core   0: 3 0x80001d06 (0xb7d5)
core   0: 0x80001cea (0x014000ef) jal     pc + 0x14
core   0: 3 0x80001cea (0x014000ef) x1  0x80001cee
core   0: 0x80001cfe (0x0000b7ed) c.j     pc - 22
core   0: 3 0x80001cfe (0xb7ed)
core   0: 0x80001ce8 (0x0000bffd) c.j     pc - 2
core   0: 3 0x80001ce8 (0xbffd)
core   0: 0x80001ce6 (0x0000a811) c.j     pc + 20
core   0: 3 0x80001ce6 (0xa811)
core   0: 0x80001cfa (0x00002029) c.jal   pc + 10
core   0: 3 0x80001cfa (0x2029) x1  0x80001cfc
core   0: 0x80001d04 (0x0000a039) c.j     pc + 14
core   0: 3 0x80001d04 (0xa039)
core   0: 0x80001d12 (0x000037d5) c.jal   pc - 28
core   0: 3 0x80001d12 (0x37d5) x1  0x80001d14
core   0: 0x80001cf6 (0x00c000ef) jal     pc + 0xc
core   0: 3 0x80001cf6 (0x00c000ef) x1  0x80001cfa
core   0: 0x80001d02 (0x000037f5) c.jal   pc - 20
core   0: 3 0x80001d02 (0x37f5) x1  0x80001d04
core   0: 0x80001cee (0x00002019) c.jal   pc + 6
core   0: 3 0x80001cee (0x2019) x1  0x80001cf0
core   0: 0x80001cf4 (0x0000a031) c.j     pc + 12
core   0: 3 0x80001cf4 (0xa031)
core   0: 0x80001d00 (0x00002811) c.jal   pc + 20
core   0: 3 0x80001d00 (0x2811) x1  0x80001d02
core   0: 0x80001d14 (0x00003fe5) c.jal   pc - 8
core   0: 3 0x80001d14 (0x3fe5) x1  0x80001d16
core   0: 0x80001d0c (0x0000a031) c.j     pc + 12
core   0: 3 0x80001d0c (0xa031)
core   0: 0x80001d18 (0x01b26d33) or      s10, tp, s11
core   0: 3 0x80001d18 (0x01b26d33) x26 0x0000626f
core   0: 0x80001d1c (0x0000f897) auipc   a7, 0xf
core   0: 3 0x80001d1c (0x0000f897) x17 0x80010d1c
core   0: 0x80001d20 (0x93988893) addi    a7, a7, -1735
core   0: 3 0x80001d20 (0x93988893) x17 0x80010655
core   0: 0x80001d24 (0x400e5913) srai    s2, t3, 0
core   0: 3 0x80001d24 (0x400e5913) x18 0x00000009
core   0: 0x80001d28 (0xff6898a3) sh      s6, -15(a7)
core   0: 3 0x80001d28 (0xff6898a3) mem 0x80010646 0x0000
core   0: 0x80001d2c (0x00c88b03) lb      s6, 12(a7)
core   0: 3 0x80001d2c (0x00c88b03) x22 0x0000006d mem 0x80010661
core   0: 0x80001d30 (0xffc8cb03) lbu     s6, -4(a7)
core   0: 3 0x80001d30 (0xffc8cb03) x22 0x0000000a mem 0x80010651
core   0: 0x80001d34 (0x00b8a803) lw      a6, 11(a7)
core   0: 3 0x80001d34 (0x00b8a803) x16 0x18196d1b mem 0x80010660
core   0: 0x80001d38 (0xff28cb03) lbu     s6, -14(a7)
core   0: 3 0x80001d38 (0xff28cb03) x22 0x00000000 mem 0x80010647
core   0: 0x80001d3c (0x00008e31) c.xor   a2, a2
core   0: 3 0x80001d3c (0x8e31) x12 0x00000000
core   0: 0x80001d3e (0x00e88903) lb      s2, 14(a7)
core   0: 3 0x80001d3e (0x00e88903) x18 0x00000018 mem 0x80010663
core   0: 0x80001d42 (0xfec8a9a3) sw      a2, -13(a7)
core   0: 3 0x80001d42 (0xfec8a9a3) mem 0x80010648 0x00000000
core   0: 0x80001d46 (0xffc888a3) sb      t3, -15(a7)
core   0: 3 0x80001d46 (0xffc888a3) mem 0x80010646 0x09
core   0: 0x80001d4a (0x009e1613) slli    a2, t3, 9
core   0: 3 0x80001d4a (0x009e1613) x12 0x00001200
core   0: 0x80001d4e (0xff688e03) lb      t3, -10(a7)
core   0: 3 0x80001d4e (0xff688e03) x28 0x00000000 mem 0x8001064b
core   0: 0x80001d52 (0xff18d603) lhu     a2, -15(a7)
core   0: 3 0x80001d52 (0xff18d603) x12 0x00000009 mem 0x80010646
core   0: 0x80001d56 (0x02c83e33) mulhu   t3, a6, a2
core   0: 3 0x80001d56 (0x02c83e33) x28 0x00000000
core   0: 0x80001d5a (0xff588d03) lb      s10, -11(a7)
core   0: 3 0x80001d5a (0xff588d03) x26 0x00000000 mem 0x8001064a
core   0: 0x80001d5e (0xffa88b23) sb      s10, -10(a7)
core   0: 3 0x80001d5e (0xffa88b23) mem 0x8001064b 0x00
core   0: 0x80001d62 (0xff688803) lb      a6, -10(a7)
core   0: 3 0x80001d62 (0xff688803) x16 0x00000000 mem 0x8001064b
core   0: 0x80001d66 (0xff488d03) lb      s10, -12(a7)
core   0: 3 0x80001d66 (0xff488d03) x26 0x00000000 mem 0x80010649
core   0: 0x80001d6a (0xff089da3) sh      a6, -5(a7)
core   0: 3 0x80001d6a (0xff089da3) mem 0x80010650 0x0000
core   0: 0x80001d6e (0x030b6833) rem     a6, s6, a6
core   0: 3 0x80001d6e (0x030b6833) x16 0x00000000
core   0: 0x80001d72 (0xffb88d03) lb      s10, -5(a7)
core   0: 3 0x80001d72 (0xffb88d03) x26 0x00000000 mem 0x80010650
core   0: 0x80001d76 (0xff28a9a3) sw      s2, -13(a7)
core   0: 3 0x80001d76 (0xff28a9a3) mem 0x80010648 0x00000018
core   0: 0x80001d7a (0x00008b42) c.mv    s6, a6
core   0: 3 0x80001d7a (0x8b42) x22 0x00000000
core   0: 0x80001d7c (0xbc24cb37) lui     s6, 0xbc24c
core   0: 3 0x80001d7c (0xbc24cb37) x22 0xbc24c000
core   0: 0x80001d80 (0x01a85633) srl     a2, a6, s10
core   0: 3 0x80001d80 (0x01a85633) x12 0x00000000
core   0: 0x80001d84 (0x010894a3) sh      a6, 9(a7)
core   0: 3 0x80001d84 (0x010894a3) mem 0x8001065e 0x0000
core   0: 0x80001d88 (0x01a81833) sll     a6, a6, s10
core   0: 3 0x80001d88 (0x01a81833) x16 0x00000000
core   0: 0x80001d8c (0x0098c803) lbu     a6, 9(a7)
core   0: 3 0x80001d8c (0x0098c803) x16 0x00000000 mem 0x8001065e
core   0: 0x80001d90 (0x0038d903) lhu     s2, 3(a7)
core   0: 3 0x80001d90 (0x0038d903) x18 0x00001213 mem 0x80010658
core   0: 0x80001d94 (0x03ab2e33) mulhsu  t3, s6, s10
core   0: 3 0x80001d94 (0x03ab2e33) x28 0x00000000
core   0: 0x80001d98 (0xffc8c803) lbu     a6, -4(a7)
core   0: 3 0x80001d98 (0xffc8c803) x16 0x00000000 mem 0x80010651
core   0: 0x80001d9c (0xa2666e13) ori     t3, a2, -1498
core   0: 3 0x80001d9c (0xa2666e13) x28 0xfffffa26
core   0: 0x80001da0 (0x00989603) lh      a2, 9(a7)
core   0: 3 0x80001da0 (0x00989603) x12 0x00000000 mem 0x8001065e
core   0: 0x80001da4 (0x0058dd03) lhu     s10, 5(a7)
core   0: 3 0x80001da4 (0x0058dd03) x26 0x00001011 mem 0x8001065a
core   0: 0x80001da8 (0xff98de03) lhu     t3, -7(a7)
core   0: 3 0x80001da8 (0xff98de03) x28 0x00000405 mem 0x8001064e
core   0: 0x80001dac (0xff488e03) lb      t3, -12(a7)
core   0: 3 0x80001dac (0xff488e03) x28 0x00000000 mem 0x80010649
core   0: 0x80001db0 (0x0000f517) auipc   a0, 0xf
core   0: 3 0x80001db0 (0x0000f517) x10 0x80010db0
core   0: 0x80001db4 (0x89f50513) addi    a0, a0, -1889
core   0: 3 0x80001db4 (0x89f50513) x10 0x8001064f
core   0: 0x80001db8 (0x02b015b3) mulh    a1, zero, a1
core   0: 3 0x80001db8 (0x02b015b3) x11 0x00000000
core   0: 0x80001dbc (0xfd555403) lhu     s0, -43(a0)
core   0: 3 0x80001dbc (0xfd555403) x8  0x0000dedf mem 0x80010624
core   0: 0x80001dc0 (0xfde50303) lb      t1, -34(a0)
core   0: 3 0x80001dc0 (0xfde50303) x6  0xffffffe6 mem 0x8001062d
core   0: 0x80001dc4 (0x000e74b3) and     s1, t3, zero
core   0: 3 0x80001dc4 (0x000e74b3) x9  0x00000000
core   0: 0x80001dc8 (0x8a802493) slti    s1, zero, -1880
core   0: 3 0x80001dc8 (0x8a802493) x9  0x00000000
core   0: 0x80001dcc (0xffc50423) sb      t3, -24(a0)
core   0: 3 0x80001dcc (0xffc50423) mem 0x80010637 0x00
core   0: 0x80001dd0 (0x02be7e33) remu    t3, t3, a1
core   0: 3 0x80001dd0 (0x02be7e33) x28 0x00000000
core   0: 0x80001dd4 (0x41c35e33) sra     t3, t1, t3
core   0: 3 0x80001dd4 (0x41c35e33) x28 0xffffffe6
core   0: 0x80001dd8 (0xff750003) lb      zero, -9(a0)
core   0: 3 0x80001dd8 (0xff750003) mem 0x80010646
core   0: 0x80001ddc (0x01c314b3) sll     s1, t1, t3
core   0: 3 0x80001ddc (0x01c314b3) x9  0xfffff980
core   0: 0x80001de0 (0x026004b3) mul     s1, zero, t1
core   0: 3 0x80001de0 (0x026004b3) x9  0x00000000
core   0: 0x80001de4 (0x02958033) mul     zero, a1, s1
core   0: 3 0x80001de4 (0x02958033)
core   0: 0x80001de8 (0xfeb54303) lbu     t1, -21(a0)
core   0: 3 0x80001de8 (0xfeb54303) x6  0x000000f1 mem 0x8001063a
core   0: 0x80001dec (0x00008de1) c.and   a1, s0
core   0: 3 0x80001dec (0x8de1) x11 0x00000000
core   0: 0x80001dee (0x0294e433) rem     s0, s1, s1
core   0: 3 0x80001dee (0x0294e433) x8  0x00000000
core   0: 0x80001df2 (0x00000001) c.nop
core   0: 3 0x80001df2 (0x0001)
core   0: 0x80001df4 (0x00008e26) c.mv    t3, s1
core   0: 3 0x80001df4 (0x8e26) x28 0x00000000
core   0: 0x80001df6 (0xce05be13) sltiu   t3, a1, -800
core   0: 3 0x80001df6 (0xce05be13) x28 0x00000001
core   0: 0x80001dfa (0x02550303) lb      t1, 37(a0)
core   0: 3 0x80001dfa (0x02550303) x6  0x0000002f mem 0x80010674
core   0: 0x80001dfe (0x03c506a3) sb      t3, 45(a0)
core   0: 3 0x80001dfe (0x03c506a3) mem 0x8001067c 0x01
core   0: 0x80001e02 (0x0bc4a413) slti    s0, s1, 188
core   0: 3 0x80001e02 (0x0bc4a413) x8  0x00000001
core   0: 0x80001e06 (0x029354b3) divu    s1, t1, s1
core   0: 3 0x80001e06 (0x029354b3) x9  0xffffffff
core   0: 0x80001e0a (0x01351483) lh      s1, 19(a0)
core   0: 3 0x80001e0a (0x01351483) x9  0x00001819 mem 0x80010662
core   0: 0x80001e0e (0xfc650e03) lb      t3, -58(a0)
core   0: 3 0x80001e0e (0xfc650e03) x28 0xffffffce mem 0x80010615
core   0: 0x80001e12 (0x00008da1) c.xor   a1, s0
core   0: 3 0x80001e12 (0x8da1) x11 0x00000001
core   0: 0x80001e14 (0x00951483) lh      s1, 9(a0)
core   0: 3 0x80001e14 (0x00951483) x9  0x00001213 mem 0x80010658
core   0: 0x80001e18 (0xe6bd44b7) lui     s1, 0xe6bd4
core   0: 3 0x80001e18 (0xe6bd44b7) x9  0xe6bd4000
core   0: 0x80001e1c (0x0000032e) c.slli  t1, 11
core   0: 3 0x80001e1c (0x032e) x6  0x00017800
core   0: 0x80001e1e (0x00008cad) c.xor   s1, a1
core   0: 3 0x80001e1e (0x8cad) x9  0xe6bd4001
core   0: 0x80001e20 (0x02d51303) lh      t1, 45(a0)
core   0: 3 0x80001e20 (0x02d51303) x6  0x00003601 mem 0x8001067c
core   0: 0x80001e24 (0x020045b3) div     a1, zero, zero
core   0: 3 0x80001e24 (0x020045b3) x11 0xffffffff
core   0: 0x80001e28 (0x400e54b3) sra     s1, t3, zero
core   0: 3 0x80001e28 (0x400e54b3) x9  0xffffffce
core   0: 0x80001e2c (0x0000047e) c.slli  s0, 31
core   0: 3 0x80001e2c (0x047e) x8  0x80000000
core   0: 0x80001e2e (0x00b404b3) add     s1, s0, a1
core   0: 3 0x80001e2e (0x00b404b3) x9  0x7fffffff
core   0: 0x80001e32 (0x02950e23) sb      s1, 60(a0)
core   0: 3 0x80001e32 (0x02950e23) mem 0x8001068b 0xff
core   0: 0x80001e36 (0xc744b313) sltiu   t1, s1, -908
core   0: 3 0x80001e36 (0xc744b313) x6  0x00000001
core   0: 0x80001e3a (0x029075b3) remu    a1, zero, s1
core   0: 3 0x80001e3a (0x029075b3) x11 0x00000000
core   0: 0x80001e3e (0x00906333) or      t1, zero, s1
core   0: 3 0x80001e3e (0x00906333) x6  0x7fffffff
core   0: 0x80001e42 (0x01954e03) lbu     t3, 25(a0)
core   0: 3 0x80001e42 (0x01954e03) x28 0x00000023 mem 0x80010668
core   0: 0x80001e46 (0x00be7333) and     t1, t3, a1
core   0: 3 0x80001e46 (0x00be7333) x6  0x00000000
core   0: 0x80001e4a (0x41635e13) srai    t3, t1, 22
core   0: 3 0x80001e4a (0x41635e13) x28 0x00000000
core   0: 0x80001e4e (0x02054003) lbu     zero, 32(a0)
core   0: 3 0x80001e4e (0x02054003) mem 0x8001066f
core   0: 0x80001e52 (0xfe650403) lb      s0, -26(a0)
core   0: 3 0x80001e52 (0xfe650403) x8  0xffffffee mem 0x80010635
core   0: 0x80001e56 (0x02650323) sb      t1, 38(a0)
core   0: 3 0x80001e56 (0x02650323) mem 0x80010675 0x00
core   0: 0x80001e5a (0x00008ce1) c.and   s1, s0
core   0: 3 0x80001e5a (0x8ce1) x9  0x7fffffee
core   0: 0x80001e5c (0x00b5de33) srl     t3, a1, a1
core   0: 3 0x80001e5c (0x00b5de33) x28 0x00000000
core   0: 0x80001e60 (0x02d54483) lbu     s1, 45(a0)
core   0: 3 0x80001e60 (0x02d54483) x9  0x00000001 mem 0x8001067c
core   0: 0x80001e64 (0x01755e03) lhu     t3, 23(a0)
core   0: 3 0x80001e64 (0x01755e03) x28 0x00001c1d mem 0x80010666
core   0: 0x80001e68 (0x00004c05) c.li    s8, 1
core   0: 3 0x80001e68 (0x4c05) x24 0x00000001
core   0: 0x80001e6a (0x00004db1) c.li    s11, 12
core   0: 3 0x80001e6a (0x4db1) x27 0x0000000c
core   0: 0x80001e6c (0x0ab54713) xori    a4, a0, 171
core   0: 3 0x80001e6c (0x0ab54713) x14 0x800106e4
core   0: 0x80001e70 (0x00000c1d) c.addi  s8, 7
core   0: 3 0x80001e70 (0x0c1d) x24 0x00000008
core   0: 0x80001e72 (0x0000525d) c.li    tp, -9
core   0: 3 0x80001e72 (0x525d) x4  0xfffffff7
core   0: 0x80001e74 (0x001ef1b3) and     gp, t4, ra
core   0: 3 0x80001e74 (0x001ef1b3) x3  0x80001d16
core   0: 0x80001e78 (0x00004899) c.li    a7, 6
core   0: 3 0x80001e78 (0x4899) x17 0x00000006
core   0: 0x80001e7a (0x00000001) c.nop
core   0: 3 0x80001e7a (0x0001)
core   0: 0x80001e7c (0x00000215) c.addi  tp, 5
core   0: 3 0x80001e7c (0x0215) x4  0xfffffffc
core   0: 0x80001e7e (0xff121ee3) bne     tp, a7, pc - 4
core   0: 3 0x80001e7e (0xff121ee3)
core   0: 0x80001e7a (0x00000001) c.nop
core   0: 3 0x80001e7a (0x0001)
core   0: 0x80001e7c (0x00000215) c.addi  tp, 5
core   0: 3 0x80001e7c (0x0215) x4  0x00000001
core   0: 0x80001e7e (0xff121ee3) bne     tp, a7, pc - 4
core   0: 3 0x80001e7e (0xff121ee3)
core   0: 0x80001e7a (0x00000001) c.nop
core   0: 3 0x80001e7a (0x0001)
core   0: 0x80001e7c (0x00000215) c.addi  tp, 5
core   0: 3 0x80001e7c (0x0215) x4  0x00000006
core   0: 0x80001e7e (0xff121ee3) bne     tp, a7, pc - 4
core   0: 3 0x80001e7e (0xff121ee3)
core   0: 0x80001e82 (0xffbc45e3) blt     s8, s11, pc - 22
core   0: 3 0x80001e82 (0xffbc45e3)
core   0: 0x80001e6c (0x0ab54713) xori    a4, a0, 171
core   0: 3 0x80001e6c (0x0ab54713) x14 0x800106e4
core   0: 0x80001e70 (0x00000c1d) c.addi  s8, 7
core   0: 3 0x80001e70 (0x0c1d) x24 0x0000000f
core   0: 0x80001e72 (0x0000525d) c.li    tp, -9
core   0: 3 0x80001e72 (0x525d) x4  0xfffffff7
core   0: 0x80001e74 (0x001ef1b3) and     gp, t4, ra
core   0: 3 0x80001e74 (0x001ef1b3) x3  0x80001d16
core   0: 0x80001e78 (0x00004899) c.li    a7, 6
core   0: 3 0x80001e78 (0x4899) x17 0x00000006
core   0: 0x80001e7a (0x00000001) c.nop
core   0: 3 0x80001e7a (0x0001)
core   0: 0x80001e7c (0x00000215) c.addi  tp, 5
core   0: 3 0x80001e7c (0x0215) x4  0xfffffffc
core   0: 0x80001e7e (0xff121ee3) bne     tp, a7, pc - 4
core   0: 3 0x80001e7e (0xff121ee3)
core   0: 0x80001e7a (0x00000001) c.nop
core   0: 3 0x80001e7a (0x0001)
core   0: 0x80001e7c (0x00000215) c.addi  tp, 5
core   0: 3 0x80001e7c (0x0215) x4  0x00000001
core   0: 0x80001e7e (0xff121ee3) bne     tp, a7, pc - 4
core   0: 3 0x80001e7e (0xff121ee3)
core   0: 0x80001e7a (0x00000001) c.nop
core   0: 3 0x80001e7a (0x0001)
core   0: 0x80001e7c (0x00000215) c.addi  tp, 5
core   0: 3 0x80001e7c (0x0215) x4  0x00000006
core   0: 0x80001e7e (0xff121ee3) bne     tp, a7, pc - 4
core   0: 3 0x80001e7e (0xff121ee3)
core   0: 0x80001e82 (0xffbc45e3) blt     s8, s11, pc - 22
core   0: 3 0x80001e82 (0xffbc45e3)
core   0: 0x80001e86 (0x009f82b3) add     t0, t6, s1
core   0: 3 0x80001e86 (0x009f82b3) x5  0x0000005e
core   0: 0x80001e8a (0x0305cd63) blt     a1, a6, pc + 58
core   0: 3 0x80001e8a (0x0305cd63)
core   0: 0x80001e8e (0x034c4263) blt     s8, s4, pc + 36
core   0: 3 0x80001e8e (0x034c4263)
core   0: 0x80001e92 (0x9fd02613) slti    a2, zero, -1539
core   0: 3 0x80001e92 (0x9fd02613) x12 0x00000000
core   0: 0x80001e96 (0x0054ccb3) xor     s9, s1, t0
core   0: 3 0x80001e96 (0x0054ccb3) x25 0x0000005f
core   0: 0x80001e9a (0x01945033) srl     zero, s0, s9
core   0: 3 0x80001e9a (0x01945033)
core   0: 0x80001e9e (0x3988b237) lui     tp, 0x3988b
core   0: 3 0x80001e9e (0x3988b237) x4  0x3988b000
core   0: 0x80001ea2 (0x03dff2b3) remu    t0, t6, t4
core   0: 3 0x80001ea2 (0x03dff2b3) x5  0x0000005d
core   0: 0x80001ea6 (0x0005efb3) or      t6, a1, zero
core   0: 3 0x80001ea6 (0x0005efb3) x31 0x00000000
core   0: 0x80001eaa (0x000002f2) c.slli  t0, 28
core   0: 3 0x80001eaa (0x02f2) x5  0xd0000000
core   0: 0x80001eac (0x000098be) c.add   a7, a5
core   0: 3 0x80001eac (0x98be) x17 0x00000032
core   0: 0x80001eae (0x00342333) slt     t1, s0, gp
core   0: 3 0x80001eae (0x00342333) x6  0x00000000
core   0: 0x80001eb2 (0x00008f89) c.sub   a5, a0
core   0: 3 0x80001eb2 (0x8f89) x15 0x7ffef9dd
core   0: 0x80001eb4 (0x000000ee) c.slli  ra, 27
core   0: 3 0x80001eb4 (0x00ee) x1  0xb0000000
core   0: 0x80001eb6 (0x03410263) beq     sp, s4, pc + 36
core   0: 3 0x80001eb6 (0x03410263)
core   0: 0x80001eba (0x00008f6d) c.and   a4, a1
core   0: 3 0x80001eba (0x8f6d) x14 0x00000000
core   0: 0x80001ebc (0x000008aa) c.slli  a7, 10
core   0: 3 0x80001ebc (0x08aa) x17 0x0000c800
core   0: 0x80001ebe (0x00004e31) c.li    t3, 12
core   0: 3 0x80001ebe (0x4e31) x28 0x0000000c
core   0: 0x80001ec0 (0x031efd63) bgeu    t4, a7, pc + 58
core   0: 3 0x80001ec0 (0x031efd63)
core   0: 0x80001efa (0x413dd1b3) sra     gp, s11, s3
core   0: 3 0x80001efa (0x413dd1b3) x3  0x0000000c
core   0: 0x80001efe (0x00000001) c.nop
core   0: 3 0x80001efe (0x0001)
core   0: 0x80001f00 (0x00008f49) c.or    a4, a0
core   0: 3 0x80001f00 (0x8f49) x14 0x8001064f
core   0: 0x80001f02 (0x01824233) xor     tp, tp, s8
core   0: 3 0x80001f02 (0x01824233) x4  0x3988b00f
core   0: 0x80001f06 (0x020418b3) mulh    a7, s0, zero
core   0: 3 0x80001f06 (0x020418b3) x17 0x00000000
core   0: 0x80001f0a (0x3f893e93) sltiu   t4, s2, 1016
core   0: 3 0x80001f0a (0x3f893e93) x29 0x00000000
core   0: 0x80001f0e (0x00008cd5) c.or    s1, a3
core   0: 3 0x80001f0e (0x8cd5) x9  0xfffffc01
core   0: 0x80001f10 (0x012dbc33) sltu    s8, s11, s2
core   0: 3 0x80001f10 (0x012dbc33) x24 0x00000001
core   0: 0x80001f14 (0x03f06963) bltu    zero, t6, pc + 50
core   0: 3 0x80001f14 (0x03f06963)
core   0: 0x80001f18 (0x4125d913) srai    s2, a1, 18
core   0: 3 0x80001f18 (0x4125d913) x18 0x00000000
core   0: 0x80001f1c (0x03c7cc63) blt     a5, t3, pc + 56
core   0: 3 0x80001f1c (0x03c7cc63)
core   0: 0x80001f20 (0x0000822a) c.mv    tp, a0
core   0: 3 0x80001f20 (0x822a) x4  0x8001064f
core   0: 0x80001f22 (0x02aa86b3) mul     a3, s5, a0
core   0: 3 0x80001f22 (0x02aa86b3) x13 0x2da1561c
core   0: 0x80001f26 (0x022a85b3) mul     a1, s5, sp
core   0: 3 0x80001f26 (0x022a85b3) x11 0x0dca937c
core   0: 0x80001f2a (0x021b7733) remu    a4, s6, ra
core   0: 3 0x80001f2a (0x021b7733) x14 0x0c24c000
core   0: 0x80001f2e (0x0000830e) c.mv    t1, gp
core   0: 3 0x80001f2e (0x830e) x6  0x0000000c
core   0: 0x80001f30 (0x0000942a) c.add   s0, a0
core   0: 3 0x80001f30 (0x942a) x8  0x8001063d
core   0: 0x80001f32 (0x0324f1b3) remu    gp, s1, s2
core   0: 3 0x80001f32 (0x0324f1b3) x3  0xfffffc01
core   0: 0x80001f36 (0x000046c5) c.li    a3, 17
core   0: 3 0x80001f36 (0x46c5) x13 0x00000011
core   0: 0x80001f38 (0x00009b7d) c.andi  a4, -1
core   0: 3 0x80001f38 (0x9b7d) x14 0x0c24c000
core   0: 0x80001f3a (0x44a37893) andi    a7, t1, 1098
core   0: 3 0x80001f3a (0x44a37893) x17 0x00000008
core   0: 0x80001f3e (0xcff77413) andi    s0, a4, -769
core   0: 3 0x80001f3e (0xcff77413) x8  0x0c24c000
core   0: 0x80001f42 (0x022c7933) remu    s2, s8, sp
core   0: 3 0x80001f42 (0x022c7933) x18 0x00000001
core   0: 0x80001f46 (0x01ebfb63) bgeu    s7, t5, pc + 22
core   0: 3 0x80001f46 (0x01ebfb63)
core   0: 0x80001f5c (0x00008e55) c.or    a2, a3
core   0: 3 0x80001f5c (0x8e55) x12 0x00000011
core   0: 0x80001f5e (0x039ea333) mulhsu  t1, t4, s9
core   0: 3 0x80001f5e (0x039ea333) x6  0x00000000
core   0: 0x80001f62 (0x0127d833) srl     a6, a5, s2
core   0: 3 0x80001f62 (0x0127d833) x16 0x3fff7cee
core   0: 0x80001f66 (0x00000bf6) c.slli  s7, 29
core   0: 3 0x80001f66 (0x0bf6) x23 0xe0000000
core   0: 0x80001f68 (0x00bc5413) srli    s0, s8, 11
core   0: 3 0x80001f68 (0x00bc5413) x8  0x00000000
core   0: 0x80001f6c (0x0174f3b3) and     t2, s1, s7
core   0: 3 0x80001f6c (0x0174f3b3) x7  0xe0000000
core   0: 0x80001f70 (0x034f97b3) mulh    a5, t6, s4
core   0: 3 0x80001f70 (0x034f97b3) x15 0x00000000
core   0: 0x80001f74 (0x0139d913) srli    s2, s3, 19
core   0: 3 0x80001f74 (0x0139d913) x18 0x0000182a
core   0: 0x80001f78 (0x007c66b3) or      a3, s8, t2
core   0: 3 0x80001f78 (0x007c66b3) x13 0xe0000001
core   0: 0x80001f7c (0x00008f11) c.sub   a4, a2
core   0: 3 0x80001f7c (0x8f11) x14 0x0c24bfef
core   0: 0x80001f7e (0x4028de13) srai    t3, a7, 2
core   0: 3 0x80001f7e (0x4028de13) x28 0x00000002
core   0: 0x80001f82 (0x00008cf9) c.and   s1, a4
core   0: 3 0x80001f82 (0x8cf9) x9  0x0c24bc01
core   0: 0x80001f84 (0x00000d9e) c.slli  s11, 7
core   0: 3 0x80001f84 (0x0d9e) x27 0x00000600
core   0: 0x80001f86 (0x411bd233) sra     tp, s7, a7
core   0: 3 0x80001f86 (0x411bd233) x4  0xffe00000
core   0: 0x80001f8a (0x0000823e) c.mv    tp, a5
core   0: 3 0x80001f8a (0x823e) x4  0x00000000
core   0: 0x80001f8c (0x02de2333) mulhsu  t1, t3, a3
core   0: 3 0x80001f8c (0x02de2333) x6  0x00000001
core   0: 0x80001f90 (0x006679b3) and     s3, a2, t1
core   0: 3 0x80001f90 (0x006679b3) x19 0x00000001
core   0: 0x80001f94 (0x0000e099) c.bnez  s1, pc + 6
core   0: 3 0x80001f94 (0xe099)
core   0: 0x80001f9a (0x00ef9763) bne     t6, a4, pc + 14
core   0: 3 0x80001f9a (0x00ef9763)
core   0: 0x80001fa8 (0x0000034e) c.slli  t1, 19
core   0: 3 0x80001fa8 (0x034e) x6  0x00080000
core   0: 0x80001faa (0x00c33d33) sltu    s10, t1, a2
core   0: 3 0x80001faa (0x00c33d33) x26 0x00000000
core   0: 0x80001fae (0x00000001) c.nop
core   0: 3 0x80001fae (0x0001)
core   0: 0x80001fb0 (0x00008f7d) c.and   a4, a5
core   0: 3 0x80001fb0 (0x8f7d) x14 0x00000000
core   0: 0x80001fb2 (0x00000001) c.nop
core   0: 3 0x80001fb2 (0x0001)
core   0: 0x80001fb4 (0x03b73433) mulhu   s0, a4, s11
core   0: 3 0x80001fb4 (0x03b73433) x8  0x00000000
core   0: 0x80001fb8 (0x02b6d233) divu    tp, a3, a1
core   0: 3 0x80001fb8 (0x02b6d233) x4  0x00000010
core   0: 0x80001fbc (0x00000001) c.nop
core   0: 3 0x80001fbc (0x0001)
core   0: 0x80001fbe (0x04611363) bne     sp, t1, pc + 70
core   0: 3 0x80001fbe (0x04611363)
core   0: 0x80002004 (0x00008f1d) c.sub   a4, a5
core   0: 3 0x80002004 (0x8f1d) x14 0x00000000
core   0: 0x80002006 (0x00008f05) c.sub   a4, s1
core   0: 3 0x80002006 (0x8f05) x14 0xf3db43ff
core   0: 0x80002008 (0x03b21db3) mulh    s11, tp, s11
core   0: 3 0x80002008 (0x03b21db3) x27 0x00000000
core   0: 0x8000200c (0x0000066a) c.slli  a2, 26
core   0: 3 0x8000200c (0x066a) x12 0x44000000
core   0: 0x8000200e (0x002a72b3) and     t0, s4, sp
core   0: 3 0x8000200e (0x002a72b3) x5  0x800002a4
core   0: 0x80002012 (0x022b9663) bne     s7, sp, pc + 44
core   0: 3 0x80002012 (0x022b9663)
core   0: 0x8000203e (0x05a54063) blt     a0, s10, pc + 64
core   0: 3 0x8000203e (0x05a54063)
core   0: 0x8000207e (0x11206037) lui     zero, 0x11206
core   0: 3 0x8000207e (0x11206037)
core   0: 0x80002082 (0x01251c13) slli    s8, a0, 18
core   0: 3 0x80002082 (0x01251c13) x24 0x193c0000
core   0: 0x80002086 (0x000087cd) c.srai  a5, 19
core   0: 3 0x80002086 (0x87cd) x15 0x00000000
core   0: 0x80002088 (0x03930363) beq     t1, s9, pc + 38
core   0: 3 0x80002088 (0x03930363)
core   0: 0x8000208c (0x0348cd63) blt     a7, s4, pc + 58
core   0: 3 0x8000208c (0x0348cd63)
core   0: 0x80002090 (0x01ceb733) sltu    a4, t4, t3
core   0: 3 0x80002090 (0x01ceb733) x14 0x00000001
core   0: 0x80002094 (0x03a26763) bltu    tp, s10, pc + 46
core   0: 3 0x80002094 (0x03a26763)
core   0: 0x80002098 (0xa0e98093) addi    ra, s3, -1522
core   0: 3 0x80002098 (0xa0e98093) x1  0xfffffa0f
core   0: 0x8000209c (0x20fdf393) andi    t2, s11, 527
core   0: 3 0x8000209c (0x20fdf393) x7  0x00000000
core   0: 0x800020a0 (0x02799163) bne     s3, t2, pc + 34
core   0: 3 0x800020a0 (0x02799163)
core   0: 0x800020c2 (0x402e0533) sub     a0, t3, sp
core   0: 3 0x800020c2 (0x402e0533) x10 0x0c7bdd1b
core   0: 0x800020c6 (0x40edd593) srai    a1, s11, 14
core   0: 3 0x800020c6 (0x40edd593) x11 0x00000000
core   0: 0x800020ca (0xf821f493) andi    s1, gp, -126
core   0: 3 0x800020ca (0xf821f493) x9  0xfffffc00
core   0: 0x800020ce (0x00008d85) c.sub   a1, s1
core   0: 3 0x800020ce (0x8d85) x11 0x00000400
core   0: 0x800020d0 (0x00e9cc33) xor     s8, s3, a4
core   0: 3 0x800020d0 (0x00e9cc33) x24 0x00000000
core   0: 0x800020d4 (0x00e01e33) sll     t3, zero, a4
core   0: 3 0x800020d4 (0x00e01e33) x28 0x00000000
core   0: 0x800020d8 (0x089e9263) bne     t4, s1, pc + 132
core   0: 3 0x800020d8 (0x089e9263)
core   0: 0x8000215c (0x01e84db3) xor     s11, a6, t5
core   0: 3 0x8000215c (0x01e84db3) x27 0x3fff7c8d
core   0: 0x80002160 (0x000085e1) c.srai  a1, 24
core   0: 3 0x80002160 (0x85e1) x11 0x00000000
core   0: 0x80002162 (0x00fac333) xor     t1, s5, a5
core   0: 3 0x80002162 (0x00fac333) x6  0x80029d24
core   0: 0x80002166 (0x03ce2c33) mulhsu  s8, t3, t3
core   0: 3 0x80002166 (0x03ce2c33) x24 0x00000000
core   0: 0x8000216a (0xf338b593) sltiu   a1, a7, -205
core   0: 3 0x8000216a (0xf338b593) x11 0x00000001
core   0: 0x8000216e (0x0000929e) c.add   t0, t2
core   0: 3 0x8000216e (0x929e) x5  0x800002a4
core   0: 0x80002170 (0x00008585) c.srai  a1, 1
core   0: 3 0x80002170 (0x8585) x11 0x00000000
core   0: 0x80002172 (0x01e39933) sll     s2, t2, t5
core   0: 3 0x80002172 (0x01e39933) x18 0x00000000
core   0: 0x80002176 (0x00000ea6) c.slli  t4, 9
core   0: 3 0x80002176 (0x0ea6) x29 0x00000000
core   0: 0x80002178 (0x015beb33) or      s6, s7, s5
core   0: 3 0x80002178 (0x015beb33) x22 0xe0029d24
core   0: 0x8000217c (0x9397a213) slti    tp, a5, -1735
core   0: 3 0x8000217c (0x9397a213) x4  0x00000000
core   0: 0x80002180 (0x00a68fb3) add     t6, a3, a0
core   0: 3 0x80002180 (0x00a68fb3) x31 0xec7bdd1c
core   0: 0x80002184 (0x00000001) c.nop
core   0: 3 0x80002184 (0x0001)
core   0: 0x80002186 (0xb5152713) slti    a4, a0, -1199
core   0: 3 0x80002186 (0xb5152713) x14 0x00000000
core   0: 0x8000218a (0x00008521) c.srai  a0, 8
core   0: 3 0x8000218a (0x8521) x10 0x000c7bdd
core   0: 0x8000218c (0x03f56f33) rem     t5, a0, t6
core   0: 3 0x8000218c (0x03f56f33) x30 0x000c7bdd
core   0: 0x80002190 (0x03b58433) mul     s0, a1, s11
core   0: 3 0x80002190 (0x03b58433) x8  0x00000000
core   0: 0x80002194 (0x01b09913) slli    s2, ra, 27
core   0: 3 0x80002194 (0x01b09913) x18 0x78000000
core   0: 0x80002198 (0x01304863) blt     zero, s3, pc + 16
core   0: 3 0x80002198 (0x01304863)
core   0: 0x800021a8 (0x0000d213) srli    tp, ra, 0
core   0: 3 0x800021a8 (0x0000d213) x4  0xfffffa0f
core   0: 0x800021ac (0x50840493) addi    s1, s0, 1288
core   0: 3 0x800021ac (0x50840493) x9  0x00000508
core   0: 0x800021b0 (0x00006985) c.lui   s3, 0x1
core   0: 3 0x800021b0 (0x6985) x19 0x00001000
core   0: 0x800021b2 (0x00000001) c.nop
core   0: 3 0x800021b2 (0x0001)
core   0: 0x800021b4 (0x00860463) beq     a2, s0, pc + 8
core   0: 3 0x800021b4 (0x00860463)
core   0: 0x800021b8 (0x01166bb3) or      s7, a2, a7
core   0: 3 0x800021b8 (0x01166bb3) x23 0x44000008
core   0: 0x800021bc (0x0fe63593) sltiu   a1, a2, 254
core   0: 3 0x800021bc (0x0fe63593) x11 0x00000000
core   0: 0x800021c0 (0x000084b6) c.mv    s1, a3
core   0: 3 0x800021c0 (0x84b6) x9  0xe0000001
core   0: 0x800021c2 (0x006af563) bgeu    s5, t1, pc + 10
core   0: 3 0x800021c2 (0x006af563)
core   0: 0x800021cc (0x034e83b3) mul     t2, t4, s4
core   0: 3 0x800021cc (0x034e83b3) x7  0x00000000
core   0: 0x800021d0 (0x0000cd89) c.beqz  a1, pc + 26
core   0: 3 0x800021d0 (0xcd89)
core   0: 0x800021ea (0x00008dd5) c.or    a1, a3
core   0: 3 0x800021ea (0x8dd5) x11 0xe0000001
core   0: 0x800021ec (0x005811b3) sll     gp, a6, t0
core   0: 3 0x800021ec (0x005811b3) x3  0xfff7cee0
core   0: 0x800021f0 (0x00008dad) c.xor   a1, a1
core   0: 3 0x800021f0 (0x8dad) x11 0x00000000
core   0: 0x800021f2 (0x00008efd) c.and   a3, a5
core   0: 3 0x800021f2 (0x8efd) x13 0x00000000
core   0: 0x800021f4 (0x00d27233) and     tp, tp, a3
core   0: 3 0x800021f4 (0x00d27233) x4  0x00000000
core   0: 0x800021f8 (0x01676533) or      a0, a4, s6
core   0: 3 0x800021f8 (0x01676533) x10 0xe0029d24
core   0: 0x800021fc (0x00008efd) c.and   a3, a5
core   0: 3 0x800021fc (0x8efd) x13 0x00000000
core   0: 0x800021fe (0x00008d25) c.xor   a0, s1
core   0: 3 0x800021fe (0x8d25) x10 0x00029d25
core   0: 0x80002200 (0x00004689) c.li    a3, 2
core   0: 3 0x80002200 (0x4689) x13 0x00000002
core   0: 0x80002202 (0x000002f2) c.slli  t0, 28
core   0: 3 0x80002202 (0x02f2) x5  0x40000000
core   0: 0x80002204 (0x02343933) mulhu   s2, s0, gp
core   0: 3 0x80002204 (0x02343933) x18 0x00000000
core   0: 0x80002208 (0x000050c1) c.li    ra, -16
core   0: 3 0x80002208 (0x50c1) x1  0xfffffff0
core   0: 0x8000220a (0x0000920e) c.add   tp, gp
core   0: 3 0x8000220a (0x920e) x4  0xfff7cee0
core   0: 0x8000220c (0xdbc68c37) lui     s8, 0xdbc68
core   0: 3 0x8000220c (0xdbc68c37) x24 0xdbc68000
core   0: 0x80002210 (0x000016f9) c.addi  a3, -2
core   0: 3 0x80002210 (0x16f9) x13 0x00000000
core   0: 0x80002212 (0xfe16dce3) bge     a3, ra, pc - 8
core   0: 3 0x80002212 (0xfe16dce3)
core   0: 0x8000220a (0x0000920e) c.add   tp, gp
core   0: 3 0x8000220a (0x920e) x4  0xffef9dc0
core   0: 0x8000220c (0xdbc68c37) lui     s8, 0xdbc68
core   0: 3 0x8000220c (0xdbc68c37) x24 0xdbc68000
core   0: 0x80002210 (0x000016f9) c.addi  a3, -2
core   0: 3 0x80002210 (0x16f9) x13 0xfffffffe
core   0: 0x80002212 (0xfe16dce3) bge     a3, ra, pc - 8
core   0: 3 0x80002212 (0xfe16dce3)
core   0: 0x8000220a (0x0000920e) c.add   tp, gp
core   0: 3 0x8000220a (0x920e) x4  0xffe76ca0
core   0: 0x8000220c (0xdbc68c37) lui     s8, 0xdbc68
core   0: 3 0x8000220c (0xdbc68c37) x24 0xdbc68000
core   0: 0x80002210 (0x000016f9) c.addi  a3, -2
core   0: 3 0x80002210 (0x16f9) x13 0xfffffffc
core   0: 0x80002212 (0xfe16dce3) bge     a3, ra, pc - 8
core   0: 3 0x80002212 (0xfe16dce3)
core   0: 0x8000220a (0x0000920e) c.add   tp, gp
core   0: 3 0x8000220a (0x920e) x4  0xffdf3b80
core   0: 0x8000220c (0xdbc68c37) lui     s8, 0xdbc68
core   0: 3 0x8000220c (0xdbc68c37) x24 0xdbc68000
core   0: 0x80002210 (0x000016f9) c.addi  a3, -2
core   0: 3 0x80002210 (0x16f9) x13 0xfffffffa
core   0: 0x80002212 (0xfe16dce3) bge     a3, ra, pc - 8
core   0: 3 0x80002212 (0xfe16dce3)
core   0: 0x8000220a (0x0000920e) c.add   tp, gp
core   0: 3 0x8000220a (0x920e) x4  0xffd70a60
core   0: 0x8000220c (0xdbc68c37) lui     s8, 0xdbc68
core   0: 3 0x8000220c (0xdbc68c37) x24 0xdbc68000
core   0: 0x80002210 (0x000016f9) c.addi  a3, -2
core   0: 3 0x80002210 (0x16f9) x13 0xfffffff8
core   0: 0x80002212 (0xfe16dce3) bge     a3, ra, pc - 8
core   0: 3 0x80002212 (0xfe16dce3)
core   0: 0x8000220a (0x0000920e) c.add   tp, gp
core   0: 3 0x8000220a (0x920e) x4  0xffced940
core   0: 0x8000220c (0xdbc68c37) lui     s8, 0xdbc68
core   0: 3 0x8000220c (0xdbc68c37) x24 0xdbc68000
core   0: 0x80002210 (0x000016f9) c.addi  a3, -2
core   0: 3 0x80002210 (0x16f9) x13 0xfffffff6
core   0: 0x80002212 (0xfe16dce3) bge     a3, ra, pc - 8
core   0: 3 0x80002212 (0xfe16dce3)
core   0: 0x8000220a (0x0000920e) c.add   tp, gp
core   0: 3 0x8000220a (0x920e) x4  0xffc6a820
core   0: 0x8000220c (0xdbc68c37) lui     s8, 0xdbc68
core   0: 3 0x8000220c (0xdbc68c37) x24 0xdbc68000
core   0: 0x80002210 (0x000016f9) c.addi  a3, -2
core   0: 3 0x80002210 (0x16f9) x13 0xfffffff4
core   0: 0x80002212 (0xfe16dce3) bge     a3, ra, pc - 8
core   0: 3 0x80002212 (0xfe16dce3)
core   0: 0x8000220a (0x0000920e) c.add   tp, gp
core   0: 3 0x8000220a (0x920e) x4  0xffbe7700
core   0: 0x8000220c (0xdbc68c37) lui     s8, 0xdbc68
core   0: 3 0x8000220c (0xdbc68c37) x24 0xdbc68000
core   0: 0x80002210 (0x000016f9) c.addi  a3, -2
core   0: 3 0x80002210 (0x16f9) x13 0xfffffff2
core   0: 0x80002212 (0xfe16dce3) bge     a3, ra, pc - 8
core   0: 3 0x80002212 (0xfe16dce3)
core   0: 0x8000220a (0x0000920e) c.add   tp, gp
core   0: 3 0x8000220a (0x920e) x4  0xffb645e0
core   0: 0x8000220c (0xdbc68c37) lui     s8, 0xdbc68
core   0: 3 0x8000220c (0xdbc68c37) x24 0xdbc68000
core   0: 0x80002210 (0x000016f9) c.addi  a3, -2
core   0: 3 0x80002210 (0x16f9) x13 0xfffffff0
core   0: 0x80002212 (0xfe16dce3) bge     a3, ra, pc - 8
core   0: 3 0x80002212 (0xfe16dce3)
core   0: 0x8000220a (0x0000920e) c.add   tp, gp
core   0: 3 0x8000220a (0x920e) x4  0xffae14c0
core   0: 0x8000220c (0xdbc68c37) lui     s8, 0xdbc68
core   0: 3 0x8000220c (0xdbc68c37) x24 0xdbc68000
core   0: 0x80002210 (0x000016f9) c.addi  a3, -2
core   0: 3 0x80002210 (0x16f9) x13 0xffffffee
core   0: 0x80002212 (0xfe16dce3) bge     a3, ra, pc - 8
core   0: 3 0x80002212 (0xfe16dce3)
core   0: 0x80002216 (0x00000001) c.nop
core   0: 3 0x80002216 (0x0001)
core   0: 0x80002218 (0x00008c71) c.and   s0, a2
core   0: 3 0x80002218 (0x8c71) x8  0x00000000
core   0: 0x8000221a (0x00008679) c.srai  a2, 30
core   0: 3 0x8000221a (0x8679) x12 0x00000001
core   0: 0x8000221c (0x000083f5) c.srli  a5, 29
core   0: 3 0x8000221c (0x83f5) x15 0x00000000
core   0: 0x8000221e (0x00008075) c.srli  s0, 29
core   0: 3 0x8000221e (0x8075) x8  0x00000000
core   0: 0x80002220 (0x00008eed) c.and   a3, a1
core   0: 3 0x80002220 (0x8eed) x13 0x00000000
core   0: 0x80002222 (0x033509b3) mul     s3, a0, s3
core   0: 3 0x80002222 (0x033509b3) x19 0x29d25000
core   0: 0x80002226 (0x685b3c93) sltiu   s9, s6, 1669
core   0: 3 0x80002226 (0x685b3c93) x25 0x00000000
core   0: 0x8000222a (0x00000001) c.nop
core   0: 3 0x8000222a (0x0001)
core   0: 0x8000222c (0x405454b3) sra     s1, s0, t0
core   0: 3 0x8000222c (0x405454b3) x9  0x00000000
core   0: 0x80002230 (0x00001bfd) c.addi  s7, -1
core   0: 3 0x80002230 (0x1bfd) x23 0x44000007
core   0: 0x80002232 (0x00c0036f) jal     t1, pc + 0xc
core   0: 3 0x80002232 (0x00c0036f) x6  0x80002236
core   0: 0x8000223e (0x00002015) c.jal   pc + 36
core   0: 3 0x8000223e (0x2015) x1  0x80002240
core   0: 0x80002262 (0x0000b7cd) c.j     pc - 30
core   0: 3 0x80002262 (0xb7cd)
core   0: 0x80002244 (0x0000a811) c.j     pc + 20
core   0: 3 0x80002244 (0xa811)
core   0: 0x80002258 (0x00002039) c.jal   pc + 14
core   0: 3 0x80002258 (0x2039) x1  0x8000225a
core   0: 0x80002266 (0xfd3ff0ef) jal     pc - 0x2e
core   0: 3 0x80002266 (0xfd3ff0ef) x1  0x8000226a
core   0: 0x80002238 (0x018000ef) jal     pc + 0x18
core   0: 3 0x80002238 (0x018000ef) x1  0x8000223c
core   0: 0x80002250 (0x00002029) c.jal   pc + 10
core   0: 3 0x80002250 (0x2029) x1  0x80002252
core   0: 0x8000225a (0xffbff36f) jal     t1, pc - 0x6
core   0: 3 0x8000225a (0xffbff36f) x6  0x8000225e
core   0: 0x80002254 (0x0000bffd) c.j     pc - 2
core   0: 3 0x80002254 (0xbffd)
core   0: 0x80002252 (0x0000a011) c.j     pc + 4
core   0: 3 0x80002252 (0xa011)
core   0: 0x80002256 (0x000037f5) c.jal   pc - 20
core   0: 3 0x80002256 (0x37f5) x1  0x80002258
core   0: 0x80002242 (0x0000a031) c.j     pc + 12
core   0: 3 0x80002242 (0xa031)
core   0: 0x8000224e (0x00002809) c.jal   pc + 18
core   0: 3 0x8000224e (0x2809) x1  0x80002250
core   0: 0x80002260 (0x000037f5) c.jal   pc - 20
core   0: 3 0x80002260 (0x37f5) x1  0x80002262
core   0: 0x8000224c (0x0000a809) c.j     pc + 18
core   0: 3 0x8000224c (0xa809)
core   0: 0x8000225e (0x0000a019) c.j     pc + 6
core   0: 3 0x8000225e (0xa019)
core   0: 0x80002264 (0x0000a019) c.j     pc + 6
core   0: 3 0x80002264 (0xa019)
core   0: 0x8000226a (0xfcdff36f) jal     t1, pc - 0x34
core   0: 3 0x8000226a (0xfcdff36f) x6  0x8000226e
core   0: 0x80002236 (0x00002019) c.jal   pc + 6
core   0: 3 0x80002236 (0x2019) x1  0x80002238
core   0: 0x8000223c (0x0000a825) c.j     pc + 56
core   0: 3 0x8000223c (0xa825)
core   0: 0x80002274 (0xfcdff1ef) jal     gp, pc - 0x34
core   0: 3 0x80002274 (0xfcdff1ef) x3  0x80002278
core   0: 0x80002240 (0x00002019) c.jal   pc + 6
core   0: 3 0x80002240 (0x2019) x1  0x80002242
core   0: 0x80002246 (0x004000ef) jal     pc + 0x4
core   0: 3 0x80002246 (0x004000ef) x1  0x8000224a
core   0: 0x8000224a (0x00002015) c.jal   pc + 36
core   0: 3 0x8000224a (0x2015) x1  0x8000224c
core   0: 0x8000226e (0x0000a029) c.j     pc + 10
core   0: 3 0x8000226e (0xa029)
core   0: 0x80002278 (0x0000bfe5) c.j     pc - 8
core   0: 3 0x80002278 (0xbfe5)
core   0: 0x80002270 (0x00a0036f) jal     t1, pc + 0xa
core   0: 3 0x80002270 (0x00a0036f) x6  0x80002274
core   0: 0x8000227a (0x0000a009) c.j     pc + 2
core   0: 3 0x8000227a (0xa009)
core   0: 0x8000227c (0x00000d6a) c.slli  s10, 26
core   0: 3 0x8000227c (0x0d6a) x26 0x00000000
core   0: 0x8000227e (0x144a0f13) addi    t5, s4, 324
core   0: 3 0x8000227e (0x144a0f13) x30 0x80025fe8
core   0: 0x80002282 (0x001d8263) beq     s11, ra, pc + 4
core   0: 3 0x80002282 (0x001d8263)
core   0: 0x80002286 (0x01ba8e63) beq     s5, s11, pc + 28
core   0: 3 0x80002286 (0x01ba8e63)
core   0: 0x8000228a (0x00008c7d) c.and   s0, a5
core   0: 3 0x8000228a (0x8c7d) x8  0x00000000
core   0: 0x8000228c (0x0102c233) xor     tp, t0, a6
core   0: 3 0x8000228c (0x0102c233) x4  0x7fff7cee
core   0: 0x80002290 (0x02ea4363) blt     s4, a4, pc + 38
core   0: 3 0x80002290 (0x02ea4363)
core   0: 0x800022b6 (0x00e39913) slli    s2, t2, 14
core   0: 3 0x800022b6 (0x00e39913) x18 0x00000000
core   0: 0x800022ba (0x9a0da193) slti    gp, s11, -1632
core   0: 3 0x800022ba (0x9a0da193) x3  0x00000000
core   0: 0x800022be (0x23fc3237) lui     tp, 0x23fc3
core   0: 3 0x800022be (0x23fc3237) x4  0x23fc3000
core   0: 0x800022c2 (0x00000c5a) c.slli  s8, 22
core   0: 3 0x800022c2 (0x0c5a) x24 0x00000000
core   0: 0x800022c4 (0x014e0f33) add     t5, t3, s4
core   0: 3 0x800022c4 (0x014e0f33) x30 0x80025ea4
core   0: 0x800022c8 (0x04ddd463) bge     s11, a3, pc + 72
core   0: 3 0x800022c8 (0x04ddd463)
core   0: 0x80002310 (0x0000808d) c.srli  s1, 3
core   0: 3 0x80002310 (0x808d) x9  0x00000000
core   0: 0x80002312 (0x402982b3) sub     t0, s3, sp
core   0: 3 0x80002312 (0x402982b3) x5  0x364e2d19
core   0: 0x80002316 (0x0132cc63) blt     t0, s3, pc + 24
core   0: 3 0x80002316 (0x0132cc63)
core   0: 0x8000231a (0xe3077013) andi    zero, a4, -464
core   0: 3 0x8000231a (0xe3077013)
core   0: 0x8000231e (0x41f78333) sub     t1, a5, t6
core   0: 3 0x8000231e (0x41f78333) x6  0x138422e4
core   0: 0x80002322 (0xb82939b7) lui     s3, 0xb8293
core   0: 3 0x80002322 (0xb82939b7) x19 0xb8293000
core   0: 0x80002326 (0x05581163) bne     a6, s5, pc + 66
core   0: 3 0x80002326 (0x05581163)
core   0: 0x80002368 (0x00eddd63) bge     s11, a4, pc + 26
core   0: 3 0x80002368 (0x00eddd63)
core   0: 0x80002382 (0x02fd9bb3) mulh    s7, s11, a5
core   0: 3 0x80002382 (0x02fd9bb3) x23 0x00000000
core   0: 0x80002386 (0x01c02833) slt     a6, zero, t3
core   0: 3 0x80002386 (0x01c02833) x16 0x00000000
core   0: 0x8000238a (0x031cb8b3) mulhu   a7, s9, a7
core   0: 3 0x8000238a (0x031cb8b3) x17 0x00000000
core   0: 0x8000238e (0x00355713) srli    a4, a0, 3
core   0: 3 0x8000238e (0x00355713) x14 0x000053a4
core   0: 0x80002392 (0x9355a193) slti    gp, a1, -1739
core   0: 3 0x80002392 (0x9355a193) x3  0x00000000
core   0: 0x80002396 (0x03a8c6b3) div     a3, a7, s10
core   0: 3 0x80002396 (0x03a8c6b3) x13 0xffffffff
core   0: 0x8000239a (0x00008475) c.srai  s0, 29
core   0: 3 0x8000239a (0x8475) x8  0x00000000
core   0: 0x8000239c (0xf011df37) lui     t5, 0xf011d
core   0: 3 0x8000239c (0xf011df37) x30 0xf011d000
core   0: 0x800023a0 (0x0382a4b3) mulhsu  s1, t0, s8
core   0: 3 0x800023a0 (0x0382a4b3) x9  0x00000000
core   0: 0x800023a4 (0x41cc82b3) sub     t0, s9, t3
core   0: 3 0x800023a4 (0x41cc82b3) x5  0x00000000
core   0: 0x800023a8 (0x00008256) c.mv    tp, s5
core   0: 3 0x800023a8 (0x8256) x4  0x80029d24
core   0: 0x800023aa (0x00001bfd) c.addi  s7, -1
core   0: 3 0x800023aa (0x1bfd) x23 0xffffffff
core   0: 0x800023ac (0x03774733) div     a4, a4, s7
core   0: 3 0x800023ac (0x03774733) x14 0xffffac5c
core   0: 0x800023b0 (0x0375b033) mulhu   zero, a1, s7
core   0: 3 0x800023b0 (0x0375b033)
core   0: 0x800023b4 (0x00d167b3) or      a5, sp, a3
core   0: 3 0x800023b4 (0x00d167b3) x15 0xffffffff
core   0: 0x800023b8 (0x008d79b3) and     s3, s10, s0
core   0: 3 0x800023b8 (0x008d79b3) x19 0x00000000
core   0: 0x800023bc (0x04f9b193) sltiu   gp, s3, 79
core   0: 3 0x800023bc (0x04f9b193) x3  0x00000001
core   0: 0x800023c0 (0x00008229) c.srli  a2, 10
core   0: 3 0x800023c0 (0x8229) x12 0x00000000
core   0: 0x800023c2 (0x00000001) c.nop
core   0: 3 0x800023c2 (0x0001)
core   0: 0x800023c4 (0x00008225) c.srli  a2, 9
core   0: 3 0x800023c4 (0x8225) x12 0x00000000
core   0: 0x800023c6 (0x00d1c933) xor     s2, gp, a3
core   0: 3 0x800023c6 (0x00d1c933) x18 0xfffffffe
core   0: 0x800023ca (0x000080ed) c.srli  s1, 27
core   0: 3 0x800023ca (0x80ed) x9  0x00000000
core   0: 0x800023cc (0x01f8de33) srl     t3, a7, t6
core   0: 3 0x800023cc (0x01f8de33) x28 0x00000000
core   0: 0x800023d0 (0x00e0db93) srli    s7, ra, 14
core   0: 3 0x800023d0 (0x00e0db93) x23 0x00020000
core   0: 0x800023d4 (0x00008fc9) c.or    a5, a0
core   0: 3 0x800023d4 (0x8fc9) x15 0xffffffff
core   0: 0x800023d6 (0x404f5633) sra     a2, t5, tp
core   0: 3 0x800023d6 (0x404f5633) x12 0xff011d00
core   0: 0x800023da (0x00000001) c.nop
core   0: 3 0x800023da (0x0001)
core   0: 0x800023dc (0x00009bfd) c.andi  a5, -1
core   0: 3 0x800023dc (0x9bfd) x15 0xffffffff
core   0: 0x800023de (0x02dc4263) blt     s8, a3, pc + 36
core   0: 3 0x800023de (0x02dc4263)
core   0: 0x800023e2 (0x0109df13) srli    t5, s3, 16
core   0: 3 0x800023e2 (0x0109df13) x30 0x00000000
core   0: 0x800023e6 (0x00008219) c.srli  a2, 6
core   0: 3 0x800023e6 (0x8219) x12 0x03fc0474
core   0: 0x800023e8 (0x01ad4733) xor     a4, s10, s10
core   0: 3 0x800023e8 (0x01ad4733) x14 0x00000000
core   0: 0x800023ec (0x03999563) bne     s3, s9, pc + 42
core   0: 3 0x800023ec (0x03999563)
core   0: 0x800023f0 (0x03070cb3) mul     s9, a4, a6
core   0: 3 0x800023f0 (0x03070cb3) x25 0x00000000
core   0: 0x800023f4 (0x0000cc95) c.beqz  s1, pc + 60
core   0: 3 0x800023f4 (0xcc95)
core   0: 0x80002430 (0x2450a413) slti    s0, ra, 581
core   0: 3 0x80002430 (0x2450a413) x8  0x00000001
core   0: 0x80002434 (0x00000296) c.slli  t0, 5
core   0: 3 0x80002434 (0x0296) x5  0x00000000
core   0: 0x80002436 (0xc544fb13) andi    s6, s1, -940
core   0: 3 0x80002436 (0xc544fb13) x22 0x00000000
core   0: 0x8000243a (0x02bab5b3) mulhu   a1, s5, a1
core   0: 3 0x8000243a (0x02bab5b3) x11 0x00000000
core   0: 0x8000243e (0x023c6b33) rem     s6, s8, gp
core   0: 3 0x8000243e (0x023c6b33) x22 0x00000000
core   0: 0x80002442 (0x02c1edb3) rem     s11, gp, a2
core   0: 3 0x80002442 (0x02c1edb3) x27 0x00000001
core   0: 0x80002446 (0x0000092a) c.slli  s2, 10
core   0: 3 0x80002446 (0x092a) x18 0xfffff800
core   0: 0x80002448 (0x0053f8b3) and     a7, t2, t0
core   0: 3 0x80002448 (0x0053f8b3) x17 0x00000000
core   0: 0x8000244c (0x01c44bb3) xor     s7, s0, t3
core   0: 3 0x8000244c (0x01c44bb3) x23 0x00000001
core   0: 0x80002450 (0x00008e31) c.xor   a2, a2
core   0: 3 0x80002450 (0x8e31) x12 0x00000000
core   0: 0x80002452 (0x0000080e) c.slli  a6, 3
core   0: 3 0x80002452 (0x080e) x16 0x00000000
core   0: 0x80002454 (0x00000001) c.nop
core   0: 3 0x80002454 (0x0001)
core   0: 0x80002456 (0x0000628d) c.lui   t0, 0x3
core   0: 3 0x80002456 (0x628d) x5  0x00003000
core   0: 0x80002458 (0x00dc2833) slt     a6, s8, a3
core   0: 3 0x80002458 (0x00dc2833) x16 0x00000000
core   0: 0x8000245c (0x02f2b533) mulhu   a0, t0, a5
core   0: 3 0x8000245c (0x02f2b533) x10 0x00002fff
core   0: 0x80002460 (0xf11a1337) lui     t1, 0xf11a1
core   0: 3 0x80002460 (0xf11a1337) x6  0xf11a1000
core   0: 0x80002464 (0x017bc333) xor     t1, s7, s7
core   0: 3 0x80002464 (0x017bc333) x6  0x00000000
core   0: 0x80002468 (0x03e5b3b3) mulhu   t2, a1, t5
core   0: 3 0x80002468 (0x03e5b3b3) x7  0x00000000
core   0: 0x8000246c (0x01f27813) andi    a6, tp, 31
core   0: 3 0x8000246c (0x01f27813) x16 0x00000004
core   0: 0x80002470 (0x03953433) mulhu   s0, a0, s9
core   0: 3 0x80002470 (0x03953433) x8  0x00000000
core   0: 0x80002474 (0x0398b6b3) mulhu   a3, a7, s9
core   0: 3 0x80002474 (0x0398b6b3) x13 0x00000000
core   0: 0x80002478 (0x025d6c33) rem     s8, s10, t0
core   0: 3 0x80002478 (0x025d6c33) x24 0x00000000
core   0: 0x8000247c (0x928a8eb7) lui     t4, 0x928a8
core   0: 3 0x8000247c (0x928a8eb7) x29 0x928a8000
core   0: 0x80002480 (0x0000e321) c.bnez  a4, pc + 64
core   0: 3 0x80002480 (0xe321)
core   0: 0x80002482 (0x00008c89) c.sub   s1, a0
core   0: 3 0x80002482 (0x8c89) x9  0xffffd001
core   0: 0x80002484 (0x0000c189) c.beqz  a1, pc + 2
core   0: 3 0x80002484 (0xc189)
core   0: 0x80002486 (0x022c1633) mulh    a2, s8, sp
core   0: 3 0x80002486 (0x022c1633) x12 0x00000000
core   0: 0x8000248a (0x030444b3) div     s1, s0, a6
core   0: 3 0x8000248a (0x030444b3) x9  0x00000000
core   0: 0x8000248e (0x01009663) bne     ra, a6, pc + 12
core   0: 3 0x8000248e (0x01009663)
core   0: 0x8000249a (0x00000db6) c.slli  s11, 13
core   0: 3 0x8000249a (0x0db6) x27 0x00002000
core   0: 0x8000249c (0x0000597d) c.li    s2, -1
core   0: 3 0x8000249c (0x597d) x18 0xffffffff
core   0: 0x8000249e (0x0093d533) srl     a0, t2, s1
core   0: 3 0x8000249e (0x0093d533) x10 0x00000000
core   0: 0x800024a2 (0x01bd6433) or      s0, s10, s11
core   0: 3 0x800024a2 (0x01bd6433) x8  0x00002000
core   0: 0x800024a6 (0x03dc1463) bne     s8, t4, pc + 40
core   0: 3 0x800024a6 (0x03dc1463)
core   0: 0x800024ce (0x00000f9e) c.slli  t6, 7
core   0: 3 0x800024ce (0x0f9e) x31 0x3dee8e00
core   0: 0x800024d0 (0xf5883eb7) lui     t4, 0xf5883
core   0: 3 0x800024d0 (0xf5883eb7) x29 0xf5883000
core   0: 0x800024d4 (0x022d8d63) beq     s11, sp, pc + 58
core   0: 3 0x800024d4 (0x022d8d63)
core   0: 0x800024d8 (0x406d5533) sra     a0, s10, t1
core   0: 3 0x800024d8 (0x406d5533) x10 0x00000000
core   0: 0x800024dc (0x000051fd) c.li    gp, -1
core   0: 3 0x800024dc (0x51fd) x3  0xffffffff
core   0: 0x800024de (0x7e804597) auipc   a1, 0x7e804
core   0: 3 0x800024de (0x7e804597) x11 0xfe8064de
core   0: 0x800024e2 (0x0000c791) c.beqz  a5, pc + 12
core   0: 3 0x800024e2 (0xc791)
core   0: 0x800024e4 (0x0000874e) c.mv    a4, s3
core   0: 3 0x800024e4 (0x874e) x14 0x00000000
core   0: 0x800024e6 (0x00e4ef33) or      t5, s1, a4
core   0: 3 0x800024e6 (0x00e4ef33) x30 0x00000000
core   0: 0x800024ea (0x01201e33) sll     t3, zero, s2
core   0: 3 0x800024ea (0x01201e33) x28 0x00000000
core   0: 0x800024ee (0x00000001) c.nop
core   0: 3 0x800024ee (0x0001)
core   0: 0x800024f0 (0x00000001) c.nop
core   0: 3 0x800024f0 (0x0001)
core   0: 0x800024f2 (0x02f0d6b3) divu    a3, ra, a5
core   0: 3 0x800024f2 (0x02f0d6b3) x13 0x00000000
core   0: 0x800024f6 (0x00d3bdb3) sltu    s11, t2, a3
core   0: 3 0x800024f6 (0x00d3bdb3) x27 0x00000000
core   0: 0x800024fa (0x0000808e) c.mv    ra, gp
core   0: 3 0x800024fa (0x808e) x1  0xffffffff
core   0: 0x800024fc (0x02a328b3) mulhsu  a7, t1, a0
core   0: 3 0x800024fc (0x02a328b3) x17 0x00000000
core   0: 0x80002500 (0x00cae5b3) or      a1, s5, a2
core   0: 3 0x80002500 (0x00cae5b3) x11 0x80029d24
core   0: 0x80002504 (0x01566463) bltu    a2, s5, pc + 8
core   0: 3 0x80002504 (0x01566463)
core   0: 0x8000250c (0x00006b79) c.lui   s6, 0x1e
core   0: 3 0x8000250c (0x6b79) x22 0x0001e000
core   0: 0x8000250e (0x00008d65) c.and   a0, s1
core   0: 3 0x8000250e (0x8d65) x10 0x00000000
core   0: 0x80002510 (0x030bc333) div     t1, s7, a6
core   0: 3 0x80002510 (0x030bc333) x6  0x00000000
core   0: 0x80002514 (0x0166d433) srl     s0, a3, s6
core   0: 3 0x80002514 (0x0166d433) x8  0x00000000
core   0: 0x80002518 (0x02d6ca63) blt     a3, a3, pc + 52
core   0: 3 0x80002518 (0x02d6ca63)
core   0: 0x8000251c (0xea840913) addi    s2, s0, -344
core   0: 3 0x8000251c (0xea840913) x18 0xfffffea8
core   0: 0x80002520 (0x00000555) c.addi  a0, 21
core   0: 3 0x80002520 (0x0555) x10 0x00000015
core   0: 0x80002522 (0x019c2633) slt     a2, s8, s9
core   0: 3 0x80002522 (0x019c2633) x12 0x00000000
core   0: 0x80002526 (0x00006505) c.lui   a0, 0x1
core   0: 3 0x80002526 (0x6505) x10 0x00001000
core   0: 0x80002528 (0x00bee233) or      tp, t4, a1
core   0: 3 0x80002528 (0x00bee233) x4  0xf58abd24
core   0: 0x8000252c (0x041a0163) beq     s4, ra, pc + 66
core   0: 3 0x8000252c (0x041a0163)
core   0: 0x80002530 (0x018eb333) sltu    t1, t4, s8
core   0: 3 0x80002530 (0x018eb333) x6  0x00000000
core   0: 0x80002534 (0xbc2e2637) lui     a2, 0xbc2e2
core   0: 3 0x80002534 (0xbc2e2637) x12 0xbc2e2000
core   0: 0x80002538 (0x00008f05) c.sub   a4, s1
core   0: 3 0x80002538 (0x8f05) x14 0x00000000
core   0: 0x8000253a (0x012e29b3) slt     s3, t3, s2
core   0: 3 0x8000253a (0x012e29b3) x19 0x00000000
core   0: 0x8000253e (0x0000edb3) or      s11, ra, zero
core   0: 3 0x8000253e (0x0000edb3) x27 0xffffffff
core   0: 0x80002542 (0x0000c231) c.beqz  a2, pc + 68
core   0: 3 0x80002542 (0xc231)
core   0: 0x80002544 (0x006f45b3) xor     a1, t5, t1
core   0: 3 0x80002544 (0x006f45b3) x11 0x00000000
core   0: 0x80002548 (0xbaf48013) addi    zero, s1, -1105
core   0: 3 0x80002548 (0xbaf48013)
core   0: 0x8000254c (0x007281b3) add     gp, t0, t2
core   0: 3 0x8000254c (0x007281b3) x3  0x00003000
core   0: 0x80002550 (0x7ae14b93) xori    s7, sp, 1966
core   0: 3 0x80002550 (0x7ae14b93) x23 0xf3842549
core   0: 0x80002554 (0x6bc8bf13) sltiu   t5, a7, 1724
core   0: 3 0x80002554 (0x6bc8bf13) x30 0x00000001
core   0: 0x80002558 (0x1b79bd93) sltiu   s11, s3, 439
core   0: 3 0x80002558 (0x1b79bd93) x27 0x00000001
core   0: 0x8000255c (0x032bc163) blt     s7, s2, pc + 34
core   0: 3 0x8000255c (0x032bc163)
core   0: 0x8000257e (0x00505f63) bge     zero, t0, pc + 30
core   0: 3 0x8000257e (0x00505f63)
core   0: 0x80002582 (0x0000ce89) c.beqz  a3, pc + 26
core   0: 3 0x80002582 (0xce89)
core   0: 0x8000259c (0x00da5513) srli    a0, s4, 13
core   0: 3 0x8000259c (0x00da5513) x10 0x00040012
core   0: 0x800025a0 (0x0000ed1d) c.bnez  a0, pc + 62
core   0: 3 0x800025a0 (0xed1d)
core   0: 0x800025de (0xd62c6e13) ori     t3, s8, -670
core   0: 3 0x800025de (0xd62c6e13) x28 0xfffffd62
core   0: 0x800025e2 (0x012e86b3) add     a3, t4, s2
core   0: 3 0x800025e2 (0x012e86b3) x13 0xf5882ea8
core   0: 0x800025e6 (0x001be933) or      s2, s7, ra
core   0: 3 0x800025e6 (0x001be933) x18 0xffffffff
core   0: 0x800025ea (0x02558533) mul     a0, a1, t0
core   0: 3 0x800025ea (0x02558533) x10 0x00000000
core   0: 0x800025ee (0xdfa42d13) slti    s10, s0, -518
core   0: 3 0x800025ee (0xdfa42d13) x26 0x00000000
core   0: 0x800025f2 (0x00008c3d) c.xor   s0, a5
core   0: 3 0x800025f2 (0x8c3d) x8  0xffffffff
core   0: 0x800025f4 (0x0255b193) sltiu   gp, a1, 37
core   0: 3 0x800025f4 (0x0255b193) x3  0x00000001
core   0: 0x800025f8 (0x3e4f7593) andi    a1, t5, 996
core   0: 3 0x800025f8 (0x3e4f7593) x11 0x00000000
core   0: 0x800025fc (0x00008d71) c.and   a0, a2
core   0: 3 0x800025fc (0x8d71) x10 0x00000000
core   0: 0x800025fe (0x000098fd) c.andi  s1, -1
core   0: 3 0x800025fe (0x98fd) x9  0x00000000
core   0: 0x80002600 (0x020a0f33) mul     t5, s4, zero
core   0: 3 0x80002600 (0x020a0f33) x30 0x00000000
core   0: 0x80002604 (0x010cacb3) slt     s9, s9, a6
core   0: 3 0x80002604 (0x010cacb3) x25 0x00000001
core   0: 0x80002608 (0x40a00233) sub     tp, zero, a0
core   0: 3 0x80002608 (0x40a00233) x4  0x00000000
core   0: 0x8000260c (0x01b773b3) and     t2, a4, s11
core   0: 3 0x8000260c (0x01b773b3) x7  0x00000000
core   0: 0x80002610 (0x01c41717) auipc   a4, 0x1c41
core   0: 3 0x80002610 (0x01c41717) x14 0x81c43610
core   0: 0x80002614 (0x02620533) mul     a0, tp, t1
core   0: 3 0x80002614 (0x02620533) x10 0x00000000
core   0: 0x80002618 (0x00009092) c.add   ra, tp
core   0: 3 0x80002618 (0x9092) x1  0xffffffff
core   0: 0x8000261a (0x01e55b13) srli    s6, a0, 30
core   0: 3 0x8000261a (0x01e55b13) x22 0x00000000
core   0: 0x8000261e (0x01a949b3) xor     s3, s2, s10
core   0: 3 0x8000261e (0x01a949b3) x19 0xffffffff
core   0: 0x80002622 (0x00f81d33) sll     s10, a6, a5
core   0: 3 0x80002622 (0x00f81d33) x26 0x00000000
core   0: 0x80002626 (0x4091d893) srai    a7, gp, 9
core   0: 3 0x80002626 (0x4091d893) x17 0x00000000
core   0: 0x8000262a (0x03e2e8b3) rem     a7, t0, t5
core   0: 3 0x8000262a (0x03e2e8b3) x17 0x00003000
core   0: 0x8000262e (0x00008c5d) c.or    s0, a5
core   0: 3 0x8000262e (0x8c5d) x8  0xffffffff
core   0: 0x80002630 (0x02e28eb3) mul     t4, t0, a4
core   0: 3 0x80002630 (0x02e28eb3) x29 0xca230000
core   0: 0x80002634 (0x02c262b3) rem     t0, tp, a2
core   0: 3 0x80002634 (0x02c262b3) x5  0x00000000
core   0: 0x80002638 (0x00008c89) c.sub   s1, a0
core   0: 3 0x80002638 (0x8c89) x9  0x00000000
core   0: 0x8000263a (0x00167e33) and     t3, a2, ra
core   0: 3 0x8000263a (0x00167e33) x28 0xbc2e2000
core   0: 0x8000263e (0x038e5033) divu    zero, t3, s8
core   0: 3 0x8000263e (0x038e5033)
core   0: 0x80002642 (0x000085a1) c.srai  a1, 8
core   0: 3 0x80002642 (0x85a1) x11 0x00000000
core   0: 0x80002644 (0x0000959e) c.add   a1, t2
core   0: 3 0x80002644 (0x959e) x11 0x00000000
core   0: 0x80002646 (0x0000e5e9) c.bnez  a1, pc + 202
core   0: 3 0x80002646 (0xe5e9)
core   0: 0x80002648 (0x021c5cb3) divu    s9, s8, ra
core   0: 3 0x80002648 (0x021c5cb3) x25 0x00000000
core   0: 0x8000264c (0x00a06bb3) or      s7, zero, a0
core   0: 3 0x8000264c (0x00a06bb3) x23 0x00000000
core   0: 0x80002650 (0x0000ebc5) c.bnez  a5, pc + 176
core   0: 3 0x80002650 (0xebc5)
core   0: 0x80002700 (0x41d00933) sub     s2, zero, t4
core   0: 3 0x80002700 (0x41d00933) x18 0x35dd0000
core   0: 0x80002704 (0x01d91033) sll     zero, s2, t4
core   0: 3 0x80002704 (0x01d91033)
core   0: 0x80002708 (0x011b5813) srli    a6, s6, 17
core   0: 3 0x80002708 (0x011b5813) x16 0x00000000
core   0: 0x8000270c (0x00b31bb3) sll     s7, t1, a1
core   0: 3 0x8000270c (0x00b31bb3) x23 0x00000000
core   0: 0x80002710 (0x0c330d17) auipc   s10, 0xc330
core   0: 3 0x80002710 (0x0c330d17) x26 0x8c332710
core   0: 0x80002714 (0x00008f81) c.sub   a5, s0
core   0: 3 0x80002714 (0x8f81) x15 0x00000000
core   0: 0x80002716 (0x00008de5) c.and   a1, s1
core   0: 3 0x80002716 (0x8de5) x11 0x00000000
core   0: 0x80002718 (0x00258333) add     t1, a1, sp
core   0: 3 0x80002718 (0x00258333) x6  0xf38422e7
core   0: 0x8000271c (0x67a98213) addi    tp, s3, 1658
core   0: 3 0x8000271c (0x67a98213) x4  0x00000679
core   0: 0x80002720 (0x4109db33) sra     s6, s3, a6
core   0: 3 0x80002720 (0x4109db33) x22 0xffffffff
core   0: 0x80002724 (0x00008915) c.andi  a0, 5
core   0: 3 0x80002724 (0x8915) x10 0x00000000
core   0: 0x80002726 (0x000087ad) c.srai  a5, 11
core   0: 3 0x80002726 (0x87ad) x15 0x00000000
core   0: 0x80002728 (0x003c3933) sltu    s2, s8, gp
core   0: 3 0x80002728 (0x003c3933) x18 0x00000001
core   0: 0x8000272c (0x0241a433) mulhsu  s0, gp, tp
core   0: 3 0x8000272c (0x0241a433) x8  0x00000000
core   0: 0x80002730 (0x0000850d) c.srai  a0, 3
core   0: 3 0x80002730 (0x850d) x10 0x00000000
core   0: 0x80002732 (0x00008f11) c.sub   a4, a2
core   0: 3 0x80002732 (0x8f11) x14 0xc5961610
core   0: 0x80002734 (0x01e6c463) blt     a3, t5, pc + 8
core   0: 3 0x80002734 (0x01e6c463)
core   0: 0x8000273c (0x01ef3b33) sltu    s6, t5, t5
core   0: 3 0x8000273c (0x01ef3b33) x22 0x00000000
core   0: 0x80002740 (0x2a4c6217) auipc   tp, 0x2a4c6
core   0: 3 0x80002740 (0x2a4c6217) x4  0xaa4c8740
core   0: 0x80002744 (0x0000137d) c.addi  t1, -1
core   0: 3 0x80002744 (0x137d) x6  0xf38422e6
core   0: 0x80002746 (0x0000803d) c.srli  s0, 15
core   0: 3 0x80002746 (0x803d) x8  0x00000000
core   0: 0x80002748 (0x02d7c263) blt     a5, a3, pc + 36
core   0: 3 0x80002748 (0x02d7c263)
core   0: 0x8000274c (0x40415813) srai    a6, sp, 4
core   0: 3 0x8000274c (0x40415813) x16 0xff38422e
core   0: 0x80002750 (0x031b6b33) rem     s6, s6, a7
core   0: 3 0x80002750 (0x031b6b33) x22 0x00000000
core   0: 0x80002754 (0x00008e69) c.and   a2, a0
core   0: 3 0x80002754 (0x8e69) x12 0x00000000
core   0: 0x80002756 (0x02599fb3) mulh    t6, s3, t0
core   0: 3 0x80002756 (0x02599fb3) x31 0x00000000
core   0: 0x8000275a (0x4da0b693) sltiu   a3, ra, 1242
core   0: 3 0x8000275a (0x4da0b693) x13 0x00000000
core   0: 0x8000275e (0xf787c013) xori    zero, a5, -136
core   0: 3 0x8000275e (0xf787c013)
core   0: 0x80002762 (0x414bd233) sra     tp, s7, s4
core   0: 3 0x80002762 (0x414bd233) x4  0x00000000
core   0: 0x80002766 (0x00008e21) c.xor   a2, s0
core   0: 3 0x80002766 (0x8e21) x12 0x00000000
core   0: 0x80002768 (0x00a6a3b3) slt     t2, a3, a0
core   0: 3 0x80002768 (0x00a6a3b3) x7  0x00000000
core   0: 0x8000276c (0x013c6763) bltu    s8, s3, pc + 14
core   0: 3 0x8000276c (0x013c6763)
core   0: 0x8000277a (0x00008e15) c.sub   a2, a3
core   0: 3 0x8000277a (0x8e15) x12 0x00000000
core   0: 0x8000277c (0x00000001) c.nop
core   0: 3 0x8000277c (0x0001)
core   0: 0x8000277e (0x01d90f33) add     t5, s2, t4
core   0: 3 0x8000277e (0x01d90f33) x30 0xca230001
core   0: 0x80002782 (0x01980663) beq     a6, s9, pc + 12
core   0: 3 0x80002782 (0x01980663)
core   0: 0x80002786 (0x00b9b3b3) sltu    t2, s3, a1
core   0: 3 0x80002786 (0x00b9b3b3) x7  0x00000000
core   0: 0x8000278a (0x01b28bb3) add     s7, t0, s11
core   0: 3 0x8000278a (0x01b28bb3) x23 0x00000001
core   0: 0x8000278e (0x01cf5013) srli    zero, t5, 28
core   0: 3 0x8000278e (0x01cf5013)
core   0: 0x80002792 (0x00008cc1) c.or    s1, s0
core   0: 3 0x80002792 (0x8cc1) x9  0x00000000
core   0: 0x80002794 (0x00b99f93) slli    t6, s3, 11
core   0: 3 0x80002794 (0x00b99f93) x31 0xfffff800
core   0: 0x80002798 (0x000c5e93) srli    t4, s8, 0
core   0: 3 0x80002798 (0x000c5e93) x29 0x00000000
core   0: 0x8000279c (0x002ce9b3) or      s3, s9, sp
core   0: 3 0x8000279c (0x002ce9b3) x19 0xf38422e7
core   0: 0x800027a0 (0x00491b33) sll     s6, s2, tp
core   0: 3 0x800027a0 (0x00491b33) x22 0x00000001
core   0: 0x800027a4 (0x01bda9b3) slt     s3, s11, s11
core   0: 3 0x800027a4 (0x01bda9b3) x19 0x00000000
core   0: 0x800027a8 (0x00000001) c.nop
core   0: 3 0x800027a8 (0x0001)
core   0: 0x800027aa (0x00b5e663) bltu    a1, a1, pc + 12
core   0: 3 0x800027aa (0x00b5e663)
core   0: 0x800027ae (0x015c83b3) add     t2, s9, s5
core   0: 3 0x800027ae (0x015c83b3) x7  0x80029d24
core   0: 0x800027b2 (0x00d5c4b3) xor     s1, a1, a3
core   0: 3 0x800027b2 (0x00d5c4b3) x9  0x00000000
core   0: 0x800027b6 (0x84ecec93) ori     s9, s9, -1970
core   0: 3 0x800027b6 (0x84ecec93) x25 0xfffff84e
core   0: 0x800027ba (0x00008fb1) c.xor   a5, a2
core   0: 3 0x800027ba (0x8fb1) x15 0x00000000
core   0: 0x800027bc (0x020b30b3) mulhu   ra, s6, zero
core   0: 3 0x800027bc (0x020b30b3) x1  0x00000000
core   0: 0x800027c0 (0x00008ef1) c.and   a3, a2
core   0: 3 0x800027c0 (0x8ef1) x13 0x00000000
core   0: 0x800027c2 (0x00008c0e) c.mv    s8, gp
core   0: 3 0x800027c2 (0x8c0e) x24 0x00000001
core   0: 0x800027c4 (0x03e9cf63) blt     s3, t5, pc + 62
core   0: 3 0x800027c4 (0x03e9cf63)
core   0: 0x800027c8 (0x00008f79) c.and   a4, a4
core   0: 3 0x800027c8 (0x8f79) x14 0xc5961610
core   0: 0x800027ca (0x00006551) c.lui   a0, 0x14
core   0: 3 0x800027ca (0x6551) x10 0x00014000
core   0: 0x800027cc (0x00000001) c.nop
core   0: 3 0x800027cc (0x0001)
core   0: 0x800027ce (0x012d8b33) add     s6, s11, s2
core   0: 3 0x800027ce (0x012d8b33) x22 0x00000002
core   0: 0x800027d2 (0x0000597d) c.li    s2, -1
core   0: 3 0x800027d2 (0x597d) x18 0xffffffff
core   0: 0x800027d4 (0xaa80b817) auipc   a6, 0xaa80b
core   0: 3 0x800027d4 (0xaa80b817) x16 0x2a80d7d4
core   0: 0x800027d8 (0x0266f633) remu    a2, a3, t1
core   0: 3 0x800027d8 (0x0266f633) x12 0x00000000
core   0: 0x800027dc (0x01db1f33) sll     t5, s6, t4
core   0: 3 0x800027dc (0x01db1f33) x30 0x00000002
core   0: 0x800027e0 (0x02f48863) beq     s1, a5, pc + 48
core   0: 3 0x800027e0 (0x02f48863)
core   0: 0x80002810 (0xc1e60e93) addi    t4, a2, -994
core   0: 3 0x80002810 (0xc1e60e93) x29 0xfffffc1e
core   0: 0x80002814 (0xcaabb893) sltiu   a7, s7, -854
core   0: 3 0x80002814 (0xcaabb893) x17 0x00000001
core   0: 0x80002818 (0x01fe17b3) sll     a5, t3, t6
core   0: 3 0x80002818 (0x01fe17b3) x15 0xbc2e2000
core   0: 0x8000281c (0x412c5d33) sra     s10, s8, s2
core   0: 3 0x8000281c (0x412c5d33) x26 0x00000000
core   0: 0x80002820 (0x02c74063) blt     a4, a2, pc + 32
core   0: 3 0x80002820 (0x02c74063)
core   0: 0x80002840 (0x01b78c63) beq     a5, s11, pc + 24
core   0: 3 0x80002840 (0x01b78c63)
core   0: 0x80002844 (0x0000cb9d) c.beqz  a5, pc + 54
core   0: 3 0x80002844 (0xcb9d)
core   0: 0x80002846 (0x00b74d63) blt     a4, a1, pc + 26
core   0: 3 0x80002846 (0x00b74d63)
core   0: 0x80002860 (0x026002b3) mul     t0, zero, t1
core   0: 3 0x80002860 (0x026002b3) x5  0x00000000
core   0: 0x80002864 (0x00008dd9) c.or    a1, a4
core   0: 3 0x80002864 (0x8dd9) x11 0xc5961610
core   0: 0x80002866 (0xd0c6cf13) xori    t5, a3, -756
core   0: 3 0x80002866 (0xd0c6cf13) x30 0xfffffd0c
core   0: 0x8000286a (0x26ed62b7) lui     t0, 0x26ed6
core   0: 3 0x8000286a (0x26ed62b7) x5  0x26ed6000
core   0: 0x8000286e (0x000056fd) c.li    a3, -1
core   0: 3 0x8000286e (0x56fd) x13 0xffffffff
core   0: 0x80002870 (0x00009b7d) c.andi  a4, -1
core   0: 3 0x80002870 (0x9b7d) x14 0xc5961610
core   0: 0x80002872 (0x009c1db3) sll     s11, s8, s1
core   0: 3 0x80002872 (0x009c1db3) x27 0x00000001
core   0: 0x80002876 (0x00c19713) slli    a4, gp, 12
core   0: 3 0x80002876 (0x00c19713) x14 0x00001000
core   0: 0x8000287a (0x027cd0b3) divu    ra, s9, t2
core   0: 3 0x8000287a (0x027cd0b3) x1  0x00000001
core   0: 0x8000287e (0x00000486) c.slli  s1, 1
core   0: 3 0x8000287e (0x0486) x9  0x00000000
core   0: 0x80002880 (0x01bf89b3) add     s3, t6, s11
core   0: 3 0x80002880 (0x01bf89b3) x19 0xfffff801
core   0: 0x80002884 (0x02dcdc63) bge     s9, a3, pc + 56
core   0: 3 0x80002884 (0x02dcdc63)
core   0: 0x80002888 (0x0000ec01) c.bnez  s0, pc + 24
core   0: 3 0x80002888 (0xec01)
core   0: 0x8000288a (0x007c4833) xor     a6, s8, t2
core   0: 3 0x8000288a (0x007c4833) x16 0x80029d25
core   0: 0x8000288e (0x02341463) bne     s0, gp, pc + 40
core   0: 3 0x8000288e (0x02341463)
core   0: 0x800028b6 (0x0000075a) c.slli  a4, 22
core   0: 3 0x800028b6 (0x075a) x14 0x00000000
core   0: 0x800028b8 (0x00008ccd) c.or    s1, a1
core   0: 3 0x800028b8 (0x8ccd) x9  0xc5961610
core   0: 0x800028ba (0x0000157d) c.addi  a0, -1
core   0: 3 0x800028ba (0x157d) x10 0x00013fff
core   0: 0x800028bc (0x00000001) c.nop
core   0: 3 0x800028bc (0x0001)
core   0: 0x800028be (0x644fafb7) lui     t6, 0x644fa
core   0: 3 0x800028be (0x644fafb7) x31 0x644fa000
core   0: 0x800028c2 (0x0336f363) bgeu    a3, s3, pc + 38
core   0: 3 0x800028c2 (0x0336f363)
core   0: 0x800028e8 (0x01001033) sll     zero, zero, a6
core   0: 3 0x800028e8 (0x01001033)
core   0: 0x800028ec (0x000012fd) c.addi  t0, -1
core   0: 3 0x800028ec (0x12fd) x5  0x26ed5fff
core   0: 0x800028ee (0x023d2233) mulhsu  tp, s10, gp
core   0: 3 0x800028ee (0x023d2233) x4  0x00000000
core   0: 0x800028f2 (0x00008472) c.mv    s0, t3
core   0: 3 0x800028f2 (0x8472) x8  0xbc2e2000
core   0: 0x800028f4 (0x7b263793) sltiu   a5, a2, 1970
core   0: 3 0x800028f4 (0x7b263793) x15 0x00000001
core   0: 0x800028f8 (0x00008e96) c.mv    t4, t0
core   0: 3 0x800028f8 (0x8e96) x29 0x26ed5fff
core   0: 0x800028fa (0x000090a2) c.add   ra, s0
core   0: 3 0x800028fa (0x90a2) x1  0xbc2e2001
core   0: 0x800028fc (0x0013de63) bge     t2, ra, pc + 28
core   0: 3 0x800028fc (0x0013de63)
core   0: 0x80002900 (0x027b54b3) divu    s1, s6, t2
core   0: 3 0x80002900 (0x027b54b3) x9  0x00000000
core   0: 0x80002904 (0x026698b3) mulh    a7, a3, t1
core   0: 3 0x80002904 (0x026698b3) x17 0x00000000
core   0: 0x80002908 (0x00008e7d) c.and   a2, a5
core   0: 3 0x80002908 (0x8e7d) x12 0x00000000
core   0: 0x8000290a (0x05226563) bltu    tp, s2, pc + 74
core   0: 3 0x8000290a (0x05226563)
core   0: 0x80002954 (0x0000e219) c.bnez  a2, pc + 6
core   0: 3 0x80002954 (0xe219)
core   0: 0x80002956 (0x0046d613) srli    a2, a3, 4
core   0: 3 0x80002956 (0x0046d613) x12 0x0fffffff
core   0: 0x8000295a (0x02dc2cb3) mulhsu  s9, s8, a3
core   0: 3 0x8000295a (0x02dc2cb3) x25 0x00000000
core   0: 0x8000295e (0x00008c15) c.sub   s0, a3
core   0: 3 0x8000295e (0x8c15) x8  0xbc2e2001
core   0: 0x80002960 (0x00008ffd) c.and   a5, a5
core   0: 3 0x80002960 (0x8ffd) x15 0x00000001
core   0: 0x80002962 (0x0000557d) c.li    a0, -1
core   0: 3 0x80002962 (0x557d) x10 0xffffffff
core   0: 0x80002964 (0x023a4533) div     a0, s4, gp
core   0: 3 0x80002964 (0x023a4533) x10 0x80025ea4
core   0: 0x80002968 (0x02c8ee63) bltu    a7, a2, pc + 60
core   0: 3 0x80002968 (0x02c8ee63)
core   0: 0x800029a4 (0x944f3d93) sltiu   s11, t5, -1724
core   0: 3 0x800029a4 (0x944f3d93) x27 0x00000000
core   0: 0x800029a8 (0x01dee633) or      a2, t4, t4
core   0: 3 0x800029a8 (0x01dee633) x12 0x26ed5fff
core   0: 0x800029ac (0x0133d4b3) srl     s1, t2, s3
core   0: 3 0x800029ac (0x0133d4b3) x9  0x40014e92
core   0: 0x800029b0 (0x00000512) c.slli  a0, 4
core   0: 3 0x800029b0 (0x0512) x10 0x0025ea40
core   0: 0x800029b2 (0x00d9df33) srl     t5, s3, a3
core   0: 3 0x800029b2 (0x00d9df33) x30 0x00000001
core   0: 0x800029b6 (0x00008fb5) c.xor   a5, a3
core   0: 3 0x800029b6 (0x8fb5) x15 0xfffffffe
core   0: 0x800029b8 (0xc0463413) sltiu   s0, a2, -1020
core   0: 3 0x800029b8 (0xc0463413) x8  0x00000001
core   0: 0x800029bc (0x00008ef9) c.and   a3, a4
core   0: 3 0x800029bc (0x8ef9) x13 0x00000000
core   0: 0x800029be (0x032bcc63) blt     s7, s2, pc + 56
core   0: 3 0x800029be (0x032bcc63)
core   0: 0x800029c2 (0x00008061) c.srli  s0, 24
core   0: 3 0x800029c2 (0x8061) x8  0x00000000
core   0: 0x800029c4 (0x014b5f13) srli    t5, s6, 20
core   0: 3 0x800029c4 (0x014b5f13) x30 0x00000000
core   0: 0x800029c8 (0x002b1593) slli    a1, s6, 2
core   0: 3 0x800029c8 (0x002b1593) x11 0x00000008
core   0: 0x800029cc (0x02da0933) mul     s2, s4, a3
core   0: 3 0x800029cc (0x02da0933) x18 0x00000000
core   0: 0x800029d0 (0x00000001) c.nop
core   0: 3 0x800029d0 (0x0001)
core   0: 0x800029d2 (0x01c9ff63) bgeu    s3, t3, pc + 30
core   0: 3 0x800029d2 (0x01c9ff63)
core   0: 0x800029f0 (0x0023fd63) bgeu    t2, sp, pc + 26
core   0: 3 0x800029f0 (0x0023fd63)
core   0: 0x800029f4 (0x00008235) c.srli  a2, 13
core   0: 3 0x800029f4 (0x8235) x12 0x0001376a
core   0: 0x800029f6 (0x018700b3) add     ra, a4, s8
core   0: 3 0x800029f6 (0x018700b3) x1  0x00000001
core   0: 0x800029fa (0x99a7f793) andi    a5, a5, -1638
core   0: 3 0x800029fa (0x99a7f793) x15 0xfffff99a
core   0: 0x800029fe (0x00008cd9) c.or    s1, a4
core   0: 3 0x800029fe (0x8cd9) x9  0x40014e92
core   0: 0x80002a00 (0x02e78763) beq     a5, a4, pc + 46
core   0: 3 0x80002a00 (0x02e78763)
core   0: 0x80002a04 (0x029e99b3) mulh    s3, t4, s1
core   0: 3 0x80002a04 (0x029e99b3) x19 0x09bb8adf
core   0: 0x80002a08 (0x00008e65) c.and   a2, s1
core   0: 3 0x80002a08 (0x8e65) x12 0x00010602
core   0: 0x80002a0a (0x026e8fb3) mul     t6, t4, t1
core   0: 3 0x80002a0a (0x026e8fb3) x31 0x0c801d1a
core   0: 0x80002a0e (0x00834533) xor     a0, t1, s0
core   0: 3 0x80002a0e (0x00834533) x10 0xf38422e6
core   0: 0x80002a12 (0x01415e93) srli    t4, sp, 20
core   0: 3 0x80002a12 (0x01415e93) x29 0x00000f38
core   0: 0x80002a16 (0x035e0d33) mul     s10, t3, s5
core   0: 3 0x80002a16 (0x035e0d33) x26 0x001c8000
core   0: 0x80002a1a (0x00121c93) slli    s9, tp, 1
core   0: 3 0x80002a1a (0x00121c93) x25 0x00000000
core   0: 0x80002a1e (0x01f99cb3) sll     s9, s3, t6
core   0: 3 0x80002a1e (0x01f99cb3) x25 0x7c000000
core   0: 0x80002a22 (0x020a0563) beqz    s4, pc + 42
core   0: 3 0x80002a22 (0x020a0563)
core   0: 0x80002a26 (0xfe80af13) slti    t5, ra, -24
core   0: 3 0x80002a26 (0xfe80af13) x30 0x00000000
core   0: 0x80002a2a (0x0342e3b3) rem     t2, t0, s4
core   0: 3 0x80002a2a (0x0342e3b3) x7  0x26ed5fff
core   0: 0x80002a2e (0x00004251) c.li    tp, 20
core   0: 3 0x80002a2e (0x4251) x4  0x00000014
core   0: 0x80002a30 (0x00008325) c.srli  a4, 9
core   0: 3 0x80002a30 (0x8325) x14 0x00000000
core   0: 0x80002a32 (0x00b0e533) or      a0, ra, a1
core   0: 3 0x80002a32 (0x00b0e533) x10 0x00000009
core   0: 0x80002a36 (0xc9798193) addi    gp, s3, -873
core   0: 3 0x80002a36 (0xc9798193) x3  0x09bb8776
core   0: 0x80002a3a (0x01f326b3) slt     a3, t1, t6
core   0: 3 0x80002a3a (0x01f326b3) x13 0x00000001
core   0: 0x80002a3e (0x016f2c33) slt     s8, t5, s6
core   0: 3 0x80002a3e (0x016f2c33) x24 0x00000001
core   0: 0x80002a42 (0x41eb87b3) sub     a5, s7, t5
core   0: 3 0x80002a42 (0x41eb87b3) x15 0x00000001
core   0: 0x80002a46 (0xe2370b93) addi    s7, a4, -477
core   0: 3 0x80002a46 (0xe2370b93) x23 0xfffffe23
core   0: 0x80002a4a (0x00000001) c.nop
core   0: 3 0x80002a4a (0x0001)
core   0: 0x80002a4c (0x00008d79) c.and   a0, a4
core   0: 3 0x80002a4c (0x8d79) x10 0x00000000
core   0: 0x80002a4e (0x0017c033) xor     zero, a5, ra
core   0: 3 0x80002a4e (0x0017c033)
core   0: 0x80002a52 (0x41c10233) sub     tp, sp, t3
core   0: 3 0x80002a52 (0x41c10233) x4  0x375602e7
core   0: 0x80002a56 (0x00009386) c.add   t2, ra
core   0: 3 0x80002a56 (0x9386) x7  0x26ed6000
core   0: 0x80002a58 (0xae008413) addi    s0, ra, -1312
core   0: 3 0x80002a58 (0xae008413) x8  0xfffffae1
core   0: 0x80002a5c (0x01355b93) srli    s7, a0, 19
core   0: 3 0x80002a5c (0x01355b93) x23 0x00000000
core   0: 0x80002a60 (0x030ce033) rem     zero, s9, a6
core   0: 3 0x80002a60 (0x030ce033)
core   0: 0x80002a64 (0x00009b7d) c.andi  a4, -1
core   0: 3 0x80002a64 (0x9b7d) x14 0x00000000
core   0: 0x80002a66 (0x034c35b3) mulhu   a1, s8, s4
core   0: 3 0x80002a66 (0x034c35b3) x11 0x00000000
core   0: 0x80002a6a (0x0000828d) c.srli  a3, 3
core   0: 3 0x80002a6a (0x828d) x13 0x00000000
core   0: 0x80002a6c (0x0000ca91) c.beqz  a3, pc + 20
core   0: 3 0x80002a6c (0xca91)
core   0: 0x80002a80 (0x03f9d433) divu    s0, s3, t6
core   0: 3 0x80002a80 (0x03f9d433) x8  0x00000000
core   0: 0x80002a84 (0x405b5293) srai    t0, s6, 5
core   0: 3 0x80002a84 (0x405b5293) x5  0x00000000
core   0: 0x80002a88 (0x007c16b3) sll     a3, s8, t2
core   0: 3 0x80002a88 (0x007c16b3) x13 0x00000001
core   0: 0x80002a8c (0x0175e233) or      tp, a1, s7
core   0: 3 0x80002a8c (0x0175e233) x4  0x00000000
core   0: 0x80002a90 (0x01a44263) blt     s0, s10, pc + 4
core   0: 3 0x80002a90 (0x01a44263)
core   0: 0x80002a94 (0x02f760b3) rem     ra, a4, a5
core   0: 3 0x80002a94 (0x02f760b3) x1  0x00000000
core   0: 0x80002a98 (0x0000c685) c.beqz  a3, pc + 40
core   0: 3 0x80002a98 (0xc685)
core   0: 0x80002a9a (0x037c9e63) bne     s9, s7, pc + 60
core   0: 3 0x80002a9a (0x037c9e63)
core   0: 0x80002ad6 (0x02300e33) mul     t3, zero, gp
core   0: 3 0x80002ad6 (0x02300e33) x28 0x00000000
core   0: 0x80002ada (0x90208513) addi    a0, ra, -1790
core   0: 3 0x80002ada (0x90208513) x10 0xfffff902
core   0: 0x80002ade (0x031acfb3) div     t6, s5, a7
core   0: 3 0x80002ade (0x031acfb3) x31 0xffffffff
core   0: 0x80002ae2 (0x00000001) c.nop
core   0: 3 0x80002ae2 (0x0001)
core   0: 0x80002ae4 (0x0000892d) c.andi  a0, 11
core   0: 3 0x80002ae4 (0x892d) x10 0x00000002
core   0: 0x80002ae6 (0x003a29b3) slt     s3, s4, gp
core   0: 3 0x80002ae6 (0x003a29b3) x19 0x00000001
core   0: 0x80002aea (0x48d7e313) ori     t1, a5, 1165
core   0: 3 0x80002aea (0x48d7e313) x6  0x0000048d
core   0: 0x80002aee (0x02597833) remu    a6, s2, t0
core   0: 3 0x80002aee (0x02597833) x16 0x00000000
core   0: 0x80002af2 (0x0356d833) divu    a6, a3, s5
core   0: 3 0x80002af2 (0x0356d833) x16 0x00000000
core   0: 0x80002af6 (0x0383aeb3) mulhsu  t4, t2, s8
core   0: 3 0x80002af6 (0x0383aeb3) x29 0x00000000
core   0: 0x80002afa (0x0000808d) c.srli  s1, 3
core   0: 3 0x80002afa (0x808d) x9  0x080029d2
core   0: 0x80002afc (0x039391b3) mulh    gp, t2, s9
core   0: 3 0x80002afc (0x039391b3) x3  0x12dafa80
core   0: 0x80002b00 (0x0000073e) c.slli  a4, 15
core   0: 3 0x80002b00 (0x073e) x14 0x00000000
core   0: 0x80002b02 (0x00008e41) c.or    a2, s0
core   0: 3 0x80002b02 (0x8e41) x12 0x00010602
core   0: 0x80002b04 (0x00008d19) c.sub   a0, a4
core   0: 3 0x80002b04 (0x8d19) x10 0x00000002
core   0: 0x80002b06 (0xe8407393) andi    t2, zero, -380
core   0: 3 0x80002b06 (0xe8407393) x7  0x00000000
core   0: 0x80002b0a (0x00ce0733) add     a4, t3, a2
core   0: 3 0x80002b0a (0x00ce0733) x14 0x00010602
core   0: 0x80002b0e (0x00008c96) c.mv    s9, t0
core   0: 3 0x80002b0e (0x8c96) x25 0x00000000
core   0: 0x80002b10 (0x018fd793) srli    a5, t6, 24
core   0: 3 0x80002b10 (0x018fd793) x15 0x000000ff
core   0: 0x80002b14 (0x000081e9) c.srli  a1, 26
core   0: 3 0x80002b14 (0x81e9) x11 0x00000000
core   0: 0x80002b16 (0x00009812) c.add   a6, tp
core   0: 3 0x80002b16 (0x9812) x16 0x00000000
core   0: 0x80002b18 (0x0bcd7413) andi    s0, s10, 188
core   0: 3 0x80002b18 (0x0bcd7413) x8  0x00000000
core   0: 0x80002b1c (0x95677713) andi    a4, a4, -1706
core   0: 3 0x80002b1c (0x95677713) x14 0x00010002
core   0: 0x80002b20 (0x000083e6) c.mv    t2, s9
core   0: 3 0x80002b20 (0x83e6) x7  0x00000000
core   0: 0x80002b22 (0x00e5c463) blt     a1, a4, pc + 8
core   0: 3 0x80002b22 (0x00e5c463)
core   0: 0x80002b2a (0x0d0b6513) ori     a0, s6, 208
core   0: 3 0x80002b2a (0x0d0b6513) x10 0x000000d2
core   0: 0x80002b2e (0xffa92013) slti    zero, s2, -6
core   0: 3 0x80002b2e (0xffa92013)
core   0: 0x80002b32 (0x00008de9) c.and   a1, a0
core   0: 3 0x80002b32 (0x8de9) x11 0x00000000
core   0: 0x80002b34 (0x00008235) c.srli  a2, 13
core   0: 3 0x80002b34 (0x8235) x12 0x00000008
core   0: 0x80002b36 (0x1c814913) xori    s2, sp, 456
core   0: 3 0x80002b36 (0x1c814913) x18 0xf384232f
core   0: 0x80002b3a (0xe99e8013) addi    zero, t4, -359
core   0: 3 0x80002b3a (0xe99e8013)
core   0: 0x80002b3e (0x0102d393) srli    t2, t0, 16
core   0: 3 0x80002b3e (0x0102d393) x7  0x00000000
core   0: 0x80002b42 (0x00000092) c.slli  ra, 4
core   0: 3 0x80002b42 (0x0092) x1  0x00000000
core   0: 0x80002b44 (0x03bde363) bltu    s11, s11, pc + 38
core   0: 3 0x80002b44 (0x03bde363)
core   0: 0x80002b48 (0x05935363) bge     t1, s9, pc + 70
core   0: 3 0x80002b48 (0x05935363)
core   0: 0x80002b8e (0x0000c391) c.beqz  a5, pc + 4
core   0: 3 0x80002b8e (0xc391)
core   0: 0x80002b90 (0x0000622d) c.lui   tp, 0xb
core   0: 3 0x80002b90 (0x622d) x4  0x0000b000
core   0: 0x80002b92 (0x00008815) c.andi  s0, 5
core   0: 3 0x80002b92 (0x8815) x8  0x00000000
core   0: 0x80002b94 (0x00008aa1) c.andi  a3, 8
core   0: 3 0x80002b94 (0x8aa1) x13 0x00000000
core   0: 0x80002b96 (0x02863fb3) mulhu   t6, a2, s0
core   0: 3 0x80002b96 (0x02863fb3) x31 0x00000000
core   0: 0x80002b9a (0xa7760c13) addi    s8, a2, -1417
core   0: 3 0x80002b9a (0xa7760c13) x24 0xfffffa7f
core   0: 0x80002b9e (0x03b75063) bge     a4, s11, pc + 32
core   0: 3 0x80002b9e (0x03b75063)
core   0: 0x80002bbe (0x5fd63097) auipc   ra, 0x5fd63
core   0: 3 0x80002bbe (0x5fd63097) x1  0xdfd65bbe
core   0: 0x80002bc2 (0x00008d55) c.or    a0, a3
core   0: 3 0x80002bc2 (0x8d55) x10 0x000000d2
core   0: 0x80002bc4 (0x4a2ca397) auipc   t2, 0x4a2ca
core   0: 3 0x80002bc4 (0x4a2ca397) x7  0xca2ccbc4
core   0: 0x80002bc8 (0x012e7233) and     tp, t3, s2
core   0: 3 0x80002bc8 (0x012e7233) x4  0x00000000
core   0: 0x80002bcc (0x01069393) slli    t2, a3, 16
core   0: 3 0x80002bcc (0x01069393) x7  0x00000000
core   0: 0x80002bd0 (0x00000001) c.nop
core   0: 3 0x80002bd0 (0x0001)
core   0: 0x80002bd2 (0x00008ee1) c.and   a3, s0
core   0: 3 0x80002bd2 (0x8ee1) x13 0x00000000
core   0: 0x80002bd4 (0xd1387997) auipc   s3, 0xd1387
core   0: 3 0x80002bd4 (0xd1387997) x19 0x51389bd4
core   0: 0x80002bd8 (0x4157d1b3) sra     gp, a5, s5
core   0: 3 0x80002bd8 (0x4157d1b3) x3  0x0000000f
core   0: 0x80002bdc (0x016e95b3) sll     a1, t4, s6
core   0: 3 0x80002bdc (0x016e95b3) x11 0x00000000
core   0: 0x80002be0 (0x0000450d) c.li    a0, 3
core   0: 3 0x80002be0 (0x450d) x10 0x00000003
core   0: 0x80002be2 (0x0000597d) c.li    s2, -1
core   0: 3 0x80002be2 (0x597d) x18 0xffffffff
core   0: 0x80002be4 (0x038ca233) mulhsu  tp, s9, s8
core   0: 3 0x80002be4 (0x038ca233) x4  0x00000000
core   0: 0x80002be8 (0x00d61b63) bne     a2, a3, pc + 22
core   0: 3 0x80002be8 (0x00d61b63)
core   0: 0x80002bfe (0x0000c89d) c.beqz  s1, pc + 54
core   0: 3 0x80002bfe (0xc89d)
core   0: 0x80002c00 (0x1f040037) lui     zero, 0x1f040
core   0: 3 0x80002c00 (0x1f040037)
core   0: 0x80002c04 (0x50889937) lui     s2, 0x50889
core   0: 3 0x80002c04 (0x50889937) x18 0x50889000
core   0: 0x80002c08 (0x00000e09) c.addi  t3, 2
core   0: 3 0x80002c08 (0x0e09) x28 0x00000002
core   0: 0x80002c0a (0x00f3dc93) srli    s9, t2, 15
core   0: 3 0x80002c0a (0x00f3dc93) x25 0x00000000
core   0: 0x80002c0e (0x00008cdd) c.or    s1, a5
core   0: 3 0x80002c0e (0x8cdd) x9  0x080029ff
core   0: 0x80002c10 (0xc66d8c93) addi    s9, s11, -922
core   0: 3 0x80002c10 (0xc66d8c93) x25 0xfffffc66
core   0: 0x80002c14 (0x026aeeb3) rem     t4, s5, t1
core   0: 3 0x80002c14 (0x026aeeb3) x29 0xfffffd6e
core   0: 0x80002c18 (0x003a7833) and     a6, s4, gp
core   0: 3 0x80002c18 (0x003a7833) x16 0x00000004
core   0: 0x80002c1c (0x01b5e333) or      t1, a1, s11
core   0: 3 0x80002c1c (0x01b5e333) x6  0x00000000
core   0: 0x80002c20 (0x0417e363) bltu    a5, ra, pc + 70
core   0: 3 0x80002c20 (0x0417e363)
core   0: 0x80002c66 (0x0000c021) c.beqz  s0, pc + 64
core   0: 3 0x80002c66 (0xc021)
core   0: 0x80002ca6 (0x0304b733) mulhu   a4, s1, a6
core   0: 3 0x80002ca6 (0x0304b733) x14 0x00000000
core   0: 0x80002caa (0x40b5d193) srai    gp, a1, 11
core   0: 3 0x80002caa (0x40b5d193) x3  0x00000000
core   0: 0x80002cae (0x029414b3) mulh    s1, s0, s1
core   0: 3 0x80002cae (0x029414b3) x9  0x00000000
core   0: 0x80002cb2 (0x0042af33) slt     t5, t0, tp
core   0: 3 0x80002cb2 (0x0042af33) x30 0x00000000
core   0: 0x80002cb6 (0x0347f033) remu    zero, a5, s4
core   0: 3 0x80002cb6 (0x0347f033)
core   0: 0x80002cba (0x032cdd33) divu    s10, s9, s2
core   0: 3 0x80002cba (0x032cdd33) x26 0x00000003
core   0: 0x80002cbe (0x00009fca) c.add   t6, s2
core   0: 3 0x80002cbe (0x9fca) x31 0x50889000
core   0: 0x80002cc0 (0x00d54f63) blt     a0, a3, pc + 30
core   0: 3 0x80002cc0 (0x00d54f63)
core   0: 0x80002cc4 (0x00000f49) c.addi  t5, 18
core   0: 3 0x80002cc4 (0x0f49) x30 0x00000012
core   0: 0x80002cc6 (0x0281d733) divu    a4, gp, s0
core   0: 3 0x80002cc6 (0x0281d733) x14 0xffffffff
core   0: 0x80002cca (0x413ed713) srai    a4, t4, 19
core   0: 3 0x80002cca (0x413ed713) x14 0xffffffff
core   0: 0x80002cce (0x017a5213) srli    tp, s4, 23
core   0: 3 0x80002cce (0x017a5213) x4  0x00000100
core   0: 0x80002cd2 (0x000069c5) c.lui   s3, 0x11
core   0: 3 0x80002cd2 (0x69c5) x19 0x00011000
core   0: 0x80002cd4 (0x000000c2) c.slli  ra, 16
core   0: 3 0x80002cd4 (0x00c2) x1  0x5bbe0000
core   0: 0x80002cd6 (0x00008d65) c.and   a0, s1
core   0: 3 0x80002cd6 (0x8d65) x10 0x00000000
core   0: 0x80002cd8 (0x011a6233) or      tp, s4, a7
core   0: 3 0x80002cd8 (0x011a6233) x4  0x80025ea4
core   0: 0x80002cdc (0x00008f85) c.sub   a5, s1
core   0: 3 0x80002cdc (0x8f85) x15 0x000000ff
core   0: 0x80002cde (0x00008b1e) c.mv    s6, t2
core   0: 3 0x80002cde (0x8b1e) x22 0x00000000
core   0: 0x80002ce0 (0xaf936313) ori     t1, t1, -1287
core   0: 3 0x80002ce0 (0xaf936313) x6  0xfffffaf9
core   0: 0x80002ce4 (0x35278693) addi    a3, a5, 850
core   0: 3 0x80002ce4 (0x35278693) x13 0x00000451
core   0: 0x80002ce8 (0xb9e93c13) sltiu   s8, s2, -1122
core   0: 3 0x80002ce8 (0xb9e93c13) x24 0x00000001
core   0: 0x80002cec (0x017a0463) beq     s4, s7, pc + 8
core   0: 3 0x80002cec (0x017a0463)
core   0: 0x80002cf0 (0x0303c533) div     a0, t2, a6
core   0: 3 0x80002cf0 (0x0303c533) x10 0x00000000
core   0: 0x80002cf4 (0x01ec5fb3) srl     t6, s8, t5
core   0: 3 0x80002cf4 (0x01ec5fb3) x31 0x00000000
core   0: 0x80002cf8 (0x0322c5b3) div     a1, t0, s2
core   0: 3 0x80002cf8 (0x0322c5b3) x11 0x00000000
core   0: 0x80002cfc (0x08d3b893) sltiu   a7, t2, 141
core   0: 3 0x80002cfc (0x08d3b893) x17 0x00000001
core   0: 0x80002d00 (0x0030bfb3) sltu    t6, ra, gp
core   0: 3 0x80002d00 (0x0030bfb3) x31 0x00000000
core   0: 0x80002d04 (0x00657033) and     zero, a0, t1
core   0: 3 0x80002d04 (0x00657033)
core   0: 0x80002d08 (0x019d4b33) xor     s6, s10, s9
core   0: 3 0x80002d08 (0x019d4b33) x22 0xfffffc65
core   0: 0x80002d0c (0x00000cea) c.slli  s9, 26
core   0: 3 0x80002d0c (0x0cea) x25 0x98000000
core   0: 0x80002d0e (0x40c3d7b3) sra     a5, t2, a2
core   0: 3 0x80002d0e (0x40c3d7b3) x15 0x00000000
core   0: 0x80002d12 (0x4d900513) li      a0, 1241
core   0: 3 0x80002d12 (0x4d900513) x10 0x000004d9
core   0: 0x80002d16 (0x00000376) c.slli  t1, 29
core   0: 3 0x80002d16 (0x0376) x6  0x20000000
core   0: 0x80002d18 (0x00ab4cb3) xor     s9, s6, a0
core   0: 3 0x80002d18 (0x00ab4cb3) x25 0xfffff8bc
core   0: 0x80002d1c (0x03d2cbb3) div     s7, t0, t4
core   0: 3 0x80002d1c (0x03d2cbb3) x23 0x00000000
core   0: 0x80002d20 (0x00575363) bge     a4, t0, pc + 6
core   0: 3 0x80002d20 (0x00575363)
core   0: 0x80002d24 (0x00008c4d) c.or    s0, a1
core   0: 3 0x80002d24 (0x8c4d) x8  0x00000000
core   0: 0x80002d26 (0x010a0f63) beq     s4, a6, pc + 30
core   0: 3 0x80002d26 (0x010a0f63)
core   0: 0x80002d2a (0x02916c63) bltu    sp, s1, pc + 56
core   0: 3 0x80002d2a (0x02916c63)
core   0: 0x80002d2e (0x00008df9) c.and   a1, a4
core   0: 3 0x80002d2e (0x8df9) x11 0x00000000
core   0: 0x80002d30 (0x01763233) sltu    tp, a2, s7
core   0: 3 0x80002d30 (0x01763233) x4  0x00000000
core   0: 0x80002d34 (0x0000039d) c.addi  t2, 7
core   0: 3 0x80002d34 (0x039d) x7  0x00000007
core   0: 0x80002d36 (0x03e27e33) remu    t3, tp, t5
core   0: 3 0x80002d36 (0x03e27e33) x28 0x00000000
core   0: 0x80002d3a (0x00000001) c.nop
core   0: 3 0x80002d3a (0x0001)
core   0: 0x80002d3c (0x000084ad) c.srai  s1, 11
core   0: 3 0x80002d3c (0x84ad) x9  0x00000000
core   0: 0x80002d3e (0x0000930a) c.add   t1, sp
core   0: 3 0x80002d3e (0x930a) x6  0x138422e7
core   0: 0x80002d40 (0x010a0d63) beq     s4, a6, pc + 26
core   0: 3 0x80002d40 (0x010a0d63)
core   0: 0x80002d44 (0x00008d91) c.sub   a1, a2
core   0: 3 0x80002d44 (0x8d91) x11 0xfffffff8
core   0: 0x80002d46 (0x02541f33) mulh    t5, s0, t0
core   0: 3 0x80002d46 (0x02541f33) x30 0x00000000
core   0: 0x80002d4a (0x00000e3d) c.addi  t3, 15
core   0: 3 0x80002d4a (0x0e3d) x28 0x0000000f
core   0: 0x80002d4c (0x0084deb3) srl     t4, s1, s0
core   0: 3 0x80002d4c (0x0084deb3) x29 0x00000000
core   0: 0x80002d50 (0x01fff033) and     zero, t6, t6
core   0: 3 0x80002d50 (0x01fff033)
core   0: 0x80002d54 (0x00000df1) c.addi  s11, 28
core   0: 3 0x80002d54 (0x0df1) x27 0x0000001c
core   0: 0x80002d56 (0x01bd79b3) and     s3, s10, s11
core   0: 3 0x80002d56 (0x01bd79b3) x19 0x00000000
core   0: 0x80002d5a (0x015efc63) bgeu    t4, s5, pc + 24
core   0: 3 0x80002d5a (0x015efc63)
core   0: 0x80002d5e (0x00008b7e) c.mv    s6, t6
core   0: 3 0x80002d5e (0x8b7e) x22 0x00000000
core   0: 0x80002d60 (0x00000392) c.slli  t2, 4
core   0: 3 0x80002d60 (0x0392) x7  0x00000070
core   0: 0x80002d62 (0x00abbc33) sltu    s8, s7, a0
core   0: 3 0x80002d62 (0x00abbc33) x24 0x00000001
core   0: 0x80002d66 (0x74ca0f93) addi    t6, s4, 1868
core   0: 3 0x80002d66 (0x74ca0f93) x31 0x800265f0
core   0: 0x80002d6a (0x00000b0a) c.slli  s6, 2
core   0: 3 0x80002d6a (0x0b0a) x22 0x00000000
core   0: 0x80002d6c (0x00008f95) c.sub   a5, a3
core   0: 3 0x80002d6c (0x8f95) x15 0xfffffbaf
core   0: 0x80002d6e (0x6198bb93) sltiu   s7, a7, 1561
core   0: 3 0x80002d6e (0x6198bb93) x23 0x00000001
core   0: 0x80002d72 (0x0176d433) srl     s0, a3, s7
core   0: 3 0x80002d72 (0x0176d433) x8  0x00000228
core   0: 0x80002d76 (0x000086b9) c.srai  a3, 14
core   0: 3 0x80002d76 (0x86b9) x13 0x00000000
core   0: 0x80002d78 (0x000047e1) c.li    a5, 24
core   0: 3 0x80002d78 (0x47e1) x15 0x00000018
core   0: 0x80002d7a (0x0206a9b3) mulhsu  s3, a3, zero
core   0: 3 0x80002d7a (0x0206a9b3) x19 0x00000000
core   0: 0x80002d7e (0x3faa7593) andi    a1, s4, 1018
core   0: 3 0x80002d7e (0x3faa7593) x11 0x000002a0
core   0: 0x80002d82 (0x00fbbd33) sltu    s10, s7, a5
core   0: 3 0x80002d82 (0x00fbbd33) x26 0x00000001
core   0: 0x80002d86 (0x0140036f) jal     t1, pc + 0x14
core   0: 3 0x80002d86 (0x0140036f) x6  0x80002d8a
core   0: 0x80002d9a (0x0000200d) c.jal   pc + 34
core   0: 3 0x80002d9a (0x200d) x1  0x80002d9c
core   0: 0x80002dbc (0xfd5ff0ef) jal     pc - 0x2c
core   0: 3 0x80002dbc (0xfd5ff0ef) x1  0x80002dc0
core   0: 0x80002d90 (0x01e00c6f) jal     s8, pc + 0x1e
core   0: 3 0x80002d90 (0x01e00c6f) x24 0x80002d94
core   0: 0x80002dae (0x0000b7fd) c.j     pc - 18
core   0: 3 0x80002dae (0xb7fd)
core   0: 0x80002d9c (0x024000ef) jal     pc + 0x24
core   0: 3 0x80002d9c (0x024000ef) x1  0x80002da0
core   0: 0x80002dc0 (0x006000ef) jal     pc + 0x6
core   0: 3 0x80002dc0 (0x006000ef) x1  0x80002dc4
core   0: 0x80002dc6 (0x000037f5) c.jal   pc - 20
core   0: 3 0x80002dc6 (0x37f5) x1  0x80002dc8
core   0: 0x80002db2 (0x004000ef) jal     pc + 0x4
core   0: 3 0x80002db2 (0x004000ef) x1  0x80002db6
core   0: 0x80002db6 (0x00002009) c.jal   pc + 2
core   0: 3 0x80002db6 (0x2009) x1  0x80002db8
core   0: 0x80002db8 (0x0000b7f5) c.j     pc - 20
core   0: 3 0x80002db8 (0xb7f5)
core   0: 0x80002da4 (0xff1ff0ef) jal     pc - 0x10
core   0: 3 0x80002da4 (0xff1ff0ef) x1  0x80002da8
core   0: 0x80002d94 (0x00c000ef) jal     pc + 0xc
core   0: 3 0x80002d94 (0x00c000ef) x1  0x80002d98
core   0: 0x80002da0 (0x00a000ef) jal     pc + 0xa
core   0: 3 0x80002da0 (0x00a000ef) x1  0x80002da4
core   0: 0x80002daa (0xfffff0ef) jal     pc - 0x2
core   0: 3 0x80002daa (0xfffff0ef) x1  0x80002dae
core   0: 0x80002da8 (0x0000a809) c.j     pc + 18
core   0: 3 0x80002da8 (0xa809)
core   0: 0x80002dba (0x0000a039) c.j     pc + 14
core   0: 3 0x80002dba (0xa039)
core   0: 0x80002dc8 (0x0000a009) c.j     pc + 2
core   0: 3 0x80002dc8 (0xa009)
core   0: 0x80002dca (0x0000b7d1) c.j     pc - 60
core   0: 3 0x80002dca (0xb7d1)
core   0: 0x80002d8e (0x0000200d) c.jal   pc + 34
core   0: 3 0x80002d8e (0x200d) x1  0x80002d90
core   0: 0x80002db0 (0x00002811) c.jal   pc + 20
core   0: 3 0x80002db0 (0x2811) x1  0x80002db2
core   0: 0x80002dc4 (0x0000b7d9) c.j     pc - 58
core   0: 3 0x80002dc4 (0xb7d9)
core   0: 0x80002d8a (0x0000a039) c.j     pc + 14
core   0: 3 0x80002d8a (0xa039)
core   0: 0x80002d98 (0x0000a815) c.j     pc + 52
core   0: 3 0x80002d98 (0xa815)
core   0: 0x80002dcc (0x000037c1) c.jal   pc - 64
core   0: 3 0x80002dcc (0x37c1) x1  0x80002dce
core   0: 0x80002d8c (0x00002089) c.jal   pc + 66
core   0: 3 0x80002d8c (0x2089) x1  0x80002d8e
core   0: 0x80002dce (0x00008f51) c.or    a4, a2
core   0: 3 0x80002dce (0x8f51) x14 0xffffffff
core   0: 0x80002dd0 (0x408a8cb3) sub     s9, s5, s0
core   0: 3 0x80002dd0 (0x408a8cb3) x25 0x80029afc
core   0: 0x80002dd4 (0xa542eb93) ori     s7, t0, -1452
core   0: 3 0x80002dd4 (0xa542eb93) x23 0xfffffa54
core   0: 0x80002dd8 (0x002d7263) bgeu    s10, sp, pc + 4
core   0: 3 0x80002dd8 (0x002d7263)
core   0: 0x80002ddc (0x01710563) beq     sp, s7, pc + 10
core   0: 3 0x80002ddc (0x01710563)
core   0: 0x80002de0 (0x00008691) c.srai  a3, 4
core   0: 3 0x80002de0 (0x8691) x13 0x00000000
core   0: 0x80002de2 (0x011dfc33) and     s8, s11, a7
core   0: 3 0x80002de2 (0x011dfc33) x24 0x00000000
core   0: 0x80002de6 (0x01469f13) slli    t5, a3, 20
core   0: 3 0x80002de6 (0x01469f13) x30 0x00000000
core   0: 0x80002dea (0x005c9993) slli    s3, s9, 5
core   0: 3 0x80002dea (0x005c9993) x19 0x00535f80
core   0: 0x80002dee (0x00b82233) slt     tp, a6, a1
core   0: 3 0x80002dee (0x00b82233) x4  0x00000001
core   0: 0x80002df2 (0x029936b3) mulhu   a3, s2, s1
core   0: 3 0x80002df2 (0x029936b3) x13 0x00000000
core   0: 0x80002df6 (0x0000697d) c.lui   s2, 0x1f
core   0: 3 0x80002df6 (0x697d) x18 0x0001f000
core   0: 0x80002df8 (0x40ebdd93) srai    s11, s7, 14
core   0: 3 0x80002df8 (0x40ebdd93) x27 0xffffffff
core   0: 0x80002dfc (0x0000922e) c.add   tp, a1
core   0: 3 0x80002dfc (0x922e) x4  0x000002a1
core   0: 0x80002dfe (0x79ff2c93) slti    s9, t5, 1951
core   0: 3 0x80002dfe (0x79ff2c93) x25 0x00000001
core   0: 0x80002e02 (0x0195b3b3) sltu    t2, a1, s9
core   0: 3 0x80002e02 (0x0195b3b3) x7  0x00000000
core   0: 0x80002e06 (0x018c56b3) srl     a3, s8, s8
core   0: 3 0x80002e06 (0x018c56b3) x13 0x00000000
core   0: 0x80002e0a (0x04023213) sltiu   tp, tp, 64
core   0: 3 0x80002e0a (0x04023213) x4  0x00000000
core   0: 0x80002e0e (0x1a799e37) lui     t3, 0x1a799
core   0: 3 0x80002e0e (0x1a799e37) x28 0x1a799000
core   0: 0x80002e12 (0x0392ddb3) divu    s11, t0, s9
core   0: 3 0x80002e12 (0x0392ddb3) x27 0x00000000
core   0: 0x80002e16 (0x00008c09) c.sub   s0, a0
core   0: 3 0x80002e16 (0x8c09) x8  0xfffffd4f
core   0: 0x80002e18 (0x7c68b913) sltiu   s2, a7, 1990
core   0: 3 0x80002e18 (0x7c68b913) x18 0x00000001
core   0: 0x80002e1c (0x00d79d33) sll     s10, a5, a3
core   0: 3 0x80002e1c (0x00d79d33) x26 0x00000018
core   0: 0x80002e20 (0x000083b6) c.mv    t2, a3
core   0: 3 0x80002e20 (0x83b6) x7  0x00000000
core   0: 0x80002e22 (0x01529d63) bne     t0, s5, pc + 26
core   0: 3 0x80002e22 (0x01529d63)
core   0: 0x80002e3c (0x036c6063) bltu    s8, s6, pc + 32
core   0: 3 0x80002e3c (0x036c6063)
core   0: 0x80002e40 (0x02f27563) bgeu    tp, a5, pc + 42
core   0: 3 0x80002e40 (0x02f27563)
core   0: 0x80002e44 (0x0000ee1d) c.bnez  a2, pc + 62
core   0: 3 0x80002e44 (0xee1d)
core   0: 0x80002e82 (0x5ff6c913) xori    s2, a3, 1535
core   0: 3 0x80002e82 (0x5ff6c913) x18 0x000005ff
core   0: 0x80002e86 (0x0000c095) c.beqz  s1, pc + 36
core   0: 3 0x80002e86 (0xc095)
core   0: 0x80002eaa (0x00e61bb3) sll     s7, a2, a4
core   0: 3 0x80002eaa (0x00e61bb3) x23 0x00000000
core   0: 0x80002eae (0x2cbc0d37) lui     s10, 0x2cbc0
core   0: 3 0x80002eae (0x2cbc0d37) x26 0x2cbc0000
core   0: 0x80002eb2 (0x00f5fd33) and     s10, a1, a5
core   0: 3 0x80002eb2 (0x00f5fd33) x26 0x00000000
core   0: 0x80002eb6 (0x01805663) bge     zero, s8, pc + 12
core   0: 3 0x80002eb6 (0x01805663)
core   0: 0x80002ec2 (0x00000001) c.nop
core   0: 3 0x80002ec2 (0x0001)
core   0: 0x80002ec4 (0x53e6e7b7) lui     a5, 0x53e6e
core   0: 3 0x80002ec4 (0x53e6e7b7) x15 0x53e6e000
core   0: 0x80002ec8 (0x009c3733) sltu    a4, s8, s1
core   0: 3 0x80002ec8 (0x009c3733) x14 0x00000000
core   0: 0x80002ecc (0x0fc5a013) slti    zero, a1, 252
core   0: 3 0x80002ecc (0x0fc5a013)
core   0: 0x80002ed0 (0x66ac0797) auipc   a5, 0x66ac0
core   0: 3 0x80002ed0 (0x66ac0797) x15 0xe6ac2ed0
core   0: 0x80002ed4 (0x00000b69) c.addi  s6, 26
core   0: 3 0x80002ed4 (0x0b69) x22 0x0000001a
core   0: 0x80002ed6 (0x40c5dc93) srai    s9, a1, 12
core   0: 3 0x80002ed6 (0x40c5dc93) x25 0x00000000
core   0: 0x80002eda (0x00009dfe) c.add   s11, t6
core   0: 3 0x80002eda (0x9dfe) x27 0x800265f0
core   0: 0x80002edc (0x0000cf85) c.beqz  a5, pc + 56
core   0: 3 0x80002edc (0xcf85)
core   0: 0x80002ede (0x58abc893) xori    a7, s7, 1418
core   0: 3 0x80002ede (0x58abc893) x17 0x0000058a
core   0: 0x80002ee2 (0x00006461) c.lui   s0, 0x18
core   0: 3 0x80002ee2 (0x6461) x8  0x00018000
core   0: 0x80002ee4 (0x00cafc33) and     s8, s5, a2
core   0: 3 0x80002ee4 (0x00cafc33) x24 0x00000000
core   0: 0x80002ee8 (0x03479763) bne     a5, s4, pc + 46
core   0: 3 0x80002ee8 (0x03479763)
core   0: 0x80002f16 (0x01e06963) bltu    zero, t5, pc + 18
core   0: 3 0x80002f16 (0x01e06963)
core   0: 0x80002f1a (0x715d2e93) slti    t4, s10, 1813
core   0: 3 0x80002f1a (0x715d2e93) x29 0x00000001
core   0: 0x80002f1e (0x00009fb6) c.add   t6, a3
core   0: 3 0x80002f1e (0x9fb6) x31 0x800265f0
core   0: 0x80002f20 (0x00fdd9b3) srl     s3, s11, a5
core   0: 3 0x80002f20 (0x00fdd9b3) x19 0x00008002
core   0: 0x80002f24 (0x0000eb19) c.bnez  a4, pc + 22
core   0: 3 0x80002f24 (0xeb19)
core   0: 0x80002f26 (0x00000001) c.nop
core   0: 3 0x80002f26 (0x0001)
core   0: 0x80002f28 (0x872db593) sltiu   a1, s11, -1934
core   0: 3 0x80002f28 (0x872db593) x11 0x00000001
core   0: 0x80002f2c (0x000080e1) c.srli  s1, 24
core   0: 3 0x80002f2c (0x80e1) x9  0x00000000
core   0: 0x80002f2e (0x00008a71) c.andi  a2, 28
core   0: 3 0x80002f2e (0x8a71) x12 0x00000008
core   0: 0x80002f30 (0x00008ea9) c.xor   a3, a0
core   0: 3 0x80002f30 (0x8ea9) x13 0x000004d9
core   0: 0x80002f32 (0x0337e6b3) rem     a3, a5, s3
core   0: 3 0x80002f32 (0x0337e6b3) x13 0xffff941c
core   0: 0x80002f36 (0x0093f763) bgeu    t2, s1, pc + 14
core   0: 3 0x80002f36 (0x0093f763)
core   0: 0x80002f44 (0x02b6b293) sltiu   t0, a3, 43
core   0: 3 0x80002f44 (0x02b6b293) x5  0x00000000
core   0: 0x80002f48 (0x000098fd) c.andi  s1, -1
core   0: 3 0x80002f48 (0x98fd) x9  0x00000000
core   0: 0x80002f4a (0x416cd213) srai    tp, s9, 22
core   0: 3 0x80002f4a (0x416cd213) x4  0x00000000
core   0: 0x80002f4e (0x01e57fb3) and     t6, a0, t5
core   0: 3 0x80002f4e (0x01e57fb3) x31 0x00000000
core   0: 0x80002f52 (0x40c70e33) sub     t3, a4, a2
core   0: 3 0x80002f52 (0x40c70e33) x28 0xfffffff8
core   0: 0x80002f56 (0x00000001) c.nop
core   0: 3 0x80002f56 (0x0001)
core   0: 0x80002f58 (0x02341e17) auipc   t3, 0x2341
core   0: 3 0x80002f58 (0x02341e17) x28 0x82343f58
core   0: 0x80002f5c (0x03cf9a63) bne     t6, t3, pc + 52
core   0: 3 0x80002f5c (0x03cf9a63)
core   0: 0x80002f90 (0x0000ee11) c.bnez  a2, pc + 28
core   0: 3 0x80002f90 (0xee11)
core   0: 0x80002fac (0x40c7d533) sra     a0, a5, a2
core   0: 3 0x80002fac (0x40c7d533) x10 0xffe6ac2e
core   0: 0x80002fb0 (0x0021c1b3) xor     gp, gp, sp
core   0: 3 0x80002fb0 (0x0021c1b3) x3  0xf38422e7
core   0: 0x80002fb4 (0x0000ef1d) c.bnez  a4, pc + 62
core   0: 3 0x80002fb4 (0xef1d)
core   0: 0x80002fb6 (0x01d27433) and     s0, tp, t4
core   0: 3 0x80002fb6 (0x01d27433) x8  0x00000000
core   0: 0x80002fba (0x03390eb3) mul     t4, s2, s3
core   0: 3 0x80002fba (0x03390eb3) x29 0x02ff8bfe
core   0: 0x80002fbe (0x00000fea) c.slli  t6, 26
core   0: 3 0x80002fbe (0x0fea) x31 0x00000000
core   0: 0x80002fc0 (0x01c87c63) bgeu    a6, t3, pc + 24
core   0: 3 0x80002fc0 (0x01c87c63)
core   0: 0x80002fc4 (0x004c5e33) srl     t3, s8, tp
core   0: 3 0x80002fc4 (0x004c5e33) x28 0x00000000
core   0: 0x80002fc8 (0x5c2e7e13) andi    t3, t3, 1474
core   0: 3 0x80002fc8 (0x5c2e7e13) x28 0x00000000
core   0: 0x80002fcc (0x03f15b33) divu    s6, sp, t6
core   0: 3 0x80002fcc (0x03f15b33) x22 0xffffffff
core   0: 0x80002fd0 (0x0226b8b3) mulhu   a7, a3, sp
core   0: 3 0x80002fd0 (0x0226b8b3) x17 0xf383bc45
core   0: 0x80002fd4 (0x4e5364b7) lui     s1, 0x4e536
core   0: 3 0x80002fd4 (0x4e5364b7) x9  0x4e536000
core   0: 0x80002fd8 (0x002fe263) bltu    t6, sp, pc + 4
core   0: 3 0x80002fd8 (0x002fe263)
core   0: 0x80002fdc (0x0000c481) c.beqz  s1, pc + 8
core   0: 3 0x80002fdc (0xc481)
core   0: 0x80002fde (0x00000001) c.nop
core   0: 3 0x80002fde (0x0001)
core   0: 0x80002fe0 (0x01feb833) sltu    a6, t4, t6
core   0: 3 0x80002fe0 (0x01feb833) x16 0x00000000
core   0: 0x80002fe4 (0x03707bb3) remu    s7, zero, s7
core   0: 3 0x80002fe4 (0x03707bb3) x23 0x00000000
core   0: 0x80002fe8 (0x00008dc5) c.or    a1, s1
core   0: 3 0x80002fe8 (0x8dc5) x11 0x4e536001
core   0: 0x80002fea (0x005211b3) sll     gp, tp, t0
core   0: 3 0x80002fea (0x005211b3) x3  0x00000000
core   0: 0x80002fee (0xb9c4c713) xori    a4, s1, -1124
core   0: 3 0x80002fee (0xb9c4c713) x14 0xb1ac9b9c
core   0: 0x80002ff2 (0x00008f69) c.and   a4, a0
core   0: 3 0x80002ff2 (0x8f69) x14 0xb1a4880c
core   0: 0x80002ff4 (0x000c0bb3) add     s7, s8, zero
core   0: 3 0x80002ff4 (0x000c0bb3) x23 0x00000000
core   0: 0x80002ff8 (0x00005bfd) c.li    s7, -1
core   0: 3 0x80002ff8 (0x5bfd) x23 0xffffffff
core   0: 0x80002ffa (0x01d52033) slt     zero, a0, t4
core   0: 3 0x80002ffa (0x01d52033)
core   0: 0x80002ffe (0x0389a433) mulhsu  s0, s3, s8
core   0: 3 0x80002ffe (0x0389a433) x8  0x00000000
core   0: 0x80003002 (0x00008fe9) c.and   a5, a0
core   0: 3 0x80003002 (0x8fe9) x15 0xe6a42c00
core   0: 0x80003004 (0x033d0263) beq     s10, s3, pc + 36
core   0: 3 0x80003004 (0x033d0263)
core   0: 0x80003008 (0x02c97263) bgeu    s2, a2, pc + 36
core   0: 3 0x80003008 (0x02c97263)
core   0: 0x8000302c (0x00000b4e) c.slli  s6, 19
core   0: 3 0x8000302c (0x0b4e) x22 0xfff80000
core   0: 0x8000302e (0x000060ad) c.lui   ra, 0xb
core   0: 3 0x8000302e (0x60ad) x1  0x0000b000
core   0: 0x80003030 (0x01336333) or      t1, t1, s3
core   0: 3 0x80003030 (0x01336333) x6  0x8000ad8a
core   0: 0x80003034 (0x00008cb9) c.xor   s1, a4
core   0: 3 0x80003034 (0x8cb9) x9  0xfff7e80c
core   0: 0x80003036 (0x6f5df413) andi    s0, s11, 1781
core   0: 3 0x80003036 (0x6f5df413) x8  0x000004f0
core   0: 0x8000303a (0x001b9493) slli    s1, s7, 1
core   0: 3 0x8000303a (0x001b9493) x9  0xfffffffe
core   0: 0x8000303e (0x00008cf9) c.and   s1, a4
core   0: 3 0x8000303e (0x8cf9) x9  0xb1a4880c
core   0: 0x80003040 (0x000001b9) c.addi  gp, 14
core   0: 3 0x80003040 (0x01b9) x3  0x0000000e
core   0: 0x80003042 (0x000004d1) c.addi  s1, 20
core   0: 3 0x80003042 (0x04d1) x9  0xb1a48820
core   0: 0x80003044 (0x000003f9) c.addi  t2, 30
core   0: 3 0x80003044 (0x03f9) x7  0x0000001e
core   0: 0x80003046 (0x00009d1a) c.add   s10, t1
core   0: 3 0x80003046 (0x9d1a) x26 0x8000ad8a
core   0: 0x80003048 (0x01e0beb3) sltu    t4, ra, t5
core   0: 3 0x80003048 (0x01e0beb3) x29 0x00000000
core   0: 0x8000304c (0x01e808b3) add     a7, a6, t5
core   0: 3 0x8000304c (0x01e808b3) x17 0x00000000
core   0: 0x80003050 (0x407d0033) sub     zero, s10, t2
core   0: 3 0x80003050 (0x407d0033)
core   0: 0x80003054 (0x00d782b3) add     t0, a5, a3
core   0: 3 0x80003054 (0x00d782b3) x5  0xe6a3c01c
core   0: 0x80003058 (0x0000e21d) c.bnez  a2, pc + 38
core   0: 3 0x80003058 (0xe21d)
core   0: 0x8000307e (0x00577fb3) and     t6, a4, t0
core   0: 3 0x8000307e (0x00577fb3) x31 0xa0a0800c
core   0: 0x80003082 (0x00b040b3) xor     ra, zero, a1
core   0: 3 0x80003082 (0x00b040b3) x1  0x4e536001
core   0: 0x80003086 (0x010e93b3) sll     t2, t4, a6
core   0: 3 0x80003086 (0x010e93b3) x7  0x00000000
core   0: 0x8000308a (0x0693c163) blt     t2, s1, pc + 98
core   0: 3 0x8000308a (0x0693c163)
core   0: 0x8000308e (0x00008051) c.srli  s0, 20
core   0: 3 0x8000308e (0x8051) x8  0x00000000
core   0: 0x80003090 (0x013d83b3) add     t2, s11, s3
core   0: 3 0x80003090 (0x013d83b3) x7  0x8002e5f2
core   0: 0x80003094 (0xc6750397) auipc   t2, 0xc6750
core   0: 3 0x80003094 (0xc6750397) x7  0x46753094
core   0: 0x80003098 (0x00008811) c.andi  s0, 4
core   0: 3 0x80003098 (0x8811) x8  0x00000000
core   0: 0x8000309a (0x017491b3) sll     gp, s1, s7
core   0: 3 0x8000309a (0x017491b3) x3  0x00000000
core   0: 0x8000309e (0x41b7d893) srai    a7, a5, 27
core   0: 3 0x8000309e (0x41b7d893) x17 0xfffffffc
core   0: 0x800030a2 (0x03244db3) div     s11, s0, s2
core   0: 3 0x800030a2 (0x03244db3) x27 0x00000000
core   0: 0x800030a6 (0x599ac197) auipc   gp, 0x599ac
core   0: 3 0x800030a6 (0x599ac197) x3  0xd99af0a6
core   0: 0x800030aa (0x05058b63) beq     a1, a6, pc + 86
core   0: 3 0x800030aa (0x05058b63)
core   0: 0x800030ae (0x00004097) auipc   ra, 0x4
core   0: 3 0x800030ae (0x00004097) x1  0x800070ae
core   0: 0x800030b2 (0xe7208093) addi    ra, ra, -398
core   0: 3 0x800030b2 (0xe7208093) x1  0x80006f20
core   0: 0x800030b6 (0x000002c2) c.slli  t0, 16
core   0: 3 0x800030b6 (0x02c2) x5  0xc01c0000
core   0: 0x800030b8 (0x0000597d) c.li    s2, -1
core   0: 3 0x800030b8 (0x597d) x18 0xffffffff
core   0: 0x800030ba (0x01889613) slli    a2, a7, 24
core   0: 3 0x800030ba (0x01889613) x12 0xfc000000
core   0: 0x800030be (0x00006895) c.lui   a7, 0x5
core   0: 3 0x800030be (0x6895) x17 0x00005000
core   0: 0x800030c0 (0x02a5a8b3) mulhsu  a7, a1, a0
core   0: 3 0x800030c0 (0x02a5a8b3) x17 0x4e4ba037
core   0: 0x800030c4 (0x016cdf93) srli    t6, s9, 22
core   0: 3 0x800030c4 (0x016cdf93) x31 0x00000000
core   0: 0x800030c8 (0x2e708093) addi    ra, ra, 743
core   0: 3 0x800030c8 (0x2e708093) x1  0x80007207
core   0: 0x800030cc (0x000017fd) c.addi  a5, -1
core   0: 3 0x800030cc (0x17fd) x15 0xe6a42bff
core   0: 0x800030ce (0x0397a3b3) mulhsu  t2, a5, s9
core   0: 3 0x800030ce (0x0397a3b3) x7  0x00000000
core   0: 0x800030d2 (0x019d6563) bltu    s10, s9, pc + 10
core   0: 3 0x800030d2 (0x019d6563)
core   0: 0x800030d6 (0x40a6d713) srai    a4, a3, 10
core   0: 3 0x800030d6 (0x40a6d713) x14 0xffffffe5
core   0: 0x800030da (0x00006ec5) c.lui   t4, 0x11
core   0: 3 0x800030da (0x6ec5) x29 0x00011000
core   0: 0x800030dc (0xd1a08367) jalr    t1, ra, -742
core   0: 3 0x800030dc (0xd1a08367) x6  0x800030e0
core   0: 0x80006f20 (0x0000842d) c.srai  s0, 11
core   0: 3 0x80006f20 (0x842d) x8  0x00000000
core   0: 0x80006f22 (0xe1a42e93) slti    t4, s0, -486
core   0: 3 0x80006f22 (0xe1a42e93) x29 0x00000000
core   0: 0x80006f26 (0x000007ee) c.slli  a5, 27
core   0: 3 0x80006f26 (0x07ee) x15 0xf8000000
core   0: 0x80006f28 (0x000005ca) c.slli  a1, 18
core   0: 3 0x80006f28 (0x05ca) x11 0x80040000
core   0: 0x80006f2a (0xfcca0a13) addi    s4, s4, -52
core   0: 3 0x80006f2a (0xfcca0a13) x20 0x80025e70
core   0: 0x80006f2e (0x93688193) addi    gp, a7, -1738
core   0: 3 0x80006f2e (0x93688193) x3  0x4e4b996d
core   0: 0x80006f32 (0x00b3f933) and     s2, t2, a1
core   0: 3 0x80006f32 (0x00b3f933) x18 0x00000000
core   0: 0x80006f36 (0x00008e85) c.sub   a3, s1
core   0: 3 0x80006f36 (0x8e85) x13 0x4e5b0bfc
core   0: 0x80006f38 (0x006a2223) sw      t1, 4(s4)
core   0: 3 0x80006f38 (0x006a2223) mem 0x80025e74 0x800030e0
core   0: 0x80006f3c (0x0272e933) rem     s2, t0, t2
core   0: 3 0x80006f3c (0x0272e933) x18 0xc01c0000
core   0: 0x80006f40 (0x0048da63) bge     a7, tp, pc + 20
core   0: 3 0x80006f40 (0x0048da63)
core   0: 0x80006f54 (0x5310236f) jal     t1, pc + 0x2d30
core   0: 3 0x80006f54 (0x5310236f) x6  0x80006f58
core   0: 0x80009c84 (0x0051ed33) or      s10, gp, t0
core   0: 3 0x80009c84 (0x0051ed33) x26 0xce5f996d
core   0: 0x80009c88 (0x00009afd) c.andi  a3, -1
core   0: 3 0x80009c88 (0x9afd) x13 0x4e5b0bfc
core   0: 0x80009c8a (0xfdca0a13) addi    s4, s4, -36
core   0: 3 0x80009c8a (0xfdca0a13) x20 0x80025e4c
core   0: 0x80009c8e (0x03368b33) mul     s6, a3, s3
core   0: 3 0x80009c8e (0x03368b33) x22 0x22b417f8
core   0: 0x80009c92 (0x605d2693) slti    a3, s10, 1541
core   0: 3 0x80009c92 (0x605d2693) x13 0x00000001
core   0: 0x80009c96 (0x000081d5) c.srli  a1, 21
core   0: 3 0x80009c96 (0x81d5) x11 0x00000400
core   0: 0x80009c98 (0x000000ba) c.slli  ra, 14
core   0: 3 0x80009c98 (0x00ba) x1  0x1c81c000
core   0: 0x80009c9a (0x00a9d033) srl     zero, s3, a0
core   0: 3 0x80009c9a (0x00a9d033)
core   0: 0x80009c9e (0x006a2223) sw      t1, 4(s4)
core   0: 3 0x80009c9e (0x006a2223) mem 0x80025e50 0x80006f58
core   0: 0x80009ca2 (0x00a01b13) slli    s6, zero, 10
core   0: 3 0x80009ca2 (0x00a01b13) x22 0x00000000
core   0: 0x80009ca6 (0x00012497) auipc   s1, 0x12
core   0: 3 0x80009ca6 (0x00012497) x9  0x8001bca6
core   0: 0x80009caa (0x29148493) addi    s1, s1, 657
core   0: 3 0x80009caa (0x29148493) x9  0x8001bf37
core   0: 0x80009cae (0x00008e5d) c.or    a2, a5
core   0: 3 0x80009cae (0x8e5d) x12 0xfc000000
core   0: 0x80009cb0 (0x019cb033) sltu    zero, s9, s9
core   0: 3 0x80009cb0 (0x019cb033)
core   0: 0x80009cb4 (0xff548523) sb      s5, -22(s1)
core   0: 3 0x80009cb4 (0xff548523) mem 0x8001bf21 0x24
core   0: 0x80009cb8 (0x03e48003) lb      zero, 62(s1)
core   0: 3 0x80009cb8 (0x03e48003) mem 0x8001bf75
core   0: 0x80009cbc (0xff1482a3) sb      a7, -27(s1)
core   0: 3 0x80009cbc (0xff1482a3) mem 0x8001bf1c 0x37
core   0: 0x80009cc0 (0xfcb492a3) sh      a1, -59(s1)
core   0: 3 0x80009cc0 (0xfcb492a3) mem 0x8001befc 0x0400
core   0: 0x80009cc4 (0x01749c83) lh      s9, 23(s1)
core   0: 3 0x80009cc4 (0x01749c83) x25 0x00000405 mem 0x8001bf4e
core   0: 0x80009cc8 (0xfc748fa3) sb      t2, -33(s1)
core   0: 3 0x80009cc8 (0xfc748fa3) mem 0x8001bf16 0x00
core   0: 0x80009ccc (0x00000001) c.nop
core   0: 3 0x80009ccc (0x0001)
core   0: 0x80009cce (0x000007dd) c.addi  a5, 23
core   0: 3 0x80009cce (0x07dd) x15 0xf8000017
core   0: 0x80009cd0 (0x00bd41b3) xor     gp, s10, a1
core   0: 3 0x80009cd0 (0x00bd41b3) x3  0xce5f9d6d
core   0: 0x80009cd4 (0x03b2f0b3) remu    ra, t0, s11
core   0: 3 0x80009cd4 (0x03b2f0b3) x1  0xc01c0000
core   0: 0x80009cd8 (0x03048583) lb      a1, 48(s1)
core   0: 3 0x80009cd8 (0x03048583) x11 0x0000001c mem 0x8001bf67
core   0: 0x80009cdc (0x025987b3) mul     a5, s3, t0
core   0: 3 0x80009cdc (0x025987b3) x15 0x80380000
core   0: 0x80009ce0 (0xa0f87217) auipc   tp, 0xa0f87
core   0: 3 0x80009ce0 (0xa0f87217) x4  0x20f90ce0
core   0: 0x80009ce4 (0xfce48623) sb      a4, -52(s1)
core   0: 3 0x80009ce4 (0xfce48623) mem 0x8001bf03 0xe5
core   0: 0x80009ce8 (0xfc648203) lb      tp, -58(s1)
core   0: 3 0x80009ce8 (0xfc648203) x4  0x00000004 mem 0x8001befd
core   0: 0x80009cec (0x018e5f33) srl     t5, t3, s8
core   0: 3 0x80009cec (0x018e5f33) x30 0x00000000
core   0: 0x80009cf0 (0x0000817d) c.srli  a0, 31
core   0: 3 0x80009cf0 (0x817d) x10 0x00000001
core   0: 0x80009cf2 (0xfd9490a3) sh      s9, -63(s1)
core   0: 3 0x80009cf2 (0xfd9490a3) mem 0x8001bef8 0x0405
core   0: 0x80009cf6 (0xfd34df83) lhu     t6, -45(s1)
core   0: 3 0x80009cf6 (0xfd34df83) x31 0x0000c0c1 mem 0x8001bf0a
core   0: 0x80009cfa (0x102de797) auipc   a5, 0x102de
core   0: 3 0x80009cfa (0x102de797) x15 0x902e7cfa
core   0: 0x80009cfe (0x039f1bb3) mulh    s7, t5, s9
core   0: 3 0x80009cfe (0x039f1bb3) x23 0x00000000
core   0: 0x80009d02 (0x03e48203) lb      tp, 62(s1)
core   0: 3 0x80009d02 (0x03e48203) x4  0x0000002e mem 0x8001bf75
core   0: 0x80009d06 (0x0154d503) lhu     a0, 21(s1)
core   0: 3 0x80009d06 (0x0154d503) x10 0x00000607 mem 0x8001bf4c
core   0: 0x80009d0a (0x0404cc83) lbu     s9, 64(s1)
core   0: 3 0x80009d0a (0x0404cc83) x25 0x0000002c mem 0x8001bf77
core   0: 0x80009d0e (0x0314aea3) sw      a7, 61(s1)
core   0: 3 0x80009d0e (0x0314aea3) mem 0x8001bf74 0x4e4ba037
core   0: 0x80009d12 (0x01c2a8b3) slt     a7, t0, t3
core   0: 3 0x80009d12 (0x01c2a8b3) x17 0x00000001
core   0: 0x80009d16 (0x03048083) lb      ra, 48(s1)
core   0: 3 0x80009d16 (0x03048083) x1  0x0000001c mem 0x8001bf67
core   0: 0x80009d1a (0x03b4df03) lhu     t5, 59(s1)
core   0: 3 0x80009d1a (0x03b4df03) x30 0x00002829 mem 0x8001bf72
core   0: 0x80009d1e (0x41ba8eb3) sub     t4, s5, s11
core   0: 3 0x80009d1e (0x41ba8eb3) x29 0x80029d24
core   0: 0x80009d22 (0x01089013) slli    zero, a7, 16
core   0: 3 0x80009d22 (0x01089013)
core   0: 0x80009d26 (0xffa4c083) lbu     ra, -6(s1)
core   0: 3 0x80009d26 (0xffa4c083) x1  0x000000ea mem 0x8001bf31
core   0: 0x80009d2a (0x01e48603) lb      a2, 30(s1)
core   0: 3 0x80009d2a (0x01e48603) x12 0x0000000e mem 0x8001bf55
core   0: 0x80009d2e (0xffa48f03) lb      t5, -6(s1)
core   0: 3 0x80009d2e (0xffa48f03) x30 0xffffffea mem 0x8001bf31
core   0: 0x80009d32 (0x000095de) c.add   a1, s7
core   0: 3 0x80009d32 (0x95de) x11 0x0000001c
core   0: 0x80009d34 (0x00c736b3) sltu    a3, a4, a2
core   0: 3 0x80009d34 (0x00c736b3) x13 0x00000000
core   0: 0x80009d38 (0x02448f83) lb      t6, 36(s1)
core   0: 3 0x80009d38 (0x02448f83) x31 0x00000010 mem 0x8001bf5b
core   0: 0x80009d3c (0x000086e9) c.srai  a3, 26
core   0: 3 0x80009d3c (0x86e9) x13 0x00000000
core   0: 0x80009d3e (0x4773e793) ori     a5, t2, 1143
core   0: 3 0x80009d3e (0x4773e793) x15 0x00000477
core   0: 0x80009d42 (0x00008e0d) c.sub   a2, a1
core   0: 3 0x80009d42 (0x8e0d) x12 0xfffffff2
core   0: 0x80009d44 (0x00000001) c.nop
core   0: 3 0x80009d44 (0x0001)
core   0: 0x80009d46 (0x40320833) sub     a6, tp, gp
core   0: 3 0x80009d46 (0x40320833) x16 0x31a062c1
core   0: 0x80009d4a (0x01248ba3) sb      s2, 23(s1)
core   0: 3 0x80009d4a (0x01248ba3) mem 0x8001bf4e 0x00
core   0: 0x80009d4e (0xfd14d703) lhu     a4, -47(s1)
core   0: 3 0x80009d4e (0xfd14d703) x14 0x0000c2c3 mem 0x8001bf08
core   0: 0x80009d52 (0x012bc1b3) xor     gp, s7, s2
core   0: 3 0x80009d52 (0x012bc1b3) x3  0xc01c0000
core   0: 0x80009d56 (0x03308f93) addi    t6, ra, 51
core   0: 3 0x80009d56 (0x03308f93) x31 0x0000011d
core   0: 0x80009d5a (0xfc94c383) lbu     t2, -55(s1)
core   0: 3 0x80009d5a (0xfc94c383) x7  0x000000bb mem 0x8001bf00
core   0: 0x80009d5e (0xfee48a23) sb      a4, -12(s1)
core   0: 3 0x80009d5e (0xfee48a23) mem 0x8001bf2b 0xc3
core   0: 0x80009d62 (0x0000079a) c.slli  a5, 6
core   0: 3 0x80009d62 (0x079a) x15 0x00011dc0
core   0: 0x80009d64 (0x00f4de83) lhu     t4, 15(s1)
core   0: 3 0x80009d64 (0x00f4de83) x29 0x0000fcfd mem 0x8001bf46
core   0: 0x80009d68 (0x0114df83) lhu     t6, 17(s1)
core   0: 3 0x80009d68 (0x0114df83) x31 0x00000203 mem 0x8001bf48
core   0: 0x80009d6c (0xff948523) sb      s9, -22(s1)
core   0: 3 0x80009d6c (0xff948523) mem 0x8001bf21 0x2c
core   0: 0x80009d70 (0x00013097) auipc   ra, 0x13
core   0: 3 0x80009d70 (0x00013097) x1  0x8001cd70
core   0: 0x80009d74 (0x81e08093) addi    ra, ra, -2018
core   0: 3 0x80009d74 (0x81e08093) x1  0x8001c58e
core   0: 0x80009d78 (0x01908823) sb      s9, 16(ra)
core   0: 3 0x80009d78 (0x01908823) mem 0x8001c59e 0x2c
core   0: 0x80009d7c (0x000c1693) slli    a3, s8, 0
core   0: 3 0x80009d7c (0x000c1693) x13 0x00000000
core   0: 0x80009d80 (0x038946b3) div     a3, s2, s8
core   0: 3 0x80009d80 (0x038946b3) x13 0xffffffff
core   0: 0x80009d84 (0x0030cc83) lbu     s9, 3(ra)
core   0: 3 0x80009d84 (0x0030cc83) x25 0x0000004a mem 0x8001c591
core   0: 0x80009d88 (0x038d7d33) remu    s10, s10, s8
core   0: 3 0x80009d88 (0x038d7d33) x26 0xce5f996d
core   0: 0x80009d8c (0x006084a3) sb      t1, 9(ra)
core   0: 3 0x80009d8c (0x006084a3) mem 0x8001c597 0x58
core   0: 0x80009d90 (0xff808ea3) sb      s8, -3(ra)
core   0: 3 0x80009d90 (0xff808ea3) mem 0x8001c58b 0x00
core   0: 0x80009d94 (0x00006365) c.lui   t1, 0x19
core   0: 3 0x80009d94 (0x6365) x6  0x00019000
core   0: 0x80009d96 (0x40e95313) srai    t1, s2, 14
core   0: 3 0x80009d96 (0x40e95313) x6  0xffff0070
core   0: 0x80009d9a (0xffa089a3) sb      s10, -13(ra)
core   0: 3 0x80009d9a (0xffa089a3) mem 0x8001c581 0x6d
core   0: 0x80009d9e (0x03834d33) div     s10, t1, s8
core   0: 3 0x80009d9e (0x03834d33) x26 0xffffffff
core   0: 0x80009da2 (0xff00d903) lhu     s2, -16(ra)
core   0: 3 0x80009da2 (0xff00d903) x18 0x00003435 mem 0x8001c57e
core   0: 0x80009da6 (0x00008ed5) c.or    a3, a3
core   0: 3 0x80009da6 (0x8ed5) x13 0xffffffff
core   0: 0x80009da8 (0x00f08d03) lb      s10, 15(ra)
core   0: 3 0x80009da8 (0x00f08d03) x26 0x00000056 mem 0x8001c59d
core   0: 0x80009dac (0x000082c1) c.srli  a3, 16
core   0: 3 0x80009dac (0x82c1) x13 0x0000ffff
core   0: 0x80009dae (0x02d94333) div     t1, s2, a3
core   0: 3 0x80009dae (0x02d94333) x6  0x00000000
core   0: 0x80009db2 (0x00708c03) lb      s8, 7(ra)
core   0: 3 0x80009db2 (0x00708c03) x24 0x0000004e mem 0x8001c595
core   0: 0x80009db6 (0xffe08c83) lb      s9, -2(ra)
core   0: 3 0x80009db6 (0xffe08c83) x25 0x00000047 mem 0x8001c58c
core   0: 0x80009dba (0xfe609f23) sh      t1, -2(ra)
core   0: 3 0x80009dba (0xfe609f23) mem 0x8001c58c 0x0000
core   0: 0x80009dbe (0x40f35913) srai    s2, t1, 15
core   0: 3 0x80009dbe (0x40f35913) x18 0x00000000
core   0: 0x80009dc2 (0x8d1d8317) auipc   t1, 0x8d1d8
core   0: 3 0x80009dc2 (0x8d1d8317) x6  0x0d1e1dc2
core   0: 0x80009dc6 (0x00008ed5) c.or    a3, a3
core   0: 3 0x80009dc6 (0x8ed5) x13 0x0000ffff
core   0: 0x80009dc8 (0x4146dc13) srai    s8, a3, 20
core   0: 3 0x80009dc8 (0x4146dc13) x24 0x00000000
core   0: 0x80009dcc (0xff80d303) lhu     t1, -8(ra)
core   0: 3 0x80009dcc (0xff80d303) x6  0x00003c3d mem 0x8001c586
core   0: 0x80009dd0 (0x01ac5d33) srl     s10, s8, s10
core   0: 3 0x80009dd0 (0x01ac5d33) x26 0x00000000
core   0: 0x80009dd4 (0xd37c1697) auipc   a3, 0xd37c1
core   0: 3 0x80009dd4 (0xd37c1697) x13 0x537cadd4
core   0: 0x80009dd8 (0x026ccd33) div     s10, s9, t1
core   0: 3 0x80009dd8 (0x026ccd33) x26 0x00000000
core   0: 0x80009ddc (0x0050c903) lbu     s2, 5(ra)
core   0: 3 0x80009ddc (0x0050c903) x18 0x00000048 mem 0x8001c593
core   0: 0x80009de0 (0x2b4d96b7) lui     a3, 0x2b4d9
core   0: 3 0x80009de0 (0x2b4d96b7) x13 0x2b4d9000
core   0: 0x80009de4 (0x01a09123) sh      s10, 2(ra)
core   0: 3 0x80009de4 (0x01a09123) mem 0x8001c590 0x0000
core   0: 0x80009de8 (0x00e0c303) lbu     t1, 14(ra)
core   0: 3 0x80009de8 (0x00e0c303) x6  0x00000057 mem 0x8001c59c
core   0: 0x80009dec (0xbce8ed37) lui     s10, 0xbce8e
core   0: 3 0x80009dec (0xbce8ed37) x26 0xbce8e000
core   0: 0x80009df0 (0x000016fd) c.addi  a3, -1
core   0: 3 0x80009df0 (0x16fd) x13 0x2b4d8fff
core   0: 0x80009df2 (0x00f08303) lb      t1, 15(ra)
core   0: 3 0x80009df2 (0x00f08303) x6  0x00000056 mem 0x8001c59d
core   0: 0x80009df6 (0x00008e95) c.sub   a3, a3
core   0: 3 0x80009df6 (0x8e95) x13 0x00000000
core   0: 0x80009df8 (0x02d68333) mul     t1, a3, a3
core   0: 3 0x80009df8 (0x02d68333) x6  0x00000000
core   0: 0x80009dfc (0x00008ef5) c.and   a3, a3
core   0: 3 0x80009dfc (0x8ef5) x13 0x00000000
core   0: 0x80009dfe (0x000086fd) c.srai  a3, 31
core   0: 3 0x80009dfe (0x86fd) x13 0x00000000
core   0: 0x80009e00 (0x012d1933) sll     s2, s10, s2
core   0: 3 0x80009e00 (0x012d1933) x18 0xe8e00000
core   0: 0x80009e04 (0x00409c03) lh      s8, 4(ra)
core   0: 3 0x80009e04 (0x00409c03) x24 0x00004849 mem 0x8001c592
core   0: 0x80009e08 (0x87b6cd13) xori    s10, a3, -1925
core   0: 3 0x80009e08 (0x87b6cd13) x26 0xfffff87b
core   0: 0x80009e0c (0x00dc6333) or      t1, s8, a3
core   0: 3 0x80009e0c (0x00dc6333) x6  0x00004849
core   0: 0x80009e10 (0x00008962) c.mv    s2, s8
core   0: 3 0x80009e10 (0x8962) x18 0x00004849
core   0: 0x80009e12 (0xff808da3) sb      s8, -5(ra)
core   0: 3 0x80009e12 (0xff808da3) mem 0x8001c589 0x49
core   0: 0x80009e16 (0x00005f7d) c.li    t5, -1
core   0: 3 0x80009e16 (0x5f7d) x30 0xffffffff
core   0: 0x80009e18 (0x00009bfd) c.andi  a5, -1
core   0: 3 0x80009e18 (0x9bfd) x15 0x00011dc0
core   0: 0x80009e1a (0x00009bd2) c.add   s7, s4
core   0: 3 0x80009e1a (0x9bd2) x23 0x80025e4c
core   0: 0x80009e1c (0x00008379) c.srli  a4, 30
core   0: 3 0x80009e1c (0x8379) x14 0x00000000
core   0: 0x80009e1e (0x00127333) and     t1, tp, ra
core   0: 3 0x80009e1e (0x00127333) x6  0x0000000e
core   0: 0x80009e22 (0x0021d313) srli    t1, gp, 2
core   0: 3 0x80009e22 (0x0021d313) x6  0x30070000
core   0: 0x80009e26 (0x00e43233) sltu    tp, s0, a4
core   0: 3 0x80009e26 (0x00e43233) x4  0x00000000
core   0: 0x80009e2a (0x01569b13) slli    s6, a3, 21
core   0: 3 0x80009e2a (0x01569b13) x22 0x00000000
core   0: 0x80009e2e (0x00005cf5) c.li    s9, -3
core   0: 3 0x80009e2e (0x5cf5) x25 0xfffffffd
core   0: 0x80009e30 (0xf9a80793) addi    a5, a6, -102
core   0: 3 0x80009e30 (0xf9a80793) x15 0x31a0625b
core   0: 0x80009e34 (0x01c0c033) xor     zero, ra, t3
core   0: 3 0x80009e34 (0x01c0c033)
core   0: 0x80009e38 (0x00a61d33) sll     s10, a2, a0
core   0: 3 0x80009e38 (0x00a61d33) x26 0xfffff900
core   0: 0x80009e3c (0x00006661) c.lui   a2, 0x18
core   0: 3 0x80009e3c (0x6661) x12 0x00018000
core   0: 0x80009e3e (0x02763fb3) mulhu   t6, a2, t2
core   0: 3 0x80009e3e (0x02763fb3) x31 0x00000000
core   0: 0x80009e42 (0x0000987d) c.andi  s0, -1
core   0: 3 0x80009e42 (0x987d) x8  0x00000000
core   0: 0x80009e44 (0x01209b93) slli    s7, ra, 18
core   0: 3 0x80009e44 (0x01209b93) x23 0x16380000
core   0: 0x80009e48 (0x00001f71) c.addi  t5, -4
core   0: 3 0x80009e48 (0x1f71) x30 0xfffffffb
core   0: 0x80009e4a (0x0318ceb3) div     t4, a7, a7
core   0: 3 0x80009e4a (0x0318ceb3) x29 0x00000001
core   0: 0x80009e4e (0x419dd733) sra     a4, s11, s9
core   0: 3 0x80009e4e (0x419dd733) x14 0x00000000
core   0: 0x80009e52 (0xff9f58e3) bge     t5, s9, pc - 16
core   0: 3 0x80009e52 (0xff9f58e3)
core   0: 0x80009e56 (0x00f07633) and     a2, zero, a5
core   0: 3 0x80009e56 (0x00f07633) x12 0x00000000
core   0: 0x80009e5a (0x0260036f) jal     t1, pc + 0x26
core   0: 3 0x80009e5a (0x0260036f) x6  0x80009e5e
core   0: 0x80009e80 (0x000037ed) c.jal   pc - 22
core   0: 3 0x80009e80 (0x37ed) x1  0x80009e82
core   0: 0x80009e6a (0x008000ef) jal     pc + 0x8
core   0: 3 0x80009e6a (0x008000ef) x1  0x80009e6e
core   0: 0x80009e72 (0x00003fc5) c.jal   pc - 16
core   0: 3 0x80009e72 (0x3fc5) x1  0x80009e74
core   0: 0x80009e62 (0x0000a829) c.j     pc + 26
core   0: 3 0x80009e62 (0xa829)
core   0: 0x80009e7c (0xff5ff0ef) jal     pc - 0xc
core   0: 3 0x80009e7c (0xff5ff0ef) x1  0x80009e80
core   0: 0x80009e70 (0x00003fd5) c.jal   pc - 12
core   0: 3 0x80009e70 (0x3fd5) x1  0x80009e72
core   0: 0x80009e64 (0x0000a811) c.j     pc + 20
core   0: 3 0x80009e64 (0xa811)
core   0: 0x80009e78 (0x0000bffd) c.j     pc - 2
core   0: 3 0x80009e78 (0xbffd)
core   0: 0x80009e76 (0x00003fc5) c.jal   pc - 16
core   0: 3 0x80009e76 (0x3fc5) x1  0x80009e78
core   0: 0x80009e66 (0x00e000ef) jal     pc + 0xe
core   0: 3 0x80009e66 (0x00e000ef) x1  0x80009e6a
core   0: 0x80009e74 (0x0000a019) c.j     pc + 6
core   0: 3 0x80009e74 (0xa019)
core   0: 0x80009e7a (0x00003fd5) c.jal   pc - 12
core   0: 3 0x80009e7a (0x3fd5) x1  0x80009e7c
core   0: 0x80009e6e (0x00003fc5) c.jal   pc - 16
core   0: 3 0x80009e6e (0x3fc5) x1  0x80009e70
core   0: 0x80009e5e (0x0240036f) jal     t1, pc + 0x24
core   0: 3 0x80009e5e (0x0240036f) x6  0x80009e62
core   0: 0x80009e82 (0x00b03c33) snez    s8, a1
core   0: 3 0x80009e82 (0x00b03c33) x24 0x00000001
core   0: 0x80009e86 (0x00014217) auipc   tp, 0x14
core   0: 3 0x80009e86 (0x00014217) x4  0x8001de86
core   0: 0x80009e8a (0xcbe20213) addi    tp, tp, -834
core   0: 3 0x80009e8a (0xcbe20213) x4  0x8001db44
core   0: 0x80009e8e (0x0084ed33) or      s10, s1, s0
core   0: 3 0x80009e8e (0x0084ed33) x26 0x8001bf37
core   0: 0x80009e92 (0xfd821383) lh      t2, -40(tp)
core   0: 3 0x80009e92 (0xfd821383) x7  0xffffd6d7 mem 0x8001db1c
core   0: 0x80009e96 (0x02b22023) sw      a1, 32(tp)
core   0: 3 0x80009e96 (0x02b22023) mem 0x8001db64 0x0000001c
core   0: 0x80009e9a (0x02025d03) lhu     s10, 32(tp)
core   0: 3 0x80009e9a (0x02025d03) x26 0x0000001c mem 0x8001db64
core   0: 0x80009e9e (0x01bedd93) srli    s11, t4, 27
core   0: 3 0x80009e9e (0x01bedd93) x27 0x00000000
core   0: 0x80009ea2 (0x02022b03) lw      s6, 32(tp)
core   0: 3 0x80009ea2 (0x02022b03) x22 0x0000001c mem 0x8001db64
core   0: 0x80009ea6 (0x03d22023) sw      t4, 32(tp)
core   0: 3 0x80009ea6 (0x03d22023) mem 0x8001db64 0x00000001
core   0: 0x80009eaa (0x02020d83) lb      s11, 32(tp)
core   0: 3 0x80009eaa (0x02020d83) x27 0x00000001 mem 0x8001db64
core   0: 0x80009eae (0x02022b03) lw      s6, 32(tp)
core   0: 3 0x80009eae (0x02022b03) x22 0x00000001 mem 0x8001db64
core   0: 0x80009eb2 (0x00008d7d) c.and   a0, a5
core   0: 3 0x80009eb2 (0x8d7d) x10 0x00000203
core   0: 0x80009eb4 (0x02920903) lb      s2, 41(tp)
core   0: 3 0x80009eb4 (0x02920903) x18 0x00000026 mem 0x8001db6d
core   0: 0x80009eb8 (0x0a021f03) lh      t5, 160(tp)
core   0: 3 0x80009eb8 (0x0a021f03) x30 0xffff9e9f mem 0x8001dbe4
core   0: 0x80009ebc (0x0a820023) sb      s0, 160(tp)
core   0: 3 0x80009ebc (0x0a820023) mem 0x8001dbe4 0x00
core   0: 0x80009ec0 (0x0a024383) lbu     t2, 160(tp)
core   0: 3 0x80009ec0 (0x0a024383) x7  0x00000000 mem 0x8001dbe4
core   0: 0x80009ec4 (0x00008491) c.srai  s1, 4
core   0: 3 0x80009ec4 (0x8491) x9  0xf8001bf3
core   0: 0x80009ec6 (0x0a025f83) lhu     t6, 160(tp)
core   0: 3 0x80009ec6 (0x0a025f83) x31 0x00009e00 mem 0x8001dbe4
core   0: 0x80009eca (0x0a024903) lbu     s2, 160(tp)
core   0: 3 0x80009eca (0x0a024903) x18 0x00000000 mem 0x8001dbe4
core   0: 0x80009ece (0x0b620023) sb      s6, 160(tp)
core   0: 3 0x80009ece (0x0b620023) mem 0x8001dbe4 0x01
core   0: 0x80009ed2 (0x0a025c83) lhu     s9, 160(tp)
core   0: 3 0x80009ed2 (0x0a025c83) x25 0x00009e01 mem 0x8001dbe4
core   0: 0x80009ed6 (0x0ad22023) sw      a3, 160(tp)
core   0: 3 0x80009ed6 (0x0ad22023) mem 0x8001dbe4 0x00000000
core   0: 0x80009eda (0x0a221023) sh      sp, 160(tp)
core   0: 3 0x80009eda (0x0a221023) mem 0x8001dbe4 0x22e7
core   0: 0x80009ede (0x0a020003) lb      zero, 160(tp)
core   0: 3 0x80009ede (0x0a020003) mem 0x8001dbe4
core   0: 0x80009ee2 (0x0b121023) sh      a7, 160(tp)
core   0: 3 0x80009ee2 (0x0b121023) mem 0x8001dbe4 0x0001
core   0: 0x80009ee6 (0x00141db3) sll     s11, s0, ra
core   0: 3 0x80009ee6 (0x00141db3) x27 0x00000000
core   0: 0x80009eea (0x2b6da437) lui     s0, 0x2b6da
core   0: 3 0x80009eea (0x2b6da437) x8  0x2b6da000
core   0: 0x80009eee (0x41a5d693) srai    a3, a1, 26
core   0: 3 0x80009eee (0x41a5d693) x13 0x00000000
core   0: 0x80009ef2 (0x005cc7b3) xor     a5, s9, t0
core   0: 3 0x80009ef2 (0x005cc7b3) x15 0xc01c9e01
core   0: 0x80009ef6 (0x00008921) c.andi  a0, 8
core   0: 3 0x80009ef6 (0x8921) x10 0x00000000
core   0: 0x80009ef8 (0x0379b533) mulhu   a0, s3, s7
core   0: 3 0x80009ef8 (0x0379b533) x10 0x00000b1c
core   0: 0x80009efc (0x04456913) ori     s2, a0, 68
core   0: 3 0x80009efc (0x04456913) x18 0x00000b5c
core   0: 0x80009f00 (0x000089ba) c.mv    s3, a4
core   0: 3 0x80009f00 (0x89ba) x19 0x00000000
core   0: 0x80009f02 (0x00008045) c.srli  s0, 17
core   0: 3 0x80009f02 (0x8045) x8  0x000015b6
core   0: 0x80009f04 (0x02e09533) mulh    a0, ra, a4
core   0: 3 0x80009f04 (0x02e09533) x10 0x00000000
core   0: 0x80009f08 (0x001b3e33) sltu    t3, s6, ra
core   0: 3 0x80009f08 (0x001b3e33) x28 0x00000001
core   0: 0x80009f0c (0x03d75f63) bge     a4, t4, pc + 62
core   0: 3 0x80009f0c (0x03d75f63)
core   0: 0x80009f10 (0x02008033) mul     zero, ra, zero
core   0: 3 0x80009f10 (0x02008033)
core   0: 0x80009f14 (0x31abf993) andi    s3, s7, 794
core   0: 3 0x80009f14 (0x31abf993) x19 0x00000000
core   0: 0x80009f18 (0x00008c25) c.xor   s0, s1
core   0: 3 0x80009f18 (0x8c25) x8  0xf8000e45
core   0: 0x80009f1a (0xd489a2b7) lui     t0, 0xd489a
core   0: 3 0x80009f1a (0xd489a2b7) x5  0xd489a000
core   0: 0x80009f1e (0x0061b033) sltu    zero, gp, t1
core   0: 3 0x80009f1e (0x0061b033)
core   0: 0x80009f22 (0x00008e55) c.or    a2, a3
core   0: 3 0x80009f22 (0x8e55) x12 0x00000000
core   0: 0x80009f24 (0x00bb9293) slli    t0, s7, 11
core   0: 3 0x80009f24 (0x00bb9293) x5  0xc0000000
core   0: 0x80009f28 (0x00008dcd) c.or    a1, a1
core   0: 3 0x80009f28 (0x8dcd) x11 0x0000001c
core   0: 0x80009f2a (0x00008c9d) c.sub   s1, a5
core   0: 3 0x80009f2a (0x8c9d) x9  0x37e37df2
core   0: 0x80009f2c (0x00b98bb3) add     s7, s3, a1
core   0: 3 0x80009f2c (0x00b98bb3) x23 0x0000001c
core   0: 0x80009f30 (0x63aabd13) sltiu   s10, s5, 1594
core   0: 3 0x80009f30 (0x63aabd13) x26 0x00000000
core   0: 0x80009f34 (0x01e36563) bltu    t1, t5, pc + 10
core   0: 3 0x80009f34 (0x01e36563)
core   0: 0x80009f3e (0x02a2b233) mulhu   tp, t0, a0
core   0: 3 0x80009f3e (0x02a2b233) x4  0x00000000
core   0: 0x80009f42 (0x07127063) bgeu    tp, a7, pc + 96
core   0: 3 0x80009f42 (0x07127063)
core   0: 0x80009f46 (0x032fecb3) rem     s9, t6, s2
core   0: 3 0x80009f46 (0x032fecb3) x25 0x00000a54
core   0: 0x80009f4a (0x00008f11) c.sub   a4, a2
core   0: 3 0x80009f4a (0x8f11) x14 0x00000000
core   0: 0x80009f4c (0x01f06533) or      a0, zero, t6
core   0: 3 0x80009f4c (0x01f06533) x10 0x00009e00
core   0: 0x80009f50 (0x00431c63) bne     t1, tp, pc + 24
core   0: 3 0x80009f50 (0x00431c63)
core   0: 0x80009f68 (0x0221f033) remu    zero, gp, sp
core   0: 3 0x80009f68 (0x0221f033)
core   0: 0x80009f6c (0x01aff0b3) and     ra, t6, s10
core   0: 3 0x80009f6c (0x01aff0b3) x1  0x00000000
core   0: 0x80009f70 (0x5887a713) slti    a4, a5, 1416
core   0: 3 0x80009f70 (0x5887a713) x14 0x00000001
core   0: 0x80009f74 (0xffffe097) auipc   ra, 0xffffe
core   0: 3 0x80009f74 (0xffffe097) x1  0x80007f74
core   0: 0x80009f78 (0xc4c08093) addi    ra, ra, -948
core   0: 3 0x80009f78 (0xc4c08093) x1  0x80007bc0
core   0: 0x80009f7c (0x69b2f293) andi    t0, t0, 1691
core   0: 3 0x80009f7c (0x69b2f293) x5  0x00000000
core   0: 0x80009f80 (0x00a90eb3) add     t4, s2, a0
core   0: 3 0x80009f80 (0x00a90eb3) x29 0x0000a95c
core   0: 0x80009f84 (0x000a14b3) sll     s1, s4, zero
core   0: 3 0x80009f84 (0x000a14b3) x9  0x80025e4c
core   0: 0x80009f88 (0xbd08a313) slti    t1, a7, -1072
core   0: 3 0x80009f88 (0xbd08a313) x6  0x00000000
core   0: 0x80009f8c (0x0168d193) srli    gp, a7, 22
core   0: 3 0x80009f8c (0x0168d193) x3  0x00000000
core   0: 0x80009f90 (0x13c08093) addi    ra, ra, 316
core   0: 3 0x80009f90 (0x13c08093) x1  0x80007cfc
core   0: 0x80009f94 (0x000089d6) c.mv    s3, s5
core   0: 3 0x80009f94 (0x89d6) x19 0x80029d24
core   0: 0x80009f96 (0x01cd8633) add     a2, s11, t3
core   0: 3 0x80009f96 (0x01cd8633) x12 0x00000001
core   0: 0x80009f9a (0xec408367) jalr    t1, ra, -316
core   0: 3 0x80009f9a (0xec408367) x6  0x80009f9e
core   0: 0x80007bc0 (0x014c71b3) and     gp, s8, s4
core   0: 3 0x80007bc0 (0x014c71b3) x3  0x00000000
core   0: 0x80007bc4 (0x0000c309) c.beqz  a4, pc + 2
core   0: 3 0x80007bc4 (0xc309)
core   0: 0x80007bc6 (0xfc8a0a13) addi    s4, s4, -56
core   0: 3 0x80007bc6 (0xfc8a0a13) x20 0x80025e14
core   0: 0x80007bca (0xd9d71f17) auipc   t5, 0xd9d71
core   0: 3 0x80007bca (0xd9d71f17) x30 0x59d78bca
core   0: 0x80007bce (0x006a2223) sw      t1, 4(s4)
core   0: 3 0x80007bce (0x006a2223) mem 0x80025e18 0x80009f9e
core   0: 0x80007bd2 (0x00365cb3) srl     s9, a2, gp
core   0: 3 0x80007bd2 (0x00365cb3) x25 0x00000001
core   0: 0x80007bd6 (0x00016797) auipc   a5, 0x16
core   0: 3 0x80007bd6 (0x00016797) x15 0x8001dbd6
core   0: 0x80007bda (0xaf078793) addi    a5, a5, -1296
core   0: 3 0x80007bda (0xaf078793) x15 0x8001d6c6
core   0: 0x80007bde (0x41845c13) srai    s8, s0, 24
core   0: 3 0x80007bde (0x41845c13) x24 0xfffffff8
core   0: 0x80007be2 (0x328786a3) sb      s0, 813(a5)
core   0: 3 0x80007be2 (0x328786a3) mem 0x8001d9f3 0x45
core   0: 0x80007be6 (0x028c0c33) mul     s8, s8, s0
core   0: 3 0x80007be6 (0x028c0c33) x24 0x3fff8dd8
core   0: 0x80007bea (0x6f078403) lb      s0, 1776(a5)
core   0: 3 0x80007bea (0x6f078403) x8  0x0000006d mem 0x8001ddb6
core   0: 0x80007bee (0x003374b3) and     s1, t1, gp
core   0: 3 0x80007bee (0x003374b3) x9  0x00000000
core   0: 0x80007bf2 (0x403201b3) sub     gp, tp, gp
core   0: 3 0x80007bf2 (0x403201b3) x3  0x00000000
core   0: 0x80007bf6 (0x8a479d23) sh      tp, -1862(a5)
core   0: 3 0x80007bf6 (0x8a479d23) mem 0x8001cf80 0x0000
core   0: 0x80007bfa (0x0384c233) div     tp, s1, s8
core   0: 3 0x80007bfa (0x0384c233) x4  0x00000000
core   0: 0x80007bfe (0x0000040a) c.slli  s0, 2
core   0: 3 0x80007bfe (0x040a) x8  0x000001b4
core   0: 0x80007c00 (0x84c37493) andi    s1, t1, -1972
core   0: 3 0x80007c00 (0x84c37493) x9  0x8000980c
core   0: 0x80007c04 (0x5937c303) lbu     t1, 1427(a5)
core   0: 3 0x80007c04 (0x5937c303) x6  0x00000012 mem 0x8001dc59
core   0: 0x80007c08 (0x408c0333) sub     t1, s8, s0
core   0: 3 0x80007c08 (0x408c0333) x6  0x3fff8c24
core   0: 0x80007c0c (0x00d4d193) srli    gp, s1, 13
core   0: 3 0x80007c0c (0x00d4d193) x3  0x00040004
core   0: 0x80007c10 (0x000084a9) c.srai  s1, 10
core   0: 3 0x80007c10 (0x84a9) x9  0xffe00026
core   0: 0x80007c12 (0x003441b3) xor     gp, s0, gp
core   0: 3 0x80007c12 (0x003441b3) x3  0x000401b0
core   0: 0x80007c16 (0x0000987d) c.andi  s0, -1
core   0: 3 0x80007c16 (0x987d) x8  0x000001b4
core   0: 0x80007c18 (0x93f7c183) lbu     gp, -1729(a5)
core   0: 3 0x80007c18 (0x93f7c183) x3  0x000000be mem 0x8001d005
core   0: 0x80007c1c (0x00008435) c.srai  s0, 13
core   0: 3 0x80007c1c (0x8435) x8  0x00000000
core   0: 0x80007c1e (0x9f879e23) sh      s8, -1540(a5)
core   0: 3 0x80007c1e (0x9f879e23) mem 0x8001d0c2 0x8dd8
core   0: 0x80007c22 (0xbc07d303) lhu     t1, -1088(a5)
core   0: 3 0x80007c22 (0xbc07d303) x6  0x00003c3d mem 0x8001d286
core   0: 0x80007c26 (0x88247313) andi    t1, s0, -1918
core   0: 3 0x80007c26 (0x88247313) x6  0x00000000
core   0: 0x80007c2a (0x4f378203) lb      tp, 1267(a5)
core   0: 3 0x80007c2a (0x4f378203) x4  0x00000072 mem 0x8001dbb9
core   0: 0x80007c2e (0x000080d1) c.srli  s1, 20
core   0: 3 0x80007c2e (0x80d1) x9  0x00000ffe
core   0: 0x80007c30 (0x038321b3) mulhsu  gp, t1, s8
core   0: 3 0x80007c30 (0x038321b3) x3  0x00000000
core   0: 0x80007c34 (0x198788a3) sb      s8, 401(a5)
core   0: 3 0x80007c34 (0x198788a3) mem 0x8001d857 0xd8
core   0: 0x80007c38 (0x02946c33) rem     s8, s0, s1
core   0: 3 0x80007c38 (0x02946c33) x24 0x00000000
core   0: 0x80007c3c (0x00008c65) c.and   s0, s1
core   0: 3 0x80007c3c (0x8c65) x8  0x00000000
core   0: 0x80007c3e (0x00006249) c.lui   tp, 0x12
core   0: 3 0x80007c3e (0x6249) x4  0x00012000
core   0: 0x80007c40 (0x000061f1) c.lui   gp, 0x1c
core   0: 3 0x80007c40 (0x61f1) x3  0x0001c000
core   0: 0x80007c42 (0x40735313) srai    t1, t1, 7
core   0: 3 0x80007c42 (0x40735313) x6  0x00000000
core   0: 0x80007c46 (0xaa9789a3) sb      s1, -1357(a5)
core   0: 3 0x80007c46 (0xaa9789a3) mem 0x8001d179 0xfe
core   0: 0x80007c4a (0xde3782a3) sb      gp, -539(a5)
core   0: 3 0x80007c4a (0xde3782a3) mem 0x8001d4ab 0x00
core   0: 0x80007c4e (0x000044ed) c.li    s1, 27
core   0: 3 0x80007c4e (0x44ed) x9  0x0000001b
core   0: 0x80007c50 (0x54a7a483) lw      s1, 1354(a5)
core   0: 3 0x80007c50 (0x54a7a483) x9  0xc8c9cacb mem 0x8001dc10
core   0: 0x80007c54 (0x7ae79183) lh      gp, 1966(a5)
core   0: 3 0x80007c54 (0x7ae79183) x3  0x00002e2f mem 0x8001de74
core   0: 0x80007c58 (0x003c4c33) xor     s8, s8, gp
core   0: 3 0x80007c58 (0x003c4c33) x24 0x00002e2f
core   0: 0x80007c5c (0x3627d403) lhu     s0, 866(a5)
core   0: 3 0x80007c5c (0x3627d403) x8  0x0000e2e3 mem 0x8001da28
core   0: 0x80007c60 (0xd097c303) lbu     t1, -759(a5)
core   0: 3 0x80007c60 (0xd097c303) x6  0x00000084 mem 0x8001d3cf
core   0: 0x80007c64 (0x224781a3) sb      tp, 547(a5)
core   0: 3 0x80007c64 (0x224781a3) mem 0x8001d8e9 0x00
core   0: 0x80007c68 (0x00008c05) c.sub   s0, s1
core   0: 3 0x80007c68 (0x8c05) x8  0x37371818
core   0: 0x80007c6a (0x0ce79483) lh      s1, 206(a5)
core   0: 3 0x80007c6a (0x0ce79483) x9  0x00004e4f mem 0x8001d794
core   0: 0x80007c6e (0x024404b3) mul     s1, s0, tp
core   0: 3 0x80007c6e (0x024404b3) x9  0xfb1b0000
core   0: 0x80007c72 (0x00008005) c.srli  s0, 1
core   0: 3 0x80007c72 (0x8005) x8  0x1b9b8c0c
core   0: 0x80007c74 (0x130b5c37) lui     s8, 0x130b5
core   0: 3 0x80007c74 (0x130b5c37) x24 0x130b5000
core   0: 0x80007c78 (0x00000001) c.nop
core   0: 3 0x80007c78 (0x0001)
core   0: 0x80007c7a (0xa78780a3) sb      s8, -1439(a5)
core   0: 3 0x80007c7a (0xa78780a3) mem 0x8001d127 0x00
core   0: 0x80007c7e (0xd2778303) lb      t1, -729(a5)
core   0: 3 0x80007c7e (0xd2778303) x6  0xffffffa6 mem 0x8001d3ed
core   0: 0x80007c82 (0xb404a313) slti    t1, s1, -1216
core   0: 3 0x80007c82 (0xb404a313) x6  0x00000001
core   0: 0x80007c86 (0xb7e78483) lb      s1, -1154(a5)
core   0: 3 0x80007c86 (0xb7e78483) x9  0xffffffff mem 0x8001d244
core   0: 0x80007c8a (0x0180036f) jal     t1, pc + 0x18
core   0: 3 0x80007c8a (0x0180036f) x6  0x80007c8e
core   0: 0x80007ca2 (0x0000b7f5) c.j     pc - 20
core   0: 3 0x80007ca2 (0xb7f5)
core   0: 0x80007c8e (0x0120046f) jal     s0, pc + 0x12
core   0: 3 0x80007c8e (0x0120046f) x8  0x80007c92
core   0: 0x80007ca0 (0x0000a019) c.j     pc + 6
core   0: 3 0x80007ca0 (0xa019)
core   0: 0x80007ca6 (0x0000bffd) c.j     pc - 2
core   0: 3 0x80007ca6 (0xbffd)
core   0: 0x80007ca4 (0x00003fd5) c.jal   pc - 12
core   0: 3 0x80007ca4 (0x3fd5) x1  0x80007ca6
core   0: 0x80007c98 (0xffdff1ef) jal     gp, pc - 0x4
core   0: 3 0x80007c98 (0xffdff1ef) x3  0x80007c9c
core   0: 0x80007c94 (0x0140036f) jal     t1, pc + 0x14
core   0: 3 0x80007c94 (0x0140036f) x6  0x80007c98
core   0: 0x80007ca8 (0x00002009) c.jal   pc + 2
core   0: 3 0x80007ca8 (0x2009) x1  0x80007caa
core   0: 0x80007caa (0x0000bfcd) c.j     pc - 14
core   0: 3 0x80007caa (0xbfcd)
core   0: 0x80007c9c (0xff7ff1ef) jal     gp, pc - 0xa
core   0: 3 0x80007c9c (0xff7ff1ef) x3  0x80007ca0
core   0: 0x80007c92 (0x00002829) c.jal   pc + 26
core   0: 3 0x80007c92 (0x2829) x1  0x80007c94
core   0: 0x80007cac (0x000085fe) c.mv    a1, t6
core   0: 3 0x80007cac (0x85fe) x11 0x00009e00
core   0: 0x80007cae (0x00009d97) auipc   s11, 0x9
core   0: 3 0x80007cae (0x00009d97) x27 0x80010cae
core   0: 0x80007cb2 (0xb87d8d93) addi    s11, s11, -1145
core   0: 3 0x80007cb2 (0xb87d8d93) x27 0x80010835
core   0: 0x80007cb6 (0xf2dd9903) lh      s2, -211(s11)
core   0: 3 0x80007cb6 (0xf2dd9903) x18 0x00001819 mem 0x80010762
core   0: 0x80007cba (0x00275233) srl     tp, a4, sp
core   0: 3 0x80007cba (0x00275233) x4  0x00000000
core   0: 0x80007cbe (0xfa6dc503) lbu     a0, -90(s11)
core   0: 3 0x80007cbe (0xfa6dc503) x10 0x00000090 mem 0x800107db
core   0: 0x80007cc2 (0x000018fd) c.addi  a7, -1
core   0: 3 0x80007cc2 (0x18fd) x17 0x00000000
core   0: 0x80007cc4 (0xe1d3b713) sltiu   a4, t2, -483
core   0: 3 0x80007cc4 (0xe1d3b713) x14 0x00000001
core   0: 0x80007cc8 (0x0f0d99a3) sh      a6, 243(s11)
core   0: 3 0x80007cc8 (0x0f0d99a3) mem 0x80010928 0x62c1
core   0: 0x80007ccc (0x00008c8e) c.mv    s9, gp
core   0: 3 0x80007ccc (0x8c8e) x25 0x80007ca0
core   0: 0x80007cce (0x32634013) xori    zero, t1, 806
core   0: 3 0x80007cce (0x32634013)
core   0: 0x80007cd2 (0x0094dbb3) srl     s7, s1, s1
core   0: 3 0x80007cd2 (0x0094dbb3) x23 0x00000001
core   0: 0x80007cd6 (0x0a6d9aa3) sh      t1, 181(s11)
core   0: 3 0x80007cd6 (0x0a6d9aa3) mem 0x800108ea 0x7c98
core   0: 0x80007cda (0x00000001) c.nop
core   0: 3 0x80007cda (0x0001)
core   0: 0x80007cdc (0x03373bb3) mulhu   s7, a4, s3
core   0: 3 0x80007cdc (0x03373bb3) x23 0x00000000
core   0: 0x80007ce0 (0xf30d8623) sb      a6, -212(s11)
core   0: 3 0x80007ce0 (0xf30d8623) mem 0x80010761 0xc1
core   0: 0x80007ce4 (0x000081ed) c.srli  a1, 27
core   0: 3 0x80007ce4 (0x81ed) x11 0x00000000
core   0: 0x80007ce6 (0xfc1d94a3) sh      ra, -55(s11)
core   0: 3 0x80007ce6 (0xfc1d94a3) mem 0x800107fe 0x7c94
core   0: 0x80007cea (0x03ad4433) div     s0, s10, s10
core   0: 3 0x80007cea (0x03ad4433) x8  0xffffffff
core   0: 0x80007cee (0x0f3d8c03) lb      s8, 243(s11)
core   0: 3 0x80007cee (0x0f3d8c03) x24 0xffffffc1 mem 0x80010928
core   0: 0x80007cf2 (0xf06dc203) lbu     tp, -250(s11)
core   0: 3 0x80007cf2 (0xf06dc203) x4  0x000000f0 mem 0x8001073b
core   0: 0x80007cf6 (0x00001793) slli    a5, zero, 0
core   0: 3 0x80007cf6 (0x00001793) x15 0x00000000
core   0: 0x80007cfa (0x41d2d893) srai    a7, t0, 29
core   0: 3 0x80007cfa (0x41d2d893) x17 0x00000000
core   0: 0x80007cfe (0xf1bd9783) lh      a5, -229(s11)
core   0: 3 0x80007cfe (0xf1bd9783) x15 0x00000a0b mem 0x80010750
core   0: 0x80007d02 (0x091d8983) lb      s3, 145(s11)
core   0: 3 0x80007d02 (0x091d8983) x19 0x0000007d mem 0x800108c6
core   0: 0x80007d06 (0x41a68933) sub     s2, a3, s10
core   0: 3 0x80007d06 (0x41a68933) x18 0x00000000
core   0: 0x80007d0a (0x001d8303) lb      t1, 1(s11)
core   0: 3 0x80007d0a (0x001d8303) x6  0xffffffed mem 0x80010836
core   0: 0x80007d0e (0xa7e4cf93) xori    t6, s1, -1410
core   0: 3 0x80007d0e (0xa7e4cf93) x31 0x00000581
core   0: 0x80007d12 (0xf1bdada3) sw      s11, -229(s11)
core   0: 3 0x80007d12 (0xf1bdada3) mem 0x80010750 0x80010835
core   0: 0x80007d16 (0x40ca5b93) srai    s7, s4, 12
core   0: 3 0x80007d16 (0x40ca5b93) x23 0xfff80025
core   0: 0x80007d1a (0x03cc0b33) mul     s6, s8, t3
core   0: 3 0x80007d1a (0x03cc0b33) x22 0xffffffc1
core   0: 0x80007d1e (0xf59d8803) lb      a6, -167(s11)
core   0: 3 0x80007d1e (0xf59d8803) x16 0x00000024 mem 0x8001078e
core   0: 0x80007d22 (0x01aed613) srli    a2, t4, 26
core   0: 3 0x80007d22 (0x01aed613) x12 0x00000000
core   0: 0x80007d26 (0x067d8703) lb      a4, 103(s11)
core   0: 3 0x80007d26 (0x067d8703) x14 0x00000057 mem 0x8001089c
core   0: 0x80007d2a (0xff8dc083) lbu     ra, -8(s11)
core   0: 3 0x80007d2a (0xff8dc083) x1  0x000000e6 mem 0x8001082d
core   0: 0x80007d2e (0x03ed6033) rem     zero, s10, t5
core   0: 3 0x80007d2e (0x03ed6033)
core   0: 0x80007d32 (0x00fd9c83) lh      s9, 15(s11)
core   0: 3 0x80007d32 (0x00fd9c83) x25 0xfffffeff mem 0x80010844
core   0: 0x80007d36 (0x00000001) c.nop
core   0: 3 0x80007d36 (0x0001)
core   0: 0x80007d38 (0x3a0aa393) slti    t2, s5, 928
core   0: 3 0x80007d38 (0x3a0aa393) x7  0x00000001
core   0: 0x80007d3c (0x00000001) c.nop
core   0: 3 0x80007d3c (0x0001)
core   0: 0x80007d3e (0xf9edc283) lbu     t0, -98(s11)
core   0: 3 0x80007d3e (0xf9edc283) x5  0x00000088 mem 0x800107d3
core   0: 0x80007d42 (0x00008f9d) c.sub   a5, a5
core   0: 3 0x80007d42 (0x8f9d) x15 0x00000000
core   0: 0x80007d44 (0x647d8513) addi    a0, s11, 1607
core   0: 3 0x80007d44 (0x647d8513) x10 0x80010e7c
core   0: 0x80007d48 (0x401eb513) sltiu   a0, t4, 1025
core   0: 3 0x80007d48 (0x401eb513) x10 0x00000000
core   0: 0x80007d4c (0x009dd983) lhu     s3, 9(s11)
core   0: 3 0x80007d4c (0x009dd983) x19 0x0000f400 mem 0x8001083e
core   0: 0x80007d50 (0x032d8483) lb      s1, 50(s11)
core   0: 3 0x80007d50 (0x032d8483) x9  0x0000001c mem 0x80010867
core   0: 0x80007d54 (0x00019e97) auipc   t4, 0x19
core   0: 3 0x80007d54 (0x00019e97) x29 0x80020d54
core   0: 0x80007d58 (0xdb7e8e93) addi    t4, t4, -585
core   0: 3 0x80007d58 (0xdb7e8e93) x29 0x80020b0b
core   0: 0x80007d5c (0xfc8e8e23) sb      s0, -36(t4)
core   0: 3 0x80007d5c (0xfc8e8e23) mem 0x80020ae7 0xff
core   0: 0x80007d60 (0x00000232) c.slli  tp, 12
core   0: 3 0x80007d60 (0x0232) x4  0x000f0000
core   0: 0x80007d62 (0xfdde9083) lh      ra, -35(t4)
core   0: 3 0x80007d62 (0xfdde9083) x1  0xffffa2a3 mem 0x80020ae8
core   0: 0x80007d66 (0x00008c81) c.sub   s1, s0
core   0: 3 0x80007d66 (0x8c81) x9  0x0000001d
core   0: 0x80007d68 (0xfcb23493) sltiu   s1, tp, -53
core   0: 3 0x80007d68 (0xfcb23493) x9  0x00000001
core   0: 0x80007d6c (0x024080b3) mul     ra, ra, tp
core   0: 3 0x80007d6c (0x024080b3) x1  0x878d0000
core   0: 0x80007d70 (0xfc8e80a3) sb      s0, -63(t4)
core   0: 3 0x80007d70 (0xfc8e80a3) mem 0x80020acc 0xff
core   0: 0x80007d74 (0x037e8603) lb      a2, 55(t4)
core   0: 3 0x80007d74 (0x037e8603) x12 0xfffffff9 mem 0x80020b42
core   0: 0x80007d78 (0x017ec483) lbu     s1, 23(t4)
core   0: 3 0x80007d78 (0x017ec483) x9  0x000000d9 mem 0x80020b22
core   0: 0x80007d7c (0xfeaec203) lbu     tp, -22(t4)
core   0: 3 0x80007d7c (0xfeaec203) x4  0x000000ae mem 0x80020af5
core   0: 0x80007d80 (0xffaec603) lbu     a2, -6(t4)
core   0: 3 0x80007d80 (0xffaec603) x12 0x000000be mem 0x80020b05
core   0: 0x80007d84 (0xfe1e85a3) sb      ra, -21(t4)
core   0: 3 0x80007d84 (0xfe1e85a3) mem 0x80020af6 0x00
core   0: 0x80007d88 (0x00aec483) lbu     s1, 10(t4)
core   0: 3 0x80007d88 (0x00aec483) x9  0x000000ce mem 0x80020b15
core   0: 0x80007d8c (0xfc3ec203) lbu     tp, -61(t4)
core   0: 3 0x80007d8c (0xfc3ec203) x4  0x00000085 mem 0x80020ace
core   0: 0x80007d90 (0x00a65093) srli    ra, a2, 10
core   0: 3 0x80007d90 (0x00a65093) x1  0x00000000
core   0: 0x80007d94 (0x0092e233) or      tp, t0, s1
core   0: 3 0x80007d94 (0x0092e233) x4  0x000000ce
core   0: 0x80007d98 (0x001e97a3) sh      ra, 15(t4)
core   0: 3 0x80007d98 (0x001e97a3) mem 0x80020b1a 0x0000
core   0: 0x80007d9c (0x9840c493) xori    s1, ra, -1660
core   0: 3 0x80007d9c (0x9840c493) x9  0xfffff984
core   0: 0x80007da0 (0xfe1e98a3) sh      ra, -15(t4)
core   0: 3 0x80007da0 (0xfe1e98a3) mem 0x80020afc 0x0000
core   0: 0x80007da4 (0xfdbed403) lhu     s0, -37(t4)
core   0: 3 0x80007da4 (0xfdbed403) x8  0x0000ff9d mem 0x80020ae6
core   0: 0x80007da8 (0x021e8623) sb      ra, 44(t4)
core   0: 3 0x80007da8 (0x021e8623) mem 0x80020b37 0x00
core   0: 0x80007dac (0x00008432) c.mv    s0, a2
core   0: 3 0x80007dac (0x8432) x8  0x000000be
core   0: 0x80007dae (0x005e8023) sb      t0, 0(t4)
core   0: 3 0x80007dae (0x005e8023) mem 0x80020b0b 0x88
core   0: 0x80007db2 (0xfece8223) sb      a2, -28(t4)
core   0: 3 0x80007db2 (0xfece8223) mem 0x80020aef 0xbe
core   0: 0x80007db6 (0x007e8403) lb      s0, 7(t4)
core   0: 3 0x80007db6 (0x007e8403) x8  0xffffffc9 mem 0x80020b12
core   0: 0x80007dba (0x004e8a23) sb      tp, 20(t4)
core   0: 3 0x80007dba (0x004e8a23) mem 0x80020b1f 0xce
core   0: 0x80007dbe (0xfdcec083) lbu     ra, -36(t4)
core   0: 3 0x80007dbe (0xfdcec083) x1  0x000000ff mem 0x80020ae7
core   0: 0x80007dc2 (0x029e9603) lh      a2, 41(t4)
core   0: 3 0x80007dc2 (0x029e9603) x12 0xffffeeef mem 0x80020b34
core   0: 0x80007dc6 (0x00000001) c.nop
core   0: 3 0x80007dc6 (0x0001)
core   0: 0x80007dc8 (0x019ed483) lhu     s1, 25(t4)
core   0: 3 0x80007dc8 (0x019ed483) x9  0x0000dedf mem 0x80020b24
core   0: 0x80007dcc (0x7ed2e213) ori     tp, t0, 2029
core   0: 3 0x80007dcc (0x7ed2e213) x4  0x000007ed
core   0: 0x80007dd0 (0x37223293) sltiu   t0, tp, 882
core   0: 3 0x80007dd0 (0x37223293) x5  0x00000000
core   0: 0x80007dd4 (0xfc0ec403) lbu     s0, -64(t4)
core   0: 3 0x80007dd4 (0xfc0ec403) x8  0x00000080 mem 0x80020acb
core   0: 0x80007dd8 (0x4084d233) sra     tp, s1, s0
core   0: 3 0x80007dd8 (0x4084d233) x4  0x0000dedf
core   0: 0x80007ddc (0x00008489) c.srai  s1, 2
core   0: 3 0x80007ddc (0x8489) x9  0x000037b7
core   0: 0x80007dde (0x000080f1) c.srli  s1, 28
core   0: 3 0x80007dde (0x80f1) x9  0x00000000
core   0: 0x80007de0 (0x03cec403) lbu     s0, 60(t4)
core   0: 3 0x80007de0 (0x03cec403) x8  0x000000fc mem 0x80020b47
core   0: 0x80007de4 (0xfd4ec403) lbu     s0, -44(t4)
core   0: 3 0x80007de4 (0xfd4ec403) x8  0x00000094 mem 0x80020adf
core   0: 0x80007de8 (0x00ce85a3) sb      a2, 11(t4)
core   0: 3 0x80007de8 (0x00ce85a3) mem 0x80020b16 0xef
core   0: 0x80007dec (0x00008059) c.srli  s0, 22
core   0: 3 0x80007dec (0x8059) x8  0x00000000
core   0: 0x80007dee (0x022ec403) lbu     s0, 34(t4)
core   0: 3 0x80007dee (0x022ec403) x8  0x000000e6 mem 0x80020b2d
core   0: 0x80007df2 (0x008e8283) lb      t0, 8(t4)
core   0: 3 0x80007df2 (0x008e8283) x5  0xffffffc8 mem 0x80020b13
core   0: 0x80007df6 (0xfc0e8083) lb      ra, -64(t4)
core   0: 3 0x80007df6 (0xfc0e8083) x1  0xffffff80 mem 0x80020acb
core   0: 0x80007dfa (0x00ce9da3) sh      a2, 27(t4)
core   0: 3 0x80007dfa (0x00ce9da3) mem 0x80020b26 0xeeef
core   0: 0x80007dfe (0x0042b4b3) sltu    s1, t0, tp
core   0: 3 0x80007dfe (0x0042b4b3) x9  0x00000000
core   0: 0x80007e02 (0x029ea4a3) sw      s1, 41(t4)
core   0: 3 0x80007e02 (0x029ea4a3) mem 0x80020b34 0x00000000
core   0: 0x80007e06 (0x00009097) auipc   ra, 0x9
core   0: 3 0x80007e06 (0x00009097) x1  0x80010e06
core   0: 0x80007e0a (0xe1b08093) addi    ra, ra, -485
core   0: 3 0x80007e0a (0xe1b08093) x1  0x80010c21
core   0: 0x80007e0e (0x0030a883) lw      a7, 3(ra)
core   0: 3 0x80007e0e (0x0030a883) x17 0xdcdddedf mem 0x80010c24
core   0: 0x80007e12 (0x0000997d) c.andi  a0, -1
core   0: 3 0x80007e12 (0x997d) x10 0x00000000
core   0: 0x80007e14 (0x024f4b33) div     s6, t5, tp
core   0: 3 0x80007e14 (0x024f4b33) x22 0x00006732
core   0: 0x80007e18 (0x02c7e833) rem     a6, a5, a2
core   0: 3 0x80007e18 (0x02c7e833) x16 0x00000000
core   0: 0x80007e1c (0x00000001) c.nop
core   0: 3 0x80007e1c (0x0001)
core   0: 0x80007e1e (0x00183033) sltu    zero, a6, ra
core   0: 3 0x80007e1e (0x00183033)
core   0: 0x80007e22 (0x00008e8d) c.sub   a3, a1
core   0: 3 0x80007e22 (0x8e8d) x13 0x00000000
core   0: 0x80007e24 (0x027651b3) divu    gp, a2, t2
core   0: 3 0x80007e24 (0x027651b3) x3  0xffffeeef
core   0: 0x80007e28 (0xff508883) lb      a7, -11(ra)
core   0: 3 0x80007e28 (0xff508883) x17 0xffffffcd mem 0x80010c16
core   0: 0x80007e2c (0xab606513) ori     a0, zero, -1354
core   0: 3 0x80007e2c (0xab606513) x10 0xfffffab6
core   0: 0x80007e30 (0x00b09403) lh      s0, 11(ra)
core   0: 3 0x80007e30 (0x00b09403) x8  0xffffe6e7 mem 0x80010c2c
core   0: 0x80007e34 (0x03d3bf33) mulhu   t5, t2, t4
core   0: 3 0x80007e34 (0x03d3bf33) x30 0x00000000
core   0: 0x80007e38 (0x00808d03) lb      s10, 8(ra)
core   0: 3 0x80007e38 (0x00808d03) x26 0xffffffe2 mem 0x80010c29
core   0: 0x80007e3c (0x61f6b393) sltiu   t2, a3, 1567
core   0: 3 0x80007e3c (0x61f6b393) x7  0x00000001
core   0: 0x80007e40 (0x01408fb3) add     t6, ra, s4
core   0: 3 0x80007e40 (0x01408fb3) x31 0x00036a35
core   0: 0x80007e44 (0x00000d3e) c.slli  s10, 15
core   0: 3 0x80007e44 (0x0d3e) x26 0xfff10000
core   0: 0x80007e46 (0x822d3793) sltiu   a5, s10, -2014
core   0: 3 0x80007e46 (0x822d3793) x15 0x00000001
core   0: 0x80007e4a (0xffb09783) lh      a5, -5(ra)
core   0: 3 0x80007e4a (0xffb09783) x15 0xffffd6d7 mem 0x80010c1c
core   0: 0x80007e4e (0xff00c183) lbu     gp, -16(ra)
core   0: 3 0x80007e4e (0xff00c183) x3  0x000000ca mem 0x80010c11
core   0: 0x80007e52 (0x000018fd) c.addi  a7, -1
core   0: 3 0x80007e52 (0x18fd) x17 0xffffffcc
core   0: 0x80007e54 (0x41e503b3) sub     t2, a0, t5
core   0: 3 0x80007e54 (0x41e503b3) x7  0xfffffab6
core   0: 0x80007e58 (0xfe108a23) sb      ra, -12(ra)
core   0: 3 0x80007e58 (0xfe108a23) mem 0x80010c15 0x21
core   0: 0x80007e5c (0xff80c683) lbu     a3, -8(ra)
core   0: 3 0x80007e5c (0xff80c683) x13 0x000000d2 mem 0x80010c19
core   0: 0x80007e60 (0xff40cd83) lbu     s11, -12(ra)
core   0: 3 0x80007e60 (0xff40cd83) x27 0x00000021 mem 0x80010c15
core   0: 0x80007e64 (0x00000001) c.nop
core   0: 3 0x80007e64 (0x0001)
core   0: 0x80007e66 (0x015214b3) sll     s1, tp, s5
core   0: 3 0x80007e66 (0x015214b3) x9  0x000dedf0
core   0: 0x80007e6a (0x00000e55) c.addi  t3, 21
core   0: 3 0x80007e6a (0x0e55) x28 0x00000016
core   0: 0x80007e6c (0x00008a7d) c.andi  a2, 31
core   0: 3 0x80007e6c (0x8a7d) x12 0x0000000f
core   0: 0x80007e6e (0x0141d313) srli    t1, gp, 20
core   0: 3 0x80007e6e (0x0141d313) x6  0x00000000
core   0: 0x80007e72 (0xffe08683) lb      a3, -2(ra)
core   0: 3 0x80007e72 (0xffe08683) x13 0xffffffd4 mem 0x80010c1f
core   0: 0x80007e76 (0xff6098a3) sh      s6, -15(ra)
core   0: 3 0x80007e76 (0xff6098a3) mem 0x80010c12 0x6732
core   0: 0x80007e7a (0xff10c803) lbu     a6, -15(ra)
core   0: 3 0x80007e7a (0xff10c803) x16 0x00000032 mem 0x80010c12
core   0: 0x80007e7e (0x02726fb3) rem     t6, tp, t2
core   0: 3 0x80007e7e (0x02726fb3) x31 0x000000bb
core   0: 0x80007e82 (0x00e092a3) sh      a4, 5(ra)
core   0: 3 0x80007e82 (0x00e092a3) mem 0x80010c26 0x0057
core   0: 0x80007e86 (0x00013097) auipc   ra, 0x13
core   0: 3 0x80007e86 (0x00013097) x1  0x8001ae86
core   0: 0x80007e8a (0x26b08093) addi    ra, ra, 619
core   0: 3 0x80007e8a (0x26b08093) x1  0x8001b0f1
core   0: 0x80007e8e (0x40e002b3) sub     t0, zero, a4
core   0: 3 0x80007e8e (0x40e002b3) x5  0xffffffa9
core   0: 0x80007e92 (0x42b25417) auipc   s0, 0x42b25
core   0: 3 0x80007e92 (0x42b25417) x8  0xc2b2ce92
core   0: 0x80007e96 (0x01131413) slli    s0, t1, 17
core   0: 3 0x80007e96 (0x01131413) x8  0x00000000
core   0: 0x80007e9a (0x01508e03) lb      t3, 21(ra)
core   0: 3 0x80007e9a (0x01508e03) x28 0xffffffbd mem 0x8001b106
core   0: 0x80007e9e (0xfca0c283) lbu     t0, -54(ra)
core   0: 3 0x80007e9e (0xfca0c283) x5  0x00000070 mem 0x8001b0bb
core   0: 0x80007ea2 (0xfdc093a3) sh      t3, -57(ra)
core   0: 3 0x80007ea2 (0xfdc093a3) mem 0x8001b0b8 0xffbd
core   0: 0x80007ea6 (0xe52022b7) lui     t0, 0xe5202
core   0: 3 0x80007ea6 (0xe52022b7) x5  0xe5202000
core   0: 0x80007eaa (0x005e2333) slt     t1, t3, t0
core   0: 3 0x80007eaa (0x005e2333) x6  0x00000000
core   0: 0x80007eae (0x00008761) c.srai  a4, 24
core   0: 3 0x80007eae (0x8761) x14 0x00000000
core   0: 0x80007eb0 (0x02c08283) lb      t0, 44(ra)
core   0: 3 0x80007eb0 (0x02c08283) x5  0xffffffd6 mem 0x8001b11d
core   0: 0x80007eb4 (0x03f0a403) lw      s0, 63(ra)
core   0: 3 0x80007eb4 (0x03f0a403) x8  0xe8e9eaeb mem 0x8001b130
core   0: 0x80007eb8 (0x03208e03) lb      t3, 50(ra)
core   0: 3 0x80007eb8 (0x03208e03) x28 0xffffffd8 mem 0x8001b123
core   0: 0x80007ebc (0x02808223) sb      s0, 36(ra)
core   0: 3 0x80007ebc (0x02808223) mem 0x8001b115 0xeb
core   0: 0x80007ec0 (0x01908403) lb      s0, 25(ra)
core   0: 3 0x80007ec0 (0x01908403) x8  0xffffffc1 mem 0x8001b10a
core   0: 0x80007ec4 (0x01571313) slli    t1, a4, 21
core   0: 3 0x80007ec4 (0x01571313) x6  0x00000000
core   0: 0x80007ec8 (0xfc60afa3) sw      t1, -33(ra)
core   0: 3 0x80007ec8 (0xfc60afa3) mem 0x8001b0d0 0x00000000
core   0: 0x80007ecc (0x03c03e33) mulhu   t3, zero, t3
core   0: 3 0x80007ecc (0x03c03e33) x28 0x00000000
core   0: 0x80007ed0 (0xfcf09e03) lh      t3, -49(ra)
core   0: 3 0x80007ed0 (0xfcf09e03) x28 0x00007a7b mem 0x8001b0c0
core   0: 0x80007ed4 (0xfc60a7a3) sw      t1, -49(ra)
core   0: 3 0x80007ed4 (0xfc60a7a3) mem 0x8001b0c0 0x00000000
core   0: 0x80007ed8 (0xd392fe13) andi    t3, t0, -711
core   0: 3 0x80007ed8 (0xd392fe13) x28 0xfffffd10
core   0: 0x80007edc (0x03208403) lb      s0, 50(ra)
core   0: 3 0x80007edc (0x03208403) x8  0xffffffd8 mem 0x8001b123
core   0: 0x80007ee0 (0x00634733) xor     a4, t1, t1
core   0: 3 0x80007ee0 (0x00634733) x14 0x00000000
core   0: 0x80007ee4 (0x000012fd) c.addi  t0, -1
core   0: 3 0x80007ee4 (0x12fd) x5  0xffffffd5
core   0: 0x80007ee6 (0xfcc0c003) lbu     zero, -52(ra)
core   0: 3 0x80007ee6 (0xfcc0c003) mem 0x8001b0bd
core   0: 0x80007eea (0xfdc08023) sb      t3, -64(ra)
core   0: 3 0x80007eea (0xfdc08023) mem 0x8001b0b1 0x10
core   0: 0x80007eee (0x0070c003) lbu     zero, 7(ra)
core   0: 3 0x80007eee (0x0070c003) mem 0x8001b0f8
core   0: 0x80007ef2 (0x00004721) c.li    a4, 8
core   0: 3 0x80007ef2 (0x4721) x14 0x00000008
core   0: 0x80007ef4 (0x00009bfd) c.andi  a5, -1
core   0: 3 0x80007ef4 (0x9bfd) x15 0xffffd6d7
core   0: 0x80007ef6 (0x00005d45) c.li    s10, -15
core   0: 3 0x80007ef6 (0x5d45) x26 0xfffffff1
core   0: 0x80007ef8 (0x0000627d) c.lui   tp, 0x1f
core   0: 3 0x80007ef8 (0x627d) x4  0x0001f000
core   0: 0x80007efa (0x0000177d) c.addi  a4, -1
core   0: 3 0x80007efa (0x177d) x14 0x00000007
core   0: 0x80007efc (0x000056dd) c.li    a3, -9
core   0: 3 0x80007efc (0x56dd) x13 0xfffffff7
core   0: 0x80007efe (0x4adf3b13) sltiu   s6, t5, 1197
core   0: 3 0x80007efe (0x4adf3b13) x22 0x00000001
core   0: 0x80007f02 (0x000042a9) c.li    t0, 10
core   0: 3 0x80007f02 (0x42a9) x5  0x0000000a
core   0: 0x80007f04 (0xf313cb93) xori    s7, t2, -207
core   0: 3 0x80007f04 (0xf313cb93) x23 0x00000587
core   0: 0x80007f08 (0xdd5d0613) addi    a2, s10, -555
core   0: 3 0x80007f08 (0xdd5d0613) x12 0xfffffdc6
core   0: 0x80007f0c (0x000006a5) c.addi  a3, 9
core   0: 3 0x80007f0c (0x06a5) x13 0x00000000
core   0: 0x80007f0e (0xfe56ebe3) bltu    a3, t0, pc - 10
core   0: 3 0x80007f0e (0xfe56ebe3)
core   0: 0x80007f04 (0xf313cb93) xori    s7, t2, -207
core   0: 3 0x80007f04 (0xf313cb93) x23 0x00000587
core   0: 0x80007f08 (0xdd5d0613) addi    a2, s10, -555
core   0: 3 0x80007f08 (0xdd5d0613) x12 0xfffffdc6
core   0: 0x80007f0c (0x000006a5) c.addi  a3, 9
core   0: 3 0x80007f0c (0x06a5) x13 0x00000009
core   0: 0x80007f0e (0xfe56ebe3) bltu    a3, t0, pc - 10
core   0: 3 0x80007f0e (0xfe56ebe3)
core   0: 0x80007f04 (0xf313cb93) xori    s7, t2, -207
core   0: 3 0x80007f04 (0xf313cb93) x23 0x00000587
core   0: 0x80007f08 (0xdd5d0613) addi    a2, s10, -555
core   0: 3 0x80007f08 (0xdd5d0613) x12 0xfffffdc6
core   0: 0x80007f0c (0x000006a5) c.addi  a3, 9
core   0: 3 0x80007f0c (0x06a5) x13 0x00000012
core   0: 0x80007f0e (0xfe56ebe3) bltu    a3, t0, pc - 10
core   0: 3 0x80007f0e (0xfe56ebe3)
core   0: 0x80007f12 (0x00fe1b13) slli    s6, t3, 15
core   0: 3 0x80007f12 (0x00fe1b13) x22 0xfe880000
core   0: 0x80007f16 (0x00008069) c.srli  s0, 26
core   0: 3 0x80007f16 (0x8069) x8  0x0000003f
core   0: 0x80007f18 (0x00008d25) c.xor   a0, s1
core   0: 3 0x80007f18 (0x8d25) x10 0xfff21746
core   0: 0x80007f1a (0xfda70fe3) beq     a4, s10, pc - 34
core   0: 3 0x80007f1a (0xfda70fe3)
core   0: 0x80007f1e (0x026703b3) mul     t2, a4, t1
core   0: 3 0x80007f1e (0x026703b3) x7  0x00000000
core   0: 0x80007f22 (0x00008297) auipc   t0, 0x8
core   0: 3 0x80007f22 (0x00008297) x5  0x8000ff22
core   0: 0x80007f26 (0x6f728293) addi    t0, t0, 1783
core   0: 3 0x80007f26 (0x6f728293) x5  0x80010619
core   0: 0x80007f2a (0x0000821a) c.mv    tp, t1
core   0: 3 0x80007f2a (0x821a) x4  0x00000000
core   0: 0x80007f2c (0xf782cb83) lbu     s7, -136(t0)
core   0: 3 0x80007f2c (0xf782cb83) x23 0x0000004a mem 0x80010591
core   0: 0x80007f30 (0xc547ee97) auipc   t4, 0xc547e
core   0: 3 0x80007f30 (0xc547ee97) x29 0x45485f30
core   0: 0x80007f34 (0xf782cb83) lbu     s7, -136(t0)
core   0: 3 0x80007f34 (0xf782cb83) x23 0x0000004a mem 0x80010591
core   0: 0x80007f38 (0xf7828603) lb      a2, -136(t0)
core   0: 3 0x80007f38 (0xf7828603) x12 0x0000004a mem 0x80010591
core   0: 0x80007f3c (0xf9c2cc83) lbu     s9, -100(t0)
core   0: 3 0x80007f3c (0xf9c2cc83) x25 0x0000006e mem 0x800105b5
core   0: 0x80007f40 (0xf8f28e23) sb      a5, -100(t0)
core   0: 3 0x80007f40 (0xf8f28e23) mem 0x800105b5 0xd7
core   0: 0x80007f44 (0x04f287a3) sb      a5, 79(t0)
core   0: 3 0x80007f44 (0x04f287a3) mem 0x80010668 0xd7
core   0: 0x80007f48 (0x0452a7a3) sw      t0, 79(t0)
core   0: 3 0x80007f48 (0x0452a7a3) mem 0x80010668 0x80010619
core   0: 0x80007f4c (0x05a287a3) sb      s10, 79(t0)
core   0: 3 0x80007f4c (0x05a287a3) mem 0x80010668 0xf1
core   0: 0x80007f50 (0x0412a7a3) sw      ra, 79(t0)
core   0: 3 0x80007f50 (0x0412a7a3) mem 0x80010668 0x8001b0f1
core   0: 0x80007f54 (0x00008efd) c.and   a3, a5
core   0: 3 0x80007f54 (0x8efd) x13 0x00000012
core   0: 0x80007f56 (0x04f2a783) lw      a5, 79(t0)
core   0: 3 0x80007f56 (0x04f2a783) x15 0x8001b0f1 mem 0x80010668
core   0: 0x80007f5a (0x04f2c583) lbu     a1, 79(t0)
core   0: 3 0x80007f5a (0x04f2c583) x11 0x000000f1 mem 0x80010668
core   0: 0x80007f5e (0x04f2a583) lw      a1, 79(t0)
core   0: 3 0x80007f5e (0x04f2a583) x11 0x8001b0f1 mem 0x80010668
core   0: 0x80007f62 (0x001ad493) srli    s1, s5, 1
core   0: 3 0x80007f62 (0x001ad493) x9  0x40014e92
core   0: 0x80007f66 (0x04e287a3) sb      a4, 79(t0)
core   0: 3 0x80007f66 (0x04e287a3) mem 0x80010668 0x07
core   0: 0x80007f6a (0xf7928e83) lb      t4, -135(t0)
core   0: 3 0x80007f6a (0xf7928e83) x29 0x00000049 mem 0x80010592
core   0: 0x80007f6e (0x00008b15) c.andi  a4, 5
core   0: 3 0x80007f6e (0x8b15) x14 0x00000005
core   0: 0x80007f70 (0xf792d883) lhu     a7, -135(t0)
core   0: 3 0x80007f70 (0xf792d883) x17 0x00004849 mem 0x80010592
core   0: 0x80007f74 (0x03480db3) mul     s11, a6, s4
core   0: 3 0x80007f74 (0x03480db3) x27 0x00765fe8
core   0: 0x80007f78 (0xf792c383) lbu     t2, -135(t0)
core   0: 3 0x80007f78 (0xf792c383) x7  0x00000049 mem 0x80010592
core   0: 0x80007f7c (0x027b6db3) rem     s11, s6, t2
core   0: 3 0x80007f7c (0x027b6db3) x27 0xffffffeb
core   0: 0x80007f80 (0xf792d303) lhu     t1, -135(t0)
core   0: 3 0x80007f80 (0xf792d303) x6  0x00004849 mem 0x80010592
core   0: 0x80007f84 (0xf7228ca3) sb      s2, -135(t0)
core   0: 3 0x80007f84 (0xf7228ca3) mem 0x80010592 0x00
core   0: 0x80007f88 (0xf6428ca3) sb      tp, -135(t0)
core   0: 3 0x80007f88 (0xf6428ca3) mem 0x80010592 0x00
core   0: 0x80007f8c (0x0140036f) jal     t1, pc + 0x14
core   0: 3 0x80007f8c (0x0140036f) x6  0x80007f90
core   0: 0x80007fa0 (0xfffff0ef) jal     pc - 0x2
core   0: 3 0x80007fa0 (0xfffff0ef) x1  0x80007fa4
core   0: 0x80007f9e (0x0000a811) c.j     pc + 20
core   0: 3 0x80007f9e (0xa811)
core   0: 0x80007fb2 (0x00003fe5) c.jal   pc - 8
core   0: 3 0x80007fb2 (0x3fe5) x1  0x80007fb4
core   0: 0x80007faa (0x0000a011) c.j     pc + 4
core   0: 3 0x80007faa (0xa011)
core   0: 0x80007fae (0x00003fdd) c.jal   pc - 10
core   0: 3 0x80007fae (0x3fdd) x1  0x80007fb0
core   0: 0x80007fa4 (0x00003fe5) c.jal   pc - 8
core   0: 3 0x80007fa4 (0x3fe5) x1  0x80007fa6
core   0: 0x80007f9c (0x0000bfd5) c.j     pc - 12
core   0: 3 0x80007f9c (0xbfd5)
core   0: 0x80007f90 (0x00002021) c.jal   pc + 8
core   0: 3 0x80007f90 (0x2021) x1  0x80007f92
core   0: 0x80007f98 (0xffbff0ef) jal     pc - 0x6
core   0: 3 0x80007f98 (0xffbff0ef) x1  0x80007f9c
core   0: 0x80007f92 (0x0000a009) c.j     pc + 2
core   0: 3 0x80007f92 (0xa009)
core   0: 0x80007f94 (0x018002ef) jal     t0, pc + 0x18
core   0: 3 0x80007f94 (0x018002ef) x5  0x80007f98
core   0: 0x80007fac (0x00002021) c.jal   pc + 8
core   0: 3 0x80007fac (0x2021) x1  0x80007fae
core   0: 0x80007fb4 (0xffdff36f) jal     t1, pc - 0x4
core   0: 3 0x80007fb4 (0xffdff36f) x6  0x80007fb8
core   0: 0x80007fb0 (0x0000bfdd) c.j     pc - 10
core   0: 3 0x80007fb0 (0xbfdd)
core   0: 0x80007fa6 (0x0120036f) jal     t1, pc + 0x12
core   0: 3 0x80007fa6 (0x0120036f) x6  0x80007faa
core   0: 0x80007fb8 (0xd1a77d93) andi    s11, a4, -742
core   0: 3 0x80007fb8 (0xd1a77d93) x27 0x00000000
core   0: 0x80007fbc (0x0000ef17) auipc   t5, 0xe
core   0: 3 0x80007fbc (0x0000ef17) x30 0x80015fbc
core   0: 0x80007fc0 (0x337f0f13) addi    t5, t5, 823
core   0: 3 0x80007fc0 (0x337f0f13) x30 0x800162f3
core   0: 0x80007fc4 (0x037dabb3) mulhsu  s7, s11, s7
core   0: 3 0x80007fc4 (0x037dabb3) x23 0x00000000
core   0: 0x80007fc8 (0x00008c45) c.or    s0, s1
core   0: 3 0x80007fc8 (0x8c45) x8  0x40014ebf
core   0: 0x80007fca (0x00000001) c.nop
core   0: 3 0x80007fca (0x0001)
core   0: 0x80007fcc (0x0173a033) slt     zero, t2, s7
core   0: 3 0x80007fcc (0x0173a033)
core   0: 0x80007fd0 (0x00006415) c.lui   s0, 0x5
core   0: 3 0x80007fd0 (0x6415) x8  0x00005000
core   0: 0x80007fd2 (0x0000038a) c.slli  t2, 2
core   0: 3 0x80007fd2 (0x038a) x7  0x00000124
core   0: 0x80007fd4 (0xa0a77413) andi    s0, a4, -1526
core   0: 3 0x80007fd4 (0xa0a77413) x8  0x00000000
core   0: 0x80007fd8 (0xd3832813) slti    a6, t1, -712
core   0: 3 0x80007fd8 (0xd3832813) x16 0x00000001
core   0: 0x80007fdc (0xfdff5403) lhu     s0, -33(t5)
core   0: 3 0x80007fdc (0xfdff5403) x8  0x00008889 mem 0x800162d2
core   0: 0x80007fe0 (0x7b9ab613) sltiu   a2, s5, 1977
core   0: 3 0x80007fe0 (0x7b9ab613) x12 0x00000000
core   0: 0x80007fe4 (0x037f0303) lb      t1, 55(t5)
core   0: 3 0x80007fe4 (0x037f0303) x6  0xffffffe1 mem 0x8001632a
core   0: 0x80007fe8 (0x06742913) slti    s2, s0, 103
core   0: 3 0x80007fe8 (0x06742913) x18 0x00000000
core   0: 0x80007fec (0x03df0323) sb      t4, 38(t5)
core   0: 3 0x80007fec (0x03df0323) mem 0x80016319 0x49
core   0: 0x80007ff0 (0xda46bd93) sltiu   s11, a3, -604
core   0: 3 0x80007ff0 (0xda46bd93) x27 0x00000001
core   0: 0x80007ff4 (0x00008eb5) c.xor   a3, a3
core   0: 3 0x80007ff4 (0x8eb5) x13 0x00000000
core   0: 0x80007ff6 (0xffdf0f23) sb      t4, -2(t5)
core   0: 3 0x80007ff6 (0xffdf0f23) mem 0x800162f1 0x49
core   0: 0x80007ffa (0xfdff0b23) sb      t6, -42(t5)
core   0: 3 0x80007ffa (0xfdff0b23) mem 0x800162c9 0xbb
core   0: 0x80007ffe (0xff6f4303) lbu     t1, -10(t5)
core   0: 3 0x80007ffe (0xff6f4303) x6  0x000000a2 mem 0x800162e9
core   0: 0x80008002 (0xfc1f0da3) sb      ra, -37(t5)
core   0: 3 0x80008002 (0xfc1f0da3) mem 0x800162ce 0xae
core   0: 0x80008006 (0x003f5583) lhu     a1, 3(t5)
core   0: 3 0x80008006 (0x003f5583) x11 0x0000acad mem 0x800162f6
core   0: 0x8000800a (0x000082b5) c.srli  a3, 13
core   0: 3 0x8000800a (0x82b5) x13 0x00000000
core   0: 0x8000800c (0x41ef5713) srai    a4, t5, 30
core   0: 3 0x8000800c (0x41ef5713) x14 0xfffffffe
core   0: 0x80008010 (0x01299913) slli    s2, s3, 18
core   0: 3 0x80008010 (0x01299913) x18 0xd0000000
core   0: 0x80008014 (0x01679433) sll     s0, a5, s6
core   0: 3 0x80008014 (0x01679433) x8  0x8001b0f1
core   0: 0x80008018 (0x00008a49) c.andi  a2, 18
core   0: 3 0x80008018 (0x8a49) x12 0x00000000
core   0: 0x8000801a (0x001e7533) and     a0, t3, ra
core   0: 3 0x8000801a (0x001e7533) x10 0x80007d00
core   0: 0x8000801e (0x03803cb3) mulhu   s9, zero, s8
core   0: 3 0x8000801e (0x03803cb3) x25 0x00000000
core   0: 0x80008022 (0x0000157d) c.addi  a0, -1
core   0: 3 0x80008022 (0x157d) x10 0x80007cff
core   0: 0x80008024 (0x00ad8433) add     s0, s11, a0
core   0: 3 0x80008024 (0x00ad8433) x8  0x80007d00
core   0: 0x80008028 (0xff9f5683) lhu     a3, -7(t5)
core   0: 3 0x80008028 (0xff9f5683) x13 0x0000a6a7 mem 0x800162ec
core   0: 0x8000802c (0x0269d733) divu    a4, s3, t1
core   0: 3 0x8000802c (0x0269d733) x14 0x00000181
core   0: 0x80008030 (0x03fa1cb3) mulh    s9, s4, t6
core   0: 3 0x80008030 (0x03fa1cb3) x25 0xffffffa2
core   0: 0x80008034 (0x000f0003) lb      zero, 0(t5)
core   0: 3 0x80008034 (0x000f0003) mem 0x800162f3
core   0: 0x80008038 (0xcd5c0d37) lui     s10, 0xcd5c0
core   0: 3 0x80008038 (0xcd5c0d37) x26 0xcd5c0000
core   0: 0x8000803c (0x000f2aa3) sw      zero, 21(t5)
core   0: 3 0x8000803c (0x000f2aa3) mem 0x80016308 0x00000000
core   0: 0x80008040 (0x00f26bb3) or      s7, tp, a5
core   0: 3 0x80008040 (0x00f26bb3) x23 0x8001b0f1
core   0: 0x80008044 (0x00008d95) c.sub   a1, a3
core   0: 3 0x80008044 (0x8d95) x11 0x00000606
core   0: 0x80008046 (0x020de633) rem     a2, s11, zero
core   0: 3 0x80008046 (0x020de633) x12 0x00000001
core   0: 0x8000804a (0x4195d033) sra     zero, a1, s9
core   0: 3 0x8000804a (0x4195d033)
core   0: 0x8000804e (0x00008f5d) c.or    a4, a5
core   0: 3 0x8000804e (0x8f5d) x14 0x8001b1f1
core   0: 0x80008050 (0x038a0433) mul     s0, s4, s8
core   0: 3 0x80008050 (0x038a0433) x8  0x7f6ad914
core   0: 0x80008054 (0x023f0203) lb      tp, 35(t5)
core   0: 3 0x80008054 (0x023f0203) x4  0xffffffcd mem 0x80016316
core   0: 0x80008058 (0x0080036f) jal     t1, pc + 0x8
core   0: 3 0x80008058 (0x0080036f) x6  0x8000805c
core   0: 0x80008060 (0x018000ef) jal     pc + 0x18
core   0: 3 0x80008060 (0x018000ef) x1  0x80008064
core   0: 0x80008078 (0x000037d5) c.jal   pc - 28
core   0: 3 0x80008078 (0x37d5) x1  0x8000807a
core   0: 0x8000805c (0x0000a021) c.j     pc + 8
core   0: 3 0x8000805c (0xa021)
core   0: 0x80008064 (0xffbff36f) jal     t1, pc - 0x6
core   0: 3 0x80008064 (0xffbff36f) x6  0x80008068
core   0: 0x8000805e (0x0000a809) c.j     pc + 18
core   0: 3 0x8000805e (0xa809)
core   0: 0x80008070 (0x01a000ef) jal     pc + 0x1a
core   0: 3 0x80008070 (0x01a000ef) x1  0x80008074
core   0: 0x8000808a (0x0000b7c5) c.j     pc - 32
core   0: 3 0x8000808a (0xb7c5)
core   0: 0x8000806a (0xfffff0ef) jal     pc - 0x2
core   0: 3 0x8000806a (0xfffff0ef) x1  0x8000806e
core   0: 0x80008068 (0x0000a031) c.j     pc + 12
core   0: 3 0x80008068 (0xa031)
core   0: 0x80008074 (0x00002031) c.jal   pc + 12
core   0: 3 0x80008074 (0x2031) x1  0x80008076
core   0: 0x80008080 (0x0000bff5) c.j     pc - 4
core   0: 3 0x80008080 (0xbff5)
core   0: 0x8000807c (0x006000ef) jal     pc + 0x6
core   0: 3 0x8000807c (0x006000ef) x1  0x80008080
core   0: 0x80008082 (0x00003fe5) c.jal   pc - 8
core   0: 3 0x80008082 (0x3fe5) x1  0x80008084
core   0: 0x8000807a (0x0000bfd5) c.j     pc - 12
core   0: 3 0x8000807a (0xbfd5)
core   0: 0x8000806e (0x00002819) c.jal   pc + 22
core   0: 3 0x8000806e (0x2819) x1  0x80008070
core   0: 0x80008084 (0x00002009) c.jal   pc + 2
core   0: 3 0x80008084 (0x2009) x1  0x80008086
core   0: 0x80008086 (0xff1ff2ef) jal     t0, pc - 0x10
core   0: 3 0x80008086 (0xff1ff2ef) x5  0x8000808a
core   0: 0x80008076 (0x0000a819) c.j     pc + 22
core   0: 3 0x80008076 (0xa819)
core   0: 0x8000808c (0x033f70b3) remu    ra, t5, s3
core   0: 3 0x8000808c (0x033f70b3) x1  0x0000f2f3
core   0: 0x80008090 (0x00c0036f) jal     t1, pc + 0xc
core   0: 3 0x80008090 (0x00c0036f) x6  0x80008094
core   0: 0x8000809c (0x00002821) c.jal   pc + 24
core   0: 3 0x8000809c (0x2821) x1  0x8000809e
core   0: 0x800080b4 (0x0000bfc5) c.j     pc - 16
core   0: 3 0x800080b4 (0xbfc5)
core   0: 0x800080a4 (0x00003fcd) c.jal   pc - 14
core   0: 3 0x800080a4 (0x3fcd) x1  0x800080a6
core   0: 0x80008096 (0x0000a819) c.j     pc + 22
core   0: 3 0x80008096 (0xa819)
core   0: 0x800080ac (0x0000a829) c.j     pc + 26
core   0: 3 0x800080ac (0xa829)
core   0: 0x800080c6 (0xfe9ff36f) jal     t1, pc - 0x18
core   0: 3 0x800080c6 (0xfe9ff36f) x6  0x800080ca
core   0: 0x800080ae (0x00002029) c.jal   pc + 10
core   0: 3 0x800080ae (0x2029) x1  0x800080b0
core   0: 0x800080b8 (0x00400d6f) jal     s10, pc + 0x4
core   0: 3 0x800080b8 (0x00400d6f) x26 0x800080bc
core   0: 0x800080bc (0xfebff2ef) jal     t0, pc - 0x16
core   0: 3 0x800080bc (0xfebff2ef) x5  0x800080c0
core   0: 0x800080a6 (0x00002009) c.jal   pc + 2
core   0: 3 0x800080a6 (0x2009) x1  0x800080a8
core   0: 0x800080a8 (0xff3ff86f) jal     a6, pc - 0xe
core   0: 3 0x800080a8 (0xff3ff86f) x16 0x800080ac
core   0: 0x8000809a (0x00002021) c.jal   pc + 8
core   0: 3 0x8000809a (0x2021) x1  0x8000809c
core   0: 0x800080a2 (0x00003ff5) c.jal   pc - 4
core   0: 3 0x800080a2 (0x3ff5) x1  0x800080a4
core   0: 0x8000809e (0xff7ff26f) jal     tp, pc - 0xa
core   0: 3 0x8000809e (0xff7ff26f) x4  0x800080a2
core   0: 0x80008094 (0x0000a831) c.j     pc + 28
core   0: 3 0x80008094 (0xa831)
core   0: 0x800080b0 (0x0000b7e5) c.j     pc - 24
core   0: 3 0x800080b0 (0xb7e5)
core   0: 0x80008098 (0x0000a839) c.j     pc + 30
core   0: 3 0x80008098 (0xa839)
core   0: 0x800080b6 (0x00002039) c.jal   pc + 14
core   0: 3 0x800080b6 (0x2039) x1  0x800080b8
core   0: 0x800080c4 (0x0000bff5) c.j     pc - 4
core   0: 3 0x800080c4 (0xbff5)
core   0: 0x800080c0 (0xff3ffc6f) jal     s8, pc - 0xe
core   0: 3 0x800080c0 (0xff3ffc6f) x24 0x800080c4
core   0: 0x800080b2 (0x00002821) c.jal   pc + 24
core   0: 3 0x800080b2 (0x2821) x1  0x800080b4
core   0: 0x800080ca (0x40dc0433) sub     s0, s8, a3
core   0: 3 0x800080ca (0x40dc0433) x8  0x7fffda1d
core   0: 0x800080ce (0x00017897) auipc   a7, 0x17
core   0: 3 0x800080ce (0x00017897) x17 0x8001f0ce
core   0: 0x800080d2 (0x32e88893) addi    a7, a7, 814
core   0: 3 0x800080d2 (0x32e88893) x17 0x8001f3fc
core   0: 0x800080d6 (0xf9288ba3) sb      s2, -105(a7)
core   0: 3 0x800080d6 (0xf9288ba3) mem 0x8001f393 0x00
core   0: 0x800080da (0xf9788603) lb      a2, -105(a7)
core   0: 3 0x800080da (0xf9788603) x12 0x00000000 mem 0x8001f393
core   0: 0x800080de (0x0000958a) c.add   a1, sp
core   0: 3 0x800080de (0x958a) x11 0xf38428ed
core   0: 0x800080e0 (0x00000f09) c.addi  t5, 2
core   0: 3 0x800080e0 (0x0f09) x30 0x800162f5
core   0: 0x800080e2 (0x0c589b23) sh      t0, 214(a7)
core   0: 3 0x800080e2 (0x0c589b23) mem 0x8001f4d2 0x80c0
core   0: 0x800080e6 (0x00b7a3b3) slt     t2, a5, a1
core   0: 3 0x800080e6 (0x00b7a3b3) x7  0x00000001
core   0: 0x800080ea (0x0d989b23) sh      s9, 214(a7)
core   0: 3 0x800080ea (0x0d989b23) mem 0x8001f4d2 0xffa2
core   0: 0x800080ee (0x0d68c303) lbu     t1, 214(a7)
core   0: 3 0x800080ee (0x0d68c303) x6  0x000000a2 mem 0x8001f4d2
core   0: 0x800080f2 (0x0d989b23) sh      s9, 214(a7)
core   0: 3 0x800080f2 (0x0d989b23) mem 0x8001f4d2 0xffa2
core   0: 0x800080f6 (0x0d689e83) lh      t4, 214(a7)
core   0: 3 0x800080f6 (0x0d689e83) x29 0xffffffa2 mem 0x8001f4d2
core   0: 0x800080fa (0x0d689903) lh      s2, 214(a7)
core   0: 3 0x800080fa (0x0d689903) x18 0xffffffa2 mem 0x8001f4d2
core   0: 0x800080fe (0x0d988b23) sb      s9, 214(a7)
core   0: 3 0x800080fe (0x0d988b23) mem 0x8001f4d2 0xa2
core   0: 0x80008102 (0x00008821) c.andi  s0, 8
core   0: 3 0x80008102 (0x8821) x8  0x00000008
core   0: 0x80008104 (0x0d689d83) lh      s11, 214(a7)
core   0: 3 0x80008104 (0x0d689d83) x27 0xffffffa2 mem 0x8001f4d2
core   0: 0x80008108 (0x0d688083) lb      ra, 214(a7)
core   0: 3 0x80008108 (0x0d688083) x1  0xffffffa2 mem 0x8001f4d2
core   0: 0x8000810c (0x0d688503) lb      a0, 214(a7)
core   0: 3 0x8000810c (0x0d688503) x10 0xffffffa2 mem 0x8001f4d2
core   0: 0x80008110 (0x00a89b03) lh      s6, 10(a7)
core   0: 3 0x80008110 (0x00a89b03) x22 0xffffbcbd mem 0x8001f406
core   0: 0x80008114 (0x00889523) sh      s0, 10(a7)
core   0: 3 0x80008114 (0x00889523) mem 0x8001f406 0x0008
core   0: 0x80008118 (0x00008997) auipc   s3, 0x8
core   0: 3 0x80008118 (0x00008997) x19 0x80010118
core   0: 0x8000811c (0x4c598993) addi    s3, s3, 1221
core   0: 3 0x8000811c (0x4c598993) x19 0x800105dd
core   0: 0x80008120 (0x000003b6) c.slli  t2, 13
core   0: 3 0x80008120 (0x03b6) x7  0x00002000
core   0: 0x80008122 (0x000006ce) c.slli  a3, 19
core   0: 3 0x80008122 (0x06ce) x13 0x35380000
core   0: 0x80008124 (0x00008755) c.srai  a4, 21
core   0: 3 0x80008124 (0x8755) x14 0xfffffc00
core   0: 0x80008126 (0x02d3beb3) mulhu   t4, t2, a3
core   0: 3 0x80008126 (0x02d3beb3) x29 0x000006a7
core   0: 0x8000812a (0x000001c6) c.slli  gp, 17
core   0: 3 0x8000812a (0x01c6) x3  0x01940000
core   0: 0x8000812c (0xfd49ce83) lbu     t4, -44(s3)
core   0: 3 0x8000812c (0xfd49ce83) x29 0x0000006a mem 0x800105b1
core   0: 0x80008130 (0x02098e83) lb      t4, 32(s3)
core   0: 3 0x80008130 (0x02098e83) x29 0xffffffa0 mem 0x800105fd
core   0: 0x80008134 (0xfd898183) lb      gp, -40(s3)
core   0: 3 0x80008134 (0xfd898183) x3  0xffffffd7 mem 0x800105b5
core   0: 0x80008138 (0xf769c703) lbu     a4, -138(s3)
core   0: 3 0x80008138 (0xf769c703) x14 0x00000008 mem 0x80010553
core   0: 0x8000813c (0x00000001) c.nop
core   0: 3 0x8000813c (0x0001)
core   0: 0x8000813e (0xfe3987a3) sb      gp, -17(s3)
core   0: 3 0x8000813e (0xfe3987a3) mem 0x800105cc 0xd7
core   0: 0x80008142 (0xf8b9d683) lhu     a3, -117(s3)
core   0: 3 0x80008142 (0xf8b9d683) x13 0x00002223 mem 0x80010568
core   0: 0x80008146 (0xfa298e83) lb      t4, -94(s3)
core   0: 3 0x80008146 (0xfa298e83) x29 0x00000034 mem 0x8001057f
core   0: 0x8000814a (0xf169c703) lbu     a4, -234(s3)
core   0: 3 0x8000814a (0xf169c703) x14 0x000000a8 mem 0x800104f3
core   0: 0x8000814e (0x00000001) c.nop
core   0: 3 0x8000814e (0x0001)
core   0: 0x80008150 (0x000016fd) c.addi  a3, -1
core   0: 3 0x80008150 (0x16fd) x13 0x00002222
core   0: 0x80008152 (0x00009b7d) c.andi  a4, -1
core   0: 3 0x80008152 (0x9b7d) x14 0x000000a8
core   0: 0x80008154 (0xf4398fa3) sb      gp, -161(s3)
core   0: 3 0x80008154 (0xf4398fa3) mem 0x8001053c 0xd7
core   0: 0x80008158 (0x00008eb9) c.xor   a3, a4
core   0: 3 0x80008158 (0x8eb9) x13 0x0000228a
core   0: 0x8000815a (0x04498f03) lb      t5, 68(s3)
core   0: 3 0x8000815a (0x04498f03) x30 0xffffffda mem 0x80010621
core   0: 0x8000815e (0xe76ebe93) sltiu   t4, t4, -394
core   0: 3 0x8000815e (0xe76ebe93) x29 0x00000001
core   0: 0x80008162 (0x03df2eb3) mulhsu  t4, t5, t4
core   0: 3 0x80008162 (0x03df2eb3) x29 0xffffffff
core   0: 0x80008166 (0x00dedeb3) srl     t4, t4, a3
core   0: 3 0x80008166 (0x00dedeb3) x29 0x003fffff
core   0: 0x8000816a (0x000082c9) c.srli  a3, 18
core   0: 3 0x8000816a (0x82c9) x13 0x00000000
core   0: 0x8000816c (0xfac9c703) lbu     a4, -84(s3)
core   0: 3 0x8000816c (0xfac9c703) x14 0x00000042 mem 0x80010589
core   0: 0x80008170 (0x0231f1b3) remu    gp, gp, gp
core   0: 3 0x80008170 (0x0231f1b3) x3  0x00000000
core   0: 0x80008174 (0xfae99ba3) sh      a4, -73(s3)
core   0: 3 0x80008174 (0xfae99ba3) mem 0x80010594 0x0042
core   0: 0x80008178 (0xf8c98703) lb      a4, -116(s3)
core   0: 3 0x80008178 (0xf8c98703) x14 0x00000022 mem 0x80010569
core   0: 0x8000817c (0x01e9c683) lbu     a3, 30(s3)
core   0: 3 0x8000817c (0x01e9c683) x13 0x000000b0 mem 0x800105fb
core   0: 0x80008180 (0x00009b7d) c.andi  a4, -1
core   0: 3 0x80008180 (0x9b7d) x14 0x00000022
core   0: 0x80008182 (0x01d3feb3) and     t4, t2, t4
core   0: 3 0x80008182 (0x01d3feb3) x29 0x00002000
core   0: 0x80008186 (0x0879af03) lw      t5, 135(s3)
core   0: 3 0x80008186 (0x0879af03) x30 0x1c1d1e1f mem 0x80010664
core   0: 0x8000818a (0x00008f35) c.xor   a4, a3
core   0: 3 0x8000818a (0x8f35) x14 0x00000092
core   0: 0x8000818c (0x0fe98383) lb      t2, 254(s3)
core   0: 3 0x8000818c (0x0fe98383) x7  0xffffff90 mem 0x800106db
core   0: 0x80008190 (0x4153d693) srai    a3, t2, 21
core   0: 3 0x80008190 (0x4153d693) x13 0xffffffff
core   0: 0x80008194 (0x00008f75) c.and   a4, a3
core   0: 3 0x80008194 (0x8f75) x14 0x00000092
core   0: 0x80008196 (0x0ee986a3) sb      a4, 237(s3)
core   0: 3 0x80008196 (0x0ee986a3) mem 0x800106ca 0x92
core   0: 0x8000819a (0x00008f75) c.and   a4, a3
core   0: 3 0x8000819a (0x8f75) x14 0x00000092
core   0: 0x8000819c (0x01e6eeb3) or      t4, a3, t5
core   0: 3 0x8000819c (0x01e6eeb3) x29 0xffffffff
core   0: 0x800081a0 (0x01e6a1b3) slt     gp, a3, t5
core   0: 3 0x800081a0 (0x01e6a1b3) x3  0x00000001
core   0: 0x800081a4 (0x41d6d1b3) sra     gp, a3, t4
core   0: 3 0x800081a4 (0x41d6d1b3) x3  0xffffffff
core   0: 0x800081a8 (0xff69ce83) lbu     t4, -10(s3)
core   0: 3 0x800081a8 (0xff69ce83) x29 0x00000088 mem 0x800105d3
core   0: 0x800081ac (0x03698683) lb      a3, 54(s3)
core   0: 3 0x800081ac (0x03698683) x13 0x0000006d mem 0x80010613
core   0: 0x800081b0 (0x0be9a7a3) sw      t5, 175(s3)
core   0: 3 0x800081b0 (0x0be9a7a3) mem 0x8001068c 0x1c1d1e1f
core   0: 0x800081b4 (0xf899d183) lhu     gp, -119(s3)
core   0: 3 0x800081b4 (0xf899d183) x3  0x00001c1d mem 0x80010566
core   0: 0x800081b8 (0x0509c683) lbu     a3, 80(s3)
core   0: 3 0x800081b8 (0x0509c683) x13 0x000000e6 mem 0x8001062d
core   0: 0x800081bc (0x02df0733) mul     a4, t5, a3
core   0: 3 0x800081bc (0x02df0733) x14 0x42290fda
core   0: 0x800081c0 (0xf2c98683) lb      a3, -212(s3)
core   0: 3 0x800081c0 (0xf2c98683) x13 0xffffffae mem 0x80010509
core   0: 0x800081c4 (0x0000ef97) auipc   t6, 0xe
core   0: 3 0x800081c4 (0x0000ef97) x31 0x800161c4
core   0: 0x800081c8 (0x13df8f93) addi    t6, t6, 317
core   0: 3 0x800081c8 (0x13df8f93) x31 0x80016301
core   0: 0x800081cc (0xf65f9ba3) sh      t0, -137(t6)
core   0: 3 0x800081cc (0xf65f9ba3) mem 0x80016278 0x80c0
core   0: 0x800081d0 (0xf71faba3) sw      a7, -137(t6)
core   0: 3 0x800081d0 (0xf71faba3) mem 0x80016278 0x8001f3fc
core   0: 0x800081d4 (0xf77fcf03) lbu     t5, -137(t6)
core   0: 3 0x800081d4 (0xf77fcf03) x30 0x000000fc mem 0x80016278
core   0: 0x800081d8 (0xf77f8e03) lb      t3, -137(t6)
core   0: 3 0x800081d8 (0xf77f8e03) x28 0xfffffffc mem 0x80016278
core   0: 0x800081dc (0xf77f8003) lb      zero, -137(t6)
core   0: 3 0x800081dc (0xf77f8003) mem 0x80016278
core   0: 0x800081e0 (0xf77fac03) lw      s8, -137(t6)
core   0: 3 0x800081e0 (0xf77fac03) x24 0x8001f3fc mem 0x80016278
core   0: 0x800081e4 (0xf77fcd83) lbu     s11, -137(t6)
core   0: 3 0x800081e4 (0xf77fcd83) x27 0x000000fc mem 0x80016278
core   0: 0x800081e8 (0xf9bf8d23) sb      s11, -102(t6)
core   0: 3 0x800081e8 (0xf9bf8d23) mem 0x8001629b 0xfc
core   0: 0x800081ec (0x03e34eb3) div     t4, t1, t5
core   0: 3 0x800081ec (0x03e34eb3) x29 0x00000000
core   0: 0x800081f0 (0xf9afc883) lbu     a7, -102(t6)
core   0: 3 0x800081f0 (0xf9afc883) x17 0x000000fc mem 0x8001629b
core   0: 0x800081f4 (0xf88f8d23) sb      s0, -102(t6)
core   0: 3 0x800081f4 (0xf88f8d23) mem 0x8001629b 0x08
core   0: 0x800081f8 (0x00371c13) slli    s8, a4, 3
core   0: 3 0x800081f8 (0x00371c13) x24 0x11487ed0
core   0: 0x800081fc (0x016dc433) xor     s0, s11, s6
core   0: 3 0x800081fc (0x016dc433) x8  0xffffbc41
core   0: 0x80008200 (0xf9afc883) lbu     a7, -102(t6)
core   0: 3 0x80008200 (0xf9afc883) x17 0x00000008 mem 0x8001629b
core   0: 0x80008204 (0x00008fdd) c.or    a5, a5
core   0: 3 0x80008204 (0x8fdd) x15 0x8001b0f1
core   0: 0x80008206 (0x0218fb33) remu    s6, a7, ra
core   0: 3 0x80008206 (0x0218fb33) x22 0x00000008
core   0: 0x8000820a (0xf9afc203) lbu     tp, -102(t6)
core   0: 3 0x8000820a (0xf9afc203) x4  0x00000008 mem 0x8001629b
core   0: 0x8000820e (0x00005479) c.li    s0, -2
core   0: 3 0x8000820e (0x5479) x8  0xfffffffe
core   0: 0x80008210 (0x00ad30b3) sltu    ra, s10, a0
core   0: 3 0x80008210 (0x00ad30b3) x1  0x00000001
core   0: 0x80008214 (0x00000001) c.nop
core   0: 3 0x80008214 (0x0001)
core   0: 0x80008216 (0x00008f8d) c.sub   a5, a1
core   0: 3 0x80008216 (0x8f8d) x15 0x8c7d8804
core   0: 0x80008218 (0x00005f59) c.li    t5, -10
core   0: 3 0x80008218 (0x5f59) x30 0xfffffff6
core   0: 0x8000821a (0x7c1a2913) slti    s2, s4, 1985
core   0: 3 0x8000821a (0x7c1a2913) x18 0x00000001
core   0: 0x8000821e (0x000081e9) c.srli  a1, 26
core   0: 3 0x8000821e (0x81e9) x11 0x0000003c
core   0: 0x80008220 (0x00001479) c.addi  s0, -2
core   0: 3 0x80008220 (0x1479) x8  0xfffffffc
core   0: 0x80008222 (0x3eae9497) auipc   s1, 0x3eae9
core   0: 3 0x80008222 (0x3eae9497) x9  0xbeaf1222
core   0: 0x80008226 (0xe9fcc213) xori    tp, s9, -353
core   0: 3 0x80008226 (0xe9fcc213) x4  0x0000013d
core   0: 0x8000822a (0x00008e25) c.xor   a2, s1
core   0: 3 0x8000822a (0x8e25) x12 0xbeaf1222
core   0: 0x8000822c (0x00004701) c.li    a4, 0
core   0: 3 0x8000822c (0x4701) x14 0x00000000
core   0: 0x8000822e (0x02678c33) mul     s8, a5, t1
core   0: 3 0x8000822e (0x02678c33) x24 0xe7701288
core   0: 0x80008232 (0x009dcb33) xor     s6, s11, s1
core   0: 3 0x80008232 (0x009dcb33) x22 0xbeaf12de
core   0: 0x80008236 (0x0000553d) c.li    a0, -17
core   0: 3 0x80008236 (0x553d) x10 0xffffffef
core   0: 0x80008238 (0x0173a0b3) slt     ra, t2, s7
core   0: 3 0x80008238 (0x0173a0b3) x1  0x00000000
core   0: 0x8000823c (0x00000001) c.nop
core   0: 3 0x8000823c (0x0001)
core   0: 0x8000823e (0x42469b97) auipc   s7, 0x42469
core   0: 3 0x8000823e (0x42469b97) x23 0xc247123e
core   0: 0x80008242 (0x33c8ce13) xori    t3, a7, 828
core   0: 3 0x80008242 (0x33c8ce13) x28 0x00000334
core   0: 0x80008246 (0x191bfb97) auipc   s7, 0x191bf
core   0: 3 0x80008246 (0x191bfb97) x23 0x991c7246
core   0: 0x8000824a (0x00001ffd) c.addi  t6, -1
core   0: 3 0x8000824a (0x1ffd) x31 0x80016300
core   0: 0x8000824c (0x0000989e) c.add   a7, t2
core   0: 3 0x8000824c (0x989e) x17 0xffffff98
core   0: 0x8000824e (0x00001779) c.addi  a4, -2
core   0: 3 0x8000824e (0x1779) x14 0xfffffffe
core   0: 0x80008250 (0x001b6033) or      zero, s6, ra
core   0: 3 0x80008250 (0x001b6033)
core   0: 0x80008254 (0x034238b3) mulhu   a7, tp, s4
core   0: 3 0x80008254 (0x034238b3) x17 0x0000009e
core   0: 0x80008258 (0xfea759e3) bge     a4, a0, pc - 14
core   0: 3 0x80008258 (0xfea759e3)
core   0: 0x8000824a (0x00001ffd) c.addi  t6, -1
core   0: 3 0x8000824a (0x1ffd) x31 0x800162ff
core   0: 0x8000824c (0x0000989e) c.add   a7, t2
core   0: 3 0x8000824c (0x989e) x17 0x0000002e
core   0: 0x8000824e (0x00001779) c.addi  a4, -2
core   0: 3 0x8000824e (0x1779) x14 0xfffffffc
core   0: 0x80008250 (0x001b6033) or      zero, s6, ra
core   0: 3 0x80008250 (0x001b6033)
core   0: 0x80008254 (0x034238b3) mulhu   a7, tp, s4
core   0: 3 0x80008254 (0x034238b3) x17 0x0000009e
core   0: 0x80008258 (0xfea759e3) bge     a4, a0, pc - 14
core   0: 3 0x80008258 (0xfea759e3)
core   0: 0x8000824a (0x00001ffd) c.addi  t6, -1
core   0: 3 0x8000824a (0x1ffd) x31 0x800162fe
core   0: 0x8000824c (0x0000989e) c.add   a7, t2
core   0: 3 0x8000824c (0x989e) x17 0x0000002e
core   0: 0x8000824e (0x00001779) c.addi  a4, -2
core   0: 3 0x8000824e (0x1779) x14 0xfffffffa
core   0: 0x80008250 (0x001b6033) or      zero, s6, ra
core   0: 3 0x80008250 (0x001b6033)
core   0: 0x80008254 (0x034238b3) mulhu   a7, tp, s4
core   0: 3 0x80008254 (0x034238b3) x17 0x0000009e
core   0: 0x80008258 (0xfea759e3) bge     a4, a0, pc - 14
core   0: 3 0x80008258 (0xfea759e3)
core   0: 0x8000824a (0x00001ffd) c.addi  t6, -1
core   0: 3 0x8000824a (0x1ffd) x31 0x800162fd
core   0: 0x8000824c (0x0000989e) c.add   a7, t2
core   0: 3 0x8000824c (0x989e) x17 0x0000002e
core   0: 0x8000824e (0x00001779) c.addi  a4, -2
core   0: 3 0x8000824e (0x1779) x14 0xfffffff8
core   0: 0x80008250 (0x001b6033) or      zero, s6, ra
core   0: 3 0x80008250 (0x001b6033)
core   0: 0x80008254 (0x034238b3) mulhu   a7, tp, s4
core   0: 3 0x80008254 (0x034238b3) x17 0x0000009e
core   0: 0x80008258 (0xfea759e3) bge     a4, a0, pc - 14
core   0: 3 0x80008258 (0xfea759e3)
core   0: 0x8000824a (0x00001ffd) c.addi  t6, -1
core   0: 3 0x8000824a (0x1ffd) x31 0x800162fc
core   0: 0x8000824c (0x0000989e) c.add   a7, t2
core   0: 3 0x8000824c (0x989e) x17 0x0000002e
core   0: 0x8000824e (0x00001779) c.addi  a4, -2
core   0: 3 0x8000824e (0x1779) x14 0xfffffff6
core   0: 0x80008250 (0x001b6033) or      zero, s6, ra
core   0: 3 0x80008250 (0x001b6033)
core   0: 0x80008254 (0x034238b3) mulhu   a7, tp, s4
core   0: 3 0x80008254 (0x034238b3) x17 0x0000009e
core   0: 0x80008258 (0xfea759e3) bge     a4, a0, pc - 14
core   0: 3 0x80008258 (0xfea759e3)
core   0: 0x8000824a (0x00001ffd) c.addi  t6, -1
core   0: 3 0x8000824a (0x1ffd) x31 0x800162fb
core   0: 0x8000824c (0x0000989e) c.add   a7, t2
core   0: 3 0x8000824c (0x989e) x17 0x0000002e
core   0: 0x8000824e (0x00001779) c.addi  a4, -2
core   0: 3 0x8000824e (0x1779) x14 0xfffffff4
core   0: 0x80008250 (0x001b6033) or      zero, s6, ra
core   0: 3 0x80008250 (0x001b6033)
core   0: 0x80008254 (0x034238b3) mulhu   a7, tp, s4
core   0: 3 0x80008254 (0x034238b3) x17 0x0000009e
core   0: 0x80008258 (0xfea759e3) bge     a4, a0, pc - 14
core   0: 3 0x80008258 (0xfea759e3)
core   0: 0x8000824a (0x00001ffd) c.addi  t6, -1
core   0: 3 0x8000824a (0x1ffd) x31 0x800162fa
core   0: 0x8000824c (0x0000989e) c.add   a7, t2
core   0: 3 0x8000824c (0x989e) x17 0x0000002e
core   0: 0x8000824e (0x00001779) c.addi  a4, -2
core   0: 3 0x8000824e (0x1779) x14 0xfffffff2
core   0: 0x80008250 (0x001b6033) or      zero, s6, ra
core   0: 3 0x80008250 (0x001b6033)
core   0: 0x80008254 (0x034238b3) mulhu   a7, tp, s4
core   0: 3 0x80008254 (0x034238b3) x17 0x0000009e
core   0: 0x80008258 (0xfea759e3) bge     a4, a0, pc - 14
core   0: 3 0x80008258 (0xfea759e3)
core   0: 0x8000824a (0x00001ffd) c.addi  t6, -1
core   0: 3 0x8000824a (0x1ffd) x31 0x800162f9
core   0: 0x8000824c (0x0000989e) c.add   a7, t2
core   0: 3 0x8000824c (0x989e) x17 0x0000002e
core   0: 0x8000824e (0x00001779) c.addi  a4, -2
core   0: 3 0x8000824e (0x1779) x14 0xfffffff0
core   0: 0x80008250 (0x001b6033) or      zero, s6, ra
core   0: 3 0x80008250 (0x001b6033)
core   0: 0x80008254 (0x034238b3) mulhu   a7, tp, s4
core   0: 3 0x80008254 (0x034238b3) x17 0x0000009e
core   0: 0x80008258 (0xfea759e3) bge     a4, a0, pc - 14
core   0: 3 0x80008258 (0xfea759e3)
core   0: 0x8000824a (0x00001ffd) c.addi  t6, -1
core   0: 3 0x8000824a (0x1ffd) x31 0x800162f8
core   0: 0x8000824c (0x0000989e) c.add   a7, t2
core   0: 3 0x8000824c (0x989e) x17 0x0000002e
core   0: 0x8000824e (0x00001779) c.addi  a4, -2
core   0: 3 0x8000824e (0x1779) x14 0xffffffee
core   0: 0x80008250 (0x001b6033) or      zero, s6, ra
core   0: 3 0x80008250 (0x001b6033)
core   0: 0x80008254 (0x034238b3) mulhu   a7, tp, s4
core   0: 3 0x80008254 (0x034238b3) x17 0x0000009e
core   0: 0x80008258 (0xfea759e3) bge     a4, a0, pc - 14
core   0: 3 0x80008258 (0xfea759e3)
core   0: 0x8000825c (0x000003b2) c.slli  t2, 12
core   0: 3 0x8000825c (0x03b2) x7  0xfff90000
core   0: 0x8000825e (0x00008fe9) c.and   a5, a0
core   0: 3 0x8000825e (0x8fe9) x15 0x8c7d8804
core   0: 0x80008260 (0xfbe41de3) bne     s0, t5, pc - 70
core   0: 3 0x80008260 (0xfbe41de3)
core   0: 0x8000821a (0x7c1a2913) slti    s2, s4, 1985
core   0: 3 0x8000821a (0x7c1a2913) x18 0x00000001
core   0: 0x8000821e (0x000081e9) c.srli  a1, 26
core   0: 3 0x8000821e (0x81e9) x11 0x00000000
core   0: 0x80008220 (0x00001479) c.addi  s0, -2
core   0: 3 0x80008220 (0x1479) x8  0xfffffffa
core   0: 0x80008222 (0x3eae9497) auipc   s1, 0x3eae9
core   0: 3 0x80008222 (0x3eae9497) x9  0xbeaf1222
core   0: 0x80008226 (0xe9fcc213) xori    tp, s9, -353
core   0: 3 0x80008226 (0xe9fcc213) x4  0x0000013d
core   0: 0x8000822a (0x00008e25) c.xor   a2, s1
core   0: 3 0x8000822a (0x8e25) x12 0x00000000
core   0: 0x8000822c (0x00004701) c.li    a4, 0
core   0: 3 0x8000822c (0x4701) x14 0x00000000
core   0: 0x8000822e (0x02678c33) mul     s8, a5, t1
core   0: 3 0x8000822e (0x02678c33) x24 0xe7701288
core   0: 0x80008232 (0x009dcb33) xor     s6, s11, s1
core   0: 3 0x80008232 (0x009dcb33) x22 0xbeaf12de
core   0: 0x80008236 (0x0000553d) c.li    a0, -17
core   0: 3 0x80008236 (0x553d) x10 0xffffffef
core   0: 0x80008238 (0x0173a0b3) slt     ra, t2, s7
core   0: 3 0x80008238 (0x0173a0b3) x1  0x00000000
core   0: 0x8000823c (0x00000001) c.nop
core   0: 3 0x8000823c (0x0001)
core   0: 0x8000823e (0x42469b97) auipc   s7, 0x42469
core   0: 3 0x8000823e (0x42469b97) x23 0xc247123e
core   0: 0x80008242 (0x33c8ce13) xori    t3, a7, 828
core   0: 3 0x80008242 (0x33c8ce13) x28 0x000003a2
core   0: 0x80008246 (0x191bfb97) auipc   s7, 0x191bf
core   0: 3 0x80008246 (0x191bfb97) x23 0x991c7246
core   0: 0x8000824a (0x00001ffd) c.addi  t6, -1
core   0: 3 0x8000824a (0x1ffd) x31 0x800162f7
core   0: 0x8000824c (0x0000989e) c.add   a7, t2
core   0: 3 0x8000824c (0x989e) x17 0xfff9009e
core   0: 0x8000824e (0x00001779) c.addi  a4, -2
core   0: 3 0x8000824e (0x1779) x14 0xfffffffe
core   0: 0x80008250 (0x001b6033) or      zero, s6, ra
core   0: 3 0x80008250 (0x001b6033)
core   0: 0x80008254 (0x034238b3) mulhu   a7, tp, s4
core   0: 3 0x80008254 (0x034238b3) x17 0x0000009e
core   0: 0x80008258 (0xfea759e3) bge     a4, a0, pc - 14
core   0: 3 0x80008258 (0xfea759e3)
core   0: 0x8000824a (0x00001ffd) c.addi  t6, -1
core   0: 3 0x8000824a (0x1ffd) x31 0x800162f6
core   0: 0x8000824c (0x0000989e) c.add   a7, t2
core   0: 3 0x8000824c (0x989e) x17 0xfff9009e
core   0: 0x8000824e (0x00001779) c.addi  a4, -2
core   0: 3 0x8000824e (0x1779) x14 0xfffffffc
core   0: 0x80008250 (0x001b6033) or      zero, s6, ra
core   0: 3 0x80008250 (0x001b6033)
core   0: 0x80008254 (0x034238b3) mulhu   a7, tp, s4
core   0: 3 0x80008254 (0x034238b3) x17 0x0000009e
core   0: 0x80008258 (0xfea759e3) bge     a4, a0, pc - 14
core   0: 3 0x80008258 (0xfea759e3)
core   0: 0x8000824a (0x00001ffd) c.addi  t6, -1
core   0: 3 0x8000824a (0x1ffd) x31 0x800162f5
core   0: 0x8000824c (0x0000989e) c.add   a7, t2
core   0: 3 0x8000824c (0x989e) x17 0xfff9009e
core   0: 0x8000824e (0x00001779) c.addi  a4, -2
core   0: 3 0x8000824e (0x1779) x14 0xfffffffa
core   0: 0x80008250 (0x001b6033) or      zero, s6, ra
core   0: 3 0x80008250 (0x001b6033)
core   0: 0x80008254 (0x034238b3) mulhu   a7, tp, s4
core   0: 3 0x80008254 (0x034238b3) x17 0x0000009e
core   0: 0x80008258 (0xfea759e3) bge     a4, a0, pc - 14
core   0: 3 0x80008258 (0xfea759e3)
core   0: 0x8000824a (0x00001ffd) c.addi  t6, -1
core   0: 3 0x8000824a (0x1ffd) x31 0x800162f4
core   0: 0x8000824c (0x0000989e) c.add   a7, t2
core   0: 3 0x8000824c (0x989e) x17 0xfff9009e
core   0: 0x8000824e (0x00001779) c.addi  a4, -2
core   0: 3 0x8000824e (0x1779) x14 0xfffffff8
core   0: 0x80008250 (0x001b6033) or      zero, s6, ra
core   0: 3 0x80008250 (0x001b6033)
core   0: 0x80008254 (0x034238b3) mulhu   a7, tp, s4
core   0: 3 0x80008254 (0x034238b3) x17 0x0000009e
core   0: 0x80008258 (0xfea759e3) bge     a4, a0, pc - 14
core   0: 3 0x80008258 (0xfea759e3)
core   0: 0x8000824a (0x00001ffd) c.addi  t6, -1
core   0: 3 0x8000824a (0x1ffd) x31 0x800162f3
core   0: 0x8000824c (0x0000989e) c.add   a7, t2
core   0: 3 0x8000824c (0x989e) x17 0xfff9009e
core   0: 0x8000824e (0x00001779) c.addi  a4, -2
core   0: 3 0x8000824e (0x1779) x14 0xfffffff6
core   0: 0x80008250 (0x001b6033) or      zero, s6, ra
core   0: 3 0x80008250 (0x001b6033)
core   0: 0x80008254 (0x034238b3) mulhu   a7, tp, s4
core   0: 3 0x80008254 (0x034238b3) x17 0x0000009e
core   0: 0x80008258 (0xfea759e3) bge     a4, a0, pc - 14
core   0: 3 0x80008258 (0xfea759e3)
core   0: 0x8000824a (0x00001ffd) c.addi  t6, -1
core   0: 3 0x8000824a (0x1ffd) x31 0x800162f2
core   0: 0x8000824c (0x0000989e) c.add   a7, t2
core   0: 3 0x8000824c (0x989e) x17 0xfff9009e
core   0: 0x8000824e (0x00001779) c.addi  a4, -2
core   0: 3 0x8000824e (0x1779) x14 0xfffffff4
core   0: 0x80008250 (0x001b6033) or      zero, s6, ra
core   0: 3 0x80008250 (0x001b6033)
core   0: 0x80008254 (0x034238b3) mulhu   a7, tp, s4
core   0: 3 0x80008254 (0x034238b3) x17 0x0000009e
core   0: 0x80008258 (0xfea759e3) bge     a4, a0, pc - 14
core   0: 3 0x80008258 (0xfea759e3)
core   0: 0x8000824a (0x00001ffd) c.addi  t6, -1
core   0: 3 0x8000824a (0x1ffd) x31 0x800162f1
core   0: 0x8000824c (0x0000989e) c.add   a7, t2
core   0: 3 0x8000824c (0x989e) x17 0xfff9009e
core   0: 0x8000824e (0x00001779) c.addi  a4, -2
core   0: 3 0x8000824e (0x1779) x14 0xfffffff2
core   0: 0x80008250 (0x001b6033) or      zero, s6, ra
core   0: 3 0x80008250 (0x001b6033)
core   0: 0x80008254 (0x034238b3) mulhu   a7, tp, s4
core   0: 3 0x80008254 (0x034238b3) x17 0x0000009e
core   0: 0x80008258 (0xfea759e3) bge     a4, a0, pc - 14
core   0: 3 0x80008258 (0xfea759e3)
core   0: 0x8000824a (0x00001ffd) c.addi  t6, -1
core   0: 3 0x8000824a (0x1ffd) x31 0x800162f0
core   0: 0x8000824c (0x0000989e) c.add   a7, t2
core   0: 3 0x8000824c (0x989e) x17 0xfff9009e
core   0: 0x8000824e (0x00001779) c.addi  a4, -2
core   0: 3 0x8000824e (0x1779) x14 0xfffffff0
core   0: 0x80008250 (0x001b6033) or      zero, s6, ra
core   0: 3 0x80008250 (0x001b6033)
core   0: 0x80008254 (0x034238b3) mulhu   a7, tp, s4
core   0: 3 0x80008254 (0x034238b3) x17 0x0000009e
core   0: 0x80008258 (0xfea759e3) bge     a4, a0, pc - 14
core   0: 3 0x80008258 (0xfea759e3)
core   0: 0x8000824a (0x00001ffd) c.addi  t6, -1
core   0: 3 0x8000824a (0x1ffd) x31 0x800162ef
core   0: 0x8000824c (0x0000989e) c.add   a7, t2
core   0: 3 0x8000824c (0x989e) x17 0xfff9009e
core   0: 0x8000824e (0x00001779) c.addi  a4, -2
core   0: 3 0x8000824e (0x1779) x14 0xffffffee
core   0: 0x80008250 (0x001b6033) or      zero, s6, ra
core   0: 3 0x80008250 (0x001b6033)
core   0: 0x80008254 (0x034238b3) mulhu   a7, tp, s4
core   0: 3 0x80008254 (0x034238b3) x17 0x0000009e
core   0: 0x80008258 (0xfea759e3) bge     a4, a0, pc - 14
core   0: 3 0x80008258 (0xfea759e3)
core   0: 0x8000825c (0x000003b2) c.slli  t2, 12
core   0: 3 0x8000825c (0x03b2) x7  0x90000000
core   0: 0x8000825e (0x00008fe9) c.and   a5, a0
core   0: 3 0x8000825e (0x8fe9) x15 0x8c7d8804
core   0: 0x80008260 (0xfbe41de3) bne     s0, t5, pc - 70
core   0: 3 0x80008260 (0xfbe41de3)
core   0: 0x8000821a (0x7c1a2913) slti    s2, s4, 1985
core   0: 3 0x8000821a (0x7c1a2913) x18 0x00000001
core   0: 0x8000821e (0x000081e9) c.srli  a1, 26
core   0: 3 0x8000821e (0x81e9) x11 0x00000000
core   0: 0x80008220 (0x00001479) c.addi  s0, -2
core   0: 3 0x80008220 (0x1479) x8  0xfffffff8
core   0: 0x80008222 (0x3eae9497) auipc   s1, 0x3eae9
core   0: 3 0x80008222 (0x3eae9497) x9  0xbeaf1222
core   0: 0x80008226 (0xe9fcc213) xori    tp, s9, -353
core   0: 3 0x80008226 (0xe9fcc213) x4  0x0000013d
core   0: 0x8000822a (0x00008e25) c.xor   a2, s1
core   0: 3 0x8000822a (0x8e25) x12 0xbeaf1222
core   0: 0x8000822c (0x00004701) c.li    a4, 0
core   0: 3 0x8000822c (0x4701) x14 0x00000000
core   0: 0x8000822e (0x02678c33) mul     s8, a5, t1
core   0: 3 0x8000822e (0x02678c33) x24 0xe7701288
core   0: 0x80008232 (0x009dcb33) xor     s6, s11, s1
core   0: 3 0x80008232 (0x009dcb33) x22 0xbeaf12de
core   0: 0x80008236 (0x0000553d) c.li    a0, -17
core   0: 3 0x80008236 (0x553d) x10 0xffffffef
core   0: 0x80008238 (0x0173a0b3) slt     ra, t2, s7
core   0: 3 0x80008238 (0x0173a0b3) x1  0x00000001
core   0: 0x8000823c (0x00000001) c.nop
core   0: 3 0x8000823c (0x0001)
core   0: 0x8000823e (0x42469b97) auipc   s7, 0x42469
core   0: 3 0x8000823e (0x42469b97) x23 0xc247123e
core   0: 0x80008242 (0x33c8ce13) xori    t3, a7, 828
core   0: 3 0x80008242 (0x33c8ce13) x28 0x000003a2
core   0: 0x80008246 (0x191bfb97) auipc   s7, 0x191bf
core   0: 3 0x80008246 (0x191bfb97) x23 0x991c7246
core   0: 0x8000824a (0x00001ffd) c.addi  t6, -1
core   0: 3 0x8000824a (0x1ffd) x31 0x800162ee
core   0: 0x8000824c (0x0000989e) c.add   a7, t2
core   0: 3 0x8000824c (0x989e) x17 0x9000009e
core   0: 0x8000824e (0x00001779) c.addi  a4, -2
core   0: 3 0x8000824e (0x1779) x14 0xfffffffe
core   0: 0x80008250 (0x001b6033) or      zero, s6, ra
core   0: 3 0x80008250 (0x001b6033)
core   0: 0x80008254 (0x034238b3) mulhu   a7, tp, s4
core   0: 3 0x80008254 (0x034238b3) x17 0x0000009e
core   0: 0x80008258 (0xfea759e3) bge     a4, a0, pc - 14
core   0: 3 0x80008258 (0xfea759e3)
core   0: 0x8000824a (0x00001ffd) c.addi  t6, -1
core   0: 3 0x8000824a (0x1ffd) x31 0x800162ed
core   0: 0x8000824c (0x0000989e) c.add   a7, t2
core   0: 3 0x8000824c (0x989e) x17 0x9000009e
core   0: 0x8000824e (0x00001779) c.addi  a4, -2
core   0: 3 0x8000824e (0x1779) x14 0xfffffffc
core   0: 0x80008250 (0x001b6033) or      zero, s6, ra
core   0: 3 0x80008250 (0x001b6033)
core   0: 0x80008254 (0x034238b3) mulhu   a7, tp, s4
core   0: 3 0x80008254 (0x034238b3) x17 0x0000009e
core   0: 0x80008258 (0xfea759e3) bge     a4, a0, pc - 14
core   0: 3 0x80008258 (0xfea759e3)
core   0: 0x8000824a (0x00001ffd) c.addi  t6, -1
core   0: 3 0x8000824a (0x1ffd) x31 0x800162ec
core   0: 0x8000824c (0x0000989e) c.add   a7, t2
core   0: 3 0x8000824c (0x989e) x17 0x9000009e
core   0: 0x8000824e (0x00001779) c.addi  a4, -2
core   0: 3 0x8000824e (0x1779) x14 0xfffffffa
core   0: 0x80008250 (0x001b6033) or      zero, s6, ra
core   0: 3 0x80008250 (0x001b6033)
core   0: 0x80008254 (0x034238b3) mulhu   a7, tp, s4
core   0: 3 0x80008254 (0x034238b3) x17 0x0000009e
core   0: 0x80008258 (0xfea759e3) bge     a4, a0, pc - 14
core   0: 3 0x80008258 (0xfea759e3)
core   0: 0x8000824a (0x00001ffd) c.addi  t6, -1
core   0: 3 0x8000824a (0x1ffd) x31 0x800162eb
core   0: 0x8000824c (0x0000989e) c.add   a7, t2
core   0: 3 0x8000824c (0x989e) x17 0x9000009e
core   0: 0x8000824e (0x00001779) c.addi  a4, -2
core   0: 3 0x8000824e (0x1779) x14 0xfffffff8
core   0: 0x80008250 (0x001b6033) or      zero, s6, ra
core   0: 3 0x80008250 (0x001b6033)
core   0: 0x80008254 (0x034238b3) mulhu   a7, tp, s4
core   0: 3 0x80008254 (0x034238b3) x17 0x0000009e
core   0: 0x80008258 (0xfea759e3) bge     a4, a0, pc - 14
core   0: 3 0x80008258 (0xfea759e3)
core   0: 0x8000824a (0x00001ffd) c.addi  t6, -1
core   0: 3 0x8000824a (0x1ffd) x31 0x800162ea
core   0: 0x8000824c (0x0000989e) c.add   a7, t2
core   0: 3 0x8000824c (0x989e) x17 0x9000009e
core   0: 0x8000824e (0x00001779) c.addi  a4, -2
core   0: 3 0x8000824e (0x1779) x14 0xfffffff6
core   0: 0x80008250 (0x001b6033) or      zero, s6, ra
core   0: 3 0x80008250 (0x001b6033)
core   0: 0x80008254 (0x034238b3) mulhu   a7, tp, s4
core   0: 3 0x80008254 (0x034238b3) x17 0x0000009e
core   0: 0x80008258 (0xfea759e3) bge     a4, a0, pc - 14
core   0: 3 0x80008258 (0xfea759e3)
core   0: 0x8000824a (0x00001ffd) c.addi  t6, -1
core   0: 3 0x8000824a (0x1ffd) x31 0x800162e9
core   0: 0x8000824c (0x0000989e) c.add   a7, t2
core   0: 3 0x8000824c (0x989e) x17 0x9000009e
core   0: 0x8000824e (0x00001779) c.addi  a4, -2
core   0: 3 0x8000824e (0x1779) x14 0xfffffff4
core   0: 0x80008250 (0x001b6033) or      zero, s6, ra
core   0: 3 0x80008250 (0x001b6033)
core   0: 0x80008254 (0x034238b3) mulhu   a7, tp, s4
core   0: 3 0x80008254 (0x034238b3) x17 0x0000009e
core   0: 0x80008258 (0xfea759e3) bge     a4, a0, pc - 14
core   0: 3 0x80008258 (0xfea759e3)
core   0: 0x8000824a (0x00001ffd) c.addi  t6, -1
core   0: 3 0x8000824a (0x1ffd) x31 0x800162e8
core   0: 0x8000824c (0x0000989e) c.add   a7, t2
core   0: 3 0x8000824c (0x989e) x17 0x9000009e
core   0: 0x8000824e (0x00001779) c.addi  a4, -2
core   0: 3 0x8000824e (0x1779) x14 0xfffffff2
core   0: 0x80008250 (0x001b6033) or      zero, s6, ra
core   0: 3 0x80008250 (0x001b6033)
core   0: 0x80008254 (0x034238b3) mulhu   a7, tp, s4
core   0: 3 0x80008254 (0x034238b3) x17 0x0000009e
core   0: 0x80008258 (0xfea759e3) bge     a4, a0, pc - 14
core   0: 3 0x80008258 (0xfea759e3)
core   0: 0x8000824a (0x00001ffd) c.addi  t6, -1
core   0: 3 0x8000824a (0x1ffd) x31 0x800162e7
core   0: 0x8000824c (0x0000989e) c.add   a7, t2
core   0: 3 0x8000824c (0x989e) x17 0x9000009e
core   0: 0x8000824e (0x00001779) c.addi  a4, -2
core   0: 3 0x8000824e (0x1779) x14 0xfffffff0
core   0: 0x80008250 (0x001b6033) or      zero, s6, ra
core   0: 3 0x80008250 (0x001b6033)
core   0: 0x80008254 (0x034238b3) mulhu   a7, tp, s4
core   0: 3 0x80008254 (0x034238b3) x17 0x0000009e
core   0: 0x80008258 (0xfea759e3) bge     a4, a0, pc - 14
core   0: 3 0x80008258 (0xfea759e3)
core   0: 0x8000824a (0x00001ffd) c.addi  t6, -1
core   0: 3 0x8000824a (0x1ffd) x31 0x800162e6
core   0: 0x8000824c (0x0000989e) c.add   a7, t2
core   0: 3 0x8000824c (0x989e) x17 0x9000009e
core   0: 0x8000824e (0x00001779) c.addi  a4, -2
core   0: 3 0x8000824e (0x1779) x14 0xffffffee
core   0: 0x80008250 (0x001b6033) or      zero, s6, ra
core   0: 3 0x80008250 (0x001b6033)
core   0: 0x80008254 (0x034238b3) mulhu   a7, tp, s4
core   0: 3 0x80008254 (0x034238b3) x17 0x0000009e
core   0: 0x80008258 (0xfea759e3) bge     a4, a0, pc - 14
core   0: 3 0x80008258 (0xfea759e3)
core   0: 0x8000825c (0x000003b2) c.slli  t2, 12
core   0: 3 0x8000825c (0x03b2) x7  0x00000000
core   0: 0x8000825e (0x00008fe9) c.and   a5, a0
core   0: 3 0x8000825e (0x8fe9) x15 0x8c7d8804
core   0: 0x80008260 (0xfbe41de3) bne     s0, t5, pc - 70
core   0: 3 0x80008260 (0xfbe41de3)
core   0: 0x8000821a (0x7c1a2913) slti    s2, s4, 1985
core   0: 3 0x8000821a (0x7c1a2913) x18 0x00000001
core   0: 0x8000821e (0x000081e9) c.srli  a1, 26
core   0: 3 0x8000821e (0x81e9) x11 0x00000000
core   0: 0x80008220 (0x00001479) c.addi  s0, -2
core   0: 3 0x80008220 (0x1479) x8  0xfffffff6
core   0: 0x80008222 (0x3eae9497) auipc   s1, 0x3eae9
core   0: 3 0x80008222 (0x3eae9497) x9  0xbeaf1222
core   0: 0x80008226 (0xe9fcc213) xori    tp, s9, -353
core   0: 3 0x80008226 (0xe9fcc213) x4  0x0000013d
core   0: 0x8000822a (0x00008e25) c.xor   a2, s1
core   0: 3 0x8000822a (0x8e25) x12 0x00000000
core   0: 0x8000822c (0x00004701) c.li    a4, 0
core   0: 3 0x8000822c (0x4701) x14 0x00000000
core   0: 0x8000822e (0x02678c33) mul     s8, a5, t1
core   0: 3 0x8000822e (0x02678c33) x24 0xe7701288
core   0: 0x80008232 (0x009dcb33) xor     s6, s11, s1
core   0: 3 0x80008232 (0x009dcb33) x22 0xbeaf12de
core   0: 0x80008236 (0x0000553d) c.li    a0, -17
core   0: 3 0x80008236 (0x553d) x10 0xffffffef
core   0: 0x80008238 (0x0173a0b3) slt     ra, t2, s7
core   0: 3 0x80008238 (0x0173a0b3) x1  0x00000000
core   0: 0x8000823c (0x00000001) c.nop
core   0: 3 0x8000823c (0x0001)
core   0: 0x8000823e (0x42469b97) auipc   s7, 0x42469
core   0: 3 0x8000823e (0x42469b97) x23 0xc247123e
core   0: 0x80008242 (0x33c8ce13) xori    t3, a7, 828
core   0: 3 0x80008242 (0x33c8ce13) x28 0x000003a2
core   0: 0x80008246 (0x191bfb97) auipc   s7, 0x191bf
core   0: 3 0x80008246 (0x191bfb97) x23 0x991c7246
core   0: 0x8000824a (0x00001ffd) c.addi  t6, -1
core   0: 3 0x8000824a (0x1ffd) x31 0x800162e5
core   0: 0x8000824c (0x0000989e) c.add   a7, t2
core   0: 3 0x8000824c (0x989e) x17 0x0000009e
core   0: 0x8000824e (0x00001779) c.addi  a4, -2
core   0: 3 0x8000824e (0x1779) x14 0xfffffffe
core   0: 0x80008250 (0x001b6033) or      zero, s6, ra
core   0: 3 0x80008250 (0x001b6033)
core   0: 0x80008254 (0x034238b3) mulhu   a7, tp, s4
core   0: 3 0x80008254 (0x034238b3) x17 0x0000009e
core   0: 0x80008258 (0xfea759e3) bge     a4, a0, pc - 14
core   0: 3 0x80008258 (0xfea759e3)
core   0: 0x8000824a (0x00001ffd) c.addi  t6, -1
core   0: 3 0x8000824a (0x1ffd) x31 0x800162e4
core   0: 0x8000824c (0x0000989e) c.add   a7, t2
core   0: 3 0x8000824c (0x989e) x17 0x0000009e
core   0: 0x8000824e (0x00001779) c.addi  a4, -2
core   0: 3 0x8000824e (0x1779) x14 0xfffffffc
core   0: 0x80008250 (0x001b6033) or      zero, s6, ra
core   0: 3 0x80008250 (0x001b6033)
core   0: 0x80008254 (0x034238b3) mulhu   a7, tp, s4
core   0: 3 0x80008254 (0x034238b3) x17 0x0000009e
core   0: 0x80008258 (0xfea759e3) bge     a4, a0, pc - 14
core   0: 3 0x80008258 (0xfea759e3)
core   0: 0x8000824a (0x00001ffd) c.addi  t6, -1
core   0: 3 0x8000824a (0x1ffd) x31 0x800162e3
core   0: 0x8000824c (0x0000989e) c.add   a7, t2
core   0: 3 0x8000824c (0x989e) x17 0x0000009e
core   0: 0x8000824e (0x00001779) c.addi  a4, -2
core   0: 3 0x8000824e (0x1779) x14 0xfffffffa
core   0: 0x80008250 (0x001b6033) or      zero, s6, ra
core   0: 3 0x80008250 (0x001b6033)
core   0: 0x80008254 (0x034238b3) mulhu   a7, tp, s4
core   0: 3 0x80008254 (0x034238b3) x17 0x0000009e
core   0: 0x80008258 (0xfea759e3) bge     a4, a0, pc - 14
core   0: 3 0x80008258 (0xfea759e3)
core   0: 0x8000824a (0x00001ffd) c.addi  t6, -1
core   0: 3 0x8000824a (0x1ffd) x31 0x800162e2
core   0: 0x8000824c (0x0000989e) c.add   a7, t2
core   0: 3 0x8000824c (0x989e) x17 0x0000009e
core   0: 0x8000824e (0x00001779) c.addi  a4, -2
core   0: 3 0x8000824e (0x1779) x14 0xfffffff8
core   0: 0x80008250 (0x001b6033) or      zero, s6, ra
core   0: 3 0x80008250 (0x001b6033)
core   0: 0x80008254 (0x034238b3) mulhu   a7, tp, s4
core   0: 3 0x80008254 (0x034238b3) x17 0x0000009e
core   0: 0x80008258 (0xfea759e3) bge     a4, a0, pc - 14
core   0: 3 0x80008258 (0xfea759e3)
core   0: 0x8000824a (0x00001ffd) c.addi  t6, -1
core   0: 3 0x8000824a (0x1ffd) x31 0x800162e1
core   0: 0x8000824c (0x0000989e) c.add   a7, t2
core   0: 3 0x8000824c (0x989e) x17 0x0000009e
core   0: 0x8000824e (0x00001779) c.addi  a4, -2
core   0: 3 0x8000824e (0x1779) x14 0xfffffff6
core   0: 0x80008250 (0x001b6033) or      zero, s6, ra
core   0: 3 0x80008250 (0x001b6033)
core   0: 0x80008254 (0x034238b3) mulhu   a7, tp, s4
core   0: 3 0x80008254 (0x034238b3) x17 0x0000009e
core   0: 0x80008258 (0xfea759e3) bge     a4, a0, pc - 14
core   0: 3 0x80008258 (0xfea759e3)
core   0: 0x8000824a (0x00001ffd) c.addi  t6, -1
core   0: 3 0x8000824a (0x1ffd) x31 0x800162e0
core   0: 0x8000824c (0x0000989e) c.add   a7, t2
core   0: 3 0x8000824c (0x989e) x17 0x0000009e
core   0: 0x8000824e (0x00001779) c.addi  a4, -2
core   0: 3 0x8000824e (0x1779) x14 0xfffffff4
core   0: 0x80008250 (0x001b6033) or      zero, s6, ra
core   0: 3 0x80008250 (0x001b6033)
core   0: 0x80008254 (0x034238b3) mulhu   a7, tp, s4
core   0: 3 0x80008254 (0x034238b3) x17 0x0000009e
core   0: 0x80008258 (0xfea759e3) bge     a4, a0, pc - 14
core   0: 3 0x80008258 (0xfea759e3)
core   0: 0x8000824a (0x00001ffd) c.addi  t6, -1
core   0: 3 0x8000824a (0x1ffd) x31 0x800162df
core   0: 0x8000824c (0x0000989e) c.add   a7, t2
core   0: 3 0x8000824c (0x989e) x17 0x0000009e
core   0: 0x8000824e (0x00001779) c.addi  a4, -2
core   0: 3 0x8000824e (0x1779) x14 0xfffffff2
core   0: 0x80008250 (0x001b6033) or      zero, s6, ra
core   0: 3 0x80008250 (0x001b6033)
core   0: 0x80008254 (0x034238b3) mulhu   a7, tp, s4
core   0: 3 0x80008254 (0x034238b3) x17 0x0000009e
core   0: 0x80008258 (0xfea759e3) bge     a4, a0, pc - 14
core   0: 3 0x80008258 (0xfea759e3)
core   0: 0x8000824a (0x00001ffd) c.addi  t6, -1
core   0: 3 0x8000824a (0x1ffd) x31 0x800162de
core   0: 0x8000824c (0x0000989e) c.add   a7, t2
core   0: 3 0x8000824c (0x989e) x17 0x0000009e
core   0: 0x8000824e (0x00001779) c.addi  a4, -2
core   0: 3 0x8000824e (0x1779) x14 0xfffffff0
core   0: 0x80008250 (0x001b6033) or      zero, s6, ra
core   0: 3 0x80008250 (0x001b6033)
core   0: 0x80008254 (0x034238b3) mulhu   a7, tp, s4
core   0: 3 0x80008254 (0x034238b3) x17 0x0000009e
core   0: 0x80008258 (0xfea759e3) bge     a4, a0, pc - 14
core   0: 3 0x80008258 (0xfea759e3)
core   0: 0x8000824a (0x00001ffd) c.addi  t6, -1
core   0: 3 0x8000824a (0x1ffd) x31 0x800162dd
core   0: 0x8000824c (0x0000989e) c.add   a7, t2
core   0: 3 0x8000824c (0x989e) x17 0x0000009e
core   0: 0x8000824e (0x00001779) c.addi  a4, -2
core   0: 3 0x8000824e (0x1779) x14 0xffffffee
core   0: 0x80008250 (0x001b6033) or      zero, s6, ra
core   0: 3 0x80008250 (0x001b6033)
core   0: 0x80008254 (0x034238b3) mulhu   a7, tp, s4
core   0: 3 0x80008254 (0x034238b3) x17 0x0000009e
core   0: 0x80008258 (0xfea759e3) bge     a4, a0, pc - 14
core   0: 3 0x80008258 (0xfea759e3)
core   0: 0x8000825c (0x000003b2) c.slli  t2, 12
core   0: 3 0x8000825c (0x03b2) x7  0x00000000
core   0: 0x8000825e (0x00008fe9) c.and   a5, a0
core   0: 3 0x8000825e (0x8fe9) x15 0x8c7d8804
core   0: 0x80008260 (0xfbe41de3) bne     s0, t5, pc - 70
core   0: 3 0x80008260 (0xfbe41de3)
core   0: 0x80008264 (0x01a9c933) xor     s2, s3, s10
core   0: 3 0x80008264 (0x01a9c933) x18 0x00018561
core   0: 0x80008268 (0x00008b17) auipc   s6, 0x8
core   0: 3 0x80008268 (0x00008b17) x22 0x80010268
core   0: 0x8000826c (0x49db0b13) addi    s6, s6, 1181
core   0: 3 0x8000826c (0x49db0b13) x22 0x80010705
core   0: 0x80008270 (0x00f2b2b3) sltu    t0, t0, a5
core   0: 3 0x80008270 (0x00f2b2b3) x5  0x00000001
core   0: 0x80008274 (0x00000001) c.nop
core   0: 3 0x80008274 (0x0001)
core   0: 0x80008276 (0xfe6b18a3) sh      t1, -15(s6)
core   0: 3 0x80008276 (0xfe6b18a3) mem 0x800106f6 0x00a2
core   0: 0x8000827a (0x0012c333) xor     t1, t0, ra
core   0: 3 0x8000827a (0x0012c333) x6  0x00000001
core   0: 0x8000827e (0x02f7c0b3) div     ra, a5, a5
core   0: 3 0x8000827e (0x02f7c0b3) x1  0x00000001
core   0: 0x80008282 (0x41035313) srai    t1, t1, 16
core   0: 3 0x80008282 (0x41035313) x6  0x00000000
core   0: 0x80008286 (0x00008fd9) c.or    a5, a4
core   0: 3 0x80008286 (0x8fd9) x15 0xffffffee
core   0: 0x80008288 (0x00008f1d) c.sub   a4, a5
core   0: 3 0x80008288 (0x8f1d) x14 0x00000000
core   0: 0x8000828a (0x030760b3) rem     ra, a4, a6
core   0: 3 0x8000828a (0x030760b3) x1  0x00000000
core   0: 0x8000828e (0x008b0783) lb      a5, 8(s6)
core   0: 3 0x8000828e (0x008b0783) x15 0xffffffc6 mem 0x8001070d
core   0: 0x80008292 (0xfefb0ba3) sb      a5, -9(s6)
core   0: 3 0x80008292 (0xfefb0ba3) mem 0x800106fc 0xc6
core   0: 0x80008296 (0x00000001) c.nop
core   0: 3 0x80008296 (0x0001)
core   0: 0x80008298 (0x40128333) sub     t1, t0, ra
core   0: 3 0x80008298 (0x40128333) x6  0x00000001
core   0: 0x8000829c (0x0000537d) c.li    t1, -1
core   0: 3 0x8000829c (0x537d) x6  0xffffffff
core   0: 0x8000829e (0xca97c813) xori    a6, a5, -855
core   0: 3 0x8000829e (0xca97c813) x16 0x0000036f
core   0: 0x800082a2 (0xfffb4703) lbu     a4, -1(s6)
core   0: 3 0x800082a2 (0xfffb4703) x14 0x000000bf mem 0x80010704
core   0: 0x800082a6 (0x02183833) mulhu   a6, a6, ra
core   0: 3 0x800082a6 (0x02183833) x16 0x00000000
core   0: 0x800082aa (0x02f862b3) rem     t0, a6, a5
core   0: 3 0x800082aa (0x02f862b3) x5  0x00000000
core   0: 0x800082ae (0x000b0703) lb      a4, 0(s6)
core   0: 3 0x800082ae (0x000b0703) x14 0xffffffff mem 0x80010705
core   0: 0x800082b2 (0x0210a0b3) mulhsu  ra, ra, ra
core   0: 3 0x800082b2 (0x0210a0b3) x1  0x00000000
core   0: 0x800082b6 (0x00009796) c.add   a5, t0
core   0: 3 0x800082b6 (0x9796) x15 0xffffffc6
core   0: 0x800082b8 (0x02e0b733) mulhu   a4, ra, a4
core   0: 3 0x800082b8 (0x02e0b733) x14 0x00000000
core   0: 0x800082bc (0x006b21a3) sw      t1, 3(s6)
core   0: 3 0x800082bc (0x006b21a3) mem 0x80010708 0xffffffff
core   0: 0x800082c0 (0x03076733) rem     a4, a4, a6
core   0: 3 0x800082c0 (0x03076733) x14 0x00000000
core   0: 0x800082c4 (0xff5b0803) lb      a6, -11(s6)
core   0: 3 0x800082c4 (0xff5b0803) x16 0xffffffb1 mem 0x800106fa
core   0: 0x800082c8 (0xff0b0f23) sb      a6, -2(s6)
core   0: 3 0x800082c8 (0xff0b0f23) mem 0x80010703 0xb1
core   0: 0x800082cc (0x00008f39) c.xor   a4, a4
core   0: 3 0x800082cc (0x8f39) x14 0x00000000
core   0: 0x800082ce (0x0062b833) sltu    a6, t0, t1
core   0: 3 0x800082ce (0x0062b833) x16 0x00000001
core   0: 0x800082d2 (0xff7b4783) lbu     a5, -9(s6)
core   0: 3 0x800082d2 (0xff7b4783) x15 0x000000c6 mem 0x800106fc
core   0: 0x800082d6 (0x4107d7b3) sra     a5, a5, a6
core   0: 3 0x800082d6 (0x4107d7b3) x15 0x00000063
core   0: 0x800082da (0x007b1783) lh      a5, 7(s6)
core   0: 3 0x800082da (0x007b1783) x15 0xffffc6c7 mem 0x8001070c
core   0: 0x800082de (0x00008b05) c.andi  a4, 1
core   0: 3 0x800082de (0x8b05) x14 0x00000000
core   0: 0x800082e0 (0x1aeda097) auipc   ra, 0x1aeda
core   0: 3 0x800082e0 (0x1aeda097) x1  0x9aee22e0
core   0: 0x800082e4 (0x41085813) srai    a6, a6, 16
core   0: 3 0x800082e4 (0x41085813) x16 0x00000000
core   0: 0x800082e8 (0x02534833) div     a6, t1, t0
core   0: 3 0x800082e8 (0x02534833) x16 0xffffffff
core   0: 0x800082ec (0x000083d5) c.srli  a5, 21
core   0: 3 0x800082ec (0x83d5) x15 0x000007ff
core   0: 0x800082ee (0xfe5b2ba3) sw      t0, -9(s6)
core   0: 3 0x800082ee (0xfe5b2ba3) mem 0x800106fc 0x00000000
core   0: 0x800082f2 (0x00004629) c.li    a2, 10
core   0: 3 0x800082f2 (0x4629) x12 0x0000000a
core   0: 0x800082f4 (0x4380b013) sltiu   zero, ra, 1080
core   0: 3 0x800082f4 (0x4380b013)
core   0: 0x800082f8 (0x40ec5bb3) sra     s7, s8, a4
core   0: 3 0x800082f8 (0x40ec5bb3) x23 0xe7701288
core   0: 0x800082fc (0x02dd03b3) mul     t2, s10, a3
core   0: 3 0x800082fc (0x02dd03b3) x7  0xffd6c3c8
core   0: 0x80008300 (0x00004ca9) c.li    s9, 10
core   0: 3 0x80008300 (0x4ca9) x25 0x0000000a
core   0: 0x80008302 (0xa7f1f7b7) lui     a5, 0xa7f1f
core   0: 3 0x80008302 (0xa7f1f7b7) x15 0xa7f1f000
core   0: 0x80008306 (0x000088f5) c.andi  s1, 29
core   0: 3 0x80008306 (0x88f5) x9  0x00000000
core   0: 0x80008308 (0x03c283b3) mul     t2, t0, t3
core   0: 3 0x80008308 (0x03c283b3) x7  0x00000000
core   0: 0x8000830c (0x00001665) c.addi  a2, -7
core   0: 3 0x8000830c (0x1665) x12 0x00000003
core   0: 0x8000830e (0x00008d61) c.and   a0, s0
core   0: 3 0x8000830e (0x8d61) x10 0xffffffe6
core   0: 0x80008310 (0x00008459) c.srai  s0, 22
core   0: 3 0x80008310 (0x8459) x8  0xffffffff
core   0: 0x80008312 (0x04d44b17) auipc   s6, 0x4d44
core   0: 3 0x80008312 (0x04d44b17) x22 0x84d4c312
core   0: 0x80008316 (0x00008eb9) c.xor   a3, a4
core   0: 3 0x80008316 (0x8eb9) x13 0xffffffae
core   0: 0x80008318 (0x0000847d) c.srai  s0, 31
core   0: 3 0x80008318 (0x847d) x8  0xffffffff
core   0: 0x8000831a (0xff9676e3) bgeu    a2, s9, pc - 20
core   0: 3 0x8000831a (0xff9676e3)
core   0: 0x8000831e (0x011ae233) or      tp, s5, a7
core   0: 3 0x8000831e (0x011ae233) x4  0x80029dbe
core   0: 0x80008322 (0x0000db97) auipc   s7, 0xd
core   0: 3 0x80008322 (0x0000db97) x23 0x80015322
core   0: 0x80008326 (0x416b8b93) addi    s7, s7, 1046
core   0: 3 0x80008326 (0x416b8b93) x23 0x80015738
core   0: 0x8000832a (0xff0ba083) lw      ra, -16(s7)
core   0: 3 0x8000832a (0xff0ba083) x1  0xe0e1e2e3 mem 0x80015728
core   0: 0x8000832e (0xff0bd783) lhu     a5, -16(s7)
core   0: 3 0x8000832e (0xff0bd783) x15 0x0000e2e3 mem 0x80015728
core   0: 0x80008332 (0xff0bd603) lhu     a2, -16(s7)
core   0: 3 0x80008332 (0xff0bd603) x12 0x0000e2e3 mem 0x80015728
core   0: 0x80008336 (0x00dbc183) lbu     gp, 13(s7)
core   0: 3 0x80008336 (0x00dbc183) x3  0x000000fe mem 0x80015745
core   0: 0x8000833a (0x00bb86a3) sb      a1, 13(s7)
core   0: 3 0x8000833a (0x00bb86a3) mem 0x80015745 0x00
core   0: 0x8000833e (0x009b86a3) sb      s1, 13(s7)
core   0: 3 0x8000833e (0x009b86a3) mem 0x80015745 0x00
core   0: 0x80008342 (0x01ab86a3) sb      s10, 13(s7)
core   0: 3 0x80008342 (0x01ab86a3) mem 0x80015745 0xbc
core   0: 0x80008346 (0x00dbc003) lbu     zero, 13(s7)
core   0: 3 0x80008346 (0x00dbc003) mem 0x80015745
core   0: 0x8000834a (0x00dbc483) lbu     s1, 13(s7)
core   0: 3 0x8000834a (0x00dbc483) x9  0x000000bc mem 0x80015745
core   0: 0x8000834e (0x006bd403) lhu     s0, 6(s7)
core   0: 3 0x8000834e (0x006bd403) x8  0x0000f4f5 mem 0x8001573e
core   0: 0x80008352 (0x00009506) c.add   a0, ra
core   0: 3 0x80008352 (0x9506) x10 0xe0e1e2c9
core   0: 0x80008354 (0x00b0c733) xor     a4, ra, a1
core   0: 3 0x80008354 (0x00b0c733) x14 0xe0e1e2e3
core   0: 0x80008358 (0x001bc883) lbu     a7, 1(s7)
core   0: 3 0x80008358 (0x001bc883) x17 0x000000f2 mem 0x80015739
core   0: 0x8000835c (0xff9b8883) lb      a7, -7(s7)
core   0: 3 0x8000835c (0xff9b8883) x17 0xffffffea mem 0x80015731
core   0: 0x80008360 (0x00000001) c.nop
core   0: 3 0x80008360 (0x0001)
core   0: 0x80008362 (0xff9b8603) lb      a2, -7(s7)
core   0: 3 0x80008362 (0xff9b8603) x12 0xffffffea mem 0x80015731
core   0: 0x80008366 (0x00ebcb03) lbu     s6, 14(s7)
core   0: 3 0x80008366 (0x00ebcb03) x22 0x000000fd mem 0x80015746
core   0: 0x8000836a (0x001b9723) sh      ra, 14(s7)
core   0: 3 0x8000836a (0x001b9723) mem 0x80015746 0xe2e3
core   0: 0x8000836e (0xfc947013) andi    zero, s0, -55
core   0: 3 0x8000836e (0xfc947013)
core   0: 0x80008372 (0x00eb8e03) lb      t3, 14(s7)
core   0: 3 0x80008372 (0x00eb8e03) x28 0xffffffe3 mem 0x80015746
core   0: 0x80008376 (0x03e71cb3) mulh    s9, a4, t5
core   0: 3 0x80008376 (0x03e71cb3) x25 0x00000001
core   0: 0x8000837a (0x00ebc803) lbu     a6, 14(s7)
core   0: 3 0x8000837a (0x00ebc803) x16 0x000000e3 mem 0x80015746
core   0: 0x8000837e (0x00008897) auipc   a7, 0x8
core   0: 3 0x8000837e (0x00008897) x17 0x8001037e
core   0: 0x80008382 (0x4c488893) addi    a7, a7, 1220
core   0: 3 0x80008382 (0x4c488893) x17 0x80010842
core   0: 0x80008386 (0x4d78cb03) lbu     s6, 1239(a7)
core   0: 3 0x80008386 (0x4d78cb03) x22 0x000000d2 mem 0x80010d19
core   0: 0x8000838a (0x28e88e23) sb      a4, 668(a7)
core   0: 3 0x8000838a (0x28e88e23) mem 0x80010ade 0xe3
core   0: 0x8000838e (0x29c88d03) lb      s10, 668(a7)
core   0: 3 0x8000838e (0x29c88d03) x26 0xffffffe3 mem 0x80010ade
core   0: 0x80008392 (0x29589e23) sh      s5, 668(a7)
core   0: 3 0x80008392 (0x29589e23) mem 0x80010ade 0x9d24
core   0: 0x80008396 (0xe2e61eb7) lui     t4, 0xe2e61
core   0: 3 0x80008396 (0xe2e61eb7) x29 0xe2e61000
core   0: 0x8000839a (0x29289e23) sh      s2, 668(a7)
core   0: 3 0x8000839a (0x29289e23) mem 0x80010ade 0x8561
core   0: 0x8000839e (0x3060a837) lui     a6, 0x3060a
core   0: 3 0x8000839e (0x3060a837) x16 0x3060a000
core   0: 0x800083a2 (0x5788d503) lhu     a0, 1400(a7)
core   0: 3 0x800083a2 (0x5788d503) x10 0x00007071 mem 0x80010dba
core   0: 0x800083a6 (0x56b89c23) sh      a1, 1400(a7)
core   0: 3 0x800083a6 (0x56b89c23) mem 0x80010dba 0x0000
core   0: 0x800083aa (0x9b889303) lh      t1, -1608(a7)
core   0: 3 0x800083aa (0x9b889303) x6  0xffffb0b1 mem 0x800101fa
core   0: 0x800083ae (0x9b888c23) sb      s8, -1608(a7)
core   0: 3 0x800083ae (0x9b888c23) mem 0x800101fa 0x88
core   0: 0x800083b2 (0x9b889383) lh      t2, -1608(a7)
core   0: 3 0x800083b2 (0x9b889383) x7  0xffffb088 mem 0x800101fa
core   0: 0x800083b6 (0x9b888003) lb      zero, -1608(a7)
core   0: 3 0x800083b6 (0x9b888003) mem 0x800101fa
core   0: 0x800083ba (0x9b488c23) sb      s4, -1608(a7)
core   0: 3 0x800083ba (0x9b488c23) mem 0x800101fa 0x14
core   0: 0x800083be (0x9b388c23) sb      s3, -1608(a7)
core   0: 3 0x800083be (0x9b388c23) mem 0x800101fa 0xdd
core   0: 0x800083c2 (0x00008f2d) c.xor   a4, a1
core   0: 3 0x800083c2 (0x8f2d) x14 0xe0e1e2e3
core   0: 0x800083c4 (0x33fb0e13) addi    t3, s6, 831
core   0: 3 0x800083c4 (0x33fb0e13) x28 0x00000411
core   0: 0x800083c8 (0x41880333) sub     t1, a6, s8
core   0: 3 0x800083c8 (0x41880333) x6  0x48f08d78
core   0: 0x800083cc (0x37089303) lh      t1, 880(a7)
core   0: 3 0x800083cc (0x37089303) x6  0x00006869 mem 0x80010bb2
core   0: 0x800083d0 (0x37089c83) lh      s9, 880(a7)
core   0: 3 0x800083d0 (0x37089c83) x25 0x00006869 mem 0x80010bb2
core   0: 0x800083d4 (0x3708c203) lbu     tp, 880(a7)
core   0: 3 0x800083d4 (0x3708c203) x4  0x00000069 mem 0x80010bb2
core   0: 0x800083d8 (0x37189823) sh      a7, 880(a7)
core   0: 3 0x800083d8 (0x37189823) mem 0x80010bb2 0x0842
core   0: 0x800083dc (0x36489823) sh      tp, 880(a7)
core   0: 3 0x800083dc (0x36489823) mem 0x80010bb2 0x0069
core   0: 0x800083e0 (0x0060036f) jal     t1, pc + 0x6
core   0: 3 0x800083e0 (0x0060036f) x6  0x800083e4
core   0: 0x800083e6 (0x0000a831) c.j     pc + 28
core   0: 3 0x800083e6 (0xa831)
core   0: 0x80008402 (0x000037f5) c.jal   pc - 20
core   0: 3 0x80008402 (0x37f5) x1  0x80008404
core   0: 0x800083ee (0x00002821) c.jal   pc + 24
core   0: 3 0x800083ee (0x2821) x1  0x800083f0
core   0: 0x80008406 (0xfffff0ef) jal     pc - 0x2
core   0: 3 0x80008406 (0xfffff0ef) x1  0x8000840a
core   0: 0x80008404 (0x0000a015) c.j     pc + 36
core   0: 3 0x80008404 (0xa015)
core   0: 0x80008428 (0x0000bf75) c.j     pc - 68
core   0: 3 0x80008428 (0xbf75)
core   0: 0x800083e4 (0x0000a099) c.j     pc + 70
core   0: 3 0x800083e4 (0xa099)
core   0: 0x8000842a (0xfd1ff0ef) jal     pc - 0x30
core   0: 3 0x8000842a (0xfd1ff0ef) x1  0x8000842e
core   0: 0x800083fa (0x00002011) c.jal   pc + 4
core   0: 3 0x800083fa (0x2011) x1  0x800083fc
core   0: 0x800083fe (0x000037ed) c.jal   pc - 22
core   0: 3 0x800083fe (0x37ed) x1  0x80008400
core   0: 0x800083e8 (0x00002021) c.jal   pc + 8
core   0: 3 0x800083e8 (0x2021) x1  0x800083ea
core   0: 0x800083f0 (0x026002ef) jal     t0, pc + 0x26
core   0: 3 0x800083f0 (0x026002ef) x5  0x800083f4
core   0: 0x80008416 (0x00002801) c.jal   pc + 16
core   0: 3 0x80008416 (0x2801) x1  0x80008418
core   0: 0x80008426 (0x0000bfcd) c.j     pc - 14
core   0: 3 0x80008426 (0xbfcd)
core   0: 0x80008418 (0x00003fed) c.jal   pc - 6
core   0: 3 0x80008418 (0x3fed) x1  0x8000841a
core   0: 0x80008412 (0x0100036f) jal     t1, pc + 0x10
core   0: 3 0x80008412 (0x0100036f) x6  0x80008416
core   0: 0x80008422 (0x0000a009) c.j     pc + 2
core   0: 3 0x80008422 (0xa009)
core   0: 0x80008424 (0x00003fdd) c.jal   pc - 10
core   0: 3 0x80008424 (0x3fdd) x1  0x80008426
core   0: 0x8000841a (0x0000b7dd) c.j     pc - 26
core   0: 3 0x8000841a (0xb7dd)
core   0: 0x80008400 (0x00002039) c.jal   pc + 14
core   0: 3 0x80008400 (0x2039) x1  0x80008402
core   0: 0x8000840e (0x012000ef) jal     pc + 0x12
core   0: 3 0x8000840e (0x012000ef) x1  0x80008412
core   0: 0x80008420 (0x0000bff5) c.j     pc - 4
core   0: 3 0x80008420 (0xbff5)
core   0: 0x8000841c (0xfe1ff0ef) jal     pc - 0x20
core   0: 3 0x8000841c (0xfe1ff0ef) x1  0x80008420
core   0: 0x800083fc (0x00002039) c.jal   pc + 14
core   0: 3 0x800083fc (0x2039) x1  0x800083fe
core   0: 0x8000840a (0xfe1ff4ef) jal     s1, pc - 0x20
core   0: 3 0x8000840a (0xfe1ff4ef) x9  0x8000840e
core   0: 0x800083ea (0x00a002ef) jal     t0, pc + 0xa
core   0: 3 0x800083ea (0x00a002ef) x5  0x800083ee
core   0: 0x800083f4 (0x004000ef) jal     pc + 0x4
core   0: 3 0x800083f4 (0x004000ef) x1  0x800083f8
core   0: 0x800083f8 (0x0000281d) c.jal   pc + 54
core   0: 3 0x800083f8 (0x281d) x1  0x800083fa
core   0: 0x8000842e (0x0000527d) c.li    tp, -1
core   0: 3 0x8000842e (0x527d) x4  0xffffffff
core   0: 0x80008430 (0x00004da9) c.li    s11, 10
core   0: 3 0x80008430 (0x4da9) x27 0x0000000a
core   0: 0x80008432 (0x000040a5) c.li    ra, 9
core   0: 3 0x80008432 (0x40a5) x1  0x00000009
core   0: 0x80008434 (0x00008776) c.mv    a4, t4
core   0: 3 0x80008434 (0x8776) x14 0xe2e61000
core   0: 0x80008436 (0x00001df9) c.addi  s11, -2
core   0: 3 0x80008436 (0x1df9) x27 0x00000008
core   0: 0x80008438 (0x00000e1a) c.slli  t3, 6
core   0: 3 0x80008438 (0x0e1a) x28 0x00010440
core   0: 0x8000843a (0x00004685) c.li    a3, 1
core   0: 3 0x8000843a (0x4685) x13 0x00000001
core   0: 0x8000843c (0x00dc64b3) or      s1, s8, a3
core   0: 3 0x8000843c (0x00dc64b3) x9  0xe7701289
core   0: 0x80008440 (0x00000001) c.nop
core   0: 3 0x80008440 (0x0001)
core   0: 0x80008442 (0x03adb633) mulhu   a2, s11, s10
core   0: 3 0x80008442 (0x03adb633) x12 0x00000007
core   0: 0x80008446 (0x00008e6d) c.and   a2, a1
core   0: 3 0x80008446 (0x8e6d) x12 0x00000000
core   0: 0x80008448 (0x000016fd) c.addi  a3, -1
core   0: 3 0x80008448 (0x16fd) x13 0x00000000
core   0: 0x8000844a (0x0000def5) c.beqz  a3, pc - 4
core   0: 3 0x8000844a (0xdef5)
core   0: 0x80008446 (0x00008e6d) c.and   a2, a1
core   0: 3 0x80008446 (0x8e6d) x12 0x00000000
core   0: 0x80008448 (0x000016fd) c.addi  a3, -1
core   0: 3 0x80008448 (0x16fd) x13 0xffffffff
core   0: 0x8000844a (0x0000def5) c.beqz  a3, pc - 4
core   0: 3 0x8000844a (0xdef5)
core   0: 0x8000844c (0x000085dd) c.srai  a1, 23
core   0: 3 0x8000844c (0x85dd) x11 0x00000000
core   0: 0x8000844e (0xfe1df3e3) bgeu    s11, ra, pc - 26
core   0: 3 0x8000844e (0xfe1df3e3)
core   0: 0x80008452 (0x40fa5713) srai    a4, s4, 15
core   0: 3 0x80008452 (0x40fa5713) x14 0xffff0004
core   0: 0x80008456 (0x00005c61) c.li    s8, -8
core   0: 3 0x80008456 (0x5c61) x24 0xfffffff8
core   0: 0x80008458 (0x000085fa) c.mv    a1, t5
core   0: 3 0x80008458 (0x85fa) x11 0xfffffff6
core   0: 0x8000845a (0x000056f5) c.li    a3, -3
core   0: 3 0x8000845a (0x56f5) x13 0xfffffffd
core   0: 0x8000845c (0x000081bd) c.srli  a1, 15
core   0: 3 0x8000845c (0x81bd) x11 0x0001ffff
core   0: 0x8000845e (0x0c777e93) andi    t4, a4, 199
core   0: 3 0x8000845e (0x0c777e93) x29 0x00000004
core   0: 0x80008462 (0x00008425) c.srai  s0, 9
core   0: 3 0x80008462 (0x8425) x8  0x0000007a
core   0: 0x80008464 (0x00000d88) c.addi4spn a0, sp, 720
core   0: 3 0x80008464 (0x0d88) x10 0xf38425b7
core   0: 0x80008466 (0x00000001) c.nop
core   0: 3 0x80008466 (0x0001)
core   0: 0x80008468 (0x00000c11) c.addi  s8, 4
core   0: 3 0x80008468 (0x0c11) x24 0xfffffffc
core   0: 0x8000846a (0x000063f9) c.lui   t2, 0x1e
core   0: 3 0x8000846a (0x63f9) x7  0x0001e000
core   0: 0x8000846c (0x001bd513) srli    a0, s7, 1
core   0: 3 0x8000846c (0x001bd513) x10 0x4000ab9c
core   0: 0x80008470 (0x00008f85) c.sub   a5, s1
core   0: 3 0x80008470 (0x8f85) x15 0x1890d05a
core   0: 0x80008472 (0x00e39793) slli    a5, t2, 14
core   0: 3 0x80008472 (0x00e39793) x15 0x78000000
core   0: 0x80008476 (0x03d93533) mulhu   a0, s2, t4
core   0: 3 0x80008476 (0x03d93533) x10 0x00000000
core   0: 0x8000847a (0xfedc45e3) blt     s8, a3, pc - 22
core   0: 3 0x8000847a (0xfedc45e3)
core   0: 0x80008464 (0x00000d88) c.addi4spn a0, sp, 720
core   0: 3 0x80008464 (0x0d88) x10 0xf38425b7
core   0: 0x80008466 (0x00000001) c.nop
core   0: 3 0x80008466 (0x0001)
core   0: 0x80008468 (0x00000c11) c.addi  s8, 4
core   0: 3 0x80008468 (0x0c11) x24 0x00000000
core   0: 0x8000846a (0x000063f9) c.lui   t2, 0x1e
core   0: 3 0x8000846a (0x63f9) x7  0x0001e000
core   0: 0x8000846c (0x001bd513) srli    a0, s7, 1
core   0: 3 0x8000846c (0x001bd513) x10 0x4000ab9c
core   0: 0x80008470 (0x00008f85) c.sub   a5, s1
core   0: 3 0x80008470 (0x8f85) x15 0x908fed77
core   0: 0x80008472 (0x00e39793) slli    a5, t2, 14
core   0: 3 0x80008472 (0x00e39793) x15 0x78000000
core   0: 0x80008476 (0x03d93533) mulhu   a0, s2, t4
core   0: 3 0x80008476 (0x03d93533) x10 0x00000000
core   0: 0x8000847a (0xfedc45e3) blt     s8, a3, pc - 22
core   0: 3 0x8000847a (0xfedc45e3)
core   0: 0x8000847e (0x02cd11b3) mulh    gp, s10, a2
core   0: 3 0x8000847e (0x02cd11b3) x3  0x00000000
core   0: 0x80008482 (0x001d6e33) or      t3, s10, ra
core   0: 3 0x80008482 (0x001d6e33) x28 0xffffffeb
core   0: 0x80008486 (0x0000ca0d) c.beqz  a2, pc + 50
core   0: 3 0x80008486 (0xca0d)
core   0: 0x800084b8 (0x036013b3) mulh    t2, zero, s6
core   0: 3 0x800084b8 (0x036013b3) x7  0x00000000
core   0: 0x800084bc (0x4acc4313) xori    t1, s8, 1196
core   0: 3 0x800084bc (0x4acc4313) x6  0x000004ac
core   0: 0x800084c0 (0x00008222) c.mv    tp, s0
core   0: 3 0x800084c0 (0x8222) x4  0x0000007a
core   0: 0x800084c2 (0x02169333) mulh    t1, a3, ra
core   0: 3 0x800084c2 (0x02169333) x6  0xffffffff
core   0: 0x800084c6 (0x05ec6d13) ori     s10, s8, 94
core   0: 3 0x800084c6 (0x05ec6d13) x26 0x0000005e
core   0: 0x800084ca (0x01b1be33) sltu    t3, gp, s11
core   0: 3 0x800084ca (0x01b1be33) x28 0x00000001
core   0: 0x800084ce (0x8394f813) andi    a6, s1, -1991
core   0: 3 0x800084ce (0x8394f813) x16 0xe7701009
core   0: 0x800084d2 (0x0000436d) c.li    t1, 27
core   0: 3 0x800084d2 (0x436d) x6  0x0000001b
core   0: 0x800084d4 (0x01ed2933) slt     s2, s10, t5
core   0: 3 0x800084d4 (0x01ed2933) x18 0x00000000
core   0: 0x800084d8 (0x010277b3) and     a5, tp, a6
core   0: 3 0x800084d8 (0x010277b3) x15 0x00000008
core   0: 0x800084dc (0x00000001) c.nop
core   0: 3 0x800084dc (0x0001)
core   0: 0x800084de (0x00000001) c.nop
core   0: 3 0x800084de (0x0001)
core   0: 0x800084e0 (0xd6574b93) xori    s7, a4, -667
core   0: 3 0x800084e0 (0xd6574b93) x23 0x0000fd61
core   0: 0x800084e4 (0x027e3d33) mulhu   s10, t3, t2
core   0: 3 0x800084e4 (0x027e3d33) x26 0x00000000
core   0: 0x800084e8 (0x02a1deb3) divu    t4, gp, a0
core   0: 3 0x800084e8 (0x02a1deb3) x29 0xffffffff
core   0: 0x800084ec (0x02268563) beq     a3, sp, pc + 42
core   0: 3 0x800084ec (0x02268563)
core   0: 0x800084f0 (0x00000001) c.nop
core   0: 3 0x800084f0 (0x0001)
core   0: 0x800084f2 (0x00d8e2b3) or      t0, a7, a3
core   0: 3 0x800084f2 (0x00d8e2b3) x5  0xffffffff
core   0: 0x800084f6 (0x4079d0b3) sra     ra, s3, t2
core   0: 3 0x800084f6 (0x4079d0b3) x1  0x800105dd
core   0: 0x800084fa (0x0164d963) bge     s1, s6, pc + 18
core   0: 3 0x800084fa (0x0164d963)
core   0: 0x800084fe (0x005541b3) xor     gp, a0, t0
core   0: 3 0x800084fe (0x005541b3) x3  0xffffffff
core   0: 0x80008502 (0x01736333) or      t1, t1, s7
core   0: 3 0x80008502 (0x01736333) x6  0x0000fd7b
core   0: 0x80008506 (0x611fa5b7) lui     a1, 0x611fa
core   0: 3 0x80008506 (0x611fa5b7) x11 0x611fa000
core   0: 0x8000850a (0x00000001) c.nop
core   0: 3 0x8000850a (0x0001)
core   0: 0x8000850c (0x00d8a933) slt     s2, a7, a3
core   0: 3 0x8000850c (0x00d8a933) x18 0x00000001
core   0: 0x80008510 (0x000018fd) c.addi  a7, -1
core   0: 3 0x80008510 (0x18fd) x17 0x80010841
core   0: 0x80008512 (0x015cdd63) bge     s9, s5, pc + 26
core   0: 3 0x80008512 (0x015cdd63)
core   0: 0x8000852c (0x00008b96) c.mv    s7, t0
core   0: 3 0x8000852c (0x8b96) x23 0xffffffff
core   0: 0x8000852e (0x59e76393) ori     t2, a4, 1438
core   0: 3 0x8000852e (0x59e76393) x7  0xffff059e
core   0: 0x80008532 (0x011cc033) xor     zero, s9, a7
core   0: 3 0x80008532 (0x011cc033)
core   0: 0x80008536 (0x018c99b3) sll     s3, s9, s8
core   0: 3 0x80008536 (0x018c99b3) x19 0x00006869
core   0: 0x8000853a (0x004a71b3) and     gp, s4, tp
core   0: 3 0x8000853a (0x004a71b3) x3  0x00000010
core   0: 0x8000853e (0x00008d8d) c.sub   a1, a1
core   0: 3 0x8000853e (0x8d8d) x11 0x00000000
core   0: 0x80008540 (0x038a3833) mulhu   a6, s4, s8
core   0: 3 0x80008540 (0x038a3833) x16 0x00000000
core   0: 0x80008544 (0x00795db3) srl     s11, s2, t2
core   0: 3 0x80008544 (0x00795db3) x27 0x00000000
core   0: 0x80008548 (0x000018fd) c.addi  a7, -1
core   0: 3 0x80008548 (0x18fd) x17 0x80010840
core   0: 0x8000854a (0x005d21b3) slt     gp, s10, t0
core   0: 3 0x8000854a (0x005d21b3) x3  0x00000000
core   0: 0x8000854e (0x02653833) mulhu   a6, a0, t1
core   0: 3 0x8000854e (0x02653833) x16 0x00000000
core   0: 0x80008552 (0x00000001) c.nop
core   0: 3 0x80008552 (0x0001)
core   0: 0x80008554 (0x00eaf663) bgeu    s5, a4, pc + 12
core   0: 3 0x80008554 (0x00eaf663)
core   0: 0x80008558 (0x034f4063) blt     t5, s4, pc + 32
core   0: 3 0x80008558 (0x034f4063)
core   0: 0x8000855c (0x010ecdb3) xor     s11, t4, a6
core   0: 3 0x8000855c (0x010ecdb3) x27 0xffffffff
core   0: 0x80008560 (0x00000001) c.nop
core   0: 3 0x80008560 (0x0001)
core   0: 0x80008562 (0x0000817d) c.srli  a0, 31
core   0: 3 0x80008562 (0x817d) x10 0x00000000
core   0: 0x80008564 (0x0271e033) rem     zero, gp, t2
core   0: 3 0x80008564 (0x0271e033)
core   0: 0x80008568 (0x0146dd13) srli    s10, a3, 20
core   0: 3 0x80008568 (0x0146dd13) x26 0x00000fff
core   0: 0x8000856c (0x404b5493) srai    s1, s6, 4
core   0: 3 0x8000856c (0x404b5493) x9  0x0000000d
core   0: 0x80008570 (0x0113e6b3) or      a3, t2, a7
core   0: 3 0x80008570 (0x0113e6b3) x13 0xffff0dde
core   0: 0x80008574 (0x415588b3) sub     a7, a1, s5
core   0: 3 0x80008574 (0x415588b3) x17 0x7ffd62dc
core   0: 0x80008578 (0x00008e2d) c.xor   a2, a1
core   0: 3 0x80008578 (0x8e2d) x12 0x00000000
core   0: 0x8000857a (0x000060c5) c.lui   ra, 0x11
core   0: 3 0x8000857a (0x60c5) x1  0x00011000
core   0: 0x8000857c (0xf29060b7) lui     ra, 0xf2906
core   0: 3 0x8000857c (0xf29060b7) x1  0xf2906000
core   0: 0x80008580 (0x0000b517) auipc   a0, 0xb
core   0: 3 0x80008580 (0x0000b517) x10 0x80013580
core   0: 0x80008584 (0x7c150513) addi    a0, a0, 1985
core   0: 3 0x80008584 (0x7c150513) x10 0x80013d41
core   0: 0x80008588 (0x03dcfe33) remu    t3, s9, t4
core   0: 3 0x80008588 (0x03dcfe33) x28 0x00006869
core   0: 0x8000858c (0xecd25917) auipc   s2, 0xecd25
core   0: 3 0x8000858c (0xecd25917) x18 0x6cd2d58c
core   0: 0x80008590 (0x07a50203) lb      tp, 122(a0)
core   0: 3 0x80008590 (0x07a50203) x4  0x00000070 mem 0x80013dbb
core   0: 0x80008594 (0x00000001) c.nop
core   0: 3 0x80008594 (0x0001)
core   0: 0x80008596 (0x027dc3b3) div     t2, s11, t2
core   0: 3 0x80008596 (0x027dc3b3) x7  0x00000000
core   0: 0x8000859a (0x00a9ae33) slt     t3, s3, a0
core   0: 3 0x8000859a (0x00a9ae33) x28 0x00000000
core   0: 0x8000859e (0x000099fd) c.andi  a1, -1
core   0: 3 0x8000859e (0x99fd) x11 0x00000000
core   0: 0x800085a0 (0xf1454f83) lbu     t6, -236(a0)
core   0: 3 0x800085a0 (0xf1454f83) x31 0x0000000e mem 0x80013c55
core   0: 0x800085a4 (0x01450b83) lb      s7, 20(a0)
core   0: 3 0x800085a4 (0x01450b83) x23 0x0000000e mem 0x80013d55
core   0: 0x800085a8 (0x0f850023) sb      s8, 224(a0)
core   0: 3 0x800085a8 (0x0f850023) mem 0x80013e21 0x00
core   0: 0x800085ac (0xf3b51883) lh      a7, -197(a0)
core   0: 3 0x800085ac (0xf3b51883) x17 0x00003637 mem 0x80013c7c
core   0: 0x800085b0 (0x00008c31) c.xor   s0, a2
core   0: 3 0x800085b0 (0x8c31) x8  0x0000007a
core   0: 0x800085b2 (0xf56518a3) sh      s6, -175(a0)
core   0: 3 0x800085b2 (0xf56518a3) mem 0x80013c92 0x00d2
core   0: 0x800085b6 (0xa4c3e213) ori     tp, t2, -1460
core   0: 3 0x800085b6 (0xa4c3e213) x4  0xfffffa4c
core   0: 0x800085ba (0x02454903) lbu     s2, 36(a0)
core   0: 3 0x800085ba (0x02454903) x18 0x0000001e mem 0x80013d65
core   0: 0x800085be (0x09b54303) lbu     t1, 155(a0)
core   0: 3 0x800085be (0x09b54303) x6  0x00000097 mem 0x80013ddc
core   0: 0x800085c2 (0x001bc1b3) xor     gp, s7, ra
core   0: 3 0x800085c2 (0x001bc1b3) x3  0xf290600e
core   0: 0x800085c6 (0x00008f61) c.and   a4, s0
core   0: 3 0x800085c6 (0x8f61) x14 0x00000000
core   0: 0x800085c8 (0x00000001) c.nop
core   0: 3 0x800085c8 (0x0001)
core   0: 0x800085ca (0x038451b3) divu    gp, s0, s8
core   0: 3 0x800085ca (0x038451b3) x3  0xffffffff
core   0: 0x800085ce (0x40ae53b3) sra     t2, t3, a0
core   0: 3 0x800085ce (0x40ae53b3) x7  0x00000000
core   0: 0x800085d2 (0xf6554803) lbu     a6, -155(a0)
core   0: 3 0x800085d2 (0xf6554803) x16 0x0000005d mem 0x80013ca6
core   0: 0x800085d6 (0xf0650c23) sb      t1, -232(a0)
core   0: 3 0x800085d6 (0xf0650c23) mem 0x80013c59 0x97
core   0: 0x800085da (0x414d5eb3) sra     t4, s10, s4
core   0: 3 0x800085da (0x414d5eb3) x29 0x00000000
core   0: 0x800085de (0x03050d83) lb      s11, 48(a0)
core   0: 3 0x800085de (0x03050d83) x27 0x0000002a mem 0x80013d71
core   0: 0x800085e2 (0x000067ed) c.lui   a5, 0x1b
core   0: 3 0x800085e2 (0x67ed) x15 0x0001b000
core   0: 0x800085e4 (0x010fb233) sltu    tp, t6, a6
core   0: 3 0x800085e4 (0x010fb233) x4  0x00000001
core   0: 0x800085e8 (0x00008db1) c.xor   a1, a2
core   0: 3 0x800085e8 (0x8db1) x11 0x00000000
core   0: 0x800085ea (0x96613213) sltiu   tp, sp, -1690
core   0: 3 0x800085ea (0x96613213) x4  0x00000001
core   0: 0x800085ee (0x0000987d) c.andi  s0, -1
core   0: 3 0x800085ee (0x987d) x8  0x0000007a
core   0: 0x800085f0 (0x63edbb13) sltiu   s6, s11, 1598
core   0: 3 0x800085f0 (0x63edbb13) x22 0x00000001
core   0: 0x800085f4 (0x03283bb3) mulhu   s7, a6, s2
core   0: 3 0x800085f4 (0x03283bb3) x23 0x00000000
core   0: 0x800085f8 (0x00009bfd) c.andi  a5, -1
core   0: 3 0x800085f8 (0x9bfd) x15 0x0001b000
core   0: 0x800085fa (0x400bd813) srai    a6, s7, 0
core   0: 3 0x800085fa (0x400bd813) x16 0x00000000
core   0: 0x800085fe (0x00005b7d) c.li    s6, -1
core   0: 3 0x800085fe (0x5b7d) x22 0xffffffff
core   0: 0x80008600 (0x00008cf1) c.and   s1, a2
core   0: 3 0x80008600 (0x8cf1) x9  0x00000000
core   0: 0x80008602 (0x00ca74b3) and     s1, s4, a2
core   0: 3 0x80008602 (0x00ca74b3) x9  0x00000000
core   0: 0x80008606 (0x40905293) srai    t0, zero, 9
core   0: 3 0x80008606 (0x40905293) x5  0x00000000
core   0: 0x8000860a (0x00008bd5) c.andi  a5, 21
core   0: 3 0x8000860a (0x8bd5) x15 0x00000000
core   0: 0x8000860c (0x40fc5b13) srai    s6, s8, 15
core   0: 3 0x8000860c (0x40fc5b13) x22 0x00000000
core   0: 0x80008610 (0x00000395) c.addi  t2, 5
core   0: 3 0x80008610 (0x0395) x7  0x00000005
core   0: 0x80008612 (0x40805213) srai    tp, zero, 8
core   0: 3 0x80008612 (0x40805213) x4  0x00000000
core   0: 0x80008616 (0x01a1ae33) slt     t3, gp, s10
core   0: 3 0x80008616 (0x01a1ae33) x28 0x00000001
core   0: 0x8000861a (0x00000262) c.slli  tp, 24
core   0: 3 0x8000861a (0x0262) x4  0x00000000
core   0: 0x8000861c (0x41c20333) sub     t1, tp, t3
core   0: 3 0x8000861c (0x41c20333) x6  0xffffffff
core   0: 0x80008620 (0x00006c35) c.lui   s8, 0xd
core   0: 3 0x80008620 (0x6c35) x24 0x0000d000
core   0: 0x80008622 (0xceca4513) xori    a0, s4, -788
core   0: 3 0x80008622 (0xceca4513) x10 0x7ffda2f8
core   0: 0x80008626 (0x03badeb3) divu    t4, s5, s11
core   0: 3 0x80008626 (0x03badeb3) x29 0x030c40b1
core   0: 0x8000862a (0x41fbd013) srai    zero, s7, 31
core   0: 3 0x8000862a (0x41fbd013)
core   0: 0x8000862e (0x00bc7933) and     s2, s8, a1
core   0: 3 0x8000862e (0x00bc7933) x18 0x00000000
core   0: 0x80008632 (0x0000987d) c.andi  s0, -1
core   0: 3 0x80008632 (0x987d) x8  0x0000007a
core   0: 0x80008634 (0x00008e69) c.and   a2, a0
core   0: 3 0x80008634 (0x8e69) x12 0x00000000
core   0: 0x80008636 (0x03286033) rem     zero, a6, s2
core   0: 3 0x80008636 (0x03286033)
core   0: 0x8000863a (0x03d6e933) rem     s2, a3, t4
core   0: 3 0x8000863a (0x03d6e933) x18 0xffff0dde
core   0: 0x8000863e (0x00000001) c.nop
core   0: 3 0x8000863e (0x0001)
core   0: 0x80008640 (0x004f1bb3) sll     s7, t5, tp
core   0: 3 0x80008640 (0x004f1bb3) x23 0xfffffff6
core   0: 0x80008644 (0x016238b3) sltu    a7, tp, s6
core   0: 3 0x80008644 (0x016238b3) x17 0x00000000
core   0: 0x80008648 (0x414983b3) sub     t2, s3, s4
core   0: 3 0x80008648 (0x414983b3) x7  0x7ffe0a55
core   0: 0x8000864c (0x01d768b3) or      a7, a4, t4
core   0: 3 0x8000864c (0x01d768b3) x17 0x030c40b1
core   0: 0x80008650 (0x00008de5) c.and   a1, s1
core   0: 3 0x80008650 (0x8de5) x11 0x00000000
core   0: 0x80008652 (0x00006195) c.lui   gp, 0x5
core   0: 3 0x80008652 (0x6195) x3  0x00005000
core   0: 0x80008654 (0x001ba933) slt     s2, s7, ra
core   0: 3 0x80008654 (0x001ba933) x18 0x00000000
core   0: 0x80008658 (0x0000ec9d) c.bnez  s1, pc + 62
core   0: 3 0x80008658 (0xec9d)
core   0: 0x8000865a (0x00f56263) bltu    a0, a5, pc + 4
core   0: 3 0x8000865a (0x00f56263)
core   0: 0x8000865e (0x00008bd9) c.andi  a5, 22
core   0: 3 0x8000865e (0x8bd9) x15 0x00000000
core   0: 0x80008660 (0x00d39f13) slli    t5, t2, 13
core   0: 3 0x80008660 (0x00d39f13) x30 0xc14aa000
core   0: 0x80008664 (0x00008e99) c.sub   a3, a4
core   0: 3 0x80008664 (0x8e99) x13 0xffff0dde
core   0: 0x80008666 (0x00327b33) and     s6, tp, gp
core   0: 3 0x80008666 (0x00327b33) x22 0x00000000
core   0: 0x8000866a (0x4b1fc613) xori    a2, t6, 1201
core   0: 3 0x8000866a (0x4b1fc613) x12 0x000004bf
core   0: 0x8000866e (0x405bd613) srai    a2, s7, 5
core   0: 3 0x8000866e (0x405bd613) x12 0xffffffff
core   0: 0x80008672 (0x0000557d) c.li    a0, -1
core   0: 3 0x80008672 (0x557d) x10 0xffffffff
core   0: 0x80008674 (0x416b83b3) sub     t2, s7, s6
core   0: 3 0x80008674 (0x416b83b3) x7  0xfffffff6
core   0: 0x80008678 (0x00000001) c.nop
core   0: 3 0x80008678 (0x0001)
core   0: 0x8000867a (0x020ea9b3) mulhsu  s3, t4, zero
core   0: 3 0x8000867a (0x020ea9b3) x19 0x00000000
core   0: 0x8000867e (0x034dbe33) mulhu   t3, s11, s4
core   0: 3 0x8000867e (0x034dbe33) x28 0x00000015
core   0: 0x80008682 (0x000052fd) c.li    t0, -1
core   0: 3 0x80008682 (0x52fd) x5  0xffffffff
core   0: 0x80008684 (0x000042e1) c.li    t0, 24
core   0: 3 0x80008684 (0x42e1) x5  0x00000018
core   0: 0x80008686 (0xafd06913) ori     s2, zero, -1283
core   0: 3 0x80008686 (0xafd06913) x18 0xfffffafd
core   0: 0x8000868a (0x01119e93) slli    t4, gp, 17
core   0: 3 0x8000868a (0x01119e93) x29 0xa0000000
core   0: 0x8000868e (0xcd0c3313) sltiu   t1, s8, -816
core   0: 3 0x8000868e (0xcd0c3313) x6  0x00000001
core   0: 0x80008692 (0x404bdc33) sra     s8, s7, tp
core   0: 3 0x80008692 (0x404bdc33) x24 0xfffffff6
core   0: 0x80008696 (0x00008c61) c.and   s0, s0
core   0: 3 0x80008696 (0x8c61) x8  0x0000007a
core   0: 0x80008698 (0x00000249) c.addi  tp, 18
core   0: 3 0x80008698 (0x0249) x4  0x00000012
core   0: 0x8000869a (0x031c61b3) rem     gp, s8, a7
core   0: 3 0x8000869a (0x031c61b3) x3  0xfffffff6
core   0: 0x8000869e (0x40990233) sub     tp, s2, s1
core   0: 3 0x8000869e (0x40990233) x4  0xfffffafd
core   0: 0x800086a2 (0x00b51e33) sll     t3, a0, a1
core   0: 3 0x800086a2 (0x00b51e33) x28 0xffffffff
core   0: 0x800086a6 (0x00608033) add     zero, ra, t1
core   0: 3 0x800086a6 (0x00608033)
core   0: 0x800086aa (0x00e214b3) sll     s1, tp, a4
core   0: 3 0x800086aa (0x00e214b3) x9  0xfffffafd
core   0: 0x800086ae (0xe9f22613) slti    a2, tp, -353
core   0: 3 0x800086ae (0xe9f22613) x12 0x00000001
core   0: 0x800086b2 (0x02710263) beq     sp, t2, pc + 36
core   0: 3 0x800086b2 (0x02710263)
core   0: 0x800086b6 (0x41fc87b3) sub     a5, s9, t6
core   0: 3 0x800086b6 (0x41fc87b3) x15 0x0000685b
core   0: 0x800086ba (0x00000b25) c.addi  s6, 9
core   0: 3 0x800086ba (0x0b25) x22 0x00000009
core   0: 0x800086bc (0x014d1c33) sll     s8, s10, s4
core   0: 3 0x800086bc (0x014d1c33) x24 0xfff00000
core   0: 0x800086c0 (0x00000001) c.nop
core   0: 3 0x800086c0 (0x0001)
core   0: 0x800086c2 (0x00eee6b3) or      a3, t4, a4
core   0: 3 0x800086c2 (0x00eee6b3) x13 0xa0000000
core   0: 0x800086c6 (0x03dd32b3) mulhu   t0, s10, t4
core   0: 3 0x800086c6 (0x03dd32b3) x5  0x000009ff
core   0: 0x800086ca (0x00008dfd) c.and   a1, a5
core   0: 3 0x800086ca (0x8dfd) x11 0x00000000
core   0: 0x800086cc (0x01c83433) sltu    s0, a6, t3
core   0: 3 0x800086cc (0x01c83433) x8  0x00000001
core   0: 0x800086d0 (0x014ccb33) xor     s6, s9, s4
core   0: 3 0x800086d0 (0x014ccb33) x22 0x8002367d
core   0: 0x800086d4 (0x00008ced) c.and   s1, a1
core   0: 3 0x800086d4 (0x8ced) x9  0x00000000
core   0: 0x800086d6 (0xc9ef3b13) sltiu   s6, t5, -866
core   0: 3 0x800086d6 (0xc9ef3b13) x22 0x00000001
core   0: 0x800086da (0x02582433) mulhsu  s0, a6, t0
core   0: 3 0x800086da (0x02582433) x8  0x00000000
core   0: 0x800086de (0x00008e81) c.sub   a3, s0
core   0: 3 0x800086de (0x8e81) x13 0xa0000000
core   0: 0x800086e0 (0x00008c6d) c.and   s0, a1
core   0: 3 0x800086e0 (0x8c6d) x8  0x00000000
core   0: 0x800086e2 (0x0000987d) c.andi  s0, -1
core   0: 3 0x800086e2 (0x987d) x8  0x00000000
core   0: 0x800086e4 (0x00e53433) sltu    s0, a0, a4
core   0: 3 0x800086e4 (0x00e53433) x8  0x00000000
core   0: 0x800086e8 (0x02b70763) beq     a4, a1, pc + 46
core   0: 3 0x800086e8 (0x02b70763)
core   0: 0x80008716 (0x02c895b3) mulh    a1, a7, a2
core   0: 3 0x80008716 (0x02c895b3) x11 0x00000000
core   0: 0x8000871a (0x0000849d) c.srai  s1, 7
core   0: 3 0x8000871a (0x849d) x9  0x00000000
core   0: 0x8000871c (0x00000001) c.nop
core   0: 3 0x8000871c (0x0001)
core   0: 0x8000871e (0x00000001) c.nop
core   0: 3 0x8000871e (0x0001)
core   0: 0x80008720 (0x00542633) slt     a2, s0, t0
core   0: 3 0x80008720 (0x00542633) x12 0x00000001
core   0: 0x80008724 (0x02948733) mul     a4, s1, s1
core   0: 3 0x80008724 (0x02948733) x14 0x00000000
core   0: 0x80008728 (0x00000001) c.nop
core   0: 3 0x80008728 (0x0001)
core   0: 0x8000872a (0x020909b3) mul     s3, s2, zero
core   0: 3 0x8000872a (0x020909b3) x19 0x00000000
core   0: 0x8000872e (0x416fd3b3) sra     t2, t6, s6
core   0: 3 0x8000872e (0x416fd3b3) x7  0x00000007
core   0: 0x80008732 (0x50002813) slti    a6, zero, 1280
core   0: 3 0x80008732 (0x50002813) x16 0x00000001
core   0: 0x80008736 (0x0319ccb3) div     s9, s3, a7
core   0: 3 0x80008736 (0x0319ccb3) x25 0x00000000
core   0: 0x8000873a (0x0000eb09) c.bnez  a4, pc + 18
core   0: 3 0x8000873a (0xeb09)
core   0: 0x8000873c (0x9bf94193) xori    gp, s2, -1601
core   0: 3 0x8000873c (0x9bf94193) x3  0x00000342
core   0: 0x80008740 (0x00f7bc33) sltu    s8, a5, a5
core   0: 3 0x80008740 (0x00f7bc33) x24 0x00000000
core   0: 0x80008744 (0xf6a63913) sltiu   s2, a2, -150
core   0: 3 0x80008744 (0xf6a63913) x18 0x00000001
core   0: 0x80008748 (0x00196b33) or      s6, s2, ra
core   0: 3 0x80008748 (0x00196b33) x22 0xf2906001
core   0: 0x8000874c (0x00000001) c.nop
core   0: 3 0x8000874c (0x0001)
core   0: 0x8000874e (0x00a362b3) or      t0, t1, a0
core   0: 3 0x8000874e (0x00a362b3) x5  0xffffffff
core   0: 0x80008752 (0x0156d493) srli    s1, a3, 21
core   0: 3 0x80008752 (0x0156d493) x9  0x00000500
core   0: 0x80008756 (0x000087f1) c.srai  a5, 28
core   0: 3 0x80008756 (0x87f1) x15 0x00000000
core   0: 0x80008758 (0x0115c263) blt     a1, a7, pc + 4
core   0: 3 0x80008758 (0x0115c263)
core   0: 0x8000875c (0x00d2a9b3) slt     s3, t0, a3
core   0: 3 0x8000875c (0x00d2a9b3) x19 0x00000000
core   0: 0x80008760 (0x02c111b3) mulh    gp, sp, a2
core   0: 3 0x80008760 (0x02c111b3) x3  0xffffffff
core   0: 0x80008764 (0x020f7533) remu    a0, t5, zero
core   0: 3 0x80008764 (0x020f7533) x10 0xc14aa000
core   0: 0x80008768 (0x41a0d813) srai    a6, ra, 26
core   0: 3 0x80008768 (0x41a0d813) x16 0xfffffffc
core   0: 0x8000876c (0x00008ea9) c.xor   a3, a0
core   0: 3 0x8000876c (0x8ea9) x13 0x614aa000
core   0: 0x8000876e (0x0000cb81) c.beqz  a5, pc + 16
core   0: 3 0x8000876e (0xcb81)
core   0: 0x8000877e (0x00000dfd) c.addi  s11, 31
core   0: 3 0x8000877e (0x0dfd) x27 0x00000049
core   0: 0x80008780 (0x40db08b3) sub     a7, s6, a3
core   0: 3 0x80008780 (0x40db08b3) x17 0x9145c001
core   0: 0x80008784 (0x86cff713) andi    a4, t6, -1940
core   0: 3 0x80008784 (0x86cff713) x14 0x0000000c
core   0: 0x80008788 (0x0204dfb3) divu    t6, s1, zero
core   0: 3 0x80008788 (0x0204dfb3) x31 0xffffffff
core   0: 0x8000878c (0x03250263) beq     a0, s2, pc + 36
core   0: 3 0x8000878c (0x03250263)
core   0: 0x80008790 (0x00bf8963) beq     t6, a1, pc + 18
core   0: 3 0x80008790 (0x00bf8963)
core   0: 0x80008794 (0x0000147d) c.addi  s0, -1
core   0: 3 0x80008794 (0x147d) x8  0xffffffff
core   0: 0x80008796 (0x02545833) divu    a6, s0, t0
core   0: 3 0x80008796 (0x02545833) x16 0x00000001
core   0: 0x8000879a (0x00000001) c.nop
core   0: 3 0x8000879a (0x0001)
core   0: 0x8000879c (0x03d1c8b3) div     a7, gp, t4
core   0: 3 0x8000879c (0x03d1c8b3) x17 0x00000000
core   0: 0x800087a0 (0x00008de1) c.and   a1, s0
core   0: 3 0x800087a0 (0x8de1) x11 0x00000000
core   0: 0x800087a2 (0x018e5013) srli    zero, t3, 24
core   0: 3 0x800087a2 (0x018e5013)
core   0: 0x800087a6 (0x40ce53b3) sra     t2, t3, a2
core   0: 3 0x800087a6 (0x40ce53b3) x7  0xffffffff
core   0: 0x800087aa (0x00125eb3) srl     t4, tp, ra
core   0: 3 0x800087aa (0x00125eb3) x29 0xfffffafd
core   0: 0x800087ae (0x00006d15) c.lui   s10, 0x5
core   0: 3 0x800087ae (0x6d15) x26 0x00005000
core   0: 0x800087b0 (0x40345593) srai    a1, s0, 3
core   0: 3 0x800087b0 (0x40345593) x11 0xffffffff
core   0: 0x800087b4 (0x018d22b3) slt     t0, s10, s8
core   0: 3 0x800087b4 (0x018d22b3) x5  0x00000000
core   0: 0x800087b8 (0x03a44533) div     a0, s0, s10
core   0: 3 0x800087b8 (0x03a44533) x10 0x00000000
core   0: 0x800087bc (0x408581b3) sub     gp, a1, s0
core   0: 3 0x800087bc (0x408581b3) x3  0x00000000
core   0: 0x800087c0 (0x00eff2b3) and     t0, t6, a4
core   0: 3 0x800087c0 (0x00eff2b3) x5  0x0000000c
core   0: 0x800087c4 (0x0106f763) bgeu    a3, a6, pc + 14
core   0: 3 0x800087c4 (0x0106f763)
core   0: 0x800087d2 (0x01828e33) add     t3, t0, s8
core   0: 3 0x800087d2 (0x01828e33) x28 0x0000000c
core   0: 0x800087d6 (0x034d6463) bltu    s10, s4, pc + 40
core   0: 3 0x800087d6 (0x034d6463)
core   0: 0x800087fe (0x00000001) c.nop
core   0: 3 0x800087fe (0x0001)
core   0: 0x80008800 (0x00008c15) c.sub   s0, a3
core   0: 3 0x80008800 (0x8c15) x8  0x9eb55fff
core   0: 0x80008802 (0x019d8233) add     tp, s11, s9
core   0: 3 0x80008802 (0x019d8233) x4  0x00000049
core   0: 0x80008806 (0x01149db3) sll     s11, s1, a7
core   0: 3 0x80008806 (0x01149db3) x27 0x00000500
core   0: 0x8000880a (0x08143d17) auipc   s10, 0x8143
core   0: 3 0x8000880a (0x08143d17) x26 0x8814b80a
core   0: 0x8000880e (0x01decc33) xor     s8, t4, t4
core   0: 3 0x8000880e (0x01decc33) x24 0x00000000
core   0: 0x80008812 (0x01077663) bgeu    a4, a6, pc + 12
core   0: 3 0x80008812 (0x01077663)
core   0: 0x8000881e (0x05358863) beq     a1, s3, pc + 80
core   0: 3 0x8000881e (0x05358863)
core   0: 0x80008822 (0x01bcae33) slt     t3, s9, s11
core   0: 3 0x80008822 (0x01bcae33) x28 0x00000001
core   0: 0x80008826 (0x0060036f) jal     t1, pc + 0x6
core   0: 3 0x80008826 (0x0060036f) x6  0x8000882a
core   0: 0x8000882c (0x00002021) c.jal   pc + 8
core   0: 3 0x8000882c (0x2021) x1  0x8000882e
core   0: 0x80008834 (0xffdff0ef) jal     pc - 0x4
core   0: 3 0x80008834 (0xffdff0ef) x1  0x80008838
core   0: 0x80008830 (0x0000a801) c.j     pc + 16
core   0: 3 0x80008830 (0xa801)
core   0: 0x80008840 (0x00002009) c.jal   pc + 2
core   0: 3 0x80008840 (0x2009) x1  0x80008842
core   0: 0x80008842 (0x0000bff5) c.j     pc - 4
core   0: 3 0x80008842 (0xbff5)
core   0: 0x8000883e (0x000037f5) c.jal   pc - 20
core   0: 3 0x8000883e (0x37f5) x1  0x80008840
core   0: 0x8000882a (0x0000a011) c.j     pc + 4
core   0: 3 0x8000882a (0xa011)
core   0: 0x8000882e (0x0000a029) c.j     pc + 10
core   0: 3 0x8000882e (0xa029)
core   0: 0x80008838 (0x0000bfed) c.j     pc - 6
core   0: 3 0x80008838 (0xbfed)
core   0: 0x80008832 (0x00002021) c.jal   pc + 8
core   0: 3 0x80008832 (0x2021) x1  0x80008834
core   0: 0x8000883a (0x00a0036f) jal     t1, pc + 0xa
core   0: 3 0x8000883a (0x00a0036f) x6  0x8000883e
core   0: 0x80008844 (0x00008261) c.srli  a2, 24
core   0: 3 0x80008844 (0x8261) x12 0x00000000
core   0: 0x80008846 (0x01189233) sll     tp, a7, a7
core   0: 3 0x80008846 (0x01189233) x4  0x00000000
core   0: 0x8000884a (0x412e55b3) sra     a1, t3, s2
core   0: 3 0x8000884a (0x412e55b3) x11 0x00000000
core   0: 0x8000884e (0x000087fa) c.mv    a5, t5
core   0: 3 0x8000884e (0x87fa) x15 0xc14aa000
core   0: 0x80008850 (0x41927f93) andi    t6, tp, 1049
core   0: 3 0x80008850 (0x41927f93) x31 0x00000000
core   0: 0x80008854 (0x40618f33) sub     t5, gp, t1
core   0: 3 0x80008854 (0x40618f33) x30 0x7fff77c2
core   0: 0x80008858 (0x04378163) beq     a5, gp, pc + 66
core   0: 3 0x80008858 (0x04378163)
core   0: 0x8000885c (0x00b54c33) xor     s8, a0, a1
core   0: 3 0x8000885c (0x00b54c33) x24 0x00000000
core   0: 0x80008860 (0x039d0b33) mul     s6, s10, s9
core   0: 3 0x80008860 (0x039d0b33) x22 0x00000000
core   0: 0x80008864 (0x000082a1) c.srli  a3, 8
core   0: 3 0x80008864 (0x82a1) x13 0x00614aa0
core   0: 0x80008866 (0x02d90833) mul     a6, s2, a3
core   0: 3 0x80008866 (0x02d90833) x16 0x00614aa0
core   0: 0x8000886a (0x02c8b093) sltiu   ra, a7, 44
core   0: 3 0x8000886a (0x02c8b093) x1  0x00000001
core   0: 0x8000886e (0x0000c809) c.beqz  s0, pc + 18
core   0: 3 0x8000886e (0xc809)
core   0: 0x80008870 (0x410a0e33) sub     t3, s4, a6
core   0: 3 0x80008870 (0x410a0e33) x28 0x7fa11374
core   0: 0x80008874 (0x000768b3) or      a7, a4, zero
core   0: 3 0x80008874 (0x000768b3) x17 0x0000000c
core   0: 0x80008878 (0x03679233) mulh    tp, a5, s6
core   0: 3 0x80008878 (0x03679233) x4  0x00000000
core   0: 0x8000887c (0x407c8fb3) sub     t6, s9, t2
core   0: 3 0x8000887c (0x407c8fb3) x31 0x00000001
core   0: 0x80008880 (0x0000669d) c.lui   a3, 0x7
core   0: 3 0x80008880 (0x669d) x13 0x00007000
core   0: 0x80008882 (0x01017e63) bgeu    sp, a6, pc + 28
core   0: 3 0x80008882 (0x01017e63)
core   0: 0x8000889e (0x00000c05) c.addi  s8, 1
core   0: 3 0x8000889e (0x0c05) x24 0x00000001
core   0: 0x800088a0 (0x00d8d193) srli    gp, a7, 13
core   0: 3 0x800088a0 (0x00d8d193) x3  0x00000000
core   0: 0x800088a4 (0xdfb4c613) xori    a2, s1, -517
core   0: 3 0x800088a4 (0xdfb4c613) x12 0xfffff8fb
core   0: 0x800088a8 (0x00008e39) c.xor   a2, a4
core   0: 3 0x800088a8 (0x8e39) x12 0xfffff8f7
core   0: 0x800088aa (0x85c86d13) ori     s10, a6, -1956
core   0: 3 0x800088aa (0x85c86d13) x26 0xfffffafc
core   0: 0x800088ae (0x00008e15) c.sub   a2, a3
core   0: 3 0x800088ae (0x8e15) x12 0xffff88f7
core   0: 0x800088b0 (0x7fb6a817) auipc   a6, 0x7fb6a
core   0: 3 0x800088b0 (0x7fb6a817) x16 0xffb728b0
core   0: 0x800088b4 (0x0276f463) bgeu    a3, t2, pc + 40
core   0: 3 0x800088b4 (0x0276f463)
core   0: 0x800088b8 (0x0000047e) c.slli  s0, 31
core   0: 3 0x800088b8 (0x047e) x8  0x80000000
core   0: 0x800088ba (0x91a7f893) andi    a7, a5, -1766
core   0: 3 0x800088ba (0x91a7f893) x17 0xc14aa000
core   0: 0x800088be (0x00008b39) c.andi  a4, 14
core   0: 3 0x800088be (0x8b39) x14 0x0000000c
core   0: 0x800088c0 (0x03fa7db3) remu    s11, s4, t6
core   0: 3 0x800088c0 (0x03fa7db3) x27 0x00000000
core   0: 0x800088c4 (0x0209b2b3) mulhu   t0, s3, zero
core   0: 3 0x800088c4 (0x0209b2b3) x5  0x00000000
core   0: 0x800088c8 (0x03cef5b3) remu    a1, t4, t3
core   0: 3 0x800088c8 (0x03cef5b3) x11 0x00bdd415
core   0: 0x800088cc (0x00000001) c.nop
core   0: 3 0x800088cc (0x0001)
core   0: 0x800088ce (0x000089a9) c.andi  a1, 10
core   0: 3 0x800088ce (0x89a9) x11 0x00000000
core   0: 0x800088d0 (0x0286bf33) mulhu   t5, a3, s0
core   0: 3 0x800088d0 (0x0286bf33) x30 0x00003800
core   0: 0x800088d4 (0x0139dd13) srli    s10, s3, 19
core   0: 3 0x800088d4 (0x0139dd13) x26 0x00000000
core   0: 0x800088d8 (0x02821263) bne     tp, s0, pc + 36
core   0: 3 0x800088d8 (0x02821263)
core   0: 0x800088fc (0x41448e33) sub     t3, s1, s4
core   0: 3 0x800088fc (0x41448e33) x28 0x7ffda6ec
core   0: 0x80008900 (0x03e39263) bne     t2, t5, pc + 36
core   0: 3 0x80008900 (0x03e39263)
core   0: 0x80008924 (0x0000853a) c.mv    a0, a4
core   0: 3 0x80008924 (0x853a) x10 0x0000000c
core   0: 0x80008926 (0x0000ca01) c.beqz  a2, pc + 16
core   0: 3 0x80008926 (0xca01)
core   0: 0x80008928 (0xa2e98c93) addi    s9, s3, -1490
core   0: 3 0x80008928 (0xa2e98c93) x25 0xfffffa2e
core   0: 0x8000892c (0x02d39bb3) mulh    s7, t2, a3
core   0: 3 0x8000892c (0x02d39bb3) x23 0xffffffff
core   0: 0x80008930 (0x00000001) c.nop
core   0: 3 0x80008930 (0x0001)
core   0: 0x80008932 (0x00008376) c.mv    t1, t4
core   0: 3 0x80008932 (0x8376) x6  0xfffffafd
core   0: 0x80008934 (0x00000001) c.nop
core   0: 3 0x80008934 (0x0001)
core   0: 0x80008936 (0x41ab0633) sub     a2, s6, s10
core   0: 3 0x80008936 (0x41ab0633) x12 0x00000000
core   0: 0x8000893a (0x821db993) sltiu   s3, s11, -2015
core   0: 3 0x8000893a (0x821db993) x19 0x00000001
core   0: 0x8000893e (0xc7933897) auipc   a7, 0xc7933
core   0: 3 0x8000893e (0xc7933897) x17 0x4793b93e
core   0: 0x80008942 (0x00c7c733) xor     a4, a5, a2
core   0: 3 0x80008942 (0x00c7c733) x14 0xc14aa000
core   0: 0x80008946 (0x0000c11d) c.beqz  a0, pc + 38
core   0: 3 0x80008946 (0xc11d)
core   0: 0x80008948 (0x007b7633) and     a2, s6, t2
core   0: 3 0x80008948 (0x007b7633) x12 0x00000000
core   0: 0x8000894c (0x88f7f193) andi    gp, a5, -1905
core   0: 3 0x8000894c (0x88f7f193) x3  0xc14aa000
core   0: 0x80008950 (0x0000688d) c.lui   a7, 0x3
core   0: 3 0x80008950 (0x688d) x17 0x00003000
core   0: 0x80008952 (0x0008d963) bgez    a7, pc + 18
core   0: 3 0x80008952 (0x0008d963)
core   0: 0x80008964 (0xccd75837) lui     a6, 0xccd75
core   0: 3 0x80008964 (0xccd75837) x16 0xccd75000
core   0: 0x80008968 (0x034f8663) beq     t6, s4, pc + 44
core   0: 3 0x80008968 (0x034f8663)
core   0: 0x8000896c (0x000056fd) c.li    a3, -1
core   0: 3 0x8000896c (0x56fd) x13 0xffffffff
core   0: 0x8000896e (0x732e5c37) lui     s8, 0x732e5
core   0: 3 0x8000896e (0x732e5c37) x24 0x732e5000
core   0: 0x80008972 (0x2cf2a613) slti    a2, t0, 719
core   0: 3 0x80008972 (0x2cf2a613) x12 0x00000001
core   0: 0x80008976 (0x0000187d) c.addi  a6, -1
core   0: 3 0x80008976 (0x187d) x16 0xccd74fff
core   0: 0x80008978 (0x02d58b33) mul     s6, a1, a3
core   0: 3 0x80008978 (0x02d58b33) x22 0x00000000
core   0: 0x8000897c (0x44416c93) ori     s9, sp, 1092
core   0: 3 0x8000897c (0x44416c93) x25 0xf38426e7
core   0: 0x80008980 (0x02edb933) mulhu   s2, s11, a4
core   0: 3 0x80008980 (0x02edb933) x18 0x00000000
core   0: 0x80008984 (0x20640413) addi    s0, s0, 518
core   0: 3 0x80008984 (0x20640413) x8  0x80000206
core   0: 0x80008988 (0x00008e81) c.sub   a3, s0
core   0: 3 0x80008988 (0x8e81) x13 0x7ffffdf9
core   0: 0x8000898a (0x02ebd063) bge     s7, a4, pc + 32
core   0: 3 0x8000898a (0x02ebd063)
core   0: 0x800089aa (0x40fdde13) srai    t3, s11, 15
core   0: 3 0x800089aa (0x40fdde13) x28 0x00000000
core   0: 0x800089ae (0x416edfb3) sra     t6, t4, s6
core   0: 3 0x800089ae (0x416edfb3) x31 0xfffffafd
core   0: 0x800089b2 (0x0178f8b3) and     a7, a7, s7
core   0: 3 0x800089b2 (0x0178f8b3) x17 0x00003000
core   0: 0x800089b6 (0xa9096613) ori     a2, s2, -1392
core   0: 3 0x800089b6 (0xa9096613) x12 0xfffffa90
core   0: 0x800089ba (0x00495813) srli    a6, s2, 4
core   0: 3 0x800089ba (0x00495813) x16 0x00000000
core   0: 0x800089be (0x02f24233) div     tp, tp, a5
core   0: 3 0x800089be (0x02f24233) x4  0x00000000
core   0: 0x800089c2 (0x0114e533) or      a0, s1, a7
core   0: 3 0x800089c2 (0x0114e533) x10 0x00003500
core   0: 0x800089c6 (0x407ad093) srai    ra, s5, 7
core   0: 3 0x800089c6 (0x407ad093) x1  0xff00053a
core   0: 0x800089ca (0x00000c99) c.addi  s9, 6
core   0: 3 0x800089ca (0x0c99) x25 0xf38426ed
core   0: 0x800089cc (0x02e29533) mulh    a0, t0, a4
core   0: 3 0x800089cc (0x02e29533) x10 0x00000000
core   0: 0x800089d0 (0x019125b3) slt     a1, sp, s9
core   0: 3 0x800089d0 (0x019125b3) x11 0x00000001
core   0: 0x800089d4 (0x000082e5) c.srli  a3, 25
core   0: 3 0x800089d4 (0x82e5) x13 0x0000003f
core   0: 0x800089d6 (0x0555f213) andi    tp, a1, 85
core   0: 3 0x800089d6 (0x0555f213) x4  0x00000001
core   0: 0x800089da (0x000097ba) c.add   a5, a4
core   0: 3 0x800089da (0x97ba) x15 0x82954000
core   0: 0x800089dc (0x00008db5) c.xor   a1, a3
core   0: 3 0x800089dc (0x8db5) x11 0x0000003e
core   0: 0x800089de (0x00008ea5) c.xor   a3, s1
core   0: 3 0x800089de (0x8ea5) x13 0x0000053f
core   0: 0x800089e0 (0x00000001) c.nop
core   0: 3 0x800089e0 (0x0001)
core   0: 0x800089e2 (0x00008c05) c.sub   s0, s1
core   0: 3 0x800089e2 (0x8c05) x8  0x7ffffd06
core   0: 0x800089e4 (0x02f5c533) div     a0, a1, a5
core   0: 3 0x800089e4 (0x02f5c533) x10 0x00000000
core   0: 0x800089e8 (0x0242c633) div     a2, t0, tp
core   0: 3 0x800089e8 (0x0242c633) x12 0x00000000
core   0: 0x800089ec (0x03f4f063) bgeu    s1, t6, pc + 32
core   0: 3 0x800089ec (0x03f4f063)
core   0: 0x800089f0 (0xf4777f93) andi    t6, a4, -185
core   0: 3 0x800089f0 (0xf4777f93) x31 0xc14aa000
core   0: 0x800089f4 (0x00c3d963) bge     t2, a2, pc + 18
core   0: 3 0x800089f4 (0x00c3d963)
core   0: 0x800089f8 (0x00008f11) c.sub   a4, a2
core   0: 3 0x800089f8 (0x8f11) x14 0xc14aa000
core   0: 0x800089fa (0x01da10b3) sll     ra, s4, t4
core   0: 3 0x800089fa (0x01da10b3) x1  0x80000000
core   0: 0x800089fe (0x410ed593) srai    a1, t4, 16
core   0: 3 0x800089fe (0x410ed593) x11 0xffffffff
core   0: 0x80008a02 (0x030f6bb3) rem     s7, t5, a6
core   0: 3 0x80008a02 (0x030f6bb3) x23 0x00003800
core   0: 0x80008a06 (0xc3333413) sltiu   s0, t1, -973
core   0: 3 0x80008a06 (0xc3333413) x8  0x00000001
core   0: 0x80008a0a (0x00008fdd) c.or    a5, a5
core   0: 3 0x80008a0a (0x8fdd) x15 0x82954000
core   0: 0x80008a0c (0x005b1593) slli    a1, s6, 5
core   0: 3 0x80008a0c (0x005b1593) x11 0x00000000
core   0: 0x80008a10 (0x11cd8917) auipc   s2, 0x11cd8
core   0: 3 0x80008a10 (0x11cd8917) x18 0x91ce0a10
core   0: 0x80008a14 (0x01406333) or      t1, zero, s4
core   0: 3 0x80008a14 (0x01406333) x6  0x80025e14
core   0: 0x80008a18 (0x0102df13) srli    t5, t0, 16
core   0: 3 0x80008a18 (0x0102df13) x30 0x00000000
core   0: 0x80008a1c (0x0000cb0d) c.beqz  a4, pc + 50
core   0: 3 0x80008a1c (0xcb0d)
core   0: 0x80008a1e (0x41855f33) sra     t5, a0, s8
core   0: 3 0x80008a1e (0x41855f33) x30 0x00000000
core   0: 0x80008a22 (0x000044fd) c.li    s1, 31
core   0: 3 0x80008a22 (0x44fd) x9  0x0000001f
core   0: 0x80008a24 (0xf6424597) auipc   a1, 0xf6424
core   0: 3 0x80008a24 (0xf6424597) x11 0x7642ca24
core   0: 0x80008a28 (0x01c79713) slli    a4, a5, 28
core   0: 3 0x80008a28 (0x01c79713) x14 0x00000000
core   0: 0x80008a2c (0x01b72c33) slt     s8, a4, s11
core   0: 3 0x80008a2c (0x01b72c33) x24 0x00000000
core   0: 0x80008a30 (0x03b80833) mul     a6, a6, s11
core   0: 3 0x80008a30 (0x03b80833) x16 0x00000000
core   0: 0x80008a34 (0x009e5193) srli    gp, t3, 9
core   0: 3 0x80008a34 (0x009e5193) x3  0x00000000
core   0: 0x80008a38 (0x00009a7d) c.andi  a2, -1
core   0: 3 0x80008a38 (0x9a7d) x12 0x00000000
core   0: 0x80008a3a (0x00326563) bltu    tp, gp, pc + 10
core   0: 3 0x80008a3a (0x00326563)
core   0: 0x80008a3e (0x00008251) c.srli  a2, 20
core   0: 3 0x80008a3e (0x8251) x12 0x00000000
core   0: 0x80008a40 (0x0045e3b3) or      t2, a1, tp
core   0: 3 0x80008a40 (0x0045e3b3) x7  0x7642ca25
core   0: 0x80008a44 (0x000080c9) c.srli  s1, 18
core   0: 3 0x80008a44 (0x80c9) x9  0x00000000
core   0: 0x80008a46 (0x017a4763) blt     s4, s7, pc + 14
core   0: 3 0x80008a46 (0x017a4763)
core   0: 0x80008a54 (0x000011fd) c.addi  gp, -1
core   0: 3 0x80008a54 (0x11fd) x3  0xffffffff
core   0: 0x80008a56 (0x062a9017) auipc   zero, 0x62a9
core   0: 3 0x80008a56 (0x062a9017)
core   0: 0x80008a5a (0x0014ad33) slt     s10, s1, ra
core   0: 3 0x80008a5a (0x0014ad33) x26 0x00000000
core   0: 0x80008a5e (0x41a9d0b3) sra     ra, s3, s10
core   0: 3 0x80008a5e (0x41a9d0b3) x1  0x00000001
core   0: 0x80008a62 (0x03a80d33) mul     s10, a6, s10
core   0: 3 0x80008a62 (0x03a80d33) x26 0x00000000
core   0: 0x80008a66 (0x000086c5) c.srai  a3, 17
core   0: 3 0x80008a66 (0x86c5) x13 0x00000000
core   0: 0x80008a68 (0x03a6fbb3) remu    s7, a3, s10
core   0: 3 0x80008a68 (0x03a6fbb3) x23 0x00000000
core   0: 0x80008a6c (0x0000839d) c.srli  a5, 7
core   0: 3 0x80008a6c (0x839d) x15 0x01052a80
core   0: 0x80008a6e (0x018d5263) bge     s10, s8, pc + 4
core   0: 3 0x80008a6e (0x018d5263)
core   0: 0x80008a72 (0x00008db5) c.xor   a1, a3
core   0: 3 0x80008a72 (0x8db5) x11 0x7642ca24
core   0: 0x80008a74 (0x8c7e7213) andi    tp, t3, -1849
core   0: 3 0x80008a74 (0x8c7e7213) x4  0x00000000
core   0: 0x80008a78 (0x000063dd) c.lui   t2, 0x17
core   0: 3 0x80008a78 (0x63dd) x7  0x00017000
core   0: 0x80008a7a (0x4162d0b3) sra     ra, t0, s6
core   0: 3 0x80008a7a (0x4162d0b3) x1  0x00000000
core   0: 0x80008a7e (0x000080e9) c.srli  s1, 26
core   0: 3 0x80008a7e (0x80e9) x9  0x00000000
core   0: 0x80008a80 (0x406a0e33) sub     t3, s4, t1
core   0: 3 0x80008a80 (0x406a0e33) x28 0x00000000
core   0: 0x80008a84 (0x027a2933) mulhsu  s2, s4, t2
core   0: 3 0x80008a84 (0x027a2933) x18 0xffff4803
core   0: 0x80008a88 (0x000099fd) c.andi  a1, -1
core   0: 3 0x80008a88 (0x99fd) x11 0x7642ca24
core   0: 0x80008a8a (0x00008b15) c.andi  a4, 5
core   0: 3 0x80008a8a (0x8b15) x14 0x00000000
core   0: 0x80008a8c (0x36882eb7) lui     t4, 0x36882
core   0: 3 0x80008a8c (0x36882eb7) x29 0x36882000
core   0: 0x80008a90 (0xcffe2093) slti    ra, t3, -769
core   0: 3 0x80008a90 (0xcffe2093) x1  0x00000000
core   0: 0x80008a94 (0x00161db3) sll     s11, a2, ra
core   0: 3 0x80008a94 (0x00161db3) x27 0x00000000
core   0: 0x80008a98 (0x00008f01) c.sub   a4, s0
core   0: 3 0x80008a98 (0x8f01) x14 0xffffffff
core   0: 0x80008a9a (0x0482e363) bltu    t0, s0, pc + 70
core   0: 3 0x80008a9a (0x0482e363)
core   0: 0x80008ae0 (0x015d39b3) sltu    s3, s10, s5
core   0: 3 0x80008ae0 (0x015d39b3) x19 0x00000001
core   0: 0x80008ae4 (0x03d18363) beq     gp, t4, pc + 38
core   0: 3 0x80008ae4 (0x03d18363)
core   0: 0x80008ae8 (0x003e84b3) add     s1, t4, gp
core   0: 3 0x80008ae8 (0x003e84b3) x9  0x36881fff
core   0: 0x80008aec (0x00008f89) c.sub   a5, a0
core   0: 3 0x80008aec (0x8f89) x15 0x01052a80
core   0: 0x80008aee (0x8f4c3597) auipc   a1, 0x8f4c3
core   0: 3 0x80008aee (0x8f4c3597) x11 0x0f4cbaee
core   0: 0x80008af2 (0x018c3333) sltu    t1, s8, s8
core   0: 3 0x80008af2 (0x018c3333) x6  0x00000000
core   0: 0x80008af6 (0x03308833) mul     a6, ra, s3
core   0: 3 0x80008af6 (0x03308833) x16 0x00000000
core   0: 0x80008afa (0x00000e9d) c.addi  t4, 7
core   0: 3 0x80008afa (0x0e9d) x29 0x36882007
core   0: 0x80008afc (0x03eba333) mulhsu  t1, s7, t5
core   0: 3 0x80008afc (0x03eba333) x6  0x00000000
core   0: 0x80008b00 (0x00171593) slli    a1, a4, 1
core   0: 3 0x80008b00 (0x00171593) x11 0xfffffffe
core   0: 0x80008b04 (0x00008f85) c.sub   a5, s1
core   0: 3 0x80008b04 (0x8f85) x15 0xca7d0a81
core   0: 0x80008b06 (0x00e56e33) or      t3, a0, a4
core   0: 3 0x80008b06 (0x00e56e33) x28 0xffffffff
core   0: 0x80008b0a (0x02465bb3) divu    s7, a2, tp
core   0: 3 0x80008b0a (0x02465bb3) x23 0xffffffff
core   0: 0x80008b0e (0x023dad33) mulhsu  s10, s11, gp
core   0: 3 0x80008b0e (0x023dad33) x26 0x00000000
core   0: 0x80008b12 (0x7bd42c13) slti    s8, s0, 1981
core   0: 3 0x80008b12 (0x7bd42c13) x24 0x00000001
core   0: 0x80008b16 (0x0ee86d93) ori     s11, a6, 238
core   0: 3 0x80008b16 (0x0ee86d93) x27 0x000000ee
core   0: 0x80008b1a (0x00000001) c.nop
core   0: 3 0x80008b1a (0x0001)
core   0: 0x80008b1c (0x0147f033) and     zero, a5, s4
core   0: 3 0x80008b1c (0x0147f033)
core   0: 0x80008b20 (0x00676f33) or      t5, a4, t1
core   0: 3 0x80008b20 (0x00676f33) x30 0xffffffff
core   0: 0x80008b24 (0x025d8d33) mul     s10, s11, t0
core   0: 3 0x80008b24 (0x025d8d33) x26 0x00000000
core   0: 0x80008b28 (0xe79f8bb7) lui     s7, 0xe79f8
core   0: 3 0x80008b28 (0xe79f8bb7) x23 0xe79f8000
core   0: 0x80008b2c (0x002582b3) add     t0, a1, sp
core   0: 3 0x80008b2c (0x002582b3) x5  0xf38422e5
core   0: 0x80008b30 (0x03ff2bb3) mulhsu  s7, t5, t6
core   0: 3 0x80008b30 (0x03ff2bb3) x23 0xffffffff
core   0: 0x80008b34 (0x00000edd) c.addi  t4, 23
core   0: 3 0x80008b34 (0x0edd) x29 0x3688201e
core   0: 0x80008b36 (0x00df7733) and     a4, t5, a3
core   0: 3 0x80008b36 (0x00df7733) x14 0x00000000
core   0: 0x80008b3a (0x00a8e633) or      a2, a7, a0
core   0: 3 0x80008b3a (0x00a8e633) x12 0x00003000
core   0: 0x80008b3e (0x00000001) c.nop
core   0: 3 0x80008b3e (0x0001)
core   0: 0x80008b40 (0x01385f33) srl     t5, a6, s3
core   0: 3 0x80008b40 (0x01385f33) x30 0x00000000
core   0: 0x80008b44 (0x023d5233) divu    tp, s10, gp
core   0: 3 0x80008b44 (0x023d5233) x4  0x00000000
core   0: 0x80008b48 (0x029a7e33) remu    t3, s4, s1
core   0: 3 0x80008b48 (0x029a7e33) x28 0x12f21e16
core   0: 0x80008b4c (0x0064aeb3) slt     t4, s1, t1
core   0: 3 0x80008b4c (0x0064aeb3) x29 0x00000000
core   0: 0x80008b50 (0x02b7f063) bgeu    a5, a1, pc + 32
core   0: 3 0x80008b50 (0x02b7f063)
core   0: 0x80008b54 (0x01bf3233) sltu    tp, t5, s11
core   0: 3 0x80008b54 (0x01bf3233) x4  0x00000001
core   0: 0x80008b58 (0x01be59b3) srl     s3, t3, s11
core   0: 3 0x80008b58 (0x01be59b3) x19 0x00004bc8
core   0: 0x80008b5c (0x000003e9) c.addi  t2, 26
core   0: 3 0x80008b5c (0x03e9) x7  0x0001701a
core   0: 0x80008b5e (0x00767663) bgeu    a2, t2, pc + 12
core   0: 3 0x80008b5e (0x00767663)
core   0: 0x80008b62 (0x01641b63) bne     s0, s6, pc + 22
core   0: 3 0x80008b62 (0x01641b63)
core   0: 0x80008b78 (0x00008c49) c.or    s0, a0
core   0: 3 0x80008b78 (0x8c49) x8  0x00000001
core   0: 0x80008b7a (0x0265c633) div     a2, a1, t1
core   0: 3 0x80008b7a (0x0265c633) x12 0xffffffff
core   0: 0x80008b7e (0x0000e995) c.bnez  a1, pc + 52
core   0: 3 0x80008b7e (0xe995)
core   0: 0x80008bb2 (0x000094de) c.add   s1, s7
core   0: 3 0x80008bb2 (0x94de) x9  0x36881ffe
core   0: 0x80008bb4 (0x011c8033) add     zero, s9, a7
core   0: 3 0x80008bb4 (0x011c8033)
core   0: 0x80008bb8 (0x419a03b3) sub     t2, s4, s9
core   0: 3 0x80008bb8 (0x419a03b3) x7  0x8c7e3727
core   0: 0x80008bbc (0x00569663) bne     a3, t0, pc + 12
core   0: 3 0x80008bbc (0x00569663)
core   0: 0x80008bc8 (0x02f1e0b3) rem     ra, gp, a5
core   0: 3 0x80008bc8 (0x02f1e0b3) x1  0xffffffff
core   0: 0x80008bcc (0x01bb4963) blt     s6, s11, pc + 18
core   0: 3 0x80008bcc (0x01bb4963)
core   0: 0x80008bde (0x00006469) c.lui   s0, 0x1a
core   0: 3 0x80008bde (0x6469) x8  0x0001a000
core   0: 0x80008be0 (0x7f373817) auipc   a6, 0x7f373
core   0: 3 0x80008be0 (0x7f373817) x16 0xff37bbe0
core   0: 0x80008be4 (0x01a26863) bltu    tp, s10, pc + 16
core   0: 3 0x80008be4 (0x01a26863)
core   0: 0x80008be8 (0x0308b433) mulhu   s0, a7, a6
core   0: 3 0x80008be8 (0x0308b433) x8  0x00002fda
core   0: 0x80008bec (0x01a24a63) blt     tp, s10, pc + 20
core   0: 3 0x80008bec (0x01a24a63)
core   0: 0x80008bf0 (0x014899b3) sll     s3, a7, s4
core   0: 3 0x80008bf0 (0x014899b3) x19 0x00000000
core   0: 0x80008bf4 (0x03458eb3) mul     t4, a1, s4
core   0: 3 0x80008bf4 (0x03458eb3) x29 0xfffb43d8
core   0: 0x80008bf8 (0x01348bb3) add     s7, s1, s3
core   0: 3 0x80008bf8 (0x01348bb3) x23 0x36881ffe
core   0: 0x80008bfc (0x0000982a) c.add   a6, a0
core   0: 3 0x80008bfc (0x982a) x16 0xff37bbe0
core   0: 0x80008bfe (0x00000e6a) c.slli  t3, 26
core   0: 3 0x80008bfe (0x0e6a) x28 0x58000000
core   0: 0x80008c00 (0xd21f8393) addi    t2, t6, -735
core   0: 3 0x80008c00 (0xd21f8393) x7  0xc14a9d21
core   0: 0x80008c04 (0x01d13d13) sltiu   s10, sp, 29
core   0: 3 0x80008c04 (0x01d13d13) x26 0x00000000
core   0: 0x80008c08 (0x407584b3) sub     s1, a1, t2
core   0: 3 0x80008c08 (0x407584b3) x9  0x3eb562dd
core   0: 0x80008c0c (0x01ec9093) slli    ra, s9, 30
core   0: 3 0x80008c0c (0x01ec9093) x1  0x40000000
core   0: 0x80008c10 (0x00000fee) c.slli  t6, 27
core   0: 3 0x80008c10 (0x0fee) x31 0x00000000
core   0: 0x80008c12 (0x1bc26693) ori     a3, tp, 444
core   0: 3 0x80008c12 (0x1bc26693) x13 0x000001bd
core   0: 0x80008c16 (0x008e84b3) add     s1, t4, s0
core   0: 3 0x80008c16 (0x008e84b3) x9  0xfffb73b2
core   0: 0x80008c1a (0x00008736) c.mv    a4, a3
core   0: 3 0x80008c1a (0x8736) x14 0x000001bd
core   0: 0x80008c1c (0x012194b3) sll     s1, gp, s2
core   0: 3 0x80008c1c (0x012194b3) x9  0xfffffff8
core   0: 0x80008c20 (0x024a9363) bne     s5, tp, pc + 38
core   0: 3 0x80008c20 (0x024a9363)
core   0: 0x80008c46 (0x000050fd) c.li    ra, -1
core   0: 3 0x80008c46 (0x50fd) x1  0xffffffff
core   0: 0x80008c48 (0x00006c9d) c.lui   s9, 0x7
core   0: 3 0x80008c48 (0x6c9d) x25 0x00007000
core   0: 0x80008c4a (0x017b5493) srli    s1, s6, 23
core   0: 3 0x80008c4a (0x017b5493) x9  0x00000000
core   0: 0x80008c4e (0xe5be8013) addi    zero, t4, -421
core   0: 3 0x80008c4e (0xe5be8013)
core   0: 0x80008c52 (0x023fd363) bge     t6, gp, pc + 38
core   0: 3 0x80008c52 (0x023fd363)
core   0: 0x80008c78 (0x00008c25) c.xor   s0, s1
core   0: 3 0x80008c78 (0x8c25) x8  0x00002fda
core   0: 0x80008c7a (0x0bc7c963) blt     a5, t3, pc + 178
core   0: 3 0x80008c7a (0x0bc7c963)
core   0: 0x80008d2c (0x009048b3) xor     a7, zero, s1
core   0: 3 0x80008d2c (0x009048b3) x17 0x00000000
core   0: 0x80008d30 (0x000010fd) c.addi  ra, -1
core   0: 3 0x80008d30 (0x10fd) x1  0xfffffffe
core   0: 0x80008d32 (0x41f1d533) sra     a0, gp, t6
core   0: 3 0x80008d32 (0x41f1d533) x10 0xffffffff
core   0: 0x80008d36 (0x00c69333) sll     t1, a3, a2
core   0: 3 0x80008d36 (0x00c69333) x6  0x80000000
core   0: 0x80008d3a (0x01e36633) or      a2, t1, t5
core   0: 3 0x80008d3a (0x01e36633) x12 0x80000000
core   0: 0x80008d3e (0x00006c99) c.lui   s9, 0x6
core   0: 3 0x80008d3e (0x6c99) x25 0x00006000
core   0: 0x80008d40 (0x00008e9d) c.sub   a3, a5
core   0: 3 0x80008d40 (0x8e9d) x13 0x3582f73c
core   0: 0x80008d42 (0x000093be) c.add   t2, a5
core   0: 3 0x80008d42 (0x93be) x7  0x8bc7a7a2
core   0: 0x80008d44 (0x00c21263) bne     tp, a2, pc + 4
core   0: 3 0x80008d44 (0x00c21263)
core   0: 0x80008d48 (0x02d2c463) blt     t0, a3, pc + 40
core   0: 3 0x80008d48 (0x02d2c463)
core   0: 0x80008d70 (0x03647933) remu    s2, s0, s6
core   0: 3 0x80008d70 (0x03647933) x18 0x00002fda
core   0: 0x80008d74 (0x4faaeb13) ori     s6, s5, 1274
core   0: 3 0x80008d74 (0x4faaeb13) x22 0x80029dfe
core   0: 0x80008d78 (0x04281063) bne     a6, sp, pc + 64
core   0: 3 0x80008d78 (0x04281063)
core   0: 0x80008db8 (0x0926e713) ori     a4, a3, 146
core   0: 3 0x80008db8 (0x0926e713) x14 0x3582f7be
core   0: 0x80008dbc (0x0000e685) c.bnez  a3, pc + 40
core   0: 3 0x80008dbc (0xe685)
core   0: 0x80008de4 (0x803fae93) slti    t4, t6, -2045
core   0: 3 0x80008de4 (0x803fae93) x29 0x00000000
core   0: 0x80008de8 (0x00570963) beq     a4, t0, pc + 18
core   0: 3 0x80008de8 (0x00570963)
core   0: 0x80008dec (0x0000c599) c.beqz  a1, pc + 14
core   0: 3 0x80008dec (0xc599)
core   0: 0x80008dee (0x00fb5b63) bge     s6, a5, pc + 22
core   0: 3 0x80008dee (0x00fb5b63)
core   0: 0x80008df2 (0x0352e663) bltu    t0, s5, pc + 44
core   0: 3 0x80008df2 (0x0352e663)
core   0: 0x80008df6 (0x02f9ac33) mulhsu  s8, s3, a5
core   0: 3 0x80008df6 (0x02f9ac33) x24 0x00000000
core   0: 0x80008dfa (0x000041ad) c.li    gp, 11
core   0: 3 0x80008dfa (0x41ad) x3  0x0000000b
core   0: 0x80008dfc (0x00b44863) blt     s0, a1, pc + 16
core   0: 3 0x80008dfc (0x00b44863)
core   0: 0x80008e00 (0x02563c33) mulhu   s8, a2, t0
core   0: 3 0x80008e00 (0x02563c33) x24 0x79c21172
core   0: 0x80008e04 (0x00d59db3) sll     s11, a1, a3
core   0: 3 0x80008e04 (0x00d59db3) x27 0xe0000000
core   0: 0x80008e08 (0x00000522) c.slli  a0, 8
core   0: 3 0x80008e08 (0x0522) x10 0xffffff00
core   0: 0x80008e0a (0x0000e089) c.bnez  s1, pc + 2
core   0: 3 0x80008e0a (0xe089)
core   0: 0x80008e0c (0x0388b033) mulhu   zero, a7, s8
core   0: 3 0x80008e0c (0x0388b033)
core   0: 0x80008e10 (0x01e8d613) srli    a2, a7, 30
core   0: 3 0x80008e10 (0x01e8d613) x12 0x00000000
core   0: 0x80008e14 (0x025c7b63) bgeu    s8, t0, pc + 54
core   0: 3 0x80008e14 (0x025c7b63)
core   0: 0x80008e18 (0x70600c13) li      s8, 1798
core   0: 3 0x80008e18 (0x70600c13) x24 0x00000706
core   0: 0x80008e1c (0x00006909) c.lui   s2, 0x2
core   0: 3 0x80008e1c (0x6909) x18 0x00002000
core   0: 0x80008e1e (0x012621b3) slt     gp, a2, s2
core   0: 3 0x80008e1e (0x012621b3) x3  0x00000001
core   0: 0x80008e22 (0x02103733) mulhu   a4, zero, ra
core   0: 3 0x80008e22 (0x02103733) x14 0x00000000
core   0: 0x80008e26 (0x0011e333) or      t1, gp, ra
core   0: 3 0x80008e26 (0x0011e333) x6  0xffffffff
core   0: 0x80008e2a (0x41ad5913) srai    s2, s10, 26
core   0: 3 0x80008e2a (0x41ad5913) x18 0x00000000
core   0: 0x80008e2e (0x00cd50b3) srl     ra, s10, a2
core   0: 3 0x80008e2e (0x00cd50b3) x1  0x00000000
core   0: 0x80008e32 (0x01558b63) beq     a1, s5, pc + 22
core   0: 3 0x80008e32 (0x01558b63)
core   0: 0x80008e36 (0xbb97b093) sltiu   ra, a5, -1095
core   0: 3 0x80008e36 (0xbb97b093) x1  0x00000001
core   0: 0x80008e3a (0x01c99793) slli    a5, s3, 28
core   0: 3 0x80008e3a (0x01c99793) x15 0x00000000
core   0: 0x80008e3e (0x03fad163) bge     s5, t6, pc + 34
core   0: 3 0x80008e3e (0x03fad163)
core   0: 0x80008e42 (0x00e86eb3) or      t4, a6, a4
core   0: 3 0x80008e42 (0x00e86eb3) x29 0xff37bbe0
core   0: 0x80008e46 (0x00005dfd) c.li    s11, -1
core   0: 3 0x80008e46 (0x5dfd) x27 0xffffffff
core   0: 0x80008e48 (0x00000001) c.nop
core   0: 3 0x80008e48 (0x0001)
core   0: 0x80008e4a (0x78c46713) ori     a4, s0, 1932
core   0: 3 0x80008e4a (0x78c46713) x14 0x00002fde
core   0: 0x80008e4e (0x00000c66) c.slli  s8, 25
core   0: 3 0x80008e4e (0x0c66) x24 0x0c000000
core   0: 0x80008e50 (0x004b7563) bgeu    s6, tp, pc + 10
core   0: 3 0x80008e50 (0x004b7563)
core   0: 0x80008e5a (0x40fb5f33) sra     t5, s6, a5
core   0: 3 0x80008e5a (0x40fb5f33) x30 0x80029dfe
core   0: 0x80008e5e (0x00000e96) c.slli  t4, 5
core   0: 3 0x80008e5e (0x0e96) x29 0xe6f77c00
core   0: 0x80008e60 (0x41fa5b93) srai    s7, s4, 31
core   0: 3 0x80008e60 (0x41fa5b93) x23 0xffffffff
core   0: 0x80008e64 (0x00350db3) add     s11, a0, gp
core   0: 3 0x80008e64 (0x00350db3) x27 0xffffff01
core   0: 0x80008e68 (0x00008fed) c.and   a5, a1
core   0: 3 0x80008e68 (0x8fed) x15 0x00000000
core   0: 0x80008e6a (0x0000818d) c.srli  a1, 3
core   0: 3 0x80008e6a (0x818d) x11 0x1fffffff
core   0: 0x80008e6c (0x013714b3) sll     s1, a4, s3
core   0: 3 0x80008e6c (0x013714b3) x9  0x00002fde
core   0: 0x80008e70 (0x03025063) bge     tp, a6, pc + 32
core   0: 3 0x80008e70 (0x03025063)
core   0: 0x80008e90 (0x033a2d33) mulhsu  s10, s4, s3
core   0: 3 0x80008e90 (0x033a2d33) x26 0x00000000
core   0: 0x80008e94 (0x00000ba2) c.slli  s7, 8
core   0: 3 0x80008e94 (0x0ba2) x23 0xffffff00
core   0: 0x80008e96 (0x0367e563) bltu    a5, s6, pc + 42
core   0: 3 0x80008e96 (0x0367e563)
core   0: 0x80008ec0 (0x00726333) or      t1, tp, t2
core   0: 3 0x80008ec0 (0x00726333) x6  0x8bc7a7a3
core   0: 0x80008ec4 (0x0083fe33) and     t3, t2, s0
core   0: 3 0x80008ec4 (0x0083fe33) x28 0x00002782
core   0: 0x80008ec8 (0x02f47bb3) remu    s7, s0, a5
core   0: 3 0x80008ec8 (0x02f47bb3) x23 0x00002fda
core   0: 0x80008ecc (0x00008309) c.srli  a4, 2
core   0: 3 0x80008ecc (0x8309) x14 0x00000bf7
core   0: 0x80008ece (0x03367763) bgeu    a2, s3, pc + 46
core   0: 3 0x80008ece (0x03367763)
core   0: 0x80008efc (0x00008d25) c.xor   a0, s1
core   0: 3 0x80008efc (0x8d25) x10 0xffffd0de
core   0: 0x80008efe (0x02c331b3) mulhu   gp, t1, a2
core   0: 3 0x80008efe (0x02c331b3) x3  0x00000000
core   0: 0x80008f02 (0xd0210b93) addi    s7, sp, -766
core   0: 3 0x80008f02 (0xd0210b93) x23 0xf3841fe9
core   0: 0x80008f06 (0x03b5e733) rem     a4, a1, s11
core   0: 3 0x80008f06 (0x03b5e733) x14 0x0000001f
core   0: 0x80008f0a (0xffef99b7) lui     s3, 0xffef9
core   0: 3 0x80008f0a (0xffef99b7) x19 0xffef9000
core   0: 0x80008f0e (0x00006831) c.lui   a6, 0xc
core   0: 3 0x80008f0e (0x6831) x16 0x0000c000
core   0: 0x80008f10 (0x00818633) add     a2, gp, s0
core   0: 3 0x80008f10 (0x00818633) x12 0x00002fda
core   0: 0x80008f14 (0x0caaa3b7) lui     t2, 0xcaaa
core   0: 3 0x80008f14 (0x0caaa3b7) x7  0x0caaa000
core   0: 0x80008f18 (0x000012fd) c.addi  t0, -1
core   0: 3 0x80008f18 (0x12fd) x5  0xf38422e4
core   0: 0x80008f1a (0x026f2eb3) mulhsu  t4, t5, t1
core   0: 3 0x80008f1a (0x026f2eb3) x29 0xba1d9a01
core   0: 0x80008f1e (0x00008639) c.srai  a2, 14
core   0: 3 0x80008f1e (0x8639) x12 0x00000000
core   0: 0x80008f20 (0x0000e08d) c.bnez  s1, pc + 34
core   0: 3 0x80008f20 (0xe08d)
core   0: 0x80008f42 (0x523b8e13) addi    t3, s7, 1315
core   0: 3 0x80008f42 (0x523b8e13) x28 0xf384250c
core   0: 0x80008f46 (0x024b1e33) mulh    t3, s6, tp
core   0: 3 0x80008f46 (0x024b1e33) x28 0xffffffff
core   0: 0x80008f4a (0x00aac763) blt     s5, a0, pc + 14
core   0: 3 0x80008f4a (0x00aac763)
core   0: 0x80008f58 (0x00000001) c.nop
core   0: 3 0x80008f58 (0x0001)
core   0: 0x80008f5a (0x00008d71) c.and   a0, a2
core   0: 3 0x80008f5a (0x8d71) x10 0x00000000
core   0: 0x80008f5c (0x40edde13) srai    t3, s11, 14
core   0: 3 0x80008f5c (0x40edde13) x28 0xffffffff
core   0: 0x80008f60 (0x000003a2) c.slli  t2, 8
core   0: 3 0x80008f60 (0x03a2) x7  0xaaa00000
core   0: 0x80008f62 (0xc384c613) xori    a2, s1, -968
core   0: 3 0x80008f62 (0xc384c613) x12 0xffffd3e6
core   0: 0x80008f66 (0x000083a2) c.mv    t2, s0
core   0: 3 0x80008f66 (0x83a2) x7  0x00002fda
core   0: 0x80008f68 (0x41655b33) sra     s6, a0, s6
core   0: 3 0x80008f68 (0x41655b33) x22 0x00000000
core   0: 0x80008f6c (0x03b45633) divu    a2, s0, s11
core   0: 3 0x80008f6c (0x03b45633) x12 0x00000000
core   0: 0x80008f70 (0x000085b1) c.srai  a1, 12
core   0: 3 0x80008f70 (0x85b1) x11 0x0001ffff
core   0: 0x80008f72 (0x00e267b3) or      a5, tp, a4
core   0: 3 0x80008f72 (0x00e267b3) x15 0x0000001f
core   0: 0x80008f76 (0x00cb1263) bne     s6, a2, pc + 4
core   0: 3 0x80008f76 (0x00cb1263)
core   0: 0x80008f7a (0x000060b5) c.lui   ra, 0xd
core   0: 3 0x80008f7a (0x60b5) x1  0x0000d000
core   0: 0x80008f7c (0x00424033) xor     zero, tp, tp
core   0: 3 0x80008f7c (0x00424033)
core   0: 0x80008f80 (0x99df0893) addi    a7, t5, -1635
core   0: 3 0x80008f80 (0x99df0893) x17 0x8002979b
core   0: 0x80008f84 (0x4123db93) srai    s7, t2, 18
core   0: 3 0x80008f84 (0x4123db93) x23 0x00000000
core   0: 0x80008f88 (0xbd29b413) sltiu   s0, s3, -1070
core   0: 3 0x80008f88 (0xbd29b413) x8  0x00000001
core   0: 0x80008f8c (0x000087f1) c.srai  a5, 28
core   0: 3 0x80008f8c (0x87f1) x15 0x00000000
core   0: 0x80008f8e (0x000f9db3) sll     s11, t6, zero
core   0: 3 0x80008f8e (0x000f9db3) x27 0x00000000
core   0: 0x80008f92 (0x00c66e33) or      t3, a2, a2
core   0: 3 0x80008f92 (0x00c66e33) x28 0x00000000
core   0: 0x80008f96 (0x00008c05) c.sub   s0, s1
core   0: 3 0x80008f96 (0x8c05) x8  0xffffd023
core   0: 0x80008f98 (0x0000c3a9) c.beqz  a5, pc + 66
core   0: 3 0x80008f98 (0xc3a9)
core   0: 0x80008fda (0x00000286) c.slli  t0, 1
core   0: 3 0x80008fda (0x0286) x5  0xe70845c8
core   0: 0x80008fdc (0x00000001) c.nop
core   0: 3 0x80008fdc (0x0001)
core   0: 0x80008fde (0x00a3db63) bge     t2, a0, pc + 22
core   0: 3 0x80008fde (0x00a3db63)
core   0: 0x80008ff4 (0x41665633) sra     a2, a2, s6
core   0: 3 0x80008ff4 (0x41665633) x12 0x00000000
core   0: 0x80008ff8 (0x035b9763) bne     s7, s5, pc + 46
core   0: 3 0x80008ff8 (0x035b9763)
core   0: 0x80009026 (0x0000c781) c.beqz  a5, pc + 8
core   0: 3 0x80009026 (0xc781)
core   0: 0x8000902e (0x03ddc4b3) div     s1, s11, t4
core   0: 3 0x8000902e (0x03ddc4b3) x9  0x00000000
core   0: 0x80009032 (0x7e118e13) addi    t3, gp, 2017
core   0: 3 0x80009032 (0x7e118e13) x28 0x000007e1
core   0: 0x80009036 (0x030ae1b3) rem     gp, s5, a6
core   0: 3 0x80009036 (0x030ae1b3) x3  0xffffdd24
core   0: 0x8000903a (0x03e7d7b3) divu    a5, a5, t5
core   0: 3 0x8000903a (0x03e7d7b3) x15 0x00000000
core   0: 0x8000903e (0x9970e193) ori     gp, ra, -1641
core   0: 3 0x8000903e (0x9970e193) x3  0xfffff997
core   0: 0x80009042 (0x015d7db3) and     s11, s10, s5
core   0: 3 0x80009042 (0x015d7db3) x27 0x00000000
core   0: 0x80009046 (0x03c6e733) rem     a4, a3, t3
core   0: 3 0x80009046 (0x03c6e733) x14 0x0000028c
core   0: 0x8000904a (0x0000c009) c.beqz  s0, pc + 2
core   0: 3 0x8000904a (0xc009)
core   0: 0x8000904c (0x025b0433) mul     s0, s6, t0
core   0: 3 0x8000904c (0x025b0433) x8  0x00000000
core   0: 0x80009050 (0x0268b0b3) mulhu   ra, a7, t1
core   0: 3 0x80009050 (0x0268b0b3) x1  0x45e53e28
core   0: 0x80009054 (0x00009bfd) c.andi  a5, -1
core   0: 3 0x80009054 (0x9bfd) x15 0x00000000
core   0: 0x80009056 (0x0000987d) c.andi  s0, -1
core   0: 3 0x80009056 (0x987d) x8  0x00000000
core   0: 0x80009058 (0xa3e3a813) slti    a6, t2, -1474
core   0: 3 0x80009058 (0xa3e3a813) x16 0x00000000
core   0: 0x8000905c (0x00009bfa) c.add   s7, t5
core   0: 3 0x8000905c (0x9bfa) x23 0x80029dfe
core   0: 0x8000905e (0xbcfae913) ori     s2, s5, -1073
core   0: 3 0x8000905e (0xbcfae913) x18 0xffffffef
core   0: 0x80009062 (0x02f289b3) mul     s3, t0, a5
core   0: 3 0x80009062 (0x02f289b3) x19 0x00000000
core   0: 0x80009066 (0x0000e799) c.bnez  a5, pc + 14
core   0: 3 0x80009066 (0xe799)
core   0: 0x80009068 (0x03df4433) div     s0, t5, t4
core   0: 3 0x80009068 (0x03df4433) x8  0x00000001
core   0: 0x8000906c (0x01eee463) bltu    t4, t5, pc + 8
core   0: 3 0x8000906c (0x01eee463)
core   0: 0x80009070 (0x0000e109) c.bnez  a0, pc + 2
core   0: 3 0x80009070 (0xe109)
core   0: 0x80009072 (0x00008d11) c.sub   a0, a2
core   0: 3 0x80009072 (0x8d11) x10 0x00000000
core   0: 0x80009074 (0x01db8763) beq     s7, t4, pc + 14
core   0: 3 0x80009074 (0x01db8763)
core   0: 0x80009078 (0x03b400b3) mul     ra, s0, s11
core   0: 3 0x80009078 (0x03b400b3) x1  0x00000000
core   0: 0x8000907c (0x00006345) c.lui   t1, 0x11
core   0: 3 0x8000907c (0x6345) x6  0x00011000
core   0: 0x8000907e (0x017a65b3) or      a1, s4, s7
core   0: 3 0x8000907e (0x017a65b3) x11 0x8002dffe
core   0: 0x80009082 (0x0000c309) c.beqz  a4, pc + 2
core   0: 3 0x80009082 (0xc309)
core   0: 0x80009084 (0x4f822b97) auipc   s7, 0x4f822
core   0: 3 0x80009084 (0x4f822b97) x23 0xcf82b084
core   0: 0x80009088 (0x023ba8b3) mulhsu  a7, s7, gp
core   0: 3 0x80009088 (0x023ba8b3) x17 0xcf82b1ba
core   0: 0x8000908c (0x98246793) ori     a5, s0, -1662
core   0: 3 0x8000908c (0x98246793) x15 0xfffff983
core   0: 0x80009090 (0x019d9433) sll     s0, s11, s9
core   0: 3 0x80009090 (0x019d9433) x8  0x00000000
core   0: 0x80009094 (0x0000023e) c.slli  tp, 15
core   0: 3 0x80009094 (0x023e) x4  0x00008000
core   0: 0x80009096 (0x035583b3) mul     t2, a1, s5
core   0: 3 0x80009096 (0x035583b3) x7  0x83c245b8
core   0: 0x8000909a (0x00749f13) slli    t5, s1, 7
core   0: 3 0x8000909a (0x00749f13) x30 0x00000000
core   0: 0x8000909e (0x0000849d) c.srai  s1, 7
core   0: 3 0x8000909e (0x849d) x9  0x00000000
core   0: 0x800090a0 (0x01d8de13) srli    t3, a7, 29
core   0: 3 0x800090a0 (0x01d8de13) x28 0x00000006
core   0: 0x800090a4 (0x021f7233) remu    tp, t5, ra
core   0: 3 0x800090a4 (0x021f7233) x4  0x00000000
core   0: 0x800090a8 (0x00001f7d) c.addi  t5, -1
core   0: 3 0x800090a8 (0x1f7d) x30 0xffffffff
core   0: 0x800090aa (0x00000866) c.slli  a6, 25
core   0: 3 0x800090aa (0x0866) x16 0x00000000
core   0: 0x800090ac (0x41868db3) sub     s11, a3, s8
core   0: 3 0x800090ac (0x41868db3) x27 0x2982f73c
core   0: 0x800090b0 (0x02269733) mulh    a4, a3, sp
core   0: 3 0x800090b0 (0x02269733) x14 0xfd63f845
core   0: 0x800090b4 (0xae40b293) sltiu   t0, ra, -1308
core   0: 3 0x800090b4 (0xae40b293) x5  0x00000001
core   0: 0x800090b8 (0x00008c3d) c.xor   s0, a5
core   0: 3 0x800090b8 (0x8c3d) x8  0xfffff983
core   0: 0x800090ba (0x00ff6663) bltu    t5, a5, pc + 12
core   0: 3 0x800090ba (0x00ff6663)
core   0: 0x800090be (0x0061ee33) or      t3, gp, t1
core   0: 3 0x800090be (0x0061ee33) x28 0xfffff997
core   0: 0x800090c2 (0x66df0f13) addi    t5, t5, 1645
core   0: 3 0x800090c2 (0x66df0f13) x30 0x0000066c
core   0: 0x800090c6 (0x00c93d33) sltu    s10, s2, a2
core   0: 3 0x800090c6 (0x00c93d33) x26 0x00000000
core   0: 0x800090ca (0x03aad263) bge     s5, s10, pc + 36
core   0: 3 0x800090ca (0x03aad263)
core   0: 0x800090ce (0x012e8433) add     s0, t4, s2
core   0: 3 0x800090ce (0x012e8433) x8  0xba1d99f0
core   0: 0x800090d2 (0x00000001) c.nop
core   0: 3 0x800090d2 (0x0001)
core   0: 0x800090d4 (0x00009a7d) c.andi  a2, -1
core   0: 3 0x800090d4 (0x9a7d) x12 0x00000000
core   0: 0x800090d6 (0x00005e7d) c.li    t3, -1
core   0: 3 0x800090d6 (0x5e7d) x28 0xffffffff
core   0: 0x800090d8 (0x02d8cdb3) div     s11, a7, a3
core   0: 3 0x800090d8 (0x02d8cdb3) x27 0x00000000
core   0: 0x800090dc (0x0000844a) c.mv    s0, s2
core   0: 3 0x800090dc (0x844a) x8  0xffffffef
core   0: 0x800090de (0x04c48213) addi    tp, s1, 76
core   0: 3 0x800090de (0x04c48213) x4  0x0000004c
core   0: 0x800090e2 (0x01d933b3) sltu    t2, s2, t4
core   0: 3 0x800090e2 (0x01d933b3) x7  0x00000000
core   0: 0x800090e6 (0x01745963) bge     s0, s7, pc + 18
core   0: 3 0x800090e6 (0x01745963)
core   0: 0x800090f8 (0x35052813) slti    a6, a0, 848
core   0: 3 0x800090f8 (0x35052813) x16 0x00000001
core   0: 0x800090fc (0x00008f6d) c.and   a4, a1
core   0: 3 0x800090fc (0x8f6d) x14 0x8002d844
core   0: 0x800090fe (0x00034663) bltz    t1, pc + 12
core   0: 3 0x800090fe (0x00034663)
core   0: 0x80009102 (0x00008e15) c.sub   a2, a3
core   0: 3 0x80009102 (0x8e15) x12 0xca7d08c4
core   0: 0x80009104 (0x0000858d) c.srai  a1, 3
core   0: 3 0x80009104 (0x858d) x11 0xf0005bff
core   0: 0x80009106 (0x24230713) addi    a4, t1, 578
core   0: 3 0x80009106 (0x24230713) x14 0x00011242
core   0: 0x8000910a (0x0000c419) c.beqz  s0, pc + 14
core   0: 3 0x8000910a (0xc419)
core   0: 0x8000910c (0x97cc2813) slti    a6, s8, -1668
core   0: 3 0x8000910c (0x97cc2813) x16 0x00000000
core   0: 0x80009110 (0x0af28613) addi    a2, t0, 175
core   0: 3 0x80009110 (0x0af28613) x12 0x000000b0
core   0: 0x80009114 (0x410a5d17) auipc   s10, 0x410a5
core   0: 3 0x80009114 (0x410a5d17) x26 0xc10ae114
core   0: 0x80009118 (0x00006cad) c.lui   s9, 0xb
core   0: 3 0x80009118 (0x6cad) x25 0x0000b000
core   0: 0x8000911a (0x00e22d33) slt     s10, tp, a4
core   0: 3 0x8000911a (0x00e22d33) x26 0x00000001
core   0: 0x8000911e (0x00000001) c.nop
core   0: 3 0x8000911e (0x0001)
core   0: 0x80009120 (0x028428b3) mulhsu  a7, s0, s0
core   0: 3 0x80009120 (0x028428b3) x17 0xffffffef
core   0: 0x80009124 (0x02a60863) beq     a2, a0, pc + 48
core   0: 3 0x80009124 (0x02a60863)
core   0: 0x80009128 (0x014a05b3) add     a1, s4, s4
core   0: 3 0x80009128 (0x014a05b3) x11 0x0004bc28
core   0: 0x8000912c (0x01e8ea63) bltu    a7, t5, pc + 20
core   0: 3 0x8000912c (0x01e8ea63)
core   0: 0x80009130 (0x03ad0263) beq     s10, s10, pc + 36
core   0: 3 0x80009130 (0x03ad0263)
core   0: 0x80009154 (0x02411963) bne     sp, tp, pc + 50
core   0: 3 0x80009154 (0x02411963)
core   0: 0x80009186 (0x00009daa) c.add   s11, a0
core   0: 3 0x80009186 (0x9daa) x27 0x00000000
core   0: 0x80009188 (0x02fe03b3) mul     t2, t3, a5
core   0: 3 0x80009188 (0x02fe03b3) x7  0x0000067d
core   0: 0x8000918c (0x03772533) mulhsu  a0, a4, s7
core   0: 3 0x8000918c (0x03772533) x10 0x0000de4f
core   0: 0x80009190 (0x00cabf33) sltu    t5, s5, a2
core   0: 3 0x80009190 (0x00cabf33) x30 0x00000000
core   0: 0x80009194 (0x01267963) bgeu    a2, s2, pc + 18
core   0: 3 0x80009194 (0x01267963)
core   0: 0x80009198 (0x030e1563) bne     t3, a6, pc + 42
core   0: 3 0x80009198 (0x030e1563)
core   0: 0x800091c2 (0x00009f76) c.add   t5, t4
core   0: 3 0x800091c2 (0x9f76) x30 0xba1d9a01
core   0: 0x800091c4 (0x7d629837) lui     a6, 0x7d629
core   0: 3 0x800091c4 (0x7d629837) x16 0x7d629000
core   0: 0x800091c8 (0x00679963) bne     a5, t1, pc + 18
core   0: 3 0x800091c8 (0x00679963)
core   0: 0x800091da (0x004df333) and     t1, s11, tp
core   0: 3 0x800091da (0x004df333) x6  0x00000000
core   0: 0x800091de (0x00ab4663) blt     s6, a0, pc + 12
core   0: 3 0x800091de (0x00ab4663)
core   0: 0x800091ea (0x02e40cb3) mul     s9, s0, a4
core   0: 3 0x800091ea (0x02e40cb3) x25 0xffedc99e
core   0: 0x800091ee (0x02335263) bge     t1, gp, pc + 36
core   0: 3 0x800091ee (0x02335263)
core   0: 0x80009212 (0x038ead33) mulhsu  s10, t4, s8
core   0: 3 0x80009212 (0x038ead33) x26 0xfcb96338
core   0: 0x80009216 (0x00009dee) c.add   s11, s11
core   0: 3 0x80009216 (0x9dee) x27 0x00000000
core   0: 0x80009218 (0x03a585b3) mul     a1, a1, s10
core   0: 3 0x80009218 (0x03a585b3) x11 0x2eb4a0c0
core   0: 0x8000921c (0x0138d3b3) srl     t2, a7, s3
core   0: 3 0x8000921c (0x0138d3b3) x7  0xffffffef
core   0: 0x80009220 (0x0214f8b3) remu    a7, s1, ra
core   0: 3 0x80009220 (0x0214f8b3) x17 0x00000000
core   0: 0x80009224 (0x00f35333) srl     t1, t1, a5
core   0: 3 0x80009224 (0x00f35333) x6  0x00000000
core   0: 0x80009228 (0x41ee5c13) srai    s8, t3, 30
core   0: 3 0x80009228 (0x41ee5c13) x24 0xffffffff
core   0: 0x8000922c (0x02863bb3) mulhu   s7, a2, s0
core   0: 3 0x8000922c (0x02863bb3) x23 0x000000af
core   0: 0x80009230 (0x00008d35) c.xor   a0, a3
core   0: 3 0x80009230 (0x8d35) x10 0x35822973
core   0: 0x80009232 (0x00008cc5) c.or    s1, s1
core   0: 3 0x80009232 (0x8cc5) x9  0x00000000
core   0: 0x80009234 (0x001314b3) sll     s1, t1, ra
core   0: 3 0x80009234 (0x001314b3) x9  0x00000000
core   0: 0x80009238 (0x00d21bb3) sll     s7, tp, a3
core   0: 3 0x80009238 (0x00d21bb3) x23 0xc0000000
core   0: 0x8000923c (0xda578b13) addi    s6, a5, -603
core   0: 3 0x8000923c (0xda578b13) x22 0xfffff728
core   0: 0x80009240 (0x5c112293) slti    t0, sp, 1473
core   0: 3 0x80009240 (0x5c112293) x5  0x00000001
core   0: 0x80009244 (0x000063a9) c.lui   t2, 0xa
core   0: 3 0x80009244 (0x63a9) x7  0x0000a000
core   0: 0x80009246 (0x02451d33) mulh    s10, a0, tp
core   0: 3 0x80009246 (0x02451d33) x26 0x0000000f
core   0: 0x8000924a (0x03c7efb3) rem     t6, a5, t3
core   0: 3 0x8000924a (0x03c7efb3) x31 0x00000000
core   0: 0x8000924e (0x018b35b3) sltu    a1, s6, s8
core   0: 3 0x8000924e (0x018b35b3) x11 0x00000001
core   0: 0x80009252 (0x00008b95) c.andi  a5, 5
core   0: 3 0x80009252 (0x8b95) x15 0x00000001
core   0: 0x80009254 (0x402a5193) srai    gp, s4, 2
core   0: 3 0x80009254 (0x402a5193) x3  0xe0009785
core   0: 0x80009258 (0x5ded0797) auipc   a5, 0x5ded0
core   0: 3 0x80009258 (0x5ded0797) x15 0xdded9258
core   0: 0x8000925c (0x000091ee) c.add   gp, s11
core   0: 3 0x8000925c (0x91ee) x3  0xe0009785
core   0: 0x8000925e (0x0324fb33) remu    s6, s1, s2
core   0: 3 0x8000925e (0x0324fb33) x22 0x00000000
core   0: 0x80009262 (0x03341563) bne     s0, s3, pc + 42
core   0: 3 0x80009262 (0x03341563)
core   0: 0x8000928c (0x016aa3b3) slt     t2, s5, s6
core   0: 3 0x8000928c (0x016aa3b3) x7  0x00000001
core   0: 0x80009290 (0x4151dd13) srai    s10, gp, 21
core   0: 3 0x80009290 (0x4151dd13) x26 0xffffff00
core   0: 0x80009294 (0x05d70c13) addi    s8, a4, 93
core   0: 3 0x80009294 (0x05d70c13) x24 0x0001129f
core   0: 0x80009298 (0x0000c589) c.beqz  a1, pc + 10
core   0: 3 0x80009298 (0xc589)
core   0: 0x8000929a (0x01405f93) srli    t6, zero, 20
core   0: 3 0x8000929a (0x01405f93) x31 0x00000000
core   0: 0x8000929e (0xe04eb313) sltiu   t1, t4, -508
core   0: 3 0x8000929e (0xe04eb313) x6  0x00000001
core   0: 0x800092a2 (0x02d29e33) mulh    t3, t0, a3
core   0: 3 0x800092a2 (0x02d29e33) x28 0x00000000
core   0: 0x800092a6 (0x00000001) c.nop
core   0: 3 0x800092a6 (0x0001)
core   0: 0x800092a8 (0x00008fd1) c.or    a5, a2
core   0: 3 0x800092a8 (0x8fd1) x15 0xdded92f8
core   0: 0x800092aa (0x01921e13) slli    t3, tp, 25
core   0: 3 0x800092aa (0x01921e13) x28 0x98000000
core   0: 0x800092ae (0x00798863) beq     s3, t2, pc + 16
core   0: 3 0x800092ae (0x00798863)
core   0: 0x800092b2 (0x000003e1) c.addi  t2, 24
core   0: 3 0x800092b2 (0x03e1) x7  0x00000019
core   0: 0x800092b4 (0x01e990b3) sll     ra, s3, t5
core   0: 3 0x800092b4 (0x01e990b3) x1  0x00000000
core   0: 0x800092b8 (0x01bb8563) beq     s7, s11, pc + 10
core   0: 3 0x800092b8 (0x01bb8563)
core   0: 0x800092bc (0x00008665) c.srai  a2, 25
core   0: 3 0x800092bc (0x8665) x12 0x00000000
core   0: 0x800092be (0x00008d9d) c.sub   a1, a5
core   0: 3 0x800092be (0x8d9d) x11 0x22126d09
core   0: 0x800092c0 (0x0000997d) c.andi  a0, -1
core   0: 3 0x800092c0 (0x997d) x10 0x35822973
core   0: 0x800092c2 (0x41c25613) srai    a2, tp, 28
core   0: 3 0x800092c2 (0x41c25613) x12 0x00000000
core   0: 0x800092c6 (0x00544233) xor     tp, s0, t0
core   0: 3 0x800092c6 (0x00544233) x4  0xffffffee
core   0: 0x800092ca (0x412f5913) srai    s2, t5, 18
core   0: 3 0x800092ca (0x412f5913) x18 0xffffee87
core   0: 0x800092ce (0x014b18b3) sll     a7, s6, s4
core   0: 3 0x800092ce (0x014b18b3) x17 0x00000000
core   0: 0x800092d2 (0x031a8563) beq     s5, a7, pc + 42
core   0: 3 0x800092d2 (0x031a8563)
core   0: 0x800092d6 (0x0000c01d) c.beqz  s0, pc + 38
core   0: 3 0x800092d6 (0xc01d)
core   0: 0x800092d8 (0x40bd5eb3) sra     t4, s10, a1
core   0: 3 0x800092d8 (0x40bd5eb3) x29 0xffffffff
core   0: 0x800092dc (0x7f528013) addi    zero, t0, 2037
core   0: 3 0x800092dc (0x7f528013)
core   0: 0x800092e0 (0x440a2197) auipc   gp, 0x440a2
core   0: 3 0x800092e0 (0x440a2197) x3  0xc40ab2e0
core   0: 0x800092e4 (0x01254263) blt     a0, s2, pc + 4
core   0: 3 0x800092e4 (0x01254263)
core   0: 0x800092e8 (0x017dc7b3) xor     a5, s11, s7
core   0: 3 0x800092e8 (0x017dc7b3) x15 0xc0000000
core   0: 0x800092ec (0x00e874b3) and     s1, a6, a4
core   0: 3 0x800092ec (0x00e874b3) x9  0x00001000
core   0: 0x800092f0 (0x01c8f8b3) and     a7, a7, t3
core   0: 3 0x800092f0 (0x01c8f8b3) x17 0x00000000
core   0: 0x800092f4 (0x00009afd) c.andi  a3, -1
core   0: 3 0x800092f4 (0x9afd) x13 0x3582f73c
core   0: 0x800092f6 (0x00008c29) c.xor   s0, a0
core   0: 3 0x800092f6 (0x8c29) x8  0xca7dd69c
core   0: 0x800092f8 (0x1847e213) ori     tp, a5, 388
core   0: 3 0x800092f8 (0x1847e213) x4  0xc0000184
core   0: 0x800092fc (0x00d0a233) slt     tp, ra, a3
core   0: 3 0x800092fc (0x00d0a233) x4  0x00000001
core   0: 0x80009300 (0x03af0063) beq     t5, s10, pc + 32
core   0: 3 0x80009300 (0x03af0063)
core   0: 0x80009304 (0x0000058d) c.addi  a1, 3
core   0: 3 0x80009304 (0x058d) x11 0x22126d0c
core   0: 0x80009306 (0x3bc25c97) auipc   s9, 0x3bc25
core   0: 3 0x80009306 (0x3bc25c97) x25 0xbbc2e306
core   0: 0x8000930a (0x03a50433) mul     s0, a0, s10
core   0: 3 0x8000930a (0x03a50433) x8  0x7dd68d00
core   0: 0x8000930e (0x00a05213) srli    tp, zero, 10
core   0: 3 0x8000930e (0x00a05213) x4  0x00000000
core   0: 0x80009312 (0x01afc963) blt     t6, s10, pc + 18
core   0: 3 0x80009312 (0x01afc963)
core   0: 0x80009316 (0x84141797) auipc   a5, 0x84141
core   0: 3 0x80009316 (0x84141797) x15 0x0414a316
core   0: 0x8000931a (0xe5a847b7) lui     a5, 0xe5a84
core   0: 3 0x8000931a (0xe5a847b7) x15 0xe5a84000
core   0: 0x8000931e (0x000000aa) c.slli  ra, 10
core   0: 3 0x8000931e (0x00aa) x1  0x00000000
core   0: 0x80009320 (0x00301c33) sll     s8, zero, gp
core   0: 3 0x80009320 (0x00301c33) x24 0x00000000
core   0: 0x80009324 (0xa90a0413) addi    s0, s4, -1392
core   0: 3 0x80009324 (0xa90a0413) x8  0x800258a4
core   0: 0x80009328 (0x0000943e) c.add   s0, a5
core   0: 3 0x80009328 (0x943e) x8  0x65aa98a4
core   0: 0x8000932a (0x0797b613) sltiu   a2, a5, 121
core   0: 3 0x8000932a (0x0797b613) x12 0x00000000
core   0: 0x8000932e (0x0000050e) c.slli  a0, 3
core   0: 3 0x8000932e (0x050e) x10 0xac114b98
core   0: 0x80009330 (0x03f60fb3) mul     t6, a2, t6
core   0: 3 0x80009330 (0x03f60fb3) x31 0x00000000
core   0: 0x80009334 (0x66893793) sltiu   a5, s2, 1640
core   0: 3 0x80009334 (0x66893793) x15 0x00000000
core   0: 0x80009338 (0x00ba0863) beq     s4, a1, pc + 16
core   0: 3 0x80009338 (0x00ba0863)
core   0: 0x8000933c (0xaf3fc913) xori    s2, t6, -1293
core   0: 3 0x8000933c (0xaf3fc913) x18 0xfffffaf3
core   0: 0x80009340 (0x00008e59) c.or    a2, a4
core   0: 3 0x80009340 (0x8e59) x12 0x00011242
core   0: 0x80009342 (0x0000997d) c.andi  a0, -1
core   0: 3 0x80009342 (0x997d) x10 0xac114b98
core   0: 0x80009344 (0x03af77b3) remu    a5, t5, s10
core   0: 3 0x80009344 (0x03af77b3) x15 0xba1d9a01
core   0: 0x80009348 (0x00008f95) c.sub   a5, a3
core   0: 3 0x80009348 (0x8f95) x15 0x849aa2c5
core   0: 0x8000934a (0x00008751) c.srai  a4, 20
core   0: 3 0x8000934a (0x8751) x14 0x00000000
core   0: 0x8000934c (0x00000811) c.addi  a6, 4
core   0: 3 0x8000934c (0x0811) x16 0x7d629004
core   0: 0x8000934e (0x00004761) c.li    a4, 24
core   0: 3 0x8000934e (0x4761) x14 0x00000018
core   0: 0x80009350 (0x014a5eb3) srl     t4, s4, s4
core   0: 3 0x80009350 (0x014a5eb3) x29 0x00000800
core   0: 0x80009354 (0x00008b49) c.andi  a4, 18
core   0: 3 0x80009354 (0x8b49) x14 0x00000010
core   0: 0x80009356 (0x0167d963) bge     a5, s6, pc + 18
core   0: 3 0x80009356 (0x0167d963)
core   0: 0x8000935a (0x0000c791) c.beqz  a5, pc + 12
core   0: 3 0x8000935a (0xc791)
core   0: 0x8000935c (0x00000001) c.nop
core   0: 3 0x8000935c (0x0001)
core   0: 0x8000935e (0x00af4fb3) xor     t6, t5, a0
core   0: 3 0x8000935e (0x00af4fb3) x31 0x160cd199
core   0: 0x80009362 (0x034967b3) rem     a5, s2, s4
core   0: 3 0x80009362 (0x034967b3) x15 0xfffffaf3
core   0: 0x80009366 (0x00006c69) c.lui   s8, 0x1a
core   0: 3 0x80009366 (0x6c69) x24 0x0001a000
core   0: 0x80009368 (0x000084a1) c.srai  s1, 8
core   0: 3 0x80009368 (0x84a1) x9  0x00000010
core   0: 0x8000936a (0x30735317) auipc   t1, 0x30735
core   0: 3 0x8000936a (0x30735317) x6  0xb073e36a
core   0: 0x8000936e (0x034f7fb3) remu    t6, t5, s4
core   0: 3 0x8000936e (0x034f7fb3) x31 0x3a1b3bed
core   0: 0x80009372 (0x02b7b033) mulhu   zero, a5, a1
core   0: 3 0x80009372 (0x02b7b033)
core   0: 0x80009376 (0x02157763) bgeu    a0, ra, pc + 46
core   0: 3 0x80009376 (0x02157763)
core   0: 0x800093a4 (0x0144d563) bge     s1, s4, pc + 10
core   0: 3 0x800093a4 (0x0144d563)
core   0: 0x800093ae (0xc6c58f97) auipc   t6, 0xc6c58
core   0: 3 0x800093ae (0xc6c58f97) x31 0x46c613ae
core   0: 0x800093b2 (0x0000ea05) c.bnez  a2, pc + 48
core   0: 3 0x800093b2 (0xea05)
core   0: 0x800093e2 (0x70666e13) ori     t3, a2, 1798
core   0: 3 0x800093e2 (0x70666e13) x28 0x00011746
core   0: 0x800093e6 (0x028d9533) mulh    a0, s11, s0
core   0: 3 0x800093e6 (0x028d9533) x10 0x00000000
core   0: 0x800093ea (0x03a0c233) div     tp, ra, s10
core   0: 3 0x800093ea (0x03a0c233) x4  0x00000000
core   0: 0x800093ee (0x01fafb63) bgeu    s5, t6, pc + 22
core   0: 3 0x800093ee (0x01fafb63)
core   0: 0x80009404 (0x01f223b3) slt     t2, tp, t6
core   0: 3 0x80009404 (0x01f223b3) x7  0x00000001
core   0: 0x80009408 (0x019a55b3) srl     a1, s4, s9
core   0: 3 0x80009408 (0x019a55b3) x11 0x02000978
core   0: 0x8000940c (0x0000850e) c.mv    a0, gp
core   0: 3 0x8000940c (0x850e) x10 0xc40ab2e0
core   0: 0x8000940e (0x02cc4463) blt     s8, a2, pc + 40
core   0: 3 0x8000940e (0x02cc4463)
core   0: 0x80009412 (0x00ed36b3) sltu    a3, s10, a4
core   0: 3 0x80009412 (0x00ed36b3) x13 0x00000000
core   0: 0x80009416 (0x012bf463) bgeu    s7, s2, pc + 8
core   0: 3 0x80009416 (0x012bf463)
core   0: 0x8000941a (0x0000991a) c.add   s2, t1
core   0: 3 0x8000941a (0x991a) x18 0xb073de5d
core   0: 0x8000941c (0x00000305) c.addi  t1, 1
core   0: 3 0x8000941c (0x0305) x6  0xb073e36b
core   0: 0x8000941e (0x00008f95) c.sub   a5, a3
core   0: 3 0x8000941e (0x8f95) x15 0xfffffaf3
core   0: 0x80009420 (0x037e94b3) mulh    s1, t4, s7
core   0: 3 0x80009420 (0x037e94b3) x9  0xfffffe00
core   0: 0x80009424 (0x00008e95) c.sub   a3, a3
core   0: 3 0x80009424 (0x8e95) x13 0x00000000
core   0: 0x80009426 (0x02b103b3) mul     t2, sp, a1
core   0: 3 0x80009426 (0x02b103b3) x7  0x992a7b48
core   0: 0x8000942a (0x00008095) c.srli  s1, 5
core   0: 3 0x8000942a (0x8095) x9  0x07fffff0
core   0: 0x8000942c (0x029af663) bgeu    s5, s1, pc + 44
core   0: 3 0x8000942c (0x029af663)
core   0: 0x80009458 (0x41865493) srai    s1, a2, 24
core   0: 3 0x80009458 (0x41865493) x9  0x00000000
core   0: 0x8000945c (0x00006f95) c.lui   t6, 0x5
core   0: 3 0x8000945c (0x6f95) x31 0x00005000
core   0: 0x8000945e (0x012d23b3) slt     t2, s10, s2
core   0: 3 0x8000945e (0x012d23b3) x7  0x00000000
core   0: 0x80009462 (0x0000875e) c.mv    a4, s7
core   0: 3 0x80009462 (0x875e) x14 0xc0000000
core   0: 0x80009464 (0x00008e0d) c.sub   a2, a1
core   0: 3 0x80009464 (0x8e0d) x12 0xfe0108ca
core   0: 0x80009466 (0x00008217) auipc   tp, 0x8
core   0: 3 0x80009466 (0x00008217) x4  0x80011466
core   0: 0x8000946a (0xcec20213) addi    tp, tp, -788
core   0: 3 0x8000946a (0xcec20213) x4  0x80011152
core   0: 0x8000946e (0xfc920b03) lb      s6, -55(tp)
core   0: 3 0x8000946e (0xfc920b03) x22 0xffffffd0 mem 0x8001111b
core   0: 0x80009472 (0xfd620403) lb      s0, -42(tp)
core   0: 3 0x80009472 (0xfd620403) x8  0xffffffe3 mem 0x80011128
core   0: 0x80009476 (0x002c1813) slli    a6, s8, 2
core   0: 3 0x80009476 (0x002c1813) x16 0x00068000
core   0: 0x8000947a (0x01720823) sb      s7, 16(tp)
core   0: 3 0x8000947a (0x01720823) mem 0x80011162 0x00
core   0: 0x8000947e (0xfcb22723) sw      a1, -50(tp)
core   0: 3 0x8000947e (0xfcb22723) mem 0x80011120 0x02000978
core   0: 0x80009482 (0x026caf33) mulhsu  t5, s9, t1
core   0: 3 0x80009482 (0x026caf33) x30 0xd0f71801
core   0: 0x80009486 (0x00008d11) c.sub   a0, a2
core   0: 3 0x80009486 (0x8d11) x10 0xc609aa16
core   0: 0x80009488 (0xff724703) lbu     a4, -9(tp)
core   0: 3 0x80009488 (0xff724703) x14 0x00000002 mem 0x80011149
core   0: 0x8000948c (0x00875f33) srl     t5, a4, s0
core   0: 3 0x8000948c (0x00875f33) x30 0x00000000
core   0: 0x80009490 (0x00008f2d) c.xor   a4, a1
core   0: 3 0x80009490 (0x8f2d) x14 0x0200097a
core   0: 0x80009492 (0xfe320623) sb      gp, -20(tp)
core   0: 3 0x80009492 (0xfe320623) mem 0x8001113e 0xe0
core   0: 0x80009496 (0x40f157b3) sra     a5, sp, a5
core   0: 3 0x80009496 (0x40f157b3) x15 0xfffffe70
core   0: 0x8000949a (0xfd524983) lbu     s3, -43(tp)
core   0: 3 0x8000949a (0xfd524983) x19 0x000000dc mem 0x80011127
core   0: 0x8000949e (0x01f24b03) lbu     s6, 31(tp)
core   0: 3 0x8000949e (0x01f24b03) x22 0x0000002a mem 0x80011171
core   0: 0x800094a2 (0xb0930093) addi    ra, t1, -1271
core   0: 3 0x800094a2 (0xb0930093) x1  0xb073de74
core   0: 0x800094a6 (0xfe822523) sw      s0, -22(tp)
core   0: 3 0x800094a6 (0xfe822523) mem 0x8001113c 0xffffffe3
core   0: 0x800094aa (0x418b5493) srai    s1, s6, 24
core   0: 3 0x800094aa (0x418b5493) x9  0x00000000
core   0: 0x800094ae (0xff920b83) lb      s7, -7(tp)
core   0: 3 0x800094ae (0xff920b83) x23 0x00000000 mem 0x8001114b
core   0: 0x800094b2 (0x00520583) lb      a1, 5(tp)
core   0: 3 0x800094b2 (0x00520583) x11 0x0000000c mem 0x80011157
core   0: 0x800094b6 (0x03b1c833) div     a6, gp, s11
core   0: 3 0x800094b6 (0x03b1c833) x16 0xffffffff
core   0: 0x800094ba (0x02d4cfb3) div     t6, s1, a3
core   0: 3 0x800094ba (0x02d4cfb3) x31 0xffffffff
core   0: 0x800094be (0x03b203a3) sb      s11, 39(tp)
core   0: 3 0x800094be (0x03b203a3) mem 0x80011179 0x00
core   0: 0x800094c2 (0x00e203a3) sb      a4, 7(tp)
core   0: 3 0x800094c2 (0x00e203a3) mem 0x80011159 0x7a
core   0: 0x800094c6 (0x00b204a3) sb      a1, 9(tp)
core   0: 3 0x800094c6 (0x00b204a3) mem 0x8001115b 0x0c
core   0: 0x800094ca (0x00b24e03) lbu     t3, 11(tp)
core   0: 3 0x800094ca (0x00b24e03) x28 0x00000016 mem 0x8001115d
core   0: 0x800094ce (0x03b21423) sh      s11, 40(tp)
core   0: 3 0x800094ce (0x03b21423) mem 0x8001117a 0x0000
core   0: 0x800094d2 (0x01a20c23) sb      s10, 24(tp)
core   0: 3 0x800094d2 (0x01a20c23) mem 0x8001116a 0x00
core   0: 0x800094d6 (0x26546513) ori     a0, s0, 613
core   0: 3 0x800094d6 (0x26546513) x10 0xffffffe7
core   0: 0x800094da (0x01c206a3) sb      t3, 13(tp)
core   0: 3 0x800094da (0x01c206a3) mem 0x8001115f 0x16
core   0: 0x800094de (0x01e20aa3) sb      t5, 21(tp)
core   0: 3 0x800094de (0x01e20aa3) mem 0x80011167 0x00
core   0: 0x800094e2 (0x41310db3) sub     s11, sp, s3
core   0: 3 0x800094e2 (0x41310db3) x27 0xf384220b
core   0: 0x800094e6 (0x02f20603) lb      a2, 47(tp)
core   0: 3 0x800094e6 (0x02f20603) x12 0x0000003a mem 0x80011181
core   0: 0x800094ea (0x0301e433) rem     s0, gp, a6
core   0: 3 0x800094ea (0x0301e433) x8  0x00000000
core   0: 0x800094ee (0x02c206a3) sb      a2, 45(tp)
core   0: 3 0x800094ee (0x02c206a3) mem 0x8001117f 0x3a
core   0: 0x800094f2 (0x03074fb3) div     t6, a4, a6
core   0: 3 0x800094f2 (0x03074fb3) x31 0xfdfff686
core   0: 0x800094f6 (0x000051fd) c.li    gp, -1
core   0: 3 0x800094f6 (0x51fd) x3  0xffffffff
core   0: 0x800094f8 (0xff520c03) lb      s8, -11(tp)
core   0: 3 0x800094f8 (0xff520c03) x24 0xfffffffc mem 0x80011147
core   0: 0x800094fc (0x1c5fa197) auipc   gp, 0x1c5fa
core   0: 3 0x800094fc (0x1c5fa197) x3  0x9c6034fc
core   0: 0x80009500 (0x0003aeb3) slt     t4, t2, zero
core   0: 3 0x80009500 (0x0003aeb3) x29 0x00000000
core   0: 0x80009504 (0xff520d03) lb      s10, -11(tp)
core   0: 3 0x80009504 (0xff520d03) x26 0xfffffffc mem 0x80011147
core   0: 0x80009508 (0x00d20d03) lb      s10, 13(tp)
core   0: 3 0x80009508 (0x00d20d03) x26 0x00000016 mem 0x8001115f
core   0: 0x8000950c (0x00000409) c.addi  s0, 2
core   0: 3 0x8000950c (0x0409) x8  0x00000002
core   0: 0x8000950e (0x00621a23) sh      t1, 20(tp)
core   0: 3 0x8000950e (0x00621a23) mem 0x80011166 0xe36b
core   0: 0x80009512 (0xff420303) lb      t1, -12(tp)
core   0: 3 0x80009512 (0xff420303) x6  0xfffffffd mem 0x80011146
core   0: 0x80009516 (0x0082cfb3) xor     t6, t0, s0
core   0: 3 0x80009516 (0x0082cfb3) x31 0x00000003
core   0: 0x8000951a (0x00000e9d) c.addi  t4, 7
core   0: 3 0x8000951a (0x0e9d) x29 0x00000007
core   0: 0x8000951c (0x40b55313) srai    t1, a0, 11
core   0: 3 0x8000951c (0x40b55313) x6  0xffffffff
core   0: 0x80009520 (0x003ed013) srli    zero, t4, 3
core   0: 3 0x80009520 (0x003ed013)
core   0: 0x80009524 (0xfe420083) lb      ra, -28(tp)
core   0: 3 0x80009524 (0xfe420083) x1  0xffffffed mem 0x80011136
core   0: 0x80009528 (0x02bdc533) div     a0, s11, a1
core   0: 3 0x80009528 (0x02bdc533) x10 0xfef5ad81
core   0: 0x8000952c (0x0ca0e693) ori     a3, ra, 202
core   0: 3 0x8000952c (0x0ca0e693) x13 0xffffffef
core   0: 0x80009530 (0x00000001) c.nop
core   0: 3 0x80009530 (0x0001)
core   0: 0x80009532 (0xfff24803) lbu     a6, -1(tp)
core   0: 3 0x80009532 (0xfff24803) x16 0x0000000a mem 0x80011151
core   0: 0x80009536 (0x00008c8a) c.mv    s9, sp
core   0: 3 0x80009536 (0x8c8a) x25 0xf38422e7
core   0: 0x80009538 (0x00008619) c.srai  a2, 6
core   0: 3 0x80009538 (0x8619) x12 0x00000000
core   0: 0x8000953a (0x00009e16) c.add   t3, t0
core   0: 3 0x8000953a (0x9e16) x28 0x00000017
core   0: 0x8000953c (0x027db933) mulhu   s2, s11, t2
core   0: 3 0x8000953c (0x027db933) x18 0x00000000
core   0: 0x80009540 (0x0332be33) mulhu   t3, t0, s3
core   0: 3 0x80009540 (0x0332be33) x28 0x00000000
core   0: 0x80009544 (0x01099c33) sll     s8, s3, a6
core   0: 3 0x80009544 (0x01099c33) x24 0x00037000
core   0: 0x80009548 (0x0000197d) c.addi  s2, -1
core   0: 3 0x80009548 (0x197d) x18 0xffffffff
core   0: 0x8000954a (0x00001c7d) c.addi  s8, -1
core   0: 3 0x8000954a (0x1c7d) x24 0x00036fff
core   0: 0x8000954c (0xd36ee513) ori     a0, t4, -714
core   0: 3 0x8000954c (0xd36ee513) x10 0xfffffd37
core   0: 0x80009550 (0x009ad8b3) srl     a7, s5, s1
core   0: 3 0x80009550 (0x009ad8b3) x17 0x80029d24
core   0: 0x80009554 (0x038961b3) rem     gp, s2, s8
core   0: 3 0x80009554 (0x038961b3) x3  0xffffffff
core   0: 0x80009558 (0x42367893) andi    a7, a2, 1059
core   0: 3 0x80009558 (0x42367893) x17 0x00000000
core   0: 0x8000955c (0x00000762) c.slli  a4, 24
core   0: 3 0x8000955c (0x0762) x14 0x7a000000
core   0: 0x8000955e (0x03f24fb3) div     t6, tp, t6
core   0: 3 0x8000955e (0x03f24fb3) x31 0xd555b071
core   0: 0x80009562 (0x00009212) c.add   tp, tp
core   0: 3 0x80009562 (0x9212) x4  0x000222a4
core   0: 0x80009564 (0x000083b5) c.srli  a5, 13
core   0: 3 0x80009564 (0x83b5) x15 0x0007ffff
core   0: 0x80009566 (0x40310e33) sub     t3, sp, gp
core   0: 3 0x80009566 (0x40310e33) x28 0xf38422e8
core   0: 0x8000956a (0x62b16fb7) lui     t6, 0x62b16
core   0: 3 0x8000956a (0x62b16fb7) x31 0x62b16000
core   0: 0x8000956e (0x0394f433) remu    s0, s1, s9
core   0: 3 0x8000956e (0x0394f433) x8  0x00000000
core   0: 0x80009572 (0x41565c33) sra     s8, a2, s5
core   0: 3 0x80009572 (0x41565c33) x24 0x00000000
core   0: 0x80009576 (0x007fe5b3) or      a1, t6, t2
core   0: 3 0x80009576 (0x007fe5b3) x11 0x62b16000
core   0: 0x8000957a (0x0126b4b3) sltu    s1, a3, s2
core   0: 3 0x8000957a (0x0126b4b3) x9  0x00000001
core   0: 0x8000957e (0x01c67db3) and     s11, a2, t3
core   0: 3 0x8000957e (0x01c67db3) x27 0x00000000
core   0: 0x80009582 (0x02c5c5b3) div     a1, a1, a2
core   0: 3 0x80009582 (0x02c5c5b3) x11 0xffffffff
core   0: 0x80009586 (0x00000001) c.nop
core   0: 3 0x80009586 (0x0001)
core   0: 0x80009588 (0x00008c7d) c.and   s0, a5
core   0: 3 0x80009588 (0x8c7d) x8  0x00000000
core   0: 0x8000958a (0x40568eb3) sub     t4, a3, t0
core   0: 3 0x8000958a (0x40568eb3) x29 0xffffffee
core   0: 0x8000958e (0x02220863) beq     tp, sp, pc + 48
core   0: 3 0x8000958e (0x02220863)
core   0: 0x80009592 (0x00006bfd) c.lui   s7, 0x1f
core   0: 3 0x80009592 (0x6bfd) x23 0x0001f000
core   0: 0x80009594 (0x0000c29d) c.beqz  a3, pc + 38
core   0: 3 0x80009594 (0xc29d)
core   0: 0x80009596 (0x018c4633) xor     a2, s8, s8
core   0: 3 0x80009596 (0x018c4633) x12 0x00000000
core   0: 0x8000959a (0x00008889) c.andi  s1, 2
core   0: 3 0x8000959a (0x8889) x9  0x00000000
core   0: 0x8000959c (0x6e55b613) sltiu   a2, a1, 1765
core   0: 3 0x8000959c (0x6e55b613) x12 0x00000000
core   0: 0x800095a0 (0x00000c42) c.slli  s8, 16
core   0: 3 0x800095a0 (0x0c42) x24 0x00000000
core   0: 0x800095a2 (0x036e6263) bltu    t3, s6, pc + 36
core   0: 3 0x800095a2 (0x036e6263)
core   0: 0x800095a6 (0x043d4463) blt     s10, gp, pc + 72
core   0: 3 0x800095a6 (0x043d4463)
core   0: 0x800095aa (0x0388b033) mulhu   zero, a7, s8
core   0: 3 0x800095aa (0x0388b033)
core   0: 0x800095ae (0x01f082b3) add     t0, ra, t6
core   0: 3 0x800095ae (0x01f082b3) x5  0x62b15fed
core   0: 0x800095b2 (0x01131663) bne     t1, a7, pc + 12
core   0: 3 0x800095b2 (0x01131663)
core   0: 0x800095be (0x039e4333) div     t1, t3, s9
core   0: 3 0x800095be (0x039e4333) x6  0x00000000
core   0: 0x800095c2 (0xb9a48093) addi    ra, s1, -1126
core   0: 3 0x800095c2 (0xb9a48093) x1  0xfffffb9a
core   0: 0x800095c6 (0xb2516317) auipc   t1, 0xb2516
core   0: 3 0x800095c6 (0xb2516317) x6  0x3251f5c6
core   0: 0x800095ca (0x0061b633) sltu    a2, gp, t1
core   0: 3 0x800095ca (0x0061b633) x12 0x00000000
core   0: 0x800095ce (0x0238aeb3) mulhsu  t4, a7, gp
core   0: 3 0x800095ce (0x0238aeb3) x29 0x00000000
core   0: 0x800095d2 (0x000086e9) c.srai  a3, 26
core   0: 3 0x800095d2 (0x86e9) x13 0xffffffff
core   0: 0x800095d4 (0x08cda493) slti    s1, s11, 140
core   0: 3 0x800095d4 (0x08cda493) x9  0x00000001
core   0: 0x800095d8 (0x01561b13) slli    s6, a2, 21
core   0: 3 0x800095d8 (0x01561b13) x22 0x00000000
core   0: 0x800095dc (0x40ba86b3) sub     a3, s5, a1
core   0: 3 0x800095dc (0x40ba86b3) x13 0x80029d25
core   0: 0x800095e0 (0x03526c33) rem     s8, tp, s5
core   0: 3 0x800095e0 (0x03526c33) x24 0x000222a4
core   0: 0x800095e4 (0x0175d563) bge     a1, s7, pc + 10
core   0: 3 0x800095e4 (0x0175d563)
core   0: 0x800095e8 (0x01f3de13) srli    t3, t2, 31
core   0: 3 0x800095e8 (0x01f3de13) x28 0x00000000
core   0: 0x800095ec (0x000085fd) c.srai  a1, 31
core   0: 3 0x800095ec (0x85fd) x11 0xffffffff
core   0: 0x800095ee (0x00c35db3) srl     s11, t1, a2
core   0: 3 0x800095ee (0x00c35db3) x27 0x3251f5c6
core   0: 0x800095f2 (0x00008dd9) c.or    a1, a4
core   0: 3 0x800095f2 (0x8dd9) x11 0xffffffff
core   0: 0x800095f4 (0x00008889) c.andi  s1, 2
core   0: 3 0x800095f4 (0x8889) x9  0x00000000
core   0: 0x800095f6 (0x001fb933) sltu    s2, t6, ra
core   0: 3 0x800095f6 (0x001fb933) x18 0x00000001
core   0: 0x800095fa (0x03504533) div     a0, zero, s5
core   0: 3 0x800095fa (0x03504533) x10 0x00000000
core   0: 0x800095fe (0x00dfd413) srli    s0, t6, 13
core   0: 3 0x800095fe (0x00dfd413) x8  0x0003158b
core   0: 0x80009602 (0x01dc4bb3) xor     s7, s8, t4
core   0: 3 0x80009602 (0x01dc4bb3) x23 0x000222a4
core   0: 0x80009606 (0x2163c893) xori    a7, t2, 534
core   0: 3 0x80009606 (0x2163c893) x17 0x00000216
core   0: 0x8000960a (0x00008849) c.andi  s0, 18
core   0: 3 0x8000960a (0x8849) x8  0x00000002
core   0: 0x8000960c (0x0000ed1d) c.bnez  a0, pc + 62
core   0: 3 0x8000960c (0xed1d)
core   0: 0x8000960e (0xc1364413) xori    s0, a2, -1005
core   0: 3 0x8000960e (0xc1364413) x8  0xfffffc13
core   0: 0x80009612 (0x57b7e993) ori     s3, a5, 1403
core   0: 3 0x80009612 (0x57b7e993) x19 0x0007ffff
core   0: 0x80009616 (0x000086e1) c.srai  a3, 24
core   0: 3 0x80009616 (0x86e1) x13 0xffffff80
core   0: 0x80009618 (0x0000ca0d) c.beqz  a2, pc + 50
core   0: 3 0x80009618 (0xca0d)
core   0: 0x8000964a (0x7bcd2993) slti    s3, s10, 1980
core   0: 3 0x8000964a (0x7bcd2993) x19 0x00000001
core   0: 0x8000964e (0x039006b3) mul     a3, zero, s9
core   0: 3 0x8000964e (0x039006b3) x13 0x00000000
core   0: 0x80009652 (0x00000e45) c.addi  t3, 17
core   0: 3 0x80009652 (0x0e45) x28 0x00000011
core   0: 0x80009654 (0x3dbd7437) lui     s0, 0x3dbd7
core   0: 3 0x80009654 (0x3dbd7437) x8  0x3dbd7000
core   0: 0x80009658 (0x00005cfd) c.li    s9, -1
core   0: 3 0x80009658 (0x5cfd) x25 0xffffffff
core   0: 0x8000965a (0x00000001) c.nop
core   0: 3 0x8000965a (0x0001)
core   0: 0x8000965c (0x01601c33) sll     s8, zero, s6
core   0: 3 0x8000965c (0x01601c33) x24 0x00000000
core   0: 0x80009660 (0xde442e93) slti    t4, s0, -540
core   0: 3 0x80009660 (0xde442e93) x29 0x00000000
core   0: 0x80009664 (0x00008b4d) c.andi  a4, 19
core   0: 3 0x80009664 (0x8b4d) x14 0x00000000
core   0: 0x80009666 (0x00009ebe) c.add   t4, a5
core   0: 3 0x80009666 (0x9ebe) x29 0x0007ffff
core   0: 0x80009668 (0x17e43293) sltiu   t0, s0, 382
core   0: 3 0x80009668 (0x17e43293) x5  0x00000000
core   0: 0x8000966c (0x03c26e33) rem     t3, tp, t3
core   0: 3 0x8000966c (0x03c26e33) x28 0x0000000d
core   0: 0x80009670 (0x03041bb3) mulh    s7, s0, a6
core   0: 3 0x80009670 (0x03041bb3) x23 0x00000002
core   0: 0x80009674 (0x00000ba5) c.addi  s7, 9
core   0: 3 0x80009674 (0x0ba5) x23 0x0000000b
core   0: 0x80009676 (0x00017f97) auipc   t6, 0x17
core   0: 3 0x80009676 (0x00017f97) x31 0x80020676
core   0: 0x8000967a (0x371f8f93) addi    t6, t6, 881
core   0: 3 0x8000967a (0x371f8f93) x31 0x800209e7
core   0: 0x8000967e (0x00af8803) lb      a6, 10(t6)
core   0: 3 0x8000967e (0x00af8803) x16 0xffffffaa mem 0x800209f1
core   0: 0x80009682 (0x01ff8523) sb      t6, 10(t6)
core   0: 3 0x80009682 (0x01ff8523) mem 0x800209f1 0xe7
core   0: 0x80009686 (0x00af8203) lb      tp, 10(t6)
core   0: 3 0x80009686 (0x00af8203) x4  0xffffffe7 mem 0x800209f1
core   0: 0x8000968a (0x00bf8523) sb      a1, 10(t6)
core   0: 3 0x8000968a (0x00bf8523) mem 0x800209f1 0xff
core   0: 0x8000968e (0x00008fcd) c.or    a5, a1
core   0: 3 0x8000968e (0x8fcd) x15 0xffffffff
core   0: 0x80009690 (0x00af8483) lb      s1, 10(t6)
core   0: 3 0x80009690 (0x00af8483) x9  0xffffffff mem 0x800209f1
core   0: 0x80009694 (0x1939c693) xori    a3, s3, 403
core   0: 3 0x80009694 (0x1939c693) x13 0x00000192
core   0: 0x80009698 (0x01af8523) sb      s10, 10(t6)
core   0: 3 0x80009698 (0x01af8523) mem 0x800209f1 0x16
core   0: 0x8000969c (0x00afc203) lbu     tp, 10(t6)
core   0: 3 0x8000969c (0x00afc203) x4  0x00000016 mem 0x800209f1
core   0: 0x800096a0 (0x007f8523) sb      t2, 10(t6)
core   0: 3 0x800096a0 (0x007f8523) mem 0x800209f1 0x00
core   0: 0x800096a4 (0x015f8523) sb      s5, 10(t6)
core   0: 3 0x800096a4 (0x015f8523) mem 0x800209f1 0x24
core   0: 0x800096a8 (0x00afc983) lbu     s3, 10(t6)
core   0: 3 0x800096a8 (0x00afc983) x19 0x00000024 mem 0x800209f1
core   0: 0x800096ac (0x00008dfd) c.and   a1, a5
core   0: 3 0x800096ac (0x8dfd) x11 0xffffffff
core   0: 0x800096ae (0x00af8483) lb      s1, 10(t6)
core   0: 3 0x800096ae (0x00af8483) x9  0x00000024 mem 0x800209f1
core   0: 0x800096b2 (0x006f8403) lb      s0, 6(t6)
core   0: 3 0x800096b2 (0x006f8403) x8  0xffffffa6 mem 0x800209ed
core   0: 0x800096b6 (0x006fc883) lbu     a7, 6(t6)
core   0: 3 0x800096b6 (0x006fc883) x17 0x000000a6 mem 0x800209ed
core   0: 0x800096ba (0x006fcd83) lbu     s11, 6(t6)
core   0: 3 0x800096ba (0x006fcd83) x27 0x000000a6 mem 0x800209ed
core   0: 0x800096be (0x006f8b03) lb      s6, 6(t6)
core   0: 3 0x800096be (0x006f8b03) x22 0xffffffa6 mem 0x800209ed
core   0: 0x800096c2 (0x000084b5) c.srai  s1, 13
core   0: 3 0x800096c2 (0x84b5) x9  0x00000000
core   0: 0x800096c4 (0x006fc403) lbu     s0, 6(t6)
core   0: 3 0x800096c4 (0x006fc403) x8  0x000000a6 mem 0x800209ed
core   0: 0x800096c8 (0x00008731) c.srai  a4, 12
core   0: 3 0x800096c8 (0x8731) x14 0x00000000
core   0: 0x800096ca (0x00008c72) c.mv    s8, t3
core   0: 3 0x800096ca (0x8c72) x24 0x0000000d
core   0: 0x800096cc (0x016f8323) sb      s6, 6(t6)
core   0: 3 0x800096cc (0x016f8323) mem 0x800209ed 0xa6
core   0: 0x800096d0 (0x00000001) c.nop
core   0: 3 0x800096d0 (0x0001)
core   0: 0x800096d2 (0x006fc303) lbu     t1, 6(t6)
core   0: 3 0x800096d2 (0x006fc303) x6  0x000000a6 mem 0x800209ed
core   0: 0x800096d6 (0x014f8323) sb      s4, 6(t6)
core   0: 3 0x800096d6 (0x014f8323) mem 0x800209ed 0x14
core   0: 0x800096da (0x03a839b3) mulhu   s3, a6, s10
core   0: 3 0x800096da (0x03a839b3) x19 0x00000015
core   0: 0x800096de (0xe97dd097) auipc   ra, 0xe97dd
core   0: 3 0x800096de (0xe97dd097) x1  0x697e66de
core   0: 0x800096e2 (0x039072b3) remu    t0, zero, s9
core   0: 3 0x800096e2 (0x039072b3) x5  0x00000000
core   0: 0x800096e6 (0x032ac7b3) div     a5, s5, s2
core   0: 3 0x800096e6 (0x032ac7b3) x15 0x80029d24
core   0: 0x800096ea (0x02558e33) mul     t3, a1, t0
core   0: 3 0x800096ea (0x02558e33) x28 0x00000000
core   0: 0x800096ee (0x00008866) c.mv    a6, s9
core   0: 3 0x800096ee (0x8866) x16 0xffffffff
core   0: 0x800096f0 (0x01ca13b3) sll     t2, s4, t3
core   0: 3 0x800096f0 (0x01ca13b3) x7  0x80025e14
core   0: 0x800096f4 (0x41515733) sra     a4, sp, s5
core   0: 3 0x800096f4 (0x41515733) x14 0xff38422e
core   0: 0x800096f8 (0xdd0654b7) lui     s1, 0xdd065
core   0: 3 0x800096f8 (0xdd0654b7) x9  0xdd065000
core   0: 0x800096fc (0x00006ba5) c.lui   s7, 0x9
core   0: 3 0x800096fc (0x6ba5) x23 0x00009000
core   0: 0x800096fe (0x02ffcbb3) div     s7, t6, a5
core   0: 3 0x800096fe (0x02ffcbb3) x23 0x00000001
core   0: 0x80009702 (0x0270f8b3) remu    a7, ra, t2
core   0: 3 0x80009702 (0x0270f8b3) x17 0x697e66de
core   0: 0x80009706 (0x0353f433) remu    s0, t2, s5
core   0: 3 0x80009706 (0x0353f433) x8  0x80025e14
core   0: 0x8000970a (0x01392d33) slt     s10, s2, s3
core   0: 3 0x8000970a (0x01392d33) x26 0x00000001
core   0: 0x8000970e (0x0000ea09) c.bnez  a2, pc + 18
core   0: 3 0x8000970e (0xea09)
core   0: 0x80009710 (0xb74c1717) auipc   a4, 0xb74c1
core   0: 3 0x80009710 (0xb74c1717) x14 0x374ca710
core   0: 0x80009714 (0x08f46f93) ori     t6, s0, 143
core   0: 3 0x80009714 (0x08f46f93) x31 0x80025e9f
core   0: 0x80009718 (0x20086293) ori     t0, a6, 512
core   0: 3 0x80009718 (0x20086293) x5  0xffffffff
core   0: 0x8000971c (0x9c4ad2b7) lui     t0, 0x9c4ad
core   0: 3 0x8000971c (0x9c4ad2b7) x5  0x9c4ad000
core   0: 0x80009720 (0x00009c96) c.add   s9, t0
core   0: 3 0x80009720 (0x9c96) x25 0x9c4acfff
core   0: 0x80009722 (0x41020fb3) sub     t6, tp, a6
core   0: 3 0x80009722 (0x41020fb3) x31 0x00000017
core   0: 0x80009726 (0x014ba4b3) slt     s1, s7, s4
core   0: 3 0x80009726 (0x014ba4b3) x9  0x00000000
core   0: 0x8000972a (0x000067ad) c.lui   a5, 0xb
core   0: 3 0x8000972a (0x67ad) x15 0x0000b000
core   0: 0x8000972c (0x000093f6) c.add   t2, t4
core   0: 3 0x8000972c (0x93f6) x7  0x800a5e13
core   0: 0x8000972e (0x41e8d713) srai    a4, a7, 30
core   0: 3 0x8000972e (0x41e8d713) x14 0x00000001
core   0: 0x80009732 (0x00006305) c.lui   t1, 0x1
core   0: 3 0x80009732 (0x6305) x6  0x00001000
core   0: 0x80009734 (0x0000951a) c.add   a0, t1
core   0: 3 0x80009734 (0x951a) x10 0x00001000
core   0: 0x80009736 (0x00da1db3) sll     s11, s4, a3
core   0: 3 0x80009736 (0x00da1db3) x27 0x78500000
core   0: 0x8000973a (0x01770fb3) add     t6, a4, s7
core   0: 3 0x8000973a (0x01770fb3) x31 0x00000002
core   0: 0x8000973e (0x540eb7b7) lui     a5, 0x540eb
core   0: 3 0x8000973e (0x540eb7b7) x15 0x540eb000
core   0: 0x80009742 (0x034d7663) bgeu    s10, s4, pc + 44
core   0: 3 0x80009742 (0x034d7663)
core   0: 0x80009746 (0x02444b33) div     s6, s0, tp
core   0: 3 0x80009746 (0x02444b33) x22 0xfa2ea730
core   0: 0x8000974a (0x74046613) ori     a2, s0, 1856
core   0: 3 0x8000974a (0x74046613) x12 0x80025f54
core   0: 0x8000974e (0x40e1dc33) sra     s8, gp, a4
core   0: 3 0x8000974e (0x40e1dc33) x24 0xffffffff
core   0: 0x80009752 (0x02adf933) remu    s2, s11, a0
core   0: 3 0x80009752 (0x02adf933) x18 0x00000000
core   0: 0x80009756 (0x01f456b3) srl     a3, s0, t6
core   0: 3 0x80009756 (0x01f456b3) x13 0x20009785
core   0: 0x8000975a (0x002d7033) and     zero, s10, sp
core   0: 3 0x8000975a (0x002d7033)
core   0: 0x8000975e (0xac71fe13) andi    t3, gp, -1337
core   0: 3 0x8000975e (0xac71fe13) x28 0xfffffac7
core   0: 0x80009762 (0x40228c33) sub     s8, t0, sp
core   0: 3 0x80009762 (0x40228c33) x24 0xa8c6ad19
core   0: 0x80009766 (0x00006bad) c.lui   s7, 0xb
core   0: 3 0x80009766 (0x6bad) x23 0x0000b000
core   0: 0x80009768 (0x00008221) c.srli  a2, 8
core   0: 3 0x80009768 (0x8221) x12 0x0080025f
core   0: 0x8000976a (0x0148a233) slt     tp, a7, s4
core   0: 3 0x8000976a (0x0148a233) x4  0x00000000
core   0: 0x8000976e (0x025689b3) mul     s3, a3, t0
core   0: 3 0x8000976e (0x025689b3) x19 0x538e1000
core   0: 0x80009772 (0xdea6e693) ori     a3, a3, -534
core   0: 3 0x80009772 (0xdea6e693) x13 0xffffffef
core   0: 0x80009776 (0x40c9db13) srai    s6, s3, 12
core   0: 3 0x80009776 (0x40c9db13) x22 0x000538e1
core   0: 0x8000977a (0x00008dc9) c.or    a1, a0
core   0: 3 0x8000977a (0x8dc9) x11 0xffffffff
core   0: 0x8000977c (0x6cf5c493) xori    s1, a1, 1743
core   0: 3 0x8000977c (0x6cf5c493) x9  0xfffff930
core   0: 0x80009780 (0x00febb33) sltu    s6, t4, a5
core   0: 3 0x80009780 (0x00febb33) x22 0x00000001
core   0: 0x80009784 (0x00001efd) c.addi  t4, -1
core   0: 3 0x80009784 (0x1efd) x29 0x0007fffe
core   0: 0x80009786 (0x00009e8e) c.add   t4, gp
core   0: 3 0x80009786 (0x9e8e) x29 0x0007fffd
core   0: 0x80009788 (0x012ef763) bgeu    t4, s2, pc + 14
core   0: 3 0x80009788 (0x012ef763)
core   0: 0x80009796 (0x03493db3) mulhu   s11, s2, s4
core   0: 3 0x80009796 (0x03493db3) x27 0x00000000
core   0: 0x8000979a (0x03b9c463) blt     s3, s11, pc + 40
core   0: 3 0x8000979a (0x03b9c463)
core   0: 0x8000979e (0x02737733) remu    a4, t1, t2
core   0: 3 0x8000979e (0x02737733) x14 0x00001000
core   0: 0x800097a2 (0x00008b91) c.andi  a5, 4
core   0: 3 0x800097a2 (0x8b91) x15 0x00000000
core   0: 0x800097a4 (0x0d320493) addi    s1, tp, 211
core   0: 3 0x800097a4 (0x0d320493) x9  0x000000d3
core   0: 0x800097a8 (0x02b458b3) divu    a7, s0, a1
core   0: 3 0x800097a8 (0x02b458b3) x17 0x00000000
core   0: 0x800097ac (0x00000001) c.nop
core   0: 3 0x800097ac (0x0001)
core   0: 0x800097ae (0x039c5033) divu    zero, s8, s9
core   0: 3 0x800097ae (0x039c5033)
core   0: 0x800097b2 (0x0000090a) c.slli  s2, 2
core   0: 3 0x800097b2 (0x090a) x18 0x00000000
core   0: 0x800097b4 (0x021ba8b3) mulhsu  a7, s7, ra
core   0: 3 0x800097b4 (0x021ba8b3) x17 0x00004886
core   0: 0x800097b8 (0x00008f11) c.sub   a4, a2
core   0: 3 0x800097b8 (0x8f11) x14 0xff800da1
core   0: 0x800097ba (0x021b5163) bge     s6, ra, pc + 34
core   0: 3 0x800097ba (0x021b5163)
core   0: 0x800097be (0x00c08b63) beq     ra, a2, pc + 22
core   0: 3 0x800097be (0x00c08b63)
core   0: 0x800097c2 (0x004c5963) bge     s8, tp, pc + 18
core   0: 3 0x800097c2 (0x004c5963)
core   0: 0x800097c6 (0x59588b93) addi    s7, a7, 1429
core   0: 3 0x800097c6 (0x59588b93) x23 0x00004e1b
core   0: 0x800097ca (0x00008259) c.srli  a2, 22
core   0: 3 0x800097ca (0x8259) x12 0x00000002
core   0: 0x800097cc (0x027ca3b3) mulhsu  t2, s9, t2
core   0: 3 0x800097cc (0x027ca3b3) x7  0xce215e47
core   0: 0x800097d0 (0x039a6fb3) rem     t6, s4, s9
core   0: 3 0x800097d0 (0x039a6fb3) x31 0xe3b78e15
core   0: 0x800097d4 (0x1c173793) sltiu   a5, a4, 449
core   0: 3 0x800097d4 (0x1c173793) x15 0x00000000
core   0: 0x800097d8 (0x03a78b33) mul     s6, a5, s10
core   0: 3 0x800097d8 (0x03a78b33) x22 0x00000000
core   0: 0x800097dc (0x4163d213) srai    tp, t2, 22
core   0: 3 0x800097dc (0x4163d213) x4  0xffffff38
core   0: 0x800097e0 (0x40b988b3) sub     a7, s3, a1
core   0: 3 0x800097e0 (0x40b988b3) x17 0x538e1001
core   0: 0x800097e4 (0x014a6263) bltu    s4, s4, pc + 4
core   0: 3 0x800097e4 (0x014a6263)
core   0: 0x800097e8 (0x01a9b6b3) sltu    a3, s3, s10
core   0: 3 0x800097e8 (0x01a9b6b3) x13 0x00000000
core   0: 0x800097ec (0xc5551c97) auipc   s9, 0xc5551
core   0: 3 0x800097ec (0xc5551c97) x25 0x4555a7ec
core   0: 0x800097f0 (0xf03fe913) ori     s2, t6, -253
core   0: 3 0x800097f0 (0xf03fe913) x18 0xffffff17
core   0: 0x800097f4 (0x01256633) or      a2, a0, s2
core   0: 3 0x800097f4 (0x01256633) x12 0xffffff17
core   0: 0x800097f8 (0x01a27b33) and     s6, tp, s10
core   0: 3 0x800097f8 (0x01a27b33) x22 0x00000000
core   0: 0x800097fc (0x01f48863) beq     s1, t6, pc + 16
core   0: 3 0x800097fc (0x01f48863)
core   0: 0x80009800 (0x000090ee) c.add   ra, s11
core   0: 3 0x80009800 (0x90ee) x1  0x697e66de
core   0: 0x80009802 (0x000064b5) c.lui   s1, 0xd
core   0: 3 0x80009802 (0x64b5) x9  0x0000d000
core   0: 0x80009804 (0x2e0fb393) sltiu   t2, t6, 736
core   0: 3 0x80009804 (0x2e0fb393) x7  0x00000000
core   0: 0x80009808 (0x02d841b3) div     gp, a6, a3
core   0: 3 0x80009808 (0x02d841b3) x3  0xffffffff
core   0: 0x8000980c (0x03231063) bne     t1, s2, pc + 32
core   0: 3 0x8000980c (0x03231063)
core   0: 0x8000982c (0x00008362) c.mv    t1, s8
core   0: 3 0x8000982c (0x8362) x6  0xa8c6ad19
core   0: 0x8000982e (0x41d108b3) sub     a7, sp, t4
core   0: 3 0x8000982e (0x41d108b3) x17 0xf37c22ea
core   0: 0x80009832 (0xd61de293) ori     t0, s11, -671
core   0: 3 0x80009832 (0xd61de293) x5  0xfffffd61
core   0: 0x80009836 (0x01008663) beq     ra, a6, pc + 12
core   0: 3 0x80009836 (0x01008663)
core   0: 0x8000983a (0x00004fc1) c.li    t6, 16
core   0: 3 0x8000983a (0x4fc1) x31 0x00000010
core   0: 0x8000983c (0xa03c0e93) addi    t4, s8, -1533
core   0: 3 0x8000983c (0xa03c0e93) x29 0xa8c6a71c
core   0: 0x80009840 (0x0000e20d) c.bnez  a2, pc + 34
core   0: 3 0x80009840 (0xe20d)
core   0: 0x80009862 (0x04dae163) bltu    s5, a3, pc + 66
core   0: 3 0x80009862 (0x04dae163)
core   0: 0x80009866 (0x029697b3) mulh    a5, a3, s1
core   0: 3 0x80009866 (0x029697b3) x15 0x00000000
core   0: 0x8000986a (0x537e2793) slti    a5, t3, 1335
core   0: 3 0x8000986a (0x537e2793) x15 0x00000001
core   0: 0x8000986e (0x018e8bb3) add     s7, t4, s8
core   0: 3 0x8000986e (0x018e8bb3) x23 0x518d5435
core   0: 0x80009872 (0xe341e313) ori     t1, gp, -460
core   0: 3 0x80009872 (0xe341e313) x6  0xffffffff
core   0: 0x80009876 (0x013b6763) bltu    s6, s3, pc + 14
core   0: 3 0x80009876 (0x013b6763)
core   0: 0x80009884 (0x02a3f3b3) remu    t2, t2, a0
core   0: 3 0x80009884 (0x02a3f3b3) x7  0x00000000
core   0: 0x80009888 (0x00b84563) blt     a6, a1, pc + 10
core   0: 3 0x80009888 (0x00b84563)
core   0: 0x8000988c (0x0000c889) c.beqz  s1, pc + 18
core   0: 3 0x8000988c (0xc889)
core   0: 0x8000988e (0x4faa4493) xori    s1, s4, 1274
core   0: 3 0x8000988e (0x4faa4493) x9  0x80025aee
core   0: 0x80009892 (0x00785f13) srli    t5, a6, 7
core   0: 3 0x80009892 (0x00785f13) x30 0x01ffffff
core   0: 0x80009896 (0x001f9b93) slli    s7, t6, 1
core   0: 3 0x80009896 (0x001f9b93) x23 0x00000020
core   0: 0x8000989a (0x00008db1) c.xor   a1, a2
core   0: 3 0x8000989a (0x8db1) x11 0x000000e8
core   0: 0x8000989c (0x000043dd) c.li    t2, 23
core   0: 3 0x8000989c (0x43dd) x7  0x00000017
core   0: 0x8000989e (0x0000ea09) c.bnez  a2, pc + 18
core   0: 3 0x8000989e (0xea09)
core   0: 0x800098b0 (0x1caa4b13) xori    s6, s4, 458
core   0: 3 0x800098b0 (0x1caa4b13) x22 0x80025fde
core   0: 0x800098b4 (0x009c5713) srli    a4, s8, 9
core   0: 3 0x800098b4 (0x009c5713) x14 0x00546356
core   0: 0x800098b8 (0x02daf0b3) remu    ra, s5, a3
core   0: 3 0x800098b8 (0x02daf0b3) x1  0x80029d24
core   0: 0x800098bc (0x012ee263) bltu    t4, s2, pc + 4
core   0: 3 0x800098bc (0x012ee263)
core   0: 0x800098c0 (0xf9eaa013) slti    zero, s5, -98
core   0: 3 0x800098c0 (0xf9eaa013)
core   0: 0x800098c4 (0x94a3b613) sltiu   a2, t2, -1718
core   0: 3 0x800098c4 (0x94a3b613) x12 0x00000001
core   0: 0x800098c8 (0x03a69eb3) mulh    t4, a3, s10
core   0: 3 0x800098c8 (0x03a69eb3) x29 0x00000000
core   0: 0x800098cc (0x000060b5) c.lui   ra, 0xd
core   0: 3 0x800098cc (0x60b5) x1  0x0000d000
core   0: 0x800098ce (0x00008f15) c.sub   a4, a3
core   0: 3 0x800098ce (0x8f15) x14 0x00546356
core   0: 0x800098d0 (0x035c11b3) mulh    gp, s8, s5
core   0: 3 0x800098d0 (0x035c11b3) x3  0x2b9bc576
core   0: 0x800098d4 (0x00650eb3) add     t4, a0, t1
core   0: 3 0x800098d4 (0x00650eb3) x29 0x00000fff
core   0: 0x800098d8 (0x01ada733) slt     a4, s11, s10
core   0: 3 0x800098d8 (0x01ada733) x14 0x00000001
core   0: 0x800098dc (0x022a8233) mul     tp, s5, sp
core   0: 3 0x800098dc (0x022a8233) x4  0x0dca937c
core   0: 0x800098e0 (0x00000001) c.nop
core   0: 3 0x800098e0 (0x0001)
core   0: 0x800098e2 (0x0379edb3) rem     s11, s3, s7
core   0: 3 0x800098e2 (0x0379edb3) x27 0x00000000
core   0: 0x800098e6 (0x00006f4d) c.lui   t5, 0x13
core   0: 3 0x800098e6 (0x6f4d) x30 0x00013000
core   0: 0x800098e8 (0x01881193) slli    gp, a6, 24
core   0: 3 0x800098e8 (0x01881193) x3  0xff000000
core   0: 0x800098ec (0x0000c589) c.beqz  a1, pc + 10
core   0: 3 0x800098ec (0xc589)
core   0: 0x800098ee (0x024fce63) blt     t6, tp, pc + 60
core   0: 3 0x800098ee (0x024fce63)
core   0: 0x8000992a (0x411bde33) sra     t3, s7, a7
core   0: 3 0x8000992a (0x411bde33) x28 0x00000000
core   0: 0x8000992e (0x00008dcd) c.or    a1, a1
core   0: 3 0x8000992e (0x8dcd) x11 0x000000e8
core   0: 0x80009930 (0x00004545) c.li    a0, 17
core   0: 3 0x80009930 (0x4545) x10 0x00000011
core   0: 0x80009932 (0x03c65f33) divu    t5, a2, t3
core   0: 3 0x80009932 (0x03c65f33) x30 0xffffffff
core   0: 0x80009936 (0x69ac8713) addi    a4, s9, 1690
core   0: 3 0x80009936 (0x69ac8713) x14 0x4555ae86
core   0: 0x8000993a (0x00008d55) c.or    a0, a3
core   0: 3 0x8000993a (0x8d55) x10 0x00000011
core   0: 0x8000993c (0x00b62d33) slt     s10, a2, a1
core   0: 3 0x8000993c (0x00b62d33) x26 0x00000001
core   0: 0x80009940 (0xf2113c93) sltiu   s9, sp, -223
core   0: 3 0x80009940 (0xf2113c93) x25 0x00000001
core   0: 0x80009944 (0x024aab33) mulhsu  s6, s5, tp
core   0: 3 0x80009944 (0x024aab33) x22 0xf91ada4e
core   0: 0x80009948 (0x00cd0863) beq     s10, a2, pc + 16
core   0: 3 0x80009948 (0x00cd0863)
core   0: 0x80009958 (0xac5793b7) lui     t2, 0xac579
core   0: 3 0x80009958 (0xac5793b7) x7  0xac579000
core   0: 0x8000995c (0x000abfb3) sltu    t6, s5, zero
core   0: 3 0x8000995c (0x000abfb3) x31 0x00000000
core   0: 0x80009960 (0x00008965) c.andi  a0, 25
core   0: 3 0x80009960 (0x8965) x10 0x00000011
core   0: 0x80009962 (0x0000ee99) c.bnez  a3, pc + 30
core   0: 3 0x80009962 (0xee99)
core   0: 0x80009964 (0x0000e08d) c.bnez  s1, pc + 34
core   0: 3 0x80009964 (0xe08d)
core   0: 0x80009986 (0x0000e489) c.bnez  s1, pc + 10
core   0: 3 0x80009986 (0xe489)
core   0: 0x80009990 (0x00310963) beq     sp, gp, pc + 18
core   0: 3 0x80009990 (0x00310963)
core   0: 0x80009994 (0x40048cb3) sub     s9, s1, zero
core   0: 3 0x80009994 (0x40048cb3) x25 0x80025aee
core   0: 0x80009998 (0x000001aa) c.slli  gp, 10
core   0: 3 0x80009998 (0x01aa) x3  0x00000000
core   0: 0x8000999a (0x01521193) slli    gp, tp, 21
core   0: 3 0x8000999a (0x01521193) x3  0x6f800000
core   0: 0x8000999e (0x026253b3) divu    t2, tp, t1
core   0: 3 0x8000999e (0x026253b3) x7  0x00000000
core   0: 0x800099a2 (0x00b21593) slli    a1, tp, 11
core   0: 3 0x800099a2 (0x00b21593) x11 0x549be000
core   0: 0x800099a6 (0x0119f9b3) and     s3, s3, a7
core   0: 3 0x800099a6 (0x0119f9b3) x19 0x530c0000
core   0: 0x800099aa (0xd861ef93) ori     t6, gp, -634
core   0: 3 0x800099aa (0xd861ef93) x31 0xfffffd86
core   0: 0x800099ae (0x0000e40d) c.bnez  s0, pc + 42
core   0: 3 0x800099ae (0xe40d)
core   0: 0x800099d8 (0x01e79663) bne     a5, t5, pc + 12
core   0: 3 0x800099d8 (0x01e79663)
core   0: 0x800099e4 (0x000086ee) c.mv    a3, s11
core   0: 3 0x800099e4 (0x86ee) x13 0x00000000
core   0: 0x800099e6 (0x0382ff33) remu    t5, t0, s8
core   0: 3 0x800099e6 (0x0382ff33) x30 0x57395048
core   0: 0x800099ea (0x0000c605) c.beqz  a2, pc + 40
core   0: 3 0x800099ea (0xc605)
core   0: 0x800099ec (0x1583fbb7) lui     s7, 0x1583f
core   0: 3 0x800099ec (0x1583fbb7) x23 0x1583f000
core   0: 0x800099f0 (0x01a21263) bne     tp, s10, pc + 4
core   0: 3 0x800099f0 (0x01a21263)
core   0: 0x800099f4 (0x007efbb3) and     s7, t4, t2
core   0: 3 0x800099f4 (0x007efbb3) x23 0x00000000
core   0: 0x800099f8 (0x403fd593) srai    a1, t6, 3
core   0: 3 0x800099f8 (0x403fd593) x11 0xffffffb0
core   0: 0x800099fc (0x00008c15) c.sub   s0, a3
core   0: 3 0x800099fc (0x8c15) x8  0x80025e14
core   0: 0x800099fe (0x009e66b3) or      a3, t3, s1
core   0: 3 0x800099fe (0x009e66b3) x13 0x80025aee
core   0: 0x80009a02 (0x02b5a333) mulhsu  t1, a1, a1
core   0: 3 0x80009a02 (0x02b5a333) x6  0xffffffb0
core   0: 0x80009a06 (0x01e77233) and     tp, a4, t5
core   0: 3 0x80009a06 (0x01e77233) x4  0x45110000
core   0: 0x80009a0a (0x0273a633) mulhsu  a2, t2, t2
core   0: 3 0x80009a0a (0x0273a633) x12 0x00000000
core   0: 0x80009a0e (0x00008331) c.srli  a4, 12
core   0: 3 0x80009a0e (0x8331) x14 0x0004555a
core   0: 0x80009a10 (0x00006189) c.lui   gp, 0x2
core   0: 3 0x80009a10 (0x6189) x3  0x00002000
core   0: 0x80009a12 (0x43f98213) addi    tp, s3, 1087
core   0: 3 0x80009a12 (0x43f98213) x4  0x530c043f
core   0: 0x80009a16 (0x00008259) c.srli  a2, 22
core   0: 3 0x80009a16 (0x8259) x12 0x00000000
core   0: 0x80009a18 (0xc6aabd93) sltiu   s11, s5, -918
core   0: 3 0x80009a18 (0xc6aabd93) x27 0x00000001
core   0: 0x80009a1c (0x00c0d333) srl     t1, ra, a2
core   0: 3 0x80009a1c (0x00c0d333) x6  0x0000d000
core   0: 0x80009a20 (0x00000eae) c.slli  t4, 11
core   0: 3 0x80009a20 (0x0eae) x29 0x007ff800
core   0: 0x80009a22 (0x032431b3) mulhu   gp, s0, s2
core   0: 3 0x80009a22 (0x032431b3) x3  0x80025d9f
core   0: 0x80009a26 (0x00008e8d) c.sub   a3, a1
core   0: 3 0x80009a26 (0x8e8d) x13 0x80025b3e
core   0: 0x80009a28 (0x53207d93) andi    s11, zero, 1330
core   0: 3 0x80009a28 (0x53207d93) x27 0x00000000
core   0: 0x80009a2c (0x000052e5) c.li    t0, -7
core   0: 3 0x80009a2c (0x52e5) x5  0xfffffff9
core   0: 0x80009a2e (0x008f9813) slli    a6, t6, 8
core   0: 3 0x80009a2e (0x008f9813) x16 0xfffd8600
core   0: 0x80009a32 (0x00004741) c.li    a4, 16
core   0: 3 0x80009a32 (0x4741) x14 0x00000010
core   0: 0x80009a34 (0x01273933) sltu    s2, a4, s2
core   0: 3 0x80009a34 (0x01273933) x18 0x00000001
core   0: 0x80009a38 (0x034f78b3) remu    a7, t5, s4
core   0: 3 0x80009a38 (0x034f78b3) x17 0x57395048
core   0: 0x80009a3c (0x00008c65) c.and   s0, s1
core   0: 3 0x80009a3c (0x8c65) x8  0x80025a04
core   0: 0x80009a3e (0x8ca77d13) andi    s10, a4, -1846
core   0: 3 0x80009a3e (0x8ca77d13) x26 0x00000000
core   0: 0x80009a42 (0x006ad4b3) srl     s1, s5, t1
core   0: 3 0x80009a42 (0x006ad4b3) x9  0x80029d24
core   0: 0x80009a46 (0x00008391) c.srli  a5, 4
core   0: 3 0x80009a46 (0x8391) x15 0x00000000
core   0: 0x80009a48 (0x015093b3) sll     t2, ra, s5
core   0: 3 0x80009a48 (0x015093b3) x7  0x000d0000
core   0: 0x80009a4c (0xbf25ad13) slti    s10, a1, -1038
core   0: 3 0x80009a4c (0xbf25ad13) x26 0x00000000
core   0: 0x80009a50 (0x59e4f213) andi    tp, s1, 1438
core   0: 3 0x80009a50 (0x59e4f213) x4  0x00000504
core   0: 0x80009a54 (0x00f29233) sll     tp, t0, a5
core   0: 3 0x80009a54 (0x00f29233) x4  0xfffffff9
core   0: 0x80009a58 (0xade3cf93) xori    t6, t2, -1314
core   0: 3 0x80009a58 (0xade3cf93) x31 0xfff2fade
core   0: 0x80009a5c (0x40155913) srai    s2, a0, 1
core   0: 3 0x80009a5c (0x40155913) x18 0x00000008
core   0: 0x80009a60 (0x03f811b3) mulh    gp, a6, t6
core   0: 3 0x80009a60 (0x03f811b3) x3  0x00000020
core   0: 0x80009a64 (0x00000285) c.addi  t0, 1
core   0: 3 0x80009a64 (0x0285) x5  0xfffffffa
core   0: 0x80009a66 (0x000004d5) c.addi  s1, 21
core   0: 3 0x80009a66 (0x04d5) x9  0x80029d39
core   0: 0x80009a68 (0x699bb597) auipc   a1, 0x699bb
core   0: 3 0x80009a68 (0x699bb597) x11 0xe99c4a68
core   0: 0x80009a6c (0x01d8dc33) srl     s8, a7, t4
core   0: 3 0x80009a6c (0x01d8dc33) x24 0x57395048
core   0: 0x80009a70 (0xfce2c4e3) blt     t0, a4, pc - 56
core   0: 3 0x80009a70 (0xfce2c4e3)
core   0: 0x80009a38 (0x034f78b3) remu    a7, t5, s4
core   0: 3 0x80009a38 (0x034f78b3) x17 0x57395048
core   0: 0x80009a3c (0x00008c65) c.and   s0, s1
core   0: 3 0x80009a3c (0x8c65) x8  0x80021800
core   0: 0x80009a3e (0x8ca77d13) andi    s10, a4, -1846
core   0: 3 0x80009a3e (0x8ca77d13) x26 0x00000000
core   0: 0x80009a42 (0x006ad4b3) srl     s1, s5, t1
core   0: 3 0x80009a42 (0x006ad4b3) x9  0x80029d24
core   0: 0x80009a46 (0x00008391) c.srli  a5, 4
core   0: 3 0x80009a46 (0x8391) x15 0x00000000
core   0: 0x80009a48 (0x015093b3) sll     t2, ra, s5
core   0: 3 0x80009a48 (0x015093b3) x7  0x000d0000
core   0: 0x80009a4c (0xbf25ad13) slti    s10, a1, -1038
core   0: 3 0x80009a4c (0xbf25ad13) x26 0x00000001
core   0: 0x80009a50 (0x59e4f213) andi    tp, s1, 1438
core   0: 3 0x80009a50 (0x59e4f213) x4  0x00000504
core   0: 0x80009a54 (0x00f29233) sll     tp, t0, a5
core   0: 3 0x80009a54 (0x00f29233) x4  0xfffffffa
core   0: 0x80009a58 (0xade3cf93) xori    t6, t2, -1314
core   0: 3 0x80009a58 (0xade3cf93) x31 0xfff2fade
core   0: 0x80009a5c (0x40155913) srai    s2, a0, 1
core   0: 3 0x80009a5c (0x40155913) x18 0x00000008
core   0: 0x80009a60 (0x03f811b3) mulh    gp, a6, t6
core   0: 3 0x80009a60 (0x03f811b3) x3  0x00000020
core   0: 0x80009a64 (0x00000285) c.addi  t0, 1
core   0: 3 0x80009a64 (0x0285) x5  0xfffffffb
core   0: 0x80009a66 (0x000004d5) c.addi  s1, 21
core   0: 3 0x80009a66 (0x04d5) x9  0x80029d39
core   0: 0x80009a68 (0x699bb597) auipc   a1, 0x699bb
core   0: 3 0x80009a68 (0x699bb597) x11 0xe99c4a68
core   0: 0x80009a6c (0x01d8dc33) srl     s8, a7, t4
core   0: 3 0x80009a6c (0x01d8dc33) x24 0x57395048
core   0: 0x80009a70 (0xfce2c4e3) blt     t0, a4, pc - 56
core   0: 3 0x80009a70 (0xfce2c4e3)
core   0: 0x80009a38 (0x034f78b3) remu    a7, t5, s4
core   0: 3 0x80009a38 (0x034f78b3) x17 0x57395048
core   0: 0x80009a3c (0x00008c65) c.and   s0, s1
core   0: 3 0x80009a3c (0x8c65) x8  0x80021800
core   0: 0x80009a3e (0x8ca77d13) andi    s10, a4, -1846
core   0: 3 0x80009a3e (0x8ca77d13) x26 0x00000000
core   0: 0x80009a42 (0x006ad4b3) srl     s1, s5, t1
core   0: 3 0x80009a42 (0x006ad4b3) x9  0x80029d24
core   0: 0x80009a46 (0x00008391) c.srli  a5, 4
core   0: 3 0x80009a46 (0x8391) x15 0x00000000
core   0: 0x80009a48 (0x015093b3) sll     t2, ra, s5
core   0: 3 0x80009a48 (0x015093b3) x7  0x000d0000
core   0: 0x80009a4c (0xbf25ad13) slti    s10, a1, -1038
core   0: 3 0x80009a4c (0xbf25ad13) x26 0x00000001
core   0: 0x80009a50 (0x59e4f213) andi    tp, s1, 1438
core   0: 3 0x80009a50 (0x59e4f213) x4  0x00000504
core   0: 0x80009a54 (0x00f29233) sll     tp, t0, a5
core   0: 3 0x80009a54 (0x00f29233) x4  0xfffffffb
core   0: 0x80009a58 (0xade3cf93) xori    t6, t2, -1314
core   0: 3 0x80009a58 (0xade3cf93) x31 0xfff2fade
core   0: 0x80009a5c (0x40155913) srai    s2, a0, 1
core   0: 3 0x80009a5c (0x40155913) x18 0x00000008
core   0: 0x80009a60 (0x03f811b3) mulh    gp, a6, t6
core   0: 3 0x80009a60 (0x03f811b3) x3  0x00000020
core   0: 0x80009a64 (0x00000285) c.addi  t0, 1
core   0: 3 0x80009a64 (0x0285) x5  0xfffffffc
core   0: 0x80009a66 (0x000004d5) c.addi  s1, 21
core   0: 3 0x80009a66 (0x04d5) x9  0x80029d39
core   0: 0x80009a68 (0x699bb597) auipc   a1, 0x699bb
core   0: 3 0x80009a68 (0x699bb597) x11 0xe99c4a68
core   0: 0x80009a6c (0x01d8dc33) srl     s8, a7, t4
core   0: 3 0x80009a6c (0x01d8dc33) x24 0x57395048
core   0: 0x80009a70 (0xfce2c4e3) blt     t0, a4, pc - 56
core   0: 3 0x80009a70 (0xfce2c4e3)
core   0: 0x80009a38 (0x034f78b3) remu    a7, t5, s4
core   0: 3 0x80009a38 (0x034f78b3) x17 0x57395048
core   0: 0x80009a3c (0x00008c65) c.and   s0, s1
core   0: 3 0x80009a3c (0x8c65) x8  0x80021800
core   0: 0x80009a3e (0x8ca77d13) andi    s10, a4, -1846
core   0: 3 0x80009a3e (0x8ca77d13) x26 0x00000000
core   0: 0x80009a42 (0x006ad4b3) srl     s1, s5, t1
core   0: 3 0x80009a42 (0x006ad4b3) x9  0x80029d24
core   0: 0x80009a46 (0x00008391) c.srli  a5, 4
core   0: 3 0x80009a46 (0x8391) x15 0x00000000
core   0: 0x80009a48 (0x015093b3) sll     t2, ra, s5
core   0: 3 0x80009a48 (0x015093b3) x7  0x000d0000
core   0: 0x80009a4c (0xbf25ad13) slti    s10, a1, -1038
core   0: 3 0x80009a4c (0xbf25ad13) x26 0x00000001
core   0: 0x80009a50 (0x59e4f213) andi    tp, s1, 1438
core   0: 3 0x80009a50 (0x59e4f213) x4  0x00000504
core   0: 0x80009a54 (0x00f29233) sll     tp, t0, a5
core   0: 3 0x80009a54 (0x00f29233) x4  0xfffffffc
core   0: 0x80009a58 (0xade3cf93) xori    t6, t2, -1314
core   0: 3 0x80009a58 (0xade3cf93) x31 0xfff2fade
core   0: 0x80009a5c (0x40155913) srai    s2, a0, 1
core   0: 3 0x80009a5c (0x40155913) x18 0x00000008
core   0: 0x80009a60 (0x03f811b3) mulh    gp, a6, t6
core   0: 3 0x80009a60 (0x03f811b3) x3  0x00000020
core   0: 0x80009a64 (0x00000285) c.addi  t0, 1
core   0: 3 0x80009a64 (0x0285) x5  0xfffffffd
core   0: 0x80009a66 (0x000004d5) c.addi  s1, 21
core   0: 3 0x80009a66 (0x04d5) x9  0x80029d39
core   0: 0x80009a68 (0x699bb597) auipc   a1, 0x699bb
core   0: 3 0x80009a68 (0x699bb597) x11 0xe99c4a68
core   0: 0x80009a6c (0x01d8dc33) srl     s8, a7, t4
core   0: 3 0x80009a6c (0x01d8dc33) x24 0x57395048
core   0: 0x80009a70 (0xfce2c4e3) blt     t0, a4, pc - 56
core   0: 3 0x80009a70 (0xfce2c4e3)
core   0: 0x80009a38 (0x034f78b3) remu    a7, t5, s4
core   0: 3 0x80009a38 (0x034f78b3) x17 0x57395048
core   0: 0x80009a3c (0x00008c65) c.and   s0, s1
core   0: 3 0x80009a3c (0x8c65) x8  0x80021800
core   0: 0x80009a3e (0x8ca77d13) andi    s10, a4, -1846
core   0: 3 0x80009a3e (0x8ca77d13) x26 0x00000000
core   0: 0x80009a42 (0x006ad4b3) srl     s1, s5, t1
core   0: 3 0x80009a42 (0x006ad4b3) x9  0x80029d24
core   0: 0x80009a46 (0x00008391) c.srli  a5, 4
core   0: 3 0x80009a46 (0x8391) x15 0x00000000
core   0: 0x80009a48 (0x015093b3) sll     t2, ra, s5
core   0: 3 0x80009a48 (0x015093b3) x7  0x000d0000
core   0: 0x80009a4c (0xbf25ad13) slti    s10, a1, -1038
core   0: 3 0x80009a4c (0xbf25ad13) x26 0x00000001
core   0: 0x80009a50 (0x59e4f213) andi    tp, s1, 1438
core   0: 3 0x80009a50 (0x59e4f213) x4  0x00000504
core   0: 0x80009a54 (0x00f29233) sll     tp, t0, a5
core   0: 3 0x80009a54 (0x00f29233) x4  0xfffffffd
core   0: 0x80009a58 (0xade3cf93) xori    t6, t2, -1314
core   0: 3 0x80009a58 (0xade3cf93) x31 0xfff2fade
core   0: 0x80009a5c (0x40155913) srai    s2, a0, 1
core   0: 3 0x80009a5c (0x40155913) x18 0x00000008
core   0: 0x80009a60 (0x03f811b3) mulh    gp, a6, t6
core   0: 3 0x80009a60 (0x03f811b3) x3  0x00000020
core   0: 0x80009a64 (0x00000285) c.addi  t0, 1
core   0: 3 0x80009a64 (0x0285) x5  0xfffffffe
core   0: 0x80009a66 (0x000004d5) c.addi  s1, 21
core   0: 3 0x80009a66 (0x04d5) x9  0x80029d39
core   0: 0x80009a68 (0x699bb597) auipc   a1, 0x699bb
core   0: 3 0x80009a68 (0x699bb597) x11 0xe99c4a68
core   0: 0x80009a6c (0x01d8dc33) srl     s8, a7, t4
core   0: 3 0x80009a6c (0x01d8dc33) x24 0x57395048
core   0: 0x80009a70 (0xfce2c4e3) blt     t0, a4, pc - 56
core   0: 3 0x80009a70 (0xfce2c4e3)
core   0: 0x80009a38 (0x034f78b3) remu    a7, t5, s4
core   0: 3 0x80009a38 (0x034f78b3) x17 0x57395048
core   0: 0x80009a3c (0x00008c65) c.and   s0, s1
core   0: 3 0x80009a3c (0x8c65) x8  0x80021800
core   0: 0x80009a3e (0x8ca77d13) andi    s10, a4, -1846
core   0: 3 0x80009a3e (0x8ca77d13) x26 0x00000000
core   0: 0x80009a42 (0x006ad4b3) srl     s1, s5, t1
core   0: 3 0x80009a42 (0x006ad4b3) x9  0x80029d24
core   0: 0x80009a46 (0x00008391) c.srli  a5, 4
core   0: 3 0x80009a46 (0x8391) x15 0x00000000
core   0: 0x80009a48 (0x015093b3) sll     t2, ra, s5
core   0: 3 0x80009a48 (0x015093b3) x7  0x000d0000
core   0: 0x80009a4c (0xbf25ad13) slti    s10, a1, -1038
core   0: 3 0x80009a4c (0xbf25ad13) x26 0x00000001
core   0: 0x80009a50 (0x59e4f213) andi    tp, s1, 1438
core   0: 3 0x80009a50 (0x59e4f213) x4  0x00000504
core   0: 0x80009a54 (0x00f29233) sll     tp, t0, a5
core   0: 3 0x80009a54 (0x00f29233) x4  0xfffffffe
core   0: 0x80009a58 (0xade3cf93) xori    t6, t2, -1314
core   0: 3 0x80009a58 (0xade3cf93) x31 0xfff2fade
core   0: 0x80009a5c (0x40155913) srai    s2, a0, 1
core   0: 3 0x80009a5c (0x40155913) x18 0x00000008
core   0: 0x80009a60 (0x03f811b3) mulh    gp, a6, t6
core   0: 3 0x80009a60 (0x03f811b3) x3  0x00000020
core   0: 0x80009a64 (0x00000285) c.addi  t0, 1
core   0: 3 0x80009a64 (0x0285) x5  0xffffffff
core   0: 0x80009a66 (0x000004d5) c.addi  s1, 21
core   0: 3 0x80009a66 (0x04d5) x9  0x80029d39
core   0: 0x80009a68 (0x699bb597) auipc   a1, 0x699bb
core   0: 3 0x80009a68 (0x699bb597) x11 0xe99c4a68
core   0: 0x80009a6c (0x01d8dc33) srl     s8, a7, t4
core   0: 3 0x80009a6c (0x01d8dc33) x24 0x57395048
core   0: 0x80009a70 (0xfce2c4e3) blt     t0, a4, pc - 56
core   0: 3 0x80009a70 (0xfce2c4e3)
core   0: 0x80009a38 (0x034f78b3) remu    a7, t5, s4
core   0: 3 0x80009a38 (0x034f78b3) x17 0x57395048
core   0: 0x80009a3c (0x00008c65) c.and   s0, s1
core   0: 3 0x80009a3c (0x8c65) x8  0x80021800
core   0: 0x80009a3e (0x8ca77d13) andi    s10, a4, -1846
core   0: 3 0x80009a3e (0x8ca77d13) x26 0x00000000
core   0: 0x80009a42 (0x006ad4b3) srl     s1, s5, t1
core   0: 3 0x80009a42 (0x006ad4b3) x9  0x80029d24
core   0: 0x80009a46 (0x00008391) c.srli  a5, 4
core   0: 3 0x80009a46 (0x8391) x15 0x00000000
core   0: 0x80009a48 (0x015093b3) sll     t2, ra, s5
core   0: 3 0x80009a48 (0x015093b3) x7  0x000d0000
core   0: 0x80009a4c (0xbf25ad13) slti    s10, a1, -1038
core   0: 3 0x80009a4c (0xbf25ad13) x26 0x00000001
core   0: 0x80009a50 (0x59e4f213) andi    tp, s1, 1438
core   0: 3 0x80009a50 (0x59e4f213) x4  0x00000504
core   0: 0x80009a54 (0x00f29233) sll     tp, t0, a5
core   0: 3 0x80009a54 (0x00f29233) x4  0xffffffff
core   0: 0x80009a58 (0xade3cf93) xori    t6, t2, -1314
core   0: 3 0x80009a58 (0xade3cf93) x31 0xfff2fade
core   0: 0x80009a5c (0x40155913) srai    s2, a0, 1
core   0: 3 0x80009a5c (0x40155913) x18 0x00000008
core   0: 0x80009a60 (0x03f811b3) mulh    gp, a6, t6
core   0: 3 0x80009a60 (0x03f811b3) x3  0x00000020
core   0: 0x80009a64 (0x00000285) c.addi  t0, 1
core   0: 3 0x80009a64 (0x0285) x5  0x00000000
core   0: 0x80009a66 (0x000004d5) c.addi  s1, 21
core   0: 3 0x80009a66 (0x04d5) x9  0x80029d39
core   0: 0x80009a68 (0x699bb597) auipc   a1, 0x699bb
core   0: 3 0x80009a68 (0x699bb597) x11 0xe99c4a68
core   0: 0x80009a6c (0x01d8dc33) srl     s8, a7, t4
core   0: 3 0x80009a6c (0x01d8dc33) x24 0x57395048
core   0: 0x80009a70 (0xfce2c4e3) blt     t0, a4, pc - 56
core   0: 3 0x80009a70 (0xfce2c4e3)
core   0: 0x80009a38 (0x034f78b3) remu    a7, t5, s4
core   0: 3 0x80009a38 (0x034f78b3) x17 0x57395048
core   0: 0x80009a3c (0x00008c65) c.and   s0, s1
core   0: 3 0x80009a3c (0x8c65) x8  0x80021800
core   0: 0x80009a3e (0x8ca77d13) andi    s10, a4, -1846
core   0: 3 0x80009a3e (0x8ca77d13) x26 0x00000000
core   0: 0x80009a42 (0x006ad4b3) srl     s1, s5, t1
core   0: 3 0x80009a42 (0x006ad4b3) x9  0x80029d24
core   0: 0x80009a46 (0x00008391) c.srli  a5, 4
core   0: 3 0x80009a46 (0x8391) x15 0x00000000
core   0: 0x80009a48 (0x015093b3) sll     t2, ra, s5
core   0: 3 0x80009a48 (0x015093b3) x7  0x000d0000
core   0: 0x80009a4c (0xbf25ad13) slti    s10, a1, -1038
core   0: 3 0x80009a4c (0xbf25ad13) x26 0x00000001
core   0: 0x80009a50 (0x59e4f213) andi    tp, s1, 1438
core   0: 3 0x80009a50 (0x59e4f213) x4  0x00000504
core   0: 0x80009a54 (0x00f29233) sll     tp, t0, a5
core   0: 3 0x80009a54 (0x00f29233) x4  0x00000000
core   0: 0x80009a58 (0xade3cf93) xori    t6, t2, -1314
core   0: 3 0x80009a58 (0xade3cf93) x31 0xfff2fade
core   0: 0x80009a5c (0x40155913) srai    s2, a0, 1
core   0: 3 0x80009a5c (0x40155913) x18 0x00000008
core   0: 0x80009a60 (0x03f811b3) mulh    gp, a6, t6
core   0: 3 0x80009a60 (0x03f811b3) x3  0x00000020
core   0: 0x80009a64 (0x00000285) c.addi  t0, 1
core   0: 3 0x80009a64 (0x0285) x5  0x00000001
core   0: 0x80009a66 (0x000004d5) c.addi  s1, 21
core   0: 3 0x80009a66 (0x04d5) x9  0x80029d39
core   0: 0x80009a68 (0x699bb597) auipc   a1, 0x699bb
core   0: 3 0x80009a68 (0x699bb597) x11 0xe99c4a68
core   0: 0x80009a6c (0x01d8dc33) srl     s8, a7, t4
core   0: 3 0x80009a6c (0x01d8dc33) x24 0x57395048
core   0: 0x80009a70 (0xfce2c4e3) blt     t0, a4, pc - 56
core   0: 3 0x80009a70 (0xfce2c4e3)
core   0: 0x80009a38 (0x034f78b3) remu    a7, t5, s4
core   0: 3 0x80009a38 (0x034f78b3) x17 0x57395048
core   0: 0x80009a3c (0x00008c65) c.and   s0, s1
core   0: 3 0x80009a3c (0x8c65) x8  0x80021800
core   0: 0x80009a3e (0x8ca77d13) andi    s10, a4, -1846
core   0: 3 0x80009a3e (0x8ca77d13) x26 0x00000000
core   0: 0x80009a42 (0x006ad4b3) srl     s1, s5, t1
core   0: 3 0x80009a42 (0x006ad4b3) x9  0x80029d24
core   0: 0x80009a46 (0x00008391) c.srli  a5, 4
core   0: 3 0x80009a46 (0x8391) x15 0x00000000
core   0: 0x80009a48 (0x015093b3) sll     t2, ra, s5
core   0: 3 0x80009a48 (0x015093b3) x7  0x000d0000
core   0: 0x80009a4c (0xbf25ad13) slti    s10, a1, -1038
core   0: 3 0x80009a4c (0xbf25ad13) x26 0x00000001
core   0: 0x80009a50 (0x59e4f213) andi    tp, s1, 1438
core   0: 3 0x80009a50 (0x59e4f213) x4  0x00000504
core   0: 0x80009a54 (0x00f29233) sll     tp, t0, a5
core   0: 3 0x80009a54 (0x00f29233) x4  0x00000001
core   0: 0x80009a58 (0xade3cf93) xori    t6, t2, -1314
core   0: 3 0x80009a58 (0xade3cf93) x31 0xfff2fade
core   0: 0x80009a5c (0x40155913) srai    s2, a0, 1
core   0: 3 0x80009a5c (0x40155913) x18 0x00000008
core   0: 0x80009a60 (0x03f811b3) mulh    gp, a6, t6
core   0: 3 0x80009a60 (0x03f811b3) x3  0x00000020
core   0: 0x80009a64 (0x00000285) c.addi  t0, 1
core   0: 3 0x80009a64 (0x0285) x5  0x00000002
core   0: 0x80009a66 (0x000004d5) c.addi  s1, 21
core   0: 3 0x80009a66 (0x04d5) x9  0x80029d39
core   0: 0x80009a68 (0x699bb597) auipc   a1, 0x699bb
core   0: 3 0x80009a68 (0x699bb597) x11 0xe99c4a68
core   0: 0x80009a6c (0x01d8dc33) srl     s8, a7, t4
core   0: 3 0x80009a6c (0x01d8dc33) x24 0x57395048
core   0: 0x80009a70 (0xfce2c4e3) blt     t0, a4, pc - 56
core   0: 3 0x80009a70 (0xfce2c4e3)
core   0: 0x80009a38 (0x034f78b3) remu    a7, t5, s4
core   0: 3 0x80009a38 (0x034f78b3) x17 0x57395048
core   0: 0x80009a3c (0x00008c65) c.and   s0, s1
core   0: 3 0x80009a3c (0x8c65) x8  0x80021800
core   0: 0x80009a3e (0x8ca77d13) andi    s10, a4, -1846
core   0: 3 0x80009a3e (0x8ca77d13) x26 0x00000000
core   0: 0x80009a42 (0x006ad4b3) srl     s1, s5, t1
core   0: 3 0x80009a42 (0x006ad4b3) x9  0x80029d24
core   0: 0x80009a46 (0x00008391) c.srli  a5, 4
core   0: 3 0x80009a46 (0x8391) x15 0x00000000
core   0: 0x80009a48 (0x015093b3) sll     t2, ra, s5
core   0: 3 0x80009a48 (0x015093b3) x7  0x000d0000
core   0: 0x80009a4c (0xbf25ad13) slti    s10, a1, -1038
core   0: 3 0x80009a4c (0xbf25ad13) x26 0x00000001
core   0: 0x80009a50 (0x59e4f213) andi    tp, s1, 1438
core   0: 3 0x80009a50 (0x59e4f213) x4  0x00000504
core   0: 0x80009a54 (0x00f29233) sll     tp, t0, a5
core   0: 3 0x80009a54 (0x00f29233) x4  0x00000002
core   0: 0x80009a58 (0xade3cf93) xori    t6, t2, -1314
core   0: 3 0x80009a58 (0xade3cf93) x31 0xfff2fade
core   0: 0x80009a5c (0x40155913) srai    s2, a0, 1
core   0: 3 0x80009a5c (0x40155913) x18 0x00000008
core   0: 0x80009a60 (0x03f811b3) mulh    gp, a6, t6
core   0: 3 0x80009a60 (0x03f811b3) x3  0x00000020
core   0: 0x80009a64 (0x00000285) c.addi  t0, 1
core   0: 3 0x80009a64 (0x0285) x5  0x00000003
core   0: 0x80009a66 (0x000004d5) c.addi  s1, 21
core   0: 3 0x80009a66 (0x04d5) x9  0x80029d39
core   0: 0x80009a68 (0x699bb597) auipc   a1, 0x699bb
core   0: 3 0x80009a68 (0x699bb597) x11 0xe99c4a68
core   0: 0x80009a6c (0x01d8dc33) srl     s8, a7, t4
core   0: 3 0x80009a6c (0x01d8dc33) x24 0x57395048
core   0: 0x80009a70 (0xfce2c4e3) blt     t0, a4, pc - 56
core   0: 3 0x80009a70 (0xfce2c4e3)
core   0: 0x80009a38 (0x034f78b3) remu    a7, t5, s4
core   0: 3 0x80009a38 (0x034f78b3) x17 0x57395048
core   0: 0x80009a3c (0x00008c65) c.and   s0, s1
core   0: 3 0x80009a3c (0x8c65) x8  0x80021800
core   0: 0x80009a3e (0x8ca77d13) andi    s10, a4, -1846
core   0: 3 0x80009a3e (0x8ca77d13) x26 0x00000000
core   0: 0x80009a42 (0x006ad4b3) srl     s1, s5, t1
core   0: 3 0x80009a42 (0x006ad4b3) x9  0x80029d24
core   0: 0x80009a46 (0x00008391) c.srli  a5, 4
core   0: 3 0x80009a46 (0x8391) x15 0x00000000
core   0: 0x80009a48 (0x015093b3) sll     t2, ra, s5
core   0: 3 0x80009a48 (0x015093b3) x7  0x000d0000
core   0: 0x80009a4c (0xbf25ad13) slti    s10, a1, -1038
core   0: 3 0x80009a4c (0xbf25ad13) x26 0x00000001
core   0: 0x80009a50 (0x59e4f213) andi    tp, s1, 1438
core   0: 3 0x80009a50 (0x59e4f213) x4  0x00000504
core   0: 0x80009a54 (0x00f29233) sll     tp, t0, a5
core   0: 3 0x80009a54 (0x00f29233) x4  0x00000003
core   0: 0x80009a58 (0xade3cf93) xori    t6, t2, -1314
core   0: 3 0x80009a58 (0xade3cf93) x31 0xfff2fade
core   0: 0x80009a5c (0x40155913) srai    s2, a0, 1
core   0: 3 0x80009a5c (0x40155913) x18 0x00000008
core   0: 0x80009a60 (0x03f811b3) mulh    gp, a6, t6
core   0: 3 0x80009a60 (0x03f811b3) x3  0x00000020
core   0: 0x80009a64 (0x00000285) c.addi  t0, 1
core   0: 3 0x80009a64 (0x0285) x5  0x00000004
core   0: 0x80009a66 (0x000004d5) c.addi  s1, 21
core   0: 3 0x80009a66 (0x04d5) x9  0x80029d39
core   0: 0x80009a68 (0x699bb597) auipc   a1, 0x699bb
core   0: 3 0x80009a68 (0x699bb597) x11 0xe99c4a68
core   0: 0x80009a6c (0x01d8dc33) srl     s8, a7, t4
core   0: 3 0x80009a6c (0x01d8dc33) x24 0x57395048
core   0: 0x80009a70 (0xfce2c4e3) blt     t0, a4, pc - 56
core   0: 3 0x80009a70 (0xfce2c4e3)
core   0: 0x80009a38 (0x034f78b3) remu    a7, t5, s4
core   0: 3 0x80009a38 (0x034f78b3) x17 0x57395048
core   0: 0x80009a3c (0x00008c65) c.and   s0, s1
core   0: 3 0x80009a3c (0x8c65) x8  0x80021800
core   0: 0x80009a3e (0x8ca77d13) andi    s10, a4, -1846
core   0: 3 0x80009a3e (0x8ca77d13) x26 0x00000000
core   0: 0x80009a42 (0x006ad4b3) srl     s1, s5, t1
core   0: 3 0x80009a42 (0x006ad4b3) x9  0x80029d24
core   0: 0x80009a46 (0x00008391) c.srli  a5, 4
core   0: 3 0x80009a46 (0x8391) x15 0x00000000
core   0: 0x80009a48 (0x015093b3) sll     t2, ra, s5
core   0: 3 0x80009a48 (0x015093b3) x7  0x000d0000
core   0: 0x80009a4c (0xbf25ad13) slti    s10, a1, -1038
core   0: 3 0x80009a4c (0xbf25ad13) x26 0x00000001
core   0: 0x80009a50 (0x59e4f213) andi    tp, s1, 1438
core   0: 3 0x80009a50 (0x59e4f213) x4  0x00000504
core   0: 0x80009a54 (0x00f29233) sll     tp, t0, a5
core   0: 3 0x80009a54 (0x00f29233) x4  0x00000004
core   0: 0x80009a58 (0xade3cf93) xori    t6, t2, -1314
core   0: 3 0x80009a58 (0xade3cf93) x31 0xfff2fade
core   0: 0x80009a5c (0x40155913) srai    s2, a0, 1
core   0: 3 0x80009a5c (0x40155913) x18 0x00000008
core   0: 0x80009a60 (0x03f811b3) mulh    gp, a6, t6
core   0: 3 0x80009a60 (0x03f811b3) x3  0x00000020
core   0: 0x80009a64 (0x00000285) c.addi  t0, 1
core   0: 3 0x80009a64 (0x0285) x5  0x00000005
core   0: 0x80009a66 (0x000004d5) c.addi  s1, 21
core   0: 3 0x80009a66 (0x04d5) x9  0x80029d39
core   0: 0x80009a68 (0x699bb597) auipc   a1, 0x699bb
core   0: 3 0x80009a68 (0x699bb597) x11 0xe99c4a68
core   0: 0x80009a6c (0x01d8dc33) srl     s8, a7, t4
core   0: 3 0x80009a6c (0x01d8dc33) x24 0x57395048
core   0: 0x80009a70 (0xfce2c4e3) blt     t0, a4, pc - 56
core   0: 3 0x80009a70 (0xfce2c4e3)
core   0: 0x80009a38 (0x034f78b3) remu    a7, t5, s4
core   0: 3 0x80009a38 (0x034f78b3) x17 0x57395048
core   0: 0x80009a3c (0x00008c65) c.and   s0, s1
core   0: 3 0x80009a3c (0x8c65) x8  0x80021800
core   0: 0x80009a3e (0x8ca77d13) andi    s10, a4, -1846
core   0: 3 0x80009a3e (0x8ca77d13) x26 0x00000000
core   0: 0x80009a42 (0x006ad4b3) srl     s1, s5, t1
core   0: 3 0x80009a42 (0x006ad4b3) x9  0x80029d24
core   0: 0x80009a46 (0x00008391) c.srli  a5, 4
core   0: 3 0x80009a46 (0x8391) x15 0x00000000
core   0: 0x80009a48 (0x015093b3) sll     t2, ra, s5
core   0: 3 0x80009a48 (0x015093b3) x7  0x000d0000
core   0: 0x80009a4c (0xbf25ad13) slti    s10, a1, -1038
core   0: 3 0x80009a4c (0xbf25ad13) x26 0x00000001
core   0: 0x80009a50 (0x59e4f213) andi    tp, s1, 1438
core   0: 3 0x80009a50 (0x59e4f213) x4  0x00000504
core   0: 0x80009a54 (0x00f29233) sll     tp, t0, a5
core   0: 3 0x80009a54 (0x00f29233) x4  0x00000005
core   0: 0x80009a58 (0xade3cf93) xori    t6, t2, -1314
core   0: 3 0x80009a58 (0xade3cf93) x31 0xfff2fade
core   0: 0x80009a5c (0x40155913) srai    s2, a0, 1
core   0: 3 0x80009a5c (0x40155913) x18 0x00000008
core   0: 0x80009a60 (0x03f811b3) mulh    gp, a6, t6
core   0: 3 0x80009a60 (0x03f811b3) x3  0x00000020
core   0: 0x80009a64 (0x00000285) c.addi  t0, 1
core   0: 3 0x80009a64 (0x0285) x5  0x00000006
core   0: 0x80009a66 (0x000004d5) c.addi  s1, 21
core   0: 3 0x80009a66 (0x04d5) x9  0x80029d39
core   0: 0x80009a68 (0x699bb597) auipc   a1, 0x699bb
core   0: 3 0x80009a68 (0x699bb597) x11 0xe99c4a68
core   0: 0x80009a6c (0x01d8dc33) srl     s8, a7, t4
core   0: 3 0x80009a6c (0x01d8dc33) x24 0x57395048
core   0: 0x80009a70 (0xfce2c4e3) blt     t0, a4, pc - 56
core   0: 3 0x80009a70 (0xfce2c4e3)
core   0: 0x80009a38 (0x034f78b3) remu    a7, t5, s4
core   0: 3 0x80009a38 (0x034f78b3) x17 0x57395048
core   0: 0x80009a3c (0x00008c65) c.and   s0, s1
core   0: 3 0x80009a3c (0x8c65) x8  0x80021800
core   0: 0x80009a3e (0x8ca77d13) andi    s10, a4, -1846
core   0: 3 0x80009a3e (0x8ca77d13) x26 0x00000000
core   0: 0x80009a42 (0x006ad4b3) srl     s1, s5, t1
core   0: 3 0x80009a42 (0x006ad4b3) x9  0x80029d24
core   0: 0x80009a46 (0x00008391) c.srli  a5, 4
core   0: 3 0x80009a46 (0x8391) x15 0x00000000
core   0: 0x80009a48 (0x015093b3) sll     t2, ra, s5
core   0: 3 0x80009a48 (0x015093b3) x7  0x000d0000
core   0: 0x80009a4c (0xbf25ad13) slti    s10, a1, -1038
core   0: 3 0x80009a4c (0xbf25ad13) x26 0x00000001
core   0: 0x80009a50 (0x59e4f213) andi    tp, s1, 1438
core   0: 3 0x80009a50 (0x59e4f213) x4  0x00000504
core   0: 0x80009a54 (0x00f29233) sll     tp, t0, a5
core   0: 3 0x80009a54 (0x00f29233) x4  0x00000006
core   0: 0x80009a58 (0xade3cf93) xori    t6, t2, -1314
core   0: 3 0x80009a58 (0xade3cf93) x31 0xfff2fade
core   0: 0x80009a5c (0x40155913) srai    s2, a0, 1
core   0: 3 0x80009a5c (0x40155913) x18 0x00000008
core   0: 0x80009a60 (0x03f811b3) mulh    gp, a6, t6
core   0: 3 0x80009a60 (0x03f811b3) x3  0x00000020
core   0: 0x80009a64 (0x00000285) c.addi  t0, 1
core   0: 3 0x80009a64 (0x0285) x5  0x00000007
core   0: 0x80009a66 (0x000004d5) c.addi  s1, 21
core   0: 3 0x80009a66 (0x04d5) x9  0x80029d39
core   0: 0x80009a68 (0x699bb597) auipc   a1, 0x699bb
core   0: 3 0x80009a68 (0x699bb597) x11 0xe99c4a68
core   0: 0x80009a6c (0x01d8dc33) srl     s8, a7, t4
core   0: 3 0x80009a6c (0x01d8dc33) x24 0x57395048
core   0: 0x80009a70 (0xfce2c4e3) blt     t0, a4, pc - 56
core   0: 3 0x80009a70 (0xfce2c4e3)
core   0: 0x80009a38 (0x034f78b3) remu    a7, t5, s4
core   0: 3 0x80009a38 (0x034f78b3) x17 0x57395048
core   0: 0x80009a3c (0x00008c65) c.and   s0, s1
core   0: 3 0x80009a3c (0x8c65) x8  0x80021800
core   0: 0x80009a3e (0x8ca77d13) andi    s10, a4, -1846
core   0: 3 0x80009a3e (0x8ca77d13) x26 0x00000000
core   0: 0x80009a42 (0x006ad4b3) srl     s1, s5, t1
core   0: 3 0x80009a42 (0x006ad4b3) x9  0x80029d24
core   0: 0x80009a46 (0x00008391) c.srli  a5, 4
core   0: 3 0x80009a46 (0x8391) x15 0x00000000
core   0: 0x80009a48 (0x015093b3) sll     t2, ra, s5
core   0: 3 0x80009a48 (0x015093b3) x7  0x000d0000
core   0: 0x80009a4c (0xbf25ad13) slti    s10, a1, -1038
core   0: 3 0x80009a4c (0xbf25ad13) x26 0x00000001
core   0: 0x80009a50 (0x59e4f213) andi    tp, s1, 1438
core   0: 3 0x80009a50 (0x59e4f213) x4  0x00000504
core   0: 0x80009a54 (0x00f29233) sll     tp, t0, a5
core   0: 3 0x80009a54 (0x00f29233) x4  0x00000007
core   0: 0x80009a58 (0xade3cf93) xori    t6, t2, -1314
core   0: 3 0x80009a58 (0xade3cf93) x31 0xfff2fade
core   0: 0x80009a5c (0x40155913) srai    s2, a0, 1
core   0: 3 0x80009a5c (0x40155913) x18 0x00000008
core   0: 0x80009a60 (0x03f811b3) mulh    gp, a6, t6
core   0: 3 0x80009a60 (0x03f811b3) x3  0x00000020
core   0: 0x80009a64 (0x00000285) c.addi  t0, 1
core   0: 3 0x80009a64 (0x0285) x5  0x00000008
core   0: 0x80009a66 (0x000004d5) c.addi  s1, 21
core   0: 3 0x80009a66 (0x04d5) x9  0x80029d39
core   0: 0x80009a68 (0x699bb597) auipc   a1, 0x699bb
core   0: 3 0x80009a68 (0x699bb597) x11 0xe99c4a68
core   0: 0x80009a6c (0x01d8dc33) srl     s8, a7, t4
core   0: 3 0x80009a6c (0x01d8dc33) x24 0x57395048
core   0: 0x80009a70 (0xfce2c4e3) blt     t0, a4, pc - 56
core   0: 3 0x80009a70 (0xfce2c4e3)
core   0: 0x80009a38 (0x034f78b3) remu    a7, t5, s4
core   0: 3 0x80009a38 (0x034f78b3) x17 0x57395048
core   0: 0x80009a3c (0x00008c65) c.and   s0, s1
core   0: 3 0x80009a3c (0x8c65) x8  0x80021800
core   0: 0x80009a3e (0x8ca77d13) andi    s10, a4, -1846
core   0: 3 0x80009a3e (0x8ca77d13) x26 0x00000000
core   0: 0x80009a42 (0x006ad4b3) srl     s1, s5, t1
core   0: 3 0x80009a42 (0x006ad4b3) x9  0x80029d24
core   0: 0x80009a46 (0x00008391) c.srli  a5, 4
core   0: 3 0x80009a46 (0x8391) x15 0x00000000
core   0: 0x80009a48 (0x015093b3) sll     t2, ra, s5
core   0: 3 0x80009a48 (0x015093b3) x7  0x000d0000
core   0: 0x80009a4c (0xbf25ad13) slti    s10, a1, -1038
core   0: 3 0x80009a4c (0xbf25ad13) x26 0x00000001
core   0: 0x80009a50 (0x59e4f213) andi    tp, s1, 1438
core   0: 3 0x80009a50 (0x59e4f213) x4  0x00000504
core   0: 0x80009a54 (0x00f29233) sll     tp, t0, a5
core   0: 3 0x80009a54 (0x00f29233) x4  0x00000008
core   0: 0x80009a58 (0xade3cf93) xori    t6, t2, -1314
core   0: 3 0x80009a58 (0xade3cf93) x31 0xfff2fade
core   0: 0x80009a5c (0x40155913) srai    s2, a0, 1
core   0: 3 0x80009a5c (0x40155913) x18 0x00000008
core   0: 0x80009a60 (0x03f811b3) mulh    gp, a6, t6
core   0: 3 0x80009a60 (0x03f811b3) x3  0x00000020
core   0: 0x80009a64 (0x00000285) c.addi  t0, 1
core   0: 3 0x80009a64 (0x0285) x5  0x00000009
core   0: 0x80009a66 (0x000004d5) c.addi  s1, 21
core   0: 3 0x80009a66 (0x04d5) x9  0x80029d39
core   0: 0x80009a68 (0x699bb597) auipc   a1, 0x699bb
core   0: 3 0x80009a68 (0x699bb597) x11 0xe99c4a68
core   0: 0x80009a6c (0x01d8dc33) srl     s8, a7, t4
core   0: 3 0x80009a6c (0x01d8dc33) x24 0x57395048
core   0: 0x80009a70 (0xfce2c4e3) blt     t0, a4, pc - 56
core   0: 3 0x80009a70 (0xfce2c4e3)
core   0: 0x80009a38 (0x034f78b3) remu    a7, t5, s4
core   0: 3 0x80009a38 (0x034f78b3) x17 0x57395048
core   0: 0x80009a3c (0x00008c65) c.and   s0, s1
core   0: 3 0x80009a3c (0x8c65) x8  0x80021800
core   0: 0x80009a3e (0x8ca77d13) andi    s10, a4, -1846
core   0: 3 0x80009a3e (0x8ca77d13) x26 0x00000000
core   0: 0x80009a42 (0x006ad4b3) srl     s1, s5, t1
core   0: 3 0x80009a42 (0x006ad4b3) x9  0x80029d24
core   0: 0x80009a46 (0x00008391) c.srli  a5, 4
core   0: 3 0x80009a46 (0x8391) x15 0x00000000
core   0: 0x80009a48 (0x015093b3) sll     t2, ra, s5
core   0: 3 0x80009a48 (0x015093b3) x7  0x000d0000
core   0: 0x80009a4c (0xbf25ad13) slti    s10, a1, -1038
core   0: 3 0x80009a4c (0xbf25ad13) x26 0x00000001
core   0: 0x80009a50 (0x59e4f213) andi    tp, s1, 1438
core   0: 3 0x80009a50 (0x59e4f213) x4  0x00000504
core   0: 0x80009a54 (0x00f29233) sll     tp, t0, a5
core   0: 3 0x80009a54 (0x00f29233) x4  0x00000009
core   0: 0x80009a58 (0xade3cf93) xori    t6, t2, -1314
core   0: 3 0x80009a58 (0xade3cf93) x31 0xfff2fade
core   0: 0x80009a5c (0x40155913) srai    s2, a0, 1
core   0: 3 0x80009a5c (0x40155913) x18 0x00000008
core   0: 0x80009a60 (0x03f811b3) mulh    gp, a6, t6
core   0: 3 0x80009a60 (0x03f811b3) x3  0x00000020
core   0: 0x80009a64 (0x00000285) c.addi  t0, 1
core   0: 3 0x80009a64 (0x0285) x5  0x0000000a
core   0: 0x80009a66 (0x000004d5) c.addi  s1, 21
core   0: 3 0x80009a66 (0x04d5) x9  0x80029d39
core   0: 0x80009a68 (0x699bb597) auipc   a1, 0x699bb
core   0: 3 0x80009a68 (0x699bb597) x11 0xe99c4a68
core   0: 0x80009a6c (0x01d8dc33) srl     s8, a7, t4
core   0: 3 0x80009a6c (0x01d8dc33) x24 0x57395048
core   0: 0x80009a70 (0xfce2c4e3) blt     t0, a4, pc - 56
core   0: 3 0x80009a70 (0xfce2c4e3)
core   0: 0x80009a38 (0x034f78b3) remu    a7, t5, s4
core   0: 3 0x80009a38 (0x034f78b3) x17 0x57395048
core   0: 0x80009a3c (0x00008c65) c.and   s0, s1
core   0: 3 0x80009a3c (0x8c65) x8  0x80021800
core   0: 0x80009a3e (0x8ca77d13) andi    s10, a4, -1846
core   0: 3 0x80009a3e (0x8ca77d13) x26 0x00000000
core   0: 0x80009a42 (0x006ad4b3) srl     s1, s5, t1
core   0: 3 0x80009a42 (0x006ad4b3) x9  0x80029d24
core   0: 0x80009a46 (0x00008391) c.srli  a5, 4
core   0: 3 0x80009a46 (0x8391) x15 0x00000000
core   0: 0x80009a48 (0x015093b3) sll     t2, ra, s5
core   0: 3 0x80009a48 (0x015093b3) x7  0x000d0000
core   0: 0x80009a4c (0xbf25ad13) slti    s10, a1, -1038
core   0: 3 0x80009a4c (0xbf25ad13) x26 0x00000001
core   0: 0x80009a50 (0x59e4f213) andi    tp, s1, 1438
core   0: 3 0x80009a50 (0x59e4f213) x4  0x00000504
core   0: 0x80009a54 (0x00f29233) sll     tp, t0, a5
core   0: 3 0x80009a54 (0x00f29233) x4  0x0000000a
core   0: 0x80009a58 (0xade3cf93) xori    t6, t2, -1314
core   0: 3 0x80009a58 (0xade3cf93) x31 0xfff2fade
core   0: 0x80009a5c (0x40155913) srai    s2, a0, 1
core   0: 3 0x80009a5c (0x40155913) x18 0x00000008
core   0: 0x80009a60 (0x03f811b3) mulh    gp, a6, t6
core   0: 3 0x80009a60 (0x03f811b3) x3  0x00000020
core   0: 0x80009a64 (0x00000285) c.addi  t0, 1
core   0: 3 0x80009a64 (0x0285) x5  0x0000000b
core   0: 0x80009a66 (0x000004d5) c.addi  s1, 21
core   0: 3 0x80009a66 (0x04d5) x9  0x80029d39
core   0: 0x80009a68 (0x699bb597) auipc   a1, 0x699bb
core   0: 3 0x80009a68 (0x699bb597) x11 0xe99c4a68
core   0: 0x80009a6c (0x01d8dc33) srl     s8, a7, t4
core   0: 3 0x80009a6c (0x01d8dc33) x24 0x57395048
core   0: 0x80009a70 (0xfce2c4e3) blt     t0, a4, pc - 56
core   0: 3 0x80009a70 (0xfce2c4e3)
core   0: 0x80009a38 (0x034f78b3) remu    a7, t5, s4
core   0: 3 0x80009a38 (0x034f78b3) x17 0x57395048
core   0: 0x80009a3c (0x00008c65) c.and   s0, s1
core   0: 3 0x80009a3c (0x8c65) x8  0x80021800
core   0: 0x80009a3e (0x8ca77d13) andi    s10, a4, -1846
core   0: 3 0x80009a3e (0x8ca77d13) x26 0x00000000
core   0: 0x80009a42 (0x006ad4b3) srl     s1, s5, t1
core   0: 3 0x80009a42 (0x006ad4b3) x9  0x80029d24
core   0: 0x80009a46 (0x00008391) c.srli  a5, 4
core   0: 3 0x80009a46 (0x8391) x15 0x00000000
core   0: 0x80009a48 (0x015093b3) sll     t2, ra, s5
core   0: 3 0x80009a48 (0x015093b3) x7  0x000d0000
core   0: 0x80009a4c (0xbf25ad13) slti    s10, a1, -1038
core   0: 3 0x80009a4c (0xbf25ad13) x26 0x00000001
core   0: 0x80009a50 (0x59e4f213) andi    tp, s1, 1438
core   0: 3 0x80009a50 (0x59e4f213) x4  0x00000504
core   0: 0x80009a54 (0x00f29233) sll     tp, t0, a5
core   0: 3 0x80009a54 (0x00f29233) x4  0x0000000b
core   0: 0x80009a58 (0xade3cf93) xori    t6, t2, -1314
core   0: 3 0x80009a58 (0xade3cf93) x31 0xfff2fade
core   0: 0x80009a5c (0x40155913) srai    s2, a0, 1
core   0: 3 0x80009a5c (0x40155913) x18 0x00000008
core   0: 0x80009a60 (0x03f811b3) mulh    gp, a6, t6
core   0: 3 0x80009a60 (0x03f811b3) x3  0x00000020
core   0: 0x80009a64 (0x00000285) c.addi  t0, 1
core   0: 3 0x80009a64 (0x0285) x5  0x0000000c
core   0: 0x80009a66 (0x000004d5) c.addi  s1, 21
core   0: 3 0x80009a66 (0x04d5) x9  0x80029d39
core   0: 0x80009a68 (0x699bb597) auipc   a1, 0x699bb
core   0: 3 0x80009a68 (0x699bb597) x11 0xe99c4a68
core   0: 0x80009a6c (0x01d8dc33) srl     s8, a7, t4
core   0: 3 0x80009a6c (0x01d8dc33) x24 0x57395048
core   0: 0x80009a70 (0xfce2c4e3) blt     t0, a4, pc - 56
core   0: 3 0x80009a70 (0xfce2c4e3)
core   0: 0x80009a38 (0x034f78b3) remu    a7, t5, s4
core   0: 3 0x80009a38 (0x034f78b3) x17 0x57395048
core   0: 0x80009a3c (0x00008c65) c.and   s0, s1
core   0: 3 0x80009a3c (0x8c65) x8  0x80021800
core   0: 0x80009a3e (0x8ca77d13) andi    s10, a4, -1846
core   0: 3 0x80009a3e (0x8ca77d13) x26 0x00000000
core   0: 0x80009a42 (0x006ad4b3) srl     s1, s5, t1
core   0: 3 0x80009a42 (0x006ad4b3) x9  0x80029d24
core   0: 0x80009a46 (0x00008391) c.srli  a5, 4
core   0: 3 0x80009a46 (0x8391) x15 0x00000000
core   0: 0x80009a48 (0x015093b3) sll     t2, ra, s5
core   0: 3 0x80009a48 (0x015093b3) x7  0x000d0000
core   0: 0x80009a4c (0xbf25ad13) slti    s10, a1, -1038
core   0: 3 0x80009a4c (0xbf25ad13) x26 0x00000001
core   0: 0x80009a50 (0x59e4f213) andi    tp, s1, 1438
core   0: 3 0x80009a50 (0x59e4f213) x4  0x00000504
core   0: 0x80009a54 (0x00f29233) sll     tp, t0, a5
core   0: 3 0x80009a54 (0x00f29233) x4  0x0000000c
core   0: 0x80009a58 (0xade3cf93) xori    t6, t2, -1314
core   0: 3 0x80009a58 (0xade3cf93) x31 0xfff2fade
core   0: 0x80009a5c (0x40155913) srai    s2, a0, 1
core   0: 3 0x80009a5c (0x40155913) x18 0x00000008
core   0: 0x80009a60 (0x03f811b3) mulh    gp, a6, t6
core   0: 3 0x80009a60 (0x03f811b3) x3  0x00000020
core   0: 0x80009a64 (0x00000285) c.addi  t0, 1
core   0: 3 0x80009a64 (0x0285) x5  0x0000000d
core   0: 0x80009a66 (0x000004d5) c.addi  s1, 21
core   0: 3 0x80009a66 (0x04d5) x9  0x80029d39
core   0: 0x80009a68 (0x699bb597) auipc   a1, 0x699bb
core   0: 3 0x80009a68 (0x699bb597) x11 0xe99c4a68
core   0: 0x80009a6c (0x01d8dc33) srl     s8, a7, t4
core   0: 3 0x80009a6c (0x01d8dc33) x24 0x57395048
core   0: 0x80009a70 (0xfce2c4e3) blt     t0, a4, pc - 56
core   0: 3 0x80009a70 (0xfce2c4e3)
core   0: 0x80009a38 (0x034f78b3) remu    a7, t5, s4
core   0: 3 0x80009a38 (0x034f78b3) x17 0x57395048
core   0: 0x80009a3c (0x00008c65) c.and   s0, s1
core   0: 3 0x80009a3c (0x8c65) x8  0x80021800
core   0: 0x80009a3e (0x8ca77d13) andi    s10, a4, -1846
core   0: 3 0x80009a3e (0x8ca77d13) x26 0x00000000
core   0: 0x80009a42 (0x006ad4b3) srl     s1, s5, t1
core   0: 3 0x80009a42 (0x006ad4b3) x9  0x80029d24
core   0: 0x80009a46 (0x00008391) c.srli  a5, 4
core   0: 3 0x80009a46 (0x8391) x15 0x00000000
core   0: 0x80009a48 (0x015093b3) sll     t2, ra, s5
core   0: 3 0x80009a48 (0x015093b3) x7  0x000d0000
core   0: 0x80009a4c (0xbf25ad13) slti    s10, a1, -1038
core   0: 3 0x80009a4c (0xbf25ad13) x26 0x00000001
core   0: 0x80009a50 (0x59e4f213) andi    tp, s1, 1438
core   0: 3 0x80009a50 (0x59e4f213) x4  0x00000504
core   0: 0x80009a54 (0x00f29233) sll     tp, t0, a5
core   0: 3 0x80009a54 (0x00f29233) x4  0x0000000d
core   0: 0x80009a58 (0xade3cf93) xori    t6, t2, -1314
core   0: 3 0x80009a58 (0xade3cf93) x31 0xfff2fade
core   0: 0x80009a5c (0x40155913) srai    s2, a0, 1
core   0: 3 0x80009a5c (0x40155913) x18 0x00000008
core   0: 0x80009a60 (0x03f811b3) mulh    gp, a6, t6
core   0: 3 0x80009a60 (0x03f811b3) x3  0x00000020
core   0: 0x80009a64 (0x00000285) c.addi  t0, 1
core   0: 3 0x80009a64 (0x0285) x5  0x0000000e
core   0: 0x80009a66 (0x000004d5) c.addi  s1, 21
core   0: 3 0x80009a66 (0x04d5) x9  0x80029d39
core   0: 0x80009a68 (0x699bb597) auipc   a1, 0x699bb
core   0: 3 0x80009a68 (0x699bb597) x11 0xe99c4a68
core   0: 0x80009a6c (0x01d8dc33) srl     s8, a7, t4
core   0: 3 0x80009a6c (0x01d8dc33) x24 0x57395048
core   0: 0x80009a70 (0xfce2c4e3) blt     t0, a4, pc - 56
core   0: 3 0x80009a70 (0xfce2c4e3)
core   0: 0x80009a38 (0x034f78b3) remu    a7, t5, s4
core   0: 3 0x80009a38 (0x034f78b3) x17 0x57395048
core   0: 0x80009a3c (0x00008c65) c.and   s0, s1
core   0: 3 0x80009a3c (0x8c65) x8  0x80021800
core   0: 0x80009a3e (0x8ca77d13) andi    s10, a4, -1846
core   0: 3 0x80009a3e (0x8ca77d13) x26 0x00000000
core   0: 0x80009a42 (0x006ad4b3) srl     s1, s5, t1
core   0: 3 0x80009a42 (0x006ad4b3) x9  0x80029d24
core   0: 0x80009a46 (0x00008391) c.srli  a5, 4
core   0: 3 0x80009a46 (0x8391) x15 0x00000000
core   0: 0x80009a48 (0x015093b3) sll     t2, ra, s5
core   0: 3 0x80009a48 (0x015093b3) x7  0x000d0000
core   0: 0x80009a4c (0xbf25ad13) slti    s10, a1, -1038
core   0: 3 0x80009a4c (0xbf25ad13) x26 0x00000001
core   0: 0x80009a50 (0x59e4f213) andi    tp, s1, 1438
core   0: 3 0x80009a50 (0x59e4f213) x4  0x00000504
core   0: 0x80009a54 (0x00f29233) sll     tp, t0, a5
core   0: 3 0x80009a54 (0x00f29233) x4  0x0000000e
core   0: 0x80009a58 (0xade3cf93) xori    t6, t2, -1314
core   0: 3 0x80009a58 (0xade3cf93) x31 0xfff2fade
core   0: 0x80009a5c (0x40155913) srai    s2, a0, 1
core   0: 3 0x80009a5c (0x40155913) x18 0x00000008
core   0: 0x80009a60 (0x03f811b3) mulh    gp, a6, t6
core   0: 3 0x80009a60 (0x03f811b3) x3  0x00000020
core   0: 0x80009a64 (0x00000285) c.addi  t0, 1
core   0: 3 0x80009a64 (0x0285) x5  0x0000000f
core   0: 0x80009a66 (0x000004d5) c.addi  s1, 21
core   0: 3 0x80009a66 (0x04d5) x9  0x80029d39
core   0: 0x80009a68 (0x699bb597) auipc   a1, 0x699bb
core   0: 3 0x80009a68 (0x699bb597) x11 0xe99c4a68
core   0: 0x80009a6c (0x01d8dc33) srl     s8, a7, t4
core   0: 3 0x80009a6c (0x01d8dc33) x24 0x57395048
core   0: 0x80009a70 (0xfce2c4e3) blt     t0, a4, pc - 56
core   0: 3 0x80009a70 (0xfce2c4e3)
core   0: 0x80009a38 (0x034f78b3) remu    a7, t5, s4
core   0: 3 0x80009a38 (0x034f78b3) x17 0x57395048
core   0: 0x80009a3c (0x00008c65) c.and   s0, s1
core   0: 3 0x80009a3c (0x8c65) x8  0x80021800
core   0: 0x80009a3e (0x8ca77d13) andi    s10, a4, -1846
core   0: 3 0x80009a3e (0x8ca77d13) x26 0x00000000
core   0: 0x80009a42 (0x006ad4b3) srl     s1, s5, t1
core   0: 3 0x80009a42 (0x006ad4b3) x9  0x80029d24
core   0: 0x80009a46 (0x00008391) c.srli  a5, 4
core   0: 3 0x80009a46 (0x8391) x15 0x00000000
core   0: 0x80009a48 (0x015093b3) sll     t2, ra, s5
core   0: 3 0x80009a48 (0x015093b3) x7  0x000d0000
core   0: 0x80009a4c (0xbf25ad13) slti    s10, a1, -1038
core   0: 3 0x80009a4c (0xbf25ad13) x26 0x00000001
core   0: 0x80009a50 (0x59e4f213) andi    tp, s1, 1438
core   0: 3 0x80009a50 (0x59e4f213) x4  0x00000504
core   0: 0x80009a54 (0x00f29233) sll     tp, t0, a5
core   0: 3 0x80009a54 (0x00f29233) x4  0x0000000f
core   0: 0x80009a58 (0xade3cf93) xori    t6, t2, -1314
core   0: 3 0x80009a58 (0xade3cf93) x31 0xfff2fade
core   0: 0x80009a5c (0x40155913) srai    s2, a0, 1
core   0: 3 0x80009a5c (0x40155913) x18 0x00000008
core   0: 0x80009a60 (0x03f811b3) mulh    gp, a6, t6
core   0: 3 0x80009a60 (0x03f811b3) x3  0x00000020
core   0: 0x80009a64 (0x00000285) c.addi  t0, 1
core   0: 3 0x80009a64 (0x0285) x5  0x00000010
core   0: 0x80009a66 (0x000004d5) c.addi  s1, 21
core   0: 3 0x80009a66 (0x04d5) x9  0x80029d39
core   0: 0x80009a68 (0x699bb597) auipc   a1, 0x699bb
core   0: 3 0x80009a68 (0x699bb597) x11 0xe99c4a68
core   0: 0x80009a6c (0x01d8dc33) srl     s8, a7, t4
core   0: 3 0x80009a6c (0x01d8dc33) x24 0x57395048
core   0: 0x80009a70 (0xfce2c4e3) blt     t0, a4, pc - 56
core   0: 3 0x80009a70 (0xfce2c4e3)
core   0: 0x80009a74 (0x00000001) c.nop
core   0: 3 0x80009a74 (0x0001)
core   0: 0x80009a76 (0x00008c39) c.xor   s0, a4
core   0: 3 0x80009a76 (0x8c39) x8  0x80021810
core   0: 0x80009a78 (0x0236e463) bltu    a3, gp, pc + 40
core   0: 3 0x80009a78 (0x0236e463)
core   0: 0x80009a7c (0x00677563) bgeu    a4, t1, pc + 10
core   0: 3 0x80009a7c (0x00677563)
core   0: 0x80009a80 (0x00d31c93) slli    s9, t1, 13
core   0: 3 0x80009a80 (0x00d31c93) x25 0x1a000000
core   0: 0x80009a84 (0x0000cb81) c.beqz  a5, pc + 16
core   0: 3 0x80009a84 (0xcb81)
core   0: 0x80009a94 (0xad0d4c93) xori    s9, s10, -1328
core   0: 3 0x80009a94 (0xad0d4c93) x25 0xfffffad1
core   0: 0x80009a98 (0x89644613) xori    a2, s0, -1898
core   0: 3 0x80009a98 (0x89644613) x12 0x7ffde086
core   0: 0x80009a9c (0xb549bc93) sltiu   s9, s3, -1196
core   0: 3 0x80009a9c (0xb549bc93) x25 0x00000001
core   0: 0x80009aa0 (0x02b0e933) rem     s2, ra, a1
core   0: 3 0x80009aa0 (0x02b0e933) x18 0x0000d000
core   0: 0x80009aa4 (0x0013d9b3) srl     s3, t2, ra
core   0: 3 0x80009aa4 (0x0013d9b3) x19 0x000d0000
core   0: 0x80009aa8 (0x0221eb33) rem     s6, gp, sp
core   0: 3 0x80009aa8 (0x0221eb33) x22 0x00000020
core   0: 0x80009aac (0x00000001) c.nop
core   0: 3 0x80009aac (0x0001)
core   0: 0x80009aae (0x00009816) c.add   a6, t0
core   0: 3 0x80009aae (0x9816) x16 0xfffd8610
core   0: 0x80009ab0 (0x00cf31b3) sltu    gp, t5, a2
core   0: 3 0x80009ab0 (0x00cf31b3) x3  0x00000001
core   0: 0x80009ab4 (0xa9ffe593) ori     a1, t6, -1377
core   0: 3 0x80009ab4 (0xa9ffe593) x11 0xfffffadf
core   0: 0x80009ab8 (0x023e8663) beq     t4, gp, pc + 44
core   0: 3 0x80009ab8 (0x023e8663)
core   0: 0x80009abc (0x00000001) c.nop
core   0: 3 0x80009abc (0x0001)
core   0: 0x80009abe (0x01eefb33) and     s6, t4, t5
core   0: 3 0x80009abe (0x01eefb33) x22 0x00395000
core   0: 0x80009ac2 (0x00efea63) bltu    t6, a4, pc + 20
core   0: 3 0x80009ac2 (0x00efea63)
core   0: 0x80009ac6 (0x4347c913) xori    s2, a5, 1076
core   0: 3 0x80009ac6 (0x4347c913) x18 0x00000434
core   0: 0x80009aca (0x41e7d013) srai    zero, a5, 30
core   0: 3 0x80009aca (0x41e7d013)
core   0: 0x80009ace (0x00008df9) c.and   a1, a4
core   0: 3 0x80009ace (0x8df9) x11 0x00000010
core   0: 0x80009ad0 (0xc9b08813) addi    a6, ra, -869
core   0: 3 0x80009ad0 (0xc9b08813) x16 0x0000cc9b
core   0: 0x80009ad4 (0x00000001) c.nop
core   0: 3 0x80009ad4 (0x0001)
core   0: 0x80009ad6 (0x01ccf963) bgeu    s9, t3, pc + 18
core   0: 3 0x80009ad6 (0x01ccf963)
core   0: 0x80009ae8 (0x00000b09) c.addi  s6, 2
core   0: 3 0x80009ae8 (0x0b09) x22 0x00395002
core   0: 0x80009aea (0x00008f1d) c.sub   a4, a5
core   0: 3 0x80009aea (0x8f1d) x14 0x00000010
core   0: 0x80009aec (0x0176e3b3) or      t2, a3, s7
core   0: 3 0x80009aec (0x0176e3b3) x7  0x80025b3e
core   0: 0x80009af0 (0x41aad493) srai    s1, s5, 26
core   0: 3 0x80009af0 (0x41aad493) x9  0xffffffe0
core   0: 0x80009af4 (0xf9b597b7) lui     a5, 0xf9b59
core   0: 3 0x80009af4 (0xf9b597b7) x15 0xf9b59000
core   0: 0x80009af8 (0x0033b333) sltu    t1, t2, gp
core   0: 3 0x80009af8 (0x0033b333) x6  0x00000000
core   0: 0x80009afc (0x011f38b3) sltu    a7, t5, a7
core   0: 3 0x80009afc (0x011f38b3) x17 0x00000000
core   0: 0x80009b00 (0x41610833) sub     a6, sp, s6
core   0: 3 0x80009b00 (0x41610833) x16 0xf34ad2e5
core   0: 0x80009b04 (0x0000e985) c.bnez  a1, pc + 48
core   0: 3 0x80009b04 (0xe985)
core   0: 0x80009b34 (0x0000e68d) c.bnez  a3, pc + 42
core   0: 3 0x80009b34 (0xe68d)
core   0: 0x80009b5e (0xd2134f13) xori    t5, t1, -735
core   0: 3 0x80009b5e (0xd2134f13) x30 0xfffffd21
core   0: 0x80009b62 (0x00007333) and     t1, zero, zero
core   0: 3 0x80009b62 (0x00007333) x6  0x00000000
core   0: 0x80009b66 (0x0023d533) srl     a0, t2, sp
core   0: 3 0x80009b66 (0x0023d533) x10 0x010004b6
core   0: 0x80009b6a (0x41405713) srai    a4, zero, 20
core   0: 3 0x80009b6a (0x41405713) x14 0x00000000
core   0: 0x80009b6e (0x02901663) bne     zero, s1, pc + 44
core   0: 3 0x80009b6e (0x02901663)
core   0: 0x80009b9a (0x021e5433) divu    s0, t3, ra
core   0: 3 0x80009b9a (0x021e5433) x8  0x00000000
core   0: 0x80009b9e (0x028150b3) divu    ra, sp, s0
core   0: 3 0x80009b9e (0x028150b3) x1  0xffffffff
core   0: 0x80009ba2 (0x000018fd) c.addi  a7, -1
core   0: 3 0x80009ba2 (0x18fd) x17 0xffffffff
core   0: 0x80009ba4 (0x031e16b3) mulh    a3, t3, a7
core   0: 3 0x80009ba4 (0x031e16b3) x13 0x00000000
core   0: 0x80009ba8 (0x007d0263) beq     s10, t2, pc + 4
core   0: 3 0x80009ba8 (0x007d0263)
core   0: 0x80009bac (0x00000789) c.addi  a5, 2
core   0: 3 0x80009bac (0x0789) x15 0xf9b59002
core   0: 0x80009bae (0x014f33b3) sltu    t2, t5, s4
core   0: 3 0x80009bae (0x014f33b3) x7  0x00000000
core   0: 0x80009bb2 (0x02667463) bgeu    a2, t1, pc + 40
core   0: 3 0x80009bb2 (0x02667463)
core   0: 0x80009bda (0x09020063) beq     tp, a6, pc + 128
core   0: 3 0x80009bda (0x09020063)
core   0: 0x80009bde (0x00008e46) c.mv    t3, a7
core   0: 3 0x80009bde (0x8e46) x28 0xffffffff
core   0: 0x80009be0 (0x00006397) auipc   t2, 0x6
core   0: 3 0x80009be0 (0x00006397) x7  0x8000fbe0
core   0: 0x80009be4 (0x6b038393) addi    t2, t2, 1712
core   0: 3 0x80009be4 (0x6b038393) x7  0x80010290
core   0: 0x80009be8 (0x00738803) lb      a6, 7(t2)
core   0: 3 0x80009be8 (0x00738803) x16 0x0000004c mem 0x80010297
core   0: 0x80009bec (0x00008de5) c.and   a1, s1
core   0: 3 0x80009bec (0x8de5) x11 0x00000000
core   0: 0x80009bee (0xff538303) lb      t1, -11(t2)
core   0: 3 0x80009bee (0xff538303) x6  0x0000003e mem 0x80010285
core   0: 0x80009bf2 (0x00008611) c.srai  a2, 4
core   0: 3 0x80009bf2 (0x8611) x12 0x07ffde08
core   0: 0x80009bf4 (0x00008b79) c.andi  a4, 30
core   0: 3 0x80009bf4 (0x8b79) x14 0x00000000
core   0: 0x80009bf6 (0xca3daf93) slti    t6, s11, -861
core   0: 3 0x80009bf6 (0xca3daf93) x31 0x00000000
core   0: 0x80009bfa (0x00c1ef33) or      t5, gp, a2
core   0: 3 0x80009bfa (0x00c1ef33) x30 0x07ffde09
core   0: 0x80009bfe (0x011dc7b3) xor     a5, s11, a7
core   0: 3 0x80009bfe (0x011dc7b3) x15 0xffffffff
core   0: 0x80009c02 (0x03e489b3) mul     s3, s1, t5
core   0: 3 0x80009c02 (0x03e489b3) x19 0x00043ee0
core   0: 0x80009c06 (0x000042b5) c.li    t0, 13
core   0: 3 0x80009c06 (0x42b5) x5  0x0000000d
core   0: 0x80009c08 (0x00008ff5) c.and   a5, a3
core   0: 3 0x80009c08 (0x8ff5) x15 0x00000000
core   0: 0x80009c0a (0x0e038b03) lb      s6, 224(t2)
core   0: 3 0x80009c0a (0x0e038b03) x22 0x0000002b mem 0x80010370
core   0: 0x80009c0e (0x00a3aa23) sw      a0, 20(t2)
core   0: 3 0x80009c0e (0x00a3aa23) mem 0x800102a4 0x010004b6
core   0: 0x80009c12 (0x09f3ce83) lbu     t4, 159(t2)
core   0: 3 0x80009c12 (0x09f3ce83) x29 0x000000e4 mem 0x8001032f
core   0: 0x80009c16 (0x000051fd) c.li    gp, -1
core   0: 3 0x80009c16 (0x51fd) x3  0xffffffff
core   0: 0x80009c18 (0x00d3c833) xor     a6, t2, a3
core   0: 3 0x80009c18 (0x00d3c833) x16 0x80010290
core   0: 0x80009c1c (0x0d738503) lb      a0, 215(t2)
core   0: 3 0x80009c1c (0x0d738503) x10 0x0000001c mem 0x80010367
core   0: 0x80009c20 (0x02a61c33) mulh    s8, a2, a0
core   0: 3 0x80009c20 (0x02a61c33) x24 0x00000000
core   0: 0x80009c24 (0x026a8333) mul     t1, s5, t1
core   0: 3 0x80009c24 (0x026a8333) x6  0x00a20eb8
core   0: 0x80009c28 (0x007b20b3) slt     ra, s6, t2
core   0: 3 0x80009c28 (0x007b20b3) x1  0x00000000
core   0: 0x80009c2c (0x09c3ab03) lw      s6, 156(t2)
core   0: 3 0x80009c2c (0x09c3ab03) x22 0xe4e5e6e7 mem 0x8001032c
core   0: 0x80009c30 (0x03d3dbb3) divu    s7, t2, t4
core   0: 3 0x80009c30 (0x03d3dbb3) x23 0x008fb946
core   0: 0x80009c34 (0x000018fd) c.addi  a7, -1
core   0: 3 0x80009c34 (0x18fd) x17 0xfffffffe
core   0: 0x80009c36 (0x07c3cc03) lbu     s8, 124(t2)
core   0: 3 0x80009c36 (0x07c3cc03) x24 0x000000c7 mem 0x8001030c
core   0: 0x80009c3a (0x0c73c303) lbu     t1, 199(t2)
core   0: 3 0x80009c3a (0x0c73c303) x6  0x0000000c mem 0x80010357
core   0: 0x80009c3e (0x2902e793) ori     a5, t0, 656
core   0: 3 0x80009c3e (0x2902e793) x15 0x0000029d
core   0: 0x80009c42 (0x00008eb5) c.xor   a3, a3
core   0: 3 0x80009c42 (0x8eb5) x13 0x00000000
core   0: 0x80009c44 (0x00008cf1) c.and   s1, a2
core   0: 3 0x80009c44 (0x8cf1) x9  0x07ffde00
core   0: 0x80009c46 (0x025ec8b3) div     a7, t4, t0
core   0: 3 0x80009c46 (0x025ec8b3) x17 0x00000011
core   0: 0x80009c4a (0x001d31b3) sltu    gp, s10, ra
core   0: 3 0x80009c4a (0x001d31b3) x3  0x00000000
core   0: 0x80009c4e (0xf5c3de83) lhu     t4, -164(t2)
core   0: 3 0x80009c4e (0xf5c3de83) x29 0x0000a6a7 mem 0x800101ec
core   0: 0x80009c52 (0xfcebec13) ori     s8, s7, -50
core   0: 3 0x80009c52 (0xfcebec13) x24 0xffffffce
core   0: 0x80009c56 (0x2aafa313) slti    t1, t6, 682
core   0: 3 0x80009c56 (0x2aafa313) x6  0x00000001
core   0: 0x80009c5a (0xaac42513) slti    a0, s0, -1364
core   0: 3 0x80009c5a (0xaac42513) x10 0x00000000
core   0: 0x80009c5e (0x00008fc1) c.or    a5, s0
core   0: 3 0x80009c5e (0x8fc1) x15 0x0000029d
core   0: 0x80009c60 (0x03a2b433) mulhu   s0, t0, s10
core   0: 3 0x80009c60 (0x03a2b433) x8  0x00000000
core   0: 0x80009c64 (0x004a2303) lw      t1, 4(s4)
core   0: 3 0x80009c64 (0x004a2303) x6  0x80009f9e mem 0x80025e18
core   0: 0x80009c68 (0xa8f2b393) sltiu   t2, t0, -1393
core   0: 3 0x80009c68 (0xa8f2b393) x7  0x00000001
core   0: 0x80009c6c (0x00e1aeb3) slt     t4, gp, a4
core   0: 3 0x80009c6c (0x00e1aeb3) x29 0x00000000
core   0: 0x80009c70 (0x00bcf7b3) and     a5, s9, a1
core   0: 3 0x80009c70 (0x00bcf7b3) x15 0x00000000
core   0: 0x80009c74 (0x038a0a13) addi    s4, s4, 56
core   0: 3 0x80009c74 (0x038a0a13) x20 0x80025e4c
core   0: 0x80009c78 (0x006f5d13) srli    s10, t5, 6
core   0: 3 0x80009c78 (0x006f5d13) x26 0x001fff78
core   0: 0x80009c7c (0x00130e93) addi    t4, t1, 1
core   0: 3 0x80009c7c (0x00130e93) x29 0x80009f9f
core   0: 0x80009c80 (0x000e8ee7) jalr    t4, t4, 0
core   0: 3 0x80009c80 (0x000e8ee7) x29 0x80009c84
core   0: 0x80009f9e (0x009c7f33) and     t5, s8, s1
core   0: 3 0x80009f9e (0x009c7f33) x30 0x07ffde00
core   0: 0x80009fa2 (0x0000824d) c.srli  a2, 19
core   0: 3 0x80009fa2 (0x824d) x12 0x000000ff
core   0: 0x80009fa4 (0x032a2533) mulhsu  a0, s4, s2
core   0: 3 0x80009fa4 (0x032a2533) x10 0xfffffde6
core   0: 0x80009fa8 (0x00008c4d) c.or    s0, a1
core   0: 3 0x80009fa8 (0x8c4d) x8  0x00000000
core   0: 0x80009faa (0x018ba6b3) slt     a3, s7, s8
core   0: 3 0x80009faa (0x018ba6b3) x13 0x00000000
core   0: 0x80009fae (0x0038d033) srl     zero, a7, gp
core   0: 3 0x80009fae (0x0038d033)
core   0: 0x80009fb2 (0x00008c6d) c.and   s0, a1
core   0: 3 0x80009fb2 (0x8c6d) x8  0x00000000
core   0: 0x80009fb4 (0x756b2513) slti    a0, s6, 1878
core   0: 3 0x80009fb4 (0x756b2513) x10 0x00000001
core   0: 0x80009fb8 (0x28c3e293) ori     t0, t2, 652
core   0: 3 0x80009fb8 (0x28c3e293) x5  0x0000028d
core   0: 0x80009fbc (0x02fcd7b3) divu    a5, s9, a5
core   0: 3 0x80009fbc (0x02fcd7b3) x15 0xffffffff
core   0: 0x80009fc0 (0xff684393) xori    t2, a6, -10
core   0: 3 0x80009fc0 (0xff684393) x7  0x7ffefd66
core   0: 0x80009fc4 (0x039b2433) mulhsu  s0, s6, s9
core   0: 3 0x80009fc4 (0x039b2433) x8  0xffffffff
core   0: 0x80009fc8 (0x0039d813) srli    a6, s3, 3
core   0: 3 0x80009fc8 (0x0039d813) x16 0x000087dc
core   0: 0x80009fcc (0x0000ef85) c.bnez  a5, pc + 56
core   0: 3 0x80009fcc (0xef85)
core   0: 0x8000a004 (0x00008251) c.srli  a2, 20
core   0: 3 0x8000a004 (0x8251) x12 0x00000000
core   0: 0x8000a006 (0x0000cb81) c.beqz  a5, pc + 16
core   0: 3 0x8000a006 (0xcb81)
core   0: 0x8000a008 (0x0000ce01) c.beqz  a2, pc + 24
core   0: 3 0x8000a008 (0xce01)
core   0: 0x8000a020 (0x00000001) c.nop
core   0: 3 0x8000a020 (0x0001)
core   0: 0x8000a022 (0x2065bb17) auipc   s6, 0x2065b
core   0: 3 0x8000a022 (0x2065bb17) x22 0xa0665022
core   0: 0x8000a026 (0x026e3033) mulhu   zero, t3, t1
core   0: 3 0x8000a026 (0x026e3033)
core   0: 0x8000a02a (0x07fbf393) andi    t2, s7, 127
core   0: 3 0x8000a02a (0x07fbf393) x7  0x00000046
core   0: 0x8000a02e (0xae112197) auipc   gp, 0xae112
core   0: 3 0x8000a02e (0xae112197) x3  0x2e11c02e
core   0: 0x8000a032 (0x01707833) and     a6, zero, s7
core   0: 3 0x8000a032 (0x01707833) x16 0x00000000
core   0: 0x8000a036 (0x012ddd33) srl     s10, s11, s2
core   0: 3 0x8000a036 (0x012ddd33) x26 0x00000000
core   0: 0x8000a03a (0x000086d1) c.srai  a3, 20
core   0: 3 0x8000a03a (0x86d1) x13 0x00000000
core   0: 0x8000a03c (0x02ea1bb3) mulh    s7, s4, a4
core   0: 3 0x8000a03c (0x02ea1bb3) x23 0x00000000
core   0: 0x8000a040 (0x004b5093) srli    ra, s6, 4
core   0: 3 0x8000a040 (0x004b5093) x1  0x0a066502
core   0: 0x8000a044 (0x00362eb3) slt     t4, a2, gp
core   0: 3 0x8000a044 (0x00362eb3) x29 0x00000001
core   0: 0x8000a048 (0x40cc8eb3) sub     t4, s9, a2
core   0: 3 0x8000a048 (0x40cc8eb3) x29 0x00000001
core   0: 0x8000a04c (0x038ed563) bge     t4, s8, pc + 42
core   0: 3 0x8000a04c (0x038ed563)
core   0: 0x8000a076 (0x00008c29) c.xor   s0, a0
core   0: 3 0x8000a076 (0x8c29) x8  0xfffffffe
core   0: 0x8000a078 (0x000081b2) c.mv    gp, a2
core   0: 3 0x8000a078 (0x81b2) x3  0x00000000
core   0: 0x8000a07a (0x0000987d) c.andi  s0, -1
core   0: 3 0x8000a07a (0x987d) x8  0xfffffffe
core   0: 0x8000a07c (0x00008c8d) c.sub   s1, a1
core   0: 3 0x8000a07c (0x8c8d) x9  0x07ffde00
core   0: 0x8000a07e (0x00008296) c.mv    t0, t0
core   0: 3 0x8000a07e (0x8296) x5  0x0000028d
core   0: 0x8000a080 (0x00009afd) c.andi  a3, -1
core   0: 3 0x8000a080 (0x9afd) x13 0x00000000
core   0: 0x8000a082 (0x03a0f833) remu    a6, ra, s10
core   0: 3 0x8000a082 (0x03a0f833) x16 0x0a066502
core   0: 0x8000a086 (0x419d0bb3) sub     s7, s10, s9
core   0: 3 0x8000a086 (0x419d0bb3) x23 0xffffffff
core   0: 0x8000a08a (0x75c18637) lui     a2, 0x75c18
core   0: 3 0x8000a08a (0x75c18637) x12 0x75c18000
core   0: 0x8000a08e (0x01f49b93) slli    s7, s1, 31
core   0: 3 0x8000a08e (0x01f49b93) x23 0x00000000
core   0: 0x8000a092 (0x00000ead) c.addi  t4, 11
core   0: 3 0x8000a092 (0x0ead) x29 0x0000000c
core   0: 0x8000a094 (0x03e2ff63) bgeu    t0, t5, pc + 62
core   0: 3 0x8000a094 (0x03e2ff63)
core   0: 0x8000a098 (0x000081cd) c.srli  a1, 19
core   0: 3 0x8000a098 (0x81cd) x11 0x00000000
core   0: 0x8000a09a (0x01a56763) bltu    a0, s10, pc + 14
core   0: 3 0x8000a09a (0x01a56763)
core   0: 0x8000a09e (0x89c7f913) andi    s2, a5, -1892
core   0: 3 0x8000a09e (0x89c7f913) x18 0xfffff89c
core   0: 0x8000a0a2 (0x00008c65) c.and   s0, s1
core   0: 3 0x8000a0a2 (0x8c65) x8  0x07ffde00
core   0: 0x8000a0a4 (0x41945033) sra     zero, s0, s9
core   0: 3 0x8000a0a4 (0x41945033)
core   0: 0x8000a0a8 (0x00000001) c.nop
core   0: 3 0x8000a0a8 (0x0001)
core   0: 0x8000a0aa (0x00d2a333) slt     t1, t0, a3
core   0: 3 0x8000a0aa (0x00d2a333) x6  0x00000000
core   0: 0x8000a0ae (0x00000001) c.nop
core   0: 3 0x8000a0ae (0x0001)
core   0: 0x8000a0b0 (0x02d7e833) rem     a6, a5, a3
core   0: 3 0x8000a0b0 (0x02d7e833) x16 0xffffffff
core   0: 0x8000a0b4 (0x0000cf1d) c.beqz  a4, pc + 62
core   0: 3 0x8000a0b4 (0xcf1d)
core   0: 0x8000a0f2 (0x00009772) c.add   a4, t3
core   0: 3 0x8000a0f2 (0x9772) x14 0xffffffff
core   0: 0x8000a0f4 (0x030abfb3) mulhu   t6, s5, a6
core   0: 3 0x8000a0f4 (0x030abfb3) x31 0x80029d23
core   0: 0x8000a0f8 (0xe492a493) slti    s1, t0, -439
core   0: 3 0x8000a0f8 (0xe492a493) x9  0x00000000
core   0: 0x8000a0fc (0x000043ed) c.li    t2, 27
core   0: 3 0x8000a0fc (0x43ed) x7  0x0000001b
core   0: 0x8000a0fe (0x0000e69d) c.bnez  a3, pc + 46
core   0: 3 0x8000a0fe (0xe69d)
core   0: 0x8000a100 (0x02cf7db3) remu    s11, t5, a2
core   0: 3 0x8000a100 (0x02cf7db3) x27 0x07ffde00
core   0: 0x8000a104 (0x03099633) mulh    a2, s3, a6
core   0: 3 0x8000a104 (0x03099633) x12 0xffffffff
core   0: 0x8000a108 (0x412e5293) srai    t0, t3, 18
core   0: 3 0x8000a108 (0x412e5293) x5  0xffffffff
core   0: 0x8000a10c (0x41550633) sub     a2, a0, s5
core   0: 3 0x8000a10c (0x41550633) x12 0x7ffd62dd
core   0: 0x8000a110 (0x126f0b13) addi    s6, t5, 294
core   0: 3 0x8000a110 (0x126f0b13) x22 0x07ffdf26
core   0: 0x8000a114 (0x01e2c233) xor     tp, t0, t5
core   0: 3 0x8000a114 (0x01e2c233) x4  0xf80021ff
core   0: 0x8000a118 (0x000098fd) c.andi  s1, -1
core   0: 3 0x8000a118 (0x98fd) x9  0x00000000
core   0: 0x8000a11a (0x00f197b3) sll     a5, gp, a5
core   0: 3 0x8000a11a (0x00f197b3) x15 0x00000000
core   0: 0x8000a11e (0xf4cf0b93) addi    s7, t5, -180
core   0: 3 0x8000a11e (0xf4cf0b93) x23 0x07ffdd4c
core   0: 0x8000a122 (0x0191ff63) bgeu    gp, s9, pc + 30
core   0: 3 0x8000a122 (0x0191ff63)
core   0: 0x8000a126 (0x032d6eb3) rem     t4, s10, s2
core   0: 3 0x8000a126 (0x032d6eb3) x29 0x00000000
core   0: 0x8000a12a (0x0000084a) c.slli  a6, 18
core   0: 3 0x8000a12a (0x084a) x16 0xfffc0000
core   0: 0x8000a12c (0xa772ec93) ori     s9, t0, -1417
core   0: 3 0x8000a12c (0xa772ec93) x25 0xffffffff
core   0: 0x8000a130 (0x03577d33) remu    s10, a4, s5
core   0: 3 0x8000a130 (0x03577d33) x26 0x7ffd62db
core   0: 0x8000a134 (0x0000843d) c.srai  s0, 15
core   0: 3 0x8000a134 (0x843d) x8  0x00000fff
core   0: 0x8000a136 (0x40c4d633) sra     a2, s1, a2
core   0: 3 0x8000a136 (0x40c4d633) x12 0x00000000
core   0: 0x8000a13a (0x417a5733) sra     a4, s4, s7
core   0: 3 0x8000a13a (0x417a5733) x14 0xfff80025
core   0: 0x8000a13e (0x0000c011) c.beqz  s0, pc + 4
core   0: 3 0x8000a13e (0xc011)
core   0: 0x8000a140 (0x00006f9d) c.lui   t6, 0x7
core   0: 3 0x8000a140 (0x6f9d) x31 0x00007000
core   0: 0x8000a142 (0x00009d4e) c.add   s10, s3
core   0: 3 0x8000a142 (0x9d4e) x26 0x8001a1bb
core   0: 0x8000a144 (0x00009b46) c.add   s6, a7
core   0: 3 0x8000a144 (0x9b46) x22 0x07ffdf37
core   0: 0x8000a146 (0x05c4e063) bltu    s1, t3, pc + 64
core   0: 3 0x8000a146 (0x05c4e063)
core   0: 0x8000a186 (0x00008e76) c.mv    t3, t4
core   0: 3 0x8000a186 (0x8e76) x28 0x00000000
core   0: 0x8000a188 (0x03bb4233) div     tp, s6, s11
core   0: 3 0x8000a188 (0x03bb4233) x4  0x00000001
core   0: 0x8000a18c (0x00008dfd) c.and   a1, a5
core   0: 3 0x8000a18c (0x8dfd) x11 0x00000000
core   0: 0x8000a18e (0xda852497) auipc   s1, 0xda852
core   0: 3 0x8000a18e (0xda852497) x9  0x5a85c18e
core   0: 0x8000a192 (0x00000001) c.nop
core   0: 3 0x8000a192 (0x0001)
core   0: 0x8000a194 (0x00000f06) c.slli  t5, 1
core   0: 3 0x8000a194 (0x0f06) x30 0x0fffbc00
core   0: 0x8000a196 (0x4117ddb3) sra     s11, a5, a7
core   0: 3 0x8000a196 (0x4117ddb3) x27 0x00000000
core   0: 0x8000a19a (0x01765913) srli    s2, a2, 23
core   0: 3 0x8000a19a (0x01765913) x18 0x00000000
core   0: 0x8000a19e (0x03ece033) rem     zero, s9, t5
core   0: 3 0x8000a19e (0x03ece033)
core   0: 0x8000a1a2 (0xdb723613) sltiu   a2, tp, -585
core   0: 3 0x8000a1a2 (0xdb723613) x12 0x00000001
core   0: 0x8000a1a6 (0x035df5b3) remu    a1, s11, s5
core   0: 3 0x8000a1a6 (0x035df5b3) x11 0x00000000
core   0: 0x8000a1aa (0x00bae333) or      t1, s5, a1
core   0: 3 0x8000a1aa (0x00bae333) x6  0x80029d24
core   0: 0x8000a1ae (0x027dcfb3) div     t6, s11, t2
core   0: 3 0x8000a1ae (0x027dcfb3) x31 0x00000000
core   0: 0x8000a1b2 (0x00000001) c.nop
core   0: 3 0x8000a1b2 (0x0001)
core   0: 0x8000a1b4 (0x000fd463) bgez    t6, pc + 8
core   0: 3 0x8000a1b4 (0x000fd463)
core   0: 0x8000a1bc (0x00294263) blt     s2, sp, pc + 4
core   0: 3 0x8000a1bc (0x00294263)
core   0: 0x8000a1c0 (0x0148ce63) blt     a7, s4, pc + 28
core   0: 3 0x8000a1c0 (0x0148ce63)
core   0: 0x8000a1c4 (0x03bf6b33) rem     s6, t5, s11
core   0: 3 0x8000a1c4 (0x03bf6b33) x22 0x0fffbc00
core   0: 0x8000a1c8 (0x007435b3) sltu    a1, s0, t2
core   0: 3 0x8000a1c8 (0x007435b3) x11 0x00000000
core   0: 0x8000a1cc (0x037a26b3) mulhsu  a3, s4, s7
core   0: 3 0x8000a1cc (0x037a26b3) x13 0xfc00244c
core   0: 0x8000a1d0 (0xcb2d6e93) ori     t4, s10, -846
core   0: 3 0x8000a1d0 (0xcb2d6e93) x29 0xfffffdbb
core   0: 0x8000a1d4 (0x03bbd1b3) divu    gp, s7, s11
core   0: 3 0x8000a1d4 (0x03bbd1b3) x3  0xffffffff
core   0: 0x8000a1d8 (0x005fab33) slt     s6, t6, t0
core   0: 3 0x8000a1d8 (0x005fab33) x22 0x00000000
core   0: 0x8000a1dc (0x00008e71) c.and   a2, a2
core   0: 3 0x8000a1dc (0x8e71) x12 0x00000001
core   0: 0x8000a1de (0x00000001) c.nop
core   0: 3 0x8000a1de (0x0001)
core   0: 0x8000a1e0 (0x684fc617) auipc   a2, 0x684fc
core   0: 3 0x8000a1e0 (0x684fc617) x12 0xe85061e0
core   0: 0x8000a1e4 (0x1a308193) addi    gp, ra, 419
core   0: 3 0x8000a1e4 (0x1a308193) x3  0x0a0666a5
core   0: 0x8000a1e8 (0x000b89b3) add     s3, s7, zero
core   0: 3 0x8000a1e8 (0x000b89b3) x19 0x07ffdd4c
core   0: 0x8000a1ec (0x01f95633) srl     a2, s2, t6
core   0: 3 0x8000a1ec (0x01f95633) x12 0x00000000
core   0: 0x8000a1f0 (0x02959933) mulh    s2, a1, s1
core   0: 3 0x8000a1f0 (0x02959933) x18 0x00000000
core   0: 0x8000a1f4 (0x00000001) c.nop
core   0: 3 0x8000a1f4 (0x0001)
core   0: 0x8000a1f6 (0x0000ea19) c.bnez  a2, pc + 22
core   0: 3 0x8000a1f6 (0xea19)
core   0: 0x8000a1f8 (0x012d1433) sll     s0, s10, s2
core   0: 3 0x8000a1f8 (0x012d1433) x8  0x8001a1bb
core   0: 0x8000a1fc (0x019d1e13) slli    t3, s10, 25
core   0: 3 0x8000a1fc (0x019d1e13) x28 0x76000000
core   0: 0x8000a200 (0x0000c211) c.beqz  a2, pc + 4
core   0: 3 0x8000a200 (0xc211)
core   0: 0x8000a204 (0x00008c49) c.or    s0, a0
core   0: 3 0x8000a204 (0x8c49) x8  0x8001a1bb
core   0: 0x8000a206 (0x00008c11) c.sub   s0, a2
core   0: 3 0x8000a206 (0x8c11) x8  0x8001a1bb
core   0: 0x8000a208 (0x02464733) div     a4, a2, tp
core   0: 3 0x8000a208 (0x02464733) x14 0x00000000
core   0: 0x8000a20c (0x0021c563) blt     gp, sp, pc + 10
core   0: 3 0x8000a20c (0x0021c563)
core   0: 0x8000a210 (0x0000e3a1) c.bnez  a5, pc + 64
core   0: 3 0x8000a210 (0xe3a1)
core   0: 0x8000a212 (0x78f6fe13) andi    t3, a3, 1935
core   0: 3 0x8000a212 (0x78f6fe13) x28 0x0000040c
core   0: 0x8000a216 (0x01dfe5b3) or      a1, t6, t4
core   0: 3 0x8000a216 (0x01dfe5b3) x11 0xfffffdbb
core   0: 0x8000a21a (0x4123d833) sra     a6, t2, s2
core   0: 3 0x8000a21a (0x4123d833) x16 0x0000001b
core   0: 0x8000a21e (0x000099fd) c.andi  a1, -1
core   0: 3 0x8000a21e (0x99fd) x11 0xfffffdbb
core   0: 0x8000a220 (0x36a400b7) lui     ra, 0x36a40
core   0: 3 0x8000a220 (0x36a400b7) x1  0x36a40000
core   0: 0x8000a224 (0x03d4cc63) blt     s1, t4, pc + 56
core   0: 3 0x8000a224 (0x03d4cc63)
core   0: 0x8000a228 (0x41125333) sra     t1, tp, a7
core   0: 3 0x8000a228 (0x41125333) x6  0x00000000
core   0: 0x8000a22c (0x000000a5) c.addi  ra, 9
core   0: 3 0x8000a22c (0x00a5) x1  0x36a40009
core   0: 0x8000a22e (0x414ad533) sra     a0, s5, s4
core   0: 3 0x8000a22e (0x414ad533) x10 0xfff80029
core   0: 0x8000a232 (0x0351d6b3) divu    a3, gp, s5
core   0: 3 0x8000a232 (0x0351d6b3) x13 0x00000000
core   0: 0x8000a236 (0x00000001) c.nop
core   0: 3 0x8000a236 (0x0001)
core   0: 0x8000a238 (0x00955863) bge     a0, s1, pc + 16
core   0: 3 0x8000a238 (0x00955863)
core   0: 0x8000a23c (0x409d52b3) sra     t0, s10, s1
core   0: 3 0x8000a23c (0x409d52b3) x5  0xfffe0006
core   0: 0x8000a240 (0x026ddeb3) divu    t4, s11, t1
core   0: 3 0x8000a240 (0x026ddeb3) x29 0xffffffff
core   0: 0x8000a244 (0x0325bd33) mulhu   s10, a1, s2
core   0: 3 0x8000a244 (0x0325bd33) x26 0x00000000
core   0: 0x8000a248 (0x030fcb63) blt     t6, a6, pc + 54
core   0: 3 0x8000a248 (0x030fcb63)
core   0: 0x8000a27e (0x403ad693) srai    a3, s5, 3
core   0: 3 0x8000a27e (0x403ad693) x13 0xf00053a4
core   0: 0x8000a282 (0x03f32e33) mulhsu  t3, t1, t6
core   0: 3 0x8000a282 (0x03f32e33) x28 0x00000000
core   0: 0x8000a286 (0x00000001) c.nop
core   0: 3 0x8000a286 (0x0001)
core   0: 0x8000a288 (0x00405263) bge     zero, tp, pc + 4
core   0: 3 0x8000a288 (0x00405263)
core   0: 0x8000a28c (0x00b18663) beq     gp, a1, pc + 12
core   0: 3 0x8000a28c (0x00b18663)
core   0: 0x8000a290 (0x0000c809) c.beqz  s0, pc + 18
core   0: 3 0x8000a290 (0xc809)
core   0: 0x8000a292 (0x01eade63) bge     s5, t5, pc + 28
core   0: 3 0x8000a292 (0x01eade63)
core   0: 0x8000a296 (0x00008db1) c.xor   a1, a2
core   0: 3 0x8000a296 (0x8db1) x11 0xfffffdbb
core   0: 0x8000a298 (0x403c0433) sub     s0, s8, gp
core   0: 3 0x8000a298 (0x403c0433) x8  0xf5f99929
core   0: 0x8000a29c (0x0149e363) bltu    s3, s4, pc + 6
core   0: 3 0x8000a29c (0x0149e363)
core   0: 0x8000a2a2 (0x000001ca) c.slli  gp, 18
core   0: 3 0x8000a2a2 (0x01ca) x3  0x9a940000
core   0: 0x8000a2a4 (0x51c1ce17) auipc   t3, 0x51c1c
core   0: 3 0x8000a2a4 (0x51c1ce17) x28 0xd1c262a4
core   0: 0x8000a2a8 (0x038c8eb3) mul     t4, s9, s8
core   0: 3 0x8000a2a8 (0x038c8eb3) x29 0x00000032
core   0: 0x8000a2ac (0x00009bfd) c.andi  a5, -1
core   0: 3 0x8000a2ac (0x9bfd) x15 0x00000000
core   0: 0x8000a2ae (0x00008f09) c.sub   a4, a0
core   0: 3 0x8000a2ae (0x8f09) x14 0x0007ffd7
core   0: 0x8000a2b0 (0x862f7d93) andi    s11, t5, -1950
core   0: 3 0x8000a2b0 (0x862f7d93) x27 0x0fffb800
core   0: 0x8000a2b4 (0x012bf933) and     s2, s7, s2
core   0: 3 0x8000a2b4 (0x012bf933) x18 0x00000000
core   0: 0x8000a2b8 (0x00000001) c.nop
core   0: 3 0x8000a2b8 (0x0001)
core   0: 0x8000a2ba (0x00a49033) sll     zero, s1, a0
core   0: 3 0x8000a2ba (0x00a49033)
core   0: 0x8000a2be (0x000006fa) c.slli  a3, 30
core   0: 3 0x8000a2be (0x06fa) x13 0x00000000
core   0: 0x8000a2c0 (0x454488b7) lui     a7, 0x45448
core   0: 3 0x8000a2c0 (0x454488b7) x17 0x45448000
core   0: 0x8000a2c4 (0x00008791) c.srai  a5, 4
core   0: 3 0x8000a2c4 (0x8791) x15 0x00000000
core   0: 0x8000a2c6 (0x00000e1e) c.slli  t3, 7
core   0: 3 0x8000a2c6 (0x0e1e) x28 0xe1315200
core   0: 0x8000a2c8 (0x027c4663) blt     s8, t2, pc + 44
core   0: 3 0x8000a2c8 (0x027c4663)
core   0: 0x8000a2f4 (0x00001ffd) c.addi  t6, -1
core   0: 3 0x8000a2f4 (0x1ffd) x31 0xffffffff
core   0: 0x8000a2f6 (0x01faa633) slt     a2, s5, t6
core   0: 3 0x8000a2f6 (0x01faa633) x12 0x00000001
core   0: 0x8000a2fa (0x000066e5) c.lui   a3, 0x19
core   0: 3 0x8000a2fa (0x66e5) x13 0x00019000
core   0: 0x8000a2fc (0xcd03a793) slti    a5, t2, -816
core   0: 3 0x8000a2fc (0xcd03a793) x15 0x00000000
core   0: 0x8000a300 (0x00000c59) c.addi  s8, 22
core   0: 3 0x8000a300 (0x0c59) x24 0xffffffe4
core   0: 0x8000a302 (0x0000950a) c.add   a0, sp
core   0: 3 0x8000a302 (0x950a) x10 0xf37c2310
core   0: 0x8000a304 (0x00000001) c.nop
core   0: 3 0x8000a304 (0x0001)
core   0: 0x8000a306 (0x00000001) c.nop
core   0: 3 0x8000a306 (0x0001)
core   0: 0x8000a308 (0x0255ce33) div     t3, a1, t0
core   0: 3 0x8000a308 (0x0255ce33) x28 0x00000000
core   0: 0x8000a30c (0x02f9f333) remu    t1, s3, a5
core   0: 3 0x8000a30c (0x02f9f333) x6  0x07ffdd4c
core   0: 0x8000a310 (0x00000001) c.nop
core   0: 3 0x8000a310 (0x0001)
core   0: 0x8000a312 (0x00008e9d) c.sub   a3, a5
core   0: 3 0x8000a312 (0x8e9d) x13 0x00019000
core   0: 0x8000a314 (0x00ba9c13) slli    s8, s5, 11
core   0: 3 0x8000a314 (0x00ba9c13) x24 0x14e92000
core   0: 0x8000a318 (0x00008f21) c.xor   a4, s0
core   0: 3 0x8000a318 (0x8f21) x14 0xf5fe66fe
core   0: 0x8000a31a (0x000081cd) c.srli  a1, 19
core   0: 3 0x8000a31a (0x81cd) x11 0x00001fff
core   0: 0x8000a31c (0x000081fa) c.mv    gp, t5
core   0: 3 0x8000a31c (0x81fa) x3  0x0fffbc00
core   0: 0x8000a31e (0x02569eb3) mulh    t4, a3, t0
core   0: 3 0x8000a31e (0x02569eb3) x29 0xfffffffc
core   0: 0x8000a322 (0x3123a213) slti    tp, t2, 786
core   0: 3 0x8000a322 (0x3123a213) x4  0x00000001
core   0: 0x8000a326 (0x40cbd693) srai    a3, s7, 12
core   0: 3 0x8000a326 (0x40cbd693) x13 0x00007ffd
core   0: 0x8000a32a (0x4093db13) srai    s6, t2, 9
core   0: 3 0x8000a32a (0x4093db13) x22 0x00000000
core   0: 0x8000a32e (0x40f05413) srai    s0, zero, 15
core   0: 3 0x8000a32e (0x40f05413) x8  0x00000000
core   0: 0x8000a332 (0x36022e13) slti    t3, tp, 864
core   0: 3 0x8000a332 (0x36022e13) x28 0x00000001
core   0: 0x8000a336 (0x032bd833) divu    a6, s7, s2
core   0: 3 0x8000a336 (0x032bd833) x16 0xffffffff
core   0: 0x8000a33a (0x0000e895) c.bnez  s1, pc + 52
core   0: 3 0x8000a33a (0xe895)
core   0: 0x8000a36e (0x000a57b3) srl     a5, s4, zero
core   0: 3 0x8000a36e (0x000a57b3) x15 0x80025e4c
core   0: 0x8000a372 (0x400906b3) sub     a3, s2, zero
core   0: 3 0x8000a372 (0x400906b3) x13 0x00000000
core   0: 0x8000a376 (0xdda38493) addi    s1, t2, -550
core   0: 3 0x8000a376 (0xdda38493) x9  0xfffffdf5
core   0: 0x8000a37a (0xbe8e2593) slti    a1, t3, -1048
core   0: 3 0x8000a37a (0xbe8e2593) x11 0x00000000
core   0: 0x8000a37e (0xc04b7413) andi    s0, s6, -1020
core   0: 3 0x8000a37e (0xc04b7413) x8  0x00000000
core   0: 0x8000a382 (0x00008fcd) c.or    a5, a1
core   0: 3 0x8000a382 (0x8fcd) x15 0x80025e4c
core   0: 0x8000a384 (0x00008761) c.srai  a4, 24
core   0: 3 0x8000a384 (0x8761) x14 0xfffffff5
core   0: 0x8000a386 (0x00b06933) or      s2, zero, a1
core   0: 3 0x8000a386 (0x00b06933) x18 0x00000000
core   0: 0x8000a38a (0x0000eb01) c.bnez  a4, pc + 16
core   0: 3 0x8000a38a (0xeb01)
core   0: 0x8000a39a (0x402eddb3) sra     s11, t4, sp
core   0: 3 0x8000a39a (0x402eddb3) x27 0xffffffff
core   0: 0x8000a39e (0x01b19263) bne     gp, s11, pc + 4
core   0: 3 0x8000a39e (0x01b19263)
core   0: 0x8000a3a2 (0x02a906b3) mul     a3, s2, a0
core   0: 3 0x8000a3a2 (0x02a906b3) x13 0x00000000
core   0: 0x8000a3a6 (0x99668e97) auipc   t4, 0x99668
core   0: 3 0x8000a3a6 (0x99668e97) x29 0x196723a6
core   0: 0x8000a3aa (0x00dde433) or      s0, s11, a3
core   0: 3 0x8000a3aa (0x00dde433) x8  0xffffffff
core   0: 0x8000a3ae (0x03a5f833) remu    a6, a1, s10
core   0: 3 0x8000a3ae (0x03a5f833) x16 0x00000000
core   0: 0x8000a3b2 (0x0000c029) c.beqz  s0, pc + 66
core   0: 3 0x8000a3b2 (0xc029)
core   0: 0x8000a3b4 (0x01f70233) add     tp, a4, t6
core   0: 3 0x8000a3b4 (0x01f70233) x4  0xfffffff4
core   0: 0x8000a3b8 (0x00009b7d) c.andi  a4, -1
core   0: 3 0x8000a3b8 (0x9b7d) x14 0xfffffff5
core   0: 0x8000a3ba (0x00ba5a63) bge     s4, a1, pc + 20
core   0: 3 0x8000a3ba (0x00ba5a63)
core   0: 0x8000a3be (0x001e6e33) or      t3, t3, ra
core   0: 3 0x8000a3be (0x001e6e33) x28 0x36a40009
core   0: 0x8000a3c2 (0x023d1f33) mulh    t5, s10, gp
core   0: 3 0x8000a3c2 (0x023d1f33) x30 0x00000000
core   0: 0x8000a3c6 (0x21627193) andi    gp, tp, 534
core   0: 3 0x8000a3c6 (0x21627193) x3  0x00000214
core   0: 0x8000a3ca (0x0000e10d) c.bnez  a0, pc + 34
core   0: 3 0x8000a3ca (0xe10d)
core   0: 0x8000a3ec (0x00b71933) sll     s2, a4, a1
core   0: 3 0x8000a3ec (0x00b71933) x18 0xfffffff5
core   0: 0x8000a3f0 (0x012279b3) and     s3, tp, s2
core   0: 3 0x8000a3f0 (0x012279b3) x19 0xfffffff4
core   0: 0x8000a3f4 (0x0367bdb3) mulhu   s11, a5, s6
core   0: 3 0x8000a3f4 (0x0367bdb3) x27 0x00000000
core   0: 0x8000a3f8 (0x41a3d593) srai    a1, t2, 26
core   0: 3 0x8000a3f8 (0x41a3d593) x11 0x00000000
core   0: 0x8000a3fc (0x005fb0b3) sltu    ra, t6, t0
core   0: 3 0x8000a3fc (0x005fb0b3) x1  0x00000000
core   0: 0x8000a400 (0x00614933) xor     s2, sp, t1
core   0: 3 0x8000a400 (0x00614933) x18 0xf47bffab
core   0: 0x8000a404 (0x02a85f33) divu    t5, a6, a0
core   0: 3 0x8000a404 (0x02a85f33) x30 0x00000000
core   0: 0x8000a408 (0x013100b3) add     ra, sp, s3
core   0: 3 0x8000a408 (0x013100b3) x1  0xf38422db
core   0: 0x8000a40c (0x03519a63) bne     gp, s5, pc + 52
core   0: 3 0x8000a40c (0x03519a63)
core   0: 0x8000a440 (0x00ced613) srli    a2, t4, 12
core   0: 3 0x8000a440 (0x00ced613) x12 0x00019672
core   0: 0x8000a444 (0x00008539) c.srai  a0, 14
core   0: 3 0x8000a444 (0x8539) x10 0xffffcdf0
core   0: 0x8000a446 (0x0108ce63) blt     a7, a6, pc + 28
core   0: 3 0x8000a446 (0x0108ce63)
core   0: 0x8000a44a (0x03cafe33) remu    t3, s5, t3
core   0: 3 0x8000a44a (0x03cafe33) x28 0x12ba9d12
core   0: 0x8000a44e (0x02a6df63) bge     a3, a0, pc + 62
core   0: 3 0x8000a44e (0x02a6df63)
core   0: 0x8000a48c (0xe6ab4eb7) lui     t4, 0xe6ab4
core   0: 3 0x8000a48c (0xe6ab4eb7) x29 0xe6ab4000
core   0: 0x8000a490 (0x00000499) c.addi  s1, 6
core   0: 3 0x8000a490 (0x0499) x9  0xfffffdfb
core   0: 0x8000a492 (0x00fc4b63) blt     s8, a5, pc + 22
core   0: 3 0x8000a492 (0x00fc4b63)
core   0: 0x8000a496 (0xe1762293) slti    t0, a2, -489
core   0: 3 0x8000a496 (0xe1762293) x5  0x00000000
core   0: 0x8000a49a (0x00861193) slli    gp, a2, 8
core   0: 3 0x8000a49a (0x00861193) x3  0x01967200
core   0: 0x8000a49e (0x035c3c33) mulhu   s8, s8, s5
core   0: 3 0x8000a49e (0x035c3c33) x24 0x0a74c6a8
core   0: 0x8000a4a2 (0x008dd363) bge     s11, s0, pc + 6
core   0: 3 0x8000a4a2 (0x008dd363)
core   0: 0x8000a4a8 (0x2df53413) sltiu   s0, a0, 735
core   0: 3 0x8000a4a8 (0x2df53413) x8  0x00000000
core   0: 0x8000a4ac (0x004a2303) lw      t1, 4(s4)
core   0: 3 0x8000a4ac (0x004a2303) x6  0x80006f58 mem 0x80025e50
core   0: 0x8000a4b0 (0x00008655) c.srai  a2, 21
core   0: 3 0x8000a4b0 (0x8655) x12 0x00000000
core   0: 0x8000a4b2 (0x0096d233) srl     tp, a3, s1
core   0: 3 0x8000a4b2 (0x0096d233) x4  0x00000000
core   0: 0x8000a4b6 (0x7c75e013) ori     zero, a1, 1991
core   0: 3 0x8000a4b6 (0x7c75e013)
core   0: 0x8000a4ba (0x000081c5) c.srli  a1, 17
core   0: 3 0x8000a4ba (0x81c5) x11 0x00000000
core   0: 0x8000a4bc (0x028343b3) div     t2, t1, s0
core   0: 3 0x8000a4bc (0x028343b3) x7  0xffffffff
core   0: 0x8000a4c0 (0x024a0a13) addi    s4, s4, 36
core   0: 3 0x8000a4c0 (0x024a0a13) x20 0x80025e70
core   0: 0x8000a4c4 (0x00008e0d) c.sub   a2, a1
core   0: 3 0x8000a4c4 (0x8e0d) x12 0x00000000
core   0: 0x8000a4c6 (0x00130213) addi    tp, t1, 1
core   0: 3 0x8000a4c6 (0x00130213) x4  0x80006f59
core   0: 0x8000a4ca (0x00020267) jalr    tp, tp, 0
core   0: 3 0x8000a4ca (0x00020267) x4  0x8000a4ce
core   0: 0x80006f58 (0x00009097) auipc   ra, 0x9
core   0: 3 0x80006f58 (0x00009097) x1  0x8000ff58
core   0: 0x80006f5c (0x29708093) addi    ra, ra, 663
core   0: 3 0x80006f5c (0x29708093) x1  0x800101ef
core   0: 0x80006f60 (0x00b091a3) sh      a1, 3(ra)
core   0: 3 0x80006f60 (0x00b091a3) mem 0x800101f2 0x0000
core   0: 0x80006f64 (0x02d585b3) mul     a1, a1, a3
core   0: 3 0x80006f64 (0x02d585b3) x11 0x00000000
core   0: 0x80006f68 (0xffc08783) lb      a5, -4(ra)
core   0: 3 0x80006f68 (0xffc08783) x15 0xffffffa0 mem 0x800101eb
core   0: 0x80006f6c (0x0050cb83) lbu     s7, 5(ra)
core   0: 3 0x80006f6c (0x0050cb83) x23 0x000000af mem 0x800101f4
core   0: 0x80006f70 (0x00d0d903) lhu     s2, 13(ra)
core   0: 3 0x80006f70 (0x00d0d903) x18 0x0000b6b7 mem 0x800101fc
core   0: 0x80006f74 (0x0030c903) lbu     s2, 3(ra)
core   0: 3 0x80006f74 (0x0030c903) x18 0x00000000 mem 0x800101f2
core   0: 0x80006f78 (0x0100c683) lbu     a3, 16(ra)
core   0: 3 0x80006f78 (0x0100c683) x13 0x000000b4 mem 0x800101ff
core   0: 0x80006f7c (0xff608b83) lb      s7, -10(ra)
core   0: 3 0x80006f7c (0xff608b83) x23 0xffffff9e mem 0x800101e5
core   0: 0x80006f80 (0x02d937b3) mulhu   a5, s2, a3
core   0: 3 0x80006f80 (0x02d937b3) x15 0x00000000
core   0: 0x80006f84 (0xff608683) lb      a3, -10(ra)
core   0: 3 0x80006f84 (0xff608683) x13 0xffffff9e mem 0x800101e5
core   0: 0x80006f88 (0x0125bbb3) sltu    s7, a1, s2
core   0: 3 0x80006f88 (0x0125bbb3) x23 0x00000000
core   0: 0x80006f8c (0x0050d383) lhu     t2, 5(ra)
core   0: 3 0x80006f8c (0x0050d383) x7  0x0000aeaf mem 0x800101f4
core   0: 0x80006f90 (0x000096de) c.add   a3, s7
core   0: 3 0x80006f90 (0x96de) x13 0xffffff9e
core   0: 0x80006f92 (0x00708223) sb      t2, 4(ra)
core   0: 3 0x80006f92 (0x00708223) mem 0x800101f3 0xaf
core   0: 0x80006f96 (0x017081a3) sb      s7, 3(ra)
core   0: 3 0x80006f96 (0x017081a3) mem 0x800101f2 0x00
core   0: 0x80006f9a (0x0000c583) lbu     a1, 0(ra)
core   0: 3 0x80006f9a (0x0000c583) x11 0x000000a4 mem 0x800101ef
core   0: 0x80006f9e (0x40f6d5b3) sra     a1, a3, a5
core   0: 3 0x80006f9e (0x40f6d5b3) x11 0xffffff9e
core   0: 0x80006fa2 (0x0100c903) lbu     s2, 16(ra)
core   0: 3 0x80006fa2 (0x0100c903) x18 0x000000b4 mem 0x800101ff
core   0: 0x80006fa6 (0x00b946b3) xor     a3, s2, a1
core   0: 3 0x80006fa6 (0x00b946b3) x13 0xffffff2a
core   0: 0x80006faa (0xff70c583) lbu     a1, -9(ra)
core   0: 3 0x80006faa (0xff70c583) x11 0x0000009d mem 0x800101e6
core   0: 0x80006fae (0x000086ca) c.mv    a3, s2
core   0: 3 0x80006fae (0x86ca) x13 0x000000b4
core   0: 0x80006fb0 (0xfeb08f23) sb      a1, -2(ra)
core   0: 3 0x80006fb0 (0xfeb08f23) mem 0x800101ed 0x9d
core   0: 0x80006fb4 (0x00004691) c.li    a3, 4
core   0: 3 0x80006fb4 (0x4691) x13 0x00000004
core   0: 0x80006fb6 (0x00a0c583) lbu     a1, 10(ra)
core   0: 3 0x80006fb6 (0x00a0c583) x11 0x000000b2 mem 0x800101f9
core   0: 0x80006fba (0x00f0c683) lbu     a3, 15(ra)
core   0: 3 0x80006fba (0x00f0c683) x13 0x000000b5 mem 0x800101fe
core   0: 0x80006fbe (0x419bd693) srai    a3, s7, 25
core   0: 3 0x80006fbe (0x419bd693) x13 0x00000000
core   0: 0x80006fc2 (0x0173c6b3) xor     a3, t2, s7
core   0: 3 0x80006fc2 (0x0173c6b3) x13 0x0000aeaf
core   0: 0x80006fc6 (0x00000001) c.nop
core   0: 3 0x80006fc6 (0x0001)
core   0: 0x80006fc8 (0x01891693) slli    a3, s2, 24
core   0: 3 0x80006fc8 (0x01891693) x13 0xb4000000
core   0: 0x80006fcc (0x00008ffd) c.and   a5, a5
core   0: 3 0x80006fcc (0x8ffd) x15 0x00000000
core   0: 0x80006fce (0x01708523) sb      s7, 10(ra)
core   0: 3 0x80006fce (0x01708523) mem 0x800101f9 0x00
core   0: 0x80006fd2 (0x00f69bb3) sll     s7, a3, a5
core   0: 3 0x80006fd2 (0x00f69bb3) x23 0xb4000000
core   0: 0x80006fd6 (0x0000969e) c.add   a3, t2
core   0: 3 0x80006fd6 (0x969e) x13 0xb400aeaf
core   0: 0x80006fd8 (0xff408383) lb      t2, -12(ra)
core   0: 3 0x80006fd8 (0xff408383) x7  0xffffff98 mem 0x800101e3
core   0: 0x80006fdc (0x000082b9) c.srli  a3, 14
core   0: 3 0x80006fdc (0x82b9) x13 0x0002d002
core   0: 0x80006fde (0x0030db83) lhu     s7, 3(ra)
core   0: 3 0x80006fde (0x0030db83) x23 0x0000af00 mem 0x800101f2
core   0: 0x80006fe2 (0x73e6c913) xori    s2, a3, 1854
core   0: 3 0x80006fe2 (0x73e6c913) x18 0x0002d73c
core   0: 0x80006fe6 (0xff80cb83) lbu     s7, -8(ra)
core   0: 3 0x80006fe6 (0xff80cb83) x23 0x0000009c mem 0x800101e7
core   0: 0x80006fea (0xfe708823) sb      t2, -16(ra)
core   0: 3 0x80006fea (0xfe708823) mem 0x800101df 0x98
core   0: 0x80006fee (0x0125a7b3) slt     a5, a1, s2
core   0: 3 0x80006fee (0x0125a7b3) x15 0x00000001
core   0: 0x80006ff2 (0x00d09383) lh      t2, 13(ra)
core   0: 3 0x80006ff2 (0x00d09383) x7  0xffffb6b7 mem 0x800101fc
core   0: 0x80006ff6 (0x00f94933) xor     s2, s2, a5
core   0: 3 0x80006ff6 (0x00f94933) x18 0x0002d73d
core   0: 0x80006ffa (0x0030c583) lbu     a1, 3(ra)
core   0: 3 0x80006ffa (0x0030c583) x11 0x00000000 mem 0x800101f2
core   0: 0x80006ffe (0x90c96793) ori     a5, s2, -1780
core   0: 3 0x80006ffe (0x90c96793) x15 0xffffff3d
core   0: 0x80007002 (0x00e08583) lb      a1, 14(ra)
core   0: 3 0x80007002 (0x00e08583) x11 0xffffffb6 mem 0x800101fd
core   0: 0x80007006 (0xff708ca3) sb      s7, -7(ra)
core   0: 3 0x80007006 (0xff708ca3) mem 0x800101e8 0x9c
core   0: 0x8000700a (0x0000059a) c.slli  a1, 6
core   0: 3 0x8000700a (0x059a) x11 0xffffed80
core   0: 0x8000700c (0xff40c903) lbu     s2, -12(ra)
core   0: 3 0x8000700c (0xff40c903) x18 0x00000098 mem 0x800101e3
core   0: 0x80007010 (0xffa0c583) lbu     a1, -6(ra)
core   0: 3 0x80007010 (0xffa0c583) x11 0x000000a2 mem 0x800101e9
core   0: 0x80007014 (0x0080c683) lbu     a3, 8(ra)
core   0: 3 0x80007014 (0x0080c683) x13 0x000000ac mem 0x800101f7
core   0: 0x80007018 (0x00e0036f) jal     t1, pc + 0xe
core   0: 3 0x80007018 (0x00e0036f) x6  0x8000701c
core   0: 0x80007026 (0x0000bffd) c.j     pc - 2
core   0: 3 0x80007026 (0xbffd)
core   0: 0x80007024 (0x0000a801) c.j     pc + 16
core   0: 3 0x80007024 (0xa801)
core   0: 0x80007034 (0x00003ff5) c.jal   pc - 4
core   0: 3 0x80007034 (0x3ff5) x1  0x80007036
core   0: 0x80007030 (0x0000a009) c.j     pc + 2
core   0: 3 0x80007030 (0xa009)
core   0: 0x80007032 (0x0000a031) c.j     pc + 12
core   0: 3 0x80007032 (0xa031)
core   0: 0x8000703e (0x0000b7ed) c.j     pc - 22
core   0: 3 0x8000703e (0xb7ed)
core   0: 0x80007028 (0x01c0036f) jal     t1, pc + 0x1c
core   0: 3 0x80007028 (0x01c0036f) x6  0x8000702c
core   0: 0x80007044 (0x0000a009) c.j     pc + 2
core   0: 3 0x80007044 (0xa009)
core   0: 0x80007046 (0x0000bfcd) c.j     pc - 14
core   0: 3 0x80007046 (0xbfcd)
core   0: 0x80007038 (0x0000b7e5) c.j     pc - 24
core   0: 3 0x80007038 (0xb7e5)
core   0: 0x80007020 (0x01a0036f) jal     t1, pc + 0x1a
core   0: 3 0x80007020 (0x01a0036f) x6  0x80007024
core   0: 0x8000703a (0x0100026f) jal     tp, pc + 0x10
core   0: 3 0x8000703a (0x0100026f) x4  0x8000703e
core   0: 0x8000704a (0x0000bffd) c.j     pc - 2
core   0: 3 0x8000704a (0xbffd)
core   0: 0x80007048 (0x00003fd9) c.jal   pc - 42
core   0: 3 0x80007048 (0x3fd9) x1  0x8000704a
core   0: 0x8000701e (0x0000a821) c.j     pc + 24
core   0: 3 0x8000701e (0xa821)
core   0: 0x80007036 (0x0000a819) c.j     pc + 22
core   0: 3 0x80007036 (0xa819)
core   0: 0x8000704c (0xff7ff0ef) jal     pc - 0xa
core   0: 3 0x8000704c (0xff7ff0ef) x1  0x80007050
core   0: 0x80007042 (0x000037ed) c.jal   pc - 22
core   0: 3 0x80007042 (0x37ed) x1  0x80007044
core   0: 0x8000702c (0x014000ef) jal     pc + 0x14
core   0: 3 0x8000702c (0x014000ef) x1  0x80007030
core   0: 0x80007040 (0x00003ff1) c.jal   pc - 36
core   0: 3 0x80007040 (0x3ff1) x1  0x80007042
core   0: 0x8000701c (0x0000a815) c.j     pc + 52
core   0: 3 0x8000701c (0xa815)
core   0: 0x80007050 (0x02622033) mulhsu  zero, tp, t1
core   0: 3 0x80007050 (0x02622033)
core   0: 0x80007054 (0x0000d697) auipc   a3, 0xd
core   0: 3 0x80007054 (0x0000d697) x13 0x80014054
core   0: 0x80007058 (0x8ec68693) addi    a3, a3, -1812
core   0: 3 0x80007058 (0x8ec68693) x13 0x80013940
core   0: 0x8000705c (0x03ff7f33) remu    t5, t5, t6
core   0: 3 0x8000705c (0x03ff7f33) x30 0x00000000
core   0: 0x80007060 (0x00269503) lh      a0, 2(a3)
core   0: 3 0x80007060 (0x00269503) x10 0xfffff8f9 mem 0x80013942
core   0: 0x80007064 (0x03757bb3) remu    s7, a0, s7
core   0: 3 0x80007064 (0x03757bb3) x23 0x00000011
core   0: 0x80007068 (0x003bdf13) srli    t5, s7, 3
core   0: 3 0x80007068 (0x003bdf13) x30 0x00000002
core   0: 0x8000706c (0xfe96c503) lbu     a0, -23(a3)
core   0: 3 0x8000706c (0xfe96c503) x10 0x000000e2 mem 0x80013929
core   0: 0x80007070 (0xde1bcf13) xori    t5, s7, -543
core   0: 3 0x80007070 (0xde1bcf13) x30 0xfffffdf0
core   0: 0x80007074 (0x017b9533) sll     a0, s7, s7
core   0: 3 0x80007074 (0x017b9533) x10 0x00220000
core   0: 0x80007078 (0x00bf9513) slli    a0, t6, 11
core   0: 3 0x80007078 (0x00bf9513) x10 0xfffff800
core   0: 0x8000707c (0x01968f83) lb      t6, 25(a3)
core   0: 3 0x8000707c (0x01968f83) x31 0x00000012 mem 0x80013959
core   0: 0x80007080 (0x03f68723) sb      t6, 46(a3)
core   0: 3 0x80007080 (0x03f68723) mem 0x8001396e 0x12
core   0: 0x80007084 (0x009caf33) slt     t5, s9, s1
core   0: 3 0x80007084 (0x009caf33) x30 0x00000000
core   0: 0x80007088 (0xfc96cf83) lbu     t6, -55(a3)
core   0: 3 0x80007088 (0xfc96cf83) x31 0x000000c2 mem 0x80013909
core   0: 0x8000708c (0x03768da3) sb      s7, 59(a3)
core   0: 3 0x8000708c (0x03768da3) mem 0x8001397b 0x11
core   0: 0x80007090 (0x01ebecb3) or      s9, s7, t5
core   0: 3 0x80007090 (0x01ebecb3) x25 0x00000011
core   0: 0x80007094 (0xfd76c483) lbu     s1, -41(a3)
core   0: 3 0x80007094 (0xfd76c483) x9  0x000000cc mem 0x80013917
core   0: 0x80007098 (0x000084a6) c.mv    s1, s1
core   0: 3 0x80007098 (0x84a6) x9  0x000000cc
core   0: 0x8000709a (0x03952f33) mulhsu  t5, a0, s9
core   0: 3 0x8000709a (0x03952f33) x30 0xffffffff
core   0: 0x8000709e (0x00008cc9) c.or    s1, a0
core   0: 3 0x8000709e (0x8cc9) x9  0xfffff8cc
core   0: 0x800070a0 (0x00e6d483) lhu     s1, 14(a3)
core   0: 3 0x800070a0 (0x00e6d483) x9  0x00000405 mem 0x8001394e
core   0: 0x800070a4 (0x31751497) auipc   s1, 0x31751
core   0: 3 0x800070a4 (0x31751497) x9  0xb17580a4
core   0: 0x800070a8 (0x02968da3) sb      s1, 59(a3)
core   0: 3 0x800070a8 (0x02968da3) mem 0x8001397b 0xa4
core   0: 0x800070ac (0x037bfbb3) remu    s7, s7, s7
core   0: 3 0x800070ac (0x037bfbb3) x23 0x00000000
core   0: 0x800070b0 (0x0000857d) c.srai  a0, 31
core   0: 3 0x800070b0 (0x857d) x10 0xffffffff
core   0: 0x800070b2 (0x498b8f93) addi    t6, s7, 1176
core   0: 3 0x800070b2 (0x498b8f93) x31 0x00000498
core   0: 0x800070b6 (0xfc76c503) lbu     a0, -57(a3)
core   0: 3 0x800070b6 (0xfc76c503) x10 0x000000bc mem 0x80013907
core   0: 0x800070ba (0x00008c89) c.sub   s1, a0
core   0: 3 0x800070ba (0x8c89) x9  0xb1757fe8
core   0: 0x800070bc (0xfda6c503) lbu     a0, -38(a3)
core   0: 3 0x800070bc (0xfda6c503) x10 0x000000d1 mem 0x8001391a
core   0: 0x800070c0 (0xfdf684a3) sb      t6, -55(a3)
core   0: 3 0x800070c0 (0xfdf684a3) mem 0x80013909 0x98
core   0: 0x800070c4 (0x00018197) auipc   gp, 0x18
core   0: 3 0x800070c4 (0x00018197) x3  0x8001f0c4
core   0: 0x800070c8 (0xc5a18193) addi    gp, gp, -934
core   0: 3 0x800070c8 (0xc5a18193) x3  0x8001ed1e
core   0: 0x800070cc (0x056181a3) sb      s6, 67(gp)
core   0: 3 0x800070cc (0x056181a3) mem 0x8001ed61 0x00
core   0: 0x800070d0 (0xfc918f03) lb      t5, -55(gp)
core   0: 3 0x800070d0 (0xfc918f03) x30 0xffffff9c mem 0x8001ece7
core   0: 0x800070d4 (0xf841a123) sw      tp, -126(gp)
core   0: 3 0x800070d4 (0xf841a123) mem 0x8001eca0 0x8000703e
core   0: 0x800070d8 (0x0001de83) lhu     t4, 0(gp)
core   0: 3 0x800070d8 (0x0001de83) x29 0x0000d4d5 mem 0x8001ed1e
core   0: 0x800070dc (0x01e28533) add     a0, t0, t5
core   0: 3 0x800070dc (0x01e28533) x10 0xffffff9c
core   0: 0x800070e0 (0x0001d603) lhu     a2, 0(gp)
core   0: 3 0x800070e0 (0x0001d603) x12 0x0000d4d5 mem 0x8001ed1e
core   0: 0x800070e4 (0x00019583) lh      a1, 0(gp)
core   0: 3 0x800070e4 (0x00019583) x11 0xffffd4d5 mem 0x8001ed1e
core   0: 0x800070e8 (0x0001c603) lbu     a2, 0(gp)
core   0: 3 0x800070e8 (0x0001c603) x12 0x000000d5 mem 0x8001ed1e
core   0: 0x800070ec (0x01d19023) sh      t4, 0(gp)
core   0: 3 0x800070ec (0x01d19023) mem 0x8001ed1e 0xd4d5
core   0: 0x800070f0 (0x00d18023) sb      a3, 0(gp)
core   0: 3 0x800070f0 (0x00d18023) mem 0x8001ed1e 0x40
core   0: 0x800070f4 (0x00218023) sb      sp, 0(gp)
core   0: 3 0x800070f4 (0x00218023) mem 0x8001ed1e 0xe7
core   0: 0x800070f8 (0x00018e83) lb      t4, 0(gp)
core   0: 3 0x800070f8 (0x00018e83) x29 0xffffffe7 mem 0x8001ed1e
core   0: 0x800070fc (0x00918023) sb      s1, 0(gp)
core   0: 3 0x800070fc (0x00918023) mem 0x8001ed1e 0xe8
core   0: 0x80007100 (0x01a18023) sb      s10, 0(gp)
core   0: 3 0x80007100 (0x01a18023) mem 0x8001ed1e 0x00
core   0: 0x80007104 (0x00019e83) lh      t4, 0(gp)
core   0: 3 0x80007104 (0x00019e83) x29 0xffffd400 mem 0x8001ed1e
core   0: 0x80007108 (0x00e0036f) jal     t1, pc + 0xe
core   0: 3 0x80007108 (0x00e0036f) x6  0x8000710c
core   0: 0x80007116 (0xff9ff0ef) jal     pc - 0x8
core   0: 3 0x80007116 (0xff9ff0ef) x1  0x8000711a
core   0: 0x8000710e (0x00002819) c.jal   pc + 22
core   0: 3 0x8000710e (0x2819) x1  0x80007110
core   0: 0x80007124 (0x0000a809) c.j     pc + 18
core   0: 3 0x80007124 (0xa809)
core   0: 0x80007136 (0xff5ff46f) jal     s0, pc - 0xc
core   0: 3 0x80007136 (0xff5ff46f) x8  0x8000713a
core   0: 0x8000712a (0x0100036f) jal     t1, pc + 0x10
core   0: 3 0x8000712a (0x0100036f) x6  0x8000712e
core   0: 0x8000713a (0x000037fd) c.jal   pc - 18
core   0: 3 0x8000713a (0x37fd) x1  0x8000713c
core   0: 0x80007128 (0x0000bffd) c.j     pc - 2
core   0: 3 0x80007128 (0xbffd)
core   0: 0x80007126 (0x000037f5) c.jal   pc - 20
core   0: 3 0x80007126 (0x37f5) x1  0x80007128
core   0: 0x80007112 (0xffbff36f) jal     t1, pc - 0x6
core   0: 3 0x80007112 (0xffbff36f) x6  0x80007116
core   0: 0x8000710c (0x0000a039) c.j     pc + 14
core   0: 3 0x8000710c (0xa039)
core   0: 0x8000711a (0x014000ef) jal     pc + 0x14
core   0: 3 0x8000711a (0x014000ef) x1  0x8000711e
core   0: 0x8000712e (0xff3ff0ef) jal     pc - 0xe
core   0: 3 0x8000712e (0xff3ff0ef) x1  0x80007132
core   0: 0x80007120 (0x0140036f) jal     t1, pc + 0x14
core   0: 3 0x80007120 (0x0140036f) x6  0x80007124
core   0: 0x80007134 (0x0000b7ed) c.j     pc - 22
core   0: 3 0x80007134 (0xb7ed)
core   0: 0x8000711e (0x0000bfcd) c.j     pc - 14
core   0: 3 0x8000711e (0xbfcd)
core   0: 0x80007110 (0x0000a00d) c.j     pc + 34
core   0: 3 0x80007110 (0xa00d)
core   0: 0x80007132 (0x0000a029) c.j     pc + 10
core   0: 3 0x80007132 (0xa029)
core   0: 0x8000713c (0x00008dcd) c.or    a1, a1
core   0: 3 0x8000713c (0x8dcd) x11 0xffffd4d5
core   0: 0x8000713e (0x000055f1) c.li    a1, -4
core   0: 3 0x8000713e (0x55f1) x11 0xfffffffc
core   0: 0x80007140 (0x00f5d633) srl     a2, a1, a5
core   0: 3 0x80007140 (0x00f5d633) x12 0x00000007
core   0: 0x80007144 (0x00000001) c.nop
core   0: 3 0x80007144 (0x0001)
core   0: 0x80007146 (0x02d55833) divu    a6, a0, a3
core   0: 3 0x80007146 (0x02d55833) x16 0x00000001
core   0: 0x8000714a (0x01a11913) slli    s2, sp, 26
core   0: 3 0x8000714a (0x01a11913) x18 0x9c000000
core   0: 0x8000714e (0x419b8233) sub     tp, s7, s9
core   0: 3 0x8000714e (0x419b8233) x4  0xffffffef
core   0: 0x80007152 (0x0000649d) c.lui   s1, 0x7
core   0: 3 0x80007152 (0x649d) x9  0x00007000
core   0: 0x80007154 (0x000007e2) c.slli  a5, 24
core   0: 3 0x80007154 (0x07e2) x15 0x3d000000
core   0: 0x80007156 (0x40370333) sub     t1, a4, gp
core   0: 3 0x80007156 (0x40370333) x6  0x7ffe12d7
core   0: 0x8000715a (0xb5dae537) lui     a0, 0xb5dae
core   0: 3 0x8000715a (0xb5dae537) x10 0xb5dae000
core   0: 0x8000715e (0x0000836d) c.srli  a4, 27
core   0: 3 0x8000715e (0x836d) x14 0x0000001f
core   0: 0x80007160 (0x01e149b3) xor     s3, sp, t5
core   0: 3 0x80007160 (0x01e149b3) x19 0x0c7bdd7b
core   0: 0x80007164 (0x03693d33) mulhu   s10, s2, s6
core   0: 3 0x80007164 (0x03693d33) x26 0x00000000
core   0: 0x80007168 (0x00000585) c.addi  a1, 1
core   0: 3 0x80007168 (0x0585) x11 0xfffffffd
core   0: 0x8000716a (0x00049533) sll     a0, s1, zero
core   0: 3 0x8000716a (0x00049533) x10 0x00007000
core   0: 0x8000716e (0xb5420d13) addi    s10, tp, -1196
core   0: 3 0x8000716e (0xb5420d13) x26 0xfffffb43
core   0: 0x80007172 (0x00008a21) c.andi  a2, 8
core   0: 3 0x80007172 (0x8a21) x12 0x00000000
core   0: 0x80007174 (0x00004429) c.li    s0, 10
core   0: 3 0x80007174 (0x4429) x8  0x0000000a
core   0: 0x80007176 (0x024706b3) mul     a3, a4, tp
core   0: 3 0x80007176 (0x024706b3) x13 0xfffffdf1
core   0: 0x8000717a (0x00004c0d) c.li    s8, 3
core   0: 3 0x8000717a (0x4c0d) x24 0x00000003
core   0: 0x8000717c (0x020be0b3) rem     ra, s7, zero
core   0: 3 0x8000717c (0x020be0b3) x1  0x00000000
core   0: 0x80007180 (0x0257c3b3) div     t2, a5, t0
core   0: 3 0x80007180 (0x0257c3b3) x7  0xffffffff
core   0: 0x80007184 (0x00001479) c.addi  s0, -2
core   0: 3 0x80007184 (0x1479) x8  0x00000008
core   0: 0x80007186 (0xff847de3) bgeu    s0, s8, pc - 6
core   0: 3 0x80007186 (0xff847de3)
core   0: 0x80007180 (0x0257c3b3) div     t2, a5, t0
core   0: 3 0x80007180 (0x0257c3b3) x7  0xffffffff
core   0: 0x80007184 (0x00001479) c.addi  s0, -2
core   0: 3 0x80007184 (0x1479) x8  0x00000006
core   0: 0x80007186 (0xff847de3) bgeu    s0, s8, pc - 6
core   0: 3 0x80007186 (0xff847de3)
core   0: 0x80007180 (0x0257c3b3) div     t2, a5, t0
core   0: 3 0x80007180 (0x0257c3b3) x7  0xffffffff
core   0: 0x80007184 (0x00001479) c.addi  s0, -2
core   0: 3 0x80007184 (0x1479) x8  0x00000004
core   0: 0x80007186 (0xff847de3) bgeu    s0, s8, pc - 6
core   0: 3 0x80007186 (0xff847de3)
core   0: 0x80007180 (0x0257c3b3) div     t2, a5, t0
core   0: 3 0x80007180 (0x0257c3b3) x7  0xffffffff
core   0: 0x80007184 (0x00001479) c.addi  s0, -2
core   0: 3 0x80007184 (0x1479) x8  0x00000002
core   0: 0x80007186 (0xff847de3) bgeu    s0, s8, pc - 6
core   0: 3 0x80007186 (0xff847de3)
core   0: 0x8000718a (0x030adf33) divu    t5, s5, a6
core   0: 3 0x8000718a (0x030adf33) x30 0x80029d24
core   0: 0x8000718e (0x000098ee) c.add   a7, s11
core   0: 3 0x8000718e (0x98ee) x17 0x45448000
core   0: 0x80007190 (0x02cf09b3) mul     s3, t5, a2
core   0: 3 0x80007190 (0x02cf09b3) x19 0x00000000
core   0: 0x80007194 (0x0000d1e9) c.beqz  a1, pc - 62
core   0: 3 0x80007194 (0xd1e9)
core   0: 0x80007196 (0x009072b3) and     t0, zero, s1
core   0: 3 0x80007196 (0x009072b3) x5  0x00000000
core   0: 0x8000719a (0x00009717) auipc   a4, 0x9
core   0: 3 0x8000719a (0x00009717) x14 0x8001019a
core   0: 0x8000719e (0xeed70713) addi    a4, a4, -275
core   0: 3 0x8000719e (0xeed70713) x14 0x80010087
core   0: 0x800071a2 (0xff671aa3) sh      s6, -11(a4)
core   0: 3 0x800071a2 (0xff671aa3) mem 0x8001007c 0x0000
core   0: 0x800071a6 (0xff572803) lw      a6, -11(a4)
core   0: 3 0x800071a6 (0xff572803) x16 0x34350000 mem 0x8001007c
core   0: 0x800071aa (0x02370423) sb      gp, 40(a4)
core   0: 3 0x800071aa (0x02370423) mem 0x800100af 0x1e
core   0: 0x800071ae (0x02870003) lb      zero, 40(a4)
core   0: 3 0x800071ae (0x02870003) mem 0x800100af
core   0: 0x800071b2 (0x02870c83) lb      s9, 40(a4)
core   0: 3 0x800071b2 (0x02870c83) x25 0x0000001e mem 0x800100af
core   0: 0x800071b6 (0x02874303) lbu     t1, 40(a4)
core   0: 3 0x800071b6 (0x02874303) x6  0x0000001e mem 0x800100af
core   0: 0x800071ba (0x02870b03) lb      s6, 40(a4)
core   0: 3 0x800071ba (0x02870b03) x22 0x0000001e mem 0x800100af
core   0: 0x800071be (0x02874c03) lbu     s8, 40(a4)
core   0: 3 0x800071be (0x02874c03) x24 0x0000001e mem 0x800100af
core   0: 0x800071c2 (0x02874403) lbu     s0, 40(a4)
core   0: 3 0x800071c2 (0x02874403) x8  0x0000001e mem 0x800100af
core   0: 0x800071c6 (0x02870f03) lb      t5, 40(a4)
core   0: 3 0x800071c6 (0x02870f03) x30 0x0000001e mem 0x800100af
core   0: 0x800071ca (0xff175803) lhu     a6, -15(a4)
core   0: 3 0x800071ca (0xff175803) x16 0x00003233 mem 0x80010078
core   0: 0x800071ce (0xff7708a3) sb      s7, -15(a4)
core   0: 3 0x800071ce (0xff7708a3) mem 0x80010078 0x00
core   0: 0x800071d2 (0x0046c933) xor     s2, a3, tp
core   0: 3 0x800071d2 (0x0046c933) x18 0x0000021e
core   0: 0x800071d6 (0xff170e83) lb      t4, -15(a4)
core   0: 3 0x800071d6 (0xff170e83) x29 0x00000000 mem 0x80010078
core   0: 0x800071da (0xff172183) lw      gp, -15(a4)
core   0: 3 0x800071da (0xff172183) x3  0x30313200 mem 0x80010078
core   0: 0x800071de (0xff171883) lh      a7, -15(a4)
core   0: 3 0x800071de (0xff171883) x17 0x00003200 mem 0x80010078
core   0: 0x800071e2 (0x00009097) auipc   ra, 0x9
core   0: 3 0x800071e2 (0x00009097) x1  0x800101e2
core   0: 0x800071e6 (0x4df08093) addi    ra, ra, 1247
core   0: 3 0x800071e6 (0x4df08093) x1  0x800106c1
core   0: 0x800071ea (0xf7308023) sb      s3, -160(ra)
core   0: 3 0x800071ea (0xf7308023) mem 0x80010621 0x00
core   0: 0x800071ee (0xfde0ce83) lbu     t4, -34(ra)
core   0: 3 0x800071ee (0xfde0ce83) x29 0x00000054 mem 0x8001069f
core   0: 0x800071f2 (0xf3f0c003) lbu     zero, -193(ra)
core   0: 3 0x800071f2 (0xf3f0c003) mem 0x80010600
core   0: 0x800071f6 (0x0000873d) c.srai  a4, 15
core   0: 3 0x800071f6 (0x873d) x14 0xffff0002
core   0: 0x800071f8 (0x4b12ae13) slti    t3, t0, 1201
core   0: 3 0x800071f8 (0x4b12ae13) x28 0x00000001
core   0: 0x800071fc (0x00008bad) c.andi  a5, 11
core   0: 3 0x800071fc (0x8bad) x15 0x00000000
core   0: 0x800071fe (0x0590d283) lhu     t0, 89(ra)
core   0: 3 0x800071fe (0x0590d283) x5  0x0000d0d1 mem 0x8001071a
core   0: 0x80007202 (0xff508723) sb      s5, -18(ra)
core   0: 3 0x80007202 (0xff508723) mem 0x800106af 0x24
core   0: 0x80007206 (0x00000001) c.nop
core   0: 3 0x80007206 (0x0001)
core   0: 0x80007208 (0x0290db83) lhu     s7, 41(ra)
core   0: 3 0x80007208 (0x0290db83) x23 0x0000a0a1 mem 0x800106ea
core   0: 0x8000720c (0x02b0c403) lbu     s0, 43(ra)
core   0: 3 0x8000720c (0x02b0c403) x8  0x000000a7 mem 0x800106ec
core   0: 0x80007210 (0x5701a417) auipc   s0, 0x5701a
core   0: 3 0x80007210 (0x5701a417) x8  0xd7021210
core   0: 0x80007214 (0xf700cd03) lbu     s10, -144(ra)
core   0: 3 0x80007214 (0xf700cd03) x26 0x000000bc mem 0x80010631
core   0: 0x80007218 (0x000057fd) c.li    a5, -1
core   0: 3 0x80007218 (0x57fd) x15 0xffffffff
core   0: 0x8000721a (0x0330a3a3) sw      s3, 39(ra)
core   0: 3 0x8000721a (0x0330a3a3) mem 0x800106e8 0x00000000
core   0: 0x8000721e (0x00008799) c.srai  a5, 6
core   0: 3 0x8000721e (0x8799) x15 0xffffffff
core   0: 0x80007220 (0xf0608023) sb      t1, -256(ra)
core   0: 3 0x80007220 (0xf0608023) mem 0x800105c1 0x1e
core   0: 0x80007224 (0xf0d0d703) lhu     a4, -243(ra)
core   0: 3 0x80007224 (0xf0d0d703) x14 0x00008485 mem 0x800105ce
core   0: 0x80007228 (0xfb608c03) lb      s8, -74(ra)
core   0: 3 0x80007228 (0xfb608c03) x24 0x0000002c mem 0x80010677
core   0: 0x8000722c (0x01595d13) srli    s10, s2, 21
core   0: 3 0x8000722c (0x01595d13) x26 0x00000000
core   0: 0x80007230 (0xf73085a3) sb      s3, -149(ra)
core   0: 3 0x80007230 (0xf73085a3) mem 0x8001062c 0x00
core   0: 0x80007234 (0x025f1d33) mulh    s10, t5, t0
core   0: 3 0x80007234 (0x025f1d33) x26 0x00000000
core   0: 0x80007238 (0xf3c0c383) lbu     t2, -196(ra)
core   0: 3 0x80007238 (0xf3c0c383) x7  0x000000a0 mem 0x800105fd
core   0: 0x8000723c (0x0f309da3) sh      s3, 251(ra)
core   0: 3 0x8000723c (0x0f309da3) mem 0x800107bc 0x0000
core   0: 0x80007240 (0x00008229) c.srli  a2, 10
core   0: 3 0x80007240 (0x8229) x12 0x00000000
core   0: 0x80007242 (0x0fd0ada3) sw      t4, 251(ra)
core   0: 3 0x80007242 (0x0fd0ada3) mem 0x800107bc 0x00000054
core   0: 0x80007246 (0xfe30d803) lhu     a6, -29(ra)
core   0: 3 0x80007246 (0xfe30d803) x16 0x00005e5f mem 0x800106a4
core   0: 0x8000724a (0x40f288b3) sub     a7, t0, a5
core   0: 3 0x8000724a (0x40f288b3) x17 0x0000d0d2
core   0: 0x8000724e (0xf3208123) sb      s2, -222(ra)
core   0: 3 0x8000724e (0xf3208123) mem 0x800105e3 0x1e
core   0: 0x80007252 (0x031b08b3) mul     a7, s6, a7
core   0: 3 0x80007252 (0x031b08b3) x17 0x0018789c
core   0: 0x80007256 (0x08e08183) lb      gp, 142(ra)
core   0: 3 0x80007256 (0x08e08183) x3  0x00000004 mem 0x8001074f
core   0: 0x8000725a (0x0140a3a3) sw      s4, 7(ra)
core   0: 3 0x8000725a (0x0140a3a3) mem 0x800106c8 0x80025e70
core   0: 0x8000725e (0x033c1e33) mulh    t3, s8, s3
core   0: 3 0x8000725e (0x033c1e33) x28 0x00000000
core   0: 0x80007262 (0xffc0c203) lbu     tp, -4(ra)
core   0: 3 0x80007262 (0xffc0c203) x4  0x00000076 mem 0x800106bd
core   0: 0x80007266 (0x00008e01) c.sub   a2, s0
core   0: 3 0x80007266 (0x8e01) x12 0x28fdedf0
core   0: 0x80007268 (0x0000ef09) c.bnez  a4, pc + 26
core   0: 3 0x80007268 (0xef09)
core   0: 0x80007282 (0x0037a4b3) slt     s1, a5, gp
core   0: 3 0x80007282 (0x0037a4b3) x9  0x00000001
core   0: 0x80007286 (0x4555cb93) xori    s7, a1, 1109
core   0: 3 0x80007286 (0x4555cb93) x23 0xfffffba8
core   0: 0x8000728a (0x00008c69) c.and   s0, a0
core   0: 3 0x8000728a (0x8c69) x8  0x00001000
core   0: 0x8000728c (0x00414463) blt     sp, tp, pc + 8
core   0: 3 0x8000728c (0x00414463)
core   0: 0x80007294 (0xe4a88e93) addi    t4, a7, -438
core   0: 3 0x80007294 (0xe4a88e93) x29 0x001876e6
core   0: 0x80007298 (0x037b46b3) div     a3, s6, s7
core   0: 3 0x80007298 (0x037b46b3) x13 0x00000000
core   0: 0x8000729c (0x00008d7d) c.and   a0, a5
core   0: 3 0x8000729c (0x8d7d) x10 0x00007000
core   0: 0x8000729e (0x01db4463) blt     s6, t4, pc + 8
core   0: 3 0x8000729e (0x01db4463)
core   0: 0x800072a6 (0x01b0c633) xor     a2, ra, s11
core   0: 3 0x800072a6 (0x01b0c633) x12 0x800106c1
core   0: 0x800072aa (0x01ea9e93) slli    t4, s5, 30
core   0: 3 0x800072aa (0x01ea9e93) x29 0x00000000
core   0: 0x800072ae (0x00008e25) c.xor   a2, s1
core   0: 3 0x800072ae (0x8e25) x12 0x800106c0
core   0: 0x800072b0 (0x3bd2eb93) ori     s7, t0, 957
core   0: 3 0x800072b0 (0x3bd2eb93) x23 0x0000d3fd
core   0: 0x800072b4 (0x03d2ec63) bltu    t0, t4, pc + 56
core   0: 3 0x800072b4 (0x03d2ec63)
core   0: 0x800072b8 (0x00006409) c.lui   s0, 0x2
core   0: 3 0x800072b8 (0x6409) x8  0x00002000
core   0: 0x800072ba (0x8bd1ad93) slti    s11, gp, -1859
core   0: 3 0x800072ba (0x8bd1ad93) x27 0x00000000
core   0: 0x800072be (0x008a5933) srl     s2, s4, s0
core   0: 3 0x800072be (0x008a5933) x18 0x80025e70
core   0: 0x800072c2 (0x000009e2) c.slli  s3, 24
core   0: 3 0x800072c2 (0x09e2) x19 0x00000000
core   0: 0x800072c4 (0x00388733) add     a4, a7, gp
core   0: 3 0x800072c4 (0x00388733) x14 0x001878a0
core   0: 0x800072c8 (0x00008a95) c.andi  a3, 5
core   0: 3 0x800072c8 (0x8a95) x13 0x00000000
core   0: 0x800072ca (0x006ba833) slt     a6, s7, t1
core   0: 3 0x800072ca (0x006ba833) x16 0x00000000
core   0: 0x800072ce (0xd037ee13) ori     t3, a5, -765
core   0: 3 0x800072ce (0xd037ee13) x28 0xffffffff
core   0: 0x800072d2 (0x00008d45) c.or    a0, s1
core   0: 3 0x800072d2 (0x8d45) x10 0x00007001
core   0: 0x800072d4 (0x02ddd233) divu    tp, s11, a3
core   0: 3 0x800072d4 (0x02ddd233) x4  0xffffffff
core   0: 0x800072d8 (0x00008e41) c.or    a2, s0
core   0: 3 0x800072d8 (0x8e41) x12 0x800126c0
core   0: 0x800072da (0x41b05e93) srai    t4, zero, 27
core   0: 3 0x800072da (0x41b05e93) x29 0x00000000
core   0: 0x800072de (0x024ffb33) remu    s6, t6, tp
core   0: 3 0x800072de (0x024ffb33) x22 0x00000498
core   0: 0x800072e2 (0x002b1c93) slli    s9, s6, 2
core   0: 3 0x800072e2 (0x002b1c93) x25 0x00001260
core   0: 0x800072e6 (0x00004c31) c.li    s8, 12
core   0: 3 0x800072e6 (0x4c31) x24 0x0000000c
core   0: 0x800072e8 (0x02a9e2b3) rem     t0, s3, a0
core   0: 3 0x800072e8 (0x02a9e2b3) x5  0x00000000
core   0: 0x800072ec (0x0203fe63) bgeu    t2, zero, pc + 60
core   0: 3 0x800072ec (0x0203fe63)
core   0: 0x80007328 (0x000096da) c.add   a3, s6
core   0: 3 0x80007328 (0x96da) x13 0x00000498
core   0: 0x8000732a (0x4099d513) srai    a0, s3, 9
core   0: 3 0x8000732a (0x4099d513) x10 0x00000000
core   0: 0x8000732e (0x00008f09) c.sub   a4, a0
core   0: 3 0x8000732e (0x8f09) x14 0x001878a0
core   0: 0x80007330 (0x014b5293) srli    t0, s6, 20
core   0: 3 0x80007330 (0x014b5293) x5  0x00000000
core   0: 0x80007334 (0x015c9d33) sll     s10, s9, s5
core   0: 3 0x80007334 (0x015c9d33) x26 0x00012600
core   0: 0x80007338 (0x933e2193) slti    gp, t3, -1741
core   0: 3 0x80007338 (0x933e2193) x3  0x00000000
core   0: 0x8000733c (0x0030cbb3) xor     s7, ra, gp
core   0: 3 0x8000733c (0x0030cbb3) x23 0x800106c1
core   0: 0x80007340 (0x002a5cb3) srl     s9, s4, sp
core   0: 3 0x80007340 (0x002a5cb3) x25 0x010004bc
core   0: 0x80007344 (0x03bcbbb3) mulhu   s7, s9, s11
core   0: 3 0x80007344 (0x03bcbbb3) x23 0x00000000
core   0: 0x80007348 (0x01e22b33) slt     s6, tp, t5
core   0: 3 0x80007348 (0x01e22b33) x22 0x00000001
core   0: 0x8000734c (0x0281d0b3) divu    ra, gp, s0
core   0: 3 0x8000734c (0x0281d0b3) x1  0x00000000
core   0: 0x80007350 (0x02d8a8b3) mulhsu  a7, a7, a3
core   0: 3 0x80007350 (0x02d8a8b3) x17 0x00000000
core   0: 0x80007354 (0x01e3ce63) blt     t2, t5, pc + 28
core   0: 3 0x80007354 (0x01e3ce63)
core   0: 0x80007358 (0x02c08db3) mul     s11, ra, a2
core   0: 3 0x80007358 (0x02c08db3) x27 0x00000000
core   0: 0x8000735c (0x418a5bb3) sra     s7, s4, s8
core   0: 3 0x8000735c (0x418a5bb3) x23 0xfff80025
core   0: 0x80007360 (0x00000001) c.nop
core   0: 3 0x80007360 (0x0001)
core   0: 0x80007362 (0x41dadc13) srai    s8, s5, 29
core   0: 3 0x80007362 (0x41dadc13) x24 0xfffffffc
core   0: 0x80007366 (0x0000045d) c.addi  s0, 23
core   0: 3 0x80007366 (0x045d) x8  0x00002017
core   0: 0x80007368 (0x01eea533) slt     a0, t4, t5
core   0: 3 0x80007368 (0x01eea533) x10 0x00000001
core   0: 0x8000736c (0x01bcb2b3) sltu    t0, s9, s11
core   0: 3 0x8000736c (0x01bcb2b3) x5  0x00000000
core   0: 0x80007370 (0x01ab9293) slli    t0, s7, 26
core   0: 3 0x80007370 (0x01ab9293) x5  0x94000000
core   0: 0x80007374 (0x0000c211) c.beqz  a2, pc + 4
core   0: 3 0x80007374 (0xc211)
core   0: 0x80007376 (0x00008135) c.srli  a0, 13
core   0: 3 0x80007376 (0x8135) x10 0x00000000
core   0: 0x80007378 (0x03f1aeb3) mulhsu  t4, gp, t6
core   0: 3 0x80007378 (0x03f1aeb3) x29 0x00000000
core   0: 0x8000737c (0x00193c33) sltu    s8, s2, ra
core   0: 3 0x8000737c (0x00193c33) x24 0x00000000
core   0: 0x80007380 (0x00000c75) c.addi  s8, 29
core   0: 3 0x80007380 (0x0c75) x24 0x0000001d
core   0: 0x80007382 (0x00008ce5) c.and   s1, s1
core   0: 3 0x80007382 (0x8ce5) x9  0x00000001
core   0: 0x80007384 (0x00008dca) c.mv    s11, s2
core   0: 3 0x80007384 (0x8dca) x27 0x80025e70
core   0: 0x80007386 (0x0023d513) srli    a0, t2, 2
core   0: 3 0x80007386 (0x0023d513) x10 0x00000028
core   0: 0x8000738a (0x0000828e) c.mv    t0, gp
core   0: 3 0x8000738a (0x828e) x5  0x00000000
core   0: 0x8000738c (0x0321cd33) div     s10, gp, s2
core   0: 3 0x8000738c (0x0321cd33) x26 0x00000000
core   0: 0x80007390 (0x0000822d) c.srli  a2, 11
core   0: 3 0x80007390 (0x822d) x12 0x00100024
core   0: 0x80007392 (0x5ff2ed37) lui     s10, 0x5ff2e
core   0: 3 0x80007392 (0x5ff2ed37) x26 0x5ff2e000
core   0: 0x80007396 (0x386a4e97) auipc   t4, 0x386a4
core   0: 3 0x80007396 (0x386a4e97) x29 0xb86ab396
core   0: 0x8000739a (0x4091d713) srai    a4, gp, 9
core   0: 3 0x8000739a (0x4091d713) x14 0x00000000
core   0: 0x8000739e (0x0000cb8d) c.beqz  a5, pc + 50
core   0: 3 0x8000739e (0xcb8d)
core   0: 0x800073a0 (0x03a2b9b3) mulhu   s3, t0, s10
core   0: 3 0x800073a0 (0x03a2b9b3) x19 0x00000000
core   0: 0x800073a4 (0x02de4f63) blt     t3, a3, pc + 62
core   0: 3 0x800073a4 (0x02de4f63)
core   0: 0x800073e2 (0x0090d263) bge     ra, s1, pc + 4
core   0: 3 0x800073e2 (0x0090d263)
core   0: 0x800073e6 (0xbab17493) andi    s1, sp, -1109
core   0: 3 0x800073e6 (0xbab17493) x9  0xf38422a3
core   0: 0x800073ea (0x00000001) c.nop
core   0: 3 0x800073ea (0x0001)
core   0: 0x800073ec (0xa347ad93) slti    s11, a5, -1484
core   0: 3 0x800073ec (0xa347ad93) x27 0x00000000
core   0: 0x800073f0 (0x02a9bb17) auipc   s6, 0x2a9b
core   0: 3 0x800073f0 (0x02a9bb17) x22 0x82aa23f0
core   0: 0x800073f4 (0x3913a013) slti    zero, t2, 913
core   0: 3 0x800073f4 (0x3913a013)
core   0: 0x800073f8 (0x00008e89) c.sub   a3, a0
core   0: 3 0x800073f8 (0x8e89) x13 0x00000470
core   0: 0x800073fa (0x00008ea5) c.xor   a3, s1
core   0: 3 0x800073fa (0x8ea5) x13 0xf38426d3
core   0: 0x800073fc (0x038eecb3) rem     s9, t4, s8
core   0: 3 0x800073fc (0x038eecb3) x25 0xffffffe4
core   0: 0x80007400 (0x886f7713) andi    a4, t5, -1914
core   0: 3 0x80007400 (0x886f7713) x14 0x00000006
core   0: 0x80007404 (0x03bfc433) div     s0, t6, s11
core   0: 3 0x80007404 (0x03bfc433) x8  0xffffffff
core   0: 0x80007408 (0x00008ee1) c.and   a3, s0
core   0: 3 0x80007408 (0x8ee1) x13 0xf38426d3
core   0: 0x8000740a (0x76ecb413) sltiu   s0, s9, 1902
core   0: 3 0x8000740a (0x76ecb413) x8  0x00000000
core   0: 0x8000740e (0x887f4e17) auipc   t3, 0x887f4
core   0: 3 0x8000740e (0x887f4e17) x28 0x087fb40e
core   0: 0x80007412 (0x00000001) c.nop
core   0: 3 0x80007412 (0x0001)
core   0: 0x80007414 (0x000099e6) c.add   s3, s9
core   0: 3 0x80007414 (0x99e6) x19 0xffffffe4
core   0: 0x80007416 (0x0000878e) c.mv    a5, gp
core   0: 3 0x80007416 (0x878e) x15 0x00000000
core   0: 0x80007418 (0x38d03013) sltiu   zero, zero, 909
core   0: 3 0x80007418 (0x38d03013)
core   0: 0x8000741c (0x0000c591) c.beqz  a1, pc + 12
core   0: 3 0x8000741c (0xc591)
core   0: 0x8000741e (0x00430263) beq     t1, tp, pc + 4
core   0: 3 0x8000741e (0x00430263)
core   0: 0x80007422 (0x00008cdd) c.or    s1, a5
core   0: 3 0x80007422 (0x8cdd) x9  0xf38422a3
core   0: 0x80007424 (0x00924533) xor     a0, tp, s1
core   0: 3 0x80007424 (0x00924533) x10 0x0c7bdd5c
core   0: 0x80007428 (0x00833f33) sltu    t5, t1, s0
core   0: 3 0x80007428 (0x00833f33) x30 0x00000000
core   0: 0x8000742c (0x03345f63) bge     s0, s3, pc + 62
core   0: 3 0x8000742c (0x03345f63)
core   0: 0x8000746a (0x00008c79) c.and   s0, a4
core   0: 3 0x8000746a (0x8c79) x8  0x00000000
core   0: 0x8000746c (0x00051c93) slli    s9, a0, 0
core   0: 3 0x8000746c (0x00051c93) x25 0x0c7bdd5c
core   0: 0x80007470 (0x02e45333) divu    t1, s0, a4
core   0: 3 0x80007470 (0x02e45333) x6  0x00000000
core   0: 0x80007474 (0x01cbc2b3) xor     t0, s7, t3
core   0: 3 0x80007474 (0x01cbc2b3) x5  0xf787b42b
core   0: 0x80007478 (0x0e3ae793) ori     a5, s5, 227
core   0: 3 0x80007478 (0x0e3ae793) x15 0x80029de7
core   0: 0x8000747c (0x032e4563) blt     t3, s2, pc + 42
core   0: 3 0x8000747c (0x032e4563)
core   0: 0x80007480 (0x00005cfd) c.li    s9, -1
core   0: 3 0x80007480 (0x5cfd) x25 0xffffffff
core   0: 0x80007482 (0x00008705) c.srai  a4, 1
core   0: 3 0x80007482 (0x8705) x14 0x00000003
core   0: 0x80007484 (0x411e5513) srai    a0, t3, 17
core   0: 3 0x80007484 (0x411e5513) x10 0x0000043f
core   0: 0x80007488 (0xa4898893) addi    a7, s3, -1464
core   0: 3 0x80007488 (0xa4898893) x17 0xfffffa2c
core   0: 0x8000748c (0xe154ec13) ori     s8, s1, -491
core   0: 3 0x8000748c (0xe154ec13) x24 0xfffffeb7
core   0: 0x80007490 (0x03ced363) bge     t4, t3, pc + 38
core   0: 3 0x80007490 (0x03ced363)
core   0: 0x80007494 (0x407b5733) sra     a4, s6, t2
core   0: 3 0x80007494 (0x407b5733) x14 0x82aa23f0
core   0: 0x80007498 (0x021f9fb3) mulh    t6, t6, ra
core   0: 3 0x80007498 (0x021f9fb3) x31 0x00000000
core   0: 0x8000749c (0x0120d6b3) srl     a3, ra, s2
core   0: 3 0x8000749c (0x0120d6b3) x13 0x00000000
core   0: 0x800074a0 (0x4071d2b3) sra     t0, gp, t2
core   0: 3 0x800074a0 (0x4071d2b3) x5  0x00000000
core   0: 0x800074a4 (0x0000091e) c.slli  s2, 7
core   0: 3 0x800074a4 (0x091e) x18 0x012f3800
core   0: 0x800074a6 (0x00256433) or      s0, a0, sp
core   0: 3 0x800074a6 (0x00256433) x8  0xf38426ff
core   0: 0x800074aa (0x7fd61437) lui     s0, 0x7fd61
core   0: 3 0x800074aa (0x7fd61437) x8  0x7fd61000
core   0: 0x800074ae (0x0000ee85) c.bnez  a3, pc + 56
core   0: 3 0x800074ae (0xee85)
core   0: 0x800074b0 (0x017428b3) slt     a7, s0, s7
core   0: 3 0x800074b0 (0x017428b3) x17 0x00000000
core   0: 0x800074b4 (0x00000fa1) c.addi  t6, 8
core   0: 3 0x800074b4 (0x0fa1) x31 0x00000008
core   0: 0x800074b6 (0x032c5bb3) divu    s7, s8, s2
core   0: 3 0x800074b6 (0x032c5bb3) x23 0x000000d8
core   0: 0x800074ba (0x009943b3) xor     t2, s2, s1
core   0: 3 0x800074ba (0x009943b3) x7  0xf2ab1aa3
core   0: 0x800074be (0x00b01e33) sll     t3, zero, a1
core   0: 3 0x800074be (0x00b01e33) x28 0x00000000
core   0: 0x800074c2 (0xb239eb93) ori     s7, s3, -1245
core   0: 3 0x800074c2 (0xb239eb93) x23 0xffffffe7
core   0: 0x800074c6 (0xa15e7d13) andi    s10, t3, -1515
core   0: 3 0x800074c6 (0xa15e7d13) x26 0x00000000
core   0: 0x800074ca (0x02697833) remu    a6, s2, t1
core   0: 3 0x800074ca (0x02697833) x16 0x012f3800
core   0: 0x800074ce (0x00008dfd) c.and   a1, a5
core   0: 3 0x800074ce (0x8dfd) x11 0x80029de5
core   0: 0x800074d0 (0x0526c163) blt     a3, s2, pc + 66
core   0: 3 0x800074d0 (0x0526c163)
core   0: 0x80007512 (0x005fa233) slt     tp, t6, t0
core   0: 3 0x80007512 (0x005fa233) x4  0x00000000
core   0: 0x80007516 (0x001497b3) sll     a5, s1, ra
core   0: 3 0x80007516 (0x001497b3) x15 0xf38422a3
core   0: 0x8000751a (0x60c20e13) addi    t3, tp, 1548
core   0: 3 0x8000751a (0x60c20e13) x28 0x0000060c
core   0: 0x8000751e (0x00008d01) c.sub   a0, s0
core   0: 3 0x8000751e (0x8d01) x10 0x8029f43f
core   0: 0x80007520 (0x00b64763) blt     a2, a1, pc + 14
core   0: 3 0x80007520 (0x00b64763)
core   0: 0x80007524 (0x012c16b3) sll     a3, s8, s2
core   0: 3 0x80007524 (0x012c16b3) x13 0xfffffeb7
core   0: 0x80007528 (0x04a57d13) andi    s10, a0, 74
core   0: 3 0x80007528 (0x04a57d13) x26 0x0000000a
core   0: 0x8000752c (0x00008292) c.mv    t0, tp
core   0: 3 0x8000752c (0x8292) x5  0x00000000
core   0: 0x8000752e (0x012a5733) srl     a4, s4, s2
core   0: 3 0x8000752e (0x012a5733) x14 0x80025e70
core   0: 0x80007532 (0x7a510b93) addi    s7, sp, 1957
core   0: 3 0x80007532 (0x7a510b93) x23 0xf3842a8c
core   0: 0x80007536 (0x40e45933) sra     s2, s0, a4
core   0: 3 0x80007536 (0x40e45933) x18 0x00007fd6
core   0: 0x8000753a (0x022ea033) mulhsu  zero, t4, sp
core   0: 3 0x8000753a (0x022ea033)
core   0: 0x8000753e (0x00008e35) c.xor   a2, a3
core   0: 3 0x8000753e (0x8e35) x12 0xffeffe93
core   0: 0x80007540 (0xd12b3093) sltiu   ra, s6, -750
core   0: 3 0x80007540 (0xd12b3093) x1  0x00000001
core   0: 0x80007544 (0x00008c59) c.or    s0, a4
core   0: 3 0x80007544 (0x8c59) x8  0xffd65e70
core   0: 0x80007546 (0x949eb793) sltiu   a5, t4, -1719
core   0: 3 0x80007546 (0x949eb793) x15 0x00000001
core   0: 0x8000754a (0x05870163) beq     a4, s8, pc + 66
core   0: 3 0x8000754a (0x05870163)
core   0: 0x8000754e (0x00be9c93) slli    s9, t4, 11
core   0: 3 0x8000754e (0x00be9c93) x25 0x559cb000
core   0: 0x80007552 (0x01ce9233) sll     tp, t4, t3
core   0: 3 0x80007552 (0x01ce9233) x4  0xab396000
core   0: 0x80007556 (0x002b3db3) sltu    s11, s6, sp
core   0: 3 0x80007556 (0x002b3db3) x27 0x00000001
core   0: 0x8000755a (0x499d6c93) ori     s9, s10, 1177
core   0: 3 0x8000755a (0x499d6c93) x25 0x0000049b
core   0: 0x8000755e (0x41ecd833) sra     a6, s9, t5
core   0: 3 0x8000755e (0x41ecd833) x16 0x0000049b
core   0: 0x80007562 (0x02d30563) beq     t1, a3, pc + 42
core   0: 3 0x80007562 (0x02d30563)
core   0: 0x80007566 (0x02944c63) blt     s0, s1, pc + 56
core   0: 3 0x80007566 (0x02944c63)
core   0: 0x8000756a (0x00000001) c.nop
core   0: 3 0x8000756a (0x0001)
core   0: 0x8000756c (0x00ad0bb3) add     s7, s10, a0
core   0: 3 0x8000756c (0x00ad0bb3) x23 0x8029f449
core   0: 0x80007570 (0x0044cfb3) xor     t6, s1, tp
core   0: 3 0x80007570 (0x0044cfb3) x31 0x58bd42a3
core   0: 0x80007574 (0x0059e5b3) or      a1, s3, t0
core   0: 3 0x80007574 (0x0059e5b3) x11 0xffffffe4
core   0: 0x80007578 (0x00008f61) c.and   a4, s0
core   0: 3 0x80007578 (0x8f61) x14 0x80025e70
core   0: 0x8000757a (0x00000001) c.nop
core   0: 3 0x8000757a (0x0001)
core   0: 0x8000757c (0x01ca0b63) beq     s4, t3, pc + 22
core   0: 3 0x8000757c (0x01ca0b63)
core   0: 0x80007580 (0x00004c8d) c.li    s9, 3
core   0: 3 0x80007580 (0x4c8d) x25 0x00000003
core   0: 0x80007582 (0x02d04433) div     s0, zero, a3
core   0: 3 0x80007582 (0x02d04433) x8  0x00000000
core   0: 0x80007586 (0x00008eb5) c.xor   a3, a3
core   0: 3 0x80007586 (0x8eb5) x13 0x00000000
core   0: 0x80007588 (0x00009afd) c.andi  a3, -1
core   0: 3 0x80007588 (0x9afd) x13 0x00000000
core   0: 0x8000758a (0x00008ea5) c.xor   a3, s1
core   0: 3 0x8000758a (0x8ea5) x13 0xf38422a3
core   0: 0x8000758c (0x00004961) c.li    s2, 24
core   0: 3 0x8000758c (0x4961) x18 0x00000018
core   0: 0x8000758e (0x01d97363) bgeu    s2, t4, pc + 6
core   0: 3 0x8000758e (0x01d97363)
core   0: 0x80007592 (0x00008e62) c.mv    t3, s8
core   0: 3 0x80007592 (0x8e62) x28 0xfffffeb7
core   0: 0x80007594 (0x41cbd233) sra     tp, s7, t3
core   0: 3 0x80007594 (0x41cbd233) x4  0xffffff00
core   0: 0x80007598 (0x000086fd) c.srai  a3, 31
core   0: 3 0x80007598 (0x86fd) x13 0xffffffff
core   0: 0x8000759a (0x00c63cb3) sltu    s9, a2, a2
core   0: 3 0x8000759a (0x00c63cb3) x25 0x00000000
core   0: 0x8000759e (0x03af0733) mul     a4, t5, s10
core   0: 3 0x8000759e (0x03af0733) x14 0x00000000
core   0: 0x800075a2 (0x9dd36393) ori     t2, t1, -1571
core   0: 3 0x800075a2 (0x9dd36393) x7  0xfffff9dd
core   0: 0x800075a6 (0x279eb893) sltiu   a7, t4, 633
core   0: 3 0x800075a6 (0x279eb893) x17 0x00000000
core   0: 0x800075aa (0x019ae933) or      s2, s5, s9
core   0: 3 0x800075aa (0x019ae933) x18 0x80029d24
core   0: 0x800075ae (0x019ef833) and     a6, t4, s9
core   0: 3 0x800075ae (0x019ef833) x16 0x00000000
core   0: 0x800075b2 (0x017c5bb3) srl     s7, s8, s7
core   0: 3 0x800075b2 (0x017c5bb3) x23 0x007fffff
core   0: 0x800075b6 (0x037ec1b3) div     gp, t4, s7
core   0: 3 0x800075b6 (0x037ec1b3) x3  0xffffff71
core   0: 0x800075ba (0x0000841d) c.srai  s0, 7
core   0: 3 0x800075ba (0x841d) x8  0x00000000
core   0: 0x800075bc (0x00001b7d) c.addi  s6, -1
core   0: 3 0x800075bc (0x1b7d) x22 0x82aa23ef
core   0: 0x800075be (0x00008d95) c.sub   a1, a3
core   0: 3 0x800075be (0x8d95) x11 0xffffffe5
core   0: 0x800075c0 (0x021713b3) mulh    t2, a4, ra
core   0: 3 0x800075c0 (0x021713b3) x7  0x00000000
core   0: 0x800075c4 (0x01024cb3) xor     s9, tp, a6
core   0: 3 0x800075c4 (0x01024cb3) x25 0xffffff00
core   0: 0x800075c8 (0x506bb393) sltiu   t2, s7, 1286
core   0: 3 0x800075c8 (0x506bb393) x7  0x00000000
core   0: 0x800075cc (0x01aa8263) beq     s5, s10, pc + 4
core   0: 3 0x800075cc (0x01aa8263)
core   0: 0x800075d0 (0x00008f3d) c.xor   a4, a5
core   0: 3 0x800075d0 (0x8f3d) x14 0x00000001
core   0: 0x800075d2 (0x2ff2a837) lui     a6, 0x2ff2a
core   0: 3 0x800075d2 (0x2ff2a837) x16 0x2ff2a000
core   0: 0x800075d6 (0x005fc233) xor     tp, t6, t0
core   0: 3 0x800075d6 (0x005fc233) x4  0x58bd42a3
core   0: 0x800075da (0x00000001) c.nop
core   0: 3 0x800075da (0x0001)
core   0: 0x800075dc (0x0371c437) lui     s0, 0x371c
core   0: 3 0x800075dc (0x0371c437) x8  0x0371c000
core   0: 0x800075e0 (0x00008e61) c.and   a2, s0
core   0: 3 0x800075e0 (0x8e61) x12 0x0361c000
core   0: 0x800075e2 (0x0003f9b3) and     s3, t2, zero
core   0: 3 0x800075e2 (0x0003f9b3) x19 0x00000000
core   0: 0x800075e6 (0xe9d17293) andi    t0, sp, -355
core   0: 3 0x800075e6 (0xe9d17293) x5  0xf3842285
core   0: 0x800075ea (0x0106b433) sltu    s0, a3, a6
core   0: 3 0x800075ea (0x0106b433) x8  0x00000000
core   0: 0x800075ee (0xf91a4017) auipc   zero, 0xf91a4
core   0: 3 0x800075ee (0xf91a4017)
core   0: 0x800075f2 (0x00009eba) c.add   t4, a4
core   0: 3 0x800075f2 (0x9eba) x29 0xb86ab397
core   0: 0x800075f4 (0x01629513) slli    a0, t0, 22
core   0: 3 0x800075f4 (0x01629513) x10 0xa1400000
core   0: 0x800075f8 (0x423ac593) xori    a1, s5, 1059
core   0: 3 0x800075f8 (0x423ac593) x11 0x80029907
core   0: 0x800075fc (0x022df363) bgeu    s11, sp, pc + 38
core   0: 3 0x800075fc (0x022df363)
core   0: 0x80007600 (0x00000001) c.nop
core   0: 3 0x80007600 (0x0001)
core   0: 0x80007602 (0x20ec7813) andi    a6, s8, 526
core   0: 3 0x80007602 (0x20ec7813) x16 0x00000206
core   0: 0x80007606 (0x0012f333) and     t1, t0, ra
core   0: 3 0x80007606 (0x0012f333) x6  0x00000001
core   0: 0x8000760a (0x022ce4b3) rem     s1, s9, sp
core   0: 3 0x8000760a (0x022ce4b3) x9  0xffffff00
core   0: 0x8000760e (0x02eb7eb3) remu    t4, s6, a4
core   0: 3 0x8000760e (0x02eb7eb3) x29 0x00000000
core   0: 0x80007612 (0x0000c129) c.beqz  a0, pc + 66
core   0: 3 0x80007612 (0xc129)
core   0: 0x80007614 (0x000085d1) c.srai  a1, 20
core   0: 3 0x80007614 (0x85d1) x11 0xfffff800
core   0: 0x80007616 (0x03d04cb3) div     s9, zero, t4
core   0: 3 0x80007616 (0x03d04cb3) x25 0xffffffff
core   0: 0x8000761a (0x005bc1b3) xor     gp, s7, t0
core   0: 3 0x8000761a (0x005bc1b3) x3  0xf3fbdd7a
core   0: 0x8000761e (0x7ef8bb93) sltiu   s7, a7, 2031
core   0: 3 0x8000761e (0x7ef8bb93) x23 0x00000001
core   0: 0x80007622 (0x02eafcb3) remu    s9, s5, a4
core   0: 3 0x80007622 (0x02eafcb3) x25 0x00000000
core   0: 0x80007626 (0x00008d89) c.sub   a1, a0
core   0: 3 0x80007626 (0x8d89) x11 0x5ebff800
core   0: 0x80007628 (0x0000e619) c.bnez  a2, pc + 14
core   0: 3 0x80007628 (0xe619)
core   0: 0x80007636 (0x017ebc33) sltu    s8, t4, s7
core   0: 3 0x80007636 (0x017ebc33) x24 0x00000001
core   0: 0x8000763a (0x0145b233) sltu    tp, a1, s4
core   0: 3 0x8000763a (0x0145b233) x4  0x00000001
core   0: 0x8000763e (0x08498b93) addi    s7, s3, 132
core   0: 3 0x8000763e (0x08498b93) x23 0x00000084
core   0: 0x80007642 (0x00008085) c.srli  s1, 1
core   0: 3 0x80007642 (0x8085) x9  0x7fffff80
core   0: 0x80007644 (0x00e81b33) sll     s6, a6, a4
core   0: 3 0x80007644 (0x00e81b33) x22 0x0000040c
core   0: 0x80007648 (0x41f98033) sub     zero, s3, t6
core   0: 3 0x80007648 (0x41f98033)
core   0: 0x8000764c (0x001305b3) add     a1, t1, ra
core   0: 3 0x8000764c (0x001305b3) x11 0x00000002
core   0: 0x80007650 (0x039e5b63) bge     t3, s9, pc + 54
core   0: 3 0x80007650 (0x039e5b63)
core   0: 0x80007654 (0x03c27333) remu    t1, tp, t3
core   0: 3 0x80007654 (0x03c27333) x6  0x00000001
core   0: 0x80007658 (0x03928833) mul     a6, t0, s9
core   0: 3 0x80007658 (0x03928833) x16 0x00000000
core   0: 0x8000765c (0x000089c5) c.andi  a1, 17
core   0: 3 0x8000765c (0x89c5) x11 0x00000000
core   0: 0x8000765e (0x00008cfd) c.and   s1, a5
core   0: 3 0x8000765e (0x8cfd) x9  0x00000000
core   0: 0x80007660 (0x40c50833) sub     a6, a0, a2
core   0: 3 0x80007660 (0x40c50833) x16 0x9dde4000
core   0: 0x80007664 (0x0000c51d) c.beqz  a0, pc + 46
core   0: 3 0x80007664 (0xc51d)
core   0: 0x80007666 (0x00008d21) c.xor   a0, s0
core   0: 3 0x80007666 (0x8d21) x10 0xa1400000
core   0: 0x80007668 (0x00008e9d) c.sub   a3, a5
core   0: 3 0x80007668 (0x8e9d) x13 0xfffffffe
core   0: 0x8000766a (0x000005d6) c.slli  a1, 21
core   0: 3 0x8000766a (0x05d6) x11 0x00000000
core   0: 0x8000766c (0x00008dfd) c.and   a1, a5
core   0: 3 0x8000766c (0x8dfd) x11 0x00000000
core   0: 0x8000766e (0x4063d693) srai    a3, t2, 6
core   0: 3 0x8000766e (0x4063d693) x13 0x00000000
core   0: 0x80007672 (0x0000494d) c.li    s2, 19
core   0: 3 0x80007672 (0x494d) x18 0x00000013
core   0: 0x80007674 (0x02f3e9b3) rem     s3, t2, a5
core   0: 3 0x80007674 (0x02f3e9b3) x19 0x00000000
core   0: 0x80007678 (0x03d660b3) rem     ra, a2, t4
core   0: 3 0x80007678 (0x03d660b3) x1  0x0361c000
core   0: 0x8000767c (0x000427b3) slt     a5, s0, zero
core   0: 3 0x8000767c (0x000427b3) x15 0x00000000
core   0: 0x80007680 (0x00000dda) c.slli  s11, 22
core   0: 3 0x80007680 (0x0dda) x27 0x00400000
core   0: 0x80007682 (0x0100e363) bltu    ra, a6, pc + 6
core   0: 3 0x80007682 (0x0100e363)
core   0: 0x80007688 (0x00000001) c.nop
core   0: 3 0x80007688 (0x0001)
core   0: 0x8000768a (0x0000177d) c.addi  a4, -1
core   0: 3 0x8000768a (0x177d) x14 0x00000000
core   0: 0x8000768c (0x03f10233) mul     tp, sp, t6
core   0: 3 0x8000768c (0x03f10233) x4  0x4aacc715
core   0: 0x80007690 (0x0000e58d) c.bnez  a1, pc + 42
core   0: 3 0x80007690 (0xe58d)
core   0: 0x80007692 (0x41cd5513) srai    a0, s10, 28
core   0: 3 0x80007692 (0x41cd5513) x10 0x00000000
core   0: 0x80007696 (0x00615b13) srli    s6, sp, 6
core   0: 3 0x80007696 (0x00615b13) x22 0x03ce108b
core   0: 0x8000769a (0x409a8fb3) sub     t6, s5, s1
core   0: 3 0x8000769a (0x409a8fb3) x31 0x80029d24
core   0: 0x8000769e (0x40d4de33) sra     t3, s1, a3
core   0: 3 0x8000769e (0x40d4de33) x28 0x00000000
core   0: 0x800076a2 (0x000087dd) c.srai  a5, 23
core   0: 3 0x800076a2 (0x87dd) x15 0x00000000
core   0: 0x800076a4 (0x01744f63) blt     s0, s7, pc + 30
core   0: 3 0x800076a4 (0x01744f63)
core   0: 0x800076c2 (0x00ed14b3) sll     s1, s10, a4
core   0: 3 0x800076c2 (0x00ed14b3) x9  0x0000000a
core   0: 0x800076c6 (0x021d7733) remu    a4, s10, ra
core   0: 3 0x800076c6 (0x021d7733) x14 0x0000000a
core   0: 0x800076ca (0x03752d33) mulhsu  s10, a0, s7
core   0: 3 0x800076ca (0x03752d33) x26 0x00000000
core   0: 0x800076ce (0x3ee047b7) lui     a5, 0x3ee04
core   0: 3 0x800076ce (0x3ee047b7) x15 0x3ee04000
core   0: 0x800076d2 (0x028bb333) mulhu   t1, s7, s0
core   0: 3 0x800076d2 (0x028bb333) x6  0x00000000
core   0: 0x800076d6 (0x03537eb3) remu    t4, t1, s5
core   0: 3 0x800076d6 (0x03537eb3) x29 0x00000000
core   0: 0x800076da (0x0000814d) c.srli  a0, 19
core   0: 3 0x800076da (0x814d) x10 0x00000000
core   0: 0x800076dc (0x00008d6d) c.and   a0, a1
core   0: 3 0x800076dc (0x8d6d) x10 0x00000000
core   0: 0x800076de (0x0143c8b3) xor     a7, t2, s4
core   0: 3 0x800076de (0x0143c8b3) x17 0x80025e70
core   0: 0x800076e2 (0x01ca1213) slli    tp, s4, 28
core   0: 3 0x800076e2 (0x01ca1213) x4  0x00000000
core   0: 0x800076e6 (0x00005f7d) c.li    t5, -1
core   0: 3 0x800076e6 (0x5f7d) x30 0xffffffff
core   0: 0x800076e8 (0x0000807d) c.srli  s0, 31
core   0: 3 0x800076e8 (0x807d) x8  0x00000000
core   0: 0x800076ea (0x00008936) c.mv    s2, a3
core   0: 3 0x800076ea (0x8936) x18 0x00000000
core   0: 0x800076ec (0x00008f15) c.sub   a4, a3
core   0: 3 0x800076ec (0x8f15) x14 0x0000000a
core   0: 0x800076ee (0x0000928a) c.add   t0, sp
core   0: 3 0x800076ee (0x928a) x5  0xe708456c
core   0: 0x800076f0 (0x00004d09) c.li    s10, 2
core   0: 3 0x800076f0 (0x4d09) x26 0x00000002
core   0: 0x800076f2 (0x000050c1) c.li    ra, -16
core   0: 3 0x800076f2 (0x50c1) x1  0xfffffff0
core   0: 0x800076f4 (0x00000001) c.nop
core   0: 3 0x800076f4 (0x0001)
core   0: 0x800076f6 (0x00006c65) c.lui   s8, 0x19
core   0: 3 0x800076f6 (0x6c65) x24 0x00019000
core   0: 0x800076f8 (0x00001efd) c.addi  t4, -1
core   0: 3 0x800076f8 (0x1efd) x29 0xffffffff
core   0: 0x800076fa (0x00001d69) c.addi  s10, -6
core   0: 3 0x800076fa (0x1d69) x26 0xfffffffc
core   0: 0x800076fc (0x4104d613) srai    a2, s1, 16
core   0: 3 0x800076fc (0x4104d613) x12 0x00000000
core   0: 0x80007700 (0xfe1d1be3) bne     s10, ra, pc - 10
core   0: 3 0x80007700 (0xfe1d1be3)
core   0: 0x800076f6 (0x00006c65) c.lui   s8, 0x19
core   0: 3 0x800076f6 (0x6c65) x24 0x00019000
core   0: 0x800076f8 (0x00001efd) c.addi  t4, -1
core   0: 3 0x800076f8 (0x1efd) x29 0xfffffffe
core   0: 0x800076fa (0x00001d69) c.addi  s10, -6
core   0: 3 0x800076fa (0x1d69) x26 0xfffffff6
core   0: 0x800076fc (0x4104d613) srai    a2, s1, 16
core   0: 3 0x800076fc (0x4104d613) x12 0x00000000
core   0: 0x80007700 (0xfe1d1be3) bne     s10, ra, pc - 10
core   0: 3 0x80007700 (0xfe1d1be3)
core   0: 0x800076f6 (0x00006c65) c.lui   s8, 0x19
core   0: 3 0x800076f6 (0x6c65) x24 0x00019000
core   0: 0x800076f8 (0x00001efd) c.addi  t4, -1
core   0: 3 0x800076f8 (0x1efd) x29 0xfffffffd
core   0: 0x800076fa (0x00001d69) c.addi  s10, -6
core   0: 3 0x800076fa (0x1d69) x26 0xfffffff0
core   0: 0x800076fc (0x4104d613) srai    a2, s1, 16
core   0: 3 0x800076fc (0x4104d613) x12 0x00000000
core   0: 0x80007700 (0xfe1d1be3) bne     s10, ra, pc - 10
core   0: 3 0x80007700 (0xfe1d1be3)
core   0: 0x80007704 (0x00008c0e) c.mv    s8, gp
core   0: 3 0x80007704 (0x8c0e) x24 0xf3fbdd7a
core   0: 0x80007706 (0x52077393) andi    t2, a4, 1312
core   0: 3 0x80007706 (0x52077393) x7  0x00000000
core   0: 0x8000770a (0x01a01c13) slli    s8, zero, 26
core   0: 3 0x8000770a (0x01a01c13) x24 0x00000000
core   0: 0x8000770e (0xa3523913) sltiu   s2, tp, -1483
core   0: 3 0x8000770e (0xa3523913) x18 0x00000001
core   0: 0x80007712 (0xf2b4d0b7) lui     ra, 0xf2b4d
core   0: 3 0x80007712 (0xf2b4d0b7) x1  0xf2b4d000
core   0: 0x80007716 (0x000062a9) c.lui   t0, 0xa
core   0: 3 0x80007716 (0x62a9) x5  0x0000a000
core   0: 0x80007718 (0x000096ba) c.add   a3, a4
core   0: 3 0x80007718 (0x96ba) x13 0x0000000a
core   0: 0x8000771a (0x03cdf633) remu    a2, s11, t3
core   0: 3 0x8000771a (0x03cdf633) x12 0x00400000
core   0: 0x8000771e (0x0275c763) blt     a1, t2, pc + 46
core   0: 3 0x8000771e (0x0275c763)
core   0: 0x80007722 (0x00546033) or      zero, s0, t0
core   0: 3 0x80007722 (0x00546033)
core   0: 0x80007726 (0x00008a81) c.andi  a3, 0
core   0: 3 0x80007726 (0x8a81) x13 0x00000000
core   0: 0x80007728 (0xd7b3f513) andi    a0, t2, -645
core   0: 3 0x80007728 (0xd7b3f513) x10 0x00000000
core   0: 0x8000772c (0x00004245) c.li    tp, 17
core   0: 3 0x8000772c (0x4245) x4  0x00000011
core   0: 0x8000772e (0x00009afd) c.andi  a3, -1
core   0: 3 0x8000772e (0x9afd) x13 0x00000000
core   0: 0x80007730 (0x03793fb3) mulhu   t6, s2, s7
core   0: 3 0x80007730 (0x03793fb3) x31 0x00000000
core   0: 0x80007734 (0x00e6a1b3) slt     gp, a3, a4
core   0: 3 0x80007734 (0x00e6a1b3) x3  0x00000001
core   0: 0x80007738 (0x400c8eb3) sub     t4, s9, zero
core   0: 3 0x80007738 (0x400c8eb3) x29 0x00000000
core   0: 0x8000773c (0x00165eb3) srl     t4, a2, ra
core   0: 3 0x8000773c (0x00165eb3) x29 0x00400000
core   0: 0x80007740 (0x0000ee8d) c.bnez  a3, pc + 58
core   0: 3 0x80007740 (0xee8d)
core   0: 0x80007742 (0x00008f35) c.xor   a4, a3
core   0: 3 0x80007742 (0x8f35) x14 0x0000000a
core   0: 0x80007744 (0x0391fd63) bgeu    gp, s9, pc + 58
core   0: 3 0x80007744 (0x0391fd63)
core   0: 0x8000777e (0x021b25b3) mulhsu  a1, s6, ra
core   0: 3 0x8000777e (0x021b25b3) x11 0x039b7b9e
core   0: 0x80007782 (0x7ce41317) auipc   t1, 0x7ce41
core   0: 3 0x80007782 (0x7ce41317) x6  0xfce48782
core   0: 0x80007786 (0x00008619) c.srai  a2, 6
core   0: 3 0x80007786 (0x8619) x12 0x00010000
core   0: 0x80007788 (0x000695b3) sll     a1, a3, zero
core   0: 3 0x80007788 (0x000695b3) x11 0x00000000
core   0: 0x8000778c (0x4117d1b3) sra     gp, a5, a7
core   0: 3 0x8000778c (0x4117d1b3) x3  0x00003ee0
core   0: 0x80007790 (0x033ebc33) mulhu   s8, t4, s3
core   0: 3 0x80007790 (0x033ebc33) x24 0x00000000
core   0: 0x80007794 (0x00812033) slt     zero, sp, s0
core   0: 3 0x80007794 (0x00812033)
core   0: 0x80007798 (0x26bc4e13) xori    t3, s8, 619
core   0: 3 0x80007798 (0x26bc4e13) x28 0x0000026b
core   0: 0x8000779c (0x00008f59) c.or    a4, a4
core   0: 3 0x8000779c (0x8f59) x14 0x0000000a
core   0: 0x8000779e (0x00fc5313) srli    t1, s8, 15
core   0: 3 0x8000779e (0x00fc5313) x6  0x00000000
core   0: 0x800077a2 (0x020e4333) div     t1, t3, zero
core   0: 3 0x800077a2 (0x020e4333) x6  0xffffffff
core   0: 0x800077a6 (0x02b24833) div     a6, tp, a1
core   0: 3 0x800077a6 (0x02b24833) x16 0xffffffff
core   0: 0x800077aa (0x02c47763) bgeu    s0, a2, pc + 46
core   0: 3 0x800077aa (0x02c47763)
core   0: 0x800077ae (0x0000e595) c.bnez  a1, pc + 44
core   0: 3 0x800077ae (0xe595)
core   0: 0x800077b0 (0x4a036393) ori     t2, t1, 1184
core   0: 3 0x800077b0 (0x4a036393) x7  0xffffffff
core   0: 0x800077b4 (0x03de8e33) mul     t3, t4, t4
core   0: 3 0x800077b4 (0x03de8e33) x28 0x00000000
core   0: 0x800077b8 (0x000055fd) c.li    a1, -1
core   0: 3 0x800077b8 (0x55fd) x11 0xffffffff
core   0: 0x800077ba (0x00006841) c.lui   a6, 0x10
core   0: 3 0x800077ba (0x6841) x16 0x00010000
core   0: 0x800077bc (0x0000c095) c.beqz  s1, pc + 36
core   0: 3 0x800077bc (0xc095)
core   0: 0x800077be (0x00008425) c.srai  s0, 9
core   0: 3 0x800077be (0x8425) x8  0x00000000
core   0: 0x800077c0 (0x00000cae) c.slli  s9, 11
core   0: 3 0x800077c0 (0x0cae) x25 0x00000000
core   0: 0x800077c2 (0x01c74463) blt     a4, t3, pc + 8
core   0: 3 0x800077c2 (0x01c74463)
core   0: 0x800077c6 (0x01499f63) bne     s3, s4, pc + 30
core   0: 3 0x800077c6 (0x01499f63)
core   0: 0x800077e4 (0x26975b37) lui     s6, 0x26975
core   0: 3 0x800077e4 (0x26975b37) x22 0x26975000
core   0: 0x800077e8 (0x00008ec9) c.or    a3, a0
core   0: 3 0x800077e8 (0x8ec9) x13 0x00000000
core   0: 0x800077ea (0x0000808e) c.mv    ra, gp
core   0: 3 0x800077ea (0x808e) x1  0x00003ee0
core   0: 0x800077ec (0x0000e111) c.bnez  a0, pc + 4
core   0: 3 0x800077ec (0xe111)
core   0: 0x800077ee (0x00000426) c.slli  s0, 9
core   0: 3 0x800077ee (0x0426) x8  0x00000000
core   0: 0x800077f0 (0x17287b93) andi    s7, a6, 370
core   0: 3 0x800077f0 (0x17287b93) x23 0x00000000
core   0: 0x800077f4 (0x01b50863) beq     a0, s11, pc + 16
core   0: 3 0x800077f4 (0x01b50863)
core   0: 0x800077f8 (0x02895163) bge     s2, s0, pc + 34
core   0: 3 0x800077f8 (0x02895163)
core   0: 0x8000781a (0x000000bd) c.addi  ra, 15
core   0: 3 0x8000781a (0x00bd) x1  0x00003eef
core   0: 0x8000781c (0x03473bb3) mulhu   s7, a4, s4
core   0: 3 0x8000781c (0x03473bb3) x23 0x00000005
core   0: 0x80007820 (0x98990f13) addi    t5, s2, -1655
core   0: 3 0x80007820 (0x98990f13) x30 0xfffff98a
core   0: 0x80007824 (0xd8f24797) auipc   a5, 0xd8f24
core   0: 3 0x80007824 (0xd8f24797) x15 0x58f2b824
core   0: 0x80007828 (0x011f2733) slt     a4, t5, a7
core   0: 3 0x80007828 (0x011f2733) x14 0x00000000
core   0: 0x8000782c (0xd1deee93) ori     t4, t4, -739
core   0: 3 0x8000782c (0xd1deee93) x29 0xfffffd1d
core   0: 0x80007830 (0x1523fc93) andi    s9, t2, 338
core   0: 3 0x80007830 (0x1523fc93) x25 0x00000152
core   0: 0x80007834 (0x00008c95) c.sub   s1, a3
core   0: 3 0x80007834 (0x8c95) x9  0x0000000a
core   0: 0x80007836 (0x03deb333) mulhu   t1, t4, t4
core   0: 3 0x80007836 (0x03deb333) x6  0xfffffa3a
core   0: 0x8000783a (0x00008e31) c.xor   a2, a2
core   0: 3 0x8000783a (0x8e31) x12 0x00000000
core   0: 0x8000783c (0x30ca2e93) slti    t4, s4, 780
core   0: 3 0x8000783c (0x30ca2e93) x29 0x00000001
core   0: 0x80007840 (0x012123b3) slt     t2, sp, s2
core   0: 3 0x80007840 (0x012123b3) x7  0x00000001
core   0: 0x80007844 (0x016fa9b3) slt     s3, t6, s6
core   0: 3 0x80007844 (0x016fa9b3) x19 0x00000001
core   0: 0x80007848 (0x063a6013) prefetch.w 96(s4)
core   0: 3 0x80007848 (0x063a6013)
core   0: 0x8000784c (0x03d5f463) bgeu    a1, t4, pc + 40
core   0: 3 0x8000784c (0x03d5f463)
core   0: 0x80007874 (0x000048c9) c.li    a7, 18
core   0: 3 0x80007874 (0x48c9) x17 0x00000012
core   0: 0x80007876 (0x0000c0b1) c.beqz  s1, pc + 68
core   0: 3 0x80007876 (0xc0b1)
core   0: 0x80007878 (0x036677b3) remu    a5, a2, s6
core   0: 3 0x80007878 (0x036677b3) x15 0x00000000
core   0: 0x8000787c (0x0162e8b3) or      a7, t0, s6
core   0: 3 0x8000787c (0x0162e8b3) x17 0x2697f000
core   0: 0x80007880 (0x1bdea9b7) lui     s3, 0x1bdea
core   0: 3 0x80007880 (0x1bdea9b7) x19 0x1bdea000
core   0: 0x80007884 (0x000001f5) c.addi  gp, 29
core   0: 3 0x80007884 (0x01f5) x3  0x00003efd
core   0: 0x80007886 (0x028a1463) bne     s4, s0, pc + 40
core   0: 3 0x80007886 (0x028a1463)
core   0: 0x800078ae (0xffa0c813) xori    a6, ra, -6
core   0: 3 0x800078ae (0xffa0c813) x16 0xffffc115
core   0: 0x800078b2 (0x018e4cb3) xor     s9, t3, s8
core   0: 3 0x800078b2 (0x018e4cb3) x25 0x00000000
core   0: 0x800078b6 (0x41361fb7) lui     t6, 0x41361
core   0: 3 0x800078b6 (0x41361fb7) x31 0x41361000
core   0: 0x800078ba (0x00009eb2) c.add   t4, a2
core   0: 3 0x800078ba (0x9eb2) x29 0x00000001
core   0: 0x800078bc (0x49c93e93) sltiu   t4, s2, 1180
core   0: 3 0x800078bc (0x49c93e93) x29 0x00000001
core   0: 0x800078c0 (0x00000001) c.nop
core   0: 3 0x800078c0 (0x0001)
core   0: 0x800078c2 (0x001a1e13) slli    t3, s4, 1
core   0: 3 0x800078c2 (0x001a1e13) x28 0x0004bce0
core   0: 0x800078c6 (0x014d6bb3) or      s7, s10, s4
core   0: 3 0x800078c6 (0x014d6bb3) x23 0xfffffff0
core   0: 0x800078ca (0x78bb3713) sltiu   a4, s6, 1931
core   0: 3 0x800078ca (0x78bb3713) x14 0x00000000
core   0: 0x800078ce (0x0000c019) c.beqz  s0, pc + 6
core   0: 3 0x800078ce (0xc019)
core   0: 0x800078d4 (0x00008d91) c.sub   a1, a2
core   0: 3 0x800078d4 (0x8d91) x11 0xffffffff
core   0: 0x800078d6 (0x000049d9) c.li    s3, 22
core   0: 3 0x800078d6 (0x49d9) x19 0x00000016
core   0: 0x800078d8 (0x69887593) andi    a1, a6, 1688
core   0: 3 0x800078d8 (0x69887593) x11 0x00000010
core   0: 0x800078dc (0x027748b3) div     a7, a4, t2
core   0: 3 0x800078dc (0x027748b3) x17 0x00000000
core   0: 0x800078e0 (0x0190d0b3) srl     ra, ra, s9
core   0: 3 0x800078e0 (0x0190d0b3) x1  0x00003eef
core   0: 0x800078e4 (0x026c75b3) remu    a1, s8, t1
core   0: 3 0x800078e4 (0x026c75b3) x11 0x00000000
core   0: 0x800078e8 (0x047b9363) bne     s7, t2, pc + 70
core   0: 3 0x800078e8 (0x047b9363)
core   0: 0x8000792e (0x414f5093) srai    ra, t5, 20
core   0: 3 0x8000792e (0x414f5093) x1  0xffffffff
core   0: 0x80007932 (0x00008119) c.srli  a0, 6
core   0: 3 0x80007932 (0x8119) x10 0x00000000
core   0: 0x80007934 (0x03219963) bne     gp, s2, pc + 50
core   0: 3 0x80007934 (0x03219963)
core   0: 0x80007966 (0x000041ed) c.li    gp, 27
core   0: 3 0x80007966 (0x41ed) x3  0x0000001b
core   0: 0x80007968 (0x0000cf01) c.beqz  a4, pc + 24
core   0: 3 0x80007968 (0xcf01)
core   0: 0x80007980 (0x1083a213) slti    tp, t2, 264
core   0: 3 0x80007980 (0x1083a213) x4  0x00000001
core   0: 0x80007984 (0x03d148b3) div     a7, sp, t4
core   0: 3 0x80007984 (0x03d148b3) x17 0xf38422e7
core   0: 0x80007988 (0x00008c95) c.sub   s1, a3
core   0: 3 0x80007988 (0x8c95) x9  0x0000000a
core   0: 0x8000798a (0x00008d8d) c.sub   a1, a1
core   0: 3 0x8000798a (0x8d8d) x11 0x00000000
core   0: 0x8000798c (0x0000c9e5) c.beqz  a1, pc + 240
core   0: 3 0x8000798c (0xc9e5)
core   0: 0x80007a7c (0x0000ca15) c.beqz  a2, pc + 52
core   0: 3 0x80007a7c (0xca15)
core   0: 0x80007ab0 (0x18b67d13) andi    s10, a2, 395
core   0: 3 0x80007ab0 (0x18b67d13) x26 0x00000000
core   0: 0x80007ab4 (0x003bd193) srli    gp, s7, 3
core   0: 3 0x80007ab4 (0x003bd193) x3  0x1ffffffe
core   0: 0x80007ab8 (0x00000dae) c.slli  s11, 11
core   0: 3 0x80007ab8 (0x0dae) x27 0x00000000
core   0: 0x80007aba (0x00dad393) srli    t2, s5, 13
core   0: 3 0x80007aba (0x00dad393) x7  0x00040014
core   0: 0x80007abe (0x000001fe) c.slli  gp, 31
core   0: 3 0x80007abe (0x01fe) x3  0x00000000
core   0: 0x80007ac0 (0x25266793) ori     a5, a2, 594
core   0: 3 0x80007ac0 (0x25266793) x15 0x00000252
core   0: 0x80007ac4 (0x00008e81) c.sub   a3, s0
core   0: 3 0x80007ac4 (0x8e81) x13 0x00000000
core   0: 0x80007ac6 (0x029b49b3) div     s3, s6, s1
core   0: 3 0x80007ac6 (0x029b49b3) x19 0x03dbee66
core   0: 0x80007aca (0x00006545) c.lui   a0, 0x11
core   0: 3 0x80007aca (0x6545) x10 0x00011000
core   0: 0x80007acc (0x00000001) c.nop
core   0: 3 0x80007acc (0x0001)
core   0: 0x80007ace (0x062a8063) beq     s5, sp, pc + 96
core   0: 3 0x80007ace (0x062a8063)
core   0: 0x80007ad2 (0x002420b3) slt     ra, s0, sp
core   0: 3 0x80007ad2 (0x002420b3) x1  0x00000000
core   0: 0x80007ad6 (0xc4b2f213) andi    tp, t0, -949
core   0: 3 0x80007ad6 (0xc4b2f213) x4  0x0000a000
core   0: 0x80007ada (0x405ad693) srai    a3, s5, 5
core   0: 3 0x80007ada (0x405ad693) x13 0xfc0014e9
core   0: 0x80007ade (0x00008531) c.srai  a0, 12
core   0: 3 0x80007ade (0x8531) x10 0x00000011
core   0: 0x80007ae0 (0x00002417) auipc   s0, 0x2
core   0: 3 0x80007ae0 (0x00002417) x8  0x80009ae0
core   0: 0x80007ae4 (0x1a440413) addi    s0, s0, 420
core   0: 3 0x80007ae4 (0x1a440413) x8  0x80009c84
core   0: 0x80007ae8 (0x00008cf5) c.and   s1, a3
core   0: 3 0x80007ae8 (0x8cf5) x9  0x00000008
core   0: 0x80007aea (0x00009b7d) c.andi  a4, -1
core   0: 3 0x80007aea (0x9b7d) x14 0x00000000
core   0: 0x80007aec (0x41ed00b3) sub     ra, s10, t5
core   0: 3 0x80007aec (0x41ed00b3) x1  0x00000676
core   0: 0x80007af0 (0x004fbb33) sltu    s6, t6, tp
core   0: 3 0x80007af0 (0x004fbb33) x22 0x00000000
core   0: 0x80007af4 (0xcac40413) addi    s0, s0, -852
core   0: 3 0x80007af4 (0xcac40413) x8  0x80009930
core   0: 0x80007af8 (0x0153f463) bgeu    t2, s5, pc + 8
core   0: 3 0x80007af8 (0x0153f463)
core   0: 0x80007afc (0x03094833) div     a6, s2, a6
core   0: 3 0x80007afc (0x03094833) x16 0x00000000
core   0: 0x80007b00 (0x35440367) jalr    t1, s0, 852
core   0: 3 0x80007b00 (0x35440367) x6  0x80007b04
core   0: 0x80009c84 (0x0051ed33) or      s10, gp, t0
core   0: 3 0x80009c84 (0x0051ed33) x26 0x0000a000
core   0: 0x80009c88 (0x00009afd) c.andi  a3, -1
core   0: 3 0x80009c88 (0x9afd) x13 0xfc0014e9
core   0: 0x80009c8a (0xfdca0a13) addi    s4, s4, -36
core   0: 3 0x80009c8a (0xfdca0a13) x20 0x80025e4c
core   0: 0x80009c8e (0x03368b33) mul     s6, a3, s3
core   0: 3 0x80009c8e (0x03368b33) x22 0x19cbf2d6
core   0: 0x80009c92 (0x605d2693) slti    a3, s10, 1541
core   0: 3 0x80009c92 (0x605d2693) x13 0x00000000
core   0: 0x80009c96 (0x000081d5) c.srli  a1, 21
core   0: 3 0x80009c96 (0x81d5) x11 0x00000000
core   0: 0x80009c98 (0x000000ba) c.slli  ra, 14
core   0: 3 0x80009c98 (0x00ba) x1  0x019d8000
core   0: 0x80009c9a (0x00a9d033) srl     zero, s3, a0
core   0: 3 0x80009c9a (0x00a9d033)
core   0: 0x80009c9e (0x006a2223) sw      t1, 4(s4)
core   0: 3 0x80009c9e (0x006a2223) mem 0x80025e50 0x80007b04
core   0: 0x80009ca2 (0x00a01b13) slli    s6, zero, 10
core   0: 3 0x80009ca2 (0x00a01b13) x22 0x00000000
core   0: 0x80009ca6 (0x00012497) auipc   s1, 0x12
core   0: 3 0x80009ca6 (0x00012497) x9  0x8001bca6
core   0: 0x80009caa (0x29148493) addi    s1, s1, 657
core   0: 3 0x80009caa (0x29148493) x9  0x8001bf37
core   0: 0x80009cae (0x00008e5d) c.or    a2, a5
core   0: 3 0x80009cae (0x8e5d) x12 0x00000252
core   0: 0x80009cb0 (0x019cb033) sltu    zero, s9, s9
core   0: 3 0x80009cb0 (0x019cb033)
core   0: 0x80009cb4 (0xff548523) sb      s5, -22(s1)
core   0: 3 0x80009cb4 (0xff548523) mem 0x8001bf21 0x24
core   0: 0x80009cb8 (0x03e48003) lb      zero, 62(s1)
core   0: 3 0x80009cb8 (0x03e48003) mem 0x8001bf75
core   0: 0x80009cbc (0xff1482a3) sb      a7, -27(s1)
core   0: 3 0x80009cbc (0xff1482a3) mem 0x8001bf1c 0xe7
core   0: 0x80009cc0 (0xfcb492a3) sh      a1, -59(s1)
core   0: 3 0x80009cc0 (0xfcb492a3) mem 0x8001befc 0x0000
core   0: 0x80009cc4 (0x01749c83) lh      s9, 23(s1)
core   0: 3 0x80009cc4 (0x01749c83) x25 0x00000400 mem 0x8001bf4e
core   0: 0x80009cc8 (0xfc748fa3) sb      t2, -33(s1)
core   0: 3 0x80009cc8 (0xfc748fa3) mem 0x8001bf16 0x14
core   0: 0x80009ccc (0x00000001) c.nop
core   0: 3 0x80009ccc (0x0001)
core   0: 0x80009cce (0x000007dd) c.addi  a5, 23
core   0: 3 0x80009cce (0x07dd) x15 0x00000269
core   0: 0x80009cd0 (0x00bd41b3) xor     gp, s10, a1
core   0: 3 0x80009cd0 (0x00bd41b3) x3  0x0000a000
core   0: 0x80009cd4 (0x03b2f0b3) remu    ra, t0, s11
core   0: 3 0x80009cd4 (0x03b2f0b3) x1  0x0000a000
core   0: 0x80009cd8 (0x03048583) lb      a1, 48(s1)
core   0: 3 0x80009cd8 (0x03048583) x11 0x0000001c mem 0x8001bf67
core   0: 0x80009cdc (0x025987b3) mul     a5, s3, t0
core   0: 3 0x80009cdc (0x025987b3) x15 0x74ffc000
core   0: 0x80009ce0 (0xa0f87217) auipc   tp, 0xa0f87
core   0: 3 0x80009ce0 (0xa0f87217) x4  0x20f90ce0
core   0: 0x80009ce4 (0xfce48623) sb      a4, -52(s1)
core   0: 3 0x80009ce4 (0xfce48623) mem 0x8001bf03 0x00
core   0: 0x80009ce8 (0xfc648203) lb      tp, -58(s1)
core   0: 3 0x80009ce8 (0xfc648203) x4  0x00000000 mem 0x8001befd
core   0: 0x80009cec (0x018e5f33) srl     t5, t3, s8
core   0: 3 0x80009cec (0x018e5f33) x30 0x0004bce0
core   0: 0x80009cf0 (0x0000817d) c.srli  a0, 31
core   0: 3 0x80009cf0 (0x817d) x10 0x00000000
core   0: 0x80009cf2 (0xfd9490a3) sh      s9, -63(s1)
core   0: 3 0x80009cf2 (0xfd9490a3) mem 0x8001bef8 0x0400
core   0: 0x80009cf6 (0xfd34df83) lhu     t6, -45(s1)
core   0: 3 0x80009cf6 (0xfd34df83) x31 0x0000c0c1 mem 0x8001bf0a
core   0: 0x80009cfa (0x102de797) auipc   a5, 0x102de
core   0: 3 0x80009cfa (0x102de797) x15 0x902e7cfa
core   0: 0x80009cfe (0x039f1bb3) mulh    s7, t5, s9
core   0: 3 0x80009cfe (0x039f1bb3) x23 0x00000000
core   0: 0x80009d02 (0x03e48203) lb      tp, 62(s1)
core   0: 3 0x80009d02 (0x03e48203) x4  0xffffffa0 mem 0x8001bf75
core   0: 0x80009d06 (0x0154d503) lhu     a0, 21(s1)
core   0: 3 0x80009d06 (0x0154d503) x10 0x00000607 mem 0x8001bf4c
core   0: 0x80009d0a (0x0404cc83) lbu     s9, 64(s1)
core   0: 3 0x80009d0a (0x0404cc83) x25 0x0000004e mem 0x8001bf77
core   0: 0x80009d0e (0x0314aea3) sw      a7, 61(s1)
core   0: 3 0x80009d0e (0x0314aea3) mem 0x8001bf74 0xf38422e7
core   0: 0x80009d12 (0x01c2a8b3) slt     a7, t0, t3
core   0: 3 0x80009d12 (0x01c2a8b3) x17 0x00000001
core   0: 0x80009d16 (0x03048083) lb      ra, 48(s1)
core   0: 3 0x80009d16 (0x03048083) x1  0x0000001c mem 0x8001bf67
core   0: 0x80009d1a (0x03b4df03) lhu     t5, 59(s1)
core   0: 3 0x80009d1a (0x03b4df03) x30 0x00002829 mem 0x8001bf72
core   0: 0x80009d1e (0x41ba8eb3) sub     t4, s5, s11
core   0: 3 0x80009d1e (0x41ba8eb3) x29 0x80029d24
core   0: 0x80009d22 (0x01089013) slli    zero, a7, 16
core   0: 3 0x80009d22 (0x01089013)
core   0: 0x80009d26 (0xffa4c083) lbu     ra, -6(s1)
core   0: 3 0x80009d26 (0xffa4c083) x1  0x000000ea mem 0x8001bf31
core   0: 0x80009d2a (0x01e48603) lb      a2, 30(s1)
core   0: 3 0x80009d2a (0x01e48603) x12 0x0000000e mem 0x8001bf55
core   0: 0x80009d2e (0xffa48f03) lb      t5, -6(s1)
core   0: 3 0x80009d2e (0xffa48f03) x30 0xffffffea mem 0x8001bf31
core   0: 0x80009d32 (0x000095de) c.add   a1, s7
core   0: 3 0x80009d32 (0x95de) x11 0x0000001c
core   0: 0x80009d34 (0x00c736b3) sltu    a3, a4, a2
core   0: 3 0x80009d34 (0x00c736b3) x13 0x00000001
core   0: 0x80009d38 (0x02448f83) lb      t6, 36(s1)
core   0: 3 0x80009d38 (0x02448f83) x31 0x00000010 mem 0x8001bf5b
core   0: 0x80009d3c (0x000086e9) c.srai  a3, 26
core   0: 3 0x80009d3c (0x86e9) x13 0x00000000
core   0: 0x80009d3e (0x4773e793) ori     a5, t2, 1143
core   0: 3 0x80009d3e (0x4773e793) x15 0x00040477
core   0: 0x80009d42 (0x00008e0d) c.sub   a2, a1
core   0: 3 0x80009d42 (0x8e0d) x12 0xfffffff2
core   0: 0x80009d44 (0x00000001) c.nop
core   0: 3 0x80009d44 (0x0001)
core   0: 0x80009d46 (0x40320833) sub     a6, tp, gp
core   0: 3 0x80009d46 (0x40320833) x16 0xffff5fa0
core   0: 0x80009d4a (0x01248ba3) sb      s2, 23(s1)
core   0: 3 0x80009d4a (0x01248ba3) mem 0x8001bf4e 0x01
core   0: 0x80009d4e (0xfd14d703) lhu     a4, -47(s1)
core   0: 3 0x80009d4e (0xfd14d703) x14 0x0000c2c3 mem 0x8001bf08
core   0: 0x80009d52 (0x012bc1b3) xor     gp, s7, s2
core   0: 3 0x80009d52 (0x012bc1b3) x3  0x00000001
core   0: 0x80009d56 (0x03308f93) addi    t6, ra, 51
core   0: 3 0x80009d56 (0x03308f93) x31 0x0000011d
core   0: 0x80009d5a (0xfc94c383) lbu     t2, -55(s1)
core   0: 3 0x80009d5a (0xfc94c383) x7  0x000000bb mem 0x8001bf00
core   0: 0x80009d5e (0xfee48a23) sb      a4, -12(s1)
core   0: 3 0x80009d5e (0xfee48a23) mem 0x8001bf2b 0xc3
core   0: 0x80009d62 (0x0000079a) c.slli  a5, 6
core   0: 3 0x80009d62 (0x079a) x15 0x01011dc0
core   0: 0x80009d64 (0x00f4de83) lhu     t4, 15(s1)
core   0: 3 0x80009d64 (0x00f4de83) x29 0x0000fcfd mem 0x8001bf46
core   0: 0x80009d68 (0x0114df83) lhu     t6, 17(s1)
core   0: 3 0x80009d68 (0x0114df83) x31 0x00000203 mem 0x8001bf48
core   0: 0x80009d6c (0xff948523) sb      s9, -22(s1)
core   0: 3 0x80009d6c (0xff948523) mem 0x8001bf21 0x4e
core   0: 0x80009d70 (0x00013097) auipc   ra, 0x13
core   0: 3 0x80009d70 (0x00013097) x1  0x8001cd70
core   0: 0x80009d74 (0x81e08093) addi    ra, ra, -2018
core   0: 3 0x80009d74 (0x81e08093) x1  0x8001c58e
core   0: 0x80009d78 (0x01908823) sb      s9, 16(ra)
core   0: 3 0x80009d78 (0x01908823) mem 0x8001c59e 0x4e
core   0: 0x80009d7c (0x000c1693) slli    a3, s8, 0
core   0: 3 0x80009d7c (0x000c1693) x13 0x00000000
core   0: 0x80009d80 (0x038946b3) div     a3, s2, s8
core   0: 3 0x80009d80 (0x038946b3) x13 0xffffffff
core   0: 0x80009d84 (0x0030cc83) lbu     s9, 3(ra)
core   0: 3 0x80009d84 (0x0030cc83) x25 0x00000000 mem 0x8001c591
core   0: 0x80009d88 (0x038d7d33) remu    s10, s10, s8
core   0: 3 0x80009d88 (0x038d7d33) x26 0x0000a000
core   0: 0x80009d8c (0x006084a3) sb      t1, 9(ra)
core   0: 3 0x80009d8c (0x006084a3) mem 0x8001c597 0x04
core   0: 0x80009d90 (0xff808ea3) sb      s8, -3(ra)
core   0: 3 0x80009d90 (0xff808ea3) mem 0x8001c58b 0x00
core   0: 0x80009d94 (0x00006365) c.lui   t1, 0x19
core   0: 3 0x80009d94 (0x6365) x6  0x00019000
core   0: 0x80009d96 (0x40e95313) srai    t1, s2, 14
core   0: 3 0x80009d96 (0x40e95313) x6  0x00000000
core   0: 0x80009d9a (0xffa089a3) sb      s10, -13(ra)
core   0: 3 0x80009d9a (0xffa089a3) mem 0x8001c581 0x00
core   0: 0x80009d9e (0x03834d33) div     s10, t1, s8
core   0: 3 0x80009d9e (0x03834d33) x26 0xffffffff
core   0: 0x80009da2 (0xff00d903) lhu     s2, -16(ra)
core   0: 3 0x80009da2 (0xff00d903) x18 0x00003435 mem 0x8001c57e
core   0: 0x80009da6 (0x00008ed5) c.or    a3, a3
core   0: 3 0x80009da6 (0x8ed5) x13 0xffffffff
core   0: 0x80009da8 (0x00f08d03) lb      s10, 15(ra)
core   0: 3 0x80009da8 (0x00f08d03) x26 0x00000056 mem 0x8001c59d
core   0: 0x80009dac (0x000082c1) c.srli  a3, 16
core   0: 3 0x80009dac (0x82c1) x13 0x0000ffff
core   0: 0x80009dae (0x02d94333) div     t1, s2, a3
core   0: 3 0x80009dae (0x02d94333) x6  0x00000000
core   0: 0x80009db2 (0x00708c03) lb      s8, 7(ra)
core   0: 3 0x80009db2 (0x00708c03) x24 0x0000004e mem 0x8001c595
core   0: 0x80009db6 (0xffe08c83) lb      s9, -2(ra)
core   0: 3 0x80009db6 (0xffe08c83) x25 0x00000000 mem 0x8001c58c
core   0: 0x80009dba (0xfe609f23) sh      t1, -2(ra)
core   0: 3 0x80009dba (0xfe609f23) mem 0x8001c58c 0x0000
core   0: 0x80009dbe (0x40f35913) srai    s2, t1, 15
core   0: 3 0x80009dbe (0x40f35913) x18 0x00000000
core   0: 0x80009dc2 (0x8d1d8317) auipc   t1, 0x8d1d8
core   0: 3 0x80009dc2 (0x8d1d8317) x6  0x0d1e1dc2
core   0: 0x80009dc6 (0x00008ed5) c.or    a3, a3
core   0: 3 0x80009dc6 (0x8ed5) x13 0x0000ffff
core   0: 0x80009dc8 (0x4146dc13) srai    s8, a3, 20
core   0: 3 0x80009dc8 (0x4146dc13) x24 0x00000000
core   0: 0x80009dcc (0xff80d303) lhu     t1, -8(ra)
core   0: 3 0x80009dcc (0xff80d303) x6  0x00003c3d mem 0x8001c586
core   0: 0x80009dd0 (0x01ac5d33) srl     s10, s8, s10
core   0: 3 0x80009dd0 (0x01ac5d33) x26 0x00000000
core   0: 0x80009dd4 (0xd37c1697) auipc   a3, 0xd37c1
core   0: 3 0x80009dd4 (0xd37c1697) x13 0x537cadd4
core   0: 0x80009dd8 (0x026ccd33) div     s10, s9, t1
core   0: 3 0x80009dd8 (0x026ccd33) x26 0x00000000
core   0: 0x80009ddc (0x0050c903) lbu     s2, 5(ra)
core   0: 3 0x80009ddc (0x0050c903) x18 0x00000048 mem 0x8001c593
core   0: 0x80009de0 (0x2b4d96b7) lui     a3, 0x2b4d9
core   0: 3 0x80009de0 (0x2b4d96b7) x13 0x2b4d9000
core   0: 0x80009de4 (0x01a09123) sh      s10, 2(ra)
core   0: 3 0x80009de4 (0x01a09123) mem 0x8001c590 0x0000
core   0: 0x80009de8 (0x00e0c303) lbu     t1, 14(ra)
core   0: 3 0x80009de8 (0x00e0c303) x6  0x00000057 mem 0x8001c59c
core   0: 0x80009dec (0xbce8ed37) lui     s10, 0xbce8e
core   0: 3 0x80009dec (0xbce8ed37) x26 0xbce8e000
core   0: 0x80009df0 (0x000016fd) c.addi  a3, -1
core   0: 3 0x80009df0 (0x16fd) x13 0x2b4d8fff
core   0: 0x80009df2 (0x00f08303) lb      t1, 15(ra)
core   0: 3 0x80009df2 (0x00f08303) x6  0x00000056 mem 0x8001c59d
core   0: 0x80009df6 (0x00008e95) c.sub   a3, a3
core   0: 3 0x80009df6 (0x8e95) x13 0x00000000
core   0: 0x80009df8 (0x02d68333) mul     t1, a3, a3
core   0: 3 0x80009df8 (0x02d68333) x6  0x00000000
core   0: 0x80009dfc (0x00008ef5) c.and   a3, a3
core   0: 3 0x80009dfc (0x8ef5) x13 0x00000000
core   0: 0x80009dfe (0x000086fd) c.srai  a3, 31
core   0: 3 0x80009dfe (0x86fd) x13 0x00000000
core   0: 0x80009e00 (0x012d1933) sll     s2, s10, s2
core   0: 3 0x80009e00 (0x012d1933) x18 0xe8e00000
core   0: 0x80009e04 (0x00409c03) lh      s8, 4(ra)
core   0: 3 0x80009e04 (0x00409c03) x24 0x00004849 mem 0x8001c592
core   0: 0x80009e08 (0x87b6cd13) xori    s10, a3, -1925
core   0: 3 0x80009e08 (0x87b6cd13) x26 0xfffff87b
core   0: 0x80009e0c (0x00dc6333) or      t1, s8, a3
core   0: 3 0x80009e0c (0x00dc6333) x6  0x00004849
core   0: 0x80009e10 (0x00008962) c.mv    s2, s8
core   0: 3 0x80009e10 (0x8962) x18 0x00004849
core   0: 0x80009e12 (0xff808da3) sb      s8, -5(ra)
core   0: 3 0x80009e12 (0xff808da3) mem 0x8001c589 0x49
core   0: 0x80009e16 (0x00005f7d) c.li    t5, -1
core   0: 3 0x80009e16 (0x5f7d) x30 0xffffffff
core   0: 0x80009e18 (0x00009bfd) c.andi  a5, -1
core   0: 3 0x80009e18 (0x9bfd) x15 0x01011dc0
core   0: 0x80009e1a (0x00009bd2) c.add   s7, s4
core   0: 3 0x80009e1a (0x9bd2) x23 0x80025e4c
core   0: 0x80009e1c (0x00008379) c.srli  a4, 30
core   0: 3 0x80009e1c (0x8379) x14 0x00000000
core   0: 0x80009e1e (0x00127333) and     t1, tp, ra
core   0: 3 0x80009e1e (0x00127333) x6  0x8001c580
core   0: 0x80009e22 (0x0021d313) srli    t1, gp, 2
core   0: 3 0x80009e22 (0x0021d313) x6  0x00000000
core   0: 0x80009e26 (0x00e43233) sltu    tp, s0, a4
core   0: 3 0x80009e26 (0x00e43233) x4  0x00000000
core   0: 0x80009e2a (0x01569b13) slli    s6, a3, 21
core   0: 3 0x80009e2a (0x01569b13) x22 0x00000000
core   0: 0x80009e2e (0x00005cf5) c.li    s9, -3
core   0: 3 0x80009e2e (0x5cf5) x25 0xfffffffd
core   0: 0x80009e30 (0xf9a80793) addi    a5, a6, -102
core   0: 3 0x80009e30 (0xf9a80793) x15 0xffff5f3a
core   0: 0x80009e34 (0x01c0c033) xor     zero, ra, t3
core   0: 3 0x80009e34 (0x01c0c033)
core   0: 0x80009e38 (0x00a61d33) sll     s10, a2, a0
core   0: 3 0x80009e38 (0x00a61d33) x26 0xfffff900
core   0: 0x80009e3c (0x00006661) c.lui   a2, 0x18
core   0: 3 0x80009e3c (0x6661) x12 0x00018000
core   0: 0x80009e3e (0x02763fb3) mulhu   t6, a2, t2
core   0: 3 0x80009e3e (0x02763fb3) x31 0x00000000
core   0: 0x80009e42 (0x0000987d) c.andi  s0, -1
core   0: 3 0x80009e42 (0x987d) x8  0x80009930
core   0: 0x80009e44 (0x01209b93) slli    s7, ra, 18
core   0: 3 0x80009e44 (0x01209b93) x23 0x16380000
core   0: 0x80009e48 (0x00001f71) c.addi  t5, -4
core   0: 3 0x80009e48 (0x1f71) x30 0xfffffffb
core   0: 0x80009e4a (0x0318ceb3) div     t4, a7, a7
core   0: 3 0x80009e4a (0x0318ceb3) x29 0x00000001
core   0: 0x80009e4e (0x419dd733) sra     a4, s11, s9
core   0: 3 0x80009e4e (0x419dd733) x14 0x00000000
core   0: 0x80009e52 (0xff9f58e3) bge     t5, s9, pc - 16
core   0: 3 0x80009e52 (0xff9f58e3)
core   0: 0x80009e56 (0x00f07633) and     a2, zero, a5
core   0: 3 0x80009e56 (0x00f07633) x12 0x00000000
core   0: 0x80009e5a (0x0260036f) jal     t1, pc + 0x26
core   0: 3 0x80009e5a (0x0260036f) x6  0x80009e5e
core   0: 0x80009e80 (0x000037ed) c.jal   pc - 22
core   0: 3 0x80009e80 (0x37ed) x1  0x80009e82
core   0: 0x80009e6a (0x008000ef) jal     pc + 0x8
core   0: 3 0x80009e6a (0x008000ef) x1  0x80009e6e
core   0: 0x80009e72 (0x00003fc5) c.jal   pc - 16
core   0: 3 0x80009e72 (0x3fc5) x1  0x80009e74
core   0: 0x80009e62 (0x0000a829) c.j     pc + 26
core   0: 3 0x80009e62 (0xa829)
core   0: 0x80009e7c (0xff5ff0ef) jal     pc - 0xc
core   0: 3 0x80009e7c (0xff5ff0ef) x1  0x80009e80
core   0: 0x80009e70 (0x00003fd5) c.jal   pc - 12
core   0: 3 0x80009e70 (0x3fd5) x1  0x80009e72
core   0: 0x80009e64 (0x0000a811) c.j     pc + 20
core   0: 3 0x80009e64 (0xa811)
core   0: 0x80009e78 (0x0000bffd) c.j     pc - 2
core   0: 3 0x80009e78 (0xbffd)
core   0: 0x80009e76 (0x00003fc5) c.jal   pc - 16
core   0: 3 0x80009e76 (0x3fc5) x1  0x80009e78
core   0: 0x80009e66 (0x00e000ef) jal     pc + 0xe
core   0: 3 0x80009e66 (0x00e000ef) x1  0x80009e6a
core   0: 0x80009e74 (0x0000a019) c.j     pc + 6
core   0: 3 0x80009e74 (0xa019)
core   0: 0x80009e7a (0x00003fd5) c.jal   pc - 12
core   0: 3 0x80009e7a (0x3fd5) x1  0x80009e7c
core   0: 0x80009e6e (0x00003fc5) c.jal   pc - 16
core   0: 3 0x80009e6e (0x3fc5) x1  0x80009e70
core   0: 0x80009e5e (0x0240036f) jal     t1, pc + 0x24
core   0: 3 0x80009e5e (0x0240036f) x6  0x80009e62
core   0: 0x80009e82 (0x00b03c33) snez    s8, a1
core   0: 3 0x80009e82 (0x00b03c33) x24 0x00000001
core   0: 0x80009e86 (0x00014217) auipc   tp, 0x14
core   0: 3 0x80009e86 (0x00014217) x4  0x8001de86
core   0: 0x80009e8a (0xcbe20213) addi    tp, tp, -834
core   0: 3 0x80009e8a (0xcbe20213) x4  0x8001db44
core   0: 0x80009e8e (0x0084ed33) or      s10, s1, s0
core   0: 3 0x80009e8e (0x0084ed33) x26 0x8001bf37
core   0: 0x80009e92 (0xfd821383) lh      t2, -40(tp)
core   0: 3 0x80009e92 (0xfd821383) x7  0xffffd6d7 mem 0x8001db1c
core   0: 0x80009e96 (0x02b22023) sw      a1, 32(tp)
core   0: 3 0x80009e96 (0x02b22023) mem 0x8001db64 0x0000001c
core   0: 0x80009e9a (0x02025d03) lhu     s10, 32(tp)
core   0: 3 0x80009e9a (0x02025d03) x26 0x0000001c mem 0x8001db64
core   0: 0x80009e9e (0x01bedd93) srli    s11, t4, 27
core   0: 3 0x80009e9e (0x01bedd93) x27 0x00000000
core   0: 0x80009ea2 (0x02022b03) lw      s6, 32(tp)
core   0: 3 0x80009ea2 (0x02022b03) x22 0x0000001c mem 0x8001db64
core   0: 0x80009ea6 (0x03d22023) sw      t4, 32(tp)
core   0: 3 0x80009ea6 (0x03d22023) mem 0x8001db64 0x00000001
core   0: 0x80009eaa (0x02020d83) lb      s11, 32(tp)
core   0: 3 0x80009eaa (0x02020d83) x27 0x00000001 mem 0x8001db64
core   0: 0x80009eae (0x02022b03) lw      s6, 32(tp)
core   0: 3 0x80009eae (0x02022b03) x22 0x00000001 mem 0x8001db64
core   0: 0x80009eb2 (0x00008d7d) c.and   a0, a5
core   0: 3 0x80009eb2 (0x8d7d) x10 0x00000602
core   0: 0x80009eb4 (0x02920903) lb      s2, 41(tp)
core   0: 3 0x80009eb4 (0x02920903) x18 0x00000026 mem 0x8001db6d
core   0: 0x80009eb8 (0x0a021f03) lh      t5, 160(tp)
core   0: 3 0x80009eb8 (0x0a021f03) x30 0x00000001 mem 0x8001dbe4
core   0: 0x80009ebc (0x0a820023) sb      s0, 160(tp)
core   0: 3 0x80009ebc (0x0a820023) mem 0x8001dbe4 0x30
core   0: 0x80009ec0 (0x0a024383) lbu     t2, 160(tp)
core   0: 3 0x80009ec0 (0x0a024383) x7  0x00000030 mem 0x8001dbe4
core   0: 0x80009ec4 (0x00008491) c.srai  s1, 4
core   0: 3 0x80009ec4 (0x8491) x9  0xf8001bf3
core   0: 0x80009ec6 (0x0a025f83) lhu     t6, 160(tp)
core   0: 3 0x80009ec6 (0x0a025f83) x31 0x00000030 mem 0x8001dbe4
core   0: 0x80009eca (0x0a024903) lbu     s2, 160(tp)
core   0: 3 0x80009eca (0x0a024903) x18 0x00000030 mem 0x8001dbe4
core   0: 0x80009ece (0x0b620023) sb      s6, 160(tp)
core   0: 3 0x80009ece (0x0b620023) mem 0x8001dbe4 0x01
core   0: 0x80009ed2 (0x0a025c83) lhu     s9, 160(tp)
core   0: 3 0x80009ed2 (0x0a025c83) x25 0x00000001 mem 0x8001dbe4
core   0: 0x80009ed6 (0x0ad22023) sw      a3, 160(tp)
core   0: 3 0x80009ed6 (0x0ad22023) mem 0x8001dbe4 0x00000000
core   0: 0x80009eda (0x0a221023) sh      sp, 160(tp)
core   0: 3 0x80009eda (0x0a221023) mem 0x8001dbe4 0x22e7
core   0: 0x80009ede (0x0a020003) lb      zero, 160(tp)
core   0: 3 0x80009ede (0x0a020003) mem 0x8001dbe4
core   0: 0x80009ee2 (0x0b121023) sh      a7, 160(tp)
core   0: 3 0x80009ee2 (0x0b121023) mem 0x8001dbe4 0x0001
core   0: 0x80009ee6 (0x00141db3) sll     s11, s0, ra
core   0: 3 0x80009ee6 (0x00141db3) x27 0x99300000
core   0: 0x80009eea (0x2b6da437) lui     s0, 0x2b6da
core   0: 3 0x80009eea (0x2b6da437) x8  0x2b6da000
core   0: 0x80009eee (0x41a5d693) srai    a3, a1, 26
core   0: 3 0x80009eee (0x41a5d693) x13 0x00000000
core   0: 0x80009ef2 (0x005cc7b3) xor     a5, s9, t0
core   0: 3 0x80009ef2 (0x005cc7b3) x15 0x0000a001
core   0: 0x80009ef6 (0x00008921) c.andi  a0, 8
core   0: 3 0x80009ef6 (0x8921) x10 0x00000000
core   0: 0x80009ef8 (0x0379b533) mulhu   a0, s3, s7
core   0: 3 0x80009ef8 (0x0379b533) x10 0x0055be98
core   0: 0x80009efc (0x04456913) ori     s2, a0, 68
core   0: 3 0x80009efc (0x04456913) x18 0x0055bedc
core   0: 0x80009f00 (0x000089ba) c.mv    s3, a4
core   0: 3 0x80009f00 (0x89ba) x19 0x00000000
core   0: 0x80009f02 (0x00008045) c.srli  s0, 17
core   0: 3 0x80009f02 (0x8045) x8  0x000015b6
core   0: 0x80009f04 (0x02e09533) mulh    a0, ra, a4
core   0: 3 0x80009f04 (0x02e09533) x10 0x00000000
core   0: 0x80009f08 (0x001b3e33) sltu    t3, s6, ra
core   0: 3 0x80009f08 (0x001b3e33) x28 0x00000001
core   0: 0x80009f0c (0x03d75f63) bge     a4, t4, pc + 62
core   0: 3 0x80009f0c (0x03d75f63)
core   0: 0x80009f10 (0x02008033) mul     zero, ra, zero
core   0: 3 0x80009f10 (0x02008033)
core   0: 0x80009f14 (0x31abf993) andi    s3, s7, 794
core   0: 3 0x80009f14 (0x31abf993) x19 0x00000000
core   0: 0x80009f18 (0x00008c25) c.xor   s0, s1
core   0: 3 0x80009f18 (0x8c25) x8  0xf8000e45
core   0: 0x80009f1a (0xd489a2b7) lui     t0, 0xd489a
core   0: 3 0x80009f1a (0xd489a2b7) x5  0xd489a000
core   0: 0x80009f1e (0x0061b033) sltu    zero, gp, t1
core   0: 3 0x80009f1e (0x0061b033)
core   0: 0x80009f22 (0x00008e55) c.or    a2, a3
core   0: 3 0x80009f22 (0x8e55) x12 0x00000000
core   0: 0x80009f24 (0x00bb9293) slli    t0, s7, 11
core   0: 3 0x80009f24 (0x00bb9293) x5  0xc0000000
core   0: 0x80009f28 (0x00008dcd) c.or    a1, a1
core   0: 3 0x80009f28 (0x8dcd) x11 0x0000001c
core   0: 0x80009f2a (0x00008c9d) c.sub   s1, a5
core   0: 3 0x80009f2a (0x8c9d) x9  0xf7ff7bf2
core   0: 0x80009f2c (0x00b98bb3) add     s7, s3, a1
core   0: 3 0x80009f2c (0x00b98bb3) x23 0x0000001c
core   0: 0x80009f30 (0x63aabd13) sltiu   s10, s5, 1594
core   0: 3 0x80009f30 (0x63aabd13) x26 0x00000000
core   0: 0x80009f34 (0x01e36563) bltu    t1, t5, pc + 10
core   0: 3 0x80009f34 (0x01e36563)
core   0: 0x80009f38 (0x33814617) auipc   a2, 0x33814
core   0: 3 0x80009f38 (0x33814617) x12 0xb381df38
core   0: 0x80009f3c (0x00000001) c.nop
core   0: 3 0x80009f3c (0x0001)
core   0: 0x80009f3e (0x02a2b233) mulhu   tp, t0, a0
core   0: 3 0x80009f3e (0x02a2b233) x4  0x00000000
core   0: 0x80009f42 (0x07127063) bgeu    tp, a7, pc + 96
core   0: 3 0x80009f42 (0x07127063)
core   0: 0x80009f46 (0x032fecb3) rem     s9, t6, s2
core   0: 3 0x80009f46 (0x032fecb3) x25 0x00000030
core   0: 0x80009f4a (0x00008f11) c.sub   a4, a2
core   0: 3 0x80009f4a (0x8f11) x14 0x4c7e20c8
core   0: 0x80009f4c (0x01f06533) or      a0, zero, t6
core   0: 3 0x80009f4c (0x01f06533) x10 0x00000030
core   0: 0x80009f50 (0x00431c63) bne     t1, tp, pc + 24
core   0: 3 0x80009f50 (0x00431c63)
core   0: 0x80009f68 (0x0221f033) remu    zero, gp, sp
core   0: 3 0x80009f68 (0x0221f033)
core   0: 0x80009f6c (0x01aff0b3) and     ra, t6, s10
core   0: 3 0x80009f6c (0x01aff0b3) x1  0x00000000
core   0: 0x80009f70 (0x5887a713) slti    a4, a5, 1416
core   0: 3 0x80009f70 (0x5887a713) x14 0x00000000
core   0: 0x80009f74 (0xffffe097) auipc   ra, 0xffffe
core   0: 3 0x80009f74 (0xffffe097) x1  0x80007f74
core   0: 0x80009f78 (0xc4c08093) addi    ra, ra, -948
core   0: 3 0x80009f78 (0xc4c08093) x1  0x80007bc0
core   0: 0x80009f7c (0x69b2f293) andi    t0, t0, 1691
core   0: 3 0x80009f7c (0x69b2f293) x5  0x00000000
core   0: 0x80009f80 (0x00a90eb3) add     t4, s2, a0
core   0: 3 0x80009f80 (0x00a90eb3) x29 0x0055bf0c
core   0: 0x80009f84 (0x000a14b3) sll     s1, s4, zero
core   0: 3 0x80009f84 (0x000a14b3) x9  0x80025e4c
core   0: 0x80009f88 (0xbd08a313) slti    t1, a7, -1072
core   0: 3 0x80009f88 (0xbd08a313) x6  0x00000000
core   0: 0x80009f8c (0x0168d193) srli    gp, a7, 22
core   0: 3 0x80009f8c (0x0168d193) x3  0x00000000
core   0: 0x80009f90 (0x13c08093) addi    ra, ra, 316
core   0: 3 0x80009f90 (0x13c08093) x1  0x80007cfc
core   0: 0x80009f94 (0x000089d6) c.mv    s3, s5
core   0: 3 0x80009f94 (0x89d6) x19 0x80029d24
core   0: 0x80009f96 (0x01cd8633) add     a2, s11, t3
core   0: 3 0x80009f96 (0x01cd8633) x12 0x99300001
core   0: 0x80009f9a (0xec408367) jalr    t1, ra, -316
core   0: 3 0x80009f9a (0xec408367) x6  0x80009f9e
core   0: 0x80007bc0 (0x014c71b3) and     gp, s8, s4
core   0: 3 0x80007bc0 (0x014c71b3) x3  0x00000000
core   0: 0x80007bc4 (0x0000c309) c.beqz  a4, pc + 2
core   0: 3 0x80007bc4 (0xc309)
core   0: 0x80007bc6 (0xfc8a0a13) addi    s4, s4, -56
core   0: 3 0x80007bc6 (0xfc8a0a13) x20 0x80025e14
core   0: 0x80007bca (0xd9d71f17) auipc   t5, 0xd9d71
core   0: 3 0x80007bca (0xd9d71f17) x30 0x59d78bca
core   0: 0x80007bce (0x006a2223) sw      t1, 4(s4)
core   0: 3 0x80007bce (0x006a2223) mem 0x80025e18 0x80009f9e
core   0: 0x80007bd2 (0x00365cb3) srl     s9, a2, gp
core   0: 3 0x80007bd2 (0x00365cb3) x25 0x99300001
core   0: 0x80007bd6 (0x00016797) auipc   a5, 0x16
core   0: 3 0x80007bd6 (0x00016797) x15 0x8001dbd6
core   0: 0x80007bda (0xaf078793) addi    a5, a5, -1296
core   0: 3 0x80007bda (0xaf078793) x15 0x8001d6c6
core   0: 0x80007bde (0x41845c13) srai    s8, s0, 24
core   0: 3 0x80007bde (0x41845c13) x24 0xfffffff8
core   0: 0x80007be2 (0x328786a3) sb      s0, 813(a5)
core   0: 3 0x80007be2 (0x328786a3) mem 0x8001d9f3 0x45
core   0: 0x80007be6 (0x028c0c33) mul     s8, s8, s0
core   0: 3 0x80007be6 (0x028c0c33) x24 0x3fff8dd8
core   0: 0x80007bea (0x6f078403) lb      s0, 1776(a5)
core   0: 3 0x80007bea (0x6f078403) x8  0x0000006d mem 0x8001ddb6
core   0: 0x80007bee (0x003374b3) and     s1, t1, gp
core   0: 3 0x80007bee (0x003374b3) x9  0x00000000
core   0: 0x80007bf2 (0x403201b3) sub     gp, tp, gp
core   0: 3 0x80007bf2 (0x403201b3) x3  0x00000000
core   0: 0x80007bf6 (0x8a479d23) sh      tp, -1862(a5)
core   0: 3 0x80007bf6 (0x8a479d23) mem 0x8001cf80 0x0000
core   0: 0x80007bfa (0x0384c233) div     tp, s1, s8
core   0: 3 0x80007bfa (0x0384c233) x4  0x00000000
core   0: 0x80007bfe (0x0000040a) c.slli  s0, 2
core   0: 3 0x80007bfe (0x040a) x8  0x000001b4
core   0: 0x80007c00 (0x84c37493) andi    s1, t1, -1972
core   0: 3 0x80007c00 (0x84c37493) x9  0x8000980c
core   0: 0x80007c04 (0x5937c303) lbu     t1, 1427(a5)
core   0: 3 0x80007c04 (0x5937c303) x6  0x00000012 mem 0x8001dc59
core   0: 0x80007c08 (0x408c0333) sub     t1, s8, s0
core   0: 3 0x80007c08 (0x408c0333) x6  0x3fff8c24
core   0: 0x80007c0c (0x00d4d193) srli    gp, s1, 13
core   0: 3 0x80007c0c (0x00d4d193) x3  0x00040004
core   0: 0x80007c10 (0x000084a9) c.srai  s1, 10
core   0: 3 0x80007c10 (0x84a9) x9  0xffe00026
core   0: 0x80007c12 (0x003441b3) xor     gp, s0, gp
core   0: 3 0x80007c12 (0x003441b3) x3  0x000401b0
core   0: 0x80007c16 (0x0000987d) c.andi  s0, -1
core   0: 3 0x80007c16 (0x987d) x8  0x000001b4
core   0: 0x80007c18 (0x93f7c183) lbu     gp, -1729(a5)
core   0: 3 0x80007c18 (0x93f7c183) x3  0x000000be mem 0x8001d005
core   0: 0x80007c1c (0x00008435) c.srai  s0, 13
core   0: 3 0x80007c1c (0x8435) x8  0x00000000
core   0: 0x80007c1e (0x9f879e23) sh      s8, -1540(a5)
core   0: 3 0x80007c1e (0x9f879e23) mem 0x8001d0c2 0x8dd8
core   0: 0x80007c22 (0xbc07d303) lhu     t1, -1088(a5)
core   0: 3 0x80007c22 (0xbc07d303) x6  0x00003c3d mem 0x8001d286
core   0: 0x80007c26 (0x88247313) andi    t1, s0, -1918
core   0: 3 0x80007c26 (0x88247313) x6  0x00000000
core   0: 0x80007c2a (0x4f378203) lb      tp, 1267(a5)
core   0: 3 0x80007c2a (0x4f378203) x4  0x00000072 mem 0x8001dbb9
core   0: 0x80007c2e (0x000080d1) c.srli  s1, 20
core   0: 3 0x80007c2e (0x80d1) x9  0x00000ffe
core   0: 0x80007c30 (0x038321b3) mulhsu  gp, t1, s8
core   0: 3 0x80007c30 (0x038321b3) x3  0x00000000
core   0: 0x80007c34 (0x198788a3) sb      s8, 401(a5)
core   0: 3 0x80007c34 (0x198788a3) mem 0x8001d857 0xd8
core   0: 0x80007c38 (0x02946c33) rem     s8, s0, s1
core   0: 3 0x80007c38 (0x02946c33) x24 0x00000000
core   0: 0x80007c3c (0x00008c65) c.and   s0, s1
core   0: 3 0x80007c3c (0x8c65) x8  0x00000000
core   0: 0x80007c3e (0x00006249) c.lui   tp, 0x12
core   0: 3 0x80007c3e (0x6249) x4  0x00012000
core   0: 0x80007c40 (0x000061f1) c.lui   gp, 0x1c
core   0: 3 0x80007c40 (0x61f1) x3  0x0001c000
core   0: 0x80007c42 (0x40735313) srai    t1, t1, 7
core   0: 3 0x80007c42 (0x40735313) x6  0x00000000
core   0: 0x80007c46 (0xaa9789a3) sb      s1, -1357(a5)
core   0: 3 0x80007c46 (0xaa9789a3) mem 0x8001d179 0xfe
core   0: 0x80007c4a (0xde3782a3) sb      gp, -539(a5)
core   0: 3 0x80007c4a (0xde3782a3) mem 0x8001d4ab 0x00
core   0: 0x80007c4e (0x000044ed) c.li    s1, 27
core   0: 3 0x80007c4e (0x44ed) x9  0x0000001b
core   0: 0x80007c50 (0x54a7a483) lw      s1, 1354(a5)
core   0: 3 0x80007c50 (0x54a7a483) x9  0xc8c9cacb mem 0x8001dc10
core   0: 0x80007c54 (0x7ae79183) lh      gp, 1966(a5)
core   0: 3 0x80007c54 (0x7ae79183) x3  0x00002e2f mem 0x8001de74
core   0: 0x80007c58 (0x003c4c33) xor     s8, s8, gp
core   0: 3 0x80007c58 (0x003c4c33) x24 0x00002e2f
core   0: 0x80007c5c (0x3627d403) lhu     s0, 866(a5)
core   0: 3 0x80007c5c (0x3627d403) x8  0x0000e2e3 mem 0x8001da28
core   0: 0x80007c60 (0xd097c303) lbu     t1, -759(a5)
core   0: 3 0x80007c60 (0xd097c303) x6  0x00000084 mem 0x8001d3cf
core   0: 0x80007c64 (0x224781a3) sb      tp, 547(a5)
core   0: 3 0x80007c64 (0x224781a3) mem 0x8001d8e9 0x00
core   0: 0x80007c68 (0x00008c05) c.sub   s0, s1
core   0: 3 0x80007c68 (0x8c05) x8  0x37371818
core   0: 0x80007c6a (0x0ce79483) lh      s1, 206(a5)
core   0: 3 0x80007c6a (0x0ce79483) x9  0x00004e4f mem 0x8001d794
core   0: 0x80007c6e (0x024404b3) mul     s1, s0, tp
core   0: 3 0x80007c6e (0x024404b3) x9  0xfb1b0000
core   0: 0x80007c72 (0x00008005) c.srli  s0, 1
core   0: 3 0x80007c72 (0x8005) x8  0x1b9b8c0c
core   0: 0x80007c74 (0x130b5c37) lui     s8, 0x130b5
core   0: 3 0x80007c74 (0x130b5c37) x24 0x130b5000
core   0: 0x80007c78 (0x00000001) c.nop
core   0: 3 0x80007c78 (0x0001)
core   0: 0x80007c7a (0xa78780a3) sb      s8, -1439(a5)
core   0: 3 0x80007c7a (0xa78780a3) mem 0x8001d127 0x00
core   0: 0x80007c7e (0xd2778303) lb      t1, -729(a5)
core   0: 3 0x80007c7e (0xd2778303) x6  0xffffffa6 mem 0x8001d3ed
core   0: 0x80007c82 (0xb404a313) slti    t1, s1, -1216
core   0: 3 0x80007c82 (0xb404a313) x6  0x00000001
core   0: 0x80007c86 (0xb7e78483) lb      s1, -1154(a5)
core   0: 3 0x80007c86 (0xb7e78483) x9  0xffffffff mem 0x8001d244
core   0: 0x80007c8a (0x0180036f) jal     t1, pc + 0x18
core   0: 3 0x80007c8a (0x0180036f) x6  0x80007c8e
core   0: 0x80007ca2 (0x0000b7f5) c.j     pc - 20
core   0: 3 0x80007ca2 (0xb7f5)
core   0: 0x80007c8e (0x0120046f) jal     s0, pc + 0x12
core   0: 3 0x80007c8e (0x0120046f) x8  0x80007c92
core   0: 0x80007ca0 (0x0000a019) c.j     pc + 6
core   0: 3 0x80007ca0 (0xa019)
core   0: 0x80007ca6 (0x0000bffd) c.j     pc - 2
core   0: 3 0x80007ca6 (0xbffd)
core   0: 0x80007ca4 (0x00003fd5) c.jal   pc - 12
core   0: 3 0x80007ca4 (0x3fd5) x1  0x80007ca6
core   0: 0x80007c98 (0xffdff1ef) jal     gp, pc - 0x4
core   0: 3 0x80007c98 (0xffdff1ef) x3  0x80007c9c
core   0: 0x80007c94 (0x0140036f) jal     t1, pc + 0x14
core   0: 3 0x80007c94 (0x0140036f) x6  0x80007c98
core   0: 0x80007ca8 (0x00002009) c.jal   pc + 2
core   0: 3 0x80007ca8 (0x2009) x1  0x80007caa
core   0: 0x80007caa (0x0000bfcd) c.j     pc - 14
core   0: 3 0x80007caa (0xbfcd)
core   0: 0x80007c9c (0xff7ff1ef) jal     gp, pc - 0xa
core   0: 3 0x80007c9c (0xff7ff1ef) x3  0x80007ca0
core   0: 0x80007c92 (0x00002829) c.jal   pc + 26
core   0: 3 0x80007c92 (0x2829) x1  0x80007c94
core   0: 0x80007cac (0x000085fe) c.mv    a1, t6
core   0: 3 0x80007cac (0x85fe) x11 0x00000030
core   0: 0x80007cae (0x00009d97) auipc   s11, 0x9
core   0: 3 0x80007cae (0x00009d97) x27 0x80010cae
core   0: 0x80007cb2 (0xb87d8d93) addi    s11, s11, -1145
core   0: 3 0x80007cb2 (0xb87d8d93) x27 0x80010835
core   0: 0x80007cb6 (0xf2dd9903) lh      s2, -211(s11)
core   0: 3 0x80007cb6 (0xf2dd9903) x18 0x00001819 mem 0x80010762
core   0: 0x80007cba (0x00275233) srl     tp, a4, sp
core   0: 3 0x80007cba (0x00275233) x4  0x00000000
core   0: 0x80007cbe (0xfa6dc503) lbu     a0, -90(s11)
core   0: 3 0x80007cbe (0xfa6dc503) x10 0x00000090 mem 0x800107db
core   0: 0x80007cc2 (0x000018fd) c.addi  a7, -1
core   0: 3 0x80007cc2 (0x18fd) x17 0x00000000
core   0: 0x80007cc4 (0xe1d3b713) sltiu   a4, t2, -483
core   0: 3 0x80007cc4 (0xe1d3b713) x14 0x00000001
core   0: 0x80007cc8 (0x0f0d99a3) sh      a6, 243(s11)
core   0: 3 0x80007cc8 (0x0f0d99a3) mem 0x80010928 0x5fa0
core   0: 0x80007ccc (0x00008c8e) c.mv    s9, gp
core   0: 3 0x80007ccc (0x8c8e) x25 0x80007ca0
core   0: 0x80007cce (0x32634013) xori    zero, t1, 806
core   0: 3 0x80007cce (0x32634013)
core   0: 0x80007cd2 (0x0094dbb3) srl     s7, s1, s1
core   0: 3 0x80007cd2 (0x0094dbb3) x23 0x00000001
core   0: 0x80007cd6 (0x0a6d9aa3) sh      t1, 181(s11)
core   0: 3 0x80007cd6 (0x0a6d9aa3) mem 0x800108ea 0x7c98
core   0: 0x80007cda (0x00000001) c.nop
core   0: 3 0x80007cda (0x0001)
core   0: 0x80007cdc (0x03373bb3) mulhu   s7, a4, s3
core   0: 3 0x80007cdc (0x03373bb3) x23 0x00000000
core   0: 0x80007ce0 (0xf30d8623) sb      a6, -212(s11)
core   0: 3 0x80007ce0 (0xf30d8623) mem 0x80010761 0xa0
core   0: 0x80007ce4 (0x000081ed) c.srli  a1, 27
core   0: 3 0x80007ce4 (0x81ed) x11 0x00000000
core   0: 0x80007ce6 (0xfc1d94a3) sh      ra, -55(s11)
core   0: 3 0x80007ce6 (0xfc1d94a3) mem 0x800107fe 0x7c94
core   0: 0x80007cea (0x03ad4433) div     s0, s10, s10
core   0: 3 0x80007cea (0x03ad4433) x8  0xffffffff
core   0: 0x80007cee (0x0f3d8c03) lb      s8, 243(s11)
core   0: 3 0x80007cee (0x0f3d8c03) x24 0xffffffa0 mem 0x80010928
core   0: 0x80007cf2 (0xf06dc203) lbu     tp, -250(s11)
core   0: 3 0x80007cf2 (0xf06dc203) x4  0x000000f0 mem 0x8001073b
core   0: 0x80007cf6 (0x00001793) slli    a5, zero, 0
core   0: 3 0x80007cf6 (0x00001793) x15 0x00000000
core   0: 0x80007cfa (0x41d2d893) srai    a7, t0, 29
core   0: 3 0x80007cfa (0x41d2d893) x17 0x00000000
core   0: 0x80007cfe (0xf1bd9783) lh      a5, -229(s11)
core   0: 3 0x80007cfe (0xf1bd9783) x15 0x00000835 mem 0x80010750
core   0: 0x80007d02 (0x091d8983) lb      s3, 145(s11)
core   0: 3 0x80007d02 (0x091d8983) x19 0x0000007d mem 0x800108c6
core   0: 0x80007d06 (0x41a68933) sub     s2, a3, s10
core   0: 3 0x80007d06 (0x41a68933) x18 0x00000000
core   0: 0x80007d0a (0x001d8303) lb      t1, 1(s11)
core   0: 3 0x80007d0a (0x001d8303) x6  0xffffffed mem 0x80010836
core   0: 0x80007d0e (0xa7e4cf93) xori    t6, s1, -1410
core   0: 3 0x80007d0e (0xa7e4cf93) x31 0x00000581
core   0: 0x80007d12 (0xf1bdada3) sw      s11, -229(s11)
core   0: 3 0x80007d12 (0xf1bdada3) mem 0x80010750 0x80010835
core   0: 0x80007d16 (0x40ca5b93) srai    s7, s4, 12
core   0: 3 0x80007d16 (0x40ca5b93) x23 0xfff80025
core   0: 0x80007d1a (0x03cc0b33) mul     s6, s8, t3
core   0: 3 0x80007d1a (0x03cc0b33) x22 0xffffffa0
core   0: 0x80007d1e (0xf59d8803) lb      a6, -167(s11)
core   0: 3 0x80007d1e (0xf59d8803) x16 0x00000024 mem 0x8001078e
core   0: 0x80007d22 (0x01aed613) srli    a2, t4, 26
core   0: 3 0x80007d22 (0x01aed613) x12 0x00000000
core   0: 0x80007d26 (0x067d8703) lb      a4, 103(s11)
core   0: 3 0x80007d26 (0x067d8703) x14 0x00000057 mem 0x8001089c
core   0: 0x80007d2a (0xff8dc083) lbu     ra, -8(s11)
core   0: 3 0x80007d2a (0xff8dc083) x1  0x000000e6 mem 0x8001082d
core   0: 0x80007d2e (0x03ed6033) rem     zero, s10, t5
core   0: 3 0x80007d2e (0x03ed6033)
core   0: 0x80007d32 (0x00fd9c83) lh      s9, 15(s11)
core   0: 3 0x80007d32 (0x00fd9c83) x25 0xfffffeff mem 0x80010844
core   0: 0x80007d36 (0x00000001) c.nop
core   0: 3 0x80007d36 (0x0001)
core   0: 0x80007d38 (0x3a0aa393) slti    t2, s5, 928
core   0: 3 0x80007d38 (0x3a0aa393) x7  0x00000001
core   0: 0x80007d3c (0x00000001) c.nop
core   0: 3 0x80007d3c (0x0001)
core   0: 0x80007d3e (0xf9edc283) lbu     t0, -98(s11)
core   0: 3 0x80007d3e (0xf9edc283) x5  0x00000088 mem 0x800107d3
core   0: 0x80007d42 (0x00008f9d) c.sub   a5, a5
core   0: 3 0x80007d42 (0x8f9d) x15 0x00000000
core   0: 0x80007d44 (0x647d8513) addi    a0, s11, 1607
core   0: 3 0x80007d44 (0x647d8513) x10 0x80010e7c
core   0: 0x80007d48 (0x401eb513) sltiu   a0, t4, 1025
core   0: 3 0x80007d48 (0x401eb513) x10 0x00000000
core   0: 0x80007d4c (0x009dd983) lhu     s3, 9(s11)
core   0: 3 0x80007d4c (0x009dd983) x19 0x0000f400 mem 0x8001083e
core   0: 0x80007d50 (0x032d8483) lb      s1, 50(s11)
core   0: 3 0x80007d50 (0x032d8483) x9  0x0000001c mem 0x80010867
core   0: 0x80007d54 (0x00019e97) auipc   t4, 0x19
core   0: 3 0x80007d54 (0x00019e97) x29 0x80020d54
core   0: 0x80007d58 (0xdb7e8e93) addi    t4, t4, -585
core   0: 3 0x80007d58 (0xdb7e8e93) x29 0x80020b0b
core   0: 0x80007d5c (0xfc8e8e23) sb      s0, -36(t4)
core   0: 3 0x80007d5c (0xfc8e8e23) mem 0x80020ae7 0xff
core   0: 0x80007d60 (0x00000232) c.slli  tp, 12
core   0: 3 0x80007d60 (0x0232) x4  0x000f0000
core   0: 0x80007d62 (0xfdde9083) lh      ra, -35(t4)
core   0: 3 0x80007d62 (0xfdde9083) x1  0xffffa2a3 mem 0x80020ae8
core   0: 0x80007d66 (0x00008c81) c.sub   s1, s0
core   0: 3 0x80007d66 (0x8c81) x9  0x0000001d
core   0: 0x80007d68 (0xfcb23493) sltiu   s1, tp, -53
core   0: 3 0x80007d68 (0xfcb23493) x9  0x00000001
core   0: 0x80007d6c (0x024080b3) mul     ra, ra, tp
core   0: 3 0x80007d6c (0x024080b3) x1  0x878d0000
core   0: 0x80007d70 (0xfc8e80a3) sb      s0, -63(t4)
core   0: 3 0x80007d70 (0xfc8e80a3) mem 0x80020acc 0xff
core   0: 0x80007d74 (0x037e8603) lb      a2, 55(t4)
core   0: 3 0x80007d74 (0x037e8603) x12 0xfffffff9 mem 0x80020b42
core   0: 0x80007d78 (0x017ec483) lbu     s1, 23(t4)
core   0: 3 0x80007d78 (0x017ec483) x9  0x000000d9 mem 0x80020b22
core   0: 0x80007d7c (0xfeaec203) lbu     tp, -22(t4)
core   0: 3 0x80007d7c (0xfeaec203) x4  0x000000ae mem 0x80020af5
core   0: 0x80007d80 (0xffaec603) lbu     a2, -6(t4)
core   0: 3 0x80007d80 (0xffaec603) x12 0x000000be mem 0x80020b05
core   0: 0x80007d84 (0xfe1e85a3) sb      ra, -21(t4)
core   0: 3 0x80007d84 (0xfe1e85a3) mem 0x80020af6 0x00
core   0: 0x80007d88 (0x00aec483) lbu     s1, 10(t4)
core   0: 3 0x80007d88 (0x00aec483) x9  0x000000ce mem 0x80020b15
core   0: 0x80007d8c (0xfc3ec203) lbu     tp, -61(t4)
core   0: 3 0x80007d8c (0xfc3ec203) x4  0x00000085 mem 0x80020ace
core   0: 0x80007d90 (0x00a65093) srli    ra, a2, 10
core   0: 3 0x80007d90 (0x00a65093) x1  0x00000000
core   0: 0x80007d94 (0x0092e233) or      tp, t0, s1
core   0: 3 0x80007d94 (0x0092e233) x4  0x000000ce
core   0: 0x80007d98 (0x001e97a3) sh      ra, 15(t4)
core   0: 3 0x80007d98 (0x001e97a3) mem 0x80020b1a 0x0000
core   0: 0x80007d9c (0x9840c493) xori    s1, ra, -1660
core   0: 3 0x80007d9c (0x9840c493) x9  0xfffff984
core   0: 0x80007da0 (0xfe1e98a3) sh      ra, -15(t4)
core   0: 3 0x80007da0 (0xfe1e98a3) mem 0x80020afc 0x0000
core   0: 0x80007da4 (0xfdbed403) lhu     s0, -37(t4)
core   0: 3 0x80007da4 (0xfdbed403) x8  0x0000ff9d mem 0x80020ae6
core   0: 0x80007da8 (0x021e8623) sb      ra, 44(t4)
core   0: 3 0x80007da8 (0x021e8623) mem 0x80020b37 0x00
core   0: 0x80007dac (0x00008432) c.mv    s0, a2
core   0: 3 0x80007dac (0x8432) x8  0x000000be
core   0: 0x80007dae (0x005e8023) sb      t0, 0(t4)
core   0: 3 0x80007dae (0x005e8023) mem 0x80020b0b 0x88
core   0: 0x80007db2 (0xfece8223) sb      a2, -28(t4)
core   0: 3 0x80007db2 (0xfece8223) mem 0x80020aef 0xbe
core   0: 0x80007db6 (0x007e8403) lb      s0, 7(t4)
core   0: 3 0x80007db6 (0x007e8403) x8  0xffffffc9 mem 0x80020b12
core   0: 0x80007dba (0x004e8a23) sb      tp, 20(t4)
core   0: 3 0x80007dba (0x004e8a23) mem 0x80020b1f 0xce
core   0: 0x80007dbe (0xfdcec083) lbu     ra, -36(t4)
core   0: 3 0x80007dbe (0xfdcec083) x1  0x000000ff mem 0x80020ae7
core   0: 0x80007dc2 (0x029e9603) lh      a2, 41(t4)
core   0: 3 0x80007dc2 (0x029e9603) x12 0x00000000 mem 0x80020b34
core   0: 0x80007dc6 (0x00000001) c.nop
core   0: 3 0x80007dc6 (0x0001)
core   0: 0x80007dc8 (0x019ed483) lhu     s1, 25(t4)
core   0: 3 0x80007dc8 (0x019ed483) x9  0x0000dedf mem 0x80020b24
core   0: 0x80007dcc (0x7ed2e213) ori     tp, t0, 2029
core   0: 3 0x80007dcc (0x7ed2e213) x4  0x000007ed
core   0: 0x80007dd0 (0x37223293) sltiu   t0, tp, 882
core   0: 3 0x80007dd0 (0x37223293) x5  0x00000000
core   0: 0x80007dd4 (0xfc0ec403) lbu     s0, -64(t4)
core   0: 3 0x80007dd4 (0xfc0ec403) x8  0x00000080 mem 0x80020acb
core   0: 0x80007dd8 (0x4084d233) sra     tp, s1, s0
core   0: 3 0x80007dd8 (0x4084d233) x4  0x0000dedf
core   0: 0x80007ddc (0x00008489) c.srai  s1, 2
core   0: 3 0x80007ddc (0x8489) x9  0x000037b7
core   0: 0x80007dde (0x000080f1) c.srli  s1, 28
core   0: 3 0x80007dde (0x80f1) x9  0x00000000
core   0: 0x80007de0 (0x03cec403) lbu     s0, 60(t4)
core   0: 3 0x80007de0 (0x03cec403) x8  0x000000fc mem 0x80020b47
core   0: 0x80007de4 (0xfd4ec403) lbu     s0, -44(t4)
core   0: 3 0x80007de4 (0xfd4ec403) x8  0x00000094 mem 0x80020adf
core   0: 0x80007de8 (0x00ce85a3) sb      a2, 11(t4)
core   0: 3 0x80007de8 (0x00ce85a3) mem 0x80020b16 0x00
core   0: 0x80007dec (0x00008059) c.srli  s0, 22
core   0: 3 0x80007dec (0x8059) x8  0x00000000
core   0: 0x80007dee (0x022ec403) lbu     s0, 34(t4)
core   0: 3 0x80007dee (0x022ec403) x8  0x000000e6 mem 0x80020b2d
core   0: 0x80007df2 (0x008e8283) lb      t0, 8(t4)
core   0: 3 0x80007df2 (0x008e8283) x5  0xffffffc8 mem 0x80020b13
core   0: 0x80007df6 (0xfc0e8083) lb      ra, -64(t4)
core   0: 3 0x80007df6 (0xfc0e8083) x1  0xffffff80 mem 0x80020acb
core   0: 0x80007dfa (0x00ce9da3) sh      a2, 27(t4)
core   0: 3 0x80007dfa (0x00ce9da3) mem 0x80020b26 0x0000
core   0: 0x80007dfe (0x0042b4b3) sltu    s1, t0, tp
core   0: 3 0x80007dfe (0x0042b4b3) x9  0x00000000
core   0: 0x80007e02 (0x029ea4a3) sw      s1, 41(t4)
core   0: 3 0x80007e02 (0x029ea4a3) mem 0x80020b34 0x00000000
core   0: 0x80007e06 (0x00009097) auipc   ra, 0x9
core   0: 3 0x80007e06 (0x00009097) x1  0x80010e06
core   0: 0x80007e0a (0xe1b08093) addi    ra, ra, -485
core   0: 3 0x80007e0a (0xe1b08093) x1  0x80010c21
core   0: 0x80007e0e (0x0030a883) lw      a7, 3(ra)
core   0: 3 0x80007e0e (0x0030a883) x17 0x0057dedf mem 0x80010c24
core   0: 0x80007e12 (0x0000997d) c.andi  a0, -1
core   0: 3 0x80007e12 (0x997d) x10 0x00000000
core   0: 0x80007e14 (0x024f4b33) div     s6, t5, tp
core   0: 3 0x80007e14 (0x024f4b33) x22 0x00006732
core   0: 0x80007e18 (0x02c7e833) rem     a6, a5, a2
core   0: 3 0x80007e18 (0x02c7e833) x16 0x00000000
core   0: 0x80007e1c (0x00000001) c.nop
core   0: 3 0x80007e1c (0x0001)
core   0: 0x80007e1e (0x00183033) sltu    zero, a6, ra
core   0: 3 0x80007e1e (0x00183033)
core   0: 0x80007e22 (0x00008e8d) c.sub   a3, a1
core   0: 3 0x80007e22 (0x8e8d) x13 0x00000000
core   0: 0x80007e24 (0x027651b3) divu    gp, a2, t2
core   0: 3 0x80007e24 (0x027651b3) x3  0x00000000
core   0: 0x80007e28 (0xff508883) lb      a7, -11(ra)
core   0: 3 0x80007e28 (0xff508883) x17 0xffffffcd mem 0x80010c16
core   0: 0x80007e2c (0xab606513) ori     a0, zero, -1354
core   0: 3 0x80007e2c (0xab606513) x10 0xfffffab6
core   0: 0x80007e30 (0x00b09403) lh      s0, 11(ra)
core   0: 3 0x80007e30 (0x00b09403) x8  0xffffe6e7 mem 0x80010c2c
core   0: 0x80007e34 (0x03d3bf33) mulhu   t5, t2, t4
core   0: 3 0x80007e34 (0x03d3bf33) x30 0x00000000
core   0: 0x80007e38 (0x00808d03) lb      s10, 8(ra)
core   0: 3 0x80007e38 (0x00808d03) x26 0xffffffe2 mem 0x80010c29
core   0: 0x80007e3c (0x61f6b393) sltiu   t2, a3, 1567
core   0: 3 0x80007e3c (0x61f6b393) x7  0x00000001
core   0: 0x80007e40 (0x01408fb3) add     t6, ra, s4
core   0: 3 0x80007e40 (0x01408fb3) x31 0x00036a35
core   0: 0x80007e44 (0x00000d3e) c.slli  s10, 15
core   0: 3 0x80007e44 (0x0d3e) x26 0xfff10000
core   0: 0x80007e46 (0x822d3793) sltiu   a5, s10, -2014
core   0: 3 0x80007e46 (0x822d3793) x15 0x00000001
core   0: 0x80007e4a (0xffb09783) lh      a5, -5(ra)
core   0: 3 0x80007e4a (0xffb09783) x15 0xffffd6d7 mem 0x80010c1c
core   0: 0x80007e4e (0xff00c183) lbu     gp, -16(ra)
core   0: 3 0x80007e4e (0xff00c183) x3  0x000000ca mem 0x80010c11
core   0: 0x80007e52 (0x000018fd) c.addi  a7, -1
core   0: 3 0x80007e52 (0x18fd) x17 0xffffffcc
core   0: 0x80007e54 (0x41e503b3) sub     t2, a0, t5
core   0: 3 0x80007e54 (0x41e503b3) x7  0xfffffab6
core   0: 0x80007e58 (0xfe108a23) sb      ra, -12(ra)
core   0: 3 0x80007e58 (0xfe108a23) mem 0x80010c15 0x21
core   0: 0x80007e5c (0xff80c683) lbu     a3, -8(ra)
core   0: 3 0x80007e5c (0xff80c683) x13 0x000000d2 mem 0x80010c19
core   0: 0x80007e60 (0xff40cd83) lbu     s11, -12(ra)
core   0: 3 0x80007e60 (0xff40cd83) x27 0x00000021 mem 0x80010c15
core   0: 0x80007e64 (0x00000001) c.nop
core   0: 3 0x80007e64 (0x0001)
core   0: 0x80007e66 (0x015214b3) sll     s1, tp, s5
core   0: 3 0x80007e66 (0x015214b3) x9  0x000dedf0
core   0: 0x80007e6a (0x00000e55) c.addi  t3, 21
core   0: 3 0x80007e6a (0x0e55) x28 0x00000016
core   0: 0x80007e6c (0x00008a7d) c.andi  a2, 31
core   0: 3 0x80007e6c (0x8a7d) x12 0x00000000
core   0: 0x80007e6e (0x0141d313) srli    t1, gp, 20
core   0: 3 0x80007e6e (0x0141d313) x6  0x00000000
core   0: 0x80007e72 (0xffe08683) lb      a3, -2(ra)
core   0: 3 0x80007e72 (0xffe08683) x13 0xffffffd4 mem 0x80010c1f
core   0: 0x80007e76 (0xff6098a3) sh      s6, -15(ra)
core   0: 3 0x80007e76 (0xff6098a3) mem 0x80010c12 0x6732
core   0: 0x80007e7a (0xff10c803) lbu     a6, -15(ra)
core   0: 3 0x80007e7a (0xff10c803) x16 0x00000032 mem 0x80010c12
core   0: 0x80007e7e (0x02726fb3) rem     t6, tp, t2
core   0: 3 0x80007e7e (0x02726fb3) x31 0x000000bb
core   0: 0x80007e82 (0x00e092a3) sh      a4, 5(ra)
core   0: 3 0x80007e82 (0x00e092a3) mem 0x80010c26 0x0057
core   0: 0x80007e86 (0x00013097) auipc   ra, 0x13
core   0: 3 0x80007e86 (0x00013097) x1  0x8001ae86
core   0: 0x80007e8a (0x26b08093) addi    ra, ra, 619
core   0: 3 0x80007e8a (0x26b08093) x1  0x8001b0f1
core   0: 0x80007e8e (0x40e002b3) sub     t0, zero, a4
core   0: 3 0x80007e8e (0x40e002b3) x5  0xffffffa9
core   0: 0x80007e92 (0x42b25417) auipc   s0, 0x42b25
core   0: 3 0x80007e92 (0x42b25417) x8  0xc2b2ce92
core   0: 0x80007e96 (0x01131413) slli    s0, t1, 17
core   0: 3 0x80007e96 (0x01131413) x8  0x00000000
core   0: 0x80007e9a (0x01508e03) lb      t3, 21(ra)
core   0: 3 0x80007e9a (0x01508e03) x28 0xffffffbd mem 0x8001b106
core   0: 0x80007e9e (0xfca0c283) lbu     t0, -54(ra)
core   0: 3 0x80007e9e (0xfca0c283) x5  0x00000070 mem 0x8001b0bb
core   0: 0x80007ea2 (0xfdc093a3) sh      t3, -57(ra)
core   0: 3 0x80007ea2 (0xfdc093a3) mem 0x8001b0b8 0xffbd
core   0: 0x80007ea6 (0xe52022b7) lui     t0, 0xe5202
core   0: 3 0x80007ea6 (0xe52022b7) x5  0xe5202000
core   0: 0x80007eaa (0x005e2333) slt     t1, t3, t0
core   0: 3 0x80007eaa (0x005e2333) x6  0x00000000
core   0: 0x80007eae (0x00008761) c.srai  a4, 24
core   0: 3 0x80007eae (0x8761) x14 0x00000000
core   0: 0x80007eb0 (0x02c08283) lb      t0, 44(ra)
core   0: 3 0x80007eb0 (0x02c08283) x5  0xffffffd6 mem 0x8001b11d
core   0: 0x80007eb4 (0x03f0a403) lw      s0, 63(ra)
core   0: 3 0x80007eb4 (0x03f0a403) x8  0xe8e9eaeb mem 0x8001b130
core   0: 0x80007eb8 (0x03208e03) lb      t3, 50(ra)
core   0: 3 0x80007eb8 (0x03208e03) x28 0xffffffd8 mem 0x8001b123
core   0: 0x80007ebc (0x02808223) sb      s0, 36(ra)
core   0: 3 0x80007ebc (0x02808223) mem 0x8001b115 0xeb
core   0: 0x80007ec0 (0x01908403) lb      s0, 25(ra)
core   0: 3 0x80007ec0 (0x01908403) x8  0xffffffc1 mem 0x8001b10a
core   0: 0x80007ec4 (0x01571313) slli    t1, a4, 21
core   0: 3 0x80007ec4 (0x01571313) x6  0x00000000
core   0: 0x80007ec8 (0xfc60afa3) sw      t1, -33(ra)
core   0: 3 0x80007ec8 (0xfc60afa3) mem 0x8001b0d0 0x00000000
core   0: 0x80007ecc (0x03c03e33) mulhu   t3, zero, t3
core   0: 3 0x80007ecc (0x03c03e33) x28 0x00000000
core   0: 0x80007ed0 (0xfcf09e03) lh      t3, -49(ra)
core   0: 3 0x80007ed0 (0xfcf09e03) x28 0x00000000 mem 0x8001b0c0
core   0: 0x80007ed4 (0xfc60a7a3) sw      t1, -49(ra)
core   0: 3 0x80007ed4 (0xfc60a7a3) mem 0x8001b0c0 0x00000000
core   0: 0x80007ed8 (0xd392fe13) andi    t3, t0, -711
core   0: 3 0x80007ed8 (0xd392fe13) x28 0xfffffd10
core   0: 0x80007edc (0x03208403) lb      s0, 50(ra)
core   0: 3 0x80007edc (0x03208403) x8  0xffffffd8 mem 0x8001b123
core   0: 0x80007ee0 (0x00634733) xor     a4, t1, t1
core   0: 3 0x80007ee0 (0x00634733) x14 0x00000000
core   0: 0x80007ee4 (0x000012fd) c.addi  t0, -1
core   0: 3 0x80007ee4 (0x12fd) x5  0xffffffd5
core   0: 0x80007ee6 (0xfcc0c003) lbu     zero, -52(ra)
core   0: 3 0x80007ee6 (0xfcc0c003) mem 0x8001b0bd
core   0: 0x80007eea (0xfdc08023) sb      t3, -64(ra)
core   0: 3 0x80007eea (0xfdc08023) mem 0x8001b0b1 0x10
core   0: 0x80007eee (0x0070c003) lbu     zero, 7(ra)
core   0: 3 0x80007eee (0x0070c003) mem 0x8001b0f8
core   0: 0x80007ef2 (0x00004721) c.li    a4, 8
core   0: 3 0x80007ef2 (0x4721) x14 0x00000008
core   0: 0x80007ef4 (0x00009bfd) c.andi  a5, -1
core   0: 3 0x80007ef4 (0x9bfd) x15 0xffffd6d7
core   0: 0x80007ef6 (0x00005d45) c.li    s10, -15
core   0: 3 0x80007ef6 (0x5d45) x26 0xfffffff1
core   0: 0x80007ef8 (0x0000627d) c.lui   tp, 0x1f
core   0: 3 0x80007ef8 (0x627d) x4  0x0001f000
core   0: 0x80007efa (0x0000177d) c.addi  a4, -1
core   0: 3 0x80007efa (0x177d) x14 0x00000007
core   0: 0x80007efc (0x000056dd) c.li    a3, -9
core   0: 3 0x80007efc (0x56dd) x13 0xfffffff7
core   0: 0x80007efe (0x4adf3b13) sltiu   s6, t5, 1197
core   0: 3 0x80007efe (0x4adf3b13) x22 0x00000001
core   0: 0x80007f02 (0x000042a9) c.li    t0, 10
core   0: 3 0x80007f02 (0x42a9) x5  0x0000000a
core   0: 0x80007f04 (0xf313cb93) xori    s7, t2, -207
core   0: 3 0x80007f04 (0xf313cb93) x23 0x00000587
core   0: 0x80007f08 (0xdd5d0613) addi    a2, s10, -555
core   0: 3 0x80007f08 (0xdd5d0613) x12 0xfffffdc6
core   0: 0x80007f0c (0x000006a5) c.addi  a3, 9
core   0: 3 0x80007f0c (0x06a5) x13 0x00000000
core   0: 0x80007f0e (0xfe56ebe3) bltu    a3, t0, pc - 10
core   0: 3 0x80007f0e (0xfe56ebe3)
core   0: 0x80007f04 (0xf313cb93) xori    s7, t2, -207
core   0: 3 0x80007f04 (0xf313cb93) x23 0x00000587
core   0: 0x80007f08 (0xdd5d0613) addi    a2, s10, -555
core   0: 3 0x80007f08 (0xdd5d0613) x12 0xfffffdc6
core   0: 0x80007f0c (0x000006a5) c.addi  a3, 9
core   0: 3 0x80007f0c (0x06a5) x13 0x00000009
core   0: 0x80007f0e (0xfe56ebe3) bltu    a3, t0, pc - 10
core   0: 3 0x80007f0e (0xfe56ebe3)
core   0: 0x80007f04 (0xf313cb93) xori    s7, t2, -207
core   0: 3 0x80007f04 (0xf313cb93) x23 0x00000587
core   0: 0x80007f08 (0xdd5d0613) addi    a2, s10, -555
core   0: 3 0x80007f08 (0xdd5d0613) x12 0xfffffdc6
core   0: 0x80007f0c (0x000006a5) c.addi  a3, 9
core   0: 3 0x80007f0c (0x06a5) x13 0x00000012
core   0: 0x80007f0e (0xfe56ebe3) bltu    a3, t0, pc - 10
core   0: 3 0x80007f0e (0xfe56ebe3)
core   0: 0x80007f12 (0x00fe1b13) slli    s6, t3, 15
core   0: 3 0x80007f12 (0x00fe1b13) x22 0xfe880000
core   0: 0x80007f16 (0x00008069) c.srli  s0, 26
core   0: 3 0x80007f16 (0x8069) x8  0x0000003f
core   0: 0x80007f18 (0x00008d25) c.xor   a0, s1
core   0: 3 0x80007f18 (0x8d25) x10 0xfff21746
core   0: 0x80007f1a (0xfda70fe3) beq     a4, s10, pc - 34
core   0: 3 0x80007f1a (0xfda70fe3)
core   0: 0x80007f1e (0x026703b3) mul     t2, a4, t1
core   0: 3 0x80007f1e (0x026703b3) x7  0x00000000
core   0: 0x80007f22 (0x00008297) auipc   t0, 0x8
core   0: 3 0x80007f22 (0x00008297) x5  0x8000ff22
core   0: 0x80007f26 (0x6f728293) addi    t0, t0, 1783
core   0: 3 0x80007f26 (0x6f728293) x5  0x80010619
core   0: 0x80007f2a (0x0000821a) c.mv    tp, t1
core   0: 3 0x80007f2a (0x821a) x4  0x00000000
core   0: 0x80007f2c (0xf782cb83) lbu     s7, -136(t0)
core   0: 3 0x80007f2c (0xf782cb83) x23 0x0000004a mem 0x80010591
core   0: 0x80007f30 (0xc547ee97) auipc   t4, 0xc547e
core   0: 3 0x80007f30 (0xc547ee97) x29 0x45485f30
core   0: 0x80007f34 (0xf782cb83) lbu     s7, -136(t0)
core   0: 3 0x80007f34 (0xf782cb83) x23 0x0000004a mem 0x80010591
core   0: 0x80007f38 (0xf7828603) lb      a2, -136(t0)
core   0: 3 0x80007f38 (0xf7828603) x12 0x0000004a mem 0x80010591
core   0: 0x80007f3c (0xf9c2cc83) lbu     s9, -100(t0)
core   0: 3 0x80007f3c (0xf9c2cc83) x25 0x000000d7 mem 0x800105b5
core   0: 0x80007f40 (0xf8f28e23) sb      a5, -100(t0)
core   0: 3 0x80007f40 (0xf8f28e23) mem 0x800105b5 0xd7
core   0: 0x80007f44 (0x04f287a3) sb      a5, 79(t0)
core   0: 3 0x80007f44 (0x04f287a3) mem 0x80010668 0xd7
core   0: 0x80007f48 (0x0452a7a3) sw      t0, 79(t0)
core   0: 3 0x80007f48 (0x0452a7a3) mem 0x80010668 0x80010619
core   0: 0x80007f4c (0x05a287a3) sb      s10, 79(t0)
core   0: 3 0x80007f4c (0x05a287a3) mem 0x80010668 0xf1
core   0: 0x80007f50 (0x0412a7a3) sw      ra, 79(t0)
core   0: 3 0x80007f50 (0x0412a7a3) mem 0x80010668 0x8001b0f1
core   0: 0x80007f54 (0x00008efd) c.and   a3, a5
core   0: 3 0x80007f54 (0x8efd) x13 0x00000012
core   0: 0x80007f56 (0x04f2a783) lw      a5, 79(t0)
core   0: 3 0x80007f56 (0x04f2a783) x15 0x8001b0f1 mem 0x80010668
core   0: 0x80007f5a (0x04f2c583) lbu     a1, 79(t0)
core   0: 3 0x80007f5a (0x04f2c583) x11 0x000000f1 mem 0x80010668
core   0: 0x80007f5e (0x04f2a583) lw      a1, 79(t0)
core   0: 3 0x80007f5e (0x04f2a583) x11 0x8001b0f1 mem 0x80010668
core   0: 0x80007f62 (0x001ad493) srli    s1, s5, 1
core   0: 3 0x80007f62 (0x001ad493) x9  0x40014e92
core   0: 0x80007f66 (0x04e287a3) sb      a4, 79(t0)
core   0: 3 0x80007f66 (0x04e287a3) mem 0x80010668 0x07
core   0: 0x80007f6a (0xf7928e83) lb      t4, -135(t0)
core   0: 3 0x80007f6a (0xf7928e83) x29 0x00000000 mem 0x80010592
core   0: 0x80007f6e (0x00008b15) c.andi  a4, 5
core   0: 3 0x80007f6e (0x8b15) x14 0x00000005
core   0: 0x80007f70 (0xf792d883) lhu     a7, -135(t0)
core   0: 3 0x80007f70 (0xf792d883) x17 0x00004800 mem 0x80010592
core   0: 0x80007f74 (0x03480db3) mul     s11, a6, s4
core   0: 3 0x80007f74 (0x03480db3) x27 0x00765fe8
core   0: 0x80007f78 (0xf792c383) lbu     t2, -135(t0)
core   0: 3 0x80007f78 (0xf792c383) x7  0x00000000 mem 0x80010592
core   0: 0x80007f7c (0x027b6db3) rem     s11, s6, t2
core   0: 3 0x80007f7c (0x027b6db3) x27 0xfe880000
core   0: 0x80007f80 (0xf792d303) lhu     t1, -135(t0)
core   0: 3 0x80007f80 (0xf792d303) x6  0x00004800 mem 0x80010592
core   0: 0x80007f84 (0xf7228ca3) sb      s2, -135(t0)
core   0: 3 0x80007f84 (0xf7228ca3) mem 0x80010592 0x00
core   0: 0x80007f88 (0xf6428ca3) sb      tp, -135(t0)
core   0: 3 0x80007f88 (0xf6428ca3) mem 0x80010592 0x00
core   0: 0x80007f8c (0x0140036f) jal     t1, pc + 0x14
core   0: 3 0x80007f8c (0x0140036f) x6  0x80007f90
core   0: 0x80007fa0 (0xfffff0ef) jal     pc - 0x2
core   0: 3 0x80007fa0 (0xfffff0ef) x1  0x80007fa4
core   0: 0x80007f9e (0x0000a811) c.j     pc + 20
core   0: 3 0x80007f9e (0xa811)
core   0: 0x80007fb2 (0x00003fe5) c.jal   pc - 8
core   0: 3 0x80007fb2 (0x3fe5) x1  0x80007fb4
core   0: 0x80007faa (0x0000a011) c.j     pc + 4
core   0: 3 0x80007faa (0xa011)
core   0: 0x80007fae (0x00003fdd) c.jal   pc - 10
core   0: 3 0x80007fae (0x3fdd) x1  0x80007fb0
core   0: 0x80007fa4 (0x00003fe5) c.jal   pc - 8
core   0: 3 0x80007fa4 (0x3fe5) x1  0x80007fa6
core   0: 0x80007f9c (0x0000bfd5) c.j     pc - 12
core   0: 3 0x80007f9c (0xbfd5)
core   0: 0x80007f90 (0x00002021) c.jal   pc + 8
core   0: 3 0x80007f90 (0x2021) x1  0x80007f92
core   0: 0x80007f98 (0xffbff0ef) jal     pc - 0x6
core   0: 3 0x80007f98 (0xffbff0ef) x1  0x80007f9c
core   0: 0x80007f92 (0x0000a009) c.j     pc + 2
core   0: 3 0x80007f92 (0xa009)
core   0: 0x80007f94 (0x018002ef) jal     t0, pc + 0x18
core   0: 3 0x80007f94 (0x018002ef) x5  0x80007f98
core   0: 0x80007fac (0x00002021) c.jal   pc + 8
core   0: 3 0x80007fac (0x2021) x1  0x80007fae
core   0: 0x80007fb4 (0xffdff36f) jal     t1, pc - 0x4
core   0: 3 0x80007fb4 (0xffdff36f) x6  0x80007fb8
core   0: 0x80007fb0 (0x0000bfdd) c.j     pc - 10
core   0: 3 0x80007fb0 (0xbfdd)
core   0: 0x80007fa6 (0x0120036f) jal     t1, pc + 0x12
core   0: 3 0x80007fa6 (0x0120036f) x6  0x80007faa
core   0: 0x80007fb8 (0xd1a77d93) andi    s11, a4, -742
core   0: 3 0x80007fb8 (0xd1a77d93) x27 0x00000000
core   0: 0x80007fbc (0x0000ef17) auipc   t5, 0xe
core   0: 3 0x80007fbc (0x0000ef17) x30 0x80015fbc
core   0: 0x80007fc0 (0x337f0f13) addi    t5, t5, 823
core   0: 3 0x80007fc0 (0x337f0f13) x30 0x800162f3
core   0: 0x80007fc4 (0x037dabb3) mulhsu  s7, s11, s7
core   0: 3 0x80007fc4 (0x037dabb3) x23 0x00000000
core   0: 0x80007fc8 (0x00008c45) c.or    s0, s1
core   0: 3 0x80007fc8 (0x8c45) x8  0x40014ebf
core   0: 0x80007fca (0x00000001) c.nop
core   0: 3 0x80007fca (0x0001)
core   0: 0x80007fcc (0x0173a033) slt     zero, t2, s7
core   0: 3 0x80007fcc (0x0173a033)
core   0: 0x80007fd0 (0x00006415) c.lui   s0, 0x5
core   0: 3 0x80007fd0 (0x6415) x8  0x00005000
core   0: 0x80007fd2 (0x0000038a) c.slli  t2, 2
core   0: 3 0x80007fd2 (0x038a) x7  0x00000000
core   0: 0x80007fd4 (0xa0a77413) andi    s0, a4, -1526
core   0: 3 0x80007fd4 (0xa0a77413) x8  0x00000000
core   0: 0x80007fd8 (0xd3832813) slti    a6, t1, -712
core   0: 3 0x80007fd8 (0xd3832813) x16 0x00000001
core   0: 0x80007fdc (0xfdff5403) lhu     s0, -33(t5)
core   0: 3 0x80007fdc (0xfdff5403) x8  0x00008889 mem 0x800162d2
core   0: 0x80007fe0 (0x7b9ab613) sltiu   a2, s5, 1977
core   0: 3 0x80007fe0 (0x7b9ab613) x12 0x00000000
core   0: 0x80007fe4 (0x037f0303) lb      t1, 55(t5)
core   0: 3 0x80007fe4 (0x037f0303) x6  0xffffffe1 mem 0x8001632a
core   0: 0x80007fe8 (0x06742913) slti    s2, s0, 103
core   0: 3 0x80007fe8 (0x06742913) x18 0x00000000
core   0: 0x80007fec (0x03df0323) sb      t4, 38(t5)
core   0: 3 0x80007fec (0x03df0323) mem 0x80016319 0x00
core   0: 0x80007ff0 (0xda46bd93) sltiu   s11, a3, -604
core   0: 3 0x80007ff0 (0xda46bd93) x27 0x00000001
core   0: 0x80007ff4 (0x00008eb5) c.xor   a3, a3
core   0: 3 0x80007ff4 (0x8eb5) x13 0x00000000
core   0: 0x80007ff6 (0xffdf0f23) sb      t4, -2(t5)
core   0: 3 0x80007ff6 (0xffdf0f23) mem 0x800162f1 0x00
core   0: 0x80007ffa (0xfdff0b23) sb      t6, -42(t5)
core   0: 3 0x80007ffa (0xfdff0b23) mem 0x800162c9 0xbb
core   0: 0x80007ffe (0xff6f4303) lbu     t1, -10(t5)
core   0: 3 0x80007ffe (0xff6f4303) x6  0x000000a2 mem 0x800162e9
core   0: 0x80008002 (0xfc1f0da3) sb      ra, -37(t5)
core   0: 3 0x80008002 (0xfc1f0da3) mem 0x800162ce 0xae
core   0: 0x80008006 (0x003f5583) lhu     a1, 3(t5)
core   0: 3 0x80008006 (0x003f5583) x11 0x0000acad mem 0x800162f6
core   0: 0x8000800a (0x000082b5) c.srli  a3, 13
core   0: 3 0x8000800a (0x82b5) x13 0x00000000
core   0: 0x8000800c (0x41ef5713) srai    a4, t5, 30
core   0: 3 0x8000800c (0x41ef5713) x14 0xfffffffe
core   0: 0x80008010 (0x01299913) slli    s2, s3, 18
core   0: 3 0x80008010 (0x01299913) x18 0xd0000000
core   0: 0x80008014 (0x01679433) sll     s0, a5, s6
core   0: 3 0x80008014 (0x01679433) x8  0x8001b0f1
core   0: 0x80008018 (0x00008a49) c.andi  a2, 18
core   0: 3 0x80008018 (0x8a49) x12 0x00000000
core   0: 0x8000801a (0x001e7533) and     a0, t3, ra
core   0: 3 0x8000801a (0x001e7533) x10 0x80007d00
core   0: 0x8000801e (0x03803cb3) mulhu   s9, zero, s8
core   0: 3 0x8000801e (0x03803cb3) x25 0x00000000
core   0: 0x80008022 (0x0000157d) c.addi  a0, -1
core   0: 3 0x80008022 (0x157d) x10 0x80007cff
core   0: 0x80008024 (0x00ad8433) add     s0, s11, a0
core   0: 3 0x80008024 (0x00ad8433) x8  0x80007d00
core   0: 0x80008028 (0xff9f5683) lhu     a3, -7(t5)
core   0: 3 0x80008028 (0xff9f5683) x13 0x0000a6a7 mem 0x800162ec
core   0: 0x8000802c (0x0269d733) divu    a4, s3, t1
core   0: 3 0x8000802c (0x0269d733) x14 0x00000181
core   0: 0x80008030 (0x03fa1cb3) mulh    s9, s4, t6
core   0: 3 0x80008030 (0x03fa1cb3) x25 0xffffffa2
core   0: 0x80008034 (0x000f0003) lb      zero, 0(t5)
core   0: 3 0x80008034 (0x000f0003) mem 0x800162f3
core   0: 0x80008038 (0xcd5c0d37) lui     s10, 0xcd5c0
core   0: 3 0x80008038 (0xcd5c0d37) x26 0xcd5c0000
core   0: 0x8000803c (0x000f2aa3) sw      zero, 21(t5)
core   0: 3 0x8000803c (0x000f2aa3) mem 0x80016308 0x00000000
core   0: 0x80008040 (0x00f26bb3) or      s7, tp, a5
core   0: 3 0x80008040 (0x00f26bb3) x23 0x8001b0f1
core   0: 0x80008044 (0x00008d95) c.sub   a1, a3
core   0: 3 0x80008044 (0x8d95) x11 0x00000606
core   0: 0x80008046 (0x020de633) rem     a2, s11, zero
core   0: 3 0x80008046 (0x020de633) x12 0x00000001
core   0: 0x8000804a (0x4195d033) sra     zero, a1, s9
core   0: 3 0x8000804a (0x4195d033)
core   0: 0x8000804e (0x00008f5d) c.or    a4, a5
core   0: 3 0x8000804e (0x8f5d) x14 0x8001b1f1
core   0: 0x80008050 (0x038a0433) mul     s0, s4, s8
core   0: 3 0x80008050 (0x038a0433) x8  0xff1cb880
core   0: 0x80008054 (0x023f0203) lb      tp, 35(t5)
core   0: 3 0x80008054 (0x023f0203) x4  0xffffffcd mem 0x80016316
core   0: 0x80008058 (0x0080036f) jal     t1, pc + 0x8
core   0: 3 0x80008058 (0x0080036f) x6  0x8000805c
core   0: 0x80008060 (0x018000ef) jal     pc + 0x18
core   0: 3 0x80008060 (0x018000ef) x1  0x80008064
core   0: 0x80008078 (0x000037d5) c.jal   pc - 28
core   0: 3 0x80008078 (0x37d5) x1  0x8000807a
core   0: 0x8000805c (0x0000a021) c.j     pc + 8
core   0: 3 0x8000805c (0xa021)
core   0: 0x80008064 (0xffbff36f) jal     t1, pc - 0x6
core   0: 3 0x80008064 (0xffbff36f) x6  0x80008068
core   0: 0x8000805e (0x0000a809) c.j     pc + 18
core   0: 3 0x8000805e (0xa809)
core   0: 0x80008070 (0x01a000ef) jal     pc + 0x1a
core   0: 3 0x80008070 (0x01a000ef) x1  0x80008074
core   0: 0x8000808a (0x0000b7c5) c.j     pc - 32
core   0: 3 0x8000808a (0xb7c5)
core   0: 0x8000806a (0xfffff0ef) jal     pc - 0x2
core   0: 3 0x8000806a (0xfffff0ef) x1  0x8000806e
core   0: 0x80008068 (0x0000a031) c.j     pc + 12
core   0: 3 0x80008068 (0xa031)
core   0: 0x80008074 (0x00002031) c.jal   pc + 12
core   0: 3 0x80008074 (0x2031) x1  0x80008076
core   0: 0x80008080 (0x0000bff5) c.j     pc - 4
core   0: 3 0x80008080 (0xbff5)
core   0: 0x8000807c (0x006000ef) jal     pc + 0x6
core   0: 3 0x8000807c (0x006000ef) x1  0x80008080
core   0: 0x80008082 (0x00003fe5) c.jal   pc - 8
core   0: 3 0x80008082 (0x3fe5) x1  0x80008084
core   0: 0x8000807a (0x0000bfd5) c.j     pc - 12
core   0: 3 0x8000807a (0xbfd5)
core   0: 0x8000806e (0x00002819) c.jal   pc + 22
core   0: 3 0x8000806e (0x2819) x1  0x80008070
core   0: 0x80008084 (0x00002009) c.jal   pc + 2
core   0: 3 0x80008084 (0x2009) x1  0x80008086
core   0: 0x80008086 (0xff1ff2ef) jal     t0, pc - 0x10
core   0: 3 0x80008086 (0xff1ff2ef) x5  0x8000808a
core   0: 0x80008076 (0x0000a819) c.j     pc + 22
core   0: 3 0x80008076 (0xa819)
core   0: 0x8000808c (0x033f70b3) remu    ra, t5, s3
core   0: 3 0x8000808c (0x033f70b3) x1  0x0000f2f3
core   0: 0x80008090 (0x00c0036f) jal     t1, pc + 0xc
core   0: 3 0x80008090 (0x00c0036f) x6  0x80008094
core   0: 0x8000809c (0x00002821) c.jal   pc + 24
core   0: 3 0x8000809c (0x2821) x1  0x8000809e
core   0: 0x800080b4 (0x0000bfc5) c.j     pc - 16
core   0: 3 0x800080b4 (0xbfc5)
core   0: 0x800080a4 (0x00003fcd) c.jal   pc - 14
core   0: 3 0x800080a4 (0x3fcd) x1  0x800080a6
core   0: 0x80008096 (0x0000a819) c.j     pc + 22
core   0: 3 0x80008096 (0xa819)
core   0: 0x800080ac (0x0000a829) c.j     pc + 26
core   0: 3 0x800080ac (0xa829)
core   0: 0x800080c6 (0xfe9ff36f) jal     t1, pc - 0x18
core   0: 3 0x800080c6 (0xfe9ff36f) x6  0x800080ca
core   0: 0x800080ae (0x00002029) c.jal   pc + 10
core   0: 3 0x800080ae (0x2029) x1  0x800080b0
core   0: 0x800080b8 (0x00400d6f) jal     s10, pc + 0x4
core   0: 3 0x800080b8 (0x00400d6f) x26 0x800080bc
core   0: 0x800080bc (0xfebff2ef) jal     t0, pc - 0x16
core   0: 3 0x800080bc (0xfebff2ef) x5  0x800080c0
core   0: 0x800080a6 (0x00002009) c.jal   pc + 2
core   0: 3 0x800080a6 (0x2009) x1  0x800080a8
core   0: 0x800080a8 (0xff3ff86f) jal     a6, pc - 0xe
core   0: 3 0x800080a8 (0xff3ff86f) x16 0x800080ac
core   0: 0x8000809a (0x00002021) c.jal   pc + 8
core   0: 3 0x8000809a (0x2021) x1  0x8000809c
core   0: 0x800080a2 (0x00003ff5) c.jal   pc - 4
core   0: 3 0x800080a2 (0x3ff5) x1  0x800080a4
core   0: 0x8000809e (0xff7ff26f) jal     tp, pc - 0xa
core   0: 3 0x8000809e (0xff7ff26f) x4  0x800080a2
core   0: 0x80008094 (0x0000a831) c.j     pc + 28
core   0: 3 0x80008094 (0xa831)
core   0: 0x800080b0 (0x0000b7e5) c.j     pc - 24
core   0: 3 0x800080b0 (0xb7e5)
core   0: 0x80008098 (0x0000a839) c.j     pc + 30
core   0: 3 0x80008098 (0xa839)
core   0: 0x800080b6 (0x00002039) c.jal   pc + 14
core   0: 3 0x800080b6 (0x2039) x1  0x800080b8
core   0: 0x800080c4 (0x0000bff5) c.j     pc - 4
core   0: 3 0x800080c4 (0xbff5)
core   0: 0x800080c0 (0xff3ffc6f) jal     s8, pc - 0xe
core   0: 3 0x800080c0 (0xff3ffc6f) x24 0x800080c4
core   0: 0x800080b2 (0x00002821) c.jal   pc + 24
core   0: 3 0x800080b2 (0x2821) x1  0x800080b4
core   0: 0x800080ca (0x40dc0433) sub     s0, s8, a3
core   0: 3 0x800080ca (0x40dc0433) x8  0x7fffda1d
core   0: 0x800080ce (0x00017897) auipc   a7, 0x17
core   0: 3 0x800080ce (0x00017897) x17 0x8001f0ce
core   0: 0x800080d2 (0x32e88893) addi    a7, a7, 814
core   0: 3 0x800080d2 (0x32e88893) x17 0x8001f3fc
core   0: 0x800080d6 (0xf9288ba3) sb      s2, -105(a7)
core   0: 3 0x800080d6 (0xf9288ba3) mem 0x8001f393 0x00
core   0: 0x800080da (0xf9788603) lb      a2, -105(a7)
core   0: 3 0x800080da (0xf9788603) x12 0x00000000 mem 0x8001f393
core   0: 0x800080de (0x0000958a) c.add   a1, sp
core   0: 3 0x800080de (0x958a) x11 0xf38428ed
core   0: 0x800080e0 (0x00000f09) c.addi  t5, 2
core   0: 3 0x800080e0 (0x0f09) x30 0x800162f5
core   0: 0x800080e2 (0x0c589b23) sh      t0, 214(a7)
core   0: 3 0x800080e2 (0x0c589b23) mem 0x8001f4d2 0x80c0
core   0: 0x800080e6 (0x00b7a3b3) slt     t2, a5, a1
core   0: 3 0x800080e6 (0x00b7a3b3) x7  0x00000001
core   0: 0x800080ea (0x0d989b23) sh      s9, 214(a7)
core   0: 3 0x800080ea (0x0d989b23) mem 0x8001f4d2 0xffa2
core   0: 0x800080ee (0x0d68c303) lbu     t1, 214(a7)
core   0: 3 0x800080ee (0x0d68c303) x6  0x000000a2 mem 0x8001f4d2
core   0: 0x800080f2 (0x0d989b23) sh      s9, 214(a7)
core   0: 3 0x800080f2 (0x0d989b23) mem 0x8001f4d2 0xffa2
core   0: 0x800080f6 (0x0d689e83) lh      t4, 214(a7)
core   0: 3 0x800080f6 (0x0d689e83) x29 0xffffffa2 mem 0x8001f4d2
core   0: 0x800080fa (0x0d689903) lh      s2, 214(a7)
core   0: 3 0x800080fa (0x0d689903) x18 0xffffffa2 mem 0x8001f4d2
core   0: 0x800080fe (0x0d988b23) sb      s9, 214(a7)
core   0: 3 0x800080fe (0x0d988b23) mem 0x8001f4d2 0xa2
core   0: 0x80008102 (0x00008821) c.andi  s0, 8
core   0: 3 0x80008102 (0x8821) x8  0x00000008
core   0: 0x80008104 (0x0d689d83) lh      s11, 214(a7)
core   0: 3 0x80008104 (0x0d689d83) x27 0xffffffa2 mem 0x8001f4d2
core   0: 0x80008108 (0x0d688083) lb      ra, 214(a7)
core   0: 3 0x80008108 (0x0d688083) x1  0xffffffa2 mem 0x8001f4d2
core   0: 0x8000810c (0x0d688503) lb      a0, 214(a7)
core   0: 3 0x8000810c (0x0d688503) x10 0xffffffa2 mem 0x8001f4d2
core   0: 0x80008110 (0x00a89b03) lh      s6, 10(a7)
core   0: 3 0x80008110 (0x00a89b03) x22 0x00000008 mem 0x8001f406
core   0: 0x80008114 (0x00889523) sh      s0, 10(a7)
core   0: 3 0x80008114 (0x00889523) mem 0x8001f406 0x0008
core   0: 0x80008118 (0x00008997) auipc   s3, 0x8
core   0: 3 0x80008118 (0x00008997) x19 0x80010118
core   0: 0x8000811c (0x4c598993) addi    s3, s3, 1221
core   0: 3 0x8000811c (0x4c598993) x19 0x800105dd
core   0: 0x80008120 (0x000003b6) c.slli  t2, 13
core   0: 3 0x80008120 (0x03b6) x7  0x00002000
core   0: 0x80008122 (0x000006ce) c.slli  a3, 19
core   0: 3 0x80008122 (0x06ce) x13 0x35380000
core   0: 0x80008124 (0x00008755) c.srai  a4, 21
core   0: 3 0x80008124 (0x8755) x14 0xfffffc00
core   0: 0x80008126 (0x02d3beb3) mulhu   t4, t2, a3
core   0: 3 0x80008126 (0x02d3beb3) x29 0x000006a7
core   0: 0x8000812a (0x000001c6) c.slli  gp, 17
core   0: 3 0x8000812a (0x01c6) x3  0x01940000
core   0: 0x8000812c (0xfd49ce83) lbu     t4, -44(s3)
core   0: 3 0x8000812c (0xfd49ce83) x29 0x0000006a mem 0x800105b1
core   0: 0x80008130 (0x02098e83) lb      t4, 32(s3)
core   0: 3 0x80008130 (0x02098e83) x29 0xffffffa0 mem 0x800105fd
core   0: 0x80008134 (0xfd898183) lb      gp, -40(s3)
core   0: 3 0x80008134 (0xfd898183) x3  0xffffffd7 mem 0x800105b5
core   0: 0x80008138 (0xf769c703) lbu     a4, -138(s3)
core   0: 3 0x80008138 (0xf769c703) x14 0x00000008 mem 0x80010553
core   0: 0x8000813c (0x00000001) c.nop
core   0: 3 0x8000813c (0x0001)
core   0: 0x8000813e (0xfe3987a3) sb      gp, -17(s3)
core   0: 3 0x8000813e (0xfe3987a3) mem 0x800105cc 0xd7
core   0: 0x80008142 (0xf8b9d683) lhu     a3, -117(s3)
core   0: 3 0x80008142 (0xf8b9d683) x13 0x00002223 mem 0x80010568
core   0: 0x80008146 (0xfa298e83) lb      t4, -94(s3)
core   0: 3 0x80008146 (0xfa298e83) x29 0x00000034 mem 0x8001057f
core   0: 0x8000814a (0xf169c703) lbu     a4, -234(s3)
core   0: 3 0x8000814a (0xf169c703) x14 0x000000a8 mem 0x800104f3
core   0: 0x8000814e (0x00000001) c.nop
core   0: 3 0x8000814e (0x0001)
core   0: 0x80008150 (0x000016fd) c.addi  a3, -1
core   0: 3 0x80008150 (0x16fd) x13 0x00002222
core   0: 0x80008152 (0x00009b7d) c.andi  a4, -1
core   0: 3 0x80008152 (0x9b7d) x14 0x000000a8
core   0: 0x80008154 (0xf4398fa3) sb      gp, -161(s3)
core   0: 3 0x80008154 (0xf4398fa3) mem 0x8001053c 0xd7
core   0: 0x80008158 (0x00008eb9) c.xor   a3, a4
core   0: 3 0x80008158 (0x8eb9) x13 0x0000228a
core   0: 0x8000815a (0x04498f03) lb      t5, 68(s3)
core   0: 3 0x8000815a (0x04498f03) x30 0x00000000 mem 0x80010621
core   0: 0x8000815e (0xe76ebe93) sltiu   t4, t4, -394
core   0: 3 0x8000815e (0xe76ebe93) x29 0x00000001
core   0: 0x80008162 (0x03df2eb3) mulhsu  t4, t5, t4
core   0: 3 0x80008162 (0x03df2eb3) x29 0x00000000
core   0: 0x80008166 (0x00dedeb3) srl     t4, t4, a3
core   0: 3 0x80008166 (0x00dedeb3) x29 0x00000000
core   0: 0x8000816a (0x000082c9) c.srli  a3, 18
core   0: 3 0x8000816a (0x82c9) x13 0x00000000
core   0: 0x8000816c (0xfac9c703) lbu     a4, -84(s3)
core   0: 3 0x8000816c (0xfac9c703) x14 0x00000042 mem 0x80010589
core   0: 0x80008170 (0x0231f1b3) remu    gp, gp, gp
core   0: 3 0x80008170 (0x0231f1b3) x3  0x00000000
core   0: 0x80008174 (0xfae99ba3) sh      a4, -73(s3)
core   0: 3 0x80008174 (0xfae99ba3) mem 0x80010594 0x0042
core   0: 0x80008178 (0xf8c98703) lb      a4, -116(s3)
core   0: 3 0x80008178 (0xf8c98703) x14 0x00000022 mem 0x80010569
core   0: 0x8000817c (0x01e9c683) lbu     a3, 30(s3)
core   0: 3 0x8000817c (0x01e9c683) x13 0x000000b0 mem 0x800105fb
core   0: 0x80008180 (0x00009b7d) c.andi  a4, -1
core   0: 3 0x80008180 (0x9b7d) x14 0x00000022
core   0: 0x80008182 (0x01d3feb3) and     t4, t2, t4
core   0: 3 0x80008182 (0x01d3feb3) x29 0x00000000
core   0: 0x80008186 (0x0879af03) lw      t5, 135(s3)
core   0: 3 0x80008186 (0x0879af03) x30 0x1c1d1e1f mem 0x80010664
core   0: 0x8000818a (0x00008f35) c.xor   a4, a3
core   0: 3 0x8000818a (0x8f35) x14 0x00000092
core   0: 0x8000818c (0x0fe98383) lb      t2, 254(s3)
core   0: 3 0x8000818c (0x0fe98383) x7  0xffffff90 mem 0x800106db
core   0: 0x80008190 (0x4153d693) srai    a3, t2, 21
core   0: 3 0x80008190 (0x4153d693) x13 0xffffffff
core   0: 0x80008194 (0x00008f75) c.and   a4, a3
core   0: 3 0x80008194 (0x8f75) x14 0x00000092
core   0: 0x80008196 (0x0ee986a3) sb      a4, 237(s3)
core   0: 3 0x80008196 (0x0ee986a3) mem 0x800106ca 0x92
core   0: 0x8000819a (0x00008f75) c.and   a4, a3
core   0: 3 0x8000819a (0x8f75) x14 0x00000092
core   0: 0x8000819c (0x01e6eeb3) or      t4, a3, t5
core   0: 3 0x8000819c (0x01e6eeb3) x29 0xffffffff
core   0: 0x800081a0 (0x01e6a1b3) slt     gp, a3, t5
core   0: 3 0x800081a0 (0x01e6a1b3) x3  0x00000001
core   0: 0x800081a4 (0x41d6d1b3) sra     gp, a3, t4
core   0: 3 0x800081a4 (0x41d6d1b3) x3  0xffffffff
core   0: 0x800081a8 (0xff69ce83) lbu     t4, -10(s3)
core   0: 3 0x800081a8 (0xff69ce83) x29 0x00000088 mem 0x800105d3
core   0: 0x800081ac (0x03698683) lb      a3, 54(s3)
core   0: 3 0x800081ac (0x03698683) x13 0x0000006d mem 0x80010613
core   0: 0x800081b0 (0x0be9a7a3) sw      t5, 175(s3)
core   0: 3 0x800081b0 (0x0be9a7a3) mem 0x8001068c 0x1c1d1e1f
core   0: 0x800081b4 (0xf899d183) lhu     gp, -119(s3)
core   0: 3 0x800081b4 (0xf899d183) x3  0x00001c1d mem 0x80010566
core   0: 0x800081b8 (0x0509c683) lbu     a3, 80(s3)
core   0: 3 0x800081b8 (0x0509c683) x13 0x000000e6 mem 0x8001062d
core   0: 0x800081bc (0x02df0733) mul     a4, t5, a3
core   0: 3 0x800081bc (0x02df0733) x14 0x42290fda
core   0: 0x800081c0 (0xf2c98683) lb      a3, -212(s3)
core   0: 3 0x800081c0 (0xf2c98683) x13 0xffffffae mem 0x80010509
core   0: 0x800081c4 (0x0000ef97) auipc   t6, 0xe
core   0: 3 0x800081c4 (0x0000ef97) x31 0x800161c4
core   0: 0x800081c8 (0x13df8f93) addi    t6, t6, 317
core   0: 3 0x800081c8 (0x13df8f93) x31 0x80016301
core   0: 0x800081cc (0xf65f9ba3) sh      t0, -137(t6)
core   0: 3 0x800081cc (0xf65f9ba3) mem 0x80016278 0x80c0
core   0: 0x800081d0 (0xf71faba3) sw      a7, -137(t6)
core   0: 3 0x800081d0 (0xf71faba3) mem 0x80016278 0x8001f3fc
core   0: 0x800081d4 (0xf77fcf03) lbu     t5, -137(t6)
core   0: 3 0x800081d4 (0xf77fcf03) x30 0x000000fc mem 0x80016278
core   0: 0x800081d8 (0xf77f8e03) lb      t3, -137(t6)
core   0: 3 0x800081d8 (0xf77f8e03) x28 0xfffffffc mem 0x80016278
core   0: 0x800081dc (0xf77f8003) lb      zero, -137(t6)
core   0: 3 0x800081dc (0xf77f8003) mem 0x80016278
core   0: 0x800081e0 (0xf77fac03) lw      s8, -137(t6)
core   0: 3 0x800081e0 (0xf77fac03) x24 0x8001f3fc mem 0x80016278
core   0: 0x800081e4 (0xf77fcd83) lbu     s11, -137(t6)
core   0: 3 0x800081e4 (0xf77fcd83) x27 0x000000fc mem 0x80016278
core   0: 0x800081e8 (0xf9bf8d23) sb      s11, -102(t6)
core   0: 3 0x800081e8 (0xf9bf8d23) mem 0x8001629b 0xfc
core   0: 0x800081ec (0x03e34eb3) div     t4, t1, t5
core   0: 3 0x800081ec (0x03e34eb3) x29 0x00000000
core   0: 0x800081f0 (0xf9afc883) lbu     a7, -102(t6)
core   0: 3 0x800081f0 (0xf9afc883) x17 0x000000fc mem 0x8001629b
core   0: 0x800081f4 (0xf88f8d23) sb      s0, -102(t6)
core   0: 3 0x800081f4 (0xf88f8d23) mem 0x8001629b 0x08
core   0: 0x800081f8 (0x00371c13) slli    s8, a4, 3
core   0: 3 0x800081f8 (0x00371c13) x24 0x11487ed0
core   0: 0x800081fc (0x016dc433) xor     s0, s11, s6
core   0: 3 0x800081fc (0x016dc433) x8  0x000000f4
core   0: 0x80008200 (0xf9afc883) lbu     a7, -102(t6)
core   0: 3 0x80008200 (0xf9afc883) x17 0x00000008 mem 0x8001629b
core   0: 0x80008204 (0x00008fdd) c.or    a5, a5
core   0: 3 0x80008204 (0x8fdd) x15 0x8001b0f1
core   0: 0x80008206 (0x0218fb33) remu    s6, a7, ra
core   0: 3 0x80008206 (0x0218fb33) x22 0x00000008
core   0: 0x8000820a (0xf9afc203) lbu     tp, -102(t6)
core   0: 3 0x8000820a (0xf9afc203) x4  0x00000008 mem 0x8001629b
core   0: 0x8000820e (0x00005479) c.li    s0, -2
core   0: 3 0x8000820e (0x5479) x8  0xfffffffe
core   0: 0x80008210 (0x00ad30b3) sltu    ra, s10, a0
core   0: 3 0x80008210 (0x00ad30b3) x1  0x00000001
core   0: 0x80008214 (0x00000001) c.nop
core   0: 3 0x80008214 (0x0001)
core   0: 0x80008216 (0x00008f8d) c.sub   a5, a1
core   0: 3 0x80008216 (0x8f8d) x15 0x8c7d8804
core   0: 0x80008218 (0x00005f59) c.li    t5, -10
core   0: 3 0x80008218 (0x5f59) x30 0xfffffff6
core   0: 0x8000821a (0x7c1a2913) slti    s2, s4, 1985
core   0: 3 0x8000821a (0x7c1a2913) x18 0x00000001
core   0: 0x8000821e (0x000081e9) c.srli  a1, 26
core   0: 3 0x8000821e (0x81e9) x11 0x0000003c
core   0: 0x80008220 (0x00001479) c.addi  s0, -2
core   0: 3 0x80008220 (0x1479) x8  0xfffffffc
core   0: 0x80008222 (0x3eae9497) auipc   s1, 0x3eae9
core   0: 3 0x80008222 (0x3eae9497) x9  0xbeaf1222
core   0: 0x80008226 (0xe9fcc213) xori    tp, s9, -353
core   0: 3 0x80008226 (0xe9fcc213) x4  0x0000013d
core   0: 0x8000822a (0x00008e25) c.xor   a2, s1
core   0: 3 0x8000822a (0x8e25) x12 0xbeaf1222
core   0: 0x8000822c (0x00004701) c.li    a4, 0
core   0: 3 0x8000822c (0x4701) x14 0x00000000
core   0: 0x8000822e (0x02678c33) mul     s8, a5, t1
core   0: 3 0x8000822e (0x02678c33) x24 0xe7701288
core   0: 0x80008232 (0x009dcb33) xor     s6, s11, s1
core   0: 3 0x80008232 (0x009dcb33) x22 0xbeaf12de
core   0: 0x80008236 (0x0000553d) c.li    a0, -17
core   0: 3 0x80008236 (0x553d) x10 0xffffffef
core   0: 0x80008238 (0x0173a0b3) slt     ra, t2, s7
core   0: 3 0x80008238 (0x0173a0b3) x1  0x00000000
core   0: 0x8000823c (0x00000001) c.nop
core   0: 3 0x8000823c (0x0001)
core   0: 0x8000823e (0x42469b97) auipc   s7, 0x42469
core   0: 3 0x8000823e (0x42469b97) x23 0xc247123e
core   0: 0x80008242 (0x33c8ce13) xori    t3, a7, 828
core   0: 3 0x80008242 (0x33c8ce13) x28 0x00000334
core   0: 0x80008246 (0x191bfb97) auipc   s7, 0x191bf
core   0: 3 0x80008246 (0x191bfb97) x23 0x991c7246
core   0: 0x8000824a (0x00001ffd) c.addi  t6, -1
core   0: 3 0x8000824a (0x1ffd) x31 0x80016300
core   0: 0x8000824c (0x0000989e) c.add   a7, t2
core   0: 3 0x8000824c (0x989e) x17 0xffffff98
core   0: 0x8000824e (0x00001779) c.addi  a4, -2
core   0: 3 0x8000824e (0x1779) x14 0xfffffffe
core   0: 0x80008250 (0x001b6033) or      zero, s6, ra
core   0: 3 0x80008250 (0x001b6033)
core   0: 0x80008254 (0x034238b3) mulhu   a7, tp, s4
core   0: 3 0x80008254 (0x034238b3) x17 0x0000009e
core   0: 0x80008258 (0xfea759e3) bge     a4, a0, pc - 14
core   0: 3 0x80008258 (0xfea759e3)
core   0: 0x8000824a (0x00001ffd) c.addi  t6, -1
core   0: 3 0x8000824a (0x1ffd) x31 0x800162ff
core   0: 0x8000824c (0x0000989e) c.add   a7, t2
core   0: 3 0x8000824c (0x989e) x17 0x0000002e
core   0: 0x8000824e (0x00001779) c.addi  a4, -2
core   0: 3 0x8000824e (0x1779) x14 0xfffffffc
core   0: 0x80008250 (0x001b6033) or      zero, s6, ra
core   0: 3 0x80008250 (0x001b6033)
core   0: 0x80008254 (0x034238b3) mulhu   a7, tp, s4
core   0: 3 0x80008254 (0x034238b3) x17 0x0000009e
core   0: 0x80008258 (0xfea759e3) bge     a4, a0, pc - 14
core   0: 3 0x80008258 (0xfea759e3)
core   0: 0x8000824a (0x00001ffd) c.addi  t6, -1
core   0: 3 0x8000824a (0x1ffd) x31 0x800162fe
core   0: 0x8000824c (0x0000989e) c.add   a7, t2
core   0: 3 0x8000824c (0x989e) x17 0x0000002e
core   0: 0x8000824e (0x00001779) c.addi  a4, -2
core   0: 3 0x8000824e (0x1779) x14 0xfffffffa
core   0: 0x80008250 (0x001b6033) or      zero, s6, ra
core   0: 3 0x80008250 (0x001b6033)
core   0: 0x80008254 (0x034238b3) mulhu   a7, tp, s4
core   0: 3 0x80008254 (0x034238b3) x17 0x0000009e
core   0: 0x80008258 (0xfea759e3) bge     a4, a0, pc - 14
core   0: 3 0x80008258 (0xfea759e3)
core   0: 0x8000824a (0x00001ffd) c.addi  t6, -1
core   0: 3 0x8000824a (0x1ffd) x31 0x800162fd
core   0: 0x8000824c (0x0000989e) c.add   a7, t2
core   0: 3 0x8000824c (0x989e) x17 0x0000002e
core   0: 0x8000824e (0x00001779) c.addi  a4, -2
core   0: 3 0x8000824e (0x1779) x14 0xfffffff8
core   0: 0x80008250 (0x001b6033) or      zero, s6, ra
core   0: 3 0x80008250 (0x001b6033)
core   0: 0x80008254 (0x034238b3) mulhu   a7, tp, s4
core   0: 3 0x80008254 (0x034238b3) x17 0x0000009e
core   0: 0x80008258 (0xfea759e3) bge     a4, a0, pc - 14
core   0: 3 0x80008258 (0xfea759e3)
core   0: 0x8000824a (0x00001ffd) c.addi  t6, -1
core   0: 3 0x8000824a (0x1ffd) x31 0x800162fc
core   0: 0x8000824c (0x0000989e) c.add   a7, t2
core   0: 3 0x8000824c (0x989e) x17 0x0000002e
core   0: 0x8000824e (0x00001779) c.addi  a4, -2
core   0: 3 0x8000824e (0x1779) x14 0xfffffff6
core   0: 0x80008250 (0x001b6033) or      zero, s6, ra
core   0: 3 0x80008250 (0x001b6033)
core   0: 0x80008254 (0x034238b3) mulhu   a7, tp, s4
core   0: 3 0x80008254 (0x034238b3) x17 0x0000009e
core   0: 0x80008258 (0xfea759e3) bge     a4, a0, pc - 14
core   0: 3 0x80008258 (0xfea759e3)
core   0: 0x8000824a (0x00001ffd) c.addi  t6, -1
core   0: 3 0x8000824a (0x1ffd) x31 0x800162fb
core   0: 0x8000824c (0x0000989e) c.add   a7, t2
core   0: 3 0x8000824c (0x989e) x17 0x0000002e
core   0: 0x8000824e (0x00001779) c.addi  a4, -2
core   0: 3 0x8000824e (0x1779) x14 0xfffffff4
core   0: 0x80008250 (0x001b6033) or      zero, s6, ra
core   0: 3 0x80008250 (0x001b6033)
core   0: 0x80008254 (0x034238b3) mulhu   a7, tp, s4
core   0: 3 0x80008254 (0x034238b3) x17 0x0000009e
core   0: 0x80008258 (0xfea759e3) bge     a4, a0, pc - 14
core   0: 3 0x80008258 (0xfea759e3)
core   0: 0x8000824a (0x00001ffd) c.addi  t6, -1
core   0: 3 0x8000824a (0x1ffd) x31 0x800162fa
core   0: 0x8000824c (0x0000989e) c.add   a7, t2
core   0: 3 0x8000824c (0x989e) x17 0x0000002e
core   0: 0x8000824e (0x00001779) c.addi  a4, -2
core   0: 3 0x8000824e (0x1779) x14 0xfffffff2
core   0: 0x80008250 (0x001b6033) or      zero, s6, ra
core   0: 3 0x80008250 (0x001b6033)
core   0: 0x80008254 (0x034238b3) mulhu   a7, tp, s4
core   0: 3 0x80008254 (0x034238b3) x17 0x0000009e
core   0: 0x80008258 (0xfea759e3) bge     a4, a0, pc - 14
core   0: 3 0x80008258 (0xfea759e3)
core   0: 0x8000824a (0x00001ffd) c.addi  t6, -1
core   0: 3 0x8000824a (0x1ffd) x31 0x800162f9
core   0: 0x8000824c (0x0000989e) c.add   a7, t2
core   0: 3 0x8000824c (0x989e) x17 0x0000002e
core   0: 0x8000824e (0x00001779) c.addi  a4, -2
core   0: 3 0x8000824e (0x1779) x14 0xfffffff0
core   0: 0x80008250 (0x001b6033) or      zero, s6, ra
core   0: 3 0x80008250 (0x001b6033)
core   0: 0x80008254 (0x034238b3) mulhu   a7, tp, s4
core   0: 3 0x80008254 (0x034238b3) x17 0x0000009e
core   0: 0x80008258 (0xfea759e3) bge     a4, a0, pc - 14
core   0: 3 0x80008258 (0xfea759e3)
core   0: 0x8000824a (0x00001ffd) c.addi  t6, -1
core   0: 3 0x8000824a (0x1ffd) x31 0x800162f8
core   0: 0x8000824c (0x0000989e) c.add   a7, t2
core   0: 3 0x8000824c (0x989e) x17 0x0000002e
core   0: 0x8000824e (0x00001779) c.addi  a4, -2
core   0: 3 0x8000824e (0x1779) x14 0xffffffee
core   0: 0x80008250 (0x001b6033) or      zero, s6, ra
core   0: 3 0x80008250 (0x001b6033)
core   0: 0x80008254 (0x034238b3) mulhu   a7, tp, s4
core   0: 3 0x80008254 (0x034238b3) x17 0x0000009e
core   0: 0x80008258 (0xfea759e3) bge     a4, a0, pc - 14
core   0: 3 0x80008258 (0xfea759e3)
core   0: 0x8000825c (0x000003b2) c.slli  t2, 12
core   0: 3 0x8000825c (0x03b2) x7  0xfff90000
core   0: 0x8000825e (0x00008fe9) c.and   a5, a0
core   0: 3 0x8000825e (0x8fe9) x15 0x8c7d8804
core   0: 0x80008260 (0xfbe41de3) bne     s0, t5, pc - 70
core   0: 3 0x80008260 (0xfbe41de3)
core   0: 0x8000821a (0x7c1a2913) slti    s2, s4, 1985
core   0: 3 0x8000821a (0x7c1a2913) x18 0x00000001
core   0: 0x8000821e (0x000081e9) c.srli  a1, 26
core   0: 3 0x8000821e (0x81e9) x11 0x00000000
core   0: 0x80008220 (0x00001479) c.addi  s0, -2
core   0: 3 0x80008220 (0x1479) x8  0xfffffffa
core   0: 0x80008222 (0x3eae9497) auipc   s1, 0x3eae9
core   0: 3 0x80008222 (0x3eae9497) x9  0xbeaf1222
core   0: 0x80008226 (0xe9fcc213) xori    tp, s9, -353
core   0: 3 0x80008226 (0xe9fcc213) x4  0x0000013d
core   0: 0x8000822a (0x00008e25) c.xor   a2, s1
core   0: 3 0x8000822a (0x8e25) x12 0x00000000
core   0: 0x8000822c (0x00004701) c.li    a4, 0
core   0: 3 0x8000822c (0x4701) x14 0x00000000
core   0: 0x8000822e (0x02678c33) mul     s8, a5, t1
core   0: 3 0x8000822e (0x02678c33) x24 0xe7701288
core   0: 0x80008232 (0x009dcb33) xor     s6, s11, s1
core   0: 3 0x80008232 (0x009dcb33) x22 0xbeaf12de
core   0: 0x80008236 (0x0000553d) c.li    a0, -17
core   0: 3 0x80008236 (0x553d) x10 0xffffffef
core   0: 0x80008238 (0x0173a0b3) slt     ra, t2, s7
core   0: 3 0x80008238 (0x0173a0b3) x1  0x00000000
core   0: 0x8000823c (0x00000001) c.nop
core   0: 3 0x8000823c (0x0001)
core   0: 0x8000823e (0x42469b97) auipc   s7, 0x42469
core   0: 3 0x8000823e (0x42469b97) x23 0xc247123e
core   0: 0x80008242 (0x33c8ce13) xori    t3, a7, 828
core   0: 3 0x80008242 (0x33c8ce13) x28 0x000003a2
core   0: 0x80008246 (0x191bfb97) auipc   s7, 0x191bf
core   0: 3 0x80008246 (0x191bfb97) x23 0x991c7246
core   0: 0x8000824a (0x00001ffd) c.addi  t6, -1
core   0: 3 0x8000824a (0x1ffd) x31 0x800162f7
core   0: 0x8000824c (0x0000989e) c.add   a7, t2
core   0: 3 0x8000824c (0x989e) x17 0xfff9009e
core   0: 0x8000824e (0x00001779) c.addi  a4, -2
core   0: 3 0x8000824e (0x1779) x14 0xfffffffe
core   0: 0x80008250 (0x001b6033) or      zero, s6, ra
core   0: 3 0x80008250 (0x001b6033)
core   0: 0x80008254 (0x034238b3) mulhu   a7, tp, s4
core   0: 3 0x80008254 (0x034238b3) x17 0x0000009e
core   0: 0x80008258 (0xfea759e3) bge     a4, a0, pc - 14
core   0: 3 0x80008258 (0xfea759e3)
core   0: 0x8000824a (0x00001ffd) c.addi  t6, -1
core   0: 3 0x8000824a (0x1ffd) x31 0x800162f6
core   0: 0x8000824c (0x0000989e) c.add   a7, t2
core   0: 3 0x8000824c (0x989e) x17 0xfff9009e
core   0: 0x8000824e (0x00001779) c.addi  a4, -2
core   0: 3 0x8000824e (0x1779) x14 0xfffffffc
core   0: 0x80008250 (0x001b6033) or      zero, s6, ra
core   0: 3 0x80008250 (0x001b6033)
core   0: 0x80008254 (0x034238b3) mulhu   a7, tp, s4
core   0: 3 0x80008254 (0x034238b3) x17 0x0000009e
core   0: 0x80008258 (0xfea759e3) bge     a4, a0, pc - 14
core   0: 3 0x80008258 (0xfea759e3)
core   0: 0x8000824a (0x00001ffd) c.addi  t6, -1
core   0: 3 0x8000824a (0x1ffd) x31 0x800162f5
core   0: 0x8000824c (0x0000989e) c.add   a7, t2
core   0: 3 0x8000824c (0x989e) x17 0xfff9009e
core   0: 0x8000824e (0x00001779) c.addi  a4, -2
core   0: 3 0x8000824e (0x1779) x14 0xfffffffa
core   0: 0x80008250 (0x001b6033) or      zero, s6, ra
core   0: 3 0x80008250 (0x001b6033)
core   0: 0x80008254 (0x034238b3) mulhu   a7, tp, s4
core   0: 3 0x80008254 (0x034238b3) x17 0x0000009e
core   0: 0x80008258 (0xfea759e3) bge     a4, a0, pc - 14
core   0: 3 0x80008258 (0xfea759e3)
core   0: 0x8000824a (0x00001ffd) c.addi  t6, -1
core   0: 3 0x8000824a (0x1ffd) x31 0x800162f4
core   0: 0x8000824c (0x0000989e) c.add   a7, t2
core   0: 3 0x8000824c (0x989e) x17 0xfff9009e
core   0: 0x8000824e (0x00001779) c.addi  a4, -2
core   0: 3 0x8000824e (0x1779) x14 0xfffffff8
core   0: 0x80008250 (0x001b6033) or      zero, s6, ra
core   0: 3 0x80008250 (0x001b6033)
core   0: 0x80008254 (0x034238b3) mulhu   a7, tp, s4
core   0: 3 0x80008254 (0x034238b3) x17 0x0000009e
core   0: 0x80008258 (0xfea759e3) bge     a4, a0, pc - 14
core   0: 3 0x80008258 (0xfea759e3)
core   0: 0x8000824a (0x00001ffd) c.addi  t6, -1
core   0: 3 0x8000824a (0x1ffd) x31 0x800162f3
core   0: 0x8000824c (0x0000989e) c.add   a7, t2
core   0: 3 0x8000824c (0x989e) x17 0xfff9009e
core   0: 0x8000824e (0x00001779) c.addi  a4, -2
core   0: 3 0x8000824e (0x1779) x14 0xfffffff6
core   0: 0x80008250 (0x001b6033) or      zero, s6, ra
core   0: 3 0x80008250 (0x001b6033)
core   0: 0x80008254 (0x034238b3) mulhu   a7, tp, s4
core   0: 3 0x80008254 (0x034238b3) x17 0x0000009e
core   0: 0x80008258 (0xfea759e3) bge     a4, a0, pc - 14
core   0: 3 0x80008258 (0xfea759e3)
core   0: 0x8000824a (0x00001ffd) c.addi  t6, -1
core   0: 3 0x8000824a (0x1ffd) x31 0x800162f2
core   0: 0x8000824c (0x0000989e) c.add   a7, t2
core   0: 3 0x8000824c (0x989e) x17 0xfff9009e
core   0: 0x8000824e (0x00001779) c.addi  a4, -2
core   0: 3 0x8000824e (0x1779) x14 0xfffffff4
core   0: 0x80008250 (0x001b6033) or      zero, s6, ra
core   0: 3 0x80008250 (0x001b6033)
core   0: 0x80008254 (0x034238b3) mulhu   a7, tp, s4
core   0: 3 0x80008254 (0x034238b3) x17 0x0000009e
core   0: 0x80008258 (0xfea759e3) bge     a4, a0, pc - 14
core   0: 3 0x80008258 (0xfea759e3)
core   0: 0x8000824a (0x00001ffd) c.addi  t6, -1
core   0: 3 0x8000824a (0x1ffd) x31 0x800162f1
core   0: 0x8000824c (0x0000989e) c.add   a7, t2
core   0: 3 0x8000824c (0x989e) x17 0xfff9009e
core   0: 0x8000824e (0x00001779) c.addi  a4, -2
core   0: 3 0x8000824e (0x1779) x14 0xfffffff2
core   0: 0x80008250 (0x001b6033) or      zero, s6, ra
core   0: 3 0x80008250 (0x001b6033)
core   0: 0x80008254 (0x034238b3) mulhu   a7, tp, s4
core   0: 3 0x80008254 (0x034238b3) x17 0x0000009e
core   0: 0x80008258 (0xfea759e3) bge     a4, a0, pc - 14
core   0: 3 0x80008258 (0xfea759e3)
core   0: 0x8000824a (0x00001ffd) c.addi  t6, -1
core   0: 3 0x8000824a (0x1ffd) x31 0x800162f0
core   0: 0x8000824c (0x0000989e) c.add   a7, t2
core   0: 3 0x8000824c (0x989e) x17 0xfff9009e
core   0: 0x8000824e (0x00001779) c.addi  a4, -2
core   0: 3 0x8000824e (0x1779) x14 0xfffffff0
core   0: 0x80008250 (0x001b6033) or      zero, s6, ra
core   0: 3 0x80008250 (0x001b6033)
core   0: 0x80008254 (0x034238b3) mulhu   a7, tp, s4
core   0: 3 0x80008254 (0x034238b3) x17 0x0000009e
core   0: 0x80008258 (0xfea759e3) bge     a4, a0, pc - 14
core   0: 3 0x80008258 (0xfea759e3)
core   0: 0x8000824a (0x00001ffd) c.addi  t6, -1
core   0: 3 0x8000824a (0x1ffd) x31 0x800162ef
core   0: 0x8000824c (0x0000989e) c.add   a7, t2
core   0: 3 0x8000824c (0x989e) x17 0xfff9009e
core   0: 0x8000824e (0x00001779) c.addi  a4, -2
core   0: 3 0x8000824e (0x1779) x14 0xffffffee
core   0: 0x80008250 (0x001b6033) or      zero, s6, ra
core   0: 3 0x80008250 (0x001b6033)
core   0: 0x80008254 (0x034238b3) mulhu   a7, tp, s4
core   0: 3 0x80008254 (0x034238b3) x17 0x0000009e
core   0: 0x80008258 (0xfea759e3) bge     a4, a0, pc - 14
core   0: 3 0x80008258 (0xfea759e3)
core   0: 0x8000825c (0x000003b2) c.slli  t2, 12
core   0: 3 0x8000825c (0x03b2) x7  0x90000000
core   0: 0x8000825e (0x00008fe9) c.and   a5, a0
core   0: 3 0x8000825e (0x8fe9) x15 0x8c7d8804
core   0: 0x80008260 (0xfbe41de3) bne     s0, t5, pc - 70
core   0: 3 0x80008260 (0xfbe41de3)
core   0: 0x8000821a (0x7c1a2913) slti    s2, s4, 1985
core   0: 3 0x8000821a (0x7c1a2913) x18 0x00000001
core   0: 0x8000821e (0x000081e9) c.srli  a1, 26
core   0: 3 0x8000821e (0x81e9) x11 0x00000000
core   0: 0x80008220 (0x00001479) c.addi  s0, -2
core   0: 3 0x80008220 (0x1479) x8  0xfffffff8
core   0: 0x80008222 (0x3eae9497) auipc   s1, 0x3eae9
core   0: 3 0x80008222 (0x3eae9497) x9  0xbeaf1222
core   0: 0x80008226 (0xe9fcc213) xori    tp, s9, -353
core   0: 3 0x80008226 (0xe9fcc213) x4  0x0000013d
core   0: 0x8000822a (0x00008e25) c.xor   a2, s1
core   0: 3 0x8000822a (0x8e25) x12 0xbeaf1222
core   0: 0x8000822c (0x00004701) c.li    a4, 0
core   0: 3 0x8000822c (0x4701) x14 0x00000000
core   0: 0x8000822e (0x02678c33) mul     s8, a5, t1
core   0: 3 0x8000822e (0x02678c33) x24 0xe7701288
core   0: 0x80008232 (0x009dcb33) xor     s6, s11, s1
core   0: 3 0x80008232 (0x009dcb33) x22 0xbeaf12de
core   0: 0x80008236 (0x0000553d) c.li    a0, -17
core   0: 3 0x80008236 (0x553d) x10 0xffffffef
core   0: 0x80008238 (0x0173a0b3) slt     ra, t2, s7
core   0: 3 0x80008238 (0x0173a0b3) x1  0x00000001
core   0: 0x8000823c (0x00000001) c.nop
core   0: 3 0x8000823c (0x0001)
core   0: 0x8000823e (0x42469b97) auipc   s7, 0x42469
core   0: 3 0x8000823e (0x42469b97) x23 0xc247123e
core   0: 0x80008242 (0x33c8ce13) xori    t3, a7, 828
core   0: 3 0x80008242 (0x33c8ce13) x28 0x000003a2
core   0: 0x80008246 (0x191bfb97) auipc   s7, 0x191bf
core   0: 3 0x80008246 (0x191bfb97) x23 0x991c7246
core   0: 0x8000824a (0x00001ffd) c.addi  t6, -1
core   0: 3 0x8000824a (0x1ffd) x31 0x800162ee
core   0: 0x8000824c (0x0000989e) c.add   a7, t2
core   0: 3 0x8000824c (0x989e) x17 0x9000009e
core   0: 0x8000824e (0x00001779) c.addi  a4, -2
core   0: 3 0x8000824e (0x1779) x14 0xfffffffe
core   0: 0x80008250 (0x001b6033) or      zero, s6, ra
core   0: 3 0x80008250 (0x001b6033)
core   0: 0x80008254 (0x034238b3) mulhu   a7, tp, s4
core   0: 3 0x80008254 (0x034238b3) x17 0x0000009e
core   0: 0x80008258 (0xfea759e3) bge     a4, a0, pc - 14
core   0: 3 0x80008258 (0xfea759e3)
core   0: 0x8000824a (0x00001ffd) c.addi  t6, -1
core   0: 3 0x8000824a (0x1ffd) x31 0x800162ed
core   0: 0x8000824c (0x0000989e) c.add   a7, t2
core   0: 3 0x8000824c (0x989e) x17 0x9000009e
core   0: 0x8000824e (0x00001779) c.addi  a4, -2
core   0: 3 0x8000824e (0x1779) x14 0xfffffffc
core   0: 0x80008250 (0x001b6033) or      zero, s6, ra
core   0: 3 0x80008250 (0x001b6033)
core   0: 0x80008254 (0x034238b3) mulhu   a7, tp, s4
core   0: 3 0x80008254 (0x034238b3) x17 0x0000009e
core   0: 0x80008258 (0xfea759e3) bge     a4, a0, pc - 14
core   0: 3 0x80008258 (0xfea759e3)
core   0: 0x8000824a (0x00001ffd) c.addi  t6, -1
core   0: 3 0x8000824a (0x1ffd) x31 0x800162ec
core   0: 0x8000824c (0x0000989e) c.add   a7, t2
core   0: 3 0x8000824c (0x989e) x17 0x9000009e
core   0: 0x8000824e (0x00001779) c.addi  a4, -2
core   0: 3 0x8000824e (0x1779) x14 0xfffffffa
core   0: 0x80008250 (0x001b6033) or      zero, s6, ra
core   0: 3 0x80008250 (0x001b6033)
core   0: 0x80008254 (0x034238b3) mulhu   a7, tp, s4
core   0: 3 0x80008254 (0x034238b3) x17 0x0000009e
core   0: 0x80008258 (0xfea759e3) bge     a4, a0, pc - 14
core   0: 3 0x80008258 (0xfea759e3)
core   0: 0x8000824a (0x00001ffd) c.addi  t6, -1
core   0: 3 0x8000824a (0x1ffd) x31 0x800162eb
core   0: 0x8000824c (0x0000989e) c.add   a7, t2
core   0: 3 0x8000824c (0x989e) x17 0x9000009e
core   0: 0x8000824e (0x00001779) c.addi  a4, -2
core   0: 3 0x8000824e (0x1779) x14 0xfffffff8
core   0: 0x80008250 (0x001b6033) or      zero, s6, ra
core   0: 3 0x80008250 (0x001b6033)
core   0: 0x80008254 (0x034238b3) mulhu   a7, tp, s4
core   0: 3 0x80008254 (0x034238b3) x17 0x0000009e
core   0: 0x80008258 (0xfea759e3) bge     a4, a0, pc - 14
core   0: 3 0x80008258 (0xfea759e3)
core   0: 0x8000824a (0x00001ffd) c.addi  t6, -1
core   0: 3 0x8000824a (0x1ffd) x31 0x800162ea
core   0: 0x8000824c (0x0000989e) c.add   a7, t2
core   0: 3 0x8000824c (0x989e) x17 0x9000009e
core   0: 0x8000824e (0x00001779) c.addi  a4, -2
core   0: 3 0x8000824e (0x1779) x14 0xfffffff6
core   0: 0x80008250 (0x001b6033) or      zero, s6, ra
core   0: 3 0x80008250 (0x001b6033)
core   0: 0x80008254 (0x034238b3) mulhu   a7, tp, s4
core   0: 3 0x80008254 (0x034238b3) x17 0x0000009e
core   0: 0x80008258 (0xfea759e3) bge     a4, a0, pc - 14
core   0: 3 0x80008258 (0xfea759e3)
core   0: 0x8000824a (0x00001ffd) c.addi  t6, -1
core   0: 3 0x8000824a (0x1ffd) x31 0x800162e9
core   0: 0x8000824c (0x0000989e) c.add   a7, t2
core   0: 3 0x8000824c (0x989e) x17 0x9000009e
core   0: 0x8000824e (0x00001779) c.addi  a4, -2
core   0: 3 0x8000824e (0x1779) x14 0xfffffff4
core   0: 0x80008250 (0x001b6033) or      zero, s6, ra
core   0: 3 0x80008250 (0x001b6033)
core   0: 0x80008254 (0x034238b3) mulhu   a7, tp, s4
core   0: 3 0x80008254 (0x034238b3) x17 0x0000009e
core   0: 0x80008258 (0xfea759e3) bge     a4, a0, pc - 14
core   0: 3 0x80008258 (0xfea759e3)
core   0: 0x8000824a (0x00001ffd) c.addi  t6, -1
core   0: 3 0x8000824a (0x1ffd) x31 0x800162e8
core   0: 0x8000824c (0x0000989e) c.add   a7, t2
core   0: 3 0x8000824c (0x989e) x17 0x9000009e
core   0: 0x8000824e (0x00001779) c.addi  a4, -2
core   0: 3 0x8000824e (0x1779) x14 0xfffffff2
core   0: 0x80008250 (0x001b6033) or      zero, s6, ra
core   0: 3 0x80008250 (0x001b6033)
core   0: 0x80008254 (0x034238b3) mulhu   a7, tp, s4
core   0: 3 0x80008254 (0x034238b3) x17 0x0000009e
core   0: 0x80008258 (0xfea759e3) bge     a4, a0, pc - 14
core   0: 3 0x80008258 (0xfea759e3)
core   0: 0x8000824a (0x00001ffd) c.addi  t6, -1
core   0: 3 0x8000824a (0x1ffd) x31 0x800162e7
core   0: 0x8000824c (0x0000989e) c.add   a7, t2
core   0: 3 0x8000824c (0x989e) x17 0x9000009e
core   0: 0x8000824e (0x00001779) c.addi  a4, -2
core   0: 3 0x8000824e (0x1779) x14 0xfffffff0
core   0: 0x80008250 (0x001b6033) or      zero, s6, ra
core   0: 3 0x80008250 (0x001b6033)
core   0: 0x80008254 (0x034238b3) mulhu   a7, tp, s4
core   0: 3 0x80008254 (0x034238b3) x17 0x0000009e
core   0: 0x80008258 (0xfea759e3) bge     a4, a0, pc - 14
core   0: 3 0x80008258 (0xfea759e3)
core   0: 0x8000824a (0x00001ffd) c.addi  t6, -1
core   0: 3 0x8000824a (0x1ffd) x31 0x800162e6
core   0: 0x8000824c (0x0000989e) c.add   a7, t2
core   0: 3 0x8000824c (0x989e) x17 0x9000009e
core   0: 0x8000824e (0x00001779) c.addi  a4, -2
core   0: 3 0x8000824e (0x1779) x14 0xffffffee
core   0: 0x80008250 (0x001b6033) or      zero, s6, ra
core   0: 3 0x80008250 (0x001b6033)
core   0: 0x80008254 (0x034238b3) mulhu   a7, tp, s4
core   0: 3 0x80008254 (0x034238b3) x17 0x0000009e
core   0: 0x80008258 (0xfea759e3) bge     a4, a0, pc - 14
core   0: 3 0x80008258 (0xfea759e3)
core   0: 0x8000825c (0x000003b2) c.slli  t2, 12
core   0: 3 0x8000825c (0x03b2) x7  0x00000000
core   0: 0x8000825e (0x00008fe9) c.and   a5, a0
core   0: 3 0x8000825e (0x8fe9) x15 0x8c7d8804
core   0: 0x80008260 (0xfbe41de3) bne     s0, t5, pc - 70
core   0: 3 0x80008260 (0xfbe41de3)
core   0: 0x8000821a (0x7c1a2913) slti    s2, s4, 1985
core   0: 3 0x8000821a (0x7c1a2913) x18 0x00000001
core   0: 0x8000821e (0x000081e9) c.srli  a1, 26
core   0: 3 0x8000821e (0x81e9) x11 0x00000000
core   0: 0x80008220 (0x00001479) c.addi  s0, -2
core   0: 3 0x80008220 (0x1479) x8  0xfffffff6
core   0: 0x80008222 (0x3eae9497) auipc   s1, 0x3eae9
core   0: 3 0x80008222 (0x3eae9497) x9  0xbeaf1222
core   0: 0x80008226 (0xe9fcc213) xori    tp, s9, -353
core   0: 3 0x80008226 (0xe9fcc213) x4  0x0000013d
core   0: 0x8000822a (0x00008e25) c.xor   a2, s1
core   0: 3 0x8000822a (0x8e25) x12 0x00000000
core   0: 0x8000822c (0x00004701) c.li    a4, 0
core   0: 3 0x8000822c (0x4701) x14 0x00000000
core   0: 0x8000822e (0x02678c33) mul     s8, a5, t1
core   0: 3 0x8000822e (0x02678c33) x24 0xe7701288
core   0: 0x80008232 (0x009dcb33) xor     s6, s11, s1
core   0: 3 0x80008232 (0x009dcb33) x22 0xbeaf12de
core   0: 0x80008236 (0x0000553d) c.li    a0, -17
core   0: 3 0x80008236 (0x553d) x10 0xffffffef
core   0: 0x80008238 (0x0173a0b3) slt     ra, t2, s7
core   0: 3 0x80008238 (0x0173a0b3) x1  0x00000000
core   0: 0x8000823c (0x00000001) c.nop
core   0: 3 0x8000823c (0x0001)
core   0: 0x8000823e (0x42469b97) auipc   s7, 0x42469
core   0: 3 0x8000823e (0x42469b97) x23 0xc247123e
core   0: 0x80008242 (0x33c8ce13) xori    t3, a7, 828
core   0: 3 0x80008242 (0x33c8ce13) x28 0x000003a2
core   0: 0x80008246 (0x191bfb97) auipc   s7, 0x191bf
core   0: 3 0x80008246 (0x191bfb97) x23 0x991c7246
core   0: 0x8000824a (0x00001ffd) c.addi  t6, -1
core   0: 3 0x8000824a (0x1ffd) x31 0x800162e5
core   0: 0x8000824c (0x0000989e) c.add   a7, t2
core   0: 3 0x8000824c (0x989e) x17 0x0000009e
core   0: 0x8000824e (0x00001779) c.addi  a4, -2
core   0: 3 0x8000824e (0x1779) x14 0xfffffffe
core   0: 0x80008250 (0x001b6033) or      zero, s6, ra
core   0: 3 0x80008250 (0x001b6033)
core   0: 0x80008254 (0x034238b3) mulhu   a7, tp, s4
core   0: 3 0x80008254 (0x034238b3) x17 0x0000009e
core   0: 0x80008258 (0xfea759e3) bge     a4, a0, pc - 14
core   0: 3 0x80008258 (0xfea759e3)
core   0: 0x8000824a (0x00001ffd) c.addi  t6, -1
core   0: 3 0x8000824a (0x1ffd) x31 0x800162e4
core   0: 0x8000824c (0x0000989e) c.add   a7, t2
core   0: 3 0x8000824c (0x989e) x17 0x0000009e
core   0: 0x8000824e (0x00001779) c.addi  a4, -2
core   0: 3 0x8000824e (0x1779) x14 0xfffffffc
core   0: 0x80008250 (0x001b6033) or      zero, s6, ra
core   0: 3 0x80008250 (0x001b6033)
core   0: 0x80008254 (0x034238b3) mulhu   a7, tp, s4
core   0: 3 0x80008254 (0x034238b3) x17 0x0000009e
core   0: 0x80008258 (0xfea759e3) bge     a4, a0, pc - 14
core   0: 3 0x80008258 (0xfea759e3)
core   0: 0x8000824a (0x00001ffd) c.addi  t6, -1
core   0: 3 0x8000824a (0x1ffd) x31 0x800162e3
core   0: 0x8000824c (0x0000989e) c.add   a7, t2
core   0: 3 0x8000824c (0x989e) x17 0x0000009e
core   0: 0x8000824e (0x00001779) c.addi  a4, -2
core   0: 3 0x8000824e (0x1779) x14 0xfffffffa
core   0: 0x80008250 (0x001b6033) or      zero, s6, ra
core   0: 3 0x80008250 (0x001b6033)
core   0: 0x80008254 (0x034238b3) mulhu   a7, tp, s4
core   0: 3 0x80008254 (0x034238b3) x17 0x0000009e
core   0: 0x80008258 (0xfea759e3) bge     a4, a0, pc - 14
core   0: 3 0x80008258 (0xfea759e3)
core   0: 0x8000824a (0x00001ffd) c.addi  t6, -1
core   0: 3 0x8000824a (0x1ffd) x31 0x800162e2
core   0: 0x8000824c (0x0000989e) c.add   a7, t2
core   0: 3 0x8000824c (0x989e) x17 0x0000009e
core   0: 0x8000824e (0x00001779) c.addi  a4, -2
core   0: 3 0x8000824e (0x1779) x14 0xfffffff8
core   0: 0x80008250 (0x001b6033) or      zero, s6, ra
core   0: 3 0x80008250 (0x001b6033)
core   0: 0x80008254 (0x034238b3) mulhu   a7, tp, s4
core   0: 3 0x80008254 (0x034238b3) x17 0x0000009e
core   0: 0x80008258 (0xfea759e3) bge     a4, a0, pc - 14
core   0: 3 0x80008258 (0xfea759e3)
core   0: 0x8000824a (0x00001ffd) c.addi  t6, -1
core   0: 3 0x8000824a (0x1ffd) x31 0x800162e1
core   0: 0x8000824c (0x0000989e) c.add   a7, t2
core   0: 3 0x8000824c (0x989e) x17 0x0000009e
core   0: 0x8000824e (0x00001779) c.addi  a4, -2
core   0: 3 0x8000824e (0x1779) x14 0xfffffff6
core   0: 0x80008250 (0x001b6033) or      zero, s6, ra
core   0: 3 0x80008250 (0x001b6033)
core   0: 0x80008254 (0x034238b3) mulhu   a7, tp, s4
core   0: 3 0x80008254 (0x034238b3) x17 0x0000009e
core   0: 0x80008258 (0xfea759e3) bge     a4, a0, pc - 14
core   0: 3 0x80008258 (0xfea759e3)
core   0: 0x8000824a (0x00001ffd) c.addi  t6, -1
core   0: 3 0x8000824a (0x1ffd) x31 0x800162e0
core   0: 0x8000824c (0x0000989e) c.add   a7, t2
core   0: 3 0x8000824c (0x989e) x17 0x0000009e
core   0: 0x8000824e (0x00001779) c.addi  a4, -2
core   0: 3 0x8000824e (0x1779) x14 0xfffffff4
core   0: 0x80008250 (0x001b6033) or      zero, s6, ra
core   0: 3 0x80008250 (0x001b6033)
core   0: 0x80008254 (0x034238b3) mulhu   a7, tp, s4
core   0: 3 0x80008254 (0x034238b3) x17 0x0000009e
core   0: 0x80008258 (0xfea759e3) bge     a4, a0, pc - 14
core   0: 3 0x80008258 (0xfea759e3)
core   0: 0x8000824a (0x00001ffd) c.addi  t6, -1
core   0: 3 0x8000824a (0x1ffd) x31 0x800162df
core   0: 0x8000824c (0x0000989e) c.add   a7, t2
core   0: 3 0x8000824c (0x989e) x17 0x0000009e
core   0: 0x8000824e (0x00001779) c.addi  a4, -2
core   0: 3 0x8000824e (0x1779) x14 0xfffffff2
core   0: 0x80008250 (0x001b6033) or      zero, s6, ra
core   0: 3 0x80008250 (0x001b6033)
core   0: 0x80008254 (0x034238b3) mulhu   a7, tp, s4
core   0: 3 0x80008254 (0x034238b3) x17 0x0000009e
core   0: 0x80008258 (0xfea759e3) bge     a4, a0, pc - 14
core   0: 3 0x80008258 (0xfea759e3)
core   0: 0x8000824a (0x00001ffd) c.addi  t6, -1
core   0: 3 0x8000824a (0x1ffd) x31 0x800162de
core   0: 0x8000824c (0x0000989e) c.add   a7, t2
core   0: 3 0x8000824c (0x989e) x17 0x0000009e
core   0: 0x8000824e (0x00001779) c.addi  a4, -2
core   0: 3 0x8000824e (0x1779) x14 0xfffffff0
core   0: 0x80008250 (0x001b6033) or      zero, s6, ra
core   0: 3 0x80008250 (0x001b6033)
core   0: 0x80008254 (0x034238b3) mulhu   a7, tp, s4
core   0: 3 0x80008254 (0x034238b3) x17 0x0000009e
core   0: 0x80008258 (0xfea759e3) bge     a4, a0, pc - 14
core   0: 3 0x80008258 (0xfea759e3)
core   0: 0x8000824a (0x00001ffd) c.addi  t6, -1
core   0: 3 0x8000824a (0x1ffd) x31 0x800162dd
core   0: 0x8000824c (0x0000989e) c.add   a7, t2
core   0: 3 0x8000824c (0x989e) x17 0x0000009e
core   0: 0x8000824e (0x00001779) c.addi  a4, -2
core   0: 3 0x8000824e (0x1779) x14 0xffffffee
core   0: 0x80008250 (0x001b6033) or      zero, s6, ra
core   0: 3 0x80008250 (0x001b6033)
core   0: 0x80008254 (0x034238b3) mulhu   a7, tp, s4
core   0: 3 0x80008254 (0x034238b3) x17 0x0000009e
core   0: 0x80008258 (0xfea759e3) bge     a4, a0, pc - 14
core   0: 3 0x80008258 (0xfea759e3)
core   0: 0x8000825c (0x000003b2) c.slli  t2, 12
core   0: 3 0x8000825c (0x03b2) x7  0x00000000
core   0: 0x8000825e (0x00008fe9) c.and   a5, a0
core   0: 3 0x8000825e (0x8fe9) x15 0x8c7d8804
core   0: 0x80008260 (0xfbe41de3) bne     s0, t5, pc - 70
core   0: 3 0x80008260 (0xfbe41de3)
core   0: 0x80008264 (0x01a9c933) xor     s2, s3, s10
core   0: 3 0x80008264 (0x01a9c933) x18 0x00018561
core   0: 0x80008268 (0x00008b17) auipc   s6, 0x8
core   0: 3 0x80008268 (0x00008b17) x22 0x80010268
core   0: 0x8000826c (0x49db0b13) addi    s6, s6, 1181
core   0: 3 0x8000826c (0x49db0b13) x22 0x80010705
core   0: 0x80008270 (0x00f2b2b3) sltu    t0, t0, a5
core   0: 3 0x80008270 (0x00f2b2b3) x5  0x00000001
core   0: 0x80008274 (0x00000001) c.nop
core   0: 3 0x80008274 (0x0001)
core   0: 0x80008276 (0xfe6b18a3) sh      t1, -15(s6)
core   0: 3 0x80008276 (0xfe6b18a3) mem 0x800106f6 0x00a2
core   0: 0x8000827a (0x0012c333) xor     t1, t0, ra
core   0: 3 0x8000827a (0x0012c333) x6  0x00000001
core   0: 0x8000827e (0x02f7c0b3) div     ra, a5, a5
core   0: 3 0x8000827e (0x02f7c0b3) x1  0x00000001
core   0: 0x80008282 (0x41035313) srai    t1, t1, 16
core   0: 3 0x80008282 (0x41035313) x6  0x00000000
core   0: 0x80008286 (0x00008fd9) c.or    a5, a4
core   0: 3 0x80008286 (0x8fd9) x15 0xffffffee
core   0: 0x80008288 (0x00008f1d) c.sub   a4, a5
core   0: 3 0x80008288 (0x8f1d) x14 0x00000000
core   0: 0x8000828a (0x030760b3) rem     ra, a4, a6
core   0: 3 0x8000828a (0x030760b3) x1  0x00000000
core   0: 0x8000828e (0x008b0783) lb      a5, 8(s6)
core   0: 3 0x8000828e (0x008b0783) x15 0xffffffc6 mem 0x8001070d
core   0: 0x80008292 (0xfefb0ba3) sb      a5, -9(s6)
core   0: 3 0x80008292 (0xfefb0ba3) mem 0x800106fc 0xc6
core   0: 0x80008296 (0x00000001) c.nop
core   0: 3 0x80008296 (0x0001)
core   0: 0x80008298 (0x40128333) sub     t1, t0, ra
core   0: 3 0x80008298 (0x40128333) x6  0x00000001
core   0: 0x8000829c (0x0000537d) c.li    t1, -1
core   0: 3 0x8000829c (0x537d) x6  0xffffffff
core   0: 0x8000829e (0xca97c813) xori    a6, a5, -855
core   0: 3 0x8000829e (0xca97c813) x16 0x0000036f
core   0: 0x800082a2 (0xfffb4703) lbu     a4, -1(s6)
core   0: 3 0x800082a2 (0xfffb4703) x14 0x000000bf mem 0x80010704
core   0: 0x800082a6 (0x02183833) mulhu   a6, a6, ra
core   0: 3 0x800082a6 (0x02183833) x16 0x00000000
core   0: 0x800082aa (0x02f862b3) rem     t0, a6, a5
core   0: 3 0x800082aa (0x02f862b3) x5  0x00000000
core   0: 0x800082ae (0x000b0703) lb      a4, 0(s6)
core   0: 3 0x800082ae (0x000b0703) x14 0xffffffff mem 0x80010705
core   0: 0x800082b2 (0x0210a0b3) mulhsu  ra, ra, ra
core   0: 3 0x800082b2 (0x0210a0b3) x1  0x00000000
core   0: 0x800082b6 (0x00009796) c.add   a5, t0
core   0: 3 0x800082b6 (0x9796) x15 0xffffffc6
core   0: 0x800082b8 (0x02e0b733) mulhu   a4, ra, a4
core   0: 3 0x800082b8 (0x02e0b733) x14 0x00000000
core   0: 0x800082bc (0x006b21a3) sw      t1, 3(s6)
core   0: 3 0x800082bc (0x006b21a3) mem 0x80010708 0xffffffff
core   0: 0x800082c0 (0x03076733) rem     a4, a4, a6
core   0: 3 0x800082c0 (0x03076733) x14 0x00000000
core   0: 0x800082c4 (0xff5b0803) lb      a6, -11(s6)
core   0: 3 0x800082c4 (0xff5b0803) x16 0xffffffb1 mem 0x800106fa
core   0: 0x800082c8 (0xff0b0f23) sb      a6, -2(s6)
core   0: 3 0x800082c8 (0xff0b0f23) mem 0x80010703 0xb1
core   0: 0x800082cc (0x00008f39) c.xor   a4, a4
core   0: 3 0x800082cc (0x8f39) x14 0x00000000
core   0: 0x800082ce (0x0062b833) sltu    a6, t0, t1
core   0: 3 0x800082ce (0x0062b833) x16 0x00000001
core   0: 0x800082d2 (0xff7b4783) lbu     a5, -9(s6)
core   0: 3 0x800082d2 (0xff7b4783) x15 0x000000c6 mem 0x800106fc
core   0: 0x800082d6 (0x4107d7b3) sra     a5, a5, a6
core   0: 3 0x800082d6 (0x4107d7b3) x15 0x00000063
core   0: 0x800082da (0x007b1783) lh      a5, 7(s6)
core   0: 3 0x800082da (0x007b1783) x15 0xffffc6c7 mem 0x8001070c
core   0: 0x800082de (0x00008b05) c.andi  a4, 1
core   0: 3 0x800082de (0x8b05) x14 0x00000000
core   0: 0x800082e0 (0x1aeda097) auipc   ra, 0x1aeda
core   0: 3 0x800082e0 (0x1aeda097) x1  0x9aee22e0
core   0: 0x800082e4 (0x41085813) srai    a6, a6, 16
core   0: 3 0x800082e4 (0x41085813) x16 0x00000000
core   0: 0x800082e8 (0x02534833) div     a6, t1, t0
core   0: 3 0x800082e8 (0x02534833) x16 0xffffffff
core   0: 0x800082ec (0x000083d5) c.srli  a5, 21
core   0: 3 0x800082ec (0x83d5) x15 0x000007ff
core   0: 0x800082ee (0xfe5b2ba3) sw      t0, -9(s6)
core   0: 3 0x800082ee (0xfe5b2ba3) mem 0x800106fc 0x00000000
core   0: 0x800082f2 (0x00004629) c.li    a2, 10
core   0: 3 0x800082f2 (0x4629) x12 0x0000000a
core   0: 0x800082f4 (0x4380b013) sltiu   zero, ra, 1080
core   0: 3 0x800082f4 (0x4380b013)
core   0: 0x800082f8 (0x40ec5bb3) sra     s7, s8, a4
core   0: 3 0x800082f8 (0x40ec5bb3) x23 0xe7701288
core   0: 0x800082fc (0x02dd03b3) mul     t2, s10, a3
core   0: 3 0x800082fc (0x02dd03b3) x7  0xffd6c3c8
core   0: 0x80008300 (0x00004ca9) c.li    s9, 10
core   0: 3 0x80008300 (0x4ca9) x25 0x0000000a
core   0: 0x80008302 (0xa7f1f7b7) lui     a5, 0xa7f1f
core   0: 3 0x80008302 (0xa7f1f7b7) x15 0xa7f1f000
core   0: 0x80008306 (0x000088f5) c.andi  s1, 29
core   0: 3 0x80008306 (0x88f5) x9  0x00000000
core   0: 0x80008308 (0x03c283b3) mul     t2, t0, t3
core   0: 3 0x80008308 (0x03c283b3) x7  0x00000000
core   0: 0x8000830c (0x00001665) c.addi  a2, -7
core   0: 3 0x8000830c (0x1665) x12 0x00000003
core   0: 0x8000830e (0x00008d61) c.and   a0, s0
core   0: 3 0x8000830e (0x8d61) x10 0xffffffe6
core   0: 0x80008310 (0x00008459) c.srai  s0, 22
core   0: 3 0x80008310 (0x8459) x8  0xffffffff
core   0: 0x80008312 (0x04d44b17) auipc   s6, 0x4d44
core   0: 3 0x80008312 (0x04d44b17) x22 0x84d4c312
core   0: 0x80008316 (0x00008eb9) c.xor   a3, a4
core   0: 3 0x80008316 (0x8eb9) x13 0xffffffae
core   0: 0x80008318 (0x0000847d) c.srai  s0, 31
core   0: 3 0x80008318 (0x847d) x8  0xffffffff
core   0: 0x8000831a (0xff9676e3) bgeu    a2, s9, pc - 20
core   0: 3 0x8000831a (0xff9676e3)
core   0: 0x8000831e (0x011ae233) or      tp, s5, a7
core   0: 3 0x8000831e (0x011ae233) x4  0x80029dbe
core   0: 0x80008322 (0x0000db97) auipc   s7, 0xd
core   0: 3 0x80008322 (0x0000db97) x23 0x80015322
core   0: 0x80008326 (0x416b8b93) addi    s7, s7, 1046
core   0: 3 0x80008326 (0x416b8b93) x23 0x80015738
core   0: 0x8000832a (0xff0ba083) lw      ra, -16(s7)
core   0: 3 0x8000832a (0xff0ba083) x1  0xe0e1e2e3 mem 0x80015728
core   0: 0x8000832e (0xff0bd783) lhu     a5, -16(s7)
core   0: 3 0x8000832e (0xff0bd783) x15 0x0000e2e3 mem 0x80015728
core   0: 0x80008332 (0xff0bd603) lhu     a2, -16(s7)
core   0: 3 0x80008332 (0xff0bd603) x12 0x0000e2e3 mem 0x80015728
core   0: 0x80008336 (0x00dbc183) lbu     gp, 13(s7)
core   0: 3 0x80008336 (0x00dbc183) x3  0x000000bc mem 0x80015745
core   0: 0x8000833a (0x00bb86a3) sb      a1, 13(s7)
core   0: 3 0x8000833a (0x00bb86a3) mem 0x80015745 0x00
core   0: 0x8000833e (0x009b86a3) sb      s1, 13(s7)
core   0: 3 0x8000833e (0x009b86a3) mem 0x80015745 0x00
core   0: 0x80008342 (0x01ab86a3) sb      s10, 13(s7)
core   0: 3 0x80008342 (0x01ab86a3) mem 0x80015745 0xbc
core   0: 0x80008346 (0x00dbc003) lbu     zero, 13(s7)
core   0: 3 0x80008346 (0x00dbc003) mem 0x80015745
core   0: 0x8000834a (0x00dbc483) lbu     s1, 13(s7)
core   0: 3 0x8000834a (0x00dbc483) x9  0x000000bc mem 0x80015745
core   0: 0x8000834e (0x006bd403) lhu     s0, 6(s7)
core   0: 3 0x8000834e (0x006bd403) x8  0x0000f4f5 mem 0x8001573e
core   0: 0x80008352 (0x00009506) c.add   a0, ra
core   0: 3 0x80008352 (0x9506) x10 0xe0e1e2c9
core   0: 0x80008354 (0x00b0c733) xor     a4, ra, a1
core   0: 3 0x80008354 (0x00b0c733) x14 0xe0e1e2e3
core   0: 0x80008358 (0x001bc883) lbu     a7, 1(s7)
core   0: 3 0x80008358 (0x001bc883) x17 0x000000f2 mem 0x80015739
core   0: 0x8000835c (0xff9b8883) lb      a7, -7(s7)
core   0: 3 0x8000835c (0xff9b8883) x17 0xffffffea mem 0x80015731
core   0: 0x80008360 (0x00000001) c.nop
core   0: 3 0x80008360 (0x0001)
core   0: 0x80008362 (0xff9b8603) lb      a2, -7(s7)
core   0: 3 0x80008362 (0xff9b8603) x12 0xffffffea mem 0x80015731
core   0: 0x80008366 (0x00ebcb03) lbu     s6, 14(s7)
core   0: 3 0x80008366 (0x00ebcb03) x22 0x000000e3 mem 0x80015746
core   0: 0x8000836a (0x001b9723) sh      ra, 14(s7)
core   0: 3 0x8000836a (0x001b9723) mem 0x80015746 0xe2e3
core   0: 0x8000836e (0xfc947013) andi    zero, s0, -55
core   0: 3 0x8000836e (0xfc947013)
core   0: 0x80008372 (0x00eb8e03) lb      t3, 14(s7)
core   0: 3 0x80008372 (0x00eb8e03) x28 0xffffffe3 mem 0x80015746
core   0: 0x80008376 (0x03e71cb3) mulh    s9, a4, t5
core   0: 3 0x80008376 (0x03e71cb3) x25 0x00000001
core   0: 0x8000837a (0x00ebc803) lbu     a6, 14(s7)
core   0: 3 0x8000837a (0x00ebc803) x16 0x000000e3 mem 0x80015746
core   0: 0x8000837e (0x00008897) auipc   a7, 0x8
core   0: 3 0x8000837e (0x00008897) x17 0x8001037e
core   0: 0x80008382 (0x4c488893) addi    a7, a7, 1220
core   0: 3 0x80008382 (0x4c488893) x17 0x80010842
core   0: 0x80008386 (0x4d78cb03) lbu     s6, 1239(a7)
core   0: 3 0x80008386 (0x4d78cb03) x22 0x000000d2 mem 0x80010d19
core   0: 0x8000838a (0x28e88e23) sb      a4, 668(a7)
core   0: 3 0x8000838a (0x28e88e23) mem 0x80010ade 0xe3
core   0: 0x8000838e (0x29c88d03) lb      s10, 668(a7)
core   0: 3 0x8000838e (0x29c88d03) x26 0xffffffe3 mem 0x80010ade
core   0: 0x80008392 (0x29589e23) sh      s5, 668(a7)
core   0: 3 0x80008392 (0x29589e23) mem 0x80010ade 0x9d24
core   0: 0x80008396 (0xe2e61eb7) lui     t4, 0xe2e61
core   0: 3 0x80008396 (0xe2e61eb7) x29 0xe2e61000
core   0: 0x8000839a (0x29289e23) sh      s2, 668(a7)
core   0: 3 0x8000839a (0x29289e23) mem 0x80010ade 0x8561
core   0: 0x8000839e (0x3060a837) lui     a6, 0x3060a
core   0: 3 0x8000839e (0x3060a837) x16 0x3060a000
core   0: 0x800083a2 (0x5788d503) lhu     a0, 1400(a7)
core   0: 3 0x800083a2 (0x5788d503) x10 0x00000000 mem 0x80010dba
core   0: 0x800083a6 (0x56b89c23) sh      a1, 1400(a7)
core   0: 3 0x800083a6 (0x56b89c23) mem 0x80010dba 0x0000
core   0: 0x800083aa (0x9b889303) lh      t1, -1608(a7)
core   0: 3 0x800083aa (0x9b889303) x6  0xffffb0dd mem 0x800101fa
core   0: 0x800083ae (0x9b888c23) sb      s8, -1608(a7)
core   0: 3 0x800083ae (0x9b888c23) mem 0x800101fa 0x88
core   0: 0x800083b2 (0x9b889383) lh      t2, -1608(a7)
core   0: 3 0x800083b2 (0x9b889383) x7  0xffffb088 mem 0x800101fa
core   0: 0x800083b6 (0x9b888003) lb      zero, -1608(a7)
core   0: 3 0x800083b6 (0x9b888003) mem 0x800101fa
core   0: 0x800083ba (0x9b488c23) sb      s4, -1608(a7)
core   0: 3 0x800083ba (0x9b488c23) mem 0x800101fa 0x14
core   0: 0x800083be (0x9b388c23) sb      s3, -1608(a7)
core   0: 3 0x800083be (0x9b388c23) mem 0x800101fa 0xdd
core   0: 0x800083c2 (0x00008f2d) c.xor   a4, a1
core   0: 3 0x800083c2 (0x8f2d) x14 0xe0e1e2e3
core   0: 0x800083c4 (0x33fb0e13) addi    t3, s6, 831
core   0: 3 0x800083c4 (0x33fb0e13) x28 0x00000411
core   0: 0x800083c8 (0x41880333) sub     t1, a6, s8
core   0: 3 0x800083c8 (0x41880333) x6  0x48f08d78
core   0: 0x800083cc (0x37089303) lh      t1, 880(a7)
core   0: 3 0x800083cc (0x37089303) x6  0x00000069 mem 0x80010bb2
core   0: 0x800083d0 (0x37089c83) lh      s9, 880(a7)
core   0: 3 0x800083d0 (0x37089c83) x25 0x00000069 mem 0x80010bb2
core   0: 0x800083d4 (0x3708c203) lbu     tp, 880(a7)
core   0: 3 0x800083d4 (0x3708c203) x4  0x00000069 mem 0x80010bb2
core   0: 0x800083d8 (0x37189823) sh      a7, 880(a7)
core   0: 3 0x800083d8 (0x37189823) mem 0x80010bb2 0x0842
core   0: 0x800083dc (0x36489823) sh      tp, 880(a7)
core   0: 3 0x800083dc (0x36489823) mem 0x80010bb2 0x0069
core   0: 0x800083e0 (0x0060036f) jal     t1, pc + 0x6
core   0: 3 0x800083e0 (0x0060036f) x6  0x800083e4
core   0: 0x800083e6 (0x0000a831) c.j     pc + 28
core   0: 3 0x800083e6 (0xa831)
core   0: 0x80008402 (0x000037f5) c.jal   pc - 20
core   0: 3 0x80008402 (0x37f5) x1  0x80008404
core   0: 0x800083ee (0x00002821) c.jal   pc + 24
core   0: 3 0x800083ee (0x2821) x1  0x800083f0
core   0: 0x80008406 (0xfffff0ef) jal     pc - 0x2
core   0: 3 0x80008406 (0xfffff0ef) x1  0x8000840a
core   0: 0x80008404 (0x0000a015) c.j     pc + 36
core   0: 3 0x80008404 (0xa015)
core   0: 0x80008428 (0x0000bf75) c.j     pc - 68
core   0: 3 0x80008428 (0xbf75)
core   0: 0x800083e4 (0x0000a099) c.j     pc + 70
core   0: 3 0x800083e4 (0xa099)
core   0: 0x8000842a (0xfd1ff0ef) jal     pc - 0x30
core   0: 3 0x8000842a (0xfd1ff0ef) x1  0x8000842e
core   0: 0x800083fa (0x00002011) c.jal   pc + 4
core   0: 3 0x800083fa (0x2011) x1  0x800083fc
core   0: 0x800083fe (0x000037ed) c.jal   pc - 22
core   0: 3 0x800083fe (0x37ed) x1  0x80008400
core   0: 0x800083e8 (0x00002021) c.jal   pc + 8
core   0: 3 0x800083e8 (0x2021) x1  0x800083ea
core   0: 0x800083f0 (0x026002ef) jal     t0, pc + 0x26
core   0: 3 0x800083f0 (0x026002ef) x5  0x800083f4
core   0: 0x80008416 (0x00002801) c.jal   pc + 16
core   0: 3 0x80008416 (0x2801) x1  0x80008418
core   0: 0x80008426 (0x0000bfcd) c.j     pc - 14
core   0: 3 0x80008426 (0xbfcd)
core   0: 0x80008418 (0x00003fed) c.jal   pc - 6
core   0: 3 0x80008418 (0x3fed) x1  0x8000841a
core   0: 0x80008412 (0x0100036f) jal     t1, pc + 0x10
core   0: 3 0x80008412 (0x0100036f) x6  0x80008416
core   0: 0x80008422 (0x0000a009) c.j     pc + 2
core   0: 3 0x80008422 (0xa009)
core   0: 0x80008424 (0x00003fdd) c.jal   pc - 10
core   0: 3 0x80008424 (0x3fdd) x1  0x80008426
core   0: 0x8000841a (0x0000b7dd) c.j     pc - 26
core   0: 3 0x8000841a (0xb7dd)
core   0: 0x80008400 (0x00002039) c.jal   pc + 14
core   0: 3 0x80008400 (0x2039) x1  0x80008402
core   0: 0x8000840e (0x012000ef) jal     pc + 0x12
core   0: 3 0x8000840e (0x012000ef) x1  0x80008412
core   0: 0x80008420 (0x0000bff5) c.j     pc - 4
core   0: 3 0x80008420 (0xbff5)
core   0: 0x8000841c (0xfe1ff0ef) jal     pc - 0x20
core   0: 3 0x8000841c (0xfe1ff0ef) x1  0x80008420
core   0: 0x800083fc (0x00002039) c.jal   pc + 14
core   0: 3 0x800083fc (0x2039) x1  0x800083fe
core   0: 0x8000840a (0xfe1ff4ef) jal     s1, pc - 0x20
core   0: 3 0x8000840a (0xfe1ff4ef) x9  0x8000840e
core   0: 0x800083ea (0x00a002ef) jal     t0, pc + 0xa
core   0: 3 0x800083ea (0x00a002ef) x5  0x800083ee
core   0: 0x800083f4 (0x004000ef) jal     pc + 0x4
core   0: 3 0x800083f4 (0x004000ef) x1  0x800083f8
core   0: 0x800083f8 (0x0000281d) c.jal   pc + 54
core   0: 3 0x800083f8 (0x281d) x1  0x800083fa
core   0: 0x8000842e (0x0000527d) c.li    tp, -1
core   0: 3 0x8000842e (0x527d) x4  0xffffffff
core   0: 0x80008430 (0x00004da9) c.li    s11, 10
core   0: 3 0x80008430 (0x4da9) x27 0x0000000a
core   0: 0x80008432 (0x000040a5) c.li    ra, 9
core   0: 3 0x80008432 (0x40a5) x1  0x00000009
core   0: 0x80008434 (0x00008776) c.mv    a4, t4
core   0: 3 0x80008434 (0x8776) x14 0xe2e61000
core   0: 0x80008436 (0x00001df9) c.addi  s11, -2
core   0: 3 0x80008436 (0x1df9) x27 0x00000008
core   0: 0x80008438 (0x00000e1a) c.slli  t3, 6
core   0: 3 0x80008438 (0x0e1a) x28 0x00010440
core   0: 0x8000843a (0x00004685) c.li    a3, 1
core   0: 3 0x8000843a (0x4685) x13 0x00000001
core   0: 0x8000843c (0x00dc64b3) or      s1, s8, a3
core   0: 3 0x8000843c (0x00dc64b3) x9  0xe7701289
core   0: 0x80008440 (0x00000001) c.nop
core   0: 3 0x80008440 (0x0001)
core   0: 0x80008442 (0x03adb633) mulhu   a2, s11, s10
core   0: 3 0x80008442 (0x03adb633) x12 0x00000007
core   0: 0x80008446 (0x00008e6d) c.and   a2, a1
core   0: 3 0x80008446 (0x8e6d) x12 0x00000000
core   0: 0x80008448 (0x000016fd) c.addi  a3, -1
core   0: 3 0x80008448 (0x16fd) x13 0x00000000
core   0: 0x8000844a (0x0000def5) c.beqz  a3, pc - 4
core   0: 3 0x8000844a (0xdef5)
core   0: 0x80008446 (0x00008e6d) c.and   a2, a1
core   0: 3 0x80008446 (0x8e6d) x12 0x00000000
core   0: 0x80008448 (0x000016fd) c.addi  a3, -1
core   0: 3 0x80008448 (0x16fd) x13 0xffffffff
core   0: 0x8000844a (0x0000def5) c.beqz  a3, pc - 4
core   0: 3 0x8000844a (0xdef5)
core   0: 0x8000844c (0x000085dd) c.srai  a1, 23
core   0: 3 0x8000844c (0x85dd) x11 0x00000000
core   0: 0x8000844e (0xfe1df3e3) bgeu    s11, ra, pc - 26
core   0: 3 0x8000844e (0xfe1df3e3)
core   0: 0x80008452 (0x40fa5713) srai    a4, s4, 15
core   0: 3 0x80008452 (0x40fa5713) x14 0xffff0004
core   0: 0x80008456 (0x00005c61) c.li    s8, -8
core   0: 3 0x80008456 (0x5c61) x24 0xfffffff8
core   0: 0x80008458 (0x000085fa) c.mv    a1, t5
core   0: 3 0x80008458 (0x85fa) x11 0xfffffff6
core   0: 0x8000845a (0x000056f5) c.li    a3, -3
core   0: 3 0x8000845a (0x56f5) x13 0xfffffffd
core   0: 0x8000845c (0x000081bd) c.srli  a1, 15
core   0: 3 0x8000845c (0x81bd) x11 0x0001ffff
core   0: 0x8000845e (0x0c777e93) andi    t4, a4, 199
core   0: 3 0x8000845e (0x0c777e93) x29 0x00000004
core   0: 0x80008462 (0x00008425) c.srai  s0, 9
core   0: 3 0x80008462 (0x8425) x8  0x0000007a
core   0: 0x80008464 (0x00000d88) c.addi4spn a0, sp, 720
core   0: 3 0x80008464 (0x0d88) x10 0xf38425b7
core   0: 0x80008466 (0x00000001) c.nop
core   0: 3 0x80008466 (0x0001)
core   0: 0x80008468 (0x00000c11) c.addi  s8, 4
core   0: 3 0x80008468 (0x0c11) x24 0xfffffffc
core   0: 0x8000846a (0x000063f9) c.lui   t2, 0x1e
core   0: 3 0x8000846a (0x63f9) x7  0x0001e000
core   0: 0x8000846c (0x001bd513) srli    a0, s7, 1
core   0: 3 0x8000846c (0x001bd513) x10 0x4000ab9c
core   0: 0x80008470 (0x00008f85) c.sub   a5, s1
core   0: 3 0x80008470 (0x8f85) x15 0x1890d05a
core   0: 0x80008472 (0x00e39793) slli    a5, t2, 14
core   0: 3 0x80008472 (0x00e39793) x15 0x78000000
core   0: 0x80008476 (0x03d93533) mulhu   a0, s2, t4
core   0: 3 0x80008476 (0x03d93533) x10 0x00000000
core   0: 0x8000847a (0xfedc45e3) blt     s8, a3, pc - 22
core   0: 3 0x8000847a (0xfedc45e3)
core   0: 0x80008464 (0x00000d88) c.addi4spn a0, sp, 720
core   0: 3 0x80008464 (0x0d88) x10 0xf38425b7
core   0: 0x80008466 (0x00000001) c.nop
core   0: 3 0x80008466 (0x0001)
core   0: 0x80008468 (0x00000c11) c.addi  s8, 4
core   0: 3 0x80008468 (0x0c11) x24 0x00000000
core   0: 0x8000846a (0x000063f9) c.lui   t2, 0x1e
core   0: 3 0x8000846a (0x63f9) x7  0x0001e000
core   0: 0x8000846c (0x001bd513) srli    a0, s7, 1
core   0: 3 0x8000846c (0x001bd513) x10 0x4000ab9c
core   0: 0x80008470 (0x00008f85) c.sub   a5, s1
core   0: 3 0x80008470 (0x8f85) x15 0x908fed77
core   0: 0x80008472 (0x00e39793) slli    a5, t2, 14
core   0: 3 0x80008472 (0x00e39793) x15 0x78000000
core   0: 0x80008476 (0x03d93533) mulhu   a0, s2, t4
core   0: 3 0x80008476 (0x03d93533) x10 0x00000000
core   0: 0x8000847a (0xfedc45e3) blt     s8, a3, pc - 22
core   0: 3 0x8000847a (0xfedc45e3)
core   0: 0x8000847e (0x02cd11b3) mulh    gp, s10, a2
core   0: 3 0x8000847e (0x02cd11b3) x3  0x00000000
core   0: 0x80008482 (0x001d6e33) or      t3, s10, ra
core   0: 3 0x80008482 (0x001d6e33) x28 0xffffffeb
core   0: 0x80008486 (0x0000ca0d) c.beqz  a2, pc + 50
core   0: 3 0x80008486 (0xca0d)
core   0: 0x800084b8 (0x036013b3) mulh    t2, zero, s6
core   0: 3 0x800084b8 (0x036013b3) x7  0x00000000
core   0: 0x800084bc (0x4acc4313) xori    t1, s8, 1196
core   0: 3 0x800084bc (0x4acc4313) x6  0x000004ac
core   0: 0x800084c0 (0x00008222) c.mv    tp, s0
core   0: 3 0x800084c0 (0x8222) x4  0x0000007a
core   0: 0x800084c2 (0x02169333) mulh    t1, a3, ra
core   0: 3 0x800084c2 (0x02169333) x6  0xffffffff
core   0: 0x800084c6 (0x05ec6d13) ori     s10, s8, 94
core   0: 3 0x800084c6 (0x05ec6d13) x26 0x0000005e
core   0: 0x800084ca (0x01b1be33) sltu    t3, gp, s11
core   0: 3 0x800084ca (0x01b1be33) x28 0x00000001
core   0: 0x800084ce (0x8394f813) andi    a6, s1, -1991
core   0: 3 0x800084ce (0x8394f813) x16 0xe7701009
core   0: 0x800084d2 (0x0000436d) c.li    t1, 27
core   0: 3 0x800084d2 (0x436d) x6  0x0000001b
core   0: 0x800084d4 (0x01ed2933) slt     s2, s10, t5
core   0: 3 0x800084d4 (0x01ed2933) x18 0x00000000
core   0: 0x800084d8 (0x010277b3) and     a5, tp, a6
core   0: 3 0x800084d8 (0x010277b3) x15 0x00000008
core   0: 0x800084dc (0x00000001) c.nop
core   0: 3 0x800084dc (0x0001)
core   0: 0x800084de (0x00000001) c.nop
core   0: 3 0x800084de (0x0001)
core   0: 0x800084e0 (0xd6574b93) xori    s7, a4, -667
core   0: 3 0x800084e0 (0xd6574b93) x23 0x0000fd61
core   0: 0x800084e4 (0x027e3d33) mulhu   s10, t3, t2
core   0: 3 0x800084e4 (0x027e3d33) x26 0x00000000
core   0: 0x800084e8 (0x02a1deb3) divu    t4, gp, a0
core   0: 3 0x800084e8 (0x02a1deb3) x29 0xffffffff
core   0: 0x800084ec (0x02268563) beq     a3, sp, pc + 42
core   0: 3 0x800084ec (0x02268563)
core   0: 0x800084f0 (0x00000001) c.nop
core   0: 3 0x800084f0 (0x0001)
core   0: 0x800084f2 (0x00d8e2b3) or      t0, a7, a3
core   0: 3 0x800084f2 (0x00d8e2b3) x5  0xffffffff
core   0: 0x800084f6 (0x4079d0b3) sra     ra, s3, t2
core   0: 3 0x800084f6 (0x4079d0b3) x1  0x800105dd
core   0: 0x800084fa (0x0164d963) bge     s1, s6, pc + 18
core   0: 3 0x800084fa (0x0164d963)
core   0: 0x800084fe (0x005541b3) xor     gp, a0, t0
core   0: 3 0x800084fe (0x005541b3) x3  0xffffffff
core   0: 0x80008502 (0x01736333) or      t1, t1, s7
core   0: 3 0x80008502 (0x01736333) x6  0x0000fd7b
core   0: 0x80008506 (0x611fa5b7) lui     a1, 0x611fa
core   0: 3 0x80008506 (0x611fa5b7) x11 0x611fa000
core   0: 0x8000850a (0x00000001) c.nop
core   0: 3 0x8000850a (0x0001)
core   0: 0x8000850c (0x00d8a933) slt     s2, a7, a3
core   0: 3 0x8000850c (0x00d8a933) x18 0x00000001
core   0: 0x80008510 (0x000018fd) c.addi  a7, -1
core   0: 3 0x80008510 (0x18fd) x17 0x80010841
core   0: 0x80008512 (0x015cdd63) bge     s9, s5, pc + 26
core   0: 3 0x80008512 (0x015cdd63)
core   0: 0x8000852c (0x00008b96) c.mv    s7, t0
core   0: 3 0x8000852c (0x8b96) x23 0xffffffff
core   0: 0x8000852e (0x59e76393) ori     t2, a4, 1438
core   0: 3 0x8000852e (0x59e76393) x7  0xffff059e
core   0: 0x80008532 (0x011cc033) xor     zero, s9, a7
core   0: 3 0x80008532 (0x011cc033)
core   0: 0x80008536 (0x018c99b3) sll     s3, s9, s8
core   0: 3 0x80008536 (0x018c99b3) x19 0x00000069
core   0: 0x8000853a (0x004a71b3) and     gp, s4, tp
core   0: 3 0x8000853a (0x004a71b3) x3  0x00000010
core   0: 0x8000853e (0x00008d8d) c.sub   a1, a1
core   0: 3 0x8000853e (0x8d8d) x11 0x00000000
core   0: 0x80008540 (0x038a3833) mulhu   a6, s4, s8
core   0: 3 0x80008540 (0x038a3833) x16 0x00000000
core   0: 0x80008544 (0x00795db3) srl     s11, s2, t2
core   0: 3 0x80008544 (0x00795db3) x27 0x00000000
core   0: 0x80008548 (0x000018fd) c.addi  a7, -1
core   0: 3 0x80008548 (0x18fd) x17 0x80010840
core   0: 0x8000854a (0x005d21b3) slt     gp, s10, t0
core   0: 3 0x8000854a (0x005d21b3) x3  0x00000000
core   0: 0x8000854e (0x02653833) mulhu   a6, a0, t1
core   0: 3 0x8000854e (0x02653833) x16 0x00000000
core   0: 0x80008552 (0x00000001) c.nop
core   0: 3 0x80008552 (0x0001)
core   0: 0x80008554 (0x00eaf663) bgeu    s5, a4, pc + 12
core   0: 3 0x80008554 (0x00eaf663)
core   0: 0x80008558 (0x034f4063) blt     t5, s4, pc + 32
core   0: 3 0x80008558 (0x034f4063)
core   0: 0x8000855c (0x010ecdb3) xor     s11, t4, a6
core   0: 3 0x8000855c (0x010ecdb3) x27 0xffffffff
core   0: 0x80008560 (0x00000001) c.nop
core   0: 3 0x80008560 (0x0001)
core   0: 0x80008562 (0x0000817d) c.srli  a0, 31
core   0: 3 0x80008562 (0x817d) x10 0x00000000
core   0: 0x80008564 (0x0271e033) rem     zero, gp, t2
core   0: 3 0x80008564 (0x0271e033)
core   0: 0x80008568 (0x0146dd13) srli    s10, a3, 20
core   0: 3 0x80008568 (0x0146dd13) x26 0x00000fff
core   0: 0x8000856c (0x404b5493) srai    s1, s6, 4
core   0: 3 0x8000856c (0x404b5493) x9  0x0000000d
core   0: 0x80008570 (0x0113e6b3) or      a3, t2, a7
core   0: 3 0x80008570 (0x0113e6b3) x13 0xffff0dde
core   0: 0x80008574 (0x415588b3) sub     a7, a1, s5
core   0: 3 0x80008574 (0x415588b3) x17 0x7ffd62dc
core   0: 0x80008578 (0x00008e2d) c.xor   a2, a1
core   0: 3 0x80008578 (0x8e2d) x12 0x00000000
core   0: 0x8000857a (0x000060c5) c.lui   ra, 0x11
core   0: 3 0x8000857a (0x60c5) x1  0x00011000
core   0: 0x8000857c (0xf29060b7) lui     ra, 0xf2906
core   0: 3 0x8000857c (0xf29060b7) x1  0xf2906000
core   0: 0x80008580 (0x0000b517) auipc   a0, 0xb
core   0: 3 0x80008580 (0x0000b517) x10 0x80013580
core   0: 0x80008584 (0x7c150513) addi    a0, a0, 1985
core   0: 3 0x80008584 (0x7c150513) x10 0x80013d41
core   0: 0x80008588 (0x03dcfe33) remu    t3, s9, t4
core   0: 3 0x80008588 (0x03dcfe33) x28 0x00000069
core   0: 0x8000858c (0xecd25917) auipc   s2, 0xecd25
core   0: 3 0x8000858c (0xecd25917) x18 0x6cd2d58c
core   0: 0x80008590 (0x07a50203) lb      tp, 122(a0)
core   0: 3 0x80008590 (0x07a50203) x4  0x00000070 mem 0x80013dbb
core   0: 0x80008594 (0x00000001) c.nop
core   0: 3 0x80008594 (0x0001)
core   0: 0x80008596 (0x027dc3b3) div     t2, s11, t2
core   0: 3 0x80008596 (0x027dc3b3) x7  0x00000000
core   0: 0x8000859a (0x00a9ae33) slt     t3, s3, a0
core   0: 3 0x8000859a (0x00a9ae33) x28 0x00000000
core   0: 0x8000859e (0x000099fd) c.andi  a1, -1
core   0: 3 0x8000859e (0x99fd) x11 0x00000000
core   0: 0x800085a0 (0xf1454f83) lbu     t6, -236(a0)
core   0: 3 0x800085a0 (0xf1454f83) x31 0x0000000e mem 0x80013c55
core   0: 0x800085a4 (0x01450b83) lb      s7, 20(a0)
core   0: 3 0x800085a4 (0x01450b83) x23 0x0000000e mem 0x80013d55
core   0: 0x800085a8 (0x0f850023) sb      s8, 224(a0)
core   0: 3 0x800085a8 (0x0f850023) mem 0x80013e21 0x00
core   0: 0x800085ac (0xf3b51883) lh      a7, -197(a0)
core   0: 3 0x800085ac (0xf3b51883) x17 0x00003637 mem 0x80013c7c
core   0: 0x800085b0 (0x00008c31) c.xor   s0, a2
core   0: 3 0x800085b0 (0x8c31) x8  0x0000007a
core   0: 0x800085b2 (0xf56518a3) sh      s6, -175(a0)
core   0: 3 0x800085b2 (0xf56518a3) mem 0x80013c92 0x00d2
core   0: 0x800085b6 (0xa4c3e213) ori     tp, t2, -1460
core   0: 3 0x800085b6 (0xa4c3e213) x4  0xfffffa4c
core   0: 0x800085ba (0x02454903) lbu     s2, 36(a0)
core   0: 3 0x800085ba (0x02454903) x18 0x0000001e mem 0x80013d65
core   0: 0x800085be (0x09b54303) lbu     t1, 155(a0)
core   0: 3 0x800085be (0x09b54303) x6  0x00000097 mem 0x80013ddc
core   0: 0x800085c2 (0x001bc1b3) xor     gp, s7, ra
core   0: 3 0x800085c2 (0x001bc1b3) x3  0xf290600e
core   0: 0x800085c6 (0x00008f61) c.and   a4, s0
core   0: 3 0x800085c6 (0x8f61) x14 0x00000000
core   0: 0x800085c8 (0x00000001) c.nop
core   0: 3 0x800085c8 (0x0001)
core   0: 0x800085ca (0x038451b3) divu    gp, s0, s8
core   0: 3 0x800085ca (0x038451b3) x3  0xffffffff
core   0: 0x800085ce (0x40ae53b3) sra     t2, t3, a0
core   0: 3 0x800085ce (0x40ae53b3) x7  0x00000000
core   0: 0x800085d2 (0xf6554803) lbu     a6, -155(a0)
core   0: 3 0x800085d2 (0xf6554803) x16 0x0000005d mem 0x80013ca6
core   0: 0x800085d6 (0xf0650c23) sb      t1, -232(a0)
core   0: 3 0x800085d6 (0xf0650c23) mem 0x80013c59 0x97
core   0: 0x800085da (0x414d5eb3) sra     t4, s10, s4
core   0: 3 0x800085da (0x414d5eb3) x29 0x00000000
core   0: 0x800085de (0x03050d83) lb      s11, 48(a0)
core   0: 3 0x800085de (0x03050d83) x27 0x0000002a mem 0x80013d71
core   0: 0x800085e2 (0x000067ed) c.lui   a5, 0x1b
core   0: 3 0x800085e2 (0x67ed) x15 0x0001b000
core   0: 0x800085e4 (0x010fb233) sltu    tp, t6, a6
core   0: 3 0x800085e4 (0x010fb233) x4  0x00000001
core   0: 0x800085e8 (0x00008db1) c.xor   a1, a2
core   0: 3 0x800085e8 (0x8db1) x11 0x00000000
core   0: 0x800085ea (0x96613213) sltiu   tp, sp, -1690
core   0: 3 0x800085ea (0x96613213) x4  0x00000001
core   0: 0x800085ee (0x0000987d) c.andi  s0, -1
core   0: 3 0x800085ee (0x987d) x8  0x0000007a
core   0: 0x800085f0 (0x63edbb13) sltiu   s6, s11, 1598
core   0: 3 0x800085f0 (0x63edbb13) x22 0x00000001
core   0: 0x800085f4 (0x03283bb3) mulhu   s7, a6, s2
core   0: 3 0x800085f4 (0x03283bb3) x23 0x00000000
core   0: 0x800085f8 (0x00009bfd) c.andi  a5, -1
core   0: 3 0x800085f8 (0x9bfd) x15 0x0001b000
core   0: 0x800085fa (0x400bd813) srai    a6, s7, 0
core   0: 3 0x800085fa (0x400bd813) x16 0x00000000
core   0: 0x800085fe (0x00005b7d) c.li    s6, -1
core   0: 3 0x800085fe (0x5b7d) x22 0xffffffff
core   0: 0x80008600 (0x00008cf1) c.and   s1, a2
core   0: 3 0x80008600 (0x8cf1) x9  0x00000000
core   0: 0x80008602 (0x00ca74b3) and     s1, s4, a2
core   0: 3 0x80008602 (0x00ca74b3) x9  0x00000000
core   0: 0x80008606 (0x40905293) srai    t0, zero, 9
core   0: 3 0x80008606 (0x40905293) x5  0x00000000
core   0: 0x8000860a (0x00008bd5) c.andi  a5, 21
core   0: 3 0x8000860a (0x8bd5) x15 0x00000000
core   0: 0x8000860c (0x40fc5b13) srai    s6, s8, 15
core   0: 3 0x8000860c (0x40fc5b13) x22 0x00000000
core   0: 0x80008610 (0x00000395) c.addi  t2, 5
core   0: 3 0x80008610 (0x0395) x7  0x00000005
core   0: 0x80008612 (0x40805213) srai    tp, zero, 8
core   0: 3 0x80008612 (0x40805213) x4  0x00000000
core   0: 0x80008616 (0x01a1ae33) slt     t3, gp, s10
core   0: 3 0x80008616 (0x01a1ae33) x28 0x00000001
core   0: 0x8000861a (0x00000262) c.slli  tp, 24
core   0: 3 0x8000861a (0x0262) x4  0x00000000
core   0: 0x8000861c (0x41c20333) sub     t1, tp, t3
core   0: 3 0x8000861c (0x41c20333) x6  0xffffffff
core   0: 0x80008620 (0x00006c35) c.lui   s8, 0xd
core   0: 3 0x80008620 (0x6c35) x24 0x0000d000
core   0: 0x80008622 (0xceca4513) xori    a0, s4, -788
core   0: 3 0x80008622 (0xceca4513) x10 0x7ffda2f8
core   0: 0x80008626 (0x03badeb3) divu    t4, s5, s11
core   0: 3 0x80008626 (0x03badeb3) x29 0x030c40b1
core   0: 0x8000862a (0x41fbd013) srai    zero, s7, 31
core   0: 3 0x8000862a (0x41fbd013)
core   0: 0x8000862e (0x00bc7933) and     s2, s8, a1
core   0: 3 0x8000862e (0x00bc7933) x18 0x00000000
core   0: 0x80008632 (0x0000987d) c.andi  s0, -1
core   0: 3 0x80008632 (0x987d) x8  0x0000007a
core   0: 0x80008634 (0x00008e69) c.and   a2, a0
core   0: 3 0x80008634 (0x8e69) x12 0x00000000
core   0: 0x80008636 (0x03286033) rem     zero, a6, s2
core   0: 3 0x80008636 (0x03286033)
core   0: 0x8000863a (0x03d6e933) rem     s2, a3, t4
core   0: 3 0x8000863a (0x03d6e933) x18 0xffff0dde
core   0: 0x8000863e (0x00000001) c.nop
core   0: 3 0x8000863e (0x0001)
core   0: 0x80008640 (0x004f1bb3) sll     s7, t5, tp
core   0: 3 0x80008640 (0x004f1bb3) x23 0xfffffff6
core   0: 0x80008644 (0x016238b3) sltu    a7, tp, s6
core   0: 3 0x80008644 (0x016238b3) x17 0x00000000
core   0: 0x80008648 (0x414983b3) sub     t2, s3, s4
core   0: 3 0x80008648 (0x414983b3) x7  0x7ffda255
core   0: 0x8000864c (0x01d768b3) or      a7, a4, t4
core   0: 3 0x8000864c (0x01d768b3) x17 0x030c40b1
core   0: 0x80008650 (0x00008de5) c.and   a1, s1
core   0: 3 0x80008650 (0x8de5) x11 0x00000000
core   0: 0x80008652 (0x00006195) c.lui   gp, 0x5
core   0: 3 0x80008652 (0x6195) x3  0x00005000
core   0: 0x80008654 (0x001ba933) slt     s2, s7, ra
core   0: 3 0x80008654 (0x001ba933) x18 0x00000000
core   0: 0x80008658 (0x0000ec9d) c.bnez  s1, pc + 62
core   0: 3 0x80008658 (0xec9d)
core   0: 0x8000865a (0x00f56263) bltu    a0, a5, pc + 4
core   0: 3 0x8000865a (0x00f56263)
core   0: 0x8000865e (0x00008bd9) c.andi  a5, 22
core   0: 3 0x8000865e (0x8bd9) x15 0x00000000
core   0: 0x80008660 (0x00d39f13) slli    t5, t2, 13
core   0: 3 0x80008660 (0x00d39f13) x30 0xb44aa000
core   0: 0x80008664 (0x00008e99) c.sub   a3, a4
core   0: 3 0x80008664 (0x8e99) x13 0xffff0dde
core   0: 0x80008666 (0x00327b33) and     s6, tp, gp
core   0: 3 0x80008666 (0x00327b33) x22 0x00000000
core   0: 0x8000866a (0x4b1fc613) xori    a2, t6, 1201
core   0: 3 0x8000866a (0x4b1fc613) x12 0x000004bf
core   0: 0x8000866e (0x405bd613) srai    a2, s7, 5
core   0: 3 0x8000866e (0x405bd613) x12 0xffffffff
core   0: 0x80008672 (0x0000557d) c.li    a0, -1
core   0: 3 0x80008672 (0x557d) x10 0xffffffff
core   0: 0x80008674 (0x416b83b3) sub     t2, s7, s6
core   0: 3 0x80008674 (0x416b83b3) x7  0xfffffff6
core   0: 0x80008678 (0x00000001) c.nop
core   0: 3 0x80008678 (0x0001)
core   0: 0x8000867a (0x020ea9b3) mulhsu  s3, t4, zero
core   0: 3 0x8000867a (0x020ea9b3) x19 0x00000000
core   0: 0x8000867e (0x034dbe33) mulhu   t3, s11, s4
core   0: 3 0x8000867e (0x034dbe33) x28 0x00000015
core   0: 0x80008682 (0x000052fd) c.li    t0, -1
core   0: 3 0x80008682 (0x52fd) x5  0xffffffff
core   0: 0x80008684 (0x000042e1) c.li    t0, 24
core   0: 3 0x80008684 (0x42e1) x5  0x00000018
core   0: 0x80008686 (0xafd06913) ori     s2, zero, -1283
core   0: 3 0x80008686 (0xafd06913) x18 0xfffffafd
core   0: 0x8000868a (0x01119e93) slli    t4, gp, 17
core   0: 3 0x8000868a (0x01119e93) x29 0xa0000000
core   0: 0x8000868e (0xcd0c3313) sltiu   t1, s8, -816
core   0: 3 0x8000868e (0xcd0c3313) x6  0x00000001
core   0: 0x80008692 (0x404bdc33) sra     s8, s7, tp
core   0: 3 0x80008692 (0x404bdc33) x24 0xfffffff6
core   0: 0x80008696 (0x00008c61) c.and   s0, s0
core   0: 3 0x80008696 (0x8c61) x8  0x0000007a
core   0: 0x80008698 (0x00000249) c.addi  tp, 18
core   0: 3 0x80008698 (0x0249) x4  0x00000012
core   0: 0x8000869a (0x031c61b3) rem     gp, s8, a7
core   0: 3 0x8000869a (0x031c61b3) x3  0xfffffff6
core   0: 0x8000869e (0x40990233) sub     tp, s2, s1
core   0: 3 0x8000869e (0x40990233) x4  0xfffffafd
core   0: 0x800086a2 (0x00b51e33) sll     t3, a0, a1
core   0: 3 0x800086a2 (0x00b51e33) x28 0xffffffff
core   0: 0x800086a6 (0x00608033) add     zero, ra, t1
core   0: 3 0x800086a6 (0x00608033)
core   0: 0x800086aa (0x00e214b3) sll     s1, tp, a4
core   0: 3 0x800086aa (0x00e214b3) x9  0xfffffafd
core   0: 0x800086ae (0xe9f22613) slti    a2, tp, -353
core   0: 3 0x800086ae (0xe9f22613) x12 0x00000001
core   0: 0x800086b2 (0x02710263) beq     sp, t2, pc + 36
core   0: 3 0x800086b2 (0x02710263)
core   0: 0x800086b6 (0x41fc87b3) sub     a5, s9, t6
core   0: 3 0x800086b6 (0x41fc87b3) x15 0x0000005b
core   0: 0x800086ba (0x00000b25) c.addi  s6, 9
core   0: 3 0x800086ba (0x0b25) x22 0x00000009
core   0: 0x800086bc (0x014d1c33) sll     s8, s10, s4
core   0: 3 0x800086bc (0x014d1c33) x24 0xfff00000
core   0: 0x800086c0 (0x00000001) c.nop
core   0: 3 0x800086c0 (0x0001)
core   0: 0x800086c2 (0x00eee6b3) or      a3, t4, a4
core   0: 3 0x800086c2 (0x00eee6b3) x13 0xa0000000
core   0: 0x800086c6 (0x03dd32b3) mulhu   t0, s10, t4
core   0: 3 0x800086c6 (0x03dd32b3) x5  0x000009ff
core   0: 0x800086ca (0x00008dfd) c.and   a1, a5
core   0: 3 0x800086ca (0x8dfd) x11 0x00000000
core   0: 0x800086cc (0x01c83433) sltu    s0, a6, t3
core   0: 3 0x800086cc (0x01c83433) x8  0x00000001
core   0: 0x800086d0 (0x014ccb33) xor     s6, s9, s4
core   0: 3 0x800086d0 (0x014ccb33) x22 0x80025e7d
core   0: 0x800086d4 (0x00008ced) c.and   s1, a1
core   0: 3 0x800086d4 (0x8ced) x9  0x00000000
core   0: 0x800086d6 (0xc9ef3b13) sltiu   s6, t5, -866
core   0: 3 0x800086d6 (0xc9ef3b13) x22 0x00000001
core   0: 0x800086da (0x02582433) mulhsu  s0, a6, t0
core   0: 3 0x800086da (0x02582433) x8  0x00000000
core   0: 0x800086de (0x00008e81) c.sub   a3, s0
core   0: 3 0x800086de (0x8e81) x13 0xa0000000
core   0: 0x800086e0 (0x00008c6d) c.and   s0, a1
core   0: 3 0x800086e0 (0x8c6d) x8  0x00000000
core   0: 0x800086e2 (0x0000987d) c.andi  s0, -1
core   0: 3 0x800086e2 (0x987d) x8  0x00000000
core   0: 0x800086e4 (0x00e53433) sltu    s0, a0, a4
core   0: 3 0x800086e4 (0x00e53433) x8  0x00000000
core   0: 0x800086e8 (0x02b70763) beq     a4, a1, pc + 46
core   0: 3 0x800086e8 (0x02b70763)
core   0: 0x80008716 (0x02c895b3) mulh    a1, a7, a2
core   0: 3 0x80008716 (0x02c895b3) x11 0x00000000
core   0: 0x8000871a (0x0000849d) c.srai  s1, 7
core   0: 3 0x8000871a (0x849d) x9  0x00000000
core   0: 0x8000871c (0x00000001) c.nop
core   0: 3 0x8000871c (0x0001)
core   0: 0x8000871e (0x00000001) c.nop
core   0: 3 0x8000871e (0x0001)
core   0: 0x80008720 (0x00542633) slt     a2, s0, t0
core   0: 3 0x80008720 (0x00542633) x12 0x00000001
core   0: 0x80008724 (0x02948733) mul     a4, s1, s1
core   0: 3 0x80008724 (0x02948733) x14 0x00000000
core   0: 0x80008728 (0x00000001) c.nop
core   0: 3 0x80008728 (0x0001)
core   0: 0x8000872a (0x020909b3) mul     s3, s2, zero
core   0: 3 0x8000872a (0x020909b3) x19 0x00000000
core   0: 0x8000872e (0x416fd3b3) sra     t2, t6, s6
core   0: 3 0x8000872e (0x416fd3b3) x7  0x00000007
core   0: 0x80008732 (0x50002813) slti    a6, zero, 1280
core   0: 3 0x80008732 (0x50002813) x16 0x00000001
core   0: 0x80008736 (0x0319ccb3) div     s9, s3, a7
core   0: 3 0x80008736 (0x0319ccb3) x25 0x00000000
core   0: 0x8000873a (0x0000eb09) c.bnez  a4, pc + 18
core   0: 3 0x8000873a (0xeb09)
core   0: 0x8000873c (0x9bf94193) xori    gp, s2, -1601
core   0: 3 0x8000873c (0x9bf94193) x3  0x00000342
core   0: 0x80008740 (0x00f7bc33) sltu    s8, a5, a5
core   0: 3 0x80008740 (0x00f7bc33) x24 0x00000000
core   0: 0x80008744 (0xf6a63913) sltiu   s2, a2, -150
core   0: 3 0x80008744 (0xf6a63913) x18 0x00000001
core   0: 0x80008748 (0x00196b33) or      s6, s2, ra
core   0: 3 0x80008748 (0x00196b33) x22 0xf2906001
core   0: 0x8000874c (0x00000001) c.nop
core   0: 3 0x8000874c (0x0001)
core   0: 0x8000874e (0x00a362b3) or      t0, t1, a0
core   0: 3 0x8000874e (0x00a362b3) x5  0xffffffff
core   0: 0x80008752 (0x0156d493) srli    s1, a3, 21
core   0: 3 0x80008752 (0x0156d493) x9  0x00000500
core   0: 0x80008756 (0x000087f1) c.srai  a5, 28
core   0: 3 0x80008756 (0x87f1) x15 0x00000000
core   0: 0x80008758 (0x0115c263) blt     a1, a7, pc + 4
core   0: 3 0x80008758 (0x0115c263)
core   0: 0x8000875c (0x00d2a9b3) slt     s3, t0, a3
core   0: 3 0x8000875c (0x00d2a9b3) x19 0x00000000
core   0: 0x80008760 (0x02c111b3) mulh    gp, sp, a2
core   0: 3 0x80008760 (0x02c111b3) x3  0xffffffff
core   0: 0x80008764 (0x020f7533) remu    a0, t5, zero
core   0: 3 0x80008764 (0x020f7533) x10 0xb44aa000
core   0: 0x80008768 (0x41a0d813) srai    a6, ra, 26
core   0: 3 0x80008768 (0x41a0d813) x16 0xfffffffc
core   0: 0x8000876c (0x00008ea9) c.xor   a3, a0
core   0: 3 0x8000876c (0x8ea9) x13 0x144aa000
core   0: 0x8000876e (0x0000cb81) c.beqz  a5, pc + 16
core   0: 3 0x8000876e (0xcb81)
core   0: 0x8000877e (0x00000dfd) c.addi  s11, 31
core   0: 3 0x8000877e (0x0dfd) x27 0x00000049
core   0: 0x80008780 (0x40db08b3) sub     a7, s6, a3
core   0: 3 0x80008780 (0x40db08b3) x17 0xde45c001
core   0: 0x80008784 (0x86cff713) andi    a4, t6, -1940
core   0: 3 0x80008784 (0x86cff713) x14 0x0000000c
core   0: 0x80008788 (0x0204dfb3) divu    t6, s1, zero
core   0: 3 0x80008788 (0x0204dfb3) x31 0xffffffff
core   0: 0x8000878c (0x03250263) beq     a0, s2, pc + 36
core   0: 3 0x8000878c (0x03250263)
core   0: 0x80008790 (0x00bf8963) beq     t6, a1, pc + 18
core   0: 3 0x80008790 (0x00bf8963)
core   0: 0x80008794 (0x0000147d) c.addi  s0, -1
core   0: 3 0x80008794 (0x147d) x8  0xffffffff
core   0: 0x80008796 (0x02545833) divu    a6, s0, t0
core   0: 3 0x80008796 (0x02545833) x16 0x00000001
core   0: 0x8000879a (0x00000001) c.nop
core   0: 3 0x8000879a (0x0001)
core   0: 0x8000879c (0x03d1c8b3) div     a7, gp, t4
core   0: 3 0x8000879c (0x03d1c8b3) x17 0x00000000
core   0: 0x800087a0 (0x00008de1) c.and   a1, s0
core   0: 3 0x800087a0 (0x8de1) x11 0x00000000
core   0: 0x800087a2 (0x018e5013) srli    zero, t3, 24
core   0: 3 0x800087a2 (0x018e5013)
core   0: 0x800087a6 (0x40ce53b3) sra     t2, t3, a2
core   0: 3 0x800087a6 (0x40ce53b3) x7  0xffffffff
core   0: 0x800087aa (0x00125eb3) srl     t4, tp, ra
core   0: 3 0x800087aa (0x00125eb3) x29 0xfffffafd
core   0: 0x800087ae (0x00006d15) c.lui   s10, 0x5
core   0: 3 0x800087ae (0x6d15) x26 0x00005000
core   0: 0x800087b0 (0x40345593) srai    a1, s0, 3
core   0: 3 0x800087b0 (0x40345593) x11 0xffffffff
core   0: 0x800087b4 (0x018d22b3) slt     t0, s10, s8
core   0: 3 0x800087b4 (0x018d22b3) x5  0x00000000
core   0: 0x800087b8 (0x03a44533) div     a0, s0, s10
core   0: 3 0x800087b8 (0x03a44533) x10 0x00000000
core   0: 0x800087bc (0x408581b3) sub     gp, a1, s0
core   0: 3 0x800087bc (0x408581b3) x3  0x00000000
core   0: 0x800087c0 (0x00eff2b3) and     t0, t6, a4
core   0: 3 0x800087c0 (0x00eff2b3) x5  0x0000000c
core   0: 0x800087c4 (0x0106f763) bgeu    a3, a6, pc + 14
core   0: 3 0x800087c4 (0x0106f763)
core   0: 0x800087d2 (0x01828e33) add     t3, t0, s8
core   0: 3 0x800087d2 (0x01828e33) x28 0x0000000c
core   0: 0x800087d6 (0x034d6463) bltu    s10, s4, pc + 40
core   0: 3 0x800087d6 (0x034d6463)
core   0: 0x800087fe (0x00000001) c.nop
core   0: 3 0x800087fe (0x0001)
core   0: 0x80008800 (0x00008c15) c.sub   s0, a3
core   0: 3 0x80008800 (0x8c15) x8  0xebb55fff
core   0: 0x80008802 (0x019d8233) add     tp, s11, s9
core   0: 3 0x80008802 (0x019d8233) x4  0x00000049
core   0: 0x80008806 (0x01149db3) sll     s11, s1, a7
core   0: 3 0x80008806 (0x01149db3) x27 0x00000500
core   0: 0x8000880a (0x08143d17) auipc   s10, 0x8143
core   0: 3 0x8000880a (0x08143d17) x26 0x8814b80a
core   0: 0x8000880e (0x01decc33) xor     s8, t4, t4
core   0: 3 0x8000880e (0x01decc33) x24 0x00000000
core   0: 0x80008812 (0x01077663) bgeu    a4, a6, pc + 12
core   0: 3 0x80008812 (0x01077663)
core   0: 0x8000881e (0x05358863) beq     a1, s3, pc + 80
core   0: 3 0x8000881e (0x05358863)
core   0: 0x80008822 (0x01bcae33) slt     t3, s9, s11
core   0: 3 0x80008822 (0x01bcae33) x28 0x00000001
core   0: 0x80008826 (0x0060036f) jal     t1, pc + 0x6
core   0: 3 0x80008826 (0x0060036f) x6  0x8000882a
core   0: 0x8000882c (0x00002021) c.jal   pc + 8
core   0: 3 0x8000882c (0x2021) x1  0x8000882e
core   0: 0x80008834 (0xffdff0ef) jal     pc - 0x4
core   0: 3 0x80008834 (0xffdff0ef) x1  0x80008838
core   0: 0x80008830 (0x0000a801) c.j     pc + 16
core   0: 3 0x80008830 (0xa801)
core   0: 0x80008840 (0x00002009) c.jal   pc + 2
core   0: 3 0x80008840 (0x2009) x1  0x80008842
core   0: 0x80008842 (0x0000bff5) c.j     pc - 4
core   0: 3 0x80008842 (0xbff5)
core   0: 0x8000883e (0x000037f5) c.jal   pc - 20
core   0: 3 0x8000883e (0x37f5) x1  0x80008840
core   0: 0x8000882a (0x0000a011) c.j     pc + 4
core   0: 3 0x8000882a (0xa011)
core   0: 0x8000882e (0x0000a029) c.j     pc + 10
core   0: 3 0x8000882e (0xa029)
core   0: 0x80008838 (0x0000bfed) c.j     pc - 6
core   0: 3 0x80008838 (0xbfed)
core   0: 0x80008832 (0x00002021) c.jal   pc + 8
core   0: 3 0x80008832 (0x2021) x1  0x80008834
core   0: 0x8000883a (0x00a0036f) jal     t1, pc + 0xa
core   0: 3 0x8000883a (0x00a0036f) x6  0x8000883e
core   0: 0x80008844 (0x00008261) c.srli  a2, 24
core   0: 3 0x80008844 (0x8261) x12 0x00000000
core   0: 0x80008846 (0x01189233) sll     tp, a7, a7
core   0: 3 0x80008846 (0x01189233) x4  0x00000000
core   0: 0x8000884a (0x412e55b3) sra     a1, t3, s2
core   0: 3 0x8000884a (0x412e55b3) x11 0x00000000
core   0: 0x8000884e (0x000087fa) c.mv    a5, t5
core   0: 3 0x8000884e (0x87fa) x15 0xb44aa000
core   0: 0x80008850 (0x41927f93) andi    t6, tp, 1049
core   0: 3 0x80008850 (0x41927f93) x31 0x00000000
core   0: 0x80008854 (0x40618f33) sub     t5, gp, t1
core   0: 3 0x80008854 (0x40618f33) x30 0x7fff77c2
core   0: 0x80008858 (0x04378163) beq     a5, gp, pc + 66
core   0: 3 0x80008858 (0x04378163)
core   0: 0x8000885c (0x00b54c33) xor     s8, a0, a1
core   0: 3 0x8000885c (0x00b54c33) x24 0x00000000
core   0: 0x80008860 (0x039d0b33) mul     s6, s10, s9
core   0: 3 0x80008860 (0x039d0b33) x22 0x00000000
core   0: 0x80008864 (0x000082a1) c.srli  a3, 8
core   0: 3 0x80008864 (0x82a1) x13 0x00144aa0
core   0: 0x80008866 (0x02d90833) mul     a6, s2, a3
core   0: 3 0x80008866 (0x02d90833) x16 0x00144aa0
core   0: 0x8000886a (0x02c8b093) sltiu   ra, a7, 44
core   0: 3 0x8000886a (0x02c8b093) x1  0x00000001
core   0: 0x8000886e (0x0000c809) c.beqz  s0, pc + 18
core   0: 3 0x8000886e (0xc809)
core   0: 0x80008870 (0x410a0e33) sub     t3, s4, a6
core   0: 3 0x80008870 (0x410a0e33) x28 0x7fee1374
core   0: 0x80008874 (0x000768b3) or      a7, a4, zero
core   0: 3 0x80008874 (0x000768b3) x17 0x0000000c
core   0: 0x80008878 (0x03679233) mulh    tp, a5, s6
core   0: 3 0x80008878 (0x03679233) x4  0x00000000
core   0: 0x8000887c (0x407c8fb3) sub     t6, s9, t2
core   0: 3 0x8000887c (0x407c8fb3) x31 0x00000001
core   0: 0x80008880 (0x0000669d) c.lui   a3, 0x7
core   0: 3 0x80008880 (0x669d) x13 0x00007000
core   0: 0x80008882 (0x01017e63) bgeu    sp, a6, pc + 28
core   0: 3 0x80008882 (0x01017e63)
core   0: 0x8000889e (0x00000c05) c.addi  s8, 1
core   0: 3 0x8000889e (0x0c05) x24 0x00000001
core   0: 0x800088a0 (0x00d8d193) srli    gp, a7, 13
core   0: 3 0x800088a0 (0x00d8d193) x3  0x00000000
core   0: 0x800088a4 (0xdfb4c613) xori    a2, s1, -517
core   0: 3 0x800088a4 (0xdfb4c613) x12 0xfffff8fb
core   0: 0x800088a8 (0x00008e39) c.xor   a2, a4
core   0: 3 0x800088a8 (0x8e39) x12 0xfffff8f7
core   0: 0x800088aa (0x85c86d13) ori     s10, a6, -1956
core   0: 3 0x800088aa (0x85c86d13) x26 0xfffffafc
core   0: 0x800088ae (0x00008e15) c.sub   a2, a3
core   0: 3 0x800088ae (0x8e15) x12 0xffff88f7
core   0: 0x800088b0 (0x7fb6a817) auipc   a6, 0x7fb6a
core   0: 3 0x800088b0 (0x7fb6a817) x16 0xffb728b0
core   0: 0x800088b4 (0x0276f463) bgeu    a3, t2, pc + 40
core   0: 3 0x800088b4 (0x0276f463)
core   0: 0x800088b8 (0x0000047e) c.slli  s0, 31
core   0: 3 0x800088b8 (0x047e) x8  0x80000000
core   0: 0x800088ba (0x91a7f893) andi    a7, a5, -1766
core   0: 3 0x800088ba (0x91a7f893) x17 0xb44aa000
core   0: 0x800088be (0x00008b39) c.andi  a4, 14
core   0: 3 0x800088be (0x8b39) x14 0x0000000c
core   0: 0x800088c0 (0x03fa7db3) remu    s11, s4, t6
core   0: 3 0x800088c0 (0x03fa7db3) x27 0x00000000
core   0: 0x800088c4 (0x0209b2b3) mulhu   t0, s3, zero
core   0: 3 0x800088c4 (0x0209b2b3) x5  0x00000000
core   0: 0x800088c8 (0x03cef5b3) remu    a1, t4, t3
core   0: 3 0x800088c8 (0x03cef5b3) x11 0x0023d415
core   0: 0x800088cc (0x00000001) c.nop
core   0: 3 0x800088cc (0x0001)
core   0: 0x800088ce (0x000089a9) c.andi  a1, 10
core   0: 3 0x800088ce (0x89a9) x11 0x00000000
core   0: 0x800088d0 (0x0286bf33) mulhu   t5, a3, s0
core   0: 3 0x800088d0 (0x0286bf33) x30 0x00003800
core   0: 0x800088d4 (0x0139dd13) srli    s10, s3, 19
core   0: 3 0x800088d4 (0x0139dd13) x26 0x00000000
core   0: 0x800088d8 (0x02821263) bne     tp, s0, pc + 36
core   0: 3 0x800088d8 (0x02821263)
core   0: 0x800088fc (0x41448e33) sub     t3, s1, s4
core   0: 3 0x800088fc (0x41448e33) x28 0x7ffda6ec
core   0: 0x80008900 (0x03e39263) bne     t2, t5, pc + 36
core   0: 3 0x80008900 (0x03e39263)
core   0: 0x80008924 (0x0000853a) c.mv    a0, a4
core   0: 3 0x80008924 (0x853a) x10 0x0000000c
core   0: 0x80008926 (0x0000ca01) c.beqz  a2, pc + 16
core   0: 3 0x80008926 (0xca01)
core   0: 0x80008928 (0xa2e98c93) addi    s9, s3, -1490
core   0: 3 0x80008928 (0xa2e98c93) x25 0xfffffa2e
core   0: 0x8000892c (0x02d39bb3) mulh    s7, t2, a3
core   0: 3 0x8000892c (0x02d39bb3) x23 0xffffffff
core   0: 0x80008930 (0x00000001) c.nop
core   0: 3 0x80008930 (0x0001)
core   0: 0x80008932 (0x00008376) c.mv    t1, t4
core   0: 3 0x80008932 (0x8376) x6  0xfffffafd
core   0: 0x80008934 (0x00000001) c.nop
core   0: 3 0x80008934 (0x0001)
core   0: 0x80008936 (0x41ab0633) sub     a2, s6, s10
core   0: 3 0x80008936 (0x41ab0633) x12 0x00000000
core   0: 0x8000893a (0x821db993) sltiu   s3, s11, -2015
core   0: 3 0x8000893a (0x821db993) x19 0x00000001
core   0: 0x8000893e (0xc7933897) auipc   a7, 0xc7933
core   0: 3 0x8000893e (0xc7933897) x17 0x4793b93e
core   0: 0x80008942 (0x00c7c733) xor     a4, a5, a2
core   0: 3 0x80008942 (0x00c7c733) x14 0xb44aa000
core   0: 0x80008946 (0x0000c11d) c.beqz  a0, pc + 38
core   0: 3 0x80008946 (0xc11d)
core   0: 0x80008948 (0x007b7633) and     a2, s6, t2
core   0: 3 0x80008948 (0x007b7633) x12 0x00000000
core   0: 0x8000894c (0x88f7f193) andi    gp, a5, -1905
core   0: 3 0x8000894c (0x88f7f193) x3  0xb44aa000
core   0: 0x80008950 (0x0000688d) c.lui   a7, 0x3
core   0: 3 0x80008950 (0x688d) x17 0x00003000
core   0: 0x80008952 (0x0008d963) bgez    a7, pc + 18
core   0: 3 0x80008952 (0x0008d963)
core   0: 0x80008964 (0xccd75837) lui     a6, 0xccd75
core   0: 3 0x80008964 (0xccd75837) x16 0xccd75000
core   0: 0x80008968 (0x034f8663) beq     t6, s4, pc + 44
core   0: 3 0x80008968 (0x034f8663)
core   0: 0x8000896c (0x000056fd) c.li    a3, -1
core   0: 3 0x8000896c (0x56fd) x13 0xffffffff
core   0: 0x8000896e (0x732e5c37) lui     s8, 0x732e5
core   0: 3 0x8000896e (0x732e5c37) x24 0x732e5000
core   0: 0x80008972 (0x2cf2a613) slti    a2, t0, 719
core   0: 3 0x80008972 (0x2cf2a613) x12 0x00000001
core   0: 0x80008976 (0x0000187d) c.addi  a6, -1
core   0: 3 0x80008976 (0x187d) x16 0xccd74fff
core   0: 0x80008978 (0x02d58b33) mul     s6, a1, a3
core   0: 3 0x80008978 (0x02d58b33) x22 0x00000000
core   0: 0x8000897c (0x44416c93) ori     s9, sp, 1092
core   0: 3 0x8000897c (0x44416c93) x25 0xf38426e7
core   0: 0x80008980 (0x02edb933) mulhu   s2, s11, a4
core   0: 3 0x80008980 (0x02edb933) x18 0x00000000
core   0: 0x80008984 (0x20640413) addi    s0, s0, 518
core   0: 3 0x80008984 (0x20640413) x8  0x80000206
core   0: 0x80008988 (0x00008e81) c.sub   a3, s0
core   0: 3 0x80008988 (0x8e81) x13 0x7ffffdf9
core   0: 0x8000898a (0x02ebd063) bge     s7, a4, pc + 32
core   0: 3 0x8000898a (0x02ebd063)
core   0: 0x800089aa (0x40fdde13) srai    t3, s11, 15
core   0: 3 0x800089aa (0x40fdde13) x28 0x00000000
core   0: 0x800089ae (0x416edfb3) sra     t6, t4, s6
core   0: 3 0x800089ae (0x416edfb3) x31 0xfffffafd
core   0: 0x800089b2 (0x0178f8b3) and     a7, a7, s7
core   0: 3 0x800089b2 (0x0178f8b3) x17 0x00003000
core   0: 0x800089b6 (0xa9096613) ori     a2, s2, -1392
core   0: 3 0x800089b6 (0xa9096613) x12 0xfffffa90
core   0: 0x800089ba (0x00495813) srli    a6, s2, 4
core   0: 3 0x800089ba (0x00495813) x16 0x00000000
core   0: 0x800089be (0x02f24233) div     tp, tp, a5
core   0: 3 0x800089be (0x02f24233) x4  0x00000000
core   0: 0x800089c2 (0x0114e533) or      a0, s1, a7
core   0: 3 0x800089c2 (0x0114e533) x10 0x00003500
core   0: 0x800089c6 (0x407ad093) srai    ra, s5, 7
core   0: 3 0x800089c6 (0x407ad093) x1  0xff00053a
core   0: 0x800089ca (0x00000c99) c.addi  s9, 6
core   0: 3 0x800089ca (0x0c99) x25 0xf38426ed
core   0: 0x800089cc (0x02e29533) mulh    a0, t0, a4
core   0: 3 0x800089cc (0x02e29533) x10 0x00000000
core   0: 0x800089d0 (0x019125b3) slt     a1, sp, s9
core   0: 3 0x800089d0 (0x019125b3) x11 0x00000001
core   0: 0x800089d4 (0x000082e5) c.srli  a3, 25
core   0: 3 0x800089d4 (0x82e5) x13 0x0000003f
core   0: 0x800089d6 (0x0555f213) andi    tp, a1, 85
core   0: 3 0x800089d6 (0x0555f213) x4  0x00000001
core   0: 0x800089da (0x000097ba) c.add   a5, a4
core   0: 3 0x800089da (0x97ba) x15 0x68954000
core   0: 0x800089dc (0x00008db5) c.xor   a1, a3
core   0: 3 0x800089dc (0x8db5) x11 0x0000003e
core   0: 0x800089de (0x00008ea5) c.xor   a3, s1
core   0: 3 0x800089de (0x8ea5) x13 0x0000053f
core   0: 0x800089e0 (0x00000001) c.nop
core   0: 3 0x800089e0 (0x0001)
core   0: 0x800089e2 (0x00008c05) c.sub   s0, s1
core   0: 3 0x800089e2 (0x8c05) x8  0x7ffffd06
core   0: 0x800089e4 (0x02f5c533) div     a0, a1, a5
core   0: 3 0x800089e4 (0x02f5c533) x10 0x00000000
core   0: 0x800089e8 (0x0242c633) div     a2, t0, tp
core   0: 3 0x800089e8 (0x0242c633) x12 0x00000000
core   0: 0x800089ec (0x03f4f063) bgeu    s1, t6, pc + 32
core   0: 3 0x800089ec (0x03f4f063)
core   0: 0x800089f0 (0xf4777f93) andi    t6, a4, -185
core   0: 3 0x800089f0 (0xf4777f93) x31 0xb44aa000
core   0: 0x800089f4 (0x00c3d963) bge     t2, a2, pc + 18
core   0: 3 0x800089f4 (0x00c3d963)
core   0: 0x800089f8 (0x00008f11) c.sub   a4, a2
core   0: 3 0x800089f8 (0x8f11) x14 0xb44aa000
core   0: 0x800089fa (0x01da10b3) sll     ra, s4, t4
core   0: 3 0x800089fa (0x01da10b3) x1  0x80000000
core   0: 0x800089fe (0x410ed593) srai    a1, t4, 16
core   0: 3 0x800089fe (0x410ed593) x11 0xffffffff
core   0: 0x80008a02 (0x030f6bb3) rem     s7, t5, a6
core   0: 3 0x80008a02 (0x030f6bb3) x23 0x00003800
core   0: 0x80008a06 (0xc3333413) sltiu   s0, t1, -973
core   0: 3 0x80008a06 (0xc3333413) x8  0x00000001
core   0: 0x80008a0a (0x00008fdd) c.or    a5, a5
core   0: 3 0x80008a0a (0x8fdd) x15 0x68954000
core   0: 0x80008a0c (0x005b1593) slli    a1, s6, 5
core   0: 3 0x80008a0c (0x005b1593) x11 0x00000000
core   0: 0x80008a10 (0x11cd8917) auipc   s2, 0x11cd8
core   0: 3 0x80008a10 (0x11cd8917) x18 0x91ce0a10
core   0: 0x80008a14 (0x01406333) or      t1, zero, s4
core   0: 3 0x80008a14 (0x01406333) x6  0x80025e14
core   0: 0x80008a18 (0x0102df13) srli    t5, t0, 16
core   0: 3 0x80008a18 (0x0102df13) x30 0x00000000
core   0: 0x80008a1c (0x0000cb0d) c.beqz  a4, pc + 50
core   0: 3 0x80008a1c (0xcb0d)
core   0: 0x80008a1e (0x41855f33) sra     t5, a0, s8
core   0: 3 0x80008a1e (0x41855f33) x30 0x00000000
core   0: 0x80008a22 (0x000044fd) c.li    s1, 31
core   0: 3 0x80008a22 (0x44fd) x9  0x0000001f
core   0: 0x80008a24 (0xf6424597) auipc   a1, 0xf6424
core   0: 3 0x80008a24 (0xf6424597) x11 0x7642ca24
core   0: 0x80008a28 (0x01c79713) slli    a4, a5, 28
core   0: 3 0x80008a28 (0x01c79713) x14 0x00000000
core   0: 0x80008a2c (0x01b72c33) slt     s8, a4, s11
core   0: 3 0x80008a2c (0x01b72c33) x24 0x00000000
core   0: 0x80008a30 (0x03b80833) mul     a6, a6, s11
core   0: 3 0x80008a30 (0x03b80833) x16 0x00000000
core   0: 0x80008a34 (0x009e5193) srli    gp, t3, 9
core   0: 3 0x80008a34 (0x009e5193) x3  0x00000000
core   0: 0x80008a38 (0x00009a7d) c.andi  a2, -1
core   0: 3 0x80008a38 (0x9a7d) x12 0x00000000
core   0: 0x80008a3a (0x00326563) bltu    tp, gp, pc + 10
core   0: 3 0x80008a3a (0x00326563)
core   0: 0x80008a3e (0x00008251) c.srli  a2, 20
core   0: 3 0x80008a3e (0x8251) x12 0x00000000
core   0: 0x80008a40 (0x0045e3b3) or      t2, a1, tp
core   0: 3 0x80008a40 (0x0045e3b3) x7  0x7642ca25
core   0: 0x80008a44 (0x000080c9) c.srli  s1, 18
core   0: 3 0x80008a44 (0x80c9) x9  0x00000000
core   0: 0x80008a46 (0x017a4763) blt     s4, s7, pc + 14
core   0: 3 0x80008a46 (0x017a4763)
core   0: 0x80008a54 (0x000011fd) c.addi  gp, -1
core   0: 3 0x80008a54 (0x11fd) x3  0xffffffff
core   0: 0x80008a56 (0x062a9017) auipc   zero, 0x62a9
core   0: 3 0x80008a56 (0x062a9017)
core   0: 0x80008a5a (0x0014ad33) slt     s10, s1, ra
core   0: 3 0x80008a5a (0x0014ad33) x26 0x00000000
core   0: 0x80008a5e (0x41a9d0b3) sra     ra, s3, s10
core   0: 3 0x80008a5e (0x41a9d0b3) x1  0x00000001
core   0: 0x80008a62 (0x03a80d33) mul     s10, a6, s10
core   0: 3 0x80008a62 (0x03a80d33) x26 0x00000000
core   0: 0x80008a66 (0x000086c5) c.srai  a3, 17
core   0: 3 0x80008a66 (0x86c5) x13 0x00000000
core   0: 0x80008a68 (0x03a6fbb3) remu    s7, a3, s10
core   0: 3 0x80008a68 (0x03a6fbb3) x23 0x00000000
core   0: 0x80008a6c (0x0000839d) c.srli  a5, 7
core   0: 3 0x80008a6c (0x839d) x15 0x00d12a80
core   0: 0x80008a6e (0x018d5263) bge     s10, s8, pc + 4
core   0: 3 0x80008a6e (0x018d5263)
core   0: 0x80008a72 (0x00008db5) c.xor   a1, a3
core   0: 3 0x80008a72 (0x8db5) x11 0x7642ca24
core   0: 0x80008a74 (0x8c7e7213) andi    tp, t3, -1849
core   0: 3 0x80008a74 (0x8c7e7213) x4  0x00000000
core   0: 0x80008a78 (0x000063dd) c.lui   t2, 0x17
core   0: 3 0x80008a78 (0x63dd) x7  0x00017000
core   0: 0x80008a7a (0x4162d0b3) sra     ra, t0, s6
core   0: 3 0x80008a7a (0x4162d0b3) x1  0x00000000
core   0: 0x80008a7e (0x000080e9) c.srli  s1, 26
core   0: 3 0x80008a7e (0x80e9) x9  0x00000000
core   0: 0x80008a80 (0x406a0e33) sub     t3, s4, t1
core   0: 3 0x80008a80 (0x406a0e33) x28 0x00000000
core   0: 0x80008a84 (0x027a2933) mulhsu  s2, s4, t2
core   0: 3 0x80008a84 (0x027a2933) x18 0xffff4803
core   0: 0x80008a88 (0x000099fd) c.andi  a1, -1
core   0: 3 0x80008a88 (0x99fd) x11 0x7642ca24
core   0: 0x80008a8a (0x00008b15) c.andi  a4, 5
core   0: 3 0x80008a8a (0x8b15) x14 0x00000000
core   0: 0x80008a8c (0x36882eb7) lui     t4, 0x36882
core   0: 3 0x80008a8c (0x36882eb7) x29 0x36882000
core   0: 0x80008a90 (0xcffe2093) slti    ra, t3, -769
core   0: 3 0x80008a90 (0xcffe2093) x1  0x00000000
core   0: 0x80008a94 (0x00161db3) sll     s11, a2, ra
core   0: 3 0x80008a94 (0x00161db3) x27 0x00000000
core   0: 0x80008a98 (0x00008f01) c.sub   a4, s0
core   0: 3 0x80008a98 (0x8f01) x14 0xffffffff
core   0: 0x80008a9a (0x0482e363) bltu    t0, s0, pc + 70
core   0: 3 0x80008a9a (0x0482e363)
core   0: 0x80008ae0 (0x015d39b3) sltu    s3, s10, s5
core   0: 3 0x80008ae0 (0x015d39b3) x19 0x00000001
core   0: 0x80008ae4 (0x03d18363) beq     gp, t4, pc + 38
core   0: 3 0x80008ae4 (0x03d18363)
core   0: 0x80008ae8 (0x003e84b3) add     s1, t4, gp
core   0: 3 0x80008ae8 (0x003e84b3) x9  0x36881fff
core   0: 0x80008aec (0x00008f89) c.sub   a5, a0
core   0: 3 0x80008aec (0x8f89) x15 0x00d12a80
core   0: 0x80008aee (0x8f4c3597) auipc   a1, 0x8f4c3
core   0: 3 0x80008aee (0x8f4c3597) x11 0x0f4cbaee
core   0: 0x80008af2 (0x018c3333) sltu    t1, s8, s8
core   0: 3 0x80008af2 (0x018c3333) x6  0x00000000
core   0: 0x80008af6 (0x03308833) mul     a6, ra, s3
core   0: 3 0x80008af6 (0x03308833) x16 0x00000000
core   0: 0x80008afa (0x00000e9d) c.addi  t4, 7
core   0: 3 0x80008afa (0x0e9d) x29 0x36882007
core   0: 0x80008afc (0x03eba333) mulhsu  t1, s7, t5
core   0: 3 0x80008afc (0x03eba333) x6  0x00000000
core   0: 0x80008b00 (0x00171593) slli    a1, a4, 1
core   0: 3 0x80008b00 (0x00171593) x11 0xfffffffe
core   0: 0x80008b04 (0x00008f85) c.sub   a5, s1
core   0: 3 0x80008b04 (0x8f85) x15 0xca490a81
core   0: 0x80008b06 (0x00e56e33) or      t3, a0, a4
core   0: 3 0x80008b06 (0x00e56e33) x28 0xffffffff
core   0: 0x80008b0a (0x02465bb3) divu    s7, a2, tp
core   0: 3 0x80008b0a (0x02465bb3) x23 0xffffffff
core   0: 0x80008b0e (0x023dad33) mulhsu  s10, s11, gp
core   0: 3 0x80008b0e (0x023dad33) x26 0x00000000
core   0: 0x80008b12 (0x7bd42c13) slti    s8, s0, 1981
core   0: 3 0x80008b12 (0x7bd42c13) x24 0x00000001
core   0: 0x80008b16 (0x0ee86d93) ori     s11, a6, 238
core   0: 3 0x80008b16 (0x0ee86d93) x27 0x000000ee
core   0: 0x80008b1a (0x00000001) c.nop
core   0: 3 0x80008b1a (0x0001)
core   0: 0x80008b1c (0x0147f033) and     zero, a5, s4
core   0: 3 0x80008b1c (0x0147f033)
core   0: 0x80008b20 (0x00676f33) or      t5, a4, t1
core   0: 3 0x80008b20 (0x00676f33) x30 0xffffffff
core   0: 0x80008b24 (0x025d8d33) mul     s10, s11, t0
core   0: 3 0x80008b24 (0x025d8d33) x26 0x00000000
core   0: 0x80008b28 (0xe79f8bb7) lui     s7, 0xe79f8
core   0: 3 0x80008b28 (0xe79f8bb7) x23 0xe79f8000
core   0: 0x80008b2c (0x002582b3) add     t0, a1, sp
core   0: 3 0x80008b2c (0x002582b3) x5  0xf38422e5
core   0: 0x80008b30 (0x03ff2bb3) mulhsu  s7, t5, t6
core   0: 3 0x80008b30 (0x03ff2bb3) x23 0xffffffff
core   0: 0x80008b34 (0x00000edd) c.addi  t4, 23
core   0: 3 0x80008b34 (0x0edd) x29 0x3688201e
core   0: 0x80008b36 (0x00df7733) and     a4, t5, a3
core   0: 3 0x80008b36 (0x00df7733) x14 0x00000000
core   0: 0x80008b3a (0x00a8e633) or      a2, a7, a0
core   0: 3 0x80008b3a (0x00a8e633) x12 0x00003000
core   0: 0x80008b3e (0x00000001) c.nop
core   0: 3 0x80008b3e (0x0001)
core   0: 0x80008b40 (0x01385f33) srl     t5, a6, s3
core   0: 3 0x80008b40 (0x01385f33) x30 0x00000000
core   0: 0x80008b44 (0x023d5233) divu    tp, s10, gp
core   0: 3 0x80008b44 (0x023d5233) x4  0x00000000
core   0: 0x80008b48 (0x029a7e33) remu    t3, s4, s1
core   0: 3 0x80008b48 (0x029a7e33) x28 0x12f21e16
core   0: 0x80008b4c (0x0064aeb3) slt     t4, s1, t1
core   0: 3 0x80008b4c (0x0064aeb3) x29 0x00000000
core   0: 0x80008b50 (0x02b7f063) bgeu    a5, a1, pc + 32
core   0: 3 0x80008b50 (0x02b7f063)
core   0: 0x80008b54 (0x01bf3233) sltu    tp, t5, s11
core   0: 3 0x80008b54 (0x01bf3233) x4  0x00000001
core   0: 0x80008b58 (0x01be59b3) srl     s3, t3, s11
core   0: 3 0x80008b58 (0x01be59b3) x19 0x00004bc8
core   0: 0x80008b5c (0x000003e9) c.addi  t2, 26
core   0: 3 0x80008b5c (0x03e9) x7  0x0001701a
core   0: 0x80008b5e (0x00767663) bgeu    a2, t2, pc + 12
core   0: 3 0x80008b5e (0x00767663)
core   0: 0x80008b62 (0x01641b63) bne     s0, s6, pc + 22
core   0: 3 0x80008b62 (0x01641b63)
core   0: 0x80008b78 (0x00008c49) c.or    s0, a0
core   0: 3 0x80008b78 (0x8c49) x8  0x00000001
core   0: 0x80008b7a (0x0265c633) div     a2, a1, t1
core   0: 3 0x80008b7a (0x0265c633) x12 0xffffffff
core   0: 0x80008b7e (0x0000e995) c.bnez  a1, pc + 52
core   0: 3 0x80008b7e (0xe995)
core   0: 0x80008bb2 (0x000094de) c.add   s1, s7
core   0: 3 0x80008bb2 (0x94de) x9  0x36881ffe
core   0: 0x80008bb4 (0x011c8033) add     zero, s9, a7
core   0: 3 0x80008bb4 (0x011c8033)
core   0: 0x80008bb8 (0x419a03b3) sub     t2, s4, s9
core   0: 3 0x80008bb8 (0x419a03b3) x7  0x8c7e3727
core   0: 0x80008bbc (0x00569663) bne     a3, t0, pc + 12
core   0: 3 0x80008bbc (0x00569663)
core   0: 0x80008bc8 (0x02f1e0b3) rem     ra, gp, a5
core   0: 3 0x80008bc8 (0x02f1e0b3) x1  0xffffffff
core   0: 0x80008bcc (0x01bb4963) blt     s6, s11, pc + 18
core   0: 3 0x80008bcc (0x01bb4963)
core   0: 0x80008bde (0x00006469) c.lui   s0, 0x1a
core   0: 3 0x80008bde (0x6469) x8  0x0001a000
core   0: 0x80008be0 (0x7f373817) auipc   a6, 0x7f373
core   0: 3 0x80008be0 (0x7f373817) x16 0xff37bbe0
core   0: 0x80008be4 (0x01a26863) bltu    tp, s10, pc + 16
core   0: 3 0x80008be4 (0x01a26863)
core   0: 0x80008be8 (0x0308b433) mulhu   s0, a7, a6
core   0: 3 0x80008be8 (0x0308b433) x8  0x00002fda
core   0: 0x80008bec (0x01a24a63) blt     tp, s10, pc + 20
core   0: 3 0x80008bec (0x01a24a63)
core   0: 0x80008bf0 (0x014899b3) sll     s3, a7, s4
core   0: 3 0x80008bf0 (0x014899b3) x19 0x00000000
core   0: 0x80008bf4 (0x03458eb3) mul     t4, a1, s4
core   0: 3 0x80008bf4 (0x03458eb3) x29 0xfffb43d8
core   0: 0x80008bf8 (0x01348bb3) add     s7, s1, s3
core   0: 3 0x80008bf8 (0x01348bb3) x23 0x36881ffe
core   0: 0x80008bfc (0x0000982a) c.add   a6, a0
core   0: 3 0x80008bfc (0x982a) x16 0xff37bbe0
core   0: 0x80008bfe (0x00000e6a) c.slli  t3, 26
core   0: 3 0x80008bfe (0x0e6a) x28 0x58000000
core   0: 0x80008c00 (0xd21f8393) addi    t2, t6, -735
core   0: 3 0x80008c00 (0xd21f8393) x7  0xb44a9d21
core   0: 0x80008c04 (0x01d13d13) sltiu   s10, sp, 29
core   0: 3 0x80008c04 (0x01d13d13) x26 0x00000000
core   0: 0x80008c08 (0x407584b3) sub     s1, a1, t2
core   0: 3 0x80008c08 (0x407584b3) x9  0x4bb562dd
core   0: 0x80008c0c (0x01ec9093) slli    ra, s9, 30
core   0: 3 0x80008c0c (0x01ec9093) x1  0x40000000
core   0: 0x80008c10 (0x00000fee) c.slli  t6, 27
core   0: 3 0x80008c10 (0x0fee) x31 0x00000000
core   0: 0x80008c12 (0x1bc26693) ori     a3, tp, 444
core   0: 3 0x80008c12 (0x1bc26693) x13 0x000001bd
core   0: 0x80008c16 (0x008e84b3) add     s1, t4, s0
core   0: 3 0x80008c16 (0x008e84b3) x9  0xfffb73b2
core   0: 0x80008c1a (0x00008736) c.mv    a4, a3
core   0: 3 0x80008c1a (0x8736) x14 0x000001bd
core   0: 0x80008c1c (0x012194b3) sll     s1, gp, s2
core   0: 3 0x80008c1c (0x012194b3) x9  0xfffffff8
core   0: 0x80008c20 (0x024a9363) bne     s5, tp, pc + 38
core   0: 3 0x80008c20 (0x024a9363)
core   0: 0x80008c46 (0x000050fd) c.li    ra, -1
core   0: 3 0x80008c46 (0x50fd) x1  0xffffffff
core   0: 0x80008c48 (0x00006c9d) c.lui   s9, 0x7
core   0: 3 0x80008c48 (0x6c9d) x25 0x00007000
core   0: 0x80008c4a (0x017b5493) srli    s1, s6, 23
core   0: 3 0x80008c4a (0x017b5493) x9  0x00000000
core   0: 0x80008c4e (0xe5be8013) addi    zero, t4, -421
core   0: 3 0x80008c4e (0xe5be8013)
core   0: 0x80008c52 (0x023fd363) bge     t6, gp, pc + 38
core   0: 3 0x80008c52 (0x023fd363)
core   0: 0x80008c78 (0x00008c25) c.xor   s0, s1
core   0: 3 0x80008c78 (0x8c25) x8  0x00002fda
core   0: 0x80008c7a (0x0bc7c963) blt     a5, t3, pc + 178
core   0: 3 0x80008c7a (0x0bc7c963)
core   0: 0x80008d2c (0x009048b3) xor     a7, zero, s1
core   0: 3 0x80008d2c (0x009048b3) x17 0x00000000
core   0: 0x80008d30 (0x000010fd) c.addi  ra, -1
core   0: 3 0x80008d30 (0x10fd) x1  0xfffffffe
core   0: 0x80008d32 (0x41f1d533) sra     a0, gp, t6
core   0: 3 0x80008d32 (0x41f1d533) x10 0xffffffff
core   0: 0x80008d36 (0x00c69333) sll     t1, a3, a2
core   0: 3 0x80008d36 (0x00c69333) x6  0x80000000
core   0: 0x80008d3a (0x01e36633) or      a2, t1, t5
core   0: 3 0x80008d3a (0x01e36633) x12 0x80000000
core   0: 0x80008d3e (0x00006c99) c.lui   s9, 0x6
core   0: 3 0x80008d3e (0x6c99) x25 0x00006000
core   0: 0x80008d40 (0x00008e9d) c.sub   a3, a5
core   0: 3 0x80008d40 (0x8e9d) x13 0x35b6f73c
core   0: 0x80008d42 (0x000093be) c.add   t2, a5
core   0: 3 0x80008d42 (0x93be) x7  0x7e93a7a2
core   0: 0x80008d44 (0x00c21263) bne     tp, a2, pc + 4
core   0: 3 0x80008d44 (0x00c21263)
core   0: 0x80008d48 (0x02d2c463) blt     t0, a3, pc + 40
core   0: 3 0x80008d48 (0x02d2c463)
core   0: 0x80008d70 (0x03647933) remu    s2, s0, s6
core   0: 3 0x80008d70 (0x03647933) x18 0x00002fda
core   0: 0x80008d74 (0x4faaeb13) ori     s6, s5, 1274
core   0: 3 0x80008d74 (0x4faaeb13) x22 0x80029dfe
core   0: 0x80008d78 (0x04281063) bne     a6, sp, pc + 64
core   0: 3 0x80008d78 (0x04281063)
core   0: 0x80008db8 (0x0926e713) ori     a4, a3, 146
core   0: 3 0x80008db8 (0x0926e713) x14 0x35b6f7be
core   0: 0x80008dbc (0x0000e685) c.bnez  a3, pc + 40
core   0: 3 0x80008dbc (0xe685)
core   0: 0x80008de4 (0x803fae93) slti    t4, t6, -2045
core   0: 3 0x80008de4 (0x803fae93) x29 0x00000000
core   0: 0x80008de8 (0x00570963) beq     a4, t0, pc + 18
core   0: 3 0x80008de8 (0x00570963)
core   0: 0x80008dec (0x0000c599) c.beqz  a1, pc + 14
core   0: 3 0x80008dec (0xc599)
core   0: 0x80008dee (0x00fb5b63) bge     s6, a5, pc + 22
core   0: 3 0x80008dee (0x00fb5b63)
core   0: 0x80008df2 (0x0352e663) bltu    t0, s5, pc + 44
core   0: 3 0x80008df2 (0x0352e663)
core   0: 0x80008df6 (0x02f9ac33) mulhsu  s8, s3, a5
core   0: 3 0x80008df6 (0x02f9ac33) x24 0x00000000
core   0: 0x80008dfa (0x000041ad) c.li    gp, 11
core   0: 3 0x80008dfa (0x41ad) x3  0x0000000b
core   0: 0x80008dfc (0x00b44863) blt     s0, a1, pc + 16
core   0: 3 0x80008dfc (0x00b44863)
core   0: 0x80008e00 (0x02563c33) mulhu   s8, a2, t0
core   0: 3 0x80008e00 (0x02563c33) x24 0x79c21172
core   0: 0x80008e04 (0x00d59db3) sll     s11, a1, a3
core   0: 3 0x80008e04 (0x00d59db3) x27 0xe0000000
core   0: 0x80008e08 (0x00000522) c.slli  a0, 8
core   0: 3 0x80008e08 (0x0522) x10 0xffffff00
core   0: 0x80008e0a (0x0000e089) c.bnez  s1, pc + 2
core   0: 3 0x80008e0a (0xe089)
core   0: 0x80008e0c (0x0388b033) mulhu   zero, a7, s8
core   0: 3 0x80008e0c (0x0388b033)
core   0: 0x80008e10 (0x01e8d613) srli    a2, a7, 30
core   0: 3 0x80008e10 (0x01e8d613) x12 0x00000000
core   0: 0x80008e14 (0x025c7b63) bgeu    s8, t0, pc + 54
core   0: 3 0x80008e14 (0x025c7b63)
core   0: 0x80008e18 (0x70600c13) li      s8, 1798
core   0: 3 0x80008e18 (0x70600c13) x24 0x00000706
core   0: 0x80008e1c (0x00006909) c.lui   s2, 0x2
core   0: 3 0x80008e1c (0x6909) x18 0x00002000
core   0: 0x80008e1e (0x012621b3) slt     gp, a2, s2
core   0: 3 0x80008e1e (0x012621b3) x3  0x00000001
core   0: 0x80008e22 (0x02103733) mulhu   a4, zero, ra
core   0: 3 0x80008e22 (0x02103733) x14 0x00000000
core   0: 0x80008e26 (0x0011e333) or      t1, gp, ra
core   0: 3 0x80008e26 (0x0011e333) x6  0xffffffff
core   0: 0x80008e2a (0x41ad5913) srai    s2, s10, 26
core   0: 3 0x80008e2a (0x41ad5913) x18 0x00000000
core   0: 0x80008e2e (0x00cd50b3) srl     ra, s10, a2
core   0: 3 0x80008e2e (0x00cd50b3) x1  0x00000000
core   0: 0x80008e32 (0x01558b63) beq     a1, s5, pc + 22
core   0: 3 0x80008e32 (0x01558b63)
core   0: 0x80008e36 (0xbb97b093) sltiu   ra, a5, -1095
core   0: 3 0x80008e36 (0xbb97b093) x1  0x00000001
core   0: 0x80008e3a (0x01c99793) slli    a5, s3, 28
core   0: 3 0x80008e3a (0x01c99793) x15 0x00000000
core   0: 0x80008e3e (0x03fad163) bge     s5, t6, pc + 34
core   0: 3 0x80008e3e (0x03fad163)
core   0: 0x80008e42 (0x00e86eb3) or      t4, a6, a4
core   0: 3 0x80008e42 (0x00e86eb3) x29 0xff37bbe0
core   0: 0x80008e46 (0x00005dfd) c.li    s11, -1
core   0: 3 0x80008e46 (0x5dfd) x27 0xffffffff
core   0: 0x80008e48 (0x00000001) c.nop
core   0: 3 0x80008e48 (0x0001)
core   0: 0x80008e4a (0x78c46713) ori     a4, s0, 1932
core   0: 3 0x80008e4a (0x78c46713) x14 0x00002fde
core   0: 0x80008e4e (0x00000c66) c.slli  s8, 25
core   0: 3 0x80008e4e (0x0c66) x24 0x0c000000
core   0: 0x80008e50 (0x004b7563) bgeu    s6, tp, pc + 10
core   0: 3 0x80008e50 (0x004b7563)
core   0: 0x80008e5a (0x40fb5f33) sra     t5, s6, a5
core   0: 3 0x80008e5a (0x40fb5f33) x30 0x80029dfe
core   0: 0x80008e5e (0x00000e96) c.slli  t4, 5
core   0: 3 0x80008e5e (0x0e96) x29 0xe6f77c00
core   0: 0x80008e60 (0x41fa5b93) srai    s7, s4, 31
core   0: 3 0x80008e60 (0x41fa5b93) x23 0xffffffff
core   0: 0x80008e64 (0x00350db3) add     s11, a0, gp
core   0: 3 0x80008e64 (0x00350db3) x27 0xffffff01
core   0: 0x80008e68 (0x00008fed) c.and   a5, a1
core   0: 3 0x80008e68 (0x8fed) x15 0x00000000
core   0: 0x80008e6a (0x0000818d) c.srli  a1, 3
core   0: 3 0x80008e6a (0x818d) x11 0x1fffffff
core   0: 0x80008e6c (0x013714b3) sll     s1, a4, s3
core   0: 3 0x80008e6c (0x013714b3) x9  0x00002fde
core   0: 0x80008e70 (0x03025063) bge     tp, a6, pc + 32
core   0: 3 0x80008e70 (0x03025063)
core   0: 0x80008e90 (0x033a2d33) mulhsu  s10, s4, s3
core   0: 3 0x80008e90 (0x033a2d33) x26 0x00000000
core   0: 0x80008e94 (0x00000ba2) c.slli  s7, 8
core   0: 3 0x80008e94 (0x0ba2) x23 0xffffff00
core   0: 0x80008e96 (0x0367e563) bltu    a5, s6, pc + 42
core   0: 3 0x80008e96 (0x0367e563)
core   0: 0x80008ec0 (0x00726333) or      t1, tp, t2
core   0: 3 0x80008ec0 (0x00726333) x6  0x7e93a7a3
core   0: 0x80008ec4 (0x0083fe33) and     t3, t2, s0
core   0: 3 0x80008ec4 (0x0083fe33) x28 0x00002782
core   0: 0x80008ec8 (0x02f47bb3) remu    s7, s0, a5
core   0: 3 0x80008ec8 (0x02f47bb3) x23 0x00002fda
core   0: 0x80008ecc (0x00008309) c.srli  a4, 2
core   0: 3 0x80008ecc (0x8309) x14 0x00000bf7
core   0: 0x80008ece (0x03367763) bgeu    a2, s3, pc + 46
core   0: 3 0x80008ece (0x03367763)
core   0: 0x80008efc (0x00008d25) c.xor   a0, s1
core   0: 3 0x80008efc (0x8d25) x10 0xffffd0de
core   0: 0x80008efe (0x02c331b3) mulhu   gp, t1, a2
core   0: 3 0x80008efe (0x02c331b3) x3  0x00000000
core   0: 0x80008f02 (0xd0210b93) addi    s7, sp, -766
core   0: 3 0x80008f02 (0xd0210b93) x23 0xf3841fe9
core   0: 0x80008f06 (0x03b5e733) rem     a4, a1, s11
core   0: 3 0x80008f06 (0x03b5e733) x14 0x0000001f
core   0: 0x80008f0a (0xffef99b7) lui     s3, 0xffef9
core   0: 3 0x80008f0a (0xffef99b7) x19 0xffef9000
core   0: 0x80008f0e (0x00006831) c.lui   a6, 0xc
core   0: 3 0x80008f0e (0x6831) x16 0x0000c000
core   0: 0x80008f10 (0x00818633) add     a2, gp, s0
core   0: 3 0x80008f10 (0x00818633) x12 0x00002fda
core   0: 0x80008f14 (0x0caaa3b7) lui     t2, 0xcaaa
core   0: 3 0x80008f14 (0x0caaa3b7) x7  0x0caaa000
core   0: 0x80008f18 (0x000012fd) c.addi  t0, -1
core   0: 3 0x80008f18 (0x12fd) x5  0xf38422e4
core   0: 0x80008f1a (0x026f2eb3) mulhsu  t4, t5, t1
core   0: 3 0x80008f1a (0x026f2eb3) x29 0xc0b77773
core   0: 0x80008f1e (0x00008639) c.srai  a2, 14
core   0: 3 0x80008f1e (0x8639) x12 0x00000000
core   0: 0x80008f20 (0x0000e08d) c.bnez  s1, pc + 34
core   0: 3 0x80008f20 (0xe08d)
core   0: 0x80008f42 (0x523b8e13) addi    t3, s7, 1315
core   0: 3 0x80008f42 (0x523b8e13) x28 0xf384250c
core   0: 0x80008f46 (0x024b1e33) mulh    t3, s6, tp
core   0: 3 0x80008f46 (0x024b1e33) x28 0xffffffff
core   0: 0x80008f4a (0x00aac763) blt     s5, a0, pc + 14
core   0: 3 0x80008f4a (0x00aac763)
core   0: 0x80008f58 (0x00000001) c.nop
core   0: 3 0x80008f58 (0x0001)
core   0: 0x80008f5a (0x00008d71) c.and   a0, a2
core   0: 3 0x80008f5a (0x8d71) x10 0x00000000
core   0: 0x80008f5c (0x40edde13) srai    t3, s11, 14
core   0: 3 0x80008f5c (0x40edde13) x28 0xffffffff
core   0: 0x80008f60 (0x000003a2) c.slli  t2, 8
core   0: 3 0x80008f60 (0x03a2) x7  0xaaa00000
core   0: 0x80008f62 (0xc384c613) xori    a2, s1, -968
core   0: 3 0x80008f62 (0xc384c613) x12 0xffffd3e6
core   0: 0x80008f66 (0x000083a2) c.mv    t2, s0
core   0: 3 0x80008f66 (0x83a2) x7  0x00002fda
core   0: 0x80008f68 (0x41655b33) sra     s6, a0, s6
core   0: 3 0x80008f68 (0x41655b33) x22 0x00000000
core   0: 0x80008f6c (0x03b45633) divu    a2, s0, s11
core   0: 3 0x80008f6c (0x03b45633) x12 0x00000000
core   0: 0x80008f70 (0x000085b1) c.srai  a1, 12
core   0: 3 0x80008f70 (0x85b1) x11 0x0001ffff
core   0: 0x80008f72 (0x00e267b3) or      a5, tp, a4
core   0: 3 0x80008f72 (0x00e267b3) x15 0x0000001f
core   0: 0x80008f76 (0x00cb1263) bne     s6, a2, pc + 4
core   0: 3 0x80008f76 (0x00cb1263)
core   0: 0x80008f7a (0x000060b5) c.lui   ra, 0xd
core   0: 3 0x80008f7a (0x60b5) x1  0x0000d000
core   0: 0x80008f7c (0x00424033) xor     zero, tp, tp
core   0: 3 0x80008f7c (0x00424033)
core   0: 0x80008f80 (0x99df0893) addi    a7, t5, -1635
core   0: 3 0x80008f80 (0x99df0893) x17 0x8002979b
core   0: 0x80008f84 (0x4123db93) srai    s7, t2, 18
core   0: 3 0x80008f84 (0x4123db93) x23 0x00000000
core   0: 0x80008f88 (0xbd29b413) sltiu   s0, s3, -1070
core   0: 3 0x80008f88 (0xbd29b413) x8  0x00000001
core   0: 0x80008f8c (0x000087f1) c.srai  a5, 28
core   0: 3 0x80008f8c (0x87f1) x15 0x00000000
core   0: 0x80008f8e (0x000f9db3) sll     s11, t6, zero
core   0: 3 0x80008f8e (0x000f9db3) x27 0x00000000
core   0: 0x80008f92 (0x00c66e33) or      t3, a2, a2
core   0: 3 0x80008f92 (0x00c66e33) x28 0x00000000
core   0: 0x80008f96 (0x00008c05) c.sub   s0, s1
core   0: 3 0x80008f96 (0x8c05) x8  0xffffd023
core   0: 0x80008f98 (0x0000c3a9) c.beqz  a5, pc + 66
core   0: 3 0x80008f98 (0xc3a9)
core   0: 0x80008fda (0x00000286) c.slli  t0, 1
core   0: 3 0x80008fda (0x0286) x5  0xe70845c8
core   0: 0x80008fdc (0x00000001) c.nop
core   0: 3 0x80008fdc (0x0001)
core   0: 0x80008fde (0x00a3db63) bge     t2, a0, pc + 22
core   0: 3 0x80008fde (0x00a3db63)
core   0: 0x80008ff4 (0x41665633) sra     a2, a2, s6
core   0: 3 0x80008ff4 (0x41665633) x12 0x00000000
core   0: 0x80008ff8 (0x035b9763) bne     s7, s5, pc + 46
core   0: 3 0x80008ff8 (0x035b9763)
core   0: 0x80009026 (0x0000c781) c.beqz  a5, pc + 8
core   0: 3 0x80009026 (0xc781)
core   0: 0x8000902e (0x03ddc4b3) div     s1, s11, t4
core   0: 3 0x8000902e (0x03ddc4b3) x9  0x00000000
core   0: 0x80009032 (0x7e118e13) addi    t3, gp, 2017
core   0: 3 0x80009032 (0x7e118e13) x28 0x000007e1
core   0: 0x80009036 (0x030ae1b3) rem     gp, s5, a6
core   0: 3 0x80009036 (0x030ae1b3) x3  0xffffdd24
core   0: 0x8000903a (0x03e7d7b3) divu    a5, a5, t5
core   0: 3 0x8000903a (0x03e7d7b3) x15 0x00000000
core   0: 0x8000903e (0x9970e193) ori     gp, ra, -1641
core   0: 3 0x8000903e (0x9970e193) x3  0xfffff997
core   0: 0x80009042 (0x015d7db3) and     s11, s10, s5
core   0: 3 0x80009042 (0x015d7db3) x27 0x00000000
core   0: 0x80009046 (0x03c6e733) rem     a4, a3, t3
core   0: 3 0x80009046 (0x03c6e733) x14 0x00000713
core   0: 0x8000904a (0x0000c009) c.beqz  s0, pc + 2
core   0: 3 0x8000904a (0xc009)
core   0: 0x8000904c (0x025b0433) mul     s0, s6, t0
core   0: 3 0x8000904c (0x025b0433) x8  0x00000000
core   0: 0x80009050 (0x0268b0b3) mulhu   ra, a7, t1
core   0: 3 0x80009050 (0x0268b0b3) x1  0x3f4b1bee
core   0: 0x80009054 (0x00009bfd) c.andi  a5, -1
core   0: 3 0x80009054 (0x9bfd) x15 0x00000000
core   0: 0x80009056 (0x0000987d) c.andi  s0, -1
core   0: 3 0x80009056 (0x987d) x8  0x00000000
core   0: 0x80009058 (0xa3e3a813) slti    a6, t2, -1474
core   0: 3 0x80009058 (0xa3e3a813) x16 0x00000000
core   0: 0x8000905c (0x00009bfa) c.add   s7, t5
core   0: 3 0x8000905c (0x9bfa) x23 0x80029dfe
core   0: 0x8000905e (0xbcfae913) ori     s2, s5, -1073
core   0: 3 0x8000905e (0xbcfae913) x18 0xffffffef
core   0: 0x80009062 (0x02f289b3) mul     s3, t0, a5
core   0: 3 0x80009062 (0x02f289b3) x19 0x00000000
core   0: 0x80009066 (0x0000e799) c.bnez  a5, pc + 14
core   0: 3 0x80009066 (0xe799)
core   0: 0x80009068 (0x03df4433) div     s0, t5, t4
core   0: 3 0x80009068 (0x03df4433) x8  0x00000002
core   0: 0x8000906c (0x01eee463) bltu    t4, t5, pc + 8
core   0: 3 0x8000906c (0x01eee463)
core   0: 0x80009070 (0x0000e109) c.bnez  a0, pc + 2
core   0: 3 0x80009070 (0xe109)
core   0: 0x80009072 (0x00008d11) c.sub   a0, a2
core   0: 3 0x80009072 (0x8d11) x10 0x00000000
core   0: 0x80009074 (0x01db8763) beq     s7, t4, pc + 14
core   0: 3 0x80009074 (0x01db8763)
core   0: 0x80009078 (0x03b400b3) mul     ra, s0, s11
core   0: 3 0x80009078 (0x03b400b3) x1  0x00000000
core   0: 0x8000907c (0x00006345) c.lui   t1, 0x11
core   0: 3 0x8000907c (0x6345) x6  0x00011000
core   0: 0x8000907e (0x017a65b3) or      a1, s4, s7
core   0: 3 0x8000907e (0x017a65b3) x11 0x8002dffe
core   0: 0x80009082 (0x0000c309) c.beqz  a4, pc + 2
core   0: 3 0x80009082 (0xc309)
core   0: 0x80009084 (0x4f822b97) auipc   s7, 0x4f822
core   0: 3 0x80009084 (0x4f822b97) x23 0xcf82b084
core   0: 0x80009088 (0x023ba8b3) mulhsu  a7, s7, gp
core   0: 3 0x80009088 (0x023ba8b3) x17 0xcf82b1ba
core   0: 0x8000908c (0x98246793) ori     a5, s0, -1662
core   0: 3 0x8000908c (0x98246793) x15 0xfffff982
core   0: 0x80009090 (0x019d9433) sll     s0, s11, s9
core   0: 3 0x80009090 (0x019d9433) x8  0x00000000
core   0: 0x80009094 (0x0000023e) c.slli  tp, 15
core   0: 3 0x80009094 (0x023e) x4  0x00008000
core   0: 0x80009096 (0x035583b3) mul     t2, a1, s5
core   0: 3 0x80009096 (0x035583b3) x7  0x83c245b8
core   0: 0x8000909a (0x00749f13) slli    t5, s1, 7
core   0: 3 0x8000909a (0x00749f13) x30 0x00000000
core   0: 0x8000909e (0x0000849d) c.srai  s1, 7
core   0: 3 0x8000909e (0x849d) x9  0x00000000
core   0: 0x800090a0 (0x01d8de13) srli    t3, a7, 29
core   0: 3 0x800090a0 (0x01d8de13) x28 0x00000006
core   0: 0x800090a4 (0x021f7233) remu    tp, t5, ra
core   0: 3 0x800090a4 (0x021f7233) x4  0x00000000
core   0: 0x800090a8 (0x00001f7d) c.addi  t5, -1
core   0: 3 0x800090a8 (0x1f7d) x30 0xffffffff
core   0: 0x800090aa (0x00000866) c.slli  a6, 25
core   0: 3 0x800090aa (0x0866) x16 0x00000000
core   0: 0x800090ac (0x41868db3) sub     s11, a3, s8
core   0: 3 0x800090ac (0x41868db3) x27 0x29b6f73c
core   0: 0x800090b0 (0x02269733) mulh    a4, a3, sp
core   0: 3 0x800090b0 (0x02269733) x14 0xfd616f1c
core   0: 0x800090b4 (0xae40b293) sltiu   t0, ra, -1308
core   0: 3 0x800090b4 (0xae40b293) x5  0x00000001
core   0: 0x800090b8 (0x00008c3d) c.xor   s0, a5
core   0: 3 0x800090b8 (0x8c3d) x8  0xfffff982
core   0: 0x800090ba (0x00ff6663) bltu    t5, a5, pc + 12
core   0: 3 0x800090ba (0x00ff6663)
core   0: 0x800090be (0x0061ee33) or      t3, gp, t1
core   0: 3 0x800090be (0x0061ee33) x28 0xfffff997
core   0: 0x800090c2 (0x66df0f13) addi    t5, t5, 1645
core   0: 3 0x800090c2 (0x66df0f13) x30 0x0000066c
core   0: 0x800090c6 (0x00c93d33) sltu    s10, s2, a2
core   0: 3 0x800090c6 (0x00c93d33) x26 0x00000000
core   0: 0x800090ca (0x03aad263) bge     s5, s10, pc + 36
core   0: 3 0x800090ca (0x03aad263)
core   0: 0x800090ce (0x012e8433) add     s0, t4, s2
core   0: 3 0x800090ce (0x012e8433) x8  0xc0b77762
core   0: 0x800090d2 (0x00000001) c.nop
core   0: 3 0x800090d2 (0x0001)
core   0: 0x800090d4 (0x00009a7d) c.andi  a2, -1
core   0: 3 0x800090d4 (0x9a7d) x12 0x00000000
core   0: 0x800090d6 (0x00005e7d) c.li    t3, -1
core   0: 3 0x800090d6 (0x5e7d) x28 0xffffffff
core   0: 0x800090d8 (0x02d8cdb3) div     s11, a7, a3
core   0: 3 0x800090d8 (0x02d8cdb3) x27 0x00000000
core   0: 0x800090dc (0x0000844a) c.mv    s0, s2
core   0: 3 0x800090dc (0x844a) x8  0xffffffef
core   0: 0x800090de (0x04c48213) addi    tp, s1, 76
core   0: 3 0x800090de (0x04c48213) x4  0x0000004c
core   0: 0x800090e2 (0x01d933b3) sltu    t2, s2, t4
core   0: 3 0x800090e2 (0x01d933b3) x7  0x00000000
core   0: 0x800090e6 (0x01745963) bge     s0, s7, pc + 18
core   0: 3 0x800090e6 (0x01745963)
core   0: 0x800090f8 (0x35052813) slti    a6, a0, 848
core   0: 3 0x800090f8 (0x35052813) x16 0x00000001
core   0: 0x800090fc (0x00008f6d) c.and   a4, a1
core   0: 3 0x800090fc (0x8f6d) x14 0x80004f1c
core   0: 0x800090fe (0x00034663) bltz    t1, pc + 12
core   0: 3 0x800090fe (0x00034663)
core   0: 0x80009102 (0x00008e15) c.sub   a2, a3
core   0: 3 0x80009102 (0x8e15) x12 0xca4908c4
core   0: 0x80009104 (0x0000858d) c.srai  a1, 3
core   0: 3 0x80009104 (0x858d) x11 0xf0005bff
core   0: 0x80009106 (0x24230713) addi    a4, t1, 578
core   0: 3 0x80009106 (0x24230713) x14 0x00011242
core   0: 0x8000910a (0x0000c419) c.beqz  s0, pc + 14
core   0: 3 0x8000910a (0xc419)
core   0: 0x8000910c (0x97cc2813) slti    a6, s8, -1668
core   0: 3 0x8000910c (0x97cc2813) x16 0x00000000
core   0: 0x80009110 (0x0af28613) addi    a2, t0, 175
core   0: 3 0x80009110 (0x0af28613) x12 0x000000b0
core   0: 0x80009114 (0x410a5d17) auipc   s10, 0x410a5
core   0: 3 0x80009114 (0x410a5d17) x26 0xc10ae114
core   0: 0x80009118 (0x00006cad) c.lui   s9, 0xb
core   0: 3 0x80009118 (0x6cad) x25 0x0000b000
core   0: 0x8000911a (0x00e22d33) slt     s10, tp, a4
core   0: 3 0x8000911a (0x00e22d33) x26 0x00000001
core   0: 0x8000911e (0x00000001) c.nop
core   0: 3 0x8000911e (0x0001)
core   0: 0x80009120 (0x028428b3) mulhsu  a7, s0, s0
core   0: 3 0x80009120 (0x028428b3) x17 0xffffffef
core   0: 0x80009124 (0x02a60863) beq     a2, a0, pc + 48
core   0: 3 0x80009124 (0x02a60863)
core   0: 0x80009128 (0x014a05b3) add     a1, s4, s4
core   0: 3 0x80009128 (0x014a05b3) x11 0x0004bc28
core   0: 0x8000912c (0x01e8ea63) bltu    a7, t5, pc + 20
core   0: 3 0x8000912c (0x01e8ea63)
core   0: 0x80009130 (0x03ad0263) beq     s10, s10, pc + 36
core   0: 3 0x80009130 (0x03ad0263)
core   0: 0x80009154 (0x02411963) bne     sp, tp, pc + 50
core   0: 3 0x80009154 (0x02411963)
core   0: 0x80009186 (0x00009daa) c.add   s11, a0
core   0: 3 0x80009186 (0x9daa) x27 0x00000000
core   0: 0x80009188 (0x02fe03b3) mul     t2, t3, a5
core   0: 3 0x80009188 (0x02fe03b3) x7  0x0000067e
core   0: 0x8000918c (0x03772533) mulhsu  a0, a4, s7
core   0: 3 0x8000918c (0x03772533) x10 0x0000de4f
core   0: 0x80009190 (0x00cabf33) sltu    t5, s5, a2
core   0: 3 0x80009190 (0x00cabf33) x30 0x00000000
core   0: 0x80009194 (0x01267963) bgeu    a2, s2, pc + 18
core   0: 3 0x80009194 (0x01267963)
core   0: 0x80009198 (0x030e1563) bne     t3, a6, pc + 42
core   0: 3 0x80009198 (0x030e1563)
core   0: 0x800091c2 (0x00009f76) c.add   t5, t4
core   0: 3 0x800091c2 (0x9f76) x30 0xc0b77773
core   0: 0x800091c4 (0x7d629837) lui     a6, 0x7d629
core   0: 3 0x800091c4 (0x7d629837) x16 0x7d629000
core   0: 0x800091c8 (0x00679963) bne     a5, t1, pc + 18
core   0: 3 0x800091c8 (0x00679963)
core   0: 0x800091da (0x004df333) and     t1, s11, tp
core   0: 3 0x800091da (0x004df333) x6  0x00000000
core   0: 0x800091de (0x00ab4663) blt     s6, a0, pc + 12
core   0: 3 0x800091de (0x00ab4663)
core   0: 0x800091ea (0x02e40cb3) mul     s9, s0, a4
core   0: 3 0x800091ea (0x02e40cb3) x25 0xffedc99e
core   0: 0x800091ee (0x02335263) bge     t1, gp, pc + 36
core   0: 3 0x800091ee (0x02335263)
core   0: 0x80009212 (0x038ead33) mulhsu  s10, t4, s8
core   0: 3 0x80009212 (0x038ead33) x26 0xfd089999
core   0: 0x80009216 (0x00009dee) c.add   s11, s11
core   0: 3 0x80009216 (0x9dee) x27 0x00000000
core   0: 0x80009218 (0x03a585b3) mul     a1, a1, s10
core   0: 3 0x80009218 (0x03a585b3) x11 0x40885be8
core   0: 0x8000921c (0x0138d3b3) srl     t2, a7, s3
core   0: 3 0x8000921c (0x0138d3b3) x7  0xffffffef
core   0: 0x80009220 (0x0214f8b3) remu    a7, s1, ra
core   0: 3 0x80009220 (0x0214f8b3) x17 0x00000000
core   0: 0x80009224 (0x00f35333) srl     t1, t1, a5
core   0: 3 0x80009224 (0x00f35333) x6  0x00000000
core   0: 0x80009228 (0x41ee5c13) srai    s8, t3, 30
core   0: 3 0x80009228 (0x41ee5c13) x24 0xffffffff
core   0: 0x8000922c (0x02863bb3) mulhu   s7, a2, s0
core   0: 3 0x8000922c (0x02863bb3) x23 0x000000af
core   0: 0x80009230 (0x00008d35) c.xor   a0, a3
core   0: 3 0x80009230 (0x8d35) x10 0x35b62973
core   0: 0x80009232 (0x00008cc5) c.or    s1, s1
core   0: 3 0x80009232 (0x8cc5) x9  0x00000000
core   0: 0x80009234 (0x001314b3) sll     s1, t1, ra
core   0: 3 0x80009234 (0x001314b3) x9  0x00000000
core   0: 0x80009238 (0x00d21bb3) sll     s7, tp, a3
core   0: 3 0x80009238 (0x00d21bb3) x23 0xc0000000
core   0: 0x8000923c (0xda578b13) addi    s6, a5, -603
core   0: 3 0x8000923c (0xda578b13) x22 0xfffff727
core   0: 0x80009240 (0x5c112293) slti    t0, sp, 1473
core   0: 3 0x80009240 (0x5c112293) x5  0x00000001
core   0: 0x80009244 (0x000063a9) c.lui   t2, 0xa
core   0: 3 0x80009244 (0x63a9) x7  0x0000a000
core   0: 0x80009246 (0x02451d33) mulh    s10, a0, tp
core   0: 3 0x80009246 (0x02451d33) x26 0x0000000f
core   0: 0x8000924a (0x03c7efb3) rem     t6, a5, t3
core   0: 3 0x8000924a (0x03c7efb3) x31 0x00000000
core   0: 0x8000924e (0x018b35b3) sltu    a1, s6, s8
core   0: 3 0x8000924e (0x018b35b3) x11 0x00000001
core   0: 0x80009252 (0x00008b95) c.andi  a5, 5
core   0: 3 0x80009252 (0x8b95) x15 0x00000000
core   0: 0x80009254 (0x402a5193) srai    gp, s4, 2
core   0: 3 0x80009254 (0x402a5193) x3  0xe0009785
core   0: 0x80009258 (0x5ded0797) auipc   a5, 0x5ded0
core   0: 3 0x80009258 (0x5ded0797) x15 0xdded9258
core   0: 0x8000925c (0x000091ee) c.add   gp, s11
core   0: 3 0x8000925c (0x91ee) x3  0xe0009785
core   0: 0x8000925e (0x0324fb33) remu    s6, s1, s2
core   0: 3 0x8000925e (0x0324fb33) x22 0x00000000
core   0: 0x80009262 (0x03341563) bne     s0, s3, pc + 42
core   0: 3 0x80009262 (0x03341563)
core   0: 0x8000928c (0x016aa3b3) slt     t2, s5, s6
core   0: 3 0x8000928c (0x016aa3b3) x7  0x00000001
core   0: 0x80009290 (0x4151dd13) srai    s10, gp, 21
core   0: 3 0x80009290 (0x4151dd13) x26 0xffffff00
core   0: 0x80009294 (0x05d70c13) addi    s8, a4, 93
core   0: 3 0x80009294 (0x05d70c13) x24 0x0001129f
core   0: 0x80009298 (0x0000c589) c.beqz  a1, pc + 10
core   0: 3 0x80009298 (0xc589)
core   0: 0x8000929a (0x01405f93) srli    t6, zero, 20
core   0: 3 0x8000929a (0x01405f93) x31 0x00000000
core   0: 0x8000929e (0xe04eb313) sltiu   t1, t4, -508
core   0: 3 0x8000929e (0xe04eb313) x6  0x00000001
core   0: 0x800092a2 (0x02d29e33) mulh    t3, t0, a3
core   0: 3 0x800092a2 (0x02d29e33) x28 0x00000000
core   0: 0x800092a6 (0x00000001) c.nop
core   0: 3 0x800092a6 (0x0001)
core   0: 0x800092a8 (0x00008fd1) c.or    a5, a2
core   0: 3 0x800092a8 (0x8fd1) x15 0xdded92f8
core   0: 0x800092aa (0x01921e13) slli    t3, tp, 25
core   0: 3 0x800092aa (0x01921e13) x28 0x98000000
core   0: 0x800092ae (0x00798863) beq     s3, t2, pc + 16
core   0: 3 0x800092ae (0x00798863)
core   0: 0x800092b2 (0x000003e1) c.addi  t2, 24
core   0: 3 0x800092b2 (0x03e1) x7  0x00000019
core   0: 0x800092b4 (0x01e990b3) sll     ra, s3, t5
core   0: 3 0x800092b4 (0x01e990b3) x1  0x00000000
core   0: 0x800092b8 (0x01bb8563) beq     s7, s11, pc + 10
core   0: 3 0x800092b8 (0x01bb8563)
core   0: 0x800092bc (0x00008665) c.srai  a2, 25
core   0: 3 0x800092bc (0x8665) x12 0x00000000
core   0: 0x800092be (0x00008d9d) c.sub   a1, a5
core   0: 3 0x800092be (0x8d9d) x11 0x22126d09
core   0: 0x800092c0 (0x0000997d) c.andi  a0, -1
core   0: 3 0x800092c0 (0x997d) x10 0x35b62973
core   0: 0x800092c2 (0x41c25613) srai    a2, tp, 28
core   0: 3 0x800092c2 (0x41c25613) x12 0x00000000
core   0: 0x800092c6 (0x00544233) xor     tp, s0, t0
core   0: 3 0x800092c6 (0x00544233) x4  0xffffffee
core   0: 0x800092ca (0x412f5913) srai    s2, t5, 18
core   0: 3 0x800092ca (0x412f5913) x18 0xfffff02d
core   0: 0x800092ce (0x014b18b3) sll     a7, s6, s4
core   0: 3 0x800092ce (0x014b18b3) x17 0x00000000
core   0: 0x800092d2 (0x031a8563) beq     s5, a7, pc + 42
core   0: 3 0x800092d2 (0x031a8563)
core   0: 0x800092d6 (0x0000c01d) c.beqz  s0, pc + 38
core   0: 3 0x800092d6 (0xc01d)
core   0: 0x800092d8 (0x40bd5eb3) sra     t4, s10, a1
core   0: 3 0x800092d8 (0x40bd5eb3) x29 0xffffffff
core   0: 0x800092dc (0x7f528013) addi    zero, t0, 2037
core   0: 3 0x800092dc (0x7f528013)
core   0: 0x800092e0 (0x440a2197) auipc   gp, 0x440a2
core   0: 3 0x800092e0 (0x440a2197) x3  0xc40ab2e0
core   0: 0x800092e4 (0x01254263) blt     a0, s2, pc + 4
core   0: 3 0x800092e4 (0x01254263)
core   0: 0x800092e8 (0x017dc7b3) xor     a5, s11, s7
core   0: 3 0x800092e8 (0x017dc7b3) x15 0xc0000000
core   0: 0x800092ec (0x00e874b3) and     s1, a6, a4
core   0: 3 0x800092ec (0x00e874b3) x9  0x00001000
core   0: 0x800092f0 (0x01c8f8b3) and     a7, a7, t3
core   0: 3 0x800092f0 (0x01c8f8b3) x17 0x00000000
core   0: 0x800092f4 (0x00009afd) c.andi  a3, -1
core   0: 3 0x800092f4 (0x9afd) x13 0x35b6f73c
core   0: 0x800092f6 (0x00008c29) c.xor   s0, a0
core   0: 3 0x800092f6 (0x8c29) x8  0xca49d69c
core   0: 0x800092f8 (0x1847e213) ori     tp, a5, 388
core   0: 3 0x800092f8 (0x1847e213) x4  0xc0000184
core   0: 0x800092fc (0x00d0a233) slt     tp, ra, a3
core   0: 3 0x800092fc (0x00d0a233) x4  0x00000001
core   0: 0x80009300 (0x03af0063) beq     t5, s10, pc + 32
core   0: 3 0x80009300 (0x03af0063)
core   0: 0x80009304 (0x0000058d) c.addi  a1, 3
core   0: 3 0x80009304 (0x058d) x11 0x22126d0c
core   0: 0x80009306 (0x3bc25c97) auipc   s9, 0x3bc25
core   0: 3 0x80009306 (0x3bc25c97) x25 0xbbc2e306
core   0: 0x8000930a (0x03a50433) mul     s0, a0, s10
core   0: 3 0x8000930a (0x03a50433) x8  0x49d68d00
core   0: 0x8000930e (0x00a05213) srli    tp, zero, 10
core   0: 3 0x8000930e (0x00a05213) x4  0x00000000
core   0: 0x80009312 (0x01afc963) blt     t6, s10, pc + 18
core   0: 3 0x80009312 (0x01afc963)
core   0: 0x80009316 (0x84141797) auipc   a5, 0x84141
core   0: 3 0x80009316 (0x84141797) x15 0x0414a316
core   0: 0x8000931a (0xe5a847b7) lui     a5, 0xe5a84
core   0: 3 0x8000931a (0xe5a847b7) x15 0xe5a84000
core   0: 0x8000931e (0x000000aa) c.slli  ra, 10
core   0: 3 0x8000931e (0x00aa) x1  0x00000000
core   0: 0x80009320 (0x00301c33) sll     s8, zero, gp
core   0: 3 0x80009320 (0x00301c33) x24 0x00000000
core   0: 0x80009324 (0xa90a0413) addi    s0, s4, -1392
core   0: 3 0x80009324 (0xa90a0413) x8  0x800258a4
core   0: 0x80009328 (0x0000943e) c.add   s0, a5
core   0: 3 0x80009328 (0x943e) x8  0x65aa98a4
core   0: 0x8000932a (0x0797b613) sltiu   a2, a5, 121
core   0: 3 0x8000932a (0x0797b613) x12 0x00000000
core   0: 0x8000932e (0x0000050e) c.slli  a0, 3
core   0: 3 0x8000932e (0x050e) x10 0xadb14b98
core   0: 0x80009330 (0x03f60fb3) mul     t6, a2, t6
core   0: 3 0x80009330 (0x03f60fb3) x31 0x00000000
core   0: 0x80009334 (0x66893793) sltiu   a5, s2, 1640
core   0: 3 0x80009334 (0x66893793) x15 0x00000000
core   0: 0x80009338 (0x00ba0863) beq     s4, a1, pc + 16
core   0: 3 0x80009338 (0x00ba0863)
core   0: 0x8000933c (0xaf3fc913) xori    s2, t6, -1293
core   0: 3 0x8000933c (0xaf3fc913) x18 0xfffffaf3
core   0: 0x80009340 (0x00008e59) c.or    a2, a4
core   0: 3 0x80009340 (0x8e59) x12 0x00011242
core   0: 0x80009342 (0x0000997d) c.andi  a0, -1
core   0: 3 0x80009342 (0x997d) x10 0xadb14b98
core   0: 0x80009344 (0x03af77b3) remu    a5, t5, s10
core   0: 3 0x80009344 (0x03af77b3) x15 0xc0b77773
core   0: 0x80009348 (0x00008f95) c.sub   a5, a3
core   0: 3 0x80009348 (0x8f95) x15 0x8b008037
core   0: 0x8000934a (0x00008751) c.srai  a4, 20
core   0: 3 0x8000934a (0x8751) x14 0x00000000
core   0: 0x8000934c (0x00000811) c.addi  a6, 4
core   0: 3 0x8000934c (0x0811) x16 0x7d629004
core   0: 0x8000934e (0x00004761) c.li    a4, 24
core   0: 3 0x8000934e (0x4761) x14 0x00000018
core   0: 0x80009350 (0x014a5eb3) srl     t4, s4, s4
core   0: 3 0x80009350 (0x014a5eb3) x29 0x00000800
core   0: 0x80009354 (0x00008b49) c.andi  a4, 18
core   0: 3 0x80009354 (0x8b49) x14 0x00000010
core   0: 0x80009356 (0x0167d963) bge     a5, s6, pc + 18
core   0: 3 0x80009356 (0x0167d963)
core   0: 0x8000935a (0x0000c791) c.beqz  a5, pc + 12
core   0: 3 0x8000935a (0xc791)
core   0: 0x8000935c (0x00000001) c.nop
core   0: 3 0x8000935c (0x0001)
core   0: 0x8000935e (0x00af4fb3) xor     t6, t5, a0
core   0: 3 0x8000935e (0x00af4fb3) x31 0x6d063ceb
core   0: 0x80009362 (0x034967b3) rem     a5, s2, s4
core   0: 3 0x80009362 (0x034967b3) x15 0xfffffaf3
core   0: 0x80009366 (0x00006c69) c.lui   s8, 0x1a
core   0: 3 0x80009366 (0x6c69) x24 0x0001a000
core   0: 0x80009368 (0x000084a1) c.srai  s1, 8
core   0: 3 0x80009368 (0x84a1) x9  0x00000010
core   0: 0x8000936a (0x30735317) auipc   t1, 0x30735
core   0: 3 0x8000936a (0x30735317) x6  0xb073e36a
core   0: 0x8000936e (0x034f7fb3) remu    t6, t5, s4
core   0: 3 0x8000936e (0x034f7fb3) x31 0x40b5195f
core   0: 0x80009372 (0x02b7b033) mulhu   zero, a5, a1
core   0: 3 0x80009372 (0x02b7b033)
core   0: 0x80009376 (0x02157763) bgeu    a0, ra, pc + 46
core   0: 3 0x80009376 (0x02157763)
core   0: 0x800093a4 (0x0144d563) bge     s1, s4, pc + 10
core   0: 3 0x800093a4 (0x0144d563)
core   0: 0x800093ae (0xc6c58f97) auipc   t6, 0xc6c58
core   0: 3 0x800093ae (0xc6c58f97) x31 0x46c613ae
core   0: 0x800093b2 (0x0000ea05) c.bnez  a2, pc + 48
core   0: 3 0x800093b2 (0xea05)
core   0: 0x800093e2 (0x70666e13) ori     t3, a2, 1798
core   0: 3 0x800093e2 (0x70666e13) x28 0x00011746
core   0: 0x800093e6 (0x028d9533) mulh    a0, s11, s0
core   0: 3 0x800093e6 (0x028d9533) x10 0x00000000
core   0: 0x800093ea (0x03a0c233) div     tp, ra, s10
core   0: 3 0x800093ea (0x03a0c233) x4  0x00000000
core   0: 0x800093ee (0x01fafb63) bgeu    s5, t6, pc + 22
core   0: 3 0x800093ee (0x01fafb63)
core   0: 0x80009404 (0x01f223b3) slt     t2, tp, t6
core   0: 3 0x80009404 (0x01f223b3) x7  0x00000001
core   0: 0x80009408 (0x019a55b3) srl     a1, s4, s9
core   0: 3 0x80009408 (0x019a55b3) x11 0x02000978
core   0: 0x8000940c (0x0000850e) c.mv    a0, gp
core   0: 3 0x8000940c (0x850e) x10 0xc40ab2e0
core   0: 0x8000940e (0x02cc4463) blt     s8, a2, pc + 40
core   0: 3 0x8000940e (0x02cc4463)
core   0: 0x80009412 (0x00ed36b3) sltu    a3, s10, a4
core   0: 3 0x80009412 (0x00ed36b3) x13 0x00000000
core   0: 0x80009416 (0x012bf463) bgeu    s7, s2, pc + 8
core   0: 3 0x80009416 (0x012bf463)
core   0: 0x8000941a (0x0000991a) c.add   s2, t1
core   0: 3 0x8000941a (0x991a) x18 0xb073de5d
core   0: 0x8000941c (0x00000305) c.addi  t1, 1
core   0: 3 0x8000941c (0x0305) x6  0xb073e36b
core   0: 0x8000941e (0x00008f95) c.sub   a5, a3
core   0: 3 0x8000941e (0x8f95) x15 0xfffffaf3
core   0: 0x80009420 (0x037e94b3) mulh    s1, t4, s7
core   0: 3 0x80009420 (0x037e94b3) x9  0xfffffe00
core   0: 0x80009424 (0x00008e95) c.sub   a3, a3
core   0: 3 0x80009424 (0x8e95) x13 0x00000000
core   0: 0x80009426 (0x02b103b3) mul     t2, sp, a1
core   0: 3 0x80009426 (0x02b103b3) x7  0x992a7b48
core   0: 0x8000942a (0x00008095) c.srli  s1, 5
core   0: 3 0x8000942a (0x8095) x9  0x07fffff0
core   0: 0x8000942c (0x029af663) bgeu    s5, s1, pc + 44
core   0: 3 0x8000942c (0x029af663)
core   0: 0x80009458 (0x41865493) srai    s1, a2, 24
core   0: 3 0x80009458 (0x41865493) x9  0x00000000
core   0: 0x8000945c (0x00006f95) c.lui   t6, 0x5
core   0: 3 0x8000945c (0x6f95) x31 0x00005000
core   0: 0x8000945e (0x012d23b3) slt     t2, s10, s2
core   0: 3 0x8000945e (0x012d23b3) x7  0x00000000
core   0: 0x80009462 (0x0000875e) c.mv    a4, s7
core   0: 3 0x80009462 (0x875e) x14 0xc0000000
core   0: 0x80009464 (0x00008e0d) c.sub   a2, a1
core   0: 3 0x80009464 (0x8e0d) x12 0xfe0108ca
core   0: 0x80009466 (0x00008217) auipc   tp, 0x8
core   0: 3 0x80009466 (0x00008217) x4  0x80011466
core   0: 0x8000946a (0xcec20213) addi    tp, tp, -788
core   0: 3 0x8000946a (0xcec20213) x4  0x80011152
core   0: 0x8000946e (0xfc920b03) lb      s6, -55(tp)
core   0: 3 0x8000946e (0xfc920b03) x22 0xffffffd0 mem 0x8001111b
core   0: 0x80009472 (0xfd620403) lb      s0, -42(tp)
core   0: 3 0x80009472 (0xfd620403) x8  0xffffffe3 mem 0x80011128
core   0: 0x80009476 (0x002c1813) slli    a6, s8, 2
core   0: 3 0x80009476 (0x002c1813) x16 0x00068000
core   0: 0x8000947a (0x01720823) sb      s7, 16(tp)
core   0: 3 0x8000947a (0x01720823) mem 0x80011162 0x00
core   0: 0x8000947e (0xfcb22723) sw      a1, -50(tp)
core   0: 3 0x8000947e (0xfcb22723) mem 0x80011120 0x02000978
core   0: 0x80009482 (0x026caf33) mulhsu  t5, s9, t1
core   0: 3 0x80009482 (0x026caf33) x30 0xd0f71801
core   0: 0x80009486 (0x00008d11) c.sub   a0, a2
core   0: 3 0x80009486 (0x8d11) x10 0xc609aa16
core   0: 0x80009488 (0xff724703) lbu     a4, -9(tp)
core   0: 3 0x80009488 (0xff724703) x14 0x00000002 mem 0x80011149
core   0: 0x8000948c (0x00875f33) srl     t5, a4, s0
core   0: 3 0x8000948c (0x00875f33) x30 0x00000000
core   0: 0x80009490 (0x00008f2d) c.xor   a4, a1
core   0: 3 0x80009490 (0x8f2d) x14 0x0200097a
core   0: 0x80009492 (0xfe320623) sb      gp, -20(tp)
core   0: 3 0x80009492 (0xfe320623) mem 0x8001113e 0xe0
core   0: 0x80009496 (0x40f157b3) sra     a5, sp, a5
core   0: 3 0x80009496 (0x40f157b3) x15 0xfffffe70
core   0: 0x8000949a (0xfd524983) lbu     s3, -43(tp)
core   0: 3 0x8000949a (0xfd524983) x19 0x000000dc mem 0x80011127
core   0: 0x8000949e (0x01f24b03) lbu     s6, 31(tp)
core   0: 3 0x8000949e (0x01f24b03) x22 0x0000002a mem 0x80011171
core   0: 0x800094a2 (0xb0930093) addi    ra, t1, -1271
core   0: 3 0x800094a2 (0xb0930093) x1  0xb073de74
core   0: 0x800094a6 (0xfe822523) sw      s0, -22(tp)
core   0: 3 0x800094a6 (0xfe822523) mem 0x8001113c 0xffffffe3
core   0: 0x800094aa (0x418b5493) srai    s1, s6, 24
core   0: 3 0x800094aa (0x418b5493) x9  0x00000000
core   0: 0x800094ae (0xff920b83) lb      s7, -7(tp)
core   0: 3 0x800094ae (0xff920b83) x23 0x00000000 mem 0x8001114b
core   0: 0x800094b2 (0x00520583) lb      a1, 5(tp)
core   0: 3 0x800094b2 (0x00520583) x11 0x0000000c mem 0x80011157
core   0: 0x800094b6 (0x03b1c833) div     a6, gp, s11
core   0: 3 0x800094b6 (0x03b1c833) x16 0xffffffff
core   0: 0x800094ba (0x02d4cfb3) div     t6, s1, a3
core   0: 3 0x800094ba (0x02d4cfb3) x31 0xffffffff
core   0: 0x800094be (0x03b203a3) sb      s11, 39(tp)
core   0: 3 0x800094be (0x03b203a3) mem 0x80011179 0x00
core   0: 0x800094c2 (0x00e203a3) sb      a4, 7(tp)
core   0: 3 0x800094c2 (0x00e203a3) mem 0x80011159 0x7a
core   0: 0x800094c6 (0x00b204a3) sb      a1, 9(tp)
core   0: 3 0x800094c6 (0x00b204a3) mem 0x8001115b 0x0c
core   0: 0x800094ca (0x00b24e03) lbu     t3, 11(tp)
core   0: 3 0x800094ca (0x00b24e03) x28 0x00000016 mem 0x8001115d
core   0: 0x800094ce (0x03b21423) sh      s11, 40(tp)
core   0: 3 0x800094ce (0x03b21423) mem 0x8001117a 0x0000
core   0: 0x800094d2 (0x01a20c23) sb      s10, 24(tp)
core   0: 3 0x800094d2 (0x01a20c23) mem 0x8001116a 0x00
core   0: 0x800094d6 (0x26546513) ori     a0, s0, 613
core   0: 3 0x800094d6 (0x26546513) x10 0xffffffe7
core   0: 0x800094da (0x01c206a3) sb      t3, 13(tp)
core   0: 3 0x800094da (0x01c206a3) mem 0x8001115f 0x16
core   0: 0x800094de (0x01e20aa3) sb      t5, 21(tp)
core   0: 3 0x800094de (0x01e20aa3) mem 0x80011167 0x00
core   0: 0x800094e2 (0x41310db3) sub     s11, sp, s3
core   0: 3 0x800094e2 (0x41310db3) x27 0xf384220b
core   0: 0x800094e6 (0x02f20603) lb      a2, 47(tp)
core   0: 3 0x800094e6 (0x02f20603) x12 0x0000003a mem 0x80011181
core   0: 0x800094ea (0x0301e433) rem     s0, gp, a6
core   0: 3 0x800094ea (0x0301e433) x8  0x00000000
core   0: 0x800094ee (0x02c206a3) sb      a2, 45(tp)
core   0: 3 0x800094ee (0x02c206a3) mem 0x8001117f 0x3a
core   0: 0x800094f2 (0x03074fb3) div     t6, a4, a6
core   0: 3 0x800094f2 (0x03074fb3) x31 0xfdfff686
core   0: 0x800094f6 (0x000051fd) c.li    gp, -1
core   0: 3 0x800094f6 (0x51fd) x3  0xffffffff
core   0: 0x800094f8 (0xff520c03) lb      s8, -11(tp)
core   0: 3 0x800094f8 (0xff520c03) x24 0xfffffffc mem 0x80011147
core   0: 0x800094fc (0x1c5fa197) auipc   gp, 0x1c5fa
core   0: 3 0x800094fc (0x1c5fa197) x3  0x9c6034fc
core   0: 0x80009500 (0x0003aeb3) slt     t4, t2, zero
core   0: 3 0x80009500 (0x0003aeb3) x29 0x00000000
core   0: 0x80009504 (0xff520d03) lb      s10, -11(tp)
core   0: 3 0x80009504 (0xff520d03) x26 0xfffffffc mem 0x80011147
core   0: 0x80009508 (0x00d20d03) lb      s10, 13(tp)
core   0: 3 0x80009508 (0x00d20d03) x26 0x00000016 mem 0x8001115f
core   0: 0x8000950c (0x00000409) c.addi  s0, 2
core   0: 3 0x8000950c (0x0409) x8  0x00000002
core   0: 0x8000950e (0x00621a23) sh      t1, 20(tp)
core   0: 3 0x8000950e (0x00621a23) mem 0x80011166 0xe36b
core   0: 0x80009512 (0xff420303) lb      t1, -12(tp)
core   0: 3 0x80009512 (0xff420303) x6  0xfffffffd mem 0x80011146
core   0: 0x80009516 (0x0082cfb3) xor     t6, t0, s0
core   0: 3 0x80009516 (0x0082cfb3) x31 0x00000003
core   0: 0x8000951a (0x00000e9d) c.addi  t4, 7
core   0: 3 0x8000951a (0x0e9d) x29 0x00000007
core   0: 0x8000951c (0x40b55313) srai    t1, a0, 11
core   0: 3 0x8000951c (0x40b55313) x6  0xffffffff
core   0: 0x80009520 (0x003ed013) srli    zero, t4, 3
core   0: 3 0x80009520 (0x003ed013)
core   0: 0x80009524 (0xfe420083) lb      ra, -28(tp)
core   0: 3 0x80009524 (0xfe420083) x1  0xffffffed mem 0x80011136
core   0: 0x80009528 (0x02bdc533) div     a0, s11, a1
core   0: 3 0x80009528 (0x02bdc533) x10 0xfef5ad81
core   0: 0x8000952c (0x0ca0e693) ori     a3, ra, 202
core   0: 3 0x8000952c (0x0ca0e693) x13 0xffffffef
core   0: 0x80009530 (0x00000001) c.nop
core   0: 3 0x80009530 (0x0001)
core   0: 0x80009532 (0xfff24803) lbu     a6, -1(tp)
core   0: 3 0x80009532 (0xfff24803) x16 0x0000000a mem 0x80011151
core   0: 0x80009536 (0x00008c8a) c.mv    s9, sp
core   0: 3 0x80009536 (0x8c8a) x25 0xf38422e7
core   0: 0x80009538 (0x00008619) c.srai  a2, 6
core   0: 3 0x80009538 (0x8619) x12 0x00000000
core   0: 0x8000953a (0x00009e16) c.add   t3, t0
core   0: 3 0x8000953a (0x9e16) x28 0x00000017
core   0: 0x8000953c (0x027db933) mulhu   s2, s11, t2
core   0: 3 0x8000953c (0x027db933) x18 0x00000000
core   0: 0x80009540 (0x0332be33) mulhu   t3, t0, s3
core   0: 3 0x80009540 (0x0332be33) x28 0x00000000
core   0: 0x80009544 (0x01099c33) sll     s8, s3, a6
core   0: 3 0x80009544 (0x01099c33) x24 0x00037000
core   0: 0x80009548 (0x0000197d) c.addi  s2, -1
core   0: 3 0x80009548 (0x197d) x18 0xffffffff
core   0: 0x8000954a (0x00001c7d) c.addi  s8, -1
core   0: 3 0x8000954a (0x1c7d) x24 0x00036fff
core   0: 0x8000954c (0xd36ee513) ori     a0, t4, -714
core   0: 3 0x8000954c (0xd36ee513) x10 0xfffffd37
core   0: 0x80009550 (0x009ad8b3) srl     a7, s5, s1
core   0: 3 0x80009550 (0x009ad8b3) x17 0x80029d24
core   0: 0x80009554 (0x038961b3) rem     gp, s2, s8
core   0: 3 0x80009554 (0x038961b3) x3  0xffffffff
core   0: 0x80009558 (0x42367893) andi    a7, a2, 1059
core   0: 3 0x80009558 (0x42367893) x17 0x00000000
core   0: 0x8000955c (0x00000762) c.slli  a4, 24
core   0: 3 0x8000955c (0x0762) x14 0x7a000000
core   0: 0x8000955e (0x03f24fb3) div     t6, tp, t6
core   0: 3 0x8000955e (0x03f24fb3) x31 0xd555b071
core   0: 0x80009562 (0x00009212) c.add   tp, tp
core   0: 3 0x80009562 (0x9212) x4  0x000222a4
core   0: 0x80009564 (0x000083b5) c.srli  a5, 13
core   0: 3 0x80009564 (0x83b5) x15 0x0007ffff
core   0: 0x80009566 (0x40310e33) sub     t3, sp, gp
core   0: 3 0x80009566 (0x40310e33) x28 0xf38422e8
core   0: 0x8000956a (0x62b16fb7) lui     t6, 0x62b16
core   0: 3 0x8000956a (0x62b16fb7) x31 0x62b16000
core   0: 0x8000956e (0x0394f433) remu    s0, s1, s9
core   0: 3 0x8000956e (0x0394f433) x8  0x00000000
core   0: 0x80009572 (0x41565c33) sra     s8, a2, s5
core   0: 3 0x80009572 (0x41565c33) x24 0x00000000
core   0: 0x80009576 (0x007fe5b3) or      a1, t6, t2
core   0: 3 0x80009576 (0x007fe5b3) x11 0x62b16000
core   0: 0x8000957a (0x0126b4b3) sltu    s1, a3, s2
core   0: 3 0x8000957a (0x0126b4b3) x9  0x00000001
core   0: 0x8000957e (0x01c67db3) and     s11, a2, t3
core   0: 3 0x8000957e (0x01c67db3) x27 0x00000000
core   0: 0x80009582 (0x02c5c5b3) div     a1, a1, a2
core   0: 3 0x80009582 (0x02c5c5b3) x11 0xffffffff
core   0: 0x80009586 (0x00000001) c.nop
core   0: 3 0x80009586 (0x0001)
core   0: 0x80009588 (0x00008c7d) c.and   s0, a5
core   0: 3 0x80009588 (0x8c7d) x8  0x00000000
core   0: 0x8000958a (0x40568eb3) sub     t4, a3, t0
core   0: 3 0x8000958a (0x40568eb3) x29 0xffffffee
core   0: 0x8000958e (0x02220863) beq     tp, sp, pc + 48
core   0: 3 0x8000958e (0x02220863)
core   0: 0x80009592 (0x00006bfd) c.lui   s7, 0x1f
core   0: 3 0x80009592 (0x6bfd) x23 0x0001f000
core   0: 0x80009594 (0x0000c29d) c.beqz  a3, pc + 38
core   0: 3 0x80009594 (0xc29d)
core   0: 0x80009596 (0x018c4633) xor     a2, s8, s8
core   0: 3 0x80009596 (0x018c4633) x12 0x00000000
core   0: 0x8000959a (0x00008889) c.andi  s1, 2
core   0: 3 0x8000959a (0x8889) x9  0x00000000
core   0: 0x8000959c (0x6e55b613) sltiu   a2, a1, 1765
core   0: 3 0x8000959c (0x6e55b613) x12 0x00000000
core   0: 0x800095a0 (0x00000c42) c.slli  s8, 16
core   0: 3 0x800095a0 (0x0c42) x24 0x00000000
core   0: 0x800095a2 (0x036e6263) bltu    t3, s6, pc + 36
core   0: 3 0x800095a2 (0x036e6263)
core   0: 0x800095a6 (0x043d4463) blt     s10, gp, pc + 72
core   0: 3 0x800095a6 (0x043d4463)
core   0: 0x800095aa (0x0388b033) mulhu   zero, a7, s8
core   0: 3 0x800095aa (0x0388b033)
core   0: 0x800095ae (0x01f082b3) add     t0, ra, t6
core   0: 3 0x800095ae (0x01f082b3) x5  0x62b15fed
core   0: 0x800095b2 (0x01131663) bne     t1, a7, pc + 12
core   0: 3 0x800095b2 (0x01131663)
core   0: 0x800095be (0x039e4333) div     t1, t3, s9
core   0: 3 0x800095be (0x039e4333) x6  0x00000000
core   0: 0x800095c2 (0xb9a48093) addi    ra, s1, -1126
core   0: 3 0x800095c2 (0xb9a48093) x1  0xfffffb9a
core   0: 0x800095c6 (0xb2516317) auipc   t1, 0xb2516
core   0: 3 0x800095c6 (0xb2516317) x6  0x3251f5c6
core   0: 0x800095ca (0x0061b633) sltu    a2, gp, t1
core   0: 3 0x800095ca (0x0061b633) x12 0x00000000
core   0: 0x800095ce (0x0238aeb3) mulhsu  t4, a7, gp
core   0: 3 0x800095ce (0x0238aeb3) x29 0x00000000
core   0: 0x800095d2 (0x000086e9) c.srai  a3, 26
core   0: 3 0x800095d2 (0x86e9) x13 0xffffffff
core   0: 0x800095d4 (0x08cda493) slti    s1, s11, 140
core   0: 3 0x800095d4 (0x08cda493) x9  0x00000001
core   0: 0x800095d8 (0x01561b13) slli    s6, a2, 21
core   0: 3 0x800095d8 (0x01561b13) x22 0x00000000
core   0: 0x800095dc (0x40ba86b3) sub     a3, s5, a1
core   0: 3 0x800095dc (0x40ba86b3) x13 0x80029d25
core   0: 0x800095e0 (0x03526c33) rem     s8, tp, s5
core   0: 3 0x800095e0 (0x03526c33) x24 0x000222a4
core   0: 0x800095e4 (0x0175d563) bge     a1, s7, pc + 10
core   0: 3 0x800095e4 (0x0175d563)
core   0: 0x800095e8 (0x01f3de13) srli    t3, t2, 31
core   0: 3 0x800095e8 (0x01f3de13) x28 0x00000000
core   0: 0x800095ec (0x000085fd) c.srai  a1, 31
core   0: 3 0x800095ec (0x85fd) x11 0xffffffff
core   0: 0x800095ee (0x00c35db3) srl     s11, t1, a2
core   0: 3 0x800095ee (0x00c35db3) x27 0x3251f5c6
core   0: 0x800095f2 (0x00008dd9) c.or    a1, a4
core   0: 3 0x800095f2 (0x8dd9) x11 0xffffffff
core   0: 0x800095f4 (0x00008889) c.andi  s1, 2
core   0: 3 0x800095f4 (0x8889) x9  0x00000000
core   0: 0x800095f6 (0x001fb933) sltu    s2, t6, ra
core   0: 3 0x800095f6 (0x001fb933) x18 0x00000001
core   0: 0x800095fa (0x03504533) div     a0, zero, s5
core   0: 3 0x800095fa (0x03504533) x10 0x00000000
core   0: 0x800095fe (0x00dfd413) srli    s0, t6, 13
core   0: 3 0x800095fe (0x00dfd413) x8  0x0003158b
core   0: 0x80009602 (0x01dc4bb3) xor     s7, s8, t4
core   0: 3 0x80009602 (0x01dc4bb3) x23 0x000222a4
core   0: 0x80009606 (0x2163c893) xori    a7, t2, 534
core   0: 3 0x80009606 (0x2163c893) x17 0x00000216
core   0: 0x8000960a (0x00008849) c.andi  s0, 18
core   0: 3 0x8000960a (0x8849) x8  0x00000002
core   0: 0x8000960c (0x0000ed1d) c.bnez  a0, pc + 62
core   0: 3 0x8000960c (0xed1d)
core   0: 0x8000960e (0xc1364413) xori    s0, a2, -1005
core   0: 3 0x8000960e (0xc1364413) x8  0xfffffc13
core   0: 0x80009612 (0x57b7e993) ori     s3, a5, 1403
core   0: 3 0x80009612 (0x57b7e993) x19 0x0007ffff
core   0: 0x80009616 (0x000086e1) c.srai  a3, 24
core   0: 3 0x80009616 (0x86e1) x13 0xffffff80
core   0: 0x80009618 (0x0000ca0d) c.beqz  a2, pc + 50
core   0: 3 0x80009618 (0xca0d)
core   0: 0x8000964a (0x7bcd2993) slti    s3, s10, 1980
core   0: 3 0x8000964a (0x7bcd2993) x19 0x00000001
core   0: 0x8000964e (0x039006b3) mul     a3, zero, s9
core   0: 3 0x8000964e (0x039006b3) x13 0x00000000
core   0: 0x80009652 (0x00000e45) c.addi  t3, 17
core   0: 3 0x80009652 (0x0e45) x28 0x00000011
core   0: 0x80009654 (0x3dbd7437) lui     s0, 0x3dbd7
core   0: 3 0x80009654 (0x3dbd7437) x8  0x3dbd7000
core   0: 0x80009658 (0x00005cfd) c.li    s9, -1
core   0: 3 0x80009658 (0x5cfd) x25 0xffffffff
core   0: 0x8000965a (0x00000001) c.nop
core   0: 3 0x8000965a (0x0001)
core   0: 0x8000965c (0x01601c33) sll     s8, zero, s6
core   0: 3 0x8000965c (0x01601c33) x24 0x00000000
core   0: 0x80009660 (0xde442e93) slti    t4, s0, -540
core   0: 3 0x80009660 (0xde442e93) x29 0x00000000
core   0: 0x80009664 (0x00008b4d) c.andi  a4, 19
core   0: 3 0x80009664 (0x8b4d) x14 0x00000000
core   0: 0x80009666 (0x00009ebe) c.add   t4, a5
core   0: 3 0x80009666 (0x9ebe) x29 0x0007ffff
core   0: 0x80009668 (0x17e43293) sltiu   t0, s0, 382
core   0: 3 0x80009668 (0x17e43293) x5  0x00000000
core   0: 0x8000966c (0x03c26e33) rem     t3, tp, t3
core   0: 3 0x8000966c (0x03c26e33) x28 0x0000000d
core   0: 0x80009670 (0x03041bb3) mulh    s7, s0, a6
core   0: 3 0x80009670 (0x03041bb3) x23 0x00000002
core   0: 0x80009674 (0x00000ba5) c.addi  s7, 9
core   0: 3 0x80009674 (0x0ba5) x23 0x0000000b
core   0: 0x80009676 (0x00017f97) auipc   t6, 0x17
core   0: 3 0x80009676 (0x00017f97) x31 0x80020676
core   0: 0x8000967a (0x371f8f93) addi    t6, t6, 881
core   0: 3 0x8000967a (0x371f8f93) x31 0x800209e7
core   0: 0x8000967e (0x00af8803) lb      a6, 10(t6)
core   0: 3 0x8000967e (0x00af8803) x16 0x00000024 mem 0x800209f1
core   0: 0x80009682 (0x01ff8523) sb      t6, 10(t6)
core   0: 3 0x80009682 (0x01ff8523) mem 0x800209f1 0xe7
core   0: 0x80009686 (0x00af8203) lb      tp, 10(t6)
core   0: 3 0x80009686 (0x00af8203) x4  0xffffffe7 mem 0x800209f1
core   0: 0x8000968a (0x00bf8523) sb      a1, 10(t6)
core   0: 3 0x8000968a (0x00bf8523) mem 0x800209f1 0xff
core   0: 0x8000968e (0x00008fcd) c.or    a5, a1
core   0: 3 0x8000968e (0x8fcd) x15 0xffffffff
core   0: 0x80009690 (0x00af8483) lb      s1, 10(t6)
core   0: 3 0x80009690 (0x00af8483) x9  0xffffffff mem 0x800209f1
core   0: 0x80009694 (0x1939c693) xori    a3, s3, 403
core   0: 3 0x80009694 (0x1939c693) x13 0x00000192
core   0: 0x80009698 (0x01af8523) sb      s10, 10(t6)
core   0: 3 0x80009698 (0x01af8523) mem 0x800209f1 0x16
core   0: 0x8000969c (0x00afc203) lbu     tp, 10(t6)
core   0: 3 0x8000969c (0x00afc203) x4  0x00000016 mem 0x800209f1
core   0: 0x800096a0 (0x007f8523) sb      t2, 10(t6)
core   0: 3 0x800096a0 (0x007f8523) mem 0x800209f1 0x00
core   0: 0x800096a4 (0x015f8523) sb      s5, 10(t6)
core   0: 3 0x800096a4 (0x015f8523) mem 0x800209f1 0x24
core   0: 0x800096a8 (0x00afc983) lbu     s3, 10(t6)
core   0: 3 0x800096a8 (0x00afc983) x19 0x00000024 mem 0x800209f1
core   0: 0x800096ac (0x00008dfd) c.and   a1, a5
core   0: 3 0x800096ac (0x8dfd) x11 0xffffffff
core   0: 0x800096ae (0x00af8483) lb      s1, 10(t6)
core   0: 3 0x800096ae (0x00af8483) x9  0x00000024 mem 0x800209f1
core   0: 0x800096b2 (0x006f8403) lb      s0, 6(t6)
core   0: 3 0x800096b2 (0x006f8403) x8  0x00000014 mem 0x800209ed
core   0: 0x800096b6 (0x006fc883) lbu     a7, 6(t6)
core   0: 3 0x800096b6 (0x006fc883) x17 0x00000014 mem 0x800209ed
core   0: 0x800096ba (0x006fcd83) lbu     s11, 6(t6)
core   0: 3 0x800096ba (0x006fcd83) x27 0x00000014 mem 0x800209ed
core   0: 0x800096be (0x006f8b03) lb      s6, 6(t6)
core   0: 3 0x800096be (0x006f8b03) x22 0x00000014 mem 0x800209ed
core   0: 0x800096c2 (0x000084b5) c.srai  s1, 13
core   0: 3 0x800096c2 (0x84b5) x9  0x00000000
core   0: 0x800096c4 (0x006fc403) lbu     s0, 6(t6)
core   0: 3 0x800096c4 (0x006fc403) x8  0x00000014 mem 0x800209ed
core   0: 0x800096c8 (0x00008731) c.srai  a4, 12
core   0: 3 0x800096c8 (0x8731) x14 0x00000000
core   0: 0x800096ca (0x00008c72) c.mv    s8, t3
core   0: 3 0x800096ca (0x8c72) x24 0x0000000d
core   0: 0x800096cc (0x016f8323) sb      s6, 6(t6)
core   0: 3 0x800096cc (0x016f8323) mem 0x800209ed 0x14
core   0: 0x800096d0 (0x00000001) c.nop
core   0: 3 0x800096d0 (0x0001)
core   0: 0x800096d2 (0x006fc303) lbu     t1, 6(t6)
core   0: 3 0x800096d2 (0x006fc303) x6  0x00000014 mem 0x800209ed
core   0: 0x800096d6 (0x014f8323) sb      s4, 6(t6)
core   0: 3 0x800096d6 (0x014f8323) mem 0x800209ed 0x14
core   0: 0x800096da (0x03a839b3) mulhu   s3, a6, s10
core   0: 3 0x800096da (0x03a839b3) x19 0x00000000
core   0: 0x800096de (0xe97dd097) auipc   ra, 0xe97dd
core   0: 3 0x800096de (0xe97dd097) x1  0x697e66de
core   0: 0x800096e2 (0x039072b3) remu    t0, zero, s9
core   0: 3 0x800096e2 (0x039072b3) x5  0x00000000
core   0: 0x800096e6 (0x032ac7b3) div     a5, s5, s2
core   0: 3 0x800096e6 (0x032ac7b3) x15 0x80029d24
core   0: 0x800096ea (0x02558e33) mul     t3, a1, t0
core   0: 3 0x800096ea (0x02558e33) x28 0x00000000
core   0: 0x800096ee (0x00008866) c.mv    a6, s9
core   0: 3 0x800096ee (0x8866) x16 0xffffffff
core   0: 0x800096f0 (0x01ca13b3) sll     t2, s4, t3
core   0: 3 0x800096f0 (0x01ca13b3) x7  0x80025e14
core   0: 0x800096f4 (0x41515733) sra     a4, sp, s5
core   0: 3 0x800096f4 (0x41515733) x14 0xff38422e
core   0: 0x800096f8 (0xdd0654b7) lui     s1, 0xdd065
core   0: 3 0x800096f8 (0xdd0654b7) x9  0xdd065000
core   0: 0x800096fc (0x00006ba5) c.lui   s7, 0x9
core   0: 3 0x800096fc (0x6ba5) x23 0x00009000
core   0: 0x800096fe (0x02ffcbb3) div     s7, t6, a5
core   0: 3 0x800096fe (0x02ffcbb3) x23 0x00000001
core   0: 0x80009702 (0x0270f8b3) remu    a7, ra, t2
core   0: 3 0x80009702 (0x0270f8b3) x17 0x697e66de
core   0: 0x80009706 (0x0353f433) remu    s0, t2, s5
core   0: 3 0x80009706 (0x0353f433) x8  0x80025e14
core   0: 0x8000970a (0x01392d33) slt     s10, s2, s3
core   0: 3 0x8000970a (0x01392d33) x26 0x00000000
core   0: 0x8000970e (0x0000ea09) c.bnez  a2, pc + 18
core   0: 3 0x8000970e (0xea09)
core   0: 0x80009710 (0xb74c1717) auipc   a4, 0xb74c1
core   0: 3 0x80009710 (0xb74c1717) x14 0x374ca710
core   0: 0x80009714 (0x08f46f93) ori     t6, s0, 143
core   0: 3 0x80009714 (0x08f46f93) x31 0x80025e9f
core   0: 0x80009718 (0x20086293) ori     t0, a6, 512
core   0: 3 0x80009718 (0x20086293) x5  0xffffffff
core   0: 0x8000971c (0x9c4ad2b7) lui     t0, 0x9c4ad
core   0: 3 0x8000971c (0x9c4ad2b7) x5  0x9c4ad000
core   0: 0x80009720 (0x00009c96) c.add   s9, t0
core   0: 3 0x80009720 (0x9c96) x25 0x9c4acfff
core   0: 0x80009722 (0x41020fb3) sub     t6, tp, a6
core   0: 3 0x80009722 (0x41020fb3) x31 0x00000017
core   0: 0x80009726 (0x014ba4b3) slt     s1, s7, s4
core   0: 3 0x80009726 (0x014ba4b3) x9  0x00000000
core   0: 0x8000972a (0x000067ad) c.lui   a5, 0xb
core   0: 3 0x8000972a (0x67ad) x15 0x0000b000
core   0: 0x8000972c (0x000093f6) c.add   t2, t4
core   0: 3 0x8000972c (0x93f6) x7  0x800a5e13
core   0: 0x8000972e (0x41e8d713) srai    a4, a7, 30
core   0: 3 0x8000972e (0x41e8d713) x14 0x00000001
core   0: 0x80009732 (0x00006305) c.lui   t1, 0x1
core   0: 3 0x80009732 (0x6305) x6  0x00001000
core   0: 0x80009734 (0x0000951a) c.add   a0, t1
core   0: 3 0x80009734 (0x951a) x10 0x00001000
core   0: 0x80009736 (0x00da1db3) sll     s11, s4, a3
core   0: 3 0x80009736 (0x00da1db3) x27 0x78500000
core   0: 0x8000973a (0x01770fb3) add     t6, a4, s7
core   0: 3 0x8000973a (0x01770fb3) x31 0x00000002
core   0: 0x8000973e (0x540eb7b7) lui     a5, 0x540eb
core   0: 3 0x8000973e (0x540eb7b7) x15 0x540eb000
core   0: 0x80009742 (0x034d7663) bgeu    s10, s4, pc + 44
core   0: 3 0x80009742 (0x034d7663)
core   0: 0x80009746 (0x02444b33) div     s6, s0, tp
core   0: 3 0x80009746 (0x02444b33) x22 0xfa2ea730
core   0: 0x8000974a (0x74046613) ori     a2, s0, 1856
core   0: 3 0x8000974a (0x74046613) x12 0x80025f54
core   0: 0x8000974e (0x40e1dc33) sra     s8, gp, a4
core   0: 3 0x8000974e (0x40e1dc33) x24 0xffffffff
core   0: 0x80009752 (0x02adf933) remu    s2, s11, a0
core   0: 3 0x80009752 (0x02adf933) x18 0x00000000
core   0: 0x80009756 (0x01f456b3) srl     a3, s0, t6
core   0: 3 0x80009756 (0x01f456b3) x13 0x20009785
core   0: 0x8000975a (0x002d7033) and     zero, s10, sp
core   0: 3 0x8000975a (0x002d7033)
core   0: 0x8000975e (0xac71fe13) andi    t3, gp, -1337
core   0: 3 0x8000975e (0xac71fe13) x28 0xfffffac7
core   0: 0x80009762 (0x40228c33) sub     s8, t0, sp
core   0: 3 0x80009762 (0x40228c33) x24 0xa8c6ad19
core   0: 0x80009766 (0x00006bad) c.lui   s7, 0xb
core   0: 3 0x80009766 (0x6bad) x23 0x0000b000
core   0: 0x80009768 (0x00008221) c.srli  a2, 8
core   0: 3 0x80009768 (0x8221) x12 0x0080025f
core   0: 0x8000976a (0x0148a233) slt     tp, a7, s4
core   0: 3 0x8000976a (0x0148a233) x4  0x00000000
core   0: 0x8000976e (0x025689b3) mul     s3, a3, t0
core   0: 3 0x8000976e (0x025689b3) x19 0x538e1000
core   0: 0x80009772 (0xdea6e693) ori     a3, a3, -534
core   0: 3 0x80009772 (0xdea6e693) x13 0xffffffef
core   0: 0x80009776 (0x40c9db13) srai    s6, s3, 12
core   0: 3 0x80009776 (0x40c9db13) x22 0x000538e1
core   0: 0x8000977a (0x00008dc9) c.or    a1, a0
core   0: 3 0x8000977a (0x8dc9) x11 0xffffffff
core   0: 0x8000977c (0x6cf5c493) xori    s1, a1, 1743
core   0: 3 0x8000977c (0x6cf5c493) x9  0xfffff930
core   0: 0x80009780 (0x00febb33) sltu    s6, t4, a5
core   0: 3 0x80009780 (0x00febb33) x22 0x00000001
core   0: 0x80009784 (0x00001efd) c.addi  t4, -1
core   0: 3 0x80009784 (0x1efd) x29 0x0007fffe
core   0: 0x80009786 (0x00009e8e) c.add   t4, gp
core   0: 3 0x80009786 (0x9e8e) x29 0x0007fffd
core   0: 0x80009788 (0x012ef763) bgeu    t4, s2, pc + 14
core   0: 3 0x80009788 (0x012ef763)
core   0: 0x80009796 (0x03493db3) mulhu   s11, s2, s4
core   0: 3 0x80009796 (0x03493db3) x27 0x00000000
core   0: 0x8000979a (0x03b9c463) blt     s3, s11, pc + 40
core   0: 3 0x8000979a (0x03b9c463)
core   0: 0x8000979e (0x02737733) remu    a4, t1, t2
core   0: 3 0x8000979e (0x02737733) x14 0x00001000
core   0: 0x800097a2 (0x00008b91) c.andi  a5, 4
core   0: 3 0x800097a2 (0x8b91) x15 0x00000000
core   0: 0x800097a4 (0x0d320493) addi    s1, tp, 211
core   0: 3 0x800097a4 (0x0d320493) x9  0x000000d3
core   0: 0x800097a8 (0x02b458b3) divu    a7, s0, a1
core   0: 3 0x800097a8 (0x02b458b3) x17 0x00000000
core   0: 0x800097ac (0x00000001) c.nop
core   0: 3 0x800097ac (0x0001)
core   0: 0x800097ae (0x039c5033) divu    zero, s8, s9
core   0: 3 0x800097ae (0x039c5033)
core   0: 0x800097b2 (0x0000090a) c.slli  s2, 2
core   0: 3 0x800097b2 (0x090a) x18 0x00000000
core   0: 0x800097b4 (0x021ba8b3) mulhsu  a7, s7, ra
core   0: 3 0x800097b4 (0x021ba8b3) x17 0x00004886
core   0: 0x800097b8 (0x00008f11) c.sub   a4, a2
core   0: 3 0x800097b8 (0x8f11) x14 0xff800da1
core   0: 0x800097ba (0x021b5163) bge     s6, ra, pc + 34
core   0: 3 0x800097ba (0x021b5163)
core   0: 0x800097be (0x00c08b63) beq     ra, a2, pc + 22
core   0: 3 0x800097be (0x00c08b63)
core   0: 0x800097c2 (0x004c5963) bge     s8, tp, pc + 18
core   0: 3 0x800097c2 (0x004c5963)
core   0: 0x800097c6 (0x59588b93) addi    s7, a7, 1429
core   0: 3 0x800097c6 (0x59588b93) x23 0x00004e1b
core   0: 0x800097ca (0x00008259) c.srli  a2, 22
core   0: 3 0x800097ca (0x8259) x12 0x00000002
core   0: 0x800097cc (0x027ca3b3) mulhsu  t2, s9, t2
core   0: 3 0x800097cc (0x027ca3b3) x7  0xce215e47
core   0: 0x800097d0 (0x039a6fb3) rem     t6, s4, s9
core   0: 3 0x800097d0 (0x039a6fb3) x31 0xe3b78e15
core   0: 0x800097d4 (0x1c173793) sltiu   a5, a4, 449
core   0: 3 0x800097d4 (0x1c173793) x15 0x00000000
core   0: 0x800097d8 (0x03a78b33) mul     s6, a5, s10
core   0: 3 0x800097d8 (0x03a78b33) x22 0x00000000
core   0: 0x800097dc (0x4163d213) srai    tp, t2, 22
core   0: 3 0x800097dc (0x4163d213) x4  0xffffff38
core   0: 0x800097e0 (0x40b988b3) sub     a7, s3, a1
core   0: 3 0x800097e0 (0x40b988b3) x17 0x538e1001
core   0: 0x800097e4 (0x014a6263) bltu    s4, s4, pc + 4
core   0: 3 0x800097e4 (0x014a6263)
core   0: 0x800097e8 (0x01a9b6b3) sltu    a3, s3, s10
core   0: 3 0x800097e8 (0x01a9b6b3) x13 0x00000000
core   0: 0x800097ec (0xc5551c97) auipc   s9, 0xc5551
core   0: 3 0x800097ec (0xc5551c97) x25 0x4555a7ec
core   0: 0x800097f0 (0xf03fe913) ori     s2, t6, -253
core   0: 3 0x800097f0 (0xf03fe913) x18 0xffffff17
core   0: 0x800097f4 (0x01256633) or      a2, a0, s2
core   0: 3 0x800097f4 (0x01256633) x12 0xffffff17
core   0: 0x800097f8 (0x01a27b33) and     s6, tp, s10
core   0: 3 0x800097f8 (0x01a27b33) x22 0x00000000
core   0: 0x800097fc (0x01f48863) beq     s1, t6, pc + 16
core   0: 3 0x800097fc (0x01f48863)
core   0: 0x80009800 (0x000090ee) c.add   ra, s11
core   0: 3 0x80009800 (0x90ee) x1  0x697e66de
core   0: 0x80009802 (0x000064b5) c.lui   s1, 0xd
core   0: 3 0x80009802 (0x64b5) x9  0x0000d000
core   0: 0x80009804 (0x2e0fb393) sltiu   t2, t6, 736
core   0: 3 0x80009804 (0x2e0fb393) x7  0x00000000
core   0: 0x80009808 (0x02d841b3) div     gp, a6, a3
core   0: 3 0x80009808 (0x02d841b3) x3  0xffffffff
core   0: 0x8000980c (0x03231063) bne     t1, s2, pc + 32
core   0: 3 0x8000980c (0x03231063)
core   0: 0x8000982c (0x00008362) c.mv    t1, s8
core   0: 3 0x8000982c (0x8362) x6  0xa8c6ad19
core   0: 0x8000982e (0x41d108b3) sub     a7, sp, t4
core   0: 3 0x8000982e (0x41d108b3) x17 0xf37c22ea
core   0: 0x80009832 (0xd61de293) ori     t0, s11, -671
core   0: 3 0x80009832 (0xd61de293) x5  0xfffffd61
core   0: 0x80009836 (0x01008663) beq     ra, a6, pc + 12
core   0: 3 0x80009836 (0x01008663)
core   0: 0x8000983a (0x00004fc1) c.li    t6, 16
core   0: 3 0x8000983a (0x4fc1) x31 0x00000010
core   0: 0x8000983c (0xa03c0e93) addi    t4, s8, -1533
core   0: 3 0x8000983c (0xa03c0e93) x29 0xa8c6a71c
core   0: 0x80009840 (0x0000e20d) c.bnez  a2, pc + 34
core   0: 3 0x80009840 (0xe20d)
core   0: 0x80009862 (0x04dae163) bltu    s5, a3, pc + 66
core   0: 3 0x80009862 (0x04dae163)
core   0: 0x80009866 (0x029697b3) mulh    a5, a3, s1
core   0: 3 0x80009866 (0x029697b3) x15 0x00000000
core   0: 0x8000986a (0x537e2793) slti    a5, t3, 1335
core   0: 3 0x8000986a (0x537e2793) x15 0x00000001
core   0: 0x8000986e (0x018e8bb3) add     s7, t4, s8
core   0: 3 0x8000986e (0x018e8bb3) x23 0x518d5435
core   0: 0x80009872 (0xe341e313) ori     t1, gp, -460
core   0: 3 0x80009872 (0xe341e313) x6  0xffffffff
core   0: 0x80009876 (0x013b6763) bltu    s6, s3, pc + 14
core   0: 3 0x80009876 (0x013b6763)
core   0: 0x80009884 (0x02a3f3b3) remu    t2, t2, a0
core   0: 3 0x80009884 (0x02a3f3b3) x7  0x00000000
core   0: 0x80009888 (0x00b84563) blt     a6, a1, pc + 10
core   0: 3 0x80009888 (0x00b84563)
core   0: 0x8000988c (0x0000c889) c.beqz  s1, pc + 18
core   0: 3 0x8000988c (0xc889)
core   0: 0x8000988e (0x4faa4493) xori    s1, s4, 1274
core   0: 3 0x8000988e (0x4faa4493) x9  0x80025aee
core   0: 0x80009892 (0x00785f13) srli    t5, a6, 7
core   0: 3 0x80009892 (0x00785f13) x30 0x01ffffff
core   0: 0x80009896 (0x001f9b93) slli    s7, t6, 1
core   0: 3 0x80009896 (0x001f9b93) x23 0x00000020
core   0: 0x8000989a (0x00008db1) c.xor   a1, a2
core   0: 3 0x8000989a (0x8db1) x11 0x000000e8
core   0: 0x8000989c (0x000043dd) c.li    t2, 23
core   0: 3 0x8000989c (0x43dd) x7  0x00000017
core   0: 0x8000989e (0x0000ea09) c.bnez  a2, pc + 18
core   0: 3 0x8000989e (0xea09)
core   0: 0x800098b0 (0x1caa4b13) xori    s6, s4, 458
core   0: 3 0x800098b0 (0x1caa4b13) x22 0x80025fde
core   0: 0x800098b4 (0x009c5713) srli    a4, s8, 9
core   0: 3 0x800098b4 (0x009c5713) x14 0x00546356
core   0: 0x800098b8 (0x02daf0b3) remu    ra, s5, a3
core   0: 3 0x800098b8 (0x02daf0b3) x1  0x80029d24
core   0: 0x800098bc (0x012ee263) bltu    t4, s2, pc + 4
core   0: 3 0x800098bc (0x012ee263)
core   0: 0x800098c0 (0xf9eaa013) slti    zero, s5, -98
core   0: 3 0x800098c0 (0xf9eaa013)
core   0: 0x800098c4 (0x94a3b613) sltiu   a2, t2, -1718
core   0: 3 0x800098c4 (0x94a3b613) x12 0x00000001
core   0: 0x800098c8 (0x03a69eb3) mulh    t4, a3, s10
core   0: 3 0x800098c8 (0x03a69eb3) x29 0x00000000
core   0: 0x800098cc (0x000060b5) c.lui   ra, 0xd
core   0: 3 0x800098cc (0x60b5) x1  0x0000d000
core   0: 0x800098ce (0x00008f15) c.sub   a4, a3
core   0: 3 0x800098ce (0x8f15) x14 0x00546356
core   0: 0x800098d0 (0x035c11b3) mulh    gp, s8, s5
core   0: 3 0x800098d0 (0x035c11b3) x3  0x2b9bc576
core   0: 0x800098d4 (0x00650eb3) add     t4, a0, t1
core   0: 3 0x800098d4 (0x00650eb3) x29 0x00000fff
core   0: 0x800098d8 (0x01ada733) slt     a4, s11, s10
core   0: 3 0x800098d8 (0x01ada733) x14 0x00000000
core   0: 0x800098dc (0x022a8233) mul     tp, s5, sp
core   0: 3 0x800098dc (0x022a8233) x4  0x0dca937c
core   0: 0x800098e0 (0x00000001) c.nop
core   0: 3 0x800098e0 (0x0001)
core   0: 0x800098e2 (0x0379edb3) rem     s11, s3, s7
core   0: 3 0x800098e2 (0x0379edb3) x27 0x00000000
core   0: 0x800098e6 (0x00006f4d) c.lui   t5, 0x13
core   0: 3 0x800098e6 (0x6f4d) x30 0x00013000
core   0: 0x800098e8 (0x01881193) slli    gp, a6, 24
core   0: 3 0x800098e8 (0x01881193) x3  0xff000000
core   0: 0x800098ec (0x0000c589) c.beqz  a1, pc + 10
core   0: 3 0x800098ec (0xc589)
core   0: 0x800098ee (0x024fce63) blt     t6, tp, pc + 60
core   0: 3 0x800098ee (0x024fce63)
core   0: 0x8000992a (0x411bde33) sra     t3, s7, a7
core   0: 3 0x8000992a (0x411bde33) x28 0x00000000
core   0: 0x8000992e (0x00008dcd) c.or    a1, a1
core   0: 3 0x8000992e (0x8dcd) x11 0x000000e8
core   0: 0x80009930 (0x00004545) c.li    a0, 17
core   0: 3 0x80009930 (0x4545) x10 0x00000011
core   0: 0x80009932 (0x03c65f33) divu    t5, a2, t3
core   0: 3 0x80009932 (0x03c65f33) x30 0xffffffff
core   0: 0x80009936 (0x69ac8713) addi    a4, s9, 1690
core   0: 3 0x80009936 (0x69ac8713) x14 0x4555ae86
core   0: 0x8000993a (0x00008d55) c.or    a0, a3
core   0: 3 0x8000993a (0x8d55) x10 0x00000011
core   0: 0x8000993c (0x00b62d33) slt     s10, a2, a1
core   0: 3 0x8000993c (0x00b62d33) x26 0x00000001
core   0: 0x80009940 (0xf2113c93) sltiu   s9, sp, -223
core   0: 3 0x80009940 (0xf2113c93) x25 0x00000001
core   0: 0x80009944 (0x024aab33) mulhsu  s6, s5, tp
core   0: 3 0x80009944 (0x024aab33) x22 0xf91ada4e
core   0: 0x80009948 (0x00cd0863) beq     s10, a2, pc + 16
core   0: 3 0x80009948 (0x00cd0863)
core   0: 0x80009958 (0xac5793b7) lui     t2, 0xac579
core   0: 3 0x80009958 (0xac5793b7) x7  0xac579000
core   0: 0x8000995c (0x000abfb3) sltu    t6, s5, zero
core   0: 3 0x8000995c (0x000abfb3) x31 0x00000000
core   0: 0x80009960 (0x00008965) c.andi  a0, 25
core   0: 3 0x80009960 (0x8965) x10 0x00000011
core   0: 0x80009962 (0x0000ee99) c.bnez  a3, pc + 30
core   0: 3 0x80009962 (0xee99)
core   0: 0x80009964 (0x0000e08d) c.bnez  s1, pc + 34
core   0: 3 0x80009964 (0xe08d)
core   0: 0x80009986 (0x0000e489) c.bnez  s1, pc + 10
core   0: 3 0x80009986 (0xe489)
core   0: 0x80009990 (0x00310963) beq     sp, gp, pc + 18
core   0: 3 0x80009990 (0x00310963)
core   0: 0x80009994 (0x40048cb3) sub     s9, s1, zero
core   0: 3 0x80009994 (0x40048cb3) x25 0x80025aee
core   0: 0x80009998 (0x000001aa) c.slli  gp, 10
core   0: 3 0x80009998 (0x01aa) x3  0x00000000
core   0: 0x8000999a (0x01521193) slli    gp, tp, 21
core   0: 3 0x8000999a (0x01521193) x3  0x6f800000
core   0: 0x8000999e (0x026253b3) divu    t2, tp, t1
core   0: 3 0x8000999e (0x026253b3) x7  0x00000000
core   0: 0x800099a2 (0x00b21593) slli    a1, tp, 11
core   0: 3 0x800099a2 (0x00b21593) x11 0x549be000
core   0: 0x800099a6 (0x0119f9b3) and     s3, s3, a7
core   0: 3 0x800099a6 (0x0119f9b3) x19 0x530c0000
core   0: 0x800099aa (0xd861ef93) ori     t6, gp, -634
core   0: 3 0x800099aa (0xd861ef93) x31 0xfffffd86
core   0: 0x800099ae (0x0000e40d) c.bnez  s0, pc + 42
core   0: 3 0x800099ae (0xe40d)
core   0: 0x800099d8 (0x01e79663) bne     a5, t5, pc + 12
core   0: 3 0x800099d8 (0x01e79663)
core   0: 0x800099e4 (0x000086ee) c.mv    a3, s11
core   0: 3 0x800099e4 (0x86ee) x13 0x00000000
core   0: 0x800099e6 (0x0382ff33) remu    t5, t0, s8
core   0: 3 0x800099e6 (0x0382ff33) x30 0x57395048
core   0: 0x800099ea (0x0000c605) c.beqz  a2, pc + 40
core   0: 3 0x800099ea (0xc605)
core   0: 0x800099ec (0x1583fbb7) lui     s7, 0x1583f
core   0: 3 0x800099ec (0x1583fbb7) x23 0x1583f000
core   0: 0x800099f0 (0x01a21263) bne     tp, s10, pc + 4
core   0: 3 0x800099f0 (0x01a21263)
core   0: 0x800099f4 (0x007efbb3) and     s7, t4, t2
core   0: 3 0x800099f4 (0x007efbb3) x23 0x00000000
core   0: 0x800099f8 (0x403fd593) srai    a1, t6, 3
core   0: 3 0x800099f8 (0x403fd593) x11 0xffffffb0
core   0: 0x800099fc (0x00008c15) c.sub   s0, a3
core   0: 3 0x800099fc (0x8c15) x8  0x80025e14
core   0: 0x800099fe (0x009e66b3) or      a3, t3, s1
core   0: 3 0x800099fe (0x009e66b3) x13 0x80025aee
core   0: 0x80009a02 (0x02b5a333) mulhsu  t1, a1, a1
core   0: 3 0x80009a02 (0x02b5a333) x6  0xffffffb0
core   0: 0x80009a06 (0x01e77233) and     tp, a4, t5
core   0: 3 0x80009a06 (0x01e77233) x4  0x45110000
core   0: 0x80009a0a (0x0273a633) mulhsu  a2, t2, t2
core   0: 3 0x80009a0a (0x0273a633) x12 0x00000000
core   0: 0x80009a0e (0x00008331) c.srli  a4, 12
core   0: 3 0x80009a0e (0x8331) x14 0x0004555a
core   0: 0x80009a10 (0x00006189) c.lui   gp, 0x2
core   0: 3 0x80009a10 (0x6189) x3  0x00002000
core   0: 0x80009a12 (0x43f98213) addi    tp, s3, 1087
core   0: 3 0x80009a12 (0x43f98213) x4  0x530c043f
core   0: 0x80009a16 (0x00008259) c.srli  a2, 22
core   0: 3 0x80009a16 (0x8259) x12 0x00000000
core   0: 0x80009a18 (0xc6aabd93) sltiu   s11, s5, -918
core   0: 3 0x80009a18 (0xc6aabd93) x27 0x00000001
core   0: 0x80009a1c (0x00c0d333) srl     t1, ra, a2
core   0: 3 0x80009a1c (0x00c0d333) x6  0x0000d000
core   0: 0x80009a20 (0x00000eae) c.slli  t4, 11
core   0: 3 0x80009a20 (0x0eae) x29 0x007ff800
core   0: 0x80009a22 (0x032431b3) mulhu   gp, s0, s2
core   0: 3 0x80009a22 (0x032431b3) x3  0x80025d9f
core   0: 0x80009a26 (0x00008e8d) c.sub   a3, a1
core   0: 3 0x80009a26 (0x8e8d) x13 0x80025b3e
core   0: 0x80009a28 (0x53207d93) andi    s11, zero, 1330
core   0: 3 0x80009a28 (0x53207d93) x27 0x00000000
core   0: 0x80009a2c (0x000052e5) c.li    t0, -7
core   0: 3 0x80009a2c (0x52e5) x5  0xfffffff9
core   0: 0x80009a2e (0x008f9813) slli    a6, t6, 8
core   0: 3 0x80009a2e (0x008f9813) x16 0xfffd8600
core   0: 0x80009a32 (0x00004741) c.li    a4, 16
core   0: 3 0x80009a32 (0x4741) x14 0x00000010
core   0: 0x80009a34 (0x01273933) sltu    s2, a4, s2
core   0: 3 0x80009a34 (0x01273933) x18 0x00000001
core   0: 0x80009a38 (0x034f78b3) remu    a7, t5, s4
core   0: 3 0x80009a38 (0x034f78b3) x17 0x57395048
core   0: 0x80009a3c (0x00008c65) c.and   s0, s1
core   0: 3 0x80009a3c (0x8c65) x8  0x80025a04
core   0: 0x80009a3e (0x8ca77d13) andi    s10, a4, -1846
core   0: 3 0x80009a3e (0x8ca77d13) x26 0x00000000
core   0: 0x80009a42 (0x006ad4b3) srl     s1, s5, t1
core   0: 3 0x80009a42 (0x006ad4b3) x9  0x80029d24
core   0: 0x80009a46 (0x00008391) c.srli  a5, 4
core   0: 3 0x80009a46 (0x8391) x15 0x00000000
core   0: 0x80009a48 (0x015093b3) sll     t2, ra, s5
core   0: 3 0x80009a48 (0x015093b3) x7  0x000d0000
core   0: 0x80009a4c (0xbf25ad13) slti    s10, a1, -1038
core   0: 3 0x80009a4c (0xbf25ad13) x26 0x00000000
core   0: 0x80009a50 (0x59e4f213) andi    tp, s1, 1438
core   0: 3 0x80009a50 (0x59e4f213) x4  0x00000504
core   0: 0x80009a54 (0x00f29233) sll     tp, t0, a5
core   0: 3 0x80009a54 (0x00f29233) x4  0xfffffff9
core   0: 0x80009a58 (0xade3cf93) xori    t6, t2, -1314
core   0: 3 0x80009a58 (0xade3cf93) x31 0xfff2fade
core   0: 0x80009a5c (0x40155913) srai    s2, a0, 1
core   0: 3 0x80009a5c (0x40155913) x18 0x00000008
core   0: 0x80009a60 (0x03f811b3) mulh    gp, a6, t6
core   0: 3 0x80009a60 (0x03f811b3) x3  0x00000020
core   0: 0x80009a64 (0x00000285) c.addi  t0, 1
core   0: 3 0x80009a64 (0x0285) x5  0xfffffffa
core   0: 0x80009a66 (0x000004d5) c.addi  s1, 21
core   0: 3 0x80009a66 (0x04d5) x9  0x80029d39
core   0: 0x80009a68 (0x699bb597) auipc   a1, 0x699bb
core   0: 3 0x80009a68 (0x699bb597) x11 0xe99c4a68
core   0: 0x80009a6c (0x01d8dc33) srl     s8, a7, t4
core   0: 3 0x80009a6c (0x01d8dc33) x24 0x57395048
core   0: 0x80009a70 (0xfce2c4e3) blt     t0, a4, pc - 56
core   0: 3 0x80009a70 (0xfce2c4e3)
core   0: 0x80009a38 (0x034f78b3) remu    a7, t5, s4
core   0: 3 0x80009a38 (0x034f78b3) x17 0x57395048
core   0: 0x80009a3c (0x00008c65) c.and   s0, s1
core   0: 3 0x80009a3c (0x8c65) x8  0x80021800
core   0: 0x80009a3e (0x8ca77d13) andi    s10, a4, -1846
core   0: 3 0x80009a3e (0x8ca77d13) x26 0x00000000
core   0: 0x80009a42 (0x006ad4b3) srl     s1, s5, t1
core   0: 3 0x80009a42 (0x006ad4b3) x9  0x80029d24
core   0: 0x80009a46 (0x00008391) c.srli  a5, 4
core   0: 3 0x80009a46 (0x8391) x15 0x00000000
core   0: 0x80009a48 (0x015093b3) sll     t2, ra, s5
core   0: 3 0x80009a48 (0x015093b3) x7  0x000d0000
core   0: 0x80009a4c (0xbf25ad13) slti    s10, a1, -1038
core   0: 3 0x80009a4c (0xbf25ad13) x26 0x00000001
core   0: 0x80009a50 (0x59e4f213) andi    tp, s1, 1438
core   0: 3 0x80009a50 (0x59e4f213) x4  0x00000504
core   0: 0x80009a54 (0x00f29233) sll     tp, t0, a5
core   0: 3 0x80009a54 (0x00f29233) x4  0xfffffffa
core   0: 0x80009a58 (0xade3cf93) xori    t6, t2, -1314
core   0: 3 0x80009a58 (0xade3cf93) x31 0xfff2fade
core   0: 0x80009a5c (0x40155913) srai    s2, a0, 1
core   0: 3 0x80009a5c (0x40155913) x18 0x00000008
core   0: 0x80009a60 (0x03f811b3) mulh    gp, a6, t6
core   0: 3 0x80009a60 (0x03f811b3) x3  0x00000020
core   0: 0x80009a64 (0x00000285) c.addi  t0, 1
core   0: 3 0x80009a64 (0x0285) x5  0xfffffffb
core   0: 0x80009a66 (0x000004d5) c.addi  s1, 21
core   0: 3 0x80009a66 (0x04d5) x9  0x80029d39
core   0: 0x80009a68 (0x699bb597) auipc   a1, 0x699bb
core   0: 3 0x80009a68 (0x699bb597) x11 0xe99c4a68
core   0: 0x80009a6c (0x01d8dc33) srl     s8, a7, t4
core   0: 3 0x80009a6c (0x01d8dc33) x24 0x57395048
core   0: 0x80009a70 (0xfce2c4e3) blt     t0, a4, pc - 56
core   0: 3 0x80009a70 (0xfce2c4e3)
core   0: 0x80009a38 (0x034f78b3) remu    a7, t5, s4
core   0: 3 0x80009a38 (0x034f78b3) x17 0x57395048
core   0: 0x80009a3c (0x00008c65) c.and   s0, s1
core   0: 3 0x80009a3c (0x8c65) x8  0x80021800
core   0: 0x80009a3e (0x8ca77d13) andi    s10, a4, -1846
core   0: 3 0x80009a3e (0x8ca77d13) x26 0x00000000
core   0: 0x80009a42 (0x006ad4b3) srl     s1, s5, t1
core   0: 3 0x80009a42 (0x006ad4b3) x9  0x80029d24
core   0: 0x80009a46 (0x00008391) c.srli  a5, 4
core   0: 3 0x80009a46 (0x8391) x15 0x00000000
core   0: 0x80009a48 (0x015093b3) sll     t2, ra, s5
core   0: 3 0x80009a48 (0x015093b3) x7  0x000d0000
core   0: 0x80009a4c (0xbf25ad13) slti    s10, a1, -1038
core   0: 3 0x80009a4c (0xbf25ad13) x26 0x00000001
core   0: 0x80009a50 (0x59e4f213) andi    tp, s1, 1438
core   0: 3 0x80009a50 (0x59e4f213) x4  0x00000504
core   0: 0x80009a54 (0x00f29233) sll     tp, t0, a5
core   0: 3 0x80009a54 (0x00f29233) x4  0xfffffffb
core   0: 0x80009a58 (0xade3cf93) xori    t6, t2, -1314
core   0: 3 0x80009a58 (0xade3cf93) x31 0xfff2fade
core   0: 0x80009a5c (0x40155913) srai    s2, a0, 1
core   0: 3 0x80009a5c (0x40155913) x18 0x00000008
core   0: 0x80009a60 (0x03f811b3) mulh    gp, a6, t6
core   0: 3 0x80009a60 (0x03f811b3) x3  0x00000020
core   0: 0x80009a64 (0x00000285) c.addi  t0, 1
core   0: 3 0x80009a64 (0x0285) x5  0xfffffffc
core   0: 0x80009a66 (0x000004d5) c.addi  s1, 21
core   0: 3 0x80009a66 (0x04d5) x9  0x80029d39
core   0: 0x80009a68 (0x699bb597) auipc   a1, 0x699bb
core   0: 3 0x80009a68 (0x699bb597) x11 0xe99c4a68
core   0: 0x80009a6c (0x01d8dc33) srl     s8, a7, t4
core   0: 3 0x80009a6c (0x01d8dc33) x24 0x57395048
core   0: 0x80009a70 (0xfce2c4e3) blt     t0, a4, pc - 56
core   0: 3 0x80009a70 (0xfce2c4e3)
core   0: 0x80009a38 (0x034f78b3) remu    a7, t5, s4
core   0: 3 0x80009a38 (0x034f78b3) x17 0x57395048
core   0: 0x80009a3c (0x00008c65) c.and   s0, s1
core   0: 3 0x80009a3c (0x8c65) x8  0x80021800
core   0: 0x80009a3e (0x8ca77d13) andi    s10, a4, -1846
core   0: 3 0x80009a3e (0x8ca77d13) x26 0x00000000
core   0: 0x80009a42 (0x006ad4b3) srl     s1, s5, t1
core   0: 3 0x80009a42 (0x006ad4b3) x9  0x80029d24
core   0: 0x80009a46 (0x00008391) c.srli  a5, 4
core   0: 3 0x80009a46 (0x8391) x15 0x00000000
core   0: 0x80009a48 (0x015093b3) sll     t2, ra, s5
core   0: 3 0x80009a48 (0x015093b3) x7  0x000d0000
core   0: 0x80009a4c (0xbf25ad13) slti    s10, a1, -1038
core   0: 3 0x80009a4c (0xbf25ad13) x26 0x00000001
core   0: 0x80009a50 (0x59e4f213) andi    tp, s1, 1438
core   0: 3 0x80009a50 (0x59e4f213) x4  0x00000504
core   0: 0x80009a54 (0x00f29233) sll     tp, t0, a5
core   0: 3 0x80009a54 (0x00f29233) x4  0xfffffffc
core   0: 0x80009a58 (0xade3cf93) xori    t6, t2, -1314
core   0: 3 0x80009a58 (0xade3cf93) x31 0xfff2fade
core   0: 0x80009a5c (0x40155913) srai    s2, a0, 1
core   0: 3 0x80009a5c (0x40155913) x18 0x00000008
core   0: 0x80009a60 (0x03f811b3) mulh    gp, a6, t6
core   0: 3 0x80009a60 (0x03f811b3) x3  0x00000020
core   0: 0x80009a64 (0x00000285) c.addi  t0, 1
core   0: 3 0x80009a64 (0x0285) x5  0xfffffffd
core   0: 0x80009a66 (0x000004d5) c.addi  s1, 21
core   0: 3 0x80009a66 (0x04d5) x9  0x80029d39
core   0: 0x80009a68 (0x699bb597) auipc   a1, 0x699bb
core   0: 3 0x80009a68 (0x699bb597) x11 0xe99c4a68
core   0: 0x80009a6c (0x01d8dc33) srl     s8, a7, t4
core   0: 3 0x80009a6c (0x01d8dc33) x24 0x57395048
core   0: 0x80009a70 (0xfce2c4e3) blt     t0, a4, pc - 56
core   0: 3 0x80009a70 (0xfce2c4e3)
core   0: 0x80009a38 (0x034f78b3) remu    a7, t5, s4
core   0: 3 0x80009a38 (0x034f78b3) x17 0x57395048
core   0: 0x80009a3c (0x00008c65) c.and   s0, s1
core   0: 3 0x80009a3c (0x8c65) x8  0x80021800
core   0: 0x80009a3e (0x8ca77d13) andi    s10, a4, -1846
core   0: 3 0x80009a3e (0x8ca77d13) x26 0x00000000
core   0: 0x80009a42 (0x006ad4b3) srl     s1, s5, t1
core   0: 3 0x80009a42 (0x006ad4b3) x9  0x80029d24
core   0: 0x80009a46 (0x00008391) c.srli  a5, 4
core   0: 3 0x80009a46 (0x8391) x15 0x00000000
core   0: 0x80009a48 (0x015093b3) sll     t2, ra, s5
core   0: 3 0x80009a48 (0x015093b3) x7  0x000d0000
core   0: 0x80009a4c (0xbf25ad13) slti    s10, a1, -1038
core   0: 3 0x80009a4c (0xbf25ad13) x26 0x00000001
core   0: 0x80009a50 (0x59e4f213) andi    tp, s1, 1438
core   0: 3 0x80009a50 (0x59e4f213) x4  0x00000504
core   0: 0x80009a54 (0x00f29233) sll     tp, t0, a5
core   0: 3 0x80009a54 (0x00f29233) x4  0xfffffffd
core   0: 0x80009a58 (0xade3cf93) xori    t6, t2, -1314
core   0: 3 0x80009a58 (0xade3cf93) x31 0xfff2fade
core   0: 0x80009a5c (0x40155913) srai    s2, a0, 1
core   0: 3 0x80009a5c (0x40155913) x18 0x00000008
core   0: 0x80009a60 (0x03f811b3) mulh    gp, a6, t6
core   0: 3 0x80009a60 (0x03f811b3) x3  0x00000020
core   0: 0x80009a64 (0x00000285) c.addi  t0, 1
core   0: 3 0x80009a64 (0x0285) x5  0xfffffffe
core   0: 0x80009a66 (0x000004d5) c.addi  s1, 21
core   0: 3 0x80009a66 (0x04d5) x9  0x80029d39
core   0: 0x80009a68 (0x699bb597) auipc   a1, 0x699bb
core   0: 3 0x80009a68 (0x699bb597) x11 0xe99c4a68
core   0: 0x80009a6c (0x01d8dc33) srl     s8, a7, t4
core   0: 3 0x80009a6c (0x01d8dc33) x24 0x57395048
core   0: 0x80009a70 (0xfce2c4e3) blt     t0, a4, pc - 56
core   0: 3 0x80009a70 (0xfce2c4e3)
core   0: 0x80009a38 (0x034f78b3) remu    a7, t5, s4
core   0: 3 0x80009a38 (0x034f78b3) x17 0x57395048
core   0: 0x80009a3c (0x00008c65) c.and   s0, s1
core   0: 3 0x80009a3c (0x8c65) x8  0x80021800
core   0: 0x80009a3e (0x8ca77d13) andi    s10, a4, -1846
core   0: 3 0x80009a3e (0x8ca77d13) x26 0x00000000
core   0: 0x80009a42 (0x006ad4b3) srl     s1, s5, t1
core   0: 3 0x80009a42 (0x006ad4b3) x9  0x80029d24
core   0: 0x80009a46 (0x00008391) c.srli  a5, 4
core   0: 3 0x80009a46 (0x8391) x15 0x00000000
core   0: 0x80009a48 (0x015093b3) sll     t2, ra, s5
core   0: 3 0x80009a48 (0x015093b3) x7  0x000d0000
core   0: 0x80009a4c (0xbf25ad13) slti    s10, a1, -1038
core   0: 3 0x80009a4c (0xbf25ad13) x26 0x00000001
core   0: 0x80009a50 (0x59e4f213) andi    tp, s1, 1438
core   0: 3 0x80009a50 (0x59e4f213) x4  0x00000504
core   0: 0x80009a54 (0x00f29233) sll     tp, t0, a5
core   0: 3 0x80009a54 (0x00f29233) x4  0xfffffffe
core   0: 0x80009a58 (0xade3cf93) xori    t6, t2, -1314
core   0: 3 0x80009a58 (0xade3cf93) x31 0xfff2fade
core   0: 0x80009a5c (0x40155913) srai    s2, a0, 1
core   0: 3 0x80009a5c (0x40155913) x18 0x00000008
core   0: 0x80009a60 (0x03f811b3) mulh    gp, a6, t6
core   0: 3 0x80009a60 (0x03f811b3) x3  0x00000020
core   0: 0x80009a64 (0x00000285) c.addi  t0, 1
core   0: 3 0x80009a64 (0x0285) x5  0xffffffff
core   0: 0x80009a66 (0x000004d5) c.addi  s1, 21
core   0: 3 0x80009a66 (0x04d5) x9  0x80029d39
core   0: 0x80009a68 (0x699bb597) auipc   a1, 0x699bb
core   0: 3 0x80009a68 (0x699bb597) x11 0xe99c4a68
core   0: 0x80009a6c (0x01d8dc33) srl     s8, a7, t4
core   0: 3 0x80009a6c (0x01d8dc33) x24 0x57395048
core   0: 0x80009a70 (0xfce2c4e3) blt     t0, a4, pc - 56
core   0: 3 0x80009a70 (0xfce2c4e3)
core   0: 0x80009a38 (0x034f78b3) remu    a7, t5, s4
core   0: 3 0x80009a38 (0x034f78b3) x17 0x57395048
core   0: 0x80009a3c (0x00008c65) c.and   s0, s1
core   0: 3 0x80009a3c (0x8c65) x8  0x80021800
core   0: 0x80009a3e (0x8ca77d13) andi    s10, a4, -1846
core   0: 3 0x80009a3e (0x8ca77d13) x26 0x00000000
core   0: 0x80009a42 (0x006ad4b3) srl     s1, s5, t1
core   0: 3 0x80009a42 (0x006ad4b3) x9  0x80029d24
core   0: 0x80009a46 (0x00008391) c.srli  a5, 4
core   0: 3 0x80009a46 (0x8391) x15 0x00000000
core   0: 0x80009a48 (0x015093b3) sll     t2, ra, s5
core   0: 3 0x80009a48 (0x015093b3) x7  0x000d0000
core   0: 0x80009a4c (0xbf25ad13) slti    s10, a1, -1038
core   0: 3 0x80009a4c (0xbf25ad13) x26 0x00000001
core   0: 0x80009a50 (0x59e4f213) andi    tp, s1, 1438
core   0: 3 0x80009a50 (0x59e4f213) x4  0x00000504
core   0: 0x80009a54 (0x00f29233) sll     tp, t0, a5
core   0: 3 0x80009a54 (0x00f29233) x4  0xffffffff
core   0: 0x80009a58 (0xade3cf93) xori    t6, t2, -1314
core   0: 3 0x80009a58 (0xade3cf93) x31 0xfff2fade
core   0: 0x80009a5c (0x40155913) srai    s2, a0, 1
core   0: 3 0x80009a5c (0x40155913) x18 0x00000008
core   0: 0x80009a60 (0x03f811b3) mulh    gp, a6, t6
core   0: 3 0x80009a60 (0x03f811b3) x3  0x00000020
core   0: 0x80009a64 (0x00000285) c.addi  t0, 1
core   0: 3 0x80009a64 (0x0285) x5  0x00000000
core   0: 0x80009a66 (0x000004d5) c.addi  s1, 21
core   0: 3 0x80009a66 (0x04d5) x9  0x80029d39
core   0: 0x80009a68 (0x699bb597) auipc   a1, 0x699bb
core   0: 3 0x80009a68 (0x699bb597) x11 0xe99c4a68
core   0: 0x80009a6c (0x01d8dc33) srl     s8, a7, t4
core   0: 3 0x80009a6c (0x01d8dc33) x24 0x57395048
core   0: 0x80009a70 (0xfce2c4e3) blt     t0, a4, pc - 56
core   0: 3 0x80009a70 (0xfce2c4e3)
core   0: 0x80009a38 (0x034f78b3) remu    a7, t5, s4
core   0: 3 0x80009a38 (0x034f78b3) x17 0x57395048
core   0: 0x80009a3c (0x00008c65) c.and   s0, s1
core   0: 3 0x80009a3c (0x8c65) x8  0x80021800
core   0: 0x80009a3e (0x8ca77d13) andi    s10, a4, -1846
core   0: 3 0x80009a3e (0x8ca77d13) x26 0x00000000
core   0: 0x80009a42 (0x006ad4b3) srl     s1, s5, t1
core   0: 3 0x80009a42 (0x006ad4b3) x9  0x80029d24
core   0: 0x80009a46 (0x00008391) c.srli  a5, 4
core   0: 3 0x80009a46 (0x8391) x15 0x00000000
core   0: 0x80009a48 (0x015093b3) sll     t2, ra, s5
core   0: 3 0x80009a48 (0x015093b3) x7  0x000d0000
core   0: 0x80009a4c (0xbf25ad13) slti    s10, a1, -1038
core   0: 3 0x80009a4c (0xbf25ad13) x26 0x00000001
core   0: 0x80009a50 (0x59e4f213) andi    tp, s1, 1438
core   0: 3 0x80009a50 (0x59e4f213) x4  0x00000504
core   0: 0x80009a54 (0x00f29233) sll     tp, t0, a5
core   0: 3 0x80009a54 (0x00f29233) x4  0x00000000
core   0: 0x80009a58 (0xade3cf93) xori    t6, t2, -1314
core   0: 3 0x80009a58 (0xade3cf93) x31 0xfff2fade
core   0: 0x80009a5c (0x40155913) srai    s2, a0, 1
core   0: 3 0x80009a5c (0x40155913) x18 0x00000008
core   0: 0x80009a60 (0x03f811b3) mulh    gp, a6, t6
core   0: 3 0x80009a60 (0x03f811b3) x3  0x00000020
core   0: 0x80009a64 (0x00000285) c.addi  t0, 1
core   0: 3 0x80009a64 (0x0285) x5  0x00000001
core   0: 0x80009a66 (0x000004d5) c.addi  s1, 21
core   0: 3 0x80009a66 (0x04d5) x9  0x80029d39
core   0: 0x80009a68 (0x699bb597) auipc   a1, 0x699bb
core   0: 3 0x80009a68 (0x699bb597) x11 0xe99c4a68
core   0: 0x80009a6c (0x01d8dc33) srl     s8, a7, t4
core   0: 3 0x80009a6c (0x01d8dc33) x24 0x57395048
core   0: 0x80009a70 (0xfce2c4e3) blt     t0, a4, pc - 56
core   0: 3 0x80009a70 (0xfce2c4e3)
core   0: 0x80009a38 (0x034f78b3) remu    a7, t5, s4
core   0: 3 0x80009a38 (0x034f78b3) x17 0x57395048
core   0: 0x80009a3c (0x00008c65) c.and   s0, s1
core   0: 3 0x80009a3c (0x8c65) x8  0x80021800
core   0: 0x80009a3e (0x8ca77d13) andi    s10, a4, -1846
core   0: 3 0x80009a3e (0x8ca77d13) x26 0x00000000
core   0: 0x80009a42 (0x006ad4b3) srl     s1, s5, t1
core   0: 3 0x80009a42 (0x006ad4b3) x9  0x80029d24
core   0: 0x80009a46 (0x00008391) c.srli  a5, 4
core   0: 3 0x80009a46 (0x8391) x15 0x00000000
core   0: 0x80009a48 (0x015093b3) sll     t2, ra, s5
core   0: 3 0x80009a48 (0x015093b3) x7  0x000d0000
core   0: 0x80009a4c (0xbf25ad13) slti    s10, a1, -1038
core   0: 3 0x80009a4c (0xbf25ad13) x26 0x00000001
core   0: 0x80009a50 (0x59e4f213) andi    tp, s1, 1438
core   0: 3 0x80009a50 (0x59e4f213) x4  0x00000504
core   0: 0x80009a54 (0x00f29233) sll     tp, t0, a5
core   0: 3 0x80009a54 (0x00f29233) x4  0x00000001
core   0: 0x80009a58 (0xade3cf93) xori    t6, t2, -1314
core   0: 3 0x80009a58 (0xade3cf93) x31 0xfff2fade
core   0: 0x80009a5c (0x40155913) srai    s2, a0, 1
core   0: 3 0x80009a5c (0x40155913) x18 0x00000008
core   0: 0x80009a60 (0x03f811b3) mulh    gp, a6, t6
core   0: 3 0x80009a60 (0x03f811b3) x3  0x00000020
core   0: 0x80009a64 (0x00000285) c.addi  t0, 1
core   0: 3 0x80009a64 (0x0285) x5  0x00000002
core   0: 0x80009a66 (0x000004d5) c.addi  s1, 21
core   0: 3 0x80009a66 (0x04d5) x9  0x80029d39
core   0: 0x80009a68 (0x699bb597) auipc   a1, 0x699bb
core   0: 3 0x80009a68 (0x699bb597) x11 0xe99c4a68
core   0: 0x80009a6c (0x01d8dc33) srl     s8, a7, t4
core   0: 3 0x80009a6c (0x01d8dc33) x24 0x57395048
core   0: 0x80009a70 (0xfce2c4e3) blt     t0, a4, pc - 56
core   0: 3 0x80009a70 (0xfce2c4e3)
core   0: 0x80009a38 (0x034f78b3) remu    a7, t5, s4
core   0: 3 0x80009a38 (0x034f78b3) x17 0x57395048
core   0: 0x80009a3c (0x00008c65) c.and   s0, s1
core   0: 3 0x80009a3c (0x8c65) x8  0x80021800
core   0: 0x80009a3e (0x8ca77d13) andi    s10, a4, -1846
core   0: 3 0x80009a3e (0x8ca77d13) x26 0x00000000
core   0: 0x80009a42 (0x006ad4b3) srl     s1, s5, t1
core   0: 3 0x80009a42 (0x006ad4b3) x9  0x80029d24
core   0: 0x80009a46 (0x00008391) c.srli  a5, 4
core   0: 3 0x80009a46 (0x8391) x15 0x00000000
core   0: 0x80009a48 (0x015093b3) sll     t2, ra, s5
core   0: 3 0x80009a48 (0x015093b3) x7  0x000d0000
core   0: 0x80009a4c (0xbf25ad13) slti    s10, a1, -1038
core   0: 3 0x80009a4c (0xbf25ad13) x26 0x00000001
core   0: 0x80009a50 (0x59e4f213) andi    tp, s1, 1438
core   0: 3 0x80009a50 (0x59e4f213) x4  0x00000504
core   0: 0x80009a54 (0x00f29233) sll     tp, t0, a5
core   0: 3 0x80009a54 (0x00f29233) x4  0x00000002
core   0: 0x80009a58 (0xade3cf93) xori    t6, t2, -1314
core   0: 3 0x80009a58 (0xade3cf93) x31 0xfff2fade
core   0: 0x80009a5c (0x40155913) srai    s2, a0, 1
core   0: 3 0x80009a5c (0x40155913) x18 0x00000008
core   0: 0x80009a60 (0x03f811b3) mulh    gp, a6, t6
core   0: 3 0x80009a60 (0x03f811b3) x3  0x00000020
core   0: 0x80009a64 (0x00000285) c.addi  t0, 1
core   0: 3 0x80009a64 (0x0285) x5  0x00000003
core   0: 0x80009a66 (0x000004d5) c.addi  s1, 21
core   0: 3 0x80009a66 (0x04d5) x9  0x80029d39
core   0: 0x80009a68 (0x699bb597) auipc   a1, 0x699bb
core   0: 3 0x80009a68 (0x699bb597) x11 0xe99c4a68
core   0: 0x80009a6c (0x01d8dc33) srl     s8, a7, t4
core   0: 3 0x80009a6c (0x01d8dc33) x24 0x57395048
core   0: 0x80009a70 (0xfce2c4e3) blt     t0, a4, pc - 56
core   0: 3 0x80009a70 (0xfce2c4e3)
core   0: 0x80009a38 (0x034f78b3) remu    a7, t5, s4
core   0: 3 0x80009a38 (0x034f78b3) x17 0x57395048
core   0: 0x80009a3c (0x00008c65) c.and   s0, s1
core   0: 3 0x80009a3c (0x8c65) x8  0x80021800
core   0: 0x80009a3e (0x8ca77d13) andi    s10, a4, -1846
core   0: 3 0x80009a3e (0x8ca77d13) x26 0x00000000
core   0: 0x80009a42 (0x006ad4b3) srl     s1, s5, t1
core   0: 3 0x80009a42 (0x006ad4b3) x9  0x80029d24
core   0: 0x80009a46 (0x00008391) c.srli  a5, 4
core   0: 3 0x80009a46 (0x8391) x15 0x00000000
core   0: 0x80009a48 (0x015093b3) sll     t2, ra, s5
core   0: 3 0x80009a48 (0x015093b3) x7  0x000d0000
core   0: 0x80009a4c (0xbf25ad13) slti    s10, a1, -1038
core   0: 3 0x80009a4c (0xbf25ad13) x26 0x00000001
core   0: 0x80009a50 (0x59e4f213) andi    tp, s1, 1438
core   0: 3 0x80009a50 (0x59e4f213) x4  0x00000504
core   0: 0x80009a54 (0x00f29233) sll     tp, t0, a5
core   0: 3 0x80009a54 (0x00f29233) x4  0x00000003
core   0: 0x80009a58 (0xade3cf93) xori    t6, t2, -1314
core   0: 3 0x80009a58 (0xade3cf93) x31 0xfff2fade
core   0: 0x80009a5c (0x40155913) srai    s2, a0, 1
core   0: 3 0x80009a5c (0x40155913) x18 0x00000008
core   0: 0x80009a60 (0x03f811b3) mulh    gp, a6, t6
core   0: 3 0x80009a60 (0x03f811b3) x3  0x00000020
core   0: 0x80009a64 (0x00000285) c.addi  t0, 1
core   0: 3 0x80009a64 (0x0285) x5  0x00000004
core   0: 0x80009a66 (0x000004d5) c.addi  s1, 21
core   0: 3 0x80009a66 (0x04d5) x9  0x80029d39
core   0: 0x80009a68 (0x699bb597) auipc   a1, 0x699bb
core   0: 3 0x80009a68 (0x699bb597) x11 0xe99c4a68
core   0: 0x80009a6c (0x01d8dc33) srl     s8, a7, t4
core   0: 3 0x80009a6c (0x01d8dc33) x24 0x57395048
core   0: 0x80009a70 (0xfce2c4e3) blt     t0, a4, pc - 56
core   0: 3 0x80009a70 (0xfce2c4e3)
core   0: 0x80009a38 (0x034f78b3) remu    a7, t5, s4
core   0: 3 0x80009a38 (0x034f78b3) x17 0x57395048
core   0: 0x80009a3c (0x00008c65) c.and   s0, s1
core   0: 3 0x80009a3c (0x8c65) x8  0x80021800
core   0: 0x80009a3e (0x8ca77d13) andi    s10, a4, -1846
core   0: 3 0x80009a3e (0x8ca77d13) x26 0x00000000
core   0: 0x80009a42 (0x006ad4b3) srl     s1, s5, t1
core   0: 3 0x80009a42 (0x006ad4b3) x9  0x80029d24
core   0: 0x80009a46 (0x00008391) c.srli  a5, 4
core   0: 3 0x80009a46 (0x8391) x15 0x00000000
core   0: 0x80009a48 (0x015093b3) sll     t2, ra, s5
core   0: 3 0x80009a48 (0x015093b3) x7  0x000d0000
core   0: 0x80009a4c (0xbf25ad13) slti    s10, a1, -1038
core   0: 3 0x80009a4c (0xbf25ad13) x26 0x00000001
core   0: 0x80009a50 (0x59e4f213) andi    tp, s1, 1438
core   0: 3 0x80009a50 (0x59e4f213) x4  0x00000504
core   0: 0x80009a54 (0x00f29233) sll     tp, t0, a5
core   0: 3 0x80009a54 (0x00f29233) x4  0x00000004
core   0: 0x80009a58 (0xade3cf93) xori    t6, t2, -1314
core   0: 3 0x80009a58 (0xade3cf93) x31 0xfff2fade
core   0: 0x80009a5c (0x40155913) srai    s2, a0, 1
core   0: 3 0x80009a5c (0x40155913) x18 0x00000008
core   0: 0x80009a60 (0x03f811b3) mulh    gp, a6, t6
core   0: 3 0x80009a60 (0x03f811b3) x3  0x00000020
core   0: 0x80009a64 (0x00000285) c.addi  t0, 1
core   0: 3 0x80009a64 (0x0285) x5  0x00000005
core   0: 0x80009a66 (0x000004d5) c.addi  s1, 21
core   0: 3 0x80009a66 (0x04d5) x9  0x80029d39
core   0: 0x80009a68 (0x699bb597) auipc   a1, 0x699bb
core   0: 3 0x80009a68 (0x699bb597) x11 0xe99c4a68
core   0: 0x80009a6c (0x01d8dc33) srl     s8, a7, t4
core   0: 3 0x80009a6c (0x01d8dc33) x24 0x57395048
core   0: 0x80009a70 (0xfce2c4e3) blt     t0, a4, pc - 56
core   0: 3 0x80009a70 (0xfce2c4e3)
core   0: 0x80009a38 (0x034f78b3) remu    a7, t5, s4
core   0: 3 0x80009a38 (0x034f78b3) x17 0x57395048
core   0: 0x80009a3c (0x00008c65) c.and   s0, s1
core   0: 3 0x80009a3c (0x8c65) x8  0x80021800
core   0: 0x80009a3e (0x8ca77d13) andi    s10, a4, -1846
core   0: 3 0x80009a3e (0x8ca77d13) x26 0x00000000
core   0: 0x80009a42 (0x006ad4b3) srl     s1, s5, t1
core   0: 3 0x80009a42 (0x006ad4b3) x9  0x80029d24
core   0: 0x80009a46 (0x00008391) c.srli  a5, 4
core   0: 3 0x80009a46 (0x8391) x15 0x00000000
core   0: 0x80009a48 (0x015093b3) sll     t2, ra, s5
core   0: 3 0x80009a48 (0x015093b3) x7  0x000d0000
core   0: 0x80009a4c (0xbf25ad13) slti    s10, a1, -1038
core   0: 3 0x80009a4c (0xbf25ad13) x26 0x00000001
core   0: 0x80009a50 (0x59e4f213) andi    tp, s1, 1438
core   0: 3 0x80009a50 (0x59e4f213) x4  0x00000504
core   0: 0x80009a54 (0x00f29233) sll     tp, t0, a5
core   0: 3 0x80009a54 (0x00f29233) x4  0x00000005
core   0: 0x80009a58 (0xade3cf93) xori    t6, t2, -1314
core   0: 3 0x80009a58 (0xade3cf93) x31 0xfff2fade
core   0: 0x80009a5c (0x40155913) srai    s2, a0, 1
core   0: 3 0x80009a5c (0x40155913) x18 0x00000008
core   0: 0x80009a60 (0x03f811b3) mulh    gp, a6, t6
core   0: 3 0x80009a60 (0x03f811b3) x3  0x00000020
core   0: 0x80009a64 (0x00000285) c.addi  t0, 1
core   0: 3 0x80009a64 (0x0285) x5  0x00000006
core   0: 0x80009a66 (0x000004d5) c.addi  s1, 21
core   0: 3 0x80009a66 (0x04d5) x9  0x80029d39
core   0: 0x80009a68 (0x699bb597) auipc   a1, 0x699bb
core   0: 3 0x80009a68 (0x699bb597) x11 0xe99c4a68
core   0: 0x80009a6c (0x01d8dc33) srl     s8, a7, t4
core   0: 3 0x80009a6c (0x01d8dc33) x24 0x57395048
core   0: 0x80009a70 (0xfce2c4e3) blt     t0, a4, pc - 56
core   0: 3 0x80009a70 (0xfce2c4e3)
core   0: 0x80009a38 (0x034f78b3) remu    a7, t5, s4
core   0: 3 0x80009a38 (0x034f78b3) x17 0x57395048
core   0: 0x80009a3c (0x00008c65) c.and   s0, s1
core   0: 3 0x80009a3c (0x8c65) x8  0x80021800
core   0: 0x80009a3e (0x8ca77d13) andi    s10, a4, -1846
core   0: 3 0x80009a3e (0x8ca77d13) x26 0x00000000
core   0: 0x80009a42 (0x006ad4b3) srl     s1, s5, t1
core   0: 3 0x80009a42 (0x006ad4b3) x9  0x80029d24
core   0: 0x80009a46 (0x00008391) c.srli  a5, 4
core   0: 3 0x80009a46 (0x8391) x15 0x00000000
core   0: 0x80009a48 (0x015093b3) sll     t2, ra, s5
core   0: 3 0x80009a48 (0x015093b3) x7  0x000d0000
core   0: 0x80009a4c (0xbf25ad13) slti    s10, a1, -1038
core   0: 3 0x80009a4c (0xbf25ad13) x26 0x00000001
core   0: 0x80009a50 (0x59e4f213) andi    tp, s1, 1438
core   0: 3 0x80009a50 (0x59e4f213) x4  0x00000504
core   0: 0x80009a54 (0x00f29233) sll     tp, t0, a5
core   0: 3 0x80009a54 (0x00f29233) x4  0x00000006
core   0: 0x80009a58 (0xade3cf93) xori    t6, t2, -1314
core   0: 3 0x80009a58 (0xade3cf93) x31 0xfff2fade
core   0: 0x80009a5c (0x40155913) srai    s2, a0, 1
core   0: 3 0x80009a5c (0x40155913) x18 0x00000008
core   0: 0x80009a60 (0x03f811b3) mulh    gp, a6, t6
core   0: 3 0x80009a60 (0x03f811b3) x3  0x00000020
core   0: 0x80009a64 (0x00000285) c.addi  t0, 1
core   0: 3 0x80009a64 (0x0285) x5  0x00000007
core   0: 0x80009a66 (0x000004d5) c.addi  s1, 21
core   0: 3 0x80009a66 (0x04d5) x9  0x80029d39
core   0: 0x80009a68 (0x699bb597) auipc   a1, 0x699bb
core   0: 3 0x80009a68 (0x699bb597) x11 0xe99c4a68
core   0: 0x80009a6c (0x01d8dc33) srl     s8, a7, t4
core   0: 3 0x80009a6c (0x01d8dc33) x24 0x57395048
core   0: 0x80009a70 (0xfce2c4e3) blt     t0, a4, pc - 56
core   0: 3 0x80009a70 (0xfce2c4e3)
core   0: 0x80009a38 (0x034f78b3) remu    a7, t5, s4
core   0: 3 0x80009a38 (0x034f78b3) x17 0x57395048
core   0: 0x80009a3c (0x00008c65) c.and   s0, s1
core   0: 3 0x80009a3c (0x8c65) x8  0x80021800
core   0: 0x80009a3e (0x8ca77d13) andi    s10, a4, -1846
core   0: 3 0x80009a3e (0x8ca77d13) x26 0x00000000
core   0: 0x80009a42 (0x006ad4b3) srl     s1, s5, t1
core   0: 3 0x80009a42 (0x006ad4b3) x9  0x80029d24
core   0: 0x80009a46 (0x00008391) c.srli  a5, 4
core   0: 3 0x80009a46 (0x8391) x15 0x00000000
core   0: 0x80009a48 (0x015093b3) sll     t2, ra, s5
core   0: 3 0x80009a48 (0x015093b3) x7  0x000d0000
core   0: 0x80009a4c (0xbf25ad13) slti    s10, a1, -1038
core   0: 3 0x80009a4c (0xbf25ad13) x26 0x00000001
core   0: 0x80009a50 (0x59e4f213) andi    tp, s1, 1438
core   0: 3 0x80009a50 (0x59e4f213) x4  0x00000504
core   0: 0x80009a54 (0x00f29233) sll     tp, t0, a5
core   0: 3 0x80009a54 (0x00f29233) x4  0x00000007
core   0: 0x80009a58 (0xade3cf93) xori    t6, t2, -1314
core   0: 3 0x80009a58 (0xade3cf93) x31 0xfff2fade
core   0: 0x80009a5c (0x40155913) srai    s2, a0, 1
core   0: 3 0x80009a5c (0x40155913) x18 0x00000008
core   0: 0x80009a60 (0x03f811b3) mulh    gp, a6, t6
core   0: 3 0x80009a60 (0x03f811b3) x3  0x00000020
core   0: 0x80009a64 (0x00000285) c.addi  t0, 1
core   0: 3 0x80009a64 (0x0285) x5  0x00000008
core   0: 0x80009a66 (0x000004d5) c.addi  s1, 21
core   0: 3 0x80009a66 (0x04d5) x9  0x80029d39
core   0: 0x80009a68 (0x699bb597) auipc   a1, 0x699bb
core   0: 3 0x80009a68 (0x699bb597) x11 0xe99c4a68
core   0: 0x80009a6c (0x01d8dc33) srl     s8, a7, t4
core   0: 3 0x80009a6c (0x01d8dc33) x24 0x57395048
core   0: 0x80009a70 (0xfce2c4e3) blt     t0, a4, pc - 56
core   0: 3 0x80009a70 (0xfce2c4e3)
core   0: 0x80009a38 (0x034f78b3) remu    a7, t5, s4
core   0: 3 0x80009a38 (0x034f78b3) x17 0x57395048
core   0: 0x80009a3c (0x00008c65) c.and   s0, s1
core   0: 3 0x80009a3c (0x8c65) x8  0x80021800
core   0: 0x80009a3e (0x8ca77d13) andi    s10, a4, -1846
core   0: 3 0x80009a3e (0x8ca77d13) x26 0x00000000
core   0: 0x80009a42 (0x006ad4b3) srl     s1, s5, t1
core   0: 3 0x80009a42 (0x006ad4b3) x9  0x80029d24
core   0: 0x80009a46 (0x00008391) c.srli  a5, 4
core   0: 3 0x80009a46 (0x8391) x15 0x00000000
core   0: 0x80009a48 (0x015093b3) sll     t2, ra, s5
core   0: 3 0x80009a48 (0x015093b3) x7  0x000d0000
core   0: 0x80009a4c (0xbf25ad13) slti    s10, a1, -1038
core   0: 3 0x80009a4c (0xbf25ad13) x26 0x00000001
core   0: 0x80009a50 (0x59e4f213) andi    tp, s1, 1438
core   0: 3 0x80009a50 (0x59e4f213) x4  0x00000504
core   0: 0x80009a54 (0x00f29233) sll     tp, t0, a5
core   0: 3 0x80009a54 (0x00f29233) x4  0x00000008
core   0: 0x80009a58 (0xade3cf93) xori    t6, t2, -1314
core   0: 3 0x80009a58 (0xade3cf93) x31 0xfff2fade
core   0: 0x80009a5c (0x40155913) srai    s2, a0, 1
core   0: 3 0x80009a5c (0x40155913) x18 0x00000008
core   0: 0x80009a60 (0x03f811b3) mulh    gp, a6, t6
core   0: 3 0x80009a60 (0x03f811b3) x3  0x00000020
core   0: 0x80009a64 (0x00000285) c.addi  t0, 1
core   0: 3 0x80009a64 (0x0285) x5  0x00000009
core   0: 0x80009a66 (0x000004d5) c.addi  s1, 21
core   0: 3 0x80009a66 (0x04d5) x9  0x80029d39
core   0: 0x80009a68 (0x699bb597) auipc   a1, 0x699bb
core   0: 3 0x80009a68 (0x699bb597) x11 0xe99c4a68
core   0: 0x80009a6c (0x01d8dc33) srl     s8, a7, t4
core   0: 3 0x80009a6c (0x01d8dc33) x24 0x57395048
core   0: 0x80009a70 (0xfce2c4e3) blt     t0, a4, pc - 56
core   0: 3 0x80009a70 (0xfce2c4e3)
core   0: 0x80009a38 (0x034f78b3) remu    a7, t5, s4
core   0: 3 0x80009a38 (0x034f78b3) x17 0x57395048
core   0: 0x80009a3c (0x00008c65) c.and   s0, s1
core   0: 3 0x80009a3c (0x8c65) x8  0x80021800
core   0: 0x80009a3e (0x8ca77d13) andi    s10, a4, -1846
core   0: 3 0x80009a3e (0x8ca77d13) x26 0x00000000
core   0: 0x80009a42 (0x006ad4b3) srl     s1, s5, t1
core   0: 3 0x80009a42 (0x006ad4b3) x9  0x80029d24
core   0: 0x80009a46 (0x00008391) c.srli  a5, 4
core   0: 3 0x80009a46 (0x8391) x15 0x00000000
core   0: 0x80009a48 (0x015093b3) sll     t2, ra, s5
core   0: 3 0x80009a48 (0x015093b3) x7  0x000d0000
core   0: 0x80009a4c (0xbf25ad13) slti    s10, a1, -1038
core   0: 3 0x80009a4c (0xbf25ad13) x26 0x00000001
core   0: 0x80009a50 (0x59e4f213) andi    tp, s1, 1438
core   0: 3 0x80009a50 (0x59e4f213) x4  0x00000504
core   0: 0x80009a54 (0x00f29233) sll     tp, t0, a5
core   0: 3 0x80009a54 (0x00f29233) x4  0x00000009
core   0: 0x80009a58 (0xade3cf93) xori    t6, t2, -1314
core   0: 3 0x80009a58 (0xade3cf93) x31 0xfff2fade
core   0: 0x80009a5c (0x40155913) srai    s2, a0, 1
core   0: 3 0x80009a5c (0x40155913) x18 0x00000008
core   0: 0x80009a60 (0x03f811b3) mulh    gp, a6, t6
core   0: 3 0x80009a60 (0x03f811b3) x3  0x00000020
core   0: 0x80009a64 (0x00000285) c.addi  t0, 1
core   0: 3 0x80009a64 (0x0285) x5  0x0000000a
core   0: 0x80009a66 (0x000004d5) c.addi  s1, 21
core   0: 3 0x80009a66 (0x04d5) x9  0x80029d39
core   0: 0x80009a68 (0x699bb597) auipc   a1, 0x699bb
core   0: 3 0x80009a68 (0x699bb597) x11 0xe99c4a68
core   0: 0x80009a6c (0x01d8dc33) srl     s8, a7, t4
core   0: 3 0x80009a6c (0x01d8dc33) x24 0x57395048
core   0: 0x80009a70 (0xfce2c4e3) blt     t0, a4, pc - 56
core   0: 3 0x80009a70 (0xfce2c4e3)
core   0: 0x80009a38 (0x034f78b3) remu    a7, t5, s4
core   0: 3 0x80009a38 (0x034f78b3) x17 0x57395048
core   0: 0x80009a3c (0x00008c65) c.and   s0, s1
core   0: 3 0x80009a3c (0x8c65) x8  0x80021800
core   0: 0x80009a3e (0x8ca77d13) andi    s10, a4, -1846
core   0: 3 0x80009a3e (0x8ca77d13) x26 0x00000000
core   0: 0x80009a42 (0x006ad4b3) srl     s1, s5, t1
core   0: 3 0x80009a42 (0x006ad4b3) x9  0x80029d24
core   0: 0x80009a46 (0x00008391) c.srli  a5, 4
core   0: 3 0x80009a46 (0x8391) x15 0x00000000
core   0: 0x80009a48 (0x015093b3) sll     t2, ra, s5
core   0: 3 0x80009a48 (0x015093b3) x7  0x000d0000
core   0: 0x80009a4c (0xbf25ad13) slti    s10, a1, -1038
core   0: 3 0x80009a4c (0xbf25ad13) x26 0x00000001
core   0: 0x80009a50 (0x59e4f213) andi    tp, s1, 1438
core   0: 3 0x80009a50 (0x59e4f213) x4  0x00000504
core   0: 0x80009a54 (0x00f29233) sll     tp, t0, a5
core   0: 3 0x80009a54 (0x00f29233) x4  0x0000000a
core   0: 0x80009a58 (0xade3cf93) xori    t6, t2, -1314
core   0: 3 0x80009a58 (0xade3cf93) x31 0xfff2fade
core   0: 0x80009a5c (0x40155913) srai    s2, a0, 1
core   0: 3 0x80009a5c (0x40155913) x18 0x00000008
core   0: 0x80009a60 (0x03f811b3) mulh    gp, a6, t6
core   0: 3 0x80009a60 (0x03f811b3) x3  0x00000020
core   0: 0x80009a64 (0x00000285) c.addi  t0, 1
core   0: 3 0x80009a64 (0x0285) x5  0x0000000b
core   0: 0x80009a66 (0x000004d5) c.addi  s1, 21
core   0: 3 0x80009a66 (0x04d5) x9  0x80029d39
core   0: 0x80009a68 (0x699bb597) auipc   a1, 0x699bb
core   0: 3 0x80009a68 (0x699bb597) x11 0xe99c4a68
core   0: 0x80009a6c (0x01d8dc33) srl     s8, a7, t4
core   0: 3 0x80009a6c (0x01d8dc33) x24 0x57395048
core   0: 0x80009a70 (0xfce2c4e3) blt     t0, a4, pc - 56
core   0: 3 0x80009a70 (0xfce2c4e3)
core   0: 0x80009a38 (0x034f78b3) remu    a7, t5, s4
core   0: 3 0x80009a38 (0x034f78b3) x17 0x57395048
core   0: 0x80009a3c (0x00008c65) c.and   s0, s1
core   0: 3 0x80009a3c (0x8c65) x8  0x80021800
core   0: 0x80009a3e (0x8ca77d13) andi    s10, a4, -1846
core   0: 3 0x80009a3e (0x8ca77d13) x26 0x00000000
core   0: 0x80009a42 (0x006ad4b3) srl     s1, s5, t1
core   0: 3 0x80009a42 (0x006ad4b3) x9  0x80029d24
core   0: 0x80009a46 (0x00008391) c.srli  a5, 4
core   0: 3 0x80009a46 (0x8391) x15 0x00000000
core   0: 0x80009a48 (0x015093b3) sll     t2, ra, s5
core   0: 3 0x80009a48 (0x015093b3) x7  0x000d0000
core   0: 0x80009a4c (0xbf25ad13) slti    s10, a1, -1038
core   0: 3 0x80009a4c (0xbf25ad13) x26 0x00000001
core   0: 0x80009a50 (0x59e4f213) andi    tp, s1, 1438
core   0: 3 0x80009a50 (0x59e4f213) x4  0x00000504
core   0: 0x80009a54 (0x00f29233) sll     tp, t0, a5
core   0: 3 0x80009a54 (0x00f29233) x4  0x0000000b
core   0: 0x80009a58 (0xade3cf93) xori    t6, t2, -1314
core   0: 3 0x80009a58 (0xade3cf93) x31 0xfff2fade
core   0: 0x80009a5c (0x40155913) srai    s2, a0, 1
core   0: 3 0x80009a5c (0x40155913) x18 0x00000008
core   0: 0x80009a60 (0x03f811b3) mulh    gp, a6, t6
core   0: 3 0x80009a60 (0x03f811b3) x3  0x00000020
core   0: 0x80009a64 (0x00000285) c.addi  t0, 1
core   0: 3 0x80009a64 (0x0285) x5  0x0000000c
core   0: 0x80009a66 (0x000004d5) c.addi  s1, 21
core   0: 3 0x80009a66 (0x04d5) x9  0x80029d39
core   0: 0x80009a68 (0x699bb597) auipc   a1, 0x699bb
core   0: 3 0x80009a68 (0x699bb597) x11 0xe99c4a68
core   0: 0x80009a6c (0x01d8dc33) srl     s8, a7, t4
core   0: 3 0x80009a6c (0x01d8dc33) x24 0x57395048
core   0: 0x80009a70 (0xfce2c4e3) blt     t0, a4, pc - 56
core   0: 3 0x80009a70 (0xfce2c4e3)
core   0: 0x80009a38 (0x034f78b3) remu    a7, t5, s4
core   0: 3 0x80009a38 (0x034f78b3) x17 0x57395048
core   0: 0x80009a3c (0x00008c65) c.and   s0, s1
core   0: 3 0x80009a3c (0x8c65) x8  0x80021800
core   0: 0x80009a3e (0x8ca77d13) andi    s10, a4, -1846
core   0: 3 0x80009a3e (0x8ca77d13) x26 0x00000000
core   0: 0x80009a42 (0x006ad4b3) srl     s1, s5, t1
core   0: 3 0x80009a42 (0x006ad4b3) x9  0x80029d24
core   0: 0x80009a46 (0x00008391) c.srli  a5, 4
core   0: 3 0x80009a46 (0x8391) x15 0x00000000
core   0: 0x80009a48 (0x015093b3) sll     t2, ra, s5
core   0: 3 0x80009a48 (0x015093b3) x7  0x000d0000
core   0: 0x80009a4c (0xbf25ad13) slti    s10, a1, -1038
core   0: 3 0x80009a4c (0xbf25ad13) x26 0x00000001
core   0: 0x80009a50 (0x59e4f213) andi    tp, s1, 1438
core   0: 3 0x80009a50 (0x59e4f213) x4  0x00000504
core   0: 0x80009a54 (0x00f29233) sll     tp, t0, a5
core   0: 3 0x80009a54 (0x00f29233) x4  0x0000000c
core   0: 0x80009a58 (0xade3cf93) xori    t6, t2, -1314
core   0: 3 0x80009a58 (0xade3cf93) x31 0xfff2fade
core   0: 0x80009a5c (0x40155913) srai    s2, a0, 1
core   0: 3 0x80009a5c (0x40155913) x18 0x00000008
core   0: 0x80009a60 (0x03f811b3) mulh    gp, a6, t6
core   0: 3 0x80009a60 (0x03f811b3) x3  0x00000020
core   0: 0x80009a64 (0x00000285) c.addi  t0, 1
core   0: 3 0x80009a64 (0x0285) x5  0x0000000d
core   0: 0x80009a66 (0x000004d5) c.addi  s1, 21
core   0: 3 0x80009a66 (0x04d5) x9  0x80029d39
core   0: 0x80009a68 (0x699bb597) auipc   a1, 0x699bb
core   0: 3 0x80009a68 (0x699bb597) x11 0xe99c4a68
core   0: 0x80009a6c (0x01d8dc33) srl     s8, a7, t4
core   0: 3 0x80009a6c (0x01d8dc33) x24 0x57395048
core   0: 0x80009a70 (0xfce2c4e3) blt     t0, a4, pc - 56
core   0: 3 0x80009a70 (0xfce2c4e3)
core   0: 0x80009a38 (0x034f78b3) remu    a7, t5, s4
core   0: 3 0x80009a38 (0x034f78b3) x17 0x57395048
core   0: 0x80009a3c (0x00008c65) c.and   s0, s1
core   0: 3 0x80009a3c (0x8c65) x8  0x80021800
core   0: 0x80009a3e (0x8ca77d13) andi    s10, a4, -1846
core   0: 3 0x80009a3e (0x8ca77d13) x26 0x00000000
core   0: 0x80009a42 (0x006ad4b3) srl     s1, s5, t1
core   0: 3 0x80009a42 (0x006ad4b3) x9  0x80029d24
core   0: 0x80009a46 (0x00008391) c.srli  a5, 4
core   0: 3 0x80009a46 (0x8391) x15 0x00000000
core   0: 0x80009a48 (0x015093b3) sll     t2, ra, s5
core   0: 3 0x80009a48 (0x015093b3) x7  0x000d0000
core   0: 0x80009a4c (0xbf25ad13) slti    s10, a1, -1038
core   0: 3 0x80009a4c (0xbf25ad13) x26 0x00000001
core   0: 0x80009a50 (0x59e4f213) andi    tp, s1, 1438
core   0: 3 0x80009a50 (0x59e4f213) x4  0x00000504
core   0: 0x80009a54 (0x00f29233) sll     tp, t0, a5
core   0: 3 0x80009a54 (0x00f29233) x4  0x0000000d
core   0: 0x80009a58 (0xade3cf93) xori    t6, t2, -1314
core   0: 3 0x80009a58 (0xade3cf93) x31 0xfff2fade
core   0: 0x80009a5c (0x40155913) srai    s2, a0, 1
core   0: 3 0x80009a5c (0x40155913) x18 0x00000008
core   0: 0x80009a60 (0x03f811b3) mulh    gp, a6, t6
core   0: 3 0x80009a60 (0x03f811b3) x3  0x00000020
core   0: 0x80009a64 (0x00000285) c.addi  t0, 1
core   0: 3 0x80009a64 (0x0285) x5  0x0000000e
core   0: 0x80009a66 (0x000004d5) c.addi  s1, 21
core   0: 3 0x80009a66 (0x04d5) x9  0x80029d39
core   0: 0x80009a68 (0x699bb597) auipc   a1, 0x699bb
core   0: 3 0x80009a68 (0x699bb597) x11 0xe99c4a68
core   0: 0x80009a6c (0x01d8dc33) srl     s8, a7, t4
core   0: 3 0x80009a6c (0x01d8dc33) x24 0x57395048
core   0: 0x80009a70 (0xfce2c4e3) blt     t0, a4, pc - 56
core   0: 3 0x80009a70 (0xfce2c4e3)
core   0: 0x80009a38 (0x034f78b3) remu    a7, t5, s4
core   0: 3 0x80009a38 (0x034f78b3) x17 0x57395048
core   0: 0x80009a3c (0x00008c65) c.and   s0, s1
core   0: 3 0x80009a3c (0x8c65) x8  0x80021800
core   0: 0x80009a3e (0x8ca77d13) andi    s10, a4, -1846
core   0: 3 0x80009a3e (0x8ca77d13) x26 0x00000000
core   0: 0x80009a42 (0x006ad4b3) srl     s1, s5, t1
core   0: 3 0x80009a42 (0x006ad4b3) x9  0x80029d24
core   0: 0x80009a46 (0x00008391) c.srli  a5, 4
core   0: 3 0x80009a46 (0x8391) x15 0x00000000
core   0: 0x80009a48 (0x015093b3) sll     t2, ra, s5
core   0: 3 0x80009a48 (0x015093b3) x7  0x000d0000
core   0: 0x80009a4c (0xbf25ad13) slti    s10, a1, -1038
core   0: 3 0x80009a4c (0xbf25ad13) x26 0x00000001
core   0: 0x80009a50 (0x59e4f213) andi    tp, s1, 1438
core   0: 3 0x80009a50 (0x59e4f213) x4  0x00000504
core   0: 0x80009a54 (0x00f29233) sll     tp, t0, a5
core   0: 3 0x80009a54 (0x00f29233) x4  0x0000000e
core   0: 0x80009a58 (0xade3cf93) xori    t6, t2, -1314
core   0: 3 0x80009a58 (0xade3cf93) x31 0xfff2fade
core   0: 0x80009a5c (0x40155913) srai    s2, a0, 1
core   0: 3 0x80009a5c (0x40155913) x18 0x00000008
core   0: 0x80009a60 (0x03f811b3) mulh    gp, a6, t6
core   0: 3 0x80009a60 (0x03f811b3) x3  0x00000020
core   0: 0x80009a64 (0x00000285) c.addi  t0, 1
core   0: 3 0x80009a64 (0x0285) x5  0x0000000f
core   0: 0x80009a66 (0x000004d5) c.addi  s1, 21
core   0: 3 0x80009a66 (0x04d5) x9  0x80029d39
core   0: 0x80009a68 (0x699bb597) auipc   a1, 0x699bb
core   0: 3 0x80009a68 (0x699bb597) x11 0xe99c4a68
core   0: 0x80009a6c (0x01d8dc33) srl     s8, a7, t4
core   0: 3 0x80009a6c (0x01d8dc33) x24 0x57395048
core   0: 0x80009a70 (0xfce2c4e3) blt     t0, a4, pc - 56
core   0: 3 0x80009a70 (0xfce2c4e3)
core   0: 0x80009a38 (0x034f78b3) remu    a7, t5, s4
core   0: 3 0x80009a38 (0x034f78b3) x17 0x57395048
core   0: 0x80009a3c (0x00008c65) c.and   s0, s1
core   0: 3 0x80009a3c (0x8c65) x8  0x80021800
core   0: 0x80009a3e (0x8ca77d13) andi    s10, a4, -1846
core   0: 3 0x80009a3e (0x8ca77d13) x26 0x00000000
core   0: 0x80009a42 (0x006ad4b3) srl     s1, s5, t1
core   0: 3 0x80009a42 (0x006ad4b3) x9  0x80029d24
core   0: 0x80009a46 (0x00008391) c.srli  a5, 4
core   0: 3 0x80009a46 (0x8391) x15 0x00000000
core   0: 0x80009a48 (0x015093b3) sll     t2, ra, s5
core   0: 3 0x80009a48 (0x015093b3) x7  0x000d0000
core   0: 0x80009a4c (0xbf25ad13) slti    s10, a1, -1038
core   0: 3 0x80009a4c (0xbf25ad13) x26 0x00000001
core   0: 0x80009a50 (0x59e4f213) andi    tp, s1, 1438
core   0: 3 0x80009a50 (0x59e4f213) x4  0x00000504
core   0: 0x80009a54 (0x00f29233) sll     tp, t0, a5
core   0: 3 0x80009a54 (0x00f29233) x4  0x0000000f
core   0: 0x80009a58 (0xade3cf93) xori    t6, t2, -1314
core   0: 3 0x80009a58 (0xade3cf93) x31 0xfff2fade
core   0: 0x80009a5c (0x40155913) srai    s2, a0, 1
core   0: 3 0x80009a5c (0x40155913) x18 0x00000008
core   0: 0x80009a60 (0x03f811b3) mulh    gp, a6, t6
core   0: 3 0x80009a60 (0x03f811b3) x3  0x00000020
core   0: 0x80009a64 (0x00000285) c.addi  t0, 1
core   0: 3 0x80009a64 (0x0285) x5  0x00000010
core   0: 0x80009a66 (0x000004d5) c.addi  s1, 21
core   0: 3 0x80009a66 (0x04d5) x9  0x80029d39
core   0: 0x80009a68 (0x699bb597) auipc   a1, 0x699bb
core   0: 3 0x80009a68 (0x699bb597) x11 0xe99c4a68
core   0: 0x80009a6c (0x01d8dc33) srl     s8, a7, t4
core   0: 3 0x80009a6c (0x01d8dc33) x24 0x57395048
core   0: 0x80009a70 (0xfce2c4e3) blt     t0, a4, pc - 56
core   0: 3 0x80009a70 (0xfce2c4e3)
core   0: 0x80009a74 (0x00000001) c.nop
core   0: 3 0x80009a74 (0x0001)
core   0: 0x80009a76 (0x00008c39) c.xor   s0, a4
core   0: 3 0x80009a76 (0x8c39) x8  0x80021810
core   0: 0x80009a78 (0x0236e463) bltu    a3, gp, pc + 40
core   0: 3 0x80009a78 (0x0236e463)
core   0: 0x80009a7c (0x00677563) bgeu    a4, t1, pc + 10
core   0: 3 0x80009a7c (0x00677563)
core   0: 0x80009a80 (0x00d31c93) slli    s9, t1, 13
core   0: 3 0x80009a80 (0x00d31c93) x25 0x1a000000
core   0: 0x80009a84 (0x0000cb81) c.beqz  a5, pc + 16
core   0: 3 0x80009a84 (0xcb81)
core   0: 0x80009a94 (0xad0d4c93) xori    s9, s10, -1328
core   0: 3 0x80009a94 (0xad0d4c93) x25 0xfffffad1
core   0: 0x80009a98 (0x89644613) xori    a2, s0, -1898
core   0: 3 0x80009a98 (0x89644613) x12 0x7ffde086
core   0: 0x80009a9c (0xb549bc93) sltiu   s9, s3, -1196
core   0: 3 0x80009a9c (0xb549bc93) x25 0x00000001
core   0: 0x80009aa0 (0x02b0e933) rem     s2, ra, a1
core   0: 3 0x80009aa0 (0x02b0e933) x18 0x0000d000
core   0: 0x80009aa4 (0x0013d9b3) srl     s3, t2, ra
core   0: 3 0x80009aa4 (0x0013d9b3) x19 0x000d0000
core   0: 0x80009aa8 (0x0221eb33) rem     s6, gp, sp
core   0: 3 0x80009aa8 (0x0221eb33) x22 0x00000020
core   0: 0x80009aac (0x00000001) c.nop
core   0: 3 0x80009aac (0x0001)
core   0: 0x80009aae (0x00009816) c.add   a6, t0
core   0: 3 0x80009aae (0x9816) x16 0xfffd8610
core   0: 0x80009ab0 (0x00cf31b3) sltu    gp, t5, a2
core   0: 3 0x80009ab0 (0x00cf31b3) x3  0x00000001
core   0: 0x80009ab4 (0xa9ffe593) ori     a1, t6, -1377
core   0: 3 0x80009ab4 (0xa9ffe593) x11 0xfffffadf
core   0: 0x80009ab8 (0x023e8663) beq     t4, gp, pc + 44
core   0: 3 0x80009ab8 (0x023e8663)
core   0: 0x80009abc (0x00000001) c.nop
core   0: 3 0x80009abc (0x0001)
core   0: 0x80009abe (0x01eefb33) and     s6, t4, t5
core   0: 3 0x80009abe (0x01eefb33) x22 0x00395000
core   0: 0x80009ac2 (0x00efea63) bltu    t6, a4, pc + 20
core   0: 3 0x80009ac2 (0x00efea63)
core   0: 0x80009ac6 (0x4347c913) xori    s2, a5, 1076
core   0: 3 0x80009ac6 (0x4347c913) x18 0x00000434
core   0: 0x80009aca (0x41e7d013) srai    zero, a5, 30
core   0: 3 0x80009aca (0x41e7d013)
core   0: 0x80009ace (0x00008df9) c.and   a1, a4
core   0: 3 0x80009ace (0x8df9) x11 0x00000010
core   0: 0x80009ad0 (0xc9b08813) addi    a6, ra, -869
core   0: 3 0x80009ad0 (0xc9b08813) x16 0x0000cc9b
core   0: 0x80009ad4 (0x00000001) c.nop
core   0: 3 0x80009ad4 (0x0001)
core   0: 0x80009ad6 (0x01ccf963) bgeu    s9, t3, pc + 18
core   0: 3 0x80009ad6 (0x01ccf963)
core   0: 0x80009ae8 (0x00000b09) c.addi  s6, 2
core   0: 3 0x80009ae8 (0x0b09) x22 0x00395002
core   0: 0x80009aea (0x00008f1d) c.sub   a4, a5
core   0: 3 0x80009aea (0x8f1d) x14 0x00000010
core   0: 0x80009aec (0x0176e3b3) or      t2, a3, s7
core   0: 3 0x80009aec (0x0176e3b3) x7  0x80025b3e
core   0: 0x80009af0 (0x41aad493) srai    s1, s5, 26
core   0: 3 0x80009af0 (0x41aad493) x9  0xffffffe0
core   0: 0x80009af4 (0xf9b597b7) lui     a5, 0xf9b59
core   0: 3 0x80009af4 (0xf9b597b7) x15 0xf9b59000
core   0: 0x80009af8 (0x0033b333) sltu    t1, t2, gp
core   0: 3 0x80009af8 (0x0033b333) x6  0x00000000
core   0: 0x80009afc (0x011f38b3) sltu    a7, t5, a7
core   0: 3 0x80009afc (0x011f38b3) x17 0x00000000
core   0: 0x80009b00 (0x41610833) sub     a6, sp, s6
core   0: 3 0x80009b00 (0x41610833) x16 0xf34ad2e5
core   0: 0x80009b04 (0x0000e985) c.bnez  a1, pc + 48
core   0: 3 0x80009b04 (0xe985)
core   0: 0x80009b34 (0x0000e68d) c.bnez  a3, pc + 42
core   0: 3 0x80009b34 (0xe68d)
core   0: 0x80009b5e (0xd2134f13) xori    t5, t1, -735
core   0: 3 0x80009b5e (0xd2134f13) x30 0xfffffd21
core   0: 0x80009b62 (0x00007333) and     t1, zero, zero
core   0: 3 0x80009b62 (0x00007333) x6  0x00000000
core   0: 0x80009b66 (0x0023d533) srl     a0, t2, sp
core   0: 3 0x80009b66 (0x0023d533) x10 0x010004b6
core   0: 0x80009b6a (0x41405713) srai    a4, zero, 20
core   0: 3 0x80009b6a (0x41405713) x14 0x00000000
core   0: 0x80009b6e (0x02901663) bne     zero, s1, pc + 44
core   0: 3 0x80009b6e (0x02901663)
core   0: 0x80009b9a (0x021e5433) divu    s0, t3, ra
core   0: 3 0x80009b9a (0x021e5433) x8  0x00000000
core   0: 0x80009b9e (0x028150b3) divu    ra, sp, s0
core   0: 3 0x80009b9e (0x028150b3) x1  0xffffffff
core   0: 0x80009ba2 (0x000018fd) c.addi  a7, -1
core   0: 3 0x80009ba2 (0x18fd) x17 0xffffffff
core   0: 0x80009ba4 (0x031e16b3) mulh    a3, t3, a7
core   0: 3 0x80009ba4 (0x031e16b3) x13 0x00000000
core   0: 0x80009ba8 (0x007d0263) beq     s10, t2, pc + 4
core   0: 3 0x80009ba8 (0x007d0263)
core   0: 0x80009bac (0x00000789) c.addi  a5, 2
core   0: 3 0x80009bac (0x0789) x15 0xf9b59002
core   0: 0x80009bae (0x014f33b3) sltu    t2, t5, s4
core   0: 3 0x80009bae (0x014f33b3) x7  0x00000000
core   0: 0x80009bb2 (0x02667463) bgeu    a2, t1, pc + 40
core   0: 3 0x80009bb2 (0x02667463)
core   0: 0x80009bda (0x09020063) beq     tp, a6, pc + 128
core   0: 3 0x80009bda (0x09020063)
core   0: 0x80009bde (0x00008e46) c.mv    t3, a7
core   0: 3 0x80009bde (0x8e46) x28 0xffffffff
core   0: 0x80009be0 (0x00006397) auipc   t2, 0x6
core   0: 3 0x80009be0 (0x00006397) x7  0x8000fbe0
core   0: 0x80009be4 (0x6b038393) addi    t2, t2, 1712
core   0: 3 0x80009be4 (0x6b038393) x7  0x80010290
core   0: 0x80009be8 (0x00738803) lb      a6, 7(t2)
core   0: 3 0x80009be8 (0x00738803) x16 0x0000004c mem 0x80010297
core   0: 0x80009bec (0x00008de5) c.and   a1, s1
core   0: 3 0x80009bec (0x8de5) x11 0x00000000
core   0: 0x80009bee (0xff538303) lb      t1, -11(t2)
core   0: 3 0x80009bee (0xff538303) x6  0x0000003e mem 0x80010285
core   0: 0x80009bf2 (0x00008611) c.srai  a2, 4
core   0: 3 0x80009bf2 (0x8611) x12 0x07ffde08
core   0: 0x80009bf4 (0x00008b79) c.andi  a4, 30
core   0: 3 0x80009bf4 (0x8b79) x14 0x00000000
core   0: 0x80009bf6 (0xca3daf93) slti    t6, s11, -861
core   0: 3 0x80009bf6 (0xca3daf93) x31 0x00000000
core   0: 0x80009bfa (0x00c1ef33) or      t5, gp, a2
core   0: 3 0x80009bfa (0x00c1ef33) x30 0x07ffde09
core   0: 0x80009bfe (0x011dc7b3) xor     a5, s11, a7
core   0: 3 0x80009bfe (0x011dc7b3) x15 0xffffffff
core   0: 0x80009c02 (0x03e489b3) mul     s3, s1, t5
core   0: 3 0x80009c02 (0x03e489b3) x19 0x00043ee0
core   0: 0x80009c06 (0x000042b5) c.li    t0, 13
core   0: 3 0x80009c06 (0x42b5) x5  0x0000000d
core   0: 0x80009c08 (0x00008ff5) c.and   a5, a3
core   0: 3 0x80009c08 (0x8ff5) x15 0x00000000
core   0: 0x80009c0a (0x0e038b03) lb      s6, 224(t2)
core   0: 3 0x80009c0a (0x0e038b03) x22 0x0000002b mem 0x80010370
core   0: 0x80009c0e (0x00a3aa23) sw      a0, 20(t2)
core   0: 3 0x80009c0e (0x00a3aa23) mem 0x800102a4 0x010004b6
core   0: 0x80009c12 (0x09f3ce83) lbu     t4, 159(t2)
core   0: 3 0x80009c12 (0x09f3ce83) x29 0x000000e4 mem 0x8001032f
core   0: 0x80009c16 (0x000051fd) c.li    gp, -1
core   0: 3 0x80009c16 (0x51fd) x3  0xffffffff
core   0: 0x80009c18 (0x00d3c833) xor     a6, t2, a3
core   0: 3 0x80009c18 (0x00d3c833) x16 0x80010290
core   0: 0x80009c1c (0x0d738503) lb      a0, 215(t2)
core   0: 3 0x80009c1c (0x0d738503) x10 0x0000001c mem 0x80010367
core   0: 0x80009c20 (0x02a61c33) mulh    s8, a2, a0
core   0: 3 0x80009c20 (0x02a61c33) x24 0x00000000
core   0: 0x80009c24 (0x026a8333) mul     t1, s5, t1
core   0: 3 0x80009c24 (0x026a8333) x6  0x00a20eb8
core   0: 0x80009c28 (0x007b20b3) slt     ra, s6, t2
core   0: 3 0x80009c28 (0x007b20b3) x1  0x00000000
core   0: 0x80009c2c (0x09c3ab03) lw      s6, 156(t2)
core   0: 3 0x80009c2c (0x09c3ab03) x22 0xe4e5e6e7 mem 0x8001032c
core   0: 0x80009c30 (0x03d3dbb3) divu    s7, t2, t4
core   0: 3 0x80009c30 (0x03d3dbb3) x23 0x008fb946
core   0: 0x80009c34 (0x000018fd) c.addi  a7, -1
core   0: 3 0x80009c34 (0x18fd) x17 0xfffffffe
core   0: 0x80009c36 (0x07c3cc03) lbu     s8, 124(t2)
core   0: 3 0x80009c36 (0x07c3cc03) x24 0x000000c7 mem 0x8001030c
core   0: 0x80009c3a (0x0c73c303) lbu     t1, 199(t2)
core   0: 3 0x80009c3a (0x0c73c303) x6  0x0000000c mem 0x80010357
core   0: 0x80009c3e (0x2902e793) ori     a5, t0, 656
core   0: 3 0x80009c3e (0x2902e793) x15 0x0000029d
core   0: 0x80009c42 (0x00008eb5) c.xor   a3, a3
core   0: 3 0x80009c42 (0x8eb5) x13 0x00000000
core   0: 0x80009c44 (0x00008cf1) c.and   s1, a2
core   0: 3 0x80009c44 (0x8cf1) x9  0x07ffde00
core   0: 0x80009c46 (0x025ec8b3) div     a7, t4, t0
core   0: 3 0x80009c46 (0x025ec8b3) x17 0x00000011
core   0: 0x80009c4a (0x001d31b3) sltu    gp, s10, ra
core   0: 3 0x80009c4a (0x001d31b3) x3  0x00000000
core   0: 0x80009c4e (0xf5c3de83) lhu     t4, -164(t2)
core   0: 3 0x80009c4e (0xf5c3de83) x29 0x00009da7 mem 0x800101ec
core   0: 0x80009c52 (0xfcebec13) ori     s8, s7, -50
core   0: 3 0x80009c52 (0xfcebec13) x24 0xffffffce
core   0: 0x80009c56 (0x2aafa313) slti    t1, t6, 682
core   0: 3 0x80009c56 (0x2aafa313) x6  0x00000001
core   0: 0x80009c5a (0xaac42513) slti    a0, s0, -1364
core   0: 3 0x80009c5a (0xaac42513) x10 0x00000000
core   0: 0x80009c5e (0x00008fc1) c.or    a5, s0
core   0: 3 0x80009c5e (0x8fc1) x15 0x0000029d
core   0: 0x80009c60 (0x03a2b433) mulhu   s0, t0, s10
core   0: 3 0x80009c60 (0x03a2b433) x8  0x00000000
core   0: 0x80009c64 (0x004a2303) lw      t1, 4(s4)
core   0: 3 0x80009c64 (0x004a2303) x6  0x80009f9e mem 0x80025e18
core   0: 0x80009c68 (0xa8f2b393) sltiu   t2, t0, -1393
core   0: 3 0x80009c68 (0xa8f2b393) x7  0x00000001
core   0: 0x80009c6c (0x00e1aeb3) slt     t4, gp, a4
core   0: 3 0x80009c6c (0x00e1aeb3) x29 0x00000000
core   0: 0x80009c70 (0x00bcf7b3) and     a5, s9, a1
core   0: 3 0x80009c70 (0x00bcf7b3) x15 0x00000000
core   0: 0x80009c74 (0x038a0a13) addi    s4, s4, 56
core   0: 3 0x80009c74 (0x038a0a13) x20 0x80025e4c
core   0: 0x80009c78 (0x006f5d13) srli    s10, t5, 6
core   0: 3 0x80009c78 (0x006f5d13) x26 0x001fff78
core   0: 0x80009c7c (0x00130e93) addi    t4, t1, 1
core   0: 3 0x80009c7c (0x00130e93) x29 0x80009f9f
core   0: 0x80009c80 (0x000e8ee7) jalr    t4, t4, 0
core   0: 3 0x80009c80 (0x000e8ee7) x29 0x80009c84
core   0: 0x80009f9e (0x009c7f33) and     t5, s8, s1
core   0: 3 0x80009f9e (0x009c7f33) x30 0x07ffde00
core   0: 0x80009fa2 (0x0000824d) c.srli  a2, 19
core   0: 3 0x80009fa2 (0x824d) x12 0x000000ff
core   0: 0x80009fa4 (0x032a2533) mulhsu  a0, s4, s2
core   0: 3 0x80009fa4 (0x032a2533) x10 0xfffffde6
core   0: 0x80009fa8 (0x00008c4d) c.or    s0, a1
core   0: 3 0x80009fa8 (0x8c4d) x8  0x00000000
core   0: 0x80009faa (0x018ba6b3) slt     a3, s7, s8
core   0: 3 0x80009faa (0x018ba6b3) x13 0x00000000
core   0: 0x80009fae (0x0038d033) srl     zero, a7, gp
core   0: 3 0x80009fae (0x0038d033)
core   0: 0x80009fb2 (0x00008c6d) c.and   s0, a1
core   0: 3 0x80009fb2 (0x8c6d) x8  0x00000000
core   0: 0x80009fb4 (0x756b2513) slti    a0, s6, 1878
core   0: 3 0x80009fb4 (0x756b2513) x10 0x00000001
core   0: 0x80009fb8 (0x28c3e293) ori     t0, t2, 652
core   0: 3 0x80009fb8 (0x28c3e293) x5  0x0000028d
core   0: 0x80009fbc (0x02fcd7b3) divu    a5, s9, a5
core   0: 3 0x80009fbc (0x02fcd7b3) x15 0xffffffff
core   0: 0x80009fc0 (0xff684393) xori    t2, a6, -10
core   0: 3 0x80009fc0 (0xff684393) x7  0x7ffefd66
core   0: 0x80009fc4 (0x039b2433) mulhsu  s0, s6, s9
core   0: 3 0x80009fc4 (0x039b2433) x8  0xffffffff
core   0: 0x80009fc8 (0x0039d813) srli    a6, s3, 3
core   0: 3 0x80009fc8 (0x0039d813) x16 0x000087dc
core   0: 0x80009fcc (0x0000ef85) c.bnez  a5, pc + 56
core   0: 3 0x80009fcc (0xef85)
core   0: 0x8000a004 (0x00008251) c.srli  a2, 20
core   0: 3 0x8000a004 (0x8251) x12 0x00000000
core   0: 0x8000a006 (0x0000cb81) c.beqz  a5, pc + 16
core   0: 3 0x8000a006 (0xcb81)
core   0: 0x8000a008 (0x0000ce01) c.beqz  a2, pc + 24
core   0: 3 0x8000a008 (0xce01)
core   0: 0x8000a020 (0x00000001) c.nop
core   0: 3 0x8000a020 (0x0001)
core   0: 0x8000a022 (0x2065bb17) auipc   s6, 0x2065b
core   0: 3 0x8000a022 (0x2065bb17) x22 0xa0665022
core   0: 0x8000a026 (0x026e3033) mulhu   zero, t3, t1
core   0: 3 0x8000a026 (0x026e3033)
core   0: 0x8000a02a (0x07fbf393) andi    t2, s7, 127
core   0: 3 0x8000a02a (0x07fbf393) x7  0x00000046
core   0: 0x8000a02e (0xae112197) auipc   gp, 0xae112
core   0: 3 0x8000a02e (0xae112197) x3  0x2e11c02e
core   0: 0x8000a032 (0x01707833) and     a6, zero, s7
core   0: 3 0x8000a032 (0x01707833) x16 0x00000000
core   0: 0x8000a036 (0x012ddd33) srl     s10, s11, s2
core   0: 3 0x8000a036 (0x012ddd33) x26 0x00000000
core   0: 0x8000a03a (0x000086d1) c.srai  a3, 20
core   0: 3 0x8000a03a (0x86d1) x13 0x00000000
core   0: 0x8000a03c (0x02ea1bb3) mulh    s7, s4, a4
core   0: 3 0x8000a03c (0x02ea1bb3) x23 0x00000000
core   0: 0x8000a040 (0x004b5093) srli    ra, s6, 4
core   0: 3 0x8000a040 (0x004b5093) x1  0x0a066502
core   0: 0x8000a044 (0x00362eb3) slt     t4, a2, gp
core   0: 3 0x8000a044 (0x00362eb3) x29 0x00000001
core   0: 0x8000a048 (0x40cc8eb3) sub     t4, s9, a2
core   0: 3 0x8000a048 (0x40cc8eb3) x29 0x00000001
core   0: 0x8000a04c (0x038ed563) bge     t4, s8, pc + 42
core   0: 3 0x8000a04c (0x038ed563)
core   0: 0x8000a076 (0x00008c29) c.xor   s0, a0
core   0: 3 0x8000a076 (0x8c29) x8  0xfffffffe
core   0: 0x8000a078 (0x000081b2) c.mv    gp, a2
core   0: 3 0x8000a078 (0x81b2) x3  0x00000000
core   0: 0x8000a07a (0x0000987d) c.andi  s0, -1
core   0: 3 0x8000a07a (0x987d) x8  0xfffffffe
core   0: 0x8000a07c (0x00008c8d) c.sub   s1, a1
core   0: 3 0x8000a07c (0x8c8d) x9  0x07ffde00
core   0: 0x8000a07e (0x00008296) c.mv    t0, t0
core   0: 3 0x8000a07e (0x8296) x5  0x0000028d
core   0: 0x8000a080 (0x00009afd) c.andi  a3, -1
core   0: 3 0x8000a080 (0x9afd) x13 0x00000000
core   0: 0x8000a082 (0x03a0f833) remu    a6, ra, s10
core   0: 3 0x8000a082 (0x03a0f833) x16 0x0a066502
core   0: 0x8000a086 (0x419d0bb3) sub     s7, s10, s9
core   0: 3 0x8000a086 (0x419d0bb3) x23 0xffffffff
core   0: 0x8000a08a (0x75c18637) lui     a2, 0x75c18
core   0: 3 0x8000a08a (0x75c18637) x12 0x75c18000
core   0: 0x8000a08e (0x01f49b93) slli    s7, s1, 31
core   0: 3 0x8000a08e (0x01f49b93) x23 0x00000000
core   0: 0x8000a092 (0x00000ead) c.addi  t4, 11
core   0: 3 0x8000a092 (0x0ead) x29 0x0000000c
core   0: 0x8000a094 (0x03e2ff63) bgeu    t0, t5, pc + 62
core   0: 3 0x8000a094 (0x03e2ff63)
core   0: 0x8000a098 (0x000081cd) c.srli  a1, 19
core   0: 3 0x8000a098 (0x81cd) x11 0x00000000
core   0: 0x8000a09a (0x01a56763) bltu    a0, s10, pc + 14
core   0: 3 0x8000a09a (0x01a56763)
core   0: 0x8000a09e (0x89c7f913) andi    s2, a5, -1892
core   0: 3 0x8000a09e (0x89c7f913) x18 0xfffff89c
core   0: 0x8000a0a2 (0x00008c65) c.and   s0, s1
core   0: 3 0x8000a0a2 (0x8c65) x8  0x07ffde00
core   0: 0x8000a0a4 (0x41945033) sra     zero, s0, s9
core   0: 3 0x8000a0a4 (0x41945033)
core   0: 0x8000a0a8 (0x00000001) c.nop
core   0: 3 0x8000a0a8 (0x0001)
core   0: 0x8000a0aa (0x00d2a333) slt     t1, t0, a3
core   0: 3 0x8000a0aa (0x00d2a333) x6  0x00000000
core   0: 0x8000a0ae (0x00000001) c.nop
core   0: 3 0x8000a0ae (0x0001)
core   0: 0x8000a0b0 (0x02d7e833) rem     a6, a5, a3
core   0: 3 0x8000a0b0 (0x02d7e833) x16 0xffffffff
core   0: 0x8000a0b4 (0x0000cf1d) c.beqz  a4, pc + 62
core   0: 3 0x8000a0b4 (0xcf1d)
core   0: 0x8000a0f2 (0x00009772) c.add   a4, t3
core   0: 3 0x8000a0f2 (0x9772) x14 0xffffffff
core   0: 0x8000a0f4 (0x030abfb3) mulhu   t6, s5, a6
core   0: 3 0x8000a0f4 (0x030abfb3) x31 0x80029d23
core   0: 0x8000a0f8 (0xe492a493) slti    s1, t0, -439
core   0: 3 0x8000a0f8 (0xe492a493) x9  0x00000000
core   0: 0x8000a0fc (0x000043ed) c.li    t2, 27
core   0: 3 0x8000a0fc (0x43ed) x7  0x0000001b
core   0: 0x8000a0fe (0x0000e69d) c.bnez  a3, pc + 46
core   0: 3 0x8000a0fe (0xe69d)
core   0: 0x8000a100 (0x02cf7db3) remu    s11, t5, a2
core   0: 3 0x8000a100 (0x02cf7db3) x27 0x07ffde00
core   0: 0x8000a104 (0x03099633) mulh    a2, s3, a6
core   0: 3 0x8000a104 (0x03099633) x12 0xffffffff
core   0: 0x8000a108 (0x412e5293) srai    t0, t3, 18
core   0: 3 0x8000a108 (0x412e5293) x5  0xffffffff
core   0: 0x8000a10c (0x41550633) sub     a2, a0, s5
core   0: 3 0x8000a10c (0x41550633) x12 0x7ffd62dd
core   0: 0x8000a110 (0x126f0b13) addi    s6, t5, 294
core   0: 3 0x8000a110 (0x126f0b13) x22 0x07ffdf26
core   0: 0x8000a114 (0x01e2c233) xor     tp, t0, t5
core   0: 3 0x8000a114 (0x01e2c233) x4  0xf80021ff
core   0: 0x8000a118 (0x000098fd) c.andi  s1, -1
core   0: 3 0x8000a118 (0x98fd) x9  0x00000000
core   0: 0x8000a11a (0x00f197b3) sll     a5, gp, a5
core   0: 3 0x8000a11a (0x00f197b3) x15 0x00000000
core   0: 0x8000a11e (0xf4cf0b93) addi    s7, t5, -180
core   0: 3 0x8000a11e (0xf4cf0b93) x23 0x07ffdd4c
core   0: 0x8000a122 (0x0191ff63) bgeu    gp, s9, pc + 30
core   0: 3 0x8000a122 (0x0191ff63)
core   0: 0x8000a126 (0x032d6eb3) rem     t4, s10, s2
core   0: 3 0x8000a126 (0x032d6eb3) x29 0x00000000
core   0: 0x8000a12a (0x0000084a) c.slli  a6, 18
core   0: 3 0x8000a12a (0x084a) x16 0xfffc0000
core   0: 0x8000a12c (0xa772ec93) ori     s9, t0, -1417
core   0: 3 0x8000a12c (0xa772ec93) x25 0xffffffff
core   0: 0x8000a130 (0x03577d33) remu    s10, a4, s5
core   0: 3 0x8000a130 (0x03577d33) x26 0x7ffd62db
core   0: 0x8000a134 (0x0000843d) c.srai  s0, 15
core   0: 3 0x8000a134 (0x843d) x8  0x00000fff
core   0: 0x8000a136 (0x40c4d633) sra     a2, s1, a2
core   0: 3 0x8000a136 (0x40c4d633) x12 0x00000000
core   0: 0x8000a13a (0x417a5733) sra     a4, s4, s7
core   0: 3 0x8000a13a (0x417a5733) x14 0xfff80025
core   0: 0x8000a13e (0x0000c011) c.beqz  s0, pc + 4
core   0: 3 0x8000a13e (0xc011)
core   0: 0x8000a140 (0x00006f9d) c.lui   t6, 0x7
core   0: 3 0x8000a140 (0x6f9d) x31 0x00007000
core   0: 0x8000a142 (0x00009d4e) c.add   s10, s3
core   0: 3 0x8000a142 (0x9d4e) x26 0x8001a1bb
core   0: 0x8000a144 (0x00009b46) c.add   s6, a7
core   0: 3 0x8000a144 (0x9b46) x22 0x07ffdf37
core   0: 0x8000a146 (0x05c4e063) bltu    s1, t3, pc + 64
core   0: 3 0x8000a146 (0x05c4e063)
core   0: 0x8000a186 (0x00008e76) c.mv    t3, t4
core   0: 3 0x8000a186 (0x8e76) x28 0x00000000
core   0: 0x8000a188 (0x03bb4233) div     tp, s6, s11
core   0: 3 0x8000a188 (0x03bb4233) x4  0x00000001
core   0: 0x8000a18c (0x00008dfd) c.and   a1, a5
core   0: 3 0x8000a18c (0x8dfd) x11 0x00000000
core   0: 0x8000a18e (0xda852497) auipc   s1, 0xda852
core   0: 3 0x8000a18e (0xda852497) x9  0x5a85c18e
core   0: 0x8000a192 (0x00000001) c.nop
core   0: 3 0x8000a192 (0x0001)
core   0: 0x8000a194 (0x00000f06) c.slli  t5, 1
core   0: 3 0x8000a194 (0x0f06) x30 0x0fffbc00
core   0: 0x8000a196 (0x4117ddb3) sra     s11, a5, a7
core   0: 3 0x8000a196 (0x4117ddb3) x27 0x00000000
core   0: 0x8000a19a (0x01765913) srli    s2, a2, 23
core   0: 3 0x8000a19a (0x01765913) x18 0x00000000
core   0: 0x8000a19e (0x03ece033) rem     zero, s9, t5
core   0: 3 0x8000a19e (0x03ece033)
core   0: 0x8000a1a2 (0xdb723613) sltiu   a2, tp, -585
core   0: 3 0x8000a1a2 (0xdb723613) x12 0x00000001
core   0: 0x8000a1a6 (0x035df5b3) remu    a1, s11, s5
core   0: 3 0x8000a1a6 (0x035df5b3) x11 0x00000000
core   0: 0x8000a1aa (0x00bae333) or      t1, s5, a1
core   0: 3 0x8000a1aa (0x00bae333) x6  0x80029d24
core   0: 0x8000a1ae (0x027dcfb3) div     t6, s11, t2
core   0: 3 0x8000a1ae (0x027dcfb3) x31 0x00000000
core   0: 0x8000a1b2 (0x00000001) c.nop
core   0: 3 0x8000a1b2 (0x0001)
core   0: 0x8000a1b4 (0x000fd463) bgez    t6, pc + 8
core   0: 3 0x8000a1b4 (0x000fd463)
core   0: 0x8000a1bc (0x00294263) blt     s2, sp, pc + 4
core   0: 3 0x8000a1bc (0x00294263)
core   0: 0x8000a1c0 (0x0148ce63) blt     a7, s4, pc + 28
core   0: 3 0x8000a1c0 (0x0148ce63)
core   0: 0x8000a1c4 (0x03bf6b33) rem     s6, t5, s11
core   0: 3 0x8000a1c4 (0x03bf6b33) x22 0x0fffbc00
core   0: 0x8000a1c8 (0x007435b3) sltu    a1, s0, t2
core   0: 3 0x8000a1c8 (0x007435b3) x11 0x00000000
core   0: 0x8000a1cc (0x037a26b3) mulhsu  a3, s4, s7
core   0: 3 0x8000a1cc (0x037a26b3) x13 0xfc00244c
core   0: 0x8000a1d0 (0xcb2d6e93) ori     t4, s10, -846
core   0: 3 0x8000a1d0 (0xcb2d6e93) x29 0xfffffdbb
core   0: 0x8000a1d4 (0x03bbd1b3) divu    gp, s7, s11
core   0: 3 0x8000a1d4 (0x03bbd1b3) x3  0xffffffff
core   0: 0x8000a1d8 (0x005fab33) slt     s6, t6, t0
core   0: 3 0x8000a1d8 (0x005fab33) x22 0x00000000
core   0: 0x8000a1dc (0x00008e71) c.and   a2, a2
core   0: 3 0x8000a1dc (0x8e71) x12 0x00000001
core   0: 0x8000a1de (0x00000001) c.nop
core   0: 3 0x8000a1de (0x0001)
core   0: 0x8000a1e0 (0x684fc617) auipc   a2, 0x684fc
core   0: 3 0x8000a1e0 (0x684fc617) x12 0xe85061e0
core   0: 0x8000a1e4 (0x1a308193) addi    gp, ra, 419
core   0: 3 0x8000a1e4 (0x1a308193) x3  0x0a0666a5
core   0: 0x8000a1e8 (0x000b89b3) add     s3, s7, zero
core   0: 3 0x8000a1e8 (0x000b89b3) x19 0x07ffdd4c
core   0: 0x8000a1ec (0x01f95633) srl     a2, s2, t6
core   0: 3 0x8000a1ec (0x01f95633) x12 0x00000000
core   0: 0x8000a1f0 (0x02959933) mulh    s2, a1, s1
core   0: 3 0x8000a1f0 (0x02959933) x18 0x00000000
core   0: 0x8000a1f4 (0x00000001) c.nop
core   0: 3 0x8000a1f4 (0x0001)
core   0: 0x8000a1f6 (0x0000ea19) c.bnez  a2, pc + 22
core   0: 3 0x8000a1f6 (0xea19)
core   0: 0x8000a1f8 (0x012d1433) sll     s0, s10, s2
core   0: 3 0x8000a1f8 (0x012d1433) x8  0x8001a1bb
core   0: 0x8000a1fc (0x019d1e13) slli    t3, s10, 25
core   0: 3 0x8000a1fc (0x019d1e13) x28 0x76000000
core   0: 0x8000a200 (0x0000c211) c.beqz  a2, pc + 4
core   0: 3 0x8000a200 (0xc211)
core   0: 0x8000a204 (0x00008c49) c.or    s0, a0
core   0: 3 0x8000a204 (0x8c49) x8  0x8001a1bb
core   0: 0x8000a206 (0x00008c11) c.sub   s0, a2
core   0: 3 0x8000a206 (0x8c11) x8  0x8001a1bb
core   0: 0x8000a208 (0x02464733) div     a4, a2, tp
core   0: 3 0x8000a208 (0x02464733) x14 0x00000000
core   0: 0x8000a20c (0x0021c563) blt     gp, sp, pc + 10
core   0: 3 0x8000a20c (0x0021c563)
core   0: 0x8000a210 (0x0000e3a1) c.bnez  a5, pc + 64
core   0: 3 0x8000a210 (0xe3a1)
core   0: 0x8000a212 (0x78f6fe13) andi    t3, a3, 1935
core   0: 3 0x8000a212 (0x78f6fe13) x28 0x0000040c
core   0: 0x8000a216 (0x01dfe5b3) or      a1, t6, t4
core   0: 3 0x8000a216 (0x01dfe5b3) x11 0xfffffdbb
core   0: 0x8000a21a (0x4123d833) sra     a6, t2, s2
core   0: 3 0x8000a21a (0x4123d833) x16 0x0000001b
core   0: 0x8000a21e (0x000099fd) c.andi  a1, -1
core   0: 3 0x8000a21e (0x99fd) x11 0xfffffdbb
core   0: 0x8000a220 (0x36a400b7) lui     ra, 0x36a40
core   0: 3 0x8000a220 (0x36a400b7) x1  0x36a40000
core   0: 0x8000a224 (0x03d4cc63) blt     s1, t4, pc + 56
core   0: 3 0x8000a224 (0x03d4cc63)
core   0: 0x8000a228 (0x41125333) sra     t1, tp, a7
core   0: 3 0x8000a228 (0x41125333) x6  0x00000000
core   0: 0x8000a22c (0x000000a5) c.addi  ra, 9
core   0: 3 0x8000a22c (0x00a5) x1  0x36a40009
core   0: 0x8000a22e (0x414ad533) sra     a0, s5, s4
core   0: 3 0x8000a22e (0x414ad533) x10 0xfff80029
core   0: 0x8000a232 (0x0351d6b3) divu    a3, gp, s5
core   0: 3 0x8000a232 (0x0351d6b3) x13 0x00000000
core   0: 0x8000a236 (0x00000001) c.nop
core   0: 3 0x8000a236 (0x0001)
core   0: 0x8000a238 (0x00955863) bge     a0, s1, pc + 16
core   0: 3 0x8000a238 (0x00955863)
core   0: 0x8000a23c (0x409d52b3) sra     t0, s10, s1
core   0: 3 0x8000a23c (0x409d52b3) x5  0xfffe0006
core   0: 0x8000a240 (0x026ddeb3) divu    t4, s11, t1
core   0: 3 0x8000a240 (0x026ddeb3) x29 0xffffffff
core   0: 0x8000a244 (0x0325bd33) mulhu   s10, a1, s2
core   0: 3 0x8000a244 (0x0325bd33) x26 0x00000000
core   0: 0x8000a248 (0x030fcb63) blt     t6, a6, pc + 54
core   0: 3 0x8000a248 (0x030fcb63)
core   0: 0x8000a27e (0x403ad693) srai    a3, s5, 3
core   0: 3 0x8000a27e (0x403ad693) x13 0xf00053a4
core   0: 0x8000a282 (0x03f32e33) mulhsu  t3, t1, t6
core   0: 3 0x8000a282 (0x03f32e33) x28 0x00000000
core   0: 0x8000a286 (0x00000001) c.nop
core   0: 3 0x8000a286 (0x0001)
core   0: 0x8000a288 (0x00405263) bge     zero, tp, pc + 4
core   0: 3 0x8000a288 (0x00405263)
core   0: 0x8000a28c (0x00b18663) beq     gp, a1, pc + 12
core   0: 3 0x8000a28c (0x00b18663)
core   0: 0x8000a290 (0x0000c809) c.beqz  s0, pc + 18
core   0: 3 0x8000a290 (0xc809)
core   0: 0x8000a292 (0x01eade63) bge     s5, t5, pc + 28
core   0: 3 0x8000a292 (0x01eade63)
core   0: 0x8000a296 (0x00008db1) c.xor   a1, a2
core   0: 3 0x8000a296 (0x8db1) x11 0xfffffdbb
core   0: 0x8000a298 (0x403c0433) sub     s0, s8, gp
core   0: 3 0x8000a298 (0x403c0433) x8  0xf5f99929
core   0: 0x8000a29c (0x0149e363) bltu    s3, s4, pc + 6
core   0: 3 0x8000a29c (0x0149e363)
core   0: 0x8000a2a2 (0x000001ca) c.slli  gp, 18
core   0: 3 0x8000a2a2 (0x01ca) x3  0x9a940000
core   0: 0x8000a2a4 (0x51c1ce17) auipc   t3, 0x51c1c
core   0: 3 0x8000a2a4 (0x51c1ce17) x28 0xd1c262a4
core   0: 0x8000a2a8 (0x038c8eb3) mul     t4, s9, s8
core   0: 3 0x8000a2a8 (0x038c8eb3) x29 0x00000032
core   0: 0x8000a2ac (0x00009bfd) c.andi  a5, -1
core   0: 3 0x8000a2ac (0x9bfd) x15 0x00000000
core   0: 0x8000a2ae (0x00008f09) c.sub   a4, a0
core   0: 3 0x8000a2ae (0x8f09) x14 0x0007ffd7
core   0: 0x8000a2b0 (0x862f7d93) andi    s11, t5, -1950
core   0: 3 0x8000a2b0 (0x862f7d93) x27 0x0fffb800
core   0: 0x8000a2b4 (0x012bf933) and     s2, s7, s2
core   0: 3 0x8000a2b4 (0x012bf933) x18 0x00000000
core   0: 0x8000a2b8 (0x00000001) c.nop
core   0: 3 0x8000a2b8 (0x0001)
core   0: 0x8000a2ba (0x00a49033) sll     zero, s1, a0
core   0: 3 0x8000a2ba (0x00a49033)
core   0: 0x8000a2be (0x000006fa) c.slli  a3, 30
core   0: 3 0x8000a2be (0x06fa) x13 0x00000000
core   0: 0x8000a2c0 (0x454488b7) lui     a7, 0x45448
core   0: 3 0x8000a2c0 (0x454488b7) x17 0x45448000
core   0: 0x8000a2c4 (0x00008791) c.srai  a5, 4
core   0: 3 0x8000a2c4 (0x8791) x15 0x00000000
core   0: 0x8000a2c6 (0x00000e1e) c.slli  t3, 7
core   0: 3 0x8000a2c6 (0x0e1e) x28 0xe1315200
core   0: 0x8000a2c8 (0x027c4663) blt     s8, t2, pc + 44
core   0: 3 0x8000a2c8 (0x027c4663)
core   0: 0x8000a2f4 (0x00001ffd) c.addi  t6, -1
core   0: 3 0x8000a2f4 (0x1ffd) x31 0xffffffff
core   0: 0x8000a2f6 (0x01faa633) slt     a2, s5, t6
core   0: 3 0x8000a2f6 (0x01faa633) x12 0x00000001
core   0: 0x8000a2fa (0x000066e5) c.lui   a3, 0x19
core   0: 3 0x8000a2fa (0x66e5) x13 0x00019000
core   0: 0x8000a2fc (0xcd03a793) slti    a5, t2, -816
core   0: 3 0x8000a2fc (0xcd03a793) x15 0x00000000
core   0: 0x8000a300 (0x00000c59) c.addi  s8, 22
core   0: 3 0x8000a300 (0x0c59) x24 0xffffffe4
core   0: 0x8000a302 (0x0000950a) c.add   a0, sp
core   0: 3 0x8000a302 (0x950a) x10 0xf37c2310
core   0: 0x8000a304 (0x00000001) c.nop
core   0: 3 0x8000a304 (0x0001)
core   0: 0x8000a306 (0x00000001) c.nop
core   0: 3 0x8000a306 (0x0001)
core   0: 0x8000a308 (0x0255ce33) div     t3, a1, t0
core   0: 3 0x8000a308 (0x0255ce33) x28 0x00000000
core   0: 0x8000a30c (0x02f9f333) remu    t1, s3, a5
core   0: 3 0x8000a30c (0x02f9f333) x6  0x07ffdd4c
core   0: 0x8000a310 (0x00000001) c.nop
core   0: 3 0x8000a310 (0x0001)
core   0: 0x8000a312 (0x00008e9d) c.sub   a3, a5
core   0: 3 0x8000a312 (0x8e9d) x13 0x00019000
core   0: 0x8000a314 (0x00ba9c13) slli    s8, s5, 11
core   0: 3 0x8000a314 (0x00ba9c13) x24 0x14e92000
core   0: 0x8000a318 (0x00008f21) c.xor   a4, s0
core   0: 3 0x8000a318 (0x8f21) x14 0xf5fe66fe
core   0: 0x8000a31a (0x000081cd) c.srli  a1, 19
core   0: 3 0x8000a31a (0x81cd) x11 0x00001fff
core   0: 0x8000a31c (0x000081fa) c.mv    gp, t5
core   0: 3 0x8000a31c (0x81fa) x3  0x0fffbc00
core   0: 0x8000a31e (0x02569eb3) mulh    t4, a3, t0
core   0: 3 0x8000a31e (0x02569eb3) x29 0xfffffffc
core   0: 0x8000a322 (0x3123a213) slti    tp, t2, 786
core   0: 3 0x8000a322 (0x3123a213) x4  0x00000001
core   0: 0x8000a326 (0x40cbd693) srai    a3, s7, 12
core   0: 3 0x8000a326 (0x40cbd693) x13 0x00007ffd
core   0: 0x8000a32a (0x4093db13) srai    s6, t2, 9
core   0: 3 0x8000a32a (0x4093db13) x22 0x00000000
core   0: 0x8000a32e (0x40f05413) srai    s0, zero, 15
core   0: 3 0x8000a32e (0x40f05413) x8  0x00000000
core   0: 0x8000a332 (0x36022e13) slti    t3, tp, 864
core   0: 3 0x8000a332 (0x36022e13) x28 0x00000001
core   0: 0x8000a336 (0x032bd833) divu    a6, s7, s2
core   0: 3 0x8000a336 (0x032bd833) x16 0xffffffff
core   0: 0x8000a33a (0x0000e895) c.bnez  s1, pc + 52
core   0: 3 0x8000a33a (0xe895)
core   0: 0x8000a36e (0x000a57b3) srl     a5, s4, zero
core   0: 3 0x8000a36e (0x000a57b3) x15 0x80025e4c
core   0: 0x8000a372 (0x400906b3) sub     a3, s2, zero
core   0: 3 0x8000a372 (0x400906b3) x13 0x00000000
core   0: 0x8000a376 (0xdda38493) addi    s1, t2, -550
core   0: 3 0x8000a376 (0xdda38493) x9  0xfffffdf5
core   0: 0x8000a37a (0xbe8e2593) slti    a1, t3, -1048
core   0: 3 0x8000a37a (0xbe8e2593) x11 0x00000000
core   0: 0x8000a37e (0xc04b7413) andi    s0, s6, -1020
core   0: 3 0x8000a37e (0xc04b7413) x8  0x00000000
core   0: 0x8000a382 (0x00008fcd) c.or    a5, a1
core   0: 3 0x8000a382 (0x8fcd) x15 0x80025e4c
core   0: 0x8000a384 (0x00008761) c.srai  a4, 24
core   0: 3 0x8000a384 (0x8761) x14 0xfffffff5
core   0: 0x8000a386 (0x00b06933) or      s2, zero, a1
core   0: 3 0x8000a386 (0x00b06933) x18 0x00000000
core   0: 0x8000a38a (0x0000eb01) c.bnez  a4, pc + 16
core   0: 3 0x8000a38a (0xeb01)
core   0: 0x8000a39a (0x402eddb3) sra     s11, t4, sp
core   0: 3 0x8000a39a (0x402eddb3) x27 0xffffffff
core   0: 0x8000a39e (0x01b19263) bne     gp, s11, pc + 4
core   0: 3 0x8000a39e (0x01b19263)
core   0: 0x8000a3a2 (0x02a906b3) mul     a3, s2, a0
core   0: 3 0x8000a3a2 (0x02a906b3) x13 0x00000000
core   0: 0x8000a3a6 (0x99668e97) auipc   t4, 0x99668
core   0: 3 0x8000a3a6 (0x99668e97) x29 0x196723a6
core   0: 0x8000a3aa (0x00dde433) or      s0, s11, a3
core   0: 3 0x8000a3aa (0x00dde433) x8  0xffffffff
core   0: 0x8000a3ae (0x03a5f833) remu    a6, a1, s10
core   0: 3 0x8000a3ae (0x03a5f833) x16 0x00000000
core   0: 0x8000a3b2 (0x0000c029) c.beqz  s0, pc + 66
core   0: 3 0x8000a3b2 (0xc029)
core   0: 0x8000a3b4 (0x01f70233) add     tp, a4, t6
core   0: 3 0x8000a3b4 (0x01f70233) x4  0xfffffff4
core   0: 0x8000a3b8 (0x00009b7d) c.andi  a4, -1
core   0: 3 0x8000a3b8 (0x9b7d) x14 0xfffffff5
core   0: 0x8000a3ba (0x00ba5a63) bge     s4, a1, pc + 20
core   0: 3 0x8000a3ba (0x00ba5a63)
core   0: 0x8000a3be (0x001e6e33) or      t3, t3, ra
core   0: 3 0x8000a3be (0x001e6e33) x28 0x36a40009
core   0: 0x8000a3c2 (0x023d1f33) mulh    t5, s10, gp
core   0: 3 0x8000a3c2 (0x023d1f33) x30 0x00000000
core   0: 0x8000a3c6 (0x21627193) andi    gp, tp, 534
core   0: 3 0x8000a3c6 (0x21627193) x3  0x00000214
core   0: 0x8000a3ca (0x0000e10d) c.bnez  a0, pc + 34
core   0: 3 0x8000a3ca (0xe10d)
core   0: 0x8000a3ec (0x00b71933) sll     s2, a4, a1
core   0: 3 0x8000a3ec (0x00b71933) x18 0xfffffff5
core   0: 0x8000a3f0 (0x012279b3) and     s3, tp, s2
core   0: 3 0x8000a3f0 (0x012279b3) x19 0xfffffff4
core   0: 0x8000a3f4 (0x0367bdb3) mulhu   s11, a5, s6
core   0: 3 0x8000a3f4 (0x0367bdb3) x27 0x00000000
core   0: 0x8000a3f8 (0x41a3d593) srai    a1, t2, 26
core   0: 3 0x8000a3f8 (0x41a3d593) x11 0x00000000
core   0: 0x8000a3fc (0x005fb0b3) sltu    ra, t6, t0
core   0: 3 0x8000a3fc (0x005fb0b3) x1  0x00000000
core   0: 0x8000a400 (0x00614933) xor     s2, sp, t1
core   0: 3 0x8000a400 (0x00614933) x18 0xf47bffab
core   0: 0x8000a404 (0x02a85f33) divu    t5, a6, a0
core   0: 3 0x8000a404 (0x02a85f33) x30 0x00000000
core   0: 0x8000a408 (0x013100b3) add     ra, sp, s3
core   0: 3 0x8000a408 (0x013100b3) x1  0xf38422db
core   0: 0x8000a40c (0x03519a63) bne     gp, s5, pc + 52
core   0: 3 0x8000a40c (0x03519a63)
core   0: 0x8000a440 (0x00ced613) srli    a2, t4, 12
core   0: 3 0x8000a440 (0x00ced613) x12 0x00019672
core   0: 0x8000a444 (0x00008539) c.srai  a0, 14
core   0: 3 0x8000a444 (0x8539) x10 0xffffcdf0
core   0: 0x8000a446 (0x0108ce63) blt     a7, a6, pc + 28
core   0: 3 0x8000a446 (0x0108ce63)
core   0: 0x8000a44a (0x03cafe33) remu    t3, s5, t3
core   0: 3 0x8000a44a (0x03cafe33) x28 0x12ba9d12
core   0: 0x8000a44e (0x02a6df63) bge     a3, a0, pc + 62
core   0: 3 0x8000a44e (0x02a6df63)
core   0: 0x8000a48c (0xe6ab4eb7) lui     t4, 0xe6ab4
core   0: 3 0x8000a48c (0xe6ab4eb7) x29 0xe6ab4000
core   0: 0x8000a490 (0x00000499) c.addi  s1, 6
core   0: 3 0x8000a490 (0x0499) x9  0xfffffdfb
core   0: 0x8000a492 (0x00fc4b63) blt     s8, a5, pc + 22
core   0: 3 0x8000a492 (0x00fc4b63)
core   0: 0x8000a496 (0xe1762293) slti    t0, a2, -489
core   0: 3 0x8000a496 (0xe1762293) x5  0x00000000
core   0: 0x8000a49a (0x00861193) slli    gp, a2, 8
core   0: 3 0x8000a49a (0x00861193) x3  0x01967200
core   0: 0x8000a49e (0x035c3c33) mulhu   s8, s8, s5
core   0: 3 0x8000a49e (0x035c3c33) x24 0x0a74c6a8
core   0: 0x8000a4a2 (0x008dd363) bge     s11, s0, pc + 6
core   0: 3 0x8000a4a2 (0x008dd363)
core   0: 0x8000a4a8 (0x2df53413) sltiu   s0, a0, 735
core   0: 3 0x8000a4a8 (0x2df53413) x8  0x00000000
core   0: 0x8000a4ac (0x004a2303) lw      t1, 4(s4)
core   0: 3 0x8000a4ac (0x004a2303) x6  0x80007b04 mem 0x80025e50
core   0: 0x8000a4b0 (0x00008655) c.srai  a2, 21
core   0: 3 0x8000a4b0 (0x8655) x12 0x00000000
core   0: 0x8000a4b2 (0x0096d233) srl     tp, a3, s1
core   0: 3 0x8000a4b2 (0x0096d233) x4  0x00000000
core   0: 0x8000a4b6 (0x7c75e013) ori     zero, a1, 1991
core   0: 3 0x8000a4b6 (0x7c75e013)
core   0: 0x8000a4ba (0x000081c5) c.srli  a1, 17
core   0: 3 0x8000a4ba (0x81c5) x11 0x00000000
core   0: 0x8000a4bc (0x028343b3) div     t2, t1, s0
core   0: 3 0x8000a4bc (0x028343b3) x7  0xffffffff
core   0: 0x8000a4c0 (0x024a0a13) addi    s4, s4, 36
core   0: 3 0x8000a4c0 (0x024a0a13) x20 0x80025e70
core   0: 0x8000a4c4 (0x00008e0d) c.sub   a2, a1
core   0: 3 0x8000a4c4 (0x8e0d) x12 0x00000000
core   0: 0x8000a4c6 (0x00130213) addi    tp, t1, 1
core   0: 3 0x8000a4c6 (0x00130213) x4  0x80007b05
core   0: 0x8000a4ca (0x00020267) jalr    tp, tp, 0
core   0: 3 0x8000a4ca (0x00020267) x4  0x8000a4ce
core   0: 0x80007b04 (0x00008e0d) c.sub   a2, a1
core   0: 3 0x80007b04 (0x8e0d) x12 0x00000000
core   0: 0x80007b06 (0x000080e9) c.srli  s1, 26
core   0: 3 0x80007b06 (0x80e9) x9  0x0000003f
core   0: 0x80007b08 (0x00000001) c.nop
core   0: 3 0x80007b08 (0x0001)
core   0: 0x80007b0a (0x000084e5) c.srai  s1, 25
core   0: 3 0x80007b0a (0x84e5) x9  0x00000000
core   0: 0x80007b0c (0x00008c49) c.or    s0, a0
core   0: 3 0x80007b0c (0x8c49) x8  0xffffcdf0
core   0: 0x80007b0e (0x00fde463) bltu    s11, a5, pc + 8
core   0: 3 0x80007b0e (0x00fde463)
core   0: 0x80007b16 (0x01835d33) srl     s10, t1, s8
core   0: 3 0x80007b16 (0x01835d33) x26 0x0080007b
core   0: 0x80007b1a (0x00008fdd) c.or    a5, a5
core   0: 3 0x80007b1a (0x8fdd) x15 0x80025e4c
core   0: 0x80007b1c (0x017cdf63) bge     s9, s7, pc + 30
core   0: 3 0x80007b1c (0x017cdf63)
core   0: 0x80007b20 (0x00008055) c.srli  s0, 21
core   0: 3 0x80007b20 (0x8055) x8  0x000007ff
core   0: 0x80007b22 (0xb17f3b13) sltiu   s6, t5, -1257
core   0: 3 0x80007b22 (0xb17f3b13) x22 0x00000001
core   0: 0x80007b26 (0x008495b3) sll     a1, s1, s0
core   0: 3 0x80007b26 (0x008495b3) x11 0x00000000
core   0: 0x80007b2a (0x01ddd263) bge     s11, t4, pc + 4
core   0: 3 0x80007b2a (0x01ddd263)
core   0: 0x80007b2e (0x02420c33) mul     s8, tp, tp
core   0: 3 0x80007b2e (0x02420c33) x24 0x6a1895c4
core   0: 0x80007b32 (0x4023d913) srai    s2, t2, 2
core   0: 3 0x80007b32 (0x4023d913) x18 0xffffffff
core   0: 0x80007b36 (0xead72313) slti    t1, a4, -339
core   0: 3 0x80007b36 (0xead72313) x6  0x00000000
core   0: 0x80007b3a (0x01b35863) bge     t1, s11, pc + 16
core   0: 3 0x80007b3a (0x01b35863)
core   0: 0x80007b4a (0x000086d5) c.srai  a3, 21
core   0: 3 0x80007b4a (0x86d5) x13 0x00000000
core   0: 0x80007b4c (0xfef3fbb7) lui     s7, 0xfef3f
core   0: 3 0x80007b4c (0xfef3fbb7) x23 0xfef3f000
core   0: 0x80007b50 (0x01b47eb3) and     t4, s0, s11
core   0: 3 0x80007b50 (0x01b47eb3) x29 0x00000000
core   0: 0x80007b54 (0x000060a9) c.lui   ra, 0xa
core   0: 3 0x80007b54 (0x60a9) x1  0x0000a000
core   0: 0x80007b56 (0x02df48b3) div     a7, t5, a3
core   0: 3 0x80007b56 (0x02df48b3) x17 0xffffffff
core   0: 0x80007b5a (0x00008cc5) c.or    s1, s1
core   0: 3 0x80007b5a (0x8cc5) x9  0x00000000
core   0: 0x80007b5c (0x412181b3) sub     gp, gp, s2
core   0: 3 0x80007b5c (0x412181b3) x3  0x01967201
core   0: 0x80007b60 (0x00006509) c.lui   a0, 0x2
core   0: 3 0x80007b60 (0x6509) x10 0x00002000
core   0: 0x80007b62 (0x03e506b3) mul     a3, a0, t5
core   0: 3 0x80007b62 (0x03e506b3) x13 0x00000000
core   0: 0x80007b66 (0x03cdd663) bge     s11, t3, pc + 44
core   0: 3 0x80007b66 (0x03cdd663)
core   0: 0x80007b6a (0x00008272) c.mv    tp, t3
core   0: 3 0x80007b6a (0x8272) x4  0x12ba9d12
core   0: 0x80007b6c (0x02d2f633) remu    a2, t0, a3
core   0: 3 0x80007b6c (0x02d2f633) x12 0x00000000
core   0: 0x80007b70 (0x00000001) c.nop
core   0: 3 0x80007b70 (0x0001)
core   0: 0x80007b72 (0x00008cc5) c.or    s1, s1
core   0: 3 0x80007b72 (0x8cc5) x9  0x00000000
core   0: 0x80007b74 (0x000062e9) c.lui   t0, 0x1a
core   0: 3 0x80007b74 (0x62e9) x5  0x0001a000
core   0: 0x80007b76 (0x000055fd) c.li    a1, -1
core   0: 3 0x80007b76 (0x55fd) x11 0xffffffff
core   0: 0x80007b78 (0x00000001) c.nop
core   0: 3 0x80007b78 (0x0001)
core   0: 0x80007b7a (0x00000001) c.nop
core   0: 3 0x80007b7a (0x0001)
core   0: 0x80007b7c (0x038bebb3) rem     s7, s7, s8
core   0: 3 0x80007b7c (0x038bebb3) x23 0xfef3f000
core   0: 0x80007b80 (0x18dac093) xori    ra, s5, 397
core   0: 3 0x80007b80 (0x18dac093) x1  0x80029ca9
core   0: 0x80007b84 (0x0000c699) c.beqz  a3, pc + 14
core   0: 3 0x80007b84 (0xc699)
core   0: 0x80007b92 (0x007ae6b3) or      a3, s5, t2
core   0: 3 0x80007b92 (0x007ae6b3) x13 0xffffffff
core   0: 0x80007b96 (0x00a09213) slli    tp, ra, 10
core   0: 3 0x80007b96 (0x00a09213) x4  0x0a72a400
core   0: 0x80007b9a (0x004a2303) lw      t1, 4(s4)
core   0: 3 0x80007b9a (0x004a2303) x6  0x800030e0 mem 0x80025e74
core   0: 0x80007b9e (0x014247b3) xor     a5, tp, s4
core   0: 3 0x80007b9e (0x014247b3) x15 0x8a70fa70
core   0: 0x80007ba2 (0x000084c1) c.srai  s1, 16
core   0: 3 0x80007ba2 (0x84c1) x9  0x00000000
core   0: 0x80007ba4 (0x008bd813) srli    a6, s7, 8
core   0: 3 0x80007ba4 (0x008bd813) x16 0x00fef3f0
core   0: 0x80007ba8 (0x022f3fb3) mulhu   t6, t5, sp
core   0: 3 0x80007ba8 (0x022f3fb3) x31 0x00000000
core   0: 0x80007bac (0x00000001) c.nop
core   0: 3 0x80007bac (0x0001)
core   0: 0x80007bae (0x034a0a13) addi    s4, s4, 52
core   0: 3 0x80007bae (0x034a0a13) x20 0x80025ea4
core   0: 0x80007bb2 (0x001521b3) slt     gp, a0, ra
core   0: 3 0x80007bb2 (0x001521b3) x3  0x00000000
core   0: 0x80007bb6 (0x0356c2b3) div     t0, a3, s5
core   0: 3 0x80007bb6 (0x0356c2b3) x5  0x00000000
core   0: 0x80007bba (0x00030f93) mv      t6, t1
core   0: 3 0x80007bba (0x00030f93) x31 0x800030e0
core   0: 0x80007bbe (0x00008f82) c.jr    t6
core   0: 3 0x80007bbe (0x8f82)
core   0: 0x800030e0 (0x00000001) c.nop
core   0: 3 0x800030e0 (0x0001)
core   0: 0x800030e2 (0x01770363) beq     a4, s7, pc + 6
core   0: 3 0x800030e2 (0x01770363)
core   0: 0x800030e6 (0x00008191) c.srli  a1, 4
core   0: 3 0x800030e6 (0x8191) x11 0x0fffffff
core   0: 0x800030e8 (0x035012b3) mulh    t0, zero, s5
core   0: 3 0x800030e8 (0x035012b3) x5  0x00000000
core   0: 0x800030ec (0xb2760093) addi    ra, a2, -1241
core   0: 3 0x800030ec (0xb2760093) x1  0xfffffb27
core   0: 0x800030f0 (0x008b52b3) srl     t0, s6, s0
core   0: 3 0x800030f0 (0x008b52b3) x5  0x00000000
core   0: 0x800030f4 (0x00000001) c.nop
core   0: 3 0x800030f4 (0x0001)
core   0: 0x800030f6 (0x409cde33) sra     t3, s9, s1
core   0: 3 0x800030f6 (0x409cde33) x28 0xffffffff
core   0: 0x800030fa (0x00006c1d) c.lui   s8, 0x7
core   0: 3 0x800030fa (0x6c1d) x24 0x00007000
core   0: 0x800030fc (0x00008c75) c.and   s0, a3
core   0: 3 0x800030fc (0x8c75) x8  0x000007ff
core   0: 0x800030fe (0x00004745) c.li    a4, 17
core   0: 3 0x800030fe (0x4745) x14 0x00000011
core   0: 0x80003100 (0x00f4dc33) srl     s8, s1, a5
core   0: 3 0x80003100 (0x00f4dc33) x24 0x00000000
core   0: 0x80003104 (0x00000001) c.nop
core   0: 3 0x80003104 (0x0001)
core   0: 0x80003106 (0x00d818b3) sll     a7, a6, a3
core   0: 3 0x80003106 (0x00d818b3) x17 0x00000000
core   0: 0x8000310a (0x0335ed33) rem     s10, a1, s3
core   0: 3 0x8000310a (0x0335ed33) x26 0x00000003
core   0: 0x8000310e (0x0000ca15) c.beqz  a2, pc + 52
core   0: 3 0x8000310e (0xca15)
core   0: 0x80003142 (0x000081c1) c.srli  a1, 16
core   0: 3 0x80003142 (0x81c1) x11 0x00000fff
core   0: 0x80003144 (0x01d109b3) add     s3, sp, t4
core   0: 3 0x80003144 (0x01d109b3) x19 0xf38422e7
core   0: 0x80003148 (0x00008a81) c.andi  a3, 0
core   0: 3 0x80003148 (0x8a81) x13 0x00000000
core   0: 0x8000314a (0x00bb3fb3) sltu    t6, s6, a1
core   0: 3 0x8000314a (0x00bb3fb3) x31 0x00000001
core   0: 0x8000314e (0x000089e2) c.mv    s3, s8
core   0: 3 0x8000314e (0x89e2) x19 0x00000000
core   0: 0x80003150 (0x37f77c13) andi    s8, a4, 895
core   0: 3 0x80003150 (0x37f77c13) x24 0x00000011
core   0: 0x80003154 (0x032715b3) mulh    a1, a4, s2
core   0: 3 0x80003154 (0x032715b3) x11 0xffffffff
core   0: 0x80003158 (0x00004ee9) c.li    t4, 26
core   0: 3 0x80003158 (0x4ee9) x29 0x0000001a
core   0: 0x8000315a (0x02632433) mulhsu  s0, t1, t1
core   0: 3 0x8000315a (0x02632433) x8  0xc0000000
core   0: 0x8000315e (0x00006285) c.lui   t0, 0x1
core   0: 3 0x8000315e (0x6285) x5  0x00001000
core   0: 0x80003160 (0x03809563) bne     ra, s8, pc + 42
core   0: 3 0x80003160 (0x03809563)
core   0: 0x8000318a (0x00008f8d) c.sub   a5, a1
core   0: 3 0x8000318a (0x8f8d) x15 0x8a70fa71
core   0: 0x8000318c (0xb75ee513) ori     a0, t4, -1163
core   0: 3 0x8000318c (0xb75ee513) x10 0xfffffb7f
core   0: 0x80003190 (0x00006541) c.lui   a0, 0x10
core   0: 3 0x80003190 (0x6541) x10 0x00010000
core   0: 0x80003192 (0xc9360313) addi    t1, a2, -877
core   0: 3 0x80003192 (0xc9360313) x6  0xfffffc93
core   0: 0x80003196 (0x0000649d) c.lui   s1, 0x7
core   0: 3 0x80003196 (0x649d) x9  0x00007000
core   0: 0x80003198 (0x00008cb1) c.xor   s1, a2
core   0: 3 0x80003198 (0x8cb1) x9  0x00007000
core   0: 0x8000319a (0x00008ff1) c.and   a5, a2
core   0: 3 0x8000319a (0x8ff1) x15 0x00000000
core   0: 0x8000319c (0x021e38b3) mulhu   a7, t3, ra
core   0: 3 0x8000319c (0x021e38b3) x17 0xfffffb26
core   0: 0x800031a0 (0x0000c10d) c.beqz  a0, pc + 34
core   0: 3 0x800031a0 (0xc10d)
core   0: 0x800031a2 (0x01f76b63) bltu    a4, t6, pc + 22
core   0: 3 0x800031a2 (0x01f76b63)
core   0: 0x800031a6 (0x02ee0333) mul     t1, t3, a4
core   0: 3 0x800031a6 (0x02ee0333) x6  0xffffffef
core   0: 0x800031aa (0x02afb3b3) mulhu   t2, t6, a0
core   0: 3 0x800031aa (0x02afb3b3) x7  0x00000000
core   0: 0x800031ae (0x00008c51) c.or    s0, a2
core   0: 3 0x800031ae (0x8c51) x8  0xc0000000
core   0: 0x800031b0 (0x00dedb13) srli    s6, t4, 13
core   0: 3 0x800031b0 (0x00dedb13) x22 0x00000000
core   0: 0x800031b4 (0x00008a6d) c.andi  a2, 27
core   0: 3 0x800031b4 (0x8a6d) x12 0x00000000
core   0: 0x800031b6 (0x00008e4d) c.or    a2, a1
core   0: 3 0x800031b6 (0x8e4d) x12 0xffffffff
core   0: 0x800031b8 (0xb2dc0713) addi    a4, s8, -1235
core   0: 3 0x800031b8 (0xb2dc0713) x14 0xfffffb3e
core   0: 0x800031bc (0x0000587d) c.li    a6, -1
core   0: 3 0x800031bc (0x587d) x16 0xffffffff
core   0: 0x800031be (0x9d7e63b7) lui     t2, 0x9d7e6
core   0: 3 0x800031be (0x9d7e63b7) x7  0x9d7e6000
core   0: 0x800031c2 (0x74962597) auipc   a1, 0x74962
core   0: 3 0x800031c2 (0x74962597) x11 0xf49651c2
core   0: 0x800031c6 (0x00eacb33) xor     s6, s5, a4
core   0: 3 0x800031c6 (0x00eacb33) x22 0x7ffd661a
core   0: 0x800031ca (0x05370063) beq     a4, s3, pc + 64
core   0: 3 0x800031ca (0x05370063)
core   0: 0x800031ce (0x00d8deb3) srl     t4, a7, a3
core   0: 3 0x800031ce (0x00d8deb3) x29 0xfffffb26
core   0: 0x800031d2 (0xe6ebee93) ori     t4, s7, -402
core   0: 3 0x800031d2 (0xe6ebee93) x29 0xfffffe6e
core   0: 0x800031d6 (0x00005bfd) c.li    s7, -1
core   0: 3 0x800031d6 (0x5bfd) x23 0xffffffff
core   0: 0x800031d8 (0x037fb6b3) mulhu   a3, t6, s7
core   0: 3 0x800031d8 (0x037fb6b3) x13 0x00000000
core   0: 0x800031dc (0x006b15b3) sll     a1, s6, t1
core   0: 3 0x800031dc (0x006b15b3) x11 0xb30d0000
core   0: 0x800031e0 (0x029eb7b3) mulhu   a5, t4, s1
core   0: 3 0x800031e0 (0x029eb7b3) x15 0x00006fff
core   0: 0x800031e4 (0x0232ce63) blt     t0, gp, pc + 60
core   0: 3 0x800031e4 (0x0232ce63)
core   0: 0x800031e8 (0x0000ef19) c.bnez  a4, pc + 30
core   0: 3 0x800031e8 (0xef19)
core   0: 0x80003206 (0x00376d63) bltu    a4, gp, pc + 26
core   0: 3 0x80003206 (0x00376d63)
core   0: 0x8000320a (0x00a11613) slli    a2, sp, 10
core   0: 3 0x8000320a (0x00a11613) x12 0x108b9c00
core   0: 0x8000320e (0x000082ee) c.mv    t0, s11
core   0: 3 0x8000320e (0x82ee) x5  0x00000000
core   0: 0x80003210 (0x00008d59) c.or    a0, a4
core   0: 3 0x80003210 (0x8d59) x10 0xfffffb3e
core   0: 0x80003212 (0x0000c231) c.beqz  a2, pc + 68
core   0: 3 0x80003212 (0xc231)
core   0: 0x80003214 (0x02c328b3) mulhsu  a7, t1, a2
core   0: 3 0x80003214 (0x02c328b3) x17 0xfffffffe
core   0: 0x80003218 (0x001bf1b3) and     gp, s7, ra
core   0: 3 0x80003218 (0x001bf1b3) x3  0xfffffb27
core   0: 0x8000321c (0x012ac033) xor     zero, s5, s2
core   0: 3 0x8000321c (0x012ac033)
core   0: 0x80003220 (0x00a7ab33) slt     s6, a5, a0
core   0: 3 0x80003220 (0x00a7ab33) x22 0x00000000
core   0: 0x80003224 (0x00008fa1) c.xor   a5, s0
core   0: 3 0x80003224 (0x8fa1) x15 0xc0006fff
core   0: 0x80003226 (0x03819eb3) mulh    t4, gp, s8
core   0: 3 0x80003226 (0x03819eb3) x29 0xffffffff
core   0: 0x8000322a (0x2ce02013) slti    zero, zero, 718
core   0: 3 0x8000322a (0x2ce02013)
core   0: 0x8000322e (0x023cf933) remu    s2, s9, gp
core   0: 3 0x8000322e (0x023cf933) x18 0x000004d8
core   0: 0x80003232 (0x00000001) c.nop
core   0: 3 0x80003232 (0x0001)
core   0: 0x80003234 (0x482b0e93) addi    t4, s6, 1154
core   0: 3 0x80003234 (0x482b0e93) x29 0x00000482
core   0: 0x80003238 (0x74e4bb93) sltiu   s7, s1, 1870
core   0: 3 0x80003238 (0x74e4bb93) x23 0x00000000
core   0: 0x8000323c (0xb28cf293) andi    t0, s9, -1240
core   0: 3 0x8000323c (0xb28cf293) x5  0xfffffb28
core   0: 0x80003240 (0x00000c52) c.slli  s8, 20
core   0: 3 0x80003240 (0x0c52) x24 0x01100000
core   0: 0x80003242 (0xedcc3413) sltiu   s0, s8, -292
core   0: 3 0x80003242 (0xedcc3413) x8  0x00000001
core   0: 0x80003246 (0x5a304b13) xori    s6, zero, 1443
core   0: 3 0x80003246 (0x5a304b13) x22 0x000005a3
core   0: 0x8000324a (0x5e477013) andi    zero, a4, 1508
core   0: 3 0x8000324a (0x5e477013)
core   0: 0x8000324e (0x07d97c93) andi    s9, s2, 125
core   0: 3 0x8000324e (0x07d97c93) x25 0x00000058
core   0: 0x80003252 (0x019ca333) slt     t1, s9, s9
core   0: 3 0x80003252 (0x019ca333) x6  0x00000000
core   0: 0x80003256 (0x001d7463) bgeu    s10, ra, pc + 8
core   0: 3 0x80003256 (0x001d7463)
core   0: 0x8000325a (0x00008df1) c.and   a1, a2
core   0: 3 0x8000325a (0x8df1) x11 0x10090000
core   0: 0x8000325c (0x000086c5) c.srai  a3, 17
core   0: 3 0x8000325c (0x86c5) x13 0x00000000
core   0: 0x8000325e (0x0000664d) c.lui   a2, 0x13
core   0: 3 0x8000325e (0x664d) x12 0x00013000
core   0: 0x80003260 (0x8ffeee13) ori     t3, t4, -1793
core   0: 3 0x80003260 (0x8ffeee13) x28 0xfffffcff
core   0: 0x80003264 (0xed8ea193) slti    gp, t4, -296
core   0: 3 0x80003264 (0xed8ea193) x3  0x00000000
core   0: 0x80003268 (0x00000b51) c.addi  s6, 20
core   0: 3 0x80003268 (0x0b51) x22 0x000005b7
core   0: 0x8000326a (0x01a569b3) or      s3, a0, s10
core   0: 3 0x8000326a (0x01a569b3) x19 0xfffffb3f
core   0: 0x8000326e (0x00008ca5) c.xor   s1, s1
core   0: 3 0x8000326e (0x8ca5) x9  0x00000000
core   0: 0x80003270 (0x00006c3d) c.lui   s8, 0xf
core   0: 3 0x80003270 (0x6c3d) x24 0x0000f000
core   0: 0x80003272 (0x03fd3533) mulhu   a0, s10, t6
core   0: 3 0x80003272 (0x03fd3533) x10 0x00000000
core   0: 0x80003276 (0x00008e56) c.mv    t3, s5
core   0: 3 0x80003276 (0x8e56) x28 0x80029d24
core   0: 0x80003278 (0x00008f31) c.xor   a4, a2
core   0: 3 0x80003278 (0x8f31) x14 0xfffecb3e
core   0: 0x8000327a (0xcff77f97) auipc   t6, 0xcff77
core   0: 3 0x8000327a (0xcff77f97) x31 0x4ff7a27a
core   0: 0x8000327e (0x00000001) c.nop
core   0: 3 0x8000327e (0x0001)
core   0: 0x80003280 (0x0000c111) c.beqz  a0, pc + 4
core   0: 3 0x80003280 (0xc111)
core   0: 0x80003284 (0x00213b33) sltu    s6, sp, sp
core   0: 3 0x80003284 (0x00213b33) x22 0x00000000
core   0: 0x80003288 (0x01c95933) srl     s2, s2, t3
core   0: 3 0x80003288 (0x01c95933) x18 0x0000004d
core   0: 0x8000328c (0x010784b3) add     s1, a5, a6
core   0: 3 0x8000328c (0x010784b3) x9  0xc0006ffe
core   0: 0x80003290 (0x00000001) c.nop
core   0: 3 0x80003290 (0x0001)
core   0: 0x80003292 (0x007efb63) bgeu    t4, t2, pc + 22
core   0: 3 0x80003292 (0x007efb63)
core   0: 0x80003296 (0x40c20db3) sub     s11, tp, a2
core   0: 3 0x80003296 (0x40c20db3) x27 0x0a717400
core   0: 0x8000329a (0x0000e085) c.bnez  s1, pc + 32
core   0: 3 0x8000329a (0xe085)
core   0: 0x800032ba (0x0300e063) bltu    ra, a6, pc + 32
core   0: 3 0x800032ba (0x0300e063)
core   0: 0x800032da (0x01b361b3) or      gp, t1, s11
core   0: 3 0x800032da (0x01b361b3) x3  0x0a717400
core   0: 0x800032de (0x00008cad) c.xor   s1, a1
core   0: 3 0x800032de (0x8cad) x9  0xd0096ffe
core   0: 0x800032e0 (0x00008d11) c.sub   a0, a2
core   0: 3 0x800032e0 (0x8d11) x10 0xfffed000
core   0: 0x800032e2 (0x41800433) sub     s0, zero, s8
core   0: 3 0x800032e2 (0x41800433) x8  0xffff1000
core   0: 0x800032e6 (0x0017a3b3) slt     t2, a5, ra
core   0: 3 0x800032e6 (0x0017a3b3) x7  0x00000001
core   0: 0x800032ea (0x016805b3) add     a1, a6, s6
core   0: 3 0x800032ea (0x016805b3) x11 0xffffffff
core   0: 0x800032ee (0x02913eb3) mulhu   t4, sp, s1
core   0: 3 0x800032ee (0x02913eb3) x29 0xc5e45688
core   0: 0x800032f2 (0x0019c663) blt     s3, ra, pc + 12
core   0: 3 0x800032f2 (0x0019c663)
core   0: 0x800032f6 (0x00bf01b3) add     gp, t5, a1
core   0: 3 0x800032f6 (0x00bf01b3) x3  0xffffffff
core   0: 0x800032fa (0x02735b33) divu    s6, t1, t2
core   0: 3 0x800032fa (0x02735b33) x22 0x00000000
core   0: 0x800032fe (0x02f2e4b3) rem     s1, t0, a5
core   0: 3 0x800032fe (0x02f2e4b3) x9  0xfffffb28
core   0: 0x80003302 (0x01cc5033) srl     zero, s8, t3
core   0: 3 0x80003302 (0x01cc5033)
core   0: 0x80003306 (0x00004ef5) c.li    t4, 29
core   0: 3 0x80003306 (0x4ef5) x29 0x0000001d
core   0: 0x80003308 (0x0a077693) andi    a3, a4, 160
core   0: 3 0x80003308 (0x0a077693) x13 0x00000020
core   0: 0x8000330c (0x2c9d9c17) auipc   s8, 0x2c9d9
core   0: 3 0x8000330c (0x2c9d9c17) x24 0xac9dc30c
core   0: 0x80003310 (0xfb87cd93) xori    s11, a5, -72
core   0: 3 0x80003310 (0xfb87cd93) x27 0x3fff9047
core   0: 0x80003314 (0x00008f69) c.and   a4, a0
core   0: 3 0x80003314 (0x8f69) x14 0xfffec000
core   0: 0x80003316 (0x00be9213) slli    tp, t4, 11
core   0: 3 0x80003316 (0x00be9213) x4  0x0000e800
core   0: 0x8000331a (0x02a44963) blt     s0, a0, pc + 50
core   0: 3 0x8000331a (0x02a44963)
core   0: 0x8000331e (0x03b26eb3) rem     t4, tp, s11
core   0: 3 0x8000331e (0x03b26eb3) x29 0x0000e800
core   0: 0x80003322 (0x41150b33) sub     s6, a0, a7
core   0: 3 0x80003322 (0x41150b33) x22 0xfffed002
core   0: 0x80003326 (0x01963033) sltu    zero, a2, s9
core   0: 3 0x80003326 (0x01963033)
core   0: 0x8000332a (0x000095c6) c.add   a1, a7
core   0: 3 0x8000332a (0x95c6) x11 0xfffffffd
core   0: 0x8000332c (0x0000c115) c.beqz  a0, pc + 36
core   0: 3 0x8000332c (0xc115)
core   0: 0x8000332e (0x039eb533) mulhu   a0, t4, s9
core   0: 3 0x8000332e (0x039eb533) x10 0x00000000
core   0: 0x80003332 (0x40a5d913) srai    s2, a1, 10
core   0: 3 0x80003332 (0x40a5d913) x18 0xffffffff
core   0: 0x80003336 (0x000080d5) c.srli  s1, 21
core   0: 3 0x80003336 (0x80d5) x9  0x000007ff
core   0: 0x80003338 (0x038f4b63) blt     t5, s8, pc + 54
core   0: 3 0x80003338 (0x038f4b63)
core   0: 0x8000333c (0x0062c733) xor     a4, t0, t1
core   0: 3 0x8000333c (0x0062c733) x14 0xfffffb28
core   0: 0x80003340 (0x91d76f93) ori     t6, a4, -1763
core   0: 3 0x80003340 (0x91d76f93) x31 0xfffffb3d
core   0: 0x80003344 (0x009ea533) slt     a0, t4, s1
core   0: 3 0x80003344 (0x009ea533) x10 0x00000000
core   0: 0x80003348 (0x02e61c33) mulh    s8, a2, a4
core   0: 3 0x80003348 (0x02e61c33) x24 0xffffffff
core   0: 0x8000334c (0x0036ceb3) xor     t4, a3, gp
core   0: 3 0x8000334c (0x0036ceb3) x29 0xffffffdf
core   0: 0x80003350 (0x000065b9) c.lui   a1, 0xe
core   0: 3 0x80003350 (0x65b9) x11 0x0000e000
core   0: 0x80003352 (0x0265ec33) rem     s8, a1, t1
core   0: 3 0x80003352 (0x0265ec33) x24 0x0000e000
core   0: 0x80003356 (0x005c0933) add     s2, s8, t0
core   0: 3 0x80003356 (0x005c0933) x18 0x0000db28
core   0: 0x8000335a (0x41710833) sub     a6, sp, s7
core   0: 3 0x8000335a (0x41710833) x16 0xf38422e7
core   0: 0x8000335e (0x03211e63) bne     sp, s2, pc + 60
core   0: 3 0x8000335e (0x03211e63)
core   0: 0x8000339a (0x039a67b3) rem     a5, s4, s9
core   0: 3 0x8000339a (0x039a67b3) x15 0xffffffd4
core   0: 0x8000339e (0xae71cb93) xori    s7, gp, -1305
core   0: 3 0x8000339e (0xae71cb93) x23 0x00000518
core   0: 0x800033a2 (0x00000001) c.nop
core   0: 3 0x800033a2 (0x0001)
core   0: 0x800033a4 (0x00008c99) c.sub   s1, a4
core   0: 3 0x800033a4 (0x8c99) x9  0x00000cd7
core   0: 0x800033a6 (0x0000e08d) c.bnez  s1, pc + 34
core   0: 3 0x800033a6 (0xe08d)
core   0: 0x800033c8 (0x0126dc63) bge     a3, s2, pc + 24
core   0: 3 0x800033c8 (0x0126dc63)
core   0: 0x800033cc (0x02c78263) beq     a5, a2, pc + 36
core   0: 3 0x800033cc (0x02c78263)
core   0: 0x800033d0 (0x00008f49) c.or    a4, a0
core   0: 3 0x800033d0 (0x8f49) x14 0xfffffb28
core   0: 0x800033d2 (0x02f6fe63) bgeu    a3, a5, pc + 60
core   0: 3 0x800033d2 (0x02f6fe63)
core   0: 0x800033d6 (0x03261433) mulh    s0, a2, s2
core   0: 3 0x800033d6 (0x03261433) x8  0x00000001
core   0: 0x800033da (0x02a73d33) mulhu   s10, a4, a0
core   0: 3 0x800033da (0x02a73d33) x26 0x00000000
core   0: 0x800033de (0x00008239) c.srli  a2, 14
core   0: 3 0x800033de (0x8239) x12 0x00000004
core   0: 0x800033e0 (0x00000001) c.nop
core   0: 3 0x800033e0 (0x0001)
core   0: 0x800033e2 (0x01e68d63) beq     a3, t5, pc + 26
core   0: 3 0x800033e2 (0x01e68d63)
core   0: 0x800033e6 (0x00008d11) c.sub   a0, a2
core   0: 3 0x800033e6 (0x8d11) x10 0xfffffffc
core   0: 0x800033e8 (0xfb693093) sltiu   ra, s2, -74
core   0: 3 0x800033e8 (0xfb693093) x1  0x00000001
core   0: 0x800033ec (0x0388d863) bge     a7, s8, pc + 48
core   0: 3 0x800033ec (0x0388d863)
core   0: 0x800033f0 (0x00008229) c.srli  a2, 10
core   0: 3 0x800033f0 (0x8229) x12 0x00000000
core   0: 0x800033f2 (0x037955b3) divu    a1, s2, s7
core   0: 3 0x800033f2 (0x037955b3) x11 0x0000002b
core   0: 0x800033f6 (0x00008ccd) c.or    s1, a1
core   0: 3 0x800033f6 (0x8ccd) x9  0x00000cff
core   0: 0x800033f8 (0x0275b2b3) mulhu   t0, a1, t2
core   0: 3 0x800033f8 (0x0275b2b3) x5  0x00000000
core   0: 0x800033fc (0x0000527d) c.li    tp, -1
core   0: 3 0x800033fc (0x527d) x4  0xffffffff
core   0: 0x800033fe (0x000061e5) c.lui   gp, 0x19
core   0: 3 0x800033fe (0x61e5) x3  0x00019000
core   0: 0x80003400 (0xd1e9e213) ori     tp, s3, -738
core   0: 3 0x80003400 (0xd1e9e213) x4  0xffffff3f
core   0: 0x80003404 (0x000047e1) c.li    a5, 24
core   0: 3 0x80003404 (0x47e1) x15 0x00000018
core   0: 0x80003406 (0x00bb65b3) or      a1, s6, a1
core   0: 3 0x80003406 (0x00bb65b3) x11 0xfffed02b
core   0: 0x8000340a (0xd6020b13) addi    s6, tp, -672
core   0: 3 0x8000340a (0xd6020b13) x22 0xfffffc9f
core   0: 0x8000340e (0x00008f8d) c.sub   a5, a1
core   0: 3 0x8000340e (0x8f8d) x15 0x00012fed
core   0: 0x80003410 (0x68fc8913) addi    s2, s9, 1679
core   0: 3 0x80003410 (0x68fc8913) x18 0x000006e7
core   0: 0x80003414 (0x00d1dd33) srl     s10, gp, a3
core   0: 3 0x80003414 (0x00d1dd33) x26 0x00019000
core   0: 0x80003418 (0x02c70233) mul     tp, a4, a2
core   0: 3 0x80003418 (0x02c70233) x4  0x00000000
core   0: 0x8000341c (0x0369d5b3) divu    a1, s3, s6
core   0: 3 0x8000341c (0x0369d5b3) x11 0x00000000
core   0: 0x80003420 (0x0057d533) srl     a0, a5, t0
core   0: 3 0x80003420 (0x0057d533) x10 0x00012fed
core   0: 0x80003424 (0x00008511) c.srai  a0, 4
core   0: 3 0x80003424 (0x8511) x10 0x000012fe
core   0: 0x80003426 (0x00008c32) c.mv    s8, a2
core   0: 3 0x80003426 (0x8c32) x24 0x00000000
core   0: 0x80003428 (0x03da4363) blt     s4, t4, pc + 38
core   0: 3 0x80003428 (0x03da4363)
core   0: 0x8000344e (0x8091f793) andi    a5, gp, -2039
core   0: 3 0x8000344e (0x8091f793) x15 0x00019000
core   0: 0x80003452 (0x00000001) c.nop
core   0: 3 0x80003452 (0x0001)
core   0: 0x80003454 (0x021952b3) divu    t0, s2, ra
core   0: 3 0x80003454 (0x021952b3) x5  0x000006e7
core   0: 0x80003458 (0x035f9333) mulh    t1, t6, s5
core   0: 3 0x80003458 (0x035f9333) x6  0x00000261
core   0: 0x8000345c (0x401c09b3) sub     s3, s8, ra
core   0: 3 0x8000345c (0x401c09b3) x19 0xffffffff
core   0: 0x80003460 (0x037541b3) div     gp, a0, s7
core   0: 3 0x80003460 (0x037541b3) x3  0x00000003
core   0: 0x80003464 (0x41a95bb3) sra     s7, s2, s10
core   0: 3 0x80003464 (0x41a95bb3) x23 0x000006e7
core   0: 0x80003468 (0x038b7833) remu    a6, s6, s8
core   0: 3 0x80003468 (0x038b7833) x16 0xfffffc9f
core   0: 0x8000346c (0x00008e2d) c.xor   a2, a1
core   0: 3 0x8000346c (0x8e2d) x12 0x00000000
core   0: 0x8000346e (0x00008eb9) c.xor   a3, a4
core   0: 3 0x8000346e (0x8eb9) x13 0xfffffb08
core   0: 0x80003470 (0x41d5dcb3) sra     s9, a1, t4
core   0: 3 0x80003470 (0x41d5dcb3) x25 0x00000000
core   0: 0x80003474 (0x019b6eb3) or      t4, s6, s9
core   0: 3 0x80003474 (0x019b6eb3) x29 0xfffffc9f
core   0: 0x80003478 (0x00000001) c.nop
core   0: 3 0x80003478 (0x0001)
core   0: 0x8000347a (0x00009c86) c.add   s9, ra
core   0: 3 0x8000347a (0x9c86) x25 0x00000001
core   0: 0x8000347c (0x0000e319) c.bnez  a4, pc + 6
core   0: 3 0x8000347c (0xe319)
core   0: 0x80003482 (0x0175e533) or      a0, a1, s7
core   0: 3 0x80003482 (0x0175e533) x10 0x000006e7
core   0: 0x80003486 (0x4155db33) sra     s6, a1, s5
core   0: 3 0x80003486 (0x4155db33) x22 0x00000000
core   0: 0x8000348a (0x01085333) srl     t1, a6, a6
core   0: 3 0x8000348a (0x01085333) x6  0x00000001
core   0: 0x8000348e (0x018354b3) srl     s1, t1, s8
core   0: 3 0x8000348e (0x018354b3) x9  0x00000001
core   0: 0x80003492 (0x108e9997) auipc   s3, 0x108e9
core   0: 3 0x80003492 (0x108e9997) x19 0x908ec492
core   0: 0x80003496 (0x0343d8b3) divu    a7, t2, s4
core   0: 3 0x80003496 (0x0343d8b3) x17 0x00000000
core   0: 0x8000349a (0x4e950e37) lui     t3, 0x4e950
core   0: 3 0x8000349a (0x4e950e37) x28 0x4e950000
core   0: 0x8000349e (0xdc3f0e13) addi    t3, t5, -573
core   0: 3 0x8000349e (0xdc3f0e13) x28 0xfffffdc3
core   0: 0x800034a2 (0x00009d7e) c.add   s10, t6
core   0: 3 0x800034a2 (0x9d7e) x26 0x00018b3d
core   0: 0x800034a4 (0xd5ebf313) andi    t1, s7, -674
core   0: 3 0x800034a4 (0xd5ebf313) x6  0x00000446
core   0: 0x800034a8 (0x00008e29) c.xor   a2, a0
core   0: 3 0x800034a8 (0x8e29) x12 0x000006e7
core   0: 0x800034aa (0x0000c40d) c.beqz  s0, pc + 42
core   0: 3 0x800034aa (0xc40d)
core   0: 0x800034ac (0x02fd3f33) mulhu   t5, s10, a5
core   0: 3 0x800034ac (0x02fd3f33) x30 0x00000002
core   0: 0x800034b0 (0x00ccf663) bgeu    s9, a2, pc + 12
core   0: 3 0x800034b0 (0x00ccf663)
core   0: 0x800034b4 (0xf1e1b293) sltiu   t0, gp, -226
core   0: 3 0x800034b4 (0xf1e1b293) x5  0x00000001
core   0: 0x800034b8 (0x3b89d197) auipc   gp, 0x3b89d
core   0: 3 0x800034b8 (0x3b89d197) x3  0xbb8a04b8
core   0: 0x800034bc (0x025cff33) remu    t5, s9, t0
core   0: 3 0x800034bc (0x025cff33) x30 0x00000000
core   0: 0x800034c0 (0x019ae663) bltu    s5, s9, pc + 12
core   0: 3 0x800034c0 (0x019ae663)
core   0: 0x800034c4 (0x02e2c433) div     s0, t0, a4
core   0: 3 0x800034c4 (0x02e2c433) x8  0x00000000
core   0: 0x800034c8 (0xa303fc93) andi    s9, t2, -1488
core   0: 3 0x800034c8 (0xa303fc93) x25 0x00000000
core   0: 0x800034cc (0x0000ce99) c.beqz  a3, pc + 30
core   0: 3 0x800034cc (0xce99)
core   0: 0x800034ce (0x0000cb91) c.beqz  a5, pc + 20
core   0: 3 0x800034ce (0xcb91)
core   0: 0x800034d0 (0x035539b3) mulhu   s3, a0, s5
core   0: 3 0x800034d0 (0x035539b3) x19 0x00000373
core   0: 0x800034d4 (0x0000e985) c.bnez  a1, pc + 48
core   0: 3 0x800034d4 (0xe985)
core   0: 0x800034d6 (0x0000894d) c.andi  a0, 19
core   0: 3 0x800034d6 (0x894d) x10 0x00000003
core   0: 0x800034d8 (0x403c04b3) sub     s1, s8, gp
core   0: 3 0x800034d8 (0x403c04b3) x9  0x4475fb48
core   0: 0x800034dc (0xdc56cd13) xori    s10, a3, -571
core   0: 3 0x800034dc (0xdc56cd13) x26 0x000006cd
core   0: 0x800034e0 (0x00009ca6) c.add   s9, s1
core   0: 3 0x800034e0 (0x9ca6) x25 0x4475fb48
core   0: 0x800034e2 (0x03b09533) mulh    a0, ra, s11
core   0: 3 0x800034e2 (0x03b09533) x10 0x00000000
core   0: 0x800034e6 (0x03ed5c63) bge     s10, t5, pc + 56
core   0: 3 0x800034e6 (0x03ed5c63)
core   0: 0x8000351e (0x03a84cb3) div     s9, a6, s10
core   0: 3 0x8000351e (0x03a84cb3) x25 0x00000000
core   0: 0x80003522 (0x00000001) c.nop
core   0: 3 0x80003522 (0x0001)
core   0: 0x80003524 (0x53c44d93) xori    s11, s0, 1340
core   0: 3 0x80003524 (0x53c44d93) x27 0x0000053c
core   0: 0x80003528 (0x00006fa9) c.lui   t6, 0xa
core   0: 3 0x80003528 (0x6fa9) x31 0x0000a000
core   0: 0x8000352a (0x00cbb1b3) sltu    gp, s7, a2
core   0: 3 0x8000352a (0x00cbb1b3) x3  0x00000000
core   0: 0x8000352e (0x00008d61) c.and   a0, s0
core   0: 3 0x8000352e (0x8d61) x10 0x00000000
core   0: 0x80003530 (0x018d67b3) or      a5, s10, s8
core   0: 3 0x80003530 (0x018d67b3) x15 0x000006cd
core   0: 0x80003534 (0x000086be) c.mv    a3, a5
core   0: 3 0x80003534 (0x86be) x13 0x000006cd
core   0: 0x80003536 (0x00006771) c.lui   a4, 0x1c
core   0: 3 0x80003536 (0x6771) x14 0x0001c000
core   0: 0x80003538 (0xfa0b5eb7) lui     t4, 0xfa0b5
core   0: 3 0x80003538 (0xfa0b5eb7) x29 0xfa0b5000
core   0: 0x8000353c (0x40e78733) sub     a4, a5, a4
core   0: 3 0x8000353c (0x40e78733) x14 0xfffe46cd
core   0: 0x80003540 (0x00008631) c.srai  a2, 12
core   0: 3 0x80003540 (0x8631) x12 0x00000000
core   0: 0x80003542 (0x0001af17) auipc   t5, 0x1a
core   0: 3 0x80003542 (0x0001af17) x30 0x8001d542
core   0: 0x80003546 (0x539f0f13) addi    t5, t5, 1337
core   0: 3 0x80003546 (0x539f0f13) x30 0x8001da7b
core   0: 0x8000354a (0xfe1f0723) sb      ra, -18(t5)
core   0: 3 0x8000354a (0xfe1f0723) mem 0x8001da69 0x01
core   0: 0x8000354e (0xfeef0083) lb      ra, -18(t5)
core   0: 3 0x8000354e (0xfeef0083) x1  0x00000001 mem 0x8001da69
core   0: 0x80003552 (0xffcf0723) sb      t3, -18(t5)
core   0: 3 0x80003552 (0xffcf0723) mem 0x8001da69 0xc3
core   0: 0x80003556 (0xfeef4683) lbu     a3, -18(t5)
core   0: 3 0x80003556 (0xfeef4683) x13 0x000000c3 mem 0x8001da69
core   0: 0x8000355a (0x00b4bc33) sltu    s8, s1, a1
core   0: 3 0x8000355a (0x00b4bc33) x24 0x00000000
core   0: 0x8000355e (0xfeef0083) lb      ra, -18(t5)
core   0: 3 0x8000355e (0xfeef0083) x1  0xffffffc3 mem 0x8001da69
core   0: 0x80003562 (0xfe9f0723) sb      s1, -18(t5)
core   0: 3 0x80003562 (0xfe9f0723) mem 0x8001da69 0x48
core   0: 0x80003566 (0xfeef4803) lbu     a6, -18(t5)
core   0: 3 0x80003566 (0xfeef4803) x16 0x00000048 mem 0x8001da69
core   0: 0x8000356a (0xff6f0723) sb      s6, -18(t5)
core   0: 3 0x8000356a (0xff6f0723) mem 0x8001da69 0x00
core   0: 0x8000356e (0xfe9f0723) sb      s1, -18(t5)
core   0: 3 0x8000356e (0xfe9f0723) mem 0x8001da69 0x48
core   0: 0x80003572 (0x02e93c33) mulhu   s8, s2, a4
core   0: 3 0x80003572 (0x02e93c33) x24 0x000006e6
core   0: 0x80003576 (0xfeef4d03) lbu     s10, -18(t5)
core   0: 3 0x80003576 (0xfeef4d03) x26 0x00000048 mem 0x8001da69
core   0: 0x8000357a (0xfeef4683) lbu     a3, -18(t5)
core   0: 3 0x8000357a (0xfeef4683) x13 0x00000048 mem 0x8001da69
core   0: 0x8000357e (0x00006235) c.lui   tp, 0xd
core   0: 3 0x8000357e (0x6235) x4  0x0000d000
core   0: 0x80003580 (0xfeef0603) lb      a2, -18(t5)
core   0: 3 0x80003580 (0xfeef0603) x12 0x00000048 mem 0x8001da69
core   0: 0x80003584 (0x03df0c23) sb      t4, 56(t5)
core   0: 3 0x80003584 (0x03df0c23) mem 0x8001dab3 0x00
core   0: 0x80003588 (0x00000001) c.nop
core   0: 3 0x80003588 (0x0001)
core   0: 0x8000358a (0x000018fd) c.addi  a7, -1
core   0: 3 0x8000358a (0x18fd) x17 0xffffffff
core   0: 0x8000358c (0x042dd363) bge     s11, sp, pc + 70
core   0: 3 0x8000358c (0x042dd363)
core   0: 0x800035d2 (0x00009e2e) c.add   t3, a1
core   0: 3 0x800035d2 (0x9e2e) x28 0xfffffdc3
core   0: 0x800035d4 (0x02201563) bne     zero, sp, pc + 42
core   0: 3 0x800035d4 (0x02201563)
core   0: 0x800035fe (0x01872c33) slt     s8, a4, s8
core   0: 3 0x800035fe (0x01872c33) x24 0x00000001
core   0: 0x80003602 (0x00009432) c.add   s0, a2
core   0: 3 0x80003602 (0x9432) x8  0x00000048
core   0: 0x80003604 (0xd98c8913) addi    s2, s9, -616
core   0: 3 0x80003604 (0xd98c8913) x18 0xfffffd98
core   0: 0x80003608 (0x00008df1) c.and   a1, a2
core   0: 3 0x80003608 (0x8df1) x11 0x00000000
core   0: 0x8000360a (0x03aefbb3) remu    s7, t4, s10
core   0: 3 0x8000360a (0x03aefbb3) x23 0x00000008
core   0: 0x8000360e (0x0079cf63) blt     s3, t2, pc + 30
core   0: 3 0x8000360e (0x0079cf63)
core   0: 0x80003612 (0x00004885) c.li    a7, 1
core   0: 3 0x80003612 (0x4885) x17 0x00000001
core   0: 0x80003614 (0x01011e63) bne     sp, a6, pc + 28
core   0: 3 0x80003614 (0x01011e63)
core   0: 0x80003630 (0x00000001) c.nop
core   0: 3 0x80003630 (0x0001)
core   0: 0x80003632 (0x03832b33) mulhsu  s6, t1, s8
core   0: 3 0x80003632 (0x03832b33) x22 0x00000000
core   0: 0x80003636 (0x03f92633) mulhsu  a2, s2, t6
core   0: 3 0x80003636 (0x03f92633) x12 0xffffffff
core   0: 0x8000363a (0x0000846d) c.srai  s0, 27
core   0: 3 0x8000363a (0x846d) x8  0x00000000
core   0: 0x8000363c (0x026b88b3) mul     a7, s7, t1
core   0: 3 0x8000363c (0x026b88b3) x17 0x00002230
core   0: 0x80003640 (0x02841c63) bne     s0, s0, pc + 56
core   0: 3 0x80003640 (0x02841c63)
core   0: 0x80003644 (0x03d438b3) mulhu   a7, s0, t4
core   0: 3 0x80003644 (0x03d438b3) x17 0x00000000
core   0: 0x80003648 (0x00008de1) c.and   a1, s0
core   0: 3 0x80003648 (0x8de1) x11 0x00000000
core   0: 0x8000364a (0x01a700b3) add     ra, a4, s10
core   0: 3 0x8000364a (0x01a700b3) x1  0xfffe4715
core   0: 0x8000364e (0x00d71d13) slli    s10, a4, 13
core   0: 3 0x8000364e (0x00d71d13) x26 0xc8d9a000
core   0: 0x80003652 (0x00000001) c.nop
core   0: 3 0x80003652 (0x0001)
core   0: 0x80003654 (0x0223f033) remu    zero, t2, sp
core   0: 3 0x80003654 (0x0223f033)
core   0: 0x80003658 (0x00008d71) c.and   a0, a2
core   0: 3 0x80003658 (0x8d71) x10 0x00000000
core   0: 0x8000365a (0x00008ee9) c.and   a3, a0
core   0: 3 0x8000365a (0x8ee9) x13 0x00000000
core   0: 0x8000365c (0x02f50b33) mul     s6, a0, a5
core   0: 3 0x8000365c (0x02f50b33) x22 0x00000000
core   0: 0x80003660 (0x00008c41) c.or    s0, s0
core   0: 3 0x80003660 (0x8c41) x8  0x00000000
core   0: 0x80003662 (0x00bc6f33) or      t5, s8, a1
core   0: 3 0x80003662 (0x00bc6f33) x30 0x00000001
core   0: 0x80003666 (0x41df88b3) sub     a7, t6, t4
core   0: 3 0x80003666 (0x41df88b3) x17 0x05f55000
core   0: 0x8000366a (0x00710d33) add     s10, sp, t2
core   0: 3 0x8000366a (0x00710d33) x26 0xf38422e8
core   0: 0x8000366e (0x1a4dab93) slti    s7, s11, 420
core   0: 3 0x8000366e (0x1a4dab93) x23 0x00000000
core   0: 0x80003672 (0x000082f1) c.srli  a3, 28
core   0: 3 0x80003672 (0x82f1) x13 0x00000000
core   0: 0x80003674 (0x00008405) c.srai  s0, 1
core   0: 3 0x80003674 (0x8405) x8  0x00000000
core   0: 0x80003676 (0x000002ce) c.slli  t0, 19
core   0: 3 0x80003676 (0x02ce) x5  0x00080000
core   0: 0x80003678 (0x0000ee85) c.bnez  a3, pc + 56
core   0: 3 0x80003678 (0xee85)
core   0: 0x8000367a (0x000080f9) c.srli  s1, 30
core   0: 3 0x8000367a (0x80f9) x9  0x00000001
core   0: 0x8000367c (0x002e5b93) srli    s7, t3, 2
core   0: 3 0x8000367c (0x002e5b93) x23 0x3fffff70
core   0: 0x80003680 (0x012db0b3) sltu    ra, s11, s2
core   0: 3 0x80003680 (0x012db0b3) x1  0x00000001
core   0: 0x80003684 (0x00e679b3) and     s3, a2, a4
core   0: 3 0x80003684 (0x00e679b3) x19 0xfffe46cd
core   0: 0x80003688 (0x033e00b3) mul     ra, t3, s3
core   0: 3 0x80003688 (0x033e00b3) x1  0x03db8727
core   0: 0x8000368c (0xdbabc037) lui     zero, 0xdbabc
core   0: 3 0x8000368c (0xdbabc037)
core   0: 0x80003690 (0x0000e005) c.bnez  s0, pc + 32
core   0: 3 0x80003690 (0xe005)
core   0: 0x80003692 (0x40895593) srai    a1, s2, 8
core   0: 3 0x80003692 (0x40895593) x11 0xfffffffd
core   0: 0x80003696 (0x00772433) slt     s0, a4, t2
core   0: 3 0x80003696 (0x00772433) x8  0x00000001
core   0: 0x8000369a (0x000008ee) c.slli  a7, 27
core   0: 3 0x8000369a (0x08ee) x17 0x00000000
core   0: 0x8000369c (0x40f85313) srai    t1, a6, 15
core   0: 3 0x8000369c (0x40f85313) x6  0x00000000
core   0: 0x800036a0 (0x00005f7d) c.li    t5, -1
core   0: 3 0x800036a0 (0x5f7d) x30 0xffffffff
core   0: 0x800036a2 (0x7ed72613) slti    a2, a4, 2029
core   0: 3 0x800036a2 (0x7ed72613) x12 0x00000001
core   0: 0x800036a6 (0x02cc5c63) bge     s8, a2, pc + 56
core   0: 3 0x800036a6 (0x02cc5c63)
core   0: 0x800036de (0x00455c63) bge     a0, tp, pc + 24
core   0: 3 0x800036de (0x00455c63)
core   0: 0x800036e2 (0x02b4e333) rem     t1, s1, a1
core   0: 3 0x800036e2 (0x02b4e333) x6  0x00000001
core   0: 0x800036e6 (0x280e2037) lui     zero, 0x280e2
core   0: 3 0x800036e6 (0x280e2037)
core   0: 0x800036ea (0x01c1dfb3) srl     t6, gp, t3
core   0: 3 0x800036ea (0x01c1dfb3) x31 0x00000000
core   0: 0x800036ee (0x00008b3e) c.mv    s6, a5
core   0: 3 0x800036ee (0x8b3e) x22 0x000006cd
core   0: 0x800036f0 (0x00008df1) c.and   a1, a2
core   0: 3 0x800036f0 (0x8df1) x11 0x00000001
core   0: 0x800036f2 (0x02acd563) bge     s9, a0, pc + 42
core   0: 3 0x800036f2 (0x02acd563)
core   0: 0x8000371c (0x036cb8b3) mulhu   a7, s9, s6
core   0: 3 0x8000371c (0x036cb8b3) x17 0x00000000
core   0: 0x80003720 (0x00008d81) c.sub   a1, s0
core   0: 3 0x80003720 (0x8d81) x11 0x00000000
core   0: 0x80003722 (0x029435b3) mulhu   a1, s0, s1
core   0: 3 0x80003722 (0x029435b3) x11 0x00000000
core   0: 0x80003726 (0xf65f11b7) lui     gp, 0xf65f1
core   0: 3 0x80003726 (0xf65f11b7) x3  0xf65f1000
core   0: 0x8000372a (0xa06ac9b7) lui     s3, 0xa06ac
core   0: 3 0x8000372a (0xa06ac9b7) x19 0xa06ac000
core   0: 0x8000372e (0xc3fd3093) sltiu   ra, s10, -961
core   0: 3 0x8000372e (0xc3fd3093) x1  0x00000001
core   0: 0x80003732 (0x415c8cb3) sub     s9, s9, s5
core   0: 3 0x80003732 (0x415c8cb3) x25 0x7ffd62dc
core   0: 0x80003736 (0x00004b01) c.li    s6, 0
core   0: 3 0x80003736 (0x4b01) x22 0x00000000
core   0: 0x80003738 (0x005cbd33) sltu    s10, s9, t0
core   0: 3 0x80003738 (0x005cbd33) x26 0x00000000
core   0: 0x8000373c (0x2e7d4513) xori    a0, s10, 743
core   0: 3 0x8000373c (0x2e7d4513) x10 0x000002e7
core   0: 0x80003740 (0x00006359) c.lui   t1, 0x16
core   0: 3 0x80003740 (0x6359) x6  0x00016000
core   0: 0x80003742 (0x53104c13) xori    s8, zero, 1329
core   0: 3 0x80003742 (0x53104c13) x24 0x00000531
core   0: 0x80003746 (0x00bc6db3) or      s11, s8, a1
core   0: 3 0x80003746 (0x00bc6db3) x27 0x00000531
core   0: 0x8000374a (0xe1373393) sltiu   t2, a4, -493
core   0: 3 0x8000374a (0xe1373393) x7  0x00000001
core   0: 0x8000374e (0x00261733) sll     a4, a2, sp
core   0: 3 0x8000374e (0x00261733) x14 0x00000080
core   0: 0x80003752 (0x00000d8d) c.addi  s11, 3
core   0: 3 0x80003752 (0x0d8d) x27 0x00000534
core   0: 0x80003754 (0x5484ff13) andi    t5, s1, 1352
core   0: 3 0x80003754 (0x5484ff13) x30 0x00000000
core   0: 0x80003758 (0x76410593) addi    a1, sp, 1892
core   0: 3 0x80003758 (0x76410593) x11 0xf3842a4b
core   0: 0x8000375c (0x005a5b13) srli    s6, s4, 5
core   0: 3 0x8000375c (0x005a5b13) x22 0x040012f5
core   0: 0x80003760 (0x0000e811) c.bnez  s0, pc + 20
core   0: 3 0x80003760 (0xe811)
core   0: 0x80003774 (0x3f632b93) slti    s7, t1, 1014
core   0: 3 0x80003774 (0x3f632b93) x23 0x00000000
core   0: 0x80003778 (0x1a172013) slti    zero, a4, 417
core   0: 3 0x80003778 (0x1a172013)
core   0: 0x8000377c (0x00008dd1) c.or    a1, a2
core   0: 3 0x8000377c (0x8dd1) x11 0xf3842a4b
core   0: 0x8000377e (0x03549433) mulh    s0, s1, s5
core   0: 3 0x8000377e (0x03549433) x8  0xffffffff
core   0: 0x80003782 (0x01975b93) srli    s7, a4, 25
core   0: 3 0x80003782 (0x01975b93) x23 0x00000000
core   0: 0x80003786 (0x0000e2b9) c.bnez  a3, pc + 70
core   0: 3 0x80003786 (0xe2b9)
core   0: 0x80003788 (0x01241d33) sll     s10, s0, s2
core   0: 3 0x80003788 (0x01241d33) x26 0xff000000
core   0: 0x8000378c (0x007b6263) bltu    s6, t2, pc + 4
core   0: 3 0x8000378c (0x007b6263)
core   0: 0x80003790 (0x011193b3) sll     t2, gp, a7
core   0: 3 0x80003790 (0x011193b3) x7  0xf65f1000
core   0: 0x80003794 (0x02f49eb3) mulh    t4, s1, a5
core   0: 3 0x80003794 (0x02f49eb3) x29 0x00000000
core   0: 0x80003798 (0x00008d91) c.sub   a1, a2
core   0: 3 0x80003798 (0x8d91) x11 0xf3842a4a
core   0: 0x8000379a (0x020be233) rem     tp, s7, zero
core   0: 3 0x8000379a (0x020be233) x4  0x00000000
core   0: 0x8000379e (0x01709513) slli    a0, ra, 23
core   0: 3 0x8000379e (0x01709513) x10 0x00800000
core   0: 0x800037a2 (0x00008571) c.srai  a0, 28
core   0: 3 0x800037a2 (0x8571) x10 0x00000000
core   0: 0x800037a4 (0x0280f913) andi    s2, ra, 40
core   0: 3 0x800037a4 (0x0280f913) x18 0x00000000
core   0: 0x800037a8 (0x2712b793) sltiu   a5, t0, 625
core   0: 3 0x800037a8 (0x2712b793) x15 0x00000000
core   0: 0x800037ac (0x0372a9b3) mulhsu  s3, t0, s7
core   0: 3 0x800037ac (0x0372a9b3) x19 0x00000000
core   0: 0x800037b0 (0x009251b3) srl     gp, tp, s1
core   0: 3 0x800037b0 (0x009251b3) x3  0x00000000
core   0: 0x800037b4 (0x03362f33) mulhsu  t5, a2, s3
core   0: 3 0x800037b4 (0x03362f33) x30 0x00000000
core   0: 0x800037b8 (0x372ae013) ori     zero, s5, 882
core   0: 3 0x800037b8 (0x372ae013)
core   0: 0x800037bc (0x00000001) c.nop
core   0: 3 0x800037bc (0x0001)
core   0: 0x800037be (0x005d6e63) bltu    s10, t0, pc + 28
core   0: 3 0x800037be (0x005d6e63)
core   0: 0x800037c2 (0x00008cb9) c.xor   s1, a4
core   0: 3 0x800037c2 (0x8cb9) x9  0x00000081
core   0: 0x800037c4 (0x01e59433) sll     s0, a1, t5
core   0: 3 0x800037c4 (0x01e59433) x8  0xf3842a4a
core   0: 0x800037c8 (0x415b02b3) sub     t0, s6, s5
core   0: 3 0x800037c8 (0x415b02b3) x5  0x83fd75d1
core   0: 0x800037cc (0x00225e13) srli    t3, tp, 2
core   0: 3 0x800037cc (0x00225e13) x28 0x00000000
core   0: 0x800037d0 (0x000064f5) c.lui   s1, 0x1d
core   0: 3 0x800037d0 (0x64f5) x9  0x0001d000
core   0: 0x800037d2 (0x0104b333) sltu    t1, s1, a6
core   0: 3 0x800037d2 (0x0104b333) x6  0x00000000
core   0: 0x800037d6 (0x0188d363) bge     a7, s8, pc + 6
core   0: 3 0x800037d6 (0x0188d363)
core   0: 0x800037da (0x00000001) c.nop
core   0: 3 0x800037da (0x0001)
core   0: 0x800037dc (0x0000858e) c.mv    a1, gp
core   0: 3 0x800037dc (0x858e) x11 0x00000000
core   0: 0x800037de (0x0176edb3) or      s11, a3, s7
core   0: 3 0x800037de (0x0176edb3) x27 0x00000000
core   0: 0x800037e2 (0x03733fb3) mulhu   t6, t1, s7
core   0: 3 0x800037e2 (0x03733fb3) x31 0x00000000
core   0: 0x800037e6 (0x00006859) c.lui   a6, 0x16
core   0: 3 0x800037e6 (0x6859) x16 0x00016000
core   0: 0x800037e8 (0x00008f55) c.or    a4, a3
core   0: 3 0x800037e8 (0x8f55) x14 0x00000080
core   0: 0x800037ea (0x00b55db3) srl     s11, a0, a1
core   0: 3 0x800037ea (0x00b55db3) x27 0x00000000
core   0: 0x800037ee (0x00000665) c.addi  a2, 25
core   0: 3 0x800037ee (0x0665) x12 0x0000001a
core   0: 0x800037f0 (0x013e8db3) add     s11, t4, s3
core   0: 3 0x800037f0 (0x013e8db3) x27 0x00000000
core   0: 0x800037f4 (0x037b7d63) bgeu    s6, s7, pc + 58
core   0: 3 0x800037f4 (0x037b7d63)
core   0: 0x8000382e (0x00006885) c.lui   a7, 0x1
core   0: 3 0x8000382e (0x6885) x17 0x00001000
core   0: 0x80003830 (0x00e8a9b3) slt     s3, a7, a4
core   0: 3 0x80003830 (0x00e8a9b3) x19 0x00000000
core   0: 0x80003834 (0x0202f2b3) remu    t0, t0, zero
core   0: 3 0x80003834 (0x0202f2b3) x5  0x83fd75d1
core   0: 0x80003838 (0x00008d11) c.sub   a0, a2
core   0: 3 0x80003838 (0x8d11) x10 0xffffffe6
core   0: 0x8000383a (0x031bd933) divu    s2, s7, a7
core   0: 3 0x8000383a (0x031bd933) x18 0x00000000
core   0: 0x8000383e (0x0000e395) c.bnez  a5, pc + 36
core   0: 3 0x8000383e (0xe395)
core   0: 0x80003840 (0x01239833) sll     a6, t2, s2
core   0: 3 0x80003840 (0x01239833) x16 0xf65f1000
core   0: 0x80003844 (0x0000177d) c.addi  a4, -1
core   0: 3 0x80003844 (0x177d) x14 0x0000007f
core   0: 0x80003846 (0x00008db1) c.xor   a1, a2
core   0: 3 0x80003846 (0x8db1) x11 0x0000001a
core   0: 0x80003848 (0x00000f7e) c.slli  t5, 31
core   0: 3 0x80003848 (0x0f7e) x30 0x00000000
core   0: 0x8000384a (0x00a78eb3) add     t4, a5, a0
core   0: 3 0x8000384a (0x00a78eb3) x29 0xffffffe6
core   0: 0x8000384e (0xebcc8e13) addi    t3, s9, -324
core   0: 3 0x8000384e (0xebcc8e13) x28 0x7ffd6198
core   0: 0x80003852 (0xfef1e493) ori     s1, gp, -17
core   0: 3 0x80003852 (0xfef1e493) x9  0xffffffef
core   0: 0x80003856 (0xbcff2093) slti    ra, t5, -1073
core   0: 3 0x80003856 (0xbcff2093) x1  0x00000000
core   0: 0x8000385a (0x85d3e337) lui     t1, 0x85d3e
core   0: 3 0x8000385a (0x85d3e337) x6  0x85d3e000
core   0: 0x8000385e (0x20bbb913) sltiu   s2, s7, 523
core   0: 3 0x8000385e (0x20bbb913) x18 0x00000001
core   0: 0x80003862 (0x059d4363) blt     s10, s9, pc + 70
core   0: 3 0x80003862 (0x059d4363)
core   0: 0x800038a8 (0x41105d33) sra     s10, zero, a7
core   0: 3 0x800038a8 (0x41105d33) x26 0x00000000
core   0: 0x800038ac (0x0278c833) div     a6, a7, t2
core   0: 3 0x800038ac (0x0278c833) x16 0x00000000
core   0: 0x800038b0 (0x00000705) c.addi  a4, 1
core   0: 3 0x800038b0 (0x0705) x14 0x00000080
core   0: 0x800038b2 (0x0000c085) c.beqz  s1, pc + 32
core   0: 3 0x800038b2 (0xc085)
core   0: 0x800038b4 (0x038502b3) mul     t0, a0, s8
core   0: 3 0x800038b4 (0x038502b3) x5  0xffff7906
core   0: 0x800038b8 (0x60d02d93) slti    s11, zero, 1549
core   0: 3 0x800038b8 (0x60d02d93) x27 0x00000001
core   0: 0x800038bc (0x021792b3) mulh    t0, a5, ra
core   0: 3 0x800038bc (0x021792b3) x5  0x00000000
core   0: 0x800038c0 (0x00008fa9) c.xor   a5, a0
core   0: 3 0x800038c0 (0x8fa9) x15 0xffffffe6
core   0: 0x800038c2 (0x03f21733) mulh    a4, tp, t6
core   0: 3 0x800038c2 (0x03f21733) x14 0x00000000
core   0: 0x800038c6 (0x00000e16) c.slli  t3, 5
core   0: 3 0x800038c6 (0x0e16) x28 0xffac3300
core   0: 0x800038c8 (0x00008185) c.srli  a1, 1
core   0: 3 0x800038c8 (0x8185) x11 0x0000000d
core   0: 0x800038ca (0x005a98b3) sll     a7, s5, t0
core   0: 3 0x800038ca (0x005a98b3) x17 0x80029d24
core   0: 0x800038ce (0x036b7e33) remu    t3, s6, s6
core   0: 3 0x800038ce (0x036b7e33) x28 0x00000000
core   0: 0x800038d2 (0x0237de63) bge     a5, gp, pc + 60
core   0: 3 0x800038d2 (0x0237de63)
core   0: 0x800038d6 (0x000062d9) c.lui   t0, 0x16
core   0: 3 0x800038d6 (0x62d9) x5  0x00016000
core   0: 0x800038d8 (0x21393b13) sltiu   s6, s2, 531
core   0: 3 0x800038d8 (0x21393b13) x22 0x00000001
core   0: 0x800038dc (0x00008bfe) c.mv    s7, t6
core   0: 3 0x800038dc (0x8bfe) x23 0x00000000
core   0: 0x800038de (0x00008fd9) c.or    a5, a4
core   0: 3 0x800038de (0x8fd9) x15 0xffffffe6
core   0: 0x800038e0 (0x024ec363) blt     t4, tp, pc + 38
core   0: 3 0x800038e0 (0x024ec363)
core   0: 0x80003906 (0x00008335) c.srli  a4, 13
core   0: 3 0x80003906 (0x8335) x14 0x00000000
core   0: 0x80003908 (0x03655663) bge     a0, s6, pc + 44
core   0: 3 0x80003908 (0x03655663)
core   0: 0x8000390c (0x0000c0a9) c.beqz  s1, pc + 66
core   0: 3 0x8000390c (0xc0a9)
core   0: 0x8000390e (0x01c590b3) sll     ra, a1, t3
core   0: 3 0x8000390e (0x01c590b3) x1  0x0000000d
core   0: 0x80003912 (0x00000001) c.nop
core   0: 3 0x80003912 (0x0001)
core   0: 0x80003914 (0x00ddf463) bgeu    s11, a3, pc + 8
core   0: 3 0x80003914 (0x00ddf463)
core   0: 0x8000391c (0x014e2b93) slti    s7, t3, 20
core   0: 3 0x8000391c (0x014e2b93) x23 0x00000001
core   0: 0x80003920 (0x41ad5e13) srai    t3, s10, 26
core   0: 3 0x80003920 (0x41ad5e13) x28 0x00000000
core   0: 0x80003924 (0x001e49b3) xor     s3, t3, ra
core   0: 3 0x80003924 (0x001e49b3) x19 0x0000000d
core   0: 0x80003928 (0x5d478893) addi    a7, a5, 1492
core   0: 3 0x80003928 (0x5d478893) x17 0x000005ba
core   0: 0x8000392c (0x01285f63) bge     a6, s2, pc + 30
core   0: 3 0x8000392c (0x01285f63)
core   0: 0x80003930 (0xebe96293) ori     t0, s2, -322
core   0: 3 0x80003930 (0xebe96293) x5  0xfffffebf
core   0: 0x80003934 (0x0221df33) divu    t5, gp, sp
core   0: 3 0x80003934 (0x0221df33) x30 0x00000000
core   0: 0x80003938 (0xc8692613) slti    a2, s2, -890
core   0: 3 0x80003938 (0xc8692613) x12 0x00000000
core   0: 0x8000393c (0x415bd513) srai    a0, s7, 21
core   0: 3 0x8000393c (0x415bd513) x10 0x00000000
core   0: 0x80003940 (0x00008c19) c.sub   s0, a4
core   0: 3 0x80003940 (0x8c19) x8  0xf3842a4a
core   0: 0x80003942 (0x031f4c63) blt     t5, a7, pc + 56
core   0: 3 0x80003942 (0x031f4c63)
core   0: 0x8000397a (0x000059fd) c.li    s3, -1
core   0: 3 0x8000397a (0x59fd) x19 0xffffffff
core   0: 0x8000397c (0x033bdc33) divu    s8, s7, s3
core   0: 3 0x8000397c (0x033bdc33) x24 0x00000000
core   0: 0x80003980 (0xd5102037) lui     zero, 0xd5102
core   0: 3 0x80003980 (0xd5102037)
core   0: 0x80003984 (0x0000fc17) auipc   s8, 0xf
core   0: 3 0x80003984 (0x0000fc17) x24 0x80012984
core   0: 0x80003988 (0xfc5c0c13) addi    s8, s8, -59
core   0: 3 0x80003988 (0xfc5c0c13) x24 0x80012949
core   0: 0x8000398c (0x004c4183) lbu     gp, 4(s8)
core   0: 3 0x8000398c (0x004c4183) x3  0x00000006 mem 0x8001294d
core   0: 0x80003990 (0x000053fd) c.li    t2, -1
core   0: 3 0x80003990 (0x53fd) x7  0xffffffff
core   0: 0x80003992 (0x96b5b713) sltiu   a4, a1, -1685
core   0: 3 0x80003992 (0x96b5b713) x14 0x00000001
core   0: 0x80003996 (0xff0c0203) lb      tp, -16(s8)
core   0: 3 0x80003996 (0xff0c0203) x4  0xfffffff2 mem 0x80012939
core   0: 0x8000399a (0xfeec0e23) sb      a4, -4(s8)
core   0: 3 0x8000399a (0xfeec0e23) mem 0x80012945 0x01
core   0: 0x8000399e (0x00bc15a3) sh      a1, 11(s8)
core   0: 3 0x8000399e (0x00bc15a3) mem 0x80012954 0x000d
core   0: 0x800039a2 (0x003c1203) lh      tp, 3(s8)
core   0: 3 0x800039a2 (0x003c1203) x4  0x00000607 mem 0x8001294c
core   0: 0x800039a6 (0x023651b3) divu    gp, a2, gp
core   0: 3 0x800039a6 (0x023651b3) x3  0x00000000
core   0: 0x800039aa (0xfffc1203) lh      tp, -1(s8)
core   0: 3 0x800039aa (0xfffc1203) x4  0x00000203 mem 0x80012948
core   0: 0x800039ae (0xffac4703) lbu     a4, -6(s8)
core   0: 3 0x800039ae (0xffac4703) x14 0x000000f8 mem 0x80012943
core   0: 0x800039b2 (0x000043f5) c.li    t2, 29
core   0: 3 0x800039b2 (0x43f5) x7  0x0000001d
core   0: 0x800039b4 (0x00008dd1) c.or    a1, a2
core   0: 3 0x800039b4 (0x8dd1) x11 0x0000000d
core   0: 0x800039b6 (0x00ec0323) sb      a4, 6(s8)
core   0: 3 0x800039b6 (0x00ec0323) mem 0x8001294f 0xf8
core   0: 0x800039ba (0xdff72213) slti    tp, a4, -513
core   0: 3 0x800039ba (0xdff72213) x4  0x00000000
core   0: 0x800039be (0xfeec1da3) sh      a4, -5(s8)
core   0: 3 0x800039be (0xfeec1da3) mem 0x80012944 0x00f8
core   0: 0x800039c2 (0x008c4183) lbu     gp, 8(s8)
core   0: 3 0x800039c2 (0x008c4183) x3  0x0000000a mem 0x80012951
core   0: 0x800039c6 (0x004c0023) sb      tp, 0(s8)
core   0: 3 0x800039c6 (0x004c0023) mem 0x80012949 0x00
core   0: 0x800039ca (0x00ac0603) lb      a2, 10(s8)
core   0: 3 0x800039ca (0x00ac0603) x12 0x00000008 mem 0x80012953
core   0: 0x800039ce (0xfecc0f23) sb      a2, -2(s8)
core   0: 3 0x800039ce (0xfecc0f23) mem 0x80012947 0x08
core   0: 0x800039d2 (0xff3c2183) lw      gp, -13(s8)
core   0: 3 0x800039d2 (0xff3c2183) x3  0xf4f5f6f7 mem 0x8001293c
core   0: 0x800039d6 (0xff6c4583) lbu     a1, -10(s8)
core   0: 3 0x800039d6 (0xff6c4583) x11 0x000000f4 mem 0x8001293f
core   0: 0x800039da (0x00fc5603) lhu     a2, 15(s8)
core   0: 3 0x800039da (0x00fc5603) x12 0x00001213 mem 0x80012958
core   0: 0x800039de (0xff9c1203) lh      tp, -7(s8)
core   0: 3 0x800039de (0xff9c1203) x4  0xfffff8f9 mem 0x80012942
core   0: 0x800039e2 (0x00008a15) c.andi  a2, 5
core   0: 3 0x800039e2 (0x8a15) x12 0x00000001
core   0: 0x800039e4 (0xf8327593) andi    a1, tp, -125
core   0: 3 0x800039e4 (0xf8327593) x11 0xfffff881
core   0: 0x800039e8 (0x02b61233) mulh    tp, a2, a1
core   0: 3 0x800039e8 (0x02b61233) x4  0xffffffff
core   0: 0x800039ec (0x004c0623) sb      tp, 12(s8)
core   0: 3 0x800039ec (0x004c0623) mem 0x80012955 0xff
core   0: 0x800039f0 (0x02366633) rem     a2, a2, gp
core   0: 3 0x800039f0 (0x02366633) x12 0x00000001
core   0: 0x800039f4 (0xffcc4603) lbu     a2, -4(s8)
core   0: 3 0x800039f4 (0xffcc4603) x12 0x00000000 mem 0x80012945
core   0: 0x800039f8 (0x6a73e393) ori     t2, t2, 1703
core   0: 3 0x800039f8 (0x6a73e393) x7  0x000006bf
core   0: 0x800039fc (0xff5c5603) lhu     a2, -11(s8)
core   0: 3 0x800039fc (0xff5c5603) x12 0x0000f4f5 mem 0x8001293e
core   0: 0x80003a00 (0xfe4c0a23) sb      tp, -12(s8)
core   0: 3 0x80003a00 (0xfe4c0a23) mem 0x8001293d 0xff
core   0: 0x80003a04 (0x00ec4583) lbu     a1, 14(s8)
core   0: 3 0x80003a04 (0x00ec4583) x11 0x0000000c mem 0x80012957
core   0: 0x80003a08 (0x00826d63) bltu    tp, s0, pc + 26
core   0: 3 0x80003a08 (0x00826d63)
core   0: 0x80003a0c (0x0365a8b3) mulhsu  a7, a1, s6
core   0: 3 0x80003a0c (0x0365a8b3) x17 0x00000000
core   0: 0x80003a10 (0x00db97b3) sll     a5, s7, a3
core   0: 3 0x80003a10 (0x00db97b3) x15 0x00000001
core   0: 0x80003a14 (0x40c8d1b3) sra     gp, a7, a2
core   0: 3 0x80003a14 (0x40c8d1b3) x3  0x00000000
core   0: 0x80003a18 (0x00008575) c.srai  a0, 29
core   0: 3 0x80003a18 (0x8575) x10 0x00000000
core   0: 0x80003a1a (0x037a1d33) mulh    s10, s4, s7
core   0: 3 0x80003a1a (0x037a1d33) x26 0xffffffff
core   0: 0x80003a1e (0x03faa3b3) mulhsu  t2, s5, t6
core   0: 3 0x80003a1e (0x03faa3b3) x7  0x00000000
core   0: 0x80003a22 (0x00f40733) add     a4, s0, a5
core   0: 3 0x80003a22 (0x00f40733) x14 0xf3842a4b
core   0: 0x80003a26 (0x00000001) c.nop
core   0: 3 0x80003a26 (0x0001)
core   0: 0x80003a28 (0x3245a513) slti    a0, a1, 804
core   0: 3 0x80003a28 (0x3245a513) x10 0x00000001
core   0: 0x80003a2c (0x00641713) slli    a4, s0, 6
core   0: 3 0x80003a2c (0x00641713) x14 0xe10a9280
core   0: 0x80003a30 (0x00000dd2) c.slli  s11, 20
core   0: 3 0x80003a30 (0x0dd2) x27 0x00100000
core   0: 0x80003a32 (0x01656d63) bltu    a0, s6, pc + 26
core   0: 3 0x80003a32 (0x01656d63)
core   0: 0x80003a36 (0x4091d533) sra     a0, gp, s1
core   0: 3 0x80003a36 (0x4091d533) x10 0x00000000
core   0: 0x80003a3a (0x00000001) c.nop
core   0: 3 0x80003a3a (0x0001)
core   0: 0x80003a3c (0x00008d79) c.and   a0, a4
core   0: 3 0x80003a3c (0x8d79) x10 0x00000000
core   0: 0x80003a3e (0x03be6e33) rem     t3, t3, s11
core   0: 3 0x80003a3e (0x03be6e33) x28 0x00000000
core   0: 0x80003a42 (0x00008855) c.andi  s0, 21
core   0: 3 0x80003a42 (0x8855) x8  0x00000000
core   0: 0x80003a44 (0x029a3833) mulhu   a6, s4, s1
core   0: 3 0x80003a44 (0x029a3833) x16 0x80025e9b
core   0: 0x80003a48 (0x007cc4b3) xor     s1, s9, t2
core   0: 3 0x80003a48 (0x007cc4b3) x9  0x7ffd62dc
core   0: 0x80003a4c (0xe1800913) li      s2, -488
core   0: 3 0x80003a4c (0xe1800913) x18 0xfffffe18
core   0: 0x80003a50 (0x000063b5) c.lui   t2, 0xd
core   0: 3 0x80003a50 (0x63b5) x7  0x0000d000
core   0: 0x80003a52 (0x015a44b3) xor     s1, s4, s5
core   0: 3 0x80003a52 (0x015a44b3) x9  0x0000c380
core   0: 0x80003a56 (0x02bdc333) div     t1, s11, a1
core   0: 3 0x80003a56 (0x02bdc333) x6  0x00015555
core   0: 0x80003a5a (0x000083da) c.mv    t2, s6
core   0: 3 0x80003a5a (0x83da) x7  0x00000001
core   0: 0x80003a5c (0x0000867d) c.srai  a2, 31
core   0: 3 0x80003a5c (0x867d) x12 0x00000000
core   0: 0x80003a5e (0x019840b3) xor     ra, a6, s9
core   0: 3 0x80003a5e (0x019840b3) x1  0xffff3c47
core   0: 0x80003a62 (0x00d25913) srli    s2, tp, 13
core   0: 3 0x80003a62 (0x00d25913) x18 0x0007ffff
core   0: 0x80003a66 (0x005fcd33) xor     s10, t6, t0
core   0: 3 0x80003a66 (0x005fcd33) x26 0xfffffebf
core   0: 0x80003a6a (0x00d66963) bltu    a2, a3, pc + 18
core   0: 3 0x80003a6a (0x00d66963)
core   0: 0x80003a6e (0x000084cd) c.srai  s1, 19
core   0: 3 0x80003a6e (0x84cd) x9  0x00000000
core   0: 0x80003a70 (0x00005dfd) c.li    s11, -1
core   0: 3 0x80003a70 (0x5dfd) x27 0xffffffff
core   0: 0x80003a72 (0xbaf08093) addi    ra, ra, -1105
core   0: 3 0x80003a72 (0xbaf08093) x1  0xffff37f6
core   0: 0x80003a76 (0x00008b11) c.andi  a4, 4
core   0: 3 0x80003a76 (0x8b11) x14 0x00000000
core   0: 0x80003a78 (0x02182db3) mulhsu  s11, a6, ra
core   0: 3 0x80003a78 (0x02182db3) x27 0x8002c29e
core   0: 0x80003a7c (0x2d070d93) addi    s11, a4, 720
core   0: 3 0x80003a7c (0x2d070d93) x27 0x000002d0
core   0: 0x80003a80 (0x005272b3) and     t0, tp, t0
core   0: 3 0x80003a80 (0x005272b3) x5  0xfffffebf
core   0: 0x80003a84 (0x0153e4b3) or      s1, t2, s5
core   0: 3 0x80003a84 (0x0153e4b3) x9  0x80029d25
core   0: 0x80003a88 (0x0125c2b3) xor     t0, a1, s2
core   0: 3 0x80003a88 (0x0125c2b3) x5  0x0007fff3
core   0: 0x80003a8c (0x00008fcd) c.or    a5, a1
core   0: 3 0x80003a8c (0x8fcd) x15 0x0000000d
core   0: 0x80003a8e (0x0224c733) div     a4, s1, sp
core   0: 3 0x80003a8e (0x0224c733) x14 0x0000000a
core   0: 0x80003a92 (0x000083bd) c.srli  a5, 15
core   0: 3 0x80003a92 (0x83bd) x15 0x00000000
core   0: 0x80003a94 (0xf1ff0013) addi    zero, t5, -225
core   0: 3 0x80003a94 (0xf1ff0013)
core   0: 0x80003a98 (0x00008ccd) c.or    s1, a1
core   0: 3 0x80003a98 (0x8ccd) x9  0x80029d2d
core   0: 0x80003a9a (0x020b6eb3) rem     t4, s6, zero
core   0: 3 0x80003a9a (0x020b6eb3) x29 0x00000001
core   0: 0x80003a9e (0x00000cde) c.slli  s9, 23
core   0: 3 0x80003a9e (0x0cde) x25 0x6e000000
core   0: 0x80003aa0 (0xa044d8b7) lui     a7, 0xa044d
core   0: 3 0x80003aa0 (0xa044d8b7) x17 0xa044d000
core   0: 0x80003aa4 (0x1dd28197) auipc   gp, 0x1dd28
core   0: 3 0x80003aa4 (0x1dd28197) x3  0x9dd2baa4
core   0: 0x80003aa8 (0x013c9e13) slli    t3, s9, 19
core   0: 3 0x80003aa8 (0x013c9e13) x28 0x00000000
core   0: 0x80003aac (0xa6998193) addi    gp, s3, -1431
core   0: 3 0x80003aac (0xa6998193) x3  0xfffffa68
core   0: 0x80003ab0 (0x02cbe6b3) rem     a3, s7, a2
core   0: 3 0x80003ab0 (0x02cbe6b3) x13 0x00000001
core   0: 0x80003ab4 (0x022633b3) mulhu   t2, a2, sp
core   0: 3 0x80003ab4 (0x022633b3) x7  0x00000000
core   0: 0x80003ab8 (0x01e97233) and     tp, s2, t5
core   0: 3 0x80003ab8 (0x01e97233) x4  0x00000000
core   0: 0x80003abc (0x02b2fbb3) remu    s7, t0, a1
core   0: 3 0x80003abc (0x02b2fbb3) x23 0x00000007
core   0: 0x80003ac0 (0x00000001) c.nop
core   0: 3 0x80003ac0 (0x0001)
core   0: 0x80003ac2 (0x09dda893) slti    a7, s11, 157
core   0: 3 0x80003ac2 (0x09dda893) x17 0x00000000
core   0: 0x80003ac6 (0x00000001) c.nop
core   0: 3 0x80003ac6 (0x0001)
core   0: 0x80003ac8 (0x014a1313) slli    t1, s4, 20
core   0: 3 0x80003ac8 (0x014a1313) x6  0xea400000
core   0: 0x80003acc (0x00a45fb3) srl     t6, s0, a0
core   0: 3 0x80003acc (0x00a45fb3) x31 0x00000000
core   0: 0x80003ad0 (0x023dd333) divu    t1, s11, gp
core   0: 3 0x80003ad0 (0x023dd333) x6  0x00000000
core   0: 0x80003ad4 (0x33fe5097) auipc   ra, 0x33fe5
core   0: 3 0x80003ad4 (0x33fe5097) x1  0xb3fe8ad4
core   0: 0x80003ad8 (0x6946a213) slti    tp, a3, 1684
core   0: 3 0x80003ad8 (0x6946a213) x4  0x00000001
core   0: 0x80003adc (0x00522733) slt     a4, tp, t0
core   0: 3 0x80003adc (0x00522733) x14 0x00000001
core   0: 0x80003ae0 (0x000014fd) c.addi  s1, -1
core   0: 3 0x80003ae0 (0x14fd) x9  0x80029d2c
core   0: 0x80003ae2 (0x0000e619) c.bnez  a2, pc + 14
core   0: 3 0x80003ae2 (0xe619)
core   0: 0x80003ae4 (0x0000cc01) c.beqz  s0, pc + 24
core   0: 3 0x80003ae4 (0xcc01)
core   0: 0x80003afc (0x7f212f93) slti    t6, sp, 2034
core   0: 3 0x80003afc (0x7f212f93) x31 0x00000001
core   0: 0x80003b00 (0x70609397) auipc   t2, 0x70609
core   0: 3 0x80003b00 (0x70609397) x7  0xf060cb00
core   0: 0x80003b04 (0x00008189) c.srli  a1, 2
core   0: 3 0x80003b04 (0x8189) x11 0x00000003
core   0: 0x80003b06 (0x0000997e) c.add   s2, t6
core   0: 3 0x80003b06 (0x997e) x18 0x00080000
core   0: 0x80003b08 (0xbdba8393) addi    t2, s5, -1061
core   0: 3 0x80003b08 (0xbdba8393) x7  0x800298ff
core   0: 0x80003b0c (0x006b1693) slli    a3, s6, 6
core   0: 3 0x80003b0c (0x006b1693) x13 0x00000040
core   0: 0x80003b10 (0x41b10633) sub     a2, sp, s11
core   0: 3 0x80003b10 (0x41b10633) x12 0xf3842017
core   0: 0x80003b14 (0x00008d19) c.sub   a0, a4
core   0: 3 0x80003b14 (0x8d19) x10 0xffffffff
core   0: 0x80003b16 (0x00000001) c.nop
core   0: 3 0x80003b16 (0x0001)
core   0: 0x80003b18 (0x03aae363) bltu    s5, s10, pc + 38
core   0: 3 0x80003b18 (0x03aae363)
core   0: 0x80003b3e (0x00001f7d) c.addi  t5, -1
core   0: 3 0x80003b3e (0x1f7d) x30 0xffffffff
core   0: 0x80003b40 (0x22264e13) xori    t3, a2, 546
core   0: 3 0x80003b40 (0x22264e13) x28 0xf3842235
core   0: 0x80003b44 (0x00a252b3) srl     t0, tp, a0
core   0: 3 0x80003b44 (0x00a252b3) x5  0x00000000
core   0: 0x80003b48 (0x000f3e33) sltu    t3, t5, zero
core   0: 3 0x80003b48 (0x000f3e33) x28 0x00000000
core   0: 0x80003b4c (0x75422997) auipc   s3, 0x75422
core   0: 3 0x80003b4c (0x75422997) x19 0xf5425b4c
core   0: 0x80003b50 (0x02e38163) beq     t2, a4, pc + 34
core   0: 3 0x80003b50 (0x02e38163)
core   0: 0x80003b54 (0x40910cb3) sub     s9, sp, s1
core   0: 3 0x80003b54 (0x40910cb3) x25 0x738185bb
core   0: 0x80003b58 (0x000067a1) c.lui   a5, 0x8
core   0: 3 0x80003b58 (0x67a1) x15 0x00008000
core   0: 0x80003b5a (0x0000925a) c.add   tp, s6
core   0: 3 0x80003b5a (0x925a) x4  0x00000002
core   0: 0x80003b5c (0x000099fd) c.andi  a1, -1
core   0: 3 0x80003b5c (0x99fd) x11 0x00000003
core   0: 0x80003b5e (0x00008f9d) c.sub   a5, a5
core   0: 3 0x80003b5e (0x8f9d) x15 0x00000000
core   0: 0x80003b60 (0xa5d28997) auipc   s3, 0xa5d28
core   0: 3 0x80003b60 (0xa5d28997) x19 0x25d2bb60
core   0: 0x80003b64 (0x00008ee5) c.and   a3, s1
core   0: 3 0x80003b64 (0x8ee5) x13 0x00000000
core   0: 0x80003b66 (0x0000ed11) c.bnez  a0, pc + 28
core   0: 3 0x80003b66 (0xed11)
core   0: 0x80003b82 (0x000002f5) c.addi  t0, 29
core   0: 3 0x80003b82 (0x02f5) x5  0x0000001d
core   0: 0x80003b84 (0x00387cb3) and     s9, a6, gp
core   0: 3 0x80003b84 (0x00387cb3) x25 0x80025a08
core   0: 0x80003b88 (0x004665b3) or      a1, a2, tp
core   0: 3 0x80003b88 (0x004665b3) x11 0xf3842017
core   0: 0x80003b8c (0x02b54463) blt     a0, a1, pc + 40
core   0: 3 0x80003b8c (0x02b54463)
core   0: 0x80003b90 (0x000085f1) c.srai  a1, 28
core   0: 3 0x80003b90 (0x85f1) x11 0xffffffff
core   0: 0x80003b92 (0x00008641) c.srai  a2, 16
core   0: 3 0x80003b92 (0x8641) x12 0xfffff384
core   0: 0x80003b94 (0x00000001) c.nop
core   0: 3 0x80003b94 (0x0001)
core   0: 0x80003b96 (0x00008ffd) c.and   a5, a5
core   0: 3 0x80003b96 (0x8ffd) x15 0x00000000
core   0: 0x80003b98 (0x05f61163) bne     a2, t6, pc + 66
core   0: 3 0x80003b98 (0x05f61163)
core   0: 0x80003bda (0x4c6c1bb7) lui     s7, 0x4c6c1
core   0: 3 0x80003bda (0x4c6c1bb7) x23 0x4c6c1000
core   0: 0x80003bde (0x0000e085) c.bnez  s1, pc + 32
core   0: 3 0x80003bde (0xe085)
core   0: 0x80003bfe (0x40950833) sub     a6, a0, s1
core   0: 3 0x80003bfe (0x40950833) x16 0x7ffd62d3
core   0: 0x80003c02 (0x00008a29) c.andi  a2, 10
core   0: 3 0x80003c02 (0x8a29) x12 0x00000000
core   0: 0x80003c04 (0x41668233) sub     tp, a3, s6
core   0: 3 0x80003c04 (0x41668233) x4  0xffffffff
core   0: 0x80003c08 (0x0000ce85) c.beqz  a3, pc + 56
core   0: 3 0x80003c08 (0xce85)
core   0: 0x80003c40 (0x00008b49) c.andi  a4, 18
core   0: 3 0x80003c40 (0x8b49) x14 0x00000000
core   0: 0x80003c42 (0xecb92c13) slti    s8, s2, -309
core   0: 3 0x80003c42 (0xecb92c13) x24 0x00000000
core   0: 0x80003c46 (0x5fa93413) sltiu   s0, s2, 1530
core   0: 3 0x80003c46 (0x5fa93413) x8  0x00000000
core   0: 0x80003c4a (0x0001d233) srl     tp, gp, zero
core   0: 3 0x80003c4a (0x0001d233) x4  0xfffffa68
core   0: 0x80003c4e (0x000770b3) and     ra, a4, zero
core   0: 3 0x80003c4e (0x000770b3) x1  0x00000000
core   0: 0x80003c52 (0x00bac9b3) xor     s3, s5, a1
core   0: 3 0x80003c52 (0x00bac9b3) x19 0x7ffd62db
core   0: 0x80003c56 (0x04094163) bltz    s2, pc + 66
core   0: 3 0x80003c56 (0x04094163)
core   0: 0x80003c5a (0x02780b33) mul     s6, a6, t2
core   0: 3 0x80003c5a (0x02780b33) x22 0x35b8b82d
core   0: 0x80003c5e (0x00000001) c.nop
core   0: 3 0x80003c5e (0x0001)
core   0: 0x80003c60 (0x01afabb3) slt     s7, t6, s10
core   0: 3 0x80003c60 (0x01afabb3) x23 0x00000000
core   0: 0x80003c64 (0x018aa8b3) slt     a7, s5, s8
core   0: 3 0x80003c64 (0x018aa8b3) x17 0x00000001
core   0: 0x80003c68 (0x000097e6) c.add   a5, s9
core   0: 3 0x80003c68 (0x97e6) x15 0x80025a08
core   0: 0x80003c6a (0x025ed563) bge     t4, t0, pc + 42
core   0: 3 0x80003c6a (0x025ed563)
core   0: 0x80003c6e (0x0141ddb3) srl     s11, gp, s4
core   0: 3 0x80003c6e (0x0141ddb3) x27 0x0fffffa6
core   0: 0x80003c72 (0x40a0d033) sra     zero, ra, a0
core   0: 3 0x80003c72 (0x40a0d033)
core   0: 0x80003c76 (0x00e2d433) srl     s0, t0, a4
core   0: 3 0x80003c76 (0x00e2d433) x8  0x0000001d
core   0: 0x80003c7a (0x02cf9b33) mulh    s6, t6, a2
core   0: 3 0x80003c7a (0x02cf9b33) x22 0x00000000
core   0: 0x80003c7e (0x00c3deb3) srl     t4, t2, a2
core   0: 3 0x80003c7e (0x00c3deb3) x29 0x800298ff
core   0: 0x80003c82 (0x00008f29) c.xor   a4, a0
core   0: 3 0x80003c82 (0x8f29) x14 0xffffffff
core   0: 0x80003c84 (0x0339d1b3) divu    gp, s3, s3
core   0: 3 0x80003c84 (0x0339d1b3) x3  0x00000001
core   0: 0x80003c88 (0x417f5613) srai    a2, t5, 23
core   0: 3 0x80003c88 (0x417f5613) x12 0xffffffff
core   0: 0x80003c8c (0x02fd85b3) mul     a1, s11, a5
core   0: 3 0x80003c8c (0x02fd85b3) x11 0x7f2c5930
core   0: 0x80003c90 (0x013390b3) sll     ra, t2, s3
core   0: 3 0x80003c90 (0x013390b3) x1  0xf8000000
core   0: 0x80003c94 (0x03f95cb3) divu    s9, s2, t6
core   0: 3 0x80003c94 (0x03f95cb3) x25 0x00080000
core   0: 0x80003c98 (0x0153f933) and     s2, t2, s5
core   0: 3 0x80003c98 (0x0153f933) x18 0x80029824
core   0: 0x80003c9c (0xce824d13) xori    s10, tp, -792
core   0: 3 0x80003c9c (0xce824d13) x26 0x00000680
core   0: 0x80003ca0 (0x00008c15) c.sub   s0, a3
core   0: 3 0x80003ca0 (0x8c15) x8  0x0000001d
core   0: 0x80003ca2 (0x00d83bb3) sltu    s7, a6, a3
core   0: 3 0x80003ca2 (0x00d83bb3) x23 0x00000000
core   0: 0x80003ca6 (0x00008ee1) c.and   a3, s0
core   0: 3 0x80003ca6 (0x8ee1) x13 0x00000000
core   0: 0x80003ca8 (0x0036ff33) and     t5, a3, gp
core   0: 3 0x80003ca8 (0x0036ff33) x30 0x00000000
core   0: 0x80003cac (0x000ac263) bltz    s5, pc + 4
core   0: 3 0x80003cac (0x000ac263)
core   0: 0x80003cb0 (0x00008e69) c.and   a2, a0
core   0: 3 0x80003cb0 (0x8e69) x12 0xffffffff
core   0: 0x80003cb2 (0x000099fd) c.andi  a1, -1
core   0: 3 0x80003cb2 (0x99fd) x11 0x7f2c5930
core   0: 0x80003cb4 (0x03f28533) mul     a0, t0, t6
core   0: 3 0x80003cb4 (0x03f28533) x10 0x0000001d
core   0: 0x80003cb8 (0x00009886) c.add   a7, ra
core   0: 3 0x80003cb8 (0x9886) x17 0xf8000001
core   0: 0x80003cba (0x0000ee89) c.bnez  a3, pc + 26
core   0: 3 0x80003cba (0xee89)
core   0: 0x80003cbc (0x01ac49b3) xor     s3, s8, s10
core   0: 3 0x80003cbc (0x01ac49b3) x19 0x00000680
core   0: 0x80003cc0 (0x0000951a) c.add   a0, t1
core   0: 3 0x80003cc0 (0x951a) x10 0x0000001d
core   0: 0x80003cc2 (0x0000803d) c.srli  s0, 15
core   0: 3 0x80003cc2 (0x803d) x8  0x00000000
core   0: 0x80003cc4 (0x026284b3) mul     s1, t0, t1
core   0: 3 0x80003cc4 (0x026284b3) x9  0x00000000
core   0: 0x80003cc8 (0x01714eb3) xor     t4, sp, s7
core   0: 3 0x80003cc8 (0x01714eb3) x29 0xf38422e7
core   0: 0x80003ccc (0x01425833) srl     a6, tp, s4
core   0: 3 0x80003ccc (0x01425833) x16 0x0fffffa6
core   0: 0x80003cd0 (0x022ac033) div     zero, s5, sp
core   0: 3 0x80003cd0 (0x022ac033)
core   0: 0x80003cd4 (0x02695663) bge     s2, t1, pc + 44
core   0: 3 0x80003cd4 (0x02695663)
core   0: 0x80003cd8 (0x03b74f33) div     t5, a4, s11
core   0: 3 0x80003cd8 (0x03b74f33) x30 0x00000000
core   0: 0x80003cdc (0x00000001) c.nop
core   0: 3 0x80003cdc (0x0001)
core   0: 0x80003cde (0x41348fb3) sub     t6, s1, s3
core   0: 3 0x80003cde (0x41348fb3) x31 0xfffff980
core   0: 0x80003ce2 (0xb4b6ae13) slti    t3, a3, -1205
core   0: 3 0x80003ce2 (0xb4b6ae13) x28 0x00000000
core   0: 0x80003ce6 (0xf985c697) auipc   a3, 0xf985c
core   0: 3 0x80003ce6 (0xf985c697) x13 0x7985fce6
core   0: 0x80003cea (0x00008d55) c.or    a0, a3
core   0: 3 0x80003cea (0x8d55) x10 0x7985fcff
core   0: 0x80003cec (0x01ef8d63) beq     t6, t5, pc + 26
core   0: 3 0x80003cec (0x01ef8d63)
core   0: 0x80003cf0 (0x02cc11b3) mulh    gp, s8, a2
core   0: 3 0x80003cf0 (0x02cc11b3) x3  0x00000000
core   0: 0x80003cf4 (0x01c0a2b3) slt     t0, ra, t3
core   0: 3 0x80003cf4 (0x01c0a2b3) x5  0x00000001
core   0: 0x80003cf8 (0x7e63e713) ori     a4, t2, 2022
core   0: 3 0x80003cf8 (0x7e63e713) x14 0x80029fff
core   0: 0x80003cfc (0x40625b13) srai    s6, tp, 6
core   0: 3 0x80003cfc (0x40625b13) x22 0xffffffe9
core   0: 0x80003d00 (0x029c8333) mul     t1, s9, s1
core   0: 3 0x80003d00 (0x029c8333) x6  0x00000000
core   0: 0x80003d04 (0x0000ec89) c.bnez  s1, pc + 26
core   0: 3 0x80003d04 (0xec89)
core   0: 0x80003d06 (0x33277013) andi    zero, a4, 818
core   0: 3 0x80003d06 (0x33277013)
core   0: 0x80003d0a (0x021c5633) divu    a2, s8, ra
core   0: 3 0x80003d0a (0x021c5633) x12 0x00000000
core   0: 0x80003d0e (0x0e3be063) bltu    s7, gp, pc + 224
core   0: 3 0x80003d0e (0x0e3be063)
core   0: 0x80003d12 (0x010831b3) sltu    gp, a6, a6
core   0: 3 0x80003d12 (0x010831b3) x3  0x00000000
core   0: 0x80003d16 (0x00005bfd) c.li    s7, -1
core   0: 3 0x80003d16 (0x5bfd) x23 0xffffffff
core   0: 0x80003d18 (0x00008d85) c.sub   a1, s1
core   0: 3 0x80003d18 (0x8d85) x11 0x7f2c5930
core   0: 0x80003d1a (0x0ca8da63) bge     a7, a0, pc + 212
core   0: 3 0x80003d1a (0x0ca8da63)
core   0: 0x80003d1e (0x0000628d) c.lui   t0, 0x3
core   0: 3 0x80003d1e (0x628d) x5  0x00003000
core   0: 0x80003d20 (0x7e31b393) sltiu   t2, gp, 2019
core   0: 3 0x80003d20 (0x7e31b393) x7  0x00000001
core   0: 0x80003d24 (0x00008866) c.mv    a6, s9
core   0: 3 0x80003d24 (0x8866) x16 0x00080000
core   0: 0x80003d26 (0x41d35cb3) sra     s9, t1, t4
core   0: 3 0x80003d26 (0x41d35cb3) x25 0x00000000
core   0: 0x80003d2a (0x0000c789) c.beqz  a5, pc + 10
core   0: 3 0x80003d2a (0xc789)
core   0: 0x80003d2c (0x0ca1f363) bgeu    gp, a0, pc + 198
core   0: 3 0x80003d2c (0x0ca1f363)
core   0: 0x80003d30 (0x36293713) sltiu   a4, s2, 866
core   0: 3 0x80003d30 (0x36293713) x14 0x00000000
core   0: 0x80003d34 (0xbe4f7913) andi    s2, t5, -1052
core   0: 3 0x80003d34 (0xbe4f7913) x18 0x00000000
core   0: 0x80003d38 (0xb5948217) auipc   tp, 0xb5948
core   0: 3 0x80003d38 (0xb5948217) x4  0x3594bd38
core   0: 0x80003d3c (0x00008231) c.srli  a2, 12
core   0: 3 0x80003d3c (0x8231) x12 0x00000000
core   0: 0x80003d3e (0x0000d697) auipc   a3, 0xd
core   0: 3 0x80003d3e (0x0000d697) x13 0x80010d3e
core   0: 0x80003d42 (0xf4868693) addi    a3, a3, -184
core   0: 3 0x80003d42 (0xf4868693) x13 0x80010c86
core   0: 0x80003d46 (0x00008dc9) c.or    a1, a0
core   0: 3 0x80003d46 (0x8dc9) x11 0x7fadfdff
core   0: 0x80003d48 (0x02eddfb3) divu    t6, s11, a4
core   0: 3 0x80003d48 (0x02eddfb3) x31 0xffffffff
core   0: 0x80003d4c (0xdc469823) sh      tp, -560(a3)
core   0: 3 0x80003d4c (0xdc469823) mem 0x80010a56 0xbd38
core   0: 0x80003d50 (0x03ce39b3) mulhu   s3, t3, t3
core   0: 3 0x80003d50 (0x03ce39b3) x19 0x00000000
core   0: 0x80003d54 (0x000044a1) c.li    s1, 8
core   0: 3 0x80003d54 (0x44a1) x9  0x00000008
core   0: 0x80003d56 (0x8b96c283) lbu     t0, -1863(a3)
core   0: 3 0x80003d56 (0x8b96c283) x5  0x000000f4 mem 0x8001053f
core   0: 0x80003d5a (0xe3d68003) lb      zero, -451(a3)
core   0: 3 0x80003d5a (0xe3d68003) mem 0x80010ac3
core   0: 0x80003d5e (0x0328f833) remu    a6, a7, s2
core   0: 3 0x80003d5e (0x0328f833) x16 0xf8000001
core   0: 0x80003d62 (0x1ee6ae03) lw      t3, 494(a3)
core   0: 3 0x80003d62 (0x1ee6ae03) x28 0x2c2d2e2f mem 0x80010e74
core   0: 0x80003d66 (0xe0368603) lb      a2, -509(a3)
core   0: 3 0x80003d66 (0xe0368603) x12 0x00000042 mem 0x80010a89
core   0: 0x80003d6a (0xd176c403) lbu     s0, -745(a3)
core   0: 3 0x80003d6a (0xd176c403) x8  0x00000056 mem 0x8001099d
core   0: 0x80003d6e (0x00008e69) c.and   a2, a0
core   0: 3 0x80003d6e (0x8e69) x12 0x00000042
core   0: 0x80003d70 (0xb2f68fa3) sb      a5, -1217(a3)
core   0: 3 0x80003d70 (0xb2f68fa3) mem 0x800107c5 0x08
core   0: 0x80003d74 (0xac968003) lb      zero, -1335(a3)
core   0: 3 0x80003d74 (0xac968003) mem 0x8001074f
core   0: 0x80003d78 (0xc31e7e97) auipc   t4, 0xc31e7
core   0: 3 0x80003d78 (0xc31e7e97) x29 0x431ead78
core   0: 0x80003d7c (0x41bd5b93) srai    s7, s10, 27
core   0: 3 0x80003d7c (0x41bd5b93) x23 0x00000000
core   0: 0x80003d80 (0x99269d83) lh      s11, -1646(a3)
core   0: 3 0x80003d80 (0x99269d83) x27 0xffffd2d3 mem 0x80010618
core   0: 0x80003d84 (0x01549913) slli    s2, s1, 21
core   0: 3 0x80003d84 (0x01549913) x18 0x01000000
core   0: 0x80003d88 (0x00acceb3) xor     t4, s9, a0
core   0: 3 0x80003d88 (0x00acceb3) x29 0x7985fcff
core   0: 0x80003d8c (0x41ba0db3) sub     s11, s4, s11
core   0: 3 0x80003d8c (0x41ba0db3) x27 0x80028bd1
core   0: 0x80003d90 (0xe556c183) lbu     gp, -427(a3)
core   0: 3 0x80003d90 (0xe556c183) x3  0x00000090 mem 0x80010adb
core   0: 0x80003d94 (0x1d869723) sh      s8, 462(a3)
core   0: 3 0x80003d94 (0x1d869723) mem 0x80010e54 0x0000
core   0: 0x80003d98 (0xc4968f03) lb      t5, -951(a3)
core   0: 3 0x80003d98 (0xc4968f03) x30 0xffffff84 mem 0x800108cf
core   0: 0x80003d9c (0x000ed1b3) srl     gp, t4, zero
core   0: 3 0x80003d9c (0x000ed1b3) x3  0x7985fcff
core   0: 0x80003da0 (0x00008791) c.srai  a5, 4
core   0: 3 0x80003da0 (0x8791) x15 0xf80025a0
core   0: 0x80003da2 (0x02e27233) remu    tp, tp, a4
core   0: 3 0x80003da2 (0x02e27233) x4  0x3594bd38
core   0: 0x80003da6 (0xbb26a603) lw      a2, -1102(a3)
core   0: 3 0x80003da6 (0xbb26a603) x12 0xf0f1f2f3 mem 0x80010838
core   0: 0x80003daa (0x019bf5b3) and     a1, s7, s9
core   0: 3 0x80003daa (0x019bf5b3) x11 0x00000000
core   0: 0x80003dae (0xc716cd03) lbu     s10, -911(a3)
core   0: 3 0x80003dae (0xc716cd03) x26 0x000000ac mem 0x800108f7
core   0: 0x80003db2 (0x00197db3) and     s11, s2, ra
core   0: 3 0x80003db2 (0x00197db3) x27 0x00000000
core   0: 0x80003db6 (0x015943b3) xor     t2, s2, s5
core   0: 3 0x80003db6 (0x015943b3) x7  0x81029d24
core   0: 0x80003dba (0x00a7a3b3) slt     t2, a5, a0
core   0: 3 0x80003dba (0x00a7a3b3) x7  0x00000001
core   0: 0x80003dbe (0x00000bee) c.slli  s7, 27
core   0: 3 0x80003dbe (0x0bee) x23 0x00000000
core   0: 0x80003dc0 (0x00008179) c.srli  a0, 30
core   0: 3 0x80003dc0 (0x8179) x10 0x00000001
core   0: 0x80003dc2 (0x16a6c083) lbu     ra, 362(a3)
core   0: 3 0x80003dc2 (0x16a6c083) x1  0x000000ab mem 0x80010df0
core   0: 0x80003dc6 (0xa6f6c303) lbu     t1, -1425(a3)
core   0: 3 0x80003dc6 (0xa6f6c303) x6  0x000000ae mem 0x800106f5
core   0: 0x80003dca (0x00b79813) slli    a6, a5, 11
core   0: 3 0x80003dca (0x00b79813) x16 0x012d0000
core   0: 0x80003dce (0x0116edb3) or      s11, a3, a7
core   0: 3 0x80003dce (0x0116edb3) x27 0xf8010c87
core   0: 0x80003dd2 (0x018f9813) slli    a6, t6, 24
core   0: 3 0x80003dd2 (0x018f9813) x16 0xff000000
core   0: 0x80003dd6 (0x36230d17) auipc   s10, 0x36230
core   0: 3 0x80003dd6 (0x36230d17) x26 0xb6233dd6
core   0: 0x80003dda (0x1f868e03) lb      t3, 504(a3)
core   0: 3 0x80003dda (0x1f868e03) x28 0x00000035 mem 0x80010e7e
core   0: 0x80003dde (0x141fa393) slti    t2, t6, 321
core   0: 3 0x80003dde (0x141fa393) x7  0x00000001
core   0: 0x80003de2 (0x00905b63) bge     zero, s1, pc + 22
core   0: 3 0x80003de2 (0x00905b63)
core   0: 0x80003de6 (0x41795fb3) sra     t6, s2, s7
core   0: 3 0x80003de6 (0x41795fb3) x31 0x01000000
core   0: 0x80003dea (0x018e64b3) or      s1, t3, s8
core   0: 3 0x80003dea (0x018e64b3) x9  0x00000035
core   0: 0x80003dee (0x0379d063) bge     s3, s7, pc + 32
core   0: 3 0x80003dee (0x0379d063)
core   0: 0x80003e0e (0x36d5c293) xori    t0, a1, 877
core   0: 3 0x80003e0e (0x36d5c293) x5  0x0000036d
core   0: 0x80003e12 (0x015614b3) sll     s1, a2, s5
core   0: 3 0x80003e12 (0x015614b3) x9  0x0f1f2f30
core   0: 0x80003e16 (0x0302aeb3) mulhsu  t4, t0, a6
core   0: 3 0x80003e16 (0x0302aeb3) x29 0x00000369
core   0: 0x80003e1a (0x41b95933) sra     s2, s2, s11
core   0: 3 0x80003e1a (0x41b95933) x18 0x00020000
core   0: 0x80003e1e (0x01b9bb33) sltu    s6, s3, s11
core   0: 3 0x80003e1e (0x01b9bb33) x22 0x00000001
core   0: 0x80003e22 (0x0000997d) c.andi  a0, -1
core   0: 3 0x80003e22 (0x997d) x10 0x00000001
core   0: 0x80003e24 (0x11157f13) andi    t5, a0, 273
core   0: 3 0x80003e24 (0x11157f13) x30 0x00000001
core   0: 0x80003e28 (0x03f18d33) mul     s10, gp, t6
core   0: 3 0x80003e28 (0x03f18d33) x26 0xff000000
core   0: 0x80003e2c (0x0101b833) sltu    a6, gp, a6
core   0: 3 0x80003e2c (0x0101b833) x16 0x00000001
core   0: 0x80003e30 (0x000084d5) c.srai  s1, 21
core   0: 3 0x80003e30 (0x84d5) x9  0x00000078
core   0: 0x80003e32 (0x00008e7a) c.mv    t3, t5
core   0: 3 0x80003e32 (0x8e7a) x28 0x00000001
core   0: 0x80003e34 (0x41c55cb3) sra     s9, a0, t3
core   0: 3 0x80003e34 (0x41c55cb3) x25 0x00000000
core   0: 0x80003e38 (0x007ca6b3) slt     a3, s9, t2
core   0: 3 0x80003e38 (0x007ca6b3) x13 0x00000001
core   0: 0x80003e3c (0x0000eb9d) c.bnez  a5, pc + 54
core   0: 3 0x80003e3c (0xeb9d)
core   0: 0x80003e72 (0x02848eb3) mul     t4, s1, s0
core   0: 3 0x80003e72 (0x02848eb3) x29 0x00002850
core   0: 0x80003e76 (0x00e180b3) add     ra, gp, a4
core   0: 3 0x80003e76 (0x00e180b3) x1  0x7985fcff
core   0: 0x80003e7a (0x03b015b3) mulh    a1, zero, s11
core   0: 3 0x80003e7a (0x03b015b3) x11 0x00000000
core   0: 0x80003e7e (0x000080bd) c.srli  s1, 15
core   0: 3 0x80003e7e (0x80bd) x9  0x00000000
core   0: 0x80003e80 (0x0000e239) c.bnez  a2, pc + 70
core   0: 3 0x80003e80 (0xe239)
core   0: 0x80003ec6 (0x0320b833) mulhu   a6, ra, s2
core   0: 3 0x80003ec6 (0x0320b833) x16 0x0000f30b
core   0: 0x80003eca (0x0000d397) auipc   t2, 0xd
core   0: 3 0x80003eca (0x0000d397) x7  0x80010eca
core   0: 0x80003ece (0x85538393) addi    t2, t2, -1963
core   0: 3 0x80003ece (0x85538393) x7  0x8001071f
core   0: 0x80003ed2 (0x02d6f833) remu    a6, a3, a3
core   0: 3 0x80003ed2 (0x02d6f833) x16 0x00000000
core   0: 0x80003ed6 (0x02aeb633) mulhu   a2, t4, a0
core   0: 3 0x80003ed6 (0x02aeb633) x12 0x00000000
core   0: 0x80003eda (0x00008842) c.mv    a6, a6
core   0: 3 0x80003eda (0x8842) x16 0x00000000
core   0: 0x80003edc (0x00000001) c.nop
core   0: 3 0x80003edc (0x0001)
core   0: 0x80003ede (0x7e139e03) lh      t3, 2017(t2)
core   0: 3 0x80003ede (0x7e139e03) x28 0xffffbabb mem 0x80010f00
core   0: 0x80003ee2 (0x41055813) srai    a6, a0, 16
core   0: 3 0x80003ee2 (0x41055813) x16 0x00000000
core   0: 0x80003ee6 (0x00681513) slli    a0, a6, 6
core   0: 3 0x80003ee6 (0x00681513) x10 0x00000000
core   0: 0x80003eea (0x24a399a3) sh      a0, 595(t2)
core   0: 3 0x80003eea (0x24a399a3) mem 0x80010972 0x0000
core   0: 0x80003eee (0xf3e3ce03) lbu     t3, -194(t2)
core   0: 3 0x80003eee (0xf3e3ce03) x28 0x00000016 mem 0x8001065d
core   0: 0x80003ef2 (0x00000826) c.slli  a6, 9
core   0: 3 0x80003ef2 (0x0826) x16 0x00000000
core   0: 0x80003ef4 (0xdca38b23) sb      a0, -554(t2)
core   0: 3 0x80003ef4 (0xdca38b23) mem 0x800104f5 0x00
core   0: 0x80003ef8 (0x01dea633) slt     a2, t4, t4
core   0: 3 0x80003ef8 (0x01dea633) x12 0x00000000
core   0: 0x80003efc (0x00008675) c.srai  a2, 29
core   0: 3 0x80003efc (0x8675) x12 0x00000000
core   0: 0x80003efe (0x00008eb5) c.xor   a3, a3
core   0: 3 0x80003efe (0x8eb5) x13 0x00000000
core   0: 0x80003f00 (0x40c6d533) sra     a0, a3, a2
core   0: 3 0x80003f00 (0x40c6d533) x10 0x00000000
core   0: 0x80003f04 (0xf8c38e03) lb      t3, -116(t2)
core   0: 3 0x80003f04 (0xf8c38e03) x28 0x00000060 mem 0x800106ab
core   0: 0x80003f08 (0x4243c683) lbu     a3, 1060(t2)
core   0: 3 0x80003f08 (0x4243c683) x13 0x000000f8 mem 0x80010b43
core   0: 0x80003f0c (0x01c81633) sll     a2, a6, t3
core   0: 3 0x80003f0c (0x01c81633) x12 0x00000000
core   0: 0x80003f10 (0x2fa38803) lb      a6, 762(t2)
core   0: 3 0x80003f10 (0x2fa38803) x16 0xffffffd2 mem 0x80010a19
core   0: 0x80003f14 (0x01c81eb3) sll     t4, a6, t3
core   0: 3 0x80003f14 (0x01c81eb3) x29 0xffffffd2
core   0: 0x80003f18 (0x43638803) lb      a6, 1078(t2)
core   0: 3 0x80003f18 (0x43638803) x16 0x0000000e mem 0x80010b55
core   0: 0x80003f1c (0xdbe38803) lb      a6, -578(t2)
core   0: 3 0x80003f1c (0xdbe38803) x16 0xffffff96 mem 0x800104dd
core   0: 0x80003f20 (0x00008836) c.mv    a6, a3
core   0: 3 0x80003f20 (0x8836) x16 0x000000f8
core   0: 0x80003f22 (0x25d39ca3) sh      t4, 601(t2)
core   0: 3 0x80003f22 (0x25d39ca3) mem 0x80010978 0xffd2
core   0: 0x80003f26 (0x60a38d23) sb      a0, 1562(t2)
core   0: 3 0x80003f26 (0x60a38d23) mem 0x80010d39 0x00
core   0: 0x80003f2a (0x30d3a683) lw      a3, 781(t2)
core   0: 3 0x80003f2a (0x30d3a683) x13 0xe4e5e6e7 mem 0x80010a2c
core   0: 0x80003f2e (0x0ed3a803) lw      a6, 237(t2)
core   0: 3 0x80003f2e (0x0ed3a803) x16 0xc4c5c6c7 mem 0x8001080c
core   0: 0x80003f32 (0x99c38503) lb      a0, -1636(t2)
core   0: 3 0x80003f32 (0x99c38503) x10 0x00000070 mem 0x800100bb
core   0: 0x80003f36 (0x00f81e93) slli    t4, a6, 15
core   0: 3 0x80003f36 (0x00f81e93) x29 0xe3638000
core   0: 0x80003f3a (0x41c6d533) sra     a0, a3, t3
core   0: 3 0x80003f3a (0x41c6d533) x10 0xe4e5e6e7
core   0: 0x80003f3e (0x02a6a633) mulhsu  a2, a3, a0
core   0: 3 0x80003f3e (0x02a6a633) x12 0xe7c46adb
core   0: 0x80003f42 (0x03051e33) mulh    t3, a0, a6
core   0: 3 0x80003f42 (0x03051e33) x28 0x06452dc1
core   0: 0x80003f46 (0x43d3de03) lhu     t3, 1085(t2)
core   0: 3 0x80003f46 (0x43d3de03) x28 0x00001617 mem 0x80010b5c
core   0: 0x80003f4a (0x02c82833) mulhsu  a6, a6, a2
core   0: 3 0x80003f4a (0x02c82833) x16 0xca610510
core   0: 0x80003f4e (0x01d50e33) add     t3, a0, t4
core   0: 3 0x80003f4e (0x01d50e33) x28 0xc84966e7
core   0: 0x80003f52 (0x10638803) lb      a6, 262(t2)
core   0: 3 0x80003f52 (0x10638803) x16 0xffffffde mem 0x80010825
core   0: 0x80003f56 (0x7523c683) lbu     a3, 1874(t2)
core   0: 3 0x80003f56 (0x7523c683) x13 0x0000002a mem 0x80010e71
core   0: 0x80003f5a (0xa5438503) lb      a0, -1452(t2)
core   0: 3 0x80003f5a (0xa5438503) x10 0x00000028 mem 0x80010173
core   0: 0x80003f5e (0x00008e71) c.and   a2, a2
core   0: 3 0x80003f5e (0x8e71) x12 0xe7c46adb
core   0: 0x80003f60 (0x00008e31) c.xor   a2, a2
core   0: 3 0x80003f60 (0x8e31) x12 0x00000000
core   0: 0x80003f62 (0x00006ef9) c.lui   t4, 0x1e
core   0: 3 0x80003f62 (0x6ef9) x29 0x0001e000
core   0: 0x80003f64 (0x50a38923) sb      a0, 1298(t2)
core   0: 3 0x80003f64 (0x50a38923) mem 0x80010c31 0x28
core   0: 0x80003f68 (0x00008c7d) c.and   s0, a5
core   0: 3 0x80003f68 (0x8c7d) x8  0x00000000
core   0: 0x80003f6a (0x012e9b93) slli    s7, t4, 18
core   0: 3 0x80003f6a (0x012e9b93) x23 0x80000000
core   0: 0x80003f6e (0x00006ea9) c.lui   t4, 0xa
core   0: 3 0x80003f6e (0x6ea9) x29 0x0000a000
core   0: 0x80003f70 (0x000098fd) c.andi  s1, -1
core   0: 3 0x80003f70 (0x98fd) x9  0x00000000
core   0: 0x80003f72 (0x40760333) sub     t1, a2, t2
core   0: 3 0x80003f72 (0x40760333) x6  0x7ffef8e1
core   0: 0x80003f76 (0xf61f7b93) andi    s7, t5, -159
core   0: 3 0x80003f76 (0xf61f7b93) x23 0x00000001
core   0: 0x80003f7a (0x0217e433) rem     s0, a5, ra
core   0: 3 0x80003f7a (0x0217e433) x8  0xf80025a0
core   0: 0x80003f7e (0x00008d52) c.mv    s10, s4
core   0: 3 0x80003f7e (0x8d52) x26 0x80025ea4
core   0: 0x80003f80 (0x02bd7f63) bgeu    s10, a1, pc + 62
core   0: 3 0x80003f80 (0x02bd7f63)
core   0: 0x80003fbe (0x40555913) srai    s2, a0, 5
core   0: 3 0x80003fbe (0x40555913) x18 0x00000001
core   0: 0x80003fc2 (0x0000667d) c.lui   a2, 0x1f
core   0: 3 0x80003fc2 (0x667d) x12 0x0001f000
core   0: 0x80003fc4 (0x3c85a713) slti    a4, a1, 968
core   0: 3 0x80003fc4 (0x3c85a713) x14 0x00000001
core   0: 0x80003fc8 (0x0000df13) srli    t5, ra, 0
core   0: 3 0x80003fc8 (0x0000df13) x30 0x7985fcff
core   0: 0x80003fcc (0x01a2b0b3) sltu    ra, t0, s10
core   0: 3 0x80003fcc (0x01a2b0b3) x1  0x00000001
core   0: 0x80003fd0 (0x000003c5) c.addi  t2, 17
core   0: 3 0x80003fd0 (0x03c5) x7  0x80010730
core   0: 0x80003fd2 (0x00008f85) c.sub   a5, s1
core   0: 3 0x80003fd2 (0x8f85) x15 0xf80025a0
core   0: 0x80003fd4 (0x00000001) c.nop
core   0: 3 0x80003fd4 (0x0001)
core   0: 0x80003fd6 (0x00000001) c.nop
core   0: 3 0x80003fd6 (0x0001)
core   0: 0x80003fd8 (0x00008b9a) c.mv    s7, t1
core   0: 3 0x80003fd8 (0x8b9a) x23 0x7ffef8e1
core   0: 0x80003fda (0x40998e33) sub     t3, s3, s1
core   0: 3 0x80003fda (0x40998e33) x28 0x00000000
core   0: 0x80003fde (0x4149de93) srai    t4, s3, 20
core   0: 3 0x80003fde (0x4149de93) x29 0x00000000
core   0: 0x80003fe2 (0x04c10263) beq     sp, a2, pc + 68
core   0: 3 0x80003fe2 (0x04c10263)
core   0: 0x80003fe6 (0x0104fe63) bgeu    s1, a6, pc + 28
core   0: 3 0x80003fe6 (0x0104fe63)
core   0: 0x80003fea (0x01c04663) blt     zero, t3, pc + 12
core   0: 3 0x80003fea (0x01c04663)
core   0: 0x80003fee (0x0371b833) mulhu   a6, gp, s7
core   0: 3 0x80003fee (0x0371b833) x16 0x3cc28198
core   0: 0x80003ff2 (0x00c01093) slli    ra, zero, 12
core   0: 3 0x80003ff2 (0x00c01093) x1  0x00000000
core   0: 0x80003ff6 (0x00adde63) bge     s11, a0, pc + 28
core   0: 3 0x80003ff6 (0x00adde63)
core   0: 0x80003ffa (0x00a492b3) sll     t0, s1, a0
core   0: 3 0x80003ffa (0x00a492b3) x5  0x00000000
core   0: 0x80003ffe (0x000089d9) c.andi  a1, 22
core   0: 3 0x80003ffe (0x89d9) x11 0x00000000
core   0: 0x80004000 (0x000049f5) c.li    s3, 29
core   0: 3 0x80004000 (0x49f5) x19 0x0000001d
core   0: 0x80004002 (0xb29e4c13) xori    s8, t3, -1239
core   0: 3 0x80004002 (0xb29e4c13) x24 0xfffffb29
core   0: 0x80004006 (0x00008f79) c.and   a4, a4
core   0: 3 0x80004006 (0x8f79) x14 0x00000001
core   0: 0x80004008 (0x4059d193) srai    gp, s3, 5
core   0: 3 0x80004008 (0x4059d193) x3  0x00000000
core   0: 0x8000400c (0x000009ce) c.slli  s3, 19
core   0: 3 0x8000400c (0x09ce) x19 0x00e80000
core   0: 0x8000400e (0xb11ecb13) xori    s6, t4, -1263
core   0: 3 0x8000400e (0xb11ecb13) x22 0xfffffb11
core   0: 0x80004012 (0xb80fb493) sltiu   s1, t6, -1152
core   0: 3 0x80004012 (0xb80fb493) x9  0x00000001
core   0: 0x80004016 (0x027806b3) mul     a3, a6, t2
core   0: 3 0x80004016 (0x027806b3) x13 0x379b7480
core   0: 0x8000401a (0x0000e1a5) c.bnez  a1, pc + 96
core   0: 3 0x8000401a (0xe1a5)
core   0: 0x8000401c (0x413c00b3) sub     ra, s8, s3
core   0: 3 0x8000401c (0x413c00b3) x1  0xff17fb29
core   0: 0x80004020 (0x00152933) slt     s2, a0, ra
core   0: 3 0x80004020 (0x00152933) x18 0x00000000
core   0: 0x80004024 (0x000081ba) c.mv    gp, a4
core   0: 3 0x80004024 (0x81ba) x3  0x00000001
core   0: 0x80004026 (0x69966293) ori     t0, a2, 1689
core   0: 3 0x80004026 (0x69966293) x5  0x0001f699
core   0: 0x8000402a (0x00002397) auipc   t2, 0x2
core   0: 3 0x8000402a (0x00002397) x7  0x8000602a
core   0: 0x8000402e (0xfee38393) addi    t2, t2, -18
core   0: 3 0x8000402e (0xfee38393) x7  0x80006018
core   0: 0x80004032 (0x00ddd9b3) srl     s3, s11, a3
core   0: 3 0x80004032 (0x00ddd9b3) x19 0xf8010c87
core   0: 0x80004036 (0x40695c33) sra     s8, s2, t1
core   0: 3 0x80004036 (0x40695c33) x24 0x00000000
core   0: 0x8000403a (0x02a38393) addi    t2, t2, 42
core   0: 3 0x8000403a (0x02a38393) x7  0x80006042
core   0: 0x8000403e (0x01803533) snez    a0, s8
core   0: 3 0x8000403e (0x01803533) x10 0x00000000
core   0: 0x80004042 (0x034b1933) mulh    s2, s6, s4
core   0: 3 0x80004042 (0x034b1933) x18 0x00000277
core   0: 0x80004046 (0x01569f13) slli    t5, a3, 21
core   0: 3 0x80004046 (0x01569f13) x30 0x90000000
core   0: 0x8000404a (0x01c26633) or      a2, tp, t3
core   0: 3 0x8000404a (0x01c26633) x12 0x3594bd38
core   0: 0x8000404e (0x006f1a63) bne     t5, t1, pc + 20
core   0: 3 0x8000404e (0x006f1a63)
core   0: 0x80004062 (0xfd738367) jalr    t1, t2, -41
core   0: 3 0x80004062 (0xfd738367) x6  0x80004066
core   0: 0x80006018 (0x0096ebb3) or      s7, a3, s1
core   0: 3 0x80006018 (0x0096ebb3) x23 0x379b7481
core   0: 0x8000601c (0x00001a61) c.addi  s4, -8
core   0: 3 0x8000601c (0x1a61) x20 0x80025e9c
core   0: 0x8000601e (0x41a98933) sub     s2, s3, s10
core   0: 3 0x8000601e (0x41a98933) x18 0x77feade3
core   0: 0x80006022 (0xf26cbd13) sltiu   s10, s9, -218
core   0: 3 0x80006022 (0xf26cbd13) x26 0x00000001
core   0: 0x80006026 (0x006a2223) sw      t1, 4(s4)
core   0: 3 0x80006026 (0x006a2223) mem 0x80025ea0 0x80004066
core   0: 0x8000602a (0x0203f833) remu    a6, t2, zero
core   0: 3 0x8000602a (0x0203f833) x16 0x80006042
core   0: 0x8000602e (0x01dc9f33) sll     t5, s9, t4
core   0: 3 0x8000602e (0x01dc9f33) x30 0x00000000
core   0: 0x80006032 (0xc4da84b7) lui     s1, 0xc4da8
core   0: 3 0x80006032 (0xc4da84b7) x9  0xc4da8000
core   0: 0x80006036 (0x01bcf7b3) and     a5, s9, s11
core   0: 3 0x80006036 (0x01bcf7b3) x15 0x00000000
core   0: 0x8000603a (0xfbbfeb13) ori     s6, t6, -69
core   0: 3 0x8000603a (0xfbbfeb13) x22 0xffffffbb
core   0: 0x8000603e (0x02a6c633) div     a2, a3, a0
core   0: 3 0x8000603e (0x02a6c633) x12 0xffffffff
core   0: 0x80006042 (0xc6f8bd13) sltiu   s10, a7, -913
core   0: 3 0x80006042 (0xc6f8bd13) x26 0x00000001
core   0: 0x80006046 (0x00009522) c.add   a0, s0
core   0: 3 0x80006046 (0x9522) x10 0xf80025a0
core   0: 0x80006048 (0x071b6463) bltu    s6, a7, pc + 104
core   0: 3 0x80006048 (0x071b6463)
core   0: 0x8000604c (0x00004e09) c.li    t3, 2
core   0: 3 0x8000604c (0x4e09) x28 0x00000002
core   0: 0x8000604e (0x0126fc63) bgeu    a3, s2, pc + 24
core   0: 3 0x8000604e (0x0126fc63)
core   0: 0x80006052 (0x0000842d) c.srai  s0, 11
core   0: 3 0x80006052 (0x842d) x8  0xffff0004
core   0: 0x80006054 (0x00009afd) c.andi  a3, -1
core   0: 3 0x80006054 (0x9afd) x13 0x379b7480
core   0: 0x80006056 (0x0311b633) mulhu   a2, gp, a7
core   0: 3 0x80006056 (0x0311b633) x12 0x00000000
core   0: 0x8000605a (0x41905813) srai    a6, zero, 25
core   0: 3 0x8000605a (0x41905813) x16 0x00000000
core   0: 0x8000605e (0x02603fb3) mulhu   t6, zero, t1
core   0: 3 0x8000605e (0x02603fb3) x31 0x00000000
core   0: 0x80006062 (0x1fc88b13) addi    s6, a7, 508
core   0: 3 0x80006062 (0x1fc88b13) x22 0xf80001fd
core   0: 0x80006066 (0x4142d393) srai    t2, t0, 20
core   0: 3 0x80006066 (0x4142d393) x7  0x00000000
core   0: 0x8000606a (0x06591563) bne     s2, t0, pc + 106
core   0: 3 0x8000606a (0x06591563)
core   0: 0x800060d4 (0x03c74b63) blt     a4, t3, pc + 54
core   0: 3 0x800060d4 (0x03c74b63)
core   0: 0x8000610a (0x00008cd5) c.or    s1, a3
core   0: 3 0x8000610a (0x8cd5) x9  0xf7dbf480
core   0: 0x8000610c (0x0000e499) c.bnez  s1, pc + 14
core   0: 3 0x8000610c (0xe499)
core   0: 0x8000611a (0x0000865e) c.mv    a2, s7
core   0: 3 0x8000611a (0x865e) x12 0x379b7481
core   0: 0x8000611c (0x0064e263) bltu    s1, t1, pc + 4
core   0: 3 0x8000611c (0x0064e263)
core   0: 0x80006120 (0x00008cfd) c.and   s1, a5
core   0: 3 0x80006120 (0x8cfd) x9  0x00000000
core   0: 0x80006122 (0x00008cb5) c.xor   s1, a3
core   0: 3 0x80006122 (0x8cb5) x9  0x379b7480
core   0: 0x80006124 (0x01fc6b33) or      s6, s8, t6
core   0: 3 0x80006124 (0x01fc6b33) x22 0x00000000
core   0: 0x80006128 (0x37a28593) addi    a1, t0, 890
core   0: 3 0x80006128 (0x37a28593) x11 0x0001fa13
core   0: 0x8000612c (0x00008ba5) c.andi  a5, 9
core   0: 3 0x8000612c (0x8ba5) x15 0x00000000
core   0: 0x8000612e (0xabfa3013) sltiu   zero, s4, -1345
core   0: 3 0x8000612e (0xabfa3013)
core   0: 0x80006132 (0x40c55e13) srai    t3, a0, 12
core   0: 3 0x80006132 (0x40c55e13) x28 0xffff8002
core   0: 0x80006136 (0x03809f33) mulh    t5, ra, s8
core   0: 3 0x80006136 (0x03809f33) x30 0x00000000
core   0: 0x8000613a (0x00009a7d) c.andi  a2, -1
core   0: 3 0x8000613a (0x9a7d) x12 0x379b7481
core   0: 0x8000613c (0x8d2bfd13) andi    s10, s7, -1838
core   0: 3 0x8000613c (0x8d2bfd13) x26 0x379b7080
core   0: 0x80006140 (0x0023d413) srli    s0, t2, 2
core   0: 3 0x80006140 (0x0023d413) x8  0x00000000
core   0: 0x80006144 (0x03703533) mulhu   a0, zero, s7
core   0: 3 0x80006144 (0x03703533) x10 0x00000000
core   0: 0x80006148 (0x022ba233) mulhsu  tp, s7, sp
core   0: 3 0x80006148 (0x022ba233) x4  0x34e54353
core   0: 0x8000614c (0x035ec6b3) div     a3, t4, s5
core   0: 3 0x8000614c (0x035ec6b3) x13 0x00000000
core   0: 0x80006150 (0x0000958e) c.add   a1, gp
core   0: 3 0x80006150 (0x958e) x11 0x0001fa14
core   0: 0x80006152 (0x6226e413) ori     s0, a3, 1570
core   0: 3 0x80006152 (0x6226e413) x8  0x00000622
core   0: 0x80006156 (0x039977b3) remu    a5, s2, s9
core   0: 3 0x80006156 (0x039977b3) x15 0x77feade3
core   0: 0x8000615a (0x0000e705) c.bnez  a4, pc + 40
core   0: 3 0x8000615a (0xe705)
core   0: 0x80006182 (0x00af1733) sll     a4, t5, a0
core   0: 3 0x80006182 (0x00af1733) x14 0x00000000
core   0: 0x80006186 (0xdcc9e993) ori     s3, s3, -564
core   0: 3 0x80006186 (0xdcc9e993) x19 0xfffffdcf
core   0: 0x8000618a (0x0093de33) srl     t3, t2, s1
core   0: 3 0x8000618a (0x0093de33) x28 0x00000000
core   0: 0x8000618e (0x00000001) c.nop
core   0: 3 0x8000618e (0x0001)
core   0: 0x80006190 (0x00008de1) c.and   a1, s0
core   0: 3 0x80006190 (0x8de1) x11 0x00000200
core   0: 0x80006192 (0x0000e019) c.bnez  s0, pc + 6
core   0: 3 0x80006192 (0xe019)
core   0: 0x80006198 (0x0100c633) xor     a2, ra, a6
core   0: 3 0x80006198 (0x0100c633) x12 0xff17fb29
core   0: 0x8000619c (0x00041d33) sll     s10, s0, zero
core   0: 3 0x8000619c (0x00041d33) x26 0x00000622
core   0: 0x800061a0 (0x032df063) bgeu    s11, s2, pc + 32
core   0: 3 0x800061a0 (0x032df063)
core   0: 0x800061c0 (0x0000e089) c.bnez  s1, pc + 2
core   0: 3 0x800061c0 (0xe089)
core   0: 0x800061c2 (0x0067d533) srl     a0, a5, t1
core   0: 3 0x800061c2 (0x0067d533) x10 0x01dffab7
core   0: 0x800061c6 (0x00126463) bltu    tp, ra, pc + 8
core   0: 3 0x800061c6 (0x00126463)
core   0: 0x800061ce (0x01bdc333) xor     t1, s11, s11
core   0: 3 0x800061ce (0x01bdc333) x6  0x00000000
core   0: 0x800061d2 (0x004a2303) lw      t1, 4(s4)
core   0: 3 0x800061d2 (0x004a2303) x6  0x80004066 mem 0x80025ea0
core   0: 0x800061d6 (0x00000cda) c.slli  s9, 22
core   0: 3 0x800061d6 (0x0cda) x25 0x00000000
core   0: 0x800061d8 (0x405683b3) sub     t2, a3, t0
core   0: 3 0x800061d8 (0x405683b3) x7  0xfffe0967
core   0: 0x800061dc (0x000005c9) c.addi  a1, 18
core   0: 3 0x800061dc (0x05c9) x11 0x00000212
core   0: 0x800061de (0x0350f833) remu    a6, ra, s5
core   0: 3 0x800061de (0x0350f833) x16 0x7f155e05
core   0: 0x800061e2 (0x0194be33) sltu    t3, s1, s9
core   0: 3 0x800061e2 (0x0194be33) x28 0x00000000
core   0: 0x800061e6 (0x00000a21) c.addi  s4, 8
core   0: 3 0x800061e6 (0x0a21) x20 0x80025ea4
core   0: 0x800061e8 (0x00008e75) c.and   a2, a3
core   0: 3 0x800061e8 (0x8e75) x12 0x00000000
core   0: 0x800061ea (0x038341b3) div     gp, t1, s8
core   0: 3 0x800061ea (0x038341b3) x3  0xffffffff
core   0: 0x800061ee (0x00008f55) c.or    a4, a3
core   0: 3 0x800061ee (0x8f55) x14 0x00000000
core   0: 0x800061f0 (0x006c1b93) slli    s7, s8, 6
core   0: 3 0x800061f0 (0x006c1b93) x23 0x00000000
core   0: 0x800061f4 (0x00030b13) mv      s6, t1
core   0: 3 0x800061f4 (0x00030b13) x22 0x80004066
core   0: 0x800061f8 (0x000b0b67) jalr    s6, s6, 0
core   0: 3 0x800061f8 (0x000b0b67) x22 0x800061fc
core   0: 0x80004066 (0x41060db3) sub     s11, a2, a6
core   0: 3 0x80004066 (0x41060db3) x27 0x80eaa1fb
core   0: 0x8000406a (0x00004f8d) c.li    t6, 3
core   0: 3 0x8000406a (0x4f8d) x31 0x00000003
core   0: 0x8000406c (0x00008bf2) c.mv    s7, t3
core   0: 3 0x8000406c (0x8bf2) x23 0x00000000
core   0: 0x8000406e (0x001e1db3) sll     s11, t3, ra
core   0: 3 0x8000406e (0x001e1db3) x27 0x00000000
core   0: 0x80004072 (0x00000cce) c.slli  s9, 19
core   0: 3 0x80004072 (0x0cce) x25 0x00000000
core   0: 0x80004074 (0x00000001) c.nop
core   0: 3 0x80004074 (0x0001)
core   0: 0x80004076 (0x006ce533) or      a0, s9, t1
core   0: 3 0x80004076 (0x006ce533) x10 0x80004066
core   0: 0x8000407a (0x0106ff63) bgeu    a3, a6, pc + 30
core   0: 3 0x8000407a (0x0106ff63)
core   0: 0x8000407e (0xcc696f93) ori     t6, s2, -826
core   0: 3 0x8000407e (0xcc696f93) x31 0xfffffde7
core   0: 0x80004082 (0x2043c913) xori    s2, t2, 516
core   0: 3 0x80004082 (0x2043c913) x18 0xfffe0b63
core   0: 0x80004086 (0x0331f4b3) remu    s1, gp, s3
core   0: 3 0x80004086 (0x0331f4b3) x9  0x00000230
core   0: 0x8000408a (0x09446fb7) lui     t6, 0x9446
core   0: 3 0x8000408a (0x09446fb7) x31 0x09446000
core   0: 0x8000408e (0x0000057e) c.slli  a0, 31
core   0: 3 0x8000408e (0x057e) x10 0x00000000
core   0: 0x80004090 (0x00a1d513) srli    a0, gp, 10
core   0: 3 0x80004090 (0x00a1d513) x10 0x003fffff
core   0: 0x80004094 (0x1aa47c13) andi    s8, s0, 426
core   0: 3 0x80004094 (0x1aa47c13) x24 0x00000022
core   0: 0x80004098 (0x00871d13) slli    s10, a4, 8
core   0: 3 0x80004098 (0x00871d13) x26 0x00000000
core   0: 0x8000409c (0x02e66733) rem     a4, a2, a4
core   0: 3 0x8000409c (0x02e66733) x14 0x00000000
core   0: 0x800040a0 (0x00008711) c.srai  a4, 4
core   0: 3 0x800040a0 (0x8711) x14 0x00000000
core   0: 0x800040a2 (0x00008fe1) c.and   a5, s0
core   0: 3 0x800040a2 (0x8fe1) x15 0x00000422
core   0: 0x800040a4 (0x00008931) c.andi  a0, 12
core   0: 3 0x800040a4 (0x8931) x10 0x0000000c
core   0: 0x800040a6 (0x0000ed81) c.bnez  a1, pc + 24
core   0: 3 0x800040a6 (0xed81)
core   0: 0x800040be (0x0000597d) c.li    s2, -1
core   0: 3 0x800040be (0x597d) x18 0xffffffff
core   0: 0x800040c0 (0x03c67433) remu    s0, a2, t3
core   0: 3 0x800040c0 (0x03c67433) x8  0x00000000
core   0: 0x800040c4 (0x03407833) remu    a6, zero, s4
core   0: 3 0x800040c4 (0x03407833) x16 0x00000000
core   0: 0x800040c8 (0x02524363) blt     tp, t0, pc + 38
core   0: 3 0x800040c8 (0x02524363)
core   0: 0x800040cc (0x01f7fc33) and     s8, a5, t6
core   0: 3 0x800040cc (0x01f7fc33) x24 0x00000000
core   0: 0x800040d0 (0x0000e009) c.bnez  s0, pc + 2
core   0: 3 0x800040d0 (0xe009)
core   0: 0x800040d2 (0x00009afd) c.andi  a3, -1
core   0: 3 0x800040d2 (0x9afd) x13 0x00000000
core   0: 0x800040d4 (0x78489e37) lui     t3, 0x78489
core   0: 3 0x800040d4 (0x78489e37) x28 0x78489000
core   0: 0x800040d8 (0x006b1c33) sll     s8, s6, t1
core   0: 3 0x800040d8 (0x006b1c33) x24 0x00187f00
core   0: 0x800040dc (0x008ffd63) bgeu    t6, s0, pc + 26
core   0: 3 0x800040dc (0x008ffd63)
core   0: 0x800040f6 (0x00006c19) c.lui   s8, 0x6
core   0: 3 0x800040f6 (0x6c19) x24 0x00006000
core   0: 0x800040f8 (0x023c2333) mulhsu  t1, s8, gp
core   0: 3 0x800040f8 (0x023c2333) x6  0x00005fff
core   0: 0x800040fc (0x0000880a) c.mv    a6, sp
core   0: 3 0x800040fc (0x880a) x16 0xf38422e7
core   0: 0x800040fe (0x03bb7663) bgeu    s6, s11, pc + 44
core   0: 3 0x800040fe (0x03bb7663)
core   0: 0x8000412a (0x00009e96) c.add   t4, t0
core   0: 3 0x8000412a (0x9e96) x29 0x0001f699
core   0: 0x8000412c (0x015dce63) blt     s11, s5, pc + 28
core   0: 3 0x8000412c (0x015dce63)
core   0: 0x80004130 (0x00008d15) c.sub   a0, a3
core   0: 3 0x80004130 (0x8d15) x10 0x0000000c
core   0: 0x80004132 (0x1e912817) auipc   a6, 0x1e912
core   0: 3 0x80004132 (0x1e912817) x16 0x9e916132
core   0: 0x80004136 (0x00008ebd) c.xor   a3, a5
core   0: 3 0x80004136 (0x8ebd) x13 0x00000422
core   0: 0x80004138 (0x951ce193) ori     gp, s9, -1711
core   0: 3 0x80004138 (0x951ce193) x3  0xfffff951
core   0: 0x8000413c (0x0048c0b3) xor     ra, a7, tp
core   0: 3 0x8000413c (0x0048c0b3) x1  0xcce54352
core   0: 0x80004140 (0x01425893) srli    a7, tp, 20
core   0: 3 0x80004140 (0x01425893) x17 0x0000034e
core   0: 0x80004144 (0x00c9e433) or      s0, s3, a2
core   0: 3 0x80004144 (0x00c9e433) x8  0xfffffdcf
core   0: 0x80004148 (0x03580033) mul     zero, a6, s5
core   0: 3 0x80004148 (0x03580033)
core   0: 0x8000414c (0x03a136b3) mulhu   a3, sp, s10
core   0: 3 0x8000414c (0x03a136b3) x13 0x00000000
core   0: 0x80004150 (0x02147263) bgeu    s0, ra, pc + 36
core   0: 3 0x80004150 (0x02147263)
core   0: 0x80004174 (0x0000878d) c.srai  a5, 3
core   0: 3 0x80004174 (0x878d) x15 0x00000084
core   0: 0x80004176 (0xcf9e6913) ori     s2, t3, -775
core   0: 3 0x80004176 (0xcf9e6913) x18 0xfffffcf9
core   0: 0x8000417a (0x0000815d) c.srli  a0, 23
core   0: 3 0x8000417a (0x815d) x10 0x00000000
core   0: 0x8000417c (0x02bd40b3) div     ra, s10, a1
core   0: 3 0x8000417c (0x02bd40b3) x1  0x00000000
core   0: 0x80004180 (0x5cc3c813) xori    a6, t2, 1484
core   0: 3 0x80004180 (0x5cc3c813) x16 0xfffe0cab
core   0: 0x80004184 (0x024ae833) rem     a6, s5, tp
core   0: 3 0x80004184 (0x024ae833) x16 0xe9cd23ca
core   0: 0x80004188 (0x009d01b3) add     gp, s10, s1
core   0: 3 0x80004188 (0x009d01b3) x3  0x00000230
core   0: 0x8000418c (0x014c27b3) slt     a5, s8, s4
core   0: 3 0x8000418c (0x014c27b3) x15 0x00000000
core   0: 0x80004190 (0x00008d71) c.and   a0, a2
core   0: 3 0x80004190 (0x8d71) x10 0x00000000
core   0: 0x80004192 (0x02d9c833) div     a6, s3, a3
core   0: 3 0x80004192 (0x02d9c833) x16 0xffffffff
core   0: 0x80004196 (0x035dfb33) remu    s6, s11, s5
core   0: 3 0x80004196 (0x035dfb33) x22 0x00000000
core   0: 0x8000419a (0x00008881) c.andi  s1, 0
core   0: 3 0x8000419a (0x8881) x9  0x00000000
core   0: 0x8000419c (0x02869733) mulh    a4, a3, s0
core   0: 3 0x8000419c (0x02869733) x14 0x00000000
core   0: 0x800041a0 (0x027333b3) mulhu   t2, t1, t2
core   0: 3 0x800041a0 (0x027333b3) x7  0x00005ffe
core   0: 0x800041a4 (0x5791ab13) slti    s6, gp, 1401
core   0: 3 0x800041a4 (0x5791ab13) x22 0x00000001
core   0: 0x800041a8 (0x000092ea) c.add   t0, s10
core   0: 3 0x800041a8 (0x92ea) x5  0x0001f699
core   0: 0x800041aa (0x06042f13) slti    t5, s0, 96
core   0: 3 0x800041aa (0x06042f13) x30 0x00000001
core   0: 0x800041ae (0x4127d1b3) sra     gp, a5, s2
core   0: 3 0x800041ae (0x4127d1b3) x3  0x00000000
core   0: 0x800041b2 (0x0319abb3) mulhsu  s7, s3, a7
core   0: 3 0x800041b2 (0x0319abb3) x23 0xffffffff
core   0: 0x800041b6 (0x033dd063) bge     s11, s3, pc + 32
core   0: 3 0x800041b6 (0x033dd063)
core   0: 0x800041d6 (0x00028933) add     s2, t0, zero
core   0: 3 0x800041d6 (0x00028933) x18 0x0001f699
core   0: 0x800041da (0x41d0dc13) srai    s8, ra, 29
core   0: 3 0x800041da (0x41d0dc13) x24 0x00000000
core   0: 0x800041de (0x00008c99) c.sub   s1, a4
core   0: 3 0x800041de (0x8c99) x9  0x00000000
core   0: 0x800041e0 (0x00000521) c.addi  a0, 8
core   0: 3 0x800041e0 (0x0521) x10 0x00000008
core   0: 0x800041e2 (0x01822533) slt     a0, tp, s8
core   0: 3 0x800041e2 (0x01822533) x10 0x00000000
core   0: 0x800041e6 (0x0000931e) c.add   t1, t2
core   0: 3 0x800041e6 (0x931e) x6  0x0000bffd
core   0: 0x800041e8 (0x00008c91) c.sub   s1, a2
core   0: 3 0x800041e8 (0x8c91) x9  0x00000000
core   0: 0x800041ea (0x00008aa9) c.andi  a3, 10
core   0: 3 0x800041ea (0x8aa9) x13 0x00000000
core   0: 0x800041ec (0x1bb54013) xori    zero, a0, 443
core   0: 3 0x800041ec (0x1bb54013)
core   0: 0x800041f0 (0x00ddc463) blt     s11, a3, pc + 8
core   0: 3 0x800041f0 (0x00ddc463)
core   0: 0x800041f4 (0x03480363) beq     a6, s4, pc + 38
core   0: 3 0x800041f4 (0x03480363)
core   0: 0x800041f8 (0x026fceb3) div     t4, t6, t1
core   0: 3 0x800041f8 (0x026fceb3) x29 0x00000c5b
core   0: 0x800041fc (0x03781e63) bne     a6, s7, pc + 60
core   0: 3 0x800041fc (0x03781e63)
core   0: 0x80004200 (0x00179863) bne     a5, ra, pc + 16
core   0: 3 0x80004200 (0x00179863)
core   0: 0x80004204 (0x03d44333) div     t1, s0, t4
core   0: 3 0x80004204 (0x03d44333) x6  0x00000000
core   0: 0x80004208 (0x0369bfb3) mulhu   t6, s3, s6
core   0: 3 0x80004208 (0x0369bfb3) x31 0x00000000
core   0: 0x8000420c (0xc2c52697) auipc   a3, 0xc2c52
core   0: 3 0x8000420c (0xc2c52697) x13 0x42c5620c
core   0: 0x80004210 (0x4ebdf593) andi    a1, s11, 1259
core   0: 3 0x80004210 (0x4ebdf593) x11 0x00000000
core   0: 0x80004214 (0xdbaf0413) addi    s0, t5, -582
core   0: 3 0x80004214 (0xdbaf0413) x8  0xfffffdbb
core   0: 0x80004218 (0x00009f96) c.add   t6, t0
core   0: 3 0x80004218 (0x9f96) x31 0x0001f699
core   0: 0x8000421a (0x0000cc95) c.beqz  s1, pc + 60
core   0: 3 0x8000421a (0xcc95)
core   0: 0x80004256 (0x000090aa) c.add   ra, a0
core   0: 3 0x80004256 (0x90aa) x1  0x00000000
core   0: 0x80004258 (0x407ad913) srai    s2, s5, 7
core   0: 3 0x80004258 (0x407ad913) x18 0xff00053a
core   0: 0x8000425c (0x41e75433) sra     s0, a4, t5
core   0: 3 0x8000425c (0x41e75433) x8  0x00000000
core   0: 0x80004260 (0x007f0463) beq     t5, t2, pc + 8
core   0: 3 0x80004260 (0x007f0463)
core   0: 0x80004264 (0x00004f59) c.li    t5, 22
core   0: 3 0x80004264 (0x4f59) x30 0x00000016
core   0: 0x80004266 (0x0000c18d) c.beqz  a1, pc + 34
core   0: 3 0x80004266 (0xc18d)
core   0: 0x80004288 (0x05337163) bgeu    t1, s3, pc + 66
core   0: 3 0x80004288 (0x05337163)
core   0: 0x8000428c (0x03414bb3) div     s7, sp, s4
core   0: 3 0x8000428c (0x03414bb3) x23 0x00000000
core   0: 0x80004290 (0x3cc03093) sltiu   ra, zero, 972
core   0: 3 0x80004290 (0x3cc03093) x1  0x00000001
core   0: 0x80004294 (0x00273833) sltu    a6, a4, sp
core   0: 3 0x80004294 (0x00273833) x16 0x00000001
core   0: 0x80004298 (0x0369b333) mulhu   t1, s3, s6
core   0: 3 0x80004298 (0x0369b333) x6  0x00000000
core   0: 0x8000429c (0x00ec1d63) bne     s8, a4, pc + 26
core   0: 3 0x8000429c (0x00ec1d63)
core   0: 0x800042a0 (0x02eacc33) div     s8, s5, a4
core   0: 3 0x800042a0 (0x02eacc33) x24 0xffffffff
core   0: 0x800042a4 (0x02a2af33) mulhsu  t5, t0, a0
core   0: 3 0x800042a4 (0x02a2af33) x30 0x00000000
core   0: 0x800042a8 (0x0000859d) c.srai  a1, 7
core   0: 3 0x800042a8 (0x859d) x11 0x00000000
core   0: 0x800042aa (0xf2da3e93) sltiu   t4, s4, -211
core   0: 3 0x800042aa (0xf2da3e93) x29 0x00000001
core   0: 0x800042ae (0x000094fe) c.add   s1, t6
core   0: 3 0x800042ae (0x94fe) x9  0x0001f699
core   0: 0x800042b0 (0x00008e35) c.xor   a2, a3
core   0: 3 0x800042b0 (0x8e35) x12 0x42c5620c
core   0: 0x800042b2 (0xe1e24993) xori    s3, tp, -482
core   0: 3 0x800042b2 (0xe1e24993) x19 0xcb1abd4d
core   0: 0x800042b6 (0x0000ee89) c.bnez  a3, pc + 26
core   0: 3 0x800042b6 (0xee89)
core   0: 0x800042d0 (0x000080f1) c.srli  s1, 28
core   0: 3 0x800042d0 (0x80f1) x9  0x00000000
core   0: 0x800042d2 (0x0000c78d) c.beqz  a5, pc + 42
core   0: 3 0x800042d2 (0xc78d)
core   0: 0x800042fc (0x02359363) bne     a1, gp, pc + 38
core   0: 3 0x800042fc (0x02359363)
core   0: 0x80004300 (0x2d4c4413) xori    s0, s8, 724
core   0: 3 0x80004300 (0x2d4c4413) x8  0xfffffd2b
core   0: 0x80004304 (0x00480d63) beq     a6, tp, pc + 26
core   0: 3 0x80004304 (0x00480d63)
core   0: 0x80004308 (0x00006855) c.lui   a6, 0x15
core   0: 3 0x80004308 (0x6855) x16 0x00015000
core   0: 0x8000430a (0x6fc48d13) addi    s10, s1, 1788
core   0: 3 0x8000430a (0x6fc48d13) x26 0x000006fc
core   0: 0x8000430e (0x7f508417) auipc   s0, 0x7f508
core   0: 3 0x8000430e (0x7f508417) x8  0xff50c30e
core   0: 0x80004312 (0xd3ac0893) addi    a7, s8, -710
core   0: 3 0x80004312 (0xd3ac0893) x17 0xfffffd39
core   0: 0x80004316 (0x00281c33) sll     s8, a6, sp
core   0: 3 0x80004316 (0x00281c33) x24 0x00a80000
core   0: 0x8000431a (0x01d31633) sll     a2, t1, t4
core   0: 3 0x8000431a (0x01d31633) x12 0x00000000
core   0: 0x8000431e (0x021789b3) mul     s3, a5, ra
core   0: 3 0x8000431e (0x021789b3) x19 0x00000000
core   0: 0x80004322 (0x00008375) c.srli  a4, 29
core   0: 3 0x80004322 (0x8375) x14 0x00000000
core   0: 0x80004324 (0x231bb093) sltiu   ra, s7, 561
core   0: 3 0x80004324 (0x231bb093) x1  0x00000001
core   0: 0x80004328 (0x00690d63) beq     s2, t1, pc + 26
core   0: 3 0x80004328 (0x00690d63)
core   0: 0x8000432c (0x0000054a) c.slli  a0, 18
core   0: 3 0x8000432c (0x054a) x10 0x00000000
core   0: 0x8000432e (0x00e1a033) slt     zero, gp, a4
core   0: 3 0x8000432e (0x00e1a033)
core   0: 0x80004332 (0x02f48bb3) mul     s7, s1, a5
core   0: 3 0x80004332 (0x02f48bb3) x23 0x00000000
core   0: 0x80004336 (0x00008ee1) c.and   a3, s0
core   0: 3 0x80004336 (0x8ee1) x13 0x4240420c
core   0: 0x80004338 (0x00000001) c.nop
core   0: 3 0x80004338 (0x0001)
core   0: 0x8000433a (0x000082a2) c.mv    t0, s0
core   0: 3 0x8000433a (0x82a2) x5  0xff50c30e
core   0: 0x8000433c (0x00c31633) sll     a2, t1, a2
core   0: 3 0x8000433c (0x00c31633) x12 0x00000000
core   0: 0x80004340 (0x00009afd) c.andi  a3, -1
core   0: 3 0x80004340 (0x9afd) x13 0x4240420c
core   0: 0x80004342 (0x00000749) c.addi  a4, 18
core   0: 3 0x80004342 (0x0749) x14 0x00000012
core   0: 0x80004344 (0x000080ae) c.mv    ra, a1
core   0: 3 0x80004344 (0x80ae) x1  0x00000000
core   0: 0x80004346 (0x00cd64b3) or      s1, s10, a2
core   0: 3 0x80004346 (0x00cd64b3) x9  0x000006fc
core   0: 0x8000434a (0x02fb2233) mulhsu  tp, s6, a5
core   0: 3 0x8000434a (0x02fb2233) x4  0x00000000
core   0: 0x8000434e (0x00008d49) c.or    a0, a0
core   0: 3 0x8000434e (0x8d49) x10 0x00000000
core   0: 0x80004350 (0x00c2ce33) xor     t3, t0, a2
core   0: 3 0x80004350 (0x00c2ce33) x28 0xff50c30e
core   0: 0x80004354 (0x0001e663) bltu    gp, zero, pc + 12
core   0: 3 0x80004354 (0x0001e663)
core   0: 0x80004358 (0xe6cd8937) lui     s2, 0xe6cd8
core   0: 3 0x80004358 (0xe6cd8937) x18 0xe6cd8000
core   0: 0x8000435c (0x40ee0fb3) sub     t6, t3, a4
core   0: 3 0x8000435c (0x40ee0fb3) x31 0xff50c2fc
core   0: 0x80004360 (0x00004fc9) c.li    t6, 18
core   0: 3 0x80004360 (0x4fc9) x31 0x00000012
core   0: 0x80004362 (0x2883ef13) ori     t5, t2, 648
core   0: 3 0x80004362 (0x2883ef13) x30 0x00005ffe
core   0: 0x80004366 (0x00000001) c.nop
core   0: 3 0x80004366 (0x0001)
core   0: 0x80004368 (0x0053da63) bge     t2, t0, pc + 20
core   0: 3 0x80004368 (0x0053da63)
core   0: 0x8000437c (0x02fdcd33) div     s10, s11, a5
core   0: 3 0x8000437c (0x02fdcd33) x26 0xffffffff
core   0: 0x80004380 (0x41aedd33) sra     s10, t4, s10
core   0: 3 0x80004380 (0x41aedd33) x26 0x00000000
core   0: 0x80004384 (0x00008d52) c.mv    s10, s4
core   0: 3 0x80004384 (0x8d52) x26 0x80025ea4
core   0: 0x80004386 (0x03421863) bne     tp, s4, pc + 48
core   0: 3 0x80004386 (0x03421863)
core   0: 0x800043b6 (0x4171deb3) sra     t4, gp, s7
core   0: 3 0x800043b6 (0x4171deb3) x29 0x00000000
core   0: 0x800043ba (0x00fff8b3) and     a7, t6, a5
core   0: 3 0x800043ba (0x00fff8b3) x17 0x00000000
core   0: 0x800043be (0x018b0eb3) add     t4, s6, s8
core   0: 3 0x800043be (0x018b0eb3) x29 0x00a80001
core   0: 0x800043c2 (0x00393eb3) sltu    t4, s2, gp
core   0: 3 0x800043c2 (0x00393eb3) x29 0x00000000
core   0: 0x800043c6 (0x5a8d4493) xori    s1, s10, 1448
core   0: 3 0x800043c6 (0x5a8d4493) x9  0x80025b0c
core   0: 0x800043ca (0x0000e339) c.bnez  a4, pc + 70
core   0: 3 0x800043ca (0xe339)
core   0: 0x80004410 (0x00008e1d) c.sub   a2, a5
core   0: 3 0x80004410 (0x8e1d) x12 0x00000000
core   0: 0x80004412 (0x03c237b3) mulhu   a5, tp, t3
core   0: 3 0x80004412 (0x03c237b3) x15 0x00000000
core   0: 0x80004416 (0x02763033) mulhu   zero, a2, t2
core   0: 3 0x80004416 (0x02763033)
core   0: 0x8000441a (0x02a83eb3) mulhu   t4, a6, a0
core   0: 3 0x8000441a (0x02a83eb3) x29 0x00000000
core   0: 0x8000441e (0x035f0033) mul     zero, t5, s5
core   0: 3 0x8000441e (0x035f0033)
core   0: 0x80004422 (0xc363f013) andi    zero, t2, -970
core   0: 3 0x80004422 (0xc363f013)
core   0: 0x80004426 (0x00492c33) slt     s8, s2, tp
core   0: 3 0x80004426 (0x00492c33) x24 0x00000001
core   0: 0x8000442a (0x030ba033) mulhsu  zero, s7, a6
core   0: 3 0x8000442a (0x030ba033)
core   0: 0x8000442e (0x00000001) c.nop
core   0: 3 0x8000442e (0x0001)
core   0: 0x80004430 (0x00202bb3) slt     s7, zero, sp
core   0: 3 0x80004430 (0x00202bb3) x23 0x00000000
core   0: 0x80004434 (0x000096a2) c.add   a3, s0
core   0: 3 0x80004434 (0x96a2) x13 0x4191051a
core   0: 0x80004436 (0x00000986) c.slli  s3, 1
core   0: 3 0x80004436 (0x0986) x19 0x00000000
core   0: 0x80004438 (0x00000522) c.slli  a0, 8
core   0: 3 0x80004438 (0x0522) x10 0x00000000
core   0: 0x8000443a (0xab06eb13) ori     s6, a3, -1360
core   0: 3 0x8000443a (0xab06eb13) x22 0xffffffba
core   0: 0x8000443e (0x0165b0b3) sltu    ra, a1, s6
core   0: 3 0x8000443e (0x0165b0b3) x1  0x00000001
core   0: 0x80004442 (0x00008ead) c.xor   a3, a1
core   0: 3 0x80004442 (0x8ead) x13 0x4191051a
core   0: 0x80004444 (0x84180d13) addi    s10, a6, -1983
core   0: 3 0x80004444 (0x84180d13) x26 0x00014841
core   0: 0x80004448 (0x2dbc9737) lui     a4, 0x2dbc9
core   0: 3 0x80004448 (0x2dbc9737) x14 0x2dbc9000
core   0: 0x8000444c (0x05bc5063) bge     s8, s11, pc + 64
core   0: 3 0x8000444c (0x05bc5063)
core   0: 0x8000448c (0x00008e39) c.xor   a2, a4
core   0: 3 0x8000448c (0x8e39) x12 0x2dbc9000
core   0: 0x8000448e (0x01750cb3) add     s9, a0, s7
core   0: 3 0x8000448e (0x01750cb3) x25 0x00000000
core   0: 0x80004492 (0x0000874d) c.srai  a4, 19
core   0: 3 0x80004492 (0x874d) x14 0x000005b7
core   0: 0x80004494 (0x00205663) bge     zero, sp, pc + 12
core   0: 3 0x80004494 (0x00205663)
core   0: 0x800044a0 (0x00000001) c.nop
core   0: 3 0x800044a0 (0x0001)
core   0: 0x800044a2 (0x0000062a) c.slli  a2, 10
core   0: 3 0x800044a2 (0x062a) x12 0xf2400000
core   0: 0x800044a4 (0x00000e66) c.slli  t3, 25
core   0: 3 0x800044a4 (0x0e66) x28 0x1c000000
core   0: 0x800044a6 (0x00008e3d) c.xor   a2, a5
core   0: 3 0x800044a6 (0x8e3d) x12 0xf2400000
core   0: 0x800044a8 (0xac48c513) xori    a0, a7, -1340
core   0: 3 0x800044a8 (0xac48c513) x10 0xfffffac4
core   0: 0x800044ac (0x00000001) c.nop
core   0: 3 0x800044ac (0x0001)
core   0: 0x800044ae (0x013145b3) xor     a1, sp, s3
core   0: 3 0x800044ae (0x013145b3) x11 0xf38422e7
core   0: 0x800044b2 (0x0000e219) c.bnez  a2, pc + 6
core   0: 3 0x800044b2 (0xe219)
core   0: 0x800044b8 (0x00008fb9) c.xor   a5, a4
core   0: 3 0x800044b8 (0x8fb9) x15 0x000005b7
core   0: 0x800044ba (0x020a09b3) mul     s3, s4, zero
core   0: 3 0x800044ba (0x020a09b3) x19 0x00000000
core   0: 0x800044be (0x014e1f63) bne     t3, s4, pc + 30
core   0: 3 0x800044be (0x014e1f63)
core   0: 0x800044dc (0x01b99313) slli    t1, s3, 27
core   0: 3 0x800044dc (0x01b99313) x6  0x00000000
core   0: 0x800044e0 (0x402ad613) srai    a2, s5, 2
core   0: 3 0x800044e0 (0x402ad613) x12 0xe000a749
core   0: 0x800044e4 (0x00009fd6) c.add   t6, s5
core   0: 3 0x800044e4 (0x9fd6) x31 0x80029d36
core   0: 0x800044e6 (0x0000885e) c.mv    a6, s7
core   0: 3 0x800044e6 (0x885e) x16 0x00000000
core   0: 0x800044e8 (0x031535b3) mulhu   a1, a0, a7
core   0: 3 0x800044e8 (0x031535b3) x11 0x00000000
core   0: 0x800044ec (0x000011fd) c.addi  gp, -1
core   0: 3 0x800044ec (0x11fd) x3  0xffffffff
core   0: 0x800044ee (0x0306f7b3) remu    a5, a3, a6
core   0: 3 0x800044ee (0x0306f7b3) x15 0x4191051a
core   0: 0x800044f2 (0x00008269) c.srli  a2, 26
core   0: 3 0x800044f2 (0x8269) x12 0x00000038
core   0: 0x800044f4 (0x00008e15) c.sub   a2, a3
core   0: 3 0x800044f4 (0x8e15) x12 0xbe6efb1e
core   0: 0x800044f6 (0x0368f533) remu    a0, a7, s6
core   0: 3 0x800044f6 (0x0368f533) x10 0x00000000
core   0: 0x800044fa (0x00008c89) c.sub   s1, a0
core   0: 3 0x800044fa (0x8c89) x9  0x80025b0c
core   0: 0x800044fc (0x41c10333) sub     t1, sp, t3
core   0: 3 0x800044fc (0x41c10333) x6  0xd78422e7
core   0: 0x80004500 (0x0325c8b3) div     a7, a1, s2
core   0: 3 0x80004500 (0x0325c8b3) x17 0x00000000
core   0: 0x80004504 (0x0366e033) rem     zero, a3, s6
core   0: 3 0x80004504 (0x0366e033)
core   0: 0x80004508 (0x02586663) bltu    a6, t0, pc + 44
core   0: 3 0x80004508 (0x02586663)
core   0: 0x80004534 (0x00c4c3b3) xor     t2, s1, a2
core   0: 3 0x80004534 (0x00c4c3b3) x7  0x3e6ca012
core   0: 0x80004538 (0x0092cd63) blt     t0, s1, pc + 26
core   0: 3 0x80004538 (0x0092cd63)
core   0: 0x8000453c (0x00000001) c.nop
core   0: 3 0x8000453c (0x0001)
core   0: 0x8000453e (0x0000997d) c.andi  a0, -1
core   0: 3 0x8000453e (0x997d) x10 0x00000000
core   0: 0x80004540 (0x013c6263) bltu    s8, s3, pc + 4
core   0: 3 0x80004540 (0x013c6263)
core   0: 0x80004544 (0x0000025a) c.slli  tp, 22
core   0: 3 0x80004544 (0x025a) x4  0x00000000
core   0: 0x80004546 (0x02a7f863) bgeu    a5, a0, pc + 48
core   0: 3 0x80004546 (0x02a7f863)
core   0: 0x80004576 (0x00008519) c.srai  a0, 6
core   0: 3 0x80004576 (0x8519) x10 0x00000000
core   0: 0x80004578 (0x00008c81) c.sub   s1, s0
core   0: 3 0x80004578 (0x8c81) x9  0x80b197fe
core   0: 0x8000457a (0x000083b9) c.srli  a5, 14
core   0: 3 0x8000457a (0x83b9) x15 0x00010644
core   0: 0x8000457c (0x026eb033) mulhu   zero, t4, t1
core   0: 3 0x8000457c (0x026eb033)
core   0: 0x80004580 (0x03373eb3) mulhu   t4, a4, s3
core   0: 3 0x80004580 (0x03373eb3) x29 0x00000000
core   0: 0x80004584 (0x000084f5) c.srai  s1, 29
core   0: 3 0x80004584 (0x84f5) x9  0xfffffffc
core   0: 0x80004586 (0x0000056e) c.slli  a0, 27
core   0: 3 0x80004586 (0x056e) x10 0x00000000
core   0: 0x80004588 (0x00000d45) c.addi  s10, 17
core   0: 3 0x80004588 (0x0d45) x26 0x00014852
core   0: 0x8000458a (0x0280acb3) mulhsu  s9, ra, s0
core   0: 3 0x8000458a (0x0280acb3) x25 0x00000000
core   0: 0x8000458e (0x003dff63) bgeu    s11, gp, pc + 30
core   0: 3 0x8000458e (0x003dff63)
core   0: 0x80004592 (0x3b507493) andi    s1, zero, 949
core   0: 3 0x80004592 (0x3b507493) x9  0x00000000
core   0: 0x80004596 (0x000dadb3) slt     s11, s11, zero
core   0: 3 0x80004596 (0x000dadb3) x27 0x00000000
core   0: 0x8000459a (0x7a15bb13) sltiu   s6, a1, 1953
core   0: 3 0x8000459a (0x7a15bb13) x22 0x00000001
core   0: 0x8000459e (0x7fa77293) andi    t0, a4, 2042
core   0: 3 0x8000459e (0x7fa77293) x5  0x000005b2
core   0: 0x800045a2 (0x41ce5613) srai    a2, t3, 28
core   0: 3 0x800045a2 (0x41ce5613) x12 0x00000001
core   0: 0x800045a6 (0x00000001) c.nop
core   0: 3 0x800045a6 (0x0001)
core   0: 0x800045a8 (0x00c877b3) and     a5, a6, a2
core   0: 3 0x800045a8 (0x00c877b3) x15 0x00000000
core   0: 0x800045ac (0x03ec3793) sltiu   a5, s8, 62
core   0: 3 0x800045ac (0x03ec3793) x15 0x00000001
core   0: 0x800045b0 (0x0000d897) auipc   a7, 0xd
core   0: 3 0x800045b0 (0x0000d897) x17 0x800115b0
core   0: 0x800045b4 (0x9b888893) addi    a7, a7, -1608
core   0: 3 0x800045b4 (0x9b888893) x17 0x80010f68
core   0: 0x800045b8 (0x4049d7b3) sra     a5, s3, tp
core   0: 3 0x800045b8 (0x4049d7b3) x15 0x00000000
core   0: 0x800045bc (0x0818c303) lbu     t1, 129(a7)
core   0: 3 0x800045bc (0x0818c303) x6  0x000000a2 mem 0x80010fe9
core   0: 0x800045c0 (0x039d39b3) mulhu   s3, s10, s9
core   0: 3 0x800045c0 (0x039d39b3) x19 0x00000000
core   0: 0x800045c4 (0x0738c503) lbu     a0, 115(a7)
core   0: 3 0x800045c4 (0x0738c503) x10 0x00000090 mem 0x80010fdb
core   0: 0x800045c8 (0x03060633) mul     a2, a2, a6
core   0: 3 0x800045c8 (0x03060633) x12 0x00000000
core   0: 0x800045cc (0x00008249) c.srli  a2, 18
core   0: 3 0x800045cc (0x8249) x12 0x00000000
core   0: 0x800045ce (0xfde88183) lb      gp, -34(a7)
core   0: 3 0x800045ce (0xfde88183) x3  0xfffffffd mem 0x80010f46
core   0: 0x800045d2 (0x0269d7b3) divu    a5, s3, t1
core   0: 3 0x800045d2 (0x0269d7b3) x15 0x00000000
core   0: 0x800045d6 (0xf6289983) lh      s3, -158(a7)
core   0: 3 0x800045d6 (0xf6289983) x19 0xffff8081 mem 0x80010eca
core   0: 0x800045da (0xf8188d83) lb      s11, -127(a7)
core   0: 3 0x800045da (0xf8188d83) x27 0xffffffa2 mem 0x80010ee9
core   0: 0x800045de (0x000099aa) c.add   s3, a0
core   0: 3 0x800045de (0x99aa) x19 0xffff8111
core   0: 0x800045e0 (0x000088c1) c.andi  s1, 16
core   0: 3 0x800045e0 (0x88c1) x9  0x00000000
core   0: 0x800045e2 (0x0158ce03) lbu     t3, 21(a7)
core   0: 3 0x800045e2 (0x0158ce03) x28 0x00000036 mem 0x80010f7d
core   0: 0x800045e6 (0x00008e85) c.sub   a3, s1
core   0: 3 0x800045e6 (0x8e85) x13 0x4191051a
core   0: 0x800045e8 (0x0337be33) mulhu   t3, a5, s3
core   0: 3 0x800045e8 (0x0337be33) x28 0x00000000
core   0: 0x800045ec (0x00000001) c.nop
core   0: 3 0x800045ec (0x0001)
core   0: 0x800045ee (0xfd788783) lb      a5, -41(a7)
core   0: 3 0x800045ee (0xfd788783) x15 0xfffffff4 mem 0x80010f3f
core   0: 0x800045f2 (0x40ab2013) slti    zero, s6, 1034
core   0: 3 0x800045f2 (0x40ab2013)
core   0: 0x800045f6 (0x01788b83) lb      s7, 23(a7)
core   0: 3 0x800045f6 (0x01788b83) x23 0x00000034 mem 0x80010f7f
core   0: 0x800045fa (0x00000001) c.nop
core   0: 3 0x800045fa (0x0001)
core   0: 0x800045fc (0xf6b88203) lb      tp, -149(a7)
core   0: 3 0x800045fc (0xf6b88203) x4  0xffffff88 mem 0x80010ed3
core   0: 0x80004600 (0x0a388803) lb      a6, 163(a7)
core   0: 3 0x80004600 (0x0a388803) x16 0xffffffc0 mem 0x8001100b
core   0: 0x80004604 (0x41ce5c13) srai    s8, t3, 28
core   0: 3 0x80004604 (0x41ce5c13) x24 0x00000000
core   0: 0x80004608 (0x00489903) lh      s2, 4(a7)
core   0: 3 0x80004608 (0x00489903) x18 0x00002627 mem 0x80010f6c
core   0: 0x8000460c (0x404ede13) srai    t3, t4, 4
core   0: 3 0x8000460c (0x404ede13) x28 0x00000000
core   0: 0x80004610 (0x0d388fa3) sb      s3, 223(a7)
core   0: 3 0x80004610 (0x0d388fa3) mem 0x80011047 0x11
core   0: 0x80004614 (0xf9e89203) lh      tp, -98(a7)
core   0: 3 0x80004614 (0xf9e89203) x4  0xffffbcbd mem 0x80010f06
core   0: 0x80004618 (0x06988003) lb      zero, 105(a7)
core   0: 3 0x80004618 (0x06988003) mem 0x80010fd1
core   0: 0x8000461c (0x555fe313) ori     t1, t6, 1365
core   0: 3 0x8000461c (0x555fe313) x6  0x80029d77
core   0: 0x80004620 (0xfee880a3) sb      a4, -31(a7)
core   0: 3 0x80004620 (0xfee880a3) mem 0x80010f49 0xb7
core   0: 0x80004624 (0xff388f83) lb      t6, -13(a7)
core   0: 3 0x80004624 (0xff388f83) x31 0x00000010 mem 0x80010f5b
core   0: 0x80004628 (0x08e883a3) sb      a4, 135(a7)
core   0: 3 0x80004628 (0x08e883a3) mem 0x80010fef 0xb7
core   0: 0x8000462c (0x032e67b3) rem     a5, t3, s2
core   0: 3 0x8000462c (0x032e67b3) x15 0x00000000
core   0: 0x80004630 (0x06488483) lb      s1, 100(a7)
core   0: 3 0x80004630 (0x06488483) x9  0xffffff87 mem 0x80010fcc
core   0: 0x80004634 (0xcc1f7e13) andi    t3, t5, -831
core   0: 3 0x80004634 (0xcc1f7e13) x28 0x00005cc0
core   0: 0x80004638 (0x40dd0733) sub     a4, s10, a3
core   0: 3 0x80004638 (0x40dd0733) x14 0xbe704338
core   0: 0x8000463c (0x503e4f13) xori    t5, t3, 1283
core   0: 3 0x8000463c (0x503e4f13) x30 0x000059c3
core   0: 0x80004640 (0x018e7333) and     t1, t3, s8
core   0: 3 0x80004640 (0x018e7333) x6  0x00000000
core   0: 0x80004644 (0x02e0f433) remu    s0, ra, a4
core   0: 3 0x80004644 (0x02e0f433) x8  0x00000001
core   0: 0x80004648 (0xf948dd83) lhu     s11, -108(a7)
core   0: 3 0x80004648 (0xf948dd83) x27 0x0000b6b7 mem 0x80010efc
core   0: 0x8000464c (0x07f8a423) sw      t6, 104(a7)
core   0: 3 0x8000464c (0x07f8a423) mem 0x80010fd0 0x00000010
core   0: 0x80004650 (0x00008fc1) c.or    a5, s0
core   0: 3 0x80004650 (0x8fc1) x15 0x00000001
core   0: 0x80004652 (0x0c689583) lh      a1, 198(a7)
core   0: 3 0x80004652 (0x0c689583) x11 0xffffe4e5 mem 0x8001102e
core   0: 0x80004656 (0x04789f23) sh      t2, 94(a7)
core   0: 3 0x80004656 (0x04789f23) mem 0x80010fc6 0xa012
core   0: 0x8000465a (0x0af88083) lb      ra, 175(a7)
core   0: 3 0x8000465a (0x0af88083) x1  0xffffffcc mem 0x80011017
core   0: 0x8000465e (0x00000805) c.addi  a6, 1
core   0: 3 0x8000465e (0x0805) x16 0xffffffc1
core   0: 0x80004660 (0xf0c888a3) sb      a2, -239(a7)
core   0: 3 0x80004660 (0xf0c888a3) mem 0x80010e79 0x00
core   0: 0x80004664 (0x01689283) lh      t0, 22(a7)
core   0: 3 0x80004664 (0x01689283) x5  0x00003435 mem 0x80010f7e
core   0: 0x80004668 (0x07f886a3) sb      t6, 109(a7)
core   0: 3 0x80004668 (0x07f886a3) mem 0x80010fd5 0x10
core   0: 0x8000466c (0x0828c403) lbu     s0, 130(a7)
core   0: 3 0x8000466c (0x0828c403) x8  0x000000a1 mem 0x80010fea
core   0: 0x80004670 (0x01085413) srli    s0, a6, 16
core   0: 3 0x80004670 (0x01085413) x8  0x0000ffff
core   0: 0x80004674 (0xf3389e23) sh      s3, -196(a7)
core   0: 3 0x80004674 (0xf3389e23) mem 0x80010ea4 0x8111
core   0: 0x80004678 (0x09a8dd83) lhu     s11, 154(a7)
core   0: 3 0x80004678 (0x09a8dd83) x27 0x0000b8b9 mem 0x80011002
core   0: 0x8000467c (0x0528c803) lbu     a6, 82(a7)
core   0: 3 0x8000467c (0x0528c803) x16 0x00000071 mem 0x80010fba
core   0: 0x80004680 (0x00000d3a) c.slli  s10, 14
core   0: 3 0x80004680 (0x0d3a) x26 0x52148000
core   0: 0x80004682 (0xc7346b93) ori     s7, s0, -909
core   0: 3 0x80004682 (0xc7346b93) x23 0xffffffff
core   0: 0x80004686 (0x00009f2e) c.add   t5, a1
core   0: 3 0x80004686 (0x9f2e) x30 0x00003ea8
core   0: 0x80004688 (0x0132eb63) bltu    t0, s3, pc + 22
core   0: 3 0x80004688 (0x0132eb63)
core   0: 0x8000469e (0xc5e9cb93) xori    s7, s3, -930
core   0: 3 0x8000469e (0xc5e9cb93) x23 0x00007d4f
core   0: 0x800046a2 (0x57c33b97) auipc   s7, 0x57c33
core   0: 3 0x800046a2 (0x57c33b97) x23 0xd7c376a2
core   0: 0x800046a6 (0x03c3eeb3) rem     t4, t2, t3
core   0: 3 0x800046a6 (0x03c3eeb3) x29 0x00001712
core   0: 0x800046aa (0x02688c63) beq     a7, t1, pc + 56
core   0: 3 0x800046aa (0x02688c63)
core   0: 0x800046ae (0x0000424d) c.li    tp, 19
core   0: 3 0x800046ae (0x424d) x4  0x00000013
core   0: 0x800046b0 (0x408edd13) srai    s10, t4, 8
core   0: 3 0x800046b0 (0x408edd13) x26 0x00000017
core   0: 0x800046b4 (0x03b45b33) divu    s6, s0, s11
core   0: 3 0x800046b4 (0x03b45b33) x22 0x00000001
core   0: 0x800046b8 (0x01f822b3) slt     t0, a6, t6
core   0: 3 0x800046b8 (0x01f822b3) x5  0x00000000
core   0: 0x800046bc (0x00008ead) c.xor   a3, a1
core   0: 3 0x800046bc (0x8ead) x13 0xbe6ee1ff
core   0: 0x800046be (0x67d00613) li      a2, 1661
core   0: 3 0x800046be (0x67d00613) x12 0x0000067d
core   0: 0x800046c2 (0x0000e019) c.bnez  s0, pc + 6
core   0: 3 0x800046c2 (0xe019)
core   0: 0x800046c8 (0x0095f333) and     t1, a1, s1
core   0: 3 0x800046c8 (0x0095f333) x6  0xffffe485
core   0: 0x800046cc (0x00008261) c.srli  a2, 24
core   0: 3 0x800046cc (0x8261) x12 0x00000000
core   0: 0x800046ce (0x01e4dd93) srli    s11, s1, 30
core   0: 3 0x800046ce (0x01e4dd93) x27 0x00000003
core   0: 0x800046d2 (0x03ef9733) mulh    a4, t6, t5
core   0: 3 0x800046d2 (0x03ef9733) x14 0x00000000
core   0: 0x800046d6 (0x00008bd5) c.andi  a5, 21
core   0: 3 0x800046d6 (0x8bd5) x15 0x00000001
core   0: 0x800046d8 (0x01671513) slli    a0, a4, 22
core   0: 3 0x800046d8 (0x01671513) x10 0x00000000
core   0: 0x800046dc (0x0000cd01) c.beqz  a0, pc + 24
core   0: 3 0x800046dc (0xcd01)
core   0: 0x800046f4 (0x011752b3) srl     t0, a4, a7
core   0: 3 0x800046f4 (0x011752b3) x5  0x00000000
core   0: 0x800046f8 (0x03af0433) mul     s0, t5, s10
core   0: 3 0x800046f8 (0x03af0433) x8  0x0005a118
core   0: 0x800046fc (0x0000ed15) c.bnez  a0, pc + 60
core   0: 3 0x800046fc (0xed15)
core   0: 0x800046fe (0x03f109b3) mul     s3, sp, t6
core   0: 3 0x800046fe (0x03f109b3) x19 0x38422e70
core   0: 0x80004702 (0x03a06033) rem     zero, zero, s10
core   0: 3 0x80004702 (0x03a06033)
core   0: 0x80004706 (0x3788f713) andi    a4, a7, 888
core   0: 3 0x80004706 (0x3788f713) x14 0x00000368
core   0: 0x8000470a (0x42556c93) ori     s9, a0, 1061
core   0: 3 0x8000470a (0x42556c93) x25 0x00000425
core   0: 0x8000470e (0x00ccf5b3) and     a1, s9, a2
core   0: 3 0x8000470e (0x00ccf5b3) x11 0x00000000
core   0: 0x80004712 (0x018e7f63) bgeu    t3, s8, pc + 30
core   0: 3 0x80004712 (0x018e7f63)
core   0: 0x80004730 (0x00008dbd) c.xor   a1, a5
core   0: 3 0x80004730 (0x8dbd) x11 0x00000001
core   0: 0x80004732 (0x00009f12) c.add   t5, tp
core   0: 3 0x80004732 (0x9f12) x30 0x00003ebb
core   0: 0x80004734 (0x01bf7563) bgeu    t5, s11, pc + 10
core   0: 3 0x80004734 (0x01bf7563)
core   0: 0x8000473e (0x02c74633) div     a2, a4, a2
core   0: 3 0x8000473e (0x02c74633) x12 0xffffffff
core   0: 0x80004742 (0x033a7533) remu    a0, s4, s3
core   0: 3 0x80004742 (0x033a7533) x10 0x0f7e01c4
core   0: 0x80004746 (0x023d26b3) mulhsu  a3, s10, gp
core   0: 3 0x80004746 (0x023d26b3) x13 0x00000016
core   0: 0x8000474a (0x409bd833) sra     a6, s7, s1
core   0: 3 0x8000474a (0x409bd833) x16 0xffaf86ed
core   0: 0x8000474e (0x00009c96) c.add   s9, t0
core   0: 3 0x8000474e (0x9c96) x25 0x00000425
core   0: 0x80004750 (0x00008051) c.srli  s0, 20
core   0: 3 0x80004750 (0x8051) x8  0x00000000
core   0: 0x80004752 (0x000085de) c.mv    a1, s7
core   0: 3 0x80004752 (0x85de) x11 0xd7c376a2
core   0: 0x80004754 (0x00f06fb3) or      t6, zero, a5
core   0: 3 0x80004754 (0x00f06fb3) x31 0x00000001
core   0: 0x80004758 (0xf6130d97) auipc   s11, 0xf6130
core   0: 3 0x80004758 (0xf6130d97) x27 0x76134758
core   0: 0x8000475c (0x00000001) c.nop
core   0: 3 0x8000475c (0x0001)
core   0: 0x8000475e (0x0337f233) remu    tp, a5, s3
core   0: 3 0x8000475e (0x0337f233) x4  0x00000001
core   0: 0x80004762 (0xbc11e017) auipc   zero, 0xbc11e
core   0: 3 0x80004762 (0xbc11e017)
core   0: 0x80004766 (0x00000001) c.nop
core   0: 3 0x80004766 (0x0001)
core   0: 0x80004768 (0x00980233) add     tp, a6, s1
core   0: 3 0x80004768 (0x00980233) x4  0xffaf8674
core   0: 0x8000476c (0x01bb5213) srli    tp, s6, 27
core   0: 3 0x8000476c (0x01bb5213) x4  0x00000000
core   0: 0x80004770 (0x019e3f33) sltu    t5, t3, s9
core   0: 3 0x80004770 (0x019e3f33) x30 0x00000000
core   0: 0x80004774 (0x41545d33) sra     s10, s0, s5
core   0: 3 0x80004774 (0x41545d33) x26 0x00000000
core   0: 0x80004778 (0x02c8a033) mulhsu  zero, a7, a2
core   0: 3 0x80004778 (0x02c8a033)
core   0: 0x8000477c (0x5d0eab17) auipc   s6, 0x5d0ea
core   0: 3 0x8000477c (0x5d0eab17) x22 0xdd0ee77c
core   0: 0x80004780 (0x0399d933) divu    s2, s3, s9
core   0: 3 0x80004780 (0x0399d933) x18 0x000d92fc
core   0: 0x80004784 (0x00008d11) c.sub   a0, a2
core   0: 3 0x80004784 (0x8d11) x10 0x0f7e01c5
core   0: 0x80004786 (0x024783b3) mul     t2, a5, tp
core   0: 3 0x80004786 (0x024783b3) x7  0x00000000
core   0: 0x8000478a (0x447a7313) andi    t1, s4, 1095
core   0: 3 0x8000478a (0x447a7313) x6  0x00000404
core   0: 0x8000478e (0x00008d89) c.sub   a1, a0
core   0: 3 0x8000478e (0x8d89) x11 0xc84574dd
core   0: 0x80004790 (0x00009dee) c.add   s11, s11
core   0: 3 0x80004790 (0x9dee) x27 0xec268eb0
core   0: 0x80004792 (0x00008071) c.srli  s0, 28
core   0: 3 0x80004792 (0x8071) x8  0x00000000
core   0: 0x80004794 (0x002576b3) and     a3, a0, sp
core   0: 3 0x80004794 (0x002576b3) x13 0x030400c5
core   0: 0x80004798 (0x00eaa333) slt     t1, s5, a4
core   0: 3 0x80004798 (0x00eaa333) x6  0x00000001
core   0: 0x8000479c (0xb85b3cb7) lui     s9, 0xb85b3
core   0: 3 0x8000479c (0xb85b3cb7) x25 0xb85b3000
core   0: 0x800047a0 (0x03297bb3) remu    s7, s2, s2
core   0: 3 0x800047a0 (0x03297bb3) x23 0x00000000
core   0: 0x800047a4 (0x024b26b3) mulhsu  a3, s6, tp
core   0: 3 0x800047a4 (0x024b26b3) x13 0x00000000
core   0: 0x800047a8 (0x0000997d) c.andi  a0, -1
core   0: 3 0x800047a8 (0x997d) x10 0x0f7e01c5
core   0: 0x800047aa (0x02a65e63) bge     a2, a0, pc + 60
core   0: 3 0x800047aa (0x02a65e63)
core   0: 0x800047ae (0x01187233) and     tp, a6, a7
core   0: 3 0x800047ae (0x01187233) x4  0x80010668
core   0: 0x800047b2 (0x00009c2e) c.add   s8, a1
core   0: 3 0x800047b2 (0x9c2e) x24 0xc84574dd
core   0: 0x800047b4 (0x89d4b597) auipc   a1, 0x89d4b
core   0: 3 0x800047b4 (0x89d4b597) x11 0x09d4f7b4
core   0: 0x800047b8 (0x40ff53b3) sra     t2, t5, a5
core   0: 3 0x800047b8 (0x40ff53b3) x7  0x00000000
core   0: 0x800047bc (0x0000157d) c.addi  a0, -1
core   0: 3 0x800047bc (0x157d) x10 0x0f7e01c4
core   0: 0x800047be (0x00d2dd63) bge     t0, a3, pc + 26
core   0: 3 0x800047be (0x00d2dd63)
core   0: 0x800047d8 (0x00401793) slli    a5, zero, 4
core   0: 3 0x800047d8 (0x00401793) x15 0x00000000
core   0: 0x800047dc (0x0000026e) c.slli  tp, 27
core   0: 3 0x800047dc (0x026e) x4  0x40000000
core   0: 0x800047de (0x0145f033) and     zero, a1, s4
core   0: 3 0x800047de (0x0145f033)
core   0: 0x800047e2 (0x0091b533) sltu    a0, gp, s1
core   0: 3 0x800047e2 (0x0091b533) x10 0x00000000
core   0: 0x800047e6 (0x02ec4533) div     a0, s8, a4
core   0: 3 0x800047e6 (0x02ec4533) x10 0xffefa3a9
core   0: 0x800047ea (0x00008fe5) c.and   a5, s1
core   0: 3 0x800047ea (0x8fe5) x15 0x00000000
core   0: 0x800047ec (0x019781b3) add     gp, a5, s9
core   0: 3 0x800047ec (0x019781b3) x3  0xb85b3000
core   0: 0x800047f0 (0x41e60cb3) sub     s9, a2, t5
core   0: 3 0x800047f0 (0x41e60cb3) x25 0xffffffff
core   0: 0x800047f4 (0x00004989) c.li    s3, 2
core   0: 3 0x800047f4 (0x4989) x19 0x00000002
core   0: 0x800047f6 (0x01381533) sll     a0, a6, s3
core   0: 3 0x800047f6 (0x01381533) x10 0xfebe1bb4
core   0: 0x800047fa (0x71574193) xori    gp, a4, 1813
core   0: 3 0x800047fa (0x71574193) x3  0x0000047d
core   0: 0x800047fe (0x00008e75) c.and   a2, a3
core   0: 3 0x800047fe (0x8e75) x12 0x00000000
core   0: 0x80004800 (0x016d19b3) sll     s3, s10, s6
core   0: 3 0x80004800 (0x016d19b3) x19 0x00000000
core   0: 0x80004804 (0xdb53ee93) ori     t4, t2, -587
core   0: 3 0x80004804 (0xdb53ee93) x29 0xfffffdb5
core   0: 0x80004808 (0x02c7f8b3) remu    a7, a5, a2
core   0: 3 0x80004808 (0x02c7f8b3) x17 0x00000000
core   0: 0x8000480c (0x00008079) c.srli  s0, 30
core   0: 3 0x8000480c (0x8079) x8  0x00000000
core   0: 0x8000480e (0x000060e1) c.lui   ra, 0x18
core   0: 3 0x8000480e (0x60e1) x1  0x00018000
core   0: 0x80004810 (0x3c308f93) addi    t6, ra, 963
core   0: 3 0x80004810 (0x3c308f93) x31 0x000183c3
core   0: 0x80004814 (0x01734e33) xor     t3, t1, s7
core   0: 3 0x80004814 (0x01734e33) x28 0x00000001
core   0: 0x80004818 (0x00b43233) sltu    tp, s0, a1
core   0: 3 0x80004818 (0x00b43233) x4  0x00000001
core   0: 0x8000481c (0x082d4f63) blt     s10, sp, pc + 158
core   0: 3 0x8000481c (0x082d4f63)
core   0: 0x80004820 (0x00008e4d) c.or    a2, a1
core   0: 3 0x80004820 (0x8e4d) x12 0x09d4f7b4
core   0: 0x80004822 (0x0148cdb3) xor     s11, a7, s4
core   0: 3 0x80004822 (0x0148cdb3) x27 0x80025ea4
core   0: 0x80004826 (0x0000428d) c.li    t0, 3
core   0: 3 0x80004826 (0x428d) x5  0x00000003
core   0: 0x80004828 (0x001b0cb3) add     s9, s6, ra
core   0: 3 0x80004828 (0x001b0cb3) x25 0xdd10677c
core   0: 0x8000482c (0x01e78333) add     t1, a5, t5
core   0: 3 0x8000482c (0x01e78333) x6  0x00000000
core   0: 0x80004830 (0x00008341) c.srli  a4, 16
core   0: 3 0x80004830 (0x8341) x14 0x00000000
core   0: 0x80004832 (0x0b900163) beq     zero, s9, pc + 162
core   0: 3 0x80004832 (0x0b900163)
core   0: 0x80004836 (0x00008ded) c.and   a1, a1
core   0: 3 0x80004836 (0x8ded) x11 0x09d4f7b4
core   0: 0x80004838 (0x00cedbb3) srl     s7, t4, a2
core   0: 3 0x80004838 (0x00cedbb3) x23 0x00000fff
core   0: 0x8000483c (0x0000d717) auipc   a4, 0xd
core   0: 3 0x8000483c (0x0000d717) x14 0x8001183c
core   0: 0x80004840 (0xb3b70713) addi    a4, a4, -1221
core   0: 3 0x80004840 (0xb3b70713) x14 0x80011377
core   0: 0x80004844 (0xfff70403) lb      s0, -1(a4)
core   0: 3 0x80004844 (0xfff70403) x8  0x0000002d mem 0x80011376
core   0: 0x80004848 (0x00870583) lb      a1, 8(a4)
core   0: 3 0x80004848 (0x00870583) x11 0x00000034 mem 0x8001137f
core   0: 0x8000484c (0xfe871fa3) sh      s0, -1(a4)
core   0: 3 0x8000484c (0xfe871fa3) mem 0x80011376 0x002d
core   0: 0x80004850 (0xff470c23) sb      s4, -8(a4)
core   0: 3 0x80004850 (0xff470c23) mem 0x8001136f 0xa4
core   0: 0x80004854 (0x01074783) lbu     a5, 16(a4)
core   0: 3 0x80004854 (0x01074783) x15 0x0000003c mem 0x80011387
core   0: 0x80004858 (0x00474c03) lbu     s8, 4(a4)
core   0: 3 0x80004858 (0x00474c03) x24 0x00000030 mem 0x8001137b
core   0: 0x8000485c (0xff7728a3) sw      s7, -15(a4)
core   0: 3 0x8000485c (0xff7728a3) mem 0x80011368 0x00000fff
core   0: 0x80004860 (0x01070f83) lb      t6, 16(a4)
core   0: 3 0x80004860 (0x01070f83) x31 0x0000003c mem 0x80011387
core   0: 0x80004864 (0xff371203) lh      tp, -13(a4)
core   0: 3 0x80004864 (0xff371203) x4  0x00000000 mem 0x8001136a
core   0: 0x80004868 (0x00c74403) lbu     s0, 12(a4)
core   0: 3 0x80004868 (0x00c74403) x8  0x00000038 mem 0x80011383
core   0: 0x8000486c (0xfff72ea3) sw      t6, -3(a4)
core   0: 3 0x8000486c (0xfff72ea3) mem 0x80011374 0x0000003c
core   0: 0x80004870 (0x00474d03) lbu     s10, 4(a4)
core   0: 3 0x80004870 (0x00474d03) x26 0x00000030 mem 0x8001137b
core   0: 0x80004874 (0x00474603) lbu     a2, 4(a4)
core   0: 3 0x80004874 (0x00474603) x12 0x00000030 mem 0x8001137b
core   0: 0x80004878 (0x01670223) sb      s6, 4(a4)
core   0: 3 0x80004878 (0x01670223) mem 0x8001137b 0x7c
core   0: 0x8000487c (0x003a6bb3) or      s7, s4, gp
core   0: 3 0x8000487c (0x003a6bb3) x23 0x80025efd
core   0: 0x80004880 (0x00670683) lb      a3, 6(a4)
core   0: 3 0x80004880 (0x00670683) x13 0x00000036 mem 0x8001137d
core   0: 0x80004884 (0x00670603) lb      a2, 6(a4)
core   0: 3 0x80004884 (0x00670603) x12 0x00000036 mem 0x8001137d
core   0: 0x80004888 (0x00670c83) lb      s9, 6(a4)
core   0: 3 0x80004888 (0x00670c83) x25 0x00000036 mem 0x8001137d
core   0: 0x8000488c (0xff571ba3) sh      s5, -9(a4)
core   0: 3 0x8000488c (0xff571ba3) mem 0x8001136e 0x9d24
core   0: 0x80004890 (0x00b74783) lbu     a5, 11(a4)
core   0: 3 0x80004890 (0x00b74783) x15 0x00000039 mem 0x80011382
core   0: 0x80004894 (0xfe771ea3) sh      t2, -3(a4)
core   0: 3 0x80004894 (0xfe771ea3) mem 0x80011374 0x0000
core   0: 0x80004898 (0x03d0e0b3) rem     ra, ra, t4
core   0: 3 0x80004898 (0x03d0e0b3) x1  0x00000113
core   0: 0x8000489c (0x00fc5633) srl     a2, s8, a5
core   0: 3 0x8000489c (0x00fc5633) x12 0x00000000
core   0: 0x800048a0 (0x033266b3) rem     a3, tp, s3
core   0: 3 0x800048a0 (0x033266b3) x13 0x00000000
core   0: 0x800048a4 (0x310c0393) addi    t2, s8, 784
core   0: 3 0x800048a4 (0x310c0393) x7  0x00000340
core   0: 0x800048a8 (0x01b6c433) xor     s0, a3, s11
core   0: 3 0x800048a8 (0x01b6c433) x8  0x80025ea4
core   0: 0x800048ac (0x0000874d) c.srai  a4, 19
core   0: 3 0x800048ac (0x874d) x14 0xfffff000
core   0: 0x800048ae (0xc1304413) xori    s0, zero, -1005
core   0: 3 0x800048ae (0xc1304413) x8  0xfffffc13
core   0: 0x800048b2 (0x025358b3) divu    a7, t1, t0
core   0: 3 0x800048b2 (0x025358b3) x17 0x00000000
core   0: 0x800048b6 (0x0089fd63) bgeu    s3, s0, pc + 26
core   0: 3 0x800048b6 (0x0089fd63)
core   0: 0x800048ba (0x00008da1) c.xor   a1, s0
core   0: 3 0x800048ba (0x8da1) x11 0xfffffc27
core   0: 0x800048bc (0x00008e21) c.xor   a2, s0
core   0: 3 0x800048bc (0x8e21) x12 0xfffffc13
core   0: 0x800048be (0x57f0e293) ori     t0, ra, 1407
core   0: 3 0x800048be (0x57f0e293) x5  0x0000057f
core   0: 0x800048c2 (0x00351633) sll     a2, a0, gp
core   0: 3 0x800048c2 (0x00351633) x12 0x80000000
core   0: 0x800048c6 (0x0282da63) bge     t0, s0, pc + 52
core   0: 3 0x800048c6 (0x0282da63)
core   0: 0x800048fa (0x000048f9) c.li    a7, 30
core   0: 3 0x800048fa (0x48f9) x17 0x0000001e
core   0: 0x800048fc (0x023c62b3) rem     t0, s8, gp
core   0: 3 0x800048fc (0x023c62b3) x5  0x00000030
core   0: 0x80004900 (0x0000c319) c.beqz  a4, pc + 6
core   0: 3 0x80004900 (0xc319)
core   0: 0x80004902 (0x400509b3) sub     s3, a0, zero
core   0: 3 0x80004902 (0x400509b3) x19 0xfebe1bb4
core   0: 0x80004906 (0x77302513) slti    a0, zero, 1907
core   0: 3 0x80004906 (0x77302513) x10 0x00000001
core   0: 0x8000490a (0x02c03fb3) mulhu   t6, zero, a2
core   0: 3 0x8000490a (0x02c03fb3) x31 0x00000000
core   0: 0x8000490e (0x01867633) and     a2, a2, s8
core   0: 3 0x8000490e (0x01867633) x12 0x00000000
core   0: 0x80004912 (0x00008db9) c.xor   a1, a4
core   0: 3 0x80004912 (0x8db9) x11 0x00000c27
core   0: 0x80004914 (0x000054fd) c.li    s1, -1
core   0: 3 0x80004914 (0x54fd) x9  0xffffffff
core   0: 0x80004916 (0x02b2e363) bltu    t0, a1, pc + 38
core   0: 3 0x80004916 (0x02b2e363)
core   0: 0x8000493c (0x00975833) srl     a6, a4, s1
core   0: 3 0x8000493c (0x00975833) x16 0x00000001
core   0: 0x80004940 (0x000082a6) c.mv    t0, s1
core   0: 3 0x80004940 (0x82a6) x5  0xffffffff
core   0: 0x80004942 (0x1abdb9b7) lui     s3, 0x1abdb
core   0: 3 0x80004942 (0x1abdb9b7) x19 0x1abdb000
core   0: 0x80004946 (0x00009296) c.add   t0, t0
core   0: 3 0x80004946 (0x9296) x5  0xfffffffe
core   0: 0x80004948 (0x0000cd1d) c.beqz  a0, pc + 62
core   0: 3 0x80004948 (0xcd1d)
core   0: 0x8000494a (0x0106e2b3) or      t0, a3, a6
core   0: 3 0x8000494a (0x0106e2b3) x5  0x00000001
core   0: 0x8000494e (0x03661933) mulh    s2, a2, s6
core   0: 3 0x8000494e (0x03661933) x18 0x00000000
core   0: 0x80004952 (0x00009b7d) c.andi  a4, -1
core   0: 3 0x80004952 (0x9b7d) x14 0xfffff000
core   0: 0x80004954 (0x005a62b3) or      t0, s4, t0
core   0: 3 0x80004954 (0x005a62b3) x5  0x80025ea5
core   0: 0x80004958 (0x033f20b3) mulhsu  ra, t5, s3
core   0: 3 0x80004958 (0x033f20b3) x1  0x00000000
core   0: 0x8000495c (0x000080a1) c.srli  s1, 8
core   0: 3 0x8000495c (0x80a1) x9  0x00ffffff
core   0: 0x8000495e (0x00e4f833) and     a6, s1, a4
core   0: 3 0x8000495e (0x00e4f833) x16 0x00fff000
core   0: 0x80004962 (0x0000648d) c.lui   s1, 0x3
core   0: 3 0x80004962 (0x648d) x9  0x00003000
core   0: 0x80004964 (0x4025d233) sra     tp, a1, sp
core   0: 3 0x80004964 (0x4025d233) x4  0x00000018
core   0: 0x80004968 (0x9f7a7293) andi    t0, s4, -1545
core   0: 3 0x80004968 (0x9f7a7293) x5  0x800258a4
core   0: 0x8000496c (0x000088ad) c.andi  s1, 11
core   0: 3 0x8000496c (0x88ad) x9  0x00000000
core   0: 0x8000496e (0x00008cbd) c.xor   s1, a5
core   0: 3 0x8000496e (0x8cbd) x9  0x00000039
core   0: 0x80004970 (0x028f72b3) remu    t0, t5, s0
core   0: 3 0x80004970 (0x028f72b3) x5  0x00000000
core   0: 0x80004974 (0x0000652d) c.lui   a0, 0xb
core   0: 3 0x80004974 (0x652d) x10 0x0000b000
core   0: 0x80004976 (0x012f8db3) add     s11, t6, s2
core   0: 3 0x80004976 (0x012f8db3) x27 0x00000000
core   0: 0x8000497a (0x00824933) xor     s2, tp, s0
core   0: 3 0x8000497a (0x00824933) x18 0xfffffc0b
core   0: 0x8000497e (0xc91d3e13) sltiu   t3, s10, -879
core   0: 3 0x8000497e (0xc91d3e13) x28 0x00000001
core   0: 0x80004982 (0x0276ed33) rem     s10, a3, t2
core   0: 3 0x80004982 (0x0276ed33) x26 0x00000000
core   0: 0x80004986 (0xfca8a293) slti    t0, a7, -54
core   0: 3 0x80004986 (0xfca8a293) x5  0x00000000
core   0: 0x8000498a (0x00116863) bltu    sp, ra, pc + 16
core   0: 3 0x8000498a (0x00116863)
core   0: 0x8000498e (0x00008881) c.andi  s1, 0
core   0: 3 0x8000498e (0x8881) x9  0x00000000
core   0: 0x80004990 (0x03c794b3) mulh    s1, a5, t3
core   0: 3 0x80004990 (0x03c794b3) x9  0x00000000
core   0: 0x80004994 (0x00008eed) c.and   a3, a1
core   0: 3 0x80004994 (0x8eed) x13 0x00000000
core   0: 0x80004996 (0x00000e2e) c.slli  t3, 11
core   0: 3 0x80004996 (0x0e2e) x28 0x00000800
core   0: 0x80004998 (0x00000522) c.slli  a0, 8
core   0: 3 0x80004998 (0x0522) x10 0x00b00000
core   0: 0x8000499a (0x000001fa) c.slli  gp, 30
core   0: 3 0x8000499a (0x01fa) x3  0x40000000
core   0: 0x8000499c (0x0287cf33) div     t5, a5, s0
core   0: 3 0x8000499c (0x0287cf33) x30 0x00000000
core   0: 0x800049a0 (0x0117f933) and     s2, a5, a7
core   0: 3 0x800049a0 (0x0117f933) x18 0x00000018
core   0: 0x800049a4 (0x00689c33) sll     s8, a7, t1
core   0: 3 0x800049a4 (0x00689c33) x24 0x0000001e
core   0: 0x800049a8 (0x00425793) srli    a5, tp, 4
core   0: 3 0x800049a8 (0x00425793) x15 0x00000001
core   0: 0x800049ac (0x000085d9) c.srai  a1, 22
core   0: 3 0x800049ac (0x85d9) x11 0x00000000
core   0: 0x800049ae (0x03ab1063) bne     s6, s10, pc + 32
core   0: 3 0x800049ae (0x03ab1063)
core   0: 0x800049ce (0x0000ea11) c.bnez  a2, pc + 20
core   0: 3 0x800049ce (0xea11)
core   0: 0x800049d0 (0x0aa49963) bne     s1, a0, pc + 178
core   0: 3 0x800049d0 (0x0aa49963)
core   0: 0x80004a82 (0xffafc993) xori    s3, t6, -6
core   0: 3 0x80004a82 (0xffafc993) x19 0xfffffffa
core   0: 0x80004a86 (0x03813d33) mulhu   s10, sp, s8
core   0: 3 0x80004a86 (0x03813d33) x26 0x0000001c
core   0: 0x80004a8a (0x04a58163) beq     a1, a0, pc + 66
core   0: 3 0x80004a8a (0x04a58163)
core   0: 0x80004a8e (0x03757163) bgeu    a0, s7, pc + 34
core   0: 3 0x80004a8e (0x03757163)
core   0: 0x80004a92 (0x00008311) c.srli  a4, 4
core   0: 3 0x80004a92 (0x8311) x14 0x0fffff00
core   0: 0x80004a94 (0x03d35363) bge     t1, t4, pc + 38
core   0: 3 0x80004a94 (0x03d35363)
core   0: 0x80004aba (0x02ed6763) bltu    s10, a4, pc + 46
core   0: 3 0x80004aba (0x02ed6763)
core   0: 0x80004ae8 (0x00dc7f33) and     t5, s8, a3
core   0: 3 0x80004ae8 (0x00dc7f33) x30 0x00000000
core   0: 0x80004aec (0x00000001) c.nop
core   0: 3 0x80004aec (0x0001)
core   0: 0x80004aee (0x000084ba) c.mv    s1, a4
core   0: 3 0x80004aee (0x84ba) x9  0x0fffff00
core   0: 0x80004af0 (0x027034b3) mulhu   s1, zero, t2
core   0: 3 0x80004af0 (0x027034b3) x9  0x00000000
core   0: 0x80004af4 (0x00fd61b3) or      gp, s10, a5
core   0: 3 0x80004af4 (0x00fd61b3) x3  0x0000001d
core   0: 0x80004af8 (0x00046033) or      zero, s0, zero
core   0: 3 0x80004af8 (0x00046033)
core   0: 0x80004afc (0x00236d63) bltu    t1, sp, pc + 26
core   0: 3 0x80004afc (0x00236d63)
core   0: 0x80004b16 (0xe4c3c313) xori    t1, t2, -436
core   0: 3 0x80004b16 (0xe4c3c313) x6  0xfffffd0c
core   0: 0x80004b1a (0x40b2dbb3) sra     s7, t0, a1
core   0: 3 0x80004b1a (0x40b2dbb3) x23 0x00000000
core   0: 0x80004b1e (0xea65b9b7) lui     s3, 0xea65b
core   0: 3 0x80004b1e (0xea65b9b7) x19 0xea65b000
core   0: 0x80004b22 (0x00008de2) c.mv    s11, s8
core   0: 3 0x80004b22 (0x8de2) x27 0x0000001e
core   0: 0x80004b24 (0x01e601b3) add     gp, a2, t5
core   0: 3 0x80004b24 (0x01e601b3) x3  0x00000000
core   0: 0x80004b28 (0x7c72f313) andi    t1, t0, 1991
core   0: 3 0x80004b28 (0x7c72f313) x6  0x00000000
core   0: 0x80004b2c (0x000060cd) c.lui   ra, 0x13
core   0: 3 0x80004b2c (0x60cd) x1  0x00013000
core   0: 0x80004b2e (0x000055fd) c.li    a1, -1
core   0: 3 0x80004b2e (0x55fd) x11 0xffffffff
core   0: 0x80004b30 (0x00008e5d) c.or    a2, a5
core   0: 3 0x80004b30 (0x8e5d) x12 0x00000001
core   0: 0x80004b32 (0x00008605) c.srai  a2, 1
core   0: 3 0x80004b32 (0x8605) x12 0x00000000
core   0: 0x80004b34 (0x01e909b3) add     s3, s2, t5
core   0: 3 0x80004b34 (0x01e909b3) x19 0x00000018
core   0: 0x80004b38 (0x00008e7d) c.and   a2, a5
core   0: 3 0x80004b38 (0x8e7d) x12 0x00000000
core   0: 0x80004b3a (0x007a1733) sll     a4, s4, t2
core   0: 3 0x80004b3a (0x007a1733) x14 0x80025ea4
core   0: 0x80004b3e (0x00009a7d) c.andi  a2, -1
core   0: 3 0x80004b3e (0x9a7d) x12 0x00000000
core   0: 0x80004b40 (0x01f6e463) bltu    a3, t6, pc + 8
core   0: 3 0x80004b40 (0x01f6e463)
core   0: 0x80004b44 (0x000083e6) c.mv    t2, s9
core   0: 3 0x80004b44 (0x83e6) x7  0x00000036
core   0: 0x80004b46 (0x00008399) c.srli  a5, 6
core   0: 3 0x80004b46 (0x8399) x15 0x00000000
core   0: 0x80004b48 (0x00008da9) c.xor   a1, a0
core   0: 3 0x80004b48 (0x8da9) x11 0xff4fffff
core   0: 0x80004b4a (0x13be6b13) ori     s6, t3, 315
core   0: 3 0x80004b4a (0x13be6b13) x22 0x0000093b
core   0: 0x80004b4e (0x00005c7d) c.li    s8, -1
core   0: 3 0x80004b4e (0x5c7d) x24 0xffffffff
core   0: 0x80004b50 (0x934f2413) slti    s0, t5, -1740
core   0: 3 0x80004b50 (0x934f2413) x8  0x00000000
core   0: 0x80004b54 (0x00ed02b3) add     t0, s10, a4
core   0: 3 0x80004b54 (0x00ed02b3) x5  0x80025ec0
core   0: 0x80004b58 (0x0000809a) c.mv    ra, t1
core   0: 3 0x80004b58 (0x809a) x1  0x00000000
core   0: 0x80004b5a (0x00004361) c.li    t1, 24
core   0: 3 0x80004b5a (0x4361) x6  0x00000018
core   0: 0x80004b5c (0x0052e6b3) or      a3, t0, t0
core   0: 3 0x80004b5c (0x0052e6b3) x13 0x80025ec0
core   0: 0x80004b60 (0x00000846) c.slli  a6, 17
core   0: 3 0x80004b60 (0x0846) x16 0xe0000000
core   0: 0x80004b62 (0x03c3cdb3) div     s11, t2, t3
core   0: 3 0x80004b62 (0x03c3cdb3) x27 0x00000000
core   0: 0x80004b66 (0x000080a1) c.srli  s1, 8
core   0: 3 0x80004b66 (0x80a1) x9  0x00000000
core   0: 0x80004b68 (0x00665a63) bge     a2, t1, pc + 20
core   0: 3 0x80004b68 (0x00665a63)
core   0: 0x80004b6c (0x00008dfd) c.and   a1, a5
core   0: 3 0x80004b6c (0x8dfd) x11 0x00000000
core   0: 0x80004b6e (0x00008c99) c.sub   s1, a4
core   0: 3 0x80004b6e (0x8c99) x9  0x7ffda15c
core   0: 0x80004b70 (0xd5dce693) ori     a3, s9, -675
core   0: 3 0x80004b70 (0xd5dce693) x13 0xfffffd7f
core   0: 0x80004b74 (0x0000587d) c.li    a6, -1
core   0: 3 0x80004b74 (0x587d) x16 0xffffffff
core   0: 0x80004b76 (0x65293e13) sltiu   t3, s2, 1618
core   0: 3 0x80004b76 (0x65293e13) x28 0x00000001
core   0: 0x80004b7a (0x000092ae) c.add   t0, a1
core   0: 3 0x80004b7a (0x92ae) x5  0x80025ec0
core   0: 0x80004b7c (0xccd3deb7) lui     t4, 0xccd3d
core   0: 3 0x80004b7c (0xccd3deb7) x29 0xccd3d000
core   0: 0x80004b80 (0x0000c31d) c.beqz  a4, pc + 38
core   0: 3 0x80004b80 (0xc31d)
core   0: 0x80004b82 (0x02951a63) bne     a0, s1, pc + 52
core   0: 3 0x80004b82 (0x02951a63)
core   0: 0x80004bb6 (0x00647033) and     zero, s0, t1
core   0: 3 0x80004bb6 (0x00647033)
core   0: 0x80004bba (0x037b2eb3) mulhsu  t4, s6, s7
core   0: 3 0x80004bba (0x037b2eb3) x29 0x00000000
core   0: 0x80004bbe (0xb2d0ab13) slti    s6, ra, -1235
core   0: 3 0x80004bbe (0xb2d0ab13) x22 0x00000000
core   0: 0x80004bc2 (0x00006db5) c.lui   s11, 0xd
core   0: 3 0x80004bc2 (0x6db5) x27 0x0000d000
core   0: 0x80004bc4 (0x02aa4d33) div     s10, s4, a0
core   0: 3 0x80004bc4 (0x02aa4d33) x26 0xffffff46
core   0: 0x80004bc8 (0x40790233) sub     tp, s2, t2
core   0: 3 0x80004bc8 (0x40790233) x4  0xffffffe2
core   0: 0x80004bcc (0x0055a933) slt     s2, a1, t0
core   0: 3 0x80004bcc (0x0055a933) x18 0x00000000
core   0: 0x80004bd0 (0x01966633) or      a2, a2, s9
core   0: 3 0x80004bd0 (0x01966633) x12 0x00000036
core   0: 0x80004bd4 (0x00991db3) sll     s11, s2, s1
core   0: 3 0x80004bd4 (0x00991db3) x27 0x00000000
core   0: 0x80004bd8 (0x00008ec5) c.or    a3, s1
core   0: 3 0x80004bd8 (0x8ec5) x13 0xfffffd7f
core   0: 0x80004bda (0x01ccbeb3) sltu    t4, s9, t3
core   0: 3 0x80004bda (0x01ccbeb3) x29 0x00000000
core   0: 0x80004bde (0x021df363) bgeu    s11, ra, pc + 38
core   0: 3 0x80004bde (0x021df363)
core   0: 0x80004c04 (0x0371e833) rem     a6, gp, s7
core   0: 3 0x80004c04 (0x0371e833) x16 0x00000000
core   0: 0x80004c08 (0x0000881d) c.andi  s0, 7
core   0: 3 0x80004c08 (0x881d) x8  0x00000000
core   0: 0x80004c0a (0x409f5633) sra     a2, t5, s1
core   0: 3 0x80004c0a (0x409f5633) x12 0x00000000
core   0: 0x80004c0e (0xd6c80d17) auipc   s10, 0xd6c80
core   0: 3 0x80004c0e (0xd6c80d17) x26 0x56c84c0e
core   0: 0x80004c12 (0x01f3c663) blt     t2, t6, pc + 12
core   0: 3 0x80004c12 (0x01f3c663)
core   0: 0x80004c16 (0x03aa7b33) remu    s6, s4, s10
core   0: 3 0x80004c16 (0x03aa7b33) x22 0x293a1296
core   0: 0x80004c1a (0xdafea693) slti    a3, t4, -593
core   0: 3 0x80004c1a (0xdafea693) x13 0x00000000
core   0: 0x80004c1e (0x00f48b33) add     s6, s1, a5
core   0: 3 0x80004c1e (0x00f48b33) x22 0x7ffda15c
core   0: 0x80004c22 (0x0000c919) c.beqz  a0, pc + 22
core   0: 3 0x80004c22 (0xc919)
core   0: 0x80004c24 (0x0000ca1d) c.beqz  a2, pc + 54
core   0: 3 0x80004c24 (0xca1d)
core   0: 0x80004c5a (0x0000ce89) c.beqz  a3, pc + 26
core   0: 3 0x80004c5a (0xce89)
core   0: 0x80004c74 (0x01943933) sltu    s2, s0, s9
core   0: 3 0x80004c74 (0x01943933) x18 0x00000001
core   0: 0x80004c78 (0x0000020a) c.slli  tp, 2
core   0: 3 0x80004c78 (0x020a) x4  0xffffff88
core   0: 0x80004c7a (0x01b3c9b3) xor     s3, t2, s11
core   0: 3 0x80004c7a (0x01b3c9b3) x19 0x00000036
core   0: 0x80004c7e (0x02aefd33) remu    s10, t4, a0
core   0: 3 0x80004c7e (0x02aefd33) x26 0x00000000
core   0: 0x80004c82 (0xde4c6413) ori     s0, s8, -540
core   0: 3 0x80004c82 (0xde4c6413) x8  0xffffffff
core   0: 0x80004c86 (0x41fd5b13) srai    s6, s10, 31
core   0: 3 0x80004c86 (0x41fd5b13) x22 0x00000000
core   0: 0x80004c8a (0x0000e28d) c.bnez  a3, pc + 34
core   0: 3 0x80004c8a (0xe28d)
core   0: 0x80004c8c (0x00008c6d) c.and   s0, a1
core   0: 3 0x80004c8c (0x8c6d) x8  0x00000000
core   0: 0x80004c8e (0x02b7df63) bge     a5, a1, pc + 62
core   0: 3 0x80004c8e (0x02b7df63)
core   0: 0x80004ccc (0x028fb1b3) mulhu   gp, t6, s0
core   0: 3 0x80004ccc (0x028fb1b3) x3  0x00000000
core   0: 0x80004cd0 (0x000050fd) c.li    ra, -1
core   0: 3 0x80004cd0 (0x50fd) x1  0xffffffff
core   0: 0x80004cd2 (0x028e95b3) mulh    a1, t4, s0
core   0: 3 0x80004cd2 (0x028e95b3) x11 0x00000000
core   0: 0x80004cd6 (0x0329bbb3) mulhu   s7, s3, s2
core   0: 3 0x80004cd6 (0x0329bbb3) x23 0x00000000
core   0: 0x80004cda (0x01272733) slt     a4, a4, s2
core   0: 3 0x80004cda (0x01272733) x14 0x00000001
core   0: 0x80004cde (0x016c1e63) bne     s8, s6, pc + 28
core   0: 3 0x80004cde (0x016c1e63)
core   0: 0x80004cfa (0x4db90d93) addi    s11, s2, 1243
core   0: 3 0x80004cfa (0x4db90d93) x27 0x000004dc
core   0: 0x80004cfe (0x00280933) add     s2, a6, sp
core   0: 3 0x80004cfe (0x00280933) x18 0xf38422e7
core   0: 0x80004d02 (0x009c78b3) and     a7, s8, s1
core   0: 3 0x80004d02 (0x009c78b3) x17 0x7ffda15c
core   0: 0x80004d06 (0x006ee463) bltu    t4, t1, pc + 8
core   0: 3 0x80004d06 (0x006ee463)
core   0: 0x80004d0e (0x017dc663) blt     s11, s7, pc + 12
core   0: 3 0x80004d0e (0x017dc663)
core   0: 0x80004d12 (0x00006df1) c.lui   s11, 0x1c
core   0: 3 0x80004d12 (0x6df1) x27 0x0001c000
core   0: 0x80004d14 (0x000083ce) c.mv    t2, s3
core   0: 3 0x80004d14 (0x83ce) x7  0x00000036
core   0: 0x80004d16 (0x245aa037) lui     zero, 0x245aa
core   0: 3 0x80004d16 (0x245aa037)
core   0: 0x80004d1a (0xe2e96193) ori     gp, s2, -466
core   0: 3 0x80004d1a (0xe2e96193) x3  0xfffffeef
core   0: 0x80004d1e (0x02503cb3) mulhu   s9, zero, t0
core   0: 3 0x80004d1e (0x02503cb3) x25 0x00000000
core   0: 0x80004d22 (0x00f01463) bne     zero, a5, pc + 8
core   0: 3 0x80004d22 (0x00f01463)
core   0: 0x80004d26 (0x0000e315) c.bnez  a4, pc + 36
core   0: 3 0x80004d26 (0xe315)
core   0: 0x80004d4a (0x019bbeb3) sltu    t4, s7, s9
core   0: 3 0x80004d4a (0x019bbeb3) x29 0x00000000
core   0: 0x80004d4e (0xc7542713) slti    a4, s0, -907
core   0: 3 0x80004d4e (0xc7542713) x14 0x00000000
core   0: 0x80004d52 (0x00000001) c.nop
core   0: 3 0x80004d52 (0x0001)
core   0: 0x80004d54 (0x03343bb3) mulhu   s7, s0, s3
core   0: 3 0x80004d54 (0x03343bb3) x23 0x00000000
core   0: 0x80004d58 (0x01311f63) bne     sp, s3, pc + 30
core   0: 3 0x80004d58 (0x01311f63)
core   0: 0x80004d76 (0x017a3db3) sltu    s11, s4, s7
core   0: 3 0x80004d76 (0x017a3db3) x27 0x00000000
core   0: 0x80004d7a (0x0000cd15) c.beqz  a0, pc + 60
core   0: 3 0x80004d7a (0xcd15)
core   0: 0x80004d7c (0x00008f21) c.xor   a4, s0
core   0: 3 0x80004d7c (0x8f21) x14 0x00000000
core   0: 0x80004d7e (0x02d510b3) mulh    ra, a0, a3
core   0: 3 0x80004d7e (0x02d510b3) x1  0x00000000
core   0: 0x80004d82 (0x00008b2d) c.andi  a4, 11
core   0: 3 0x80004d82 (0x8b2d) x14 0x00000000
core   0: 0x80004d84 (0x01a9efb3) or      t6, s3, s10
core   0: 3 0x80004d84 (0x01a9efb3) x31 0x00000036
core   0: 0x80004d88 (0x00915c13) srli    s8, sp, 9
core   0: 3 0x80004d88 (0x00915c13) x24 0x0079c211
core   0: 0x80004d8c (0x003a5233) srl     tp, s4, gp
core   0: 3 0x80004d8c (0x003a5233) x4  0x00010004
core   0: 0x80004d90 (0x02231a63) bne     t1, sp, pc + 52
core   0: 3 0x80004d90 (0x02231a63)
core   0: 0x80004dc4 (0x018439b3) sltu    s3, s0, s8
core   0: 3 0x80004dc4 (0x018439b3) x19 0x00000001
core   0: 0x80004dc8 (0x00006d19) c.lui   s10, 0x6
core   0: 3 0x80004dc8 (0x6d19) x26 0x00006000
core   0: 0x80004dca (0x02134db3) div     s11, t1, ra
core   0: 3 0x80004dca (0x02134db3) x27 0xffffffff
core   0: 0x80004dce (0x9ea23b13) sltiu   s6, tp, -1558
core   0: 3 0x80004dce (0x9ea23b13) x22 0x00000001
core   0: 0x80004dd2 (0x029ae7b3) rem     a5, s5, s1
core   0: 3 0x80004dd2 (0x029ae7b3) x15 0x80029d24
core   0: 0x80004dd6 (0x00008fdd) c.or    a5, a5
core   0: 3 0x80004dd6 (0x8fdd) x15 0x80029d24
core   0: 0x80004dd8 (0x00008e4d) c.or    a2, a1
core   0: 3 0x80004dd8 (0x8e4d) x12 0x00000000
core   0: 0x80004dda (0x00008726) c.mv    a4, s1
core   0: 3 0x80004dda (0x8726) x14 0x7ffda15c
core   0: 0x80004ddc (0x0000c089) c.beqz  s1, pc + 2
core   0: 3 0x80004ddc (0xc089)
core   0: 0x80004dde (0x00004305) c.li    t1, 1
core   0: 3 0x80004dde (0x4305) x6  0x00000001
core   0: 0x80004de0 (0x02b25333) divu    t1, tp, a1
core   0: 3 0x80004de0 (0x02b25333) x6  0xffffffff
core   0: 0x80004de4 (0x00008f89) c.sub   a5, a0
core   0: 3 0x80004de4 (0x8f89) x15 0x7f529d24
core   0: 0x80004de6 (0x02315233) divu    tp, sp, gp
core   0: 3 0x80004de6 (0x02315233) x4  0x00000000
core   0: 0x80004dea (0x0385c533) div     a0, a1, s8
core   0: 3 0x80004dea (0x0385c533) x10 0x00000000
core   0: 0x80004dee (0x00000001) c.nop
core   0: 3 0x80004dee (0x0001)
core   0: 0x80004df0 (0x00088663) beqz    a7, pc + 12
core   0: 3 0x80004df0 (0x00088663)
core   0: 0x80004df4 (0x0121c833) xor     a6, gp, s2
core   0: 3 0x80004df4 (0x0121c833) x16 0x0c7bdc08
core   0: 0x80004df8 (0xcf58f813) andi    a6, a7, -779
core   0: 3 0x80004df8 (0xcf58f813) x16 0x7ffda054
core   0: 0x80004dfc (0xcbab4513) xori    a0, s6, -838
core   0: 3 0x80004dfc (0xcbab4513) x10 0xfffffcbb
core   0: 0x80004e00 (0x026e4c33) div     s8, t3, t1
core   0: 3 0x80004e00 (0x026e4c33) x24 0xffffffff
core   0: 0x80004e04 (0x0000c305) c.beqz  a4, pc + 32
core   0: 3 0x80004e04 (0xc305)
core   0: 0x80004e06 (0x03dee6b3) rem     a3, t4, t4
core   0: 3 0x80004e06 (0x03dee6b3) x13 0x00000000
core   0: 0x80004e0a (0x011694b3) sll     s1, a3, a7
core   0: 3 0x80004e0a (0x011694b3) x9  0x00000000
core   0: 0x80004e0e (0x00009bfd) c.andi  a5, -1
core   0: 3 0x80004e0e (0x9bfd) x15 0x7f529d24
core   0: 0x80004e10 (0x02a4f9b3) remu    s3, s1, a0
core   0: 3 0x80004e10 (0x02a4f9b3) x19 0x00000000
core   0: 0x80004e14 (0x00009b4e) c.add   s6, s3
core   0: 3 0x80004e14 (0x9b4e) x22 0x00000001
core   0: 0x80004e16 (0x000099fd) c.andi  a1, -1
core   0: 3 0x80004e16 (0x99fd) x11 0x00000000
core   0: 0x80004e18 (0x02637633) remu    a2, t1, t1
core   0: 3 0x80004e18 (0x02637633) x12 0x00000000
core   0: 0x80004e1c (0x02b0b1b3) mulhu   gp, ra, a1
core   0: 3 0x80004e1c (0x02b0b1b3) x3  0x00000000
core   0: 0x80004e20 (0x01996733) or      a4, s2, s9
core   0: 3 0x80004e20 (0x01996733) x14 0xf38422e7
core   0: 0x80004e24 (0x02df2db3) mulhsu  s11, t5, a3
core   0: 3 0x80004e24 (0x02df2db3) x27 0x00000000
core   0: 0x80004e28 (0x02370733) mul     a4, a4, gp
core   0: 3 0x80004e28 (0x02370733) x14 0x00000000
core   0: 0x80004e2c (0x004ce463) bltu    s9, tp, pc + 8
core   0: 3 0x80004e2c (0x004ce463)
core   0: 0x80004e30 (0x382b0e93) addi    t4, s6, 898
core   0: 3 0x80004e30 (0x382b0e93) x29 0x00000383
core   0: 0x80004e34 (0x325eb993) sltiu   s3, t4, 805
core   0: 3 0x80004e34 (0x325eb993) x19 0x00000000
core   0: 0x80004e38 (0x0f793993) sltiu   s3, s2, 247
core   0: 3 0x80004e38 (0x0f793993) x19 0x00000000
core   0: 0x80004e3c (0x00008e71) c.and   a2, a2
core   0: 3 0x80004e3c (0x8e71) x12 0x00000000
core   0: 0x80004e3e (0x00008b26) c.mv    s6, s1
core   0: 3 0x80004e3e (0x8b26) x22 0x00000000
core   0: 0x80004e40 (0x0000c321) c.beqz  a4, pc + 64
core   0: 3 0x80004e40 (0xc321)
core   0: 0x80004e80 (0xe753e793) ori     a5, t2, -395
core   0: 3 0x80004e80 (0xe753e793) x15 0xfffffe77
core   0: 0x80004e84 (0x017592b3) sll     t0, a1, s7
core   0: 3 0x80004e84 (0x017592b3) x5  0x00000000
core   0: 0x80004e88 (0x01a69533) sll     a0, a3, s10
core   0: 3 0x80004e88 (0x01a69533) x10 0x00000000
core   0: 0x80004e8c (0x000b4b33) xor     s6, s6, zero
core   0: 3 0x80004e8c (0x000b4b33) x22 0x00000000
core   0: 0x80004e90 (0x026b8db3) mul     s11, s7, t1
core   0: 3 0x80004e90 (0x026b8db3) x27 0x00000000
core   0: 0x80004e94 (0x03306233) rem     tp, zero, s3
core   0: 3 0x80004e94 (0x03306233) x4  0x00000000
core   0: 0x80004e98 (0x007f3f33) sltu    t5, t5, t2
core   0: 3 0x80004e98 (0x007f3f33) x30 0x00000001
core   0: 0x80004e9c (0x00d442b3) xor     t0, s0, a3
core   0: 3 0x80004e9c (0x00d442b3) x5  0x00000000
core   0: 0x80004ea0 (0x00006d0d) c.lui   s10, 0x3
core   0: 3 0x80004ea0 (0x6d0d) x26 0x00003000
core   0: 0x80004ea2 (0x011d7d63) bgeu    s10, a7, pc + 26
core   0: 3 0x80004ea2 (0x011d7d63)
core   0: 0x80004ea6 (0xcdb1ce93) xori    t4, gp, -805
core   0: 3 0x80004ea6 (0xcdb1ce93) x29 0xfffffcdb
core   0: 0x80004eaa (0x0005ea63) bltu    a1, zero, pc + 20
core   0: 3 0x80004eaa (0x0005ea63)
core   0: 0x80004eae (0x00000001) c.nop
core   0: 3 0x80004eae (0x0001)
core   0: 0x80004eb0 (0x02d102b3) mul     t0, sp, a3
core   0: 3 0x80004eb0 (0x02d102b3) x5  0x00000000
core   0: 0x80004eb4 (0x22a3a213) slti    tp, t2, 554
core   0: 3 0x80004eb4 (0x22a3a213) x4  0x00000001
core   0: 0x80004eb8 (0x00000001) c.nop
core   0: 3 0x80004eb8 (0x0001)
core   0: 0x80004eba (0x0000ec0d) c.bnez  s0, pc + 58
core   0: 3 0x80004eba (0xec0d)
core   0: 0x80004ebc (0x00008651) c.srai  a2, 20
core   0: 3 0x80004ebc (0x8651) x12 0x00000000
core   0: 0x80004ebe (0x002ca933) slt     s2, s9, sp
core   0: 3 0x80004ebe (0x002ca933) x18 0x00000000
core   0: 0x80004ec2 (0x00008d55) c.or    a0, a3
core   0: 3 0x80004ec2 (0x8d55) x10 0x00000000
core   0: 0x80004ec4 (0x00006b41) c.lui   s6, 0x10
core   0: 3 0x80004ec4 (0x6b41) x22 0x00010000
core   0: 0x80004ec6 (0x03840963) beq     s0, s8, pc + 50
core   0: 3 0x80004ec6 (0x03840963)
core   0: 0x80004eca (0x8ffa3413) sltiu   s0, s4, -1793
core   0: 3 0x80004eca (0x8ffa3413) x8  0x00000001
core   0: 0x80004ece (0x414ed9b3) sra     s3, t4, s4
core   0: 3 0x80004ece (0x414ed9b3) x19 0xffffffcd
core   0: 0x80004ed2 (0x006db8b3) sltu    a7, s11, t1
core   0: 3 0x80004ed2 (0x006db8b3) x17 0x00000001
core   0: 0x80004ed6 (0x03e307b3) mul     a5, t1, t5
core   0: 3 0x80004ed6 (0x03e307b3) x15 0xffffffff
core   0: 0x80004eda (0x0119a5b3) slt     a1, s3, a7
core   0: 3 0x80004eda (0x0119a5b3) x11 0x00000001
core   0: 0x80004ede (0x00008c75) c.and   s0, a3
core   0: 3 0x80004ede (0x8c75) x8  0x00000000
core   0: 0x80004ee0 (0x0000e591) c.bnez  a1, pc + 12
core   0: 3 0x80004ee0 (0xe591)
core   0: 0x80004eec (0x02fc6db3) rem     s11, s8, a5
core   0: 3 0x80004eec (0x02fc6db3) x27 0x00000000
core   0: 0x80004ef0 (0x0245f833) remu    a6, a1, tp
core   0: 3 0x80004ef0 (0x0245f833) x16 0x00000000
core   0: 0x80004ef4 (0x0096fbb3) and     s7, a3, s1
core   0: 3 0x80004ef4 (0x0096fbb3) x23 0x00000000
core   0: 0x80004ef8 (0x030af933) remu    s2, s5, a6
core   0: 3 0x80004ef8 (0x030af933) x18 0x80029d24
core   0: 0x80004efc (0x00000dd1) c.addi  s11, 20
core   0: 3 0x80004efc (0x0dd1) x27 0x00000014
core   0: 0x80004efe (0x00008d55) c.or    a0, a3
core   0: 3 0x80004efe (0x8d55) x10 0x00000000
core   0: 0x80004f00 (0x71dfe813) ori     a6, t6, 1821
core   0: 3 0x80004f00 (0x71dfe813) x16 0x0000073f
core   0: 0x80004f04 (0x40fc89b3) sub     s3, s9, a5
core   0: 3 0x80004f04 (0x40fc89b3) x19 0x00000001
core   0: 0x80004f08 (0x00008619) c.srai  a2, 6
core   0: 3 0x80004f08 (0x8619) x12 0x00000000
core   0: 0x80004f0a (0x01a3e8b3) or      a7, t2, s10
core   0: 3 0x80004f0a (0x01a3e8b3) x17 0x00003036
core   0: 0x80004f0e (0x00008ee1) c.and   a3, s0
core   0: 3 0x80004f0e (0x8ee1) x13 0x00000000
core   0: 0x80004f10 (0x004789b3) add     s3, a5, tp
core   0: 3 0x80004f10 (0x004789b3) x19 0x00000000
core   0: 0x80004f14 (0x0000eb91) c.bnez  a5, pc + 20
core   0: 3 0x80004f14 (0xeb91)
core   0: 0x80004f28 (0x000086da) c.mv    a3, s6
core   0: 3 0x80004f28 (0x86da) x13 0x00010000
core   0: 0x80004f2a (0x41540db3) sub     s11, s0, s5
core   0: 3 0x80004f2a (0x41540db3) x27 0x7ffd62dc
core   0: 0x80004f2e (0x01f14f33) xor     t5, sp, t6
core   0: 3 0x80004f2e (0x01f14f33) x30 0xf38422d1
core   0: 0x80004f32 (0x000087dd) c.srai  a5, 23
core   0: 3 0x80004f32 (0x87dd) x15 0xffffffff
core   0: 0x80004f34 (0x00000001) c.nop
core   0: 3 0x80004f34 (0x0001)
core   0: 0x80004f36 (0x0000ea05) c.bnez  a2, pc + 48
core   0: 3 0x80004f36 (0xea05)
core   0: 0x80004f38 (0x8f873e13) sltiu   t3, a4, -1800
core   0: 3 0x80004f38 (0x8f873e13) x28 0x00000001
core   0: 0x80004f3c (0x6bb97913) andi    s2, s2, 1723
core   0: 3 0x80004f3c (0x6bb97913) x18 0x00000420
core   0: 0x80004f40 (0x03b01e33) mulh    t3, zero, s11
core   0: 3 0x80004f40 (0x03b01e33) x28 0x00000000
core   0: 0x80004f44 (0x000084a2) c.mv    s1, s0
core   0: 3 0x80004f44 (0x84a2) x9  0x00000000
core   0: 0x80004f46 (0x00008f05) c.sub   a4, s1
core   0: 3 0x80004f46 (0x8f05) x14 0x00000000
core   0: 0x80004f48 (0x020dbe33) mulhu   t3, s11, zero
core   0: 3 0x80004f48 (0x020dbe33) x28 0x00000000
core   0: 0x80004f4c (0x00008d25) c.xor   a0, s1
core   0: 3 0x80004f4c (0x8d25) x10 0x00000000
core   0: 0x80004f4e (0x00000001) c.nop
core   0: 3 0x80004f4e (0x0001)
core   0: 0x80004f50 (0x0000cc85) c.beqz  s1, pc + 56
core   0: 3 0x80004f50 (0xcc85)
core   0: 0x80004f88 (0x00000001) c.nop
core   0: 3 0x80004f88 (0x0001)
core   0: 0x80004f8a (0x00008705) c.srai  a4, 1
core   0: 3 0x80004f8a (0x8705) x14 0x00000000
core   0: 0x80004f8c (0x3a6aab13) slti    s6, s5, 934
core   0: 3 0x80004f8c (0x3a6aab13) x22 0x00000001
core   0: 0x80004f90 (0x0000e205) c.bnez  a2, pc + 32
core   0: 3 0x80004f90 (0xe205)
core   0: 0x80004f92 (0x029d1d63) bne     s10, s1, pc + 58
core   0: 3 0x80004f92 (0x029d1d63)
core   0: 0x80004fcc (0x035ad533) divu    a0, s5, s5
core   0: 3 0x80004fcc (0x035ad533) x10 0x00000001
core   0: 0x80004fd0 (0x0000821d) c.srli  a2, 7
core   0: 3 0x80004fd0 (0x821d) x12 0x00000000
core   0: 0x80004fd2 (0x0000137d) c.addi  t1, -1
core   0: 3 0x80004fd2 (0x137d) x6  0xfffffffe
core   0: 0x80004fd4 (0x03634233) div     tp, t1, s6
core   0: 3 0x80004fd4 (0x03634233) x4  0xfffffffe
core   0: 0x80004fd8 (0x00005c7d) c.li    s8, -1
core   0: 3 0x80004fd8 (0x5c7d) x24 0xffffffff
core   0: 0x80004fda (0x0000ec11) c.bnez  s0, pc + 28
core   0: 3 0x80004fda (0xec11)
core   0: 0x80004fdc (0x000080d5) c.srli  s1, 21
core   0: 3 0x80004fdc (0x80d5) x9  0x00000000
core   0: 0x80004fde (0x00000001) c.nop
core   0: 3 0x80004fde (0x0001)
core   0: 0x80004fe0 (0x0000826a) c.mv    tp, s10
core   0: 3 0x80004fe0 (0x826a) x4  0x00003000
core   0: 0x80004fe2 (0x01fcd193) srli    gp, s9, 31
core   0: 3 0x80004fe2 (0x01fcd193) x3  0x00000000
core   0: 0x80004fe6 (0x09d58417) auipc   s0, 0x9d58
core   0: 3 0x80004fe6 (0x09d58417) x8  0x89d5cfe6
core   0: 0x80004fea (0x00000001) c.nop
core   0: 3 0x80004fea (0x0001)
core   0: 0x80004fec (0x014f6bb3) or      s7, t5, s4
core   0: 3 0x80004fec (0x014f6bb3) x23 0xf3867ef5
core   0: 0x80004ff0 (0x01a88e63) beq     a7, s10, pc + 28
core   0: 3 0x80004ff0 (0x01a88e63)
core   0: 0x80004ff4 (0x0000062a) c.slli  a2, 10
core   0: 3 0x80004ff4 (0x062a) x12 0x00000000
core   0: 0x80004ff6 (0x0098b333) sltu    t1, a7, s1
core   0: 3 0x80004ff6 (0x0098b333) x6  0x00000000
core   0: 0x80004ffa (0x00859f13) slli    t5, a1, 8
core   0: 3 0x80004ffa (0x00859f13) x30 0x00000100
core   0: 0x80004ffe (0x018a35b3) sltu    a1, s4, s8
core   0: 3 0x80004ffe (0x018a35b3) x11 0x00000001
core   0: 0x80005002 (0x02583d33) mulhu   s10, a6, t0
core   0: 3 0x80005002 (0x02583d33) x26 0x00000000
core   0: 0x80005006 (0x000008e6) c.slli  a7, 25
core   0: 3 0x80005006 (0x08e6) x17 0x6c000000
core   0: 0x80005008 (0x0092df93) srli    t6, t0, 9
core   0: 3 0x80005008 (0x0092df93) x31 0x00000000
core   0: 0x8000500c (0x00967f33) and     t5, a2, s1
core   0: 3 0x8000500c (0x00967f33) x30 0x00000000
core   0: 0x80005010 (0x000098fd) c.andi  s1, -1
core   0: 3 0x80005010 (0x98fd) x9  0x00000000
core   0: 0x80005012 (0x0000cb15) c.beqz  a4, pc + 52
core   0: 3 0x80005012 (0xcb15)
core   0: 0x80005046 (0x000044f5) c.li    s1, 29
core   0: 3 0x80005046 (0x44f5) x9  0x0000001d
core   0: 0x80005048 (0x031c07b3) mul     a5, s8, a7
core   0: 3 0x80005048 (0x031c07b3) x15 0x94000000
core   0: 0x8000504c (0x00000001) c.nop
core   0: 3 0x8000504c (0x0001)
core   0: 0x8000504e (0x74e45717) auipc   a4, 0x74e45
core   0: 3 0x8000504e (0x74e45717) x14 0xf4e4a04e
core   0: 0x80005052 (0x00641e33) sll     t3, s0, t1
core   0: 3 0x80005052 (0x00641e33) x28 0x89d5cfe6
core   0: 0x80005056 (0x035168b3) rem     a7, sp, s5
core   0: 3 0x80005056 (0x035168b3) x17 0xf38422e7
core   0: 0x8000505a (0x026c6233) rem     tp, s8, t1
core   0: 3 0x8000505a (0x026c6233) x4  0xffffffff
core   0: 0x8000505e (0x00008689) c.srai  a3, 2
core   0: 3 0x8000505e (0x8689) x13 0x00004000
core   0: 0x80005060 (0x00000001) c.nop
core   0: 3 0x80005060 (0x0001)
core   0: 0x80005062 (0x41005033) sra     zero, zero, a6
core   0: 3 0x80005062 (0x41005033)
core   0: 0x80005066 (0x017b40b3) xor     ra, s6, s7
core   0: 3 0x80005066 (0x017b40b3) x1  0xf3867ef4
core   0: 0x8000506a (0x729bae13) slti    t3, s7, 1833
core   0: 3 0x8000506a (0x729bae13) x28 0x00000001
core   0: 0x8000506e (0x00008d3d) c.xor   a0, a5
core   0: 3 0x8000506e (0x8d3d) x10 0x94000001
core   0: 0x80005070 (0x01d7c333) xor     t1, a5, t4
core   0: 3 0x80005070 (0x01d7c333) x6  0x6bfffcdb
core   0: 0x80005074 (0x41cad833) sra     a6, s5, t3
core   0: 3 0x80005074 (0x41cad833) x16 0xc0014e92
core   0: 0x80005078 (0x411c8c33) sub     s8, s9, a7
core   0: 3 0x80005078 (0x411c8c33) x24 0x0c7bdd19
core   0: 0x8000507c (0x01f1dcb3) srl     s9, gp, t6
core   0: 3 0x8000507c (0x01f1dcb3) x25 0x00000000
core   0: 0x80005080 (0x0000c59d) c.beqz  a1, pc + 46
core   0: 3 0x80005080 (0xc59d)
core   0: 0x80005082 (0x00006c9d) c.lui   s9, 0x7
core   0: 3 0x80005082 (0x6c9d) x25 0x00007000
core   0: 0x80005084 (0x03c3fc63) bgeu    t2, t3, pc + 56
core   0: 3 0x80005084 (0x03c3fc63)
core   0: 0x800050bc (0x00b14eb3) xor     t4, sp, a1
core   0: 3 0x800050bc (0x00b14eb3) x29 0xf38422e6
core   0: 0x800050c0 (0x00008c1d) c.sub   s0, a5
core   0: 3 0x800050c0 (0x8c1d) x8  0xf5d5cfe6
core   0: 0x800050c2 (0xd1b30613) addi    a2, t1, -741
core   0: 3 0x800050c2 (0xd1b30613) x12 0x6bfff9f6
core   0: 0x800050c6 (0x00e69633) sll     a2, a3, a4
core   0: 3 0x800050c6 (0x00e69633) x12 0x10000000
core   0: 0x800050ca (0x03a2f633) remu    a2, t0, s10
core   0: 3 0x800050ca (0x03a2f633) x12 0x00000000
core   0: 0x800050ce (0x00004265) c.li    tp, 25
core   0: 3 0x800050ce (0x4265) x4  0x00000019
core   0: 0x800050d0 (0x3aa57393) andi    t2, a0, 938
core   0: 3 0x800050d0 (0x3aa57393) x7  0x00000000
core   0: 0x800050d4 (0x00006c35) c.lui   s8, 0xd
core   0: 3 0x800050d4 (0x6c35) x24 0x0000d000
core   0: 0x800050d6 (0x04319363) bne     gp, gp, pc + 70
core   0: 3 0x800050d6 (0x04319363)
core   0: 0x800050da (0x02d76033) rem     zero, a4, a3
core   0: 3 0x800050da (0x02d76033)
core   0: 0x800050de (0x73282493) slti    s1, a6, 1842
core   0: 3 0x800050de (0x73282493) x9  0x00000001
core   0: 0x800050e2 (0x0323d033) divu    zero, t2, s2
core   0: 3 0x800050e2 (0x0323d033)
core   0: 0x800050e6 (0x04859363) bne     a1, s0, pc + 70
core   0: 3 0x800050e6 (0x04859363)
core   0: 0x8000512c (0x00000e56) c.slli  t3, 21
core   0: 3 0x8000512c (0x0e56) x28 0x00200000
core   0: 0x8000512e (0x0000e709) c.bnez  a4, pc + 10
core   0: 3 0x8000512e (0xe709)
core   0: 0x80005138 (0x027d0863) beq     s10, t2, pc + 48
core   0: 3 0x80005138 (0x027d0863)
core   0: 0x80005168 (0x01ebe1b3) or      gp, s7, t5
core   0: 3 0x80005168 (0x01ebe1b3) x3  0xf3867ef5
core   0: 0x8000516c (0x0980fe93) andi    t4, ra, 152
core   0: 3 0x8000516c (0x0980fe93) x29 0x00000090
core   0: 0x80005170 (0x0000c30d) c.beqz  a4, pc + 34
core   0: 3 0x80005170 (0xc30d)
core   0: 0x80005172 (0x00157333) and     t1, a0, ra
core   0: 3 0x80005172 (0x00157333) x6  0x90000000
core   0: 0x80005176 (0x029f1833) mulh    a6, t5, s1
core   0: 3 0x80005176 (0x029f1833) x16 0x00000000
core   0: 0x8000517a (0x672b6f13) ori     t5, s6, 1650
core   0: 3 0x8000517a (0x672b6f13) x30 0x00000673
core   0: 0x8000517e (0x01cee033) or      zero, t4, t3
core   0: 3 0x8000517e (0x01cee033)
core   0: 0x80005182 (0x00008d5d) c.or    a0, a5
core   0: 3 0x80005182 (0x8d5d) x10 0x94000001
core   0: 0x80005184 (0x5278a213) slti    tp, a7, 1319
core   0: 3 0x80005184 (0x5278a213) x4  0x00000001
core   0: 0x80005188 (0x00008d79) c.and   a0, a4
core   0: 3 0x80005188 (0x8d79) x10 0x94000000
core   0: 0x8000518a (0x00452433) slt     s0, a0, tp
core   0: 3 0x8000518a (0x00452433) x8  0x00000001
core   0: 0x8000518e (0x0292ed33) rem     s10, t0, s1
core   0: 3 0x8000518e (0x0292ed33) x26 0x00000000
core   0: 0x80005192 (0x0150ac33) slt     s8, ra, s5
core   0: 3 0x80005192 (0x0150ac33) x24 0x00000000
core   0: 0x80005196 (0x000085dd) c.srai  a1, 23
core   0: 3 0x80005196 (0x85dd) x11 0x00000000
core   0: 0x80005198 (0x3a2926b7) lui     a3, 0x3a292
core   0: 3 0x80005198 (0x3a2926b7) x13 0x3a292000
core   0: 0x8000519c (0xf6aaeb93) ori     s7, s5, -150
core   0: 3 0x8000519c (0xf6aaeb93) x23 0xffffff6e
core   0: 0x800051a0 (0x0350e433) rem     s0, ra, s5
core   0: 3 0x800051a0 (0x0350e433) x8  0xf3867ef4
core   0: 0x800051a4 (0x0000ef09) c.bnez  a4, pc + 26
core   0: 3 0x800051a4 (0xef09)
core   0: 0x800051be (0x00008bfa) c.mv    s7, t5
core   0: 3 0x800051be (0x8bfa) x23 0x00000673
core   0: 0x800051c0 (0xa332f813) andi    a6, t0, -1485
core   0: 3 0x800051c0 (0xa332f813) x16 0x00000000
core   0: 0x800051c4 (0x00008d8d) c.sub   a1, a1
core   0: 3 0x800051c4 (0x8d8d) x11 0x00000000
core   0: 0x800051c6 (0x01e615b3) sll     a1, a2, t5
core   0: 3 0x800051c6 (0x01e615b3) x11 0x00000000
core   0: 0x800051ca (0xa85f7f13) andi    t5, t5, -1403
core   0: 3 0x800051ca (0xa85f7f13) x30 0x00000201
core   0: 0x800051ce (0x00467333) and     t1, a2, tp
core   0: 3 0x800051ce (0x00467333) x6  0x00000000
core   0: 0x800051d2 (0x022d5f33) divu    t5, s10, sp
core   0: 3 0x800051d2 (0x022d5f33) x30 0x00000000
core   0: 0x800051d6 (0x01725d63) bge     tp, s7, pc + 26
core   0: 3 0x800051d6 (0x01725d63)
core   0: 0x800051da (0x03925033) divu    zero, tp, s9
core   0: 3 0x800051da (0x03925033)
core   0: 0x800051de (0xb6b4dd97) auipc   s11, 0xb6b4d
core   0: 3 0x800051de (0xb6b4dd97) x27 0x36b521de
core   0: 0x800051e2 (0x00008115) c.srli  a0, 5
core   0: 3 0x800051e2 (0x8115) x10 0x04a00000
core   0: 0x800051e4 (0x034d2fb3) mulhsu  t6, s10, s4
core   0: 3 0x800051e4 (0x034d2fb3) x31 0x00000000
core   0: 0x800051e8 (0x00008ebd) c.xor   a3, a5
core   0: 3 0x800051e8 (0x8ebd) x13 0xae292000
core   0: 0x800051ea (0x00008c51) c.or    s0, a2
core   0: 3 0x800051ea (0x8c51) x8  0xf3867ef4
core   0: 0x800051ec (0x0120a5b3) slt     a1, ra, s2
core   0: 3 0x800051ec (0x0120a5b3) x11 0x00000001
core   0: 0x800051f0 (0x0572c263) blt     t0, s7, pc + 68
core   0: 3 0x800051f0 (0x0572c263)
core   0: 0x80005234 (0x035f93b3) mulh    t2, t6, s5
core   0: 3 0x80005234 (0x035f93b3) x7  0x00000000
core   0: 0x80005238 (0x01e0bcb3) sltu    s9, ra, t5
core   0: 3 0x80005238 (0x01e0bcb3) x25 0x00000000
core   0: 0x8000523c (0xa5d5ec93) ori     s9, a1, -1443
core   0: 3 0x8000523c (0xa5d5ec93) x25 0xfffffa5d
core   0: 0x80005240 (0x02c51633) mulh    a2, a0, a2
core   0: 3 0x80005240 (0x02c51633) x12 0x00000000
core   0: 0x80005244 (0x9f2f2213) slti    tp, t5, -1550
core   0: 3 0x80005244 (0x9f2f2213) x4  0x00000000
core   0: 0x80005248 (0x00009dbe) c.add   s11, a5
core   0: 3 0x80005248 (0x9dbe) x27 0xcab521de
core   0: 0x8000524a (0x0000c699) c.beqz  a3, pc + 14
core   0: 3 0x8000524a (0xc699)
core   0: 0x8000524c (0xe03d4393) xori    t2, s10, -509
core   0: 3 0x8000524c (0xe03d4393) x7  0xfffffe03
core   0: 0x80005250 (0x01c4d193) srli    gp, s1, 28
core   0: 3 0x80005250 (0x01c4d193) x3  0x00000000
core   0: 0x80005254 (0x419fd733) sra     a4, t6, s9
core   0: 3 0x80005254 (0x419fd733) x14 0x00000000
core   0: 0x80005258 (0x405b5e13) srai    t3, s6, 5
core   0: 3 0x80005258 (0x405b5e13) x28 0x00000000
core   0: 0x8000525c (0x028d8233) mul     tp, s11, s0
core   0: 3 0x8000525c (0x028d8233) x4  0xcf838b98
core   0: 0x80005260 (0xcc9f0d93) addi    s11, t5, -823
core   0: 3 0x80005260 (0xcc9f0d93) x27 0xfffffcc9
core   0: 0x80005264 (0x03733db3) mulhu   s11, t1, s7
core   0: 3 0x80005264 (0x03733db3) x27 0x00000000
core   0: 0x80005268 (0x026dbf33) mulhu   t5, s11, t1
core   0: 3 0x80005268 (0x026dbf33) x30 0x00000000
core   0: 0x8000526c (0x01711213) slli    tp, sp, 23
core   0: 3 0x8000526c (0x01711213) x4  0x73800000
core   0: 0x80005270 (0x02282333) mulhsu  t1, a6, sp
core   0: 3 0x80005270 (0x02282333) x6  0x00000000
core   0: 0x80005274 (0x0428e163) bltu    a7, sp, pc + 66
core   0: 3 0x80005274 (0x0428e163)
core   0: 0x80005278 (0x00008e8d) c.sub   a3, a1
core   0: 3 0x80005278 (0x8e8d) x13 0xae291fff
core   0: 0x8000527a (0x00d85533) srl     a0, a6, a3
core   0: 3 0x8000527a (0x00d85533) x10 0x00000000
core   0: 0x8000527e (0x001ddd13) srli    s10, s11, 1
core   0: 3 0x8000527e (0x001ddd13) x26 0x00000000
core   0: 0x80005282 (0x004ebdb3) sltu    s11, t4, tp
core   0: 3 0x80005282 (0x004ebdb3) x27 0x00000001
core   0: 0x80005286 (0x02597c33) remu    s8, s2, t0
core   0: 3 0x80005286 (0x02597c33) x24 0x00000420
core   0: 0x8000528a (0x01b95eb3) srl     t4, s2, s11
core   0: 3 0x8000528a (0x01b95eb3) x29 0x00000210
core   0: 0x8000528e (0x02be4633) div     a2, t3, a1
core   0: 3 0x8000528e (0x02be4633) x12 0x00000000
core   0: 0x80005292 (0x01b71393) slli    t2, a4, 27
core   0: 3 0x80005292 (0x01b71393) x7  0x00000000
core   0: 0x80005296 (0x002c0633) add     a2, s8, sp
core   0: 3 0x80005296 (0x002c0633) x12 0xf3842707
core   0: 0x8000529a (0x01f9bf33) sltu    t5, s3, t6
core   0: 3 0x8000529a (0x01f9bf33) x30 0x00000000
core   0: 0x8000529e (0x80b6fd13) andi    s10, a3, -2037
core   0: 3 0x8000529e (0x80b6fd13) x26 0xae29180b
core   0: 0x800052a2 (0x03965db3) divu    s11, a2, s9
core   0: 3 0x800052a2 (0x03965db3) x27 0x00000000
core   0: 0x800052a6 (0x03103d13) sltiu   s10, zero, 49
core   0: 3 0x800052a6 (0x03103d13) x26 0x00000001
core   0: 0x800052aa (0x00004835) c.li    a6, 13
core   0: 3 0x800052aa (0x4835) x16 0x0000000d
core   0: 0x800052ac (0x000085a2) c.mv    a1, s0
core   0: 3 0x800052ac (0x85a2) x11 0xf3867ef4
core   0: 0x800052ae (0xd7e2c193) xori    gp, t0, -642
core   0: 3 0x800052ae (0xd7e2c193) x3  0xfffffd7e
core   0: 0x800052b2 (0x03897563) bgeu    s2, s8, pc + 42
core   0: 3 0x800052b2 (0x03897563)
core   0: 0x800052dc (0x00006b5d) c.lui   s6, 0x17
core   0: 3 0x800052dc (0x6b5d) x22 0x00017000
core   0: 0x800052de (0x18db1397) auipc   t2, 0x18db1
core   0: 3 0x800052de (0x18db1397) x7  0x98db62de
core   0: 0x800052e2 (0x000088d5) c.andi  s1, 21
core   0: 3 0x800052e2 (0x88d5) x9  0x00000001
core   0: 0x800052e4 (0x018abe33) sltu    t3, s5, s8
core   0: 3 0x800052e4 (0x018abe33) x28 0x00000000
core   0: 0x800052e8 (0x8c724693) xori    a3, tp, -1849
core   0: 3 0x800052e8 (0x8c724693) x13 0x8c7ff8c7
core   0: 0x800052ec (0x41cb8eb3) sub     t4, s7, t3
core   0: 3 0x800052ec (0x41cb8eb3) x29 0x00000673
core   0: 0x800052f0 (0x03a1e733) rem     a4, gp, s10
core   0: 3 0x800052f0 (0x03a1e733) x14 0x00000000
core   0: 0x800052f4 (0x0125e6b3) or      a3, a1, s2
core   0: 3 0x800052f4 (0x0125e6b3) x13 0xf3867ef4
core   0: 0x800052f8 (0x00008e91) c.sub   a3, a2
core   0: 3 0x800052f8 (0x8e91) x13 0x000257ed
core   0: 0x800052fa (0x02154733) div     a4, a0, ra
core   0: 3 0x800052fa (0x02154733) x14 0x00000000
core   0: 0x800052fe (0x0000987a) c.add   a6, t5
core   0: 3 0x800052fe (0x987a) x16 0x0000000d
core   0: 0x80005300 (0x000047d9) c.li    a5, 22
core   0: 3 0x80005300 (0x47d9) x15 0x00000016
core   0: 0x80005302 (0x004fd463) bge     t6, tp, pc + 8
core   0: 3 0x80005302 (0x004fd463)
core   0: 0x80005306 (0xf5a98193) addi    gp, s3, -166
core   0: 3 0x80005306 (0xf5a98193) x3  0xffffff5a
core   0: 0x8000530a (0x02445f33) divu    t5, s0, tp
core   0: 3 0x8000530a (0x02445f33) x30 0x00000002
core   0: 0x8000530e (0x417a8d33) sub     s10, s5, s7
core   0: 3 0x8000530e (0x417a8d33) x26 0x800296b1
core   0: 0x80005312 (0x00000001) c.nop
core   0: 3 0x80005312 (0x0001)
core   0: 0x80005314 (0x00000b61) c.addi  s6, 24
core   0: 3 0x80005314 (0x0b61) x22 0x00017018
core   0: 0x80005316 (0x000097b6) c.add   a5, a3
core   0: 3 0x80005316 (0x97b6) x15 0x00025803
core   0: 0x80005318 (0x9ae14013) xori    zero, sp, -1618
core   0: 3 0x80005318 (0x9ae14013)
core   0: 0x8000531c (0x00001f7d) c.addi  t5, -1
core   0: 3 0x8000531c (0x1f7d) x30 0x00000001
core   0: 0x8000531e (0x78baab13) slti    s6, s5, 1931
core   0: 3 0x8000531e (0x78baab13) x22 0x00000001
core   0: 0x80005322 (0x0148adb3) slt     s11, a7, s4
core   0: 3 0x80005322 (0x0148adb3) x27 0x00000000
core   0: 0x80005326 (0x03cf6333) rem     t1, t5, t3
core   0: 3 0x80005326 (0x03cf6333) x6  0x00000001
core   0: 0x8000532a (0x00000001) c.nop
core   0: 3 0x8000532a (0x0001)
core   0: 0x8000532c (0x0000cb99) c.beqz  a5, pc + 22
core   0: 3 0x8000532c (0xcb99)
core   0: 0x8000532e (0x00008e61) c.and   a2, s0
core   0: 3 0x8000532e (0x8e61) x12 0xf3842604
core   0: 0x80005330 (0x00008efd) c.and   a3, a5
core   0: 3 0x80005330 (0x8efd) x13 0x00025001
core   0: 0x80005332 (0x000001da) c.slli  gp, 22
core   0: 3 0x80005332 (0x01da) x3  0xd6800000
core   0: 0x80005334 (0x03d28733) mul     a4, t0, t4
core   0: 3 0x80005334 (0x03d28733) x14 0x00000000
core   0: 0x80005338 (0x00000186) c.slli  gp, 1
core   0: 3 0x80005338 (0x0186) x3  0xad000000
core   0: 0x8000533a (0xd0bf8593) addi    a1, t6, -757
core   0: 3 0x8000533a (0xd0bf8593) x11 0xfffffd0b
core   0: 0x8000533e (0x40285513) srai    a0, a6, 2
core   0: 3 0x8000533e (0x40285513) x10 0x00000003
core   0: 0x80005342 (0x0000ec89) c.bnez  s1, pc + 26
core   0: 3 0x80005342 (0xec89)
core   0: 0x8000535c (0x00000001) c.nop
core   0: 3 0x8000535c (0x0001)
core   0: 0x8000535e (0x0000853d) c.srai  a0, 15
core   0: 3 0x8000535e (0x853d) x10 0x00000000
core   0: 0x80005360 (0x033ac363) blt     s5, s3, pc + 38
core   0: 3 0x80005360 (0x033ac363)
core   0: 0x80005386 (0x414e5eb3) sra     t4, t3, s4
core   0: 3 0x80005386 (0x414e5eb3) x29 0x00000000
core   0: 0x8000538a (0x0000816d) c.srli  a0, 27
core   0: 3 0x8000538a (0x816d) x10 0x00000000
core   0: 0x8000538c (0x01f69c33) sll     s8, a3, t6
core   0: 3 0x8000538c (0x01f69c33) x24 0x00025001
core   0: 0x80005390 (0x00000fe2) c.slli  t6, 24
core   0: 3 0x80005390 (0x0fe2) x31 0x00000000
core   0: 0x80005392 (0x0000ee0d) c.bnez  a2, pc + 58
core   0: 3 0x80005392 (0xee0d)
core   0: 0x800053cc (0x0328ed33) rem     s10, a7, s2
core   0: 3 0x800053cc (0x0328ed33) x26 0xffffff07
core   0: 0x800053d0 (0x00008c9d) c.sub   s1, a5
core   0: 3 0x800053d0 (0x8c9d) x9  0xfffda7fe
core   0: 0x800053d2 (0x7c84e613) ori     a2, s1, 1992
core   0: 3 0x800053d2 (0x7c84e613) x12 0xfffda7fe
core   0: 0x800053d6 (0x000088c5) c.andi  s1, 17
core   0: 3 0x800053d6 (0x88c5) x9  0x00000010
core   0: 0x800053d8 (0x01cd22b3) slt     t0, s10, t3
core   0: 3 0x800053d8 (0x01cd22b3) x5  0x00000001
core   0: 0x800053dc (0x002ea6b3) slt     a3, t4, sp
core   0: 3 0x800053dc (0x002ea6b3) x13 0x00000000
core   0: 0x800053e0 (0x037bb833) mulhu   a6, s7, s7
core   0: 3 0x800053e0 (0x037bb833) x16 0x00000000
core   0: 0x800053e4 (0xf3e2a193) slti    gp, t0, -194
core   0: 3 0x800053e4 (0xf3e2a193) x3  0x00000000
core   0: 0x800053e8 (0x41dd86b3) sub     a3, s11, t4
core   0: 3 0x800053e8 (0x41dd86b3) x13 0x00000000
core   0: 0x800053ec (0x00cdec33) or      s8, s11, a2
core   0: 3 0x800053ec (0x00cdec33) x24 0xfffda7fe
core   0: 0x800053f0 (0x01441eb3) sll     t4, s0, s4
core   0: 3 0x800053f0 (0x01441eb3) x29 0x3867ef40
core   0: 0x800053f4 (0x405ad313) srai    t1, s5, 5
core   0: 3 0x800053f4 (0x405ad313) x6  0xfc0014e9
core   0: 0x800053f8 (0x0066fb33) and     s6, a3, t1
core   0: 3 0x800053f8 (0x0066fb33) x22 0x00000000
core   0: 0x800053fc (0x405cd933) sra     s2, s9, t0
core   0: 3 0x800053fc (0x405cd933) x18 0xfffffd2e
core   0: 0x80005400 (0x000014fd) c.addi  s1, -1
core   0: 3 0x80005400 (0x14fd) x9  0x0000000f
core   0: 0x80005402 (0x0060b2b3) sltu    t0, ra, t1
core   0: 3 0x80005402 (0x0060b2b3) x5  0x00000001
core   0: 0x80005406 (0x0345b833) mulhu   a6, a1, s4
core   0: 3 0x80005406 (0x0345b833) x16 0x80025d29
core   0: 0x8000540a (0x0000cb05) c.beqz  a4, pc + 48
core   0: 3 0x8000540a (0xcb05)
core   0: 0x8000543a (0x01644bb3) xor     s7, s0, s6
core   0: 3 0x8000543a (0x01644bb3) x23 0xf3867ef4
core   0: 0x8000543e (0x00cbdb13) srli    s6, s7, 12
core   0: 3 0x8000543e (0x00cbdb13) x22 0x000f3867
core   0: 0x80005442 (0x000046f1) c.li    a3, 28
core   0: 3 0x80005442 (0x46f1) x13 0x0000001c
core   0: 0x80005444 (0x037745b3) div     a1, a4, s7
core   0: 3 0x80005444 (0x037745b3) x11 0x00000000
core   0: 0x80005448 (0x00008e35) c.xor   a2, a3
core   0: 3 0x80005448 (0x8e35) x12 0xfffda7e2
core   0: 0x8000544a (0x01edb1b3) sltu    gp, s11, t5
core   0: 3 0x8000544a (0x01edb1b3) x3  0x00000001
core   0: 0x8000544e (0x00008a8d) c.andi  a3, 3
core   0: 3 0x8000544e (0x8a8d) x13 0x00000000
core   0: 0x80005450 (0x000057fd) c.li    a5, -1
core   0: 3 0x80005450 (0x57fd) x15 0xffffffff
core   0: 0x80005452 (0x00c05e33) srl     t3, zero, a2
core   0: 3 0x80005452 (0x00c05e33) x28 0x00000000
core   0: 0x80005456 (0x0f6f4893) xori    a7, t5, 246
core   0: 3 0x80005456 (0x0f6f4893) x17 0x000000f7
core   0: 0x8000545a (0x0221fbb3) remu    s7, gp, sp
core   0: 3 0x8000545a (0x0221fbb3) x23 0x00000001
core   0: 0x8000545e (0x011053b3) srl     t2, zero, a7
core   0: 3 0x8000545e (0x011053b3) x7  0x00000000
core   0: 0x80005462 (0x84532813) slti    a6, t1, -1979
core   0: 3 0x80005462 (0x84532813) x16 0x00000001
core   0: 0x80005466 (0x699a4b37) lui     s6, 0x699a4
core   0: 3 0x80005466 (0x699a4b37) x22 0x699a4000
core   0: 0x8000546a (0x00008796) c.mv    a5, t0
core   0: 3 0x8000546a (0x8796) x15 0x00000001
core   0: 0x8000546c (0x5a84fe93) andi    t4, s1, 1448
core   0: 3 0x8000546c (0x5a84fe93) x29 0x00000008
core   0: 0x80005470 (0x004f6a63) bltu    t5, tp, pc + 20
core   0: 3 0x80005470 (0x004f6a63)
core   0: 0x80005484 (0x02e14233) div     tp, sp, a4
core   0: 3 0x80005484 (0x02e14233) x4  0xffffffff
core   0: 0x80005488 (0x02c19933) mulh    s2, gp, a2
core   0: 3 0x80005488 (0x02c19933) x18 0xffffffff
core   0: 0x8000548c (0x022045b3) div     a1, zero, sp
core   0: 3 0x8000548c (0x022045b3) x11 0x00000000
core   0: 0x80005490 (0x00008c19) c.sub   s0, a4
core   0: 3 0x80005490 (0x8c19) x8  0xf3867ef4
core   0: 0x80005492 (0x06624597) auipc   a1, 0x6624
core   0: 3 0x80005492 (0x06624597) x11 0x86629492
core   0: 0x80005496 (0x0000477d) c.li    a4, 31
core   0: 3 0x80005496 (0x477d) x14 0x0000001f
core   0: 0x80005498 (0xf74aef13) ori     t5, s5, -140
core   0: 3 0x80005498 (0xf74aef13) x30 0xffffff74
core   0: 0x8000549c (0x00000001) c.nop
core   0: 3 0x8000549c (0x0001)
core   0: 0x8000549e (0x018b5593) srli    a1, s6, 24
core   0: 3 0x8000549e (0x018b5593) x11 0x00000069
core   0: 0x800054a2 (0x0166bdb3) sltu    s11, a3, s6
core   0: 3 0x800054a2 (0x0166bdb3) x27 0x00000001
core   0: 0x800054a6 (0x02d131b3) mulhu   gp, sp, a3
core   0: 3 0x800054a6 (0x02d131b3) x3  0x00000000
core   0: 0x800054aa (0x74aac693) xori    a3, s5, 1866
core   0: 3 0x800054aa (0x74aac693) x13 0x80029a6e
core   0: 0x800054ae (0x00f45893) srli    a7, s0, 15
core   0: 3 0x800054ae (0x00f45893) x17 0x0001e70c
core   0: 0x800054b2 (0x4072db13) srai    s6, t0, 7
core   0: 3 0x800054b2 (0x4072db13) x22 0x00000000
core   0: 0x800054b6 (0x0000c29d) c.beqz  a3, pc + 38
core   0: 3 0x800054b6 (0xc29d)
core   0: 0x800054b8 (0x3f514f93) xori    t6, sp, 1013
core   0: 3 0x800054b8 (0x3f514f93) x31 0xf3842112
core   0: 0x800054bc (0x005de1b3) or      gp, s11, t0
core   0: 3 0x800054bc (0x005de1b3) x3  0x00000001
core   0: 0x800054c0 (0x0028da63) bge     a7, sp, pc + 20
core   0: 3 0x800054c0 (0x0028da63)
core   0: 0x800054d4 (0x00000001) c.nop
core   0: 3 0x800054d4 (0x0001)
core   0: 0x800054d6 (0x000099fd) c.andi  a1, -1
core   0: 3 0x800054d6 (0x99fd) x11 0x00000069
core   0: 0x800054d8 (0x01935b13) srli    s6, t1, 25
core   0: 3 0x800054d8 (0x01935b13) x22 0x0000007e
core   0: 0x800054dc (0x03b2bfb3) mulhu   t6, t0, s11
core   0: 3 0x800054dc (0x03b2bfb3) x31 0x00000000
core   0: 0x800054e0 (0x0050c733) xor     a4, ra, t0
core   0: 3 0x800054e0 (0x0050c733) x14 0xf3867ef5
core   0: 0x800054e4 (0x00008c81) c.sub   s1, s0
core   0: 3 0x800054e4 (0x8c81) x9  0x0c79811b
core   0: 0x800054e6 (0x0000e715) c.bnez  a4, pc + 44
core   0: 3 0x800054e6 (0xe715)
core   0: 0x80005512 (0xc9476893) ori     a7, a4, -876
core   0: 3 0x80005512 (0xc9476893) x17 0xfffffef5
core   0: 0x80005516 (0x03248033) mul     zero, s1, s2
core   0: 3 0x80005516 (0x03248033)
core   0: 0x8000551a (0x0000e119) c.bnez  a0, pc + 6
core   0: 3 0x8000551a (0xe119)
core   0: 0x8000551c (0x01567433) and     s0, a2, s5
core   0: 3 0x8000551c (0x01567433) x8  0x80008520
core   0: 0x80005520 (0x04666463) bltu    a2, t1, pc + 72
core   0: 3 0x80005520 (0x04666463)
core   0: 0x80005524 (0x82114813) xori    a6, sp, -2015
core   0: 3 0x80005524 (0x82114813) x16 0x0c7bdac6
core   0: 0x80005528 (0x01c400b3) add     ra, s0, t3
core   0: 3 0x80005528 (0x01c400b3) x1  0x80008520
core   0: 0x8000552c (0x03824463) blt     tp, s8, pc + 40
core   0: 3 0x8000552c (0x03824463)
core   0: 0x80005530 (0x03ccb1b3) mulhu   gp, s9, t3
core   0: 3 0x80005530 (0x03ccb1b3) x3  0x00000000
core   0: 0x80005534 (0x0379dcb3) divu    s9, s3, s7
core   0: 3 0x80005534 (0x0379dcb3) x25 0x00000000
core   0: 0x80005538 (0x016bb4b3) sltu    s1, s7, s6
core   0: 3 0x80005538 (0x016bb4b3) x9  0x00000001
core   0: 0x8000553c (0x0017c1b3) xor     gp, a5, ra
core   0: 3 0x8000553c (0x0017c1b3) x3  0x80008521
core   0: 0x80005540 (0x8a15b717) auipc   a4, 0x8a15b
core   0: 3 0x80005540 (0x8a15b717) x14 0x0a160540
core   0: 0x80005544 (0x0201d063) bgez    gp, pc + 32
core   0: 3 0x80005544 (0x0201d063)
core   0: 0x80005548 (0x000045c5) c.li    a1, 17
core   0: 3 0x80005548 (0x45c5) x11 0x00000011
core   0: 0x8000554a (0x054b4063) blt     s6, s4, pc + 64
core   0: 3 0x8000554a (0x054b4063)
core   0: 0x8000554e (0x01f848b3) xor     a7, a6, t6
core   0: 3 0x8000554e (0x01f848b3) x17 0x0c7bdac6
core   0: 0x80005552 (0x00008c15) c.sub   s0, a3
core   0: 3 0x80005552 (0x8c15) x8  0xfffdeab2
core   0: 0x80005554 (0x03796633) rem     a2, s2, s7
core   0: 3 0x80005554 (0x03796633) x12 0x00000000
core   0: 0x80005558 (0xcf8f1697) auipc   a3, 0xcf8f1
core   0: 3 0x80005558 (0xcf8f1697) x13 0x4f8f6558
core   0: 0x8000555c (0x000064cd) c.lui   s1, 0x13
core   0: 3 0x8000555c (0x64cd) x9  0x00013000
core   0: 0x8000555e (0x000010fd) c.addi  ra, -1
core   0: 3 0x8000555e (0x10fd) x1  0x8000851f
core   0: 0x80005560 (0x01c0e233) or      tp, ra, t3
core   0: 3 0x80005560 (0x01c0e233) x4  0x8000851f
core   0: 0x80005564 (0x027e5cb3) divu    s9, t3, t2
core   0: 3 0x80005564 (0x027e5cb3) x25 0xffffffff
core   0: 0x80005568 (0xdd652193) slti    gp, a0, -554
core   0: 3 0x80005568 (0xdd652193) x3  0x00000000
core   0: 0x8000556c (0x0384d033) divu    zero, s1, s8
core   0: 3 0x8000556c (0x0384d033)
core   0: 0x80005570 (0x023f5363) bge     t5, gp, pc + 38
core   0: 3 0x80005570 (0x023f5363)
core   0: 0x80005574 (0x02fbe7b3) rem     a5, s7, a5
core   0: 3 0x80005574 (0x02fbe7b3) x15 0x00000000
core   0: 0x80005578 (0x00d8b833) sltu    a6, a7, a3
core   0: 3 0x80005578 (0x00d8b833) x16 0x00000001
core   0: 0x8000557c (0x00000001) c.nop
core   0: 3 0x8000557c (0x0001)
core   0: 0x8000557e (0x00008c25) c.xor   s0, s1
core   0: 3 0x8000557e (0x8c25) x8  0xfffcdab2
core   0: 0x80005580 (0x01f61363) bne     a2, t6, pc + 6
core   0: 3 0x80005580 (0x01f61363)
core   0: 0x80005584 (0x00008ea9) c.xor   a3, a0
core   0: 3 0x80005584 (0x8ea9) x13 0x4f8f6558
core   0: 0x80005586 (0x02487e63) bgeu    a6, tp, pc + 60
core   0: 3 0x80005586 (0x02487e63)
core   0: 0x8000558a (0x0210d233) divu    tp, ra, ra
core   0: 3 0x8000558a (0x0210d233) x4  0x00000001
core   0: 0x8000558e (0xb9302b13) slti    s6, zero, -1133
core   0: 3 0x8000558e (0xb9302b13) x22 0x00000000
core   0: 0x80005592 (0x02fffbb3) remu    s7, t6, a5
core   0: 3 0x80005592 (0x02fffbb3) x23 0x00000000
core   0: 0x80005596 (0x00008e39) c.xor   a2, a4
core   0: 3 0x80005596 (0x8e39) x12 0x0a160540
core   0: 0x80005598 (0x4072d213) srai    tp, t0, 7
core   0: 3 0x80005598 (0x4072d213) x4  0x00000000
core   0: 0x8000559c (0x000080f5) c.srli  s1, 29
core   0: 3 0x8000559c (0x80f5) x9  0x00000000
core   0: 0x8000559e (0xf2cf3597) auipc   a1, 0xf2cf3
core   0: 3 0x8000559e (0xf2cf3597) x11 0x72cf859e
core   0: 0x800055a2 (0x00006f19) c.lui   t5, 0x6
core   0: 3 0x800055a2 (0x6f19) x30 0x00006000
core   0: 0x800055a4 (0x01731e13) slli    t3, t1, 23
core   0: 3 0x800055a4 (0x01731e13) x28 0x74800000
core   0: 0x800055a8 (0x00008edd) c.or    a3, a5
core   0: 3 0x800055a8 (0x8edd) x13 0x4f8f6558
core   0: 0x800055aa (0x00008df5) c.and   a1, a3
core   0: 3 0x800055aa (0x8df5) x11 0x428f0518
core   0: 0x800055ac (0x00008316) c.mv    t1, t0
core   0: 3 0x800055ac (0x8316) x6  0x00000001
core   0: 0x800055ae (0x00008d1d) c.sub   a0, a5
core   0: 3 0x800055ae (0x8d1d) x10 0x00000000
core   0: 0x800055b0 (0x91cffb13) andi    s6, t6, -1764
core   0: 3 0x800055b0 (0x91cffb13) x22 0x00000000
core   0: 0x800055b4 (0x000000f1) c.addi  ra, 28
core   0: 3 0x800055b4 (0x00f1) x1  0x8000853b
core   0: 0x800055b6 (0x00008fd9) c.or    a5, a4
core   0: 3 0x800055b6 (0x8fd9) x15 0x0a160540
core   0: 0x800055b8 (0x00006b3d) c.lui   s6, 0xf
core   0: 3 0x800055b8 (0x6b3d) x22 0x0000f000
core   0: 0x800055ba (0x04f46263) bltu    s0, a5, pc + 68
core   0: 3 0x800055ba (0x04f46263)
core   0: 0x800055be (0x01224f63) blt     tp, s2, pc + 30
core   0: 3 0x800055be (0x01224f63)
core   0: 0x800055c2 (0x015292b3) sll     t0, t0, s5
core   0: 3 0x800055c2 (0x015292b3) x5  0x00000010
core   0: 0x800055c6 (0x01829cb3) sll     s9, t0, s8
core   0: 3 0x800055c6 (0x01829cb3) x25 0x00000000
core   0: 0x800055ca (0x5caeb493) sltiu   s1, t4, 1482
core   0: 3 0x800055ca (0x5caeb493) x9  0x00000001
core   0: 0x800055ce (0x180f2593) slti    a1, t5, 384
core   0: 3 0x800055ce (0x180f2593) x11 0x00000000
core   0: 0x800055d2 (0x00000f9a) c.slli  t6, 6
core   0: 3 0x800055d2 (0x0f9a) x31 0x00000000
core   0: 0x800055d4 (0x025317b3) mulh    a5, t1, t0
core   0: 3 0x800055d4 (0x025317b3) x15 0x00000000
core   0: 0x800055d8 (0x03b6f563) bgeu    a3, s11, pc + 42
core   0: 3 0x800055d8 (0x03b6f563)
core   0: 0x80005602 (0x00580533) add     a0, a6, t0
core   0: 3 0x80005602 (0x00580533) x10 0x00000011
core   0: 0x80005606 (0x017c2633) slt     a2, s8, s7
core   0: 3 0x80005606 (0x017c2633) x12 0x00000001
core   0: 0x8000560a (0x00001e7d) c.addi  t3, -1
core   0: 3 0x8000560a (0x1e7d) x28 0x747fffff
core   0: 0x8000560c (0x0274cf33) div     t5, s1, t2
core   0: 3 0x8000560c (0x0274cf33) x30 0xffffffff
core   0: 0x80005610 (0x003ae8b3) or      a7, s5, gp
core   0: 3 0x80005610 (0x003ae8b3) x17 0x80029d24
core   0: 0x80005614 (0x00d55863) bge     a0, a3, pc + 16
core   0: 3 0x80005614 (0x00d55863)
core   0: 0x80005618 (0x01f958b3) srl     a7, s2, t6
core   0: 3 0x80005618 (0x01f958b3) x17 0xffffffff
core   0: 0x8000561c (0x01c2cbb3) xor     s7, t0, t3
core   0: 3 0x8000561c (0x01c2cbb3) x23 0x747fffef
core   0: 0x80005620 (0x03035833) divu    a6, t1, a6
core   0: 3 0x80005620 (0x03035833) x16 0x00000001
core   0: 0x80005624 (0x36068813) addi    a6, a3, 864
core   0: 3 0x80005624 (0x36068813) x16 0x4f8f68b8
core   0: 0x80005628 (0x00008f55) c.or    a4, a3
core   0: 3 0x80005628 (0x8f55) x14 0x4f9f6558
core   0: 0x8000562a (0x01919d33) sll     s10, gp, s9
core   0: 3 0x8000562a (0x01919d33) x26 0x00000000
core   0: 0x8000562e (0x00e73533) sltu    a0, a4, a4
core   0: 3 0x8000562e (0x00e73533) x10 0x00000000
core   0: 0x80005632 (0x00000001) c.nop
core   0: 3 0x80005632 (0x0001)
core   0: 0x80005634 (0x00b49c13) slli    s8, s1, 11
core   0: 3 0x80005634 (0x00b49c13) x24 0x00000800
core   0: 0x80005638 (0x02516463) bltu    sp, t0, pc + 40
core   0: 3 0x80005638 (0x02516463)
core   0: 0x8000563c (0x353e7c13) andi    s8, t3, 851
core   0: 3 0x8000563c (0x353e7c13) x24 0x00000353
core   0: 0x80005640 (0x01d0ed63) bltu    ra, t4, pc + 26
core   0: 3 0x80005640 (0x01d0ed63)
core   0: 0x80005644 (0x0000e329) c.bnez  a4, pc + 66
core   0: 3 0x80005644 (0xe329)
core   0: 0x80005686 (0x02900433) mul     s0, zero, s1
core   0: 3 0x80005686 (0x02900433) x8  0x00000000
core   0: 0x8000568a (0x00008f81) c.sub   a5, s0
core   0: 3 0x8000568a (0x8f81) x15 0x00000000
core   0: 0x8000568c (0x017482b3) add     t0, s1, s7
core   0: 3 0x8000568c (0x017482b3) x5  0x747ffff0
core   0: 0x80005690 (0x00008ec1) c.or    a3, s0
core   0: 3 0x80005690 (0x8ec1) x13 0x4f8f6558
core   0: 0x80005692 (0x00006b69) c.lui   s6, 0x1a
core   0: 3 0x80005692 (0x6b69) x22 0x0001a000
core   0: 0x80005694 (0xbcb12293) slti    t0, sp, -1077
core   0: 3 0x80005694 (0xbcb12293) x5  0x00000001
core   0: 0x80005698 (0x00006e21) c.lui   t3, 0x8
core   0: 3 0x80005698 (0x6e21) x28 0x00008000
core   0: 0x8000569a (0x02ccb633) mulhu   a2, s9, a2
core   0: 3 0x8000569a (0x02ccb633) x12 0x00000000
core   0: 0x8000569e (0x032c5e33) divu    t3, s8, s2
core   0: 3 0x8000569e (0x032c5e33) x28 0x00000000
core   0: 0x800056a2 (0x035afdb3) remu    s11, s5, s5
core   0: 3 0x800056a2 (0x035afdb3) x27 0x00000000
core   0: 0x800056a6 (0x415a5913) srai    s2, s4, 21
core   0: 3 0x800056a6 (0x415a5913) x18 0xfffffc00
core   0: 0x800056aa (0x03d52533) mulhsu  a0, a0, t4
core   0: 3 0x800056aa (0x03d52533) x10 0x00000000
core   0: 0x800056ae (0x02d76d33) rem     s10, a4, a3
core   0: 3 0x800056ae (0x02d76d33) x26 0x00100000
core   0: 0x800056b2 (0x00009bfd) c.andi  a5, -1
core   0: 3 0x800056b2 (0x9bfd) x15 0x00000000
core   0: 0x800056b4 (0xcec2bf17) auipc   t5, 0xcec2b
core   0: 3 0x800056b4 (0xcec2bf17) x30 0x4ec306b4
core   0: 0x800056b8 (0x01047db3) and     s11, s0, a6
core   0: 3 0x800056b8 (0x01047db3) x27 0x00000000
core   0: 0x800056bc (0x03b35e63) bge     t1, s11, pc + 60
core   0: 3 0x800056bc (0x03b35e63)
core   0: 0x800056f8 (0x026c3b13) sltiu   s6, s8, 38
core   0: 3 0x800056f8 (0x026c3b13) x22 0x00000000
core   0: 0x800056fc (0xf7ae3993) sltiu   s3, t3, -134
core   0: 3 0x800056fc (0xf7ae3993) x19 0x00000001
core   0: 0x80005700 (0x01af53b3) srl     t2, t5, s10
core   0: 3 0x80005700 (0x01af53b3) x7  0x4ec306b4
core   0: 0x80005704 (0x0000c71d) c.beqz  a4, pc + 46
core   0: 3 0x80005704 (0xc71d)
core   0: 0x80005706 (0x03aa3eb3) mulhu   t4, s4, s10
core   0: 3 0x80005706 (0x03aa3eb3) x29 0x00080025
core   0: 0x8000570a (0x0152ebb3) or      s7, t0, s5
core   0: 3 0x8000570a (0x0152ebb3) x23 0x80029d25
core   0: 0x8000570e (0x00006bdd) c.lui   s7, 0x17
core   0: 3 0x8000570e (0x6bdd) x23 0x00017000
core   0: 0x80005710 (0x0000177d) c.addi  a4, -1
core   0: 3 0x80005710 (0x177d) x14 0x4f9f6557
core   0: 0x80005712 (0x40e9df33) sra     t5, s3, a4
core   0: 3 0x80005712 (0x40e9df33) x30 0x00000000
core   0: 0x80005716 (0x01973833) sltu    a6, a4, s9
core   0: 3 0x80005716 (0x01973833) x16 0x00000000
core   0: 0x8000571a (0x0155d433) srl     s0, a1, s5
core   0: 3 0x8000571a (0x0155d433) x8  0x00000000
core   0: 0x8000571e (0x000061a9) c.lui   gp, 0xa
core   0: 3 0x8000571e (0x61a9) x3  0x0000a000
core   0: 0x80005720 (0x017ad293) srli    t0, s5, 23
core   0: 3 0x80005720 (0x017ad293) x5  0x00000100
core   0: 0x80005724 (0xc6f43e13) sltiu   t3, s0, -913
core   0: 3 0x80005724 (0xc6f43e13) x28 0x00000001
core   0: 0x80005728 (0x003e1c63) bne     t3, gp, pc + 24
core   0: 3 0x80005728 (0x003e1c63)
core   0: 0x80005740 (0x02f0dcb3) divu    s9, ra, a5
core   0: 3 0x80005740 (0x02f0dcb3) x25 0xffffffff
core   0: 0x80005744 (0x00008eb9) c.xor   a3, a4
core   0: 3 0x80005744 (0x8eb9) x13 0x0010000f
core   0: 0x80005746 (0x000081d5) c.srli  a1, 21
core   0: 3 0x80005746 (0x81d5) x11 0x00000000
core   0: 0x80005748 (0x0000c289) c.beqz  a3, pc + 2
core   0: 3 0x80005748 (0xc289)
core   0: 0x8000574a (0x000087f5) c.srai  a5, 29
core   0: 3 0x8000574a (0x87f5) x15 0x00000000
core   0: 0x8000574c (0x032b1e33) mulh    t3, s6, s2
core   0: 3 0x8000574c (0x032b1e33) x28 0x00000000
core   0: 0x80005750 (0x01fdb233) sltu    tp, s11, t6
core   0: 3 0x80005750 (0x01fdb233) x4  0x00000000
core   0: 0x80005754 (0x000081ee) c.mv    gp, s11
core   0: 3 0x80005754 (0x81ee) x3  0x00000000
core   0: 0x80005756 (0x0000e019) c.bnez  s0, pc + 6
core   0: 3 0x80005756 (0xe019)
core   0: 0x80005758 (0x46a1bd17) auipc   s10, 0x46a1b
core   0: 3 0x80005758 (0x46a1bd17) x26 0xc6a20758
core   0: 0x8000575c (0x00008e19) c.sub   a2, a4
core   0: 3 0x8000575c (0x8e19) x12 0xb0609aa9
core   0: 0x8000575e (0x7daaeb13) ori     s6, s5, 2010
core   0: 3 0x8000575e (0x7daaeb13) x22 0x80029ffe
core   0: 0x80005762 (0x0066e663) bltu    a3, t1, pc + 12
core   0: 3 0x80005762 (0x0066e663)
core   0: 0x80005766 (0x010ed013) srli    zero, t4, 16
core   0: 3 0x80005766 (0x010ed013)
core   0: 0x8000576a (0x03041063) bne     s0, a6, pc + 32
core   0: 3 0x8000576a (0x03041063)
core   0: 0x8000576e (0x000007b2) c.slli  a5, 12
core   0: 3 0x8000576e (0x07b2) x15 0x00000000
core   0: 0x80005770 (0x0000cd09) c.beqz  a0, pc + 26
core   0: 3 0x80005770 (0xcd09)
core   0: 0x8000578a (0x47f8ad93) slti    s11, a7, 1151
core   0: 3 0x8000578a (0x47f8ad93) x27 0x00000001
core   0: 0x8000578e (0x00001b7d) c.addi  s6, -1
core   0: 3 0x8000578e (0x1b7d) x22 0x80029ffd
core   0: 0x80005790 (0x03ad1763) bne     s10, s10, pc + 46
core   0: 3 0x80005790 (0x03ad1763)
core   0: 0x80005794 (0x038947b3) div     a5, s2, s8
core   0: 3 0x80005794 (0x038947b3) x15 0xffffffff
core   0: 0x80005798 (0x555a8613) addi    a2, s5, 1365
core   0: 3 0x80005798 (0x555a8613) x12 0x8002a279
core   0: 0x8000579c (0x00ca4b63) blt     s4, a2, pc + 22
core   0: 3 0x8000579c (0x00ca4b63)
core   0: 0x800057b2 (0x029ee163) bltu    t4, s1, pc + 34
core   0: 3 0x800057b2 (0x029ee163)
core   0: 0x800057b6 (0x40568bb3) sub     s7, a3, t0
core   0: 3 0x800057b6 (0x40568bb3) x23 0x000fff0f
core   0: 0x800057ba (0x0029d613) srli    a2, s3, 2
core   0: 3 0x800057ba (0x0029d613) x12 0x00000000
core   0: 0x800057be (0x0240e163) bltu    ra, tp, pc + 34
core   0: 3 0x800057be (0x0240e163)
core   0: 0x800057c2 (0xe1c74e93) xori    t4, a4, -484
core   0: 3 0x800057c2 (0xe1c74e93) x29 0xb0609b4b
core   0: 0x800057c6 (0x417350b3) sra     ra, t1, s7
core   0: 3 0x800057c6 (0x417350b3) x1  0x00000000
core   0: 0x800057ca (0x40085393) srai    t2, a6, 0
core   0: 3 0x800057ca (0x40085393) x7  0x00000000
core   0: 0x800057ce (0xa4246f93) ori     t6, s0, -1470
core   0: 3 0x800057ce (0xa4246f93) x31 0xfffffa42
core   0: 0x800057d2 (0x0000cc9d) c.beqz  s1, pc + 62
core   0: 3 0x800057d2 (0xcc9d)
core   0: 0x800057d4 (0x00499913) slli    s2, s3, 4
core   0: 3 0x800057d4 (0x00499913) x18 0x00000010
core   0: 0x800057d8 (0x00000001) c.nop
core   0: 3 0x800057d8 (0x0001)
core   0: 0x800057da (0x000007e6) c.slli  a5, 25
core   0: 3 0x800057da (0x07e6) x15 0xfe000000
core   0: 0x800057dc (0x012cf9b3) and     s3, s9, s2
core   0: 3 0x800057dc (0x012cf9b3) x19 0x00000010
core   0: 0x800057e0 (0x5655ee93) ori     t4, a1, 1381
core   0: 3 0x800057e0 (0x5655ee93) x29 0x00000565
core   0: 0x800057e4 (0x01739c33) sll     s8, t2, s7
core   0: 3 0x800057e4 (0x01739c33) x24 0x00000000
core   0: 0x800057e8 (0x02040633) mul     a2, s0, zero
core   0: 3 0x800057e8 (0x02040633) x12 0x00000000
core   0: 0x800057ec (0x00001c63) bnez    zero, pc + 24
core   0: 3 0x800057ec (0x00001c63)
core   0: 0x800057f0 (0x01efdf33) srl     t5, t6, t5
core   0: 3 0x800057f0 (0x01efdf33) x30 0xfffffa42
core   0: 0x800057f4 (0x00006cb9) c.lui   s9, 0xe
core   0: 3 0x800057f4 (0x6cb9) x25 0x0000e000
core   0: 0x800057f6 (0x00000001) c.nop
core   0: 3 0x800057f6 (0x0001)
core   0: 0x800057f8 (0x00006755) c.lui   a4, 0x15
core   0: 3 0x800057f8 (0x6755) x14 0x00015000
core   0: 0x800057fa (0x00008c31) c.xor   s0, a2
core   0: 3 0x800057fa (0x8c31) x8  0x00000000
core   0: 0x800057fc (0x00502933) slt     s2, zero, t0
core   0: 3 0x800057fc (0x00502933) x18 0x00000001
core   0: 0x80005800 (0x03d507b3) mul     a5, a0, t4
core   0: 3 0x80005800 (0x03d507b3) x15 0x00000000
core   0: 0x80005804 (0x00008f99) c.sub   a5, a4
core   0: 3 0x80005804 (0x8f99) x15 0xfffeb000
core   0: 0x80005806 (0x72f28513) addi    a0, t0, 1839
core   0: 3 0x80005806 (0x72f28513) x10 0x0000082f
core   0: 0x8000580a (0x00008f6d) c.and   a4, a1
core   0: 3 0x8000580a (0x8f6d) x14 0x00000000
core   0: 0x8000580c (0x40a70233) sub     tp, a4, a0
core   0: 3 0x8000580c (0x40a70233) x4  0xfffff7d1
core   0: 0x80005810 (0xba0c6d13) ori     s10, s8, -1120
core   0: 3 0x80005810 (0xba0c6d13) x26 0xfffffba0
core   0: 0x80005814 (0x0000997d) c.andi  a0, -1
core   0: 3 0x80005814 (0x997d) x10 0x0000082f
core   0: 0x80005816 (0x00decc63) blt     t4, a3, pc + 24
core   0: 3 0x80005816 (0x00decc63)
core   0: 0x8000582e (0x006beb33) or      s6, s7, t1
core   0: 3 0x8000582e (0x006beb33) x22 0x000fff0f
core   0: 0x80005832 (0x0000c20d) c.beqz  a2, pc + 34
core   0: 3 0x80005832 (0xc20d)
core   0: 0x80005854 (0x002e5693) srli    a3, t3, 2
core   0: 3 0x80005854 (0x002e5693) x13 0x00000000
core   0: 0x80005858 (0x13dce193) ori     gp, s9, 317
core   0: 3 0x80005858 (0x13dce193) x3  0x0000e13d
core   0: 0x8000585c (0x0000069e) c.slli  a3, 7
core   0: 3 0x8000585c (0x069e) x13 0x00000000
core   0: 0x8000585e (0x00008155) c.srli  a0, 21
core   0: 3 0x8000585e (0x8155) x10 0x00000000
core   0: 0x80005860 (0x4972ec13) ori     s8, t0, 1175
core   0: 3 0x80005860 (0x4972ec13) x24 0x00000597
core   0: 0x80005864 (0x007dc9b3) xor     s3, s11, t2
core   0: 3 0x80005864 (0x007dc9b3) x19 0x00000001
core   0: 0x80005868 (0x0104deb3) srl     t4, s1, a6
core   0: 3 0x80005868 (0x0104deb3) x29 0x00000001
core   0: 0x8000586c (0x40ae5e13) srai    t3, t3, 10
core   0: 3 0x8000586c (0x40ae5e13) x28 0x00000000
core   0: 0x80005870 (0x00005bfd) c.li    s7, -1
core   0: 3 0x80005870 (0x5bfd) x23 0xffffffff
core   0: 0x80005872 (0x012ea0b3) slt     ra, t4, s2
core   0: 3 0x80005872 (0x012ea0b3) x1  0x00000000
core   0: 0x80005876 (0x0000e805) c.bnez  s0, pc + 48
core   0: 3 0x80005876 (0xe805)
core   0: 0x80005878 (0x40855b93) srai    s7, a0, 8
core   0: 3 0x80005878 (0x40855b93) x23 0x00000000
core   0: 0x8000587c (0x00ef5613) srli    a2, t5, 14
core   0: 3 0x8000587c (0x00ef5613) x12 0x0003ffff
core   0: 0x80005880 (0x01d772b3) and     t0, a4, t4
core   0: 3 0x80005880 (0x01d772b3) x5  0x00000000
core   0: 0x80005884 (0x00000001) c.nop
core   0: 3 0x80005884 (0x0001)
core   0: 0x80005886 (0xb8b37013) andi    zero, t1, -1141
core   0: 3 0x80005886 (0xb8b37013)
core   0: 0x8000588a (0x00008f31) c.xor   a4, a2
core   0: 3 0x8000588a (0x8f31) x14 0x0003ffff
core   0: 0x8000588c (0x01e2eb63) bltu    t0, t5, pc + 22
core   0: 3 0x8000588c (0x01e2eb63)
core   0: 0x800058a2 (0xfd39e213) ori     tp, s3, -45
core   0: 3 0x800058a2 (0xfd39e213) x4  0xffffffd3
core   0: 0x800058a6 (0x00795d93) srli    s11, s2, 7
core   0: 3 0x800058a6 (0x00795d93) x27 0x00000000
core   0: 0x800058aa (0x00e2c663) blt     t0, a4, pc + 12
core   0: 3 0x800058aa (0x00e2c663)
core   0: 0x800058b6 (0x01ea7733) and     a4, s4, t5
core   0: 3 0x800058b6 (0x01ea7733) x14 0x80025a00
core   0: 0x800058ba (0x027d8db3) mul     s11, s11, t2
core   0: 3 0x800058ba (0x027d8db3) x27 0x00000000
core   0: 0x800058be (0x03b582b3) mul     t0, a1, s11
core   0: 3 0x800058be (0x03b582b3) x5  0x00000000
core   0: 0x800058c2 (0x02ae7eb3) remu    t4, t3, a0
core   0: 3 0x800058c2 (0x02ae7eb3) x29 0x00000000
core   0: 0x800058c6 (0x00005d7d) c.li    s10, -1
core   0: 3 0x800058c6 (0x5d7d) x26 0xffffffff
core   0: 0x800058c8 (0x005c0463) beq     s8, t0, pc + 8
core   0: 3 0x800058c8 (0x005c0463)
core   0: 0x800058cc (0x032f1063) bne     t5, s2, pc + 32
core   0: 3 0x800058cc (0x032f1063)
core   0: 0x800058ec (0x407a5e13) srai    t3, s4, 7
core   0: 3 0x800058ec (0x407a5e13) x28 0xff0004bd
core   0: 0x800058f0 (0x02b60763) beq     a2, a1, pc + 46
core   0: 3 0x800058f0 (0x02b60763)
core   0: 0x800058f4 (0x7615fe17) auipc   t3, 0x7615f
core   0: 3 0x800058f4 (0x7615fe17) x28 0xf61648f4
core   0: 0x800058f8 (0x0000c11d) c.beqz  a0, pc + 38
core   0: 3 0x800058f8 (0xc11d)
core   0: 0x8000591e (0x499d2513) slti    a0, s10, 1177
core   0: 3 0x8000591e (0x499d2513) x10 0x00000001
core   0: 0x80005922 (0x028dfc63) bgeu    s11, s0, pc + 56
core   0: 3 0x80005922 (0x028dfc63)
core   0: 0x8000595a (0x01a59d13) slli    s10, a1, 26
core   0: 3 0x8000595a (0x01a59d13) x26 0x00000000
core   0: 0x8000595e (0x0000873d) c.srai  a4, 15
core   0: 3 0x8000595e (0x873d) x14 0xffff0004
core   0: 0x80005960 (0x0067f433) and     s0, a5, t1
core   0: 3 0x80005960 (0x0067f433) x8  0x00000000
core   0: 0x80005964 (0x00cba2b3) slt     t0, s7, a2
core   0: 3 0x80005964 (0x00cba2b3) x5  0x00000001
core   0: 0x80005968 (0x4fe36c13) ori     s8, t1, 1278
core   0: 3 0x80005968 (0x4fe36c13) x24 0x000004ff
core   0: 0x8000596c (0x000080c5) c.srli  s1, 17
core   0: 3 0x8000596c (0x80c5) x9  0x00000000
core   0: 0x8000596e (0x01c7b9b3) sltu    s3, a5, t3
core   0: 3 0x8000596e (0x01c7b9b3) x19 0x00000000
core   0: 0x80005972 (0x01144bb3) xor     s7, s0, a7
core   0: 3 0x80005972 (0x01144bb3) x23 0xffffffff
core   0: 0x80005976 (0x41850433) sub     s0, a0, s8
core   0: 3 0x80005976 (0x41850433) x8  0xfffffb02
core   0: 0x8000597a (0x016759b3) srl     s3, a4, s6
core   0: 3 0x8000597a (0x016759b3) x19 0x0001fffe
core   0: 0x8000597e (0x0000c30d) c.beqz  a4, pc + 34
core   0: 3 0x8000597e (0xc30d)
core   0: 0x80005980 (0x00008525) c.srai  a0, 9
core   0: 3 0x80005980 (0x8525) x10 0x00000000
core   0: 0x80005982 (0x00fd9b13) slli    s6, s11, 15
core   0: 3 0x80005982 (0x00fd9b13) x22 0x00000000
core   0: 0x80005986 (0x0036a833) slt     a6, a3, gp
core   0: 3 0x80005986 (0x0036a833) x16 0x00000001
core   0: 0x8000598a (0x008b8233) add     tp, s7, s0
core   0: 3 0x8000598a (0x008b8233) x4  0xfffffb01
core   0: 0x8000598e (0x051d6063) bltu    s10, a7, pc + 64
core   0: 3 0x8000598e (0x051d6063)
core   0: 0x800059ce (0x000017fd) c.addi  a5, -1
core   0: 3 0x800059ce (0x17fd) x15 0xfffeafff
core   0: 0x800059d0 (0x40ce8f33) sub     t5, t4, a2
core   0: 3 0x800059d0 (0x40ce8f33) x30 0xfffc0001
core   0: 0x800059d4 (0xd7f84213) xori    tp, a6, -641
core   0: 3 0x800059d4 (0xd7f84213) x4  0xfffffd7e
core   0: 0x800059d8 (0x000058fd) c.li    a7, -1
core   0: 3 0x800059d8 (0x58fd) x17 0xffffffff
core   0: 0x800059da (0xade5f613) andi    a2, a1, -1314
core   0: 3 0x800059da (0xade5f613) x12 0x00000000
core   0: 0x800059de (0x403e5313) srai    t1, t3, 3
core   0: 3 0x800059de (0x403e5313) x6  0xfec2c91e
core   0: 0x800059e2 (0x0216ed63) bltu    a3, ra, pc + 58
core   0: 3 0x800059e2 (0x0216ed63)
core   0: 0x800059e6 (0x0000061a) c.slli  a2, 6
core   0: 3 0x800059e6 (0x061a) x12 0x00000000
core   0: 0x800059e8 (0x00005b7d) c.li    s6, -1
core   0: 3 0x800059e8 (0x5b7d) x22 0xffffffff
core   0: 0x800059ea (0x00d23833) sltu    a6, tp, a3
core   0: 3 0x800059ea (0x00d23833) x16 0x00000000
core   0: 0x800059ee (0x03aaa533) mulhsu  a0, s5, s10
core   0: 3 0x800059ee (0x03aaa533) x10 0x00000000
core   0: 0x800059f2 (0x00009b52) c.add   s6, s4
core   0: 3 0x800059f2 (0x9b52) x22 0x80025ea3
core   0: 0x800059f4 (0x417f5793) srai    a5, t5, 23
core   0: 3 0x800059f4 (0x417f5793) x15 0xffffffff
core   0: 0x800059f8 (0xfb0a4813) xori    a6, s4, -80
core   0: 3 0x800059f8 (0xfb0a4813) x16 0x7ffda114
core   0: 0x800059fc (0x00909d93) slli    s11, ra, 9
core   0: 3 0x800059fc (0x00909d93) x27 0x00000000
core   0: 0x80005a00 (0x00008fdd) c.or    a5, a5
core   0: 3 0x80005a00 (0x8fdd) x15 0xffffffff
core   0: 0x80005a02 (0x0282b633) mulhu   a2, t0, s0
core   0: 3 0x80005a02 (0x0282b633) x12 0x00000000
core   0: 0x80005a06 (0x0000cc85) c.beqz  s1, pc + 56
core   0: 3 0x80005a06 (0xcc85)
core   0: 0x80005a3e (0x7b03b613) sltiu   a2, t2, 1968
core   0: 3 0x80005a3e (0x7b03b613) x12 0x00000001
core   0: 0x80005a42 (0x001cb1b3) sltu    gp, s9, ra
core   0: 3 0x80005a42 (0x001cb1b3) x3  0x00000000
core   0: 0x80005a46 (0x0000ca9d) c.beqz  a3, pc + 54
core   0: 3 0x80005a46 (0xca9d)
core   0: 0x80005a7c (0x009fb2b3) sltu    t0, t6, s1
core   0: 3 0x80005a7c (0x009fb2b3) x5  0x00000000
core   0: 0x80005a80 (0xaecbbc93) sltiu   s9, s7, -1300
core   0: 3 0x80005a80 (0xaecbbc93) x25 0x00000000
core   0: 0x80005a84 (0x01999b93) slli    s7, s3, 25
core   0: 3 0x80005a84 (0x01999b93) x23 0xfc000000
core   0: 0x80005a88 (0x9e92f193) andi    gp, t0, -1559
core   0: 3 0x80005a88 (0x9e92f193) x3  0x00000000
core   0: 0x80005a8c (0x2bc9f393) andi    t2, s3, 700
core   0: 3 0x80005a8c (0x2bc9f393) x7  0x000002bc
core   0: 0x80005a90 (0x030656b3) divu    a3, a2, a6
core   0: 3 0x80005a90 (0x030656b3) x13 0x00000000
core   0: 0x80005a94 (0x509df193) andi    gp, s11, 1289
core   0: 3 0x80005a94 (0x509df193) x3  0x00000000
core   0: 0x80005a98 (0x0000c781) c.beqz  a5, pc + 8
core   0: 3 0x80005a98 (0xc781)
core   0: 0x80005a9a (0x00008c61) c.and   s0, s0
core   0: 3 0x80005a9a (0x8c61) x8  0xfffffb02
core   0: 0x80005a9c (0x032ff433) remu    s0, t6, s2
core   0: 3 0x80005a9c (0x032ff433) x8  0x00000000
core   0: 0x80005aa0 (0x00000cdd) c.addi  s9, 23
core   0: 3 0x80005aa0 (0x0cdd) x25 0x00000017
core   0: 0x80005aa2 (0x00008da9) c.xor   a1, a0
core   0: 3 0x80005aa2 (0x8da9) x11 0x00000000
core   0: 0x80005aa4 (0x03c993b3) mulh    t2, s3, t3
core   0: 3 0x80005aa4 (0x03c993b3) x7  0xffffec2c
core   0: 0x80005aa8 (0x02a6bfb3) mulhu   t6, a3, a0
core   0: 3 0x80005aa8 (0x02a6bfb3) x31 0x00000000
core   0: 0x80005aac (0x03313233) mulhu   tp, sp, s3
core   0: 3 0x80005aac (0x03313233) x4  0x0001e706
core   0: 0x80005ab0 (0x00008cc1) c.or    s1, s0
core   0: 3 0x80005ab0 (0x8cc1) x9  0x00000000
core   0: 0x80005ab2 (0x031e0733) mul     a4, t3, a7
core   0: 3 0x80005ab2 (0x031e0733) x14 0x09e9b70c
core   0: 0x80005ab6 (0x031dbeb3) mulhu   t4, s11, a7
core   0: 3 0x80005ab6 (0x031dbeb3) x29 0x00000000
core   0: 0x80005aba (0x01a74233) xor     tp, a4, s10
core   0: 3 0x80005aba (0x01a74233) x4  0x09e9b70c
core   0: 0x80005abe (0x023a2833) mulhsu  a6, s4, gp
core   0: 3 0x80005abe (0x023a2833) x16 0x00000000
core   0: 0x80005ac2 (0x03e3b533) mulhu   a0, t2, t5
core   0: 3 0x80005ac2 (0x03e3b533) x10 0xfffbec2d
core   0: 0x80005ac6 (0x00008f5d) c.or    a4, a5
core   0: 3 0x80005ac6 (0x8f5d) x14 0xffffffff
core   0: 0x80005ac8 (0x00008bdd) c.andi  a5, 23
core   0: 3 0x80005ac8 (0x8bdd) x15 0x00000017
core   0: 0x80005aca (0x00010297) auipc   t0, 0x10
core   0: 3 0x80005aca (0x00010297) x5  0x80015aca
core   0: 0x80005ace (0xe7028293) addi    t0, t0, -400
core   0: 3 0x80005ace (0xe7028293) x5  0x8001593a
core   0: 0x80005ad2 (0x016283a3) sb      s6, 7(t0)
core   0: 3 0x80005ad2 (0x016283a3) mem 0x80015941 0xa3
core   0: 0x80005ad6 (0x00429c03) lh      s8, 4(t0)
core   0: 3 0x80005ad6 (0x00429c03) x24 0xfffff4f5 mem 0x8001593e
core   0: 0x80005ada (0x01c28223) sb      t3, 4(t0)
core   0: 3 0x80005ada (0x01c28223) mem 0x8001593e 0xf4
core   0: 0x80005ade (0x41445f33) sra     t5, s0, s4
core   0: 3 0x80005ade (0x41445f33) x30 0x00000000
core   0: 0x80005ae2 (0x00e2ae03) lw      t3, 14(t0)
core   0: 3 0x80005ae2 (0x00e2ae03) x28 0x00010203 mem 0x80015948
core   0: 0x80005ae6 (0xffe2c983) lbu     s3, -2(t0)
core   0: 3 0x80005ae6 (0xffe2c983) x19 0x000000f3 mem 0x80015938
core   0: 0x80005aea (0xffe29603) lh      a2, -2(t0)
core   0: 3 0x80005aea (0xffe29603) x12 0xfffff2f3 mem 0x80015938
core   0: 0x80005aee (0xfe828f23) sb      s0, -2(t0)
core   0: 3 0x80005aee (0xfe828f23) mem 0x80015938 0x00
core   0: 0x80005af2 (0xffe2c303) lbu     t1, -2(t0)
core   0: 3 0x80005af2 (0xffe2c303) x6  0x00000000 mem 0x80015938
core   0: 0x80005af6 (0x02b56633) rem     a2, a0, a1
core   0: 3 0x80005af6 (0x02b56633) x12 0xfffbec2d
core   0: 0x80005afa (0x00d28223) sb      a3, 4(t0)
core   0: 3 0x80005afa (0x00d28223) mem 0x8001593e 0x00
core   0: 0x80005afe (0x01829223) sh      s8, 4(t0)
core   0: 3 0x80005afe (0x01829223) mem 0x8001593e 0xf4f5
core   0: 0x80005b02 (0x00928d83) lb      s11, 9(t0)
core   0: 3 0x80005b02 (0x00928d83) x27 0xfffffff8 mem 0x80015943
core   0: 0x80005b06 (0x02c24db3) div     s11, tp, a2
core   0: 3 0x80005b06 (0x02c24db3) x27 0xfffffd92
core   0: 0x80005b0a (0x006284a3) sb      t1, 9(t0)
core   0: 3 0x80005b0a (0x006284a3) mem 0x80015943 0x00
core   0: 0x80005b0e (0x0012a323) sw      ra, 6(t0)
core   0: 3 0x80005b0e (0x0012a323) mem 0x80015940 0x00000000
core   0: 0x80005b12 (0x00628183) lb      gp, 6(t0)
core   0: 3 0x80005b12 (0x00628183) x3  0x00000000 mem 0x80015940
core   0: 0x80005b16 (0xfe428fa3) sb      tp, -1(t0)
core   0: 3 0x80005b16 (0xfe428fa3) mem 0x80015939 0x0c
core   0: 0x80005b1a (0xff928fa3) sb      s9, -1(t0)
core   0: 3 0x80005b1a (0xff928fa3) mem 0x80015939 0x17
core   0: 0x80005b1e (0xfe628fa3) sb      t1, -1(t0)
core   0: 3 0x80005b1e (0xfe628fa3) mem 0x80015939 0x00
core   0: 0x80005b22 (0x00c28903) lb      s2, 12(t0)
core   0: 3 0x80005b22 (0x00c28903) x18 0xfffffffd mem 0x80015946
core   0: 0x80005b26 (0x00000001) c.nop
core   0: 3 0x80005b26 (0x0001)
core   0: 0x80005b28 (0x00428623) sb      tp, 12(t0)
core   0: 3 0x80005b28 (0x00428623) mem 0x80015946 0x0c
core   0: 0x80005b2c (0x00c28803) lb      a6, 12(t0)
core   0: 3 0x80005b2c (0x00c28803) x16 0x0000000c mem 0x80015946
core   0: 0x80005b30 (0x00159d33) sll     s10, a1, ra
core   0: 3 0x80005b30 (0x00159d33) x26 0x00000000
core   0: 0x80005b34 (0xfca8b793) sltiu   a5, a7, -54
core   0: 3 0x80005b34 (0xfca8b793) x15 0x00000000
core   0: 0x80005b38 (0x873b3417) auipc   s0, 0x873b3
core   0: 3 0x80005b38 (0x873b3417) x8  0x073b8b38
core   0: 0x80005b3c (0x01015bb3) srl     s7, sp, a6
core   0: 3 0x80005b3c (0x01015bb3) x23 0x000f3842
core   0: 0x80005b40 (0x00000001) c.nop
core   0: 3 0x80005b40 (0x0001)
core   0: 0x80005b42 (0x02b95233) divu    tp, s2, a1
core   0: 3 0x80005b42 (0x02b95233) x4  0xffffffff
core   0: 0x80005b46 (0x00008eb9) c.xor   a3, a4
core   0: 3 0x80005b46 (0x8eb9) x13 0xffffffff
core   0: 0x80005b48 (0x40f0d813) srai    a6, ra, 15
core   0: 3 0x80005b48 (0x40f0d813) x16 0x00000000
core   0: 0x80005b4c (0x00e4d713) srli    a4, s1, 14
core   0: 3 0x80005b4c (0x00e4d713) x14 0x00000000
core   0: 0x80005b50 (0x00008059) c.srli  s0, 22
core   0: 3 0x80005b50 (0x8059) x8  0x0000001c
core   0: 0x80005b52 (0x0000808d) c.srli  s1, 3
core   0: 3 0x80005b52 (0x808d) x9  0x00000000
core   0: 0x80005b54 (0x031b0863) beq     s6, a7, pc + 48
core   0: 3 0x80005b54 (0x031b0863)
core   0: 0x80005b58 (0x0000978e) c.add   a5, gp
core   0: 3 0x80005b58 (0x978e) x15 0x00000000
core   0: 0x80005b5a (0x01836d33) or      s10, t1, s8
core   0: 3 0x80005b5a (0x01836d33) x26 0xfffff4f5
core   0: 0x80005b5e (0xaff8d237) lui     tp, 0xaff8d
core   0: 3 0x80005b5e (0xaff8d237) x4  0xaff8d000
core   0: 0x80005b62 (0x01b153b3) srl     t2, sp, s11
core   0: 3 0x80005b62 (0x01b153b3) x7  0x00003ce1
core   0: 0x80005b66 (0x0000ee89) c.bnez  a3, pc + 26
core   0: 3 0x80005b66 (0xee89)
core   0: 0x80005b80 (0x029617b3) mulh    a5, a2, s1
core   0: 3 0x80005b80 (0x029617b3) x15 0x00000000
core   0: 0x80005b84 (0x618b2b93) slti    s7, s6, 1560
core   0: 3 0x80005b84 (0x618b2b93) x23 0x00000001
core   0: 0x80005b88 (0x000e9eb3) sll     t4, t4, zero
core   0: 3 0x80005b88 (0x000e9eb3) x29 0x00000000
core   0: 0x80005b8c (0x475b8c13) addi    s8, s7, 1141
core   0: 3 0x80005b8c (0x475b8c13) x24 0x00000476
core   0: 0x80005b90 (0x01fb1cb3) sll     s9, s6, t6
core   0: 3 0x80005b90 (0x01fb1cb3) x25 0x80025ea3
core   0: 0x80005b94 (0x40728933) sub     s2, t0, t2
core   0: 3 0x80005b94 (0x40728933) x18 0x80011c59
core   0: 0x80005b98 (0x02b54db3) div     s11, a0, a1
core   0: 3 0x80005b98 (0x02b54db3) x27 0xffffffff
core   0: 0x80005b9c (0x025cb1b3) mulhu   gp, s9, t0
core   0: 3 0x80005b9c (0x025cb1b3) x3  0x4001dbf1
core   0: 0x80005ba0 (0xf8fe3f93) sltiu   t6, t3, -113
core   0: 3 0x80005ba0 (0xf8fe3f93) x31 0x00000001
core   0: 0x80005ba4 (0x00db5b93) srli    s7, s6, 13
core   0: 3 0x80005ba4 (0x00db5b93) x23 0x00040012
core   0: 0x80005ba8 (0x40ad05b3) sub     a1, s10, a0
core   0: 3 0x80005ba8 (0x40ad05b3) x11 0x000408c8
core   0: 0x80005bac (0x03510e33) mul     t3, sp, s5
core   0: 3 0x80005bac (0x03510e33) x28 0x0dca937c
core   0: 0x80005bb0 (0x2441b813) sltiu   a6, gp, 580
core   0: 3 0x80005bb0 (0x2441b813) x16 0x00000000
core   0: 0x80005bb4 (0x00004379) c.li    t1, 30
core   0: 3 0x80005bb4 (0x4379) x6  0x0000001e
core   0: 0x80005bb6 (0x9fecae93) slti    t4, s9, -1538
core   0: 3 0x80005bb6 (0x9fecae93) x29 0x00000001
core   0: 0x80005bba (0x03f95e63) bge     s2, t6, pc + 60
core   0: 3 0x80005bba (0x03f95e63)
core   0: 0x80005bbe (0x0030cfb3) xor     t6, ra, gp
core   0: 3 0x80005bbe (0x0030cfb3) x31 0x4001dbf1
core   0: 0x80005bc2 (0x000098fd) c.andi  s1, -1
core   0: 3 0x80005bc2 (0x98fd) x9  0x00000000
core   0: 0x80005bc4 (0x0000e015) c.bnez  s0, pc + 36
core   0: 3 0x80005bc4 (0xe015)
core   0: 0x80005be8 (0x01697c63) bgeu    s2, s6, pc + 24
core   0: 3 0x80005be8 (0x01697c63)
core   0: 0x80005bec (0x02cbb3b3) mulhu   t2, s7, a2
core   0: 3 0x80005bec (0x02cbb3b3) x7  0x00040001
core   0: 0x80005bf0 (0x0000833d) c.srli  a4, 15
core   0: 3 0x80005bf0 (0x833d) x14 0x00000000
core   0: 0x80005bf2 (0x00008e26) c.mv    t3, s1
core   0: 3 0x80005bf2 (0x8e26) x28 0x00000000
core   0: 0x80005bf4 (0x0000609d) c.lui   ra, 0x7
core   0: 3 0x80005bf4 (0x609d) x1  0x00007000
core   0: 0x80005bf6 (0x00008115) c.srli  a0, 5
core   0: 3 0x80005bf6 (0x8115) x10 0x07ffdf61
core   0: 0x80005bf8 (0x00c91013) slli    zero, s2, 12
core   0: 3 0x80005bf8 (0x00c91013)
core   0: 0x80005bfc (0x73614293) xori    t0, sp, 1846
core   0: 3 0x80005bfc (0x73614293) x5  0xf38425d1
core   0: 0x80005c00 (0xec6bc093) xori    ra, s7, -314
core   0: 3 0x80005c00 (0xec6bc093) x1  0xfffbfed4
core   0: 0x80005c04 (0x01bf1233) sll     tp, t5, s11
core   0: 3 0x80005c04 (0x01bf1233) x4  0x00000000
core   0: 0x80005c08 (0x00e42eb3) slt     t4, s0, a4
core   0: 3 0x80005c08 (0x00e42eb3) x29 0x00000000
core   0: 0x80005c0c (0x00000001) c.nop
core   0: 3 0x80005c0c (0x0001)
core   0: 0x80005c0e (0x03306c63) bltu    zero, s3, pc + 56
core   0: 3 0x80005c0e (0x03306c63)
core   0: 0x80005c46 (0xf5fbbc13) sltiu   s8, s7, -161
core   0: 3 0x80005c46 (0xf5fbbc13) x24 0x00000001
core   0: 0x80005c4a (0x40180cb3) sub     s9, a6, ra
core   0: 3 0x80005c4a (0x40180cb3) x25 0x0004012c
core   0: 0x80005c4e (0x03cebc33) mulhu   s8, t4, t3
core   0: 3 0x80005c4e (0x03cebc33) x24 0x00000000
core   0: 0x80005c52 (0x54630c93) addi    s9, t1, 1350
core   0: 3 0x80005c52 (0x54630c93) x25 0x00000564
core   0: 0x80005c56 (0x014f5033) srl     zero, t5, s4
core   0: 3 0x80005c56 (0x014f5033)
core   0: 0x80005c5a (0xdf4e2513) slti    a0, t3, -524
core   0: 3 0x80005c5a (0xdf4e2513) x10 0x00000000
core   0: 0x80005c5e (0xcbdbec93) ori     s9, s7, -835
core   0: 3 0x80005c5e (0xcbdbec93) x25 0xfffffcbf
core   0: 0x80005c62 (0x01de0d33) add     s10, t3, t4
core   0: 3 0x80005c62 (0x01de0d33) x26 0x00000000
core   0: 0x80005c66 (0x03b47d33) remu    s10, s0, s11
core   0: 3 0x80005c66 (0x03b47d33) x26 0x0000001c
core   0: 0x80005c6a (0x930a5c17) auipc   s8, 0x930a5
core   0: 3 0x80005c6a (0x930a5c17) x24 0x130aac6a
core   0: 0x80005c6e (0x00006431) c.lui   s0, 0xc
core   0: 3 0x80005c6e (0x6431) x8  0x0000c000
core   0: 0x80005c70 (0x00008259) c.srli  a2, 22
core   0: 3 0x80005c70 (0x8259) x12 0x000003ff
core   0: 0x80005c72 (0x002477b3) and     a5, s0, sp
core   0: 3 0x80005c72 (0x002477b3) x15 0x00000000
core   0: 0x80005c76 (0x00008d25) c.xor   a0, s1
core   0: 3 0x80005c76 (0x8d25) x10 0x00000000
core   0: 0x80005c78 (0x00480f33) add     t5, a6, tp
core   0: 3 0x80005c78 (0x00480f33) x30 0x00000000
core   0: 0x80005c7c (0x02330463) beq     t1, gp, pc + 40
core   0: 3 0x80005c7c (0x02330463)
core   0: 0x80005c80 (0x038cd533) divu    a0, s9, s8
core   0: 3 0x80005c80 (0x038cd533) x10 0x0000000d
core   0: 0x80005c84 (0x34efcb13) xori    s6, t6, 846
core   0: 3 0x80005c84 (0x34efcb13) x22 0x4001d8bf
core   0: 0x80005c88 (0x03c20eb3) mul     t4, tp, t3
core   0: 3 0x80005c88 (0x03c20eb3) x29 0x00000000
core   0: 0x80005c8c (0x039386b3) mul     a3, t2, s9
core   0: 3 0x80005c8c (0x039386b3) x13 0xf2fbfcbf
core   0: 0x80005c90 (0x3e9c7c13) andi    s8, s8, 1001
core   0: 3 0x80005c90 (0x3e9c7c13) x24 0x00000068
core   0: 0x80005c94 (0x00008e89) c.sub   a3, a0
core   0: 3 0x80005c94 (0x8e89) x13 0xf2fbfcb2
core   0: 0x80005c96 (0x03aa4bb3) div     s7, s4, s10
core   0: 3 0x80005c96 (0x03aa4bb3) x23 0xfb6dcc86
core   0: 0x80005c9a (0x01de5e63) bge     t3, t4, pc + 28
core   0: 3 0x80005c9a (0x01de5e63)
core   0: 0x80005cb6 (0x03e854b3) divu    s1, a6, t5
core   0: 3 0x80005cb6 (0x03e854b3) x9  0xffffffff
core   0: 0x80005cba (0x016b4363) blt     s6, s6, pc + 6
core   0: 3 0x80005cba (0x016b4363)
core   0: 0x80005cbe (0x0000ee8d) c.bnez  a3, pc + 58
core   0: 3 0x80005cbe (0xee8d)
core   0: 0x80005cf8 (0x8e863d93) sltiu   s11, a2, -1816
core   0: 3 0x80005cf8 (0x8e863d93) x27 0x00000001
core   0: 0x80005cfc (0x000089cd) c.andi  a1, 19
core   0: 3 0x80005cfc (0x89cd) x11 0x00000000
core   0: 0x80005cfe (0x006eb993) sltiu   s3, t4, 6
core   0: 3 0x80005cfe (0x006eb993) x19 0x00000001
core   0: 0x80005d02 (0x00008a45) c.andi  a2, 17
core   0: 3 0x80005d02 (0x8a45) x12 0x00000011
core   0: 0x80005d04 (0x000083fd) c.srli  a5, 31
core   0: 3 0x80005d04 (0x83fd) x15 0x00000000
core   0: 0x80005d06 (0x0000846d) c.srai  s0, 27
core   0: 3 0x80005d06 (0x846d) x8  0x00000000
core   0: 0x80005d08 (0x016bdfb3) srl     t6, s7, s6
core   0: 3 0x80005d08 (0x016bdfb3) x31 0x00000001
core   0: 0x80005d0c (0x00001ffd) c.addi  t6, -1
core   0: 3 0x80005d0c (0x1ffd) x31 0x00000000
core   0: 0x80005d0e (0x03c8f4b3) remu    s1, a7, t3
core   0: 3 0x80005d0e (0x03c8f4b3) x9  0xffffffff
core   0: 0x80005d12 (0x00009886) c.add   a7, ra
core   0: 3 0x80005d12 (0x9886) x17 0xfffbfed3
core   0: 0x80005d14 (0x00008fb5) c.xor   a5, a3
core   0: 3 0x80005d14 (0x8fb5) x15 0xf2fbfcb2
core   0: 0x80005d16 (0x04a7c363) blt     a5, a0, pc + 70
core   0: 3 0x80005d16 (0x04a7c363)
core   0: 0x80005d5c (0x0372c233) div     tp, t0, s7
core   0: 3 0x80005d5c (0x0372c233) x4  0x00000002
core   0: 0x80005d60 (0x00ec5663) bge     s8, a4, pc + 12
core   0: 3 0x80005d60 (0x00ec5663)
core   0: 0x80005d6c (0xf3502f13) slti    t5, zero, -203
core   0: 3 0x80005d6c (0xf3502f13) x30 0x00000000
core   0: 0x80005d70 (0x00009bfd) c.andi  a5, -1
core   0: 3 0x80005d70 (0x9bfd) x15 0xf2fbfcb2
core   0: 0x80005d72 (0x8e573893) sltiu   a7, a4, -1819
core   0: 3 0x80005d72 (0x8e573893) x17 0x00000001
core   0: 0x80005d76 (0x0000c69d) c.beqz  a3, pc + 46
core   0: 3 0x80005d76 (0xc69d)
core   0: 0x80005d78 (0x0000137d) c.addi  t1, -1
core   0: 3 0x80005d78 (0x137d) x6  0x0000001d
core   0: 0x80005d7a (0x00433e33) sltu    t3, t1, tp
core   0: 3 0x80005d7a (0x00433e33) x28 0x00000000
core   0: 0x80005d7e (0x011fddb3) srl     s11, t6, a7
core   0: 3 0x80005d7e (0x011fddb3) x27 0x00000000
core   0: 0x80005d82 (0x071ebf93) sltiu   t6, t4, 113
core   0: 3 0x80005d82 (0x071ebf93) x31 0x00000001
core   0: 0x80005d86 (0x0000c605) c.beqz  a2, pc + 40
core   0: 3 0x80005d86 (0xc605)
core   0: 0x80005d88 (0x39a67793) andi    a5, a2, 922
core   0: 3 0x80005d88 (0x39a67793) x15 0x00000010
core   0: 0x80005d8c (0x012f1793) slli    a5, t5, 18
core   0: 3 0x80005d8c (0x012f1793) x15 0x00000000
core   0: 0x80005d90 (0x00000001) c.nop
core   0: 3 0x80005d90 (0x0001)
core   0: 0x80005d92 (0x00008d51) c.or    a0, a2
core   0: 3 0x80005d92 (0x8d51) x10 0x0000001d
core   0: 0x80005d94 (0x01b62033) slt     zero, a2, s11
core   0: 3 0x80005d94 (0x01b62033)
core   0: 0x80005d98 (0x02b5d7b3) divu    a5, a1, a1
core   0: 3 0x80005d98 (0x02b5d7b3) x15 0xffffffff
core   0: 0x80005d9c (0x03f9e6b3) rem     a3, s3, t6
core   0: 3 0x80005d9c (0x03f9e6b3) x13 0x00000000
core   0: 0x80005da0 (0x01441913) slli    s2, s0, 20
core   0: 3 0x80005da0 (0x01441913) x18 0x00000000
core   0: 0x80005da4 (0x01bbd4b3) srl     s1, s7, s11
core   0: 3 0x80005da4 (0x01bbd4b3) x9  0xfb6dcc86
core   0: 0x80005da8 (0x000011fd) c.addi  gp, -1
core   0: 3 0x80005da8 (0x11fd) x3  0x4001dbf0
core   0: 0x80005daa (0x40c75393) srai    t2, a4, 12
core   0: 3 0x80005daa (0x40c75393) x7  0x00000000
core   0: 0x80005dae (0x039256b3) divu    a3, tp, s9
core   0: 3 0x80005dae (0x039256b3) x13 0x00000000
core   0: 0x80005db2 (0x8832bb93) sltiu   s7, t0, -1917
core   0: 3 0x80005db2 (0x8832bb93) x23 0x00000001
core   0: 0x80005db6 (0x00d6bfb3) sltu    t6, a3, a3
core   0: 3 0x80005db6 (0x00d6bfb3) x31 0x00000000
core   0: 0x80005dba (0xffa34713) xori    a4, t1, -6
core   0: 3 0x80005dba (0xffa34713) x14 0xffffffe7
core   0: 0x80005dbe (0x00004189) c.li    gp, 2
core   0: 3 0x80005dbe (0x4189) x3  0x00000002
core   0: 0x80005dc0 (0x0000986a) c.add   a6, s10
core   0: 3 0x80005dc0 (0x986a) x16 0x0000001c
core   0: 0x80005dc2 (0x0000cc95) c.beqz  s1, pc + 60
core   0: 3 0x80005dc2 (0xcc95)
core   0: 0x80005dc4 (0x03f87863) bgeu    a6, t6, pc + 48
core   0: 3 0x80005dc4 (0x03f87863)
core   0: 0x80005df4 (0x0040bdb3) sltu    s11, ra, tp
core   0: 3 0x80005df4 (0x0040bdb3) x27 0x00000000
core   0: 0x80005df8 (0x0000671d) c.lui   a4, 0x7
core   0: 3 0x80005df8 (0x671d) x14 0x00007000
core   0: 0x80005dfa (0x03374b33) div     s6, a4, s3
core   0: 3 0x80005dfa (0x03374b33) x22 0x00007000
core   0: 0x80005dfe (0x00004809) c.li    a6, 2
core   0: 3 0x80005dfe (0x4809) x16 0x00000002
core   0: 0x80005e00 (0x0000177d) c.addi  a4, -1
core   0: 3 0x80005e00 (0x177d) x14 0x00006fff
core   0: 0x80005e02 (0x000ec433) xor     s0, t4, zero
core   0: 3 0x80005e02 (0x000ec433) x8  0x00000000
core   0: 0x80005e06 (0x01d959b3) srl     s3, s2, t4
core   0: 3 0x80005e06 (0x01d959b3) x19 0x00000000
core   0: 0x80005e0a (0x02034933) div     s2, t1, zero
core   0: 3 0x80005e0a (0x02034933) x18 0xffffffff
core   0: 0x80005e0e (0x00008e4d) c.or    a2, a1
core   0: 3 0x80005e0e (0x8e4d) x12 0x00000011
core   0: 0x80005e10 (0x00008f2d) c.xor   a4, a1
core   0: 3 0x80005e10 (0x8f2d) x14 0x00006fff
core   0: 0x80005e12 (0x0000c819) c.beqz  s0, pc + 22
core   0: 3 0x80005e12 (0xc819)
core   0: 0x80005e28 (0x03bef9b3) remu    s3, t4, s11
core   0: 3 0x80005e28 (0x03bef9b3) x19 0x00000000
core   0: 0x80005e2c (0x03637963) bgeu    t1, s6, pc + 50
core   0: 3 0x80005e2c (0x03637963)
core   0: 0x80005e30 (0x92938d93) addi    s11, t2, -1751
core   0: 3 0x80005e30 (0x92938d93) x27 0xfffff929
core   0: 0x80005e34 (0x9fc87293) andi    t0, a6, -1540
core   0: 3 0x80005e34 (0x9fc87293) x5  0x00000000
core   0: 0x80005e38 (0x00004f41) c.li    t5, 16
core   0: 3 0x80005e38 (0x4f41) x30 0x00000010
core   0: 0x80005e3a (0x0158cc63) blt     a7, s5, pc + 24
core   0: 3 0x80005e3a (0x0158cc63)
core   0: 0x80005e3e (0x01a45993) srli    s3, s0, 26
core   0: 3 0x80005e3e (0x01a45993) x19 0x00000000
core   0: 0x80005e42 (0x000041ad) c.li    gp, 11
core   0: 3 0x80005e42 (0x41ad) x3  0x0000000b
core   0: 0x80005e44 (0x00006815) c.lui   a6, 0x5
core   0: 3 0x80005e44 (0x6815) x16 0x00005000
core   0: 0x80005e46 (0x007fd033) srl     zero, t6, t2
core   0: 3 0x80005e46 (0x007fd033)
core   0: 0x80005e4a (0x00008db9) c.xor   a1, a4
core   0: 3 0x80005e4a (0x8db9) x11 0x00006fff
core   0: 0x80005e4c (0x00008dd5) c.or    a1, a3
core   0: 3 0x80005e4c (0x8dd5) x11 0x00006fff
core   0: 0x80005e4e (0x01f62633) slt     a2, a2, t6
core   0: 3 0x80005e4e (0x01f62633) x12 0x00000000
core   0: 0x80005e52 (0x03bd2b33) mulhsu  s6, s10, s11
core   0: 3 0x80005e52 (0x03bd2b33) x22 0x0000001b
core   0: 0x80005e56 (0x01a53933) sltu    s2, a0, s10
core   0: 3 0x80005e56 (0x01a53933) x18 0x00000000
core   0: 0x80005e5a (0x2737f293) andi    t0, a5, 627
core   0: 3 0x80005e5a (0x2737f293) x5  0x00000273
core   0: 0x80005e5e (0x00cf5313) srli    t1, t5, 12
core   0: 3 0x80005e5e (0x00cf5313) x6  0x00000000
core   0: 0x80005e62 (0xbc58e813) ori     a6, a7, -1083
core   0: 3 0x80005e62 (0xbc58e813) x16 0xfffffbc5
core   0: 0x80005e66 (0x000009a5) c.addi  s3, 9
core   0: 3 0x80005e66 (0x09a5) x19 0x00000009
core   0: 0x80005e68 (0x00008cad) c.xor   s1, a1
core   0: 3 0x80005e68 (0x8cad) x9  0xfb6da379
core   0: 0x80005e6a (0x0235c0b3) div     ra, a1, gp
core   0: 3 0x80005e6a (0x0235c0b3) x1  0x00000a2e
core   0: 0x80005e6e (0x404ed813) srai    a6, t4, 4
core   0: 3 0x80005e6e (0x404ed813) x16 0x00000000
core   0: 0x80005e72 (0x40e85613) srai    a2, a6, 14
core   0: 3 0x80005e72 (0x40e85613) x12 0x00000000
core   0: 0x80005e76 (0x00008d61) c.and   a0, s0
core   0: 3 0x80005e76 (0x8d61) x10 0x00000000
core   0: 0x80005e78 (0x00008f91) c.sub   a5, a2
core   0: 3 0x80005e78 (0x8f91) x15 0xffffffff
core   0: 0x80005e7a (0xe6cbbd13) sltiu   s10, s7, -404
core   0: 3 0x80005e7a (0xe6cbbd13) x26 0x00000001
core   0: 0x80005e7e (0x000063cd) c.lui   t2, 0x13
core   0: 3 0x80005e7e (0x63cd) x7  0x00013000
core   0: 0x80005e80 (0x037f20b3) mulhsu  ra, t5, s7
core   0: 3 0x80005e80 (0x037f20b3) x1  0x00000000
core   0: 0x80005e84 (0x41475b13) srai    s6, a4, 20
core   0: 3 0x80005e84 (0x41475b13) x22 0x00000000
core   0: 0x80005e88 (0x00fbd793) srli    a5, s7, 15
core   0: 3 0x80005e88 (0x00fbd793) x15 0x00000000
core   0: 0x80005e8c (0x00ac3e33) sltu    t3, s8, a0
core   0: 3 0x80005e8c (0x00ac3e33) x28 0x00000000
core   0: 0x80005e90 (0x8084b313) sltiu   t1, s1, -2040
core   0: 3 0x80005e90 (0x8084b313) x6  0x00000001
core   0: 0x80005e94 (0xec846e13) ori     t3, s0, -312
core   0: 3 0x80005e94 (0xec846e13) x28 0xfffffec8
core   0: 0x80005e98 (0x026c4b33) div     s6, s8, t1
core   0: 3 0x80005e98 (0x026c4b33) x22 0x00000068
core   0: 0x80005e9c (0x035fd063) bge     t6, s5, pc + 32
core   0: 3 0x80005e9c (0x035fd063)
core   0: 0x80005ebc (0x01a4db63) bge     s1, s10, pc + 22
core   0: 3 0x80005ebc (0x01a4db63)
core   0: 0x80005ec0 (0x00000001) c.nop
core   0: 3 0x80005ec0 (0x0001)
core   0: 0x80005ec2 (0x03413c33) mulhu   s8, sp, s4
core   0: 3 0x80005ec2 (0x03413c33) x24 0x79c45282
core   0: 0x80005ec6 (0x00008ded) c.and   a1, a1
core   0: 3 0x80005ec6 (0x8ded) x11 0x00006fff
core   0: 0x80005ec8 (0x0000ef81) c.bnez  a5, pc + 24
core   0: 3 0x80005ec8 (0xef81)
core   0: 0x80005eca (0x032237b3) mulhu   a5, tp, s2
core   0: 3 0x80005eca (0x032237b3) x15 0x00000000
core   0: 0x80005ece (0x016032b3) snez    t0, s6
core   0: 3 0x80005ece (0x016032b3) x5  0x00000001
core   0: 0x80005ed2 (0x44b25537) lui     a0, 0x44b25
core   0: 3 0x80005ed2 (0x44b25537) x10 0x44b25000
core   0: 0x80005ed6 (0x00000001) c.nop
core   0: 3 0x80005ed6 (0x0001)
core   0: 0x80005ed8 (0x00000001) c.nop
core   0: 3 0x80005ed8 (0x0001)
core   0: 0x80005eda (0x00008f55) c.or    a4, a3
core   0: 3 0x80005eda (0x8f55) x14 0x00006fff
core   0: 0x80005edc (0x6610ac93) slti    s9, ra, 1633
core   0: 3 0x80005edc (0x6610ac93) x25 0x00000001
core   0: 0x80005ee0 (0x00004411) c.li    s0, 4
core   0: 3 0x80005ee0 (0x4411) x8  0x00000004
core   0: 0x80005ee2 (0x01516e63) bltu    sp, s5, pc + 28
core   0: 3 0x80005ee2 (0x01516e63)
core   0: 0x80005ee6 (0x000088a5) c.andi  s1, 9
core   0: 3 0x80005ee6 (0x88a5) x9  0x00000009
core   0: 0x80005ee8 (0x00009596) c.add   a1, t0
core   0: 3 0x80005ee8 (0x9596) x11 0x00007000
core   0: 0x80005eea (0xfb03d037) lui     zero, 0xfb03d
core   0: 3 0x80005eea (0xfb03d037)
core   0: 0x80005eee (0x0218f0b3) remu    ra, a7, ra
core   0: 3 0x80005eee (0x0218f0b3) x1  0x00000001
core   0: 0x80005ef2 (0xbefe7213) andi    tp, t3, -1041
core   0: 3 0x80005ef2 (0xbefe7213) x4  0xfffffac8
core   0: 0x80005ef6 (0x03d00533) mul     a0, zero, t4
core   0: 3 0x80005ef6 (0x03d00533) x10 0x00000000
core   0: 0x80005efa (0x0000cf05) c.beqz  a4, pc + 56
core   0: 3 0x80005efa (0xcf05)
core   0: 0x80005efc (0x00000ef6) c.slli  t4, 29
core   0: 3 0x80005efc (0x0ef6) x29 0x00000000
core   0: 0x80005efe (0x02076363) bltu    a4, zero, pc + 38
core   0: 3 0x80005efe (0x02076363)
core   0: 0x80005f02 (0x00008b9a) c.mv    s7, t1
core   0: 3 0x80005f02 (0x8b9a) x23 0x00000001
core   0: 0x80005f04 (0x79c8a213) slti    tp, a7, 1948
core   0: 3 0x80005f04 (0x79c8a213) x4  0x00000001
core   0: 0x80005f08 (0x00008fdd) c.or    a5, a5
core   0: 3 0x80005f08 (0x8fdd) x15 0x00000000
core   0: 0x80005f0a (0x00008055) c.srli  s0, 21
core   0: 3 0x80005f0a (0x8055) x8  0x00000000
core   0: 0x80005f0c (0x03a5c733) div     a4, a1, s10
core   0: 3 0x80005f0c (0x03a5c733) x14 0x00007000
core   0: 0x80005f10 (0x005c5263) bge     s8, t0, pc + 4
core   0: 3 0x80005f10 (0x005c5263)
core   0: 0x80005f14 (0x00ba7963) bgeu    s4, a1, pc + 18
core   0: 3 0x80005f14 (0x00ba7963)
core   0: 0x80005f26 (0x000084fd) c.srai  s1, 31
core   0: 3 0x80005f26 (0x84fd) x9  0x00000000
core   0: 0x80005f28 (0x03f86763) bltu    a6, t6, pc + 46
core   0: 3 0x80005f28 (0x03f86763)
core   0: 0x80005f2c (0x0360c933) div     s2, ra, s6
core   0: 3 0x80005f2c (0x0360c933) x18 0x00000000
core   0: 0x80005f30 (0x00000c71) c.addi  s8, 28
core   0: 3 0x80005f30 (0x0c71) x24 0x79c4529e
core   0: 0x80005f32 (0x01506e63) bltu    zero, s5, pc + 28
core   0: 3 0x80005f32 (0x01506e63)
core   0: 0x80005f4e (0x00008d41) c.or    a0, s0
core   0: 3 0x80005f4e (0x8d41) x10 0x00000000
core   0: 0x80005f50 (0x4153de13) srai    t3, t2, 21
core   0: 3 0x80005f50 (0x4153de13) x28 0x00000000
core   0: 0x80005f54 (0x00008cf5) c.and   s1, a3
core   0: 3 0x80005f54 (0x8cf5) x9  0x00000000
core   0: 0x80005f56 (0x03a29063) bne     t0, s10, pc + 32
core   0: 3 0x80005f56 (0x03a29063)
core   0: 0x80005f5a (0x00000622) c.slli  a2, 8
core   0: 3 0x80005f5a (0x0622) x12 0x00000000
core   0: 0x80005f5c (0x4acfeb13) ori     s6, t6, 1196
core   0: 3 0x80005f5c (0x4acfeb13) x22 0x000004ac
core   0: 0x80005f60 (0x03c39bb3) mulh    s7, t2, t3
core   0: 3 0x80005f60 (0x03c39bb3) x23 0x00000000
core   0: 0x80005f64 (0x00005bfd) c.li    s7, -1
core   0: 3 0x80005f64 (0x5bfd) x23 0xffffffff
core   0: 0x80005f66 (0x00008c9d) c.sub   s1, a5
core   0: 3 0x80005f66 (0x8c9d) x9  0x00000000
core   0: 0x80005f68 (0x02b6e0b3) rem     ra, a3, a1
core   0: 3 0x80005f68 (0x02b6e0b3) x1  0x00000000
core   0: 0x80005f6c (0x038a0833) mul     a6, s4, s8
core   0: 3 0x80005f6c (0x038a0833) x16 0xbd56f138
core   0: 0x80005f70 (0x0000557d) c.li    a0, -1
core   0: 3 0x80005f70 (0x557d) x10 0xffffffff
core   0: 0x80005f72 (0x03b51533) mulh    a0, a0, s11
core   0: 3 0x80005f72 (0x03b51533) x10 0x00000000
core   0: 0x80005f76 (0x02e5c533) div     a0, a1, a4
core   0: 3 0x80005f76 (0x02e5c533) x10 0x00000001
core   0: 0x80005f7a (0x000089fd) c.andi  a1, 31
core   0: 3 0x80005f7a (0x89fd) x11 0x00000000
core   0: 0x80005f7c (0x0000025a) c.slli  tp, 22
core   0: 3 0x80005f7c (0x025a) x4  0x00400000
core   0: 0x80005f7e (0x93b74e13) xori    t3, a4, -1733
core   0: 3 0x80005f7e (0x93b74e13) x28 0xffff893b
core   0: 0x80005f82 (0x002a5433) srl     s0, s4, sp
core   0: 3 0x80005f82 (0x002a5433) x8  0x010004bd
core   0: 0x80005f86 (0x03c064b3) rem     s1, zero, t3
core   0: 3 0x80005f86 (0x03c064b3) x9  0x00000000
core   0: 0x80005f8a (0x0000177d) c.addi  a4, -1
core   0: 3 0x80005f8a (0x177d) x14 0x00006fff
core   0: 0x80005f8c (0x0348fb33) remu    s6, a7, s4
core   0: 3 0x80005f8c (0x0348fb33) x22 0x00000001
core   0: 0x80005f90 (0x02e609b3) mul     s3, a2, a4
core   0: 3 0x80005f90 (0x02e609b3) x19 0x00000000
core   0: 0x80005f94 (0x00008d8d) c.sub   a1, a1
core   0: 3 0x80005f94 (0x8d8d) x11 0x00000000
core   0: 0x80005f96 (0x000088fa) c.mv    a7, t5
core   0: 3 0x80005f96 (0x88fa) x17 0x00000010
core   0: 0x80005f98 (0x00005bfd) c.li    s7, -1
core   0: 3 0x80005f98 (0x5bfd) x23 0xffffffff
core   0: 0x80005f9a (0x02e498b3) mulh    a7, s1, a4
core   0: 3 0x80005f9a (0x02e498b3) x17 0x00000000
core   0: 0x80005f9e (0x026612b3) mulh    t0, a2, t1
core   0: 3 0x80005f9e (0x026612b3) x5  0x00000000
core   0: 0x80005fa2 (0x00811463) bne     sp, s0, pc + 8
core   0: 3 0x80005fa2 (0x00811463)
core   0: 0x80005faa (0x412f8833) sub     a6, t6, s2
core   0: 3 0x80005faa (0x412f8833) x16 0x00000000
core   0: 0x80005fae (0x00605bb3) srl     s7, zero, t1
core   0: 3 0x80005fae (0x00605bb3) x23 0x00000000
core   0: 0x80005fb2 (0x74420893) addi    a7, tp, 1860
core   0: 3 0x80005fb2 (0x74420893) x17 0x00400744
core   0: 0x80005fb6 (0x0130d6b3) srl     a3, ra, s3
core   0: 3 0x80005fb6 (0x0130d6b3) x13 0x00000000
core   0: 0x80005fba (0x001d2633) slt     a2, s10, ra
core   0: 3 0x80005fba (0x001d2633) x12 0x00000000
core   0: 0x80005fbe (0x00008631) c.srai  a2, 12
core   0: 3 0x80005fbe (0x8631) x12 0x00000000
core   0: 0x80005fc0 (0x0317c4b3) div     s1, a5, a7
core   0: 3 0x80005fc0 (0x0317c4b3) x9  0x00000000
core   0: 0x80005fc4 (0x021de1b3) rem     gp, s11, ra
core   0: 3 0x80005fc4 (0x021de1b3) x3  0xfffff929
core   0: 0x80005fc8 (0x03f19fb3) mulh    t6, gp, t6
core   0: 3 0x80005fc8 (0x03f19fb3) x31 0x00000000
core   0: 0x80005fcc (0x0000c395) c.beqz  a5, pc + 36
core   0: 3 0x80005fcc (0xc395)
core   0: 0x80005ff0 (0x00008636) c.mv    a2, a3
core   0: 3 0x80005ff0 (0x8636) x12 0x00000000
core   0: 0x80005ff2 (0x5e57c297) auipc   t0, 0x5e57c
core   0: 3 0x80005ff2 (0x5e57c297) x5  0xde581ff2
core   0: 0x80005ff6 (0x4121d7b3) sra     a5, gp, s2
core   0: 3 0x80005ff6 (0x4121d7b3) x15 0xfffff929
core   0: 0x80005ffa (0xbee9cd37) lui     s10, 0xbee9c
core   0: 3 0x80005ffa (0xbee9cd37) x26 0xbee9c000
core   0: 0x80005ffe (0x0177a633) slt     a2, a5, s7
core   0: 3 0x80005ffe (0x0177a633) x12 0x00000001
core   0: 0x80006002 (0x00000001) c.nop
core   0: 3 0x80006002 (0x0001)
core   0: 0x80006004 (0x00000001) c.nop
core   0: 3 0x80006004 (0x0001)
core   0: 0x80006006 (0x00000117) auipc   sp, 0x0
core   0: 3 0x80006006 (0x00000117) x2  0x80006006
core   0: 0x8000600a (0x00c10113) addi    sp, sp, 12
core   0: 3 0x8000600a (0x00c10113) x2  0x80006012
core   0: 0x8000600e (0x00010067) jr      sp
core   0: 3 0x8000600e (0x00010067)
core   0: 0x80006012 (0x00004185) c.li    gp, 1
core   0: 3 0x80006012 (0x4185) x3  0x00000001
core   0: 0x80006014 (0x00000073) ecall
core   0: exception trap_machine_ecall, epc 0x80006014
core   0: >>>>  mtvec_handler
core   0: 0x8000ae90 (0x0400006f) j       pc + 0x40
core   0: 3 0x8000ae90 (0x0400006f)
core   0: 0x8000aed0 (0x00001af1) c.addi  s5, -4
core   0: 3 0x8000aed0 (0x1af1) x21 0x80029d20
core   0: 0x8000aed2 (0x014aa023) sw      s4, 0(s5)
core   0: 3 0x8000aed2 (0x014aa023) mem 0x80029d20 0x80025ea4
core   0: 0x8000aed6 (0x000a8a33) add     s4, s5, zero
core   0: 3 0x8000aed6 (0x000a8a33) x20 0x80029d20
core   0: 0x8000aeda (0xf80a0a13) addi    s4, s4, -128
core   0: 3 0x8000aeda (0xf80a0a13) x20 0x80029ca0
core   0: 0x8000aede (0x001a2223) sw      ra, 4(s4)
core   0: 3 0x8000aede (0x001a2223) mem 0x80029ca4 0x00000000
core   0: 0x8000aee2 (0x002a2423) sw      sp, 8(s4)
core   0: 3 0x8000aee2 (0x002a2423) mem 0x80029ca8 0x80006012
core   0: 0x8000aee6 (0x003a2623) sw      gp, 12(s4)
core   0: 3 0x8000aee6 (0x003a2623) mem 0x80029cac 0x00000001
core   0: 0x8000aeea (0x004a2823) sw      tp, 16(s4)
core   0: 3 0x8000aeea (0x004a2823) mem 0x80029cb0 0x00400000
core   0: 0x8000aeee (0x005a2a23) sw      t0, 20(s4)
core   0: 3 0x8000aeee (0x005a2a23) mem 0x80029cb4 0xde581ff2
core   0: 0x8000aef2 (0x006a2c23) sw      t1, 24(s4)
core   0: 3 0x8000aef2 (0x006a2c23) mem 0x80029cb8 0x00000001
core   0: 0x8000aef6 (0x007a2e23) sw      t2, 28(s4)
core   0: 3 0x8000aef6 (0x007a2e23) mem 0x80029cbc 0x00013000
core   0: 0x8000aefa (0x028a2023) sw      s0, 32(s4)
core   0: 3 0x8000aefa (0x028a2023) mem 0x80029cc0 0x010004bd
core   0: 0x8000aefe (0x029a2223) sw      s1, 36(s4)
core   0: 3 0x8000aefe (0x029a2223) mem 0x80029cc4 0x00000000
core   0: 0x8000af02 (0x02aa2423) sw      a0, 40(s4)
core   0: 3 0x8000af02 (0x02aa2423) mem 0x80029cc8 0x00000001
core   0: 0x8000af06 (0x02ba2623) sw      a1, 44(s4)
core   0: 3 0x8000af06 (0x02ba2623) mem 0x80029ccc 0x00000000
core   0: 0x8000af0a (0x02ca2823) sw      a2, 48(s4)
core   0: 3 0x8000af0a (0x02ca2823) mem 0x80029cd0 0x00000001
core   0: 0x8000af0e (0x02da2a23) sw      a3, 52(s4)
core   0: 3 0x8000af0e (0x02da2a23) mem 0x80029cd4 0x00000000
core   0: 0x8000af12 (0x02ea2c23) sw      a4, 56(s4)
core   0: 3 0x8000af12 (0x02ea2c23) mem 0x80029cd8 0x00006fff
core   0: 0x8000af16 (0x02fa2e23) sw      a5, 60(s4)
core   0: 3 0x8000af16 (0x02fa2e23) mem 0x80029cdc 0xfffff929
core   0: 0x8000af1a (0x050a2023) sw      a6, 64(s4)
core   0: 3 0x8000af1a (0x050a2023) mem 0x80029ce0 0x00000000
core   0: 0x8000af1e (0x051a2223) sw      a7, 68(s4)
core   0: 3 0x8000af1e (0x051a2223) mem 0x80029ce4 0x00400744
core   0: 0x8000af22 (0x052a2423) sw      s2, 72(s4)
core   0: 3 0x8000af22 (0x052a2423) mem 0x80029ce8 0x00000000
core   0: 0x8000af26 (0x053a2623) sw      s3, 76(s4)
core   0: 3 0x8000af26 (0x053a2623) mem 0x80029cec 0x00000000
core   0: 0x8000af2a (0x054a2823) sw      s4, 80(s4)
core   0: 3 0x8000af2a (0x054a2823) mem 0x80029cf0 0x80029ca0
core   0: 0x8000af2e (0x055a2a23) sw      s5, 84(s4)
core   0: 3 0x8000af2e (0x055a2a23) mem 0x80029cf4 0x80029d20
core   0: 0x8000af32 (0x056a2c23) sw      s6, 88(s4)
core   0: 3 0x8000af32 (0x056a2c23) mem 0x80029cf8 0x00000001
core   0: 0x8000af36 (0x057a2e23) sw      s7, 92(s4)
core   0: 3 0x8000af36 (0x057a2e23) mem 0x80029cfc 0x00000000
core   0: 0x8000af3a (0x078a2023) sw      s8, 96(s4)
core   0: 3 0x8000af3a (0x078a2023) mem 0x80029d00 0x79c4529e
core   0: 0x8000af3e (0x079a2223) sw      s9, 100(s4)
core   0: 3 0x8000af3e (0x079a2223) mem 0x80029d04 0x00000001
core   0: 0x8000af42 (0x07aa2423) sw      s10, 104(s4)
core   0: 3 0x8000af42 (0x07aa2423) mem 0x80029d08 0xbee9c000
core   0: 0x8000af46 (0x07ba2623) sw      s11, 108(s4)
core   0: 3 0x8000af46 (0x07ba2623) mem 0x80029d0c 0xfffff929
core   0: 0x8000af4a (0x07ca2823) sw      t3, 112(s4)
core   0: 3 0x8000af4a (0x07ca2823) mem 0x80029d10 0xffff893b
core   0: 0x8000af4e (0x07da2a23) sw      t4, 116(s4)
core   0: 3 0x8000af4e (0x07da2a23) mem 0x80029d14 0x00000000
core   0: 0x8000af52 (0x07ea2c23) sw      t5, 120(s4)
core   0: 3 0x8000af52 (0x07ea2c23) mem 0x80029d18 0x00000010
core   0: 0x8000af56 (0x07fa2e23) sw      t6, 124(s4)
core   0: 3 0x8000af56 (0x07fa2e23) mem 0x80029d1c 0x00000000
core   0: 0x8000af5a (0x000a0ab3) add     s5, s4, zero
core   0: 3 0x8000af5a (0x000a0ab3) x21 0x80029ca0
core   0: 0x8000af5e (0x34102773) csrr    a4, mepc
core   0: 3 0x8000af5e (0x34102773) x14 0x80006014
core   0: 0x8000af62 (0x34202773) csrr    a4, mcause
core   0: 3 0x8000af62 (0x34202773) x14 0x0000000b
core   0: 0x8000af66 (0x00004e8d) c.li    t4, 3
core   0: 3 0x8000af66 (0x4e8d) x29 0x00000003
core   0: 0x8000af68 (0x29d70563) beq     a4, t4, pc + 650
core   0: 3 0x8000af68 (0x29d70563)
core   0: 0x8000af6c (0x00004ea1) c.li    t4, 8
core   0: 3 0x8000af6c (0x4ea1) x29 0x00000008
core   0: 0x8000af6e (0x05d70563) beq     a4, t4, pc + 74
core   0: 3 0x8000af6e (0x05d70563)
core   0: 0x8000af72 (0x00004ea5) c.li    t4, 9
core   0: 3 0x8000af72 (0x4ea5) x29 0x00000009
core   0: 0x8000af74 (0x05d70263) beq     a4, t4, pc + 68
core   0: 3 0x8000af74 (0x05d70263)
core   0: 0x8000af78 (0x00004ead) c.li    t4, 11
core   0: 3 0x8000af78 (0x4ead) x29 0x0000000b
core   0: 0x8000af7a (0x03d70f63) beq     a4, t4, pc + 62
core   0: 3 0x8000af7a (0x03d70f63)
core   0: 0x8000afb8 (0xffff5717) auipc   a4, 0xffff5
core   0: 3 0x8000afb8 (0xffff5717) x14 0x7fffffb8
core   0: 0x8000afbc (0x04870713) addi    a4, a4, 72
core   0: 3 0x8000afbc (0x04870713) x14 0x80000000
core   0: 0x8000afc0 (0x00072023) sw      zero, 0(a4)
core   0: 3 0x8000afc0 (0x00072023) mem 0x80000000 0x00000000
core   0: 0x8000afc4 (0x00172223) sw      ra, 4(a4)
core   0: 3 0x8000afc4 (0x00172223) mem 0x80000004 0x00000000
core   0: 0x8000afc8 (0x00272423) sw      sp, 8(a4)
core   0: 3 0x8000afc8 (0x00272423) mem 0x80000008 0x80006012
core   0: 0x8000afcc (0x00372623) sw      gp, 12(a4)
core   0: 3 0x8000afcc (0x00372623) mem 0x8000000c 0x00000001
core   0: 0x8000afd0 (0x00472823) sw      tp, 16(a4)
core   0: 3 0x8000afd0 (0x00472823) mem 0x80000010 0x00400000
core   0: 0x8000afd4 (0x00572a23) sw      t0, 20(a4)
core   0: 3 0x8000afd4 (0x00572a23) mem 0x80000014 0xde581ff2
core   0: 0x8000afd8 (0x00672c23) sw      t1, 24(a4)
core   0: 3 0x8000afd8 (0x00672c23) mem 0x80000018 0x00000001
core   0: 0x8000afdc (0x00772e23) sw      t2, 28(a4)
core   0: 3 0x8000afdc (0x00772e23) mem 0x8000001c 0x00013000
core   0: 0x8000afe0 (0x0000d300) c.sw    s0, 32(a4)
core   0: 3 0x8000afe0 (0xd300) mem 0x80000020 0x010004bd
core   0: 0x8000afe2 (0x0000d344) c.sw    s1, 36(a4)
core   0: 3 0x8000afe2 (0xd344) mem 0x80000024 0x00000000
core   0: 0x8000afe4 (0x0000d708) c.sw    a0, 40(a4)
core   0: 3 0x8000afe4 (0xd708) mem 0x80000028 0x00000001
core   0: 0x8000afe6 (0x0000d74c) c.sw    a1, 44(a4)
core   0: 3 0x8000afe6 (0xd74c) mem 0x8000002c 0x00000000
core   0: 0x8000afe8 (0x0000db10) c.sw    a2, 48(a4)
core   0: 3 0x8000afe8 (0xdb10) mem 0x80000030 0x00000001
core   0: 0x8000afea (0x0000db54) c.sw    a3, 52(a4)
core   0: 3 0x8000afea (0xdb54) mem 0x80000034 0x00000000
core   0: 0x8000afec (0x0000df18) c.sw    a4, 56(a4)
core   0: 3 0x8000afec (0xdf18) mem 0x80000038 0x80000000
core   0: 0x8000afee (0x0000df5c) c.sw    a5, 60(a4)
core   0: 3 0x8000afee (0xdf5c) mem 0x8000003c 0xfffff929
core   0: 0x8000aff0 (0x05072023) sw      a6, 64(a4)
core   0: 3 0x8000aff0 (0x05072023) mem 0x80000040 0x00000000
core   0: 0x8000aff4 (0x05172223) sw      a7, 68(a4)
core   0: 3 0x8000aff4 (0x05172223) mem 0x80000044 0x00400744
core   0: 0x8000aff8 (0x05272423) sw      s2, 72(a4)
core   0: 3 0x8000aff8 (0x05272423) mem 0x80000048 0x00000000
core   0: 0x8000affc (0x05372623) sw      s3, 76(a4)
core   0: 3 0x8000affc (0x05372623) mem 0x8000004c 0x00000000
core   0: 0x8000b000 (0x05472823) sw      s4, 80(a4)
core   0: 3 0x8000b000 (0x05472823) mem 0x80000050 0x80029ca0
core   0: 0x8000b004 (0x05572a23) sw      s5, 84(a4)
core   0: 3 0x8000b004 (0x05572a23) mem 0x80000054 0x80029ca0
core   0: 0x8000b008 (0x05672c23) sw      s6, 88(a4)
core   0: 3 0x8000b008 (0x05672c23) mem 0x80000058 0x00000001
core   0: 0x8000b00c (0x05772e23) sw      s7, 92(a4)
core   0: 3 0x8000b00c (0x05772e23) mem 0x8000005c 0x00000000
core   0: 0x8000b010 (0x07872023) sw      s8, 96(a4)
core   0: 3 0x8000b010 (0x07872023) mem 0x80000060 0x79c4529e
core   0: 0x8000b014 (0x07972223) sw      s9, 100(a4)
core   0: 3 0x8000b014 (0x07972223) mem 0x80000064 0x00000001
core   0: 0x8000b018 (0x07a72423) sw      s10, 104(a4)
core   0: 3 0x8000b018 (0x07a72423) mem 0x80000068 0xbee9c000
core   0: 0x8000b01c (0x07b72623) sw      s11, 108(a4)
core   0: 3 0x8000b01c (0x07b72623) mem 0x8000006c 0xfffff929
core   0: 0x8000b020 (0x07c72823) sw      t3, 112(a4)
core   0: 3 0x8000b020 (0x07c72823) mem 0x80000070 0xffff893b
core   0: 0x8000b024 (0x07d72a23) sw      t4, 116(a4)
core   0: 3 0x8000b024 (0x07d72a23) mem 0x80000074 0x0000000b
core   0: 0x8000b028 (0x07e72c23) sw      t5, 120(a4)
core   0: 3 0x8000b028 (0x07e72c23) mem 0x80000078 0x00000010
core   0: 0x8000b02c (0x07f72e23) sw      t6, 124(a4)
core   0: 3 0x8000b02c (0x07f72e23) mem 0x8000007c 0x00000000
core   0: 0x8000b030 (0xfffff117) auipc   sp, 0xfffff
core   0: 3 0x8000b030 (0xfffff117) x2  0x8000a030
core   0: 0x8000b034 (0x49e10113) addi    sp, sp, 1182
core   0: 3 0x8000b034 (0x49e10113) x2  0x8000a4ce
core   0: 0x8000b038 (0x00010067) jr      sp
core   0: 3 0x8000b038 (0x00010067)
core   0: 0x8000a4ce (0x00006f17) auipc   t5, 0x6
core   0: 3 0x8000a4ce (0x00006f17) x30 0x800104ce
core   0: 0x8000a4d2 (0xb23f2923) sw      gp, -1230(t5)
core   0: 3 0x8000a4d2 (0xb23f2923) mem 0x80010000 0x00000001
core   0: 0x8000a4d6 (0x0000bfe5) c.j     pc - 8
core   0: 3 0x8000a4d6 (0xbfe5)
core   0: 0x8000a4ce (0x00006f17) auipc   t5, 0x6
core   0: 3 0x8000a4ce (0x00006f17) x30 0x800104ce
core   0: 0x8000a4d2 (0xb23f2923) sw      gp, -1230(t5)
core   0: 3 0x8000a4d2 (0xb23f2923) mem 0x80010000 0x00000001
core   0: 0x8000a4d6 (0x0000bfe5) c.j     pc - 8
core   0: 3 0x8000a4d6 (0xbfe5)
core   0: 0x8000a4ce (0x00006f17) auipc   t5, 0x6
core   0: 3 0x8000a4ce (0x00006f17) x30 0x800104ce
core   0: 0x8000a4d2 (0xb23f2923) sw      gp, -1230(t5)
core   0: 3 0x8000a4d2 (0xb23f2923) mem 0x80010000 0x00000001
core   0: 0x8000a4d6 (0x0000bfe5) c.j     pc - 8
core   0: 3 0x8000a4d6 (0xbfe5)
core   0: 0x8000a4ce (0x00006f17) auipc   t5, 0x6
core   0: 3 0x8000a4ce (0x00006f17) x30 0x800104ce
core   0: 0x8000a4d2 (0xb23f2923) sw      gp, -1230(t5)
core   0: 3 0x8000a4d2 (0xb23f2923) mem 0x80010000 0x00000001
core   0: 0x8000a4d6 (0x0000bfe5) c.j     pc - 8
core   0: 3 0x8000a4d6 (0xbfe5)
core   0: 0x8000a4ce (0x00006f17) auipc   t5, 0x6
core   0: 3 0x8000a4ce (0x00006f17) x30 0x800104ce
core   0: 0x8000a4d2 (0xb23f2923) sw      gp, -1230(t5)
core   0: 3 0x8000a4d2 (0xb23f2923) mem 0x80010000 0x00000001
core   0: 0x8000a4d6 (0x0000bfe5) c.j     pc - 8
core   0: 3 0x8000a4d6 (0xbfe5)
core   0: 0x8000a4ce (0x00006f17) auipc   t5, 0x6
core   0: 3 0x8000a4ce (0x00006f17) x30 0x800104ce
core   0: 0x8000a4d2 (0xb23f2923) sw      gp, -1230(t5)
core   0: 3 0x8000a4d2 (0xb23f2923) mem 0x80010000 0x00000001
core   0: 0x8000a4d6 (0x0000bfe5) c.j     pc - 8
core   0: 3 0x8000a4d6 (0xbfe5)
core   0: 0x8000a4ce (0x00006f17) auipc   t5, 0x6
core   0: 3 0x8000a4ce (0x00006f17) x30 0x800104ce
core   0: 0x8000a4d2 (0xb23f2923) sw      gp, -1230(t5)
core   0: 3 0x8000a4d2 (0xb23f2923) mem 0x80010000 0x00000001
core   0: 0x8000a4d6 (0x0000bfe5) c.j     pc - 8
core   0: 3 0x8000a4d6 (0xbfe5)
core   0: 0x8000a4ce (0x00006f17) auipc   t5, 0x6
core   0: 3 0x8000a4ce (0x00006f17) x30 0x800104ce
core   0: 0x8000a4d2 (0xb23f2923) sw      gp, -1230(t5)
core   0: 3 0x8000a4d2 (0xb23f2923) mem 0x80010000 0x00000001
core   0: 0x8000a4d6 (0x0000bfe5) c.j     pc - 8
core   0: 3 0x8000a4d6 (0xbfe5)
core   0: 0x8000a4ce (0x00006f17) auipc   t5, 0x6
core   0: 3 0x8000a4ce (0x00006f17) x30 0x800104ce
core   0: 0x8000a4d2 (0xb23f2923) sw      gp, -1230(t5)
core   0: 3 0x8000a4d2 (0xb23f2923) mem 0x80010000 0x00000001
core   0: 0x8000a4d6 (0x0000bfe5) c.j     pc - 8
core   0: 3 0x8000a4d6 (0xbfe5)
core   0: 0x8000a4ce (0x00006f17) auipc   t5, 0x6
core   0: 3 0x8000a4ce (0x00006f17) x30 0x800104ce
core   0: 0x8000a4d2 (0xb23f2923) sw      gp, -1230(t5)
core   0: 3 0x8000a4d2 (0xb23f2923) mem 0x80010000 0x00000001
core   0: 0x8000a4d6 (0x0000bfe5) c.j     pc - 8
core   0: 3 0x8000a4d6 (0xbfe5)
core   0: 0x8000a4ce (0x00006f17) auipc   t5, 0x6
core   0: 3 0x8000a4ce (0x00006f17) x30 0x800104ce
core   0: 0x8000a4d2 (0xb23f2923) sw      gp, -1230(t5)
core   0: 3 0x8000a4d2 (0xb23f2923) mem 0x80010000 0x00000001
core   0: 0x8000a4d6 (0x0000bfe5) c.j     pc - 8
core   0: 3 0x8000a4d6 (0xbfe5)
core   0: 0x8000a4ce (0x00006f17) auipc   t5, 0x6
core   0: 3 0x8000a4ce (0x00006f17) x30 0x800104ce
core   0: 0x8000a4d2 (0xb23f2923) sw      gp, -1230(t5)
core   0: 3 0x8000a4d2 (0xb23f2923) mem 0x80010000 0x00000001
core   0: 0x8000a4d6 (0x0000bfe5) c.j     pc - 8
core   0: 3 0x8000a4d6 (0xbfe5)
core   0: 0x8000a4ce (0x00006f17) auipc   t5, 0x6
core   0: 3 0x8000a4ce (0x00006f17) x30 0x800104ce
core   0: 0x8000a4d2 (0xb23f2923) sw      gp, -1230(t5)
core   0: 3 0x8000a4d2 (0xb23f2923) mem 0x80010000 0x00000001
core   0: 0x8000a4d6 (0x0000bfe5) c.j     pc - 8
core   0: 3 0x8000a4d6 (0xbfe5)
core   0: 0x8000a4ce (0x00006f17) auipc   t5, 0x6
core   0: 3 0x8000a4ce (0x00006f17) x30 0x800104ce
core   0: 0x8000a4d2 (0xb23f2923) sw      gp, -1230(t5)
core   0: 3 0x8000a4d2 (0xb23f2923) mem 0x80010000 0x00000001
core   0: 0x8000a4d6 (0x0000bfe5) c.j     pc - 8
core   0: 3 0x8000a4d6 (0xbfe5)
core   0: 0x8000a4ce (0x00006f17) auipc   t5, 0x6
core   0: 3 0x8000a4ce (0x00006f17) x30 0x800104ce
core   0: 0x8000a4d2 (0xb23f2923) sw      gp, -1230(t5)
core   0: 3 0x8000a4d2 (0xb23f2923) mem 0x80010000 0x00000001
core   0: 0x8000a4d6 (0x0000bfe5) c.j     pc - 8
core   0: 3 0x8000a4d6 (0xbfe5)
core   0: 0x8000a4ce (0x00006f17) auipc   t5, 0x6
core   0: 3 0x8000a4ce (0x00006f17) x30 0x800104ce
core   0: 0x8000a4d2 (0xb23f2923) sw      gp, -1230(t5)
core   0: 3 0x8000a4d2 (0xb23f2923) mem 0x80010000 0x00000001
core   0: 0x8000a4d6 (0x0000bfe5) c.j     pc - 8
core   0: 3 0x8000a4d6 (0xbfe5)
core   0: 0x8000a4ce (0x00006f17) auipc   t5, 0x6
core   0: 3 0x8000a4ce (0x00006f17) x30 0x800104ce
core   0: 0x8000a4d2 (0xb23f2923) sw      gp, -1230(t5)
core   0: 3 0x8000a4d2 (0xb23f2923) mem 0x80010000 0x00000001
core   0: 0x8000a4d6 (0x0000bfe5) c.j     pc - 8
core   0: 3 0x8000a4d6 (0xbfe5)
core   0: 0x8000a4ce (0x00006f17) auipc   t5, 0x6
core   0: 3 0x8000a4ce (0x00006f17) x30 0x800104ce
core   0: 0x8000a4d2 (0xb23f2923) sw      gp, -1230(t5)
core   0: 3 0x8000a4d2 (0xb23f2923) mem 0x80010000 0x00000001
core   0: 0x8000a4d6 (0x0000bfe5) c.j     pc - 8
core   0: 3 0x8000a4d6 (0xbfe5)
core   0: 0x8000a4ce (0x00006f17) auipc   t5, 0x6
core   0: 3 0x8000a4ce (0x00006f17) x30 0x800104ce
core   0: 0x8000a4d2 (0xb23f2923) sw      gp, -1230(t5)
core   0: 3 0x8000a4d2 (0xb23f2923) mem 0x80010000 0x00000001
core   0: 0x8000a4d6 (0x0000bfe5) c.j     pc - 8
core   0: 3 0x8000a4d6 (0xbfe5)
core   0: 0x8000a4ce (0x00006f17) auipc   t5, 0x6
core   0: 3 0x8000a4ce (0x00006f17) x30 0x800104ce
core   0: 0x8000a4d2 (0xb23f2923) sw      gp, -1230(t5)
core   0: 3 0x8000a4d2 (0xb23f2923) mem 0x80010000 0x00000001
core   0: 0x8000a4d6 (0x0000bfe5) c.j     pc - 8
core   0: 3 0x8000a4d6 (0xbfe5)
core   0: 0x8000a4ce (0x00006f17) auipc   t5, 0x6
core   0: 3 0x8000a4ce (0x00006f17) x30 0x800104ce
core   0: 0x8000a4d2 (0xb23f2923) sw      gp, -1230(t5)
core   0: 3 0x8000a4d2 (0xb23f2923) mem 0x80010000 0x00000001
core   0: 0x8000a4d6 (0x0000bfe5) c.j     pc - 8
core   0: 3 0x8000a4d6 (0xbfe5)
core   0: 0x8000a4ce (0x00006f17) auipc   t5, 0x6
core   0: 3 0x8000a4ce (0x00006f17) x30 0x800104ce
core   0: 0x8000a4d2 (0xb23f2923) sw      gp, -1230(t5)
core   0: 3 0x8000a4d2 (0xb23f2923) mem 0x80010000 0x00000001
core   0: 0x8000a4d6 (0x0000bfe5) c.j     pc - 8
core   0: 3 0x8000a4d6 (0xbfe5)
core   0: 0x8000a4ce (0x00006f17) auipc   t5, 0x6
core   0: 3 0x8000a4ce (0x00006f17) x30 0x800104ce
core   0: 0x8000a4d2 (0xb23f2923) sw      gp, -1230(t5)
core   0: 3 0x8000a4d2 (0xb23f2923) mem 0x80010000 0x00000001
core   0: 0x8000a4d6 (0x0000bfe5) c.j     pc - 8
core   0: 3 0x8000a4d6 (0xbfe5)
core   0: 0x8000a4ce (0x00006f17) auipc   t5, 0x6
core   0: 3 0x8000a4ce (0x00006f17) x30 0x800104ce
core   0: 0x8000a4d2 (0xb23f2923) sw      gp, -1230(t5)
core   0: 3 0x8000a4d2 (0xb23f2923) mem 0x80010000 0x00000001
core   0: 0x8000a4d6 (0x0000bfe5) c.j     pc - 8
core   0: 3 0x8000a4d6 (0xbfe5)
core   0: 0x8000a4ce (0x00006f17) auipc   t5, 0x6
core   0: 3 0x8000a4ce (0x00006f17) x30 0x800104ce
core   0: 0x8000a4d2 (0xb23f2923) sw      gp, -1230(t5)
core   0: 3 0x8000a4d2 (0xb23f2923) mem 0x80010000 0x00000001
core   0: 0x8000a4d6 (0x0000bfe5) c.j     pc - 8
core   0: 3 0x8000a4d6 (0xbfe5)
core   0: 0x8000a4ce (0x00006f17) auipc   t5, 0x6
core   0: 3 0x8000a4ce (0x00006f17) x30 0x800104ce
core   0: 0x8000a4d2 (0xb23f2923) sw      gp, -1230(t5)
core   0: 3 0x8000a4d2 (0xb23f2923) mem 0x80010000 0x00000001
core   0: 0x8000a4d6 (0x0000bfe5) c.j     pc - 8
core   0: 3 0x8000a4d6 (0xbfe5)
core   0: 0x8000a4ce (0x00006f17) auipc   t5, 0x6
core   0: 3 0x8000a4ce (0x00006f17) x30 0x800104ce
core   0: 0x8000a4d2 (0xb23f2923) sw      gp, -1230(t5)
core   0: 3 0x8000a4d2 (0xb23f2923) mem 0x80010000 0x00000001
core   0: 0x8000a4d6 (0x0000bfe5) c.j     pc - 8
core   0: 3 0x8000a4d6 (0xbfe5)
core   0: 0x8000a4ce (0x00006f17) auipc   t5, 0x6
core   0: 3 0x8000a4ce (0x00006f17) x30 0x800104ce
core   0: 0x8000a4d2 (0xb23f2923) sw      gp, -1230(t5)
core   0: 3 0x8000a4d2 (0xb23f2923) mem 0x80010000 0x00000001
core   0: 0x8000a4d6 (0x0000bfe5) c.j     pc - 8
core   0: 3 0x8000a4d6 (0xbfe5)
core   0: 0x8000a4ce (0x00006f17) auipc   t5, 0x6
core   0: 3 0x8000a4ce (0x00006f17) x30 0x800104ce
core   0: 0x8000a4d2 (0xb23f2923) sw      gp, -1230(t5)
core   0: 3 0x8000a4d2 (0xb23f2923) mem 0x80010000 0x00000001
core   0: 0x8000a4d6 (0x0000bfe5) c.j     pc - 8
core   0: 3 0x8000a4d6 (0xbfe5)
core   0: 0x8000a4ce (0x00006f17) auipc   t5, 0x6
core   0: 3 0x8000a4ce (0x00006f17) x30 0x800104ce
core   0: 0x8000a4d2 (0xb23f2923) sw      gp, -1230(t5)
core   0: 3 0x8000a4d2 (0xb23f2923) mem 0x80010000 0x00000001
core   0: 0x8000a4d6 (0x0000bfe5) c.j     pc - 8
core   0: 3 0x8000a4d6 (0xbfe5)
core   0: 0x8000a4ce (0x00006f17) auipc   t5, 0x6
core   0: 3 0x8000a4ce (0x00006f17) x30 0x800104ce
core   0: 0x8000a4d2 (0xb23f2923) sw      gp, -1230(t5)
core   0: 3 0x8000a4d2 (0xb23f2923) mem 0x80010000 0x00000001
core   0: 0x8000a4d6 (0x0000bfe5) c.j     pc - 8
core   0: 3 0x8000a4d6 (0xbfe5)
core   0: 0x8000a4ce (0x00006f17) auipc   t5, 0x6
core   0: 3 0x8000a4ce (0x00006f17) x30 0x800104ce
core   0: 0x8000a4d2 (0xb23f2923) sw      gp, -1230(t5)
core   0: 3 0x8000a4d2 (0xb23f2923) mem 0x80010000 0x00000001
core   0: 0x8000a4d6 (0x0000bfe5) c.j     pc - 8
core   0: 3 0x8000a4d6 (0xbfe5)
core   0: 0x8000a4ce (0x00006f17) auipc   t5, 0x6
core   0: 3 0x8000a4ce (0x00006f17) x30 0x800104ce
core   0: 0x8000a4d2 (0xb23f2923) sw      gp, -1230(t5)
core   0: 3 0x8000a4d2 (0xb23f2923) mem 0x80010000 0x00000001
core   0: 0x8000a4d6 (0x0000bfe5) c.j     pc - 8
core   0: 3 0x8000a4d6 (0xbfe5)
core   0: 0x8000a4ce (0x00006f17) auipc   t5, 0x6
core   0: 3 0x8000a4ce (0x00006f17) x30 0x800104ce
core   0: 0x8000a4d2 (0xb23f2923) sw      gp, -1230(t5)
core   0: 3 0x8000a4d2 (0xb23f2923) mem 0x80010000 0x00000001
core   0: 0x8000a4d6 (0x0000bfe5) c.j     pc - 8
core   0: 3 0x8000a4d6 (0xbfe5)
core   0: 0x8000a4ce (0x00006f17) auipc   t5, 0x6
core   0: 3 0x8000a4ce (0x00006f17) x30 0x800104ce
core   0: 0x8000a4d2 (0xb23f2923) sw      gp, -1230(t5)
core   0: 3 0x8000a4d2 (0xb23f2923) mem 0x80010000 0x00000001
core   0: 0x8000a4d6 (0x0000bfe5) c.j     pc - 8
core   0: 3 0x8000a4d6 (0xbfe5)
core   0: 0x8000a4ce (0x00006f17) auipc   t5, 0x6
core   0: 3 0x8000a4ce (0x00006f17) x30 0x800104ce
core   0: 0x8000a4d2 (0xb23f2923) sw      gp, -1230(t5)
core   0: 3 0x8000a4d2 (0xb23f2923) mem 0x80010000 0x00000001
core   0: 0x8000a4d6 (0x0000bfe5) c.j     pc - 8
core   0: 3 0x8000a4d6 (0xbfe5)
core   0: 0x8000a4ce (0x00006f17) auipc   t5, 0x6
core   0: 3 0x8000a4ce (0x00006f17) x30 0x800104ce
core   0: 0x8000a4d2 (0xb23f2923) sw      gp, -1230(t5)
core   0: 3 0x8000a4d2 (0xb23f2923) mem 0x80010000 0x00000001
core   0: 0x8000a4d6 (0x0000bfe5) c.j     pc - 8
core   0: 3 0x8000a4d6 (0xbfe5)
core   0: 0x8000a4ce (0x00006f17) auipc   t5, 0x6
core   0: 3 0x8000a4ce (0x00006f17) x30 0x800104ce
core   0: 0x8000a4d2 (0xb23f2923) sw      gp, -1230(t5)
core   0: 3 0x8000a4d2 (0xb23f2923) mem 0x80010000 0x00000001
core   0: 0x8000a4d6 (0x0000bfe5) c.j     pc - 8
core   0: 3 0x8000a4d6 (0xbfe5)
core   0: 0x8000a4ce (0x00006f17) auipc   t5, 0x6
core   0: 3 0x8000a4ce (0x00006f17) x30 0x800104ce
core   0: 0x8000a4d2 (0xb23f2923) sw      gp, -1230(t5)
core   0: 3 0x8000a4d2 (0xb23f2923) mem 0x80010000 0x00000001
core   0: 0x8000a4d6 (0x0000bfe5) c.j     pc - 8
core   0: 3 0x8000a4d6 (0xbfe5)
core   0: 0x8000a4ce (0x00006f17) auipc   t5, 0x6
core   0: 3 0x8000a4ce (0x00006f17) x30 0x800104ce
core   0: 0x8000a4d2 (0xb23f2923) sw      gp, -1230(t5)
core   0: 3 0x8000a4d2 (0xb23f2923) mem 0x80010000 0x00000001
core   0: 0x8000a4d6 (0x0000bfe5) c.j     pc - 8
core   0: 3 0x8000a4d6 (0xbfe5)
core   0: 0x8000a4ce (0x00006f17) auipc   t5, 0x6
core   0: 3 0x8000a4ce (0x00006f17) x30 0x800104ce
core   0: 0x8000a4d2 (0xb23f2923) sw      gp, -1230(t5)
core   0: 3 0x8000a4d2 (0xb23f2923) mem 0x80010000 0x00000001
core   0: 0x8000a4d6 (0x0000bfe5) c.j     pc - 8
core   0: 3 0x8000a4d6 (0xbfe5)
core   0: 0x8000a4ce (0x00006f17) auipc   t5, 0x6
core   0: 3 0x8000a4ce (0x00006f17) x30 0x800104ce
core   0: 0x8000a4d2 (0xb23f2923) sw      gp, -1230(t5)
core   0: 3 0x8000a4d2 (0xb23f2923) mem 0x80010000 0x00000001
core   0: 0x8000a4d6 (0x0000bfe5) c.j     pc - 8
core   0: 3 0x8000a4d6 (0xbfe5)
core   0: 0x8000a4ce (0x00006f17) auipc   t5, 0x6
core   0: 3 0x8000a4ce (0x00006f17) x30 0x800104ce
core   0: 0x8000a4d2 (0xb23f2923) sw      gp, -1230(t5)
core   0: 3 0x8000a4d2 (0xb23f2923) mem 0x80010000 0x00000001
core   0: 0x8000a4d6 (0x0000bfe5) c.j     pc - 8
core   0: 3 0x8000a4d6 (0xbfe5)
core   0: 0x8000a4ce (0x00006f17) auipc   t5, 0x6
core   0: 3 0x8000a4ce (0x00006f17) x30 0x800104ce
core   0: 0x8000a4d2 (0xb23f2923) sw      gp, -1230(t5)
core   0: 3 0x8000a4d2 (0xb23f2923) mem 0x80010000 0x00000001
core   0: 0x8000a4d6 (0x0000bfe5) c.j     pc - 8
core   0: 3 0x8000a4d6 (0xbfe5)
core   0: 0x8000a4ce (0x00006f17) auipc   t5, 0x6
core   0: 3 0x8000a4ce (0x00006f17) x30 0x800104ce
core   0: 0x8000a4d2 (0xb23f2923) sw      gp, -1230(t5)
core   0: 3 0x8000a4d2 (0xb23f2923) mem 0x80010000 0x00000001
core   0: 0x8000a4d6 (0x0000bfe5) c.j     pc - 8
core   0: 3 0x8000a4d6 (0xbfe5)
core   0: 0x8000a4ce (0x00006f17) auipc   t5, 0x6
core   0: 3 0x8000a4ce (0x00006f17) x30 0x800104ce
core   0: 0x8000a4d2 (0xb23f2923) sw      gp, -1230(t5)
core   0: 3 0x8000a4d2 (0xb23f2923) mem 0x80010000 0x00000001
core   0: 0x8000a4d6 (0x0000bfe5) c.j     pc - 8
core   0: 3 0x8000a4d6 (0xbfe5)
core   0: 0x8000a4ce (0x00006f17) auipc   t5, 0x6
core   0: 3 0x8000a4ce (0x00006f17) x30 0x800104ce
core   0: 0x8000a4d2 (0xb23f2923) sw      gp, -1230(t5)
core   0: 3 0x8000a4d2 (0xb23f2923) mem 0x80010000 0x00000001
core   0: 0x8000a4d6 (0x0000bfe5) c.j     pc - 8
core   0: 3 0x8000a4d6 (0xbfe5)
core   0: 0x8000a4ce (0x00006f17) auipc   t5, 0x6
core   0: 3 0x8000a4ce (0x00006f17) x30 0x800104ce
core   0: 0x8000a4d2 (0xb23f2923) sw      gp, -1230(t5)
core   0: 3 0x8000a4d2 (0xb23f2923) mem 0x80010000 0x00000001
core   0: 0x8000a4d6 (0x0000bfe5) c.j     pc - 8
core   0: 3 0x8000a4d6 (0xbfe5)
core   0: 0x8000a4ce (0x00006f17) auipc   t5, 0x6
core   0: 3 0x8000a4ce (0x00006f17) x30 0x800104ce
core   0: 0x8000a4d2 (0xb23f2923) sw      gp, -1230(t5)
core   0: 3 0x8000a4d2 (0xb23f2923) mem 0x80010000 0x00000001
core   0: 0x8000a4d6 (0x0000bfe5) c.j     pc - 8
core   0: 3 0x8000a4d6 (0xbfe5)
core   0: 0x8000a4ce (0x00006f17) auipc   t5, 0x6
core   0: 3 0x8000a4ce (0x00006f17) x30 0x800104ce
core   0: 0x8000a4d2 (0xb23f2923) sw      gp, -1230(t5)
core   0: 3 0x8000a4d2 (0xb23f2923) mem 0x80010000 0x00000001
core   0: 0x8000a4d6 (0x0000bfe5) c.j     pc - 8
core   0: 3 0x8000a4d6 (0xbfe5)
core   0: 0x8000a4ce (0x00006f17) auipc   t5, 0x6
core   0: 3 0x8000a4ce (0x00006f17) x30 0x800104ce
core   0: 0x8000a4d2 (0xb23f2923) sw      gp, -1230(t5)
core   0: 3 0x8000a4d2 (0xb23f2923) mem 0x80010000 0x00000001
core   0: 0x8000a4d6 (0x0000bfe5) c.j     pc - 8
core   0: 3 0x8000a4d6 (0xbfe5)
core   0: 0x8000a4ce (0x00006f17) auipc   t5, 0x6
core   0: 3 0x8000a4ce (0x00006f17) x30 0x800104ce
core   0: 0x8000a4d2 (0xb23f2923) sw      gp, -1230(t5)
core   0: 3 0x8000a4d2 (0xb23f2923) mem 0x80010000 0x00000001
core   0: 0x8000a4d6 (0x0000bfe5) c.j     pc - 8
core   0: 3 0x8000a4d6 (0xbfe5)
core   0: 0x8000a4ce (0x00006f17) auipc   t5, 0x6
core   0: 3 0x8000a4ce (0x00006f17) x30 0x800104ce
core   0: 0x8000a4d2 (0xb23f2923) sw      gp, -1230(t5)
core   0: 3 0x8000a4d2 (0xb23f2923) mem 0x80010000 0x00000001
core   0: 0x8000a4d6 (0x0000bfe5) c.j     pc - 8
core   0: 3 0x8000a4d6 (0xbfe5)
core   0: 0x8000a4ce (0x00006f17) auipc   t5, 0x6
core   0: 3 0x8000a4ce (0x00006f17) x30 0x800104ce
core   0: 0x8000a4d2 (0xb23f2923) sw      gp, -1230(t5)
core   0: 3 0x8000a4d2 (0xb23f2923) mem 0x80010000 0x00000001
core   0: 0x8000a4d6 (0x0000bfe5) c.j     pc - 8
core   0: 3 0x8000a4d6 (0xbfe5)
core   0: 0x8000a4ce (0x00006f17) auipc   t5, 0x6
core   0: 3 0x8000a4ce (0x00006f17) x30 0x800104ce
core   0: 0x8000a4d2 (0xb23f2923) sw      gp, -1230(t5)
core   0: 3 0x8000a4d2 (0xb23f2923) mem 0x80010000 0x00000001
core   0: 0x8000a4d6 (0x0000bfe5) c.j     pc - 8
core   0: 3 0x8000a4d6 (0xbfe5)
core   0: 0x8000a4ce (0x00006f17) auipc   t5, 0x6
core   0: 3 0x8000a4ce (0x00006f17) x30 0x800104ce
core   0: 0x8000a4d2 (0xb23f2923) sw      gp, -1230(t5)
core   0: 3 0x8000a4d2 (0xb23f2923) mem 0x80010000 0x00000001
core   0: 0x8000a4d6 (0x0000bfe5) c.j     pc - 8
core   0: 3 0x8000a4d6 (0xbfe5)
core   0: 0x8000a4ce (0x00006f17) auipc   t5, 0x6
core   0: 3 0x8000a4ce (0x00006f17) x30 0x800104ce
core   0: 0x8000a4d2 (0xb23f2923) sw      gp, -1230(t5)
core   0: 3 0x8000a4d2 (0xb23f2923) mem 0x80010000 0x00000001
core   0: 0x8000a4d6 (0x0000bfe5) c.j     pc - 8
core   0: 3 0x8000a4d6 (0xbfe5)
core   0: 0x8000a4ce (0x00006f17) auipc   t5, 0x6
core   0: 3 0x8000a4ce (0x00006f17) x30 0x800104ce
core   0: 0x8000a4d2 (0xb23f2923) sw      gp, -1230(t5)
core   0: 3 0x8000a4d2 (0xb23f2923) mem 0x80010000 0x00000001
core   0: 0x8000a4d6 (0x0000bfe5) c.j     pc - 8
core   0: 3 0x8000a4d6 (0xbfe5)
core   0: 0x8000a4ce (0x00006f17) auipc   t5, 0x6
core   0: 3 0x8000a4ce (0x00006f17) x30 0x800104ce
core   0: 0x8000a4d2 (0xb23f2923) sw      gp, -1230(t5)
core   0: 3 0x8000a4d2 (0xb23f2923) mem 0x80010000 0x00000001
core   0: 0x8000a4d6 (0x0000bfe5) c.j     pc - 8
core   0: 3 0x8000a4d6 (0xbfe5)
core   0: 0x8000a4ce (0x00006f17) auipc   t5, 0x6
core   0: 3 0x8000a4ce (0x00006f17) x30 0x800104ce
core   0: 0x8000a4d2 (0xb23f2923) sw      gp, -1230(t5)
core   0: 3 0x8000a4d2 (0xb23f2923) mem 0x80010000 0x00000001
core   0: 0x8000a4d6 (0x0000bfe5) c.j     pc - 8
core   0: 3 0x8000a4d6 (0xbfe5)
core   0: 0x8000a4ce (0x00006f17) auipc   t5, 0x6
core   0: 3 0x8000a4ce (0x00006f17) x30 0x800104ce
core   0: 0x8000a4d2 (0xb23f2923) sw      gp, -1230(t5)
core   0: 3 0x8000a4d2 (0xb23f2923) mem 0x80010000 0x00000001
core   0: 0x8000a4d6 (0x0000bfe5) c.j     pc - 8
core   0: 3 0x8000a4d6 (0xbfe5)
core   0: 0x8000a4ce (0x00006f17) auipc   t5, 0x6
core   0: 3 0x8000a4ce (0x00006f17) x30 0x800104ce
core   0: 0x8000a4d2 (0xb23f2923) sw      gp, -1230(t5)
core   0: 3 0x8000a4d2 (0xb23f2923) mem 0x80010000 0x00000001
core   0: 0x8000a4d6 (0x0000bfe5) c.j     pc - 8
core   0: 3 0x8000a4d6 (0xbfe5)
core   0: 0x8000a4ce (0x00006f17) auipc   t5, 0x6
core   0: 3 0x8000a4ce (0x00006f17) x30 0x800104ce
core   0: 0x8000a4d2 (0xb23f2923) sw      gp, -1230(t5)
core   0: 3 0x8000a4d2 (0xb23f2923) mem 0x80010000 0x00000001
core   0: 0x8000a4d6 (0x0000bfe5) c.j     pc - 8
core   0: 3 0x8000a4d6 (0xbfe5)
core   0: 0x8000a4ce (0x00006f17) auipc   t5, 0x6
core   0: 3 0x8000a4ce (0x00006f17) x30 0x800104ce
core   0: 0x8000a4d2 (0xb23f2923) sw      gp, -1230(t5)
core   0: 3 0x8000a4d2 (0xb23f2923) mem 0x80010000 0x00000001
core   0: 0x8000a4d6 (0x0000bfe5) c.j     pc - 8
core   0: 3 0x8000a4d6 (0xbfe5)
core   0: 0x8000a4ce (0x00006f17) auipc   t5, 0x6
core   0: 3 0x8000a4ce (0x00006f17) x30 0x800104ce
core   0: 0x8000a4d2 (0xb23f2923) sw      gp, -1230(t5)
core   0: 3 0x8000a4d2 (0xb23f2923) mem 0x80010000 0x00000001
core   0: 0x8000a4d6 (0x0000bfe5) c.j     pc - 8
core   0: 3 0x8000a4d6 (0xbfe5)
core   0: 0x8000a4ce (0x00006f17) auipc   t5, 0x6
core   0: 3 0x8000a4ce (0x00006f17) x30 0x800104ce
core   0: 0x8000a4d2 (0xb23f2923) sw      gp, -1230(t5)
core   0: 3 0x8000a4d2 (0xb23f2923) mem 0x80010000 0x00000001
core   0: 0x8000a4d6 (0x0000bfe5) c.j     pc - 8
core   0: 3 0x8000a4d6 (0xbfe5)
core   0: 0x8000a4ce (0x00006f17) auipc   t5, 0x6
core   0: 3 0x8000a4ce (0x00006f17) x30 0x800104ce
core   0: 0x8000a4d2 (0xb23f2923) sw      gp, -1230(t5)
core   0: 3 0x8000a4d2 (0xb23f2923) mem 0x80010000 0x00000001
core   0: 0x8000a4d6 (0x0000bfe5) c.j     pc - 8
core   0: 3 0x8000a4d6 (0xbfe5)
core   0: 0x8000a4ce (0x00006f17) auipc   t5, 0x6
core   0: 3 0x8000a4ce (0x00006f17) x30 0x800104ce
core   0: 0x8000a4d2 (0xb23f2923) sw      gp, -1230(t5)
core   0: 3 0x8000a4d2 (0xb23f2923) mem 0x80010000 0x00000001
core   0: 0x8000a4d6 (0x0000bfe5) c.j     pc - 8
core   0: 3 0x8000a4d6 (0xbfe5)
core   0: 0x8000a4ce (0x00006f17) auipc   t5, 0x6
core   0: 3 0x8000a4ce (0x00006f17) x30 0x800104ce
core   0: 0x8000a4d2 (0xb23f2923) sw      gp, -1230(t5)
core   0: 3 0x8000a4d2 (0xb23f2923) mem 0x80010000 0x00000001
core   0: 0x8000a4d6 (0x0000bfe5) c.j     pc - 8
core   0: 3 0x8000a4d6 (0xbfe5)
core   0: 0x8000a4ce (0x00006f17) auipc   t5, 0x6
core   0: 3 0x8000a4ce (0x00006f17) x30 0x800104ce
core   0: 0x8000a4d2 (0xb23f2923) sw      gp, -1230(t5)
core   0: 3 0x8000a4d2 (0xb23f2923) mem 0x80010000 0x00000001
core   0: 0x8000a4d6 (0x0000bfe5) c.j     pc - 8
core   0: 3 0x8000a4d6 (0xbfe5)
core   0: 0x8000a4ce (0x00006f17) auipc   t5, 0x6
core   0: 3 0x8000a4ce (0x00006f17) x30 0x800104ce
core   0: 0x8000a4d2 (0xb23f2923) sw      gp, -1230(t5)
core   0: 3 0x8000a4d2 (0xb23f2923) mem 0x80010000 0x00000001
core   0: 0x8000a4d6 (0x0000bfe5) c.j     pc - 8
core   0: 3 0x8000a4d6 (0xbfe5)
core   0: 0x8000a4ce (0x00006f17) auipc   t5, 0x6
core   0: 3 0x8000a4ce (0x00006f17) x30 0x800104ce
core   0: 0x8000a4d2 (0xb23f2923) sw      gp, -1230(t5)
core   0: 3 0x8000a4d2 (0xb23f2923) mem 0x80010000 0x00000001
core   0: 0x8000a4d6 (0x0000bfe5) c.j     pc - 8
core   0: 3 0x8000a4d6 (0xbfe5)
core   0: 0x8000a4ce (0x00006f17) auipc   t5, 0x6
core   0: 3 0x8000a4ce (0x00006f17) x30 0x800104ce
core   0: 0x8000a4d2 (0xb23f2923) sw      gp, -1230(t5)
core   0: 3 0x8000a4d2 (0xb23f2923) mem 0x80010000 0x00000001
core   0: 0x8000a4d6 (0x0000bfe5) c.j     pc - 8
core   0: 3 0x8000a4d6 (0xbfe5)
core   0: 0x8000a4ce (0x00006f17) auipc   t5, 0x6
core   0: 3 0x8000a4ce (0x00006f17) x30 0x800104ce
core   0: 0x8000a4d2 (0xb23f2923) sw      gp, -1230(t5)
core   0: 3 0x8000a4d2 (0xb23f2923) mem 0x80010000 0x00000001
core   0: 0x8000a4d6 (0x0000bfe5) c.j     pc - 8
core   0: 3 0x8000a4d6 (0xbfe5)
core   0: 0x8000a4ce (0x00006f17) auipc   t5, 0x6
core   0: 3 0x8000a4ce (0x00006f17) x30 0x800104ce
core   0: 0x8000a4d2 (0xb23f2923) sw      gp, -1230(t5)
core   0: 3 0x8000a4d2 (0xb23f2923) mem 0x80010000 0x00000001
core   0: 0x8000a4d6 (0x0000bfe5) c.j     pc - 8
core   0: 3 0x8000a4d6 (0xbfe5)
core   0: 0x8000a4ce (0x00006f17) auipc   t5, 0x6
core   0: 3 0x8000a4ce (0x00006f17) x30 0x800104ce
core   0: 0x8000a4d2 (0xb23f2923) sw      gp, -1230(t5)
core   0: 3 0x8000a4d2 (0xb23f2923) mem 0x80010000 0x00000001
core   0: 0x8000a4d6 (0x0000bfe5) c.j     pc - 8
core   0: 3 0x8000a4d6 (0xbfe5)
core   0: 0x8000a4ce (0x00006f17) auipc   t5, 0x6
core   0: 3 0x8000a4ce (0x00006f17) x30 0x800104ce
core   0: 0x8000a4d2 (0xb23f2923) sw      gp, -1230(t5)
core   0: 3 0x8000a4d2 (0xb23f2923) mem 0x80010000 0x00000001
core   0: 0x8000a4d6 (0x0000bfe5) c.j     pc - 8
core   0: 3 0x8000a4d6 (0xbfe5)
core   0: 0x8000a4ce (0x00006f17) auipc   t5, 0x6
core   0: 3 0x8000a4ce (0x00006f17) x30 0x800104ce
core   0: 0x8000a4d2 (0xb23f2923) sw      gp, -1230(t5)
core   0: 3 0x8000a4d2 (0xb23f2923) mem 0x80010000 0x00000001
core   0: 0x8000a4d6 (0x0000bfe5) c.j     pc - 8
core   0: 3 0x8000a4d6 (0xbfe5)
core   0: 0x8000a4ce (0x00006f17) auipc   t5, 0x6
core   0: 3 0x8000a4ce (0x00006f17) x30 0x800104ce
core   0: 0x8000a4d2 (0xb23f2923) sw      gp, -1230(t5)
core   0: 3 0x8000a4d2 (0xb23f2923) mem 0x80010000 0x00000001
core   0: 0x8000a4d6 (0x0000bfe5) c.j     pc - 8
core   0: 3 0x8000a4d6 (0xbfe5)
core   0: 0x8000a4ce (0x00006f17) auipc   t5, 0x6
core   0: 3 0x8000a4ce (0x00006f17) x30 0x800104ce
core   0: 0x8000a4d2 (0xb23f2923) sw      gp, -1230(t5)
core   0: 3 0x8000a4d2 (0xb23f2923) mem 0x80010000 0x00000001
core   0: 0x8000a4d6 (0x0000bfe5) c.j     pc - 8
core   0: 3 0x8000a4d6 (0xbfe5)
core   0: 0x8000a4ce (0x00006f17) auipc   t5, 0x6
core   0: 3 0x8000a4ce (0x00006f17) x30 0x800104ce
core   0: 0x8000a4d2 (0xb23f2923) sw      gp, -1230(t5)
core   0: 3 0x8000a4d2 (0xb23f2923) mem 0x80010000 0x00000001
core   0: 0x8000a4d6 (0x0000bfe5) c.j     pc - 8
core   0: 3 0x8000a4d6 (0xbfe5)
core   0: 0x8000a4ce (0x00006f17) auipc   t5, 0x6
core   0: 3 0x8000a4ce (0x00006f17) x30 0x800104ce
core   0: 0x8000a4d2 (0xb23f2923) sw      gp, -1230(t5)
core   0: 3 0x8000a4d2 (0xb23f2923) mem 0x80010000 0x00000001
core   0: 0x8000a4d6 (0x0000bfe5) c.j     pc - 8
core   0: 3 0x8000a4d6 (0xbfe5)
core   0: 0x8000a4ce (0x00006f17) auipc   t5, 0x6
core   0: 3 0x8000a4ce (0x00006f17) x30 0x800104ce
core   0: 0x8000a4d2 (0xb23f2923) sw      gp, -1230(t5)
core   0: 3 0x8000a4d2 (0xb23f2923) mem 0x80010000 0x00000001
core   0: 0x8000a4d6 (0x0000bfe5) c.j     pc - 8
core   0: 3 0x8000a4d6 (0xbfe5)
core   0: 0x8000a4ce (0x00006f17) auipc   t5, 0x6
core   0: 3 0x8000a4ce (0x00006f17) x30 0x800104ce
core   0: 0x8000a4d2 (0xb23f2923) sw      gp, -1230(t5)
core   0: 3 0x8000a4d2 (0xb23f2923) mem 0x80010000 0x00000001
core   0: 0x8000a4d6 (0x0000bfe5) c.j     pc - 8
core   0: 3 0x8000a4d6 (0xbfe5)
core   0: 0x8000a4ce (0x00006f17) auipc   t5, 0x6
core   0: 3 0x8000a4ce (0x00006f17) x30 0x800104ce
core   0: 0x8000a4d2 (0xb23f2923) sw      gp, -1230(t5)
core   0: 3 0x8000a4d2 (0xb23f2923) mem 0x80010000 0x00000001
core   0: 0x8000a4d6 (0x0000bfe5) c.j     pc - 8
core   0: 3 0x8000a4d6 (0xbfe5)
core   0: 0x8000a4ce (0x00006f17) auipc   t5, 0x6
core   0: 3 0x8000a4ce (0x00006f17) x30 0x800104ce
core   0: 0x8000a4d2 (0xb23f2923) sw      gp, -1230(t5)
core   0: 3 0x8000a4d2 (0xb23f2923) mem 0x80010000 0x00000001
core   0: 0x8000a4d6 (0x0000bfe5) c.j     pc - 8
core   0: 3 0x8000a4d6 (0xbfe5)
core   0: 0x8000a4ce (0x00006f17) auipc   t5, 0x6
core   0: 3 0x8000a4ce (0x00006f17) x30 0x800104ce
core   0: 0x8000a4d2 (0xb23f2923) sw      gp, -1230(t5)
core   0: 3 0x8000a4d2 (0xb23f2923) mem 0x80010000 0x00000001
core   0: 0x8000a4d6 (0x0000bfe5) c.j     pc - 8
core   0: 3 0x8000a4d6 (0xbfe5)
core   0: 0x8000a4ce (0x00006f17) auipc   t5, 0x6
core   0: 3 0x8000a4ce (0x00006f17) x30 0x800104ce
core   0: 0x8000a4d2 (0xb23f2923) sw      gp, -1230(t5)
core   0: 3 0x8000a4d2 (0xb23f2923) mem 0x80010000 0x00000001
core   0: 0x8000a4d6 (0x0000bfe5) c.j     pc - 8
core   0: 3 0x8000a4d6 (0xbfe5)
core   0: 0x8000a4ce (0x00006f17) auipc   t5, 0x6
core   0: 3 0x8000a4ce (0x00006f17) x30 0x800104ce
core   0: 0x8000a4d2 (0xb23f2923) sw      gp, -1230(t5)
core   0: 3 0x8000a4d2 (0xb23f2923) mem 0x80010000 0x00000001
core   0: 0x8000a4d6 (0x0000bfe5) c.j     pc - 8
core   0: 3 0x8000a4d6 (0xbfe5)
core   0: 0x8000a4ce (0x00006f17) auipc   t5, 0x6
core   0: 3 0x8000a4ce (0x00006f17) x30 0x800104ce
core   0: 0x8000a4d2 (0xb23f2923) sw      gp, -1230(t5)
core   0: 3 0x8000a4d2 (0xb23f2923) mem 0x80010000 0x00000001
core   0: 0x8000a4d6 (0x0000bfe5) c.j     pc - 8
core   0: 3 0x8000a4d6 (0xbfe5)
core   0: 0x8000a4ce (0x00006f17) auipc   t5, 0x6
core   0: 3 0x8000a4ce (0x00006f17) x30 0x800104ce
core   0: 0x8000a4d2 (0xb23f2923) sw      gp, -1230(t5)
core   0: 3 0x8000a4d2 (0xb23f2923) mem 0x80010000 0x00000001
core   0: 0x8000a4d6 (0x0000bfe5) c.j     pc - 8
core   0: 3 0x8000a4d6 (0xbfe5)
core   0: 0x8000a4ce (0x00006f17) auipc   t5, 0x6
core   0: 3 0x8000a4ce (0x00006f17) x30 0x800104ce
core   0: 0x8000a4d2 (0xb23f2923) sw      gp, -1230(t5)
core   0: 3 0x8000a4d2 (0xb23f2923) mem 0x80010000 0x00000001
core   0: 0x8000a4d6 (0x0000bfe5) c.j     pc - 8
core   0: 3 0x8000a4d6 (0xbfe5)
core   0: 0x8000a4ce (0x00006f17) auipc   t5, 0x6
core   0: 3 0x8000a4ce (0x00006f17) x30 0x800104ce
core   0: 0x8000a4d2 (0xb23f2923) sw      gp, -1230(t5)
core   0: 3 0x8000a4d2 (0xb23f2923) mem 0x80010000 0x00000001
core   0: 0x8000a4d6 (0x0000bfe5) c.j     pc - 8
core   0: 3 0x8000a4d6 (0xbfe5)
core   0: 0x8000a4ce (0x00006f17) auipc   t5, 0x6
core   0: 3 0x8000a4ce (0x00006f17) x30 0x800104ce
core   0: 0x8000a4d2 (0xb23f2923) sw      gp, -1230(t5)
core   0: 3 0x8000a4d2 (0xb23f2923) mem 0x80010000 0x00000001
core   0: 0x8000a4d6 (0x0000bfe5) c.j     pc - 8
core   0: 3 0x8000a4d6 (0xbfe5)
core   0: 0x8000a4ce (0x00006f17) auipc   t5, 0x6
core   0: 3 0x8000a4ce (0x00006f17) x30 0x800104ce
core   0: 0x8000a4d2 (0xb23f2923) sw      gp, -1230(t5)
core   0: 3 0x8000a4d2 (0xb23f2923) mem 0x80010000 0x00000001
core   0: 0x8000a4d6 (0x0000bfe5) c.j     pc - 8
core   0: 3 0x8000a4d6 (0xbfe5)
core   0: 0x8000a4ce (0x00006f17) auipc   t5, 0x6
core   0: 3 0x8000a4ce (0x00006f17) x30 0x800104ce
core   0: 0x8000a4d2 (0xb23f2923) sw      gp, -1230(t5)
core   0: 3 0x8000a4d2 (0xb23f2923) mem 0x80010000 0x00000001
core   0: 0x8000a4d6 (0x0000bfe5) c.j     pc - 8
core   0: 3 0x8000a4d6 (0xbfe5)
core   0: 0x8000a4ce (0x00006f17) auipc   t5, 0x6
core   0: 3 0x8000a4ce (0x00006f17) x30 0x800104ce
core   0: 0x8000a4d2 (0xb23f2923) sw      gp, -1230(t5)
core   0: 3 0x8000a4d2 (0xb23f2923) mem 0x80010000 0x00000001
core   0: 0x8000a4d6 (0x0000bfe5) c.j     pc - 8
core   0: 3 0x8000a4d6 (0xbfe5)
core   0: 0x8000a4ce (0x00006f17) auipc   t5, 0x6
core   0: 3 0x8000a4ce (0x00006f17) x30 0x800104ce
core   0: 0x8000a4d2 (0xb23f2923) sw      gp, -1230(t5)
core   0: 3 0x8000a4d2 (0xb23f2923) mem 0x80010000 0x00000001
core   0: 0x8000a4d6 (0x0000bfe5) c.j     pc - 8
core   0: 3 0x8000a4d6 (0xbfe5)
core   0: 0x8000a4ce (0x00006f17) auipc   t5, 0x6
core   0: 3 0x8000a4ce (0x00006f17) x30 0x800104ce
core   0: 0x8000a4d2 (0xb23f2923) sw      gp, -1230(t5)
core   0: 3 0x8000a4d2 (0xb23f2923) mem 0x80010000 0x00000001
core   0: 0x8000a4d6 (0x0000bfe5) c.j     pc - 8
core   0: 3 0x8000a4d6 (0xbfe5)
core   0: 0x8000a4ce (0x00006f17) auipc   t5, 0x6
core   0: 3 0x8000a4ce (0x00006f17) x30 0x800104ce
core   0: 0x8000a4d2 (0xb23f2923) sw      gp, -1230(t5)
core   0: 3 0x8000a4d2 (0xb23f2923) mem 0x80010000 0x00000001
core   0: 0x8000a4d6 (0x0000bfe5) c.j     pc - 8
core   0: 3 0x8000a4d6 (0xbfe5)
core   0: 0x8000a4ce (0x00006f17) auipc   t5, 0x6
core   0: 3 0x8000a4ce (0x00006f17) x30 0x800104ce
core   0: 0x8000a4d2 (0xb23f2923) sw      gp, -1230(t5)
core   0: 3 0x8000a4d2 (0xb23f2923) mem 0x80010000 0x00000001
core   0: 0x8000a4d6 (0x0000bfe5) c.j     pc - 8
core   0: 3 0x8000a4d6 (0xbfe5)
core   0: 0x8000a4ce (0x00006f17) auipc   t5, 0x6
core   0: 3 0x8000a4ce (0x00006f17) x30 0x800104ce
core   0: 0x8000a4d2 (0xb23f2923) sw      gp, -1230(t5)
core   0: 3 0x8000a4d2 (0xb23f2923) mem 0x80010000 0x00000001
core   0: 0x8000a4d6 (0x0000bfe5) c.j     pc - 8
core   0: 3 0x8000a4d6 (0xbfe5)
core   0: 0x8000a4ce (0x00006f17) auipc   t5, 0x6
core   0: 3 0x8000a4ce (0x00006f17) x30 0x800104ce
core   0: 0x8000a4d2 (0xb23f2923) sw      gp, -1230(t5)
core   0: 3 0x8000a4d2 (0xb23f2923) mem 0x80010000 0x00000001
core   0: 0x8000a4d6 (0x0000bfe5) c.j     pc - 8
core   0: 3 0x8000a4d6 (0xbfe5)
core   0: 0x8000a4ce (0x00006f17) auipc   t5, 0x6
core   0: 3 0x8000a4ce (0x00006f17) x30 0x800104ce
core   0: 0x8000a4d2 (0xb23f2923) sw      gp, -1230(t5)
core   0: 3 0x8000a4d2 (0xb23f2923) mem 0x80010000 0x00000001
core   0: 0x8000a4d6 (0x0000bfe5) c.j     pc - 8
core   0: 3 0x8000a4d6 (0xbfe5)
core   0: 0x8000a4ce (0x00006f17) auipc   t5, 0x6
core   0: 3 0x8000a4ce (0x00006f17) x30 0x800104ce
core   0: 0x8000a4d2 (0xb23f2923) sw      gp, -1230(t5)
core   0: 3 0x8000a4d2 (0xb23f2923) mem 0x80010000 0x00000001
core   0: 0x8000a4d6 (0x0000bfe5) c.j     pc - 8
core   0: 3 0x8000a4d6 (0xbfe5)
core   0: 0x8000a4ce (0x00006f17) auipc   t5, 0x6
core   0: 3 0x8000a4ce (0x00006f17) x30 0x800104ce
core   0: 0x8000a4d2 (0xb23f2923) sw      gp, -1230(t5)
core   0: 3 0x8000a4d2 (0xb23f2923) mem 0x80010000 0x00000001
core   0: 0x8000a4d6 (0x0000bfe5) c.j     pc - 8
core   0: 3 0x8000a4d6 (0xbfe5)
core   0: 0x8000a4ce (0x00006f17) auipc   t5, 0x6
core   0: 3 0x8000a4ce (0x00006f17) x30 0x800104ce
core   0: 0x8000a4d2 (0xb23f2923) sw      gp, -1230(t5)
core   0: 3 0x8000a4d2 (0xb23f2923) mem 0x80010000 0x00000001
core   0: 0x8000a4d6 (0x0000bfe5) c.j     pc - 8
core   0: 3 0x8000a4d6 (0xbfe5)
core   0: 0x8000a4ce (0x00006f17) auipc   t5, 0x6
core   0: 3 0x8000a4ce (0x00006f17) x30 0x800104ce
core   0: 0x8000a4d2 (0xb23f2923) sw      gp, -1230(t5)
core   0: 3 0x8000a4d2 (0xb23f2923) mem 0x80010000 0x00000001
core   0: 0x8000a4d6 (0x0000bfe5) c.j     pc - 8
core   0: 3 0x8000a4d6 (0xbfe5)
core   0: 0x8000a4ce (0x00006f17) auipc   t5, 0x6
core   0: 3 0x8000a4ce (0x00006f17) x30 0x800104ce
core   0: 0x8000a4d2 (0xb23f2923) sw      gp, -1230(t5)
core   0: 3 0x8000a4d2 (0xb23f2923) mem 0x80010000 0x00000001
core   0: 0x8000a4d6 (0x0000bfe5) c.j     pc - 8
core   0: 3 0x8000a4d6 (0xbfe5)
core   0: 0x8000a4ce (0x00006f17) auipc   t5, 0x6
core   0: 3 0x8000a4ce (0x00006f17) x30 0x800104ce
core   0: 0x8000a4d2 (0xb23f2923) sw      gp, -1230(t5)
core   0: 3 0x8000a4d2 (0xb23f2923) mem 0x80010000 0x00000001
core   0: 0x8000a4d6 (0x0000bfe5) c.j     pc - 8
core   0: 3 0x8000a4d6 (0xbfe5)
core   0: 0x8000a4ce (0x00006f17) auipc   t5, 0x6
core   0: 3 0x8000a4ce (0x00006f17) x30 0x800104ce
core   0: 0x8000a4d2 (0xb23f2923) sw      gp, -1230(t5)
core   0: 3 0x8000a4d2 (0xb23f2923) mem 0x80010000 0x00000001
core   0: 0x8000a4d6 (0x0000bfe5) c.j     pc - 8
core   0: 3 0x8000a4d6 (0xbfe5)
core   0: 0x8000a4ce (0x00006f17) auipc   t5, 0x6
core   0: 3 0x8000a4ce (0x00006f17) x30 0x800104ce
core   0: 0x8000a4d2 (0xb23f2923) sw      gp, -1230(t5)
core   0: 3 0x8000a4d2 (0xb23f2923) mem 0x80010000 0x00000001
core   0: 0x8000a4d6 (0x0000bfe5) c.j     pc - 8
core   0: 3 0x8000a4d6 (0xbfe5)
core   0: 0x8000a4ce (0x00006f17) auipc   t5, 0x6
core   0: 3 0x8000a4ce (0x00006f17) x30 0x800104ce
core   0: 0x8000a4d2 (0xb23f2923) sw      gp, -1230(t5)
core   0: 3 0x8000a4d2 (0xb23f2923) mem 0x80010000 0x00000001
core   0: 0x8000a4d6 (0x0000bfe5) c.j     pc - 8
core   0: 3 0x8000a4d6 (0xbfe5)
core   0: 0x8000a4ce (0x00006f17) auipc   t5, 0x6
core   0: 3 0x8000a4ce (0x00006f17) x30 0x800104ce
core   0: 0x8000a4d2 (0xb23f2923) sw      gp, -1230(t5)
core   0: 3 0x8000a4d2 (0xb23f2923) mem 0x80010000 0x00000001
core   0: 0x8000a4d6 (0x0000bfe5) c.j     pc - 8
core   0: 3 0x8000a4d6 (0xbfe5)
core   0: 0x8000a4ce (0x00006f17) auipc   t5, 0x6
core   0: 3 0x8000a4ce (0x00006f17) x30 0x800104ce
core   0: 0x8000a4d2 (0xb23f2923) sw      gp, -1230(t5)
core   0: 3 0x8000a4d2 (0xb23f2923) mem 0x80010000 0x00000001
core   0: 0x8000a4d6 (0x0000bfe5) c.j     pc - 8
core   0: 3 0x8000a4d6 (0xbfe5)
core   0: 0x8000a4ce (0x00006f17) auipc   t5, 0x6
core   0: 3 0x8000a4ce (0x00006f17) x30 0x800104ce
core   0: 0x8000a4d2 (0xb23f2923) sw      gp, -1230(t5)
core   0: 3 0x8000a4d2 (0xb23f2923) mem 0x80010000 0x00000001
core   0: 0x8000a4d6 (0x0000bfe5) c.j     pc - 8
core   0: 3 0x8000a4d6 (0xbfe5)
core   0: 0x8000a4ce (0x00006f17) auipc   t5, 0x6
core   0: 3 0x8000a4ce (0x00006f17) x30 0x800104ce
core   0: 0x8000a4d2 (0xb23f2923) sw      gp, -1230(t5)
core   0: 3 0x8000a4d2 (0xb23f2923) mem 0x80010000 0x00000001
core   0: 0x8000a4d6 (0x0000bfe5) c.j     pc - 8
core   0: 3 0x8000a4d6 (0xbfe5)
core   0: 0x8000a4ce (0x00006f17) auipc   t5, 0x6
core   0: 3 0x8000a4ce (0x00006f17) x30 0x800104ce
core   0: 0x8000a4d2 (0xb23f2923) sw      gp, -1230(t5)
core   0: 3 0x8000a4d2 (0xb23f2923) mem 0x80010000 0x00000001
core   0: 0x8000a4d6 (0x0000bfe5) c.j     pc - 8
core   0: 3 0x8000a4d6 (0xbfe5)
core   0: 0x8000a4ce (0x00006f17) auipc   t5, 0x6
core   0: 3 0x8000a4ce (0x00006f17) x30 0x800104ce
core   0: 0x8000a4d2 (0xb23f2923) sw      gp, -1230(t5)
core   0: 3 0x8000a4d2 (0xb23f2923) mem 0x80010000 0x00000001
core   0: 0x8000a4d6 (0x0000bfe5) c.j     pc - 8
core   0: 3 0x8000a4d6 (0xbfe5)
core   0: 0x8000a4ce (0x00006f17) auipc   t5, 0x6
core   0: 3 0x8000a4ce (0x00006f17) x30 0x800104ce
core   0: 0x8000a4d2 (0xb23f2923) sw      gp, -1230(t5)
core   0: 3 0x8000a4d2 (0xb23f2923) mem 0x80010000 0x00000001
core   0: 0x8000a4d6 (0x0000bfe5) c.j     pc - 8
core   0: 3 0x8000a4d6 (0xbfe5)
core   0: 0x8000a4ce (0x00006f17) auipc   t5, 0x6
core   0: 3 0x8000a4ce (0x00006f17) x30 0x800104ce
core   0: 0x8000a4d2 (0xb23f2923) sw      gp, -1230(t5)
core   0: 3 0x8000a4d2 (0xb23f2923) mem 0x80010000 0x00000001
core   0: 0x8000a4d6 (0x0000bfe5) c.j     pc - 8
core   0: 3 0x8000a4d6 (0xbfe5)
core   0: 0x8000a4ce (0x00006f17) auipc   t5, 0x6
core   0: 3 0x8000a4ce (0x00006f17) x30 0x800104ce
core   0: 0x8000a4d2 (0xb23f2923) sw      gp, -1230(t5)
core   0: 3 0x8000a4d2 (0xb23f2923) mem 0x80010000 0x00000001
core   0: 0x8000a4d6 (0x0000bfe5) c.j     pc - 8
core   0: 3 0x8000a4d6 (0xbfe5)
core   0: 0x8000a4ce (0x00006f17) auipc   t5, 0x6
core   0: 3 0x8000a4ce (0x00006f17) x30 0x800104ce
core   0: 0x8000a4d2 (0xb23f2923) sw      gp, -1230(t5)
core   0: 3 0x8000a4d2 (0xb23f2923) mem 0x80010000 0x00000001
core   0: 0x8000a4d6 (0x0000bfe5) c.j     pc - 8
core   0: 3 0x8000a4d6 (0xbfe5)
core   0: 0x8000a4ce (0x00006f17) auipc   t5, 0x6
core   0: 3 0x8000a4ce (0x00006f17) x30 0x800104ce
core   0: 0x8000a4d2 (0xb23f2923) sw      gp, -1230(t5)
core   0: 3 0x8000a4d2 (0xb23f2923) mem 0x80010000 0x00000001
core   0: 0x8000a4d6 (0x0000bfe5) c.j     pc - 8
core   0: 3 0x8000a4d6 (0xbfe5)
core   0: 0x8000a4ce (0x00006f17) auipc   t5, 0x6
core   0: 3 0x8000a4ce (0x00006f17) x30 0x800104ce
core   0: 0x8000a4d2 (0xb23f2923) sw      gp, -1230(t5)
core   0: 3 0x8000a4d2 (0xb23f2923) mem 0x80010000 0x00000001
core   0: 0x8000a4d6 (0x0000bfe5) c.j     pc - 8
core   0: 3 0x8000a4d6 (0xbfe5)
core   0: 0x8000a4ce (0x00006f17) auipc   t5, 0x6
core   0: 3 0x8000a4ce (0x00006f17) x30 0x800104ce
core   0: 0x8000a4d2 (0xb23f2923) sw      gp, -1230(t5)
core   0: 3 0x8000a4d2 (0xb23f2923) mem 0x80010000 0x00000001
core   0: 0x8000a4d6 (0x0000bfe5) c.j     pc - 8
core   0: 3 0x8000a4d6 (0xbfe5)
core   0: 0x8000a4ce (0x00006f17) auipc   t5, 0x6
core   0: 3 0x8000a4ce (0x00006f17) x30 0x800104ce
core   0: 0x8000a4d2 (0xb23f2923) sw      gp, -1230(t5)
core   0: 3 0x8000a4d2 (0xb23f2923) mem 0x80010000 0x00000001
core   0: 0x8000a4d6 (0x0000bfe5) c.j     pc - 8
core   0: 3 0x8000a4d6 (0xbfe5)
core   0: 0x8000a4ce (0x00006f17) auipc   t5, 0x6
core   0: 3 0x8000a4ce (0x00006f17) x30 0x800104ce
core   0: 0x8000a4d2 (0xb23f2923) sw      gp, -1230(t5)
core   0: 3 0x8000a4d2 (0xb23f2923) mem 0x80010000 0x00000001
core   0: 0x8000a4d6 (0x0000bfe5) c.j     pc - 8
core   0: 3 0x8000a4d6 (0xbfe5)
core   0: 0x8000a4ce (0x00006f17) auipc   t5, 0x6
core   0: 3 0x8000a4ce (0x00006f17) x30 0x800104ce
core   0: 0x8000a4d2 (0xb23f2923) sw      gp, -1230(t5)
core   0: 3 0x8000a4d2 (0xb23f2923) mem 0x80010000 0x00000001
core   0: 0x8000a4d6 (0x0000bfe5) c.j     pc - 8
core   0: 3 0x8000a4d6 (0xbfe5)
core   0: 0x8000a4ce (0x00006f17) auipc   t5, 0x6
core   0: 3 0x8000a4ce (0x00006f17) x30 0x800104ce
core   0: 0x8000a4d2 (0xb23f2923) sw      gp, -1230(t5)
core   0: 3 0x8000a4d2 (0xb23f2923) mem 0x80010000 0x00000001
core   0: 0x8000a4d6 (0x0000bfe5) c.j     pc - 8
core   0: 3 0x8000a4d6 (0xbfe5)
core   0: 0x8000a4ce (0x00006f17) auipc   t5, 0x6
core   0: 3 0x8000a4ce (0x00006f17) x30 0x800104ce
core   0: 0x8000a4d2 (0xb23f2923) sw      gp, -1230(t5)
core   0: 3 0x8000a4d2 (0xb23f2923) mem 0x80010000 0x00000001
core   0: 0x8000a4d6 (0x0000bfe5) c.j     pc - 8
core   0: 3 0x8000a4d6 (0xbfe5)
core   0: 0x8000a4ce (0x00006f17) auipc   t5, 0x6
core   0: 3 0x8000a4ce (0x00006f17) x30 0x800104ce
core   0: 0x8000a4d2 (0xb23f2923) sw      gp, -1230(t5)
core   0: 3 0x8000a4d2 (0xb23f2923) mem 0x80010000 0x00000001
core   0: 0x8000a4d6 (0x0000bfe5) c.j     pc - 8
core   0: 3 0x8000a4d6 (0xbfe5)
core   0: 0x8000a4ce (0x00006f17) auipc   t5, 0x6
core   0: 3 0x8000a4ce (0x00006f17) x30 0x800104ce
core   0: 0x8000a4d2 (0xb23f2923) sw      gp, -1230(t5)
core   0: 3 0x8000a4d2 (0xb23f2923) mem 0x80010000 0x00000001
core   0: 0x8000a4d6 (0x0000bfe5) c.j     pc - 8
core   0: 3 0x8000a4d6 (0xbfe5)
core   0: 0x8000a4ce (0x00006f17) auipc   t5, 0x6
core   0: 3 0x8000a4ce (0x00006f17) x30 0x800104ce
core   0: 0x8000a4d2 (0xb23f2923) sw      gp, -1230(t5)
core   0: 3 0x8000a4d2 (0xb23f2923) mem 0x80010000 0x00000001
core   0: 0x8000a4d6 (0x0000bfe5) c.j     pc - 8
core   0: 3 0x8000a4d6 (0xbfe5)
core   0: 0x8000a4ce (0x00006f17) auipc   t5, 0x6
core   0: 3 0x8000a4ce (0x00006f17) x30 0x800104ce
core   0: 0x8000a4d2 (0xb23f2923) sw      gp, -1230(t5)
core   0: 3 0x8000a4d2 (0xb23f2923) mem 0x80010000 0x00000001
core   0: 0x8000a4d6 (0x0000bfe5) c.j     pc - 8
core   0: 3 0x8000a4d6 (0xbfe5)
core   0: 0x8000a4ce (0x00006f17) auipc   t5, 0x6
core   0: 3 0x8000a4ce (0x00006f17) x30 0x800104ce
core   0: 0x8000a4d2 (0xb23f2923) sw      gp, -1230(t5)
core   0: 3 0x8000a4d2 (0xb23f2923) mem 0x80010000 0x00000001
core   0: 0x8000a4d6 (0x0000bfe5) c.j     pc - 8
core   0: 3 0x8000a4d6 (0xbfe5)
core   0: 0x8000a4ce (0x00006f17) auipc   t5, 0x6
core   0: 3 0x8000a4ce (0x00006f17) x30 0x800104ce
core   0: 0x8000a4d2 (0xb23f2923) sw      gp, -1230(t5)
core   0: 3 0x8000a4d2 (0xb23f2923) mem 0x80010000 0x00000001
core   0: 0x8000a4d6 (0x0000bfe5) c.j     pc - 8
core   0: 3 0x8000a4d6 (0xbfe5)
core   0: 0x8000a4ce (0x00006f17) auipc   t5, 0x6
core   0: 3 0x8000a4ce (0x00006f17) x30 0x800104ce
core   0: 0x8000a4d2 (0xb23f2923) sw      gp, -1230(t5)
core   0: 3 0x8000a4d2 (0xb23f2923) mem 0x80010000 0x00000001
core   0: 0x8000a4d6 (0x0000bfe5) c.j     pc - 8
core   0: 3 0x8000a4d6 (0xbfe5)
core   0: 0x8000a4ce (0x00006f17) auipc   t5, 0x6
core   0: 3 0x8000a4ce (0x00006f17) x30 0x800104ce
core   0: 0x8000a4d2 (0xb23f2923) sw      gp, -1230(t5)
core   0: 3 0x8000a4d2 (0xb23f2923) mem 0x80010000 0x00000001
core   0: 0x8000a4d6 (0x0000bfe5) c.j     pc - 8
core   0: 3 0x8000a4d6 (0xbfe5)
core   0: 0x8000a4ce (0x00006f17) auipc   t5, 0x6
core   0: 3 0x8000a4ce (0x00006f17) x30 0x800104ce
core   0: 0x8000a4d2 (0xb23f2923) sw      gp, -1230(t5)
core   0: 3 0x8000a4d2 (0xb23f2923) mem 0x80010000 0x00000001
core   0: 0x8000a4d6 (0x0000bfe5) c.j     pc - 8
core   0: 3 0x8000a4d6 (0xbfe5)
core   0: 0x8000a4ce (0x00006f17) auipc   t5, 0x6
core   0: 3 0x8000a4ce (0x00006f17) x30 0x800104ce
core   0: 0x8000a4d2 (0xb23f2923) sw      gp, -1230(t5)
core   0: 3 0x8000a4d2 (0xb23f2923) mem 0x80010000 0x00000001
core   0: 0x8000a4d6 (0x0000bfe5) c.j     pc - 8
core   0: 3 0x8000a4d6 (0xbfe5)
core   0: 0x8000a4ce (0x00006f17) auipc   t5, 0x6
core   0: 3 0x8000a4ce (0x00006f17) x30 0x800104ce
core   0: 0x8000a4d2 (0xb23f2923) sw      gp, -1230(t5)
core   0: 3 0x8000a4d2 (0xb23f2923) mem 0x80010000 0x00000001
core   0: 0x8000a4d6 (0x0000bfe5) c.j     pc - 8
core   0: 3 0x8000a4d6 (0xbfe5)
core   0: 0x8000a4ce (0x00006f17) auipc   t5, 0x6
core   0: 3 0x8000a4ce (0x00006f17) x30 0x800104ce
core   0: 0x8000a4d2 (0xb23f2923) sw      gp, -1230(t5)
core   0: 3 0x8000a4d2 (0xb23f2923) mem 0x80010000 0x00000001
core   0: 0x8000a4d6 (0x0000bfe5) c.j     pc - 8
core   0: 3 0x8000a4d6 (0xbfe5)
core   0: 0x8000a4ce (0x00006f17) auipc   t5, 0x6
core   0: 3 0x8000a4ce (0x00006f17) x30 0x800104ce
core   0: 0x8000a4d2 (0xb23f2923) sw      gp, -1230(t5)
core   0: 3 0x8000a4d2 (0xb23f2923) mem 0x80010000 0x00000001
core   0: 0x8000a4d6 (0x0000bfe5) c.j     pc - 8
core   0: 3 0x8000a4d6 (0xbfe5)
core   0: 0x8000a4ce (0x00006f17) auipc   t5, 0x6
core   0: 3 0x8000a4ce (0x00006f17) x30 0x800104ce
core   0: 0x8000a4d2 (0xb23f2923) sw      gp, -1230(t5)
core   0: 3 0x8000a4d2 (0xb23f2923) mem 0x80010000 0x00000001
core   0: 0x8000a4d6 (0x0000bfe5) c.j     pc - 8
core   0: 3 0x8000a4d6 (0xbfe5)
core   0: 0x8000a4ce (0x00006f17) auipc   t5, 0x6
core   0: 3 0x8000a4ce (0x00006f17) x30 0x800104ce
core   0: 0x8000a4d2 (0xb23f2923) sw      gp, -1230(t5)
core   0: 3 0x8000a4d2 (0xb23f2923) mem 0x80010000 0x00000001
core   0: 0x8000a4d6 (0x0000bfe5) c.j     pc - 8
core   0: 3 0x8000a4d6 (0xbfe5)
core   0: 0x8000a4ce (0x00006f17) auipc   t5, 0x6
core   0: 3 0x8000a4ce (0x00006f17) x30 0x800104ce
core   0: 0x8000a4d2 (0xb23f2923) sw      gp, -1230(t5)
core   0: 3 0x8000a4d2 (0xb23f2923) mem 0x80010000 0x00000001
core   0: 0x8000a4d6 (0x0000bfe5) c.j     pc - 8
core   0: 3 0x8000a4d6 (0xbfe5)
core   0: 0x8000a4ce (0x00006f17) auipc   t5, 0x6
core   0: 3 0x8000a4ce (0x00006f17) x30 0x800104ce
core   0: 0x8000a4d2 (0xb23f2923) sw      gp, -1230(t5)
core   0: 3 0x8000a4d2 (0xb23f2923) mem 0x80010000 0x00000001
core   0: 0x8000a4d6 (0x0000bfe5) c.j     pc - 8
core   0: 3 0x8000a4d6 (0xbfe5)
core   0: 0x8000a4ce (0x00006f17) auipc   t5, 0x6
core   0: 3 0x8000a4ce (0x00006f17) x30 0x800104ce
core   0: 0x8000a4d2 (0xb23f2923) sw      gp, -1230(t5)
core   0: 3 0x8000a4d2 (0xb23f2923) mem 0x80010000 0x00000001
core   0: 0x8000a4d6 (0x0000bfe5) c.j     pc - 8
core   0: 3 0x8000a4d6 (0xbfe5)
core   0: 0x8000a4ce (0x00006f17) auipc   t5, 0x6
core   0: 3 0x8000a4ce (0x00006f17) x30 0x800104ce
core   0: 0x8000a4d2 (0xb23f2923) sw      gp, -1230(t5)
core   0: 3 0x8000a4d2 (0xb23f2923) mem 0x80010000 0x00000001
core   0: 0x8000a4d6 (0x0000bfe5) c.j     pc - 8
core   0: 3 0x8000a4d6 (0xbfe5)
core   0: 0x8000a4ce (0x00006f17) auipc   t5, 0x6
core   0: 3 0x8000a4ce (0x00006f17) x30 0x800104ce
core   0: 0x8000a4d2 (0xb23f2923) sw      gp, -1230(t5)
core   0: 3 0x8000a4d2 (0xb23f2923) mem 0x80010000 0x00000001
core   0: 0x8000a4d6 (0x0000bfe5) c.j     pc - 8
core   0: 3 0x8000a4d6 (0xbfe5)
core   0: 0x8000a4ce (0x00006f17) auipc   t5, 0x6
core   0: 3 0x8000a4ce (0x00006f17) x30 0x800104ce
core   0: 0x8000a4d2 (0xb23f2923) sw      gp, -1230(t5)
core   0: 3 0x8000a4d2 (0xb23f2923) mem 0x80010000 0x00000001
core   0: 0x8000a4d6 (0x0000bfe5) c.j     pc - 8
core   0: 3 0x8000a4d6 (0xbfe5)
core   0: 0x8000a4ce (0x00006f17) auipc   t5, 0x6
core   0: 3 0x8000a4ce (0x00006f17) x30 0x800104ce
core   0: 0x8000a4d2 (0xb23f2923) sw      gp, -1230(t5)
core   0: 3 0x8000a4d2 (0xb23f2923) mem 0x80010000 0x00000001
core   0: 0x8000a4d6 (0x0000bfe5) c.j     pc - 8
core   0: 3 0x8000a4d6 (0xbfe5)
core   0: 0x8000a4ce (0x00006f17) auipc   t5, 0x6
core   0: 3 0x8000a4ce (0x00006f17) x30 0x800104ce
core   0: 0x8000a4d2 (0xb23f2923) sw      gp, -1230(t5)
core   0: 3 0x8000a4d2 (0xb23f2923) mem 0x80010000 0x00000001
core   0: 0x8000a4d6 (0x0000bfe5) c.j     pc - 8
core   0: 3 0x8000a4d6 (0xbfe5)
core   0: 0x8000a4ce (0x00006f17) auipc   t5, 0x6
core   0: 3 0x8000a4ce (0x00006f17) x30 0x800104ce
core   0: 0x8000a4d2 (0xb23f2923) sw      gp, -1230(t5)
core   0: 3 0x8000a4d2 (0xb23f2923) mem 0x80010000 0x00000001
core   0: 0x8000a4d6 (0x0000bfe5) c.j     pc - 8
core   0: 3 0x8000a4d6 (0xbfe5)
core   0: 0x8000a4ce (0x00006f17) auipc   t5, 0x6
core   0: 3 0x8000a4ce (0x00006f17) x30 0x800104ce
core   0: 0x8000a4d2 (0xb23f2923) sw      gp, -1230(t5)
core   0: 3 0x8000a4d2 (0xb23f2923) mem 0x80010000 0x00000001
core   0: 0x8000a4d6 (0x0000bfe5) c.j     pc - 8
core   0: 3 0x8000a4d6 (0xbfe5)
core   0: 0x8000a4ce (0x00006f17) auipc   t5, 0x6
core   0: 3 0x8000a4ce (0x00006f17) x30 0x800104ce
core   0: 0x8000a4d2 (0xb23f2923) sw      gp, -1230(t5)
core   0: 3 0x8000a4d2 (0xb23f2923) mem 0x80010000 0x00000001
core   0: 0x8000a4d6 (0x0000bfe5) c.j     pc - 8
core   0: 3 0x8000a4d6 (0xbfe5)
core   0: 0x8000a4ce (0x00006f17) auipc   t5, 0x6
core   0: 3 0x8000a4ce (0x00006f17) x30 0x800104ce
core   0: 0x8000a4d2 (0xb23f2923) sw      gp, -1230(t5)
core   0: 3 0x8000a4d2 (0xb23f2923) mem 0x80010000 0x00000001
core   0: 0x8000a4d6 (0x0000bfe5) c.j     pc - 8
core   0: 3 0x8000a4d6 (0xbfe5)
core   0: 0x8000a4ce (0x00006f17) auipc   t5, 0x6
core   0: 3 0x8000a4ce (0x00006f17) x30 0x800104ce
core   0: 0x8000a4d2 (0xb23f2923) sw      gp, -1230(t5)
core   0: 3 0x8000a4d2 (0xb23f2923) mem 0x80010000 0x00000001
core   0: 0x8000a4d6 (0x0000bfe5) c.j     pc - 8
core   0: 3 0x8000a4d6 (0xbfe5)
core   0: 0x8000a4ce (0x00006f17) auipc   t5, 0x6
core   0: 3 0x8000a4ce (0x00006f17) x30 0x800104ce
core   0: 0x8000a4d2 (0xb23f2923) sw      gp, -1230(t5)
core   0: 3 0x8000a4d2 (0xb23f2923) mem 0x80010000 0x00000001
core   0: 0x8000a4d6 (0x0000bfe5) c.j     pc - 8
core   0: 3 0x8000a4d6 (0xbfe5)
core   0: 0x8000a4ce (0x00006f17) auipc   t5, 0x6
core   0: 3 0x8000a4ce (0x00006f17) x30 0x800104ce
core   0: 0x8000a4d2 (0xb23f2923) sw      gp, -1230(t5)
core   0: 3 0x8000a4d2 (0xb23f2923) mem 0x80010000 0x00000001
core   0: 0x8000a4d6 (0x0000bfe5) c.j     pc - 8
core   0: 3 0x8000a4d6 (0xbfe5)
core   0: 0x8000a4ce (0x00006f17) auipc   t5, 0x6
core   0: 3 0x8000a4ce (0x00006f17) x30 0x800104ce
core   0: 0x8000a4d2 (0xb23f2923) sw      gp, -1230(t5)
core   0: 3 0x8000a4d2 (0xb23f2923) mem 0x80010000 0x00000001
core   0: 0x8000a4d6 (0x0000bfe5) c.j     pc - 8
core   0: 3 0x8000a4d6 (0xbfe5)
core   0: 0x8000a4ce (0x00006f17) auipc   t5, 0x6
core   0: 3 0x8000a4ce (0x00006f17) x30 0x800104ce
core   0: 0x8000a4d2 (0xb23f2923) sw      gp, -1230(t5)
core   0: 3 0x8000a4d2 (0xb23f2923) mem 0x80010000 0x00000001
core   0: 0x8000a4d6 (0x0000bfe5) c.j     pc - 8
core   0: 3 0x8000a4d6 (0xbfe5)
core   0: 0x8000a4ce (0x00006f17) auipc   t5, 0x6
core   0: 3 0x8000a4ce (0x00006f17) x30 0x800104ce
core   0: 0x8000a4d2 (0xb23f2923) sw      gp, -1230(t5)
core   0: 3 0x8000a4d2 (0xb23f2923) mem 0x80010000 0x00000001
core   0: 0x8000a4d6 (0x0000bfe5) c.j     pc - 8
core   0: 3 0x8000a4d6 (0xbfe5)
core   0: 0x8000a4ce (0x00006f17) auipc   t5, 0x6
core   0: 3 0x8000a4ce (0x00006f17) x30 0x800104ce
core   0: 0x8000a4d2 (0xb23f2923) sw      gp, -1230(t5)
core   0: 3 0x8000a4d2 (0xb23f2923) mem 0x80010000 0x00000001
core   0: 0x8000a4d6 (0x0000bfe5) c.j     pc - 8
core   0: 3 0x8000a4d6 (0xbfe5)
core   0: 0x8000a4ce (0x00006f17) auipc   t5, 0x6
core   0: 3 0x8000a4ce (0x00006f17) x30 0x800104ce
core   0: 0x8000a4d2 (0xb23f2923) sw      gp, -1230(t5)
core   0: 3 0x8000a4d2 (0xb23f2923) mem 0x80010000 0x00000001
core   0: 0x8000a4d6 (0x0000bfe5) c.j     pc - 8
core   0: 3 0x8000a4d6 (0xbfe5)
core   0: 0x8000a4ce (0x00006f17) auipc   t5, 0x6
core   0: 3 0x8000a4ce (0x00006f17) x30 0x800104ce
core   0: 0x8000a4d2 (0xb23f2923) sw      gp, -1230(t5)
core   0: 3 0x8000a4d2 (0xb23f2923) mem 0x80010000 0x00000001
core   0: 0x8000a4d6 (0x0000bfe5) c.j     pc - 8
core   0: 3 0x8000a4d6 (0xbfe5)
core   0: 0x8000a4ce (0x00006f17) auipc   t5, 0x6
core   0: 3 0x8000a4ce (0x00006f17) x30 0x800104ce
core   0: 0x8000a4d2 (0xb23f2923) sw      gp, -1230(t5)
core   0: 3 0x8000a4d2 (0xb23f2923) mem 0x80010000 0x00000001
core   0: 0x8000a4d6 (0x0000bfe5) c.j     pc - 8
core   0: 3 0x8000a4d6 (0xbfe5)
core   0: 0x8000a4ce (0x00006f17) auipc   t5, 0x6
core   0: 3 0x8000a4ce (0x00006f17) x30 0x800104ce
core   0: 0x8000a4d2 (0xb23f2923) sw      gp, -1230(t5)
core   0: 3 0x8000a4d2 (0xb23f2923) mem 0x80010000 0x00000001
core   0: 0x8000a4d6 (0x0000bfe5) c.j     pc - 8
core   0: 3 0x8000a4d6 (0xbfe5)
core   0: 0x8000a4ce (0x00006f17) auipc   t5, 0x6
core   0: 3 0x8000a4ce (0x00006f17) x30 0x800104ce
core   0: 0x8000a4d2 (0xb23f2923) sw      gp, -1230(t5)
core   0: 3 0x8000a4d2 (0xb23f2923) mem 0x80010000 0x00000001
core   0: 0x8000a4d6 (0x0000bfe5) c.j     pc - 8
core   0: 3 0x8000a4d6 (0xbfe5)
core   0: 0x8000a4ce (0x00006f17) auipc   t5, 0x6
core   0: 3 0x8000a4ce (0x00006f17) x30 0x800104ce
core   0: 0x8000a4d2 (0xb23f2923) sw      gp, -1230(t5)
core   0: 3 0x8000a4d2 (0xb23f2923) mem 0x80010000 0x00000001
core   0: 0x8000a4d6 (0x0000bfe5) c.j     pc - 8
core   0: 3 0x8000a4d6 (0xbfe5)
core   0: 0x8000a4ce (0x00006f17) auipc   t5, 0x6
core   0: 3 0x8000a4ce (0x00006f17) x30 0x800104ce
core   0: 0x8000a4d2 (0xb23f2923) sw      gp, -1230(t5)
core   0: 3 0x8000a4d2 (0xb23f2923) mem 0x80010000 0x00000001
core   0: 0x8000a4d6 (0x0000bfe5) c.j     pc - 8
core   0: 3 0x8000a4d6 (0xbfe5)
core   0: 0x8000a4ce (0x00006f17) auipc   t5, 0x6
core   0: 3 0x8000a4ce (0x00006f17) x30 0x800104ce
core   0: 0x8000a4d2 (0xb23f2923) sw      gp, -1230(t5)
core   0: 3 0x8000a4d2 (0xb23f2923) mem 0x80010000 0x00000001
core   0: 0x8000a4d6 (0x0000bfe5) c.j     pc - 8
core   0: 3 0x8000a4d6 (0xbfe5)
core   0: 0x8000a4ce (0x00006f17) auipc   t5, 0x6
core   0: 3 0x8000a4ce (0x00006f17) x30 0x800104ce
core   0: 0x8000a4d2 (0xb23f2923) sw      gp, -1230(t5)
core   0: 3 0x8000a4d2 (0xb23f2923) mem 0x80010000 0x00000001
core   0: 0x8000a4d6 (0x0000bfe5) c.j     pc - 8
core   0: 3 0x8000a4d6 (0xbfe5)
core   0: 0x8000a4ce (0x00006f17) auipc   t5, 0x6
core   0: 3 0x8000a4ce (0x00006f17) x30 0x800104ce
core   0: 0x8000a4d2 (0xb23f2923) sw      gp, -1230(t5)
core   0: 3 0x8000a4d2 (0xb23f2923) mem 0x80010000 0x00000001
core   0: 0x8000a4d6 (0x0000bfe5) c.j     pc - 8
core   0: 3 0x8000a4d6 (0xbfe5)
core   0: 0x8000a4ce (0x00006f17) auipc   t5, 0x6
core   0: 3 0x8000a4ce (0x00006f17) x30 0x800104ce
core   0: 0x8000a4d2 (0xb23f2923) sw      gp, -1230(t5)
core   0: 3 0x8000a4d2 (0xb23f2923) mem 0x80010000 0x00000001
core   0: 0x8000a4d6 (0x0000bfe5) c.j     pc - 8
core   0: 3 0x8000a4d6 (0xbfe5)
core   0: 0x8000a4ce (0x00006f17) auipc   t5, 0x6
core   0: 3 0x8000a4ce (0x00006f17) x30 0x800104ce
core   0: 0x8000a4d2 (0xb23f2923) sw      gp, -1230(t5)
core   0: 3 0x8000a4d2 (0xb23f2923) mem 0x80010000 0x00000001
core   0: 0x8000a4d6 (0x0000bfe5) c.j     pc - 8
core   0: 3 0x8000a4d6 (0xbfe5)
core   0: 0x8000a4ce (0x00006f17) auipc   t5, 0x6
core   0: 3 0x8000a4ce (0x00006f17) x30 0x800104ce
core   0: 0x8000a4d2 (0xb23f2923) sw      gp, -1230(t5)
core   0: 3 0x8000a4d2 (0xb23f2923) mem 0x80010000 0x00000001
core   0: 0x8000a4d6 (0x0000bfe5) c.j     pc - 8
core   0: 3 0x8000a4d6 (0xbfe5)
core   0: 0x8000a4ce (0x00006f17) auipc   t5, 0x6
core   0: 3 0x8000a4ce (0x00006f17) x30 0x800104ce
core   0: 0x8000a4d2 (0xb23f2923) sw      gp, -1230(t5)
core   0: 3 0x8000a4d2 (0xb23f2923) mem 0x80010000 0x00000001
core   0: 0x8000a4d6 (0x0000bfe5) c.j     pc - 8
core   0: 3 0x8000a4d6 (0xbfe5)
core   0: 0x8000a4ce (0x00006f17) auipc   t5, 0x6
core   0: 3 0x8000a4ce (0x00006f17) x30 0x800104ce
core   0: 0x8000a4d2 (0xb23f2923) sw      gp, -1230(t5)
core   0: 3 0x8000a4d2 (0xb23f2923) mem 0x80010000 0x00000001
core   0: 0x8000a4d6 (0x0000bfe5) c.j     pc - 8
core   0: 3 0x8000a4d6 (0xbfe5)
core   0: 0x8000a4ce (0x00006f17) auipc   t5, 0x6
core   0: 3 0x8000a4ce (0x00006f17) x30 0x800104ce
core   0: 0x8000a4d2 (0xb23f2923) sw      gp, -1230(t5)
core   0: 3 0x8000a4d2 (0xb23f2923) mem 0x80010000 0x00000001
core   0: 0x8000a4d6 (0x0000bfe5) c.j     pc - 8
core   0: 3 0x8000a4d6 (0xbfe5)
core   0: 0x8000a4ce (0x00006f17) auipc   t5, 0x6
core   0: 3 0x8000a4ce (0x00006f17) x30 0x800104ce
core   0: 0x8000a4d2 (0xb23f2923) sw      gp, -1230(t5)
core   0: 3 0x8000a4d2 (0xb23f2923) mem 0x80010000 0x00000001
core   0: 0x8000a4d6 (0x0000bfe5) c.j     pc - 8
core   0: 3 0x8000a4d6 (0xbfe5)
core   0: 0x8000a4ce (0x00006f17) auipc   t5, 0x6
core   0: 3 0x8000a4ce (0x00006f17) x30 0x800104ce
core   0: 0x8000a4d2 (0xb23f2923) sw      gp, -1230(t5)
core   0: 3 0x8000a4d2 (0xb23f2923) mem 0x80010000 0x00000001
core   0: 0x8000a4d6 (0x0000bfe5) c.j     pc - 8
core   0: 3 0x8000a4d6 (0xbfe5)
core   0: 0x8000a4ce (0x00006f17) auipc   t5, 0x6
core   0: 3 0x8000a4ce (0x00006f17) x30 0x800104ce
core   0: 0x8000a4d2 (0xb23f2923) sw      gp, -1230(t5)
core   0: 3 0x8000a4d2 (0xb23f2923) mem 0x80010000 0x00000001
core   0: 0x8000a4d6 (0x0000bfe5) c.j     pc - 8
core   0: 3 0x8000a4d6 (0xbfe5)
core   0: 0x8000a4ce (0x00006f17) auipc   t5, 0x6
core   0: 3 0x8000a4ce (0x00006f17) x30 0x800104ce
core   0: 0x8000a4d2 (0xb23f2923) sw      gp, -1230(t5)
core   0: 3 0x8000a4d2 (0xb23f2923) mem 0x80010000 0x00000001
core   0: 0x8000a4d6 (0x0000bfe5) c.j     pc - 8
core   0: 3 0x8000a4d6 (0xbfe5)
core   0: 0x8000a4ce (0x00006f17) auipc   t5, 0x6
core   0: 3 0x8000a4ce (0x00006f17) x30 0x800104ce
core   0: 0x8000a4d2 (0xb23f2923) sw      gp, -1230(t5)
core   0: 3 0x8000a4d2 (0xb23f2923) mem 0x80010000 0x00000001
core   0: 0x8000a4d6 (0x0000bfe5) c.j     pc - 8
core   0: 3 0x8000a4d6 (0xbfe5)
core   0: 0x8000a4ce (0x00006f17) auipc   t5, 0x6
core   0: 3 0x8000a4ce (0x00006f17) x30 0x800104ce
core   0: 0x8000a4d2 (0xb23f2923) sw      gp, -1230(t5)
core   0: 3 0x8000a4d2 (0xb23f2923) mem 0x80010000 0x00000001
core   0: 0x8000a4d6 (0x0000bfe5) c.j     pc - 8
core   0: 3 0x8000a4d6 (0xbfe5)
core   0: 0x8000a4ce (0x00006f17) auipc   t5, 0x6
core   0: 3 0x8000a4ce (0x00006f17) x30 0x800104ce
core   0: 0x8000a4d2 (0xb23f2923) sw      gp, -1230(t5)
core   0: 3 0x8000a4d2 (0xb23f2923) mem 0x80010000 0x00000001
core   0: 0x8000a4d6 (0x0000bfe5) c.j     pc - 8
core   0: 3 0x8000a4d6 (0xbfe5)
core   0: 0x8000a4ce (0x00006f17) auipc   t5, 0x6
core   0: 3 0x8000a4ce (0x00006f17) x30 0x800104ce
core   0: 0x8000a4d2 (0xb23f2923) sw      gp, -1230(t5)
core   0: 3 0x8000a4d2 (0xb23f2923) mem 0x80010000 0x00000001
core   0: 0x8000a4d6 (0x0000bfe5) c.j     pc - 8
core   0: 3 0x8000a4d6 (0xbfe5)
core   0: 0x8000a4ce (0x00006f17) auipc   t5, 0x6
core   0: 3 0x8000a4ce (0x00006f17) x30 0x800104ce
core   0: 0x8000a4d2 (0xb23f2923) sw      gp, -1230(t5)
core   0: 3 0x8000a4d2 (0xb23f2923) mem 0x80010000 0x00000001
core   0: 0x8000a4d6 (0x0000bfe5) c.j     pc - 8
core   0: 3 0x8000a4d6 (0xbfe5)
core   0: 0x8000a4ce (0x00006f17) auipc   t5, 0x6
core   0: 3 0x8000a4ce (0x00006f17) x30 0x800104ce
core   0: 0x8000a4d2 (0xb23f2923) sw      gp, -1230(t5)
core   0: 3 0x8000a4d2 (0xb23f2923) mem 0x80010000 0x00000001
core   0: 0x8000a4d6 (0x0000bfe5) c.j     pc - 8
core   0: 3 0x8000a4d6 (0xbfe5)
core   0: 0x8000a4ce (0x00006f17) auipc   t5, 0x6
core   0: 3 0x8000a4ce (0x00006f17) x30 0x800104ce
core   0: 0x8000a4d2 (0xb23f2923) sw      gp, -1230(t5)
core   0: 3 0x8000a4d2 (0xb23f2923) mem 0x80010000 0x00000001
core   0: 0x8000a4d6 (0x0000bfe5) c.j     pc - 8
core   0: 3 0x8000a4d6 (0xbfe5)
core   0: 0x8000a4ce (0x00006f17) auipc   t5, 0x6
core   0: 3 0x8000a4ce (0x00006f17) x30 0x800104ce
core   0: 0x8000a4d2 (0xb23f2923) sw      gp, -1230(t5)
core   0: 3 0x8000a4d2 (0xb23f2923) mem 0x80010000 0x00000001
core   0: 0x8000a4d6 (0x0000bfe5) c.j     pc - 8
core   0: 3 0x8000a4d6 (0xbfe5)
core   0: 0x8000a4ce (0x00006f17) auipc   t5, 0x6
core   0: 3 0x8000a4ce (0x00006f17) x30 0x800104ce
core   0: 0x8000a4d2 (0xb23f2923) sw      gp, -1230(t5)
core   0: 3 0x8000a4d2 (0xb23f2923) mem 0x80010000 0x00000001
core   0: 0x8000a4d6 (0x0000bfe5) c.j     pc - 8
core   0: 3 0x8000a4d6 (0xbfe5)
core   0: 0x8000a4ce (0x00006f17) auipc   t5, 0x6
core   0: 3 0x8000a4ce (0x00006f17) x30 0x800104ce
core   0: 0x8000a4d2 (0xb23f2923) sw      gp, -1230(t5)
core   0: 3 0x8000a4d2 (0xb23f2923) mem 0x80010000 0x00000001
core   0: 0x8000a4d6 (0x0000bfe5) c.j     pc - 8
core   0: 3 0x8000a4d6 (0xbfe5)
core   0: 0x8000a4ce (0x00006f17) auipc   t5, 0x6
core   0: 3 0x8000a4ce (0x00006f17) x30 0x800104ce
core   0: 0x8000a4d2 (0xb23f2923) sw      gp, -1230(t5)
core   0: 3 0x8000a4d2 (0xb23f2923) mem 0x80010000 0x00000001
core   0: 0x8000a4d6 (0x0000bfe5) c.j     pc - 8
core   0: 3 0x8000a4d6 (0xbfe5)
core   0: 0x8000a4ce (0x00006f17) auipc   t5, 0x6
core   0: 3 0x8000a4ce (0x00006f17) x30 0x800104ce
core   0: 0x8000a4d2 (0xb23f2923) sw      gp, -1230(t5)
core   0: 3 0x8000a4d2 (0xb23f2923) mem 0x80010000 0x00000001
core   0: 0x8000a4d6 (0x0000bfe5) c.j     pc - 8
core   0: 3 0x8000a4d6 (0xbfe5)
core   0: 0x8000a4ce (0x00006f17) auipc   t5, 0x6
core   0: 3 0x8000a4ce (0x00006f17) x30 0x800104ce
core   0: 0x8000a4d2 (0xb23f2923) sw      gp, -1230(t5)
core   0: 3 0x8000a4d2 (0xb23f2923) mem 0x80010000 0x00000001
core   0: 0x8000a4d6 (0x0000bfe5) c.j     pc - 8
core   0: 3 0x8000a4d6 (0xbfe5)
core   0: 0x8000a4ce (0x00006f17) auipc   t5, 0x6
core   0: 3 0x8000a4ce (0x00006f17) x30 0x800104ce
core   0: 0x8000a4d2 (0xb23f2923) sw      gp, -1230(t5)
core   0: 3 0x8000a4d2 (0xb23f2923) mem 0x80010000 0x00000001
core   0: 0x8000a4d6 (0x0000bfe5) c.j     pc - 8
core   0: 3 0x8000a4d6 (0xbfe5)
core   0: 0x8000a4ce (0x00006f17) auipc   t5, 0x6
core   0: 3 0x8000a4ce (0x00006f17) x30 0x800104ce
core   0: 0x8000a4d2 (0xb23f2923) sw      gp, -1230(t5)
core   0: 3 0x8000a4d2 (0xb23f2923) mem 0x80010000 0x00000001
core   0: 0x8000a4d6 (0x0000bfe5) c.j     pc - 8
core   0: 3 0x8000a4d6 (0xbfe5)
core   0: 0x8000a4ce (0x00006f17) auipc   t5, 0x6
core   0: 3 0x8000a4ce (0x00006f17) x30 0x800104ce
core   0: 0x8000a4d2 (0xb23f2923) sw      gp, -1230(t5)
core   0: 3 0x8000a4d2 (0xb23f2923) mem 0x80010000 0x00000001
core   0: 0x8000a4d6 (0x0000bfe5) c.j     pc - 8
core   0: 3 0x8000a4d6 (0xbfe5)
core   0: 0x8000a4ce (0x00006f17) auipc   t5, 0x6
core   0: 3 0x8000a4ce (0x00006f17) x30 0x800104ce
core   0: 0x8000a4d2 (0xb23f2923) sw      gp, -1230(t5)
core   0: 3 0x8000a4d2 (0xb23f2923) mem 0x80010000 0x00000001
core   0: 0x8000a4d6 (0x0000bfe5) c.j     pc - 8
core   0: 3 0x8000a4d6 (0xbfe5)
core   0: 0x8000a4ce (0x00006f17) auipc   t5, 0x6
core   0: 3 0x8000a4ce (0x00006f17) x30 0x800104ce
core   0: 0x8000a4d2 (0xb23f2923) sw      gp, -1230(t5)
core   0: 3 0x8000a4d2 (0xb23f2923) mem 0x80010000 0x00000001
core   0: 0x8000a4d6 (0x0000bfe5) c.j     pc - 8
core   0: 3 0x8000a4d6 (0xbfe5)
core   0: 0x8000a4ce (0x00006f17) auipc   t5, 0x6
core   0: 3 0x8000a4ce (0x00006f17) x30 0x800104ce
core   0: 0x8000a4d2 (0xb23f2923) sw      gp, -1230(t5)
core   0: 3 0x8000a4d2 (0xb23f2923) mem 0x80010000 0x00000001
core   0: 0x8000a4d6 (0x0000bfe5) c.j     pc - 8
core   0: 3 0x8000a4d6 (0xbfe5)
core   0: 0x8000a4ce (0x00006f17) auipc   t5, 0x6
core   0: 3 0x8000a4ce (0x00006f17) x30 0x800104ce
core   0: 0x8000a4d2 (0xb23f2923) sw      gp, -1230(t5)
core   0: 3 0x8000a4d2 (0xb23f2923) mem 0x80010000 0x00000001
core   0: 0x8000a4d6 (0x0000bfe5) c.j     pc - 8
core   0: 3 0x8000a4d6 (0xbfe5)
core   0: 0x8000a4ce (0x00006f17) auipc   t5, 0x6
core   0: 3 0x8000a4ce (0x00006f17) x30 0x800104ce
core   0: 0x8000a4d2 (0xb23f2923) sw      gp, -1230(t5)
core   0: 3 0x8000a4d2 (0xb23f2923) mem 0x80010000 0x00000001
core   0: 0x8000a4d6 (0x0000bfe5) c.j     pc - 8
core   0: 3 0x8000a4d6 (0xbfe5)
core   0: 0x8000a4ce (0x00006f17) auipc   t5, 0x6
core   0: 3 0x8000a4ce (0x00006f17) x30 0x800104ce
core   0: 0x8000a4d2 (0xb23f2923) sw      gp, -1230(t5)
core   0: 3 0x8000a4d2 (0xb23f2923) mem 0x80010000 0x00000001
core   0: 0x8000a4d6 (0x0000bfe5) c.j     pc - 8
core   0: 3 0x8000a4d6 (0xbfe5)
core   0: 0x8000a4ce (0x00006f17) auipc   t5, 0x6
core   0: 3 0x8000a4ce (0x00006f17) x30 0x800104ce
core   0: 0x8000a4d2 (0xb23f2923) sw      gp, -1230(t5)
core   0: 3 0x8000a4d2 (0xb23f2923) mem 0x80010000 0x00000001
core   0: 0x8000a4d6 (0x0000bfe5) c.j     pc - 8
core   0: 3 0x8000a4d6 (0xbfe5)
core   0: 0x8000a4ce (0x00006f17) auipc   t5, 0x6
core   0: 3 0x8000a4ce (0x00006f17) x30 0x800104ce
core   0: 0x8000a4d2 (0xb23f2923) sw      gp, -1230(t5)
core   0: 3 0x8000a4d2 (0xb23f2923) mem 0x80010000 0x00000001
core   0: 0x8000a4d6 (0x0000bfe5) c.j     pc - 8
core   0: 3 0x8000a4d6 (0xbfe5)
core   0: 0x8000a4ce (0x00006f17) auipc   t5, 0x6
core   0: 3 0x8000a4ce (0x00006f17) x30 0x800104ce
core   0: 0x8000a4d2 (0xb23f2923) sw      gp, -1230(t5)
core   0: 3 0x8000a4d2 (0xb23f2923) mem 0x80010000 0x00000001
core   0: 0x8000a4d6 (0x0000bfe5) c.j     pc - 8
core   0: 3 0x8000a4d6 (0xbfe5)
core   0: 0x8000a4ce (0x00006f17) auipc   t5, 0x6
core   0: 3 0x8000a4ce (0x00006f17) x30 0x800104ce
core   0: 0x8000a4d2 (0xb23f2923) sw      gp, -1230(t5)
core   0: 3 0x8000a4d2 (0xb23f2923) mem 0x80010000 0x00000001
core   0: 0x8000a4d6 (0x0000bfe5) c.j     pc - 8
core   0: 3 0x8000a4d6 (0xbfe5)
core   0: 0x8000a4ce (0x00006f17) auipc   t5, 0x6
core   0: 3 0x8000a4ce (0x00006f17) x30 0x800104ce
core   0: 0x8000a4d2 (0xb23f2923) sw      gp, -1230(t5)
core   0: 3 0x8000a4d2 (0xb23f2923) mem 0x80010000 0x00000001
core   0: 0x8000a4d6 (0x0000bfe5) c.j     pc - 8
core   0: 3 0x8000a4d6 (0xbfe5)
core   0: 0x8000a4ce (0x00006f17) auipc   t5, 0x6
core   0: 3 0x8000a4ce (0x00006f17) x30 0x800104ce
core   0: 0x8000a4d2 (0xb23f2923) sw      gp, -1230(t5)
core   0: 3 0x8000a4d2 (0xb23f2923) mem 0x80010000 0x00000001
core   0: 0x8000a4d6 (0x0000bfe5) c.j     pc - 8
core   0: 3 0x8000a4d6 (0xbfe5)
core   0: 0x8000a4ce (0x00006f17) auipc   t5, 0x6
core   0: 3 0x8000a4ce (0x00006f17) x30 0x800104ce
core   0: 0x8000a4d2 (0xb23f2923) sw      gp, -1230(t5)
core   0: 3 0x8000a4d2 (0xb23f2923) mem 0x80010000 0x00000001
core   0: 0x8000a4d6 (0x0000bfe5) c.j     pc - 8
core   0: 3 0x8000a4d6 (0xbfe5)
core   0: 0x8000a4ce (0x00006f17) auipc   t5, 0x6
core   0: 3 0x8000a4ce (0x00006f17) x30 0x800104ce
core   0: 0x8000a4d2 (0xb23f2923) sw      gp, -1230(t5)
core   0: 3 0x8000a4d2 (0xb23f2923) mem 0x80010000 0x00000001
core   0: 0x8000a4d6 (0x0000bfe5) c.j     pc - 8
core   0: 3 0x8000a4d6 (0xbfe5)
core   0: 0x8000a4ce (0x00006f17) auipc   t5, 0x6
core   0: 3 0x8000a4ce (0x00006f17) x30 0x800104ce
core   0: 0x8000a4d2 (0xb23f2923) sw      gp, -1230(t5)
core   0: 3 0x8000a4d2 (0xb23f2923) mem 0x80010000 0x00000001
core   0: 0x8000a4d6 (0x0000bfe5) c.j     pc - 8
core   0: 3 0x8000a4d6 (0xbfe5)
core   0: 0x8000a4ce (0x00006f17) auipc   t5, 0x6
core   0: 3 0x8000a4ce (0x00006f17) x30 0x800104ce
core   0: 0x8000a4d2 (0xb23f2923) sw      gp, -1230(t5)
core   0: 3 0x8000a4d2 (0xb23f2923) mem 0x80010000 0x00000001
core   0: 0x8000a4d6 (0x0000bfe5) c.j     pc - 8
core   0: 3 0x8000a4d6 (0xbfe5)
core   0: 0x8000a4ce (0x00006f17) auipc   t5, 0x6
core   0: 3 0x8000a4ce (0x00006f17) x30 0x800104ce
core   0: 0x8000a4d2 (0xb23f2923) sw      gp, -1230(t5)
core   0: 3 0x8000a4d2 (0xb23f2923) mem 0x80010000 0x00000001
core   0: 0x8000a4d6 (0x0000bfe5) c.j     pc - 8
core   0: 3 0x8000a4d6 (0xbfe5)
core   0: 0x8000a4ce (0x00006f17) auipc   t5, 0x6
core   0: 3 0x8000a4ce (0x00006f17) x30 0x800104ce
core   0: 0x8000a4d2 (0xb23f2923) sw      gp, -1230(t5)
core   0: 3 0x8000a4d2 (0xb23f2923) mem 0x80010000 0x00000001
core   0: 0x8000a4d6 (0x0000bfe5) c.j     pc - 8
core   0: 3 0x8000a4d6 (0xbfe5)
core   0: 0x8000a4ce (0x00006f17) auipc   t5, 0x6
core   0: 3 0x8000a4ce (0x00006f17) x30 0x800104ce
core   0: 0x8000a4d2 (0xb23f2923) sw      gp, -1230(t5)
core   0: 3 0x8000a4d2 (0xb23f2923) mem 0x80010000 0x00000001
core   0: 0x8000a4d6 (0x0000bfe5) c.j     pc - 8
core   0: 3 0x8000a4d6 (0xbfe5)
core   0: 0x8000a4ce (0x00006f17) auipc   t5, 0x6
core   0: 3 0x8000a4ce (0x00006f17) x30 0x800104ce
core   0: 0x8000a4d2 (0xb23f2923) sw      gp, -1230(t5)
core   0: 3 0x8000a4d2 (0xb23f2923) mem 0x80010000 0x00000001
core   0: 0x8000a4d6 (0x0000bfe5) c.j     pc - 8
core   0: 3 0x8000a4d6 (0xbfe5)
core   0: 0x8000a4ce (0x00006f17) auipc   t5, 0x6
core   0: 3 0x8000a4ce (0x00006f17) x30 0x800104ce
core   0: 0x8000a4d2 (0xb23f2923) sw      gp, -1230(t5)
core   0: 3 0x8000a4d2 (0xb23f2923) mem 0x80010000 0x00000001
core   0: 0x8000a4d6 (0x0000bfe5) c.j     pc - 8
core   0: 3 0x8000a4d6 (0xbfe5)
core   0: 0x8000a4ce (0x00006f17) auipc   t5, 0x6
core   0: 3 0x8000a4ce (0x00006f17) x30 0x800104ce
core   0: 0x8000a4d2 (0xb23f2923) sw      gp, -1230(t5)
core   0: 3 0x8000a4d2 (0xb23f2923) mem 0x80010000 0x00000001
core   0: 0x8000a4d6 (0x0000bfe5) c.j     pc - 8
core   0: 3 0x8000a4d6 (0xbfe5)
core   0: 0x8000a4ce (0x00006f17) auipc   t5, 0x6
core   0: 3 0x8000a4ce (0x00006f17) x30 0x800104ce
core   0: 0x8000a4d2 (0xb23f2923) sw      gp, -1230(t5)
core   0: 3 0x8000a4d2 (0xb23f2923) mem 0x80010000 0x00000001
core   0: 0x8000a4d6 (0x0000bfe5) c.j     pc - 8
core   0: 3 0x8000a4d6 (0xbfe5)
core   0: 0x8000a4ce (0x00006f17) auipc   t5, 0x6
core   0: 3 0x8000a4ce (0x00006f17) x30 0x800104ce
core   0: 0x8000a4d2 (0xb23f2923) sw      gp, -1230(t5)
core   0: 3 0x8000a4d2 (0xb23f2923) mem 0x80010000 0x00000001
core   0: 0x8000a4d6 (0x0000bfe5) c.j     pc - 8
core   0: 3 0x8000a4d6 (0xbfe5)
core   0: 0x8000a4ce (0x00006f17) auipc   t5, 0x6
core   0: 3 0x8000a4ce (0x00006f17) x30 0x800104ce
core   0: 0x8000a4d2 (0xb23f2923) sw      gp, -1230(t5)
core   0: 3 0x8000a4d2 (0xb23f2923) mem 0x80010000 0x00000001
core   0: 0x8000a4d6 (0x0000bfe5) c.j     pc - 8
core   0: 3 0x8000a4d6 (0xbfe5)
core   0: 0x8000a4ce (0x00006f17) auipc   t5, 0x6
core   0: 3 0x8000a4ce (0x00006f17) x30 0x800104ce
core   0: 0x8000a4d2 (0xb23f2923) sw      gp, -1230(t5)
core   0: 3 0x8000a4d2 (0xb23f2923) mem 0x80010000 0x00000001
core   0: 0x8000a4d6 (0x0000bfe5) c.j     pc - 8
core   0: 3 0x8000a4d6 (0xbfe5)
core   0: 0x8000a4ce (0x00006f17) auipc   t5, 0x6
core   0: 3 0x8000a4ce (0x00006f17) x30 0x800104ce
core   0: 0x8000a4d2 (0xb23f2923) sw      gp, -1230(t5)
core   0: 3 0x8000a4d2 (0xb23f2923) mem 0x80010000 0x00000001
core   0: 0x8000a4d6 (0x0000bfe5) c.j     pc - 8
core   0: 3 0x8000a4d6 (0xbfe5)
core   0: 0x8000a4ce (0x00006f17) auipc   t5, 0x6
core   0: 3 0x8000a4ce (0x00006f17) x30 0x800104ce
core   0: 0x8000a4d2 (0xb23f2923) sw      gp, -1230(t5)
core   0: 3 0x8000a4d2 (0xb23f2923) mem 0x80010000 0x00000001
core   0: 0x8000a4d6 (0x0000bfe5) c.j     pc - 8
core   0: 3 0x8000a4d6 (0xbfe5)
core   0: 0x8000a4ce (0x00006f17) auipc   t5, 0x6
core   0: 3 0x8000a4ce (0x00006f17) x30 0x800104ce
core   0: 0x8000a4d2 (0xb23f2923) sw      gp, -1230(t5)
core   0: 3 0x8000a4d2 (0xb23f2923) mem 0x80010000 0x00000001
core   0: 0x8000a4d6 (0x0000bfe5) c.j     pc - 8
core   0: 3 0x8000a4d6 (0xbfe5)
core   0: 0x8000a4ce (0x00006f17) auipc   t5, 0x6
core   0: 3 0x8000a4ce (0x00006f17) x30 0x800104ce
core   0: 0x8000a4d2 (0xb23f2923) sw      gp, -1230(t5)
core   0: 3 0x8000a4d2 (0xb23f2923) mem 0x80010000 0x00000001
core   0: 0x8000a4d6 (0x0000bfe5) c.j     pc - 8
core   0: 3 0x8000a4d6 (0xbfe5)
core   0: 0x8000a4ce (0x00006f17) auipc   t5, 0x6
core   0: 3 0x8000a4ce (0x00006f17) x30 0x800104ce
core   0: 0x8000a4d2 (0xb23f2923) sw      gp, -1230(t5)
core   0: 3 0x8000a4d2 (0xb23f2923) mem 0x80010000 0x00000001
core   0: 0x8000a4d6 (0x0000bfe5) c.j     pc - 8
core   0: 3 0x8000a4d6 (0xbfe5)
core   0: 0x8000a4ce (0x00006f17) auipc   t5, 0x6
core   0: 3 0x8000a4ce (0x00006f17) x30 0x800104ce
core   0: 0x8000a4d2 (0xb23f2923) sw      gp, -1230(t5)
core   0: 3 0x8000a4d2 (0xb23f2923) mem 0x80010000 0x00000001
core   0: 0x8000a4d6 (0x0000bfe5) c.j     pc - 8
core   0: 3 0x8000a4d6 (0xbfe5)
core   0: 0x8000a4ce (0x00006f17) auipc   t5, 0x6
core   0: 3 0x8000a4ce (0x00006f17) x30 0x800104ce
core   0: 0x8000a4d2 (0xb23f2923) sw      gp, -1230(t5)
core   0: 3 0x8000a4d2 (0xb23f2923) mem 0x80010000 0x00000001
core   0: 0x8000a4d6 (0x0000bfe5) c.j     pc - 8
core   0: 3 0x8000a4d6 (0xbfe5)
core   0: 0x8000a4ce (0x00006f17) auipc   t5, 0x6
core   0: 3 0x8000a4ce (0x00006f17) x30 0x800104ce
core   0: 0x8000a4d2 (0xb23f2923) sw      gp, -1230(t5)
core   0: 3 0x8000a4d2 (0xb23f2923) mem 0x80010000 0x00000001
core   0: 0x8000a4d6 (0x0000bfe5) c.j     pc - 8
core   0: 3 0x8000a4d6 (0xbfe5)
core   0: 0x8000a4ce (0x00006f17) auipc   t5, 0x6
core   0: 3 0x8000a4ce (0x00006f17) x30 0x800104ce
core   0: 0x8000a4d2 (0xb23f2923) sw      gp, -1230(t5)
core   0: 3 0x8000a4d2 (0xb23f2923) mem 0x80010000 0x00000001
core   0: 0x8000a4d6 (0x0000bfe5) c.j     pc - 8
core   0: 3 0x8000a4d6 (0xbfe5)
core   0: 0x8000a4ce (0x00006f17) auipc   t5, 0x6
core   0: 3 0x8000a4ce (0x00006f17) x30 0x800104ce
core   0: 0x8000a4d2 (0xb23f2923) sw      gp, -1230(t5)
core   0: 3 0x8000a4d2 (0xb23f2923) mem 0x80010000 0x00000001
core   0: 0x8000a4d6 (0x0000bfe5) c.j     pc - 8
core   0: 3 0x8000a4d6 (0xbfe5)
core   0: 0x8000a4ce (0x00006f17) auipc   t5, 0x6
core   0: 3 0x8000a4ce (0x00006f17) x30 0x800104ce
core   0: 0x8000a4d2 (0xb23f2923) sw      gp, -1230(t5)
core   0: 3 0x8000a4d2 (0xb23f2923) mem 0x80010000 0x00000001
core   0: 0x8000a4d6 (0x0000bfe5) c.j     pc - 8
core   0: 3 0x8000a4d6 (0xbfe5)
core   0: 0x8000a4ce (0x00006f17) auipc   t5, 0x6
core   0: 3 0x8000a4ce (0x00006f17) x30 0x800104ce
core   0: 0x8000a4d2 (0xb23f2923) sw      gp, -1230(t5)
core   0: 3 0x8000a4d2 (0xb23f2923) mem 0x80010000 0x00000001
core   0: 0x8000a4d6 (0x0000bfe5) c.j     pc - 8
core   0: 3 0x8000a4d6 (0xbfe5)
core   0: 0x8000a4ce (0x00006f17) auipc   t5, 0x6
core   0: 3 0x8000a4ce (0x00006f17) x30 0x800104ce
core   0: 0x8000a4d2 (0xb23f2923) sw      gp, -1230(t5)
core   0: 3 0x8000a4d2 (0xb23f2923) mem 0x80010000 0x00000001
core   0: 0x8000a4d6 (0x0000bfe5) c.j     pc - 8
core   0: 3 0x8000a4d6 (0xbfe5)
core   0: 0x8000a4ce (0x00006f17) auipc   t5, 0x6
core   0: 3 0x8000a4ce (0x00006f17) x30 0x800104ce
core   0: 0x8000a4d2 (0xb23f2923) sw      gp, -1230(t5)
core   0: 3 0x8000a4d2 (0xb23f2923) mem 0x80010000 0x00000001
core   0: 0x8000a4d6 (0x0000bfe5) c.j     pc - 8
core   0: 3 0x8000a4d6 (0xbfe5)
core   0: 0x8000a4ce (0x00006f17) auipc   t5, 0x6
core   0: 3 0x8000a4ce (0x00006f17) x30 0x800104ce
core   0: 0x8000a4d2 (0xb23f2923) sw      gp, -1230(t5)
core   0: 3 0x8000a4d2 (0xb23f2923) mem 0x80010000 0x00000001
core   0: 0x8000a4d6 (0x0000bfe5) c.j     pc - 8
core   0: 3 0x8000a4d6 (0xbfe5)
core   0: 0x8000a4ce (0x00006f17) auipc   t5, 0x6
core   0: 3 0x8000a4ce (0x00006f17) x30 0x800104ce
core   0: 0x8000a4d2 (0xb23f2923) sw      gp, -1230(t5)
core   0: 3 0x8000a4d2 (0xb23f2923) mem 0x80010000 0x00000001
core   0: 0x8000a4d6 (0x0000bfe5) c.j     pc - 8
core   0: 3 0x8000a4d6 (0xbfe5)
core   0: 0x8000a4ce (0x00006f17) auipc   t5, 0x6
core   0: 3 0x8000a4ce (0x00006f17) x30 0x800104ce
core   0: 0x8000a4d2 (0xb23f2923) sw      gp, -1230(t5)
core   0: 3 0x8000a4d2 (0xb23f2923) mem 0x80010000 0x00000001
core   0: 0x8000a4d6 (0x0000bfe5) c.j     pc - 8
core   0: 3 0x8000a4d6 (0xbfe5)
core   0: 0x8000a4ce (0x00006f17) auipc   t5, 0x6
core   0: 3 0x8000a4ce (0x00006f17) x30 0x800104ce
core   0: 0x8000a4d2 (0xb23f2923) sw      gp, -1230(t5)
core   0: 3 0x8000a4d2 (0xb23f2923) mem 0x80010000 0x00000001
core   0: 0x8000a4d6 (0x0000bfe5) c.j     pc - 8
core   0: 3 0x8000a4d6 (0xbfe5)
core   0: 0x8000a4ce (0x00006f17) auipc   t5, 0x6
core   0: 3 0x8000a4ce (0x00006f17) x30 0x800104ce
core   0: 0x8000a4d2 (0xb23f2923) sw      gp, -1230(t5)
core   0: 3 0x8000a4d2 (0xb23f2923) mem 0x80010000 0x00000001
core   0: 0x8000a4d6 (0x0000bfe5) c.j     pc - 8
core   0: 3 0x8000a4d6 (0xbfe5)
core   0: 0x8000a4ce (0x00006f17) auipc   t5, 0x6
core   0: 3 0x8000a4ce (0x00006f17) x30 0x800104ce
core   0: 0x8000a4d2 (0xb23f2923) sw      gp, -1230(t5)
core   0: 3 0x8000a4d2 (0xb23f2923) mem 0x80010000 0x00000001
core   0: 0x8000a4d6 (0x0000bfe5) c.j     pc - 8
core   0: 3 0x8000a4d6 (0xbfe5)
core   0: 0x8000a4ce (0x00006f17) auipc   t5, 0x6
core   0: 3 0x8000a4ce (0x00006f17) x30 0x800104ce
core   0: 0x8000a4d2 (0xb23f2923) sw      gp, -1230(t5)
core   0: 3 0x8000a4d2 (0xb23f2923) mem 0x80010000 0x00000001
core   0: 0x8000a4d6 (0x0000bfe5) c.j     pc - 8
core   0: 3 0x8000a4d6 (0xbfe5)
core   0: 0x8000a4ce (0x00006f17) auipc   t5, 0x6
core   0: 3 0x8000a4ce (0x00006f17) x30 0x800104ce
core   0: 0x8000a4d2 (0xb23f2923) sw      gp, -1230(t5)
core   0: 3 0x8000a4d2 (0xb23f2923) mem 0x80010000 0x00000001
core   0: 0x8000a4d6 (0x0000bfe5) c.j     pc - 8
core   0: 3 0x8000a4d6 (0xbfe5)
core   0: 0x8000a4ce (0x00006f17) auipc   t5, 0x6
core   0: 3 0x8000a4ce (0x00006f17) x30 0x800104ce
core   0: 0x8000a4d2 (0xb23f2923) sw      gp, -1230(t5)
core   0: 3 0x8000a4d2 (0xb23f2923) mem 0x80010000 0x00000001
core   0: 0x8000a4d6 (0x0000bfe5) c.j     pc - 8
core   0: 3 0x8000a4d6 (0xbfe5)
core   0: 0x8000a4ce (0x00006f17) auipc   t5, 0x6
core   0: 3 0x8000a4ce (0x00006f17) x30 0x800104ce
core   0: 0x8000a4d2 (0xb23f2923) sw      gp, -1230(t5)
core   0: 3 0x8000a4d2 (0xb23f2923) mem 0x80010000 0x00000001
core   0: 0x8000a4d6 (0x0000bfe5) c.j     pc - 8
core   0: 3 0x8000a4d6 (0xbfe5)
core   0: 0x8000a4ce (0x00006f17) auipc   t5, 0x6
core   0: 3 0x8000a4ce (0x00006f17) x30 0x800104ce
core   0: 0x8000a4d2 (0xb23f2923) sw      gp, -1230(t5)
core   0: 3 0x8000a4d2 (0xb23f2923) mem 0x80010000 0x00000001
core   0: 0x8000a4d6 (0x0000bfe5) c.j     pc - 8
core   0: 3 0x8000a4d6 (0xbfe5)
core   0: 0x8000a4ce (0x00006f17) auipc   t5, 0x6
core   0: 3 0x8000a4ce (0x00006f17) x30 0x800104ce
core   0: 0x8000a4d2 (0xb23f2923) sw      gp, -1230(t5)
core   0: 3 0x8000a4d2 (0xb23f2923) mem 0x80010000 0x00000001
core   0: 0x8000a4d6 (0x0000bfe5) c.j     pc - 8
core   0: 3 0x8000a4d6 (0xbfe5)
core   0: 0x8000a4ce (0x00006f17) auipc   t5, 0x6
core   0: 3 0x8000a4ce (0x00006f17) x30 0x800104ce
core   0: 0x8000a4d2 (0xb23f2923) sw      gp, -1230(t5)
core   0: 3 0x8000a4d2 (0xb23f2923) mem 0x80010000 0x00000001
core   0: 0x8000a4d6 (0x0000bfe5) c.j     pc - 8
core   0: 3 0x8000a4d6 (0xbfe5)
core   0: 0x8000a4ce (0x00006f17) auipc   t5, 0x6
core   0: 3 0x8000a4ce (0x00006f17) x30 0x800104ce
core   0: 0x8000a4d2 (0xb23f2923) sw      gp, -1230(t5)
core   0: 3 0x8000a4d2 (0xb23f2923) mem 0x80010000 0x00000001
core   0: 0x8000a4d6 (0x0000bfe5) c.j     pc - 8
core   0: 3 0x8000a4d6 (0xbfe5)
core   0: 0x8000a4ce (0x00006f17) auipc   t5, 0x6
core   0: 3 0x8000a4ce (0x00006f17) x30 0x800104ce
core   0: 0x8000a4d2 (0xb23f2923) sw      gp, -1230(t5)
core   0: 3 0x8000a4d2 (0xb23f2923) mem 0x80010000 0x00000001
core   0: 0x8000a4d6 (0x0000bfe5) c.j     pc - 8
core   0: 3 0x8000a4d6 (0xbfe5)
core   0: 0x8000a4ce (0x00006f17) auipc   t5, 0x6
core   0: 3 0x8000a4ce (0x00006f17) x30 0x800104ce
core   0: 0x8000a4d2 (0xb23f2923) sw      gp, -1230(t5)
core   0: 3 0x8000a4d2 (0xb23f2923) mem 0x80010000 0x00000001
core   0: 0x8000a4d6 (0x0000bfe5) c.j     pc - 8
core   0: 3 0x8000a4d6 (0xbfe5)
core   0: 0x8000a4ce (0x00006f17) auipc   t5, 0x6
core   0: 3 0x8000a4ce (0x00006f17) x30 0x800104ce
core   0: 0x8000a4d2 (0xb23f2923) sw      gp, -1230(t5)
core   0: 3 0x8000a4d2 (0xb23f2923) mem 0x80010000 0x00000001
core   0: 0x8000a4d6 (0x0000bfe5) c.j     pc - 8
core   0: 3 0x8000a4d6 (0xbfe5)
core   0: 0x8000a4ce (0x00006f17) auipc   t5, 0x6
core   0: 3 0x8000a4ce (0x00006f17) x30 0x800104ce
core   0: 0x8000a4d2 (0xb23f2923) sw      gp, -1230(t5)
core   0: 3 0x8000a4d2 (0xb23f2923) mem 0x80010000 0x00000001
core   0: 0x8000a4d6 (0x0000bfe5) c.j     pc - 8
core   0: 3 0x8000a4d6 (0xbfe5)
core   0: 0x8000a4ce (0x00006f17) auipc   t5, 0x6
core   0: 3 0x8000a4ce (0x00006f17) x30 0x800104ce
core   0: 0x8000a4d2 (0xb23f2923) sw      gp, -1230(t5)
core   0: 3 0x8000a4d2 (0xb23f2923) mem 0x80010000 0x00000001
core   0: 0x8000a4d6 (0x0000bfe5) c.j     pc - 8
core   0: 3 0x8000a4d6 (0xbfe5)
core   0: 0x8000a4ce (0x00006f17) auipc   t5, 0x6
core   0: 3 0x8000a4ce (0x00006f17) x30 0x800104ce
core   0: 0x8000a4d2 (0xb23f2923) sw      gp, -1230(t5)
core   0: 3 0x8000a4d2 (0xb23f2923) mem 0x80010000 0x00000001
core   0: 0x8000a4d6 (0x0000bfe5) c.j     pc - 8
core   0: 3 0x8000a4d6 (0xbfe5)
core   0: 0x8000a4ce (0x00006f17) auipc   t5, 0x6
core   0: 3 0x8000a4ce (0x00006f17) x30 0x800104ce
core   0: 0x8000a4d2 (0xb23f2923) sw      gp, -1230(t5)
core   0: 3 0x8000a4d2 (0xb23f2923) mem 0x80010000 0x00000001
core   0: 0x8000a4d6 (0x0000bfe5) c.j     pc - 8
core   0: 3 0x8000a4d6 (0xbfe5)
core   0: 0x8000a4ce (0x00006f17) auipc   t5, 0x6
core   0: 3 0x8000a4ce (0x00006f17) x30 0x800104ce
core   0: 0x8000a4d2 (0xb23f2923) sw      gp, -1230(t5)
core   0: 3 0x8000a4d2 (0xb23f2923) mem 0x80010000 0x00000001
core   0: 0x8000a4d6 (0x0000bfe5) c.j     pc - 8
core   0: 3 0x8000a4d6 (0xbfe5)
core   0: 0x8000a4ce (0x00006f17) auipc   t5, 0x6
core   0: 3 0x8000a4ce (0x00006f17) x30 0x800104ce
core   0: 0x8000a4d2 (0xb23f2923) sw      gp, -1230(t5)
core   0: 3 0x8000a4d2 (0xb23f2923) mem 0x80010000 0x00000001
core   0: 0x8000a4d6 (0x0000bfe5) c.j     pc - 8
core   0: 3 0x8000a4d6 (0xbfe5)
core   0: 0x8000a4ce (0x00006f17) auipc   t5, 0x6
core   0: 3 0x8000a4ce (0x00006f17) x30 0x800104ce
core   0: 0x8000a4d2 (0xb23f2923) sw      gp, -1230(t5)
core   0: 3 0x8000a4d2 (0xb23f2923) mem 0x80010000 0x00000001
core   0: 0x8000a4d6 (0x0000bfe5) c.j     pc - 8
core   0: 3 0x8000a4d6 (0xbfe5)
core   0: 0x8000a4ce (0x00006f17) auipc   t5, 0x6
core   0: 3 0x8000a4ce (0x00006f17) x30 0x800104ce
core   0: 0x8000a4d2 (0xb23f2923) sw      gp, -1230(t5)
core   0: 3 0x8000a4d2 (0xb23f2923) mem 0x80010000 0x00000001
core   0: 0x8000a4d6 (0x0000bfe5) c.j     pc - 8
core   0: 3 0x8000a4d6 (0xbfe5)
core   0: 0x8000a4ce (0x00006f17) auipc   t5, 0x6
core   0: 3 0x8000a4ce (0x00006f17) x30 0x800104ce
core   0: 0x8000a4d2 (0xb23f2923) sw      gp, -1230(t5)
core   0: 3 0x8000a4d2 (0xb23f2923) mem 0x80010000 0x00000001
core   0: 0x8000a4d6 (0x0000bfe5) c.j     pc - 8
core   0: 3 0x8000a4d6 (0xbfe5)
core   0: 0x8000a4ce (0x00006f17) auipc   t5, 0x6
core   0: 3 0x8000a4ce (0x00006f17) x30 0x800104ce
core   0: 0x8000a4d2 (0xb23f2923) sw      gp, -1230(t5)
core   0: 3 0x8000a4d2 (0xb23f2923) mem 0x80010000 0x00000001
core   0: 0x8000a4d6 (0x0000bfe5) c.j     pc - 8
core   0: 3 0x8000a4d6 (0xbfe5)
core   0: 0x8000a4ce (0x00006f17) auipc   t5, 0x6
core   0: 3 0x8000a4ce (0x00006f17) x30 0x800104ce
core   0: 0x8000a4d2 (0xb23f2923) sw      gp, -1230(t5)
core   0: 3 0x8000a4d2 (0xb23f2923) mem 0x80010000 0x00000001
core   0: 0x8000a4d6 (0x0000bfe5) c.j     pc - 8
core   0: 3 0x8000a4d6 (0xbfe5)
core   0: 0x8000a4ce (0x00006f17) auipc   t5, 0x6
core   0: 3 0x8000a4ce (0x00006f17) x30 0x800104ce
core   0: 0x8000a4d2 (0xb23f2923) sw      gp, -1230(t5)
core   0: 3 0x8000a4d2 (0xb23f2923) mem 0x80010000 0x00000001
core   0: 0x8000a4d6 (0x0000bfe5) c.j     pc - 8
core   0: 3 0x8000a4d6 (0xbfe5)
core   0: 0x8000a4ce (0x00006f17) auipc   t5, 0x6
core   0: 3 0x8000a4ce (0x00006f17) x30 0x800104ce
core   0: 0x8000a4d2 (0xb23f2923) sw      gp, -1230(t5)
core   0: 3 0x8000a4d2 (0xb23f2923) mem 0x80010000 0x00000001
core   0: 0x8000a4d6 (0x0000bfe5) c.j     pc - 8
core   0: 3 0x8000a4d6 (0xbfe5)
core   0: 0x8000a4ce (0x00006f17) auipc   t5, 0x6
core   0: 3 0x8000a4ce (0x00006f17) x30 0x800104ce
core   0: 0x8000a4d2 (0xb23f2923) sw      gp, -1230(t5)
core   0: 3 0x8000a4d2 (0xb23f2923) mem 0x80010000 0x00000001
core   0: 0x8000a4d6 (0x0000bfe5) c.j     pc - 8
core   0: 3 0x8000a4d6 (0xbfe5)
core   0: 0x8000a4ce (0x00006f17) auipc   t5, 0x6
core   0: 3 0x8000a4ce (0x00006f17) x30 0x800104ce
core   0: 0x8000a4d2 (0xb23f2923) sw      gp, -1230(t5)
core   0: 3 0x8000a4d2 (0xb23f2923) mem 0x80010000 0x00000001
core   0: 0x8000a4d6 (0x0000bfe5) c.j     pc - 8
core   0: 3 0x8000a4d6 (0xbfe5)
core   0: 0x8000a4ce (0x00006f17) auipc   t5, 0x6
core   0: 3 0x8000a4ce (0x00006f17) x30 0x800104ce
core   0: 0x8000a4d2 (0xb23f2923) sw      gp, -1230(t5)
core   0: 3 0x8000a4d2 (0xb23f2923) mem 0x80010000 0x00000001
core   0: 0x8000a4d6 (0x0000bfe5) c.j     pc - 8
core   0: 3 0x8000a4d6 (0xbfe5)
core   0: 0x8000a4ce (0x00006f17) auipc   t5, 0x6
core   0: 3 0x8000a4ce (0x00006f17) x30 0x800104ce
core   0: 0x8000a4d2 (0xb23f2923) sw      gp, -1230(t5)
core   0: 3 0x8000a4d2 (0xb23f2923) mem 0x80010000 0x00000001
core   0: 0x8000a4d6 (0x0000bfe5) c.j     pc - 8
core   0: 3 0x8000a4d6 (0xbfe5)
core   0: 0x8000a4ce (0x00006f17) auipc   t5, 0x6
core   0: 3 0x8000a4ce (0x00006f17) x30 0x800104ce
core   0: 0x8000a4d2 (0xb23f2923) sw      gp, -1230(t5)
core   0: 3 0x8000a4d2 (0xb23f2923) mem 0x80010000 0x00000001
core   0: 0x8000a4d6 (0x0000bfe5) c.j     pc - 8
core   0: 3 0x8000a4d6 (0xbfe5)
core   0: 0x8000a4ce (0x00006f17) auipc   t5, 0x6
core   0: 3 0x8000a4ce (0x00006f17) x30 0x800104ce
core   0: 0x8000a4d2 (0xb23f2923) sw      gp, -1230(t5)
core   0: 3 0x8000a4d2 (0xb23f2923) mem 0x80010000 0x00000001
core   0: 0x8000a4d6 (0x0000bfe5) c.j     pc - 8
core   0: 3 0x8000a4d6 (0xbfe5)
core   0: 0x8000a4ce (0x00006f17) auipc   t5, 0x6
core   0: 3 0x8000a4ce (0x00006f17) x30 0x800104ce
core   0: 0x8000a4d2 (0xb23f2923) sw      gp, -1230(t5)
core   0: 3 0x8000a4d2 (0xb23f2923) mem 0x80010000 0x00000001
core   0: 0x8000a4d6 (0x0000bfe5) c.j     pc - 8
core   0: 3 0x8000a4d6 (0xbfe5)
core   0: 0x8000a4ce (0x00006f17) auipc   t5, 0x6
core   0: 3 0x8000a4ce (0x00006f17) x30 0x800104ce
core   0: 0x8000a4d2 (0xb23f2923) sw      gp, -1230(t5)
core   0: 3 0x8000a4d2 (0xb23f2923) mem 0x80010000 0x00000001
core   0: 0x8000a4d6 (0x0000bfe5) c.j     pc - 8
core   0: 3 0x8000a4d6 (0xbfe5)
core   0: 0x8000a4ce (0x00006f17) auipc   t5, 0x6
core   0: 3 0x8000a4ce (0x00006f17) x30 0x800104ce
core   0: 0x8000a4d2 (0xb23f2923) sw      gp, -1230(t5)
core   0: 3 0x8000a4d2 (0xb23f2923) mem 0x80010000 0x00000001
core   0: 0x8000a4d6 (0x0000bfe5) c.j     pc - 8
core   0: 3 0x8000a4d6 (0xbfe5)
core   0: 0x8000a4ce (0x00006f17) auipc   t5, 0x6
core   0: 3 0x8000a4ce (0x00006f17) x30 0x800104ce
core   0: 0x8000a4d2 (0xb23f2923) sw      gp, -1230(t5)
core   0: 3 0x8000a4d2 (0xb23f2923) mem 0x80010000 0x00000001
core   0: 0x8000a4d6 (0x0000bfe5) c.j     pc - 8
core   0: 3 0x8000a4d6 (0xbfe5)
core   0: 0x8000a4ce (0x00006f17) auipc   t5, 0x6
core   0: 3 0x8000a4ce (0x00006f17) x30 0x800104ce
core   0: 0x8000a4d2 (0xb23f2923) sw      gp, -1230(t5)
core   0: 3 0x8000a4d2 (0xb23f2923) mem 0x80010000 0x00000001
core   0: 0x8000a4d6 (0x0000bfe5) c.j     pc - 8
core   0: 3 0x8000a4d6 (0xbfe5)
core   0: 0x8000a4ce (0x00006f17) auipc   t5, 0x6
core   0: 3 0x8000a4ce (0x00006f17) x30 0x800104ce
core   0: 0x8000a4d2 (0xb23f2923) sw      gp, -1230(t5)
core   0: 3 0x8000a4d2 (0xb23f2923) mem 0x80010000 0x00000001
core   0: 0x8000a4d6 (0x0000bfe5) c.j     pc - 8
core   0: 3 0x8000a4d6 (0xbfe5)
core   0: 0x8000a4ce (0x00006f17) auipc   t5, 0x6
core   0: 3 0x8000a4ce (0x00006f17) x30 0x800104ce
core   0: 0x8000a4d2 (0xb23f2923) sw      gp, -1230(t5)
core   0: 3 0x8000a4d2 (0xb23f2923) mem 0x80010000 0x00000001
core   0: 0x8000a4d6 (0x0000bfe5) c.j     pc - 8
core   0: 3 0x8000a4d6 (0xbfe5)
core   0: 0x8000a4ce (0x00006f17) auipc   t5, 0x6
core   0: 3 0x8000a4ce (0x00006f17) x30 0x800104ce
core   0: 0x8000a4d2 (0xb23f2923) sw      gp, -1230(t5)
core   0: 3 0x8000a4d2 (0xb23f2923) mem 0x80010000 0x00000001
core   0: 0x8000a4d6 (0x0000bfe5) c.j     pc - 8
core   0: 3 0x8000a4d6 (0xbfe5)
core   0: 0x8000a4ce (0x00006f17) auipc   t5, 0x6
core   0: 3 0x8000a4ce (0x00006f17) x30 0x800104ce
core   0: 0x8000a4d2 (0xb23f2923) sw      gp, -1230(t5)
core   0: 3 0x8000a4d2 (0xb23f2923) mem 0x80010000 0x00000001
core   0: 0x8000a4d6 (0x0000bfe5) c.j     pc - 8
core   0: 3 0x8000a4d6 (0xbfe5)
core   0: 0x8000a4ce (0x00006f17) auipc   t5, 0x6
core   0: 3 0x8000a4ce (0x00006f17) x30 0x800104ce
core   0: 0x8000a4d2 (0xb23f2923) sw      gp, -1230(t5)
core   0: 3 0x8000a4d2 (0xb23f2923) mem 0x80010000 0x00000001
core   0: 0x8000a4d6 (0x0000bfe5) c.j     pc - 8
core   0: 3 0x8000a4d6 (0xbfe5)
core   0: 0x8000a4ce (0x00006f17) auipc   t5, 0x6
core   0: 3 0x8000a4ce (0x00006f17) x30 0x800104ce
core   0: 0x8000a4d2 (0xb23f2923) sw      gp, -1230(t5)
core   0: 3 0x8000a4d2 (0xb23f2923) mem 0x80010000 0x00000001
core   0: 0x8000a4d6 (0x0000bfe5) c.j     pc - 8
core   0: 3 0x8000a4d6 (0xbfe5)
core   0: 0x8000a4ce (0x00006f17) auipc   t5, 0x6
core   0: 3 0x8000a4ce (0x00006f17) x30 0x800104ce
core   0: 0x8000a4d2 (0xb23f2923) sw      gp, -1230(t5)
core   0: 3 0x8000a4d2 (0xb23f2923) mem 0x80010000 0x00000001
core   0: 0x8000a4d6 (0x0000bfe5) c.j     pc - 8
core   0: 3 0x8000a4d6 (0xbfe5)
core   0: 0x8000a4ce (0x00006f17) auipc   t5, 0x6
core   0: 3 0x8000a4ce (0x00006f17) x30 0x800104ce
core   0: 0x8000a4d2 (0xb23f2923) sw      gp, -1230(t5)
core   0: 3 0x8000a4d2 (0xb23f2923) mem 0x80010000 0x00000001
core   0: 0x8000a4d6 (0x0000bfe5) c.j     pc - 8
core   0: 3 0x8000a4d6 (0xbfe5)
core   0: 0x8000a4ce (0x00006f17) auipc   t5, 0x6
core   0: 3 0x8000a4ce (0x00006f17) x30 0x800104ce
core   0: 0x8000a4d2 (0xb23f2923) sw      gp, -1230(t5)
core   0: 3 0x8000a4d2 (0xb23f2923) mem 0x80010000 0x00000001
core   0: 0x8000a4d6 (0x0000bfe5) c.j     pc - 8
core   0: 3 0x8000a4d6 (0xbfe5)
core   0: 0x8000a4ce (0x00006f17) auipc   t5, 0x6
core   0: 3 0x8000a4ce (0x00006f17) x30 0x800104ce
core   0: 0x8000a4d2 (0xb23f2923) sw      gp, -1230(t5)
core   0: 3 0x8000a4d2 (0xb23f2923) mem 0x80010000 0x00000001
core   0: 0x8000a4d6 (0x0000bfe5) c.j     pc - 8
core   0: 3 0x8000a4d6 (0xbfe5)
core   0: 0x8000a4ce (0x00006f17) auipc   t5, 0x6
core   0: 3 0x8000a4ce (0x00006f17) x30 0x800104ce
core   0: 0x8000a4d2 (0xb23f2923) sw      gp, -1230(t5)
core   0: 3 0x8000a4d2 (0xb23f2923) mem 0x80010000 0x00000001
core   0: 0x8000a4d6 (0x0000bfe5) c.j     pc - 8
core   0: 3 0x8000a4d6 (0xbfe5)
core   0: 0x8000a4ce (0x00006f17) auipc   t5, 0x6
core   0: 3 0x8000a4ce (0x00006f17) x30 0x800104ce
core   0: 0x8000a4d2 (0xb23f2923) sw      gp, -1230(t5)
core   0: 3 0x8000a4d2 (0xb23f2923) mem 0x80010000 0x00000001
core   0: 0x8000a4d6 (0x0000bfe5) c.j     pc - 8
core   0: 3 0x8000a4d6 (0xbfe5)
core   0: 0x8000a4ce (0x00006f17) auipc   t5, 0x6
core   0: 3 0x8000a4ce (0x00006f17) x30 0x800104ce
core   0: 0x8000a4d2 (0xb23f2923) sw      gp, -1230(t5)
core   0: 3 0x8000a4d2 (0xb23f2923) mem 0x80010000 0x00000001
core   0: 0x8000a4d6 (0x0000bfe5) c.j     pc - 8
core   0: 3 0x8000a4d6 (0xbfe5)
core   0: 0x8000a4ce (0x00006f17) auipc   t5, 0x6
core   0: 3 0x8000a4ce (0x00006f17) x30 0x800104ce
core   0: 0x8000a4d2 (0xb23f2923) sw      gp, -1230(t5)
core   0: 3 0x8000a4d2 (0xb23f2923) mem 0x80010000 0x00000001
core   0: 0x8000a4d6 (0x0000bfe5) c.j     pc - 8
core   0: 3 0x8000a4d6 (0xbfe5)
core   0: 0x8000a4ce (0x00006f17) auipc   t5, 0x6
core   0: 3 0x8000a4ce (0x00006f17) x30 0x800104ce
core   0: 0x8000a4d2 (0xb23f2923) sw      gp, -1230(t5)
core   0: 3 0x8000a4d2 (0xb23f2923) mem 0x80010000 0x00000001
core   0: 0x8000a4d6 (0x0000bfe5) c.j     pc - 8
core   0: 3 0x8000a4d6 (0xbfe5)
core   0: 0x8000a4ce (0x00006f17) auipc   t5, 0x6
core   0: 3 0x8000a4ce (0x00006f17) x30 0x800104ce
core   0: 0x8000a4d2 (0xb23f2923) sw      gp, -1230(t5)
core   0: 3 0x8000a4d2 (0xb23f2923) mem 0x80010000 0x00000001
core   0: 0x8000a4d6 (0x0000bfe5) c.j     pc - 8
core   0: 3 0x8000a4d6 (0xbfe5)
core   0: 0x8000a4ce (0x00006f17) auipc   t5, 0x6
core   0: 3 0x8000a4ce (0x00006f17) x30 0x800104ce
core   0: 0x8000a4d2 (0xb23f2923) sw      gp, -1230(t5)
core   0: 3 0x8000a4d2 (0xb23f2923) mem 0x80010000 0x00000001
core   0: 0x8000a4d6 (0x0000bfe5) c.j     pc - 8
core   0: 3 0x8000a4d6 (0xbfe5)
core   0: 0x8000a4ce (0x00006f17) auipc   t5, 0x6
core   0: 3 0x8000a4ce (0x00006f17) x30 0x800104ce
core   0: 0x8000a4d2 (0xb23f2923) sw      gp, -1230(t5)
core   0: 3 0x8000a4d2 (0xb23f2923) mem 0x80010000 0x00000001
core   0: 0x8000a4d6 (0x0000bfe5) c.j     pc - 8
core   0: 3 0x8000a4d6 (0xbfe5)
core   0: 0x8000a4ce (0x00006f17) auipc   t5, 0x6
core   0: 3 0x8000a4ce (0x00006f17) x30 0x800104ce
core   0: 0x8000a4d2 (0xb23f2923) sw      gp, -1230(t5)
core   0: 3 0x8000a4d2 (0xb23f2923) mem 0x80010000 0x00000001
core   0: 0x8000a4d6 (0x0000bfe5) c.j     pc - 8
core   0: 3 0x8000a4d6 (0xbfe5)
core   0: 0x8000a4ce (0x00006f17) auipc   t5, 0x6
core   0: 3 0x8000a4ce (0x00006f17) x30 0x800104ce
core   0: 0x8000a4d2 (0xb23f2923) sw      gp, -1230(t5)
core   0: 3 0x8000a4d2 (0xb23f2923) mem 0x80010000 0x00000001
core   0: 0x8000a4d6 (0x0000bfe5) c.j     pc - 8
core   0: 3 0x8000a4d6 (0xbfe5)
core   0: 0x8000a4ce (0x00006f17) auipc   t5, 0x6
core   0: 3 0x8000a4ce (0x00006f17) x30 0x800104ce
core   0: 0x8000a4d2 (0xb23f2923) sw      gp, -1230(t5)
core   0: 3 0x8000a4d2 (0xb23f2923) mem 0x80010000 0x00000001
core   0: 0x8000a4d6 (0x0000bfe5) c.j     pc - 8
core   0: 3 0x8000a4d6 (0xbfe5)
core   0: 0x8000a4ce (0x00006f17) auipc   t5, 0x6
core   0: 3 0x8000a4ce (0x00006f17) x30 0x800104ce
core   0: 0x8000a4d2 (0xb23f2923) sw      gp, -1230(t5)
core   0: 3 0x8000a4d2 (0xb23f2923) mem 0x80010000 0x00000001
core   0: 0x8000a4d6 (0x0000bfe5) c.j     pc - 8
core   0: 3 0x8000a4d6 (0xbfe5)
core   0: 0x8000a4ce (0x00006f17) auipc   t5, 0x6
core   0: 3 0x8000a4ce (0x00006f17) x30 0x800104ce
core   0: 0x8000a4d2 (0xb23f2923) sw      gp, -1230(t5)
core   0: 3 0x8000a4d2 (0xb23f2923) mem 0x80010000 0x00000001
core   0: 0x8000a4d6 (0x0000bfe5) c.j     pc - 8
core   0: 3 0x8000a4d6 (0xbfe5)
core   0: 0x8000a4ce (0x00006f17) auipc   t5, 0x6
core   0: 3 0x8000a4ce (0x00006f17) x30 0x800104ce
core   0: 0x8000a4d2 (0xb23f2923) sw      gp, -1230(t5)
core   0: 3 0x8000a4d2 (0xb23f2923) mem 0x80010000 0x00000001
core   0: 0x8000a4d6 (0x0000bfe5) c.j     pc - 8
core   0: 3 0x8000a4d6 (0xbfe5)
core   0: 0x8000a4ce (0x00006f17) auipc   t5, 0x6
core   0: 3 0x8000a4ce (0x00006f17) x30 0x800104ce
core   0: 0x8000a4d2 (0xb23f2923) sw      gp, -1230(t5)
core   0: 3 0x8000a4d2 (0xb23f2923) mem 0x80010000 0x00000001
core   0: 0x8000a4d6 (0x0000bfe5) c.j     pc - 8
core   0: 3 0x8000a4d6 (0xbfe5)
core   0: 0x8000a4ce (0x00006f17) auipc   t5, 0x6
core   0: 3 0x8000a4ce (0x00006f17) x30 0x800104ce
core   0: 0x8000a4d2 (0xb23f2923) sw      gp, -1230(t5)
core   0: 3 0x8000a4d2 (0xb23f2923) mem 0x80010000 0x00000001
core   0: 0x8000a4d6 (0x0000bfe5) c.j     pc - 8
core   0: 3 0x8000a4d6 (0xbfe5)
core   0: 0x8000a4ce (0x00006f17) auipc   t5, 0x6
core   0: 3 0x8000a4ce (0x00006f17) x30 0x800104ce
core   0: 0x8000a4d2 (0xb23f2923) sw      gp, -1230(t5)
core   0: 3 0x8000a4d2 (0xb23f2923) mem 0x80010000 0x00000001
core   0: 0x8000a4d6 (0x0000bfe5) c.j     pc - 8
core   0: 3 0x8000a4d6 (0xbfe5)
core   0: 0x8000a4ce (0x00006f17) auipc   t5, 0x6
core   0: 3 0x8000a4ce (0x00006f17) x30 0x800104ce
core   0: 0x8000a4d2 (0xb23f2923) sw      gp, -1230(t5)
core   0: 3 0x8000a4d2 (0xb23f2923) mem 0x80010000 0x00000001
core   0: 0x8000a4d6 (0x0000bfe5) c.j     pc - 8
core   0: 3 0x8000a4d6 (0xbfe5)
core   0: 0x8000a4ce (0x00006f17) auipc   t5, 0x6
core   0: 3 0x8000a4ce (0x00006f17) x30 0x800104ce
core   0: 0x8000a4d2 (0xb23f2923) sw      gp, -1230(t5)
core   0: 3 0x8000a4d2 (0xb23f2923) mem 0x80010000 0x00000001
core   0: 0x8000a4d6 (0x0000bfe5) c.j     pc - 8
core   0: 3 0x8000a4d6 (0xbfe5)
core   0: 0x8000a4ce (0x00006f17) auipc   t5, 0x6
core   0: 3 0x8000a4ce (0x00006f17) x30 0x800104ce
core   0: 0x8000a4d2 (0xb23f2923) sw      gp, -1230(t5)
core   0: 3 0x8000a4d2 (0xb23f2923) mem 0x80010000 0x00000001
core   0: 0x8000a4d6 (0x0000bfe5) c.j     pc - 8
core   0: 3 0x8000a4d6 (0xbfe5)
core   0: 0x8000a4ce (0x00006f17) auipc   t5, 0x6
core   0: 3 0x8000a4ce (0x00006f17) x30 0x800104ce
core   0: 0x8000a4d2 (0xb23f2923) sw      gp, -1230(t5)
core   0: 3 0x8000a4d2 (0xb23f2923) mem 0x80010000 0x00000001
core   0: 0x8000a4d6 (0x0000bfe5) c.j     pc - 8
core   0: 3 0x8000a4d6 (0xbfe5)
core   0: 0x8000a4ce (0x00006f17) auipc   t5, 0x6
core   0: 3 0x8000a4ce (0x00006f17) x30 0x800104ce
core   0: 0x8000a4d2 (0xb23f2923) sw      gp, -1230(t5)
core   0: 3 0x8000a4d2 (0xb23f2923) mem 0x80010000 0x00000001
core   0: 0x8000a4d6 (0x0000bfe5) c.j     pc - 8
core   0: 3 0x8000a4d6 (0xbfe5)
core   0: 0x8000a4ce (0x00006f17) auipc   t5, 0x6
core   0: 3 0x8000a4ce (0x00006f17) x30 0x800104ce
core   0: 0x8000a4d2 (0xb23f2923) sw      gp, -1230(t5)
core   0: 3 0x8000a4d2 (0xb23f2923) mem 0x80010000 0x00000001
core   0: 0x8000a4d6 (0x0000bfe5) c.j     pc - 8
core   0: 3 0x8000a4d6 (0xbfe5)
core   0: 0x8000a4ce (0x00006f17) auipc   t5, 0x6
core   0: 3 0x8000a4ce (0x00006f17) x30 0x800104ce
core   0: 0x8000a4d2 (0xb23f2923) sw      gp, -1230(t5)
core   0: 3 0x8000a4d2 (0xb23f2923) mem 0x80010000 0x00000001
core   0: 0x8000a4d6 (0x0000bfe5) c.j     pc - 8
core   0: 3 0x8000a4d6 (0xbfe5)
core   0: 0x8000a4ce (0x00006f17) auipc   t5, 0x6
core   0: 3 0x8000a4ce (0x00006f17) x30 0x800104ce
core   0: 0x8000a4d2 (0xb23f2923) sw      gp, -1230(t5)
core   0: 3 0x8000a4d2 (0xb23f2923) mem 0x80010000 0x00000001
core   0: 0x8000a4d6 (0x0000bfe5) c.j     pc - 8
core   0: 3 0x8000a4d6 (0xbfe5)
core   0: 0x8000a4ce (0x00006f17) auipc   t5, 0x6
core   0: 3 0x8000a4ce (0x00006f17) x30 0x800104ce
core   0: 0x8000a4d2 (0xb23f2923) sw      gp, -1230(t5)
core   0: 3 0x8000a4d2 (0xb23f2923) mem 0x80010000 0x00000001
core   0: 0x8000a4d6 (0x0000bfe5) c.j     pc - 8
core   0: 3 0x8000a4d6 (0xbfe5)
core   0: 0x8000a4ce (0x00006f17) auipc   t5, 0x6
core   0: 3 0x8000a4ce (0x00006f17) x30 0x800104ce
core   0: 0x8000a4d2 (0xb23f2923) sw      gp, -1230(t5)
core   0: 3 0x8000a4d2 (0xb23f2923) mem 0x80010000 0x00000001
core   0: 0x8000a4d6 (0x0000bfe5) c.j     pc - 8
core   0: 3 0x8000a4d6 (0xbfe5)
core   0: 0x8000a4ce (0x00006f17) auipc   t5, 0x6
core   0: 3 0x8000a4ce (0x00006f17) x30 0x800104ce
core   0: 0x8000a4d2 (0xb23f2923) sw      gp, -1230(t5)
core   0: 3 0x8000a4d2 (0xb23f2923) mem 0x80010000 0x00000001
core   0: 0x8000a4d6 (0x0000bfe5) c.j     pc - 8
core   0: 3 0x8000a4d6 (0xbfe5)
core   0: 0x8000a4ce (0x00006f17) auipc   t5, 0x6
core   0: 3 0x8000a4ce (0x00006f17) x30 0x800104ce
core   0: 0x8000a4d2 (0xb23f2923) sw      gp, -1230(t5)
core   0: 3 0x8000a4d2 (0xb23f2923) mem 0x80010000 0x00000001
core   0: 0x8000a4d6 (0x0000bfe5) c.j     pc - 8
core   0: 3 0x8000a4d6 (0xbfe5)
core   0: 0x8000a4ce (0x00006f17) auipc   t5, 0x6
core   0: 3 0x8000a4ce (0x00006f17) x30 0x800104ce
core   0: 0x8000a4d2 (0xb23f2923) sw      gp, -1230(t5)
core   0: 3 0x8000a4d2 (0xb23f2923) mem 0x80010000 0x00000001
core   0: 0x8000a4d6 (0x0000bfe5) c.j     pc - 8
core   0: 3 0x8000a4d6 (0xbfe5)
core   0: 0x8000a4ce (0x00006f17) auipc   t5, 0x6
core   0: 3 0x8000a4ce (0x00006f17) x30 0x800104ce
core   0: 0x8000a4d2 (0xb23f2923) sw      gp, -1230(t5)
core   0: 3 0x8000a4d2 (0xb23f2923) mem 0x80010000 0x00000001
core   0: 0x8000a4d6 (0x0000bfe5) c.j     pc - 8
core   0: 3 0x8000a4d6 (0xbfe5)
core   0: 0x8000a4ce (0x00006f17) auipc   t5, 0x6
core   0: 3 0x8000a4ce (0x00006f17) x30 0x800104ce
core   0: 0x8000a4d2 (0xb23f2923) sw      gp, -1230(t5)
core   0: 3 0x8000a4d2 (0xb23f2923) mem 0x80010000 0x00000001
core   0: 0x8000a4d6 (0x0000bfe5) c.j     pc - 8
core   0: 3 0x8000a4d6 (0xbfe5)
core   0: 0x8000a4ce (0x00006f17) auipc   t5, 0x6
core   0: 3 0x8000a4ce (0x00006f17) x30 0x800104ce
core   0: 0x8000a4d2 (0xb23f2923) sw      gp, -1230(t5)
core   0: 3 0x8000a4d2 (0xb23f2923) mem 0x80010000 0x00000001
core   0: 0x8000a4d6 (0x0000bfe5) c.j     pc - 8
core   0: 3 0x8000a4d6 (0xbfe5)
core   0: 0x8000a4ce (0x00006f17) auipc   t5, 0x6
core   0: 3 0x8000a4ce (0x00006f17) x30 0x800104ce
core   0: 0x8000a4d2 (0xb23f2923) sw      gp, -1230(t5)
core   0: 3 0x8000a4d2 (0xb23f2923) mem 0x80010000 0x00000001
core   0: 0x8000a4d6 (0x0000bfe5) c.j     pc - 8
core   0: 3 0x8000a4d6 (0xbfe5)
core   0: 0x8000a4ce (0x00006f17) auipc   t5, 0x6
core   0: 3 0x8000a4ce (0x00006f17) x30 0x800104ce
core   0: 0x8000a4d2 (0xb23f2923) sw      gp, -1230(t5)
core   0: 3 0x8000a4d2 (0xb23f2923) mem 0x80010000 0x00000001
core   0: 0x8000a4d6 (0x0000bfe5) c.j     pc - 8
core   0: 3 0x8000a4d6 (0xbfe5)
core   0: 0x8000a4ce (0x00006f17) auipc   t5, 0x6
core   0: 3 0x8000a4ce (0x00006f17) x30 0x800104ce
core   0: 0x8000a4d2 (0xb23f2923) sw      gp, -1230(t5)
core   0: 3 0x8000a4d2 (0xb23f2923) mem 0x80010000 0x00000001
core   0: 0x8000a4d6 (0x0000bfe5) c.j     pc - 8
core   0: 3 0x8000a4d6 (0xbfe5)
core   0: 0x8000a4ce (0x00006f17) auipc   t5, 0x6
core   0: 3 0x8000a4ce (0x00006f17) x30 0x800104ce
core   0: 0x8000a4d2 (0xb23f2923) sw      gp, -1230(t5)
core   0: 3 0x8000a4d2 (0xb23f2923) mem 0x80010000 0x00000001
core   0: 0x8000a4d6 (0x0000bfe5) c.j     pc - 8
core   0: 3 0x8000a4d6 (0xbfe5)
core   0: 0x8000a4ce (0x00006f17) auipc   t5, 0x6
core   0: 3 0x8000a4ce (0x00006f17) x30 0x800104ce
core   0: 0x8000a4d2 (0xb23f2923) sw      gp, -1230(t5)
core   0: 3 0x8000a4d2 (0xb23f2923) mem 0x80010000 0x00000001
core   0: 0x8000a4d6 (0x0000bfe5) c.j     pc - 8
core   0: 3 0x8000a4d6 (0xbfe5)
core   0: 0x8000a4ce (0x00006f17) auipc   t5, 0x6
core   0: 3 0x8000a4ce (0x00006f17) x30 0x800104ce
core   0: 0x8000a4d2 (0xb23f2923) sw      gp, -1230(t5)
core   0: 3 0x8000a4d2 (0xb23f2923) mem 0x80010000 0x00000001
core   0: 0x8000a4d6 (0x0000bfe5) c.j     pc - 8
core   0: 3 0x8000a4d6 (0xbfe5)
core   0: 0x8000a4ce (0x00006f17) auipc   t5, 0x6
core   0: 3 0x8000a4ce (0x00006f17) x30 0x800104ce
core   0: 0x8000a4d2 (0xb23f2923) sw      gp, -1230(t5)
core   0: 3 0x8000a4d2 (0xb23f2923) mem 0x80010000 0x00000001
core   0: 0x8000a4d6 (0x0000bfe5) c.j     pc - 8
core   0: 3 0x8000a4d6 (0xbfe5)
core   0: 0x8000a4ce (0x00006f17) auipc   t5, 0x6
core   0: 3 0x8000a4ce (0x00006f17) x30 0x800104ce
core   0: 0x8000a4d2 (0xb23f2923) sw      gp, -1230(t5)
core   0: 3 0x8000a4d2 (0xb23f2923) mem 0x80010000 0x00000001
core   0: 0x8000a4d6 (0x0000bfe5) c.j     pc - 8
core   0: 3 0x8000a4d6 (0xbfe5)
core   0: 0x8000a4ce (0x00006f17) auipc   t5, 0x6
core   0: 3 0x8000a4ce (0x00006f17) x30 0x800104ce
core   0: 0x8000a4d2 (0xb23f2923) sw      gp, -1230(t5)
core   0: 3 0x8000a4d2 (0xb23f2923) mem 0x80010000 0x00000001
core   0: 0x8000a4d6 (0x0000bfe5) c.j     pc - 8
core   0: 3 0x8000a4d6 (0xbfe5)
core   0: 0x8000a4ce (0x00006f17) auipc   t5, 0x6
core   0: 3 0x8000a4ce (0x00006f17) x30 0x800104ce
core   0: 0x8000a4d2 (0xb23f2923) sw      gp, -1230(t5)
core   0: 3 0x8000a4d2 (0xb23f2923) mem 0x80010000 0x00000001
core   0: 0x8000a4d6 (0x0000bfe5) c.j     pc - 8
core   0: 3 0x8000a4d6 (0xbfe5)
core   0: 0x8000a4ce (0x00006f17) auipc   t5, 0x6
core   0: 3 0x8000a4ce (0x00006f17) x30 0x800104ce
core   0: 0x8000a4d2 (0xb23f2923) sw      gp, -1230(t5)
core   0: 3 0x8000a4d2 (0xb23f2923) mem 0x80010000 0x00000001
core   0: 0x8000a4d6 (0x0000bfe5) c.j     pc - 8
core   0: 3 0x8000a4d6 (0xbfe5)
core   0: 0x8000a4ce (0x00006f17) auipc   t5, 0x6
core   0: 3 0x8000a4ce (0x00006f17) x30 0x800104ce
core   0: 0x8000a4d2 (0xb23f2923) sw      gp, -1230(t5)
core   0: 3 0x8000a4d2 (0xb23f2923) mem 0x80010000 0x00000001
core   0: 0x8000a4d6 (0x0000bfe5) c.j     pc - 8
core   0: 3 0x8000a4d6 (0xbfe5)
core   0: 0x8000a4ce (0x00006f17) auipc   t5, 0x6
core   0: 3 0x8000a4ce (0x00006f17) x30 0x800104ce
core   0: 0x8000a4d2 (0xb23f2923) sw      gp, -1230(t5)
core   0: 3 0x8000a4d2 (0xb23f2923) mem 0x80010000 0x00000001
core   0: 0x8000a4d6 (0x0000bfe5) c.j     pc - 8
core   0: 3 0x8000a4d6 (0xbfe5)
core   0: 0x8000a4ce (0x00006f17) auipc   t5, 0x6
core   0: 3 0x8000a4ce (0x00006f17) x30 0x800104ce
core   0: 0x8000a4d2 (0xb23f2923) sw      gp, -1230(t5)
core   0: 3 0x8000a4d2 (0xb23f2923) mem 0x80010000 0x00000001
core   0: 0x8000a4d6 (0x0000bfe5) c.j     pc - 8
core   0: 3 0x8000a4d6 (0xbfe5)
core   0: 0x8000a4ce (0x00006f17) auipc   t5, 0x6
core   0: 3 0x8000a4ce (0x00006f17) x30 0x800104ce
core   0: 0x8000a4d2 (0xb23f2923) sw      gp, -1230(t5)
core   0: 3 0x8000a4d2 (0xb23f2923) mem 0x80010000 0x00000001
core   0: 0x8000a4d6 (0x0000bfe5) c.j     pc - 8
core   0: 3 0x8000a4d6 (0xbfe5)
core   0: 0x8000a4ce (0x00006f17) auipc   t5, 0x6
core   0: 3 0x8000a4ce (0x00006f17) x30 0x800104ce
core   0: 0x8000a4d2 (0xb23f2923) sw      gp, -1230(t5)
core   0: 3 0x8000a4d2 (0xb23f2923) mem 0x80010000 0x00000001
core   0: 0x8000a4d6 (0x0000bfe5) c.j     pc - 8
core   0: 3 0x8000a4d6 (0xbfe5)
core   0: 0x8000a4ce (0x00006f17) auipc   t5, 0x6
core   0: 3 0x8000a4ce (0x00006f17) x30 0x800104ce
core   0: 0x8000a4d2 (0xb23f2923) sw      gp, -1230(t5)
core   0: 3 0x8000a4d2 (0xb23f2923) mem 0x80010000 0x00000001
core   0: 0x8000a4d6 (0x0000bfe5) c.j     pc - 8
core   0: 3 0x8000a4d6 (0xbfe5)
core   0: 0x8000a4ce (0x00006f17) auipc   t5, 0x6
core   0: 3 0x8000a4ce (0x00006f17) x30 0x800104ce
core   0: 0x8000a4d2 (0xb23f2923) sw      gp, -1230(t5)
core   0: 3 0x8000a4d2 (0xb23f2923) mem 0x80010000 0x00000001
core   0: 0x8000a4d6 (0x0000bfe5) c.j     pc - 8
core   0: 3 0x8000a4d6 (0xbfe5)
core   0: 0x8000a4ce (0x00006f17) auipc   t5, 0x6
core   0: 3 0x8000a4ce (0x00006f17) x30 0x800104ce
core   0: 0x8000a4d2 (0xb23f2923) sw      gp, -1230(t5)
core   0: 3 0x8000a4d2 (0xb23f2923) mem 0x80010000 0x00000001
core   0: 0x8000a4d6 (0x0000bfe5) c.j     pc - 8
core   0: 3 0x8000a4d6 (0xbfe5)
core   0: 0x8000a4ce (0x00006f17) auipc   t5, 0x6
core   0: 3 0x8000a4ce (0x00006f17) x30 0x800104ce
core   0: 0x8000a4d2 (0xb23f2923) sw      gp, -1230(t5)
core   0: 3 0x8000a4d2 (0xb23f2923) mem 0x80010000 0x00000001
core   0: 0x8000a4d6 (0x0000bfe5) c.j     pc - 8
core   0: 3 0x8000a4d6 (0xbfe5)
core   0: 0x8000a4ce (0x00006f17) auipc   t5, 0x6
core   0: 3 0x8000a4ce (0x00006f17) x30 0x800104ce
core   0: 0x8000a4d2 (0xb23f2923) sw      gp, -1230(t5)
core   0: 3 0x8000a4d2 (0xb23f2923) mem 0x80010000 0x00000001
core   0: 0x8000a4d6 (0x0000bfe5) c.j     pc - 8
core   0: 3 0x8000a4d6 (0xbfe5)
core   0: 0x8000a4ce (0x00006f17) auipc   t5, 0x6
core   0: 3 0x8000a4ce (0x00006f17) x30 0x800104ce
core   0: 0x8000a4d2 (0xb23f2923) sw      gp, -1230(t5)
core   0: 3 0x8000a4d2 (0xb23f2923) mem 0x80010000 0x00000001
core   0: 0x8000a4d6 (0x0000bfe5) c.j     pc - 8
core   0: 3 0x8000a4d6 (0xbfe5)
core   0: 0x8000a4ce (0x00006f17) auipc   t5, 0x6
core   0: 3 0x8000a4ce (0x00006f17) x30 0x800104ce
core   0: 0x8000a4d2 (0xb23f2923) sw      gp, -1230(t5)
core   0: 3 0x8000a4d2 (0xb23f2923) mem 0x80010000 0x00000001
core   0: 0x8000a4d6 (0x0000bfe5) c.j     pc - 8
core   0: 3 0x8000a4d6 (0xbfe5)
core   0: 0x8000a4ce (0x00006f17) auipc   t5, 0x6
core   0: 3 0x8000a4ce (0x00006f17) x30 0x800104ce
core   0: 0x8000a4d2 (0xb23f2923) sw      gp, -1230(t5)
core   0: 3 0x8000a4d2 (0xb23f2923) mem 0x80010000 0x00000001
core   0: 0x8000a4d6 (0x0000bfe5) c.j     pc - 8
core   0: 3 0x8000a4d6 (0xbfe5)
core   0: 0x8000a4ce (0x00006f17) auipc   t5, 0x6
core   0: 3 0x8000a4ce (0x00006f17) x30 0x800104ce
core   0: 0x8000a4d2 (0xb23f2923) sw      gp, -1230(t5)
core   0: 3 0x8000a4d2 (0xb23f2923) mem 0x80010000 0x00000001
core   0: 0x8000a4d6 (0x0000bfe5) c.j     pc - 8
core   0: 3 0x8000a4d6 (0xbfe5)
core   0: 0x8000a4ce (0x00006f17) auipc   t5, 0x6
core   0: 3 0x8000a4ce (0x00006f17) x30 0x800104ce
core   0: 0x8000a4d2 (0xb23f2923) sw      gp, -1230(t5)
core   0: 3 0x8000a4d2 (0xb23f2923) mem 0x80010000 0x00000001
core   0: 0x8000a4d6 (0x0000bfe5) c.j     pc - 8
core   0: 3 0x8000a4d6 (0xbfe5)
core   0: 0x8000a4ce (0x00006f17) auipc   t5, 0x6
core   0: 3 0x8000a4ce (0x00006f17) x30 0x800104ce
core   0: 0x8000a4d2 (0xb23f2923) sw      gp, -1230(t5)
core   0: 3 0x8000a4d2 (0xb23f2923) mem 0x80010000 0x00000001
core   0: 0x8000a4d6 (0x0000bfe5) c.j     pc - 8
core   0: 3 0x8000a4d6 (0xbfe5)
core   0: 0x8000a4ce (0x00006f17) auipc   t5, 0x6
core   0: 3 0x8000a4ce (0x00006f17) x30 0x800104ce
core   0: 0x8000a4d2 (0xb23f2923) sw      gp, -1230(t5)
core   0: 3 0x8000a4d2 (0xb23f2923) mem 0x80010000 0x00000001
core   0: 0x8000a4d6 (0x0000bfe5) c.j     pc - 8
core   0: 3 0x8000a4d6 (0xbfe5)
core   0: 0x8000a4ce (0x00006f17) auipc   t5, 0x6
core   0: 3 0x8000a4ce (0x00006f17) x30 0x800104ce
core   0: 0x8000a4d2 (0xb23f2923) sw      gp, -1230(t5)
core   0: 3 0x8000a4d2 (0xb23f2923) mem 0x80010000 0x00000001
core   0: 0x8000a4d6 (0x0000bfe5) c.j     pc - 8
core   0: 3 0x8000a4d6 (0xbfe5)
core   0: 0x8000a4ce (0x00006f17) auipc   t5, 0x6
core   0: 3 0x8000a4ce (0x00006f17) x30 0x800104ce
core   0: 0x8000a4d2 (0xb23f2923) sw      gp, -1230(t5)
core   0: 3 0x8000a4d2 (0xb23f2923) mem 0x80010000 0x00000001
core   0: 0x8000a4d6 (0x0000bfe5) c.j     pc - 8
core   0: 3 0x8000a4d6 (0xbfe5)
core   0: 0x8000a4ce (0x00006f17) auipc   t5, 0x6
core   0: 3 0x8000a4ce (0x00006f17) x30 0x800104ce
core   0: 0x8000a4d2 (0xb23f2923) sw      gp, -1230(t5)
core   0: 3 0x8000a4d2 (0xb23f2923) mem 0x80010000 0x00000001
core   0: 0x8000a4d6 (0x0000bfe5) c.j     pc - 8
core   0: 3 0x8000a4d6 (0xbfe5)
core   0: 0x8000a4ce (0x00006f17) auipc   t5, 0x6
core   0: 3 0x8000a4ce (0x00006f17) x30 0x800104ce
core   0: 0x8000a4d2 (0xb23f2923) sw      gp, -1230(t5)
core   0: 3 0x8000a4d2 (0xb23f2923) mem 0x80010000 0x00000001
core   0: 0x8000a4d6 (0x0000bfe5) c.j     pc - 8
core   0: 3 0x8000a4d6 (0xbfe5)
core   0: 0x8000a4ce (0x00006f17) auipc   t5, 0x6
core   0: 3 0x8000a4ce (0x00006f17) x30 0x800104ce
core   0: 0x8000a4d2 (0xb23f2923) sw      gp, -1230(t5)
core   0: 3 0x8000a4d2 (0xb23f2923) mem 0x80010000 0x00000001
core   0: 0x8000a4d6 (0x0000bfe5) c.j     pc - 8
core   0: 3 0x8000a4d6 (0xbfe5)
core   0: 0x8000a4ce (0x00006f17) auipc   t5, 0x6
core   0: 3 0x8000a4ce (0x00006f17) x30 0x800104ce
core   0: 0x8000a4d2 (0xb23f2923) sw      gp, -1230(t5)
core   0: 3 0x8000a4d2 (0xb23f2923) mem 0x80010000 0x00000001
core   0: 0x8000a4d6 (0x0000bfe5) c.j     pc - 8
core   0: 3 0x8000a4d6 (0xbfe5)
core   0: 0x8000a4ce (0x00006f17) auipc   t5, 0x6
core   0: 3 0x8000a4ce (0x00006f17) x30 0x800104ce
core   0: 0x8000a4d2 (0xb23f2923) sw      gp, -1230(t5)
core   0: 3 0x8000a4d2 (0xb23f2923) mem 0x80010000 0x00000001
core   0: 0x8000a4d6 (0x0000bfe5) c.j     pc - 8
core   0: 3 0x8000a4d6 (0xbfe5)
core   0: 0x8000a4ce (0x00006f17) auipc   t5, 0x6
core   0: 3 0x8000a4ce (0x00006f17) x30 0x800104ce
core   0: 0x8000a4d2 (0xb23f2923) sw      gp, -1230(t5)
core   0: 3 0x8000a4d2 (0xb23f2923) mem 0x80010000 0x00000001
core   0: 0x8000a4d6 (0x0000bfe5) c.j     pc - 8
core   0: 3 0x8000a4d6 (0xbfe5)
core   0: 0x8000a4ce (0x00006f17) auipc   t5, 0x6
core   0: 3 0x8000a4ce (0x00006f17) x30 0x800104ce
core   0: 0x8000a4d2 (0xb23f2923) sw      gp, -1230(t5)
core   0: 3 0x8000a4d2 (0xb23f2923) mem 0x80010000 0x00000001
core   0: 0x8000a4d6 (0x0000bfe5) c.j     pc - 8
core   0: 3 0x8000a4d6 (0xbfe5)
core   0: 0x8000a4ce (0x00006f17) auipc   t5, 0x6
core   0: 3 0x8000a4ce (0x00006f17) x30 0x800104ce
core   0: 0x8000a4d2 (0xb23f2923) sw      gp, -1230(t5)
core   0: 3 0x8000a4d2 (0xb23f2923) mem 0x80010000 0x00000001
core   0: 0x8000a4d6 (0x0000bfe5) c.j     pc - 8
core   0: 3 0x8000a4d6 (0xbfe5)
core   0: 0x8000a4ce (0x00006f17) auipc   t5, 0x6
core   0: 3 0x8000a4ce (0x00006f17) x30 0x800104ce
core   0: 0x8000a4d2 (0xb23f2923) sw      gp, -1230(t5)
core   0: 3 0x8000a4d2 (0xb23f2923) mem 0x80010000 0x00000001
core   0: 0x8000a4d6 (0x0000bfe5) c.j     pc - 8
core   0: 3 0x8000a4d6 (0xbfe5)
core   0: 0x8000a4ce (0x00006f17) auipc   t5, 0x6
core   0: 3 0x8000a4ce (0x00006f17) x30 0x800104ce
core   0: 0x8000a4d2 (0xb23f2923) sw      gp, -1230(t5)
core   0: 3 0x8000a4d2 (0xb23f2923) mem 0x80010000 0x00000001
core   0: 0x8000a4d6 (0x0000bfe5) c.j     pc - 8
core   0: 3 0x8000a4d6 (0xbfe5)
core   0: 0x8000a4ce (0x00006f17) auipc   t5, 0x6
core   0: 3 0x8000a4ce (0x00006f17) x30 0x800104ce
core   0: 0x8000a4d2 (0xb23f2923) sw      gp, -1230(t5)
core   0: 3 0x8000a4d2 (0xb23f2923) mem 0x80010000 0x00000001
core   0: 0x8000a4d6 (0x0000bfe5) c.j     pc - 8
core   0: 3 0x8000a4d6 (0xbfe5)
core   0: 0x8000a4ce (0x00006f17) auipc   t5, 0x6
core   0: 3 0x8000a4ce (0x00006f17) x30 0x800104ce
core   0: 0x8000a4d2 (0xb23f2923) sw      gp, -1230(t5)
core   0: 3 0x8000a4d2 (0xb23f2923) mem 0x80010000 0x00000001
core   0: 0x8000a4d6 (0x0000bfe5) c.j     pc - 8
core   0: 3 0x8000a4d6 (0xbfe5)
core   0: 0x8000a4ce (0x00006f17) auipc   t5, 0x6
core   0: 3 0x8000a4ce (0x00006f17) x30 0x800104ce
core   0: 0x8000a4d2 (0xb23f2923) sw      gp, -1230(t5)
core   0: 3 0x8000a4d2 (0xb23f2923) mem 0x80010000 0x00000001
core   0: 0x8000a4d6 (0x0000bfe5) c.j     pc - 8
core   0: 3 0x8000a4d6 (0xbfe5)
core   0: 0x8000a4ce (0x00006f17) auipc   t5, 0x6
core   0: 3 0x8000a4ce (0x00006f17) x30 0x800104ce
core   0: 0x8000a4d2 (0xb23f2923) sw      gp, -1230(t5)
core   0: 3 0x8000a4d2 (0xb23f2923) mem 0x80010000 0x00000001
core   0: 0x8000a4d6 (0x0000bfe5) c.j     pc - 8
core   0: 3 0x8000a4d6 (0xbfe5)
core   0: 0x8000a4ce (0x00006f17) auipc   t5, 0x6
core   0: 3 0x8000a4ce (0x00006f17) x30 0x800104ce
core   0: 0x8000a4d2 (0xb23f2923) sw      gp, -1230(t5)
core   0: 3 0x8000a4d2 (0xb23f2923) mem 0x80010000 0x00000001
core   0: 0x8000a4d6 (0x0000bfe5) c.j     pc - 8
core   0: 3 0x8000a4d6 (0xbfe5)
core   0: 0x8000a4ce (0x00006f17) auipc   t5, 0x6
core   0: 3 0x8000a4ce (0x00006f17) x30 0x800104ce
core   0: 0x8000a4d2 (0xb23f2923) sw      gp, -1230(t5)
core   0: 3 0x8000a4d2 (0xb23f2923) mem 0x80010000 0x00000001
core   0: 0x8000a4d6 (0x0000bfe5) c.j     pc - 8
core   0: 3 0x8000a4d6 (0xbfe5)
core   0: 0x8000a4ce (0x00006f17) auipc   t5, 0x6
core   0: 3 0x8000a4ce (0x00006f17) x30 0x800104ce
core   0: 0x8000a4d2 (0xb23f2923) sw      gp, -1230(t5)
core   0: 3 0x8000a4d2 (0xb23f2923) mem 0x80010000 0x00000001
core   0: 0x8000a4d6 (0x0000bfe5) c.j     pc - 8
core   0: 3 0x8000a4d6 (0xbfe5)
core   0: 0x8000a4ce (0x00006f17) auipc   t5, 0x6
core   0: 3 0x8000a4ce (0x00006f17) x30 0x800104ce
core   0: 0x8000a4d2 (0xb23f2923) sw      gp, -1230(t5)
core   0: 3 0x8000a4d2 (0xb23f2923) mem 0x80010000 0x00000001
core   0: 0x8000a4d6 (0x0000bfe5) c.j     pc - 8
core   0: 3 0x8000a4d6 (0xbfe5)
core   0: 0x8000a4ce (0x00006f17) auipc   t5, 0x6
core   0: 3 0x8000a4ce (0x00006f17) x30 0x800104ce
core   0: 0x8000a4d2 (0xb23f2923) sw      gp, -1230(t5)
core   0: 3 0x8000a4d2 (0xb23f2923) mem 0x80010000 0x00000001
core   0: 0x8000a4d6 (0x0000bfe5) c.j     pc - 8
core   0: 3 0x8000a4d6 (0xbfe5)
core   0: 0x8000a4ce (0x00006f17) auipc   t5, 0x6
core   0: 3 0x8000a4ce (0x00006f17) x30 0x800104ce
core   0: 0x8000a4d2 (0xb23f2923) sw      gp, -1230(t5)
core   0: 3 0x8000a4d2 (0xb23f2923) mem 0x80010000 0x00000001
core   0: 0x8000a4d6 (0x0000bfe5) c.j     pc - 8
core   0: 3 0x8000a4d6 (0xbfe5)
core   0: 0x8000a4ce (0x00006f17) auipc   t5, 0x6
core   0: 3 0x8000a4ce (0x00006f17) x30 0x800104ce
core   0: 0x8000a4d2 (0xb23f2923) sw      gp, -1230(t5)
core   0: 3 0x8000a4d2 (0xb23f2923) mem 0x80010000 0x00000001
core   0: 0x8000a4d6 (0x0000bfe5) c.j     pc - 8
core   0: 3 0x8000a4d6 (0xbfe5)
core   0: 0x8000a4ce (0x00006f17) auipc   t5, 0x6
core   0: 3 0x8000a4ce (0x00006f17) x30 0x800104ce
core   0: 0x8000a4d2 (0xb23f2923) sw      gp, -1230(t5)
core   0: 3 0x8000a4d2 (0xb23f2923) mem 0x80010000 0x00000001
core   0: 0x8000a4d6 (0x0000bfe5) c.j     pc - 8
core   0: 3 0x8000a4d6 (0xbfe5)
core   0: 0x8000a4ce (0x00006f17) auipc   t5, 0x6
core   0: 3 0x8000a4ce (0x00006f17) x30 0x800104ce
core   0: 0x8000a4d2 (0xb23f2923) sw      gp, -1230(t5)
core   0: 3 0x8000a4d2 (0xb23f2923) mem 0x80010000 0x00000001
core   0: 0x8000a4d6 (0x0000bfe5) c.j     pc - 8
core   0: 3 0x8000a4d6 (0xbfe5)
core   0: 0x8000a4ce (0x00006f17) auipc   t5, 0x6
core   0: 3 0x8000a4ce (0x00006f17) x30 0x800104ce
core   0: 0x8000a4d2 (0xb23f2923) sw      gp, -1230(t5)
core   0: 3 0x8000a4d2 (0xb23f2923) mem 0x80010000 0x00000001
core   0: 0x8000a4d6 (0x0000bfe5) c.j     pc - 8
core   0: 3 0x8000a4d6 (0xbfe5)
core   0: 0x8000a4ce (0x00006f17) auipc   t5, 0x6
core   0: 3 0x8000a4ce (0x00006f17) x30 0x800104ce
core   0: 0x8000a4d2 (0xb23f2923) sw      gp, -1230(t5)
core   0: 3 0x8000a4d2 (0xb23f2923) mem 0x80010000 0x00000001
core   0: 0x8000a4d6 (0x0000bfe5) c.j     pc - 8
core   0: 3 0x8000a4d6 (0xbfe5)
core   0: 0x8000a4ce (0x00006f17) auipc   t5, 0x6
core   0: 3 0x8000a4ce (0x00006f17) x30 0x800104ce
core   0: 0x8000a4d2 (0xb23f2923) sw      gp, -1230(t5)
core   0: 3 0x8000a4d2 (0xb23f2923) mem 0x80010000 0x00000001
core   0: 0x8000a4d6 (0x0000bfe5) c.j     pc - 8
core   0: 3 0x8000a4d6 (0xbfe5)
core   0: 0x8000a4ce (0x00006f17) auipc   t5, 0x6
core   0: 3 0x8000a4ce (0x00006f17) x30 0x800104ce
core   0: 0x8000a4d2 (0xb23f2923) sw      gp, -1230(t5)
core   0: 3 0x8000a4d2 (0xb23f2923) mem 0x80010000 0x00000001
core   0: 0x8000a4d6 (0x0000bfe5) c.j     pc - 8
core   0: 3 0x8000a4d6 (0xbfe5)
core   0: 0x8000a4ce (0x00006f17) auipc   t5, 0x6
core   0: 3 0x8000a4ce (0x00006f17) x30 0x800104ce
core   0: 0x8000a4d2 (0xb23f2923) sw      gp, -1230(t5)
core   0: 3 0x8000a4d2 (0xb23f2923) mem 0x80010000 0x00000001
core   0: 0x8000a4d6 (0x0000bfe5) c.j     pc - 8
core   0: 3 0x8000a4d6 (0xbfe5)
core   0: 0x8000a4ce (0x00006f17) auipc   t5, 0x6
core   0: 3 0x8000a4ce (0x00006f17) x30 0x800104ce
core   0: 0x8000a4d2 (0xb23f2923) sw      gp, -1230(t5)
core   0: 3 0x8000a4d2 (0xb23f2923) mem 0x80010000 0x00000001
core   0: 0x8000a4d6 (0x0000bfe5) c.j     pc - 8
core   0: 3 0x8000a4d6 (0xbfe5)
core   0: 0x8000a4ce (0x00006f17) auipc   t5, 0x6
core   0: 3 0x8000a4ce (0x00006f17) x30 0x800104ce
core   0: 0x8000a4d2 (0xb23f2923) sw      gp, -1230(t5)
core   0: 3 0x8000a4d2 (0xb23f2923) mem 0x80010000 0x00000001
core   0: 0x8000a4d6 (0x0000bfe5) c.j     pc - 8
core   0: 3 0x8000a4d6 (0xbfe5)
core   0: 0x8000a4ce (0x00006f17) auipc   t5, 0x6
core   0: 3 0x8000a4ce (0x00006f17) x30 0x800104ce
core   0: 0x8000a4d2 (0xb23f2923) sw      gp, -1230(t5)
core   0: 3 0x8000a4d2 (0xb23f2923) mem 0x80010000 0x00000001
core   0: 0x8000a4d6 (0x0000bfe5) c.j     pc - 8
core   0: 3 0x8000a4d6 (0xbfe5)
core   0: 0x8000a4ce (0x00006f17) auipc   t5, 0x6
core   0: 3 0x8000a4ce (0x00006f17) x30 0x800104ce
core   0: 0x8000a4d2 (0xb23f2923) sw      gp, -1230(t5)
core   0: 3 0x8000a4d2 (0xb23f2923) mem 0x80010000 0x00000001
core   0: 0x8000a4d6 (0x0000bfe5) c.j     pc - 8
core   0: 3 0x8000a4d6 (0xbfe5)
core   0: 0x8000a4ce (0x00006f17) auipc   t5, 0x6
core   0: 3 0x8000a4ce (0x00006f17) x30 0x800104ce
core   0: 0x8000a4d2 (0xb23f2923) sw      gp, -1230(t5)
core   0: 3 0x8000a4d2 (0xb23f2923) mem 0x80010000 0x00000001
core   0: 0x8000a4d6 (0x0000bfe5) c.j     pc - 8
core   0: 3 0x8000a4d6 (0xbfe5)
core   0: 0x8000a4ce (0x00006f17) auipc   t5, 0x6
core   0: 3 0x8000a4ce (0x00006f17) x30 0x800104ce
core   0: 0x8000a4d2 (0xb23f2923) sw      gp, -1230(t5)
core   0: 3 0x8000a4d2 (0xb23f2923) mem 0x80010000 0x00000001
core   0: 0x8000a4d6 (0x0000bfe5) c.j     pc - 8
core   0: 3 0x8000a4d6 (0xbfe5)
core   0: 0x8000a4ce (0x00006f17) auipc   t5, 0x6
core   0: 3 0x8000a4ce (0x00006f17) x30 0x800104ce
core   0: 0x8000a4d2 (0xb23f2923) sw      gp, -1230(t5)
core   0: 3 0x8000a4d2 (0xb23f2923) mem 0x80010000 0x00000001
core   0: 0x8000a4d6 (0x0000bfe5) c.j     pc - 8
core   0: 3 0x8000a4d6 (0xbfe5)
core   0: 0x8000a4ce (0x00006f17) auipc   t5, 0x6
core   0: 3 0x8000a4ce (0x00006f17) x30 0x800104ce
core   0: 0x8000a4d2 (0xb23f2923) sw      gp, -1230(t5)
core   0: 3 0x8000a4d2 (0xb23f2923) mem 0x80010000 0x00000001
core   0: 0x8000a4d6 (0x0000bfe5) c.j     pc - 8
core   0: 3 0x8000a4d6 (0xbfe5)
core   0: 0x8000a4ce (0x00006f17) auipc   t5, 0x6
core   0: 3 0x8000a4ce (0x00006f17) x30 0x800104ce
core   0: 0x8000a4d2 (0xb23f2923) sw      gp, -1230(t5)
core   0: 3 0x8000a4d2 (0xb23f2923) mem 0x80010000 0x00000001
core   0: 0x8000a4d6 (0x0000bfe5) c.j     pc - 8
core   0: 3 0x8000a4d6 (0xbfe5)
core   0: 0x8000a4ce (0x00006f17) auipc   t5, 0x6
core   0: 3 0x8000a4ce (0x00006f17) x30 0x800104ce
core   0: 0x8000a4d2 (0xb23f2923) sw      gp, -1230(t5)
core   0: 3 0x8000a4d2 (0xb23f2923) mem 0x80010000 0x00000001
core   0: 0x8000a4d6 (0x0000bfe5) c.j     pc - 8
core   0: 3 0x8000a4d6 (0xbfe5)
core   0: 0x8000a4ce (0x00006f17) auipc   t5, 0x6
core   0: 3 0x8000a4ce (0x00006f17) x30 0x800104ce
core   0: 0x8000a4d2 (0xb23f2923) sw      gp, -1230(t5)
core   0: 3 0x8000a4d2 (0xb23f2923) mem 0x80010000 0x00000001
core   0: 0x8000a4d6 (0x0000bfe5) c.j     pc - 8
core   0: 3 0x8000a4d6 (0xbfe5)
core   0: 0x8000a4ce (0x00006f17) auipc   t5, 0x6
core   0: 3 0x8000a4ce (0x00006f17) x30 0x800104ce
core   0: 0x8000a4d2 (0xb23f2923) sw      gp, -1230(t5)
core   0: 3 0x8000a4d2 (0xb23f2923) mem 0x80010000 0x00000001
core   0: 0x8000a4d6 (0x0000bfe5) c.j     pc - 8
core   0: 3 0x8000a4d6 (0xbfe5)
core   0: 0x8000a4ce (0x00006f17) auipc   t5, 0x6
core   0: 3 0x8000a4ce (0x00006f17) x30 0x800104ce
core   0: 0x8000a4d2 (0xb23f2923) sw      gp, -1230(t5)
core   0: 3 0x8000a4d2 (0xb23f2923) mem 0x80010000 0x00000001
core   0: 0x8000a4d6 (0x0000bfe5) c.j     pc - 8
core   0: 3 0x8000a4d6 (0xbfe5)
core   0: 0x8000a4ce (0x00006f17) auipc   t5, 0x6
core   0: 3 0x8000a4ce (0x00006f17) x30 0x800104ce
core   0: 0x8000a4d2 (0xb23f2923) sw      gp, -1230(t5)
core   0: 3 0x8000a4d2 (0xb23f2923) mem 0x80010000 0x00000001
core   0: 0x8000a4d6 (0x0000bfe5) c.j     pc - 8
core   0: 3 0x8000a4d6 (0xbfe5)
core   0: 0x8000a4ce (0x00006f17) auipc   t5, 0x6
core   0: 3 0x8000a4ce (0x00006f17) x30 0x800104ce
core   0: 0x8000a4d2 (0xb23f2923) sw      gp, -1230(t5)
core   0: 3 0x8000a4d2 (0xb23f2923) mem 0x80010000 0x00000001
core   0: 0x8000a4d6 (0x0000bfe5) c.j     pc - 8
core   0: 3 0x8000a4d6 (0xbfe5)
core   0: 0x8000a4ce (0x00006f17) auipc   t5, 0x6
core   0: 3 0x8000a4ce (0x00006f17) x30 0x800104ce
core   0: 0x8000a4d2 (0xb23f2923) sw      gp, -1230(t5)
core   0: 3 0x8000a4d2 (0xb23f2923) mem 0x80010000 0x00000001
core   0: 0x8000a4d6 (0x0000bfe5) c.j     pc - 8
core   0: 3 0x8000a4d6 (0xbfe5)
core   0: 0x8000a4ce (0x00006f17) auipc   t5, 0x6
core   0: 3 0x8000a4ce (0x00006f17) x30 0x800104ce
core   0: 0x8000a4d2 (0xb23f2923) sw      gp, -1230(t5)
core   0: 3 0x8000a4d2 (0xb23f2923) mem 0x80010000 0x00000001
core   0: 0x8000a4d6 (0x0000bfe5) c.j     pc - 8
core   0: 3 0x8000a4d6 (0xbfe5)
core   0: 0x8000a4ce (0x00006f17) auipc   t5, 0x6
core   0: 3 0x8000a4ce (0x00006f17) x30 0x800104ce
core   0: 0x8000a4d2 (0xb23f2923) sw      gp, -1230(t5)
core   0: 3 0x8000a4d2 (0xb23f2923) mem 0x80010000 0x00000001
core   0: 0x8000a4d6 (0x0000bfe5) c.j     pc - 8
core   0: 3 0x8000a4d6 (0xbfe5)
core   0: 0x8000a4ce (0x00006f17) auipc   t5, 0x6
core   0: 3 0x8000a4ce (0x00006f17) x30 0x800104ce
core   0: 0x8000a4d2 (0xb23f2923) sw      gp, -1230(t5)
core   0: 3 0x8000a4d2 (0xb23f2923) mem 0x80010000 0x00000001
core   0: 0x8000a4d6 (0x0000bfe5) c.j     pc - 8
core   0: 3 0x8000a4d6 (0xbfe5)
core   0: 0x8000a4ce (0x00006f17) auipc   t5, 0x6
core   0: 3 0x8000a4ce (0x00006f17) x30 0x800104ce
core   0: 0x8000a4d2 (0xb23f2923) sw      gp, -1230(t5)
core   0: 3 0x8000a4d2 (0xb23f2923) mem 0x80010000 0x00000001
core   0: 0x8000a4d6 (0x0000bfe5) c.j     pc - 8
core   0: 3 0x8000a4d6 (0xbfe5)
core   0: 0x8000a4ce (0x00006f17) auipc   t5, 0x6
core   0: 3 0x8000a4ce (0x00006f17) x30 0x800104ce
core   0: 0x8000a4d2 (0xb23f2923) sw      gp, -1230(t5)
core   0: 3 0x8000a4d2 (0xb23f2923) mem 0x80010000 0x00000001
core   0: 0x8000a4d6 (0x0000bfe5) c.j     pc - 8
core   0: 3 0x8000a4d6 (0xbfe5)
core   0: 0x8000a4ce (0x00006f17) auipc   t5, 0x6
core   0: 3 0x8000a4ce (0x00006f17) x30 0x800104ce
core   0: 0x8000a4d2 (0xb23f2923) sw      gp, -1230(t5)
core   0: 3 0x8000a4d2 (0xb23f2923) mem 0x80010000 0x00000001
core   0: 0x8000a4d6 (0x0000bfe5) c.j     pc - 8
core   0: 3 0x8000a4d6 (0xbfe5)
core   0: 0x8000a4ce (0x00006f17) auipc   t5, 0x6
core   0: 3 0x8000a4ce (0x00006f17) x30 0x800104ce
core   0: 0x8000a4d2 (0xb23f2923) sw      gp, -1230(t5)
core   0: 3 0x8000a4d2 (0xb23f2923) mem 0x80010000 0x00000001
core   0: 0x8000a4d6 (0x0000bfe5) c.j     pc - 8
core   0: 3 0x8000a4d6 (0xbfe5)
core   0: 0x8000a4ce (0x00006f17) auipc   t5, 0x6
core   0: 3 0x8000a4ce (0x00006f17) x30 0x800104ce
core   0: 0x8000a4d2 (0xb23f2923) sw      gp, -1230(t5)
core   0: 3 0x8000a4d2 (0xb23f2923) mem 0x80010000 0x00000001
core   0: 0x8000a4d6 (0x0000bfe5) c.j     pc - 8
core   0: 3 0x8000a4d6 (0xbfe5)
core   0: 0x8000a4ce (0x00006f17) auipc   t5, 0x6
core   0: 3 0x8000a4ce (0x00006f17) x30 0x800104ce
core   0: 0x8000a4d2 (0xb23f2923) sw      gp, -1230(t5)
core   0: 3 0x8000a4d2 (0xb23f2923) mem 0x80010000 0x00000001
core   0: 0x8000a4d6 (0x0000bfe5) c.j     pc - 8
core   0: 3 0x8000a4d6 (0xbfe5)
core   0: 0x8000a4ce (0x00006f17) auipc   t5, 0x6
core   0: 3 0x8000a4ce (0x00006f17) x30 0x800104ce
core   0: 0x8000a4d2 (0xb23f2923) sw      gp, -1230(t5)
core   0: 3 0x8000a4d2 (0xb23f2923) mem 0x80010000 0x00000001
core   0: 0x8000a4d6 (0x0000bfe5) c.j     pc - 8
core   0: 3 0x8000a4d6 (0xbfe5)
core   0: 0x8000a4ce (0x00006f17) auipc   t5, 0x6
core   0: 3 0x8000a4ce (0x00006f17) x30 0x800104ce
core   0: 0x8000a4d2 (0xb23f2923) sw      gp, -1230(t5)
core   0: 3 0x8000a4d2 (0xb23f2923) mem 0x80010000 0x00000001
core   0: 0x8000a4d6 (0x0000bfe5) c.j     pc - 8
core   0: 3 0x8000a4d6 (0xbfe5)
core   0: 0x8000a4ce (0x00006f17) auipc   t5, 0x6
core   0: 3 0x8000a4ce (0x00006f17) x30 0x800104ce
core   0: 0x8000a4d2 (0xb23f2923) sw      gp, -1230(t5)
core   0: 3 0x8000a4d2 (0xb23f2923) mem 0x80010000 0x00000001
core   0: 0x8000a4d6 (0x0000bfe5) c.j     pc - 8
core   0: 3 0x8000a4d6 (0xbfe5)
core   0: 0x8000a4ce (0x00006f17) auipc   t5, 0x6
core   0: 3 0x8000a4ce (0x00006f17) x30 0x800104ce
core   0: 0x8000a4d2 (0xb23f2923) sw      gp, -1230(t5)
core   0: 3 0x8000a4d2 (0xb23f2923) mem 0x80010000 0x00000001
core   0: 0x8000a4d6 (0x0000bfe5) c.j     pc - 8
core   0: 3 0x8000a4d6 (0xbfe5)
core   0: 0x8000a4ce (0x00006f17) auipc   t5, 0x6
core   0: 3 0x8000a4ce (0x00006f17) x30 0x800104ce
core   0: 0x8000a4d2 (0xb23f2923) sw      gp, -1230(t5)
core   0: 3 0x8000a4d2 (0xb23f2923) mem 0x80010000 0x00000001
core   0: 0x8000a4d6 (0x0000bfe5) c.j     pc - 8
core   0: 3 0x8000a4d6 (0xbfe5)
core   0: 0x8000a4ce (0x00006f17) auipc   t5, 0x6
core   0: 3 0x8000a4ce (0x00006f17) x30 0x800104ce
core   0: 0x8000a4d2 (0xb23f2923) sw      gp, -1230(t5)
core   0: 3 0x8000a4d2 (0xb23f2923) mem 0x80010000 0x00000001
core   0: 0x8000a4d6 (0x0000bfe5) c.j     pc - 8
core   0: 3 0x8000a4d6 (0xbfe5)
core   0: 0x8000a4ce (0x00006f17) auipc   t5, 0x6
core   0: 3 0x8000a4ce (0x00006f17) x30 0x800104ce
core   0: 0x8000a4d2 (0xb23f2923) sw      gp, -1230(t5)
core   0: 3 0x8000a4d2 (0xb23f2923) mem 0x80010000 0x00000001
core   0: 0x8000a4d6 (0x0000bfe5) c.j     pc - 8
core   0: 3 0x8000a4d6 (0xbfe5)
core   0: 0x8000a4ce (0x00006f17) auipc   t5, 0x6
core   0: 3 0x8000a4ce (0x00006f17) x30 0x800104ce
core   0: 0x8000a4d2 (0xb23f2923) sw      gp, -1230(t5)
core   0: 3 0x8000a4d2 (0xb23f2923) mem 0x80010000 0x00000001
core   0: 0x8000a4d6 (0x0000bfe5) c.j     pc - 8
core   0: 3 0x8000a4d6 (0xbfe5)
core   0: 0x8000a4ce (0x00006f17) auipc   t5, 0x6
core   0: 3 0x8000a4ce (0x00006f17) x30 0x800104ce
core   0: 0x8000a4d2 (0xb23f2923) sw      gp, -1230(t5)
core   0: 3 0x8000a4d2 (0xb23f2923) mem 0x80010000 0x00000001
core   0: 0x8000a4d6 (0x0000bfe5) c.j     pc - 8
core   0: 3 0x8000a4d6 (0xbfe5)
core   0: 0x8000a4ce (0x00006f17) auipc   t5, 0x6
core   0: 3 0x8000a4ce (0x00006f17) x30 0x800104ce
core   0: 0x8000a4d2 (0xb23f2923) sw      gp, -1230(t5)
core   0: 3 0x8000a4d2 (0xb23f2923) mem 0x80010000 0x00000001
core   0: 0x8000a4d6 (0x0000bfe5) c.j     pc - 8
core   0: 3 0x8000a4d6 (0xbfe5)
core   0: 0x8000a4ce (0x00006f17) auipc   t5, 0x6
core   0: 3 0x8000a4ce (0x00006f17) x30 0x800104ce
core   0: 0x8000a4d2 (0xb23f2923) sw      gp, -1230(t5)
core   0: 3 0x8000a4d2 (0xb23f2923) mem 0x80010000 0x00000001
core   0: 0x8000a4d6 (0x0000bfe5) c.j     pc - 8
core   0: 3 0x8000a4d6 (0xbfe5)
core   0: 0x8000a4ce (0x00006f17) auipc   t5, 0x6
core   0: 3 0x8000a4ce (0x00006f17) x30 0x800104ce
core   0: 0x8000a4d2 (0xb23f2923) sw      gp, -1230(t5)
core   0: 3 0x8000a4d2 (0xb23f2923) mem 0x80010000 0x00000001
core   0: 0x8000a4d6 (0x0000bfe5) c.j     pc - 8
core   0: 3 0x8000a4d6 (0xbfe5)
core   0: 0x8000a4ce (0x00006f17) auipc   t5, 0x6
core   0: 3 0x8000a4ce (0x00006f17) x30 0x800104ce
core   0: 0x8000a4d2 (0xb23f2923) sw      gp, -1230(t5)
core   0: 3 0x8000a4d2 (0xb23f2923) mem 0x80010000 0x00000001
core   0: 0x8000a4d6 (0x0000bfe5) c.j     pc - 8
core   0: 3 0x8000a4d6 (0xbfe5)
core   0: 0x8000a4ce (0x00006f17) auipc   t5, 0x6
core   0: 3 0x8000a4ce (0x00006f17) x30 0x800104ce
core   0: 0x8000a4d2 (0xb23f2923) sw      gp, -1230(t5)
core   0: 3 0x8000a4d2 (0xb23f2923) mem 0x80010000 0x00000001
core   0: 0x8000a4d6 (0x0000bfe5) c.j     pc - 8
core   0: 3 0x8000a4d6 (0xbfe5)
core   0: 0x8000a4ce (0x00006f17) auipc   t5, 0x6
core   0: 3 0x8000a4ce (0x00006f17) x30 0x800104ce
core   0: 0x8000a4d2 (0xb23f2923) sw      gp, -1230(t5)
core   0: 3 0x8000a4d2 (0xb23f2923) mem 0x80010000 0x00000001
core   0: 0x8000a4d6 (0x0000bfe5) c.j     pc - 8
core   0: 3 0x8000a4d6 (0xbfe5)
core   0: 0x8000a4ce (0x00006f17) auipc   t5, 0x6
core   0: 3 0x8000a4ce (0x00006f17) x30 0x800104ce
core   0: 0x8000a4d2 (0xb23f2923) sw      gp, -1230(t5)
core   0: 3 0x8000a4d2 (0xb23f2923) mem 0x80010000 0x00000001
core   0: 0x8000a4d6 (0x0000bfe5) c.j     pc - 8
core   0: 3 0x8000a4d6 (0xbfe5)
core   0: 0x8000a4ce (0x00006f17) auipc   t5, 0x6
core   0: 3 0x8000a4ce (0x00006f17) x30 0x800104ce
core   0: 0x8000a4d2 (0xb23f2923) sw      gp, -1230(t5)
core   0: 3 0x8000a4d2 (0xb23f2923) mem 0x80010000 0x00000001
core   0: 0x8000a4d6 (0x0000bfe5) c.j     pc - 8
core   0: 3 0x8000a4d6 (0xbfe5)
core   0: 0x8000a4ce (0x00006f17) auipc   t5, 0x6
core   0: 3 0x8000a4ce (0x00006f17) x30 0x800104ce
core   0: 0x8000a4d2 (0xb23f2923) sw      gp, -1230(t5)
core   0: 3 0x8000a4d2 (0xb23f2923) mem 0x80010000 0x00000001
core   0: 0x8000a4d6 (0x0000bfe5) c.j     pc - 8
core   0: 3 0x8000a4d6 (0xbfe5)
core   0: 0x8000a4ce (0x00006f17) auipc   t5, 0x6
core   0: 3 0x8000a4ce (0x00006f17) x30 0x800104ce
core   0: 0x8000a4d2 (0xb23f2923) sw      gp, -1230(t5)
core   0: 3 0x8000a4d2 (0xb23f2923) mem 0x80010000 0x00000001
core   0: 0x8000a4d6 (0x0000bfe5) c.j     pc - 8
core   0: 3 0x8000a4d6 (0xbfe5)
core   0: 0x8000a4ce (0x00006f17) auipc   t5, 0x6
core   0: 3 0x8000a4ce (0x00006f17) x30 0x800104ce
core   0: 0x8000a4d2 (0xb23f2923) sw      gp, -1230(t5)
core   0: 3 0x8000a4d2 (0xb23f2923) mem 0x80010000 0x00000001
core   0: 0x8000a4d6 (0x0000bfe5) c.j     pc - 8
core   0: 3 0x8000a4d6 (0xbfe5)
core   0: 0x8000a4ce (0x00006f17) auipc   t5, 0x6
core   0: 3 0x8000a4ce (0x00006f17) x30 0x800104ce
core   0: 0x8000a4d2 (0xb23f2923) sw      gp, -1230(t5)
core   0: 3 0x8000a4d2 (0xb23f2923) mem 0x80010000 0x00000001
core   0: 0x8000a4d6 (0x0000bfe5) c.j     pc - 8
core   0: 3 0x8000a4d6 (0xbfe5)
core   0: 0x8000a4ce (0x00006f17) auipc   t5, 0x6
core   0: 3 0x8000a4ce (0x00006f17) x30 0x800104ce
core   0: 0x8000a4d2 (0xb23f2923) sw      gp, -1230(t5)
core   0: 3 0x8000a4d2 (0xb23f2923) mem 0x80010000 0x00000001
core   0: 0x8000a4d6 (0x0000bfe5) c.j     pc - 8
core   0: 3 0x8000a4d6 (0xbfe5)
core   0: 0x8000a4ce (0x00006f17) auipc   t5, 0x6
core   0: 3 0x8000a4ce (0x00006f17) x30 0x800104ce
core   0: 0x8000a4d2 (0xb23f2923) sw      gp, -1230(t5)
core   0: 3 0x8000a4d2 (0xb23f2923) mem 0x80010000 0x00000001
core   0: 0x8000a4d6 (0x0000bfe5) c.j     pc - 8
core   0: 3 0x8000a4d6 (0xbfe5)
core   0: 0x8000a4ce (0x00006f17) auipc   t5, 0x6
core   0: 3 0x8000a4ce (0x00006f17) x30 0x800104ce
core   0: 0x8000a4d2 (0xb23f2923) sw      gp, -1230(t5)
core   0: 3 0x8000a4d2 (0xb23f2923) mem 0x80010000 0x00000001
core   0: 0x8000a4d6 (0x0000bfe5) c.j     pc - 8
core   0: 3 0x8000a4d6 (0xbfe5)
core   0: 0x8000a4ce (0x00006f17) auipc   t5, 0x6
core   0: 3 0x8000a4ce (0x00006f17) x30 0x800104ce
core   0: 0x8000a4d2 (0xb23f2923) sw      gp, -1230(t5)
core   0: 3 0x8000a4d2 (0xb23f2923) mem 0x80010000 0x00000001
core   0: 0x8000a4d6 (0x0000bfe5) c.j     pc - 8
core   0: 3 0x8000a4d6 (0xbfe5)
core   0: 0x8000a4ce (0x00006f17) auipc   t5, 0x6
core   0: 3 0x8000a4ce (0x00006f17) x30 0x800104ce
core   0: 0x8000a4d2 (0xb23f2923) sw      gp, -1230(t5)
core   0: 3 0x8000a4d2 (0xb23f2923) mem 0x80010000 0x00000001
core   0: 0x8000a4d6 (0x0000bfe5) c.j     pc - 8
core   0: 3 0x8000a4d6 (0xbfe5)
core   0: 0x8000a4ce (0x00006f17) auipc   t5, 0x6
core   0: 3 0x8000a4ce (0x00006f17) x30 0x800104ce
core   0: 0x8000a4d2 (0xb23f2923) sw      gp, -1230(t5)
core   0: 3 0x8000a4d2 (0xb23f2923) mem 0x80010000 0x00000001
core   0: 0x8000a4d6 (0x0000bfe5) c.j     pc - 8
core   0: 3 0x8000a4d6 (0xbfe5)
core   0: 0x8000a4ce (0x00006f17) auipc   t5, 0x6
core   0: 3 0x8000a4ce (0x00006f17) x30 0x800104ce
core   0: 0x8000a4d2 (0xb23f2923) sw      gp, -1230(t5)
core   0: 3 0x8000a4d2 (0xb23f2923) mem 0x80010000 0x00000001
core   0: 0x8000a4d6 (0x0000bfe5) c.j     pc - 8
core   0: 3 0x8000a4d6 (0xbfe5)
core   0: 0x8000a4ce (0x00006f17) auipc   t5, 0x6
core   0: 3 0x8000a4ce (0x00006f17) x30 0x800104ce
core   0: 0x8000a4d2 (0xb23f2923) sw      gp, -1230(t5)
core   0: 3 0x8000a4d2 (0xb23f2923) mem 0x80010000 0x00000001
core   0: 0x8000a4d6 (0x0000bfe5) c.j     pc - 8
core   0: 3 0x8000a4d6 (0xbfe5)
core   0: 0x8000a4ce (0x00006f17) auipc   t5, 0x6
core   0: 3 0x8000a4ce (0x00006f17) x30 0x800104ce
core   0: 0x8000a4d2 (0xb23f2923) sw      gp, -1230(t5)
core   0: 3 0x8000a4d2 (0xb23f2923) mem 0x80010000 0x00000001
core   0: 0x8000a4d6 (0x0000bfe5) c.j     pc - 8
core   0: 3 0x8000a4d6 (0xbfe5)
core   0: 0x8000a4ce (0x00006f17) auipc   t5, 0x6
core   0: 3 0x8000a4ce (0x00006f17) x30 0x800104ce
core   0: 0x8000a4d2 (0xb23f2923) sw      gp, -1230(t5)
core   0: 3 0x8000a4d2 (0xb23f2923) mem 0x80010000 0x00000001
core   0: 0x8000a4d6 (0x0000bfe5) c.j     pc - 8
core   0: 3 0x8000a4d6 (0xbfe5)
core   0: 0x8000a4ce (0x00006f17) auipc   t5, 0x6
core   0: 3 0x8000a4ce (0x00006f17) x30 0x800104ce
core   0: 0x8000a4d2 (0xb23f2923) sw      gp, -1230(t5)
core   0: 3 0x8000a4d2 (0xb23f2923) mem 0x80010000 0x00000001
core   0: 0x8000a4d6 (0x0000bfe5) c.j     pc - 8
core   0: 3 0x8000a4d6 (0xbfe5)
core   0: 0x8000a4ce (0x00006f17) auipc   t5, 0x6
core   0: 3 0x8000a4ce (0x00006f17) x30 0x800104ce
core   0: 0x8000a4d2 (0xb23f2923) sw      gp, -1230(t5)
core   0: 3 0x8000a4d2 (0xb23f2923) mem 0x80010000 0x00000001
core   0: 0x8000a4d6 (0x0000bfe5) c.j     pc - 8
core   0: 3 0x8000a4d6 (0xbfe5)
core   0: 0x8000a4ce (0x00006f17) auipc   t5, 0x6
core   0: 3 0x8000a4ce (0x00006f17) x30 0x800104ce
core   0: 0x8000a4d2 (0xb23f2923) sw      gp, -1230(t5)
core   0: 3 0x8000a4d2 (0xb23f2923) mem 0x80010000 0x00000001
core   0: 0x8000a4d6 (0x0000bfe5) c.j     pc - 8
core   0: 3 0x8000a4d6 (0xbfe5)
core   0: 0x8000a4ce (0x00006f17) auipc   t5, 0x6
core   0: 3 0x8000a4ce (0x00006f17) x30 0x800104ce
core   0: 0x8000a4d2 (0xb23f2923) sw      gp, -1230(t5)
core   0: 3 0x8000a4d2 (0xb23f2923) mem 0x80010000 0x00000001
core   0: 0x8000a4d6 (0x0000bfe5) c.j     pc - 8
core   0: 3 0x8000a4d6 (0xbfe5)
core   0: 0x8000a4ce (0x00006f17) auipc   t5, 0x6
core   0: 3 0x8000a4ce (0x00006f17) x30 0x800104ce
core   0: 0x8000a4d2 (0xb23f2923) sw      gp, -1230(t5)
core   0: 3 0x8000a4d2 (0xb23f2923) mem 0x80010000 0x00000001
core   0: 0x8000a4d6 (0x0000bfe5) c.j     pc - 8
core   0: 3 0x8000a4d6 (0xbfe5)
core   0: 0x8000a4ce (0x00006f17) auipc   t5, 0x6
core   0: 3 0x8000a4ce (0x00006f17) x30 0x800104ce
core   0: 0x8000a4d2 (0xb23f2923) sw      gp, -1230(t5)
core   0: 3 0x8000a4d2 (0xb23f2923) mem 0x80010000 0x00000001
core   0: 0x8000a4d6 (0x0000bfe5) c.j     pc - 8
core   0: 3 0x8000a4d6 (0xbfe5)
core   0: 0x8000a4ce (0x00006f17) auipc   t5, 0x6
core   0: 3 0x8000a4ce (0x00006f17) x30 0x800104ce
core   0: 0x8000a4d2 (0xb23f2923) sw      gp, -1230(t5)
core   0: 3 0x8000a4d2 (0xb23f2923) mem 0x80010000 0x00000001
core   0: 0x8000a4d6 (0x0000bfe5) c.j     pc - 8
core   0: 3 0x8000a4d6 (0xbfe5)
core   0: 0x8000a4ce (0x00006f17) auipc   t5, 0x6
core   0: 3 0x8000a4ce (0x00006f17) x30 0x800104ce
core   0: 0x8000a4d2 (0xb23f2923) sw      gp, -1230(t5)
core   0: 3 0x8000a4d2 (0xb23f2923) mem 0x80010000 0x00000001
core   0: 0x8000a4d6 (0x0000bfe5) c.j     pc - 8
core   0: 3 0x8000a4d6 (0xbfe5)
core   0: 0x8000a4ce (0x00006f17) auipc   t5, 0x6
core   0: 3 0x8000a4ce (0x00006f17) x30 0x800104ce
core   0: 0x8000a4d2 (0xb23f2923) sw      gp, -1230(t5)
core   0: 3 0x8000a4d2 (0xb23f2923) mem 0x80010000 0x00000001
core   0: 0x8000a4d6 (0x0000bfe5) c.j     pc - 8
core   0: 3 0x8000a4d6 (0xbfe5)
core   0: 0x8000a4ce (0x00006f17) auipc   t5, 0x6
core   0: 3 0x8000a4ce (0x00006f17) x30 0x800104ce
core   0: 0x8000a4d2 (0xb23f2923) sw      gp, -1230(t5)
core   0: 3 0x8000a4d2 (0xb23f2923) mem 0x80010000 0x00000001
core   0: 0x8000a4d6 (0x0000bfe5) c.j     pc - 8
core   0: 3 0x8000a4d6 (0xbfe5)
core   0: 0x8000a4ce (0x00006f17) auipc   t5, 0x6
core   0: 3 0x8000a4ce (0x00006f17) x30 0x800104ce
core   0: 0x8000a4d2 (0xb23f2923) sw      gp, -1230(t5)
core   0: 3 0x8000a4d2 (0xb23f2923) mem 0x80010000 0x00000001
core   0: 0x8000a4d6 (0x0000bfe5) c.j     pc - 8
core   0: 3 0x8000a4d6 (0xbfe5)
core   0: 0x8000a4ce (0x00006f17) auipc   t5, 0x6
core   0: 3 0x8000a4ce (0x00006f17) x30 0x800104ce
core   0: 0x8000a4d2 (0xb23f2923) sw      gp, -1230(t5)
core   0: 3 0x8000a4d2 (0xb23f2923) mem 0x80010000 0x00000001
core   0: 0x8000a4d6 (0x0000bfe5) c.j     pc - 8
core   0: 3 0x8000a4d6 (0xbfe5)
core   0: 0x8000a4ce (0x00006f17) auipc   t5, 0x6
core   0: 3 0x8000a4ce (0x00006f17) x30 0x800104ce
core   0: 0x8000a4d2 (0xb23f2923) sw      gp, -1230(t5)
core   0: 3 0x8000a4d2 (0xb23f2923) mem 0x80010000 0x00000001
core   0: 0x8000a4d6 (0x0000bfe5) c.j     pc - 8
core   0: 3 0x8000a4d6 (0xbfe5)
core   0: 0x8000a4ce (0x00006f17) auipc   t5, 0x6
core   0: 3 0x8000a4ce (0x00006f17) x30 0x800104ce
core   0: 0x8000a4d2 (0xb23f2923) sw      gp, -1230(t5)
core   0: 3 0x8000a4d2 (0xb23f2923) mem 0x80010000 0x00000001
core   0: 0x8000a4d6 (0x0000bfe5) c.j     pc - 8
core   0: 3 0x8000a4d6 (0xbfe5)
core   0: 0x8000a4ce (0x00006f17) auipc   t5, 0x6
core   0: 3 0x8000a4ce (0x00006f17) x30 0x800104ce
core   0: 0x8000a4d2 (0xb23f2923) sw      gp, -1230(t5)
core   0: 3 0x8000a4d2 (0xb23f2923) mem 0x80010000 0x00000001
core   0: 0x8000a4d6 (0x0000bfe5) c.j     pc - 8
core   0: 3 0x8000a4d6 (0xbfe5)
core   0: 0x8000a4ce (0x00006f17) auipc   t5, 0x6
core   0: 3 0x8000a4ce (0x00006f17) x30 0x800104ce
core   0: 0x8000a4d2 (0xb23f2923) sw      gp, -1230(t5)
core   0: 3 0x8000a4d2 (0xb23f2923) mem 0x80010000 0x00000001
core   0: 0x8000a4d6 (0x0000bfe5) c.j     pc - 8
core   0: 3 0x8000a4d6 (0xbfe5)
core   0: 0x8000a4ce (0x00006f17) auipc   t5, 0x6
core   0: 3 0x8000a4ce (0x00006f17) x30 0x800104ce
core   0: 0x8000a4d2 (0xb23f2923) sw      gp, -1230(t5)
core   0: 3 0x8000a4d2 (0xb23f2923) mem 0x80010000 0x00000001
core   0: 0x8000a4d6 (0x0000bfe5) c.j     pc - 8
core   0: 3 0x8000a4d6 (0xbfe5)
core   0: 0x8000a4ce (0x00006f17) auipc   t5, 0x6
core   0: 3 0x8000a4ce (0x00006f17) x30 0x800104ce
core   0: 0x8000a4d2 (0xb23f2923) sw      gp, -1230(t5)
core   0: 3 0x8000a4d2 (0xb23f2923) mem 0x80010000 0x00000001
core   0: 0x8000a4d6 (0x0000bfe5) c.j     pc - 8
core   0: 3 0x8000a4d6 (0xbfe5)
core   0: 0x8000a4ce (0x00006f17) auipc   t5, 0x6
core   0: 3 0x8000a4ce (0x00006f17) x30 0x800104ce
core   0: 0x8000a4d2 (0xb23f2923) sw      gp, -1230(t5)
core   0: 3 0x8000a4d2 (0xb23f2923) mem 0x80010000 0x00000001
core   0: 0x8000a4d6 (0x0000bfe5) c.j     pc - 8
core   0: 3 0x8000a4d6 (0xbfe5)
core   0: 0x8000a4ce (0x00006f17) auipc   t5, 0x6
core   0: 3 0x8000a4ce (0x00006f17) x30 0x800104ce
core   0: 0x8000a4d2 (0xb23f2923) sw      gp, -1230(t5)
core   0: 3 0x8000a4d2 (0xb23f2923) mem 0x80010000 0x00000001
core   0: 0x8000a4d6 (0x0000bfe5) c.j     pc - 8
core   0: 3 0x8000a4d6 (0xbfe5)
core   0: 0x8000a4ce (0x00006f17) auipc   t5, 0x6
core   0: 3 0x8000a4ce (0x00006f17) x30 0x800104ce
core   0: 0x8000a4d2 (0xb23f2923) sw      gp, -1230(t5)
core   0: 3 0x8000a4d2 (0xb23f2923) mem 0x80010000 0x00000001
core   0: 0x8000a4d6 (0x0000bfe5) c.j     pc - 8
core   0: 3 0x8000a4d6 (0xbfe5)
core   0: 0x8000a4ce (0x00006f17) auipc   t5, 0x6
core   0: 3 0x8000a4ce (0x00006f17) x30 0x800104ce
core   0: 0x8000a4d2 (0xb23f2923) sw      gp, -1230(t5)
core   0: 3 0x8000a4d2 (0xb23f2923) mem 0x80010000 0x00000001
core   0: 0x8000a4d6 (0x0000bfe5) c.j     pc - 8
core   0: 3 0x8000a4d6 (0xbfe5)
core   0: 0x8000a4ce (0x00006f17) auipc   t5, 0x6
core   0: 3 0x8000a4ce (0x00006f17) x30 0x800104ce
core   0: 0x8000a4d2 (0xb23f2923) sw      gp, -1230(t5)
core   0: 3 0x8000a4d2 (0xb23f2923) mem 0x80010000 0x00000001
core   0: 0x8000a4d6 (0x0000bfe5) c.j     pc - 8
core   0: 3 0x8000a4d6 (0xbfe5)
core   0: 0x8000a4ce (0x00006f17) auipc   t5, 0x6
core   0: 3 0x8000a4ce (0x00006f17) x30 0x800104ce
core   0: 0x8000a4d2 (0xb23f2923) sw      gp, -1230(t5)
core   0: 3 0x8000a4d2 (0xb23f2923) mem 0x80010000 0x00000001
core   0: 0x8000a4d6 (0x0000bfe5) c.j     pc - 8
core   0: 3 0x8000a4d6 (0xbfe5)
core   0: 0x8000a4ce (0x00006f17) auipc   t5, 0x6
core   0: 3 0x8000a4ce (0x00006f17) x30 0x800104ce
core   0: 0x8000a4d2 (0xb23f2923) sw      gp, -1230(t5)
core   0: 3 0x8000a4d2 (0xb23f2923) mem 0x80010000 0x00000001
core   0: 0x8000a4d6 (0x0000bfe5) c.j     pc - 8
core   0: 3 0x8000a4d6 (0xbfe5)
core   0: 0x8000a4ce (0x00006f17) auipc   t5, 0x6
core   0: 3 0x8000a4ce (0x00006f17) x30 0x800104ce
core   0: 0x8000a4d2 (0xb23f2923) sw      gp, -1230(t5)
core   0: 3 0x8000a4d2 (0xb23f2923) mem 0x80010000 0x00000001
core   0: 0x8000a4d6 (0x0000bfe5) c.j     pc - 8
core   0: 3 0x8000a4d6 (0xbfe5)
core   0: 0x8000a4ce (0x00006f17) auipc   t5, 0x6
core   0: 3 0x8000a4ce (0x00006f17) x30 0x800104ce
core   0: 0x8000a4d2 (0xb23f2923) sw      gp, -1230(t5)
core   0: 3 0x8000a4d2 (0xb23f2923) mem 0x80010000 0x00000001
core   0: 0x8000a4d6 (0x0000bfe5) c.j     pc - 8
core   0: 3 0x8000a4d6 (0xbfe5)
core   0: 0x8000a4ce (0x00006f17) auipc   t5, 0x6
core   0: 3 0x8000a4ce (0x00006f17) x30 0x800104ce
core   0: 0x8000a4d2 (0xb23f2923) sw      gp, -1230(t5)
core   0: 3 0x8000a4d2 (0xb23f2923) mem 0x80010000 0x00000001
core   0: 0x8000a4d6 (0x0000bfe5) c.j     pc - 8
core   0: 3 0x8000a4d6 (0xbfe5)
core   0: 0x8000a4ce (0x00006f17) auipc   t5, 0x6
core   0: 3 0x8000a4ce (0x00006f17) x30 0x800104ce
core   0: 0x8000a4d2 (0xb23f2923) sw      gp, -1230(t5)
core   0: 3 0x8000a4d2 (0xb23f2923) mem 0x80010000 0x00000001
core   0: 0x8000a4d6 (0x0000bfe5) c.j     pc - 8
core   0: 3 0x8000a4d6 (0xbfe5)
core   0: 0x8000a4ce (0x00006f17) auipc   t5, 0x6
core   0: 3 0x8000a4ce (0x00006f17) x30 0x800104ce
core   0: 0x8000a4d2 (0xb23f2923) sw      gp, -1230(t5)
core   0: 3 0x8000a4d2 (0xb23f2923) mem 0x80010000 0x00000001
core   0: 0x8000a4d6 (0x0000bfe5) c.j     pc - 8
core   0: 3 0x8000a4d6 (0xbfe5)
core   0: 0x8000a4ce (0x00006f17) auipc   t5, 0x6
core   0: 3 0x8000a4ce (0x00006f17) x30 0x800104ce
core   0: 0x8000a4d2 (0xb23f2923) sw      gp, -1230(t5)
core   0: 3 0x8000a4d2 (0xb23f2923) mem 0x80010000 0x00000001
core   0: 0x8000a4d6 (0x0000bfe5) c.j     pc - 8
core   0: 3 0x8000a4d6 (0xbfe5)
core   0: 0x8000a4ce (0x00006f17) auipc   t5, 0x6
core   0: 3 0x8000a4ce (0x00006f17) x30 0x800104ce
core   0: 0x8000a4d2 (0xb23f2923) sw      gp, -1230(t5)
core   0: 3 0x8000a4d2 (0xb23f2923) mem 0x80010000 0x00000001
core   0: 0x8000a4d6 (0x0000bfe5) c.j     pc - 8
core   0: 3 0x8000a4d6 (0xbfe5)
core   0: 0x8000a4ce (0x00006f17) auipc   t5, 0x6
core   0: 3 0x8000a4ce (0x00006f17) x30 0x800104ce
core   0: 0x8000a4d2 (0xb23f2923) sw      gp, -1230(t5)
core   0: 3 0x8000a4d2 (0xb23f2923) mem 0x80010000 0x00000001
core   0: 0x8000a4d6 (0x0000bfe5) c.j     pc - 8
core   0: 3 0x8000a4d6 (0xbfe5)
core   0: 0x8000a4ce (0x00006f17) auipc   t5, 0x6
core   0: 3 0x8000a4ce (0x00006f17) x30 0x800104ce
core   0: 0x8000a4d2 (0xb23f2923) sw      gp, -1230(t5)
core   0: 3 0x8000a4d2 (0xb23f2923) mem 0x80010000 0x00000001
core   0: 0x8000a4d6 (0x0000bfe5) c.j     pc - 8
core   0: 3 0x8000a4d6 (0xbfe5)
core   0: 0x8000a4ce (0x00006f17) auipc   t5, 0x6
core   0: 3 0x8000a4ce (0x00006f17) x30 0x800104ce
core   0: 0x8000a4d2 (0xb23f2923) sw      gp, -1230(t5)
core   0: 3 0x8000a4d2 (0xb23f2923) mem 0x80010000 0x00000001
core   0: 0x8000a4d6 (0x0000bfe5) c.j     pc - 8
core   0: 3 0x8000a4d6 (0xbfe5)
core   0: 0x8000a4ce (0x00006f17) auipc   t5, 0x6
core   0: 3 0x8000a4ce (0x00006f17) x30 0x800104ce
core   0: 0x8000a4d2 (0xb23f2923) sw      gp, -1230(t5)
core   0: 3 0x8000a4d2 (0xb23f2923) mem 0x80010000 0x00000001
core   0: 0x8000a4d6 (0x0000bfe5) c.j     pc - 8
core   0: 3 0x8000a4d6 (0xbfe5)
core   0: 0x8000a4ce (0x00006f17) auipc   t5, 0x6
core   0: 3 0x8000a4ce (0x00006f17) x30 0x800104ce
core   0: 0x8000a4d2 (0xb23f2923) sw      gp, -1230(t5)
core   0: 3 0x8000a4d2 (0xb23f2923) mem 0x80010000 0x00000001
core   0: 0x8000a4d6 (0x0000bfe5) c.j     pc - 8
core   0: 3 0x8000a4d6 (0xbfe5)
core   0: 0x8000a4ce (0x00006f17) auipc   t5, 0x6
core   0: 3 0x8000a4ce (0x00006f17) x30 0x800104ce
core   0: 0x8000a4d2 (0xb23f2923) sw      gp, -1230(t5)
core   0: 3 0x8000a4d2 (0xb23f2923) mem 0x80010000 0x00000001
core   0: 0x8000a4d6 (0x0000bfe5) c.j     pc - 8
core   0: 3 0x8000a4d6 (0xbfe5)
core   0: 0x8000a4ce (0x00006f17) auipc   t5, 0x6
core   0: 3 0x8000a4ce (0x00006f17) x30 0x800104ce
core   0: 0x8000a4d2 (0xb23f2923) sw      gp, -1230(t5)
core   0: 3 0x8000a4d2 (0xb23f2923) mem 0x80010000 0x00000001
core   0: 0x8000a4d6 (0x0000bfe5) c.j     pc - 8
core   0: 3 0x8000a4d6 (0xbfe5)
core   0: 0x8000a4ce (0x00006f17) auipc   t5, 0x6
core   0: 3 0x8000a4ce (0x00006f17) x30 0x800104ce
core   0: 0x8000a4d2 (0xb23f2923) sw      gp, -1230(t5)
core   0: 3 0x8000a4d2 (0xb23f2923) mem 0x80010000 0x00000001
core   0: 0x8000a4d6 (0x0000bfe5) c.j     pc - 8
core   0: 3 0x8000a4d6 (0xbfe5)
core   0: 0x8000a4ce (0x00006f17) auipc   t5, 0x6
core   0: 3 0x8000a4ce (0x00006f17) x30 0x800104ce
core   0: 0x8000a4d2 (0xb23f2923) sw      gp, -1230(t5)
core   0: 3 0x8000a4d2 (0xb23f2923) mem 0x80010000 0x00000001
core   0: 0x8000a4d6 (0x0000bfe5) c.j     pc - 8
core   0: 3 0x8000a4d6 (0xbfe5)
core   0: 0x8000a4ce (0x00006f17) auipc   t5, 0x6
core   0: 3 0x8000a4ce (0x00006f17) x30 0x800104ce
core   0: 0x8000a4d2 (0xb23f2923) sw      gp, -1230(t5)
core   0: 3 0x8000a4d2 (0xb23f2923) mem 0x80010000 0x00000001
core   0: 0x8000a4d6 (0x0000bfe5) c.j     pc - 8
core   0: 3 0x8000a4d6 (0xbfe5)
core   0: 0x8000a4ce (0x00006f17) auipc   t5, 0x6
core   0: 3 0x8000a4ce (0x00006f17) x30 0x800104ce
core   0: 0x8000a4d2 (0xb23f2923) sw      gp, -1230(t5)
core   0: 3 0x8000a4d2 (0xb23f2923) mem 0x80010000 0x00000001
core   0: 0x8000a4d6 (0x0000bfe5) c.j     pc - 8
core   0: 3 0x8000a4d6 (0xbfe5)
core   0: 0x8000a4ce (0x00006f17) auipc   t5, 0x6
core   0: 3 0x8000a4ce (0x00006f17) x30 0x800104ce
core   0: 0x8000a4d2 (0xb23f2923) sw      gp, -1230(t5)
core   0: 3 0x8000a4d2 (0xb23f2923) mem 0x80010000 0x00000001
core   0: 0x8000a4d6 (0x0000bfe5) c.j     pc - 8
core   0: 3 0x8000a4d6 (0xbfe5)
core   0: 0x8000a4ce (0x00006f17) auipc   t5, 0x6
core   0: 3 0x8000a4ce (0x00006f17) x30 0x800104ce
core   0: 0x8000a4d2 (0xb23f2923) sw      gp, -1230(t5)
core   0: 3 0x8000a4d2 (0xb23f2923) mem 0x80010000 0x00000001
core   0: 0x8000a4d6 (0x0000bfe5) c.j     pc - 8
core   0: 3 0x8000a4d6 (0xbfe5)
core   0: 0x8000a4ce (0x00006f17) auipc   t5, 0x6
core   0: 3 0x8000a4ce (0x00006f17) x30 0x800104ce
core   0: 0x8000a4d2 (0xb23f2923) sw      gp, -1230(t5)
core   0: 3 0x8000a4d2 (0xb23f2923) mem 0x80010000 0x00000001
core   0: 0x8000a4d6 (0x0000bfe5) c.j     pc - 8
core   0: 3 0x8000a4d6 (0xbfe5)
core   0: 0x8000a4ce (0x00006f17) auipc   t5, 0x6
core   0: 3 0x8000a4ce (0x00006f17) x30 0x800104ce
core   0: 0x8000a4d2 (0xb23f2923) sw      gp, -1230(t5)
core   0: 3 0x8000a4d2 (0xb23f2923) mem 0x80010000 0x00000001
core   0: 0x8000a4d6 (0x0000bfe5) c.j     pc - 8
core   0: 3 0x8000a4d6 (0xbfe5)
core   0: 0x8000a4ce (0x00006f17) auipc   t5, 0x6
core   0: 3 0x8000a4ce (0x00006f17) x30 0x800104ce
core   0: 0x8000a4d2 (0xb23f2923) sw      gp, -1230(t5)
core   0: 3 0x8000a4d2 (0xb23f2923) mem 0x80010000 0x00000001
core   0: 0x8000a4d6 (0x0000bfe5) c.j     pc - 8
core   0: 3 0x8000a4d6 (0xbfe5)
core   0: 0x8000a4ce (0x00006f17) auipc   t5, 0x6
core   0: 3 0x8000a4ce (0x00006f17) x30 0x800104ce
core   0: 0x8000a4d2 (0xb23f2923) sw      gp, -1230(t5)
core   0: 3 0x8000a4d2 (0xb23f2923) mem 0x80010000 0x00000001
core   0: 0x8000a4d6 (0x0000bfe5) c.j     pc - 8
core   0: 3 0x8000a4d6 (0xbfe5)
core   0: 0x8000a4ce (0x00006f17) auipc   t5, 0x6
core   0: 3 0x8000a4ce (0x00006f17) x30 0x800104ce
core   0: 0x8000a4d2 (0xb23f2923) sw      gp, -1230(t5)
core   0: 3 0x8000a4d2 (0xb23f2923) mem 0x80010000 0x00000001
core   0: 0x8000a4d6 (0x0000bfe5) c.j     pc - 8
core   0: 3 0x8000a4d6 (0xbfe5)
core   0: 0x8000a4ce (0x00006f17) auipc   t5, 0x6
core   0: 3 0x8000a4ce (0x00006f17) x30 0x800104ce
core   0: 0x8000a4d2 (0xb23f2923) sw      gp, -1230(t5)
core   0: 3 0x8000a4d2 (0xb23f2923) mem 0x80010000 0x00000001
core   0: 0x8000a4d6 (0x0000bfe5) c.j     pc - 8
core   0: 3 0x8000a4d6 (0xbfe5)
core   0: 0x8000a4ce (0x00006f17) auipc   t5, 0x6
core   0: 3 0x8000a4ce (0x00006f17) x30 0x800104ce
core   0: 0x8000a4d2 (0xb23f2923) sw      gp, -1230(t5)
core   0: 3 0x8000a4d2 (0xb23f2923) mem 0x80010000 0x00000001
core   0: 0x8000a4d6 (0x0000bfe5) c.j     pc - 8
core   0: 3 0x8000a4d6 (0xbfe5)
core   0: 0x8000a4ce (0x00006f17) auipc   t5, 0x6
core   0: 3 0x8000a4ce (0x00006f17) x30 0x800104ce
core   0: 0x8000a4d2 (0xb23f2923) sw      gp, -1230(t5)
core   0: 3 0x8000a4d2 (0xb23f2923) mem 0x80010000 0x00000001
core   0: 0x8000a4d6 (0x0000bfe5) c.j     pc - 8
core   0: 3 0x8000a4d6 (0xbfe5)
core   0: 0x8000a4ce (0x00006f17) auipc   t5, 0x6
core   0: 3 0x8000a4ce (0x00006f17) x30 0x800104ce
core   0: 0x8000a4d2 (0xb23f2923) sw      gp, -1230(t5)
core   0: 3 0x8000a4d2 (0xb23f2923) mem 0x80010000 0x00000001
core   0: 0x8000a4d6 (0x0000bfe5) c.j     pc - 8
core   0: 3 0x8000a4d6 (0xbfe5)
core   0: 0x8000a4ce (0x00006f17) auipc   t5, 0x6
core   0: 3 0x8000a4ce (0x00006f17) x30 0x800104ce
core   0: 0x8000a4d2 (0xb23f2923) sw      gp, -1230(t5)
core   0: 3 0x8000a4d2 (0xb23f2923) mem 0x80010000 0x00000001
core   0: 0x8000a4d6 (0x0000bfe5) c.j     pc - 8
core   0: 3 0x8000a4d6 (0xbfe5)
core   0: 0x8000a4ce (0x00006f17) auipc   t5, 0x6
core   0: 3 0x8000a4ce (0x00006f17) x30 0x800104ce
core   0: 0x8000a4d2 (0xb23f2923) sw      gp, -1230(t5)
core   0: 3 0x8000a4d2 (0xb23f2923) mem 0x80010000 0x00000001
core   0: 0x8000a4d6 (0x0000bfe5) c.j     pc - 8
core   0: 3 0x8000a4d6 (0xbfe5)
core   0: 0x8000a4ce (0x00006f17) auipc   t5, 0x6
core   0: 3 0x8000a4ce (0x00006f17) x30 0x800104ce
core   0: 0x8000a4d2 (0xb23f2923) sw      gp, -1230(t5)
core   0: 3 0x8000a4d2 (0xb23f2923) mem 0x80010000 0x00000001
core   0: 0x8000a4d6 (0x0000bfe5) c.j     pc - 8
core   0: 3 0x8000a4d6 (0xbfe5)
core   0: 0x8000a4ce (0x00006f17) auipc   t5, 0x6
core   0: 3 0x8000a4ce (0x00006f17) x30 0x800104ce
core   0: 0x8000a4d2 (0xb23f2923) sw      gp, -1230(t5)
core   0: 3 0x8000a4d2 (0xb23f2923) mem 0x80010000 0x00000001
core   0: 0x8000a4d6 (0x0000bfe5) c.j     pc - 8
core   0: 3 0x8000a4d6 (0xbfe5)
core   0: 0x8000a4ce (0x00006f17) auipc   t5, 0x6
core   0: 3 0x8000a4ce (0x00006f17) x30 0x800104ce
core   0: 0x8000a4d2 (0xb23f2923) sw      gp, -1230(t5)
core   0: 3 0x8000a4d2 (0xb23f2923) mem 0x80010000 0x00000001
core   0: 0x8000a4d6 (0x0000bfe5) c.j     pc - 8
core   0: 3 0x8000a4d6 (0xbfe5)
core   0: 0x8000a4ce (0x00006f17) auipc   t5, 0x6
core   0: 3 0x8000a4ce (0x00006f17) x30 0x800104ce
core   0: 0x8000a4d2 (0xb23f2923) sw      gp, -1230(t5)
core   0: 3 0x8000a4d2 (0xb23f2923) mem 0x80010000 0x00000001
core   0: 0x8000a4d6 (0x0000bfe5) c.j     pc - 8
core   0: 3 0x8000a4d6 (0xbfe5)
core   0: 0x8000a4ce (0x00006f17) auipc   t5, 0x6
core   0: 3 0x8000a4ce (0x00006f17) x30 0x800104ce
core   0: 0x8000a4d2 (0xb23f2923) sw      gp, -1230(t5)
core   0: 3 0x8000a4d2 (0xb23f2923) mem 0x80010000 0x00000001
core   0: 0x8000a4d6 (0x0000bfe5) c.j     pc - 8
core   0: 3 0x8000a4d6 (0xbfe5)
core   0: 0x8000a4ce (0x00006f17) auipc   t5, 0x6
core   0: 3 0x8000a4ce (0x00006f17) x30 0x800104ce
core   0: 0x8000a4d2 (0xb23f2923) sw      gp, -1230(t5)
core   0: 3 0x8000a4d2 (0xb23f2923) mem 0x80010000 0x00000001
core   0: 0x8000a4d6 (0x0000bfe5) c.j     pc - 8
core   0: 3 0x8000a4d6 (0xbfe5)
core   0: 0x8000a4ce (0x00006f17) auipc   t5, 0x6
core   0: 3 0x8000a4ce (0x00006f17) x30 0x800104ce
core   0: 0x8000a4d2 (0xb23f2923) sw      gp, -1230(t5)
core   0: 3 0x8000a4d2 (0xb23f2923) mem 0x80010000 0x00000001
core   0: 0x8000a4d6 (0x0000bfe5) c.j     pc - 8
core   0: 3 0x8000a4d6 (0xbfe5)
core   0: 0x8000a4ce (0x00006f17) auipc   t5, 0x6
core   0: 3 0x8000a4ce (0x00006f17) x30 0x800104ce
core   0: 0x8000a4d2 (0xb23f2923) sw      gp, -1230(t5)
core   0: 3 0x8000a4d2 (0xb23f2923) mem 0x80010000 0x00000001
core   0: 0x8000a4d6 (0x0000bfe5) c.j     pc - 8
core   0: 3 0x8000a4d6 (0xbfe5)
core   0: 0x8000a4ce (0x00006f17) auipc   t5, 0x6
core   0: 3 0x8000a4ce (0x00006f17) x30 0x800104ce
core   0: 0x8000a4d2 (0xb23f2923) sw      gp, -1230(t5)
core   0: 3 0x8000a4d2 (0xb23f2923) mem 0x80010000 0x00000001
core   0: 0x8000a4d6 (0x0000bfe5) c.j     pc - 8
core   0: 3 0x8000a4d6 (0xbfe5)
core   0: 0x8000a4ce (0x00006f17) auipc   t5, 0x6
core   0: 3 0x8000a4ce (0x00006f17) x30 0x800104ce
core   0: 0x8000a4d2 (0xb23f2923) sw      gp, -1230(t5)
core   0: 3 0x8000a4d2 (0xb23f2923) mem 0x80010000 0x00000001
core   0: 0x8000a4d6 (0x0000bfe5) c.j     pc - 8
core   0: 3 0x8000a4d6 (0xbfe5)
core   0: 0x8000a4ce (0x00006f17) auipc   t5, 0x6
core   0: 3 0x8000a4ce (0x00006f17) x30 0x800104ce
core   0: 0x8000a4d2 (0xb23f2923) sw      gp, -1230(t5)
core   0: 3 0x8000a4d2 (0xb23f2923) mem 0x80010000 0x00000001
core   0: 0x8000a4d6 (0x0000bfe5) c.j     pc - 8
core   0: 3 0x8000a4d6 (0xbfe5)
core   0: 0x8000a4ce (0x00006f17) auipc   t5, 0x6
core   0: 3 0x8000a4ce (0x00006f17) x30 0x800104ce
core   0: 0x8000a4d2 (0xb23f2923) sw      gp, -1230(t5)
core   0: 3 0x8000a4d2 (0xb23f2923) mem 0x80010000 0x00000001
core   0: 0x8000a4d6 (0x0000bfe5) c.j     pc - 8
core   0: 3 0x8000a4d6 (0xbfe5)
core   0: 0x8000a4ce (0x00006f17) auipc   t5, 0x6
core   0: 3 0x8000a4ce (0x00006f17) x30 0x800104ce
core   0: 0x8000a4d2 (0xb23f2923) sw      gp, -1230(t5)
core   0: 3 0x8000a4d2 (0xb23f2923) mem 0x80010000 0x00000001
core   0: 0x8000a4d6 (0x0000bfe5) c.j     pc - 8
core   0: 3 0x8000a4d6 (0xbfe5)
core   0: 0x8000a4ce (0x00006f17) auipc   t5, 0x6
core   0: 3 0x8000a4ce (0x00006f17) x30 0x800104ce
core   0: 0x8000a4d2 (0xb23f2923) sw      gp, -1230(t5)
core   0: 3 0x8000a4d2 (0xb23f2923) mem 0x80010000 0x00000001
core   0: 0x8000a4d6 (0x0000bfe5) c.j     pc - 8
core   0: 3 0x8000a4d6 (0xbfe5)
core   0: 0x8000a4ce (0x00006f17) auipc   t5, 0x6
core   0: 3 0x8000a4ce (0x00006f17) x30 0x800104ce
core   0: 0x8000a4d2 (0xb23f2923) sw      gp, -1230(t5)
core   0: 3 0x8000a4d2 (0xb23f2923) mem 0x80010000 0x00000001
core   0: 0x8000a4d6 (0x0000bfe5) c.j     pc - 8
core   0: 3 0x8000a4d6 (0xbfe5)
core   0: 0x8000a4ce (0x00006f17) auipc   t5, 0x6
core   0: 3 0x8000a4ce (0x00006f17) x30 0x800104ce
core   0: 0x8000a4d2 (0xb23f2923) sw      gp, -1230(t5)
core   0: 3 0x8000a4d2 (0xb23f2923) mem 0x80010000 0x00000001
core   0: 0x8000a4d6 (0x0000bfe5) c.j     pc - 8
core   0: 3 0x8000a4d6 (0xbfe5)
core   0: 0x8000a4ce (0x00006f17) auipc   t5, 0x6
core   0: 3 0x8000a4ce (0x00006f17) x30 0x800104ce
core   0: 0x8000a4d2 (0xb23f2923) sw      gp, -1230(t5)
core   0: 3 0x8000a4d2 (0xb23f2923) mem 0x80010000 0x00000001
core   0: 0x8000a4d6 (0x0000bfe5) c.j     pc - 8
core   0: 3 0x8000a4d6 (0xbfe5)
core   0: 0x8000a4ce (0x00006f17) auipc   t5, 0x6
core   0: 3 0x8000a4ce (0x00006f17) x30 0x800104ce
core   0: 0x8000a4d2 (0xb23f2923) sw      gp, -1230(t5)
core   0: 3 0x8000a4d2 (0xb23f2923) mem 0x80010000 0x00000001
core   0: 0x8000a4d6 (0x0000bfe5) c.j     pc - 8
core   0: 3 0x8000a4d6 (0xbfe5)
core   0: 0x8000a4ce (0x00006f17) auipc   t5, 0x6
core   0: 3 0x8000a4ce (0x00006f17) x30 0x800104ce
core   0: 0x8000a4d2 (0xb23f2923) sw      gp, -1230(t5)
core   0: 3 0x8000a4d2 (0xb23f2923) mem 0x80010000 0x00000001
core   0: 0x8000a4d6 (0x0000bfe5) c.j     pc - 8
core   0: 3 0x8000a4d6 (0xbfe5)
core   0: 0x8000a4ce (0x00006f17) auipc   t5, 0x6
core   0: 3 0x8000a4ce (0x00006f17) x30 0x800104ce
core   0: 0x8000a4d2 (0xb23f2923) sw      gp, -1230(t5)
core   0: 3 0x8000a4d2 (0xb23f2923) mem 0x80010000 0x00000001
core   0: 0x8000a4d6 (0x0000bfe5) c.j     pc - 8
core   0: 3 0x8000a4d6 (0xbfe5)
core   0: 0x8000a4ce (0x00006f17) auipc   t5, 0x6
core   0: 3 0x8000a4ce (0x00006f17) x30 0x800104ce
core   0: 0x8000a4d2 (0xb23f2923) sw      gp, -1230(t5)
core   0: 3 0x8000a4d2 (0xb23f2923) mem 0x80010000 0x00000001
core   0: 0x8000a4d6 (0x0000bfe5) c.j     pc - 8
core   0: 3 0x8000a4d6 (0xbfe5)
core   0: 0x8000a4ce (0x00006f17) auipc   t5, 0x6
core   0: 3 0x8000a4ce (0x00006f17) x30 0x800104ce
core   0: 0x8000a4d2 (0xb23f2923) sw      gp, -1230(t5)
core   0: 3 0x8000a4d2 (0xb23f2923) mem 0x80010000 0x00000001
core   0: 0x8000a4d6 (0x0000bfe5) c.j     pc - 8
core   0: 3 0x8000a4d6 (0xbfe5)
core   0: 0x8000a4ce (0x00006f17) auipc   t5, 0x6
core   0: 3 0x8000a4ce (0x00006f17) x30 0x800104ce
core   0: 0x8000a4d2 (0xb23f2923) sw      gp, -1230(t5)
core   0: 3 0x8000a4d2 (0xb23f2923) mem 0x80010000 0x00000001
core   0: 0x8000a4d6 (0x0000bfe5) c.j     pc - 8
core   0: 3 0x8000a4d6 (0xbfe5)
core   0: 0x8000a4ce (0x00006f17) auipc   t5, 0x6
core   0: 3 0x8000a4ce (0x00006f17) x30 0x800104ce
core   0: 0x8000a4d2 (0xb23f2923) sw      gp, -1230(t5)
core   0: 3 0x8000a4d2 (0xb23f2923) mem 0x80010000 0x00000001
core   0: 0x8000a4d6 (0x0000bfe5) c.j     pc - 8
core   0: 3 0x8000a4d6 (0xbfe5)
core   0: 0x8000a4ce (0x00006f17) auipc   t5, 0x6
core   0: 3 0x8000a4ce (0x00006f17) x30 0x800104ce
core   0: 0x8000a4d2 (0xb23f2923) sw      gp, -1230(t5)
core   0: 3 0x8000a4d2 (0xb23f2923) mem 0x80010000 0x00000001
core   0: 0x8000a4d6 (0x0000bfe5) c.j     pc - 8
core   0: 3 0x8000a4d6 (0xbfe5)
core   0: 0x8000a4ce (0x00006f17) auipc   t5, 0x6
core   0: 3 0x8000a4ce (0x00006f17) x30 0x800104ce
core   0: 0x8000a4d2 (0xb23f2923) sw      gp, -1230(t5)
core   0: 3 0x8000a4d2 (0xb23f2923) mem 0x80010000 0x00000001
core   0: 0x8000a4d6 (0x0000bfe5) c.j     pc - 8
core   0: 3 0x8000a4d6 (0xbfe5)
core   0: 0x8000a4ce (0x00006f17) auipc   t5, 0x6
core   0: 3 0x8000a4ce (0x00006f17) x30 0x800104ce
core   0: 0x8000a4d2 (0xb23f2923) sw      gp, -1230(t5)
core   0: 3 0x8000a4d2 (0xb23f2923) mem 0x80010000 0x00000001
core   0: 0x8000a4d6 (0x0000bfe5) c.j     pc - 8
core   0: 3 0x8000a4d6 (0xbfe5)
core   0: 0x8000a4ce (0x00006f17) auipc   t5, 0x6
core   0: 3 0x8000a4ce (0x00006f17) x30 0x800104ce
core   0: 0x8000a4d2 (0xb23f2923) sw      gp, -1230(t5)
core   0: 3 0x8000a4d2 (0xb23f2923) mem 0x80010000 0x00000001
core   0: 0x8000a4d6 (0x0000bfe5) c.j     pc - 8
core   0: 3 0x8000a4d6 (0xbfe5)
core   0: 0x8000a4ce (0x00006f17) auipc   t5, 0x6
core   0: 3 0x8000a4ce (0x00006f17) x30 0x800104ce
core   0: 0x8000a4d2 (0xb23f2923) sw      gp, -1230(t5)
core   0: 3 0x8000a4d2 (0xb23f2923) mem 0x80010000 0x00000001
core   0: 0x8000a4d6 (0x0000bfe5) c.j     pc - 8
core   0: 3 0x8000a4d6 (0xbfe5)
core   0: 0x8000a4ce (0x00006f17) auipc   t5, 0x6
core   0: 3 0x8000a4ce (0x00006f17) x30 0x800104ce
core   0: 0x8000a4d2 (0xb23f2923) sw      gp, -1230(t5)
core   0: 3 0x8000a4d2 (0xb23f2923) mem 0x80010000 0x00000001
core   0: 0x8000a4d6 (0x0000bfe5) c.j     pc - 8
core   0: 3 0x8000a4d6 (0xbfe5)
core   0: 0x8000a4ce (0x00006f17) auipc   t5, 0x6
core   0: 3 0x8000a4ce (0x00006f17) x30 0x800104ce
core   0: 0x8000a4d2 (0xb23f2923) sw      gp, -1230(t5)
core   0: 3 0x8000a4d2 (0xb23f2923) mem 0x80010000 0x00000001
core   0: 0x8000a4d6 (0x0000bfe5) c.j     pc - 8
core   0: 3 0x8000a4d6 (0xbfe5)
core   0: 0x8000a4ce (0x00006f17) auipc   t5, 0x6
core   0: 3 0x8000a4ce (0x00006f17) x30 0x800104ce
core   0: 0x8000a4d2 (0xb23f2923) sw      gp, -1230(t5)
core   0: 3 0x8000a4d2 (0xb23f2923) mem 0x80010000 0x00000001
core   0: 0x8000a4d6 (0x0000bfe5) c.j     pc - 8
core   0: 3 0x8000a4d6 (0xbfe5)
core   0: 0x8000a4ce (0x00006f17) auipc   t5, 0x6
core   0: 3 0x8000a4ce (0x00006f17) x30 0x800104ce
core   0: 0x8000a4d2 (0xb23f2923) sw      gp, -1230(t5)
core   0: 3 0x8000a4d2 (0xb23f2923) mem 0x80010000 0x00000001
core   0: 0x8000a4d6 (0x0000bfe5) c.j     pc - 8
core   0: 3 0x8000a4d6 (0xbfe5)
core   0: 0x8000a4ce (0x00006f17) auipc   t5, 0x6
core   0: 3 0x8000a4ce (0x00006f17) x30 0x800104ce
core   0: 0x8000a4d2 (0xb23f2923) sw      gp, -1230(t5)
core   0: 3 0x8000a4d2 (0xb23f2923) mem 0x80010000 0x00000001
core   0: 0x8000a4d6 (0x0000bfe5) c.j     pc - 8
core   0: 3 0x8000a4d6 (0xbfe5)
core   0: 0x8000a4ce (0x00006f17) auipc   t5, 0x6
core   0: 3 0x8000a4ce (0x00006f17) x30 0x800104ce
core   0: 0x8000a4d2 (0xb23f2923) sw      gp, -1230(t5)
core   0: 3 0x8000a4d2 (0xb23f2923) mem 0x80010000 0x00000001
core   0: 0x8000a4d6 (0x0000bfe5) c.j     pc - 8
core   0: 3 0x8000a4d6 (0xbfe5)
core   0: 0x8000a4ce (0x00006f17) auipc   t5, 0x6
core   0: 3 0x8000a4ce (0x00006f17) x30 0x800104ce
core   0: 0x8000a4d2 (0xb23f2923) sw      gp, -1230(t5)
core   0: 3 0x8000a4d2 (0xb23f2923) mem 0x80010000 0x00000001
core   0: 0x8000a4d6 (0x0000bfe5) c.j     pc - 8
core   0: 3 0x8000a4d6 (0xbfe5)
core   0: 0x8000a4ce (0x00006f17) auipc   t5, 0x6
core   0: 3 0x8000a4ce (0x00006f17) x30 0x800104ce
core   0: 0x8000a4d2 (0xb23f2923) sw      gp, -1230(t5)
core   0: 3 0x8000a4d2 (0xb23f2923) mem 0x80010000 0x00000001
core   0: 0x8000a4d6 (0x0000bfe5) c.j     pc - 8
core   0: 3 0x8000a4d6 (0xbfe5)
core   0: 0x8000a4ce (0x00006f17) auipc   t5, 0x6
core   0: 3 0x8000a4ce (0x00006f17) x30 0x800104ce
core   0: 0x8000a4d2 (0xb23f2923) sw      gp, -1230(t5)
core   0: 3 0x8000a4d2 (0xb23f2923) mem 0x80010000 0x00000001
core   0: 0x8000a4d6 (0x0000bfe5) c.j     pc - 8
core   0: 3 0x8000a4d6 (0xbfe5)
core   0: 0x8000a4ce (0x00006f17) auipc   t5, 0x6
core   0: 3 0x8000a4ce (0x00006f17) x30 0x800104ce
core   0: 0x8000a4d2 (0xb23f2923) sw      gp, -1230(t5)
core   0: 3 0x8000a4d2 (0xb23f2923) mem 0x80010000 0x00000001
core   0: 0x8000a4d6 (0x0000bfe5) c.j     pc - 8
core   0: 3 0x8000a4d6 (0xbfe5)
core   0: 0x8000a4ce (0x00006f17) auipc   t5, 0x6
core   0: 3 0x8000a4ce (0x00006f17) x30 0x800104ce
core   0: 0x8000a4d2 (0xb23f2923) sw      gp, -1230(t5)
core   0: 3 0x8000a4d2 (0xb23f2923) mem 0x80010000 0x00000001
core   0: 0x8000a4d6 (0x0000bfe5) c.j     pc - 8
core   0: 3 0x8000a4d6 (0xbfe5)
core   0: 0x8000a4ce (0x00006f17) auipc   t5, 0x6
core   0: 3 0x8000a4ce (0x00006f17) x30 0x800104ce
core   0: 0x8000a4d2 (0xb23f2923) sw      gp, -1230(t5)
core   0: 3 0x8000a4d2 (0xb23f2923) mem 0x80010000 0x00000001
core   0: 0x8000a4d6 (0x0000bfe5) c.j     pc - 8
core   0: 3 0x8000a4d6 (0xbfe5)
core   0: 0x8000a4ce (0x00006f17) auipc   t5, 0x6
core   0: 3 0x8000a4ce (0x00006f17) x30 0x800104ce
core   0: 0x8000a4d2 (0xb23f2923) sw      gp, -1230(t5)
core   0: 3 0x8000a4d2 (0xb23f2923) mem 0x80010000 0x00000001
core   0: 0x8000a4d6 (0x0000bfe5) c.j     pc - 8
core   0: 3 0x8000a4d6 (0xbfe5)
core   0: 0x8000a4ce (0x00006f17) auipc   t5, 0x6
core   0: 3 0x8000a4ce (0x00006f17) x30 0x800104ce
core   0: 0x8000a4d2 (0xb23f2923) sw      gp, -1230(t5)
core   0: 3 0x8000a4d2 (0xb23f2923) mem 0x80010000 0x00000001
core   0: 0x8000a4d6 (0x0000bfe5) c.j     pc - 8
core   0: 3 0x8000a4d6 (0xbfe5)
core   0: 0x8000a4ce (0x00006f17) auipc   t5, 0x6
core   0: 3 0x8000a4ce (0x00006f17) x30 0x800104ce
core   0: 0x8000a4d2 (0xb23f2923) sw      gp, -1230(t5)
core   0: 3 0x8000a4d2 (0xb23f2923) mem 0x80010000 0x00000001
core   0: 0x8000a4d6 (0x0000bfe5) c.j     pc - 8
core   0: 3 0x8000a4d6 (0xbfe5)
core   0: 0x8000a4ce (0x00006f17) auipc   t5, 0x6
core   0: 3 0x8000a4ce (0x00006f17) x30 0x800104ce
core   0: 0x8000a4d2 (0xb23f2923) sw      gp, -1230(t5)
core   0: 3 0x8000a4d2 (0xb23f2923) mem 0x80010000 0x00000001
core   0: 0x8000a4d6 (0x0000bfe5) c.j     pc - 8
core   0: 3 0x8000a4d6 (0xbfe5)
core   0: 0x8000a4ce (0x00006f17) auipc   t5, 0x6
core   0: 3 0x8000a4ce (0x00006f17) x30 0x800104ce
core   0: 0x8000a4d2 (0xb23f2923) sw      gp, -1230(t5)
core   0: 3 0x8000a4d2 (0xb23f2923) mem 0x80010000 0x00000001
core   0: 0x8000a4d6 (0x0000bfe5) c.j     pc - 8
core   0: 3 0x8000a4d6 (0xbfe5)
core   0: 0x8000a4ce (0x00006f17) auipc   t5, 0x6
core   0: 3 0x8000a4ce (0x00006f17) x30 0x800104ce
core   0: 0x8000a4d2 (0xb23f2923) sw      gp, -1230(t5)
core   0: 3 0x8000a4d2 (0xb23f2923) mem 0x80010000 0x00000001
core   0: 0x8000a4d6 (0x0000bfe5) c.j     pc - 8
core   0: 3 0x8000a4d6 (0xbfe5)
core   0: 0x8000a4ce (0x00006f17) auipc   t5, 0x6
core   0: 3 0x8000a4ce (0x00006f17) x30 0x800104ce
core   0: 0x8000a4d2 (0xb23f2923) sw      gp, -1230(t5)
core   0: 3 0x8000a4d2 (0xb23f2923) mem 0x80010000 0x00000001
core   0: 0x8000a4d6 (0x0000bfe5) c.j     pc - 8
core   0: 3 0x8000a4d6 (0xbfe5)
core   0: 0x8000a4ce (0x00006f17) auipc   t5, 0x6
core   0: 3 0x8000a4ce (0x00006f17) x30 0x800104ce
core   0: 0x8000a4d2 (0xb23f2923) sw      gp, -1230(t5)
core   0: 3 0x8000a4d2 (0xb23f2923) mem 0x80010000 0x00000001
core   0: 0x8000a4d6 (0x0000bfe5) c.j     pc - 8
core   0: 3 0x8000a4d6 (0xbfe5)
core   0: 0x8000a4ce (0x00006f17) auipc   t5, 0x6
core   0: 3 0x8000a4ce (0x00006f17) x30 0x800104ce
core   0: 0x8000a4d2 (0xb23f2923) sw      gp, -1230(t5)
core   0: 3 0x8000a4d2 (0xb23f2923) mem 0x80010000 0x00000001
core   0: 0x8000a4d6 (0x0000bfe5) c.j     pc - 8
core   0: 3 0x8000a4d6 (0xbfe5)
core   0: 0x8000a4ce (0x00006f17) auipc   t5, 0x6
core   0: 3 0x8000a4ce (0x00006f17) x30 0x800104ce
core   0: 0x8000a4d2 (0xb23f2923) sw      gp, -1230(t5)
core   0: 3 0x8000a4d2 (0xb23f2923) mem 0x80010000 0x00000001
core   0: 0x8000a4d6 (0x0000bfe5) c.j     pc - 8
core   0: 3 0x8000a4d6 (0xbfe5)
core   0: 0x8000a4ce (0x00006f17) auipc   t5, 0x6
core   0: 3 0x8000a4ce (0x00006f17) x30 0x800104ce
core   0: 0x8000a4d2 (0xb23f2923) sw      gp, -1230(t5)
core   0: 3 0x8000a4d2 (0xb23f2923) mem 0x80010000 0x00000001
core   0: 0x8000a4d6 (0x0000bfe5) c.j     pc - 8
core   0: 3 0x8000a4d6 (0xbfe5)
core   0: 0x8000a4ce (0x00006f17) auipc   t5, 0x6
core   0: 3 0x8000a4ce (0x00006f17) x30 0x800104ce
core   0: 0x8000a4d2 (0xb23f2923) sw      gp, -1230(t5)
core   0: 3 0x8000a4d2 (0xb23f2923) mem 0x80010000 0x00000001
core   0: 0x8000a4d6 (0x0000bfe5) c.j     pc - 8
core   0: 3 0x8000a4d6 (0xbfe5)
core   0: 0x8000a4ce (0x00006f17) auipc   t5, 0x6
core   0: 3 0x8000a4ce (0x00006f17) x30 0x800104ce
core   0: 0x8000a4d2 (0xb23f2923) sw      gp, -1230(t5)
core   0: 3 0x8000a4d2 (0xb23f2923) mem 0x80010000 0x00000001
core   0: 0x8000a4d6 (0x0000bfe5) c.j     pc - 8
core   0: 3 0x8000a4d6 (0xbfe5)
core   0: 0x8000a4ce (0x00006f17) auipc   t5, 0x6
core   0: 3 0x8000a4ce (0x00006f17) x30 0x800104ce
core   0: 0x8000a4d2 (0xb23f2923) sw      gp, -1230(t5)
core   0: 3 0x8000a4d2 (0xb23f2923) mem 0x80010000 0x00000001
core   0: 0x8000a4d6 (0x0000bfe5) c.j     pc - 8
core   0: 3 0x8000a4d6 (0xbfe5)
core   0: 0x8000a4ce (0x00006f17) auipc   t5, 0x6
core   0: 3 0x8000a4ce (0x00006f17) x30 0x800104ce
core   0: 0x8000a4d2 (0xb23f2923) sw      gp, -1230(t5)
core   0: 3 0x8000a4d2 (0xb23f2923) mem 0x80010000 0x00000001
core   0: 0x8000a4d6 (0x0000bfe5) c.j     pc - 8
core   0: 3 0x8000a4d6 (0xbfe5)
core   0: 0x8000a4ce (0x00006f17) auipc   t5, 0x6
core   0: 3 0x8000a4ce (0x00006f17) x30 0x800104ce
core   0: 0x8000a4d2 (0xb23f2923) sw      gp, -1230(t5)
core   0: 3 0x8000a4d2 (0xb23f2923) mem 0x80010000 0x00000001
core   0: 0x8000a4d6 (0x0000bfe5) c.j     pc - 8
core   0: 3 0x8000a4d6 (0xbfe5)
core   0: 0x8000a4ce (0x00006f17) auipc   t5, 0x6
core   0: 3 0x8000a4ce (0x00006f17) x30 0x800104ce
core   0: 0x8000a4d2 (0xb23f2923) sw      gp, -1230(t5)
core   0: 3 0x8000a4d2 (0xb23f2923) mem 0x80010000 0x00000001
core   0: 0x8000a4d6 (0x0000bfe5) c.j     pc - 8
core   0: 3 0x8000a4d6 (0xbfe5)
core   0: 0x8000a4ce (0x00006f17) auipc   t5, 0x6
core   0: 3 0x8000a4ce (0x00006f17) x30 0x800104ce
core   0: 0x8000a4d2 (0xb23f2923) sw      gp, -1230(t5)
core   0: 3 0x8000a4d2 (0xb23f2923) mem 0x80010000 0x00000001
core   0: 0x8000a4d6 (0x0000bfe5) c.j     pc - 8
core   0: 3 0x8000a4d6 (0xbfe5)
core   0: 0x8000a4ce (0x00006f17) auipc   t5, 0x6
core   0: 3 0x8000a4ce (0x00006f17) x30 0x800104ce
core   0: 0x8000a4d2 (0xb23f2923) sw      gp, -1230(t5)
core   0: 3 0x8000a4d2 (0xb23f2923) mem 0x80010000 0x00000001
core   0: 0x8000a4d6 (0x0000bfe5) c.j     pc - 8
core   0: 3 0x8000a4d6 (0xbfe5)
core   0: 0x8000a4ce (0x00006f17) auipc   t5, 0x6
core   0: 3 0x8000a4ce (0x00006f17) x30 0x800104ce
core   0: 0x8000a4d2 (0xb23f2923) sw      gp, -1230(t5)
core   0: 3 0x8000a4d2 (0xb23f2923) mem 0x80010000 0x00000001
core   0: 0x8000a4d6 (0x0000bfe5) c.j     pc - 8
core   0: 3 0x8000a4d6 (0xbfe5)
core   0: 0x8000a4ce (0x00006f17) auipc   t5, 0x6
core   0: 3 0x8000a4ce (0x00006f17) x30 0x800104ce
core   0: 0x8000a4d2 (0xb23f2923) sw      gp, -1230(t5)
core   0: 3 0x8000a4d2 (0xb23f2923) mem 0x80010000 0x00000001
core   0: 0x8000a4d6 (0x0000bfe5) c.j     pc - 8
core   0: 3 0x8000a4d6 (0xbfe5)
core   0: 0x8000a4ce (0x00006f17) auipc   t5, 0x6
core   0: 3 0x8000a4ce (0x00006f17) x30 0x800104ce
core   0: 0x8000a4d2 (0xb23f2923) sw      gp, -1230(t5)
core   0: 3 0x8000a4d2 (0xb23f2923) mem 0x80010000 0x00000001
core   0: 0x8000a4d6 (0x0000bfe5) c.j     pc - 8
core   0: 3 0x8000a4d6 (0xbfe5)
core   0: 0x8000a4ce (0x00006f17) auipc   t5, 0x6
core   0: 3 0x8000a4ce (0x00006f17) x30 0x800104ce
core   0: 0x8000a4d2 (0xb23f2923) sw      gp, -1230(t5)
core   0: 3 0x8000a4d2 (0xb23f2923) mem 0x80010000 0x00000001
core   0: 0x8000a4d6 (0x0000bfe5) c.j     pc - 8
core   0: 3 0x8000a4d6 (0xbfe5)
core   0: 0x8000a4ce (0x00006f17) auipc   t5, 0x6
core   0: 3 0x8000a4ce (0x00006f17) x30 0x800104ce
core   0: 0x8000a4d2 (0xb23f2923) sw      gp, -1230(t5)
core   0: 3 0x8000a4d2 (0xb23f2923) mem 0x80010000 0x00000001
core   0: 0x8000a4d6 (0x0000bfe5) c.j     pc - 8
core   0: 3 0x8000a4d6 (0xbfe5)
core   0: 0x8000a4ce (0x00006f17) auipc   t5, 0x6
core   0: 3 0x8000a4ce (0x00006f17) x30 0x800104ce
core   0: 0x8000a4d2 (0xb23f2923) sw      gp, -1230(t5)
core   0: 3 0x8000a4d2 (0xb23f2923) mem 0x80010000 0x00000001
core   0: 0x8000a4d6 (0x0000bfe5) c.j     pc - 8
core   0: 3 0x8000a4d6 (0xbfe5)
core   0: 0x8000a4ce (0x00006f17) auipc   t5, 0x6
core   0: 3 0x8000a4ce (0x00006f17) x30 0x800104ce
core   0: 0x8000a4d2 (0xb23f2923) sw      gp, -1230(t5)
core   0: 3 0x8000a4d2 (0xb23f2923) mem 0x80010000 0x00000001
core   0: 0x8000a4d6 (0x0000bfe5) c.j     pc - 8
core   0: 3 0x8000a4d6 (0xbfe5)
core   0: 0x8000a4ce (0x00006f17) auipc   t5, 0x6
core   0: 3 0x8000a4ce (0x00006f17) x30 0x800104ce
core   0: 0x8000a4d2 (0xb23f2923) sw      gp, -1230(t5)
core   0: 3 0x8000a4d2 (0xb23f2923) mem 0x80010000 0x00000001
core   0: 0x8000a4d6 (0x0000bfe5) c.j     pc - 8
core   0: 3 0x8000a4d6 (0xbfe5)
core   0: 0x8000a4ce (0x00006f17) auipc   t5, 0x6
core   0: 3 0x8000a4ce (0x00006f17) x30 0x800104ce
core   0: 0x8000a4d2 (0xb23f2923) sw      gp, -1230(t5)
core   0: 3 0x8000a4d2 (0xb23f2923) mem 0x80010000 0x00000001
core   0: 0x8000a4d6 (0x0000bfe5) c.j     pc - 8
core   0: 3 0x8000a4d6 (0xbfe5)
core   0: 0x8000a4ce (0x00006f17) auipc   t5, 0x6
core   0: 3 0x8000a4ce (0x00006f17) x30 0x800104ce
core   0: 0x8000a4d2 (0xb23f2923) sw      gp, -1230(t5)
core   0: 3 0x8000a4d2 (0xb23f2923) mem 0x80010000 0x00000001
core   0: 0x8000a4d6 (0x0000bfe5) c.j     pc - 8
core   0: 3 0x8000a4d6 (0xbfe5)
core   0: 0x8000a4ce (0x00006f17) auipc   t5, 0x6
core   0: 3 0x8000a4ce (0x00006f17) x30 0x800104ce
core   0: 0x8000a4d2 (0xb23f2923) sw      gp, -1230(t5)
core   0: 3 0x8000a4d2 (0xb23f2923) mem 0x80010000 0x00000001
core   0: 0x8000a4d6 (0x0000bfe5) c.j     pc - 8
core   0: 3 0x8000a4d6 (0xbfe5)
core   0: 0x8000a4ce (0x00006f17) auipc   t5, 0x6
core   0: 3 0x8000a4ce (0x00006f17) x30 0x800104ce
core   0: 0x8000a4d2 (0xb23f2923) sw      gp, -1230(t5)
core   0: 3 0x8000a4d2 (0xb23f2923) mem 0x80010000 0x00000001
core   0: 0x8000a4d6 (0x0000bfe5) c.j     pc - 8
core   0: 3 0x8000a4d6 (0xbfe5)
core   0: 0x8000a4ce (0x00006f17) auipc   t5, 0x6
core   0: 3 0x8000a4ce (0x00006f17) x30 0x800104ce
core   0: 0x8000a4d2 (0xb23f2923) sw      gp, -1230(t5)
core   0: 3 0x8000a4d2 (0xb23f2923) mem 0x80010000 0x00000001
core   0: 0x8000a4d6 (0x0000bfe5) c.j     pc - 8
core   0: 3 0x8000a4d6 (0xbfe5)
core   0: 0x8000a4ce (0x00006f17) auipc   t5, 0x6
core   0: 3 0x8000a4ce (0x00006f17) x30 0x800104ce
core   0: 0x8000a4d2 (0xb23f2923) sw      gp, -1230(t5)
core   0: 3 0x8000a4d2 (0xb23f2923) mem 0x80010000 0x00000001
core   0: 0x8000a4d6 (0x0000bfe5) c.j     pc - 8
core   0: 3 0x8000a4d6 (0xbfe5)
core   0: 0x8000a4ce (0x00006f17) auipc   t5, 0x6
core   0: 3 0x8000a4ce (0x00006f17) x30 0x800104ce
core   0: 0x8000a4d2 (0xb23f2923) sw      gp, -1230(t5)
core   0: 3 0x8000a4d2 (0xb23f2923) mem 0x80010000 0x00000001
core   0: 0x8000a4d6 (0x0000bfe5) c.j     pc - 8
core   0: 3 0x8000a4d6 (0xbfe5)
core   0: 0x8000a4ce (0x00006f17) auipc   t5, 0x6
core   0: 3 0x8000a4ce (0x00006f17) x30 0x800104ce
core   0: 0x8000a4d2 (0xb23f2923) sw      gp, -1230(t5)
core   0: 3 0x8000a4d2 (0xb23f2923) mem 0x80010000 0x00000001
core   0: 0x8000a4d6 (0x0000bfe5) c.j     pc - 8
core   0: 3 0x8000a4d6 (0xbfe5)
core   0: 0x8000a4ce (0x00006f17) auipc   t5, 0x6
core   0: 3 0x8000a4ce (0x00006f17) x30 0x800104ce
core   0: 0x8000a4d2 (0xb23f2923) sw      gp, -1230(t5)
core   0: 3 0x8000a4d2 (0xb23f2923) mem 0x80010000 0x00000001
core   0: 0x8000a4d6 (0x0000bfe5) c.j     pc - 8
core   0: 3 0x8000a4d6 (0xbfe5)
core   0: 0x8000a4ce (0x00006f17) auipc   t5, 0x6
core   0: 3 0x8000a4ce (0x00006f17) x30 0x800104ce
core   0: 0x8000a4d2 (0xb23f2923) sw      gp, -1230(t5)
core   0: 3 0x8000a4d2 (0xb23f2923) mem 0x80010000 0x00000001
core   0: 0x8000a4d6 (0x0000bfe5) c.j     pc - 8
core   0: 3 0x8000a4d6 (0xbfe5)
core   0: 0x8000a4ce (0x00006f17) auipc   t5, 0x6
core   0: 3 0x8000a4ce (0x00006f17) x30 0x800104ce
core   0: 0x8000a4d2 (0xb23f2923) sw      gp, -1230(t5)
core   0: 3 0x8000a4d2 (0xb23f2923) mem 0x80010000 0x00000001
core   0: 0x8000a4d6 (0x0000bfe5) c.j     pc - 8
core   0: 3 0x8000a4d6 (0xbfe5)
core   0: 0x8000a4ce (0x00006f17) auipc   t5, 0x6
core   0: 3 0x8000a4ce (0x00006f17) x30 0x800104ce
core   0: 0x8000a4d2 (0xb23f2923) sw      gp, -1230(t5)
core   0: 3 0x8000a4d2 (0xb23f2923) mem 0x80010000 0x00000001
core   0: 0x8000a4d6 (0x0000bfe5) c.j     pc - 8
core   0: 3 0x8000a4d6 (0xbfe5)
core   0: 0x8000a4ce (0x00006f17) auipc   t5, 0x6
core   0: 3 0x8000a4ce (0x00006f17) x30 0x800104ce
core   0: 0x8000a4d2 (0xb23f2923) sw      gp, -1230(t5)
core   0: 3 0x8000a4d2 (0xb23f2923) mem 0x80010000 0x00000001
core   0: 0x8000a4d6 (0x0000bfe5) c.j     pc - 8
core   0: 3 0x8000a4d6 (0xbfe5)
core   0: 0x8000a4ce (0x00006f17) auipc   t5, 0x6
core   0: 3 0x8000a4ce (0x00006f17) x30 0x800104ce
core   0: 0x8000a4d2 (0xb23f2923) sw      gp, -1230(t5)
core   0: 3 0x8000a4d2 (0xb23f2923) mem 0x80010000 0x00000001
core   0: 0x8000a4d6 (0x0000bfe5) c.j     pc - 8
core   0: 3 0x8000a4d6 (0xbfe5)
core   0: 0x8000a4ce (0x00006f17) auipc   t5, 0x6
core   0: 3 0x8000a4ce (0x00006f17) x30 0x800104ce
core   0: 0x8000a4d2 (0xb23f2923) sw      gp, -1230(t5)
core   0: 3 0x8000a4d2 (0xb23f2923) mem 0x80010000 0x00000001
core   0: 0x8000a4d6 (0x0000bfe5) c.j     pc - 8
core   0: 3 0x8000a4d6 (0xbfe5)
core   0: 0x8000a4ce (0x00006f17) auipc   t5, 0x6
core   0: 3 0x8000a4ce (0x00006f17) x30 0x800104ce
core   0: 0x8000a4d2 (0xb23f2923) sw      gp, -1230(t5)
core   0: 3 0x8000a4d2 (0xb23f2923) mem 0x80010000 0x00000001
core   0: 0x8000a4d6 (0x0000bfe5) c.j     pc - 8
core   0: 3 0x8000a4d6 (0xbfe5)
core   0: 0x8000a4ce (0x00006f17) auipc   t5, 0x6
core   0: 3 0x8000a4ce (0x00006f17) x30 0x800104ce
core   0: 0x8000a4d2 (0xb23f2923) sw      gp, -1230(t5)
core   0: 3 0x8000a4d2 (0xb23f2923) mem 0x80010000 0x00000001
core   0: 0x8000a4d6 (0x0000bfe5) c.j     pc - 8
core   0: 3 0x8000a4d6 (0xbfe5)
core   0: 0x8000a4ce (0x00006f17) auipc   t5, 0x6
core   0: 3 0x8000a4ce (0x00006f17) x30 0x800104ce
core   0: 0x8000a4d2 (0xb23f2923) sw      gp, -1230(t5)
core   0: 3 0x8000a4d2 (0xb23f2923) mem 0x80010000 0x00000001
core   0: 0x8000a4d6 (0x0000bfe5) c.j     pc - 8
core   0: 3 0x8000a4d6 (0xbfe5)
core   0: 0x8000a4ce (0x00006f17) auipc   t5, 0x6
core   0: 3 0x8000a4ce (0x00006f17) x30 0x800104ce
core   0: 0x8000a4d2 (0xb23f2923) sw      gp, -1230(t5)
core   0: 3 0x8000a4d2 (0xb23f2923) mem 0x80010000 0x00000001
core   0: 0x8000a4d6 (0x0000bfe5) c.j     pc - 8
core   0: 3 0x8000a4d6 (0xbfe5)
core   0: 0x8000a4ce (0x00006f17) auipc   t5, 0x6
core   0: 3 0x8000a4ce (0x00006f17) x30 0x800104ce
core   0: 0x8000a4d2 (0xb23f2923) sw      gp, -1230(t5)
core   0: 3 0x8000a4d2 (0xb23f2923) mem 0x80010000 0x00000001
core   0: 0x8000a4d6 (0x0000bfe5) c.j     pc - 8
core   0: 3 0x8000a4d6 (0xbfe5)
core   0: 0x8000a4ce (0x00006f17) auipc   t5, 0x6
core   0: 3 0x8000a4ce (0x00006f17) x30 0x800104ce
core   0: 0x8000a4d2 (0xb23f2923) sw      gp, -1230(t5)
core   0: 3 0x8000a4d2 (0xb23f2923) mem 0x80010000 0x00000001
core   0: 0x8000a4d6 (0x0000bfe5) c.j     pc - 8
core   0: 3 0x8000a4d6 (0xbfe5)
core   0: 0x8000a4ce (0x00006f17) auipc   t5, 0x6
core   0: 3 0x8000a4ce (0x00006f17) x30 0x800104ce
core   0: 0x8000a4d2 (0xb23f2923) sw      gp, -1230(t5)
core   0: 3 0x8000a4d2 (0xb23f2923) mem 0x80010000 0x00000001
core   0: 0x8000a4d6 (0x0000bfe5) c.j     pc - 8
core   0: 3 0x8000a4d6 (0xbfe5)
core   0: 0x8000a4ce (0x00006f17) auipc   t5, 0x6
core   0: 3 0x8000a4ce (0x00006f17) x30 0x800104ce
core   0: 0x8000a4d2 (0xb23f2923) sw      gp, -1230(t5)
core   0: 3 0x8000a4d2 (0xb23f2923) mem 0x80010000 0x00000001
core   0: 0x8000a4d6 (0x0000bfe5) c.j     pc - 8
core   0: 3 0x8000a4d6 (0xbfe5)
core   0: 0x8000a4ce (0x00006f17) auipc   t5, 0x6
core   0: 3 0x8000a4ce (0x00006f17) x30 0x800104ce
core   0: 0x8000a4d2 (0xb23f2923) sw      gp, -1230(t5)
core   0: 3 0x8000a4d2 (0xb23f2923) mem 0x80010000 0x00000001
core   0: 0x8000a4d6 (0x0000bfe5) c.j     pc - 8
core   0: 3 0x8000a4d6 (0xbfe5)
core   0: 0x8000a4ce (0x00006f17) auipc   t5, 0x6
core   0: 3 0x8000a4ce (0x00006f17) x30 0x800104ce
core   0: 0x8000a4d2 (0xb23f2923) sw      gp, -1230(t5)
core   0: 3 0x8000a4d2 (0xb23f2923) mem 0x80010000 0x00000001
core   0: 0x8000a4d6 (0x0000bfe5) c.j     pc - 8
core   0: 3 0x8000a4d6 (0xbfe5)
core   0: 0x8000a4ce (0x00006f17) auipc   t5, 0x6
core   0: 3 0x8000a4ce (0x00006f17) x30 0x800104ce
core   0: 0x8000a4d2 (0xb23f2923) sw      gp, -1230(t5)
core   0: 3 0x8000a4d2 (0xb23f2923) mem 0x80010000 0x00000001
core   0: 0x8000a4d6 (0x0000bfe5) c.j     pc - 8
core   0: 3 0x8000a4d6 (0xbfe5)
core   0: 0x8000a4ce (0x00006f17) auipc   t5, 0x6
core   0: 3 0x8000a4ce (0x00006f17) x30 0x800104ce
core   0: 0x8000a4d2 (0xb23f2923) sw      gp, -1230(t5)
core   0: 3 0x8000a4d2 (0xb23f2923) mem 0x80010000 0x00000001
core   0: 0x8000a4d6 (0x0000bfe5) c.j     pc - 8
core   0: 3 0x8000a4d6 (0xbfe5)
core   0: 0x8000a4ce (0x00006f17) auipc   t5, 0x6
core   0: 3 0x8000a4ce (0x00006f17) x30 0x800104ce
core   0: 0x8000a4d2 (0xb23f2923) sw      gp, -1230(t5)
core   0: 3 0x8000a4d2 (0xb23f2923) mem 0x80010000 0x00000001
core   0: 0x8000a4d6 (0x0000bfe5) c.j     pc - 8
core   0: 3 0x8000a4d6 (0xbfe5)
core   0: 0x8000a4ce (0x00006f17) auipc   t5, 0x6
core   0: 3 0x8000a4ce (0x00006f17) x30 0x800104ce
core   0: 0x8000a4d2 (0xb23f2923) sw      gp, -1230(t5)
core   0: 3 0x8000a4d2 (0xb23f2923) mem 0x80010000 0x00000001
core   0: 0x8000a4d6 (0x0000bfe5) c.j     pc - 8
core   0: 3 0x8000a4d6 (0xbfe5)
core   0: 0x8000a4ce (0x00006f17) auipc   t5, 0x6
core   0: 3 0x8000a4ce (0x00006f17) x30 0x800104ce
core   0: 0x8000a4d2 (0xb23f2923) sw      gp, -1230(t5)
core   0: 3 0x8000a4d2 (0xb23f2923) mem 0x80010000 0x00000001
core   0: 0x8000a4d6 (0x0000bfe5) c.j     pc - 8
core   0: 3 0x8000a4d6 (0xbfe5)
core   0: 0x8000a4ce (0x00006f17) auipc   t5, 0x6
core   0: 3 0x8000a4ce (0x00006f17) x30 0x800104ce
core   0: 0x8000a4d2 (0xb23f2923) sw      gp, -1230(t5)
core   0: 3 0x8000a4d2 (0xb23f2923) mem 0x80010000 0x00000001
core   0: 0x8000a4d6 (0x0000bfe5) c.j     pc - 8
core   0: 3 0x8000a4d6 (0xbfe5)
core   0: 0x8000a4ce (0x00006f17) auipc   t5, 0x6
core   0: 3 0x8000a4ce (0x00006f17) x30 0x800104ce
core   0: 0x8000a4d2 (0xb23f2923) sw      gp, -1230(t5)
core   0: 3 0x8000a4d2 (0xb23f2923) mem 0x80010000 0x00000001
core   0: 0x8000a4d6 (0x0000bfe5) c.j     pc - 8
core   0: 3 0x8000a4d6 (0xbfe5)
core   0: 0x8000a4ce (0x00006f17) auipc   t5, 0x6
core   0: 3 0x8000a4ce (0x00006f17) x30 0x800104ce
core   0: 0x8000a4d2 (0xb23f2923) sw      gp, -1230(t5)
core   0: 3 0x8000a4d2 (0xb23f2923) mem 0x80010000 0x00000001
core   0: 0x8000a4d6 (0x0000bfe5) c.j     pc - 8
core   0: 3 0x8000a4d6 (0xbfe5)
core   0: 0x8000a4ce (0x00006f17) auipc   t5, 0x6
core   0: 3 0x8000a4ce (0x00006f17) x30 0x800104ce
core   0: 0x8000a4d2 (0xb23f2923) sw      gp, -1230(t5)
core   0: 3 0x8000a4d2 (0xb23f2923) mem 0x80010000 0x00000001
core   0: 0x8000a4d6 (0x0000bfe5) c.j     pc - 8
core   0: 3 0x8000a4d6 (0xbfe5)
core   0: 0x8000a4ce (0x00006f17) auipc   t5, 0x6
core   0: 3 0x8000a4ce (0x00006f17) x30 0x800104ce
core   0: 0x8000a4d2 (0xb23f2923) sw      gp, -1230(t5)
core   0: 3 0x8000a4d2 (0xb23f2923) mem 0x80010000 0x00000001
core   0: 0x8000a4d6 (0x0000bfe5) c.j     pc - 8
core   0: 3 0x8000a4d6 (0xbfe5)
core   0: 0x8000a4ce (0x00006f17) auipc   t5, 0x6
core   0: 3 0x8000a4ce (0x00006f17) x30 0x800104ce
core   0: 0x8000a4d2 (0xb23f2923) sw      gp, -1230(t5)
core   0: 3 0x8000a4d2 (0xb23f2923) mem 0x80010000 0x00000001
core   0: 0x8000a4d6 (0x0000bfe5) c.j     pc - 8
core   0: 3 0x8000a4d6 (0xbfe5)
core   0: 0x8000a4ce (0x00006f17) auipc   t5, 0x6
core   0: 3 0x8000a4ce (0x00006f17) x30 0x800104ce
core   0: 0x8000a4d2 (0xb23f2923) sw      gp, -1230(t5)
core   0: 3 0x8000a4d2 (0xb23f2923) mem 0x80010000 0x00000001
core   0: 0x8000a4d6 (0x0000bfe5) c.j     pc - 8
core   0: 3 0x8000a4d6 (0xbfe5)
core   0: 0x8000a4ce (0x00006f17) auipc   t5, 0x6
core   0: 3 0x8000a4ce (0x00006f17) x30 0x800104ce
core   0: 0x8000a4d2 (0xb23f2923) sw      gp, -1230(t5)
core   0: 3 0x8000a4d2 (0xb23f2923) mem 0x80010000 0x00000001
core   0: 0x8000a4d6 (0x0000bfe5) c.j     pc - 8
core   0: 3 0x8000a4d6 (0xbfe5)
core   0: 0x8000a4ce (0x00006f17) auipc   t5, 0x6
core   0: 3 0x8000a4ce (0x00006f17) x30 0x800104ce
core   0: 0x8000a4d2 (0xb23f2923) sw      gp, -1230(t5)
core   0: 3 0x8000a4d2 (0xb23f2923) mem 0x80010000 0x00000001
core   0: 0x8000a4d6 (0x0000bfe5) c.j     pc - 8
core   0: 3 0x8000a4d6 (0xbfe5)
core   0: 0x8000a4ce (0x00006f17) auipc   t5, 0x6
core   0: 3 0x8000a4ce (0x00006f17) x30 0x800104ce
core   0: 0x8000a4d2 (0xb23f2923) sw      gp, -1230(t5)
core   0: 3 0x8000a4d2 (0xb23f2923) mem 0x80010000 0x00000001
core   0: 0x8000a4d6 (0x0000bfe5) c.j     pc - 8
core   0: 3 0x8000a4d6 (0xbfe5)
core   0: 0x8000a4ce (0x00006f17) auipc   t5, 0x6
core   0: 3 0x8000a4ce (0x00006f17) x30 0x800104ce
core   0: 0x8000a4d2 (0xb23f2923) sw      gp, -1230(t5)
core   0: 3 0x8000a4d2 (0xb23f2923) mem 0x80010000 0x00000001
core   0: 0x8000a4d6 (0x0000bfe5) c.j     pc - 8
core   0: 3 0x8000a4d6 (0xbfe5)
core   0: 0x8000a4ce (0x00006f17) auipc   t5, 0x6
core   0: 3 0x8000a4ce (0x00006f17) x30 0x800104ce
core   0: 0x8000a4d2 (0xb23f2923) sw      gp, -1230(t5)
core   0: 3 0x8000a4d2 (0xb23f2923) mem 0x80010000 0x00000001
core   0: 0x8000a4d6 (0x0000bfe5) c.j     pc - 8
core   0: 3 0x8000a4d6 (0xbfe5)
core   0: 0x8000a4ce (0x00006f17) auipc   t5, 0x6
core   0: 3 0x8000a4ce (0x00006f17) x30 0x800104ce
core   0: 0x8000a4d2 (0xb23f2923) sw      gp, -1230(t5)
core   0: 3 0x8000a4d2 (0xb23f2923) mem 0x80010000 0x00000001
core   0: 0x8000a4d6 (0x0000bfe5) c.j     pc - 8
core   0: 3 0x8000a4d6 (0xbfe5)
core   0: 0x8000a4ce (0x00006f17) auipc   t5, 0x6
core   0: 3 0x8000a4ce (0x00006f17) x30 0x800104ce
core   0: 0x8000a4d2 (0xb23f2923) sw      gp, -1230(t5)
core   0: 3 0x8000a4d2 (0xb23f2923) mem 0x80010000 0x00000001
core   0: 0x8000a4d6 (0x0000bfe5) c.j     pc - 8
core   0: 3 0x8000a4d6 (0xbfe5)
core   0: 0x8000a4ce (0x00006f17) auipc   t5, 0x6
core   0: 3 0x8000a4ce (0x00006f17) x30 0x800104ce
core   0: 0x8000a4d2 (0xb23f2923) sw      gp, -1230(t5)
core   0: 3 0x8000a4d2 (0xb23f2923) mem 0x80010000 0x00000001
core   0: 0x8000a4d6 (0x0000bfe5) c.j     pc - 8
core   0: 3 0x8000a4d6 (0xbfe5)
core   0: 0x8000a4ce (0x00006f17) auipc   t5, 0x6
core   0: 3 0x8000a4ce (0x00006f17) x30 0x800104ce
core   0: 0x8000a4d2 (0xb23f2923) sw      gp, -1230(t5)
core   0: 3 0x8000a4d2 (0xb23f2923) mem 0x80010000 0x00000001
core   0: 0x8000a4d6 (0x0000bfe5) c.j     pc - 8
core   0: 3 0x8000a4d6 (0xbfe5)
core   0: 0x8000a4ce (0x00006f17) auipc   t5, 0x6
core   0: 3 0x8000a4ce (0x00006f17) x30 0x800104ce
core   0: 0x8000a4d2 (0xb23f2923) sw      gp, -1230(t5)
core   0: 3 0x8000a4d2 (0xb23f2923) mem 0x80010000 0x00000001
core   0: 0x8000a4d6 (0x0000bfe5) c.j     pc - 8
core   0: 3 0x8000a4d6 (0xbfe5)
core   0: 0x8000a4ce (0x00006f17) auipc   t5, 0x6
core   0: 3 0x8000a4ce (0x00006f17) x30 0x800104ce
core   0: 0x8000a4d2 (0xb23f2923) sw      gp, -1230(t5)
core   0: 3 0x8000a4d2 (0xb23f2923) mem 0x80010000 0x00000001
core   0: 0x8000a4d6 (0x0000bfe5) c.j     pc - 8
core   0: 3 0x8000a4d6 (0xbfe5)
core   0: 0x8000a4ce (0x00006f17) auipc   t5, 0x6
core   0: 3 0x8000a4ce (0x00006f17) x30 0x800104ce
core   0: 0x8000a4d2 (0xb23f2923) sw      gp, -1230(t5)
core   0: 3 0x8000a4d2 (0xb23f2923) mem 0x80010000 0x00000001
core   0: 0x8000a4d6 (0x0000bfe5) c.j     pc - 8
core   0: 3 0x8000a4d6 (0xbfe5)
core   0: 0x8000a4ce (0x00006f17) auipc   t5, 0x6
core   0: 3 0x8000a4ce (0x00006f17) x30 0x800104ce
core   0: 0x8000a4d2 (0xb23f2923) sw      gp, -1230(t5)
core   0: 3 0x8000a4d2 (0xb23f2923) mem 0x80010000 0x00000001
core   0: 0x8000a4d6 (0x0000bfe5) c.j     pc - 8
core   0: 3 0x8000a4d6 (0xbfe5)
core   0: 0x8000a4ce (0x00006f17) auipc   t5, 0x6
core   0: 3 0x8000a4ce (0x00006f17) x30 0x800104ce
core   0: 0x8000a4d2 (0xb23f2923) sw      gp, -1230(t5)
core   0: 3 0x8000a4d2 (0xb23f2923) mem 0x80010000 0x00000001
core   0: 0x8000a4d6 (0x0000bfe5) c.j     pc - 8
core   0: 3 0x8000a4d6 (0xbfe5)
core   0: 0x8000a4ce (0x00006f17) auipc   t5, 0x6
core   0: 3 0x8000a4ce (0x00006f17) x30 0x800104ce
core   0: 0x8000a4d2 (0xb23f2923) sw      gp, -1230(t5)
core   0: 3 0x8000a4d2 (0xb23f2923) mem 0x80010000 0x00000001
core   0: 0x8000a4d6 (0x0000bfe5) c.j     pc - 8
core   0: 3 0x8000a4d6 (0xbfe5)
core   0: 0x8000a4ce (0x00006f17) auipc   t5, 0x6
core   0: 3 0x8000a4ce (0x00006f17) x30 0x800104ce
core   0: 0x8000a4d2 (0xb23f2923) sw      gp, -1230(t5)
core   0: 3 0x8000a4d2 (0xb23f2923) mem 0x80010000 0x00000001
core   0: 0x8000a4d6 (0x0000bfe5) c.j     pc - 8
core   0: 3 0x8000a4d6 (0xbfe5)
core   0: 0x8000a4ce (0x00006f17) auipc   t5, 0x6
core   0: 3 0x8000a4ce (0x00006f17) x30 0x800104ce
core   0: 0x8000a4d2 (0xb23f2923) sw      gp, -1230(t5)
core   0: 3 0x8000a4d2 (0xb23f2923) mem 0x80010000 0x00000001
core   0: 0x8000a4d6 (0x0000bfe5) c.j     pc - 8
core   0: 3 0x8000a4d6 (0xbfe5)
core   0: 0x8000a4ce (0x00006f17) auipc   t5, 0x6
core   0: 3 0x8000a4ce (0x00006f17) x30 0x800104ce
core   0: 0x8000a4d2 (0xb23f2923) sw      gp, -1230(t5)
core   0: 3 0x8000a4d2 (0xb23f2923) mem 0x80010000 0x00000001
core   0: 0x8000a4d6 (0x0000bfe5) c.j     pc - 8
core   0: 3 0x8000a4d6 (0xbfe5)
core   0: 0x8000a4ce (0x00006f17) auipc   t5, 0x6
core   0: 3 0x8000a4ce (0x00006f17) x30 0x800104ce
core   0: 0x8000a4d2 (0xb23f2923) sw      gp, -1230(t5)
core   0: 3 0x8000a4d2 (0xb23f2923) mem 0x80010000 0x00000001
core   0: 0x8000a4d6 (0x0000bfe5) c.j     pc - 8
core   0: 3 0x8000a4d6 (0xbfe5)
core   0: 0x8000a4ce (0x00006f17) auipc   t5, 0x6
core   0: 3 0x8000a4ce (0x00006f17) x30 0x800104ce
core   0: 0x8000a4d2 (0xb23f2923) sw      gp, -1230(t5)
core   0: 3 0x8000a4d2 (0xb23f2923) mem 0x80010000 0x00000001
core   0: 0x8000a4d6 (0x0000bfe5) c.j     pc - 8
core   0: 3 0x8000a4d6 (0xbfe5)
core   0: 0x8000a4ce (0x00006f17) auipc   t5, 0x6
core   0: 3 0x8000a4ce (0x00006f17) x30 0x800104ce
core   0: 0x8000a4d2 (0xb23f2923) sw      gp, -1230(t5)
core   0: 3 0x8000a4d2 (0xb23f2923) mem 0x80010000 0x00000001
core   0: 0x8000a4d6 (0x0000bfe5) c.j     pc - 8
core   0: 3 0x8000a4d6 (0xbfe5)
core   0: 0x8000a4ce (0x00006f17) auipc   t5, 0x6
core   0: 3 0x8000a4ce (0x00006f17) x30 0x800104ce
core   0: 0x8000a4d2 (0xb23f2923) sw      gp, -1230(t5)
core   0: 3 0x8000a4d2 (0xb23f2923) mem 0x80010000 0x00000001
core   0: 0x8000a4d6 (0x0000bfe5) c.j     pc - 8
core   0: 3 0x8000a4d6 (0xbfe5)
core   0: 0x8000a4ce (0x00006f17) auipc   t5, 0x6
core   0: 3 0x8000a4ce (0x00006f17) x30 0x800104ce
core   0: 0x8000a4d2 (0xb23f2923) sw      gp, -1230(t5)
core   0: 3 0x8000a4d2 (0xb23f2923) mem 0x80010000 0x00000001
core   0: 0x8000a4d6 (0x0000bfe5) c.j     pc - 8
core   0: 3 0x8000a4d6 (0xbfe5)
core   0: 0x8000a4ce (0x00006f17) auipc   t5, 0x6
core   0: 3 0x8000a4ce (0x00006f17) x30 0x800104ce
core   0: 0x8000a4d2 (0xb23f2923) sw      gp, -1230(t5)
core   0: 3 0x8000a4d2 (0xb23f2923) mem 0x80010000 0x00000001
core   0: 0x8000a4d6 (0x0000bfe5) c.j     pc - 8
core   0: 3 0x8000a4d6 (0xbfe5)
core   0: 0x8000a4ce (0x00006f17) auipc   t5, 0x6
core   0: 3 0x8000a4ce (0x00006f17) x30 0x800104ce
core   0: 0x8000a4d2 (0xb23f2923) sw      gp, -1230(t5)
core   0: 3 0x8000a4d2 (0xb23f2923) mem 0x80010000 0x00000001
core   0: 0x8000a4d6 (0x0000bfe5) c.j     pc - 8
core   0: 3 0x8000a4d6 (0xbfe5)
core   0: 0x8000a4ce (0x00006f17) auipc   t5, 0x6
core   0: 3 0x8000a4ce (0x00006f17) x30 0x800104ce
core   0: 0x8000a4d2 (0xb23f2923) sw      gp, -1230(t5)
core   0: 3 0x8000a4d2 (0xb23f2923) mem 0x80010000 0x00000001
core   0: 0x8000a4d6 (0x0000bfe5) c.j     pc - 8
core   0: 3 0x8000a4d6 (0xbfe5)
core   0: 0x8000a4ce (0x00006f17) auipc   t5, 0x6
core   0: 3 0x8000a4ce (0x00006f17) x30 0x800104ce
core   0: 0x8000a4d2 (0xb23f2923) sw      gp, -1230(t5)
core   0: 3 0x8000a4d2 (0xb23f2923) mem 0x80010000 0x00000001
core   0: 0x8000a4d6 (0x0000bfe5) c.j     pc - 8
core   0: 3 0x8000a4d6 (0xbfe5)
core   0: 0x8000a4ce (0x00006f17) auipc   t5, 0x6
core   0: 3 0x8000a4ce (0x00006f17) x30 0x800104ce
core   0: 0x8000a4d2 (0xb23f2923) sw      gp, -1230(t5)
core   0: 3 0x8000a4d2 (0xb23f2923) mem 0x80010000 0x00000001
core   0: 0x8000a4d6 (0x0000bfe5) c.j     pc - 8
core   0: 3 0x8000a4d6 (0xbfe5)
core   0: 0x8000a4ce (0x00006f17) auipc   t5, 0x6
core   0: 3 0x8000a4ce (0x00006f17) x30 0x800104ce
core   0: 0x8000a4d2 (0xb23f2923) sw      gp, -1230(t5)
core   0: 3 0x8000a4d2 (0xb23f2923) mem 0x80010000 0x00000001
core   0: 0x8000a4d6 (0x0000bfe5) c.j     pc - 8
core   0: 3 0x8000a4d6 (0xbfe5)
core   0: 0x8000a4ce (0x00006f17) auipc   t5, 0x6
core   0: 3 0x8000a4ce (0x00006f17) x30 0x800104ce
core   0: 0x8000a4d2 (0xb23f2923) sw      gp, -1230(t5)
core   0: 3 0x8000a4d2 (0xb23f2923) mem 0x80010000 0x00000001
core   0: 0x8000a4d6 (0x0000bfe5) c.j     pc - 8
core   0: 3 0x8000a4d6 (0xbfe5)
core   0: 0x8000a4ce (0x00006f17) auipc   t5, 0x6
core   0: 3 0x8000a4ce (0x00006f17) x30 0x800104ce
core   0: 0x8000a4d2 (0xb23f2923) sw      gp, -1230(t5)
core   0: 3 0x8000a4d2 (0xb23f2923) mem 0x80010000 0x00000001
core   0: 0x8000a4d6 (0x0000bfe5) c.j     pc - 8
core   0: 3 0x8000a4d6 (0xbfe5)
core   0: 0x8000a4ce (0x00006f17) auipc   t5, 0x6
core   0: 3 0x8000a4ce (0x00006f17) x30 0x800104ce
core   0: 0x8000a4d2 (0xb23f2923) sw      gp, -1230(t5)
core   0: 3 0x8000a4d2 (0xb23f2923) mem 0x80010000 0x00000001
core   0: 0x8000a4d6 (0x0000bfe5) c.j     pc - 8
core   0: 3 0x8000a4d6 (0xbfe5)
core   0: 0x8000a4ce (0x00006f17) auipc   t5, 0x6
core   0: 3 0x8000a4ce (0x00006f17) x30 0x800104ce
core   0: 0x8000a4d2 (0xb23f2923) sw      gp, -1230(t5)
core   0: 3 0x8000a4d2 (0xb23f2923) mem 0x80010000 0x00000001
core   0: 0x8000a4d6 (0x0000bfe5) c.j     pc - 8
core   0: 3 0x8000a4d6 (0xbfe5)
core   0: 0x8000a4ce (0x00006f17) auipc   t5, 0x6
core   0: 3 0x8000a4ce (0x00006f17) x30 0x800104ce
core   0: 0x8000a4d2 (0xb23f2923) sw      gp, -1230(t5)
core   0: 3 0x8000a4d2 (0xb23f2923) mem 0x80010000 0x00000001
core   0: 0x8000a4d6 (0x0000bfe5) c.j     pc - 8
core   0: 3 0x8000a4d6 (0xbfe5)
core   0: 0x8000a4ce (0x00006f17) auipc   t5, 0x6
core   0: 3 0x8000a4ce (0x00006f17) x30 0x800104ce
core   0: 0x8000a4d2 (0xb23f2923) sw      gp, -1230(t5)
core   0: 3 0x8000a4d2 (0xb23f2923) mem 0x80010000 0x00000001
core   0: 0x8000a4d6 (0x0000bfe5) c.j     pc - 8
core   0: 3 0x8000a4d6 (0xbfe5)
core   0: 0x8000a4ce (0x00006f17) auipc   t5, 0x6
core   0: 3 0x8000a4ce (0x00006f17) x30 0x800104ce
core   0: 0x8000a4d2 (0xb23f2923) sw      gp, -1230(t5)
core   0: 3 0x8000a4d2 (0xb23f2923) mem 0x80010000 0x00000001
core   0: 0x8000a4d6 (0x0000bfe5) c.j     pc - 8
core   0: 3 0x8000a4d6 (0xbfe5)
core   0: 0x8000a4ce (0x00006f17) auipc   t5, 0x6
core   0: 3 0x8000a4ce (0x00006f17) x30 0x800104ce
core   0: 0x8000a4d2 (0xb23f2923) sw      gp, -1230(t5)
core   0: 3 0x8000a4d2 (0xb23f2923) mem 0x80010000 0x00000001
core   0: 0x8000a4d6 (0x0000bfe5) c.j     pc - 8
core   0: 3 0x8000a4d6 (0xbfe5)
core   0: 0x8000a4ce (0x00006f17) auipc   t5, 0x6
core   0: 3 0x8000a4ce (0x00006f17) x30 0x800104ce
core   0: 0x8000a4d2 (0xb23f2923) sw      gp, -1230(t5)
core   0: 3 0x8000a4d2 (0xb23f2923) mem 0x80010000 0x00000001
core   0: 0x8000a4d6 (0x0000bfe5) c.j     pc - 8
core   0: 3 0x8000a4d6 (0xbfe5)
core   0: 0x8000a4ce (0x00006f17) auipc   t5, 0x6
core   0: 3 0x8000a4ce (0x00006f17) x30 0x800104ce
core   0: 0x8000a4d2 (0xb23f2923) sw      gp, -1230(t5)
core   0: 3 0x8000a4d2 (0xb23f2923) mem 0x80010000 0x00000001
core   0: 0x8000a4d6 (0x0000bfe5) c.j     pc - 8
core   0: 3 0x8000a4d6 (0xbfe5)
core   0: 0x8000a4ce (0x00006f17) auipc   t5, 0x6
core   0: 3 0x8000a4ce (0x00006f17) x30 0x800104ce
core   0: 0x8000a4d2 (0xb23f2923) sw      gp, -1230(t5)
core   0: 3 0x8000a4d2 (0xb23f2923) mem 0x80010000 0x00000001
core   0: 0x8000a4d6 (0x0000bfe5) c.j     pc - 8
core   0: 3 0x8000a4d6 (0xbfe5)
core   0: 0x8000a4ce (0x00006f17) auipc   t5, 0x6
core   0: 3 0x8000a4ce (0x00006f17) x30 0x800104ce
core   0: 0x8000a4d2 (0xb23f2923) sw      gp, -1230(t5)
core   0: 3 0x8000a4d2 (0xb23f2923) mem 0x80010000 0x00000001
core   0: 0x8000a4d6 (0x0000bfe5) c.j     pc - 8
core   0: 3 0x8000a4d6 (0xbfe5)
core   0: 0x8000a4ce (0x00006f17) auipc   t5, 0x6
core   0: 3 0x8000a4ce (0x00006f17) x30 0x800104ce
core   0: 0x8000a4d2 (0xb23f2923) sw      gp, -1230(t5)
core   0: 3 0x8000a4d2 (0xb23f2923) mem 0x80010000 0x00000001
core   0: 0x8000a4d6 (0x0000bfe5) c.j     pc - 8
core   0: 3 0x8000a4d6 (0xbfe5)
core   0: 0x8000a4ce (0x00006f17) auipc   t5, 0x6
core   0: 3 0x8000a4ce (0x00006f17) x30 0x800104ce
core   0: 0x8000a4d2 (0xb23f2923) sw      gp, -1230(t5)
core   0: 3 0x8000a4d2 (0xb23f2923) mem 0x80010000 0x00000001
core   0: 0x8000a4d6 (0x0000bfe5) c.j     pc - 8
core   0: 3 0x8000a4d6 (0xbfe5)
core   0: 0x8000a4ce (0x00006f17) auipc   t5, 0x6
core   0: 3 0x8000a4ce (0x00006f17) x30 0x800104ce
core   0: 0x8000a4d2 (0xb23f2923) sw      gp, -1230(t5)
core   0: 3 0x8000a4d2 (0xb23f2923) mem 0x80010000 0x00000001
core   0: 0x8000a4d6 (0x0000bfe5) c.j     pc - 8
core   0: 3 0x8000a4d6 (0xbfe5)
core   0: 0x8000a4ce (0x00006f17) auipc   t5, 0x6
core   0: 3 0x8000a4ce (0x00006f17) x30 0x800104ce
core   0: 0x8000a4d2 (0xb23f2923) sw      gp, -1230(t5)
core   0: 3 0x8000a4d2 (0xb23f2923) mem 0x80010000 0x00000001
core   0: 0x8000a4d6 (0x0000bfe5) c.j     pc - 8
core   0: 3 0x8000a4d6 (0xbfe5)
core   0: 0x8000a4ce (0x00006f17) auipc   t5, 0x6
core   0: 3 0x8000a4ce (0x00006f17) x30 0x800104ce
core   0: 0x8000a4d2 (0xb23f2923) sw      gp, -1230(t5)
core   0: 3 0x8000a4d2 (0xb23f2923) mem 0x80010000 0x00000001
core   0: 0x8000a4d6 (0x0000bfe5) c.j     pc - 8
core   0: 3 0x8000a4d6 (0xbfe5)
core   0: 0x8000a4ce (0x00006f17) auipc   t5, 0x6
core   0: 3 0x8000a4ce (0x00006f17) x30 0x800104ce
core   0: 0x8000a4d2 (0xb23f2923) sw      gp, -1230(t5)
core   0: 3 0x8000a4d2 (0xb23f2923) mem 0x80010000 0x00000001
core   0: 0x8000a4d6 (0x0000bfe5) c.j     pc - 8
core   0: 3 0x8000a4d6 (0xbfe5)
core   0: 0x8000a4ce (0x00006f17) auipc   t5, 0x6
core   0: 3 0x8000a4ce (0x00006f17) x30 0x800104ce
core   0: 0x8000a4d2 (0xb23f2923) sw      gp, -1230(t5)
core   0: 3 0x8000a4d2 (0xb23f2923) mem 0x80010000 0x00000001
core   0: 0x8000a4d6 (0x0000bfe5) c.j     pc - 8
core   0: 3 0x8000a4d6 (0xbfe5)
core   0: 0x8000a4ce (0x00006f17) auipc   t5, 0x6
core   0: 3 0x8000a4ce (0x00006f17) x30 0x800104ce
core   0: 0x8000a4d2 (0xb23f2923) sw      gp, -1230(t5)
core   0: 3 0x8000a4d2 (0xb23f2923) mem 0x80010000 0x00000001
core   0: 0x8000a4d6 (0x0000bfe5) c.j     pc - 8
core   0: 3 0x8000a4d6 (0xbfe5)
core   0: 0x8000a4ce (0x00006f17) auipc   t5, 0x6
core   0: 3 0x8000a4ce (0x00006f17) x30 0x800104ce
core   0: 0x8000a4d2 (0xb23f2923) sw      gp, -1230(t5)
core   0: 3 0x8000a4d2 (0xb23f2923) mem 0x80010000 0x00000001
core   0: 0x8000a4d6 (0x0000bfe5) c.j     pc - 8
core   0: 3 0x8000a4d6 (0xbfe5)
core   0: 0x8000a4ce (0x00006f17) auipc   t5, 0x6
core   0: 3 0x8000a4ce (0x00006f17) x30 0x800104ce
core   0: 0x8000a4d2 (0xb23f2923) sw      gp, -1230(t5)
core   0: 3 0x8000a4d2 (0xb23f2923) mem 0x80010000 0x00000001
core   0: 0x8000a4d6 (0x0000bfe5) c.j     pc - 8
core   0: 3 0x8000a4d6 (0xbfe5)
core   0: 0x8000a4ce (0x00006f17) auipc   t5, 0x6
core   0: 3 0x8000a4ce (0x00006f17) x30 0x800104ce
core   0: 0x8000a4d2 (0xb23f2923) sw      gp, -1230(t5)
core   0: 3 0x8000a4d2 (0xb23f2923) mem 0x80010000 0x00000001
core   0: 0x8000a4d6 (0x0000bfe5) c.j     pc - 8
core   0: 3 0x8000a4d6 (0xbfe5)
core   0: 0x8000a4ce (0x00006f17) auipc   t5, 0x6
core   0: 3 0x8000a4ce (0x00006f17) x30 0x800104ce
core   0: 0x8000a4d2 (0xb23f2923) sw      gp, -1230(t5)
core   0: 3 0x8000a4d2 (0xb23f2923) mem 0x80010000 0x00000001
core   0: 0x8000a4d6 (0x0000bfe5) c.j     pc - 8
core   0: 3 0x8000a4d6 (0xbfe5)
core   0: 0x8000a4ce (0x00006f17) auipc   t5, 0x6
core   0: 3 0x8000a4ce (0x00006f17) x30 0x800104ce
core   0: 0x8000a4d2 (0xb23f2923) sw      gp, -1230(t5)
core   0: 3 0x8000a4d2 (0xb23f2923) mem 0x80010000 0x00000001
core   0: 0x8000a4d6 (0x0000bfe5) c.j     pc - 8
core   0: 3 0x8000a4d6 (0xbfe5)
core   0: 0x8000a4ce (0x00006f17) auipc   t5, 0x6
core   0: 3 0x8000a4ce (0x00006f17) x30 0x800104ce
core   0: 0x8000a4d2 (0xb23f2923) sw      gp, -1230(t5)
core   0: 3 0x8000a4d2 (0xb23f2923) mem 0x80010000 0x00000001
core   0: 0x8000a4d6 (0x0000bfe5) c.j     pc - 8
core   0: 3 0x8000a4d6 (0xbfe5)
core   0: 0x8000a4ce (0x00006f17) auipc   t5, 0x6
core   0: 3 0x8000a4ce (0x00006f17) x30 0x800104ce
core   0: 0x8000a4d2 (0xb23f2923) sw      gp, -1230(t5)
core   0: 3 0x8000a4d2 (0xb23f2923) mem 0x80010000 0x00000001
core   0: 0x8000a4d6 (0x0000bfe5) c.j     pc - 8
core   0: 3 0x8000a4d6 (0xbfe5)
core   0: 0x8000a4ce (0x00006f17) auipc   t5, 0x6
core   0: 3 0x8000a4ce (0x00006f17) x30 0x800104ce
core   0: 0x8000a4d2 (0xb23f2923) sw      gp, -1230(t5)
core   0: 3 0x8000a4d2 (0xb23f2923) mem 0x80010000 0x00000001
core   0: 0x8000a4d6 (0x0000bfe5) c.j     pc - 8
core   0: 3 0x8000a4d6 (0xbfe5)
core   0: 0x8000a4ce (0x00006f17) auipc   t5, 0x6
core   0: 3 0x8000a4ce (0x00006f17) x30 0x800104ce
core   0: 0x8000a4d2 (0xb23f2923) sw      gp, -1230(t5)
core   0: 3 0x8000a4d2 (0xb23f2923) mem 0x80010000 0x00000001
core   0: 0x8000a4d6 (0x0000bfe5) c.j     pc - 8
core   0: 3 0x8000a4d6 (0xbfe5)
core   0: 0x8000a4ce (0x00006f17) auipc   t5, 0x6
core   0: 3 0x8000a4ce (0x00006f17) x30 0x800104ce
core   0: 0x8000a4d2 (0xb23f2923) sw      gp, -1230(t5)
core   0: 3 0x8000a4d2 (0xb23f2923) mem 0x80010000 0x00000001
core   0: 0x8000a4d6 (0x0000bfe5) c.j     pc - 8
core   0: 3 0x8000a4d6 (0xbfe5)
core   0: 0x8000a4ce (0x00006f17) auipc   t5, 0x6
core   0: 3 0x8000a4ce (0x00006f17) x30 0x800104ce
core   0: 0x8000a4d2 (0xb23f2923) sw      gp, -1230(t5)
core   0: 3 0x8000a4d2 (0xb23f2923) mem 0x80010000 0x00000001
core   0: 0x8000a4d6 (0x0000bfe5) c.j     pc - 8
core   0: 3 0x8000a4d6 (0xbfe5)
core   0: 0x8000a4ce (0x00006f17) auipc   t5, 0x6
core   0: 3 0x8000a4ce (0x00006f17) x30 0x800104ce
core   0: 0x8000a4d2 (0xb23f2923) sw      gp, -1230(t5)
core   0: 3 0x8000a4d2 (0xb23f2923) mem 0x80010000 0x00000001
core   0: 0x8000a4d6 (0x0000bfe5) c.j     pc - 8
core   0: 3 0x8000a4d6 (0xbfe5)
core   0: 0x8000a4ce (0x00006f17) auipc   t5, 0x6
core   0: 3 0x8000a4ce (0x00006f17) x30 0x800104ce
core   0: 0x8000a4d2 (0xb23f2923) sw      gp, -1230(t5)
core   0: 3 0x8000a4d2 (0xb23f2923) mem 0x80010000 0x00000001
core   0: 0x8000a4d6 (0x0000bfe5) c.j     pc - 8
core   0: 3 0x8000a4d6 (0xbfe5)
core   0: 0x8000a4ce (0x00006f17) auipc   t5, 0x6
core   0: 3 0x8000a4ce (0x00006f17) x30 0x800104ce
core   0: 0x8000a4d2 (0xb23f2923) sw      gp, -1230(t5)
core   0: 3 0x8000a4d2 (0xb23f2923) mem 0x80010000 0x00000001
core   0: 0x8000a4d6 (0x0000bfe5) c.j     pc - 8
core   0: 3 0x8000a4d6 (0xbfe5)
core   0: 0x8000a4ce (0x00006f17) auipc   t5, 0x6
core   0: 3 0x8000a4ce (0x00006f17) x30 0x800104ce
core   0: 0x8000a4d2 (0xb23f2923) sw      gp, -1230(t5)
core   0: 3 0x8000a4d2 (0xb23f2923) mem 0x80010000 0x00000001
core   0: 0x8000a4d6 (0x0000bfe5) c.j     pc - 8
core   0: 3 0x8000a4d6 (0xbfe5)
core   0: 0x8000a4ce (0x00006f17) auipc   t5, 0x6
core   0: 3 0x8000a4ce (0x00006f17) x30 0x800104ce
core   0: 0x8000a4d2 (0xb23f2923) sw      gp, -1230(t5)
core   0: 3 0x8000a4d2 (0xb23f2923) mem 0x80010000 0x00000001
core   0: 0x8000a4d6 (0x0000bfe5) c.j     pc - 8
core   0: 3 0x8000a4d6 (0xbfe5)
core   0: 0x8000a4ce (0x00006f17) auipc   t5, 0x6
core   0: 3 0x8000a4ce (0x00006f17) x30 0x800104ce
core   0: 0x8000a4d2 (0xb23f2923) sw      gp, -1230(t5)
core   0: 3 0x8000a4d2 (0xb23f2923) mem 0x80010000 0x00000001
core   0: 0x8000a4d6 (0x0000bfe5) c.j     pc - 8
core   0: 3 0x8000a4d6 (0xbfe5)
core   0: 0x8000a4ce (0x00006f17) auipc   t5, 0x6
core   0: 3 0x8000a4ce (0x00006f17) x30 0x800104ce
core   0: 0x8000a4d2 (0xb23f2923) sw      gp, -1230(t5)
core   0: 3 0x8000a4d2 (0xb23f2923) mem 0x80010000 0x00000001
core   0: 0x8000a4d6 (0x0000bfe5) c.j     pc - 8
core   0: 3 0x8000a4d6 (0xbfe5)
core   0: 0x8000a4ce (0x00006f17) auipc   t5, 0x6
core   0: 3 0x8000a4ce (0x00006f17) x30 0x800104ce
core   0: 0x8000a4d2 (0xb23f2923) sw      gp, -1230(t5)
core   0: 3 0x8000a4d2 (0xb23f2923) mem 0x80010000 0x00000001
core   0: 0x8000a4d6 (0x0000bfe5) c.j     pc - 8
core   0: 3 0x8000a4d6 (0xbfe5)
core   0: 0x8000a4ce (0x00006f17) auipc   t5, 0x6
core   0: 3 0x8000a4ce (0x00006f17) x30 0x800104ce
core   0: 0x8000a4d2 (0xb23f2923) sw      gp, -1230(t5)
core   0: 3 0x8000a4d2 (0xb23f2923) mem 0x80010000 0x00000001
core   0: 0x8000a4d6 (0x0000bfe5) c.j     pc - 8
core   0: 3 0x8000a4d6 (0xbfe5)
core   0: 0x8000a4ce (0x00006f17) auipc   t5, 0x6
core   0: 3 0x8000a4ce (0x00006f17) x30 0x800104ce
core   0: 0x8000a4d2 (0xb23f2923) sw      gp, -1230(t5)
core   0: 3 0x8000a4d2 (0xb23f2923) mem 0x80010000 0x00000001
core   0: 0x8000a4d6 (0x0000bfe5) c.j     pc - 8
core   0: 3 0x8000a4d6 (0xbfe5)
core   0: 0x8000a4ce (0x00006f17) auipc   t5, 0x6
core   0: 3 0x8000a4ce (0x00006f17) x30 0x800104ce
core   0: 0x8000a4d2 (0xb23f2923) sw      gp, -1230(t5)
core   0: 3 0x8000a4d2 (0xb23f2923) mem 0x80010000 0x00000001
core   0: 0x8000a4d6 (0x0000bfe5) c.j     pc - 8
core   0: 3 0x8000a4d6 (0xbfe5)
core   0: 0x8000a4ce (0x00006f17) auipc   t5, 0x6
core   0: 3 0x8000a4ce (0x00006f17) x30 0x800104ce
core   0: 0x8000a4d2 (0xb23f2923) sw      gp, -1230(t5)
core   0: 3 0x8000a4d2 (0xb23f2923) mem 0x80010000 0x00000001
core   0: 0x8000a4d6 (0x0000bfe5) c.j     pc - 8
core   0: 3 0x8000a4d6 (0xbfe5)
core   0: 0x8000a4ce (0x00006f17) auipc   t5, 0x6
core   0: 3 0x8000a4ce (0x00006f17) x30 0x800104ce
core   0: 0x8000a4d2 (0xb23f2923) sw      gp, -1230(t5)
core   0: 3 0x8000a4d2 (0xb23f2923) mem 0x80010000 0x00000001
core   0: 0x8000a4d6 (0x0000bfe5) c.j     pc - 8
core   0: 3 0x8000a4d6 (0xbfe5)
core   0: 0x8000a4ce (0x00006f17) auipc   t5, 0x6
core   0: 3 0x8000a4ce (0x00006f17) x30 0x800104ce
core   0: 0x8000a4d2 (0xb23f2923) sw      gp, -1230(t5)
core   0: 3 0x8000a4d2 (0xb23f2923) mem 0x80010000 0x00000001
core   0: 0x8000a4d6 (0x0000bfe5) c.j     pc - 8
core   0: 3 0x8000a4d6 (0xbfe5)
core   0: 0x8000a4ce (0x00006f17) auipc   t5, 0x6
core   0: 3 0x8000a4ce (0x00006f17) x30 0x800104ce
core   0: 0x8000a4d2 (0xb23f2923) sw      gp, -1230(t5)
core   0: 3 0x8000a4d2 (0xb23f2923) mem 0x80010000 0x00000001
core   0: 0x8000a4d6 (0x0000bfe5) c.j     pc - 8
core   0: 3 0x8000a4d6 (0xbfe5)
core   0: 0x8000a4ce (0x00006f17) auipc   t5, 0x6
core   0: 3 0x8000a4ce (0x00006f17) x30 0x800104ce
core   0: 0x8000a4d2 (0xb23f2923) sw      gp, -1230(t5)
core   0: 3 0x8000a4d2 (0xb23f2923) mem 0x80010000 0x00000001
core   0: 0x8000a4d6 (0x0000bfe5) c.j     pc - 8
core   0: 3 0x8000a4d6 (0xbfe5)
core   0: 0x8000a4ce (0x00006f17) auipc   t5, 0x6
core   0: 3 0x8000a4ce (0x00006f17) x30 0x800104ce
core   0: 0x8000a4d2 (0xb23f2923) sw      gp, -1230(t5)
core   0: 3 0x8000a4d2 (0xb23f2923) mem 0x80010000 0x00000001
core   0: 0x8000a4d6 (0x0000bfe5) c.j     pc - 8
core   0: 3 0x8000a4d6 (0xbfe5)
core   0: 0x8000a4ce (0x00006f17) auipc   t5, 0x6
core   0: 3 0x8000a4ce (0x00006f17) x30 0x800104ce
core   0: 0x8000a4d2 (0xb23f2923) sw      gp, -1230(t5)
core   0: 3 0x8000a4d2 (0xb23f2923) mem 0x80010000 0x00000001
core   0: 0x8000a4d6 (0x0000bfe5) c.j     pc - 8
core   0: 3 0x8000a4d6 (0xbfe5)
core   0: 0x8000a4ce (0x00006f17) auipc   t5, 0x6
core   0: 3 0x8000a4ce (0x00006f17) x30 0x800104ce
core   0: 0x8000a4d2 (0xb23f2923) sw      gp, -1230(t5)
core   0: 3 0x8000a4d2 (0xb23f2923) mem 0x80010000 0x00000001
core   0: 0x8000a4d6 (0x0000bfe5) c.j     pc - 8
core   0: 3 0x8000a4d6 (0xbfe5)
core   0: 0x8000a4ce (0x00006f17) auipc   t5, 0x6
core   0: 3 0x8000a4ce (0x00006f17) x30 0x800104ce
core   0: 0x8000a4d2 (0xb23f2923) sw      gp, -1230(t5)
core   0: 3 0x8000a4d2 (0xb23f2923) mem 0x80010000 0x00000001
core   0: 0x8000a4d6 (0x0000bfe5) c.j     pc - 8
core   0: 3 0x8000a4d6 (0xbfe5)
core   0: 0x8000a4ce (0x00006f17) auipc   t5, 0x6
core   0: 3 0x8000a4ce (0x00006f17) x30 0x800104ce
core   0: 0x8000a4d2 (0xb23f2923) sw      gp, -1230(t5)
core   0: 3 0x8000a4d2 (0xb23f2923) mem 0x80010000 0x00000001
core   0: 0x8000a4d6 (0x0000bfe5) c.j     pc - 8
core   0: 3 0x8000a4d6 (0xbfe5)
core   0: 0x8000a4ce (0x00006f17) auipc   t5, 0x6
core   0: 3 0x8000a4ce (0x00006f17) x30 0x800104ce
core   0: 0x8000a4d2 (0xb23f2923) sw      gp, -1230(t5)
core   0: 3 0x8000a4d2 (0xb23f2923) mem 0x80010000 0x00000001
core   0: 0x8000a4d6 (0x0000bfe5) c.j     pc - 8
core   0: 3 0x8000a4d6 (0xbfe5)
core   0: 0x8000a4ce (0x00006f17) auipc   t5, 0x6
core   0: 3 0x8000a4ce (0x00006f17) x30 0x800104ce
core   0: 0x8000a4d2 (0xb23f2923) sw      gp, -1230(t5)
core   0: 3 0x8000a4d2 (0xb23f2923) mem 0x80010000 0x00000001
core   0: 0x8000a4d6 (0x0000bfe5) c.j     pc - 8
core   0: 3 0x8000a4d6 (0xbfe5)
core   0: 0x8000a4ce (0x00006f17) auipc   t5, 0x6
core   0: 3 0x8000a4ce (0x00006f17) x30 0x800104ce
core   0: 0x8000a4d2 (0xb23f2923) sw      gp, -1230(t5)
core   0: 3 0x8000a4d2 (0xb23f2923) mem 0x80010000 0x00000001
core   0: 0x8000a4d6 (0x0000bfe5) c.j     pc - 8
core   0: 3 0x8000a4d6 (0xbfe5)
core   0: 0x8000a4ce (0x00006f17) auipc   t5, 0x6
core   0: 3 0x8000a4ce (0x00006f17) x30 0x800104ce
core   0: 0x8000a4d2 (0xb23f2923) sw      gp, -1230(t5)
core   0: 3 0x8000a4d2 (0xb23f2923) mem 0x80010000 0x00000001
core   0: 0x8000a4d6 (0x0000bfe5) c.j     pc - 8
core   0: 3 0x8000a4d6 (0xbfe5)
core   0: 0x8000a4ce (0x00006f17) auipc   t5, 0x6
core   0: 3 0x8000a4ce (0x00006f17) x30 0x800104ce
core   0: 0x8000a4d2 (0xb23f2923) sw      gp, -1230(t5)
core   0: 3 0x8000a4d2 (0xb23f2923) mem 0x80010000 0x00000001
core   0: 0x8000a4d6 (0x0000bfe5) c.j     pc - 8
core   0: 3 0x8000a4d6 (0xbfe5)
core   0: 0x8000a4ce (0x00006f17) auipc   t5, 0x6
core   0: 3 0x8000a4ce (0x00006f17) x30 0x800104ce
core   0: 0x8000a4d2 (0xb23f2923) sw      gp, -1230(t5)
core   0: 3 0x8000a4d2 (0xb23f2923) mem 0x80010000 0x00000001
core   0: 0x8000a4d6 (0x0000bfe5) c.j     pc - 8
core   0: 3 0x8000a4d6 (0xbfe5)
core   0: 0x8000a4ce (0x00006f17) auipc   t5, 0x6
core   0: 3 0x8000a4ce (0x00006f17) x30 0x800104ce
core   0: 0x8000a4d2 (0xb23f2923) sw      gp, -1230(t5)
core   0: 3 0x8000a4d2 (0xb23f2923) mem 0x80010000 0x00000001
core   0: 0x8000a4d6 (0x0000bfe5) c.j     pc - 8
core   0: 3 0x8000a4d6 (0xbfe5)
core   0: 0x8000a4ce (0x00006f17) auipc   t5, 0x6
core   0: 3 0x8000a4ce (0x00006f17) x30 0x800104ce
core   0: 0x8000a4d2 (0xb23f2923) sw      gp, -1230(t5)
core   0: 3 0x8000a4d2 (0xb23f2923) mem 0x80010000 0x00000001
core   0: 0x8000a4d6 (0x0000bfe5) c.j     pc - 8
core   0: 3 0x8000a4d6 (0xbfe5)
core   0: 0x8000a4ce (0x00006f17) auipc   t5, 0x6
core   0: 3 0x8000a4ce (0x00006f17) x30 0x800104ce
core   0: 0x8000a4d2 (0xb23f2923) sw      gp, -1230(t5)
core   0: 3 0x8000a4d2 (0xb23f2923) mem 0x80010000 0x00000001
core   0: 0x8000a4d6 (0x0000bfe5) c.j     pc - 8
core   0: 3 0x8000a4d6 (0xbfe5)
core   0: 0x8000a4ce (0x00006f17) auipc   t5, 0x6
core   0: 3 0x8000a4ce (0x00006f17) x30 0x800104ce
core   0: 0x8000a4d2 (0xb23f2923) sw      gp, -1230(t5)
core   0: 3 0x8000a4d2 (0xb23f2923) mem 0x80010000 0x00000001
core   0: 0x8000a4d6 (0x0000bfe5) c.j     pc - 8
core   0: 3 0x8000a4d6 (0xbfe5)
core   0: 0x8000a4ce (0x00006f17) auipc   t5, 0x6
core   0: 3 0x8000a4ce (0x00006f17) x30 0x800104ce
core   0: 0x8000a4d2 (0xb23f2923) sw      gp, -1230(t5)
core   0: 3 0x8000a4d2 (0xb23f2923) mem 0x80010000 0x00000001
core   0: 0x8000a4d6 (0x0000bfe5) c.j     pc - 8
core   0: 3 0x8000a4d6 (0xbfe5)
core   0: 0x8000a4ce (0x00006f17) auipc   t5, 0x6
core   0: 3 0x8000a4ce (0x00006f17) x30 0x800104ce
core   0: 0x8000a4d2 (0xb23f2923) sw      gp, -1230(t5)
core   0: 3 0x8000a4d2 (0xb23f2923) mem 0x80010000 0x00000001
core   0: 0x8000a4d6 (0x0000bfe5) c.j     pc - 8
core   0: 3 0x8000a4d6 (0xbfe5)
core   0: 0x8000a4ce (0x00006f17) auipc   t5, 0x6
core   0: 3 0x8000a4ce (0x00006f17) x30 0x800104ce
core   0: 0x8000a4d2 (0xb23f2923) sw      gp, -1230(t5)
core   0: 3 0x8000a4d2 (0xb23f2923) mem 0x80010000 0x00000001
core   0: 0x8000a4d6 (0x0000bfe5) c.j     pc - 8
core   0: 3 0x8000a4d6 (0xbfe5)
core   0: 0x8000a4ce (0x00006f17) auipc   t5, 0x6
core   0: 3 0x8000a4ce (0x00006f17) x30 0x800104ce
core   0: 0x8000a4d2 (0xb23f2923) sw      gp, -1230(t5)
core   0: 3 0x8000a4d2 (0xb23f2923) mem 0x80010000 0x00000001
core   0: 0x8000a4d6 (0x0000bfe5) c.j     pc - 8
core   0: 3 0x8000a4d6 (0xbfe5)
core   0: 0x8000a4ce (0x00006f17) auipc   t5, 0x6
core   0: 3 0x8000a4ce (0x00006f17) x30 0x800104ce
core   0: 0x8000a4d2 (0xb23f2923) sw      gp, -1230(t5)
core   0: 3 0x8000a4d2 (0xb23f2923) mem 0x80010000 0x00000001
core   0: 0x8000a4d6 (0x0000bfe5) c.j     pc - 8
core   0: 3 0x8000a4d6 (0xbfe5)
core   0: 0x8000a4ce (0x00006f17) auipc   t5, 0x6
core   0: 3 0x8000a4ce (0x00006f17) x30 0x800104ce
core   0: 0x8000a4d2 (0xb23f2923) sw      gp, -1230(t5)
core   0: 3 0x8000a4d2 (0xb23f2923) mem 0x80010000 0x00000001
core   0: 0x8000a4d6 (0x0000bfe5) c.j     pc - 8
core   0: 3 0x8000a4d6 (0xbfe5)
core   0: 0x8000a4ce (0x00006f17) auipc   t5, 0x6
core   0: 3 0x8000a4ce (0x00006f17) x30 0x800104ce
core   0: 0x8000a4d2 (0xb23f2923) sw      gp, -1230(t5)
core   0: 3 0x8000a4d2 (0xb23f2923) mem 0x80010000 0x00000001
core   0: 0x8000a4d6 (0x0000bfe5) c.j     pc - 8
core   0: 3 0x8000a4d6 (0xbfe5)
core   0: 0x8000a4ce (0x00006f17) auipc   t5, 0x6
core   0: 3 0x8000a4ce (0x00006f17) x30 0x800104ce
core   0: 0x8000a4d2 (0xb23f2923) sw      gp, -1230(t5)
core   0: 3 0x8000a4d2 (0xb23f2923) mem 0x80010000 0x00000001
core   0: 0x8000a4d6 (0x0000bfe5) c.j     pc - 8
core   0: 3 0x8000a4d6 (0xbfe5)
core   0: 0x8000a4ce (0x00006f17) auipc   t5, 0x6
core   0: 3 0x8000a4ce (0x00006f17) x30 0x800104ce
core   0: 0x8000a4d2 (0xb23f2923) sw      gp, -1230(t5)
core   0: 3 0x8000a4d2 (0xb23f2923) mem 0x80010000 0x00000001
core   0: 0x8000a4d6 (0x0000bfe5) c.j     pc - 8
core   0: 3 0x8000a4d6 (0xbfe5)
core   0: 0x8000a4ce (0x00006f17) auipc   t5, 0x6
core   0: 3 0x8000a4ce (0x00006f17) x30 0x800104ce
core   0: 0x8000a4d2 (0xb23f2923) sw      gp, -1230(t5)
core   0: 3 0x8000a4d2 (0xb23f2923) mem 0x80010000 0x00000001
core   0: 0x8000a4d6 (0x0000bfe5) c.j     pc - 8
core   0: 3 0x8000a4d6 (0xbfe5)
core   0: 0x8000a4ce (0x00006f17) auipc   t5, 0x6
core   0: 3 0x8000a4ce (0x00006f17) x30 0x800104ce
core   0: 0x8000a4d2 (0xb23f2923) sw      gp, -1230(t5)
core   0: 3 0x8000a4d2 (0xb23f2923) mem 0x80010000 0x00000001
core   0: 0x8000a4d6 (0x0000bfe5) c.j     pc - 8
core   0: 3 0x8000a4d6 (0xbfe5)
core   0: 0x8000a4ce (0x00006f17) auipc   t5, 0x6
core   0: 3 0x8000a4ce (0x00006f17) x30 0x800104ce
core   0: 0x8000a4d2 (0xb23f2923) sw      gp, -1230(t5)
core   0: 3 0x8000a4d2 (0xb23f2923) mem 0x80010000 0x00000001
core   0: 0x8000a4d6 (0x0000bfe5) c.j     pc - 8
core   0: 3 0x8000a4d6 (0xbfe5)
core   0: 0x8000a4ce (0x00006f17) auipc   t5, 0x6
core   0: 3 0x8000a4ce (0x00006f17) x30 0x800104ce
core   0: 0x8000a4d2 (0xb23f2923) sw      gp, -1230(t5)
core   0: 3 0x8000a4d2 (0xb23f2923) mem 0x80010000 0x00000001
core   0: 0x8000a4d6 (0x0000bfe5) c.j     pc - 8
core   0: 3 0x8000a4d6 (0xbfe5)
core   0: 0x8000a4ce (0x00006f17) auipc   t5, 0x6
core   0: 3 0x8000a4ce (0x00006f17) x30 0x800104ce
core   0: 0x8000a4d2 (0xb23f2923) sw      gp, -1230(t5)
core   0: 3 0x8000a4d2 (0xb23f2923) mem 0x80010000 0x00000001
core   0: 0x8000a4d6 (0x0000bfe5) c.j     pc - 8
core   0: 3 0x8000a4d6 (0xbfe5)
core   0: 0x8000a4ce (0x00006f17) auipc   t5, 0x6
core   0: 3 0x8000a4ce (0x00006f17) x30 0x800104ce
core   0: 0x8000a4d2 (0xb23f2923) sw      gp, -1230(t5)
core   0: 3 0x8000a4d2 (0xb23f2923) mem 0x80010000 0x00000001
core   0: 0x8000a4d6 (0x0000bfe5) c.j     pc - 8
core   0: 3 0x8000a4d6 (0xbfe5)
core   0: 0x8000a4ce (0x00006f17) auipc   t5, 0x6
core   0: 3 0x8000a4ce (0x00006f17) x30 0x800104ce
core   0: 0x8000a4d2 (0xb23f2923) sw      gp, -1230(t5)
core   0: 3 0x8000a4d2 (0xb23f2923) mem 0x80010000 0x00000001
core   0: 0x8000a4d6 (0x0000bfe5) c.j     pc - 8
core   0: 3 0x8000a4d6 (0xbfe5)
core   0: 0x8000a4ce (0x00006f17) auipc   t5, 0x6
core   0: 3 0x8000a4ce (0x00006f17) x30 0x800104ce
core   0: 0x8000a4d2 (0xb23f2923) sw      gp, -1230(t5)
core   0: 3 0x8000a4d2 (0xb23f2923) mem 0x80010000 0x00000001
core   0: 0x8000a4d6 (0x0000bfe5) c.j     pc - 8
core   0: 3 0x8000a4d6 (0xbfe5)
core   0: 0x8000a4ce (0x00006f17) auipc   t5, 0x6
core   0: 3 0x8000a4ce (0x00006f17) x30 0x800104ce
core   0: 0x8000a4d2 (0xb23f2923) sw      gp, -1230(t5)
core   0: 3 0x8000a4d2 (0xb23f2923) mem 0x80010000 0x00000001
core   0: 0x8000a4d6 (0x0000bfe5) c.j     pc - 8
core   0: 3 0x8000a4d6 (0xbfe5)
core   0: 0x8000a4ce (0x00006f17) auipc   t5, 0x6
core   0: 3 0x8000a4ce (0x00006f17) x30 0x800104ce
core   0: 0x8000a4d2 (0xb23f2923) sw      gp, -1230(t5)
core   0: 3 0x8000a4d2 (0xb23f2923) mem 0x80010000 0x00000001
core   0: 0x8000a4d6 (0x0000bfe5) c.j     pc - 8
core   0: 3 0x8000a4d6 (0xbfe5)
core   0: 0x8000a4ce (0x00006f17) auipc   t5, 0x6
core   0: 3 0x8000a4ce (0x00006f17) x30 0x800104ce
core   0: 0x8000a4d2 (0xb23f2923) sw      gp, -1230(t5)
core   0: 3 0x8000a4d2 (0xb23f2923) mem 0x80010000 0x00000001
core   0: 0x8000a4d6 (0x0000bfe5) c.j     pc - 8
core   0: 3 0x8000a4d6 (0xbfe5)
core   0: 0x8000a4ce (0x00006f17) auipc   t5, 0x6
core   0: 3 0x8000a4ce (0x00006f17) x30 0x800104ce
core   0: 0x8000a4d2 (0xb23f2923) sw      gp, -1230(t5)
core   0: 3 0x8000a4d2 (0xb23f2923) mem 0x80010000 0x00000001
core   0: 0x8000a4d6 (0x0000bfe5) c.j     pc - 8
core   0: 3 0x8000a4d6 (0xbfe5)
core   0: 0x8000a4ce (0x00006f17) auipc   t5, 0x6
core   0: 3 0x8000a4ce (0x00006f17) x30 0x800104ce
core   0: 0x8000a4d2 (0xb23f2923) sw      gp, -1230(t5)
core   0: 3 0x8000a4d2 (0xb23f2923) mem 0x80010000 0x00000001
core   0: 0x8000a4d6 (0x0000bfe5) c.j     pc - 8
core   0: 3 0x8000a4d6 (0xbfe5)
core   0: 0x8000a4ce (0x00006f17) auipc   t5, 0x6
core   0: 3 0x8000a4ce (0x00006f17) x30 0x800104ce
core   0: 0x8000a4d2 (0xb23f2923) sw      gp, -1230(t5)
core   0: 3 0x8000a4d2 (0xb23f2923) mem 0x80010000 0x00000001
core   0: 0x8000a4d6 (0x0000bfe5) c.j     pc - 8
core   0: 3 0x8000a4d6 (0xbfe5)
core   0: 0x8000a4ce (0x00006f17) auipc   t5, 0x6
core   0: 3 0x8000a4ce (0x00006f17) x30 0x800104ce
core   0: 0x8000a4d2 (0xb23f2923) sw      gp, -1230(t5)
core   0: 3 0x8000a4d2 (0xb23f2923) mem 0x80010000 0x00000001
core   0: 0x8000a4d6 (0x0000bfe5) c.j     pc - 8
core   0: 3 0x8000a4d6 (0xbfe5)
core   0: 0x8000a4ce (0x00006f17) auipc   t5, 0x6
core   0: 3 0x8000a4ce (0x00006f17) x30 0x800104ce
core   0: 0x8000a4d2 (0xb23f2923) sw      gp, -1230(t5)
core   0: 3 0x8000a4d2 (0xb23f2923) mem 0x80010000 0x00000001
core   0: 0x8000a4d6 (0x0000bfe5) c.j     pc - 8
core   0: 3 0x8000a4d6 (0xbfe5)
core   0: 0x8000a4ce (0x00006f17) auipc   t5, 0x6
core   0: 3 0x8000a4ce (0x00006f17) x30 0x800104ce
core   0: 0x8000a4d2 (0xb23f2923) sw      gp, -1230(t5)
core   0: 3 0x8000a4d2 (0xb23f2923) mem 0x80010000 0x00000001
core   0: 0x8000a4d6 (0x0000bfe5) c.j     pc - 8
core   0: 3 0x8000a4d6 (0xbfe5)
core   0: 0x8000a4ce (0x00006f17) auipc   t5, 0x6
core   0: 3 0x8000a4ce (0x00006f17) x30 0x800104ce
core   0: 0x8000a4d2 (0xb23f2923) sw      gp, -1230(t5)
core   0: 3 0x8000a4d2 (0xb23f2923) mem 0x80010000 0x00000001
core   0: 0x8000a4d6 (0x0000bfe5) c.j     pc - 8
core   0: 3 0x8000a4d6 (0xbfe5)
core   0: 0x8000a4ce (0x00006f17) auipc   t5, 0x6
core   0: 3 0x8000a4ce (0x00006f17) x30 0x800104ce
core   0: 0x8000a4d2 (0xb23f2923) sw      gp, -1230(t5)
core   0: 3 0x8000a4d2 (0xb23f2923) mem 0x80010000 0x00000001
core   0: 0x8000a4d6 (0x0000bfe5) c.j     pc - 8
core   0: 3 0x8000a4d6 (0xbfe5)
core   0: 0x8000a4ce (0x00006f17) auipc   t5, 0x6
core   0: 3 0x8000a4ce (0x00006f17) x30 0x800104ce
core   0: 0x8000a4d2 (0xb23f2923) sw      gp, -1230(t5)
core   0: 3 0x8000a4d2 (0xb23f2923) mem 0x80010000 0x00000001
core   0: 0x8000a4d6 (0x0000bfe5) c.j     pc - 8
core   0: 3 0x8000a4d6 (0xbfe5)
core   0: 0x8000a4ce (0x00006f17) auipc   t5, 0x6
core   0: 3 0x8000a4ce (0x00006f17) x30 0x800104ce
core   0: 0x8000a4d2 (0xb23f2923) sw      gp, -1230(t5)
core   0: 3 0x8000a4d2 (0xb23f2923) mem 0x80010000 0x00000001
core   0: 0x8000a4d6 (0x0000bfe5) c.j     pc - 8
core   0: 3 0x8000a4d6 (0xbfe5)
core   0: 0x8000a4ce (0x00006f17) auipc   t5, 0x6
core   0: 3 0x8000a4ce (0x00006f17) x30 0x800104ce
core   0: 0x8000a4d2 (0xb23f2923) sw      gp, -1230(t5)
core   0: 3 0x8000a4d2 (0xb23f2923) mem 0x80010000 0x00000001
core   0: 0x8000a4d6 (0x0000bfe5) c.j     pc - 8
core   0: 3 0x8000a4d6 (0xbfe5)
core   0: 0x8000a4ce (0x00006f17) auipc   t5, 0x6
core   0: 3 0x8000a4ce (0x00006f17) x30 0x800104ce
core   0: 0x8000a4d2 (0xb23f2923) sw      gp, -1230(t5)
core   0: 3 0x8000a4d2 (0xb23f2923) mem 0x80010000 0x00000001
core   0: 0x8000a4d6 (0x0000bfe5) c.j     pc - 8
core   0: 3 0x8000a4d6 (0xbfe5)
core   0: 0x8000a4ce (0x00006f17) auipc   t5, 0x6
core   0: 3 0x8000a4ce (0x00006f17) x30 0x800104ce
core   0: 0x8000a4d2 (0xb23f2923) sw      gp, -1230(t5)
core   0: 3 0x8000a4d2 (0xb23f2923) mem 0x80010000 0x00000001
core   0: 0x8000a4d6 (0x0000bfe5) c.j     pc - 8
core   0: 3 0x8000a4d6 (0xbfe5)
core   0: 0x8000a4ce (0x00006f17) auipc   t5, 0x6
core   0: 3 0x8000a4ce (0x00006f17) x30 0x800104ce
core   0: 0x8000a4d2 (0xb23f2923) sw      gp, -1230(t5)
core   0: 3 0x8000a4d2 (0xb23f2923) mem 0x80010000 0x00000001
core   0: 0x8000a4d6 (0x0000bfe5) c.j     pc - 8
core   0: 3 0x8000a4d6 (0xbfe5)
core   0: 0x8000a4ce (0x00006f17) auipc   t5, 0x6
core   0: 3 0x8000a4ce (0x00006f17) x30 0x800104ce
core   0: 0x8000a4d2 (0xb23f2923) sw      gp, -1230(t5)
core   0: 3 0x8000a4d2 (0xb23f2923) mem 0x80010000 0x00000001
core   0: 0x8000a4d6 (0x0000bfe5) c.j     pc - 8
core   0: 3 0x8000a4d6 (0xbfe5)
core   0: 0x8000a4ce (0x00006f17) auipc   t5, 0x6
core   0: 3 0x8000a4ce (0x00006f17) x30 0x800104ce
core   0: 0x8000a4d2 (0xb23f2923) sw      gp, -1230(t5)
core   0: 3 0x8000a4d2 (0xb23f2923) mem 0x80010000 0x00000001
core   0: 0x8000a4d6 (0x0000bfe5) c.j     pc - 8
core   0: 3 0x8000a4d6 (0xbfe5)
core   0: 0x8000a4ce (0x00006f17) auipc   t5, 0x6
core   0: 3 0x8000a4ce (0x00006f17) x30 0x800104ce
core   0: 0x8000a4d2 (0xb23f2923) sw      gp, -1230(t5)
core   0: 3 0x8000a4d2 (0xb23f2923) mem 0x80010000 0x00000001
core   0: 0x8000a4d6 (0x0000bfe5) c.j     pc - 8
core   0: 3 0x8000a4d6 (0xbfe5)
core   0: 0x8000a4ce (0x00006f17) auipc   t5, 0x6
core   0: 3 0x8000a4ce (0x00006f17) x30 0x800104ce
core   0: 0x8000a4d2 (0xb23f2923) sw      gp, -1230(t5)
core   0: 3 0x8000a4d2 (0xb23f2923) mem 0x80010000 0x00000001
core   0: 0x8000a4d6 (0x0000bfe5) c.j     pc - 8
core   0: 3 0x8000a4d6 (0xbfe5)
core   0: 0x8000a4ce (0x00006f17) auipc   t5, 0x6
core   0: 3 0x8000a4ce (0x00006f17) x30 0x800104ce
core   0: 0x8000a4d2 (0xb23f2923) sw      gp, -1230(t5)
core   0: 3 0x8000a4d2 (0xb23f2923) mem 0x80010000 0x00000001
core   0: 0x8000a4d6 (0x0000bfe5) c.j     pc - 8
core   0: 3 0x8000a4d6 (0xbfe5)
core   0: 0x8000a4ce (0x00006f17) auipc   t5, 0x6
core   0: 3 0x8000a4ce (0x00006f17) x30 0x800104ce
core   0: 0x8000a4d2 (0xb23f2923) sw      gp, -1230(t5)
core   0: 3 0x8000a4d2 (0xb23f2923) mem 0x80010000 0x00000001
core   0: 0x8000a4d6 (0x0000bfe5) c.j     pc - 8
core   0: 3 0x8000a4d6 (0xbfe5)
core   0: 0x8000a4ce (0x00006f17) auipc   t5, 0x6
core   0: 3 0x8000a4ce (0x00006f17) x30 0x800104ce
core   0: 0x8000a4d2 (0xb23f2923) sw      gp, -1230(t5)
core   0: 3 0x8000a4d2 (0xb23f2923) mem 0x80010000 0x00000001
core   0: 0x8000a4d6 (0x0000bfe5) c.j     pc - 8
core   0: 3 0x8000a4d6 (0xbfe5)
core   0: 0x8000a4ce (0x00006f17) auipc   t5, 0x6
core   0: 3 0x8000a4ce (0x00006f17) x30 0x800104ce
core   0: 0x8000a4d2 (0xb23f2923) sw      gp, -1230(t5)
core   0: 3 0x8000a4d2 (0xb23f2923) mem 0x80010000 0x00000001
core   0: 0x8000a4d6 (0x0000bfe5) c.j     pc - 8
core   0: 3 0x8000a4d6 (0xbfe5)
core   0: 0x8000a4ce (0x00006f17) auipc   t5, 0x6
core   0: 3 0x8000a4ce (0x00006f17) x30 0x800104ce
core   0: 0x8000a4d2 (0xb23f2923) sw      gp, -1230(t5)
core   0: 3 0x8000a4d2 (0xb23f2923) mem 0x80010000 0x00000001
core   0: 0x8000a4d6 (0x0000bfe5) c.j     pc - 8
core   0: 3 0x8000a4d6 (0xbfe5)
core   0: 0x8000a4ce (0x00006f17) auipc   t5, 0x6
core   0: 3 0x8000a4ce (0x00006f17) x30 0x800104ce
core   0: 0x8000a4d2 (0xb23f2923) sw      gp, -1230(t5)
core   0: 3 0x8000a4d2 (0xb23f2923) mem 0x80010000 0x00000001
core   0: 0x8000a4d6 (0x0000bfe5) c.j     pc - 8
core   0: 3 0x8000a4d6 (0xbfe5)
core   0: 0x8000a4ce (0x00006f17) auipc   t5, 0x6
core   0: 3 0x8000a4ce (0x00006f17) x30 0x800104ce
core   0: 0x8000a4d2 (0xb23f2923) sw      gp, -1230(t5)
core   0: 3 0x8000a4d2 (0xb23f2923) mem 0x80010000 0x00000001
core   0: 0x8000a4d6 (0x0000bfe5) c.j     pc - 8
core   0: 3 0x8000a4d6 (0xbfe5)
core   0: 0x8000a4ce (0x00006f17) auipc   t5, 0x6
core   0: 3 0x8000a4ce (0x00006f17) x30 0x800104ce
core   0: 0x8000a4d2 (0xb23f2923) sw      gp, -1230(t5)
core   0: 3 0x8000a4d2 (0xb23f2923) mem 0x80010000 0x00000001
core   0: 0x8000a4d6 (0x0000bfe5) c.j     pc - 8
core   0: 3 0x8000a4d6 (0xbfe5)
core   0: 0x8000a4ce (0x00006f17) auipc   t5, 0x6
core   0: 3 0x8000a4ce (0x00006f17) x30 0x800104ce
core   0: 0x8000a4d2 (0xb23f2923) sw      gp, -1230(t5)
core   0: 3 0x8000a4d2 (0xb23f2923) mem 0x80010000 0x00000001
core   0: 0x8000a4d6 (0x0000bfe5) c.j     pc - 8
core   0: 3 0x8000a4d6 (0xbfe5)
core   0: 0x8000a4ce (0x00006f17) auipc   t5, 0x6
core   0: 3 0x8000a4ce (0x00006f17) x30 0x800104ce
core   0: 0x8000a4d2 (0xb23f2923) sw      gp, -1230(t5)
core   0: 3 0x8000a4d2 (0xb23f2923) mem 0x80010000 0x00000001
core   0: 0x8000a4d6 (0x0000bfe5) c.j     pc - 8
core   0: 3 0x8000a4d6 (0xbfe5)
core   0: 0x8000a4ce (0x00006f17) auipc   t5, 0x6
core   0: 3 0x8000a4ce (0x00006f17) x30 0x800104ce
core   0: 0x8000a4d2 (0xb23f2923) sw      gp, -1230(t5)
core   0: 3 0x8000a4d2 (0xb23f2923) mem 0x80010000 0x00000001
core   0: 0x8000a4d6 (0x0000bfe5) c.j     pc - 8
core   0: 3 0x8000a4d6 (0xbfe5)
core   0: 0x8000a4ce (0x00006f17) auipc   t5, 0x6
core   0: 3 0x8000a4ce (0x00006f17) x30 0x800104ce
core   0: 0x8000a4d2 (0xb23f2923) sw      gp, -1230(t5)
core   0: 3 0x8000a4d2 (0xb23f2923) mem 0x80010000 0x00000001
core   0: 0x8000a4d6 (0x0000bfe5) c.j     pc - 8
core   0: 3 0x8000a4d6 (0xbfe5)
core   0: 0x8000a4ce (0x00006f17) auipc   t5, 0x6
core   0: 3 0x8000a4ce (0x00006f17) x30 0x800104ce
core   0: 0x8000a4d2 (0xb23f2923) sw      gp, -1230(t5)
core   0: 3 0x8000a4d2 (0xb23f2923) mem 0x80010000 0x00000001
core   0: 0x8000a4d6 (0x0000bfe5) c.j     pc - 8
core   0: 3 0x8000a4d6 (0xbfe5)
core   0: 0x8000a4ce (0x00006f17) auipc   t5, 0x6
core   0: 3 0x8000a4ce (0x00006f17) x30 0x800104ce
core   0: 0x8000a4d2 (0xb23f2923) sw      gp, -1230(t5)
core   0: 3 0x8000a4d2 (0xb23f2923) mem 0x80010000 0x00000001
core   0: 0x8000a4d6 (0x0000bfe5) c.j     pc - 8
core   0: 3 0x8000a4d6 (0xbfe5)
core   0: 0x8000a4ce (0x00006f17) auipc   t5, 0x6
core   0: 3 0x8000a4ce (0x00006f17) x30 0x800104ce
core   0: 0x8000a4d2 (0xb23f2923) sw      gp, -1230(t5)
core   0: 3 0x8000a4d2 (0xb23f2923) mem 0x80010000 0x00000001
core   0: 0x8000a4d6 (0x0000bfe5) c.j     pc - 8
core   0: 3 0x8000a4d6 (0xbfe5)
core   0: 0x8000a4ce (0x00006f17) auipc   t5, 0x6
core   0: 3 0x8000a4ce (0x00006f17) x30 0x800104ce
core   0: 0x8000a4d2 (0xb23f2923) sw      gp, -1230(t5)
core   0: 3 0x8000a4d2 (0xb23f2923) mem 0x80010000 0x00000001
core   0: 0x8000a4d6 (0x0000bfe5) c.j     pc - 8
core   0: 3 0x8000a4d6 (0xbfe5)
core   0: 0x8000a4ce (0x00006f17) auipc   t5, 0x6
core   0: 3 0x8000a4ce (0x00006f17) x30 0x800104ce
core   0: 0x8000a4d2 (0xb23f2923) sw      gp, -1230(t5)
core   0: 3 0x8000a4d2 (0xb23f2923) mem 0x80010000 0x00000001
core   0: 0x8000a4d6 (0x0000bfe5) c.j     pc - 8
core   0: 3 0x8000a4d6 (0xbfe5)
core   0: 0x8000a4ce (0x00006f17) auipc   t5, 0x6
core   0: 3 0x8000a4ce (0x00006f17) x30 0x800104ce
core   0: 0x8000a4d2 (0xb23f2923) sw      gp, -1230(t5)
core   0: 3 0x8000a4d2 (0xb23f2923) mem 0x80010000 0x00000001
core   0: 0x8000a4d6 (0x0000bfe5) c.j     pc - 8
core   0: 3 0x8000a4d6 (0xbfe5)
core   0: 0x8000a4ce (0x00006f17) auipc   t5, 0x6
core   0: 3 0x8000a4ce (0x00006f17) x30 0x800104ce
core   0: 0x8000a4d2 (0xb23f2923) sw      gp, -1230(t5)
core   0: 3 0x8000a4d2 (0xb23f2923) mem 0x80010000 0x00000001
core   0: 0x8000a4d6 (0x0000bfe5) c.j     pc - 8
core   0: 3 0x8000a4d6 (0xbfe5)
core   0: 0x8000a4ce (0x00006f17) auipc   t5, 0x6
core   0: 3 0x8000a4ce (0x00006f17) x30 0x800104ce
core   0: 0x8000a4d2 (0xb23f2923) sw      gp, -1230(t5)
core   0: 3 0x8000a4d2 (0xb23f2923) mem 0x80010000 0x00000001
core   0: 0x8000a4d6 (0x0000bfe5) c.j     pc - 8
core   0: 3 0x8000a4d6 (0xbfe5)
core   0: 0x8000a4ce (0x00006f17) auipc   t5, 0x6
core   0: 3 0x8000a4ce (0x00006f17) x30 0x800104ce
core   0: 0x8000a4d2 (0xb23f2923) sw      gp, -1230(t5)
core   0: 3 0x8000a4d2 (0xb23f2923) mem 0x80010000 0x00000001
core   0: 0x8000a4d6 (0x0000bfe5) c.j     pc - 8
core   0: 3 0x8000a4d6 (0xbfe5)
core   0: 0x8000a4ce (0x00006f17) auipc   t5, 0x6
core   0: 3 0x8000a4ce (0x00006f17) x30 0x800104ce
core   0: 0x8000a4d2 (0xb23f2923) sw      gp, -1230(t5)
core   0: 3 0x8000a4d2 (0xb23f2923) mem 0x80010000 0x00000001
core   0: 0x8000a4d6 (0x0000bfe5) c.j     pc - 8
core   0: 3 0x8000a4d6 (0xbfe5)
core   0: 0x8000a4ce (0x00006f17) auipc   t5, 0x6
core   0: 3 0x8000a4ce (0x00006f17) x30 0x800104ce
core   0: 0x8000a4d2 (0xb23f2923) sw      gp, -1230(t5)
core   0: 3 0x8000a4d2 (0xb23f2923) mem 0x80010000 0x00000001
core   0: 0x8000a4d6 (0x0000bfe5) c.j     pc - 8
core   0: 3 0x8000a4d6 (0xbfe5)
core   0: 0x8000a4ce (0x00006f17) auipc   t5, 0x6
core   0: 3 0x8000a4ce (0x00006f17) x30 0x800104ce
core   0: 0x8000a4d2 (0xb23f2923) sw      gp, -1230(t5)
core   0: 3 0x8000a4d2 (0xb23f2923) mem 0x80010000 0x00000001
core   0: 0x8000a4d6 (0x0000bfe5) c.j     pc - 8
core   0: 3 0x8000a4d6 (0xbfe5)
core   0: 0x8000a4ce (0x00006f17) auipc   t5, 0x6
core   0: 3 0x8000a4ce (0x00006f17) x30 0x800104ce
core   0: 0x8000a4d2 (0xb23f2923) sw      gp, -1230(t5)
core   0: 3 0x8000a4d2 (0xb23f2923) mem 0x80010000 0x00000001
core   0: 0x8000a4d6 (0x0000bfe5) c.j     pc - 8
core   0: 3 0x8000a4d6 (0xbfe5)
core   0: 0x8000a4ce (0x00006f17) auipc   t5, 0x6
core   0: 3 0x8000a4ce (0x00006f17) x30 0x800104ce
core   0: 0x8000a4d2 (0xb23f2923) sw      gp, -1230(t5)
core   0: 3 0x8000a4d2 (0xb23f2923) mem 0x80010000 0x00000001
core   0: 0x8000a4d6 (0x0000bfe5) c.j     pc - 8
core   0: 3 0x8000a4d6 (0xbfe5)
core   0: 0x8000a4ce (0x00006f17) auipc   t5, 0x6
core   0: 3 0x8000a4ce (0x00006f17) x30 0x800104ce
core   0: 0x8000a4d2 (0xb23f2923) sw      gp, -1230(t5)
core   0: 3 0x8000a4d2 (0xb23f2923) mem 0x80010000 0x00000001
core   0: 0x8000a4d6 (0x0000bfe5) c.j     pc - 8
core   0: 3 0x8000a4d6 (0xbfe5)
core   0: 0x8000a4ce (0x00006f17) auipc   t5, 0x6
core   0: 3 0x8000a4ce (0x00006f17) x30 0x800104ce
core   0: 0x8000a4d2 (0xb23f2923) sw      gp, -1230(t5)
core   0: 3 0x8000a4d2 (0xb23f2923) mem 0x80010000 0x00000001
core   0: 0x8000a4d6 (0x0000bfe5) c.j     pc - 8
core   0: 3 0x8000a4d6 (0xbfe5)
core   0: 0x8000a4ce (0x00006f17) auipc   t5, 0x6
core   0: 3 0x8000a4ce (0x00006f17) x30 0x800104ce
core   0: 0x8000a4d2 (0xb23f2923) sw      gp, -1230(t5)
core   0: 3 0x8000a4d2 (0xb23f2923) mem 0x80010000 0x00000001
core   0: 0x8000a4d6 (0x0000bfe5) c.j     pc - 8
core   0: 3 0x8000a4d6 (0xbfe5)
core   0: 0x8000a4ce (0x00006f17) auipc   t5, 0x6
core   0: 3 0x8000a4ce (0x00006f17) x30 0x800104ce
core   0: 0x8000a4d2 (0xb23f2923) sw      gp, -1230(t5)
core   0: 3 0x8000a4d2 (0xb23f2923) mem 0x80010000 0x00000001
core   0: 0x8000a4d6 (0x0000bfe5) c.j     pc - 8
core   0: 3 0x8000a4d6 (0xbfe5)
core   0: 0x8000a4ce (0x00006f17) auipc   t5, 0x6
core   0: 3 0x8000a4ce (0x00006f17) x30 0x800104ce
core   0: 0x8000a4d2 (0xb23f2923) sw      gp, -1230(t5)
core   0: 3 0x8000a4d2 (0xb23f2923) mem 0x80010000 0x00000001
core   0: 0x8000a4d6 (0x0000bfe5) c.j     pc - 8
core   0: 3 0x8000a4d6 (0xbfe5)
core   0: 0x8000a4ce (0x00006f17) auipc   t5, 0x6
core   0: 3 0x8000a4ce (0x00006f17) x30 0x800104ce
core   0: 0x8000a4d2 (0xb23f2923) sw      gp, -1230(t5)
core   0: 3 0x8000a4d2 (0xb23f2923) mem 0x80010000 0x00000001
core   0: 0x8000a4d6 (0x0000bfe5) c.j     pc - 8
core   0: 3 0x8000a4d6 (0xbfe5)
core   0: 0x8000a4ce (0x00006f17) auipc   t5, 0x6
core   0: 3 0x8000a4ce (0x00006f17) x30 0x800104ce
core   0: 0x8000a4d2 (0xb23f2923) sw      gp, -1230(t5)
core   0: 3 0x8000a4d2 (0xb23f2923) mem 0x80010000 0x00000001
core   0: 0x8000a4d6 (0x0000bfe5) c.j     pc - 8
core   0: 3 0x8000a4d6 (0xbfe5)
core   0: 0x8000a4ce (0x00006f17) auipc   t5, 0x6
core   0: 3 0x8000a4ce (0x00006f17) x30 0x800104ce
core   0: 0x8000a4d2 (0xb23f2923) sw      gp, -1230(t5)
core   0: 3 0x8000a4d2 (0xb23f2923) mem 0x80010000 0x00000001
core   0: 0x8000a4d6 (0x0000bfe5) c.j     pc - 8
core   0: 3 0x8000a4d6 (0xbfe5)
core   0: 0x8000a4ce (0x00006f17) auipc   t5, 0x6
core   0: 3 0x8000a4ce (0x00006f17) x30 0x800104ce
core   0: 0x8000a4d2 (0xb23f2923) sw      gp, -1230(t5)
core   0: 3 0x8000a4d2 (0xb23f2923) mem 0x80010000 0x00000001
core   0: 0x8000a4d6 (0x0000bfe5) c.j     pc - 8
core   0: 3 0x8000a4d6 (0xbfe5)
core   0: 0x8000a4ce (0x00006f17) auipc   t5, 0x6
core   0: 3 0x8000a4ce (0x00006f17) x30 0x800104ce
core   0: 0x8000a4d2 (0xb23f2923) sw      gp, -1230(t5)
core   0: 3 0x8000a4d2 (0xb23f2923) mem 0x80010000 0x00000001
core   0: 0x8000a4d6 (0x0000bfe5) c.j     pc - 8
core   0: 3 0x8000a4d6 (0xbfe5)
core   0: 0x8000a4ce (0x00006f17) auipc   t5, 0x6
core   0: 3 0x8000a4ce (0x00006f17) x30 0x800104ce
core   0: 0x8000a4d2 (0xb23f2923) sw      gp, -1230(t5)
core   0: 3 0x8000a4d2 (0xb23f2923) mem 0x80010000 0x00000001
core   0: 0x8000a4d6 (0x0000bfe5) c.j     pc - 8
core   0: 3 0x8000a4d6 (0xbfe5)
core   0: 0x8000a4ce (0x00006f17) auipc   t5, 0x6
core   0: 3 0x8000a4ce (0x00006f17) x30 0x800104ce
core   0: 0x8000a4d2 (0xb23f2923) sw      gp, -1230(t5)
core   0: 3 0x8000a4d2 (0xb23f2923) mem 0x80010000 0x00000001
core   0: 0x8000a4d6 (0x0000bfe5) c.j     pc - 8
core   0: 3 0x8000a4d6 (0xbfe5)
core   0: 0x8000a4ce (0x00006f17) auipc   t5, 0x6
core   0: 3 0x8000a4ce (0x00006f17) x30 0x800104ce
core   0: 0x8000a4d2 (0xb23f2923) sw      gp, -1230(t5)
core   0: 3 0x8000a4d2 (0xb23f2923) mem 0x80010000 0x00000001
core   0: 0x8000a4d6 (0x0000bfe5) c.j     pc - 8
core   0: 3 0x8000a4d6 (0xbfe5)
core   0: 0x8000a4ce (0x00006f17) auipc   t5, 0x6
core   0: 3 0x8000a4ce (0x00006f17) x30 0x800104ce
core   0: 0x8000a4d2 (0xb23f2923) sw      gp, -1230(t5)
core   0: 3 0x8000a4d2 (0xb23f2923) mem 0x80010000 0x00000001
core   0: 0x8000a4d6 (0x0000bfe5) c.j     pc - 8
core   0: 3 0x8000a4d6 (0xbfe5)
core   0: 0x8000a4ce (0x00006f17) auipc   t5, 0x6
core   0: 3 0x8000a4ce (0x00006f17) x30 0x800104ce
core   0: 0x8000a4d2 (0xb23f2923) sw      gp, -1230(t5)
core   0: 3 0x8000a4d2 (0xb23f2923) mem 0x80010000 0x00000001
core   0: 0x8000a4d6 (0x0000bfe5) c.j     pc - 8
core   0: 3 0x8000a4d6 (0xbfe5)
core   0: 0x8000a4ce (0x00006f17) auipc   t5, 0x6
core   0: 3 0x8000a4ce (0x00006f17) x30 0x800104ce
core   0: 0x8000a4d2 (0xb23f2923) sw      gp, -1230(t5)
core   0: 3 0x8000a4d2 (0xb23f2923) mem 0x80010000 0x00000001
core   0: 0x8000a4d6 (0x0000bfe5) c.j     pc - 8
core   0: 3 0x8000a4d6 (0xbfe5)
core   0: 0x8000a4ce (0x00006f17) auipc   t5, 0x6
core   0: 3 0x8000a4ce (0x00006f17) x30 0x800104ce
core   0: 0x8000a4d2 (0xb23f2923) sw      gp, -1230(t5)
core   0: 3 0x8000a4d2 (0xb23f2923) mem 0x80010000 0x00000001
core   0: 0x8000a4d6 (0x0000bfe5) c.j     pc - 8
core   0: 3 0x8000a4d6 (0xbfe5)
core   0: 0x8000a4ce (0x00006f17) auipc   t5, 0x6
core   0: 3 0x8000a4ce (0x00006f17) x30 0x800104ce
core   0: 0x8000a4d2 (0xb23f2923) sw      gp, -1230(t5)
core   0: 3 0x8000a4d2 (0xb23f2923) mem 0x80010000 0x00000001
core   0: 0x8000a4d6 (0x0000bfe5) c.j     pc - 8
core   0: 3 0x8000a4d6 (0xbfe5)
core   0: 0x8000a4ce (0x00006f17) auipc   t5, 0x6
core   0: 3 0x8000a4ce (0x00006f17) x30 0x800104ce
core   0: 0x8000a4d2 (0xb23f2923) sw      gp, -1230(t5)
core   0: 3 0x8000a4d2 (0xb23f2923) mem 0x80010000 0x00000001
core   0: 0x8000a4d6 (0x0000bfe5) c.j     pc - 8
core   0: 3 0x8000a4d6 (0xbfe5)
core   0: 0x8000a4ce (0x00006f17) auipc   t5, 0x6
core   0: 3 0x8000a4ce (0x00006f17) x30 0x800104ce
core   0: 0x8000a4d2 (0xb23f2923) sw      gp, -1230(t5)
core   0: 3 0x8000a4d2 (0xb23f2923) mem 0x80010000 0x00000001
core   0: 0x8000a4d6 (0x0000bfe5) c.j     pc - 8
core   0: 3 0x8000a4d6 (0xbfe5)
core   0: 0x8000a4ce (0x00006f17) auipc   t5, 0x6
core   0: 3 0x8000a4ce (0x00006f17) x30 0x800104ce
core   0: 0x8000a4d2 (0xb23f2923) sw      gp, -1230(t5)
core   0: 3 0x8000a4d2 (0xb23f2923) mem 0x80010000 0x00000001
core   0: 0x8000a4d6 (0x0000bfe5) c.j     pc - 8
core   0: 3 0x8000a4d6 (0xbfe5)
core   0: 0x8000a4ce (0x00006f17) auipc   t5, 0x6
core   0: 3 0x8000a4ce (0x00006f17) x30 0x800104ce
core   0: 0x8000a4d2 (0xb23f2923) sw      gp, -1230(t5)
core   0: 3 0x8000a4d2 (0xb23f2923) mem 0x80010000 0x00000001
core   0: 0x8000a4d6 (0x0000bfe5) c.j     pc - 8
core   0: 3 0x8000a4d6 (0xbfe5)
core   0: 0x8000a4ce (0x00006f17) auipc   t5, 0x6
core   0: 3 0x8000a4ce (0x00006f17) x30 0x800104ce
core   0: 0x8000a4d2 (0xb23f2923) sw      gp, -1230(t5)
core   0: 3 0x8000a4d2 (0xb23f2923) mem 0x80010000 0x00000001
core   0: 0x8000a4d6 (0x0000bfe5) c.j     pc - 8
core   0: 3 0x8000a4d6 (0xbfe5)
core   0: 0x8000a4ce (0x00006f17) auipc   t5, 0x6
core   0: 3 0x8000a4ce (0x00006f17) x30 0x800104ce
core   0: 0x8000a4d2 (0xb23f2923) sw      gp, -1230(t5)
core   0: 3 0x8000a4d2 (0xb23f2923) mem 0x80010000 0x00000001
core   0: 0x8000a4d6 (0x0000bfe5) c.j     pc - 8
core   0: 3 0x8000a4d6 (0xbfe5)
core   0: 0x8000a4ce (0x00006f17) auipc   t5, 0x6
core   0: 3 0x8000a4ce (0x00006f17) x30 0x800104ce
core   0: 0x8000a4d2 (0xb23f2923) sw      gp, -1230(t5)
core   0: 3 0x8000a4d2 (0xb23f2923) mem 0x80010000 0x00000001
core   0: 0x8000a4d6 (0x0000bfe5) c.j     pc - 8
core   0: 3 0x8000a4d6 (0xbfe5)
core   0: 0x8000a4ce (0x00006f17) auipc   t5, 0x6
core   0: 3 0x8000a4ce (0x00006f17) x30 0x800104ce
core   0: 0x8000a4d2 (0xb23f2923) sw      gp, -1230(t5)
core   0: 3 0x8000a4d2 (0xb23f2923) mem 0x80010000 0x00000001
core   0: 0x8000a4d6 (0x0000bfe5) c.j     pc - 8
core   0: 3 0x8000a4d6 (0xbfe5)
core   0: 0x8000a4ce (0x00006f17) auipc   t5, 0x6
core   0: 3 0x8000a4ce (0x00006f17) x30 0x800104ce
core   0: 0x8000a4d2 (0xb23f2923) sw      gp, -1230(t5)
core   0: 3 0x8000a4d2 (0xb23f2923) mem 0x80010000 0x00000001
core   0: 0x8000a4d6 (0x0000bfe5) c.j     pc - 8
core   0: 3 0x8000a4d6 (0xbfe5)
core   0: 0x8000a4ce (0x00006f17) auipc   t5, 0x6
core   0: 3 0x8000a4ce (0x00006f17) x30 0x800104ce
core   0: 0x8000a4d2 (0xb23f2923) sw      gp, -1230(t5)
core   0: 3 0x8000a4d2 (0xb23f2923) mem 0x80010000 0x00000001
core   0: 0x8000a4d6 (0x0000bfe5) c.j     pc - 8
core   0: 3 0x8000a4d6 (0xbfe5)
core   0: 0x8000a4ce (0x00006f17) auipc   t5, 0x6
core   0: 3 0x8000a4ce (0x00006f17) x30 0x800104ce
core   0: 0x8000a4d2 (0xb23f2923) sw      gp, -1230(t5)
core   0: 3 0x8000a4d2 (0xb23f2923) mem 0x80010000 0x00000001
core   0: 0x8000a4d6 (0x0000bfe5) c.j     pc - 8
core   0: 3 0x8000a4d6 (0xbfe5)
core   0: 0x8000a4ce (0x00006f17) auipc   t5, 0x6
core   0: 3 0x8000a4ce (0x00006f17) x30 0x800104ce
core   0: 0x8000a4d2 (0xb23f2923) sw      gp, -1230(t5)
core   0: 3 0x8000a4d2 (0xb23f2923) mem 0x80010000 0x00000001
core   0: 0x8000a4d6 (0x0000bfe5) c.j     pc - 8
core   0: 3 0x8000a4d6 (0xbfe5)
core   0: 0x8000a4ce (0x00006f17) auipc   t5, 0x6
core   0: 3 0x8000a4ce (0x00006f17) x30 0x800104ce
core   0: 0x8000a4d2 (0xb23f2923) sw      gp, -1230(t5)
core   0: 3 0x8000a4d2 (0xb23f2923) mem 0x80010000 0x00000001
core   0: 0x8000a4d6 (0x0000bfe5) c.j     pc - 8
core   0: 3 0x8000a4d6 (0xbfe5)
core   0: 0x8000a4ce (0x00006f17) auipc   t5, 0x6
core   0: 3 0x8000a4ce (0x00006f17) x30 0x800104ce
core   0: 0x8000a4d2 (0xb23f2923) sw      gp, -1230(t5)
core   0: 3 0x8000a4d2 (0xb23f2923) mem 0x80010000 0x00000001
core   0: 0x8000a4d6 (0x0000bfe5) c.j     pc - 8
core   0: 3 0x8000a4d6 (0xbfe5)
core   0: 0x8000a4ce (0x00006f17) auipc   t5, 0x6
core   0: 3 0x8000a4ce (0x00006f17) x30 0x800104ce
core   0: 0x8000a4d2 (0xb23f2923) sw      gp, -1230(t5)
core   0: 3 0x8000a4d2 (0xb23f2923) mem 0x80010000 0x00000001
core   0: 0x8000a4d6 (0x0000bfe5) c.j     pc - 8
core   0: 3 0x8000a4d6 (0xbfe5)
core   0: 0x8000a4ce (0x00006f17) auipc   t5, 0x6
core   0: 3 0x8000a4ce (0x00006f17) x30 0x800104ce
core   0: 0x8000a4d2 (0xb23f2923) sw      gp, -1230(t5)
core   0: 3 0x8000a4d2 (0xb23f2923) mem 0x80010000 0x00000001
core   0: 0x8000a4d6 (0x0000bfe5) c.j     pc - 8
core   0: 3 0x8000a4d6 (0xbfe5)
core   0: 0x8000a4ce (0x00006f17) auipc   t5, 0x6
core   0: 3 0x8000a4ce (0x00006f17) x30 0x800104ce
core   0: 0x8000a4d2 (0xb23f2923) sw      gp, -1230(t5)
core   0: 3 0x8000a4d2 (0xb23f2923) mem 0x80010000 0x00000001
core   0: 0x8000a4d6 (0x0000bfe5) c.j     pc - 8
core   0: 3 0x8000a4d6 (0xbfe5)
core   0: 0x8000a4ce (0x00006f17) auipc   t5, 0x6
core   0: 3 0x8000a4ce (0x00006f17) x30 0x800104ce
core   0: 0x8000a4d2 (0xb23f2923) sw      gp, -1230(t5)
core   0: 3 0x8000a4d2 (0xb23f2923) mem 0x80010000 0x00000001
core   0: 0x8000a4d6 (0x0000bfe5) c.j     pc - 8
core   0: 3 0x8000a4d6 (0xbfe5)
core   0: 0x8000a4ce (0x00006f17) auipc   t5, 0x6
core   0: 3 0x8000a4ce (0x00006f17) x30 0x800104ce
core   0: 0x8000a4d2 (0xb23f2923) sw      gp, -1230(t5)
core   0: 3 0x8000a4d2 (0xb23f2923) mem 0x80010000 0x00000001
core   0: 0x8000a4d6 (0x0000bfe5) c.j     pc - 8
core   0: 3 0x8000a4d6 (0xbfe5)
core   0: 0x8000a4ce (0x00006f17) auipc   t5, 0x6
core   0: 3 0x8000a4ce (0x00006f17) x30 0x800104ce
core   0: 0x8000a4d2 (0xb23f2923) sw      gp, -1230(t5)
core   0: 3 0x8000a4d2 (0xb23f2923) mem 0x80010000 0x00000001
core   0: 0x8000a4d6 (0x0000bfe5) c.j     pc - 8
core   0: 3 0x8000a4d6 (0xbfe5)
core   0: 0x8000a4ce (0x00006f17) auipc   t5, 0x6
core   0: 3 0x8000a4ce (0x00006f17) x30 0x800104ce
core   0: 0x8000a4d2 (0xb23f2923) sw      gp, -1230(t5)
core   0: 3 0x8000a4d2 (0xb23f2923) mem 0x80010000 0x00000001
core   0: 0x8000a4d6 (0x0000bfe5) c.j     pc - 8
core   0: 3 0x8000a4d6 (0xbfe5)
core   0: 0x8000a4ce (0x00006f17) auipc   t5, 0x6
core   0: 3 0x8000a4ce (0x00006f17) x30 0x800104ce
core   0: 0x8000a4d2 (0xb23f2923) sw      gp, -1230(t5)
core   0: 3 0x8000a4d2 (0xb23f2923) mem 0x80010000 0x00000001
core   0: 0x8000a4d6 (0x0000bfe5) c.j     pc - 8
core   0: 3 0x8000a4d6 (0xbfe5)
core   0: 0x8000a4ce (0x00006f17) auipc   t5, 0x6
core   0: 3 0x8000a4ce (0x00006f17) x30 0x800104ce
core   0: 0x8000a4d2 (0xb23f2923) sw      gp, -1230(t5)
core   0: 3 0x8000a4d2 (0xb23f2923) mem 0x80010000 0x00000001
core   0: 0x8000a4d6 (0x0000bfe5) c.j     pc - 8
core   0: 3 0x8000a4d6 (0xbfe5)
core   0: 0x8000a4ce (0x00006f17) auipc   t5, 0x6
core   0: 3 0x8000a4ce (0x00006f17) x30 0x800104ce
core   0: 0x8000a4d2 (0xb23f2923) sw      gp, -1230(t5)
core   0: 3 0x8000a4d2 (0xb23f2923) mem 0x80010000 0x00000001
core   0: 0x8000a4d6 (0x0000bfe5) c.j     pc - 8
core   0: 3 0x8000a4d6 (0xbfe5)
core   0: 0x8000a4ce (0x00006f17) auipc   t5, 0x6
core   0: 3 0x8000a4ce (0x00006f17) x30 0x800104ce
core   0: 0x8000a4d2 (0xb23f2923) sw      gp, -1230(t5)
core   0: 3 0x8000a4d2 (0xb23f2923) mem 0x80010000 0x00000001
core   0: 0x8000a4d6 (0x0000bfe5) c.j     pc - 8
core   0: 3 0x8000a4d6 (0xbfe5)
core   0: 0x8000a4ce (0x00006f17) auipc   t5, 0x6
core   0: 3 0x8000a4ce (0x00006f17) x30 0x800104ce
core   0: 0x8000a4d2 (0xb23f2923) sw      gp, -1230(t5)
core   0: 3 0x8000a4d2 (0xb23f2923) mem 0x80010000 0x00000001
core   0: 0x8000a4d6 (0x0000bfe5) c.j     pc - 8
core   0: 3 0x8000a4d6 (0xbfe5)
core   0: 0x8000a4ce (0x00006f17) auipc   t5, 0x6
core   0: 3 0x8000a4ce (0x00006f17) x30 0x800104ce
core   0: 0x8000a4d2 (0xb23f2923) sw      gp, -1230(t5)
core   0: 3 0x8000a4d2 (0xb23f2923) mem 0x80010000 0x00000001
core   0: 0x8000a4d6 (0x0000bfe5) c.j     pc - 8
core   0: 3 0x8000a4d6 (0xbfe5)
core   0: 0x8000a4ce (0x00006f17) auipc   t5, 0x6
core   0: 3 0x8000a4ce (0x00006f17) x30 0x800104ce
core   0: 0x8000a4d2 (0xb23f2923) sw      gp, -1230(t5)
core   0: 3 0x8000a4d2 (0xb23f2923) mem 0x80010000 0x00000001
core   0: 0x8000a4d6 (0x0000bfe5) c.j     pc - 8
core   0: 3 0x8000a4d6 (0xbfe5)
core   0: 0x8000a4ce (0x00006f17) auipc   t5, 0x6
core   0: 3 0x8000a4ce (0x00006f17) x30 0x800104ce
core   0: 0x8000a4d2 (0xb23f2923) sw      gp, -1230(t5)
core   0: 3 0x8000a4d2 (0xb23f2923) mem 0x80010000 0x00000001
core   0: 0x8000a4d6 (0x0000bfe5) c.j     pc - 8
core   0: 3 0x8000a4d6 (0xbfe5)
core   0: 0x8000a4ce (0x00006f17) auipc   t5, 0x6
core   0: 3 0x8000a4ce (0x00006f17) x30 0x800104ce
core   0: 0x8000a4d2 (0xb23f2923) sw      gp, -1230(t5)
core   0: 3 0x8000a4d2 (0xb23f2923) mem 0x80010000 0x00000001
core   0: 0x8000a4d6 (0x0000bfe5) c.j     pc - 8
core   0: 3 0x8000a4d6 (0xbfe5)
core   0: 0x8000a4ce (0x00006f17) auipc   t5, 0x6
core   0: 3 0x8000a4ce (0x00006f17) x30 0x800104ce
core   0: 0x8000a4d2 (0xb23f2923) sw      gp, -1230(t5)
core   0: 3 0x8000a4d2 (0xb23f2923) mem 0x80010000 0x00000001
core   0: 0x8000a4d6 (0x0000bfe5) c.j     pc - 8
core   0: 3 0x8000a4d6 (0xbfe5)
core   0: 0x8000a4ce (0x00006f17) auipc   t5, 0x6
core   0: 3 0x8000a4ce (0x00006f17) x30 0x800104ce
core   0: 0x8000a4d2 (0xb23f2923) sw      gp, -1230(t5)
core   0: 3 0x8000a4d2 (0xb23f2923) mem 0x80010000 0x00000001
core   0: 0x8000a4d6 (0x0000bfe5) c.j     pc - 8
core   0: 3 0x8000a4d6 (0xbfe5)
core   0: 0x8000a4ce (0x00006f17) auipc   t5, 0x6
core   0: 3 0x8000a4ce (0x00006f17) x30 0x800104ce
core   0: 0x8000a4d2 (0xb23f2923) sw      gp, -1230(t5)
core   0: 3 0x8000a4d2 (0xb23f2923) mem 0x80010000 0x00000001
core   0: 0x8000a4d6 (0x0000bfe5) c.j     pc - 8
core   0: 3 0x8000a4d6 (0xbfe5)
core   0: 0x8000a4ce (0x00006f17) auipc   t5, 0x6
core   0: 3 0x8000a4ce (0x00006f17) x30 0x800104ce
core   0: 0x8000a4d2 (0xb23f2923) sw      gp, -1230(t5)
core   0: 3 0x8000a4d2 (0xb23f2923) mem 0x80010000 0x00000001
core   0: 0x8000a4d6 (0x0000bfe5) c.j     pc - 8
core   0: 3 0x8000a4d6 (0xbfe5)
core   0: 0x8000a4ce (0x00006f17) auipc   t5, 0x6
core   0: 3 0x8000a4ce (0x00006f17) x30 0x800104ce
core   0: 0x8000a4d2 (0xb23f2923) sw      gp, -1230(t5)
core   0: 3 0x8000a4d2 (0xb23f2923) mem 0x80010000 0x00000001
core   0: 0x8000a4d6 (0x0000bfe5) c.j     pc - 8
core   0: 3 0x8000a4d6 (0xbfe5)
core   0: 0x8000a4ce (0x00006f17) auipc   t5, 0x6
core   0: 3 0x8000a4ce (0x00006f17) x30 0x800104ce
core   0: 0x8000a4d2 (0xb23f2923) sw      gp, -1230(t5)
core   0: 3 0x8000a4d2 (0xb23f2923) mem 0x80010000 0x00000001
core   0: 0x8000a4d6 (0x0000bfe5) c.j     pc - 8
core   0: 3 0x8000a4d6 (0xbfe5)
core   0: 0x8000a4ce (0x00006f17) auipc   t5, 0x6
core   0: 3 0x8000a4ce (0x00006f17) x30 0x800104ce
core   0: 0x8000a4d2 (0xb23f2923) sw      gp, -1230(t5)
core   0: 3 0x8000a4d2 (0xb23f2923) mem 0x80010000 0x00000001
core   0: 0x8000a4d6 (0x0000bfe5) c.j     pc - 8
core   0: 3 0x8000a4d6 (0xbfe5)
core   0: 0x8000a4ce (0x00006f17) auipc   t5, 0x6
core   0: 3 0x8000a4ce (0x00006f17) x30 0x800104ce
core   0: 0x8000a4d2 (0xb23f2923) sw      gp, -1230(t5)
core   0: 3 0x8000a4d2 (0xb23f2923) mem 0x80010000 0x00000001
core   0: 0x8000a4d6 (0x0000bfe5) c.j     pc - 8
core   0: 3 0x8000a4d6 (0xbfe5)
core   0: 0x8000a4ce (0x00006f17) auipc   t5, 0x6
core   0: 3 0x8000a4ce (0x00006f17) x30 0x800104ce
core   0: 0x8000a4d2 (0xb23f2923) sw      gp, -1230(t5)
core   0: 3 0x8000a4d2 (0xb23f2923) mem 0x80010000 0x00000001
core   0: 0x8000a4d6 (0x0000bfe5) c.j     pc - 8
core   0: 3 0x8000a4d6 (0xbfe5)
core   0: 0x8000a4ce (0x00006f17) auipc   t5, 0x6
core   0: 3 0x8000a4ce (0x00006f17) x30 0x800104ce
core   0: 0x8000a4d2 (0xb23f2923) sw      gp, -1230(t5)
core   0: 3 0x8000a4d2 (0xb23f2923) mem 0x80010000 0x00000001
core   0: 0x8000a4d6 (0x0000bfe5) c.j     pc - 8
core   0: 3 0x8000a4d6 (0xbfe5)
core   0: 0x8000a4ce (0x00006f17) auipc   t5, 0x6
core   0: 3 0x8000a4ce (0x00006f17) x30 0x800104ce
core   0: 0x8000a4d2 (0xb23f2923) sw      gp, -1230(t5)
core   0: 3 0x8000a4d2 (0xb23f2923) mem 0x80010000 0x00000001
core   0: 0x8000a4d6 (0x0000bfe5) c.j     pc - 8
core   0: 3 0x8000a4d6 (0xbfe5)
core   0: 0x8000a4ce (0x00006f17) auipc   t5, 0x6
core   0: 3 0x8000a4ce (0x00006f17) x30 0x800104ce
core   0: 0x8000a4d2 (0xb23f2923) sw      gp, -1230(t5)
core   0: 3 0x8000a4d2 (0xb23f2923) mem 0x80010000 0x00000001
core   0: 0x8000a4d6 (0x0000bfe5) c.j     pc - 8
core   0: 3 0x8000a4d6 (0xbfe5)
core   0: 0x8000a4ce (0x00006f17) auipc   t5, 0x6
core   0: 3 0x8000a4ce (0x00006f17) x30 0x800104ce
core   0: 0x8000a4d2 (0xb23f2923) sw      gp, -1230(t5)
core   0: 3 0x8000a4d2 (0xb23f2923) mem 0x80010000 0x00000001
core   0: 0x8000a4d6 (0x0000bfe5) c.j     pc - 8
core   0: 3 0x8000a4d6 (0xbfe5)
core   0: 0x8000a4ce (0x00006f17) auipc   t5, 0x6
core   0: 3 0x8000a4ce (0x00006f17) x30 0x800104ce
core   0: 0x8000a4d2 (0xb23f2923) sw      gp, -1230(t5)
core   0: 3 0x8000a4d2 (0xb23f2923) mem 0x80010000 0x00000001
core   0: 0x8000a4d6 (0x0000bfe5) c.j     pc - 8
core   0: 3 0x8000a4d6 (0xbfe5)
core   0: 0x8000a4ce (0x00006f17) auipc   t5, 0x6
core   0: 3 0x8000a4ce (0x00006f17) x30 0x800104ce
core   0: 0x8000a4d2 (0xb23f2923) sw      gp, -1230(t5)
core   0: 3 0x8000a4d2 (0xb23f2923) mem 0x80010000 0x00000001
core   0: 0x8000a4d6 (0x0000bfe5) c.j     pc - 8
core   0: 3 0x8000a4d6 (0xbfe5)
core   0: 0x8000a4ce (0x00006f17) auipc   t5, 0x6
core   0: 3 0x8000a4ce (0x00006f17) x30 0x800104ce
core   0: 0x8000a4d2 (0xb23f2923) sw      gp, -1230(t5)
core   0: 3 0x8000a4d2 (0xb23f2923) mem 0x80010000 0x00000001
core   0: 0x8000a4d6 (0x0000bfe5) c.j     pc - 8
core   0: 3 0x8000a4d6 (0xbfe5)
core   0: 0x8000a4ce (0x00006f17) auipc   t5, 0x6
core   0: 3 0x8000a4ce (0x00006f17) x30 0x800104ce
core   0: 0x8000a4d2 (0xb23f2923) sw      gp, -1230(t5)
core   0: 3 0x8000a4d2 (0xb23f2923) mem 0x80010000 0x00000001
core   0: 0x8000a4d6 (0x0000bfe5) c.j     pc - 8
core   0: 3 0x8000a4d6 (0xbfe5)
core   0: 0x8000a4ce (0x00006f17) auipc   t5, 0x6
core   0: 3 0x8000a4ce (0x00006f17) x30 0x800104ce
core   0: 0x8000a4d2 (0xb23f2923) sw      gp, -1230(t5)
core   0: 3 0x8000a4d2 (0xb23f2923) mem 0x80010000 0x00000001
core   0: 0x8000a4d6 (0x0000bfe5) c.j     pc - 8
core   0: 3 0x8000a4d6 (0xbfe5)
core   0: 0x8000a4ce (0x00006f17) auipc   t5, 0x6
core   0: 3 0x8000a4ce (0x00006f17) x30 0x800104ce
core   0: 0x8000a4d2 (0xb23f2923) sw      gp, -1230(t5)
core   0: 3 0x8000a4d2 (0xb23f2923) mem 0x80010000 0x00000001
core   0: 0x8000a4d6 (0x0000bfe5) c.j     pc - 8
core   0: 3 0x8000a4d6 (0xbfe5)
core   0: 0x8000a4ce (0x00006f17) auipc   t5, 0x6
core   0: 3 0x8000a4ce (0x00006f17) x30 0x800104ce
core   0: 0x8000a4d2 (0xb23f2923) sw      gp, -1230(t5)
core   0: 3 0x8000a4d2 (0xb23f2923) mem 0x80010000 0x00000001
core   0: 0x8000a4d6 (0x0000bfe5) c.j     pc - 8
core   0: 3 0x8000a4d6 (0xbfe5)
core   0: 0x8000a4ce (0x00006f17) auipc   t5, 0x6
core   0: 3 0x8000a4ce (0x00006f17) x30 0x800104ce
core   0: 0x8000a4d2 (0xb23f2923) sw      gp, -1230(t5)
core   0: 3 0x8000a4d2 (0xb23f2923) mem 0x80010000 0x00000001
core   0: 0x8000a4d6 (0x0000bfe5) c.j     pc - 8
core   0: 3 0x8000a4d6 (0xbfe5)
core   0: 0x8000a4ce (0x00006f17) auipc   t5, 0x6
core   0: 3 0x8000a4ce (0x00006f17) x30 0x800104ce
core   0: 0x8000a4d2 (0xb23f2923) sw      gp, -1230(t5)
core   0: 3 0x8000a4d2 (0xb23f2923) mem 0x80010000 0x00000001
core   0: 0x8000a4d6 (0x0000bfe5) c.j     pc - 8
core   0: 3 0x8000a4d6 (0xbfe5)
core   0: 0x8000a4ce (0x00006f17) auipc   t5, 0x6
core   0: 3 0x8000a4ce (0x00006f17) x30 0x800104ce
core   0: 0x8000a4d2 (0xb23f2923) sw      gp, -1230(t5)
core   0: 3 0x8000a4d2 (0xb23f2923) mem 0x80010000 0x00000001
core   0: 0x8000a4d6 (0x0000bfe5) c.j     pc - 8
core   0: 3 0x8000a4d6 (0xbfe5)
core   0: 0x8000a4ce (0x00006f17) auipc   t5, 0x6
core   0: 3 0x8000a4ce (0x00006f17) x30 0x800104ce
core   0: 0x8000a4d2 (0xb23f2923) sw      gp, -1230(t5)
core   0: 3 0x8000a4d2 (0xb23f2923) mem 0x80010000 0x00000001
core   0: 0x8000a4d6 (0x0000bfe5) c.j     pc - 8
core   0: 3 0x8000a4d6 (0xbfe5)
core   0: 0x8000a4ce (0x00006f17) auipc   t5, 0x6
core   0: 3 0x8000a4ce (0x00006f17) x30 0x800104ce
core   0: 0x8000a4d2 (0xb23f2923) sw      gp, -1230(t5)
core   0: 3 0x8000a4d2 (0xb23f2923) mem 0x80010000 0x00000001
core   0: 0x8000a4d6 (0x0000bfe5) c.j     pc - 8
core   0: 3 0x8000a4d6 (0xbfe5)
core   0: 0x8000a4ce (0x00006f17) auipc   t5, 0x6
core   0: 3 0x8000a4ce (0x00006f17) x30 0x800104ce
core   0: 0x8000a4d2 (0xb23f2923) sw      gp, -1230(t5)
core   0: 3 0x8000a4d2 (0xb23f2923) mem 0x80010000 0x00000001
core   0: 0x8000a4d6 (0x0000bfe5) c.j     pc - 8
core   0: 3 0x8000a4d6 (0xbfe5)
core   0: 0x8000a4ce (0x00006f17) auipc   t5, 0x6
core   0: 3 0x8000a4ce (0x00006f17) x30 0x800104ce
core   0: 0x8000a4d2 (0xb23f2923) sw      gp, -1230(t5)
core   0: 3 0x8000a4d2 (0xb23f2923) mem 0x80010000 0x00000001
core   0: 0x8000a4d6 (0x0000bfe5) c.j     pc - 8
core   0: 3 0x8000a4d6 (0xbfe5)
core   0: 0x8000a4ce (0x00006f17) auipc   t5, 0x6
core   0: 3 0x8000a4ce (0x00006f17) x30 0x800104ce
core   0: 0x8000a4d2 (0xb23f2923) sw      gp, -1230(t5)
core   0: 3 0x8000a4d2 (0xb23f2923) mem 0x80010000 0x00000001
core   0: 0x8000a4d6 (0x0000bfe5) c.j     pc - 8
core   0: 3 0x8000a4d6 (0xbfe5)
core   0: 0x8000a4ce (0x00006f17) auipc   t5, 0x6
core   0: 3 0x8000a4ce (0x00006f17) x30 0x800104ce
core   0: 0x8000a4d2 (0xb23f2923) sw      gp, -1230(t5)
core   0: 3 0x8000a4d2 (0xb23f2923) mem 0x80010000 0x00000001
core   0: 0x8000a4d6 (0x0000bfe5) c.j     pc - 8
core   0: 3 0x8000a4d6 (0xbfe5)
core   0: 0x8000a4ce (0x00006f17) auipc   t5, 0x6
core   0: 3 0x8000a4ce (0x00006f17) x30 0x800104ce
core   0: 0x8000a4d2 (0xb23f2923) sw      gp, -1230(t5)
core   0: 3 0x8000a4d2 (0xb23f2923) mem 0x80010000 0x00000001
core   0: 0x8000a4d6 (0x0000bfe5) c.j     pc - 8
core   0: 3 0x8000a4d6 (0xbfe5)
core   0: 0x8000a4ce (0x00006f17) auipc   t5, 0x6
core   0: 3 0x8000a4ce (0x00006f17) x30 0x800104ce
core   0: 0x8000a4d2 (0xb23f2923) sw      gp, -1230(t5)
core   0: 3 0x8000a4d2 (0xb23f2923) mem 0x80010000 0x00000001
core   0: 0x8000a4d6 (0x0000bfe5) c.j     pc - 8
core   0: 3 0x8000a4d6 (0xbfe5)
core   0: 0x8000a4ce (0x00006f17) auipc   t5, 0x6
core   0: 3 0x8000a4ce (0x00006f17) x30 0x800104ce
core   0: 0x8000a4d2 (0xb23f2923) sw      gp, -1230(t5)
core   0: 3 0x8000a4d2 (0xb23f2923) mem 0x80010000 0x00000001
core   0: 0x8000a4d6 (0x0000bfe5) c.j     pc - 8
core   0: 3 0x8000a4d6 (0xbfe5)
core   0: 0x8000a4ce (0x00006f17) auipc   t5, 0x6
core   0: 3 0x8000a4ce (0x00006f17) x30 0x800104ce
core   0: 0x8000a4d2 (0xb23f2923) sw      gp, -1230(t5)
core   0: 3 0x8000a4d2 (0xb23f2923) mem 0x80010000 0x00000001
core   0: 0x8000a4d6 (0x0000bfe5) c.j     pc - 8
core   0: 3 0x8000a4d6 (0xbfe5)
core   0: 0x8000a4ce (0x00006f17) auipc   t5, 0x6
core   0: 3 0x8000a4ce (0x00006f17) x30 0x800104ce
core   0: 0x8000a4d2 (0xb23f2923) sw      gp, -1230(t5)
core   0: 3 0x8000a4d2 (0xb23f2923) mem 0x80010000 0x00000001
core   0: 0x8000a4d6 (0x0000bfe5) c.j     pc - 8
core   0: 3 0x8000a4d6 (0xbfe5)
core   0: 0x8000a4ce (0x00006f17) auipc   t5, 0x6
core   0: 3 0x8000a4ce (0x00006f17) x30 0x800104ce
core   0: 0x8000a4d2 (0xb23f2923) sw      gp, -1230(t5)
core   0: 3 0x8000a4d2 (0xb23f2923) mem 0x80010000 0x00000001
core   0: 0x8000a4d6 (0x0000bfe5) c.j     pc - 8
core   0: 3 0x8000a4d6 (0xbfe5)
core   0: 0x8000a4ce (0x00006f17) auipc   t5, 0x6
core   0: 3 0x8000a4ce (0x00006f17) x30 0x800104ce
core   0: 0x8000a4d2 (0xb23f2923) sw      gp, -1230(t5)
core   0: 3 0x8000a4d2 (0xb23f2923) mem 0x80010000 0x00000001
core   0: 0x8000a4d6 (0x0000bfe5) c.j     pc - 8
core   0: 3 0x8000a4d6 (0xbfe5)
core   0: 0x8000a4ce (0x00006f17) auipc   t5, 0x6
core   0: 3 0x8000a4ce (0x00006f17) x30 0x800104ce
core   0: 0x8000a4d2 (0xb23f2923) sw      gp, -1230(t5)
core   0: 3 0x8000a4d2 (0xb23f2923) mem 0x80010000 0x00000001
core   0: 0x8000a4d6 (0x0000bfe5) c.j     pc - 8
core   0: 3 0x8000a4d6 (0xbfe5)
core   0: 0x8000a4ce (0x00006f17) auipc   t5, 0x6
core   0: 3 0x8000a4ce (0x00006f17) x30 0x800104ce
core   0: 0x8000a4d2 (0xb23f2923) sw      gp, -1230(t5)
core   0: 3 0x8000a4d2 (0xb23f2923) mem 0x80010000 0x00000001
core   0: 0x8000a4d6 (0x0000bfe5) c.j     pc - 8
core   0: 3 0x8000a4d6 (0xbfe5)
core   0: 0x8000a4ce (0x00006f17) auipc   t5, 0x6
core   0: 3 0x8000a4ce (0x00006f17) x30 0x800104ce
core   0: 0x8000a4d2 (0xb23f2923) sw      gp, -1230(t5)
core   0: 3 0x8000a4d2 (0xb23f2923) mem 0x80010000 0x00000001
core   0: 0x8000a4d6 (0x0000bfe5) c.j     pc - 8
core   0: 3 0x8000a4d6 (0xbfe5)
core   0: 0x8000a4ce (0x00006f17) auipc   t5, 0x6
core   0: 3 0x8000a4ce (0x00006f17) x30 0x800104ce
core   0: 0x8000a4d2 (0xb23f2923) sw      gp, -1230(t5)
core   0: 3 0x8000a4d2 (0xb23f2923) mem 0x80010000 0x00000001
core   0: 0x8000a4d6 (0x0000bfe5) c.j     pc - 8
core   0: 3 0x8000a4d6 (0xbfe5)
core   0: 0x8000a4ce (0x00006f17) auipc   t5, 0x6
core   0: 3 0x8000a4ce (0x00006f17) x30 0x800104ce
core   0: 0x8000a4d2 (0xb23f2923) sw      gp, -1230(t5)
core   0: 3 0x8000a4d2 (0xb23f2923) mem 0x80010000 0x00000001
core   0: 0x8000a4d6 (0x0000bfe5) c.j     pc - 8
core   0: 3 0x8000a4d6 (0xbfe5)
core   0: 0x8000a4ce (0x00006f17) auipc   t5, 0x6
core   0: 3 0x8000a4ce (0x00006f17) x30 0x800104ce
core   0: 0x8000a4d2 (0xb23f2923) sw      gp, -1230(t5)
core   0: 3 0x8000a4d2 (0xb23f2923) mem 0x80010000 0x00000001
core   0: 0x8000a4d6 (0x0000bfe5) c.j     pc - 8
core   0: 3 0x8000a4d6 (0xbfe5)
core   0: 0x8000a4ce (0x00006f17) auipc   t5, 0x6
core   0: 3 0x8000a4ce (0x00006f17) x30 0x800104ce
core   0: 0x8000a4d2 (0xb23f2923) sw      gp, -1230(t5)
core   0: 3 0x8000a4d2 (0xb23f2923) mem 0x80010000 0x00000001
core   0: 0x8000a4d6 (0x0000bfe5) c.j     pc - 8
core   0: 3 0x8000a4d6 (0xbfe5)
core   0: 0x8000a4ce (0x00006f17) auipc   t5, 0x6
core   0: 3 0x8000a4ce (0x00006f17) x30 0x800104ce
core   0: 0x8000a4d2 (0xb23f2923) sw      gp, -1230(t5)
core   0: 3 0x8000a4d2 (0xb23f2923) mem 0x80010000 0x00000001
core   0: 0x8000a4d6 (0x0000bfe5) c.j     pc - 8
core   0: 3 0x8000a4d6 (0xbfe5)
core   0: 0x8000a4ce (0x00006f17) auipc   t5, 0x6
core   0: 3 0x8000a4ce (0x00006f17) x30 0x800104ce
core   0: 0x8000a4d2 (0xb23f2923) sw      gp, -1230(t5)
core   0: 3 0x8000a4d2 (0xb23f2923) mem 0x80010000 0x00000001
core   0: 0x8000a4d6 (0x0000bfe5) c.j     pc - 8
core   0: 3 0x8000a4d6 (0xbfe5)
core   0: 0x8000a4ce (0x00006f17) auipc   t5, 0x6
core   0: 3 0x8000a4ce (0x00006f17) x30 0x800104ce
core   0: 0x8000a4d2 (0xb23f2923) sw      gp, -1230(t5)
core   0: 3 0x8000a4d2 (0xb23f2923) mem 0x80010000 0x00000001
core   0: 0x8000a4d6 (0x0000bfe5) c.j     pc - 8
core   0: 3 0x8000a4d6 (0xbfe5)
core   0: 0x8000a4ce (0x00006f17) auipc   t5, 0x6
core   0: 3 0x8000a4ce (0x00006f17) x30 0x800104ce
core   0: 0x8000a4d2 (0xb23f2923) sw      gp, -1230(t5)
core   0: 3 0x8000a4d2 (0xb23f2923) mem 0x80010000 0x00000001
core   0: 0x8000a4d6 (0x0000bfe5) c.j     pc - 8
core   0: 3 0x8000a4d6 (0xbfe5)
core   0: 0x8000a4ce (0x00006f17) auipc   t5, 0x6
core   0: 3 0x8000a4ce (0x00006f17) x30 0x800104ce
core   0: 0x8000a4d2 (0xb23f2923) sw      gp, -1230(t5)
core   0: 3 0x8000a4d2 (0xb23f2923) mem 0x80010000 0x00000001
core   0: 0x8000a4d6 (0x0000bfe5) c.j     pc - 8
core   0: 3 0x8000a4d6 (0xbfe5)
core   0: 0x8000a4ce (0x00006f17) auipc   t5, 0x6
core   0: 3 0x8000a4ce (0x00006f17) x30 0x800104ce
core   0: 0x8000a4d2 (0xb23f2923) sw      gp, -1230(t5)
core   0: 3 0x8000a4d2 (0xb23f2923) mem 0x80010000 0x00000001
core   0: 0x8000a4d6 (0x0000bfe5) c.j     pc - 8
core   0: 3 0x8000a4d6 (0xbfe5)
core   0: 0x8000a4ce (0x00006f17) auipc   t5, 0x6
core   0: 3 0x8000a4ce (0x00006f17) x30 0x800104ce
core   0: 0x8000a4d2 (0xb23f2923) sw      gp, -1230(t5)
core   0: 3 0x8000a4d2 (0xb23f2923) mem 0x80010000 0x00000001
core   0: 0x8000a4d6 (0x0000bfe5) c.j     pc - 8
core   0: 3 0x8000a4d6 (0xbfe5)
core   0: 0x8000a4ce (0x00006f17) auipc   t5, 0x6
core   0: 3 0x8000a4ce (0x00006f17) x30 0x800104ce
core   0: 0x8000a4d2 (0xb23f2923) sw      gp, -1230(t5)
core   0: 3 0x8000a4d2 (0xb23f2923) mem 0x80010000 0x00000001
core   0: 0x8000a4d6 (0x0000bfe5) c.j     pc - 8
core   0: 3 0x8000a4d6 (0xbfe5)
core   0: 0x8000a4ce (0x00006f17) auipc   t5, 0x6
core   0: 3 0x8000a4ce (0x00006f17) x30 0x800104ce
core   0: 0x8000a4d2 (0xb23f2923) sw      gp, -1230(t5)
core   0: 3 0x8000a4d2 (0xb23f2923) mem 0x80010000 0x00000001
core   0: 0x8000a4d6 (0x0000bfe5) c.j     pc - 8
core   0: 3 0x8000a4d6 (0xbfe5)
core   0: 0x8000a4ce (0x00006f17) auipc   t5, 0x6
core   0: 3 0x8000a4ce (0x00006f17) x30 0x800104ce
core   0: 0x8000a4d2 (0xb23f2923) sw      gp, -1230(t5)
core   0: 3 0x8000a4d2 (0xb23f2923) mem 0x80010000 0x00000001
core   0: 0x8000a4d6 (0x0000bfe5) c.j     pc - 8
core   0: 3 0x8000a4d6 (0xbfe5)
core   0: 0x8000a4ce (0x00006f17) auipc   t5, 0x6
core   0: 3 0x8000a4ce (0x00006f17) x30 0x800104ce
core   0: 0x8000a4d2 (0xb23f2923) sw      gp, -1230(t5)
core   0: 3 0x8000a4d2 (0xb23f2923) mem 0x80010000 0x00000001
core   0: 0x8000a4d6 (0x0000bfe5) c.j     pc - 8
core   0: 3 0x8000a4d6 (0xbfe5)
core   0: 0x8000a4ce (0x00006f17) auipc   t5, 0x6
core   0: 3 0x8000a4ce (0x00006f17) x30 0x800104ce
core   0: 0x8000a4d2 (0xb23f2923) sw      gp, -1230(t5)
core   0: 3 0x8000a4d2 (0xb23f2923) mem 0x80010000 0x00000001
core   0: 0x8000a4d6 (0x0000bfe5) c.j     pc - 8
core   0: 3 0x8000a4d6 (0xbfe5)
core   0: 0x8000a4ce (0x00006f17) auipc   t5, 0x6
core   0: 3 0x8000a4ce (0x00006f17) x30 0x800104ce
core   0: 0x8000a4d2 (0xb23f2923) sw      gp, -1230(t5)
core   0: 3 0x8000a4d2 (0xb23f2923) mem 0x80010000 0x00000001
core   0: 0x8000a4d6 (0x0000bfe5) c.j     pc - 8
core   0: 3 0x8000a4d6 (0xbfe5)
core   0: 0x8000a4ce (0x00006f17) auipc   t5, 0x6
core   0: 3 0x8000a4ce (0x00006f17) x30 0x800104ce
core   0: 0x8000a4d2 (0xb23f2923) sw      gp, -1230(t5)
core   0: 3 0x8000a4d2 (0xb23f2923) mem 0x80010000 0x00000001
core   0: 0x8000a4d6 (0x0000bfe5) c.j     pc - 8
core   0: 3 0x8000a4d6 (0xbfe5)
core   0: 0x8000a4ce (0x00006f17) auipc   t5, 0x6
core   0: 3 0x8000a4ce (0x00006f17) x30 0x800104ce
core   0: 0x8000a4d2 (0xb23f2923) sw      gp, -1230(t5)
core   0: 3 0x8000a4d2 (0xb23f2923) mem 0x80010000 0x00000001
core   0: 0x8000a4d6 (0x0000bfe5) c.j     pc - 8
core   0: 3 0x8000a4d6 (0xbfe5)
core   0: 0x8000a4ce (0x00006f17) auipc   t5, 0x6
core   0: 3 0x8000a4ce (0x00006f17) x30 0x800104ce
core   0: 0x8000a4d2 (0xb23f2923) sw      gp, -1230(t5)
core   0: 3 0x8000a4d2 (0xb23f2923) mem 0x80010000 0x00000001
core   0: 0x8000a4d6 (0x0000bfe5) c.j     pc - 8
core   0: 3 0x8000a4d6 (0xbfe5)
core   0: 0x8000a4ce (0x00006f17) auipc   t5, 0x6
core   0: 3 0x8000a4ce (0x00006f17) x30 0x800104ce
core   0: 0x8000a4d2 (0xb23f2923) sw      gp, -1230(t5)
core   0: 3 0x8000a4d2 (0xb23f2923) mem 0x80010000 0x00000001
core   0: 0x8000a4d6 (0x0000bfe5) c.j     pc - 8
core   0: 3 0x8000a4d6 (0xbfe5)
core   0: 0x8000a4ce (0x00006f17) auipc   t5, 0x6
core   0: 3 0x8000a4ce (0x00006f17) x30 0x800104ce
core   0: 0x8000a4d2 (0xb23f2923) sw      gp, -1230(t5)
core   0: 3 0x8000a4d2 (0xb23f2923) mem 0x80010000 0x00000001
core   0: 0x8000a4d6 (0x0000bfe5) c.j     pc - 8
core   0: 3 0x8000a4d6 (0xbfe5)
core   0: 0x8000a4ce (0x00006f17) auipc   t5, 0x6
core   0: 3 0x8000a4ce (0x00006f17) x30 0x800104ce
core   0: 0x8000a4d2 (0xb23f2923) sw      gp, -1230(t5)
core   0: 3 0x8000a4d2 (0xb23f2923) mem 0x80010000 0x00000001
core   0: 0x8000a4d6 (0x0000bfe5) c.j     pc - 8
core   0: 3 0x8000a4d6 (0xbfe5)
core   0: 0x8000a4ce (0x00006f17) auipc   t5, 0x6
core   0: 3 0x8000a4ce (0x00006f17) x30 0x800104ce
core   0: 0x8000a4d2 (0xb23f2923) sw      gp, -1230(t5)
core   0: 3 0x8000a4d2 (0xb23f2923) mem 0x80010000 0x00000001
core   0: 0x8000a4d6 (0x0000bfe5) c.j     pc - 8
core   0: 3 0x8000a4d6 (0xbfe5)
core   0: 0x8000a4ce (0x00006f17) auipc   t5, 0x6
core   0: 3 0x8000a4ce (0x00006f17) x30 0x800104ce
core   0: 0x8000a4d2 (0xb23f2923) sw      gp, -1230(t5)
core   0: 3 0x8000a4d2 (0xb23f2923) mem 0x80010000 0x00000001
core   0: 0x8000a4d6 (0x0000bfe5) c.j     pc - 8
core   0: 3 0x8000a4d6 (0xbfe5)
core   0: 0x8000a4ce (0x00006f17) auipc   t5, 0x6
core   0: 3 0x8000a4ce (0x00006f17) x30 0x800104ce
core   0: 0x8000a4d2 (0xb23f2923) sw      gp, -1230(t5)
core   0: 3 0x8000a4d2 (0xb23f2923) mem 0x80010000 0x00000001
core   0: 0x8000a4d6 (0x0000bfe5) c.j     pc - 8
core   0: 3 0x8000a4d6 (0xbfe5)
core   0: 0x8000a4ce (0x00006f17) auipc   t5, 0x6
core   0: 3 0x8000a4ce (0x00006f17) x30 0x800104ce
core   0: 0x8000a4d2 (0xb23f2923) sw      gp, -1230(t5)
core   0: 3 0x8000a4d2 (0xb23f2923) mem 0x80010000 0x00000001
core   0: 0x8000a4d6 (0x0000bfe5) c.j     pc - 8
core   0: 3 0x8000a4d6 (0xbfe5)
core   0: 0x8000a4ce (0x00006f17) auipc   t5, 0x6
core   0: 3 0x8000a4ce (0x00006f17) x30 0x800104ce
core   0: 0x8000a4d2 (0xb23f2923) sw      gp, -1230(t5)
core   0: 3 0x8000a4d2 (0xb23f2923) mem 0x80010000 0x00000001
core   0: 0x8000a4d6 (0x0000bfe5) c.j     pc - 8
core   0: 3 0x8000a4d6 (0xbfe5)
core   0: 0x8000a4ce (0x00006f17) auipc   t5, 0x6
core   0: 3 0x8000a4ce (0x00006f17) x30 0x800104ce
core   0: 0x8000a4d2 (0xb23f2923) sw      gp, -1230(t5)
core   0: 3 0x8000a4d2 (0xb23f2923) mem 0x80010000 0x00000001
core   0: 0x8000a4d6 (0x0000bfe5) c.j     pc - 8
core   0: 3 0x8000a4d6 (0xbfe5)
core   0: 0x8000a4ce (0x00006f17) auipc   t5, 0x6
core   0: 3 0x8000a4ce (0x00006f17) x30 0x800104ce
core   0: 0x8000a4d2 (0xb23f2923) sw      gp, -1230(t5)
core   0: 3 0x8000a4d2 (0xb23f2923) mem 0x80010000 0x00000001
core   0: 0x8000a4d6 (0x0000bfe5) c.j     pc - 8
core   0: 3 0x8000a4d6 (0xbfe5)
core   0: 0x8000a4ce (0x00006f17) auipc   t5, 0x6
core   0: 3 0x8000a4ce (0x00006f17) x30 0x800104ce
core   0: 0x8000a4d2 (0xb23f2923) sw      gp, -1230(t5)
core   0: 3 0x8000a4d2 (0xb23f2923) mem 0x80010000 0x00000001
core   0: 0x8000a4d6 (0x0000bfe5) c.j     pc - 8
core   0: 3 0x8000a4d6 (0xbfe5)
core   0: 0x8000a4ce (0x00006f17) auipc   t5, 0x6
core   0: 3 0x8000a4ce (0x00006f17) x30 0x800104ce
core   0: 0x8000a4d2 (0xb23f2923) sw      gp, -1230(t5)
core   0: 3 0x8000a4d2 (0xb23f2923) mem 0x80010000 0x00000001
core   0: 0x8000a4d6 (0x0000bfe5) c.j     pc - 8
core   0: 3 0x8000a4d6 (0xbfe5)
core   0: 0x8000a4ce (0x00006f17) auipc   t5, 0x6
core   0: 3 0x8000a4ce (0x00006f17) x30 0x800104ce
core   0: 0x8000a4d2 (0xb23f2923) sw      gp, -1230(t5)
core   0: 3 0x8000a4d2 (0xb23f2923) mem 0x80010000 0x00000001
core   0: 0x8000a4d6 (0x0000bfe5) c.j     pc - 8
core   0: 3 0x8000a4d6 (0xbfe5)
core   0: 0x8000a4ce (0x00006f17) auipc   t5, 0x6
core   0: 3 0x8000a4ce (0x00006f17) x30 0x800104ce
core   0: 0x8000a4d2 (0xb23f2923) sw      gp, -1230(t5)
core   0: 3 0x8000a4d2 (0xb23f2923) mem 0x80010000 0x00000001
core   0: 0x8000a4d6 (0x0000bfe5) c.j     pc - 8
core   0: 3 0x8000a4d6 (0xbfe5)
core   0: 0x8000a4ce (0x00006f17) auipc   t5, 0x6
core   0: 3 0x8000a4ce (0x00006f17) x30 0x800104ce
core   0: 0x8000a4d2 (0xb23f2923) sw      gp, -1230(t5)
core   0: 3 0x8000a4d2 (0xb23f2923) mem 0x80010000 0x00000001
core   0: 0x8000a4d6 (0x0000bfe5) c.j     pc - 8
core   0: 3 0x8000a4d6 (0xbfe5)
core   0: 0x8000a4ce (0x00006f17) auipc   t5, 0x6
core   0: 3 0x8000a4ce (0x00006f17) x30 0x800104ce
core   0: 0x8000a4d2 (0xb23f2923) sw      gp, -1230(t5)
core   0: 3 0x8000a4d2 (0xb23f2923) mem 0x80010000 0x00000001
core   0: 0x8000a4d6 (0x0000bfe5) c.j     pc - 8
core   0: 3 0x8000a4d6 (0xbfe5)
core   0: 0x8000a4ce (0x00006f17) auipc   t5, 0x6
core   0: 3 0x8000a4ce (0x00006f17) x30 0x800104ce
core   0: 0x8000a4d2 (0xb23f2923) sw      gp, -1230(t5)
core   0: 3 0x8000a4d2 (0xb23f2923) mem 0x80010000 0x00000001
core   0: 0x8000a4d6 (0x0000bfe5) c.j     pc - 8
core   0: 3 0x8000a4d6 (0xbfe5)
core   0: 0x8000a4ce (0x00006f17) auipc   t5, 0x6
core   0: 3 0x8000a4ce (0x00006f17) x30 0x800104ce
core   0: 0x8000a4d2 (0xb23f2923) sw      gp, -1230(t5)
core   0: 3 0x8000a4d2 (0xb23f2923) mem 0x80010000 0x00000001
core   0: 0x8000a4d6 (0x0000bfe5) c.j     pc - 8
core   0: 3 0x8000a4d6 (0xbfe5)
core   0: 0x8000a4ce (0x00006f17) auipc   t5, 0x6
core   0: 3 0x8000a4ce (0x00006f17) x30 0x800104ce
core   0: 0x8000a4d2 (0xb23f2923) sw      gp, -1230(t5)
core   0: 3 0x8000a4d2 (0xb23f2923) mem 0x80010000 0x00000001
core   0: 0x8000a4d6 (0x0000bfe5) c.j     pc - 8
core   0: 3 0x8000a4d6 (0xbfe5)
core   0: 0x8000a4ce (0x00006f17) auipc   t5, 0x6
core   0: 3 0x8000a4ce (0x00006f17) x30 0x800104ce
core   0: 0x8000a4d2 (0xb23f2923) sw      gp, -1230(t5)
core   0: 3 0x8000a4d2 (0xb23f2923) mem 0x80010000 0x00000001
core   0: 0x8000a4d6 (0x0000bfe5) c.j     pc - 8
core   0: 3 0x8000a4d6 (0xbfe5)
core   0: 0x8000a4ce (0x00006f17) auipc   t5, 0x6
core   0: 3 0x8000a4ce (0x00006f17) x30 0x800104ce
core   0: 0x8000a4d2 (0xb23f2923) sw      gp, -1230(t5)
core   0: 3 0x8000a4d2 (0xb23f2923) mem 0x80010000 0x00000001
core   0: 0x8000a4d6 (0x0000bfe5) c.j     pc - 8
core   0: 3 0x8000a4d6 (0xbfe5)
core   0: 0x8000a4ce (0x00006f17) auipc   t5, 0x6
core   0: 3 0x8000a4ce (0x00006f17) x30 0x800104ce
core   0: 0x8000a4d2 (0xb23f2923) sw      gp, -1230(t5)
core   0: 3 0x8000a4d2 (0xb23f2923) mem 0x80010000 0x00000001
core   0: 0x8000a4d6 (0x0000bfe5) c.j     pc - 8
core   0: 3 0x8000a4d6 (0xbfe5)
core   0: 0x8000a4ce (0x00006f17) auipc   t5, 0x6
core   0: 3 0x8000a4ce (0x00006f17) x30 0x800104ce
core   0: 0x8000a4d2 (0xb23f2923) sw      gp, -1230(t5)
core   0: 3 0x8000a4d2 (0xb23f2923) mem 0x80010000 0x00000001
core   0: 0x8000a4d6 (0x0000bfe5) c.j     pc - 8
core   0: 3 0x8000a4d6 (0xbfe5)
core   0: 0x8000a4ce (0x00006f17) auipc   t5, 0x6
core   0: 3 0x8000a4ce (0x00006f17) x30 0x800104ce
core   0: 0x8000a4d2 (0xb23f2923) sw      gp, -1230(t5)
core   0: 3 0x8000a4d2 (0xb23f2923) mem 0x80010000 0x00000001
core   0: 0x8000a4d6 (0x0000bfe5) c.j     pc - 8
core   0: 3 0x8000a4d6 (0xbfe5)
core   0: 0x8000a4ce (0x00006f17) auipc   t5, 0x6
core   0: 3 0x8000a4ce (0x00006f17) x30 0x800104ce
core   0: 0x8000a4d2 (0xb23f2923) sw      gp, -1230(t5)
core   0: 3 0x8000a4d2 (0xb23f2923) mem 0x80010000 0x00000001
core   0: 0x8000a4d6 (0x0000bfe5) c.j     pc - 8
core   0: 3 0x8000a4d6 (0xbfe5)
core   0: 0x8000a4ce (0x00006f17) auipc   t5, 0x6
core   0: 3 0x8000a4ce (0x00006f17) x30 0x800104ce
core   0: 0x8000a4d2 (0xb23f2923) sw      gp, -1230(t5)
core   0: 3 0x8000a4d2 (0xb23f2923) mem 0x80010000 0x00000001
core   0: 0x8000a4d6 (0x0000bfe5) c.j     pc - 8
core   0: 3 0x8000a4d6 (0xbfe5)
core   0: 0x8000a4ce (0x00006f17) auipc   t5, 0x6
core   0: 3 0x8000a4ce (0x00006f17) x30 0x800104ce
core   0: 0x8000a4d2 (0xb23f2923) sw      gp, -1230(t5)
core   0: 3 0x8000a4d2 (0xb23f2923) mem 0x80010000 0x00000001
core   0: 0x8000a4d6 (0x0000bfe5) c.j     pc - 8
core   0: 3 0x8000a4d6 (0xbfe5)
core   0: 0x8000a4ce (0x00006f17) auipc   t5, 0x6
core   0: 3 0x8000a4ce (0x00006f17) x30 0x800104ce
core   0: 0x8000a4d2 (0xb23f2923) sw      gp, -1230(t5)
core   0: 3 0x8000a4d2 (0xb23f2923) mem 0x80010000 0x00000001
core   0: 0x8000a4d6 (0x0000bfe5) c.j     pc - 8
core   0: 3 0x8000a4d6 (0xbfe5)
core   0: 0x8000a4ce (0x00006f17) auipc   t5, 0x6
core   0: 3 0x8000a4ce (0x00006f17) x30 0x800104ce
core   0: 0x8000a4d2 (0xb23f2923) sw      gp, -1230(t5)
core   0: 3 0x8000a4d2 (0xb23f2923) mem 0x80010000 0x00000001
core   0: 0x8000a4d6 (0x0000bfe5) c.j     pc - 8
core   0: 3 0x8000a4d6 (0xbfe5)
core   0: 0x8000a4ce (0x00006f17) auipc   t5, 0x6
core   0: 3 0x8000a4ce (0x00006f17) x30 0x800104ce
core   0: 0x8000a4d2 (0xb23f2923) sw      gp, -1230(t5)
core   0: 3 0x8000a4d2 (0xb23f2923) mem 0x80010000 0x00000001
core   0: 0x8000a4d6 (0x0000bfe5) c.j     pc - 8
core   0: 3 0x8000a4d6 (0xbfe5)
core   0: 0x8000a4ce (0x00006f17) auipc   t5, 0x6
core   0: 3 0x8000a4ce (0x00006f17) x30 0x800104ce
core   0: 0x8000a4d2 (0xb23f2923) sw      gp, -1230(t5)
core   0: 3 0x8000a4d2 (0xb23f2923) mem 0x80010000 0x00000001
core   0: 0x8000a4d6 (0x0000bfe5) c.j     pc - 8
core   0: 3 0x8000a4d6 (0xbfe5)
core   0: 0x8000a4ce (0x00006f17) auipc   t5, 0x6
core   0: 3 0x8000a4ce (0x00006f17) x30 0x800104ce
core   0: 0x8000a4d2 (0xb23f2923) sw      gp, -1230(t5)
core   0: 3 0x8000a4d2 (0xb23f2923) mem 0x80010000 0x00000001
core   0: 0x8000a4d6 (0x0000bfe5) c.j     pc - 8
core   0: 3 0x8000a4d6 (0xbfe5)
core   0: 0x8000a4ce (0x00006f17) auipc   t5, 0x6
core   0: 3 0x8000a4ce (0x00006f17) x30 0x800104ce
core   0: 0x8000a4d2 (0xb23f2923) sw      gp, -1230(t5)
core   0: 3 0x8000a4d2 (0xb23f2923) mem 0x80010000 0x00000001
core   0: 0x8000a4d6 (0x0000bfe5) c.j     pc - 8
core   0: 3 0x8000a4d6 (0xbfe5)
core   0: 0x8000a4ce (0x00006f17) auipc   t5, 0x6
core   0: 3 0x8000a4ce (0x00006f17) x30 0x800104ce
core   0: 0x8000a4d2 (0xb23f2923) sw      gp, -1230(t5)
core   0: 3 0x8000a4d2 (0xb23f2923) mem 0x80010000 0x00000001
core   0: 0x8000a4d6 (0x0000bfe5) c.j     pc - 8
core   0: 3 0x8000a4d6 (0xbfe5)
core   0: 0x8000a4ce (0x00006f17) auipc   t5, 0x6
core   0: 3 0x8000a4ce (0x00006f17) x30 0x800104ce
core   0: 0x8000a4d2 (0xb23f2923) sw      gp, -1230(t5)
core   0: 3 0x8000a4d2 (0xb23f2923) mem 0x80010000 0x00000001
core   0: 0x8000a4d6 (0x0000bfe5) c.j     pc - 8
core   0: 3 0x8000a4d6 (0xbfe5)
core   0: 0x8000a4ce (0x00006f17) auipc   t5, 0x6
core   0: 3 0x8000a4ce (0x00006f17) x30 0x800104ce
core   0: 0x8000a4d2 (0xb23f2923) sw      gp, -1230(t5)
core   0: 3 0x8000a4d2 (0xb23f2923) mem 0x80010000 0x00000001
core   0: 0x8000a4d6 (0x0000bfe5) c.j     pc - 8
core   0: 3 0x8000a4d6 (0xbfe5)
core   0: 0x8000a4ce (0x00006f17) auipc   t5, 0x6
core   0: 3 0x8000a4ce (0x00006f17) x30 0x800104ce
core   0: 0x8000a4d2 (0xb23f2923) sw      gp, -1230(t5)
core   0: 3 0x8000a4d2 (0xb23f2923) mem 0x80010000 0x00000001
core   0: 0x8000a4d6 (0x0000bfe5) c.j     pc - 8
core   0: 3 0x8000a4d6 (0xbfe5)
core   0: 0x8000a4ce (0x00006f17) auipc   t5, 0x6
core   0: 3 0x8000a4ce (0x00006f17) x30 0x800104ce
core   0: 0x8000a4d2 (0xb23f2923) sw      gp, -1230(t5)
core   0: 3 0x8000a4d2 (0xb23f2923) mem 0x80010000 0x00000001
core   0: 0x8000a4d6 (0x0000bfe5) c.j     pc - 8
core   0: 3 0x8000a4d6 (0xbfe5)
core   0: 0x8000a4ce (0x00006f17) auipc   t5, 0x6
core   0: 3 0x8000a4ce (0x00006f17) x30 0x800104ce
core   0: 0x8000a4d2 (0xb23f2923) sw      gp, -1230(t5)
core   0: 3 0x8000a4d2 (0xb23f2923) mem 0x80010000 0x00000001
core   0: 0x8000a4d6 (0x0000bfe5) c.j     pc - 8
core   0: 3 0x8000a4d6 (0xbfe5)
core   0: 0x8000a4ce (0x00006f17) auipc   t5, 0x6
core   0: 3 0x8000a4ce (0x00006f17) x30 0x800104ce
core   0: 0x8000a4d2 (0xb23f2923) sw      gp, -1230(t5)
core   0: 3 0x8000a4d2 (0xb23f2923) mem 0x80010000 0x00000001
core   0: 0x8000a4d6 (0x0000bfe5) c.j     pc - 8
core   0: 3 0x8000a4d6 (0xbfe5)
core   0: 0x8000a4ce (0x00006f17) auipc   t5, 0x6
core   0: 3 0x8000a4ce (0x00006f17) x30 0x800104ce
core   0: 0x8000a4d2 (0xb23f2923) sw      gp, -1230(t5)
core   0: 3 0x8000a4d2 (0xb23f2923) mem 0x80010000 0x00000001
core   0: 0x8000a4d6 (0x0000bfe5) c.j     pc - 8
core   0: 3 0x8000a4d6 (0xbfe5)
core   0: 0x8000a4ce (0x00006f17) auipc   t5, 0x6
core   0: 3 0x8000a4ce (0x00006f17) x30 0x800104ce
core   0: 0x8000a4d2 (0xb23f2923) sw      gp, -1230(t5)
core   0: 3 0x8000a4d2 (0xb23f2923) mem 0x80010000 0x00000001
core   0: 0x8000a4d6 (0x0000bfe5) c.j     pc - 8
core   0: 3 0x8000a4d6 (0xbfe5)
core   0: 0x8000a4ce (0x00006f17) auipc   t5, 0x6
core   0: 3 0x8000a4ce (0x00006f17) x30 0x800104ce
core   0: 0x8000a4d2 (0xb23f2923) sw      gp, -1230(t5)
core   0: 3 0x8000a4d2 (0xb23f2923) mem 0x80010000 0x00000001
core   0: 0x8000a4d6 (0x0000bfe5) c.j     pc - 8
core   0: 3 0x8000a4d6 (0xbfe5)
core   0: 0x8000a4ce (0x00006f17) auipc   t5, 0x6
core   0: 3 0x8000a4ce (0x00006f17) x30 0x800104ce
core   0: 0x8000a4d2 (0xb23f2923) sw      gp, -1230(t5)
core   0: 3 0x8000a4d2 (0xb23f2923) mem 0x80010000 0x00000001
core   0: 0x8000a4d6 (0x0000bfe5) c.j     pc - 8
core   0: 3 0x8000a4d6 (0xbfe5)
core   0: 0x8000a4ce (0x00006f17) auipc   t5, 0x6
core   0: 3 0x8000a4ce (0x00006f17) x30 0x800104ce
core   0: 0x8000a4d2 (0xb23f2923) sw      gp, -1230(t5)
core   0: 3 0x8000a4d2 (0xb23f2923) mem 0x80010000 0x00000001
core   0: 0x8000a4d6 (0x0000bfe5) c.j     pc - 8
core   0: 3 0x8000a4d6 (0xbfe5)
core   0: 0x8000a4ce (0x00006f17) auipc   t5, 0x6
core   0: 3 0x8000a4ce (0x00006f17) x30 0x800104ce
core   0: 0x8000a4d2 (0xb23f2923) sw      gp, -1230(t5)
core   0: 3 0x8000a4d2 (0xb23f2923) mem 0x80010000 0x00000001
core   0: 0x8000a4d6 (0x0000bfe5) c.j     pc - 8
core   0: 3 0x8000a4d6 (0xbfe5)
core   0: 0x8000a4ce (0x00006f17) auipc   t5, 0x6
core   0: 3 0x8000a4ce (0x00006f17) x30 0x800104ce
core   0: 0x8000a4d2 (0xb23f2923) sw      gp, -1230(t5)
core   0: 3 0x8000a4d2 (0xb23f2923) mem 0x80010000 0x00000001
core   0: 0x8000a4d6 (0x0000bfe5) c.j     pc - 8
core   0: 3 0x8000a4d6 (0xbfe5)
core   0: 0x8000a4ce (0x00006f17) auipc   t5, 0x6
core   0: 3 0x8000a4ce (0x00006f17) x30 0x800104ce
core   0: 0x8000a4d2 (0xb23f2923) sw      gp, -1230(t5)
core   0: 3 0x8000a4d2 (0xb23f2923) mem 0x80010000 0x00000001
core   0: 0x8000a4d6 (0x0000bfe5) c.j     pc - 8
core   0: 3 0x8000a4d6 (0xbfe5)
core   0: 0x8000a4ce (0x00006f17) auipc   t5, 0x6
core   0: 3 0x8000a4ce (0x00006f17) x30 0x800104ce
core   0: 0x8000a4d2 (0xb23f2923) sw      gp, -1230(t5)
core   0: 3 0x8000a4d2 (0xb23f2923) mem 0x80010000 0x00000001
core   0: 0x8000a4d6 (0x0000bfe5) c.j     pc - 8
core   0: 3 0x8000a4d6 (0xbfe5)
core   0: 0x8000a4ce (0x00006f17) auipc   t5, 0x6
core   0: 3 0x8000a4ce (0x00006f17) x30 0x800104ce
core   0: 0x8000a4d2 (0xb23f2923) sw      gp, -1230(t5)
core   0: 3 0x8000a4d2 (0xb23f2923) mem 0x80010000 0x00000001
core   0: 0x8000a4d6 (0x0000bfe5) c.j     pc - 8
core   0: 3 0x8000a4d6 (0xbfe5)
core   0: 0x8000a4ce (0x00006f17) auipc   t5, 0x6
core   0: 3 0x8000a4ce (0x00006f17) x30 0x800104ce
core   0: 0x8000a4d2 (0xb23f2923) sw      gp, -1230(t5)
core   0: 3 0x8000a4d2 (0xb23f2923) mem 0x80010000 0x00000001
core   0: 0x8000a4d6 (0x0000bfe5) c.j     pc - 8
core   0: 3 0x8000a4d6 (0xbfe5)
core   0: 0x8000a4ce (0x00006f17) auipc   t5, 0x6
core   0: 3 0x8000a4ce (0x00006f17) x30 0x800104ce
core   0: 0x8000a4d2 (0xb23f2923) sw      gp, -1230(t5)
core   0: 3 0x8000a4d2 (0xb23f2923) mem 0x80010000 0x00000001
core   0: 0x8000a4d6 (0x0000bfe5) c.j     pc - 8
core   0: 3 0x8000a4d6 (0xbfe5)
core   0: 0x8000a4ce (0x00006f17) auipc   t5, 0x6
core   0: 3 0x8000a4ce (0x00006f17) x30 0x800104ce
core   0: 0x8000a4d2 (0xb23f2923) sw      gp, -1230(t5)
core   0: 3 0x8000a4d2 (0xb23f2923) mem 0x80010000 0x00000001
core   0: 0x8000a4d6 (0x0000bfe5) c.j     pc - 8
core   0: 3 0x8000a4d6 (0xbfe5)
core   0: 0x8000a4ce (0x00006f17) auipc   t5, 0x6
core   0: 3 0x8000a4ce (0x00006f17) x30 0x800104ce
core   0: 0x8000a4d2 (0xb23f2923) sw      gp, -1230(t5)
core   0: 3 0x8000a4d2 (0xb23f2923) mem 0x80010000 0x00000001
core   0: 0x8000a4d6 (0x0000bfe5) c.j     pc - 8
core   0: 3 0x8000a4d6 (0xbfe5)
core   0: 0x8000a4ce (0x00006f17) auipc   t5, 0x6
core   0: 3 0x8000a4ce (0x00006f17) x30 0x800104ce
core   0: 0x8000a4d2 (0xb23f2923) sw      gp, -1230(t5)
core   0: 3 0x8000a4d2 (0xb23f2923) mem 0x80010000 0x00000001
core   0: 0x8000a4d6 (0x0000bfe5) c.j     pc - 8
core   0: 3 0x8000a4d6 (0xbfe5)
core   0: 0x8000a4ce (0x00006f17) auipc   t5, 0x6
core   0: 3 0x8000a4ce (0x00006f17) x30 0x800104ce
core   0: 0x8000a4d2 (0xb23f2923) sw      gp, -1230(t5)
core   0: 3 0x8000a4d2 (0xb23f2923) mem 0x80010000 0x00000001
core   0: 0x8000a4d6 (0x0000bfe5) c.j     pc - 8
core   0: 3 0x8000a4d6 (0xbfe5)
core   0: 0x8000a4ce (0x00006f17) auipc   t5, 0x6
core   0: 3 0x8000a4ce (0x00006f17) x30 0x800104ce
core   0: 0x8000a4d2 (0xb23f2923) sw      gp, -1230(t5)
core   0: 3 0x8000a4d2 (0xb23f2923) mem 0x80010000 0x00000001
core   0: 0x8000a4d6 (0x0000bfe5) c.j     pc - 8
core   0: 3 0x8000a4d6 (0xbfe5)
core   0: 0x8000a4ce (0x00006f17) auipc   t5, 0x6
core   0: 3 0x8000a4ce (0x00006f17) x30 0x800104ce
core   0: 0x8000a4d2 (0xb23f2923) sw      gp, -1230(t5)
core   0: 3 0x8000a4d2 (0xb23f2923) mem 0x80010000 0x00000001
core   0: 0x8000a4d6 (0x0000bfe5) c.j     pc - 8
core   0: 3 0x8000a4d6 (0xbfe5)
core   0: 0x8000a4ce (0x00006f17) auipc   t5, 0x6
core   0: 3 0x8000a4ce (0x00006f17) x30 0x800104ce
core   0: 0x8000a4d2 (0xb23f2923) sw      gp, -1230(t5)
core   0: 3 0x8000a4d2 (0xb23f2923) mem 0x80010000 0x00000001
core   0: 0x8000a4d6 (0x0000bfe5) c.j     pc - 8
core   0: 3 0x8000a4d6 (0xbfe5)
core   0: 0x8000a4ce (0x00006f17) auipc   t5, 0x6
core   0: 3 0x8000a4ce (0x00006f17) x30 0x800104ce
core   0: 0x8000a4d2 (0xb23f2923) sw      gp, -1230(t5)
core   0: 3 0x8000a4d2 (0xb23f2923) mem 0x80010000 0x00000001
core   0: 0x8000a4d6 (0x0000bfe5) c.j     pc - 8
core   0: 3 0x8000a4d6 (0xbfe5)
core   0: 0x8000a4ce (0x00006f17) auipc   t5, 0x6
core   0: 3 0x8000a4ce (0x00006f17) x30 0x800104ce
core   0: 0x8000a4d2 (0xb23f2923) sw      gp, -1230(t5)
core   0: 3 0x8000a4d2 (0xb23f2923) mem 0x80010000 0x00000001
core   0: 0x8000a4d6 (0x0000bfe5) c.j     pc - 8
core   0: 3 0x8000a4d6 (0xbfe5)
core   0: 0x8000a4ce (0x00006f17) auipc   t5, 0x6
core   0: 3 0x8000a4ce (0x00006f17) x30 0x800104ce
core   0: 0x8000a4d2 (0xb23f2923) sw      gp, -1230(t5)
core   0: 3 0x8000a4d2 (0xb23f2923) mem 0x80010000 0x00000001
core   0: 0x8000a4d6 (0x0000bfe5) c.j     pc - 8
core   0: 3 0x8000a4d6 (0xbfe5)
core   0: 0x8000a4ce (0x00006f17) auipc   t5, 0x6
core   0: 3 0x8000a4ce (0x00006f17) x30 0x800104ce
core   0: 0x8000a4d2 (0xb23f2923) sw      gp, -1230(t5)
core   0: 3 0x8000a4d2 (0xb23f2923) mem 0x80010000 0x00000001
core   0: 0x8000a4d6 (0x0000bfe5) c.j     pc - 8
core   0: 3 0x8000a4d6 (0xbfe5)
core   0: 0x8000a4ce (0x00006f17) auipc   t5, 0x6
core   0: 3 0x8000a4ce (0x00006f17) x30 0x800104ce
core   0: 0x8000a4d2 (0xb23f2923) sw      gp, -1230(t5)
core   0: 3 0x8000a4d2 (0xb23f2923) mem 0x80010000 0x00000001
core   0: 0x8000a4d6 (0x0000bfe5) c.j     pc - 8
core   0: 3 0x8000a4d6 (0xbfe5)
core   0: 0x8000a4ce (0x00006f17) auipc   t5, 0x6
core   0: 3 0x8000a4ce (0x00006f17) x30 0x800104ce
core   0: 0x8000a4d2 (0xb23f2923) sw      gp, -1230(t5)
core   0: 3 0x8000a4d2 (0xb23f2923) mem 0x80010000 0x00000001
core   0: 0x8000a4d6 (0x0000bfe5) c.j     pc - 8
core   0: 3 0x8000a4d6 (0xbfe5)
core   0: 0x8000a4ce (0x00006f17) auipc   t5, 0x6
core   0: 3 0x8000a4ce (0x00006f17) x30 0x800104ce
core   0: 0x8000a4d2 (0xb23f2923) sw      gp, -1230(t5)
core   0: 3 0x8000a4d2 (0xb23f2923) mem 0x80010000 0x00000001
core   0: 0x8000a4d6 (0x0000bfe5) c.j     pc - 8
core   0: 3 0x8000a4d6 (0xbfe5)
core   0: 0x8000a4ce (0x00006f17) auipc   t5, 0x6
core   0: 3 0x8000a4ce (0x00006f17) x30 0x800104ce
core   0: 0x8000a4d2 (0xb23f2923) sw      gp, -1230(t5)
core   0: 3 0x8000a4d2 (0xb23f2923) mem 0x80010000 0x00000001
core   0: 0x8000a4d6 (0x0000bfe5) c.j     pc - 8
core   0: 3 0x8000a4d6 (0xbfe5)
core   0: 0x8000a4ce (0x00006f17) auipc   t5, 0x6
core   0: 3 0x8000a4ce (0x00006f17) x30 0x800104ce
core   0: 0x8000a4d2 (0xb23f2923) sw      gp, -1230(t5)
core   0: 3 0x8000a4d2 (0xb23f2923) mem 0x80010000 0x00000001
core   0: 0x8000a4d6 (0x0000bfe5) c.j     pc - 8
core   0: 3 0x8000a4d6 (0xbfe5)
core   0: 0x8000a4ce (0x00006f17) auipc   t5, 0x6
core   0: 3 0x8000a4ce (0x00006f17) x30 0x800104ce
core   0: 0x8000a4d2 (0xb23f2923) sw      gp, -1230(t5)
core   0: 3 0x8000a4d2 (0xb23f2923) mem 0x80010000 0x00000001
core   0: 0x8000a4d6 (0x0000bfe5) c.j     pc - 8
core   0: 3 0x8000a4d6 (0xbfe5)
core   0: 0x8000a4ce (0x00006f17) auipc   t5, 0x6
core   0: 3 0x8000a4ce (0x00006f17) x30 0x800104ce
core   0: 0x8000a4d2 (0xb23f2923) sw      gp, -1230(t5)
core   0: 3 0x8000a4d2 (0xb23f2923) mem 0x80010000 0x00000001
core   0: 0x8000a4d6 (0x0000bfe5) c.j     pc - 8
core   0: 3 0x8000a4d6 (0xbfe5)
core   0: 0x8000a4ce (0x00006f17) auipc   t5, 0x6
core   0: 3 0x8000a4ce (0x00006f17) x30 0x800104ce
core   0: 0x8000a4d2 (0xb23f2923) sw      gp, -1230(t5)
core   0: 3 0x8000a4d2 (0xb23f2923) mem 0x80010000 0x00000001
core   0: 0x8000a4d6 (0x0000bfe5) c.j     pc - 8
core   0: 3 0x8000a4d6 (0xbfe5)
core   0: 0x8000a4ce (0x00006f17) auipc   t5, 0x6
core   0: 3 0x8000a4ce (0x00006f17) x30 0x800104ce
core   0: 0x8000a4d2 (0xb23f2923) sw      gp, -1230(t5)
core   0: 3 0x8000a4d2 (0xb23f2923) mem 0x80010000 0x00000001
core   0: 0x8000a4d6 (0x0000bfe5) c.j     pc - 8
core   0: 3 0x8000a4d6 (0xbfe5)
core   0: 0x8000a4ce (0x00006f17) auipc   t5, 0x6
core   0: 3 0x8000a4ce (0x00006f17) x30 0x800104ce
core   0: 0x8000a4d2 (0xb23f2923) sw      gp, -1230(t5)
core   0: 3 0x8000a4d2 (0xb23f2923) mem 0x80010000 0x00000001
core   0: 0x8000a4d6 (0x0000bfe5) c.j     pc - 8
core   0: 3 0x8000a4d6 (0xbfe5)
core   0: 0x8000a4ce (0x00006f17) auipc   t5, 0x6
core   0: 3 0x8000a4ce (0x00006f17) x30 0x800104ce
core   0: 0x8000a4d2 (0xb23f2923) sw      gp, -1230(t5)
core   0: 3 0x8000a4d2 (0xb23f2923) mem 0x80010000 0x00000001
core   0: 0x8000a4d6 (0x0000bfe5) c.j     pc - 8
core   0: 3 0x8000a4d6 (0xbfe5)
core   0: 0x8000a4ce (0x00006f17) auipc   t5, 0x6
core   0: 3 0x8000a4ce (0x00006f17) x30 0x800104ce
core   0: 0x8000a4d2 (0xb23f2923) sw      gp, -1230(t5)
core   0: 3 0x8000a4d2 (0xb23f2923) mem 0x80010000 0x00000001
core   0: 0x8000a4d6 (0x0000bfe5) c.j     pc - 8
core   0: 3 0x8000a4d6 (0xbfe5)
core   0: 0x8000a4ce (0x00006f17) auipc   t5, 0x6
core   0: 3 0x8000a4ce (0x00006f17) x30 0x800104ce
core   0: 0x8000a4d2 (0xb23f2923) sw      gp, -1230(t5)
core   0: 3 0x8000a4d2 (0xb23f2923) mem 0x80010000 0x00000001
core   0: 0x8000a4d6 (0x0000bfe5) c.j     pc - 8
core   0: 3 0x8000a4d6 (0xbfe5)
core   0: 0x8000a4ce (0x00006f17) auipc   t5, 0x6
core   0: 3 0x8000a4ce (0x00006f17) x30 0x800104ce
core   0: 0x8000a4d2 (0xb23f2923) sw      gp, -1230(t5)
core   0: 3 0x8000a4d2 (0xb23f2923) mem 0x80010000 0x00000001
core   0: 0x8000a4d6 (0x0000bfe5) c.j     pc - 8
core   0: 3 0x8000a4d6 (0xbfe5)
core   0: 0x8000a4ce (0x00006f17) auipc   t5, 0x6
core   0: 3 0x8000a4ce (0x00006f17) x30 0x800104ce
core   0: 0x8000a4d2 (0xb23f2923) sw      gp, -1230(t5)
core   0: 3 0x8000a4d2 (0xb23f2923) mem 0x80010000 0x00000001
core   0: 0x8000a4d6 (0x0000bfe5) c.j     pc - 8
core   0: 3 0x8000a4d6 (0xbfe5)
core   0: 0x8000a4ce (0x00006f17) auipc   t5, 0x6
core   0: 3 0x8000a4ce (0x00006f17) x30 0x800104ce
core   0: 0x8000a4d2 (0xb23f2923) sw      gp, -1230(t5)
core   0: 3 0x8000a4d2 (0xb23f2923) mem 0x80010000 0x00000001
core   0: 0x8000a4d6 (0x0000bfe5) c.j     pc - 8
core   0: 3 0x8000a4d6 (0xbfe5)
core   0: 0x8000a4ce (0x00006f17) auipc   t5, 0x6
core   0: 3 0x8000a4ce (0x00006f17) x30 0x800104ce
core   0: 0x8000a4d2 (0xb23f2923) sw      gp, -1230(t5)
core   0: 3 0x8000a4d2 (0xb23f2923) mem 0x80010000 0x00000001
core   0: 0x8000a4d6 (0x0000bfe5) c.j     pc - 8
core   0: 3 0x8000a4d6 (0xbfe5)
core   0: 0x8000a4ce (0x00006f17) auipc   t5, 0x6
core   0: 3 0x8000a4ce (0x00006f17) x30 0x800104ce
core   0: 0x8000a4d2 (0xb23f2923) sw      gp, -1230(t5)
core   0: 3 0x8000a4d2 (0xb23f2923) mem 0x80010000 0x00000001
core   0: 0x8000a4d6 (0x0000bfe5) c.j     pc - 8
core   0: 3 0x8000a4d6 (0xbfe5)
core   0: 0x8000a4ce (0x00006f17) auipc   t5, 0x6
core   0: 3 0x8000a4ce (0x00006f17) x30 0x800104ce
core   0: 0x8000a4d2 (0xb23f2923) sw      gp, -1230(t5)
core   0: 3 0x8000a4d2 (0xb23f2923) mem 0x80010000 0x00000001
core   0: 0x8000a4d6 (0x0000bfe5) c.j     pc - 8
core   0: 3 0x8000a4d6 (0xbfe5)
core   0: 0x8000a4ce (0x00006f17) auipc   t5, 0x6
core   0: 3 0x8000a4ce (0x00006f17) x30 0x800104ce
core   0: 0x8000a4d2 (0xb23f2923) sw      gp, -1230(t5)
core   0: 3 0x8000a4d2 (0xb23f2923) mem 0x80010000 0x00000001
core   0: 0x8000a4d6 (0x0000bfe5) c.j     pc - 8
core   0: 3 0x8000a4d6 (0xbfe5)
core   0: 0x8000a4ce (0x00006f17) auipc   t5, 0x6
core   0: 3 0x8000a4ce (0x00006f17) x30 0x800104ce
core   0: 0x8000a4d2 (0xb23f2923) sw      gp, -1230(t5)
core   0: 3 0x8000a4d2 (0xb23f2923) mem 0x80010000 0x00000001
core   0: 0x8000a4d6 (0x0000bfe5) c.j     pc - 8
core   0: 3 0x8000a4d6 (0xbfe5)
core   0: 0x8000a4ce (0x00006f17) auipc   t5, 0x6
core   0: 3 0x8000a4ce (0x00006f17) x30 0x800104ce
core   0: 0x8000a4d2 (0xb23f2923) sw      gp, -1230(t5)
core   0: 3 0x8000a4d2 (0xb23f2923) mem 0x80010000 0x00000001
core   0: 0x8000a4d6 (0x0000bfe5) c.j     pc - 8
core   0: 3 0x8000a4d6 (0xbfe5)
core   0: 0x8000a4ce (0x00006f17) auipc   t5, 0x6
core   0: 3 0x8000a4ce (0x00006f17) x30 0x800104ce
core   0: 0x8000a4d2 (0xb23f2923) sw      gp, -1230(t5)
core   0: 3 0x8000a4d2 (0xb23f2923) mem 0x80010000 0x00000001
core   0: 0x8000a4d6 (0x0000bfe5) c.j     pc - 8
core   0: 3 0x8000a4d6 (0xbfe5)
core   0: 0x8000a4ce (0x00006f17) auipc   t5, 0x6
core   0: 3 0x8000a4ce (0x00006f17) x30 0x800104ce
core   0: 0x8000a4d2 (0xb23f2923) sw      gp, -1230(t5)
core   0: 3 0x8000a4d2 (0xb23f2923) mem 0x80010000 0x00000001
core   0: 0x8000a4d6 (0x0000bfe5) c.j     pc - 8
core   0: 3 0x8000a4d6 (0xbfe5)
core   0: 0x8000a4ce (0x00006f17) auipc   t5, 0x6
core   0: 3 0x8000a4ce (0x00006f17) x30 0x800104ce
core   0: 0x8000a4d2 (0xb23f2923) sw      gp, -1230(t5)
core   0: 3 0x8000a4d2 (0xb23f2923) mem 0x80010000 0x00000001
core   0: 0x8000a4d6 (0x0000bfe5) c.j     pc - 8
core   0: 3 0x8000a4d6 (0xbfe5)
core   0: 0x8000a4ce (0x00006f17) auipc   t5, 0x6
core   0: 3 0x8000a4ce (0x00006f17) x30 0x800104ce
core   0: 0x8000a4d2 (0xb23f2923) sw      gp, -1230(t5)
core   0: 3 0x8000a4d2 (0xb23f2923) mem 0x80010000 0x00000001
core   0: 0x8000a4d6 (0x0000bfe5) c.j     pc - 8
core   0: 3 0x8000a4d6 (0xbfe5)
core   0: 0x8000a4ce (0x00006f17) auipc   t5, 0x6
core   0: 3 0x8000a4ce (0x00006f17) x30 0x800104ce
core   0: 0x8000a4d2 (0xb23f2923) sw      gp, -1230(t5)
core   0: 3 0x8000a4d2 (0xb23f2923) mem 0x80010000 0x00000001
core   0: 0x8000a4d6 (0x0000bfe5) c.j     pc - 8
core   0: 3 0x8000a4d6 (0xbfe5)
core   0: 0x8000a4ce (0x00006f17) auipc   t5, 0x6
core   0: 3 0x8000a4ce (0x00006f17) x30 0x800104ce
core   0: 0x8000a4d2 (0xb23f2923) sw      gp, -1230(t5)
core   0: 3 0x8000a4d2 (0xb23f2923) mem 0x80010000 0x00000001
core   0: 0x8000a4d6 (0x0000bfe5) c.j     pc - 8
core   0: 3 0x8000a4d6 (0xbfe5)
core   0: 0x8000a4ce (0x00006f17) auipc   t5, 0x6
core   0: 3 0x8000a4ce (0x00006f17) x30 0x800104ce
core   0: 0x8000a4d2 (0xb23f2923) sw      gp, -1230(t5)
core   0: 3 0x8000a4d2 (0xb23f2923) mem 0x80010000 0x00000001
core   0: 0x8000a4d6 (0x0000bfe5) c.j     pc - 8
core   0: 3 0x8000a4d6 (0xbfe5)
core   0: 0x8000a4ce (0x00006f17) auipc   t5, 0x6
core   0: 3 0x8000a4ce (0x00006f17) x30 0x800104ce
core   0: 0x8000a4d2 (0xb23f2923) sw      gp, -1230(t5)
core   0: 3 0x8000a4d2 (0xb23f2923) mem 0x80010000 0x00000001
core   0: 0x8000a4d6 (0x0000bfe5) c.j     pc - 8
core   0: 3 0x8000a4d6 (0xbfe5)
core   0: 0x8000a4ce (0x00006f17) auipc   t5, 0x6
core   0: 3 0x8000a4ce (0x00006f17) x30 0x800104ce
core   0: 0x8000a4d2 (0xb23f2923) sw      gp, -1230(t5)
core   0: 3 0x8000a4d2 (0xb23f2923) mem 0x80010000 0x00000001
core   0: 0x8000a4d6 (0x0000bfe5) c.j     pc - 8
core   0: 3 0x8000a4d6 (0xbfe5)
core   0: 0x8000a4ce (0x00006f17) auipc   t5, 0x6
core   0: 3 0x8000a4ce (0x00006f17) x30 0x800104ce
core   0: 0x8000a4d2 (0xb23f2923) sw      gp, -1230(t5)
core   0: 3 0x8000a4d2 (0xb23f2923) mem 0x80010000 0x00000001
core   0: 0x8000a4d6 (0x0000bfe5) c.j     pc - 8
core   0: 3 0x8000a4d6 (0xbfe5)
core   0: 0x8000a4ce (0x00006f17) auipc   t5, 0x6
core   0: 3 0x8000a4ce (0x00006f17) x30 0x800104ce
core   0: 0x8000a4d2 (0xb23f2923) sw      gp, -1230(t5)
core   0: 3 0x8000a4d2 (0xb23f2923) mem 0x80010000 0x00000001
core   0: 0x8000a4d6 (0x0000bfe5) c.j     pc - 8
core   0: 3 0x8000a4d6 (0xbfe5)
core   0: 0x8000a4ce (0x00006f17) auipc   t5, 0x6
core   0: 3 0x8000a4ce (0x00006f17) x30 0x800104ce
core   0: 0x8000a4d2 (0xb23f2923) sw      gp, -1230(t5)
core   0: 3 0x8000a4d2 (0xb23f2923) mem 0x80010000 0x00000001
core   0: 0x8000a4d6 (0x0000bfe5) c.j     pc - 8
core   0: 3 0x8000a4d6 (0xbfe5)
core   0: 0x8000a4ce (0x00006f17) auipc   t5, 0x6
core   0: 3 0x8000a4ce (0x00006f17) x30 0x800104ce
core   0: 0x8000a4d2 (0xb23f2923) sw      gp, -1230(t5)
core   0: 3 0x8000a4d2 (0xb23f2923) mem 0x80010000 0x00000001
core   0: 0x8000a4d6 (0x0000bfe5) c.j     pc - 8
core   0: 3 0x8000a4d6 (0xbfe5)
core   0: 0x8000a4ce (0x00006f17) auipc   t5, 0x6
core   0: 3 0x8000a4ce (0x00006f17) x30 0x800104ce
core   0: 0x8000a4d2 (0xb23f2923) sw      gp, -1230(t5)
core   0: 3 0x8000a4d2 (0xb23f2923) mem 0x80010000 0x00000001
core   0: 0x8000a4d6 (0x0000bfe5) c.j     pc - 8
core   0: 3 0x8000a4d6 (0xbfe5)
core   0: 0x8000a4ce (0x00006f17) auipc   t5, 0x6
core   0: 3 0x8000a4ce (0x00006f17) x30 0x800104ce
core   0: 0x8000a4d2 (0xb23f2923) sw      gp, -1230(t5)
core   0: 3 0x8000a4d2 (0xb23f2923) mem 0x80010000 0x00000001
core   0: 0x8000a4d6 (0x0000bfe5) c.j     pc - 8
core   0: 3 0x8000a4d6 (0xbfe5)
core   0: 0x8000a4ce (0x00006f17) auipc   t5, 0x6
core   0: 3 0x8000a4ce (0x00006f17) x30 0x800104ce
core   0: 0x8000a4d2 (0xb23f2923) sw      gp, -1230(t5)
core   0: 3 0x8000a4d2 (0xb23f2923) mem 0x80010000 0x00000001
core   0: 0x8000a4d6 (0x0000bfe5) c.j     pc - 8
core   0: 3 0x8000a4d6 (0xbfe5)
core   0: 0x8000a4ce (0x00006f17) auipc   t5, 0x6
core   0: 3 0x8000a4ce (0x00006f17) x30 0x800104ce
core   0: 0x8000a4d2 (0xb23f2923) sw      gp, -1230(t5)
core   0: 3 0x8000a4d2 (0xb23f2923) mem 0x80010000 0x00000001
core   0: 0x8000a4d6 (0x0000bfe5) c.j     pc - 8
core   0: 3 0x8000a4d6 (0xbfe5)
core   0: 0x8000a4ce (0x00006f17) auipc   t5, 0x6
core   0: 3 0x8000a4ce (0x00006f17) x30 0x800104ce
core   0: 0x8000a4d2 (0xb23f2923) sw      gp, -1230(t5)
core   0: 3 0x8000a4d2 (0xb23f2923) mem 0x80010000 0x00000001
core   0: 0x8000a4d6 (0x0000bfe5) c.j     pc - 8
core   0: 3 0x8000a4d6 (0xbfe5)
core   0: 0x8000a4ce (0x00006f17) auipc   t5, 0x6
core   0: 3 0x8000a4ce (0x00006f17) x30 0x800104ce
core   0: 0x8000a4d2 (0xb23f2923) sw      gp, -1230(t5)
core   0: 3 0x8000a4d2 (0xb23f2923) mem 0x80010000 0x00000001
core   0: 0x8000a4d6 (0x0000bfe5) c.j     pc - 8
core   0: 3 0x8000a4d6 (0xbfe5)
core   0: 0x8000a4ce (0x00006f17) auipc   t5, 0x6
core   0: 3 0x8000a4ce (0x00006f17) x30 0x800104ce
core   0: 0x8000a4d2 (0xb23f2923) sw      gp, -1230(t5)
core   0: 3 0x8000a4d2 (0xb23f2923) mem 0x80010000 0x00000001
core   0: 0x8000a4d6 (0x0000bfe5) c.j     pc - 8
core   0: 3 0x8000a4d6 (0xbfe5)
core   0: 0x8000a4ce (0x00006f17) auipc   t5, 0x6
core   0: 3 0x8000a4ce (0x00006f17) x30 0x800104ce
core   0: 0x8000a4d2 (0xb23f2923) sw      gp, -1230(t5)
core   0: 3 0x8000a4d2 (0xb23f2923) mem 0x80010000 0x00000001
core   0: 0x8000a4d6 (0x0000bfe5) c.j     pc - 8
core   0: 3 0x8000a4d6 (0xbfe5)
core   0: 0x8000a4ce (0x00006f17) auipc   t5, 0x6
core   0: 3 0x8000a4ce (0x00006f17) x30 0x800104ce
core   0: 0x8000a4d2 (0xb23f2923) sw      gp, -1230(t5)
core   0: 3 0x8000a4d2 (0xb23f2923) mem 0x80010000 0x00000001
core   0: 0x8000a4d6 (0x0000bfe5) c.j     pc - 8
core   0: 3 0x8000a4d6 (0xbfe5)
core   0: 0x8000a4ce (0x00006f17) auipc   t5, 0x6
core   0: 3 0x8000a4ce (0x00006f17) x30 0x800104ce
core   0: 0x8000a4d2 (0xb23f2923) sw      gp, -1230(t5)
core   0: 3 0x8000a4d2 (0xb23f2923) mem 0x80010000 0x00000001
core   0: 0x8000a4d6 (0x0000bfe5) c.j     pc - 8
core   0: 3 0x8000a4d6 (0xbfe5)
core   0: 0x8000a4ce (0x00006f17) auipc   t5, 0x6
core   0: 3 0x8000a4ce (0x00006f17) x30 0x800104ce
core   0: 0x8000a4d2 (0xb23f2923) sw      gp, -1230(t5)
core   0: 3 0x8000a4d2 (0xb23f2923) mem 0x80010000 0x00000001
core   0: 0x8000a4d6 (0x0000bfe5) c.j     pc - 8
core   0: 3 0x8000a4d6 (0xbfe5)
core   0: 0x8000a4ce (0x00006f17) auipc   t5, 0x6
core   0: 3 0x8000a4ce (0x00006f17) x30 0x800104ce
core   0: 0x8000a4d2 (0xb23f2923) sw      gp, -1230(t5)
core   0: 3 0x8000a4d2 (0xb23f2923) mem 0x80010000 0x00000001
core   0: 0x8000a4d6 (0x0000bfe5) c.j     pc - 8
core   0: 3 0x8000a4d6 (0xbfe5)
core   0: 0x8000a4ce (0x00006f17) auipc   t5, 0x6
core   0: 3 0x8000a4ce (0x00006f17) x30 0x800104ce
core   0: 0x8000a4d2 (0xb23f2923) sw      gp, -1230(t5)
core   0: 3 0x8000a4d2 (0xb23f2923) mem 0x80010000 0x00000001
core   0: 0x8000a4d6 (0x0000bfe5) c.j     pc - 8
core   0: 3 0x8000a4d6 (0xbfe5)
core   0: 0x8000a4ce (0x00006f17) auipc   t5, 0x6
core   0: 3 0x8000a4ce (0x00006f17) x30 0x800104ce
core   0: 0x8000a4d2 (0xb23f2923) sw      gp, -1230(t5)
core   0: 3 0x8000a4d2 (0xb23f2923) mem 0x80010000 0x00000001
core   0: 0x8000a4d6 (0x0000bfe5) c.j     pc - 8
core   0: 3 0x8000a4d6 (0xbfe5)
core   0: 0x8000a4ce (0x00006f17) auipc   t5, 0x6
core   0: 3 0x8000a4ce (0x00006f17) x30 0x800104ce
core   0: 0x8000a4d2 (0xb23f2923) sw      gp, -1230(t5)
core   0: 3 0x8000a4d2 (0xb23f2923) mem 0x80010000 0x00000001
core   0: 0x8000a4d6 (0x0000bfe5) c.j     pc - 8
core   0: 3 0x8000a4d6 (0xbfe5)
core   0: 0x8000a4ce (0x00006f17) auipc   t5, 0x6
core   0: 3 0x8000a4ce (0x00006f17) x30 0x800104ce
core   0: 0x8000a4d2 (0xb23f2923) sw      gp, -1230(t5)
core   0: 3 0x8000a4d2 (0xb23f2923) mem 0x80010000 0x00000001
core   0: 0x8000a4d6 (0x0000bfe5) c.j     pc - 8
core   0: 3 0x8000a4d6 (0xbfe5)
core   0: 0x8000a4ce (0x00006f17) auipc   t5, 0x6
core   0: 3 0x8000a4ce (0x00006f17) x30 0x800104ce
core   0: 0x8000a4d2 (0xb23f2923) sw      gp, -1230(t5)
core   0: 3 0x8000a4d2 (0xb23f2923) mem 0x80010000 0x00000001
core   0: 0x8000a4d6 (0x0000bfe5) c.j     pc - 8
core   0: 3 0x8000a4d6 (0xbfe5)
core   0: 0x8000a4ce (0x00006f17) auipc   t5, 0x6
core   0: 3 0x8000a4ce (0x00006f17) x30 0x800104ce
core   0: 0x8000a4d2 (0xb23f2923) sw      gp, -1230(t5)
core   0: 3 0x8000a4d2 (0xb23f2923) mem 0x80010000 0x00000001
core   0: 0x8000a4d6 (0x0000bfe5) c.j     pc - 8
core   0: 3 0x8000a4d6 (0xbfe5)
core   0: 0x8000a4ce (0x00006f17) auipc   t5, 0x6
core   0: 3 0x8000a4ce (0x00006f17) x30 0x800104ce
core   0: 0x8000a4d2 (0xb23f2923) sw      gp, -1230(t5)
core   0: 3 0x8000a4d2 (0xb23f2923) mem 0x80010000 0x00000001
core   0: 0x8000a4d6 (0x0000bfe5) c.j     pc - 8
core   0: 3 0x8000a4d6 (0xbfe5)
core   0: 0x8000a4ce (0x00006f17) auipc   t5, 0x6
core   0: 3 0x8000a4ce (0x00006f17) x30 0x800104ce
core   0: 0x8000a4d2 (0xb23f2923) sw      gp, -1230(t5)
core   0: 3 0x8000a4d2 (0xb23f2923) mem 0x80010000 0x00000001
core   0: 0x8000a4d6 (0x0000bfe5) c.j     pc - 8
core   0: 3 0x8000a4d6 (0xbfe5)
core   0: 0x8000a4ce (0x00006f17) auipc   t5, 0x6
core   0: 3 0x8000a4ce (0x00006f17) x30 0x800104ce
core   0: 0x8000a4d2 (0xb23f2923) sw      gp, -1230(t5)
core   0: 3 0x8000a4d2 (0xb23f2923) mem 0x80010000 0x00000001
core   0: 0x8000a4d6 (0x0000bfe5) c.j     pc - 8
core   0: 3 0x8000a4d6 (0xbfe5)
core   0: 0x8000a4ce (0x00006f17) auipc   t5, 0x6
core   0: 3 0x8000a4ce (0x00006f17) x30 0x800104ce
core   0: 0x8000a4d2 (0xb23f2923) sw      gp, -1230(t5)
core   0: 3 0x8000a4d2 (0xb23f2923) mem 0x80010000 0x00000001
core   0: 0x8000a4d6 (0x0000bfe5) c.j     pc - 8
core   0: 3 0x8000a4d6 (0xbfe5)
core   0: 0x8000a4ce (0x00006f17) auipc   t5, 0x6
core   0: 3 0x8000a4ce (0x00006f17) x30 0x800104ce
core   0: 0x8000a4d2 (0xb23f2923) sw      gp, -1230(t5)
core   0: 3 0x8000a4d2 (0xb23f2923) mem 0x80010000 0x00000001
core   0: 0x8000a4d6 (0x0000bfe5) c.j     pc - 8
core   0: 3 0x8000a4d6 (0xbfe5)
core   0: 0x8000a4ce (0x00006f17) auipc   t5, 0x6
core   0: 3 0x8000a4ce (0x00006f17) x30 0x800104ce
core   0: 0x8000a4d2 (0xb23f2923) sw      gp, -1230(t5)
core   0: 3 0x8000a4d2 (0xb23f2923) mem 0x80010000 0x00000001
core   0: 0x8000a4d6 (0x0000bfe5) c.j     pc - 8
core   0: 3 0x8000a4d6 (0xbfe5)
core   0: 0x8000a4ce (0x00006f17) auipc   t5, 0x6
core   0: 3 0x8000a4ce (0x00006f17) x30 0x800104ce
core   0: 0x8000a4d2 (0xb23f2923) sw      gp, -1230(t5)
core   0: 3 0x8000a4d2 (0xb23f2923) mem 0x80010000 0x00000001
core   0: 0x8000a4d6 (0x0000bfe5) c.j     pc - 8
core   0: 3 0x8000a4d6 (0xbfe5)
core   0: 0x8000a4ce (0x00006f17) auipc   t5, 0x6
core   0: 3 0x8000a4ce (0x00006f17) x30 0x800104ce
core   0: 0x8000a4d2 (0xb23f2923) sw      gp, -1230(t5)
core   0: 3 0x8000a4d2 (0xb23f2923) mem 0x80010000 0x00000001
core   0: 0x8000a4d6 (0x0000bfe5) c.j     pc - 8
core   0: 3 0x8000a4d6 (0xbfe5)
core   0: 0x8000a4ce (0x00006f17) auipc   t5, 0x6
core   0: 3 0x8000a4ce (0x00006f17) x30 0x800104ce
core   0: 0x8000a4d2 (0xb23f2923) sw      gp, -1230(t5)
core   0: 3 0x8000a4d2 (0xb23f2923) mem 0x80010000 0x00000001
core   0: 0x8000a4d6 (0x0000bfe5) c.j     pc - 8
core   0: 3 0x8000a4d6 (0xbfe5)
core   0: 0x8000a4ce (0x00006f17) auipc   t5, 0x6
core   0: 3 0x8000a4ce (0x00006f17) x30 0x800104ce
core   0: 0x8000a4d2 (0xb23f2923) sw      gp, -1230(t5)
core   0: 3 0x8000a4d2 (0xb23f2923) mem 0x80010000 0x00000001
core   0: 0x8000a4d6 (0x0000bfe5) c.j     pc - 8
core   0: 3 0x8000a4d6 (0xbfe5)
core   0: 0x8000a4ce (0x00006f17) auipc   t5, 0x6
core   0: 3 0x8000a4ce (0x00006f17) x30 0x800104ce
core   0: 0x8000a4d2 (0xb23f2923) sw      gp, -1230(t5)
core   0: 3 0x8000a4d2 (0xb23f2923) mem 0x80010000 0x00000001
core   0: 0x8000a4d6 (0x0000bfe5) c.j     pc - 8
core   0: 3 0x8000a4d6 (0xbfe5)
core   0: 0x8000a4ce (0x00006f17) auipc   t5, 0x6
core   0: 3 0x8000a4ce (0x00006f17) x30 0x800104ce
core   0: 0x8000a4d2 (0xb23f2923) sw      gp, -1230(t5)
core   0: 3 0x8000a4d2 (0xb23f2923) mem 0x80010000 0x00000001
core   0: 0x8000a4d6 (0x0000bfe5) c.j     pc - 8
core   0: 3 0x8000a4d6 (0xbfe5)
core   0: 0x8000a4ce (0x00006f17) auipc   t5, 0x6
core   0: 3 0x8000a4ce (0x00006f17) x30 0x800104ce
core   0: 0x8000a4d2 (0xb23f2923) sw      gp, -1230(t5)
core   0: 3 0x8000a4d2 (0xb23f2923) mem 0x80010000 0x00000001
core   0: 0x8000a4d6 (0x0000bfe5) c.j     pc - 8
core   0: 3 0x8000a4d6 (0xbfe5)
core   0: 0x8000a4ce (0x00006f17) auipc   t5, 0x6
core   0: 3 0x8000a4ce (0x00006f17) x30 0x800104ce
core   0: 0x8000a4d2 (0xb23f2923) sw      gp, -1230(t5)
core   0: 3 0x8000a4d2 (0xb23f2923) mem 0x80010000 0x00000001
core   0: 0x8000a4d6 (0x0000bfe5) c.j     pc - 8
core   0: 3 0x8000a4d6 (0xbfe5)
core   0: 0x8000a4ce (0x00006f17) auipc   t5, 0x6
core   0: 3 0x8000a4ce (0x00006f17) x30 0x800104ce
core   0: 0x8000a4d2 (0xb23f2923) sw      gp, -1230(t5)
core   0: 3 0x8000a4d2 (0xb23f2923) mem 0x80010000 0x00000001
core   0: 0x8000a4d6 (0x0000bfe5) c.j     pc - 8
core   0: 3 0x8000a4d6 (0xbfe5)
core   0: 0x8000a4ce (0x00006f17) auipc   t5, 0x6
core   0: 3 0x8000a4ce (0x00006f17) x30 0x800104ce
core   0: 0x8000a4d2 (0xb23f2923) sw      gp, -1230(t5)
core   0: 3 0x8000a4d2 (0xb23f2923) mem 0x80010000 0x00000001
core   0: 0x8000a4d6 (0x0000bfe5) c.j     pc - 8
core   0: 3 0x8000a4d6 (0xbfe5)
core   0: 0x8000a4ce (0x00006f17) auipc   t5, 0x6
core   0: 3 0x8000a4ce (0x00006f17) x30 0x800104ce
core   0: 0x8000a4d2 (0xb23f2923) sw      gp, -1230(t5)
core   0: 3 0x8000a4d2 (0xb23f2923) mem 0x80010000 0x00000001
core   0: 0x8000a4d6 (0x0000bfe5) c.j     pc - 8
core   0: 3 0x8000a4d6 (0xbfe5)
core   0: 0x8000a4ce (0x00006f17) auipc   t5, 0x6
core   0: 3 0x8000a4ce (0x00006f17) x30 0x800104ce
core   0: 0x8000a4d2 (0xb23f2923) sw      gp, -1230(t5)
core   0: 3 0x8000a4d2 (0xb23f2923) mem 0x80010000 0x00000001
core   0: 0x8000a4d6 (0x0000bfe5) c.j     pc - 8
core   0: 3 0x8000a4d6 (0xbfe5)
core   0: 0x8000a4ce (0x00006f17) auipc   t5, 0x6
core   0: 3 0x8000a4ce (0x00006f17) x30 0x800104ce
core   0: 0x8000a4d2 (0xb23f2923) sw      gp, -1230(t5)
core   0: 3 0x8000a4d2 (0xb23f2923) mem 0x80010000 0x00000001
core   0: 0x8000a4d6 (0x0000bfe5) c.j     pc - 8
core   0: 3 0x8000a4d6 (0xbfe5)
core   0: 0x8000a4ce (0x00006f17) auipc   t5, 0x6
core   0: 3 0x8000a4ce (0x00006f17) x30 0x800104ce
core   0: 0x8000a4d2 (0xb23f2923) sw      gp, -1230(t5)
core   0: 3 0x8000a4d2 (0xb23f2923) mem 0x80010000 0x00000001
core   0: 0x8000a4d6 (0x0000bfe5) c.j     pc - 8
core   0: 3 0x8000a4d6 (0xbfe5)
core   0: 0x8000a4ce (0x00006f17) auipc   t5, 0x6
core   0: 3 0x8000a4ce (0x00006f17) x30 0x800104ce
core   0: 0x8000a4d2 (0xb23f2923) sw      gp, -1230(t5)
core   0: 3 0x8000a4d2 (0xb23f2923) mem 0x80010000 0x00000001
core   0: 0x8000a4d6 (0x0000bfe5) c.j     pc - 8
core   0: 3 0x8000a4d6 (0xbfe5)
core   0: 0x8000a4ce (0x00006f17) auipc   t5, 0x6
core   0: 3 0x8000a4ce (0x00006f17) x30 0x800104ce
core   0: 0x8000a4d2 (0xb23f2923) sw      gp, -1230(t5)
core   0: 3 0x8000a4d2 (0xb23f2923) mem 0x80010000 0x00000001
core   0: 0x8000a4d6 (0x0000bfe5) c.j     pc - 8
core   0: 3 0x8000a4d6 (0xbfe5)
core   0: 0x8000a4ce (0x00006f17) auipc   t5, 0x6
core   0: 3 0x8000a4ce (0x00006f17) x30 0x800104ce
core   0: 0x8000a4d2 (0xb23f2923) sw      gp, -1230(t5)
core   0: 3 0x8000a4d2 (0xb23f2923) mem 0x80010000 0x00000001
core   0: 0x8000a4d6 (0x0000bfe5) c.j     pc - 8
core   0: 3 0x8000a4d6 (0xbfe5)
core   0: 0x8000a4ce (0x00006f17) auipc   t5, 0x6
core   0: 3 0x8000a4ce (0x00006f17) x30 0x800104ce
core   0: 0x8000a4d2 (0xb23f2923) sw      gp, -1230(t5)
core   0: 3 0x8000a4d2 (0xb23f2923) mem 0x80010000 0x00000001
core   0: 0x8000a4d6 (0x0000bfe5) c.j     pc - 8
core   0: 3 0x8000a4d6 (0xbfe5)
core   0: 0x8000a4ce (0x00006f17) auipc   t5, 0x6
core   0: 3 0x8000a4ce (0x00006f17) x30 0x800104ce
core   0: 0x8000a4d2 (0xb23f2923) sw      gp, -1230(t5)
core   0: 3 0x8000a4d2 (0xb23f2923) mem 0x80010000 0x00000001
core   0: 0x8000a4d6 (0x0000bfe5) c.j     pc - 8
core   0: 3 0x8000a4d6 (0xbfe5)
core   0: 0x8000a4ce (0x00006f17) auipc   t5, 0x6
core   0: 3 0x8000a4ce (0x00006f17) x30 0x800104ce
core   0: 0x8000a4d2 (0xb23f2923) sw      gp, -1230(t5)
core   0: 3 0x8000a4d2 (0xb23f2923) mem 0x80010000 0x00000001
core   0: 0x8000a4d6 (0x0000bfe5) c.j     pc - 8
core   0: 3 0x8000a4d6 (0xbfe5)
core   0: 0x8000a4ce (0x00006f17) auipc   t5, 0x6
core   0: 3 0x8000a4ce (0x00006f17) x30 0x800104ce
core   0: 0x8000a4d2 (0xb23f2923) sw      gp, -1230(t5)
core   0: 3 0x8000a4d2 (0xb23f2923) mem 0x80010000 0x00000001
core   0: 0x8000a4d6 (0x0000bfe5) c.j     pc - 8
core   0: 3 0x8000a4d6 (0xbfe5)
core   0: 0x8000a4ce (0x00006f17) auipc   t5, 0x6
core   0: 3 0x8000a4ce (0x00006f17) x30 0x800104ce
core   0: 0x8000a4d2 (0xb23f2923) sw      gp, -1230(t5)
core   0: 3 0x8000a4d2 (0xb23f2923) mem 0x80010000 0x00000001
core   0: 0x8000a4d6 (0x0000bfe5) c.j     pc - 8
core   0: 3 0x8000a4d6 (0xbfe5)
core   0: 0x8000a4ce (0x00006f17) auipc   t5, 0x6
core   0: 3 0x8000a4ce (0x00006f17) x30 0x800104ce
core   0: 0x8000a4d2 (0xb23f2923) sw      gp, -1230(t5)
core   0: 3 0x8000a4d2 (0xb23f2923) mem 0x80010000 0x00000001
core   0: 0x8000a4d6 (0x0000bfe5) c.j     pc - 8
core   0: 3 0x8000a4d6 (0xbfe5)
core   0: 0x8000a4ce (0x00006f17) auipc   t5, 0x6
core   0: 3 0x8000a4ce (0x00006f17) x30 0x800104ce
core   0: 0x8000a4d2 (0xb23f2923) sw      gp, -1230(t5)
core   0: 3 0x8000a4d2 (0xb23f2923) mem 0x80010000 0x00000001
core   0: 0x8000a4d6 (0x0000bfe5) c.j     pc - 8
core   0: 3 0x8000a4d6 (0xbfe5)
core   0: 0x8000a4ce (0x00006f17) auipc   t5, 0x6
core   0: 3 0x8000a4ce (0x00006f17) x30 0x800104ce
core   0: 0x8000a4d2 (0xb23f2923) sw      gp, -1230(t5)
core   0: 3 0x8000a4d2 (0xb23f2923) mem 0x80010000 0x00000001
core   0: 0x8000a4d6 (0x0000bfe5) c.j     pc - 8
core   0: 3 0x8000a4d6 (0xbfe5)
core   0: 0x8000a4ce (0x00006f17) auipc   t5, 0x6
core   0: 3 0x8000a4ce (0x00006f17) x30 0x800104ce
core   0: 0x8000a4d2 (0xb23f2923) sw      gp, -1230(t5)
core   0: 3 0x8000a4d2 (0xb23f2923) mem 0x80010000 0x00000001
core   0: 0x8000a4d6 (0x0000bfe5) c.j     pc - 8
core   0: 3 0x8000a4d6 (0xbfe5)
core   0: 0x8000a4ce (0x00006f17) auipc   t5, 0x6
core   0: 3 0x8000a4ce (0x00006f17) x30 0x800104ce
core   0: 0x8000a4d2 (0xb23f2923) sw      gp, -1230(t5)
core   0: 3 0x8000a4d2 (0xb23f2923) mem 0x80010000 0x00000001
core   0: 0x8000a4d6 (0x0000bfe5) c.j     pc - 8
core   0: 3 0x8000a4d6 (0xbfe5)
core   0: 0x8000a4ce (0x00006f17) auipc   t5, 0x6
core   0: 3 0x8000a4ce (0x00006f17) x30 0x800104ce
core   0: 0x8000a4d2 (0xb23f2923) sw      gp, -1230(t5)
core   0: 3 0x8000a4d2 (0xb23f2923) mem 0x80010000 0x00000001
core   0: 0x8000a4d6 (0x0000bfe5) c.j     pc - 8
core   0: 3 0x8000a4d6 (0xbfe5)
core   0: 0x8000a4ce (0x00006f17) auipc   t5, 0x6
core   0: 3 0x8000a4ce (0x00006f17) x30 0x800104ce
core   0: 0x8000a4d2 (0xb23f2923) sw      gp, -1230(t5)
core   0: 3 0x8000a4d2 (0xb23f2923) mem 0x80010000 0x00000001
core   0: 0x8000a4d6 (0x0000bfe5) c.j     pc - 8
core   0: 3 0x8000a4d6 (0xbfe5)
core   0: 0x8000a4ce (0x00006f17) auipc   t5, 0x6
core   0: 3 0x8000a4ce (0x00006f17) x30 0x800104ce
core   0: 0x8000a4d2 (0xb23f2923) sw      gp, -1230(t5)
core   0: 3 0x8000a4d2 (0xb23f2923) mem 0x80010000 0x00000001
core   0: 0x8000a4d6 (0x0000bfe5) c.j     pc - 8
core   0: 3 0x8000a4d6 (0xbfe5)
core   0: 0x8000a4ce (0x00006f17) auipc   t5, 0x6
core   0: 3 0x8000a4ce (0x00006f17) x30 0x800104ce
core   0: 0x8000a4d2 (0xb23f2923) sw      gp, -1230(t5)
core   0: 3 0x8000a4d2 (0xb23f2923) mem 0x80010000 0x00000001
core   0: 0x8000a4d6 (0x0000bfe5) c.j     pc - 8
core   0: 3 0x8000a4d6 (0xbfe5)
core   0: 0x8000a4ce (0x00006f17) auipc   t5, 0x6
core   0: 3 0x8000a4ce (0x00006f17) x30 0x800104ce
core   0: 0x8000a4d2 (0xb23f2923) sw      gp, -1230(t5)
core   0: 3 0x8000a4d2 (0xb23f2923) mem 0x80010000 0x00000001
core   0: 0x8000a4d6 (0x0000bfe5) c.j     pc - 8
core   0: 3 0x8000a4d6 (0xbfe5)
core   0: 0x8000a4ce (0x00006f17) auipc   t5, 0x6
core   0: 3 0x8000a4ce (0x00006f17) x30 0x800104ce
core   0: 0x8000a4d2 (0xb23f2923) sw      gp, -1230(t5)
core   0: 3 0x8000a4d2 (0xb23f2923) mem 0x80010000 0x00000001
core   0: 0x8000a4d6 (0x0000bfe5) c.j     pc - 8
core   0: 3 0x8000a4d6 (0xbfe5)
core   0: 0x8000a4ce (0x00006f17) auipc   t5, 0x6
core   0: 3 0x8000a4ce (0x00006f17) x30 0x800104ce
core   0: 0x8000a4d2 (0xb23f2923) sw      gp, -1230(t5)
core   0: 3 0x8000a4d2 (0xb23f2923) mem 0x80010000 0x00000001
core   0: 0x8000a4d6 (0x0000bfe5) c.j     pc - 8
core   0: 3 0x8000a4d6 (0xbfe5)
core   0: 0x8000a4ce (0x00006f17) auipc   t5, 0x6
core   0: 3 0x8000a4ce (0x00006f17) x30 0x800104ce
core   0: 0x8000a4d2 (0xb23f2923) sw      gp, -1230(t5)
core   0: 3 0x8000a4d2 (0xb23f2923) mem 0x80010000 0x00000001
core   0: 0x8000a4d6 (0x0000bfe5) c.j     pc - 8
core   0: 3 0x8000a4d6 (0xbfe5)
core   0: 0x8000a4ce (0x00006f17) auipc   t5, 0x6
core   0: 3 0x8000a4ce (0x00006f17) x30 0x800104ce
core   0: 0x8000a4d2 (0xb23f2923) sw      gp, -1230(t5)
core   0: 3 0x8000a4d2 (0xb23f2923) mem 0x80010000 0x00000001
core   0: 0x8000a4d6 (0x0000bfe5) c.j     pc - 8
core   0: 3 0x8000a4d6 (0xbfe5)
core   0: 0x8000a4ce (0x00006f17) auipc   t5, 0x6
core   0: 3 0x8000a4ce (0x00006f17) x30 0x800104ce
core   0: 0x8000a4d2 (0xb23f2923) sw      gp, -1230(t5)
core   0: 3 0x8000a4d2 (0xb23f2923) mem 0x80010000 0x00000001
core   0: 0x8000a4d6 (0x0000bfe5) c.j     pc - 8
core   0: 3 0x8000a4d6 (0xbfe5)
core   0: 0x8000a4ce (0x00006f17) auipc   t5, 0x6
core   0: 3 0x8000a4ce (0x00006f17) x30 0x800104ce
core   0: 0x8000a4d2 (0xb23f2923) sw      gp, -1230(t5)
core   0: 3 0x8000a4d2 (0xb23f2923) mem 0x80010000 0x00000001
core   0: 0x8000a4d6 (0x0000bfe5) c.j     pc - 8
core   0: 3 0x8000a4d6 (0xbfe5)
core   0: 0x8000a4ce (0x00006f17) auipc   t5, 0x6
core   0: 3 0x8000a4ce (0x00006f17) x30 0x800104ce
core   0: 0x8000a4d2 (0xb23f2923) sw      gp, -1230(t5)
core   0: 3 0x8000a4d2 (0xb23f2923) mem 0x80010000 0x00000001
core   0: 0x8000a4d6 (0x0000bfe5) c.j     pc - 8
core   0: 3 0x8000a4d6 (0xbfe5)
core   0: 0x8000a4ce (0x00006f17) auipc   t5, 0x6
core   0: 3 0x8000a4ce (0x00006f17) x30 0x800104ce
core   0: 0x8000a4d2 (0xb23f2923) sw      gp, -1230(t5)
core   0: 3 0x8000a4d2 (0xb23f2923) mem 0x80010000 0x00000001
core   0: 0x8000a4d6 (0x0000bfe5) c.j     pc - 8
core   0: 3 0x8000a4d6 (0xbfe5)
core   0: 0x8000a4ce (0x00006f17) auipc   t5, 0x6
core   0: 3 0x8000a4ce (0x00006f17) x30 0x800104ce
core   0: 0x8000a4d2 (0xb23f2923) sw      gp, -1230(t5)
core   0: 3 0x8000a4d2 (0xb23f2923) mem 0x80010000 0x00000001
core   0: 0x8000a4d6 (0x0000bfe5) c.j     pc - 8
core   0: 3 0x8000a4d6 (0xbfe5)
core   0: 0x8000a4ce (0x00006f17) auipc   t5, 0x6
core   0: 3 0x8000a4ce (0x00006f17) x30 0x800104ce
core   0: 0x8000a4d2 (0xb23f2923) sw      gp, -1230(t5)
core   0: 3 0x8000a4d2 (0xb23f2923) mem 0x80010000 0x00000001
core   0: 0x8000a4d6 (0x0000bfe5) c.j     pc - 8
core   0: 3 0x8000a4d6 (0xbfe5)
core   0: 0x8000a4ce (0x00006f17) auipc   t5, 0x6
core   0: 3 0x8000a4ce (0x00006f17) x30 0x800104ce
core   0: 0x8000a4d2 (0xb23f2923) sw      gp, -1230(t5)
core   0: 3 0x8000a4d2 (0xb23f2923) mem 0x80010000 0x00000001
core   0: 0x8000a4d6 (0x0000bfe5) c.j     pc - 8
core   0: 3 0x8000a4d6 (0xbfe5)
core   0: 0x8000a4ce (0x00006f17) auipc   t5, 0x6
core   0: 3 0x8000a4ce (0x00006f17) x30 0x800104ce
core   0: 0x8000a4d2 (0xb23f2923) sw      gp, -1230(t5)
core   0: 3 0x8000a4d2 (0xb23f2923) mem 0x80010000 0x00000001
core   0: 0x8000a4d6 (0x0000bfe5) c.j     pc - 8
core   0: 3 0x8000a4d6 (0xbfe5)
core   0: 0x8000a4ce (0x00006f17) auipc   t5, 0x6
core   0: 3 0x8000a4ce (0x00006f17) x30 0x800104ce
core   0: 0x8000a4d2 (0xb23f2923) sw      gp, -1230(t5)
core   0: 3 0x8000a4d2 (0xb23f2923) mem 0x80010000 0x00000001
core   0: 0x8000a4d6 (0x0000bfe5) c.j     pc - 8
core   0: 3 0x8000a4d6 (0xbfe5)
core   0: 0x8000a4ce (0x00006f17) auipc   t5, 0x6
core   0: 3 0x8000a4ce (0x00006f17) x30 0x800104ce
core   0: 0x8000a4d2 (0xb23f2923) sw      gp, -1230(t5)
core   0: 3 0x8000a4d2 (0xb23f2923) mem 0x80010000 0x00000001
core   0: 0x8000a4d6 (0x0000bfe5) c.j     pc - 8
core   0: 3 0x8000a4d6 (0xbfe5)
core   0: 0x8000a4ce (0x00006f17) auipc   t5, 0x6
core   0: 3 0x8000a4ce (0x00006f17) x30 0x800104ce
core   0: 0x8000a4d2 (0xb23f2923) sw      gp, -1230(t5)
core   0: 3 0x8000a4d2 (0xb23f2923) mem 0x80010000 0x00000001
core   0: 0x8000a4d6 (0x0000bfe5) c.j     pc - 8
core   0: 3 0x8000a4d6 (0xbfe5)
core   0: 0x8000a4ce (0x00006f17) auipc   t5, 0x6
core   0: 3 0x8000a4ce (0x00006f17) x30 0x800104ce
core   0: 0x8000a4d2 (0xb23f2923) sw      gp, -1230(t5)
core   0: 3 0x8000a4d2 (0xb23f2923) mem 0x80010000 0x00000001
core   0: 0x8000a4d6 (0x0000bfe5) c.j     pc - 8
core   0: 3 0x8000a4d6 (0xbfe5)
core   0: 0x8000a4ce (0x00006f17) auipc   t5, 0x6
core   0: 3 0x8000a4ce (0x00006f17) x30 0x800104ce
core   0: 0x8000a4d2 (0xb23f2923) sw      gp, -1230(t5)
core   0: 3 0x8000a4d2 (0xb23f2923) mem 0x80010000 0x00000001
core   0: 0x8000a4d6 (0x0000bfe5) c.j     pc - 8
core   0: 3 0x8000a4d6 (0xbfe5)
core   0: 0x8000a4ce (0x00006f17) auipc   t5, 0x6
core   0: 3 0x8000a4ce (0x00006f17) x30 0x800104ce
core   0: 0x8000a4d2 (0xb23f2923) sw      gp, -1230(t5)
core   0: 3 0x8000a4d2 (0xb23f2923) mem 0x80010000 0x00000001
core   0: 0x8000a4d6 (0x0000bfe5) c.j     pc - 8
core   0: 3 0x8000a4d6 (0xbfe5)
core   0: 0x8000a4ce (0x00006f17) auipc   t5, 0x6
core   0: 3 0x8000a4ce (0x00006f17) x30 0x800104ce
core   0: 0x8000a4d2 (0xb23f2923) sw      gp, -1230(t5)
core   0: 3 0x8000a4d2 (0xb23f2923) mem 0x80010000 0x00000001
core   0: 0x8000a4d6 (0x0000bfe5) c.j     pc - 8
core   0: 3 0x8000a4d6 (0xbfe5)
core   0: 0x8000a4ce (0x00006f17) auipc   t5, 0x6
core   0: 3 0x8000a4ce (0x00006f17) x30 0x800104ce
core   0: 0x8000a4d2 (0xb23f2923) sw      gp, -1230(t5)
core   0: 3 0x8000a4d2 (0xb23f2923) mem 0x80010000 0x00000001
core   0: 0x8000a4d6 (0x0000bfe5) c.j     pc - 8
core   0: 3 0x8000a4d6 (0xbfe5)
core   0: 0x8000a4ce (0x00006f17) auipc   t5, 0x6
core   0: 3 0x8000a4ce (0x00006f17) x30 0x800104ce
core   0: 0x8000a4d2 (0xb23f2923) sw      gp, -1230(t5)
core   0: 3 0x8000a4d2 (0xb23f2923) mem 0x80010000 0x00000001
core   0: 0x8000a4d6 (0x0000bfe5) c.j     pc - 8
core   0: 3 0x8000a4d6 (0xbfe5)
core   0: 0x8000a4ce (0x00006f17) auipc   t5, 0x6
core   0: 3 0x8000a4ce (0x00006f17) x30 0x800104ce
core   0: 0x8000a4d2 (0xb23f2923) sw      gp, -1230(t5)
core   0: 3 0x8000a4d2 (0xb23f2923) mem 0x80010000 0x00000001
core   0: 0x8000a4d6 (0x0000bfe5) c.j     pc - 8
core   0: 3 0x8000a4d6 (0xbfe5)
core   0: 0x8000a4ce (0x00006f17) auipc   t5, 0x6
core   0: 3 0x8000a4ce (0x00006f17) x30 0x800104ce
core   0: 0x8000a4d2 (0xb23f2923) sw      gp, -1230(t5)
core   0: 3 0x8000a4d2 (0xb23f2923) mem 0x80010000 0x00000001
core   0: 0x8000a4d6 (0x0000bfe5) c.j     pc - 8
core   0: 3 0x8000a4d6 (0xbfe5)
core   0: 0x8000a4ce (0x00006f17) auipc   t5, 0x6
core   0: 3 0x8000a4ce (0x00006f17) x30 0x800104ce
core   0: 0x8000a4d2 (0xb23f2923) sw      gp, -1230(t5)
core   0: 3 0x8000a4d2 (0xb23f2923) mem 0x80010000 0x00000001
core   0: 0x8000a4d6 (0x0000bfe5) c.j     pc - 8
core   0: 3 0x8000a4d6 (0xbfe5)
core   0: 0x8000a4ce (0x00006f17) auipc   t5, 0x6
core   0: 3 0x8000a4ce (0x00006f17) x30 0x800104ce
core   0: 0x8000a4d2 (0xb23f2923) sw      gp, -1230(t5)
core   0: 3 0x8000a4d2 (0xb23f2923) mem 0x80010000 0x00000001
core   0: 0x8000a4d6 (0x0000bfe5) c.j     pc - 8
core   0: 3 0x8000a4d6 (0xbfe5)
core   0: 0x8000a4ce (0x00006f17) auipc   t5, 0x6
core   0: 3 0x8000a4ce (0x00006f17) x30 0x800104ce
core   0: 0x8000a4d2 (0xb23f2923) sw      gp, -1230(t5)
core   0: 3 0x8000a4d2 (0xb23f2923) mem 0x80010000 0x00000001
core   0: 0x8000a4d6 (0x0000bfe5) c.j     pc - 8
core   0: 3 0x8000a4d6 (0xbfe5)
core   0: 0x8000a4ce (0x00006f17) auipc   t5, 0x6
core   0: 3 0x8000a4ce (0x00006f17) x30 0x800104ce
core   0: 0x8000a4d2 (0xb23f2923) sw      gp, -1230(t5)
core   0: 3 0x8000a4d2 (0xb23f2923) mem 0x80010000 0x00000001
core   0: 0x8000a4d6 (0x0000bfe5) c.j     pc - 8
core   0: 3 0x8000a4d6 (0xbfe5)
core   0: 0x8000a4ce (0x00006f17) auipc   t5, 0x6
core   0: 3 0x8000a4ce (0x00006f17) x30 0x800104ce
core   0: 0x8000a4d2 (0xb23f2923) sw      gp, -1230(t5)
core   0: 3 0x8000a4d2 (0xb23f2923) mem 0x80010000 0x00000001
core   0: 0x8000a4d6 (0x0000bfe5) c.j     pc - 8
core   0: 3 0x8000a4d6 (0xbfe5)
core   0: 0x8000a4ce (0x00006f17) auipc   t5, 0x6
core   0: 3 0x8000a4ce (0x00006f17) x30 0x800104ce
core   0: 0x8000a4d2 (0xb23f2923) sw      gp, -1230(t5)
core   0: 3 0x8000a4d2 (0xb23f2923) mem 0x80010000 0x00000001
core   0: 0x8000a4d6 (0x0000bfe5) c.j     pc - 8
core   0: 3 0x8000a4d6 (0xbfe5)
core   0: 0x8000a4ce (0x00006f17) auipc   t5, 0x6
core   0: 3 0x8000a4ce (0x00006f17) x30 0x800104ce
core   0: 0x8000a4d2 (0xb23f2923) sw      gp, -1230(t5)
core   0: 3 0x8000a4d2 (0xb23f2923) mem 0x80010000 0x00000001
core   0: 0x8000a4d6 (0x0000bfe5) c.j     pc - 8
core   0: 3 0x8000a4d6 (0xbfe5)
core   0: 0x8000a4ce (0x00006f17) auipc   t5, 0x6
core   0: 3 0x8000a4ce (0x00006f17) x30 0x800104ce
core   0: 0x8000a4d2 (0xb23f2923) sw      gp, -1230(t5)
core   0: 3 0x8000a4d2 (0xb23f2923) mem 0x80010000 0x00000001
core   0: 0x8000a4d6 (0x0000bfe5) c.j     pc - 8
core   0: 3 0x8000a4d6 (0xbfe5)
core   0: 0x8000a4ce (0x00006f17) auipc   t5, 0x6
core   0: 3 0x8000a4ce (0x00006f17) x30 0x800104ce
core   0: 0x8000a4d2 (0xb23f2923) sw      gp, -1230(t5)
core   0: 3 0x8000a4d2 (0xb23f2923) mem 0x80010000 0x00000001
core   0: 0x8000a4d6 (0x0000bfe5) c.j     pc - 8
core   0: 3 0x8000a4d6 (0xbfe5)
core   0: 0x8000a4ce (0x00006f17) auipc   t5, 0x6
core   0: 3 0x8000a4ce (0x00006f17) x30 0x800104ce
core   0: 0x8000a4d2 (0xb23f2923) sw      gp, -1230(t5)
core   0: 3 0x8000a4d2 (0xb23f2923) mem 0x80010000 0x00000001
core   0: 0x8000a4d6 (0x0000bfe5) c.j     pc - 8
core   0: 3 0x8000a4d6 (0xbfe5)
core   0: 0x8000a4ce (0x00006f17) auipc   t5, 0x6
core   0: 3 0x8000a4ce (0x00006f17) x30 0x800104ce
core   0: 0x8000a4d2 (0xb23f2923) sw      gp, -1230(t5)
core   0: 3 0x8000a4d2 (0xb23f2923) mem 0x80010000 0x00000001
core   0: 0x8000a4d6 (0x0000bfe5) c.j     pc - 8
core   0: 3 0x8000a4d6 (0xbfe5)
core   0: 0x8000a4ce (0x00006f17) auipc   t5, 0x6
core   0: 3 0x8000a4ce (0x00006f17) x30 0x800104ce
core   0: 0x8000a4d2 (0xb23f2923) sw      gp, -1230(t5)
core   0: 3 0x8000a4d2 (0xb23f2923) mem 0x80010000 0x00000001
core   0: 0x8000a4d6 (0x0000bfe5) c.j     pc - 8
core   0: 3 0x8000a4d6 (0xbfe5)
core   0: 0x8000a4ce (0x00006f17) auipc   t5, 0x6
core   0: 3 0x8000a4ce (0x00006f17) x30 0x800104ce
core   0: 0x8000a4d2 (0xb23f2923) sw      gp, -1230(t5)
core   0: 3 0x8000a4d2 (0xb23f2923) mem 0x80010000 0x00000001
core   0: 0x8000a4d6 (0x0000bfe5) c.j     pc - 8
core   0: 3 0x8000a4d6 (0xbfe5)
core   0: 0x8000a4ce (0x00006f17) auipc   t5, 0x6
core   0: 3 0x8000a4ce (0x00006f17) x30 0x800104ce
core   0: 0x8000a4d2 (0xb23f2923) sw      gp, -1230(t5)
core   0: 3 0x8000a4d2 (0xb23f2923) mem 0x80010000 0x00000001
core   0: 0x8000a4d6 (0x0000bfe5) c.j     pc - 8
core   0: 3 0x8000a4d6 (0xbfe5)
core   0: 0x8000a4ce (0x00006f17) auipc   t5, 0x6
core   0: 3 0x8000a4ce (0x00006f17) x30 0x800104ce
core   0: 0x8000a4d2 (0xb23f2923) sw      gp, -1230(t5)
core   0: 3 0x8000a4d2 (0xb23f2923) mem 0x80010000 0x00000001
core   0: 0x8000a4d6 (0x0000bfe5) c.j     pc - 8
core   0: 3 0x8000a4d6 (0xbfe5)
core   0: 0x8000a4ce (0x00006f17) auipc   t5, 0x6
core   0: 3 0x8000a4ce (0x00006f17) x30 0x800104ce
core   0: 0x8000a4d2 (0xb23f2923) sw      gp, -1230(t5)
core   0: 3 0x8000a4d2 (0xb23f2923) mem 0x80010000 0x00000001
core   0: 0x8000a4d6 (0x0000bfe5) c.j     pc - 8
core   0: 3 0x8000a4d6 (0xbfe5)
core   0: 0x8000a4ce (0x00006f17) auipc   t5, 0x6
core   0: 3 0x8000a4ce (0x00006f17) x30 0x800104ce
core   0: 0x8000a4d2 (0xb23f2923) sw      gp, -1230(t5)
core   0: 3 0x8000a4d2 (0xb23f2923) mem 0x80010000 0x00000001
core   0: 0x8000a4d6 (0x0000bfe5) c.j     pc - 8
core   0: 3 0x8000a4d6 (0xbfe5)
core   0: 0x8000a4ce (0x00006f17) auipc   t5, 0x6
core   0: 3 0x8000a4ce (0x00006f17) x30 0x800104ce
core   0: 0x8000a4d2 (0xb23f2923) sw      gp, -1230(t5)
core   0: 3 0x8000a4d2 (0xb23f2923) mem 0x80010000 0x00000001
core   0: 0x8000a4d6 (0x0000bfe5) c.j     pc - 8
core   0: 3 0x8000a4d6 (0xbfe5)
core   0: 0x8000a4ce (0x00006f17) auipc   t5, 0x6
core   0: 3 0x8000a4ce (0x00006f17) x30 0x800104ce
core   0: 0x8000a4d2 (0xb23f2923) sw      gp, -1230(t5)
core   0: 3 0x8000a4d2 (0xb23f2923) mem 0x80010000 0x00000001
core   0: 0x8000a4d6 (0x0000bfe5) c.j     pc - 8
core   0: 3 0x8000a4d6 (0xbfe5)
core   0: 0x8000a4ce (0x00006f17) auipc   t5, 0x6
core   0: 3 0x8000a4ce (0x00006f17) x30 0x800104ce
core   0: 0x8000a4d2 (0xb23f2923) sw      gp, -1230(t5)
core   0: 3 0x8000a4d2 (0xb23f2923) mem 0x80010000 0x00000001
core   0: 0x8000a4d6 (0x0000bfe5) c.j     pc - 8
core   0: 3 0x8000a4d6 (0xbfe5)
core   0: 0x8000a4ce (0x00006f17) auipc   t5, 0x6
core   0: 3 0x8000a4ce (0x00006f17) x30 0x800104ce
core   0: 0x8000a4d2 (0xb23f2923) sw      gp, -1230(t5)
core   0: 3 0x8000a4d2 (0xb23f2923) mem 0x80010000 0x00000001
core   0: 0x8000a4d6 (0x0000bfe5) c.j     pc - 8
core   0: 3 0x8000a4d6 (0xbfe5)
core   0: 0x8000a4ce (0x00006f17) auipc   t5, 0x6
core   0: 3 0x8000a4ce (0x00006f17) x30 0x800104ce
core   0: 0x8000a4d2 (0xb23f2923) sw      gp, -1230(t5)
core   0: 3 0x8000a4d2 (0xb23f2923) mem 0x80010000 0x00000001
core   0: 0x8000a4d6 (0x0000bfe5) c.j     pc - 8
core   0: 3 0x8000a4d6 (0xbfe5)
core   0: 0x8000a4ce (0x00006f17) auipc   t5, 0x6
core   0: 3 0x8000a4ce (0x00006f17) x30 0x800104ce
core   0: 0x8000a4d2 (0xb23f2923) sw      gp, -1230(t5)
core   0: 3 0x8000a4d2 (0xb23f2923) mem 0x80010000 0x00000001
core   0: 0x8000a4d6 (0x0000bfe5) c.j     pc - 8
core   0: 3 0x8000a4d6 (0xbfe5)
core   0: 0x8000a4ce (0x00006f17) auipc   t5, 0x6
core   0: 3 0x8000a4ce (0x00006f17) x30 0x800104ce
core   0: 0x8000a4d2 (0xb23f2923) sw      gp, -1230(t5)
core   0: 3 0x8000a4d2 (0xb23f2923) mem 0x80010000 0x00000001
core   0: 0x8000a4d6 (0x0000bfe5) c.j     pc - 8
core   0: 3 0x8000a4d6 (0xbfe5)
core   0: 0x8000a4ce (0x00006f17) auipc   t5, 0x6
core   0: 3 0x8000a4ce (0x00006f17) x30 0x800104ce
core   0: 0x8000a4d2 (0xb23f2923) sw      gp, -1230(t5)
core   0: 3 0x8000a4d2 (0xb23f2923) mem 0x80010000 0x00000001
core   0: 0x8000a4d6 (0x0000bfe5) c.j     pc - 8
core   0: 3 0x8000a4d6 (0xbfe5)
core   0: 0x8000a4ce (0x00006f17) auipc   t5, 0x6
core   0: 3 0x8000a4ce (0x00006f17) x30 0x800104ce
core   0: 0x8000a4d2 (0xb23f2923) sw      gp, -1230(t5)
core   0: 3 0x8000a4d2 (0xb23f2923) mem 0x80010000 0x00000001
core   0: 0x8000a4d6 (0x0000bfe5) c.j     pc - 8
core   0: 3 0x8000a4d6 (0xbfe5)
core   0: 0x8000a4ce (0x00006f17) auipc   t5, 0x6
core   0: 3 0x8000a4ce (0x00006f17) x30 0x800104ce
core   0: 0x8000a4d2 (0xb23f2923) sw      gp, -1230(t5)
core   0: 3 0x8000a4d2 (0xb23f2923) mem 0x80010000 0x00000001
core   0: 0x8000a4d6 (0x0000bfe5) c.j     pc - 8
core   0: 3 0x8000a4d6 (0xbfe5)
core   0: 0x8000a4ce (0x00006f17) auipc   t5, 0x6
core   0: 3 0x8000a4ce (0x00006f17) x30 0x800104ce
core   0: 0x8000a4d2 (0xb23f2923) sw      gp, -1230(t5)
core   0: 3 0x8000a4d2 (0xb23f2923) mem 0x80010000 0x00000001
core   0: 0x8000a4d6 (0x0000bfe5) c.j     pc - 8
core   0: 3 0x8000a4d6 (0xbfe5)
core   0: 0x8000a4ce (0x00006f17) auipc   t5, 0x6
core   0: 3 0x8000a4ce (0x00006f17) x30 0x800104ce
core   0: 0x8000a4d2 (0xb23f2923) sw      gp, -1230(t5)
core   0: 3 0x8000a4d2 (0xb23f2923) mem 0x80010000 0x00000001
core   0: 0x8000a4d6 (0x0000bfe5) c.j     pc - 8
core   0: 3 0x8000a4d6 (0xbfe5)
core   0: 0x8000a4ce (0x00006f17) auipc   t5, 0x6
core   0: 3 0x8000a4ce (0x00006f17) x30 0x800104ce
core   0: 0x8000a4d2 (0xb23f2923) sw      gp, -1230(t5)
core   0: 3 0x8000a4d2 (0xb23f2923) mem 0x80010000 0x00000001
core   0: 0x8000a4d6 (0x0000bfe5) c.j     pc - 8
core   0: 3 0x8000a4d6 (0xbfe5)
core   0: 0x8000a4ce (0x00006f17) auipc   t5, 0x6
core   0: 3 0x8000a4ce (0x00006f17) x30 0x800104ce
core   0: 0x8000a4d2 (0xb23f2923) sw      gp, -1230(t5)
core   0: 3 0x8000a4d2 (0xb23f2923) mem 0x80010000 0x00000001
core   0: 0x8000a4d6 (0x0000bfe5) c.j     pc - 8
core   0: 3 0x8000a4d6 (0xbfe5)
core   0: 0x8000a4ce (0x00006f17) auipc   t5, 0x6
core   0: 3 0x8000a4ce (0x00006f17) x30 0x800104ce
core   0: 0x8000a4d2 (0xb23f2923) sw      gp, -1230(t5)
core   0: 3 0x8000a4d2 (0xb23f2923) mem 0x80010000 0x00000001
core   0: 0x8000a4d6 (0x0000bfe5) c.j     pc - 8
core   0: 3 0x8000a4d6 (0xbfe5)
core   0: 0x8000a4ce (0x00006f17) auipc   t5, 0x6
core   0: 3 0x8000a4ce (0x00006f17) x30 0x800104ce
core   0: 0x8000a4d2 (0xb23f2923) sw      gp, -1230(t5)
core   0: 3 0x8000a4d2 (0xb23f2923) mem 0x80010000 0x00000001
core   0: 0x8000a4d6 (0x0000bfe5) c.j     pc - 8
core   0: 3 0x8000a4d6 (0xbfe5)
core   0: 0x8000a4ce (0x00006f17) auipc   t5, 0x6
core   0: 3 0x8000a4ce (0x00006f17) x30 0x800104ce
core   0: 0x8000a4d2 (0xb23f2923) sw      gp, -1230(t5)
core   0: 3 0x8000a4d2 (0xb23f2923) mem 0x80010000 0x00000001
core   0: 0x8000a4d6 (0x0000bfe5) c.j     pc - 8
core   0: 3 0x8000a4d6 (0xbfe5)
core   0: 0x8000a4ce (0x00006f17) auipc   t5, 0x6
core   0: 3 0x8000a4ce (0x00006f17) x30 0x800104ce
core   0: 0x8000a4d2 (0xb23f2923) sw      gp, -1230(t5)
core   0: 3 0x8000a4d2 (0xb23f2923) mem 0x80010000 0x00000001
core   0: 0x8000a4d6 (0x0000bfe5) c.j     pc - 8
core   0: 3 0x8000a4d6 (0xbfe5)
core   0: 0x8000a4ce (0x00006f17) auipc   t5, 0x6
core   0: 3 0x8000a4ce (0x00006f17) x30 0x800104ce
core   0: 0x8000a4d2 (0xb23f2923) sw      gp, -1230(t5)
core   0: 3 0x8000a4d2 (0xb23f2923) mem 0x80010000 0x00000001
core   0: 0x8000a4d6 (0x0000bfe5) c.j     pc - 8
core   0: 3 0x8000a4d6 (0xbfe5)
core   0: 0x8000a4ce (0x00006f17) auipc   t5, 0x6
core   0: 3 0x8000a4ce (0x00006f17) x30 0x800104ce
core   0: 0x8000a4d2 (0xb23f2923) sw      gp, -1230(t5)
core   0: 3 0x8000a4d2 (0xb23f2923) mem 0x80010000 0x00000001
core   0: 0x8000a4d6 (0x0000bfe5) c.j     pc - 8
core   0: 3 0x8000a4d6 (0xbfe5)
core   0: 0x8000a4ce (0x00006f17) auipc   t5, 0x6
core   0: 3 0x8000a4ce (0x00006f17) x30 0x800104ce
core   0: 0x8000a4d2 (0xb23f2923) sw      gp, -1230(t5)
core   0: 3 0x8000a4d2 (0xb23f2923) mem 0x80010000 0x00000001
core   0: 0x8000a4d6 (0x0000bfe5) c.j     pc - 8
core   0: 3 0x8000a4d6 (0xbfe5)
core   0: 0x8000a4ce (0x00006f17) auipc   t5, 0x6
core   0: 3 0x8000a4ce (0x00006f17) x30 0x800104ce
core   0: 0x8000a4d2 (0xb23f2923) sw      gp, -1230(t5)
core   0: 3 0x8000a4d2 (0xb23f2923) mem 0x80010000 0x00000001
core   0: 0x8000a4d6 (0x0000bfe5) c.j     pc - 8
core   0: 3 0x8000a4d6 (0xbfe5)
core   0: 0x8000a4ce (0x00006f17) auipc   t5, 0x6
core   0: 3 0x8000a4ce (0x00006f17) x30 0x800104ce
core   0: 0x8000a4d2 (0xb23f2923) sw      gp, -1230(t5)
core   0: 3 0x8000a4d2 (0xb23f2923) mem 0x80010000 0x00000001
core   0: 0x8000a4d6 (0x0000bfe5) c.j     pc - 8
core   0: 3 0x8000a4d6 (0xbfe5)
core   0: 0x8000a4ce (0x00006f17) auipc   t5, 0x6
core   0: 3 0x8000a4ce (0x00006f17) x30 0x800104ce
core   0: 0x8000a4d2 (0xb23f2923) sw      gp, -1230(t5)
core   0: 3 0x8000a4d2 (0xb23f2923) mem 0x80010000 0x00000001
core   0: 0x8000a4d6 (0x0000bfe5) c.j     pc - 8
core   0: 3 0x8000a4d6 (0xbfe5)
core   0: 0x8000a4ce (0x00006f17) auipc   t5, 0x6
core   0: 3 0x8000a4ce (0x00006f17) x30 0x800104ce
core   0: 0x8000a4d2 (0xb23f2923) sw      gp, -1230(t5)
core   0: 3 0x8000a4d2 (0xb23f2923) mem 0x80010000 0x00000001
core   0: 0x8000a4d6 (0x0000bfe5) c.j     pc - 8
core   0: 3 0x8000a4d6 (0xbfe5)
core   0: 0x8000a4ce (0x00006f17) auipc   t5, 0x6
core   0: 3 0x8000a4ce (0x00006f17) x30 0x800104ce
core   0: 0x8000a4d2 (0xb23f2923) sw      gp, -1230(t5)
core   0: 3 0x8000a4d2 (0xb23f2923) mem 0x80010000 0x00000001
core   0: 0x8000a4d6 (0x0000bfe5) c.j     pc - 8
core   0: 3 0x8000a4d6 (0xbfe5)
core   0: 0x8000a4ce (0x00006f17) auipc   t5, 0x6
core   0: 3 0x8000a4ce (0x00006f17) x30 0x800104ce
core   0: 0x8000a4d2 (0xb23f2923) sw      gp, -1230(t5)
core   0: 3 0x8000a4d2 (0xb23f2923) mem 0x80010000 0x00000001
core   0: 0x8000a4d6 (0x0000bfe5) c.j     pc - 8
core   0: 3 0x8000a4d6 (0xbfe5)
core   0: 0x8000a4ce (0x00006f17) auipc   t5, 0x6
core   0: 3 0x8000a4ce (0x00006f17) x30 0x800104ce
core   0: 0x8000a4d2 (0xb23f2923) sw      gp, -1230(t5)
core   0: 3 0x8000a4d2 (0xb23f2923) mem 0x80010000 0x00000001
core   0: 0x8000a4d6 (0x0000bfe5) c.j     pc - 8
core   0: 3 0x8000a4d6 (0xbfe5)
core   0: 0x8000a4ce (0x00006f17) auipc   t5, 0x6
core   0: 3 0x8000a4ce (0x00006f17) x30 0x800104ce
core   0: 0x8000a4d2 (0xb23f2923) sw      gp, -1230(t5)
core   0: 3 0x8000a4d2 (0xb23f2923) mem 0x80010000 0x00000001
core   0: 0x8000a4d6 (0x0000bfe5) c.j     pc - 8
core   0: 3 0x8000a4d6 (0xbfe5)
core   0: 0x8000a4ce (0x00006f17) auipc   t5, 0x6
core   0: 3 0x8000a4ce (0x00006f17) x30 0x800104ce
core   0: 0x8000a4d2 (0xb23f2923) sw      gp, -1230(t5)
core   0: 3 0x8000a4d2 (0xb23f2923) mem 0x80010000 0x00000001
core   0: 0x8000a4d6 (0x0000bfe5) c.j     pc - 8
core   0: 3 0x8000a4d6 (0xbfe5)
core   0: 0x8000a4ce (0x00006f17) auipc   t5, 0x6
core   0: 3 0x8000a4ce (0x00006f17) x30 0x800104ce
core   0: 0x8000a4d2 (0xb23f2923) sw      gp, -1230(t5)
core   0: 3 0x8000a4d2 (0xb23f2923) mem 0x80010000 0x00000001
core   0: 0x8000a4d6 (0x0000bfe5) c.j     pc - 8
core   0: 3 0x8000a4d6 (0xbfe5)
core   0: 0x8000a4ce (0x00006f17) auipc   t5, 0x6
core   0: 3 0x8000a4ce (0x00006f17) x30 0x800104ce
core   0: 0x8000a4d2 (0xb23f2923) sw      gp, -1230(t5)
core   0: 3 0x8000a4d2 (0xb23f2923) mem 0x80010000 0x00000001
core   0: 0x8000a4d6 (0x0000bfe5) c.j     pc - 8
core   0: 3 0x8000a4d6 (0xbfe5)
core   0: 0x8000a4ce (0x00006f17) auipc   t5, 0x6
core   0: 3 0x8000a4ce (0x00006f17) x30 0x800104ce
core   0: 0x8000a4d2 (0xb23f2923) sw      gp, -1230(t5)
core   0: 3 0x8000a4d2 (0xb23f2923) mem 0x80010000 0x00000001
core   0: 0x8000a4d6 (0x0000bfe5) c.j     pc - 8
core   0: 3 0x8000a4d6 (0xbfe5)
core   0: 0x8000a4ce (0x00006f17) auipc   t5, 0x6
core   0: 3 0x8000a4ce (0x00006f17) x30 0x800104ce
core   0: 0x8000a4d2 (0xb23f2923) sw      gp, -1230(t5)
core   0: 3 0x8000a4d2 (0xb23f2923) mem 0x80010000 0x00000001
core   0: 0x8000a4d6 (0x0000bfe5) c.j     pc - 8
core   0: 3 0x8000a4d6 (0xbfe5)
core   0: 0x8000a4ce (0x00006f17) auipc   t5, 0x6
core   0: 3 0x8000a4ce (0x00006f17) x30 0x800104ce
core   0: 0x8000a4d2 (0xb23f2923) sw      gp, -1230(t5)
core   0: 3 0x8000a4d2 (0xb23f2923) mem 0x80010000 0x00000001
core   0: 0x8000a4d6 (0x0000bfe5) c.j     pc - 8
core   0: 3 0x8000a4d6 (0xbfe5)
core   0: 0x8000a4ce (0x00006f17) auipc   t5, 0x6
core   0: 3 0x8000a4ce (0x00006f17) x30 0x800104ce
core   0: 0x8000a4d2 (0xb23f2923) sw      gp, -1230(t5)
core   0: 3 0x8000a4d2 (0xb23f2923) mem 0x80010000 0x00000001
core   0: 0x8000a4d6 (0x0000bfe5) c.j     pc - 8
core   0: 3 0x8000a4d6 (0xbfe5)
core   0: 0x8000a4ce (0x00006f17) auipc   t5, 0x6
core   0: 3 0x8000a4ce (0x00006f17) x30 0x800104ce
core   0: 0x8000a4d2 (0xb23f2923) sw      gp, -1230(t5)
core   0: 3 0x8000a4d2 (0xb23f2923) mem 0x80010000 0x00000001
core   0: 0x8000a4d6 (0x0000bfe5) c.j     pc - 8
core   0: 3 0x8000a4d6 (0xbfe5)
core   0: 0x8000a4ce (0x00006f17) auipc   t5, 0x6
core   0: 3 0x8000a4ce (0x00006f17) x30 0x800104ce
core   0: 0x8000a4d2 (0xb23f2923) sw      gp, -1230(t5)
core   0: 3 0x8000a4d2 (0xb23f2923) mem 0x80010000 0x00000001
core   0: 0x8000a4d6 (0x0000bfe5) c.j     pc - 8
core   0: 3 0x8000a4d6 (0xbfe5)
core   0: 0x8000a4ce (0x00006f17) auipc   t5, 0x6
core   0: 3 0x8000a4ce (0x00006f17) x30 0x800104ce
core   0: 0x8000a4d2 (0xb23f2923) sw      gp, -1230(t5)
core   0: 3 0x8000a4d2 (0xb23f2923) mem 0x80010000 0x00000001
core   0: 0x8000a4d6 (0x0000bfe5) c.j     pc - 8
core   0: 3 0x8000a4d6 (0xbfe5)
core   0: 0x8000a4ce (0x00006f17) auipc   t5, 0x6
core   0: 3 0x8000a4ce (0x00006f17) x30 0x800104ce
core   0: 0x8000a4d2 (0xb23f2923) sw      gp, -1230(t5)
core   0: 3 0x8000a4d2 (0xb23f2923) mem 0x80010000 0x00000001
core   0: 0x8000a4d6 (0x0000bfe5) c.j     pc - 8
core   0: 3 0x8000a4d6 (0xbfe5)
core   0: 0x8000a4ce (0x00006f17) auipc   t5, 0x6
core   0: 3 0x8000a4ce (0x00006f17) x30 0x800104ce
core   0: 0x8000a4d2 (0xb23f2923) sw      gp, -1230(t5)
core   0: 3 0x8000a4d2 (0xb23f2923) mem 0x80010000 0x00000001
core   0: 0x8000a4d6 (0x0000bfe5) c.j     pc - 8
core   0: 3 0x8000a4d6 (0xbfe5)
core   0: 0x8000a4ce (0x00006f17) auipc   t5, 0x6
core   0: 3 0x8000a4ce (0x00006f17) x30 0x800104ce
core   0: 0x8000a4d2 (0xb23f2923) sw      gp, -1230(t5)
core   0: 3 0x8000a4d2 (0xb23f2923) mem 0x80010000 0x00000001
core   0: 0x8000a4d6 (0x0000bfe5) c.j     pc - 8
core   0: 3 0x8000a4d6 (0xbfe5)
core   0: 0x8000a4ce (0x00006f17) auipc   t5, 0x6
core   0: 3 0x8000a4ce (0x00006f17) x30 0x800104ce
core   0: 0x8000a4d2 (0xb23f2923) sw      gp, -1230(t5)
core   0: 3 0x8000a4d2 (0xb23f2923) mem 0x80010000 0x00000001
core   0: 0x8000a4d6 (0x0000bfe5) c.j     pc - 8
core   0: 3 0x8000a4d6 (0xbfe5)
core   0: 0x8000a4ce (0x00006f17) auipc   t5, 0x6
core   0: 3 0x8000a4ce (0x00006f17) x30 0x800104ce
core   0: 0x8000a4d2 (0xb23f2923) sw      gp, -1230(t5)
core   0: 3 0x8000a4d2 (0xb23f2923) mem 0x80010000 0x00000001
core   0: 0x8000a4d6 (0x0000bfe5) c.j     pc - 8
core   0: 3 0x8000a4d6 (0xbfe5)
core   0: 0x8000a4ce (0x00006f17) auipc   t5, 0x6
core   0: 3 0x8000a4ce (0x00006f17) x30 0x800104ce
core   0: 0x8000a4d2 (0xb23f2923) sw      gp, -1230(t5)
core   0: 3 0x8000a4d2 (0xb23f2923) mem 0x80010000 0x00000001
core   0: 0x8000a4d6 (0x0000bfe5) c.j     pc - 8
core   0: 3 0x8000a4d6 (0xbfe5)
core   0: 0x8000a4ce (0x00006f17) auipc   t5, 0x6
core   0: 3 0x8000a4ce (0x00006f17) x30 0x800104ce
core   0: 0x8000a4d2 (0xb23f2923) sw      gp, -1230(t5)
core   0: 3 0x8000a4d2 (0xb23f2923) mem 0x80010000 0x00000001
core   0: 0x8000a4d6 (0x0000bfe5) c.j     pc - 8
core   0: 3 0x8000a4d6 (0xbfe5)
core   0: 0x8000a4ce (0x00006f17) auipc   t5, 0x6
core   0: 3 0x8000a4ce (0x00006f17) x30 0x800104ce
core   0: 0x8000a4d2 (0xb23f2923) sw      gp, -1230(t5)
core   0: 3 0x8000a4d2 (0xb23f2923) mem 0x80010000 0x00000001
core   0: 0x8000a4d6 (0x0000bfe5) c.j     pc - 8
core   0: 3 0x8000a4d6 (0xbfe5)
core   0: 0x8000a4ce (0x00006f17) auipc   t5, 0x6
core   0: 3 0x8000a4ce (0x00006f17) x30 0x800104ce
core   0: 0x8000a4d2 (0xb23f2923) sw      gp, -1230(t5)
core   0: 3 0x8000a4d2 (0xb23f2923) mem 0x80010000 0x00000001
core   0: 0x8000a4d6 (0x0000bfe5) c.j     pc - 8
core   0: 3 0x8000a4d6 (0xbfe5)
core   0: 0x8000a4ce (0x00006f17) auipc   t5, 0x6
core   0: 3 0x8000a4ce (0x00006f17) x30 0x800104ce
core   0: 0x8000a4d2 (0xb23f2923) sw      gp, -1230(t5)
core   0: 3 0x8000a4d2 (0xb23f2923) mem 0x80010000 0x00000001
core   0: 0x8000a4d6 (0x0000bfe5) c.j     pc - 8
core   0: 3 0x8000a4d6 (0xbfe5)
core   0: 0x8000a4ce (0x00006f17) auipc   t5, 0x6
core   0: 3 0x8000a4ce (0x00006f17) x30 0x800104ce
core   0: 0x8000a4d2 (0xb23f2923) sw      gp, -1230(t5)
core   0: 3 0x8000a4d2 (0xb23f2923) mem 0x80010000 0x00000001
core   0: 0x8000a4d6 (0x0000bfe5) c.j     pc - 8
core   0: 3 0x8000a4d6 (0xbfe5)
core   0: 0x8000a4ce (0x00006f17) auipc   t5, 0x6
core   0: 3 0x8000a4ce (0x00006f17) x30 0x800104ce
core   0: 0x8000a4d2 (0xb23f2923) sw      gp, -1230(t5)
core   0: 3 0x8000a4d2 (0xb23f2923) mem 0x80010000 0x00000001
core   0: 0x8000a4d6 (0x0000bfe5) c.j     pc - 8
core   0: 3 0x8000a4d6 (0xbfe5)
core   0: 0x8000a4ce (0x00006f17) auipc   t5, 0x6
core   0: 3 0x8000a4ce (0x00006f17) x30 0x800104ce
core   0: 0x8000a4d2 (0xb23f2923) sw      gp, -1230(t5)
core   0: 3 0x8000a4d2 (0xb23f2923) mem 0x80010000 0x00000001
core   0: 0x8000a4d6 (0x0000bfe5) c.j     pc - 8
core   0: 3 0x8000a4d6 (0xbfe5)
core   0: 0x8000a4ce (0x00006f17) auipc   t5, 0x6
core   0: 3 0x8000a4ce (0x00006f17) x30 0x800104ce
core   0: 0x8000a4d2 (0xb23f2923) sw      gp, -1230(t5)
core   0: 3 0x8000a4d2 (0xb23f2923) mem 0x80010000 0x00000001
core   0: 0x8000a4d6 (0x0000bfe5) c.j     pc - 8
core   0: 3 0x8000a4d6 (0xbfe5)
core   0: 0x8000a4ce (0x00006f17) auipc   t5, 0x6
core   0: 3 0x8000a4ce (0x00006f17) x30 0x800104ce
core   0: 0x8000a4d2 (0xb23f2923) sw      gp, -1230(t5)
core   0: 3 0x8000a4d2 (0xb23f2923) mem 0x80010000 0x00000001
core   0: 0x8000a4d6 (0x0000bfe5) c.j     pc - 8
core   0: 3 0x8000a4d6 (0xbfe5)
core   0: 0x8000a4ce (0x00006f17) auipc   t5, 0x6
core   0: 3 0x8000a4ce (0x00006f17) x30 0x800104ce
core   0: 0x8000a4d2 (0xb23f2923) sw      gp, -1230(t5)
core   0: 3 0x8000a4d2 (0xb23f2923) mem 0x80010000 0x00000001
core   0: 0x8000a4d6 (0x0000bfe5) c.j     pc - 8
core   0: 3 0x8000a4d6 (0xbfe5)
core   0: 0x8000a4ce (0x00006f17) auipc   t5, 0x6
core   0: 3 0x8000a4ce (0x00006f17) x30 0x800104ce
core   0: 0x8000a4d2 (0xb23f2923) sw      gp, -1230(t5)
core   0: 3 0x8000a4d2 (0xb23f2923) mem 0x80010000 0x00000001
core   0: 0x8000a4d6 (0x0000bfe5) c.j     pc - 8
core   0: 3 0x8000a4d6 (0xbfe5)
core   0: 0x8000a4ce (0x00006f17) auipc   t5, 0x6
core   0: 3 0x8000a4ce (0x00006f17) x30 0x800104ce
core   0: 0x8000a4d2 (0xb23f2923) sw      gp, -1230(t5)
core   0: 3 0x8000a4d2 (0xb23f2923) mem 0x80010000 0x00000001
core   0: 0x8000a4d6 (0x0000bfe5) c.j     pc - 8
core   0: 3 0x8000a4d6 (0xbfe5)
core   0: 0x8000a4ce (0x00006f17) auipc   t5, 0x6
core   0: 3 0x8000a4ce (0x00006f17) x30 0x800104ce
core   0: 0x8000a4d2 (0xb23f2923) sw      gp, -1230(t5)
core   0: 3 0x8000a4d2 (0xb23f2923) mem 0x80010000 0x00000001
core   0: 0x8000a4d6 (0x0000bfe5) c.j     pc - 8
core   0: 3 0x8000a4d6 (0xbfe5)
core   0: 0x8000a4ce (0x00006f17) auipc   t5, 0x6
core   0: 3 0x8000a4ce (0x00006f17) x30 0x800104ce
core   0: 0x8000a4d2 (0xb23f2923) sw      gp, -1230(t5)
core   0: 3 0x8000a4d2 (0xb23f2923) mem 0x80010000 0x00000001
core   0: 0x8000a4d6 (0x0000bfe5) c.j     pc - 8
core   0: 3 0x8000a4d6 (0xbfe5)
core   0: 0x8000a4ce (0x00006f17) auipc   t5, 0x6
core   0: 3 0x8000a4ce (0x00006f17) x30 0x800104ce
core   0: 0x8000a4d2 (0xb23f2923) sw      gp, -1230(t5)
core   0: 3 0x8000a4d2 (0xb23f2923) mem 0x80010000 0x00000001
core   0: 0x8000a4d6 (0x0000bfe5) c.j     pc - 8
core   0: 3 0x8000a4d6 (0xbfe5)
core   0: 0x8000a4ce (0x00006f17) auipc   t5, 0x6
core   0: 3 0x8000a4ce (0x00006f17) x30 0x800104ce
core   0: 0x8000a4d2 (0xb23f2923) sw      gp, -1230(t5)
core   0: 3 0x8000a4d2 (0xb23f2923) mem 0x80010000 0x00000001
core   0: 0x8000a4d6 (0x0000bfe5) c.j     pc - 8
core   0: 3 0x8000a4d6 (0xbfe5)
core   0: 0x8000a4ce (0x00006f17) auipc   t5, 0x6
core   0: 3 0x8000a4ce (0x00006f17) x30 0x800104ce
core   0: 0x8000a4d2 (0xb23f2923) sw      gp, -1230(t5)
core   0: 3 0x8000a4d2 (0xb23f2923) mem 0x80010000 0x00000001
core   0: 0x8000a4d6 (0x0000bfe5) c.j     pc - 8
core   0: 3 0x8000a4d6 (0xbfe5)
core   0: 0x8000a4ce (0x00006f17) auipc   t5, 0x6
core   0: 3 0x8000a4ce (0x00006f17) x30 0x800104ce
core   0: 0x8000a4d2 (0xb23f2923) sw      gp, -1230(t5)
core   0: 3 0x8000a4d2 (0xb23f2923) mem 0x80010000 0x00000001
core   0: 0x8000a4d6 (0x0000bfe5) c.j     pc - 8
core   0: 3 0x8000a4d6 (0xbfe5)
core   0: 0x8000a4ce (0x00006f17) auipc   t5, 0x6
core   0: 3 0x8000a4ce (0x00006f17) x30 0x800104ce
core   0: 0x8000a4d2 (0xb23f2923) sw      gp, -1230(t5)
core   0: 3 0x8000a4d2 (0xb23f2923) mem 0x80010000 0x00000001
core   0: 0x8000a4d6 (0x0000bfe5) c.j     pc - 8
core   0: 3 0x8000a4d6 (0xbfe5)
core   0: 0x8000a4ce (0x00006f17) auipc   t5, 0x6
core   0: 3 0x8000a4ce (0x00006f17) x30 0x800104ce
core   0: 0x8000a4d2 (0xb23f2923) sw      gp, -1230(t5)
core   0: 3 0x8000a4d2 (0xb23f2923) mem 0x80010000 0x00000001
core   0: 0x8000a4d6 (0x0000bfe5) c.j     pc - 8
core   0: 3 0x8000a4d6 (0xbfe5)
core   0: 0x8000a4ce (0x00006f17) auipc   t5, 0x6
core   0: 3 0x8000a4ce (0x00006f17) x30 0x800104ce
core   0: 0x8000a4d2 (0xb23f2923) sw      gp, -1230(t5)
core   0: 3 0x8000a4d2 (0xb23f2923) mem 0x80010000 0x00000001
core   0: 0x8000a4d6 (0x0000bfe5) c.j     pc - 8
core   0: 3 0x8000a4d6 (0xbfe5)
core   0: 0x8000a4ce (0x00006f17) auipc   t5, 0x6
core   0: 3 0x8000a4ce (0x00006f17) x30 0x800104ce
core   0: 0x8000a4d2 (0xb23f2923) sw      gp, -1230(t5)
core   0: 3 0x8000a4d2 (0xb23f2923) mem 0x80010000 0x00000001
core   0: 0x8000a4d6 (0x0000bfe5) c.j     pc - 8
core   0: 3 0x8000a4d6 (0xbfe5)
core   0: 0x8000a4ce (0x00006f17) auipc   t5, 0x6
core   0: 3 0x8000a4ce (0x00006f17) x30 0x800104ce
core   0: 0x8000a4d2 (0xb23f2923) sw      gp, -1230(t5)
core   0: 3 0x8000a4d2 (0xb23f2923) mem 0x80010000 0x00000001
core   0: 0x8000a4d6 (0x0000bfe5) c.j     pc - 8
core   0: 3 0x8000a4d6 (0xbfe5)
core   0: 0x8000a4ce (0x00006f17) auipc   t5, 0x6
core   0: 3 0x8000a4ce (0x00006f17) x30 0x800104ce
core   0: 0x8000a4d2 (0xb23f2923) sw      gp, -1230(t5)
core   0: 3 0x8000a4d2 (0xb23f2923) mem 0x80010000 0x00000001
core   0: 0x8000a4d6 (0x0000bfe5) c.j     pc - 8
core   0: 3 0x8000a4d6 (0xbfe5)
core   0: 0x8000a4ce (0x00006f17) auipc   t5, 0x6
core   0: 3 0x8000a4ce (0x00006f17) x30 0x800104ce
core   0: 0x8000a4d2 (0xb23f2923) sw      gp, -1230(t5)
core   0: 3 0x8000a4d2 (0xb23f2923) mem 0x80010000 0x00000001
core   0: 0x8000a4d6 (0x0000bfe5) c.j     pc - 8
core   0: 3 0x8000a4d6 (0xbfe5)
core   0: 0x8000a4ce (0x00006f17) auipc   t5, 0x6
core   0: 3 0x8000a4ce (0x00006f17) x30 0x800104ce
core   0: 0x8000a4d2 (0xb23f2923) sw      gp, -1230(t5)
core   0: 3 0x8000a4d2 (0xb23f2923) mem 0x80010000 0x00000001
core   0: 0x8000a4d6 (0x0000bfe5) c.j     pc - 8
core   0: 3 0x8000a4d6 (0xbfe5)
core   0: 0x8000a4ce (0x00006f17) auipc   t5, 0x6
core   0: 3 0x8000a4ce (0x00006f17) x30 0x800104ce
core   0: 0x8000a4d2 (0xb23f2923) sw      gp, -1230(t5)
core   0: 3 0x8000a4d2 (0xb23f2923) mem 0x80010000 0x00000001
core   0: 0x8000a4d6 (0x0000bfe5) c.j     pc - 8
core   0: 3 0x8000a4d6 (0xbfe5)
core   0: 0x8000a4ce (0x00006f17) auipc   t5, 0x6
core   0: 3 0x8000a4ce (0x00006f17) x30 0x800104ce
core   0: 0x8000a4d2 (0xb23f2923) sw      gp, -1230(t5)
core   0: 3 0x8000a4d2 (0xb23f2923) mem 0x80010000 0x00000001
core   0: 0x8000a4d6 (0x0000bfe5) c.j     pc - 8
core   0: 3 0x8000a4d6 (0xbfe5)
core   0: 0x8000a4ce (0x00006f17) auipc   t5, 0x6
core   0: 3 0x8000a4ce (0x00006f17) x30 0x800104ce
core   0: 0x8000a4d2 (0xb23f2923) sw      gp, -1230(t5)
core   0: 3 0x8000a4d2 (0xb23f2923) mem 0x80010000 0x00000001
core   0: 0x8000a4d6 (0x0000bfe5) c.j     pc - 8
core   0: 3 0x8000a4d6 (0xbfe5)
core   0: 0x8000a4ce (0x00006f17) auipc   t5, 0x6
core   0: 3 0x8000a4ce (0x00006f17) x30 0x800104ce
core   0: 0x8000a4d2 (0xb23f2923) sw      gp, -1230(t5)
core   0: 3 0x8000a4d2 (0xb23f2923) mem 0x80010000 0x00000001
core   0: 0x8000a4d6 (0x0000bfe5) c.j     pc - 8
core   0: 3 0x8000a4d6 (0xbfe5)
core   0: 0x8000a4ce (0x00006f17) auipc   t5, 0x6
core   0: 3 0x8000a4ce (0x00006f17) x30 0x800104ce
core   0: 0x8000a4d2 (0xb23f2923) sw      gp, -1230(t5)
core   0: 3 0x8000a4d2 (0xb23f2923) mem 0x80010000 0x00000001
core   0: 0x8000a4d6 (0x0000bfe5) c.j     pc - 8
core   0: 3 0x8000a4d6 (0xbfe5)
core   0: 0x8000a4ce (0x00006f17) auipc   t5, 0x6
core   0: 3 0x8000a4ce (0x00006f17) x30 0x800104ce
core   0: 0x8000a4d2 (0xb23f2923) sw      gp, -1230(t5)
core   0: 3 0x8000a4d2 (0xb23f2923) mem 0x80010000 0x00000001
core   0: 0x8000a4d6 (0x0000bfe5) c.j     pc - 8
core   0: 3 0x8000a4d6 (0xbfe5)
core   0: 0x8000a4ce (0x00006f17) auipc   t5, 0x6
core   0: 3 0x8000a4ce (0x00006f17) x30 0x800104ce
core   0: 0x8000a4d2 (0xb23f2923) sw      gp, -1230(t5)
core   0: 3 0x8000a4d2 (0xb23f2923) mem 0x80010000 0x00000001
core   0: 0x8000a4d6 (0x0000bfe5) c.j     pc - 8
core   0: 3 0x8000a4d6 (0xbfe5)
core   0: 0x8000a4ce (0x00006f17) auipc   t5, 0x6
core   0: 3 0x8000a4ce (0x00006f17) x30 0x800104ce
core   0: 0x8000a4d2 (0xb23f2923) sw      gp, -1230(t5)
core   0: 3 0x8000a4d2 (0xb23f2923) mem 0x80010000 0x00000001
core   0: 0x8000a4d6 (0x0000bfe5) c.j     pc - 8
core   0: 3 0x8000a4d6 (0xbfe5)
core   0: 0x8000a4ce (0x00006f17) auipc   t5, 0x6
core   0: 3 0x8000a4ce (0x00006f17) x30 0x800104ce
core   0: 0x8000a4d2 (0xb23f2923) sw      gp, -1230(t5)
core   0: 3 0x8000a4d2 (0xb23f2923) mem 0x80010000 0x00000001
core   0: 0x8000a4d6 (0x0000bfe5) c.j     pc - 8
core   0: 3 0x8000a4d6 (0xbfe5)
core   0: 0x8000a4ce (0x00006f17) auipc   t5, 0x6
core   0: 3 0x8000a4ce (0x00006f17) x30 0x800104ce
core   0: 0x8000a4d2 (0xb23f2923) sw      gp, -1230(t5)
core   0: 3 0x8000a4d2 (0xb23f2923) mem 0x80010000 0x00000001
core   0: 0x8000a4d6 (0x0000bfe5) c.j     pc - 8
core   0: 3 0x8000a4d6 (0xbfe5)
core   0: 0x8000a4ce (0x00006f17) auipc   t5, 0x6
core   0: 3 0x8000a4ce (0x00006f17) x30 0x800104ce
core   0: 0x8000a4d2 (0xb23f2923) sw      gp, -1230(t5)
core   0: 3 0x8000a4d2 (0xb23f2923) mem 0x80010000 0x00000001
core   0: 0x8000a4d6 (0x0000bfe5) c.j     pc - 8
core   0: 3 0x8000a4d6 (0xbfe5)
core   0: 0x8000a4ce (0x00006f17) auipc   t5, 0x6
core   0: 3 0x8000a4ce (0x00006f17) x30 0x800104ce
core   0: 0x8000a4d2 (0xb23f2923) sw      gp, -1230(t5)
core   0: 3 0x8000a4d2 (0xb23f2923) mem 0x80010000 0x00000001
core   0: 0x8000a4d6 (0x0000bfe5) c.j     pc - 8
core   0: 3 0x8000a4d6 (0xbfe5)
core   0: 0x8000a4ce (0x00006f17) auipc   t5, 0x6
core   0: 3 0x8000a4ce (0x00006f17) x30 0x800104ce
core   0: 0x8000a4d2 (0xb23f2923) sw      gp, -1230(t5)
core   0: 3 0x8000a4d2 (0xb23f2923) mem 0x80010000 0x00000001
core   0: 0x8000a4d6 (0x0000bfe5) c.j     pc - 8
core   0: 3 0x8000a4d6 (0xbfe5)
core   0: 0x8000a4ce (0x00006f17) auipc   t5, 0x6
core   0: 3 0x8000a4ce (0x00006f17) x30 0x800104ce
core   0: 0x8000a4d2 (0xb23f2923) sw      gp, -1230(t5)
core   0: 3 0x8000a4d2 (0xb23f2923) mem 0x80010000 0x00000001
core   0: 0x8000a4d6 (0x0000bfe5) c.j     pc - 8
core   0: 3 0x8000a4d6 (0xbfe5)
core   0: 0x8000a4ce (0x00006f17) auipc   t5, 0x6
core   0: 3 0x8000a4ce (0x00006f17) x30 0x800104ce
core   0: 0x8000a4d2 (0xb23f2923) sw      gp, -1230(t5)
core   0: 3 0x8000a4d2 (0xb23f2923) mem 0x80010000 0x00000001
core   0: 0x8000a4d6 (0x0000bfe5) c.j     pc - 8
core   0: 3 0x8000a4d6 (0xbfe5)
core   0: 0x8000a4ce (0x00006f17) auipc   t5, 0x6
core   0: 3 0x8000a4ce (0x00006f17) x30 0x800104ce
core   0: 0x8000a4d2 (0xb23f2923) sw      gp, -1230(t5)
core   0: 3 0x8000a4d2 (0xb23f2923) mem 0x80010000 0x00000001
core   0: 0x8000a4d6 (0x0000bfe5) c.j     pc - 8
core   0: 3 0x8000a4d6 (0xbfe5)
core   0: 0x8000a4ce (0x00006f17) auipc   t5, 0x6
core   0: 3 0x8000a4ce (0x00006f17) x30 0x800104ce
core   0: 0x8000a4d2 (0xb23f2923) sw      gp, -1230(t5)
core   0: 3 0x8000a4d2 (0xb23f2923) mem 0x80010000 0x00000001
core   0: 0x8000a4d6 (0x0000bfe5) c.j     pc - 8
core   0: 3 0x8000a4d6 (0xbfe5)
core   0: 0x8000a4ce (0x00006f17) auipc   t5, 0x6
core   0: 3 0x8000a4ce (0x00006f17) x30 0x800104ce
core   0: 0x8000a4d2 (0xb23f2923) sw      gp, -1230(t5)
core   0: 3 0x8000a4d2 (0xb23f2923) mem 0x80010000 0x00000001
core   0: 0x8000a4d6 (0x0000bfe5) c.j     pc - 8
core   0: 3 0x8000a4d6 (0xbfe5)
core   0: 0x8000a4ce (0x00006f17) auipc   t5, 0x6
core   0: 3 0x8000a4ce (0x00006f17) x30 0x800104ce
core   0: 0x8000a4d2 (0xb23f2923) sw      gp, -1230(t5)
core   0: 3 0x8000a4d2 (0xb23f2923) mem 0x80010000 0x00000001
core   0: 0x8000a4d6 (0x0000bfe5) c.j     pc - 8
core   0: 3 0x8000a4d6 (0xbfe5)
core   0: 0x8000a4ce (0x00006f17) auipc   t5, 0x6
core   0: 3 0x8000a4ce (0x00006f17) x30 0x800104ce
core   0: 0x8000a4d2 (0xb23f2923) sw      gp, -1230(t5)
core   0: 3 0x8000a4d2 (0xb23f2923) mem 0x80010000 0x00000001
core   0: 0x8000a4d6 (0x0000bfe5) c.j     pc - 8
core   0: 3 0x8000a4d6 (0xbfe5)
core   0: 0x8000a4ce (0x00006f17) auipc   t5, 0x6
core   0: 3 0x8000a4ce (0x00006f17) x30 0x800104ce
core   0: 0x8000a4d2 (0xb23f2923) sw      gp, -1230(t5)
core   0: 3 0x8000a4d2 (0xb23f2923) mem 0x80010000 0x00000001
core   0: 0x8000a4d6 (0x0000bfe5) c.j     pc - 8
core   0: 3 0x8000a4d6 (0xbfe5)
core   0: 0x8000a4ce (0x00006f17) auipc   t5, 0x6
core   0: 3 0x8000a4ce (0x00006f17) x30 0x800104ce
core   0: 0x8000a4d2 (0xb23f2923) sw      gp, -1230(t5)
core   0: 3 0x8000a4d2 (0xb23f2923) mem 0x80010000 0x00000001
core   0: 0x8000a4d6 (0x0000bfe5) c.j     pc - 8
core   0: 3 0x8000a4d6 (0xbfe5)
core   0: 0x8000a4ce (0x00006f17) auipc   t5, 0x6
core   0: 3 0x8000a4ce (0x00006f17) x30 0x800104ce
core   0: 0x8000a4d2 (0xb23f2923) sw      gp, -1230(t5)
core   0: 3 0x8000a4d2 (0xb23f2923) mem 0x80010000 0x00000001
core   0: 0x8000a4d6 (0x0000bfe5) c.j     pc - 8
core   0: 3 0x8000a4d6 (0xbfe5)
core   0: 0x8000a4ce (0x00006f17) auipc   t5, 0x6
core   0: 3 0x8000a4ce (0x00006f17) x30 0x800104ce
core   0: 0x8000a4d2 (0xb23f2923) sw      gp, -1230(t5)
core   0: 3 0x8000a4d2 (0xb23f2923) mem 0x80010000 0x00000001
core   0: 0x8000a4d6 (0x0000bfe5) c.j     pc - 8
core   0: 3 0x8000a4d6 (0xbfe5)
core   0: 0x8000a4ce (0x00006f17) auipc   t5, 0x6
core   0: 3 0x8000a4ce (0x00006f17) x30 0x800104ce
core   0: 0x8000a4d2 (0xb23f2923) sw      gp, -1230(t5)
core   0: 3 0x8000a4d2 (0xb23f2923) mem 0x80010000 0x00000001
core   0: 0x8000a4d6 (0x0000bfe5) c.j     pc - 8
core   0: 3 0x8000a4d6 (0xbfe5)
core   0: 0x8000a4ce (0x00006f17) auipc   t5, 0x6
core   0: 3 0x8000a4ce (0x00006f17) x30 0x800104ce
core   0: 0x8000a4d2 (0xb23f2923) sw      gp, -1230(t5)
core   0: 3 0x8000a4d2 (0xb23f2923) mem 0x80010000 0x00000001
core   0: 0x8000a4d6 (0x0000bfe5) c.j     pc - 8
core   0: 3 0x8000a4d6 (0xbfe5)
core   0: 0x8000a4ce (0x00006f17) auipc   t5, 0x6
core   0: 3 0x8000a4ce (0x00006f17) x30 0x800104ce
core   0: 0x8000a4d2 (0xb23f2923) sw      gp, -1230(t5)
core   0: 3 0x8000a4d2 (0xb23f2923) mem 0x80010000 0x00000001
core   0: 0x8000a4d6 (0x0000bfe5) c.j     pc - 8
core   0: 3 0x8000a4d6 (0xbfe5)
core   0: 0x8000a4ce (0x00006f17) auipc   t5, 0x6
core   0: 3 0x8000a4ce (0x00006f17) x30 0x800104ce
core   0: 0x8000a4d2 (0xb23f2923) sw      gp, -1230(t5)
core   0: 3 0x8000a4d2 (0xb23f2923) mem 0x80010000 0x00000001
core   0: 0x8000a4d6 (0x0000bfe5) c.j     pc - 8
core   0: 3 0x8000a4d6 (0xbfe5)
core   0: 0x8000a4ce (0x00006f17) auipc   t5, 0x6
core   0: 3 0x8000a4ce (0x00006f17) x30 0x800104ce
core   0: 0x8000a4d2 (0xb23f2923) sw      gp, -1230(t5)
core   0: 3 0x8000a4d2 (0xb23f2923) mem 0x80010000 0x00000001
core   0: 0x8000a4d6 (0x0000bfe5) c.j     pc - 8
core   0: 3 0x8000a4d6 (0xbfe5)
core   0: 0x8000a4ce (0x00006f17) auipc   t5, 0x6
core   0: 3 0x8000a4ce (0x00006f17) x30 0x800104ce
core   0: 0x8000a4d2 (0xb23f2923) sw      gp, -1230(t5)
core   0: 3 0x8000a4d2 (0xb23f2923) mem 0x80010000 0x00000001
core   0: 0x8000a4d6 (0x0000bfe5) c.j     pc - 8
core   0: 3 0x8000a4d6 (0xbfe5)
core   0: 0x8000a4ce (0x00006f17) auipc   t5, 0x6
core   0: 3 0x8000a4ce (0x00006f17) x30 0x800104ce
core   0: 0x8000a4d2 (0xb23f2923) sw      gp, -1230(t5)
core   0: 3 0x8000a4d2 (0xb23f2923) mem 0x80010000 0x00000001
core   0: 0x8000a4d6 (0x0000bfe5) c.j     pc - 8
core   0: 3 0x8000a4d6 (0xbfe5)
core   0: 0x8000a4ce (0x00006f17) auipc   t5, 0x6
core   0: 3 0x8000a4ce (0x00006f17) x30 0x800104ce
core   0: 0x8000a4d2 (0xb23f2923) sw      gp, -1230(t5)
core   0: 3 0x8000a4d2 (0xb23f2923) mem 0x80010000 0x00000001
core   0: 0x8000a4d6 (0x0000bfe5) c.j     pc - 8
core   0: 3 0x8000a4d6 (0xbfe5)
core   0: 0x8000a4ce (0x00006f17) auipc   t5, 0x6
core   0: 3 0x8000a4ce (0x00006f17) x30 0x800104ce
core   0: 0x8000a4d2 (0xb23f2923) sw      gp, -1230(t5)
core   0: 3 0x8000a4d2 (0xb23f2923) mem 0x80010000 0x00000001
core   0: 0x8000a4d6 (0x0000bfe5) c.j     pc - 8
core   0: 3 0x8000a4d6 (0xbfe5)
core   0: 0x8000a4ce (0x00006f17) auipc   t5, 0x6
core   0: 3 0x8000a4ce (0x00006f17) x30 0x800104ce
core   0: 0x8000a4d2 (0xb23f2923) sw      gp, -1230(t5)
core   0: 3 0x8000a4d2 (0xb23f2923) mem 0x80010000 0x00000001
core   0: 0x8000a4d6 (0x0000bfe5) c.j     pc - 8
core   0: 3 0x8000a4d6 (0xbfe5)
core   0: 0x8000a4ce (0x00006f17) auipc   t5, 0x6
core   0: 3 0x8000a4ce (0x00006f17) x30 0x800104ce
core   0: 0x8000a4d2 (0xb23f2923) sw      gp, -1230(t5)
core   0: 3 0x8000a4d2 (0xb23f2923) mem 0x80010000 0x00000001
core   0: 0x8000a4d6 (0x0000bfe5) c.j     pc - 8
core   0: 3 0x8000a4d6 (0xbfe5)
core   0: 0x8000a4ce (0x00006f17) auipc   t5, 0x6
core   0: 3 0x8000a4ce (0x00006f17) x30 0x800104ce
core   0: 0x8000a4d2 (0xb23f2923) sw      gp, -1230(t5)
core   0: 3 0x8000a4d2 (0xb23f2923) mem 0x80010000 0x00000001
core   0: 0x8000a4d6 (0x0000bfe5) c.j     pc - 8
core   0: 3 0x8000a4d6 (0xbfe5)
core   0: 0x8000a4ce (0x00006f17) auipc   t5, 0x6
core   0: 3 0x8000a4ce (0x00006f17) x30 0x800104ce
core   0: 0x8000a4d2 (0xb23f2923) sw      gp, -1230(t5)
core   0: 3 0x8000a4d2 (0xb23f2923) mem 0x80010000 0x00000001
core   0: 0x8000a4d6 (0x0000bfe5) c.j     pc - 8
core   0: 3 0x8000a4d6 (0xbfe5)
core   0: 0x8000a4ce (0x00006f17) auipc   t5, 0x6
core   0: 3 0x8000a4ce (0x00006f17) x30 0x800104ce
core   0: 0x8000a4d2 (0xb23f2923) sw      gp, -1230(t5)
core   0: 3 0x8000a4d2 (0xb23f2923) mem 0x80010000 0x00000001
core   0: 0x8000a4d6 (0x0000bfe5) c.j     pc - 8
core   0: 3 0x8000a4d6 (0xbfe5)
core   0: 0x8000a4ce (0x00006f17) auipc   t5, 0x6
core   0: 3 0x8000a4ce (0x00006f17) x30 0x800104ce
core   0: 0x8000a4d2 (0xb23f2923) sw      gp, -1230(t5)
core   0: 3 0x8000a4d2 (0xb23f2923) mem 0x80010000 0x00000001
core   0: 0x8000a4d6 (0x0000bfe5) c.j     pc - 8
core   0: 3 0x8000a4d6 (0xbfe5)
core   0: 0x8000a4ce (0x00006f17) auipc   t5, 0x6
core   0: 3 0x8000a4ce (0x00006f17) x30 0x800104ce
core   0: 0x8000a4d2 (0xb23f2923) sw      gp, -1230(t5)
core   0: 3 0x8000a4d2 (0xb23f2923) mem 0x80010000 0x00000001
core   0: 0x8000a4d6 (0x0000bfe5) c.j     pc - 8
core   0: 3 0x8000a4d6 (0xbfe5)
core   0: 0x8000a4ce (0x00006f17) auipc   t5, 0x6
core   0: 3 0x8000a4ce (0x00006f17) x30 0x800104ce
core   0: 0x8000a4d2 (0xb23f2923) sw      gp, -1230(t5)
core   0: 3 0x8000a4d2 (0xb23f2923) mem 0x80010000 0x00000001
core   0: 0x8000a4d6 (0x0000bfe5) c.j     pc - 8
core   0: 3 0x8000a4d6 (0xbfe5)
core   0: 0x8000a4ce (0x00006f17) auipc   t5, 0x6
core   0: 3 0x8000a4ce (0x00006f17) x30 0x800104ce
core   0: 0x8000a4d2 (0xb23f2923) sw      gp, -1230(t5)
core   0: 3 0x8000a4d2 (0xb23f2923) mem 0x80010000 0x00000001
core   0: 0x8000a4d6 (0x0000bfe5) c.j     pc - 8
core   0: 3 0x8000a4d6 (0xbfe5)
core   0: 0x8000a4ce (0x00006f17) auipc   t5, 0x6
core   0: 3 0x8000a4ce (0x00006f17) x30 0x800104ce
core   0: 0x8000a4d2 (0xb23f2923) sw      gp, -1230(t5)
core   0: 3 0x8000a4d2 (0xb23f2923) mem 0x80010000 0x00000001
core   0: 0x8000a4d6 (0x0000bfe5) c.j     pc - 8
core   0: 3 0x8000a4d6 (0xbfe5)
core   0: 0x8000a4ce (0x00006f17) auipc   t5, 0x6
core   0: 3 0x8000a4ce (0x00006f17) x30 0x800104ce
core   0: 0x8000a4d2 (0xb23f2923) sw      gp, -1230(t5)
core   0: 3 0x8000a4d2 (0xb23f2923) mem 0x80010000 0x00000001
core   0: 0x8000a4d6 (0x0000bfe5) c.j     pc - 8
core   0: 3 0x8000a4d6 (0xbfe5)
core   0: 0x8000a4ce (0x00006f17) auipc   t5, 0x6
core   0: 3 0x8000a4ce (0x00006f17) x30 0x800104ce
core   0: 0x8000a4d2 (0xb23f2923) sw      gp, -1230(t5)
core   0: 3 0x8000a4d2 (0xb23f2923) mem 0x80010000 0x00000001
core   0: 0x8000a4d6 (0x0000bfe5) c.j     pc - 8
core   0: 3 0x8000a4d6 (0xbfe5)
core   0: 0x8000a4ce (0x00006f17) auipc   t5, 0x6
core   0: 3 0x8000a4ce (0x00006f17) x30 0x800104ce
core   0: 0x8000a4d2 (0xb23f2923) sw      gp, -1230(t5)
core   0: 3 0x8000a4d2 (0xb23f2923) mem 0x80010000 0x00000001
core   0: 0x8000a4d6 (0x0000bfe5) c.j     pc - 8
core   0: 3 0x8000a4d6 (0xbfe5)
core   0: 0x8000a4ce (0x00006f17) auipc   t5, 0x6
core   0: 3 0x8000a4ce (0x00006f17) x30 0x800104ce
core   0: 0x8000a4d2 (0xb23f2923) sw      gp, -1230(t5)
core   0: 3 0x8000a4d2 (0xb23f2923) mem 0x80010000 0x00000001
core   0: 0x8000a4d6 (0x0000bfe5) c.j     pc - 8
core   0: 3 0x8000a4d6 (0xbfe5)
core   0: 0x8000a4ce (0x00006f17) auipc   t5, 0x6
core   0: 3 0x8000a4ce (0x00006f17) x30 0x800104ce
core   0: 0x8000a4d2 (0xb23f2923) sw      gp, -1230(t5)
core   0: 3 0x8000a4d2 (0xb23f2923) mem 0x80010000 0x00000001
core   0: 0x8000a4d6 (0x0000bfe5) c.j     pc - 8
core   0: 3 0x8000a4d6 (0xbfe5)
core   0: 0x8000a4ce (0x00006f17) auipc   t5, 0x6
core   0: 3 0x8000a4ce (0x00006f17) x30 0x800104ce
core   0: 0x8000a4d2 (0xb23f2923) sw      gp, -1230(t5)
core   0: 3 0x8000a4d2 (0xb23f2923) mem 0x80010000 0x00000001
core   0: 0x8000a4d6 (0x0000bfe5) c.j     pc - 8
core   0: 3 0x8000a4d6 (0xbfe5)
core   0: 0x8000a4ce (0x00006f17) auipc   t5, 0x6
core   0: 3 0x8000a4ce (0x00006f17) x30 0x800104ce
core   0: 0x8000a4d2 (0xb23f2923) sw      gp, -1230(t5)
core   0: 3 0x8000a4d2 (0xb23f2923) mem 0x80010000 0x00000001
core   0: 0x8000a4d6 (0x0000bfe5) c.j     pc - 8
core   0: 3 0x8000a4d6 (0xbfe5)
core   0: 0x8000a4ce (0x00006f17) auipc   t5, 0x6
core   0: 3 0x8000a4ce (0x00006f17) x30 0x800104ce
core   0: 0x8000a4d2 (0xb23f2923) sw      gp, -1230(t5)
core   0: 3 0x8000a4d2 (0xb23f2923) mem 0x80010000 0x00000001
core   0: 0x8000a4d6 (0x0000bfe5) c.j     pc - 8
core   0: 3 0x8000a4d6 (0xbfe5)
core   0: 0x8000a4ce (0x00006f17) auipc   t5, 0x6
core   0: 3 0x8000a4ce (0x00006f17) x30 0x800104ce
core   0: 0x8000a4d2 (0xb23f2923) sw      gp, -1230(t5)
core   0: 3 0x8000a4d2 (0xb23f2923) mem 0x80010000 0x00000001
core   0: 0x8000a4d6 (0x0000bfe5) c.j     pc - 8
core   0: 3 0x8000a4d6 (0xbfe5)
core   0: 0x8000a4ce (0x00006f17) auipc   t5, 0x6
core   0: 3 0x8000a4ce (0x00006f17) x30 0x800104ce
core   0: 0x8000a4d2 (0xb23f2923) sw      gp, -1230(t5)
core   0: 3 0x8000a4d2 (0xb23f2923) mem 0x80010000 0x00000001
core   0: 0x8000a4d6 (0x0000bfe5) c.j     pc - 8
core   0: 3 0x8000a4d6 (0xbfe5)
core   0: 0x8000a4ce (0x00006f17) auipc   t5, 0x6
core   0: 3 0x8000a4ce (0x00006f17) x30 0x800104ce
core   0: 0x8000a4d2 (0xb23f2923) sw      gp, -1230(t5)
core   0: 3 0x8000a4d2 (0xb23f2923) mem 0x80010000 0x00000001
core   0: 0x8000a4d6 (0x0000bfe5) c.j     pc - 8
core   0: 3 0x8000a4d6 (0xbfe5)
core   0: 0x8000a4ce (0x00006f17) auipc   t5, 0x6
core   0: 3 0x8000a4ce (0x00006f17) x30 0x800104ce
core   0: 0x8000a4d2 (0xb23f2923) sw      gp, -1230(t5)
core   0: 3 0x8000a4d2 (0xb23f2923) mem 0x80010000 0x00000001
core   0: 0x8000a4d6 (0x0000bfe5) c.j     pc - 8
core   0: 3 0x8000a4d6 (0xbfe5)
core   0: 0x8000a4ce (0x00006f17) auipc   t5, 0x6
core   0: 3 0x8000a4ce (0x00006f17) x30 0x800104ce
core   0: 0x8000a4d2 (0xb23f2923) sw      gp, -1230(t5)
core   0: 3 0x8000a4d2 (0xb23f2923) mem 0x80010000 0x00000001
core   0: 0x8000a4d6 (0x0000bfe5) c.j     pc - 8
core   0: 3 0x8000a4d6 (0xbfe5)
core   0: 0x8000a4ce (0x00006f17) auipc   t5, 0x6
core   0: 3 0x8000a4ce (0x00006f17) x30 0x800104ce
core   0: 0x8000a4d2 (0xb23f2923) sw      gp, -1230(t5)
core   0: 3 0x8000a4d2 (0xb23f2923) mem 0x80010000 0x00000001
core   0: 0x8000a4d6 (0x0000bfe5) c.j     pc - 8
core   0: 3 0x8000a4d6 (0xbfe5)
core   0: 0x8000a4ce (0x00006f17) auipc   t5, 0x6
core   0: 3 0x8000a4ce (0x00006f17) x30 0x800104ce
core   0: 0x8000a4d2 (0xb23f2923) sw      gp, -1230(t5)
core   0: 3 0x8000a4d2 (0xb23f2923) mem 0x80010000 0x00000001
core   0: 0x8000a4d6 (0x0000bfe5) c.j     pc - 8
core   0: 3 0x8000a4d6 (0xbfe5)
core   0: 0x8000a4ce (0x00006f17) auipc   t5, 0x6
core   0: 3 0x8000a4ce (0x00006f17) x30 0x800104ce
core   0: 0x8000a4d2 (0xb23f2923) sw      gp, -1230(t5)
core   0: 3 0x8000a4d2 (0xb23f2923) mem 0x80010000 0x00000001
core   0: 0x8000a4d6 (0x0000bfe5) c.j     pc - 8
core   0: 3 0x8000a4d6 (0xbfe5)
core   0: 0x8000a4ce (0x00006f17) auipc   t5, 0x6
core   0: 3 0x8000a4ce (0x00006f17) x30 0x800104ce
core   0: 0x8000a4d2 (0xb23f2923) sw      gp, -1230(t5)
core   0: 3 0x8000a4d2 (0xb23f2923) mem 0x80010000 0x00000001
core   0: 0x8000a4d6 (0x0000bfe5) c.j     pc - 8
core   0: 3 0x8000a4d6 (0xbfe5)
core   0: 0x8000a4ce (0x00006f17) auipc   t5, 0x6
core   0: 3 0x8000a4ce (0x00006f17) x30 0x800104ce
core   0: 0x8000a4d2 (0xb23f2923) sw      gp, -1230(t5)
core   0: 3 0x8000a4d2 (0xb23f2923) mem 0x80010000 0x00000001
core   0: 0x8000a4d6 (0x0000bfe5) c.j     pc - 8
core   0: 3 0x8000a4d6 (0xbfe5)
core   0: 0x8000a4ce (0x00006f17) auipc   t5, 0x6
core   0: 3 0x8000a4ce (0x00006f17) x30 0x800104ce
core   0: 0x8000a4d2 (0xb23f2923) sw      gp, -1230(t5)
core   0: 3 0x8000a4d2 (0xb23f2923) mem 0x80010000 0x00000001
core   0: 0x8000a4d6 (0x0000bfe5) c.j     pc - 8
core   0: 3 0x8000a4d6 (0xbfe5)
core   0: 0x8000a4ce (0x00006f17) auipc   t5, 0x6
core   0: 3 0x8000a4ce (0x00006f17) x30 0x800104ce
core   0: 0x8000a4d2 (0xb23f2923) sw      gp, -1230(t5)
core   0: 3 0x8000a4d2 (0xb23f2923) mem 0x80010000 0x00000001
core   0: 0x8000a4d6 (0x0000bfe5) c.j     pc - 8
core   0: 3 0x8000a4d6 (0xbfe5)
core   0: 0x8000a4ce (0x00006f17) auipc   t5, 0x6
core   0: 3 0x8000a4ce (0x00006f17) x30 0x800104ce
core   0: 0x8000a4d2 (0xb23f2923) sw      gp, -1230(t5)
core   0: 3 0x8000a4d2 (0xb23f2923) mem 0x80010000 0x00000001
core   0: 0x8000a4d6 (0x0000bfe5) c.j     pc - 8
core   0: 3 0x8000a4d6 (0xbfe5)
core   0: 0x8000a4ce (0x00006f17) auipc   t5, 0x6
core   0: 3 0x8000a4ce (0x00006f17) x30 0x800104ce
core   0: 0x8000a4d2 (0xb23f2923) sw      gp, -1230(t5)
core   0: 3 0x8000a4d2 (0xb23f2923) mem 0x80010000 0x00000001
core   0: 0x8000a4d6 (0x0000bfe5) c.j     pc - 8
core   0: 3 0x8000a4d6 (0xbfe5)
core   0: 0x8000a4ce (0x00006f17) auipc   t5, 0x6
core   0: 3 0x8000a4ce (0x00006f17) x30 0x800104ce
core   0: 0x8000a4d2 (0xb23f2923) sw      gp, -1230(t5)
core   0: 3 0x8000a4d2 (0xb23f2923) mem 0x80010000 0x00000001
core   0: 0x8000a4d6 (0x0000bfe5) c.j     pc - 8
core   0: 3 0x8000a4d6 (0xbfe5)
core   0: 0x8000a4ce (0x00006f17) auipc   t5, 0x6
core   0: 3 0x8000a4ce (0x00006f17) x30 0x800104ce
core   0: 0x8000a4d2 (0xb23f2923) sw      gp, -1230(t5)
core   0: 3 0x8000a4d2 (0xb23f2923) mem 0x80010000 0x00000001
core   0: 0x8000a4d6 (0x0000bfe5) c.j     pc - 8
core   0: 3 0x8000a4d6 (0xbfe5)
core   0: 0x8000a4ce (0x00006f17) auipc   t5, 0x6
core   0: 3 0x8000a4ce (0x00006f17) x30 0x800104ce
core   0: 0x8000a4d2 (0xb23f2923) sw      gp, -1230(t5)
core   0: 3 0x8000a4d2 (0xb23f2923) mem 0x80010000 0x00000001
core   0: 0x8000a4d6 (0x0000bfe5) c.j     pc - 8
core   0: 3 0x8000a4d6 (0xbfe5)
core   0: 0x8000a4ce (0x00006f17) auipc   t5, 0x6
core   0: 3 0x8000a4ce (0x00006f17) x30 0x800104ce
core   0: 0x8000a4d2 (0xb23f2923) sw      gp, -1230(t5)
core   0: 3 0x8000a4d2 (0xb23f2923) mem 0x80010000 0x00000001
core   0: 0x8000a4d6 (0x0000bfe5) c.j     pc - 8
core   0: 3 0x8000a4d6 (0xbfe5)
core   0: 0x8000a4ce (0x00006f17) auipc   t5, 0x6
core   0: 3 0x8000a4ce (0x00006f17) x30 0x800104ce
core   0: 0x8000a4d2 (0xb23f2923) sw      gp, -1230(t5)
core   0: 3 0x8000a4d2 (0xb23f2923) mem 0x80010000 0x00000001
core   0: 0x8000a4d6 (0x0000bfe5) c.j     pc - 8
core   0: 3 0x8000a4d6 (0xbfe5)
core   0: 0x8000a4ce (0x00006f17) auipc   t5, 0x6
core   0: 3 0x8000a4ce (0x00006f17) x30 0x800104ce
core   0: 0x8000a4d2 (0xb23f2923) sw      gp, -1230(t5)
core   0: 3 0x8000a4d2 (0xb23f2923) mem 0x80010000 0x00000001
core   0: 0x8000a4d6 (0x0000bfe5) c.j     pc - 8
core   0: 3 0x8000a4d6 (0xbfe5)
core   0: 0x8000a4ce (0x00006f17) auipc   t5, 0x6
core   0: 3 0x8000a4ce (0x00006f17) x30 0x800104ce
core   0: 0x8000a4d2 (0xb23f2923) sw      gp, -1230(t5)
core   0: 3 0x8000a4d2 (0xb23f2923) mem 0x80010000 0x00000001
core   0: 0x8000a4d6 (0x0000bfe5) c.j     pc - 8
core   0: 3 0x8000a4d6 (0xbfe5)
core   0: 0x8000a4ce (0x00006f17) auipc   t5, 0x6
core   0: 3 0x8000a4ce (0x00006f17) x30 0x800104ce
core   0: 0x8000a4d2 (0xb23f2923) sw      gp, -1230(t5)
core   0: 3 0x8000a4d2 (0xb23f2923) mem 0x80010000 0x00000001
core   0: 0x8000a4d6 (0x0000bfe5) c.j     pc - 8
core   0: 3 0x8000a4d6 (0xbfe5)
core   0: 0x8000a4ce (0x00006f17) auipc   t5, 0x6
core   0: 3 0x8000a4ce (0x00006f17) x30 0x800104ce
core   0: 0x8000a4d2 (0xb23f2923) sw      gp, -1230(t5)
core   0: 3 0x8000a4d2 (0xb23f2923) mem 0x80010000 0x00000001
core   0: 0x8000a4d6 (0x0000bfe5) c.j     pc - 8
core   0: 3 0x8000a4d6 (0xbfe5)
core   0: 0x8000a4ce (0x00006f17) auipc   t5, 0x6
core   0: 3 0x8000a4ce (0x00006f17) x30 0x800104ce
core   0: 0x8000a4d2 (0xb23f2923) sw      gp, -1230(t5)
core   0: 3 0x8000a4d2 (0xb23f2923) mem 0x80010000 0x00000001
core   0: 0x8000a4d6 (0x0000bfe5) c.j     pc - 8
core   0: 3 0x8000a4d6 (0xbfe5)
core   0: 0x8000a4ce (0x00006f17) auipc   t5, 0x6
core   0: 3 0x8000a4ce (0x00006f17) x30 0x800104ce
core   0: 0x8000a4d2 (0xb23f2923) sw      gp, -1230(t5)
core   0: 3 0x8000a4d2 (0xb23f2923) mem 0x80010000 0x00000001
core   0: 0x8000a4d6 (0x0000bfe5) c.j     pc - 8
core   0: 3 0x8000a4d6 (0xbfe5)
core   0: 0x8000a4ce (0x00006f17) auipc   t5, 0x6
core   0: 3 0x8000a4ce (0x00006f17) x30 0x800104ce
core   0: 0x8000a4d2 (0xb23f2923) sw      gp, -1230(t5)
core   0: 3 0x8000a4d2 (0xb23f2923) mem 0x80010000 0x00000001
core   0: 0x8000a4d6 (0x0000bfe5) c.j     pc - 8
core   0: 3 0x8000a4d6 (0xbfe5)
core   0: 0x8000a4ce (0x00006f17) auipc   t5, 0x6
core   0: 3 0x8000a4ce (0x00006f17) x30 0x800104ce
core   0: 0x8000a4d2 (0xb23f2923) sw      gp, -1230(t5)
core   0: 3 0x8000a4d2 (0xb23f2923) mem 0x80010000 0x00000001
core   0: 0x8000a4d6 (0x0000bfe5) c.j     pc - 8
core   0: 3 0x8000a4d6 (0xbfe5)
core   0: 0x8000a4ce (0x00006f17) auipc   t5, 0x6
core   0: 3 0x8000a4ce (0x00006f17) x30 0x800104ce
core   0: 0x8000a4d2 (0xb23f2923) sw      gp, -1230(t5)
core   0: 3 0x8000a4d2 (0xb23f2923) mem 0x80010000 0x00000001
core   0: 0x8000a4d6 (0x0000bfe5) c.j     pc - 8
core   0: 3 0x8000a4d6 (0xbfe5)
core   0: 0x8000a4ce (0x00006f17) auipc   t5, 0x6
core   0: 3 0x8000a4ce (0x00006f17) x30 0x800104ce
core   0: 0x8000a4d2 (0xb23f2923) sw      gp, -1230(t5)
core   0: 3 0x8000a4d2 (0xb23f2923) mem 0x80010000 0x00000001
core   0: 0x8000a4d6 (0x0000bfe5) c.j     pc - 8
core   0: 3 0x8000a4d6 (0xbfe5)
core   0: 0x8000a4ce (0x00006f17) auipc   t5, 0x6
core   0: 3 0x8000a4ce (0x00006f17) x30 0x800104ce
core   0: 0x8000a4d2 (0xb23f2923) sw      gp, -1230(t5)
core   0: 3 0x8000a4d2 (0xb23f2923) mem 0x80010000 0x00000001
core   0: 0x8000a4d6 (0x0000bfe5) c.j     pc - 8
core   0: 3 0x8000a4d6 (0xbfe5)
core   0: 0x8000a4ce (0x00006f17) auipc   t5, 0x6
core   0: 3 0x8000a4ce (0x00006f17) x30 0x800104ce
core   0: 0x8000a4d2 (0xb23f2923) sw      gp, -1230(t5)
core   0: 3 0x8000a4d2 (0xb23f2923) mem 0x80010000 0x00000001
core   0: 0x8000a4d6 (0x0000bfe5) c.j     pc - 8
core   0: 3 0x8000a4d6 (0xbfe5)
core   0: 0x8000a4ce (0x00006f17) auipc   t5, 0x6
core   0: 3 0x8000a4ce (0x00006f17) x30 0x800104ce
core   0: 0x8000a4d2 (0xb23f2923) sw      gp, -1230(t5)
core   0: 3 0x8000a4d2 (0xb23f2923) mem 0x80010000 0x00000001
core   0: 0x8000a4d6 (0x0000bfe5) c.j     pc - 8
core   0: 3 0x8000a4d6 (0xbfe5)
core   0: 0x8000a4ce (0x00006f17) auipc   t5, 0x6
core   0: 3 0x8000a4ce (0x00006f17) x30 0x800104ce
core   0: 0x8000a4d2 (0xb23f2923) sw      gp, -1230(t5)
core   0: 3 0x8000a4d2 (0xb23f2923) mem 0x80010000 0x00000001
core   0: 0x8000a4d6 (0x0000bfe5) c.j     pc - 8
core   0: 3 0x8000a4d6 (0xbfe5)
core   0: 0x8000a4ce (0x00006f17) auipc   t5, 0x6
core   0: 3 0x8000a4ce (0x00006f17) x30 0x800104ce
core   0: 0x8000a4d2 (0xb23f2923) sw      gp, -1230(t5)
core   0: 3 0x8000a4d2 (0xb23f2923) mem 0x80010000 0x00000001
core   0: 0x8000a4d6 (0x0000bfe5) c.j     pc - 8
core   0: 3 0x8000a4d6 (0xbfe5)
core   0: 0x8000a4ce (0x00006f17) auipc   t5, 0x6
core   0: 3 0x8000a4ce (0x00006f17) x30 0x800104ce
core   0: 0x8000a4d2 (0xb23f2923) sw      gp, -1230(t5)
core   0: 3 0x8000a4d2 (0xb23f2923) mem 0x80010000 0x00000001
core   0: 0x8000a4d6 (0x0000bfe5) c.j     pc - 8
core   0: 3 0x8000a4d6 (0xbfe5)
core   0: 0x8000a4ce (0x00006f17) auipc   t5, 0x6
core   0: 3 0x8000a4ce (0x00006f17) x30 0x800104ce
core   0: 0x8000a4d2 (0xb23f2923) sw      gp, -1230(t5)
core   0: 3 0x8000a4d2 (0xb23f2923) mem 0x80010000 0x00000001
core   0: 0x8000a4d6 (0x0000bfe5) c.j     pc - 8
core   0: 3 0x8000a4d6 (0xbfe5)
core   0: 0x8000a4ce (0x00006f17) auipc   t5, 0x6
core   0: 3 0x8000a4ce (0x00006f17) x30 0x800104ce
core   0: 0x8000a4d2 (0xb23f2923) sw      gp, -1230(t5)
core   0: 3 0x8000a4d2 (0xb23f2923) mem 0x80010000 0x00000001
core   0: 0x8000a4d6 (0x0000bfe5) c.j     pc - 8
core   0: 3 0x8000a4d6 (0xbfe5)
core   0: 0x8000a4ce (0x00006f17) auipc   t5, 0x6
core   0: 3 0x8000a4ce (0x00006f17) x30 0x800104ce
core   0: 0x8000a4d2 (0xb23f2923) sw      gp, -1230(t5)
core   0: 3 0x8000a4d2 (0xb23f2923) mem 0x80010000 0x00000001
core   0: 0x8000a4d6 (0x0000bfe5) c.j     pc - 8
core   0: 3 0x8000a4d6 (0xbfe5)
core   0: 0x8000a4ce (0x00006f17) auipc   t5, 0x6
core   0: 3 0x8000a4ce (0x00006f17) x30 0x800104ce
core   0: 0x8000a4d2 (0xb23f2923) sw      gp, -1230(t5)
core   0: 3 0x8000a4d2 (0xb23f2923) mem 0x80010000 0x00000001
core   0: 0x8000a4d6 (0x0000bfe5) c.j     pc - 8
core   0: 3 0x8000a4d6 (0xbfe5)
core   0: 0x8000a4ce (0x00006f17) auipc   t5, 0x6
core   0: 3 0x8000a4ce (0x00006f17) x30 0x800104ce
core   0: 0x8000a4d2 (0xb23f2923) sw      gp, -1230(t5)
core   0: 3 0x8000a4d2 (0xb23f2923) mem 0x80010000 0x00000001
core   0: 0x8000a4d6 (0x0000bfe5) c.j     pc - 8
core   0: 3 0x8000a4d6 (0xbfe5)
core   0: 0x8000a4ce (0x00006f17) auipc   t5, 0x6
core   0: 3 0x8000a4ce (0x00006f17) x30 0x800104ce
core   0: 0x8000a4d2 (0xb23f2923) sw      gp, -1230(t5)
core   0: 3 0x8000a4d2 (0xb23f2923) mem 0x80010000 0x00000001
core   0: 0x8000a4d6 (0x0000bfe5) c.j     pc - 8
core   0: 3 0x8000a4d6 (0xbfe5)
core   0: 0x8000a4ce (0x00006f17) auipc   t5, 0x6
core   0: 3 0x8000a4ce (0x00006f17) x30 0x800104ce
core   0: 0x8000a4d2 (0xb23f2923) sw      gp, -1230(t5)
core   0: 3 0x8000a4d2 (0xb23f2923) mem 0x80010000 0x00000001
core   0: 0x8000a4d6 (0x0000bfe5) c.j     pc - 8
core   0: 3 0x8000a4d6 (0xbfe5)
core   0: 0x8000a4ce (0x00006f17) auipc   t5, 0x6
core   0: 3 0x8000a4ce (0x00006f17) x30 0x800104ce
core   0: 0x8000a4d2 (0xb23f2923) sw      gp, -1230(t5)
core   0: 3 0x8000a4d2 (0xb23f2923) mem 0x80010000 0x00000001
core   0: 0x8000a4d6 (0x0000bfe5) c.j     pc - 8
core   0: 3 0x8000a4d6 (0xbfe5)
core   0: 0x8000a4ce (0x00006f17) auipc   t5, 0x6
core   0: 3 0x8000a4ce (0x00006f17) x30 0x800104ce
core   0: 0x8000a4d2 (0xb23f2923) sw      gp, -1230(t5)
core   0: 3 0x8000a4d2 (0xb23f2923) mem 0x80010000 0x00000001
core   0: 0x8000a4d6 (0x0000bfe5) c.j     pc - 8
core   0: 3 0x8000a4d6 (0xbfe5)
core   0: 0x8000a4ce (0x00006f17) auipc   t5, 0x6
core   0: 3 0x8000a4ce (0x00006f17) x30 0x800104ce
core   0: 0x8000a4d2 (0xb23f2923) sw      gp, -1230(t5)
core   0: 3 0x8000a4d2 (0xb23f2923) mem 0x80010000 0x00000001
core   0: 0x8000a4d6 (0x0000bfe5) c.j     pc - 8
core   0: 3 0x8000a4d6 (0xbfe5)
core   0: 0x8000a4ce (0x00006f17) auipc   t5, 0x6
core   0: 3 0x8000a4ce (0x00006f17) x30 0x800104ce
core   0: 0x8000a4d2 (0xb23f2923) sw      gp, -1230(t5)
core   0: 3 0x8000a4d2 (0xb23f2923) mem 0x80010000 0x00000001
core   0: 0x8000a4d6 (0x0000bfe5) c.j     pc - 8
core   0: 3 0x8000a4d6 (0xbfe5)
core   0: 0x8000a4ce (0x00006f17) auipc   t5, 0x6
core   0: 3 0x8000a4ce (0x00006f17) x30 0x800104ce
core   0: 0x8000a4d2 (0xb23f2923) sw      gp, -1230(t5)
core   0: 3 0x8000a4d2 (0xb23f2923) mem 0x80010000 0x00000001
core   0: 0x8000a4d6 (0x0000bfe5) c.j     pc - 8
core   0: 3 0x8000a4d6 (0xbfe5)
core   0: 0x8000a4ce (0x00006f17) auipc   t5, 0x6
core   0: 3 0x8000a4ce (0x00006f17) x30 0x800104ce
core   0: 0x8000a4d2 (0xb23f2923) sw      gp, -1230(t5)
core   0: 3 0x8000a4d2 (0xb23f2923) mem 0x80010000 0x00000001
core   0: 0x8000a4d6 (0x0000bfe5) c.j     pc - 8
core   0: 3 0x8000a4d6 (0xbfe5)
core   0: 0x8000a4ce (0x00006f17) auipc   t5, 0x6
core   0: 3 0x8000a4ce (0x00006f17) x30 0x800104ce
core   0: 0x8000a4d2 (0xb23f2923) sw      gp, -1230(t5)
core   0: 3 0x8000a4d2 (0xb23f2923) mem 0x80010000 0x00000001
core   0: 0x8000a4d6 (0x0000bfe5) c.j     pc - 8
core   0: 3 0x8000a4d6 (0xbfe5)
core   0: 0x8000a4ce (0x00006f17) auipc   t5, 0x6
core   0: 3 0x8000a4ce (0x00006f17) x30 0x800104ce
core   0: 0x8000a4d2 (0xb23f2923) sw      gp, -1230(t5)
core   0: 3 0x8000a4d2 (0xb23f2923) mem 0x80010000 0x00000001
core   0: 0x8000a4d6 (0x0000bfe5) c.j     pc - 8
core   0: 3 0x8000a4d6 (0xbfe5)
core   0: 0x8000a4ce (0x00006f17) auipc   t5, 0x6
core   0: 3 0x8000a4ce (0x00006f17) x30 0x800104ce
core   0: 0x8000a4d2 (0xb23f2923) sw      gp, -1230(t5)
core   0: 3 0x8000a4d2 (0xb23f2923) mem 0x80010000 0x00000001
core   0: 0x8000a4d6 (0x0000bfe5) c.j     pc - 8
core   0: 3 0x8000a4d6 (0xbfe5)
core   0: 0x8000a4ce (0x00006f17) auipc   t5, 0x6
core   0: 3 0x8000a4ce (0x00006f17) x30 0x800104ce
core   0: 0x8000a4d2 (0xb23f2923) sw      gp, -1230(t5)
core   0: 3 0x8000a4d2 (0xb23f2923) mem 0x80010000 0x00000001
core   0: 0x8000a4d6 (0x0000bfe5) c.j     pc - 8
core   0: 3 0x8000a4d6 (0xbfe5)
core   0: 0x8000a4ce (0x00006f17) auipc   t5, 0x6
core   0: 3 0x8000a4ce (0x00006f17) x30 0x800104ce
core   0: 0x8000a4d2 (0xb23f2923) sw      gp, -1230(t5)
core   0: 3 0x8000a4d2 (0xb23f2923) mem 0x80010000 0x00000001
core   0: 0x8000a4d6 (0x0000bfe5) c.j     pc - 8
core   0: 3 0x8000a4d6 (0xbfe5)
core   0: 0x8000a4ce (0x00006f17) auipc   t5, 0x6
core   0: 3 0x8000a4ce (0x00006f17) x30 0x800104ce
core   0: 0x8000a4d2 (0xb23f2923) sw      gp, -1230(t5)
core   0: 3 0x8000a4d2 (0xb23f2923) mem 0x80010000 0x00000001
core   0: 0x8000a4d6 (0x0000bfe5) c.j     pc - 8
core   0: 3 0x8000a4d6 (0xbfe5)
core   0: 0x8000a4ce (0x00006f17) auipc   t5, 0x6
core   0: 3 0x8000a4ce (0x00006f17) x30 0x800104ce
core   0: 0x8000a4d2 (0xb23f2923) sw      gp, -1230(t5)
core   0: 3 0x8000a4d2 (0xb23f2923) mem 0x80010000 0x00000001
core   0: 0x8000a4d6 (0x0000bfe5) c.j     pc - 8
core   0: 3 0x8000a4d6 (0xbfe5)
core   0: 0x8000a4ce (0x00006f17) auipc   t5, 0x6
core   0: 3 0x8000a4ce (0x00006f17) x30 0x800104ce
core   0: 0x8000a4d2 (0xb23f2923) sw      gp, -1230(t5)
core   0: 3 0x8000a4d2 (0xb23f2923) mem 0x80010000 0x00000001
core   0: 0x8000a4d6 (0x0000bfe5) c.j     pc - 8
core   0: 3 0x8000a4d6 (0xbfe5)
core   0: 0x8000a4ce (0x00006f17) auipc   t5, 0x6
core   0: 3 0x8000a4ce (0x00006f17) x30 0x800104ce
core   0: 0x8000a4d2 (0xb23f2923) sw      gp, -1230(t5)
core   0: 3 0x8000a4d2 (0xb23f2923) mem 0x80010000 0x00000001
core   0: 0x8000a4d6 (0x0000bfe5) c.j     pc - 8
core   0: 3 0x8000a4d6 (0xbfe5)
core   0: 0x8000a4ce (0x00006f17) auipc   t5, 0x6
core   0: 3 0x8000a4ce (0x00006f17) x30 0x800104ce
core   0: 0x8000a4d2 (0xb23f2923) sw      gp, -1230(t5)
core   0: 3 0x8000a4d2 (0xb23f2923) mem 0x80010000 0x00000001
core   0: 0x8000a4d6 (0x0000bfe5) c.j     pc - 8
core   0: 3 0x8000a4d6 (0xbfe5)
core   0: 0x8000a4ce (0x00006f17) auipc   t5, 0x6
core   0: 3 0x8000a4ce (0x00006f17) x30 0x800104ce
core   0: 0x8000a4d2 (0xb23f2923) sw      gp, -1230(t5)
core   0: 3 0x8000a4d2 (0xb23f2923) mem 0x80010000 0x00000001
core   0: 0x8000a4d6 (0x0000bfe5) c.j     pc - 8
core   0: 3 0x8000a4d6 (0xbfe5)
core   0: 0x8000a4ce (0x00006f17) auipc   t5, 0x6
core   0: 3 0x8000a4ce (0x00006f17) x30 0x800104ce
core   0: 0x8000a4d2 (0xb23f2923) sw      gp, -1230(t5)
core   0: 3 0x8000a4d2 (0xb23f2923) mem 0x80010000 0x00000001
core   0: 0x8000a4d6 (0x0000bfe5) c.j     pc - 8
core   0: 3 0x8000a4d6 (0xbfe5)
core   0: 0x8000a4ce (0x00006f17) auipc   t5, 0x6
core   0: 3 0x8000a4ce (0x00006f17) x30 0x800104ce
core   0: 0x8000a4d2 (0xb23f2923) sw      gp, -1230(t5)
core   0: 3 0x8000a4d2 (0xb23f2923) mem 0x80010000 0x00000001
core   0: 0x8000a4d6 (0x0000bfe5) c.j     pc - 8
core   0: 3 0x8000a4d6 (0xbfe5)
core   0: 0x8000a4ce (0x00006f17) auipc   t5, 0x6
core   0: 3 0x8000a4ce (0x00006f17) x30 0x800104ce
core   0: 0x8000a4d2 (0xb23f2923) sw      gp, -1230(t5)
core   0: 3 0x8000a4d2 (0xb23f2923) mem 0x80010000 0x00000001
core   0: 0x8000a4d6 (0x0000bfe5) c.j     pc - 8
core   0: 3 0x8000a4d6 (0xbfe5)
core   0: 0x8000a4ce (0x00006f17) auipc   t5, 0x6
core   0: 3 0x8000a4ce (0x00006f17) x30 0x800104ce
core   0: 0x8000a4d2 (0xb23f2923) sw      gp, -1230(t5)
core   0: 3 0x8000a4d2 (0xb23f2923) mem 0x80010000 0x00000001
core   0: 0x8000a4d6 (0x0000bfe5) c.j     pc - 8
core   0: 3 0x8000a4d6 (0xbfe5)
core   0: 0x8000a4ce (0x00006f17) auipc   t5, 0x6
core   0: 3 0x8000a4ce (0x00006f17) x30 0x800104ce
core   0: 0x8000a4d2 (0xb23f2923) sw      gp, -1230(t5)
core   0: 3 0x8000a4d2 (0xb23f2923) mem 0x80010000 0x00000001
core   0: 0x8000a4d6 (0x0000bfe5) c.j     pc - 8
core   0: 3 0x8000a4d6 (0xbfe5)
core   0: 0x8000a4ce (0x00006f17) auipc   t5, 0x6
core   0: 3 0x8000a4ce (0x00006f17) x30 0x800104ce
core   0: 0x8000a4d2 (0xb23f2923) sw      gp, -1230(t5)
core   0: 3 0x8000a4d2 (0xb23f2923) mem 0x80010000 0x00000001
core   0: 0x8000a4d6 (0x0000bfe5) c.j     pc - 8
core   0: 3 0x8000a4d6 (0xbfe5)
core   0: 0x8000a4ce (0x00006f17) auipc   t5, 0x6
core   0: 3 0x8000a4ce (0x00006f17) x30 0x800104ce
core   0: 0x8000a4d2 (0xb23f2923) sw      gp, -1230(t5)
core   0: 3 0x8000a4d2 (0xb23f2923) mem 0x80010000 0x00000001
core   0: 0x8000a4d6 (0x0000bfe5) c.j     pc - 8
core   0: 3 0x8000a4d6 (0xbfe5)
core   0: 0x8000a4ce (0x00006f17) auipc   t5, 0x6
core   0: 3 0x8000a4ce (0x00006f17) x30 0x800104ce
core   0: 0x8000a4d2 (0xb23f2923) sw      gp, -1230(t5)
core   0: 3 0x8000a4d2 (0xb23f2923) mem 0x80010000 0x00000001
core   0: 0x8000a4d6 (0x0000bfe5) c.j     pc - 8
core   0: 3 0x8000a4d6 (0xbfe5)
core   0: 0x8000a4ce (0x00006f17) auipc   t5, 0x6
core   0: 3 0x8000a4ce (0x00006f17) x30 0x800104ce
core   0: 0x8000a4d2 (0xb23f2923) sw      gp, -1230(t5)
core   0: 3 0x8000a4d2 (0xb23f2923) mem 0x80010000 0x00000001
core   0: 0x8000a4d6 (0x0000bfe5) c.j     pc - 8
core   0: 3 0x8000a4d6 (0xbfe5)
core   0: 0x8000a4ce (0x00006f17) auipc   t5, 0x6
core   0: 3 0x8000a4ce (0x00006f17) x30 0x800104ce
core   0: 0x8000a4d2 (0xb23f2923) sw      gp, -1230(t5)
core   0: 3 0x8000a4d2 (0xb23f2923) mem 0x80010000 0x00000001
core   0: 0x8000a4d6 (0x0000bfe5) c.j     pc - 8
core   0: 3 0x8000a4d6 (0xbfe5)
core   0: 0x8000a4ce (0x00006f17) auipc   t5, 0x6
core   0: 3 0x8000a4ce (0x00006f17) x30 0x800104ce
core   0: 0x8000a4d2 (0xb23f2923) sw      gp, -1230(t5)
core   0: 3 0x8000a4d2 (0xb23f2923) mem 0x80010000 0x00000001
core   0: 0x8000a4d6 (0x0000bfe5) c.j     pc - 8
core   0: 3 0x8000a4d6 (0xbfe5)
core   0: 0x8000a4ce (0x00006f17) auipc   t5, 0x6
core   0: 3 0x8000a4ce (0x00006f17) x30 0x800104ce
core   0: 0x8000a4d2 (0xb23f2923) sw      gp, -1230(t5)
core   0: 3 0x8000a4d2 (0xb23f2923) mem 0x80010000 0x00000001
core   0: 0x8000a4d6 (0x0000bfe5) c.j     pc - 8
core   0: 3 0x8000a4d6 (0xbfe5)
core   0: 0x8000a4ce (0x00006f17) auipc   t5, 0x6
core   0: 3 0x8000a4ce (0x00006f17) x30 0x800104ce
core   0: 0x8000a4d2 (0xb23f2923) sw      gp, -1230(t5)
core   0: 3 0x8000a4d2 (0xb23f2923) mem 0x80010000 0x00000001
core   0: 0x8000a4d6 (0x0000bfe5) c.j     pc - 8
core   0: 3 0x8000a4d6 (0xbfe5)
core   0: 0x8000a4ce (0x00006f17) auipc   t5, 0x6
core   0: 3 0x8000a4ce (0x00006f17) x30 0x800104ce
core   0: 0x8000a4d2 (0xb23f2923) sw      gp, -1230(t5)
core   0: 3 0x8000a4d2 (0xb23f2923) mem 0x80010000 0x00000001
core   0: 0x8000a4d6 (0x0000bfe5) c.j     pc - 8
core   0: 3 0x8000a4d6 (0xbfe5)
core   0: 0x8000a4ce (0x00006f17) auipc   t5, 0x6
core   0: 3 0x8000a4ce (0x00006f17) x30 0x800104ce
core   0: 0x8000a4d2 (0xb23f2923) sw      gp, -1230(t5)
core   0: 3 0x8000a4d2 (0xb23f2923) mem 0x80010000 0x00000001
core   0: 0x8000a4d6 (0x0000bfe5) c.j     pc - 8
core   0: 3 0x8000a4d6 (0xbfe5)
core   0: 0x8000a4ce (0x00006f17) auipc   t5, 0x6
core   0: 3 0x8000a4ce (0x00006f17) x30 0x800104ce
core   0: 0x8000a4d2 (0xb23f2923) sw      gp, -1230(t5)
core   0: 3 0x8000a4d2 (0xb23f2923) mem 0x80010000 0x00000001
core   0: 0x8000a4d6 (0x0000bfe5) c.j     pc - 8
core   0: 3 0x8000a4d6 (0xbfe5)
core   0: 0x8000a4ce (0x00006f17) auipc   t5, 0x6
core   0: 3 0x8000a4ce (0x00006f17) x30 0x800104ce
core   0: 0x8000a4d2 (0xb23f2923) sw      gp, -1230(t5)
core   0: 3 0x8000a4d2 (0xb23f2923) mem 0x80010000 0x00000001
core   0: 0x8000a4d6 (0x0000bfe5) c.j     pc - 8
core   0: 3 0x8000a4d6 (0xbfe5)
core   0: 0x8000a4ce (0x00006f17) auipc   t5, 0x6
core   0: 3 0x8000a4ce (0x00006f17) x30 0x800104ce
core   0: 0x8000a4d2 (0xb23f2923) sw      gp, -1230(t5)
core   0: 3 0x8000a4d2 (0xb23f2923) mem 0x80010000 0x00000001
core   0: 0x8000a4d6 (0x0000bfe5) c.j     pc - 8
core   0: 3 0x8000a4d6 (0xbfe5)
core   0: 0x8000a4ce (0x00006f17) auipc   t5, 0x6
core   0: 3 0x8000a4ce (0x00006f17) x30 0x800104ce
core   0: 0x8000a4d2 (0xb23f2923) sw      gp, -1230(t5)
core   0: 3 0x8000a4d2 (0xb23f2923) mem 0x80010000 0x00000001
core   0: 0x8000a4d6 (0x0000bfe5) c.j     pc - 8
core   0: 3 0x8000a4d6 (0xbfe5)
core   0: 0x8000a4ce (0x00006f17) auipc   t5, 0x6
core   0: 3 0x8000a4ce (0x00006f17) x30 0x800104ce
core   0: 0x8000a4d2 (0xb23f2923) sw      gp, -1230(t5)
core   0: 3 0x8000a4d2 (0xb23f2923) mem 0x80010000 0x00000001
core   0: 0x8000a4d6 (0x0000bfe5) c.j     pc - 8
core   0: 3 0x8000a4d6 (0xbfe5)
core   0: 0x8000a4ce (0x00006f17) auipc   t5, 0x6
core   0: 3 0x8000a4ce (0x00006f17) x30 0x800104ce
core   0: 0x8000a4d2 (0xb23f2923) sw      gp, -1230(t5)
core   0: 3 0x8000a4d2 (0xb23f2923) mem 0x80010000 0x00000001
core   0: 0x8000a4d6 (0x0000bfe5) c.j     pc - 8
core   0: 3 0x8000a4d6 (0xbfe5)
core   0: 0x8000a4ce (0x00006f17) auipc   t5, 0x6
core   0: 3 0x8000a4ce (0x00006f17) x30 0x800104ce
core   0: 0x8000a4d2 (0xb23f2923) sw      gp, -1230(t5)
core   0: 3 0x8000a4d2 (0xb23f2923) mem 0x80010000 0x00000001
core   0: 0x8000a4d6 (0x0000bfe5) c.j     pc - 8
core   0: 3 0x8000a4d6 (0xbfe5)
core   0: 0x8000a4ce (0x00006f17) auipc   t5, 0x6
core   0: 3 0x8000a4ce (0x00006f17) x30 0x800104ce
core   0: 0x8000a4d2 (0xb23f2923) sw      gp, -1230(t5)
core   0: 3 0x8000a4d2 (0xb23f2923) mem 0x80010000 0x00000001
core   0: 0x8000a4d6 (0x0000bfe5) c.j     pc - 8
core   0: 3 0x8000a4d6 (0xbfe5)
core   0: 0x8000a4ce (0x00006f17) auipc   t5, 0x6
core   0: 3 0x8000a4ce (0x00006f17) x30 0x800104ce
core   0: 0x8000a4d2 (0xb23f2923) sw      gp, -1230(t5)
core   0: 3 0x8000a4d2 (0xb23f2923) mem 0x80010000 0x00000001
core   0: 0x8000a4d6 (0x0000bfe5) c.j     pc - 8
core   0: 3 0x8000a4d6 (0xbfe5)
core   0: 0x8000a4ce (0x00006f17) auipc   t5, 0x6
core   0: 3 0x8000a4ce (0x00006f17) x30 0x800104ce
core   0: 0x8000a4d2 (0xb23f2923) sw      gp, -1230(t5)
core   0: 3 0x8000a4d2 (0xb23f2923) mem 0x80010000 0x00000001
core   0: 0x8000a4d6 (0x0000bfe5) c.j     pc - 8
core   0: 3 0x8000a4d6 (0xbfe5)
core   0: 0x8000a4ce (0x00006f17) auipc   t5, 0x6
core   0: 3 0x8000a4ce (0x00006f17) x30 0x800104ce
core   0: 0x8000a4d2 (0xb23f2923) sw      gp, -1230(t5)
core   0: 3 0x8000a4d2 (0xb23f2923) mem 0x80010000 0x00000001
core   0: 0x8000a4d6 (0x0000bfe5) c.j     pc - 8
core   0: 3 0x8000a4d6 (0xbfe5)
core   0: 0x8000a4ce (0x00006f17) auipc   t5, 0x6
core   0: 3 0x8000a4ce (0x00006f17) x30 0x800104ce
core   0: 0x8000a4d2 (0xb23f2923) sw      gp, -1230(t5)
core   0: 3 0x8000a4d2 (0xb23f2923) mem 0x80010000 0x00000001
core   0: 0x8000a4d6 (0x0000bfe5) c.j     pc - 8
core   0: 3 0x8000a4d6 (0xbfe5)
core   0: 0x8000a4ce (0x00006f17) auipc   t5, 0x6
core   0: 3 0x8000a4ce (0x00006f17) x30 0x800104ce
core   0: 0x8000a4d2 (0xb23f2923) sw      gp, -1230(t5)
core   0: 3 0x8000a4d2 (0xb23f2923) mem 0x80010000 0x00000001
core   0: 0x8000a4d6 (0x0000bfe5) c.j     pc - 8
core   0: 3 0x8000a4d6 (0xbfe5)
core   0: 0x8000a4ce (0x00006f17) auipc   t5, 0x6
core   0: 3 0x8000a4ce (0x00006f17) x30 0x800104ce
core   0: 0x8000a4d2 (0xb23f2923) sw      gp, -1230(t5)
core   0: 3 0x8000a4d2 (0xb23f2923) mem 0x80010000 0x00000001
core   0: 0x8000a4d6 (0x0000bfe5) c.j     pc - 8
core   0: 3 0x8000a4d6 (0xbfe5)
core   0: 0x8000a4ce (0x00006f17) auipc   t5, 0x6
core   0: 3 0x8000a4ce (0x00006f17) x30 0x800104ce
core   0: 0x8000a4d2 (0xb23f2923) sw      gp, -1230(t5)
core   0: 3 0x8000a4d2 (0xb23f2923) mem 0x80010000 0x00000001
core   0: 0x8000a4d6 (0x0000bfe5) c.j     pc - 8
core   0: 3 0x8000a4d6 (0xbfe5)
core   0: 0x8000a4ce (0x00006f17) auipc   t5, 0x6
core   0: 3 0x8000a4ce (0x00006f17) x30 0x800104ce
core   0: 0x8000a4d2 (0xb23f2923) sw      gp, -1230(t5)
core   0: 3 0x8000a4d2 (0xb23f2923) mem 0x80010000 0x00000001
core   0: 0x8000a4d6 (0x0000bfe5) c.j     pc - 8
core   0: 3 0x8000a4d6 (0xbfe5)
core   0: 0x8000a4ce (0x00006f17) auipc   t5, 0x6
core   0: 3 0x8000a4ce (0x00006f17) x30 0x800104ce
core   0: 0x8000a4d2 (0xb23f2923) sw      gp, -1230(t5)
core   0: 3 0x8000a4d2 (0xb23f2923) mem 0x80010000 0x00000001
core   0: 0x8000a4d6 (0x0000bfe5) c.j     pc - 8
core   0: 3 0x8000a4d6 (0xbfe5)
core   0: 0x8000a4ce (0x00006f17) auipc   t5, 0x6
core   0: 3 0x8000a4ce (0x00006f17) x30 0x800104ce
core   0: 0x8000a4d2 (0xb23f2923) sw      gp, -1230(t5)
core   0: 3 0x8000a4d2 (0xb23f2923) mem 0x80010000 0x00000001
core   0: 0x8000a4d6 (0x0000bfe5) c.j     pc - 8
core   0: 3 0x8000a4d6 (0xbfe5)
core   0: 0x8000a4ce (0x00006f17) auipc   t5, 0x6
core   0: 3 0x8000a4ce (0x00006f17) x30 0x800104ce
core   0: 0x8000a4d2 (0xb23f2923) sw      gp, -1230(t5)
core   0: 3 0x8000a4d2 (0xb23f2923) mem 0x80010000 0x00000001
core   0: 0x8000a4d6 (0x0000bfe5) c.j     pc - 8
core   0: 3 0x8000a4d6 (0xbfe5)
core   0: 0x8000a4ce (0x00006f17) auipc   t5, 0x6
core   0: 3 0x8000a4ce (0x00006f17) x30 0x800104ce
core   0: 0x8000a4d2 (0xb23f2923) sw      gp, -1230(t5)
core   0: 3 0x8000a4d2 (0xb23f2923) mem 0x80010000 0x00000001
core   0: 0x8000a4d6 (0x0000bfe5) c.j     pc - 8
core   0: 3 0x8000a4d6 (0xbfe5)
core   0: 0x8000a4ce (0x00006f17) auipc   t5, 0x6
core   0: 3 0x8000a4ce (0x00006f17) x30 0x800104ce
core   0: 0x8000a4d2 (0xb23f2923) sw      gp, -1230(t5)
core   0: 3 0x8000a4d2 (0xb23f2923) mem 0x80010000 0x00000001
core   0: 0x8000a4d6 (0x0000bfe5) c.j     pc - 8
core   0: 3 0x8000a4d6 (0xbfe5)
core   0: 0x8000a4ce (0x00006f17) auipc   t5, 0x6
core   0: 3 0x8000a4ce (0x00006f17) x30 0x800104ce
core   0: 0x8000a4d2 (0xb23f2923) sw      gp, -1230(t5)
core   0: 3 0x8000a4d2 (0xb23f2923) mem 0x80010000 0x00000001
core   0: 0x8000a4d6 (0x0000bfe5) c.j     pc - 8
core   0: 3 0x8000a4d6 (0xbfe5)
core   0: 0x8000a4ce (0x00006f17) auipc   t5, 0x6
core   0: 3 0x8000a4ce (0x00006f17) x30 0x800104ce
core   0: 0x8000a4d2 (0xb23f2923) sw      gp, -1230(t5)
core   0: 3 0x8000a4d2 (0xb23f2923) mem 0x80010000 0x00000001
core   0: 0x8000a4d6 (0x0000bfe5) c.j     pc - 8
core   0: 3 0x8000a4d6 (0xbfe5)
core   0: 0x8000a4ce (0x00006f17) auipc   t5, 0x6
core   0: 3 0x8000a4ce (0x00006f17) x30 0x800104ce
core   0: 0x8000a4d2 (0xb23f2923) sw      gp, -1230(t5)
core   0: 3 0x8000a4d2 (0xb23f2923) mem 0x80010000 0x00000001
core   0: 0x8000a4d6 (0x0000bfe5) c.j     pc - 8
core   0: 3 0x8000a4d6 (0xbfe5)
core   0: 0x8000a4ce (0x00006f17) auipc   t5, 0x6
core   0: 3 0x8000a4ce (0x00006f17) x30 0x800104ce
core   0: 0x8000a4d2 (0xb23f2923) sw      gp, -1230(t5)
core   0: 3 0x8000a4d2 (0xb23f2923) mem 0x80010000 0x00000001
core   0: 0x8000a4d6 (0x0000bfe5) c.j     pc - 8
core   0: 3 0x8000a4d6 (0xbfe5)
core   0: 0x8000a4ce (0x00006f17) auipc   t5, 0x6
core   0: 3 0x8000a4ce (0x00006f17) x30 0x800104ce
core   0: 0x8000a4d2 (0xb23f2923) sw      gp, -1230(t5)
core   0: 3 0x8000a4d2 (0xb23f2923) mem 0x80010000 0x00000001
core   0: 0x8000a4d6 (0x0000bfe5) c.j     pc - 8
core   0: 3 0x8000a4d6 (0xbfe5)
core   0: 0x8000a4ce (0x00006f17) auipc   t5, 0x6
core   0: 3 0x8000a4ce (0x00006f17) x30 0x800104ce
core   0: 0x8000a4d2 (0xb23f2923) sw      gp, -1230(t5)
core   0: 3 0x8000a4d2 (0xb23f2923) mem 0x80010000 0x00000001
core   0: 0x8000a4d6 (0x0000bfe5) c.j     pc - 8
core   0: 3 0x8000a4d6 (0xbfe5)
core   0: 0x8000a4ce (0x00006f17) auipc   t5, 0x6
core   0: 3 0x8000a4ce (0x00006f17) x30 0x800104ce
core   0: 0x8000a4d2 (0xb23f2923) sw      gp, -1230(t5)
core   0: 3 0x8000a4d2 (0xb23f2923) mem 0x80010000 0x00000001
core   0: 0x8000a4d6 (0x0000bfe5) c.j     pc - 8
core   0: 3 0x8000a4d6 (0xbfe5)
core   0: 0x8000a4ce (0x00006f17) auipc   t5, 0x6
core   0: 3 0x8000a4ce (0x00006f17) x30 0x800104ce
core   0: 0x8000a4d2 (0xb23f2923) sw      gp, -1230(t5)
core   0: 3 0x8000a4d2 (0xb23f2923) mem 0x80010000 0x00000001
core   0: 0x8000a4d6 (0x0000bfe5) c.j     pc - 8
core   0: 3 0x8000a4d6 (0xbfe5)
core   0: 0x8000a4ce (0x00006f17) auipc   t5, 0x6
core   0: 3 0x8000a4ce (0x00006f17) x30 0x800104ce
core   0: 0x8000a4d2 (0xb23f2923) sw      gp, -1230(t5)
core   0: 3 0x8000a4d2 (0xb23f2923) mem 0x80010000 0x00000001
core   0: 0x8000a4d6 (0x0000bfe5) c.j     pc - 8
core   0: 3 0x8000a4d6 (0xbfe5)
core   0: 0x8000a4ce (0x00006f17) auipc   t5, 0x6
core   0: 3 0x8000a4ce (0x00006f17) x30 0x800104ce
core   0: 0x8000a4d2 (0xb23f2923) sw      gp, -1230(t5)
core   0: 3 0x8000a4d2 (0xb23f2923) mem 0x80010000 0x00000001
core   0: 0x8000a4d6 (0x0000bfe5) c.j     pc - 8
core   0: 3 0x8000a4d6 (0xbfe5)
core   0: 0x8000a4ce (0x00006f17) auipc   t5, 0x6
core   0: 3 0x8000a4ce (0x00006f17) x30 0x800104ce
core   0: 0x8000a4d2 (0xb23f2923) sw      gp, -1230(t5)
core   0: 3 0x8000a4d2 (0xb23f2923) mem 0x80010000 0x00000001
core   0: 0x8000a4d6 (0x0000bfe5) c.j     pc - 8
core   0: 3 0x8000a4d6 (0xbfe5)
core   0: 0x8000a4ce (0x00006f17) auipc   t5, 0x6
core   0: 3 0x8000a4ce (0x00006f17) x30 0x800104ce
core   0: 0x8000a4d2 (0xb23f2923) sw      gp, -1230(t5)
core   0: 3 0x8000a4d2 (0xb23f2923) mem 0x80010000 0x00000001
core   0: 0x8000a4d6 (0x0000bfe5) c.j     pc - 8
core   0: 3 0x8000a4d6 (0xbfe5)
core   0: 0x8000a4ce (0x00006f17) auipc   t5, 0x6
core   0: 3 0x8000a4ce (0x00006f17) x30 0x800104ce
core   0: 0x8000a4d2 (0xb23f2923) sw      gp, -1230(t5)
core   0: 3 0x8000a4d2 (0xb23f2923) mem 0x80010000 0x00000001
core   0: 0x8000a4d6 (0x0000bfe5) c.j     pc - 8
core   0: 3 0x8000a4d6 (0xbfe5)
core   0: 0x8000a4ce (0x00006f17) auipc   t5, 0x6
core   0: 3 0x8000a4ce (0x00006f17) x30 0x800104ce
core   0: 0x8000a4d2 (0xb23f2923) sw      gp, -1230(t5)
core   0: 3 0x8000a4d2 (0xb23f2923) mem 0x80010000 0x00000001
core   0: 0x8000a4d6 (0x0000bfe5) c.j     pc - 8
core   0: 3 0x8000a4d6 (0xbfe5)
core   0: 0x8000a4ce (0x00006f17) auipc   t5, 0x6
core   0: 3 0x8000a4ce (0x00006f17) x30 0x800104ce
core   0: 0x8000a4d2 (0xb23f2923) sw      gp, -1230(t5)
core   0: 3 0x8000a4d2 (0xb23f2923) mem 0x80010000 0x00000001
core   0: 0x8000a4d6 (0x0000bfe5) c.j     pc - 8
core   0: 3 0x8000a4d6 (0xbfe5)
core   0: 0x8000a4ce (0x00006f17) auipc   t5, 0x6
core   0: 3 0x8000a4ce (0x00006f17) x30 0x800104ce
core   0: 0x8000a4d2 (0xb23f2923) sw      gp, -1230(t5)
core   0: 3 0x8000a4d2 (0xb23f2923) mem 0x80010000 0x00000001
core   0: 0x8000a4d6 (0x0000bfe5) c.j     pc - 8
core   0: 3 0x8000a4d6 (0xbfe5)
core   0: 0x8000a4ce (0x00006f17) auipc   t5, 0x6
core   0: 3 0x8000a4ce (0x00006f17) x30 0x800104ce
core   0: 0x8000a4d2 (0xb23f2923) sw      gp, -1230(t5)
core   0: 3 0x8000a4d2 (0xb23f2923) mem 0x80010000 0x00000001
core   0: 0x8000a4d6 (0x0000bfe5) c.j     pc - 8
core   0: 3 0x8000a4d6 (0xbfe5)
core   0: 0x8000a4ce (0x00006f17) auipc   t5, 0x6
core   0: 3 0x8000a4ce (0x00006f17) x30 0x800104ce
core   0: 0x8000a4d2 (0xb23f2923) sw      gp, -1230(t5)
core   0: 3 0x8000a4d2 (0xb23f2923) mem 0x80010000 0x00000001
core   0: 0x8000a4d6 (0x0000bfe5) c.j     pc - 8
core   0: 3 0x8000a4d6 (0xbfe5)
core   0: 0x8000a4ce (0x00006f17) auipc   t5, 0x6
core   0: 3 0x8000a4ce (0x00006f17) x30 0x800104ce
core   0: 0x8000a4d2 (0xb23f2923) sw      gp, -1230(t5)
core   0: 3 0x8000a4d2 (0xb23f2923) mem 0x80010000 0x00000001
core   0: 0x8000a4d6 (0x0000bfe5) c.j     pc - 8
core   0: 3 0x8000a4d6 (0xbfe5)
core   0: 0x8000a4ce (0x00006f17) auipc   t5, 0x6
core   0: 3 0x8000a4ce (0x00006f17) x30 0x800104ce
core   0: 0x8000a4d2 (0xb23f2923) sw      gp, -1230(t5)
core   0: 3 0x8000a4d2 (0xb23f2923) mem 0x80010000 0x00000001
core   0: 0x8000a4d6 (0x0000bfe5) c.j     pc - 8
core   0: 3 0x8000a4d6 (0xbfe5)
core   0: 0x8000a4ce (0x00006f17) auipc   t5, 0x6
core   0: 3 0x8000a4ce (0x00006f17) x30 0x800104ce
core   0: 0x8000a4d2 (0xb23f2923) sw      gp, -1230(t5)
core   0: 3 0x8000a4d2 (0xb23f2923) mem 0x80010000 0x00000001
core   0: 0x8000a4d6 (0x0000bfe5) c.j     pc - 8
core   0: 3 0x8000a4d6 (0xbfe5)
core   0: 0x8000a4ce (0x00006f17) auipc   t5, 0x6
core   0: 3 0x8000a4ce (0x00006f17) x30 0x800104ce
core   0: 0x8000a4d2 (0xb23f2923) sw      gp, -1230(t5)
core   0: 3 0x8000a4d2 (0xb23f2923) mem 0x80010000 0x00000001
core   0: 0x8000a4d6 (0x0000bfe5) c.j     pc - 8
core   0: 3 0x8000a4d6 (0xbfe5)
core   0: 0x8000a4ce (0x00006f17) auipc   t5, 0x6
core   0: 3 0x8000a4ce (0x00006f17) x30 0x800104ce
core   0: 0x8000a4d2 (0xb23f2923) sw      gp, -1230(t5)
core   0: 3 0x8000a4d2 (0xb23f2923) mem 0x80010000 0x00000001
core   0: 0x8000a4d6 (0x0000bfe5) c.j     pc - 8
core   0: 3 0x8000a4d6 (0xbfe5)
core   0: 0x8000a4ce (0x00006f17) auipc   t5, 0x6
core   0: 3 0x8000a4ce (0x00006f17) x30 0x800104ce
core   0: 0x8000a4d2 (0xb23f2923) sw      gp, -1230(t5)
core   0: 3 0x8000a4d2 (0xb23f2923) mem 0x80010000 0x00000001
core   0: 0x8000a4d6 (0x0000bfe5) c.j     pc - 8
core   0: 3 0x8000a4d6 (0xbfe5)
core   0: 0x8000a4ce (0x00006f17) auipc   t5, 0x6
core   0: 3 0x8000a4ce (0x00006f17) x30 0x800104ce
core   0: 0x8000a4d2 (0xb23f2923) sw      gp, -1230(t5)
core   0: 3 0x8000a4d2 (0xb23f2923) mem 0x80010000 0x00000001
core   0: 0x8000a4d6 (0x0000bfe5) c.j     pc - 8
core   0: 3 0x8000a4d6 (0xbfe5)
core   0: 0x8000a4ce (0x00006f17) auipc   t5, 0x6
core   0: 3 0x8000a4ce (0x00006f17) x30 0x800104ce
core   0: 0x8000a4d2 (0xb23f2923) sw      gp, -1230(t5)
core   0: 3 0x8000a4d2 (0xb23f2923) mem 0x80010000 0x00000001
core   0: 0x8000a4d6 (0x0000bfe5) c.j     pc - 8
core   0: 3 0x8000a4d6 (0xbfe5)
core   0: 0x8000a4ce (0x00006f17) auipc   t5, 0x6
core   0: 3 0x8000a4ce (0x00006f17) x30 0x800104ce
core   0: 0x8000a4d2 (0xb23f2923) sw      gp, -1230(t5)
core   0: 3 0x8000a4d2 (0xb23f2923) mem 0x80010000 0x00000001
core   0: 0x8000a4d6 (0x0000bfe5) c.j     pc - 8
core   0: 3 0x8000a4d6 (0xbfe5)
core   0: 0x8000a4ce (0x00006f17) auipc   t5, 0x6
core   0: 3 0x8000a4ce (0x00006f17) x30 0x800104ce
core   0: 0x8000a4d2 (0xb23f2923) sw      gp, -1230(t5)
core   0: 3 0x8000a4d2 (0xb23f2923) mem 0x80010000 0x00000001
core   0: 0x8000a4d6 (0x0000bfe5) c.j     pc - 8
core   0: 3 0x8000a4d6 (0xbfe5)
core   0: 0x8000a4ce (0x00006f17) auipc   t5, 0x6
core   0: 3 0x8000a4ce (0x00006f17) x30 0x800104ce
core   0: 0x8000a4d2 (0xb23f2923) sw      gp, -1230(t5)
core   0: 3 0x8000a4d2 (0xb23f2923) mem 0x80010000 0x00000001
core   0: 0x8000a4d6 (0x0000bfe5) c.j     pc - 8
core   0: 3 0x8000a4d6 (0xbfe5)
core   0: 0x8000a4ce (0x00006f17) auipc   t5, 0x6
core   0: 3 0x8000a4ce (0x00006f17) x30 0x800104ce
core   0: 0x8000a4d2 (0xb23f2923) sw      gp, -1230(t5)
core   0: 3 0x8000a4d2 (0xb23f2923) mem 0x80010000 0x00000001
core   0: 0x8000a4d6 (0x0000bfe5) c.j     pc - 8
core   0: 3 0x8000a4d6 (0xbfe5)
core   0: 0x8000a4ce (0x00006f17) auipc   t5, 0x6
core   0: 3 0x8000a4ce (0x00006f17) x30 0x800104ce
core   0: 0x8000a4d2 (0xb23f2923) sw      gp, -1230(t5)
core   0: 3 0x8000a4d2 (0xb23f2923) mem 0x80010000 0x00000001
core   0: 0x8000a4d6 (0x0000bfe5) c.j     pc - 8
core   0: 3 0x8000a4d6 (0xbfe5)
core   0: 0x8000a4ce (0x00006f17) auipc   t5, 0x6
core   0: 3 0x8000a4ce (0x00006f17) x30 0x800104ce
core   0: 0x8000a4d2 (0xb23f2923) sw      gp, -1230(t5)
core   0: 3 0x8000a4d2 (0xb23f2923) mem 0x80010000 0x00000001
core   0: 0x8000a4d6 (0x0000bfe5) c.j     pc - 8
core   0: 3 0x8000a4d6 (0xbfe5)
core   0: 0x8000a4ce (0x00006f17) auipc   t5, 0x6
core   0: 3 0x8000a4ce (0x00006f17) x30 0x800104ce
core   0: 0x8000a4d2 (0xb23f2923) sw      gp, -1230(t5)
core   0: 3 0x8000a4d2 (0xb23f2923) mem 0x80010000 0x00000001
core   0: 0x8000a4d6 (0x0000bfe5) c.j     pc - 8
core   0: 3 0x8000a4d6 (0xbfe5)
core   0: 0x8000a4ce (0x00006f17) auipc   t5, 0x6
core   0: 3 0x8000a4ce (0x00006f17) x30 0x800104ce
core   0: 0x8000a4d2 (0xb23f2923) sw      gp, -1230(t5)
core   0: 3 0x8000a4d2 (0xb23f2923) mem 0x80010000 0x00000001
core   0: 0x8000a4d6 (0x0000bfe5) c.j     pc - 8
core   0: 3 0x8000a4d6 (0xbfe5)
core   0: 0x8000a4ce (0x00006f17) auipc   t5, 0x6
core   0: 3 0x8000a4ce (0x00006f17) x30 0x800104ce
core   0: 0x8000a4d2 (0xb23f2923) sw      gp, -1230(t5)
core   0: 3 0x8000a4d2 (0xb23f2923) mem 0x80010000 0x00000001
core   0: 0x8000a4d6 (0x0000bfe5) c.j     pc - 8
core   0: 3 0x8000a4d6 (0xbfe5)
core   0: 0x8000a4ce (0x00006f17) auipc   t5, 0x6
core   0: 3 0x8000a4ce (0x00006f17) x30 0x800104ce
core   0: 0x8000a4d2 (0xb23f2923) sw      gp, -1230(t5)
core   0: 3 0x8000a4d2 (0xb23f2923) mem 0x80010000 0x00000001
core   0: 0x8000a4d6 (0x0000bfe5) c.j     pc - 8
core   0: 3 0x8000a4d6 (0xbfe5)
core   0: 0x8000a4ce (0x00006f17) auipc   t5, 0x6
core   0: 3 0x8000a4ce (0x00006f17) x30 0x800104ce
core   0: 0x8000a4d2 (0xb23f2923) sw      gp, -1230(t5)
core   0: 3 0x8000a4d2 (0xb23f2923) mem 0x80010000 0x00000001
core   0: 0x8000a4d6 (0x0000bfe5) c.j     pc - 8
core   0: 3 0x8000a4d6 (0xbfe5)
core   0: 0x8000a4ce (0x00006f17) auipc   t5, 0x6
core   0: 3 0x8000a4ce (0x00006f17) x30 0x800104ce
core   0: 0x8000a4d2 (0xb23f2923) sw      gp, -1230(t5)
core   0: 3 0x8000a4d2 (0xb23f2923) mem 0x80010000 0x00000001
core   0: 0x8000a4d6 (0x0000bfe5) c.j     pc - 8
core   0: 3 0x8000a4d6 (0xbfe5)
core   0: 0x8000a4ce (0x00006f17) auipc   t5, 0x6
core   0: 3 0x8000a4ce (0x00006f17) x30 0x800104ce
core   0: 0x8000a4d2 (0xb23f2923) sw      gp, -1230(t5)
core   0: 3 0x8000a4d2 (0xb23f2923) mem 0x80010000 0x00000001
core   0: 0x8000a4d6 (0x0000bfe5) c.j     pc - 8
core   0: 3 0x8000a4d6 (0xbfe5)
core   0: 0x8000a4ce (0x00006f17) auipc   t5, 0x6
core   0: 3 0x8000a4ce (0x00006f17) x30 0x800104ce
core   0: 0x8000a4d2 (0xb23f2923) sw      gp, -1230(t5)
core   0: 3 0x8000a4d2 (0xb23f2923) mem 0x80010000 0x00000001
core   0: 0x8000a4d6 (0x0000bfe5) c.j     pc - 8
core   0: 3 0x8000a4d6 (0xbfe5)
core   0: 0x8000a4ce (0x00006f17) auipc   t5, 0x6
core   0: 3 0x8000a4ce (0x00006f17) x30 0x800104ce
core   0: 0x8000a4d2 (0xb23f2923) sw      gp, -1230(t5)
core   0: 3 0x8000a4d2 (0xb23f2923) mem 0x80010000 0x00000001
core   0: 0x8000a4d6 (0x0000bfe5) c.j     pc - 8
core   0: 3 0x8000a4d6 (0xbfe5)
core   0: 0x8000a4ce (0x00006f17) auipc   t5, 0x6
core   0: 3 0x8000a4ce (0x00006f17) x30 0x800104ce
core   0: 0x8000a4d2 (0xb23f2923) sw      gp, -1230(t5)
core   0: 3 0x8000a4d2 (0xb23f2923) mem 0x80010000 0x00000001
core   0: 0x8000a4d6 (0x0000bfe5) c.j     pc - 8
core   0: 3 0x8000a4d6 (0xbfe5)
core   0: 0x8000a4ce (0x00006f17) auipc   t5, 0x6
core   0: 3 0x8000a4ce (0x00006f17) x30 0x800104ce
core   0: 0x8000a4d2 (0xb23f2923) sw      gp, -1230(t5)
core   0: 3 0x8000a4d2 (0xb23f2923) mem 0x80010000 0x00000001
core   0: 0x8000a4d6 (0x0000bfe5) c.j     pc - 8
core   0: 3 0x8000a4d6 (0xbfe5)
core   0: 0x8000a4ce (0x00006f17) auipc   t5, 0x6
core   0: 3 0x8000a4ce (0x00006f17) x30 0x800104ce
core   0: 0x8000a4d2 (0xb23f2923) sw      gp, -1230(t5)
core   0: 3 0x8000a4d2 (0xb23f2923) mem 0x80010000 0x00000001
core   0: 0x8000a4d6 (0x0000bfe5) c.j     pc - 8
core   0: 3 0x8000a4d6 (0xbfe5)
core   0: 0x8000a4ce (0x00006f17) auipc   t5, 0x6
core   0: 3 0x8000a4ce (0x00006f17) x30 0x800104ce
core   0: 0x8000a4d2 (0xb23f2923) sw      gp, -1230(t5)
core   0: 3 0x8000a4d2 (0xb23f2923) mem 0x80010000 0x00000001
core   0: 0x8000a4d6 (0x0000bfe5) c.j     pc - 8
core   0: 3 0x8000a4d6 (0xbfe5)
core   0: 0x8000a4ce (0x00006f17) auipc   t5, 0x6
core   0: 3 0x8000a4ce (0x00006f17) x30 0x800104ce
core   0: 0x8000a4d2 (0xb23f2923) sw      gp, -1230(t5)
core   0: 3 0x8000a4d2 (0xb23f2923) mem 0x80010000 0x00000001
core   0: 0x8000a4d6 (0x0000bfe5) c.j     pc - 8
core   0: 3 0x8000a4d6 (0xbfe5)
core   0: 0x8000a4ce (0x00006f17) auipc   t5, 0x6
core   0: 3 0x8000a4ce (0x00006f17) x30 0x800104ce
core   0: 0x8000a4d2 (0xb23f2923) sw      gp, -1230(t5)
core   0: 3 0x8000a4d2 (0xb23f2923) mem 0x80010000 0x00000001
core   0: 0x8000a4d6 (0x0000bfe5) c.j     pc - 8
core   0: 3 0x8000a4d6 (0xbfe5)
core   0: 0x8000a4ce (0x00006f17) auipc   t5, 0x6
core   0: 3 0x8000a4ce (0x00006f17) x30 0x800104ce
core   0: 0x8000a4d2 (0xb23f2923) sw      gp, -1230(t5)
core   0: 3 0x8000a4d2 (0xb23f2923) mem 0x80010000 0x00000001
core   0: 0x8000a4d6 (0x0000bfe5) c.j     pc - 8
core   0: 3 0x8000a4d6 (0xbfe5)
core   0: 0x8000a4ce (0x00006f17) auipc   t5, 0x6
core   0: 3 0x8000a4ce (0x00006f17) x30 0x800104ce
core   0: 0x8000a4d2 (0xb23f2923) sw      gp, -1230(t5)
core   0: 3 0x8000a4d2 (0xb23f2923) mem 0x80010000 0x00000001
core   0: 0x8000a4d6 (0x0000bfe5) c.j     pc - 8
core   0: 3 0x8000a4d6 (0xbfe5)
core   0: 0x8000a4ce (0x00006f17) auipc   t5, 0x6
core   0: 3 0x8000a4ce (0x00006f17) x30 0x800104ce
core   0: 0x8000a4d2 (0xb23f2923) sw      gp, -1230(t5)
core   0: 3 0x8000a4d2 (0xb23f2923) mem 0x80010000 0x00000001
core   0: 0x8000a4d6 (0x0000bfe5) c.j     pc - 8
core   0: 3 0x8000a4d6 (0xbfe5)
core   0: 0x8000a4ce (0x00006f17) auipc   t5, 0x6
core   0: 3 0x8000a4ce (0x00006f17) x30 0x800104ce
core   0: 0x8000a4d2 (0xb23f2923) sw      gp, -1230(t5)
core   0: 3 0x8000a4d2 (0xb23f2923) mem 0x80010000 0x00000001
core   0: 0x8000a4d6 (0x0000bfe5) c.j     pc - 8
core   0: 3 0x8000a4d6 (0xbfe5)
core   0: 0x8000a4ce (0x00006f17) auipc   t5, 0x6
core   0: 3 0x8000a4ce (0x00006f17) x30 0x800104ce
core   0: 0x8000a4d2 (0xb23f2923) sw      gp, -1230(t5)
core   0: 3 0x8000a4d2 (0xb23f2923) mem 0x80010000 0x00000001
core   0: 0x8000a4d6 (0x0000bfe5) c.j     pc - 8
core   0: 3 0x8000a4d6 (0xbfe5)
core   0: 0x8000a4ce (0x00006f17) auipc   t5, 0x6
core   0: 3 0x8000a4ce (0x00006f17) x30 0x800104ce
core   0: 0x8000a4d2 (0xb23f2923) sw      gp, -1230(t5)
core   0: 3 0x8000a4d2 (0xb23f2923) mem 0x80010000 0x00000001
core   0: 0x8000a4d6 (0x0000bfe5) c.j     pc - 8
core   0: 3 0x8000a4d6 (0xbfe5)
core   0: 0x8000a4ce (0x00006f17) auipc   t5, 0x6
core   0: 3 0x8000a4ce (0x00006f17) x30 0x800104ce
core   0: 0x8000a4d2 (0xb23f2923) sw      gp, -1230(t5)
core   0: 3 0x8000a4d2 (0xb23f2923) mem 0x80010000 0x00000001
core   0: 0x8000a4d6 (0x0000bfe5) c.j     pc - 8
core   0: 3 0x8000a4d6 (0xbfe5)
core   0: 0x8000a4ce (0x00006f17) auipc   t5, 0x6
core   0: 3 0x8000a4ce (0x00006f17) x30 0x800104ce
core   0: 0x8000a4d2 (0xb23f2923) sw      gp, -1230(t5)
core   0: 3 0x8000a4d2 (0xb23f2923) mem 0x80010000 0x00000001
core   0: 0x8000a4d6 (0x0000bfe5) c.j     pc - 8
core   0: 3 0x8000a4d6 (0xbfe5)
core   0: 0x8000a4ce (0x00006f17) auipc   t5, 0x6
core   0: 3 0x8000a4ce (0x00006f17) x30 0x800104ce
core   0: 0x8000a4d2 (0xb23f2923) sw      gp, -1230(t5)
core   0: 3 0x8000a4d2 (0xb23f2923) mem 0x80010000 0x00000001
core   0: 0x8000a4d6 (0x0000bfe5) c.j     pc - 8
core   0: 3 0x8000a4d6 (0xbfe5)
core   0: 0x8000a4ce (0x00006f17) auipc   t5, 0x6
core   0: 3 0x8000a4ce (0x00006f17) x30 0x800104ce
core   0: 0x8000a4d2 (0xb23f2923) sw      gp, -1230(t5)
core   0: 3 0x8000a4d2 (0xb23f2923) mem 0x80010000 0x00000001
core   0: 0x8000a4d6 (0x0000bfe5) c.j     pc - 8
core   0: 3 0x8000a4d6 (0xbfe5)
core   0: 0x8000a4ce (0x00006f17) auipc   t5, 0x6
core   0: 3 0x8000a4ce (0x00006f17) x30 0x800104ce
core   0: 0x8000a4d2 (0xb23f2923) sw      gp, -1230(t5)
core   0: 3 0x8000a4d2 (0xb23f2923) mem 0x80010000 0x00000001
core   0: 0x8000a4d6 (0x0000bfe5) c.j     pc - 8
core   0: 3 0x8000a4d6 (0xbfe5)
core   0: 0x8000a4ce (0x00006f17) auipc   t5, 0x6
core   0: 3 0x8000a4ce (0x00006f17) x30 0x800104ce
core   0: 0x8000a4d2 (0xb23f2923) sw      gp, -1230(t5)
core   0: 3 0x8000a4d2 (0xb23f2923) mem 0x80010000 0x00000001
core   0: 0x8000a4d6 (0x0000bfe5) c.j     pc - 8
core   0: 3 0x8000a4d6 (0xbfe5)
core   0: 0x8000a4ce (0x00006f17) auipc   t5, 0x6
core   0: 3 0x8000a4ce (0x00006f17) x30 0x800104ce
core   0: 0x8000a4d2 (0xb23f2923) sw      gp, -1230(t5)
core   0: 3 0x8000a4d2 (0xb23f2923) mem 0x80010000 0x00000001
core   0: 0x8000a4d6 (0x0000bfe5) c.j     pc - 8
core   0: 3 0x8000a4d6 (0xbfe5)
core   0: 0x8000a4ce (0x00006f17) auipc   t5, 0x6
core   0: 3 0x8000a4ce (0x00006f17) x30 0x800104ce
core   0: 0x8000a4d2 (0xb23f2923) sw      gp, -1230(t5)
core   0: 3 0x8000a4d2 (0xb23f2923) mem 0x80010000 0x00000001
core   0: 0x8000a4d6 (0x0000bfe5) c.j     pc - 8
core   0: 3 0x8000a4d6 (0xbfe5)
core   0: 0x8000a4ce (0x00006f17) auipc   t5, 0x6
core   0: 3 0x8000a4ce (0x00006f17) x30 0x800104ce
core   0: 0x8000a4d2 (0xb23f2923) sw      gp, -1230(t5)
core   0: 3 0x8000a4d2 (0xb23f2923) mem 0x80010000 0x00000001
core   0: 0x8000a4d6 (0x0000bfe5) c.j     pc - 8
core   0: 3 0x8000a4d6 (0xbfe5)
core   0: 0x8000a4ce (0x00006f17) auipc   t5, 0x6
core   0: 3 0x8000a4ce (0x00006f17) x30 0x800104ce
core   0: 0x8000a4d2 (0xb23f2923) sw      gp, -1230(t5)
core   0: 3 0x8000a4d2 (0xb23f2923) mem 0x80010000 0x00000001
core   0: 0x8000a4d6 (0x0000bfe5) c.j     pc - 8
core   0: 3 0x8000a4d6 (0xbfe5)
core   0: 0x8000a4ce (0x00006f17) auipc   t5, 0x6
core   0: 3 0x8000a4ce (0x00006f17) x30 0x800104ce
core   0: 0x8000a4d2 (0xb23f2923) sw      gp, -1230(t5)
core   0: 3 0x8000a4d2 (0xb23f2923) mem 0x80010000 0x00000001
core   0: 0x8000a4d6 (0x0000bfe5) c.j     pc - 8
core   0: 3 0x8000a4d6 (0xbfe5)
core   0: 0x8000a4ce (0x00006f17) auipc   t5, 0x6
core   0: 3 0x8000a4ce (0x00006f17) x30 0x800104ce
core   0: 0x8000a4d2 (0xb23f2923) sw      gp, -1230(t5)
core   0: 3 0x8000a4d2 (0xb23f2923) mem 0x80010000 0x00000001
core   0: 0x8000a4d6 (0x0000bfe5) c.j     pc - 8
core   0: 3 0x8000a4d6 (0xbfe5)
core   0: 0x8000a4ce (0x00006f17) auipc   t5, 0x6
core   0: 3 0x8000a4ce (0x00006f17) x30 0x800104ce
core   0: 0x8000a4d2 (0xb23f2923) sw      gp, -1230(t5)
core   0: 3 0x8000a4d2 (0xb23f2923) mem 0x80010000 0x00000001
core   0: 0x8000a4d6 (0x0000bfe5) c.j     pc - 8
core   0: 3 0x8000a4d6 (0xbfe5)
core   0: 0x8000a4ce (0x00006f17) auipc   t5, 0x6
core   0: 3 0x8000a4ce (0x00006f17) x30 0x800104ce
core   0: 0x8000a4d2 (0xb23f2923) sw      gp, -1230(t5)
core   0: 3 0x8000a4d2 (0xb23f2923) mem 0x80010000 0x00000001
core   0: 0x8000a4d6 (0x0000bfe5) c.j     pc - 8
core   0: 3 0x8000a4d6 (0xbfe5)
core   0: 0x8000a4ce (0x00006f17) auipc   t5, 0x6
core   0: 3 0x8000a4ce (0x00006f17) x30 0x800104ce
core   0: 0x8000a4d2 (0xb23f2923) sw      gp, -1230(t5)
core   0: 3 0x8000a4d2 (0xb23f2923) mem 0x80010000 0x00000001
core   0: 0x8000a4d6 (0x0000bfe5) c.j     pc - 8
core   0: 3 0x8000a4d6 (0xbfe5)
core   0: 0x8000a4ce (0x00006f17) auipc   t5, 0x6
core   0: 3 0x8000a4ce (0x00006f17) x30 0x800104ce
core   0: 0x8000a4d2 (0xb23f2923) sw      gp, -1230(t5)
core   0: 3 0x8000a4d2 (0xb23f2923) mem 0x80010000 0x00000001
core   0: 0x8000a4d6 (0x0000bfe5) c.j     pc - 8
core   0: 3 0x8000a4d6 (0xbfe5)
core   0: 0x8000a4ce (0x00006f17) auipc   t5, 0x6
core   0: 3 0x8000a4ce (0x00006f17) x30 0x800104ce
core   0: 0x8000a4d2 (0xb23f2923) sw      gp, -1230(t5)
core   0: 3 0x8000a4d2 (0xb23f2923) mem 0x80010000 0x00000001
core   0: 0x8000a4d6 (0x0000bfe5) c.j     pc - 8
core   0: 3 0x8000a4d6 (0xbfe5)
core   0: 0x8000a4ce (0x00006f17) auipc   t5, 0x6
core   0: 3 0x8000a4ce (0x00006f17) x30 0x800104ce
core   0: 0x8000a4d2 (0xb23f2923) sw      gp, -1230(t5)
core   0: 3 0x8000a4d2 (0xb23f2923) mem 0x80010000 0x00000001
core   0: 0x8000a4d6 (0x0000bfe5) c.j     pc - 8
core   0: 3 0x8000a4d6 (0xbfe5)
core   0: 0x8000a4ce (0x00006f17) auipc   t5, 0x6
core   0: 3 0x8000a4ce (0x00006f17) x30 0x800104ce
core   0: 0x8000a4d2 (0xb23f2923) sw      gp, -1230(t5)
core   0: 3 0x8000a4d2 (0xb23f2923) mem 0x80010000 0x00000001
core   0: 0x8000a4d6 (0x0000bfe5) c.j     pc - 8
core   0: 3 0x8000a4d6 (0xbfe5)
core   0: 0x8000a4ce (0x00006f17) auipc   t5, 0x6
core   0: 3 0x8000a4ce (0x00006f17) x30 0x800104ce
core   0: 0x8000a4d2 (0xb23f2923) sw      gp, -1230(t5)
core   0: 3 0x8000a4d2 (0xb23f2923) mem 0x80010000 0x00000001
core   0: 0x8000a4d6 (0x0000bfe5) c.j     pc - 8
core   0: 3 0x8000a4d6 (0xbfe5)
core   0: 0x8000a4ce (0x00006f17) auipc   t5, 0x6
core   0: 3 0x8000a4ce (0x00006f17) x30 0x800104ce
core   0: 0x8000a4d2 (0xb23f2923) sw      gp, -1230(t5)
core   0: 3 0x8000a4d2 (0xb23f2923) mem 0x80010000 0x00000001
core   0: 0x8000a4d6 (0x0000bfe5) c.j     pc - 8
core   0: 3 0x8000a4d6 (0xbfe5)
core   0: 0x8000a4ce (0x00006f17) auipc   t5, 0x6
core   0: 3 0x8000a4ce (0x00006f17) x30 0x800104ce
core   0: 0x8000a4d2 (0xb23f2923) sw      gp, -1230(t5)
core   0: 3 0x8000a4d2 (0xb23f2923) mem 0x80010000 0x00000001
core   0: 0x8000a4d6 (0x0000bfe5) c.j     pc - 8
core   0: 3 0x8000a4d6 (0xbfe5)
core   0: 0x8000a4ce (0x00006f17) auipc   t5, 0x6
core   0: 3 0x8000a4ce (0x00006f17) x30 0x800104ce
core   0: 0x8000a4d2 (0xb23f2923) sw      gp, -1230(t5)
core   0: 3 0x8000a4d2 (0xb23f2923) mem 0x80010000 0x00000001
core   0: 0x8000a4d6 (0x0000bfe5) c.j     pc - 8
core   0: 3 0x8000a4d6 (0xbfe5)
core   0: 0x8000a4ce (0x00006f17) auipc   t5, 0x6
core   0: 3 0x8000a4ce (0x00006f17) x30 0x800104ce
core   0: 0x8000a4d2 (0xb23f2923) sw      gp, -1230(t5)
core   0: 3 0x8000a4d2 (0xb23f2923) mem 0x80010000 0x00000001
core   0: 0x8000a4d6 (0x0000bfe5) c.j     pc - 8
core   0: 3 0x8000a4d6 (0xbfe5)
core   0: 0x8000a4ce (0x00006f17) auipc   t5, 0x6
core   0: 3 0x8000a4ce (0x00006f17) x30 0x800104ce
core   0: 0x8000a4d2 (0xb23f2923) sw      gp, -1230(t5)
core   0: 3 0x8000a4d2 (0xb23f2923) mem 0x80010000 0x00000001
core   0: 0x8000a4d6 (0x0000bfe5) c.j     pc - 8
core   0: 3 0x8000a4d6 (0xbfe5)
core   0: 0x8000a4ce (0x00006f17) auipc   t5, 0x6
core   0: 3 0x8000a4ce (0x00006f17) x30 0x800104ce
core   0: 0x8000a4d2 (0xb23f2923) sw      gp, -1230(t5)
core   0: 3 0x8000a4d2 (0xb23f2923) mem 0x80010000 0x00000001
core   0: 0x8000a4d6 (0x0000bfe5) c.j     pc - 8
core   0: 3 0x8000a4d6 (0xbfe5)
core   0: 0x8000a4ce (0x00006f17) auipc   t5, 0x6
core   0: 3 0x8000a4ce (0x00006f17) x30 0x800104ce
core   0: 0x8000a4d2 (0xb23f2923) sw      gp, -1230(t5)
core   0: 3 0x8000a4d2 (0xb23f2923) mem 0x80010000 0x00000001
core   0: 0x8000a4d6 (0x0000bfe5) c.j     pc - 8
core   0: 3 0x8000a4d6 (0xbfe5)
core   0: 0x8000a4ce (0x00006f17) auipc   t5, 0x6
core   0: 3 0x8000a4ce (0x00006f17) x30 0x800104ce
core   0: 0x8000a4d2 (0xb23f2923) sw      gp, -1230(t5)
core   0: 3 0x8000a4d2 (0xb23f2923) mem 0x80010000 0x00000001
core   0: 0x8000a4d6 (0x0000bfe5) c.j     pc - 8
core   0: 3 0x8000a4d6 (0xbfe5)
core   0: 0x8000a4ce (0x00006f17) auipc   t5, 0x6
core   0: 3 0x8000a4ce (0x00006f17) x30 0x800104ce
core   0: 0x8000a4d2 (0xb23f2923) sw      gp, -1230(t5)
core   0: 3 0x8000a4d2 (0xb23f2923) mem 0x80010000 0x00000001
core   0: 0x8000a4d6 (0x0000bfe5) c.j     pc - 8
core   0: 3 0x8000a4d6 (0xbfe5)
core   0: 0x8000a4ce (0x00006f17) auipc   t5, 0x6
core   0: 3 0x8000a4ce (0x00006f17) x30 0x800104ce
core   0: 0x8000a4d2 (0xb23f2923) sw      gp, -1230(t5)
core   0: 3 0x8000a4d2 (0xb23f2923) mem 0x80010000 0x00000001
core   0: 0x8000a4d6 (0x0000bfe5) c.j     pc - 8
core   0: 3 0x8000a4d6 (0xbfe5)
core   0: 0x8000a4ce (0x00006f17) auipc   t5, 0x6
core   0: 3 0x8000a4ce (0x00006f17) x30 0x800104ce
core   0: 0x8000a4d2 (0xb23f2923) sw      gp, -1230(t5)
core   0: 3 0x8000a4d2 (0xb23f2923) mem 0x80010000 0x00000001
core   0: 0x8000a4d6 (0x0000bfe5) c.j     pc - 8
core   0: 3 0x8000a4d6 (0xbfe5)
core   0: 0x8000a4ce (0x00006f17) auipc   t5, 0x6
core   0: 3 0x8000a4ce (0x00006f17) x30 0x800104ce
core   0: 0x8000a4d2 (0xb23f2923) sw      gp, -1230(t5)
core   0: 3 0x8000a4d2 (0xb23f2923) mem 0x80010000 0x00000001
core   0: 0x8000a4d6 (0x0000bfe5) c.j     pc - 8
core   0: 3 0x8000a4d6 (0xbfe5)
core   0: 0x8000a4ce (0x00006f17) auipc   t5, 0x6
core   0: 3 0x8000a4ce (0x00006f17) x30 0x800104ce
core   0: 0x8000a4d2 (0xb23f2923) sw      gp, -1230(t5)
core   0: 3 0x8000a4d2 (0xb23f2923) mem 0x80010000 0x00000001
core   0: 0x8000a4d6 (0x0000bfe5) c.j     pc - 8
core   0: 3 0x8000a4d6 (0xbfe5)
core   0: 0x8000a4ce (0x00006f17) auipc   t5, 0x6
core   0: 3 0x8000a4ce (0x00006f17) x30 0x800104ce
core   0: 0x8000a4d2 (0xb23f2923) sw      gp, -1230(t5)
core   0: 3 0x8000a4d2 (0xb23f2923) mem 0x80010000 0x00000001
core   0: 0x8000a4d6 (0x0000bfe5) c.j     pc - 8
core   0: 3 0x8000a4d6 (0xbfe5)
core   0: 0x8000a4ce (0x00006f17) auipc   t5, 0x6
core   0: 3 0x8000a4ce (0x00006f17) x30 0x800104ce
core   0: 0x8000a4d2 (0xb23f2923) sw      gp, -1230(t5)
core   0: 3 0x8000a4d2 (0xb23f2923) mem 0x80010000 0x00000001
core   0: 0x8000a4d6 (0x0000bfe5) c.j     pc - 8
core   0: 3 0x8000a4d6 (0xbfe5)
core   0: 0x8000a4ce (0x00006f17) auipc   t5, 0x6
core   0: 3 0x8000a4ce (0x00006f17) x30 0x800104ce
core   0: 0x8000a4d2 (0xb23f2923) sw      gp, -1230(t5)
core   0: 3 0x8000a4d2 (0xb23f2923) mem 0x80010000 0x00000001
core   0: 0x8000a4d6 (0x0000bfe5) c.j     pc - 8
core   0: 3 0x8000a4d6 (0xbfe5)
core   0: 0x8000a4ce (0x00006f17) auipc   t5, 0x6
core   0: 3 0x8000a4ce (0x00006f17) x30 0x800104ce
core   0: 0x8000a4d2 (0xb23f2923) sw      gp, -1230(t5)
core   0: 3 0x8000a4d2 (0xb23f2923) mem 0x80010000 0x00000001
core   0: 0x8000a4d6 (0x0000bfe5) c.j     pc - 8
core   0: 3 0x8000a4d6 (0xbfe5)
core   0: 0x8000a4ce (0x00006f17) auipc   t5, 0x6
core   0: 3 0x8000a4ce (0x00006f17) x30 0x800104ce
core   0: 0x8000a4d2 (0xb23f2923) sw      gp, -1230(t5)
core   0: 3 0x8000a4d2 (0xb23f2923) mem 0x80010000 0x00000001
core   0: 0x8000a4d6 (0x0000bfe5) c.j     pc - 8
core   0: 3 0x8000a4d6 (0xbfe5)
core   0: 0x8000a4ce (0x00006f17) auipc   t5, 0x6
core   0: 3 0x8000a4ce (0x00006f17) x30 0x800104ce
core   0: 0x8000a4d2 (0xb23f2923) sw      gp, -1230(t5)
core   0: 3 0x8000a4d2 (0xb23f2923) mem 0x80010000 0x00000001
core   0: 0x8000a4d6 (0x0000bfe5) c.j     pc - 8
core   0: 3 0x8000a4d6 (0xbfe5)
core   0: 0x8000a4ce (0x00006f17) auipc   t5, 0x6
core   0: 3 0x8000a4ce (0x00006f17) x30 0x800104ce
core   0: 0x8000a4d2 (0xb23f2923) sw      gp, -1230(t5)
core   0: 3 0x8000a4d2 (0xb23f2923) mem 0x80010000 0x00000001
core   0: 0x8000a4d6 (0x0000bfe5) c.j     pc - 8
core   0: 3 0x8000a4d6 (0xbfe5)
core   0: 0x8000a4ce (0x00006f17) auipc   t5, 0x6
core   0: 3 0x8000a4ce (0x00006f17) x30 0x800104ce
core   0: 0x8000a4d2 (0xb23f2923) sw      gp, -1230(t5)
core   0: 3 0x8000a4d2 (0xb23f2923) mem 0x80010000 0x00000001
core   0: 0x8000a4d6 (0x0000bfe5) c.j     pc - 8
core   0: 3 0x8000a4d6 (0xbfe5)
core   0: 0x8000a4ce (0x00006f17) auipc   t5, 0x6
core   0: 3 0x8000a4ce (0x00006f17) x30 0x800104ce
core   0: 0x8000a4d2 (0xb23f2923) sw      gp, -1230(t5)
core   0: 3 0x8000a4d2 (0xb23f2923) mem 0x80010000 0x00000001
core   0: 0x8000a4d6 (0x0000bfe5) c.j     pc - 8
core   0: 3 0x8000a4d6 (0xbfe5)
core   0: 0x8000a4ce (0x00006f17) auipc   t5, 0x6
core   0: 3 0x8000a4ce (0x00006f17) x30 0x800104ce
core   0: 0x8000a4d2 (0xb23f2923) sw      gp, -1230(t5)
core   0: 3 0x8000a4d2 (0xb23f2923) mem 0x80010000 0x00000001
core   0: 0x8000a4d6 (0x0000bfe5) c.j     pc - 8
core   0: 3 0x8000a4d6 (0xbfe5)
core   0: 0x8000a4ce (0x00006f17) auipc   t5, 0x6
core   0: 3 0x8000a4ce (0x00006f17) x30 0x800104ce
core   0: 0x8000a4d2 (0xb23f2923) sw      gp, -1230(t5)
core   0: 3 0x8000a4d2 (0xb23f2923) mem 0x80010000 0x00000001
core   0: 0x8000a4d6 (0x0000bfe5) c.j     pc - 8
core   0: 3 0x8000a4d6 (0xbfe5)
core   0: 0x8000a4ce (0x00006f17) auipc   t5, 0x6
core   0: 3 0x8000a4ce (0x00006f17) x30 0x800104ce
core   0: 0x8000a4d2 (0xb23f2923) sw      gp, -1230(t5)
core   0: 3 0x8000a4d2 (0xb23f2923) mem 0x80010000 0x00000001
core   0: 0x8000a4d6 (0x0000bfe5) c.j     pc - 8
core   0: 3 0x8000a4d6 (0xbfe5)
core   0: 0x8000a4ce (0x00006f17) auipc   t5, 0x6
core   0: 3 0x8000a4ce (0x00006f17) x30 0x800104ce
core   0: 0x8000a4d2 (0xb23f2923) sw      gp, -1230(t5)
core   0: 3 0x8000a4d2 (0xb23f2923) mem 0x80010000 0x00000001
core   0: 0x8000a4d6 (0x0000bfe5) c.j     pc - 8
core   0: 3 0x8000a4d6 (0xbfe5)
core   0: 0x8000a4ce (0x00006f17) auipc   t5, 0x6
core   0: 3 0x8000a4ce (0x00006f17) x30 0x800104ce
core   0: 0x8000a4d2 (0xb23f2923) sw      gp, -1230(t5)
core   0: 3 0x8000a4d2 (0xb23f2923) mem 0x80010000 0x00000001
core   0: 0x8000a4d6 (0x0000bfe5) c.j     pc - 8
core   0: 3 0x8000a4d6 (0xbfe5)
core   0: 0x8000a4ce (0x00006f17) auipc   t5, 0x6
core   0: 3 0x8000a4ce (0x00006f17) x30 0x800104ce
core   0: 0x8000a4d2 (0xb23f2923) sw      gp, -1230(t5)
core   0: 3 0x8000a4d2 (0xb23f2923) mem 0x80010000 0x00000001
core   0: 0x8000a4d6 (0x0000bfe5) c.j     pc - 8
core   0: 3 0x8000a4d6 (0xbfe5)
core   0: 0x8000a4ce (0x00006f17) auipc   t5, 0x6
core   0: 3 0x8000a4ce (0x00006f17) x30 0x800104ce
core   0: 0x8000a4d2 (0xb23f2923) sw      gp, -1230(t5)
core   0: 3 0x8000a4d2 (0xb23f2923) mem 0x80010000 0x00000001
core   0: 0x8000a4d6 (0x0000bfe5) c.j     pc - 8
core   0: 3 0x8000a4d6 (0xbfe5)
core   0: 0x8000a4ce (0x00006f17) auipc   t5, 0x6
core   0: 3 0x8000a4ce (0x00006f17) x30 0x800104ce
core   0: 0x8000a4d2 (0xb23f2923) sw      gp, -1230(t5)
core   0: 3 0x8000a4d2 (0xb23f2923) mem 0x80010000 0x00000001
core   0: 0x8000a4d6 (0x0000bfe5) c.j     pc - 8
core   0: 3 0x8000a4d6 (0xbfe5)
core   0: 0x8000a4ce (0x00006f17) auipc   t5, 0x6
core   0: 3 0x8000a4ce (0x00006f17) x30 0x800104ce
core   0: 0x8000a4d2 (0xb23f2923) sw      gp, -1230(t5)
core   0: 3 0x8000a4d2 (0xb23f2923) mem 0x80010000 0x00000001
core   0: 0x8000a4d6 (0x0000bfe5) c.j     pc - 8
core   0: 3 0x8000a4d6 (0xbfe5)
core   0: 0x8000a4ce (0x00006f17) auipc   t5, 0x6
core   0: 3 0x8000a4ce (0x00006f17) x30 0x800104ce
core   0: 0x8000a4d2 (0xb23f2923) sw      gp, -1230(t5)
core   0: 3 0x8000a4d2 (0xb23f2923) mem 0x80010000 0x00000001
core   0: 0x8000a4d6 (0x0000bfe5) c.j     pc - 8
core   0: 3 0x8000a4d6 (0xbfe5)
core   0: 0x8000a4ce (0x00006f17) auipc   t5, 0x6
core   0: 3 0x8000a4ce (0x00006f17) x30 0x800104ce
core   0: 0x8000a4d2 (0xb23f2923) sw      gp, -1230(t5)
core   0: 3 0x8000a4d2 (0xb23f2923) mem 0x80010000 0x00000001
core   0: 0x8000a4d6 (0x0000bfe5) c.j     pc - 8
core   0: 3 0x8000a4d6 (0xbfe5)
core   0: 0x8000a4ce (0x00006f17) auipc   t5, 0x6
core   0: 3 0x8000a4ce (0x00006f17) x30 0x800104ce
core   0: 0x8000a4d2 (0xb23f2923) sw      gp, -1230(t5)
core   0: 3 0x8000a4d2 (0xb23f2923) mem 0x80010000 0x00000001
core   0: 0x8000a4d6 (0x0000bfe5) c.j     pc - 8
core   0: 3 0x8000a4d6 (0xbfe5)
core   0: 0x8000a4ce (0x00006f17) auipc   t5, 0x6
core   0: 3 0x8000a4ce (0x00006f17) x30 0x800104ce
core   0: 0x8000a4d2 (0xb23f2923) sw      gp, -1230(t5)
core   0: 3 0x8000a4d2 (0xb23f2923) mem 0x80010000 0x00000001
core   0: 0x8000a4d6 (0x0000bfe5) c.j     pc - 8
core   0: 3 0x8000a4d6 (0xbfe5)
core   0: 0x8000a4ce (0x00006f17) auipc   t5, 0x6
core   0: 3 0x8000a4ce (0x00006f17) x30 0x800104ce
core   0: 0x8000a4d2 (0xb23f2923) sw      gp, -1230(t5)
core   0: 3 0x8000a4d2 (0xb23f2923) mem 0x80010000 0x00000001
core   0: 0x8000a4d6 (0x0000bfe5) c.j     pc - 8
core   0: 3 0x8000a4d6 (0xbfe5)
core   0: 0x8000a4ce (0x00006f17) auipc   t5, 0x6
core   0: 3 0x8000a4ce (0x00006f17) x30 0x800104ce
core   0: 0x8000a4d2 (0xb23f2923) sw      gp, -1230(t5)
core   0: 3 0x8000a4d2 (0xb23f2923) mem 0x80010000 0x00000001
core   0: 0x8000a4d6 (0x0000bfe5) c.j     pc - 8
core   0: 3 0x8000a4d6 (0xbfe5)
core   0: 0x8000a4ce (0x00006f17) auipc   t5, 0x6
core   0: 3 0x8000a4ce (0x00006f17) x30 0x800104ce
core   0: 0x8000a4d2 (0xb23f2923) sw      gp, -1230(t5)
core   0: 3 0x8000a4d2 (0xb23f2923) mem 0x80010000 0x00000001
core   0: 0x8000a4d6 (0x0000bfe5) c.j     pc - 8
core   0: 3 0x8000a4d6 (0xbfe5)
core   0: 0x8000a4ce (0x00006f17) auipc   t5, 0x6
core   0: 3 0x8000a4ce (0x00006f17) x30 0x800104ce
core   0: 0x8000a4d2 (0xb23f2923) sw      gp, -1230(t5)
core   0: 3 0x8000a4d2 (0xb23f2923) mem 0x80010000 0x00000001
core   0: 0x8000a4d6 (0x0000bfe5) c.j     pc - 8
core   0: 3 0x8000a4d6 (0xbfe5)
core   0: 0x8000a4ce (0x00006f17) auipc   t5, 0x6
core   0: 3 0x8000a4ce (0x00006f17) x30 0x800104ce
core   0: 0x8000a4d2 (0xb23f2923) sw      gp, -1230(t5)
core   0: 3 0x8000a4d2 (0xb23f2923) mem 0x80010000 0x00000001
core   0: 0x8000a4d6 (0x0000bfe5) c.j     pc - 8
core   0: 3 0x8000a4d6 (0xbfe5)
core   0: 0x8000a4ce (0x00006f17) auipc   t5, 0x6
core   0: 3 0x8000a4ce (0x00006f17) x30 0x800104ce
core   0: 0x8000a4d2 (0xb23f2923) sw      gp, -1230(t5)
core   0: 3 0x8000a4d2 (0xb23f2923) mem 0x80010000 0x00000001
core   0: 0x8000a4d6 (0x0000bfe5) c.j     pc - 8
core   0: 3 0x8000a4d6 (0xbfe5)
core   0: 0x8000a4ce (0x00006f17) auipc   t5, 0x6
core   0: 3 0x8000a4ce (0x00006f17) x30 0x800104ce
core   0: 0x8000a4d2 (0xb23f2923) sw      gp, -1230(t5)
core   0: 3 0x8000a4d2 (0xb23f2923) mem 0x80010000 0x00000001
core   0: 0x8000a4d6 (0x0000bfe5) c.j     pc - 8
core   0: 3 0x8000a4d6 (0xbfe5)
core   0: 0x8000a4ce (0x00006f17) auipc   t5, 0x6
core   0: 3 0x8000a4ce (0x00006f17) x30 0x800104ce
core   0: 0x8000a4d2 (0xb23f2923) sw      gp, -1230(t5)
core   0: 3 0x8000a4d2 (0xb23f2923) mem 0x80010000 0x00000001
core   0: 0x8000a4d6 (0x0000bfe5) c.j     pc - 8
core   0: 3 0x8000a4d6 (0xbfe5)
core   0: 0x8000a4ce (0x00006f17) auipc   t5, 0x6
core   0: 3 0x8000a4ce (0x00006f17) x30 0x800104ce
core   0: 0x8000a4d2 (0xb23f2923) sw      gp, -1230(t5)
core   0: 3 0x8000a4d2 (0xb23f2923) mem 0x80010000 0x00000001
core   0: 0x8000a4d6 (0x0000bfe5) c.j     pc - 8
core   0: 3 0x8000a4d6 (0xbfe5)
core   0: 0x8000a4ce (0x00006f17) auipc   t5, 0x6
core   0: 3 0x8000a4ce (0x00006f17) x30 0x800104ce
core   0: 0x8000a4d2 (0xb23f2923) sw      gp, -1230(t5)
core   0: 3 0x8000a4d2 (0xb23f2923) mem 0x80010000 0x00000001
core   0: 0x8000a4d6 (0x0000bfe5) c.j     pc - 8
core   0: 3 0x8000a4d6 (0xbfe5)
core   0: 0x8000a4ce (0x00006f17) auipc   t5, 0x6
core   0: 3 0x8000a4ce (0x00006f17) x30 0x800104ce
core   0: 0x8000a4d2 (0xb23f2923) sw      gp, -1230(t5)
core   0: 3 0x8000a4d2 (0xb23f2923) mem 0x80010000 0x00000001
core   0: 0x8000a4d6 (0x0000bfe5) c.j     pc - 8
core   0: 3 0x8000a4d6 (0xbfe5)
core   0: 0x8000a4ce (0x00006f17) auipc   t5, 0x6
core   0: 3 0x8000a4ce (0x00006f17) x30 0x800104ce
core   0: 0x8000a4d2 (0xb23f2923) sw      gp, -1230(t5)
core   0: 3 0x8000a4d2 (0xb23f2923) mem 0x80010000 0x00000001
core   0: 0x8000a4d6 (0x0000bfe5) c.j     pc - 8
core   0: 3 0x8000a4d6 (0xbfe5)
core   0: 0x8000a4ce (0x00006f17) auipc   t5, 0x6
core   0: 3 0x8000a4ce (0x00006f17) x30 0x800104ce
core   0: 0x8000a4d2 (0xb23f2923) sw      gp, -1230(t5)
core   0: 3 0x8000a4d2 (0xb23f2923) mem 0x80010000 0x00000001
core   0: 0x8000a4d6 (0x0000bfe5) c.j     pc - 8
core   0: 3 0x8000a4d6 (0xbfe5)
core   0: 0x8000a4ce (0x00006f17) auipc   t5, 0x6
core   0: 3 0x8000a4ce (0x00006f17) x30 0x800104ce
core   0: 0x8000a4d2 (0xb23f2923) sw      gp, -1230(t5)
core   0: 3 0x8000a4d2 (0xb23f2923) mem 0x80010000 0x00000001
core   0: 0x8000a4d6 (0x0000bfe5) c.j     pc - 8
core   0: 3 0x8000a4d6 (0xbfe5)
core   0: 0x8000a4ce (0x00006f17) auipc   t5, 0x6
core   0: 3 0x8000a4ce (0x00006f17) x30 0x800104ce
core   0: 0x8000a4d2 (0xb23f2923) sw      gp, -1230(t5)
core   0: 3 0x8000a4d2 (0xb23f2923) mem 0x80010000 0x00000001
core   0: 0x8000a4d6 (0x0000bfe5) c.j     pc - 8
core   0: 3 0x8000a4d6 (0xbfe5)
core   0: 0x8000a4ce (0x00006f17) auipc   t5, 0x6
core   0: 3 0x8000a4ce (0x00006f17) x30 0x800104ce
core   0: 0x8000a4d2 (0xb23f2923) sw      gp, -1230(t5)
core   0: 3 0x8000a4d2 (0xb23f2923) mem 0x80010000 0x00000001
core   0: 0x8000a4d6 (0x0000bfe5) c.j     pc - 8
core   0: 3 0x8000a4d6 (0xbfe5)
core   0: 0x8000a4ce (0x00006f17) auipc   t5, 0x6
core   0: 3 0x8000a4ce (0x00006f17) x30 0x800104ce
core   0: 0x8000a4d2 (0xb23f2923) sw      gp, -1230(t5)
core   0: 3 0x8000a4d2 (0xb23f2923) mem 0x80010000 0x00000001
core   0: 0x8000a4d6 (0x0000bfe5) c.j     pc - 8
core   0: 3 0x8000a4d6 (0xbfe5)
core   0: 0x8000a4ce (0x00006f17) auipc   t5, 0x6
core   0: 3 0x8000a4ce (0x00006f17) x30 0x800104ce
core   0: 0x8000a4d2 (0xb23f2923) sw      gp, -1230(t5)
core   0: 3 0x8000a4d2 (0xb23f2923) mem 0x80010000 0x00000001
core   0: 0x8000a4d6 (0x0000bfe5) c.j     pc - 8
core   0: 3 0x8000a4d6 (0xbfe5)
core   0: 0x8000a4ce (0x00006f17) auipc   t5, 0x6
core   0: 3 0x8000a4ce (0x00006f17) x30 0x800104ce
core   0: 0x8000a4d2 (0xb23f2923) sw      gp, -1230(t5)
core   0: 3 0x8000a4d2 (0xb23f2923) mem 0x80010000 0x00000001
core   0: 0x8000a4d6 (0x0000bfe5) c.j     pc - 8
core   0: 3 0x8000a4d6 (0xbfe5)
core   0: 0x8000a4ce (0x00006f17) auipc   t5, 0x6
core   0: 3 0x8000a4ce (0x00006f17) x30 0x800104ce
core   0: 0x8000a4d2 (0xb23f2923) sw      gp, -1230(t5)
core   0: 3 0x8000a4d2 (0xb23f2923) mem 0x80010000 0x00000001
core   0: 0x8000a4d6 (0x0000bfe5) c.j     pc - 8
core   0: 3 0x8000a4d6 (0xbfe5)
core   0: 0x8000a4ce (0x00006f17) auipc   t5, 0x6
core   0: 3 0x8000a4ce (0x00006f17) x30 0x800104ce
core   0: 0x8000a4d2 (0xb23f2923) sw      gp, -1230(t5)
core   0: 3 0x8000a4d2 (0xb23f2923) mem 0x80010000 0x00000001
core   0: 0x8000a4d6 (0x0000bfe5) c.j     pc - 8
core   0: 3 0x8000a4d6 (0xbfe5)
core   0: 0x8000a4ce (0x00006f17) auipc   t5, 0x6
core   0: 3 0x8000a4ce (0x00006f17) x30 0x800104ce
core   0: 0x8000a4d2 (0xb23f2923) sw      gp, -1230(t5)
core   0: 3 0x8000a4d2 (0xb23f2923) mem 0x80010000 0x00000001
core   0: 0x8000a4d6 (0x0000bfe5) c.j     pc - 8
core   0: 3 0x8000a4d6 (0xbfe5)
core   0: 0x8000a4ce (0x00006f17) auipc   t5, 0x6
core   0: 3 0x8000a4ce (0x00006f17) x30 0x800104ce
core   0: 0x8000a4d2 (0xb23f2923) sw      gp, -1230(t5)
core   0: 3 0x8000a4d2 (0xb23f2923) mem 0x80010000 0x00000001
core   0: 0x8000a4d6 (0x0000bfe5) c.j     pc - 8
core   0: 3 0x8000a4d6 (0xbfe5)
core   0: 0x8000a4ce (0x00006f17) auipc   t5, 0x6
core   0: 3 0x8000a4ce (0x00006f17) x30 0x800104ce
core   0: 0x8000a4d2 (0xb23f2923) sw      gp, -1230(t5)
core   0: 3 0x8000a4d2 (0xb23f2923) mem 0x80010000 0x00000001
core   0: 0x8000a4d6 (0x0000bfe5) c.j     pc - 8
core   0: 3 0x8000a4d6 (0xbfe5)
core   0: 0x8000a4ce (0x00006f17) auipc   t5, 0x6
core   0: 3 0x8000a4ce (0x00006f17) x30 0x800104ce
core   0: 0x8000a4d2 (0xb23f2923) sw      gp, -1230(t5)
core   0: 3 0x8000a4d2 (0xb23f2923) mem 0x80010000 0x00000001
core   0: 0x8000a4d6 (0x0000bfe5) c.j     pc - 8
core   0: 3 0x8000a4d6 (0xbfe5)
core   0: 0x8000a4ce (0x00006f17) auipc   t5, 0x6
core   0: 3 0x8000a4ce (0x00006f17) x30 0x800104ce
core   0: 0x8000a4d2 (0xb23f2923) sw      gp, -1230(t5)
core   0: 3 0x8000a4d2 (0xb23f2923) mem 0x80010000 0x00000001
core   0: 0x8000a4d6 (0x0000bfe5) c.j     pc - 8
core   0: 3 0x8000a4d6 (0xbfe5)
core   0: 0x8000a4ce (0x00006f17) auipc   t5, 0x6
core   0: 3 0x8000a4ce (0x00006f17) x30 0x800104ce
core   0: 0x8000a4d2 (0xb23f2923) sw      gp, -1230(t5)
core   0: 3 0x8000a4d2 (0xb23f2923) mem 0x80010000 0x00000001
core   0: 0x8000a4d6 (0x0000bfe5) c.j     pc - 8
core   0: 3 0x8000a4d6 (0xbfe5)
core   0: 0x8000a4ce (0x00006f17) auipc   t5, 0x6
core   0: 3 0x8000a4ce (0x00006f17) x30 0x800104ce
core   0: 0x8000a4d2 (0xb23f2923) sw      gp, -1230(t5)
core   0: 3 0x8000a4d2 (0xb23f2923) mem 0x80010000 0x00000001
core   0: 0x8000a4d6 (0x0000bfe5) c.j     pc - 8
core   0: 3 0x8000a4d6 (0xbfe5)
core   0: 0x8000a4ce (0x00006f17) auipc   t5, 0x6
core   0: 3 0x8000a4ce (0x00006f17) x30 0x800104ce
core   0: 0x8000a4d2 (0xb23f2923) sw      gp, -1230(t5)
core   0: 3 0x8000a4d2 (0xb23f2923) mem 0x80010000 0x00000001
core   0: 0x8000a4d6 (0x0000bfe5) c.j     pc - 8
core   0: 3 0x8000a4d6 (0xbfe5)
core   0: 0x8000a4ce (0x00006f17) auipc   t5, 0x6
core   0: 3 0x8000a4ce (0x00006f17) x30 0x800104ce
core   0: 0x8000a4d2 (0xb23f2923) sw      gp, -1230(t5)
core   0: 3 0x8000a4d2 (0xb23f2923) mem 0x80010000 0x00000001
core   0: 0x8000a4d6 (0x0000bfe5) c.j     pc - 8
core   0: 3 0x8000a4d6 (0xbfe5)
core   0: 0x8000a4ce (0x00006f17) auipc   t5, 0x6
core   0: 3 0x8000a4ce (0x00006f17) x30 0x800104ce
core   0: 0x8000a4d2 (0xb23f2923) sw      gp, -1230(t5)
core   0: 3 0x8000a4d2 (0xb23f2923) mem 0x80010000 0x00000001
core   0: 0x8000a4d6 (0x0000bfe5) c.j     pc - 8
core   0: 3 0x8000a4d6 (0xbfe5)
core   0: 0x8000a4ce (0x00006f17) auipc   t5, 0x6
core   0: 3 0x8000a4ce (0x00006f17) x30 0x800104ce
core   0: 0x8000a4d2 (0xb23f2923) sw      gp, -1230(t5)
core   0: 3 0x8000a4d2 (0xb23f2923) mem 0x80010000 0x00000001
core   0: 0x8000a4d6 (0x0000bfe5) c.j     pc - 8
core   0: 3 0x8000a4d6 (0xbfe5)
core   0: 0x8000a4ce (0x00006f17) auipc   t5, 0x6
core   0: 3 0x8000a4ce (0x00006f17) x30 0x800104ce
core   0: 0x8000a4d2 (0xb23f2923) sw      gp, -1230(t5)
core   0: 3 0x8000a4d2 (0xb23f2923) mem 0x80010000 0x00000001
core   0: 0x8000a4d6 (0x0000bfe5) c.j     pc - 8
core   0: 3 0x8000a4d6 (0xbfe5)
core   0: 0x8000a4ce (0x00006f17) auipc   t5, 0x6
core   0: 3 0x8000a4ce (0x00006f17) x30 0x800104ce
core   0: 0x8000a4d2 (0xb23f2923) sw      gp, -1230(t5)
core   0: 3 0x8000a4d2 (0xb23f2923) mem 0x80010000 0x00000001
core   0: 0x8000a4d6 (0x0000bfe5) c.j     pc - 8
core   0: 3 0x8000a4d6 (0xbfe5)
core   0: 0x8000a4ce (0x00006f17) auipc   t5, 0x6
core   0: 3 0x8000a4ce (0x00006f17) x30 0x800104ce
core   0: 0x8000a4d2 (0xb23f2923) sw      gp, -1230(t5)
core   0: 3 0x8000a4d2 (0xb23f2923) mem 0x80010000 0x00000001
core   0: 0x8000a4d6 (0x0000bfe5) c.j     pc - 8
core   0: 3 0x8000a4d6 (0xbfe5)
core   0: 0x8000a4ce (0x00006f17) auipc   t5, 0x6
core   0: 3 0x8000a4ce (0x00006f17) x30 0x800104ce
core   0: 0x8000a4d2 (0xb23f2923) sw      gp, -1230(t5)
core   0: 3 0x8000a4d2 (0xb23f2923) mem 0x80010000 0x00000001
core   0: 0x8000a4d6 (0x0000bfe5) c.j     pc - 8
core   0: 3 0x8000a4d6 (0xbfe5)
core   0: 0x8000a4ce (0x00006f17) auipc   t5, 0x6
core   0: 3 0x8000a4ce (0x00006f17) x30 0x800104ce
core   0: 0x8000a4d2 (0xb23f2923) sw      gp, -1230(t5)
core   0: 3 0x8000a4d2 (0xb23f2923) mem 0x80010000 0x00000001
core   0: 0x8000a4d6 (0x0000bfe5) c.j     pc - 8
core   0: 3 0x8000a4d6 (0xbfe5)
core   0: 0x8000a4ce (0x00006f17) auipc   t5, 0x6
core   0: 3 0x8000a4ce (0x00006f17) x30 0x800104ce
core   0: 0x8000a4d2 (0xb23f2923) sw      gp, -1230(t5)
core   0: 3 0x8000a4d2 (0xb23f2923) mem 0x80010000 0x00000001
core   0: 0x8000a4d6 (0x0000bfe5) c.j     pc - 8
core   0: 3 0x8000a4d6 (0xbfe5)
core   0: 0x8000a4ce (0x00006f17) auipc   t5, 0x6
core   0: 3 0x8000a4ce (0x00006f17) x30 0x800104ce
core   0: 0x8000a4d2 (0xb23f2923) sw      gp, -1230(t5)
core   0: 3 0x8000a4d2 (0xb23f2923) mem 0x80010000 0x00000001
core   0: 0x8000a4d6 (0x0000bfe5) c.j     pc - 8
core   0: 3 0x8000a4d6 (0xbfe5)
core   0: 0x8000a4ce (0x00006f17) auipc   t5, 0x6
core   0: 3 0x8000a4ce (0x00006f17) x30 0x800104ce
core   0: 0x8000a4d2 (0xb23f2923) sw      gp, -1230(t5)
core   0: 3 0x8000a4d2 (0xb23f2923) mem 0x80010000 0x00000001
core   0: 0x8000a4d6 (0x0000bfe5) c.j     pc - 8
core   0: 3 0x8000a4d6 (0xbfe5)
core   0: 0x8000a4ce (0x00006f17) auipc   t5, 0x6
core   0: 3 0x8000a4ce (0x00006f17) x30 0x800104ce
core   0: 0x8000a4d2 (0xb23f2923) sw      gp, -1230(t5)
core   0: 3 0x8000a4d2 (0xb23f2923) mem 0x80010000 0x00000001
core   0: 0x8000a4d6 (0x0000bfe5) c.j     pc - 8
core   0: 3 0x8000a4d6 (0xbfe5)
core   0: 0x8000a4ce (0x00006f17) auipc   t5, 0x6
core   0: 3 0x8000a4ce (0x00006f17) x30 0x800104ce
core   0: 0x8000a4d2 (0xb23f2923) sw      gp, -1230(t5)
core   0: 3 0x8000a4d2 (0xb23f2923) mem 0x80010000 0x00000001
core   0: 0x8000a4d6 (0x0000bfe5) c.j     pc - 8
core   0: 3 0x8000a4d6 (0xbfe5)
core   0: 0x8000a4ce (0x00006f17) auipc   t5, 0x6
core   0: 3 0x8000a4ce (0x00006f17) x30 0x800104ce
core   0: 0x8000a4d2 (0xb23f2923) sw      gp, -1230(t5)
core   0: 3 0x8000a4d2 (0xb23f2923) mem 0x80010000 0x00000001
core   0: 0x8000a4d6 (0x0000bfe5) c.j     pc - 8
core   0: 3 0x8000a4d6 (0xbfe5)
core   0: 0x8000a4ce (0x00006f17) auipc   t5, 0x6
core   0: 3 0x8000a4ce (0x00006f17) x30 0x800104ce
core   0: 0x8000a4d2 (0xb23f2923) sw      gp, -1230(t5)
core   0: 3 0x8000a4d2 (0xb23f2923) mem 0x80010000 0x00000001
core   0: 0x8000a4d6 (0x0000bfe5) c.j     pc - 8
core   0: 3 0x8000a4d6 (0xbfe5)
core   0: 0x8000a4ce (0x00006f17) auipc   t5, 0x6
core   0: 3 0x8000a4ce (0x00006f17) x30 0x800104ce
core   0: 0x8000a4d2 (0xb23f2923) sw      gp, -1230(t5)
core   0: 3 0x8000a4d2 (0xb23f2923) mem 0x80010000 0x00000001
core   0: 0x8000a4d6 (0x0000bfe5) c.j     pc - 8
core   0: 3 0x8000a4d6 (0xbfe5)
core   0: 0x8000a4ce (0x00006f17) auipc   t5, 0x6
core   0: 3 0x8000a4ce (0x00006f17) x30 0x800104ce
core   0: 0x8000a4d2 (0xb23f2923) sw      gp, -1230(t5)
core   0: 3 0x8000a4d2 (0xb23f2923) mem 0x80010000 0x00000001
core   0: 0x8000a4d6 (0x0000bfe5) c.j     pc - 8
core   0: 3 0x8000a4d6 (0xbfe5)
core   0: 0x8000a4ce (0x00006f17) auipc   t5, 0x6
core   0: 3 0x8000a4ce (0x00006f17) x30 0x800104ce
core   0: 0x8000a4d2 (0xb23f2923) sw      gp, -1230(t5)
core   0: 3 0x8000a4d2 (0xb23f2923) mem 0x80010000 0x00000001
core   0: 0x8000a4d6 (0x0000bfe5) c.j     pc - 8
core   0: 3 0x8000a4d6 (0xbfe5)
core   0: 0x8000a4ce (0x00006f17) auipc   t5, 0x6
core   0: 3 0x8000a4ce (0x00006f17) x30 0x800104ce
core   0: 0x8000a4d2 (0xb23f2923) sw      gp, -1230(t5)
core   0: 3 0x8000a4d2 (0xb23f2923) mem 0x80010000 0x00000001
core   0: 0x8000a4d6 (0x0000bfe5) c.j     pc - 8
core   0: 3 0x8000a4d6 (0xbfe5)
core   0: 0x8000a4ce (0x00006f17) auipc   t5, 0x6
core   0: 3 0x8000a4ce (0x00006f17) x30 0x800104ce
core   0: 0x8000a4d2 (0xb23f2923) sw      gp, -1230(t5)
core   0: 3 0x8000a4d2 (0xb23f2923) mem 0x80010000 0x00000001
core   0: 0x8000a4d6 (0x0000bfe5) c.j     pc - 8
core   0: 3 0x8000a4d6 (0xbfe5)
core   0: 0x8000a4ce (0x00006f17) auipc   t5, 0x6
core   0: 3 0x8000a4ce (0x00006f17) x30 0x800104ce
core   0: 0x8000a4d2 (0xb23f2923) sw      gp, -1230(t5)
core   0: 3 0x8000a4d2 (0xb23f2923) mem 0x80010000 0x00000001
core   0: 0x8000a4d6 (0x0000bfe5) c.j     pc - 8
core   0: 3 0x8000a4d6 (0xbfe5)
core   0: 0x8000a4ce (0x00006f17) auipc   t5, 0x6
core   0: 3 0x8000a4ce (0x00006f17) x30 0x800104ce
core   0: 0x8000a4d2 (0xb23f2923) sw      gp, -1230(t5)
core   0: 3 0x8000a4d2 (0xb23f2923) mem 0x80010000 0x00000001
core   0: 0x8000a4d6 (0x0000bfe5) c.j     pc - 8
core   0: 3 0x8000a4d6 (0xbfe5)
core   0: 0x8000a4ce (0x00006f17) auipc   t5, 0x6
core   0: 3 0x8000a4ce (0x00006f17) x30 0x800104ce
core   0: 0x8000a4d2 (0xb23f2923) sw      gp, -1230(t5)
core   0: 3 0x8000a4d2 (0xb23f2923) mem 0x80010000 0x00000001
core   0: 0x8000a4d6 (0x0000bfe5) c.j     pc - 8
core   0: 3 0x8000a4d6 (0xbfe5)
core   0: 0x8000a4ce (0x00006f17) auipc   t5, 0x6
core   0: 3 0x8000a4ce (0x00006f17) x30 0x800104ce
core   0: 0x8000a4d2 (0xb23f2923) sw      gp, -1230(t5)
core   0: 3 0x8000a4d2 (0xb23f2923) mem 0x80010000 0x00000001
core   0: 0x8000a4d6 (0x0000bfe5) c.j     pc - 8
core   0: 3 0x8000a4d6 (0xbfe5)
core   0: 0x8000a4ce (0x00006f17) auipc   t5, 0x6
core   0: 3 0x8000a4ce (0x00006f17) x30 0x800104ce
core   0: 0x8000a4d2 (0xb23f2923) sw      gp, -1230(t5)
core   0: 3 0x8000a4d2 (0xb23f2923) mem 0x80010000 0x00000001
core   0: 0x8000a4d6 (0x0000bfe5) c.j     pc - 8
core   0: 3 0x8000a4d6 (0xbfe5)
core   0: 0x8000a4ce (0x00006f17) auipc   t5, 0x6
core   0: 3 0x8000a4ce (0x00006f17) x30 0x800104ce
core   0: 0x8000a4d2 (0xb23f2923) sw      gp, -1230(t5)
core   0: 3 0x8000a4d2 (0xb23f2923) mem 0x80010000 0x00000001
core   0: 0x8000a4d6 (0x0000bfe5) c.j     pc - 8
core   0: 3 0x8000a4d6 (0xbfe5)
core   0: 0x8000a4ce (0x00006f17) auipc   t5, 0x6
core   0: 3 0x8000a4ce (0x00006f17) x30 0x800104ce
core   0: 0x8000a4d2 (0xb23f2923) sw      gp, -1230(t5)
core   0: 3 0x8000a4d2 (0xb23f2923) mem 0x80010000 0x00000001
core   0: 0x8000a4d6 (0x0000bfe5) c.j     pc - 8
core   0: 3 0x8000a4d6 (0xbfe5)
core   0: 0x8000a4ce (0x00006f17) auipc   t5, 0x6
core   0: 3 0x8000a4ce (0x00006f17) x30 0x800104ce
core   0: 0x8000a4d2 (0xb23f2923) sw      gp, -1230(t5)
core   0: 3 0x8000a4d2 (0xb23f2923) mem 0x80010000 0x00000001
core   0: 0x8000a4d6 (0x0000bfe5) c.j     pc - 8
core   0: 3 0x8000a4d6 (0xbfe5)
core   0: 0x8000a4ce (0x00006f17) auipc   t5, 0x6
core   0: 3 0x8000a4ce (0x00006f17) x30 0x800104ce
core   0: 0x8000a4d2 (0xb23f2923) sw      gp, -1230(t5)
core   0: 3 0x8000a4d2 (0xb23f2923) mem 0x80010000 0x00000001
core   0: 0x8000a4d6 (0x0000bfe5) c.j     pc - 8
core   0: 3 0x8000a4d6 (0xbfe5)
core   0: 0x8000a4ce (0x00006f17) auipc   t5, 0x6
core   0: 3 0x8000a4ce (0x00006f17) x30 0x800104ce
core   0: 0x8000a4d2 (0xb23f2923) sw      gp, -1230(t5)
core   0: 3 0x8000a4d2 (0xb23f2923) mem 0x80010000 0x00000001
core   0: 0x8000a4d6 (0x0000bfe5) c.j     pc - 8
core   0: 3 0x8000a4d6 (0xbfe5)
core   0: 0x8000a4ce (0x00006f17) auipc   t5, 0x6
core   0: 3 0x8000a4ce (0x00006f17) x30 0x800104ce
core   0: 0x8000a4d2 (0xb23f2923) sw      gp, -1230(t5)
core   0: 3 0x8000a4d2 (0xb23f2923) mem 0x80010000 0x00000001
core   0: 0x8000a4d6 (0x0000bfe5) c.j     pc - 8
core   0: 3 0x8000a4d6 (0xbfe5)
core   0: 0x8000a4ce (0x00006f17) auipc   t5, 0x6
core   0: 3 0x8000a4ce (0x00006f17) x30 0x800104ce
core   0: 0x8000a4d2 (0xb23f2923) sw      gp, -1230(t5)
core   0: 3 0x8000a4d2 (0xb23f2923) mem 0x80010000 0x00000001
core   0: 0x8000a4d6 (0x0000bfe5) c.j     pc - 8
core   0: 3 0x8000a4d6 (0xbfe5)
core   0: 0x8000a4ce (0x00006f17) auipc   t5, 0x6
core   0: 3 0x8000a4ce (0x00006f17) x30 0x800104ce
core   0: 0x8000a4d2 (0xb23f2923) sw      gp, -1230(t5)
core   0: 3 0x8000a4d2 (0xb23f2923) mem 0x80010000 0x00000001
core   0: 0x8000a4d6 (0x0000bfe5) c.j     pc - 8
core   0: 3 0x8000a4d6 (0xbfe5)
core   0: 0x8000a4ce (0x00006f17) auipc   t5, 0x6
core   0: 3 0x8000a4ce (0x00006f17) x30 0x800104ce
core   0: 0x8000a4d2 (0xb23f2923) sw      gp, -1230(t5)
core   0: 3 0x8000a4d2 (0xb23f2923) mem 0x80010000 0x00000001
core   0: 0x8000a4d6 (0x0000bfe5) c.j     pc - 8
core   0: 3 0x8000a4d6 (0xbfe5)
core   0: 0x8000a4ce (0x00006f17) auipc   t5, 0x6
core   0: 3 0x8000a4ce (0x00006f17) x30 0x800104ce
core   0: 0x8000a4d2 (0xb23f2923) sw      gp, -1230(t5)
core   0: 3 0x8000a4d2 (0xb23f2923) mem 0x80010000 0x00000001
core   0: 0x8000a4d6 (0x0000bfe5) c.j     pc - 8
core   0: 3 0x8000a4d6 (0xbfe5)
core   0: 0x8000a4ce (0x00006f17) auipc   t5, 0x6
core   0: 3 0x8000a4ce (0x00006f17) x30 0x800104ce
core   0: 0x8000a4d2 (0xb23f2923) sw      gp, -1230(t5)
core   0: 3 0x8000a4d2 (0xb23f2923) mem 0x80010000 0x00000001
core   0: 0x8000a4d6 (0x0000bfe5) c.j     pc - 8
core   0: 3 0x8000a4d6 (0xbfe5)
core   0: 0x8000a4ce (0x00006f17) auipc   t5, 0x6
core   0: 3 0x8000a4ce (0x00006f17) x30 0x800104ce
core   0: 0x8000a4d2 (0xb23f2923) sw      gp, -1230(t5)
core   0: 3 0x8000a4d2 (0xb23f2923) mem 0x80010000 0x00000001
core   0: 0x8000a4d6 (0x0000bfe5) c.j     pc - 8
core   0: 3 0x8000a4d6 (0xbfe5)
core   0: 0x8000a4ce (0x00006f17) auipc   t5, 0x6
core   0: 3 0x8000a4ce (0x00006f17) x30 0x800104ce
core   0: 0x8000a4d2 (0xb23f2923) sw      gp, -1230(t5)
core   0: 3 0x8000a4d2 (0xb23f2923) mem 0x80010000 0x00000001
core   0: 0x8000a4d6 (0x0000bfe5) c.j     pc - 8
core   0: 3 0x8000a4d6 (0xbfe5)
core   0: 0x8000a4ce (0x00006f17) auipc   t5, 0x6
core   0: 3 0x8000a4ce (0x00006f17) x30 0x800104ce
core   0: 0x8000a4d2 (0xb23f2923) sw      gp, -1230(t5)
core   0: 3 0x8000a4d2 (0xb23f2923) mem 0x80010000 0x00000001
core   0: 0x8000a4d6 (0x0000bfe5) c.j     pc - 8
core   0: 3 0x8000a4d6 (0xbfe5)
core   0: 0x8000a4ce (0x00006f17) auipc   t5, 0x6
core   0: 3 0x8000a4ce (0x00006f17) x30 0x800104ce
core   0: 0x8000a4d2 (0xb23f2923) sw      gp, -1230(t5)
core   0: 3 0x8000a4d2 (0xb23f2923) mem 0x80010000 0x00000001
core   0: 0x8000a4d6 (0x0000bfe5) c.j     pc - 8
core   0: 3 0x8000a4d6 (0xbfe5)
core   0: 0x8000a4ce (0x00006f17) auipc   t5, 0x6
core   0: 3 0x8000a4ce (0x00006f17) x30 0x800104ce
core   0: 0x8000a4d2 (0xb23f2923) sw      gp, -1230(t5)
core   0: 3 0x8000a4d2 (0xb23f2923) mem 0x80010000 0x00000001
core   0: 0x8000a4d6 (0x0000bfe5) c.j     pc - 8
core   0: 3 0x8000a4d6 (0xbfe5)
core   0: 0x8000a4ce (0x00006f17) auipc   t5, 0x6
core   0: 3 0x8000a4ce (0x00006f17) x30 0x800104ce
core   0: 0x8000a4d2 (0xb23f2923) sw      gp, -1230(t5)
core   0: 3 0x8000a4d2 (0xb23f2923) mem 0x80010000 0x00000001
core   0: 0x8000a4d6 (0x0000bfe5) c.j     pc - 8
core   0: 3 0x8000a4d6 (0xbfe5)
core   0: 0x8000a4ce (0x00006f17) auipc   t5, 0x6
core   0: 3 0x8000a4ce (0x00006f17) x30 0x800104ce
core   0: 0x8000a4d2 (0xb23f2923) sw      gp, -1230(t5)
core   0: 3 0x8000a4d2 (0xb23f2923) mem 0x80010000 0x00000001
core   0: 0x8000a4d6 (0x0000bfe5) c.j     pc - 8
core   0: 3 0x8000a4d6 (0xbfe5)
core   0: 0x8000a4ce (0x00006f17) auipc   t5, 0x6
core   0: 3 0x8000a4ce (0x00006f17) x30 0x800104ce
core   0: 0x8000a4d2 (0xb23f2923) sw      gp, -1230(t5)
core   0: 3 0x8000a4d2 (0xb23f2923) mem 0x80010000 0x00000001
core   0: 0x8000a4d6 (0x0000bfe5) c.j     pc - 8
core   0: 3 0x8000a4d6 (0xbfe5)
core   0: 0x8000a4ce (0x00006f17) auipc   t5, 0x6
core   0: 3 0x8000a4ce (0x00006f17) x30 0x800104ce
core   0: 0x8000a4d2 (0xb23f2923) sw      gp, -1230(t5)
core   0: 3 0x8000a4d2 (0xb23f2923) mem 0x80010000 0x00000001
core   0: 0x8000a4d6 (0x0000bfe5) c.j     pc - 8
core   0: 3 0x8000a4d6 (0xbfe5)
core   0: 0x8000a4ce (0x00006f17) auipc   t5, 0x6
core   0: 3 0x8000a4ce (0x00006f17) x30 0x800104ce
core   0: 0x8000a4d2 (0xb23f2923) sw      gp, -1230(t5)
core   0: 3 0x8000a4d2 (0xb23f2923) mem 0x80010000 0x00000001
core   0: 0x8000a4d6 (0x0000bfe5) c.j     pc - 8
core   0: 3 0x8000a4d6 (0xbfe5)
core   0: 0x8000a4ce (0x00006f17) auipc   t5, 0x6
core   0: 3 0x8000a4ce (0x00006f17) x30 0x800104ce
core   0: 0x8000a4d2 (0xb23f2923) sw      gp, -1230(t5)
core   0: 3 0x8000a4d2 (0xb23f2923) mem 0x80010000 0x00000001
core   0: 0x8000a4d6 (0x0000bfe5) c.j     pc - 8
core   0: 3 0x8000a4d6 (0xbfe5)
core   0: 0x8000a4ce (0x00006f17) auipc   t5, 0x6
core   0: 3 0x8000a4ce (0x00006f17) x30 0x800104ce
core   0: 0x8000a4d2 (0xb23f2923) sw      gp, -1230(t5)
core   0: 3 0x8000a4d2 (0xb23f2923) mem 0x80010000 0x00000001
core   0: 0x8000a4d6 (0x0000bfe5) c.j     pc - 8
core   0: 3 0x8000a4d6 (0xbfe5)
core   0: 0x8000a4ce (0x00006f17) auipc   t5, 0x6
core   0: 3 0x8000a4ce (0x00006f17) x30 0x800104ce
core   0: 0x8000a4d2 (0xb23f2923) sw      gp, -1230(t5)
core   0: 3 0x8000a4d2 (0xb23f2923) mem 0x80010000 0x00000001
core   0: 0x8000a4d6 (0x0000bfe5) c.j     pc - 8
core   0: 3 0x8000a4d6 (0xbfe5)
core   0: 0x8000a4ce (0x00006f17) auipc   t5, 0x6
core   0: 3 0x8000a4ce (0x00006f17) x30 0x800104ce
core   0: 0x8000a4d2 (0xb23f2923) sw      gp, -1230(t5)
core   0: 3 0x8000a4d2 (0xb23f2923) mem 0x80010000 0x00000001
core   0: 0x8000a4d6 (0x0000bfe5) c.j     pc - 8
core   0: 3 0x8000a4d6 (0xbfe5)
core   0: 0x8000a4ce (0x00006f17) auipc   t5, 0x6
core   0: 3 0x8000a4ce (0x00006f17) x30 0x800104ce
core   0: 0x8000a4d2 (0xb23f2923) sw      gp, -1230(t5)
core   0: 3 0x8000a4d2 (0xb23f2923) mem 0x80010000 0x00000001
core   0: 0x8000a4d6 (0x0000bfe5) c.j     pc - 8
core   0: 3 0x8000a4d6 (0xbfe5)
core   0: 0x8000a4ce (0x00006f17) auipc   t5, 0x6
core   0: 3 0x8000a4ce (0x00006f17) x30 0x800104ce
core   0: 0x8000a4d2 (0xb23f2923) sw      gp, -1230(t5)
core   0: 3 0x8000a4d2 (0xb23f2923) mem 0x80010000 0x00000001
core   0: 0x8000a4d6 (0x0000bfe5) c.j     pc - 8
core   0: 3 0x8000a4d6 (0xbfe5)
core   0: 0x8000a4ce (0x00006f17) auipc   t5, 0x6
core   0: 3 0x8000a4ce (0x00006f17) x30 0x800104ce
core   0: 0x8000a4d2 (0xb23f2923) sw      gp, -1230(t5)
core   0: 3 0x8000a4d2 (0xb23f2923) mem 0x80010000 0x00000001
core   0: 0x8000a4d6 (0x0000bfe5) c.j     pc - 8
core   0: 3 0x8000a4d6 (0xbfe5)
core   0: 0x8000a4ce (0x00006f17) auipc   t5, 0x6
core   0: 3 0x8000a4ce (0x00006f17) x30 0x800104ce
core   0: 0x8000a4d2 (0xb23f2923) sw      gp, -1230(t5)
core   0: 3 0x8000a4d2 (0xb23f2923) mem 0x80010000 0x00000001
core   0: 0x8000a4d6 (0x0000bfe5) c.j     pc - 8
core   0: 3 0x8000a4d6 (0xbfe5)
core   0: 0x8000a4ce (0x00006f17) auipc   t5, 0x6
core   0: 3 0x8000a4ce (0x00006f17) x30 0x800104ce
core   0: 0x8000a4d2 (0xb23f2923) sw      gp, -1230(t5)
core   0: 3 0x8000a4d2 (0xb23f2923) mem 0x80010000 0x00000001
core   0: 0x8000a4d6 (0x0000bfe5) c.j     pc - 8
core   0: 3 0x8000a4d6 (0xbfe5)
core   0: 0x8000a4ce (0x00006f17) auipc   t5, 0x6
core   0: 3 0x8000a4ce (0x00006f17) x30 0x800104ce
core   0: 0x8000a4d2 (0xb23f2923) sw      gp, -1230(t5)
core   0: 3 0x8000a4d2 (0xb23f2923) mem 0x80010000 0x00000001
core   0: 0x8000a4d6 (0x0000bfe5) c.j     pc - 8
core   0: 3 0x8000a4d6 (0xbfe5)
core   0: 0x8000a4ce (0x00006f17) auipc   t5, 0x6
core   0: 3 0x8000a4ce (0x00006f17) x30 0x800104ce
core   0: 0x8000a4d2 (0xb23f2923) sw      gp, -1230(t5)
core   0: 3 0x8000a4d2 (0xb23f2923) mem 0x80010000 0x00000001
core   0: 0x8000a4d6 (0x0000bfe5) c.j     pc - 8
core   0: 3 0x8000a4d6 (0xbfe5)
core   0: 0x8000a4ce (0x00006f17) auipc   t5, 0x6
core   0: 3 0x8000a4ce (0x00006f17) x30 0x800104ce
core   0: 0x8000a4d2 (0xb23f2923) sw      gp, -1230(t5)
core   0: 3 0x8000a4d2 (0xb23f2923) mem 0x80010000 0x00000001
core   0: 0x8000a4d6 (0x0000bfe5) c.j     pc - 8
core   0: 3 0x8000a4d6 (0xbfe5)
core   0: 0x8000a4ce (0x00006f17) auipc   t5, 0x6
core   0: 3 0x8000a4ce (0x00006f17) x30 0x800104ce
core   0: 0x8000a4d2 (0xb23f2923) sw      gp, -1230(t5)
core   0: 3 0x8000a4d2 (0xb23f2923) mem 0x80010000 0x00000001
core   0: 0x8000a4d6 (0x0000bfe5) c.j     pc - 8
core   0: 3 0x8000a4d6 (0xbfe5)
core   0: 0x8000a4ce (0x00006f17) auipc   t5, 0x6
core   0: 3 0x8000a4ce (0x00006f17) x30 0x800104ce
core   0: 0x8000a4d2 (0xb23f2923) sw      gp, -1230(t5)
core   0: 3 0x8000a4d2 (0xb23f2923) mem 0x80010000 0x00000001
core   0: 0x8000a4d6 (0x0000bfe5) c.j     pc - 8
core   0: 3 0x8000a4d6 (0xbfe5)
core   0: 0x8000a4ce (0x00006f17) auipc   t5, 0x6
core   0: 3 0x8000a4ce (0x00006f17) x30 0x800104ce
core   0: 0x8000a4d2 (0xb23f2923) sw      gp, -1230(t5)
core   0: 3 0x8000a4d2 (0xb23f2923) mem 0x80010000 0x00000001
core   0: 0x8000a4d6 (0x0000bfe5) c.j     pc - 8
core   0: 3 0x8000a4d6 (0xbfe5)
core   0: 0x8000a4ce (0x00006f17) auipc   t5, 0x6
core   0: 3 0x8000a4ce (0x00006f17) x30 0x800104ce
core   0: 0x8000a4d2 (0xb23f2923) sw      gp, -1230(t5)
core   0: 3 0x8000a4d2 (0xb23f2923) mem 0x80010000 0x00000001
core   0: 0x8000a4d6 (0x0000bfe5) c.j     pc - 8
core   0: 3 0x8000a4d6 (0xbfe5)
core   0: 0x8000a4ce (0x00006f17) auipc   t5, 0x6
core   0: 3 0x8000a4ce (0x00006f17) x30 0x800104ce
core   0: 0x8000a4d2 (0xb23f2923) sw      gp, -1230(t5)
core   0: 3 0x8000a4d2 (0xb23f2923) mem 0x80010000 0x00000001
core   0: 0x8000a4d6 (0x0000bfe5) c.j     pc - 8
core   0: 3 0x8000a4d6 (0xbfe5)
core   0: 0x8000a4ce (0x00006f17) auipc   t5, 0x6
core   0: 3 0x8000a4ce (0x00006f17) x30 0x800104ce
core   0: 0x8000a4d2 (0xb23f2923) sw      gp, -1230(t5)
core   0: 3 0x8000a4d2 (0xb23f2923) mem 0x80010000 0x00000001
core   0: 0x8000a4d6 (0x0000bfe5) c.j     pc - 8
core   0: 3 0x8000a4d6 (0xbfe5)
core   0: 0x8000a4ce (0x00006f17) auipc   t5, 0x6
core   0: 3 0x8000a4ce (0x00006f17) x30 0x800104ce
core   0: 0x8000a4d2 (0xb23f2923) sw      gp, -1230(t5)
core   0: 3 0x8000a4d2 (0xb23f2923) mem 0x80010000 0x00000001
core   0: 0x8000a4d6 (0x0000bfe5) c.j     pc - 8
core   0: 3 0x8000a4d6 (0xbfe5)
core   0: 0x8000a4ce (0x00006f17) auipc   t5, 0x6
core   0: 3 0x8000a4ce (0x00006f17) x30 0x800104ce
core   0: 0x8000a4d2 (0xb23f2923) sw      gp, -1230(t5)
core   0: 3 0x8000a4d2 (0xb23f2923) mem 0x80010000 0x00000001
core   0: 0x8000a4d6 (0x0000bfe5) c.j     pc - 8
core   0: 3 0x8000a4d6 (0xbfe5)
core   0: 0x8000a4ce (0x00006f17) auipc   t5, 0x6
core   0: 3 0x8000a4ce (0x00006f17) x30 0x800104ce
core   0: 0x8000a4d2 (0xb23f2923) sw      gp, -1230(t5)
core   0: 3 0x8000a4d2 (0xb23f2923) mem 0x80010000 0x00000001
core   0: 0x8000a4d6 (0x0000bfe5) c.j     pc - 8
core   0: 3 0x8000a4d6 (0xbfe5)
core   0: 0x8000a4ce (0x00006f17) auipc   t5, 0x6
core   0: 3 0x8000a4ce (0x00006f17) x30 0x800104ce
core   0: 0x8000a4d2 (0xb23f2923) sw      gp, -1230(t5)
core   0: 3 0x8000a4d2 (0xb23f2923) mem 0x80010000 0x00000001
core   0: 0x8000a4d6 (0x0000bfe5) c.j     pc - 8
core   0: 3 0x8000a4d6 (0xbfe5)
core   0: 0x8000a4ce (0x00006f17) auipc   t5, 0x6
core   0: 3 0x8000a4ce (0x00006f17) x30 0x800104ce
core   0: 0x8000a4d2 (0xb23f2923) sw      gp, -1230(t5)
core   0: 3 0x8000a4d2 (0xb23f2923) mem 0x80010000 0x00000001
core   0: 0x8000a4d6 (0x0000bfe5) c.j     pc - 8
core   0: 3 0x8000a4d6 (0xbfe5)
core   0: 0x8000a4ce (0x00006f17) auipc   t5, 0x6
core   0: 3 0x8000a4ce (0x00006f17) x30 0x800104ce
core   0: 0x8000a4d2 (0xb23f2923) sw      gp, -1230(t5)
core   0: 3 0x8000a4d2 (0xb23f2923) mem 0x80010000 0x00000001
core   0: 0x8000a4d6 (0x0000bfe5) c.j     pc - 8
core   0: 3 0x8000a4d6 (0xbfe5)
core   0: 0x8000a4ce (0x00006f17) auipc   t5, 0x6
core   0: 3 0x8000a4ce (0x00006f17) x30 0x800104ce
core   0: 0x8000a4d2 (0xb23f2923) sw      gp, -1230(t5)
core   0: 3 0x8000a4d2 (0xb23f2923) mem 0x80010000 0x00000001
core   0: 0x8000a4d6 (0x0000bfe5) c.j     pc - 8
core   0: 3 0x8000a4d6 (0xbfe5)
core   0: 0x8000a4ce (0x00006f17) auipc   t5, 0x6
core   0: 3 0x8000a4ce (0x00006f17) x30 0x800104ce
core   0: 0x8000a4d2 (0xb23f2923) sw      gp, -1230(t5)
core   0: 3 0x8000a4d2 (0xb23f2923) mem 0x80010000 0x00000001
core   0: 0x8000a4d6 (0x0000bfe5) c.j     pc - 8
core   0: 3 0x8000a4d6 (0xbfe5)
core   0: 0x8000a4ce (0x00006f17) auipc   t5, 0x6
core   0: 3 0x8000a4ce (0x00006f17) x30 0x800104ce
core   0: 0x8000a4d2 (0xb23f2923) sw      gp, -1230(t5)
core   0: 3 0x8000a4d2 (0xb23f2923) mem 0x80010000 0x00000001
core   0: 0x8000a4d6 (0x0000bfe5) c.j     pc - 8
core   0: 3 0x8000a4d6 (0xbfe5)
core   0: 0x8000a4ce (0x00006f17) auipc   t5, 0x6
core   0: 3 0x8000a4ce (0x00006f17) x30 0x800104ce
core   0: 0x8000a4d2 (0xb23f2923) sw      gp, -1230(t5)
core   0: 3 0x8000a4d2 (0xb23f2923) mem 0x80010000 0x00000001
core   0: 0x8000a4d6 (0x0000bfe5) c.j     pc - 8
core   0: 3 0x8000a4d6 (0xbfe5)
core   0: 0x8000a4ce (0x00006f17) auipc   t5, 0x6
core   0: 3 0x8000a4ce (0x00006f17) x30 0x800104ce
core   0: 0x8000a4d2 (0xb23f2923) sw      gp, -1230(t5)
core   0: 3 0x8000a4d2 (0xb23f2923) mem 0x80010000 0x00000001
core   0: 0x8000a4d6 (0x0000bfe5) c.j     pc - 8
core   0: 3 0x8000a4d6 (0xbfe5)
core   0: 0x8000a4ce (0x00006f17) auipc   t5, 0x6
core   0: 3 0x8000a4ce (0x00006f17) x30 0x800104ce
core   0: 0x8000a4d2 (0xb23f2923) sw      gp, -1230(t5)
core   0: 3 0x8000a4d2 (0xb23f2923) mem 0x80010000 0x00000001
core   0: 0x8000a4d6 (0x0000bfe5) c.j     pc - 8
core   0: 3 0x8000a4d6 (0xbfe5)
core   0: 0x8000a4ce (0x00006f17) auipc   t5, 0x6
core   0: 3 0x8000a4ce (0x00006f17) x30 0x800104ce
core   0: 0x8000a4d2 (0xb23f2923) sw      gp, -1230(t5)
core   0: 3 0x8000a4d2 (0xb23f2923) mem 0x80010000 0x00000001
core   0: 0x8000a4d6 (0x0000bfe5) c.j     pc - 8
core   0: 3 0x8000a4d6 (0xbfe5)
core   0: 0x8000a4ce (0x00006f17) auipc   t5, 0x6
core   0: 3 0x8000a4ce (0x00006f17) x30 0x800104ce
core   0: 0x8000a4d2 (0xb23f2923) sw      gp, -1230(t5)
core   0: 3 0x8000a4d2 (0xb23f2923) mem 0x80010000 0x00000001
core   0: 0x8000a4d6 (0x0000bfe5) c.j     pc - 8
core   0: 3 0x8000a4d6 (0xbfe5)
core   0: 0x8000a4ce (0x00006f17) auipc   t5, 0x6
core   0: 3 0x8000a4ce (0x00006f17) x30 0x800104ce
core   0: 0x8000a4d2 (0xb23f2923) sw      gp, -1230(t5)
core   0: 3 0x8000a4d2 (0xb23f2923) mem 0x80010000 0x00000001
core   0: 0x8000a4d6 (0x0000bfe5) c.j     pc - 8
core   0: 3 0x8000a4d6 (0xbfe5)
core   0: 0x8000a4ce (0x00006f17) auipc   t5, 0x6
core   0: 3 0x8000a4ce (0x00006f17) x30 0x800104ce
core   0: 0x8000a4d2 (0xb23f2923) sw      gp, -1230(t5)
core   0: 3 0x8000a4d2 (0xb23f2923) mem 0x80010000 0x00000001
core   0: 0x8000a4d6 (0x0000bfe5) c.j     pc - 8
core   0: 3 0x8000a4d6 (0xbfe5)
core   0: 0x8000a4ce (0x00006f17) auipc   t5, 0x6
core   0: 3 0x8000a4ce (0x00006f17) x30 0x800104ce
core   0: 0x8000a4d2 (0xb23f2923) sw      gp, -1230(t5)
core   0: 3 0x8000a4d2 (0xb23f2923) mem 0x80010000 0x00000001
core   0: 0x8000a4d6 (0x0000bfe5) c.j     pc - 8
core   0: 3 0x8000a4d6 (0xbfe5)
core   0: 0x8000a4ce (0x00006f17) auipc   t5, 0x6
core   0: 3 0x8000a4ce (0x00006f17) x30 0x800104ce
core   0: 0x8000a4d2 (0xb23f2923) sw      gp, -1230(t5)
core   0: 3 0x8000a4d2 (0xb23f2923) mem 0x80010000 0x00000001
core   0: 0x8000a4d6 (0x0000bfe5) c.j     pc - 8
core   0: 3 0x8000a4d6 (0xbfe5)
core   0: 0x8000a4ce (0x00006f17) auipc   t5, 0x6
core   0: 3 0x8000a4ce (0x00006f17) x30 0x800104ce
core   0: 0x8000a4d2 (0xb23f2923) sw      gp, -1230(t5)
core   0: 3 0x8000a4d2 (0xb23f2923) mem 0x80010000 0x00000001
core   0: 0x8000a4d6 (0x0000bfe5) c.j     pc - 8
core   0: 3 0x8000a4d6 (0xbfe5)
core   0: 0x8000a4ce (0x00006f17) auipc   t5, 0x6
core   0: 3 0x8000a4ce (0x00006f17) x30 0x800104ce
core   0: 0x8000a4d2 (0xb23f2923) sw      gp, -1230(t5)
core   0: 3 0x8000a4d2 (0xb23f2923) mem 0x80010000 0x00000001
core   0: 0x8000a4d6 (0x0000bfe5) c.j     pc - 8
core   0: 3 0x8000a4d6 (0xbfe5)
core   0: 0x8000a4ce (0x00006f17) auipc   t5, 0x6
core   0: 3 0x8000a4ce (0x00006f17) x30 0x800104ce
core   0: 0x8000a4d2 (0xb23f2923) sw      gp, -1230(t5)
core   0: 3 0x8000a4d2 (0xb23f2923) mem 0x80010000 0x00000001
core   0: 0x8000a4d6 (0x0000bfe5) c.j     pc - 8
core   0: 3 0x8000a4d6 (0xbfe5)
core   0: 0x8000a4ce (0x00006f17) auipc   t5, 0x6
core   0: 3 0x8000a4ce (0x00006f17) x30 0x800104ce
core   0: 0x8000a4d2 (0xb23f2923) sw      gp, -1230(t5)
core   0: 3 0x8000a4d2 (0xb23f2923) mem 0x80010000 0x00000001
core   0: 0x8000a4d6 (0x0000bfe5) c.j     pc - 8
core   0: 3 0x8000a4d6 (0xbfe5)
core   0: 0x8000a4ce (0x00006f17) auipc   t5, 0x6
core   0: 3 0x8000a4ce (0x00006f17) x30 0x800104ce
core   0: 0x8000a4d2 (0xb23f2923) sw      gp, -1230(t5)
core   0: 3 0x8000a4d2 (0xb23f2923) mem 0x80010000 0x00000001
core   0: 0x8000a4d6 (0x0000bfe5) c.j     pc - 8
core   0: 3 0x8000a4d6 (0xbfe5)
core   0: 0x8000a4ce (0x00006f17) auipc   t5, 0x6
core   0: 3 0x8000a4ce (0x00006f17) x30 0x800104ce
core   0: 0x8000a4d2 (0xb23f2923) sw      gp, -1230(t5)
core   0: 3 0x8000a4d2 (0xb23f2923) mem 0x80010000 0x00000001
core   0: 0x8000a4d6 (0x0000bfe5) c.j     pc - 8
core   0: 3 0x8000a4d6 (0xbfe5)
core   0: 0x8000a4ce (0x00006f17) auipc   t5, 0x6
core   0: 3 0x8000a4ce (0x00006f17) x30 0x800104ce
core   0: 0x8000a4d2 (0xb23f2923) sw      gp, -1230(t5)
core   0: 3 0x8000a4d2 (0xb23f2923) mem 0x80010000 0x00000001
core   0: 0x8000a4d6 (0x0000bfe5) c.j     pc - 8
core   0: 3 0x8000a4d6 (0xbfe5)
core   0: 0x8000a4ce (0x00006f17) auipc   t5, 0x6
core   0: 3 0x8000a4ce (0x00006f17) x30 0x800104ce
core   0: 0x8000a4d2 (0xb23f2923) sw      gp, -1230(t5)
core   0: 3 0x8000a4d2 (0xb23f2923) mem 0x80010000 0x00000001
core   0: 0x8000a4d6 (0x0000bfe5) c.j     pc - 8
core   0: 3 0x8000a4d6 (0xbfe5)
core   0: 0x8000a4ce (0x00006f17) auipc   t5, 0x6
core   0: 3 0x8000a4ce (0x00006f17) x30 0x800104ce
core   0: 0x8000a4d2 (0xb23f2923) sw      gp, -1230(t5)
core   0: 3 0x8000a4d2 (0xb23f2923) mem 0x80010000 0x00000001
core   0: 0x8000a4d6 (0x0000bfe5) c.j     pc - 8
core   0: 3 0x8000a4d6 (0xbfe5)
core   0: 0x8000a4ce (0x00006f17) auipc   t5, 0x6
core   0: 3 0x8000a4ce (0x00006f17) x30 0x800104ce
core   0: 0x8000a4d2 (0xb23f2923) sw      gp, -1230(t5)
core   0: 3 0x8000a4d2 (0xb23f2923) mem 0x80010000 0x00000001
core   0: 0x8000a4d6 (0x0000bfe5) c.j     pc - 8
core   0: 3 0x8000a4d6 (0xbfe5)
core   0: 0x8000a4ce (0x00006f17) auipc   t5, 0x6
core   0: 3 0x8000a4ce (0x00006f17) x30 0x800104ce
core   0: 0x8000a4d2 (0xb23f2923) sw      gp, -1230(t5)
core   0: 3 0x8000a4d2 (0xb23f2923) mem 0x80010000 0x00000001
core   0: 0x8000a4d6 (0x0000bfe5) c.j     pc - 8
core   0: 3 0x8000a4d6 (0xbfe5)
core   0: 0x8000a4ce (0x00006f17) auipc   t5, 0x6
core   0: 3 0x8000a4ce (0x00006f17) x30 0x800104ce
core   0: 0x8000a4d2 (0xb23f2923) sw      gp, -1230(t5)
core   0: 3 0x8000a4d2 (0xb23f2923) mem 0x80010000 0x00000001
core   0: 0x8000a4d6 (0x0000bfe5) c.j     pc - 8
core   0: 3 0x8000a4d6 (0xbfe5)
core   0: 0x8000a4ce (0x00006f17) auipc   t5, 0x6
core   0: 3 0x8000a4ce (0x00006f17) x30 0x800104ce
core   0: 0x8000a4d2 (0xb23f2923) sw      gp, -1230(t5)
core   0: 3 0x8000a4d2 (0xb23f2923) mem 0x80010000 0x00000001
core   0: 0x8000a4d6 (0x0000bfe5) c.j     pc - 8
core   0: 3 0x8000a4d6 (0xbfe5)
core   0: 0x8000a4ce (0x00006f17) auipc   t5, 0x6
core   0: 3 0x8000a4ce (0x00006f17) x30 0x800104ce
core   0: 0x8000a4d2 (0xb23f2923) sw      gp, -1230(t5)
core   0: 3 0x8000a4d2 (0xb23f2923) mem 0x80010000 0x00000001
core   0: 0x8000a4d6 (0x0000bfe5) c.j     pc - 8
core   0: 3 0x8000a4d6 (0xbfe5)
core   0: 0x8000a4ce (0x00006f17) auipc   t5, 0x6
core   0: 3 0x8000a4ce (0x00006f17) x30 0x800104ce
core   0: 0x8000a4d2 (0xb23f2923) sw      gp, -1230(t5)
core   0: 3 0x8000a4d2 (0xb23f2923) mem 0x80010000 0x00000001
core   0: 0x8000a4d6 (0x0000bfe5) c.j     pc - 8
core   0: 3 0x8000a4d6 (0xbfe5)
core   0: 0x8000a4ce (0x00006f17) auipc   t5, 0x6
core   0: 3 0x8000a4ce (0x00006f17) x30 0x800104ce
core   0: 0x8000a4d2 (0xb23f2923) sw      gp, -1230(t5)
core   0: 3 0x8000a4d2 (0xb23f2923) mem 0x80010000 0x00000001
core   0: 0x8000a4d6 (0x0000bfe5) c.j     pc - 8
core   0: 3 0x8000a4d6 (0xbfe5)
core   0: 0x8000a4ce (0x00006f17) auipc   t5, 0x6
core   0: 3 0x8000a4ce (0x00006f17) x30 0x800104ce
core   0: 0x8000a4d2 (0xb23f2923) sw      gp, -1230(t5)
core   0: 3 0x8000a4d2 (0xb23f2923) mem 0x80010000 0x00000001
core   0: 0x8000a4d6 (0x0000bfe5) c.j     pc - 8
core   0: 3 0x8000a4d6 (0xbfe5)
core   0: 0x8000a4ce (0x00006f17) auipc   t5, 0x6
core   0: 3 0x8000a4ce (0x00006f17) x30 0x800104ce
core   0: 0x8000a4d2 (0xb23f2923) sw      gp, -1230(t5)
core   0: 3 0x8000a4d2 (0xb23f2923) mem 0x80010000 0x00000001
core   0: 0x8000a4d6 (0x0000bfe5) c.j     pc - 8
core   0: 3 0x8000a4d6 (0xbfe5)
core   0: 0x8000a4ce (0x00006f17) auipc   t5, 0x6
core   0: 3 0x8000a4ce (0x00006f17) x30 0x800104ce
core   0: 0x8000a4d2 (0xb23f2923) sw      gp, -1230(t5)
core   0: 3 0x8000a4d2 (0xb23f2923) mem 0x80010000 0x00000001
core   0: 0x8000a4d6 (0x0000bfe5) c.j     pc - 8
core   0: 3 0x8000a4d6 (0xbfe5)
core   0: 0x8000a4ce (0x00006f17) auipc   t5, 0x6
core   0: 3 0x8000a4ce (0x00006f17) x30 0x800104ce
core   0: 0x8000a4d2 (0xb23f2923) sw      gp, -1230(t5)
core   0: 3 0x8000a4d2 (0xb23f2923) mem 0x80010000 0x00000001
core   0: 0x8000a4d6 (0x0000bfe5) c.j     pc - 8
core   0: 3 0x8000a4d6 (0xbfe5)
core   0: 0x8000a4ce (0x00006f17) auipc   t5, 0x6
core   0: 3 0x8000a4ce (0x00006f17) x30 0x800104ce
core   0: 0x8000a4d2 (0xb23f2923) sw      gp, -1230(t5)
core   0: 3 0x8000a4d2 (0xb23f2923) mem 0x80010000 0x00000001
core   0: 0x8000a4d6 (0x0000bfe5) c.j     pc - 8
core   0: 3 0x8000a4d6 (0xbfe5)
core   0: 0x8000a4ce (0x00006f17) auipc   t5, 0x6
core   0: 3 0x8000a4ce (0x00006f17) x30 0x800104ce
core   0: 0x8000a4d2 (0xb23f2923) sw      gp, -1230(t5)
core   0: 3 0x8000a4d2 (0xb23f2923) mem 0x80010000 0x00000001
core   0: 0x8000a4d6 (0x0000bfe5) c.j     pc - 8
core   0: 3 0x8000a4d6 (0xbfe5)
core   0: 0x8000a4ce (0x00006f17) auipc   t5, 0x6
core   0: 3 0x8000a4ce (0x00006f17) x30 0x800104ce
core   0: 0x8000a4d2 (0xb23f2923) sw      gp, -1230(t5)
core   0: 3 0x8000a4d2 (0xb23f2923) mem 0x80010000 0x00000001
core   0: 0x8000a4d6 (0x0000bfe5) c.j     pc - 8
core   0: 3 0x8000a4d6 (0xbfe5)
core   0: 0x8000a4ce (0x00006f17) auipc   t5, 0x6
core   0: 3 0x8000a4ce (0x00006f17) x30 0x800104ce
core   0: 0x8000a4d2 (0xb23f2923) sw      gp, -1230(t5)
core   0: 3 0x8000a4d2 (0xb23f2923) mem 0x80010000 0x00000001
core   0: 0x8000a4d6 (0x0000bfe5) c.j     pc - 8
core   0: 3 0x8000a4d6 (0xbfe5)
core   0: 0x8000a4ce (0x00006f17) auipc   t5, 0x6
core   0: 3 0x8000a4ce (0x00006f17) x30 0x800104ce
core   0: 0x8000a4d2 (0xb23f2923) sw      gp, -1230(t5)
core   0: 3 0x8000a4d2 (0xb23f2923) mem 0x80010000 0x00000001
core   0: 0x8000a4d6 (0x0000bfe5) c.j     pc - 8
core   0: 3 0x8000a4d6 (0xbfe5)
core   0: 0x8000a4ce (0x00006f17) auipc   t5, 0x6
core   0: 3 0x8000a4ce (0x00006f17) x30 0x800104ce
core   0: 0x8000a4d2 (0xb23f2923) sw      gp, -1230(t5)
core   0: 3 0x8000a4d2 (0xb23f2923) mem 0x80010000 0x00000001
core   0: 0x8000a4d6 (0x0000bfe5) c.j     pc - 8
core   0: 3 0x8000a4d6 (0xbfe5)
core   0: 0x8000a4ce (0x00006f17) auipc   t5, 0x6
core   0: 3 0x8000a4ce (0x00006f17) x30 0x800104ce
core   0: 0x8000a4d2 (0xb23f2923) sw      gp, -1230(t5)
core   0: 3 0x8000a4d2 (0xb23f2923) mem 0x80010000 0x00000001
core   0: 0x8000a4d6 (0x0000bfe5) c.j     pc - 8
core   0: 3 0x8000a4d6 (0xbfe5)
core   0: 0x8000a4ce (0x00006f17) auipc   t5, 0x6
core   0: 3 0x8000a4ce (0x00006f17) x30 0x800104ce
core   0: 0x8000a4d2 (0xb23f2923) sw      gp, -1230(t5)
core   0: 3 0x8000a4d2 (0xb23f2923) mem 0x80010000 0x00000001
core   0: 0x8000a4d6 (0x0000bfe5) c.j     pc - 8
core   0: 3 0x8000a4d6 (0xbfe5)
core   0: 0x8000a4ce (0x00006f17) auipc   t5, 0x6
core   0: 3 0x8000a4ce (0x00006f17) x30 0x800104ce
core   0: 0x8000a4d2 (0xb23f2923) sw      gp, -1230(t5)
core   0: 3 0x8000a4d2 (0xb23f2923) mem 0x80010000 0x00000001
core   0: 0x8000a4d6 (0x0000bfe5) c.j     pc - 8
core   0: 3 0x8000a4d6 (0xbfe5)
core   0: 0x8000a4ce (0x00006f17) auipc   t5, 0x6
core   0: 3 0x8000a4ce (0x00006f17) x30 0x800104ce
core   0: 0x8000a4d2 (0xb23f2923) sw      gp, -1230(t5)
core   0: 3 0x8000a4d2 (0xb23f2923) mem 0x80010000 0x00000001
core   0: 0x8000a4d6 (0x0000bfe5) c.j     pc - 8
core   0: 3 0x8000a4d6 (0xbfe5)
core   0: 0x8000a4ce (0x00006f17) auipc   t5, 0x6
core   0: 3 0x8000a4ce (0x00006f17) x30 0x800104ce
core   0: 0x8000a4d2 (0xb23f2923) sw      gp, -1230(t5)
core   0: 3 0x8000a4d2 (0xb23f2923) mem 0x80010000 0x00000001
core   0: 0x8000a4d6 (0x0000bfe5) c.j     pc - 8
core   0: 3 0x8000a4d6 (0xbfe5)
core   0: 0x8000a4ce (0x00006f17) auipc   t5, 0x6
core   0: 3 0x8000a4ce (0x00006f17) x30 0x800104ce
core   0: 0x8000a4d2 (0xb23f2923) sw      gp, -1230(t5)
core   0: 3 0x8000a4d2 (0xb23f2923) mem 0x80010000 0x00000001
core   0: 0x8000a4d6 (0x0000bfe5) c.j     pc - 8
core   0: 3 0x8000a4d6 (0xbfe5)
core   0: 0x8000a4ce (0x00006f17) auipc   t5, 0x6
core   0: 3 0x8000a4ce (0x00006f17) x30 0x800104ce
core   0: 0x8000a4d2 (0xb23f2923) sw      gp, -1230(t5)
core   0: 3 0x8000a4d2 (0xb23f2923) mem 0x80010000 0x00000001
core   0: 0x8000a4d6 (0x0000bfe5) c.j     pc - 8
core   0: 3 0x8000a4d6 (0xbfe5)
core   0: 0x8000a4ce (0x00006f17) auipc   t5, 0x6
core   0: 3 0x8000a4ce (0x00006f17) x30 0x800104ce
core   0: 0x8000a4d2 (0xb23f2923) sw      gp, -1230(t5)
core   0: 3 0x8000a4d2 (0xb23f2923) mem 0x80010000 0x00000001
core   0: 0x8000a4d6 (0x0000bfe5) c.j     pc - 8
core   0: 3 0x8000a4d6 (0xbfe5)
core   0: 0x8000a4ce (0x00006f17) auipc   t5, 0x6
core   0: 3 0x8000a4ce (0x00006f17) x30 0x800104ce
core   0: 0x8000a4d2 (0xb23f2923) sw      gp, -1230(t5)
core   0: 3 0x8000a4d2 (0xb23f2923) mem 0x80010000 0x00000001
core   0: 0x8000a4d6 (0x0000bfe5) c.j     pc - 8
core   0: 3 0x8000a4d6 (0xbfe5)
core   0: 0x8000a4ce (0x00006f17) auipc   t5, 0x6
core   0: 3 0x8000a4ce (0x00006f17) x30 0x800104ce
core   0: 0x8000a4d2 (0xb23f2923) sw      gp, -1230(t5)
core   0: 3 0x8000a4d2 (0xb23f2923) mem 0x80010000 0x00000001
core   0: 0x8000a4d6 (0x0000bfe5) c.j     pc - 8
core   0: 3 0x8000a4d6 (0xbfe5)
core   0: 0x8000a4ce (0x00006f17) auipc   t5, 0x6
core   0: 3 0x8000a4ce (0x00006f17) x30 0x800104ce
core   0: 0x8000a4d2 (0xb23f2923) sw      gp, -1230(t5)
core   0: 3 0x8000a4d2 (0xb23f2923) mem 0x80010000 0x00000001
core   0: 0x8000a4d6 (0x0000bfe5) c.j     pc - 8
core   0: 3 0x8000a4d6 (0xbfe5)
core   0: 0x8000a4ce (0x00006f17) auipc   t5, 0x6
core   0: 3 0x8000a4ce (0x00006f17) x30 0x800104ce
core   0: 0x8000a4d2 (0xb23f2923) sw      gp, -1230(t5)
core   0: 3 0x8000a4d2 (0xb23f2923) mem 0x80010000 0x00000001
core   0: 0x8000a4d6 (0x0000bfe5) c.j     pc - 8
core   0: 3 0x8000a4d6 (0xbfe5)
core   0: 0x8000a4ce (0x00006f17) auipc   t5, 0x6
core   0: 3 0x8000a4ce (0x00006f17) x30 0x800104ce
core   0: 0x8000a4d2 (0xb23f2923) sw      gp, -1230(t5)
core   0: 3 0x8000a4d2 (0xb23f2923) mem 0x80010000 0x00000001
core   0: 0x8000a4d6 (0x0000bfe5) c.j     pc - 8
core   0: 3 0x8000a4d6 (0xbfe5)
core   0: 0x8000a4ce (0x00006f17) auipc   t5, 0x6
core   0: 3 0x8000a4ce (0x00006f17) x30 0x800104ce
core   0: 0x8000a4d2 (0xb23f2923) sw      gp, -1230(t5)
core   0: 3 0x8000a4d2 (0xb23f2923) mem 0x80010000 0x00000001
core   0: 0x8000a4d6 (0x0000bfe5) c.j     pc - 8
core   0: 3 0x8000a4d6 (0xbfe5)
core   0: 0x8000a4ce (0x00006f17) auipc   t5, 0x6
core   0: 3 0x8000a4ce (0x00006f17) x30 0x800104ce
core   0: 0x8000a4d2 (0xb23f2923) sw      gp, -1230(t5)
core   0: 3 0x8000a4d2 (0xb23f2923) mem 0x80010000 0x00000001
core   0: 0x8000a4d6 (0x0000bfe5) c.j     pc - 8
core   0: 3 0x8000a4d6 (0xbfe5)
core   0: 0x8000a4ce (0x00006f17) auipc   t5, 0x6
core   0: 3 0x8000a4ce (0x00006f17) x30 0x800104ce
core   0: 0x8000a4d2 (0xb23f2923) sw      gp, -1230(t5)
core   0: 3 0x8000a4d2 (0xb23f2923) mem 0x80010000 0x00000001
core   0: 0x8000a4d6 (0x0000bfe5) c.j     pc - 8
core   0: 3 0x8000a4d6 (0xbfe5)
core   0: 0x8000a4ce (0x00006f17) auipc   t5, 0x6
core   0: 3 0x8000a4ce (0x00006f17) x30 0x800104ce
core   0: 0x8000a4d2 (0xb23f2923) sw      gp, -1230(t5)
core   0: 3 0x8000a4d2 (0xb23f2923) mem 0x80010000 0x00000001
core   0: 0x8000a4d6 (0x0000bfe5) c.j     pc - 8
core   0: 3 0x8000a4d6 (0xbfe5)
core   0: 0x8000a4ce (0x00006f17) auipc   t5, 0x6
core   0: 3 0x8000a4ce (0x00006f17) x30 0x800104ce
core   0: 0x8000a4d2 (0xb23f2923) sw      gp, -1230(t5)
core   0: 3 0x8000a4d2 (0xb23f2923) mem 0x80010000 0x00000001
core   0: 0x8000a4d6 (0x0000bfe5) c.j     pc - 8
core   0: 3 0x8000a4d6 (0xbfe5)
core   0: 0x8000a4ce (0x00006f17) auipc   t5, 0x6
core   0: 3 0x8000a4ce (0x00006f17) x30 0x800104ce
core   0: 0x8000a4d2 (0xb23f2923) sw      gp, -1230(t5)
core   0: 3 0x8000a4d2 (0xb23f2923) mem 0x80010000 0x00000001
core   0: 0x8000a4d6 (0x0000bfe5) c.j     pc - 8
core   0: 3 0x8000a4d6 (0xbfe5)
core   0: 0x8000a4ce (0x00006f17) auipc   t5, 0x6
core   0: 3 0x8000a4ce (0x00006f17) x30 0x800104ce
core   0: 0x8000a4d2 (0xb23f2923) sw      gp, -1230(t5)
core   0: 3 0x8000a4d2 (0xb23f2923) mem 0x80010000 0x00000001
core   0: 0x8000a4d6 (0x0000bfe5) c.j     pc - 8
core   0: 3 0x8000a4d6 (0xbfe5)
core   0: 0x8000a4ce (0x00006f17) auipc   t5, 0x6
core   0: 3 0x8000a4ce (0x00006f17) x30 0x800104ce
core   0: 0x8000a4d2 (0xb23f2923) sw      gp, -1230(t5)
core   0: 3 0x8000a4d2 (0xb23f2923) mem 0x80010000 0x00000001
core   0: 0x8000a4d6 (0x0000bfe5) c.j     pc - 8
core   0: 3 0x8000a4d6 (0xbfe5)
core   0: 0x8000a4ce (0x00006f17) auipc   t5, 0x6
core   0: 3 0x8000a4ce (0x00006f17) x30 0x800104ce
core   0: 0x8000a4d2 (0xb23f2923) sw      gp, -1230(t5)
core   0: 3 0x8000a4d2 (0xb23f2923) mem 0x80010000 0x00000001
core   0: 0x8000a4d6 (0x0000bfe5) c.j     pc - 8
core   0: 3 0x8000a4d6 (0xbfe5)
core   0: 0x8000a4ce (0x00006f17) auipc   t5, 0x6
core   0: 3 0x8000a4ce (0x00006f17) x30 0x800104ce
core   0: 0x8000a4d2 (0xb23f2923) sw      gp, -1230(t5)
core   0: 3 0x8000a4d2 (0xb23f2923) mem 0x80010000 0x00000001
core   0: 0x8000a4d6 (0x0000bfe5) c.j     pc - 8
core   0: 3 0x8000a4d6 (0xbfe5)
core   0: 0x8000a4ce (0x00006f17) auipc   t5, 0x6
core   0: 3 0x8000a4ce (0x00006f17) x30 0x800104ce
core   0: 0x8000a4d2 (0xb23f2923) sw      gp, -1230(t5)
core   0: 3 0x8000a4d2 (0xb23f2923) mem 0x80010000 0x00000001
core   0: 0x8000a4d6 (0x0000bfe5) c.j     pc - 8
core   0: 3 0x8000a4d6 (0xbfe5)
core   0: 0x8000a4ce (0x00006f17) auipc   t5, 0x6
core   0: 3 0x8000a4ce (0x00006f17) x30 0x800104ce
core   0: 0x8000a4d2 (0xb23f2923) sw      gp, -1230(t5)
core   0: 3 0x8000a4d2 (0xb23f2923) mem 0x80010000 0x00000001
core   0: 0x8000a4d6 (0x0000bfe5) c.j     pc - 8
core   0: 3 0x8000a4d6 (0xbfe5)
core   0: 0x8000a4ce (0x00006f17) auipc   t5, 0x6
core   0: 3 0x8000a4ce (0x00006f17) x30 0x800104ce
core   0: 0x8000a4d2 (0xb23f2923) sw      gp, -1230(t5)
core   0: 3 0x8000a4d2 (0xb23f2923) mem 0x80010000 0x00000001
core   0: 0x8000a4d6 (0x0000bfe5) c.j     pc - 8
core   0: 3 0x8000a4d6 (0xbfe5)
core   0: 0x8000a4ce (0x00006f17) auipc   t5, 0x6
core   0: 3 0x8000a4ce (0x00006f17) x30 0x800104ce
core   0: 0x8000a4d2 (0xb23f2923) sw      gp, -1230(t5)
core   0: 3 0x8000a4d2 (0xb23f2923) mem 0x80010000 0x00000001
core   0: 0x8000a4d6 (0x0000bfe5) c.j     pc - 8
core   0: 3 0x8000a4d6 (0xbfe5)
core   0: 0x8000a4ce (0x00006f17) auipc   t5, 0x6
core   0: 3 0x8000a4ce (0x00006f17) x30 0x800104ce
core   0: 0x8000a4d2 (0xb23f2923) sw      gp, -1230(t5)
core   0: 3 0x8000a4d2 (0xb23f2923) mem 0x80010000 0x00000001
core   0: 0x8000a4d6 (0x0000bfe5) c.j     pc - 8
core   0: 3 0x8000a4d6 (0xbfe5)
core   0: 0x8000a4ce (0x00006f17) auipc   t5, 0x6
core   0: 3 0x8000a4ce (0x00006f17) x30 0x800104ce
core   0: 0x8000a4d2 (0xb23f2923) sw      gp, -1230(t5)
core   0: 3 0x8000a4d2 (0xb23f2923) mem 0x80010000 0x00000001
core   0: 0x8000a4d6 (0x0000bfe5) c.j     pc - 8
core   0: 3 0x8000a4d6 (0xbfe5)
core   0: 0x8000a4ce (0x00006f17) auipc   t5, 0x6
core   0: 3 0x8000a4ce (0x00006f17) x30 0x800104ce
core   0: 0x8000a4d2 (0xb23f2923) sw      gp, -1230(t5)
core   0: 3 0x8000a4d2 (0xb23f2923) mem 0x80010000 0x00000001
core   0: 0x8000a4d6 (0x0000bfe5) c.j     pc - 8
core   0: 3 0x8000a4d6 (0xbfe5)
core   0: 0x8000a4ce (0x00006f17) auipc   t5, 0x6
core   0: 3 0x8000a4ce (0x00006f17) x30 0x800104ce
core   0: 0x8000a4d2 (0xb23f2923) sw      gp, -1230(t5)
core   0: 3 0x8000a4d2 (0xb23f2923) mem 0x80010000 0x00000001
core   0: 0x8000a4d6 (0x0000bfe5) c.j     pc - 8
core   0: 3 0x8000a4d6 (0xbfe5)
core   0: 0x8000a4ce (0x00006f17) auipc   t5, 0x6
core   0: 3 0x8000a4ce (0x00006f17) x30 0x800104ce
core   0: 0x8000a4d2 (0xb23f2923) sw      gp, -1230(t5)
core   0: 3 0x8000a4d2 (0xb23f2923) mem 0x80010000 0x00000001
core   0: 0x8000a4d6 (0x0000bfe5) c.j     pc - 8
core   0: 3 0x8000a4d6 (0xbfe5)
core   0: 0x8000a4ce (0x00006f17) auipc   t5, 0x6
core   0: 3 0x8000a4ce (0x00006f17) x30 0x800104ce
core   0: 0x8000a4d2 (0xb23f2923) sw      gp, -1230(t5)
core   0: 3 0x8000a4d2 (0xb23f2923) mem 0x80010000 0x00000001
core   0: 0x8000a4d6 (0x0000bfe5) c.j     pc - 8
core   0: 3 0x8000a4d6 (0xbfe5)
core   0: 0x8000a4ce (0x00006f17) auipc   t5, 0x6
core   0: 3 0x8000a4ce (0x00006f17) x30 0x800104ce
core   0: 0x8000a4d2 (0xb23f2923) sw      gp, -1230(t5)
core   0: 3 0x8000a4d2 (0xb23f2923) mem 0x80010000 0x00000001
core   0: 0x8000a4d6 (0x0000bfe5) c.j     pc - 8
core   0: 3 0x8000a4d6 (0xbfe5)
core   0: 0x8000a4ce (0x00006f17) auipc   t5, 0x6
core   0: 3 0x8000a4ce (0x00006f17) x30 0x800104ce
core   0: 0x8000a4d2 (0xb23f2923) sw      gp, -1230(t5)
core   0: 3 0x8000a4d2 (0xb23f2923) mem 0x80010000 0x00000001
core   0: 0x8000a4d6 (0x0000bfe5) c.j     pc - 8
core   0: 3 0x8000a4d6 (0xbfe5)
core   0: 0x8000a4ce (0x00006f17) auipc   t5, 0x6
core   0: 3 0x8000a4ce (0x00006f17) x30 0x800104ce
core   0: 0x8000a4d2 (0xb23f2923) sw      gp, -1230(t5)
core   0: 3 0x8000a4d2 (0xb23f2923) mem 0x80010000 0x00000001
core   0: 0x8000a4d6 (0x0000bfe5) c.j     pc - 8
core   0: 3 0x8000a4d6 (0xbfe5)
core   0: 0x8000a4ce (0x00006f17) auipc   t5, 0x6
core   0: 3 0x8000a4ce (0x00006f17) x30 0x800104ce
core   0: 0x8000a4d2 (0xb23f2923) sw      gp, -1230(t5)
core   0: 3 0x8000a4d2 (0xb23f2923) mem 0x80010000 0x00000001
core   0: 0x8000a4d6 (0x0000bfe5) c.j     pc - 8
core   0: 3 0x8000a4d6 (0xbfe5)
core   0: 0x8000a4ce (0x00006f17) auipc   t5, 0x6
core   0: 3 0x8000a4ce (0x00006f17) x30 0x800104ce
core   0: 0x8000a4d2 (0xb23f2923) sw      gp, -1230(t5)
core   0: 3 0x8000a4d2 (0xb23f2923) mem 0x80010000 0x00000001
core   0: 0x8000a4d6 (0x0000bfe5) c.j     pc - 8
core   0: 3 0x8000a4d6 (0xbfe5)
core   0: 0x8000a4ce (0x00006f17) auipc   t5, 0x6
core   0: 3 0x8000a4ce (0x00006f17) x30 0x800104ce
core   0: 0x8000a4d2 (0xb23f2923) sw      gp, -1230(t5)
core   0: 3 0x8000a4d2 (0xb23f2923) mem 0x80010000 0x00000001
core   0: 0x8000a4d6 (0x0000bfe5) c.j     pc - 8
core   0: 3 0x8000a4d6 (0xbfe5)
core   0: 0x8000a4ce (0x00006f17) auipc   t5, 0x6
core   0: 3 0x8000a4ce (0x00006f17) x30 0x800104ce
core   0: 0x8000a4d2 (0xb23f2923) sw      gp, -1230(t5)
core   0: 3 0x8000a4d2 (0xb23f2923) mem 0x80010000 0x00000001
core   0: 0x8000a4d6 (0x0000bfe5) c.j     pc - 8
core   0: 3 0x8000a4d6 (0xbfe5)
core   0: 0x8000a4ce (0x00006f17) auipc   t5, 0x6
core   0: 3 0x8000a4ce (0x00006f17) x30 0x800104ce
core   0: 0x8000a4d2 (0xb23f2923) sw      gp, -1230(t5)
core   0: 3 0x8000a4d2 (0xb23f2923) mem 0x80010000 0x00000001
core   0: 0x8000a4d6 (0x0000bfe5) c.j     pc - 8
core   0: 3 0x8000a4d6 (0xbfe5)
core   0: 0x8000a4ce (0x00006f17) auipc   t5, 0x6
core   0: 3 0x8000a4ce (0x00006f17) x30 0x800104ce
core   0: 0x8000a4d2 (0xb23f2923) sw      gp, -1230(t5)
core   0: 3 0x8000a4d2 (0xb23f2923) mem 0x80010000 0x00000001
core   0: 0x8000a4d6 (0x0000bfe5) c.j     pc - 8
core   0: 3 0x8000a4d6 (0xbfe5)
core   0: 0x8000a4ce (0x00006f17) auipc   t5, 0x6
core   0: 3 0x8000a4ce (0x00006f17) x30 0x800104ce
core   0: 0x8000a4d2 (0xb23f2923) sw      gp, -1230(t5)
core   0: 3 0x8000a4d2 (0xb23f2923) mem 0x80010000 0x00000001
core   0: 0x8000a4d6 (0x0000bfe5) c.j     pc - 8
core   0: 3 0x8000a4d6 (0xbfe5)
core   0: 0x8000a4ce (0x00006f17) auipc   t5, 0x6
core   0: 3 0x8000a4ce (0x00006f17) x30 0x800104ce
core   0: 0x8000a4d2 (0xb23f2923) sw      gp, -1230(t5)
core   0: 3 0x8000a4d2 (0xb23f2923) mem 0x80010000 0x00000001
core   0: 0x8000a4d6 (0x0000bfe5) c.j     pc - 8
core   0: 3 0x8000a4d6 (0xbfe5)
core   0: 0x8000a4ce (0x00006f17) auipc   t5, 0x6
core   0: 3 0x8000a4ce (0x00006f17) x30 0x800104ce
core   0: 0x8000a4d2 (0xb23f2923) sw      gp, -1230(t5)
core   0: 3 0x8000a4d2 (0xb23f2923) mem 0x80010000 0x00000001
core   0: 0x8000a4d6 (0x0000bfe5) c.j     pc - 8
core   0: 3 0x8000a4d6 (0xbfe5)
core   0: 0x8000a4ce (0x00006f17) auipc   t5, 0x6
core   0: 3 0x8000a4ce (0x00006f17) x30 0x800104ce
core   0: 0x8000a4d2 (0xb23f2923) sw      gp, -1230(t5)
core   0: 3 0x8000a4d2 (0xb23f2923) mem 0x80010000 0x00000001
core   0: 0x8000a4d6 (0x0000bfe5) c.j     pc - 8
core   0: 3 0x8000a4d6 (0xbfe5)
core   0: 0x8000a4ce (0x00006f17) auipc   t5, 0x6
core   0: 3 0x8000a4ce (0x00006f17) x30 0x800104ce
core   0: 0x8000a4d2 (0xb23f2923) sw      gp, -1230(t5)
core   0: 3 0x8000a4d2 (0xb23f2923) mem 0x80010000 0x00000001
core   0: 0x8000a4d6 (0x0000bfe5) c.j     pc - 8
core   0: 3 0x8000a4d6 (0xbfe5)
core   0: 0x8000a4ce (0x00006f17) auipc   t5, 0x6
core   0: 3 0x8000a4ce (0x00006f17) x30 0x800104ce
core   0: 0x8000a4d2 (0xb23f2923) sw      gp, -1230(t5)
core   0: 3 0x8000a4d2 (0xb23f2923) mem 0x80010000 0x00000001
core   0: 0x8000a4d6 (0x0000bfe5) c.j     pc - 8
core   0: 3 0x8000a4d6 (0xbfe5)
core   0: 0x8000a4ce (0x00006f17) auipc   t5, 0x6
core   0: 3 0x8000a4ce (0x00006f17) x30 0x800104ce
core   0: 0x8000a4d2 (0xb23f2923) sw      gp, -1230(t5)
core   0: 3 0x8000a4d2 (0xb23f2923) mem 0x80010000 0x00000001
core   0: 0x8000a4d6 (0x0000bfe5) c.j     pc - 8
core   0: 3 0x8000a4d6 (0xbfe5)
core   0: 0x8000a4ce (0x00006f17) auipc   t5, 0x6
core   0: 3 0x8000a4ce (0x00006f17) x30 0x800104ce
core   0: 0x8000a4d2 (0xb23f2923) sw      gp, -1230(t5)
core   0: 3 0x8000a4d2 (0xb23f2923) mem 0x80010000 0x00000001
core   0: 0x8000a4d6 (0x0000bfe5) c.j     pc - 8
core   0: 3 0x8000a4d6 (0xbfe5)
core   0: 0x8000a4ce (0x00006f17) auipc   t5, 0x6
core   0: 3 0x8000a4ce (0x00006f17) x30 0x800104ce
core   0: 0x8000a4d2 (0xb23f2923) sw      gp, -1230(t5)
core   0: 3 0x8000a4d2 (0xb23f2923) mem 0x80010000 0x00000001
core   0: 0x8000a4d6 (0x0000bfe5) c.j     pc - 8
core   0: 3 0x8000a4d6 (0xbfe5)
core   0: 0x8000a4ce (0x00006f17) auipc   t5, 0x6
core   0: 3 0x8000a4ce (0x00006f17) x30 0x800104ce
core   0: 0x8000a4d2 (0xb23f2923) sw      gp, -1230(t5)
core   0: 3 0x8000a4d2 (0xb23f2923) mem 0x80010000 0x00000001
core   0: 0x8000a4d6 (0x0000bfe5) c.j     pc - 8
core   0: 3 0x8000a4d6 (0xbfe5)
core   0: 0x8000a4ce (0x00006f17) auipc   t5, 0x6
core   0: 3 0x8000a4ce (0x00006f17) x30 0x800104ce
core   0: 0x8000a4d2 (0xb23f2923) sw      gp, -1230(t5)
core   0: 3 0x8000a4d2 (0xb23f2923) mem 0x80010000 0x00000001
core   0: 0x8000a4d6 (0x0000bfe5) c.j     pc - 8
core   0: 3 0x8000a4d6 (0xbfe5)
core   0: 0x8000a4ce (0x00006f17) auipc   t5, 0x6
core   0: 3 0x8000a4ce (0x00006f17) x30 0x800104ce
core   0: 0x8000a4d2 (0xb23f2923) sw      gp, -1230(t5)
core   0: 3 0x8000a4d2 (0xb23f2923) mem 0x80010000 0x00000001
core   0: 0x8000a4d6 (0x0000bfe5) c.j     pc - 8
core   0: 3 0x8000a4d6 (0xbfe5)
core   0: 0x8000a4ce (0x00006f17) auipc   t5, 0x6
core   0: 3 0x8000a4ce (0x00006f17) x30 0x800104ce
core   0: 0x8000a4d2 (0xb23f2923) sw      gp, -1230(t5)
core   0: 3 0x8000a4d2 (0xb23f2923) mem 0x80010000 0x00000001
core   0: 0x8000a4d6 (0x0000bfe5) c.j     pc - 8
core   0: 3 0x8000a4d6 (0xbfe5)
core   0: 0x8000a4ce (0x00006f17) auipc   t5, 0x6
core   0: 3 0x8000a4ce (0x00006f17) x30 0x800104ce
core   0: 0x8000a4d2 (0xb23f2923) sw      gp, -1230(t5)
core   0: 3 0x8000a4d2 (0xb23f2923) mem 0x80010000 0x00000001
core   0: 0x8000a4d6 (0x0000bfe5) c.j     pc - 8
core   0: 3 0x8000a4d6 (0xbfe5)
core   0: 0x8000a4ce (0x00006f17) auipc   t5, 0x6
core   0: 3 0x8000a4ce (0x00006f17) x30 0x800104ce
core   0: 0x8000a4d2 (0xb23f2923) sw      gp, -1230(t5)
core   0: 3 0x8000a4d2 (0xb23f2923) mem 0x80010000 0x00000001
core   0: 0x8000a4d6 (0x0000bfe5) c.j     pc - 8
core   0: 3 0x8000a4d6 (0xbfe5)
core   0: 0x8000a4ce (0x00006f17) auipc   t5, 0x6
core   0: 3 0x8000a4ce (0x00006f17) x30 0x800104ce
core   0: 0x8000a4d2 (0xb23f2923) sw      gp, -1230(t5)
core   0: 3 0x8000a4d2 (0xb23f2923) mem 0x80010000 0x00000001
core   0: 0x8000a4d6 (0x0000bfe5) c.j     pc - 8
core   0: 3 0x8000a4d6 (0xbfe5)
core   0: 0x8000a4ce (0x00006f17) auipc   t5, 0x6
core   0: 3 0x8000a4ce (0x00006f17) x30 0x800104ce
core   0: 0x8000a4d2 (0xb23f2923) sw      gp, -1230(t5)
core   0: 3 0x8000a4d2 (0xb23f2923) mem 0x80010000 0x00000001
core   0: 0x8000a4d6 (0x0000bfe5) c.j     pc - 8
core   0: 3 0x8000a4d6 (0xbfe5)
core   0: 0x8000a4ce (0x00006f17) auipc   t5, 0x6
core   0: 3 0x8000a4ce (0x00006f17) x30 0x800104ce
core   0: 0x8000a4d2 (0xb23f2923) sw      gp, -1230(t5)
core   0: 3 0x8000a4d2 (0xb23f2923) mem 0x80010000 0x00000001
core   0: 0x8000a4d6 (0x0000bfe5) c.j     pc - 8
core   0: 3 0x8000a4d6 (0xbfe5)
core   0: 0x8000a4ce (0x00006f17) auipc   t5, 0x6
core   0: 3 0x8000a4ce (0x00006f17) x30 0x800104ce
core   0: 0x8000a4d2 (0xb23f2923) sw      gp, -1230(t5)
core   0: 3 0x8000a4d2 (0xb23f2923) mem 0x80010000 0x00000001
core   0: 0x8000a4d6 (0x0000bfe5) c.j     pc - 8
core   0: 3 0x8000a4d6 (0xbfe5)
core   0: 0x8000a4ce (0x00006f17) auipc   t5, 0x6
core   0: 3 0x8000a4ce (0x00006f17) x30 0x800104ce
core   0: 0x8000a4d2 (0xb23f2923) sw      gp, -1230(t5)
core   0: 3 0x8000a4d2 (0xb23f2923) mem 0x80010000 0x00000001
core   0: 0x8000a4d6 (0x0000bfe5) c.j     pc - 8
core   0: 3 0x8000a4d6 (0xbfe5)
core   0: 0x8000a4ce (0x00006f17) auipc   t5, 0x6
core   0: 3 0x8000a4ce (0x00006f17) x30 0x800104ce
core   0: 0x8000a4d2 (0xb23f2923) sw      gp, -1230(t5)
core   0: 3 0x8000a4d2 (0xb23f2923) mem 0x80010000 0x00000001
core   0: 0x8000a4d6 (0x0000bfe5) c.j     pc - 8
core   0: 3 0x8000a4d6 (0xbfe5)
core   0: 0x8000a4ce (0x00006f17) auipc   t5, 0x6
core   0: 3 0x8000a4ce (0x00006f17) x30 0x800104ce
core   0: 0x8000a4d2 (0xb23f2923) sw      gp, -1230(t5)
core   0: 3 0x8000a4d2 (0xb23f2923) mem 0x80010000 0x00000001
core   0: 0x8000a4d6 (0x0000bfe5) c.j     pc - 8
core   0: 3 0x8000a4d6 (0xbfe5)
core   0: 0x8000a4ce (0x00006f17) auipc   t5, 0x6
core   0: 3 0x8000a4ce (0x00006f17) x30 0x800104ce
core   0: 0x8000a4d2 (0xb23f2923) sw      gp, -1230(t5)
core   0: 3 0x8000a4d2 (0xb23f2923) mem 0x80010000 0x00000001
core   0: 0x8000a4d6 (0x0000bfe5) c.j     pc - 8
core   0: 3 0x8000a4d6 (0xbfe5)
core   0: 0x8000a4ce (0x00006f17) auipc   t5, 0x6
core   0: 3 0x8000a4ce (0x00006f17) x30 0x800104ce
core   0: 0x8000a4d2 (0xb23f2923) sw      gp, -1230(t5)
core   0: 3 0x8000a4d2 (0xb23f2923) mem 0x80010000 0x00000001
core   0: 0x8000a4d6 (0x0000bfe5) c.j     pc - 8
core   0: 3 0x8000a4d6 (0xbfe5)
core   0: 0x8000a4ce (0x00006f17) auipc   t5, 0x6
core   0: 3 0x8000a4ce (0x00006f17) x30 0x800104ce
core   0: 0x8000a4d2 (0xb23f2923) sw      gp, -1230(t5)
core   0: 3 0x8000a4d2 (0xb23f2923) mem 0x80010000 0x00000001
core   0: 0x8000a4d6 (0x0000bfe5) c.j     pc - 8
core   0: 3 0x8000a4d6 (0xbfe5)
core   0: 0x8000a4ce (0x00006f17) auipc   t5, 0x6
core   0: 3 0x8000a4ce (0x00006f17) x30 0x800104ce
core   0: 0x8000a4d2 (0xb23f2923) sw      gp, -1230(t5)
core   0: 3 0x8000a4d2 (0xb23f2923) mem 0x80010000 0x00000001
core   0: 0x8000a4d6 (0x0000bfe5) c.j     pc - 8
core   0: 3 0x8000a4d6 (0xbfe5)
core   0: 0x8000a4ce (0x00006f17) auipc   t5, 0x6
core   0: 3 0x8000a4ce (0x00006f17) x30 0x800104ce
core   0: 0x8000a4d2 (0xb23f2923) sw      gp, -1230(t5)
core   0: 3 0x8000a4d2 (0xb23f2923) mem 0x80010000 0x00000001
core   0: 0x8000a4d6 (0x0000bfe5) c.j     pc - 8
core   0: 3 0x8000a4d6 (0xbfe5)
core   0: 0x8000a4ce (0x00006f17) auipc   t5, 0x6
core   0: 3 0x8000a4ce (0x00006f17) x30 0x800104ce
core   0: 0x8000a4d2 (0xb23f2923) sw      gp, -1230(t5)
core   0: 3 0x8000a4d2 (0xb23f2923) mem 0x80010000 0x00000001
core   0: 0x8000a4d6 (0x0000bfe5) c.j     pc - 8
core   0: 3 0x8000a4d6 (0xbfe5)
core   0: 0x8000a4ce (0x00006f17) auipc   t5, 0x6
core   0: 3 0x8000a4ce (0x00006f17) x30 0x800104ce
core   0: 0x8000a4d2 (0xb23f2923) sw      gp, -1230(t5)
core   0: 3 0x8000a4d2 (0xb23f2923) mem 0x80010000 0x00000001
core   0: 0x8000a4d6 (0x0000bfe5) c.j     pc - 8
core   0: 3 0x8000a4d6 (0xbfe5)
core   0: 0x8000a4ce (0x00006f17) auipc   t5, 0x6
core   0: 3 0x8000a4ce (0x00006f17) x30 0x800104ce
core   0: 0x8000a4d2 (0xb23f2923) sw      gp, -1230(t5)
core   0: 3 0x8000a4d2 (0xb23f2923) mem 0x80010000 0x00000001
core   0: 0x8000a4d6 (0x0000bfe5) c.j     pc - 8
core   0: 3 0x8000a4d6 (0xbfe5)
core   0: 0x8000a4ce (0x00006f17) auipc   t5, 0x6
core   0: 3 0x8000a4ce (0x00006f17) x30 0x800104ce
core   0: 0x8000a4d2 (0xb23f2923) sw      gp, -1230(t5)
core   0: 3 0x8000a4d2 (0xb23f2923) mem 0x80010000 0x00000001
core   0: 0x8000a4d6 (0x0000bfe5) c.j     pc - 8
core   0: 3 0x8000a4d6 (0xbfe5)
core   0: 0x8000a4ce (0x00006f17) auipc   t5, 0x6
core   0: 3 0x8000a4ce (0x00006f17) x30 0x800104ce
core   0: 0x8000a4d2 (0xb23f2923) sw      gp, -1230(t5)
core   0: 3 0x8000a4d2 (0xb23f2923) mem 0x80010000 0x00000001
core   0: 0x8000a4d6 (0x0000bfe5) c.j     pc - 8
core   0: 3 0x8000a4d6 (0xbfe5)
core   0: 0x8000a4ce (0x00006f17) auipc   t5, 0x6
core   0: 3 0x8000a4ce (0x00006f17) x30 0x800104ce
core   0: 0x8000a4d2 (0xb23f2923) sw      gp, -1230(t5)
core   0: 3 0x8000a4d2 (0xb23f2923) mem 0x80010000 0x00000001
core   0: 0x8000a4d6 (0x0000bfe5) c.j     pc - 8
core   0: 3 0x8000a4d6 (0xbfe5)
core   0: 0x8000a4ce (0x00006f17) auipc   t5, 0x6
core   0: 3 0x8000a4ce (0x00006f17) x30 0x800104ce
core   0: 0x8000a4d2 (0xb23f2923) sw      gp, -1230(t5)
core   0: 3 0x8000a4d2 (0xb23f2923) mem 0x80010000 0x00000001
core   0: 0x8000a4d6 (0x0000bfe5) c.j     pc - 8
core   0: 3 0x8000a4d6 (0xbfe5)
core   0: 0x8000a4ce (0x00006f17) auipc   t5, 0x6
core   0: 3 0x8000a4ce (0x00006f17) x30 0x800104ce
core   0: 0x8000a4d2 (0xb23f2923) sw      gp, -1230(t5)
core   0: 3 0x8000a4d2 (0xb23f2923) mem 0x80010000 0x00000001
core   0: 0x8000a4d6 (0x0000bfe5) c.j     pc - 8
core   0: 3 0x8000a4d6 (0xbfe5)
core   0: 0x8000a4ce (0x00006f17) auipc   t5, 0x6
core   0: 3 0x8000a4ce (0x00006f17) x30 0x800104ce
core   0: 0x8000a4d2 (0xb23f2923) sw      gp, -1230(t5)
core   0: 3 0x8000a4d2 (0xb23f2923) mem 0x80010000 0x00000001
core   0: 0x8000a4d6 (0x0000bfe5) c.j     pc - 8
core   0: 3 0x8000a4d6 (0xbfe5)
core   0: 0x8000a4ce (0x00006f17) auipc   t5, 0x6
core   0: 3 0x8000a4ce (0x00006f17) x30 0x800104ce
core   0: 0x8000a4d2 (0xb23f2923) sw      gp, -1230(t5)
core   0: 3 0x8000a4d2 (0xb23f2923) mem 0x80010000 0x00000001
core   0: 0x8000a4d6 (0x0000bfe5) c.j     pc - 8
core   0: 3 0x8000a4d6 (0xbfe5)
core   0: 0x8000a4ce (0x00006f17) auipc   t5, 0x6
core   0: 3 0x8000a4ce (0x00006f17) x30 0x800104ce
core   0: 0x8000a4d2 (0xb23f2923) sw      gp, -1230(t5)
core   0: 3 0x8000a4d2 (0xb23f2923) mem 0x80010000 0x00000001
core   0: 0x8000a4d6 (0x0000bfe5) c.j     pc - 8
core   0: 3 0x8000a4d6 (0xbfe5)
core   0: 0x8000a4ce (0x00006f17) auipc   t5, 0x6
core   0: 3 0x8000a4ce (0x00006f17) x30 0x800104ce
core   0: 0x8000a4d2 (0xb23f2923) sw      gp, -1230(t5)
core   0: 3 0x8000a4d2 (0xb23f2923) mem 0x80010000 0x00000001
core   0: 0x8000a4d6 (0x0000bfe5) c.j     pc - 8
core   0: 3 0x8000a4d6 (0xbfe5)
core   0: 0x8000a4ce (0x00006f17) auipc   t5, 0x6
core   0: 3 0x8000a4ce (0x00006f17) x30 0x800104ce
core   0: 0x8000a4d2 (0xb23f2923) sw      gp, -1230(t5)
core   0: 3 0x8000a4d2 (0xb23f2923) mem 0x80010000 0x00000001
core   0: 0x8000a4d6 (0x0000bfe5) c.j     pc - 8
core   0: 3 0x8000a4d6 (0xbfe5)
core   0: 0x8000a4ce (0x00006f17) auipc   t5, 0x6
core   0: 3 0x8000a4ce (0x00006f17) x30 0x800104ce
core   0: 0x8000a4d2 (0xb23f2923) sw      gp, -1230(t5)
core   0: 3 0x8000a4d2 (0xb23f2923) mem 0x80010000 0x00000001
core   0: 0x8000a4d6 (0x0000bfe5) c.j     pc - 8
core   0: 3 0x8000a4d6 (0xbfe5)
core   0: 0x8000a4ce (0x00006f17) auipc   t5, 0x6
core   0: 3 0x8000a4ce (0x00006f17) x30 0x800104ce
core   0: 0x8000a4d2 (0xb23f2923) sw      gp, -1230(t5)
core   0: 3 0x8000a4d2 (0xb23f2923) mem 0x80010000 0x00000001
core   0: 0x8000a4d6 (0x0000bfe5) c.j     pc - 8
core   0: 3 0x8000a4d6 (0xbfe5)
core   0: 0x8000a4ce (0x00006f17) auipc   t5, 0x6
core   0: 3 0x8000a4ce (0x00006f17) x30 0x800104ce
core   0: 0x8000a4d2 (0xb23f2923) sw      gp, -1230(t5)
core   0: 3 0x8000a4d2 (0xb23f2923) mem 0x80010000 0x00000001
core   0: 0x8000a4d6 (0x0000bfe5) c.j     pc - 8
core   0: 3 0x8000a4d6 (0xbfe5)
core   0: 0x8000a4ce (0x00006f17) auipc   t5, 0x6
core   0: 3 0x8000a4ce (0x00006f17) x30 0x800104ce
core   0: 0x8000a4d2 (0xb23f2923) sw      gp, -1230(t5)
core   0: 3 0x8000a4d2 (0xb23f2923) mem 0x80010000 0x00000001
core   0: 0x8000a4d6 (0x0000bfe5) c.j     pc - 8
core   0: 3 0x8000a4d6 (0xbfe5)
core   0: 0x8000a4ce (0x00006f17) auipc   t5, 0x6
core   0: 3 0x8000a4ce (0x00006f17) x30 0x800104ce
core   0: 0x8000a4d2 (0xb23f2923) sw      gp, -1230(t5)
core   0: 3 0x8000a4d2 (0xb23f2923) mem 0x80010000 0x00000001
core   0: 0x8000a4d6 (0x0000bfe5) c.j     pc - 8
core   0: 3 0x8000a4d6 (0xbfe5)
core   0: 0x8000a4ce (0x00006f17) auipc   t5, 0x6
core   0: 3 0x8000a4ce (0x00006f17) x30 0x800104ce
core   0: 0x8000a4d2 (0xb23f2923) sw      gp, -1230(t5)
core   0: 3 0x8000a4d2 (0xb23f2923) mem 0x80010000 0x00000001
core   0: 0x8000a4d6 (0x0000bfe5) c.j     pc - 8
core   0: 3 0x8000a4d6 (0xbfe5)
core   0: 0x8000a4ce (0x00006f17) auipc   t5, 0x6
core   0: 3 0x8000a4ce (0x00006f17) x30 0x800104ce
core   0: 0x8000a4d2 (0xb23f2923) sw      gp, -1230(t5)
core   0: 3 0x8000a4d2 (0xb23f2923) mem 0x80010000 0x00000001
core   0: 0x8000a4d6 (0x0000bfe5) c.j     pc - 8
core   0: 3 0x8000a4d6 (0xbfe5)
core   0: 0x8000a4ce (0x00006f17) auipc   t5, 0x6
core   0: 3 0x8000a4ce (0x00006f17) x30 0x800104ce
core   0: 0x8000a4d2 (0xb23f2923) sw      gp, -1230(t5)
core   0: 3 0x8000a4d2 (0xb23f2923) mem 0x80010000 0x00000001
core   0: 0x8000a4d6 (0x0000bfe5) c.j     pc - 8
core   0: 3 0x8000a4d6 (0xbfe5)
core   0: 0x8000a4ce (0x00006f17) auipc   t5, 0x6
core   0: 3 0x8000a4ce (0x00006f17) x30 0x800104ce
core   0: 0x8000a4d2 (0xb23f2923) sw      gp, -1230(t5)
core   0: 3 0x8000a4d2 (0xb23f2923) mem 0x80010000 0x00000001
core   0: 0x8000a4d6 (0x0000bfe5) c.j     pc - 8
core   0: 3 0x8000a4d6 (0xbfe5)
core   0: 0x8000a4ce (0x00006f17) auipc   t5, 0x6
core   0: 3 0x8000a4ce (0x00006f17) x30 0x800104ce
core   0: 0x8000a4d2 (0xb23f2923) sw      gp, -1230(t5)
core   0: 3 0x8000a4d2 (0xb23f2923) mem 0x80010000 0x00000001
core   0: 0x8000a4d6 (0x0000bfe5) c.j     pc - 8
core   0: 3 0x8000a4d6 (0xbfe5)
core   0: 0x8000a4ce (0x00006f17) auipc   t5, 0x6
core   0: 3 0x8000a4ce (0x00006f17) x30 0x800104ce
core   0: 0x8000a4d2 (0xb23f2923) sw      gp, -1230(t5)
core   0: 3 0x8000a4d2 (0xb23f2923) mem 0x80010000 0x00000001
core   0: 0x8000a4d6 (0x0000bfe5) c.j     pc - 8
core   0: 3 0x8000a4d6 (0xbfe5)
core   0: 0x8000a4ce (0x00006f17) auipc   t5, 0x6
core   0: 3 0x8000a4ce (0x00006f17) x30 0x800104ce
core   0: 0x8000a4d2 (0xb23f2923) sw      gp, -1230(t5)
core   0: 3 0x8000a4d2 (0xb23f2923) mem 0x80010000 0x00000001
core   0: 0x8000a4d6 (0x0000bfe5) c.j     pc - 8
core   0: 3 0x8000a4d6 (0xbfe5)
core   0: 0x8000a4ce (0x00006f17) auipc   t5, 0x6
core   0: 3 0x8000a4ce (0x00006f17) x30 0x800104ce
core   0: 0x8000a4d2 (0xb23f2923) sw      gp, -1230(t5)
core   0: 3 0x8000a4d2 (0xb23f2923) mem 0x80010000 0x00000001
core   0: 0x8000a4d6 (0x0000bfe5) c.j     pc - 8
core   0: 3 0x8000a4d6 (0xbfe5)
core   0: 0x8000a4ce (0x00006f17) auipc   t5, 0x6
core   0: 3 0x8000a4ce (0x00006f17) x30 0x800104ce
core   0: 0x8000a4d2 (0xb23f2923) sw      gp, -1230(t5)
core   0: 3 0x8000a4d2 (0xb23f2923) mem 0x80010000 0x00000001
core   0: 0x8000a4d6 (0x0000bfe5) c.j     pc - 8
core   0: 3 0x8000a4d6 (0xbfe5)
core   0: 0x8000a4ce (0x00006f17) auipc   t5, 0x6
core   0: 3 0x8000a4ce (0x00006f17) x30 0x800104ce
core   0: 0x8000a4d2 (0xb23f2923) sw      gp, -1230(t5)
core   0: 3 0x8000a4d2 (0xb23f2923) mem 0x80010000 0x00000001
core   0: 0x8000a4d6 (0x0000bfe5) c.j     pc - 8
core   0: 3 0x8000a4d6 (0xbfe5)
core   0: 0x8000a4ce (0x00006f17) auipc   t5, 0x6
core   0: 3 0x8000a4ce (0x00006f17) x30 0x800104ce
core   0: 0x8000a4d2 (0xb23f2923) sw      gp, -1230(t5)
core   0: 3 0x8000a4d2 (0xb23f2923) mem 0x80010000 0x00000001
core   0: 0x8000a4d6 (0x0000bfe5) c.j     pc - 8
core   0: 3 0x8000a4d6 (0xbfe5)
core   0: 0x8000a4ce (0x00006f17) auipc   t5, 0x6
core   0: 3 0x8000a4ce (0x00006f17) x30 0x800104ce
core   0: 0x8000a4d2 (0xb23f2923) sw      gp, -1230(t5)
core   0: 3 0x8000a4d2 (0xb23f2923) mem 0x80010000 0x00000001
core   0: 0x8000a4d6 (0x0000bfe5) c.j     pc - 8
core   0: 3 0x8000a4d6 (0xbfe5)
core   0: 0x8000a4ce (0x00006f17) auipc   t5, 0x6
core   0: 3 0x8000a4ce (0x00006f17) x30 0x800104ce
core   0: 0x8000a4d2 (0xb23f2923) sw      gp, -1230(t5)
core   0: 3 0x8000a4d2 (0xb23f2923) mem 0x80010000 0x00000001
core   0: 0x8000a4d6 (0x0000bfe5) c.j     pc - 8
core   0: 3 0x8000a4d6 (0xbfe5)
core   0: 0x8000a4ce (0x00006f17) auipc   t5, 0x6
core   0: 3 0x8000a4ce (0x00006f17) x30 0x800104ce
core   0: 0x8000a4d2 (0xb23f2923) sw      gp, -1230(t5)
core   0: 3 0x8000a4d2 (0xb23f2923) mem 0x80010000 0x00000001
core   0: 0x8000a4d6 (0x0000bfe5) c.j     pc - 8
core   0: 3 0x8000a4d6 (0xbfe5)
core   0: 0x8000a4ce (0x00006f17) auipc   t5, 0x6
core   0: 3 0x8000a4ce (0x00006f17) x30 0x800104ce
core   0: 0x8000a4d2 (0xb23f2923) sw      gp, -1230(t5)
core   0: 3 0x8000a4d2 (0xb23f2923) mem 0x80010000 0x00000001
core   0: 0x8000a4d6 (0x0000bfe5) c.j     pc - 8
core   0: 3 0x8000a4d6 (0xbfe5)
core   0: 0x8000a4ce (0x00006f17) auipc   t5, 0x6
core   0: 3 0x8000a4ce (0x00006f17) x30 0x800104ce
core   0: 0x8000a4d2 (0xb23f2923) sw      gp, -1230(t5)
core   0: 3 0x8000a4d2 (0xb23f2923) mem 0x80010000 0x00000001
core   0: 0x8000a4d6 (0x0000bfe5) c.j     pc - 8
core   0: 3 0x8000a4d6 (0xbfe5)
core   0: 0x8000a4ce (0x00006f17) auipc   t5, 0x6
core   0: 3 0x8000a4ce (0x00006f17) x30 0x800104ce
core   0: 0x8000a4d2 (0xb23f2923) sw      gp, -1230(t5)
core   0: 3 0x8000a4d2 (0xb23f2923) mem 0x80010000 0x00000001
core   0: 0x8000a4d6 (0x0000bfe5) c.j     pc - 8
core   0: 3 0x8000a4d6 (0xbfe5)
core   0: 0x8000a4ce (0x00006f17) auipc   t5, 0x6
core   0: 3 0x8000a4ce (0x00006f17) x30 0x800104ce
core   0: 0x8000a4d2 (0xb23f2923) sw      gp, -1230(t5)
core   0: 3 0x8000a4d2 (0xb23f2923) mem 0x80010000 0x00000001
core   0: 0x8000a4d6 (0x0000bfe5) c.j     pc - 8
core   0: 3 0x8000a4d6 (0xbfe5)
core   0: 0x8000a4ce (0x00006f17) auipc   t5, 0x6
core   0: 3 0x8000a4ce (0x00006f17) x30 0x800104ce
core   0: 0x8000a4d2 (0xb23f2923) sw      gp, -1230(t5)
core   0: 3 0x8000a4d2 (0xb23f2923) mem 0x80010000 0x00000001
core   0: 0x8000a4d6 (0x0000bfe5) c.j     pc - 8
core   0: 3 0x8000a4d6 (0xbfe5)
core   0: 0x8000a4ce (0x00006f17) auipc   t5, 0x6
core   0: 3 0x8000a4ce (0x00006f17) x30 0x800104ce
core   0: 0x8000a4d2 (0xb23f2923) sw      gp, -1230(t5)
core   0: 3 0x8000a4d2 (0xb23f2923) mem 0x80010000 0x00000001
core   0: 0x8000a4d6 (0x0000bfe5) c.j     pc - 8
core   0: 3 0x8000a4d6 (0xbfe5)
core   0: 0x8000a4ce (0x00006f17) auipc   t5, 0x6
core   0: 3 0x8000a4ce (0x00006f17) x30 0x800104ce
core   0: 0x8000a4d2 (0xb23f2923) sw      gp, -1230(t5)
core   0: 3 0x8000a4d2 (0xb23f2923) mem 0x80010000 0x00000001
core   0: 0x8000a4d6 (0x0000bfe5) c.j     pc - 8
core   0: 3 0x8000a4d6 (0xbfe5)
core   0: 0x8000a4ce (0x00006f17) auipc   t5, 0x6
core   0: 3 0x8000a4ce (0x00006f17) x30 0x800104ce
core   0: 0x8000a4d2 (0xb23f2923) sw      gp, -1230(t5)
core   0: 3 0x8000a4d2 (0xb23f2923) mem 0x80010000 0x00000001
core   0: 0x8000a4d6 (0x0000bfe5) c.j     pc - 8
core   0: 3 0x8000a4d6 (0xbfe5)
core   0: 0x8000a4ce (0x00006f17) auipc   t5, 0x6
core   0: 3 0x8000a4ce (0x00006f17) x30 0x800104ce
core   0: 0x8000a4d2 (0xb23f2923) sw      gp, -1230(t5)
core   0: 3 0x8000a4d2 (0xb23f2923) mem 0x80010000 0x00000001
core   0: 0x8000a4d6 (0x0000bfe5) c.j     pc - 8
core   0: 3 0x8000a4d6 (0xbfe5)
core   0: 0x8000a4ce (0x00006f17) auipc   t5, 0x6
core   0: 3 0x8000a4ce (0x00006f17) x30 0x800104ce
core   0: 0x8000a4d2 (0xb23f2923) sw      gp, -1230(t5)
core   0: 3 0x8000a4d2 (0xb23f2923) mem 0x80010000 0x00000001
core   0: 0x8000a4d6 (0x0000bfe5) c.j     pc - 8
core   0: 3 0x8000a4d6 (0xbfe5)
core   0: 0x8000a4ce (0x00006f17) auipc   t5, 0x6
core   0: 3 0x8000a4ce (0x00006f17) x30 0x800104ce
core   0: 0x8000a4d2 (0xb23f2923) sw      gp, -1230(t5)
core   0: 3 0x8000a4d2 (0xb23f2923) mem 0x80010000 0x00000001
core   0: 0x8000a4d6 (0x0000bfe5) c.j     pc - 8
core   0: 3 0x8000a4d6 (0xbfe5)
core   0: 0x8000a4ce (0x00006f17) auipc   t5, 0x6
core   0: 3 0x8000a4ce (0x00006f17) x30 0x800104ce
core   0: 0x8000a4d2 (0xb23f2923) sw      gp, -1230(t5)
core   0: 3 0x8000a4d2 (0xb23f2923) mem 0x80010000 0x00000001
core   0: 0x8000a4d6 (0x0000bfe5) c.j     pc - 8
core   0: 3 0x8000a4d6 (0xbfe5)
core   0: 0x8000a4ce (0x00006f17) auipc   t5, 0x6
core   0: 3 0x8000a4ce (0x00006f17) x30 0x800104ce
core   0: 0x8000a4d2 (0xb23f2923) sw      gp, -1230(t5)
core   0: 3 0x8000a4d2 (0xb23f2923) mem 0x80010000 0x00000001
core   0: 0x8000a4d6 (0x0000bfe5) c.j     pc - 8
core   0: 3 0x8000a4d6 (0xbfe5)
core   0: 0x8000a4ce (0x00006f17) auipc   t5, 0x6
core   0: 3 0x8000a4ce (0x00006f17) x30 0x800104ce
core   0: 0x8000a4d2 (0xb23f2923) sw      gp, -1230(t5)
core   0: 3 0x8000a4d2 (0xb23f2923) mem 0x80010000 0x00000001
core   0: 0x8000a4d6 (0x0000bfe5) c.j     pc - 8
core   0: 3 0x8000a4d6 (0xbfe5)
core   0: 0x8000a4ce (0x00006f17) auipc   t5, 0x6
core   0: 3 0x8000a4ce (0x00006f17) x30 0x800104ce
core   0: 0x8000a4d2 (0xb23f2923) sw      gp, -1230(t5)
core   0: 3 0x8000a4d2 (0xb23f2923) mem 0x80010000 0x00000001
core   0: 0x8000a4d6 (0x0000bfe5) c.j     pc - 8
core   0: 3 0x8000a4d6 (0xbfe5)
core   0: 0x8000a4ce (0x00006f17) auipc   t5, 0x6
core   0: 3 0x8000a4ce (0x00006f17) x30 0x800104ce
core   0: 0x8000a4d2 (0xb23f2923) sw      gp, -1230(t5)
core   0: 3 0x8000a4d2 (0xb23f2923) mem 0x80010000 0x00000001
core   0: 0x8000a4d6 (0x0000bfe5) c.j     pc - 8
core   0: 3 0x8000a4d6 (0xbfe5)
core   0: 0x8000a4ce (0x00006f17) auipc   t5, 0x6
core   0: 3 0x8000a4ce (0x00006f17) x30 0x800104ce
core   0: 0x8000a4d2 (0xb23f2923) sw      gp, -1230(t5)
core   0: 3 0x8000a4d2 (0xb23f2923) mem 0x80010000 0x00000001
core   0: 0x8000a4d6 (0x0000bfe5) c.j     pc - 8
core   0: 3 0x8000a4d6 (0xbfe5)
core   0: 0x8000a4ce (0x00006f17) auipc   t5, 0x6
core   0: 3 0x8000a4ce (0x00006f17) x30 0x800104ce
core   0: 0x8000a4d2 (0xb23f2923) sw      gp, -1230(t5)
core   0: 3 0x8000a4d2 (0xb23f2923) mem 0x80010000 0x00000001
core   0: 0x8000a4d6 (0x0000bfe5) c.j     pc - 8
core   0: 3 0x8000a4d6 (0xbfe5)
core   0: 0x8000a4ce (0x00006f17) auipc   t5, 0x6
core   0: 3 0x8000a4ce (0x00006f17) x30 0x800104ce
core   0: 0x8000a4d2 (0xb23f2923) sw      gp, -1230(t5)
core   0: 3 0x8000a4d2 (0xb23f2923) mem 0x80010000 0x00000001
core   0: 0x8000a4d6 (0x0000bfe5) c.j     pc - 8
core   0: 3 0x8000a4d6 (0xbfe5)
core   0: 0x8000a4ce (0x00006f17) auipc   t5, 0x6
core   0: 3 0x8000a4ce (0x00006f17) x30 0x800104ce
core   0: 0x8000a4d2 (0xb23f2923) sw      gp, -1230(t5)
core   0: 3 0x8000a4d2 (0xb23f2923) mem 0x80010000 0x00000001
