core   0: 0x00001000 (0x00000297) auipc   t0, 0x0
core   0: 3 0x00001000 (0x00000297) x 5 0x00001000
core   0: 0x00001004 (0x02028593) addi    a1, t0, 32
core   0: 3 0x00001004 (0x02028593) x11 0x00001020
core   0: 0x00001008 (0xf1402573) csrr    a0, mhartid
core   0: 3 0x00001008 (0xf1402573) x10 0x00000000
core   0: 0x0000100c (0x0182a283) lw      t0, 24(t0)
core   0: 3 0x0000100c (0x0182a283) x 5 0x80000000 mem 0x00001018
core   0: 0x00001010 (0x00028067) jr      t0
core   0: 3 0x00001010 (0x00028067)
core   0: 0x80000000 (0xf14022f3) csrr    t0, mhartid
core   0: 3 0x80000000 (0xf14022f3) x 5 0x00000000
core   0: 0x80000004 (0x00004301) c.li    t1, 0
core   0: 3 0x80000004 (0x4301) x 6 0x00000000
core   0: 0x80000006 (0x00628263) beq     t0, t1, pc + 4
core   0: 3 0x80000006 (0x00628263)
core   0: 0x8000000a (0x00000397) auipc   t2, 0x0
core   0: 3 0x8000000a (0x00000397) x 7 0x8000000a
core   0: 0x8000000e (0x00c38393) addi    t2, t2, 12
core   0: 3 0x8000000e (0x00c38393) x 7 0x80000016
core   0: 0x80000012 (0x00038067) jr      t2
core   0: 3 0x80000012 (0x00038067)
core   0: 0x80000016 (0x40001837) lui     a6, 0x40001
core   0: 3 0x80000016 (0x40001837) x16 0x40001000
core   0: 0x8000001a (0x10580813) addi    a6, a6, 261
core   0: 3 0x8000001a (0x10580813) x16 0x40001105
core   0: 0x8000001e (0x30181073) csrw    misa, a6
core   0: 3 0x8000001e (0x30181073) c769_misa 0x40141105
core   0: 0x80000022 (0x0002df17) auipc   t5, 0x2d
core   0: 3 0x80000022 (0x0002df17) x30 0x8002d022
core   0: 0x80000026 (0xd02f0f13) addi    t5, t5, -766
core   0: 3 0x80000026 (0xd02f0f13) x30 0x8002cd24
core   0: 0x8000002a (0x00012817) auipc   a6, 0x12
core   0: 3 0x8000002a (0x00012817) x16 0x8001202a
core   0: 0x8000002e (0xe5680813) addi    a6, a6, -426
core   0: 3 0x8000002e (0xe5680813) x16 0x80011e80
core   0: 0x80000032 (0x00186813) ori     a6, a6, 1
core   0: 3 0x80000032 (0x00186813) x16 0x80011e81
core   0: 0x80000036 (0x30581073) csrw    mtvec, a6
core   0: 3 0x80000036 (0x30581073) c773_mtvec 0x80011e81
core   0: 0x8000003a (0x00000817) auipc   a6, 0x0
core   0: 3 0x8000003a (0x00000817) x16 0x8000003a
core   0: 0x8000003e (0x02280813) addi    a6, a6, 34
core   0: 3 0x8000003e (0x02280813) x16 0x8000005c
core   0: 0x80000042 (0x34181073) csrw    mepc, a6
core   0: 3 0x80000042 (0x34181073) c833_mepc 0x8000005c
core   0: 0x80000046 (0x00000001) c.nop
core   0: 3 0x80000046 (0x0001)
core   0: 0x80000048 (0x00006809) c.lui   a6, 0x2
core   0: 3 0x80000048 (0x6809) x16 0x00002000
core   0: 0x8000004a (0x80080813) addi    a6, a6, -2048
core   0: 3 0x8000004a (0x80080813) x16 0x00001800
core   0: 0x8000004e (0x30081073) csrw    mstatus, a6
core   0: 3 0x8000004e (0x30081073) c768_mstatus 0x00001800
core   0: 0x80000052 (0x00004801) c.li    a6, 0
core   0: 3 0x80000052 (0x4801) x16 0x00000000
core   0: 0x80000054 (0x30481073) csrw    mie, a6
core   0: 3 0x80000054 (0x30481073) c772_mie 0x00000000
core   0: 0x80000058 (0x30200073) mret
core   0: 3 0x80000058 (0x30200073) c768_mstatus 0x00000080
core   0: >>>>  init
core   0: 0x8000005c (0x00000013) nop
core   0: 3 0x8000005c (0x00000013)
core   0: 0x80000060 (0x0000409d) c.li    ra, 7
core   0: 3 0x80000060 (0x409d) x 1 0x00000007
core   0: 0x80000062 (0x02ff3137) lui     sp, 0x2ff3
core   0: 3 0x80000062 (0x02ff3137) x 2 0x02ff3000
core   0: 0x80000066 (0xdc610113) addi    sp, sp, -570
core   0: 3 0x80000066 (0xdc610113) x 2 0x02ff2dc6
core   0: 0x8000006a (0x0000419d) c.li    gp, 7
core   0: 3 0x8000006a (0x419d) x 3 0x00000007
core   0: 0x8000006c (0x80000237) lui     tp, 0x80000
core   0: 3 0x8000006c (0x80000237) x 4 0x80000000
core   0: 0x80000070 (0x80000337) lui     t1, 0x80000
core   0: 3 0x80000070 (0x80000337) x 6 0x80000000
core   0: 0x80000074 (0x00004399) c.li    t2, 6
core   0: 3 0x80000074 (0x4399) x 7 0x00000006
core   0: 0x80000076 (0xe70c8437) lui     s0, 0xe70c8
core   0: 3 0x80000076 (0xe70c8437) x 8 0xe70c8000
core   0: 0x8000007a (0xba940413) addi    s0, s0, -1111
core   0: 3 0x8000007a (0xba940413) x 8 0xe70c7ba9
core   0: 0x8000007e (0x800004b7) lui     s1, 0x80000
core   0: 3 0x8000007e (0x800004b7) x 9 0x80000000
core   0: 0x80000082 (0x80000537) lui     a0, 0x80000
core   0: 3 0x80000082 (0x80000537) x10 0x80000000
core   0: 0x80000086 (0x800005b7) lui     a1, 0x80000
core   0: 3 0x80000086 (0x800005b7) x11 0x80000000
core   0: 0x8000008a (0x80000637) lui     a2, 0x80000
core   0: 3 0x8000008a (0x80000637) x12 0x80000000
core   0: 0x8000008e (0xf48696b7) lui     a3, 0xf4869
core   0: 3 0x8000008e (0xf48696b7) x13 0xf4869000
core   0: 0x80000092 (0x34968693) addi    a3, a3, 841
core   0: 3 0x80000092 (0x34968693) x13 0xf4869349
core   0: 0x80000096 (0x00004705) c.li    a4, 1
core   0: 3 0x80000096 (0x4705) x14 0x00000001
core   0: 0x80000098 (0x800007b7) lui     a5, 0x80000
core   0: 3 0x80000098 (0x800007b7) x15 0x80000000
core   0: 0x8000009c (0x00004801) c.li    a6, 0
core   0: 3 0x8000009c (0x4801) x16 0x00000000
core   0: 0x8000009e (0x00004881) c.li    a7, 0
core   0: 3 0x8000009e (0x4881) x17 0x00000000
core   0: 0x800000a0 (0x00004909) c.li    s2, 2
core   0: 3 0x800000a0 (0x4909) x18 0x00000002
core   0: 0x800000a2 (0x800009b7) lui     s3, 0x80000
core   0: 3 0x800000a2 (0x800009b7) x19 0x80000000
core   0: 0x800000a6 (0x00004a01) c.li    s4, 0
core   0: 3 0x800000a6 (0x4a01) x20 0x00000000
core   0: 0x800000a8 (0x12001ab7) lui     s5, 0x12001
core   0: 3 0x800000a8 (0x12001ab7) x21 0x12001000
core   0: 0x800000ac (0x92aa8a93) addi    s5, s5, -1750
core   0: 3 0x800000ac (0x92aa8a93) x21 0x1200092a
core   0: 0x800000b0 (0xe884ab37) lui     s6, 0xe884a
core   0: 3 0x800000b0 (0xe884ab37) x22 0xe884a000
core   0: 0x800000b4 (0xadab0b13) addi    s6, s6, -1318
core   0: 3 0x800000b4 (0xadab0b13) x22 0xe8849ada
core   0: 0x800000b8 (0x00004b95) c.li    s7, 5
core   0: 3 0x800000b8 (0x4b95) x23 0x00000005
core   0: 0x800000ba (0x248fec37) lui     s8, 0x248fe
core   0: 3 0x800000ba (0x248fec37) x24 0x248fe000
core   0: 0x800000be (0xba7c0c13) addi    s8, s8, -1113
core   0: 3 0x800000be (0xba7c0c13) x24 0x248fdba7
core   0: 0x800000c2 (0x00004cad) c.li    s9, 11
core   0: 3 0x800000c2 (0x4cad) x25 0x0000000b
core   0: 0x800000c4 (0x80000d37) lui     s10, 0x80000
core   0: 3 0x800000c4 (0x80000d37) x26 0x80000000
core   0: 0x800000c8 (0x00004d81) c.li    s11, 0
core   0: 3 0x800000c8 (0x4d81) x27 0x00000000
core   0: 0x800000ca (0x80000e37) lui     t3, 0x80000
core   0: 3 0x800000ca (0x80000e37) x28 0x80000000
core   0: 0x800000ce (0xf2784eb7) lui     t4, 0xf2784
core   0: 3 0x800000ce (0xf2784eb7) x29 0xf2784000
core   0: 0x800000d2 (0xddee8e93) addi    t4, t4, -546
core   0: 3 0x800000d2 (0xddee8e93) x29 0xf2783dde
core   0: 0x800000d6 (0x42a76fb7) lui     t6, 0x42a76
core   0: 3 0x800000d6 (0x42a76fb7) x31 0x42a76000
core   0: 0x800000da (0xf78f8f93) addi    t6, t6, -136
core   0: 3 0x800000da (0xf78f8f93) x31 0x42a75f78
core   0: 0x800000de (0x00029297) auipc   t0, 0x29
core   0: 3 0x800000de (0x00029297) x 5 0x800290de
core   0: 0x800000e2 (0xdc628293) addi    t0, t0, -570
core   0: 3 0x800000e2 (0xdc628293) x 5 0x80028ea4
core   0: 0x800000e6 (0x00024f97) auipc   t6, 0x24
core   0: 3 0x800000e6 (0x00024f97) x31 0x800240e6
core   0: 0x800000ea (0xf7af8f93) addi    t6, t6, -134
core   0: 3 0x800000ea (0xf7af8f93) x31 0x80024060
core   0: 0x800000ee (0x00008f85) c.sub   a5, s1
core   0: 3 0x800000ee (0x8f85) x15 0x00000000
core   0: 0x800000f0 (0x100faa2f) lr.w    s4, (t6)
core   0: 3 0x800000f0 (0x100faa2f) x20 0x11f5970d mem 0x80024060
core   0: 0x800000f4 (0x00008c4d) c.or    s0, a1
core   0: 3 0x800000f4 (0x8c4d) x 8 0xe70c7ba9
core   0: 0x800000f6 (0x183fadaf) sc.w    s11, gp, (t6)
core   0: 3 0x800000f6 (0x183fadaf) x27 0x00000000 mem 0x80024060 0x00000007
core   0: 0x800000fa (0x00018f97) auipc   t6, 0x18
core   0: 3 0x800000fa (0x00018f97) x31 0x800180fa
core   0: 0x800000fe (0x0a0f8f93) addi    t6, t6, 160
core   0: 3 0x800000fe (0x0a0f8f93) x31 0x8001819a
core   0: 0x80000102 (0x016b0db3) add     s11, s6, s6
core   0: 3 0x80000102 (0x016b0db3) x27 0xd10935b4
core   0: 0x80000106 (0x0ebfc503) lbu     a0, 235(t6)
core   0: 3 0x80000106 (0x0ebfc503) x10 0x0000009a mem 0x80018285
core   0: 0x8000010a (0x482fd083) lhu     ra, 1154(t6)
core   0: 3 0x8000010a (0x482fd083) x 1 0x0000f47b mem 0x8001861c
core   0: 0x8000010e (0xaa1f88a3) sb      ra, -1359(t6)
core   0: 3 0x8000010e (0xaa1f88a3) mem 0x80017c4b 0x7b
core   0: 0x80000112 (0x8cafa483) lw      s1, -1846(t6)
core   0: 3 0x80000112 (0x8cafa483) x 9 0x0d79b363 mem 0x80017a64
core   0: 0x80000116 (0x897fcb03) lbu     s6, -1897(t6)
core   0: 3 0x80000116 (0x897fcb03) x22 0x00000061 mem 0x80017a31
core   0: 0x8000011a (0x02a49b33) mulh    s6, s1, a0
core   0: 3 0x8000011a (0x02a49b33) x22 0x00000008
core   0: 0x8000011e (0x00008d09) c.sub   a0, a0
core   0: 3 0x8000011e (0x8d09) x10 0x00000000
core   0: 0x80000120 (0x03bb70b3) remu    ra, s6, s11
core   0: 3 0x80000120 (0x03bb70b3) x 1 0x00000008
core   0: 0x80000124 (0x38df9923) sh      a3, 914(t6)
core   0: 3 0x80000124 (0x38df9923) mem 0x8001852c 0x9349
core   0: 0x80000128 (0x1adf9a23) sh      a3, 436(t6)
core   0: 3 0x80000128 (0x1adf9a23) mem 0x8001834e 0x9349
core   0: 0x8000012c (0x021b60b3) rem     ra, s6, ra
core   0: 3 0x8000012c (0x021b60b3) x 1 0x00000000
core   0: 0x80000130 (0x00949b33) sll     s6, s1, s1
core   0: 3 0x80000130 (0x00949b33) x22 0x6bcd9b18
core   0: 0x80000134 (0x42dfc083) lbu     ra, 1069(t6)
core   0: 3 0x80000134 (0x42dfc083) x 1 0x0000005a mem 0x800185c7
core   0: 0x80000138 (0x00004511) c.li    a0, 4
core   0: 3 0x80000138 (0x4511) x10 0x00000004
core   0: 0x8000013a (0xe3bb0b13) addi    s6, s6, -453
core   0: 3 0x8000013a (0xe3bb0b13) x22 0x6bcd9953
core   0: 0x8000013e (0xe85f8083) lb      ra, -379(t6)
core   0: 3 0x8000013e (0xe85f8083) x 1 0xffffff89 mem 0x8001801f
core   0: 0x80000142 (0x69bf84a3) sb      s11, 1673(t6)
core   0: 3 0x80000142 (0x69bf84a3) mem 0x80018823 0xb4
core   0: 0x80000146 (0xa8cf9483) lh      s1, -1396(t6)
core   0: 3 0x80000146 (0xa8cf9483) x 9 0xffffcaaa mem 0x80017c26
core   0: 0x8000014a (0x741f8b03) lb      s6, 1857(t6)
core   0: 3 0x8000014a (0x741f8b03) x22 0x0000000c mem 0x800188db
core   0: 0x8000014e (0x72cf9503) lh      a0, 1836(t6)
core   0: 3 0x8000014e (0x72cf9503) x10 0xffffcb67 mem 0x800188c6
core   0: 0x80000152 (0x029b00b3) mul     ra, s6, s1
core   0: 3 0x80000152 (0x029b00b3) x 1 0xfffd7ff8
core   0: 0x80000156 (0xe5ef8d83) lb      s11, -418(t6)
core   0: 3 0x80000156 (0xe5ef8d83) x27 0xffffff84 mem 0x80017ff8
core   0: 0x8000015a (0x03bdab33) mulhsu  s6, s11, s11
core   0: 3 0x8000015a (0x03bdab33) x22 0xffffff84
core   0: 0x8000015e (0x417b5093) srai    ra, s6, 23
core   0: 3 0x8000015e (0x417b5093) x 1 0xffffffff
core   0: 0x80000162 (0x2cdf88a3) sb      a3, 721(t6)
core   0: 3 0x80000162 (0x2cdf88a3) mem 0x8001846b 0x49
core   0: 0x80000166 (0xc4bf8683) lb      a3, -949(t6)
core   0: 3 0x80000166 (0xc4bf8683) x13 0xffffffe7 mem 0x80017de5
core   0: 0x8000016a (0xa20fcd83) lbu     s11, -1504(t6)
core   0: 3 0x8000016a (0xa20fcd83) x27 0x00000065 mem 0x80017bba
core   0: 0x8000016e (0x01651b33) sll     s6, a0, s6
core   0: 3 0x8000016e (0x01651b33) x22 0xfffcb670
core   0: 0x80000172 (0xd0efd503) lhu     a0, -754(t6)
core   0: 3 0x80000172 (0xd0efd503) x10 0x00007527 mem 0x80017ea8
core   0: 0x80000176 (0xbd4f8083) lb      ra, -1068(t6)
core   0: 3 0x80000176 (0xbd4f8083) x 1 0x00000020 mem 0x80017d6e
core   0: 0x8000017a (0x4e3fcb03) lbu     s6, 1251(t6)
core   0: 3 0x8000017a (0x4e3fcb03) x22 0x000000f7 mem 0x8001867d
core   0: 0x8000017e (0x03b6cb33) div     s6, a3, s11
core   0: 3 0x8000017e (0x03b6cb33) x22 0x00000000
core   0: 0x80000182 (0x016de4b3) or      s1, s11, s6
core   0: 3 0x80000182 (0x016de4b3) x 9 0x00000065
core   0: 0x80000186 (0x00000001) c.nop
core   0: 3 0x80000186 (0x0001)
core   0: 0x80000188 (0x00008299) c.srli  a3, 6
core   0: 3 0x80000188 (0x8299) x13 0x03ffffff
core   0: 0x8000018a (0x196fa923) sw      s6, 402(t6)
core   0: 3 0x8000018a (0x196fa923) mem 0x8001832c 0x00000000
core   0: 0x8000018e (0x4edf87a3) sb      a3, 1263(t6)
core   0: 3 0x8000018e (0x4edf87a3) mem 0x80018689 0xff
core   0: 0x80000192 (0x00024c97) auipc   s9, 0x24
core   0: 3 0x80000192 (0x00024c97) x25 0x80024192
core   0: 0x80000196 (0xeeec8c93) addi    s9, s9, -274
core   0: 3 0x80000196 (0xeeec8c93) x25 0x80024080
core   0: 0x8000019a (0x00024e97) auipc   t4, 0x24
core   0: 3 0x8000019a (0x00024e97) x29 0x8002419a
core   0: 0x8000019e (0xeb2e8e93) addi    t4, t4, -334
core   0: 3 0x8000019e (0xeb2e8e93) x29 0x8002404c
core   0: 0x800001a2 (0x00024c17) auipc   s8, 0x24
core   0: 3 0x800001a2 (0x00024c17) x24 0x800241a2
core   0: 0x800001a6 (0xedac0c13) addi    s8, s8, -294
core   0: 3 0x800001a6 (0xedac0c13) x24 0x8002407c
core   0: 0x800001aa (0x01dc34b3) sltu    s1, s8, t4
core   0: 3 0x800001aa (0x01dc34b3) x 9 0x00000000
core   0: 0x800001ae (0x340028f3) csrr    a7, mscratch
core   0: 3 0x800001ae (0x340028f3) x17 0x00000000
core   0: 0x800001b2 (0x45ec2faf) amoor.w t6, t5, (s8)
core   0: 3 0x800001b2 (0x45ec2faf) x31 0x7a0817f9 mem 0x8002407c mem 0x8002407c 0xfa0adffd
core   0: 0x800001b6 (0x45dc27af) amoor.w a5, t4, (s8)
core   0: 3 0x800001b6 (0x45dc27af) x15 0xfa0adffd mem 0x8002407c mem 0x8002407c 0xfa0adffd
core   0: 0x800001ba (0x23ac2a2f) amoxor.w s4, s10, (s8)
core   0: 3 0x800001ba (0x23ac2a2f) x20 0xfa0adffd mem 0x8002407c mem 0x8002407c 0x7a0adffd
core   0: 0x800001be (0x013316b7) lui     a3, 0x1331
core   0: 3 0x800001be (0x013316b7) x13 0x01331000
core   0: 0x800001c2 (0x340d3bf3) csrrc   s7, mscratch, s10
core   0: 3 0x800001c2 (0x340d3bf3) x23 0x00000000 c832_mscratch 0x00000000
core   0: 0x800001c6 (0x456c25af) amoor.w a1, s6, (s8)
core   0: 3 0x800001c6 (0x456c25af) x11 0x7a0adffd mem 0x8002407c mem 0x8002407c 0x7a0adffd
core   0: 0x800001ca (0x00024d17) auipc   s10, 0x24
core   0: 3 0x800001ca (0x00024d17) x26 0x800241ca
core   0: 0x800001ce (0xea6d0d13) addi    s10, s10, -346
core   0: 3 0x800001ce (0xea6d0d13) x26 0x80024070
core   0: 0x800001d2 (0x00b430b3) sltu    ra, s0, a1
core   0: 3 0x800001d2 (0x00b430b3) x 1 0x00000000
core   0: 0x800001d6 (0x0ff0000f) fence   iorw,iorw
core   0: 3 0x800001d6 (0x0ff0000f)
core   0: 0x800001da (0x0000100f) fence.i
core   0: 3 0x800001da (0x0000100f)
core   0: 0x800001de (0x0ced21af) amoswap.w gp, a4, (s10)
core   0: 3 0x800001de (0x0ced21af) x 3 0x38d67dd4 mem 0x80024070 mem 0x80024070 0x00000001
core   0: 0x800001e2 (0x09ed2daf) amoswap.w s11, t5, (s10)
core   0: 3 0x800001e2 (0x09ed2daf) x27 0x00000001 mem 0x80024070 mem 0x80024070 0x8002cd24
core   0: 0x800001e6 (0x45bd2faf) amoor.w t6, s11, (s10)
core   0: 3 0x800001e6 (0x45bd2faf) x31 0x8002cd24 mem 0x80024070 mem 0x80024070 0x8002cd25
core   0: 0x800001ea (0x00018817) auipc   a6, 0x18
core   0: 3 0x800001ea (0x00018817) x16 0x800181ea
core   0: 0x800001ee (0x80580813) addi    a6, a6, -2043
core   0: 3 0x800001ee (0x80580813) x16 0x800179ef
core   0: 0x800001f2 (0xfd980903) lb      s2, -39(a6)
core   0: 3 0x800001f2 (0xfd980903) x18 0x00000005 mem 0x800179c8
core   0: 0x800001f6 (0x0000826e) c.mv    tp, s11
core   0: 3 0x800001f6 (0x826e) x 4 0x00000001
core   0: 0x800001f8 (0x00e9efb3) or      t6, s3, a4
core   0: 3 0x800001f8 (0x00e9efb3) x31 0x80000001
core   0: 0x800001fc (0xfdf82ca3) sw      t6, -39(a6)
core   0: 3 0x800001fc (0xfdf82ca3) mem 0x800179c8 0x80000001
core   0: 0x80000200 (0x00008fe1) c.and   a5, s0
core   0: 3 0x80000200 (0x8fe1) x15 0xe2085ba9
core   0: 0x80000202 (0xfd781ca3) sh      s7, -39(a6)
core   0: 3 0x80000202 (0xfd781ca3) mem 0x800179c8 0x0000
core   0: 0x80000206 (0x01084483) lbu     s1, 16(a6)
core   0: 3 0x80000206 (0x01084483) x 9 0x00000016 mem 0x800179ff
core   0: 0x8000020a (0xe25d0237) lui     tp, 0xe25d0
core   0: 3 0x8000020a (0xe25d0237) x 4 0xe25d0000
core   0: 0x8000020e (0x01084b83) lbu     s7, 16(a6)
core   0: 3 0x8000020e (0x01084b83) x23 0x00000016 mem 0x800179ff
core   0: 0x80000212 (0x03380b83) lb      s7, 51(a6)
core   0: 3 0x80000212 (0x03380b83) x23 0xffffff84 mem 0x80017a22
core   0: 0x80000216 (0x00295633) srl     a2, s2, sp
core   0: 3 0x80000216 (0x00295633) x12 0x00000000
core   0: 0x8000021a (0x41110eb3) sub     t4, sp, a7
core   0: 3 0x8000021a (0x41110eb3) x29 0x02ff2dc6
core   0: 0x8000021e (0x03380903) lb      s2, 51(a6)
core   0: 3 0x8000021e (0x03380903) x18 0xffffff84 mem 0x80017a22
core   0: 0x80000222 (0x03381183) lh      gp, 51(a6)
core   0: 3 0x80000222 (0x03381183) x 3 0x00001584 mem 0x80017a22
core   0: 0x80000226 (0x03384d03) lbu     s10, 51(a6)
core   0: 3 0x80000226 (0x03384d03) x26 0x00000084 mem 0x80017a22
core   0: 0x8000022a (0x03381003) lh      zero, 51(a6)
core   0: 3 0x8000022a (0x03381003) mem 0x80017a22
core   0: 0x8000022e (0x0000064a) c.slli  a2, 18
core   0: 3 0x8000022e (0x064a) x12 0x00000000
core   0: 0x80000230 (0x03385d03) lhu     s10, 51(a6)
core   0: 3 0x80000230 (0x03385d03) x26 0x00001584 mem 0x80017a22
core   0: 0x80000234 (0xff180e23) sb      a7, -4(a6)
core   0: 3 0x80000234 (0xff180e23) mem 0x800179eb 0x0
core   0: 0x80000238 (0xffc84883) lbu     a7, -4(a6)
core   0: 3 0x80000238 (0xffc84883) x17 0x00000000 mem 0x800179eb
core   0: 0x8000023c (0x00880b03) lb      s6, 8(a6)
core   0: 3 0x8000023c (0x00880b03) x22 0xffffff97 mem 0x800179f7
core   0: 0x80000240 (0x02985603) lhu     a2, 41(a6)
core   0: 3 0x80000240 (0x02985603) x12 0x00004611 mem 0x80017a18
core   0: 0x80000244 (0x02880583) lb      a1, 40(a6)
core   0: 3 0x80000244 (0x02880583) x11 0x00000013 mem 0x80017a17
core   0: 0x80000248 (0x01e0066f) jal     a2, pc + 0x1e
core   0: 3 0x80000248 (0x01e0066f) x12 0x8000024c
core   0: 0x80000266 (0x0100026f) jal     tp, pc + 0x10
core   0: 3 0x80000266 (0x0100026f) x 4 0x8000026a
core   0: 0x80000276 (0xfd7ff36f) jal     t1, pc - 0x2a
core   0: 3 0x80000276 (0xfd7ff36f) x 6 0x8000027a
core   0: 0x8000024c (0x00002009) c.jal   pc + 2
core   0: 3 0x8000024c (0x2009) x 1 0x8000024e
core   0: 0x8000024e (0x0000201d) c.jal   pc + 38
core   0: 3 0x8000024e (0x201d) x 1 0x80000250
core   0: 0x80000274 (0x00002021) c.jal   pc + 8
core   0: 3 0x80000274 (0x2021) x 1 0x80000276
core   0: 0x8000027c (0x00003ffd) c.jal   pc - 2
core   0: 3 0x8000027c (0x3ffd) x 1 0x8000027e
core   0: 0x8000027a (0x0000bfd9) c.j     pc - 42
core   0: 3 0x8000027a (0xbfd9)
core   0: 0x80000250 (0x0000a801) c.j     pc + 16
core   0: 3 0x80000250 (0xa801)
core   0: 0x80000260 (0x00002029) c.jal   pc + 10
core   0: 3 0x80000260 (0x2029) x 1 0x80000262
core   0: 0x8000026a (0xff9ff0ef) jal     pc - 0x8
core   0: 3 0x8000026a (0xff9ff0ef) x 1 0x8000026e
core   0: 0x80000262 (0x010000ef) jal     pc + 0x10
core   0: 3 0x80000262 (0x010000ef) x 1 0x80000266
core   0: 0x80000272 (0x00003ffd) c.jal   pc - 2
core   0: 3 0x80000272 (0x3ffd) x 1 0x80000274
core   0: 0x80000270 (0x000037dd) c.jal   pc - 26
core   0: 3 0x80000270 (0x37dd) x 1 0x80000272
core   0: 0x80000256 (0xffdff0ef) jal     pc - 0x4
core   0: 3 0x80000256 (0xffdff0ef) x 1 0x8000025a
core   0: 0x80000252 (0x02c000ef) jal     pc + 0x2c
core   0: 3 0x80000252 (0x02c000ef) x 1 0x80000256
core   0: 0x8000027e (0x000037c5) c.jal   pc - 32
core   0: 3 0x8000027e (0x37c5) x 1 0x80000280
core   0: 0x8000025e (0x00002801) c.jal   pc + 16
core   0: 3 0x8000025e (0x2801) x 1 0x80000260
core   0: 0x8000026e (0x0000b7f5) c.j     pc - 20
core   0: 3 0x8000026e (0xb7f5)
core   0: 0x8000025a (0x02600e6f) jal     t3, pc + 0x26
core   0: 3 0x8000025a (0x02600e6f) x28 0x8000025e
core   0: 0x80000280 (0x00000001) c.nop
core   0: 3 0x80000280 (0x0001)
core   0: 0x80000282 (0x00024e17) auipc   t3, 0x24
core   0: 3 0x80000282 (0x00024e17) x28 0x80024282
core   0: 0x80000286 (0xdc6e0e13) addi    t3, t3, -570
core   0: 3 0x80000286 (0xdc6e0e13) x28 0x80024048
core   0: 0x8000028a (0xdda1b693) sltiu   a3, gp, -550
core   0: 3 0x8000028a (0xdda1b693) x13 0x00000001
core   0: 0x8000028e (0x00000bf2) c.slli  s7, 28
core   0: 3 0x8000028e (0x0bf2) x23 0x40000000
core   0: 0x80000290 (0x340068f3) csrrsi  a7, mscratch, 0
core   0: 3 0x80000290 (0x340068f3) x17 0x00000000
core   0: 0x80000294 (0x00006149) c.addi16sp sp, 144
core   0: 3 0x80000294 (0x6149) x 2 0x02ff2e56
core   0: 0x80000296 (0x07007613) andi    a2, zero, 112
core   0: 3 0x80000296 (0x07007613) x12 0x00000000
core   0: 0x8000029a (0xa1ae2d2f) amomax.w s10, s10, (t3)
core   0: 3 0x8000029a (0xa1ae2d2f) x26 0x5b50e712 mem 0x80024048 mem 0x80024048 0x5b50e712
core   0: 0x8000029e (0x03be262f) amoadd.w a2, s11, (t3)
core   0: 3 0x8000029e (0x03be262f) x12 0x5b50e712 mem 0x80024048 mem 0x80024048 0x5b50e713
core   0: 0x800002a2 (0xc04e21af) amominu.w gp, tp, (t3)
core   0: 3 0x800002a2 (0xc04e21af) x 3 0x5b50e713 mem 0x80024048 mem 0x80024048 0x5b50e713
core   0: 0x800002a6 (0x043e232f) amoadd.w t1, gp, (t3)
core   0: 3 0x800002a6 (0x043e232f) x 6 0x5b50e713 mem 0x80024048 mem 0x80024048 0xb6a1ce26
core   0: 0x800002aa (0x17e57d93) andi    s11, a0, 382
core   0: 3 0x800002aa (0x17e57d93) x27 0x00000126
core   0: 0x800002ae (0x5e2b6693) ori     a3, s6, 1506
core   0: 3 0x800002ae (0x5e2b6693) x13 0xfffffff7
core   0: 0x800002b2 (0x020e26af) amoadd.w a3, zero, (t3)
core   0: 3 0x800002b2 (0x020e26af) x13 0xb6a1ce26 mem 0x80024048 mem 0x80024048 0xb6a1ce26
core   0: 0x800002b6 (0x243e202f) amoxor.w zero, gp, (t3)
core   0: 3 0x800002b6 (0x243e202f) mem 0x80024048 mem 0x80024048 0xedf12935
core   0: 0x800002ba (0x0000100f) fence.i
core   0: 3 0x800002ba (0x0000100f)
core   0: 0x800002be (0xc17e26af) amominu.w a3, s7, (t3)
core   0: 3 0x800002be (0xc17e26af) x13 0xedf12935 mem 0x80024048 mem 0x80024048 0x40000000
core   0: 0x800002c2 (0xe42e2d2f) amomaxu.w s10, sp, (t3)
core   0: 3 0x800002c2 (0xe42e2d2f) x26 0x40000000 mem 0x80024048 mem 0x80024048 0x40000000
core   0: 0x800002c6 (0x23ee29af) amoxor.w s3, t5, (t3)
core   0: 3 0x800002c6 (0x23ee29af) x19 0x40000000 mem 0x80024048 mem 0x80024048 0xc002cd24
core   0: 0x800002ca (0x000044a9) c.li    s1, 10
core   0: 3 0x800002ca (0x44a9) x 9 0x0000000a
core   0: 0x800002cc (0x0b3e21af) amoswap.w gp, s3, (t3)
core   0: 3 0x800002cc (0x0b3e21af) x 3 0xc002cd24 mem 0x80024048 mem 0x80024048 0x40000000
core   0: 0x800002d0 (0x00024617) auipc   a2, 0x24
core   0: 3 0x800002d0 (0x00024617) x12 0x800242d0
core   0: 0x800002d4 (0xdb060613) addi    a2, a2, -592
core   0: 3 0x800002d4 (0xdb060613) x12 0x80024080
core   0: 0x800002d8 (0x120621af) lr.w    gp, (a2)
core   0: 3 0x800002d8 (0x120621af) x 3 0x31f62c6a mem 0x80024080
core   0: 0x800002dc (0x19662b2f) sc.w    s6, s6, (a2)
core   0: 3 0x800002dc (0x19662b2f) x22 0x00000000 mem 0x80024080 0xffffff97
core   0: 0x800002e0 (0x00013817) auipc   a6, 0x13
core   0: 3 0x800002e0 (0x00013817) x16 0x800132e0
core   0: 0x800002e4 (0x28e80813) addi    a6, a6, 654
core   0: 3 0x800002e4 (0x28e80813) x16 0x8001356e
core   0: 0x800002e8 (0x00017497) auipc   s1, 0x17
core   0: 3 0x800002e8 (0x00017497) x 9 0x800172e8
core   0: 0x800002ec (0x56e48493) addi    s1, s1, 1390
core   0: 3 0x800002ec (0x56e48493) x 9 0x80017856
core   0: 0x800002f0 (0x00a84b03) lbu     s6, 10(a6)
core   0: 3 0x800002f0 (0x00a84b03) x22 0x00000008 mem 0x80013578
core   0: 0x800002f4 (0x69048fa3) sb      a6, 1695(s1)
core   0: 3 0x800002f4 (0x69048fa3) mem 0x80017ef5 0x6e
core   0: 0x800002f8 (0xff285503) lhu     a0, -14(a6)
core   0: 3 0x800002f8 (0xff285503) x10 0x00002e9e mem 0x80013560
core   0: 0x800002fc (0x00880c83) lb      s9, 8(a6)
core   0: 3 0x800002fc (0x00880c83) x25 0xffffff85 mem 0x80013576
core   0: 0x80000300 (0x00b80783) lb      a5, 11(a6)
core   0: 3 0x80000300 (0x00b80783) x15 0xffffff9b mem 0x80013579
core   0: 0x80000304 (0x4f248ba3) sb      s2, 1271(s1)
core   0: 3 0x80000304 (0x4f248ba3) mem 0x80017d4d 0x84
core   0: 0x80000308 (0xa6c4c703) lbu     a4, -1428(s1)
core   0: 3 0x80000308 (0xa6c4c703) x14 0x00000004 mem 0x800172c2
core   0: 0x8000030c (0xa7e4da83) lhu     s5, -1410(s1)
core   0: 3 0x8000030c (0xa7e4da83) x21 0x0000d357 mem 0x800172d4
core   0: 0x80000310 (0x1054cf83) lbu     t6, 261(s1)
core   0: 3 0x80000310 (0x1054cf83) x31 0x00000014 mem 0x8001795b
core   0: 0x80000314 (0x00180b03) lb      s6, 1(a6)
core   0: 3 0x80000314 (0x00180b03) x22 0xffffff90 mem 0x8001356f
core   0: 0x80000318 (0x00b82123) sw      a1, 2(a6)
core   0: 3 0x80000318 (0x00b82123) mem 0x80013570 0x00000013
core   0: 0x8000031c (0x01381623) sh      s3, 12(a6)
core   0: 3 0x8000031c (0x01381623) mem 0x8001357a 0x0000
core   0: 0x80000320 (0x00014117) auipc   sp, 0x14
core   0: 3 0x80000320 (0x00014117) x 2 0x80014320
core   0: 0x80000324 (0x18510113) addi    sp, sp, 389
core   0: 3 0x80000324 (0x18510113) x 2 0x800144a5
core   0: 0x80000328 (0xfff14583) lbu     a1, -1(sp)
core   0: 3 0x80000328 (0xfff14583) x11 0x0000002d mem 0x800144a4
core   0: 0x8000032c (0x00b12583) lw      a1, 11(sp)
core   0: 3 0x8000032c (0x00b12583) x11 0x8eea63d2 mem 0x800144b0
core   0: 0x80000330 (0x00b104a3) sb      a1, 9(sp)
core   0: 3 0x80000330 (0x00b104a3) mem 0x800144ae 0xd2
core   0: 0x80000334 (0x00008de1) c.and   a1, s0
core   0: 3 0x80000334 (0x8de1) x11 0x86086380
core   0: 0x80000336 (0x4118dab3) sra     s5, a7, a7
core   0: 3 0x80000336 (0x4118dab3) x21 0x00000000
core   0: 0x8000033a (0x00814883) lbu     a7, 8(sp)
core   0: 3 0x8000033a (0x00814883) x17 0x000000a3 mem 0x800144ad
core   0: 0x8000033e (0xffd109a3) sb      t4, -13(sp)
core   0: 3 0x8000033e (0xffd109a3) mem 0x80014498 0xc6
core   0: 0x80000342 (0x02b20eb3) mul     t4, tp, a1
core   0: 3 0x80000342 (0x02b20eb3) x29 0x90403300
core   0: 0x80000346 (0x00b12a83) lw      s5, 11(sp)
core   0: 3 0x80000346 (0x00b12a83) x21 0x8eea63d2 mem 0x800144b0
core   0: 0x8000034a (0x00009ac6) c.add   s5, a7
core   0: 3 0x8000034a (0x9ac6) x21 0x8eea6475
core   0: 0x8000034c (0x00f12883) lw      a7, 15(sp)
core   0: 3 0x8000034c (0x00f12883) x17 0x0bdde3c9 mem 0x800144b4
core   0: 0x80000350 (0x00a10403) lb      s0, 10(sp)
core   0: 3 0x80000350 (0x00a10403) x 8 0x00000051 mem 0x800144af
core   0: 0x80000354 (0x028275b3) remu    a1, tp, s0
core   0: 3 0x80000354 (0x028275b3) x11 0x00000023
core   0: 0x80000358 (0x0000127d) c.addi  tp, -1
core   0: 3 0x80000358 (0x127d) x 4 0x80000269
core   0: 0x8000035a (0x00008ded) c.and   a1, a1
core   0: 3 0x8000035a (0x8ded) x11 0x00000023
core   0: 0x8000035c (0xfeb10f23) sb      a1, -2(sp)
core   0: 3 0x8000035c (0xfeb10f23) mem 0x800144a3 0x23
core   0: 0x80000360 (0x7166a8b7) lui     a7, 0x7166a
core   0: 3 0x80000360 (0x7166a8b7) x17 0x7166a000
core   0: 0x80000364 (0xff110ea3) sb      a7, -3(sp)
core   0: 3 0x80000364 (0xff110ea3) mem 0x800144a2 0x0
core   0: 0x80000368 (0x00d15403) lhu     s0, 13(sp)
core   0: 3 0x80000368 (0x00d15403) x 8 0x00008eea mem 0x800144b2
core   0: 0x8000036c (0xff414a83) lbu     s5, -12(sp)
core   0: 3 0x8000036c (0xff414a83) x21 0x000000b4 mem 0x80014499
core   0: 0x80000370 (0x00000001) c.nop
core   0: 3 0x80000370 (0x0001)
core   0: 0x80000372 (0x00008de1) c.and   a1, s0
core   0: 3 0x80000372 (0x8de1) x11 0x00000022
core   0: 0x80000374 (0x00843433) sltu    s0, s0, s0
core   0: 3 0x80000374 (0x00843433) x 8 0x00000000
core   0: 0x80000378 (0x00006ead) c.lui   t4, 0xb
core   0: 3 0x80000378 (0x6ead) x29 0x0000b000
core   0: 0x8000037a (0x00da9413) slli    s0, s5, 13
core   0: 3 0x8000037a (0x00da9413) x 8 0x00168000
core   0: 0x8000037e (0x00b116a3) sh      a1, 13(sp)
core   0: 3 0x8000037e (0x00b116a3) mem 0x800144b2 0x0022
core   0: 0x80000382 (0xff210583) lb      a1, -14(sp)
core   0: 3 0x80000382 (0xff210583) x11 0x00000024 mem 0x80014497
core   0: 0x80000386 (0x01510623) sb      s5, 12(sp)
core   0: 3 0x80000386 (0x01510623) mem 0x800144b1 0xb4
core   0: 0x8000038a (0x01d10223) sb      t4, 4(sp)
core   0: 3 0x8000038a (0x01d10223) mem 0x800144a9 0x0
core   0: 0x8000038e (0xfff14883) lbu     a7, -1(sp)
core   0: 3 0x8000038e (0xfff14883) x17 0x0000002d mem 0x800144a4
core   0: 0x80000392 (0x00a14e83) lbu     t4, 10(sp)
core   0: 3 0x80000392 (0x00a14e83) x29 0x00000051 mem 0x800144af
core   0: 0x80000396 (0x01d106a3) sb      t4, 13(sp)
core   0: 3 0x80000396 (0x01d106a3) mem 0x800144b2 0x51
core   0: 0x8000039a (0x00e14883) lbu     a7, 14(sp)
core   0: 3 0x8000039a (0x00e14883) x17 0x00000000 mem 0x800144b3
core   0: 0x8000039e (0x014ad893) srli    a7, s5, 20
core   0: 3 0x8000039e (0x014ad893) x17 0x00000000
core   0: 0x800003a2 (0xfe451e97) auipc   t4, 0xfe451
core   0: 3 0x800003a2 (0xfe451e97) x29 0x7e4513a2
core   0: 0x800003a6 (0x5c78aa93) slti    s5, a7, 1479
core   0: 3 0x800003a6 (0x5c78aa93) x21 0x00000001
core   0: 0x800003aa (0x00b10e83) lb      t4, 11(sp)
core   0: 3 0x800003aa (0x00b10e83) x29 0xffffffd2 mem 0x800144b0
core   0: 0x800003ae (0x028ab8b3) mulhu   a7, s5, s0
core   0: 3 0x800003ae (0x028ab8b3) x17 0x00000000
core   0: 0x800003b2 (0x000095c6) c.add   a1, a7
core   0: 3 0x800003b2 (0x95c6) x11 0x00000024
core   0: 0x800003b4 (0x00610403) lb      s0, 6(sp)
core   0: 3 0x800003b4 (0x00610403) x 8 0x00000042 mem 0x800144ab
core   0: 0x800003b8 (0xc4542213) slti    tp, s0, -955
core   0: 3 0x800003b8 (0xc4542213) x 4 0x00000000
core   0: 0x800003bc (0x340a9473) csrrw   s0, mscratch, s5
core   0: 3 0x800003bc (0x340a9473) x 8 0x00000000 c832_mscratch 0x00000001
core   0: 0x800003c0 (0x00000276) c.slli  tp, 29
core   0: 3 0x800003c0 (0x0276) x 4 0x00000000
core   0: 0x800003c2 (0x87492eb7) lui     t4, 0x87492
core   0: 3 0x800003c2 (0x87492eb7) x29 0x87492000
core   0: 0x800003c6 (0x00a14203) lbu     tp, 10(sp)
core   0: 3 0x800003c6 (0x00a14203) x 4 0x00000051 mem 0x800144af
core   0: 0x800003ca (0x41da88b3) sub     a7, s5, t4
core   0: 3 0x800003ca (0x41da88b3) x17 0x78b6e001
core   0: 0x800003ce (0xfe812da3) sw      s0, -5(sp)
core   0: 3 0x800003ce (0xfe812da3) mem 0x800144a0 0x00000000
core   0: 0x800003d2 (0x00b10423) sb      a1, 8(sp)
core   0: 3 0x800003d2 (0x00b10423) mem 0x800144ad 0x24
core   0: 0x800003d6 (0x00115a83) lhu     s5, 1(sp)
core   0: 3 0x800003d6 (0x00115a83) x21 0x00004b54 mem 0x800144a6
core   0: 0x800003da (0x00014117) auipc   sp, 0x14
core   0: 3 0x800003da (0x00014117) x 2 0x800143da
core   0: 0x800003de (0xc2e10113) addi    sp, sp, -978
core   0: 3 0x800003de (0xc2e10113) x 2 0x80014008
core   0: 0x800003e2 (0xffe10ca3) sb      t5, -7(sp)
core   0: 3 0x800003e2 (0xffe10ca3) mem 0x80014001 0x24
core   0: 0x800003e6 (0x000069b9) c.lui   s3, 0xe
core   0: 3 0x800003e6 (0x69b9) x19 0x0000e000
core   0: 0x800003e8 (0x000044d2) c.lwsp  s1, 20(sp)
core   0: 3 0x800003e8 (0x44d2) x 9 0xdad593f2 mem 0x8001401c
core   0: 0x800003ea (0x01a14503) lbu     a0, 26(sp)
core   0: 3 0x800003ea (0x01a14503) x10 0x0000005e mem 0x80014022
core   0: 0x800003ee (0x00004e92) c.lwsp  t4, 4(sp)
core   0: 3 0x800003ee (0x4e92) x29 0x5dde3b37 mem 0x8001400c
core   0: 0x800003f0 (0x01b17733) and     a4, sp, s11
core   0: 3 0x800003f0 (0x01b17733) x14 0x00000000
core   0: 0x800003f4 (0x01e15083) lhu     ra, 30(sp)
core   0: 3 0x800003f4 (0x01e15083) x 1 0x0000c3ee mem 0x80014026
core   0: 0x800003f8 (0x00000001) c.nop
core   0: 3 0x800003f8 (0x0001)
core   0: 0x800003fa (0x02502db3) mulhsu  s11, zero, t0
core   0: 3 0x800003fa (0x02502db3) x27 0x00000000
core   0: 0x800003fe (0xfe412503) lw      a0, -28(sp)
core   0: 3 0x800003fe (0xfe412503) x10 0x169d03fb mem 0x80013fec
core   0: 0x80000402 (0x03714e83) lbu     t4, 55(sp)
core   0: 3 0x80000402 (0x03714e83) x29 0x00000060 mem 0x8001403f
core   0: 0x80000406 (0xfc015c03) lhu     s8, -64(sp)
core   0: 3 0x80000406 (0xfc015c03) x24 0x0000eca3 mem 0x80013fc8
core   0: 0x8000040a (0x03756a33) rem     s4, a0, s7
core   0: 3 0x8000040a (0x03756a33) x20 0x169d03fb
core   0: 0x8000040e (0x01b10f83) lb      t6, 27(sp)
core   0: 3 0x8000040e (0x01b10f83) x31 0xffffffcc mem 0x80014023
core   0: 0x80000412 (0x0000100f) fence.i
core   0: 3 0x80000412 (0x0000100f)
core   0: 0x80000416 (0x02611923) sh      t1, 50(sp)
core   0: 3 0x80000416 (0x02611923) mem 0x8001403a 0xe713
core   0: 0x8000041a (0xff710d83) lb      s11, -9(sp)
core   0: 3 0x8000041a (0xff710d83) x27 0xffffffc3 mem 0x80013fff
core   0: 0x8000041e (0x03310203) lb      tp, 51(sp)
core   0: 3 0x8000041e (0x03310203) x 4 0xffffffe7 mem 0x8001403b
core   0: 0x80000422 (0x0000da46) c.swsp  a7, 52(sp)
core   0: 3 0x80000422 (0xda46) mem 0x8001403c 0x78b6e001
core   0: 0x80000424 (0x02ad16b3) mulh    a3, s10, a0
core   0: 3 0x80000424 (0x02ad16b3) x13 0x05a740fe
core   0: 0x80000428 (0xfc310c03) lb      s8, -61(sp)
core   0: 3 0x80000428 (0xfc310c03) x24 0x0000006d mem 0x80013fcb
core   0: 0x8000042c (0x02910783) lb      a5, 41(sp)
core   0: 3 0x8000042c (0x02910783) x15 0xffffff8b mem 0x80014031
core   0: 0x80000430 (0x02ade433) rem     s0, s11, a0
core   0: 3 0x80000430 (0x02ade433) x 8 0xffffffc3
core   0: 0x80000434 (0x00d01033) sll     zero, zero, a3
core   0: 3 0x80000434 (0x00d01033)
core   0: 0x80000438 (0x00a14003) lbu     zero, 10(sp)
core   0: 3 0x80000438 (0x00a14003) mem 0x80014012
core   0: 0x8000043c (0xfeb10aa3) sb      a1, -11(sp)
core   0: 3 0x8000043c (0xfeb10aa3) mem 0x80013ffd 0x24
core   0: 0x80000440 (0xff1106a3) sb      a7, -19(sp)
core   0: 3 0x80000440 (0xff1106a3) mem 0x80013ff5 0x1
core   0: 0x80000444 (0x030e9433) mulh    s0, t4, a6
core   0: 3 0x80000444 (0x030e9433) x 8 0xffffffd0
core   0: 0x80000448 (0xfed109a3) sb      a3, -13(sp)
core   0: 3 0x80000448 (0xfed109a3) mem 0x80013ffb 0xfe
core   0: 0x8000044c (0x0061e1b3) or      gp, gp, t1
core   0: 3 0x8000044c (0x0061e1b3) x 3 0x7bf6ef7b
core   0: 0x80000450 (0x0000d87a) c.swsp  t5, 48(sp)
core   0: 3 0x80000450 (0xd87a) mem 0x80014038 0x8002cd24
core   0: 0x80000452 (0x0000813d) c.srli  a0, 15
core   0: 3 0x80000452 (0x813d) x10 0x00002d3a
core   0: 0x80000454 (0x023fa7b3) mulhsu  a5, t6, gp
core   0: 3 0x80000454 (0x023fa7b3) x15 0xffffffe6
core   0: 0x80000458 (0x4171d813) srai    a6, gp, 23
core   0: 3 0x80000458 (0x4171d813) x16 0x000000f7
core   0: 0x8000045c (0xfd514d03) lbu     s10, -43(sp)
core   0: 3 0x8000045c (0xfd514d03) x26 0x00000034 mem 0x80013fdd
core   0: 0x80000460 (0xafd98a13) addi    s4, s3, -1283
core   0: 3 0x80000460 (0xafd98a13) x20 0x0000dafd
core   0: 0x80000464 (0x02f10e03) lb      t3, 47(sp)
core   0: 3 0x80000464 (0x02f10e03) x28 0xffffffe7 mem 0x80014037
core   0: 0x80000468 (0x00f11d23) sh      a5, 26(sp)
core   0: 3 0x80000468 (0x00f11d23) mem 0x80014022 0xffe6
core   0: 0x8000046c (0xffa11583) lh      a1, -6(sp)
core   0: 3 0x8000046c (0xffa11583) x11 0xffffa476 mem 0x80014002
core   0: 0x80000470 (0x00013117) auipc   sp, 0x13
core   0: 3 0x80000470 (0x00013117) x 2 0x80013470
core   0: 0x80000474 (0xd1c10113) addi    sp, sp, -740
core   0: 3 0x80000474 (0xd1c10113) x 2 0x8001318c
core   0: 0x80000478 (0x02b75433) divu    s0, a4, a1
core   0: 3 0x80000478 (0x02b75433) x 8 0x00000000
core   0: 0x8000047c (0x5b510183) lb      gp, 1461(sp)
core   0: 3 0x8000047c (0x5b510183) x 3 0x00000065 mem 0x80013741
core   0: 0x80000480 (0x00008dcd) c.or    a1, a1
core   0: 3 0x80000480 (0x8dcd) x11 0xffffa476
core   0: 0x80000482 (0x40f5db33) sra     s6, a1, a5
core   0: 3 0x80000482 (0x40f5db33) x22 0xfffffe91
core   0: 0x80000486 (0x66810f23) sb      s0, 1662(sp)
core   0: 3 0x80000486 (0x66810f23) mem 0x8001380a 0x0
core   0: 0x8000048a (0xf4f10fa3) sb      a5, -161(sp)
core   0: 3 0x8000048a (0xf4f10fa3) mem 0x800130eb 0xe6
core   0: 0x8000048e (0x10f10123) sb      a5, 258(sp)
core   0: 3 0x8000048e (0x10f10123) mem 0x8001328e 0xe6
core   0: 0x80000492 (0x1b211783) lh      a5, 434(sp)
core   0: 3 0x80000492 (0x1b211783) x15 0xffffdebf mem 0x8001333e
core   0: 0x80000496 (0x00bb1713) slli    a4, s6, 11
core   0: 3 0x80000496 (0x00bb1713) x14 0xfff48800
core   0: 0x8000049a (0x00008c6d) c.and   s0, a1
core   0: 3 0x8000049a (0x8c6d) x 8 0x00000000
core   0: 0x8000049c (0x0000072a) c.slli  a4, 10
core   0: 3 0x8000049c (0x072a) x14 0xd2200000
core   0: 0x8000049e (0x00008705) c.srai  a4, 1
core   0: 3 0x8000049e (0x8705) x14 0xe9100000
core   0: 0x800004a0 (0x000099fd) c.andi  a1, -1
core   0: 3 0x800004a0 (0x99fd) x11 0xffffa476
core   0: 0x800004a2 (0x000047d5) c.li    a5, 21
core   0: 3 0x800004a2 (0x47d5) x15 0x00000015
core   0: 0x800004a4 (0x3ee11783) lh      a5, 1006(sp)
core   0: 3 0x800004a4 (0x3ee11783) x15 0x00000000 mem 0x8001357a
core   0: 0x800004a8 (0x00008fad) c.xor   a5, a1
core   0: 3 0x800004a8 (0x8fad) x15 0xffffa476
core   0: 0x800004aa (0x00008829) c.andi  s0, 10
core   0: 3 0x800004aa (0x8829) x 8 0x00000000
core   0: 0x800004ac (0x6097c593) xori    a1, a5, 1545
core   0: 3 0x800004ac (0x6097c593) x11 0xffffa27f
core   0: 0x800004b0 (0xc3b58413) addi    s0, a1, -965
core   0: 3 0x800004b0 (0xc3b58413) x 8 0xffff9eba
core   0: 0x800004b4 (0x02b5c5b3) div     a1, a1, a1
core   0: 3 0x800004b4 (0x02b5c5b3) x11 0x00000001
core   0: 0x800004b8 (0xf0815183) lhu     gp, -248(sp)
core   0: 3 0x800004b8 (0xf0815183) x 3 0x00007d7d mem 0x80013094
core   0: 0x800004bc (0x3401b473) csrrc   s0, mscratch, gp
core   0: 3 0x800004bc (0x3401b473) x 8 0x00000001 c832_mscratch 0x00000000
core   0: 0x800004c0 (0x30710583) lb      a1, 775(sp)
core   0: 3 0x800004c0 (0x30710583) x11 0x0000005b mem 0x80013493
core   0: 0x800004c4 (0x41345793) srai    a5, s0, 19
core   0: 3 0x800004c4 (0x41345793) x15 0x00000000
core   0: 0x800004c8 (0x0087a733) slt     a4, a5, s0
core   0: 3 0x800004c8 (0x0087a733) x14 0x00000001
core   0: 0x800004cc (0x003747b3) xor     a5, a4, gp
core   0: 3 0x800004cc (0x003747b3) x15 0x00007d7c
core   0: 0x800004d0 (0x48015b03) lhu     s6, 1152(sp)
core   0: 3 0x800004d0 (0x48015b03) x22 0x0000f10e mem 0x8001360c
core   0: 0x800004d4 (0x000067f1) c.lui   a5, 0x1c
core   0: 3 0x800004d4 (0x67f1) x15 0x0001c000
core   0: 0x800004d6 (0x02e79433) mulh    s0, a5, a4
core   0: 3 0x800004d6 (0x02e79433) x 8 0x00000000
core   0: 0x800004da (0x2c610583) lb      a1, 710(sp)
core   0: 3 0x800004da (0x2c610583) x11 0xffffffa7 mem 0x80013452
core   0: 0x800004de (0x0000d8a2) c.swsp  s0, 112(sp)
core   0: 3 0x800004de (0xd8a2) mem 0x800131fc 0x00000000
core   0: 0x800004e0 (0x000087b9) c.srai  a5, 14
core   0: 3 0x800004e0 (0x87b9) x15 0x00000007
core   0: 0x800004e2 (0x00008795) c.srai  a5, 5
core   0: 3 0x800004e2 (0x8795) x15 0x00000000
core   0: 0x800004e4 (0x2cf104a3) sb      a5, 713(sp)
core   0: 3 0x800004e4 (0x2cf104a3) mem 0x80013455 0x0
core   0: 0x800004e8 (0x0c415403) lhu     s0, 196(sp)
core   0: 3 0x800004e8 (0x0c415403) x 8 0x00003a5e mem 0x80013250
core   0: 0x800004ec (0x340ad1f3) csrrwi  gp, mscratch, 21
core   0: 3 0x800004ec (0x340ad1f3) x 3 0x00000000 c832_mscratch 0x00000015
core   0: 0x800004f0 (0x3ef11523) sh      a5, 1002(sp)
core   0: 3 0x800004f0 (0x3ef11523) mem 0x80013576 0x0000
core   0: 0x800004f4 (0x33012583) lw      a1, 816(sp)
core   0: 3 0x800004f4 (0x33012583) x11 0x6d085231 mem 0x800134bc
core   0: 0x800004f8 (0x63d10783) lb      a5, 1597(sp)
core   0: 3 0x800004f8 (0x63d10783) x15 0xfffffff5 mem 0x800137c9
core   0: 0x800004fc (0xf4442713) slti    a4, s0, -188
core   0: 3 0x800004fc (0xf4442713) x14 0x00000000
core   0: 0x80000500 (0x02f791b3) mulh    gp, a5, a5
core   0: 3 0x80000500 (0x02f791b3) x 3 0x00000000
core   0: 0x80000504 (0x02377733) remu    a4, a4, gp
core   0: 3 0x80000504 (0x02377733) x14 0x00000000
core   0: 0x80000508 (0x10f12623) sw      a5, 268(sp)
core   0: 3 0x80000508 (0x10f12623) mem 0x80013298 0xfffffff5
core   0: 0x8000050c (0x2f614703) lbu     a4, 758(sp)
core   0: 3 0x8000050c (0x2f614703) x14 0x00000046 mem 0x80013482
core   0: 0x80000510 (0x0ff0000f) fence   iorw,iorw
core   0: 3 0x80000510 (0x0ff0000f)
core   0: 0x80000514 (0x000017fd) c.addi  a5, -1
core   0: 3 0x80000514 (0x17fd) x15 0xfffffff4
core   0: 0x80000516 (0xf7110583) lb      a1, -143(sp)
core   0: 3 0x80000516 (0xf7110583) x11 0x00000017 mem 0x800130fd
core   0: 0x8000051a (0x70814703) lbu     a4, 1800(sp)
core   0: 3 0x8000051a (0x70814703) x14 0x00000014 mem 0x80013894
core   0: 0x8000051e (0x76110783) lb      a5, 1889(sp)
core   0: 3 0x8000051e (0x76110783) x15 0xffffffa3 mem 0x800138ed
core   0: 0x80000522 (0x2dc12403) lw      s0, 732(sp)
core   0: 3 0x80000522 (0x2dc12403) x 8 0xbc1f1869 mem 0x80013468
core   0: 0x80000526 (0xecf11323) sh      a5, -314(sp)
core   0: 3 0x80000526 (0xecf11323) mem 0x80013052 0xffa3
core   0: 0x8000052a (0x16b11823) sh      a1, 368(sp)
core   0: 3 0x8000052a (0x16b11823) mem 0x800132fc 0x0017
core   0: 0x8000052e (0x38f10823) sb      a5, 912(sp)
core   0: 3 0x8000052e (0x38f10823) mem 0x8001351c 0xa3
core   0: 0x80000532 (0x22f105a3) sb      a5, 555(sp)
core   0: 3 0x80000532 (0x22f105a3) mem 0x800133b7 0xa3
core   0: 0x80000536 (0x3408f7f3) csrrci  a5, mscratch, 17
core   0: 3 0x80000536 (0x3408f7f3) x15 0x00000015 c832_mscratch 0x00000004
core   0: 0x8000053a (0x103109a3) sb      gp, 275(sp)
core   0: 3 0x8000053a (0x103109a3) mem 0x8001329f 0x0
core   0: 0x8000053e (0x00024797) auipc   a5, 0x24
core   0: 3 0x8000053e (0x00024797) x15 0x8002453e
core   0: 0x80000542 (0xb2e78793) addi    a5, a5, -1234
core   0: 3 0x80000542 (0xb2e78793) x15 0x8002406c
core   0: 0x80000546 (0x6147a72f) amoand.w a4, s4, (a5)
core   0: 3 0x80000546 (0x6147a72f) x14 0x4d3106c4 mem 0x8002406c mem 0x8002406c 0x000002c4
core   0: 0x8000054a (0x61c7aaaf) amoand.w s5, t3, (a5)
core   0: 3 0x8000054a (0x61c7aaaf) x21 0x000002c4 mem 0x8002406c mem 0x8002406c 0x000002c4
core   0: 0x8000054e (0x0927a72f) amoswap.w a4, s2, (a5)
core   0: 3 0x8000054e (0x0927a72f) x14 0x000002c4 mem 0x8002406c mem 0x8002406c 0xffffff84
core   0: 0x80000552 (0x0477a22f) amoadd.w tp, t2, (a5)
core   0: 3 0x80000552 (0x0477a22f) x 4 0xffffff84 mem 0x8002406c mem 0x8002406c 0xffffff8a
core   0: 0x80000556 (0x0017a1af) amoadd.w gp, ra, (a5)
core   0: 3 0x80000556 (0x0017a1af) x 3 0xffffff8a mem 0x8002406c mem 0x8002406c 0x0000c378
core   0: 0x8000055a (0x4557acaf) amoor.w s9, s5, (a5)
core   0: 3 0x8000055a (0x4557acaf) x25 0x0000c378 mem 0x8002406c mem 0x8002406c 0x0000c3fc
core   0: 0x8000055e (0xe317a22f) amomaxu.w tp, a7, (a5)
core   0: 3 0x8000055e (0xe317a22f) x 4 0x0000c3fc mem 0x8002406c mem 0x8002406c 0x78b6e001
core   0: 0x80000562 (0xc187ab2f) amominu.w s6, s8, (a5)
core   0: 3 0x80000562 (0xc187ab2f) x22 0x78b6e001 mem 0x8002406c mem 0x8002406c 0x0000006d
core   0: 0x80000566 (0x00024e97) auipc   t4, 0x24
core   0: 3 0x80000566 (0x00024e97) x29 0x80024566
core   0: 0x8000056a (0xafae8e93) addi    t4, t4, -1286
core   0: 3 0x8000056a (0xafae8e93) x29 0x80024060
core   0: 0x8000056e (0x00024597) auipc   a1, 0x24
core   0: 3 0x8000056e (0x00024597) x11 0x8002456e
core   0: 0x80000572 (0xafa58593) addi    a1, a1, -1286
core   0: 3 0x80000572 (0xafa58593) x11 0x80024068
core   0: 0x80000576 (0x0283c8b3) div     a7, t2, s0
core   0: 3 0x80000576 (0x0283c8b3) x17 0x00000000
core   0: 0x8000057a (0xa3d5a0af) amomax.w ra, t4, (a1)
core   0: 3 0x8000057a (0xa3d5a0af) x 1 0x72317082 mem 0x80024068 mem 0x80024068 0x72317082
core   0: 0x8000057e (0x2035a52f) amoxor.w a0, gp, (a1)
core   0: 3 0x8000057e (0x2035a52f) x10 0x72317082 mem 0x80024068 mem 0x80024068 0x8dce8f08
core   0: 0x80000582 (0x00021817) auipc   a6, 0x21
core   0: 3 0x80000582 (0x00021817) x16 0x80021582
core   0: 0x80000586 (0xac080813) addi    a6, a6, -1344
core   0: 3 0x80000586 (0xac080813) x16 0x80021042
core   0: 0x8000058a (0xff884483) lbu     s1, -8(a6)
core   0: 3 0x8000058a (0xff884483) x 9 0x00000088 mem 0x8002103a
core   0: 0x8000058e (0x03d80223) sb      t4, 36(a6)
core   0: 3 0x8000058e (0x03d80223) mem 0x80021066 0x60
core   0: 0x80000592 (0x00014f97) auipc   t6, 0x14
core   0: 3 0x80000592 (0x00014f97) x31 0x80014592
core   0: 0x80000596 (0x9d3f8f93) addi    t6, t6, -1581
core   0: 3 0x80000596 (0x9d3f8f93) x31 0x80013f65
core   0: 0x8000059a (0x00e80c03) lb      s8, 14(a6)
core   0: 3 0x8000059a (0x00e80c03) x24 0xffffffa9 mem 0x80021050
core   0: 0x8000059e (0x016fc903) lbu     s2, 22(t6)
core   0: 3 0x8000059e (0x016fc903) x18 0x000000c4 mem 0x80013f7b
core   0: 0x800005a2 (0xfee81903) lh      s2, -18(a6)
core   0: 3 0x800005a2 (0xfee81903) x18 0xffffd8c9 mem 0x80021030
core   0: 0x800005a6 (0x020fc483) lbu     s1, 32(t6)
core   0: 3 0x800005a6 (0x020fc483) x 9 0x00000079 mem 0x80013f85
core   0: 0x800005aa (0xfde800a3) sb      t5, -63(a6)
core   0: 3 0x800005aa (0xfde800a3) mem 0x80021003 0x24
core   0: 0x800005ae (0xfce80783) lb      a5, -50(a6)
core   0: 3 0x800005ae (0xfce80783) x15 0xffffffa4 mem 0x80021010
core   0: 0x800005b2 (0x027f8323) sb      t2, 38(t6)
core   0: 3 0x800005b2 (0x027f8323) mem 0x80013f8b 0x6
core   0: 0x800005b6 (0xff980ea3) sb      s9, -3(a6)
core   0: 3 0x800005b6 (0xff980ea3) mem 0x8002103f 0x78
core   0: 0x800005ba (0x040f8023) sb      zero, 64(t6)
core   0: 3 0x800005ba (0x040f8023) mem 0x80013fa5 0x0
core   0: 0x800005be (0x03b80a83) lb      s5, 59(a6)
core   0: 3 0x800005be (0x03b80a83) x21 0x0000006a mem 0x8002107d
core   0: 0x800005c2 (0xfcd80623) sb      a3, -52(a6)
core   0: 3 0x800005c2 (0xfcd80623) mem 0x8002100e 0xfe
core   0: 0x800005c6 (0x007f8b83) lb      s7, 7(t6)
core   0: 3 0x800005c6 (0x007f8b83) x23 0xffffff9c mem 0x80013f6c
core   0: 0x800005ca (0x00024e97) auipc   t4, 0x24
core   0: 3 0x800005ca (0x00024e97) x29 0x800245ca
core   0: 0x800005ce (0xa86e8e93) addi    t4, t4, -1402
core   0: 3 0x800005ce (0xa86e8e93) x29 0x80024050
core   0: 0x800005d2 (0x00024817) auipc   a6, 0x24
core   0: 3 0x800005d2 (0x00024817) x16 0x800245d2
core   0: 0x800005d6 (0xa9e80813) addi    a6, a6, -1378
core   0: 3 0x800005d6 (0xa9e80813) x16 0x80024070
core   0: 0x800005da (0x00024617) auipc   a2, 0x24
core   0: 3 0x800005da (0x00024617) x12 0x800245da
core   0: 0x800005de (0xaa260613) addi    a2, a2, -1374
core   0: 3 0x800005de (0xaa260613) x12 0x8002407c
core   0: 0x800005e2 (0xef3a6913) ori     s2, s4, -269
core   0: 3 0x800005e2 (0xef3a6913) x18 0xfffffeff
core   0: 0x800005e6 (0x223eaa2f) amoxor.w s4, gp, (t4)
core   0: 3 0x800005e6 (0x223eaa2f) x20 0xc59b01db mem 0x80024050 mem 0x80024050 0x3a64fe51
core   0: 0x800005ea (0x24162aaf) amoxor.w s5, ra, (a2)
core   0: 3 0x800005ea (0x24162aaf) x21 0x7a0adffd mem 0x8002407c mem 0x8002407c 0x083baf7f
core   0: 0x800005ee (0xe42825af) amomaxu.w a1, sp, (a6)
core   0: 3 0x800005ee (0xe42825af) x11 0x8002cd25 mem 0x80024070 mem 0x80024070 0x8002cd25
core   0: 0x800005f2 (0x00024897) auipc   a7, 0x24
core   0: 3 0x800005f2 (0x00024897) x17 0x800245f2
core   0: 0x800005f6 (0xa8688893) addi    a7, a7, -1402
core   0: 3 0x800005f6 (0xa8688893) x17 0x80024078
core   0: 0x800005fa (0x40175b13) srai    s6, a4, 1
core   0: 3 0x800005fa (0x40175b13) x22 0x00000162
core   0: 0x800005fe (0x340f5573) csrrwi  a0, mscratch, 30
core   0: 3 0x800005fe (0x340f5573) x10 0x00000004 c832_mscratch 0x0000001e
core   0: 0x80000602 (0x3408dbf3) csrrwi  s7, mscratch, 17
core   0: 3 0x80000602 (0x3408dbf3) x23 0x0000001e c832_mscratch 0x00000011
core   0: 0x80000606 (0x34053d73) csrrc   s10, mscratch, a0
core   0: 3 0x80000606 (0x34053d73) x26 0x00000011 c832_mscratch 0x00000011
core   0: 0x8000060a (0x1408aa2f) lr.w    s4, (a7)
core   0: 3 0x8000060a (0x1408aa2f) x20 0x035acc6a mem 0x80024078
core   0: 0x8000060e (0x00bd8c33) add     s8, s11, a1
core   0: 3 0x8000060e (0x00bd8c33) x24 0x8002cce8
core   0: 0x80000612 (0x91d92213) slti    tp, s2, -1763
core   0: 3 0x80000612 (0x91d92213) x 4 0x00000000
core   0: 0x80000616 (0x0182de33) srl     t3, t0, s8
core   0: 3 0x80000616 (0x0182de33) x28 0x0080028e
core   0: 0x8000061a (0x3403dcf3) csrrwi  s9, mscratch, 7
core   0: 3 0x8000061a (0x3403dcf3) x25 0x00000011 c832_mscratch 0x00000007
core   0: 0x8000061e (0x401684b3) sub     s1, a3, ra
core   0: 3 0x8000061e (0x401684b3) x 9 0x9375d07c
core   0: 0x80000622 (0x005eae33) slt     t3, t4, t0
core   0: 3 0x80000622 (0x005eae33) x28 0x00000001
core   0: 0x80000626 (0x00000121) c.addi  sp, 8
core   0: 3 0x80000626 (0x0121) x 2 0x80013194
core   0: 0x80000628 (0x00004ea9) c.li    t4, 10
core   0: 3 0x80000628 (0x4ea9) x29 0x0000000a
core   0: 0x8000062a (0x5f4eb793) sltiu   a5, t4, 1524
core   0: 3 0x8000062a (0x5f4eb793) x15 0x00000001
core   0: 0x8000062e (0x00008c4d) c.or    s0, a1
core   0: 3 0x8000062e (0x8c4d) x 8 0xbc1fdd6d
core   0: 0x80000630 (0x1908a4af) sc.w    s1, a6, (a7)
core   0: 3 0x80000630 (0x1908a4af) x 9 0x00000000 mem 0x80024078 0x80024070
core   0: 0x80000634 (0x00020117) auipc   sp, 0x20
core   0: 3 0x80000634 (0x00020117) x 2 0x80020634
core   0: 0x80000638 (0x35e10113) addi    sp, sp, 862
core   0: 3 0x80000638 (0x35e10113) x 2 0x80020992
core   0: 0x8000063c (0xfd810e03) lb      t3, -40(sp)
core   0: 3 0x8000063c (0xfd810e03) x28 0x00000028 mem 0x8002096a
core   0: 0x80000640 (0xfd815183) lhu     gp, -40(sp)
core   0: 3 0x80000640 (0xfd815183) x 3 0x00005428 mem 0x8002096a
core   0: 0x80000644 (0xfea12b23) sw      a0, -10(sp)
core   0: 3 0x80000644 (0xfea12b23) mem 0x80020988 0x00000004
core   0: 0x80000648 (0x02f104a3) sb      a5, 41(sp)
core   0: 3 0x80000648 (0x02f104a3) mem 0x800209bb 0x1
core   0: 0x8000064c (0x032104a3) sb      s2, 41(sp)
core   0: 3 0x8000064c (0x032104a3) mem 0x800209bb 0xff
core   0: 0x80000650 (0x023106a3) sb      gp, 45(sp)
core   0: 3 0x80000650 (0x023106a3) mem 0x800209bf 0x28
core   0: 0x80000654 (0xfcb10ea3) sb      a1, -35(sp)
core   0: 3 0x80000654 (0xfcb10ea3) mem 0x8002096f 0x25
core   0: 0x80000658 (0xfd314083) lbu     ra, -45(sp)
core   0: 3 0x80000658 (0xfd314083) x 1 0x0000000f mem 0x80020965
core   0: 0x8000065c (0x01178233) add     tp, a5, a7
core   0: 3 0x8000065c (0x01178233) x 4 0x80024079
core   0: 0x80000660 (0xfc310303) lb      t1, -61(sp)
core   0: 3 0x80000660 (0xfc310303) x 6 0xffffff9a mem 0x80020955
core   0: 0x80000664 (0x01849ab3) sll     s5, s1, s8
core   0: 3 0x80000664 (0x01849ab3) x21 0x00000000
core   0: 0x80000668 (0x02310083) lb      ra, 35(sp)
core   0: 3 0x80000668 (0x02310083) x 1 0x0000001a mem 0x800209b5
core   0: 0x8000066c (0x02314d03) lbu     s10, 35(sp)
core   0: 3 0x8000066c (0x02314d03) x26 0x0000001a mem 0x800209b5
core   0: 0x80000670 (0x0ff0000f) fence   iorw,iorw
core   0: 3 0x80000670 (0x0ff0000f)
core   0: 0x80000674 (0x02e101a3) sb      a4, 35(sp)
core   0: 3 0x80000674 (0x02e101a3) mem 0x800209b5 0xc4
core   0: 0x80000678 (0x03d10483) lb      s1, 61(sp)
core   0: 3 0x80000678 (0x03d10483) x 9 0xfffffffb mem 0x800209cf
core   0: 0x8000067c (0x02310ea3) sb      gp, 61(sp)
core   0: 3 0x8000067c (0x02310ea3) mem 0x800209cf 0x28
core   0: 0x80000680 (0xfce15803) lhu     a6, -50(sp)
core   0: 3 0x80000680 (0xfce15803) x16 0x0000bf8a mem 0x80020960
core   0: 0x80000684 (0x77520813) addi    a6, tp, 1909
core   0: 3 0x80000684 (0x77520813) x16 0x800247ee
core   0: 0x80000688 (0xffd10303) lb      t1, -3(sp)
core   0: 3 0x80000688 (0xffd10303) x 6 0xffffffa5 mem 0x8002098f
core   0: 0x8000068c (0xff911f23) sh      s9, -2(sp)
core   0: 3 0x8000068c (0xff911f23) mem 0x80020990 0x0011
core   0: 0x80000690 (0xffe14c83) lbu     s9, -2(sp)
core   0: 3 0x80000690 (0xffe14c83) x25 0x00000011 mem 0x80020990
core   0: 0x80000694 (0x00024c17) auipc   s8, 0x24
core   0: 3 0x80000694 (0x00024c17) x24 0x80024694
core   0: 0x80000698 (0x9d8c0c13) addi    s8, s8, -1576
core   0: 3 0x80000698 (0x9d8c0c13) x24 0x8002406c
core   0: 0x8000069c (0x00024517) auipc   a0, 0x24
core   0: 3 0x8000069c (0x00024517) x10 0x8002469c
core   0: 0x800006a0 (0x9e050513) addi    a0, a0, -1568
core   0: 3 0x800006a0 (0x9e050513) x10 0x8002407c
core   0: 0x800006a4 (0x428524af) amoor.w s1, s0, (a0)
core   0: 3 0x800006a4 (0x428524af) x 9 0x083baf7f mem 0x8002407c mem 0x8002407c 0xbc3fff7f
core   0: 0x800006a8 (0xa30c272f) amomax.w a4, a6, (s8)
core   0: 3 0x800006a8 (0xa30c272f) x14 0x0000006d mem 0x8002406c mem 0x8002406c 0x0000006d
core   0: 0x800006ac (0x20ec242f) amoxor.w s0, a4, (s8)
core   0: 3 0x800006ac (0x20ec242f) x 8 0x0000006d mem 0x8002406c mem 0x8002406c 0x00000000
core   0: 0x800006b0 (0x0c252faf) amoswap.w t6, sp, (a0)
core   0: 3 0x800006b0 (0x0c252faf) x31 0xbc3fff7f mem 0x8002407c mem 0x8002407c 0x80020992
core   0: 0x800006b4 (0x043c212f) amoadd.w sp, gp, (s8)
core   0: 3 0x800006b4 (0x043c212f) x 2 0x00000000 mem 0x8002406c mem 0x8002406c 0x00005428
core   0: 0x800006b8 (0xa20c26af) amomax.w a3, zero, (s8)
core   0: 3 0x800006b8 (0xa20c26af) x13 0x00005428 mem 0x8002406c mem 0x8002406c 0x00005428
core   0: 0x800006bc (0x434525af) amoor.w a1, s4, (a0)
core   0: 3 0x800006bc (0x434525af) x11 0x80020992 mem 0x8002407c mem 0x8002407c 0x835acdfa
core   0: 0x800006c0 (0xe1ac21af) amomaxu.w gp, s10, (s8)
core   0: 3 0x800006c0 (0xe1ac21af) x 3 0x00005428 mem 0x8002406c mem 0x8002406c 0x00005428
core   0: 0x800006c4 (0x0311ffb3) remu    t6, gp, a7
core   0: 3 0x800006c4 (0x0311ffb3) x31 0x00005428
core   0: 0x800006c8 (0x828c2e2f) amomin.w t3, s0, (s8)
core   0: 3 0x800006c8 (0x828c2e2f) x28 0x00005428 mem 0x8002406c mem 0x8002406c 0x0000006d
core   0: 0x800006cc (0x09e5202f) amoswap.w zero, t5, (a0)
core   0: 3 0x800006cc (0x09e5202f) mem 0x8002407c mem 0x8002407c 0x8002cd24
core   0: 0x800006d0 (0x00023d17) auipc   s10, 0x23
core   0: 3 0x800006d0 (0x00023d17) x26 0x800236d0
core   0: 0x800006d4 (0x4bbd0d13) addi    s10, s10, 1211
core   0: 3 0x800006d4 (0x4bbd0d13) x26 0x80023b8b
core   0: 0x800006d8 (0x00023f97) auipc   t6, 0x23
core   0: 3 0x800006d8 (0x00023f97) x31 0x800236d8
core   0: 0x800006dc (0xba6f8f93) addi    t6, t6, -1114
core   0: 3 0x800006dc (0xba6f8f93) x31 0x8002327e
core   0: 0x800006e0 (0x00016d97) auipc   s11, 0x16
core   0: 3 0x800006e0 (0x00016d97) x27 0x800166e0
core   0: 0x800006e4 (0x192d8d93) addi    s11, s11, 402
core   0: 3 0x800006e4 (0x192d8d93) x27 0x80016872
core   0: 0x800006e8 (0x009d0823) sb      s1, 16(s10)
core   0: 3 0x800006e8 (0x009d0823) mem 0x80023b9b 0x7f
core   0: 0x800006ec (0x0aef8983) lb      s3, 174(t6)
core   0: 3 0x800006ec (0x0aef8983) x19 0xffffff86 mem 0x8002332c
core   0: 0x800006f0 (0x00023e17) auipc   t3, 0x23
core   0: 3 0x800006f0 (0x00023e17) x28 0x800236f0
core   0: 0x800006f4 (0xd04e0e13) addi    t3, t3, -764
core   0: 3 0x800006f4 (0xd04e0e13) x28 0x800233f4
core   0: 0x800006f8 (0x00017517) auipc   a0, 0x17
core   0: 3 0x800006f8 (0x00017517) x10 0x800176f8
core   0: 0x800006fc (0x7b450513) addi    a0, a0, 1972
core   0: 3 0x800006fc (0x7b450513) x10 0x80017eac
core   0: 0x80000700 (0xf93fc103) lbu     sp, -109(t6)
core   0: 3 0x80000700 (0xf93fc103) x 2 0x00000054 mem 0x80023211
core   0: 0x80000704 (0x14fd9b23) sh      a5, 342(s11)
core   0: 3 0x80000704 (0x14fd9b23) mem 0x800169c8 0x0001
core   0: 0x80000708 (0x4d9dcb03) lbu     s6, 1241(s11)
core   0: 3 0x80000708 (0x4d9dcb03) x22 0x00000040 mem 0x80016d4b
core   0: 0x8000070c (0x06852a03) lw      s4, 104(a0)
core   0: 3 0x8000070c (0x06852a03) x20 0xbbdc75c0 mem 0x80017f14
core   0: 0x80000710 (0x007e0323) sb      t2, 6(t3)
core   0: 3 0x80000710 (0x007e0323) mem 0x800233fa 0x6
core   0: 0x80000714 (0x00ed4403) lbu     s0, 14(s10)
core   0: 3 0x80000714 (0x00ed4403) x 8 0x00000079 mem 0x80023b99
core   0: 0x80000718 (0xc93dcc03) lbu     s8, -877(s11)
core   0: 3 0x80000718 (0xc93dcc03) x24 0x00000008 mem 0x80016505
core   0: 0x8000071c (0xf00f9903) lh      s2, -256(t6)
core   0: 3 0x8000071c (0xf00f9903) x18 0xffff9358 mem 0x8002317e
core   0: 0x80000720 (0xfeae0d23) sb      a0, -6(t3)
core   0: 3 0x80000720 (0xfeae0d23) mem 0x800233ee 0xac
core   0: 0x80000724 (0xf07f87a3) sb      t2, -241(t6)
core   0: 3 0x80000724 (0xf07f87a3) mem 0x8002318d 0x6
core   0: 0x80000728 (0x966d9023) sh      t1, -1696(s11)
core   0: 3 0x80000728 (0x966d9023) mem 0x800161d2 0xffa5
core   0: 0x8000072c (0x00be1623) sh      a1, 12(t3)
core   0: 3 0x8000072c (0x00be1623) mem 0x80023400 0x0992
core   0: 0x80000730 (0xcb4d9403) lh      s0, -844(s11)
core   0: 3 0x80000730 (0xcb4d9403) x 8 0xffff8ed3 mem 0x80016526
core   0: 0x80000734 (0xff4e4903) lbu     s2, -12(t3)
core   0: 3 0x80000734 (0xff4e4903) x18 0x00000010 mem 0x800233e8
core   0: 0x80000738 (0xf65501a3) sb      t0, -157(a0)
core   0: 3 0x80000738 (0xf65501a3) mem 0x80017e0f 0xa4
core   0: 0x8000073c (0x05df8da3) sb      t4, 91(t6)
core   0: 3 0x8000073c (0x05df8da3) mem 0x800232d9 0xa
core   0: 0x80000740 (0x920dde83) lhu     t4, -1760(s11)
core   0: 3 0x80000740 (0x920dde83) x29 0x00005434 mem 0x80016192
core   0: 0x80000744 (0xf2150403) lb      s0, -223(a0)
core   0: 3 0x80000744 (0xf2150403) x 8 0x00000022 mem 0x80017dcd
core   0: 0x80000748 (0x002e5183) lhu     gp, 2(t3)
core   0: 3 0x80000748 (0x002e5183) x 3 0x000006d4 mem 0x800233f6
core   0: 0x8000074c (0x0d854683) lbu     a3, 216(a0)
core   0: 3 0x8000074c (0x0d854683) x13 0x000000db mem 0x80017f84
core   0: 0x80000750 (0x0c550483) lb      s1, 197(a0)
core   0: 3 0x80000750 (0x0c550483) x 9 0x00000042 mem 0x80017f71
core   0: 0x80000754 (0xfeee2e23) sw      a4, -4(t3)
core   0: 3 0x80000754 (0xfeee2e23) mem 0x800233f0 0x0000006d
core   0: 0x80000758 (0x059d8b83) lb      s7, 89(s11)
core   0: 3 0x80000758 (0x059d8b83) x23 0xffffffe8 mem 0x800168cb
core   0: 0x8000075c (0xdc6dca03) lbu     s4, -570(s11)
core   0: 3 0x8000075c (0xdc6dca03) x20 0x00000004 mem 0x80016638
core   0: 0x80000760 (0x01452b83) lw      s7, 20(a0)
core   0: 3 0x80000760 (0x01452b83) x23 0xff578da5 mem 0x80017ec0
core   0: 0x80000764 (0xd13d8583) lb      a1, -749(s11)
core   0: 3 0x80000764 (0xd13d8583) x11 0xffffffff mem 0x80016585
core   0: 0x80000768 (0x015e0023) sb      s5, 0(t3)
core   0: 3 0x80000768 (0x015e0023) mem 0x800233f4 0x0
core   0: 0x8000076c (0x013d11a3) sh      s3, 3(s10)
core   0: 3 0x8000076c (0x013d11a3) mem 0x80023b8e 0xff86
core   0: 0x80000770 (0xf76f8ca3) sb      s6, -135(t6)
core   0: 3 0x80000770 (0xf76f8ca3) mem 0x800231f7 0x40
core   0: 0x80000774 (0xffbd4103) lbu     sp, -5(s10)
core   0: 3 0x80000774 (0xffbd4103) x 2 0x000000c6 mem 0x80023b86
core   0: 0x80000778 (0xddfdc803) lbu     a6, -545(s11)
core   0: 3 0x80000778 (0xddfdc803) x16 0x00000025 mem 0x80016651
core   0: 0x8000077c (0x072f8923) sb      s2, 114(t6)
core   0: 3 0x8000077c (0x072f8923) mem 0x800232f0 0x10
core   0: 0x80000780 (0x07f50003) lb      zero, 127(a0)
core   0: 3 0x80000780 (0x07f50003) mem 0x80017f2b
core   0: 0x80000784 (0xf63f82a3) sb      gp, -155(t6)
core   0: 3 0x80000784 (0xf63f82a3) mem 0x800231e3 0xd4
core   0: 0x80000788 (0xff6d1aa3) sh      s6, -11(s10)
core   0: 3 0x80000788 (0xff6d1aa3) mem 0x80023b80 0x0040
core   0: 0x8000078c (0x0e6f87a3) sb      t1, 239(t6)
core   0: 3 0x8000078c (0x0e6f87a3) mem 0x8002336d 0xa5
core   0: 0x80000790 (0xff3e1c23) sh      s3, -8(t3)
core   0: 3 0x80000790 (0xff3e1c23) mem 0x800233ec 0xff86
core   0: 0x80000794 (0x00dd0303) lb      t1, 13(s10)
core   0: 3 0x80000794 (0x00dd0303) x 6 0xffffffc6 mem 0x80023b98
core   0: 0x80000798 (0xffb54783) lbu     a5, -5(a0)
core   0: 3 0x80000798 (0xffb54783) x15 0x000000de mem 0x80017ea7
core   0: 0x8000079c (0x00005cf1) c.li    s9, -4
core   0: 3 0x8000079c (0x5cf1) x25 0xfffffffc
core   0: 0x8000079e (0x00004d8d) c.li    s11, 3
core   0: 3 0x8000079e (0x4d8d) x27 0x00000003
core   0: 0x800007a0 (0x00008e51) c.or    a2, a2
core   0: 3 0x800007a0 (0x8e51) x12 0x8002407c
core   0: 0x800007a2 (0x00000001) c.nop
core   0: 3 0x800007a2 (0x0001)
core   0: 0x800007a4 (0x00000c9d) c.addi  s9, 7
core   0: 3 0x800007a4 (0x0c9d) x25 0x00000003
core   0: 0x800007a6 (0x00004f81) c.li    t6, 0
core   0: 3 0x800007a6 (0x4f81) x31 0x00000000
core   0: 0x800007a8 (0x0000468d) c.li    a3, 3
core   0: 3 0x800007a8 (0x468d) x13 0x00000003
core   0: 0x800007aa (0x03d579b3) remu    s3, a0, t4
core   0: 3 0x800007aa (0x03d579b3) x19 0x000001bc
core   0: 0x800007ae (0x00008d55) c.or    a0, a3
core   0: 3 0x800007ae (0x8d55) x10 0x80017eaf
core   0: 0x800007b0 (0x00000f85) c.addi  t6, 1
core   0: 3 0x800007b0 (0x0f85) x31 0x00000001
core   0: 0x800007b2 (0xfedfece3) bltu    t6, a3, pc - 8
core   0: 3 0x800007b2 (0xfedfece3)
core   0: 0x800007aa (0x03d579b3) remu    s3, a0, t4
core   0: 3 0x800007aa (0x03d579b3) x19 0x000001bf
core   0: 0x800007ae (0x00008d55) c.or    a0, a3
core   0: 3 0x800007ae (0x8d55) x10 0x80017eaf
core   0: 0x800007b0 (0x00000f85) c.addi  t6, 1
core   0: 3 0x800007b0 (0x0f85) x31 0x00000002
core   0: 0x800007b2 (0xfedfece3) bltu    t6, a3, pc - 8
core   0: 3 0x800007b2 (0xfedfece3)
core   0: 0x800007aa (0x03d579b3) remu    s3, a0, t4
core   0: 3 0x800007aa (0x03d579b3) x19 0x000001bf
core   0: 0x800007ae (0x00008d55) c.or    a0, a3
core   0: 3 0x800007ae (0x8d55) x10 0x80017eaf
core   0: 0x800007b0 (0x00000f85) c.addi  t6, 1
core   0: 3 0x800007b0 (0x0f85) x31 0x00000003
core   0: 0x800007b2 (0xfedfece3) bltu    t6, a3, pc - 8
core   0: 3 0x800007b2 (0xfedfece3)
core   0: 0x800007b6 (0x00000001) c.nop
core   0: 3 0x800007b6 (0x0001)
core   0: 0x800007b8 (0xffbc94e3) bne     s9, s11, pc - 24
core   0: 3 0x800007b8 (0xffbc94e3)
core   0: 0x800007bc (0x029ed9b3) divu    s3, t4, s1
core   0: 3 0x800007bc (0x029ed9b3) x19 0x00000146
core   0: 0x800007c0 (0x00024597) auipc   a1, 0x24
core   0: 3 0x800007c0 (0x00024597) x11 0x800247c0
core   0: 0x800007c4 (0x89858593) addi    a1, a1, -1896
core   0: 3 0x800007c4 (0x89858593) x11 0x80024058
core   0: 0x800007c8 (0x00024d97) auipc   s11, 0x24
core   0: 3 0x800007c8 (0x00024d97) x27 0x800247c8
core   0: 0x800007cc (0x8b0d8d93) addi    s11, s11, -1872
core   0: 3 0x800007cc (0x8b0d8d93) x27 0x80024078
core   0: 0x800007d0 (0xe4ada1af) amomaxu.w gp, a0, (s11)
core   0: 3 0x800007d0 (0xe4ada1af) x 3 0x80024070 mem 0x80024078 mem 0x80024078 0x80024070
core   0: 0x800007d4 (0x85eda72f) amomin.w a4, t5, (s11)
core   0: 3 0x800007d4 (0x85eda72f) x14 0x80024070 mem 0x80024078 mem 0x80024078 0x80024070
core   0: 0x800007d8 (0x09b5a12f) amoswap.w sp, s11, (a1)
core   0: 3 0x800007d8 (0x09b5a12f) x 2 0x376ba1cd mem 0x80024058 mem 0x80024058 0x80024078
core   0: 0x800007dc (0x0001fc17) auipc   s8, 0x1f
core   0: 3 0x800007dc (0x0001fc17) x24 0x8001f7dc
core   0: 0x800007e0 (0x0bbc0c13) addi    s8, s8, 187
core   0: 3 0x800007e0 (0x0bbc0c13) x24 0x8001f897
core   0: 0x800007e4 (0xc4bc0aa3) sb      a1, -939(s8)
core   0: 3 0x800007e4 (0xc4bc0aa3) mem 0x8001f4ec 0x58
core   0: 0x800007e8 (0x00023a97) auipc   s5, 0x23
core   0: 3 0x800007e8 (0x00023a97) x21 0x800237e8
core   0: 0x800007ec (0x12ea8a93) addi    s5, s5, 302
core   0: 3 0x800007ec (0x12ea8a93) x21 0x80023916
core   0: 0x800007f0 (0x01ba80a3) sb      s11, 1(s5)
core   0: 3 0x800007f0 (0x01ba80a3) mem 0x80023917 0x78
core   0: 0x800007f4 (0x00da8083) lb      ra, 13(s5)
core   0: 3 0x800007f4 (0x00da8083) x 1 0xffffffad mem 0x80023923
core   0: 0x800007f8 (0x00aad983) lhu     s3, 10(s5)
core   0: 3 0x800007f8 (0x00aad983) x19 0x0000c5e2 mem 0x80023920
core   0: 0x800007fc (0x0001ce97) auipc   t4, 0x1c
core   0: 3 0x800007fc (0x0001ce97) x29 0x8001c7fc
core   0: 0x80000800 (0x2dae8e93) addi    t4, t4, 730
core   0: 3 0x80000800 (0x2dae8e93) x29 0x8001cad6
core   0: 0x80000804 (0x01ea81a3) sb      t5, 3(s5)
core   0: 3 0x80000804 (0x01ea81a3) mem 0x80023919 0x24
core   0: 0x80000808 (0x00021b97) auipc   s7, 0x21
core   0: 3 0x80000808 (0x00021b97) x23 0x80021808
core   0: 0x8000080c (0x58bb8b93) addi    s7, s7, 1419
core   0: 3 0x8000080c (0x58bb8b93) x23 0x80021d93
core   0: 0x80000810 (0x00db9203) lh      tp, 13(s7)
core   0: 3 0x80000810 (0x00db9203) x 4 0x000046ec mem 0x80021da0
core   0: 0x80000814 (0xf71c5303) lhu     t1, -143(s8)
core   0: 3 0x80000814 (0xf71c5303) x 6 0x0000e31e mem 0x8001f808
core   0: 0x80000818 (0xeb2c4483) lbu     s1, -334(s8)
core   0: 3 0x80000818 (0xeb2c4483) x 9 0x000000fa mem 0x8001f749
core   0: 0x8000081c (0xff7a9a23) sh      s7, -12(s5)
core   0: 3 0x8000081c (0xff7a9a23) mem 0x8002390a 0x1d93
core   0: 0x80000820 (0x00fb8423) sb      a5, 8(s7)
core   0: 3 0x80000820 (0x00fb8423) mem 0x80021d9b 0xde
core   0: 0x80000824 (0x006aaa03) lw      s4, 6(s5)
core   0: 3 0x80000824 (0x006aaa03) x20 0xedcc3634 mem 0x8002391c
core   0: 0x80000828 (0xaa7c06a3) sb      t2, -1363(s8)
core   0: 3 0x80000828 (0xaa7c06a3) mem 0x8001f344 0x6
core   0: 0x8000082c (0xffabc583) lbu     a1, -6(s7)
core   0: 3 0x8000082c (0xffabc583) x11 0x000000a9 mem 0x80021d8d
core   0: 0x80000830 (0x002ad503) lhu     a0, 2(s5)
core   0: 3 0x80000830 (0x002ad503) x10 0x000024ab mem 0x80023918
core   0: 0x80000834 (0xfa1e8f83) lb      t6, -95(t4)
core   0: 3 0x80000834 (0xfa1e8f83) x31 0xffffffab mem 0x8001ca77
core   0: 0x80000838 (0xbaac4f83) lbu     t6, -1110(s8)
core   0: 3 0x80000838 (0xbaac4f83) x31 0x000000f5 mem 0x8001f441
core   0: 0x8000083c (0xff3b8fa3) sb      s3, -1(s7)
core   0: 3 0x8000083c (0xff3b8fa3) mem 0x80021d92 0xe2
core   0: 0x80000840 (0x01ae89a3) sb      s10, 19(t4)
core   0: 3 0x80000840 (0x01ae89a3) mem 0x8001cae9 0x8b
core   0: 0x80000844 (0xb04c07a3) sb      tp, -1265(s8)
core   0: 3 0x80000844 (0xb04c07a3) mem 0x8001f3a6 0xec
core   0: 0x80000848 (0x034e8583) lb      a1, 52(t4)
core   0: 3 0x80000848 (0x034e8583) x11 0xffffffd1 mem 0x8001cb0a
core   0: 0x8000084c (0x003a8d03) lb      s10, 3(s5)
core   0: 3 0x8000084c (0x003a8d03) x26 0x00000024 mem 0x80023919
core   0: 0x80000850 (0x0fce8203) lb      tp, 252(t4)
core   0: 3 0x80000850 (0x0fce8203) x 4 0x0000002b mem 0x8001cbd2
core   0: 0x80000854 (0x00bb83a3) sb      a1, 7(s7)
core   0: 3 0x80000854 (0x00bb83a3) mem 0x80021d9a 0xd1
core   0: 0x80000858 (0xf1fe8503) lb      a0, -225(t4)
core   0: 3 0x80000858 (0xf1fe8503) x10 0xffffff88 mem 0x8001c9f5
core   0: 0x8000085c (0x080ed203) lhu     tp, 128(t4)
core   0: 3 0x8000085c (0x080ed203) x 4 0x0000e649 mem 0x8001cb56
core   0: 0x80000860 (0xff6aa603) lw      a2, -10(s5)
core   0: 3 0x80000860 (0xff6aa603) x12 0x68b6e7ea mem 0x8002390c
core   0: 0x80000864 (0xfeea8ca3) sb      a4, -7(s5)
core   0: 3 0x80000864 (0xfeea8ca3) mem 0x8002390f 0x70
core   0: 0x80000868 (0xa0bc1083) lh      ra, -1525(s8)
core   0: 3 0x80000868 (0xa0bc1083) x 1 0xfffffd23 mem 0x8001f2a2
core   0: 0x8000086c (0x0260066f) jal     a2, pc + 0x26
core   0: 3 0x8000086c (0x0260066f) x12 0x80000870
core   0: 0x80000892 (0xfe3ff0ef) jal     pc - 0x1e
core   0: 3 0x80000892 (0xfe3ff0ef) x 1 0x80000896
core   0: 0x80000874 (0x0000a019) c.j     pc + 6
core   0: 3 0x80000874 (0xa019)
core   0: 0x8000087a (0x00002005) c.jal   pc + 32
core   0: 3 0x8000087a (0x2005) x 1 0x8000087c
core   0: 0x8000089a (0x00002029) c.jal   pc + 10
core   0: 3 0x8000089a (0x2029) x 1 0x8000089c
core   0: 0x800008a4 (0xfe9ff0ef) jal     pc - 0x18
core   0: 3 0x800008a4 (0xfe9ff0ef) x 1 0x800008a8
core   0: 0x8000088c (0x0000bfe5) c.j     pc - 8
core   0: 3 0x8000088c (0xbfe5)
core   0: 0x80000884 (0x00002011) c.jal   pc + 4
core   0: 3 0x80000884 (0x2011) x 1 0x80000886
core   0: 0x80000888 (0xff5ff0ef) jal     pc - 0xc
core   0: 3 0x80000888 (0xff5ff0ef) x 1 0x8000088c
core   0: 0x8000087c (0x012000ef) jal     pc + 0x12
core   0: 3 0x8000087c (0x012000ef) x 1 0x80000880
core   0: 0x8000088e (0x00e0036f) jal     t1, pc + 0xe
core   0: 3 0x8000088e (0x00e0036f) x 6 0x80000892
core   0: 0x8000089c (0x0040036f) jal     t1, pc + 0x4
core   0: 3 0x8000089c (0x0040036f) x 6 0x800008a0
core   0: 0x800008a0 (0xfd1ff0ef) jal     pc - 0x30
core   0: 3 0x800008a0 (0xfd1ff0ef) x 1 0x800008a4
core   0: 0x80000870 (0x00002009) c.jal   pc + 2
core   0: 3 0x80000870 (0x2009) x 1 0x80000872
core   0: 0x80000872 (0x0000201d) c.jal   pc + 38
core   0: 3 0x80000872 (0x201d) x 1 0x80000874
core   0: 0x80000898 (0x0000bff9) c.j     pc - 34
core   0: 3 0x80000898 (0xbff9)
core   0: 0x80000876 (0x032000ef) jal     pc + 0x32
core   0: 3 0x80000876 (0x032000ef) x 1 0x8000087a
core   0: 0x800008a8 (0xfdfff0ef) jal     pc - 0x22
core   0: 3 0x800008a8 (0xfdfff0ef) x 1 0x800008ac
core   0: 0x80000886 (0x00003fed) c.jal   pc - 6
core   0: 3 0x80000886 (0x3fed) x 1 0x80000888
core   0: 0x80000880 (0x016000ef) jal     pc + 0x16
core   0: 3 0x80000880 (0x016000ef) x 1 0x80000884
core   0: 0x80000896 (0x0000a819) c.j     pc + 22
core   0: 3 0x80000896 (0xa819)
core   0: 0x800008ac (0x0079bfb3) sltu    t6, s3, t2
core   0: 3 0x800008ac (0x0079bfb3) x31 0x00000000
core   0: 0x800008b0 (0x00013117) auipc   sp, 0x13
core   0: 3 0x800008b0 (0x00013117) x 2 0x800138b0
core   0: 0x800008b4 (0x5f910113) addi    sp, sp, 1529
core   0: 3 0x800008b4 (0x5f910113) x 2 0x80013ea9
core   0: 0x800008b8 (0x00001d7d) c.addi  s10, -1
core   0: 3 0x800008b8 (0x1d7d) x26 0x00000023
core   0: 0x800008ba (0x00785513) srli    a0, a6, 7
core   0: 3 0x800008ba (0x00785513) x10 0x00000000
core   0: 0x800008be (0x01484233) xor     tp, a6, s4
core   0: 3 0x800008be (0x01484233) x 4 0xedcc3611
core   0: 0x800008c2 (0xfd710a23) sb      s7, -44(sp)
core   0: 3 0x800008c2 (0xfd710a23) mem 0x80013e7d 0x93
core   0: 0x800008c6 (0x3405e273) csrrsi  tp, mscratch, 11
core   0: 3 0x800008c6 (0x3405e273) x 4 0x00000007 c832_mscratch 0x0000000f
core   0: 0x800008ca (0x0a410823) sb      tp, 176(sp)
core   0: 3 0x800008ca (0x0a410823) mem 0x80013f59 0x7
core   0: 0x800008ce (0xf2712803) lw      a6, -217(sp)
core   0: 3 0x800008ce (0xf2712803) x16 0x20074db9 mem 0x80013dd0
core   0: 0x800008d2 (0x00aeb833) sltu    a6, t4, a0
core   0: 3 0x800008d2 (0x00aeb833) x16 0x00000000
core   0: 0x800008d6 (0x01610183) lb      gp, 22(sp)
core   0: 3 0x800008d6 (0x01610183) x 3 0xffffffe5 mem 0x80013ebf
core   0: 0x800008da (0xfc310b03) lb      s6, -61(sp)
core   0: 3 0x800008da (0xfc310b03) x22 0x00000033 mem 0x80013e6c
core   0: 0x800008de (0x0267deb3) divu    t4, a5, t1
core   0: 3 0x800008de (0x0267deb3) x29 0x00000000
core   0: 0x800008e2 (0x00919cb3) sll     s9, gp, s1
core   0: 3 0x800008e2 (0x00919cb3) x25 0x94000000
core   0: 0x800008e6 (0xfb115e83) lhu     t4, -79(sp)
core   0: 3 0x800008e6 (0xfb115e83) x29 0x0000230f mem 0x80013e5a
core   0: 0x800008ea (0x3408b473) csrrc   s0, mscratch, a7
core   0: 3 0x800008ea (0x3408b473) x 8 0x0000000f c832_mscratch 0x00000007
core   0: 0x800008ee (0x02409bb3) mulh    s7, ra, tp
core   0: 3 0x800008ee (0x02409bb3) x23 0xfffffffc
core   0: 0x800008f2 (0xfaf10823) sb      a5, -80(sp)
core   0: 3 0x800008f2 (0xfaf10823) mem 0x80013e59 0xde
core   0: 0x800008f6 (0x03014c83) lbu     s9, 48(sp)
core   0: 3 0x800008f6 (0x03014c83) x25 0x000000c9 mem 0x80013ed9
core   0: 0x800008fa (0xf7711403) lh      s0, -137(sp)
core   0: 3 0x800008fa (0xf7711403) x 8 0x00003698 mem 0x80013e20
core   0: 0x800008fe (0x0c710523) sb      t2, 202(sp)
core   0: 3 0x800008fe (0x0c710523) mem 0x80013f73 0x6
core   0: 0x80000902 (0xfdd100a3) sb      t4, -63(sp)
core   0: 3 0x80000902 (0xfdd100a3) mem 0x80013e6a 0xf
core   0: 0x80000906 (0x3401e0f3) csrrsi  ra, mscratch, 3
core   0: 3 0x80000906 (0x3401e0f3) x 1 0x00000007 c832_mscratch 0x00000007
core   0: 0x8000090a (0xfea14203) lbu     tp, -22(sp)
core   0: 3 0x8000090a (0xfea14203) x 4 0x00000066 mem 0x80013e93
core   0: 0x8000090e (0x00008239) c.srli  a2, 14
core   0: 3 0x8000090e (0x8239) x12 0x00020000
core   0: 0x80000910 (0xf9114403) lbu     s0, -111(sp)
core   0: 3 0x80000910 (0xf9114403) x 8 0x000000a9 mem 0x80013e3a
core   0: 0x80000914 (0xff3108a3) sb      s3, -15(sp)
core   0: 3 0x80000914 (0xff3108a3) mem 0x80013e9a 0xe2
core   0: 0x80000918 (0xfd810c03) lb      s8, -40(sp)
core   0: 3 0x80000918 (0xfd810c03) x24 0x00000037 mem 0x80013e81
core   0: 0x8000091c (0x00023897) auipc   a7, 0x23
core   0: 3 0x8000091c (0x00023897) x17 0x8002391c
core   0: 0x80000920 (0x73888893) addi    a7, a7, 1848
core   0: 3 0x80000920 (0x73888893) x17 0x80024054
core   0: 0x80000924 (0x340c79f3) csrrci  s3, mscratch, 24
core   0: 3 0x80000924 (0x340c79f3) x19 0x00000007 c832_mscratch 0x00000007
core   0: 0x80000928 (0x00006afd) c.lui   s5, 0x1f
core   0: 3 0x80000928 (0x6afd) x21 0x0001f000
core   0: 0x8000092a (0x1208afaf) lr.w    t6, (a7)
core   0: 3 0x8000092a (0x1208afaf) x31 0xd641ca97 mem 0x80024054
core   0: 0x8000092e (0x00008bd6) c.mv    s7, s5
core   0: 3 0x8000092e (0x8bd6) x23 0x0001f000
core   0: 0x80000930 (0x340bb9f3) csrrc   s3, mscratch, s7
core   0: 3 0x80000930 (0x340bb9f3) x19 0x00000007 c832_mscratch 0x00000007
core   0: 0x80000934 (0x8810dd37) lui     s10, 0x8810d
core   0: 3 0x80000934 (0x8810dd37) x26 0x8810d000
core   0: 0x80000938 (0x00008b6d) c.andi  a4, 27
core   0: 3 0x80000938 (0x8b6d) x14 0x00000010
core   0: 0x8000093a (0x03454833) div     a6, a0, s4
core   0: 3 0x8000093a (0x03454833) x16 0x00000000
core   0: 0x8000093e (0x34072573) csrrs   a0, mscratch, a4
core   0: 3 0x8000093e (0x34072573) x10 0x00000007 c832_mscratch 0x00000017
core   0: 0x80000942 (0x002c9ab3) sll     s5, s9, sp
core   0: 3 0x80000942 (0x002c9ab3) x21 0x00019200
core   0: 0x80000946 (0x00000001) c.nop
core   0: 3 0x80000946 (0x0001)
core   0: 0x80000948 (0xf13df113) andi    sp, s11, -237
core   0: 3 0x80000948 (0xf13df113) x 2 0x80024010
core   0: 0x8000094c (0x00008c19) c.sub   s0, a4
core   0: 3 0x8000094c (0x8c19) x 8 0x00000099
core   0: 0x8000094e (0x1b48aa2f) sc.w    s4, s4, (a7)
core   0: 3 0x8000094e (0x1b48aa2f) x20 0x00000000 mem 0x80024054 0xedcc3634
core   0: 0x80000952 (0x00023617) auipc   a2, 0x23
core   0: 3 0x80000952 (0x00023617) x12 0x80023952
core   0: 0x80000956 (0x71660613) addi    a2, a2, 1814
core   0: 3 0x80000956 (0x71660613) x12 0x80024068
core   0: 0x8000095a (0x00023997) auipc   s3, 0x23
core   0: 3 0x8000095a (0x00023997) x19 0x8002395a
core   0: 0x8000095e (0x6fa98993) addi    s3, s3, 1786
core   0: 3 0x8000095e (0x6fa98993) x19 0x80024054
core   0: 0x80000962 (0x00023497) auipc   s1, 0x23
core   0: 3 0x80000962 (0x00023497) x 9 0x80023962
core   0: 0x80000966 (0x6fa48493) addi    s1, s1, 1786
core   0: 3 0x80000966 (0x6fa48493) x 9 0x8002405c
core   0: 0x8000096a (0xc204a22f) amominu.w tp, zero, (s1)
core   0: 3 0x8000096a (0xc204a22f) x 4 0xd4cbbfaf mem 0x8002405c mem 0x8002405c 0x00000000
core   0: 0x8000096e (0x05b9afaf) amoadd.w t6, s11, (s3)
core   0: 3 0x8000096e (0x05b9afaf) x31 0xedcc3634 mem 0x80024054 mem 0x80024054 0x6dce76ac
core   0: 0x80000972 (0x4214afaf) amoor.w t6, ra, (s1)
core   0: 3 0x80000972 (0x4214afaf) x31 0x00000000 mem 0x8002405c mem 0x8002405c 0x00000007
core   0: 0x80000976 (0xc3f6222f) amominu.w tp, t6, (a2)
core   0: 3 0x80000976 (0xc3f6222f) x 4 0x8dce8f08 mem 0x80024068 mem 0x80024068 0x00000000
core   0: 0x8000097a (0xc0f6282f) amominu.w a6, a5, (a2)
core   0: 3 0x8000097a (0xc0f6282f) x16 0x00000000 mem 0x80024068 mem 0x80024068 0x00000000
core   0: 0x8000097e (0x22c9adaf) amoxor.w s11, a2, (s3)
core   0: 3 0x8000097e (0x22c9adaf) x27 0x6dce76ac mem 0x80024054 mem 0x80024054 0xedcc36c4
core   0: 0x80000982 (0x2506232f) amoxor.w t1, a6, (a2)
core   0: 3 0x80000982 (0x2506232f) x 6 0x00000000 mem 0x80024068 mem 0x80024068 0x00000000
core   0: 0x80000986 (0x0ad9a12f) amoswap.w sp, a3, (s3)
core   0: 3 0x80000986 (0x0ad9a12f) x 2 0xedcc36c4 mem 0x80024054 mem 0x80024054 0x00000003
core   0: 0x8000098a (0xe3d9a0af) amomaxu.w ra, t4, (s3)
core   0: 3 0x8000098a (0xe3d9a0af) x 1 0x00000003 mem 0x80024054 mem 0x80024054 0x0000230f
core   0: 0x8000098e (0x45762e2f) amoor.w t3, s7, (a2)
core   0: 3 0x8000098e (0x45762e2f) x28 0x00000000 mem 0x80024068 mem 0x80024068 0x0001f000
core   0: 0x80000992 (0x00013697) auipc   a3, 0x13
core   0: 3 0x80000992 (0x00013697) x13 0x80013992
core   0: 0x80000996 (0xdf468693) addi    a3, a3, -524
core   0: 3 0x80000996 (0xdf468693) x13 0x80013786
core   0: 0x8000099a (0x03313033) mulhu   zero, sp, s3
core   0: 3 0x8000099a (0x03313033)
core   0: 0x8000099e (0x01112433) slt     s0, sp, a7
core   0: 3 0x8000099e (0x01112433) x 8 0x00000000
core   0: 0x800009a2 (0x34006af3) csrrsi  s5, mscratch, 0
core   0: 3 0x800009a2 (0x34006af3) x21 0x00000017
core   0: 0x800009a6 (0x02e8a4b3) mulhsu  s1, a7, a4
core   0: 3 0x800009a6 (0x02e8a4b3) x 9 0xfffffff8
core   0: 0x800009aa (0x340ef1f3) csrrci  gp, mscratch, 29
core   0: 3 0x800009aa (0x340ef1f3) x 3 0x00000017 c832_mscratch 0x00000002
core   0: 0x800009ae (0x41bbd193) srai    gp, s7, 27
core   0: 3 0x800009ae (0x41bbd193) x 3 0x00000000
core   0: 0x800009b2 (0x00000001) c.nop
core   0: 3 0x800009b2 (0x0001)
core   0: 0x800009b4 (0x02ea18b3) mulh    a7, s4, a4
core   0: 3 0x800009b4 (0x02ea18b3) x17 0x00000000
core   0: 0x800009b8 (0x0ff0000f) fence   iorw,iorw
core   0: 3 0x800009b8 (0x0ff0000f)
core   0: 0x800009bc (0x03568b03) lb      s6, 53(a3)
core   0: 3 0x800009bc (0x03568b03) x22 0x0000001d mem 0x800137bb
core   0: 0x800009c0 (0xff66c183) lbu     gp, -10(a3)
core   0: 3 0x800009c0 (0xff66c183) x 3 0x000000c8 mem 0x8001377c
core   0: 0x800009c4 (0x000008ce) c.slli  a7, 19
core   0: 3 0x800009c4 (0x08ce) x17 0x00000000
core   0: 0x800009c6 (0x0209ceb3) div     t4, s3, zero
core   0: 3 0x800009c6 (0x0209ceb3) x29 0xffffffff
core   0: 0x800009ca (0x00000001) c.nop
core   0: 3 0x800009ca (0x0001)
core   0: 0x800009cc (0x03c8ba33) mulhu   s4, a7, t3
core   0: 3 0x800009cc (0x03c8ba33) x20 0x00000000
core   0: 0x800009d0 (0x3406fcf3) csrrci  s9, mscratch, 13
core   0: 3 0x800009d0 (0x3406fcf3) x25 0x00000002 c832_mscratch 0x00000002
core   0: 0x800009d4 (0x00f61113) slli    sp, a2, 15
core   0: 3 0x800009d4 (0x00f61113) x 2 0x20340000
core   0: 0x800009d8 (0x0ff0000f) fence   iorw,iorw
core   0: 3 0x800009d8 (0x0ff0000f)
core   0: 0x800009dc (0x00008849) c.andi  s0, 18
core   0: 3 0x800009dc (0x8849) x 8 0x00000000
core   0: 0x800009de (0x00008d4d) c.or    a0, a1
core   0: 3 0x800009de (0x8d4d) x10 0xffffffd7
core   0: 0x800009e0 (0x52db0e93) addi    t4, s6, 1325
core   0: 3 0x800009e0 (0x52db0e93) x29 0x0000054a
core   0: 0x800009e4 (0x000049c5) c.li    s3, 17
core   0: 3 0x800009e4 (0x49c5) x19 0x00000011
core   0: 0x800009e6 (0x01568603) lb      a2, 21(a3)
core   0: 3 0x800009e6 (0x01568603) x12 0xffffffd1 mem 0x8001379b
core   0: 0x800009ea (0x01997fb3) and     t6, s2, s9
core   0: 3 0x800009ea (0x01997fb3) x31 0x00000000
core   0: 0x800009ee (0x00f68983) lb      s3, 15(a3)
core   0: 3 0x800009ee (0x00f68983) x19 0x0000001c mem 0x80013795
core   0: 0x800009f2 (0x3c91b497) auipc   s1, 0x3c91b
core   0: 3 0x800009f2 (0x3c91b497) x 9 0xbc91b9f2
core   0: 0x800009f6 (0x41a58d33) sub     s10, a1, s10
core   0: 3 0x800009f6 (0x41a58d33) x26 0x77ef2fd1
core   0: 0x800009fa (0xfd368b03) lb      s6, -45(a3)
core   0: 3 0x800009fa (0xfd368b03) x22 0xffffff87 mem 0x80013759
core   0: 0x800009fe (0xfc26ce83) lbu     t4, -62(a3)
core   0: 3 0x800009fe (0xfc26ce83) x29 0x000000f2 mem 0x80013748
core   0: 0x80000a02 (0x01768423) sb      s7, 8(a3)
core   0: 3 0x80000a02 (0x01768423) mem 0x8001378e 0x0
core   0: 0x80000a06 (0xfdd68923) sb      t4, -46(a3)
core   0: 3 0x80000a06 (0xfdd68923) mem 0x80013758 0xf2
core   0: 0x80000a0a (0x03c69c83) lh      s9, 60(a3)
core   0: 3 0x80000a0a (0x03c69c83) x25 0xffffe81e mem 0x800137c2
core   0: 0x80000a0e (0x00000aa5) c.addi  s5, 9
core   0: 3 0x80000a0e (0x0aa5) x21 0x00000020
core   0: 0x80000a10 (0x00008b3e) c.mv    s6, a5
core   0: 3 0x80000a10 (0x8b3e) x22 0x000000de
core   0: 0x80000a12 (0x02fe3ab3) mulhu   s5, t3, a5
core   0: 3 0x80000a12 (0x02fe3ab3) x21 0x00000000
core   0: 0x80000a16 (0x00008c85) c.sub   s1, s1
core   0: 3 0x80000a16 (0x8c85) x 9 0x00000000
core   0: 0x80000a18 (0xd7956113) ori     sp, a0, -647
core   0: 3 0x80000a18 (0xd7956113) x 2 0xffffffff
core   0: 0x80000a1c (0xff469403) lh      s0, -12(a3)
core   0: 3 0x80000a1c (0xff469403) x 8 0x00007c0a mem 0x8001377a
core   0: 0x80000a20 (0xfd368a83) lb      s5, -45(a3)
core   0: 3 0x80000a20 (0xfd368a83) x21 0xffffff87 mem 0x80013759
core   0: 0x80000a24 (0x00a0066f) jal     a2, pc + 0xa
core   0: 3 0x80000a24 (0x00a0066f) x12 0x80000a28
core   0: 0x80000a2e (0x0280016f) jal     sp, pc + 0x28
core   0: 3 0x80000a2e (0x0280016f) x 2 0x80000a32
core   0: 0x80000a56 (0x00002031) c.jal   pc + 12
core   0: 3 0x80000a56 (0x2031) x 1 0x80000a58
core   0: 0x80000a62 (0xfe1ff0ef) jal     pc - 0x20
core   0: 3 0x80000a62 (0xfe1ff0ef) x 1 0x80000a66
core   0: 0x80000a42 (0x00003fc5) c.jal   pc - 16
core   0: 3 0x80000a42 (0x3fc5) x 1 0x80000a44
core   0: 0x80000a32 (0x00002815) c.jal   pc + 52
core   0: 3 0x80000a32 (0x2815) x 1 0x80000a34
core   0: 0x80000a66 (0xfd3ff36f) jal     t1, pc - 0x2e
core   0: 3 0x80000a66 (0xfd3ff36f) x 6 0x80000a6a
core   0: 0x80000a38 (0x00e001ef) jal     gp, pc + 0xe
core   0: 3 0x80000a38 (0x00e001ef) x 3 0x80000a3c
core   0: 0x80000a46 (0x00003fdd) c.jal   pc - 10
core   0: 3 0x80000a46 (0x3fdd) x 1 0x80000a48
core   0: 0x80000a3c (0x000037fd) c.jal   pc - 18
core   0: 3 0x80000a3c (0x37fd) x 1 0x80000a3e
core   0: 0x80000a2a (0x0000203d) c.jal   pc + 46
core   0: 3 0x80000a2a (0x203d) x 1 0x80000a2c
core   0: 0x80000a58 (0xffbff36f) jal     t1, pc - 0x6
core   0: 3 0x80000a58 (0xffbff36f) x 6 0x80000a5c
core   0: 0x80000a52 (0xff9ff36f) jal     t1, pc - 0x8
core   0: 3 0x80000a52 (0xff9ff36f) x 6 0x80000a56
core   0: 0x80000a4a (0xff5ff16f) jal     sp, pc - 0xc
core   0: 3 0x80000a4a (0xff5ff16f) x 2 0x80000a4e
core   0: 0x80000a3e (0xfebff0ef) jal     pc - 0x16
core   0: 3 0x80000a3e (0xfebff0ef) x 1 0x80000a42
core   0: 0x80000a28 (0x00002831) c.jal   pc + 28
core   0: 3 0x80000a28 (0x2831) x 1 0x80000a2a
core   0: 0x80000a44 (0x00002829) c.jal   pc + 26
core   0: 3 0x80000a44 (0x2829) x 1 0x80000a46
core   0: 0x80000a5e (0x0000bfc5) c.j     pc - 16
core   0: 3 0x80000a5e (0xbfc5)
core   0: 0x80000a4e (0x0000a039) c.j     pc + 14
core   0: 3 0x80000a4e (0xa039)
core   0: 0x80000a5c (0x00002011) c.jal   pc + 4
core   0: 3 0x80000a5c (0x2011) x 1 0x80000a5e
core   0: 0x80000a60 (0x0000a029) c.j     pc + 10
core   0: 3 0x80000a60 (0xa029)
core   0: 0x80000a6a (0x0000b7c9) c.j     pc - 62
core   0: 3 0x80000a6a (0xb7c9)
core   0: 0x80000a2c (0x0000a021) c.j     pc + 8
core   0: 3 0x80000a2c (0xa021)
core   0: 0x80000a34 (0x0140016f) jal     sp, pc + 0x14
core   0: 3 0x80000a34 (0x0140016f) x 2 0x80000a38
core   0: 0x80000a48 (0x0000a021) c.j     pc + 8
core   0: 3 0x80000a48 (0xa021)
core   0: 0x80000a50 (0x0000a831) c.j     pc + 28
core   0: 3 0x80000a50 (0xa831)
core   0: 0x80000a6c (0x00008d71) c.and   a0, a2
core   0: 3 0x80000a6c (0x8d71) x10 0x80000a00
core   0: 0x80000a6e (0x00023c17) auipc   s8, 0x23
core   0: 3 0x80000a6e (0x00023c17) x24 0x80023a6e
core   0: 0x80000a72 (0x5e6c0c13) addi    s8, s8, 1510
core   0: 3 0x80000a72 (0x5e6c0c13) x24 0x80024054
core   0: 0x80000a76 (0x416c25af) amoor.w a1, s6, (s8)
core   0: 3 0x80000a76 (0x416c25af) x11 0x0000230f mem 0x80024054 mem 0x80024054 0x000023df
core   0: 0x80000a7a (0x437c272f) amoor.w a4, s7, (s8)
core   0: 3 0x80000a7a (0x437c272f) x14 0x000023df mem 0x80024054 mem 0x80024054 0x0001f3df
core   0: 0x80000a7e (0x618c2eaf) amoand.w t4, s8, (s8)
core   0: 3 0x80000a7e (0x618c2eaf) x29 0x0001f3df mem 0x80024054 mem 0x80024054 0x00004054
core   0: 0x80000a82 (0x00605013) srli    zero, zero, 6
core   0: 3 0x80000a82 (0x00605013)
core   0: 0x80000a86 (0x40fc252f) amoor.w a0, a5, (s8)
core   0: 3 0x80000a86 (0x40fc252f) x10 0x00004054 mem 0x80024054 mem 0x80024054 0x000040de
core   0: 0x80000a8a (0x00013617) auipc   a2, 0x13
core   0: 3 0x80000a8a (0x00013617) x12 0x80013a8a
core   0: 0x80000a8e (0x91160613) addi    a2, a2, -1775
core   0: 3 0x80000a8e (0x91160613) x12 0x8001339b
core   0: 0x80000a92 (0x00a60183) lb      gp, 10(a2)
core   0: 3 0x80000a92 (0x00a60183) x 3 0xffffffeb mem 0x800133a5
core   0: 0x80000a96 (0xfe760c23) sb      t2, -8(a2)
core   0: 3 0x80000a96 (0xfe760c23) mem 0x80013393 0x6
core   0: 0x80000a9a (0xff864a03) lbu     s4, -8(a2)
core   0: 3 0x80000a9a (0xff864a03) x20 0x00000006 mem 0x80013393
core   0: 0x80000a9e (0xfea60c23) sb      a0, -8(a2)
core   0: 3 0x80000a9e (0xfea60c23) mem 0x80013393 0x54
core   0: 0x80000aa2 (0xff860203) lb      tp, -8(a2)
core   0: 3 0x80000aa2 (0xff860203) x 4 0x00000054 mem 0x80013393
core   0: 0x80000aa6 (0xff564a03) lbu     s4, -11(a2)
core   0: 3 0x80000aa6 (0xff564a03) x20 0x00000097 mem 0x80013390
core   0: 0x80000aaa (0xff565103) lhu     sp, -11(a2)
core   0: 3 0x80000aaa (0xff565103) x 2 0x0000f097 mem 0x80013390
core   0: 0x80000aae (0x00e64003) lbu     zero, 14(a2)
core   0: 3 0x80000aae (0x00e64003) mem 0x800133a9
core   0: 0x80000ab2 (0x00e60f83) lb      t6, 14(a2)
core   0: 3 0x80000ab2 (0x00e60f83) x31 0x0000001c mem 0x800133a9
core   0: 0x80000ab6 (0x011615a3) sh      a7, 11(a2)
core   0: 3 0x80000ab6 (0x011615a3) mem 0x800133a6 0x0000
core   0: 0x80000aba (0xfff61983) lh      s3, -1(a2)
core   0: 3 0x80000aba (0xfff61983) x19 0x0000353f mem 0x8001339a
core   0: 0x80000abe (0xff660b83) lb      s7, -10(a2)
core   0: 3 0x80000abe (0xff660b83) x23 0xfffffff0 mem 0x80013391
core   0: 0x80000ac2 (0xff660783) lb      a5, -10(a2)
core   0: 3 0x80000ac2 (0xff660783) x15 0xfffffff0 mem 0x80013391
core   0: 0x80000ac6 (0xff664183) lbu     gp, -10(a2)
core   0: 3 0x80000ac6 (0xff664183) x 3 0x000000f0 mem 0x80013391
core   0: 0x80000aca (0x340bdcf3) csrrwi  s9, mscratch, 23
core   0: 3 0x80000aca (0x340bdcf3) x25 0x00000002 c832_mscratch 0x00000017
core   0: 0x80000ace (0x00561903) lh      s2, 5(a2)
core   0: 3 0x80000ace (0x00561903) x18 0xffff96f7 mem 0x800133a0
core   0: 0x80000ad2 (0x012612a3) sh      s2, 5(a2)
core   0: 3 0x80000ad2 (0x012612a3) mem 0x800133a0 0x96f7
core   0: 0x80000ad6 (0x000087dd) c.srai  a5, 23
core   0: 3 0x80000ad6 (0x87dd) x15 0xffffffff
core   0: 0x80000ad8 (0x02fc3db3) mulhu   s11, s8, a5
core   0: 3 0x80000ad8 (0x02fc3db3) x27 0x80024053
core   0: 0x80000adc (0x00f65703) lhu     a4, 15(a2)
core   0: 3 0x80000adc (0x00f65703) x14 0x000084d8 mem 0x800133aa
core   0: 0x80000ae0 (0x00f60d83) lb      s11, 15(a2)
core   0: 3 0x80000ae0 (0x00f60d83) x27 0xffffffd8 mem 0x800133aa
core   0: 0x80000ae4 (0x00e60403) lb      s0, 14(a2)
core   0: 3 0x80000ae4 (0x00e60403) x 8 0x0000001c mem 0x800133a9
core   0: 0x80000ae8 (0x00023617) auipc   a2, 0x23
core   0: 3 0x80000ae8 (0x00023617) x12 0x80023ae8
core   0: 0x80000aec (0x59060613) addi    a2, a2, 1424
core   0: 3 0x80000aec (0x59060613) x12 0x80024078
core   0: 0x80000af0 (0x01497233) and     tp, s2, s4
core   0: 3 0x80000af0 (0x01497233) x 4 0x00000097
core   0: 0x80000af4 (0x00000001) c.nop
core   0: 3 0x80000af4 (0x0001)
core   0: 0x80000af6 (0x028a2733) mulhsu  a4, s4, s0
core   0: 3 0x80000af6 (0x028a2733) x14 0x00000000
core   0: 0x80000afa (0xbae8c093) xori    ra, a7, -1106
core   0: 3 0x80000afa (0xbae8c093) x 1 0xfffffbae
core   0: 0x80000afe (0x011ef5b3) and     a1, t4, a7
core   0: 3 0x80000afe (0x011ef5b3) x11 0x00000000
core   0: 0x80000b02 (0x000008a5) c.addi  a7, 9
core   0: 3 0x80000b02 (0x08a5) x17 0x00000009
core   0: 0x80000b04 (0x00008fb9) c.xor   a5, a4
core   0: 3 0x80000b04 (0x8fb9) x15 0xffffffff
core   0: 0x80000b06 (0x0000010a) c.slli  sp, 2
core   0: 3 0x80000b06 (0x010a) x 2 0x0003c25c
core   0: 0x80000b08 (0x0000717d) c.addi16sp sp, -16
core   0: 3 0x80000b08 (0x717d) x 2 0x0003c24c
core   0: 0x80000b0a (0x0000814d) c.srli  a0, 19
core   0: 3 0x80000b0a (0x814d) x10 0x00000000
core   0: 0x80000b0c (0x73802d13) slti    s10, zero, 1848
core   0: 3 0x80000b0c (0x73802d13) x26 0x00000001
core   0: 0x80000b10 (0x0156d013) srli    zero, a3, 21
core   0: 3 0x80000b10 (0x0156d013)
core   0: 0x80000b14 (0x34057473) csrrci  s0, mscratch, 10
core   0: 3 0x80000b14 (0x34057473) x 8 0x00000017 c832_mscratch 0x00000015
core   0: 0x80000b18 (0x1406252f) lr.w    a0, (a2)
core   0: 3 0x80000b18 (0x1406252f) x10 0x80024070 mem 0x80024078
core   0: 0x80000b1c (0x1bd62d2f) sc.w    s10, t4, (a2)
core   0: 3 0x80000b1c (0x1bd62d2f) x26 0x00000000 mem 0x80024078 0x0001f3df
core   0: 0x80000b20 (0x00018d97) auipc   s11, 0x18
core   0: 3 0x80000b20 (0x00018d97) x27 0x80018b20
core   0: 0x80000b24 (0xb29d8d93) addi    s11, s11, -1239
core   0: 3 0x80000b24 (0xb29d8d93) x27 0x80018649
core   0: 0x80000b28 (0x0001eb17) auipc   s6, 0x1e
core   0: 3 0x80000b28 (0x0001eb17) x22 0x8001eb28
core   0: 0x80000b2c (0x004b0b13) addi    s6, s6, 4
core   0: 3 0x80000b2c (0x004b0b13) x22 0x8001eb2c
core   0: 0x80000b30 (0xfdbd8c23) sb      s11, -40(s11)
core   0: 3 0x80000b30 (0xfdbd8c23) mem 0x80018621 0x49
core   0: 0x80000b34 (0xffeb1a83) lh      s5, -2(s6)
core   0: 3 0x80000b34 (0xffeb1a83) x21 0xffff9ec6 mem 0x8001eb2a
core   0: 0x80000b38 (0xf18dc483) lbu     s1, -232(s11)
core   0: 3 0x80000b38 (0xf18dc483) x 9 0x0000005b mem 0x80018561
core   0: 0x80000b3c (0xff8b1003) lh      zero, -8(s6)
core   0: 3 0x80000b3c (0xff8b1003) mem 0x8001eb24
core   0: 0x80000b40 (0xf06d95a3) sh      t1, -245(s11)
core   0: 3 0x80000b40 (0xf06d95a3) mem 0x80018554 0x0a56
core   0: 0x80000b44 (0xffeb0f23) sb      t5, -2(s6)
core   0: 3 0x80000b44 (0xffeb0f23) mem 0x8001eb2a 0x24
core   0: 0x80000b48 (0xfb0d8923) sb      a6, -78(s11)
core   0: 3 0x80000b48 (0xfb0d8923) mem 0x800185fb 0x0
core   0: 0x80000b4c (0xfd8d8c83) lb      s9, -40(s11)
core   0: 3 0x80000b4c (0xfd8d8c83) x25 0x00000049 mem 0x80018621
core   0: 0x80000b50 (0x004b0b83) lb      s7, 4(s6)
core   0: 3 0x80000b50 (0x004b0b83) x23 0xffffff80 mem 0x8001eb30
core   0: 0x80000b54 (0xf5bd8a83) lb      s5, -165(s11)
core   0: 3 0x80000b54 (0xf5bd8a83) x21 0x00000032 mem 0x800185a4
core   0: 0x80000b58 (0xfd2d8ba3) sb      s2, -41(s11)
core   0: 3 0x80000b58 (0xfd2d8ba3) mem 0x80018620 0xf7
core   0: 0x80000b5c (0xffbb4103) lbu     sp, -5(s6)
core   0: 3 0x80000b5c (0xffbb4103) x 2 0x0000003b mem 0x8001eb27
core   0: 0x80000b60 (0x010d8a83) lb      s5, 16(s11)
core   0: 3 0x80000b60 (0x010d8a83) x21 0x0000003e mem 0x80018659
core   0: 0x80000b64 (0x006b0903) lb      s2, 6(s6)
core   0: 3 0x80000b64 (0x006b0903) x18 0xffffffd6 mem 0x8001eb32
core   0: 0x80000b68 (0xfa6d8903) lb      s2, -90(s11)
core   0: 3 0x80000b68 (0xfa6d8903) x18 0x00000028 mem 0x800185ef
core   0: 0x80000b6c (0xff5b4c83) lbu     s9, -11(s6)
core   0: 3 0x80000b6c (0xff5b4c83) x25 0x000000db mem 0x8001eb21
core   0: 0x80000b70 (0x010b4203) lbu     tp, 16(s6)
core   0: 3 0x80000b70 (0x010b4203) x 4 0x000000f8 mem 0x8001eb3c
core   0: 0x80000b74 (0xf4bdaa03) lw      s4, -181(s11)
core   0: 3 0x80000b74 (0xf4bdaa03) x20 0x27c4b134 mem 0x80018594
core   0: 0x80000b78 (0xfefb0b23) sb      a5, -10(s6)
core   0: 3 0x80000b78 (0xfefb0b23) mem 0x8001eb22 0xff
core   0: 0x80000b7c (0x005b0223) sb      t0, 4(s6)
core   0: 3 0x80000b7c (0x005b0223) mem 0x8001eb30 0xa4
core   0: 0x80000b80 (0x00023497) auipc   s1, 0x23
core   0: 3 0x80000b80 (0x00023497) x 9 0x80023b80
core   0: 0x80000b84 (0x4f848493) addi    s1, s1, 1272
core   0: 3 0x80000b84 (0x4f848493) x 9 0x80024078
core   0: 0x80000b88 (0x00023e17) auipc   t3, 0x23
core   0: 3 0x80000b88 (0x00023e17) x28 0x80023b88
core   0: 0x80000b8c (0x4c0e0e13) addi    t3, t3, 1216
core   0: 3 0x80000b8c (0x4c0e0e13) x28 0x80024048
core   0: 0x80000b90 (0x00023b17) auipc   s6, 0x23
core   0: 3 0x80000b90 (0x00023b17) x22 0x80023b90
core   0: 0x80000b94 (0x4f0b0b13) addi    s6, s6, 1264
core   0: 3 0x80000b94 (0x4f0b0b13) x22 0x80024080
core   0: 0x80000b98 (0x0000874d) c.srai  a4, 19
core   0: 3 0x80000b98 (0x874d) x14 0x00000000
core   0: 0x80000b9a (0x0b34abaf) amoswap.w s7, s3, (s1)
core   0: 3 0x80000b9a (0x0b34abaf) x23 0x0001f3df mem 0x80024078 mem 0x80024078 0x0000353f
core   0: 0x80000b9e (0x09fe2aaf) amoswap.w s5, t6, (t3)
core   0: 3 0x80000b9e (0x09fe2aaf) x21 0x40000000 mem 0x80024048 mem 0x80024048 0x0000001c
core   0: 0x80000ba2 (0x03623033) mulhu   zero, tp, s6
core   0: 3 0x80000ba2 (0x03623033)
core   0: 0x80000ba6 (0x620e28af) amoand.w a7, zero, (t3)
core   0: 3 0x80000ba6 (0x620e28af) x17 0x0000001c mem 0x80024048 mem 0x80024048 0x00000000
core   0: 0x80000baa (0x41bd8a33) sub     s4, s11, s11
core   0: 3 0x80000baa (0x41bd8a33) x20 0x00000000
core   0: 0x80000bae (0xe1de242f) amomaxu.w s0, t4, (t3)
core   0: 3 0x80000bae (0xe1de242f) x 8 0x00000000 mem 0x80024048 mem 0x80024048 0x0001f3df
core   0: 0x80000bb2 (0x03c0066f) jal     a2, pc + 0x3c
core   0: 3 0x80000bb2 (0x03c0066f) x12 0x80000bb6
core   0: 0x80000bee (0xfdbff36f) jal     t1, pc - 0x26
core   0: 3 0x80000bee (0xfdbff36f) x 6 0x80000bf2
core   0: 0x80000bc8 (0x0000a021) c.j     pc + 8
core   0: 3 0x80000bc8 (0xa021)
core   0: 0x80000bd0 (0x00800eef) jal     t4, pc + 0x8
core   0: 3 0x80000bd0 (0x00800eef) x29 0x80000bd4
core   0: 0x80000bd8 (0x024000ef) jal     pc + 0x24
core   0: 3 0x80000bd8 (0x024000ef) x 1 0x80000bdc
core   0: 0x80000bfc (0x000037f9) c.jal   pc - 50
core   0: 3 0x80000bfc (0x37f9) x 1 0x80000bfe
core   0: 0x80000bca (0x020000ef) jal     pc + 0x20
core   0: 3 0x80000bca (0x020000ef) x 1 0x80000bce
core   0: 0x80000bea (0xfd5ff76f) jal     a4, pc - 0x2c
core   0: 3 0x80000bea (0xfd5ff76f) x14 0x80000bee
core   0: 0x80000bbe (0x0000a825) c.j     pc + 56
core   0: 3 0x80000bbe (0xa825)
core   0: 0x80000bf6 (0x000037dd) c.jal   pc - 26
core   0: 3 0x80000bf6 (0x37dd) x 1 0x80000bf8
core   0: 0x80000bdc (0x0000bfe9) c.j     pc - 38
core   0: 3 0x80000bdc (0xbfe9)
core   0: 0x80000bb6 (0x0000203d) c.jal   pc + 46
core   0: 3 0x80000bb6 (0x203d) x 1 0x80000bb8
core   0: 0x80000be4 (0x00003fcd) c.jal   pc - 14
core   0: 3 0x80000be4 (0x3fcd) x 1 0x80000be6
core   0: 0x80000bd6 (0x0000b7dd) c.j     pc - 26
core   0: 3 0x80000bd6 (0xb7dd)
core   0: 0x80000bbc (0x0000a089) c.j     pc + 66
core   0: 3 0x80000bbc (0xa089)
core   0: 0x80000bfe (0x0000b7cd) c.j     pc - 30
core   0: 3 0x80000bfe (0xb7cd)
core   0: 0x80000be0 (0x014000ef) jal     pc + 0x14
core   0: 3 0x80000be0 (0x014000ef) x 1 0x80000be4
core   0: 0x80000bf4 (0x0000b7c5) c.j     pc - 32
core   0: 3 0x80000bf4 (0xb7c5)
core   0: 0x80000bd4 (0x000037d5) c.jal   pc - 28
core   0: 3 0x80000bd4 (0x37d5) x 1 0x80000bd6
core   0: 0x80000bb8 (0x00c0036f) jal     t1, pc + 0xc
core   0: 3 0x80000bb8 (0x00c0036f) x 6 0x80000bbc
core   0: 0x80000bc4 (0x00a000ef) jal     pc + 0xa
core   0: 3 0x80000bc4 (0x00a000ef) x 1 0x80000bc8
core   0: 0x80000bce (0x0000bfd5) c.j     pc - 12
core   0: 3 0x80000bce (0xbfd5)
core   0: 0x80000bc2 (0x00002015) c.jal   pc + 36
core   0: 3 0x80000bc2 (0x2015) x 1 0x80000bc4
core   0: 0x80000be6 (0xfdbff0ef) jal     pc - 0x26
core   0: 3 0x80000be6 (0xfdbff0ef) x 1 0x80000bea
core   0: 0x80000bc0 (0x00002839) c.jal   pc + 30
core   0: 3 0x80000bc0 (0x2839) x 1 0x80000bc2
core   0: 0x80000bde (0x0000a831) c.j     pc + 28
core   0: 3 0x80000bde (0xa831)
core   0: 0x80000bfa (0x00003ffd) c.jal   pc - 2
core   0: 3 0x80000bfa (0x3ffd) x 1 0x80000bfc
core   0: 0x80000bf8 (0x0000bfed) c.j     pc - 6
core   0: 3 0x80000bf8 (0xbfed)
core   0: 0x80000bf2 (0x0000a039) c.j     pc + 14
core   0: 3 0x80000bf2 (0xa039)
core   0: 0x80000c00 (0x00009e2a) c.add   t3, a0
core   0: 3 0x80000c00 (0x9e2a) x28 0x000480b8
core   0: 0x80000c02 (0x00013e97) auipc   t4, 0x13
core   0: 3 0x80000c02 (0x00013e97) x29 0x80013c02
core   0: 0x80000c06 (0x733e8e93) addi    t4, t4, 1843
core   0: 3 0x80000c06 (0x733e8e93) x29 0x80014335
core   0: 0x80000c0a (0x340e3e73) csrrc   t3, mscratch, t3
core   0: 3 0x80000c0a (0x340e3e73) x28 0x00000015 c832_mscratch 0x00000005
core   0: 0x80000c0e (0xfeeeaba3) sw      a4, -9(t4)
core   0: 3 0x80000c0e (0xfeeeaba3) mem 0x8001432c 0x80000bee
core   0: 0x80000c12 (0x001ece03) lbu     t3, 1(t4)
core   0: 3 0x80000c12 (0x001ece03) x28 0x000000dd mem 0x80014336
core   0: 0x80000c16 (0x02a0f833) remu    a6, ra, a0
core   0: 3 0x80000c16 (0x02a0f833) x16 0x80000bfc
core   0: 0x80000c1a (0x004ec083) lbu     ra, 4(t4)
core   0: 3 0x80000c1a (0x004ec083) x 1 0x0000005c mem 0x80014339
core   0: 0x80000c1e (0x00008145) c.srli  a0, 17
core   0: 3 0x80000c1e (0x8145) x10 0x00004001
core   0: 0x80000c20 (0x34007873) csrrci  a6, mscratch, 0
core   0: 3 0x80000c20 (0x34007873) x16 0x00000005
core   0: 0x80000c24 (0x0000100f) fence.i
core   0: 3 0x80000c24 (0x0000100f)
core   0: 0x80000c28 (0xfe4e8ba3) sb      tp, -9(t4)
core   0: 3 0x80000c28 (0xfe4e8ba3) mem 0x8001432c 0xf8
core   0: 0x80000c2c (0x01ce8223) sb      t3, 4(t4)
core   0: 3 0x80000c2c (0x01ce8223) mem 0x80014339 0xdd
core   0: 0x80000c30 (0xffae8e03) lb      t3, -6(t4)
core   0: 3 0x80000c30 (0xffae8e03) x28 0xffffff80 mem 0x8001432f
core   0: 0x80000c34 (0xff4e8703) lb      a4, -12(t4)
core   0: 3 0x80000c34 (0xff4e8703) x14 0xffffffb7 mem 0x80014329
core   0: 0x80000c38 (0x0000997d) c.andi  a0, -1
core   0: 3 0x80000c38 (0x997d) x10 0x00004001
core   0: 0x80000c3a (0xffbea503) lw      a0, -5(t4)
core   0: 3 0x80000c3a (0xffbea503) x10 0xccb0547f mem 0x80014330
core   0: 0x80000c3e (0x004e4733) xor     a4, t3, tp
core   0: 3 0x80000c3e (0x004e4733) x14 0xffffff78
core   0: 0x80000c42 (0x02170e33) mul     t3, a4, ra
core   0: 3 0x80000c42 (0x02170e33) x28 0xffffcf20
core   0: 0x80000c46 (0x00008561) c.srai  a0, 24
core   0: 3 0x80000c46 (0x8561) x10 0xffffffcc
core   0: 0x80000c48 (0x00000001) c.nop
core   0: 3 0x80000c48 (0x0001)
core   0: 0x80000c4a (0x01ce8723) sb      t3, 14(t4)
core   0: 3 0x80000c4a (0x01ce8723) mem 0x80014343 0x20
core   0: 0x80000c4e (0x03050e33) mul     t3, a0, a6
core   0: 3 0x80000c4e (0x03050e33) x28 0xfffffefc
core   0: 0x80000c52 (0x03070733) mul     a4, a4, a6
core   0: 3 0x80000c52 (0x03070733) x14 0xfffffd58
core   0: 0x80000c56 (0x002e8503) lb      a0, 2(t4)
core   0: 3 0x80000c56 (0x002e8503) x10 0x00000023 mem 0x80014337
core   0: 0x80000c5a (0x00008d49) c.or    a0, a0
core   0: 3 0x80000c5a (0x8d49) x10 0x00000023
core   0: 0x80000c5c (0xfeee8fa3) sb      a4, -1(t4)
core   0: 3 0x80000c5c (0xfeee8fa3) mem 0x80014334 0x58
core   0: 0x80000c60 (0x00013b17) auipc   s6, 0x13
core   0: 3 0x80000c60 (0x00013b17) x22 0x80013c60
core   0: 0x80000c64 (0xbabb0b13) addi    s6, s6, -1109
core   0: 3 0x80000c64 (0xbabb0b13) x22 0x8001380b
core   0: 0x80000c68 (0x00012617) auipc   a2, 0x12
core   0: 3 0x80000c68 (0x00012617) x12 0x80012c68
core   0: 0x80000c6c (0x51560613) addi    a2, a2, 1301
core   0: 3 0x80000c6c (0x51560613) x12 0x8001317d
core   0: 0x80000c70 (0xffb62b83) lw      s7, -5(a2)
core   0: 3 0x80000c70 (0xffb62b83) x23 0xa64ecc7e mem 0x80013178
core   0: 0x80000c74 (0x088b4503) lbu     a0, 136(s6)
core   0: 3 0x80000c74 (0x088b4503) x10 0x000000b9 mem 0x80013893
core   0: 0x80000c78 (0xfea60823) sb      a0, -16(a2)
core   0: 3 0x80000c78 (0xfea60823) mem 0x8001316d 0xb9
core   0: 0x80000c7c (0x00013597) auipc   a1, 0x13
core   0: 3 0x80000c7c (0x00013597) x11 0x80013c7c
core   0: 0x80000c80 (0x33058593) addi    a1, a1, 816
core   0: 3 0x80000c80 (0x33058593) x11 0x80013fac
core   0: 0x80000c84 (0xf4b5cb83) lbu     s7, -181(a1)
core   0: 3 0x80000c84 (0xf4b5cb83) x23 0x000000f9 mem 0x80013ef7
core   0: 0x80000c88 (0xdb1b5883) lhu     a7, -591(s6)
core   0: 3 0x80000c88 (0xdb1b5883) x17 0x00003a1d mem 0x800135bc
core   0: 0x80000c8c (0x00561883) lh      a7, 5(a2)
core   0: 3 0x80000c8c (0x00561883) x17 0xffffbbfd mem 0x80013182
core   0: 0x80000c90 (0x166b16a3) sh      t1, 365(s6)
core   0: 3 0x80000c90 (0x166b16a3) mem 0x80013978 0x0bbc
core   0: 0x80000c94 (0x00013917) auipc   s2, 0x13
core   0: 3 0x80000c94 (0x00013917) x18 0x80013c94
core   0: 0x80000c98 (0xaab90913) addi    s2, s2, -1365
core   0: 3 0x80000c98 (0xaab90913) x18 0x8001373f
core   0: 0x80000c9c (0x3cd90a23) sb      a3, 980(s2)
core   0: 3 0x80000c9c (0x3cd90a23) mem 0x80013b13 0x86
core   0: 0x80000ca0 (0x483910a3) sh      gp, 1153(s2)
core   0: 3 0x80000ca0 (0x483910a3) mem 0x80013bc0 0x00f0
core   0: 0x80000ca4 (0x06558503) lb      a0, 101(a1)
core   0: 3 0x80000ca4 (0x06558503) x10 0x00000017 mem 0x80014011
core   0: 0x80000ca8 (0x01660623) sb      s6, 12(a2)
core   0: 3 0x80000ca8 (0x01660623) mem 0x80013189 0xb
core   0: 0x80000cac (0xef7b1103) lh      sp, -265(s6)
core   0: 3 0x80000cac (0xef7b1103) x 2 0x000078a4 mem 0x80013702
core   0: 0x80000cb0 (0xcf7b0803) lb      a6, -777(s6)
core   0: 3 0x80000cb0 (0xcf7b0803) x16 0xffffffd4 mem 0x80013502
core   0: 0x80000cb4 (0x00cb07a3) sb      a2, 15(s6)
core   0: 3 0x80000cb4 (0x00cb07a3) mem 0x8001381a 0x7d
core   0: 0x80000cb8 (0x8295cc83) lbu     s9, -2007(a1)
core   0: 3 0x80000cb8 (0x8295cc83) x25 0x00000062 mem 0x800137d5
core   0: 0x80000cbc (0xff664503) lbu     a0, -10(a2)
core   0: 3 0x80000cbc (0xff664503) x10 0x000000d4 mem 0x80013173
core   0: 0x80000cc0 (0xa435c103) lbu     sp, -1469(a1)
core   0: 3 0x80000cc0 (0xa435c103) x 2 0x00000034 mem 0x800139ef
core   0: 0x80000cc4 (0x67eb0623) sb      t5, 1644(s6)
core   0: 3 0x80000cc4 (0x67eb0623) mem 0x80013e77 0x24
core   0: 0x80000cc8 (0x01990d23) sb      s9, 26(s2)
core   0: 3 0x80000cc8 (0x01990d23) mem 0x80013759 0x62
core   0: 0x80000ccc (0xa96b0083) lb      ra, -1386(s6)
core   0: 3 0x80000ccc (0xa96b0083) x 1 0x00000064 mem 0x800132a1
core   0: 0x80000cd0 (0x77490f83) lb      t6, 1908(s2)
core   0: 3 0x80000cd0 (0x77490f83) x31 0xffffffad mem 0x80013eb3
core   0: 0x80000cd4 (0x97559e23) sh      s5, -1668(a1)
core   0: 3 0x80000cd4 (0x97559e23) mem 0x80013928 0x0000
core   0: 0x80000cd8 (0xdbb95003) lhu     zero, -581(s2)
core   0: 3 0x80000cd8 (0xdbb95003) mem 0x800134fa
core   0: 0x80000cdc (0x322b4c83) lbu     s9, 802(s6)
core   0: 3 0x80000cdc (0x322b4c83) x25 0x0000002b mem 0x80013b2d
core   0: 0x80000ce0 (0x04e58123) sb      a4, 66(a1)
core   0: 3 0x80000ce0 (0x04e58123) mem 0x80013fee 0x58
core   0: 0x80000ce4 (0xac45a183) lw      gp, -1340(a1)
core   0: 3 0x80000ce4 (0xac45a183) x 3 0x41d0758c mem 0x80013a70
core   0: 0x80000ce8 (0xc72b0403) lb      s0, -910(s6)
core   0: 3 0x80000ce8 (0xc72b0403) x 8 0xffffff8e mem 0x8001347d
core   0: 0x80000cec (0x72490303) lb      t1, 1828(s2)
core   0: 3 0x80000cec (0x72490303) x 6 0xffffffbe mem 0x80013e63
core   0: 0x80000cf0 (0xf09584a3) sb      s1, -247(a1)
core   0: 3 0x80000cf0 (0xf09584a3) mem 0x80013eb5 0x78
core   0: 0x80000cf4 (0x0001f597) auipc   a1, 0x1f
core   0: 3 0x80000cf4 (0x0001f597) x11 0x8001fcf4
core   0: 0x80000cf8 (0x98f58593) addi    a1, a1, -1649
core   0: 3 0x80000cf8 (0x98f58593) x11 0x8001f683
core   0: 0x80000cfc (0x00021a97) auipc   s5, 0x21
core   0: 3 0x80000cfc (0x00021a97) x21 0x80021cfc
core   0: 0x80000d00 (0x973a8a93) addi    s5, s5, -1677
core   0: 3 0x80000d00 (0x973a8a93) x21 0x8002166f
core   0: 0x80000d04 (0x00015617) auipc   a2, 0x15
core   0: 3 0x80000d04 (0x00015617) x12 0x80015d04
core   0: 0x80000d08 (0xe8a60613) addi    a2, a2, -374
core   0: 3 0x80000d08 (0xe8a60613) x12 0x80015b8e
core   0: 0x80000d0c (0xf96a8903) lb      s2, -106(s5)
core   0: 3 0x80000d0c (0xf96a8903) x18 0xffffffd7 mem 0x80021605
core   0: 0x80000d10 (0xff558b83) lb      s7, -11(a1)
core   0: 3 0x80000d10 (0xff558b83) x23 0xffffffed mem 0x8001f678
core   0: 0x80000d14 (0x0d1a9803) lh      a6, 209(s5)
core   0: 3 0x80000d14 (0x0d1a9803) x16 0xffffd7f4 mem 0x80021740
core   0: 0x80000d18 (0xf125cc03) lbu     s8, -238(a1)
core   0: 3 0x80000d18 (0xf125cc03) x24 0x0000001e mem 0x8001f595
core   0: 0x80000d1c (0x07c62d23) sw      t3, 122(a2)
core   0: 3 0x80000d1c (0x07c62d23) mem 0x80015c08 0xfffffefc
core   0: 0x80000d20 (0x08ca8f23) sb      a2, 158(s5)
core   0: 3 0x80000d20 (0x08ca8f23) mem 0x8002170d 0x8e
core   0: 0x80000d24 (0xf43a9483) lh      s1, -189(s5)
core   0: 3 0x80000d24 (0xf43a9483) x 9 0xfffff23d mem 0x800215b2
core   0: 0x80000d28 (0x09960203) lb      tp, 153(a2)
core   0: 3 0x80000d28 (0x09960203) x 4 0xffffff82 mem 0x80015c27
core   0: 0x80000d2c (0xf0c61783) lh      a5, -244(a2)
core   0: 3 0x80000d2c (0xf0c61783) x15 0xfffffd6f mem 0x80015a9a
core   0: 0x80000d30 (0xf0759803) lh      a6, -249(a1)
core   0: 3 0x80000d30 (0xf0759803) x16 0xffffd24b mem 0x8001f58a
core   0: 0x80000d34 (0x08160903) lb      s2, 129(a2)
core   0: 3 0x80000d34 (0x08160903) x18 0xffffff85 mem 0x80015c0f
core   0: 0x80000d38 (0xf7658c83) lb      s9, -138(a1)
core   0: 3 0x80000d38 (0xf7658c83) x25 0x0000004a mem 0x8001f5f9
core   0: 0x80000d3c (0xf4c61023) sh      a2, -192(a2)
core   0: 3 0x80000d3c (0xf4c61023) mem 0x80015ace 0x5b8e
core   0: 0x80000d40 (0x0f6606a3) sb      s6, 237(a2)
core   0: 3 0x80000d40 (0x0f6606a3) mem 0x80015c7b 0xb
core   0: 0x80000d44 (0xfe2acb03) lbu     s6, -30(s5)
core   0: 3 0x80000d44 (0xfe2acb03) x22 0x00000006 mem 0x80021651
core   0: 0x80000d48 (0x097589a3) sb      s7, 147(a1)
core   0: 3 0x80000d48 (0x097589a3) mem 0x8001f716 0xed
core   0: 0x80000d4c (0xf3660483) lb      s1, -202(a2)
core   0: 3 0x80000d4c (0xf3660483) x 9 0x0000004d mem 0x80015ac4
core   0: 0x80000d50 (0x0745a6a3) sw      s4, 109(a1)
core   0: 3 0x80000d50 (0x0745a6a3) mem 0x8001f6f0 0x00000000
core   0: 0x80000d54 (0xf5e5c703) lbu     a4, -162(a1)
core   0: 3 0x80000d54 (0xf5e5c703) x14 0x00000079 mem 0x8001f5e1
core   0: 0x80000d58 (0x0f160ba3) sb      a7, 247(a2)
core   0: 3 0x80000d58 (0x0f160ba3) mem 0x80015c85 0xfd
core   0: 0x80000d5c (0xf7c64903) lbu     s2, -132(a2)
core   0: 3 0x80000d5c (0xf7c64903) x18 0x00000035 mem 0x80015b0a
core   0: 0x80000d60 (0x0ad5a983) lw      s3, 173(a1)
core   0: 3 0x80000d60 (0x0ad5a983) x19 0xc83517a5 mem 0x8001f730
core   0: 0x80000d64 (0x08aa8f23) sb      a0, 158(s5)
core   0: 3 0x80000d64 (0x08aa8f23) mem 0x8002170d 0xd4
core   0: 0x80000d68 (0x00023a97) auipc   s5, 0x23
core   0: 3 0x80000d68 (0x00023a97) x21 0x80023d68
core   0: 0x80000d6c (0x308a8a93) addi    s5, s5, 776
core   0: 3 0x80000d6c (0x308a8a93) x21 0x80024070
core   0: 0x80000d70 (0xd426a613) slti    a2, a3, -702
core   0: 3 0x80000d70 (0xd426a613) x12 0x00000001
core   0: 0x80000d74 (0x159d2817) auipc   a6, 0x159d2
core   0: 3 0x80000d74 (0x159d2817) x16 0x959d2d74
core   0: 0x80000d78 (0x100aabaf) lr.w    s7, (s5)
core   0: 3 0x80000d78 (0x100aabaf) x23 0x8002cd25 mem 0x80024070
core   0: 0x80000d7c (0x037bd533) divu    a0, s7, s7
core   0: 3 0x80000d7c (0x037bd533) x10 0x00000001
core   0: 0x80000d80 (0x00000001) c.nop
core   0: 3 0x80000d80 (0x0001)
core   0: 0x80000d82 (0x0000059e) c.slli  a1, 7
core   0: 3 0x80000d82 (0x059e) x11 0x00fb4180
core   0: 0x80000d84 (0x8760b413) sltiu   s0, ra, -1930
core   0: 3 0x80000d84 (0x8760b413) x 8 0x00000001
core   0: 0x80000d88 (0x00008d51) c.or    a0, a2
core   0: 3 0x80000d88 (0x8d51) x10 0x00000001
core   0: 0x80000d8a (0x411a5eb3) sra     t4, s4, a7
core   0: 3 0x80000d8a (0x411a5eb3) x29 0x00000000
core   0: 0x80000d8e (0x744cad13) slti    s10, s9, 1860
core   0: 3 0x80000d8e (0x744cad13) x26 0x00000001
core   0: 0x80000d92 (0x00009a7d) c.andi  a2, -1
core   0: 3 0x80000d92 (0x9a7d) x12 0x00000001
core   0: 0x80000d94 (0x017c55b3) srl     a1, s8, s7
core   0: 3 0x80000d94 (0x017c55b3) x11 0x00000000
core   0: 0x80000d98 (0x9bb38113) addi    sp, t2, -1605
core   0: 3 0x80000d98 (0x9bb38113) x 2 0xfffff9c1
core   0: 0x80000d9c (0x01d02333) slt     t1, zero, t4
core   0: 3 0x80000d9c (0x01d02333) x 6 0x00000000
core   0: 0x80000da0 (0x984c0893) addi    a7, s8, -1660
core   0: 3 0x80000da0 (0x984c0893) x17 0xfffff9a2
core   0: 0x80000da4 (0x34047bf3) csrrci  s7, mscratch, 8
core   0: 3 0x80000da4 (0x34047bf3) x23 0x00000005 c832_mscratch 0x00000005
core   0: 0x80000da8 (0x1a3aa7af) sc.w    a5, gp, (s5)
core   0: 3 0x80000da8 (0x1a3aa7af) x15 0x00000000 mem 0x80024070 0x41d0758c
core   0: 0x80000dac (0x00016417) auipc   s0, 0x16
core   0: 3 0x80000dac (0x00016417) x 8 0x80016dac
core   0: 0x80000db0 (0x73a40413) addi    s0, s0, 1850
core   0: 3 0x80000db0 (0x73a40413) x 8 0x800174e6
core   0: 0x80000db4 (0x00008621) c.srai  a2, 8
core   0: 3 0x80000db4 (0x8621) x12 0x00000000
core   0: 0x80000db6 (0xf0740903) lb      s2, -249(s0)
core   0: 3 0x80000db6 (0xf0740903) x18 0x00000013 mem 0x800173ed
core   0: 0x80000dba (0xf0740583) lb      a1, -249(s0)
core   0: 3 0x80000dba (0xf0740583) x11 0x00000013 mem 0x800173ed
core   0: 0x80000dbe (0xf18403a3) sb      s8, -249(s0)
core   0: 3 0x80000dbe (0xf18403a3) mem 0x800173ed 0x1e
core   0: 0x80000dc2 (0xf0d403a3) sb      a3, -249(s0)
core   0: 3 0x80000dc2 (0xf0d403a3) mem 0x800173ed 0x86
core   0: 0x80000dc6 (0xf0744f83) lbu     t6, -249(s0)
core   0: 3 0x80000dc6 (0xf0744f83) x31 0x00000086 mem 0x800173ed
core   0: 0x80000dca (0xf1a403a3) sb      s10, -249(s0)
core   0: 3 0x80000dca (0xf1a403a3) mem 0x800173ed 0x1
core   0: 0x80000dce (0xf02403a3) sb      sp, -249(s0)
core   0: 3 0x80000dce (0xf02403a3) mem 0x800173ed 0xc1
core   0: 0x80000dd2 (0xf00403a3) sb      zero, -249(s0)
core   0: 3 0x80000dd2 (0xf00403a3) mem 0x800173ed 0x0
core   0: 0x80000dd6 (0xf0b403a3) sb      a1, -249(s0)
core   0: 3 0x80000dd6 (0xf0b403a3) mem 0x800173ed 0x13
core   0: 0x80000dda (0xf19403a3) sb      s9, -249(s0)
core   0: 3 0x80000dda (0xf19403a3) mem 0x800173ed 0x4a
core   0: 0x80000dde (0x01601513) slli    a0, zero, 22
core   0: 3 0x80000dde (0x01601513) x10 0x00000000
core   0: 0x80000de2 (0x00008f2d) c.xor   a4, a1
core   0: 3 0x80000de2 (0x8f2d) x14 0x0000006a
core   0: 0x80000de4 (0xf0d403a3) sb      a3, -249(s0)
core   0: 3 0x80000de4 (0xf0d403a3) mem 0x800173ed 0x86
core   0: 0x80000de8 (0xf0740583) lb      a1, -249(s0)
core   0: 3 0x80000de8 (0xf0740583) x11 0xffffff86 mem 0x800173ed
core   0: 0x80000dec (0xf0744783) lbu     a5, -249(s0)
core   0: 3 0x80000dec (0xf0744783) x15 0x00000086 mem 0x800173ed
core   0: 0x80000df0 (0xf0740d83) lb      s11, -249(s0)
core   0: 3 0x80000df0 (0xf0740d83) x27 0xffffff86 mem 0x800173ed
core   0: 0x80000df4 (0xf0a403a3) sb      a0, -249(s0)
core   0: 3 0x80000df4 (0xf0a403a3) mem 0x800173ed 0x0
core   0: 0x80000df8 (0xf12403a3) sb      s2, -249(s0)
core   0: 3 0x80000df8 (0xf12403a3) mem 0x800173ed 0x13
core   0: 0x80000dfc (0x00008ef9) c.and   a3, a4
core   0: 3 0x80000dfc (0x8ef9) x13 0x00000002
core   0: 0x80000dfe (0xf0744683) lbu     a3, -249(s0)
core   0: 3 0x80000dfe (0xf0744683) x13 0x00000013 mem 0x800173ed
core   0: 0x80000e02 (0xf0744703) lbu     a4, -249(s0)
core   0: 3 0x80000e02 (0xf0744703) x14 0x00000013 mem 0x800173ed
core   0: 0x80000e06 (0x00023317) auipc   t1, 0x23
core   0: 3 0x80000e06 (0x00023317) x 6 0x80023e06
core   0: 0x80000e0a (0x26a30313) addi    t1, t1, 618
core   0: 3 0x80000e0a (0x26a30313) x 6 0x80024070
core   0: 0x80000e0e (0x00023e17) auipc   t3, 0x23
core   0: 3 0x80000e0e (0x00023e17) x28 0x80023e0e
core   0: 0x80000e12 (0x25ae0e13) addi    t3, t3, 602
core   0: 3 0x80000e12 (0x25ae0e13) x28 0x80024068
core   0: 0x80000e16 (0x00023797) auipc   a5, 0x23
core   0: 3 0x80000e16 (0x00023797) x15 0x80023e16
core   0: 0x80000e1a (0x23278793) addi    a5, a5, 562
core   0: 3 0x80000e1a (0x23278793) x15 0x80024048
core   0: 0x80000e1e (0x02af21b3) mulhsu  gp, t5, a0
core   0: 3 0x80000e1e (0x02af21b3) x 3 0x00000000
core   0: 0x80000e22 (0x25e7a22f) amoxor.w tp, t5, (a5)
core   0: 3 0x80000e22 (0x25e7a22f) x 4 0x0001f3df mem 0x80024048 mem 0x80024048 0x80033efb
core   0: 0x80000e26 (0x000098fd) c.andi  s1, -1
core   0: 3 0x80000e26 (0x98fd) x 9 0x0000004d
core   0: 0x80000e28 (0x0d032c2f) amoswap.w s8, a6, (t1)
core   0: 3 0x80000e28 (0x0d032c2f) x24 0x41d0758c mem 0x80024070 mem 0x80024070 0x959d2d74
core   0: 0x80000e2c (0x03239433) mulh    s0, t2, s2
core   0: 3 0x80000e2c (0x03239433) x 8 0x00000000
core   0: 0x80000e30 (0xa4732baf) amomax.w s7, t2, (t1)
core   0: 3 0x80000e30 (0xa4732baf) x23 0x959d2d74 mem 0x80024070 mem 0x80024070 0x00000006
core   0: 0x80000e34 (0x00008f8e) c.mv    t6, gp
core   0: 3 0x80000e34 (0x8f8e) x31 0x00000000
core   0: 0x80000e36 (0x01581a33) sll     s4, a6, s5
core   0: 3 0x80000e36 (0x01581a33) x20 0x2d740000
core   0: 0x80000e3a (0x00008d39) c.xor   a0, a4
core   0: 3 0x80000e3a (0x8d39) x10 0x00000013
core   0: 0x80000e3c (0x0b87ab2f) amoswap.w s6, s8, (a5)
core   0: 3 0x80000e3c (0x0b87ab2f) x22 0x80033efb mem 0x80024048 mem 0x80024048 0x41d0758c
core   0: 0x80000e40 (0x2407acaf) amoxor.w s9, zero, (a5)
core   0: 3 0x80000e40 (0x2407acaf) x25 0x41d0758c mem 0x80024048 mem 0x80024048 0x41d0758c
core   0: 0x80000e44 (0x051e29af) amoadd.w s3, a7, (t3)
core   0: 3 0x80000e44 (0x051e29af) x19 0x0001f000 mem 0x80024068 mem 0x80024068 0x0001e9a2
core   0: 0x80000e48 (0xc127abaf) amominu.w s7, s2, (a5)
core   0: 3 0x80000e48 (0xc127abaf) x23 0x41d0758c mem 0x80024048 mem 0x80024048 0x00000013
core   0: 0x80000e4c (0x413e80b3) sub     ra, t4, s3
core   0: 3 0x80000e4c (0x413e80b3) x 1 0xfffe1000
core   0: 0x80000e50 (0x825e202f) amomin.w zero, t0, (t3)
core   0: 3 0x80000e50 (0x825e202f) mem 0x80024068 mem 0x80024068 0x80028ea4
core   0: 0x80000e54 (0x00000ef6) c.slli  t4, 29
core   0: 3 0x80000e54 (0x0ef6) x29 0x00000000
core   0: 0x80000e56 (0x404e262f) amoor.w a2, tp, (t3)
core   0: 3 0x80000e56 (0x404e262f) x12 0x80028ea4 mem 0x80024068 mem 0x80024068 0x8003ffff
core   0: 0x80000e5a (0x0040066f) jal     a2, pc + 0x4
core   0: 3 0x80000e5a (0x0040066f) x12 0x80000e5e
core   0: 0x80000e5e (0x00002025) c.jal   pc + 40
core   0: 3 0x80000e5e (0x2025) x 1 0x80000e60
core   0: 0x80000e86 (0x00002019) c.jal   pc + 6
core   0: 3 0x80000e86 (0x2019) x 1 0x80000e88
core   0: 0x80000e8c (0x00003fcd) c.jal   pc - 14
core   0: 3 0x80000e8c (0x3fcd) x 1 0x80000e8e
core   0: 0x80000e7e (0xfe7ff0ef) jal     pc - 0x1a
core   0: 3 0x80000e7e (0xfe7ff0ef) x 1 0x80000e82
core   0: 0x80000e64 (0x03a000ef) jal     pc + 0x3a
core   0: 3 0x80000e64 (0x03a000ef) x 1 0x80000e68
core   0: 0x80000e9e (0xffbffdef) jal     s11, pc - 0x6
core   0: 3 0x80000e9e (0xffbffdef) x27 0x80000ea2
core   0: 0x80000e98 (0x00003fe5) c.jal   pc - 8
core   0: 3 0x80000e98 (0x3fe5) x 1 0x80000e9a
core   0: 0x80000e90 (0x0000bfe5) c.j     pc - 8
core   0: 3 0x80000e90 (0xbfe5)
core   0: 0x80000e88 (0x00003fed) c.jal   pc - 6
core   0: 3 0x80000e88 (0x3fed) x 1 0x80000e8a
core   0: 0x80000e82 (0x000037dd) c.jal   pc - 26
core   0: 3 0x80000e82 (0x37dd) x 1 0x80000e84
core   0: 0x80000e68 (0x0000a01d) c.j     pc + 38
core   0: 3 0x80000e68 (0xa01d)
core   0: 0x80000e8e (0x00003fd1) c.jal   pc - 44
core   0: 3 0x80000e8e (0x3fd1) x 1 0x80000e90
core   0: 0x80000e62 (0x00002815) c.jal   pc + 52
core   0: 3 0x80000e62 (0x2815) x 1 0x80000e64
core   0: 0x80000e96 (0x0000a031) c.j     pc + 12
core   0: 3 0x80000e96 (0xa031)
core   0: 0x80000ea2 (0x000037f1) c.jal   pc - 52
core   0: 3 0x80000ea2 (0x37f1) x 1 0x80000ea4
core   0: 0x80000e6e (0xffdff0ef) jal     pc - 0x4
core   0: 3 0x80000e6e (0xffdff0ef) x 1 0x80000e72
core   0: 0x80000e6a (0x0000a829) c.j     pc + 26
core   0: 3 0x80000e6a (0xa829)
core   0: 0x80000e84 (0x0000bfcd) c.j     pc - 14
core   0: 3 0x80000e84 (0xbfcd)
core   0: 0x80000e76 (0x0000bff5) c.j     pc - 4
core   0: 3 0x80000e76 (0xbff5)
core   0: 0x80000e72 (0x02a0096f) jal     s2, pc + 0x2a
core   0: 3 0x80000e72 (0x02a0096f) x18 0x80000e76
core   0: 0x80000e9c (0x00003ffd) c.jal   pc - 2
core   0: 3 0x80000e9c (0x3ffd) x 1 0x80000e9e
core   0: 0x80000e9a (0x00003fc5) c.jal   pc - 16
core   0: 3 0x80000e9a (0x3fc5) x 1 0x80000e9c
core   0: 0x80000e8a (0x0000b7fd) c.j     pc - 18
core   0: 3 0x80000e8a (0xb7fd)
core   0: 0x80000e78 (0x01a000ef) jal     pc + 0x1a
core   0: 3 0x80000e78 (0x01a000ef) x 1 0x80000e7c
core   0: 0x80000e92 (0x0000b7ed) c.j     pc - 22
core   0: 3 0x80000e92 (0xb7ed)
core   0: 0x80000e7c (0x000037d5) c.jal   pc - 28
core   0: 3 0x80000e7c (0x37d5) x 1 0x80000e7e
core   0: 0x80000e60 (0x0000a815) c.j     pc + 52
core   0: 3 0x80000e60 (0xa815)
core   0: 0x80000e94 (0x0000bfe1) c.j     pc - 40
core   0: 3 0x80000e94 (0xbfe1)
core   0: 0x80000e6c (0x00002825) c.jal   pc + 56
core   0: 3 0x80000e6c (0x2825) x 1 0x80000e6e
core   0: 0x80000ea4 (0x00008dd1) c.or    a1, a2
core   0: 3 0x80000ea4 (0x8dd1) x11 0xffffffde
core   0: 0x80000ea6 (0x00012997) auipc   s3, 0x12
core   0: 3 0x80000ea6 (0x00012997) x19 0x80012ea6
core   0: 0x80000eaa (0x37f98993) addi    s3, s3, 895
core   0: 3 0x80000eaa (0x37f98993) x19 0x80013225
core   0: 0x80000eae (0x0d498723) sb      s4, 206(s3)
core   0: 3 0x80000eae (0x0d498723) mem 0x800132f3 0x0
core   0: 0x80000eb2 (0x0d198723) sb      a7, 206(s3)
core   0: 3 0x80000eb2 (0x0d198723) mem 0x800132f3 0xa2
core   0: 0x80000eb6 (0x0ce9c003) lbu     zero, 206(s3)
core   0: 3 0x80000eb6 (0x0ce9c003) mem 0x800132f3
core   0: 0x80000eba (0x41dd5093) srai    ra, s10, 29
core   0: 3 0x80000eba (0x41dd5093) x 1 0x00000000
core   0: 0x80000ebe (0x0ce9cd83) lbu     s11, 206(s3)
core   0: 3 0x80000ebe (0x0ce9cd83) x27 0x000000a2 mem 0x800132f3
core   0: 0x80000ec2 (0x0ce9c003) lbu     zero, 206(s3)
core   0: 3 0x80000ec2 (0x0ce9c003) mem 0x800132f3
core   0: 0x80000ec6 (0x0c498723) sb      tp, 206(s3)
core   0: 3 0x80000ec6 (0x0c498723) mem 0x800132f3 0xdf
core   0: 0x80000eca (0x0c698723) sb      t1, 206(s3)
core   0: 3 0x80000eca (0x0c698723) mem 0x800132f3 0x70
core   0: 0x80000ece (0x0385e533) rem     a0, a1, s8
core   0: 3 0x80000ece (0x0385e533) x10 0xffffffde
core   0: 0x80000ed2 (0x0ce9c183) lbu     gp, 206(s3)
core   0: 3 0x80000ed2 (0x0ce9c183) x 3 0x00000070 mem 0x800132f3
core   0: 0x80000ed6 (0x0ce9cd83) lbu     s11, 206(s3)
core   0: 3 0x80000ed6 (0x0ce9cd83) x27 0x00000070 mem 0x800132f3
core   0: 0x80000eda (0x0ce98703) lb      a4, 206(s3)
core   0: 3 0x80000eda (0x0ce98703) x14 0x00000070 mem 0x800132f3
core   0: 0x80000ede (0x000089c5) c.andi  a1, 17
core   0: 3 0x80000ede (0x89c5) x11 0x00000010
core   0: 0x80000ee0 (0x0ce9ce03) lbu     t3, 206(s3)
core   0: 3 0x80000ee0 (0x0ce9ce03) x28 0x00000070 mem 0x800132f3
core   0: 0x80000ee4 (0x0ce9cb83) lbu     s7, 206(s3)
core   0: 3 0x80000ee4 (0x0ce9cb83) x23 0x00000070 mem 0x800132f3
core   0: 0x80000ee8 (0x0ce98e83) lb      t4, 206(s3)
core   0: 3 0x80000ee8 (0x0ce98e83) x29 0x00000070 mem 0x800132f3
core   0: 0x80000eec (0x0ce98903) lb      s2, 206(s3)
core   0: 3 0x80000eec (0x0ce98903) x18 0x00000070 mem 0x800132f3
core   0: 0x80000ef0 (0x0ce9c603) lbu     a2, 206(s3)
core   0: 3 0x80000ef0 (0x0ce9c603) x12 0x00000070 mem 0x800132f3
core   0: 0x80000ef4 (0x340535f3) csrrc   a1, mscratch, a0
core   0: 3 0x80000ef4 (0x340535f3) x11 0x00000005 c832_mscratch 0x00000001
core   0: 0x80000ef8 (0x0ce98903) lb      s2, 206(s3)
core   0: 3 0x80000ef8 (0x0ce98903) x18 0x00000070 mem 0x800132f3
core   0: 0x80000efc (0x06b98803) lb      a6, 107(s3)
core   0: 3 0x80000efc (0x06b98803) x16 0x00000002 mem 0x80013290
core   0: 0x80000f00 (0x065985a3) sb      t0, 107(s3)
core   0: 3 0x80000f00 (0x065985a3) mem 0x80013290 0xa4
core   0: 0x80000f04 (0x00023617) auipc   a2, 0x23
core   0: 3 0x80000f04 (0x00023617) x12 0x80023f04
core   0: 0x80000f08 (0x14c60613) addi    a2, a2, 332
core   0: 3 0x80000f08 (0x14c60613) x12 0x80024050
core   0: 0x80000f0c (0x0335fd33) remu    s10, a1, s3
core   0: 3 0x80000f0c (0x0335fd33) x26 0x00000005
core   0: 0x80000f10 (0x0000809a) c.mv    ra, t1
core   0: 3 0x80000f10 (0x809a) x 1 0x80024070
core   0: 0x80000f12 (0x0110e233) or      tp, ra, a7
core   0: 3 0x80000f12 (0x0110e233) x 4 0xfffff9f2
core   0: 0x80000f16 (0x010b01b3) add     gp, s6, a6
core   0: 3 0x80000f16 (0x010b01b3) x 3 0x80033efd
core   0: 0x80000f1a (0xbc597313) andi    t1, s2, -1083
core   0: 3 0x80000f1a (0xbc597313) x 6 0x00000040
core   0: 0x80000f1e (0x12062baf) lr.w    s7, (a2)
core   0: 3 0x80000f1e (0x12062baf) x23 0x3a64fe51 mem 0x80024050
core   0: 0x80000f22 (0x1dd626af) sc.w    a3, t4, (a2)
core   0: 3 0x80000f22 (0x1dd626af) x13 0x00000000 mem 0x80024050 0x00000070
core   0: 0x80000f26 (0x0001fb17) auipc   s6, 0x1f
core   0: 3 0x80000f26 (0x0001fb17) x22 0x8001ff26
core   0: 0x80000f2a (0xbe1b0b13) addi    s6, s6, -1055
core   0: 3 0x80000f2a (0xbe1b0b13) x22 0x8001fb07
core   0: 0x80000f2e (0x00015797) auipc   a5, 0x15
core   0: 3 0x80000f2e (0x00015797) x15 0x80015f2e
core   0: 0x80000f32 (0x78978793) addi    a5, a5, 1929
core   0: 3 0x80000f32 (0x78978793) x15 0x800166b7
core   0: 0x80000f36 (0x0001f097) auipc   ra, 0x1f
core   0: 3 0x80000f36 (0x0001f097) x 1 0x8001ff36
core   0: 0x80000f3a (0x34c08093) addi    ra, ra, 844
core   0: 3 0x80000f3a (0x34c08093) x 1 0x80020282
core   0: 0x80000f3e (0xf0b08683) lb      a3, -245(ra)
core   0: 3 0x80000f3e (0xf0b08683) x13 0x0000001f mem 0x8002018d
core   0: 0x80000f42 (0xfea78d83) lb      s11, -22(a5)
core   0: 3 0x80000f42 (0xfea78d83) x27 0xffffff8b mem 0x800166a1
core   0: 0x80000f46 (0x00b78823) sb      a1, 16(a5)
core   0: 3 0x80000f46 (0x00b78823) mem 0x800166c7 0x5
core   0: 0x80000f4a (0x0001c197) auipc   gp, 0x1c
core   0: 3 0x80000f4a (0x0001c197) x 3 0x8001cf4a
core   0: 0x80000f4e (0x43f18193) addi    gp, gp, 1087
core   0: 3 0x80000f4e (0x43f18193) x 3 0x8001d389
core   0: 0x80000f52 (0x0cd089a3) sb      a3, 211(ra)
core   0: 3 0x80000f52 (0x0cd089a3) mem 0x80020355 0x1f
core   0: 0x80000f56 (0xff0b0e23) sb      a6, -4(s6)
core   0: 3 0x80000f56 (0xff0b0e23) mem 0x8001fb03 0x2
core   0: 0x80000f5a (0x013b15a3) sh      s3, 11(s6)
core   0: 3 0x80000f5a (0x013b15a3) mem 0x8001fb12 0x3225
core   0: 0x80000f5e (0x0e908da3) sb      s1, 251(ra)
core   0: 3 0x80000f5e (0x0e908da3) mem 0x8002037d 0x4d
core   0: 0x80000f62 (0x0e1080a3) sb      ra, 225(ra)
core   0: 3 0x80000f62 (0x0e1080a3) mem 0x80020363 0x82
core   0: 0x80000f66 (0x0b91ca83) lbu     s5, 185(gp)
core   0: 3 0x80000f66 (0x0b91ca83) x21 0x0000004e mem 0x8001d442
core   0: 0x80000f6a (0xfdc7ce03) lbu     t3, -36(a5)
core   0: 3 0x80000f6a (0xfdc7ce03) x28 0x00000012 mem 0x80016693
core   0: 0x80000f6e (0x08408703) lb      a4, 132(ra)
core   0: 3 0x80000f6e (0x08408703) x14 0x00000003 mem 0x80020306
core   0: 0x80000f72 (0x0a808203) lb      tp, 168(ra)
core   0: 3 0x80000f72 (0x0a808203) x 4 0x0000006e mem 0x8002032a
core   0: 0x80000f76 (0xfeab0e23) sb      a0, -4(s6)
core   0: 3 0x80000f76 (0xfeab0e23) mem 0x8001fb03 0xde
core   0: 0x80000f7a (0x0b2190a3) sh      s2, 161(gp)
core   0: 3 0x80000f7a (0x0b2190a3) mem 0x8001d42a 0x0070
core   0: 0x80000f7e (0xf921c803) lbu     a6, -110(gp)
core   0: 3 0x80000f7e (0xf921c803) x16 0x0000006e mem 0x8001d31b
core   0: 0x80000f82 (0x0df0c703) lbu     a4, 223(ra)
core   0: 3 0x80000f82 (0x0df0c703) x14 0x0000004f mem 0x80020361
core   0: 0x80000f86 (0xffeb0c23) sb      t5, -8(s6)
core   0: 3 0x80000f86 (0xffeb0c23) mem 0x8001faff 0x24
core   0: 0x80000f8a (0x00f79603) lh      a2, 15(a5)
core   0: 3 0x80000f8a (0x00f79603) x12 0x0000055d mem 0x800166c6
core   0: 0x80000f8e (0x005b5683) lhu     a3, 5(s6)
core   0: 3 0x80000f8e (0x005b5683) x13 0x0000d4a5 mem 0x8001fb0c
core   0: 0x80000f92 (0x00578123) sb      t0, 2(a5)
core   0: 3 0x80000f92 (0x00578123) mem 0x800166b9 0xa4
core   0: 0x80000f96 (0xf0a18ba3) sb      a0, -233(gp)
core   0: 3 0x80000f96 (0xf0a18ba3) mem 0x8001d2a0 0xde
core   0: 0x80000f9a (0x0a519583) lh      a1, 165(gp)
core   0: 3 0x80000f9a (0x0a519583) x11 0x000075c0 mem 0x8001d42e
core   0: 0x80000f9e (0x00023797) auipc   a5, 0x23
core   0: 3 0x80000f9e (0x00023797) x15 0x80023f9e
core   0: 0x80000fa2 (0x0ce78793) addi    a5, a5, 206
core   0: 3 0x80000fa2 (0x0ce78793) x15 0x8002406c
core   0: 0x80000fa6 (0x025824b3) mulhsu  s1, a6, t0
core   0: 3 0x80000fa6 (0x025824b3) x 9 0x00000037
core   0: 0x80000faa (0x00006685) c.lui   a3, 0x1
core   0: 3 0x80000faa (0x6685) x13 0x00001000
core   0: 0x80000fac (0x00004889) c.li    a7, 2
core   0: 3 0x80000fac (0x4889) x17 0x00000002
core   0: 0x80000fae (0x00000001) c.nop
core   0: 3 0x80000fae (0x0001)
core   0: 0x80000fb0 (0x1007a32f) lr.w    t1, (a5)
core   0: 3 0x80000fb0 (0x1007a32f) x 6 0x0000006d mem 0x8002406c
core   0: 0x80000fb4 (0x00009d76) c.add   s10, t4
core   0: 3 0x80000fb4 (0x9d76) x26 0x00000075
core   0: 0x80000fb6 (0x0000997d) c.andi  a0, -1
core   0: 3 0x80000fb6 (0x997d) x10 0xffffffde
core   0: 0x80000fb8 (0x00008909) c.andi  a0, 2
core   0: 3 0x80000fb8 (0x8909) x10 0x00000002
core   0: 0x80000fba (0x02893633) mulhu   a2, s2, s0
core   0: 3 0x80000fba (0x02893633) x12 0x00000000
core   0: 0x80000fbe (0x01a94eb3) xor     t4, s2, s10
core   0: 3 0x80000fbe (0x01a94eb3) x29 0x00000005
core   0: 0x80000fc2 (0x023a25b3) mulhsu  a1, s4, gp
core   0: 3 0x80000fc2 (0x023a25b3) x11 0x16ba5302
core   0: 0x80000fc6 (0x00000751) c.addi  a4, 20
core   0: 3 0x80000fc6 (0x0751) x14 0x00000063
core   0: 0x80000fc8 (0x00008e31) c.xor   a2, a2
core   0: 3 0x80000fc8 (0x8e31) x12 0x00000000
core   0: 0x80000fca (0x9bb23113) sltiu   sp, tp, -1605
core   0: 3 0x80000fca (0x9bb23113) x 2 0x00000001
core   0: 0x80000fce (0x1cc7afaf) sc.w    t6, a2, (a5)
core   0: 3 0x80000fce (0x1cc7afaf) x31 0x00000000 mem 0x8002406c 0x00000000
core   0: 0x80000fd2 (0x00021c97) auipc   s9, 0x21
core   0: 3 0x80000fd2 (0x00021c97) x25 0x80021fd2
core   0: 0x80000fd6 (0x436c8c93) addi    s9, s9, 1078
core   0: 3 0x80000fd6 (0x436c8c93) x25 0x80022408
core   0: 0x80000fda (0x00013d97) auipc   s11, 0x13
core   0: 3 0x80000fda (0x00013d97) x27 0x80013fda
core   0: 0x80000fde (0xd59d8d93) addi    s11, s11, -679
core   0: 3 0x80000fde (0xd59d8d93) x27 0x80013d33
core   0: 0x80000fe2 (0x000ca103) lw      sp, 0(s9)
core   0: 3 0x80000fe2 (0x000ca103) x 2 0x331081e2 mem 0x80022408
core   0: 0x80000fe6 (0xf93c8f83) lb      t6, -109(s9)
core   0: 3 0x80000fe6 (0xf93c8f83) x31 0xffffffc3 mem 0x8002239b
core   0: 0x80000fea (0x029ddb03) lhu     s6, 41(s11)
core   0: 3 0x80000fea (0x029ddb03) x22 0x000098fa mem 0x80013d5c
core   0: 0x80000fee (0x09ccac03) lw      s8, 156(s9)
core   0: 3 0x80000fee (0x09ccac03) x24 0x424498c1 mem 0x800224a4
core   0: 0x80000ff2 (0x002dc003) lbu     zero, 2(s11)
core   0: 3 0x80000ff2 (0x002dc003) mem 0x80013d35
core   0: 0x80000ff6 (0x005dc683) lbu     a3, 5(s11)
core   0: 3 0x80000ff6 (0x005dc683) x13 0x0000009f mem 0x80013d38
core   0: 0x80000ffa (0x08cc8783) lb      a5, 140(s9)
core   0: 3 0x80000ffa (0x08cc8783) x15 0xffffffea mem 0x80022494
core   0: 0x80000ffe (0xffdd8203) lb      tp, -3(s11)
core   0: 3 0x80000ffe (0xffdd8203) x 4 0x0000000d mem 0x80013d30
core   0: 0x80001002 (0xfe8c8323) sb      s0, -26(s9)
core   0: 3 0x80001002 (0xfe8c8323) mem 0x800223ee 0x0
core   0: 0x80001006 (0xff9dd503) lhu     a0, -7(s11)
core   0: 3 0x80001006 (0xff9dd503) x10 0x00003ccd mem 0x80013d2c
core   0: 0x8000100a (0x039d8ea3) sb      s9, 61(s11)
core   0: 3 0x8000100a (0x039d8ea3) mem 0x80013d70 0x8
core   0: 0x8000100e (0x0eeca023) sw      a4, 224(s9)
core   0: 3 0x8000100e (0x0eeca023) mem 0x800224e8 0x00000063
core   0: 0x80001012 (0xff6d81a3) sb      s6, -29(s11)
core   0: 3 0x80001012 (0xff6d81a3) mem 0x80013d16 0xfa
core   0: 0x80001016 (0x035d8423) sb      s5, 40(s11)
core   0: 3 0x80001016 (0x035d8423) mem 0x80013d5b 0x4e
core   0: 0x8000101a (0x00021d97) auipc   s11, 0x21
core   0: 3 0x8000101a (0x00021d97) x27 0x8002201a
core   0: 0x8000101e (0xf16d8d93) addi    s11, s11, -234
core   0: 3 0x8000101e (0xf16d8d93) x27 0x80021f30
core   0: 0x80001022 (0x00013097) auipc   ra, 0x13
core   0: 3 0x80001022 (0x00013097) x 1 0x80014022
core   0: 0x80001026 (0x87408093) addi    ra, ra, -1932
core   0: 3 0x80001026 (0x87408093) x 1 0x80013896
core   0: 0x8000102a (0xf9d08683) lb      a3, -99(ra)
core   0: 3 0x8000102a (0xf9d08683) x13 0x0000006f mem 0x80013833
core   0: 0x8000102e (0x03508a03) lb      s4, 53(ra)
core   0: 3 0x8000102e (0x03508a03) x20 0x00000029 mem 0x800138cb
core   0: 0x80001032 (0x00ed8783) lb      a5, 14(s11)
core   0: 3 0x80001032 (0x00ed8783) x15 0xffffffbc mem 0x80021f3e
core   0: 0x80001036 (0xf87081a3) sb      t2, -125(ra)
core   0: 3 0x80001036 (0xf87081a3) mem 0x80013819 0x6
core   0: 0x8000103a (0x09c09f83) lh      t6, 156(ra)
core   0: 3 0x8000103a (0x09c09f83) x31 0x0000252c mem 0x80013932
core   0: 0x8000103e (0xff1d8a83) lb      s5, -15(s11)
core   0: 3 0x8000103e (0xff1d8a83) x21 0x00000062 mem 0x80021f21
core   0: 0x80001042 (0x05d09323) sh      t4, 70(ra)
core   0: 3 0x80001042 (0x05d09323) mem 0x800138dc 0x0005
core   0: 0x80001046 (0x0700cc83) lbu     s9, 112(ra)
core   0: 3 0x80001046 (0x0700cc83) x25 0x0000003d mem 0x80013906
core   0: 0x8000104a (0x003dcc83) lbu     s9, 3(s11)
core   0: 3 0x8000104a (0x003dcc83) x25 0x000000e4 mem 0x80021f33
core   0: 0x8000104e (0xf2c0c683) lbu     a3, -212(ra)
core   0: 3 0x8000104e (0xf2c0c683) x13 0x0000001e mem 0x800137c2
core   0: 0x80001052 (0xfe8d8da3) sb      s0, -5(s11)
core   0: 3 0x80001052 (0xfe8d8da3) mem 0x80021f2b 0x0
core   0: 0x80001056 (0x04e09403) lh      s0, 78(ra)
core   0: 3 0x80001056 (0x04e09403) x 8 0x00007e21 mem 0x800138e4
core   0: 0x8000105a (0xfb908803) lb      a6, -71(ra)
core   0: 3 0x8000105a (0xfb908803) x16 0xffffffdb mem 0x8001384f
core   0: 0x8000105e (0xff6dd103) lhu     sp, -10(s11)
core   0: 3 0x8000105e (0xff6dd103) x 2 0x00006f66 mem 0x80021f26
core   0: 0x80001062 (0x00023497) auipc   s1, 0x23
core   0: 3 0x80001062 (0x00023497) x 9 0x80024062
core   0: 0x80001066 (0x01648493) addi    s1, s1, 22
core   0: 3 0x80001066 (0x01648493) x 9 0x80024078
core   0: 0x8000106a (0x1404a92f) lr.w    s2, (s1)
core   0: 3 0x8000106a (0x1404a92f) x18 0x0000353f mem 0x80024078
core   0: 0x8000106e (0x1d64abaf) sc.w    s7, s6, (s1)
core   0: 3 0x8000106e (0x1d64abaf) x23 0x00000000 mem 0x80024078 0x000098fa
core   0: 0x80001072 (0x000054e1) c.li    s1, -8
core   0: 3 0x80001072 (0x54e1) x 9 0xfffffff8
core   0: 0x80001074 (0x00004d8d) c.li    s11, 3
core   0: 3 0x80001074 (0x4d8d) x27 0x00000003
core   0: 0x80001076 (0x02d53eb3) mulhu   t4, a0, a3
core   0: 3 0x80001076 (0x02d53eb3) x29 0x00000000
core   0: 0x8000107a (0x000004a1) c.addi  s1, 8
core   0: 3 0x8000107a (0x04a1) x 9 0x00000000
core   0: 0x8000107c (0x00000190) c.addi4spn a2, sp, 192
core   0: 3 0x8000107c (0x0190) x12 0x00007026
core   0: 0x8000107e (0x000057f1) c.li    a5, -4
core   0: 3 0x8000107e (0x57f1) x15 0xfffffffc
core   0: 0x80001080 (0x00000001) c.nop
core   0: 3 0x80001080 (0x0001)
core   0: 0x80001082 (0x01c13b33) sltu    s6, sp, t3
core   0: 3 0x80001082 (0x01c13b33) x22 0x00000000
core   0: 0x80001086 (0x026b1b33) mulh    s6, s6, t1
core   0: 3 0x80001086 (0x026b1b33) x22 0x00000000
core   0: 0x8000108a (0x00000789) c.addi  a5, 2
core   0: 3 0x8000108a (0x0789) x15 0xfffffffe
core   0: 0x8000108c (0x0000fbfd) c.bnez  a5, pc - 10
core   0: 3 0x8000108c (0xfbfd)
core   0: 0x80001082 (0x01c13b33) sltu    s6, sp, t3
core   0: 3 0x80001082 (0x01c13b33) x22 0x00000000
core   0: 0x80001086 (0x026b1b33) mulh    s6, s6, t1
core   0: 3 0x80001086 (0x026b1b33) x22 0x00000000
core   0: 0x8000108a (0x00000789) c.addi  a5, 2
core   0: 3 0x8000108a (0x0789) x15 0x00000000
core   0: 0x8000108c (0x0000fbfd) c.bnez  a5, pc - 10
core   0: 3 0x8000108c (0xfbfd)
core   0: 0x8000108e (0x000085de) c.mv    a1, s7
core   0: 3 0x8000108e (0x85de) x11 0x00000000
core   0: 0x80001090 (0x003480b3) add     ra, s1, gp
core   0: 3 0x80001090 (0x003480b3) x 1 0x8001d389
core   0: 0x80001094 (0xffb4c1e3) blt     s1, s11, pc - 30
core   0: 3 0x80001094 (0xffb4c1e3)
core   0: 0x80001076 (0x02d53eb3) mulhu   t4, a0, a3
core   0: 3 0x80001076 (0x02d53eb3) x29 0x00000000
core   0: 0x8000107a (0x000004a1) c.addi  s1, 8
core   0: 3 0x8000107a (0x04a1) x 9 0x00000008
core   0: 0x8000107c (0x00000190) c.addi4spn a2, sp, 192
core   0: 3 0x8000107c (0x0190) x12 0x00007026
core   0: 0x8000107e (0x000057f1) c.li    a5, -4
core   0: 3 0x8000107e (0x57f1) x15 0xfffffffc
core   0: 0x80001080 (0x00000001) c.nop
core   0: 3 0x80001080 (0x0001)
core   0: 0x80001082 (0x01c13b33) sltu    s6, sp, t3
core   0: 3 0x80001082 (0x01c13b33) x22 0x00000000
core   0: 0x80001086 (0x026b1b33) mulh    s6, s6, t1
core   0: 3 0x80001086 (0x026b1b33) x22 0x00000000
core   0: 0x8000108a (0x00000789) c.addi  a5, 2
core   0: 3 0x8000108a (0x0789) x15 0xfffffffe
core   0: 0x8000108c (0x0000fbfd) c.bnez  a5, pc - 10
core   0: 3 0x8000108c (0xfbfd)
core   0: 0x80001082 (0x01c13b33) sltu    s6, sp, t3
core   0: 3 0x80001082 (0x01c13b33) x22 0x00000000
core   0: 0x80001086 (0x026b1b33) mulh    s6, s6, t1
core   0: 3 0x80001086 (0x026b1b33) x22 0x00000000
core   0: 0x8000108a (0x00000789) c.addi  a5, 2
core   0: 3 0x8000108a (0x0789) x15 0x00000000
core   0: 0x8000108c (0x0000fbfd) c.bnez  a5, pc - 10
core   0: 3 0x8000108c (0xfbfd)
core   0: 0x8000108e (0x000085de) c.mv    a1, s7
core   0: 3 0x8000108e (0x85de) x11 0x00000000
core   0: 0x80001090 (0x003480b3) add     ra, s1, gp
core   0: 3 0x80001090 (0x003480b3) x 1 0x8001d391
core   0: 0x80001094 (0xffb4c1e3) blt     s1, s11, pc - 30
core   0: 3 0x80001094 (0xffb4c1e3)
core   0: 0x80001098 (0x00009222) c.add   tp, s0
core   0: 3 0x80001098 (0x9222) x 4 0x00007e2e
core   0: 0x8000109a (0x00023097) auipc   ra, 0x23
core   0: 3 0x8000109a (0x00023097) x 1 0x8002409a
core   0: 0x8000109e (0xfae08093) addi    ra, ra, -82
core   0: 3 0x8000109e (0xfae08093) x 1 0x80024048
core   0: 0x800010a2 (0x007d2733) slt     a4, s10, t2
core   0: 3 0x800010a2 (0x007d2733) x14 0x00000000
core   0: 0x800010a6 (0x03a199b3) mulh    s3, gp, s10
core   0: 3 0x800010a6 (0x03a199b3) x19 0xffffffc5
core   0: 0x800010aa (0x00008f29) c.xor   a4, a0
core   0: 3 0x800010aa (0x8f29) x14 0x00003ccd
core   0: 0x800010ac (0x012cae33) slt     t3, s9, s2
core   0: 3 0x800010ac (0x012cae33) x28 0x00000001
core   0: 0x800010b0 (0x34021b73) csrrw   s6, mscratch, tp
core   0: 3 0x800010b0 (0x34021b73) x22 0x00000001 c832_mscratch 0x00007e2e
core   0: 0x800010b4 (0x42722a97) auipc   s5, 0x42722
core   0: 3 0x800010b4 (0x42722a97) x21 0xc27230b4
core   0: 0x800010b8 (0x340cd773) csrrwi  a4, mscratch, 25
core   0: 3 0x800010b8 (0x340cd773) x14 0x00007e2e c832_mscratch 0x00000019
core   0: 0x800010bc (0x00008c5d) c.or    s0, a5
core   0: 3 0x800010bc (0x8c5d) x 8 0x00007e21
core   0: 0x800010be (0x340b2873) csrrs   a6, mscratch, s6
core   0: 3 0x800010be (0x340b2873) x16 0x00000019 c832_mscratch 0x00000019
core   0: 0x800010c2 (0x00008e4d) c.or    a2, a1
core   0: 3 0x800010c2 (0x8e4d) x12 0x00007026
core   0: 0x800010c4 (0x00006979) c.lui   s2, 0x1e
core   0: 3 0x800010c4 (0x6979) x18 0x0001e000
core   0: 0x800010c6 (0x1200abaf) lr.w    s7, (ra)
core   0: 3 0x800010c6 (0x1200abaf) x23 0x00000013 mem 0x80024048
core   0: 0x800010ca (0x1c00a82f) sc.w    a6, zero, (ra)
core   0: 3 0x800010ca (0x1c00a82f) x16 0x00000000 mem 0x80024048 0x00000000
core   0: 0x800010ce (0x00023c97) auipc   s9, 0x23
core   0: 3 0x800010ce (0x00023c97) x25 0x800240ce
core   0: 0x800010d2 (0xfb6c8c93) addi    s9, s9, -74
core   0: 3 0x800010d2 (0xfb6c8c93) x25 0x80024084
core   0: 0x800010d6 (0x120ca82f) lr.w    a6, (s9)
core   0: 3 0x800010d6 (0x120ca82f) x16 0x69f01a89 mem 0x80024084
core   0: 0x800010da (0x1afcac2f) sc.w    s8, a5, (s9)
core   0: 3 0x800010da (0x1afcac2f) x24 0x00000000 mem 0x80024084 0x00000000
core   0: 0x800010de (0x00023697) auipc   a3, 0x23
core   0: 3 0x800010de (0x00023697) x13 0x800240de
core   0: 0x800010e2 (0xf7268693) addi    a3, a3, -142
core   0: 3 0x800010e2 (0xf7268693) x13 0x80024050
core   0: 0x800010e6 (0x00008f5d) c.or    a4, a5
core   0: 3 0x800010e6 (0x8f5d) x14 0x00007e2e
core   0: 0x800010e8 (0xa056a7af) amomax.w a5, t0, (a3)
core   0: 3 0x800010e8 (0xa056a7af) x15 0x00000070 mem 0x80024050 mem 0x80024050 0x00000070
core   0: 0x800010ec (0x00023197) auipc   gp, 0x23
core   0: 3 0x800010ec (0x00023197) x 3 0x800240ec
core   0: 0x800010f0 (0xf9418193) addi    gp, gp, -108
core   0: 3 0x800010f0 (0xf9418193) x 3 0x80024080
core   0: 0x800010f4 (0x3401ec73) csrrsi  s8, mscratch, 3
core   0: 3 0x800010f4 (0x3401ec73) x24 0x00000019 c832_mscratch 0x0000001b
core   0: 0x800010f8 (0x01dee9b3) or      s3, t4, t4
core   0: 3 0x800010f8 (0x01dee9b3) x19 0x00000000
core   0: 0x800010fc (0x0000717d) c.addi16sp sp, -16
core   0: 3 0x800010fc (0x717d) x 2 0x00006f56
core   0: 0x800010fe (0x00006aa5) c.lui   s5, 0x9
core   0: 3 0x800010fe (0x6aa5) x21 0x00009000
core   0: 0x80001100 (0xc5f8bd13) sltiu   s10, a7, -929
core   0: 3 0x80001100 (0xc5f8bd13) x26 0x00000001
core   0: 0x80001104 (0x0033bbb3) sltu    s7, t2, gp
core   0: 3 0x80001104 (0x0033bbb3) x23 0x00000001
core   0: 0x80001108 (0x1201a62f) lr.w    a2, (gp)
core   0: 3 0x80001108 (0x1201a62f) x12 0xffffff97 mem 0x80024080
core   0: 0x8000110c (0x01722e33) slt     t3, tp, s7
core   0: 3 0x8000110c (0x01722e33) x28 0x00000000
core   0: 0x80001110 (0x03ed7433) remu    s0, s10, t5
core   0: 3 0x80001110 (0x03ed7433) x 8 0x00000001
core   0: 0x80001114 (0x54dd4113) xori    sp, s10, 1357
core   0: 3 0x80001114 (0x54dd4113) x 2 0x0000054c
core   0: 0x80001118 (0x1c91aeaf) sc.w    t4, s1, (gp)
core   0: 3 0x80001118 (0x1c91aeaf) x29 0x00000000 mem 0x80024080 0x00000008
core   0: 0x8000111c (0x00017d97) auipc   s11, 0x17
core   0: 3 0x8000111c (0x00017d97) x27 0x8001811c
core   0: 0x80001120 (0xb01d8d93) addi    s11, s11, -1279
core   0: 3 0x80001120 (0xb01d8d93) x27 0x80017c1d
core   0: 0x80001124 (0xfe1d8d23) sb      ra, -6(s11)
core   0: 3 0x80001124 (0xfe1d8d23) mem 0x80017c17 0x48
core   0: 0x80001128 (0xffbd8a03) lb      s4, -5(s11)
core   0: 3 0x80001128 (0xffbd8a03) x20 0x00000002 mem 0x80017c18
core   0: 0x8000112c (0x00013517) auipc   a0, 0x13
core   0: 3 0x8000112c (0x00013517) x10 0x8001412c
core   0: 0x80001130 (0x95050513) addi    a0, a0, -1712
core   0: 3 0x80001130 (0x95050513) x10 0x80013a7c
core   0: 0x80001134 (0xff1dca83) lbu     s5, -15(s11)
core   0: 3 0x80001134 (0xff1dca83) x21 0x00000044 mem 0x80017c0e
core   0: 0x80001138 (0x9c750883) lb      a7, -1593(a0)
core   0: 3 0x80001138 (0x9c750883) x17 0x00000006 mem 0x80013443
core   0: 0x8000113c (0xed255d03) lhu     s10, -302(a0)
core   0: 3 0x8000113c (0xed255d03) x26 0x0000c397 mem 0x8001394e
core   0: 0x80001140 (0x005d9103) lh      sp, 5(s11)
core   0: 3 0x80001140 (0x005d9103) x 2 0x00007290 mem 0x80017c22
core   0: 0x80001144 (0x03450823) sb      s4, 48(a0)
core   0: 3 0x80001144 (0x03450823) mem 0x80013aac 0x2
core   0: 0x80001148 (0xf9052e23) sw      a6, -100(a0)
core   0: 3 0x80001148 (0xf9052e23) mem 0x80013a18 0x69f01a89
core   0: 0x8000114c (0x010d8683) lb      a3, 16(s11)
core   0: 3 0x8000114c (0x010d8683) x13 0xffffffe3 mem 0x80017c2d
core   0: 0x80001150 (0x002dc203) lbu     tp, 2(s11)
core   0: 3 0x80001150 (0x002dc203) x 4 0x0000003e mem 0x80017c1f
core   0: 0x80001154 (0x1b154d03) lbu     s10, 433(a0)
core   0: 3 0x80001154 (0x1b154d03) x26 0x000000bc mem 0x80013c2d
core   0: 0x80001158 (0xfe5d8a23) sb      t0, -12(s11)
core   0: 3 0x80001158 (0xfe5d8a23) mem 0x80017c11 0xa4
core   0: 0x8000115c (0x00023d17) auipc   s10, 0x23
core   0: 3 0x8000115c (0x00023d17) x26 0x8002415c
core   0: 0x80001160 (0xf24d0d13) addi    s10, s10, -220
core   0: 3 0x80001160 (0xf24d0d13) x26 0x80024080
core   0: 0x80001164 (0x140d29af) lr.w    s3, (s10)
core   0: 3 0x80001164 (0x140d29af) x19 0x00000008 mem 0x80024080
core   0: 0x80001168 (0x00008fe9) c.and   a5, a0
core   0: 3 0x80001168 (0x8fe9) x15 0x00000070
core   0: 0x8000116a (0x1a9d2c2f) sc.w    s8, s1, (s10)
core   0: 3 0x8000116a (0x1a9d2c2f) x24 0x00000000 mem 0x80024080 0x00000008
core   0: 0x8000116e (0x00023f97) auipc   t6, 0x23
core   0: 3 0x8000116e (0x00023f97) x31 0x8002416e
core   0: 0x80001172 (0xf02f8f93) addi    t6, t6, -254
core   0: 3 0x80001172 (0xf02f8f93) x31 0x80024070
core   0: 0x80001176 (0x120facaf) lr.w    s9, (t6)
core   0: 3 0x80001176 (0x120facaf) x25 0x00000006 mem 0x80024070
core   0: 0x8000117a (0xbaf4a913) slti    s2, s1, -1105
core   0: 3 0x8000117a (0xbaf4a913) x18 0x00000000
core   0: 0x8000117e (0x006b86b3) add     a3, s7, t1
core   0: 3 0x8000117e (0x006b86b3) x13 0x0000006e
core   0: 0x80001182 (0x7aa7bd13) sltiu   s10, a5, 1962
core   0: 3 0x80001182 (0x7aa7bd13) x26 0x00000001
core   0: 0x80001186 (0x1c3fa22f) sc.w    tp, gp, (t6)
core   0: 3 0x80001186 (0x1c3fa22f) x 4 0x00000000 mem 0x80024070 0x80024080
core   0: 0x8000118a (0x0001f197) auipc   gp, 0x1f
core   0: 3 0x8000118a (0x0001f197) x 3 0x8002018a
core   0: 0x8000118e (0x5e118193) addi    gp, gp, 1505
core   0: 3 0x8000118e (0x5e118193) x 3 0x8002076b
core   0: 0x80001192 (0xbef18b83) lb      s7, -1041(gp)
core   0: 3 0x80001192 (0xbef18b83) x23 0xffffff8b mem 0x8002035a
core   0: 0x80001196 (0x5751a903) lw      s2, 1397(gp)
core   0: 3 0x80001196 (0x5751a903) x18 0x3b9a2c9c mem 0x80020ce0
core   0: 0x8000119a (0x00012d97) auipc   s11, 0x12
core   0: 3 0x8000119a (0x00012d97) x27 0x8001319a
core   0: 0x8000119e (0x669d8d93) addi    s11, s11, 1641
core   0: 3 0x8000119e (0x669d8d93) x27 0x80013803
core   0: 0x800011a2 (0xff0d8aa3) sb      a6, -11(s11)
core   0: 3 0x800011a2 (0xff0d8aa3) mem 0x800137f8 0x89
core   0: 0x800011a6 (0x4c218e03) lb      t3, 1218(gp)
core   0: 3 0x800011a6 (0x4c218e03) x28 0xffffffbc mem 0x80020c2d
core   0: 0x800011aa (0x4b818483) lb      s1, 1208(gp)
core   0: 3 0x800011aa (0x4b818483) x 9 0xffffff99 mem 0x80020c23
core   0: 0x800011ae (0xe101c683) lbu     a3, -496(gp)
core   0: 3 0x800011ae (0xe101c683) x13 0x00000018 mem 0x8002057b
core   0: 0x800011b2 (0x014d8423) sb      s4, 8(s11)
core   0: 3 0x800011b2 (0x014d8423) mem 0x8001380b 0x2
core   0: 0x800011b6 (0x86418b03) lb      s6, -1948(gp)
core   0: 3 0x800011b6 (0x86418b03) x22 0x0000006e mem 0x8001ffcf
core   0: 0x800011ba (0xfedd8d23) sb      a3, -6(s11)
core   0: 3 0x800011ba (0xfedd8d23) mem 0x800137fd 0x18
core   0: 0x800011be (0x39818423) sb      s8, 904(gp)
core   0: 3 0x800011be (0x39818423) mem 0x80020af3 0x0
core   0: 0x800011c2 (0x97a18b23) sb      s10, -1674(gp)
core   0: 3 0x800011c2 (0x97a18b23) mem 0x800200e1 0x1
core   0: 0x800011c6 (0xff8dc783) lbu     a5, -8(s11)
core   0: 3 0x800011c6 (0xff8dc783) x15 0x0000009e mem 0x800137fb
core   0: 0x800011ca (0x75418a03) lb      s4, 1876(gp)
core   0: 3 0x800011ca (0x75418a03) x20 0xffffffff mem 0x80020ebf
core   0: 0x800011ce (0x77418f83) lb      t6, 1908(gp)
core   0: 3 0x800011ce (0x77418f83) x31 0x00000058 mem 0x80020edf
core   0: 0x800011d2 (0xff3dd683) lhu     a3, -13(s11)
core   0: 3 0x800011d2 (0xff3dd683) x13 0x00005d12 mem 0x800137f6
core   0: 0x800011d6 (0x00023c97) auipc   s9, 0x23
core   0: 3 0x800011d6 (0x00023c97) x25 0x800241d6
core   0: 0x800011da (0xe7ec8c93) addi    s9, s9, -386
core   0: 3 0x800011da (0xe7ec8c93) x25 0x80024054
core   0: 0x800011de (0x00008c65) c.and   s0, s1
core   0: 3 0x800011de (0x8c65) x 8 0x00000001
core   0: 0x800011e0 (0x100ca32f) lr.w    t1, (s9)
core   0: 3 0x800011e0 (0x100ca32f) x 6 0x000040de mem 0x80024054
core   0: 0x800011e4 (0x0190c133) xor     sp, ra, s9
core   0: 3 0x800011e4 (0x0190c133) x 2 0x0000001c
core   0: 0x800011e8 (0x00008ef9) c.and   a3, a4
core   0: 3 0x800011e8 (0x8ef9) x13 0x00005c02
core   0: 0x800011ea (0x9fb0b937) lui     s2, 0x9fb0b
core   0: 3 0x800011ea (0x9fb0b937) x18 0x9fb0b000
core   0: 0x800011ee (0x03727c33) remu    s8, tp, s7
core   0: 3 0x800011ee (0x03727c33) x24 0x00000000
core   0: 0x800011f2 (0x000087be) c.mv    a5, a5
core   0: 3 0x800011f2 (0x87be) x15 0x0000009e
core   0: 0x800011f4 (0x340614f3) csrrw   s1, mscratch, a2
core   0: 3 0x800011f4 (0x340614f3) x 9 0x0000001b c832_mscratch 0xffffff97
core   0: 0x800011f8 (0x185ca4af) sc.w    s1, t0, (s9)
core   0: 3 0x800011f8 (0x185ca4af) x 9 0x00000000 mem 0x80024054 0x80028ea4
core   0: 0x800011fc (0x00023a97) auipc   s5, 0x23
core   0: 3 0x800011fc (0x00023a97) x21 0x800241fc
core   0: 0x80001200 (0xe78a8a93) addi    s5, s5, -392
core   0: 3 0x80001200 (0xe78a8a93) x21 0x80024074
core   0: 0x80001204 (0x00023197) auipc   gp, 0x23
core   0: 3 0x80001204 (0x00023197) x 3 0x80024204
core   0: 0x80001208 (0xe6018193) addi    gp, gp, -416
core   0: 3 0x80001208 (0xe6018193) x 3 0x80024064
core   0: 0x8000120c (0x00023a17) auipc   s4, 0x23
core   0: 3 0x8000120c (0x00023a17) x20 0x8002420c
core   0: 0x80001210 (0xe50a0a13) addi    s4, s4, -432
core   0: 3 0x80001210 (0xe50a0a13) x20 0x8002405c
core   0: 0x80001214 (0x00023097) auipc   ra, 0x23
core   0: 3 0x80001214 (0x00023097) x 1 0x80024214
core   0: 0x80001218 (0xe3c08093) addi    ra, ra, -452
core   0: 3 0x80001218 (0xe3c08093) x 1 0x80024050
core   0: 0x8000121c (0x01cb9f93) slli    t6, s7, 28
core   0: 3 0x8000121c (0x01cb9f93) x31 0xb0000000
core   0: 0x80001220 (0x043aa4af) amoadd.w s1, gp, (s5)
core   0: 3 0x80001220 (0x043aa4af) x 9 0x857bf60f mem 0x80024074 mem 0x80024074 0x057e3673
core   0: 0x80001224 (0x6550a62f) amoand.w a2, s5, (ra)
core   0: 3 0x80001224 (0x6550a62f) x12 0x00000070 mem 0x80024050 mem 0x80024050 0x00000070
core   0: 0x80001228 (0x00000689) c.addi  a3, 2
core   0: 3 0x80001228 (0x0689) x13 0x00005c04
core   0: 0x8000122a (0x0dcaadaf) amoswap.w s11, t3, (s5)
core   0: 3 0x8000122a (0x0dcaadaf) x27 0x057e3673 mem 0x80024074 mem 0x80024074 0xffffffbc
core   0: 0x8000122e (0x00e1a62f) amoadd.w a2, a4, (gp)
core   0: 3 0x8000122e (0x00e1a62f) x12 0x51d458d1 mem 0x80024064 mem 0x80024064 0x51d4d6ff
core   0: 0x80001232 (0x00013097) auipc   ra, 0x13
core   0: 3 0x80001232 (0x00013097) x 1 0x80014232
core   0: 0x80001236 (0x9e808093) addi    ra, ra, -1560
core   0: 3 0x80001236 (0x9e808093) x 1 0x80013c1a
core   0: 0x8000123a (0x0d80c103) lbu     sp, 216(ra)
core   0: 3 0x8000123a (0x0d80c103) x 2 0x00000075 mem 0x80013cf2
core   0: 0x8000123e (0x03f30733) mul     a4, t1, t6
core   0: 3 0x8000123e (0x03f30733) x14 0xa0000000
core   0: 0x80001242 (0x05108983) lb      s3, 81(ra)
core   0: 3 0x80001242 (0x05108983) x19 0xffffff8c mem 0x80013c6b
core   0: 0x80001246 (0x40e35413) srai    s0, t1, 14
core   0: 3 0x80001246 (0x40e35413) x 8 0x00000001
core   0: 0x8000124a (0x00b0ca03) lbu     s4, 11(ra)
core   0: 3 0x8000124a (0x00b0ca03) x20 0x000000a6 mem 0x80013c25
core   0: 0x8000124e (0x340f1473) csrrw   s0, mscratch, t5
core   0: 3 0x8000124e (0x340f1473) x 8 0xffffff97 c832_mscratch 0x8002cd24
core   0: 0x80001252 (0xf13085a3) sb      s3, -245(ra)
core   0: 3 0x80001252 (0xf13085a3) mem 0x80013b25 0x8c
core   0: 0x80001256 (0xffe08f23) sb      t5, -2(ra)
core   0: 3 0x80001256 (0xffe08f23) mem 0x80013c18 0x24
core   0: 0x8000125a (0x00006139) c.addi16sp sp, 448
core   0: 3 0x8000125a (0x6139) x 2 0x00000235
core   0: 0x8000125c (0xfa209d23) sh      sp, -70(ra)
core   0: 3 0x8000125c (0xfa209d23) mem 0x80013bd4 0x0235
core   0: 0x80001260 (0xf2908d03) lb      s10, -215(ra)
core   0: 3 0x80001260 (0xf2908d03) x26 0xffffff85 mem 0x80013b43
core   0: 0x80001264 (0xf7f0c603) lbu     a2, -129(ra)
core   0: 3 0x80001264 (0xf7f0c603) x12 0x0000009b mem 0x80013b99
core   0: 0x80001268 (0x01e09323) sh      t5, 6(ra)
core   0: 3 0x80001268 (0x01e09323) mem 0x80013c20 0xcd24
core   0: 0x8000126c (0x34007073) csrci   mscratch, 0
core   0: 3 0x8000126c (0x34007073)
core   0: 0x80001270 (0xfc90c803) lbu     a6, -55(ra)
core   0: 3 0x80001270 (0xfc90c803) x16 0x0000009a mem 0x80013be3
core   0: 0x80001274 (0x062082a3) sb      sp, 101(ra)
core   0: 3 0x80001274 (0x062082a3) mem 0x80013c7f 0x35
core   0: 0x80001278 (0xfa409f83) lh      t6, -92(ra)
core   0: 3 0x80001278 (0xfa409f83) x31 0xffff8379 mem 0x80013bbe
core   0: 0x8000127c (0x060086a3) sb      zero, 109(ra)
core   0: 3 0x8000127c (0x060086a3) mem 0x80013c87 0x0
core   0: 0x80001280 (0xfe208723) sb      sp, -18(ra)
core   0: 3 0x80001280 (0xfe208723) mem 0x80013c08 0x35
core   0: 0x80001284 (0x0d20c683) lbu     a3, 210(ra)
core   0: 3 0x80001284 (0x0d20c683) x13 0x00000067 mem 0x80013cec
core   0: 0x80001288 (0x7cd22413) slti    s0, tp, 1997
core   0: 3 0x80001288 (0x7cd22413) x 8 0x00000001
core   0: 0x8000128c (0x00006b3d) c.lui   s6, 0xf
core   0: 3 0x8000128c (0x6b3d) x22 0x0000f000
core   0: 0x8000128e (0xfb708423) sb      s7, -88(ra)
core   0: 3 0x8000128e (0xfb708423) mem 0x80013bc2 0x8b
core   0: 0x80001292 (0xf9c0cc83) lbu     s9, -100(ra)
core   0: 3 0x80001292 (0xf9c0cc83) x25 0x0000005f mem 0x80013bb6
core   0: 0x80001296 (0xf0b08fa3) sb      a1, -225(ra)
core   0: 3 0x80001296 (0xf0b08fa3) mem 0x80013b39 0x0
core   0: 0x8000129a (0xfc00c903) lbu     s2, -64(ra)
core   0: 3 0x8000129a (0xfc00c903) x18 0x0000008c mem 0x80013bda
core   0: 0x8000129e (0xfd4c0793) addi    a5, s8, -44
core   0: 3 0x8000129e (0xfd4c0793) x15 0xffffffd4
core   0: 0x800012a2 (0x34041d73) csrrw   s10, mscratch, s0
core   0: 3 0x800012a2 (0x34041d73) x26 0x8002cd24 c832_mscratch 0x00000001
core   0: 0x800012a6 (0x00108da3) sb      ra, 27(ra)
core   0: 3 0x800012a6 (0x00108da3) mem 0x80013c35 0x1a
core   0: 0x800012aa (0x02f08683) lb      a3, 47(ra)
core   0: 3 0x800012aa (0x02f08683) x13 0xffffffae mem 0x80013c49
core   0: 0x800012ae (0xf5f0ce83) lbu     t4, -161(ra)
core   0: 3 0x800012ae (0xf5f0ce83) x29 0x00000073 mem 0x80013b79
core   0: 0x800012b2 (0x01a09883) lh      a7, 26(ra)
core   0: 3 0x800012b2 (0x01a09883) x17 0x00001a60 mem 0x80013c34
core   0: 0x800012b6 (0x03d13333) mulhu   t1, sp, t4
core   0: 3 0x800012b6 (0x03d13333) x 6 0x00000000
core   0: 0x800012ba (0x02308883) lb      a7, 35(ra)
core   0: 3 0x800012ba (0x02308883) x17 0xffffffb6 mem 0x80013c3d
core   0: 0x800012be (0x2495ba93) sltiu   s5, a1, 585
core   0: 3 0x800012be (0x2495ba93) x21 0x00000001
core   0: 0x800012c2 (0x04409323) sh      tp, 70(ra)
core   0: 3 0x800012c2 (0x04409323) mem 0x80013c60 0x0000
core   0: 0x800012c6 (0xf950c183) lbu     gp, -107(ra)
core   0: 3 0x800012c6 (0xf950c183) x 3 0x000000d1 mem 0x80013baf
core   0: 0x800012ca (0xf060ab03) lw      s6, -250(ra)
core   0: 3 0x800012ca (0xf060ab03) x22 0xacc7ea6c mem 0x80013b20
core   0: 0x800012ce (0xf4308003) lb      zero, -189(ra)
core   0: 3 0x800012ce (0xf4308003) mem 0x80013b5d
core   0: 0x800012d2 (0x01ecc8b3) xor     a7, s9, t5
core   0: 3 0x800012d2 (0x01ecc8b3) x17 0x8002cd7b
core   0: 0x800012d6 (0x0a609503) lh      a0, 166(ra)
core   0: 3 0x800012d6 (0x0a609503) x10 0x000067dd mem 0x80013cc0
core   0: 0x800012da (0xf550c703) lbu     a4, -171(ra)
core   0: 3 0x800012da (0xf550c703) x14 0x00000022 mem 0x80013b6f
core   0: 0x800012de (0x00023d17) auipc   s10, 0x23
core   0: 3 0x800012de (0x00023d17) x26 0x800242de
core   0: 0x800012e2 (0xd72d0d13) addi    s10, s10, -654
core   0: 3 0x800012e2 (0xd72d0d13) x26 0x80024050
core   0: 0x800012e6 (0x00023817) auipc   a6, 0x23
core   0: 3 0x800012e6 (0x00023817) x16 0x800242e6
core   0: 0x800012ea (0xd6280813) addi    a6, a6, -670
core   0: 3 0x800012ea (0xd6280813) x16 0x80024048
core   0: 0x800012ee (0x00023317) auipc   t1, 0x23
core   0: 3 0x800012ee (0x00023317) x 6 0x800242ee
core   0: 0x800012f2 (0xd6a30313) addi    t1, t1, -662
core   0: 3 0x800012f2 (0xd6a30313) x 6 0x80024058
core   0: 0x800012f6 (0x00023517) auipc   a0, 0x23
core   0: 3 0x800012f6 (0x00023517) x10 0x800242f6
core   0: 0x800012fa (0xd7e50513) addi    a0, a0, -642
core   0: 3 0x800012fa (0xd7e50513) x10 0x80024074
core   0: 0x800012fe (0x039526af) amoadd.w a3, s9, (a0)
core   0: 3 0x800012fe (0x039526af) x13 0xffffffbc mem 0x80024074 mem 0x80024074 0x0000001b
core   0: 0x80001302 (0xc59520af) amominu.w ra, s9, (a0)
core   0: 3 0x80001302 (0xc59520af) x 1 0x0000001b mem 0x80024074 mem 0x80024074 0x0000001b
core   0: 0x80001306 (0x65dd2e2f) amoand.w t3, t4, (s10)
core   0: 3 0x80001306 (0x65dd2e2f) x28 0x00000070 mem 0x80024050 mem 0x80024050 0x00000070
core   0: 0x8000130a (0x00008aad) c.andi  a3, 11
core   0: 3 0x8000130a (0x8aad) x13 0x00000008
core   0: 0x8000130c (0x0993292f) amoswap.w s2, s9, (t1)
core   0: 3 0x8000130c (0x0993292f) x18 0x80024078 mem 0x80024058 mem 0x80024058 0x0000005f
core   0: 0x80001310 (0x00023497) auipc   s1, 0x23
core   0: 3 0x80001310 (0x00023497) x 9 0x80024310
core   0: 0x80001314 (0xd5448493) addi    s1, s1, -684
core   0: 3 0x80001314 (0xd5448493) x 9 0x80024064
core   0: 0x80001318 (0x41335333) sra     t1, t1, s3
core   0: 3 0x80001318 (0x41335333) x 6 0xfff80024
core   0: 0x8000131c (0x83b4aeaf) amomin.w t4, s11, (s1)
core   0: 3 0x8000131c (0x83b4aeaf) x29 0x51d4d6ff mem 0x80024064 mem 0x80024064 0x057e3673
core   0: 0x80001320 (0x8254a62f) amomin.w a2, t0, (s1)
core   0: 3 0x80001320 (0x8254a62f) x12 0x057e3673 mem 0x80024064 mem 0x80024064 0x80028ea4
core   0: 0x80001324 (0xa444aaaf) amomax.w s5, tp, (s1)
core   0: 3 0x80001324 (0xa444aaaf) x21 0x80028ea4 mem 0x80024064 mem 0x80024064 0x00000000
core   0: 0x80001328 (0x030a0d33) mul     s10, s4, a6
core   0: 3 0x80001328 (0x030a0d33) x26 0x0175aeb0
core   0: 0x8000132c (0xe4e4a0af) amomaxu.w ra, a4, (s1)
core   0: 3 0x8000132c (0xe4e4a0af) x 1 0x00000000 mem 0x80024064 mem 0x80024064 0x00000022
core   0: 0x80001330 (0x0095c6b3) xor     a3, a1, s1
core   0: 3 0x80001330 (0x0095c6b3) x13 0x80024064
core   0: 0x80001334 (0x61d4a6af) amoand.w a3, t4, (s1)
core   0: 3 0x80001334 (0x61d4a6af) x13 0x00000022 mem 0x80024064 mem 0x80024064 0x00000022
core   0: 0x80001338 (0xe154acaf) amomaxu.w s9, s5, (s1)
core   0: 3 0x80001338 (0xe154acaf) x25 0x00000022 mem 0x80024064 mem 0x80024064 0x80028ea4
core   0: 0x8000133c (0x00013e97) auipc   t4, 0x13
core   0: 3 0x8000133c (0x00013e97) x29 0x8001433c
core   0: 0x80001340 (0xc91e8e93) addi    t4, t4, -879
core   0: 3 0x80001340 (0xc91e8e93) x29 0x80013fcd
core   0: 0x80001344 (0x005e9c03) lh      s8, 5(t4)
core   0: 3 0x80001344 (0x005e9c03) x24 0x0000476e mem 0x80013fd2
core   0: 0x80001348 (0x005ecb83) lbu     s7, 5(t4)
core   0: 3 0x80001348 (0x005ecb83) x23 0x0000006e mem 0x80013fd2
core   0: 0x8000134c (0x00fe82a3) sb      a5, 5(t4)
core   0: 3 0x8000134c (0x00fe82a3) mem 0x80013fd2 0xd4
core   0: 0x80001350 (0x006e8003) lb      zero, 6(t4)
core   0: 3 0x80001350 (0x006e8003) mem 0x80013fd3
core   0: 0x80001354 (0x006e8703) lb      a4, 6(t4)
core   0: 3 0x80001354 (0x006e8703) x14 0x00000047 mem 0x80013fd3
core   0: 0x80001358 (0x006e8323) sb      t1, 6(t4)
core   0: 3 0x80001358 (0x006e8323) mem 0x80013fd3 0x24
core   0: 0x8000135c (0x340826f3) csrrs   a3, mscratch, a6
core   0: 3 0x8000135c (0x340826f3) x13 0x00000001 c832_mscratch 0x80024049
core   0: 0x80001360 (0x00000001) c.nop
core   0: 3 0x80001360 (0x0001)
core   0: 0x80001362 (0x006e8b03) lb      s6, 6(t4)
core   0: 3 0x80001362 (0x006e8b03) x22 0x00000024 mem 0x80013fd3
core   0: 0x80001366 (0x012e8323) sb      s2, 6(t4)
core   0: 3 0x80001366 (0x012e8323) mem 0x80013fd3 0x78
core   0: 0x8000136a (0x006ec203) lbu     tp, 6(t4)
core   0: 3 0x8000136a (0x006ec203) x 4 0x00000078 mem 0x80013fd3
core   0: 0x8000136e (0x41c758b3) sra     a7, a4, t3
core   0: 3 0x8000136e (0x41c758b3) x17 0x00000000
core   0: 0x80001372 (0xff5e8403) lb      s0, -11(t4)
core   0: 3 0x80001372 (0xff5e8403) x 8 0x0000007f mem 0x80013fc2
core   0: 0x80001376 (0x34007873) csrrci  a6, mscratch, 0
core   0: 3 0x80001376 (0x34007873) x16 0x80024049
core   0: 0x8000137a (0xff5e8203) lb      tp, -11(t4)
core   0: 3 0x8000137a (0xff5e8203) x 4 0x0000007f mem 0x80013fc2
core   0: 0x8000137e (0x02b071b3) remu    gp, zero, a1
core   0: 3 0x8000137e (0x02b071b3) x 3 0x00000000
core   0: 0x80001382 (0xfffe8aa3) sb      t6, -11(t4)
core   0: 3 0x80001382 (0xfffe8aa3) mem 0x80013fc2 0x79
core   0: 0x80001386 (0xff5e8083) lb      ra, -11(t4)
core   0: 3 0x80001386 (0xff5e8083) x 1 0x00000079 mem 0x80013fc2
core   0: 0x8000138a (0x00023b17) auipc   s6, 0x23
core   0: 3 0x8000138a (0x00023b17) x22 0x8002438a
core   0: 0x8000138e (0xcdeb0b13) addi    s6, s6, -802
core   0: 3 0x8000138e (0xcdeb0b13) x22 0x80024068
core   0: 0x80001392 (0x01015713) srli    a4, sp, 16
core   0: 3 0x80001392 (0x01015713) x14 0x00000000
core   0: 0x80001396 (0x140b2e2f) lr.w    t3, (s6)
core   0: 3 0x80001396 (0x140b2e2f) x28 0x8003ffff mem 0x80024068
core   0: 0x8000139a (0x34007773) csrrci  a4, mscratch, 0
core   0: 3 0x8000139a (0x34007773) x14 0x80024049
core   0: 0x8000139e (0x02b5b533) mulhu   a0, a1, a1
core   0: 3 0x8000139e (0x02b5b533) x10 0x00000000
core   0: 0x800013a2 (0x000018fd) c.addi  a7, -1
core   0: 3 0x800013a2 (0x18fd) x17 0xffffffff
core   0: 0x800013a4 (0x34006973) csrrsi  s2, mscratch, 0
core   0: 3 0x800013a4 (0x34006973) x18 0x80024049
core   0: 0x800013a8 (0x000050fd) c.li    ra, -1
core   0: 3 0x800013a8 (0x50fd) x 1 0xffffffff
core   0: 0x800013aa (0x03593c33) mulhu   s8, s2, s5
core   0: 3 0x800013aa (0x03593c33) x24 0x4002677c
core   0: 0x800013ae (0x0000849d) c.srai  s1, 7
core   0: 3 0x800013ae (0x849d) x 9 0xff000480
core   0: 0x800013b0 (0x00008db2) c.mv    s11, a2
core   0: 3 0x800013b0 (0x8db2) x27 0x057e3673
core   0: 0x800013b2 (0x00008099) c.srli  s1, 6
core   0: 3 0x800013b2 (0x8099) x 9 0x03fc0012
core   0: 0x800013b4 (0xe240b113) sltiu   sp, ra, -476
core   0: 3 0x800013b4 (0xe240b113) x 2 0x00000000
core   0: 0x800013b8 (0x189b26af) sc.w    a3, s1, (s6)
core   0: 3 0x800013b8 (0x189b26af) x13 0x00000000 mem 0x80024068 0x03fc0012
core   0: 0x800013bc (0x00013117) auipc   sp, 0x13
core   0: 3 0x800013bc (0x00013117) x 2 0x800143bc
core   0: 0x800013c0 (0x1ad10113) addi    sp, sp, 429
core   0: 3 0x800013c0 (0x1ad10113) x 2 0x80014569
core   0: 0x800013c4 (0x3648cc93) xori    s9, a7, 868
core   0: 3 0x800013c4 (0x3648cc93) x25 0xfffffc9b
core   0: 0x800013c8 (0xe6d15d03) lhu     s10, -403(sp)
core   0: 3 0x800013c8 (0xe6d15d03) x26 0x0000f3fb mem 0x800143d6
core   0: 0x800013cc (0x00008b5a) c.mv    s6, s6
core   0: 3 0x800013cc (0x8b5a) x22 0x80024068
core   0: 0x800013ce (0x03610fa3) sb      s6, 63(sp)
core   0: 3 0x800013ce (0x03610fa3) mem 0x800145a8 0x68
core   0: 0x800013d2 (0x72dcad93) slti    s11, s9, 1837
core   0: 3 0x800013d2 (0x72dcad93) x27 0x00000001
core   0: 0x800013d6 (0x03688d33) mul     s10, a7, s6
core   0: 3 0x800013d6 (0x03688d33) x26 0x7ffdbf98
core   0: 0x800013da (0x01674733) xor     a4, a4, s6
core   0: 3 0x800013da (0x01674733) x14 0x00000021
core   0: 0x800013de (0x340d2b73) csrrs   s6, mscratch, s10
core   0: 3 0x800013de (0x340d2b73) x22 0x80024049 c832_mscratch 0xffffffd9
core   0: 0x800013e2 (0x20715d83) lhu     s11, 519(sp)
core   0: 3 0x800013e2 (0x20715d83) x27 0x00000d48 mem 0x80014770
core   0: 0x800013e6 (0xefb15d03) lhu     s10, -261(sp)
core   0: 3 0x800013e6 (0xefb15d03) x26 0x00002f7a mem 0x80014464
core   0: 0x800013ea (0x6ca14d03) lbu     s10, 1738(sp)
core   0: 3 0x800013ea (0x6ca14d03) x26 0x000000bd mem 0x80014c33
core   0: 0x800013ee (0x011ced33) or      s10, s9, a7
core   0: 3 0x800013ee (0x011ced33) x26 0xffffffff
core   0: 0x800013f2 (0x0ff0000f) fence   iorw,iorw
core   0: 3 0x800013f2 (0x0ff0000f)
core   0: 0x800013f6 (0x01675733) srl     a4, a4, s6
core   0: 3 0x800013f6 (0x01675733) x14 0x00000000
core   0: 0x800013fa (0x00008f59) c.or    a4, a4
core   0: 3 0x800013fa (0x8f59) x14 0x00000000
core   0: 0x800013fc (0x41a10023) sb      s10, 1024(sp)
core   0: 3 0x800013fc (0x41a10023) mem 0x80014969 0xff
core   0: 0x80001400 (0x1bb10523) sb      s11, 426(sp)
core   0: 3 0x80001400 (0x1bb10523) mem 0x80014713 0x48
core   0: 0x80001404 (0x5c310c83) lb      s9, 1475(sp)
core   0: 3 0x80001404 (0x5c310c83) x25 0xffffffb7 mem 0x80014b2c
core   0: 0x80001408 (0x40ec8cb3) sub     s9, s9, a4
core   0: 3 0x80001408 (0x40ec8cb3) x25 0xffffffb7
core   0: 0x8000140c (0x74115d83) lhu     s11, 1857(sp)
core   0: 3 0x8000140c (0x74115d83) x27 0x0000f262 mem 0x80014caa
core   0: 0x80001410 (0x340bdcf3) csrrwi  s9, mscratch, 23
core   0: 3 0x80001410 (0x340bdcf3) x25 0xffffffd9 c832_mscratch 0x00000017
core   0: 0x80001414 (0x5dcd7713) andi    a4, s10, 1500
core   0: 3 0x80001414 (0x5dcd7713) x14 0x000005dc
core   0: 0x80001418 (0x03b8fcb3) remu    s9, a7, s11
core   0: 3 0x80001418 (0x03b8fcb3) x25 0x0000ccdd
core   0: 0x8000141c (0xc6110703) lb      a4, -927(sp)
core   0: 3 0x8000141c (0xc6110703) x14 0xffffffb7 mem 0x800141ca
core   0: 0x80001420 (0x416b5b33) sra     s6, s6, s6
core   0: 3 0x80001420 (0x416b5b33) x22 0xffc00120
core   0: 0x80001424 (0x1c3ded13) ori     s10, s11, 451
core   0: 3 0x80001424 (0x1c3ded13) x26 0x0000f3e3
core   0: 0x80001428 (0x6ba127a3) sw      s10, 1711(sp)
core   0: 3 0x80001428 (0x6ba127a3) mem 0x80014c18 0x0000f3e3
core   0: 0x8000142c (0xe7712703) lw      a4, -393(sp)
core   0: 3 0x8000142c (0xe7712703) x14 0xae541d49 mem 0x800143e0
core   0: 0x80001430 (0xe6a14883) lbu     a7, -406(sp)
core   0: 3 0x80001430 (0xe6a14883) x17 0x000000d5 mem 0x800143d3
core   0: 0x80001434 (0x0a814c83) lbu     s9, 168(sp)
core   0: 3 0x80001434 (0x0a814c83) x25 0x00000065 mem 0x80014611
core   0: 0x80001438 (0xc61d4893) xori    a7, s10, -927
core   0: 3 0x80001438 (0xc61d4893) x17 0xffff0f82
core   0: 0x8000143c (0x01676b33) or      s6, a4, s6
core   0: 3 0x8000143c (0x01676b33) x22 0xffd41d69
core   0: 0x80001440 (0x3402ddf3) csrrwi  s11, mscratch, 5
core   0: 3 0x80001440 (0x3402ddf3) x27 0x00000017 c832_mscratch 0x00000005
core   0: 0x80001444 (0x3405d8f3) csrrwi  a7, mscratch, 11
core   0: 3 0x80001444 (0x3405d8f3) x17 0x00000005 c832_mscratch 0x0000000b
core   0: 0x80001448 (0x00008f39) c.xor   a4, a4
core   0: 3 0x80001448 (0x8f39) x14 0x00000000
core   0: 0x8000144a (0xf2610c83) lb      s9, -218(sp)
core   0: 3 0x8000144a (0xf2610c83) x25 0xffffffc3 mem 0x8001448f
core   0: 0x8000144e (0x0000ce85) c.beqz  a3, pc + 56
core   0: 3 0x8000144e (0xce85)
core   0: 0x80001486 (0x41b9d9b3) sra     s3, s3, s11
core   0: 3 0x80001486 (0x41b9d9b3) x19 0xffffffff
core   0: 0x8000148a (0x00005bfd) c.li    s7, -1
core   0: 3 0x8000148a (0x5bfd) x23 0xffffffff
core   0: 0x8000148c (0x00008e72) c.mv    t3, t3
core   0: 3 0x8000148c (0x8e72) x28 0x8003ffff
core   0: 0x8000148e (0x6ddaef93) ori     t6, s5, 1757
core   0: 3 0x8000148e (0x6ddaef93) x31 0x80028efd
core   0: 0x80001492 (0x00b75333) srl     t1, a4, a1
core   0: 3 0x80001492 (0x00b75333) x 6 0x00000000
core   0: 0x80001496 (0x031fd263) bge     t6, a7, pc + 36
core   0: 3 0x80001496 (0x031fd263)
core   0: 0x8000149a (0x143eb793) sltiu   a5, t4, 323
core   0: 3 0x8000149a (0x143eb793) x15 0x00000000
core   0: 0x8000149e (0x00006149) c.addi16sp sp, 144
core   0: 3 0x8000149e (0x6149) x 2 0x800145f9
core   0: 0x800014a0 (0x00006e19) c.lui   t3, 0x6
core   0: 3 0x800014a0 (0x6e19) x28 0x00006000
core   0: 0x800014a2 (0x03161c33) mulh    s8, a2, a7
core   0: 3 0x800014a2 (0x03161c33) x24 0x00000000
core   0: 0x800014a6 (0x03bd7633) remu    a2, s10, s11
core   0: 3 0x800014a6 (0x03bd7633) x12 0x0000000d
core   0: 0x800014aa (0x379d5937) lui     s2, 0x379d5
core   0: 3 0x800014aa (0x379d5937) x18 0x379d5000
core   0: 0x800014ae (0x02330733) mul     a4, t1, gp
core   0: 3 0x800014ae (0x02330733) x14 0x00000000
core   0: 0x800014b2 (0x362be0b7) lui     ra, 0x362be
core   0: 3 0x800014b2 (0x362be0b7) x 1 0x362be000
core   0: 0x800014b6 (0x02b50563) beq     a0, a1, pc + 42
core   0: 3 0x800014b6 (0x02b50563)
core   0: 0x800014e0 (0x00004e29) c.li    t3, 10
core   0: 3 0x800014e0 (0x4e29) x28 0x0000000a
core   0: 0x800014e2 (0x00006789) c.lui   a5, 0x2
core   0: 3 0x800014e2 (0x6789) x15 0x00002000
core   0: 0x800014e4 (0xb52b4017) auipc   zero, 0xb52b4
core   0: 3 0x800014e4 (0xb52b4017)
core   0: 0x800014e8 (0x34003173) csrrc   sp, mscratch, zero
core   0: 3 0x800014e8 (0x34003173) x 2 0x0000000b
core   0: 0x800014ec (0x40975093) srai    ra, a4, 9
core   0: 3 0x800014ec (0x40975093) x 1 0x00000000
core   0: 0x800014f0 (0x0001d313) srli    t1, gp, 0
core   0: 3 0x800014f0 (0x0001d313) x 6 0x00000000
core   0: 0x800014f4 (0x00ae8b63) beq     t4, a0, pc + 22
core   0: 3 0x800014f4 (0x00ae8b63)
core   0: 0x800014f8 (0x00000001) c.nop
core   0: 3 0x800014f8 (0x0001)
core   0: 0x800014fa (0x01d75663) bge     a4, t4, pc + 12
core   0: 3 0x800014fa (0x01d75663)
core   0: 0x80001506 (0x021ab733) mulhu   a4, s5, ra
core   0: 3 0x80001506 (0x021ab733) x14 0x00000000
core   0: 0x8000150a (0x901bf1b7) lui     gp, 0x901bf
core   0: 3 0x8000150a (0x901bf1b7) x 3 0x901bf000
core   0: 0x8000150e (0x0ff0000f) fence   iorw,iorw
core   0: 3 0x8000150e (0x0ff0000f)
core   0: 0x80001512 (0x00000001) c.nop
core   0: 3 0x80001512 (0x0001)
core   0: 0x80001514 (0x0000088e) c.slli  a7, 3
core   0: 3 0x80001514 (0x088e) x17 0x00000028
core   0: 0x80001516 (0x0000ea0d) c.bnez  a2, pc + 50
core   0: 3 0x80001516 (0xea0d)
core   0: 0x80001548 (0x405e8bb3) sub     s7, t4, t0
core   0: 3 0x80001548 (0x405e8bb3) x23 0xfffeb129
core   0: 0x8000154c (0x00721493) slli    s1, tp, 7
core   0: 3 0x8000154c (0x00721493) x 9 0x00003f80
core   0: 0x80001550 (0x0000177d) c.addi  a4, -1
core   0: 3 0x80001550 (0x177d) x14 0xffffffff
core   0: 0x80001552 (0x34022b73) csrrs   s6, mscratch, tp
core   0: 3 0x80001552 (0x34022b73) x22 0x0000000b c832_mscratch 0x0000007f
core   0: 0x80001556 (0xdbf58d93) addi    s11, a1, -577
core   0: 3 0x80001556 (0xdbf58d93) x27 0xfffffdbf
core   0: 0x8000155a (0x02c3dbb3) divu    s7, t2, a2
core   0: 3 0x8000155a (0x02c3dbb3) x23 0x00000000
core   0: 0x8000155e (0x340b6073) csrsi   mscratch, 22
core   0: 3 0x8000155e (0x340b6073) c832_mscratch 0x0000007f
core   0: 0x80001562 (0x0a39b093) sltiu   ra, s3, 163
core   0: 3 0x80001562 (0x0a39b093) x 1 0x00000000
core   0: 0x80001566 (0x8e6fe993) ori     s3, t6, -1818
core   0: 3 0x80001566 (0x8e6fe993) x19 0xfffffeff
core   0: 0x8000156a (0x50d99117) auipc   sp, 0x50d99
core   0: 3 0x8000156a (0x50d99117) x 2 0xd0d9a56a
core   0: 0x8000156e (0x0028d893) srli    a7, a7, 2
core   0: 3 0x8000156e (0x0028d893) x17 0x0000000a
core   0: 0x80001572 (0x00000001) c.nop
core   0: 3 0x80001572 (0x0001)
core   0: 0x80001574 (0x031ce8b3) rem     a7, s9, a7
core   0: 3 0x80001574 (0x031ce8b3) x17 0xffffffff
core   0: 0x80001578 (0x0000c70d) c.beqz  a4, pc + 42
core   0: 3 0x80001578 (0xc70d)
core   0: 0x8000157a (0xa8a8f813) andi    a6, a7, -1398
core   0: 3 0x8000157a (0xa8a8f813) x16 0xfffffa8a
core   0: 0x8000157e (0x019d0833) add     a6, s10, s9
core   0: 3 0x8000157e (0x019d0833) x16 0x0000f3a6
core   0: 0x80001582 (0x03426763) bltu    tp, s4, pc + 46
core   0: 3 0x80001582 (0x03426763)
core   0: 0x800015b0 (0x03d20763) beq     tp, t4, pc + 46
core   0: 3 0x800015b0 (0x03d20763)
core   0: 0x800015b4 (0x0ff0000f) fence   iorw,iorw
core   0: 3 0x800015b4 (0x0ff0000f)
core   0: 0x800015b8 (0x0000ce19) c.beqz  a2, pc + 30
core   0: 3 0x800015b8 (0xce19)
core   0: 0x800015ba (0x34039973) csrrw   s2, mscratch, t2
core   0: 3 0x800015ba (0x34039973) x18 0x0000007f c832_mscratch 0x00000006
core   0: 0x800015be (0xae0d3f93) sltiu   t6, s10, -1312
core   0: 3 0x800015be (0xae0d3f93) x31 0x00000001
core   0: 0x800015c2 (0x40bad233) sra     tp, s5, a1
core   0: 3 0x800015c2 (0x40bad233) x 4 0x80028ea4
core   0: 0x800015c6 (0x01ff6563) bltu    t5, t6, pc + 10
core   0: 3 0x800015c6 (0x01ff6563)
core   0: 0x800015ca (0x00008536) c.mv    a0, a3
core   0: 3 0x800015ca (0x8536) x10 0x00000000
core   0: 0x800015cc (0x0078fb33) and     s6, a7, t2
core   0: 3 0x800015cc (0x0078fb33) x22 0x00000006
core   0: 0x800015d0 (0x00000df5) c.addi  s11, 29
core   0: 3 0x800015d0 (0x0df5) x27 0xfffffddc
core   0: 0x800015d2 (0x3407f673) csrrci  a2, mscratch, 15
core   0: 3 0x800015d2 (0x3407f673) x12 0x00000006 c832_mscratch 0x00000000
core   0: 0x800015d6 (0x04ef4e63) blt     t5, a4, pc + 92
core   0: 3 0x800015d6 (0x04ef4e63)
core   0: 0x80001632 (0x00008dc1) c.or    a1, s0
core   0: 3 0x80001632 (0x8dc1) x11 0x0000007f
core   0: 0x80001634 (0x00009bfd) c.andi  a5, -1
core   0: 3 0x80001634 (0x9bfd) x15 0x00002000
core   0: 0x80001636 (0x03ab1233) mulh    tp, s6, s10
core   0: 3 0x80001636 (0x03ab1233) x 4 0x00000000
core   0: 0x8000163a (0x00004e95) c.li    t4, 5
core   0: 3 0x8000163a (0x4e95) x29 0x00000005
core   0: 0x8000163c (0x0376ebb3) rem     s7, a3, s7
core   0: 3 0x8000163c (0x0376ebb3) x23 0x00000000
core   0: 0x80001640 (0x004817b3) sll     a5, a6, tp
core   0: 3 0x80001640 (0x004817b3) x15 0x0000f3a6
core   0: 0x80001644 (0x0000c19d) c.beqz  a1, pc + 38
core   0: 3 0x80001644 (0xc19d)
core   0: 0x80001646 (0x021bd563) bge     s7, ra, pc + 42
core   0: 3 0x80001646 (0x021bd563)
core   0: 0x80001670 (0x013b1ab3) sll     s5, s6, s3
core   0: 3 0x80001670 (0x013b1ab3) x21 0x00000000
core   0: 0x80001674 (0x34006b73) csrrsi  s6, mscratch, 0
core   0: 3 0x80001674 (0x34006b73) x22 0x00000000
core   0: 0x80001678 (0x34007173) csrrci  sp, mscratch, 0
core   0: 3 0x80001678 (0x34007173) x 2 0x00000000
core   0: 0x8000167c (0xbcf66993) ori     s3, a2, -1073
core   0: 3 0x8000167c (0xbcf66993) x19 0xfffffbcf
core   0: 0x80001680 (0x000094fa) c.add   s1, t5
core   0: 3 0x80001680 (0x94fa) x 9 0x80030ca4
core   0: 0x80001682 (0x340bd7f3) csrrwi  a5, mscratch, 23
core   0: 3 0x80001682 (0x340bd7f3) x15 0x00000000 c832_mscratch 0x00000017
core   0: 0x80001686 (0x412dde93) srai    t4, s11, 18
core   0: 3 0x80001686 (0x412dde93) x29 0xffffffff
core   0: 0x8000168a (0x005d1993) slli    s3, s10, 5
core   0: 3 0x8000168a (0x005d1993) x19 0x001e7c60
core   0: 0x8000168e (0x000098fd) c.andi  s1, -1
core   0: 3 0x8000168e (0x98fd) x 9 0x80030ca4
core   0: 0x80001690 (0x033134b3) mulhu   s1, sp, s3
core   0: 3 0x80001690 (0x033134b3) x 9 0x00000000
core   0: 0x80001694 (0x00008fe5) c.and   a5, s1
core   0: 3 0x80001694 (0x8fe5) x15 0x00000000
core   0: 0x80001696 (0x0000996a) c.add   s2, s10
core   0: 3 0x80001696 (0x996a) x18 0x0000f462
core   0: 0x80001698 (0x0398dd63) bge     a7, s9, pc + 58
core   0: 3 0x80001698 (0x0398dd63)
core   0: 0x800016d2 (0x013c9763) bne     s9, s3, pc + 14
core   0: 3 0x800016d2 (0x013c9763)
core   0: 0x800016e0 (0x02906563) bltu    zero, s1, pc + 42
core   0: 3 0x800016e0 (0x02906563)
core   0: 0x800016e4 (0x0207e163) bltu    a5, zero, pc + 34
core   0: 3 0x800016e4 (0x0207e163)
core   0: 0x800016e8 (0x62e53593) sltiu   a1, a0, 1582
core   0: 3 0x800016e8 (0x62e53593) x11 0x00000001
core   0: 0x800016ec (0x008ed363) bge     t4, s0, pc + 6
core   0: 3 0x800016ec (0x008ed363)
core   0: 0x800016f0 (0x00008d25) c.xor   a0, s1
core   0: 3 0x800016f0 (0x8d25) x10 0x00000000
core   0: 0x800016f2 (0x03e401b3) mul     gp, s0, t5
core   0: 3 0x800016f2 (0x03e401b3) x 3 0x8163c4dc
core   0: 0x800016f6 (0x416d0b33) sub     s6, s10, s6
core   0: 3 0x800016f6 (0x416d0b33) x22 0x0000f3e3
core   0: 0x800016fa (0x00008df9) c.and   a1, a4
core   0: 3 0x800016fa (0x8df9) x11 0x00000001
core   0: 0x800016fc (0xfbcfb493) sltiu   s1, t6, -68
core   0: 3 0x800016fc (0xfbcfb493) x 9 0x00000001
core   0: 0x80001700 (0x0000054e) c.slli  a0, 19
core   0: 3 0x80001700 (0x054e) x10 0x00000000
core   0: 0x80001702 (0x34062c73) csrrs   s8, mscratch, a2
core   0: 3 0x80001702 (0x34062c73) x24 0x00000017 c832_mscratch 0x00000017
core   0: 0x80001706 (0x0870aa93) slti    s5, ra, 135
core   0: 3 0x80001706 (0x0870aa93) x21 0x00000001
core   0: 0x8000170a (0x340baa73) csrrs   s4, mscratch, s7
core   0: 3 0x8000170a (0x340baa73) x20 0x00000017 c832_mscratch 0x00000017
core   0: 0x8000170e (0xe7d7ae13) slti    t3, a5, -387
core   0: 3 0x8000170e (0xe7d7ae13) x28 0x00000000
core   0: 0x80001712 (0x034ff433) remu    s0, t6, s4
core   0: 3 0x80001712 (0x034ff433) x 8 0x00000001
core   0: 0x80001716 (0x02ba6fb3) rem     t6, s4, a1
core   0: 3 0x80001716 (0x02ba6fb3) x31 0x00000000
core   0: 0x8000171a (0x014fe333) or      t1, t6, s4
core   0: 3 0x8000171a (0x014fe333) x 6 0x00000017
core   0: 0x8000171e (0x011a9c13) slli    s8, s5, 17
core   0: 3 0x8000171e (0x011a9c13) x24 0x00020000
core   0: 0x80001722 (0x0000517d) c.li    sp, -1
core   0: 3 0x80001722 (0x517d) x 2 0xffffffff
core   0: 0x80001724 (0x039b6533) rem     a0, s6, s9
core   0: 3 0x80001724 (0x039b6533) x10 0x00000020
core   0: 0x80001728 (0x02be8533) mul     a0, t4, a1
core   0: 3 0x80001728 (0x02be8533) x10 0xffffffff
core   0: 0x8000172c (0x00008031) c.srli  s0, 12
core   0: 3 0x8000172c (0x8031) x 8 0x00000000
core   0: 0x8000172e (0x00008c15) c.sub   s0, a3
core   0: 3 0x8000172e (0x8c15) x 8 0x00000000
core   0: 0x80001730 (0x00268ab3) add     s5, a3, sp
core   0: 3 0x80001730 (0x00268ab3) x21 0xffffffff
core   0: 0x80001734 (0x340f1373) csrrw   t1, mscratch, t5
core   0: 3 0x80001734 (0x340f1373) x 6 0x00000017 c832_mscratch 0x8002cd24
core   0: 0x80001738 (0x405c06b3) sub     a3, s8, t0
core   0: 3 0x80001738 (0x405c06b3) x13 0x7fff715c
core   0: 0x8000173c (0xdb3fa437) lui     s0, 0xdb3fa
core   0: 3 0x8000173c (0xdb3fa437) x 8 0xdb3fa000
core   0: 0x80001740 (0x00000b61) c.addi  s6, 24
core   0: 3 0x80001740 (0x0b61) x22 0x0000f3fb
core   0: 0x80001742 (0x00b6bfb3) sltu    t6, a3, a1
core   0: 3 0x80001742 (0x00b6bfb3) x31 0x00000000
core   0: 0x80001746 (0x0060feb3) and     t4, ra, t1
core   0: 3 0x80001746 (0x0060feb3) x29 0x00000000
core   0: 0x8000174a (0x40a55a33) sra     s4, a0, a0
core   0: 3 0x8000174a (0x40a55a33) x20 0xffffffff
core   0: 0x8000174e (0x0000100f) fence.i
core   0: 3 0x8000174e (0x0000100f)
core   0: 0x80001752 (0x02c36663) bltu    t1, a2, pc + 44
core   0: 3 0x80001752 (0x02c36663)
core   0: 0x80001756 (0x0000100f) fence.i
core   0: 3 0x80001756 (0x0000100f)
core   0: 0x8000175a (0x00d84333) xor     t1, a6, a3
core   0: 3 0x8000175a (0x00d84333) x 6 0x7fff82fa
core   0: 0x8000175e (0x0000833d) c.srli  a4, 15
core   0: 3 0x8000175e (0x833d) x14 0x0001ffff
core   0: 0x80001760 (0x0000c89d) c.beqz  s1, pc + 54
core   0: 3 0x80001760 (0xc89d)
core   0: 0x80001762 (0x0371b8b3) mulhu   a7, gp, s7
core   0: 3 0x80001762 (0x0371b8b3) x17 0x00000000
core   0: 0x80001766 (0x000081d9) c.srli  a1, 22
core   0: 3 0x80001766 (0x81d9) x11 0x00000000
core   0: 0x80001768 (0x34003873) csrrc   a6, mscratch, zero
core   0: 3 0x80001768 (0x34003873) x16 0x8002cd24
core   0: 0x8000176c (0x020e0533) mul     a0, t3, zero
core   0: 3 0x8000176c (0x020e0533) x10 0x00000000
core   0: 0x80001770 (0x34003073) csrc    mscratch, zero
core   0: 3 0x80001770 (0x34003073)
core   0: 0x80001774 (0x016498b3) sll     a7, s1, s6
core   0: 3 0x80001774 (0x016498b3) x17 0x08000000
core   0: 0x80001778 (0x013ad333) srl     t1, s5, s3
core   0: 3 0x80001778 (0x013ad333) x 6 0xffffffff
core   0: 0x8000177c (0x00000001) c.nop
core   0: 3 0x8000177c (0x0001)
core   0: 0x8000177e (0x00b24ab3) xor     s5, tp, a1
core   0: 3 0x8000177e (0x00b24ab3) x21 0x00000000
core   0: 0x80001782 (0x02d81663) bne     a6, a3, pc + 44
core   0: 3 0x80001782 (0x02d81663)
core   0: 0x800017ae (0x01c26733) or      a4, tp, t3
core   0: 3 0x800017ae (0x01c26733) x14 0x00000000
core   0: 0x800017b2 (0x03421833) mulh    a6, tp, s4
core   0: 3 0x800017b2 (0x03421833) x16 0x00000000
core   0: 0x800017b6 (0x02d95933) divu    s2, s2, a3
core   0: 3 0x800017b6 (0x02d95933) x18 0x00000000
core   0: 0x800017ba (0x0379e0b3) rem     ra, s3, s7
core   0: 3 0x800017ba (0x0379e0b3) x 1 0x001e7c60
core   0: 0x800017be (0x00004799) c.li    a5, 6
core   0: 3 0x800017be (0x4799) x15 0x00000006
core   0: 0x800017c0 (0x000060c9) c.lui   ra, 0x12
core   0: 3 0x800017c0 (0x60c9) x 1 0x00012000
core   0: 0x800017c2 (0x34061773) csrrw   a4, mscratch, a2
core   0: 3 0x800017c2 (0x34061773) x14 0x8002cd24 c832_mscratch 0x00000006
core   0: 0x800017c6 (0x9ec9a693) slti    a3, s3, -1556
core   0: 3 0x800017c6 (0x9ec9a693) x13 0x00000000
core   0: 0x800017ca (0x00008de1) c.and   a1, s0
core   0: 3 0x800017ca (0x8de1) x11 0x00000000
core   0: 0x800017cc (0xa2ba11b7) lui     gp, 0xa2ba1
core   0: 3 0x800017cc (0xa2ba11b7) x 3 0xa2ba1000
core   0: 0x800017d0 (0x00000b1c) c.addi4spn a5, sp, 400
core   0: 3 0x800017d0 (0x0b1c) x15 0x0000018f
core   0: 0x800017d2 (0x02fb5663) bge     s6, a5, pc + 44
core   0: 3 0x800017d2 (0x02fb5663)
core   0: 0x800017fe (0x00008849) c.andi  s0, 18
core   0: 3 0x800017fe (0x8849) x 8 0x00000000
core   0: 0x80001800 (0x00af9c33) sll     s8, t6, a0
core   0: 3 0x80001800 (0x00af9c33) x24 0x00000000
core   0: 0x80001804 (0x02ac94b3) mulh    s1, s9, a0
core   0: 3 0x80001804 (0x02ac94b3) x 9 0x00000000
core   0: 0x80001808 (0x03da0333) mul     t1, s4, t4
core   0: 3 0x80001808 (0x03da0333) x 6 0x00000000
core   0: 0x8000180c (0x34003df3) csrrc   s11, mscratch, zero
core   0: 3 0x8000180c (0x34003df3) x27 0x00000006
core   0: 0x80001810 (0x2660cb17) auipc   s6, 0x2660c
core   0: 3 0x80001810 (0x2660cb17) x22 0xa660d810
core   0: 0x80001814 (0x0194dc93) srli    s9, s1, 25
core   0: 3 0x80001814 (0x0194dc93) x25 0x00000000
core   0: 0x80001818 (0x03da3cb3) mulhu   s9, s4, t4
core   0: 3 0x80001818 (0x03da3cb3) x25 0x00000000
core   0: 0x8000181c (0x015e8cb3) add     s9, t4, s5
core   0: 3 0x8000181c (0x015e8cb3) x25 0x00000000
core   0: 0x80001820 (0x00008d11) c.sub   a0, a2
core   0: 3 0x80001820 (0x8d11) x10 0xfffffffa
core   0: 0x80001822 (0x548296b7) lui     a3, 0x54829
core   0: 3 0x80001822 (0x548296b7) x13 0x54829000
core   0: 0x80001826 (0x025e35b3) mulhu   a1, t3, t0
core   0: 3 0x80001826 (0x025e35b3) x11 0x00000000
core   0: 0x8000182a (0x00006145) c.addi16sp sp, 48
core   0: 3 0x8000182a (0x6145) x 2 0x0000002f
core   0: 0x8000182c (0x023a5cb3) divu    s9, s4, gp
core   0: 3 0x8000182c (0x023a5cb3) x25 0x00000001
core   0: 0x80001830 (0x010e7733) and     a4, t3, a6
core   0: 3 0x80001830 (0x010e7733) x14 0x00000000
core   0: 0x80001834 (0x00c1c733) xor     a4, gp, a2
core   0: 3 0x80001834 (0x00c1c733) x14 0xa2ba1006
core   0: 0x80001838 (0x0000547d) c.li    s0, -1
core   0: 3 0x80001838 (0x547d) x 8 0xffffffff
core   0: 0x8000183a (0x0328f863) bgeu    a7, s2, pc + 48
core   0: 3 0x8000183a (0x0328f863)
core   0: 0x8000186a (0x34003573) csrrc   a0, mscratch, zero
core   0: 3 0x8000186a (0x34003573) x10 0x00000006
core   0: 0x8000186e (0x6e4ae713) ori     a4, s5, 1764
core   0: 3 0x8000186e (0x6e4ae713) x14 0x000006e4
core   0: 0x80001872 (0x340c6573) csrrsi  a0, mscratch, 24
core   0: 3 0x80001872 (0x340c6573) x10 0x00000006 c832_mscratch 0x0000001e
core   0: 0x80001876 (0x0000867d) c.srai  a2, 31
core   0: 3 0x80001876 (0x867d) x12 0x00000000
core   0: 0x80001878 (0x41ffda13) srai    s4, t6, 31
core   0: 3 0x80001878 (0x41ffda13) x20 0x00000000
core   0: 0x8000187c (0x340fbbf3) csrrc   s7, mscratch, t6
core   0: 3 0x8000187c (0x340fbbf3) x23 0x0000001e c832_mscratch 0x0000001e
core   0: 0x80001880 (0x340b5273) csrrwi  tp, mscratch, 22
core   0: 3 0x80001880 (0x340b5273) x 4 0x0000001e c832_mscratch 0x00000016
core   0: 0x80001884 (0x039ad8b3) divu    a7, s5, s9
core   0: 3 0x80001884 (0x039ad8b3) x17 0x00000000
core   0: 0x80001888 (0x0000101c) c.addi4spn a5, sp, 32
core   0: 3 0x80001888 (0x101c) x15 0x0000004f
core   0: 0x8000188a (0x02fdea13) ori     s4, s11, 47
core   0: 3 0x8000188a (0x02fdea13) x20 0x0000002f
core   0: 0x8000188e (0x00006111) c.addi16sp sp, 256
core   0: 3 0x8000188e (0x6111) x 2 0x0000012f
core   0: 0x80001890 (0x00000001) c.nop
core   0: 3 0x80001890 (0x0001)
core   0: 0x80001892 (0xb142ad37) lui     s10, 0xb142a
core   0: 3 0x80001892 (0xb142ad37) x26 0xb142a000
core   0: 0x80001896 (0x2d033c13) sltiu   s8, t1, 720
core   0: 3 0x80001896 (0x2d033c13) x24 0x00000001
core   0: 0x8000189a (0x78674897) auipc   a7, 0x78674
core   0: 3 0x8000189a (0x78674897) x17 0xf867589a
core   0: 0x8000189e (0x03489763) bne     a7, s4, pc + 46
core   0: 3 0x8000189e (0x03489763)
core   0: 0x800018cc (0x340064f3) csrrsi  s1, mscratch, 0
core   0: 3 0x800018cc (0x340064f3) x 9 0x00000016
core   0: 0x800018d0 (0x41e25333) sra     t1, tp, t5
core   0: 3 0x800018d0 (0x41e25333) x 6 0x00000001
core   0: 0x800018d4 (0x00000001) c.nop
core   0: 3 0x800018d4 (0x0001)
core   0: 0x800018d6 (0x03081463) bne     a6, a6, pc + 40
core   0: 3 0x800018d6 (0x03081463)
core   0: 0x800018da (0x00dc67b3) or      a5, s8, a3
core   0: 3 0x800018da (0x00dc67b3) x15 0x54829001
core   0: 0x800018de (0x03b87d33) remu    s10, a6, s11
core   0: 3 0x800018de (0x03b87d33) x26 0x00000000
core   0: 0x800018e2 (0x00008179) c.srli  a0, 30
core   0: 3 0x800018e2 (0x8179) x10 0x00000000
core   0: 0x800018e4 (0x06d1b217) auipc   tp, 0x6d1b
core   0: 3 0x800018e4 (0x06d1b217) x 4 0x86d1c8e4
core   0: 0x800018e8 (0x02adfdb3) remu    s11, s11, a0
core   0: 3 0x800018e8 (0x02adfdb3) x27 0x00000006
core   0: 0x800018ec (0x0036ca33) xor     s4, a3, gp
core   0: 3 0x800018ec (0x0036ca33) x20 0xf6388000
core   0: 0x800018f0 (0x00000001) c.nop
core   0: 3 0x800018f0 (0x0001)
core   0: 0x800018f2 (0x03294ab3) div     s5, s2, s2
core   0: 3 0x800018f2 (0x03294ab3) x21 0xffffffff
core   0: 0x800018f6 (0x000006aa) c.slli  a3, 10
core   0: 3 0x800018f6 (0x06aa) x13 0x0a400000
core   0: 0x800018f8 (0x00000516) c.slli  a0, 5
core   0: 3 0x800018f8 (0x0516) x10 0x00000000
core   0: 0x800018fa (0x34047c73) csrrci  s8, mscratch, 8
core   0: 3 0x800018fa (0x34047c73) x24 0x00000016 c832_mscratch 0x00000016
core   0: 0x800018fe (0x00008ca2) c.mv    s9, s0
core   0: 3 0x800018fe (0x8ca2) x25 0xffffffff
core   0: 0x80001900 (0x00ca8133) add     sp, s5, a2
core   0: 3 0x80001900 (0x00ca8133) x 2 0xffffffff
core   0: 0x80001904 (0x02a4c4b3) div     s1, s1, a0
core   0: 3 0x80001904 (0x02a4c4b3) x 9 0xffffffff
core   0: 0x80001908 (0x0000632d) c.lui   t1, 0xb
core   0: 3 0x80001908 (0x632d) x 6 0x0000b000
core   0: 0x8000190a (0x00008069) c.srli  s0, 26
core   0: 3 0x8000190a (0x8069) x 8 0x0000003f
core   0: 0x8000190c (0x01c58333) add     t1, a1, t3
core   0: 3 0x8000190c (0x01c58333) x 6 0x00000000
core   0: 0x80001910 (0x34007cf3) csrrci  s9, mscratch, 0
core   0: 3 0x80001910 (0x34007cf3) x25 0x00000016
core   0: 0x80001914 (0x03910ab3) mul     s5, sp, s9
core   0: 3 0x80001914 (0x03910ab3) x21 0xffffffea
core   0: 0x80001918 (0x0000ed0d) c.bnez  a0, pc + 58
core   0: 3 0x80001918 (0xed0d)
core   0: 0x8000191a (0x009478b3) and     a7, s0, s1
core   0: 3 0x8000191a (0x009478b3) x17 0x0000003f
core   0: 0x8000191e (0x03251c63) bne     a0, s2, pc + 56
core   0: 3 0x8000191e (0x03251c63)
core   0: 0x80001922 (0x34051573) csrrw   a0, mscratch, a0
core   0: 3 0x80001922 (0x34051573) x10 0x00000016 c832_mscratch 0x00000000
core   0: 0x80001926 (0x34003e73) csrrc   t3, mscratch, zero
core   0: 3 0x80001926 (0x34003e73) x28 0x00000000
core   0: 0x8000192a (0x0000ea91) c.bnez  a3, pc + 20
core   0: 3 0x8000192a (0xea91)
core   0: 0x8000193e (0x03da9233) mulh    tp, s5, t4
core   0: 3 0x8000193e (0x03da9233) x 4 0x00000000
core   0: 0x80001942 (0x407e0a33) sub     s4, t3, t2
core   0: 3 0x80001942 (0x407e0a33) x20 0xfffffffa
core   0: 0x80001946 (0x05526063) bltu    tp, s5, pc + 64
core   0: 3 0x80001946 (0x05526063)
core   0: 0x80001986 (0x01904eb3) xor     t4, zero, s9
core   0: 3 0x80001986 (0x01904eb3) x29 0x00000016
core   0: 0x8000198a (0x3404dd73) csrrwi  s10, mscratch, 9
core   0: 3 0x8000198a (0x3404dd73) x26 0x00000000 c832_mscratch 0x00000009
core   0: 0x8000198e (0x20b2a513) slti    a0, t0, 523
core   0: 3 0x8000198e (0x20b2a513) x10 0x00000001
core   0: 0x80001992 (0x340435f3) csrrc   a1, mscratch, s0
core   0: 3 0x80001992 (0x340435f3) x11 0x00000009 c832_mscratch 0x00000000
core   0: 0x80001996 (0x00004a1d) c.li    s4, 7
core   0: 3 0x80001996 (0x4a1d) x20 0x00000007
core   0: 0x80001998 (0x18827413) andi    s0, tp, 392
core   0: 3 0x80001998 (0x18827413) x 8 0x00000000
core   0: 0x8000199c (0x05280863) beq     a6, s2, pc + 80
core   0: 3 0x8000199c (0x05280863)
core   0: 0x800019ec (0x00001bfd) c.addi  s7, -1
core   0: 3 0x800019ec (0x1bfd) x23 0x0000001d
core   0: 0x800019ee (0x7fdc8837) lui     a6, 0x7fdc8
core   0: 3 0x800019ee (0x7fdc8837) x16 0x7fdc8000
core   0: 0x800019f2 (0x26f03c13) sltiu   s8, zero, 623
core   0: 3 0x800019f2 (0x26f03c13) x24 0x00000001
core   0: 0x800019f6 (0x034c2ab3) mulhsu  s5, s8, s4
core   0: 3 0x800019f6 (0x034c2ab3) x21 0x00000000
core   0: 0x800019fa (0x02fac933) div     s2, s5, a5
core   0: 3 0x800019fa (0x02fac933) x18 0x00000000
core   0: 0x800019fe (0x00c81cb3) sll     s9, a6, a2
core   0: 3 0x800019fe (0x00c81cb3) x25 0x7fdc8000
core   0: 0x80001a02 (0x016567b3) or      a5, a0, s6
core   0: 3 0x80001a02 (0x016567b3) x15 0xa660d811
core   0: 0x80001a06 (0x00009eb2) c.add   t4, a2
core   0: 3 0x80001a06 (0x9eb2) x29 0x00000016
core   0: 0x80001a08 (0x00ac5763) bge     s8, a0, pc + 14
core   0: 3 0x80001a08 (0x00ac5763)
core   0: 0x80001a16 (0x0048fc33) and     s8, a7, tp
core   0: 3 0x80001a16 (0x0048fc33) x24 0x00000000
core   0: 0x80001a1a (0x408ad4b3) sra     s1, s5, s0
core   0: 3 0x80001a1a (0x408ad4b3) x 9 0x00000000
core   0: 0x80001a1e (0x027266b3) rem     a3, tp, t2
core   0: 3 0x80001a1e (0x027266b3) x13 0x00000000
core   0: 0x80001a22 (0x41e9b317) auipc   t1, 0x41e9b
core   0: 3 0x80001a22 (0x41e9b317) x 6 0xc1e9ca22
core   0: 0x80001a26 (0x03290bb3) mul     s7, s2, s2
core   0: 3 0x80001a26 (0x03290bb3) x23 0x00000000
core   0: 0x80001a2a (0x0000ce1d) c.beqz  a2, pc + 62
core   0: 3 0x80001a2a (0xce1d)
core   0: 0x80001a68 (0x00009556) c.add   a0, s5
core   0: 3 0x80001a68 (0x9556) x10 0x00000001
core   0: 0x80001a6a (0x400d8bb3) sub     s7, s11, zero
core   0: 3 0x80001a6a (0x400d8bb3) x23 0x00000006
core   0: 0x80001a6e (0xfeed4993) xori    s3, s10, -18
core   0: 3 0x80001a6e (0xfeed4993) x19 0xffffffee
core   0: 0x80001a72 (0x408adb93) srai    s7, s5, 8
core   0: 3 0x80001a72 (0x408adb93) x23 0x00000000
core   0: 0x80001a76 (0x01b07863) bgeu    zero, s11, pc + 16
core   0: 3 0x80001a76 (0x01b07863)
core   0: 0x80001a7a (0x45e70c93) addi    s9, a4, 1118
core   0: 3 0x80001a7a (0x45e70c93) x25 0x00000b42
core   0: 0x80001a7e (0x012b6033) or      zero, s6, s2
core   0: 3 0x80001a7e (0x012b6033)
core   0: 0x80001a82 (0x02485163) bge     a6, tp, pc + 34
core   0: 3 0x80001a82 (0x02485163)
core   0: 0x80001aa4 (0x00000d0c) c.addi4spn a1, sp, 656
core   0: 3 0x80001aa4 (0x0d0c) x11 0x0000028f
core   0: 0x80001aa6 (0x004c0c63) beq     s8, tp, pc + 24
core   0: 3 0x80001aa6 (0x004c0c63)
core   0: 0x80001abe (0x34007573) csrrci  a0, mscratch, 0
core   0: 3 0x80001abe (0x34007573) x10 0x00000000
core   0: 0x80001ac2 (0x00008f1d) c.sub   a4, a5
core   0: 3 0x80001ac2 (0x8f1d) x14 0x599f2ed3
core   0: 0x80001ac4 (0x340fe4f3) csrrsi  s1, mscratch, 31
core   0: 3 0x80001ac4 (0x340fe4f3) x 9 0x00000000 c832_mscratch 0x0000001f
core   0: 0x80001ac8 (0xdaf8ba13) sltiu   s4, a7, -593
core   0: 3 0x80001ac8 (0xdaf8ba13) x20 0x00000001
core   0: 0x80001acc (0x00008451) c.srai  s0, 20
core   0: 3 0x80001acc (0x8451) x 8 0x00000000
core   0: 0x80001ace (0x017c4a33) xor     s4, s8, s7
core   0: 3 0x80001ace (0x017c4a33) x20 0x00000000
core   0: 0x80001ad2 (0x034be533) rem     a0, s7, s4
core   0: 3 0x80001ad2 (0x034be533) x10 0x00000000
core   0: 0x80001ad6 (0x0231d763) bge     gp, gp, pc + 46
core   0: 3 0x80001ad6 (0x0231d763)
core   0: 0x80001b04 (0x34047e73) csrrci  t3, mscratch, 8
core   0: 3 0x80001b04 (0x34047e73) x28 0x0000001f c832_mscratch 0x00000017
core   0: 0x80001b08 (0x00000001) c.nop
core   0: 3 0x80001b08 (0x0001)
core   0: 0x80001b0a (0x03728663) beq     t0, s7, pc + 44
core   0: 3 0x80001b0a (0x03728663)
core   0: 0x80001b0e (0x0000577d) c.li    a4, -1
core   0: 3 0x80001b0e (0x577d) x14 0xffffffff
core   0: 0x80001b10 (0x029c4033) div     zero, s8, s1
core   0: 3 0x80001b10 (0x029c4033)
core   0: 0x80001b14 (0x35d83c93) sltiu   s9, a6, 861
core   0: 3 0x80001b14 (0x35d83c93) x25 0x00000000
core   0: 0x80001b18 (0x00008e65) c.and   a2, s1
core   0: 3 0x80001b18 (0x8e65) x12 0x00000000
core   0: 0x80001b1a (0x1d7d8797) auipc   a5, 0x1d7d8
core   0: 3 0x80001b1a (0x1d7d8797) x15 0x9d7d9b1a
core   0: 0x80001b1e (0x34015af3) csrrwi  s5, mscratch, 2
core   0: 3 0x80001b1e (0x34015af3) x21 0x00000017 c832_mscratch 0x00000002
core   0: 0x80001b22 (0x00008f81) c.sub   a5, s0
core   0: 3 0x80001b22 (0x8f81) x15 0x9d7d9b1a
core   0: 0x80001b24 (0x00d58833) add     a6, a1, a3
core   0: 3 0x80001b24 (0x00d58833) x16 0x0000028f
core   0: 0x80001b28 (0x00000c86) c.slli  s9, 1
core   0: 3 0x80001b28 (0x0c86) x25 0x00000000
core   0: 0x80001b2a (0x03a2c863) blt     t0, s10, pc + 48
core   0: 3 0x80001b2a (0x03a2c863)
core   0: 0x80001b5a (0x00006145) c.addi16sp sp, 48
core   0: 3 0x80001b5a (0x6145) x 2 0x0000002f
core   0: 0x80001b5c (0x0000c711) c.beqz  a4, pc + 12
core   0: 3 0x80001b5c (0xc711)
core   0: 0x80001b5e (0x41f85693) srai    a3, a6, 31
core   0: 3 0x80001b5e (0x41f85693) x13 0x00000000
core   0: 0x80001b62 (0x00008e6d) c.and   a2, a1
core   0: 3 0x80001b62 (0x8e6d) x12 0x00000000
core   0: 0x80001b64 (0x34007ef3) csrrci  t4, mscratch, 0
core   0: 3 0x80001b64 (0x34007ef3) x29 0x00000002
core   0: 0x80001b68 (0x34002673) csrr    a2, mscratch
core   0: 3 0x80001b68 (0x34002673) x12 0x00000002
core   0: 0x80001b6c (0x00008df5) c.and   a1, a3
core   0: 3 0x80001b6c (0x8df5) x11 0x00000000
core   0: 0x80001b6e (0x00008a0a) c.mv    s4, sp
core   0: 3 0x80001b6e (0x8a0a) x20 0x0000002f
core   0: 0x80001b70 (0x00009b9e) c.add   s7, t2
core   0: 3 0x80001b70 (0x9b9e) x23 0x00000006
core   0: 0x80001b72 (0x012f5413) srli    s0, t5, 18
core   0: 3 0x80001b72 (0x012f5413) x 8 0x00002000
core   0: 0x80001b76 (0x406cdeb3) sra     t4, s9, t1
core   0: 3 0x80001b76 (0x406cdeb3) x29 0x00000000
core   0: 0x80001b7a (0x34099473) csrrw   s0, mscratch, s3
core   0: 3 0x80001b7a (0x34099473) x 8 0x00000002 c832_mscratch 0xffffffee
core   0: 0x80001b7e (0x0108e363) bltu    a7, a6, pc + 6
core   0: 3 0x80001b7e (0x0108e363)
core   0: 0x80001b84 (0x01e01533) sll     a0, zero, t5
core   0: 3 0x80001b84 (0x01e01533) x10 0x00000000
core   0: 0x80001b88 (0x000059d9) c.li    s3, -10
core   0: 3 0x80001b88 (0x59d9) x19 0xfffffff6
core   0: 0x80001b8a (0x00008e01) c.sub   a2, s0
core   0: 3 0x80001b8a (0x8e01) x12 0x00000000
core   0: 0x80001b8c (0x005cbbb3) sltu    s7, s9, t0
core   0: 3 0x80001b8c (0x005cbbb3) x23 0x00000001
core   0: 0x80001b90 (0x0002fab3) and     s5, t0, zero
core   0: 3 0x80001b90 (0x0002fab3) x21 0x00000000
core   0: 0x80001b94 (0x0000586d) c.li    a6, -5
core   0: 3 0x80001b94 (0x586d) x16 0xfffffffb
core   0: 0x80001b96 (0x34007973) csrrci  s2, mscratch, 0
core   0: 3 0x80001b96 (0x34007973) x18 0xffffffee
core   0: 0x80001b9a (0x01f44633) xor     a2, s0, t6
core   0: 3 0x80001b9a (0x01f44633) x12 0x00000002
core   0: 0x80001b9e (0x0279acb3) mulhsu  s9, s3, t2
core   0: 3 0x80001b9e (0x0279acb3) x25 0xffffffff
core   0: 0x80001ba2 (0x340925f3) csrrs   a1, mscratch, s2
core   0: 3 0x80001ba2 (0x340925f3) x11 0xffffffee c832_mscratch 0xffffffee
core   0: 0x80001ba6 (0xb3243b93) sltiu   s7, s0, -1230
core   0: 3 0x80001ba6 (0xb3243b93) x23 0x00000001
core   0: 0x80001baa (0x000009a5) c.addi  s3, 9
core   0: 3 0x80001baa (0x09a5) x19 0xffffffff
core   0: 0x80001bac (0x00008d4d) c.or    a0, a1
core   0: 3 0x80001bac (0x8d4d) x10 0xffffffee
core   0: 0x80001bae (0x000051fd) c.li    gp, -1
core   0: 3 0x80001bae (0x51fd) x 3 0xffffffff
core   0: 0x80001bb0 (0x022a4eb3) div     t4, s4, sp
core   0: 3 0x80001bb0 (0x022a4eb3) x29 0x00000001
core   0: 0x80001bb4 (0x00004751) c.li    a4, 20
core   0: 3 0x80001bb4 (0x4751) x14 0x00000014
core   0: 0x80001bb6 (0x003a78b3) and     a7, s4, gp
core   0: 3 0x80001bb6 (0x003a78b3) x17 0x0000002f
core   0: 0x80001bba (0x029b9333) mulh    t1, s7, s1
core   0: 3 0x80001bba (0x029b9333) x 6 0x00000000
core   0: 0x80001bbe (0x00008c71) c.and   s0, a2
core   0: 3 0x80001bbe (0x8c71) x 8 0x00000002
core   0: 0x80001bc0 (0x878feb17) auipc   s6, 0x878fe
core   0: 3 0x80001bc0 (0x878feb17) x22 0x078ffbc0
core   0: 0x80001bc4 (0x003f3ab3) sltu    s5, t5, gp
core   0: 3 0x80001bc4 (0x003f3ab3) x21 0x00000001
core   0: 0x80001bc8 (0x0000019d) c.addi  gp, 7
core   0: 3 0x80001bc8 (0x019d) x 3 0x00000006
core   0: 0x80001bca (0xfee19ae3) bne     gp, a4, pc - 12
core   0: 3 0x80001bca (0xfee19ae3)
core   0: 0x80001bbe (0x00008c71) c.and   s0, a2
core   0: 3 0x80001bbe (0x8c71) x 8 0x00000002
core   0: 0x80001bc0 (0x878feb17) auipc   s6, 0x878fe
core   0: 3 0x80001bc0 (0x878feb17) x22 0x078ffbc0
core   0: 0x80001bc4 (0x003f3ab3) sltu    s5, t5, gp
core   0: 3 0x80001bc4 (0x003f3ab3) x21 0x00000000
core   0: 0x80001bc8 (0x0000019d) c.addi  gp, 7
core   0: 3 0x80001bc8 (0x019d) x 3 0x0000000d
core   0: 0x80001bca (0xfee19ae3) bne     gp, a4, pc - 12
core   0: 3 0x80001bca (0xfee19ae3)
core   0: 0x80001bbe (0x00008c71) c.and   s0, a2
core   0: 3 0x80001bbe (0x8c71) x 8 0x00000002
core   0: 0x80001bc0 (0x878feb17) auipc   s6, 0x878fe
core   0: 3 0x80001bc0 (0x878feb17) x22 0x078ffbc0
core   0: 0x80001bc4 (0x003f3ab3) sltu    s5, t5, gp
core   0: 3 0x80001bc4 (0x003f3ab3) x21 0x00000000
core   0: 0x80001bc8 (0x0000019d) c.addi  gp, 7
core   0: 3 0x80001bc8 (0x019d) x 3 0x00000014
core   0: 0x80001bca (0xfee19ae3) bne     gp, a4, pc - 12
core   0: 3 0x80001bca (0xfee19ae3)
core   0: 0x80001bce (0x00f73633) sltu    a2, a4, a5
core   0: 3 0x80001bce (0x00f73633) x12 0x00000001
core   0: 0x80001bd2 (0xfd09c6e3) blt     s3, a6, pc - 52
core   0: 3 0x80001bd2 (0xfd09c6e3)
core   0: 0x80001bd6 (0x00000001) c.nop
core   0: 3 0x80001bd6 (0x0001)
core   0: 0x80001bd8 (0x00008e8d) c.sub   a3, a1
core   0: 3 0x80001bd8 (0x8e8d) x13 0x00000012
core   0: 0x80001bda (0x00000001) c.nop
core   0: 3 0x80001bda (0x0001)
core   0: 0x80001bdc (0x0000c015) c.beqz  s0, pc + 36
core   0: 3 0x80001bdc (0xc015)
core   0: 0x80001bde (0xe9063793) sltiu   a5, a2, -368
core   0: 3 0x80001bde (0xe9063793) x15 0x00000001
core   0: 0x80001be2 (0x0199fe33) and     t3, s3, s9
core   0: 3 0x80001be2 (0x0199fe33) x28 0xffffffff
core   0: 0x80001be6 (0x00008c0d) c.sub   s0, a1
core   0: 3 0x80001be6 (0x8c0d) x 8 0x00000014
core   0: 0x80001be8 (0xa5346597) auipc   a1, 0xa5346
core   0: 3 0x80001be8 (0xa5346597) x11 0x25347be8
core   0: 0x80001bec (0x00008ee5) c.and   a3, s1
core   0: 3 0x80001bec (0x8ee5) x13 0x00000000
core   0: 0x80001bee (0x00000001) c.nop
core   0: 3 0x80001bee (0x0001)
core   0: 0x80001bf0 (0x00004315) c.li    t1, 5
core   0: 3 0x80001bf0 (0x4315) x 6 0x00000005
core   0: 0x80001bf2 (0x00a659b3) srl     s3, a2, a0
core   0: 3 0x80001bf2 (0x00a659b3) x19 0x00000000
core   0: 0x80001bf6 (0x0114da93) srli    s5, s1, 17
core   0: 3 0x80001bf6 (0x0114da93) x21 0x00000000
core   0: 0x80001bfa (0x0ff0000f) fence   iorw,iorw
core   0: 3 0x80001bfa (0x0ff0000f)
core   0: 0x80001bfe (0x00008511) c.srai  a0, 4
core   0: 3 0x80001bfe (0x8511) x10 0xfffffffe
core   0: 0x80001c00 (0x00001bfd) c.addi  s7, -1
core   0: 3 0x80001c00 (0x1bfd) x23 0x00000000
core   0: 0x80001c02 (0x0154a0b3) slt     ra, s1, s5
core   0: 3 0x80001c02 (0x0154a0b3) x 1 0x00000000
core   0: 0x80001c06 (0x02931733) mulh    a4, t1, s1
core   0: 3 0x80001c06 (0x02931733) x14 0x00000000
core   0: 0x80001c0a (0x0000717d) c.addi16sp sp, -16
core   0: 3 0x80001c0a (0x717d) x 2 0x0000001f
core   0: 0x80001c0c (0x03600833) mul     a6, zero, s6
core   0: 3 0x80001c0c (0x03600833) x16 0x00000000
core   0: 0x80001c10 (0x00e45b33) srl     s6, s0, a4
core   0: 3 0x80001c10 (0x00e45b33) x22 0x00000014
core   0: 0x80001c14 (0x03f23b33) mulhu   s6, tp, t6
core   0: 3 0x80001c14 (0x03f23b33) x22 0x00000000
core   0: 0x80001c18 (0x002c5a93) srli    s5, s8, 2
core   0: 3 0x80001c18 (0x002c5a93) x21 0x00000000
core   0: 0x80001c1c (0x000051fd) c.li    gp, -1
core   0: 3 0x80001c1c (0x51fd) x 3 0xffffffff
core   0: 0x80001c1e (0x00000c94) c.addi4spn a3, sp, 592
core   0: 3 0x80001c1e (0x0c94) x13 0x0000026f
core   0: 0x80001c20 (0x0276c133) div     sp, a3, t2
core   0: 3 0x80001c20 (0x0276c133) x 2 0x00000067
core   0: 0x80001c24 (0x0000ca91) c.beqz  a3, pc + 20
core   0: 3 0x80001c24 (0xca91)
core   0: 0x80001c26 (0x340b9073) csrw    mscratch, s7
core   0: 3 0x80001c26 (0x340b9073) c832_mscratch 0x00000000
core   0: 0x80001c2a (0x0000100f) fence.i
core   0: 3 0x80001c2a (0x0000100f)
core   0: 0x80001c2e (0x0380d263) bge     ra, s8, pc + 36
core   0: 3 0x80001c2e (0x0380d263)
core   0: 0x80001c52 (0x02743d33) mulhu   s10, s0, t2
core   0: 3 0x80001c52 (0x02743d33) x26 0x00000000
core   0: 0x80001c56 (0x41a3d213) srai    tp, t2, 26
core   0: 3 0x80001c56 (0x41a3d213) x 4 0x00000000
core   0: 0x80001c5a (0x03a62433) mulhsu  s0, a2, s10
core   0: 3 0x80001c5a (0x03a62433) x 8 0x00000000
core   0: 0x80001c5e (0x0213b833) mulhu   a6, t2, ra
core   0: 3 0x80001c5e (0x0213b833) x16 0x00000000
core   0: 0x80001c62 (0x034fcc63) blt     t6, s4, pc + 56
core   0: 3 0x80001c62 (0x034fcc63)
core   0: 0x80001c9a (0x00000596) c.slli  a1, 5
core   0: 3 0x80001c9a (0x0596) x11 0xa68f7d00
core   0: 0x80001c9c (0xa5786913) ori     s2, a6, -1449
core   0: 3 0x80001c9c (0xa5786913) x18 0xfffffa57
core   0: 0x80001ca0 (0x011f60b3) or      ra, t5, a7
core   0: 3 0x80001ca0 (0x011f60b3) x 1 0x8002cd2f
core   0: 0x80001ca4 (0x05c96463) bltu    s2, t3, pc + 72
core   0: 3 0x80001ca4 (0x05c96463)
core   0: 0x80001cec (0x013bdb13) srli    s6, s7, 19
core   0: 3 0x80001cec (0x013bdb13) x22 0x00000000
core   0: 0x80001cf0 (0x00006119) c.addi16sp sp, 384
core   0: 3 0x80001cf0 (0x6119) x 2 0x000001e7
core   0: 0x80001cf2 (0x0000717d) c.addi16sp sp, -16
core   0: 3 0x80001cf2 (0x717d) x 2 0x000001d7
core   0: 0x80001cf4 (0x026a8233) mul     tp, s5, t1
core   0: 3 0x80001cf4 (0x026a8233) x 4 0x00000000
core   0: 0x80001cf8 (0x0ff0000f) fence   iorw,iorw
core   0: 3 0x80001cf8 (0x0ff0000f)
core   0: 0x80001cfc (0x563ffc17) auipc   s8, 0x563ff
core   0: 3 0x80001cfc (0x563ffc17) x24 0xd6400cfc
core   0: 0x80001d00 (0x0ff0000f) fence   iorw,iorw
core   0: 3 0x80001d00 (0x0ff0000f)
core   0: 0x80001d04 (0x34057ff3) csrrci  t6, mscratch, 10
core   0: 3 0x80001d04 (0x34057ff3) x31 0x00000000 c832_mscratch 0x00000000
core   0: 0x80001d08 (0x021aef63) bltu    s5, ra, pc + 62
core   0: 3 0x80001d08 (0x021aef63)
core   0: 0x80001d46 (0x00009a7d) c.andi  a2, -1
core   0: 3 0x80001d46 (0x9a7d) x12 0x00000001
core   0: 0x80001d48 (0x00008816) c.mv    a6, t0
core   0: 3 0x80001d48 (0x8816) x16 0x80028ea4
core   0: 0x80001d4a (0x001c5133) srl     sp, s8, ra
core   0: 3 0x80001d4a (0x001c5133) x 2 0x0001ac80
core   0: 0x80001d4e (0x016d8433) add     s0, s11, s6
core   0: 3 0x80001d4e (0x016d8433) x 8 0x00000006
core   0: 0x80001d52 (0x03e6feb3) remu    t4, a3, t5
core   0: 3 0x80001d52 (0x03e6feb3) x29 0x0000026f
core   0: 0x80001d56 (0x0000100f) fence.i
core   0: 3 0x80001d56 (0x0000100f)
core   0: 0x80001d5a (0x0000ee0d) c.bnez  a2, pc + 58
core   0: 3 0x80001d5a (0xee0d)
core   0: 0x80001d94 (0x00008ced) c.and   s1, a1
core   0: 3 0x80001d94 (0x8ced) x 9 0x00000000
core   0: 0x80001d96 (0x0000cb91) c.beqz  a5, pc + 20
core   0: 3 0x80001d96 (0xcb91)
core   0: 0x80001d98 (0x031ecfb3) div     t6, t4, a7
core   0: 3 0x80001d98 (0x031ecfb3) x31 0x0000000d
core   0: 0x80001d9c (0xd4b86913) ori     s2, a6, -693
core   0: 3 0x80001d9c (0xd4b86913) x18 0xffffffef
core   0: 0x80001da0 (0x340d9af3) csrrw   s5, mscratch, s11
core   0: 3 0x80001da0 (0x340d9af3) x21 0x00000000 c832_mscratch 0x00000006
core   0: 0x80001da4 (0x00008ba9) c.andi  a5, 10
core   0: 3 0x80001da4 (0x8ba9) x15 0x00000000
core   0: 0x80001da6 (0x02da4c33) div     s8, s4, a3
core   0: 3 0x80001da6 (0x02da4c33) x24 0x00000000
core   0: 0x80001daa (0x00001b7d) c.addi  s6, -1
core   0: 3 0x80001daa (0x1b7d) x22 0xffffffff
core   0: 0x80001dac (0x0000e499) c.bnez  s1, pc + 14
core   0: 3 0x80001dac (0xe499)
core   0: 0x80001dae (0x3d8aee93) ori     t4, s5, 984
core   0: 3 0x80001dae (0x3d8aee93) x29 0x000003d8
core   0: 0x80001db2 (0x36f1ab93) slti    s7, gp, 879
core   0: 3 0x80001db2 (0x36f1ab93) x23 0x00000001
core   0: 0x80001db6 (0x01399d13) slli    s10, s3, 19
core   0: 3 0x80001db6 (0x01399d13) x26 0x00000000
core   0: 0x80001dba (0x0000c185) c.beqz  a1, pc + 32
core   0: 3 0x80001dba (0xc185)
core   0: 0x80001dbc (0x0000100f) fence.i
core   0: 3 0x80001dbc (0x0000100f)
core   0: 0x80001dc0 (0x00000898) c.addi4spn a4, sp, 80
core   0: 3 0x80001dc0 (0x0898) x14 0x0001acd0
core   0: 0x80001dc2 (0x033b0c63) beq     s6, s3, pc + 56
core   0: 3 0x80001dc2 (0x033b0c63)
core   0: 0x80001dc6 (0x340c3d73) csrrc   s10, mscratch, s8
core   0: 3 0x80001dc6 (0x340c3d73) x26 0x00000006 c832_mscratch 0x00000006
core   0: 0x80001dca (0x000098fd) c.andi  s1, -1
core   0: 3 0x80001dca (0x98fd) x 9 0x00000000
core   0: 0x80001dcc (0x60742813) slti    a6, s0, 1543
core   0: 3 0x80001dcc (0x60742813) x16 0x00000001
core   0: 0x80001dd0 (0x03bb5463) bge     s6, s11, pc + 40
core   0: 3 0x80001dd0 (0x03bb5463)
core   0: 0x80001dd4 (0x00008ebd) c.xor   a3, a5
core   0: 3 0x80001dd4 (0x8ebd) x13 0x0000026f
core   0: 0x80001dd6 (0x34046373) csrrsi  t1, mscratch, 8
core   0: 3 0x80001dd6 (0x34046373) x 6 0x00000006 c832_mscratch 0x0000000e
core   0: 0x80001dda (0x01241933) sll     s2, s0, s2
core   0: 3 0x80001dda (0x01241933) x18 0x00030000
core   0: 0x80001dde (0x00008b61) c.andi  a4, 24
core   0: 3 0x80001dde (0x8b61) x14 0x00000010
core   0: 0x80001de0 (0x0000c10d) c.beqz  a0, pc + 34
core   0: 3 0x80001de0 (0xc10d)
core   0: 0x80001de2 (0x00000d3a) c.slli  s10, 14
core   0: 3 0x80001de2 (0x0d3a) x26 0x00018000
core   0: 0x80001de4 (0x00000001) c.nop
core   0: 3 0x80001de4 (0x0001)
core   0: 0x80001de6 (0x00008089) c.srli  s1, 2
core   0: 3 0x80001de6 (0x8089) x 9 0x00000000
core   0: 0x80001de8 (0x4056d9b3) sra     s3, a3, t0
core   0: 3 0x80001de8 (0x4056d9b3) x19 0x00000026
core   0: 0x80001dec (0x41a00833) sub     a6, zero, s10
core   0: 3 0x80001dec (0x41a00833) x16 0xfffe8000
core   0: 0x80001df0 (0x03336763) bltu    t1, s3, pc + 46
core   0: 3 0x80001df0 (0x03336763)
core   0: 0x80001e1e (0x00fd2933) slt     s2, s10, a5
core   0: 3 0x80001e1e (0x00fd2933) x18 0x00000000
core   0: 0x80001e22 (0x0ff0000f) fence   iorw,iorw
core   0: 3 0x80001e22 (0x0ff0000f)
core   0: 0x80001e26 (0x000089c9) c.andi  a1, 18
core   0: 3 0x80001e26 (0x89c9) x11 0x00000000
core   0: 0x80001e28 (0x34006a73) csrrsi  s4, mscratch, 0
core   0: 3 0x80001e28 (0x34006a73) x20 0x0000000e
core   0: 0x80001e2c (0x40ea57b3) sra     a5, s4, a4
core   0: 3 0x80001e2c (0x40ea57b3) x15 0x00000000
core   0: 0x80001e30 (0x00008d31) c.xor   a0, a2
core   0: 3 0x80001e30 (0x8d31) x10 0xffffffff
core   0: 0x80001e32 (0x0187a633) slt     a2, a5, s8
core   0: 3 0x80001e32 (0x0187a633) x12 0x00000000
core   0: 0x80001e36 (0x02a44563) blt     s0, a0, pc + 42
core   0: 3 0x80001e36 (0x02a44563)
core   0: 0x80001e3a (0x00008df5) c.and   a1, a3
core   0: 3 0x80001e3a (0x8df5) x11 0x00000000
core   0: 0x80001e3c (0x00004765) c.li    a4, 25
core   0: 3 0x80001e3c (0x4765) x14 0x00000019
core   0: 0x80001e3e (0x340b9c73) csrrw   s8, mscratch, s7
core   0: 3 0x80001e3e (0x340b9c73) x24 0x0000000e c832_mscratch 0x00000001
core   0: 0x80001e42 (0xa84436b7) lui     a3, 0xa8443
core   0: 3 0x80001e42 (0xa84436b7) x13 0xa8443000
core   0: 0x80001e46 (0x00008fed) c.and   a5, a1
core   0: 3 0x80001e46 (0x8fed) x15 0x00000000
core   0: 0x80001e48 (0x01fa2cb3) slt     s9, s4, t6
core   0: 3 0x80001e48 (0x01fa2cb3) x25 0x00000000
core   0: 0x80001e4c (0x385d4893) xori    a7, s10, 901
core   0: 3 0x80001e4c (0x385d4893) x17 0x00018385
core   0: 0x80001e50 (0x00008e4d) c.or    a2, a1
core   0: 3 0x80001e50 (0x8e4d) x12 0x00000000
core   0: 0x80001e52 (0x0078f833) and     a6, a7, t2
core   0: 3 0x80001e52 (0x0078f833) x16 0x00000004
core   0: 0x80001e56 (0x40b4da13) srai    s4, s1, 11
core   0: 3 0x80001e56 (0x40b4da13) x20 0x00000000
core   0: 0x80001e5a (0x031da333) mulhsu  t1, s11, a7
core   0: 3 0x80001e5a (0x031da333) x 6 0x00000000
core   0: 0x80001e5e (0x00000998) c.addi4spn a4, sp, 208
core   0: 3 0x80001e5e (0x0998) x14 0x0001ad50
core   0: 0x80001e60 (0x01e591b3) sll     gp, a1, t5
core   0: 3 0x80001e60 (0x01e591b3) x 3 0x00000000
core   0: 0x80001e64 (0x3400f073) csrci   mscratch, 1
core   0: 3 0x80001e64 (0x3400f073) c832_mscratch 0x00000000
core   0: 0x80001e68 (0x00008c29) c.xor   s0, a0
core   0: 3 0x80001e68 (0x8c29) x 8 0xfffffff9
core   0: 0x80001e6a (0x00000001) c.nop
core   0: 3 0x80001e6a (0x0001)
core   0: 0x80001e6c (0x02a32833) mulhsu  a6, t1, a0
core   0: 3 0x80001e6c (0x02a32833) x16 0x00000000
core   0: 0x80001e70 (0x01c8a4b3) slt     s1, a7, t3
core   0: 3 0x80001e70 (0x01c8a4b3) x 9 0x00000000
core   0: 0x80001e74 (0x0000187d) c.addi  a6, -1
core   0: 3 0x80001e74 (0x187d) x16 0xffffffff
core   0: 0x80001e76 (0x41c38eb3) sub     t4, t2, t3
core   0: 3 0x80001e76 (0x41c38eb3) x29 0x00000007
core   0: 0x80001e7a (0x0000eb8d) c.bnez  a5, pc + 50
core   0: 3 0x80001e7a (0xeb8d)
core   0: 0x80001e7c (0x00000001) c.nop
core   0: 3 0x80001e7c (0x0001)
core   0: 0x80001e7e (0x03bc3eb3) mulhu   t4, s8, s11
core   0: 3 0x80001e7e (0x03bc3eb3) x29 0x00000000
core   0: 0x80001e82 (0x000009ca) c.slli  s3, 18
core   0: 3 0x80001e82 (0x09ca) x19 0x00980000
core   0: 0x80001e84 (0x3406ddf3) csrrwi  s11, mscratch, 13
core   0: 3 0x80001e84 (0x3406ddf3) x27 0x00000000 c832_mscratch 0x0000000d
core   0: 0x80001e88 (0x03461963) bne     a2, s4, pc + 50
core   0: 3 0x80001e88 (0x03461963)
core   0: 0x80001e8c (0x03bce533) rem     a0, s9, s11
core   0: 3 0x80001e8c (0x03bce533) x10 0x00000000
core   0: 0x80001e90 (0x03fe40b3) div     ra, t3, t6
core   0: 3 0x80001e90 (0x03fe40b3) x 1 0x00000000
core   0: 0x80001e94 (0x0000e705) c.bnez  a4, pc + 40
core   0: 3 0x80001e94 (0xe705)
core   0: 0x80001ebc (0x00008fa1) c.xor   a5, s0
core   0: 3 0x80001ebc (0x8fa1) x15 0xfffffff9
core   0: 0x80001ebe (0x0000e59d) c.bnez  a1, pc + 46
core   0: 3 0x80001ebe (0xe59d)
core   0: 0x80001ec0 (0x000014fd) c.addi  s1, -1
core   0: 3 0x80001ec0 (0x14fd) x 9 0xffffffff
core   0: 0x80001ec2 (0x34002573) csrr    a0, mscratch
core   0: 3 0x80001ec2 (0x34002573) x10 0x0000000d
core   0: 0x80001ec6 (0x02fb6233) rem     tp, s6, a5
core   0: 3 0x80001ec6 (0x02fb6233) x 4 0xffffffff
core   0: 0x80001eca (0x026bf0b3) remu    ra, s7, t1
core   0: 3 0x80001eca (0x026bf0b3) x 1 0x00000001
core   0: 0x80001ece (0x34082c73) csrrs   s8, mscratch, a6
core   0: 3 0x80001ece (0x34082c73) x24 0x0000000d c832_mscratch 0xffffffff
core   0: 0x80001ed2 (0x00022417) auipc   s0, 0x22
core   0: 3 0x80001ed2 (0x00022417) x 8 0x80023ed2
core   0: 0x80001ed6 (0x18240413) addi    s0, s0, 386
core   0: 3 0x80001ed6 (0x18240413) x 8 0x80024054
core   0: 0x80001eda (0x00022797) auipc   a5, 0x22
core   0: 3 0x80001eda (0x00022797) x15 0x80023eda
core   0: 0x80001ede (0x17e78793) addi    a5, a5, 382
core   0: 3 0x80001ede (0x17e78793) x15 0x80024058
core   0: 0x80001ee2 (0x24b42faf) amoxor.w t6, a1, (s0)
core   0: 3 0x80001ee2 (0x24b42faf) x31 0x80028ea4 mem 0x80024054 mem 0x80024054 0x80028ea4
core   0: 0x80001ee6 (0xe2a42b2f) amomaxu.w s6, a0, (s0)
core   0: 3 0x80001ee6 (0xe2a42b2f) x22 0x80028ea4 mem 0x80024054 mem 0x80024054 0x80028ea4
core   0: 0x80001eea (0x00009156) c.add   sp, s5
core   0: 3 0x80001eea (0x9156) x 2 0x0001ac80
core   0: 0x80001eec (0x03cd31b3) mulhu   gp, s10, t3
core   0: 3 0x80001eec (0x03cd31b3) x 3 0x00017fff
core   0: 0x80001ef0 (0x408051b3) sra     gp, zero, s0
core   0: 3 0x80001ef0 (0x408051b3) x 3 0x00000000
core   0: 0x80001ef4 (0x001e5e33) srl     t3, t3, ra
core   0: 3 0x80001ef4 (0x001e5e33) x28 0x7fffffff
core   0: 0x80001ef8 (0x34002873) csrr    a6, mscratch
core   0: 3 0x80001ef8 (0x34002873) x16 0xffffffff
core   0: 0x80001efc (0x03aea833) mulhsu  a6, t4, s10
core   0: 3 0x80001efc (0x03aea833) x16 0x00000000
core   0: 0x80001f00 (0x00e8d593) srli    a1, a7, 14
core   0: 3 0x80001f00 (0x00e8d593) x11 0x00000006
core   0: 0x80001f04 (0x00001804) c.addi4spn s1, sp, 48
core   0: 3 0x80001f04 (0x1804) x 9 0x0001acb0
core   0: 0x80001f06 (0x012f0333) add     t1, t5, s2
core   0: 3 0x80001f06 (0x012f0333) x 6 0x8002cd24
core   0: 0x80001f0a (0x02e8a6b3) mulhsu  a3, a7, a4
core   0: 3 0x80001f0a (0x02e8a6b3) x13 0x00000002
core   0: 0x80001f0e (0x00c3aab3) slt     s5, t2, a2
core   0: 3 0x80001f0e (0x00c3aab3) x21 0x00000000
core   0: 0x80001f12 (0x01a17433) and     s0, sp, s10
core   0: 3 0x80001f12 (0x01a17433) x 8 0x00018000
core   0: 0x80001f16 (0x34087173) csrrci  sp, mscratch, 16
core   0: 3 0x80001f16 (0x34087173) x 2 0xffffffff c832_mscratch 0xffffffef
core   0: 0x80001f1a (0x340598f3) csrrw   a7, mscratch, a1
core   0: 3 0x80001f1a (0x340598f3) x17 0xffffffef c832_mscratch 0x00000006
core   0: 0x80001f1e (0x01f69eb3) sll     t4, a3, t6
core   0: 3 0x80001f1e (0x01f69eb3) x29 0x00000020
core   0: 0x80001f22 (0x40a90db3) sub     s11, s2, a0
core   0: 3 0x80001f22 (0x40a90db3) x27 0xfffffff3
core   0: 0x80001f26 (0xf81e0913) addi    s2, t3, -127
core   0: 3 0x80001f26 (0xf81e0913) x18 0x7fffff80
core   0: 0x80001f2a (0xb7574a13) xori    s4, a4, -1163
core   0: 3 0x80001f2a (0xb7574a13) x20 0xfffe5625
core   0: 0x80001f2e (0x0367f563) bgeu    a5, s6, pc + 42
core   0: 3 0x80001f2e (0x0367f563)
core   0: 0x80001f32 (0x02a54733) div     a4, a0, a0
core   0: 3 0x80001f32 (0x02a54733) x14 0x00000001
core   0: 0x80001f36 (0x84516493) ori     s1, sp, -1979
core   0: 3 0x80001f36 (0x84516493) x 9 0xffffffff
core   0: 0x80001f3a (0x00008011) c.srli  s0, 4
core   0: 3 0x80001f3a (0x8011) x 8 0x00001800
core   0: 0x80001f3c (0xd04edd97) auipc   s11, 0xd04ed
core   0: 3 0x80001f3c (0xd04edd97) x27 0x504eef3c
core   0: 0x80001f40 (0x20833e93) sltiu   t4, t1, 520
core   0: 3 0x80001f40 (0x20833e93) x29 0x00000000
core   0: 0x80001f44 (0x0380c563) blt     ra, s8, pc + 42
core   0: 3 0x80001f44 (0x0380c563)
core   0: 0x80001f6e (0x021ba833) mulhsu  a6, s7, ra
core   0: 3 0x80001f6e (0x021ba833) x16 0x00000000
core   0: 0x80001f72 (0x000001fd) c.addi  gp, 31
core   0: 3 0x80001f72 (0x01fd) x 3 0x0000001f
core   0: 0x80001f74 (0x00006141) c.addi16sp sp, 16
core   0: 3 0x80001f74 (0x6141) x 2 0x0000000f
core   0: 0x80001f76 (0x913c8313) addi    t1, s9, -1773
core   0: 3 0x80001f76 (0x913c8313) x 6 0xfffff913
core   0: 0x80001f7a (0x01b931b3) sltu    gp, s2, s11
core   0: 3 0x80001f7a (0x01b931b3) x 3 0x00000000
core   0: 0x80001f7e (0x00000d18) c.addi4spn a4, sp, 656
core   0: 3 0x80001f7e (0x0d18) x14 0x0000029f
core   0: 0x80001f80 (0x00008fcd) c.or    a5, a1
core   0: 3 0x80001f80 (0x8fcd) x15 0x8002405e
core   0: 0x80001f82 (0x016fae33) slt     t3, t6, s6
core   0: 3 0x80001f82 (0x016fae33) x28 0x00000000
core   0: 0x80001f86 (0x340064f3) csrrsi  s1, mscratch, 0
core   0: 3 0x80001f86 (0x340064f3) x 9 0x00000006
core   0: 0x80001f8a (0x340075f3) csrrci  a1, mscratch, 0
core   0: 3 0x80001f8a (0x340075f3) x11 0x00000006
core   0: 0x80001f8e (0x00022e17) auipc   t3, 0x22
core   0: 3 0x80001f8e (0x00022e17) x28 0x80023f8e
core   0: 0x80001f92 (0x0d2e0e13) addi    t3, t3, 210
core   0: 3 0x80001f92 (0x0d2e0e13) x28 0x80024060
core   0: 0x80001f96 (0x000083d9) c.srli  a5, 22
core   0: 3 0x80001f96 (0x83d9) x15 0x00000200
core   0: 0x80001f98 (0x018b87b3) add     a5, s7, s8
core   0: 3 0x80001f98 (0x018b87b3) x15 0x0000000e
core   0: 0x80001f9c (0xa2ba8893) addi    a7, s5, -1493
core   0: 3 0x80001f9c (0xa2ba8893) x17 0xfffffa2b
core   0: 0x80001fa0 (0x00001894) c.addi4spn a3, sp, 112
core   0: 3 0x80001fa0 (0x1894) x13 0x0000007f
core   0: 0x80001fa2 (0x00eb5433) srl     s0, s6, a4
core   0: 3 0x80001fa2 (0x00eb5433) x 8 0x00000001
core   0: 0x80001fa6 (0x2608aa93) slti    s5, a7, 608
core   0: 3 0x80001fa6 (0x2608aa93) x21 0x00000001
core   0: 0x80001faa (0x00008ff5) c.and   a5, a3
core   0: 3 0x80001faa (0x8ff5) x15 0x0000000e
core   0: 0x80001fac (0x100e25af) lr.w    a1, (t3)
core   0: 3 0x80001fac (0x100e25af) x11 0x00000007 mem 0x80024060
core   0: 0x80001fb0 (0x039a1b33) mulh    s6, s4, s9
core   0: 3 0x80001fb0 (0x039a1b33) x22 0x00000000
core   0: 0x80001fb4 (0x0000048e) c.slli  s1, 3
core   0: 3 0x80001fb4 (0x048e) x 9 0x00000030
core   0: 0x80001fb6 (0x1b4e25af) sc.w    a1, s4, (t3)
core   0: 3 0x80001fb6 (0x1b4e25af) x11 0x00000000 mem 0x80024060 0xfffe5625
core   0: 0x80001fba (0x40b48a33) sub     s4, s1, a1
core   0: 3 0x80001fba (0x40b48a33) x20 0x00000030
core   0: 0x80001fbe (0x01742733) slt     a4, s0, s7
core   0: 3 0x80001fbe (0x01742733) x14 0x00000000
core   0: 0x80001fc2 (0xe27d7493) andi    s1, s10, -473
core   0: 3 0x80001fc2 (0xe27d7493) x 9 0x00018000
core   0: 0x80001fc6 (0x000086e9) c.srai  a3, 26
core   0: 3 0x80001fc6 (0x86e9) x13 0x00000000
core   0: 0x80001fc8 (0x0206abb3) mulhsu  s7, a3, zero
core   0: 3 0x80001fc8 (0x0206abb3) x23 0x00000000
core   0: 0x80001fcc (0x00009ad2) c.add   s5, s4
core   0: 3 0x80001fcc (0x9ad2) x21 0x00000031
core   0: 0x80001fce (0x01fbd593) srli    a1, s7, 31
core   0: 3 0x80001fce (0x01fbd593) x11 0x00000000
core   0: 0x80001fd2 (0x03447133) remu    sp, s0, s4
core   0: 3 0x80001fd2 (0x03447133) x 2 0x00000001
core   0: 0x80001fd6 (0xb8b0a813) slti    a6, ra, -1141
core   0: 3 0x80001fd6 (0xb8b0a813) x16 0x00000000
core   0: 0x80001fda (0x03f34663) blt     t1, t6, pc + 44
core   0: 3 0x80001fda (0x03f34663)
core   0: 0x80001fde (0x00008d1d) c.sub   a0, a5
core   0: 3 0x80001fde (0x8d1d) x10 0xffffffff
core   0: 0x80001fe0 (0x03660c63) beq     a2, s6, pc + 56
core   0: 3 0x80001fe0 (0x03660c63)
core   0: 0x80002018 (0x0361ebb3) rem     s7, gp, s6
core   0: 3 0x80002018 (0x0361ebb3) x23 0x00000000
core   0: 0x8000201c (0x34041673) csrrw   a2, mscratch, s0
core   0: 3 0x8000201c (0x34041673) x12 0x00000006 c832_mscratch 0x00000001
core   0: 0x80002020 (0x00008d8d) c.sub   a1, a1
core   0: 3 0x80002020 (0x8d8d) x11 0x00000000
core   0: 0x80002022 (0x01ded7b3) srl     a5, t4, t4
core   0: 3 0x80002022 (0x01ded7b3) x15 0x00000000
core   0: 0x80002026 (0x0254a733) mulhsu  a4, s1, t0
core   0: 3 0x80002026 (0x0254a733) x14 0x0000c003
core   0: 0x8000202a (0x01b74933) xor     s2, a4, s11
core   0: 3 0x8000202a (0x01b74933) x18 0x504e2f3f
core   0: 0x8000202e (0x0000c89d) c.beqz  s1, pc + 54
core   0: 3 0x8000202e (0xc89d)
core   0: 0x80002030 (0x01bcfc33) and     s8, s9, s11
core   0: 3 0x80002030 (0x01bcfc33) x24 0x00000000
core   0: 0x80002034 (0x0000e3b1) c.bnez  a5, pc + 68
core   0: 3 0x80002034 (0xe3b1)
core   0: 0x80002036 (0x02c031b3) mulhu   gp, zero, a2
core   0: 3 0x80002036 (0x02c031b3) x 3 0x00000000
core   0: 0x8000203a (0x00008f41) c.or    a4, s0
core   0: 3 0x8000203a (0x8f41) x14 0x0000c003
core   0: 0x8000203c (0x00008f15) c.sub   a4, a3
core   0: 3 0x8000203c (0x8f15) x14 0x0000c003
core   0: 0x8000203e (0x00000001) c.nop
core   0: 3 0x8000203e (0x0001)
core   0: 0x80002040 (0x04197063) bgeu    s2, ra, pc + 64
core   0: 3 0x80002040 (0x04197063)
core   0: 0x80002080 (0x004d4db3) xor     s11, s10, tp
core   0: 3 0x80002080 (0x004d4db3) x27 0xfffe7fff
core   0: 0x80002084 (0x0000537d) c.li    t1, -1
core   0: 3 0x80002084 (0x537d) x 6 0xffffffff
core   0: 0x80002086 (0x3408d8f3) csrrwi  a7, mscratch, 17
core   0: 3 0x80002086 (0x3408d8f3) x17 0x00000001 c832_mscratch 0x00000011
core   0: 0x8000208a (0x0092a833) slt     a6, t0, s1
core   0: 3 0x8000208a (0x0092a833) x16 0x00000001
core   0: 0x8000208e (0x000095ee) c.add   a1, s11
core   0: 3 0x8000208e (0x95ee) x11 0xfffe7fff
core   0: 0x80002090 (0x00008b85) c.andi  a5, 1
core   0: 3 0x80002090 (0x8b85) x15 0x00000000
core   0: 0x80002092 (0x00006949) c.lui   s2, 0x12
core   0: 3 0x80002092 (0x6949) x18 0x00012000
core   0: 0x80002094 (0x41ba5d93) srai    s11, s4, 27
core   0: 3 0x80002094 (0x41ba5d93) x27 0x00000000
core   0: 0x80002098 (0x040f5063) bgez    t5, pc + 64
core   0: 3 0x80002098 (0x040f5063)
core   0: 0x8000209c (0x00000001) c.nop
core   0: 3 0x8000209c (0x0001)
core   0: 0x8000209e (0x62350213) addi    tp, a0, 1571
core   0: 3 0x8000209e (0x62350213) x 4 0x00000622
core   0: 0x800020a2 (0x417ed713) srai    a4, t4, 23
core   0: 3 0x800020a2 (0x417ed713) x14 0x00000000
core   0: 0x800020a6 (0x03cfeb33) rem     s6, t6, t3
core   0: 3 0x800020a6 (0x03cfeb33) x22 0x80028ea4
core   0: 0x800020aa (0x00000001) c.nop
core   0: 3 0x800020aa (0x0001)
core   0: 0x800020ac (0x03ca49b3) div     s3, s4, t3
core   0: 3 0x800020ac (0x03ca49b3) x19 0x00000000
core   0: 0x800020b0 (0x00000b66) c.slli  s6, 25
core   0: 3 0x800020b0 (0x0b66) x22 0x48000000
core   0: 0x800020b2 (0x3141c713) xori    a4, gp, 788
core   0: 3 0x800020b2 (0x3141c713) x14 0x00000314
core   0: 0x800020b6 (0x01365c13) srli    s8, a2, 19
core   0: 3 0x800020b6 (0x01365c13) x24 0x00000000
core   0: 0x800020ba (0x00001c08) c.addi4spn a0, sp, 560
core   0: 3 0x800020ba (0x1c08) x10 0x00000231
core   0: 0x800020bc (0x05558713) addi    a4, a1, 85
core   0: 3 0x800020bc (0x05558713) x14 0xfffe8054
core   0: 0x800020c0 (0x02736463) bltu    t1, t2, pc + 40
core   0: 3 0x800020c0 (0x02736463)
core   0: 0x800020c4 (0x01878833) add     a6, a5, s8
core   0: 3 0x800020c4 (0x01878833) x16 0x00000000
core   0: 0x800020c8 (0x03e015b3) mulh    a1, zero, t5
core   0: 3 0x800020c8 (0x03e015b3) x11 0x00000000
core   0: 0x800020cc (0x6ec4ba13) sltiu   s4, s1, 1772
core   0: 3 0x800020cc (0x6ec4ba13) x20 0x00000000
core   0: 0x800020d0 (0x0ff0000f) fence   iorw,iorw
core   0: 3 0x800020d0 (0x0ff0000f)
core   0: 0x800020d4 (0x014dd193) srli    gp, s11, 20
core   0: 3 0x800020d4 (0x014dd193) x 3 0x00000000
core   0: 0x800020d8 (0x0278fe63) bgeu    a7, t2, pc + 60
core   0: 3 0x800020d8 (0x0278fe63)
core   0: 0x800020dc (0x340229f3) csrrs   s3, mscratch, tp
core   0: 3 0x800020dc (0x340229f3) x19 0x00000011 c832_mscratch 0x00000633
core   0: 0x800020e0 (0x00009cba) c.add   s9, a4
core   0: 3 0x800020e0 (0x9cba) x25 0xfffe8054
core   0: 0x800020e2 (0x00000ec1) c.addi  t4, 16
core   0: 3 0x800020e2 (0x0ec1) x29 0x00000010
core   0: 0x800020e4 (0xe5e33013) sltiu   zero, t1, -418
core   0: 3 0x800020e4 (0xe5e33013)
core   0: 0x800020e8 (0x36a4c693) xori    a3, s1, 874
core   0: 3 0x800020e8 (0x36a4c693) x13 0x0001836a
core   0: 0x800020ec (0x000085c2) c.mv    a1, a6
core   0: 3 0x800020ec (0x85c2) x11 0x00000000
core   0: 0x800020ee (0x340025f3) csrr    a1, mscratch
core   0: 3 0x800020ee (0x340025f3) x11 0x00000633
core   0: 0x800020f2 (0x34006bf3) csrrsi  s7, mscratch, 0
core   0: 3 0x800020f2 (0x34006bf3) x23 0x00000633
core   0: 0x800020f6 (0x402ed133) sra     sp, t4, sp
core   0: 3 0x800020f6 (0x402ed133) x 2 0x00000008
core   0: 0x800020fa (0x340ef6f3) csrrci  a3, mscratch, 29
core   0: 3 0x800020fa (0x340ef6f3) x13 0x00000633 c832_mscratch 0x00000622
core   0: 0x800020fe (0xbc473f93) sltiu   t6, a4, -1084
core   0: 3 0x800020fe (0xbc473f93) x31 0x00000001
core   0: 0x80002102 (0x01cc0663) beq     s8, t3, pc + 12
core   0: 3 0x80002102 (0x01cc0663)
core   0: 0x80002106 (0x00004609) c.li    a2, 2
core   0: 3 0x80002106 (0x4609) x12 0x00000002
core   0: 0x80002108 (0x026a9bb3) mulh    s7, s5, t1
core   0: 3 0x80002108 (0x026a9bb3) x23 0xffffffff
core   0: 0x8000210c (0x00008c69) c.and   s0, a0
core   0: 3 0x8000210c (0x8c69) x 8 0x00000001
core   0: 0x8000210e (0x00009086) c.add   ra, ra
core   0: 3 0x8000210e (0x9086) x 1 0x00000002
core   0: 0x80002110 (0x40135d93) srai    s11, t1, 1
core   0: 3 0x80002110 (0x40135d93) x27 0xffffffff
core   0: 0x80002114 (0x00000001) c.nop
core   0: 3 0x80002114 (0x0001)
core   0: 0x80002116 (0x646d0993) addi    s3, s10, 1606
core   0: 3 0x80002116 (0x646d0993) x19 0x00018646
core   0: 0x8000211a (0x02c09e33) mulh    t3, ra, a2
core   0: 3 0x8000211a (0x02c09e33) x28 0x00000000
core   0: 0x8000211e (0x00000001) c.nop
core   0: 3 0x8000211e (0x0001)
core   0: 0x80002120 (0x0000100f) fence.i
core   0: 3 0x80002120 (0x0000100f)
core   0: 0x80002124 (0x03eaab33) mulhsu  s6, s5, t5
core   0: 3 0x80002124 (0x03eaab33) x22 0x00000018
core   0: 0x80002128 (0x01471913) slli    s2, a4, 20
core   0: 3 0x80002128 (0x01471913) x18 0x05400000
core   0: 0x8000212c (0xdc990893) addi    a7, s2, -567
core   0: 3 0x8000212c (0xdc990893) x17 0x053ffdc9
core   0: 0x80002130 (0x0267d163) bge     a5, t1, pc + 34
core   0: 3 0x80002130 (0x0267d163)
core   0: 0x80002152 (0x00ed4463) blt     s10, a4, pc + 8
core   0: 3 0x80002152 (0x00ed4463)
core   0: 0x80002156 (0x00009de6) c.add   s11, s9
core   0: 3 0x80002156 (0x9de6) x27 0xfffe8053
core   0: 0x80002158 (0x00008621) c.srai  a2, 8
core   0: 3 0x80002158 (0x8621) x12 0x00000000
core   0: 0x8000215a (0x32206e93) ori     t4, zero, 802
core   0: 3 0x8000215a (0x32206e93) x29 0x00000322
core   0: 0x8000215e (0x340d28f3) csrrs   a7, mscratch, s10
core   0: 3 0x8000215e (0x340d28f3) x17 0x00000622 c832_mscratch 0x00018622
core   0: 0x80002162 (0x0000636d) c.lui   t1, 0x1b
core   0: 3 0x80002162 (0x636d) x 6 0x0001b000
core   0: 0x80002164 (0x03c7e463) bltu    a5, t3, pc + 40
core   0: 3 0x80002164 (0x03c7e463)
core   0: 0x80002168 (0x340d5d73) csrrwi  s10, mscratch, 26
core   0: 3 0x80002168 (0x340d5d73) x26 0x00018622 c832_mscratch 0x0000001a
core   0: 0x8000216c (0x0000033a) c.slli  t1, 14
core   0: 3 0x8000216c (0x033a) x 6 0x6c000000
core   0: 0x8000216e (0x02fd36b3) mulhu   a3, s10, a5
core   0: 3 0x8000216e (0x02fd36b3) x13 0x00000000
core   0: 0x80002172 (0x01603ab3) snez    s5, s6
core   0: 3 0x80002172 (0x01603ab3) x21 0x00000001
core   0: 0x80002176 (0x0209c5b3) div     a1, s3, zero
core   0: 3 0x80002176 (0x0209c5b3) x11 0xffffffff
core   0: 0x8000217a (0x00008371) c.srli  a4, 28
core   0: 3 0x8000217a (0x8371) x14 0x0000000f
core   0: 0x8000217c (0x02728433) mul     s0, t0, t2
core   0: 3 0x8000217c (0x02728433) x 8 0x000f57d8
core   0: 0x80002180 (0x01d85a13) srli    s4, a6, 29
core   0: 3 0x80002180 (0x01d85a13) x20 0x00000000
core   0: 0x80002184 (0x00000001) c.nop
core   0: 3 0x80002184 (0x0001)
core   0: 0x80002186 (0x0000100f) fence.i
core   0: 3 0x80002186 (0x0000100f)
core   0: 0x8000218a (0x00008a75) c.andi  a2, 29
core   0: 3 0x8000218a (0x8a75) x12 0x00000000
core   0: 0x8000218c (0x013ceb33) or      s6, s9, s3
core   0: 3 0x8000218c (0x013ceb33) x22 0xffff8656
core   0: 0x80002190 (0x0000419d) c.li    gp, 7
core   0: 3 0x80002190 (0x419d) x 3 0x00000007
core   0: 0x80002192 (0x01ad7c63) bgeu    s10, s10, pc + 24
core   0: 3 0x80002192 (0x01ad7c63)
core   0: 0x800021aa (0x03aae1b3) rem     gp, s5, s10
core   0: 3 0x800021aa (0x03aae1b3) x 3 0x00000001
core   0: 0x800021ae (0x00a30fb3) add     t6, t1, a0
core   0: 3 0x800021ae (0x00a30fb3) x31 0x6c000231
core   0: 0x800021b2 (0x63ff4813) xori    a6, t5, 1599
core   0: 3 0x800021b2 (0x63ff4813) x16 0x8002cb1b
core   0: 0x800021b6 (0x01e6dc93) srli    s9, a3, 30
core   0: 3 0x800021b6 (0x01e6dc93) x25 0x00000000
core   0: 0x800021ba (0x025d5fb3) divu    t6, s10, t0
core   0: 3 0x800021ba (0x025d5fb3) x31 0x00000000
core   0: 0x800021be (0x03f8f433) remu    s0, a7, t6
core   0: 3 0x800021be (0x03f8f433) x 8 0x00000622
core   0: 0x800021c2 (0x05fc4163) blt     s8, t6, pc + 66
core   0: 3 0x800021c2 (0x05fc4163)
core   0: 0x800021c6 (0x00ca9713) slli    a4, s5, 12
core   0: 3 0x800021c6 (0x00ca9713) x14 0x00001000
core   0: 0x800021ca (0x000084c6) c.mv    s1, a7
core   0: 3 0x800021ca (0x84c6) x 9 0x00000622
core   0: 0x800021cc (0x00031593) slli    a1, t1, 0
core   0: 3 0x800021cc (0x00031593) x11 0x6c000000
core   0: 0x800021d0 (0x033cb533) mulhu   a0, s9, s3
core   0: 3 0x800021d0 (0x033cb533) x10 0x00000000
core   0: 0x800021d4 (0x340c5ef3) csrrwi  t4, mscratch, 24
core   0: 3 0x800021d4 (0x340c5ef3) x29 0x0000001a c832_mscratch 0x00000018
core   0: 0x800021d8 (0x0000100f) fence.i
core   0: 3 0x800021d8 (0x0000100f)
core   0: 0x800021dc (0x95ec7217) auipc   tp, 0x95ec7
core   0: 3 0x800021dc (0x95ec7217) x 4 0x15ec91dc
core   0: 0x800021e0 (0x03594863) blt     s2, s5, pc + 48
core   0: 3 0x800021e0 (0x03594863)
core   0: 0x800021e4 (0x00249093) slli    ra, s1, 2
core   0: 3 0x800021e4 (0x00249093) x 1 0x00001888
core   0: 0x800021e8 (0x000085bd) c.srai  a1, 15
core   0: 3 0x800021e8 (0x85bd) x11 0x0000d800
core   0: 0x800021ea (0xca26fc13) andi    s8, a3, -862
core   0: 3 0x800021ea (0xca26fc13) x24 0x00000000
core   0: 0x800021ee (0x340b99f3) csrrw   s3, mscratch, s7
core   0: 3 0x800021ee (0x340b99f3) x19 0x00000018 c832_mscratch 0xffffffff
core   0: 0x800021f2 (0x01628f63) beq     t0, s6, pc + 30
core   0: 3 0x800021f2 (0x01628f63)
core   0: 0x800021f6 (0x03fe1bb3) mulh    s7, t3, t6
core   0: 3 0x800021f6 (0x03fe1bb3) x23 0x00000000
core   0: 0x800021fa (0x00000446) c.slli  s0, 17
core   0: 3 0x800021fa (0x0446) x 8 0x0c440000
core   0: 0x800021fc (0x41f4d6b3) sra     a3, s1, t6
core   0: 3 0x800021fc (0x41f4d6b3) x13 0x00000622
core   0: 0x80002200 (0x0c972d13) slti    s10, a4, 201
core   0: 3 0x80002200 (0x0c972d13) x26 0x00000000
core   0: 0x80002204 (0x00000b9d) c.addi  s7, 7
core   0: 3 0x80002204 (0x0b9d) x23 0x00000007
core   0: 0x80002206 (0x00bd1763) bne     s10, a1, pc + 14
core   0: 3 0x80002206 (0x00bd1763)
core   0: 0x80002214 (0x02185533) divu    a0, a6, ra
core   0: 3 0x80002214 (0x02185533) x10 0x000537e1
core   0: 0x80002218 (0x00005afd) c.li    s5, -1
core   0: 3 0x80002218 (0x5afd) x21 0xffffffff
core   0: 0x8000221a (0x00000001) c.nop
core   0: 3 0x8000221a (0x0001)
core   0: 0x8000221c (0x039a4863) blt     s4, s9, pc + 48
core   0: 3 0x8000221c (0x039a4863)
core   0: 0x80002220 (0x00000001) c.nop
core   0: 3 0x80002220 (0x0001)
core   0: 0x80002222 (0x02d307b3) mul     a5, t1, a3
core   0: 3 0x80002222 (0x02d307b3) x15 0x58000000
core   0: 0x80002226 (0xfb4af993) andi    s3, s5, -76
core   0: 3 0x80002226 (0xfb4af993) x19 0xffffffb4
core   0: 0x8000222a (0x8d85ae97) auipc   t4, 0x8d85a
core   0: 3 0x8000222a (0x8d85ae97) x29 0x0d85c22a
core   0: 0x8000222e (0x34021873) csrrw   a6, mscratch, tp
core   0: 3 0x8000222e (0x34021873) x16 0xffffffff c832_mscratch 0x15ec91dc
core   0: 0x80002232 (0xf9b4e597) auipc   a1, 0xf9b4e
core   0: 3 0x80002232 (0xf9b4e597) x11 0x79b50232
core   0: 0x80002236 (0x0000100f) fence.i
core   0: 3 0x80002236 (0x0000100f)
core   0: 0x8000223a (0x00b15433) srl     s0, sp, a1
core   0: 3 0x8000223a (0x00b15433) x 8 0x00000000
core   0: 0x8000223e (0x02163933) mulhu   s2, a2, ra
core   0: 3 0x8000223e (0x02163933) x18 0x00000000
core   0: 0x80002242 (0x0000717d) c.addi16sp sp, -16
core   0: 3 0x80002242 (0x717d) x 2 0xfffffff8
core   0: 0x80002244 (0x9bc25a17) auipc   s4, 0x9bc25
core   0: 3 0x80002244 (0x9bc25a17) x20 0x1bc27244
core   0: 0x80002248 (0x017097b3) sll     a5, ra, s7
core   0: 3 0x80002248 (0x017097b3) x15 0x000c4400
core   0: 0x8000224c (0x03cee763) bltu    t4, t3, pc + 46
core   0: 3 0x8000224c (0x03cee763)
core   0: 0x80002250 (0x0000e49d) c.bnez  s1, pc + 46
core   0: 3 0x80002250 (0xe49d)
core   0: 0x8000227e (0x01532733) slt     a4, t1, s5
core   0: 3 0x8000227e (0x01532733) x14 0x00000000
core   0: 0x80002282 (0x00008ca1) c.xor   s1, s0
core   0: 3 0x80002282 (0x8ca1) x 9 0x00000622
core   0: 0x80002284 (0x00ab9c13) slli    s8, s7, 10
core   0: 3 0x80002284 (0x00ab9c13) x24 0x00001c00
core   0: 0x80002288 (0x022ef433) remu    s0, t4, sp
core   0: 3 0x80002288 (0x022ef433) x 8 0x0d85c22a
core   0: 0x8000228c (0x001a5093) srli    ra, s4, 1
core   0: 3 0x8000228c (0x001a5093) x 1 0x0de13922
core   0: 0x80002290 (0x00000256) c.slli  tp, 21
core   0: 3 0x80002290 (0x0256) x 4 0x3b800000
core   0: 0x80002292 (0x01cdda33) srl     s4, s11, t3
core   0: 3 0x80002292 (0x01cdda33) x20 0xfffe8053
core   0: 0x80002296 (0x00008009) c.srli  s0, 2
core   0: 3 0x80002296 (0x8009) x 8 0x0361708a
core   0: 0x80002298 (0x027b7263) bgeu    s6, t2, pc + 36
core   0: 3 0x80002298 (0x027b7263)
core   0: 0x800022bc (0x03e858b3) divu    a7, a6, t5
core   0: 3 0x800022bc (0x03e858b3) x17 0x00000001
core   0: 0x800022c0 (0x00ecd133) srl     sp, s9, a4
core   0: 3 0x800022c0 (0x00ecd133) x 2 0x00000000
core   0: 0x800022c4 (0x00008d76) c.mv    s10, t4
core   0: 3 0x800022c4 (0x8d76) x26 0x0d85c22a
core   0: 0x800022c6 (0x00008dd5) c.or    a1, a3
core   0: 3 0x800022c6 (0x8dd5) x11 0x79b50632
core   0: 0x800022c8 (0x00004e4d) c.li    t3, 19
core   0: 3 0x800022c8 (0x4e4d) x28 0x00000013
core   0: 0x800022ca (0x0269c533) div     a0, s3, t1
core   0: 3 0x800022ca (0x0269c533) x10 0x00000000
core   0: 0x800022ce (0x000086f9) c.srai  a3, 30
core   0: 3 0x800022ce (0x86f9) x13 0x00000000
core   0: 0x800022d0 (0x0000c38d) c.beqz  a5, pc + 34
core   0: 3 0x800022d0 (0xc38d)
core   0: 0x800022d2 (0x00000001) c.nop
core   0: 3 0x800022d2 (0x0001)
core   0: 0x800022d4 (0x00feac33) slt     s8, t4, a5
core   0: 3 0x800022d4 (0x00feac33) x24 0x00000000
core   0: 0x800022d8 (0x00008141) c.srli  a0, 16
core   0: 3 0x800022d8 (0x8141) x10 0x00000000
core   0: 0x800022da (0x0000cd0d) c.beqz  a0, pc + 58
core   0: 3 0x800022da (0xcd0d)
core   0: 0x80002314 (0x00000001) c.nop
core   0: 3 0x80002314 (0x0001)
core   0: 0x80002316 (0x340074f3) csrrci  s1, mscratch, 0
core   0: 3 0x80002316 (0x340074f3) x 9 0x15ec91dc
core   0: 0x8000231a (0x00000a1e) c.slli  s4, 7
core   0: 3 0x8000231a (0x0a1e) x20 0xff402980
core   0: 0x8000231c (0x00008159) c.srli  a0, 22
core   0: 3 0x8000231c (0x8159) x10 0x00000000
core   0: 0x8000231e (0x0000100f) fence.i
core   0: 3 0x8000231e (0x0000100f)
core   0: 0x80002322 (0x34067b73) csrrci  s6, mscratch, 12
core   0: 3 0x80002322 (0x34067b73) x22 0x15ec91dc c832_mscratch 0x15ec91d0
core   0: 0x80002326 (0x0292dbb3) divu    s7, t0, s1
core   0: 3 0x80002326 (0x0292dbb3) x23 0x00000005
core   0: 0x8000232a (0x00006117) auipc   sp, 0x6
core   0: 3 0x8000232a (0x00006117) x 2 0x8000832a
core   0: 0x8000232e (0x23810113) addi    sp, sp, 568
core   0: 3 0x8000232e (0x23810113) x 2 0x80008562
core   0: 0x80002332 (0x021a0433) mul     s0, s4, ra
core   0: 3 0x80002332 (0x021a0433) x 8 0x29430300
core   0: 0x80002336 (0xe4e10113) addi    sp, sp, -434
core   0: 3 0x80002336 (0xe4e10113) x 2 0x800083b0
core   0: 0x8000233a (0x3408acf3) csrrs   s9, mscratch, a7
core   0: 3 0x8000233a (0x3408acf3) x25 0x15ec91d0 c832_mscratch 0x15ec91d1
core   0: 0x8000233e (0x008b9d13) slli    s10, s7, 8
core   0: 3 0x8000233e (0x008b9d13) x26 0x00000500
core   0: 0x80002342 (0x00ac1013) slli    zero, s8, 10
core   0: 3 0x80002342 (0x00ac1013)
core   0: 0x80002346 (0x1b310667) jalr    a2, sp, 435
core   0: 3 0x80002346 (0x1b310667) x12 0x8000234a
core   0: 0x80008562 (0xfd028293) addi    t0, t0, -48
core   0: 3 0x80008562 (0xfd028293) x 5 0x80028e74
core   0: 0x80008566 (0x000090fe) c.add   ra, t6
core   0: 3 0x80008566 (0x90fe) x 1 0x0de13922
core   0: 0x80008568 (0x00008c41) c.or    s0, s0
core   0: 3 0x80008568 (0x8c41) x 8 0x29430300
core   0: 0x8000856a (0x000058fd) c.li    a7, -1
core   0: 3 0x8000856a (0x58fd) x17 0xffffffff
core   0: 0x8000856c (0x01c801b3) add     gp, a6, t3
core   0: 3 0x8000856c (0x01c801b3) x 3 0x00000012
core   0: 0x80008570 (0x00c2a223) sw      a2, 4(t0)
core   0: 3 0x80008570 (0x00c2a223) mem 0x80028e78 0x8000234a
core   0: 0x80008574 (0x014f0db3) add     s11, t5, s4
core   0: 3 0x80008574 (0x014f0db3) x27 0x7f42f6a4
core   0: 0x80008578 (0x340067f3) csrrsi  a5, mscratch, 0
core   0: 3 0x80008578 (0x340067f3) x15 0x15ec91d1
core   0: 0x8000857c (0x0322fcb3) remu    s9, t0, s2
core   0: 3 0x8000857c (0x0322fcb3) x25 0x80028e74
core   0: 0x80008580 (0x0001c717) auipc   a4, 0x1c
core   0: 3 0x80008580 (0x0001c717) x14 0x80024580
core   0: 0x80008584 (0xaf070713) addi    a4, a4, -1296
core   0: 3 0x80008584 (0xaf070713) x14 0x80024070
core   0: 0x80008588 (0x6227212f) amoand.w sp, sp, (a4)
core   0: 3 0x80008588 (0x6227212f) x 2 0x80024080 mem 0x80024070 mem 0x80024070 0x80000080
core   0: 0x8000858c (0x22b720af) amoxor.w ra, a1, (a4)
core   0: 3 0x8000858c (0x22b720af) x 1 0x80000080 mem 0x80024070 mem 0x80024070 0xf9b506b2
core   0: 0x80008590 (0x0be72faf) amoswap.w t6, t5, (a4)
core   0: 3 0x80008590 (0x0be72faf) x31 0xf9b506b2 mem 0x80024070 mem 0x80024070 0x8002cd24
core   0: 0x80008594 (0x0001c897) auipc   a7, 0x1c
core   0: 3 0x80008594 (0x0001c897) x17 0x80024594
core   0: 0x80008598 (0xad088893) addi    a7, a7, -1328
core   0: 3 0x80008598 (0xad088893) x17 0x80024064
core   0: 0x8000859c (0x0001c697) auipc   a3, 0x1c
core   0: 3 0x8000859c (0x0001c697) x13 0x8002459c
core   0: 0x800085a0 (0xad868693) addi    a3, a3, -1320
core   0: 3 0x800085a0 (0xad868693) x13 0x80024074
core   0: 0x800085a4 (0x0001cd17) auipc   s10, 0x1c
core   0: 3 0x800085a4 (0x0001cd17) x26 0x800245a4
core   0: 0x800085a8 (0xaccd0d13) addi    s10, s10, -1332
core   0: 3 0x800085a8 (0xaccd0d13) x26 0x80024070
core   0: 0x800085ac (0x0144bdb3) sltu    s11, s1, s4
core   0: 3 0x800085ac (0x0144bdb3) x27 0x00000001
core   0: 0x800085b0 (0x445d272f) amoor.w a4, t0, (s10)
core   0: 3 0x800085b0 (0x445d272f) x14 0x8002cd24 mem 0x80024070 mem 0x80024070 0x8002cf74
core   0: 0x800085b4 (0xa328ac2f) amomax.w s8, s2, (a7)
core   0: 3 0x800085b4 (0xa328ac2f) x24 0x80028ea4 mem 0x80024064 mem 0x80024064 0x00000000
core   0: 0x800085b8 (0xb248b093) sltiu   ra, a7, -1244
core   0: 3 0x800085b8 (0xb248b093) x 1 0x00000001
core   0: 0x800085bc (0xa38d25af) amomax.w a1, s8, (s10)
core   0: 3 0x800085bc (0xa38d25af) x11 0x8002cf74 mem 0x80024070 mem 0x80024070 0x8002cf74
core   0: 0x800085c0 (0x821d2aaf) amomin.w s5, ra, (s10)
core   0: 3 0x800085c0 (0x821d2aaf) x21 0x8002cf74 mem 0x80024070 mem 0x80024070 0x8002cf74
core   0: 0x800085c4 (0x095d262f) amoswap.w a2, s5, (s10)
core   0: 3 0x800085c4 (0x095d262f) x12 0x8002cf74 mem 0x80024070 mem 0x80024070 0x8002cf74
core   0: 0x800085c8 (0x43b6abaf) amoor.w s7, s11, (a3)
core   0: 3 0x800085c8 (0x43b6abaf) x23 0x0000001b mem 0x80024074 mem 0x80024074 0x0000001b
core   0: 0x800085cc (0x2508a22f) amoxor.w tp, a6, (a7)
core   0: 3 0x800085cc (0x2508a22f) x 4 0x00000000 mem 0x80024064 mem 0x80024064 0xffffffff
core   0: 0x800085d0 (0xc266a22f) amominu.w tp, t1, (a3)
core   0: 3 0x800085d0 (0xc266a22f) x 4 0x0000001b mem 0x80024074 mem 0x80024074 0x0000001b
core   0: 0x800085d4 (0x8468a22f) amomin.w tp, t1, (a7)
core   0: 3 0x800085d4 (0x8468a22f) x 4 0xffffffff mem 0x80024064 mem 0x80024064 0xffffffff
core   0: 0x800085d8 (0x00004889) c.li    a7, 2
core   0: 3 0x800085d8 (0x4889) x17 0x00000002
core   0: 0x800085da (0x00009bfd) c.andi  a5, -1
core   0: 3 0x800085da (0x9bfd) x15 0x15ec91d1
core   0: 0x800085dc (0x0024dd93) srli    s11, s1, 2
core   0: 3 0x800085dc (0x0024dd93) x27 0x057b2477
core   0: 0x800085e0 (0x03f9f333) remu    t1, s3, t6
core   0: 3 0x800085e0 (0x03f9f333) x 6 0x064af902
core   0: 0x800085e4 (0x00000929) c.addi  s2, 10
core   0: 3 0x800085e4 (0x0929) x18 0x0000000a
core   0: 0x800085e6 (0x0240fa33) remu    s4, ra, tp
core   0: 3 0x800085e6 (0x0240fa33) x20 0x00000001
core   0: 0x800085ea (0x000005de) c.slli  a1, 23
core   0: 3 0x800085ea (0x05de) x11 0xba000000
core   0: 0x800085ec (0x017fd1b3) srl     gp, t6, s7
core   0: 3 0x800085ec (0x017fd1b3) x 3 0x0000001f
core   0: 0x800085f0 (0x00004e95) c.li    t4, 5
core   0: 3 0x800085f0 (0x4e95) x29 0x00000005
core   0: 0x800085f2 (0x00008f89) c.sub   a5, a0
core   0: 3 0x800085f2 (0x8f89) x15 0x15ec91d1
core   0: 0x800085f4 (0x00009bfd) c.andi  a5, -1
core   0: 3 0x800085f4 (0x9bfd) x15 0x15ec91d1
core   0: 0x800085f6 (0xcbb40b13) addi    s6, s0, -837
core   0: 3 0x800085f6 (0xcbb40b13) x22 0x2942ffbb
core   0: 0x800085fa (0x01bf67b3) or      a5, t5, s11
core   0: 3 0x800085fa (0x01bf67b3) x15 0x857bed77
core   0: 0x800085fe (0x150ca937) lui     s2, 0x150ca
core   0: 3 0x800085fe (0x150ca937) x18 0x150ca000
core   0: 0x80008602 (0x00000001) c.nop
core   0: 3 0x80008602 (0x0001)
core   0: 0x80008604 (0x000055fd) c.li    a1, -1
core   0: 3 0x80008604 (0x55fd) x11 0xffffffff
core   0: 0x80008606 (0x000055fd) c.li    a1, -1
core   0: 3 0x80008606 (0x55fd) x11 0xffffffff
core   0: 0x80008608 (0x00008909) c.andi  a0, 2
core   0: 3 0x80008608 (0x8909) x10 0x00000000
core   0: 0x8000860a (0x00006b4d) c.lui   s6, 0x13
core   0: 3 0x8000860a (0x6b4d) x22 0x00013000
core   0: 0x8000860c (0x2c404013) xori    zero, zero, 708
core   0: 3 0x8000860c (0x2c404013)
core   0: 0x80008610 (0x00000001) c.nop
core   0: 3 0x80008610 (0x0001)
core   0: 0x80008612 (0x34007af3) csrrci  s5, mscratch, 0
core   0: 3 0x80008612 (0x34007af3) x21 0x15ec91d1
core   0: 0x80008616 (0x0ff0000f) fence   iorw,iorw
core   0: 3 0x80008616 (0x0ff0000f)
core   0: 0x8000861a (0x031241b3) div     gp, tp, a7
core   0: 3 0x8000861a (0x031241b3) x 3 0x00000000
core   0: 0x8000861e (0x0000088d) c.addi  a7, 3
core   0: 3 0x8000861e (0x088d) x17 0x00000005
core   0: 0x80008620 (0x02edc7b3) div     a5, s11, a4
core   0: 3 0x80008620 (0x02edc7b3) x15 0x00000000
core   0: 0x80008624 (0xffd886e3) beq     a7, t4, pc - 20
core   0: 3 0x80008624 (0xffd886e3)
core   0: 0x80008610 (0x00000001) c.nop
core   0: 3 0x80008610 (0x0001)
core   0: 0x80008612 (0x34007af3) csrrci  s5, mscratch, 0
core   0: 3 0x80008612 (0x34007af3) x21 0x15ec91d1
core   0: 0x80008616 (0x0ff0000f) fence   iorw,iorw
core   0: 3 0x80008616 (0x0ff0000f)
core   0: 0x8000861a (0x031241b3) div     gp, tp, a7
core   0: 3 0x8000861a (0x031241b3) x 3 0x00000000
core   0: 0x8000861e (0x0000088d) c.addi  a7, 3
core   0: 3 0x8000861e (0x088d) x17 0x00000008
core   0: 0x80008620 (0x02edc7b3) div     a5, s11, a4
core   0: 3 0x80008620 (0x02edc7b3) x15 0x00000000
core   0: 0x80008624 (0xffd886e3) beq     a7, t4, pc - 20
core   0: 3 0x80008624 (0xffd886e3)
core   0: 0x80008628 (0x40adda13) srai    s4, s11, 10
core   0: 3 0x80008628 (0x40adda13) x20 0x00015ec9
core   0: 0x8000862c (0x0001c097) auipc   ra, 0x1c
core   0: 3 0x8000862c (0x0001c097) x 1 0x8002462c
core   0: 0x80008630 (0xa4008093) addi    ra, ra, -1472
core   0: 3 0x80008630 (0xa4008093) x 1 0x8002406c
core   0: 0x80008634 (0x0001c217) auipc   tp, 0x1c
core   0: 3 0x80008634 (0x0001c217) x 4 0x80024634
core   0: 0x80008638 (0xa5020213) addi    tp, tp, -1456
core   0: 3 0x80008638 (0xa5020213) x 4 0x80024084
core   0: 0x8000863c (0x0001c797) auipc   a5, 0x1c
core   0: 3 0x8000863c (0x0001c797) x15 0x8002463c
core   0: 0x80008640 (0xa0c78793) addi    a5, a5, -1524
core   0: 3 0x80008640 (0xa0c78793) x15 0x80024048
core   0: 0x80008644 (0x0001cb97) auipc   s7, 0x1c
core   0: 3 0x80008644 (0x0001cb97) x23 0x80024644
core   0: 0x80008648 (0xa20b8b93) addi    s7, s7, -1504
core   0: 3 0x80008648 (0xa20b8b93) x23 0x80024064
core   0: 0x8000864c (0x453ba72f) amoor.w a4, s3, (s7)
core   0: 3 0x8000864c (0x453ba72f) x14 0xffffffff mem 0x80024064 mem 0x80024064 0xffffffff
core   0: 0x80008650 (0x22cbadaf) amoxor.w s11, a2, (s7)
core   0: 3 0x80008650 (0x22cbadaf) x27 0xffffffff mem 0x80024064 mem 0x80024064 0x7ffd308b
core   0: 0x80008654 (0xa370acaf) amomax.w s9, s7, (ra)
core   0: 3 0x80008654 (0xa370acaf) x25 0x00000000 mem 0x8002406c mem 0x8002406c 0x00000000
core   0: 0x80008658 (0x02b7a62f) amoadd.w a2, a1, (a5)
core   0: 3 0x80008658 (0x02b7a62f) x12 0x00000000 mem 0x80024048 mem 0x80024048 0xffffffff
core   0: 0x8000865c (0x4b952e93) slti    t4, a0, 1209
core   0: 3 0x8000865c (0x4b952e93) x29 0x00000001
core   0: 0x80008660 (0xe0a0a5af) amomaxu.w a1, a0, (ra)
core   0: 3 0x80008660 (0xe0a0a5af) x11 0x00000000 mem 0x8002406c mem 0x8002406c 0x00000000
core   0: 0x80008664 (0x0bb7ad2f) amoswap.w s10, s11, (a5)
core   0: 3 0x80008664 (0x0bb7ad2f) x26 0xffffffff mem 0x80024048 mem 0x80024048 0xffffffff
core   0: 0x80008668 (0x6242292f) amoand.w s2, tp, (tp)
core   0: 3 0x80008668 (0x6242292f) x18 0x00000000 mem 0x80024084 mem 0x80024084 0x00000000
core   0: 0x8000866c (0x0cb0aa2f) amoswap.w s4, a1, (ra)
core   0: 3 0x8000866c (0x0cb0aa2f) x20 0x00000000 mem 0x8002406c mem 0x8002406c 0x00000000
core   0: 0x80008670 (0xe35228af) amomaxu.w a7, s5, (tp)
core   0: 3 0x80008670 (0xe35228af) x17 0x00000000 mem 0x80024084 mem 0x80024084 0x15ec91d1
core   0: 0x80008674 (0x45c7a6af) amoor.w a3, t3, (a5)
core   0: 3 0x80008674 (0x45c7a6af) x13 0xffffffff mem 0x80024048 mem 0x80024048 0xffffffff
core   0: 0x80008678 (0x0000d117) auipc   sp, 0xd
core   0: 3 0x80008678 (0x0000d117) x 2 0x80015678
core   0: 0x8000867c (0xd1110113) addi    sp, sp, -751
core   0: 3 0x8000867c (0xd1110113) x 2 0x80015389
core   0: 0x80008680 (0xfee10ea3) sb      a4, -3(sp)
core   0: 3 0x80008680 (0xfee10ea3) mem 0x80015386 0xff
core   0: 0x80008684 (0x00810c03) lb      s8, 8(sp)
core   0: 3 0x80008684 (0x00810c03) x24 0x0000003b mem 0x80015391
core   0: 0x80008688 (0x00514c03) lbu     s8, 5(sp)
core   0: 3 0x80008688 (0x00514c03) x24 0x000000ea mem 0x8001538e
core   0: 0x8000868c (0xffc14603) lbu     a2, -4(sp)
core   0: 3 0x8000868c (0xffc14603) x12 0x000000d7 mem 0x80015385
core   0: 0x80008690 (0xfc810583) lb      a1, -56(sp)
core   0: 3 0x80008690 (0xfc810583) x11 0xffffffac mem 0x80015351
core   0: 0x80008694 (0x03515c03) lhu     s8, 53(sp)
core   0: 3 0x80008694 (0x03515c03) x24 0x0000d474 mem 0x800153be
core   0: 0x80008698 (0x00a10da3) sb      a0, 27(sp)
core   0: 3 0x80008698 (0x00a10da3) mem 0x800153a4 0x0
core   0: 0x8000869c (0x01c14703) lbu     a4, 28(sp)
core   0: 3 0x8000869c (0x01c14703) x14 0x0000000e mem 0x800153a5
core   0: 0x800086a0 (0xfd7113a3) sh      s7, -57(sp)
core   0: 3 0x800086a0 (0xfd7113a3) mem 0x80015350 0x4064
core   0: 0x800086a4 (0x0385ac33) mulhsu  s8, a1, s8
core   0: 3 0x800086a4 (0x0385ac33) x24 0xffffffff
core   0: 0x800086a8 (0x00008f39) c.xor   a4, a4
core   0: 3 0x800086a8 (0x8f39) x14 0x00000000
core   0: 0x800086aa (0x00006611) c.lui   a2, 0x4
core   0: 3 0x800086aa (0x6611) x12 0x00004000
core   0: 0x800086ac (0x01414503) lbu     a0, 20(sp)
core   0: 3 0x800086ac (0x01414503) x10 0x00000025 mem 0x8001539d
core   0: 0x800086b0 (0x00a10e23) sb      a0, 28(sp)
core   0: 3 0x800086b0 (0x00a10e23) mem 0x800153a5 0x25
core   0: 0x800086b4 (0x01010503) lb      a0, 16(sp)
core   0: 3 0x800086b4 (0x01010503) x10 0x00000048 mem 0x80015399
core   0: 0x800086b8 (0x00010583) lb      a1, 0(sp)
core   0: 3 0x800086b8 (0x00010583) x11 0xffffffcd mem 0x80015389
core   0: 0x800086bc (0xfc010c03) lb      s8, -64(sp)
core   0: 3 0x800086bc (0xfc010c03) x24 0x00000014 mem 0x80015349
core   0: 0x800086c0 (0xfce11da3) sh      a4, -37(sp)
core   0: 3 0x800086c0 (0xfce11da3) mem 0x80015364 0x0000
core   0: 0x800086c4 (0xfd710623) sb      s7, -52(sp)
core   0: 3 0x800086c4 (0xfd710623) mem 0x80015355 0x64
core   0: 0x800086c8 (0x03e14583) lbu     a1, 62(sp)
core   0: 3 0x800086c8 (0x03e14583) x11 0x000000de mem 0x800153c7
core   0: 0x800086cc (0x00a10703) lb      a4, 10(sp)
core   0: 3 0x800086cc (0x00a10703) x14 0xffffff8b mem 0x80015393
core   0: 0x800086d0 (0xfd610583) lb      a1, -42(sp)
core   0: 3 0x800086d0 (0xfd610583) x11 0x00000006 mem 0x8001535f
core   0: 0x800086d4 (0x037c6633) rem     a2, s8, s7
core   0: 3 0x800086d4 (0x037c6633) x12 0x00000014
core   0: 0x800086d8 (0xfcc109a3) sb      a2, -45(sp)
core   0: 3 0x800086d8 (0xfcc109a3) mem 0x8001535c 0x14
core   0: 0x800086dc (0x01114b83) lbu     s7, 17(sp)
core   0: 3 0x800086dc (0x01114b83) x23 0x00000095 mem 0x8001539a
core   0: 0x800086e0 (0x00000542) c.slli  a0, 16
core   0: 3 0x800086e0 (0x0542) x10 0x00480000
core   0: 0x800086e2 (0xfdb11503) lh      a0, -37(sp)
core   0: 3 0x800086e2 (0xfdb11503) x10 0x00000000 mem 0x80015364
core   0: 0x800086e6 (0x0000454d) c.li    a0, 19
core   0: 3 0x800086e6 (0x454d) x10 0x00000013
core   0: 0x800086e8 (0x01a10703) lb      a4, 26(sp)
core   0: 3 0x800086e8 (0x01a10703) x14 0xffffff9d mem 0x800153a3
core   0: 0x800086ec (0xfe114583) lbu     a1, -31(sp)
core   0: 3 0x800086ec (0xfe114583) x11 0x0000008f mem 0x8001536a
core   0: 0x800086f0 (0x00b10423) sb      a1, 8(sp)
core   0: 3 0x800086f0 (0x00b10423) mem 0x80015391 0x8f
core   0: 0x800086f4 (0x018605b3) add     a1, a2, s8
core   0: 3 0x800086f4 (0x018605b3) x11 0x00000028
core   0: 0x800086f8 (0xfb077513) andi    a0, a4, -80
core   0: 3 0x800086f8 (0xfb077513) x10 0xffffff90
core   0: 0x800086fc (0x02b11ea3) sh      a1, 61(sp)
core   0: 3 0x800086fc (0x02b11ea3) mem 0x800153c6 0x0028
core   0: 0x80008700 (0x0000100f) fence.i
core   0: 3 0x80008700 (0x0000100f)
core   0: 0x80008704 (0x00510c03) lb      s8, 5(sp)
core   0: 3 0x80008704 (0x00510c03) x24 0xffffffea mem 0x8001538e
core   0: 0x80008708 (0xfeb10423) sb      a1, -24(sp)
core   0: 3 0x80008708 (0xfeb10423) mem 0x80015371 0x28
core   0: 0x8000870c (0x00c10323) sb      a2, 6(sp)
core   0: 3 0x8000870c (0x00c10323) mem 0x8001538f 0x14
core   0: 0x80008710 (0x0000874d) c.srai  a4, 19
core   0: 3 0x80008710 (0x874d) x14 0xffffffff
core   0: 0x80008712 (0xffc14503) lbu     a0, -4(sp)
core   0: 3 0x80008712 (0xffc14503) x10 0x000000d7 mem 0x80015385
core   0: 0x80008716 (0x0000bb17) auipc   s6, 0xb
core   0: 3 0x80008716 (0x0000bb17) x22 0x80013716
core   0: 0x8000871a (0x19cb0b13) addi    s6, s6, 412
core   0: 3 0x8000871a (0x19cb0b13) x22 0x800138b2
core   0: 0x8000871e (0x0000b217) auipc   tp, 0xb
core   0: 3 0x8000871e (0x0000b217) x 4 0x8001371e
core   0: 0x80008722 (0x5ba20213) addi    tp, tp, 1466
core   0: 3 0x80008722 (0x5ba20213) x 4 0x80013cd8
core   0: 0x80008726 (0x01120823) sb      a7, 16(tp)
core   0: 3 0x80008726 (0x01120823) mem 0x80013ce8 0x0
core   0: 0x8000872a (0x0000b417) auipc   s0, 0xb
core   0: 3 0x8000872a (0x0000b417) x 8 0x8001372a
core   0: 0x8000872e (0xd2a40413) addi    s0, s0, -726
core   0: 3 0x8000872e (0xd2a40413) x 8 0x80013454
core   0: 0x80008732 (0xfe140703) lb      a4, -31(s0)
core   0: 3 0x80008732 (0xfe140703) x14 0xffffff9b mem 0x80013435
core   0: 0x80008736 (0x003b4103) lbu     sp, 3(s6)
core   0: 3 0x80008736 (0x003b4103) x 2 0x00000001 mem 0x800138b5
core   0: 0x8000873a (0x00d24103) lbu     sp, 13(tp)
core   0: 3 0x8000873a (0x00d24103) x 2 0x00000053 mem 0x80013ce5
core   0: 0x8000873e (0xfffb0583) lb      a1, -1(s6)
core   0: 3 0x8000873e (0xfffb0583) x11 0xffffffff mem 0x800138b1
core   0: 0x80008742 (0x02241603) lh      a2, 34(s0)
core   0: 3 0x80008742 (0x02241603) x12 0xffffe86a mem 0x80013476
core   0: 0x80008746 (0x00621a03) lh      s4, 6(tp)
core   0: 3 0x80008746 (0x00621a03) x20 0xffffb092 mem 0x80013cde
core   0: 0x8000874a (0xff3b0e23) sb      s3, -4(s6)
core   0: 3 0x8000874a (0xff3b0e23) mem 0x800138ae 0xb4
core   0: 0x8000874e (0x004202a3) sb      tp, 5(tp)
core   0: 3 0x8000874e (0x004202a3) mem 0x80013cdd 0xd8
core   0: 0x80008752 (0xfcb44c03) lbu     s8, -53(s0)
core   0: 3 0x80008752 (0xfcb44c03) x24 0x000000f9 mem 0x8001341f
core   0: 0x80008756 (0x010b5d83) lhu     s11, 16(s6)
core   0: 3 0x80008756 (0x010b5d83) x27 0x00008442 mem 0x800138c2
core   0: 0x8000875a (0xffe25003) lhu     zero, -2(tp)
core   0: 3 0x8000875a (0xffe25003) mem 0x80013cd6
core   0: 0x8000875e (0x00bb01a3) sb      a1, 3(s6)
core   0: 3 0x8000875e (0x00bb01a3) mem 0x800138b5 0xff
core   0: 0x80008762 (0x015b00a3) sb      s5, 1(s6)
core   0: 3 0x80008762 (0x015b00a3) mem 0x800138b3 0xd1
core   0: 0x80008766 (0x00f24d83) lbu     s11, 15(tp)
core   0: 3 0x80008766 (0x00f24d83) x27 0x000000d8 mem 0x80013ce7
core   0: 0x8000876a (0x01140303) lb      t1, 17(s0)
core   0: 3 0x8000876a (0x01140303) x 6 0x0000005d mem 0x80013465
core   0: 0x8000876e (0xff020ea3) sb      a6, -3(tp)
core   0: 3 0x8000876e (0xff020ea3) mem 0x80013cd5 0xff
core   0: 0x80008772 (0xff821d83) lh      s11, -8(tp)
core   0: 3 0x80008772 (0xff821d83) x27 0xffffcf28 mem 0x80013cd0
core   0: 0x80008776 (0xfd840e23) sb      s8, -36(s0)
core   0: 3 0x80008776 (0xfd840e23) mem 0x80013430 0xf9
core   0: 0x8000877a (0xfe0b1a23) sh      zero, -12(s6)
core   0: 3 0x8000877a (0xfe0b1a23) mem 0x800138a6 0x0000
core   0: 0x8000877e (0x02540a03) lb      s4, 37(s0)
core   0: 3 0x8000877e (0x02540a03) x20 0xffffffc0 mem 0x80013479
core   0: 0x80008782 (0x03740983) lb      s3, 55(s0)
core   0: 3 0x80008782 (0x03740983) x19 0x00000043 mem 0x8001348b
core   0: 0x80008786 (0x00544303) lbu     t1, 5(s0)
core   0: 3 0x80008786 (0x00544303) x 6 0x000000fd mem 0x80013459
core   0: 0x8000878a (0xff0b1183) lh      gp, -16(s6)
core   0: 3 0x8000878a (0xff0b1183) x 3 0x00004635 mem 0x800138a2
core   0: 0x8000878e (0xfe8b0e23) sb      s0, -4(s6)
core   0: 3 0x8000878e (0xfe8b0e23) mem 0x800138ae 0x54
core   0: 0x80008792 (0x01e41f23) sh      t5, 30(s0)
core   0: 3 0x80008792 (0x01e41f23) mem 0x80013472 0xcd24
core   0: 0x80008796 (0x003b0b83) lb      s7, 3(s6)
core   0: 3 0x80008796 (0x003b0b83) x23 0xffffffff mem 0x800138b5
core   0: 0x8000879a (0xfce402a3) sb      a4, -59(s0)
core   0: 3 0x8000879a (0xfce402a3) mem 0x80013419 0x9b
core   0: 0x8000879e (0x0000b897) auipc   a7, 0xb
core   0: 3 0x8000879e (0x0000b897) x17 0x8001379e
core   0: 0x800087a2 (0xcaf88893) addi    a7, a7, -849
core   0: 3 0x800087a2 (0xcaf88893) x17 0x8001344d
core   0: 0x800087a6 (0x03fe1e33) mulh    t3, t3, t6
core   0: 3 0x800087a6 (0x03fe1e33) x28 0xffffffff
core   0: 0x800087aa (0xaa977c93) andi    s9, a4, -1367
core   0: 3 0x800087aa (0xaa977c93) x25 0xfffffa89
core   0: 0x800087ae (0xfc88c703) lbu     a4, -56(a7)
core   0: 3 0x800087ae (0xfc88c703) x14 0x000000cf mem 0x80013415
core   0: 0x800087b2 (0x00c91633) sll     a2, s2, a2
core   0: 3 0x800087b2 (0x00c91633) x12 0x00000000
core   0: 0x800087b6 (0x0298c303) lbu     t1, 41(a7)
core   0: 3 0x800087b6 (0x0298c303) x 6 0x0000006a mem 0x80013476
core   0: 0x800087ba (0x01b8d983) lhu     s3, 27(a7)
core   0: 3 0x800087ba (0x01b8d983) x19 0x00001869 mem 0x80013468
core   0: 0x800087be (0xfd98c703) lbu     a4, -39(a7)
core   0: 3 0x800087be (0xfd98c703) x14 0x0000002f mem 0x80013426
core   0: 0x800087c2 (0x01b8a503) lw      a0, 27(a7)
core   0: 3 0x800087c2 (0x01b8a503) x10 0xbc1f1869 mem 0x80013468
core   0: 0x800087c6 (0x00008872) c.mv    a6, t3
core   0: 3 0x800087c6 (0x8872) x16 0xffffffff
core   0: 0x800087c8 (0x0258ada3) sw      t0, 59(a7)
core   0: 3 0x800087c8 (0x0258ada3) mem 0x80013488 0x80028e74
core   0: 0x800087cc (0x3406def3) csrrwi  t4, mscratch, 13
core   0: 3 0x800087cc (0x3406def3) x29 0x15ec91d1 c832_mscratch 0x0000000d
core   0: 0x800087d0 (0x0000100f) fence.i
core   0: 3 0x800087d0 (0x0000100f)
core   0: 0x800087d4 (0x01c88c03) lb      s8, 28(a7)
core   0: 3 0x800087d4 (0x01c88c03) x24 0x00000018 mem 0x80013469
core   0: 0x800087d8 (0x02388e23) sb      gp, 60(a7)
core   0: 3 0x800087d8 (0x02388e23) mem 0x80013489 0x35
core   0: 0x800087dc (0x03eac233) div     tp, s5, t5
core   0: 3 0x800087dc (0x03eac233) x 4 0x00000000
core   0: 0x800087e0 (0xfd688d23) sb      s6, -38(a7)
core   0: 3 0x800087e0 (0xfd688d23) mem 0x80013427 0xb2
core   0: 0x800087e4 (0x014f6d33) or      s10, t5, s4
core   0: 3 0x800087e4 (0x014f6d33) x26 0xffffffe4
core   0: 0x800087e8 (0x96794d93) xori    s11, s2, -1689
core   0: 3 0x800087e8 (0x96794d93) x27 0xfffff967
core   0: 0x800087ec (0x01aa04b3) add     s1, s4, s10
core   0: 3 0x800087ec (0x01aa04b3) x 9 0xffffffa4
core   0: 0x800087f0 (0xff088b23) sb      a6, -10(a7)
core   0: 3 0x800087f0 (0xff088b23) mem 0x80013443 0xff
core   0: 0x800087f4 (0xfe88c903) lbu     s2, -24(a7)
core   0: 3 0x800087f4 (0xfe88c903) x18 0x0000009b mem 0x80013435
core   0: 0x800087f8 (0x0260066f) jal     a2, pc + 0x26
core   0: 3 0x800087f8 (0x0260066f) x12 0x800087fc
core   0: 0x8000881e (0xfe7ff0ef) jal     pc - 0x1a
core   0: 3 0x8000881e (0xfe7ff0ef) x 1 0x80008822
core   0: 0x80008804 (0x00002815) c.jal   pc + 52
core   0: 3 0x80008804 (0x2815) x 1 0x80008806
core   0: 0x80008838 (0xff7ff0ef) jal     pc - 0xa
core   0: 3 0x80008838 (0xff7ff0ef) x 1 0x8000883c
core   0: 0x8000882e (0x00003fc1) c.jal   pc - 48
core   0: 3 0x8000882e (0x3fc1) x 1 0x80008830
core   0: 0x800087fe (0x03e000ef) jal     pc + 0x3e
core   0: 3 0x800087fe (0x03e000ef) x 1 0x80008802
core   0: 0x8000883c (0xfe7ff0ef) jal     pc - 0x1a
core   0: 3 0x8000883c (0xfe7ff0ef) x 1 0x80008840
core   0: 0x80008822 (0x0000b7f5) c.j     pc - 20
core   0: 3 0x80008822 (0xb7f5)
core   0: 0x8000880e (0x0260036f) jal     t1, pc + 0x26
core   0: 3 0x8000880e (0x0260036f) x 6 0x80008812
core   0: 0x80008834 (0xfe3ff36f) jal     t1, pc - 0x1e
core   0: 3 0x80008834 (0xfe3ff36f) x 6 0x80008838
core   0: 0x80008816 (0x00002019) c.jal   pc + 6
core   0: 3 0x80008816 (0x2019) x 1 0x80008818
core   0: 0x8000881c (0x00003fdd) c.jal   pc - 10
core   0: 3 0x8000881c (0x3fdd) x 1 0x8000881e
core   0: 0x80008812 (0x016000ef) jal     pc + 0x16
core   0: 3 0x80008812 (0x016000ef) x 1 0x80008816
core   0: 0x80008828 (0x0000bfcd) c.j     pc - 14
core   0: 3 0x80008828 (0xbfcd)
core   0: 0x8000881a (0x0000bfcd) c.j     pc - 14
core   0: 3 0x8000881a (0xbfcd)
core   0: 0x8000880c (0x00002839) c.jal   pc + 30
core   0: 3 0x8000880c (0x2839) x 1 0x8000880e
core   0: 0x8000882a (0xffdff0ef) jal     pc - 0x4
core   0: 3 0x8000882a (0xffdff0ef) x 1 0x8000882e
core   0: 0x80008826 (0x0000bff1) c.j     pc - 36
core   0: 3 0x80008826 (0xbff1)
core   0: 0x80008802 (0x00002011) c.jal   pc + 4
core   0: 3 0x80008802 (0x2011) x 1 0x80008804
core   0: 0x80008806 (0x00400eef) jal     t4, pc + 0x4
core   0: 3 0x80008806 (0x00400eef) x29 0x8000880a
core   0: 0x8000880a (0x0000bfcd) c.j     pc - 14
core   0: 3 0x8000880a (0xbfcd)
core   0: 0x800087fc (0x0000a025) c.j     pc + 40
core   0: 3 0x800087fc (0xa025)
core   0: 0x80008824 (0x0000a031) c.j     pc + 12
core   0: 3 0x80008824 (0xa031)
core   0: 0x80008830 (0x0000b7e5) c.j     pc - 24
core   0: 3 0x80008830 (0xb7e5)
core   0: 0x80008818 (0x0000a829) c.j     pc + 26
core   0: 3 0x80008818 (0xa829)
core   0: 0x80008832 (0x00002039) c.jal   pc + 14
core   0: 3 0x80008832 (0x2039) x 1 0x80008834
core   0: 0x80008840 (0x40c98b33) sub     s6, s3, a2
core   0: 3 0x80008840 (0x40c98b33) x22 0x7fff906d
core   0: 0x80008844 (0x0001c197) auipc   gp, 0x1c
core   0: 3 0x80008844 (0x0001c197) x 3 0x80024844
core   0: 0x80008848 (0x81018193) addi    gp, gp, -2032
core   0: 3 0x80008848 (0x81018193) x 3 0x80024054
core   0: 0x8000884c (0x0811afaf) amoswap.w t6, ra, (gp)
core   0: 3 0x8000884c (0x0811afaf) x31 0x80028ea4 mem 0x80024054 mem 0x80024054 0x80008834
core   0: 0x80008850 (0x41f1ab2f) amoor.w s6, t6, (gp)
core   0: 3 0x80008850 (0x41f1ab2f) x22 0x80008834 mem 0x80024054 mem 0x80024054 0x80028eb4
core   0: 0x80008854 (0xa401a42f) amomax.w s0, zero, (gp)
core   0: 3 0x80008854 (0xa401a42f) x 8 0x80028eb4 mem 0x80024054 mem 0x80024054 0x00000000
core   0: 0x80008858 (0x23b1a32f) amoxor.w t1, s11, (gp)
core   0: 3 0x80008858 (0x23b1a32f) x 6 0x00000000 mem 0x80024054 mem 0x80024054 0xfffff967
core   0: 0x8000885c (0x63a1acaf) amoand.w s9, s10, (gp)
core   0: 3 0x8000885c (0x63a1acaf) x25 0xfffff967 mem 0x80024054 mem 0x80024054 0xfffff964
core   0: 0x80008860 (0x0d71a62f) amoswap.w a2, s7, (gp)
core   0: 3 0x80008860 (0x0d71a62f) x12 0xfffff964 mem 0x80024054 mem 0x80024054 0xffffffff
core   0: 0x80008864 (0x8121acaf) amomin.w s9, s2, (gp)
core   0: 3 0x80008864 (0x8121acaf) x25 0xffffffff mem 0x80024054 mem 0x80024054 0xffffffff
core   0: 0x80008868 (0x01c34133) xor     sp, t1, t3
core   0: 3 0x80008868 (0x01c34133) x 2 0xffffffff
core   0: 0x8000886c (0xe461a7af) amomaxu.w a5, t1, (gp)
core   0: 3 0x8000886c (0xe461a7af) x15 0xffffffff mem 0x80024054 mem 0x80024054 0xffffffff
core   0: 0x80008870 (0x2051a62f) amoxor.w a2, t0, (gp)
core   0: 3 0x80008870 (0x2051a62f) x12 0xffffffff mem 0x80024054 mem 0x80024054 0x7ffd718b
core   0: 0x80008874 (0x0000ee17) auipc   t3, 0xe
core   0: 3 0x80008874 (0x0000ee17) x28 0x80016874
core   0: 0x80008878 (0x654e0e13) addi    t3, t3, 1620
core   0: 3 0x80008878 (0x654e0e13) x28 0x80016ec8
core   0: 0x8000887c (0x0000c917) auipc   s2, 0xc
core   0: 3 0x8000887c (0x0000c917) x18 0x8001487c
core   0: 0x80008880 (0xc6990913) addi    s2, s2, -919
core   0: 3 0x80008880 (0xc6990913) x18 0x800144e5
core   0: 0x80008884 (0x00010997) auipc   s3, 0x10
core   0: 3 0x80008884 (0x00010997) x19 0x80018884
core   0: 0x80008888 (0x19398993) addi    s3, s3, 403
core   0: 3 0x80008888 (0x19398993) x19 0x80018a17
core   0: 0x8000888c (0x00c984a3) sb      a2, 9(s3)
core   0: 3 0x8000888c (0x00c984a3) mem 0x80018a20 0xff
core   0: 0x80008890 (0x00016197) auipc   gp, 0x16
core   0: 3 0x80008890 (0x00016197) x 3 0x8001e890
core   0: 0x80008894 (0x39d18193) addi    gp, gp, 925
core   0: 3 0x80008894 (0x39d18193) x 3 0x8001ec2d
core   0: 0x80008898 (0xfe11d703) lhu     a4, -31(gp)
core   0: 3 0x80008898 (0xfe11d703) x14 0x0000a024 mem 0x8001ec0e
core   0: 0x8000889c (0xf31e1d23) sh      a7, -198(t3)
core   0: 3 0x8000889c (0xf31e1d23) mem 0x80016e02 0x344d
core   0: 0x800088a0 (0xf81e0c03) lb      s8, -127(t3)
core   0: 3 0x800088a0 (0xf81e0c03) x24 0x00000045 mem 0x80016e49
core   0: 0x800088a4 (0xff098c83) lb      s9, -16(s3)
core   0: 3 0x800088a4 (0xff098c83) x25 0xffffffa5 mem 0x80018a07
core   0: 0x800088a8 (0xff21ada3) sw      s2, -5(gp)
core   0: 3 0x800088a8 (0xff21ada3) mem 0x8001ec28 0x800144e5
core   0: 0x800088ac (0x01098d83) lb      s11, 16(s3)
core   0: 3 0x800088ac (0x01098d83) x27 0xffffffc9 mem 0x80018a27
core   0: 0x800088b0 (0xf63e4c03) lbu     s8, -157(t3)
core   0: 3 0x800088b0 (0xf63e4c03) x24 0x00000021 mem 0x80016e2b
core   0: 0x800088b4 (0x01f18ea3) sb      t6, 29(gp)
core   0: 3 0x800088b4 (0x01f18ea3) mem 0x8001ec4a 0xa4
core   0: 0x800088b8 (0xff418c83) lb      s9, -12(gp)
core   0: 3 0x800088b8 (0xff418c83) x25 0x00000004 mem 0x8001ec21
core   0: 0x800088bc (0x03f18623) sb      t6, 44(gp)
core   0: 3 0x800088bc (0x03f18623) mem 0x8001ec59 0xa4
core   0: 0x800088c0 (0xff69c003) lbu     zero, -10(s3)
core   0: 3 0x800088c0 (0xff69c003) mem 0x80018a0d
core   0: 0x800088c4 (0x051e0083) lb      ra, 81(t3)
core   0: 3 0x800088c4 (0x051e0083) x 1 0x00000031 mem 0x80016f19
core   0: 0x800088c8 (0xfe990583) lb      a1, -23(s2)
core   0: 3 0x800088c8 (0xfe990583) x11 0xffffffe1 mem 0x800144ce
core   0: 0x800088cc (0xffa9ca83) lbu     s5, -6(s3)
core   0: 3 0x800088cc (0xffa9ca83) x21 0x00000046 mem 0x80018a11
core   0: 0x800088d0 (0x02e18403) lb      s0, 46(gp)
core   0: 3 0x800088d0 (0x02e18403) x 8 0x0000005c mem 0x8001ec5b
core   0: 0x800088d4 (0x04ee1b03) lh      s6, 78(t3)
core   0: 3 0x800088d4 (0x04ee1b03) x22 0xffff884d mem 0x80016f16
core   0: 0x800088d8 (0xfdd90823) sb      t4, -48(s2)
core   0: 3 0x800088d8 (0xfdd90823) mem 0x800144b5 0xa
core   0: 0x800088dc (0x01e18423) sb      t5, 8(gp)
core   0: 3 0x800088dc (0x01e18423) mem 0x8001ec35 0x24
core   0: 0x800088e0 (0xff991da3) sh      s9, -5(s2)
core   0: 3 0x800088e0 (0xff991da3) mem 0x800144e0 0x0004
core   0: 0x800088e4 (0xf26e0703) lb      a4, -218(t3)
core   0: 3 0x800088e4 (0xf26e0703) x14 0xffffff83 mem 0x80016dee
core   0: 0x800088e8 (0x00d90423) sb      a3, 8(s2)
core   0: 3 0x800088e8 (0x00d90423) mem 0x800144ed 0xff
core   0: 0x800088ec (0xfee18123) sb      a4, -30(gp)
core   0: 3 0x800088ec (0xfee18123) mem 0x8001ec0f 0x83
core   0: 0x800088f0 (0x00b98503) lb      a0, 11(s3)
core   0: 3 0x800088f0 (0x00b98503) x10 0xffffffe7 mem 0x80018a22
core   0: 0x800088f4 (0xff8e4f83) lbu     t6, -8(t3)
core   0: 3 0x800088f4 (0xff8e4f83) x31 0x00000084 mem 0x80016ec0
core   0: 0x800088f8 (0x039902a3) sb      s9, 37(s2)
core   0: 3 0x800088f8 (0x039902a3) mem 0x8001450a 0x4
core   0: 0x800088fc (0xffe98b83) lb      s7, -2(s3)
core   0: 3 0x800088fc (0xffe98b83) x23 0x00000005 mem 0x80018a15
core   0: 0x80008900 (0xfdb1af83) lw      t6, -37(gp)
core   0: 3 0x80008900 (0xfdb1af83) x31 0x34c2a08b mem 0x8001ec08
core   0: 0x80008904 (0x0000bb97) auipc   s7, 0xb
core   0: 3 0x80008904 (0x0000bb97) x23 0x80013904
core   0: 0x80008908 (0x47bb8b93) addi    s7, s7, 1147
core   0: 3 0x80008908 (0x47bb8b93) x23 0x80013d7f
core   0: 0x8000890c (0x0ff0000f) fence   iorw,iorw
core   0: 3 0x8000890c (0x0ff0000f)
core   0: 0x80008910 (0x03cf0333) mul     t1, t5, t3
core   0: 3 0x80008910 (0x03cf0333) x 6 0x0379bc20
core   0: 0x80008914 (0x01ab8003) lb      zero, 26(s7)
core   0: 3 0x80008914 (0x01ab8003) mem 0x80013d99
core   0: 0x80008918 (0x00ab8903) lb      s2, 10(s7)
core   0: 3 0x80008918 (0x00ab8903) x18 0x0000006e mem 0x80013d89
core   0: 0x8000891c (0x007160b3) or      ra, sp, t2
core   0: 3 0x8000891c (0x007160b3) x 1 0xffffffff
core   0: 0x80008920 (0x340edb73) csrrwi  s6, mscratch, 29
core   0: 3 0x80008920 (0x340edb73) x22 0x0000000d c832_mscratch 0x0000001d
core   0: 0x80008924 (0xfc6bcf83) lbu     t6, -58(s7)
core   0: 3 0x80008924 (0xfc6bcf83) x31 0x0000002f mem 0x80013d45
core   0: 0x80008928 (0x40e8d193) srai    gp, a7, 14
core   0: 3 0x80008928 (0x40e8d193) x 3 0xfffe0004
core   0: 0x8000892c (0xfceb96a3) sh      a4, -51(s7)
core   0: 3 0x8000892c (0xfceb96a3) mem 0x80013d4c 0xff83
core   0: 0x80008930 (0x340e17f3) csrrw   a5, mscratch, t3
core   0: 3 0x80008930 (0x340e17f3) x15 0x0000001d c832_mscratch 0x80016ec8
core   0: 0x80008934 (0x340eb373) csrrc   t1, mscratch, t4
core   0: 3 0x80008934 (0x340eb373) x 6 0x80016ec8 c832_mscratch 0x000166c0
core   0: 0x80008938 (0x00008f7d) c.and   a4, a5
core   0: 3 0x80008938 (0x8f7d) x14 0x00000001
core   0: 0x8000893a (0x02dbc203) lbu     tp, 45(s7)
core   0: 3 0x8000893a (0x02dbc203) x 4 0x000000ae mem 0x80013dac
core   0: 0x8000893e (0xff1b8423) sb      a7, -24(s7)
core   0: 3 0x8000893e (0xff1b8423) mem 0x80013d67 0x4d
core   0: 0x80008942 (0xfd5bc303) lbu     t1, -43(s7)
core   0: 3 0x80008942 (0xfd5bc303) x 6 0x000000dd mem 0x80013d54
core   0: 0x80008946 (0x032b8983) lb      s3, 50(s7)
core   0: 3 0x80008946 (0x032b8983) x19 0xffffff80 mem 0x80013db1
core   0: 0x8000894a (0x034dd333) divu    t1, s11, s4
core   0: 3 0x8000894a (0x034dd333) x 6 0x00000001
core   0: 0x8000894e (0x038b8d03) lb      s10, 56(s7)
core   0: 3 0x8000894e (0x038b8d03) x26 0xfffffff2 mem 0x80013db7
core   0: 0x80008952 (0x000054fd) c.li    s1, -1
core   0: 3 0x80008952 (0x54fd) x 9 0xffffffff
core   0: 0x80008954 (0x000058fd) c.li    a7, -1
core   0: 3 0x80008954 (0x58fd) x17 0xffffffff
core   0: 0x80008956 (0x34007cf3) csrrci  s9, mscratch, 0
core   0: 3 0x80008956 (0x34007cf3) x25 0x000166c0
core   0: 0x8000895a (0x0000717d) c.addi16sp sp, -16
core   0: 3 0x8000895a (0x717d) x 2 0xffffffef
core   0: 0x8000895c (0x34053773) csrrc   a4, mscratch, a0
core   0: 3 0x8000895c (0x34053773) x14 0x000166c0 c832_mscratch 0x00000000
core   0: 0x80008960 (0x03bb8903) lb      s2, 59(s7)
core   0: 3 0x80008960 (0x03bb8903) x18 0xffffffdb mem 0x80013dba
core   0: 0x80008964 (0x00ae9813) slli    a6, t4, 10
core   0: 3 0x80008964 (0x00ae9813) x16 0x02202800
core   0: 0x80008968 (0x03abb8b3) mulhu   a7, s7, s10
core   0: 3 0x80008968 (0x03abb8b3) x17 0x80013d77
core   0: 0x8000896c (0x0294bdb3) mulhu   s11, s1, s1
core   0: 3 0x8000896c (0x0294bdb3) x27 0xfffffffe
core   0: 0x80008970 (0x00006a41) c.lui   s4, 0x10
core   0: 3 0x80008970 (0x6a41) x20 0x00010000
core   0: 0x80008972 (0x0100e533) or      a0, ra, a6
core   0: 3 0x80008972 (0x0100e533) x10 0xffffffff
core   0: 0x80008976 (0x03dba083) lw      ra, 61(s7)
core   0: 3 0x80008976 (0x03dba083) x 1 0xd4ae3740 mem 0x80013dbc
core   0: 0x8000897a (0x009ba083) lw      ra, 9(s7)
core   0: 3 0x8000897a (0x009ba083) x 1 0x13666e3a mem 0x80013d88
core   0: 0x8000897e (0xfd7b80a3) sb      s7, -63(s7)
core   0: 3 0x8000897e (0xfd7b80a3) mem 0x80013d40 0x7f
core   0: 0x80008982 (0x000000ad) c.addi  ra, 11
core   0: 3 0x80008982 (0x00ad) x 1 0x13666e45
core   0: 0x80008984 (0x107e3993) sltiu   s3, t3, 263
core   0: 3 0x80008984 (0x107e3993) x19 0x00000000
core   0: 0x80008988 (0x00008e0d) c.sub   a2, a1
core   0: 3 0x80008988 (0x8e0d) x12 0x0000001e
core   0: 0x8000898a (0x013b82a3) sb      s3, 5(s7)
core   0: 3 0x8000898a (0x013b82a3) mem 0x80013d84 0x0
core   0: 0x8000898e (0x00013197) auipc   gp, 0x13
core   0: 3 0x8000898e (0x00013197) x 3 0x8001b98e
core   0: 0x80008992 (0xc9a18193) addi    gp, gp, -870
core   0: 3 0x80008992 (0xc9a18193) x 3 0x8001b628
core   0: 0x80008996 (0xffa1d983) lhu     s3, -6(gp)
core   0: 3 0x80008996 (0xffa1d983) x19 0x00003a37 mem 0x8001b622
core   0: 0x8000899a (0xfe618d23) sb      t1, -6(gp)
core   0: 3 0x8000899a (0xfe618d23) mem 0x8001b622 0x1
core   0: 0x8000899e (0xfec19d23) sh      a2, -6(gp)
core   0: 3 0x8000899e (0xfec19d23) mem 0x8001b622 0x001e
core   0: 0x800089a2 (0xffa1d983) lhu     s3, -6(gp)
core   0: 3 0x800089a2 (0xffa1d983) x19 0x0000001e mem 0x8001b622
core   0: 0x800089a6 (0xffc18d23) sb      t3, -6(gp)
core   0: 3 0x800089a6 (0xffc18d23) mem 0x8001b622 0xc8
core   0: 0x800089aa (0xffa18b83) lb      s7, -6(gp)
core   0: 3 0x800089aa (0xffa18b83) x23 0xffffffc8 mem 0x8001b622
core   0: 0x800089ae (0xfef18d23) sb      a5, -6(gp)
core   0: 3 0x800089ae (0xfef18d23) mem 0x8001b622 0x1d
core   0: 0x800089b2 (0x00008ca9) c.xor   s1, a0
core   0: 3 0x800089b2 (0x8ca9) x 9 0x00000000
core   0: 0x800089b4 (0xffa1c403) lbu     s0, -6(gp)
core   0: 3 0x800089b4 (0xffa1c403) x 8 0x0000001d mem 0x8001b622
core   0: 0x800089b8 (0xad57a813) slti    a6, a5, -1323
core   0: 3 0x800089b8 (0xad57a813) x16 0x00000000
core   0: 0x800089bc (0xffa1da03) lhu     s4, -6(gp)
core   0: 3 0x800089bc (0xffa1da03) x20 0x0000001d mem 0x8001b622
core   0: 0x800089c0 (0xffa1c983) lbu     s3, -6(gp)
core   0: 3 0x800089c0 (0xffa1c983) x19 0x0000001d mem 0x8001b622
core   0: 0x800089c4 (0xffa19d23) sh      s10, -6(gp)
core   0: 3 0x800089c4 (0xffa19d23) mem 0x8001b622 0xfff2
core   0: 0x800089c8 (0xfe819d23) sh      s0, -6(gp)
core   0: 3 0x800089c8 (0xfe819d23) mem 0x8001b622 0x001d
core   0: 0x800089cc (0xffa19503) lh      a0, -6(gp)
core   0: 3 0x800089cc (0xffa19503) x10 0x0000001d mem 0x8001b622
core   0: 0x800089d0 (0x00518d83) lb      s11, 5(gp)
core   0: 3 0x800089d0 (0x00518d83) x27 0xffffffb7 mem 0x8001b62d
core   0: 0x800089d4 (0x00518d03) lb      s10, 5(gp)
core   0: 3 0x800089d4 (0x00518d03) x26 0xffffffb7 mem 0x8001b62d
core   0: 0x800089d8 (0x000182a3) sb      zero, 5(gp)
core   0: 3 0x800089d8 (0x000182a3) mem 0x8001b62d 0x0
core   0: 0x800089dc (0xfe1188a3) sb      ra, -15(gp)
core   0: 3 0x800089dc (0xfe1188a3) mem 0x8001b619 0x45
core   0: 0x800089e0 (0x016a9ab3) sll     s5, s5, s6
core   0: 3 0x800089e0 (0x016a9ab3) x21 0x0008c000
core   0: 0x800089e4 (0xff11c503) lbu     a0, -15(gp)
core   0: 3 0x800089e4 (0xff11c503) x10 0x00000045 mem 0x8001b619
core   0: 0x800089e8 (0xff118783) lb      a5, -15(gp)
core   0: 3 0x800089e8 (0xff118783) x15 0x00000045 mem 0x8001b619
core   0: 0x800089ec (0x0001b217) auipc   tp, 0x1b
core   0: 3 0x800089ec (0x0001b217) x 4 0x800239ec
core   0: 0x800089f0 (0x69020213) addi    tp, tp, 1680
core   0: 3 0x800089f0 (0x69020213) x 4 0x8002407c
core   0: 0x800089f4 (0x03674733) div     a4, a4, s6
core   0: 3 0x800089f4 (0x03674733) x14 0x00001b98
core   0: 0x800089f8 (0x00000001) c.nop
core   0: 3 0x800089f8 (0x0001)
core   0: 0x800089fa (0x86aac717) auipc   a4, 0x86aac
core   0: 3 0x800089fa (0x86aac717) x14 0x06ab49fa
core   0: 0x800089fe (0x00000001) c.nop
core   0: 3 0x800089fe (0x0001)
core   0: 0x80008a00 (0x00006c45) c.lui   s8, 0x11
core   0: 3 0x80008a00 (0x6c45) x24 0x00011000
core   0: 0x80008a02 (0x41035ab3) sra     s5, t1, a6
core   0: 3 0x80008a02 (0x41035ab3) x21 0x00000001
core   0: 0x80008a06 (0x41dbba97) auipc   s5, 0x41dbb
core   0: 3 0x80008a06 (0x41dbba97) x21 0xc1dc3a06
core   0: 0x80008a0a (0x340b56f3) csrrwi  a3, mscratch, 22
core   0: 3 0x80008a0a (0x340b56f3) x13 0x00000000 c832_mscratch 0x00000016
core   0: 0x80008a0e (0x0383deb3) divu    t4, t2, s8
core   0: 3 0x80008a0e (0x0383deb3) x29 0x00000000
core   0: 0x80008a12 (0x10022c2f) lr.w    s8, (tp)
core   0: 3 0x80008a12 (0x10022c2f) x24 0x8002cd24 mem 0x8002407c
core   0: 0x80008a16 (0x40905a13) srai    s4, zero, 9
core   0: 3 0x80008a16 (0x40905a13) x20 0x00000000
core   0: 0x80008a1a (0x1bd2292f) sc.w    s2, t4, (tp)
core   0: 3 0x80008a1a (0x1bd2292f) x18 0x00000000 mem 0x8002407c 0x00000000
core   0: 0x80008a1e (0x0001b897) auipc   a7, 0x1b
core   0: 3 0x80008a1e (0x0001b897) x17 0x80023a1e
core   0: 0x80008a22 (0x65288893) addi    a7, a7, 1618
core   0: 3 0x80008a22 (0x65288893) x17 0x80024070
core   0: 0x80008a26 (0x0001bc17) auipc   s8, 0x1b
core   0: 3 0x80008a26 (0x0001bc17) x24 0x80023a26
core   0: 0x80008a2a (0x652c0c13) addi    s8, s8, 1618
core   0: 3 0x80008a2a (0x652c0c13) x24 0x80024078
core   0: 0x80008a2e (0x0001b817) auipc   a6, 0x1b
core   0: 3 0x80008a2e (0x0001b817) x16 0x80023a2e
core   0: 0x80008a32 (0x65680813) addi    a6, a6, 1622
core   0: 3 0x80008a32 (0x65680813) x16 0x80024084
core   0: 0x80008a36 (0x0001bd97) auipc   s11, 0x1b
core   0: 3 0x80008a36 (0x0001bd97) x27 0x80023a36
core   0: 0x80008a3a (0x622d8d93) addi    s11, s11, 1570
core   0: 3 0x80008a3a (0x622d8d93) x27 0x80024058
core   0: 0x80008a3e (0xe2d8232f) amomaxu.w t1, a3, (a6)
core   0: 3 0x80008a3e (0xe2d8232f) x 6 0x15ec91d1 mem 0x80024084 mem 0x80024084 0x15ec91d1
core   0: 0x80008a42 (0xc19c29af) amominu.w s3, s9, (s8)
core   0: 3 0x80008a42 (0xc19c29af) x19 0x000098fa mem 0x80024078 mem 0x80024078 0x000098fa
core   0: 0x80008a46 (0x00c8eb33) or      s6, a7, a2
core   0: 3 0x80008a46 (0x00c8eb33) x22 0x8002407e
core   0: 0x80008a4a (0x03a9cbb3) div     s7, s3, s10
core   0: 3 0x80008a4a (0x03a9cbb3) x23 0xfffffde8
core   0: 0x80008a4e (0x005da22f) amoadd.w tp, t0, (s11)
core   0: 3 0x80008a4e (0x005da22f) x 4 0x0000005f mem 0x80024058 mem 0x80024058 0x80028ed3
core   0: 0x80008a52 (0x8418262f) amomin.w a2, ra, (a6)
core   0: 3 0x80008a52 (0x8418262f) x12 0x15ec91d1 mem 0x80024084 mem 0x80024084 0x13666e45
core   0: 0x80008a56 (0x0168272f) amoadd.w a4, s6, (a6)
core   0: 3 0x80008a56 (0x0168272f) x14 0x13666e45 mem 0x80024084 mem 0x80024084 0x9368aec3
core   0: 0x80008a5a (0xe4dda32f) amomaxu.w t1, a3, (s11)
core   0: 3 0x80008a5a (0xe4dda32f) x 6 0x80028ed3 mem 0x80024058 mem 0x80024058 0x80028ed3
core   0: 0x80008a5e (0x053820af) amoadd.w ra, s3, (a6)
core   0: 3 0x80008a5e (0x053820af) x 1 0x9368aec3 mem 0x80024084 mem 0x80024084 0x936947bd
core   0: 0x80008a62 (0x412826af) amoor.w a3, s2, (a6)
core   0: 3 0x80008a62 (0x412826af) x13 0x936947bd mem 0x80024084 mem 0x80024084 0x936947bd
core   0: 0x80008a66 (0x8308a5af) amomin.w a1, a6, (a7)
core   0: 3 0x80008a66 (0x8308a5af) x11 0x8002cf74 mem 0x80024070 mem 0x80024070 0x80024084
core   0: 0x80008a6a (0x0000b117) auipc   sp, 0xb
core   0: 3 0x80008a6a (0x0000b117) x 2 0x80013a6a
core   0: 0x80008a6e (0x25210113) addi    sp, sp, 594
core   0: 3 0x80008a6e (0x25210113) x 2 0x80013cbc
core   0: 0x80008a72 (0x00f103a3) sb      a5, 7(sp)
core   0: 3 0x80008a72 (0x00f103a3) mem 0x80013cc3 0x45
core   0: 0x80008a76 (0x017100a3) sb      s7, 1(sp)
core   0: 3 0x80008a76 (0x017100a3) mem 0x80013cbd 0xe8
core   0: 0x80008a7a (0x3441b317) auipc   t1, 0x3441b
core   0: 3 0x80008a7a (0x3441b317) x 6 0xb4423a7a
core   0: 0x80008a7e (0x0ff0000f) fence   iorw,iorw
core   0: 3 0x80008a7e (0x0ff0000f)
core   0: 0x80008a82 (0x0ff0000f) fence   iorw,iorw
core   0: 3 0x80008a82 (0x0ff0000f)
core   0: 0x80008a86 (0x00b14403) lbu     s0, 11(sp)
core   0: 3 0x80008a86 (0x00b14403) x 8 0x00000099 mem 0x80013cc7
core   0: 0x80008a8a (0x01a10723) sb      s10, 14(sp)
core   0: 3 0x80008a8a (0x01a10723) mem 0x80013cca 0xb7
core   0: 0x80008a8e (0x00710503) lb      a0, 7(sp)
core   0: 3 0x80008a8e (0x00710503) x10 0x00000045 mem 0x80013cc3
core   0: 0x80008a92 (0x0163de13) srli    t3, t2, 22
core   0: 3 0x80008a92 (0x0163de13) x28 0x00000000
core   0: 0x80008a96 (0x01c91033) sll     zero, s2, t3
core   0: 3 0x80008a96 (0x01c91033)
core   0: 0x80008a9a (0x023e1eb3) mulh    t4, t3, gp
core   0: 3 0x80008a9a (0x023e1eb3) x29 0x00000000
core   0: 0x80008a9e (0x03884233) div     tp, a6, s8
core   0: 3 0x80008a9e (0x03884233) x 4 0x00000000
core   0: 0x80008aa2 (0x00000e1a) c.slli  t3, 6
core   0: 3 0x80008aa2 (0x0e1a) x28 0x00000000
core   0: 0x80008aa4 (0xf48c94b7) lui     s1, 0xf48c9
core   0: 3 0x80008aa4 (0xf48c94b7) x 9 0xf48c9000
core   0: 0x80008aa8 (0xff611403) lh      s0, -10(sp)
core   0: 3 0x80008aa8 (0xff611403) x 8 0xffffe2c1 mem 0x80013cb2
core   0: 0x80008aac (0xff914003) lbu     zero, -7(sp)
core   0: 3 0x80008aac (0xff914003) mem 0x80013cb5
core   0: 0x80008ab0 (0x0711ca93) xori    s5, gp, 113
core   0: 3 0x80008ab0 (0x0711ca93) x21 0x8001b659
core   0: 0x80008ab4 (0xffb14d83) lbu     s11, -5(sp)
core   0: 3 0x80008ab4 (0xffb14d83) x27 0x00000041 mem 0x80013cb7
core   0: 0x80008ab8 (0x00009d92) c.add   s11, tp
core   0: 3 0x80008ab8 (0x9d92) x27 0x00000041
core   0: 0x80008aba (0x00d14d83) lbu     s11, 13(sp)
core   0: 3 0x80008aba (0x00d14d83) x27 0x00000027 mem 0x80013cc9
core   0: 0x80008abe (0x00000472) c.slli  s0, 28
core   0: 3 0x80008abe (0x0472) x 8 0x10000000
core   0: 0x80008ac0 (0x0b7bba13) sltiu   s4, s7, 183
core   0: 3 0x80008ac0 (0x0b7bba13) x20 0x00000000
core   0: 0x80008ac4 (0x03b82733) mulhsu  a4, a6, s11
core   0: 3 0x80008ac4 (0x03b82733) x14 0xffffffec
core   0: 0x80008ac8 (0x001100a3) sb      ra, 1(sp)
core   0: 3 0x80008ac8 (0x001100a3) mem 0x80013cbd 0xc3
core   0: 0x80008acc (0x00004ba2) c.lwsp  s7, 8(sp)
core   0: 3 0x80008acc (0x4ba2) x23 0x9964d642 mem 0x80013cc4
core   0: 0x80008ace (0x00b14003) lbu     zero, 11(sp)
core   0: 3 0x80008ace (0x00b14003) mem 0x80013cc7
core   0: 0x80008ad2 (0x00004e21) c.li    t3, 8
core   0: 3 0x80008ad2 (0x4e21) x28 0x00000008
core   0: 0x80008ad4 (0x0ff0000f) fence   iorw,iorw
core   0: 3 0x80008ad4 (0x0ff0000f)
core   0: 0x80008ad8 (0xffd10503) lb      a0, -3(sp)
core   0: 3 0x80008ad8 (0xffd10503) x10 0x0000003f mem 0x80013cb9
core   0: 0x80008adc (0x00006eb1) c.lui   t4, 0xc
core   0: 3 0x80008adc (0x6eb1) x29 0x0000c000
core   0: 0x80008ade (0x00aa7c33) and     s8, s4, a0
core   0: 3 0x80008ade (0x00aa7c33) x24 0x00000000
core   0: 0x80008ae2 (0x00f14783) lbu     a5, 15(sp)
core   0: 3 0x80008ae2 (0x00f14783) x15 0x000000f9 mem 0x80013ccb
core   0: 0x80008ae6 (0x00004302) c.lwsp  t1, 0(sp)
core   0: 3 0x80008ae6 (0x4302) x 6 0xb3dcc3d3 mem 0x80013cbc
core   0: 0x80008ae8 (0xffb10ea3) sb      s11, -3(sp)
core   0: 3 0x80008ae8 (0xffb10ea3) mem 0x80013cb9 0x27
core   0: 0x80008aec (0x7d16bc93) sltiu   s9, a3, 2001
core   0: 3 0x80008aec (0x7d16bc93) x25 0x00000000
core   0: 0x80008af0 (0xce1fe317) auipc   t1, 0xce1fe
core   0: 3 0x80008af0 (0xce1fe317) x 6 0x4e206af0
core   0: 0x80008af4 (0xffc11903) lh      s2, -4(sp)
core   0: 3 0x80008af4 (0xffc11903) x18 0x0000279a mem 0x80013cb8
core   0: 0x80008af8 (0x02fca333) mulhsu  t1, s9, a5
core   0: 3 0x80008af8 (0x02fca333) x 6 0x00000000
core   0: 0x80008afc (0xff510e83) lb      t4, -11(sp)
core   0: 3 0x80008afc (0xff510e83) x29 0x00000020 mem 0x80013cb1
core   0: 0x80008b00 (0x00000001) c.nop
core   0: 3 0x80008b00 (0x0001)
core   0: 0x80008b02 (0x00004dc2) c.lwsp  s11, 16(sp)
core   0: 3 0x80008b02 (0x4dc2) x27 0xf05624d7 mem 0x80013ccc
core   0: 0x80008b04 (0x00008fb9) c.xor   a5, a4
core   0: 3 0x80008b04 (0x8fb9) x15 0xffffff15
core   0: 0x80008b06 (0x01d105a3) sb      t4, 11(sp)
core   0: 3 0x80008b06 (0x01d105a3) mem 0x80013cc7 0x20
core   0: 0x80008b0a (0x00510c83) lb      s9, 5(sp)
core   0: 3 0x80008b0a (0x00510c83) x25 0x00000067 mem 0x80013cc1
core   0: 0x80008b0e (0x037c8db3) mul     s11, s9, s7
core   0: 3 0x80008b0e (0x037c8db3) x27 0xb792348e
core   0: 0x80008b12 (0x0000c21a) c.swsp  t1, 4(sp)
core   0: 3 0x80008b12 (0xc21a) mem 0x80013cc0 0x00000000
core   0: 0x80008b14 (0x00510003) lb      zero, 5(sp)
core   0: 3 0x80008b14 (0x00510003) mem 0x80013cc1
core   0: 0x80008b18 (0x00008e4d) c.or    a2, a1
core   0: 3 0x80008b18 (0x8e4d) x12 0x95eedff5
core   0: 0x80008b1a (0x00000001) c.nop
core   0: 3 0x80008b1a (0x0001)
core   0: 0x80008b1c (0xff211403) lh      s0, -14(sp)
core   0: 3 0x80008b1c (0xff211403) x 8 0x0000036b mem 0x80013cae
core   0: 0x80008b20 (0x00f14883) lbu     a7, 15(sp)
core   0: 3 0x80008b20 (0x00f14883) x17 0x000000f9 mem 0x80013ccb
core   0: 0x80008b24 (0xffc15a03) lhu     s4, -4(sp)
core   0: 3 0x80008b24 (0xffc15a03) x20 0x0000279a mem 0x80013cb8
core   0: 0x80008b28 (0x00b10583) lb      a1, 11(sp)
core   0: 3 0x80008b28 (0x00b10583) x11 0x00000020 mem 0x80013cc7
core   0: 0x80008b2c (0x00d10883) lb      a7, 13(sp)
core   0: 3 0x80008b2c (0x00d10883) x17 0x00000027 mem 0x80013cc9
core   0: 0x80008b30 (0x00012117) auipc   sp, 0x12
core   0: 3 0x80008b30 (0x00012117) x 2 0x8001ab30
core   0: 0x80008b34 (0x0b310113) addi    sp, sp, 179
core   0: 3 0x80008b34 (0x0b310113) x 2 0x8001abe3
core   0: 0x80008b38 (0x04014683) lbu     a3, 64(sp)
core   0: 3 0x80008b38 (0x04014683) x13 0x00000029 mem 0x8001ac23
core   0: 0x80008b3c (0x04014703) lbu     a4, 64(sp)
core   0: 3 0x80008b3c (0x04014703) x14 0x00000029 mem 0x8001ac23
core   0: 0x80008b40 (0x04010783) lb      a5, 64(sp)
core   0: 3 0x80008b40 (0x04010783) x15 0x00000029 mem 0x8001ac23
core   0: 0x80008b44 (0x04010d83) lb      s11, 64(sp)
core   0: 3 0x80008b44 (0x04010d83) x27 0x00000029 mem 0x8001ac23
core   0: 0x80008b48 (0x340fb1f3) csrrc   gp, mscratch, t6
core   0: 3 0x80008b48 (0x340fb1f3) x 3 0x00000016 c832_mscratch 0x00000010
core   0: 0x80008b4c (0x00008e21) c.xor   a2, s0
core   0: 3 0x80008b4c (0x8e21) x12 0x95eedc9e
core   0: 0x80008b4e (0x025091b3) mulh    gp, ra, t0
core   0: 3 0x80008b4e (0x025091b3) x 3 0x364a9302
core   0: 0x80008b52 (0x05210023) sb      s2, 64(sp)
core   0: 3 0x80008b52 (0x05210023) mem 0x8001ac23 0x9a
core   0: 0x80008b56 (0x05910023) sb      s9, 64(sp)
core   0: 3 0x80008b56 (0x05910023) mem 0x8001ac23 0x67
core   0: 0x80008b5a (0x04010e03) lb      t3, 64(sp)
core   0: 3 0x80008b5a (0x04010e03) x28 0x00000067 mem 0x8001ac23
core   0: 0x80008b5e (0x05910023) sb      s9, 64(sp)
core   0: 3 0x80008b5e (0x05910023) mem 0x8001ac23 0x67
core   0: 0x80008b62 (0x04310023) sb      gp, 64(sp)
core   0: 3 0x80008b62 (0x04310023) mem 0x8001ac23 0x2
core   0: 0x80008b66 (0x05f10023) sb      t6, 64(sp)
core   0: 3 0x80008b66 (0x05f10023) mem 0x8001ac23 0x2f
core   0: 0x80008b6a (0x000099d2) c.add   s3, s4
core   0: 3 0x80008b6a (0x99d2) x19 0x0000c094
core   0: 0x80008b6c (0x0000100f) fence.i
core   0: 3 0x80008b6c (0x0000100f)
core   0: 0x80008b70 (0x04e10023) sb      a4, 64(sp)
core   0: 3 0x80008b70 (0x04e10023) mem 0x8001ac23 0x29
core   0: 0x80008b74 (0x05210023) sb      s2, 64(sp)
core   0: 3 0x80008b74 (0x05210023) mem 0x8001ac23 0x9a
core   0: 0x80008b78 (0x340bda73) csrrwi  s4, mscratch, 23
core   0: 3 0x80008b78 (0x340bda73) x20 0x00000010 c832_mscratch 0x00000017
core   0: 0x80008b7c (0x04014b03) lbu     s6, 64(sp)
core   0: 3 0x80008b7c (0x04014b03) x22 0x0000009a mem 0x8001ac23
core   0: 0x80008b80 (0x04010783) lb      a5, 64(sp)
core   0: 3 0x80008b80 (0x04010783) x15 0xffffff9a mem 0x8001ac23
core   0: 0x80008b84 (0x00015117) auipc   sp, 0x15
core   0: 3 0x80008b84 (0x00015117) x 2 0x8001db84
core   0: 0x80008b88 (0x56110113) addi    sp, sp, 1377
core   0: 3 0x80008b88 (0x56110113) x 2 0x8001e0e5
core   0: 0x80008b8c (0x52f1a237) lui     tp, 0x52f1a
core   0: 3 0x80008b8c (0x52f1a237) x 4 0x52f1a000
core   0: 0x80008b90 (0x3404a673) csrrs   a2, mscratch, s1
core   0: 3 0x80008b90 (0x3404a673) x12 0x00000017 c832_mscratch 0xf48c9017
core   0: 0x80008b94 (0x0f1110a3) sh      a7, 225(sp)
core   0: 3 0x80008b94 (0x0f1110a3) mem 0x8001e1c6 0x0027
core   0: 0x80008b98 (0x01a10003) lb      zero, 26(sp)
core   0: 3 0x80008b98 (0x01a10003) mem 0x8001e0ff
core   0: 0x80008b9c (0x04414003) lbu     zero, 68(sp)
core   0: 3 0x80008b9c (0x04414003) mem 0x8001e129
core   0: 0x80008ba0 (0x0114b033) sltu    zero, s1, a7
core   0: 3 0x80008ba0 (0x0114b033)
core   0: 0x80008ba4 (0x020489b3) mul     s3, s1, zero
core   0: 3 0x80008ba4 (0x020489b3) x19 0x00000000
core   0: 0x80008ba8 (0x0dc14983) lbu     s3, 220(sp)
core   0: 3 0x80008ba8 (0x0dc14983) x19 0x000000cf mem 0x8001e1c1
core   0: 0x80008bac (0xfd310983) lb      s3, -45(sp)
core   0: 3 0x80008bac (0xfd310983) x19 0xffffffed mem 0x8001e0b8
core   0: 0x80008bb0 (0x3409e8f3) csrrsi  a7, mscratch, 19
core   0: 3 0x80008bb0 (0x3409e8f3) x17 0xf48c9017 c832_mscratch 0xf48c9017
core   0: 0x80008bb4 (0x00c10ea3) sb      a2, 29(sp)
core   0: 3 0x80008bb4 (0x00c10ea3) mem 0x8001e102 0x17
core   0: 0x80008bb8 (0x34007273) csrrci  tp, mscratch, 0
core   0: 3 0x80008bb8 (0x34007273) x 4 0xf48c9017
core   0: 0x80008bbc (0x00905633) srl     a2, zero, s1
core   0: 3 0x80008bbc (0x00905633) x12 0x00000000
core   0: 0x80008bc0 (0x01310f23) sb      s3, 30(sp)
core   0: 3 0x80008bc0 (0x01310f23) mem 0x8001e103 0xed
core   0: 0x80008bc4 (0xf7a14203) lbu     tp, -134(sp)
core   0: 3 0x80008bc4 (0xf7a14203) x 4 0x0000004d mem 0x8001e05f
core   0: 0x80008bc8 (0xf4d15983) lhu     s3, -179(sp)
core   0: 3 0x80008bc8 (0xf4d15983) x19 0x0000caad mem 0x8001e032
core   0: 0x80008bcc (0x01f21613) slli    a2, tp, 31
core   0: 3 0x80008bcc (0x01f21613) x12 0x80000000
core   0: 0x80008bd0 (0xfe510603) lb      a2, -27(sp)
core   0: 3 0x80008bd0 (0xfe510603) x12 0x00000044 mem 0x8001e0ca
core   0: 0x80008bd4 (0xf8414003) lbu     zero, -124(sp)
core   0: 3 0x80008bd4 (0xf8414003) mem 0x8001e069
core   0: 0x80008bd8 (0x0a110603) lb      a2, 161(sp)
core   0: 3 0x80008bd8 (0x0a110603) x12 0x00000029 mem 0x8001e186
core   0: 0x80008bdc (0xf9b15003) lhu     zero, -101(sp)
core   0: 3 0x80008bdc (0xf9b15003) mem 0x8001e080
core   0: 0x80008be0 (0xf7a10983) lb      s3, -134(sp)
core   0: 3 0x80008be0 (0xf7a10983) x19 0x0000004d mem 0x8001e05f
core   0: 0x80008be4 (0x340228f3) csrrs   a7, mscratch, tp
core   0: 3 0x80008be4 (0x340228f3) x17 0xf48c9017 c832_mscratch 0xf48c905f
core   0: 0x80008be8 (0x9b963213) sltiu   tp, a2, -1607
core   0: 3 0x80008be8 (0x9b963213) x 4 0x00000001
core   0: 0x80008bec (0x0f210203) lb      tp, 242(sp)
core   0: 3 0x80008bec (0x0f210203) x 4 0xffffffcb mem 0x8001e1d7
core   0: 0x80008bf0 (0x56e02993) slti    s3, zero, 1390
core   0: 3 0x80008bf0 (0x56e02993) x19 0x00000001
core   0: 0x80008bf4 (0x0e910823) sb      s1, 240(sp)
core   0: 3 0x80008bf4 (0x0e910823) mem 0x8001e1d5 0x0
core   0: 0x80008bf8 (0x03191217) auipc   tp, 0x3191
core   0: 3 0x80008bf8 (0x03191217) x 4 0x83199bf8
core   0: 0x80008bfc (0x00000001) c.nop
core   0: 3 0x80008bfc (0x0001)
core   0: 0x80008bfe (0x59c8e993) ori     s3, a7, 1436
core   0: 3 0x80008bfe (0x59c8e993) x19 0xf48c959f
core   0: 0x80008c02 (0x00009246) c.add   tp, a7
core   0: 3 0x80008c02 (0x9246) x 4 0x77a62c0f
core   0: 0x80008c04 (0x000080ad) c.srli  s1, 11
core   0: 3 0x80008c04 (0x80ad) x 9 0x001e9192
core   0: 0x80008c06 (0x00008e05) c.sub   a2, s1
core   0: 3 0x80008c06 (0x8e05) x12 0xffe16e97
core   0: 0x80008c08 (0x0208b4b3) mulhu   s1, a7, zero
core   0: 3 0x80008c08 (0x0208b4b3) x 9 0x00000000
core   0: 0x80008c0c (0xfee14483) lbu     s1, -18(sp)
core   0: 3 0x80008c0c (0xfee14483) x 9 0x000000f1 mem 0x8001e0d3
core   0: 0x80008c10 (0x0204b8b3) mulhu   a7, s1, zero
core   0: 3 0x80008c10 (0x0204b8b3) x17 0x00000000
core   0: 0x80008c14 (0x13e64893) xori    a7, a2, 318
core   0: 3 0x80008c14 (0x13e64893) x17 0xffe16fa9
core   0: 0x80008c18 (0x06910ca3) sb      s1, 121(sp)
core   0: 3 0x80008c18 (0x06910ca3) mem 0x8001e15e 0xf1
core   0: 0x80008c1c (0x000088c6) c.mv    a7, a7
core   0: 3 0x80008c1c (0x88c6) x17 0xffe16fa9
core   0: 0x80008c1e (0x0049c033) xor     zero, s3, tp
core   0: 3 0x80008c1e (0x0049c033)
core   0: 0x80008c22 (0x01e8d613) srli    a2, a7, 30
core   0: 3 0x80008c22 (0x01e8d613) x12 0x00000003
core   0: 0x80008c26 (0x43cd7897) auipc   a7, 0x43cd7
core   0: 3 0x80008c26 (0x43cd7897) x17 0xc3cdfc26
core   0: 0x80008c2a (0x000098fd) c.andi  s1, -1
core   0: 3 0x80008c2a (0x98fd) x 9 0x000000f1
core   0: 0x80008c2c (0x0ec12ba3) sw      a2, 247(sp)
core   0: 3 0x80008c2c (0x0ec12ba3) mem 0x8001e1dc 0x00000003
core   0: 0x80008c30 (0xf0d11203) lh      tp, -243(sp)
core   0: 3 0x80008c30 (0xf0d11203) x 4 0x00000aee mem 0x8001dff2
core   0: 0x80008c34 (0xf6911983) lh      s3, -151(sp)
core   0: 3 0x80008c34 (0xf6911983) x19 0x00003096 mem 0x8001e04e
core   0: 0x80008c38 (0x0060066f) jal     a2, pc + 0x6
core   0: 3 0x80008c38 (0x0060066f) x12 0x80008c3c
core   0: 0x80008c3e (0x00002031) c.jal   pc + 12
core   0: 3 0x80008c3e (0x2031) x 1 0x80008c40
core   0: 0x80008c4a (0x00002009) c.jal   pc + 2
core   0: 3 0x80008c4a (0x2009) x 1 0x80008c4c
core   0: 0x80008c4c (0x0000bfc5) c.j     pc - 16
core   0: 3 0x80008c4c (0xbfc5)
core   0: 0x80008c3c (0x0000a809) c.j     pc + 18
core   0: 3 0x80008c3c (0xa809)
core   0: 0x80008c4e (0xff3ff0ef) jal     pc - 0xe
core   0: 3 0x80008c4e (0xff3ff0ef) x 1 0x80008c52
core   0: 0x80008c40 (0x0000a019) c.j     pc + 6
core   0: 3 0x80008c40 (0xa019)
core   0: 0x80008c46 (0x0000bff5) c.j     pc - 4
core   0: 3 0x80008c46 (0xbff5)
core   0: 0x80008c42 (0x010000ef) jal     pc + 0x10
core   0: 3 0x80008c42 (0x010000ef) x 1 0x80008c46
core   0: 0x80008c52 (0x0000a009) c.j     pc + 2
core   0: 3 0x80008c52 (0xa009)
core   0: 0x80008c54 (0xff5ff0ef) jal     pc - 0xc
core   0: 3 0x80008c54 (0xff5ff0ef) x 1 0x80008c58
core   0: 0x80008c48 (0x00002801) c.jal   pc + 16
core   0: 3 0x80008c48 (0x2801) x 1 0x80008c4a
core   0: 0x80008c58 (0x000064bd) c.lui   s1, 0xf
core   0: 3 0x80008c58 (0x64bd) x 9 0x0000f000
core   0: 0x80008c5a (0x0000a117) auipc   sp, 0xa
core   0: 3 0x80008c5a (0x0000a117) x 2 0x80012c5a
core   0: 0x80008c5e (0x76c10113) addi    sp, sp, 1900
core   0: 3 0x80008c5e (0x76c10113) x 2 0x800133c6
core   0: 0x80008c62 (0x40a259b3) sra     s3, tp, a0
core   0: 3 0x80008c62 (0x40a259b3) x19 0x00000000
core   0: 0x80008c66 (0x00310503) lb      a0, 3(sp)
core   0: 3 0x80008c66 (0x00310503) x10 0x0000007a mem 0x800133c9
core   0: 0x80008c6a (0xff114203) lbu     tp, -15(sp)
core   0: 3 0x80008c6a (0xff114203) x 4 0x000000a3 mem 0x800133b7
core   0: 0x80008c6e (0xff510883) lb      a7, -11(sp)
core   0: 3 0x80008c6e (0xff510883) x17 0xffffff89 mem 0x800133bb
core   0: 0x80008c72 (0x00a26533) or      a0, tp, a0
core   0: 3 0x80008c72 (0x00a26533) x10 0x000000fb
core   0: 0x80008c76 (0x00b10883) lb      a7, 11(sp)
core   0: 3 0x80008c76 (0x00b10883) x17 0xffffff8e mem 0x800133d1
core   0: 0x80008c7a (0x00008541) c.srai  a0, 16
core   0: 3 0x80008c7a (0x8541) x10 0x00000000
core   0: 0x80008c7c (0x02625333) divu    t1, tp, t1
core   0: 3 0x80008c7c (0x02625333) x 6 0xffffffff
core   0: 0x80008c80 (0x00000001) c.nop
core   0: 3 0x80008c80 (0x0001)
core   0: 0x80008c82 (0x0000082e) c.slli  a6, 11
core   0: 3 0x80008c82 (0x082e) x16 0x12042000
core   0: 0x80008c84 (0x00c15883) lhu     a7, 12(sp)
core   0: 3 0x80008c84 (0x00c15883) x17 0x00009d48 mem 0x800133d2
core   0: 0x80008c88 (0xff310aa3) sb      s3, -11(sp)
core   0: 3 0x80008c88 (0xff310aa3) mem 0x800133bb 0x0
core   0: 0x80008c8c (0x0d083993) sltiu   s3, a6, 208
core   0: 3 0x80008c8c (0x0d083993) x19 0x00000000
core   0: 0x80008c90 (0x01336533) or      a0, t1, s3
core   0: 3 0x80008c90 (0x01336533) x10 0xffffffff
core   0: 0x80008c94 (0x0338a9b3) mulhsu  s3, a7, s3
core   0: 3 0x80008c94 (0x0338a9b3) x19 0x00000000
core   0: 0x80008c98 (0x00008d29) c.xor   a0, a0
core   0: 3 0x80008c98 (0x8d29) x10 0x00000000
core   0: 0x80008c9a (0x013104a3) sb      s3, 9(sp)
core   0: 3 0x80008c9a (0x013104a3) mem 0x800133cf 0x0
core   0: 0x80008c9e (0x010101a3) sb      a6, 3(sp)
core   0: 3 0x80008c9e (0x010101a3) mem 0x800133c9 0x0
core   0: 0x80008ca2 (0xfe611a23) sh      t1, -12(sp)
core   0: 3 0x80008ca2 (0xfe611a23) mem 0x800133ba 0xffff
core   0: 0x80008ca6 (0xffc15803) lhu     a6, -4(sp)
core   0: 3 0x80008ca6 (0xffc15803) x16 0x0000d6ed mem 0x800133c2
core   0: 0x80008caa (0x01c85813) srli    a6, a6, 28
core   0: 3 0x80008caa (0x01c85813) x16 0x00000000
core   0: 0x80008cae (0x00a11823) sh      a0, 16(sp)
core   0: 3 0x80008cae (0x00a11823) mem 0x800133d6 0x0000
core   0: 0x80008cb2 (0x00a37233) and     tp, t1, a0
core   0: 3 0x80008cb2 (0x00a37233) x 4 0x00000000
core   0: 0x80008cb6 (0x00412723) sw      tp, 14(sp)
core   0: 3 0x80008cb6 (0x00412723) mem 0x800133d4 0x00000000
core   0: 0x80008cba (0x00008d49) c.or    a0, a0
core   0: 3 0x80008cba (0x8d49) x10 0x00000000
core   0: 0x80008cbc (0x34089373) csrrw   t1, mscratch, a7
core   0: 3 0x80008cbc (0x34089373) x 6 0xf48c905f c832_mscratch 0x00009d48
core   0: 0x80008cc0 (0x305ee317) auipc   t1, 0x305ee
core   0: 3 0x80008cc0 (0x305ee317) x 6 0xb05f6cc0
core   0: 0x80008cc4 (0x00c11883) lh      a7, 12(sp)
core   0: 3 0x80008cc4 (0x00c11883) x17 0xffff9d48 mem 0x800133d2
core   0: 0x80008cc8 (0x01111423) sh      a7, 8(sp)
core   0: 3 0x80008cc8 (0x01111423) mem 0x800133ce 0x9d48
core   0: 0x80008ccc (0xff710883) lb      a7, -9(sp)
core   0: 3 0x80008ccc (0xff710883) x17 0x0000005b mem 0x800133bd
core   0: 0x80008cd0 (0x432c2837) lui     a6, 0x432c2
core   0: 3 0x80008cd0 (0x432c2837) x16 0x432c2000
core   0: 0x80008cd4 (0x5da86513) ori     a0, a6, 1498
core   0: 3 0x80008cd4 (0x5da86513) x10 0x432c25da
core   0: 0x80008cd8 (0x00910503) lb      a0, 9(sp)
core   0: 3 0x80008cd8 (0x00910503) x10 0xffffff9d mem 0x800133cf
core   0: 0x80008cdc (0x00411323) sh      tp, 6(sp)
core   0: 3 0x80008cdc (0x00411323) mem 0x800133cc 0x0000
core   0: 0x80008ce0 (0xff514883) lbu     a7, -11(sp)
core   0: 3 0x80008ce0 (0xff514883) x17 0x000000ff mem 0x800133bb
core   0: 0x80008ce4 (0x02a818b3) mulh    a7, a6, a0
core   0: 3 0x80008ce4 (0x02a818b3) x17 0xffffffe6
core   0: 0x80008ce8 (0x0339f333) remu    t1, s3, s3
core   0: 3 0x80008ce8 (0x0339f333) x 6 0x00000000
core   0: 0x80008cec (0x0049a833) slt     a6, s3, tp
core   0: 3 0x80008cec (0x0049a833) x16 0x00000000
core   0: 0x80008cf0 (0xff110ba3) sb      a7, -9(sp)
core   0: 3 0x80008cf0 (0xff110ba3) mem 0x800133bd 0xe6
core   0: 0x80008cf4 (0x03388533) mul     a0, a7, s3
core   0: 3 0x80008cf4 (0x03388533) x10 0x00000000
core   0: 0x80008cf8 (0x36784813) xori    a6, a6, 871
core   0: 3 0x80008cf8 (0x36784813) x16 0x00000367
core   0: 0x80008cfc (0x00008d29) c.xor   a0, a0
core   0: 3 0x80008cfc (0x8d29) x10 0x00000000
core   0: 0x80008cfe (0x0000187d) c.addi  a6, -1
core   0: 3 0x80008cfe (0x187d) x16 0x00000366
core   0: 0x80008d00 (0x00000336) c.slli  t1, 13
core   0: 3 0x80008d00 (0x0336) x 6 0x00000000
core   0: 0x80008d02 (0x00008d49) c.or    a0, a0
core   0: 3 0x80008d02 (0x8d49) x10 0x00000000
core   0: 0x80008d04 (0x0000857d) c.srai  a0, 31
core   0: 3 0x80008d04 (0x857d) x10 0x00000000
core   0: 0x80008d06 (0xffd10983) lb      s3, -3(sp)
core   0: 3 0x80008d06 (0xffd10983) x19 0xffffffd6 mem 0x800133c3
core   0: 0x80008d0a (0x40b8d993) srai    s3, a7, 11
core   0: 3 0x80008d0a (0x40b8d993) x19 0xffffffff
core   0: 0x80008d0e (0x7ca50813) addi    a6, a0, 1994
core   0: 3 0x80008d0e (0x7ca50813) x16 0x000007ca
core   0: 0x80008d12 (0xff910883) lb      a7, -7(sp)
core   0: 3 0x80008d12 (0xff910883) x17 0xffffffbd mem 0x800133bf
core   0: 0x80008d16 (0x0000b797) auipc   a5, 0xb
core   0: 3 0x80008d16 (0x0000b797) x15 0x80013d16
core   0: 0x80008d1a (0xe7178793) addi    a5, a5, -399
core   0: 3 0x80008d1a (0xe7178793) x15 0x80013b87
core   0: 0x80008d1e (0xeea00593) li      a1, -278
core   0: 3 0x80008d1e (0xeea00593) x11 0xfffffeea
core   0: 0x80008d22 (0x0000100f) fence.i
core   0: 3 0x80008d22 (0x0000100f)
core   0: 0x80008d26 (0x40a05633) sra     a2, zero, a0
core   0: 3 0x80008d26 (0x40a05633) x12 0x00000000
core   0: 0x80008d2a (0x88e78223) sb      a4, -1916(a5)
core   0: 3 0x80008d2a (0x88e78223) mem 0x8001340b 0x29
core   0: 0x80008d2e (0x1fb78c23) sb      s11, 504(a5)
core   0: 3 0x80008d2e (0x1fb78c23) mem 0x80013d7f 0x29
core   0: 0x80008d32 (0x90178f23) sb      ra, -1762(a5)
core   0: 3 0x80008d32 (0x90178f23) mem 0x800134a5 0x4a
core   0: 0x80008d36 (0xfa978403) lb      s0, -87(a5)
core   0: 3 0x80008d36 (0xfa978403) x 8 0x00000067 mem 0x80013b30
core   0: 0x80008d3a (0x34003273) csrrc   tp, mscratch, zero
core   0: 3 0x80008d3a (0x34003273) x 4 0x00009d48
core   0: 0x80008d3e (0x021a1fb3) mulh    t6, s4, ra
core   0: 3 0x80008d3e (0x021a1fb3) x31 0xfffffff8
core   0: 0x80008d42 (0x025ea0b3) mulhsu  ra, t4, t0
core   0: 3 0x80008d42 (0x025ea0b3) x 1 0x00000010
core   0: 0x80008d46 (0xfd478323) sb      s4, -58(a5)
core   0: 3 0x80008d46 (0xfd478323) mem 0x80013b4d 0x10
core   0: 0x80008d4a (0x0000987d) c.andi  s0, -1
core   0: 3 0x80008d4a (0x987d) x 8 0x00000067
core   0: 0x80008d4c (0x000088e5) c.andi  s1, 25
core   0: 3 0x80008d4c (0x88e5) x 9 0x00000000
core   0: 0x80008d4e (0x00008d8d) c.sub   a1, a1
core   0: 3 0x80008d4e (0x8d8d) x11 0x00000000
core   0: 0x80008d50 (0x0c978c83) lb      s9, 201(a5)
core   0: 3 0x80008d50 (0x0c978c83) x25 0xffffffc9 mem 0x80013c50
core   0: 0x80008d54 (0x03aa7933) remu    s2, s4, s10
core   0: 3 0x80008d54 (0x03aa7933) x18 0x00000010
core   0: 0x80008d58 (0x0ff0000f) fence   iorw,iorw
core   0: 3 0x80008d58 (0x0ff0000f)
core   0: 0x80008d5c (0x00006149) c.addi16sp sp, 144
core   0: 3 0x80008d5c (0x6149) x 2 0x80013456
core   0: 0x80008d5e (0x00008eed) c.and   a3, a1
core   0: 3 0x80008d5e (0x8eed) x13 0x00000000
core   0: 0x80008d60 (0x0a67c103) lbu     sp, 166(a5)
core   0: 3 0x80008d60 (0x0a67c103) x 2 0x000000bc mem 0x80013c2d
core   0: 0x80008d64 (0x34002cf3) csrr    s9, mscratch
core   0: 3 0x80008d64 (0x34002cf3) x25 0x00009d48
core   0: 0x80008d68 (0x0404fc93) andi    s9, s1, 64
core   0: 3 0x80008d68 (0x0404fc93) x25 0x00000000
core   0: 0x80008d6c (0x40a08433) sub     s0, ra, a0
core   0: 3 0x80008d6c (0x40a08433) x 8 0x00000010
core   0: 0x80008d70 (0x01e026b3) slt     a3, zero, t5
core   0: 3 0x80008d70 (0x01e026b3) x13 0x00000000
core   0: 0x80008d74 (0xa7078983) lb      s3, -1424(a5)
core   0: 3 0x80008d74 (0xa7078983) x19 0x00000032 mem 0x800135f7
core   0: 0x80008d78 (0x0203d533) divu    a0, t2, zero
core   0: 3 0x80008d78 (0x0203d533) x10 0xffffffff
core   0: 0x80008d7c (0xbe2c8013) addi    zero, s9, -1054
core   0: 3 0x80008d7c (0xbe2c8013)
core   0: 0x80008d80 (0x0000100f) fence.i
core   0: 3 0x80008d80 (0x0000100f)
core   0: 0x80008d84 (0xefb786a3) sb      s11, -275(a5)
core   0: 3 0x80008d84 (0xefb786a3) mem 0x80013a74 0x29
core   0: 0x80008d88 (0x52cf4c13) xori    s8, t5, 1324
core   0: 3 0x80008d88 (0x52cf4c13) x24 0x8002c808
core   0: 0x80008d8c (0x00f6d233) srl     tp, a3, a5
core   0: 3 0x80008d8c (0x00f6d233) x 4 0x00000000
core   0: 0x80008d90 (0x00006151) c.addi16sp sp, 272
core   0: 3 0x80008d90 (0x6151) x 2 0x000001cc
core   0: 0x80008d92 (0x0151f533) and     a0, gp, s5
core   0: 3 0x80008d92 (0x0151f533) x10 0x00009200
core   0: 0x80008d96 (0x93e78503) lb      a0, -1730(a5)
core   0: 3 0x80008d96 (0x93e78503) x10 0x0000001d mem 0x800134c5
core   0: 0x80008d9a (0x0000613d) c.addi16sp sp, 480
core   0: 3 0x80008d9a (0x613d) x 2 0x000003ac
core   0: 0x80008d9c (0x2ea60a13) addi    s4, a2, 746
core   0: 3 0x80008d9c (0x2ea60a13) x20 0x000002ea
core   0: 0x80008da0 (0x3408e273) csrrsi  tp, mscratch, 17
core   0: 3 0x80008da0 (0x3408e273) x 4 0x00009d48 c832_mscratch 0x00009d59
core   0: 0x80008da4 (0x00000b26) c.slli  s6, 9
core   0: 3 0x80008da4 (0x0b26) x22 0x00013400
core   0: 0x80008da6 (0x95fd2193) slti    gp, s10, -1697
core   0: 3 0x80008da6 (0x95fd2193) x 3 0x00000000
core   0: 0x80008daa (0x01104093) xori    ra, zero, 17
core   0: 3 0x80008daa (0x01104093) x 1 0x00000011
core   0: 0x80008dae (0xee17d183) lhu     gp, -287(a5)
core   0: 3 0x80008dae (0xee17d183) x 3 0x0000f5cf mem 0x80013a68
core   0: 0x80008db2 (0x0000b117) auipc   sp, 0xb
core   0: 3 0x80008db2 (0x0000b117) x 2 0x80013db2
core   0: 0x80008db6 (0x04310113) addi    sp, sp, 67
core   0: 3 0x80008db6 (0x04310113) x 2 0x80013df5
core   0: 0x80008dba (0x00012b97) auipc   s7, 0x12
core   0: 3 0x80008dba (0x00012b97) x23 0x8001adba
core   0: 0x80008dbe (0x0d8b8b93) addi    s7, s7, 216
core   0: 3 0x80008dbe (0x0d8b8b93) x23 0x8001ae92
core   0: 0x80008dc2 (0x0e610c83) lb      s9, 230(sp)
core   0: 3 0x80008dc2 (0x0e610c83) x25 0xffffffaf mem 0x80013edb
core   0: 0x80008dc6 (0x158b9b23) sh      s8, 342(s7)
core   0: 3 0x80008dc6 (0x158b9b23) mem 0x8001afe8 0xc808
core   0: 0x80008dca (0xdfbbcb03) lbu     s6, -517(s7)
core   0: 3 0x80008dca (0xdfbbcb03) x22 0x000000e9 mem 0x8001ac8d
core   0: 0x80008dce (0x84fb85a3) sb      a5, -1973(s7)
core   0: 3 0x80008dce (0x84fb85a3) mem 0x8001a6dd 0x87
core   0: 0x80008dd2 (0xf9b103a3) sb      s11, -121(sp)
core   0: 3 0x80008dd2 (0xf9b103a3) mem 0x80013d7c 0x29
core   0: 0x80008dd6 (0xd87b8583) lb      a1, -633(s7)
core   0: 3 0x80008dd6 (0xd87b8583) x11 0x00000053 mem 0x8001ac19
core   0: 0x80008dda (0xf8e14c03) lbu     s8, -114(sp)
core   0: 3 0x80008dda (0xf8e14c03) x24 0x000000a1 mem 0x80013d83
core   0: 0x80008dde (0xfdd11903) lh      s2, -35(sp)
core   0: 3 0x80008dde (0xfdd11903) x18 0x00002007 mem 0x80013dd2
core   0: 0x80008de2 (0x17cbd903) lhu     s2, 380(s7)
core   0: 3 0x80008de2 (0x17cbd903) x18 0x000000be mem 0x8001b00e
core   0: 0x80008de6 (0xf6c115a3) sh      a2, -149(sp)
core   0: 3 0x80008de6 (0xf6c115a3) mem 0x80013d60 0x0000
core   0: 0x80008dea (0x1a1b8183) lb      gp, 417(s7)
core   0: 3 0x80008dea (0x1a1b8183) x 3 0x00000042 mem 0x8001b033
core   0: 0x80008dee (0x09c116a3) sh      t3, 141(sp)
core   0: 3 0x80008dee (0x09c116a3) mem 0x80013e82 0x0067
core   0: 0x80008df2 (0x67fb84a3) sb      t6, 1641(s7)
core   0: 3 0x80008df2 (0x67fb84a3) mem 0x8001b4fb 0xf8
core   0: 0x80008df6 (0xfe614803) lbu     a6, -26(sp)
core   0: 3 0x80008df6 (0xfe614803) x16 0x00000014 mem 0x80013ddb
core   0: 0x80008dfa (0x0be10423) sb      t5, 168(sp)
core   0: 3 0x80008dfa (0x0be10423) mem 0x80013e9d 0x24
core   0: 0x80008dfe (0x06b12c03) lw      s8, 107(sp)
core   0: 3 0x80008dfe (0x06b12c03) x24 0xbe82dece mem 0x80013e60
core   0: 0x80008e02 (0x0a010683) lb      a3, 160(sp)
core   0: 3 0x80008e02 (0x0a010683) x13 0xffffffab mem 0x80013e95
core   0: 0x80008e06 (0xaadbc703) lbu     a4, -1363(s7)
core   0: 3 0x80008e06 (0xaadbc703) x14 0x00000096 mem 0x8001a93f
core   0: 0x80008e0a (0x0000dc17) auipc   s8, 0xd
core   0: 3 0x80008e0a (0x0000dc17) x24 0x80015e0a
core   0: 0x80008e0e (0xcccc0c13) addi    s8, s8, -820
core   0: 3 0x80008e0e (0xcccc0c13) x24 0x80015ad6
core   0: 0x80008e12 (0x00010897) auipc   a7, 0x10
core   0: 3 0x80008e12 (0x00010897) x17 0x80018e12
core   0: 0x80008e16 (0x92688893) addi    a7, a7, -1754
core   0: 3 0x80008e16 (0x92688893) x17 0x80018738
core   0: 0x80008e1a (0x0000d697) auipc   a3, 0xd
core   0: 3 0x80008e1a (0x0000d697) x13 0x80015e1a
core   0: 0x80008e1e (0xefa68693) addi    a3, a3, -262
core   0: 3 0x80008e1e (0xefa68693) x13 0x80015d14
core   0: 0x80008e22 (0xffa8ce03) lbu     t3, -6(a7)
core   0: 3 0x80008e22 (0xffa8ce03) x28 0x00000071 mem 0x80018732
core   0: 0x80008e26 (0xfd2680a3) sb      s2, -63(a3)
core   0: 3 0x80008e26 (0xfd2680a3) mem 0x80015cd5 0xbe
core   0: 0x80008e2a (0x00a89b03) lh      s6, 10(a7)
core   0: 3 0x80008e2a (0x00a89b03) x22 0x00003ba4 mem 0x80018742
core   0: 0x80008e2e (0x0bcc1f23) sh      t3, 190(s8)
core   0: 3 0x80008e2e (0x0bcc1f23) mem 0x80015b94 0x0071
core   0: 0x80008e32 (0xffa88923) sb      s10, -14(a7)
core   0: 3 0x80008e32 (0xffa88923) mem 0x8001872a 0xb7
core   0: 0x80008e36 (0xfdf68e03) lb      t3, -33(a3)
core   0: 3 0x80008e36 (0xfdf68e03) x28 0xffffffbf mem 0x80015cf3
core   0: 0x80008e3a (0x01888523) sb      s8, 10(a7)
core   0: 3 0x80008e3a (0x01888523) mem 0x80018742 0xd6
core   0: 0x80008e3e (0xfbac5003) lhu     zero, -70(s8)
core   0: 3 0x80008e3e (0xfbac5003) mem 0x80015a90
core   0: 0x80008e42 (0xfd76ca03) lbu     s4, -41(a3)
core   0: 3 0x80008e42 (0xfd76ca03) x20 0x00000037 mem 0x80015ceb
core   0: 0x80008e46 (0x0fec2323) sw      t5, 230(s8)
core   0: 3 0x80008e46 (0x0fec2323) mem 0x80015bbc 0x8002cd24
core   0: 0x80008e4a (0x00c88123) sb      a2, 2(a7)
core   0: 3 0x80008e4a (0x00c88123) mem 0x8001873a 0x0
core   0: 0x80008e4e (0x083c0a23) sb      gp, 148(s8)
core   0: 3 0x80008e4e (0x083c0a23) mem 0x80015b6a 0x42
core   0: 0x80008e52 (0xfe269a03) lh      s4, -30(a3)
core   0: 3 0x80008e52 (0xfe269a03) x20 0x0000577e mem 0x80015cf6
core   0: 0x80008e56 (0x047c0303) lb      t1, 71(s8)
core   0: 3 0x80008e56 (0x047c0303) x 6 0x0000003f mem 0x80015b1d
core   0: 0x80008e5a (0xf26c1b03) lh      s6, -218(s8)
core   0: 3 0x80008e5a (0xf26c1b03) x22 0x00004c75 mem 0x800159fc
core   0: 0x80008e5e (0xfea88ba3) sb      a0, -9(a7)
core   0: 3 0x80008e5e (0xfea88ba3) mem 0x8001872f 0x1d
core   0: 0x80008e62 (0xffe89983) lh      s3, -2(a7)
core   0: 3 0x80008e62 (0xffe89983) x19 0x00003874 mem 0x80018736
core   0: 0x80008e66 (0x00f8c403) lbu     s0, 15(a7)
core   0: 3 0x80008e66 (0x00f8c403) x 8 0x00000025 mem 0x80018747
core   0: 0x80008e6a (0xffb8c183) lbu     gp, -5(a7)
core   0: 3 0x80008e6a (0xffb8c183) x 3 0x000000e1 mem 0x80018733
core   0: 0x80008e6e (0xf33c0903) lb      s2, -205(s8)
core   0: 3 0x80008e6e (0xf33c0903) x18 0x0000006e mem 0x80015a09
core   0: 0x80008e72 (0x011684a3) sb      a7, 9(a3)
core   0: 3 0x80008e72 (0x011684a3) mem 0x80015d1d 0x38
core   0: 0x80008e76 (0x008c4003) lbu     zero, 8(s8)
core   0: 3 0x80008e76 (0x008c4003) mem 0x80015ade
core   0: 0x80008e7a (0x00a89b03) lh      s6, 10(a7)
core   0: 3 0x80008e7a (0x00a89b03) x22 0x00003bd6 mem 0x80018742
core   0: 0x80008e7e (0xf79c0223) sb      s9, -156(s8)
core   0: 3 0x80008e7e (0xf79c0223) mem 0x80015a3a 0xaf
core   0: 0x80008e82 (0x000056c4) c.lw    s1, 44(a3)
core   0: 3 0x80008e82 (0x56c4) x 9 0xcef48c06 mem 0x80015d40
core   0: 0x80008e84 (0x0e9c4603) lbu     a2, 233(s8)
core   0: 3 0x80008e84 (0x0e9c4603) x12 0x00000080 mem 0x80015bbf
core   0: 0x80008e88 (0xfe769123) sh      t2, -30(a3)
core   0: 3 0x80008e88 (0xfe769123) mem 0x80015cf6 0x0006
core   0: 0x80008e8c (0x0000ba17) auipc   s4, 0xb
core   0: 3 0x80008e8c (0x0000ba17) x20 0x80013e8c
core   0: 0x80008e90 (0x895a0a13) addi    s4, s4, -1899
core   0: 3 0x80008e90 (0x895a0a13) x20 0x80013721
core   0: 0x80008e94 (0x71863e13) sltiu   t3, a2, 1816
core   0: 3 0x80008e94 (0x71863e13) x28 0x00000001
core   0: 0x80008e98 (0x011a07a3) sb      a7, 15(s4)
core   0: 3 0x80008e98 (0x011a07a3) mem 0x80013730 0x38
core   0: 0x80008e9c (0x00fa2583) lw      a1, 15(s4)
core   0: 3 0x80008e9c (0x00fa2583) x11 0xaa52d038 mem 0x80013730
core   0: 0x80008ea0 (0x00fa2f83) lw      t6, 15(s4)
core   0: 3 0x80008ea0 (0x00fa2f83) x31 0xaa52d038 mem 0x80013730
core   0: 0x80008ea4 (0x012a07a3) sb      s2, 15(s4)
core   0: 3 0x80008ea4 (0x012a07a3) mem 0x80013730 0x6e
core   0: 0x80008ea8 (0x00fa0c03) lb      s8, 15(s4)
core   0: 3 0x80008ea8 (0x00fa0c03) x24 0x0000006e mem 0x80013730
core   0: 0x80008eac (0x34006cf3) csrrsi  s9, mscratch, 0
core   0: 3 0x80008eac (0x34006cf3) x25 0x00009d59
core   0: 0x80008eb0 (0x00fa0703) lb      a4, 15(s4)
core   0: 3 0x80008eb0 (0x00fa0703) x14 0x0000006e mem 0x80013730
core   0: 0x80008eb4 (0x00fa5d83) lhu     s11, 15(s4)
core   0: 3 0x80008eb4 (0x00fa5d83) x27 0x0000d06e mem 0x80013730
core   0: 0x80008eb8 (0x3400d373) csrrwi  t1, mscratch, 1
core   0: 3 0x80008eb8 (0x3400d373) x 6 0x00009d59 c832_mscratch 0x00000001
core   0: 0x80008ebc (0x017f9d93) slli    s11, t6, 23
core   0: 3 0x80008ebc (0x017f9d93) x27 0x1c000000
core   0: 0x80008ec0 (0x03858c33) mul     s8, a1, s8
core   0: 3 0x80008ec0 (0x03858c33) x24 0x2f957810
core   0: 0x80008ec4 (0x00fa0903) lb      s2, 15(s4)
core   0: 3 0x80008ec4 (0x00fa0903) x18 0x0000006e mem 0x80013730
core   0: 0x80008ec8 (0x00fa4b83) lbu     s7, 15(s4)
core   0: 3 0x80008ec8 (0x00fa4b83) x23 0x0000006e mem 0x80013730
core   0: 0x80008ecc (0x00fa2d83) lw      s11, 15(s4)
core   0: 3 0x80008ecc (0x00fa2d83) x27 0xaa52d06e mem 0x80013730
core   0: 0x80008ed0 (0x00fa4503) lbu     a0, 15(s4)
core   0: 3 0x80008ed0 (0x00fa4503) x10 0x0000006e mem 0x80013730
core   0: 0x80008ed4 (0x0000d497) auipc   s1, 0xd
core   0: 3 0x80008ed4 (0x0000d497) x 9 0x80015ed4
core   0: 0x80008ed8 (0x1b448493) addi    s1, s1, 436
core   0: 3 0x80008ed8 (0x1b448493) x 9 0x80016088
core   0: 0x80008edc (0x0094c983) lbu     s3, 9(s1)
core   0: 3 0x80008edc (0x0094c983) x19 0x0000000a mem 0x80016091
core   0: 0x80008ee0 (0x000089f9) c.andi  a1, 30
core   0: 3 0x80008ee0 (0x89f9) x11 0x00000018
core   0: 0x80008ee2 (0x01ccf9b3) and     s3, s9, t3
core   0: 3 0x80008ee2 (0x01ccf9b3) x19 0x00000001
core   0: 0x80008ee6 (0x00148303) lb      t1, 1(s1)
core   0: 3 0x80008ee6 (0x00148303) x 6 0xffffffaa mem 0x80016089
core   0: 0x80008eea (0x0014cd03) lbu     s10, 1(s1)
core   0: 3 0x80008eea (0x0014cd03) x26 0x000000aa mem 0x80016089
core   0: 0x80008eee (0x02b520b3) mulhsu  ra, a0, a1
core   0: 3 0x80008eee (0x02b520b3) x 1 0x00000000
core   0: 0x80008ef2 (0x01c38633) add     a2, t2, t3
core   0: 3 0x80008ef2 (0x01c38633) x12 0x00000007
core   0: 0x80008ef6 (0xffd4c583) lbu     a1, -3(s1)
core   0: 3 0x80008ef6 (0xffd4c583) x11 0x00000060 mem 0x80016085
core   0: 0x80008efa (0xff24cb03) lbu     s6, -14(s1)
core   0: 3 0x80008efa (0xff24cb03) x22 0x00000042 mem 0x8001607a
core   0: 0x80008efe (0x018486a3) sb      s8, 13(s1)
core   0: 3 0x80008efe (0x018486a3) mem 0x80016095 0x10
core   0: 0x80008f02 (0x0242fd33) remu    s10, t0, tp
core   0: 3 0x80008f02 (0x0242fd33) x26 0x000025dc
core   0: 0x80008f06 (0xff5489a3) sb      s5, -13(s1)
core   0: 3 0x80008f06 (0xff5489a3) mem 0x8001607b 0x59
core   0: 0x80008f0a (0x29274737) lui     a4, 0x29274
core   0: 3 0x80008f0a (0x29274737) x14 0x29274000
core   0: 0x80008f0e (0xff04c003) lbu     zero, -16(s1)
core   0: 3 0x80008f0e (0xff04c003) mem 0x80016078
core   0: 0x80008f12 (0x01539a13) slli    s4, t2, 21
core   0: 3 0x80008f12 (0x01539a13) x20 0x00c00000
core   0: 0x80008f16 (0xfec48fa3) sb      a2, -1(s1)
core   0: 3 0x80008f16 (0xfec48fa3) mem 0x80016087 0x7
core   0: 0x80008f1a (0xfff489a3) sb      t6, -13(s1)
core   0: 3 0x80008f1a (0xfff489a3) mem 0x8001607b 0x38
core   0: 0x80008f1e (0xffb489a3) sb      s11, -13(s1)
core   0: 3 0x80008f1e (0xffb489a3) mem 0x8001607b 0x6e
core   0: 0x80008f22 (0x000081b1) c.srli  a1, 12
core   0: 3 0x80008f22 (0x81b1) x11 0x00000000
core   0: 0x80008f24 (0x0004ad83) lw      s11, 0(s1)
core   0: 3 0x80008f24 (0x0004ad83) x27 0xe367aa60 mem 0x80016088
core   0: 0x80008f28 (0x00e4c683) lbu     a3, 14(s1)
core   0: 3 0x80008f28 (0x00e4c683) x13 0x0000001a mem 0x80016096
core   0: 0x80008f2c (0x01a975b3) and     a1, s2, s10
core   0: 3 0x80008f2c (0x01a975b3) x11 0x0000004c
core   0: 0x80008f30 (0x0ff0000f) fence   iorw,iorw
core   0: 3 0x80008f30 (0x0ff0000f)
core   0: 0x80008f34 (0x00848a03) lb      s4, 8(s1)
core   0: 3 0x80008f34 (0x00848a03) x20 0xffffff9b mem 0x80016090
core   0: 0x80008f38 (0x00000b88) c.addi4spn a0, sp, 464
core   0: 3 0x80008f38 (0x0b88) x10 0x80013fc5
core   0: 0x80008f3a (0x0d78b013) sltiu   zero, a7, 215
core   0: 3 0x80008f3a (0x0d78b013)
core   0: 0x80008f3e (0xfe948ca3) sb      s1, -7(s1)
core   0: 3 0x80008f3e (0xfe948ca3) mem 0x80016081 0x88
core   0: 0x80008f42 (0x0000100f) fence.i
core   0: 3 0x80008f42 (0x0000100f)
core   0: 0x80008f46 (0x414d8bb3) sub     s7, s11, s4
core   0: 3 0x80008f46 (0x414d8bb3) x23 0xe367aac5
core   0: 0x80008f4a (0x40e60c33) sub     s8, a2, a4
core   0: 3 0x80008f4a (0x40e60c33) x24 0xd6d8c007
core   0: 0x80008f4e (0x00001afd) c.addi  s5, -1
core   0: 3 0x80008f4e (0x1afd) x21 0x8001b658
core   0: 0x80008f50 (0x00008ec2) c.mv    t4, a6
core   0: 3 0x80008f50 (0x8ec2) x29 0x00000014
core   0: 0x80008f52 (0xffd48d03) lb      s10, -3(s1)
core   0: 3 0x80008f52 (0xffd48d03) x26 0x00000060 mem 0x80016085
core   0: 0x80008f56 (0x00008ddd) c.or    a1, a5
core   0: 3 0x80008f56 (0x8ddd) x11 0x80013bcf
core   0: 0x80008f58 (0x00c4db03) lhu     s6, 12(s1)
core   0: 3 0x80008f58 (0x00c4db03) x22 0x00001004 mem 0x80016094
core   0: 0x80008f5c (0x0004d603) lhu     a2, 0(s1)
core   0: 3 0x80008f5c (0x0004d603) x12 0x0000aa60 mem 0x80016088
core   0: 0x80008f60 (0x00006b15) c.lui   s6, 0x5
core   0: 3 0x80008f60 (0x6b15) x22 0x00005000
core   0: 0x80008f62 (0x407cd733) sra     a4, s9, t2
core   0: 3 0x80008f62 (0x407cd733) x14 0x00000275
core   0: 0x80008f66 (0x030ecd33) div     s10, t4, a6
core   0: 3 0x80008f66 (0x030ecd33) x26 0x00000001
core   0: 0x80008f6a (0xff74c703) lbu     a4, -9(s1)
core   0: 3 0x80008f6a (0xff74c703) x14 0x00000053 mem 0x8001607f
core   0: 0x80008f6e (0x01f2ab33) slt     s6, t0, t6
core   0: 3 0x80008f6e (0x01f2ab33) x22 0x00000001
core   0: 0x80008f72 (0xffa4d683) lhu     a3, -6(s1)
core   0: 3 0x80008f72 (0xffa4d683) x13 0x0000c2ce mem 0x80016082
core   0: 0x80008f76 (0x413156b3) sra     a3, sp, s3
core   0: 3 0x80008f76 (0x413156b3) x13 0xc0009efa
core   0: 0x80008f7a (0x0024cc03) lbu     s8, 2(s1)
core   0: 3 0x80008f7a (0x0024cc03) x24 0x00000067 mem 0x8001608a
core   0: 0x80008f7e (0xc3224593) xori    a1, tp, -974
core   0: 3 0x80008f7e (0xc3224593) x11 0xffff617a
core   0: 0x80008f82 (0x00008f99) c.sub   a5, a4
core   0: 3 0x80008f82 (0x8f99) x15 0x80013b34
core   0: 0x80008f84 (0x41535c93) srai    s9, t1, 21
core   0: 3 0x80008f84 (0x41535c93) x25 0xffffffff
core   0: 0x80008f88 (0x000082a5) c.srli  a3, 9
core   0: 3 0x80008f88 (0x82a5) x13 0x0060004f
core   0: 0x80008f8a (0xff04aa23) sw      a6, -12(s1)
core   0: 3 0x80008f8a (0xff04aa23) mem 0x8001607c 0x00000014
core   0: 0x80008f8e (0x0001b417) auipc   s0, 0x1b
core   0: 3 0x80008f8e (0x0001b417) x 8 0x80023f8e
core   0: 0x80008f92 (0x0f240413) addi    s0, s0, 242
core   0: 3 0x80008f92 (0x0f240413) x 8 0x80024080
core   0: 0x80008f96 (0x00000001) c.nop
core   0: 3 0x80008f96 (0x0001)
core   0: 0x80008f98 (0x0000717d) c.addi16sp sp, -16
core   0: 3 0x80008f98 (0x717d) x 2 0x80013de5
core   0: 0x80008f9a (0x000095de) c.add   a1, s7
core   0: 3 0x80008f9a (0x95de) x11 0xe3670c3f
core   0: 0x80008f9c (0x100429af) lr.w    s3, (s0)
core   0: 3 0x80008f9c (0x100429af) x19 0x00000008 mem 0x80024080
core   0: 0x80008fa0 (0x1d2427af) sc.w    a5, s2, (s0)
core   0: 3 0x80008fa0 (0x1d2427af) x15 0x00000000 mem 0x80024080 0x0000006e
core   0: 0x80008fa4 (0x0000b117) auipc   sp, 0xb
core   0: 3 0x80008fa4 (0x0000b117) x 2 0x80013fa4
core   0: 0x80008fa8 (0xa7c10113) addi    sp, sp, -1412
core   0: 3 0x80008fa8 (0xa7c10113) x 2 0x80013a20
core   0: 0x80008fac (0x00000001) c.nop
core   0: 3 0x80008fac (0x0001)
core   0: 0x80008fae (0xc0c11703) lh      a4, -1012(sp)
core   0: 3 0x80008fae (0xc0c11703) x14 0x00006800 mem 0x8001362c
core   0: 0x80008fb2 (0x03c0f0b3) remu    ra, ra, t3
core   0: 3 0x80008fb2 (0x03c0f0b3) x 1 0x00000000
core   0: 0x80008fb6 (0x1db14703) lbu     a4, 475(sp)
core   0: 3 0x80008fb6 (0x1db14703) x14 0x00000022 mem 0x80013bfb
core   0: 0x80008fba (0x00008086) c.mv    ra, ra
core   0: 3 0x80008fba (0x8086) x 1 0x00000000
core   0: 0x80008fbc (0xad9101a3) sb      s9, -1341(sp)
core   0: 3 0x80008fbc (0xad9101a3) mem 0x800134e3 0xff
core   0: 0x80008fc0 (0x00005cfd) c.li    s9, -1
core   0: 3 0x80008fc0 (0x5cfd) x25 0xffffffff
core   0: 0x80008fc2 (0x7a3ccd93) xori    s11, s9, 1955
core   0: 3 0x80008fc2 (0x7a3ccd93) x27 0xfffff85c
core   0: 0x80008fc6 (0x106108a3) sb      t1, 273(sp)
core   0: 3 0x80008fc6 (0x106108a3) mem 0x80013b31 0xaa
core   0: 0x80008fca (0x026e2333) mulhsu  t1, t3, t1
core   0: 3 0x80008fca (0x026e2333) x 6 0x00000000
core   0: 0x80008fce (0x00009df2) c.add   s11, t3
core   0: 3 0x80008fce (0x9df2) x27 0xfffff85d
core   0: 0x80008fd0 (0x02ec9e33) mulh    t3, s9, a4
core   0: 3 0x80008fd0 (0x02ec9e33) x28 0xffffffff
core   0: 0x80008fd4 (0x230e2093) slti    ra, t3, 560
core   0: 3 0x80008fd4 (0x230e2093) x 1 0x00000001
core   0: 0x80008fd8 (0x981106a3) sb      ra, -1651(sp)
core   0: 3 0x80008fd8 (0x981106a3) mem 0x800133ad 0x1
core   0: 0x80008fdc (0x3401d0f3) csrrwi  ra, mscratch, 3
core   0: 3 0x80008fdc (0x3401d0f3) x 1 0x00000001 c832_mscratch 0x00000003
core   0: 0x80008fe0 (0x00000dfe) c.slli  s11, 31
core   0: 3 0x80008fe0 (0x0dfe) x27 0x80000000
core   0: 0x80008fe2 (0x58d10303) lb      t1, 1421(sp)
core   0: 3 0x80008fe2 (0x58d10303) x 6 0x00000058 mem 0x80013fad
core   0: 0x80008fe6 (0xe4cdcd93) xori    s11, s11, -436
core   0: 3 0x80008fe6 (0xe4cdcd93) x27 0x7ffffe4c
core   0: 0x80008fea (0xba1104a3) sb      ra, -1111(sp)
core   0: 3 0x80008fea (0xba1104a3) mem 0x800135c9 0x1
core   0: 0x80008fee (0x2ac11c83) lh      s9, 684(sp)
core   0: 3 0x80008fee (0x2ac11c83) x25 0x000024d7 mem 0x80013ccc
core   0: 0x80008ff2 (0x91914d83) lbu     s11, -1767(sp)
core   0: 3 0x80008ff2 (0x91914d83) x27 0x000000de mem 0x80013339
core   0: 0x80008ff6 (0x002e5e13) srli    t3, t3, 2
core   0: 3 0x80008ff6 (0x002e5e13) x28 0x3fffffff
core   0: 0x80008ffa (0x99412c83) lw      s9, -1644(sp)
core   0: 3 0x80008ffa (0x99412c83) x25 0xa3e79193 mem 0x800133b4
core   0: 0x80008ffe (0xb8610523) sb      t1, -1142(sp)
core   0: 3 0x80008ffe (0xb8610523) mem 0x800135aa 0x58
core   0: 0x80009002 (0xe7b10703) lb      a4, -389(sp)
core   0: 3 0x80009002 (0xe7b10703) x14 0x00000050 mem 0x8001389b
core   0: 0x80009006 (0x067ce093) ori     ra, s9, 103
core   0: 3 0x80009006 (0x067ce093) x 1 0xa3e791f7
core   0: 0x8000900a (0xd4d10083) lb      ra, -691(sp)
core   0: 3 0x8000900a (0xd4d10083) x 1 0xffffffb6 mem 0x8001376d
core   0: 0x8000900e (0x07911723) sh      s9, 110(sp)
core   0: 3 0x8000900e (0x07911723) mem 0x80013a8e 0x9193
core   0: 0x80009012 (0x00008c86) c.mv    s9, ra
core   0: 3 0x80009012 (0x8c86) x25 0xffffffb6
core   0: 0x80009014 (0xdee100a3) sb      a4, -543(sp)
core   0: 3 0x80009014 (0xdee100a3) mem 0x80013801 0x50
core   0: 0x80009018 (0x001e1733) sll     a4, t3, ra
core   0: 3 0x80009018 (0x001e1733) x14 0xffc00000
core   0: 0x8000901c (0x61c10c83) lb      s9, 1564(sp)
core   0: 3 0x8000901c (0x61c10c83) x25 0x00000001 mem 0x8001403c
core   0: 0x80009020 (0x40130cb3) sub     s9, t1, ra
core   0: 3 0x80009020 (0x40130cb3) x25 0x000000a2
core   0: 0x80009024 (0xbcd10e03) lb      t3, -1075(sp)
core   0: 3 0x80009024 (0xbcd10e03) x28 0x00000065 mem 0x800135ed
core   0: 0x80009028 (0x1e610e03) lb      t3, 486(sp)
core   0: 3 0x80009028 (0x1e610e03) x28 0x0000000b mem 0x80013c06
core   0: 0x8000902c (0xc1b109a3) sb      s11, -1005(sp)
core   0: 3 0x8000902c (0xc1b109a3) mem 0x80013633 0xde
core   0: 0x80009030 (0xc5e0cc93) xori    s9, ra, -930
core   0: 3 0x80009030 (0xc5e0cc93) x25 0x000003e8
core   0: 0x80009034 (0xa58ca713) slti    a4, s9, -1448
core   0: 3 0x80009034 (0xa58ca713) x14 0x00000000
core   0: 0x80009038 (0xea026c97) auipc   s9, 0xea026
core   0: 3 0x80009038 (0xea026c97) x25 0x6a02f038
core   0: 0x8000903c (0x5f911f23) sh      s9, 1534(sp)
core   0: 3 0x8000903c (0x5f911f23) mem 0x8001401e 0xf038
core   0: 0x80009040 (0x41735d93) srai    s11, t1, 23
core   0: 3 0x80009040 (0x41735d93) x27 0x00000000
core   0: 0x80009044 (0x61414d83) lbu     s11, 1556(sp)
core   0: 3 0x80009044 (0x61414d83) x27 0x00000083 mem 0x80014034
core   0: 0x80009048 (0x01bdd0b3) srl     ra, s11, s11
core   0: 3 0x80009048 (0x01bdd0b3) x 1 0x00000010
core   0: 0x8000904c (0x41930cb3) sub     s9, t1, s9
core   0: 3 0x8000904c (0x41930cb3) x25 0x95fd1020
core   0: 0x80009050 (0x81514c83) lbu     s9, -2027(sp)
core   0: 3 0x80009050 (0x81514c83) x25 0x000000db mem 0x80013235
core   0: 0x80009054 (0xe2015303) lhu     t1, -480(sp)
core   0: 3 0x80009054 (0xe2015303) x 6 0x0000ec2a mem 0x80013840
core   0: 0x80009058 (0x14e10c83) lb      s9, 334(sp)
core   0: 3 0x80009058 (0x14e10c83) x25 0x00000076 mem 0x80013b6e
core   0: 0x8000905c (0x0000a697) auipc   a3, 0xa
core   0: 3 0x8000905c (0x0000a697) x13 0x8001305c
core   0: 0x80009060 (0x2d168693) addi    a3, a3, 721
core   0: 3 0x80009060 (0x2d168693) x13 0x8001332d
core   0: 0x80009064 (0xff469aa3) sh      s4, -11(a3)
core   0: 3 0x80009064 (0xff469aa3) mem 0x80013322 0xff9b
core   0: 0x80009068 (0x00e68183) lb      gp, 14(a3)
core   0: 3 0x80009068 (0x00e68183) x 3 0x00000005 mem 0x8001333b
core   0: 0x8000906c (0x00e68003) lb      zero, 14(a3)
core   0: 3 0x8000906c (0x00e68003) mem 0x8001333b
core   0: 0x80009070 (0x00e68183) lb      gp, 14(a3)
core   0: 3 0x80009070 (0x00e68183) x 3 0x00000005 mem 0x8001333b
core   0: 0x80009074 (0x0026cb83) lbu     s7, 2(a3)
core   0: 3 0x80009074 (0x0026cb83) x23 0x000000a4 mem 0x8001332f
core   0: 0x80009078 (0x01a682a3) sb      s10, 5(a3)
core   0: 3 0x80009078 (0x01a682a3) mem 0x80013332 0x1
core   0: 0x8000907c (0x00e68703) lb      a4, 14(a3)
core   0: 3 0x8000907c (0x00e68703) x14 0x00000005 mem 0x8001333b
core   0: 0x80009080 (0x01c68723) sb      t3, 14(a3)
core   0: 3 0x80009080 (0x01c68723) mem 0x8001333b 0xb
core   0: 0x80009084 (0x00468723) sb      tp, 14(a3)
core   0: 3 0x80009084 (0x00468723) mem 0x8001333b 0x48
core   0: 0x80009088 (0x01b68723) sb      s11, 14(a3)
core   0: 3 0x80009088 (0x01b68723) mem 0x8001333b 0x83
core   0: 0x8000908c (0x00e6c103) lbu     sp, 14(a3)
core   0: 3 0x8000908c (0x00e6c103) x 2 0x00000083 mem 0x8001333b
core   0: 0x80009090 (0xff06cd83) lbu     s11, -16(a3)
core   0: 3 0x80009090 (0xff06cd83) x27 0x000000be mem 0x8001331d
core   0: 0x80009094 (0x03ac9433) mulh    s0, s9, s10
core   0: 3 0x80009094 (0x03ac9433) x 8 0x00000000
core   0: 0x80009098 (0x00f6d583) lhu     a1, 15(a3)
core   0: 3 0x80009098 (0x00f6d583) x11 0x00007920 mem 0x8001333c
core   0: 0x8000909c (0x00f6dc03) lhu     s8, 15(a3)
core   0: 3 0x8000909c (0x00f6dc03) x24 0x00007920 mem 0x8001333c
core   0: 0x800090a0 (0x00f68703) lb      a4, 15(a3)
core   0: 3 0x800090a0 (0x00f68703) x14 0x00000020 mem 0x8001333c
core   0: 0x800090a4 (0x34041373) csrrw   t1, mscratch, s0
core   0: 3 0x800090a4 (0x34041373) x 6 0x00000003 c832_mscratch 0x00000000
core   0: 0x800090a8 (0x03defd33) remu    s10, t4, t4
core   0: 3 0x800090a8 (0x03defd33) x26 0x00000000
core   0: 0x800090ac (0x00f6a783) lw      a5, 15(a3)
core   0: 3 0x800090ac (0x00f6a783) x15 0xdebf7920 mem 0x8001333c
core   0: 0x800090b0 (0x00e697a3) sh      a4, 15(a3)
core   0: 3 0x800090b0 (0x00e697a3) mem 0x8001333c 0x0020
core   0: 0x800090b4 (0x00f68183) lb      gp, 15(a3)
core   0: 3 0x800090b4 (0x00f68183) x 3 0x00000020 mem 0x8001333c
core   0: 0x800090b8 (0x00019d97) auipc   s11, 0x19
core   0: 3 0x800090b8 (0x00019d97) x27 0x800220b8
core   0: 0x800090bc (0x553d8d93) addi    s11, s11, 1363
core   0: 3 0x800090bc (0x553d8d93) x27 0x8002260b
core   0: 0x800090c0 (0x02b0c4b3) div     s1, ra, a1
core   0: 3 0x800090c0 (0x02b0c4b3) x 9 0x00000000
core   0: 0x800090c4 (0x00000001) c.nop
core   0: 3 0x800090c4 (0x0001)
core   0: 0x800090c6 (0x00008171) c.srli  a0, 28
core   0: 3 0x800090c6 (0x8171) x10 0x00000008
core   0: 0x800090c8 (0xf05d9903) lh      s2, -251(s11)
core   0: 3 0x800090c8 (0xf05d9903) x18 0x00003dc6 mem 0x80022510
core   0: 0x800090cc (0x4166d7b3) sra     a5, a3, s6
core   0: 3 0x800090cc (0x4166d7b3) x15 0xc0009996
core   0: 0x800090d0 (0xf0bd92a3) sh      a1, -251(s11)
core   0: 3 0x800090d0 (0xf0bd92a3) mem 0x80022510 0x7920
core   0: 0x800090d4 (0x00000001) c.nop
core   0: 3 0x800090d4 (0x0001)
core   0: 0x800090d6 (0xf05d9883) lh      a7, -251(s11)
core   0: 3 0x800090d6 (0xf05d9883) x17 0x00007920 mem 0x80022510
core   0: 0x800090da (0x0cbdd203) lhu     tp, 203(s11)
core   0: 3 0x800090da (0x0cbdd203) x 4 0x0000d7ba mem 0x800226d6
core   0: 0x800090de (0x0cbd9183) lh      gp, 203(s11)
core   0: 3 0x800090de (0x0cbd9183) x 3 0xffffd7ba mem 0x800226d6
core   0: 0x800090e2 (0x0cbd8903) lb      s2, 203(s11)
core   0: 3 0x800090e2 (0x0cbd8903) x18 0xffffffba mem 0x800226d6
core   0: 0x800090e6 (0x0cbddb03) lhu     s6, 203(s11)
core   0: 3 0x800090e6 (0x0cbddb03) x22 0x0000d7ba mem 0x800226d6
core   0: 0x800090ea (0x0d2d85a3) sb      s2, 203(s11)
core   0: 3 0x800090ea (0x0d2d85a3) mem 0x800226d6 0xba
core   0: 0x800090ee (0x0cbdda03) lhu     s4, 203(s11)
core   0: 3 0x800090ee (0x0cbdda03) x20 0x0000d7ba mem 0x800226d6
core   0: 0x800090f2 (0x003279b3) and     s3, tp, gp
core   0: 3 0x800090f2 (0x003279b3) x19 0x0000d7ba
core   0: 0x800090f6 (0x02ab59b3) divu    s3, s6, a0
core   0: 3 0x800090f6 (0x02ab59b3) x19 0x00001af7
core   0: 0x800090fa (0x0cbd8f83) lb      t6, 203(s11)
core   0: 3 0x800090fa (0x0cbd8f83) x31 0xffffffba mem 0x800226d6
core   0: 0x800090fe (0x0cbdde03) lhu     t3, 203(s11)
core   0: 3 0x800090fe (0x0cbdde03) x28 0x0000d7ba mem 0x800226d6
core   0: 0x80009102 (0x0cbd9903) lh      s2, 203(s11)
core   0: 3 0x80009102 (0x0cbd9903) x18 0xffffd7ba mem 0x800226d6
core   0: 0x80009106 (0x0ccd95a3) sh      a2, 203(s11)
core   0: 3 0x80009106 (0x0ccd95a3) mem 0x800226d6 0xaa60
core   0: 0x8000910a (0x0c4d95a3) sh      tp, 203(s11)
core   0: 3 0x8000910a (0x0c4d95a3) mem 0x800226d6 0xd7ba
core   0: 0x8000910e (0x0001b217) auipc   tp, 0x1b
core   0: 3 0x8000910e (0x0001b217) x 4 0x8002410e
core   0: 0x80009112 (0xf7220213) addi    tp, tp, -142
core   0: 3 0x80009112 (0xf7220213) x 4 0x80024080
core   0: 0x80009116 (0x010228af) amoadd.w a7, a6, (tp)
core   0: 3 0x80009116 (0x010228af) x17 0x0000006e mem 0x80024080 mem 0x80024080 0x00000082
core   0: 0x8000911a (0x848228af) amomin.w a7, s0, (tp)
core   0: 3 0x8000911a (0x848228af) x17 0x00000082 mem 0x80024080 mem 0x80024080 0x00000000
core   0: 0x8000911e (0x00008529) c.srai  a0, 10
core   0: 3 0x8000911e (0x8529) x10 0x00000000
core   0: 0x80009120 (0x0000100f) fence.i
core   0: 3 0x80009120 (0x0000100f)
core   0: 0x80009124 (0xc1d22caf) amominu.w s9, t4, (tp)
core   0: 3 0x80009124 (0xc1d22caf) x25 0x00000000 mem 0x80024080 mem 0x80024080 0x00000000
core   0: 0x80009128 (0xd5496d93) ori     s11, s2, -684
core   0: 3 0x80009128 (0xd5496d93) x27 0xfffffffe
core   0: 0x8000912c (0x08422caf) amoswap.w s9, tp, (tp)
core   0: 3 0x8000912c (0x08422caf) x25 0x00000000 mem 0x80024080 mem 0x80024080 0x80024080
core   0: 0x80009130 (0x00009852) c.add   a6, s4
core   0: 3 0x80009130 (0x9852) x16 0x0000d7ce
core   0: 0x80009132 (0xa312262f) amomax.w a2, a7, (tp)
core   0: 3 0x80009132 (0xa312262f) x12 0x80024080 mem 0x80024080 mem 0x80024080 0x00000082
core   0: 0x80009136 (0xa3f2262f) amomax.w a2, t6, (tp)
core   0: 3 0x80009136 (0xa3f2262f) x12 0x00000082 mem 0x80024080 mem 0x80024080 0x00000082
core   0: 0x8000913a (0x0b6228af) amoswap.w a7, s6, (tp)
core   0: 3 0x8000913a (0x0b6228af) x17 0x00000082 mem 0x80024080 mem 0x80024080 0x0000d7ba
core   0: 0x8000913e (0x838220af) amomin.w ra, s8, (tp)
core   0: 3 0x8000913e (0x838220af) x 1 0x0000d7ba mem 0x80024080 mem 0x80024080 0x00007920
core   0: 0x80009142 (0x20922c2f) amoxor.w s8, s1, (tp)
core   0: 3 0x80009142 (0x20922c2f) x24 0x00007920 mem 0x80024080 mem 0x80024080 0x00007920
core   0: 0x80009146 (0x3404dc73) csrrwi  s8, mscratch, 9
core   0: 3 0x80009146 (0x3404dc73) x24 0x00000000 c832_mscratch 0x00000009
core   0: 0x8000914a (0xe1e224af) amomaxu.w s1, t5, (tp)
core   0: 3 0x8000914a (0xe1e224af) x 9 0x00007920 mem 0x80024080 mem 0x80024080 0x8002cd24
core   0: 0x8000914e (0x0001b817) auipc   a6, 0x1b
core   0: 3 0x8000914e (0x0001b817) x16 0x8002414e
core   0: 0x80009152 (0xf2e80813) addi    a6, a6, -210
core   0: 3 0x80009152 (0xf2e80813) x16 0x8002407c
core   0: 0x80009156 (0x004881b3) add     gp, a7, tp
core   0: 3 0x80009156 (0x004881b3) x 3 0x80024102
core   0: 0x8000915a (0xd63f6513) ori     a0, t5, -669
core   0: 3 0x8000915a (0xd63f6513) x10 0xfffffd67
core   0: 0x8000915e (0x34006473) csrrsi  s0, mscratch, 0
core   0: 3 0x8000915e (0x34006473) x 8 0x00000009
core   0: 0x80009162 (0x12082aaf) lr.w    s5, (a6)
core   0: 3 0x80009162 (0x12082aaf) x21 0x00000000 mem 0x8002407c
core   0: 0x80009166 (0x00000001) c.nop
core   0: 3 0x80009166 (0x0001)
core   0: 0x80009168 (0x01bda033) slt     zero, s11, s11
core   0: 3 0x80009168 (0x01bda033)
core   0: 0x8000916c (0x02bfeb33) rem     s6, t6, a1
core   0: 3 0x8000916c (0x02bfeb33) x22 0xffffffba
core   0: 0x80009170 (0x000088f5) c.andi  s1, 29
core   0: 3 0x80009170 (0x88f5) x 9 0x00000000
core   0: 0x80009172 (0x02b7b4b3) mulhu   s1, a5, a1
core   0: 3 0x80009172 (0x02b7b4b3) x 9 0x00005ad8
core   0: 0x80009176 (0x0045c933) xor     s2, a1, tp
core   0: 3 0x80009176 (0x0045c933) x18 0x800239a0
core   0: 0x8000917a (0x000006de) c.slli  a3, 23
core   0: 3 0x8000917a (0x06de) x13 0x96800000
core   0: 0x8000917c (0x00df9d33) sll     s10, t6, a3
core   0: 3 0x8000917c (0x00df9d33) x26 0xffffffba
core   0: 0x80009180 (0x006f9433) sll     s0, t6, t1
core   0: 3 0x80009180 (0x006f9433) x 8 0xfffffdd0
core   0: 0x80009184 (0x1828252f) sc.w    a0, sp, (a6)
core   0: 3 0x80009184 (0x1828252f) x10 0x00000000 mem 0x8002407c 0x00000083
core   0: 0x80009188 (0x0001bc17) auipc   s8, 0x1b
core   0: 3 0x80009188 (0x0001bc17) x24 0x80024188
core   0: 0x8000918c (0xef4c0c13) addi    s8, s8, -268
core   0: 3 0x8000918c (0xef4c0c13) x24 0x8002407c
core   0: 0x80009190 (0xc4ec2eaf) amominu.w t4, a4, (s8)
core   0: 3 0x80009190 (0xc4ec2eaf) x29 0x00000083 mem 0x8002407c mem 0x8002407c 0x00000020
core   0: 0x80009194 (0xe4ec2caf) amomaxu.w s9, a4, (s8)
core   0: 3 0x80009194 (0xe4ec2caf) x25 0x00000020 mem 0x8002407c mem 0x8002407c 0x00000020
core   0: 0x80009198 (0x0acc282f) amoswap.w a6, a2, (s8)
core   0: 3 0x80009198 (0x0acc282f) x16 0x00000020 mem 0x8002407c mem 0x8002407c 0x00000082
core   0: 0x8000919c (0x00006741) c.lui   a4, 0x10
core   0: 3 0x8000919c (0x6741) x14 0x00010000
core   0: 0x8000919e (0x639c212f) amoand.w sp, s9, (s8)
core   0: 3 0x8000919e (0x639c212f) x 2 0x00000082 mem 0x8002407c mem 0x8002407c 0x00000000
core   0: 0x800091a2 (0x03a13933) mulhu   s2, sp, s10
core   0: 3 0x800091a2 (0x03a13933) x18 0x00000081
core   0: 0x800091a6 (0xc39c2eaf) amominu.w t4, s9, (s8)
core   0: 3 0x800091a6 (0xc39c2eaf) x29 0x00000000 mem 0x8002407c mem 0x8002407c 0x00000000
core   0: 0x800091aa (0xe4ac292f) amomaxu.w s2, a0, (s8)
core   0: 3 0x800091aa (0xe4ac292f) x18 0x00000000 mem 0x8002407c mem 0x8002407c 0x00000000
core   0: 0x800091ae (0x037988b3) mul     a7, s3, s7
core   0: 3 0x800091ae (0x037988b3) x17 0x0011463c
core   0: 0x800091b2 (0x08cc2a2f) amoswap.w s4, a2, (s8)
core   0: 3 0x800091b2 (0x08cc2a2f) x20 0x00000000 mem 0x8002407c mem 0x8002407c 0x00000082
core   0: 0x800091b6 (0xe4cc2e2f) amomaxu.w t3, a2, (s8)
core   0: 3 0x800091b6 (0xe4cc2e2f) x28 0x00000082 mem 0x8002407c mem 0x8002407c 0x00000082
core   0: 0x800091ba (0x000085ba) c.mv    a1, a4
core   0: 3 0x800091ba (0x85ba) x11 0x00010000
core   0: 0x800091bc (0x0c3c292f) amoswap.w s2, gp, (s8)
core   0: 3 0x800091bc (0x0c3c292f) x18 0x00000082 mem 0x8002407c mem 0x8002407c 0x80024102
core   0: 0x800091c0 (0xc52c282f) amominu.w a6, s2, (s8)
core   0: 3 0x800091c0 (0xc52c282f) x16 0x80024102 mem 0x8002407c mem 0x8002407c 0x00000082
core   0: 0x800091c4 (0x0001b897) auipc   a7, 0x1b
core   0: 3 0x800091c4 (0x0001b897) x17 0x800241c4
core   0: 0x800091c8 (0xe9888893) addi    a7, a7, -360
core   0: 3 0x800091c8 (0xe9888893) x17 0x8002405c
core   0: 0x800091cc (0x00000001) c.nop
core   0: 3 0x800091cc (0x0001)
core   0: 0x800091ce (0x1008acaf) lr.w    s9, (a7)
core   0: 3 0x800091ce (0x1008acaf) x25 0x00000007 mem 0x8002405c
core   0: 0x800091d2 (0x1bb8a42f) sc.w    s0, s11, (a7)
core   0: 3 0x800091d2 (0x1bb8a42f) x 8 0x00000000 mem 0x8002405c 0xfffffffe
core   0: 0x800091d6 (0x00010d17) auipc   s10, 0x10
core   0: 3 0x800091d6 (0x00010d17) x26 0x800191d6
core   0: 0x800091da (0x88ad0d13) addi    s10, s10, -1910
core   0: 3 0x800091da (0x88ad0d13) x26 0x80018a60
core   0: 0x800091de (0x00017d97) auipc   s11, 0x17
core   0: 3 0x800091de (0x00017d97) x27 0x800201de
core   0: 0x800091e2 (0x4f5d8d93) addi    s11, s11, 1269
core   0: 3 0x800091e2 (0x4f5d8d93) x27 0x800206d3
core   0: 0x800091e6 (0xac8d08a3) sb      s0, -1327(s10)
core   0: 3 0x800091e6 (0xac8d08a3) mem 0x80018531 0x0
core   0: 0x800091ea (0xfffd8323) sb      t6, -26(s11)
core   0: 3 0x800091ea (0xfffd8323) mem 0x800206b9 0xba
core   0: 0x800091ee (0x0cdd0483) lb      s1, 205(s10)
core   0: 3 0x800091ee (0x0cdd0483) x 9 0xffffffdc mem 0x80018b2d
core   0: 0x800091f2 (0x00015617) auipc   a2, 0x15
core   0: 3 0x800091f2 (0x00015617) x12 0x8001e1f2
core   0: 0x800091f6 (0x14d60613) addi    a2, a2, 333
core   0: 3 0x800091f6 (0x14d60613) x12 0x8001e33f
core   0: 0x800091fa (0xf61d4303) lbu     t1, -159(s10)
core   0: 3 0x800091fa (0xf61d4303) x 6 0x00000046 mem 0x800189c1
core   0: 0x800091fe (0x00f60583) lb      a1, 15(a2)
core   0: 3 0x800091fe (0x00f60583) x11 0x0000007a mem 0x8001e34e
core   0: 0x80009202 (0xfd1d8923) sb      a7, -46(s11)
core   0: 3 0x80009202 (0xfd1d8923) mem 0x800206a5 0x5c
core   0: 0x80009206 (0xb41d0403) lb      s0, -1215(s10)
core   0: 3 0x80009206 (0xb41d0403) x 8 0xffffffb6 mem 0x800185a1
core   0: 0x8000920a (0xfdfd8403) lb      s0, -33(s11)
core   0: 3 0x8000920a (0xfdfd8403) x 8 0x00000077 mem 0x800206b2
core   0: 0x8000920e (0x02adc083) lbu     ra, 42(s11)
core   0: 3 0x8000920e (0x02adc083) x 1 0x000000ed mem 0x800206fd
core   0: 0x80009212 (0x00460983) lb      s3, 4(a2)
core   0: 3 0x80009212 (0x00460983) x19 0xffffffb8 mem 0x8001e343
core   0: 0x80009216 (0xfe860ba3) sb      s0, -9(a2)
core   0: 3 0x80009216 (0xfe860ba3) mem 0x8001e336 0x77
core   0: 0x8000921a (0xff460a03) lb      s4, -12(a2)
core   0: 3 0x8000921a (0xff460a03) x20 0x0000003a mem 0x8001e333
core   0: 0x8000921e (0x409d4083) lbu     ra, 1033(s10)
core   0: 3 0x8000921e (0x409d4083) x 1 0x000000ce mem 0x80018e69
core   0: 0x80009222 (0x00f61483) lh      s1, 15(a2)
core   0: 3 0x80009222 (0x00f61483) x 9 0x0000377a mem 0x8001e34e
core   0: 0x80009226 (0xfcfddb83) lhu     s7, -49(s11)
core   0: 3 0x80009226 (0xfcfddb83) x23 0x0000bfbe mem 0x800206a2
core   0: 0x8000922a (0xff460a03) lb      s4, -12(a2)
core   0: 3 0x8000922a (0xff460a03) x20 0x0000003a mem 0x8001e333
core   0: 0x8000922e (0xa29d0c03) lb      s8, -1495(s10)
core   0: 3 0x8000922e (0xa29d0c03) x24 0x00000052 mem 0x80018489
core   0: 0x80009232 (0xfc9daca3) sw      s1, -39(s11)
core   0: 3 0x80009232 (0xfc9daca3) mem 0x800206ac 0x0000377a
core   0: 0x80009236 (0x6f1d4303) lbu     t1, 1777(s10)
core   0: 3 0x80009236 (0x6f1d4303) x 6 0x000000e7 mem 0x80019151
core   0: 0x8000923a (0xff1dd803) lhu     a6, -15(s11)
core   0: 3 0x8000923a (0xff1dd803) x16 0x0000b30b mem 0x800206c4
core   0: 0x8000923e (0xccdd04a3) sb      a3, -823(s10)
core   0: 3 0x8000923e (0xccdd04a3) mem 0x80018729 0x0
core   0: 0x80009242 (0xff761683) lh      a3, -9(a2)
core   0: 3 0x80009242 (0xff761683) x13 0xffffea77 mem 0x8001e336
core   0: 0x80009246 (0x4d6d1583) lh      a1, 1238(s10)
core   0: 3 0x80009246 (0x4d6d1583) x11 0xffffc22b mem 0x80018f36
core   0: 0x8000924a (0x0001b617) auipc   a2, 0x1b
core   0: 3 0x8000924a (0x0001b617) x12 0x8002424a
core   0: 0x8000924e (0xe0e60613) addi    a2, a2, -498
core   0: 3 0x8000924e (0xe0e60613) x12 0x80024058
core   0: 0x80009252 (0x0001b897) auipc   a7, 0x1b
core   0: 3 0x80009252 (0x0001b897) x17 0x80024252
core   0: 0x80009256 (0xe2a88893) addi    a7, a7, -470
core   0: 3 0x80009256 (0xe2a88893) x17 0x8002407c
core   0: 0x8000925a (0x6318a7af) amoand.w a5, a7, (a7)
core   0: 3 0x8000925a (0x6318a7af) x15 0x00000082 mem 0x8002407c mem 0x8002407c 0x00000000
core   0: 0x8000925e (0x41e62a2f) amoor.w s4, t5, (a2)
core   0: 3 0x8000925e (0x41e62a2f) x20 0x80028ed3 mem 0x80024058 mem 0x80024058 0x8002cff7
core   0: 0x80009262 (0x40a8adaf) amoor.w s11, a0, (a7)
core   0: 3 0x80009262 (0x40a8adaf) x27 0x00000000 mem 0x8002407c mem 0x8002407c 0x00000000
core   0: 0x80009266 (0xa17629af) amomax.w s3, s7, (a2)
core   0: 3 0x80009266 (0xa17629af) x19 0x8002cff7 mem 0x80024058 mem 0x80024058 0x0000bfbe
core   0: 0x8000926a (0x05d6282f) amoadd.w a6, t4, (a2)
core   0: 3 0x8000926a (0x05d6282f) x16 0x0000bfbe mem 0x80024058 mem 0x80024058 0x0000bfbe
core   0: 0x8000926e (0x44a8a5af) amoor.w a1, a0, (a7)
core   0: 3 0x8000926e (0x44a8a5af) x11 0x00000000 mem 0x8002407c mem 0x8002407c 0x00000000
core   0: 0x80009272 (0x34002973) csrr    s2, mscratch
core   0: 3 0x80009272 (0x34002973) x18 0x00000009
core   0: 0x80009276 (0x23a8a82f) amoxor.w a6, s10, (a7)
core   0: 3 0x80009276 (0x23a8a82f) x16 0x00000000 mem 0x8002407c mem 0x8002407c 0x80018a60
core   0: 0x8000927a (0x00aa40b3) xor     ra, s4, a0
core   0: 3 0x8000927a (0x00aa40b3) x 1 0x80028ed3
core   0: 0x8000927e (0x0000100f) fence.i
core   0: 3 0x8000927e (0x0000100f)
core   0: 0x80009282 (0x000060e9) c.lui   ra, 0x1a
core   0: 3 0x80009282 (0x60e9) x 1 0x0001a000
core   0: 0x80009284 (0x0158ab2f) amoadd.w s6, s5, (a7)
core   0: 3 0x80009284 (0x0158ab2f) x22 0x80018a60 mem 0x8002407c mem 0x8002407c 0x80018a60
core   0: 0x80009288 (0x25062c2f) amoxor.w s8, a6, (a2)
core   0: 3 0x80009288 (0x25062c2f) x24 0x0000bfbe mem 0x80024058 mem 0x80024058 0x0000bfbe
core   0: 0x8000928c (0x0000100f) fence.i
core   0: 3 0x8000928c (0x0000100f)
core   0: 0x80009290 (0x0978ac2f) amoswap.w s8, s7, (a7)
core   0: 3 0x80009290 (0x0978ac2f) x24 0x80018a60 mem 0x8002407c mem 0x8002407c 0x0000bfbe
core   0: 0x80009294 (0x0000a197) auipc   gp, 0xa
core   0: 3 0x80009294 (0x0000a197) x 3 0x80013294
core   0: 0x80009298 (0x0ee18193) addi    gp, gp, 238
core   0: 3 0x80009298 (0x0ee18193) x 3 0x80013382
core   0: 0x8000929c (0x03518a03) lb      s4, 53(gp)
core   0: 3 0x8000929c (0x03518a03) x20 0xffffffa3 mem 0x800133b7
core   0: 0x800092a0 (0x5c17cd13) xori    s10, a5, 1473
core   0: 3 0x800092a0 (0x5c17cd13) x26 0x00000543
core   0: 0x800092a4 (0x000087be) c.mv    a5, a5
core   0: 3 0x800092a4 (0x87be) x15 0x00000082
core   0: 0x800092a6 (0xf8c1dd03) lhu     s10, -116(gp)
core   0: 3 0x800092a6 (0xf8c1dd03) x26 0x000034d8 mem 0x8001330e
core   0: 0x800092aa (0x34041473) csrrw   s0, mscratch, s0
core   0: 3 0x800092aa (0x34041473) x 8 0x00000009 c832_mscratch 0x00000077
core   0: 0x800092ae (0x0af18ea3) sb      a5, 189(gp)
core   0: 3 0x800092ae (0x0af18ea3) mem 0x8001343f 0x82
core   0: 0x800092b2 (0x0881d783) lhu     a5, 136(gp)
core   0: 3 0x800092b2 (0x0881d783) x15 0x0000299d mem 0x8001340a
core   0: 0x800092b6 (0x0a819783) lh      a5, 168(gp)
core   0: 3 0x800092b6 (0x0a819783) x15 0xfffff57b mem 0x8001342a
core   0: 0x800092ba (0x04a18e23) sb      a0, 92(gp)
core   0: 3 0x800092ba (0x04a18e23) mem 0x800133de 0x0
core   0: 0x800092be (0x06a18323) sb      a0, 102(gp)
core   0: 3 0x800092be (0x06a18323) mem 0x800133e8 0x0
core   0: 0x800092c2 (0x34007373) csrrci  t1, mscratch, 0
core   0: 3 0x800092c2 (0x34007373) x 6 0x00000077
core   0: 0x800092c6 (0x01a43433) sltu    s0, s0, s10
core   0: 3 0x800092c6 (0x01a43433) x 8 0x00000001
core   0: 0x800092ca (0x00008c09) c.sub   s0, a0
core   0: 3 0x800092ca (0x8c09) x 8 0x00000001
core   0: 0x800092cc (0x910d3313) sltiu   t1, s10, -1776
core   0: 3 0x800092cc (0x910d3313) x 6 0x00000001
core   0: 0x800092d0 (0xf091c403) lbu     s0, -247(gp)
core   0: 3 0x800092d0 (0xf091c403) x 8 0x000000f3 mem 0x8001328b
core   0: 0x800092d4 (0x02ad0d33) mul     s10, s10, a0
core   0: 3 0x800092d4 (0x02ad0d33) x26 0x00000000
core   0: 0x800092d8 (0x0c418d03) lb      s10, 196(gp)
core   0: 3 0x800092d8 (0x0c418d03) x26 0x00000038 mem 0x80013446
core   0: 0x800092dc (0x00008fc1) c.or    a5, s0
core   0: 3 0x800092dc (0x8fc1) x15 0xfffff5fb
core   0: 0x800092de (0x0000842a) c.mv    s0, a0
core   0: 3 0x800092de (0x842a) x 8 0x00000000
core   0: 0x800092e0 (0x014567b3) or      a5, a0, s4
core   0: 3 0x800092e0 (0x014567b3) x15 0xffffffa3
core   0: 0x800092e4 (0x08618ca3) sb      t1, 153(gp)
core   0: 3 0x800092e4 (0x08618ca3) mem 0x8001341b 0x1
core   0: 0x800092e8 (0x34052373) csrrs   t1, mscratch, a0
core   0: 3 0x800092e8 (0x34052373) x 6 0x00000077 c832_mscratch 0x00000077
core   0: 0x800092ec (0xff61dd03) lhu     s10, -10(gp)
core   0: 3 0x800092ec (0xff61dd03) x26 0x0000d463 mem 0x80013378
core   0: 0x800092f0 (0x00000001) c.nop
core   0: 3 0x800092f0 (0x0001)
core   0: 0x800092f2 (0x0ba18ea3) sb      s10, 189(gp)
core   0: 3 0x800092f2 (0x0ba18ea3) mem 0x8001343f 0x63
core   0: 0x800092f6 (0x01a7aa33) slt     s4, a5, s10
core   0: 3 0x800092f6 (0x01a7aa33) x20 0x00000001
core   0: 0x800092fa (0x00009bfd) c.andi  a5, -1
core   0: 3 0x800092fa (0x9bfd) x15 0xffffffa3
core   0: 0x800092fc (0x34007373) csrrci  t1, mscratch, 0
core   0: 3 0x800092fc (0x34007373) x 6 0x00000077
core   0: 0x80009300 (0x008a7333) and     t1, s4, s0
core   0: 3 0x80009300 (0x008a7333) x 6 0x00000000
core   0: 0x80009304 (0xf171c503) lbu     a0, -233(gp)
core   0: 3 0x80009304 (0xf171c503) x10 0x000000ff mem 0x80013299
core   0: 0x80009308 (0x000007b9) c.addi  a5, 14
core   0: 3 0x80009308 (0x07b9) x15 0xffffffb1
core   0: 0x8000930a (0x08a19e23) sh      a0, 156(gp)
core   0: 3 0x8000930a (0x08a19e23) mem 0x8001341e 0x00ff
core   0: 0x8000930e (0x34079573) csrrw   a0, mscratch, a5
core   0: 3 0x8000930e (0x34079573) x10 0x00000077 c832_mscratch 0xffffffb1
core   0: 0x80009312 (0xfc61a123) sw      t1, -62(gp)
core   0: 3 0x80009312 (0xfc61a123) mem 0x80013344 0x00000000
core   0: 0x80009316 (0x00009a2a) c.add   s4, a0
core   0: 3 0x80009316 (0x9a2a) x20 0x00000078
core   0: 0x80009318 (0x06418403) lb      s0, 100(gp)
core   0: 3 0x80009318 (0x06418403) x 8 0xffffffde mem 0x800133e6
core   0: 0x8000931c (0x08f184a3) sb      a5, 137(gp)
core   0: 3 0x8000931c (0x08f184a3) mem 0x8001340b 0xb1
core   0: 0x80009320 (0xfc01c503) lbu     a0, -64(gp)
core   0: 3 0x80009320 (0xfc01c503) x10 0x00000005 mem 0x80013342
core   0: 0x80009324 (0x08f187a3) sb      a5, 143(gp)
core   0: 3 0x80009324 (0x08f187a3) mem 0x80013411 0xb1
core   0: 0x80009328 (0x34032373) csrrs   t1, mscratch, t1
core   0: 3 0x80009328 (0x34032373) x 6 0xffffffb1 c832_mscratch 0xffffffb1
core   0: 0x8000932c (0x05a1c503) lbu     a0, 90(gp)
core   0: 3 0x8000932c (0x05a1c503) x10 0x000000ae mem 0x800133dc
core   0: 0x80009330 (0xf0619823) sh      t1, -240(gp)
core   0: 3 0x80009330 (0xf0619823) mem 0x80013292 0xffb1
core   0: 0x80009334 (0x00644433) xor     s0, s0, t1
core   0: 3 0x80009334 (0x00644433) x 8 0x0000006f
core   0: 0x80009338 (0xfc318783) lb      a5, -61(gp)
core   0: 3 0x80009338 (0xfc318783) x15 0x00000000 mem 0x80013345
core   0: 0x8000933c (0x000083f5) c.srli  a5, 29
core   0: 3 0x8000933c (0x83f5) x15 0x00000000
core   0: 0x8000933e (0x0d718d03) lb      s10, 215(gp)
core   0: 3 0x8000933e (0x0d718d03) x26 0xfffffffd mem 0x80013459
core   0: 0x80009342 (0x028d57b3) divu    a5, s10, s0
core   0: 3 0x80009342 (0x028d57b3) x15 0x024e6a17
core   0: 0x80009346 (0x00008fc1) c.or    a5, s0
core   0: 3 0x80009346 (0x8fc1) x15 0x024e6a7f
core   0: 0x80009348 (0x40fd07b3) sub     a5, s10, a5
core   0: 3 0x80009348 (0x40fd07b3) x15 0xfdb1957e
core   0: 0x8000934c (0x0000810d) c.srli  a0, 3
core   0: 3 0x8000934c (0x810d) x10 0x00000015
core   0: 0x8000934e (0x0221a403) lw      s0, 34(gp)
core   0: 3 0x8000934e (0x0221a403) x 8 0x0000eb6e mem 0x800133a4
core   0: 0x80009352 (0x0731c303) lbu     t1, 115(gp)
core   0: 3 0x80009352 (0x0731c303) x 6 0x000000de mem 0x800133f5
core   0: 0x80009356 (0x34033573) csrrc   a0, mscratch, t1
core   0: 3 0x80009356 (0x34033573) x10 0xffffffb1 c832_mscratch 0xffffff21
core   0: 0x8000935a (0x03aa4d33) div     s10, s4, s10
core   0: 3 0x8000935a (0x03aa4d33) x26 0xffffffd8
core   0: 0x8000935e (0x0721a303) lw      t1, 114(gp)
core   0: 3 0x8000935e (0x0721a303) x 6 0xc8e6de73 mem 0x800133f4
core   0: 0x80009362 (0xf6618da3) sb      t1, -133(gp)
core   0: 3 0x80009362 (0xf6618da3) mem 0x800132fd 0x73
core   0: 0x80009366 (0x08d18503) lb      a0, 141(gp)
core   0: 3 0x80009366 (0x08d18503) x10 0x00000070 mem 0x8001340f
core   0: 0x8000936a (0x0001ba97) auipc   s5, 0x1b
core   0: 3 0x8000936a (0x0001ba97) x21 0x8002436a
core   0: 0x8000936e (0xd1aa8a93) addi    s5, s5, -742
core   0: 3 0x8000936e (0xd1aa8a93) x21 0x80024084
core   0: 0x80009372 (0x0001bb17) auipc   s6, 0x1b
core   0: 3 0x80009372 (0x0001bb17) x22 0x80024372
core   0: 0x80009376 (0xcf2b0b13) addi    s6, s6, -782
core   0: 3 0x80009376 (0xcf2b0b13) x22 0x80024064
core   0: 0x8000937a (0x0001bb97) auipc   s7, 0x1b
core   0: 3 0x8000937a (0x0001bb97) x23 0x8002437a
core   0: 0x8000937e (0xd02b8b93) addi    s7, s7, -766
core   0: 3 0x8000937e (0xd02b8b93) x23 0x8002407c
core   0: 0x80009382 (0x05cbafaf) amoadd.w t6, t3, (s7)
core   0: 3 0x80009382 (0x05cbafaf) x31 0x0000bfbe mem 0x8002407c mem 0x8002407c 0x0000c040
core   0: 0x80009386 (0x00008f05) c.sub   a4, s1
core   0: 3 0x80009386 (0x8f05) x14 0x0000c886
core   0: 0x80009388 (0x807aa42f) amomin.w s0, t2, (s5)
core   0: 3 0x80009388 (0x807aa42f) x 8 0x936947bd mem 0x80024084 mem 0x80024084 0x936947bd
core   0: 0x8000938c (0x0113e1b3) or      gp, t2, a7
core   0: 3 0x8000938c (0x0113e1b3) x 3 0x8002407e
core   0: 0x80009390 (0xe46aac2f) amomaxu.w s8, t1, (s5)
core   0: 3 0x80009390 (0xe46aac2f) x24 0x936947bd mem 0x80024084 mem 0x80024084 0xc8e6de73
core   0: 0x80009394 (0xc05b2faf) amominu.w t6, t0, (s6)
core   0: 3 0x80009394 (0xc05b2faf) x31 0x7ffd308b mem 0x80024064 mem 0x80024064 0x7ffd308b
core   0: 0x80009398 (0x00000001) c.nop
core   0: 3 0x80009398 (0x0001)
core   0: 0x8000939a (0x227b2e2f) amoxor.w t3, t2, (s6)
core   0: 3 0x8000939a (0x227b2e2f) x28 0x7ffd308b mem 0x80024064 mem 0x80024064 0x7ffd308d
core   0: 0x8000939e (0x640aadaf) amoand.w s11, zero, (s5)
core   0: 3 0x8000939e (0x640aadaf) x27 0xc8e6de73 mem 0x80024084 mem 0x80024084 0x00000000
core   0: 0x800093a2 (0x62caafaf) amoand.w t6, a2, (s5)
core   0: 3 0x800093a2 (0x62caafaf) x31 0x00000000 mem 0x80024084 mem 0x80024084 0x00000000
core   0: 0x800093a6 (0x0000cd97) auipc   s11, 0xc
core   0: 3 0x800093a6 (0x0000cd97) x27 0x800153a6
core   0: 0x800093aa (0x547d8d93) addi    s11, s11, 1351
core   0: 3 0x800093aa (0x547d8d93) x27 0x800158ed
core   0: 0x800093ae (0x7a2d8e03) lb      t3, 1954(s11)
core   0: 3 0x800093ae (0x7a2d8e03) x28 0x0000000c mem 0x8001608f
core   0: 0x800093b2 (0x00008279) c.srli  a2, 30
core   0: 3 0x800093b2 (0x8279) x12 0x00000002
core   0: 0x800093b4 (0xd1edce83) lbu     t4, -738(s11)
core   0: 3 0x800093b4 (0xd1edce83) x29 0x00000055 mem 0x8001560b
core   0: 0x800093b8 (0x5727fe37) lui     t3, 0x5727f
core   0: 3 0x800093b8 (0x5727fe37) x28 0x5727f000
core   0: 0x800093bc (0x661d8323) sb      ra, 1638(s11)
core   0: 3 0x800093bc (0x661d8323) mem 0x80015f53 0x0
core   0: 0x800093c0 (0xa88d8c03) lb      s8, -1400(s11)
core   0: 3 0x800093c0 (0xa88d8c03) x24 0x00000036 mem 0x80015375
core   0: 0x800093c4 (0x00008e51) c.or    a2, a2
core   0: 3 0x800093c4 (0x8e51) x12 0x00000002
core   0: 0x800093c6 (0x00ce8c33) add     s8, t4, a2
core   0: 3 0x800093c6 (0x00ce8c33) x24 0x00000057
core   0: 0x800093ca (0xedcd8d23) sb      t3, -294(s11)
core   0: 3 0x800093ca (0xedcd8d23) mem 0x800157c7 0x0
core   0: 0x800093ce (0x34087ef3) csrrci  t4, mscratch, 16
core   0: 3 0x800093ce (0x34087ef3) x29 0xffffff21 c832_mscratch 0xffffff21
core   0: 0x800093d2 (0x00008629) c.srai  a2, 10
core   0: 3 0x800093d2 (0x8629) x12 0x00000000
core   0: 0x800093d4 (0x340d7673) csrrci  a2, mscratch, 26
core   0: 3 0x800093d4 (0x340d7673) x12 0xffffff21 c832_mscratch 0xffffff21
core   0: 0x800093d8 (0xf18d8c03) lb      s8, -232(s11)
core   0: 3 0x800093d8 (0xf18d8c03) x24 0xffffffa7 mem 0x80015805
core   0: 0x800093dc (0x2d2d8603) lb      a2, 722(s11)
core   0: 3 0x800093dc (0x2d2d8603) x12 0xffffff80 mem 0x80015bbf
core   0: 0x800093e0 (0x1bbd9e03) lh      t3, 443(s11)
core   0: 3 0x800093e0 (0x1bbd9e03) x28 0x00001517 mem 0x80015aa8
core   0: 0x800093e4 (0x00008c7e) c.mv    s8, t6
core   0: 3 0x800093e4 (0x8c7e) x24 0x00000000
core   0: 0x800093e6 (0x340e1ef3) csrrw   t4, mscratch, t3
core   0: 3 0x800093e6 (0x340e1ef3) x29 0xffffff21 c832_mscratch 0x00001517
core   0: 0x800093ea (0x7acd81a3) sb      a2, 1955(s11)
core   0: 3 0x800093ea (0x7acd81a3) mem 0x80016090 0x80
core   0: 0x800093ee (0x34006673) csrrsi  a2, mscratch, 0
core   0: 3 0x800093ee (0x34006673) x12 0x00001517
core   0: 0x800093f2 (0x00008e11) c.sub   a2, a2
core   0: 3 0x800093f2 (0x8e11) x12 0x00000000
core   0: 0x800093f4 (0x919dcf83) lbu     t6, -1767(s11)
core   0: 3 0x800093f4 (0x919dcf83) x31 0x00000096 mem 0x80015206
core   0: 0x800093f8 (0x401e5f93) srai    t6, t3, 1
core   0: 3 0x800093f8 (0x401e5f93) x31 0x00000a8b
core   0: 0x800093fc (0x018630b3) sltu    ra, a2, s8
core   0: 3 0x800093fc (0x018630b3) x 1 0x00000000
core   0: 0x80009400 (0xa5dd8a23) sb      t4, -1452(s11)
core   0: 3 0x80009400 (0xa5dd8a23) mem 0x80015341 0x21
core   0: 0x80009404 (0xe51d9e03) lh      t3, -431(s11)
core   0: 3 0x80009404 (0xe51d9e03) x28 0x00007956 mem 0x8001573e
core   0: 0x80009408 (0x00008e71) c.and   a2, a2
core   0: 3 0x80009408 (0x8e71) x12 0x00000000
core   0: 0x8000940a (0x0ff0000f) fence   iorw,iorw
core   0: 3 0x8000940a (0x0ff0000f)
core   0: 0x8000940e (0x001fde33) srl     t3, t6, ra
core   0: 3 0x8000940e (0x001fde33) x28 0x00000a8b
core   0: 0x80009412 (0x00008e71) c.and   a2, a2
core   0: 3 0x80009412 (0x8e71) x12 0x00000000
core   0: 0x80009414 (0x03c610b3) mulh    ra, a2, t3
core   0: 3 0x80009414 (0x03c610b3) x 1 0x00000000
core   0: 0x80009418 (0x65ad8e03) lb      t3, 1626(s11)
core   0: 3 0x80009418 (0x65ad8e03) x28 0xffffff9b mem 0x80015f47
core   0: 0x8000941c (0x01fe1e33) sll     t3, t3, t6
core   0: 3 0x8000941c (0x01fe1e33) x28 0xfffcd800
core   0: 0x80009420 (0x00000001) c.nop
core   0: 3 0x80009420 (0x0001)
core   0: 0x80009422 (0xf371ae17) auipc   t3, 0xf371a
core   0: 3 0x80009422 (0xf371ae17) x28 0x73723422
core   0: 0x80009426 (0x34062673) csrrs   a2, mscratch, a2
core   0: 3 0x80009426 (0x34062673) x12 0x00001517 c832_mscratch 0x00001517
core   0: 0x8000942a (0x00000fe2) c.slli  t6, 24
core   0: 3 0x8000942a (0x0fe2) x31 0x8b000000
core   0: 0x8000942c (0x02c0e0b3) rem     ra, ra, a2
core   0: 3 0x8000942c (0x02c0e0b3) x 1 0x00000000
core   0: 0x80009430 (0x3402dc73) csrrwi  s8, mscratch, 5
core   0: 3 0x80009430 (0x3402dc73) x24 0x00001517 c832_mscratch 0x00000005
core   0: 0x80009434 (0x353ef613) andi    a2, t4, 851
core   0: 3 0x80009434 (0x353ef613) x12 0x00000301
core   0: 0x80009438 (0xb72d8e83) lb      t4, -1166(s11)
core   0: 3 0x80009438 (0xb72d8e83) x29 0x0000003d mem 0x8001545f
core   0: 0x8000943c (0x5dd67e13) andi    t3, a2, 1501
core   0: 3 0x8000943c (0x5dd67e13) x28 0x00000101
core   0: 0x80009440 (0x00008e31) c.xor   a2, a2
core   0: 3 0x80009440 (0x8e31) x12 0x00000000
core   0: 0x80009442 (0x862dc083) lbu     ra, -1950(s11)
core   0: 3 0x80009442 (0x862dc083) x 1 0x000000bd mem 0x8001514f
core   0: 0x80009446 (0xe2dfbc13) sltiu   s8, t6, -467
core   0: 3 0x80009446 (0xe2dfbc13) x24 0x00000001
core   0: 0x8000944a (0x34006673) csrrsi  a2, mscratch, 0
core   0: 3 0x8000944a (0x34006673) x12 0x00000005
core   0: 0x8000944e (0x3c1d8123) sb      ra, 962(s11)
core   0: 3 0x8000944e (0x3c1d8123) mem 0x80015caf 0xbd
core   0: 0x80009452 (0x0000a117) auipc   sp, 0xa
core   0: 3 0x80009452 (0x0000a117) x 2 0x80013452
core   0: 0x80009456 (0x11910113) addi    sp, sp, 281
core   0: 3 0x80009456 (0x11910113) x 2 0x8001356b
core   0: 0x8000945a (0xf3315003) lhu     zero, -205(sp)
core   0: 3 0x8000945a (0xf3315003) mem 0x8001349e
core   0: 0x8000945e (0xf2b109a3) sb      a1, -205(sp)
core   0: 3 0x8000945e (0xf2b109a3) mem 0x8001349e 0x0
core   0: 0x80009462 (0x01311003) lh      zero, 19(sp)
core   0: 3 0x80009462 (0x01311003) mem 0x8001357e
core   0: 0x80009466 (0x018109a3) sb      s8, 19(sp)
core   0: 3 0x80009466 (0x018109a3) mem 0x8001357e 0x1
core   0: 0x8000946a (0x01310903) lb      s2, 19(sp)
core   0: 3 0x8000946a (0x01310903) x18 0x00000001 mem 0x8001357e
core   0: 0x8000946e (0x000109a3) sb      zero, 19(sp)
core   0: 3 0x8000946e (0x000109a3) mem 0x8001357e 0x0
core   0: 0x80009472 (0x01314a03) lbu     s4, 19(sp)
core   0: 3 0x80009472 (0x01314a03) x20 0x00000000 mem 0x8001357e
core   0: 0x80009476 (0x7c8d7613) andi    a2, s10, 1992
core   0: 3 0x80009476 (0x7c8d7613) x12 0x000007c8
core   0: 0x8000947a (0x08814203) lbu     tp, 136(sp)
core   0: 3 0x8000947a (0x08814203) x 4 0x0000006c mem 0x800135f3
core   0: 0x8000947e (0x08810703) lb      a4, 136(sp)
core   0: 3 0x8000947e (0x08810703) x14 0x0000006c mem 0x800135f3
core   0: 0x80009482 (0x03c106a3) sb      t3, 45(sp)
core   0: 3 0x80009482 (0x03c106a3) mem 0x80013598 0x1
core   0: 0x80009486 (0x019c7233) and     tp, s8, s9
core   0: 3 0x80009486 (0x019c7233) x 4 0x00000001
core   0: 0x8000948a (0x026126a3) sw      t1, 45(sp)
core   0: 3 0x8000948a (0x026126a3) mem 0x80013598 0xc8e6de73
core   0: 0x8000948e (0xfd315a83) lhu     s5, -45(sp)
core   0: 3 0x8000948e (0xfd315a83) x21 0x00004083 mem 0x8001353e
core   0: 0x80009492 (0xfd310a83) lb      s5, -45(sp)
core   0: 3 0x80009492 (0xfd310a83) x21 0xffffff83 mem 0x8001353e
core   0: 0x80009496 (0x0001bd17) auipc   s10, 0x1b
core   0: 3 0x80009496 (0x0001bd17) x26 0x80024496
core   0: 0x8000949a (0xbeed0d13) addi    s10, s10, -1042
core   0: 3 0x8000949a (0xbeed0d13) x26 0x80024084
core   0: 0x8000949e (0x0001b717) auipc   a4, 0x1b
core   0: 3 0x8000949e (0x0001b717) x14 0x8002449e
core   0: 0x800094a2 (0xbbe70713) addi    a4, a4, -1090
core   0: 3 0x800094a2 (0xbbe70713) x14 0x8002405c
core   0: 0x800094a6 (0x0001b997) auipc   s3, 0x1b
core   0: 3 0x800094a6 (0x0001b997) x19 0x800244a6
core   0: 0x800094aa (0xbde98993) addi    s3, s3, -1058
core   0: 3 0x800094aa (0xbde98993) x19 0x80024084
core   0: 0x800094ae (0x0001b797) auipc   a5, 0x1b
core   0: 3 0x800094ae (0x0001b797) x15 0x800244ae
core   0: 0x800094b2 (0xba678793) addi    a5, a5, -1114
core   0: 3 0x800094b2 (0xba678793) x15 0x80024054
core   0: 0x800094b6 (0x000068e9) c.lui   a7, 0x1a
core   0: 3 0x800094b6 (0x68e9) x17 0x0001a000
core   0: 0x800094b8 (0x6127282f) amoand.w a6, s2, (a4)
core   0: 3 0x800094b8 (0x6127282f) x16 0xfffffffe mem 0x8002405c mem 0x8002405c 0x00000000
core   0: 0x800094bc (0x20e7a82f) amoxor.w a6, a4, (a5)
core   0: 3 0x800094bc (0x20e7a82f) x16 0x7ffd718b mem 0x80024054 mem 0x80024054 0xffff31d7
core   0: 0x800094c0 (0xa55d28af) amomax.w a7, s5, (s10)
core   0: 3 0x800094c0 (0xa55d28af) x17 0x00000000 mem 0x80024084 mem 0x80024084 0x00000000
core   0: 0x800094c4 (0x459d2baf) amoor.w s7, s9, (s10)
core   0: 3 0x800094c4 (0x459d2baf) x23 0x00000000 mem 0x80024084 mem 0x80024084 0x00000007
core   0: 0x800094c8 (0xc367ab2f) amominu.w s6, s6, (a5)
core   0: 3 0x800094c8 (0xc367ab2f) x22 0xffff31d7 mem 0x80024054 mem 0x80024054 0x80024064
core   0: 0x800094cc (0x053d2baf) amoadd.w s7, s3, (s10)
core   0: 3 0x800094cc (0x053d2baf) x23 0x00000007 mem 0x80024084 mem 0x80024084 0x8002408b
core   0: 0x800094d0 (0x0001b217) auipc   tp, 0x1b
core   0: 3 0x800094d0 (0x0001b217) x 4 0x800244d0
core   0: 0x800094d4 (0xb9820213) addi    tp, tp, -1128
core   0: 3 0x800094d4 (0xb9820213) x 4 0x80024068
core   0: 0x800094d8 (0x03ade333) rem     t1, s11, s10
core   0: 3 0x800094d8 (0x03ade333) x 6 0xffff1869
core   0: 0x800094dc (0x0000047e) c.slli  s0, 31
core   0: 3 0x800094dc (0x047e) x 8 0x80000000
core   0: 0x800094de (0x00008d6d) c.and   a0, a1
core   0: 3 0x800094de (0x8d6d) x10 0x00000000
core   0: 0x800094e0 (0x020f28b3) mulhsu  a7, t5, zero
core   0: 3 0x800094e0 (0x020f28b3) x17 0x00000000
core   0: 0x800094e4 (0xf855ab13) slti    s6, a1, -123
core   0: 3 0x800094e4 (0xf855ab13) x22 0x00000000
core   0: 0x800094e8 (0x0257d9b3) divu    s3, a5, t0
core   0: 3 0x800094e8 (0x0257d9b3) x19 0x00000000
core   0: 0x800094ec (0x34031ef3) csrrw   t4, mscratch, t1
core   0: 3 0x800094ec (0x34031ef3) x29 0x00000005 c832_mscratch 0xffff1869
core   0: 0x800094f0 (0x03c149b3) div     s3, sp, t3
core   0: 3 0x800094f0 (0x03c149b3) x19 0xff8080b5
core   0: 0x800094f4 (0x000098fd) c.andi  s1, -1
core   0: 3 0x800094f4 (0x98fd) x 9 0x0000377a
core   0: 0x800094f6 (0x14022caf) lr.w    s9, (tp)
core   0: 3 0x800094f6 (0x14022caf) x25 0x03fc0012 mem 0x80024068
core   0: 0x800094fa (0x00008da1) c.xor   a1, s0
core   0: 3 0x800094fa (0x8da1) x11 0x80000000
core   0: 0x800094fc (0x1d222c2f) sc.w    s8, s2, (tp)
core   0: 3 0x800094fc (0x1d222c2f) x24 0x00000000 mem 0x80024068 0x00000001
core   0: 0x80009500 (0x0000af97) auipc   t6, 0xa
core   0: 3 0x80009500 (0x0000af97) x31 0x80013500
core   0: 0x80009504 (0x190f8f93) addi    t6, t6, 400
core   0: 3 0x80009504 (0x190f8f93) x31 0x80013690
core   0: 0x80009508 (0x000081f5) c.srli  a1, 29
core   0: 3 0x80009508 (0x81f5) x11 0x00000004
core   0: 0x8000950a (0x07af83a3) sb      s10, 103(t6)
core   0: 3 0x8000950a (0x07af83a3) mem 0x800136f7 0x84
core   0: 0x8000950e (0x237ce813) ori     a6, s9, 567
core   0: 3 0x8000950e (0x237ce813) x16 0x03fc0237
core   0: 0x80009512 (0x0f0fc783) lbu     a5, 240(t6)
core   0: 3 0x80009512 (0x0f0fc783) x15 0x0000000e mem 0x80013780
core   0: 0x80009516 (0x0e4fdd03) lhu     s10, 228(t6)
core   0: 3 0x80009516 (0x0e4fdd03) x26 0x0000a34d mem 0x80013774
core   0: 0x8000951a (0x095fc683) lbu     a3, 149(t6)
core   0: 3 0x8000951a (0x095fc683) x13 0x00000039 mem 0x80013725
core   0: 0x8000951e (0x340079f3) csrrci  s3, mscratch, 0
core   0: 3 0x8000951e (0x340079f3) x19 0xffff1869
core   0: 0x80009522 (0x0bdf8603) lb      a2, 189(t6)
core   0: 3 0x80009522 (0x0bdf8603) x12 0xffffffc9 mem 0x8001374d
core   0: 0x80009526 (0xf42fc803) lbu     a6, -190(t6)
core   0: 3 0x80009526 (0xf42fc803) x16 0x000000ee mem 0x800135d2
core   0: 0x8000952a (0xfbdf8803) lb      a6, -67(t6)
core   0: 3 0x8000952a (0xfbdf8803) x16 0xffffff8b mem 0x8001364d
core   0: 0x8000952e (0xfd8f8c83) lb      s9, -40(t6)
core   0: 3 0x8000952e (0xfd8f8c83) x25 0x00000021 mem 0x80013668
core   0: 0x80009532 (0x01edf833) and     a6, s11, t5
core   0: 3 0x80009532 (0x01edf833) x16 0x80004824
core   0: 0x80009536 (0xf72f8e83) lb      t4, -142(t6)
core   0: 3 0x80009536 (0xf72f8e83) x29 0xffffff84 mem 0x80013602
core   0: 0x8000953a (0x00ed8eb3) add     t4, s11, a4
core   0: 3 0x8000953a (0x00ed8eb3) x29 0x00039949
core   0: 0x8000953e (0x067fc083) lbu     ra, 103(t6)
core   0: 3 0x8000953e (0x067fc083) x 1 0x00000084 mem 0x800136f7
core   0: 0x80009542 (0x052f8323) sb      s2, 70(t6)
core   0: 3 0x80009542 (0x052f8323) mem 0x800136d6 0x1
core   0: 0x80009546 (0xfc2f8e03) lb      t3, -62(t6)
core   0: 3 0x80009546 (0xfc2f8e03) x28 0xffffffbd mem 0x80013652
core   0: 0x8000954a (0x095fa823) sw      s5, 144(t6)
core   0: 3 0x8000954a (0x095fa823) mem 0x80013720 0xffffff83
core   0: 0x8000954e (0x01363933) sltu    s2, a2, s3
core   0: 3 0x8000954e (0x01363933) x18 0x00000000
core   0: 0x80009552 (0xfe3f8a23) sb      gp, -12(t6)
core   0: 3 0x80009552 (0xfe3f8a23) mem 0x80013684 0x7e
core   0: 0x80009556 (0x20e78db7) lui     s11, 0x20e78
core   0: 3 0x80009556 (0x20e78db7) x27 0x20e78000
core   0: 0x8000955a (0x03c16c33) rem     s8, sp, t3
core   0: 3 0x8000955a (0x03c16c33) x24 0xffffffdf
core   0: 0x8000955e (0x0307a633) mulhsu  a2, a5, a6
core   0: 3 0x8000955e (0x0307a633) x12 0x00000007
core   0: 0x80009562 (0xf58fa103) lw      sp, -168(t6)
core   0: 3 0x80009562 (0xf58fa103) x 2 0x3179e5c9 mem 0x800135e8
core   0: 0x80009566 (0xa17ca593) slti    a1, s9, -1513
core   0: 3 0x80009566 (0xa17ca593) x11 0x00000000
core   0: 0x8000956a (0xffdfcd83) lbu     s11, -3(t6)
core   0: 3 0x8000956a (0xffdfcd83) x27 0x000000d4 mem 0x8001368d
core   0: 0x8000956e (0x0d5fcd83) lbu     s11, 213(t6)
core   0: 3 0x8000956e (0x0d5fcd83) x27 0x0000002c mem 0x80013765
core   0: 0x80009572 (0x0ff0000f) fence   iorw,iorw
core   0: 3 0x80009572 (0x0ff0000f)
core   0: 0x80009576 (0x002d4533) xor     a0, s10, sp
core   0: 3 0x80009576 (0x002d4533) x10 0x31794684
core   0: 0x8000957a (0x00008335) c.srli  a4, 13
core   0: 3 0x8000957a (0x8335) x14 0x00040012
core   0: 0x8000957c (0x00004b39) c.li    s6, 14
core   0: 3 0x8000957c (0x4b39) x22 0x0000000e
core   0: 0x8000957e (0x001bb033) sltu    zero, s7, ra
core   0: 3 0x8000957e (0x001bb033)
core   0: 0x80009582 (0x030f82a3) sb      a6, 37(t6)
core   0: 3 0x80009582 (0x030f82a3) mem 0x800136b5 0x24
core   0: 0x80009586 (0x00cca0b3) slt     ra, s9, a2
core   0: 3 0x80009586 (0x00cca0b3) x 1 0x00000000
core   0: 0x8000958a (0x0109d033) srl     zero, s3, a6
core   0: 3 0x8000958a (0x0109d033)
core   0: 0x8000958e (0x0000880d) c.andi  s0, 3
core   0: 3 0x8000958e (0x880d) x 8 0x00000000
core   0: 0x80009590 (0xf86f87a3) sb      t1, -113(t6)
core   0: 3 0x80009590 (0xf86f87a3) mem 0x8001361f 0x69
core   0: 0x80009594 (0x073f8803) lb      a6, 115(t6)
core   0: 3 0x80009594 (0x073f8803) x16 0x00000078 mem 0x80013703
core   0: 0x80009598 (0x0d1f8d83) lb      s11, 209(t6)
core   0: 3 0x80009598 (0x0d1f8d83) x27 0xffffffa8 mem 0x80013761
core   0: 0x8000959c (0xd224c693) xori    a3, s1, -734
core   0: 3 0x8000959c (0xd224c693) x13 0xffffca58
core   0: 0x800095a0 (0x00008afe) c.mv    s5, t6
core   0: 3 0x800095a0 (0x8afe) x21 0x80013690
core   0: 0x800095a2 (0xf5cfd703) lhu     a4, -164(t6)
core   0: 3 0x800095a2 (0xf5cfd703) x14 0x0000655e mem 0x800135ec
core   0: 0x800095a6 (0x3404d973) csrrwi  s2, mscratch, 9
core   0: 3 0x800095a6 (0x3404d973) x18 0xffff1869 c832_mscratch 0x00000009
core   0: 0x800095aa (0x0a1f80a3) sb      ra, 161(t6)
core   0: 3 0x800095aa (0x0a1f80a3) mem 0x80013731 0x0
core   0: 0x800095ae (0x36404113) xori    sp, zero, 868
core   0: 3 0x800095ae (0x36404113) x 2 0x00000364
core   0: 0x800095b2 (0x041f8523) sb      ra, 74(t6)
core   0: 3 0x800095b2 (0x041f8523) mem 0x800136da 0x0
core   0: 0x800095b6 (0x41c28cb3) sub     s9, t0, t3
core   0: 3 0x800095b6 (0x41c28cb3) x25 0x80028eb7
core   0: 0x800095ba (0x00006145) c.addi16sp sp, 48
core   0: 3 0x800095ba (0x6145) x 2 0x00000394
core   0: 0x800095bc (0x0000616d) c.addi16sp sp, 240
core   0: 3 0x800095bc (0x616d) x 2 0x00000484
core   0: 0x800095be (0xfd5f84a3) sb      s5, -55(t6)
core   0: 3 0x800095be (0xfd5f84a3) mem 0x80013659 0x90
core   0: 0x800095c2 (0x084f8c83) lb      s9, 132(t6)
core   0: 3 0x800095c2 (0x084f8c83) x25 0xffffffb6 mem 0x80013714
core   0: 0x800095c6 (0x02dfca83) lbu     s5, 45(t6)
core   0: 3 0x800095c6 (0x02dfca83) x21 0x00000012 mem 0x800136bd
core   0: 0x800095ca (0x34039cf3) csrrw   s9, mscratch, t2
core   0: 3 0x800095ca (0x34039cf3) x25 0x00000009 c832_mscratch 0x00000006
core   0: 0x800095ce (0x000084bd) c.srai  s1, 15
core   0: 3 0x800095ce (0x84bd) x 9 0x00000000
core   0: 0x800095d0 (0xf05fce83) lbu     t4, -251(t6)
core   0: 3 0x800095d0 (0xf05fce83) x29 0x00000088 mem 0x80013595
core   0: 0x800095d4 (0xf61f8483) lb      s1, -159(t6)
core   0: 3 0x800095d4 (0xf61f8483) x 9 0xffffffdb mem 0x800135f1
core   0: 0x800095d8 (0x0001b617) auipc   a2, 0x1b
core   0: 3 0x800095d8 (0x0001b617) x12 0x800245d8
core   0: 0x800095dc (0xa7860613) addi    a2, a2, -1416
core   0: 3 0x800095dc (0xa7860613) x12 0x80024050
core   0: 0x800095e0 (0x0ca627af) amoswap.w a5, a0, (a2)
core   0: 3 0x800095e0 (0x0ca627af) x15 0x00000070 mem 0x80024050 mem 0x80024050 0x31794684
core   0: 0x800095e4 (0x0a96292f) amoswap.w s2, s1, (a2)
core   0: 3 0x800095e4 (0x0a96292f) x18 0x31794684 mem 0x80024050 mem 0x80024050 0xffffffdb
core   0: 0x800095e8 (0xc19626af) amominu.w a3, s9, (a2)
core   0: 3 0x800095e8 (0xc19626af) x13 0xffffffdb mem 0x80024050 mem 0x80024050 0x00000009
core   0: 0x800095ec (0x83562e2f) amomin.w t3, s5, (a2)
core   0: 3 0x800095ec (0x83562e2f) x28 0x00000009 mem 0x80024050 mem 0x80024050 0x00000009
core   0: 0x800095f0 (0x22362a2f) amoxor.w s4, gp, (a2)
core   0: 3 0x800095f0 (0x22362a2f) x20 0x00000009 mem 0x80024050 mem 0x80024050 0x80024077
core   0: 0x800095f4 (0x0386222f) amoadd.w tp, s8, (a2)
core   0: 3 0x800095f4 (0x0386222f) x 4 0x80024077 mem 0x80024050 mem 0x80024050 0x80024056
core   0: 0x800095f8 (0x000068e1) c.lui   a7, 0x18
core   0: 3 0x800095f8 (0x68e1) x17 0x00018000
core   0: 0x800095fa (0x011dd5b3) srl     a1, s11, a7
core   0: 3 0x800095fa (0x011dd5b3) x11 0xffffffa8
core   0: 0x800095fe (0x00bcf433) and     s0, s9, a1
core   0: 3 0x800095fe (0x00bcf433) x 8 0x00000008
core   0: 0x80009602 (0x422620af) amoor.w ra, sp, (a2)
core   0: 3 0x80009602 (0x422620af) x 1 0x80024056 mem 0x80024050 mem 0x80024050 0x800244d6
core   0: 0x80009606 (0x64d6242f) amoand.w s0, a3, (a2)
core   0: 3 0x80009606 (0x64d6242f) x 8 0x800244d6 mem 0x80024050 mem 0x80024050 0x800244d2
core   0: 0x8000960a (0xa526292f) amomax.w s2, s2, (a2)
core   0: 3 0x8000960a (0xa526292f) x18 0x800244d2 mem 0x80024050 mem 0x80024050 0x31794684
core   0: 0x8000960e (0x0000a817) auipc   a6, 0xa
core   0: 3 0x8000960e (0x0000a817) x16 0x8001360e
core   0: 0x80009612 (0xad380813) addi    a6, a6, -1325
core   0: 3 0x80009612 (0xad380813) x16 0x800130e1
core   0: 0x80009616 (0x0000af97) auipc   t6, 0xa
core   0: 3 0x80009616 (0x0000af97) x31 0x80013616
core   0: 0x8000961a (0x1a6f8f93) addi    t6, t6, 422
core   0: 3 0x8000961a (0x1a6f8f93) x31 0x800137bc
core   0: 0x8000961e (0x0000a717) auipc   a4, 0xa
core   0: 3 0x8000961e (0x0000a717) x14 0x8001361e
core   0: 0x80009622 (0x1da70713) addi    a4, a4, 474
core   0: 3 0x80009622 (0x1da70713) x14 0x800137f8
core   0: 0x80009626 (0xf59f8b03) lb      s6, -167(t6)
core   0: 3 0x80009626 (0xf59f8b03) x22 0xffffffdd mem 0x80013715
core   0: 0x8000962a (0x0000aa97) auipc   s5, 0xa
core   0: 3 0x8000962a (0x0000aa97) x21 0x8001362a
core   0: 0x8000962e (0x504a8a93) addi    s5, s5, 1284
core   0: 3 0x8000962e (0x504a8a93) x21 0x80013b2e
core   0: 0x80009632 (0x0e5f9b23) sh      t0, 246(t6)
core   0: 3 0x80009632 (0x0e5f9b23) mem 0x800138b2 0x8e74
core   0: 0x80009636 (0x0000ac17) auipc   s8, 0xa
core   0: 3 0x80009636 (0x0000ac17) x24 0x80013636
core   0: 0x8000963a (0x438c0c13) addi    s8, s8, 1080
core   0: 3 0x8000963a (0x438c0c13) x24 0x80013a6e
core   0: 0x8000963e (0xf4870aa3) sb      s0, -171(a4)
core   0: 3 0x8000963e (0xf4870aa3) mem 0x8001374d 0xd6
core   0: 0x80009642 (0xf4dfc503) lbu     a0, -179(t6)
core   0: 3 0x80009642 (0xf4dfc503) x10 0x00000079 mem 0x80013709
core   0: 0x80009646 (0xfebc0ea3) sb      a1, -3(s8)
core   0: 3 0x80009646 (0xfebc0ea3) mem 0x80013a6b 0xa8
core   0: 0x8000964a (0x03aac483) lbu     s1, 58(s5)
core   0: 3 0x8000964a (0x03aac483) x 9 0x00000012 mem 0x80013b68
core   0: 0x8000964e (0xf7bfcd03) lbu     s10, -133(t6)
core   0: 3 0x8000964e (0xf7bfcd03) x26 0x000000d4 mem 0x80013737
core   0: 0x80009652 (0xff2c4683) lbu     a3, -14(s8)
core   0: 3 0x80009652 (0xff2c4683) x13 0x000000ae mem 0x80013a60
core   0: 0x80009656 (0xf1071d03) lh      s10, -240(a4)
core   0: 3 0x80009656 (0xf1071d03) x26 0x000079ea mem 0x80013708
core   0: 0x8000965a (0xfebfcb83) lbu     s7, -21(t6)
core   0: 3 0x8000965a (0xfebfcb83) x23 0x0000004e mem 0x800137a7
core   0: 0x8000965e (0xfd880503) lb      a0, -40(a6)
core   0: 3 0x8000965e (0xfd880503) x10 0x00000041 mem 0x800130b9
core   0: 0x80009662 (0xfcfacc83) lbu     s9, -49(s5)
core   0: 3 0x80009662 (0xfcfacc83) x25 0x0000002c mem 0x80013afd
core   0: 0x80009666 (0x079705a3) sb      s9, 107(a4)
core   0: 3 0x80009666 (0x079705a3) mem 0x80013863 0x2c
core   0: 0x8000966a (0xfd180823) sb      a7, -48(a6)
core   0: 3 0x8000966a (0xfd180823) mem 0x800130b1 0x0
core   0: 0x8000966e (0x0de74e03) lbu     t3, 222(a4)
core   0: 3 0x8000966e (0x0de74e03) x28 0x00000015 mem 0x800138d6
core   0: 0x80009672 (0x029ac903) lbu     s2, 41(s5)
core   0: 3 0x80009672 (0x029ac903) x18 0x00000053 mem 0x80013b57
core   0: 0x80009676 (0xf72f9603) lh      a2, -142(t6)
core   0: 3 0x80009676 (0xf72f9603) x12 0x00002b36 mem 0x8001372e
core   0: 0x8000967a (0x018c06a3) sb      s8, 13(s8)
core   0: 3 0x8000967a (0x018c06a3) mem 0x80013a7b 0x6e
core   0: 0x8000967e (0x0f9fcb83) lbu     s7, 249(t6)
core   0: 3 0x8000967e (0x0f9fcb83) x23 0x000000ff mem 0x800138b5
core   0: 0x80009682 (0xfd580e03) lb      t3, -43(a6)
core   0: 3 0x80009682 (0xfd580e03) x28 0x00000072 mem 0x800130b6
core   0: 0x80009686 (0xfd4ad683) lhu     a3, -44(s5)
core   0: 3 0x80009686 (0xfd4ad683) x13 0x0000ba85 mem 0x80013b02
core   0: 0x8000968a (0xf8474e83) lbu     t4, -124(a4)
core   0: 3 0x8000968a (0xf8474e83) x29 0x000000c8 mem 0x8001377c
core   0: 0x8000968e (0x003c4083) lbu     ra, 3(s8)
core   0: 3 0x8000968e (0x003c4083) x 1 0x00000075 mem 0x80013a71
core   0: 0x80009692 (0xfc880b83) lb      s7, -56(a6)
core   0: 3 0x80009692 (0xfc880b83) x23 0xfffffff1 mem 0x800130a9
core   0: 0x80009696 (0x005c0d03) lb      s10, 5(s8)
core   0: 3 0x80009696 (0x005c0d03) x26 0x00000041 mem 0x80013a73
core   0: 0x8000969a (0xff4f9723) sh      s4, -18(t6)
core   0: 3 0x8000969a (0xff4f9723) mem 0x800137aa 0x0009
core   0: 0x8000969e (0xfeac1b23) sh      a0, -10(s8)
core   0: 3 0x8000969e (0xfeac1b23) mem 0x80013a64 0x0041
core   0: 0x800096a2 (0xfc580823) sb      t0, -48(a6)
core   0: 3 0x800096a2 (0xfc580823) mem 0x800130b1 0x74
core   0: 0x800096a6 (0x01174883) lbu     a7, 17(a4)
core   0: 3 0x800096a6 (0x01174883) x17 0x000000bc mem 0x80013809
core   0: 0x800096aa (0x0bcf8403) lb      s0, 188(t6)
core   0: 3 0x800096aa (0x0bcf8403) x 8 0x00000048 mem 0x80013878
core   0: 0x800096ae (0x01381da3) sh      s3, 27(a6)
core   0: 3 0x800096ae (0x01381da3) mem 0x800130fc 0x1869
core   0: 0x800096b2 (0x003c0883) lb      a7, 3(s8)
core   0: 3 0x800096b2 (0x003c0883) x17 0x00000075 mem 0x80013a71
core   0: 0x800096b6 (0xffac4083) lbu     ra, -6(s8)
core   0: 3 0x800096b6 (0xffac4083) x 1 0x000000cf mem 0x80013a68
core   0: 0x800096ba (0x034a8683) lb      a3, 52(s5)
core   0: 3 0x800096ba (0x034a8683) x13 0xffffffe4 mem 0x80013b62
core   0: 0x800096be (0x0001bc97) auipc   s9, 0x1b
core   0: 3 0x800096be (0x0001bc97) x25 0x800246be
core   0: 0x800096c2 (0x98ec8c93) addi    s9, s9, -1650
core   0: 3 0x800096c2 (0x98ec8c93) x25 0x8002404c
core   0: 0x800096c6 (0x0001b317) auipc   t1, 0x1b
core   0: 3 0x800096c6 (0x0001b317) x 6 0x800246c6
core   0: 0x800096ca (0x99e30313) addi    t1, t1, -1634
core   0: 3 0x800096ca (0x99e30313) x 6 0x80024064
core   0: 0x800096ce (0x0001bb97) auipc   s7, 0x1b
core   0: 3 0x800096ce (0x0001bb97) x23 0x800246ce
core   0: 0x800096d2 (0x992b8b93) addi    s7, s7, -1646
core   0: 3 0x800096d2 (0x992b8b93) x23 0x80024060
core   0: 0x800096d6 (0x855ca22f) amomin.w tp, s5, (s9)
core   0: 3 0x800096d6 (0x855ca22f) x 4 0x171fcb82 mem 0x8002404c mem 0x8002404c 0x80013b2e
core   0: 0x800096da (0xa5432eaf) amomax.w t4, s4, (t1)
core   0: 3 0x800096da (0xa5432eaf) x29 0x7ffd308d mem 0x80024064 mem 0x80024064 0x7ffd308d
core   0: 0x800096de (0x61dbaa2f) amoand.w s4, t4, (s7)
core   0: 3 0x800096de (0x61dbaa2f) x20 0xfffe5625 mem 0x80024060 mem 0x80024060 0x7ffc1005
core   0: 0x800096e2 (0xa21cac2f) amomax.w s8, ra, (s9)
core   0: 3 0x800096e2 (0xa21cac2f) x24 0x80013b2e mem 0x8002404c mem 0x8002404c 0x000000cf
core   0: 0x800096e6 (0x00000001) c.nop
core   0: 3 0x800096e6 (0x0001)
core   0: 0x800096e8 (0xe493272f) amomaxu.w a4, s1, (t1)
core   0: 3 0x800096e8 (0xe493272f) x14 0x7ffd308d mem 0x80024064 mem 0x80024064 0x7ffd308d
core   0: 0x800096ec (0x34076973) csrrsi  s2, mscratch, 14
core   0: 3 0x800096ec (0x34076973) x18 0x00000006 c832_mscratch 0x0000000e
core   0: 0x800096f0 (0x00c2a233) slt     tp, t0, a2
core   0: 3 0x800096f0 (0x00c2a233) x 4 0x00000001
core   0: 0x800096f4 (0x34032473) csrrs   s0, mscratch, t1
core   0: 3 0x800096f4 (0x34032473) x 8 0x0000000e c832_mscratch 0x8002406e
core   0: 0x800096f8 (0x23f325af) amoxor.w a1, t6, (t1)
core   0: 3 0x800096f8 (0x23f325af) x11 0x7ffd308d mem 0x80024064 mem 0x80024064 0xfffc0731
core   0: 0x800096fc (0x09832c2f) amoswap.w s8, s8, (t1)
core   0: 3 0x800096fc (0x09832c2f) x24 0xfffc0731 mem 0x80024064 mem 0x80024064 0x80013b2e
core   0: 0x80009700 (0x000058f5) c.li    a7, -3
core   0: 3 0x80009700 (0x58f5) x17 0xfffffffd
core   0: 0x80009702 (0x00004c89) c.li    s9, 2
core   0: 3 0x80009702 (0x4c89) x25 0x00000002
core   0: 0x80009704 (0x033304b3) mul     s1, t1, s3
core   0: 3 0x80009704 (0x033304b3) x 9 0x7691c904
core   0: 0x80009708 (0x0354e7b3) rem     a5, s1, s5
core   0: 3 0x80009708 (0x0354e7b3) x15 0x7691c904
core   0: 0x8000970c (0x0000088d) c.addi  a7, 3
core   0: 3 0x8000970c (0x088d) x17 0x00000000
core   0: 0x8000970e (0x34065e73) csrrwi  t3, mscratch, 12
core   0: 3 0x8000970e (0x34065e73) x28 0x8002406e c832_mscratch 0x0000000c
core   0: 0x80009712 (0x00005b65) c.li    s6, -7
core   0: 3 0x80009712 (0x5b65) x22 0xfffffff9
core   0: 0x80009714 (0x000050c5) c.li    ra, -15
core   0: 3 0x80009714 (0x50c5) x 1 0xfffffff1
core   0: 0x80009716 (0xc36c3013) sltiu   zero, s8, -970
core   0: 3 0x80009716 (0xc36c3013)
core   0: 0x8000971a (0xee25a513) slti    a0, a1, -286
core   0: 3 0x8000971a (0xee25a513) x10 0x00000000
core   0: 0x8000971e (0x00001b61) c.addi  s6, -8
core   0: 3 0x8000971e (0x1b61) x22 0xfffffff1
core   0: 0x80009720 (0x40765fb3) sra     t6, a2, t2
core   0: 3 0x80009720 (0x40765fb3) x31 0x000000ac
core   0: 0x80009724 (0xfe1b0be3) beq     s6, ra, pc - 10
core   0: 3 0x80009724 (0xfe1b0be3)
core   0: 0x8000971a (0xee25a513) slti    a0, a1, -286
core   0: 3 0x8000971a (0xee25a513) x10 0x00000000
core   0: 0x8000971e (0x00001b61) c.addi  s6, -8
core   0: 3 0x8000971e (0x1b61) x22 0xffffffe9
core   0: 0x80009720 (0x40765fb3) sra     t6, a2, t2
core   0: 3 0x80009720 (0x40765fb3) x31 0x000000ac
core   0: 0x80009724 (0xfe1b0be3) beq     s6, ra, pc - 10
core   0: 3 0x80009724 (0xfe1b0be3)
core   0: 0x80009728 (0xd267b117) auipc   sp, 0xd267b
core   0: 3 0x80009728 (0xd267b117) x 2 0x52684728
core   0: 0x8000972c (0xff5acc13) xori    s8, s5, -11
core   0: 3 0x8000972c (0xff5acc13) x24 0x7ffec4db
core   0: 0x80009730 (0xfd98cae3) blt     a7, s9, pc - 44
core   0: 3 0x80009730 (0xfd98cae3)
core   0: 0x80009704 (0x033304b3) mul     s1, t1, s3
core   0: 3 0x80009704 (0x033304b3) x 9 0x7691c904
core   0: 0x80009708 (0x0354e7b3) rem     a5, s1, s5
core   0: 3 0x80009708 (0x0354e7b3) x15 0x7691c904
core   0: 0x8000970c (0x0000088d) c.addi  a7, 3
core   0: 3 0x8000970c (0x088d) x17 0x00000003
core   0: 0x8000970e (0x34065e73) csrrwi  t3, mscratch, 12
core   0: 3 0x8000970e (0x34065e73) x28 0x0000000c c832_mscratch 0x0000000c
core   0: 0x80009712 (0x00005b65) c.li    s6, -7
core   0: 3 0x80009712 (0x5b65) x22 0xfffffff9
core   0: 0x80009714 (0x000050c5) c.li    ra, -15
core   0: 3 0x80009714 (0x50c5) x 1 0xfffffff1
core   0: 0x80009716 (0xc36c3013) sltiu   zero, s8, -970
core   0: 3 0x80009716 (0xc36c3013)
core   0: 0x8000971a (0xee25a513) slti    a0, a1, -286
core   0: 3 0x8000971a (0xee25a513) x10 0x00000000
core   0: 0x8000971e (0x00001b61) c.addi  s6, -8
core   0: 3 0x8000971e (0x1b61) x22 0xfffffff1
core   0: 0x80009720 (0x40765fb3) sra     t6, a2, t2
core   0: 3 0x80009720 (0x40765fb3) x31 0x000000ac
core   0: 0x80009724 (0xfe1b0be3) beq     s6, ra, pc - 10
core   0: 3 0x80009724 (0xfe1b0be3)
core   0: 0x8000971a (0xee25a513) slti    a0, a1, -286
core   0: 3 0x8000971a (0xee25a513) x10 0x00000000
core   0: 0x8000971e (0x00001b61) c.addi  s6, -8
core   0: 3 0x8000971e (0x1b61) x22 0xffffffe9
core   0: 0x80009720 (0x40765fb3) sra     t6, a2, t2
core   0: 3 0x80009720 (0x40765fb3) x31 0x000000ac
core   0: 0x80009724 (0xfe1b0be3) beq     s6, ra, pc - 10
core   0: 3 0x80009724 (0xfe1b0be3)
core   0: 0x80009728 (0xd267b117) auipc   sp, 0xd267b
core   0: 3 0x80009728 (0xd267b117) x 2 0x52684728
core   0: 0x8000972c (0xff5acc13) xori    s8, s5, -11
core   0: 3 0x8000972c (0xff5acc13) x24 0x7ffec4db
core   0: 0x80009730 (0xfd98cae3) blt     a7, s9, pc - 44
core   0: 3 0x80009730 (0xfd98cae3)
core   0: 0x80009734 (0x00008f5d) c.or    a4, a5
core   0: 3 0x80009734 (0x8f5d) x14 0x7ffdf98d
core   0: 0x80009736 (0x0000a117) auipc   sp, 0xa
core   0: 3 0x80009736 (0x0000a117) x 2 0x80013736
core   0: 0x8000973a (0xb1910113) addi    sp, sp, -1255
core   0: 3 0x8000973a (0xb1910113) x 2 0x8001324f
core   0: 0x8000973e (0x03014583) lbu     a1, 48(sp)
core   0: 3 0x8000973e (0x03014583) x11 0x000000a9 mem 0x8001327f
core   0: 0x80009742 (0x40be8233) sub     tp, t4, a1
core   0: 3 0x80009742 (0x40be8233) x 4 0x7ffd2fe4
core   0: 0x80009746 (0xfd510223) sb      s5, -60(sp)
core   0: 3 0x80009746 (0xfd510223) mem 0x80013213 0x2e
core   0: 0x8000974a (0x34007773) csrrci  a4, mscratch, 0
core   0: 3 0x8000974a (0x34007773) x14 0x0000000c
core   0: 0x8000974e (0xffc10483) lb      s1, -4(sp)
core   0: 3 0x8000974e (0xffc10483) x 9 0x00000035 mem 0x8001324b
core   0: 0x80009752 (0x01d15d03) lhu     s10, 29(sp)
core   0: 3 0x80009752 (0x01d15d03) x26 0x00000763 mem 0x8001326c
core   0: 0x80009756 (0x34002a73) csrr    s4, mscratch
core   0: 3 0x80009756 (0x34002a73) x20 0x0000000c
core   0: 0x8000975a (0x00008cc9) c.or    s1, a0
core   0: 3 0x8000975a (0x8cc9) x 9 0x00000035
core   0: 0x8000975c (0x00000001) c.nop
core   0: 3 0x8000975c (0x0001)
core   0: 0x8000975e (0xfc714203) lbu     tp, -57(sp)
core   0: 3 0x8000975e (0xfc714203) x 4 0x00000005 mem 0x80013216
core   0: 0x80009762 (0xfd910183) lb      gp, -39(sp)
core   0: 3 0x80009762 (0xfd910183) x 3 0x00000023 mem 0x80013228
core   0: 0x80009766 (0xffb14b03) lbu     s6, -5(sp)
core   0: 3 0x80009766 (0xffb14b03) x22 0x00000026 mem 0x8001324a
core   0: 0x8000976a (0xfd814003) lbu     zero, -40(sp)
core   0: 3 0x8000976a (0xfd814003) mem 0x80013227
core   0: 0x8000976e (0x02414603) lbu     a2, 36(sp)
core   0: 3 0x8000976e (0x02414603) x12 0x00000075 mem 0x80013273
core   0: 0x80009772 (0xfd511b03) lh      s6, -43(sp)
core   0: 3 0x80009772 (0xfd511b03) x22 0x00003b8d mem 0x80013224
core   0: 0x80009776 (0xfcf11aa3) sh      a5, -43(sp)
core   0: 3 0x80009776 (0xfcf11aa3) mem 0x80013224 0xc904
core   0: 0x8000977a (0x023101a3) sb      gp, 35(sp)
core   0: 3 0x8000977a (0x023101a3) mem 0x80013272 0x23
core   0: 0x8000977e (0x01e10d23) sb      t5, 26(sp)
core   0: 3 0x8000977e (0x01e10d23) mem 0x80013269 0x24
core   0: 0x80009782 (0x00210d23) sb      sp, 26(sp)
core   0: 3 0x80009782 (0x00210d23) mem 0x80013269 0x4f
core   0: 0x80009786 (0x01a10c03) lb      s8, 26(sp)
core   0: 3 0x80009786 (0x01a10c03) x24 0x0000004f mem 0x80013269
core   0: 0x8000978a (0x00014197) auipc   gp, 0x14
core   0: 3 0x8000978a (0x00014197) x 3 0x8001d78a
core   0: 0x8000978e (0xc6718193) addi    gp, gp, -921
core   0: 3 0x8000978e (0xc6718193) x 3 0x8001d3f1
core   0: 0x80009792 (0x03719aa3) sh      s7, 53(gp)
core   0: 3 0x80009792 (0x03719aa3) mem 0x8001d426 0x4060
core   0: 0x80009796 (0xfcc19aa3) sh      a2, -43(gp)
core   0: 3 0x80009796 (0xfcc19aa3) mem 0x8001d3c6 0x0075
core   0: 0x8000979a (0x03a1c703) lbu     a4, 58(gp)
core   0: 3 0x8000979a (0x03a1c703) x14 0x00000000 mem 0x8001d42b
core   0: 0x8000979e (0x00009156) c.add   sp, s5
core   0: 3 0x8000979e (0x9156) x 2 0x00026d7d
core   0: 0x800097a0 (0x4834c613) xori    a2, s1, 1155
core   0: 3 0x800097a0 (0x4834c613) x12 0x000004b6
core   0: 0x800097a4 (0x0002ea33) or      s4, t0, zero
core   0: 3 0x800097a4 (0x0002ea33) x20 0x80028e74
core   0: 0x800097a8 (0xde1d1037) lui     zero, 0xde1d1
core   0: 3 0x800097a8 (0xde1d1037)
core   0: 0x800097ac (0x02e4bd33) mulhu   s10, s1, a4
core   0: 3 0x800097ac (0x02e4bd33) x26 0x00000000
core   0: 0x800097b0 (0x3401aef3) csrrs   t4, mscratch, gp
core   0: 3 0x800097b0 (0x3401aef3) x29 0x0000000c c832_mscratch 0x8001d3fd
core   0: 0x800097b4 (0x41865433) sra     s0, a2, s8
core   0: 3 0x800097b4 (0x41865433) x 8 0x00000000
core   0: 0x800097b8 (0xff21c683) lbu     a3, -14(gp)
core   0: 3 0x800097b8 (0xff21c683) x13 0x00000015 mem 0x8001d3e3
core   0: 0x800097bc (0xff418583) lb      a1, -12(gp)
core   0: 3 0x800097bc (0xff418583) x11 0xffffffff mem 0x8001d3e5
core   0: 0x800097c0 (0x0131a103) lw      sp, 19(gp)
core   0: 3 0x800097c0 (0x0131a103) x 2 0xff31aa36 mem 0x8001d404
core   0: 0x800097c4 (0x00008b2a) c.mv    s6, a0
core   0: 3 0x800097c4 (0x8b2a) x22 0x00000000
core   0: 0x800097c6 (0xfde191a3) sh      t5, -61(gp)
core   0: 3 0x800097c6 (0xfde191a3) mem 0x8001d3b4 0xcd24
core   0: 0x800097ca (0x3403bcf3) csrrc   s9, mscratch, t2
core   0: 3 0x800097ca (0x3403bcf3) x25 0x8001d3fd c832_mscratch 0x8001d3f9
core   0: 0x800097ce (0x00e68333) add     t1, a3, a4
core   0: 3 0x800097ce (0x00e68333) x 6 0x00000015
core   0: 0x800097d2 (0x00503933) snez    s2, t0
core   0: 3 0x800097d2 (0x00503933) x18 0x00000001
core   0: 0x800097d6 (0x0299e533) rem     a0, s3, s1
core   0: 3 0x800097d6 (0x0299e533) x10 0xffffffdf
core   0: 0x800097da (0x0331ca03) lbu     s4, 51(gp)
core   0: 3 0x800097da (0x0331ca03) x20 0x00000012 mem 0x8001d424
core   0: 0x800097de (0x03e10933) mul     s2, sp, t5
core   0: 3 0x800097de (0x03e10933) x18 0xfcb52d98
core   0: 0x800097e2 (0x01e18f23) sb      t5, 30(gp)
core   0: 3 0x800097e2 (0x01e18f23) mem 0x8001d40f 0x24
core   0: 0x800097e6 (0x00000001) c.nop
core   0: 3 0x800097e6 (0x0001)
core   0: 0x800097e8 (0xfd719c83) lh      s9, -41(gp)
core   0: 3 0x800097e8 (0xfd719c83) x25 0xffffc4d9 mem 0x8001d3c8
core   0: 0x800097ec (0x00000e45) c.addi  t3, 17
core   0: 3 0x800097ec (0x0e45) x28 0x0000001d
core   0: 0x800097ee (0x0064de33) srl     t3, s1, t1
core   0: 3 0x800097ee (0x0064de33) x28 0x00000000
core   0: 0x800097f2 (0x03a1c503) lbu     a0, 58(gp)
core   0: 3 0x800097f2 (0x03a1c503) x10 0x00000000 mem 0x8001d42b
core   0: 0x800097f6 (0xfe618483) lb      s1, -26(gp)
core   0: 3 0x800097f6 (0xfe618483) x 9 0x00000006 mem 0x8001d3d7
core   0: 0x800097fa (0x40965f93) srai    t6, a2, 9
core   0: 3 0x800097fa (0x40965f93) x31 0x00000002
core   0: 0x800097fe (0xfd31cb83) lbu     s7, -45(gp)
core   0: 3 0x800097fe (0xfd31cb83) x23 0x00000035 mem 0x8001d3c4
core   0: 0x80009802 (0x0000717d) c.addi16sp sp, -16
core   0: 3 0x80009802 (0x717d) x 2 0xff31aa26
core   0: 0x80009804 (0x0241c203) lbu     tp, 36(gp)
core   0: 3 0x80009804 (0x0241c203) x 4 0x00000021 mem 0x8001d415
core   0: 0x80009808 (0x00b82fb3) slt     t6, a6, a1
core   0: 3 0x80009808 (0x00b82fb3) x31 0x00000001
core   0: 0x8000980c (0x03618f83) lb      t6, 54(gp)
core   0: 3 0x8000980c (0x03618f83) x31 0x00000040 mem 0x8001d427
core   0: 0x80009810 (0x00000001) c.nop
core   0: 3 0x80009810 (0x0001)
core   0: 0x80009812 (0x022890b3) mulh    ra, a7, sp
core   0: 3 0x80009812 (0x022890b3) x 1 0xffffffff
core   0: 0x80009816 (0x03117d33) remu    s10, sp, a7
core   0: 3 0x80009816 (0x03117d33) x26 0x00000002
core   0: 0x8000981a (0x00001314) c.addi4spn a3, sp, 416
core   0: 3 0x8000981a (0x1314) x13 0xff31abc6
core   0: 0x8000981c (0x02118683) lb      a3, 33(gp)
core   0: 3 0x8000981c (0x02118683) x13 0xfffffff9 mem 0x8001d412
core   0: 0x80009820 (0x00c18b83) lb      s7, 12(gp)
core   0: 3 0x80009820 (0x00c18b83) x23 0xffffffd5 mem 0x8001d3fd
core   0: 0x80009824 (0x0171dc83) lhu     s9, 23(gp)
core   0: 3 0x80009824 (0x0171dc83) x25 0x00001c66 mem 0x8001d408
core   0: 0x80009828 (0x0032e6b3) or      a3, t0, gp
core   0: 3 0x80009828 (0x0032e6b3) x13 0x8003dff5
core   0: 0x8000982c (0x34007173) csrrci  sp, mscratch, 0
core   0: 3 0x8000982c (0x34007173) x 2 0x8001d3f9
core   0: 0x80009830 (0x6b5b6993) ori     s3, s6, 1717
core   0: 3 0x80009830 (0x6b5b6993) x19 0x000006b5
core   0: 0x80009834 (0xfd41c783) lbu     a5, -44(gp)
core   0: 3 0x80009834 (0xfd41c783) x15 0x00000090 mem 0x8001d3c5
core   0: 0x80009838 (0x02cbf0b3) remu    ra, s7, a2
core   0: 3 0x80009838 (0x02cbf0b3) x 1 0x0000035d
core   0: 0x8000983c (0x00c182a3) sb      a2, 5(gp)
core   0: 3 0x8000983c (0x00c182a3) mem 0x8001d3f6 0xb6
core   0: 0x80009840 (0xfdd18783) lb      a5, -35(gp)
core   0: 3 0x80009840 (0xfdd18783) x15 0x00000076 mem 0x8001d3ce
core   0: 0x80009844 (0x000046a1) c.li    a3, 8
core   0: 3 0x80009844 (0x46a1) x13 0x00000008
core   0: 0x80009846 (0x408ad533) sra     a0, s5, s0
core   0: 3 0x80009846 (0x408ad533) x10 0x80013b2e
core   0: 0x8000984a (0x0005a8b3) slt     a7, a1, zero
core   0: 3 0x8000984a (0x0005a8b3) x17 0x00000001
core   0: 0x8000984e (0xe244ac93) slti    s9, s1, -476
core   0: 3 0x8000984e (0xe244ac93) x25 0x00000000
core   0: 0x80009852 (0x34003e73) csrrc   t3, mscratch, zero
core   0: 3 0x80009852 (0x34003e73) x28 0x8001d3f9
core   0: 0x80009856 (0x00004499) c.li    s1, 6
core   0: 3 0x80009856 (0x4499) x 9 0x00000006
core   0: 0x80009858 (0x31728017) auipc   zero, 0x31728
core   0: 3 0x80009858 (0x31728017)
core   0: 0x8000985c (0x00008616) c.mv    a2, t0
core   0: 3 0x8000985c (0x8616) x12 0x80028e74
core   0: 0x8000985e (0x01be5e93) srli    t4, t3, 27
core   0: 3 0x8000985e (0x01be5e93) x29 0x00000010
core   0: 0x80009862 (0x00008c7d) c.and   s0, a5
core   0: 3 0x80009862 (0x8c7d) x 8 0x00000000
core   0: 0x80009864 (0x01caa533) slt     a0, s5, t3
core   0: 3 0x80009864 (0x01caa533) x10 0x00000001
core   0: 0x80009868 (0x021081b3) mul     gp, ra, ra
core   0: 3 0x80009868 (0x021081b3) x 3 0x000b4fc9
core   0: 0x8000986c (0x00008be1) c.andi  a5, 24
core   0: 3 0x8000986c (0x8be1) x15 0x00000010
core   0: 0x8000986e (0xaadd8813) addi    a6, s11, -1363
core   0: 3 0x8000986e (0xaadd8813) x16 0xfffffa55
core   0: 0x80009872 (0x033eedb3) rem     s11, t4, s3
core   0: 3 0x80009872 (0x033eedb3) x27 0x00000010
core   0: 0x80009876 (0x0000834d) c.srli  a4, 19
core   0: 3 0x80009876 (0x834d) x14 0x00000000
core   0: 0x80009878 (0x02c55333) divu    t1, a0, a2
core   0: 3 0x80009878 (0x02c55333) x 6 0x00000000
core   0: 0x8000987c (0x019e7b33) and     s6, t3, s9
core   0: 3 0x8000987c (0x019e7b33) x22 0x00000000
core   0: 0x80009880 (0x000005be) c.slli  a1, 15
core   0: 3 0x80009880 (0x05be) x11 0xffff8000
core   0: 0x80009882 (0x000016ed) c.addi  a3, -5
core   0: 3 0x80009882 (0x16ed) x13 0x00000003
core   0: 0x80009884 (0x01beecb3) or      s9, t4, s11
core   0: 3 0x80009884 (0x01beecb3) x25 0x00000010
core   0: 0x80009888 (0xfe96f2e3) bgeu    a3, s1, pc - 28
core   0: 3 0x80009888 (0xfe96f2e3)
core   0: 0x8000988c (0x00c87a33) and     s4, a6, a2
core   0: 3 0x8000988c (0x00c87a33) x20 0x80028a54
core   0: 0x80009890 (0x00013b17) auipc   s6, 0x13
core   0: 3 0x80009890 (0x00013b17) x22 0x8001c890
core   0: 0x80009894 (0xddfb0b13) addi    s6, s6, -545
core   0: 3 0x80009894 (0xddfb0b13) x22 0x8001c66f
core   0: 0x80009898 (0x340b9173) csrrw   sp, mscratch, s7
core   0: 3 0x80009898 (0x340b9173) x 2 0x8001d3f9 c832_mscratch 0xffffffd5
core   0: 0x8000989c (0xfefb0ca3) sb      a5, -7(s6)
core   0: 3 0x8000989c (0xfefb0ca3) mem 0x8001c668 0x10
core   0: 0x800098a0 (0xd0ca6b93) ori     s7, s4, -756
core   0: 3 0x800098a0 (0xd0ca6b93) x23 0xffffff5c
core   0: 0x800098a4 (0xff4b4983) lbu     s3, -12(s6)
core   0: 3 0x800098a4 (0xff4b4983) x19 0x000000d1 mem 0x8001c663
core   0: 0x800098a8 (0x030e9433) mulh    s0, t4, a6
core   0: 3 0x800098a8 (0x030e9433) x 8 0xffffffff
core   0: 0x800098ac (0x0282fd33) remu    s10, t0, s0
core   0: 3 0x800098ac (0x0282fd33) x26 0x80028e74
core   0: 0x800098b0 (0x009b5783) lhu     a5, 9(s6)
core   0: 3 0x800098b0 (0x009b5783) x15 0x00009472 mem 0x8001c678
core   0: 0x800098b4 (0x03628e33) mul     t3, t0, s6
core   0: 3 0x800098b4 (0x03628e33) x28 0x09bd7c4c
core   0: 0x800098b8 (0x000086ad) c.srai  a3, 11
core   0: 3 0x800098b8 (0x86ad) x13 0x00000000
core   0: 0x800098ba (0xff7b1583) lh      a1, -9(s6)
core   0: 3 0x800098ba (0xff7b1583) x11 0xffff8804 mem 0x8001c666
core   0: 0x800098be (0x01d0e6b3) or      a3, ra, t4
core   0: 3 0x800098be (0x01d0e6b3) x13 0x0000035d
core   0: 0x800098c2 (0x00fe5c13) srli    s8, t3, 15
core   0: 3 0x800098c2 (0x00fe5c13) x24 0x0000137a
core   0: 0x800098c6 (0xfe9b0ba3) sb      s1, -9(s6)
core   0: 3 0x800098c6 (0xfe9b0ba3) mem 0x8001c666 0x6
core   0: 0x800098ca (0x0340f133) remu    sp, ra, s4
core   0: 3 0x800098ca (0x0340f133) x 2 0x0000035d
core   0: 0x800098ce (0xffeb08a3) sb      t5, -15(s6)
core   0: 3 0x800098ce (0xffeb08a3) mem 0x8001c660 0x24
core   0: 0x800098d2 (0x01eb05a3) sb      t5, 11(s6)
core   0: 3 0x800098d2 (0x01eb05a3) mem 0x8001c67a 0x24
core   0: 0x800098d6 (0x004b0903) lb      s2, 4(s6)
core   0: 3 0x800098d6 (0x004b0903) x18 0xffffffb2 mem 0x8001c673
core   0: 0x800098da (0x014b02a3) sb      s4, 5(s6)
core   0: 3 0x800098da (0x014b02a3) mem 0x8001c674 0x54
core   0: 0x800098de (0x00ab0503) lb      a0, 10(s6)
core   0: 3 0x800098de (0x00ab0503) x10 0xffffff94 mem 0x8001c679
core   0: 0x800098e2 (0x014b01a3) sb      s4, 3(s6)
core   0: 3 0x800098e2 (0x014b01a3) mem 0x8001c672 0x54
core   0: 0x800098e6 (0x00bb4083) lbu     ra, 11(s6)
core   0: 3 0x800098e6 (0x00bb4083) x 1 0x00000024 mem 0x8001c67a
core   0: 0x800098ea (0x0000100f) fence.i
core   0: 3 0x800098ea (0x0000100f)
core   0: 0x800098ee (0x00fb1703) lh      a4, 15(s6)
core   0: 3 0x800098ee (0x00fb1703) x14 0xffff87a8 mem 0x8001c67e
core   0: 0x800098f2 (0xff1b0823) sb      a7, -16(s6)
core   0: 3 0x800098f2 (0xff1b0823) mem 0x8001c65f 0x1
core   0: 0x800098f6 (0xff7b5883) lhu     a7, -9(s6)
core   0: 3 0x800098f6 (0xff7b5883) x17 0x00008806 mem 0x8001c666
core   0: 0x800098fa (0x001b1783) lh      a5, 1(s6)
core   0: 3 0x800098fa (0x001b1783) x15 0xffffb848 mem 0x8001c670
core   0: 0x800098fe (0x0001a697) auipc   a3, 0x1a
core   0: 3 0x800098fe (0x0001a697) x13 0x800238fe
core   0: 0x80009902 (0x77e68693) addi    a3, a3, 1918
core   0: 3 0x80009902 (0x77e68693) x13 0x8002407c
core   0: 0x80009906 (0x02f00733) mul     a4, zero, a5
core   0: 3 0x80009906 (0x02f00733) x14 0x00000000
core   0: 0x8000990a (0x0079d5b3) srl     a1, s3, t2
core   0: 3 0x8000990a (0x0079d5b3) x11 0x00000003
core   0: 0x8000990e (0x1406a52f) lr.w    a0, (a3)
core   0: 3 0x8000990e (0x1406a52f) x10 0x0000c040 mem 0x8002407c
core   0: 0x80009912 (0x1826a7af) sc.w    a5, sp, (a3)
core   0: 3 0x80009912 (0x1826a7af) x15 0x00000000 mem 0x8002407c 0x0000035d
core   0: 0x80009916 (0x0120066f) jal     a2, pc + 0x12
core   0: 3 0x80009916 (0x0120066f) x12 0x8000991a
core   0: 0x80009928 (0x00002819) c.jal   pc + 22
core   0: 3 0x80009928 (0x2819) x 1 0x8000992a
core   0: 0x8000993e (0x00003fe5) c.jal   pc - 8
core   0: 3 0x8000993e (0x3fe5) x 1 0x80009940
core   0: 0x80009936 (0x00002009) c.jal   pc + 2
core   0: 3 0x80009936 (0x2009) x 1 0x80009938
core   0: 0x80009938 (0xfefff0ef) jal     pc - 0x12
core   0: 3 0x80009938 (0xfefff0ef) x 1 0x8000993c
core   0: 0x80009926 (0x0000a021) c.j     pc + 8
core   0: 3 0x80009926 (0xa021)
core   0: 0x8000992e (0x00002011) c.jal   pc + 4
core   0: 3 0x8000992e (0x2011) x 1 0x80009930
core   0: 0x80009932 (0xff9ff0ef) jal     pc - 0x8
core   0: 3 0x80009932 (0xff9ff0ef) x 1 0x80009936
core   0: 0x8000992a (0x0060036f) jal     t1, pc + 0x6
core   0: 3 0x8000992a (0x0060036f) x 6 0x8000992e
core   0: 0x80009930 (0x000037ed) c.jal   pc - 22
core   0: 3 0x80009930 (0x37ed) x 1 0x80009932
core   0: 0x8000991a (0x0000200d) c.jal   pc + 34
core   0: 3 0x8000991a (0x200d) x 1 0x8000991c
core   0: 0x8000993c (0x0000b7cd) c.j     pc - 30
core   0: 3 0x8000993c (0xb7cd)
core   0: 0x8000991e (0x004004ef) jal     s1, pc + 0x4
core   0: 3 0x8000991e (0x004004ef) x 9 0x80009922
core   0: 0x80009922 (0xffbff0ef) jal     pc - 0x6
core   0: 3 0x80009922 (0xffbff0ef) x 1 0x80009926
core   0: 0x8000991c (0x00002015) c.jal   pc + 36
core   0: 3 0x8000991c (0x2015) x 1 0x8000991e
core   0: 0x80009940 (0x00006135) c.addi16sp sp, 352
core   0: 3 0x80009940 (0x6135) x 2 0x000004bd
core   0: 0x80009942 (0x0001ac97) auipc   s9, 0x1a
core   0: 3 0x80009942 (0x0001ac97) x25 0x80023942
core   0: 0x80009946 (0x716c8c93) addi    s9, s9, 1814
core   0: 3 0x80009946 (0x716c8c93) x25 0x80024058
core   0: 0x8000994a (0x00ca25b3) slt     a1, s4, a2
core   0: 3 0x8000994a (0x00ca25b3) x11 0x00000000
core   0: 0x8000994e (0x340aaff3) csrrs   t6, mscratch, s5
core   0: 3 0x8000994e (0x340aaff3) x31 0xffffffd5 c832_mscratch 0xffffffff
core   0: 0x80009952 (0x00000284) c.addi4spn s1, sp, 320
core   0: 3 0x80009952 (0x0284) x 9 0x000005fd
core   0: 0x80009954 (0x00000001) c.nop
core   0: 3 0x80009954 (0x0001)
core   0: 0x80009956 (0x3405a973) csrrs   s2, mscratch, a1
core   0: 3 0x80009956 (0x3405a973) x18 0xffffffff c832_mscratch 0xffffffff
core   0: 0x8000995a (0x340030f3) csrrc   ra, mscratch, zero
core   0: 3 0x8000995a (0x340030f3) x 1 0xffffffff
core   0: 0x8000995e (0x0000147d) c.addi  s0, -1
core   0: 3 0x8000995e (0x147d) x 8 0xfffffffe
core   0: 0x80009960 (0x00342a33) slt     s4, s0, gp
core   0: 3 0x80009960 (0x00342a33) x20 0x00000001
core   0: 0x80009964 (0x00008ea5) c.xor   a3, s1
core   0: 3 0x80009964 (0x8ea5) x13 0x80024581
core   0: 0x80009966 (0x120cae2f) lr.w    t3, (s9)
core   0: 3 0x80009966 (0x120cae2f) x28 0x0000bfbe mem 0x80024058
core   0: 0x8000996a (0x1dbcaa2f) sc.w    s4, s11, (s9)
core   0: 3 0x8000996a (0x1dbcaa2f) x20 0x00000000 mem 0x80024058 0x00000010
core   0: 0x8000996e (0x0001a797) auipc   a5, 0x1a
core   0: 3 0x8000996e (0x0001a797) x15 0x8002396e
core   0: 0x80009972 (0x6f678793) addi    a5, a5, 1782
core   0: 3 0x80009972 (0x6f678793) x15 0x80024064
core   0: 0x80009976 (0x0001a697) auipc   a3, 0x1a
core   0: 3 0x80009976 (0x0001a697) x13 0x80023976
core   0: 0x8000997a (0x70a68693) addi    a3, a3, 1802
core   0: 3 0x8000997a (0x70a68693) x13 0x80024080
core   0: 0x8000997e (0x0001a317) auipc   t1, 0x1a
core   0: 3 0x8000997e (0x0001a317) x 6 0x8002397e
core   0: 0x80009982 (0x6d630313) addi    t1, t1, 1750
core   0: 3 0x80009982 (0x6d630313) x 6 0x80024054
core   0: 0x80009986 (0x0001ad17) auipc   s10, 0x1a
core   0: 3 0x80009986 (0x0001ad17) x26 0x80023986
core   0: 0x8000998a (0x6c2d0d13) addi    s10, s10, 1730
core   0: 3 0x8000998a (0x6c2d0d13) x26 0x80024048
core   0: 0x8000998e (0xa53d242f) amomax.w s0, s3, (s10)
core   0: 3 0x8000998e (0xa53d242f) x 8 0xffffffff mem 0x80024048 mem 0x80024048 0x000000d1
core   0: 0x80009992 (0x0ff0000f) fence   iorw,iorw
core   0: 3 0x80009992 (0x0ff0000f)
core   0: 0x80009996 (0x00008d05) c.sub   a0, s1
core   0: 3 0x80009996 (0x8d05) x10 0x0000ba43
core   0: 0x80009998 (0x00000001) c.nop
core   0: 3 0x80009998 (0x0001)
core   0: 0x8000999a (0xc0c7a12f) amominu.w sp, a2, (a5)
core   0: 3 0x8000999a (0xc0c7a12f) x 2 0x80013b2e mem 0x80024064 mem 0x80024064 0x8000991a
core   0: 0x8000999e (0x0245d233) divu    tp, a1, tp
core   0: 3 0x8000999e (0x0245d233) x 4 0x00000000
core   0: 0x800099a2 (0x81c3202f) amomin.w zero, t3, (t1)
core   0: 3 0x800099a2 (0x81c3202f) mem 0x80024054 mem 0x80024054 0x80024064
core   0: 0x800099a6 (0x20ed262f) amoxor.w a2, a4, (s10)
core   0: 3 0x800099a6 (0x20ed262f) x12 0x000000d1 mem 0x80024048 mem 0x80024048 0x000000d1
core   0: 0x800099aa (0x00008225) c.srli  a2, 9
core   0: 3 0x800099aa (0x8225) x12 0x00000000
core   0: 0x800099ac (0x02aa7cb3) remu    s9, s4, a0
core   0: 3 0x800099ac (0x02aa7cb3) x25 0x00000000
core   0: 0x800099b0 (0xa2aa0f93) addi    t6, s4, -1494
core   0: 3 0x800099b0 (0xa2aa0f93) x31 0xfffffa2a
core   0: 0x800099b4 (0xe4b6abaf) amomaxu.w s7, a1, (a3)
core   0: 3 0x800099b4 (0xe4b6abaf) x23 0x8002cd24 mem 0x80024080 mem 0x80024080 0x8002cd24
core   0: 0x800099b8 (0x80a324af) amomin.w s1, a0, (t1)
core   0: 3 0x800099b8 (0x80a324af) x 9 0x80024064 mem 0x80024054 mem 0x80024054 0x80024064
core   0: 0x800099bc (0x216320af) amoxor.w ra, s6, (t1)
core   0: 3 0x800099bc (0x216320af) x 1 0x80024064 mem 0x80024054 mem 0x80024054 0x0003860b
core   0: 0x800099c0 (0xe02328af) amomaxu.w a7, sp, (t1)
core   0: 3 0x800099c0 (0xe02328af) x17 0x0003860b mem 0x80024054 mem 0x80024054 0x80013b2e
core   0: 0x800099c4 (0x01fabc33) sltu    s8, s5, t6
core   0: 3 0x800099c4 (0x01fabc33) x24 0x00000001
core   0: 0x800099c8 (0x0867a4af) amoswap.w s1, t1, (a5)
core   0: 3 0x800099c8 (0x0867a4af) x 9 0x8000991a mem 0x80024064 mem 0x80024064 0x80024054
core   0: 0x800099cc (0x0220066f) jal     a2, pc + 0x22
core   0: 3 0x800099cc (0x0220066f) x12 0x800099d0
core   0: 0x800099ee (0xfe7ff0ef) jal     pc - 0x1a
core   0: 3 0x800099ee (0xfe7ff0ef) x 1 0x800099f2
core   0: 0x800099d4 (0x00002005) c.jal   pc + 32
core   0: 3 0x800099d4 (0x2005) x 1 0x800099d6
core   0: 0x800099f4 (0xfe5ff36f) jal     t1, pc - 0x1c
core   0: 3 0x800099f4 (0xfe5ff36f) x 6 0x800099f8
core   0: 0x800099d8 (0x004000ef) jal     pc + 0x4
core   0: 3 0x800099d8 (0x004000ef) x 1 0x800099dc
core   0: 0x800099dc (0x0000bfd5) c.j     pc - 12
core   0: 3 0x800099dc (0xbfd5)
core   0: 0x800099d0 (0x00002811) c.jal   pc + 20
core   0: 3 0x800099d0 (0x2811) x 1 0x800099d2
core   0: 0x800099e4 (0x0000a811) c.j     pc + 20
core   0: 3 0x800099e4 (0xa811)
core   0: 0x800099f8 (0x0000bfd5) c.j     pc - 12
core   0: 3 0x800099f8 (0xbfd5)
core   0: 0x800099ec (0x0000a819) c.j     pc + 22
core   0: 3 0x800099ec (0xa819)
core   0: 0x80009a02 (0x0000b7d5) c.j     pc - 28
core   0: 3 0x80009a02 (0xb7d5)
core   0: 0x800099e6 (0x016000ef) jal     pc + 0x16
core   0: 3 0x800099e6 (0x016000ef) x 1 0x800099ea
core   0: 0x800099fc (0x000037d5) c.jal   pc - 28
core   0: 3 0x800099fc (0x37d5) x 1 0x800099fe
core   0: 0x800099e0 (0x01a000ef) jal     pc + 0x1a
core   0: 3 0x800099e0 (0x01a000ef) x 1 0x800099e4
core   0: 0x800099fa (0x0000bff1) c.j     pc - 36
core   0: 3 0x800099fa (0xbff1)
core   0: 0x800099d6 (0x0000a831) c.j     pc + 28
core   0: 3 0x800099d6 (0xa831)
core   0: 0x800099f2 (0x000037c5) c.jal   pc - 32
core   0: 3 0x800099f2 (0x37c5) x 1 0x800099f4
core   0: 0x800099d2 (0x0000a821) c.j     pc + 24
core   0: 3 0x800099d2 (0xa821)
core   0: 0x800099ea (0x0000bfd5) c.j     pc - 12
core   0: 3 0x800099ea (0xbfd5)
core   0: 0x800099de (0x00002005) c.jal   pc + 32
core   0: 3 0x800099de (0x2005) x 1 0x800099e0
core   0: 0x800099fe (0x006000ef) jal     pc + 0x6
core   0: 3 0x800099fe (0x006000ef) x 1 0x80009a02
core   0: 0x80009a04 (0x406c8eb3) sub     t4, s9, t1
core   0: 3 0x80009a04 (0x406c8eb3) x29 0x7fff6608
core   0: 0x80009a08 (0x00017117) auipc   sp, 0x17
core   0: 3 0x80009a08 (0x00017117) x 2 0x80020a08
core   0: 0x80009a0c (0x79310113) addi    sp, sp, 1939
core   0: 3 0x80009a0c (0x79310113) x 2 0x8002119b
core   0: 0x80009a10 (0x00d83e33) sltu    t3, a6, a3
core   0: 3 0x80009a10 (0x00d83e33) x28 0x00000000
core   0: 0x80009a14 (0x06b12ea3) sw      a1, 125(sp)
core   0: 3 0x80009a14 (0x06b12ea3) mem 0x80021218 0x00000000
core   0: 0x80009a18 (0x340075f3) csrrci  a1, mscratch, 0
core   0: 3 0x80009a18 (0x340075f3) x11 0xffffffff
core   0: 0x80009a1c (0x0e010183) lb      gp, 224(sp)
core   0: 3 0x80009a1c (0x0e010183) x 3 0xffffffa5 mem 0x8002127b
core   0: 0x80009a20 (0x00008e25) c.xor   a2, s1
core   0: 3 0x80009a20 (0x8e25) x12 0x000000ca
core   0: 0x80009a22 (0x00fab433) sltu    s0, s5, a5
core   0: 3 0x80009a22 (0x00fab433) x 8 0x00000001
core   0: 0x80009a26 (0x01281913) slli    s2, a6, 18
core   0: 3 0x80009a26 (0x01281913) x18 0xe9540000
core   0: 0x80009a2a (0x0d611da3) sh      s6, 219(sp)
core   0: 3 0x80009a2a (0x0d611da3) mem 0x80021276 0xc66f
core   0: 0x80009a2e (0x0000819d) c.srli  a1, 7
core   0: 3 0x80009a2e (0x819d) x11 0x01ffffff
core   0: 0x80009a30 (0xf5c103a3) sb      t3, -185(sp)
core   0: 3 0x80009a30 (0xf5c103a3) mem 0x800210e2 0x0
core   0: 0x80009a34 (0xf0e10d03) lb      s10, -242(sp)
core   0: 3 0x80009a34 (0xf0e10d03) x26 0xffffffb3 mem 0x800210a9
core   0: 0x80009a38 (0xf5f10ba3) sb      t6, -169(sp)
core   0: 3 0x80009a38 (0xf5f10ba3) mem 0x800210f2 0x2a
core   0: 0x80009a3c (0x0fe14083) lbu     ra, 254(sp)
core   0: 3 0x80009a3c (0x0fe14083) x 1 0x00000014 mem 0x80021299
core   0: 0x80009a40 (0xff410aa3) sb      s4, -11(sp)
core   0: 3 0x80009a40 (0xff410aa3) mem 0x80021190 0x0
core   0: 0x80009a44 (0x0303e9b3) rem     s3, t2, a6
core   0: 3 0x80009a44 (0x0303e9b3) x19 0x00000006
core   0: 0x80009a48 (0x08414b03) lbu     s6, 132(sp)
core   0: 3 0x80009a48 (0x08414b03) x22 0x000000da mem 0x8002121f
core   0: 0x80009a4c (0x53022c93) slti    s9, tp, 1328
core   0: 3 0x80009a4c (0x53022c93) x25 0x00000001
core   0: 0x80009a50 (0x01692c33) slt     s8, s2, s6
core   0: 3 0x80009a50 (0x01692c33) x24 0x00000001
core   0: 0x80009a54 (0x34016b73) csrrsi  s6, mscratch, 2
core   0: 3 0x80009a54 (0x34016b73) x22 0xffffffff c832_mscratch 0xffffffff
core   0: 0x80009a58 (0xff114d03) lbu     s10, -15(sp)
core   0: 3 0x80009a58 (0xff114d03) x26 0x000000ff mem 0x8002118c
core   0: 0x80009a5c (0xf8f15583) lhu     a1, -113(sp)
core   0: 3 0x80009a5c (0xf8f15583) x11 0x0000d106 mem 0x8002112a
core   0: 0x80009a60 (0xf6911183) lh      gp, -151(sp)
core   0: 3 0x80009a60 (0xf6911183) x 3 0xffffe067 mem 0x80021104
core   0: 0x80009a64 (0xf6b13b93) sltiu   s7, sp, -149
core   0: 3 0x80009a64 (0xf6b13b93) x23 0x00000001
core   0: 0x80009a68 (0x0ff0000f) fence   iorw,iorw
core   0: 3 0x80009a68 (0x0ff0000f)
core   0: 0x80009a6c (0x00008f71) c.and   a4, a2
core   0: 3 0x80009a6c (0x8f71) x14 0x00000000
core   0: 0x80009a6e (0x10a10023) sb      a0, 256(sp)
core   0: 3 0x80009a6e (0x10a10023) mem 0x8002129b 0x43
core   0: 0x80009a72 (0x03310d03) lb      s10, 51(sp)
core   0: 3 0x80009a72 (0x03310d03) x26 0xffffffaf mem 0x800211ce
core   0: 0x80009a76 (0x01255633) srl     a2, a0, s2
core   0: 3 0x80009a76 (0x01255633) x12 0x0000ba43
core   0: 0x80009a7a (0xf4814083) lbu     ra, -184(sp)
core   0: 3 0x80009a7a (0xf4814083) x 1 0x00000005 mem 0x800210e3
core   0: 0x80009a7e (0xfa710f83) lb      t6, -89(sp)
core   0: 3 0x80009a7e (0xfa710f83) x31 0xffffffa5 mem 0x80021142
core   0: 0x80009a82 (0x00c10f23) sb      a2, 30(sp)
core   0: 3 0x80009a82 (0x00c10f23) mem 0x800211b9 0x43
core   0: 0x80009a86 (0x6bd53613) sltiu   a2, a0, 1725
core   0: 3 0x80009a86 (0x6bd53613) x12 0x00000000
core   0: 0x80009a8a (0x019f2433) slt     s0, t5, s9
core   0: 3 0x80009a8a (0x019f2433) x 8 0x00000001
core   0: 0x80009a8e (0x03a10083) lb      ra, 58(sp)
core   0: 3 0x80009a8e (0x03a10083) x 1 0xffffffd8 mem 0x800211d5
core   0: 0x80009a92 (0x08710ba3) sb      t2, 151(sp)
core   0: 3 0x80009a92 (0x08710ba3) mem 0x80021232 0x6
core   0: 0x80009a96 (0x0000a117) auipc   sp, 0xa
core   0: 3 0x80009a96 (0x0000a117) x 2 0x80013a96
core   0: 0x80009a9a (0x53b10113) addi    sp, sp, 1339
core   0: 3 0x80009a9a (0x53b10113) x 2 0x80013fd1
core   0: 0x80009a9e (0x00008f01) c.sub   a4, s0
core   0: 3 0x80009a9e (0x8f01) x14 0xffffffff
core   0: 0x80009aa0 (0x01d10623) sb      t4, 12(sp)
core   0: 3 0x80009aa0 (0x01d10623) mem 0x80013fdd 0x8
core   0: 0x80009aa4 (0xff511fa3) sh      s5, -1(sp)
core   0: 3 0x80009aa4 (0xff511fa3) mem 0x80013fd0 0x3b2e
core   0: 0x80009aa8 (0x017e9713) slli    a4, t4, 23
core   0: 3 0x80009aa8 (0x017e9713) x14 0x04000000
core   0: 0x80009aac (0xff310403) lb      s0, -13(sp)
core   0: 3 0x80009aac (0xff310403) x 8 0x00000072 mem 0x80013fc4
core   0: 0x80009ab0 (0x006ef433) and     s0, t4, t1
core   0: 3 0x80009ab0 (0x006ef433) x 8 0x00000008
core   0: 0x80009ab4 (0x00e32333) slt     t1, t1, a4
core   0: 3 0x80009ab4 (0x00e32333) x 6 0x00000001
core   0: 0x80009ab8 (0x00004c5d) c.li    s8, 23
core   0: 3 0x80009ab8 (0x4c5d) x24 0x00000017
core   0: 0x80009aba (0x015123a3) sw      s5, 7(sp)
core   0: 3 0x80009aba (0x015123a3) mem 0x80013fd8 0x80013b2e
core   0: 0x80009abe (0x01872eb3) slt     t4, a4, s8
core   0: 3 0x80009abe (0x01872eb3) x29 0x00000000
core   0: 0x80009ac2 (0x41645313) srai    t1, s0, 22
core   0: 3 0x80009ac2 (0x41645313) x 6 0x00000000
core   0: 0x80009ac6 (0x00008f01) c.sub   a4, s0
core   0: 3 0x80009ac6 (0x8f01) x14 0x03fffff8
core   0: 0x80009ac8 (0xff814703) lbu     a4, -8(sp)
core   0: 3 0x80009ac8 (0xff814703) x14 0x000000ec mem 0x80013fc9
core   0: 0x80009acc (0x8d1aea93) ori     s5, s5, -1839
core   0: 3 0x80009acc (0x8d1aea93) x21 0xfffffbff
core   0: 0x80009ad0 (0x00814303) lbu     t1, 8(sp)
core   0: 3 0x80009ad0 (0x00814303) x 6 0x0000003b mem 0x80013fd9
core   0: 0x80009ad4 (0x01573c33) sltu    s8, a4, s5
core   0: 3 0x80009ad4 (0x01573c33) x24 0x00000001
core   0: 0x80009ad8 (0xfe811ca3) sh      s0, -7(sp)
core   0: 3 0x80009ad8 (0xfe811ca3) mem 0x80013fca 0x0008
core   0: 0x80009adc (0x01543733) sltu    a4, s0, s5
core   0: 3 0x80009adc (0x01543733) x14 0x00000001
core   0: 0x80009ae0 (0x00000001) c.nop
core   0: 3 0x80009ae0 (0x0001)
core   0: 0x80009ae2 (0x00005c7d) c.li    s8, -1
core   0: 3 0x80009ae2 (0x5c7d) x24 0xffffffff
core   0: 0x80009ae4 (0xff210403) lb      s0, -14(sp)
core   0: 3 0x80009ae4 (0xff210403) x 8 0x0000000c mem 0x80013fc3
core   0: 0x80009ae8 (0x03532ab3) mulhsu  s5, t1, s5
core   0: 3 0x80009ae8 (0x03532ab3) x21 0x0000003a
core   0: 0x80009aec (0x9a6c4313) xori    t1, s8, -1626
core   0: 3 0x80009aec (0x9a6c4313) x 6 0x00000659
core   0: 0x80009af0 (0x00008f21) c.xor   a4, s0
core   0: 3 0x80009af0 (0x8f21) x14 0x0000000d
core   0: 0x80009af2 (0x00610723) sb      t1, 14(sp)
core   0: 3 0x80009af2 (0x00610723) mem 0x80013fdf 0x59
core   0: 0x80009af6 (0x00ec1733) sll     a4, s8, a4
core   0: 3 0x80009af6 (0x00ec1733) x14 0xffffe000
core   0: 0x80009afa (0xe72eac13) slti    s8, t4, -398
core   0: 3 0x80009afa (0xe72eac13) x24 0x00000000
core   0: 0x80009afe (0x00e35333) srl     t1, t1, a4
core   0: 3 0x80009afe (0x00e35333) x 6 0x00000659
core   0: 0x80009b02 (0x006abab3) sltu    s5, s5, t1
core   0: 3 0x80009b02 (0x006abab3) x21 0x00000001
core   0: 0x80009b06 (0xfee10c23) sb      a4, -8(sp)
core   0: 3 0x80009b06 (0xfee10c23) mem 0x80013fc9 0x0
core   0: 0x80009b0a (0x018111a3) sh      s8, 3(sp)
core   0: 3 0x80009b0a (0x018111a3) mem 0x80013fd4 0x0000
core   0: 0x80009b0e (0x03dafeb3) remu    t4, s5, t4
core   0: 3 0x80009b0e (0x03dafeb3) x29 0x00000001
core   0: 0x80009b12 (0x00000001) c.nop
core   0: 3 0x80009b12 (0x0001)
core   0: 0x80009b14 (0x00000c7d) c.addi  s8, 31
core   0: 3 0x80009b14 (0x0c7d) x24 0x0000001f
core   0: 0x80009b16 (0x34007c73) csrrci  s8, mscratch, 0
core   0: 3 0x80009b16 (0x34007c73) x24 0xffffffff
core   0: 0x80009b1a (0x018113a3) sh      s8, 7(sp)
core   0: 3 0x80009b1a (0x018113a3) mem 0x80013fd8 0xffff
core   0: 0x80009b1e (0xcb0f3417) auipc   s0, 0xcb0f3
core   0: 3 0x80009b1e (0xcb0f3417) x 8 0x4b0fcb1e
core   0: 0x80009b22 (0xff614a83) lbu     s5, -10(sp)
core   0: 3 0x80009b22 (0xff614a83) x21 0x000000b9 mem 0x80013fc7
core   0: 0x80009b26 (0x340dec73) csrrsi  s8, mscratch, 27
core   0: 3 0x80009b26 (0x340dec73) x24 0xffffffff c832_mscratch 0xffffffff
core   0: 0x80009b2a (0x00000001) c.nop
core   0: 3 0x80009b2a (0x0001)
core   0: 0x80009b2c (0x03d30c33) mul     s8, t1, t4
core   0: 3 0x80009b2c (0x03d30c33) x24 0x00000659
core   0: 0x80009b30 (0x0000100f) fence.i
core   0: 3 0x80009b30 (0x0000100f)
core   0: 0x80009b34 (0xd7bee413) ori     s0, t4, -645
core   0: 3 0x80009b34 (0xd7bee413) x 8 0xfffffd7b
core   0: 0x80009b38 (0xff711303) lh      t1, -9(sp)
core   0: 3 0x80009b38 (0xff711303) x 6 0x000000a3 mem 0x80013fc8
core   0: 0x80009b3c (0x00009117) auipc   sp, 0x9
core   0: 3 0x80009b3c (0x00009117) x 2 0x80012b3c
core   0: 0x80009b40 (0x51e10113) addi    sp, sp, 1310
core   0: 3 0x80009b40 (0x51e10113) x 2 0x8001305a
core   0: 0x80009b44 (0x04c11483) lh      s1, 76(sp)
core   0: 3 0x80009b44 (0x04c11483) x 9 0x00003fb5 mem 0x800130a6
core   0: 0x80009b48 (0x09e10c83) lb      s9, 158(sp)
core   0: 3 0x80009b48 (0x09e10c83) x25 0xffffffca mem 0x800130f8
core   0: 0x80009b4c (0x33386493) ori     s1, a6, 819
core   0: 3 0x80009b4c (0x33386493) x 9 0xfffffb77
core   0: 0x80009b50 (0x00004571) c.li    a0, 28
core   0: 3 0x80009b50 (0x4571) x10 0x0000001c
core   0: 0x80009b52 (0x545a8c97) auipc   s9, 0x545a8
core   0: 3 0x80009b52 (0x545a8c97) x25 0xd45b1b52
core   0: 0x80009b56 (0x40bc8e33) sub     t3, s9, a1
core   0: 3 0x80009b56 (0x40bc8e33) x28 0xd45a4a4c
core   0: 0x80009b5a (0x419e0e33) sub     t3, t3, s9
core   0: 3 0x80009b5a (0x419e0e33) x28 0xffff2efa
core   0: 0x80009b5e (0x0000100f) fence.i
core   0: 3 0x80009b5e (0x0000100f)
core   0: 0x80009b62 (0x0d012b23) sw      a6, 214(sp)
core   0: 3 0x80009b62 (0x0d012b23) mem 0x80013130 0xfffffa55
core   0: 0x80009b66 (0x0f015c83) lhu     s9, 240(sp)
core   0: 3 0x80009b66 (0x0f015c83) x25 0x0000f12f mem 0x8001314a
core   0: 0x80009b6a (0x06911023) sh      s1, 96(sp)
core   0: 3 0x80009b6a (0x06911023) mem 0x800130ba 0xfb77
core   0: 0x80009b6e (0x00e12583) lw      a1, 14(sp)
core   0: 3 0x80009b6e (0x00e12583) x11 0xd4a8443b mem 0x80013068
core   0: 0x80009b72 (0x03083833) mulhu   a6, a6, a6
core   0: 3 0x80009b72 (0x03083833) x16 0xfffff4aa
core   0: 0x80009b76 (0x02a4acb3) mulhsu  s9, s1, a0
core   0: 3 0x80009b76 (0x02a4acb3) x25 0xffffffff
core   0: 0x80009b7a (0xfef10e03) lb      t3, -17(sp)
core   0: 3 0x80009b7a (0xfef10e03) x28 0xffffff9c mem 0x80013049
core   0: 0x80009b7e (0x00008ccd) c.or    s1, a1
core   0: 3 0x80009b7e (0x8ccd) x 9 0xffffff7f
core   0: 0x80009b80 (0x0aa11803) lh      a6, 170(sp)
core   0: 3 0x80009b80 (0x0aa11803) x16 0x00002612 mem 0x80013104
core   0: 0x80009b84 (0x34059e73) csrrw   t3, mscratch, a1
core   0: 3 0x80009b84 (0x34059e73) x28 0xffffffff c832_mscratch 0xd4a8443b
core   0: 0x80009b88 (0xff710503) lb      a0, -9(sp)
core   0: 3 0x80009b88 (0xff710503) x10 0xffffffbd mem 0x80013051
core   0: 0x80009b8c (0x0194c833) xor     a6, s1, s9
core   0: 3 0x80009b8c (0x0194c833) x16 0x00000080
core   0: 0x80009b90 (0x0f0108a3) sb      a6, 241(sp)
core   0: 3 0x80009b90 (0x0f0108a3) mem 0x8001314b 0x80
core   0: 0x80009b94 (0x000080c9) c.srli  s1, 18
core   0: 3 0x80009b94 (0x80c9) x 9 0x00003fff
core   0: 0x80009b96 (0x01c11583) lh      a1, 28(sp)
core   0: 3 0x80009b96 (0x01c11583) x11 0x0000735e mem 0x80013076
core   0: 0x80009b9a (0x06a10fa3) sb      a0, 127(sp)
core   0: 3 0x80009b9a (0x06a10fa3) mem 0x800130d9 0xbd
core   0: 0x80009b9e (0x07410803) lb      a6, 116(sp)
core   0: 3 0x80009b9e (0x07410803) x16 0xffffff85 mem 0x800130ce
core   0: 0x80009ba2 (0x000084fd) c.srai  s1, 31
core   0: 3 0x80009ba2 (0x84fd) x 9 0x00000000
core   0: 0x80009ba4 (0x00008981) c.andi  a1, 0
core   0: 3 0x80009ba4 (0x8981) x11 0x00000000
core   0: 0x80009ba6 (0x0a214503) lbu     a0, 162(sp)
core   0: 3 0x80009ba6 (0x0a214503) x10 0x00000069 mem 0x800130fc
core   0: 0x80009baa (0x02e14803) lbu     a6, 46(sp)
core   0: 3 0x80009baa (0x02e14803) x16 0x00000096 mem 0x80013088
core   0: 0x80009bae (0x02a4dcb3) divu    s9, s1, a0
core   0: 3 0x80009bae (0x02a4dcb3) x25 0x00000000
core   0: 0x80009bb2 (0xfea10aa3) sb      a0, -11(sp)
core   0: 3 0x80009bb2 (0xfea10aa3) mem 0x8001304f 0x69
core   0: 0x80009bb6 (0x0df10583) lb      a1, 223(sp)
core   0: 3 0x80009bb6 (0x0df10583) x11 0x0000004e mem 0x80013139
core   0: 0x80009bba (0x059108a3) sb      s9, 81(sp)
core   0: 3 0x80009bba (0x059108a3) mem 0x800130ab 0x0
core   0: 0x80009bbe (0x07c11923) sh      t3, 114(sp)
core   0: 3 0x80009bbe (0x07c11923) mem 0x800130cc 0xffff
core   0: 0x80009bc2 (0x08610e03) lb      t3, 134(sp)
core   0: 3 0x80009bc2 (0x08610e03) x28 0x00000010 mem 0x800130e0
core   0: 0x80009bc6 (0x06611583) lh      a1, 102(sp)
core   0: 3 0x80009bc6 (0x06611583) x11 0x00004f05 mem 0x800130c0
core   0: 0x80009bca (0x03983cb3) mulhu   s9, a6, s9
core   0: 3 0x80009bca (0x03983cb3) x25 0x00000000
core   0: 0x80009bce (0x00008911) c.andi  a0, 4
core   0: 3 0x80009bce (0x8911) x10 0x00000000
core   0: 0x80009bd0 (0x0394f533) remu    a0, s1, s9
core   0: 3 0x80009bd0 (0x0394f533) x10 0x00000000
core   0: 0x80009bd4 (0x01615483) lhu     s1, 22(sp)
core   0: 3 0x80009bd4 (0x01615483) x 9 0x000059d5 mem 0x80013070
core   0: 0x80009bd8 (0x340e1573) csrrw   a0, mscratch, t3
core   0: 3 0x80009bd8 (0x340e1573) x10 0xd4a8443b c832_mscratch 0x00000010
core   0: 0x80009bdc (0x3402ee73) csrrsi  t3, mscratch, 5
core   0: 3 0x80009bdc (0x3402ee73) x28 0x00000010 c832_mscratch 0x00000015
core   0: 0x80009be0 (0x00000001) c.nop
core   0: 3 0x80009be0 (0x0001)
core   0: 0x80009be2 (0x02e15483) lhu     s1, 46(sp)
core   0: 3 0x80009be2 (0x02e15483) x 9 0x00002196 mem 0x80013088
core   0: 0x80009be6 (0x00d10483) lb      s1, 13(sp)
core   0: 3 0x80009be6 (0x00d10483) x 9 0x00000030 mem 0x80013067
core   0: 0x80009bea (0x00a10223) sb      a0, 4(sp)
core   0: 3 0x80009bea (0x00a10223) mem 0x8001305e 0x3b
core   0: 0x80009bee (0x030e5e33) divu    t3, t3, a6
core   0: 3 0x80009bee (0x030e5e33) x28 0x00000000
core   0: 0x80009bf2 (0x03c4f833) remu    a6, s1, t3
core   0: 3 0x80009bf2 (0x03c4f833) x16 0x00000030
core   0: 0x80009bf6 (0x0cb100a3) sb      a1, 193(sp)
core   0: 3 0x80009bf6 (0x0cb100a3) mem 0x8001311b 0x5
core   0: 0x80009bfa (0x0104e833) or      a6, s1, a6
core   0: 3 0x80009bfa (0x0104e833) x16 0x00000030
core   0: 0x80009bfe (0x0e910483) lb      s1, 233(sp)
core   0: 3 0x80009bfe (0x0e910483) x 9 0x00000029 mem 0x80013143
core   0: 0x80009c02 (0x0001ae97) auipc   t4, 0x1a
core   0: 3 0x80009c02 (0x0001ae97) x29 0x80023c02
core   0: 0x80009c06 (0x476e8e93) addi    t4, t4, 1142
core   0: 3 0x80009c06 (0x476e8e93) x29 0x80024078
core   0: 0x80009c0a (0x214ea8af) amoxor.w a7, s4, (t4)
core   0: 3 0x80009c0a (0x214ea8af) x17 0x000098fa mem 0x80024078 mem 0x80024078 0x000098fa
core   0: 0x80009c0e (0x053ea82f) amoadd.w a6, s3, (t4)
core   0: 3 0x80009c0e (0x053ea82f) x16 0x000098fa mem 0x80024078 mem 0x80024078 0x00009900
core   0: 0x80009c12 (0xc35ea8af) amominu.w a7, s5, (t4)
core   0: 3 0x80009c12 (0xc35ea8af) x17 0x00009900 mem 0x80024078 mem 0x80024078 0x000000b9
core   0: 0x80009c16 (0x602eafaf) amoand.w t6, sp, (t4)
core   0: 3 0x80009c16 (0x602eafaf) x31 0x000000b9 mem 0x80024078 mem 0x80024078 0x00000018
core   0: 0x80009c1a (0x0b3ead2f) amoswap.w s10, s3, (t4)
core   0: 3 0x80009c1a (0x0b3ead2f) x26 0x00000018 mem 0x80024078 mem 0x80024078 0x00000006
core   0: 0x80009c1e (0x016ea0af) amoadd.w ra, s6, (t4)
core   0: 3 0x80009c1e (0x016ea0af) x 1 0x00000006 mem 0x80024078 mem 0x80024078 0x00000005
core   0: 0x80009c22 (0x21eea22f) amoxor.w tp, t5, (t4)
core   0: 3 0x80009c22 (0x21eea22f) x 4 0x00000005 mem 0x80024078 mem 0x80024078 0x8002cd21
core   0: 0x80009c26 (0x00008c19) c.sub   s0, a4
core   0: 3 0x80009c26 (0x8c19) x 8 0x00001d7b
core   0: 0x80009c28 (0x00008e71) c.and   a2, a2
core   0: 3 0x80009c28 (0x8e71) x12 0x00000000
core   0: 0x80009c2a (0x832eab2f) amomin.w s6, s2, (t4)
core   0: 3 0x80009c2a (0x832eab2f) x22 0x8002cd21 mem 0x80024078 mem 0x80024078 0x8002cd21
core   0: 0x80009c2e (0x0001aa97) auipc   s5, 0x1a
core   0: 3 0x80009c2e (0x0001aa97) x21 0x80023c2e
core   0: 0x80009c32 (0x436a8a93) addi    s5, s5, 1078
core   0: 3 0x80009c32 (0x436a8a93) x21 0x80024064
core   0: 0x80009c36 (0x140aa4af) lr.w    s1, (s5)
core   0: 3 0x80009c36 (0x140aa4af) x 9 0x80024054 mem 0x80024064
core   0: 0x80009c3a (0x34007773) csrrci  a4, mscratch, 0
core   0: 3 0x80009c3a (0x34007773) x14 0x00000015
core   0: 0x80009c3e (0xf350f493) andi    s1, ra, -203
core   0: 3 0x80009c3e (0xf350f493) x 9 0x00000004
core   0: 0x80009c42 (0x40ddbb93) sltiu   s7, s11, 1037
core   0: 3 0x80009c42 (0x40ddbb93) x23 0x00000001
core   0: 0x80009c46 (0x4171df93) srai    t6, gp, 23
core   0: 3 0x80009c46 (0x4171df93) x31 0xffffffff
core   0: 0x80009c4a (0x340025f3) csrr    a1, mscratch
core   0: 3 0x80009c4a (0x340025f3) x11 0x00000015
core   0: 0x80009c4e (0x01256233) or      tp, a0, s2
core   0: 3 0x80009c4e (0x01256233) x 4 0xfdfc443b
core   0: 0x80009c52 (0x1c5aadaf) sc.w    s11, t0, (s5)
core   0: 3 0x80009c52 (0x1c5aadaf) x27 0x00000000 mem 0x80024064 0x80028e74
core   0: 0x80009c56 (0x0060066f) jal     a2, pc + 0x6
core   0: 3 0x80009c56 (0x0060066f) x12 0x80009c5a
core   0: 0x80009c5c (0x0000a021) c.j     pc + 8
core   0: 3 0x80009c5c (0xa021)
core   0: 0x80009c64 (0xff7ff0ef) jal     pc - 0xa
core   0: 3 0x80009c64 (0xff7ff0ef) x 1 0x80009c68
core   0: 0x80009c5a (0x00002019) c.jal   pc + 6
core   0: 3 0x80009c5a (0x2019) x 1 0x80009c5c
core   0: 0x80009c60 (0x0000a039) c.j     pc + 14
core   0: 3 0x80009c60 (0xa039)
core   0: 0x80009c6e (0x00003fd5) c.jal   pc - 12
core   0: 3 0x80009c6e (0x3fd5) x 1 0x80009c70
core   0: 0x80009c62 (0x00002021) c.jal   pc + 8
core   0: 3 0x80009c62 (0x2021) x 1 0x80009c64
core   0: 0x80009c6a (0x00003ffd) c.jal   pc - 2
core   0: 3 0x80009c6a (0x3ffd) x 1 0x80009c6c
core   0: 0x80009c68 (0x0000bfdd) c.j     pc - 10
core   0: 3 0x80009c68 (0xbfdd)
core   0: 0x80009c5e (0x00002039) c.jal   pc + 14
core   0: 3 0x80009c5e (0x2039) x 1 0x80009c60
core   0: 0x80009c6c (0x00002011) c.jal   pc + 4
core   0: 3 0x80009c6c (0x2011) x 1 0x80009c6e
core   0: 0x80009c70 (0x3403f473) csrrci  s0, mscratch, 7
core   0: 3 0x80009c70 (0x3403f473) x 8 0x00000015 c832_mscratch 0x00000010
core   0: 0x80009c74 (0x0000a317) auipc   t1, 0xa
core   0: 3 0x80009c74 (0x0000a317) x 6 0x80013c74
core   0: 0x80009c78 (0x33230313) addi    t1, t1, 818
core   0: 3 0x80009c78 (0x33230313) x 6 0x80013fa6
core   0: 0x80009c7c (0xf0231003) lh      zero, -254(t1)
core   0: 3 0x80009c7c (0xf0231003) mem 0x80013ea8
core   0: 0x80009c80 (0x0000100f) fence.i
core   0: 3 0x80009c80 (0x0000100f)
core   0: 0x80009c84 (0x34006a73) csrrsi  s4, mscratch, 0
core   0: 3 0x80009c84 (0x34006a73) x20 0x00000010
core   0: 0x80009c88 (0x00834a83) lbu     s5, 8(t1)
core   0: 3 0x80009c88 (0x00834a83) x21 0x000000ad mem 0x80013fae
core   0: 0x80009c8c (0x00b53bb3) sltu    s7, a0, a1
core   0: 3 0x80009c8c (0x00b53bb3) x23 0x00000000
core   0: 0x80009c90 (0xf6e30683) lb      a3, -146(t1)
core   0: 3 0x80009c90 (0xf6e30683) x13 0x0000000c mem 0x80013f14
core   0: 0x80009c94 (0xf6c35583) lhu     a1, -148(t1)
core   0: 3 0x80009c94 (0xf6c35583) x11 0x000030ab mem 0x80013f12
core   0: 0x80009c98 (0xf1a30083) lb      ra, -230(t1)
core   0: 3 0x80009c98 (0xf1a30083) x 1 0x00000021 mem 0x80013ec0
core   0: 0x80009c9c (0x01d34e03) lbu     t3, 29(t1)
core   0: 3 0x80009c9c (0x01d34e03) x28 0x0000000c mem 0x80013fc3
core   0: 0x80009ca0 (0x00a39233) sll     tp, t2, a0
core   0: 3 0x80009ca0 (0x00a39233) x 4 0x30000000
core   0: 0x80009ca4 (0x00005dfd) c.li    s11, -1
core   0: 3 0x80009ca4 (0x5dfd) x27 0xffffffff
core   0: 0x80009ca6 (0x0ff0000f) fence   iorw,iorw
core   0: 3 0x80009ca6 (0x0ff0000f)
core   0: 0x80009caa (0xfbeaaa93) slti    s5, s5, -66
core   0: 3 0x80009caa (0xfbeaaa93) x21 0x00000000
core   0: 0x80009cae (0xf2034c83) lbu     s9, -224(t1)
core   0: 3 0x80009cae (0xf2034c83) x25 0x000000f0 mem 0x80013ec6
core   0: 0x80009cb2 (0x02c31023) sh      a2, 32(t1)
core   0: 3 0x80009cb2 (0x02c31023) mem 0x80013fc6 0x9c5a
core   0: 0x80009cb6 (0x008a1e33) sll     t3, s4, s0
core   0: 3 0x80009cb6 (0x008a1e33) x28 0x02000000
core   0: 0x80009cba (0x40410733) sub     a4, sp, tp
core   0: 3 0x80009cba (0x40410733) x14 0x5001305a
core   0: 0x80009cbe (0x08134e03) lbu     t3, 129(t1)
core   0: 3 0x80009cbe (0x08134e03) x28 0x000000c3 mem 0x80014027
core   0: 0x80009cc2 (0x000087d1) c.srai  a5, 20
core   0: 3 0x80009cc2 (0x87d1) x15 0xfffff800
core   0: 0x80009cc4 (0x01232783) lw      a5, 18(t1)
core   0: 3 0x80009cc4 (0x01232783) x15 0x453cd7de mem 0x80013fb8
core   0: 0x80009cc8 (0x000015fd) c.addi  a1, -1
core   0: 3 0x80009cc8 (0x15fd) x11 0x000030aa
core   0: 0x80009cca (0x04730783) lb      a5, 71(t1)
core   0: 3 0x80009cca (0x04730783) x15 0x00000003 mem 0x80013fed
core   0: 0x80009cce (0xf0a32f23) sw      a0, -226(t1)
core   0: 3 0x80009cce (0xf0a32f23) mem 0x80013ec4 0xd4a8443b
core   0: 0x80009cd2 (0xfad34083) lbu     ra, -83(t1)
core   0: 3 0x80009cd2 (0xfad34083) x 1 0x000000c3 mem 0x80013f53
core   0: 0x80009cd6 (0x00008f39) c.xor   a4, a4
core   0: 3 0x80009cd6 (0x8f39) x14 0x00000000
core   0: 0x80009cd8 (0x00008215) c.srli  a2, 5
core   0: 3 0x80009cd8 (0x8215) x12 0x040004e2
core   0: 0x80009cda (0xffc35e03) lhu     t3, -4(t1)
core   0: 3 0x80009cda (0xffc35e03) x28 0x00001bf1 mem 0x80013fa2
core   0: 0x80009cde (0x34007a73) csrrci  s4, mscratch, 0
core   0: 3 0x80009cde (0x34007a73) x20 0x00000010
core   0: 0x80009ce2 (0xf4a32983) lw      s3, -182(t1)
core   0: 3 0x80009ce2 (0xf4a32983) x19 0x52d80a7e mem 0x80013ef0
core   0: 0x80009ce6 (0x00004b35) c.li    s6, 13
core   0: 3 0x80009ce6 (0x4b35) x22 0x0000000d
core   0: 0x80009ce8 (0xf5534d83) lbu     s11, -171(t1)
core   0: 3 0x80009ce8 (0xf5534d83) x27 0x0000005d mem 0x80013efb
core   0: 0x80009cec (0xfde30d23) sb      t5, -38(t1)
core   0: 3 0x80009cec (0xfde30d23) mem 0x80013f80 0x24
core   0: 0x80009cf0 (0x405d5533) sra     a0, s10, t0
core   0: 3 0x80009cf0 (0x405d5533) x10 0x00000000
core   0: 0x80009cf4 (0xf9e31c23) sh      t5, -104(t1)
core   0: 3 0x80009cf4 (0xf9e31c23) mem 0x80013f3e 0xcd24
core   0: 0x80009cf8 (0x00b31023) sh      a1, 0(t1)
core   0: 3 0x80009cf8 (0x00b31023) mem 0x80013fa6 0x30aa
core   0: 0x80009cfc (0x68a92913) slti    s2, s2, 1674
core   0: 3 0x80009cfc (0x68a92913) x18 0x00000001
core   0: 0x80009d00 (0xf1f34b03) lbu     s6, -225(t1)
core   0: 3 0x80009d00 (0xf1f34b03) x22 0x00000044 mem 0x80013ec5
core   0: 0x80009d04 (0x0001af97) auipc   t6, 0x1a
core   0: 3 0x80009d04 (0x0001af97) x31 0x80023d04
core   0: 0x80009d08 (0x354f8f93) addi    t6, t6, 852
core   0: 3 0x80009d08 (0x354f8f93) x31 0x80024058
core   0: 0x80009d0c (0x120fae2f) lr.w    t3, (t6)
core   0: 3 0x80009d0c (0x120fae2f) x28 0x00000010 mem 0x80024058
core   0: 0x80009d10 (0x00006d71) c.lui   s10, 0x1c
core   0: 3 0x80009d10 (0x6d71) x26 0x0001c000
core   0: 0x80009d12 (0x000066c5) c.lui   a3, 0x11
core   0: 3 0x80009d12 (0x66c5) x13 0x00011000
core   0: 0x80009d14 (0x02018eb3) mul     t4, gp, zero
core   0: 3 0x80009d14 (0x02018eb3) x29 0x00000000
core   0: 0x80009d18 (0x01d24a33) xor     s4, tp, t4
core   0: 3 0x80009d18 (0x01d24a33) x20 0x30000000
core   0: 0x80009d1c (0x00009a1e) c.add   s4, t2
core   0: 3 0x80009d1c (0x9a1e) x20 0x30000006
core   0: 0x80009d1e (0x3404d5f3) csrrwi  a1, mscratch, 9
core   0: 3 0x80009d1e (0x3404d5f3) x11 0x00000010 c832_mscratch 0x00000009
core   0: 0x80009d22 (0x40cf80b3) sub     ra, t6, a2
core   0: 3 0x80009d22 (0x40cf80b3) x 1 0x7c023b76
core   0: 0x80009d26 (0x1befaeaf) sc.w    t4, t5, (t6)
core   0: 3 0x80009d26 (0x1befaeaf) x29 0x00000000 mem 0x80024058 0x8002cd24
core   0: 0x80009d2a (0x00019797) auipc   a5, 0x19
core   0: 3 0x80009d2a (0x00019797) x15 0x80022d2a
core   0: 0x80009d2e (0x24278793) addi    a5, a5, 578
core   0: 3 0x80009d2e (0x24278793) x15 0x80022f6c
core   0: 0x80009d32 (0x00017717) auipc   a4, 0x17
core   0: 3 0x80009d32 (0x00017717) x14 0x80020d32
core   0: 0x80009d36 (0xfaa70713) addi    a4, a4, -86
core   0: 3 0x80009d36 (0xfaa70713) x14 0x80020cdc
core   0: 0x80009d3a (0x00378803) lb      a6, 3(a5)
core   0: 3 0x80009d3a (0x00378803) x16 0x0000007b mem 0x80022f6f
core   0: 0x80009d3e (0x0001ad17) auipc   s10, 0x1a
core   0: 3 0x80009d3e (0x0001ad17) x26 0x80023d3e
core   0: 0x80009d42 (0xe8ed0d13) addi    s10, s10, -370
core   0: 3 0x80009d42 (0xe8ed0d13) x26 0x80023bcc
core   0: 0x80009d46 (0xff77c883) lbu     a7, -9(a5)
core   0: 3 0x80009d46 (0xff77c883) x17 0x00000007 mem 0x80022f63
core   0: 0x80009d4a (0x00012c17) auipc   s8, 0x12
core   0: 3 0x80009d4a (0x00012c17) x24 0x8001bd4a
core   0: 0x80009d4e (0xc1cc0c13) addi    s8, s8, -996
core   0: 3 0x80009d4e (0xc1cc0c13) x24 0x8001b966
core   0: 0x80009d52 (0xc37d4a83) lbu     s5, -969(s10)
core   0: 3 0x80009d52 (0xc37d4a83) x21 0x0000001e mem 0x80023803
core   0: 0x80009d56 (0x00011b17) auipc   s6, 0x11
core   0: 3 0x80009d56 (0x00011b17) x22 0x8001ad56
core   0: 0x80009d5a (0x6d4b0b13) addi    s6, s6, 1748
core   0: 3 0x80009d5a (0x6d4b0b13) x22 0x8001b42a
core   0: 0x80009d5e (0x00479583) lh      a1, 4(a5)
core   0: 3 0x80009d5e (0x00479583) x11 0xffffc36c mem 0x80022f70
core   0: 0x80009d62 (0xf47d1323) sh      t2, -186(s10)
core   0: 3 0x80009d62 (0xf47d1323) mem 0x80023b12 0x0006
core   0: 0x80009d66 (0x307d4983) lbu     s3, 775(s10)
core   0: 3 0x80009d66 (0x307d4983) x19 0x00000039 mem 0x80023ed3
core   0: 0x80009d6a (0xfc370523) sb      gp, -54(a4)
core   0: 3 0x80009d6a (0xfc370523) mem 0x80020ca6 0x67
core   0: 0x80009d6e (0x034c0923) sb      s4, 50(s8)
core   0: 3 0x80009d6e (0x034c0923) mem 0x8001b998 0x6
core   0: 0x80009d72 (0xe5cd4a03) lbu     s4, -420(s10)
core   0: 3 0x80009d72 (0xe5cd4a03) x20 0x0000002d mem 0x80023a28
core   0: 0x80009d76 (0x02e71323) sh      a4, 38(a4)
core   0: 3 0x80009d76 (0x02e71323) mem 0x80020d02 0x0cdc
core   0: 0x80009d7a (0x001b0403) lb      s0, 1(s6)
core   0: 3 0x80009d7a (0x001b0403) x 8 0xfffffff4 mem 0x8001b42b
core   0: 0x80009d7e (0x03a71e03) lh      t3, 58(a4)
core   0: 3 0x80009d7e (0x03a71e03) x28 0x00004870 mem 0x80020d16
core   0: 0x80009d82 (0x870d0523) sb      a6, -1942(s10)
core   0: 3 0x80009d82 (0x870d0523) mem 0x80023436 0x7b
core   0: 0x80009d86 (0x037c0a83) lb      s5, 55(s8)
core   0: 3 0x80009d86 (0x037c0a83) x21 0x00000069 mem 0x8001b99d
core   0: 0x80009d8a (0x015b2923) sw      s5, 18(s6)
core   0: 3 0x80009d8a (0x015b2923) mem 0x8001b43c 0x00000069
core   0: 0x80009d8e (0xacdd4a03) lbu     s4, -1331(s10)
core   0: 3 0x80009d8e (0xacdd4a03) x20 0x00000058 mem 0x80023699
core   0: 0x80009d92 (0x00078f83) lb      t6, 0(a5)
core   0: 3 0x80009d92 (0x00078f83) x31 0xffffffd5 mem 0x80022f6c
core   0: 0x80009d96 (0xfc475603) lhu     a2, -60(a4)
core   0: 3 0x80009d96 (0xfc475603) x12 0x00001e0f mem 0x80020ca0
core   0: 0x80009d9a (0x0067c803) lbu     a6, 6(a5)
core   0: 3 0x80009d9a (0x0067c803) x16 0x00000031 mem 0x80022f72
core   0: 0x80009d9e (0xffbc0583) lb      a1, -5(s8)
core   0: 3 0x80009d9e (0xffbc0583) x11 0xffffff92 mem 0x8001b961
core   0: 0x80009da2 (0xffa71e23) sh      s10, -4(a4)
core   0: 3 0x80009da2 (0xffa71e23) mem 0x80020cd8 0x3bcc
core   0: 0x80009da6 (0xf57b4083) lbu     ra, -169(s6)
core   0: 3 0x80009da6 (0xf57b4083) x 1 0x00000031 mem 0x8001b381
core   0: 0x80009daa (0x016c1883) lh      a7, 22(s8)
core   0: 3 0x80009daa (0x016c1883) x17 0xffff97a0 mem 0x8001b97c
core   0: 0x80009dae (0xfcf74903) lbu     s2, -49(a4)
core   0: 3 0x80009dae (0xfcf74903) x18 0x00000070 mem 0x80020cab
core   0: 0x80009db2 (0xfea79c23) sh      a0, -8(a5)
core   0: 3 0x80009db2 (0xfea79c23) mem 0x80022f64 0x0000
core   0: 0x80009db6 (0x0a0b1483) lh      s1, 160(s6)
core   0: 3 0x80009db6 (0x0a0b1483) x 9 0x00005873 mem 0x8001b4ca
core   0: 0x80009dba (0x085d4303) lbu     t1, 133(s10)
core   0: 3 0x80009dba (0x085d4303) x 6 0x00000048 mem 0x80023c51
core   0: 0x80009dbe (0x0afd4d83) lbu     s11, 175(s10)
core   0: 3 0x80009dbe (0x0afd4d83) x27 0x0000009f mem 0x80023c7b
core   0: 0x80009dc2 (0xfdbc0fa3) sb      s11, -33(s8)
core   0: 3 0x80009dc2 (0xfdbc0fa3) mem 0x8001b945 0x9f
core   0: 0x80009dc6 (0x07bb0583) lb      a1, 123(s6)
core   0: 3 0x80009dc6 (0x07bb0583) x11 0xffffff9b mem 0x8001b4a5
core   0: 0x80009dca (0x03270083) lb      ra, 50(a4)
core   0: 3 0x80009dca (0x03270083) x 1 0xffffffe7 mem 0x80020d0e
core   0: 0x80009dce (0x15ed0103) lb      sp, 350(s10)
core   0: 3 0x80009dce (0x15ed0103) x 2 0xffffff90 mem 0x80023d2a
core   0: 0x80009dd2 (0x17cd1b83) lh      s7, 380(s10)
core   0: 3 0x80009dd2 (0x17cd1b83) x23 0xffffbbf1 mem 0x80023d48
core   0: 0x80009dd6 (0x02170d83) lb      s11, 33(a4)
core   0: 3 0x80009dd6 (0x02170d83) x27 0x00000013 mem 0x80020cfd
core   0: 0x80009dda (0x001783a3) sb      ra, 7(a5)
core   0: 3 0x80009dda (0x001783a3) mem 0x80022f73 0xe7
core   0: 0x80009dde (0x0deb1123) sh      t5, 194(s6)
core   0: 3 0x80009dde (0x0deb1123) mem 0x8001b4ec 0xcd24
core   0: 0x80009de2 (0x0160066f) jal     a2, pc + 0x16
core   0: 3 0x80009de2 (0x0160066f) x12 0x80009de6
core   0: 0x80009df8 (0x00003ffd) c.jal   pc - 2
core   0: 3 0x80009df8 (0x3ffd) x 1 0x80009dfa
core   0: 0x80009df6 (0x0000a021) c.j     pc + 8
core   0: 3 0x80009df6 (0xa021)
core   0: 0x80009dfe (0x000037f5) c.jal   pc - 20
core   0: 3 0x80009dfe (0x37f5) x 1 0x80009e00
core   0: 0x80009dea (0x00002021) c.jal   pc + 8
core   0: 3 0x80009dea (0x2021) x 1 0x80009dec
core   0: 0x80009df2 (0x00003ff5) c.jal   pc - 4
core   0: 3 0x80009df2 (0x3ff5) x 1 0x80009df4
core   0: 0x80009dee (0xfffff0ef) jal     pc - 0x2
core   0: 3 0x80009dee (0xfffff0ef) x 1 0x80009df2
core   0: 0x80009dec (0x00002021) c.jal   pc + 8
core   0: 3 0x80009dec (0x2021) x 1 0x80009dee
core   0: 0x80009df4 (0x0000a019) c.j     pc + 6
core   0: 3 0x80009df4 (0xa019)
core   0: 0x80009dfa (0xfedff0ef) jal     pc - 0x14
core   0: 3 0x80009dfa (0xfedff0ef) x 1 0x80009dfe
core   0: 0x80009de6 (0x01a000ef) jal     pc + 0x1a
core   0: 3 0x80009de6 (0x01a000ef) x 1 0x80009dea
core   0: 0x80009e00 (0x00008d8d) c.sub   a1, a1
core   0: 3 0x80009e00 (0x8d8d) x11 0x00000000
core   0: 0x80009e02 (0x0001a697) auipc   a3, 0x1a
core   0: 3 0x80009e02 (0x0001a697) x13 0x80023e02
core   0: 0x80009e06 (0x24e68693) addi    a3, a3, 590
core   0: 3 0x80009e06 (0x24e68693) x13 0x80024050
core   0: 0x80009e0a (0x0001ae17) auipc   t3, 0x1a
core   0: 3 0x80009e0a (0x0001ae17) x28 0x80023e0a
core   0: 0x80009e0e (0x24ae0e13) addi    t3, t3, 586
core   0: 3 0x80009e0e (0x24ae0e13) x28 0x80024054
core   0: 0x80009e12 (0x0001ad17) auipc   s10, 0x1a
core   0: 3 0x80009e12 (0x0001ad17) x26 0x80023e12
core   0: 0x80009e16 (0x23ed0d13) addi    s10, s10, 574
core   0: 3 0x80009e16 (0x23ed0d13) x26 0x80024050
core   0: 0x80009e1a (0xc276a8af) amominu.w a7, t2, (a3)
core   0: 3 0x80009e1a (0xc276a8af) x17 0x31794684 mem 0x80024050 mem 0x80024050 0x00000006
core   0: 0x80009e1e (0x0bd6a4af) amoswap.w s1, t4, (a3)
core   0: 3 0x80009e1e (0x0bd6a4af) x 9 0x00000006 mem 0x80024050 mem 0x80024050 0x00000000
core   0: 0x80009e22 (0x4246a9af) amoor.w s3, tp, (a3)
core   0: 3 0x80009e22 (0x4246a9af) x19 0x00000000 mem 0x80024050 mem 0x80024050 0x30000000
core   0: 0x80009e26 (0x0dfd262f) amoswap.w a2, t6, (s10)
core   0: 3 0x80009e26 (0x0dfd262f) x12 0x30000000 mem 0x80024050 mem 0x80024050 0xffffffd5
core   0: 0x80009e2a (0x012d3733) sltu    a4, s10, s2
core   0: 3 0x80009e2a (0x012d3733) x14 0x00000000
core   0: 0x80009e2e (0x03c05bb3) divu    s7, zero, t3
core   0: 3 0x80009e2e (0x03c05bb3) x23 0x00000000
core   0: 0x80009e32 (0x0124e833) or      a6, s1, s2
core   0: 3 0x80009e32 (0x0124e833) x16 0x00000076
core   0: 0x80009e36 (0x429d242f) amoor.w s0, s1, (s10)
core   0: 3 0x80009e36 (0x429d242f) x 8 0xffffffd5 mem 0x80024050 mem 0x80024050 0xffffffd7
core   0: 0x80009e3a (0x081e2faf) amoswap.w t6, ra, (t3)
core   0: 3 0x80009e3a (0x081e2faf) x31 0x80013b2e mem 0x80024054 mem 0x80024054 0x80009dea
core   0: 0x80009e3e (0x340a3573) csrrc   a0, mscratch, s4
core   0: 3 0x80009e3e (0x340a3573) x10 0x00000009 c832_mscratch 0x00000001
core   0: 0x80009e42 (0xb9e04993) xori    s3, zero, -1122
core   0: 3 0x80009e42 (0xb9e04993) x19 0xfffffb9e
core   0: 0x80009e46 (0x01404233) xor     tp, zero, s4
core   0: 3 0x80009e46 (0x01404233) x 4 0x00000058
core   0: 0x80009e4a (0x45f6a42f) amoor.w s0, t6, (a3)
core   0: 3 0x80009e4a (0x45f6a42f) x 8 0xffffffd7 mem 0x80024050 mem 0x80024050 0xffffffff
core   0: 0x80009e4e (0x0001a797) auipc   a5, 0x1a
core   0: 3 0x80009e4e (0x0001a797) x15 0x80023e4e
core   0: 0x80009e52 (0x23678793) addi    a5, a5, 566
core   0: 3 0x80009e52 (0x23678793) x15 0x80024084
core   0: 0x80009e56 (0x1407a02f) lr.w    zero, (a5)
core   0: 3 0x80009e56 (0x1407a02f) mem 0x80024084
core   0: 0x80009e5a (0x40ac0b33) sub     s6, s8, a0
core   0: 3 0x80009e5a (0x40ac0b33) x22 0x8001b95d
core   0: 0x80009e5e (0xf03a3937) lui     s2, 0xf03a3
core   0: 3 0x80009e5e (0xf03a3937) x18 0xf03a3000
core   0: 0x80009e62 (0xe4c18b13) addi    s6, gp, -436
core   0: 3 0x80009e62 (0xe4c18b13) x22 0xffffdeb3
core   0: 0x80009e66 (0x00000fa6) c.slli  t6, 9
core   0: 3 0x80009e66 (0x0fa6) x31 0x02765c00
core   0: 0x80009e68 (0x7edb3597) auipc   a1, 0x7edb3
core   0: 3 0x80009e68 (0x7edb3597) x11 0xfedbce68
core   0: 0x80009e6c (0x1d67acaf) sc.w    s9, s6, (a5)
core   0: 3 0x80009e6c (0x1d67acaf) x25 0x00000000 mem 0x80024084 0xffffdeb3
core   0: 0x80009e70 (0x0000a217) auipc   tp, 0xa
core   0: 3 0x80009e70 (0x0000a217) x 4 0x80013e70
core   0: 0x80009e74 (0xf4020213) addi    tp, tp, -192
core   0: 3 0x80009e74 (0xf4020213) x 4 0x80013db0
core   0: 0x80009e78 (0x00124303) lbu     t1, 1(tp)
core   0: 3 0x80009e78 (0x00124303) x 6 0x00000080 mem 0x80013db1
core   0: 0x80009e7c (0xf7421a03) lh      s4, -140(tp)
core   0: 3 0x80009e7c (0xf7421a03) x20 0xffffbfd9 mem 0x80013d24
core   0: 0x80009e80 (0xf2c20aa3) sb      a2, -203(tp)
core   0: 3 0x80009e80 (0xf2c20aa3) mem 0x80013ce5 0x0
core   0: 0x80009e84 (0x0e820303) lb      t1, 232(tp)
core   0: 3 0x80009e84 (0x0e820303) x 6 0x00000042 mem 0x80013e98
core   0: 0x80009e88 (0xfce20a03) lb      s4, -50(tp)
core   0: 3 0x80009e88 (0xfce20a03) x20 0xffffff97 mem 0x80013d7e
core   0: 0x80009e8c (0x00654633) xor     a2, a0, t1
core   0: 3 0x80009e8c (0x00654633) x12 0x0000004b
core   0: 0x80009e90 (0x34007a73) csrrci  s4, mscratch, 0
core   0: 3 0x80009e90 (0x34007a73) x20 0x00000001
core   0: 0x80009e94 (0xf8421303) lh      t1, -124(tp)
core   0: 3 0x80009e94 (0xf8421303) x 6 0xffffe441 mem 0x80013d34
core   0: 0x80009e98 (0xf5b20a03) lb      s4, -165(tp)
core   0: 3 0x80009e98 (0xf5b20a03) x20 0x0000004d mem 0x80013d0b
core   0: 0x80009e9c (0x000099fd) c.andi  a1, -1
core   0: 3 0x80009e9c (0x99fd) x11 0xfedbce68
core   0: 0x80009e9e (0xf7a21503) lh      a0, -134(tp)
core   0: 3 0x80009e9e (0xf7a21503) x10 0xffffbbe2 mem 0x80013d2a
core   0: 0x80009ea2 (0x04320503) lb      a0, 67(tp)
core   0: 3 0x80009ea2 (0x04320503) x10 0x00000078 mem 0x80013df3
core   0: 0x80009ea6 (0x0ff0000f) fence   iorw,iorw
core   0: 3 0x80009ea6 (0x0ff0000f)
core   0: 0x80009eaa (0x0000032a) c.slli  t1, 10
core   0: 3 0x80009eaa (0x032a) x 6 0xff910400
core   0: 0x80009eac (0x00a555b3) srl     a1, a0, a0
core   0: 3 0x80009eac (0x00a555b3) x11 0x00000000
core   0: 0x80009eb0 (0x48c5ac93) slti    s9, a1, 1164
core   0: 3 0x80009eb0 (0x48c5ac93) x25 0x00000001
core   0: 0x80009eb4 (0x00008d8d) c.sub   a1, a1
core   0: 3 0x80009eb4 (0x8d8d) x11 0x00000000
core   0: 0x80009eb6 (0x00006661) c.lui   a2, 0x18
core   0: 3 0x80009eb6 (0x6661) x12 0x00018000
core   0: 0x80009eb8 (0x0000997d) c.andi  a0, -1
core   0: 3 0x80009eb8 (0x997d) x10 0x00000078
core   0: 0x80009eba (0x014ce333) or      t1, s9, s4
core   0: 3 0x80009eba (0x014ce333) x 6 0x0000004d
core   0: 0x80009ebe (0x0bb20c83) lb      s9, 187(tp)
core   0: 3 0x80009ebe (0x0bb20c83) x25 0x00000020 mem 0x80013e6b
core   0: 0x80009ec2 (0x10025303) lhu     t1, 256(tp)
core   0: 3 0x80009ec2 (0x10025303) x 6 0x0000d16f mem 0x80013eb0
core   0: 0x80009ec6 (0x00008dcd) c.or    a1, a1
core   0: 3 0x80009ec6 (0x8dcd) x11 0x00000000
core   0: 0x80009ec8 (0x02ca2cb3) mulhsu  s9, s4, a2
core   0: 3 0x80009ec8 (0x02ca2cb3) x25 0x00000000
core   0: 0x80009ecc (0x059203a3) sb      s9, 71(tp)
core   0: 3 0x80009ecc (0x059203a3) mem 0x80013df7 0x0
core   0: 0x80009ed0 (0x00b65a33) srl     s4, a2, a1
core   0: 3 0x80009ed0 (0x00b65a33) x20 0x00018000
core   0: 0x80009ed4 (0x014535b3) sltu    a1, a0, s4
core   0: 3 0x80009ed4 (0x014535b3) x11 0x00000001
core   0: 0x80009ed8 (0x40a555b3) sra     a1, a0, a0
core   0: 3 0x80009ed8 (0x40a555b3) x11 0x00000000
core   0: 0x80009edc (0x006505b3) add     a1, a0, t1
core   0: 3 0x80009edc (0x006505b3) x11 0x0000d1e7
core   0: 0x80009ee0 (0xf5422a03) lw      s4, -172(tp)
core   0: 3 0x80009ee0 (0xf5422a03) x20 0xf6850bc0 mem 0x80013d04
core   0: 0x80009ee4 (0x418a5c93) srai    s9, s4, 24
core   0: 3 0x80009ee4 (0x418a5c93) x25 0xfffffff6
core   0: 0x80009ee8 (0x340075f3) csrrci  a1, mscratch, 0
core   0: 3 0x80009ee8 (0x340075f3) x11 0x00000001
core   0: 0x80009eec (0x08e24303) lbu     t1, 142(tp)
core   0: 3 0x80009eec (0x08e24303) x 6 0x000000a1 mem 0x80013e3e
core   0: 0x80009ef0 (0x00008251) c.srli  a2, 20
core   0: 3 0x80009ef0 (0x8251) x12 0x00000000
core   0: 0x80009ef2 (0xfaa205a3) sb      a0, -85(tp)
core   0: 3 0x80009ef2 (0xfaa205a3) mem 0x80013d5b 0x78
core   0: 0x80009ef6 (0x04320603) lb      a2, 67(tp)
core   0: 3 0x80009ef6 (0x04320603) x12 0x00000078 mem 0x80013df3
core   0: 0x80009efa (0xf4022c83) lw      s9, -192(tp)
core   0: 3 0x80009efa (0xf4022c83) x25 0x8f75e250 mem 0x80013cf0
core   0: 0x80009efe (0x01320583) lb      a1, 19(tp)
core   0: 3 0x80009efe (0x01320583) x11 0xffffffa3 mem 0x80013dc3
core   0: 0x80009f02 (0x00008a0d) c.andi  a2, 3
core   0: 3 0x80009f02 (0x8a0d) x12 0x00000000
core   0: 0x80009f04 (0xf9420ba3) sb      s4, -105(tp)
core   0: 3 0x80009f04 (0xf9420ba3) mem 0x80013d47 0xc0
core   0: 0x80009f08 (0x006a3533) sltu    a0, s4, t1
core   0: 3 0x80009f08 (0x006a3533) x10 0x00000000
core   0: 0x80009f0c (0x16dcfc93) andi    s9, s9, 365
core   0: 3 0x80009f0c (0x16dcfc93) x25 0x00000040
core   0: 0x80009f10 (0x7ddcaa13) slti    s4, s9, 2013
core   0: 3 0x80009f10 (0x7ddcaa13) x20 0x00000001
core   0: 0x80009f14 (0x02c21c23) sh      a2, 56(tp)
core   0: 3 0x80009f14 (0x02c21c23) mem 0x80013de8 0x0000
core   0: 0x80009f18 (0xf4a22023) sw      a0, -192(tp)
core   0: 3 0x80009f18 (0xf4a22023) mem 0x80013cf0 0x00000000
core   0: 0x80009f1c (0x0000a117) auipc   sp, 0xa
core   0: 3 0x80009f1c (0x0000a117) x 2 0x80013f1c
core   0: 0x80009f20 (0xd6010113) addi    sp, sp, -672
core   0: 3 0x80009f20 (0xd6010113) x 2 0x80013c7c
core   0: 0x80009f24 (0x00006bc1) c.lui   s7, 0x10
core   0: 3 0x80009f24 (0x6bc1) x23 0x00010000
core   0: 0x80009f26 (0x037097b3) mulh    a5, ra, s7
core   0: 3 0x80009f26 (0x037097b3) x15 0xffff8000
core   0: 0x80009f2a (0x00b10783) lb      a5, 11(sp)
core   0: 3 0x80009f2a (0x00b10783) x15 0x00000000 mem 0x80013c87
core   0: 0x80009f2e (0x01a105a3) sb      s10, 11(sp)
core   0: 3 0x80009f2e (0x01a105a3) mem 0x80013c87 0x50
core   0: 0x80009f32 (0x00009776) c.add   a4, t4
core   0: 3 0x80009f32 (0x9776) x14 0x00000000
core   0: 0x80009f34 (0x007105a3) sb      t2, 11(sp)
core   0: 3 0x80009f34 (0x007105a3) mem 0x80013c87 0x6
core   0: 0x80009f38 (0xfe114e83) lbu     t4, -31(sp)
core   0: 3 0x80009f38 (0xfe114e83) x29 0x0000004a mem 0x80013c5d
core   0: 0x80009f3c (0x0161dd13) srli    s10, gp, 22
core   0: 3 0x80009f3c (0x0161dd13) x26 0x000003ff
core   0: 0x80009f40 (0xfe110a03) lb      s4, -31(sp)
core   0: 3 0x80009f40 (0xfe110a03) x20 0x0000004a mem 0x80013c5d
core   0: 0x80009f44 (0xff6100a3) sb      s6, -31(sp)
core   0: 3 0x80009f44 (0xff6100a3) mem 0x80013c5d 0xb3
core   0: 0x80009f48 (0xfe4100a3) sb      tp, -31(sp)
core   0: 3 0x80009f48 (0xfe4100a3) mem 0x80013c5d 0xb0
core   0: 0x80009f4c (0x01a88a33) add     s4, a7, s10
core   0: 3 0x80009f4c (0x01a88a33) x20 0x31794a83
core   0: 0x80009f50 (0xff9100a3) sb      s9, -31(sp)
core   0: 3 0x80009f50 (0xff9100a3) mem 0x80013c5d 0x40
core   0: 0x80009f54 (0x340876f3) csrrci  a3, mscratch, 16
core   0: 3 0x80009f54 (0x340876f3) x13 0x00000001 c832_mscratch 0x00000001
core   0: 0x80009f58 (0xfcd14903) lbu     s2, -51(sp)
core   0: 3 0x80009f58 (0xfcd14903) x18 0x000000ae mem 0x80013c49
core   0: 0x80009f5c (0xfcd14183) lbu     gp, -51(sp)
core   0: 3 0x80009f5c (0xfcd14183) x 3 0x000000ae mem 0x80013c49
core   0: 0x80009f60 (0x00009117) auipc   sp, 0x9
core   0: 3 0x80009f60 (0x00009117) x 2 0x80012f60
core   0: 0x80009f64 (0x39010113) addi    sp, sp, 912
core   0: 3 0x80009f64 (0x39010113) x 2 0x800132f0
core   0: 0x80009f68 (0x4e310fa3) sb      gp, 1279(sp)
core   0: 3 0x80009f68 (0x4e310fa3) mem 0x800137ef 0xae
core   0: 0x80009f6c (0x54f10e83) lb      t4, 1359(sp)
core   0: 3 0x80009f6c (0x54f10e83) x29 0xffffffda mem 0x8001383f
core   0: 0x80009f70 (0x21414783) lbu     a5, 532(sp)
core   0: 3 0x80009f70 (0x21414783) x15 0x000000a2 mem 0x80013504
core   0: 0x80009f74 (0x019f8933) add     s2, t6, s9
core   0: 3 0x80009f74 (0x019f8933) x18 0x02765c40
core   0: 0x80009f78 (0x19811783) lh      a5, 408(sp)
core   0: 3 0x80009f78 (0x19811783) x15 0x00003574 mem 0x80013488
core   0: 0x80009f7c (0x4478c893) xori    a7, a7, 1095
core   0: 3 0x80009f7c (0x4478c893) x17 0x317942c3
core   0: 0x80009f80 (0x00f45c93) srli    s9, s0, 15
core   0: 3 0x80009f80 (0x00f45c93) x25 0x0001ffff
core   0: 0x80009f84 (0x52c14b83) lbu     s7, 1324(sp)
core   0: 3 0x80009f84 (0x52c14b83) x23 0x0000007f mem 0x8001381c
core   0: 0x80009f88 (0x21c14b83) lbu     s7, 540(sp)
core   0: 3 0x80009f88 (0x21c14b83) x23 0x000000bf mem 0x8001350c
core   0: 0x80009f8c (0x03d28833) mul     a6, t0, t4
core   0: 3 0x80009f8c (0x03d28833) x16 0xff9edac8
core   0: 0x80009f90 (0x00001b7d) c.addi  s6, -1
core   0: 3 0x80009f90 (0x1b7d) x22 0xffffdeb2
core   0: 0x80009f92 (0x0000845e) c.mv    s0, s7
core   0: 3 0x80009f92 (0x845e) x 8 0x000000bf
core   0: 0x80009f94 (0x01c52b33) slt     s6, a0, t3
core   0: 3 0x80009f94 (0x01c52b33) x22 0x00000000
core   0: 0x80009f98 (0xe9011583) lh      a1, -368(sp)
core   0: 3 0x80009f98 (0xe9011583) x11 0x00004c8a mem 0x80013180
core   0: 0x80009f9c (0x0000100f) fence.i
core   0: 3 0x80009f9c (0x0000100f)
core   0: 0x80009fa0 (0x008eaab3) slt     s5, t4, s0
core   0: 3 0x80009fa0 (0x008eaab3) x21 0x00000001
core   0: 0x80009fa4 (0x4ef10c83) lb      s9, 1263(sp)
core   0: 3 0x80009fa4 (0x4ef10c83) x25 0xffffffa7 mem 0x800137df
core   0: 0x80009fa8 (0x340d7373) csrrci  t1, mscratch, 26
core   0: 3 0x80009fa8 (0x340d7373) x 6 0x00000001 c832_mscratch 0x00000001
core   0: 0x80009fac (0x78611783) lh      a5, 1926(sp)
core   0: 3 0x80009fac (0x78611783) x15 0x0000389b mem 0x80013a76
core   0: 0x80009fb0 (0x014f5c93) srli    s9, t5, 20
core   0: 3 0x80009fb0 (0x014f5c93) x25 0x00000800
core   0: 0x80009fb4 (0x001626b3) slt     a3, a2, ra
core   0: 3 0x80009fb4 (0x001626b3) x13 0x00000000
core   0: 0x80009fb8 (0x00009eba) c.add   t4, a4
core   0: 3 0x80009fb8 (0x9eba) x29 0xffffffda
core   0: 0x80009fba (0x01588733) add     a4, a7, s5
core   0: 3 0x80009fba (0x01588733) x14 0x317942c4
core   0: 0x80009fbe (0x03b56a33) rem     s4, a0, s11
core   0: 3 0x80009fbe (0x03b56a33) x20 0x00000000
core   0: 0x80009fc2 (0x340554f3) csrrwi  s1, mscratch, 10
core   0: 3 0x80009fc2 (0x340554f3) x 9 0x00000001 c832_mscratch 0x0000000a
core   0: 0x80009fc6 (0x03b11d23) sh      s11, 58(sp)
core   0: 3 0x80009fc6 (0x03b11d23) mem 0x8001332a 0x0013
core   0: 0x80009fca (0x34c12f83) lw      t6, 844(sp)
core   0: 3 0x80009fca (0x34c12f83) x31 0xd98ec83d mem 0x8001363c
core   0: 0x80009fce (0x53a14c83) lbu     s9, 1338(sp)
core   0: 3 0x80009fce (0x53a14c83) x25 0x00000081 mem 0x8001382a
core   0: 0x80009fd2 (0x78411803) lh      a6, 1924(sp)
core   0: 3 0x80009fd2 (0x78411803) x16 0xffffef29 mem 0x80013a74
core   0: 0x80009fd6 (0x346c4b13) xori    s6, s8, 838
core   0: 3 0x80009fd6 (0x346c4b13) x22 0x8001ba20
core   0: 0x80009fda (0x34002073) csrr    zero, mscratch
core   0: 3 0x80009fda (0x34002073)
core   0: 0x80009fde (0x00008b79) c.andi  a4, 30
core   0: 3 0x80009fde (0x8b79) x14 0x00000004
core   0: 0x80009fe0 (0x01da97b3) sll     a5, s5, t4
core   0: 3 0x80009fe0 (0x01da97b3) x15 0x04000000
core   0: 0x80009fe4 (0x2ed10703) lb      a4, 749(sp)
core   0: 3 0x80009fe4 (0x2ed10703) x14 0xffffffec mem 0x800135dd
core   0: 0x80009fe8 (0x00008649) c.srai  a2, 18
core   0: 3 0x80009fe8 (0x8649) x12 0x00000000
core   0: 0x80009fea (0x0ff0000f) fence   iorw,iorw
core   0: 3 0x80009fea (0x0ff0000f)
core   0: 0x80009fee (0x40b8d0b3) sra     ra, a7, a1
core   0: 3 0x80009fee (0x40b8d0b3) x 1 0x000c5e50
core   0: 0x80009ff2 (0x00008fb1) c.xor   a5, a2
core   0: 3 0x80009ff2 (0x8fb1) x15 0x04000000
core   0: 0x80009ff4 (0x34007ef3) csrrci  t4, mscratch, 0
core   0: 3 0x80009ff4 (0x34007ef3) x29 0x0000000a
core   0: 0x80009ff8 (0x03f5d433) divu    s0, a1, t6
core   0: 3 0x80009ff8 (0x03f5d433) x 8 0x00000000
core   0: 0x80009ffc (0xfccf7793) andi    a5, t5, -52
core   0: 3 0x80009ffc (0xfccf7793) x15 0x8002cd04
core   0: 0x8000a000 (0x340bf6f3) csrrci  a3, mscratch, 23
core   0: 3 0x8000a000 (0x340bf6f3) x13 0x0000000a c832_mscratch 0x00000008
core   0: 0x8000a004 (0x0ff0000f) fence   iorw,iorw
core   0: 3 0x8000a004 (0x0ff0000f)
core   0: 0x8000a008 (0x5de14b03) lbu     s6, 1502(sp)
core   0: 3 0x8000a008 (0x5de14b03) x22 0x00000010 mem 0x800138ce
core   0: 0x8000a00c (0x03363e33) mulhu   t3, a2, s3
core   0: 3 0x8000a00c (0x03363e33) x28 0x00000000
core   0: 0x8000a010 (0x0fa14403) lbu     s0, 250(sp)
core   0: 3 0x8000a010 (0x0fa14403) x 8 0x0000000e mem 0x800133ea
core   0: 0x8000a014 (0x0000a717) auipc   a4, 0xa
core   0: 3 0x8000a014 (0x0000a717) x14 0x80014014
core   0: 0x8000a018 (0xaa070713) addi    a4, a4, -1376
core   0: 3 0x8000a018 (0xaa070713) x14 0x80013ab4
core   0: 0x8000a01c (0x0000ad97) auipc   s11, 0xa
core   0: 3 0x8000a01c (0x0000ad97) x27 0x8001401c
core   0: 0x8000a020 (0x93fd8d93) addi    s11, s11, -1729
core   0: 3 0x8000a020 (0x93fd8d93) x27 0x8001395b
core   0: 0x8000a024 (0x0000ae17) auipc   t3, 0xa
core   0: 3 0x8000a024 (0x0000ae17) x28 0x80014024
core   0: 0x8000a028 (0xf52e0e13) addi    t3, t3, -174
core   0: 3 0x8000a028 (0xf52e0e13) x28 0x80013f76
core   0: 0x8000a02c (0x0000a797) auipc   a5, 0xa
core   0: 3 0x8000a02c (0x0000a797) x15 0x8001402c
core   0: 0x8000a030 (0x84178793) addi    a5, a5, -1983
core   0: 3 0x8000a030 (0x84178793) x15 0x8001386d
core   0: 0x8000a034 (0xc65e0403) lb      s0, -923(t3)
core   0: 3 0x8000a034 (0xc65e0403) x 8 0xffffffae mem 0x80013bdb
core   0: 0x8000a038 (0x928e1683) lh      a3, -1752(t3)
core   0: 3 0x8000a038 (0x928e1683) x13 0xffffbb19 mem 0x8001389e
core   0: 0x8000a03c (0x00072803) lw      a6, 0(a4)
core   0: 3 0x8000a03c (0x00072803) x16 0xaf48f2e1 mem 0x80013ab4
core   0: 0x8000a040 (0x00d71823) sh      a3, 16(a4)
core   0: 3 0x8000a040 (0x00d71823) mem 0x80013ac4 0xbb19
core   0: 0x8000a044 (0xff174003) lbu     zero, -15(a4)
core   0: 3 0x8000a044 (0xff174003) mem 0x80013aa5
core   0: 0x8000a048 (0xd28e5683) lhu     a3, -728(t3)
core   0: 3 0x8000a048 (0xd28e5683) x13 0x0000e64b mem 0x80013c9e
core   0: 0x8000a04c (0x009d8c83) lb      s9, 9(s11)
core   0: 3 0x8000a04c (0x009d8c83) x25 0x0000004a mem 0x80013964
core   0: 0x8000a050 (0xf6b7a983) lw      s3, -149(a5)
core   0: 3 0x8000a050 (0xf6b7a983) x19 0x22d26f06 mem 0x800137d8
core   0: 0x8000a054 (0xff0d8a03) lb      s4, -16(s11)
core   0: 3 0x8000a054 (0xff0d8a03) x20 0x00000051 mem 0x8001394b
core   0: 0x8000a058 (0xf9c78f83) lb      t6, -100(a5)
core   0: 3 0x8000a058 (0xf9c78f83) x31 0xffffffbc mem 0x80013809
core   0: 0x8000a05c (0xf0979183) lh      gp, -247(a5)
core   0: 3 0x8000a05c (0xf0979183) x 3 0x0000580b mem 0x80013776
core   0: 0x8000a060 (0x00f74b83) lbu     s7, 15(a4)
core   0: 3 0x8000a060 (0x00f74b83) x23 0x0000008d mem 0x80013ac3
core   0: 0x8000a064 (0xff8d8d23) sb      s8, -6(s11)
core   0: 3 0x8000a064 (0xff8d8d23) mem 0x80013955 0x66
core   0: 0x8000a068 (0xde9e4d03) lbu     s10, -535(t3)
core   0: 3 0x8000a068 (0xde9e4d03) x26 0x00000082 mem 0x80013d5f
core   0: 0x8000a06c (0x00a705a3) sb      a0, 11(a4)
core   0: 3 0x8000a06c (0x00a705a3) mem 0x80013abf 0x0
core   0: 0x8000a070 (0x00c70a03) lb      s4, 12(a4)
core   0: 3 0x8000a070 (0x00c70a03) x20 0x00000059 mem 0x80013ac0
core   0: 0x8000a074 (0x06878203) lb      tp, 104(a5)
core   0: 3 0x8000a074 (0x06878203) x 4 0xffffffd0 mem 0x800138d5
core   0: 0x8000a078 (0xfecd98a3) sh      a2, -15(s11)
core   0: 3 0x8000a078 (0xfecd98a3) mem 0x8001394c 0x0000
core   0: 0x8000a07c (0x023794a3) sh      gp, 41(a5)
core   0: 3 0x8000a07c (0x023794a3) mem 0x80013896 0x580b
core   0: 0x8000a080 (0x0c9787a3) sb      s1, 207(a5)
core   0: 3 0x8000a080 (0x0c9787a3) mem 0x8001393c 0x1
core   0: 0x8000a084 (0xfe6708a3) sb      t1, -15(a4)
core   0: 3 0x8000a084 (0xfe6708a3) mem 0x80013aa5 0x1
core   0: 0x8000a088 (0xf4d78823) sb      a3, -176(a5)
core   0: 3 0x8000a088 (0xf4d78823) mem 0x800137bd 0x4b
core   0: 0x8000a08c (0x83de0983) lb      s3, -1987(t3)
core   0: 3 0x8000a08c (0x83de0983) x19 0xffffffce mem 0x800137b3
core   0: 0x8000a090 (0x090785a3) sb      a6, 139(a5)
core   0: 3 0x8000a090 (0x090785a3) mem 0x800138f8 0xe1
core   0: 0x8000a094 (0x01ad96a3) sh      s10, 13(s11)
core   0: 3 0x8000a094 (0x01ad96a3) mem 0x80013968 0x0082
core   0: 0x8000a098 (0x0a87c603) lbu     a2, 168(a5)
core   0: 3 0x8000a098 (0x0a87c603) x12 0x00000041 mem 0x80013915
core   0: 0x8000a09c (0xf5678723) sb      s6, -178(a5)
core   0: 3 0x8000a09c (0xf5678723) mem 0x800137bb 0x10
core   0: 0x8000a0a0 (0x0001ad17) auipc   s10, 0x1a
core   0: 3 0x8000a0a0 (0x0001ad17) x26 0x800240a0
core   0: 0x8000a0a4 (0xfb4d0d13) addi    s10, s10, -76
core   0: 3 0x8000a0a4 (0xfb4d0d13) x26 0x80024054
core   0: 0x8000a0a8 (0x3401fe73) csrrci  t3, mscratch, 3
core   0: 3 0x8000a0a8 (0x3401fe73) x28 0x00000008 c832_mscratch 0x00000008
core   0: 0x8000a0ac (0x340060f3) csrrsi  ra, mscratch, 0
core   0: 3 0x8000a0ac (0x340060f3) x 1 0x00000008
core   0: 0x8000a0b0 (0x34011e73) csrrw   t3, mscratch, sp
core   0: 3 0x8000a0b0 (0x34011e73) x28 0x00000008 c832_mscratch 0x800132f0
core   0: 0x8000a0b4 (0x120d25af) lr.w    a1, (s10)
core   0: 3 0x8000a0b4 (0x120d25af) x11 0x80009dea mem 0x80024054
core   0: 0x8000a0b8 (0x193d292f) sc.w    s2, s3, (s10)
core   0: 3 0x8000a0b8 (0x193d292f) x18 0x00000000 mem 0x80024054 0xffffffce
core   0: 0x8000a0bc (0x0001ae97) auipc   t4, 0x1a
core   0: 3 0x8000a0bc (0x0001ae97) x29 0x800240bc
core   0: 0x8000a0c0 (0xfc4e8e93) addi    t4, t4, -60
core   0: 3 0x8000a0c0 (0xfc4e8e93) x29 0x80024080
core   0: 0x8000a0c4 (0x0001a897) auipc   a7, 0x1a
core   0: 3 0x8000a0c4 (0x0001a897) x17 0x800240c4
core   0: 0x8000a0c8 (0xfb088893) addi    a7, a7, -80
core   0: 3 0x8000a0c8 (0xfb088893) x17 0x80024074
core   0: 0x8000a0cc (0xe248a22f) amomaxu.w tp, tp, (a7)
core   0: 3 0x8000a0cc (0xe248a22f) x 4 0x0000001b mem 0x80024074 mem 0x80024074 0xffffffd0
core   0: 0x8000a0d0 (0x40355413) srai    s0, a0, 3
core   0: 3 0x8000a0d0 (0x40355413) x 8 0x00000000
core   0: 0x8000a0d4 (0x0d4eab2f) amoswap.w s6, s4, (t4)
core   0: 3 0x8000a0d4 (0x0d4eab2f) x22 0x8002cd24 mem 0x80024080 mem 0x80024080 0x00000059
core   0: 0x8000a0d8 (0x87eee413) ori     s0, t4, -1922
core   0: 3 0x8000a0d8 (0x87eee413) x 8 0xfffff8fe
core   0: 0x8000a0dc (0x00008f39) c.xor   a4, a4
core   0: 3 0x8000a0dc (0x8f39) x14 0x00000000
core   0: 0x8000a0de (0x005eafaf) amoadd.w t6, t0, (t4)
core   0: 3 0x8000a0de (0x005eafaf) x31 0x00000059 mem 0x80024080 mem 0x80024080 0x80028ecd
core   0: 0x8000a0e2 (0x0001ab17) auipc   s6, 0x1a
core   0: 3 0x8000a0e2 (0x0001ab17) x22 0x800240e2
core   0: 0x8000a0e6 (0xf7eb0b13) addi    s6, s6, -130
core   0: 3 0x8000a0e6 (0xf7eb0b13) x22 0x80024060
core   0: 0x8000a0ea (0x57d8e893) ori     a7, a7, 1405
core   0: 3 0x8000a0ea (0x57d8e893) x17 0x8002457d
core   0: 0x8000a0ee (0xbbea7613) andi    a2, s4, -1090
core   0: 3 0x8000a0ee (0xbbea7613) x12 0x00000018
core   0: 0x8000a0f2 (0x0000717d) c.addi16sp sp, -16
core   0: 3 0x8000a0f2 (0x717d) x 2 0x800132e0
core   0: 0x8000a0f4 (0x63fca893) slti    a7, s9, 1599
core   0: 3 0x8000a0f4 (0x63fca893) x17 0x00000001
core   0: 0x8000a0f8 (0x34002473) csrr    s0, mscratch
core   0: 3 0x8000a0f8 (0x34002473) x 8 0x800132f0
core   0: 0x8000a0fc (0x120b242f) lr.w    s0, (s6)
core   0: 3 0x8000a0fc (0x120b242f) x 8 0x7ffc1005 mem 0x80024060
core   0: 0x8000a100 (0x03ad97b3) mulh    a5, s11, s10
core   0: 3 0x8000a100 (0x03ad97b3) x15 0x3ffe432b
core   0: 0x8000a104 (0x00008321) c.srli  a4, 8
core   0: 3 0x8000a104 (0x8321) x14 0x00000000
core   0: 0x8000a106 (0x01505e93) srli    t4, zero, 21
core   0: 3 0x8000a106 (0x01505e93) x29 0x00000000
core   0: 0x8000a10a (0x58ec7893) andi    a7, s8, 1422
core   0: 3 0x8000a10a (0x58ec7893) x17 0x00000106
core   0: 0x8000a10e (0x40c28a33) sub     s4, t0, a2
core   0: 3 0x8000a10e (0x40c28a33) x20 0x80028e5c
core   0: 0x8000a112 (0x1bfb25af) sc.w    a1, t6, (s6)
core   0: 3 0x8000a112 (0x1bfb25af) x11 0x00000000 mem 0x80024060 0x00000059
core   0: 0x8000a116 (0x0160066f) jal     a2, pc + 0x16
core   0: 3 0x8000a116 (0x0160066f) x12 0x8000a11a
core   0: 0x8000a12c (0x00003fc5) c.jal   pc - 16
core   0: 3 0x8000a12c (0x3fc5) x 1 0x8000a12e
core   0: 0x8000a11c (0x006000ef) jal     pc + 0x6
core   0: 3 0x8000a11c (0x006000ef) x 1 0x8000a120
core   0: 0x8000a122 (0x020000ef) jal     pc + 0x20
core   0: 3 0x8000a122 (0x020000ef) x 1 0x8000a126
core   0: 0x8000a142 (0x0000bfe5) c.j     pc - 8
core   0: 3 0x8000a142 (0xbfe5)
core   0: 0x8000a13a (0xff1ffc6f) jal     s8, pc - 0x10
core   0: 3 0x8000a13a (0xff1ffc6f) x24 0x8000a13e
core   0: 0x8000a12a (0x00002839) c.jal   pc + 30
core   0: 3 0x8000a12a (0x2839) x 1 0x8000a12c
core   0: 0x8000a148 (0x0040036f) jal     t1, pc + 0x4
core   0: 3 0x8000a148 (0x0040036f) x 6 0x8000a14c
core   0: 0x8000a14c (0x00003fe5) c.jal   pc - 8
core   0: 3 0x8000a14c (0x3fe5) x 1 0x8000a14e
core   0: 0x8000a144 (0xfebff36f) jal     t1, pc - 0x16
core   0: 3 0x8000a144 (0xfebff36f) x 6 0x8000a148
core   0: 0x8000a12e (0x0000a011) c.j     pc + 4
core   0: 3 0x8000a12e (0xa011)
core   0: 0x8000a132 (0x0000a009) c.j     pc + 2
core   0: 3 0x8000a132 (0xa009)
core   0: 0x8000a134 (0x00002029) c.jal   pc + 10
core   0: 3 0x8000a134 (0x2029) x 1 0x8000a136
core   0: 0x8000a13e (0x0000bfe5) c.j     pc - 8
core   0: 3 0x8000a13e (0xbfe5)
core   0: 0x8000a136 (0xfebff0ef) jal     pc - 0x16
core   0: 3 0x8000a136 (0xfebff0ef) x 1 0x8000a13a
core   0: 0x8000a120 (0x0000a805) c.j     pc + 48
core   0: 3 0x8000a120 (0xa805)
core   0: 0x8000a150 (0x00003ffd) c.jal   pc - 2
core   0: 3 0x8000a150 (0x3ffd) x 1 0x8000a152
core   0: 0x8000a14e (0x00003fe9) c.jal   pc - 38
core   0: 3 0x8000a14e (0x3fe9) x 1 0x8000a150
core   0: 0x8000a128 (0x00002021) c.jal   pc + 8
core   0: 3 0x8000a128 (0x2021) x 1 0x8000a12a
core   0: 0x8000a130 (0x00003fdd) c.jal   pc - 10
core   0: 3 0x8000a130 (0x3fdd) x 1 0x8000a132
core   0: 0x8000a126 (0x00002829) c.jal   pc + 26
core   0: 3 0x8000a126 (0x2829) x 1 0x8000a128
core   0: 0x8000a140 (0x00003fe9) c.jal   pc - 38
core   0: 3 0x8000a140 (0x3fe9) x 1 0x8000a142
core   0: 0x8000a11a (0x0000a825) c.j     pc + 56
core   0: 3 0x8000a11a (0xa825)
core   0: 0x8000a152 (0x40d0fd93) andi    s11, ra, 1037
core   0: 3 0x8000a152 (0x40d0fd93) x27 0x00000000
core   0: 0x8000a156 (0x0000d117) auipc   sp, 0xd
core   0: 3 0x8000a156 (0x0000d117) x 2 0x80017156
core   0: 0x8000a15a (0x3b710113) addi    sp, sp, 951
core   0: 3 0x8000a15a (0x3b710113) x 2 0x8001750d
core   0: 0x8000a15e (0x05210683) lb      a3, 82(sp)
core   0: 3 0x8000a15e (0x05210683) x13 0x0000003b mem 0x8001755f
core   0: 0x8000a162 (0x06c14e03) lbu     t3, 108(sp)
core   0: 3 0x8000a162 (0x06c14e03) x28 0x00000093 mem 0x80017579
core   0: 0x8000a166 (0x01514e83) lbu     t4, 21(sp)
core   0: 3 0x8000a166 (0x01514e83) x29 0x0000000d mem 0x80017522
core   0: 0x8000a16a (0x2eac0693) addi    a3, s8, 746
core   0: 3 0x8000a16a (0x2eac0693) x13 0x8000a428
core   0: 0x8000a16e (0x03dcdc33) divu    s8, s9, t4
core   0: 3 0x8000a16e (0x03dcdc33) x24 0x00000005
core   0: 0x8000a172 (0x02dc4cb3) div     s9, s8, a3
core   0: 3 0x8000a172 (0x02dc4cb3) x25 0x00000000
core   0: 0x8000a176 (0x0ad113a3) sh      a3, 167(sp)
core   0: 3 0x8000a176 (0x0ad113a3) mem 0x800175b4 0xa428
core   0: 0x8000a17a (0x09f12c03) lw      s8, 159(sp)
core   0: 3 0x8000a17a (0x09f12c03) x24 0xc6a63917 mem 0x800175ac
core   0: 0x8000a17e (0x09810d23) sb      s8, 154(sp)
core   0: 3 0x8000a17e (0x09810d23) mem 0x800175a7 0x17
core   0: 0x8000a182 (0x000066a5) c.lui   a3, 0x9
core   0: 3 0x8000a182 (0x66a5) x13 0x00009000
core   0: 0x8000a184 (0x0dc10123) sb      t3, 194(sp)
core   0: 3 0x8000a184 (0x0dc10123) mem 0x800175cf 0x93
core   0: 0x8000a188 (0xf8d10823) sb      a3, -112(sp)
core   0: 3 0x8000a188 (0xf8d10823) mem 0x8001749d 0x0
core   0: 0x8000a18c (0xf9c100a3) sb      t3, -127(sp)
core   0: 3 0x8000a18c (0xf9c100a3) mem 0x8001748e 0x93
core   0: 0x8000a190 (0xa3362eb7) lui     t4, 0xa3362
core   0: 3 0x8000a190 (0xa3362eb7) x29 0xa3362000
core   0: 0x8000a194 (0x01910fa3) sb      s9, 31(sp)
core   0: 3 0x8000a194 (0x01910fa3) mem 0x8001752c 0x0
core   0: 0x8000a198 (0x34069c73) csrrw   s8, mscratch, a3
core   0: 3 0x8000a198 (0x34069c73) x24 0x800132f0 c832_mscratch 0x00009000
core   0: 0x8000a19c (0xfdfc7c13) andi    s8, s8, -33
core   0: 3 0x8000a19c (0xfdfc7c13) x24 0x800132d0
core   0: 0x8000a1a0 (0x00008e95) c.sub   a3, a3
core   0: 3 0x8000a1a0 (0x8e95) x13 0x00000000
core   0: 0x8000a1a2 (0xfec14303) lbu     t1, -20(sp)
core   0: 3 0x8000a1a2 (0xfec14303) x 6 0x00000007 mem 0x800174f9
core   0: 0x8000a1a6 (0x0ed110a3) sh      a3, 225(sp)
core   0: 3 0x8000a1a6 (0x0ed110a3) mem 0x800175ee 0x0000
core   0: 0x8000a1aa (0x050c3c93) sltiu   s9, s8, 80
core   0: 3 0x8000a1aa (0x050c3c93) x25 0x00000000
core   0: 0x8000a1ae (0x03d10ba3) sb      t4, 55(sp)
core   0: 3 0x8000a1ae (0x03d10ba3) mem 0x80017544 0x0
core   0: 0x8000a1b2 (0x09910623) sb      s9, 140(sp)
core   0: 3 0x8000a1b2 (0x09910623) mem 0x80017599 0x0
core   0: 0x8000a1b6 (0x3402de73) csrrwi  t3, mscratch, 5
core   0: 3 0x8000a1b6 (0x3402de73) x28 0x00009000 c832_mscratch 0x00000005
core   0: 0x8000a1ba (0x00d103a3) sb      a3, 7(sp)
core   0: 3 0x8000a1ba (0x00d103a3) mem 0x80017514 0x0
core   0: 0x8000a1be (0x06b10c03) lb      s8, 107(sp)
core   0: 3 0x8000a1be (0x06b10c03) x24 0xffffffab mem 0x80017578
core   0: 0x8000a1c2 (0xf2510303) lb      t1, -219(sp)
core   0: 3 0x8000a1c2 (0xf2510303) x 6 0x0000001e mem 0x80017432
core   0: 0x8000a1c6 (0x0ff0000f) fence   iorw,iorw
core   0: 3 0x8000a1c6 (0x0ff0000f)
core   0: 0x8000a1ca (0x038e4c33) div     s8, t3, s8
core   0: 3 0x8000a1ca (0x038e4c33) x24 0xfffffe4f
core   0: 0x8000a1ce (0x993eb693) sltiu   a3, t4, -1645
core   0: 3 0x8000a1ce (0x993eb693) x13 0x00000001
core   0: 0x8000a1d2 (0x018eee33) or      t3, t4, s8
core   0: 3 0x8000a1d2 (0x018eee33) x28 0xfffffe4f
core   0: 0x8000a1d6 (0x0ff0000f) fence   iorw,iorw
core   0: 3 0x8000a1d6 (0x0ff0000f)
core   0: 0x8000a1da (0xf0915c83) lhu     s9, -247(sp)
core   0: 3 0x8000a1da (0xf0915c83) x25 0x0000a012 mem 0x80017416
core   0: 0x8000a1de (0xf4e10303) lb      t1, -178(sp)
core   0: 3 0x8000a1de (0xf4e10303) x 6 0xffffffb5 mem 0x8001745b
core   0: 0x8000a1e2 (0x018e6c33) or      s8, t3, s8
core   0: 3 0x8000a1e2 (0x018e6c33) x24 0xfffffe4f
core   0: 0x8000a1e6 (0x0e6118a3) sh      t1, 241(sp)
core   0: 3 0x8000a1e6 (0x0e6118a3) mem 0x800175fe 0xffb5
core   0: 0x8000a1ea (0x0dc10023) sb      t3, 192(sp)
core   0: 3 0x8000a1ea (0x0dc10023) mem 0x800175cd 0x4f
core   0: 0x8000a1ee (0x02110c83) lb      s9, 33(sp)
core   0: 3 0x8000a1ee (0x02110c83) x25 0x0000003a mem 0x8001752e
core   0: 0x8000a1f2 (0x018129a3) sw      s8, 19(sp)
core   0: 3 0x8000a1f2 (0x018129a3) mem 0x80017520 0xfffffe4f
core   0: 0x8000a1f6 (0xc1233e13) sltiu   t3, t1, -1006
core   0: 3 0x8000a1f6 (0xc1233e13) x28 0x00000000
core   0: 0x8000a1fa (0x340ef6f3) csrrci  a3, mscratch, 29
core   0: 3 0x8000a1fa (0x340ef6f3) x13 0x00000005 c832_mscratch 0x00000000
core   0: 0x8000a1fe (0x04915303) lhu     t1, 73(sp)
core   0: 3 0x8000a1fe (0x04915303) x 6 0x00002701 mem 0x80017556
core   0: 0x8000a202 (0xfc810e83) lb      t4, -56(sp)
core   0: 3 0x8000a202 (0xfc810e83) x29 0x0000003f mem 0x800174d5
core   0: 0x8000a206 (0xf2214c83) lbu     s9, -222(sp)
core   0: 3 0x8000a206 (0xf2214c83) x25 0x000000ce mem 0x8001742f
core   0: 0x8000a20a (0xf9f10683) lb      a3, -97(sp)
core   0: 3 0x8000a20a (0xf9f10683) x13 0xfffffff1 mem 0x800174ac
core   0: 0x8000a20e (0x00a0066f) jal     a2, pc + 0xa
core   0: 3 0x8000a20e (0x00a0066f) x12 0x8000a212
core   0: 0x8000a218 (0x0000a801) c.j     pc + 16
core   0: 3 0x8000a218 (0xa801)
core   0: 0x8000a228 (0x000037fd) c.jal   pc - 18
core   0: 3 0x8000a228 (0x37fd) x 1 0x8000a22a
core   0: 0x8000a216 (0x00002031) c.jal   pc + 12
core   0: 3 0x8000a216 (0x2031) x 1 0x8000a218
core   0: 0x8000a222 (0xffbff0ef) jal     pc - 0x6
core   0: 3 0x8000a222 (0xffbff0ef) x 1 0x8000a226
core   0: 0x8000a21c (0x00003fdd) c.jal   pc - 10
core   0: 3 0x8000a21c (0x3fdd) x 1 0x8000a21e
core   0: 0x8000a212 (0x00002009) c.jal   pc + 2
core   0: 3 0x8000a212 (0x2009) x 1 0x8000a214
core   0: 0x8000a214 (0x0000a019) c.j     pc + 6
core   0: 3 0x8000a214 (0xa019)
core   0: 0x8000a21a (0x00002031) c.jal   pc + 12
core   0: 3 0x8000a21a (0x2031) x 1 0x8000a21c
core   0: 0x8000a226 (0x0000bfe5) c.j     pc - 8
core   0: 3 0x8000a226 (0xbfe5)
core   0: 0x8000a21e (0x00c0036f) jal     t1, pc + 0xc
core   0: 3 0x8000a21e (0x00c0036f) x 6 0x8000a222
core   0: 0x8000a22a (0x00009aa6) c.add   s5, s1
core   0: 3 0x8000a22a (0x9aa6) x21 0x00000002
core   0: 0x8000a22c (0x00009597) auipc   a1, 0x9
core   0: 3 0x8000a22c (0x00009597) x11 0x8001322c
core   0: 0x8000a230 (0x4a058593) addi    a1, a1, 1184
core   0: 3 0x8000a230 (0x4a058593) x11 0x800136cc
core   0: 0x8000a234 (0xff0585a3) sb      a6, -21(a1)
core   0: 3 0x8000a234 (0xff0585a3) mem 0x800136b7 0xe1
core   0: 0x8000a238 (0xfeb5cc83) lbu     s9, -21(a1)
core   0: 3 0x8000a238 (0xfeb5cc83) x25 0x000000e1 mem 0x800136b7
core   0: 0x8000a23c (0xfeb5c403) lbu     s0, -21(a1)
core   0: 3 0x8000a23c (0xfeb5c403) x 8 0x000000e1 mem 0x800136b7
core   0: 0x8000a240 (0xff7585a3) sb      s7, -21(a1)
core   0: 3 0x8000a240 (0xff7585a3) mem 0x800136b7 0x8d
core   0: 0x8000a244 (0xff2585a3) sb      s2, -21(a1)
core   0: 3 0x8000a244 (0xff2585a3) mem 0x800136b7 0x0
core   0: 0x8000a248 (0xf185cd03) lbu     s10, -232(a1)
core   0: 3 0x8000a248 (0xf185cd03) x26 0x00000078 mem 0x800135e4
core   0: 0x8000a24c (0xf1859b83) lh      s7, -232(a1)
core   0: 3 0x8000a24c (0xf1859b83) x23 0x00007778 mem 0x800135e4
core   0: 0x8000a250 (0xf1558c23) sb      s5, -232(a1)
core   0: 3 0x8000a250 (0xf1558c23) mem 0x800135e4 0x2
core   0: 0x8000a254 (0xf3e5d883) lhu     a7, -194(a1)
core   0: 3 0x8000a254 (0xf3e5d883) x17 0x000055e5 mem 0x8001360a
core   0: 0x8000a258 (0x0000717d) c.addi16sp sp, -16
core   0: 3 0x8000a258 (0x717d) x 2 0x800174fd
core   0: 0x8000a25a (0xf3e59783) lh      a5, -194(a1)
core   0: 3 0x8000a25a (0xf3e59783) x15 0x000055e5 mem 0x8001360a
core   0: 0x8000a25e (0xf3b58f23) sb      s11, -194(a1)
core   0: 3 0x8000a25e (0xf3b58f23) mem 0x8001360a 0x0
core   0: 0x8000a262 (0xf145ab03) lw      s6, -236(a1)
core   0: 3 0x8000a262 (0xf145ab03) x22 0xabc67248 mem 0x800135e0
core   0: 0x8000a266 (0xf8a5d503) lhu     a0, -118(a1)
core   0: 3 0x8000a266 (0xf8a5d503) x10 0x00007fa2 mem 0x80013656
core   0: 0x8000a26a (0xf9158523) sb      a7, -118(a1)
core   0: 3 0x8000a26a (0xf9158523) mem 0x80013656 0xe5
core   0: 0x8000a26e (0x00008ef1) c.and   a3, a2
core   0: 3 0x8000a26e (0x8ef1) x13 0x8000a210
core   0: 0x8000a270 (0x00349533) sll     a0, s1, gp
core   0: 3 0x8000a270 (0x00349533) x10 0x00000800
core   0: 0x8000a274 (0xf8a5d403) lhu     s0, -118(a1)
core   0: 3 0x8000a274 (0xf8a5d403) x 8 0x00007fe5 mem 0x80013656
core   0: 0x8000a278 (0xfcc5a703) lw      a4, -52(a1)
core   0: 3 0x8000a278 (0xfcc5a703) x14 0x428f7a3e mem 0x80013698
core   0: 0x8000a27c (0xfcc59e83) lh      t4, -52(a1)
core   0: 3 0x8000a27c (0xfcc59e83) x29 0x00007a3e mem 0x80013698
core   0: 0x8000a280 (0x02b584a3) sb      a1, 41(a1)
core   0: 3 0x8000a280 (0x02b584a3) mem 0x800136f5 0xcc
core   0: 0x8000a284 (0x00004781) c.li    a5, 0
core   0: 3 0x8000a284 (0x4781) x15 0x00000000
core   0: 0x8000a286 (0x00008de9) c.and   a1, a0
core   0: 3 0x8000a286 (0x8de9) x11 0x00000000
core   0: 0x8000a288 (0x020a6a33) rem     s4, s4, zero
core   0: 3 0x8000a288 (0x020a6a33) x20 0x80028e5c
core   0: 0x8000a28c (0x0ff0000f) fence   iorw,iorw
core   0: 3 0x8000a28c (0x0ff0000f)
core   0: 0x8000a290 (0x0000100f) fence.i
core   0: 3 0x8000a290 (0x0000100f)
core   0: 0x8000a294 (0x0327d133) divu    sp, a5, s2
core   0: 3 0x8000a294 (0x0327d133) x 2 0xffffffff
core   0: 0x8000a298 (0x34007bf3) csrrci  s7, mscratch, 0
core   0: 3 0x8000a298 (0x34007bf3) x23 0x00000000
core   0: 0x8000a29c (0x3402a0f3) csrrs   ra, mscratch, t0
core   0: 3 0x8000a29c (0x3402a0f3) x 1 0x00000000 c832_mscratch 0x80028e74
core   0: 0x8000a2a0 (0x0000854d) c.srai  a0, 19
core   0: 3 0x8000a2a0 (0x854d) x10 0x00000000
core   0: 0x8000a2a2 (0x000084c5) c.srai  s1, 17
core   0: 3 0x8000a2a2 (0x84c5) x 9 0x00000000
core   0: 0x8000a2a4 (0x000049cd) c.li    s3, 19
core   0: 3 0x8000a2a4 (0x49cd) x19 0x00000013
core   0: 0x8000a2a6 (0x1b612d97) auipc   s11, 0x1b612
core   0: 3 0x8000a2a6 (0x1b612d97) x27 0x9b61c2a6
core   0: 0x8000a2aa (0xb60a2813) slti    a6, s4, -1184
core   0: 3 0x8000a2aa (0xb60a2813) x16 0x00000001
core   0: 0x8000a2ae (0x00000785) c.addi  a5, 1
core   0: 3 0x8000a2ae (0x0785) x15 0x00000001
core   0: 0x8000a2b0 (0xff379de3) bne     a5, s3, pc - 6
core   0: 3 0x8000a2b0 (0xff379de3)
core   0: 0x8000a2aa (0xb60a2813) slti    a6, s4, -1184
core   0: 3 0x8000a2aa (0xb60a2813) x16 0x00000001
core   0: 0x8000a2ae (0x00000785) c.addi  a5, 1
core   0: 3 0x8000a2ae (0x0785) x15 0x00000002
core   0: 0x8000a2b0 (0xff379de3) bne     a5, s3, pc - 6
core   0: 3 0x8000a2b0 (0xff379de3)
core   0: 0x8000a2aa (0xb60a2813) slti    a6, s4, -1184
core   0: 3 0x8000a2aa (0xb60a2813) x16 0x00000001
core   0: 0x8000a2ae (0x00000785) c.addi  a5, 1
core   0: 3 0x8000a2ae (0x0785) x15 0x00000003
core   0: 0x8000a2b0 (0xff379de3) bne     a5, s3, pc - 6
core   0: 3 0x8000a2b0 (0xff379de3)
core   0: 0x8000a2aa (0xb60a2813) slti    a6, s4, -1184
core   0: 3 0x8000a2aa (0xb60a2813) x16 0x00000001
core   0: 0x8000a2ae (0x00000785) c.addi  a5, 1
core   0: 3 0x8000a2ae (0x0785) x15 0x00000004
core   0: 0x8000a2b0 (0xff379de3) bne     a5, s3, pc - 6
core   0: 3 0x8000a2b0 (0xff379de3)
core   0: 0x8000a2aa (0xb60a2813) slti    a6, s4, -1184
core   0: 3 0x8000a2aa (0xb60a2813) x16 0x00000001
core   0: 0x8000a2ae (0x00000785) c.addi  a5, 1
core   0: 3 0x8000a2ae (0x0785) x15 0x00000005
core   0: 0x8000a2b0 (0xff379de3) bne     a5, s3, pc - 6
core   0: 3 0x8000a2b0 (0xff379de3)
core   0: 0x8000a2aa (0xb60a2813) slti    a6, s4, -1184
core   0: 3 0x8000a2aa (0xb60a2813) x16 0x00000001
core   0: 0x8000a2ae (0x00000785) c.addi  a5, 1
core   0: 3 0x8000a2ae (0x0785) x15 0x00000006
core   0: 0x8000a2b0 (0xff379de3) bne     a5, s3, pc - 6
core   0: 3 0x8000a2b0 (0xff379de3)
core   0: 0x8000a2aa (0xb60a2813) slti    a6, s4, -1184
core   0: 3 0x8000a2aa (0xb60a2813) x16 0x00000001
core   0: 0x8000a2ae (0x00000785) c.addi  a5, 1
core   0: 3 0x8000a2ae (0x0785) x15 0x00000007
core   0: 0x8000a2b0 (0xff379de3) bne     a5, s3, pc - 6
core   0: 3 0x8000a2b0 (0xff379de3)
core   0: 0x8000a2aa (0xb60a2813) slti    a6, s4, -1184
core   0: 3 0x8000a2aa (0xb60a2813) x16 0x00000001
core   0: 0x8000a2ae (0x00000785) c.addi  a5, 1
core   0: 3 0x8000a2ae (0x0785) x15 0x00000008
core   0: 0x8000a2b0 (0xff379de3) bne     a5, s3, pc - 6
core   0: 3 0x8000a2b0 (0xff379de3)
core   0: 0x8000a2aa (0xb60a2813) slti    a6, s4, -1184
core   0: 3 0x8000a2aa (0xb60a2813) x16 0x00000001
core   0: 0x8000a2ae (0x00000785) c.addi  a5, 1
core   0: 3 0x8000a2ae (0x0785) x15 0x00000009
core   0: 0x8000a2b0 (0xff379de3) bne     a5, s3, pc - 6
core   0: 3 0x8000a2b0 (0xff379de3)
core   0: 0x8000a2aa (0xb60a2813) slti    a6, s4, -1184
core   0: 3 0x8000a2aa (0xb60a2813) x16 0x00000001
core   0: 0x8000a2ae (0x00000785) c.addi  a5, 1
core   0: 3 0x8000a2ae (0x0785) x15 0x0000000a
core   0: 0x8000a2b0 (0xff379de3) bne     a5, s3, pc - 6
core   0: 3 0x8000a2b0 (0xff379de3)
core   0: 0x8000a2aa (0xb60a2813) slti    a6, s4, -1184
core   0: 3 0x8000a2aa (0xb60a2813) x16 0x00000001
core   0: 0x8000a2ae (0x00000785) c.addi  a5, 1
core   0: 3 0x8000a2ae (0x0785) x15 0x0000000b
core   0: 0x8000a2b0 (0xff379de3) bne     a5, s3, pc - 6
core   0: 3 0x8000a2b0 (0xff379de3)
core   0: 0x8000a2aa (0xb60a2813) slti    a6, s4, -1184
core   0: 3 0x8000a2aa (0xb60a2813) x16 0x00000001
core   0: 0x8000a2ae (0x00000785) c.addi  a5, 1
core   0: 3 0x8000a2ae (0x0785) x15 0x0000000c
core   0: 0x8000a2b0 (0xff379de3) bne     a5, s3, pc - 6
core   0: 3 0x8000a2b0 (0xff379de3)
core   0: 0x8000a2aa (0xb60a2813) slti    a6, s4, -1184
core   0: 3 0x8000a2aa (0xb60a2813) x16 0x00000001
core   0: 0x8000a2ae (0x00000785) c.addi  a5, 1
core   0: 3 0x8000a2ae (0x0785) x15 0x0000000d
core   0: 0x8000a2b0 (0xff379de3) bne     a5, s3, pc - 6
core   0: 3 0x8000a2b0 (0xff379de3)
core   0: 0x8000a2aa (0xb60a2813) slti    a6, s4, -1184
core   0: 3 0x8000a2aa (0xb60a2813) x16 0x00000001
core   0: 0x8000a2ae (0x00000785) c.addi  a5, 1
core   0: 3 0x8000a2ae (0x0785) x15 0x0000000e
core   0: 0x8000a2b0 (0xff379de3) bne     a5, s3, pc - 6
core   0: 3 0x8000a2b0 (0xff379de3)
core   0: 0x8000a2aa (0xb60a2813) slti    a6, s4, -1184
core   0: 3 0x8000a2aa (0xb60a2813) x16 0x00000001
core   0: 0x8000a2ae (0x00000785) c.addi  a5, 1
core   0: 3 0x8000a2ae (0x0785) x15 0x0000000f
core   0: 0x8000a2b0 (0xff379de3) bne     a5, s3, pc - 6
core   0: 3 0x8000a2b0 (0xff379de3)
core   0: 0x8000a2aa (0xb60a2813) slti    a6, s4, -1184
core   0: 3 0x8000a2aa (0xb60a2813) x16 0x00000001
core   0: 0x8000a2ae (0x00000785) c.addi  a5, 1
core   0: 3 0x8000a2ae (0x0785) x15 0x00000010
core   0: 0x8000a2b0 (0xff379de3) bne     a5, s3, pc - 6
core   0: 3 0x8000a2b0 (0xff379de3)
core   0: 0x8000a2aa (0xb60a2813) slti    a6, s4, -1184
core   0: 3 0x8000a2aa (0xb60a2813) x16 0x00000001
core   0: 0x8000a2ae (0x00000785) c.addi  a5, 1
core   0: 3 0x8000a2ae (0x0785) x15 0x00000011
core   0: 0x8000a2b0 (0xff379de3) bne     a5, s3, pc - 6
core   0: 3 0x8000a2b0 (0xff379de3)
core   0: 0x8000a2aa (0xb60a2813) slti    a6, s4, -1184
core   0: 3 0x8000a2aa (0xb60a2813) x16 0x00000001
core   0: 0x8000a2ae (0x00000785) c.addi  a5, 1
core   0: 3 0x8000a2ae (0x0785) x15 0x00000012
core   0: 0x8000a2b0 (0xff379de3) bne     a5, s3, pc - 6
core   0: 3 0x8000a2b0 (0xff379de3)
core   0: 0x8000a2aa (0xb60a2813) slti    a6, s4, -1184
core   0: 3 0x8000a2aa (0xb60a2813) x16 0x00000001
core   0: 0x8000a2ae (0x00000785) c.addi  a5, 1
core   0: 3 0x8000a2ae (0x0785) x15 0x00000013
core   0: 0x8000a2b0 (0xff379de3) bne     a5, s3, pc - 6
core   0: 3 0x8000a2b0 (0xff379de3)
core   0: 0x8000a2b4 (0x030efc33) remu    s8, t4, a6
core   0: 3 0x8000a2b4 (0x030efc33) x24 0x00000000
core   0: 0x8000a2b8 (0x0001ae97) auipc   t4, 0x1a
core   0: 3 0x8000a2b8 (0x0001ae97) x29 0x800242b8
core   0: 0x8000a2bc (0xda8e8e93) addi    t4, t4, -600
core   0: 3 0x8000a2bc (0xda8e8e93) x29 0x80024060
core   0: 0x8000a2c0 (0x100ea82f) lr.w    a6, (t4)
core   0: 3 0x8000a2c0 (0x100ea82f) x16 0x00000059 mem 0x80024060
core   0: 0x8000a2c4 (0x1d6ea52f) sc.w    a0, s6, (t4)
core   0: 3 0x8000a2c4 (0x1d6ea52f) x10 0x00000000 mem 0x80024060 0xabc67248
core   0: 0x8000a2c8 (0x0001a497) auipc   s1, 0x1a
core   0: 3 0x8000a2c8 (0x0001a497) x 9 0x800242c8
core   0: 0x8000a2cc (0xd9048493) addi    s1, s1, -624
core   0: 3 0x8000a2cc (0xd9048493) x 9 0x80024058
core   0: 0x8000a2d0 (0x0001a517) auipc   a0, 0x1a
core   0: 3 0x8000a2d0 (0x0001a517) x10 0x800242d0
core   0: 0x8000a2d4 (0xdb050513) addi    a0, a0, -592
core   0: 3 0x8000a2d4 (0xdb050513) x10 0x80024080
core   0: 0x8000a2d8 (0x02df7eb3) remu    t4, t5, a3
core   0: 3 0x8000a2d8 (0x02df7eb3) x29 0x00022b14
core   0: 0x8000a2dc (0x0000835d) c.srli  a4, 23
core   0: 3 0x8000a2dc (0x835d) x14 0x00000085
core   0: 0x8000a2de (0xe374a32f) amomaxu.w t1, s7, (s1)
core   0: 3 0x8000a2de (0xe374a32f) x 6 0x8002cd24 mem 0x80024058 mem 0x80024058 0x8002cd24
core   0: 0x8000a2e2 (0x8004a8af) amomin.w a7, zero, (s1)
core   0: 3 0x8000a2e2 (0x8004a8af) x17 0x8002cd24 mem 0x80024058 mem 0x80024058 0x8002cd24
core   0: 0x8000a2e6 (0x2204acaf) amoxor.w s9, zero, (s1)
core   0: 3 0x8000a2e6 (0x2204acaf) x25 0x8002cd24 mem 0x80024058 mem 0x80024058 0x8002cd24
core   0: 0x8000a2ea (0xa504a8af) amomax.w a7, a6, (s1)
core   0: 3 0x8000a2ea (0xa504a8af) x17 0x8002cd24 mem 0x80024058 mem 0x80024058 0x00000059
core   0: 0x8000a2ee (0x48fbe613) ori     a2, s7, 1167
core   0: 3 0x8000a2ee (0x48fbe613) x12 0x0000048f
core   0: 0x8000a2f2 (0xd2c78b13) addi    s6, a5, -724
core   0: 3 0x8000a2f2 (0xd2c78b13) x22 0xfffffd3f
core   0: 0x8000a2f6 (0x0d34abaf) amoswap.w s7, s3, (s1)
core   0: 3 0x8000a2f6 (0x0d34abaf) x23 0x00000059 mem 0x80024058 mem 0x80024058 0x00000013
core   0: 0x8000a2fa (0x00017997) auipc   s3, 0x17
core   0: 3 0x8000a2fa (0x00017997) x19 0x800212fa
core   0: 0x8000a2fe (0xd1998993) addi    s3, s3, -743
core   0: 3 0x8000a2fe (0xd1998993) x19 0x80021013
core   0: 0x8000a302 (0x00016417) auipc   s0, 0x16
core   0: 3 0x8000a302 (0x00016417) x 8 0x80020302
core   0: 0x8000a306 (0x63540413) addi    s0, s0, 1589
core   0: 3 0x8000a306 (0x63540413) x 8 0x80020937
core   0: 0x8000a30a (0x0000cd17) auipc   s10, 0xc
core   0: 3 0x8000a30a (0x0000cd17) x26 0x8001630a
core   0: 0x8000a30e (0x536d0d13) addi    s10, s10, 1334
core   0: 3 0x8000a30e (0x536d0d13) x26 0x80016840
core   0: 0x8000a312 (0xffd98303) lb      t1, -3(s3)
core   0: 3 0x8000a312 (0xffd98303) x 6 0xffffffa4 mem 0x80021010
core   0: 0x8000a316 (0x02f45a03) lhu     s4, 47(s0)
core   0: 3 0x8000a316 (0x02f45a03) x20 0x00006afb mem 0x80020966
core   0: 0x8000a31a (0xff6d4303) lbu     t1, -10(s10)
core   0: 3 0x8000a31a (0xff6d4303) x 6 0x000000a5 mem 0x80016836
core   0: 0x8000a31e (0x035d4203) lbu     tp, 53(s10)
core   0: 3 0x8000a31e (0x035d4203) x 4 0x000000bc mem 0x80016875
core   0: 0x8000a322 (0x0059a603) lw      a2, 5(s3)
core   0: 3 0x8000a322 (0x0059a603) x12 0x78d4aef4 mem 0x80021018
core   0: 0x8000a326 (0x00640c03) lb      s8, 6(s0)
core   0: 3 0x8000a326 (0x00640c03) x24 0xffffffb7 mem 0x8002093d
core   0: 0x8000a32a (0xffb44f83) lbu     t6, -5(s0)
core   0: 3 0x8000a32a (0xffb44f83) x31 0x000000e2 mem 0x80020932
core   0: 0x8000a32e (0xfd244103) lbu     sp, -46(s0)
core   0: 3 0x8000a32e (0xfd244103) x 2 0x000000c4 mem 0x80020909
core   0: 0x8000a332 (0xfcbd0203) lb      tp, -53(s10)
core   0: 3 0x8000a332 (0xfcbd0203) x 4 0x00000035 mem 0x8001680b
core   0: 0x8000a336 (0xfe140ba3) sb      ra, -9(s0)
core   0: 3 0x8000a336 (0xfe140ba3) mem 0x8002092e 0x0
core   0: 0x8000a33a (0xfd6d0683) lb      a3, -42(s10)
core   0: 3 0x8000a33a (0xfd6d0683) x13 0x00000067 mem 0x80016816
core   0: 0x8000a33e (0x00b985a3) sb      a1, 11(s3)
core   0: 3 0x8000a33e (0x00b985a3) mem 0x8002101e 0x0
core   0: 0x8000a342 (0xfdb44a03) lbu     s4, -37(s0)
core   0: 3 0x8000a342 (0xfdb44a03) x20 0x00000085 mem 0x80020912
core   0: 0x8000a346 (0xff399503) lh      a0, -13(s3)
core   0: 3 0x8000a346 (0xff399503) x10 0x00007d24 mem 0x80021006
core   0: 0x8000a34a (0xfe440203) lb      tp, -28(s0)
core   0: 3 0x8000a34a (0xfe440203) x 4 0xfffffff7 mem 0x8002091b
core   0: 0x8000a34e (0xfe941303) lh      t1, -23(s0)
core   0: 3 0x8000a34e (0xfe941303) x 6 0xffff849f mem 0x80020920
core   0: 0x8000a352 (0x02ed0003) lb      zero, 46(s10)
core   0: 3 0x8000a352 (0x02ed0003) mem 0x8001686e
core   0: 0x8000a356 (0xff298603) lb      a2, -14(s3)
core   0: 3 0x8000a356 (0xff298603) x12 0xffffffe5 mem 0x80021005
core   0: 0x8000a35a (0x04044683) lbu     a3, 64(s0)
core   0: 3 0x8000a35a (0x04044683) x13 0x00000015 mem 0x80020977
core   0: 0x8000a35e (0x00cd2083) lw      ra, 12(s10)
core   0: 3 0x8000a35e (0x00cd2083) x 1 0xcfaa36b9 mem 0x8001684c
core   0: 0x8000a362 (0x00009417) auipc   s0, 0x9
core   0: 3 0x8000a362 (0x00009417) x 8 0x80013362
core   0: 0x8000a366 (0x54a40413) addi    s0, s0, 1354
core   0: 3 0x8000a366 (0x54a40413) x 8 0x800138ac
core   0: 0x8000a36a (0x00009517) auipc   a0, 0x9
core   0: 3 0x8000a36a (0x00009517) x10 0x8001336a
core   0: 0x8000a36e (0x6d150513) addi    a0, a0, 1745
core   0: 3 0x8000a36e (0x6d150513) x10 0x80013a3b
core   0: 0x8000a372 (0x0000ab17) auipc   s6, 0xa
core   0: 3 0x8000a372 (0x0000ab17) x22 0x80014372
core   0: 0x8000a376 (0xc22b0b13) addi    s6, s6, -990
core   0: 3 0x8000a376 (0xc22b0b13) x22 0x80013f94
core   0: 0x8000a37a (0x00009697) auipc   a3, 0x9
core   0: 3 0x8000a37a (0x00009697) x13 0x8001337a
core   0: 0x8000a37e (0x33668693) addi    a3, a3, 822
core   0: 3 0x8000a37e (0x33668693) x13 0x800136b0
core   0: 0x8000a382 (0xfa36ca83) lbu     s5, -93(a3)
core   0: 3 0x8000a382 (0xfa36ca83) x21 0x00000054 mem 0x80013653
core   0: 0x8000a386 (0x00009e17) auipc   t3, 0x9
core   0: 3 0x8000a386 (0x00009e17) x28 0x80013386
core   0: 0x8000a38a (0x02de0e13) addi    t3, t3, 45
core   0: 3 0x8000a38a (0x02de0e13) x28 0x800133b3
core   0: 0x8000a38e (0x02b6cd83) lbu     s11, 43(a3)
core   0: 3 0x8000a38e (0x02b6cd83) x27 0x00000017 mem 0x800136db
core   0: 0x8000a392 (0x89244103) lbu     sp, -1902(s0)
core   0: 3 0x8000a392 (0x89244103) x 2 0x000000ba mem 0x8001313e
core   0: 0x8000a396 (0xbd245703) lhu     a4, -1070(s0)
core   0: 3 0x8000a396 (0xbd245703) x14 0x0000232d mem 0x8001347e
core   0: 0x8000a39a (0xf55b0903) lb      s2, -171(s6)
core   0: 3 0x8000a39a (0xf55b0903) x18 0x00000001 mem 0x80013ee9
core   0: 0x8000a39e (0x00be0c83) lb      s9, 11(t3)
core   0: 3 0x8000a39e (0x00be0c83) x25 0x00000026 mem 0x800133be
core   0: 0x8000a3a2 (0x20d40e83) lb      t4, 525(s0)
core   0: 3 0x8000a3a2 (0x20d40e83) x29 0xffffffdf mem 0x80013ab9
core   0: 0x8000a3a6 (0xfe955883) lhu     a7, -23(a0)
core   0: 3 0x8000a3a6 (0xfe955883) x17 0x0000449c mem 0x80013a24
core   0: 0x8000a3aa (0x000e0323) sb      zero, 6(t3)
core   0: 3 0x8000a3aa (0x000e0323) mem 0x800133b9 0x0
core   0: 0x8000a3ae (0xfe0688a3) sb      zero, -15(a3)
core   0: 3 0x8000a3ae (0xfe0688a3) mem 0x800136a1 0x0
core   0: 0x8000a3b2 (0x04050c83) lb      s9, 64(a0)
core   0: 3 0x8000a3b2 (0x04050c83) x25 0x0000006e mem 0x80013a7b
core   0: 0x8000a3b6 (0xb77b4f83) lbu     t6, -1161(s6)
core   0: 3 0x8000a3b6 (0xb77b4f83) x31 0x0000000d mem 0x80013b0b
core   0: 0x8000a3ba (0xffbe0603) lb      a2, -5(t3)
core   0: 3 0x8000a3ba (0xffbe0603) x12 0x00000044 mem 0x800133ae
core   0: 0x8000a3be (0x007e5d83) lhu     s11, 7(t3)
core   0: 3 0x8000a3be (0x007e5d83) x27 0x0000ffff mem 0x800133ba
core   0: 0x8000a3c2 (0xd71b0da3) sb      a7, -645(s6)
core   0: 3 0x8000a3c2 (0xd71b0da3) mem 0x80013d0f 0x9c
core   0: 0x8000a3c6 (0x00e50d03) lb      s10, 14(a0)
core   0: 3 0x8000a3c6 (0x00e50d03) x26 0x00000020 mem 0x80013a49
core   0: 0x8000a3ca (0xff5e2083) lw      ra, -11(t3)
core   0: 3 0x8000a3ca (0xff5e2083) x 1 0x84d81c48 mem 0x800133a8
core   0: 0x8000a3ce (0x71740f83) lb      t6, 1815(s0)
core   0: 3 0x8000a3ce (0x71740f83) x31 0x0000000c mem 0x80013fc3
core   0: 0x8000a3d2 (0x96ab5a83) lhu     s5, -1686(s6)
core   0: 3 0x8000a3d2 (0x96ab5a83) x21 0x00008ad4 mem 0x800138fe
core   0: 0x8000a3d6 (0xfea50c83) lb      s9, -22(a0)
core   0: 3 0x8000a3d6 (0xfea50c83) x25 0x00000044 mem 0x80013a25
core   0: 0x8000a3da (0xfd06a903) lw      s2, -48(a3)
core   0: 3 0x8000a3da (0xfd06a903) x18 0x9ea65ce0 mem 0x80013680
core   0: 0x8000a3de (0x0000cad0) c.sw    a2, 20(a3)
core   0: 3 0x8000a3de (0xcad0) mem 0x800136c4 0x00000044
core   0: 0x8000a3e0 (0xa3444a83) lbu     s5, -1484(s0)
core   0: 3 0x8000a3e0 (0xa3444a83) x21 0x00000070 mem 0x800132e0
core   0: 0x8000a3e4 (0x389405a3) sb      s1, 907(s0)
core   0: 3 0x8000a3e4 (0x389405a3) mem 0x80013c37 0x58
core   0: 0x8000a3e8 (0xff351583) lh      a1, -13(a0)
core   0: 3 0x8000a3e8 (0xff351583) x11 0x000068c0 mem 0x80013a2e
core   0: 0x8000a3ec (0x0db68923) sb      s11, 210(a3)
core   0: 3 0x8000a3ec (0x0db68923) mem 0x80013782 0xff
core   0: 0x8000a3f0 (0xa52b0fa3) sb      s2, -1441(s6)
core   0: 3 0x8000a3f0 (0xa52b0fa3) mem 0x800139f3 0xe0
core   0: 0x8000a3f4 (0x004e4483) lbu     s1, 4(t3)
core   0: 3 0x8000a3f4 (0x004e4483) x 9 0x000000a3 mem 0x800133b7
core   0: 0x8000a3f8 (0x02551303) lh      t1, 37(a0)
core   0: 3 0x8000a3f8 (0x02551303) x 6 0x000068ae mem 0x80013a60
core   0: 0x8000a3fc (0x01a50323) sb      s10, 6(a0)
core   0: 3 0x8000a3fc (0x01a50323) mem 0x80013a41 0x20
core   0: 0x8000a400 (0xf4e6c483) lbu     s1, -178(a3)
core   0: 3 0x8000a400 (0xf4e6c483) x 9 0x00000029 mem 0x800135fe
core   0: 0x8000a404 (0x39f40603) lb      a2, 927(s0)
core   0: 3 0x8000a404 (0x39f40603) x12 0x0000006d mem 0x80013c4b
core   0: 0x8000a408 (0x073b05a3) sb      s3, 107(s6)
core   0: 3 0x8000a408 (0x073b05a3) mem 0x80013fff 0x13
core   0: 0x8000a40c (0x40544d03) lbu     s10, 1029(s0)
core   0: 3 0x8000a40c (0x40544d03) x26 0x00000020 mem 0x80013cb1
core   0: 0x8000a410 (0xf3869d23) sh      s8, -198(a3)
core   0: 3 0x8000a410 (0xf3869d23) mem 0x800135ea 0xffb7
core   0: 0x8000a414 (0xf9668b23) sb      s6, -106(a3)
core   0: 3 0x8000a414 (0xf9668b23) mem 0x80013646 0x94
core   0: 0x8000a418 (0xff152083) lw      ra, -15(a0)
core   0: 3 0x8000a418 (0xff152083) x 1 0x68c08ad5 mem 0x80013a2c
core   0: 0x8000a41c (0x854b1583) lh      a1, -1964(s6)
core   0: 3 0x8000a41c (0x854b1583) x11 0x00003fd0 mem 0x800137e8
core   0: 0x8000a420 (0x0001a317) auipc   t1, 0x1a
core   0: 3 0x8000a420 (0x0001a317) x 6 0x80024420
core   0: 0x8000a424 (0xc4430313) addi    t1, t1, -956
core   0: 3 0x8000a424 (0xc4430313) x 6 0x80024064
core   0: 0x8000a428 (0x0001ae17) auipc   t3, 0x1a
core   0: 3 0x8000a428 (0x0001ae17) x28 0x80024428
core   0: 0x8000a42c (0xc54e0e13) addi    t3, t3, -940
core   0: 3 0x8000a42c (0xc54e0e13) x28 0x8002407c
core   0: 0x8000a430 (0x032a2db3) mulhsu  s11, s4, s2
core   0: 3 0x8000a430 (0x032a2db3) x27 0x00000052
core   0: 0x8000a434 (0x655e20af) amoand.w ra, s5, (t3)
core   0: 3 0x8000a434 (0x655e20af) x 1 0x0000035d mem 0x8002407c mem 0x8002407c 0x00000050
core   0: 0x8000a438 (0xa0e32a2f) amomax.w s4, a4, (t1)
core   0: 3 0x8000a438 (0xa0e32a2f) x20 0x80028e74 mem 0x80024064 mem 0x80024064 0x0000232d
core   0: 0x8000a43c (0xc1b32b2f) amominu.w s6, s11, (t1)
core   0: 3 0x8000a43c (0xc1b32b2f) x22 0x0000232d mem 0x80024064 mem 0x80024064 0x00000052
core   0: 0x8000a440 (0x44e3272f) amoor.w a4, a4, (t1)
core   0: 3 0x8000a440 (0x44e3272f) x14 0x00000052 mem 0x80024064 mem 0x80024064 0x0000237f
core   0: 0x8000a444 (0x00009117) auipc   sp, 0x9
core   0: 3 0x8000a444 (0x00009117) x 2 0x80013444
core   0: 0x8000a448 (0x67010113) addi    sp, sp, 1648
core   0: 3 0x8000a448 (0x67010113) x 2 0x80013ab4
core   0: 0x8000a44c (0xfec10d23) sb      a2, -6(sp)
core   0: 3 0x8000a44c (0xfec10d23) mem 0x80013aae 0x6d
core   0: 0x8000a450 (0xfe111d23) sh      ra, -6(sp)
core   0: 3 0x8000a450 (0xfe111d23) mem 0x80013aae 0x035d
core   0: 0x8000a454 (0xffe11d23) sh      t5, -6(sp)
core   0: 3 0x8000a454 (0xffe11d23) mem 0x80013aae 0xcd24
core   0: 0x8000a458 (0xb65e2313) slti    t1, t3, -1179
core   0: 3 0x8000a458 (0xb65e2313) x 6 0x00000001
core   0: 0x8000a45c (0xffa10303) lb      t1, -6(sp)
core   0: 3 0x8000a45c (0xffa10303) x 6 0x00000024 mem 0x80013aae
core   0: 0x8000a460 (0x015106a3) sb      s5, 13(sp)
core   0: 3 0x8000a460 (0x015106a3) mem 0x80013ac1 0x70
core   0: 0x8000a464 (0x002106a3) sb      sp, 13(sp)
core   0: 3 0x8000a464 (0x002106a3) mem 0x80013ac1 0xb4
core   0: 0x8000a468 (0x00d14e83) lbu     t4, 13(sp)
core   0: 3 0x8000a468 (0x00d14e83) x29 0x000000b4 mem 0x80013ac1
core   0: 0x8000a46c (0x01db9613) slli    a2, s7, 29
core   0: 3 0x8000a46c (0x01db9613) x12 0x20000000
core   0: 0x8000a470 (0x00d14303) lbu     t1, 13(sp)
core   0: 3 0x8000a470 (0x00d14303) x 6 0x000000b4 mem 0x80013ac1
core   0: 0x8000a474 (0x00d10703) lb      a4, 13(sp)
core   0: 3 0x8000a474 (0x00d10703) x14 0xffffffb4 mem 0x80013ac1
core   0: 0x8000a478 (0x00008c65) c.and   s0, s1
core   0: 3 0x8000a478 (0x8c65) x 8 0x00000028
core   0: 0x8000a47a (0x00d14e03) lbu     t3, 13(sp)
core   0: 3 0x8000a47a (0x00d14e03) x28 0x000000b4 mem 0x80013ac1
core   0: 0x8000a47e (0x41148d33) sub     s10, s1, a7
core   0: 3 0x8000a47e (0x41148d33) x26 0xffffbb8d
core   0: 0x8000a482 (0xffe14903) lbu     s2, -2(sp)
core   0: 3 0x8000a482 (0xffe14903) x18 0x000000d6 mem 0x80013ab2
core   0: 0x8000a486 (0x02f160b3) rem     ra, sp, a5
core   0: 3 0x8000a486 (0x02f160b3) x 1 0xffffffee
core   0: 0x8000a48a (0xffe15f83) lhu     t6, -2(sp)
core   0: 3 0x8000a48a (0xffe15f83) x31 0x0000d7d6 mem 0x80013ab2
core   0: 0x8000a48e (0xff211203) lh      tp, -14(sp)
core   0: 3 0x8000a48e (0xff211203) x 4 0x000065a4 mem 0x80013aa6
core   0: 0x8000a492 (0x0001a697) auipc   a3, 0x1a
core   0: 3 0x8000a492 (0x0001a697) x13 0x80024492
core   0: 0x8000a496 (0xbda68693) addi    a3, a3, -1062
core   0: 3 0x8000a496 (0xbda68693) x13 0x8002406c
core   0: 0x8000a49a (0x34085c73) csrrwi  s8, mscratch, 16
core   0: 3 0x8000a49a (0x34085c73) x24 0x80028e74 c832_mscratch 0x00000010
core   0: 0x8000a49e (0x02a9a1b3) mulhsu  gp, s3, a0
core   0: 3 0x8000a49e (0x02a9a1b3) x 3 0xc0006aee
core   0: 0x8000a4a2 (0x03c2ceb3) div     t4, t0, t3
core   0: 3 0x8000a4a2 (0x03c2ceb3) x29 0xff49f843
core   0: 0x8000a4a6 (0x34006e73) csrrsi  t3, mscratch, 0
core   0: 3 0x8000a4a6 (0x34006e73) x28 0x00000010
core   0: 0x8000a4aa (0x00000d26) c.slli  s10, 9
core   0: 3 0x8000a4aa (0x0d26) x26 0xff771a00
core   0: 0x8000a4ac (0x986e3113) sltiu   sp, t3, -1658
core   0: 3 0x8000a4ac (0x986e3113) x 2 0x00000001
core   0: 0x8000a4b0 (0x035badb3) mulhsu  s11, s7, s5
core   0: 3 0x8000a4b0 (0x035badb3) x27 0x00000000
core   0: 0x8000a4b4 (0xab7898b7) lui     a7, 0xab789
core   0: 3 0x8000a4b4 (0xab7898b7) x17 0xab789000
core   0: 0x8000a4b8 (0x01a11f93) slli    t6, sp, 26
core   0: 3 0x8000a4b8 (0x01a11f93) x31 0x04000000
core   0: 0x8000a4bc (0x1006a12f) lr.w    sp, (a3)
core   0: 3 0x8000a4bc (0x1006a12f) x 2 0x00000000 mem 0x8002406c
core   0: 0x8000a4c0 (0x0000140c) c.addi4spn a1, sp, 544
core   0: 3 0x8000a4c0 (0x140c) x11 0x00000220
core   0: 0x8000a4c2 (0x01442433) slt     s0, s0, s4
core   0: 3 0x8000a4c2 (0x01442433) x 8 0x00000000
core   0: 0x8000a4c6 (0x1d36ad2f) sc.w    s10, s3, (a3)
core   0: 3 0x8000a4c6 (0x1d36ad2f) x26 0x00000000 mem 0x8002406c 0x80021013
core   0: 0x8000a4ca (0x00018617) auipc   a2, 0x18
core   0: 3 0x8000a4ca (0x00018617) x12 0x800224ca
core   0: 0x8000a4ce (0xc4060613) addi    a2, a2, -960
core   0: 3 0x8000a4ce (0xc4060613) x12 0x8002210a
core   0: 0x8000a4d2 (0xff465e83) lhu     t4, -12(a2)
core   0: 3 0x8000a4d2 (0xff465e83) x29 0x0000d628 mem 0x800220fe
core   0: 0x8000a4d6 (0xff464903) lbu     s2, -12(a2)
core   0: 3 0x8000a4d6 (0xff464903) x18 0x00000028 mem 0x800220fe
core   0: 0x8000a4da (0xff465f83) lhu     t6, -12(a2)
core   0: 3 0x8000a4da (0xff465f83) x31 0x0000d628 mem 0x800220fe
core   0: 0x8000a4de (0xff461d03) lh      s10, -12(a2)
core   0: 3 0x8000a4de (0xff461d03) x26 0xffffd628 mem 0x800220fe
core   0: 0x8000a4e2 (0xff461a23) sh      s4, -12(a2)
core   0: 3 0x8000a4e2 (0xff461a23) mem 0x800220fe 0x8e74
core   0: 0x8000a4e6 (0xff461c03) lh      s8, -12(a2)
core   0: 3 0x8000a4e6 (0xff461c03) x24 0xffff8e74 mem 0x800220fe
core   0: 0x8000a4ea (0x400e0cb3) sub     s9, t3, zero
core   0: 3 0x8000a4ea (0x400e0cb3) x25 0x00000010
core   0: 0x8000a4ee (0xffe60a23) sb      t5, -12(a2)
core   0: 3 0x8000a4ee (0xffe60a23) mem 0x800220fe 0x24
core   0: 0x8000a4f2 (0xff465303) lhu     t1, -12(a2)
core   0: 3 0x8000a4f2 (0xff465303) x 6 0x00008e24 mem 0x800220fe
core   0: 0x8000a4f6 (0xfec60a23) sb      a2, -12(a2)
core   0: 3 0x8000a4f6 (0xfec60a23) mem 0x800220fe 0xa
core   0: 0x8000a4fa (0xff160a23) sb      a7, -12(a2)
core   0: 3 0x8000a4fa (0xff160a23) mem 0x800220fe 0x0
core   0: 0x8000a4fe (0x0181a033) slt     zero, gp, s8
core   0: 3 0x8000a4fe (0x0181a033)
core   0: 0x8000a502 (0xff461903) lh      s2, -12(a2)
core   0: 3 0x8000a502 (0xff461903) x18 0xffff8e00 mem 0x800220fe
core   0: 0x8000a506 (0xff464b03) lbu     s6, -12(a2)
core   0: 3 0x8000a506 (0xff464b03) x22 0x00000000 mem 0x800220fe
core   0: 0x8000a50a (0xff465c83) lhu     s9, -12(a2)
core   0: 3 0x8000a50a (0xff465c83) x25 0x00008e00 mem 0x800220fe
core   0: 0x8000a50e (0xff260a23) sb      s2, -12(a2)
core   0: 3 0x8000a50e (0xff260a23) mem 0x800220fe 0x0
core   0: 0x8000a512 (0xff461183) lh      gp, -12(a2)
core   0: 3 0x8000a512 (0xff461183) x 3 0xffff8e00 mem 0x800220fe
core   0: 0x8000a516 (0x00008add) c.andi  a3, 23
core   0: 3 0x8000a516 (0x8add) x13 0x00000004
core   0: 0x8000a518 (0xfe960a23) sb      s1, -12(a2)
core   0: 3 0x8000a518 (0xfe960a23) mem 0x800220fe 0x29
core   0: 0x8000a51c (0x0000f097) auipc   ra, 0xf
core   0: 3 0x8000a51c (0x0000f097) x 1 0x8001951c
core   0: 0x8000a520 (0x32f08093) addi    ra, ra, 815
core   0: 3 0x8000a520 (0x32f08093) x 1 0x8001984b
core   0: 0x8000a524 (0xff409aa3) sh      s4, -11(ra)
core   0: 3 0x8000a524 (0xff409aa3) mem 0x80019840 0x8e74
core   0: 0x8000a528 (0x001bdb33) srl     s6, s7, ra
core   0: 3 0x8000a528 (0x001bdb33) x22 0x00000000
core   0: 0x8000a52c (0x0278dbb3) divu    s7, a7, t2
core   0: 3 0x8000a52c (0x0278dbb3) x23 0x1c941800
core   0: 0x8000a530 (0x00008f79) c.and   a4, a4
core   0: 3 0x8000a530 (0x8f79) x14 0xffffffb4
core   0: 0x8000a532 (0x00008f39) c.xor   a4, a4
core   0: 3 0x8000a532 (0x8f39) x14 0x00000000
core   0: 0x8000a534 (0x34002cf3) csrr    s9, mscratch
core   0: 3 0x8000a534 (0x34002cf3) x25 0x00000010
core   0: 0x8000a538 (0x00009aaa) c.add   s5, a0
core   0: 3 0x8000a538 (0x9aaa) x21 0x80013aab
core   0: 0x8000a53a (0x0070cd83) lbu     s11, 7(ra)
core   0: 3 0x8000a53a (0x0070cd83) x27 0x000000c5 mem 0x80019852
core   0: 0x8000a53e (0x03b1b433) mulhu   s0, gp, s11
core   0: 3 0x8000a53e (0x03b1b433) x 8 0x000000c4
core   0: 0x8000a542 (0x00708223) sb      t2, 4(ra)
core   0: 3 0x8000a542 (0x00708223) mem 0x8001984f 0x6
core   0: 0x8000a546 (0x00508023) sb      t0, 0(ra)
core   0: 3 0x8000a546 (0x00508023) mem 0x8001984b 0x74
core   0: 0x8000a54a (0x00008fe1) c.and   a5, s0
core   0: 3 0x8000a54a (0x8fe1) x15 0x00000000
core   0: 0x8000a54c (0x0000137d) c.addi  t1, -1
core   0: 3 0x8000a54c (0x137d) x 6 0x00008e23
core   0: 0x8000a54e (0x00008883) lb      a7, 0(ra)
core   0: 3 0x8000a54e (0x00008883) x17 0x00000074 mem 0x8001984b
core   0: 0x8000a552 (0x00c08203) lb      tp, 12(ra)
core   0: 3 0x8000a552 (0x00c08203) x 4 0x00000055 mem 0x80019857
core   0: 0x8000a556 (0x00006845) c.lui   a6, 0x11
core   0: 3 0x8000a556 (0x6845) x16 0x00011000
core   0: 0x8000a558 (0x000089fd) c.andi  a1, 31
core   0: 3 0x8000a558 (0x89fd) x11 0x00000000
core   0: 0x8000a55a (0x62e16493) ori     s1, sp, 1582
core   0: 3 0x8000a55a (0x62e16493) x 9 0x0000062e
core   0: 0x8000a55e (0x00006145) c.addi16sp sp, 48
core   0: 3 0x8000a55e (0x6145) x 2 0x00000030
core   0: 0x8000a560 (0xffe08783) lb      a5, -2(ra)
core   0: 3 0x8000a560 (0xffe08783) x15 0xffffffe6 mem 0x80019849
core   0: 0x8000a564 (0xfef08d23) sb      a5, -6(ra)
core   0: 3 0x8000a564 (0xfef08d23) mem 0x80019845 0xe6
core   0: 0x8000a568 (0xffa08e83) lb      t4, -6(ra)
core   0: 3 0x8000a568 (0xffa08e83) x29 0xffffffe6 mem 0x80019845
core   0: 0x8000a56c (0xfe409fa3) sh      tp, -1(ra)
core   0: 3 0x8000a56c (0xfe409fa3) mem 0x8001984a 0x0055
core   0: 0x8000a570 (0x02066b33) rem     s6, a2, zero
core   0: 3 0x8000a570 (0x02066b33) x22 0x8002210a
core   0: 0x8000a574 (0x00c08903) lb      s2, 12(ra)
core   0: 3 0x8000a574 (0x00c08903) x18 0x00000055 mem 0x80019857
core   0: 0x8000a578 (0x8e7d15b7) lui     a1, 0x8e7d1
core   0: 3 0x8000a578 (0x8e7d15b7) x11 0x8e7d1000
core   0: 0x8000a57c (0x013758b3) srl     a7, a4, s3
core   0: 3 0x8000a57c (0x013758b3) x17 0x00000000
core   0: 0x8000a580 (0x01a08423) sb      s10, 8(ra)
core   0: 3 0x8000a580 (0x01a08423) mem 0x80019853 0x28
core   0: 0x8000a584 (0x00508823) sb      t0, 16(ra)
core   0: 3 0x8000a584 (0x00508823) mem 0x8001985b 0x74
core   0: 0x8000a588 (0xffa08003) lb      zero, -6(ra)
core   0: 3 0x8000a588 (0xffa08003) mem 0x80019845
core   0: 0x8000a58c (0xffa08203) lb      tp, -6(ra)
core   0: 3 0x8000a58c (0xffa08203) x 4 0xffffffe6 mem 0x80019845
core   0: 0x8000a590 (0x0000010e) c.slli  sp, 3
core   0: 3 0x8000a590 (0x010e) x 2 0x00000180
core   0: 0x8000a592 (0xff909e03) lh      t3, -7(ra)
core   0: 3 0x8000a592 (0xff909e03) x28 0xffffe6cb mem 0x80019844
core   0: 0x8000a596 (0x00308403) lb      s0, 3(ra)
core   0: 3 0x8000a596 (0x00308403) x 8 0x0000006f mem 0x8001984e
core   0: 0x8000a59a (0xf1c8fa93) andi    s5, a7, -228
core   0: 3 0x8000a59a (0xf1c8fa93) x21 0x00000000
core   0: 0x8000a59e (0x00006129) c.addi16sp sp, 192
core   0: 3 0x8000a59e (0x6129) x 2 0x00000240
core   0: 0x8000a5a0 (0x01308623) sb      s3, 12(ra)
core   0: 3 0x8000a5a0 (0x01308623) mem 0x80019857 0x13
core   0: 0x8000a5a4 (0x01af8a33) add     s4, t6, s10
core   0: 3 0x8000a5a4 (0x01af8a33) x20 0x0000ac50
core   0: 0x8000a5a8 (0x00dc15b3) sll     a1, s8, a3
core   0: 3 0x8000a5a8 (0x00dc15b3) x11 0xfff8e740
core   0: 0x8000a5ac (0x0ff0000f) fence   iorw,iorw
core   0: 3 0x8000a5ac (0x0ff0000f)
core   0: 0x8000a5b0 (0x04e86c13) ori     s8, a6, 78
core   0: 3 0x8000a5b0 (0x04e86c13) x24 0x0001104e
core   0: 0x8000a5b4 (0x00000001) c.nop
core   0: 3 0x8000a5b4 (0x0001)
core   0: 0x8000a5b6 (0x0000833d) c.srli  a4, 15
core   0: 3 0x8000a5b6 (0x833d) x14 0x00000000
core   0: 0x8000a5b8 (0xff60aca3) sw      s6, -7(ra)
core   0: 3 0x8000a5b8 (0xff60aca3) mem 0x80019844 0x8002210a
core   0: 0x8000a5bc (0xfee08a23) sb      a4, -12(ra)
core   0: 3 0x8000a5bc (0xfee08a23) mem 0x8001983f 0x0
core   0: 0x8000a5c0 (0x02e0066f) jal     a2, pc + 0x2e
core   0: 3 0x8000a5c0 (0x02e0066f) x12 0x8000a5c4
core   0: 0x8000a5ee (0x00003fc5) c.jal   pc - 16
core   0: 3 0x8000a5ee (0x3fc5) x 1 0x8000a5f0
core   0: 0x8000a5de (0x0000bfdd) c.j     pc - 10
core   0: 3 0x8000a5de (0xbfdd)
core   0: 0x8000a5d4 (0x0000bfc5) c.j     pc - 16
core   0: 3 0x8000a5d4 (0xbfc5)
core   0: 0x8000a5c4 (0x0000a01d) c.j     pc + 38
core   0: 3 0x8000a5c4 (0xa01d)
core   0: 0x8000a5ea (0x0000b7c5) c.j     pc - 32
core   0: 3 0x8000a5ea (0xb7c5)
core   0: 0x8000a5ca (0x018000ef) jal     pc + 0x18
core   0: 3 0x8000a5ca (0x018000ef) x 1 0x8000a5ce
core   0: 0x8000a5e2 (0x0000b7fd) c.j     pc - 18
core   0: 3 0x8000a5e2 (0xb7fd)
core   0: 0x8000a5d0 (0xfffff26f) jal     tp, pc - 0x2
core   0: 3 0x8000a5d0 (0xfffff26f) x 4 0x8000a5d4
core   0: 0x8000a5ce (0x0000a809) c.j     pc + 18
core   0: 3 0x8000a5ce (0xa809)
core   0: 0x8000a5e0 (0x00003ff5) c.jal   pc - 4
core   0: 3 0x8000a5e0 (0x3ff5) x 1 0x8000a5e2
core   0: 0x8000a5dc (0x0000a00d) c.j     pc + 34
core   0: 3 0x8000a5dc (0xa00d)
core   0: 0x8000a5fe (0x000037ed) c.jal   pc - 22
core   0: 3 0x8000a5fe (0x37ed) x 1 0x8000a600
core   0: 0x8000a5e8 (0x00003ffd) c.jal   pc - 2
core   0: 3 0x8000a5e8 (0x3ffd) x 1 0x8000a5ea
core   0: 0x8000a5e6 (0x0000a809) c.j     pc + 18
core   0: 3 0x8000a5e6 (0xa809)
core   0: 0x8000a5f8 (0x00003fd5) c.jal   pc - 12
core   0: 3 0x8000a5f8 (0x3fd5) x 1 0x8000a5fa
core   0: 0x8000a5ec (0x0000b7f5) c.j     pc - 20
core   0: 3 0x8000a5ec (0xb7f5)
core   0: 0x8000a5d8 (0x00c0036f) jal     t1, pc + 0xc
core   0: 3 0x8000a5d8 (0x00c0036f) x 6 0x8000a5dc
core   0: 0x8000a5e4 (0x0000b7cd) c.j     pc - 30
core   0: 3 0x8000a5e4 (0xb7cd)
core   0: 0x8000a5c6 (0x010000ef) jal     pc + 0x10
core   0: 3 0x8000a5c6 (0x010000ef) x 1 0x8000a5ca
core   0: 0x8000a5d6 (0x0000a829) c.j     pc + 26
core   0: 3 0x8000a5d6 (0xa829)
core   0: 0x8000a5f0 (0x004000ef) jal     pc + 0x4
core   0: 3 0x8000a5f0 (0x004000ef) x 1 0x8000a5f4
core   0: 0x8000a5f4 (0x00600e6f) jal     t3, pc + 0x6
core   0: 3 0x8000a5f4 (0x00600e6f) x28 0x8000a5f8
core   0: 0x8000a5fa (0x00600b6f) jal     s6, pc + 0x6
core   0: 3 0x8000a5fa (0x00600b6f) x22 0x8000a5fe
core   0: 0x8000a600 (0x00008d16) c.mv    s10, t0
core   0: 3 0x8000a600 (0x8d16) x26 0x80028e74
core   0: 0x8000a602 (0x0001a997) auipc   s3, 0x1a
core   0: 3 0x8000a602 (0x0001a997) x19 0x80024602
core   0: 0x8000a606 (0xa4e98993) addi    s3, s3, -1458
core   0: 3 0x8000a606 (0xa4e98993) x19 0x80024050
core   0: 0x8000a60a (0x1009a22f) lr.w    tp, (s3)
core   0: 3 0x8000a60a (0x1009a22f) x 4 0xffffffff mem 0x80024050
core   0: 0x8000a60e (0x00008725) c.srai  a4, 9
core   0: 3 0x8000a60e (0x8725) x14 0x00000000
core   0: 0x8000a610 (0x351bca93) xori    s5, s7, 849
core   0: 3 0x8000a610 (0x351bca93) x21 0x1c941b51
core   0: 0x8000a614 (0x409908b3) sub     a7, s2, s1
core   0: 3 0x8000a614 (0x409908b3) x17 0xfffffa27
core   0: 0x8000a618 (0x8078e937) lui     s2, 0x8078e
core   0: 3 0x8000a618 (0x8078e937) x18 0x8078e000
core   0: 0x8000a61c (0x00f08633) add     a2, ra, a5
core   0: 3 0x8000a61c (0x00f08633) x12 0x8000a5da
core   0: 0x8000a620 (0x02ed6233) rem     tp, s10, a4
core   0: 3 0x8000a620 (0x02ed6233) x 4 0x80028e74
core   0: 0x8000a624 (0x028c2433) mulhsu  s0, s8, s0
core   0: 3 0x8000a624 (0x028c2433) x 8 0x00000000
core   0: 0x8000a628 (0x340d66f3) csrrsi  a3, mscratch, 26
core   0: 3 0x8000a628 (0x340d66f3) x13 0x00000010 c832_mscratch 0x0000001a
core   0: 0x8000a62c (0x1a09ab2f) sc.w    s6, zero, (s3)
core   0: 3 0x8000a62c (0x1a09ab2f) x22 0x00000000 mem 0x80024050 0x00000000
core   0: 0x8000a630 (0x0000a997) auipc   s3, 0xa
core   0: 3 0x8000a630 (0x0000a997) x19 0x80014630
core   0: 0x8000a634 (0x81a98993) addi    s3, s3, -2022
core   0: 3 0x8000a634 (0x81a98993) x19 0x80013e4a
core   0: 0x8000a638 (0x0c29d403) lhu     s0, 194(s3)
core   0: 3 0x8000a638 (0x0c29d403) x 8 0x00004888 mem 0x80013f0c
core   0: 0x8000a63c (0x340536f3) csrrc   a3, mscratch, a0
core   0: 3 0x8000a63c (0x340536f3) x13 0x0000001a c832_mscratch 0x00000000
core   0: 0x8000a640 (0x0c29d803) lhu     a6, 194(s3)
core   0: 3 0x8000a640 (0x0c29d803) x16 0x00004888 mem 0x80013f0c
core   0: 0x8000a644 (0x0c29af83) lw      t6, 194(s3)
core   0: 3 0x8000a644 (0x0c29af83) x31 0xe1794888 mem 0x80013f0c
core   0: 0x8000a648 (0x0dd98123) sb      t4, 194(s3)
core   0: 3 0x8000a648 (0x0dd98123) mem 0x80013f0c 0xe6
core   0: 0x8000a64c (0x0c298183) lb      gp, 194(s3)
core   0: 3 0x8000a64c (0x0c298183) x 3 0xffffffe6 mem 0x80013f0c
core   0: 0x8000a650 (0x0c298883) lb      a7, 194(s3)
core   0: 3 0x8000a650 (0x0c298883) x17 0xffffffe6 mem 0x80013f0c
core   0: 0x8000a654 (0x00000585) c.addi  a1, 1
core   0: 3 0x8000a654 (0x0585) x11 0xfff8e741
core   0: 0x8000a656 (0x00009d8e) c.add   s11, gp
core   0: 3 0x8000a656 (0x9d8e) x27 0x000000ab
core   0: 0x8000a658 (0x0c298303) lb      t1, 194(s3)
core   0: 3 0x8000a658 (0x0c298303) x 6 0xffffffe6 mem 0x80013f0c
core   0: 0x8000a65c (0x0da9a123) sw      s10, 194(s3)
core   0: 3 0x8000a65c (0x0da9a123) mem 0x80013f0c 0x80028e74
core   0: 0x8000a660 (0x00008dca) c.mv    s11, s2
core   0: 3 0x8000a660 (0x8dca) x27 0x8078e000
core   0: 0x8000a662 (0x0cb98123) sb      a1, 194(s3)
core   0: 3 0x8000a662 (0x0cb98123) mem 0x80013f0c 0x41
core   0: 0x8000a666 (0x0c299703) lh      a4, 194(s3)
core   0: 3 0x8000a666 (0x0c299703) x14 0xffff8e41 mem 0x80013f0c
core   0: 0x8000a66a (0x408f5a13) srai    s4, t5, 8
core   0: 3 0x8000a66a (0x408f5a13) x20 0xff8002cd
core   0: 0x8000a66e (0x8f998503) lb      a0, -1799(s3)
core   0: 3 0x8000a66e (0x8f998503) x10 0x00000054 mem 0x80013743
core   0: 0x8000a672 (0x8f098ca3) sb      a6, -1799(s3)
core   0: 3 0x8000a672 (0x8f098ca3) mem 0x80013743 0x88
core   0: 0x8000a676 (0x00008d81) c.sub   a1, s0
core   0: 3 0x8000a676 (0x8d81) x11 0xfff89eb9
core   0: 0x8000a678 (0x8ff98ca3) sb      t6, -1799(s3)
core   0: 3 0x8000a678 (0x8ff98ca3) mem 0x80013743 0x88
core   0: 0x8000a67c (0x8f098ca3) sb      a6, -1799(s3)
core   0: 3 0x8000a67c (0x8f098ca3) mem 0x80013743 0x88
core   0: 0x8000a680 (0x8f998503) lb      a0, -1799(s3)
core   0: 3 0x8000a680 (0x8f998503) x10 0xffffff88 mem 0x80013743
core   0: 0x8000a684 (0x8f998183) lb      gp, -1799(s3)
core   0: 3 0x8000a684 (0x8f998183) x 3 0xffffff88 mem 0x80013743
core   0: 0x8000a688 (0x0000470d) c.li    a4, 3
core   0: 3 0x8000a688 (0x470d) x14 0x00000003
core   0: 0x8000a68a (0x02e901b3) mul     gp, s2, a4
core   0: 3 0x8000a68a (0x02e901b3) x 3 0x816aa000
core   0: 0x8000a68e (0x00004a8d) c.li    s5, 3
core   0: 3 0x8000a68e (0x4a8d) x21 0x00000003
core   0: 0x8000a690 (0x419d0db3) sub     s11, s10, s9
core   0: 3 0x8000a690 (0x419d0db3) x27 0x80028e64
core   0: 0x8000a694 (0x340024f3) csrr    s1, mscratch
core   0: 3 0x8000a694 (0x340024f3) x 9 0x00000000
core   0: 0x8000a698 (0x025581b3) mul     gp, a1, t0
core   0: 3 0x8000a698 (0x025581b3) x 3 0xa22489d4
core   0: 0x8000a69c (0x00008256) c.mv    tp, s5
core   0: 3 0x8000a69c (0x8256) x 4 0x00000003
core   0: 0x8000a69e (0x01edd8b3) srl     a7, s11, t5
core   0: 3 0x8000a69e (0x01edd8b3) x17 0x080028e6
core   0: 0x8000a6a2 (0x00001779) c.addi  a4, -2
core   0: 3 0x8000a6a2 (0x1779) x14 0x00000001
core   0: 0x8000a6a4 (0x007aae33) slt     t3, s5, t2
core   0: 3 0x8000a6a4 (0x007aae33) x28 0x00000001
core   0: 0x8000a6a8 (0x00004995) c.li    s3, 5
core   0: 3 0x8000a6a8 (0x4995) x19 0x00000005
core   0: 0x8000a6aa (0x0000611d) c.addi16sp sp, 416
core   0: 3 0x8000a6aa (0x611d) x 2 0x000003e0
core   0: 0x8000a6ac (0x11e57f93) andi    t6, a0, 286
core   0: 3 0x8000a6ac (0x11e57f93) x31 0x00000108
core   0: 0x8000a6b0 (0x00008489) c.srai  s1, 2
core   0: 3 0x8000a6b0 (0x8489) x 9 0x00000000
core   0: 0x8000a6b2 (0x00004bcd) c.li    s7, 19
core   0: 3 0x8000a6b2 (0x4bcd) x23 0x00000013
core   0: 0x8000a6b4 (0x02ea4d33) div     s10, s4, a4
core   0: 3 0x8000a6b4 (0x02ea4d33) x26 0xff8002cd
core   0: 0x8000a6b8 (0xbcc78513) addi    a0, a5, -1076
core   0: 3 0x8000a6b8 (0xbcc78513) x10 0xfffffbb2
core   0: 0x8000a6bc (0x34055df3) csrrwi  s11, mscratch, 10
core   0: 3 0x8000a6bc (0x34055df3) x27 0x00000000 c832_mscratch 0x0000000a
core   0: 0x8000a6c0 (0x742b8413) addi    s0, s7, 1858
core   0: 3 0x8000a6c0 (0x742b8413) x 8 0x00000755
core   0: 0x8000a6c4 (0x634050b7) lui     ra, 0x63405
core   0: 3 0x8000a6c4 (0x634050b7) x 1 0x63405000
core   0: 0x8000a6c8 (0x01ea2133) slt     sp, s4, t5
core   0: 3 0x8000a6c8 (0x01ea2133) x 2 0x00000000
core   0: 0x8000a6cc (0x00000380) c.addi4spn s0, sp, 448
core   0: 3 0x8000a6cc (0x0380) x 8 0x000001c0
core   0: 0x8000a6ce (0x028cc933) div     s2, s9, s0
core   0: 3 0x8000a6ce (0x028cc933) x18 0x00000000
core   0: 0x8000a6d2 (0x000091a2) c.add   gp, s0
core   0: 3 0x8000a6d2 (0x91a2) x 3 0xa2248b94
core   0: 0x8000a6d4 (0x000009a5) c.addi  s3, 9
core   0: 3 0x8000a6d4 (0x09a5) x19 0x0000000e
core   0: 0x8000a6d6 (0xff79c1e3) blt     s3, s7, pc - 30
core   0: 3 0x8000a6d6 (0xff79c1e3)
core   0: 0x8000a6b8 (0xbcc78513) addi    a0, a5, -1076
core   0: 3 0x8000a6b8 (0xbcc78513) x10 0xfffffbb2
core   0: 0x8000a6bc (0x34055df3) csrrwi  s11, mscratch, 10
core   0: 3 0x8000a6bc (0x34055df3) x27 0x0000000a c832_mscratch 0x0000000a
core   0: 0x8000a6c0 (0x742b8413) addi    s0, s7, 1858
core   0: 3 0x8000a6c0 (0x742b8413) x 8 0x00000755
core   0: 0x8000a6c4 (0x634050b7) lui     ra, 0x63405
core   0: 3 0x8000a6c4 (0x634050b7) x 1 0x63405000
core   0: 0x8000a6c8 (0x01ea2133) slt     sp, s4, t5
core   0: 3 0x8000a6c8 (0x01ea2133) x 2 0x00000000
core   0: 0x8000a6cc (0x00000380) c.addi4spn s0, sp, 448
core   0: 3 0x8000a6cc (0x0380) x 8 0x000001c0
core   0: 0x8000a6ce (0x028cc933) div     s2, s9, s0
core   0: 3 0x8000a6ce (0x028cc933) x18 0x00000000
core   0: 0x8000a6d2 (0x000091a2) c.add   gp, s0
core   0: 3 0x8000a6d2 (0x91a2) x 3 0xa2248d54
core   0: 0x8000a6d4 (0x000009a5) c.addi  s3, 9
core   0: 3 0x8000a6d4 (0x09a5) x19 0x00000017
core   0: 0x8000a6d6 (0xff79c1e3) blt     s3, s7, pc - 30
core   0: 3 0x8000a6d6 (0xff79c1e3)
core   0: 0x8000a6da (0x00008799) c.srai  a5, 6
core   0: 3 0x8000a6da (0x8799) x15 0xffffffff
core   0: 0x8000a6dc (0x25a9b913) sltiu   s2, s3, 602
core   0: 3 0x8000a6dc (0x25a9b913) x18 0x00000001
core   0: 0x8000a6e0 (0x6dda6413) ori     s0, s4, 1757
core   0: 3 0x8000a6e0 (0x6dda6413) x 8 0xff8006dd
core   0: 0x8000a6e4 (0x00008d31) c.xor   a0, a2
core   0: 3 0x8000a6e4 (0x8d31) x10 0x7fff5e68
core   0: 0x8000a6e6 (0x0000611d) c.addi16sp sp, 416
core   0: 3 0x8000a6e6 (0x611d) x 2 0x000001a0
core   0: 0x8000a6e8 (0x00000c14) c.addi4spn a3, sp, 528
core   0: 3 0x8000a6e8 (0x0c14) x13 0x000003b0
core   0: 0x8000a6ea (0x007f1eb3) sll     t4, t5, t2
core   0: 3 0x8000a6ea (0x007f1eb3) x29 0x00b34900
core   0: 0x8000a6ee (0xfb5771e3) bgeu    a4, s5, pc - 94
core   0: 3 0x8000a6ee (0xfb5771e3)
core   0: 0x8000a6f2 (0x02695933) divu    s2, s2, t1
core   0: 3 0x8000a6f2 (0x02695933) x18 0x00000000
core   0: 0x8000a6f6 (0x00004921) c.li    s2, 8
core   0: 3 0x8000a6f6 (0x4921) x18 0x00000008
core   0: 0x8000a6f8 (0x00004bbd) c.li    s7, 15
core   0: 3 0x8000a6f8 (0x4bbd) x23 0x0000000f
core   0: 0x8000a6fa (0x6dc8e0b7) lui     ra, 0x6dc8e
core   0: 3 0x8000a6fa (0x6dc8e0b7) x 1 0x6dc8e000
core   0: 0x8000a6fe (0x0000091d) c.addi  s2, 7
core   0: 3 0x8000a6fe (0x091d) x18 0x0000000f
core   0: 0x8000a700 (0x00004725) c.li    a4, 9
core   0: 3 0x8000a700 (0x4725) x14 0x00000009
core   0: 0x8000a702 (0x00004991) c.li    s3, 4
core   0: 3 0x8000a702 (0x4991) x19 0x00000004
core   0: 0x8000a704 (0x00006341) c.lui   t1, 0x10
core   0: 3 0x8000a704 (0x6341) x 6 0x00010000
core   0: 0x8000a706 (0x0000177d) c.addi  a4, -1
core   0: 3 0x8000a706 (0x177d) x14 0x00000008
core   0: 0x8000a708 (0xff371ee3) bne     a4, s3, pc - 4
core   0: 3 0x8000a708 (0xff371ee3)
core   0: 0x8000a704 (0x00006341) c.lui   t1, 0x10
core   0: 3 0x8000a704 (0x6341) x 6 0x00010000
core   0: 0x8000a706 (0x0000177d) c.addi  a4, -1
core   0: 3 0x8000a706 (0x177d) x14 0x00000007
core   0: 0x8000a708 (0xff371ee3) bne     a4, s3, pc - 4
core   0: 3 0x8000a708 (0xff371ee3)
core   0: 0x8000a704 (0x00006341) c.lui   t1, 0x10
core   0: 3 0x8000a704 (0x6341) x 6 0x00010000
core   0: 0x8000a706 (0x0000177d) c.addi  a4, -1
core   0: 3 0x8000a706 (0x177d) x14 0x00000006
core   0: 0x8000a708 (0xff371ee3) bne     a4, s3, pc - 4
core   0: 3 0x8000a708 (0xff371ee3)
core   0: 0x8000a704 (0x00006341) c.lui   t1, 0x10
core   0: 3 0x8000a704 (0x6341) x 6 0x00010000
core   0: 0x8000a706 (0x0000177d) c.addi  a4, -1
core   0: 3 0x8000a706 (0x177d) x14 0x00000005
core   0: 0x8000a708 (0xff371ee3) bne     a4, s3, pc - 4
core   0: 3 0x8000a708 (0xff371ee3)
core   0: 0x8000a704 (0x00006341) c.lui   t1, 0x10
core   0: 3 0x8000a704 (0x6341) x 6 0x00010000
core   0: 0x8000a706 (0x0000177d) c.addi  a4, -1
core   0: 3 0x8000a706 (0x177d) x14 0x00000004
core   0: 0x8000a708 (0xff371ee3) bne     a4, s3, pc - 4
core   0: 3 0x8000a708 (0xff371ee3)
core   0: 0x8000a70c (0xff7907e3) beq     s2, s7, pc - 18
core   0: 3 0x8000a70c (0xff7907e3)
core   0: 0x8000a6fa (0x6dc8e0b7) lui     ra, 0x6dc8e
core   0: 3 0x8000a6fa (0x6dc8e0b7) x 1 0x6dc8e000
core   0: 0x8000a6fe (0x0000091d) c.addi  s2, 7
core   0: 3 0x8000a6fe (0x091d) x18 0x00000016
core   0: 0x8000a700 (0x00004725) c.li    a4, 9
core   0: 3 0x8000a700 (0x4725) x14 0x00000009
core   0: 0x8000a702 (0x00004991) c.li    s3, 4
core   0: 3 0x8000a702 (0x4991) x19 0x00000004
core   0: 0x8000a704 (0x00006341) c.lui   t1, 0x10
core   0: 3 0x8000a704 (0x6341) x 6 0x00010000
core   0: 0x8000a706 (0x0000177d) c.addi  a4, -1
core   0: 3 0x8000a706 (0x177d) x14 0x00000008
core   0: 0x8000a708 (0xff371ee3) bne     a4, s3, pc - 4
core   0: 3 0x8000a708 (0xff371ee3)
core   0: 0x8000a704 (0x00006341) c.lui   t1, 0x10
core   0: 3 0x8000a704 (0x6341) x 6 0x00010000
core   0: 0x8000a706 (0x0000177d) c.addi  a4, -1
core   0: 3 0x8000a706 (0x177d) x14 0x00000007
core   0: 0x8000a708 (0xff371ee3) bne     a4, s3, pc - 4
core   0: 3 0x8000a708 (0xff371ee3)
core   0: 0x8000a704 (0x00006341) c.lui   t1, 0x10
core   0: 3 0x8000a704 (0x6341) x 6 0x00010000
core   0: 0x8000a706 (0x0000177d) c.addi  a4, -1
core   0: 3 0x8000a706 (0x177d) x14 0x00000006
core   0: 0x8000a708 (0xff371ee3) bne     a4, s3, pc - 4
core   0: 3 0x8000a708 (0xff371ee3)
core   0: 0x8000a704 (0x00006341) c.lui   t1, 0x10
core   0: 3 0x8000a704 (0x6341) x 6 0x00010000
core   0: 0x8000a706 (0x0000177d) c.addi  a4, -1
core   0: 3 0x8000a706 (0x177d) x14 0x00000005
core   0: 0x8000a708 (0xff371ee3) bne     a4, s3, pc - 4
core   0: 3 0x8000a708 (0xff371ee3)
core   0: 0x8000a704 (0x00006341) c.lui   t1, 0x10
core   0: 3 0x8000a704 (0x6341) x 6 0x00010000
core   0: 0x8000a706 (0x0000177d) c.addi  a4, -1
core   0: 3 0x8000a706 (0x177d) x14 0x00000004
core   0: 0x8000a708 (0xff371ee3) bne     a4, s3, pc - 4
core   0: 3 0x8000a708 (0xff371ee3)
core   0: 0x8000a70c (0xff7907e3) beq     s2, s7, pc - 18
core   0: 3 0x8000a70c (0xff7907e3)
core   0: 0x8000a710 (0x00000686) c.slli  a3, 1
core   0: 3 0x8000a710 (0x0686) x13 0x00000760
core   0: 0x8000a712 (0x0001a717) auipc   a4, 0x1a
core   0: 3 0x8000a712 (0x0001a717) x14 0x80024712
core   0: 0x8000a716 (0x93670713) addi    a4, a4, -1738
core   0: 3 0x8000a716 (0x93670713) x14 0x80024048
core   0: 0x8000a71a (0x0001a617) auipc   a2, 0x1a
core   0: 3 0x8000a71a (0x0001a617) x12 0x8002471a
core   0: 0x8000a71e (0x94e60613) addi    a2, a2, -1714
core   0: 3 0x8000a71e (0x94e60613) x12 0x80024068
core   0: 0x8000a722 (0x42c6252f) amoor.w a0, a2, (a2)
core   0: 3 0x8000a722 (0x42c6252f) x10 0x00000001 mem 0x80024068 mem 0x80024068 0x80024069
core   0: 0x8000a726 (0x0120cc33) xor     s8, ra, s2
core   0: 3 0x8000a726 (0x0120cc33) x24 0x6dc8e016
core   0: 0x8000a72a (0x62c6292f) amoand.w s2, a2, (a2)
core   0: 3 0x8000a72a (0x62c6292f) x18 0x80024069 mem 0x80024068 mem 0x80024068 0x80024068
core   0: 0x8000a72e (0x0087222f) amoadd.w tp, s0, (a4)
core   0: 3 0x8000a72e (0x0087222f) x 4 0x000000d1 mem 0x80024048 mem 0x80024048 0xff8007ae
core   0: 0x8000a732 (0xe0e727af) amomaxu.w a5, a4, (a4)
core   0: 3 0x8000a732 (0xe0e727af) x15 0xff8007ae mem 0x80024048 mem 0x80024048 0xff8007ae
core   0: 0x8000a736 (0x00008db5) c.xor   a1, a3
core   0: 3 0x8000a736 (0x8db5) x11 0xfff899d9
core   0: 0x8000a738 (0x62e6282f) amoand.w a6, a4, (a2)
core   0: 3 0x8000a738 (0x62e6282f) x16 0x80024068 mem 0x80024068 mem 0x80024068 0x80024048
core   0: 0x8000a73c (0x0012d113) srli    sp, t0, 1
core   0: 3 0x8000a73c (0x0012d113) x 2 0x4001473a
core   0: 0x8000a740 (0x643720af) amoand.w ra, gp, (a4)
core   0: 3 0x8000a740 (0x643720af) x 1 0xff8007ae mem 0x80024048 mem 0x80024048 0xa2000504
core   0: 0x8000a744 (0x000081a6) c.mv    gp, s1
core   0: 3 0x8000a744 (0x81a6) x 3 0x00000000
core   0: 0x8000a746 (0xc4472caf) amominu.w s9, tp, (a4)
core   0: 3 0x8000a746 (0xc4472caf) x25 0xa2000504 mem 0x80024048 mem 0x80024048 0x000000d1
core   0: 0x8000a74a (0x0151f9b3) and     s3, gp, s5
core   0: 3 0x8000a74a (0x0151f9b3) x19 0x00000000
core   0: 0x8000a74e (0xe476282f) amomaxu.w a6, t2, (a2)
core   0: 3 0x8000a74e (0xe476282f) x16 0x80024048 mem 0x80024068 mem 0x80024068 0x80024048
core   0: 0x8000a752 (0x01d86433) or      s0, a6, t4
core   0: 3 0x8000a752 (0x01d86433) x 8 0x80b34948
core   0: 0x8000a756 (0x221629af) amoxor.w s3, ra, (a2)
core   0: 3 0x8000a756 (0x221629af) x19 0x80024048 mem 0x80024068 mem 0x80024068 0x7f8247e6
core   0: 0x8000a75a (0x00011617) auipc   a2, 0x11
core   0: 3 0x8000a75a (0x00011617) x12 0x8001b75a
core   0: 0x8000a75e (0xaa660613) addi    a2, a2, -1370
core   0: 3 0x8000a75e (0xaa660613) x12 0x8001b200
core   0: 0x8000a762 (0x0fa61623) sh      s10, 236(a2)
core   0: 3 0x8000a762 (0x0fa61623) mem 0x8001b2ec 0x02cd
core   0: 0x8000a766 (0xf2d607a3) sb      a3, -209(a2)
core   0: 3 0x8000a766 (0xf2d607a3) mem 0x8001b12f 0x60
core   0: 0x8000a76a (0x0192c7b3) xor     a5, t0, s9
core   0: 3 0x8000a76a (0x0192c7b3) x15 0x22028b70
core   0: 0x8000a76e (0xfcd64a83) lbu     s5, -51(a2)
core   0: 3 0x8000a76e (0xfcd64a83) x21 0x0000009a mem 0x8001b1cd
core   0: 0x8000a772 (0x00960123) sb      s1, 2(a2)
core   0: 3 0x8000a772 (0x00960123) mem 0x8001b202 0x0
core   0: 0x8000a776 (0x00006171) c.addi16sp sp, 336
core   0: 3 0x8000a776 (0x6171) x 2 0x4001488a
core   0: 0x8000a778 (0x0000100f) fence.i
core   0: 3 0x8000a778 (0x0000100f)
core   0: 0x8000a77c (0x340018f3) csrrw   a7, mscratch, zero
core   0: 3 0x8000a77c (0x340018f3) x17 0x0000000a c832_mscratch 0x00000000
core   0: 0x8000a780 (0x0000100f) fence.i
core   0: 3 0x8000a780 (0x0000100f)
core   0: 0x8000a784 (0xfff60183) lb      gp, -1(a2)
core   0: 3 0x8000a784 (0xfff60183) x 3 0xffffffa0 mem 0x8001b1ff
core   0: 0x8000a788 (0x02812433) mulhsu  s0, sp, s0
core   0: 3 0x8000a788 (0x02812433) x 8 0x202d777d
core   0: 0x8000a78c (0x0dd61d23) sh      t4, 218(a2)
core   0: 3 0x8000a78c (0x0dd61d23) mem 0x8001b2da 0x4900
core   0: 0x8000a790 (0xf6460323) sb      tp, -154(a2)
core   0: 3 0x8000a790 (0xf6460323) mem 0x8001b166 0xd1
core   0: 0x8000a794 (0xf37605a3) sb      s7, -213(a2)
core   0: 3 0x8000a794 (0xf37605a3) mem 0x8001b12b 0xf
core   0: 0x8000a798 (0x01524cb3) xor     s9, tp, s5
core   0: 3 0x8000a798 (0x01524cb3) x25 0x0000004b
core   0: 0x8000a79c (0x00006fc1) c.lui   t6, 0x10
core   0: 3 0x8000a79c (0x6fc1) x31 0x00010000
core   0: 0x8000a79e (0xfc764e03) lbu     t3, -57(a2)
core   0: 3 0x8000a79e (0xfc764e03) x28 0x000000c5 mem 0x8001b1c7
core   0: 0x8000a7a2 (0x00711933) sll     s2, sp, t2
core   0: 3 0x8000a7a2 (0x00711933) x18 0x00522280
core   0: 0x8000a7a6 (0x4059d693) srai    a3, s3, 5
core   0: 3 0x8000a7a6 (0x4059d693) x13 0xfc001202
core   0: 0x8000a7aa (0xf1964783) lbu     a5, -231(a2)
core   0: 3 0x8000a7aa (0xf1964783) x15 0x0000003c mem 0x8001b119
core   0: 0x8000a7ae (0x3405f5f3) csrrci  a1, mscratch, 11
core   0: 3 0x8000a7ae (0x3405f5f3) x11 0x00000000 c832_mscratch 0x00000000
core   0: 0x8000a7b2 (0x34003873) csrrc   a6, mscratch, zero
core   0: 3 0x8000a7b2 (0x34003873) x16 0x00000000
core   0: 0x8000a7b6 (0x000085da) c.mv    a1, s6
core   0: 3 0x8000a7b6 (0x85da) x11 0x00000000
core   0: 0x8000a7b8 (0x0a660ea3) sb      t1, 189(a2)
core   0: 3 0x8000a7b8 (0x0a660ea3) mem 0x8001b2bd 0x0
core   0: 0x8000a7bc (0x687c2793) slti    a5, s8, 1671
core   0: 3 0x8000a7bc (0x687c2793) x15 0x00000000
core   0: 0x8000a7c0 (0xf7764703) lbu     a4, -137(a2)
core   0: 3 0x8000a7c0 (0xf7764703) x14 0x00000088 mem 0x8001b177
core   0: 0x8000a7c4 (0x0000079c) c.addi4spn a5, sp, 960
core   0: 3 0x8000a7c4 (0x079c) x15 0x40014c4a
core   0: 0x8000a7c6 (0x003226b3) slt     a3, tp, gp
core   0: 3 0x8000a7c6 (0x003226b3) x13 0x00000000
core   0: 0x8000a7ca (0xf5c62c83) lw      s9, -164(a2)
core   0: 3 0x8000a7ca (0xf5c62c83) x25 0xf096a4e5 mem 0x8001b15c
core   0: 0x8000a7ce (0x00932a33) slt     s4, t1, s1
core   0: 3 0x8000a7ce (0x00932a33) x20 0x00000000
core   0: 0x8000a7d2 (0x019d9e93) slli    t4, s11, 25
core   0: 3 0x8000a7d2 (0x019d9e93) x29 0x14000000
core   0: 0x8000a7d6 (0x020a7b33) remu    s6, s4, zero
core   0: 3 0x8000a7d6 (0x020a7b33) x22 0x00000000
core   0: 0x8000a7da (0x0f065d03) lhu     s10, 240(a2)
core   0: 3 0x8000a7da (0x0f065d03) x26 0x00008530 mem 0x8001b2f0
core   0: 0x8000a7de (0x03364883) lbu     a7, 51(a2)
core   0: 3 0x8000a7de (0x03364883) x17 0x0000009d mem 0x8001b233
core   0: 0x8000a7e2 (0x09a07693) andi    a3, zero, 154
core   0: 3 0x8000a7e2 (0x09a07693) x13 0x00000000
core   0: 0x8000a7e6 (0xfdd60d23) sb      t4, -38(a2)
core   0: 3 0x8000a7e6 (0xfdd60d23) mem 0x8001b1da 0x0
core   0: 0x8000a7ea (0x00018517) auipc   a0, 0x18
core   0: 3 0x8000a7ea (0x00018517) x10 0x800227ea
core   0: 0x8000a7ee (0x7c450513) addi    a0, a0, 1988
core   0: 3 0x8000a7ee (0x7c450513) x10 0x80022fae
core   0: 0x8000a7f2 (0x54450ba3) sb      tp, 1367(a0)
core   0: 3 0x8000a7f2 (0x54450ba3) mem 0x80023505 0xd1
core   0: 0x8000a7f6 (0x40f15713) srai    a4, sp, 15
core   0: 3 0x8000a7f6 (0x40f15713) x14 0x00008002
core   0: 0x8000a7fa (0x54350ba3) sb      gp, 1367(a0)
core   0: 3 0x8000a7fa (0x54350ba3) mem 0x80023505 0xa0
core   0: 0x8000a7fe (0x7c950883) lb      a7, 1993(a0)
core   0: 3 0x8000a7fe (0x7c950883) x17 0xffffff96 mem 0x80023777
core   0: 0x8000a802 (0x00573cb3) sltu    s9, a4, t0
core   0: 3 0x8000a802 (0x00573cb3) x25 0x00000001
core   0: 0x8000a806 (0x7c950703) lb      a4, 1993(a0)
core   0: 3 0x8000a806 (0x7c950703) x14 0xffffff96 mem 0x80023777
core   0: 0x8000a80a (0x7c6504a3) sb      t1, 1993(a0)
core   0: 3 0x8000a80a (0x7c6504a3) mem 0x80023777 0x0
core   0: 0x8000a80e (0x0098f233) and     tp, a7, s1
core   0: 3 0x8000a80e (0x0098f233) x 4 0x00000000
core   0: 0x8000a812 (0x7c954083) lbu     ra, 1993(a0)
core   0: 3 0x8000a812 (0x7c954083) x 1 0x00000000 mem 0x80023777
core   0: 0x8000a816 (0x7c950b83) lb      s7, 1993(a0)
core   0: 3 0x8000a816 (0x7c950b83) x23 0x00000000 mem 0x80023777
core   0: 0x8000a81a (0x7c950e83) lb      t4, 1993(a0)
core   0: 3 0x8000a81a (0x7c950e83) x29 0x00000000 mem 0x80023777
core   0: 0x8000a81e (0x7c950983) lb      s3, 1993(a0)
core   0: 3 0x8000a81e (0x7c950983) x19 0x00000000 mem 0x80023777
core   0: 0x8000a822 (0x020899b3) mulh    s3, a7, zero
core   0: 3 0x8000a822 (0x020899b3) x19 0x00000000
core   0: 0x8000a826 (0x7c950303) lb      t1, 1993(a0)
core   0: 3 0x8000a826 (0x7c950303) x 6 0x00000000 mem 0x80023777
core   0: 0x8000a82a (0x7c950083) lb      ra, 1993(a0)
core   0: 3 0x8000a82a (0x7c950083) x 1 0x00000000 mem 0x80023777
core   0: 0x8000a82e (0x02a0066f) jal     a2, pc + 0x2a
core   0: 3 0x8000a82e (0x02a0066f) x12 0x8000a832
core   0: 0x8000a858 (0x00002029) c.jal   pc + 10
core   0: 3 0x8000a858 (0x2029) x 1 0x8000a85a
core   0: 0x8000a862 (0x000037ed) c.jal   pc - 22
core   0: 3 0x8000a862 (0x37ed) x 1 0x8000a864
core   0: 0x8000a84c (0x00002011) c.jal   pc + 4
core   0: 3 0x8000a84c (0x2011) x 1 0x8000a84e
core   0: 0x8000a850 (0x0000b7cd) c.j     pc - 30
core   0: 3 0x8000a850 (0xb7cd)
core   0: 0x8000a832 (0x0140066f) jal     a2, pc + 0x14
core   0: 3 0x8000a832 (0x0140066f) x12 0x8000a836
core   0: 0x8000a846 (0x00002021) c.jal   pc + 8
core   0: 3 0x8000a846 (0x2021) x 1 0x8000a848
core   0: 0x8000a84e (0x0000bfd5) c.j     pc - 12
core   0: 3 0x8000a84e (0xbfd5)
core   0: 0x8000a842 (0x0000a035) c.j     pc + 44
core   0: 3 0x8000a842 (0xa035)
core   0: 0x8000a86e (0x00003fed) c.jal   pc - 6
core   0: 3 0x8000a86e (0x3fed) x 1 0x8000a870
core   0: 0x8000a868 (0x0000b7ed) c.j     pc - 22
core   0: 3 0x8000a868 (0xb7ed)
core   0: 0x8000a852 (0x00002829) c.jal   pc + 26
core   0: 3 0x8000a852 (0x2829) x 1 0x8000a854
core   0: 0x8000a86c (0x000037fd) c.jal   pc - 18
core   0: 3 0x8000a86c (0x37fd) x 1 0x8000a86e
core   0: 0x8000a85a (0x00003ff1) c.jal   pc - 36
core   0: 3 0x8000a85a (0x3ff1) x 1 0x8000a85c
core   0: 0x8000a836 (0x0000a01d) c.j     pc + 38
core   0: 3 0x8000a836 (0xa01d)
core   0: 0x8000a85c (0xfe3ff36f) jal     t1, pc - 0x1e
core   0: 3 0x8000a85c (0xfe3ff36f) x 6 0x8000a860
core   0: 0x8000a83e (0x0220036f) jal     t1, pc + 0x22
core   0: 3 0x8000a83e (0x0220036f) x 6 0x8000a842
core   0: 0x8000a860 (0x0000a029) c.j     pc + 10
core   0: 3 0x8000a860 (0xa029)
core   0: 0x8000a86a (0x00003fe9) c.jal   pc - 38
core   0: 3 0x8000a86a (0x3fe9) x 1 0x8000a86c
core   0: 0x8000a844 (0x0000a005) c.j     pc + 32
core   0: 3 0x8000a844 (0xa005)
core   0: 0x8000a864 (0xff1ff0ef) jal     pc - 0x10
core   0: 3 0x8000a864 (0xff1ff0ef) x 1 0x8000a868
core   0: 0x8000a854 (0x00003fd5) c.jal   pc - 12
core   0: 3 0x8000a854 (0x3fd5) x 1 0x8000a856
core   0: 0x8000a848 (0xff1ff0ef) jal     pc - 0x10
core   0: 3 0x8000a848 (0xff1ff0ef) x 1 0x8000a84c
core   0: 0x8000a838 (0x00002825) c.jal   pc + 56
core   0: 3 0x8000a838 (0x2825) x 1 0x8000a83a
core   0: 0x8000a870 (0x0000b7e9) c.j     pc - 54
core   0: 3 0x8000a870 (0xb7e9)
core   0: 0x8000a83a (0x01c000ef) jal     pc + 0x1c
core   0: 3 0x8000a83a (0x01c000ef) x 1 0x8000a83e
core   0: 0x8000a856 (0x00002831) c.jal   pc + 28
core   0: 3 0x8000a856 (0x2831) x 1 0x8000a858
core   0: 0x8000a872 (0x0000651d) c.lui   a0, 0x7
core   0: 3 0x8000a872 (0x651d) x10 0x00007000
core   0: 0x8000a874 (0x0001aa17) auipc   s4, 0x1a
core   0: 3 0x8000a874 (0x0001aa17) x20 0x80024874
core   0: 0x8000a878 (0x808a0a13) addi    s4, s4, -2040
core   0: 3 0x8000a878 (0x808a0a13) x20 0x8002407c
core   0: 0x8000a87c (0x100a252f) lr.w    a0, (s4)
core   0: 3 0x8000a87c (0x100a252f) x10 0x00000050 mem 0x8002407c
core   0: 0x8000a880 (0x00000001) c.nop
core   0: 3 0x8000a880 (0x0001)
core   0: 0x8000a882 (0x0280c233) div     tp, ra, s0
core   0: 3 0x8000a882 (0x0280c233) x 4 0xfffffffd
core   0: 0x8000a886 (0x00c7fe33) and     t3, a5, a2
core   0: 3 0x8000a886 (0x00c7fe33) x28 0x00000802
core   0: 0x8000a88a (0x02e93bb3) mulhu   s7, s2, a4
core   0: 3 0x8000a88a (0x02e93bb3) x23 0x0052227f
core   0: 0x8000a88e (0x0379cab3) div     s5, s3, s7
core   0: 3 0x8000a88e (0x0379cab3) x21 0x00000000
core   0: 0x8000a892 (0xd0a83697) auipc   a3, 0xd0a83
core   0: 3 0x8000a892 (0xd0a83697) x13 0x50a8d892
core   0: 0x8000a896 (0x02deb7b3) mulhu   a5, t4, a3
core   0: 3 0x8000a896 (0x02deb7b3) x15 0x00000000
core   0: 0x8000a89a (0x00008eb5) c.xor   a3, a3
core   0: 3 0x8000a89a (0x8eb5) x13 0x00000000
core   0: 0x8000a89c (0x340cedf3) csrrsi  s11, mscratch, 25
core   0: 3 0x8000a89c (0x340cedf3) x27 0x00000000 c832_mscratch 0x00000019
core   0: 0x8000a8a0 (0x00008f25) c.xor   a4, s1
core   0: 3 0x8000a8a0 (0x8f25) x14 0xffffff96
core   0: 0x8000a8a2 (0x718aed97) auipc   s11, 0x718ae
core   0: 3 0x8000a8a2 (0x718aed97) x27 0xf18b88a2
core   0: 0x8000a8a6 (0x037bf5b3) remu    a1, s7, s7
core   0: 3 0x8000a8a6 (0x037bf5b3) x11 0x00000000
core   0: 0x8000a8aa (0x00000af2) c.slli  s5, 28
core   0: 3 0x8000a8aa (0x0af2) x21 0x00000000
core   0: 0x8000a8ac (0x18ba2faf) sc.w    t6, a1, (s4)
core   0: 3 0x8000a8ac (0x18ba2faf) x31 0x00000000 mem 0x8002407c 0x00000000
core   0: 0x8000a8b0 (0x00013e17) auipc   t3, 0x13
core   0: 3 0x8000a8b0 (0x00013e17) x28 0x8001d8b0
core   0: 0x8000a8b4 (0x0a3e0e13) addi    t3, t3, 163
core   0: 3 0x8000a8b4 (0x0a3e0e13) x28 0x8001d953
core   0: 0x8000a8b8 (0x00009617) auipc   a2, 0x9
core   0: 3 0x8000a8b8 (0x00009617) x12 0x800138b8
core   0: 0x8000a8bc (0x22760613) addi    a2, a2, 551
core   0: 3 0x8000a8bc (0x22760613) x12 0x80013adf
core   0: 0x8000a8c0 (0x0dd60ca3) sb      t4, 217(a2)
core   0: 3 0x8000a8c0 (0x0dd60ca3) mem 0x80013bb8 0x0
core   0: 0x8000a8c4 (0xf4be4b83) lbu     s7, -181(t3)
core   0: 3 0x8000a8c4 (0xf4be4b83) x23 0x000000de mem 0x8001d89e
core   0: 0x8000a8c8 (0xf6162a83) lw      s5, -159(a2)
core   0: 3 0x8000a8c8 (0xf6162a83) x21 0x11ea207e mem 0x80013a40
core   0: 0x8000a8cc (0x07ce10a3) sh      t3, 97(t3)
core   0: 3 0x8000a8cc (0x07ce10a3) mem 0x8001d9b4 0xd953
core   0: 0x8000a8d0 (0x08760983) lb      s3, 135(a2)
core   0: 3 0x8000a8d0 (0x08760983) x19 0x00000022 mem 0x80013b66
core   0: 0x8000a8d4 (0xfd562c83) lw      s9, -43(a2)
core   0: 3 0x8000a8d4 (0xfd562c83) x25 0xaf48f2e1 mem 0x80013ab4
core   0: 0x8000a8d8 (0x0cfe4403) lbu     s0, 207(t3)
core   0: 3 0x8000a8d8 (0x0cfe4403) x 8 0x000000d5 mem 0x8001da22
core   0: 0x8000a8dc (0x020e0c03) lb      s8, 32(t3)
core   0: 3 0x8000a8dc (0x020e0c03) x24 0x0000000e mem 0x8001d973
core   0: 0x8000a8e0 (0x0e0e0083) lb      ra, 224(t3)
core   0: 3 0x8000a8e0 (0x0e0e0083) x 1 0x00000039 mem 0x8001da33
core   0: 0x8000a8e4 (0x0fb60223) sb      s11, 228(a2)
core   0: 3 0x8000a8e4 (0x0fb60223) mem 0x80013bc3 0xa2
core   0: 0x8000a8e8 (0xf62e0983) lb      s3, -158(t3)
core   0: 3 0x8000a8e8 (0xf62e0983) x19 0x00000014 mem 0x8001d8b5
core   0: 0x8000a8ec (0xf2ce0c03) lb      s8, -212(t3)
core   0: 3 0x8000a8ec (0xf2ce0c03) x24 0x0000004d mem 0x8001d87f
core   0: 0x8000a8f0 (0xffa613a3) sh      s10, -25(a2)
core   0: 3 0x8000a8f0 (0xffa613a3) mem 0x80013ac6 0x8530
core   0: 0x8000a8f4 (0xf4de0623) sb      a3, -180(t3)
core   0: 3 0x8000a8f4 (0xf4de0623) mem 0x8001d89f 0x0
core   0: 0x8000a8f8 (0x02ce13a3) sh      a2, 39(t3)
core   0: 3 0x8000a8f8 (0x02ce13a3) mem 0x8001d97a 0x3adf
core   0: 0x8000a8fc (0xff361403) lh      s0, -13(a2)
core   0: 3 0x8000a8fc (0xff361403) x 8 0xffffedb6 mem 0x80013ad2
core   0: 0x8000a900 (0x00009117) auipc   sp, 0x9
core   0: 3 0x8000a900 (0x00009117) x 2 0x80013900
core   0: 0x8000a904 (0x6c410113) addi    sp, sp, 1732
core   0: 3 0x8000a904 (0x6c410113) x 2 0x80013fc4
core   0: 0x8000a908 (0x00b14303) lbu     t1, 11(sp)
core   0: 3 0x8000a908 (0x00b14303) x 6 0x0000009f mem 0x80013fcf
core   0: 0x8000a90c (0x00009a17) auipc   s4, 0x9
core   0: 3 0x8000a90c (0x00009a17) x20 0x8001390c
core   0: 0x8000a910 (0x3c0a0a13) addi    s4, s4, 960
core   0: 3 0x8000a910 (0x3c0a0a13) x20 0x80013ccc
core   0: 0x8000a914 (0x00009c97) auipc   s9, 0x9
core   0: 3 0x8000a914 (0x00009c97) x25 0x80013914
core   0: 0x8000a918 (0x725c8c93) addi    s9, s9, 1829
core   0: 3 0x8000a918 (0x725c8c93) x25 0x80014039
core   0: 0x8000a91c (0x00009e17) auipc   t3, 0x9
core   0: 3 0x8000a91c (0x00009e17) x28 0x8001391c
core   0: 0x8000a920 (0x84fe0e13) addi    t3, t3, -1969
core   0: 3 0x8000a920 (0x84fe0e13) x28 0x8001316b
core   0: 0x8000a924 (0xf4da4603) lbu     a2, -179(s4)
core   0: 3 0x8000a924 (0xf4da4603) x12 0x00000002 mem 0x80013c19
core   0: 0x8000a928 (0x010c8323) sb      a6, 6(s9)
core   0: 3 0x8000a928 (0x010c8323) mem 0x8001403f 0x0
core   0: 0x8000a92c (0xff811603) lh      a2, -8(sp)
core   0: 3 0x8000a92c (0xff811603) x12 0xffffd668 mem 0x80013fbc
core   0: 0x8000a930 (0xf31a0303) lb      t1, -207(s4)
core   0: 3 0x8000a930 (0xf31a0303) x 6 0x0000006f mem 0x80013bfd
core   0: 0x8000a934 (0x016c94a3) sh      s6, 9(s9)
core   0: 3 0x8000a934 (0x016c94a3) mem 0x80014042 0x0000
core   0: 0x8000a938 (0x008e4583) lbu     a1, 8(t3)
core   0: 3 0x8000a938 (0x008e4583) x11 0x000000d4 mem 0x80013173
core   0: 0x8000a93c (0x03ea4903) lbu     s2, 62(s4)
core   0: 3 0x8000a93c (0x03ea4903) x18 0x00000026 mem 0x80013d0a
core   0: 0x8000a940 (0xfe610ba3) sb      t1, -9(sp)
core   0: 3 0x8000a940 (0xfe610ba3) mem 0x80013fbb 0x6f
core   0: 0x8000a944 (0x0e0a02a3) sb      zero, 229(s4)
core   0: 3 0x8000a944 (0x0e0a02a3) mem 0x80013db1 0x0
core   0: 0x8000a948 (0x006cc183) lbu     gp, 6(s9)
core   0: 3 0x8000a948 (0x006cc183) x 3 0x00000000 mem 0x8001403f
core   0: 0x8000a94c (0x03da4883) lbu     a7, 61(s4)
core   0: 3 0x8000a94c (0x03da4883) x17 0x0000001b mem 0x80013d09
core   0: 0x8000a950 (0xfee11d23) sh      a4, -6(sp)
core   0: 3 0x8000a950 (0xfee11d23) mem 0x80013fbe 0xff96
core   0: 0x8000a954 (0xffee0703) lb      a4, -2(t3)
core   0: 3 0x8000a954 (0xffee0703) x14 0xffffffd1 mem 0x80013169
core   0: 0x8000a958 (0x00ae0203) lb      tp, 10(t3)
core   0: 3 0x8000a958 (0x00ae0203) x 4 0x0000005a mem 0x80013175
core   0: 0x8000a95c (0x015ca1a3) sw      s5, 3(s9)
core   0: 3 0x8000a95c (0x015ca1a3) mem 0x8001403c 0x11ea207e
core   0: 0x8000a960 (0xf4ba09a3) sb      a1, -173(s4)
core   0: 3 0x8000a960 (0xf4ba09a3) mem 0x80013c1f 0xd4
core   0: 0x8000a964 (0xfecc8a23) sb      a2, -12(s9)
core   0: 3 0x8000a964 (0xfecc8a23) mem 0x8001402d 0x68
core   0: 0x8000a968 (0x005e4303) lbu     t1, 5(t3)
core   0: 3 0x8000a968 (0x005e4303) x 6 0x000000bc mem 0x80013170
core   0: 0x8000a96c (0xff8e2ea3) sw      s8, -3(t3)
core   0: 3 0x8000a96c (0xff8e2ea3) mem 0x80013168 0x0000004d
core   0: 0x8000a970 (0x0e0a5903) lhu     s2, 224(s4)
core   0: 3 0x8000a970 (0x0e0a5903) x18 0x000097ae mem 0x80013dac
core   0: 0x8000a974 (0x000e4e83) lbu     t4, 0(t3)
core   0: 3 0x8000a974 (0x000e4e83) x29 0x00000000 mem 0x8001316b
core   0: 0x8000a978 (0xff514883) lbu     a7, -11(sp)
core   0: 3 0x8000a978 (0xff514883) x17 0x000000d7 mem 0x80013fb9
core   0: 0x8000a97c (0x08ba0603) lb      a2, 139(s4)
core   0: 3 0x8000a97c (0x08ba0603) x12 0xffffffd2 mem 0x80013d57
core   0: 0x8000a980 (0xff214503) lbu     a0, -14(sp)
core   0: 3 0x8000a980 (0xff214503) x10 0x0000001a mem 0x80013fb6
core   0: 0x8000a984 (0xff710e83) lb      t4, -9(sp)
core   0: 3 0x8000a984 (0xff710e83) x29 0x0000006f mem 0x80013fbb
core   0: 0x8000a988 (0x00017117) auipc   sp, 0x17
core   0: 3 0x8000a988 (0x00017117) x 2 0x80021988
core   0: 0x8000a98c (0xe2810113) addi    sp, sp, -472
core   0: 3 0x8000a98c (0xe2810113) x 2 0x800217b0
core   0: 0x8000a990 (0x02a92333) mulhsu  t1, s2, a0
core   0: 3 0x8000a990 (0x02a92333) x 6 0x00000000
core   0: 0x8000a994 (0xf2c15903) lhu     s2, -212(sp)
core   0: 3 0x8000a994 (0xf2c15903) x18 0x00000ca1 mem 0x800216dc
core   0: 0x8000a998 (0x40d5d333) sra     t1, a1, a3
core   0: 3 0x8000a998 (0x40d5d333) x 6 0x000000d4
core   0: 0x8000a99c (0x00008d2d) c.xor   a0, a1
core   0: 3 0x8000a99c (0x8d2d) x10 0x000000ce
core   0: 0x8000a99e (0x40935533) sra     a0, t1, s1
core   0: 3 0x8000a99e (0x40935533) x10 0x000000d4
core   0: 0x8000a9a2 (0x0000949a) c.add   s1, t1
core   0: 3 0x8000a9a2 (0x949a) x 9 0x000000d4
core   0: 0x8000a9a4 (0x02b6a6b3) mulhsu  a3, a3, a1
core   0: 3 0x8000a9a4 (0x02b6a6b3) x13 0x00000000
core   0: 0x8000a9a8 (0x029102a3) sb      s1, 37(sp)
core   0: 3 0x8000a9a8 (0x029102a3) mem 0x800217d5 0xd4
core   0: 0x8000a9ac (0x3406a973) csrrs   s2, mscratch, a3
core   0: 3 0x8000a9ac (0x3406a973) x18 0x00000019 c832_mscratch 0x00000019
core   0: 0x8000a9b0 (0x00735493) srli    s1, t1, 7
core   0: 3 0x8000a9b0 (0x00735493) x 9 0x00000001
core   0: 0x8000a9b4 (0xe324e693) ori     a3, s1, -462
core   0: 3 0x8000a9b4 (0xe324e693) x13 0xfffffe33
core   0: 0x8000a9b8 (0x00008d49) c.or    a0, a0
core   0: 3 0x8000a9b8 (0x8d49) x10 0x000000d4
core   0: 0x8000a9ba (0x00008ded) c.and   a1, a1
core   0: 3 0x8000a9ba (0x8ded) x11 0x000000d4
core   0: 0x8000a9bc (0x0cb11b23) sh      a1, 214(sp)
core   0: 3 0x8000a9bc (0x0cb11b23) mem 0x80021886 0x00d4
core   0: 0x8000a9c0 (0xfc014503) lbu     a0, -64(sp)
core   0: 3 0x8000a9c0 (0xfc014503) x10 0x00000083 mem 0x80021770
core   0: 0x8000a9c4 (0x07e10303) lb      t1, 126(sp)
core   0: 3 0x8000a9c4 (0x07e10303) x 6 0x0000004a mem 0x8002182e
core   0: 0x8000a9c8 (0x00a55913) srli    s2, a0, 10
core   0: 3 0x8000a9c8 (0x00a55913) x18 0x00000000
core   0: 0x8000a9cc (0x0cb105a3) sb      a1, 203(sp)
core   0: 3 0x8000a9cc (0x0cb105a3) mem 0x8002187b 0xd4
core   0: 0x8000a9d0 (0x00008ef5) c.and   a3, a3
core   0: 3 0x8000a9d0 (0x8ef5) x13 0xfffffe33
core   0: 0x8000a9d2 (0x02d14683) lbu     a3, 45(sp)
core   0: 3 0x8000a9d2 (0x02d14683) x13 0x00000031 mem 0x800217dd
core   0: 0x8000a9d6 (0xfcd10223) sb      a3, -60(sp)
core   0: 3 0x8000a9d6 (0xfcd10223) mem 0x80021774 0x31
core   0: 0x8000a9da (0x0f910683) lb      a3, 249(sp)
core   0: 3 0x8000a9da (0x0f910683) x13 0x0000003a mem 0x800218a9
core   0: 0x8000a9de (0x0000cdca) c.swsp  s2, 216(sp)
core   0: 3 0x8000a9de (0xcdca) mem 0x80021888 0x00000000
core   0: 0x8000a9e0 (0xa2434313) xori    t1, t1, -1500
core   0: 3 0x8000a9e0 (0xa2434313) x 6 0xfffffa6e
core   0: 0x8000a9e4 (0x02b4f333) remu    t1, s1, a1
core   0: 3 0x8000a9e4 (0x02b4f333) x 6 0x00000001
core   0: 0x8000a9e8 (0x02d14483) lbu     s1, 45(sp)
core   0: 3 0x8000a9e8 (0x02d14483) x 9 0x00000031 mem 0x800217dd
core   0: 0x8000a9ec (0x01610303) lb      t1, 22(sp)
core   0: 3 0x8000a9ec (0x01610303) x 6 0x0000005f mem 0x800217c6
core   0: 0x8000a9f0 (0xfdd14303) lbu     t1, -35(sp)
core   0: 3 0x8000a9f0 (0xfdd14303) x 6 0x00000019 mem 0x8002178d
core   0: 0x8000a9f4 (0x04d14303) lbu     t1, 77(sp)
core   0: 3 0x8000a9f4 (0x04d14303) x 6 0x0000002b mem 0x800217fd
core   0: 0x8000a9f8 (0x00000001) c.nop
core   0: 3 0x8000a9f8 (0x0001)
core   0: 0x8000a9fa (0x00004332) c.lwsp  t1, 12(sp)
core   0: 3 0x8000a9fa (0x4332) x 6 0xc670840a mem 0x800217bc
core   0: 0x8000a9fc (0x0060066f) jal     a2, pc + 0x6
core   0: 3 0x8000a9fc (0x0060066f) x12 0x8000aa00
core   0: 0x8000aa02 (0x0000a009) c.j     pc + 2
core   0: 3 0x8000aa02 (0xa009)
core   0: 0x8000aa04 (0x00002809) c.jal   pc + 18
core   0: 3 0x8000aa04 (0x2809) x 1 0x8000aa06
core   0: 0x8000aa16 (0xff1ff66f) jal     a2, pc - 0x10
core   0: 3 0x8000aa16 (0xff1ff66f) x12 0x8000aa1a
core   0: 0x8000aa06 (0x022000ef) jal     pc + 0x22
core   0: 3 0x8000aa06 (0x022000ef) x 1 0x8000aa0a
core   0: 0x8000aa28 (0xfe5ff36f) jal     t1, pc - 0x1c
core   0: 3 0x8000aa28 (0xfe5ff36f) x 6 0x8000aa2c
core   0: 0x8000aa0c (0x00003fd5) c.jal   pc - 12
core   0: 3 0x8000aa0c (0x3fd5) x 1 0x8000aa0e
core   0: 0x8000aa00 (0x00002005) c.jal   pc + 32
core   0: 3 0x8000aa00 (0x2005) x 1 0x8000aa02
core   0: 0x8000aa20 (0x0000a829) c.j     pc + 26
core   0: 3 0x8000aa20 (0xa829)
core   0: 0x8000aa3a (0x0000bfd9) c.j     pc - 42
core   0: 3 0x8000aa3a (0xbfd9)
core   0: 0x8000aa10 (0x00003fed) c.jal   pc - 6
core   0: 3 0x8000aa10 (0x3fed) x 1 0x8000aa12
core   0: 0x8000aa0a (0x0000a821) c.j     pc + 24
core   0: 3 0x8000aa0a (0xa821)
core   0: 0x8000aa22 (0x00003fe5) c.jal   pc - 8
core   0: 3 0x8000aa22 (0x3fe5) x 1 0x8000aa24
core   0: 0x8000aa1a (0x00a000ef) jal     pc + 0xa
core   0: 3 0x8000aa1a (0x00a000ef) x 1 0x8000aa1e
core   0: 0x8000aa24 (0x00002021) c.jal   pc + 8
core   0: 3 0x8000aa24 (0x2021) x 1 0x8000aa26
core   0: 0x8000aa2c (0x0100076f) jal     a4, pc + 0x10
core   0: 3 0x8000aa2c (0x0100076f) x14 0x8000aa30
core   0: 0x8000aa3c (0x0000bfd5) c.j     pc - 12
core   0: 3 0x8000aa3c (0xbfd5)
core   0: 0x8000aa30 (0x0040036f) jal     t1, pc + 0x4
core   0: 3 0x8000aa30 (0x0040036f) x 6 0x8000aa34
core   0: 0x8000aa34 (0x0040036f) jal     t1, pc + 0x4
core   0: 3 0x8000aa34 (0x0040036f) x 6 0x8000aa38
core   0: 0x8000aa38 (0x000037fd) c.jal   pc - 18
core   0: 3 0x8000aa38 (0x37fd) x 1 0x8000aa3a
core   0: 0x8000aa26 (0x0000b7f5) c.j     pc - 20
core   0: 3 0x8000aa26 (0xb7f5)
core   0: 0x8000aa12 (0xffdffd6f) jal     s10, pc - 0x4
core   0: 3 0x8000aa12 (0xffdffd6f) x26 0x8000aa16
core   0: 0x8000aa0e (0x0000a801) c.j     pc + 16
core   0: 3 0x8000aa0e (0xa801)
core   0: 0x8000aa1e (0x00002005) c.jal   pc + 32
core   0: 3 0x8000aa1e (0x2005) x 1 0x8000aa20
core   0: 0x8000aa3e (0x01111233) sll     tp, sp, a7
core   0: 3 0x8000aa3e (0x01111233) x 4 0xd8000000
core   0: 0x8000aa42 (0x00019d97) auipc   s11, 0x19
core   0: 3 0x8000aa42 (0x00019d97) x27 0x80023a42
core   0: 0x8000aa46 (0x642d8d93) addi    s11, s11, 1602
core   0: 3 0x8000aa46 (0x642d8d93) x27 0x80024084
core   0: 0x8000aa4a (0x00000308) c.addi4spn a0, sp, 384
core   0: 3 0x8000aa4a (0x0308) x10 0x80021930
core   0: 0x8000aa4c (0x140da82f) lr.w    a6, (s11)
core   0: 3 0x8000aa4c (0x140da82f) x16 0xffffdeb3 mem 0x80024084
core   0: 0x8000aa50 (0x007d7233) and     tp, s10, t2
core   0: 3 0x8000aa50 (0x007d7233) x 4 0x00000006
core   0: 0x8000aa54 (0x00008e9d) c.sub   a3, a5
core   0: 3 0x8000aa54 (0x8e9d) x13 0x0000003a
core   0: 0x8000aa56 (0x00000001) c.nop
core   0: 3 0x8000aa56 (0x0001)
core   0: 0x8000aa58 (0x0060c833) xor     a6, ra, t1
core   0: 3 0x8000aa58 (0x0060c833) x16 0x00000018
core   0: 0x8000aa5c (0x00008a95) c.andi  a3, 5
core   0: 3 0x8000aa5c (0x8a95) x13 0x00000000
core   0: 0x8000aa5e (0x340f5273) csrrwi  tp, mscratch, 30
core   0: 3 0x8000aa5e (0x340f5273) x 4 0x00000019 c832_mscratch 0x0000001e
core   0: 0x8000aa62 (0x00f0ed33) or      s10, ra, a5
core   0: 3 0x8000aa62 (0x00f0ed33) x26 0x8000aa20
core   0: 0x8000aa66 (0x0312b733) mulhu   a4, t0, a7
core   0: 3 0x8000aa66 (0x0312b733) x14 0x0000006b
core   0: 0x8000aa6a (0x003a6133) or      sp, s4, gp
core   0: 3 0x8000aa6a (0x003a6133) x 2 0x80013ccc
core   0: 0x8000aa6e (0x00006509) c.lui   a0, 0x2
core   0: 3 0x8000aa6e (0x6509) x10 0x00002000
core   0: 0x8000aa70 (0x1a5dab2f) sc.w    s6, t0, (s11)
core   0: 3 0x8000aa70 (0x1a5dab2f) x22 0x00000000 mem 0x80024084 0x80028e74
core   0: 0x8000aa74 (0x000047a9) c.li    a5, 10
core   0: 3 0x8000aa74 (0x47a9) x15 0x0000000a
core   0: 0x8000aa76 (0x00000001) c.nop
core   0: 3 0x8000aa76 (0x0001)
core   0: 0x8000aa78 (0x0253ddb3) divu    s11, t2, t0
core   0: 3 0x8000aa78 (0x0253ddb3) x27 0x00000000
core   0: 0x8000aa7c (0x000017d9) c.addi  a5, -10
core   0: 3 0x8000aa7c (0x17d9) x15 0x00000000
core   0: 0x8000aa7e (0x00001bfd) c.addi  s7, -1
core   0: 3 0x8000aa7e (0x1bfd) x23 0x000000dd
core   0: 0x8000aa80 (0x0000dfe5) c.beqz  a5, pc - 8
core   0: 3 0x8000aa80 (0xdfe5)
core   0: 0x8000aa78 (0x0253ddb3) divu    s11, t2, t0
core   0: 3 0x8000aa78 (0x0253ddb3) x27 0x00000000
core   0: 0x8000aa7c (0x000017d9) c.addi  a5, -10
core   0: 3 0x8000aa7c (0x17d9) x15 0xfffffff6
core   0: 0x8000aa7e (0x00001bfd) c.addi  s7, -1
core   0: 3 0x8000aa7e (0x1bfd) x23 0x000000dc
core   0: 0x8000aa80 (0x0000dfe5) c.beqz  a5, pc - 8
core   0: 3 0x8000aa80 (0xdfe5)
core   0: 0x8000aa82 (0x84d86637) lui     a2, 0x84d86
core   0: 3 0x8000aa82 (0x84d86637) x12 0x84d86000
core   0: 0x8000aa86 (0x0000a997) auipc   s3, 0xa
core   0: 3 0x8000aa86 (0x0000a997) x19 0x80014a86
core   0: 0x8000aa8a (0x73a98993) addi    s3, s3, 1850
core   0: 3 0x8000aa8a (0x73a98993) x19 0x800151c0
core   0: 0x8000aa8e (0x0000fe97) auipc   t4, 0xf
core   0: 3 0x8000aa8e (0x0000fe97) x29 0x80019a8e
core   0: 0x8000aa92 (0xa75e8e93) addi    t4, t4, -1419
core   0: 3 0x8000aa92 (0xa75e8e93) x29 0x80019503
core   0: 0x8000aa96 (0x051e8603) lb      a2, 81(t4)
core   0: 3 0x8000aa96 (0x051e8603) x12 0x00000033 mem 0x80019554
core   0: 0x8000aa9a (0x15ae82a3) sb      s10, 325(t4)
core   0: 3 0x8000aa9a (0x15ae82a3) mem 0x80019648 0x20
core   0: 0x8000aa9e (0x009982a3) sb      s1, 5(s3)
core   0: 3 0x8000aa9e (0x009982a3) mem 0x800151c5 0x31
core   0: 0x8000aaa2 (0x01a983a3) sb      s10, 7(s3)
core   0: 3 0x8000aaa2 (0x01a983a3) mem 0x800151c7 0x20
core   0: 0x8000aaa6 (0x00298f83) lb      t6, 2(s3)
core   0: 3 0x8000aaa6 (0x00298f83) x31 0xfffffffa mem 0x800151c2
core   0: 0x8000aaaa (0x2a1e8d83) lb      s11, 673(t4)
core   0: 3 0x8000aaaa (0x2a1e8d83) x27 0x00000043 mem 0x800197a4
core   0: 0x8000aaae (0xff89c483) lbu     s1, -8(s3)
core   0: 3 0x8000aaae (0xff89c483) x 9 0x00000024 mem 0x800151b8
core   0: 0x8000aab2 (0x88feca83) lbu     s5, -1905(t4)
core   0: 3 0x8000aab2 (0x88feca83) x21 0x00000070 mem 0x80018d92
core   0: 0x8000aab6 (0x00299223) sh      sp, 4(s3)
core   0: 3 0x8000aab6 (0x00299223) mem 0x800151c4 0x3ccc
core   0: 0x8000aaba (0xfe498fa3) sb      tp, -1(s3)
core   0: 3 0x8000aaba (0xfe498fa3) mem 0x800151bf 0x19
core   0: 0x8000aabe (0x01299323) sh      s2, 6(s3)
core   0: 3 0x8000aabe (0x01299323) mem 0x800151c6 0x0000
core   0: 0x8000aac2 (0x567ec403) lbu     s0, 1383(t4)
core   0: 3 0x8000aac2 (0x567ec403) x 8 0x00000012 mem 0x80019a6a
core   0: 0x8000aac6 (0x00298483) lb      s1, 2(s3)
core   0: 3 0x8000aac6 (0x00298483) x 9 0xfffffffa mem 0x800151c2
core   0: 0x8000aaca (0x45ae89a3) sb      s10, 1107(t4)
core   0: 3 0x8000aaca (0x45ae89a3) mem 0x80019956 0x20
core   0: 0x8000aace (0x00019217) auipc   tp, 0x19
core   0: 3 0x8000aace (0x00019217) x 4 0x80023ace
core   0: 0x8000aad2 (0x5b220213) addi    tp, tp, 1458
core   0: 3 0x8000aad2 (0x5b220213) x 4 0x80024080
core   0: 0x8000aad6 (0x1002202f) lr.w    zero, (tp)
core   0: 3 0x8000aad6 (0x1002202f) mem 0x80024080
core   0: 0x8000aada (0x1d92272f) sc.w    a4, s9, (tp)
core   0: 3 0x8000aada (0x1d92272f) x14 0x00000000 mem 0x80024080 0x80014039
core   0: 0x8000aade (0x00019b97) auipc   s7, 0x19
core   0: 3 0x8000aade (0x00019b97) x23 0x80023ade
core   0: 0x8000aae2 (0x5a2b8b93) addi    s7, s7, 1442
core   0: 3 0x8000aae2 (0x5a2b8b93) x23 0x80024080
core   0: 0x8000aae6 (0x128af613) andi    a2, s5, 296
core   0: 3 0x8000aae6 (0x128af613) x12 0x00000020
core   0: 0x8000aaea (0x01d0b4b3) sltu    s1, ra, t4
core   0: 3 0x8000aaea (0x01d0b4b3) x 9 0x00000001
core   0: 0x8000aaee (0x0038dc33) srl     s8, a7, gp
core   0: 3 0x8000aaee (0x0038dc33) x24 0x000000d7
core   0: 0x8000aaf2 (0x02ab3e33) mulhu   t3, s6, a0
core   0: 3 0x8000aaf2 (0x02ab3e33) x28 0x00000000
core   0: 0x8000aaf6 (0x000085dd) c.srai  a1, 23
core   0: 3 0x8000aaf6 (0x85dd) x11 0x00000000
core   0: 0x8000aaf8 (0x140baeaf) lr.w    t4, (s7)
core   0: 3 0x8000aaf8 (0x140baeaf) x29 0x80014039 mem 0x80024080
core   0: 0x8000aafc (0x3404db73) csrrwi  s6, mscratch, 9
core   0: 3 0x8000aafc (0x3404db73) x22 0x0000001e c832_mscratch 0x00000009
core   0: 0x8000ab00 (0x003f68b3) or      a7, t5, gp
core   0: 3 0x8000ab00 (0x003f68b3) x17 0x8002cd24
core   0: 0x8000ab04 (0x006825b3) slt     a1, a6, t1
core   0: 3 0x8000ab04 (0x006825b3) x11 0x00000000
core   0: 0x8000ab08 (0xec24e813) ori     a6, s1, -318
core   0: 3 0x8000ab08 (0xec24e813) x16 0xfffffec3
core   0: 0x8000ab0c (0x1a1bad2f) sc.w    s10, ra, (s7)
core   0: 3 0x8000ab0c (0x1a1bad2f) x26 0x00000000 mem 0x80024080 0x8000aa20
core   0: 0x8000ab10 (0x00019517) auipc   a0, 0x19
core   0: 3 0x8000ab10 (0x00019517) x10 0x80023b10
core   0: 0x8000ab14 (0x54450513) addi    a0, a0, 1348
core   0: 3 0x8000ab14 (0x54450513) x10 0x80024054
core   0: 0x8000ab18 (0x00019597) auipc   a1, 0x19
core   0: 3 0x8000ab18 (0x00019597) x11 0x80023b18
core   0: 0x8000ab1c (0x56058593) addi    a1, a1, 1376
core   0: 3 0x8000ab1c (0x56058593) x11 0x80024078
core   0: 0x8000ab20 (0x00019497) auipc   s1, 0x19
core   0: 3 0x8000ab20 (0x00019497) x 9 0x80023b20
core   0: 0x8000ab24 (0x55848493) addi    s1, s1, 1368
core   0: 3 0x8000ab24 (0x55848493) x 9 0x80024078
core   0: 0x8000ab28 (0x0000987d) c.andi  s0, -1
core   0: 3 0x8000ab28 (0x987d) x 8 0x00000012
core   0: 0x8000ab2a (0x0111d9b3) srl     s3, gp, a7
core   0: 3 0x8000ab2a (0x0111d9b3) x19 0x00000000
core   0: 0x8000ab2e (0x614529af) amoand.w s3, s4, (a0)
core   0: 3 0x8000ab2e (0x614529af) x19 0xffffffce mem 0x80024054 mem 0x80024054 0x80013ccc
core   0: 0x8000ab32 (0x8105232f) amomin.w t1, a6, (a0)
core   0: 3 0x8000ab32 (0x8105232f) x 6 0x80013ccc mem 0x80024054 mem 0x80024054 0x80013ccc
core   0: 0x8000ab36 (0x04a5ac2f) amoadd.w s8, a0, (a1)
core   0: 3 0x8000ab36 (0x04a5ac2f) x24 0x8002cd21 mem 0x80024078 mem 0x80024078 0x00050d75
core   0: 0x8000ab3a (0x0000177d) c.addi  a4, -1
core   0: 3 0x8000ab3a (0x177d) x14 0xffffffff
core   0: 0x8000ab3c (0x0000823d) c.srli  a2, 15
core   0: 3 0x8000ab3c (0x823d) x12 0x00000000
core   0: 0x8000ab3e (0xc554a82f) amominu.w a6, s5, (s1)
core   0: 3 0x8000ab3e (0xc554a82f) x16 0x00050d75 mem 0x80024078 mem 0x80024078 0x00000070
core   0: 0x8000ab42 (0x00008369) c.srli  a4, 26
core   0: 3 0x8000ab42 (0x8369) x14 0x0000003f
core   0: 0x8000ab44 (0x21a4a42f) amoxor.w s0, s10, (s1)
core   0: 3 0x8000ab44 (0x21a4a42f) x 8 0x00000070 mem 0x80024078 mem 0x80024078 0x00000070
core   0: 0x8000ab48 (0x024526af) amoadd.w a3, tp, (a0)
core   0: 3 0x8000ab48 (0x024526af) x13 0x80013ccc mem 0x80024054 mem 0x80024054 0x00037d4c
core   0: 0x8000ab4c (0xe5852eaf) amomaxu.w t4, s8, (a0)
core   0: 3 0x8000ab4c (0xe5852eaf) x29 0x00037d4c mem 0x80024054 mem 0x80024054 0x8002cd21
core   0: 0x8000ab50 (0x00009817) auipc   a6, 0x9
core   0: 3 0x8000ab50 (0x00009817) x16 0x80013b50
core   0: 0x8000ab54 (0xf4f80813) addi    a6, a6, -177
core   0: 3 0x8000ab54 (0xf4f80813) x16 0x80013a9f
core   0: 0x8000ab58 (0x00018b97) auipc   s7, 0x18
core   0: 3 0x8000ab58 (0x00018b97) x23 0x80022b58
core   0: 0x8000ab5c (0xa98b8b93) addi    s7, s7, -1384
core   0: 3 0x8000ab5c (0xa98b8b93) x23 0x800225f0
core   0: 0x8000ab60 (0x01384183) lbu     gp, 19(a6)
core   0: 3 0x8000ab60 (0x01384183) x 3 0x000000d6 mem 0x80013ab2
core   0: 0x8000ab64 (0xf3eb84a3) sb      t5, -215(s7)
core   0: 3 0x8000ab64 (0xf3eb84a3) mem 0x80022519 0x24
core   0: 0x8000ab68 (0xfb0808a3) sb      a6, -79(a6)
core   0: 3 0x8000ab68 (0xfb0808a3) mem 0x80013a50 0x9f
core   0: 0x8000ab6c (0x0a2b8fa3) sb      sp, 191(s7)
core   0: 3 0x8000ab6c (0x0a2b8fa3) mem 0x800226af 0xcc
core   0: 0x8000ab70 (0xf50bdf83) lhu     t6, -176(s7)
core   0: 3 0x8000ab70 (0xf50bdf83) x31 0x00008ee1 mem 0x80022540
core   0: 0x8000ab74 (0x04281fa3) sh      sp, 95(a6)
core   0: 3 0x8000ab74 (0x04281fa3) mem 0x80013afe 0x3ccc
core   0: 0x8000ab78 (0xf5ab9c23) sh      s10, -168(s7)
core   0: 3 0x8000ab78 (0xf5ab9c23) mem 0x80022548 0x0000
core   0: 0x8000ab7c (0xf5abce83) lbu     t4, -166(s7)
core   0: 3 0x8000ab7c (0xf5abce83) x29 0x00000060 mem 0x8002254a
core   0: 0x8000ab80 (0x016b8c83) lb      s9, 22(s7)
core   0: 3 0x8000ab80 (0x016b8c83) x25 0x0000002f mem 0x80022606
core   0: 0x8000ab84 (0xf0a84c03) lbu     s8, -246(a6)
core   0: 3 0x8000ab84 (0xf0a84c03) x24 0x000000c1 mem 0x800139a9
core   0: 0x8000ab88 (0xf2dbce83) lbu     t4, -211(s7)
core   0: 3 0x8000ab88 (0xf2dbce83) x29 0x000000f5 mem 0x8002251d
core   0: 0x8000ab8c (0x09abce03) lbu     t3, 154(s7)
core   0: 3 0x8000ab8c (0x09abce03) x28 0x00000010 mem 0x8002268a
core   0: 0x8000ab90 (0x08581683) lh      a3, 133(a6)
core   0: 3 0x8000ab90 (0x08581683) x13 0xffff8c96 mem 0x80013b24
core   0: 0x8000ab94 (0xff384b03) lbu     s6, -13(a6)
core   0: 3 0x8000ab94 (0xff384b03) x22 0x00000074 mem 0x80013a92
core   0: 0x8000ab98 (0x0c480c83) lb      s9, 196(a6)
core   0: 3 0x8000ab98 (0x0c480c83) x25 0x00000007 mem 0x80013b63
core   0: 0x8000ab9c (0xf1d80483) lb      s1, -227(a6)
core   0: 3 0x8000ab9c (0xf1d80483) x 9 0x0000002e mem 0x800139bc
core   0: 0x8000aba0 (0x00019417) auipc   s0, 0x19
core   0: 3 0x8000aba0 (0x00019417) x 8 0x80023ba0
core   0: 0x8000aba4 (0x4d040413) addi    s0, s0, 1232
core   0: 3 0x8000aba4 (0x4d040413) x 8 0x80024070
core   0: 0x8000aba8 (0x00019817) auipc   a6, 0x19
core   0: 3 0x8000aba8 (0x00019817) x16 0x80023ba8
core   0: 0x8000abac (0x4c880813) addi    a6, a6, 1224
core   0: 3 0x8000abac (0x4c880813) x16 0x80024070
core   0: 0x8000abb0 (0x00019617) auipc   a2, 0x19
core   0: 3 0x8000abb0 (0x00019617) x12 0x80023bb0
core   0: 0x8000abb4 (0x4d460613) addi    a2, a2, 1236
core   0: 3 0x8000abb4 (0x4d460613) x12 0x80024084
core   0: 0x8000abb8 (0x00019117) auipc   sp, 0x19
core   0: 3 0x8000abb8 (0x00019117) x 2 0x80023bb8
core   0: 0x8000abbc (0x4bc10113) addi    sp, sp, 1212
core   0: 3 0x8000abbc (0x4bc10113) x 2 0x80024074
core   0: 0x8000abc0 (0xa2f124af) amomax.w s1, a5, (sp)
core   0: 3 0x8000abc0 (0xa2f124af) x 9 0xffffffd0 mem 0x80024074 mem 0x80024074 0xfffffff6
core   0: 0x8000abc4 (0x0134ab33) slt     s6, s1, s3
core   0: 3 0x8000abc4 (0x0134ab33) x22 0x00000000
core   0: 0x8000abc8 (0x64962aaf) amoand.w s5, s1, (a2)
core   0: 3 0x8000abc8 (0x64962aaf) x21 0x80028e74 mem 0x80024084 mem 0x80024084 0x80028e50
core   0: 0x8000abcc (0xe3782d2f) amomaxu.w s10, s7, (a6)
core   0: 3 0x8000abcc (0xe3782d2f) x26 0x80024084 mem 0x80024070 mem 0x80024070 0x80024084
core   0: 0x8000abd0 (0x63582baf) amoand.w s7, s5, (a6)
core   0: 3 0x8000abd0 (0x63582baf) x23 0x80024084 mem 0x80024070 mem 0x80024070 0x80020004
core   0: 0x8000abd4 (0x21d6222f) amoxor.w tp, t4, (a2)
core   0: 3 0x8000abd4 (0x21d6222f) x 4 0x80028e50 mem 0x80024084 mem 0x80024084 0x80028ea5
core   0: 0x8000abd8 (0x00000001) c.nop
core   0: 3 0x8000abd8 (0x0001)
core   0: 0x8000abda (0x0c912baf) amoswap.w s7, s1, (sp)
core   0: 3 0x8000abda (0x0c912baf) x23 0xfffffff6 mem 0x80024074 mem 0x80024074 0xffffffd0
core   0: 0x8000abde (0x02a4222f) amoadd.w tp, a0, (s0)
core   0: 3 0x8000abde (0x02a4222f) x 4 0x80020004 mem 0x80024070 mem 0x80024070 0x00044058
core   0: 0x8000abe2 (0x0524252f) amoadd.w a0, s2, (s0)
core   0: 3 0x8000abe2 (0x0524252f) x10 0x00044058 mem 0x80024070 mem 0x80024070 0x00044058
core   0: 0x8000abe6 (0x84442b2f) amomin.w s6, tp, (s0)
core   0: 3 0x8000abe6 (0x84442b2f) x22 0x00044058 mem 0x80024070 mem 0x80024070 0x80020004
core   0: 0x8000abea (0x63162eaf) amoand.w t4, a7, (a2)
core   0: 3 0x8000abea (0x63162eaf) x29 0x80028ea5 mem 0x80024084 mem 0x80024084 0x80028c24
core   0: 0x8000abee (0x00014997) auipc   s3, 0x14
core   0: 3 0x8000abee (0x00014997) x19 0x8001ebee
core   0: 0x8000abf2 (0xffe98993) addi    s3, s3, -2
core   0: 3 0x8000abf2 (0xffe98993) x19 0x8001ebec
core   0: 0x8000abf6 (0x0000d597) auipc   a1, 0xd
core   0: 3 0x8000abf6 (0x0000d597) x11 0x80017bf6
core   0: 0x8000abfa (0xb8558593) addi    a1, a1, -1147
core   0: 3 0x8000abfa (0xb8558593) x11 0x8001777b
core   0: 0x8000abfe (0xf8958ba3) sb      s1, -105(a1)
core   0: 3 0x8000abfe (0xf8958ba3) mem 0x80017712 0xd0
core   0: 0x8000ac02 (0xf2e58d23) sb      a4, -198(a1)
core   0: 3 0x8000ac02 (0xf2e58d23) mem 0x800176b5 0x3f
core   0: 0x8000ac06 (0x0ce58903) lb      s2, 206(a1)
core   0: 3 0x8000ac06 (0x0ce58903) x18 0x0000000a mem 0x80017849
core   0: 0x8000ac0a (0xfed58423) sb      a3, -24(a1)
core   0: 3 0x8000ac0a (0xfed58423) mem 0x80017763 0x96
core   0: 0x8000ac0e (0x0ad5d683) lhu     a3, 173(a1)
core   0: 3 0x8000ac0e (0x0ad5d683) x13 0x00006584 mem 0x80017828
core   0: 0x8000ac12 (0x09658b03) lb      s6, 150(a1)
core   0: 3 0x8000ac12 (0x09658b03) x22 0x0000001c mem 0x80017811
core   0: 0x8000ac16 (0x01598603) lb      a2, 21(s3)
core   0: 3 0x8000ac16 (0x01598603) x12 0xffffffd2 mem 0x8001ec01
core   0: 0x8000ac1a (0xf165cf83) lbu     t6, -234(a1)
core   0: 3 0x8000ac1a (0xf165cf83) x31 0x000000ce mem 0x80017691
core   0: 0x8000ac1e (0xf5598e83) lb      t4, -171(s3)
core   0: 3 0x8000ac1e (0xf5598e83) x29 0xffffffb3 mem 0x8001eb41
core   0: 0x8000ac22 (0xfc558883) lb      a7, -59(a1)
core   0: 3 0x8000ac22 (0xfc558883) x17 0xffffffab mem 0x80017740
core   0: 0x8000ac26 (0x0979ac23) sw      s7, 152(s3)
core   0: 3 0x8000ac26 (0x0979ac23) mem 0x8001ec84 0xfffffff6
core   0: 0x8000ac2a (0xfe698703) lb      a4, -26(s3)
core   0: 3 0x8000ac2a (0xfe698703) x14 0xffffff91 mem 0x8001ebd2
core   0: 0x8000ac2e (0xf3798203) lb      tp, -201(s3)
core   0: 3 0x8000ac2e (0xf3798203) x 4 0xffffffa2 mem 0x8001eb23
core   0: 0x8000ac32 (0xf515aa03) lw      s4, -175(a1)
core   0: 3 0x8000ac32 (0xf515aa03) x20 0xd1e974a6 mem 0x800176cc
core   0: 0x8000ac36 (0xfdc5cd03) lbu     s10, -36(a1)
core   0: 3 0x8000ac36 (0xfdc5cd03) x26 0x00000066 mem 0x80017757
core   0: 0x8000ac3a (0x00019d17) auipc   s10, 0x19
core   0: 3 0x8000ac3a (0x00019d17) x26 0x80023c3a
core   0: 0x8000ac3e (0x41ed0d13) addi    s10, s10, 1054
core   0: 3 0x8000ac3e (0x41ed0d13) x26 0x80024058
core   0: 0x8000ac42 (0x00019c17) auipc   s8, 0x19
core   0: 3 0x8000ac42 (0x00019c17) x24 0x80023c42
core   0: 0x8000ac46 (0x42ac0c13) addi    s8, s8, 1066
core   0: 3 0x8000ac46 (0x42ac0c13) x24 0x8002406c
core   0: 0x8000ac4a (0x00019817) auipc   a6, 0x19
core   0: 3 0x8000ac4a (0x00019817) x16 0x80023c4a
core   0: 0x8000ac4e (0x42e80813) addi    a6, a6, 1070
core   0: 3 0x8000ac4e (0x42e80813) x16 0x80024078
core   0: 0x8000ac52 (0x0000100f) fence.i
core   0: 3 0x8000ac52 (0x0000100f)
core   0: 0x8000ac56 (0x040c25af) amoadd.w a1, zero, (s8)
core   0: 3 0x8000ac56 (0x040c25af) x11 0x80021013 mem 0x8002406c mem 0x8002406c 0x80021013
core   0: 0x8000ac5a (0xc458222f) amominu.w tp, t0, (a6)
core   0: 3 0x8000ac5a (0xc458222f) x 4 0x00000070 mem 0x80024078 mem 0x80024078 0x00000070
core   0: 0x8000ac5e (0x0cac28af) amoswap.w a7, a0, (s8)
core   0: 3 0x8000ac5e (0x0cac28af) x17 0x80021013 mem 0x8002406c mem 0x8002406c 0x00044058
core   0: 0x8000ac62 (0xd16d0a13) addi    s4, s10, -746
core   0: 3 0x8000ac62 (0xd16d0a13) x20 0x80023d6e
core   0: 0x8000ac66 (0xc32820af) amominu.w ra, s2, (a6)
core   0: 3 0x8000ac66 (0xc32820af) x 1 0x00000070 mem 0x80024078 mem 0x80024078 0x0000000a
core   0: 0x8000ac6a (0x40ad27af) amoor.w a5, a0, (s10)
core   0: 3 0x8000ac6a (0x40ad27af) x15 0x00000013 mem 0x80024058 mem 0x80024058 0x0004405b
core   0: 0x8000ac6e (0x00019617) auipc   a2, 0x19
core   0: 3 0x8000ac6e (0x00019617) x12 0x80023c6e
core   0: 0x8000ac72 (0x40260613) addi    a2, a2, 1026
core   0: 3 0x8000ac72 (0x40260613) x12 0x80024070
core   0: 0x8000ac76 (0x00a3f4b3) and     s1, t2, a0
core   0: 3 0x8000ac76 (0x00a3f4b3) x 9 0x00000000
core   0: 0x8000ac7a (0x3408eaf3) csrrsi  s5, mscratch, 17
core   0: 3 0x8000ac7a (0x3408eaf3) x21 0x00000009 c832_mscratch 0x00000019
core   0: 0x8000ac7e (0x10062e2f) lr.w    t3, (a2)
core   0: 3 0x8000ac7e (0x10062e2f) x28 0x80020004 mem 0x80024070
core   0: 0x8000ac82 (0x000099fd) c.andi  a1, -1
core   0: 3 0x8000ac82 (0x99fd) x11 0x80021013
core   0: 0x8000ac84 (0x00008c7d) c.and   s0, a5
core   0: 3 0x8000ac84 (0x8c7d) x 8 0x00000010
core   0: 0x8000ac86 (0xa0db1037) lui     zero, 0xa0db1
core   0: 3 0x8000ac86 (0xa0db1037)
core   0: 0x8000ac8a (0x1bdb7a13) andi    s4, s6, 445
core   0: 3 0x8000ac8a (0x1bdb7a13) x20 0x0000001c
core   0: 0x8000ac8e (0x00b566b3) or      a3, a0, a1
core   0: 3 0x8000ac8e (0x00b566b3) x13 0x8006505b
core   0: 0x8000ac92 (0x00000919) c.addi  s2, 6
core   0: 3 0x8000ac92 (0x0919) x18 0x00000010
core   0: 0x8000ac94 (0x00922ab3) slt     s5, tp, s1
core   0: 3 0x8000ac94 (0x00922ab3) x21 0x00000000
core   0: 0x8000ac98 (0x0317fd33) remu    s10, a5, a7
core   0: 3 0x8000ac98 (0x0317fd33) x26 0x00000013
core   0: 0x8000ac9c (0x01595c93) srli    s9, s2, 21
core   0: 3 0x8000ac9c (0x01595c93) x25 0x00000000
core   0: 0x8000aca0 (0x02739ab3) mulh    s5, t2, t2
core   0: 3 0x8000aca0 (0x02739ab3) x21 0x00000000
core   0: 0x8000aca4 (0x401e09b3) sub     s3, t3, ra
core   0: 3 0x8000aca4 (0x401e09b3) x19 0x8001ff94
core   0: 0x8000aca8 (0x340c9a73) csrrw   s4, mscratch, s9
core   0: 3 0x8000aca8 (0x340c9a73) x20 0x00000019 c832_mscratch 0x00000000
core   0: 0x8000acac (0x00004d11) c.li    s10, 4
core   0: 3 0x8000acac (0x4d11) x26 0x00000004
core   0: 0x8000acae (0x18a62e2f) sc.w    t3, a0, (a2)
core   0: 3 0x8000acae (0x18a62e2f) x28 0x00000000 mem 0x80024070 0x00044058
core   0: 0x8000acb2 (0x00010597) auipc   a1, 0x10
core   0: 3 0x8000acb2 (0x00010597) x11 0x8001acb2
core   0: 0x8000acb6 (0xbc358593) addi    a1, a1, -1085
core   0: 3 0x8000acb6 (0xbc358593) x11 0x8001a875
core   0: 0x8000acba (0x8c95c003) lbu     zero, -1847(a1)
core   0: 3 0x8000acba (0x8c95c003) mem 0x8001a13e
core   0: 0x8000acbe (0x00009c17) auipc   s8, 0x9
core   0: 3 0x8000acbe (0x00009c17) x24 0x80013cbe
core   0: 0x8000acc2 (0xe21c0c13) addi    s8, s8, -479
core   0: 3 0x8000acc2 (0xe21c0c13) x24 0x80013adf
core   0: 0x8000acc6 (0xfdec4003) lbu     zero, -34(s8)
core   0: 3 0x8000acc6 (0xfdec4003) mem 0x80013abd
core   0: 0x8000acca (0x24e58d83) lb      s11, 590(a1)
core   0: 3 0x8000acca (0x24e58d83) x27 0xffffff84 mem 0x8001aac3
core   0: 0x8000acce (0x0abc5483) lhu     s1, 171(s8)
core   0: 3 0x8000acce (0x0abc5483) x 9 0x0000e38f mem 0x80013b8a
core   0: 0x8000acd2 (0x469594a3) sh      s1, 1129(a1)
core   0: 3 0x8000acd2 (0x469594a3) mem 0x8001acde 0xe38f
core   0: 0x8000acd6 (0x045c0023) sb      t0, 64(s8)
core   0: 3 0x8000acd6 (0x045c0023) mem 0x80013b1f 0x74
core   0: 0x8000acda (0x5eb58a03) lb      s4, 1515(a1)
core   0: 3 0x8000acda (0x5eb58a03) x20 0x00000055 mem 0x8001ae60
core   0: 0x8000acde (0x90c58023) sb      a2, -1792(a1)
core   0: 3 0x8000acde (0x90c58023) mem 0x8001a175 0x70
core   0: 0x8000ace2 (0xfe7c0fa3) sb      t2, -1(s8)
core   0: 3 0x8000ace2 (0xfe7c0fa3) mem 0x80013ade 0x6
core   0: 0x8000ace6 (0x71858723) sb      s8, 1806(a1)
core   0: 3 0x8000ace6 (0x71858723) mem 0x8001af83 0xdf
core   0: 0x8000acea (0xa3658923) sb      s6, -1486(a1)
core   0: 3 0x8000acea (0xa3658923) mem 0x8001a2a7 0x1c
core   0: 0x8000acee (0x87558323) sb      s5, -1946(a1)
core   0: 3 0x8000acee (0x87558323) mem 0x8001a0db 0x0
core   0: 0x8000acf2 (0xf4fc0c83) lb      s9, -177(s8)
core   0: 3 0x8000acf2 (0xf4fc0c83) x25 0xffffffc0 mem 0x80013a2e
core   0: 0x8000acf6 (0x0c9c28a3) sw      s1, 209(s8)
core   0: 3 0x8000acf6 (0x0c9c28a3) mem 0x80013bb0 0x0000e38f
core   0: 0x8000acfa (0x00009997) auipc   s3, 0x9
core   0: 3 0x8000acfa (0x00009997) x19 0x80013cfa
core   0: 0x8000acfe (0xf2598993) addi    s3, s3, -219
core   0: 3 0x8000acfe (0xf2598993) x19 0x80013c1f
core   0: 0x8000ad02 (0x00e993a3) sh      a4, 7(s3)
core   0: 3 0x8000ad02 (0x00e993a3) mem 0x80013c26 0xff91
core   0: 0x8000ad06 (0x00009a97) auipc   s5, 0x9
core   0: 3 0x8000ad06 (0x00009a97) x21 0x80013d06
core   0: 0x8000ad0a (0x016a8a93) addi    s5, s5, 22
core   0: 3 0x8000ad0a (0x016a8a93) x21 0x80013d1c
core   0: 0x8000ad0e (0xff59ae83) lw      t4, -11(s3)
core   0: 3 0x8000ad0e (0xff59ae83) x29 0xea9e60c4 mem 0x80013c14
core   0: 0x8000ad12 (0x002a9103) lh      sp, 2(s5)
core   0: 3 0x8000ad12 (0x002a9103) x 2 0x00003a6f mem 0x80013d1e
core   0: 0x8000ad16 (0x01598323) sb      s5, 6(s3)
core   0: 3 0x8000ad16 (0x01598323) mem 0x80013c25 0x1c
core   0: 0x8000ad1a (0x00e98d83) lb      s11, 14(s3)
core   0: 3 0x8000ad1a (0x00e98d83) x27 0xffffffbc mem 0x80013c2d
core   0: 0x8000ad1e (0x00fa8203) lb      tp, 15(s5)
core   0: 3 0x8000ad1e (0x00fa8203) x 4 0xffffffbb mem 0x80013d2b
core   0: 0x8000ad22 (0x003ac783) lbu     a5, 3(s5)
core   0: 3 0x8000ad22 (0x003ac783) x15 0x0000003a mem 0x80013d1f
core   0: 0x8000ad26 (0xff498603) lb      a2, -12(s3)
core   0: 3 0x8000ad26 (0xff498603) x12 0xffffffb9 mem 0x80013c13
core   0: 0x8000ad2a (0x00498f83) lb      t6, 4(s3)
core   0: 3 0x8000ad2a (0x00498f83) x31 0xffffffd2 mem 0x80013c23
core   0: 0x8000ad2e (0x003a80a3) sb      gp, 1(s5)
core   0: 3 0x8000ad2e (0x003a80a3) mem 0x80013d1d 0xd6
core   0: 0x8000ad32 (0xff99cb83) lbu     s7, -7(s3)
core   0: 3 0x8000ad32 (0xff99cb83) x23 0x00000024 mem 0x80013c18
core   0: 0x8000ad36 (0x00fac083) lbu     ra, 15(s5)
core   0: 3 0x8000ad36 (0x00fac083) x 1 0x000000bb mem 0x80013d2b
core   0: 0x8000ad3a (0x00009a17) auipc   s4, 0x9
core   0: 3 0x8000ad3a (0x00009a17) x20 0x80013d3a
core   0: 0x8000ad3e (0xb11a0a13) addi    s4, s4, -1263
core   0: 3 0x8000ad3e (0xb11a0a13) x20 0x8001384b
core   0: 0x8000ad42 (0xfd9a13a3) sh      s9, -57(s4)
core   0: 3 0x8000ad42 (0xfd9a13a3) mem 0x80013812 0xffc0
core   0: 0x8000ad46 (0x005a5583) lhu     a1, 5(s4)
core   0: 3 0x8000ad46 (0x005a5583) x11 0x000030c5 mem 0x80013850
core   0: 0x8000ad4a (0x00009717) auipc   a4, 0x9
core   0: 3 0x8000ad4a (0x00009717) x14 0x80013d4a
core   0: 0x8000ad4e (0xefe70713) addi    a4, a4, -258
core   0: 3 0x8000ad4e (0xefe70713) x14 0x80013c48
core   0: 0x8000ad52 (0xfd871723) sh      s8, -50(a4)
core   0: 3 0x8000ad52 (0xfd871723) mem 0x80013c16 0x3adf
core   0: 0x8000ad56 (0xffba5683) lhu     a3, -5(s4)
core   0: 3 0x8000ad56 (0xffba5683) x13 0x0000da2f mem 0x80013846
core   0: 0x8000ad5a (0x00009617) auipc   a2, 0x9
core   0: 3 0x8000ad5a (0x00009617) x12 0x80013d5a
core   0: 0x8000ad5e (0xaa360613) addi    a2, a2, -1373
core   0: 3 0x8000ad5e (0xaa360613) x12 0x800137fd
core   0: 0x8000ad62 (0x03aa0723) sb      s10, 46(s4)
core   0: 3 0x8000ad62 (0x03aa0723) mem 0x80013879 0x4
core   0: 0x8000ad66 (0xf18617a3) sh      s8, -241(a2)
core   0: 3 0x8000ad66 (0xf18617a3) mem 0x8001370c 0x3adf
core   0: 0x8000ad6a (0x02aa0b23) sb      a0, 54(s4)
core   0: 3 0x8000ad6a (0x02aa0b23) mem 0x80013881 0x58
core   0: 0x8000ad6e (0xfd9a0903) lb      s2, -39(s4)
core   0: 3 0x8000ad6e (0xfd9a0903) x18 0xfffffff8 mem 0x80013824
core   0: 0x8000ad72 (0xf5264683) lbu     a3, -174(a2)
core   0: 3 0x8000ad72 (0xf5264683) x13 0x000000e3 mem 0x8001374f
core   0: 0x8000ad76 (0xf4c60623) sb      a2, -180(a2)
core   0: 3 0x8000ad76 (0xf4c60623) mem 0x80013749 0xfd
core   0: 0x8000ad7a (0x00971823) sh      s1, 16(a4)
core   0: 3 0x8000ad7a (0x00971823) mem 0x80013c58 0xe38f
core   0: 0x8000ad7e (0x021a0a23) sb      ra, 52(s4)
core   0: 3 0x8000ad7e (0x021a0a23) mem 0x8001387f 0xbb
core   0: 0x8000ad82 (0xffea18a3) sh      t5, -15(s4)
core   0: 3 0x8000ad82 (0xffea18a3) mem 0x8001383c 0xcd24
core   0: 0x8000ad86 (0x03474203) lbu     tp, 52(a4)
core   0: 3 0x8000ad86 (0x03474203) x 4 0x000000ca mem 0x80013c7c
core   0: 0x8000ad8a (0xff164a83) lbu     s5, -15(a2)
core   0: 3 0x8000ad8a (0xff164a83) x21 0x00000022 mem 0x800137ee
core   0: 0x8000ad8e (0x01c703a3) sb      t3, 7(a4)
core   0: 3 0x8000ad8e (0x01c703a3) mem 0x80013c4f 0x0
core   0: 0x8000ad92 (0x09f621a3) sw      t6, 131(a2)
core   0: 3 0x8000ad92 (0x09f621a3) mem 0x80013880 0xffffffd2
core   0: 0x8000ad96 (0x03370a23) sb      s3, 52(a4)
core   0: 3 0x8000ad96 (0x03370a23) mem 0x80013c7c 0x1f
core   0: 0x8000ad9a (0xfce71783) lh      a5, -50(a4)
core   0: 3 0x8000ad9a (0xfce71783) x15 0x00003adf mem 0x80013c16
core   0: 0x8000ad9e (0x003a0f23) sb      gp, 30(s4)
core   0: 3 0x8000ad9e (0x003a0f23) mem 0x80013869 0xd6
core   0: 0x8000ada2 (0xfe870ba3) sb      s0, -9(a4)
core   0: 3 0x8000ada2 (0xfe870ba3) mem 0x80013c3f 0x10
core   0: 0x8000ada6 (0xfe570b83) lb      s7, -27(a4)
core   0: 3 0x8000ada6 (0xfe570b83) x23 0xffffffbc mem 0x80013c2d
core   0: 0x8000adaa (0x09b61c03) lh      s8, 155(a2)
core   0: 3 0x8000adaa (0x09b61c03) x24 0x00001d1f mem 0x80013898
core   0: 0x8000adae (0x020602a3) sb      zero, 37(a2)
core   0: 3 0x8000adae (0x020602a3) mem 0x80013822 0x0
core   0: 0x8000adb2 (0x00019217) auipc   tp, 0x19
core   0: 3 0x8000adb2 (0x00019217) x 4 0x80023db2
core   0: 0x8000adb6 (0x2ca20213) addi    tp, tp, 714
core   0: 3 0x8000adb6 (0x2ca20213) x 4 0x8002407c
core   0: 0x8000adba (0x00004f95) c.li    t6, 5
core   0: 3 0x8000adba (0x4f95) x31 0x00000005
core   0: 0x8000adbc (0x00000001) c.nop
core   0: 3 0x8000adbc (0x0001)
core   0: 0x8000adbe (0x0000577d) c.li    a4, -1
core   0: 3 0x8000adbe (0x577d) x14 0xffffffff
core   0: 0x8000adc0 (0x000080e5) c.srli  s1, 25
core   0: 3 0x8000adc0 (0x80e5) x 9 0x00000000
core   0: 0x8000adc2 (0x00004a29) c.li    s4, 10
core   0: 3 0x8000adc2 (0x4a29) x20 0x0000000a
core   0: 0x8000adc4 (0x00008f41) c.or    a4, s0
core   0: 3 0x8000adc4 (0x8f41) x14 0xffffffff
core   0: 0x8000adc6 (0x024a2533) mulhsu  a0, s4, tp
core   0: 3 0x8000adc6 (0x024a2533) x10 0x00000005
core   0: 0x8000adca (0x00009d0e) c.add   s10, gp
core   0: 3 0x8000adca (0x9d0e) x26 0x000000da
core   0: 0x8000adcc (0x10022a2f) lr.w    s4, (tp)
core   0: 3 0x8000adcc (0x10022a2f) x20 0x00000000 mem 0x8002407c
core   0: 0x8000add0 (0x02d71b33) mulh    s6, a4, a3
core   0: 3 0x8000add0 (0x02d71b33) x22 0xffffffff
core   0: 0x8000add4 (0x024a5933) divu    s2, s4, tp
core   0: 3 0x8000add4 (0x024a5933) x18 0x00000000
core   0: 0x8000add8 (0x0000944e) c.add   s0, s3
core   0: 3 0x8000add8 (0x944e) x 8 0x80013c2f
core   0: 0x8000adda (0x00005dfd) c.li    s11, -1
core   0: 3 0x8000adda (0x5dfd) x27 0xffffffff
core   0: 0x8000addc (0x3407f773) csrrci  a4, mscratch, 15
core   0: 3 0x8000addc (0x3407f773) x14 0x00000000 c832_mscratch 0x00000000
core   0: 0x8000ade0 (0x027a49b3) div     s3, s4, t2
core   0: 3 0x8000ade0 (0x027a49b3) x19 0x00000000
core   0: 0x8000ade4 (0x1cc22daf) sc.w    s11, a2, (tp)
core   0: 3 0x8000ade4 (0x1cc22daf) x27 0x00000000 mem 0x8002407c 0x800137fd
core   0: 0x8000ade8 (0x0000b117) auipc   sp, 0xb
core   0: 3 0x8000ade8 (0x0000b117) x 2 0x80015de8
core   0: 0x8000adec (0x87310113) addi    sp, sp, -1933
core   0: 3 0x8000adec (0x87310113) x 2 0x8001565b
core   0: 0x8000adf0 (0x044106a3) sb      tp, 77(sp)
core   0: 3 0x8000adf0 (0x044106a3) mem 0x800156a8 0x7c
core   0: 0x8000adf4 (0x0f114603) lbu     a2, 241(sp)
core   0: 3 0x8000adf4 (0x0f114603) x12 0x00000038 mem 0x8001574c
core   0: 0x8000adf8 (0x0cd14c83) lbu     s9, 205(sp)
core   0: 3 0x8000adf8 (0x0cd14c83) x25 0x0000003a mem 0x80015728
core   0: 0x8000adfc (0x0cd12703) lw      a4, 205(sp)
core   0: 3 0x8000adfc (0x0cd12703) x14 0x878d683a mem 0x80015728
core   0: 0x8000ae00 (0xf8115703) lhu     a4, -127(sp)
core   0: 3 0x8000ae00 (0xf8115703) x14 0x0000a07c mem 0x800155dc
core   0: 0x8000ae04 (0xf8115783) lhu     a5, -127(sp)
core   0: 3 0x8000ae04 (0xf8115783) x15 0x0000a07c mem 0x800155dc
core   0: 0x8000ae08 (0xf8311f83) lh      t6, -125(sp)
core   0: 3 0x8000ae08 (0xf8311f83) x31 0x000071dd mem 0x800155de
core   0: 0x8000ae0c (0xf8311603) lh      a2, -125(sp)
core   0: 3 0x8000ae0c (0xf8311603) x12 0x000071dd mem 0x800155de
core   0: 0x8000ae10 (0xf8311783) lh      a5, -125(sp)
core   0: 3 0x8000ae10 (0xf8311783) x15 0x000071dd mem 0x800155de
core   0: 0x8000ae14 (0x000084fd) c.srai  s1, 31
core   0: 3 0x8000ae14 (0x84fd) x 9 0x00000000
core   0: 0x8000ae16 (0xf8310203) lb      tp, -125(sp)
core   0: 3 0x8000ae16 (0xf8310203) x 4 0xffffffdd mem 0x800155de
core   0: 0x8000ae1a (0xf8314583) lbu     a1, -125(sp)
core   0: 3 0x8000ae1a (0xf8314583) x11 0x000000dd mem 0x800155de
core   0: 0x8000ae1e (0x020110a3) sh      zero, 33(sp)
core   0: 3 0x8000ae1e (0x020110a3) mem 0x8001567c 0x0000
core   0: 0x8000ae22 (0x00019697) auipc   a3, 0x19
core   0: 3 0x8000ae22 (0x00019697) x13 0x80023e22
core   0: 0x8000ae26 (0x23a68693) addi    a3, a3, 570
core   0: 3 0x8000ae26 (0x23a68693) x13 0x8002405c
core   0: 0x8000ae2a (0x40415833) sra     a6, sp, tp
core   0: 3 0x8000ae2a (0x40415833) x16 0xfffffffc
core   0: 0x8000ae2e (0xc065ca93) xori    s5, a1, -1018
core   0: 3 0x8000ae2e (0xc065ca93) x21 0xfffffcdb
core   0: 0x8000ae32 (0x340e1cf3) csrrw   s9, mscratch, t3
core   0: 3 0x8000ae32 (0x340e1cf3) x25 0x00000000 c832_mscratch 0x00000000
core   0: 0x8000ae36 (0x0017e133) or      sp, a5, ra
core   0: 3 0x8000ae36 (0x0017e133) x 2 0x000071ff
core   0: 0x8000ae3a (0x02f139b3) mulhu   s3, sp, a5
core   0: 3 0x8000ae3a (0x02f139b3) x19 0x00000000
core   0: 0x8000ae3e (0x97ba3593) sltiu   a1, s4, -1669
core   0: 3 0x8000ae3e (0x97ba3593) x11 0x00000001
core   0: 0x8000ae42 (0x1006a7af) lr.w    a5, (a3)
core   0: 3 0x8000ae42 (0x1006a7af) x15 0x00000000 mem 0x8002405c
core   0: 0x8000ae46 (0xf29a7a93) andi    s5, s4, -215
core   0: 3 0x8000ae46 (0xf29a7a93) x21 0x00000000
core   0: 0x8000ae4a (0x00008306) c.mv    t1, ra
core   0: 3 0x8000ae4a (0x8306) x 6 0x000000bb
core   0: 0x8000ae4c (0x340aadf3) csrrs   s11, mscratch, s5
core   0: 3 0x8000ae4c (0x340aadf3) x27 0x00000000 c832_mscratch 0x00000000
core   0: 0x8000ae50 (0x00000001) c.nop
core   0: 3 0x8000ae50 (0x0001)
core   0: 0x8000ae52 (0x00f75f93) srli    t6, a4, 15
core   0: 3 0x8000ae52 (0x00f75f93) x31 0x00000001
core   0: 0x8000ae56 (0x1c66a8af) sc.w    a7, t1, (a3)
core   0: 3 0x8000ae56 (0x1c66a8af) x17 0x00000000 mem 0x8002405c 0x000000bb
core   0: 0x8000ae5a (0x00009417) auipc   s0, 0x9
core   0: 3 0x8000ae5a (0x00009417) x 8 0x80013e5a
core   0: 0x8000ae5e (0x1d440413) addi    s0, s0, 468
core   0: 3 0x8000ae5e (0x1d440413) x 8 0x8001402e
core   0: 0x8000ae62 (0x00012317) auipc   t1, 0x12
core   0: 3 0x8000ae62 (0x00012317) x 6 0x8001ce62
core   0: 0x8000ae66 (0x2bf30313) addi    t1, t1, 703
core   0: 3 0x8000ae66 (0x2bf30313) x 6 0x8001d121
core   0: 0x8000ae6a (0xfb9400a3) sb      s9, -95(s0)
core   0: 3 0x8000ae6a (0xfb9400a3) mem 0x80013fcf 0x0
core   0: 0x8000ae6e (0xfb740c83) lb      s9, -73(s0)
core   0: 3 0x8000ae6e (0xfb740c83) x25 0x0000000a mem 0x80013fe5
core   0: 0x8000ae72 (0x0d6316a3) sh      s6, 205(t1)
core   0: 3 0x8000ae72 (0x0d6316a3) mem 0x8001d1ee 0xffff
core   0: 0x8000ae76 (0x0b731c03) lh      s8, 183(t1)
core   0: 3 0x8000ae76 (0x0b731c03) x24 0xffffa773 mem 0x8001d1d8
core   0: 0x8000ae7a (0x05135f83) lhu     t6, 81(t1)
core   0: 3 0x8000ae7a (0x05135f83) x31 0x0000c253 mem 0x8001d172
core   0: 0x8000ae7e (0xf9a34683) lbu     a3, -102(t1)
core   0: 3 0x8000ae7e (0xf9a34683) x13 0x000000d1 mem 0x8001d0bb
core   0: 0x8000ae82 (0xf7232fa3) sw      s2, -129(t1)
core   0: 3 0x8000ae82 (0xf7232fa3) mem 0x8001d0a0 0x00000000
core   0: 0x8000ae86 (0xf2b35b83) lhu     s7, -213(t1)
core   0: 3 0x8000ae86 (0xf2b35b83) x23 0x0000e610 mem 0x8001d04c
core   0: 0x8000ae8a (0x00c41b83) lh      s7, 12(s0)
core   0: 3 0x8000ae8a (0x00c41b83) x23 0xffff8002 mem 0x8001403a
core   0: 0x8000ae8e (0xf8f35183) lhu     gp, -113(t1)
core   0: 3 0x8000ae8e (0xf8f35183) x 3 0x0000f65d mem 0x8001d0b0
core   0: 0x8000ae92 (0xa5f44183) lbu     gp, -1441(s0)
core   0: 3 0x8000ae92 (0xa5f44183) x 3 0x0000005e mem 0x80013a8d
core   0: 0x8000ae96 (0xf44402a3) sb      tp, -187(s0)
core   0: 3 0x8000ae96 (0xf44402a3) mem 0x80013f73 0xdd
core   0: 0x8000ae9a (0x01a34203) lbu     tp, 26(t1)
core   0: 3 0x8000ae9a (0x01a34203) x 4 0x000000ea mem 0x8001d13b
core   0: 0x8000ae9e (0xa1642103) lw      sp, -1514(s0)
core   0: 3 0x8000ae9e (0xa1642103) x 2 0x3acb1a9d mem 0x80013a44
core   0: 0x8000aea2 (0xf8131e83) lh      t4, -127(t1)
core   0: 3 0x8000aea2 (0xf8131e83) x29 0x00000000 mem 0x8001d0a2
core   0: 0x8000aea6 (0x09434d83) lbu     s11, 148(t1)
core   0: 3 0x8000aea6 (0x09434d83) x27 0x000000d3 mem 0x8001d1b5
core   0: 0x8000aeaa (0x0000b517) auipc   a0, 0xb
core   0: 3 0x8000aeaa (0x0000b517) x10 0x80015eaa
core   0: 0x8000aeae (0x6e450513) addi    a0, a0, 1764
core   0: 3 0x8000aeae (0x6e450513) x10 0x8001658e
core   0: 0x8000aeb2 (0x0000ba97) auipc   s5, 0xb
core   0: 3 0x8000aeb2 (0x0000ba97) x21 0x80015eb2
core   0: 0x8000aeb6 (0x1d7a8a93) addi    s5, s5, 471
core   0: 3 0x8000aeb6 (0x1d7a8a93) x21 0x80016089
core   0: 0x8000aeba (0x0a7a9c83) lh      s9, 167(s5)
core   0: 3 0x8000aeba (0x0a7a9c83) x25 0x00003ffb mem 0x80016130
core   0: 0x8000aebe (0x0000ba17) auipc   s4, 0xb
core   0: 3 0x8000aebe (0x0000ba17) x20 0x80015ebe
core   0: 0x8000aec2 (0x448a0a13) addi    s4, s4, 1096
core   0: 3 0x8000aec2 (0x448a0a13) x20 0x80016306
core   0: 0x8000aec6 (0xfca54b83) lbu     s7, -54(a0)
core   0: 3 0x8000aec6 (0xfca54b83) x23 0x0000009f mem 0x80016558
core   0: 0x8000aeca (0x013a2523) sw      s3, 10(s4)
core   0: 3 0x8000aeca (0x013a2523) mem 0x80016310 0x00000000
core   0: 0x8000aece (0x00ba4d83) lbu     s11, 11(s4)
core   0: 3 0x8000aece (0x00ba4d83) x27 0x00000000 mem 0x80016311
core   0: 0x8000aed2 (0xffda0603) lb      a2, -3(s4)
core   0: 3 0x8000aed2 (0xffda0603) x12 0x0000004e mem 0x80016303
core   0: 0x8000aed6 (0x0eda9aa3) sh      a3, 245(s5)
core   0: 3 0x8000aed6 (0x0eda9aa3) mem 0x8001617e 0x00d1
core   0: 0x8000aeda (0xffba0ba3) sb      s11, -9(s4)
core   0: 3 0x8000aeda (0xffba0ba3) mem 0x800162fd 0x0
core   0: 0x8000aede (0x0f9ac883) lbu     a7, 249(s5)
core   0: 3 0x8000aede (0x0f9ac883) x17 0x00000006 mem 0x80016182
core   0: 0x8000aee2 (0xff754583) lbu     a1, -9(a0)
core   0: 3 0x8000aee2 (0xff754583) x11 0x000000ff mem 0x80016585
core   0: 0x8000aee6 (0x02351323) sh      gp, 38(a0)
core   0: 3 0x8000aee6 (0x02351323) mem 0x800165b4 0x005e
core   0: 0x8000aeea (0x0000ce97) auipc   t4, 0xc
core   0: 3 0x8000aeea (0x0000ce97) x29 0x80016eea
core   0: 0x8000aeee (0x29be8e93) addi    t4, t4, 667
core   0: 3 0x8000aeee (0x29be8e93) x29 0x80017185
core   0: 0x8000aef2 (0x007a0c83) lb      s9, 7(s4)
core   0: 3 0x8000aef2 (0x007a0c83) x25 0x00000006 mem 0x8001630d
core   0: 0x8000aef6 (0xf7aa8603) lb      a2, -134(s5)
core   0: 3 0x8000aef6 (0xf7aa8603) x12 0xffffffb4 mem 0x80016003
core   0: 0x8000aefa (0x010a5b83) lhu     s7, 16(s4)
core   0: 3 0x8000aefa (0x010a5b83) x23 0x000021e2 mem 0x80016316
core   0: 0x8000aefe (0x0faecc83) lbu     s9, 250(t4)
core   0: 3 0x8000aefe (0x0faecc83) x25 0x000000d9 mem 0x8001727f
core   0: 0x8000af02 (0xf0ae8883) lb      a7, -246(t4)
core   0: 3 0x8000af02 (0xf0ae8883) x17 0xffffffc8 mem 0x8001708f
core   0: 0x8000af06 (0x02554583) lbu     a1, 37(a0)
core   0: 3 0x8000af06 (0x02554583) x11 0x0000002b mem 0x800165b3
core   0: 0x8000af0a (0x03550d03) lb      s10, 53(a0)
core   0: 3 0x8000af0a (0x03550d03) x26 0x00000056 mem 0x800165c3
core   0: 0x8000af0e (0x00fac583) lbu     a1, 15(s5)
core   0: 3 0x8000af0e (0x00fac583) x11 0x00000035 mem 0x80016098
core   0: 0x8000af12 (0x04bec803) lbu     a6, 75(t4)
core   0: 3 0x8000af12 (0x04bec803) x16 0x0000000f mem 0x800171d0
core   0: 0x8000af16 (0xffba4183) lbu     gp, -5(s4)
core   0: 3 0x8000af16 (0xffba4183) x 3 0x0000007c mem 0x80016301
core   0: 0x8000af1a (0x05ceada3) sw      t3, 91(t4)
core   0: 3 0x8000af1a (0x05ceada3) mem 0x800171e0 0x00000000
core   0: 0x8000af1e (0x02d54983) lbu     s3, 45(a0)
core   0: 3 0x8000af1e (0x02d54983) x19 0x00000063 mem 0x800165bb
core   0: 0x8000af22 (0xf6da8823) sb      a3, -144(s5)
core   0: 3 0x8000af22 (0xf6da8823) mem 0x80015ff9 0xd1
core   0: 0x8000af26 (0xf0cac103) lbu     sp, -244(s5)
core   0: 3 0x8000af26 (0xf0cac103) x 2 0x00000031 mem 0x80015f95
core   0: 0x8000af2a (0xfe6a0ca3) sb      t1, -7(s4)
core   0: 3 0x8000af2a (0xfe6a0ca3) mem 0x800162ff 0x21
core   0: 0x8000af2e (0xf4aaa5a3) sw      a0, -181(s5)
core   0: 3 0x8000af2e (0xf4aaa5a3) mem 0x80015fd4 0x8001658e
core   0: 0x8000af32 (0xfe4e8483) lb      s1, -28(t4)
core   0: 3 0x8000af32 (0xfe4e8483) x 9 0x00000009 mem 0x80017169
core   0: 0x8000af36 (0x01ea0823) sb      t5, 16(s4)
core   0: 3 0x8000af36 (0x01ea0823) mem 0x80016316 0x24
core   0: 0x8000af3a (0xf60e8583) lb      a1, -160(t4)
core   0: 3 0x8000af3a (0xf60e8583) x11 0x0000001d mem 0x800170e5
core   0: 0x8000af3e (0x00e506a3) sb      a4, 13(a0)
core   0: 3 0x8000af3e (0x00e506a3) mem 0x8001659b 0x7c
core   0: 0x8000af42 (0xff6a2b03) lw      s6, -10(s4)
core   0: 3 0x8000af42 (0xff6a2b03) x22 0x21a2002f mem 0x800162fc
core   0: 0x8000af46 (0x00455d83) lhu     s11, 4(a0)
core   0: 3 0x8000af46 (0x00455d83) x27 0x00007251 mem 0x80016592
core   0: 0x8000af4a (0x077aab03) lw      s6, 119(s5)
core   0: 3 0x8000af4a (0x077aab03) x22 0x4dfc3617 mem 0x80016100
core   0: 0x8000af4e (0x00019997) auipc   s3, 0x19
core   0: 3 0x8000af4e (0x00019997) x19 0x80023f4e
core   0: 0x8000af52 (0x0fa98993) addi    s3, s3, 250
core   0: 3 0x8000af52 (0x0fa98993) x19 0x80024048
core   0: 0x8000af56 (0x86597413) andi    s0, s2, -1947
core   0: 3 0x8000af56 (0x86597413) x 8 0x00000000
core   0: 0x8000af5a (0x00f2d213) srli    tp, t0, 15
core   0: 3 0x8000af5a (0x00f2d213) x 4 0x00010005
core   0: 0x8000af5e (0x00000001) c.nop
core   0: 3 0x8000af5e (0x0001)
core   0: 0x8000af60 (0x00006d85) c.lui   s11, 0x1
core   0: 3 0x8000af60 (0x6d85) x27 0x00001000
core   0: 0x8000af62 (0xa6b9a893) slti    a7, s3, -1429
core   0: 3 0x8000af62 (0xa6b9a893) x17 0x00000001
core   0: 0x8000af66 (0x1009a02f) lr.w    zero, (s3)
core   0: 3 0x8000af66 (0x1009a02f) mem 0x80024048
core   0: 0x8000af6a (0x02afab33) mulhsu  s6, t6, a0
core   0: 3 0x8000af6a (0x02afab33) x22 0x0000612a
core   0: 0x8000af6e (0x02ac0833) mul     a6, s8, a0
core   0: 3 0x8000af6e (0x02ac0833) x16 0x045240ca
core   0: 0x8000af72 (0x00008e51) c.or    a2, a2
core   0: 3 0x8000af72 (0x8e51) x12 0xffffffb4
core   0: 0x8000af74 (0x666a27b7) lui     a5, 0x666a2
core   0: 3 0x8000af74 (0x666a27b7) x15 0x666a2000
core   0: 0x8000af78 (0x009ea033) slt     zero, t4, s1
core   0: 3 0x8000af78 (0x009ea033)
core   0: 0x8000af7c (0x029ddcb3) divu    s9, s11, s1
core   0: 3 0x8000af7c (0x029ddcb3) x25 0x000001c7
core   0: 0x8000af80 (0x1c79aaaf) sc.w    s5, t2, (s3)
core   0: 3 0x8000af80 (0x1c79aaaf) x21 0x00000000 mem 0x80024048 0x00000006
core   0: 0x8000af84 (0x00009517) auipc   a0, 0x9
core   0: 3 0x8000af84 (0x00009517) x10 0x80013f84
core   0: 0x8000af88 (0xf8150513) addi    a0, a0, -127
core   0: 3 0x8000af88 (0xf8150513) x10 0x80013f05
core   0: 0x8000af8c (0x0000a717) auipc   a4, 0xa
core   0: 3 0x8000af8c (0x0000a717) x14 0x80014f8c
core   0: 0x8000af90 (0xc6270713) addi    a4, a4, -926
core   0: 3 0x8000af90 (0xc6270713) x14 0x80014bee
core   0: 0x8000af94 (0xf7950d83) lb      s11, -135(a0)
core   0: 3 0x8000af94 (0xf7950d83) x27 0x0000007d mem 0x80013e7e
core   0: 0x8000af98 (0xfea72e03) lw      t3, -22(a4)
core   0: 3 0x8000af98 (0xfea72e03) x28 0xde770581 mem 0x80014bd8
core   0: 0x8000af9c (0x07650323) sb      s6, 102(a0)
core   0: 3 0x8000af9c (0x07650323) mem 0x80013f6b 0x2a
core   0: 0x8000afa0 (0xf3450ca3) sb      s4, -199(a0)
core   0: 3 0x8000afa0 (0xf3450ca3) mem 0x80013e3e 0x6
core   0: 0x8000afa4 (0xfda75683) lhu     a3, -38(a4)
core   0: 3 0x8000afa4 (0xfda75683) x13 0x00005ee5 mem 0x80014bc8
core   0: 0x8000afa8 (0xff6701a3) sb      s6, -29(a4)
core   0: 3 0x8000afa8 (0xff6701a3) mem 0x80014bd1 0x2a
core   0: 0x8000afac (0x03f50a23) sb      t6, 52(a0)
core   0: 3 0x8000afac (0x03f50a23) mem 0x80013f39 0x53
core   0: 0x8000afb0 (0x03572923) sw      s5, 50(a4)
core   0: 3 0x8000afb0 (0x03572923) mem 0x80014c20 0x00000000
core   0: 0x8000afb4 (0x016709a3) sb      s6, 19(a4)
core   0: 3 0x8000afb4 (0x016709a3) mem 0x80014c01 0x2a
core   0: 0x8000afb8 (0x07755c03) lhu     s8, 119(a0)
core   0: 3 0x8000afb8 (0x07755c03) x24 0x0000fe0b mem 0x80013f7c
core   0: 0x8000afbc (0x03770a83) lb      s5, 55(a4)
core   0: 3 0x8000afbc (0x03770a83) x21 0xffffffb8 mem 0x80014c25
core   0: 0x8000afc0 (0x08151d03) lh      s10, 129(a0)
core   0: 3 0x8000afc0 (0x08151d03) x26 0xffffe780 mem 0x80013f86
core   0: 0x8000afc4 (0x02b70623) sb      a1, 44(a4)
core   0: 3 0x8000afc4 (0x02b70623) mem 0x80014c1a 0x1d
core   0: 0x8000afc8 (0x00d74103) lbu     sp, 13(a4)
core   0: 3 0x8000afc8 (0x00d74103) x 2 0x00000032 mem 0x80014bfb
core   0: 0x8000afcc (0x02270aa3) sb      sp, 53(a4)
core   0: 3 0x8000afcc (0x02270aa3) mem 0x80014c23 0x32
core   0: 0x8000afd0 (0x00170483) lb      s1, 1(a4)
core   0: 3 0x8000afd0 (0x00170483) x 9 0x0000001b mem 0x80014bef
core   0: 0x8000afd4 (0x00019817) auipc   a6, 0x19
core   0: 3 0x8000afd4 (0x00019817) x16 0x80023fd4
core   0: 0x8000afd8 (0x0ac80813) addi    a6, a6, 172
core   0: 3 0x8000afd8 (0x0ac80813) x16 0x80024080
core   0: 0x8000afdc (0x340060f3) csrrsi  ra, mscratch, 0
core   0: 3 0x8000afdc (0x340060f3) x 1 0x00000000
core   0: 0x8000afe0 (0x109be693) ori     a3, s7, 265
core   0: 3 0x8000afe0 (0x109be693) x13 0x000021eb
core   0: 0x8000afe4 (0x0cf8272f) amoswap.w a4, a5, (a6)
core   0: 3 0x8000afe4 (0x0cf8272f) x14 0x8000aa20 mem 0x80024080 mem 0x80024080 0x666a2000
core   0: 0x8000afe8 (0x60c827af) amoand.w a5, a2, (a6)
core   0: 3 0x8000afe8 (0x60c827af) x15 0x666a2000 mem 0x80024080 mem 0x80024080 0x666a2000
core   0: 0x8000afec (0x2518212f) amoxor.w sp, a7, (a6)
core   0: 3 0x8000afec (0x2518212f) x 2 0x666a2000 mem 0x80024080 mem 0x80024080 0x666a2001
core   0: 0x8000aff0 (0x2448222f) amoxor.w tp, tp, (a6)
core   0: 3 0x8000aff0 (0x2448222f) x 4 0x666a2001 mem 0x80024080 mem 0x80024080 0x666b2004
core   0: 0x8000aff4 (0x0000043a) c.slli  s0, 14
core   0: 3 0x8000aff4 (0x043a) x 8 0x00000000
core   0: 0x8000aff6 (0x000060d9) c.lui   ra, 0x16
core   0: 3 0x8000aff6 (0x60d9) x 1 0x00016000
core   0: 0x8000aff8 (0x00d781b3) add     gp, a5, a3
core   0: 3 0x8000aff8 (0x00d781b3) x 3 0x666a41eb
core   0: 0x8000affc (0x02b82aaf) amoadd.w s5, a1, (a6)
core   0: 3 0x8000affc (0x02b82aaf) x21 0x666b2004 mem 0x80024080 mem 0x80024080 0x666b2021
core   0: 0x8000b000 (0xc2f8252f) amominu.w a0, a5, (a6)
core   0: 3 0x8000b000 (0xc2f8252f) x10 0x666b2021 mem 0x80024080 mem 0x80024080 0x666a2000
core   0: 0x8000b004 (0x809826af) amomin.w a3, s1, (a6)
core   0: 3 0x8000b004 (0x809826af) x13 0x666a2000 mem 0x80024080 mem 0x80024080 0x0000001b
core   0: 0x8000b008 (0x00010917) auipc   s2, 0x10
core   0: 3 0x8000b008 (0x00010917) x18 0x8001b008
core   0: 0x8000b00c (0xc0790913) addi    s2, s2, -1017
core   0: 3 0x8000b00c (0xc0790913) x18 0x8001ac0f
core   0: 0x8000b010 (0x0000a497) auipc   s1, 0xa
core   0: 3 0x8000b010 (0x0000a497) x 9 0x80015010
core   0: 0x8000b014 (0x82648493) addi    s1, s1, -2010
core   0: 3 0x8000b014 (0x82648493) x 9 0x80014836
core   0: 0x8000b018 (0x00013217) auipc   tp, 0x13
core   0: 3 0x8000b018 (0x00013217) x 4 0x8001e018
core   0: 0x8000b01c (0x29a20213) addi    tp, tp, 666
core   0: 3 0x8000b01c (0x29a20213) x 4 0x8001e2b2
core   0: 0x8000b020 (0x0000e197) auipc   gp, 0xe
core   0: 3 0x8000b020 (0x0000e197) x 3 0x80019020
core   0: 0x8000b024 (0x49418193) addi    gp, gp, 1172
core   0: 3 0x8000b024 (0x49418193) x 3 0x800194b4
core   0: 0x8000b028 (0x0061dd83) lhu     s11, 6(gp)
core   0: 3 0x8000b028 (0x0061dd83) x27 0x0000e68e mem 0x800194ba
core   0: 0x8000b02c (0x02d95a03) lhu     s4, 45(s2)
core   0: 3 0x8000b02c (0x02d95a03) x20 0x00000ba9 mem 0x8001ac3c
core   0: 0x8000b030 (0x02721223) sh      t2, 36(tp)
core   0: 3 0x8000b030 (0x02721223) mem 0x8001e2d6 0x0006
core   0: 0x8000b034 (0xfc9184a3) sb      s1, -55(gp)
core   0: 3 0x8000b034 (0xfc9184a3) mem 0x8001947d 0x36
core   0: 0x8000b038 (0x0000d317) auipc   t1, 0xd
core   0: 3 0x8000b038 (0x0000d317) x 6 0x80018038
core   0: 0x8000b03c (0xf3330313) addi    t1, t1, -205
core   0: 3 0x8000b03c (0xf3330313) x 6 0x80017f6b
core   0: 0x8000b040 (0xf204d103) lhu     sp, -224(s1)
core   0: 3 0x8000b040 (0xf204d103) x 2 0x00008a3e mem 0x80014756
core   0: 0x8000b044 (0xfce204a3) sb      a4, -55(tp)
core   0: 3 0x8000b044 (0xfce204a3) mem 0x8001e27b 0x20
core   0: 0x8000b048 (0xfcd1ca83) lbu     s5, -51(gp)
core   0: 3 0x8000b048 (0xfcd1ca83) x21 0x000000c9 mem 0x80019481
core   0: 0x8000b04c (0x00c30b83) lb      s7, 12(t1)
core   0: 3 0x8000b04c (0x00c30b83) x23 0x00000012 mem 0x80017f77
core   0: 0x8000b050 (0xfda48b83) lb      s7, -38(s1)
core   0: 3 0x8000b050 (0xfda48b83) x23 0xffffffb1 mem 0x80014810
core   0: 0x8000b054 (0xfff24983) lbu     s3, -1(tp)
core   0: 3 0x8000b054 (0xfff24983) x19 0x000000ad mem 0x8001e2b1
core   0: 0x8000b058 (0x00c34703) lbu     a4, 12(t1)
core   0: 3 0x8000b058 (0x00c34703) x14 0x00000012 mem 0x80017f77
core   0: 0x8000b05c (0xfdc1cd83) lbu     s11, -36(gp)
core   0: 3 0x8000b05c (0xfdc1cd83) x27 0x00000082 mem 0x80019490
core   0: 0x8000b060 (0xff734983) lbu     s3, -9(t1)
core   0: 3 0x8000b060 (0xff734983) x19 0x00000078 mem 0x80017f62
core   0: 0x8000b064 (0xfa849d03) lh      s10, -88(s1)
core   0: 3 0x8000b064 (0xfa849d03) x26 0x000013a7 mem 0x800147de
core   0: 0x8000b068 (0x00124083) lbu     ra, 1(tp)
core   0: 3 0x8000b068 (0x00124083) x 1 0x000000f2 mem 0x8001e2b3
core   0: 0x8000b06c (0x00c30603) lb      a2, 12(t1)
core   0: 3 0x8000b06c (0x00c30603) x12 0x00000012 mem 0x80017f77
core   0: 0x8000b070 (0xffe94883) lbu     a7, -2(s2)
core   0: 3 0x8000b070 (0xffe94883) x17 0x000000b5 mem 0x8001ac0d
core   0: 0x8000b074 (0x00c1a783) lw      a5, 12(gp)
core   0: 3 0x8000b074 (0x00c1a783) x15 0x62e26f12 mem 0x800194c0
core   0: 0x8000b078 (0x03821a03) lh      s4, 56(tp)
core   0: 3 0x8000b078 (0x03821a03) x20 0x00000268 mem 0x8001e2ea
core   0: 0x8000b07c (0x03e18803) lb      a6, 62(gp)
core   0: 3 0x8000b07c (0x03e18803) x16 0xffffffdd mem 0x800194f2
core   0: 0x8000b080 (0xff131003) lh      zero, -15(t1)
core   0: 3 0x8000b080 (0xff131003) mem 0x80017f5c
core   0: 0x8000b084 (0x00821003) lh      zero, 8(tp)
core   0: 3 0x8000b084 (0x00821003) mem 0x8001e2ba
core   0: 0x8000b088 (0xfdc902a3) sb      t3, -59(s2)
core   0: 3 0x8000b088 (0xfdc902a3) mem 0x8001abd4 0x81
core   0: 0x8000b08c (0xff735103) lhu     sp, -9(t1)
core   0: 3 0x8000b08c (0xff735103) x 2 0x0000d078 mem 0x80017f62
core   0: 0x8000b090 (0xfc520923) sb      t0, -46(tp)
core   0: 3 0x8000b090 (0xfc520923) mem 0x8001e284 0x74
core   0: 0x8000b094 (0xfb64d403) lhu     s0, -74(s1)
core   0: 3 0x8000b094 (0xfb64d403) x 8 0x000068c5 mem 0x800147ec
core   0: 0x8000b098 (0x01c19b23) sh      t3, 22(gp)
core   0: 3 0x8000b098 (0x01c19b23) mem 0x800194ca 0x0581
core   0: 0x8000b09c (0xfc621b03) lh      s6, -58(tp)
core   0: 3 0x8000b09c (0xfc621b03) x22 0xffff807a mem 0x8001e278
core   0: 0x8000b0a0 (0x03292aa3) sw      s2, 53(s2)
core   0: 3 0x8000b0a0 (0x03292aa3) mem 0x8001ac44 0x8001ac0f
core   0: 0x8000b0a4 (0x01430123) sb      s4, 2(t1)
core   0: 3 0x8000b0a4 (0x01430123) mem 0x80017f6d 0x68
core   0: 0x8000b0a8 (0x00535003) lhu     zero, 5(t1)
core   0: 3 0x8000b0a8 (0x00535003) mem 0x80017f70
core   0: 0x8000b0ac (0x0381aa83) lw      s5, 56(gp)
core   0: 3 0x8000b0ac (0x0381aa83) x21 0xe615ec9a mem 0x800194ec
core   0: 0x8000b0b0 (0xf364a783) lw      a5, -202(s1)
core   0: 3 0x8000b0b0 (0xf364a783) x15 0x878f00a7 mem 0x8001476c
core   0: 0x8000b0b4 (0x01330623) sb      s3, 12(t1)
core   0: 3 0x8000b0b4 (0x01330623) mem 0x80017f77 0x78
core   0: 0x8000b0b8 (0xffb24083) lbu     ra, -5(tp)
core   0: 3 0x8000b0b8 (0xffb24083) x 1 0x000000e4 mem 0x8001e2ad
core   0: 0x8000b0bc (0x02290fa3) sb      sp, 63(s2)
core   0: 3 0x8000b0bc (0x02290fa3) mem 0x8001ac4e 0x78
core   0: 0x8000b0c0 (0x000051dd) c.li    gp, -9
core   0: 3 0x8000b0c0 (0x51dd) x 3 0xfffffff7
core   0: 0x8000b0c2 (0x340a1a73) csrrw   s4, mscratch, s4
core   0: 3 0x8000b0c2 (0x340a1a73) x20 0x00000000 c832_mscratch 0x00000268
core   0: 0x8000b0c6 (0x01c86cb3) or      s9, a6, t3
core   0: 3 0x8000b0c6 (0x01c86cb3) x25 0xffffffdd
core   0: 0x8000b0ca (0x0000514d) c.li    sp, -13
core   0: 3 0x8000b0ca (0x514d) x 2 0xfffffff3
core   0: 0x8000b0cc (0x000056fd) c.li    a3, -1
core   0: 3 0x8000b0cc (0x56fd) x13 0xffffffff
core   0: 0x8000b0ce (0x01178733) add     a4, a5, a7
core   0: 3 0x8000b0ce (0x01178733) x14 0x878f015c
core   0: 0x8000b0d2 (0xf44de413) ori     s0, s11, -188
core   0: 3 0x8000b0d2 (0xf44de413) x 8 0xffffffc6
core   0: 0x8000b0d6 (0x000011f1) c.addi  gp, -4
core   0: 3 0x8000b0d6 (0x11f1) x 3 0xfffffff3
core   0: 0x8000b0d8 (0x340e6573) csrrsi  a0, mscratch, 28
core   0: 3 0x8000b0d8 (0x340e6573) x10 0x00000268 c832_mscratch 0x0000027c
core   0: 0x8000b0dc (0x00005271) c.li    tp, -4
core   0: 3 0x8000b0dc (0x5271) x 4 0xfffffffc
core   0: 0x8000b0de (0x00008e5d) c.or    a2, a5
core   0: 3 0x8000b0de (0x8e5d) x12 0x878f00b7
core   0: 0x8000b0e0 (0x00004b51) c.li    s6, 20
core   0: 3 0x8000b0e0 (0x4b51) x22 0x00000014
core   0: 0x8000b0e2 (0xce35d637) lui     a2, 0xce35d
core   0: 3 0x8000b0e2 (0xce35d637) x12 0xce35d000
core   0: 0x8000b0e6 (0x00b2d093) srli    ra, t0, 11
core   0: 3 0x8000b0e6 (0x00b2d093) x 1 0x00100051
core   0: 0x8000b0ea (0x34002373) csrr    t1, mscratch
core   0: 3 0x8000b0ea (0x34002373) x 6 0x0000027c
core   0: 0x8000b0ee (0x0366ddb3) divu    s11, a3, s6
core   0: 3 0x8000b0ee (0x0366ddb3) x27 0x0ccccccc
core   0: 0x8000b0f2 (0x00008445) c.srai  s0, 17
core   0: 3 0x8000b0f2 (0x8445) x 8 0xffffffff
core   0: 0x8000b0f4 (0x4009d7b3) sra     a5, s3, zero
core   0: 3 0x8000b0f4 (0x4009d7b3) x15 0x00000078
core   0: 0x8000b0f8 (0x00000215) c.addi  tp, 5
core   0: 3 0x8000b0f8 (0x0215) x 4 0x00000001
core   0: 0x8000b0fa (0x00f617b3) sll     a5, a2, a5
core   0: 3 0x8000b0fa (0x00f617b3) x15 0x00000000
core   0: 0x8000b0fe (0x00008fe5) c.and   a5, s1
core   0: 3 0x8000b0fe (0x8fe5) x15 0x00000000
core   0: 0x8000b100 (0xff6261e3) bltu    tp, s6, pc - 30
core   0: 3 0x8000b100 (0xff6261e3)
core   0: 0x8000b0e2 (0xce35d637) lui     a2, 0xce35d
core   0: 3 0x8000b0e2 (0xce35d637) x12 0xce35d000
core   0: 0x8000b0e6 (0x00b2d093) srli    ra, t0, 11
core   0: 3 0x8000b0e6 (0x00b2d093) x 1 0x00100051
core   0: 0x8000b0ea (0x34002373) csrr    t1, mscratch
core   0: 3 0x8000b0ea (0x34002373) x 6 0x0000027c
core   0: 0x8000b0ee (0x0366ddb3) divu    s11, a3, s6
core   0: 3 0x8000b0ee (0x0366ddb3) x27 0x0ccccccc
core   0: 0x8000b0f2 (0x00008445) c.srai  s0, 17
core   0: 3 0x8000b0f2 (0x8445) x 8 0xffffffff
core   0: 0x8000b0f4 (0x4009d7b3) sra     a5, s3, zero
core   0: 3 0x8000b0f4 (0x4009d7b3) x15 0x00000078
core   0: 0x8000b0f8 (0x00000215) c.addi  tp, 5
core   0: 3 0x8000b0f8 (0x0215) x 4 0x00000006
core   0: 0x8000b0fa (0x00f617b3) sll     a5, a2, a5
core   0: 3 0x8000b0fa (0x00f617b3) x15 0x00000000
core   0: 0x8000b0fe (0x00008fe5) c.and   a5, s1
core   0: 3 0x8000b0fe (0x8fe5) x15 0x00000000
core   0: 0x8000b100 (0xff6261e3) bltu    tp, s6, pc - 30
core   0: 3 0x8000b100 (0xff6261e3)
core   0: 0x8000b0e2 (0xce35d637) lui     a2, 0xce35d
core   0: 3 0x8000b0e2 (0xce35d637) x12 0xce35d000
core   0: 0x8000b0e6 (0x00b2d093) srli    ra, t0, 11
core   0: 3 0x8000b0e6 (0x00b2d093) x 1 0x00100051
core   0: 0x8000b0ea (0x34002373) csrr    t1, mscratch
core   0: 3 0x8000b0ea (0x34002373) x 6 0x0000027c
core   0: 0x8000b0ee (0x0366ddb3) divu    s11, a3, s6
core   0: 3 0x8000b0ee (0x0366ddb3) x27 0x0ccccccc
core   0: 0x8000b0f2 (0x00008445) c.srai  s0, 17
core   0: 3 0x8000b0f2 (0x8445) x 8 0xffffffff
core   0: 0x8000b0f4 (0x4009d7b3) sra     a5, s3, zero
core   0: 3 0x8000b0f4 (0x4009d7b3) x15 0x00000078
core   0: 0x8000b0f8 (0x00000215) c.addi  tp, 5
core   0: 3 0x8000b0f8 (0x0215) x 4 0x0000000b
core   0: 0x8000b0fa (0x00f617b3) sll     a5, a2, a5
core   0: 3 0x8000b0fa (0x00f617b3) x15 0x00000000
core   0: 0x8000b0fe (0x00008fe5) c.and   a5, s1
core   0: 3 0x8000b0fe (0x8fe5) x15 0x00000000
core   0: 0x8000b100 (0xff6261e3) bltu    tp, s6, pc - 30
core   0: 3 0x8000b100 (0xff6261e3)
core   0: 0x8000b0e2 (0xce35d637) lui     a2, 0xce35d
core   0: 3 0x8000b0e2 (0xce35d637) x12 0xce35d000
core   0: 0x8000b0e6 (0x00b2d093) srli    ra, t0, 11
core   0: 3 0x8000b0e6 (0x00b2d093) x 1 0x00100051
core   0: 0x8000b0ea (0x34002373) csrr    t1, mscratch
core   0: 3 0x8000b0ea (0x34002373) x 6 0x0000027c
core   0: 0x8000b0ee (0x0366ddb3) divu    s11, a3, s6
core   0: 3 0x8000b0ee (0x0366ddb3) x27 0x0ccccccc
core   0: 0x8000b0f2 (0x00008445) c.srai  s0, 17
core   0: 3 0x8000b0f2 (0x8445) x 8 0xffffffff
core   0: 0x8000b0f4 (0x4009d7b3) sra     a5, s3, zero
core   0: 3 0x8000b0f4 (0x4009d7b3) x15 0x00000078
core   0: 0x8000b0f8 (0x00000215) c.addi  tp, 5
core   0: 3 0x8000b0f8 (0x0215) x 4 0x00000010
core   0: 0x8000b0fa (0x00f617b3) sll     a5, a2, a5
core   0: 3 0x8000b0fa (0x00f617b3) x15 0x00000000
core   0: 0x8000b0fe (0x00008fe5) c.and   a5, s1
core   0: 3 0x8000b0fe (0x8fe5) x15 0x00000000
core   0: 0x8000b100 (0xff6261e3) bltu    tp, s6, pc - 30
core   0: 3 0x8000b100 (0xff6261e3)
core   0: 0x8000b0e2 (0xce35d637) lui     a2, 0xce35d
core   0: 3 0x8000b0e2 (0xce35d637) x12 0xce35d000
core   0: 0x8000b0e6 (0x00b2d093) srli    ra, t0, 11
core   0: 3 0x8000b0e6 (0x00b2d093) x 1 0x00100051
core   0: 0x8000b0ea (0x34002373) csrr    t1, mscratch
core   0: 3 0x8000b0ea (0x34002373) x 6 0x0000027c
core   0: 0x8000b0ee (0x0366ddb3) divu    s11, a3, s6
core   0: 3 0x8000b0ee (0x0366ddb3) x27 0x0ccccccc
core   0: 0x8000b0f2 (0x00008445) c.srai  s0, 17
core   0: 3 0x8000b0f2 (0x8445) x 8 0xffffffff
core   0: 0x8000b0f4 (0x4009d7b3) sra     a5, s3, zero
core   0: 3 0x8000b0f4 (0x4009d7b3) x15 0x00000078
core   0: 0x8000b0f8 (0x00000215) c.addi  tp, 5
core   0: 3 0x8000b0f8 (0x0215) x 4 0x00000015
core   0: 0x8000b0fa (0x00f617b3) sll     a5, a2, a5
core   0: 3 0x8000b0fa (0x00f617b3) x15 0x00000000
core   0: 0x8000b0fe (0x00008fe5) c.and   a5, s1
core   0: 3 0x8000b0fe (0x8fe5) x15 0x00000000
core   0: 0x8000b100 (0xff6261e3) bltu    tp, s6, pc - 30
core   0: 3 0x8000b100 (0xff6261e3)
core   0: 0x8000b104 (0x00000345) c.addi  t1, 17
core   0: 3 0x8000b104 (0x0345) x 6 0x0000028d
core   0: 0x8000b106 (0x00000001) c.nop
core   0: 3 0x8000b106 (0x0001)
core   0: 0x8000b108 (0xfc2183e3) beq     gp, sp, pc - 58
core   0: 3 0x8000b108 (0xfc2183e3)
core   0: 0x8000b0ce (0x01178733) add     a4, a5, a7
core   0: 3 0x8000b0ce (0x01178733) x14 0x000000b5
core   0: 0x8000b0d2 (0xf44de413) ori     s0, s11, -188
core   0: 3 0x8000b0d2 (0xf44de413) x 8 0xffffffcc
core   0: 0x8000b0d6 (0x000011f1) c.addi  gp, -4
core   0: 3 0x8000b0d6 (0x11f1) x 3 0xffffffef
core   0: 0x8000b0d8 (0x340e6573) csrrsi  a0, mscratch, 28
core   0: 3 0x8000b0d8 (0x340e6573) x10 0x0000027c c832_mscratch 0x0000027c
core   0: 0x8000b0dc (0x00005271) c.li    tp, -4
core   0: 3 0x8000b0dc (0x5271) x 4 0xfffffffc
core   0: 0x8000b0de (0x00008e5d) c.or    a2, a5
core   0: 3 0x8000b0de (0x8e5d) x12 0xce35d000
core   0: 0x8000b0e0 (0x00004b51) c.li    s6, 20
core   0: 3 0x8000b0e0 (0x4b51) x22 0x00000014
core   0: 0x8000b0e2 (0xce35d637) lui     a2, 0xce35d
core   0: 3 0x8000b0e2 (0xce35d637) x12 0xce35d000
core   0: 0x8000b0e6 (0x00b2d093) srli    ra, t0, 11
core   0: 3 0x8000b0e6 (0x00b2d093) x 1 0x00100051
core   0: 0x8000b0ea (0x34002373) csrr    t1, mscratch
core   0: 3 0x8000b0ea (0x34002373) x 6 0x0000027c
core   0: 0x8000b0ee (0x0366ddb3) divu    s11, a3, s6
core   0: 3 0x8000b0ee (0x0366ddb3) x27 0x0ccccccc
core   0: 0x8000b0f2 (0x00008445) c.srai  s0, 17
core   0: 3 0x8000b0f2 (0x8445) x 8 0xffffffff
core   0: 0x8000b0f4 (0x4009d7b3) sra     a5, s3, zero
core   0: 3 0x8000b0f4 (0x4009d7b3) x15 0x00000078
core   0: 0x8000b0f8 (0x00000215) c.addi  tp, 5
core   0: 3 0x8000b0f8 (0x0215) x 4 0x00000001
core   0: 0x8000b0fa (0x00f617b3) sll     a5, a2, a5
core   0: 3 0x8000b0fa (0x00f617b3) x15 0x00000000
core   0: 0x8000b0fe (0x00008fe5) c.and   a5, s1
core   0: 3 0x8000b0fe (0x8fe5) x15 0x00000000
core   0: 0x8000b100 (0xff6261e3) bltu    tp, s6, pc - 30
core   0: 3 0x8000b100 (0xff6261e3)
core   0: 0x8000b0e2 (0xce35d637) lui     a2, 0xce35d
core   0: 3 0x8000b0e2 (0xce35d637) x12 0xce35d000
core   0: 0x8000b0e6 (0x00b2d093) srli    ra, t0, 11
core   0: 3 0x8000b0e6 (0x00b2d093) x 1 0x00100051
core   0: 0x8000b0ea (0x34002373) csrr    t1, mscratch
core   0: 3 0x8000b0ea (0x34002373) x 6 0x0000027c
core   0: 0x8000b0ee (0x0366ddb3) divu    s11, a3, s6
core   0: 3 0x8000b0ee (0x0366ddb3) x27 0x0ccccccc
core   0: 0x8000b0f2 (0x00008445) c.srai  s0, 17
core   0: 3 0x8000b0f2 (0x8445) x 8 0xffffffff
core   0: 0x8000b0f4 (0x4009d7b3) sra     a5, s3, zero
core   0: 3 0x8000b0f4 (0x4009d7b3) x15 0x00000078
core   0: 0x8000b0f8 (0x00000215) c.addi  tp, 5
core   0: 3 0x8000b0f8 (0x0215) x 4 0x00000006
core   0: 0x8000b0fa (0x00f617b3) sll     a5, a2, a5
core   0: 3 0x8000b0fa (0x00f617b3) x15 0x00000000
core   0: 0x8000b0fe (0x00008fe5) c.and   a5, s1
core   0: 3 0x8000b0fe (0x8fe5) x15 0x00000000
core   0: 0x8000b100 (0xff6261e3) bltu    tp, s6, pc - 30
core   0: 3 0x8000b100 (0xff6261e3)
core   0: 0x8000b0e2 (0xce35d637) lui     a2, 0xce35d
core   0: 3 0x8000b0e2 (0xce35d637) x12 0xce35d000
core   0: 0x8000b0e6 (0x00b2d093) srli    ra, t0, 11
core   0: 3 0x8000b0e6 (0x00b2d093) x 1 0x00100051
core   0: 0x8000b0ea (0x34002373) csrr    t1, mscratch
core   0: 3 0x8000b0ea (0x34002373) x 6 0x0000027c
core   0: 0x8000b0ee (0x0366ddb3) divu    s11, a3, s6
core   0: 3 0x8000b0ee (0x0366ddb3) x27 0x0ccccccc
core   0: 0x8000b0f2 (0x00008445) c.srai  s0, 17
core   0: 3 0x8000b0f2 (0x8445) x 8 0xffffffff
core   0: 0x8000b0f4 (0x4009d7b3) sra     a5, s3, zero
core   0: 3 0x8000b0f4 (0x4009d7b3) x15 0x00000078
core   0: 0x8000b0f8 (0x00000215) c.addi  tp, 5
core   0: 3 0x8000b0f8 (0x0215) x 4 0x0000000b
core   0: 0x8000b0fa (0x00f617b3) sll     a5, a2, a5
core   0: 3 0x8000b0fa (0x00f617b3) x15 0x00000000
core   0: 0x8000b0fe (0x00008fe5) c.and   a5, s1
core   0: 3 0x8000b0fe (0x8fe5) x15 0x00000000
core   0: 0x8000b100 (0xff6261e3) bltu    tp, s6, pc - 30
core   0: 3 0x8000b100 (0xff6261e3)
core   0: 0x8000b0e2 (0xce35d637) lui     a2, 0xce35d
core   0: 3 0x8000b0e2 (0xce35d637) x12 0xce35d000
core   0: 0x8000b0e6 (0x00b2d093) srli    ra, t0, 11
core   0: 3 0x8000b0e6 (0x00b2d093) x 1 0x00100051
core   0: 0x8000b0ea (0x34002373) csrr    t1, mscratch
core   0: 3 0x8000b0ea (0x34002373) x 6 0x0000027c
core   0: 0x8000b0ee (0x0366ddb3) divu    s11, a3, s6
core   0: 3 0x8000b0ee (0x0366ddb3) x27 0x0ccccccc
core   0: 0x8000b0f2 (0x00008445) c.srai  s0, 17
core   0: 3 0x8000b0f2 (0x8445) x 8 0xffffffff
core   0: 0x8000b0f4 (0x4009d7b3) sra     a5, s3, zero
core   0: 3 0x8000b0f4 (0x4009d7b3) x15 0x00000078
core   0: 0x8000b0f8 (0x00000215) c.addi  tp, 5
core   0: 3 0x8000b0f8 (0x0215) x 4 0x00000010
core   0: 0x8000b0fa (0x00f617b3) sll     a5, a2, a5
core   0: 3 0x8000b0fa (0x00f617b3) x15 0x00000000
core   0: 0x8000b0fe (0x00008fe5) c.and   a5, s1
core   0: 3 0x8000b0fe (0x8fe5) x15 0x00000000
core   0: 0x8000b100 (0xff6261e3) bltu    tp, s6, pc - 30
core   0: 3 0x8000b100 (0xff6261e3)
core   0: 0x8000b0e2 (0xce35d637) lui     a2, 0xce35d
core   0: 3 0x8000b0e2 (0xce35d637) x12 0xce35d000
core   0: 0x8000b0e6 (0x00b2d093) srli    ra, t0, 11
core   0: 3 0x8000b0e6 (0x00b2d093) x 1 0x00100051
core   0: 0x8000b0ea (0x34002373) csrr    t1, mscratch
core   0: 3 0x8000b0ea (0x34002373) x 6 0x0000027c
core   0: 0x8000b0ee (0x0366ddb3) divu    s11, a3, s6
core   0: 3 0x8000b0ee (0x0366ddb3) x27 0x0ccccccc
core   0: 0x8000b0f2 (0x00008445) c.srai  s0, 17
core   0: 3 0x8000b0f2 (0x8445) x 8 0xffffffff
core   0: 0x8000b0f4 (0x4009d7b3) sra     a5, s3, zero
core   0: 3 0x8000b0f4 (0x4009d7b3) x15 0x00000078
core   0: 0x8000b0f8 (0x00000215) c.addi  tp, 5
core   0: 3 0x8000b0f8 (0x0215) x 4 0x00000015
core   0: 0x8000b0fa (0x00f617b3) sll     a5, a2, a5
core   0: 3 0x8000b0fa (0x00f617b3) x15 0x00000000
core   0: 0x8000b0fe (0x00008fe5) c.and   a5, s1
core   0: 3 0x8000b0fe (0x8fe5) x15 0x00000000
core   0: 0x8000b100 (0xff6261e3) bltu    tp, s6, pc - 30
core   0: 3 0x8000b100 (0xff6261e3)
core   0: 0x8000b104 (0x00000345) c.addi  t1, 17
core   0: 3 0x8000b104 (0x0345) x 6 0x0000028d
core   0: 0x8000b106 (0x00000001) c.nop
core   0: 3 0x8000b106 (0x0001)
core   0: 0x8000b108 (0xfc2183e3) beq     gp, sp, pc - 58
core   0: 3 0x8000b108 (0xfc2183e3)
core   0: 0x8000b10c (0x0000100f) fence.i
core   0: 3 0x8000b10c (0x0000100f)
core   0: 0x8000b110 (0x00011a97) auipc   s5, 0x11
core   0: 3 0x8000b110 (0x00011a97) x21 0x8001c110
core   0: 0x8000b114 (0x7b6a8a93) addi    s5, s5, 1974
core   0: 3 0x8000b114 (0x7b6a8a93) x21 0x8001c8c6
core   0: 0x8000b118 (0x00009417) auipc   s0, 0x9
core   0: 3 0x8000b118 (0x00009417) x 8 0x80014118
core   0: 0x8000b11c (0xb2e40413) addi    s0, s0, -1234
core   0: 3 0x8000b11c (0xb2e40413) x 8 0x80013c46
core   0: 0x8000b120 (0x89aa9a23) sh      s10, -1900(s5)
core   0: 3 0x8000b120 (0x89aa9a23) mem 0x8001c15a 0x13a7
core   0: 0x8000b124 (0x02dac083) lbu     ra, 45(s5)
core   0: 3 0x8000b124 (0x02dac083) x 1 0x00000020 mem 0x8001c8f3
core   0: 0x8000b128 (0x00044b03) lbu     s6, 0(s0)
core   0: 3 0x8000b128 (0x00044b03) x22 0x00000027 mem 0x80013c46
core   0: 0x8000b12c (0x00a41523) sh      a0, 10(s0)
core   0: 3 0x8000b12c (0x00a41523) mem 0x80013c50 0x027c
core   0: 0x8000b130 (0x32fa8903) lb      s2, 815(s5)
core   0: 3 0x8000b130 (0x32fa8903) x18 0xffffffd0 mem 0x8001cbf5
core   0: 0x8000b134 (0x856a80a3) sb      s6, -1983(s5)
core   0: 3 0x8000b134 (0x856a80a3) mem 0x8001c107 0x27
core   0: 0x8000b138 (0xff640f83) lb      t6, -10(s0)
core   0: 3 0x8000b138 (0xff640f83) x31 0x00000047 mem 0x80013c3c
core   0: 0x8000b13c (0x438a8c83) lb      s9, 1080(s5)
core   0: 3 0x8000b13c (0x438a8c83) x25 0xffffffcc mem 0x8001ccfe
core   0: 0x8000b140 (0x194adb83) lhu     s7, 404(s5)
core   0: 3 0x8000b140 (0x194adb83) x23 0x000066b6 mem 0x8001ca5a
core   0: 0x8000b144 (0xffb40483) lb      s1, -5(s0)
core   0: 3 0x8000b144 (0xffb40483) x 9 0x00000069 mem 0x80013c41
core   0: 0x8000b148 (0xf3ba8203) lb      tp, -197(s5)
core   0: 3 0x8000b148 (0xf3ba8203) x 4 0xffffffd8 mem 0x8001c801
core   0: 0x8000b14c (0x2f6a8a03) lb      s4, 758(s5)
core   0: 3 0x8000b14c (0x2f6a8a03) x20 0x00000043 mem 0x8001cbbc
core   0: 0x8000b150 (0xff644483) lbu     s1, -10(s0)
core   0: 3 0x8000b150 (0xff644483) x 9 0x00000047 mem 0x80013c3c
core   0: 0x8000b154 (0x00019e17) auipc   t3, 0x19
core   0: 3 0x8000b154 (0x00019e17) x28 0x80024154
core   0: 0x8000b158 (0xf10e0e13) addi    t3, t3, -240
core   0: 3 0x8000b158 (0xf10e0e13) x28 0x80024064
core   0: 0x8000b15c (0x00019697) auipc   a3, 0x19
core   0: 3 0x8000b15c (0x00019697) x13 0x8002415c
core   0: 0x8000b160 (0xeec68693) addi    a3, a3, -276
core   0: 3 0x8000b160 (0xeec68693) x13 0x80024048
core   0: 0x8000b164 (0x00019997) auipc   s3, 0x19
core   0: 3 0x8000b164 (0x00019997) x19 0x80024164
core   0: 0x8000b168 (0xf0098993) addi    s3, s3, -256
core   0: 3 0x8000b168 (0xf0098993) x19 0x80024064
core   0: 0x8000b16c (0x00019197) auipc   gp, 0x19
core   0: 3 0x8000b16c (0x00019197) x 3 0x8002416c
core   0: 0x8000b170 (0xef018193) addi    gp, gp, -272
core   0: 3 0x8000b170 (0xef018193) x 3 0x8002405c
core   0: 0x8000b174 (0xa506a62f) amomax.w a2, a6, (a3)
core   0: 3 0x8000b174 (0xa506a62f) x12 0x00000006 mem 0x80024048 mem 0x80024048 0x00000006
core   0: 0x8000b178 (0x8569afaf) amomin.w t6, s6, (s3)
core   0: 3 0x8000b178 (0x8569afaf) x31 0x0000237f mem 0x80024064 mem 0x80024064 0x00000027
core   0: 0x8000b17c (0x84be2daf) amomin.w s11, a1, (t3)
core   0: 3 0x8000b17c (0x84be2daf) x27 0x00000027 mem 0x80024064 mem 0x80024064 0x0000001d
core   0: 0x8000b180 (0x6289a32f) amoand.w t1, s0, (s3)
core   0: 3 0x8000b180 (0x6289a32f) x 6 0x0000001d mem 0x80024064 mem 0x80024064 0x00000004
core   0: 0x8000b184 (0x61e9afaf) amoand.w t6, t5, (s3)
core   0: 3 0x8000b184 (0x61e9afaf) x31 0x00000004 mem 0x80024064 mem 0x80024064 0x00000004
core   0: 0x8000b188 (0xa216a7af) amomax.w a5, ra, (a3)
core   0: 3 0x8000b188 (0xa216a7af) x15 0x00000006 mem 0x80024048 mem 0x80024048 0x00000020
core   0: 0x8000b18c (0x0cce202f) amoswap.w zero, a2, (t3)
core   0: 3 0x8000b18c (0x0cce202f) mem 0x80024064 mem 0x80024064 0x00000006
core   0: 0x8000b190 (0x6139a22f) amoand.w tp, s3, (s3)
core   0: 3 0x8000b190 (0x6139a22f) x 4 0x00000006 mem 0x80024064 mem 0x80024064 0x00000004
core   0: 0x8000b194 (0x0000479d) c.li    a5, 7
core   0: 3 0x8000b194 (0x479d) x15 0x00000007
core   0: 0x8000b196 (0x000081a5) c.srli  a1, 9
core   0: 3 0x8000b196 (0x81a5) x11 0x00000000
core   0: 0x8000b198 (0x01fdf8b3) and     a7, s11, t6
core   0: 3 0x8000b198 (0x01fdf8b3) x17 0x00000004
core   0: 0x8000b19c (0x03456333) rem     t1, a0, s4
core   0: 3 0x8000b19c (0x03456333) x 6 0x00000021
core   0: 0x8000b1a0 (0x007b4d33) xor     s10, s6, t2
core   0: 3 0x8000b1a0 (0x007b4d33) x26 0x00000021
core   0: 0x8000b1a4 (0x00000001) c.nop
core   0: 3 0x8000b1a4 (0x0001)
core   0: 0x8000b1a6 (0x00008cf9) c.and   s1, a4
core   0: 3 0x8000b1a6 (0x8cf9) x 9 0x00000005
core   0: 0x8000b1a8 (0x00008442) c.mv    s0, a6
core   0: 3 0x8000b1a8 (0x8442) x 8 0xffffffdd
core   0: 0x8000b1aa (0x03021333) mulh    t1, tp, a6
core   0: 3 0x8000b1aa (0x03021333) x 6 0xffffffff
core   0: 0x8000b1ae (0x48c15e37) lui     t3, 0x48c15
core   0: 3 0x8000b1ae (0x48c15e37) x28 0x48c15000
core   0: 0x8000b1b2 (0x0091fab3) and     s5, gp, s1
core   0: 3 0x8000b1b2 (0x0091fab3) x21 0x00000004
core   0: 0x8000b1b6 (0x02f26cb3) rem     s9, tp, a5
core   0: 3 0x8000b1b6 (0x02f26cb3) x25 0x00000006
core   0: 0x8000b1ba (0x0070deb3) srl     t4, ra, t2
core   0: 3 0x8000b1ba (0x0070deb3) x29 0x00000000
core   0: 0x8000b1be (0x000017e5) c.addi  a5, -7
core   0: 3 0x8000b1be (0x17e5) x15 0x00000000
core   0: 0x8000b1c0 (0x40540c33) sub     s8, s0, t0
core   0: 3 0x8000b1c0 (0x40540c33) x24 0x7ffd7169
core   0: 0x8000b1c4 (0x0000056a) c.slli  a0, 26
core   0: 3 0x8000b1c4 (0x056a) x10 0xf0000000
core   0: 0x8000b1c6 (0x0343ccb3) div     s9, t2, s4
core   0: 3 0x8000b1c6 (0x0343ccb3) x25 0x00000000
core   0: 0x8000b1ca (0x00004125) c.li    sp, 9
core   0: 3 0x8000b1ca (0x4125) x 2 0x00000009
core   0: 0x8000b1cc (0x00004fa5) c.li    t6, 9
core   0: 3 0x8000b1cc (0x4fa5) x31 0x00000009
core   0: 0x8000b1ce (0x68920513) addi    a0, tp, 1673
core   0: 3 0x8000b1ce (0x68920513) x10 0x0000068f
core   0: 0x8000b1d2 (0x340638f3) csrrc   a7, mscratch, a2
core   0: 3 0x8000b1d2 (0x340638f3) x17 0x0000027c c832_mscratch 0x00000278
core   0: 0x8000b1d6 (0x00001161) c.addi  sp, -8
core   0: 3 0x8000b1d6 (0x1161) x 2 0x00000001
core   0: 0x8000b1d8 (0xfff17be3) bgeu    sp, t6, pc - 10
core   0: 3 0x8000b1d8 (0xfff17be3)
core   0: 0x8000b1dc (0x60720913) addi    s2, tp, 1543
core   0: 3 0x8000b1dc (0x60720913) x18 0x0000060d
core   0: 0x8000b1e0 (0x008ed9b3) srl     s3, t4, s0
core   0: 3 0x8000b1e0 (0x008ed9b3) x19 0x00000000
core   0: 0x8000b1e4 (0x74a57837) lui     a6, 0x74a57
core   0: 3 0x8000b1e4 (0x74a57837) x16 0x74a57000
core   0: 0x8000b1e8 (0x00009b22) c.add   s6, s0
core   0: 3 0x8000b1e8 (0x9b22) x22 0x00000004
core   0: 0x8000b1ea (0x0000d3f1) c.beqz  a5, pc - 60
core   0: 3 0x8000b1ea (0xd3f1)
core   0: 0x8000b1ae (0x48c15e37) lui     t3, 0x48c15
core   0: 3 0x8000b1ae (0x48c15e37) x28 0x48c15000
core   0: 0x8000b1b2 (0x0091fab3) and     s5, gp, s1
core   0: 3 0x8000b1b2 (0x0091fab3) x21 0x00000004
core   0: 0x8000b1b6 (0x02f26cb3) rem     s9, tp, a5
core   0: 3 0x8000b1b6 (0x02f26cb3) x25 0x00000006
core   0: 0x8000b1ba (0x0070deb3) srl     t4, ra, t2
core   0: 3 0x8000b1ba (0x0070deb3) x29 0x00000000
core   0: 0x8000b1be (0x000017e5) c.addi  a5, -7
core   0: 3 0x8000b1be (0x17e5) x15 0xfffffff9
core   0: 0x8000b1c0 (0x40540c33) sub     s8, s0, t0
core   0: 3 0x8000b1c0 (0x40540c33) x24 0x7ffd7169
core   0: 0x8000b1c4 (0x0000056a) c.slli  a0, 26
core   0: 3 0x8000b1c4 (0x056a) x10 0x3c000000
core   0: 0x8000b1c6 (0x0343ccb3) div     s9, t2, s4
core   0: 3 0x8000b1c6 (0x0343ccb3) x25 0x00000000
core   0: 0x8000b1ca (0x00004125) c.li    sp, 9
core   0: 3 0x8000b1ca (0x4125) x 2 0x00000009
core   0: 0x8000b1cc (0x00004fa5) c.li    t6, 9
core   0: 3 0x8000b1cc (0x4fa5) x31 0x00000009
core   0: 0x8000b1ce (0x68920513) addi    a0, tp, 1673
core   0: 3 0x8000b1ce (0x68920513) x10 0x0000068f
core   0: 0x8000b1d2 (0x340638f3) csrrc   a7, mscratch, a2
core   0: 3 0x8000b1d2 (0x340638f3) x17 0x00000278 c832_mscratch 0x00000278
core   0: 0x8000b1d6 (0x00001161) c.addi  sp, -8
core   0: 3 0x8000b1d6 (0x1161) x 2 0x00000001
core   0: 0x8000b1d8 (0xfff17be3) bgeu    sp, t6, pc - 10
core   0: 3 0x8000b1d8 (0xfff17be3)
core   0: 0x8000b1dc (0x60720913) addi    s2, tp, 1543
core   0: 3 0x8000b1dc (0x60720913) x18 0x0000060d
core   0: 0x8000b1e0 (0x008ed9b3) srl     s3, t4, s0
core   0: 3 0x8000b1e0 (0x008ed9b3) x19 0x00000000
core   0: 0x8000b1e4 (0x74a57837) lui     a6, 0x74a57
core   0: 3 0x8000b1e4 (0x74a57837) x16 0x74a57000
core   0: 0x8000b1e8 (0x00009b22) c.add   s6, s0
core   0: 3 0x8000b1e8 (0x9b22) x22 0xffffffe1
core   0: 0x8000b1ea (0x0000d3f1) c.beqz  a5, pc - 60
core   0: 3 0x8000b1ea (0xd3f1)
core   0: 0x8000b1ec (0x340ea9f3) csrrs   s3, mscratch, t4
core   0: 3 0x8000b1ec (0x340ea9f3) x19 0x00000278 c832_mscratch 0x00000278
core   0: 0x8000b1f0 (0x00019117) auipc   sp, 0x19
core   0: 3 0x8000b1f0 (0x00019117) x 2 0x800241f0
core   0: 0x8000b1f4 (0xe7c10113) addi    sp, sp, -388
core   0: 3 0x8000b1f4 (0xe7c10113) x 2 0x8002406c
core   0: 0x8000b1f8 (0x1401242f) lr.w    s0, (sp)
core   0: 3 0x8000b1f8 (0x1401242f) x 8 0x00044058 mem 0x8002406c
core   0: 0x8000b1fc (0x3810dd17) auipc   s10, 0x3810d
core   0: 3 0x8000b1fc (0x3810dd17) x26 0xb81181fc
core   0: 0x8000b200 (0xbb663d97) auipc   s11, 0xbb663
core   0: 3 0x8000b200 (0xbb663d97) x27 0x3b66e200
core   0: 0x8000b204 (0x185124af) sc.w    s1, t0, (sp)
core   0: 3 0x8000b204 (0x185124af) x 9 0x00000000 mem 0x8002406c 0x80028e74
core   0: 0x8000b208 (0x0340066f) jal     a2, pc + 0x34
core   0: 3 0x8000b208 (0x0340066f) x12 0x8000b20c
core   0: 0x8000b23c (0xfe5ffbef) jal     s7, pc - 0x1c
core   0: 3 0x8000b23c (0xfe5ffbef) x23 0x8000b240
core   0: 0x8000b220 (0x016000ef) jal     pc + 0x16
core   0: 3 0x8000b220 (0x016000ef) x 1 0x8000b224
core   0: 0x8000b236 (0x0000bff9) c.j     pc - 34
core   0: 3 0x8000b236 (0xbff9)
core   0: 0x8000b214 (0x012000ef) jal     pc + 0x12
core   0: 3 0x8000b214 (0x012000ef) x 1 0x8000b218
core   0: 0x8000b226 (0x00003fcd) c.jal   pc - 14
core   0: 3 0x8000b226 (0x3fcd) x 1 0x8000b228
core   0: 0x8000b218 (0x0000bfd5) c.j     pc - 12
core   0: 3 0x8000b218 (0xbfd5)
core   0: 0x8000b20c (0x00002831) c.jal   pc + 28
core   0: 3 0x8000b20c (0x2831) x 1 0x8000b20e
core   0: 0x8000b228 (0x00c000ef) jal     pc + 0xc
core   0: 3 0x8000b228 (0x00c000ef) x 1 0x8000b22c
core   0: 0x8000b234 (0x00002011) c.jal   pc + 4
core   0: 3 0x8000b234 (0x2011) x 1 0x8000b236
core   0: 0x8000b238 (0x0000bfe5) c.j     pc - 8
core   0: 3 0x8000b238 (0xbfe5)
core   0: 0x8000b230 (0x0000a801) c.j     pc + 16
core   0: 3 0x8000b230 (0xa801)
core   0: 0x8000b240 (0x000037f5) c.jal   pc - 20
core   0: 3 0x8000b240 (0x37f5) x 1 0x8000b242
core   0: 0x8000b22c (0x00002019) c.jal   pc + 6
core   0: 3 0x8000b22c (0x2019) x 1 0x8000b22e
core   0: 0x8000b232 (0x0000bff5) c.j     pc - 4
core   0: 3 0x8000b232 (0xbff5)
core   0: 0x8000b22e (0x00003fc5) c.jal   pc - 16
core   0: 3 0x8000b22e (0x3fc5) x 1 0x8000b230
core   0: 0x8000b21e (0x00002831) c.jal   pc + 28
core   0: 3 0x8000b21e (0x2831) x 1 0x8000b220
core   0: 0x8000b23a (0x0000b7c5) c.j     pc - 32
core   0: 3 0x8000b23a (0xb7c5)
core   0: 0x8000b21a (0xff7ff36f) jal     t1, pc - 0xa
core   0: 3 0x8000b21a (0xff7ff36f) x 6 0x8000b21e
core   0: 0x8000b210 (0x00002009) c.jal   pc + 2
core   0: 3 0x8000b210 (0x2009) x 1 0x8000b212
core   0: 0x8000b212 (0x0000a809) c.j     pc + 18
core   0: 3 0x8000b212 (0xa809)
core   0: 0x8000b224 (0x0000b7ed) c.j     pc - 22
core   0: 3 0x8000b224 (0xb7ed)
core   0: 0x8000b20e (0x0000a815) c.j     pc + 52
core   0: 3 0x8000b20e (0xa815)
core   0: 0x8000b242 (0x0ff0000f) fence   iorw,iorw
core   0: 3 0x8000b242 (0x0ff0000f)
core   0: 0x8000b246 (0x0000bd97) auipc   s11, 0xb
core   0: 3 0x8000b246 (0x0000bd97) x27 0x80016246
core   0: 0x8000b24a (0xbc3d8d93) addi    s11, s11, -1085
core   0: 3 0x8000b24a (0xbc3d8d93) x27 0x80015e09
core   0: 0x8000b24e (0xc90d8583) lb      a1, -880(s11)
core   0: 3 0x8000b24e (0xc90d8583) x11 0xffffffbd mem 0x80015a99
core   0: 0x8000b252 (0x00016117) auipc   sp, 0x16
core   0: 3 0x8000b252 (0x00016117) x 2 0x80021252
core   0: 0x8000b256 (0x56010113) addi    sp, sp, 1376
core   0: 3 0x8000b256 (0x56010113) x 2 0x800217b2
core   0: 0x8000b25a (0xa3dd8d23) sb      t4, -1478(s11)
core   0: 3 0x8000b25a (0xa3dd8d23) mem 0x80015843 0x0
core   0: 0x8000b25e (0x00612403) lw      s0, 6(sp)
core   0: 3 0x8000b25e (0x00612403) x 8 0x7ccf3aa5 mem 0x800217b8
core   0: 0x8000b262 (0x9dedc883) lbu     a7, -1570(s11)
core   0: 3 0x8000b262 (0x9dedc883) x17 0x00000088 mem 0x800157e7
core   0: 0x8000b266 (0xff714683) lbu     a3, -9(sp)
core   0: 3 0x8000b266 (0xff714683) x13 0x000000e1 mem 0x800217a9
core   0: 0x8000b26a (0x00b14903) lbu     s2, 11(sp)
core   0: 3 0x8000b26a (0x00b14903) x18 0x00000084 mem 0x800217bd
core   0: 0x8000b26e (0x00c10683) lb      a3, 12(sp)
core   0: 3 0x8000b26e (0x00c10683) x13 0x00000070 mem 0x800217be
core   0: 0x8000b272 (0x1e2d8603) lb      a2, 482(s11)
core   0: 3 0x8000b272 (0x1e2d8603) x12 0xffffffe5 mem 0x80015feb
core   0: 0x8000b276 (0xa30dc503) lbu     a0, -1488(s11)
core   0: 3 0x8000b276 (0xa30dc503) x10 0x000000a9 mem 0x80015839
core   0: 0x8000b27a (0xf06d94a3) sh      t1, -247(s11)
core   0: 3 0x8000b27a (0xf06d94a3) mem 0x80015d12 0xb21e
core   0: 0x8000b27e (0xfe810fa3) sb      s0, -1(sp)
core   0: 3 0x8000b27e (0xfe810fa3) mem 0x800217b1 0xa5
core   0: 0x8000b282 (0xb74dc683) lbu     a3, -1164(s11)
core   0: 3 0x8000b282 (0xb74dc683) x13 0x0000003c mem 0x8001597d
core   0: 0x8000b286 (0x00c10d03) lb      s10, 12(sp)
core   0: 3 0x8000b286 (0x00c10d03) x26 0x00000070 mem 0x800217be
core   0: 0x8000b28a (0x00019717) auipc   a4, 0x19
core   0: 3 0x8000b28a (0x00019717) x14 0x8002428a
core   0: 0x8000b28e (0xdca70713) addi    a4, a4, -566
core   0: 3 0x8000b28e (0xdca70713) x14 0x80024054
core   0: 0x8000b292 (0x140725af) lr.w    a1, (a4)
core   0: 3 0x8000b292 (0x140725af) x11 0x8002cd21 mem 0x80024054
core   0: 0x8000b296 (0x007176b3) and     a3, sp, t2
core   0: 3 0x8000b296 (0x007176b3) x13 0x00000002
core   0: 0x8000b29a (0x01e191b3) sll     gp, gp, t5
core   0: 3 0x8000b29a (0x01e191b3) x 3 0x002405c0
core   0: 0x8000b29e (0x1cd72d2f) sc.w    s10, a3, (a4)
core   0: 3 0x8000b29e (0x1cd72d2f) x26 0x00000000 mem 0x80024054 0x00000002
core   0: 0x8000b2a2 (0x0000f897) auipc   a7, 0xf
core   0: 3 0x8000b2a2 (0x0000f897) x17 0x8001a2a2
core   0: 0x8000b2a6 (0x1ef88893) addi    a7, a7, 495
core   0: 3 0x8000b2a6 (0x1ef88893) x17 0x8001a491
core   0: 0x8000b2aa (0xfe188583) lb      a1, -31(a7)
core   0: 3 0x8000b2aa (0xfe188583) x11 0xffffffbe mem 0x8001a472
core   0: 0x8000b2ae (0x00009317) auipc   t1, 0x9
core   0: 3 0x8000b2ae (0x00009317) x 6 0x800142ae
core   0: 0x8000b2b2 (0xb8130313) addi    t1, t1, -1151
core   0: 3 0x8000b2b2 (0xb8130313) x 6 0x80013e2f
core   0: 0x8000b2b6 (0xffe8cc83) lbu     s9, -2(a7)
core   0: 3 0x8000b2b6 (0xffe8cc83) x25 0x0000002b mem 0x8001a48f
core   0: 0x8000b2ba (0xfc08ce03) lbu     t3, -64(a7)
core   0: 3 0x8000b2ba (0xfc08ce03) x28 0x000000c0 mem 0x8001a451
core   0: 0x8000b2be (0x019301a3) sb      s9, 3(t1)
core   0: 3 0x8000b2be (0x019301a3) mem 0x80013e32 0x2b
core   0: 0x8000b2c2 (0x0348cd83) lbu     s11, 52(a7)
core   0: 3 0x8000b2c2 (0x0348cd83) x27 0x0000003a mem 0x8001a4c5
core   0: 0x8000b2c6 (0x00830503) lb      a0, 8(t1)
core   0: 3 0x8000b2c6 (0x00830503) x10 0xffffffc5 mem 0x80013e37
core   0: 0x8000b2ca (0xff7899a3) sh      s7, -13(a7)
core   0: 3 0x8000b2ca (0xff7899a3) mem 0x8001a484 0xb240
core   0: 0x8000b2ce (0x00234183) lbu     gp, 2(t1)
core   0: 3 0x8000b2ce (0x00234183) x 3 0x0000000b mem 0x80013e31
core   0: 0x8000b2d2 (0xff630ba3) sb      s6, -9(t1)
core   0: 3 0x8000b2d2 (0xff630ba3) mem 0x80013e26 0xe1
core   0: 0x8000b2d6 (0xfd4890a3) sh      s4, -63(a7)
core   0: 3 0x8000b2d6 (0xfd4890a3) mem 0x8001a452 0x0043
core   0: 0x8000b2da (0xfe088483) lb      s1, -32(a7)
core   0: 3 0x8000b2da (0xfe088483) x 9 0xfffffff4 mem 0x8001a471
core   0: 0x8000b2de (0x00930623) sb      s1, 12(t1)
core   0: 3 0x8000b2de (0x00930623) mem 0x80013e3b 0xf4
core   0: 0x8000b2e2 (0x02b8d483) lhu     s1, 43(a7)
core   0: 3 0x8000b2e2 (0x02b8d483) x 9 0x00002813 mem 0x8001a4bc
core   0: 0x8000b2e6 (0xff730ca3) sb      s7, -7(t1)
core   0: 3 0x8000b2e6 (0xff730ca3) mem 0x80013e28 0x40
core   0: 0x8000b2ea (0xff430b83) lb      s7, -12(t1)
core   0: 3 0x8000b2ea (0xff430b83) x23 0xffffffef mem 0x80013e23
core   0: 0x8000b2ee (0x00015717) auipc   a4, 0x15
core   0: 3 0x8000b2ee (0x00015717) x14 0x800202ee
core   0: 0x8000b2f2 (0x68c70713) addi    a4, a4, 1676
core   0: 3 0x8000b2f2 (0x68c70713) x14 0x8002097a
core   0: 0x8000b2f6 (0x03470ba3) sb      s4, 55(a4)
core   0: 3 0x8000b2f6 (0x03470ba3) mem 0x800209b1 0x43
core   0: 0x8000b2fa (0xff570c03) lb      s8, -11(a4)
core   0: 3 0x8000b2fa (0xff570c03) x24 0x00000025 mem 0x8002096f
core   0: 0x8000b2fe (0xff674483) lbu     s1, -10(a4)
core   0: 3 0x8000b2fe (0xff674483) x 9 0x000000f0 mem 0x80020970
core   0: 0x8000b302 (0x0149ac33) slt     s8, s3, s4
core   0: 3 0x8000b302 (0x0149ac33) x24 0x00000000
core   0: 0x8000b306 (0xffc70583) lb      a1, -4(a4)
core   0: 3 0x8000b306 (0xffc70583) x11 0xffffffb2 mem 0x80020976
core   0: 0x8000b30a (0xfe570c03) lb      s8, -27(a4)
core   0: 3 0x8000b30a (0xfe570c03) x24 0xffffff81 mem 0x8002095f
core   0: 0x8000b30e (0x018999b3) sll     s3, s3, s8
core   0: 3 0x8000b30e (0x018999b3) x19 0x000004f0
core   0: 0x8000b312 (0xfe871583) lh      a1, -24(a4)
core   0: 3 0x8000b312 (0xfe871583) x11 0x000018c5 mem 0x80020962
core   0: 0x8000b316 (0x033989b3) mul     s3, s3, s3
core   0: 3 0x8000b316 (0x033989b3) x19 0x00186100
core   0: 0x8000b31a (0x038701a3) sb      s8, 35(a4)
core   0: 3 0x8000b31a (0x038701a3) mem 0x8002099d 0x81
core   0: 0x8000b31e (0x029c6833) rem     a6, s8, s1
core   0: 3 0x8000b31e (0x029c6833) x16 0xffffff81
core   0: 0x8000b322 (0x0ff0000f) fence   iorw,iorw
core   0: 3 0x8000b322 (0x0ff0000f)
core   0: 0x8000b326 (0x0ff0000f) fence   iorw,iorw
core   0: 3 0x8000b326 (0x0ff0000f)
core   0: 0x8000b32a (0x018709a3) sb      s8, 19(a4)
core   0: 3 0x8000b32a (0x018709a3) mem 0x8002098d 0x81
core   0: 0x8000b32e (0x034703a3) sb      s4, 39(a4)
core   0: 3 0x8000b32e (0x034703a3) mem 0x800209a1 0x43
core   0: 0x8000b332 (0x40a4dc13) srai    s8, s1, 10
core   0: 3 0x8000b332 (0x40a4dc13) x24 0x00000000
core   0: 0x8000b336 (0x0349e9b3) rem     s3, s3, s4
core   0: 3 0x8000b336 (0x0349e9b3) x19 0x0000000e
core   0: 0x8000b33a (0xfd874983) lbu     s3, -40(a4)
core   0: 3 0x8000b33a (0xfd874983) x19 0x000000bc mem 0x80020952
core   0: 0x8000b33e (0x340079f3) csrrci  s3, mscratch, 0
core   0: 3 0x8000b33e (0x340079f3) x19 0x00000278
core   0: 0x8000b342 (0x02974583) lbu     a1, 41(a4)
core   0: 3 0x8000b342 (0x02974583) x11 0x000000da mem 0x800209a3
core   0: 0x8000b346 (0x3404a873) csrrs   a6, mscratch, s1
core   0: 3 0x8000b346 (0x3404a873) x16 0x00000278 c832_mscratch 0x000002f8
core   0: 0x8000b34a (0x014c39b3) sltu    s3, s8, s4
core   0: 3 0x8000b34a (0x014c39b3) x19 0x00000001
core   0: 0x8000b34e (0x0335c9b3) div     s3, a1, s3
core   0: 3 0x8000b34e (0x0335c9b3) x19 0x000000da
core   0: 0x8000b352 (0x41448c33) sub     s8, s1, s4
core   0: 3 0x8000b352 (0x41448c33) x24 0x000000ad
core   0: 0x8000b356 (0xfdb74a03) lbu     s4, -37(a4)
core   0: 3 0x8000b356 (0xfdb74a03) x20 0x0000009a mem 0x80020955
core   0: 0x8000b35a (0x000064c9) c.lui   s1, 0x12
core   0: 3 0x8000b35a (0x64c9) x 9 0x00012000
core   0: 0x8000b35c (0x01e71583) lh      a1, 30(a4)
core   0: 3 0x8000b35c (0x01e71583) x11 0xffffdc2b mem 0x80020998
core   0: 0x8000b360 (0x02bc3a33) mulhu   s4, s8, a1
core   0: 3 0x8000b360 (0x02bc3a33) x20 0x000000ac
core   0: 0x8000b364 (0x010c6c33) or      s8, s8, a6
core   0: 3 0x8000b364 (0x010c6c33) x24 0x000002fd
core   0: 0x8000b368 (0x02b71823) sh      a1, 48(a4)
core   0: 3 0x8000b368 (0x02b71823) mem 0x800209aa 0xdc2b
core   0: 0x8000b36c (0x00000001) c.nop
core   0: 3 0x8000b36c (0x0001)
core   0: 0x8000b36e (0x4719e493) ori     s1, s3, 1137
core   0: 3 0x8000b36e (0x4719e493) x 9 0x000004fb
core   0: 0x8000b372 (0x009701a3) sb      s1, 3(a4)
core   0: 3 0x8000b372 (0x009701a3) mem 0x8002097d 0xfb
core   0: 0x8000b376 (0xff671a03) lh      s4, -10(a4)
core   0: 3 0x8000b376 (0xff671a03) x20 0x00002df0 mem 0x80020970
core   0: 0x8000b37a (0x02d74983) lbu     s3, 45(a4)
core   0: 3 0x8000b37a (0x02d74983) x19 0x00000015 mem 0x800209a7
core   0: 0x8000b37e (0xff370023) sb      s3, -32(a4)
core   0: 3 0x8000b37e (0xff370023) mem 0x8002095a 0x15
core   0: 0x8000b382 (0xfca72483) lw      s1, -54(a4)
core   0: 3 0x8000b382 (0xfca72483) x 9 0xc4973b5d mem 0x80020944
core   0: 0x8000b386 (0x02970423) sb      s1, 40(a4)
core   0: 3 0x8000b386 (0x02970423) mem 0x800209a2 0x5d
core   0: 0x8000b38a (0x40b5d833) sra     a6, a1, a1
core   0: 3 0x8000b38a (0x40b5d833) x16 0xfffffffb
core   0: 0x8000b38e (0x34006873) csrrsi  a6, mscratch, 0
core   0: 3 0x8000b38e (0x34006873) x16 0x000002f8
core   0: 0x8000b392 (0x008a1593) slli    a1, s4, 8
core   0: 3 0x8000b392 (0x008a1593) x11 0x002df000
core   0: 0x8000b396 (0x5d84f993) andi    s3, s1, 1496
core   0: 3 0x8000b396 (0x5d84f993) x19 0x00000158
core   0: 0x8000b39a (0xff4709a3) sb      s4, -13(a4)
core   0: 3 0x8000b39a (0xff4709a3) mem 0x8002096d 0xf0
core   0: 0x8000b39e (0xfcf74803) lbu     a6, -49(a4)
core   0: 3 0x8000b39e (0xfcf74803) x16 0x00000056 mem 0x80020949
core   0: 0x8000b3a2 (0xff672483) lw      s1, -10(a4)
core   0: 3 0x8000b3a2 (0xff672483) x 9 0xd6d52df0 mem 0x80020970
core   0: 0x8000b3a6 (0x03071e23) sh      a6, 60(a4)
core   0: 3 0x8000b3a6 (0x03071e23) mem 0x800209b6 0x0056
core   0: 0x8000b3aa (0x00008117) auipc   sp, 0x8
core   0: 3 0x8000b3aa (0x00008117) x 2 0x800133aa
core   0: 0x8000b3ae (0x6d710113) addi    sp, sp, 1751
core   0: 3 0x8000b3ae (0x6d710113) x 2 0x80013a81
core   0: 0x8000b3b2 (0x0c414183) lbu     gp, 196(sp)
core   0: 3 0x8000b3b2 (0x0c414183) x 3 0x00000031 mem 0x80013b45
core   0: 0x8000b3b6 (0x038e5633) divu    a2, t3, s8
core   0: 3 0x8000b3b6 (0x038e5633) x12 0x00000000
core   0: 0x8000b3ba (0x0c414c83) lbu     s9, 196(sp)
core   0: 3 0x8000b3ba (0x0c414c83) x25 0x00000031 mem 0x80013b45
core   0: 0x8000b3be (0xfab10623) sb      a1, -84(sp)
core   0: 3 0x8000b3be (0xfab10623) mem 0x80013a2d 0x0
core   0: 0x8000b3c2 (0xf0410323) sb      tp, -250(sp)
core   0: 3 0x8000b3c2 (0xf0410323) mem 0x80013987 0x6
core   0: 0x8000b3c6 (0xfb814c83) lbu     s9, -72(sp)
core   0: 3 0x8000b3c6 (0xfb814c83) x25 0x0000005d mem 0x80013a39
core   0: 0x8000b3ca (0xfb814303) lbu     t1, -72(sp)
core   0: 3 0x8000b3ca (0xfb814303) x 6 0x0000005d mem 0x80013a39
core   0: 0x8000b3ce (0x34a31b97) auipc   s7, 0x34a31
core   0: 3 0x8000b3ce (0x34a31b97) x23 0xb4a3c3ce
core   0: 0x8000b3d2 (0x02115e03) lhu     t3, 33(sp)
core   0: 3 0x8000b3d2 (0x02115e03) x28 0x0000d3f2 mem 0x80013aa2
core   0: 0x8000b3d6 (0x02111c03) lh      s8, 33(sp)
core   0: 3 0x8000b3d6 (0x02111c03) x24 0xffffd3f2 mem 0x80013aa2
core   0: 0x8000b3da (0x08514a03) lbu     s4, 133(sp)
core   0: 3 0x8000b3da (0x08514a03) x20 0x00000001 mem 0x80013b06
core   0: 0x8000b3de (0x06d15a03) lhu     s4, 109(sp)
core   0: 3 0x8000b3de (0x06d15a03) x20 0x000081e8 mem 0x80013aee
core   0: 0x8000b3e2 (0x06d10903) lb      s2, 109(sp)
core   0: 3 0x8000b3e2 (0x06d10903) x18 0xffffffe8 mem 0x80013aee
core   0: 0x8000b3e6 (0x02df0533) mul     a0, t5, a3
core   0: 3 0x8000b3e6 (0x02df0533) x10 0x00059a48
core   0: 0x8000b3ea (0x06d11883) lh      a7, 109(sp)
core   0: 3 0x8000b3ea (0x06d11883) x17 0xffff81e8 mem 0x80013aee
core   0: 0x8000b3ee (0xfc814403) lbu     s0, -56(sp)
core   0: 3 0x8000b3ee (0xfc814403) x 8 0x00000020 mem 0x80013a49
core   0: 0x8000b3f2 (0xfdc10423) sb      t3, -56(sp)
core   0: 3 0x8000b3f2 (0xfdc10423) mem 0x80013a49 0xf2
core   0: 0x8000b3f6 (0xf4810123) sb      s0, -190(sp)
core   0: 3 0x8000b3f6 (0xf4810123) mem 0x800139c3 0x20
core   0: 0x8000b3fa (0xf6b121a3) sw      a1, -157(sp)
core   0: 3 0x8000b3fa (0xf6b121a3) mem 0x800139e4 0x002df000
core   0: 0x8000b3fe (0xf6d101a3) sb      a3, -157(sp)
core   0: 3 0x8000b3fe (0xf6d101a3) mem 0x800139e4 0x2
core   0: 0x8000b402 (0x00010f97) auipc   t6, 0x10
core   0: 3 0x8000b402 (0x00010f97) x31 0x8001b402
core   0: 0x8000b406 (0x3e3f8f93) addi    t6, t6, 995
core   0: 3 0x8000b406 (0x3e3f8f93) x31 0x8001b7e5
core   0: 0x8000b40a (0x033304b3) mul     s1, t1, s3
core   0: 3 0x8000b40a (0x033304b3) x 9 0x00007cf8
core   0: 0x8000b40e (0x00008f15) c.sub   a4, a3
core   0: 3 0x8000b40e (0x8f15) x14 0x80020978
core   0: 0x8000b410 (0x067f8423) sb      t2, 104(t6)
core   0: 3 0x8000b410 (0x067f8423) mem 0x8001b84d 0x6
core   0: 0x8000b414 (0xf2ef82a3) sb      a4, -219(t6)
core   0: 3 0x8000b414 (0xf2ef82a3) mem 0x8001b70a 0x78
core   0: 0x8000b418 (0x0eaf8d83) lb      s11, 234(t6)
core   0: 3 0x8000b418 (0x0eaf8d83) x27 0xffffffb0 mem 0x8001b8cf
core   0: 0x8000b41c (0x0000100f) fence.i
core   0: 3 0x8000b41c (0x0000100f)
core   0: 0x8000b420 (0x0a8f9ba3) sh      s0, 183(t6)
core   0: 3 0x8000b420 (0x0a8f9ba3) mem 0x8001b89c 0x0020
core   0: 0x8000b424 (0x0dafcd03) lbu     s10, 218(t6)
core   0: 3 0x8000b424 (0x0dafcd03) x26 0x000000ef mem 0x8001b8bf
core   0: 0x8000b428 (0xf04f8c03) lb      s8, -252(t6)
core   0: 3 0x8000b428 (0xf04f8c03) x24 0x00000009 mem 0x8001b6e9
core   0: 0x8000b42c (0xf93fa903) lw      s2, -109(t6)
core   0: 3 0x8000b42c (0xf93fa903) x18 0xfb6112b4 mem 0x8001b778
core   0: 0x8000b430 (0x000069d5) c.lui   s3, 0x15
core   0: 3 0x8000b430 (0x69d5) x19 0x00015000
core   0: 0x8000b432 (0x025cfa33) remu    s4, s9, t0
core   0: 3 0x8000b432 (0x025cfa33) x20 0x0000005d
core   0: 0x8000b436 (0x000007c6) c.slli  a5, 17
core   0: 3 0x8000b436 (0x07c6) x15 0xfff20000
core   0: 0x8000b438 (0x07af8403) lb      s0, 122(t6)
core   0: 3 0x8000b438 (0x07af8403) x 8 0xffffffff mem 0x8001b85f
core   0: 0x8000b43c (0x0000100f) fence.i
core   0: 3 0x8000b43c (0x0000100f)
core   0: 0x8000b440 (0xf5af8683) lb      a3, -166(t6)
core   0: 3 0x8000b440 (0xf5af8683) x13 0xffffffc0 mem 0x8001b73f
core   0: 0x8000b444 (0x0000567d) c.li    a2, -1
core   0: 3 0x8000b444 (0x567d) x12 0xffffffff
core   0: 0x8000b446 (0x00005b7d) c.li    s6, -1
core   0: 3 0x8000b446 (0x5b7d) x22 0xffffffff
core   0: 0x8000b448 (0x0aafc203) lbu     tp, 170(t6)
core   0: 3 0x8000b448 (0x0aafc203) x 4 0x00000016 mem 0x8001b88f
core   0: 0x8000b44c (0x02e4f933) remu    s2, s1, a4
core   0: 3 0x8000b44c (0x02e4f933) x18 0x00007cf8
core   0: 0x8000b450 (0x0f7f9203) lh      tp, 247(t6)
core   0: 3 0x8000b450 (0x0f7f9203) x 4 0x00002ce8 mem 0x8001b8dc
core   0: 0x8000b454 (0x00006619) c.lui   a2, 0x6
core   0: 3 0x8000b454 (0x6619) x12 0x00006000
core   0: 0x8000b456 (0x40e80c33) sub     s8, a6, a4
core   0: 3 0x8000b456 (0x40e80c33) x24 0x7ffdf6de
core   0: 0x8000b45a (0x02afafa3) sw      a0, 63(t6)
core   0: 3 0x8000b45a (0x02afafa3) mem 0x8001b824 0x00059a48
core   0: 0x8000b45e (0x00afce83) lbu     t4, 10(t6)
core   0: 3 0x8000b45e (0x00afce83) x29 0x00000047 mem 0x8001b7ef
core   0: 0x8000b462 (0xfa3fcb83) lbu     s7, -93(t6)
core   0: 3 0x8000b462 (0xfa3fcb83) x23 0x000000e7 mem 0x8001b788
core   0: 0x8000b466 (0x029bfd13) andi    s10, s7, 41
core   0: 3 0x8000b466 (0x029bfd13) x26 0x00000021
core   0: 0x8000b46a (0xf9afc703) lbu     a4, -102(t6)
core   0: 3 0x8000b46a (0xf9afc703) x14 0x00000040 mem 0x8001b77f
core   0: 0x8000b46e (0x0ff0000f) fence   iorw,iorw
core   0: 3 0x8000b46e (0x0ff0000f)
core   0: 0x8000b472 (0x00006605) c.lui   a2, 0x1
core   0: 3 0x8000b472 (0x6605) x12 0x00001000
core   0: 0x8000b474 (0xf29fcd83) lbu     s11, -215(t6)
core   0: 3 0x8000b474 (0xf29fcd83) x27 0x000000c4 mem 0x8001b70e
core   0: 0x8000b478 (0x01cf8583) lb      a1, 28(t6)
core   0: 3 0x8000b478 (0x01cf8583) x11 0xffffffa3 mem 0x8001b801
core   0: 0x8000b47c (0x012f8a23) sb      s2, 20(t6)
core   0: 3 0x8000b47c (0x012f8a23) mem 0x8001b7f9 0xf8
core   0: 0x8000b480 (0x00000771) c.addi  a4, 28
core   0: 3 0x8000b480 (0x0771) x14 0x0000005c
core   0: 0x8000b482 (0x0caf84a3) sb      a0, 201(t6)
core   0: 3 0x8000b482 (0x0caf84a3) mem 0x8001b8ae 0x48
core   0: 0x8000b486 (0x03c78233) mul     tp, a5, t3
core   0: 3 0x8000b486 (0x03c78233) x 4 0x68c40000
core   0: 0x8000b48a (0xfa5fc903) lbu     s2, -91(t6)
core   0: 3 0x8000b48a (0xfa5fc903) x18 0x000000f7 mem 0x8001b78a
core   0: 0x8000b48e (0xa0f93193) sltiu   gp, s2, -1521
core   0: 3 0x8000b48e (0xa0f93193) x 3 0x00000001
core   0: 0x8000b492 (0x0a6fcb03) lbu     s6, 166(t6)
core   0: 3 0x8000b492 (0x0a6fcb03) x22 0x00000022 mem 0x8001b88b
core   0: 0x8000b496 (0x0c5fca03) lbu     s4, 197(t6)
core   0: 3 0x8000b496 (0x0c5fca03) x20 0x000000b7 mem 0x8001b8aa
core   0: 0x8000b49a (0xf33d86b7) lui     a3, 0xf33d8
core   0: 3 0x8000b49a (0xf33d86b7) x13 0xf33d8000
core   0: 0x8000b49e (0xfeaf8203) lb      tp, -22(t6)
core   0: 3 0x8000b49e (0xfeaf8203) x 4 0xffffffc0 mem 0x8001b7cf
core   0: 0x8000b4a2 (0x40c9ddb3) sra     s11, s3, a2
core   0: 3 0x8000b4a2 (0x40c9ddb3) x27 0x00015000
core   0: 0x8000b4a6 (0xf7ef98a3) sh      t5, -143(t6)
core   0: 3 0x8000b4a6 (0xf7ef98a3) mem 0x8001b756 0xcd24
core   0: 0x8000b4aa (0xe7352a13) slti    s4, a0, -397
core   0: 3 0x8000b4aa (0xe7352a13) x20 0x00000000
core   0: 0x8000b4ae (0x03ca5133) divu    sp, s4, t3
core   0: 3 0x8000b4ae (0x03ca5133) x 2 0x00000000
core   0: 0x8000b4b2 (0xf9dfd983) lhu     s3, -99(t6)
core   0: 3 0x8000b4b2 (0xf9dfd983) x19 0x00000d95 mem 0x8001b782
core   0: 0x8000b4b6 (0x023fdc83) lhu     s9, 35(t6)
core   0: 3 0x8000b4b6 (0x023fdc83) x25 0x00002bba mem 0x8001b808
core   0: 0x8000b4ba (0x00019697) auipc   a3, 0x19
core   0: 3 0x8000b4ba (0x00019697) x13 0x800244ba
core   0: 0x8000b4be (0xbae68693) addi    a3, a3, -1106
core   0: 3 0x8000b4be (0xbae68693) x13 0x80024068
core   0: 0x8000b4c2 (0x736c8093) addi    ra, s9, 1846
core   0: 3 0x8000b4c2 (0x736c8093) x 1 0x000032f0
core   0: 0x8000b4c6 (0x013391b3) sll     gp, t2, s3
core   0: 3 0x8000b4c6 (0x013391b3) x 3 0x00c00000
core   0: 0x8000b4ca (0x00561a33) sll     s4, a2, t0
core   0: 3 0x8000b4ca (0x00561a33) x20 0x00000000
core   0: 0x8000b4ce (0x1206ad2f) lr.w    s10, (a3)
core   0: 3 0x8000b4ce (0x1206ad2f) x26 0x7f8247e6 mem 0x80024068
core   0: 0x8000b4d2 (0x4031da13) srai    s4, gp, 3
core   0: 3 0x8000b4d2 (0x4031da13) x20 0x00180000
core   0: 0x8000b4d6 (0x002617b3) sll     a5, a2, sp
core   0: 3 0x8000b4d6 (0x002617b3) x15 0x00001000
core   0: 0x8000b4da (0x00008d89) c.sub   a1, a0
core   0: 3 0x8000b4da (0x8d89) x11 0xfffa655b
core   0: 0x8000b4dc (0x1df6acaf) sc.w    s9, t6, (a3)
core   0: 3 0x8000b4dc (0x1df6acaf) x25 0x00000000 mem 0x80024068 0x8001b7e5
core   0: 0x8000b4e0 (0x00016497) auipc   s1, 0x16
core   0: 3 0x8000b4e0 (0x00016497) x 9 0x800214e0
core   0: 0x8000b4e4 (0xc6e48493) addi    s1, s1, -914
core   0: 3 0x8000b4e4 (0xc6e48493) x 9 0x8002114e
core   0: 0x8000b4e8 (0xa3acc693) xori    a3, s9, -1478
core   0: 3 0x8000b4e8 (0xa3acc693) x13 0xfffffa3a
core   0: 0x8000b4ec (0x0ff0000f) fence   iorw,iorw
core   0: 3 0x8000b4ec (0x0ff0000f)
core   0: 0x8000b4f0 (0xfdf48803) lb      a6, -33(s1)
core   0: 3 0x8000b4f0 (0xfdf48803) x16 0xffffff9f mem 0x8002112d
core   0: 0x8000b4f4 (0x003481a3) sb      gp, 3(s1)
core   0: 3 0x8000b4f4 (0x003481a3) mem 0x80021151 0x0
core   0: 0x8000b4f8 (0xa3fcc693) xori    a3, s9, -1473
core   0: 3 0x8000b4f8 (0xa3fcc693) x13 0xfffffa3f
core   0: 0x8000b4fc (0x400cd033) sra     zero, s9, zero
core   0: 3 0x8000b4fc (0x400cd033)
core   0: 0x8000b500 (0xf6448003) lb      zero, -156(s1)
core   0: 3 0x8000b500 (0xf6448003) mem 0x800210b2
core   0: 0x8000b504 (0x03519cb3) mulh    s9, gp, s5
core   0: 3 0x8000b504 (0x03519cb3) x25 0x00000000
core   0: 0x8000b508 (0x000086f1) c.srai  a3, 28
core   0: 3 0x8000b508 (0x86f1) x13 0xffffffff
core   0: 0x8000b50a (0x0201d033) divu    zero, gp, zero
core   0: 3 0x8000b50a (0x0201d033)
core   0: 0x8000b50e (0xff9484a3) sb      s9, -23(s1)
core   0: 3 0x8000b50e (0xff9484a3) mem 0x80021137 0x0
core   0: 0x8000b512 (0xf6d48c23) sb      a3, -136(s1)
core   0: 3 0x8000b512 (0xf6d48c23) mem 0x800210c6 0xff
core   0: 0x8000b516 (0x00000aad) c.addi  s5, 11
core   0: 3 0x8000b516 (0x0aad) x21 0x0000000f
core   0: 0x8000b518 (0x035681b3) mul     gp, a3, s5
core   0: 3 0x8000b518 (0x035681b3) x 3 0xfffffff1
core   0: 0x8000b51c (0x00008eb5) c.xor   a3, a3
core   0: 3 0x8000b51c (0x8eb5) x13 0x00000000
core   0: 0x8000b51e (0xf6349a23) sh      gp, -140(s1)
core   0: 3 0x8000b51e (0xf6349a23) mem 0x800210c2 0xfff1
core   0: 0x8000b522 (0x3c800693) li      a3, 968
core   0: 3 0x8000b522 (0x3c800693) x13 0x000003c8
core   0: 0x8000b526 (0x02dab033) mulhu   zero, s5, a3
core   0: 3 0x8000b526 (0x02dab033)
core   0: 0x8000b52a (0xf834a123) sw      gp, -126(s1)
core   0: 3 0x8000b52a (0xf834a123) mem 0x800210d0 0xfffffff1
core   0: 0x8000b52e (0xffa4a183) lw      gp, -6(s1)
core   0: 3 0x8000b52e (0xffa4a183) x 3 0x6fe78d1c mem 0x80021148
core   0: 0x8000b532 (0xfbf48003) lb      zero, -65(s1)
core   0: 3 0x8000b532 (0xfbf48003) mem 0x8002110d
core   0: 0x8000b536 (0x02dae6b3) rem     a3, s5, a3
core   0: 3 0x8000b536 (0x02dae6b3) x13 0x0000000f
core   0: 0x8000b53a (0xfc34a323) sw      gp, -58(s1)
core   0: 3 0x8000b53a (0xfc34a323) mem 0x80021114 0x6fe78d1c
core   0: 0x8000b53e (0x40f6d193) srai    gp, a3, 15
core   0: 3 0x8000b53e (0x40f6d193) x 3 0x00000000
core   0: 0x8000b542 (0x00008eb5) c.xor   a3, a3
core   0: 3 0x8000b542 (0x8eb5) x13 0x00000000
core   0: 0x8000b544 (0x0dd48683) lb      a3, 221(s1)
core   0: 3 0x8000b544 (0x0dd48683) x13 0x00000057 mem 0x8002122b
core   0: 0x8000b548 (0x0b94cc83) lbu     s9, 185(s1)
core   0: 3 0x8000b548 (0x0b94cc83) x25 0x000000e6 mem 0x80021207
core   0: 0x8000b54c (0x03005cb3) divu    s9, zero, a6
core   0: 3 0x8000b54c (0x03005cb3) x25 0x00000000
core   0: 0x8000b550 (0xf5748683) lb      a3, -169(s1)
core   0: 3 0x8000b550 (0xf5748683) x13 0x00000022 mem 0x800210a5
core   0: 0x8000b554 (0xf7f48c83) lb      s9, -129(s1)
core   0: 3 0x8000b554 (0xf7f48c83) x25 0xffffffff mem 0x800210cd
core   0: 0x8000b558 (0x0344da83) lhu     s5, 52(s1)
core   0: 3 0x8000b558 (0x0344da83) x21 0x00002925 mem 0x80021182
core   0: 0x8000b55c (0x0036c1b3) xor     gp, a3, gp
core   0: 3 0x8000b55c (0x0036c1b3) x 3 0x00000022
core   0: 0x8000b560 (0x0d04a123) sw      a6, 194(s1)
core   0: 3 0x8000b560 (0x0d04a123) mem 0x80021210 0xffffff9f
core   0: 0x8000b564 (0xf79480a3) sb      s9, -159(s1)
core   0: 3 0x8000b564 (0xf79480a3) mem 0x800210af 0xff
core   0: 0x8000b568 (0x00008d17) auipc   s10, 0x8
core   0: 3 0x8000b568 (0x00008d17) x26 0x80013568
core   0: 0x8000b56c (0x251d0d13) addi    s10, s10, 593
core   0: 3 0x8000b56c (0x251d0d13) x26 0x800137b9
core   0: 0x8000b570 (0x00012417) auipc   s0, 0x12
core   0: 3 0x8000b570 (0x00012417) x 8 0x8001d570
core   0: 0x8000b574 (0xc2340413) addi    s0, s0, -989
core   0: 3 0x8000b574 (0xc2340413) x 8 0x8001d193
core   0: 0x8000b578 (0x03740123) sb      s7, 34(s0)
core   0: 3 0x8000b578 (0x03740123) mem 0x8001d1b5 0xe7
core   0: 0x8000b57c (0x2f7d0883) lb      a7, 759(s10)
core   0: 3 0x8000b57c (0x2f7d0883) x17 0x00000043 mem 0x80013ab0
core   0: 0x8000b580 (0xf2244c03) lbu     s8, -222(s0)
core   0: 3 0x8000b580 (0xf2244c03) x24 0x000000d3 mem 0x8001d0b5
core   0: 0x8000b584 (0x179d0903) lb      s2, 377(s10)
core   0: 3 0x8000b584 (0x179d0903) x18 0x0000002c mem 0x80013932
core   0: 0x8000b588 (0xb75d4203) lbu     tp, -1163(s10)
core   0: 3 0x8000b588 (0xb75d4203) x 4 0x00000048 mem 0x8001332e
core   0: 0x8000b58c (0xfd740f83) lb      t6, -41(s0)
core   0: 3 0x8000b58c (0xfd740f83) x31 0x0000002a mem 0x8001d16a
core   0: 0x8000b590 (0x6a3d0423) sb      gp, 1704(s10)
core   0: 3 0x8000b590 (0x6a3d0423) mem 0x80013e61 0x22
core   0: 0x8000b594 (0x5b6d06a3) sb      s6, 1453(s10)
core   0: 3 0x8000b594 (0x5b6d06a3) mem 0x80013d66 0x22
core   0: 0x8000b598 (0xd3fd29a3) sw      t6, -717(s10)
core   0: 3 0x8000b598 (0xd3fd29a3) mem 0x800134ec 0x0000002a
core   0: 0x8000b59c (0x0fc44b83) lbu     s7, 252(s0)
core   0: 3 0x8000b59c (0x0fc44b83) x23 0x000000e7 mem 0x8001d28f
core   0: 0x8000b5a0 (0x09e44103) lbu     sp, 158(s0)
core   0: 3 0x8000b5a0 (0x09e44103) x 2 0x00000001 mem 0x8001d231
core   0: 0x8000b5a4 (0xf0544603) lbu     a2, -251(s0)
core   0: 3 0x8000b5a4 (0xf0544603) x12 0x00000073 mem 0x8001d098
core   0: 0x8000b5a8 (0xfafd0883) lb      a7, -81(s10)
core   0: 3 0x8000b5a8 (0xfafd0883) x17 0xffffffa4 mem 0x80013768
core   0: 0x8000b5ac (0x144d25a3) sw      tp, 331(s10)
core   0: 3 0x8000b5ac (0x144d25a3) mem 0x80013904 0x00000048
core   0: 0x8000b5b0 (0xf2c40183) lb      gp, -212(s0)
core   0: 3 0x8000b5b0 (0xf2c40183) x 3 0xffffffc1 mem 0x8001d0bf
core   0: 0x8000b5b4 (0x00019117) auipc   sp, 0x19
core   0: 3 0x8000b5b4 (0x00019117) x 2 0x800245b4
core   0: 0x8000b5b8 (0xaa410113) addi    sp, sp, -1372
core   0: 3 0x8000b5b8 (0xaa410113) x 2 0x80024058
core   0: 0x8000b5bc (0x00019717) auipc   a4, 0x19
core   0: 3 0x8000b5bc (0x00019717) x14 0x800245bc
core   0: 0x8000b5c0 (0xa9070713) addi    a4, a4, -1392
core   0: 3 0x8000b5c0 (0xa9070713) x14 0x8002404c
core   0: 0x8000b5c4 (0x0581292f) amoadd.w s2, s8, (sp)
core   0: 3 0x8000b5c4 (0x0581292f) x18 0x0004405b mem 0x80024058 mem 0x80024058 0x0004412e
core   0: 0x8000b5c8 (0x34001ff3) csrrw   t6, mscratch, zero
core   0: 3 0x8000b5c8 (0x34001ff3) x31 0x000002f8 c832_mscratch 0x00000000
core   0: 0x8000b5cc (0x0394db33) divu    s6, s1, s9
core   0: 3 0x8000b5cc (0x0394db33) x22 0x00000000
core   0: 0x8000b5d0 (0x008727af) amoadd.w a5, s0, (a4)
core   0: 3 0x8000b5d0 (0x008727af) x15 0x000000cf mem 0x8002404c mem 0x8002404c 0x8001d262
core   0: 0x8000b5d4 (0xe5472aaf) amomaxu.w s5, s4, (a4)
core   0: 3 0x8000b5d4 (0xe5472aaf) x21 0x8001d262 mem 0x8002404c mem 0x8002404c 0x8001d262
core   0: 0x8000b5d8 (0x00019497) auipc   s1, 0x19
core   0: 3 0x8000b5d8 (0x00019497) x 9 0x800245d8
core   0: 0x8000b5dc (0xaa848493) addi    s1, s1, -1368
core   0: 3 0x8000b5dc (0xaa848493) x 9 0x80024080
core   0: 0x8000b5e0 (0x00008fd9) c.or    a5, a4
core   0: 3 0x8000b5e0 (0x8fd9) x15 0x800240cf
core   0: 0x8000b5e2 (0x01ca70b3) and     ra, s4, t3
core   0: 3 0x8000b5e2 (0x01ca70b3) x 1 0x00000000
core   0: 0x8000b5e6 (0x1004a7af) lr.w    a5, (s1)
core   0: 3 0x8000b5e6 (0x1004a7af) x15 0x0000001b mem 0x80024080
core   0: 0x8000b5ea (0x000086a5) c.srai  a3, 9
core   0: 3 0x8000b5ea (0x86a5) x13 0x00000000
core   0: 0x8000b5ec (0x797057b7) lui     a5, 0x79705
core   0: 3 0x8000b5ec (0x797057b7) x15 0x79705000
core   0: 0x8000b5f0 (0x1ac4acaf) sc.w    s9, a2, (s1)
core   0: 3 0x8000b5f0 (0x1ac4acaf) x25 0x00000000 mem 0x80024080 0x00000073
core   0: 0x8000b5f4 (0x00019e17) auipc   t3, 0x19
core   0: 3 0x8000b5f4 (0x00019e17) x28 0x800245f4
core   0: 0x8000b5f8 (0xa90e0e13) addi    t3, t3, -1392
core   0: 3 0x8000b5f8 (0xa90e0e13) x28 0x80024084
core   0: 0x8000b5fc (0x404c5093) srai    ra, s8, 4
core   0: 3 0x8000b5fc (0x404c5093) x 1 0x0000000d
core   0: 0x8000b600 (0x40750033) sub     zero, a0, t2
core   0: 3 0x8000b600 (0x40750033)
core   0: 0x8000b604 (0xbe03f193) andi    gp, t2, -1056
core   0: 3 0x8000b604 (0xbe03f193) x 3 0x00000000
core   0: 0x8000b608 (0x02abfa33) remu    s4, s7, a0
core   0: 3 0x8000b608 (0x02abfa33) x20 0x000000e7
core   0: 0x8000b60c (0x00e1d6b3) srl     a3, gp, a4
core   0: 3 0x8000b60c (0x00e1d6b3) x13 0x00000000
core   0: 0x8000b610 (0x18994b13) xori    s6, s2, 393
core   0: 3 0x8000b610 (0x18994b13) x22 0x000441d2
core   0: 0x8000b614 (0x6cfa0093) addi    ra, s4, 1743
core   0: 3 0x8000b614 (0x6cfa0093) x 1 0x000007b6
core   0: 0x8000b618 (0x34071573) csrrw   a0, mscratch, a4
core   0: 3 0x8000b618 (0x34071573) x10 0x00000000 c832_mscratch 0x8002404c
core   0: 0x8000b61c (0x34076ff3) csrrsi  t6, mscratch, 14
core   0: 3 0x8000b61c (0x34076ff3) x31 0x8002404c c832_mscratch 0x8002404e
core   0: 0x8000b620 (0x03351eb3) mulh    t4, a0, s3
core   0: 3 0x8000b620 (0x03351eb3) x29 0x00000000
core   0: 0x8000b624 (0x5f722693) slti    a3, tp, 1527
core   0: 3 0x8000b624 (0x5f722693) x13 0x00000001
core   0: 0x8000b628 (0x00005c7d) c.li    s8, -1
core   0: 3 0x8000b628 (0x5c7d) x24 0xffffffff
core   0: 0x8000b62a (0x00006de1) c.lui   s11, 0x18
core   0: 3 0x8000b62a (0x6de1) x27 0x00018000
core   0: 0x8000b62c (0x100e2a2f) lr.w    s4, (t3)
core   0: 3 0x8000b62c (0x100e2a2f) x20 0x80028c24 mem 0x80024084
core   0: 0x8000b630 (0x00ad26b3) slt     a3, s10, a0
core   0: 3 0x8000b630 (0x00ad26b3) x13 0x00000001
core   0: 0x8000b634 (0x033706b3) mul     a3, a4, s3
core   0: 3 0x8000b634 (0x033706b3) x13 0x9e93483c
core   0: 0x8000b638 (0x1a9e282f) sc.w    a6, s1, (t3)
core   0: 3 0x8000b638 (0x1a9e282f) x16 0x00000000 mem 0x80024084 0x80024080
core   0: 0x8000b63c (0x00009117) auipc   sp, 0x9
core   0: 3 0x8000b63c (0x00009117) x 2 0x8001463c
core   0: 0x8000b640 (0x89810113) addi    sp, sp, -1896
core   0: 3 0x8000b640 (0x89810113) x 2 0x80013ed4
core   0: 0x8000b644 (0x00e107a3) sb      a4, 15(sp)
core   0: 3 0x8000b644 (0x00e107a3) mem 0x80013ee3 0x4c
core   0: 0x8000b648 (0x00008829) c.andi  s0, 10
core   0: 3 0x8000b648 (0x8829) x 8 0x00000002
core   0: 0x8000b64a (0x41268b33) sub     s6, a3, s2
core   0: 3 0x8000b64a (0x41268b33) x22 0x9e8f07e1
core   0: 0x8000b64e (0xf9610fa3) sb      s6, -97(sp)
core   0: 3 0x8000b64e (0xf9610fa3) mem 0x80013e73 0xe1
core   0: 0x8000b652 (0x08411e03) lh      t3, 132(sp)
core   0: 3 0x8000b652 (0x08411e03) x28 0x00000732 mem 0x80013f58
core   0: 0x8000b656 (0x01dbdcb3) srl     s9, s7, t4
core   0: 3 0x8000b656 (0x01dbdcb3) x25 0x000000e7
core   0: 0x8000b65a (0xbf9bcb93) xori    s7, s7, -1031
core   0: 3 0x8000b65a (0xbf9bcb93) x23 0xfffffb1e
core   0: 0x8000b65e (0x03528ab3) mul     s5, t0, s5
core   0: 3 0x8000b65e (0x03528ab3) x21 0xa849b068
core   0: 0x8000b662 (0xf8610f23) sb      t1, -98(sp)
core   0: 3 0x8000b662 (0xf8610f23) mem 0x80013e72 0x5d
core   0: 0x8000b666 (0x019f91b3) sll     gp, t6, s9
core   0: 3 0x8000b666 (0x019f91b3) x 3 0x01202600
core   0: 0x8000b66a (0xff914583) lbu     a1, -7(sp)
core   0: 3 0x8000b66a (0xff914583) x11 0x000000c1 mem 0x80013ecd
core   0: 0x8000b66e (0xfd011183) lh      gp, -48(sp)
core   0: 3 0x8000b66e (0xfd011183) x 3 0xffffe7f2 mem 0x80013ea4
core   0: 0x8000b672 (0x0e211803) lh      a6, 226(sp)
core   0: 3 0x8000b672 (0x0e211803) x16 0x0000251a mem 0x80013fb6
core   0: 0x8000b676 (0x00b28c33) add     s8, t0, a1
core   0: 3 0x8000b676 (0x00b28c33) x24 0x80028f35
core   0: 0x8000b67a (0x01ea9033) sll     zero, s5, t5
core   0: 3 0x8000b67a (0x01ea9033)
core   0: 0x8000b67e (0xfe010ba3) sb      zero, -9(sp)
core   0: 3 0x8000b67e (0xfe010ba3) mem 0x80013ecb 0x0
core   0: 0x8000b682 (0xf8d10ca3) sb      a3, -103(sp)
core   0: 3 0x8000b682 (0xf8d10ca3) mem 0x80013e6d 0x3c
core   0: 0x8000b686 (0x40395c33) sra     s8, s2, gp
core   0: 3 0x8000b686 (0x40395c33) x24 0x00000001
core   0: 0x8000b68a (0x340f6b73) csrrsi  s6, mscratch, 30
core   0: 3 0x8000b68a (0x340f6b73) x22 0x8002404e c832_mscratch 0x8002405e
core   0: 0x8000b68e (0xfac14503) lbu     a0, -84(sp)
core   0: 3 0x8000b68e (0xfac14503) x10 0x00000090 mem 0x80013e80
core   0: 0x8000b692 (0x02459db3) mulh    s11, a1, tp
core   0: 3 0x8000b692 (0x02459db3) x27 0x00000000
core   0: 0x8000b696 (0x0c95a593) slti    a1, a1, 201
core   0: 3 0x8000b696 (0x0c95a593) x11 0x00000001
core   0: 0x8000b69a (0x006103a3) sb      t1, 7(sp)
core   0: 3 0x8000b69a (0x006103a3) mem 0x80013edb 0x5d
core   0: 0x8000b69e (0x0aa14683) lbu     a3, 170(sp)
core   0: 3 0x8000b69e (0x0aa14683) x13 0x000000d4 mem 0x80013f7e
core   0: 0x8000b6a2 (0x408087b3) sub     a5, ra, s0
core   0: 3 0x8000b6a2 (0x408087b3) x15 0x000007b4
core   0: 0x8000b6a6 (0x04611f23) sh      t1, 94(sp)
core   0: 3 0x8000b6a6 (0x04611f23) mem 0x80013f32 0x005d
core   0: 0x8000b6aa (0xf4c14503) lbu     a0, -180(sp)
core   0: 3 0x8000b6aa (0xf4c14503) x10 0x00000098 mem 0x80013e20
core   0: 0x8000b6ae (0xfdb106a3) sb      s11, -51(sp)
core   0: 3 0x8000b6ae (0xfdb106a3) mem 0x80013ea1 0x0
core   0: 0x8000b6b2 (0x41605f93) srai    t6, zero, 22
core   0: 3 0x8000b6b2 (0x41605f93) x31 0x00000000
core   0: 0x8000b6b6 (0xf1d10a03) lb      s4, -227(sp)
core   0: 3 0x8000b6b6 (0xf1d10a03) x20 0x0000007e mem 0x80013df1
core   0: 0x8000b6ba (0x00008752) c.mv    a4, s4
core   0: 3 0x8000b6ba (0x8752) x14 0x0000007e
core   0: 0x8000b6bc (0x0fb14a03) lbu     s4, 251(sp)
core   0: 3 0x8000b6bc (0x0fb14a03) x20 0x00000000 mem 0x80013fcf
core   0: 0x8000b6c0 (0xf8610c83) lb      s9, -122(sp)
core   0: 3 0x8000b6c0 (0xf8610c83) x25 0x0000000f mem 0x80013e5a
core   0: 0x8000b6c4 (0xfc312223) sw      gp, -60(sp)
core   0: 3 0x8000b6c4 (0xfc312223) mem 0x80013e98 0xffffe7f2
core   0: 0x8000b6c8 (0x03273ab3) mulhu   s5, a4, s2
core   0: 3 0x8000b6c8 (0x03273ab3) x21 0x00000000
core   0: 0x8000b6cc (0xc4d3e893) ori     a7, t2, -947
core   0: 3 0x8000b6cc (0xc4d3e893) x17 0xfffffc4f
core   0: 0x8000b6d0 (0x003100a3) sb      gp, 1(sp)
core   0: 3 0x8000b6d0 (0x003100a3) mem 0x80013ed5 0xf2
core   0: 0x8000b6d4 (0xf7615c83) lhu     s9, -138(sp)
core   0: 3 0x8000b6d4 (0xf7615c83) x25 0x000085e2 mem 0x80013e4a
core   0: 0x8000b6d8 (0x0c110783) lb      a5, 193(sp)
core   0: 3 0x8000b6d8 (0x0c110783) x15 0xffffffed mem 0x80013f95
core   0: 0x8000b6dc (0x00018197) auipc   gp, 0x18
core   0: 3 0x8000b6dc (0x00018197) x 3 0x800236dc
core   0: 0x8000b6e0 (0x3f618193) addi    gp, gp, 1014
core   0: 3 0x8000b6e0 (0x3f618193) x 3 0x80023ad2
core   0: 0x8000b6e4 (0x00918703) lb      a4, 9(gp)
core   0: 3 0x8000b6e4 (0x00918703) x14 0xffffffe1 mem 0x80023adb
core   0: 0x8000b6e8 (0x01b19523) sh      s11, 10(gp)
core   0: 3 0x8000b6e8 (0x01b19523) mem 0x80023adc 0x0000
core   0: 0x8000b6ec (0xff31c203) lbu     tp, -13(gp)
core   0: 3 0x8000b6ec (0xff31c203) x 4 0x000000e6 mem 0x80023ac5
core   0: 0x8000b6f0 (0x00008e97) auipc   t4, 0x8
core   0: 3 0x8000b6f0 (0x00008e97) x29 0x800136f0
core   0: 0x8000b6f4 (0x967e8e93) addi    t4, t4, -1689
core   0: 3 0x8000b6f4 (0x967e8e93) x29 0x80013057
core   0: 0x8000b6f8 (0x0ffe9983) lh      s3, 255(t4)
core   0: 3 0x8000b6f8 (0x0ffe9983) x19 0x00001bb2 mem 0x80013156
core   0: 0x8000b6fc (0x012ec583) lbu     a1, 18(t4)
core   0: 3 0x8000b6fc (0x012ec583) x11 0x00000044 mem 0x80013069
core   0: 0x8000b700 (0xffc19703) lh      a4, -4(gp)
core   0: 3 0x8000b700 (0xffc19703) x14 0x00003ec1 mem 0x80023ace
core   0: 0x8000b704 (0x026e8583) lb      a1, 38(t4)
core   0: 3 0x8000b704 (0x026e8583) x11 0x00000040 mem 0x8001307d
core   0: 0x8000b708 (0xff918003) lb      zero, -7(gp)
core   0: 3 0x8000b708 (0xff918003) mem 0x80023acb
core   0: 0x8000b70c (0x0d4e8b23) sb      s4, 214(t4)
core   0: 3 0x8000b70c (0x0d4e8b23) mem 0x8001312d 0x0
core   0: 0x8000b710 (0xff518583) lb      a1, -11(gp)
core   0: 3 0x8000b710 (0xff518583) x11 0xffffffc6 mem 0x80023ac7
core   0: 0x8000b714 (0xffb18a23) sb      s11, -12(gp)
core   0: 3 0x8000b714 (0xffb18a23) mem 0x80023ac6 0x0
core   0: 0x8000b718 (0x01a18023) sb      s10, 0(gp)
core   0: 3 0x8000b718 (0x01a18023) mem 0x80023ad2 0xb9
core   0: 0x8000b71c (0xfe918aa3) sb      s1, -11(gp)
core   0: 3 0x8000b71c (0xfe918aa3) mem 0x80023ac7 0x80
core   0: 0x8000b720 (0x00feaca3) sw      a5, 25(t4)
core   0: 3 0x8000b720 (0x00feaca3) mem 0x80013070 0xffffffed
core   0: 0x8000b724 (0x00019a97) auipc   s5, 0x19
core   0: 3 0x8000b724 (0x00019a97) x21 0x80024724
core   0: 0x8000b728 (0x960a8a93) addi    s5, s5, -1696
core   0: 3 0x8000b728 (0x960a8a93) x21 0x80024084
core   0: 0x8000b72c (0x00019b17) auipc   s6, 0x19
core   0: 3 0x8000b72c (0x00019b17) x22 0x8002472c
core   0: 0x8000b730 (0x954b0b13) addi    s6, s6, -1708
core   0: 3 0x8000b730 (0x954b0b13) x22 0x80024080
core   0: 0x8000b734 (0x00019b97) auipc   s7, 0x19
core   0: 3 0x8000b734 (0x00019b97) x23 0x80024734
core   0: 0x8000b738 (0x93cb8b93) addi    s7, s7, -1732
core   0: 3 0x8000b738 (0x93cb8b93) x23 0x80024070
core   0: 0x8000b73c (0x424bacaf) amoor.w s9, tp, (s7)
core   0: 3 0x8000b73c (0x424bacaf) x25 0x00044058 mem 0x80024070 mem 0x80024070 0x000440fe
core   0: 0x8000b740 (0x023ca9b3) mulhsu  s3, s9, gp
core   0: 3 0x8000b740 (0x023ca9b3) x19 0x00022035
core   0: 0x8000b744 (0xd0fba613) slti    a2, s7, -753
core   0: 3 0x8000b744 (0xd0fba613) x12 0x00000001
core   0: 0x8000b748 (0x34007573) csrrci  a0, mscratch, 0
core   0: 3 0x8000b748 (0x34007573) x10 0x8002405e
core   0: 0x8000b74c (0xe22b292f) amomaxu.w s2, sp, (s6)
core   0: 3 0x8000b74c (0xe22b292f) x18 0x00000073 mem 0x80024080 mem 0x80024080 0x80013ed4
core   0: 0x8000b750 (0x85bba7af) amomin.w a5, s11, (s7)
core   0: 3 0x8000b750 (0x85bba7af) x15 0x000440fe mem 0x80024070 mem 0x80024070 0x00000000
core   0: 0x8000b754 (0x243aa8af) amoxor.w a7, gp, (s5)
core   0: 3 0x8000b754 (0x243aa8af) x17 0x80024080 mem 0x80024084 mem 0x80024084 0x00007a52
core   0: 0x8000b758 (0x0210d0b3) divu    ra, ra, ra
core   0: 3 0x8000b758 (0x0210d0b3) x 1 0x00000001
core   0: 0x8000b75c (0x00000b88) c.addi4spn a0, sp, 464
core   0: 3 0x8000b75c (0x0b88) x10 0x800140a4
core   0: 0x8000b75e (0xe2ab28af) amomaxu.w a7, a0, (s6)
core   0: 3 0x8000b75e (0xe2ab28af) x17 0x80013ed4 mem 0x80024080 mem 0x80024080 0x800140a4
core   0: 0x8000b762 (0x00008e41) c.or    a2, s0
core   0: 3 0x8000b762 (0x8e41) x12 0x00000003
core   0: 0x8000b764 (0x00a7f933) and     s2, a5, a0
core   0: 3 0x8000b764 (0x00a7f933) x18 0x000040a4
core   0: 0x8000b768 (0xa47ba6af) amomax.w a3, t2, (s7)
core   0: 3 0x8000b768 (0xa47ba6af) x13 0x00000000 mem 0x80024070 mem 0x80024070 0x00000006
core   0: 0x8000b76c (0x847b28af) amomin.w a7, t2, (s6)
core   0: 3 0x8000b76c (0x847b28af) x17 0x800140a4 mem 0x80024080 mem 0x80024080 0x800140a4
core   0: 0x8000b770 (0x01b97233) and     tp, s2, s11
core   0: 3 0x8000b770 (0x01b97233) x 4 0x00000000
core   0: 0x8000b774 (0x205b2a2f) amoxor.w s4, t0, (s6)
core   0: 3 0x8000b774 (0x205b2a2f) x20 0x800140a4 mem 0x80024080 mem 0x80024080 0x0003ced0
core   0: 0x8000b778 (0x0100066f) jal     a2, pc + 0x10
core   0: 3 0x8000b778 (0x0100066f) x12 0x8000b77c
core   0: 0x8000b788 (0x0000a019) c.j     pc + 6
core   0: 3 0x8000b788 (0xa019)
core   0: 0x8000b78e (0x0000b7fd) c.j     pc - 18
core   0: 3 0x8000b78e (0xb7fd)
core   0: 0x8000b77c (0x00002801) c.jal   pc + 16
core   0: 3 0x8000b77c (0x2801) x 1 0x8000b77e
core   0: 0x8000b78c (0x0000bfed) c.j     pc - 6
core   0: 3 0x8000b78c (0xbfed)
core   0: 0x8000b786 (0x00003ff5) c.jal   pc - 4
core   0: 3 0x8000b786 (0x3ff5) x 1 0x8000b788
core   0: 0x8000b782 (0x0000a039) c.j     pc + 14
core   0: 3 0x8000b782 (0xa039)
core   0: 0x8000b790 (0x000037fd) c.jal   pc - 18
core   0: 3 0x8000b790 (0x37fd) x 1 0x8000b792
core   0: 0x8000b77e (0x00c001ef) jal     gp, pc + 0xc
core   0: 3 0x8000b77e (0x00c001ef) x 3 0x8000b782
core   0: 0x8000b78a (0x0000bfed) c.j     pc - 6
core   0: 3 0x8000b78a (0xbfed)
core   0: 0x8000b784 (0x0000a801) c.j     pc + 16
core   0: 3 0x8000b784 (0xa801)
core   0: 0x8000b794 (0x0000a009) c.j     pc + 2
core   0: 3 0x8000b794 (0xa009)
core   0: 0x8000b796 (0x00003ff5) c.jal   pc - 4
core   0: 3 0x8000b796 (0x3ff5) x 1 0x8000b798
core   0: 0x8000b792 (0x00002019) c.jal   pc + 6
core   0: 3 0x8000b792 (0x2019) x 1 0x8000b794
core   0: 0x8000b798 (0x00221d13) slli    s10, tp, 2
core   0: 3 0x8000b798 (0x00221d13) x26 0x00000000
core   0: 0x8000b79c (0x00019d17) auipc   s10, 0x19
core   0: 3 0x8000b79c (0x00019d17) x26 0x8002479c
core   0: 0x8000b7a0 (0x8c8d0d13) addi    s10, s10, -1848
core   0: 3 0x8000b7a0 (0x8c8d0d13) x26 0x80024064
core   0: 0x8000b7a4 (0x012ade13) srli    t3, s5, 18
core   0: 3 0x8000b7a4 (0x012ade13) x28 0x00002000
core   0: 0x8000b7a8 (0x40df54b3) sra     s1, t5, a3
core   0: 3 0x8000b7a8 (0x40df54b3) x 9 0x8002cd24
core   0: 0x8000b7ac (0x00ea8eb3) add     t4, s5, a4
core   0: 3 0x8000b7ac (0x00ea8eb3) x29 0x80027f45
core   0: 0x8000b7b0 (0x0093d213) srli    tp, t2, 9
core   0: 3 0x8000b7b0 (0x0093d213) x 4 0x00000000
core   0: 0x8000b7b4 (0x3401ddf3) csrrwi  s11, mscratch, 3
core   0: 3 0x8000b7b4 (0x3401ddf3) x27 0x8002405e c832_mscratch 0x00000003
core   0: 0x8000b7b8 (0x01050133) add     sp, a0, a6
core   0: 3 0x8000b7b8 (0x01050133) x 2 0x800165be
core   0: 0x8000b7bc (0x028af733) remu    a4, s5, s0
core   0: 3 0x8000b7bc (0x028af733) x14 0x00000000
core   0: 0x8000b7c0 (0x140d28af) lr.w    a7, (s10)
core   0: 3 0x8000b7c0 (0x140d28af) x17 0x00000004 mem 0x80024064
core   0: 0x8000b7c4 (0x190d26af) sc.w    a3, a6, (s10)
core   0: 3 0x8000b7c4 (0x190d26af) x13 0x00000000 mem 0x80024064 0x0000251a
core   0: 0x8000b7c8 (0x00008117) auipc   sp, 0x8
core   0: 3 0x8000b7c8 (0x00008117) x 2 0x800137c8
core   0: 0x8000b7cc (0x7dc10113) addi    sp, sp, 2012
core   0: 3 0x8000b7cc (0x7dc10113) x 2 0x80013fa4
core   0: 0x8000b7d0 (0x00910303) lb      t1, 9(sp)
core   0: 3 0x8000b7d0 (0x00910303) x 6 0x00000058 mem 0x80013fad
core   0: 0x8000b7d4 (0x000094a2) c.add   s1, s0
core   0: 3 0x8000b7d4 (0x94a2) x 9 0x8002cd26
core   0: 0x8000b7d6 (0x00910d83) lb      s11, 9(sp)
core   0: 3 0x8000b7d6 (0x00910d83) x27 0x00000058 mem 0x80013fad
core   0: 0x8000b7da (0xfe3108a3) sb      gp, -15(sp)
core   0: 3 0x8000b7da (0xfe3108a3) mem 0x80013f95 0x82
core   0: 0x8000b7de (0x00e11523) sh      a4, 10(sp)
core   0: 3 0x8000b7de (0x00e11523) mem 0x80013fae 0x0000
core   0: 0x8000b7e2 (0x01bcad33) slt     s10, s9, s11
core   0: 3 0x8000b7e2 (0x01bcad33) x26 0x00000000
core   0: 0x8000b7e6 (0x00004c12) c.lwsp  s8, 4(sp)
core   0: 3 0x8000b7e6 (0x4c12) x24 0xcc4c26e3 mem 0x80013fa8
core   0: 0x8000b7e8 (0x01ca2a33) slt     s4, s4, t3
core   0: 3 0x8000b7e8 (0x01ca2a33) x20 0x00000001
core   0: 0x8000b7ec (0xff812d03) lw      s10, -8(sp)
core   0: 3 0x8000b7ec (0xff812d03) x26 0x9e8804a9 mem 0x80013f9c
core   0: 0x8000b7f0 (0xff010ba3) sb      a6, -9(sp)
core   0: 3 0x8000b7f0 (0xff010ba3) mem 0x80013f9b 0x1a
core   0: 0x8000b7f4 (0x00000001) c.nop
core   0: 3 0x8000b7f4 (0x0001)
core   0: 0x8000b7f6 (0xb209f217) auipc   tp, 0xb209f
core   0: 3 0x8000b7f6 (0xb209f217) x 4 0x320aa7f6
core   0: 0x8000b7fa (0x832ef313) andi    t1, t4, -1998
core   0: 3 0x8000b7fa (0x832ef313) x 6 0x80027800
core   0: 0x8000b7fe (0x00b14c03) lbu     s8, 11(sp)
core   0: 3 0x8000b7fe (0x00b14c03) x24 0x00000000 mem 0x80013faf
core   0: 0x8000b802 (0x0128de13) srli    t3, a7, 18
core   0: 3 0x8000b802 (0x0128de13) x28 0x00000000
core   0: 0x8000b806 (0x34005d73) csrrwi  s10, mscratch, 0
core   0: 3 0x8000b806 (0x34005d73) x26 0x00000003 c832_mscratch 0x00000000
core   0: 0x8000b80a (0x00214c03) lbu     s8, 2(sp)
core   0: 3 0x8000b80a (0x00214c03) x24 0x000000aa mem 0x80013fa6
core   0: 0x8000b80e (0xe99ff493) andi    s1, t6, -359
core   0: 3 0x8000b80e (0xe99ff493) x 9 0x00000000
core   0: 0x8000b812 (0x0000c62e) c.swsp  a1, 12(sp)
core   0: 3 0x8000b812 (0xc62e) mem 0x80013fb0 0xffffffc6
core   0: 0x8000b814 (0xfe512823) sw      t0, -16(sp)
core   0: 3 0x8000b814 (0xfe512823) mem 0x80013f94 0x80028e74
core   0: 0x8000b818 (0xff710b83) lb      s7, -9(sp)
core   0: 3 0x8000b818 (0xff710b83) x23 0x0000001a mem 0x80013f9b
core   0: 0x8000b81c (0xfff14403) lbu     s0, -1(sp)
core   0: 3 0x8000b81c (0xfff14403) x 8 0x0000001b mem 0x80013fa3
core   0: 0x8000b820 (0xff611183) lh      gp, -10(sp)
core   0: 3 0x8000b820 (0xff611183) x 3 0x00001a1f mem 0x80013f9a
core   0: 0x8000b824 (0xff411203) lh      tp, -12(sp)
core   0: 3 0x8000b824 (0xff411203) x 4 0x0000627b mem 0x80013f98
core   0: 0x8000b828 (0x00610a03) lb      s4, 6(sp)
core   0: 3 0x8000b828 (0x00610a03) x20 0x0000004c mem 0x80013faa
core   0: 0x8000b82c (0xff810783) lb      a5, -8(sp)
core   0: 3 0x8000b82c (0xff810783) x15 0xffffffa9 mem 0x80013f9c
core   0: 0x8000b830 (0xffd10d03) lb      s10, -3(sp)
core   0: 3 0x8000b830 (0xffd10d03) x26 0x00000006 mem 0x80013fa1
core   0: 0x8000b834 (0x340da873) csrrs   a6, mscratch, s11
core   0: 3 0x8000b834 (0x340da873) x16 0x00000000 c832_mscratch 0x00000058
core   0: 0x8000b838 (0xff214703) lbu     a4, -14(sp)
core   0: 3 0x8000b838 (0xff214703) x14 0x00000002 mem 0x80013f96
core   0: 0x8000b83c (0x000065d1) c.lui   a1, 0x14
core   0: 3 0x8000b83c (0x65d1) x11 0x00014000
core   0: 0x8000b83e (0x0000c872) c.swsp  t3, 16(sp)
core   0: 3 0x8000b83e (0xc872) mem 0x80013fb4 0x00000000
core   0: 0x8000b840 (0xff110803) lb      a6, -15(sp)
core   0: 3 0x8000b840 (0xff110803) x16 0xffffff8e mem 0x80013f95
core   0: 0x8000b844 (0x00005ffd) c.li    t6, -1
core   0: 3 0x8000b844 (0x5ffd) x31 0xffffffff
core   0: 0x8000b846 (0xff114c83) lbu     s9, -15(sp)
core   0: 3 0x8000b846 (0xff114c83) x25 0x0000008e mem 0x80013f95
core   0: 0x8000b84a (0x00d10083) lb      ra, 13(sp)
core   0: 3 0x8000b84a (0x00d10083) x 1 0xffffffff mem 0x80013fb1
core   0: 0x8000b84e (0x00019a97) auipc   s5, 0x19
core   0: 3 0x8000b84e (0x00019a97) x21 0x8002484e
core   0: 0x8000b852 (0x812a8a93) addi    s5, s5, -2030
core   0: 3 0x8000b852 (0x812a8a93) x21 0x80024060
core   0: 0x8000b856 (0x03b34933) div     s2, t1, s11
core   0: 3 0x8000b856 (0x03b34933) x18 0xfe8baa18
core   0: 0x8000b85a (0xfc560617) auipc   a2, 0xfc560
core   0: 3 0x8000b85a (0xfc560617) x12 0x7c56b85a
core   0: 0x8000b85e (0x120aad2f) lr.w    s10, (s5)
core   0: 3 0x8000b85e (0x120aad2f) x26 0xabc67248 mem 0x80024060
core   0: 0x8000b862 (0x34006ff3) csrrsi  t6, mscratch, 0
core   0: 3 0x8000b862 (0x34006ff3) x31 0x00000058
core   0: 0x8000b866 (0x1d0aa0af) sc.w    ra, a6, (s5)
core   0: 3 0x8000b866 (0x1d0aa0af) x 1 0x00000000 mem 0x80024060 0xffffff8e
core   0: 0x8000b86a (0x000057f1) c.li    a5, -4
core   0: 3 0x8000b86a (0x57f1) x15 0xfffffffc
core   0: 0x8000b86c (0x03a01e33) mulh    t3, zero, s10
core   0: 3 0x8000b86c (0x03a01e33) x28 0x00000000
core   0: 0x8000b870 (0x000044a9) c.li    s1, 10
core   0: 3 0x8000b870 (0x44a9) x 9 0x0000000a
core   0: 0x8000b872 (0x01993a33) sltu    s4, s2, s9
core   0: 3 0x8000b872 (0x01993a33) x20 0x00000000
core   0: 0x8000b876 (0x00008c59) c.or    s0, a4
core   0: 3 0x8000b876 (0x8c59) x 8 0x0000001b
core   0: 0x8000b878 (0x00006b15) c.lui   s6, 0x5
core   0: 3 0x8000b878 (0x6b15) x22 0x00005000
core   0: 0x8000b87a (0x0380d033) divu    zero, ra, s8
core   0: 3 0x8000b87a (0x0380d033)
core   0: 0x8000b87e (0x0000079d) c.addi  a5, 7
core   0: 3 0x8000b87e (0x079d) x15 0x00000003
core   0: 0x8000b880 (0xfe978be3) beq     a5, s1, pc - 10
core   0: 3 0x8000b880 (0xfe978be3)
core   0: 0x8000b884 (0x0000923e) c.add   tp, a5
core   0: 3 0x8000b884 (0x923e) x 4 0x0000627e
core   0: 0x8000b886 (0x00018817) auipc   a6, 0x18
core   0: 3 0x8000b886 (0x00018817) x16 0x80023886
core   0: 0x8000b88a (0x7de80813) addi    a6, a6, 2014
core   0: 3 0x8000b88a (0x7de80813) x16 0x80024064
core   0: 0x8000b88e (0x00018497) auipc   s1, 0x18
core   0: 3 0x8000b88e (0x00018497) x 9 0x8002388e
core   0: 0x8000b892 (0x7be48493) addi    s1, s1, 1982
core   0: 3 0x8000b892 (0x7be48493) x 9 0x8002404c
core   0: 0x8000b896 (0x00018517) auipc   a0, 0x18
core   0: 3 0x8000b896 (0x00018517) x10 0x80023896
core   0: 0x8000b89a (0x7ee50513) addi    a0, a0, 2030
core   0: 3 0x8000b89a (0x7ee50513) x10 0x80024084
core   0: 0x8000b89e (0x00018617) auipc   a2, 0x18
core   0: 3 0x8000b89e (0x00018617) x12 0x8002389e
core   0: 0x8000b8a2 (0x7be60613) addi    a2, a2, 1982
core   0: 3 0x8000b8a2 (0x7be60613) x12 0x8002405c
core   0: 0x8000b8a6 (0x0ff0000f) fence   iorw,iorw
core   0: 3 0x8000b8a6 (0x0ff0000f)
core   0: 0x8000b8aa (0x00000714) c.addi4spn a3, sp, 896
core   0: 3 0x8000b8aa (0x0714) x13 0x80014324
core   0: 0x8000b8ac (0xc214ab2f) amominu.w s6, ra, (s1)
core   0: 3 0x8000b8ac (0xc214ab2f) x22 0x8001d262 mem 0x8002404c mem 0x8002404c 0x00000000
core   0: 0x8000b8b0 (0x008c3ab3) sltu    s5, s8, s0
core   0: 3 0x8000b8b0 (0x008c3ab3) x21 0x00000000
core   0: 0x8000b8b4 (0x0c452b2f) amoswap.w s6, tp, (a0)
core   0: 3 0x8000b8b4 (0x0c452b2f) x22 0x00007a52 mem 0x80024084 mem 0x80024084 0x0000627e
core   0: 0x8000b8b8 (0xa0c62daf) amomax.w s11, a2, (a2)
core   0: 3 0x8000b8b8 (0xa0c62daf) x27 0x000000bb mem 0x8002405c mem 0x8002405c 0x000000bb
core   0: 0x8000b8bc (0x340066f3) csrrsi  a3, mscratch, 0
core   0: 3 0x8000b8bc (0x340066f3) x13 0x00000058
core   0: 0x8000b8c0 (0x2104a32f) amoxor.w t1, a6, (s1)
core   0: 3 0x8000b8c0 (0x2104a32f) x 6 0x00000000 mem 0x8002404c mem 0x8002404c 0x80024064
core   0: 0x8000b8c4 (0x04b52baf) amoadd.w s7, a1, (a0)
core   0: 3 0x8000b8c4 (0x04b52baf) x23 0x0000627e mem 0x80024084 mem 0x80024084 0x0001a27e
core   0: 0x8000b8c8 (0x0ff0000f) fence   iorw,iorw
core   0: 3 0x8000b8c8 (0x0ff0000f)
core   0: 0x8000b8cc (0xa0d820af) amomax.w ra, a3, (a6)
core   0: 3 0x8000b8cc (0xa0d820af) x 1 0x0000251a mem 0x80024064 mem 0x80024064 0x0000251a
core   0: 0x8000b8d0 (0xa0f82c2f) amomax.w s8, a5, (a6)
core   0: 3 0x8000b8d0 (0xa0f82c2f) x24 0x0000251a mem 0x80024064 mem 0x80024064 0x0000251a
core   0: 0x8000b8d4 (0x01e0066f) jal     a2, pc + 0x1e
core   0: 3 0x8000b8d4 (0x01e0066f) x12 0x8000b8d8
core   0: 0x8000b8f2 (0x00002009) c.jal   pc + 2
core   0: 3 0x8000b8f2 (0x2009) x 1 0x8000b8f4
core   0: 0x8000b8f4 (0x02a000ef) jal     pc + 0x2a
core   0: 3 0x8000b8f4 (0x02a000ef) x 1 0x8000b8f8
core   0: 0x8000b91e (0x0000bfd5) c.j     pc - 12
core   0: 3 0x8000b91e (0xbfd5)
core   0: 0x8000b912 (0x00003fc1) c.jal   pc - 48
core   0: 3 0x8000b912 (0x3fc1) x 1 0x8000b914
core   0: 0x8000b8e2 (0x0000a819) c.j     pc + 22
core   0: 3 0x8000b8e2 (0xa819)
core   0: 0x8000b8f8 (0x0000b7d5) c.j     pc - 28
core   0: 3 0x8000b8f8 (0xb7d5)
core   0: 0x8000b8dc (0x00002825) c.jal   pc + 56
core   0: 3 0x8000b8dc (0x2825) x 1 0x8000b8de
core   0: 0x8000b914 (0x0000bfcd) c.j     pc - 14
core   0: 3 0x8000b914 (0xbfcd)
core   0: 0x8000b906 (0x0000bffd) c.j     pc - 2
core   0: 3 0x8000b906 (0xbffd)
core   0: 0x8000b904 (0x000037e5) c.jal   pc - 24
core   0: 3 0x8000b904 (0x37e5) x 1 0x8000b906
core   0: 0x8000b8ec (0x0000bfcd) c.j     pc - 14
core   0: 3 0x8000b8ec (0xbfcd)
core   0: 0x8000b8de (0x022008ef) jal     a7, pc + 0x22
core   0: 3 0x8000b8de (0x022008ef) x17 0x8000b8e2
core   0: 0x8000b900 (0x00002801) c.jal   pc + 16
core   0: 3 0x8000b900 (0x2801) x 1 0x8000b902
core   0: 0x8000b910 (0x0000b7e9) c.j     pc - 54
core   0: 3 0x8000b910 (0xb7e9)
core   0: 0x8000b8da (0x00002025) c.jal   pc + 40
core   0: 3 0x8000b8da (0x2025) x 1 0x8000b8dc
core   0: 0x8000b902 (0x00003fe5) c.jal   pc - 8
core   0: 3 0x8000b902 (0x3fe5) x 1 0x8000b904
core   0: 0x8000b8fa (0x00003ff9) c.jal   pc - 34
core   0: 3 0x8000b8fa (0x3ff9) x 1 0x8000b8fc
core   0: 0x8000b8d8 (0x0000a039) c.j     pc + 14
core   0: 3 0x8000b8d8 (0xa039)
core   0: 0x8000b8e6 (0x0000a815) c.j     pc + 52
core   0: 3 0x8000b8e6 (0xa815)
core   0: 0x8000b91a (0xfefff0ef) jal     pc - 0x12
core   0: 3 0x8000b91a (0xfefff0ef) x 1 0x8000b91e
core   0: 0x8000b908 (0x00003fd5) c.jal   pc - 12
core   0: 3 0x8000b908 (0x3fd5) x 1 0x8000b90a
core   0: 0x8000b8fc (0xff3ff0ef) jal     pc - 0xe
core   0: 3 0x8000b8fc (0xff3ff0ef) x 1 0x8000b900
core   0: 0x8000b8ee (0x0000a831) c.j     pc + 28
core   0: 3 0x8000b8ee (0xa831)
core   0: 0x8000b90a (0x0000a031) c.j     pc + 12
core   0: 3 0x8000b90a (0xa031)
core   0: 0x8000b916 (0xfdbff46f) jal     s0, pc - 0x26
core   0: 3 0x8000b916 (0xfdbff46f) x 8 0x8000b91a
core   0: 0x8000b8f0 (0x00003fd5) c.jal   pc - 12
core   0: 3 0x8000b8f0 (0x3fd5) x 1 0x8000b8f2
core   0: 0x8000b8e4 (0x00002025) c.jal   pc + 40
core   0: 3 0x8000b8e4 (0x2025) x 1 0x8000b8e6
core   0: 0x8000b90c (0xfddff0ef) jal     pc - 0x24
core   0: 3 0x8000b90c (0xfddff0ef) x 1 0x8000b910
core   0: 0x8000b8e8 (0x038000ef) jal     pc + 0x38
core   0: 3 0x8000b8e8 (0x038000ef) x 1 0x8000b8ec
core   0: 0x8000b920 (0x00008c19) c.sub   s0, a4
core   0: 3 0x8000b920 (0x8c19) x 8 0x8000b918
core   0: 0x8000b922 (0x00018097) auipc   ra, 0x18
core   0: 3 0x8000b922 (0x00018097) x 1 0x80023922
core   0: 0x8000b926 (0x72608093) addi    ra, ra, 1830
core   0: 3 0x8000b926 (0x72608093) x 1 0x80024048
core   0: 0x8000b92a (0x00008a59) c.andi  a2, 22
core   0: 3 0x8000b92a (0x8a59) x12 0x00000010
core   0: 0x8000b92c (0x000001ed) c.addi  gp, 27
core   0: 3 0x8000b92c (0x01ed) x 3 0x00001a3a
core   0: 0x8000b92e (0x0000717d) c.addi16sp sp, -16
core   0: 3 0x8000b92e (0x717d) x 2 0x80013f94
core   0: 0x8000b930 (0x02e7feb3) remu    t4, a5, a4
core   0: 3 0x8000b930 (0x02e7feb3) x29 0x00000001
core   0: 0x8000b934 (0x009cb733) sltu    a4, s9, s1
core   0: 3 0x8000b934 (0x009cb733) x14 0x00000001
core   0: 0x8000b938 (0x02759e33) mulh    t3, a1, t2
core   0: 3 0x8000b938 (0x02759e33) x28 0x00000000
core   0: 0x8000b93c (0x1000a42f) lr.w    s0, (ra)
core   0: 3 0x8000b93c (0x1000a42f) x 8 0x00000020 mem 0x80024048
core   0: 0x8000b940 (0x00004e79) c.li    t3, 30
core   0: 3 0x8000b940 (0x4e79) x28 0x0000001e
core   0: 0x8000b942 (0x000007ba) c.slli  a5, 14
core   0: 3 0x8000b942 (0x07ba) x15 0x0000c000
core   0: 0x8000b944 (0x028089b3) mul     s3, ra, s0
core   0: 3 0x8000b944 (0x028089b3) x19 0x00480900
core   0: 0x8000b948 (0x1a70a52f) sc.w    a0, t2, (ra)
core   0: 3 0x8000b948 (0x1a70a52f) x10 0x00000000 mem 0x80024048 0x00000006
core   0: 0x8000b94c (0x00017c97) auipc   s9, 0x17
core   0: 3 0x8000b94c (0x00017c97) x25 0x8002294c
core   0: 0x8000b950 (0x2fcc8c93) addi    s9, s9, 764
core   0: 3 0x8000b950 (0x2fcc8c93) x25 0x80022c48
core   0: 0x8000b954 (0x00008597) auipc   a1, 0x8
core   0: 3 0x8000b954 (0x00008597) x11 0x80013954
core   0: 0x8000b958 (0x1a758593) addi    a1, a1, 423
core   0: 3 0x8000b958 (0x1a758593) x11 0x80013afb
core   0: 0x8000b95c (0x00ec9323) sh      a4, 6(s9)
core   0: 3 0x8000b95c (0x00ec9323) mem 0x80022c4e 0x0001
core   0: 0x8000b960 (0xfb55c203) lbu     tp, -75(a1)
core   0: 3 0x8000b960 (0xfb55c203) x 4 0x00000043 mem 0x80013ab0
core   0: 0x8000b964 (0xfbf59a03) lh      s4, -65(a1)
core   0: 3 0x8000b964 (0xfbf59a03) x20 0xffffa411 mem 0x80013aba
core   0: 0x8000b968 (0xffbc8803) lb      a6, -5(s9)
core   0: 3 0x8000b968 (0xffbc8803) x16 0xffffffa0 mem 0x80022c43
core   0: 0x8000b96c (0x0f75d903) lhu     s2, 247(a1)
core   0: 3 0x8000b96c (0x0f75d903) x18 0x0000956c mem 0x80013bf2
core   0: 0x8000b970 (0xfca5cf83) lbu     t6, -54(a1)
core   0: 3 0x8000b970 (0xfca5cf83) x31 0x000000bb mem 0x80013ac5
core   0: 0x8000b974 (0xffcc9783) lh      a5, -4(s9)
core   0: 3 0x8000b974 (0xffcc9783) x15 0x000064ee mem 0x80022c44
core   0: 0x8000b978 (0xfdd58003) lb      zero, -35(a1)
core   0: 3 0x8000b978 (0xfdd58003) mem 0x80013ad8
core   0: 0x8000b97c (0x006ca023) sw      t1, 0(s9)
core   0: 3 0x8000b97c (0x006ca023) mem 0x80022c48 0x00000000
core   0: 0x8000b980 (0x097583a3) sb      s7, 135(a1)
core   0: 3 0x8000b980 (0x097583a3) mem 0x80013b82 0x7e
core   0: 0x8000b984 (0x004cc303) lbu     t1, 4(s9)
core   0: 3 0x8000b984 (0x004cc303) x 6 0x000000c0 mem 0x80022c4c
core   0: 0x8000b988 (0x001c8603) lb      a2, 1(s9)
core   0: 3 0x8000b988 (0x001c8603) x12 0x00000000 mem 0x80022c49
core   0: 0x8000b98c (0x0d35cc03) lbu     s8, 211(a1)
core   0: 3 0x8000b98c (0x0d35cc03) x24 0x0000009d mem 0x80013bce
core   0: 0x8000b990 (0x0320066f) jal     a2, pc + 0x32
core   0: 3 0x8000b990 (0x0320066f) x12 0x8000b994
core   0: 0x8000b9c2 (0xfd3ff8ef) jal     a7, pc - 0x2e
core   0: 3 0x8000b9c2 (0xfd3ff8ef) x17 0x8000b9c6
core   0: 0x8000b994 (0x0000a015) c.j     pc + 36
core   0: 3 0x8000b994 (0xa015)
core   0: 0x8000b9b8 (0x000037d5) c.jal   pc - 28
core   0: 3 0x8000b9b8 (0x37d5) x 1 0x8000b9ba
core   0: 0x8000b99c (0x00002801) c.jal   pc + 16
core   0: 3 0x8000b99c (0x2801) x 1 0x8000b99e
core   0: 0x8000b9ac (0x00002005) c.jal   pc + 32
core   0: 3 0x8000b9ac (0x2005) x 1 0x8000b9ae
core   0: 0x8000b9cc (0x0000b7dd) c.j     pc - 26
core   0: 3 0x8000b9cc (0xb7dd)
core   0: 0x8000b9b2 (0x0000bfd5) c.j     pc - 12
core   0: 3 0x8000b9b2 (0xbfd5)
core   0: 0x8000b9a6 (0x0000a005) c.j     pc + 32
core   0: 3 0x8000b9a6 (0xa005)
core   0: 0x8000b9c6 (0xff5ff0ef) jal     pc - 0xc
core   0: 3 0x8000b9c6 (0xff5ff0ef) x 1 0x8000b9ca
core   0: 0x8000b9ba (0xfe9ff0ef) jal     pc - 0x18
core   0: 3 0x8000b9ba (0xfe9ff0ef) x 1 0x8000b9be
core   0: 0x8000b9a2 (0x0000bfdd) c.j     pc - 10
core   0: 3 0x8000b9a2 (0xbfdd)
core   0: 0x8000b998 (0x0080046f) jal     s0, pc + 0x8
core   0: 3 0x8000b998 (0x0080046f) x 8 0x8000b99c
core   0: 0x8000b9a0 (0x0000a039) c.j     pc + 14
core   0: 3 0x8000b9a0 (0xa039)
core   0: 0x8000b9ae (0x0200036f) jal     t1, pc + 0x20
core   0: 3 0x8000b9ae (0x0200036f) x 6 0x8000b9b2
core   0: 0x8000b9ce (0x0000b7dd) c.j     pc - 26
core   0: 3 0x8000b9ce (0xb7dd)
core   0: 0x8000b9b4 (0xfebff0ef) jal     pc - 0x16
core   0: 3 0x8000b9b4 (0xfebff0ef) x 1 0x8000b9b8
core   0: 0x8000b99e (0x00002035) c.jal   pc + 44
core   0: 3 0x8000b99e (0x2035) x 1 0x8000b9a0
core   0: 0x8000b9ca (0x0000bfe9) c.j     pc - 38
core   0: 3 0x8000b9ca (0xbfe9)
core   0: 0x8000b9a4 (0x0000a011) c.j     pc + 4
core   0: 3 0x8000b9a4 (0xa011)
core   0: 0x8000b9a8 (0xfefff0ef) jal     pc - 0x12
core   0: 3 0x8000b9a8 (0xfefff0ef) x 1 0x8000b9ac
core   0: 0x8000b996 (0x0000a025) c.j     pc + 40
core   0: 3 0x8000b996 (0xa025)
core   0: 0x8000b9be (0x0000a009) c.j     pc + 2
core   0: 3 0x8000b9be (0xa009)
core   0: 0x8000b9c0 (0x0000a801) c.j     pc + 16
core   0: 3 0x8000b9c0 (0xa801)
core   0: 0x8000b9d0 (0xfc466013) ori     zero, a2, -60
core   0: 3 0x8000b9d0 (0xfc466013)
core   0: 0x8000b9d4 (0x00018417) auipc   s0, 0x18
core   0: 3 0x8000b9d4 (0x00018417) x 8 0x800239d4
core   0: 0x8000b9d8 (0x90f40413) addi    s0, s0, -1777
core   0: 3 0x8000b9d8 (0x90f40413) x 8 0x800232e3
core   0: 0x8000b9dc (0x01345883) lhu     a7, 19(s0)
core   0: 3 0x8000b9dc (0x01345883) x17 0x0000b9e1 mem 0x800232f6
core   0: 0x8000b9e0 (0xfda40e23) sb      s10, -36(s0)
core   0: 3 0x8000b9e0 (0xfda40e23) mem 0x800232bf 0x48
core   0: 0x8000b9e4 (0x01a29a93) slli    s5, t0, 26
core   0: 3 0x8000b9e4 (0x01a29a93) x21 0xd0000000
core   0: 0x8000b9e8 (0xfc044b83) lbu     s7, -64(s0)
core   0: 3 0x8000b9e8 (0xfc044b83) x23 0x0000009d mem 0x800232a3
core   0: 0x8000b9ec (0xfe540423) sb      t0, -24(s0)
core   0: 3 0x8000b9ec (0xfe540423) mem 0x800232cb 0x74
core   0: 0x8000b9f0 (0x00008f95) c.sub   a5, a3
core   0: 3 0x8000b9f0 (0x8f95) x15 0x00006496
core   0: 0x8000b9f2 (0xff344d03) lbu     s10, -13(s0)
core   0: 3 0x8000b9f2 (0xff344d03) x26 0x000000d5 mem 0x800232d6
core   0: 0x8000b9f6 (0xfeb45783) lhu     a5, -21(s0)
core   0: 3 0x8000b9f6 (0xfeb45783) x15 0x00000136 mem 0x800232ce
core   0: 0x8000b9fa (0x03c40703) lb      a4, 60(s0)
core   0: 3 0x8000b9fa (0x03c40703) x14 0x0000007c mem 0x8002331f
core   0: 0x8000b9fe (0xca44bd13) sltiu   s10, s1, -860
core   0: 3 0x8000b9fe (0xca44bd13) x26 0x00000001
core   0: 0x8000ba02 (0xfe741983) lh      s3, -25(s0)
core   0: 3 0x8000ba02 (0xfe741983) x19 0x0000749a mem 0x800232ca
core   0: 0x8000ba06 (0x02644203) lbu     tp, 38(s0)
core   0: 3 0x8000ba06 (0x02644203) x 4 0x000000ac mem 0x80023309
core   0: 0x8000ba0a (0x01b45903) lhu     s2, 27(s0)
core   0: 3 0x8000ba0a (0x01b45903) x18 0x0000ccdb mem 0x800232fe
core   0: 0x8000ba0e (0x37dabb13) sltiu   s6, s5, 893
core   0: 3 0x8000ba0e (0x37dabb13) x22 0x00000000
core   0: 0x8000ba12 (0xfd341103) lh      sp, -45(s0)
core   0: 3 0x8000ba12 (0xfd341103) x 2 0x0000233e mem 0x800232b6
core   0: 0x8000ba16 (0x02d40803) lb      a6, 45(s0)
core   0: 3 0x8000ba16 (0x02d40803) x16 0x0000000d mem 0x80023310
core   0: 0x8000ba1a (0x40ffda13) srai    s4, t6, 15
core   0: 3 0x8000ba1a (0x40ffda13) x20 0x00000000
core   0: 0x8000ba1e (0x01090b33) add     s6, s2, a6
core   0: 3 0x8000ba1e (0x01090b33) x22 0x0000cce8
core   0: 0x8000ba22 (0x02940f23) sb      s1, 62(s0)
core   0: 3 0x8000ba22 (0x02940f23) mem 0x80023321 0x4c
core   0: 0x8000ba26 (0x00e40903) lb      s2, 14(s0)
core   0: 3 0x8000ba26 (0x00e40903) x18 0xffffffb4 mem 0x800232f1
core   0: 0x8000ba2a (0x00341da3) sh      gp, 27(s0)
core   0: 3 0x8000ba2a (0x00341da3) mem 0x800232fe 0x1a3a
core   0: 0x8000ba2e (0x03c44a83) lbu     s5, 60(s0)
core   0: 3 0x8000ba2e (0x03c44a83) x21 0x0000007c mem 0x8002331f
core   0: 0x8000ba32 (0x01a40d83) lb      s11, 26(s0)
core   0: 3 0x8000ba32 (0x01a40d83) x27 0x0000006d mem 0x800232fd
core   0: 0x8000ba36 (0xfc5412a3) sh      t0, -59(s0)
core   0: 3 0x8000ba36 (0xfc5412a3) mem 0x800232a8 0x8e74
core   0: 0x8000ba3a (0xfd340783) lb      a5, -45(s0)
core   0: 3 0x8000ba3a (0xfd340783) x15 0x0000003e mem 0x800232b6
core   0: 0x8000ba3e (0xfe140323) sb      ra, -26(s0)
core   0: 3 0x8000ba3e (0xfe140323) mem 0x800232c9 0xac
core   0: 0x8000ba42 (0x00008dd5) c.or    a1, a3
core   0: 3 0x8000ba42 (0x8dd5) x11 0x80013afb
core   0: 0x8000ba44 (0xfd344083) lbu     ra, -45(s0)
core   0: 3 0x8000ba44 (0xfd344083) x 1 0x0000003e mem 0x800232b6
core   0: 0x8000ba48 (0x04044083) lbu     ra, 64(s0)
core   0: 3 0x8000ba48 (0x04044083) x 1 0x000000b6 mem 0x80023323
core   0: 0x8000ba4c (0x01b40e83) lb      t4, 27(s0)
core   0: 3 0x8000ba4c (0x01b40e83) x29 0x0000003a mem 0x800232fe
core   0: 0x8000ba50 (0xfcd40723) sb      a3, -50(s0)
core   0: 3 0x8000ba50 (0xfcd40723) mem 0x800232b1 0x58
core   0: 0x8000ba54 (0xffc41fa3) sh      t3, -1(s0)
core   0: 3 0x8000ba54 (0xffc41fa3) mem 0x800232e2 0x001e
core   0: 0x8000ba58 (0x02640183) lb      gp, 38(s0)
core   0: 3 0x8000ba58 (0x02640183) x 3 0xffffffac mem 0x80023309
core   0: 0x8000ba5c (0x0097b533) sltu    a0, a5, s1
core   0: 3 0x8000ba5c (0x0097b533) x10 0x00000001
core   0: 0x8000ba60 (0x00540783) lb      a5, 5(s0)
core   0: 3 0x8000ba60 (0x00540783) x15 0x00000014 mem 0x800232e8
core   0: 0x8000ba64 (0x01cd3eb3) sltu    t4, s10, t3
core   0: 3 0x8000ba64 (0x01cd3eb3) x29 0x00000001
core   0: 0x8000ba68 (0x340076f3) csrrci  a3, mscratch, 0
core   0: 3 0x8000ba68 (0x340076f3) x13 0x00000058
core   0: 0x8000ba6c (0xfee40003) lb      zero, -18(s0)
core   0: 3 0x8000ba6c (0xfee40003) mem 0x800232d1
core   0: 0x8000ba70 (0xfdb44103) lbu     sp, -37(s0)
core   0: 3 0x8000ba70 (0xfdb44103) x 2 0x00000021 mem 0x800232be
core   0: 0x8000ba74 (0xfe241da3) sh      sp, -5(s0)
core   0: 3 0x8000ba74 (0xfe241da3) mem 0x800232de 0x0021
core   0: 0x8000ba78 (0x00018d17) auipc   s10, 0x18
core   0: 3 0x8000ba78 (0x00018d17) x26 0x80023a78
core   0: 0x8000ba7c (0x5e0d0d13) addi    s10, s10, 1504
core   0: 3 0x8000ba7c (0x5e0d0d13) x26 0x80024058
core   0: 0x8000ba80 (0x00018b97) auipc   s7, 0x18
core   0: 3 0x8000ba80 (0x00018b97) x23 0x80023a80
core   0: 0x8000ba84 (0x5c8b8b93) addi    s7, s7, 1480
core   0: 3 0x8000ba84 (0x5c8b8b93) x23 0x80024048
core   0: 0x8000ba88 (0x00018497) auipc   s1, 0x18
core   0: 3 0x8000ba88 (0x00018497) x 9 0x80023a88
core   0: 0x8000ba8c (0x5f048493) addi    s1, s1, 1520
core   0: 3 0x8000ba8c (0x5f048493) x 9 0x80024078
core   0: 0x8000ba90 (0x00018a97) auipc   s5, 0x18
core   0: 3 0x8000ba90 (0x00018a97) x21 0x80023a90
core   0: 0x8000ba94 (0x5d8a8a93) addi    s5, s5, 1496
core   0: 3 0x8000ba94 (0x5d8a8a93) x21 0x80024068
core   0: 0x8000ba98 (0x2114a8af) amoxor.w a7, a7, (s1)
core   0: 3 0x8000ba98 (0x2114a8af) x17 0x0000000a mem 0x80024078 mem 0x80024078 0x0000b9eb
core   0: 0x8000ba9c (0xe38d202f) amomaxu.w zero, s8, (s10)
core   0: 3 0x8000ba9c (0xe38d202f) mem 0x80024058 mem 0x80024058 0x0004412e
core   0: 0x8000baa0 (0x5a6b2737) lui     a4, 0x5a6b2
core   0: 3 0x8000baa0 (0x5a6b2737) x14 0x5a6b2000
core   0: 0x8000baa4 (0x00008859) c.andi  s0, 22
core   0: 3 0x8000baa4 (0x8859) x 8 0x00000002
core   0: 0x8000baa6 (0x0abd2faf) amoswap.w t6, a1, (s10)
core   0: 3 0x8000baa6 (0x0abd2faf) x31 0x0004412e mem 0x80024058 mem 0x80024058 0x80013afb
core   0: 0x8000baaa (0x00006609) c.lui   a2, 0x2
core   0: 3 0x8000baaa (0x6609) x12 0x00002000
core   0: 0x8000baac (0x60f4aeaf) amoand.w t4, a5, (s1)
core   0: 3 0x8000baac (0x60f4aeaf) x29 0x0000b9eb mem 0x80024078 mem 0x80024078 0x00000000
core   0: 0x8000bab0 (0x00008af5) c.andi  a3, 29
core   0: 3 0x8000bab0 (0x8af5) x13 0x00000018
core   0: 0x8000bab2 (0xe24d2daf) amomaxu.w s11, tp, (s10)
core   0: 3 0x8000bab2 (0xe24d2daf) x27 0x80013afb mem 0x80024058 mem 0x80024058 0x80013afb
core   0: 0x8000bab6 (0xc444a32f) amominu.w t1, tp, (s1)
core   0: 3 0x8000bab6 (0xc444a32f) x 6 0x00000000 mem 0x80024078 mem 0x80024078 0x00000000
core   0: 0x8000baba (0x854d292f) amomin.w s2, s4, (s10)
core   0: 3 0x8000baba (0x854d292f) x18 0x80013afb mem 0x80024058 mem 0x80024058 0x80013afb
core   0: 0x8000babe (0x00018517) auipc   a0, 0x18
core   0: 3 0x8000babe (0x00018517) x10 0x80023abe
core   0: 0x8000bac2 (0x5c250513) addi    a0, a0, 1474
core   0: 3 0x8000bac2 (0x5c250513) x10 0x80024080
core   0: 0x8000bac6 (0x1005222f) lr.w    tp, (a0)
core   0: 3 0x8000bac6 (0x1005222f) x 4 0x0003ced0 mem 0x80024080
core   0: 0x8000baca (0x000059fd) c.li    s3, -1
core   0: 3 0x8000baca (0x59fd) x19 0xffffffff
core   0: 0x8000bacc (0x340039f3) csrrc   s3, mscratch, zero
core   0: 3 0x8000bacc (0x340039f3) x19 0x00000058
core   0: 0x8000bad0 (0x00008c11) c.sub   s0, a2
core   0: 3 0x8000bad0 (0x8c11) x 8 0xffffe002
core   0: 0x8000bad2 (0x01e6b6b3) sltu    a3, a3, t5
core   0: 3 0x8000bad2 (0x01e6b6b3) x13 0x00000001
core   0: 0x8000bad6 (0x00000001) c.nop
core   0: 3 0x8000bad6 (0x0001)
core   0: 0x8000bad8 (0x000094b6) c.add   s1, a3
core   0: 3 0x8000bad8 (0x94b6) x 9 0x80024079
core   0: 0x8000bada (0x00008262) c.mv    tp, s8
core   0: 3 0x8000bada (0x8262) x 4 0x0000009d
core   0: 0x8000badc (0x2c75e113) ori     sp, a1, 711
core   0: 3 0x8000badc (0x2c75e113) x 2 0x80013aff
core   0: 0x8000bae0 (0x00008a4e) c.mv    s4, s3
core   0: 3 0x8000bae0 (0x8a4e) x20 0x00000058
core   0: 0x8000bae2 (0x0085d693) srli    a3, a1, 8
core   0: 3 0x8000bae2 (0x0085d693) x13 0x0080013a
core   0: 0x8000bae6 (0x024d34b3) mulhu   s1, s10, tp
core   0: 3 0x8000bae6 (0x024d34b3) x 9 0x0000004e
core   0: 0x8000baea (0x1b35282f) sc.w    a6, s3, (a0)
core   0: 3 0x8000baea (0x1b35282f) x16 0x00000000 mem 0x80024080 0x00000058
core   0: 0x8000baee (0x00009897) auipc   a7, 0x9
core   0: 3 0x8000baee (0x00009897) x17 0x80014aee
core   0: 0x8000baf2 (0xd1e88893) addi    a7, a7, -738
core   0: 3 0x8000baf2 (0xd1e88893) x17 0x8001480c
core   0: 0x8000baf6 (0x00588503) lb      a0, 5(a7)
core   0: 3 0x8000baf6 (0x00588503) x10 0xffffffaa mem 0x80014811
core   0: 0x8000bafa (0xff288aa3) sb      s2, -11(a7)
core   0: 3 0x8000bafa (0xff288aa3) mem 0x80014801 0xfb
core   0: 0x8000bafe (0x00008117) auipc   sp, 0x8
core   0: 3 0x8000bafe (0x00008117) x 2 0x80013afe
core   0: 0x8000bb02 (0x48710113) addi    sp, sp, 1159
core   0: 3 0x8000bb02 (0x48710113) x 2 0x80013f85
core   0: 0x8000bb06 (0x08c14a03) lbu     s4, 140(sp)
core   0: 3 0x8000bb06 (0x08c14a03) x20 0x00000017 mem 0x80014011
core   0: 0x8000bb0a (0xaaa10c83) lb      s9, -1366(sp)
core   0: 3 0x8000bb0a (0xaaa10c83) x25 0x00000068 mem 0x80013a2f
core   0: 0x8000bb0e (0xff388c23) sb      s3, -8(a7)
core   0: 3 0x8000bb0e (0xff388c23) mem 0x80014804 0x58
core   0: 0x8000bb12 (0x01189223) sh      a7, 4(a7)
core   0: 3 0x8000bb12 (0x01189223) mem 0x80014810 0x480c
core   0: 0x8000bb16 (0xc8c10a03) lb      s4, -884(sp)
core   0: 3 0x8000bb16 (0xc8c10a03) x20 0x0000004e mem 0x80013c11
core   0: 0x8000bb1a (0xffc8c803) lbu     a6, -4(a7)
core   0: 3 0x8000bb1a (0xffc8c803) x16 0x0000000c mem 0x80014808
core   0: 0x8000bb1e (0xa9710203) lb      tp, -1385(sp)
core   0: 3 0x8000bb1e (0xa9710203) x 4 0xffffffbc mem 0x80013a1c
core   0: 0x8000bb22 (0x81c10ca3) sb      t3, -2023(sp)
core   0: 3 0x8000bb22 (0x81c10ca3) mem 0x8001379e 0x1e
core   0: 0x8000bb26 (0xff988183) lb      gp, -7(a7)
core   0: 3 0x8000bb26 (0xff988183) x 3 0x00000075 mem 0x80014805
core   0: 0x8000bb2a (0x9b410023) sb      s4, -1632(sp)
core   0: 3 0x8000bb2a (0x9b410023) mem 0x80013925 0x4e
core   0: 0x8000bb2e (0xb6c106a3) sb      a2, -1171(sp)
core   0: 3 0x8000bb2e (0xb6c106a3) mem 0x80013af2 0x0
core   0: 0x8000bb32 (0xffa89923) sh      s10, -14(a7)
core   0: 3 0x8000bb32 (0xffa89923) mem 0x800147fe 0x4058
core   0: 0x8000bb36 (0xeb214803) lbu     a6, -334(sp)
core   0: 3 0x8000bb36 (0xeb214803) x16 0x000000c5 mem 0x80013e37
core   0: 0x8000bb3a (0xff388003) lb      zero, -13(a7)
core   0: 3 0x8000bb3a (0xff388003) mem 0x800147ff
core   0: 0x8000bb3e (0x00008917) auipc   s2, 0x8
core   0: 3 0x8000bb3e (0x00008917) x18 0x80013b3e
core   0: 0x8000bb42 (0x32490913) addi    s2, s2, 804
core   0: 3 0x8000bb42 (0x32490913) x18 0x80013e62
core   0: 0x8000bb46 (0xfdf91223) sh      t6, -60(s2)
core   0: 3 0x8000bb46 (0xfdf91223) mem 0x80013e26 0x412e
core   0: 0x8000bb4a (0x0000d697) auipc   a3, 0xd
core   0: 3 0x8000bb4a (0x0000d697) x13 0x80018b4a
core   0: 0x8000bb4e (0x3e768693) addi    a3, a3, 999
core   0: 3 0x8000bb4e (0x3e768693) x13 0x80018f31
core   0: 0x8000bb52 (0x01e904a3) sb      t5, 9(s2)
core   0: 3 0x8000bb52 (0x01e904a3) mem 0x80013e6b 0x24
core   0: 0x8000bb56 (0x00290a83) lb      s5, 2(s2)
core   0: 3 0x8000bb56 (0x00290a83) x21 0xffffffe7 mem 0x80013e64
core   0: 0x8000bb5a (0x67d68423) sb      t4, 1640(a3)
core   0: 3 0x8000bb5a (0x67d68423) mem 0x80019599 0xeb
core   0: 0x8000bb5e (0xfcf94b83) lbu     s7, -49(s2)
core   0: 3 0x8000bb5e (0xfcf94b83) x23 0x0000000b mem 0x80013e31
core   0: 0x8000bb62 (0xa3c68403) lb      s0, -1476(a3)
core   0: 3 0x8000bb62 (0xa3c68403) x 8 0x00000031 mem 0x8001896d
core   0: 0x8000bb66 (0x1c868b03) lb      s6, 456(a3)
core   0: 3 0x8000bb66 (0x1c868b03) x22 0xffffff93 mem 0x800190f9
core   0: 0x8000bb6a (0xfe090603) lb      a2, -32(s2)
core   0: 3 0x8000bb6a (0xfe090603) x12 0x0000007b mem 0x80013e42
core   0: 0x8000bb6e (0x452682a3) sb      s2, 1093(a3)
core   0: 3 0x8000bb6e (0x452682a3) mem 0x80019376 0x62
core   0: 0x8000bb72 (0xc2768223) sb      t2, -988(a3)
core   0: 3 0x8000bb72 (0xc2768223) mem 0x80018b55 0x6
core   0: 0x8000bb76 (0x00e94c03) lbu     s8, 14(s2)
core   0: 3 0x8000bb76 (0x00e94c03) x24 0x00000048 mem 0x80013e70
core   0: 0x8000bb7a (0x02691783) lh      a5, 38(s2)
core   0: 3 0x8000bb7a (0x02691783) x15 0xffffc91b mem 0x80013e88
core   0: 0x8000bb7e (0x5cb6c083) lbu     ra, 1483(a3)
core   0: 3 0x8000bb7e (0x5cb6c083) x 1 0x000000ff mem 0x800194fc
core   0: 0x8000bb82 (0xff994d83) lbu     s11, -7(s2)
core   0: 3 0x8000bb82 (0xff994d83) x27 0x00000023 mem 0x80013e5b
core   0: 0x8000bb86 (0x0e86c103) lbu     sp, 232(a3)
core   0: 3 0x8000bb86 (0x0e86c103) x 2 0x000000bf mem 0x80019019
core   0: 0x8000bb8a (0x28f6d703) lhu     a4, 655(a3)
core   0: 3 0x8000bb8a (0x28f6d703) x14 0x000081f4 mem 0x800191c0
core   0: 0x8000bb8e (0x00a90f23) sb      a0, 30(s2)
core   0: 3 0x8000bb8e (0x00a90f23) mem 0x80013e80 0xaa
core   0: 0x8000bb92 (0x73468f23) sb      s4, 1854(a3)
core   0: 3 0x8000bb92 (0x73468f23) mem 0x8001966f 0x4e
core   0: 0x8000bb96 (0x00c92b23) sw      a2, 22(s2)
core   0: 3 0x8000bb96 (0x00c92b23) mem 0x80013e78 0x0000007b
core   0: 0x8000bb9a (0x00017f97) auipc   t6, 0x17
core   0: 3 0x8000bb9a (0x00017f97) x31 0x80022b9a
core   0: 0x8000bb9e (0x2ecf8f93) addi    t6, t6, 748
core   0: 3 0x8000bb9e (0x2ecf8f93) x31 0x80022e86
core   0: 0x8000bba2 (0xff8fc703) lbu     a4, -8(t6)
core   0: 3 0x8000bba2 (0xff8fc703) x14 0x00000005 mem 0x80022e7e
core   0: 0x8000bba6 (0x0161d4b3) srl     s1, gp, s6
core   0: 3 0x8000bba6 (0x0161d4b3) x 9 0x00000000
core   0: 0x8000bbaa (0x00afc503) lbu     a0, 10(t6)
core   0: 3 0x8000bbaa (0x00afc503) x10 0x0000001c mem 0x80022e90
core   0: 0x8000bbae (0x000f8183) lb      gp, 0(t6)
core   0: 3 0x8000bbae (0x000f8183) x 3 0xffffffbd mem 0x80022e86
core   0: 0x8000bbb2 (0x340714f3) csrrw   s1, mscratch, a4
core   0: 3 0x8000bbb2 (0x340714f3) x 9 0x00000058 c832_mscratch 0x00000005
core   0: 0x8000bbb6 (0x00008cc9) c.or    s1, a0
core   0: 3 0x8000bbb6 (0x8cc9) x 9 0x0000005c
core   0: 0x8000bbb8 (0x00000001) c.nop
core   0: 3 0x8000bbb8 (0x0001)
core   0: 0x8000bbba (0x00cfc183) lbu     gp, 12(t6)
core   0: 3 0x8000bbba (0x00cfc183) x 3 0x0000000c mem 0x80022e92
core   0: 0x8000bbbe (0x00008f69) c.and   a4, a0
core   0: 3 0x8000bbbe (0x8f69) x14 0x00000004
core   0: 0x8000bbc0 (0x00e184b3) add     s1, gp, a4
core   0: 3 0x8000bbc0 (0x00e184b3) x 9 0x00000010
core   0: 0x8000bbc4 (0x41355733) sra     a4, a0, s3
core   0: 3 0x8000bbc4 (0x41355733) x14 0x00000000
core   0: 0x8000bbc8 (0x00cf8703) lb      a4, 12(t6)
core   0: 3 0x8000bbc8 (0x00cf8703) x14 0x0000000c mem 0x80022e92
core   0: 0x8000bbcc (0xfeaf8ca3) sb      a0, -7(t6)
core   0: 3 0x8000bbcc (0xfeaf8ca3) mem 0x80022e7f 0x1c
core   0: 0x8000bbd0 (0x000001f9) c.addi  gp, 30
core   0: 3 0x8000bbd0 (0x01f9) x 3 0x0000002a
core   0: 0x8000bbd2 (0xffff8703) lb      a4, -1(t6)
core   0: 3 0x8000bbd2 (0xffff8703) x14 0x00000052 mem 0x80022e85
core   0: 0x8000bbd6 (0xfeef9c23) sh      a4, -8(t6)
core   0: 3 0x8000bbd6 (0xfeef9c23) mem 0x80022e7e 0x0052
core   0: 0x8000bbda (0x00df8483) lb      s1, 13(t6)
core   0: 3 0x8000bbda (0x00df8483) x 9 0x0000006c mem 0x80022e93
core   0: 0x8000bbde (0xff0f8983) lb      s3, -16(t6)
core   0: 3 0x8000bbde (0xff0f8983) x19 0xffffffe6 mem 0x80022e76
core   0: 0x8000bbe2 (0x00008cc5) c.or    s1, s1
core   0: 3 0x8000bbe2 (0x8cc5) x 9 0x0000006c
core   0: 0x8000bbe4 (0xfeaf8da3) sb      a0, -5(t6)
core   0: 3 0x8000bbe4 (0xfeaf8da3) mem 0x80022e81 0x1c
core   0: 0x8000bbe8 (0xfeef8d23) sb      a4, -6(t6)
core   0: 3 0x8000bbe8 (0xfeef8d23) mem 0x80022e80 0x52
core   0: 0x8000bbec (0xffbf8503) lb      a0, -5(t6)
core   0: 3 0x8000bbec (0xffbf8503) x10 0x0000001c mem 0x80022e81
core   0: 0x8000bbf0 (0xb15369b7) lui     s3, 0xb1536
core   0: 3 0x8000bbf0 (0xb15369b7) x19 0xb1536000
core   0: 0x8000bbf4 (0xf6f57713) andi    a4, a0, -145
core   0: 3 0x8000bbf4 (0xf6f57713) x14 0x0000000c
core   0: 0x8000bbf8 (0x003fcb03) lbu     s6, 3(t6)
core   0: 3 0x8000bbf8 (0x003fcb03) x22 0x00000079 mem 0x80022e89
core   0: 0x8000bbfc (0x413704b3) sub     s1, a4, s3
core   0: 3 0x8000bbfc (0x413704b3) x 9 0x4eaca00c
core   0: 0x8000bc00 (0x013f8323) sb      s3, 6(t6)
core   0: 3 0x8000bc00 (0x013f8323) mem 0x80022e8c 0x0
core   0: 0x8000bc04 (0x03376533) rem     a0, a4, s3
core   0: 3 0x8000bc04 (0x03376533) x10 0x0000000c
core   0: 0x8000bc08 (0xfeaf8d23) sb      a0, -6(t6)
core   0: 3 0x8000bc08 (0xfeaf8d23) mem 0x80022e80 0xc
core   0: 0x8000bc0c (0x00005b7d) c.li    s6, -1
core   0: 3 0x8000bc0c (0x5b7d) x22 0xffffffff
core   0: 0x8000bc0e (0x000081ce) c.mv    gp, s3
core   0: 3 0x8000bc0e (0x81ce) x 3 0xb1536000
core   0: 0x8000bc10 (0x00e9b4b3) sltu    s1, s3, a4
core   0: 3 0x8000bc10 (0x00e9b4b3) x 9 0x00000000
core   0: 0x8000bc14 (0x00dfcb03) lbu     s6, 13(t6)
core   0: 3 0x8000bc14 (0x00dfcb03) x22 0x0000006c mem 0x80022e93
core   0: 0x8000bc18 (0x00008117) auipc   sp, 0x8
core   0: 3 0x8000bc18 (0x00008117) x 2 0x80013c18
core   0: 0x8000bc1c (0x81910113) addi    sp, sp, -2023
core   0: 3 0x8000bc1c (0x81910113) x 2 0x80013431
core   0: 0x8000bc20 (0x00910303) lb      t1, 9(sp)
core   0: 3 0x8000bc20 (0x00910303) x 6 0xffffffd2 mem 0x8001343a
core   0: 0x8000bc24 (0x00c10223) sb      a2, 4(sp)
core   0: 3 0x8000bc24 (0x00c10223) mem 0x80013435 0x7b
core   0: 0x8000bc28 (0x00006431) c.lui   s0, 0xc
core   0: 3 0x8000bc28 (0x6431) x 8 0x0000c000
core   0: 0x8000bc2a (0x3401d6f3) csrrwi  a3, mscratch, 3
core   0: 3 0x8000bc2a (0x3401d6f3) x13 0x00000005 c832_mscratch 0x00000003
core   0: 0x8000bc2e (0x340bddf3) csrrwi  s11, mscratch, 23
core   0: 3 0x8000bc2e (0x340bddf3) x27 0x00000003 c832_mscratch 0x00000017
core   0: 0x8000bc32 (0x00715403) lhu     s0, 7(sp)
core   0: 3 0x8000bc32 (0x00715403) x 8 0x00008e7c mem 0x80013438
core   0: 0x8000bc36 (0x00914303) lbu     t1, 9(sp)
core   0: 3 0x8000bc36 (0x00914303) x 6 0x000000d2 mem 0x8001343a
core   0: 0x8000bc3a (0x02cdb433) mulhu   s0, s11, a2
core   0: 3 0x8000bc3a (0x02cdb433) x 8 0x00000000
core   0: 0x8000bc3e (0x408356b3) sra     a3, t1, s0
core   0: 3 0x8000bc3e (0x408356b3) x13 0x000000d2
core   0: 0x8000bc42 (0x00014603) lbu     a2, 0(sp)
core   0: 3 0x8000bc42 (0x00014603) x12 0x000000c7 mem 0x80013431
core   0: 0x8000bc46 (0xff711d83) lh      s11, -9(sp)
core   0: 3 0x8000bc46 (0xff711d83) x27 0x00004ae2 mem 0x80013428
core   0: 0x8000bc4a (0xff814403) lbu     s0, -8(sp)
core   0: 3 0x8000bc4a (0xff814403) x 8 0x0000004a mem 0x80013429
core   0: 0x8000bc4e (0x00c14303) lbu     t1, 12(sp)
core   0: 3 0x8000bc4e (0x00c14303) x 6 0x000000f9 mem 0x8001343d
core   0: 0x8000bc52 (0x00915603) lhu     a2, 9(sp)
core   0: 3 0x8000bc52 (0x00915603) x12 0x00008ad2 mem 0x8001343a
core   0: 0x8000bc56 (0x00009336) c.add   t1, a3
core   0: 3 0x8000bc56 (0x9336) x 6 0x000001cb
core   0: 0x8000bc58 (0x01b6cdb3) xor     s11, a3, s11
core   0: 3 0x8000bc58 (0x01b6cdb3) x27 0x00004a30
core   0: 0x8000bc5c (0xff810603) lb      a2, -8(sp)
core   0: 3 0x8000bc5c (0xff810603) x12 0x0000004a mem 0x80013429
core   0: 0x8000bc60 (0x03bdb633) mulhu   a2, s11, s11
core   0: 3 0x8000bc60 (0x03bdb633) x12 0x00000000
core   0: 0x8000bc64 (0x34006473) csrrsi  s0, mscratch, 0
core   0: 3 0x8000bc64 (0x34006473) x 8 0x00000017
core   0: 0x8000bc68 (0xff614d83) lbu     s11, -10(sp)
core   0: 3 0x8000bc68 (0xff614d83) x27 0x000000b2 mem 0x80013427
core   0: 0x8000bc6c (0x3406aef3) csrrs   t4, mscratch, a3
core   0: 3 0x8000bc6c (0x3406aef3) x29 0x00000017 c832_mscratch 0x000000d7
core   0: 0x8000bc70 (0x02860633) mul     a2, a2, s0
core   0: 3 0x8000bc70 (0x02860633) x12 0x00000000
core   0: 0x8000bc74 (0x02d68633) mul     a2, a3, a3
core   0: 3 0x8000bc74 (0x02d68633) x12 0x0000ac44
core   0: 0x8000bc78 (0xff814e83) lbu     t4, -8(sp)
core   0: 3 0x8000bc78 (0xff814e83) x29 0x0000004a mem 0x80013429
core   0: 0x8000bc7c (0x02837433) remu    s0, t1, s0
core   0: 3 0x8000bc7c (0x02837433) x 8 0x00000016
core   0: 0x8000bc80 (0x00c44db3) xor     s11, s0, a2
core   0: 3 0x8000bc80 (0x00c44db3) x27 0x0000ac52
core   0: 0x8000bc84 (0x02c37633) remu    a2, t1, a2
core   0: 3 0x8000bc84 (0x02c37633) x12 0x000001cb
core   0: 0x8000bc88 (0x00814303) lbu     t1, 8(sp)
core   0: 3 0x8000bc88 (0x00814303) x 6 0x0000008e mem 0x80013439
core   0: 0x8000bc8c (0x00610023) sb      t1, 0(sp)
core   0: 3 0x8000bc8c (0x00610023) mem 0x80013431 0x8e
core   0: 0x8000bc90 (0x00000dd6) c.slli  s11, 21
core   0: 3 0x8000bc90 (0x0dd6) x27 0x8a400000
core   0: 0x8000bc92 (0x00114683) lbu     a3, 1(sp)
core   0: 3 0x8000bc92 (0x00114683) x13 0x000000d3 mem 0x80013432
core   0: 0x8000bc96 (0x00009eb2) c.add   t4, a2
core   0: 3 0x8000bc96 (0x9eb2) x29 0x00000215
core   0: 0x8000bc98 (0x01be86b3) add     a3, t4, s11
core   0: 3 0x8000bc98 (0x01be86b3) x13 0x8a400215
core   0: 0x8000bc9c (0xfff15e83) lhu     t4, -1(sp)
core   0: 3 0x8000bc9c (0xfff15e83) x29 0x00008ef9 mem 0x80013430
core   0: 0x8000bca0 (0x00d14603) lbu     a2, 13(sp)
core   0: 3 0x8000bca0 (0x00d14603) x12 0x000000e9 mem 0x8001343e
core   0: 0x8000bca4 (0xff010683) lb      a3, -16(sp)
core   0: 3 0x8000bca4 (0xff010683) x13 0x00000008 mem 0x80013421
core   0: 0x8000bca8 (0x00b10603) lb      a2, 11(sp)
core   0: 3 0x8000bca8 (0x00b10603) x12 0x00000065 mem 0x8001343c
core   0: 0x8000bcac (0x00006db1) c.lui   s11, 0xc
core   0: 3 0x8000bcac (0x6db1) x27 0x0000c000
core   0: 0x8000bcae (0xff414e83) lbu     t4, -12(sp)
core   0: 3 0x8000bcae (0xff414e83) x29 0x0000009d mem 0x80013425
core   0: 0x8000bcb2 (0x340156f3) csrrwi  a3, mscratch, 2
core   0: 3 0x8000bcb2 (0x340156f3) x13 0x000000d7 c832_mscratch 0x00000002
core   0: 0x8000bcb6 (0x340eb6f3) csrrc   a3, mscratch, t4
core   0: 3 0x8000bcb6 (0x340eb6f3) x13 0x00000002 c832_mscratch 0x00000002
core   0: 0x8000bcba (0x00a61e93) slli    t4, a2, 10
core   0: 3 0x8000bcba (0x00a61e93) x29 0x00019400
core   0: 0x8000bcbe (0x006eb333) sltu    t1, t4, t1
core   0: 3 0x8000bcbe (0x006eb333) x 6 0x00000000
core   0: 0x8000bcc2 (0x0000821d) c.srli  a2, 7
core   0: 3 0x8000bcc2 (0x821d) x12 0x00000000
core   0: 0x8000bcc4 (0x02c65eb3) divu    t4, a2, a2
core   0: 3 0x8000bcc4 (0x02c65eb3) x29 0xffffffff
core   0: 0x8000bcc8 (0x03b63eb3) mulhu   t4, a2, s11
core   0: 3 0x8000bcc8 (0x03b63eb3) x29 0x00000000
core   0: 0x8000bccc (0x008114a3) sh      s0, 9(sp)
core   0: 3 0x8000bccc (0x008114a3) mem 0x8001343a 0x0016
core   0: 0x8000bcd0 (0x340eb373) csrrc   t1, mscratch, t4
core   0: 3 0x8000bcd0 (0x340eb373) x 6 0x00000002 c832_mscratch 0x00000002
core   0: 0x8000bcd4 (0xfff12403) lw      s0, -1(sp)
core   0: 3 0x8000bcd4 (0xfff12403) x 8 0xf9d38ef9 mem 0x80013430
core   0: 0x8000bcd8 (0x00001efd) c.addi  t4, -1
core   0: 3 0x8000bcd8 (0x1efd) x29 0xffffffff
core   0: 0x8000bcda (0x00008dee) c.mv    s11, s11
core   0: 3 0x8000bcda (0x8dee) x27 0x0000c000
core   0: 0x8000bcdc (0xfec10fa3) sb      a2, -1(sp)
core   0: 3 0x8000bcdc (0xfec10fa3) mem 0x80013430 0x0
core   0: 0x8000bce0 (0x00018797) auipc   a5, 0x18
core   0: 3 0x8000bce0 (0x00018797) x15 0x80023ce0
core   0: 0x8000bce4 (0x39c78793) addi    a5, a5, 924
core   0: 3 0x8000bce4 (0x39c78793) x15 0x8002407c
core   0: 0x8000bce8 (0x00018097) auipc   ra, 0x18
core   0: 3 0x8000bce8 (0x00018097) x 1 0x80023ce8
core   0: 0x8000bcec (0x39c08093) addi    ra, ra, 924
core   0: 3 0x8000bcec (0x39c08093) x 1 0x80024084
core   0: 0x8000bcf0 (0xa1a7aaaf) amomax.w s5, s10, (a5)
core   0: 3 0x8000bcf0 (0xa1a7aaaf) x21 0x800137fd mem 0x8002407c mem 0x8002407c 0x80024058
core   0: 0x8000bcf4 (0x4370a5af) amoor.w a1, s7, (ra)
core   0: 3 0x8000bcf4 (0x4370a5af) x11 0x0001a27e mem 0x80024084 mem 0x80024084 0x0001a27f
core   0: 0x8000bcf8 (0xa5a0a9af) amomax.w s3, s10, (ra)
core   0: 3 0x8000bcf8 (0xa5a0a9af) x19 0x0001a27f mem 0x80024084 mem 0x80024084 0x0001a27f
core   0: 0x8000bcfc (0x0287f033) remu    zero, a5, s0
core   0: 3 0x8000bcfc (0x0287f033)
core   0: 0x8000bd00 (0x22c0a02f) amoxor.w zero, a2, (ra)
core   0: 3 0x8000bd00 (0x22c0a02f) mem 0x80024084 mem 0x80024084 0x0001a27f
core   0: 0x8000bd04 (0x00018e97) auipc   t4, 0x18
core   0: 3 0x8000bd04 (0x00018e97) x29 0x80023d04
core   0: 0x8000bd08 (0x358e8e93) addi    t4, t4, 856
core   0: 3 0x8000bd08 (0x358e8e93) x29 0x8002405c
core   0: 0x8000bd0c (0x140ea9af) lr.w    s3, (t4)
core   0: 3 0x8000bd0c (0x140ea9af) x19 0x000000bb mem 0x8002405c
core   0: 0x8000bd10 (0x87bb6693) ori     a3, s6, -1925
core   0: 3 0x8000bd10 (0x87bb6693) x13 0xfffff87f
core   0: 0x8000bd14 (0x01c93733) sltu    a4, s2, t3
core   0: 3 0x8000bd14 (0x01c93733) x14 0x00000000
core   0: 0x8000bd18 (0x19eeacaf) sc.w    s9, t5, (t4)
core   0: 3 0x8000bd18 (0x19eeacaf) x25 0x00000000 mem 0x8002405c 0x8002cd24
core   0: 0x8000bd1c (0x00004111) c.li    sp, 4
core   0: 3 0x8000bd1c (0x4111) x 2 0x00000004
core   0: 0x8000bd1e (0x408357b3) sra     a5, t1, s0
core   0: 3 0x8000bd1e (0x408357b3) x15 0x00000000
core   0: 0x8000bd22 (0x46e1c593) xori    a1, gp, 1134
core   0: 3 0x8000bd22 (0x46e1c593) x11 0xb153646e
core   0: 0x8000bd26 (0x00005571) c.li    a0, -4
core   0: 3 0x8000bd26 (0x5571) x10 0xfffffffc
core   0: 0x8000bd28 (0x69d96b37) lui     s6, 0x69d96
core   0: 3 0x8000bd28 (0x69d96b37) x22 0x69d96000
core   0: 0x8000bd2c (0x000044a9) c.li    s1, 10
core   0: 3 0x8000bd2c (0x44a9) x 9 0x0000000a
core   0: 0x8000bd2e (0x0327a4b3) mulhsu  s1, a5, s2
core   0: 3 0x8000bd2e (0x0327a4b3) x 9 0x00000000
core   0: 0x8000bd32 (0x00f57fb3) and     t6, a0, a5
core   0: 3 0x8000bd32 (0x00f57fb3) x31 0x00000000
core   0: 0x8000bd36 (0x0164fa33) and     s4, s1, s6
core   0: 3 0x8000bd36 (0x0164fa33) x20 0x00000000
core   0: 0x8000bd3a (0x00001161) c.addi  sp, -8
core   0: 3 0x8000bd3a (0x1161) x 2 0xfffffffc
core   0: 0x8000bd3c (0x00004625) c.li    a2, 9
core   0: 3 0x8000bd3c (0x4625) x12 0x00000009
core   0: 0x8000bd3e (0x000049cd) c.li    s3, 19
core   0: 3 0x8000bd3e (0x49cd) x19 0x00000013
core   0: 0x8000bd40 (0x03478ab3) mul     s5, a5, s4
core   0: 3 0x8000bd40 (0x03478ab3) x21 0x00000000
core   0: 0x8000bd44 (0x0ff0000f) fence   iorw,iorw
core   0: 3 0x8000bd44 (0x0ff0000f)
core   0: 0x8000bd48 (0xfd3f3a13) sltiu   s4, t5, -45
core   0: 3 0x8000bd48 (0xfd3f3a13) x20 0x00000001
core   0: 0x8000bd4c (0x01c67833) and     a6, a2, t3
core   0: 3 0x8000bd4c (0x01c67833) x16 0x00000008
core   0: 0x8000bd50 (0x001896b3) sll     a3, a7, ra
core   0: 3 0x8000bd50 (0x001896b3) x13 0x001480c0
core   0: 0x8000bd54 (0x41bed933) sra     s2, t4, s11
core   0: 3 0x8000bd54 (0x41bed933) x18 0x8002405c
core   0: 0x8000bd58 (0x340024f3) csrr    s1, mscratch
core   0: 3 0x8000bd58 (0x340024f3) x 9 0x00000002
core   0: 0x8000bd5c (0x000090d6) c.add   ra, s5
core   0: 3 0x8000bd5c (0x90d6) x 1 0x80024084
core   0: 0x8000bd5e (0x00008da9) c.xor   a1, a0
core   0: 3 0x8000bd5e (0x8da9) x11 0x4eac9b92
core   0: 0x8000bd60 (0x0246f0b3) remu    ra, a3, tp
core   0: 3 0x8000bd60 (0x0246f0b3) x 1 0x001480c0
core   0: 0x8000bd64 (0x0000060d) c.addi  a2, 3
core   0: 3 0x8000bd64 (0x060d) x12 0x0000000c
core   0: 0x8000bd66 (0x03ce45b3) div     a1, t3, t3
core   0: 3 0x8000bd66 (0x03ce45b3) x11 0x00000001
core   0: 0x8000bd6a (0xff3649e3) blt     a2, s3, pc - 14
core   0: 3 0x8000bd6a (0xff3649e3)
core   0: 0x8000bd5c (0x000090d6) c.add   ra, s5
core   0: 3 0x8000bd5c (0x90d6) x 1 0x001480c0
core   0: 0x8000bd5e (0x00008da9) c.xor   a1, a0
core   0: 3 0x8000bd5e (0x8da9) x11 0xfffffffd
core   0: 0x8000bd60 (0x0246f0b3) remu    ra, a3, tp
core   0: 3 0x8000bd60 (0x0246f0b3) x 1 0x001480c0
core   0: 0x8000bd64 (0x0000060d) c.addi  a2, 3
core   0: 3 0x8000bd64 (0x060d) x12 0x0000000f
core   0: 0x8000bd66 (0x03ce45b3) div     a1, t3, t3
core   0: 3 0x8000bd66 (0x03ce45b3) x11 0x00000001
core   0: 0x8000bd6a (0xff3649e3) blt     a2, s3, pc - 14
core   0: 3 0x8000bd6a (0xff3649e3)
core   0: 0x8000bd5c (0x000090d6) c.add   ra, s5
core   0: 3 0x8000bd5c (0x90d6) x 1 0x001480c0
core   0: 0x8000bd5e (0x00008da9) c.xor   a1, a0
core   0: 3 0x8000bd5e (0x8da9) x11 0xfffffffd
core   0: 0x8000bd60 (0x0246f0b3) remu    ra, a3, tp
core   0: 3 0x8000bd60 (0x0246f0b3) x 1 0x001480c0
core   0: 0x8000bd64 (0x0000060d) c.addi  a2, 3
core   0: 3 0x8000bd64 (0x060d) x12 0x00000012
core   0: 0x8000bd66 (0x03ce45b3) div     a1, t3, t3
core   0: 3 0x8000bd66 (0x03ce45b3) x11 0x00000001
core   0: 0x8000bd6a (0xff3649e3) blt     a2, s3, pc - 14
core   0: 3 0x8000bd6a (0xff3649e3)
core   0: 0x8000bd5c (0x000090d6) c.add   ra, s5
core   0: 3 0x8000bd5c (0x90d6) x 1 0x001480c0
core   0: 0x8000bd5e (0x00008da9) c.xor   a1, a0
core   0: 3 0x8000bd5e (0x8da9) x11 0xfffffffd
core   0: 0x8000bd60 (0x0246f0b3) remu    ra, a3, tp
core   0: 3 0x8000bd60 (0x0246f0b3) x 1 0x001480c0
core   0: 0x8000bd64 (0x0000060d) c.addi  a2, 3
core   0: 3 0x8000bd64 (0x060d) x12 0x00000015
core   0: 0x8000bd66 (0x03ce45b3) div     a1, t3, t3
core   0: 3 0x8000bd66 (0x03ce45b3) x11 0x00000001
core   0: 0x8000bd6a (0xff3649e3) blt     a2, s3, pc - 14
core   0: 3 0x8000bd6a (0xff3649e3)
core   0: 0x8000bd6e (0x409e5e93) srai    t4, t3, 9
core   0: 3 0x8000bd6e (0x409e5e93) x29 0x00000000
core   0: 0x8000bd72 (0xb5606313) ori     t1, zero, -1194
core   0: 3 0x8000bd72 (0xb5606313) x 6 0xfffffb56
core   0: 0x8000bd76 (0x023e5bb3) divu    s7, t3, gp
core   0: 3 0x8000bd76 (0x023e5bb3) x23 0x00000000
core   0: 0x8000bd7a (0x005d9c33) sll     s8, s11, t0
core   0: 3 0x8000bd7a (0x005d9c33) x24 0x00000000
core   0: 0x8000bd7e (0xfaa108e3) beq     sp, a0, pc - 80
core   0: 3 0x8000bd7e (0xfaa108e3)
core   0: 0x8000bd2e (0x0327a4b3) mulhsu  s1, a5, s2
core   0: 3 0x8000bd2e (0x0327a4b3) x 9 0x00000000
core   0: 0x8000bd32 (0x00f57fb3) and     t6, a0, a5
core   0: 3 0x8000bd32 (0x00f57fb3) x31 0x00000000
core   0: 0x8000bd36 (0x0164fa33) and     s4, s1, s6
core   0: 3 0x8000bd36 (0x0164fa33) x20 0x00000000
core   0: 0x8000bd3a (0x00001161) c.addi  sp, -8
core   0: 3 0x8000bd3a (0x1161) x 2 0xfffffff4
core   0: 0x8000bd3c (0x00004625) c.li    a2, 9
core   0: 3 0x8000bd3c (0x4625) x12 0x00000009
core   0: 0x8000bd3e (0x000049cd) c.li    s3, 19
core   0: 3 0x8000bd3e (0x49cd) x19 0x00000013
core   0: 0x8000bd40 (0x03478ab3) mul     s5, a5, s4
core   0: 3 0x8000bd40 (0x03478ab3) x21 0x00000000
core   0: 0x8000bd44 (0x0ff0000f) fence   iorw,iorw
core   0: 3 0x8000bd44 (0x0ff0000f)
core   0: 0x8000bd48 (0xfd3f3a13) sltiu   s4, t5, -45
core   0: 3 0x8000bd48 (0xfd3f3a13) x20 0x00000001
core   0: 0x8000bd4c (0x01c67833) and     a6, a2, t3
core   0: 3 0x8000bd4c (0x01c67833) x16 0x00000008
core   0: 0x8000bd50 (0x001896b3) sll     a3, a7, ra
core   0: 3 0x8000bd50 (0x001896b3) x13 0x8001480c
core   0: 0x8000bd54 (0x41bed933) sra     s2, t4, s11
core   0: 3 0x8000bd54 (0x41bed933) x18 0x00000000
core   0: 0x8000bd58 (0x340024f3) csrr    s1, mscratch
core   0: 3 0x8000bd58 (0x340024f3) x 9 0x00000002
core   0: 0x8000bd5c (0x000090d6) c.add   ra, s5
core   0: 3 0x8000bd5c (0x90d6) x 1 0x001480c0
core   0: 0x8000bd5e (0x00008da9) c.xor   a1, a0
core   0: 3 0x8000bd5e (0x8da9) x11 0xfffffffd
core   0: 0x8000bd60 (0x0246f0b3) remu    ra, a3, tp
core   0: 3 0x8000bd60 (0x0246f0b3) x 1 0x8001480c
core   0: 0x8000bd64 (0x0000060d) c.addi  a2, 3
core   0: 3 0x8000bd64 (0x060d) x12 0x0000000c
core   0: 0x8000bd66 (0x03ce45b3) div     a1, t3, t3
core   0: 3 0x8000bd66 (0x03ce45b3) x11 0x00000001
core   0: 0x8000bd6a (0xff3649e3) blt     a2, s3, pc - 14
core   0: 3 0x8000bd6a (0xff3649e3)
core   0: 0x8000bd5c (0x000090d6) c.add   ra, s5
core   0: 3 0x8000bd5c (0x90d6) x 1 0x8001480c
core   0: 0x8000bd5e (0x00008da9) c.xor   a1, a0
core   0: 3 0x8000bd5e (0x8da9) x11 0xfffffffd
core   0: 0x8000bd60 (0x0246f0b3) remu    ra, a3, tp
core   0: 3 0x8000bd60 (0x0246f0b3) x 1 0x8001480c
core   0: 0x8000bd64 (0x0000060d) c.addi  a2, 3
core   0: 3 0x8000bd64 (0x060d) x12 0x0000000f
core   0: 0x8000bd66 (0x03ce45b3) div     a1, t3, t3
core   0: 3 0x8000bd66 (0x03ce45b3) x11 0x00000001
core   0: 0x8000bd6a (0xff3649e3) blt     a2, s3, pc - 14
core   0: 3 0x8000bd6a (0xff3649e3)
core   0: 0x8000bd5c (0x000090d6) c.add   ra, s5
core   0: 3 0x8000bd5c (0x90d6) x 1 0x8001480c
core   0: 0x8000bd5e (0x00008da9) c.xor   a1, a0
core   0: 3 0x8000bd5e (0x8da9) x11 0xfffffffd
core   0: 0x8000bd60 (0x0246f0b3) remu    ra, a3, tp
core   0: 3 0x8000bd60 (0x0246f0b3) x 1 0x8001480c
core   0: 0x8000bd64 (0x0000060d) c.addi  a2, 3
core   0: 3 0x8000bd64 (0x060d) x12 0x00000012
core   0: 0x8000bd66 (0x03ce45b3) div     a1, t3, t3
core   0: 3 0x8000bd66 (0x03ce45b3) x11 0x00000001
core   0: 0x8000bd6a (0xff3649e3) blt     a2, s3, pc - 14
core   0: 3 0x8000bd6a (0xff3649e3)
core   0: 0x8000bd5c (0x000090d6) c.add   ra, s5
core   0: 3 0x8000bd5c (0x90d6) x 1 0x8001480c
core   0: 0x8000bd5e (0x00008da9) c.xor   a1, a0
core   0: 3 0x8000bd5e (0x8da9) x11 0xfffffffd
core   0: 0x8000bd60 (0x0246f0b3) remu    ra, a3, tp
core   0: 3 0x8000bd60 (0x0246f0b3) x 1 0x8001480c
core   0: 0x8000bd64 (0x0000060d) c.addi  a2, 3
core   0: 3 0x8000bd64 (0x060d) x12 0x00000015
core   0: 0x8000bd66 (0x03ce45b3) div     a1, t3, t3
core   0: 3 0x8000bd66 (0x03ce45b3) x11 0x00000001
core   0: 0x8000bd6a (0xff3649e3) blt     a2, s3, pc - 14
core   0: 3 0x8000bd6a (0xff3649e3)
core   0: 0x8000bd6e (0x409e5e93) srai    t4, t3, 9
core   0: 3 0x8000bd6e (0x409e5e93) x29 0x00000000
core   0: 0x8000bd72 (0xb5606313) ori     t1, zero, -1194
core   0: 3 0x8000bd72 (0xb5606313) x 6 0xfffffb56
core   0: 0x8000bd76 (0x023e5bb3) divu    s7, t3, gp
core   0: 3 0x8000bd76 (0x023e5bb3) x23 0x00000000
core   0: 0x8000bd7a (0x005d9c33) sll     s8, s11, t0
core   0: 3 0x8000bd7a (0x005d9c33) x24 0x00000000
core   0: 0x8000bd7e (0xfaa108e3) beq     sp, a0, pc - 80
core   0: 3 0x8000bd7e (0xfaa108e3)
core   0: 0x8000bd82 (0x01691a33) sll     s4, s2, s6
core   0: 3 0x8000bd82 (0x01691a33) x20 0x00000000
core   0: 0x8000bd86 (0x00009517) auipc   a0, 0x9
core   0: 3 0x8000bd86 (0x00009517) x10 0x80014d86
core   0: 0x8000bd8a (0x11750513) addi    a0, a0, 279
core   0: 3 0x8000bd8a (0x11750513) x10 0x80014e9d
core   0: 0x8000bd8e (0x0e054b03) lbu     s6, 224(a0)
core   0: 3 0x8000bd8e (0x0e054b03) x22 0x00000038 mem 0x80014f7d
core   0: 0x8000bd92 (0x6593ae93) slti    t4, t2, 1625
core   0: 3 0x8000bd92 (0x6593ae93) x29 0x00000001
core   0: 0x8000bd96 (0x0f650023) sb      s6, 224(a0)
core   0: 3 0x8000bd96 (0x0f650023) mem 0x80014f7d 0x38
core   0: 0x8000bd9a (0x068504a3) sb      s0, 105(a0)
core   0: 3 0x8000bd9a (0x068504a3) mem 0x80014f06 0xf9
core   0: 0x8000bd9e (0x00d50f23) sb      a3, 30(a0)
core   0: 3 0x8000bd9e (0x00d50f23) mem 0x80014ebb 0xc
core   0: 0x8000bda2 (0xfe454403) lbu     s0, -28(a0)
core   0: 3 0x8000bda2 (0xfe454403) x 8 0x000000ed mem 0x80014e81
core   0: 0x8000bda6 (0xf9154f83) lbu     t6, -111(a0)
core   0: 3 0x8000bda6 (0xf9154f83) x31 0x000000a5 mem 0x80014e2e
core   0: 0x8000bdaa (0x060513a3) sh      zero, 103(a0)
core   0: 3 0x8000bdaa (0x060513a3) mem 0x80014f04 0x0000
core   0: 0x8000bdae (0xf95502a3) sb      s5, -123(a0)
core   0: 3 0x8000bdae (0xf95502a3) mem 0x80014e22 0x0
core   0: 0x8000bdb2 (0xf4555183) lhu     gp, -187(a0)
core   0: 3 0x8000bdb2 (0xf4555183) x 3 0x0000e73a mem 0x80014de2
core   0: 0x8000bdb6 (0xf0050483) lb      s1, -256(a0)
core   0: 3 0x8000bdb6 (0xf0050483) x 9 0x0000003b mem 0x80014d9d
core   0: 0x8000bdba (0xf8250103) lb      sp, -126(a0)
core   0: 3 0x8000bdba (0xf8250103) x 2 0x00000000 mem 0x80014e1f
core   0: 0x8000bdbe (0xf3954403) lbu     s0, -199(a0)
core   0: 3 0x8000bdbe (0xf3954403) x 8 0x000000bc mem 0x80014dd6
core   0: 0x8000bdc2 (0x0dc54303) lbu     t1, 220(a0)
core   0: 3 0x8000bdc2 (0x0dc54303) x 6 0x00000000 mem 0x80014f79
core   0: 0x8000bdc6 (0x020b8333) mul     t1, s7, zero
core   0: 3 0x8000bdc6 (0x020b8333) x 6 0x00000000
core   0: 0x8000bdca (0x0dc50d03) lb      s10, 220(a0)
core   0: 3 0x8000bdca (0x0dc50d03) x26 0x00000000 mem 0x80014f79
core   0: 0x8000bdce (0x34071ff3) csrrw   t6, mscratch, a4
core   0: 3 0x8000bdce (0x34071ff3) x31 0x00000002 c832_mscratch 0x00000000
core   0: 0x8000bdd2 (0xf0f51d83) lh      s11, -241(a0)
core   0: 3 0x8000bdd2 (0xf0f51d83) x27 0xffffa082 mem 0x80014dac
core   0: 0x8000bdd6 (0x09555b03) lhu     s6, 149(a0)
core   0: 3 0x8000bdd6 (0x09555b03) x22 0x0000ee0e mem 0x80014f32
core   0: 0x8000bdda (0xfea54683) lbu     a3, -22(a0)
core   0: 3 0x8000bdda (0xfea54683) x13 0x00000056 mem 0x80014e87
core   0: 0x8000bdde (0x00018697) auipc   a3, 0x18
core   0: 3 0x8000bdde (0x00018697) x13 0x80023dde
core   0: 0x8000bde2 (0x27e68693) addi    a3, a3, 638
core   0: 3 0x8000bde2 (0x27e68693) x13 0x8002405c
core   0: 0x8000bde6 (0x41f6a0af) amoor.w ra, t6, (a3)
core   0: 3 0x8000bde6 (0x41f6a0af) x 1 0x8002cd24 mem 0x8002405c mem 0x8002405c 0x8002cd26
core   0: 0x8000bdea (0x00013197) auipc   gp, 0x13
core   0: 3 0x8000bdea (0x00013197) x 3 0x8001edea
core   0: 0x8000bdee (0x6dd18193) addi    gp, gp, 1757
core   0: 3 0x8000bdee (0x6dd18193) x 3 0x8001f4c7
core   0: 0x8000bdf2 (0x00007317) auipc   t1, 0x7
core   0: 3 0x8000bdf2 (0x00007317) x 6 0x80012df2
core   0: 0x8000bdf6 (0x72b30313) addi    t1, t1, 1835
core   0: 3 0x8000bdf6 (0x72b30313) x 6 0x8001351d
core   0: 0x8000bdfa (0xfd130723) sb      a7, -50(t1)
core   0: 3 0x8000bdfa (0xfd130723) mem 0x800134eb 0xc
core   0: 0x8000bdfe (0x0981c683) lbu     a3, 152(gp)
core   0: 3 0x8000bdfe (0x0981c683) x13 0x0000009a mem 0x8001f55f
core   0: 0x8000be02 (0x03f31883) lh      a7, 63(t1)
core   0: 3 0x8000be02 (0x03f31883) x17 0x00006b27 mem 0x8001355c
core   0: 0x8000be06 (0x009186a3) sb      s1, 13(gp)
core   0: 3 0x8000be06 (0x009186a3) mem 0x8001f4d4 0x3b
core   0: 0x8000be0a (0xf9f1c003) lbu     zero, -97(gp)
core   0: 3 0x8000be0a (0xf9f1c003) mem 0x8001f466
core   0: 0x8000be0e (0xfc81cb83) lbu     s7, -56(gp)
core   0: 3 0x8000be0e (0xfc81cb83) x23 0x000000d6 mem 0x8001f48f
core   0: 0x8000be12 (0xfa218e23) sb      sp, -68(gp)
core   0: 3 0x8000be12 (0xfa218e23) mem 0x8001f483 0x0
core   0: 0x8000be16 (0x08c34b03) lbu     s6, 140(t1)
core   0: 3 0x8000be16 (0x08c34b03) x22 0x0000003d mem 0x800135a9
core   0: 0x8000be1a (0xf0719703) lh      a4, -249(gp)
core   0: 3 0x8000be1a (0xf0719703) x14 0x000051a4 mem 0x8001f3ce
core   0: 0x8000be1e (0x02a34e03) lbu     t3, 42(t1)
core   0: 3 0x8000be1e (0x02a34e03) x28 0x00000051 mem 0x80013547
core   0: 0x8000be22 (0xf4f1d483) lhu     s1, -177(gp)
core   0: 3 0x8000be22 (0xf4f1d483) x 9 0x00003f89 mem 0x8001f416
core   0: 0x8000be26 (0xf2b30a23) sb      a1, -204(t1)
core   0: 3 0x8000be26 (0xf2b30a23) mem 0x80013451 0x1
core   0: 0x8000be2a (0xffa34c03) lbu     s8, -6(t1)
core   0: 3 0x8000be2a (0xffa34c03) x24 0x0000000c mem 0x80013517
core   0: 0x8000be2e (0x0cb35c83) lhu     s9, 203(t1)
core   0: 3 0x8000be2e (0x0cb35c83) x25 0x0000e5c9 mem 0x800135e8
core   0: 0x8000be32 (0x0db1d203) lhu     tp, 219(gp)
core   0: 3 0x8000be32 (0x0db1d203) x 4 0x0000d985 mem 0x8001f5a2
core   0: 0x8000be36 (0xfa8315a3) sh      s0, -85(t1)
core   0: 3 0x8000be36 (0xfa8315a3) mem 0x800134c8 0x00bc
core   0: 0x8000be3a (0x00008317) auipc   t1, 0x8
core   0: 3 0x8000be3a (0x00008317) x 6 0x80013e3a
core   0: 0x8000be3e (0x1cc30313) addi    t1, t1, 460
core   0: 3 0x8000be3e (0x1cc30313) x 6 0x80014006
core   0: 0x8000be42 (0x01e35483) lhu     s1, 30(t1)
core   0: 3 0x8000be42 (0x01e35483) x 9 0x0000ab07 mem 0x80014024
core   0: 0x8000be46 (0x00008ca9) c.xor   s1, a0
core   0: 3 0x8000be46 (0x8ca9) x 9 0x8001e59a
core   0: 0x8000be48 (0xff234203) lbu     tp, -14(t1)
core   0: 3 0x8000be48 (0xff234203) x 4 0x000000e1 mem 0x80013ff8
core   0: 0x8000be4c (0x01631023) sh      s6, 0(t1)
core   0: 3 0x8000be4c (0x01631023) mem 0x80014006 0x003d
core   0: 0x8000be50 (0xfe530483) lb      s1, -27(t1)
core   0: 3 0x8000be50 (0xfe530483) x 9 0xffffffa5 mem 0x80013feb
core   0: 0x8000be54 (0x02a64533) div     a0, a2, a0
core   0: 3 0x8000be54 (0x02a64533) x10 0x00000000
core   0: 0x8000be58 (0xfe534483) lbu     s1, -27(t1)
core   0: 3 0x8000be58 (0xfe534483) x 9 0x000000a5 mem 0x80013feb
core   0: 0x8000be5c (0x340114f3) csrrw   s1, mscratch, sp
core   0: 3 0x8000be5c (0x340114f3) x 9 0x00000000 c832_mscratch 0x00000000
core   0: 0x8000be60 (0x01530103) lb      sp, 21(t1)
core   0: 3 0x8000be60 (0x01530103) x 2 0x0000004a mem 0x8001401b
core   0: 0x8000be64 (0x024224b3) mulhsu  s1, tp, tp
core   0: 3 0x8000be64 (0x024224b3) x 9 0x00000000
core   0: 0x8000be68 (0x225b3113) sltiu   sp, s6, 549
core   0: 3 0x8000be68 (0x225b3113) x 2 0x00000001
core   0: 0x8000be6c (0x0ff0000f) fence   iorw,iorw
core   0: 3 0x8000be6c (0x0ff0000f)
core   0: 0x8000be70 (0xfd431503) lh      a0, -44(t1)
core   0: 3 0x8000be70 (0xfd431503) x10 0xffff8001 mem 0x80013fda
core   0: 0x8000be74 (0x01831503) lh      a0, 24(t1)
core   0: 3 0x8000be74 (0x01831503) x10 0xfffff038 mem 0x8001401e
core   0: 0x8000be78 (0x00008e69) c.and   a2, a0
core   0: 3 0x8000be78 (0x8e69) x12 0x00000010
core   0: 0x8000be7a (0x00834203) lbu     tp, 8(t1)
core   0: 3 0x8000be7a (0x00834203) x 4 0x000000de mem 0x8001400e
core   0: 0x8000be7e (0x00924633) xor     a2, tp, s1
core   0: 3 0x8000be7e (0x00924633) x12 0x000000de
core   0: 0x8000be82 (0xd80b7213) andi    tp, s6, -640
core   0: 3 0x8000be82 (0xd80b7213) x 4 0x00000000
core   0: 0x8000be86 (0x40210b33) sub     s6, sp, sp
core   0: 3 0x8000be86 (0x40210b33) x22 0x00000000
core   0: 0x8000be8a (0x016300a3) sb      s6, 1(t1)
core   0: 3 0x8000be8a (0x016300a3) mem 0x80014007 0x0
core   0: 0x8000be8e (0x02930ba3) sb      s1, 55(t1)
core   0: 3 0x8000be8e (0x02930ba3) mem 0x8001403d 0x0
core   0: 0x8000be92 (0xd7b16513) ori     a0, sp, -645
core   0: 3 0x8000be92 (0xd7b16513) x10 0xfffffd7b
core   0: 0x8000be96 (0xdae48513) addi    a0, s1, -594
core   0: 3 0x8000be96 (0xdae48513) x10 0xfffffdae
core   0: 0x8000be9a (0x40c15133) sra     sp, sp, a2
core   0: 3 0x8000be9a (0x40c15133) x 2 0x00000000
core   0: 0x8000be9e (0x00453233) sltu    tp, a0, tp
core   0: 3 0x8000be9e (0x00453233) x 4 0x00000000
core   0: 0x8000bea2 (0x02430523) sb      tp, 42(t1)
core   0: 3 0x8000bea2 (0x02430523) mem 0x80014030 0x0
core   0: 0x8000bea6 (0x036644b3) div     s1, a2, s6
core   0: 3 0x8000bea6 (0x036644b3) x 9 0xffffffff
core   0: 0x8000beaa (0x00000001) c.nop
core   0: 3 0x8000beaa (0x0001)
core   0: 0x8000beac (0x3407e273) csrrsi  tp, mscratch, 15
core   0: 3 0x8000beac (0x3407e273) x 4 0x00000000 c832_mscratch 0x0000000f
core   0: 0x8000beb0 (0x404b5233) sra     tp, s6, tp
core   0: 3 0x8000beb0 (0x404b5233) x 4 0x00000000
core   0: 0x8000beb4 (0x0224c633) div     a2, s1, sp
core   0: 3 0x8000beb4 (0x0224c633) x12 0xffffffff
core   0: 0x8000beb8 (0x00006121) c.addi16sp sp, 64
core   0: 3 0x8000beb8 (0x6121) x 2 0x00000040
core   0: 0x8000beba (0x02421533) mulh    a0, tp, tp
core   0: 3 0x8000beba (0x02421533) x10 0x00000000
core   0: 0x8000bebe (0x02930603) lb      a2, 41(t1)
core   0: 3 0x8000bebe (0x02930603) x12 0x00000033 mem 0x8001402f
core   0: 0x8000bec2 (0x00008d25) c.xor   a0, s1
core   0: 3 0x8000bec2 (0x8d25) x10 0xffffffff
core   0: 0x8000bec4 (0x022308a3) sb      sp, 49(t1)
core   0: 3 0x8000bec4 (0x022308a3) mem 0x80014037 0x40
core   0: 0x8000bec8 (0x00226133) or      sp, tp, sp
core   0: 3 0x8000bec8 (0x00226133) x 2 0x00000040
core   0: 0x8000becc (0xfde35603) lhu     a2, -34(t1)
core   0: 3 0x8000becc (0xfde35603) x12 0x00000a52 mem 0x80013fe4
core   0: 0x8000bed0 (0x16160b13) addi    s6, a2, 353
core   0: 3 0x8000bed0 (0x16160b13) x22 0x00000bb3
core   0: 0x8000bed4 (0x0000100f) fence.i
core   0: 3 0x8000bed4 (0x0000100f)
core   0: 0x8000bed8 (0xfc431503) lh      a0, -60(t1)
core   0: 3 0x8000bed8 (0xfc431503) x10 0x00000008 mem 0x80013fca
core   0: 0x8000bedc (0xfff30503) lb      a0, -1(t1)
core   0: 3 0x8000bedc (0xfff30503) x10 0x0000005c mem 0x80014005
core   0: 0x8000bee0 (0xfe334203) lbu     tp, -29(t1)
core   0: 3 0x8000bee0 (0xfe334203) x 4 0x00000026 mem 0x80013fe9
core   0: 0x8000bee4 (0xfd231603) lh      a2, -46(t1)
core   0: 3 0x8000bee4 (0xfd231603) x12 0xffffffff mem 0x80013fd8
core   0: 0x8000bee8 (0x00410633) add     a2, sp, tp
core   0: 3 0x8000bee8 (0x00410633) x12 0x00000066
core   0: 0x8000beec (0x02c31823) sh      a2, 48(t1)
core   0: 3 0x8000beec (0x02c31823) mem 0x80014036 0x0066
core   0: 0x8000bef0 (0x02a306a3) sb      a0, 45(t1)
core   0: 3 0x8000bef0 (0x02a306a3) mem 0x80014033 0x5c
core   0: 0x8000bef4 (0x024305a3) sb      tp, 43(t1)
core   0: 3 0x8000bef4 (0x024305a3) mem 0x80014031 0x26
core   0: 0x8000bef8 (0x00018b97) auipc   s7, 0x18
core   0: 3 0x8000bef8 (0x00018b97) x23 0x80023ef8
core   0: 0x8000befc (0x180b8b93) addi    s7, s7, 384
core   0: 3 0x8000befc (0x180b8b93) x23 0x80024078
core   0: 0x8000bf00 (0x000098fd) c.andi  s1, -1
core   0: 3 0x8000bf00 (0x98fd) x 9 0xffffffff
core   0: 0x8000bf02 (0x010f5233) srl     tp, t5, a6
core   0: 3 0x8000bf02 (0x010f5233) x 4 0x008002cd
core   0: 0x8000bf06 (0xbf5ce193) ori     gp, s9, -1035
core   0: 3 0x8000bf06 (0xbf5ce193) x 3 0xfffffffd
core   0: 0x8000bf0a (0xf9636993) ori     s3, t1, -106
core   0: 3 0x8000bf0a (0xf9636993) x19 0xffffff96
core   0: 0x8000bf0e (0x00008c25) c.xor   s0, s1
core   0: 3 0x8000bf0e (0x8c25) x 8 0xffffff43
core   0: 0x8000bf10 (0x37bd11b7) lui     gp, 0x37bd1
core   0: 3 0x8000bf10 (0x37bd11b7) x 3 0x37bd1000
core   0: 0x8000bf14 (0x01ce97b3) sll     a5, t4, t3
core   0: 3 0x8000bf14 (0x01ce97b3) x15 0x00020000
core   0: 0x8000bf18 (0x00130eb3) add     t4, t1, ra
core   0: 3 0x8000bf18 (0x00130eb3) x29 0x00040d2a
core   0: 0x8000bf1c (0x01b89e13) slli    t3, a7, 27
core   0: 3 0x8000bf1c (0x01b89e13) x28 0x38000000
core   0: 0x8000bf20 (0x140ba52f) lr.w    a0, (s7)
core   0: 3 0x8000bf20 (0x140ba52f) x10 0x00000000 mem 0x80024078
core   0: 0x8000bf24 (0x01f848b3) xor     a7, a6, t6
core   0: 3 0x8000bf24 (0x01f848b3) x17 0x0000000a
core   0: 0x8000bf28 (0x340ada73) csrrwi  s4, mscratch, 21
core   0: 3 0x8000bf28 (0x340ada73) x20 0x0000000f c832_mscratch 0x00000015
core   0: 0x8000bf2c (0x00000001) c.nop
core   0: 3 0x8000bf2c (0x0001)
core   0: 0x8000bf2e (0x00008ce5) c.and   s1, s1
core   0: 3 0x8000bf2e (0x8ce5) x 9 0xffffffff
core   0: 0x8000bf30 (0x1a6ba52f) sc.w    a0, t1, (s7)
core   0: 3 0x8000bf30 (0x1a6ba52f) x10 0x00000000 mem 0x80024078 0x80014006
core   0: 0x8000bf34 (0x00018597) auipc   a1, 0x18
core   0: 3 0x8000bf34 (0x00018597) x11 0x80023f34
core   0: 0x8000bf38 (0x12c58593) addi    a1, a1, 300
core   0: 3 0x8000bf38 (0x12c58593) x11 0x80024060
core   0: 0x8000bf3c (0x0b15a22f) amoswap.w tp, a7, (a1)
core   0: 3 0x8000bf3c (0x0b15a22f) x 4 0xffffff8e mem 0x80024060 mem 0x80024060 0x0000000a
core   0: 0x8000bf40 (0x2325aa2f) amoxor.w s4, s2, (a1)
core   0: 3 0x8000bf40 (0x2325aa2f) x20 0x0000000a mem 0x80024060 mem 0x80024060 0x0000000a
core   0: 0x8000bf44 (0x020327b3) mulhsu  a5, t1, zero
core   0: 3 0x8000bf44 (0x020327b3) x15 0x00000000
core   0: 0x8000bf48 (0xe305a12f) amomaxu.w sp, a6, (a1)
core   0: 3 0x8000bf48 (0xe305a12f) x 2 0x0000000a mem 0x80024060 mem 0x80024060 0x0000000a
core   0: 0x8000bf4c (0x00629433) sll     s0, t0, t1
core   0: 3 0x8000bf4c (0x00629433) x 8 0x00a39d00
core   0: 0x8000bf50 (0xe4f5a62f) amomaxu.w a2, a5, (a1)
core   0: 3 0x8000bf50 (0xe4f5a62f) x12 0x0000000a mem 0x80024060 mem 0x80024060 0x0000000a
core   0: 0x8000bf54 (0xc1e5a32f) amominu.w t1, t5, (a1)
core   0: 3 0x8000bf54 (0xc1e5a32f) x 6 0x0000000a mem 0x80024060 mem 0x80024060 0x0000000a
core   0: 0x8000bf58 (0xa165a4af) amomax.w s1, s6, (a1)
core   0: 3 0x8000bf58 (0xa165a4af) x 9 0x0000000a mem 0x80024060 mem 0x80024060 0x00000bb3
core   0: 0x8000bf5c (0x2125a82f) amoxor.w a6, s2, (a1)
core   0: 3 0x8000bf5c (0x2125a82f) x16 0x00000bb3 mem 0x80024060 mem 0x80024060 0x00000bb3
core   0: 0x8000bf60 (0x6445a12f) amoand.w sp, tp, (a1)
core   0: 3 0x8000bf60 (0x6445a12f) x 2 0x00000bb3 mem 0x80024060 mem 0x80024060 0x00000b82
core   0: 0x8000bf64 (0x0155aeaf) amoadd.w t4, s5, (a1)
core   0: 3 0x8000bf64 (0x0155aeaf) x29 0x00000b82 mem 0x80024060 mem 0x80024060 0x00000b82
core   0: 0x8000bf68 (0x0a95a1af) amoswap.w gp, s1, (a1)
core   0: 3 0x8000bf68 (0x0a95a1af) x 3 0x00000b82 mem 0x80024060 mem 0x80024060 0x0000000a
core   0: 0x8000bf6c (0x0140066f) jal     a2, pc + 0x14
core   0: 3 0x8000bf6c (0x0140066f) x12 0x8000bf70
core   0: 0x8000bf80 (0xffdff0ef) jal     pc - 0x4
core   0: 3 0x8000bf80 (0xffdff0ef) x 1 0x8000bf84
core   0: 0x8000bf7c (0x00002009) c.jal   pc + 2
core   0: 3 0x8000bf7c (0x2009) x 1 0x8000bf7e
core   0: 0x8000bf7e (0x0000bfe5) c.j     pc - 8
core   0: 3 0x8000bf7e (0xbfe5)
core   0: 0x8000bf76 (0x00002009) c.jal   pc + 2
core   0: 3 0x8000bf76 (0x2009) x 1 0x8000bf78
core   0: 0x8000bf78 (0x00003ff5) c.jal   pc - 4
core   0: 3 0x8000bf78 (0x3ff5) x 1 0x8000bf7a
core   0: 0x8000bf74 (0x00002801) c.jal   pc + 16
core   0: 3 0x8000bf74 (0x2801) x 1 0x8000bf76
core   0: 0x8000bf84 (0x00003fdd) c.jal   pc - 10
core   0: 3 0x8000bf84 (0x3fdd) x 1 0x8000bf86
core   0: 0x8000bf7a (0x00002031) c.jal   pc + 12
core   0: 3 0x8000bf7a (0x2031) x 1 0x8000bf7c
core   0: 0x8000bf86 (0x000037ed) c.jal   pc - 22
core   0: 3 0x8000bf86 (0x37ed) x 1 0x8000bf88
core   0: 0x8000bf70 (0x00002009) c.jal   pc + 2
core   0: 3 0x8000bf70 (0x2009) x 1 0x8000bf72
core   0: 0x8000bf72 (0x00002819) c.jal   pc + 22
core   0: 3 0x8000bf72 (0x2819) x 1 0x8000bf74
core   0: 0x8000bf88 (0x9abd3013) sltiu   zero, s10, -1621
core   0: 3 0x8000bf88 (0x9abd3013)
core   0: 0x8000bf8c (0x00018217) auipc   tp, 0x18
core   0: 3 0x8000bf8c (0x00018217) x 4 0x80023f8c
core   0: 0x8000bf90 (0x0f420213) addi    tp, tp, 244
core   0: 3 0x8000bf90 (0x0f420213) x 4 0x80024080
core   0: 0x8000bf94 (0x00018b97) auipc   s7, 0x18
core   0: 3 0x8000bf94 (0x00018b97) x23 0x80023f94
core   0: 0x8000bf98 (0x0d4b8b93) addi    s7, s7, 212
core   0: 3 0x8000bf98 (0x0d4b8b93) x23 0x80024068
core   0: 0x8000bf9c (0x00018d97) auipc   s11, 0x18
core   0: 3 0x8000bf9c (0x00018d97) x27 0x80023f9c
core   0: 0x8000bfa0 (0x0c0d8d93) addi    s11, s11, 192
core   0: 3 0x8000bfa0 (0x0c0d8d93) x27 0x8002405c
core   0: 0x8000bfa4 (0x00018417) auipc   s0, 0x18
core   0: 3 0x8000bfa4 (0x00018417) x 8 0x80023fa4
core   0: 0x8000bfa8 (0x0dc40413) addi    s0, s0, 220
core   0: 3 0x8000bfa8 (0x0dc40413) x 8 0x80024080
core   0: 0x8000bfac (0x0228d833) divu    a6, a7, sp
core   0: 3 0x8000bfac (0x0228d833) x16 0x00000000
core   0: 0x8000bfb0 (0x03fd2533) mulhsu  a0, s10, t6
core   0: 3 0x8000bfb0 (0x03fd2533) x10 0x00000000
core   0: 0x8000bfb4 (0x849dad2f) amomin.w s10, s1, (s11)
core   0: 3 0x8000bfb4 (0x849dad2f) x26 0x8002cd26 mem 0x8002405c mem 0x8002405c 0x8002cd26
core   0: 0x8000bfb8 (0x22ada5af) amoxor.w a1, a0, (s11)
core   0: 3 0x8000bfb8 (0x22ada5af) x11 0x8002cd26 mem 0x8002405c mem 0x8002405c 0x8002cd26
core   0: 0x8000bfbc (0x000087a5) c.srai  a5, 9
core   0: 3 0x8000bfbc (0x87a5) x15 0x00000000
core   0: 0x8000bfbe (0x0c7ba0af) amoswap.w ra, t2, (s7)
core   0: 3 0x8000bfbe (0x0c7ba0af) x 1 0x8001b7e5 mem 0x80024068 mem 0x80024068 0x00000006
core   0: 0x8000bfc2 (0x43c4252f) amoor.w a0, t3, (s0)
core   0: 3 0x8000bfc2 (0x43c4252f) x10 0x00000058 mem 0x80024080 mem 0x80024080 0x38000058
core   0: 0x8000bfc6 (0xc55428af) amominu.w a7, s5, (s0)
core   0: 3 0x8000bfc6 (0xc55428af) x17 0x38000058 mem 0x80024080 mem 0x80024080 0x00000000
core   0: 0x8000bfca (0x088229af) amoswap.w s3, s0, (tp)
core   0: 3 0x8000bfca (0x088229af) x19 0x00000000 mem 0x80024080 mem 0x80024080 0x80024080
core   0: 0x8000bfce (0x0000717d) c.addi16sp sp, -16
core   0: 3 0x8000bfce (0x717d) x 2 0x00000ba3
core   0: 0x8000bfd0 (0x84c22a2f) amomin.w s4, a2, (tp)
core   0: 3 0x8000bfd0 (0x84c22a2f) x20 0x80024080 mem 0x80024080 mem 0x80024080 0x8000bf70
core   0: 0x8000bfd4 (0x00018e17) auipc   t3, 0x18
core   0: 3 0x8000bfd4 (0x00018e17) x28 0x80023fd4
core   0: 0x8000bfd8 (0x0a4e0e13) addi    t3, t3, 164
core   0: 3 0x8000bfd8 (0x0a4e0e13) x28 0x80024078
core   0: 0x8000bfdc (0x00018697) auipc   a3, 0x18
core   0: 3 0x8000bfdc (0x00018697) x13 0x80023fdc
core   0: 0x8000bfe0 (0x07c68693) addi    a3, a3, 124
core   0: 3 0x8000bfe0 (0x07c68693) x13 0x80024058
core   0: 0x8000bfe4 (0x0536a42f) amoadd.w s0, s3, (a3)
core   0: 3 0x8000bfe4 (0x0536a42f) x 8 0x80013afb mem 0x80024058 mem 0x80024058 0x80013afb
core   0: 0x8000bfe8 (0x0866a12f) amoswap.w sp, t1, (a3)
core   0: 3 0x8000bfe8 (0x0866a12f) x 2 0x80013afb mem 0x80024058 mem 0x80024058 0x0000000a
core   0: 0x8000bfec (0x00018917) auipc   s2, 0x18
core   0: 3 0x8000bfec (0x00018917) x18 0x80023fec
core   0: 0x8000bff0 (0x09090913) addi    s2, s2, 144
core   0: 3 0x8000bff0 (0x09090913) x18 0x8002407c
core   0: 0x8000bff4 (0x020c0033) mul     zero, s8, zero
core   0: 3 0x8000bff4 (0x020c0033)
core   0: 0x8000bff8 (0x14092daf) lr.w    s11, (s2)
core   0: 3 0x8000bff8 (0x14092daf) x27 0x80024058 mem 0x8002407c
core   0: 0x8000bffc (0x41f904b3) sub     s1, s2, t6
core   0: 3 0x8000bffc (0x41f904b3) x 9 0x8002407a
core   0: 0x8000c000 (0x000083d9) c.srli  a5, 22
core   0: 3 0x8000c000 (0x83d9) x15 0x00000000
core   0: 0x8000c002 (0x00008289) c.srli  a3, 2
core   0: 3 0x8000c002 (0x8289) x13 0x20009016
core   0: 0x8000c004 (0x40838633) sub     a2, t2, s0
core   0: 3 0x8000c004 (0x40838633) x12 0x7ffec50b
core   0: 0x8000c008 (0xd5baa313) slti    t1, s5, -677
core   0: 3 0x8000c008 (0xd5baa313) x 6 0x00000000
core   0: 0x8000c00c (0x1d8921af) sc.w    gp, s8, (s2)
core   0: 3 0x8000c00c (0x1d8921af) x 3 0x00000000 mem 0x8002407c 0x0000000c
core   0: 0x8000c010 (0x00008517) auipc   a0, 0x8
core   0: 3 0x8000c010 (0x00008517) x10 0x80014010
core   0: 0x8000c014 (0xbee50513) addi    a0, a0, -1042
core   0: 3 0x8000c014 (0xbee50513) x10 0x80013bfe
core   0: 0x8000c018 (0xfe0509a3) sb      zero, -13(a0)
core   0: 3 0x8000c018 (0xfe0509a3) mem 0x80013bf1 0x0
core   0: 0x8000c01c (0x00350083) lb      ra, 3(a0)
core   0: 3 0x8000c01c (0x00350083) x 1 0xffffff81 mem 0x80013c01
core   0: 0x8000c020 (0x00e52c83) lw      s9, 14(a0)
core   0: 3 0x8000c020 (0x00e52c83) x25 0x0ee8101a mem 0x80013c0c
core   0: 0x8000c024 (0x00451783) lh      a5, 4(a0)
core   0: 3 0x8000c024 (0x00451783) x15 0xffffa2d5 mem 0x80013c02
core   0: 0x8000c028 (0x00008d95) c.sub   a1, a3
core   0: 3 0x8000c028 (0x8d95) x11 0x60023d10
core   0: 0x8000c02a (0x00466bb3) or      s7, a2, tp
core   0: 3 0x8000c02a (0x00466bb3) x23 0xfffec58b
core   0: 0x8000c02e (0x01151423) sh      a7, 8(a0)
core   0: 3 0x8000c02e (0x01151423) mem 0x80013c06 0x0058
core   0: 0x8000c032 (0x02ffb8b3) mulhu   a7, t6, a5
core   0: 3 0x8000c032 (0x02ffb8b3) x17 0x00000001
core   0: 0x8000c036 (0x0156d133) srl     sp, a3, s5
core   0: 3 0x8000c036 (0x0156d133) x 2 0x20009016
core   0: 0x8000c03a (0x0000614d) c.addi16sp sp, 176
core   0: 3 0x8000c03a (0x614d) x 2 0x200090c6
core   0: 0x8000c03c (0x012277b3) and     a5, tp, s2
core   0: 3 0x8000c03c (0x012277b3) x15 0x80024000
core   0: 0x8000c040 (0x340ed0f3) csrrwi  ra, mscratch, 29
core   0: 3 0x8000c040 (0x340ed0f3) x 1 0x00000015 c832_mscratch 0x0000001d
core   0: 0x8000c044 (0x00006421) c.lui   s0, 0x8
core   0: 3 0x8000c044 (0x6421) x 8 0x00008000
core   0: 0x8000c046 (0x01d50323) sb      t4, 6(a0)
core   0: 3 0x8000c046 (0x01d50323) mem 0x80013c04 0x82
core   0: 0x8000c04a (0x00550083) lb      ra, 5(a0)
core   0: 3 0x8000c04a (0x00550083) x 1 0xffffffa2 mem 0x80013c03
core   0: 0x8000c04e (0xff455b03) lhu     s6, -12(a0)
core   0: 3 0x8000c04e (0xff455b03) x22 0x0000956c mem 0x80013bf2
core   0: 0x8000c052 (0x91d92237) lui     tp, 0x91d92
core   0: 3 0x8000c052 (0x91d92237) x 4 0x91d92000
core   0: 0x8000c056 (0x01c9a5b3) slt     a1, s3, t3
core   0: 3 0x8000c056 (0x01c9a5b3) x11 0x00000000
core   0: 0x8000c05a (0x558b8813) addi    a6, s7, 1368
core   0: 3 0x8000c05a (0x558b8813) x16 0xfffecae3
core   0: 0x8000c05e (0xc012ca93) xori    s5, t0, -1023
core   0: 3 0x8000c05e (0xc012ca93) x21 0x7ffd7275
core   0: 0x8000c062 (0x01252123) sw      s2, 2(a0)
core   0: 3 0x8000c062 (0x01252123) mem 0x80013c00 0x8002407c
core   0: 0x8000c066 (0x34086d73) csrrsi  s10, mscratch, 16
core   0: 3 0x8000c066 (0x34086d73) x26 0x0000001d c832_mscratch 0x0000001d
core   0: 0x8000c06a (0x012eebb3) or      s7, t4, s2
core   0: 3 0x8000c06a (0x012eebb3) x23 0x80024bfe
core   0: 0x8000c06e (0xfe650fa3) sb      t1, -1(a0)
core   0: 3 0x8000c06e (0xfe650fa3) mem 0x80013bfd 0x0
core   0: 0x8000c072 (0x00c51703) lh      a4, 12(a0)
core   0: 3 0x8000c072 (0x00c51703) x14 0x0000353b mem 0x80013c0a
core   0: 0x8000c076 (0x00d54c83) lbu     s9, 13(a0)
core   0: 3 0x8000c076 (0x00d54c83) x25 0x00000035 mem 0x80013c0b
core   0: 0x8000c07a (0x017507a3) sb      s7, 15(a0)
core   0: 3 0x8000c07a (0x017507a3) mem 0x80013c0d 0xfe
core   0: 0x8000c07e (0x01350223) sb      s3, 4(a0)
core   0: 3 0x8000c07e (0x01350223) mem 0x80013c02 0x0
core   0: 0x8000c082 (0x0000863d) c.srai  a2, 15
core   0: 3 0x8000c082 (0x863d) x12 0x0000fffd
core   0: 0x8000c084 (0x00150b83) lb      s7, 1(a0)
core   0: 3 0x8000c084 (0x00150b83) x23 0x00000070 mem 0x80013bff
core   0: 0x8000c088 (0x0000100f) fence.i
core   0: 3 0x8000c088 (0x0000100f)
core   0: 0x8000c08c (0xfff50e03) lb      t3, -1(a0)
core   0: 3 0x8000c08c (0xfff50e03) x28 0x00000000 mem 0x80013bfd
core   0: 0x8000c090 (0x0000100f) fence.i
core   0: 3 0x8000c090 (0x0000100f)
core   0: 0x8000c094 (0x00001e18) c.addi4spn a4, sp, 816
core   0: 3 0x8000c094 (0x1e18) x14 0x200093f6
core   0: 0x8000c096 (0x34029df3) csrrw   s11, mscratch, t0
core   0: 3 0x8000c096 (0x34029df3) x27 0x0000001d c832_mscratch 0x80028e74
core   0: 0x8000c09a (0xfe951e23) sh      s1, -4(a0)
core   0: 3 0x8000c09a (0xfe951e23) mem 0x80013bfa 0x407a
core   0: 0x8000c09e (0x01050a03) lb      s4, 16(a0)
core   0: 3 0x8000c09e (0x01050a03) x20 0xffffffe8 mem 0x80013c0e
core   0: 0x8000c0a2 (0x184b6113) ori     sp, s6, 388
core   0: 3 0x8000c0a2 (0x184b6113) x 2 0x000095ec
core   0: 0x8000c0a6 (0x02d46db3) rem     s11, s0, a3
core   0: 3 0x8000c0a6 (0x02d46db3) x27 0x00008000
core   0: 0x8000c0aa (0x00354403) lbu     s0, 3(a0)
core   0: 3 0x8000c0aa (0x00354403) x 8 0x00000040 mem 0x80013c01
core   0: 0x8000c0ae (0x00b54403) lbu     s0, 11(a0)
core   0: 3 0x8000c0ae (0x00b54403) x 8 0x00000028 mem 0x80013c09
core   0: 0x8000c0b2 (0x01050c03) lb      s8, 16(a0)
core   0: 3 0x8000c0b2 (0x01050c03) x24 0xffffffe8 mem 0x80013c0e
core   0: 0x8000c0b6 (0x00c501a3) sb      a2, 3(a0)
core   0: 3 0x8000c0b6 (0x00c501a3) mem 0x80013c01 0xfd
core   0: 0x8000c0ba (0x00851e03) lh      t3, 8(a0)
core   0: 3 0x8000c0ba (0x00851e03) x28 0x00000058 mem 0x80013c06
core   0: 0x8000c0be (0xfed508a3) sb      a3, -15(a0)
core   0: 3 0x8000c0be (0xfed508a3) mem 0x80013bef 0x16
core   0: 0x8000c0c2 (0x01650823) sb      s6, 16(a0)
core   0: 3 0x8000c0c2 (0x01650823) mem 0x80013c0e 0x6c
core   0: 0x8000c0c6 (0x00e55e03) lhu     t3, 14(a0)
core   0: 3 0x8000c0c6 (0x00e55e03) x28 0x0000fe1a mem 0x80013c0c
core   0: 0x8000c0ca (0x00018b17) auipc   s6, 0x18
core   0: 3 0x8000c0ca (0x00018b17) x22 0x800240ca
core   0: 0x8000c0ce (0xf8eb0b13) addi    s6, s6, -114
core   0: 3 0x8000c0ce (0xf8eb0b13) x22 0x80024058
core   0: 0x8000c0d2 (0x00018d97) auipc   s11, 0x18
core   0: 3 0x8000c0d2 (0x00018d97) x27 0x800240d2
core   0: 0x8000c0d6 (0xf76d8d93) addi    s11, s11, -138
core   0: 3 0x8000c0d6 (0xf76d8d93) x27 0x80024048
core   0: 0x8000c0da (0x00018497) auipc   s1, 0x18
core   0: 3 0x8000c0da (0x00018497) x 9 0x800240da
core   0: 0x8000c0de (0xf9e48493) addi    s1, s1, -98
core   0: 3 0x8000c0de (0xf9e48493) x 9 0x80024078
core   0: 0x8000c0e2 (0x00018217) auipc   tp, 0x18
core   0: 3 0x8000c0e2 (0x00018217) x 4 0x800240e2
core   0: 0x8000c0e6 (0xf7e20213) addi    tp, tp, -130
core   0: 3 0x8000c0e6 (0xf7e20213) x 4 0x80024060
core   0: 0x8000c0ea (0xa44b282f) amomax.w a6, tp, (s6)
core   0: 3 0x8000c0ea (0xa44b282f) x16 0x0000000a mem 0x80024058 mem 0x80024058 0x0000000a
core   0: 0x8000c0ee (0x632b202f) amoand.w zero, s2, (s6)
core   0: 3 0x8000c0ee (0x632b202f) mem 0x80024058 mem 0x80024058 0x00000008
core   0: 0x8000c0f2 (0x213dad2f) amoxor.w s10, s3, (s11)
core   0: 3 0x8000c0f2 (0x213dad2f) x26 0x00000006 mem 0x80024048 mem 0x80024048 0x00000006
core   0: 0x8000c0f6 (0xe33221af) amomaxu.w gp, s3, (tp)
core   0: 3 0x8000c0f6 (0xe33221af) x 3 0x0000000a mem 0x80024060 mem 0x80024060 0x0000000a
core   0: 0x8000c0fa (0xa54226af) amomax.w a3, s4, (tp)
core   0: 3 0x8000c0fa (0xa54226af) x13 0x0000000a mem 0x80024060 mem 0x80024060 0x0000000a
core   0: 0x8000c0fe (0xa02b2a2f) amomax.w s4, sp, (s6)
core   0: 3 0x8000c0fe (0xa02b2a2f) x20 0x00000008 mem 0x80024058 mem 0x80024058 0x000095ec
core   0: 0x8000c102 (0x00d4abaf) amoadd.w s7, a3, (s1)
core   0: 3 0x8000c102 (0x00d4abaf) x23 0x80014006 mem 0x80024078 mem 0x80024078 0x80014010
core   0: 0x8000c106 (0x00cb2e2f) amoadd.w t3, a2, (s6)
core   0: 3 0x8000c106 (0x00cb2e2f) x28 0x000095ec mem 0x80024058 mem 0x80024058 0x000195e9
core   0: 0x8000c10a (0x45fda5af) amoor.w a1, t6, (s11)
core   0: 3 0x8000c10a (0x45fda5af) x11 0x00000006 mem 0x80024048 mem 0x80024048 0x00000006
core   0: 0x8000c10e (0x400daeaf) amoor.w t4, zero, (s11)
core   0: 3 0x8000c10e (0x400daeaf) x29 0x00000006 mem 0x80024048 mem 0x80024048 0x00000006
core   0: 0x8000c112 (0x0000f097) auipc   ra, 0xf
core   0: 3 0x8000c112 (0x0000f097) x 1 0x8001b112
core   0: 0x8000c116 (0x07208093) addi    ra, ra, 114
core   0: 3 0x8000c116 (0x07208093) x 1 0x8001b184
core   0: 0x8000c11a (0x00007517) auipc   a0, 0x7
core   0: 3 0x8000c11a (0x00007517) x10 0x8001311a
core   0: 0x8000c11e (0x66050513) addi    a0, a0, 1632
core   0: 3 0x8000c11e (0x66050513) x10 0x8001377a
core   0: 0x8000c122 (0xfd308883) lb      a7, -45(ra)
core   0: 3 0x8000c122 (0xfd308883) x17 0xffffffba mem 0x8001b157
core   0: 0x8000c126 (0xffe08e83) lb      t4, -2(ra)
core   0: 3 0x8000c126 (0xffe08e83) x29 0x00000014 mem 0x8001b182
core   0: 0x8000c12a (0x0e0084a3) sb      zero, 233(ra)
core   0: 3 0x8000c12a (0x0e0084a3) mem 0x8001b26d 0x0
core   0: 0x8000c12e (0x00e54803) lbu     a6, 14(a0)
core   0: 3 0x8000c12e (0x00e54803) x16 0x00000020 mem 0x80013788
core   0: 0x8000c132 (0x0b108a03) lb      s4, 177(ra)
core   0: 3 0x8000c132 (0x0b108a03) x20 0xffffffea mem 0x8001b235
core   0: 0x8000c136 (0x0d20d883) lhu     a7, 210(ra)
core   0: 3 0x8000c136 (0x0d20d883) x17 0x00002145 mem 0x8001b256
core   0: 0x8000c13a (0xfdc089a3) sb      t3, -45(ra)
core   0: 3 0x8000c13a (0xfdc089a3) mem 0x8001b157 0xec
core   0: 0x8000c13e (0x00c55483) lhu     s1, 12(a0)
core   0: 3 0x8000c13e (0x00c55483) x 9 0x00008531 mem 0x80013786
core   0: 0x8000c142 (0x010502a3) sb      a6, 5(a0)
core   0: 3 0x8000c142 (0x010502a3) mem 0x8001377f 0x20
core   0: 0x8000c146 (0x01751623) sh      s7, 12(a0)
core   0: 3 0x8000c146 (0x01751623) mem 0x80013786 0x4006
core   0: 0x8000c14a (0x03b08883) lb      a7, 59(ra)
core   0: 3 0x8000c14a (0x03b08883) x17 0xffffff8a mem 0x8001b1bf
core   0: 0x8000c14e (0x00550903) lb      s2, 5(a0)
core   0: 3 0x8000c14e (0x00550903) x18 0x00000020 mem 0x8001377f
core   0: 0x8000c152 (0x01708b03) lb      s6, 23(ra)
core   0: 3 0x8000c152 (0x01708b03) x22 0x00000006 mem 0x8001b19b
core   0: 0x8000c156 (0x0e40d903) lhu     s2, 228(ra)
core   0: 3 0x8000c156 (0x0e40d903) x18 0x0000bd39 mem 0x8001b268
core   0: 0x8000c15a (0xffd50d83) lb      s11, -3(a0)
core   0: 3 0x8000c15a (0xffd50d83) x27 0x00000058 mem 0x80013777
core   0: 0x8000c15e (0x00c51d83) lh      s11, 12(a0)
core   0: 3 0x8000c15e (0x00c51d83) x27 0x00004006 mem 0x80013786
core   0: 0x8000c162 (0xfe051c23) sh      zero, -8(a0)
core   0: 3 0x8000c162 (0xfe051c23) mem 0x80013772 0x0000
core   0: 0x8000c166 (0xf7009623) sh      a6, -148(ra)
core   0: 3 0x8000c166 (0xf7009623) mem 0x8001b0f0 0x0020
core   0: 0x8000c16a (0xff150a03) lb      s4, -15(a0)
core   0: 3 0x8000c16a (0xff150a03) x20 0x00000002 mem 0x8001376b
core   0: 0x8000c16e (0x0000d117) auipc   sp, 0xd
core   0: 3 0x8000c16e (0x0000d117) x 2 0x8001916e
core   0: 0x8000c172 (0xc0910113) addi    sp, sp, -1015
core   0: 3 0x8000c172 (0xc0910113) x 2 0x80018d77
core   0: 0x8000c176 (0x9c110923) sb      ra, -1582(sp)
core   0: 3 0x8000c176 (0x9c110923) mem 0x80018749 0x84
core   0: 0x8000c17a (0x9d210603) lb      a2, -1582(sp)
core   0: 3 0x8000c17a (0x9d210603) x12 0xffffff84 mem 0x80018749
core   0: 0x8000c17e (0x9d210b83) lb      s7, -1582(sp)
core   0: 3 0x8000c17e (0x9d210b83) x23 0xffffff84 mem 0x80018749
core   0: 0x8000c182 (0x9d010923) sb      a6, -1582(sp)
core   0: 3 0x8000c182 (0x9d010923) mem 0x80018749 0x20
core   0: 0x8000c186 (0x9c310923) sb      gp, -1582(sp)
core   0: 3 0x8000c186 (0x9c310923) mem 0x80018749 0xa
core   0: 0x8000c18a (0x9c210923) sb      sp, -1582(sp)
core   0: 3 0x8000c18a (0x9c210923) mem 0x80018749 0x77
core   0: 0x8000c18e (0x9d210f83) lb      t6, -1582(sp)
core   0: 3 0x8000c18e (0x9d210f83) x31 0x00000077 mem 0x80018749
core   0: 0x8000c192 (0x9c710923) sb      t2, -1582(sp)
core   0: 3 0x8000c192 (0x9c710923) mem 0x80018749 0x6
core   0: 0x8000c196 (0x9ca10923) sb      a0, -1582(sp)
core   0: 3 0x8000c196 (0x9ca10923) mem 0x80018749 0x7a
core   0: 0x8000c19a (0x9d210203) lb      tp, -1582(sp)
core   0: 3 0x8000c19a (0x9d210203) x 4 0x0000007a mem 0x80018749
core   0: 0x8000c19e (0x0070dc33) srl     s8, ra, t2
core   0: 3 0x8000c19e (0x0070dc33) x24 0x020006c6
core   0: 0x8000c1a2 (0x9d214003) lbu     zero, -1582(sp)
core   0: 3 0x8000c1a2 (0x9d214003) mem 0x80018749
core   0: 0x8000c1a6 (0x3019cbb7) lui     s7, 0x3019c
core   0: 3 0x8000c1a6 (0x3019cbb7) x23 0x3019c000
core   0: 0x8000c1aa (0x0145d313) srli    t1, a1, 20
core   0: 3 0x8000c1aa (0x0145d313) x 6 0x00000000
core   0: 0x8000c1ae (0x99014903) lbu     s2, -1648(sp)
core   0: 3 0x8000c1ae (0x99014903) x18 0x00000070 mem 0x80018707
core   0: 0x8000c1b2 (0x99010e83) lb      t4, -1648(sp)
core   0: 3 0x8000c1b2 (0x99010e83) x29 0x00000070 mem 0x80018707
core   0: 0x8000c1b6 (0x00018d17) auipc   s10, 0x18
core   0: 3 0x8000c1b6 (0x00018d17) x26 0x800241b6
core   0: 0x8000c1ba (0xeaed0d13) addi    s10, s10, -338
core   0: 3 0x8000c1ba (0xeaed0d13) x26 0x80024064
core   0: 0x8000c1be (0x00018417) auipc   s0, 0x18
core   0: 3 0x8000c1be (0x00018417) x 8 0x800241be
core   0: 0x8000c1c2 (0xebe40413) addi    s0, s0, -322
core   0: 3 0x8000c1c2 (0xebe40413) x 8 0x8002407c
core   0: 0x8000c1c6 (0x00018b97) auipc   s7, 0x18
core   0: 3 0x8000c1c6 (0x00018b97) x23 0x800241c6
core   0: 0x8000c1ca (0xeaab8b93) addi    s7, s7, -342
core   0: 3 0x8000c1ca (0xeaab8b93) x23 0x80024070
core   0: 0x8000c1ce (0x00018597) auipc   a1, 0x18
core   0: 3 0x8000c1ce (0x00018597) x11 0x800241ce
core   0: 0x8000c1d2 (0xe9a58593) addi    a1, a1, -358
core   0: 3 0x8000c1d2 (0xe9a58593) x11 0x80024068
core   0: 0x8000c1d6 (0x43dba6af) amoor.w a3, t4, (s7)
core   0: 3 0x8000c1d6 (0x43dba6af) x13 0x00000006 mem 0x80024070 mem 0x80024070 0x00000076
core   0: 0x8000c1da (0x62342a2f) amoand.w s4, gp, (s0)
core   0: 3 0x8000c1da (0x62342a2f) x20 0x0000000c mem 0x8002407c mem 0x8002407c 0x00000008
core   0: 0x8000c1de (0x00982e33) slt     t3, a6, s1
core   0: 3 0x8000c1de (0x00982e33) x28 0x00000001
core   0: 0x8000c1e2 (0xe215ab2f) amomaxu.w s6, ra, (a1)
core   0: 3 0x8000c1e2 (0xe215ab2f) x22 0x00000006 mem 0x80024068 mem 0x80024068 0x8001b184
core   0: 0x8000c1e6 (0x207ba22f) amoxor.w tp, t2, (s7)
core   0: 3 0x8000c1e6 (0x207ba22f) x 4 0x00000076 mem 0x80024070 mem 0x80024070 0x00000070
core   0: 0x8000c1ea (0x22d42faf) amoxor.w t6, a3, (s0)
core   0: 3 0x8000c1ea (0x22d42faf) x31 0x00000008 mem 0x8002407c mem 0x8002407c 0x0000000e
core   0: 0x8000c1ee (0xc2fba02f) amominu.w zero, a5, (s7)
core   0: 3 0x8000c1ee (0xc2fba02f) mem 0x80024070 mem 0x80024070 0x00000070
core   0: 0x8000c1f2 (0x41d4272f) amoor.w a4, t4, (s0)
core   0: 3 0x8000c1f2 (0x41d4272f) x14 0x0000000e mem 0x8002407c mem 0x8002407c 0x0000007e
core   0: 0x8000c1f6 (0x0bfd2faf) amoswap.w t6, t6, (s10)
core   0: 3 0x8000c1f6 (0x0bfd2faf) x31 0x0000251a mem 0x80024064 mem 0x80024064 0x00000008
core   0: 0x8000c1fa (0x00018b97) auipc   s7, 0x18
core   0: 3 0x8000c1fa (0x00018b97) x23 0x800241fa
core   0: 0x8000c1fe (0xe5eb8b93) addi    s7, s7, -418
core   0: 3 0x8000c1fe (0xe5eb8b93) x23 0x80024058
core   0: 0x8000c202 (0x4502ba13) sltiu   s4, t0, 1104
core   0: 3 0x8000c202 (0x4502ba13) x20 0x00000000
core   0: 0x8000c206 (0x100ba92f) lr.w    s2, (s7)
core   0: 3 0x8000c206 (0x100ba92f) x18 0x000195e9 mem 0x80024058
core   0: 0x8000c20a (0x409f8fb3) sub     t6, t6, s1
core   0: 3 0x8000c20a (0x409f8fb3) x31 0xffff9fe9
core   0: 0x8000c20e (0xc9333813) sltiu   a6, t1, -877
core   0: 3 0x8000c20e (0xc9333813) x16 0x00000001
core   0: 0x8000c212 (0x00006159) c.addi16sp sp, 400
core   0: 3 0x8000c212 (0x6159) x 2 0x80018f07
core   0: 0x8000c214 (0x0000911a) c.add   sp, t1
core   0: 3 0x8000c214 (0x911a) x 2 0x80018f07
core   0: 0x8000c216 (0x00dd5e93) srli    t4, s10, 13
core   0: 3 0x8000c216 (0x00dd5e93) x29 0x00040012
core   0: 0x8000c21a (0x00008ff9) c.and   a5, a4
core   0: 3 0x8000c21a (0x8ff9) x15 0x00000000
core   0: 0x8000c21c (0x00005afd) c.li    s5, -1
core   0: 3 0x8000c21c (0x5afd) x21 0xffffffff
core   0: 0x8000c21e (0x01c30b33) add     s6, t1, t3
core   0: 3 0x8000c21e (0x01c30b33) x22 0x00000001
core   0: 0x8000c222 (0x000046fd) c.li    a3, 31
core   0: 3 0x8000c222 (0x46fd) x13 0x0000001f
core   0: 0x8000c224 (0x01e01e13) slli    t3, zero, 30
core   0: 3 0x8000c224 (0x01e01e13) x28 0x00000000
core   0: 0x8000c228 (0x1acba72f) sc.w    a4, a2, (s7)
core   0: 3 0x8000c228 (0x1acba72f) x14 0x00000000 mem 0x80024058 0xffffff84
core   0: 0x8000c22c (0x00010997) auipc   s3, 0x10
core   0: 3 0x8000c22c (0x00010997) x19 0x8001c22c
core   0: 0x8000c230 (0x38998993) addi    s3, s3, 905
core   0: 3 0x8000c230 (0x38998993) x19 0x8001c5b5
core   0: 0x8000c234 (0x48d9c903) lbu     s2, 1165(s3)
core   0: 3 0x8000c234 (0x48d9c903) x18 0x00000044 mem 0x8001ca42
core   0: 0x8000c238 (0xd5c98d83) lb      s11, -676(s3)
core   0: 3 0x8000c238 (0xd5c98d83) x27 0xffffffb5 mem 0x8001c311
core   0: 0x8000c23c (0x00007617) auipc   a2, 0x7
core   0: 3 0x8000c23c (0x00007617) x12 0x8001323c
core   0: 0x8000c240 (0x72360613) addi    a2, a2, 1827
core   0: 3 0x8000c240 (0x72360613) x12 0x8001395f
core   0: 0x8000c244 (0x34498123) sb      tp, 834(s3)
core   0: 3 0x8000c244 (0x34498123) mem 0x8001c8f7 0x76
core   0: 0x8000c248 (0xfe264f83) lbu     t6, -30(a2)
core   0: 3 0x8000c248 (0xfe264f83) x31 0x00000063 mem 0x80013941
core   0: 0x8000c24c (0x8ca98723) sb      a0, -1842(s3)
core   0: 3 0x8000c24c (0x8ca98723) mem 0x8001be83 0x7a
core   0: 0x8000c250 (0xe3998d83) lb      s11, -455(s3)
core   0: 3 0x8000c250 (0xe3998d83) x27 0xffffff92 mem 0x8001c3ee
core   0: 0x8000c254 (0x0dc64483) lbu     s1, 220(a2)
core   0: 3 0x8000c254 (0x0dc64483) x 9 0x00000058 mem 0x80013a3b
core   0: 0x8000c258 (0x3e198b83) lb      s7, 993(s3)
core   0: 3 0x8000c258 (0x3e198b83) x23 0xffffff84 mem 0x8001c996
core   0: 0x8000c25c (0xff565703) lhu     a4, -11(a2)
core   0: 3 0x8000c25c (0xff565703) x14 0x000066c1 mem 0x80013954
core   0: 0x8000c260 (0xf1b992a3) sh      s11, -251(s3)
core   0: 3 0x8000c260 (0xf1b992a3) mem 0x8001c4ba 0xff92
core   0: 0x8000c264 (0x41b98da3) sb      s11, 1051(s3)
core   0: 3 0x8000c264 (0x41b98da3) mem 0x8001c9d0 0x92
core   0: 0x8000c268 (0xfbc610a3) sh      t3, -95(a2)
core   0: 3 0x8000c268 (0xfbc610a3) mem 0x80013900 0x0000
core   0: 0x8000c26c (0xe3098c23) sb      a6, -456(s3)
core   0: 3 0x8000c26c (0xe3098c23) mem 0x8001c3ed 0x1
core   0: 0x8000c270 (0x0c864a83) lbu     s5, 200(a2)
core   0: 3 0x8000c270 (0x0c864a83) x21 0x00000016 mem 0x80013a27
core   0: 0x8000c274 (0xdb5998a3) sh      s5, -591(s3)
core   0: 3 0x8000c274 (0xdb5998a3) mem 0x8001c366 0x0016
core   0: 0x8000c278 (0xfda64403) lbu     s0, -38(a2)
core   0: 3 0x8000c278 (0xfda64403) x 8 0x0000000d mem 0x80013939
core   0: 0x8000c27c (0x00008717) auipc   a4, 0x8
core   0: 3 0x8000c27c (0x00008717) x14 0x8001427c
core   0: 0x8000c280 (0xcfa70713) addi    a4, a4, -774
core   0: 3 0x8000c280 (0xcfa70713) x14 0x80013f76
core   0: 0x8000c284 (0xc9f70a03) lb      s4, -865(a4)
core   0: 3 0x8000c284 (0xc9f70a03) x20 0x00000060 mem 0x80013c15
core   0: 0x8000c288 (0xac370783) lb      a5, -1341(a4)
core   0: 3 0x8000c288 (0xac370783) x15 0x0000005d mem 0x80013a39
core   0: 0x8000c28c (0xac370683) lb      a3, -1341(a4)
core   0: 3 0x8000c28c (0xac370683) x13 0x0000005d mem 0x80013a39
core   0: 0x8000c290 (0xad9701a3) sb      s9, -1341(a4)
core   0: 3 0x8000c290 (0xad9701a3) mem 0x80013a39 0x35
core   0: 0x8000c294 (0xac374583) lbu     a1, -1341(a4)
core   0: 3 0x8000c294 (0xac374583) x11 0x00000035 mem 0x80013a39
core   0: 0x8000c298 (0xcea700a3) sb      a0, -799(a4)
core   0: 3 0x8000c298 (0xcea700a3) mem 0x80013c57 0x7a
core   0: 0x8000c29c (0x00001284) c.addi4spn s1, sp, 352
core   0: 3 0x8000c29c (0x1284) x 9 0x80019067
core   0: 0x8000c29e (0x0115ac33) slt     s8, a1, a7
core   0: 3 0x8000c29e (0x0115ac33) x24 0x00000000
core   0: 0x8000c2a2 (0xcfc700a3) sb      t3, -799(a4)
core   0: 3 0x8000c2a2 (0xcfc700a3) mem 0x80013c57 0x0
core   0: 0x8000c2a6 (0x7947dbb7) lui     s7, 0x7947d
core   0: 3 0x8000c2a6 (0x7947dbb7) x23 0x7947d000
core   0: 0x8000c2aa (0xce174a83) lbu     s5, -799(a4)
core   0: 3 0x8000c2aa (0xce174a83) x21 0x00000000 mem 0x80013c57
core   0: 0x8000c2ae (0xce170983) lb      s3, -799(a4)
core   0: 3 0x8000c2ae (0xce170983) x19 0x00000000 mem 0x80013c57
core   0: 0x8000c2b2 (0xce174503) lbu     a0, -799(a4)
core   0: 3 0x8000c2b2 (0xce174503) x10 0x00000000 mem 0x80013c57
core   0: 0x8000c2b6 (0x020b2533) mulhsu  a0, s6, zero
core   0: 3 0x8000c2b6 (0x020b2533) x10 0x00000000
core   0: 0x8000c2ba (0xcf6700a3) sb      s6, -799(a4)
core   0: 3 0x8000c2ba (0xcf6700a3) mem 0x80013c57 0x1
core   0: 0x8000c2be (0xe21709a3) sb      ra, -461(a4)
core   0: 3 0x8000c2be (0xe21709a3) mem 0x80013da9 0x84
core   0: 0x8000c2c2 (0xe3370483) lb      s1, -461(a4)
core   0: 3 0x8000c2c2 (0xe3370483) x 9 0xffffff84 mem 0x80013da9
core   0: 0x8000c2c6 (0xe3374983) lbu     s3, -461(a4)
core   0: 3 0x8000c2c6 (0xe3374983) x19 0x00000084 mem 0x80013da9
core   0: 0x8000c2ca (0x0000861d) c.srai  a2, 7
core   0: 3 0x8000c2ca (0x861d) x12 0xff000272
core   0: 0x8000c2cc (0x0bd70023) sb      t4, 160(a4)
core   0: 3 0x8000c2cc (0x0bd70023) mem 0x80014016 0x12
core   0: 0x8000c2d0 (0x8c674b83) lbu     s7, -1850(a4)
core   0: 3 0x8000c2d0 (0x8c674b83) x23 0x00000024 mem 0x8001383c
core   0: 0x8000c2d4 (0x03bf1033) mulh    zero, t5, s11
core   0: 3 0x8000c2d4 (0x03bf1033)
core   0: 0x8000c2d8 (0x920707a3) sb      zero, -1745(a4)
core   0: 3 0x8000c2d8 (0x920707a3) mem 0x800138a5 0x0
core   0: 0x8000c2dc (0x924707a3) sb      tp, -1745(a4)
core   0: 3 0x8000c2dc (0x924707a3) mem 0x800138a5 0x76
core   0: 0x8000c2e0 (0x706db693) sltiu   a3, s11, 1798
core   0: 3 0x8000c2e0 (0x706db693) x13 0x00000000
core   0: 0x8000c2e4 (0x92c707a3) sb      a2, -1745(a4)
core   0: 3 0x8000c2e4 (0x92c707a3) mem 0x800138a5 0x72
core   0: 0x8000c2e8 (0x92f74e03) lbu     t3, -1745(a4)
core   0: 3 0x8000c2e8 (0x92f74e03) x28 0x00000072 mem 0x800138a5
core   0: 0x8000c2ec (0x00014417) auipc   s0, 0x14
core   0: 3 0x8000c2ec (0x00014417) x 8 0x800202ec
core   0: 0x8000c2f0 (0x50840413) addi    s0, s0, 1288
core   0: 3 0x8000c2f0 (0x50840413) x 8 0x800207f4
core   0: 0x8000c2f4 (0x00000662) c.slli  a2, 24
core   0: 3 0x8000c2f4 (0x0662) x12 0x72000000
core   0: 0x8000c2f6 (0x00008f91) c.sub   a5, a2
core   0: 3 0x8000c2f6 (0x8f91) x15 0x8e00005d
core   0: 0x8000c2f8 (0x0b9402a3) sb      s9, 165(s0)
core   0: 3 0x8000c2f8 (0x0b9402a3) mem 0x80020899 0x35
core   0: 0x8000c2fc (0x02f44c83) lbu     s9, 47(s0)
core   0: 3 0x8000c2fc (0x02f44c83) x25 0x0000009f mem 0x80020823
core   0: 0x8000c300 (0xf0240983) lb      s3, -254(s0)
core   0: 3 0x8000c300 (0xf0240983) x19 0x00000041 mem 0x800206f6
core   0: 0x8000c304 (0x07240703) lb      a4, 114(s0)
core   0: 3 0x8000c304 (0x07240703) x14 0x00000037 mem 0x80020866
core   0: 0x8000c308 (0x01a44983) lbu     s3, 26(s0)
core   0: 3 0x8000c308 (0x01a44983) x19 0x000000dc mem 0x8002080e
core   0: 0x8000c30c (0x41365cb3) sra     s9, a2, s3
core   0: 3 0x8000c30c (0x41365cb3) x25 0x00000007
core   0: 0x8000c310 (0x02d40703) lb      a4, 45(s0)
core   0: 3 0x8000c310 (0x02d40703) x14 0x0000002a mem 0x80020821
core   0: 0x8000c314 (0xf3644d83) lbu     s11, -202(s0)
core   0: 3 0x8000c314 (0xf3644d83) x27 0x000000b5 mem 0x8002072a
core   0: 0x8000c318 (0x02c70633) mul     a2, a4, a2
core   0: 3 0x8000c318 (0x02c70633) x12 0xb4000000
core   0: 0x8000c31c (0x00f98633) add     a2, s3, a5
core   0: 3 0x8000c31c (0x00f98633) x12 0x8e000139
core   0: 0x8000c320 (0x05e41c83) lh      s9, 94(s0)
core   0: 3 0x8000c320 (0x05e41c83) x25 0xffffc1a9 mem 0x80020852
core   0: 0x8000c324 (0x09f40603) lb      a2, 159(s0)
core   0: 3 0x8000c324 (0x09f40603) x12 0xffffffd0 mem 0x80020893
core   0: 0x8000c328 (0xf2e40ca3) sb      a4, -199(s0)
core   0: 3 0x8000c328 (0xf2e40ca3) mem 0x8002072d 0x2a
core   0: 0x8000c32c (0xfbe41703) lh      a4, -66(s0)
core   0: 3 0x8000c32c (0xfbe41703) x14 0x00004574 mem 0x800207b2
core   0: 0x8000c330 (0x340b7773) csrrci  a4, mscratch, 22
core   0: 3 0x8000c330 (0x340b7773) x14 0x80028e74 c832_mscratch 0x80028e60
core   0: 0x8000c334 (0x01e65c93) srli    s9, a2, 30
core   0: 3 0x8000c334 (0x01e65c93) x25 0x00000003
core   0: 0x8000c338 (0x0bf40c83) lb      s9, 191(s0)
core   0: 3 0x8000c338 (0x0bf40c83) x25 0x00000002 mem 0x800208b3
core   0: 0x8000c33c (0xf8e41923) sh      a4, -110(s0)
core   0: 3 0x8000c33c (0xf8e41923) mem 0x80020786 0x8e74
core   0: 0x8000c340 (0x00f9dcb3) srl     s9, s3, a5
core   0: 3 0x8000c340 (0x00f9dcb3) x25 0x00000000
core   0: 0x8000c344 (0xff342223) sw      s3, -28(s0)
core   0: 3 0x8000c344 (0xff342223) mem 0x800207d8 0x000000dc
core   0: 0x8000c348 (0xf7941523) sh      s9, -150(s0)
core   0: 3 0x8000c348 (0xf7941523) mem 0x8002075e 0x0000
core   0: 0x8000c34c (0x00940d83) lb      s11, 9(s0)
core   0: 3 0x8000c34c (0x00940d83) x27 0x00000071 mem 0x800207fd
core   0: 0x8000c350 (0xfd940783) lb      a5, -39(s0)
core   0: 3 0x8000c350 (0xfd940783) x15 0x00000063 mem 0x800207cd
core   0: 0x8000c354 (0x587487b7) lui     a5, 0x58748
core   0: 3 0x8000c354 (0x587487b7) x15 0x58748000
core   0: 0x8000c358 (0x277db613) sltiu   a2, s11, 631
core   0: 3 0x8000c358 (0x277db613) x12 0x00000001
core   0: 0x8000c35c (0xf9740603) lb      a2, -105(s0)
core   0: 3 0x8000c35c (0xf9740603) x12 0x00000042 mem 0x8002078b
core   0: 0x8000c360 (0x03376733) rem     a4, a4, s3
core   0: 3 0x8000c360 (0x03376733) x14 0xffffff58
core   0: 0x8000c364 (0x0337c7b3) div     a5, a5, s3
core   0: 3 0x8000c364 (0x0337c7b3) x15 0x0066edf6
core   0: 0x8000c368 (0xf6c41c23) sh      a2, -136(s0)
core   0: 3 0x8000c368 (0xf6c41c23) mem 0x8002076c 0x0042
core   0: 0x8000c36c (0xf1645d83) lhu     s11, -234(s0)
core   0: 3 0x8000c36c (0xf1645d83) x27 0x0000cc2e mem 0x8002070a
core   0: 0x8000c370 (0xdcc60c93) addi    s9, a2, -564
core   0: 3 0x8000c370 (0xdcc60c93) x25 0xfffffe0e
core   0: 0x8000c374 (0x01644983) lbu     s3, 22(s0)
core   0: 3 0x8000c374 (0x01644983) x19 0x000000e9 mem 0x8002080a
core   0: 0x8000c378 (0x03bcb733) mulhu   a4, s9, s11
core   0: 3 0x8000c378 (0x03bcb733) x14 0x0000cc2d
core   0: 0x8000c37c (0x0cc405a3) sb      a2, 203(s0)
core   0: 3 0x8000c37c (0x0cc405a3) mem 0x800208bf 0x42
core   0: 0x8000c380 (0xfa841983) lh      s3, -88(s0)
core   0: 3 0x8000c380 (0xfa841983) x19 0x00004815 mem 0x8002079c
core   0: 0x8000c384 (0xf6b44603) lbu     a2, -149(s0)
core   0: 3 0x8000c384 (0xf6b44603) x12 0x00000000 mem 0x8002075f
core   0: 0x8000c388 (0xf7740603) lb      a2, -137(s0)
core   0: 3 0x8000c388 (0xf7740603) x12 0x00000020 mem 0x8002076b
core   0: 0x8000c38c (0x08e41603) lh      a2, 142(s0)
core   0: 3 0x8000c38c (0x08e41603) x12 0xffffd5ec mem 0x80020882
core   0: 0x8000c390 (0x00b40703) lb      a4, 11(s0)
core   0: 3 0x8000c390 (0x00b40703) x14 0xfffffff8 mem 0x800207ff
core   0: 0x8000c394 (0x00018317) auipc   t1, 0x18
core   0: 3 0x8000c394 (0x00018317) x 6 0x80024394
core   0: 0x8000c398 (0xce430313) addi    t1, t1, -796
core   0: 3 0x8000c398 (0xce430313) x 6 0x80024078
core   0: 0x8000c39c (0x412884b3) sub     s1, a7, s2
core   0: 3 0x8000c39c (0x412884b3) x 9 0xffffff46
core   0: 0x8000c3a0 (0x340056f3) csrrwi  a3, mscratch, 0
core   0: 3 0x8000c3a0 (0x340056f3) x13 0x80028e60 c832_mscratch 0x00000000
core   0: 0x8000c3a4 (0x1003292f) lr.w    s2, (t1)
core   0: 3 0x8000c3a4 (0x1003292f) x18 0x80014010 mem 0x80024078
core   0: 0x8000c3a8 (0x0348aa33) mulhsu  s4, a7, s4
core   0: 3 0x8000c3a8 (0x0348aa33) x20 0xffffffff
core   0: 0x8000c3ac (0x01b7f8b3) and     a7, a5, s11
core   0: 3 0x8000c3ac (0x01b7f8b3) x17 0x0000cc26
core   0: 0x8000c3b0 (0x8f554493) xori    s1, a0, -1803
core   0: 3 0x8000c3b0 (0x8f554493) x 9 0xfffff8f5
core   0: 0x8000c3b4 (0x340e70f3) csrrci  ra, mscratch, 28
core   0: 3 0x8000c3b4 (0x340e70f3) x 1 0x00000000 c832_mscratch 0x00000000
core   0: 0x8000c3b8 (0x03477833) remu    a6, a4, s4
core   0: 3 0x8000c3b8 (0x03477833) x16 0xfffffff8
core   0: 0x8000c3bc (0x00000001) c.nop
core   0: 3 0x8000c3bc (0x0001)
core   0: 0x8000c3be (0xec5a6017) auipc   zero, 0xec5a6
core   0: 3 0x8000c3be (0xec5a6017)
core   0: 0x8000c3c2 (0x00001018) c.addi4spn a4, sp, 32
core   0: 3 0x8000c3c2 (0x1018) x14 0x80018f27
core   0: 0x8000c3c4 (0x00009c0e) c.add   s8, gp
core   0: 3 0x8000c3c4 (0x9c0e) x24 0x0000000a
core   0: 0x8000c3c6 (0x00000a3e) c.slli  s4, 15
core   0: 3 0x8000c3c6 (0x0a3e) x20 0xffff8000
core   0: 0x8000c3c8 (0x18f32faf) sc.w    t6, a5, (t1)
core   0: 3 0x8000c3c8 (0x18f32faf) x31 0x00000000 mem 0x80024078 0x0066edf6
core   0: 0x8000c3cc (0x00018817) auipc   a6, 0x18
core   0: 3 0x8000c3cc (0x00018817) x16 0x800243cc
core   0: 0x8000c3d0 (0xcb480813) addi    a6, a6, -844
core   0: 3 0x8000c3d0 (0xcb480813) x16 0x80024080
core   0: 0x8000c3d4 (0x00006709) c.lui   a4, 0x2
core   0: 3 0x8000c3d4 (0x6709) x14 0x00002000
core   0: 0x8000c3d6 (0xbe45fc13) andi    s8, a1, -1052
core   0: 3 0x8000c3d6 (0xbe45fc13) x24 0x00000024
core   0: 0x8000c3da (0xe1a824af) amomaxu.w s1, s10, (a6)
core   0: 3 0x8000c3da (0xe1a824af) x 9 0x8000bf70 mem 0x80024080 mem 0x80024080 0x80024064
core   0: 0x8000c3de (0xc318212f) amominu.w sp, a7, (a6)
core   0: 3 0x8000c3de (0xc318212f) x 2 0x80024064 mem 0x80024080 mem 0x80024080 0x0000cc26
core   0: 0x8000c3e2 (0xe22825af) amomaxu.w a1, sp, (a6)
core   0: 3 0x8000c3e2 (0xe22825af) x11 0x0000cc26 mem 0x80024080 mem 0x80024080 0x80024064
core   0: 0x8000c3e6 (0x00018a97) auipc   s5, 0x18
core   0: 3 0x8000c3e6 (0x00018a97) x21 0x800243e6
core   0: 0x8000c3ea (0xc8ea8a93) addi    s5, s5, -882
core   0: 3 0x8000c3ea (0xc8ea8a93) x21 0x80024074
core   0: 0x8000c3ee (0x00018617) auipc   a2, 0x18
core   0: 3 0x8000c3ee (0x00018617) x12 0x800243ee
core   0: 0x8000c3f2 (0xc6660613) addi    a2, a2, -922
core   0: 3 0x8000c3f2 (0xc6660613) x12 0x80024054
core   0: 0x8000c3f6 (0x00018a17) auipc   s4, 0x18
core   0: 3 0x8000c3f6 (0x00018a17) x20 0x800243f6
core   0: 0x8000c3fa (0xc7aa0a13) addi    s4, s4, -902
core   0: 3 0x8000c3fa (0xc7aa0a13) x20 0x80024070
core   0: 0x8000c3fe (0x25b6202f) amoxor.w zero, s11, (a2)
core   0: 3 0x8000c3fe (0x25b6202f) mem 0x80024054 mem 0x80024054 0x0000cc2c
core   0: 0x8000c402 (0x23ba232f) amoxor.w t1, s11, (s4)
core   0: 3 0x8000c402 (0x23ba232f) x 6 0x00000070 mem 0x80024070 mem 0x80024070 0x0000cc5e
core   0: 0x8000c406 (0x254aabaf) amoxor.w s7, s4, (s5)
core   0: 3 0x8000c406 (0x254aabaf) x23 0xffffffd0 mem 0x80024074 mem 0x80024074 0x7ffdbfa0
core   0: 0x8000c40a (0xc49a222f) amominu.w tp, s1, (s4)
core   0: 3 0x8000c40a (0xc49a222f) x 4 0x0000cc5e mem 0x80024070 mem 0x80024070 0x0000cc5e
core   0: 0x8000c40e (0x000019fd) c.addi  s3, -1
core   0: 3 0x8000c40e (0x19fd) x19 0x00004814
core   0: 0x8000c410 (0x013a2baf) amoadd.w s7, s3, (s4)
core   0: 3 0x8000c410 (0x013a2baf) x23 0x0000cc5e mem 0x80024070 mem 0x80024070 0x00011472
core   0: 0x8000c414 (0xa00aa82f) amomax.w a6, zero, (s5)
core   0: 3 0x8000c414 (0xa00aa82f) x16 0x7ffdbfa0 mem 0x80024074 mem 0x80024074 0x7ffdbfa0
core   0: 0x8000c418 (0xc466282f) amominu.w a6, t1, (a2)
core   0: 3 0x8000c418 (0xc466282f) x16 0x0000cc2c mem 0x80024054 mem 0x80024054 0x00000070
core   0: 0x8000c41c (0x4041d313) srai    t1, gp, 4
core   0: 3 0x8000c41c (0x4041d313) x 6 0x00000000
core   0: 0x8000c420 (0xe2262e2f) amomaxu.w t3, sp, (a2)
core   0: 3 0x8000c420 (0xe2262e2f) x28 0x00000070 mem 0x80024054 mem 0x80024054 0x80024064
core   0: 0x8000c424 (0xa1aa24af) amomax.w s1, s10, (s4)
core   0: 3 0x8000c424 (0xa1aa24af) x 9 0x00011472 mem 0x80024070 mem 0x80024070 0x00011472
core   0: 0x8000c428 (0x00007b97) auipc   s7, 0x7
core   0: 3 0x8000c428 (0x00007b97) x23 0x80013428
core   0: 0x8000c42c (0x65ab8b93) addi    s7, s7, 1626
core   0: 3 0x8000c42c (0x65ab8b93) x23 0x80013a82
core   0: 0x8000c430 (0x299b8a83) lb      s5, 665(s7)
core   0: 3 0x8000c430 (0x299b8a83) x21 0x00000005 mem 0x80013d1b
core   0: 0x8000c434 (0xab6b9c03) lh      s8, -1354(s7)
core   0: 3 0x8000c434 (0xab6b9c03) x24 0x00002e6b mem 0x80013538
core   0: 0x8000c438 (0x25db8423) sb      t4, 584(s7)
core   0: 3 0x8000c438 (0x25db8423) mem 0x80013cca 0x12
core   0: 0x8000c43c (0xe589bd97) auipc   s11, 0xe589b
core   0: 3 0x8000c43c (0xe589bd97) x27 0x658a743c
core   0: 0x8000c440 (0x0247b033) mulhu   zero, a5, tp
core   0: 3 0x8000c440 (0x0247b033)
core   0: 0x8000c444 (0x00008d29) c.xor   a0, a0
core   0: 3 0x8000c444 (0x8d29) x10 0x00000000
core   0: 0x8000c446 (0x24db8423) sb      a3, 584(s7)
core   0: 3 0x8000c446 (0x24db8423) mem 0x80013cca 0x60
core   0: 0x8000c44a (0x248b8203) lb      tp, 584(s7)
core   0: 3 0x8000c44a (0x248b8203) x 4 0x00000060 mem 0x80013cca
core   0: 0x8000c44e (0x248b8403) lb      s0, 584(s7)
core   0: 3 0x8000c44e (0x248b8403) x 8 0x00000060 mem 0x80013cca
core   0: 0x8000c452 (0x8aeb80a3) sb      a4, -1887(s7)
core   0: 3 0x8000c452 (0x8aeb80a3) mem 0x80013323 0x0
core   0: 0x8000c456 (0x0000852d) c.srai  a0, 11
core   0: 3 0x8000c456 (0x852d) x10 0x00000000
core   0: 0x8000c458 (0x0059f333) and     t1, s3, t0
core   0: 3 0x8000c458 (0x0059f333) x 6 0x00000814
core   0: 0x8000c45c (0x182b8da3) sb      sp, 411(s7)
core   0: 3 0x8000c45c (0x182b8da3) mem 0x80013c1d 0x64
core   0: 0x8000c460 (0x156bd603) lhu     a2, 342(s7)
core   0: 3 0x8000c460 (0x156bd603) x12 0x000027b8 mem 0x80013bd8
core   0: 0x8000c464 (0x038a00b3) mul     ra, s4, s8
core   0: 3 0x8000c464 (0x038a00b3) x 1 0xe8850ed0
core   0: 0x8000c468 (0x156bdb03) lhu     s6, 342(s7)
core   0: 3 0x8000c468 (0x156bdb03) x22 0x000027b8 mem 0x80013bd8
core   0: 0x8000c46c (0x156b9c03) lh      s8, 342(s7)
core   0: 3 0x8000c46c (0x156b9c03) x24 0x000027b8 mem 0x80013bd8
core   0: 0x8000c470 (0x87cb8c23) sb      t3, -1928(s7)
core   0: 3 0x8000c470 (0x87cb8c23) mem 0x800132fa 0x70
core   0: 0x8000c474 (0xe3abd083) lhu     ra, -454(s7)
core   0: 3 0x8000c474 (0xe3abd083) x 1 0x00009182 mem 0x800138bc
core   0: 0x8000c478 (0xd5eb8523) sb      t5, -694(s7)
core   0: 3 0x8000c478 (0xd5eb8523) mem 0x800137cc 0x24
core   0: 0x8000c47c (0x4dbbc903) lbu     s2, 1243(s7)
core   0: 3 0x8000c47c (0x4dbbc903) x18 0x00000003 mem 0x80013f5d
core   0: 0x8000c480 (0xafbbc583) lbu     a1, -1285(s7)
core   0: 3 0x8000c480 (0xafbbc583) x11 0x000000ba mem 0x8001357d
core   0: 0x8000c484 (0xa45b88a3) sb      t0, -1455(s7)
core   0: 3 0x8000c484 (0xa45b88a3) mem 0x800134d3 0x74
core   0: 0x8000c488 (0xa449f693) andi    a3, s3, -1468
core   0: 3 0x8000c488 (0xa449f693) x13 0x00004804
core   0: 0x8000c48c (0xe3cbcf83) lbu     t6, -452(s7)
core   0: 3 0x8000c48c (0xe3cbcf83) x31 0x000000f2 mem 0x800138be
core   0: 0x8000c490 (0x1adb83a3) sb      a3, 423(s7)
core   0: 3 0x8000c490 (0x1adb83a3) mem 0x80013c29 0x4
core   0: 0x8000c494 (0xc74b8183) lb      gp, -908(s7)
core   0: 3 0x8000c494 (0xc74b8183) x 3 0x0000005f mem 0x800136f6
core   0: 0x8000c498 (0x00007997) auipc   s3, 0x7
core   0: 3 0x8000c498 (0x00007997) x19 0x80013498
core   0: 0x8000c49c (0x41498993) addi    s3, s3, 1044
core   0: 3 0x8000c49c (0x41498993) x19 0x800138ac
core   0: 0x8000c4a0 (0x00007e17) auipc   t3, 0x7
core   0: 3 0x8000c4a0 (0x00007e17) x28 0x800134a0
core   0: 0x8000c4a4 (0x27be0e13) addi    t3, t3, 635
core   0: 3 0x8000c4a4 (0x27be0e13) x28 0x8001371b
core   0: 0x8000c4a8 (0x00007117) auipc   sp, 0x7
core   0: 3 0x8000c4a8 (0x00007117) x 2 0x800134a8
core   0: 0x8000c4ac (0x1e910113) addi    sp, sp, 489
core   0: 3 0x8000c4ac (0x1e910113) x 2 0x80013691
core   0: 0x8000c4b0 (0x9259cf83) lbu     t6, -1755(s3)
core   0: 3 0x8000c4b0 (0x9259cf83) x31 0x00000041 mem 0x800131d1
core   0: 0x8000c4b4 (0x00007b17) auipc   s6, 0x7
core   0: 3 0x8000c4b4 (0x00007b17) x22 0x800134b4
core   0: 0x8000c4b8 (0x4d3b0b13) addi    s6, s6, 1235
core   0: 3 0x8000c4b8 (0x4d3b0b13) x22 0x80013987
core   0: 0x8000c4bc (0xc6be0a03) lb      s4, -917(t3)
core   0: 3 0x8000c4bc (0xc6be0a03) x20 0xffffff89 mem 0x80013386
core   0: 0x8000c4c0 (0x2d699523) sh      s6, 714(s3)
core   0: 3 0x8000c4c0 (0x2d699523) mem 0x80013b76 0x3987
core   0: 0x8000c4c4 (0xde4e4703) lbu     a4, -540(t3)
core   0: 3 0x8000c4c4 (0xde4e4703) x14 0x00000077 mem 0x800134ff
core   0: 0x8000c4c8 (0x5b898623) sb      s8, 1452(s3)
core   0: 3 0x8000c4c8 (0x5b898623) mem 0x80013e58 0xb8
core   0: 0x8000c4cc (0xf1c10183) lb      gp, -228(sp)
core   0: 3 0x8000c4cc (0xf1c10183) x 3 0x00000012 mem 0x800135ad
core   0: 0x8000c4d0 (0xd64e0a23) sb      tp, -652(t3)
core   0: 3 0x8000c4d0 (0xd64e0a23) mem 0x8001348f 0x60
core   0: 0x8000c4d4 (0xddc99683) lh      a3, -548(s3)
core   0: 3 0x8000c4d4 (0xddc99683) x13 0x0000324f mem 0x80013688
core   0: 0x8000c4d8 (0x015b22a3) sw      s5, 5(s6)
core   0: 3 0x8000c4d8 (0x015b22a3) mem 0x8001398c 0x00000005
core   0: 0x8000c4dc (0xff2b4403) lbu     s0, -14(s6)
core   0: 3 0x8000c4dc (0xff2b4403) x 8 0x0000000b mem 0x80013979
core   0: 0x8000c4e0 (0x57898483) lb      s1, 1400(s3)
core   0: 3 0x8000c4e0 (0x57898483) x 9 0x00000023 mem 0x80013e24
core   0: 0x8000c4e4 (0xffeb0b83) lb      s7, -2(s6)
core   0: 3 0x8000c4e4 (0xffeb0b83) x23 0x00000016 mem 0x80013985
core   0: 0x8000c4e8 (0x0f1e0323) sb      a7, 230(t3)
core   0: 3 0x8000c4e8 (0x0f1e0323) mem 0x80013801 0x26
core   0: 0x8000c4ec (0x62911a83) lh      s5, 1577(sp)
core   0: 3 0x8000c4ec (0x62911a83) x21 0xffffaed2 mem 0x80013cba
core   0: 0x8000c4f0 (0xa43e5a83) lhu     s5, -1469(t3)
core   0: 3 0x8000c4f0 (0xa43e5a83) x21 0x0000915f mem 0x8001315e
core   0: 0x8000c4f4 (0x6b210223) sb      s2, 1700(sp)
core   0: 3 0x8000c4f4 (0x6b210223) mem 0x80013d35 0x3
core   0: 0x8000c4f8 (0xdd398123) sb      s3, -574(s3)
core   0: 3 0x8000c4f8 (0xdd398123) mem 0x8001366e 0xac
core   0: 0x8000c4fc (0x00eb4483) lbu     s1, 14(s6)
core   0: 3 0x8000c4fc (0x00eb4483) x 9 0x00000070 mem 0x80013995
core   0: 0x8000c500 (0xfcee4303) lbu     t1, -50(t3)
core   0: 3 0x8000c500 (0xfcee4303) x 6 0x0000009a mem 0x800136e9
core   0: 0x8000c504 (0x52b98483) lb      s1, 1323(s3)
core   0: 3 0x8000c504 (0x52b98483) x 9 0x00000027 mem 0x80013dd7
core   0: 0x8000c508 (0x57014883) lbu     a7, 1392(sp)
core   0: 3 0x8000c508 (0x57014883) x17 0x000000fd mem 0x80013c01
core   0: 0x8000c50c (0xb02e0a03) lb      s4, -1278(t3)
core   0: 3 0x8000c50c (0xb02e0a03) x20 0xffffff8c mem 0x8001321d
core   0: 0x8000c510 (0x00fb1a03) lh      s4, 15(s6)
core   0: 3 0x8000c510 (0x00fb1a03) x20 0xffffd0fe mem 0x80013996
core   0: 0x8000c514 (0x11a9a823) sw      s10, 272(s3)
core   0: 3 0x8000c514 (0x11a9a823) mem 0x800139bc 0x80024064
core   0: 0x8000c518 (0x5f6e4883) lbu     a7, 1526(t3)
core   0: 3 0x8000c518 (0x5f6e4883) x17 0x00000018 mem 0x80013d11
core   0: 0x8000c51c (0x348e0483) lb      s1, 840(t3)
core   0: 3 0x8000c51c (0x348e0483) x 9 0x00000054 mem 0x80013a63
core   0: 0x8000c520 (0x09010a23) sb      a6, 148(sp)
core   0: 3 0x8000c520 (0x09010a23) mem 0x80013725 0x2c
core   0: 0x8000c524 (0x2ab14c83) lbu     s9, 683(sp)
core   0: 3 0x8000c524 (0x2ab14c83) x25 0x00000001 mem 0x8001393c
core   0: 0x8000c528 (0x0979c683) lbu     a3, 151(s3)
core   0: 3 0x8000c528 (0x0979c683) x13 0x0000008d mem 0x80013943
core   0: 0x8000c52c (0x001b0883) lb      a7, 1(s6)
core   0: 3 0x8000c52c (0x001b0883) x17 0x00000014 mem 0x80013988
core   0: 0x8000c530 (0x016b06a3) sb      s6, 13(s6)
core   0: 3 0x8000c530 (0x016b06a3) mem 0x80013994 0x87
core   0: 0x8000c534 (0xce510e23) sb      t0, -772(sp)
core   0: 3 0x8000c534 (0xce510e23) mem 0x8001338d 0x74
core   0: 0x8000c538 (0xfb2e0aa3) sb      s2, -75(t3)
core   0: 3 0x8000c538 (0xfb2e0aa3) mem 0x800136d0 0x3
core   0: 0x8000c53c (0xffeb0903) lb      s2, -2(s6)
core   0: 3 0x8000c53c (0xffeb0903) x18 0x00000016 mem 0x80013985
core   0: 0x8000c540 (0x00018f97) auipc   t6, 0x18
core   0: 3 0x8000c540 (0x00018f97) x31 0x80024540
core   0: 0x8000c544 (0xb10f8f93) addi    t6, t6, -1264
core   0: 3 0x8000c544 (0xb10f8f93) x31 0x80024050
core   0: 0x8000c548 (0x140fa9af) lr.w    s3, (t6)
core   0: 3 0x8000c548 (0x140fa9af) x19 0x00000000 mem 0x80024050
core   0: 0x8000c54c (0x0090b7b3) sltu    a5, ra, s1
core   0: 3 0x8000c54c (0x0090b7b3) x15 0x00000000
core   0: 0x8000c550 (0x027b56b3) divu    a3, s6, t2
core   0: 3 0x8000c550 (0x027b56b3) x13 0x15558996
core   0: 0x8000c554 (0x009c9113) slli    sp, s9, 9
core   0: 3 0x8000c554 (0x009c9113) x 2 0x00000200
core   0: 0x8000c558 (0x41b0dc33) sra     s8, ra, s11
core   0: 3 0x8000c558 (0x41b0dc33) x24 0x00000000
core   0: 0x8000c55c (0x0000717d) c.addi16sp sp, -16
core   0: 3 0x8000c55c (0x717d) x 2 0x000001f0
core   0: 0x8000c55e (0x191fadaf) sc.w    s11, a7, (t6)
core   0: 3 0x8000c55e (0x191fadaf) x27 0x00000000 mem 0x80024050 0x00000014
core   0: 0x8000c562 (0x00016117) auipc   sp, 0x16
core   0: 3 0x8000c562 (0x00016117) x 2 0x80022562
core   0: 0x8000c566 (0xe8e10113) addi    sp, sp, -370
core   0: 3 0x8000c566 (0xe8e10113) x 2 0x800223f0
core   0: 0x8000c56a (0x00000001) c.nop
core   0: 3 0x8000c56a (0x0001)
core   0: 0x8000c56c (0x3401ad73) csrrs   s10, mscratch, gp
core   0: 3 0x8000c56c (0x3401ad73) x26 0x00000000 c832_mscratch 0x00000012
core   0: 0x8000c570 (0xff611f23) sh      s6, -2(sp)
core   0: 3 0x8000c570 (0xff611f23) mem 0x800223ee 0x3987
core   0: 0x8000c574 (0x00b10703) lb      a4, 11(sp)
core   0: 3 0x8000c574 (0x00b10703) x14 0x00000008 mem 0x800223fb
core   0: 0x8000c578 (0xffc12183) lw      gp, -4(sp)
core   0: 3 0x8000c578 (0xffc12183) x 3 0x3987c004 mem 0x800223ec
core   0: 0x8000c57c (0xff510203) lb      tp, -11(sp)
core   0: 3 0x8000c57c (0xff510203) x 4 0xffffff99 mem 0x800223e5
core   0: 0x8000c580 (0x00e10723) sb      a4, 14(sp)
core   0: 3 0x8000c580 (0x00e10723) mem 0x800223fe 0x8
core   0: 0x8000c584 (0x01a102a3) sb      s10, 5(sp)
core   0: 3 0x8000c584 (0x01a102a3) mem 0x800223f5 0x0
core   0: 0x8000c588 (0x00914783) lbu     a5, 9(sp)
core   0: 3 0x8000c588 (0x00914783) x15 0x000000cc mem 0x800223f9
core   0: 0x8000c58c (0xff110b03) lb      s6, -15(sp)
core   0: 3 0x8000c58c (0xff110b03) x22 0xffffffd0 mem 0x800223e1
core   0: 0x8000c590 (0x340717f3) csrrw   a5, mscratch, a4
core   0: 3 0x8000c590 (0x340717f3) x15 0x00000012 c832_mscratch 0x00000008
core   0: 0x8000c594 (0xff514203) lbu     tp, -11(sp)
core   0: 3 0x8000c594 (0xff514203) x 4 0x00000099 mem 0x800223e5
core   0: 0x8000c598 (0xff710783) lb      a5, -9(sp)
core   0: 3 0x8000c598 (0xff710783) x15 0x00000002 mem 0x800223e7
core   0: 0x8000c59c (0x000097ea) c.add   a5, s10
core   0: 3 0x8000c59c (0x97ea) x15 0x00000002
core   0: 0x8000c59e (0xff310183) lb      gp, -13(sp)
core   0: 3 0x8000c59e (0xff310183) x 3 0xffffffdc mem 0x800223e3
core   0: 0x8000c5a2 (0x00008fdd) c.or    a5, a5
core   0: 3 0x8000c5a2 (0x8fdd) x15 0x00000002
core   0: 0x8000c5a4 (0x03a1bd33) mulhu   s10, gp, s10
core   0: 3 0x8000c5a4 (0x03a1bd33) x26 0x00000000
core   0: 0x8000c5a8 (0x01a106a3) sb      s10, 13(sp)
core   0: 3 0x8000c5a8 (0x01a106a3) mem 0x800223fd 0x0
core   0: 0x8000c5ac (0x00004222) c.lwsp  tp, 8(sp)
core   0: 3 0x8000c5ac (0x4222) x 4 0x088bcc07 mem 0x800223f8
core   0: 0x8000c5ae (0x00000001) c.nop
core   0: 3 0x8000c5ae (0x0001)
core   0: 0x8000c5b0 (0x016105a3) sb      s6, 11(sp)
core   0: 3 0x8000c5b0 (0x016105a3) mem 0x800223fb 0xd0
core   0: 0x8000c5b4 (0xff910203) lb      tp, -7(sp)
core   0: 3 0x8000c5b4 (0xff910203) x 4 0x0000005b mem 0x800223e9
core   0: 0x8000c5b8 (0x3406f7f3) csrrci  a5, mscratch, 13
core   0: 3 0x8000c5b8 (0x3406f7f3) x15 0x00000008 c832_mscratch 0x00000000
core   0: 0x8000c5bc (0x0000c00e) c.swsp  gp, 0(sp)
core   0: 3 0x8000c5bc (0xc00e) mem 0x800223f0 0xffffffdc
core   0: 0x8000c5be (0x00000b42) c.slli  s6, 16
core   0: 3 0x8000c5be (0x0b42) x22 0xffd00000
core   0: 0x8000c5c0 (0xfee10aa3) sb      a4, -11(sp)
core   0: 3 0x8000c5c0 (0xfee10aa3) mem 0x800223e5 0x8
core   0: 0x8000c5c4 (0x0000834d) c.srli  a4, 19
core   0: 3 0x8000c5c4 (0x834d) x14 0x00000000
core   0: 0x8000c5c6 (0x00a15783) lhu     a5, 10(sp)
core   0: 3 0x8000c5c6 (0x00a15783) x15 0x0000d08b mem 0x800223fa
core   0: 0x8000c5ca (0xfef11d23) sh      a5, -6(sp)
core   0: 3 0x8000c5ca (0xfef11d23) mem 0x800223ea 0xd08b
core   0: 0x8000c5ce (0x0000c83a) c.swsp  a4, 16(sp)
core   0: 3 0x8000c5ce (0xc83a) mem 0x80022400 0x00000000
core   0: 0x8000c5d0 (0x00472733) slt     a4, a4, tp
core   0: 3 0x8000c5d0 (0x00472733) x14 0x00000001
core   0: 0x8000c5d4 (0x0000c45a) c.swsp  s6, 8(sp)
core   0: 3 0x8000c5d4 (0xc45a) mem 0x800223f8 0xffd00000
core   0: 0x8000c5d6 (0x00009b7d) c.andi  a4, -1
core   0: 3 0x8000c5d6 (0x9b7d) x14 0x00000001
core   0: 0x8000c5d8 (0x00378b33) add     s6, a5, gp
core   0: 3 0x8000c5d8 (0x00378b33) x22 0x0000d067
core   0: 0x8000c5dc (0xffa10a23) sb      s10, -12(sp)
core   0: 3 0x8000c5dc (0xffa10a23) mem 0x800223e4 0x0
core   0: 0x8000c5e0 (0xffd10b03) lb      s6, -3(sp)
core   0: 3 0x8000c5e0 (0xffd10b03) x22 0xffffffc0 mem 0x800223ed
core   0: 0x8000c5e4 (0x00004182) c.lwsp  gp, 0(sp)
core   0: 3 0x8000c5e4 (0x4182) x 3 0xffffffdc mem 0x800223f0
core   0: 0x8000c5e6 (0x02a0066f) jal     a2, pc + 0x2a
core   0: 3 0x8000c5e6 (0x02a0066f) x12 0x8000c5ea
core   0: 0x8000c610 (0x0000bfd5) c.j     pc - 12
core   0: 3 0x8000c610 (0xbfd5)
core   0: 0x8000c604 (0x0000b7fd) c.j     pc - 18
core   0: 3 0x8000c604 (0xb7fd)
core   0: 0x8000c5f2 (0x004000ef) jal     pc + 0x4
core   0: 3 0x8000c5f2 (0x004000ef) x 1 0x8000c5f6
core   0: 0x8000c5f6 (0x00003fdd) c.jal   pc - 10
core   0: 3 0x8000c5f6 (0x3fdd) x 1 0x8000c5f8
core   0: 0x8000c5ec (0x022000ef) jal     pc + 0x22
core   0: 3 0x8000c5ec (0x022000ef) x 1 0x8000c5f0
core   0: 0x8000c60e (0x0000bfc5) c.j     pc - 16
core   0: 3 0x8000c60e (0xbfc5)
core   0: 0x8000c5fe (0x0000a011) c.j     pc + 4
core   0: 3 0x8000c5fe (0xa011)
core   0: 0x8000c602 (0x0000a811) c.j     pc + 20
core   0: 3 0x8000c602 (0xa811)
core   0: 0x8000c616 (0x0000b7dd) c.j     pc - 26
core   0: 3 0x8000c616 (0xb7dd)
core   0: 0x8000c5fc (0x0000a031) c.j     pc + 12
core   0: 3 0x8000c5fc (0xa031)
core   0: 0x8000c608 (0x00002009) c.jal   pc + 2
core   0: 3 0x8000c608 (0x2009) x 1 0x8000c60a
core   0: 0x8000c60a (0x0000a021) c.j     pc + 8
core   0: 3 0x8000c60a (0xa021)
core   0: 0x8000c612 (0xfe7ffc6f) jal     s8, pc - 0x1a
core   0: 3 0x8000c612 (0xfe7ffc6f) x24 0x8000c616
core   0: 0x8000c5f8 (0x008000ef) jal     pc + 0x8
core   0: 3 0x8000c5f8 (0x008000ef) x 1 0x8000c5fc
core   0: 0x8000c600 (0x00003fc5) c.jal   pc - 16
core   0: 3 0x8000c600 (0x3fc5) x 1 0x8000c602
core   0: 0x8000c5f0 (0x00002819) c.jal   pc + 22
core   0: 3 0x8000c5f0 (0x2819) x 1 0x8000c5f2
core   0: 0x8000c606 (0x00002019) c.jal   pc + 6
core   0: 3 0x8000c606 (0x2019) x 1 0x8000c608
core   0: 0x8000c60c (0x00002031) c.jal   pc + 12
core   0: 3 0x8000c60c (0x2031) x 1 0x8000c60e
core   0: 0x8000c618 (0x00003fc9) c.jal   pc - 46
core   0: 3 0x8000c618 (0x3fc9) x 1 0x8000c61a
core   0: 0x8000c5ea (0x00002805) c.jal   pc + 48
core   0: 3 0x8000c5ea (0x2805) x 1 0x8000c5ec
core   0: 0x8000c61a (0x000081e2) c.mv    gp, s8
core   0: 3 0x8000c61a (0x81e2) x 3 0x8000c616
core   0: 0x8000c61c (0x00018217) auipc   tp, 0x18
core   0: 3 0x8000c61c (0x00018217) x 4 0x8002461c
core   0: 0x8000c620 (0xa6820213) addi    tp, tp, -1432
core   0: 3 0x8000c620 (0xa6820213) x 4 0x80024084
core   0: 0x8000c624 (0x140221af) lr.w    gp, (tp)
core   0: 3 0x8000c624 (0x140221af) x 3 0x0001a27f mem 0x80024084
core   0: 0x8000c628 (0x41385613) srai    a2, a6, 19
core   0: 3 0x8000c628 (0x41385613) x12 0x00000000
core   0: 0x8000c62c (0x00008f05) c.sub   a4, s1
core   0: 3 0x8000c62c (0x8f05) x14 0xffffffad
core   0: 0x8000c62e (0x34015c73) csrrwi  s8, mscratch, 2
core   0: 3 0x8000c62e (0x34015c73) x24 0x00000000 c832_mscratch 0x00000002
core   0: 0x8000c632 (0x00008eb9) c.xor   a3, a4
core   0: 3 0x8000c632 (0x8eb9) x13 0xeaaa763b
core   0: 0x8000c634 (0x340e7bf3) csrrci  s7, mscratch, 28
core   0: 3 0x8000c634 (0x340e7bf3) x23 0x00000002 c832_mscratch 0x00000002
core   0: 0x8000c638 (0x34007673) csrrci  a2, mscratch, 0
core   0: 3 0x8000c638 (0x34007673) x12 0x00000002
core   0: 0x8000c63c (0x03cd9ab3) mulh    s5, s11, t3
core   0: 3 0x8000c63c (0x03cd9ab3) x21 0x00000000
core   0: 0x8000c640 (0x0236d4b3) divu    s1, a3, gp
core   0: 3 0x8000c640 (0x0236d4b3) x 9 0x00008f8c
core   0: 0x8000c644 (0x023dbab3) mulhu   s5, s11, gp
core   0: 3 0x8000c644 (0x023dbab3) x21 0x00000000
core   0: 0x8000c648 (0x021a15b3) mulh    a1, s4, ra
core   0: 3 0x8000c648 (0x021a15b3) x11 0x00001780
core   0: 0x8000c64c (0x00890833) add     a6, s2, s0
core   0: 3 0x8000c64c (0x00890833) x16 0x00000021
core   0: 0x8000c650 (0x002f5613) srli    a2, t5, 2
core   0: 3 0x8000c650 (0x002f5613) x12 0x2000b349
core   0: 0x8000c654 (0x401b5793) srai    a5, s6, 1
core   0: 3 0x8000c654 (0x401b5793) x15 0xffffffe0
core   0: 0x8000c658 (0x039f9a33) mulh    s4, t6, s9
core   0: 3 0x8000c658 (0x039f9a33) x20 0xffffffff
core   0: 0x8000c65c (0x19f224af) sc.w    s1, t6, (tp)
core   0: 3 0x8000c65c (0x19f224af) x 9 0x00000000 mem 0x80024084 0x80024050
core   0: 0x8000c660 (0x00007a97) auipc   s5, 0x7
core   0: 3 0x8000c660 (0x00007a97) x21 0x80013660
core   0: 0x8000c664 (0xb3ca8a93) addi    s5, s5, -1220
core   0: 3 0x8000c664 (0xb3ca8a93) x21 0x8001319c
core   0: 0x8000c668 (0x2c1a8683) lb      a3, 705(s5)
core   0: 3 0x8000c668 (0x2c1a8683) x13 0xffffff9d mem 0x8001345d
core   0: 0x8000c66c (0x00007a17) auipc   s4, 0x7
core   0: 3 0x8000c66c (0x00007a17) x20 0x8001366c
core   0: 0x8000c670 (0xdc5a0a13) addi    s4, s4, -571
core   0: 3 0x8000c670 (0xdc5a0a13) x20 0x80013431
core   0: 0x8000c674 (0xffca0f23) sb      t3, -2(s4)
core   0: 3 0x8000c674 (0xffca0f23) mem 0x8001342f 0x1b
core   0: 0x8000c678 (0xffda0883) lb      a7, -3(s4)
core   0: 3 0x8000c678 (0xffda0883) x17 0xffffff9c mem 0x8001342e
core   0: 0x8000c67c (0xff6a0683) lb      a3, -10(s4)
core   0: 3 0x8000c67c (0xff6a0683) x13 0xffffffb2 mem 0x80013427
core   0: 0x8000c680 (0xf72a9683) lh      a3, -142(s5)
core   0: 3 0x8000c680 (0xf72a9683) x13 0xffff8cdd mem 0x8001310e
core   0: 0x8000c684 (0x533a8603) lb      a2, 1331(s5)
core   0: 3 0x8000c684 (0x533a8603) x12 0xffffffe1 mem 0x800136cf
core   0: 0x8000c688 (0x705ace03) lbu     t3, 1797(s5)
core   0: 3 0x8000c688 (0x705ace03) x28 0x0000009d mem 0x800138a1
core   0: 0x8000c68c (0xff9a5b83) lhu     s7, -7(s4)
core   0: 3 0x8000c68c (0xff9a5b83) x23 0x0000f57b mem 0x8001342a
core   0: 0x8000c690 (0x002a0303) lb      t1, 2(s4)
core   0: 3 0x8000c690 (0x002a0303) x 6 0xfffffff9 mem 0x80013433
core   0: 0x8000c694 (0x15ba8783) lb      a5, 347(s5)
core   0: 3 0x8000c694 (0x15ba8783) x15 0x0000007b mem 0x800132f7
core   0: 0x8000c698 (0xffca4503) lbu     a0, -4(s4)
core   0: 3 0x8000c698 (0xffca4503) x10 0x00000077 mem 0x8001342d
core   0: 0x8000c69c (0x7fbacc83) lbu     s9, 2043(s5)
core   0: 3 0x8000c69c (0x7fbacc83) x25 0x000000d0 mem 0x80013997
core   0: 0x8000c6a0 (0x00ea0703) lb      a4, 14(s4)
core   0: 3 0x8000c6a0 (0x00ea0703) x14 0x00000063 mem 0x8001343f
core   0: 0x8000c6a4 (0x306a8ca3) sb      t1, 793(s5)
core   0: 3 0x8000c6a4 (0x306a8ca3) mem 0x800134b5 0xf9
core   0: 0x8000c6a8 (0x002a0723) sb      sp, 14(s4)
core   0: 3 0x8000c6a8 (0x002a0723) mem 0x8001343f 0xf0
core   0: 0x8000c6ac (0xec3ac103) lbu     sp, -317(s5)
core   0: 3 0x8000c6ac (0xec3ac103) x 2 0x0000002a mem 0x8001305f
core   0: 0x8000c6b0 (0x00aa4103) lbu     sp, 10(s4)
core   0: 3 0x8000c6b0 (0x00aa4103) x 2 0x00000000 mem 0x8001343b
core   0: 0x8000c6b4 (0xff8a0483) lb      s1, -8(s4)
core   0: 3 0x8000c6b4 (0xff8a0483) x 9 0x0000004a mem 0x80013429
core   0: 0x8000c6b8 (0x00c0066f) jal     a2, pc + 0xc
core   0: 3 0x8000c6b8 (0x00c0066f) x12 0x8000c6bc
core   0: 0x8000c6c4 (0xfffffe6f) jal     t3, pc - 0x2
core   0: 3 0x8000c6c4 (0xfffffe6f) x28 0x8000c6c8
core   0: 0x8000c6c2 (0x00003ffd) c.jal   pc - 2
core   0: 3 0x8000c6c2 (0x3ffd) x 1 0x8000c6c4
core   0: 0x8000c6c0 (0x00002811) c.jal   pc + 20
core   0: 3 0x8000c6c0 (0x2811) x 1 0x8000c6c2
core   0: 0x8000c6d4 (0xff5ff0ef) jal     pc - 0xc
core   0: 3 0x8000c6d4 (0xff5ff0ef) x 1 0x8000c6d8
core   0: 0x8000c6c8 (0x00002021) c.jal   pc + 8
core   0: 3 0x8000c6c8 (0x2021) x 1 0x8000c6ca
core   0: 0x8000c6d0 (0xfffff36f) jal     t1, pc - 0x2
core   0: 3 0x8000c6d0 (0xfffff36f) x 6 0x8000c6d4
core   0: 0x8000c6ce (0x00003ffd) c.jal   pc - 2
core   0: 3 0x8000c6ce (0x3ffd) x 1 0x8000c6d0
core   0: 0x8000c6cc (0x0000bfc5) c.j     pc - 16
core   0: 3 0x8000c6cc (0xbfc5)
core   0: 0x8000c6bc (0x00e000ef) jal     pc + 0xe
core   0: 3 0x8000c6bc (0x00e000ef) x 1 0x8000c6c0
core   0: 0x8000c6ca (0x0000a039) c.j     pc + 14
core   0: 3 0x8000c6ca (0xa039)
core   0: 0x8000c6d8 (0x03970733) mul     a4, a4, s9
core   0: 3 0x8000c6d8 (0x03970733) x14 0x00005070
core   0: 0x8000c6dc (0x00018a97) auipc   s5, 0x18
core   0: 3 0x8000c6dc (0x00018a97) x21 0x800246dc
core   0: 0x8000c6e0 (0x970a8a93) addi    s5, s5, -1680
core   0: 3 0x8000c6e0 (0x970a8a93) x21 0x8002404c
core   0: 0x8000c6e4 (0x00018c97) auipc   s9, 0x18
core   0: 3 0x8000c6e4 (0x00018c97) x25 0x800246e4
core   0: 0x8000c6e8 (0x968c8c93) addi    s9, s9, -1688
core   0: 3 0x8000c6e8 (0x968c8c93) x25 0x8002404c
core   0: 0x8000c6ec (0x40595813) srai    a6, s2, 5
core   0: 3 0x8000c6ec (0x40595813) x16 0x00000000
core   0: 0x8000c6f0 (0xa5bca82f) amomax.w a6, s11, (s9)
core   0: 3 0x8000c6f0 (0xa5bca82f) x16 0x80024064 mem 0x8002404c mem 0x8002404c 0x00000000
core   0: 0x8000c6f4 (0x34007973) csrrci  s2, mscratch, 0
core   0: 3 0x8000c6f4 (0x34007973) x18 0x00000002
core   0: 0x8000c6f8 (0x0217ae33) mulhsu  t3, a5, ra
core   0: 3 0x8000c6f8 (0x0217ae33) x28 0x0000003d
core   0: 0x8000c6fc (0x0000100f) fence.i
core   0: 3 0x8000c6fc (0x0000100f)
core   0: 0x8000c700 (0xa35aa7af) amomax.w a5, s5, (s5)
core   0: 3 0x8000c700 (0xa35aa7af) x15 0x00000000 mem 0x8002404c mem 0x8002404c 0x00000000
core   0: 0x8000c704 (0x02f11433) mulh    s0, sp, a5
core   0: 3 0x8000c704 (0x02f11433) x 8 0x00000000
core   0: 0x8000c708 (0xe0baa22f) amomaxu.w tp, a1, (s5)
core   0: 3 0x8000c708 (0xe0baa22f) x 4 0x00000000 mem 0x8002404c mem 0x8002404c 0x00001780
core   0: 0x8000c70c (0x025d77b3) remu    a5, s10, t0
core   0: 3 0x8000c70c (0x025d77b3) x15 0x00000000
core   0: 0x8000c710 (0x244ca8af) amoxor.w a7, tp, (s9)
core   0: 3 0x8000c710 (0x244ca8af) x17 0x00001780 mem 0x8002404c mem 0x8002404c 0x00001780
core   0: 0x8000c714 (0x00001480) c.addi4spn s0, sp, 608
core   0: 3 0x8000c714 (0x1480) x 8 0x00000260
core   0: 0x8000c716 (0x00008d1d) c.sub   a0, a5
core   0: 3 0x8000c716 (0x8d1d) x10 0x00000077
core   0: 0x8000c718 (0x40aca6af) amoor.w a3, a0, (s9)
core   0: 3 0x8000c718 (0x40aca6af) x13 0x00001780 mem 0x8002404c mem 0x8002404c 0x000017f7
core   0: 0x8000c71c (0x240aad2f) amoxor.w s10, zero, (s5)
core   0: 3 0x8000c71c (0x240aad2f) x26 0x000017f7 mem 0x8002404c mem 0x8002404c 0x000017f7
core   0: 0x8000c720 (0x00009766) c.add   a4, s9
core   0: 3 0x8000c720 (0x9766) x14 0x800290bc
core   0: 0x8000c722 (0x09caa4af) amoswap.w s1, t3, (s5)
core   0: 3 0x8000c722 (0x09caa4af) x 9 0x000017f7 mem 0x8002404c mem 0x8002404c 0x0000003d
core   0: 0x8000c726 (0x00001dfd) c.addi  s11, -1
core   0: 3 0x8000c726 (0x1dfd) x27 0xffffffff
core   0: 0x8000c728 (0xe4eca4af) amomaxu.w s1, a4, (s9)
core   0: 3 0x8000c728 (0xe4eca4af) x 9 0x0000003d mem 0x8002404c mem 0x8002404c 0x800290bc
core   0: 0x8000c72c (0x450ca4af) amoor.w s1, a6, (s9)
core   0: 3 0x8000c72c (0x450ca4af) x 9 0x800290bc mem 0x8002404c mem 0x8002404c 0x8002d0fc
core   0: 0x8000c730 (0x24ccadaf) amoxor.w s11, a2, (s9)
core   0: 3 0x8000c730 (0x24ccadaf) x27 0x8002d0fc mem 0x8002404c mem 0x8002404c 0x00021640
core   0: 0x8000c734 (0x00018c17) auipc   s8, 0x18
core   0: 3 0x8000c734 (0x00018c17) x24 0x80024734
core   0: 0x8000c738 (0x948c0c13) addi    s8, s8, -1720
core   0: 3 0x8000c738 (0x948c0c13) x24 0x8002407c
core   0: 0x8000c73c (0x140c2d2f) lr.w    s10, (s8)
core   0: 3 0x8000c73c (0x140c2d2f) x26 0x0000007e mem 0x8002407c
core   0: 0x8000c740 (0x00008efd) c.and   a3, a5
core   0: 3 0x8000c740 (0x8efd) x13 0x00000000
core   0: 0x8000c742 (0x0000717d) c.addi16sp sp, -16
core   0: 3 0x8000c742 (0x717d) x 2 0xfffffff0
core   0: 0x8000c744 (0x1c5c21af) sc.w    gp, t0, (s8)
core   0: 3 0x8000c744 (0x1c5c21af) x 3 0x00000000 mem 0x8002407c 0x80028e74
core   0: 0x8000c748 (0x00007097) auipc   ra, 0x7
core   0: 3 0x8000c748 (0x00007097) x 1 0x80013748
core   0: 0x8000c74c (0xf4108093) addi    ra, ra, -191
core   0: 3 0x8000c74c (0xf4108093) x 1 0x80013689
core   0: 0x8000c750 (0x00010f97) auipc   t6, 0x10
core   0: 3 0x8000c750 (0x00010f97) x31 0x8001c750
core   0: 0x8000c754 (0x847f8f93) addi    t6, t6, -1977
core   0: 3 0x8000c754 (0x847f8f93) x31 0x8001bf97
core   0: 0x8000c758 (0x026f8823) sb      t1, 48(t6)
core   0: 3 0x8000c758 (0x026f8823) mem 0x8001bfc7 0xd4
core   0: 0x8000c75c (0xf2a08a23) sb      a0, -204(ra)
core   0: 3 0x8000c75c (0xf2a08a23) mem 0x800135bd 0x77
core   0: 0x8000c760 (0x022f8883) lb      a7, 34(t6)
core   0: 3 0x8000c760 (0x022f8883) x17 0xffffffc6 mem 0x8001bfb9
core   0: 0x8000c764 (0xf0508c03) lb      s8, -251(ra)
core   0: 3 0x8000c764 (0xf0508c03) x24 0x00000067 mem 0x8001358e
core   0: 0x8000c768 (0xfc3f9483) lh      s1, -61(t6)
core   0: 3 0x8000c768 (0xfc3f9483) x 9 0x00003505 mem 0x8001bf5a
core   0: 0x8000c76c (0xfa908403) lb      s0, -87(ra)
core   0: 3 0x8000c76c (0xfa908403) x 8 0x0000000d mem 0x80013632
core   0: 0x8000c770 (0xfd008a23) sb      a6, -44(ra)
core   0: 3 0x8000c770 (0xfd008a23) mem 0x8001365d 0x64
core   0: 0x8000c774 (0x02ffd983) lhu     s3, 47(t6)
core   0: 3 0x8000c774 (0x02ffd983) x19 0x0000d455 mem 0x8001bfc6
core   0: 0x8000c778 (0xfab08ea3) sb      a1, -67(ra)
core   0: 3 0x8000c778 (0xfab08ea3) mem 0x80013646 0x80
core   0: 0x8000c77c (0xfcaf8923) sb      a0, -46(t6)
core   0: 3 0x8000c77c (0xfcaf8923) mem 0x8001bf69 0x77
core   0: 0x8000c780 (0x0180066f) jal     a2, pc + 0x18
core   0: 3 0x8000c780 (0x0180066f) x12 0x8000c784
core   0: 0x8000c798 (0x014000ef) jal     pc + 0x14
core   0: 3 0x8000c798 (0x014000ef) x 1 0x8000c79c
core   0: 0x8000c7ac (0x0000b7dd) c.j     pc - 26
core   0: 3 0x8000c7ac (0xb7dd)
core   0: 0x8000c792 (0x0000a011) c.j     pc + 4
core   0: 3 0x8000c792 (0xa011)
core   0: 0x8000c796 (0x0000a029) c.j     pc + 10
core   0: 3 0x8000c796 (0xa029)
core   0: 0x8000c7a0 (0xfe9ff4ef) jal     s1, pc - 0x18
core   0: 3 0x8000c7a0 (0xfe9ff4ef) x 9 0x8000c7a4
core   0: 0x8000c788 (0x0000bff5) c.j     pc - 4
core   0: 3 0x8000c788 (0xbff5)
core   0: 0x8000c784 (0x0000a015) c.j     pc + 36
core   0: 3 0x8000c784 (0xa015)
core   0: 0x8000c7a8 (0x0000bff5) c.j     pc - 4
core   0: 3 0x8000c7a8 (0xbff5)
core   0: 0x8000c7a4 (0xfe9ff1ef) jal     gp, pc - 0x18
core   0: 3 0x8000c7a4 (0xfe9ff1ef) x 3 0x8000c7a8
core   0: 0x8000c78c (0x008000ef) jal     pc + 0x8
core   0: 3 0x8000c78c (0x008000ef) x 1 0x8000c790
core   0: 0x8000c794 (0x0000a819) c.j     pc + 22
core   0: 3 0x8000c794 (0xa819)
core   0: 0x8000c7aa (0x0000a021) c.j     pc + 8
core   0: 3 0x8000c7aa (0xa021)
core   0: 0x8000c7b2 (0xfd5ff0ef) jal     pc - 0x2c
core   0: 3 0x8000c7b2 (0xfd5ff0ef) x 1 0x8000c7b6
core   0: 0x8000c786 (0x0000a819) c.j     pc + 22
core   0: 3 0x8000c786 (0xa819)
core   0: 0x8000c79c (0x0120036f) jal     t1, pc + 0x12
core   0: 3 0x8000c79c (0x0120036f) x 6 0x8000c7a0
core   0: 0x8000c7ae (0x00002009) c.jal   pc + 2
core   0: 3 0x8000c7ae (0x2009) x 1 0x8000c7b0
core   0: 0x8000c7b0 (0x000037c5) c.jal   pc - 32
core   0: 3 0x8000c7b0 (0x37c5) x 1 0x8000c7b2
core   0: 0x8000c790 (0x00003fed) c.jal   pc - 6
core   0: 3 0x8000c790 (0x3fed) x 1 0x8000c792
core   0: 0x8000c78a (0x0000a035) c.j     pc + 44
core   0: 3 0x8000c78a (0xa035)
core   0: 0x8000c7b6 (0x000007b5) c.addi  a5, 13
core   0: 3 0x8000c7b6 (0x07b5) x15 0x0000000d
core   0: 0x8000c7b8 (0x00018e97) auipc   t4, 0x18
core   0: 3 0x8000c7b8 (0x00018e97) x29 0x800247b8
core   0: 0x8000c7bc (0x8a8e8e93) addi    t4, t4, -1880
core   0: 3 0x8000c7bc (0x8a8e8e93) x29 0x80024060
core   0: 0x8000c7c0 (0x340b3cf3) csrrc   s9, mscratch, s6
core   0: 3 0x8000c7c0 (0x340b3cf3) x25 0x00000002 c832_mscratch 0x00000002
core   0: 0x8000c7c4 (0x01c35093) srli    ra, t1, 28
core   0: 3 0x8000c7c4 (0x01c35093) x 1 0x00000008
core   0: 0x8000c7c8 (0x41675833) sra     a6, a4, s6
core   0: 3 0x8000c7c8 (0x41675833) x16 0x800290bc
core   0: 0x8000c7cc (0x00008ce9) c.and   s1, a0
core   0: 3 0x8000c7cc (0x8ce9) x 9 0x00000024
core   0: 0x8000c7ce (0x100ea7af) lr.w    a5, (t4)
core   0: 3 0x8000c7ce (0x100ea7af) x15 0x0000000a mem 0x80024060
core   0: 0x8000c7d2 (0x184eacaf) sc.w    s9, tp, (t4)
core   0: 3 0x8000c7d2 (0x184eacaf) x25 0x00000000 mem 0x80024060 0x00000000
core   0: 0x8000c7d6 (0x00011917) auipc   s2, 0x11
core   0: 3 0x8000c7d6 (0x00011917) x18 0x8001d7d6
core   0: 0x8000c7da (0xad990913) addi    s2, s2, -1319
core   0: 3 0x8000c7da (0xad990913) x18 0x8001d2af
core   0: 0x8000c7de (0x00007797) auipc   a5, 0x7
core   0: 3 0x8000c7de (0x00007797) x15 0x800137de
core   0: 0x8000c7e2 (0x97478793) addi    a5, a5, -1676
core   0: 3 0x8000c7e2 (0x97478793) x15 0x80013152
core   0: 0x8000c7e6 (0x0d8918a3) sh      s8, 209(s2)
core   0: 3 0x8000c7e6 (0x0d8918a3) mem 0x8001d380 0x0067
core   0: 0x8000c7ea (0x0cb95303) lhu     t1, 203(s2)
core   0: 3 0x8000c7ea (0x0cb95303) x 6 0x00007664 mem 0x8001d37a
core   0: 0x8000c7ee (0x01e7d983) lhu     s3, 30(a5)
core   0: 3 0x8000c7ee (0x01e7d983) x19 0x00003dbc mem 0x80013170
core   0: 0x8000c7f2 (0xf2e90da3) sb      a4, -197(s2)
core   0: 3 0x8000c7f2 (0xf2e90da3) mem 0x8001d1ea 0xbc
core   0: 0x8000c7f6 (0xfdc79d83) lh      s11, -36(a5)
core   0: 3 0x8000c7f6 (0xfdc79d83) x27 0x000001f1 mem 0x8001312e
core   0: 0x8000c7fa (0xf1795803) lhu     a6, -233(s2)
core   0: 3 0x8000c7fa (0xf1795803) x16 0x0000cde0 mem 0x8001d1c6
core   0: 0x8000c7fe (0xf1991b83) lh      s7, -231(s2)
core   0: 3 0x8000c7fe (0xf1991b83) x23 0x000027ee mem 0x8001d1c8
core   0: 0x8000c802 (0x05778003) lb      zero, 87(a5)
core   0: 3 0x8000c802 (0x05778003) mem 0x800131a9
core   0: 0x8000c806 (0x06e7d503) lhu     a0, 110(a5)
core   0: 3 0x8000c806 (0x06e7d503) x10 0x0000be2f mem 0x800131c0
core   0: 0x8000c80a (0xf9d7c503) lbu     a0, -99(a5)
core   0: 3 0x8000c80a (0xf9d7c503) x10 0x000000a8 mem 0x800130ef
core   0: 0x8000c80e (0x06290303) lb      t1, 98(s2)
core   0: 3 0x8000c80e (0x06290303) x 6 0xffffffdb mem 0x8001d311
core   0: 0x8000c812 (0x0a6909a3) sb      t1, 179(s2)
core   0: 3 0x8000c812 (0x0a6909a3) mem 0x8001d362 0xdb
core   0: 0x8000c816 (0x03378603) lb      a2, 51(a5)
core   0: 3 0x8000c816 (0x03378603) x12 0xffffffbd mem 0x80013185
core   0: 0x8000c81a (0xfdb91da3) sh      s11, -37(s2)
core   0: 3 0x8000c81a (0xfdb91da3) mem 0x8001d28a 0x01f1
core   0: 0x8000c81e (0x05e78d03) lb      s10, 94(a5)
core   0: 3 0x8000c81e (0x05e78d03) x26 0xfffffff8 mem 0x800131b0
core   0: 0x8000c822 (0xfcb95583) lhu     a1, -53(s2)
core   0: 3 0x8000c822 (0xfcb95583) x11 0x00006597 mem 0x8001d27a
core   0: 0x8000c826 (0xff790983) lb      s3, -9(s2)
core   0: 3 0x8000c826 (0xff790983) x19 0x0000005a mem 0x8001d2a6
core   0: 0x8000c82a (0x0af78083) lb      ra, 175(a5)
core   0: 3 0x8000c82a (0x0af78083) x 1 0x0000003f mem 0x80013201
core   0: 0x8000c82e (0xf8879483) lh      s1, -120(a5)
core   0: 3 0x8000c82e (0xf8879483) x 9 0xffff8523 mem 0x800130da
core   0: 0x8000c832 (0x00018897) auipc   a7, 0x18
core   0: 3 0x8000c832 (0x00018897) x17 0x80024832
core   0: 0x8000c836 (0x85288893) addi    a7, a7, -1966
core   0: 3 0x8000c836 (0x85288893) x17 0x80024084
core   0: 0x8000c83a (0x3403b973) csrrc   s2, mscratch, t2
core   0: 3 0x8000c83a (0x3403b973) x18 0x00000002 c832_mscratch 0x00000000
core   0: 0x8000c83e (0xdf352493) slti    s1, a0, -525
core   0: 3 0x8000c83e (0xdf352493) x 9 0x00000000
core   0: 0x8000c842 (0x34007df3) csrrci  s11, mscratch, 0
core   0: 3 0x8000c842 (0x34007df3) x27 0x00000000
core   0: 0x8000c846 (0x03d7f433) remu    s0, a5, t4
core   0: 3 0x8000c846 (0x03d7f433) x 8 0x80013152
core   0: 0x8000c84a (0x41dc2613) slti    a2, s8, 1053
core   0: 3 0x8000c84a (0x41dc2613) x12 0x00000001
core   0: 0x8000c84e (0x1208aa2f) lr.w    s4, (a7)
core   0: 3 0x8000c84e (0x1208aa2f) x20 0x80024050 mem 0x80024084
core   0: 0x8000c852 (0x00b13933) sltu    s2, sp, a1
core   0: 3 0x8000c852 (0x00b13933) x18 0x00000000
core   0: 0x8000c856 (0x15dfaa13) slti    s4, t6, 349
core   0: 3 0x8000c856 (0x15dfaa13) x20 0x00000001
core   0: 0x8000c85a (0x03e19b33) mulh    s6, gp, t5
core   0: 3 0x8000c85a (0x03e19b33) x22 0x3ffe359c
core   0: 0x8000c85e (0x00000001) c.nop
core   0: 3 0x8000c85e (0x0001)
core   0: 0x8000c860 (0x01cebcb3) sltu    s9, t4, t3
core   0: 3 0x8000c860 (0x01cebcb3) x25 0x00000000
core   0: 0x8000c864 (0x1c18a9af) sc.w    s3, ra, (a7)
core   0: 3 0x8000c864 (0x1c18a9af) x19 0x00000000 mem 0x80024084 0x0000003f
core   0: 0x8000c868 (0x00004725) c.li    a4, 9
core   0: 3 0x8000c868 (0x4725) x14 0x00000009
core   0: 0x8000c86a (0x000094a2) c.add   s1, s0
core   0: 3 0x8000c86a (0x94a2) x 9 0x80013152
core   0: 0x8000c86c (0x00426cb3) or      s9, tp, tp
core   0: 3 0x8000c86c (0x00426cb3) x25 0x00000000
core   0: 0x8000c870 (0x00000001) c.nop
core   0: 3 0x8000c870 (0x0001)
core   0: 0x8000c872 (0x03e6a0b3) mulhsu  ra, a3, t5
core   0: 3 0x8000c872 (0x03e6a0b3) x 1 0x00000000
core   0: 0x8000c876 (0x039b0233) mul     tp, s6, s9
core   0: 3 0x8000c876 (0x039b0233) x 4 0x00000000
core   0: 0x8000c87a (0x00000001) c.nop
core   0: 3 0x8000c87a (0x0001)
core   0: 0x8000c87c (0x340b69f3) csrrsi  s3, mscratch, 22
core   0: 3 0x8000c87c (0x340b69f3) x19 0x00000000 c832_mscratch 0x00000016
core   0: 0x8000c880 (0x0000980a) c.add   a6, sp
core   0: 3 0x8000c880 (0x980a) x16 0x0000cdd0
core   0: 0x8000c882 (0xca2f4637) lui     a2, 0xca2f4
core   0: 3 0x8000c882 (0xca2f4637) x12 0xca2f4000
core   0: 0x8000c886 (0x00000001) c.nop
core   0: 3 0x8000c886 (0x0001)
core   0: 0x8000c888 (0x0000175d) c.addi  a4, -9
core   0: 3 0x8000c888 (0x175d) x14 0x00000000
core   0: 0x8000c88a (0x00373a33) sltu    s4, a4, gp
core   0: 3 0x8000c88a (0x00373a33) x20 0x00000001
core   0: 0x8000c88e (0x00004329) c.li    t1, 10
core   0: 3 0x8000c88e (0x4329) x 6 0x0000000a
core   0: 0x8000c890 (0x03d4ed33) rem     s10, s1, t4
core   0: 3 0x8000c890 (0x03d4ed33) x26 0xfffef0f2
core   0: 0x8000c894 (0x00004435) c.li    s0, 13
core   0: 3 0x8000c894 (0x4435) x 8 0x0000000d
core   0: 0x8000c896 (0x006f8c33) add     s8, t6, t1
core   0: 3 0x8000c896 (0x006f8c33) x24 0x8001bfa1
core   0: 0x8000c89a (0x00000001) c.nop
core   0: 3 0x8000c89a (0x0001)
core   0: 0x8000c89c (0x03fe08b3) mul     a7, t3, t6
core   0: 3 0x8000c89c (0x03fe08b3) x17 0x806aa6fb
core   0: 0x8000c8a0 (0x0000030d) c.addi  t1, 3
core   0: 3 0x8000c8a0 (0x030d) x 6 0x0000000d
core   0: 0x8000c8a2 (0xae98a137) lui     sp, 0xae98a
core   0: 3 0x8000c8a2 (0xae98a137) x 2 0xae98a000
core   0: 0x8000c8a6 (0x3dc96813) ori     a6, s2, 988
core   0: 3 0x8000c8a6 (0x3dc96813) x16 0x000003dc
core   0: 0x8000c8aa (0x00ead8b3) srl     a7, s5, a4
core   0: 3 0x8000c8aa (0x00ead8b3) x17 0x8002404c
core   0: 0x8000c8ae (0x340077f3) csrrci  a5, mscratch, 0
core   0: 3 0x8000c8ae (0x340077f3) x15 0x00000016
core   0: 0x8000c8b2 (0x113beb13) ori     s6, s7, 275
core   0: 3 0x8000c8b2 (0x113beb13) x22 0x000027ff
core   0: 0x8000c8b6 (0xfe8312e3) bne     t1, s0, pc - 28
core   0: 3 0x8000c8b6 (0xfe8312e3)
core   0: 0x8000c8ba (0x00a44e33) xor     t3, s0, a0
core   0: 3 0x8000c8ba (0x00a44e33) x28 0x000000a5
core   0: 0x8000c8be (0x0000f369) c.bnez  a4, pc - 62
core   0: 3 0x8000c8be (0xf369)
core   0: 0x8000c8c0 (0x0000829d) c.srli  a3, 7
core   0: 3 0x8000c8c0 (0x829d) x13 0x00000000
core   0: 0x8000c8c2 (0x00017f97) auipc   t6, 0x17
core   0: 3 0x8000c8c2 (0x00017f97) x31 0x800238c2
core   0: 0x8000c8c6 (0x7aaf8f93) addi    t6, t6, 1962
core   0: 3 0x8000c8c6 (0x7aaf8f93) x31 0x8002406c
core   0: 0x8000c8ca (0x01a05733) srl     a4, zero, s10
core   0: 3 0x8000c8ca (0x01a05733) x14 0x00000000
core   0: 0x8000c8ce (0x037ffa33) remu    s4, t6, s7
core   0: 3 0x8000c8ce (0x037ffa33) x20 0x000024f0
core   0: 0x8000c8d2 (0x000089fd) c.andi  a1, 31
core   0: 3 0x8000c8d2 (0x89fd) x11 0x00000017
core   0: 0x8000c8d4 (0xba4c4a13) xori    s4, s8, -1116
core   0: 3 0x8000c8d4 (0xba4c4a13) x20 0x7ffe4405
core   0: 0x8000c8d8 (0xae01c493) xori    s1, gp, -1312
core   0: 3 0x8000c8d8 (0xae01c493) x 9 0x7fff3d48
core   0: 0x8000c8dc (0x7dfa0193) addi    gp, s4, 2015
core   0: 3 0x8000c8dc (0x7dfa0193) x 3 0x7ffe4be4
core   0: 0x8000c8e0 (0x03862ab3) mulhsu  s5, a2, s8
core   0: 3 0x8000c8e0 (0x03862ab3) x21 0xe51741e6
core   0: 0x8000c8e4 (0xe8b1bb93) sltiu   s7, gp, -373
core   0: 3 0x8000c8e4 (0xe8b1bb93) x23 0x00000001
core   0: 0x8000c8e8 (0x00009a7d) c.andi  a2, -1
core   0: 3 0x8000c8e8 (0x9a7d) x12 0xca2f4000
core   0: 0x8000c8ea (0x100fa92f) lr.w    s2, (t6)
core   0: 3 0x8000c8ea (0x100fa92f) x18 0x80028e74 mem 0x8002406c
core   0: 0x8000c8ee (0x1b6fa72f) sc.w    a4, s6, (t6)
core   0: 3 0x8000c8ee (0x1b6fa72f) x14 0x00000000 mem 0x8002406c 0x000027ff
core   0: 0x8000c8f2 (0x00015797) auipc   a5, 0x15
core   0: 3 0x8000c8f2 (0x00015797) x15 0x800218f2
core   0: 0x8000c8f6 (0x14f78793) addi    a5, a5, 335
core   0: 3 0x8000c8f6 (0x14f78793) x15 0x80021a41
core   0: 0x8000c8fa (0x340bf4f3) csrrci  s1, mscratch, 23
core   0: 3 0x8000c8fa (0x340bf4f3) x 9 0x00000016 c832_mscratch 0x00000000
core   0: 0x8000c8fe (0x34006573) csrrsi  a0, mscratch, 0
core   0: 3 0x8000c8fe (0x34006573) x10 0x00000000
core   0: 0x8000c902 (0xfd87c583) lbu     a1, -40(a5)
core   0: 3 0x8000c902 (0xfd87c583) x11 0x00000070 mem 0x80021a19
core   0: 0x8000c906 (0x01478f23) sb      s4, 30(a5)
core   0: 3 0x8000c906 (0x01478f23) mem 0x80021a5f 0x5
core   0: 0x8000c90a (0x02779483) lh      s1, 39(a5)
core   0: 3 0x8000c90a (0x02779483) x 9 0x000037eb mem 0x80021a68
core   0: 0x8000c90e (0xfd779ba3) sh      s7, -41(a5)
core   0: 3 0x8000c90e (0xfd779ba3) mem 0x80021a18 0x0001
core   0: 0x8000c912 (0x00006511) c.lui   a0, 0x4
core   0: 3 0x8000c912 (0x6511) x10 0x00004000
core   0: 0x8000c914 (0x3405b4f3) csrrc   s1, mscratch, a1
core   0: 3 0x8000c914 (0x3405b4f3) x 9 0x00000000 c832_mscratch 0x00000000
core   0: 0x8000c918 (0x01778423) sb      s7, 8(a5)
core   0: 3 0x8000c918 (0x01778423) mem 0x80021a49 0x1
core   0: 0x8000c91c (0x00001c7d) c.addi  s8, -1
core   0: 3 0x8000c91c (0x1c7d) x24 0x8001bfa0
core   0: 0x8000c91e (0xfef79483) lh      s1, -17(a5)
core   0: 3 0x8000c91e (0xfef79483) x 9 0xffff9b68 mem 0x80021a30
core   0: 0x8000c922 (0xfed7d503) lhu     a0, -19(a5)
core   0: 3 0x8000c922 (0xfed7d503) x10 0x0000efc0 mem 0x80021a2e
core   0: 0x8000c926 (0x0344f533) remu    a0, s1, s4
core   0: 3 0x8000c926 (0x0344f533) x10 0x0003135e
core   0: 0x8000c92a (0x417a5493) srai    s1, s4, 23
core   0: 3 0x8000c92a (0x417a5493) x 9 0x000000ff
core   0: 0x8000c92e (0x0157c583) lbu     a1, 21(a5)
core   0: 3 0x8000c92e (0x0157c583) x11 0x000000c6 mem 0x80021a56
core   0: 0x8000c932 (0xfd178a03) lb      s4, -47(a5)
core   0: 3 0x8000c932 (0xfd178a03) x20 0x0000001f mem 0x80021a12
core   0: 0x8000c936 (0xff97ca03) lbu     s4, -7(a5)
core   0: 3 0x8000c936 (0xff97ca03) x20 0x000000df mem 0x80021a3a
core   0: 0x8000c93a (0xfe878503) lb      a0, -24(a5)
core   0: 3 0x8000c93a (0xfe878503) x10 0xffffff81 mem 0x80021a29
core   0: 0x8000c93e (0x02478503) lb      a0, 36(a5)
core   0: 3 0x8000c93e (0x02478503) x10 0xffffffe6 mem 0x80021a65
core   0: 0x8000c942 (0xfca78123) sb      a0, -62(a5)
core   0: 3 0x8000c942 (0xfca78123) mem 0x80021a03 0xe6
core   0: 0x8000c946 (0xfeb78523) sb      a1, -22(a5)
core   0: 3 0x8000c946 (0xfeb78523) mem 0x80021a2b 0xc6
core   0: 0x8000c94a (0x018bfa33) and     s4, s7, s8
core   0: 3 0x8000c94a (0x018bfa33) x20 0x00000000
core   0: 0x8000c94e (0x018788a3) sb      s8, 17(a5)
core   0: 3 0x8000c94e (0x018788a3) mem 0x80021a52 0xa0
core   0: 0x8000c952 (0x01755a33) srl     s4, a0, s7
core   0: 3 0x8000c952 (0x01755a33) x20 0x7ffffff3
core   0: 0x8000c956 (0x01778523) sb      s7, 10(a5)
core   0: 3 0x8000c956 (0x01778523) mem 0x80021a4b 0x1
core   0: 0x8000c95a (0x40b4d4b3) sra     s1, s1, a1
core   0: 3 0x8000c95a (0x40b4d4b3) x 9 0x00000003
core   0: 0x8000c95e (0x02978b23) sb      s1, 54(a5)
core   0: 3 0x8000c95e (0x02978b23) mem 0x80021a77 0x3
core   0: 0x8000c962 (0x34051a73) csrrw   s4, mscratch, a0
core   0: 3 0x8000c962 (0x34051a73) x20 0x00000000 c832_mscratch 0xffffffe6
core   0: 0x8000c966 (0x00b78ba3) sb      a1, 23(a5)
core   0: 3 0x8000c966 (0x00b78ba3) mem 0x80021a58 0xc6
core   0: 0x8000c96a (0x034584b3) mul     s1, a1, s4
core   0: 3 0x8000c96a (0x034584b3) x 9 0x00000000
core   0: 0x8000c96e (0x016a1493) slli    s1, s4, 22
core   0: 3 0x8000c96e (0x016a1493) x 9 0x00000000
core   0: 0x8000c972 (0x00008cc5) c.or    s1, s1
core   0: 3 0x8000c972 (0x8cc5) x 9 0x00000000
core   0: 0x8000c974 (0x00008d29) c.xor   a0, a0
core   0: 3 0x8000c974 (0x8d29) x10 0x00000000
core   0: 0x8000c976 (0x00b7a583) lw      a1, 11(a5)
core   0: 3 0x8000c976 (0x00b7a583) x11 0x61f9f0e5 mem 0x80021a4c
core   0: 0x8000c97a (0x000054fd) c.li    s1, -1
core   0: 3 0x8000c97a (0x54fd) x 9 0xffffffff
core   0: 0x8000c97c (0xff178a03) lb      s4, -15(a5)
core   0: 3 0x8000c97c (0xff178a03) x20 0x0000004a mem 0x80021a32
core   0: 0x8000c980 (0x00008085) c.srli  s1, 1
core   0: 3 0x8000c980 (0x8085) x 9 0x7fffffff
core   0: 0x8000c982 (0xfcf78483) lb      s1, -49(a5)
core   0: 3 0x8000c982 (0xfcf78483) x 9 0x00000036 mem 0x80021a10
core   0: 0x8000c986 (0x0185c533) xor     a0, a1, s8
core   0: 3 0x8000c986 (0x0185c533) x10 0xe1f84f45
core   0: 0x8000c98a (0xff17c483) lbu     s1, -15(a5)
core   0: 3 0x8000c98a (0xff17c483) x 9 0x0000004a mem 0x80021a32
core   0: 0x8000c98e (0x01478423) sb      s4, 8(a5)
core   0: 3 0x8000c98e (0x01478423) mem 0x80021a49 0x4a
core   0: 0x8000c992 (0x000005ea) c.slli  a1, 26
core   0: 3 0x8000c992 (0x05ea) x11 0x94000000
core   0: 0x8000c994 (0x034781a3) sb      s4, 35(a5)
core   0: 3 0x8000c994 (0x034781a3) mem 0x80021a64 0x4a
core   0: 0x8000c998 (0xfd8792a3) sh      s8, -59(a5)
core   0: 3 0x8000c998 (0xfd8792a3) mem 0x80021a06 0xbfa0
core   0: 0x8000c99c (0x00d78503) lb      a0, 13(a5)
core   0: 3 0x8000c99c (0x00d78503) x10 0xfffffff9 mem 0x80021a4e
core   0: 0x8000c9a0 (0x00000001) c.nop
core   0: 3 0x8000c9a0 (0x0001)
core   0: 0x8000c9a2 (0xfcb79583) lh      a1, -53(a5)
core   0: 3 0x8000c9a2 (0xfcb79583) x11 0xffffe50f mem 0x80021a0c
core   0: 0x8000c9a6 (0x40d4d513) srai    a0, s1, 13
core   0: 3 0x8000c9a6 (0x40d4d513) x10 0x00000000
core   0: 0x8000c9aa (0x00b782a3) sb      a1, 5(a5)
core   0: 3 0x8000c9aa (0x00b782a3) mem 0x80021a46 0xf
core   0: 0x8000c9ae (0x0000053e) c.slli  a0, 15
core   0: 3 0x8000c9ae (0x053e) x10 0x00000000
core   0: 0x8000c9b0 (0x00008c85) c.sub   s1, s1
core   0: 3 0x8000c9b0 (0x8c85) x 9 0x00000000
core   0: 0x8000c9b2 (0xfdc7cb83) lbu     s7, -36(a5)
core   0: 3 0x8000c9b2 (0xfdc7cb83) x23 0x000000c4 mem 0x80021a1d
core   0: 0x8000c9b6 (0x00017e17) auipc   t3, 0x17
core   0: 3 0x8000c9b6 (0x00017e17) x28 0x800239b6
core   0: 0x8000c9ba (0x6bee0e13) addi    t3, t3, 1726
core   0: 3 0x8000c9ba (0x6bee0e13) x28 0x80024074
core   0: 0x8000c9be (0x0000015e) c.slli  sp, 23
core   0: 3 0x8000c9be (0x015e) x 2 0x00000000
core   0: 0x8000c9c0 (0x02c58db3) mul     s11, a1, a2
core   0: 3 0x8000c9c0 (0x02c58db3) x27 0xdd04c000
core   0: 0x8000c9c4 (0x140e2b2f) lr.w    s6, (t3)
core   0: 3 0x8000c9c4 (0x140e2b2f) x22 0x7ffdbfa0 mem 0x80024074
core   0: 0x8000c9c8 (0x03928a33) mul     s4, t0, s9
core   0: 3 0x8000c9c8 (0x03928a33) x20 0x00000000
core   0: 0x8000c9cc (0xe00b0b17) auipc   s6, 0xe00b0
core   0: 3 0x8000c9cc (0xe00b0b17) x22 0x600bc9cc
core   0: 0x8000c9d0 (0x004cddb3) srl     s11, s9, tp
core   0: 3 0x8000c9d0 (0x004cddb3) x27 0x00000000
core   0: 0x8000c9d4 (0x1a2e252f) sc.w    a0, sp, (t3)
core   0: 3 0x8000c9d4 (0x1a2e252f) x10 0x00000000 mem 0x80024074 0x00000000
core   0: 0x8000c9d8 (0x00017597) auipc   a1, 0x17
core   0: 3 0x8000c9d8 (0x00017597) x11 0x800239d8
core   0: 0x8000c9dc (0x67458593) addi    a1, a1, 1652
core   0: 3 0x8000c9dc (0x67458593) x11 0x8002404c
core   0: 0x8000c9e0 (0x00017797) auipc   a5, 0x17
core   0: 3 0x8000c9e0 (0x00017797) x15 0x800239e0
core   0: 0x8000c9e4 (0x69878793) addi    a5, a5, 1688
core   0: 3 0x8000c9e4 (0x69878793) x15 0x80024078
core   0: 0x8000c9e8 (0x00017c17) auipc   s8, 0x17
core   0: 3 0x8000c9e8 (0x00017c17) x24 0x800239e8
core   0: 0x8000c9ec (0x67cc0c13) addi    s8, s8, 1660
core   0: 3 0x8000c9ec (0x67cc0c13) x24 0x80024064
core   0: 0x8000c9f0 (0x03ff0333) mul     t1, t5, t6
core   0: 3 0x8000c9f0 (0x03ff0333) x 6 0x4ebf8b30
core   0: 0x8000c9f4 (0x0a05ad2f) amoswap.w s10, zero, (a1)
core   0: 3 0x8000c9f4 (0x0a05ad2f) x26 0x00021640 mem 0x8002404c mem 0x8002404c 0x00000000
core   0: 0x8000c9f8 (0x8135a8af) amomin.w a7, s3, (a1)
core   0: 3 0x8000c9f8 (0x8135a8af) x17 0x00000000 mem 0x8002404c mem 0x8002404c 0x00000000
core   0: 0x8000c9fc (0x403c2aaf) amoor.w s5, gp, (s8)
core   0: 3 0x8000c9fc (0x403c2aaf) x21 0x00000008 mem 0x80024064 mem 0x80024064 0x7ffe4bec
core   0: 0x8000ca00 (0xa40c282f) amomax.w a6, zero, (s8)
core   0: 3 0x8000ca00 (0xa40c282f) x16 0x7ffe4bec mem 0x80024064 mem 0x80024064 0x7ffe4bec
core   0: 0x8000ca04 (0x2b39e213) ori     tp, s3, 691
core   0: 3 0x8000ca04 (0x2b39e213) x 4 0x000002b3
core   0: 0x8000ca08 (0x2387a9af) amoxor.w s3, s8, (a5)
core   0: 3 0x8000ca08 (0x2387a9af) x19 0x0066edf6 mem 0x80024078 mem 0x80024078 0x8064ad92
core   0: 0x8000ca0c (0x340030f3) csrrc   ra, mscratch, zero
core   0: 3 0x8000ca0c (0x340030f3) x 1 0xffffffe6
core   0: 0x8000ca10 (0x2527a0af) amoxor.w ra, s2, (a5)
core   0: 3 0x8000ca10 (0x2527a0af) x 1 0x8064ad92 mem 0x80024078 mem 0x80024078 0x006623e6
core   0: 0x8000ca14 (0x00008ef1) c.and   a3, a2
core   0: 3 0x8000ca14 (0x8ef1) x13 0x00000000
core   0: 0x8000ca16 (0x0000527d) c.li    tp, -1
core   0: 3 0x8000ca16 (0x527d) x 4 0xffffffff
core   0: 0x8000ca18 (0xa455a1af) amomax.w gp, t0, (a1)
core   0: 3 0x8000ca18 (0xa455a1af) x 3 0x00000000 mem 0x8002404c mem 0x8002404c 0x00000000
core   0: 0x8000ca1c (0x00017917) auipc   s2, 0x17
core   0: 3 0x8000ca1c (0x00017917) x18 0x80023a1c
core   0: 0x8000ca20 (0x63490913) addi    s2, s2, 1588
core   0: 3 0x8000ca20 (0x63490913) x18 0x80024050
core   0: 0x8000ca24 (0x1409272f) lr.w    a4, (s2)
core   0: 3 0x8000ca24 (0x1409272f) x14 0x00000014 mem 0x80024050
core   0: 0x8000ca28 (0x00008312) c.mv    t1, tp
core   0: 3 0x8000ca28 (0x8312) x 6 0xffffffff
core   0: 0x8000ca2a (0x340065f3) csrrsi  a1, mscratch, 0
core   0: 3 0x8000ca2a (0x340065f3) x11 0xffffffe6
core   0: 0x8000ca2e (0x00008539) c.srai  a0, 14
core   0: 3 0x8000ca2e (0x8539) x10 0x00000000
core   0: 0x8000ca30 (0x007fd833) srl     a6, t6, t2
core   0: 3 0x8000ca30 (0x007fd833) x16 0x02000901
core   0: 0x8000ca34 (0x1b89262f) sc.w    a2, s8, (s2)
core   0: 3 0x8000ca34 (0x1b89262f) x12 0x00000000 mem 0x80024050 0x80024064
core   0: 0x8000ca38 (0x00017b17) auipc   s6, 0x17
core   0: 3 0x8000ca38 (0x00017b17) x22 0x80023a38
core   0: 0x8000ca3c (0x648b0b13) addi    s6, s6, 1608
core   0: 3 0x8000ca3c (0x648b0b13) x22 0x80024080
core   0: 0x8000ca40 (0x637b28af) amoand.w a7, s7, (s6)
core   0: 3 0x8000ca40 (0x637b28af) x17 0x80024064 mem 0x80024080 mem 0x80024080 0x00000044
core   0: 0x8000ca44 (0xc28b24af) amominu.w s1, s0, (s6)
core   0: 3 0x8000ca44 (0xc28b24af) x 9 0x00000044 mem 0x80024080 mem 0x80024080 0x0000000d
core   0: 0x8000ca48 (0xc4fb262f) amominu.w a2, a5, (s6)
core   0: 3 0x8000ca48 (0xc4fb262f) x12 0x0000000d mem 0x80024080 mem 0x80024080 0x0000000d
core   0: 0x8000ca4c (0x000084d9) c.srai  s1, 22
core   0: 3 0x8000ca4c (0x84d9) x 9 0x00000000
core   0: 0x8000ca4e (0x035f8433) mul     s0, t6, s5
core   0: 3 0x8000ca4e (0x035f8433) x 8 0x00120360
core   0: 0x8000ca52 (0x40f058b3) sra     a7, zero, a5
core   0: 3 0x8000ca52 (0x40f058b3) x17 0x00000000
core   0: 0x8000ca56 (0x410b282f) amoor.w a6, a6, (s6)
core   0: 3 0x8000ca56 (0x410b282f) x16 0x0000000d mem 0x80024080 mem 0x80024080 0x0200090d
core   0: 0x8000ca5a (0x00017497) auipc   s1, 0x17
core   0: 3 0x8000ca5a (0x00017497) x 9 0x80023a5a
core   0: 0x8000ca5e (0x5fa48493) addi    s1, s1, 1530
core   0: 3 0x8000ca5e (0x5fa48493) x 9 0x80024054
core   0: 0x8000ca62 (0x00017d97) auipc   s11, 0x17
core   0: 3 0x8000ca62 (0x00017d97) x27 0x80023a62
core   0: 0x8000ca66 (0x616d8d93) addi    s11, s11, 1558
core   0: 3 0x8000ca66 (0x616d8d93) x27 0x80024078
core   0: 0x8000ca6a (0x00017917) auipc   s2, 0x17
core   0: 3 0x8000ca6a (0x00017917) x18 0x80023a6a
core   0: 0x8000ca6e (0x5f290913) addi    s2, s2, 1522
core   0: 3 0x8000ca6e (0x5f290913) x18 0x8002405c
core   0: 0x8000ca72 (0x00017f97) auipc   t6, 0x17
core   0: 3 0x8000ca72 (0x00017f97) x31 0x80023a72
core   0: 0x8000ca76 (0x602f8f93) addi    t6, t6, 1538
core   0: 3 0x8000ca76 (0x602f8f93) x31 0x80024074
core   0: 0x8000ca7a (0x6284a52f) amoand.w a0, s0, (s1)
core   0: 3 0x8000ca7a (0x6284a52f) x10 0x80024064 mem 0x80024054 mem 0x80024054 0x00020060
core   0: 0x8000ca7e (0x4104a82f) amoor.w a6, a6, (s1)
core   0: 3 0x8000ca7e (0x4104a82f) x16 0x00020060 mem 0x80024054 mem 0x80024054 0x0002006d
core   0: 0x8000ca82 (0x0defa0af) amoswap.w ra, t5, (t6)
core   0: 3 0x8000ca82 (0x0defa0af) x 1 0x00000000 mem 0x80024074 mem 0x80024074 0x8002cd24
core   0: 0x8000ca86 (0xe274a02f) amomaxu.w zero, t2, (s1)
core   0: 3 0x8000ca86 (0xe274a02f) mem 0x80024054 mem 0x80024054 0x0002006d
core   0: 0x8000ca8a (0x01f4a9b3) slt     s3, s1, t6
core   0: 3 0x8000ca8a (0x01f4a9b3) x19 0x00000001
core   0: 0x8000ca8e (0x41f505b3) sub     a1, a0, t6
core   0: 3 0x8000ca8e (0x41f505b3) x11 0xfffffff0
core   0: 0x8000ca92 (0x61cdaa2f) amoand.w s4, t3, (s11)
core   0: 3 0x8000ca92 (0x61cdaa2f) x20 0x006623e6 mem 0x80024078 mem 0x80024078 0x00020064
core   0: 0x8000ca96 (0x00012c97) auipc   s9, 0x12
core   0: 3 0x8000ca96 (0x00012c97) x25 0x8001ea96
core   0: 0x8000ca9a (0x0ccc8c93) addi    s9, s9, 204
core   0: 3 0x8000ca9a (0x0ccc8c93) x25 0x8001eb62
core   0: 0x8000ca9e (0x00007897) auipc   a7, 0x7
core   0: 3 0x8000ca9e (0x00007897) x17 0x80013a9e
core   0: 0x8000caa2 (0x34988893) addi    a7, a7, 841
core   0: 3 0x8000caa2 (0x34988893) x17 0x80013de7
core   0: 0x8000caa6 (0x003c8183) lb      gp, 3(s9)
core   0: 3 0x8000caa6 (0x003c8183) x 3 0x00000065 mem 0x8001eb65
core   0: 0x8000caaa (0xff2ca783) lw      a5, -14(s9)
core   0: 3 0x8000caaa (0xff2ca783) x15 0xcee6721d mem 0x8001eb54
core   0: 0x8000caae (0x0b98d483) lhu     s1, 185(a7)
core   0: 3 0x8000caae (0x0b98d483) x 9 0x0000006c mem 0x80013ea0
core   0: 0x8000cab2 (0xff5c8003) lb      zero, -11(s9)
core   0: 3 0x8000cab2 (0xff5c8003) mem 0x8001eb57
core   0: 0x8000cab6 (0xc5d89703) lh      a4, -931(a7)
core   0: 3 0x8000cab6 (0xc5d89703) x14 0x00001a9d mem 0x80013a44
core   0: 0x8000caba (0xffaccf83) lbu     t6, -6(s9)
core   0: 3 0x8000caba (0xffaccf83) x31 0x000000fb mem 0x8001eb5c
core   0: 0x8000cabe (0x00cc82a3) sb      a2, 5(s9)
core   0: 3 0x8000cabe (0x00cc82a3) mem 0x8001eb67 0xd
core   0: 0x8000cac2 (0xfe8c8ea3) sb      s0, -3(s9)
core   0: 3 0x8000cac2 (0xfe8c8ea3) mem 0x8001eb5f 0x60
core   0: 0x8000cac6 (0x008c87a3) sb      s0, 15(s9)
core   0: 3 0x8000cac6 (0x008c87a3) mem 0x8001eb71 0x60
core   0: 0x8000caca (0x1ff88303) lb      t1, 511(a7)
core   0: 3 0x8000caca (0x1ff88303) x 6 0x0000004e mem 0x80013fe6
core   0: 0x8000cace (0xc958a583) lw      a1, -875(a7)
core   0: 3 0x8000cace (0xc958a583) x11 0x0f84a479 mem 0x80013a7c
core   0: 0x8000cad2 (0x8538d083) lhu     ra, -1965(a7)
core   0: 3 0x8000cad2 (0x8538d083) x 1 0x000064e4 mem 0x8001363a
core   0: 0x8000cad6 (0x005c83a3) sb      t0, 7(s9)
core   0: 3 0x8000cad6 (0x005c83a3) mem 0x8001eb69 0x74
core   0: 0x8000cada (0xff4c9603) lh      a2, -12(s9)
core   0: 3 0x8000cada (0xff4c9603) x12 0xffffcee6 mem 0x8001eb56
core   0: 0x8000cade (0x006c8323) sb      t1, 6(s9)
core   0: 3 0x8000cade (0x006c8323) mem 0x8001eb68 0x4e
core   0: 0x8000cae2 (0xe3388783) lb      a5, -461(a7)
core   0: 3 0x8000cae2 (0xe3388783) x15 0xfffffffc mem 0x80013c1a
core   0: 0x8000cae6 (0x00017b97) auipc   s7, 0x17
core   0: 3 0x8000cae6 (0x00017b97) x23 0x80023ae6
core   0: 0x8000caea (0x57ab8b93) addi    s7, s7, 1402
core   0: 3 0x8000caea (0x57ab8b93) x23 0x80024060
core   0: 0x8000caee (0x00000c12) c.slli  s8, 4
core   0: 3 0x8000caee (0x0c12) x24 0x00240640
core   0: 0x8000caf0 (0x054ba1af) amoadd.w gp, s4, (s7)
core   0: 3 0x8000caf0 (0x054ba1af) x 3 0x00000000 mem 0x80024060 mem 0x80024060 0x006623e6
core   0: 0x8000caf4 (0x340e21f3) csrrs   gp, mscratch, t3
core   0: 3 0x8000caf4 (0x340e21f3) x 3 0xffffffe6 c832_mscratch 0xfffffff6
core   0: 0x8000caf8 (0x031084b3) mul     s1, ra, a7
core   0: 3 0x8000caf8 (0x031084b3) x 9 0x7d495dbc
core   0: 0x8000cafc (0xa25ba32f) amomax.w t1, t0, (s7)
core   0: 3 0x8000cafc (0xa25ba32f) x 6 0x006623e6 mem 0x80024060 mem 0x80024060 0x006623e6
core   0: 0x8000cb00 (0xa0bbab2f) amomax.w s6, a1, (s7)
core   0: 3 0x8000cb00 (0xa0bbab2f) x22 0x006623e6 mem 0x80024060 mem 0x80024060 0x0f84a479
core   0: 0x8000cb04 (0xa1eba1af) amomax.w gp, t5, (s7)
core   0: 3 0x8000cb04 (0xa1eba1af) x 3 0x0f84a479 mem 0x80024060 mem 0x80024060 0x0f84a479
core   0: 0x8000cb08 (0x012bac2f) amoadd.w s8, s2, (s7)
core   0: 3 0x8000cb08 (0x012bac2f) x24 0x0f84a479 mem 0x80024060 mem 0x80024060 0x8f86e4d5
core   0: 0x8000cb0c (0xc49bac2f) amominu.w s8, s1, (s7)
core   0: 3 0x8000cb0c (0xc49bac2f) x24 0x8f86e4d5 mem 0x80024060 mem 0x80024060 0x7d495dbc
core   0: 0x8000cb10 (0x0b3ba5af) amoswap.w a1, s3, (s7)
core   0: 3 0x8000cb10 (0x0b3ba5af) x11 0x7d495dbc mem 0x80024060 mem 0x80024060 0x00000001
core   0: 0x8000cb14 (0xe06ba6af) amomaxu.w a3, t1, (s7)
core   0: 3 0x8000cb14 (0xe06ba6af) x13 0x00000001 mem 0x80024060 mem 0x80024060 0x006623e6
core   0: 0x8000cb18 (0x0000c597) auipc   a1, 0xc
core   0: 3 0x8000cb18 (0x0000c597) x11 0x80018b18
core   0: 0x8000cb1c (0x64a58593) addi    a1, a1, 1610
core   0: 3 0x8000cb1c (0x64a58593) x11 0x80019162
core   0: 0x8000cb20 (0x00758903) lb      s2, 7(a1)
core   0: 3 0x8000cb20 (0x00758903) x18 0xffffffa4 mem 0x80019169
core   0: 0x8000cb24 (0xff45c783) lbu     a5, -12(a1)
core   0: 3 0x8000cb24 (0xff45c783) x15 0x0000008b mem 0x80019156
core   0: 0x8000cb28 (0xffa58da3) sb      s10, -5(a1)
core   0: 3 0x8000cb28 (0xffa58da3) mem 0x8001915d 0x40
core   0: 0x8000cb2c (0xff858da3) sb      s8, -5(a1)
core   0: 3 0x8000cb2c (0xff858da3) mem 0x8001915d 0xd5
core   0: 0x8000cb30 (0x340d29f3) csrrs   s3, mscratch, s10
core   0: 3 0x8000cb30 (0x340d29f3) x19 0xfffffff6 c832_mscratch 0xfffffff6
core   0: 0x8000cb34 (0xfec58da3) sb      a2, -5(a1)
core   0: 3 0x8000cb34 (0xfec58da3) mem 0x8001915d 0xe6
core   0: 0x8000cb38 (0xffd58d23) sb      t4, -6(a1)
core   0: 3 0x8000cb38 (0xffd58d23) mem 0x8001915c 0x60
core   0: 0x8000cb3c (0xff65ad23) sw      s6, -6(a1)
core   0: 3 0x8000cb3c (0xff65ad23) mem 0x8001915c 0x006623e6
core   0: 0x8000cb40 (0x00b58c83) lb      s9, 11(a1)
core   0: 3 0x8000cb40 (0x00b58c83) x25 0xffffffd6 mem 0x8001916d
core   0: 0x8000cb44 (0xfff58f83) lb      t6, -1(a1)
core   0: 3 0x8000cb44 (0xfff58f83) x31 0x0000007b mem 0x80019161
core   0: 0x8000cb48 (0x00458d83) lb      s11, 4(a1)
core   0: 3 0x8000cb48 (0x00458d83) x27 0xffffffe4 mem 0x80019166
core   0: 0x8000cb4c (0x01e1e533) or      a0, gp, t5
core   0: 3 0x8000cb4c (0x01e1e533) x10 0x8f86ed7d
core   0: 0x8000cb50 (0x34003373) csrrc   t1, mscratch, zero
core   0: 3 0x8000cb50 (0x34003373) x 6 0xfffffff6
core   0: 0x8000cb54 (0x1542a893) slti    a7, t0, 340
core   0: 3 0x8000cb54 (0x1542a893) x17 0x00000001
core   0: 0x8000cb58 (0x00458483) lb      s1, 4(a1)
core   0: 3 0x8000cb58 (0x00458483) x 9 0xffffffe4 mem 0x80019166
core   0: 0x8000cb5c (0x0000469d) c.li    a3, 7
core   0: 3 0x8000cb5c (0x469d) x13 0x00000007
core   0: 0x8000cb5e (0x0055cd03) lbu     s10, 5(a1)
core   0: 3 0x8000cb5e (0x0055cd03) x26 0x000000bd mem 0x80019167
core   0: 0x8000cb62 (0xffa5d783) lhu     a5, -6(a1)
core   0: 3 0x8000cb62 (0xffa5d783) x15 0x000023e6 mem 0x8001915c
core   0: 0x8000cb66 (0xffa5cc83) lbu     s9, -6(a1)
core   0: 3 0x8000cb66 (0xffa5cc83) x25 0x000000e6 mem 0x8001915c
core   0: 0x8000cb6a (0x00d58b03) lb      s6, 13(a1)
core   0: 3 0x8000cb6a (0x00d58b03) x22 0xffffffc0 mem 0x8001916f
core   0: 0x8000cb6e (0x0095c203) lbu     tp, 9(a1)
core   0: 3 0x8000cb6e (0x0095c203) x 4 0x000000a5 mem 0x8001916b
core   0: 0x8000cb72 (0x340ce7f3) csrrsi  a5, mscratch, 25
core   0: 3 0x8000cb72 (0x340ce7f3) x15 0xfffffff6 c832_mscratch 0xffffffff
core   0: 0x8000cb76 (0x00c59883) lh      a7, 12(a1)
core   0: 3 0x8000cb76 (0x00c59883) x17 0xffffc075 mem 0x8001916e
core   0: 0x8000cb7a (0x0075cf83) lbu     t6, 7(a1)
core   0: 3 0x8000cb7a (0x0075cf83) x31 0x000000a4 mem 0x80019169
core   0: 0x8000cb7e (0x0075cd83) lbu     s11, 7(a1)
core   0: 3 0x8000cb7e (0x0075cd83) x27 0x000000a4 mem 0x80019169
core   0: 0x8000cb82 (0xff958703) lb      a4, -7(a1)
core   0: 3 0x8000cb82 (0xff958703) x14 0x0000001c mem 0x8001915b
core   0: 0x8000cb86 (0x02549c33) mulh    s8, s1, t0
core   0: 3 0x8000cb86 (0x02549c33) x24 0x0000000d
core   0: 0x8000cb8a (0x0000c3b9) c.beqz  a5, pc + 70
core   0: 3 0x8000cb8a (0xc3b9)
core   0: 0x8000cb8c (0x00006151) c.addi16sp sp, 272
core   0: 3 0x8000cb8c (0x6151) x 2 0x00000110
core   0: 0x8000cb8e (0x34006073) csrsi   mscratch, 0
core   0: 3 0x8000cb8e (0x34006073)
core   0: 0x8000cb92 (0x0000100f) fence.i
core   0: 3 0x8000cb92 (0x0000100f)
core   0: 0x8000cb96 (0x2c2da993) slti    s3, s11, 706
core   0: 3 0x8000cb96 (0x2c2da993) x19 0x00000001
core   0: 0x8000cb9a (0x04bd9063) bne     s11, a1, pc + 64
core   0: 3 0x8000cb9a (0x04bd9063)
core   0: 0x8000cbda (0x02aee4b3) rem     s1, t4, a0
core   0: 3 0x8000cbda (0x02aee4b3) x 9 0xf07b52e3
core   0: 0x8000cbde (0x0000ec0d) c.bnez  s0, pc + 58
core   0: 3 0x8000cbde (0xec0d)
core   0: 0x8000cc18 (0x00000486) c.slli  s1, 1
core   0: 3 0x8000cc18 (0x0486) x 9 0xe0f6a5c6
core   0: 0x8000cc1a (0x00008b25) c.andi  a4, 9
core   0: 3 0x8000cc1a (0x8b25) x14 0x00000008
core   0: 0x8000cc1c (0x048f1463) bne     t5, s0, pc + 72
core   0: 3 0x8000cc1c (0x048f1463)
core   0: 0x8000cc64 (0x01405313) srli    t1, zero, 20
core   0: 3 0x8000cc64 (0x01405313) x 6 0x00000000
core   0: 0x8000cc68 (0x0000610d) c.addi16sp sp, 160
core   0: 3 0x8000cc68 (0x610d) x 2 0x000001b0
core   0: 0x8000cc6a (0x34007173) csrrci  sp, mscratch, 0
core   0: 3 0x8000cc6a (0x34007173) x 2 0xffffffff
core   0: 0x8000cc6e (0x000083a5) c.srli  a5, 9
core   0: 3 0x8000cc6e (0x83a5) x15 0x007fffff
core   0: 0x8000cc70 (0x01e85693) srli    a3, a6, 30
core   0: 3 0x8000cc70 (0x01e85693) x13 0x00000000
core   0: 0x8000cc74 (0x0104f1b3) and     gp, s1, a6
core   0: 3 0x8000cc74 (0x0104f1b3) x 3 0x00020040
core   0: 0x8000cc78 (0x02487cb3) remu    s9, a6, tp
core   0: 3 0x8000cc78 (0x02487cb3) x25 0x0000009e
core   0: 0x8000cc7c (0x00001e04) c.addi4spn s1, sp, 816
core   0: 3 0x8000cc7c (0x1e04) x 9 0x0000032f
core   0: 0x8000cc7e (0x40f5d413) srai    s0, a1, 15
core   0: 3 0x8000cc7e (0x40f5d413) x 8 0xffff0003
core   0: 0x8000cc82 (0x3405e1f3) csrrsi  gp, mscratch, 11
core   0: 3 0x8000cc82 (0x3405e1f3) x 3 0xffffffff c832_mscratch 0xffffffff
core   0: 0x8000cc86 (0x00008415) c.srai  s0, 5
core   0: 3 0x8000cc86 (0x8415) x 8 0xfffff800
core   0: 0x8000cc88 (0x019fb133) sltu    sp, t6, s9
core   0: 3 0x8000cc88 (0x019fb133) x 2 0x00000000
core   0: 0x8000cc8c (0x00785463) bge     a6, t2, pc + 8
core   0: 3 0x8000cc8c (0x00785463)
core   0: 0x8000cc94 (0x00008e6d) c.and   a2, a1
core   0: 3 0x8000cc94 (0x8e6d) x12 0x80018062
core   0: 0x8000cc96 (0x3403a5f3) csrrs   a1, mscratch, t2
core   0: 3 0x8000cc96 (0x3403a5f3) x11 0xffffffff c832_mscratch 0xffffffff
core   0: 0x8000cc9a (0x00000001) c.nop
core   0: 3 0x8000cc9a (0x0001)
core   0: 0x8000cc9c (0xa3b6fd37) lui     s10, 0xa3b6f
core   0: 3 0x8000cc9c (0xa3b6fd37) x26 0xa3b6f000
core   0: 0x8000cca0 (0x0000157d) c.addi  a0, -1
core   0: 3 0x8000cca0 (0x157d) x10 0x8f86ed7c
core   0: 0x8000cca2 (0x01eb8ab3) add     s5, s7, t5
core   0: 3 0x8000cca2 (0x01eb8ab3) x21 0x00050d84
core   0: 0x8000cca6 (0x00008559) c.srai  a0, 22
core   0: 3 0x8000cca6 (0x8559) x10 0xfffffe3e
core   0: 0x8000cca8 (0x01e6d613) srli    a2, a3, 30
core   0: 3 0x8000cca8 (0x01e6d613) x12 0x00000000
core   0: 0x8000ccac (0x6812aa93) slti    s5, t0, 1665
core   0: 3 0x8000ccac (0x6812aa93) x21 0x00000001
core   0: 0x8000ccb0 (0x01a83133) sltu    sp, a6, s10
core   0: 3 0x8000ccb0 (0x01a83133) x 2 0x00000001
core   0: 0x8000ccb4 (0x0285dc63) bge     a1, s0, pc + 56
core   0: 3 0x8000ccb4 (0x0285dc63)
core   0: 0x8000ccec (0x340031f3) csrrc   gp, mscratch, zero
core   0: 3 0x8000ccec (0x340031f3) x 3 0xffffffff
core   0: 0x8000ccf0 (0x41b65ab3) sra     s5, a2, s11
core   0: 3 0x8000ccf0 (0x41b65ab3) x21 0x00000000
core   0: 0x8000ccf4 (0x033901b3) mul     gp, s2, s3
core   0: 3 0x8000ccf4 (0x033901b3) x 3 0xffffffa4
core   0: 0x8000ccf8 (0x00008771) c.srai  a4, 28
core   0: 3 0x8000ccf8 (0x8771) x14 0x00000000
core   0: 0x8000ccfa (0x3406fd73) csrrci  s10, mscratch, 13
core   0: 3 0x8000ccfa (0x3406fd73) x26 0xffffffff c832_mscratch 0xfffffff2
core   0: 0x8000ccfe (0x00004481) c.li    s1, 0
core   0: 3 0x8000ccfe (0x4481) x 9 0x00000000
core   0: 0x8000cd00 (0x41ec5613) srai    a2, s8, 30
core   0: 3 0x8000cd00 (0x41ec5613) x12 0x00000000
core   0: 0x8000cd04 (0x0000100f) fence.i
core   0: 3 0x8000cd04 (0x0000100f)
core   0: 0x8000cd08 (0x004cdd63) bge     s9, tp, pc + 26
core   0: 3 0x8000cd08 (0x004cdd63)
core   0: 0x8000cd0c (0x00008431) c.srai  s0, 12
core   0: 3 0x8000cd0c (0x8431) x 8 0xffffffff
core   0: 0x8000cd0e (0x00f35333) srl     t1, t1, a5
core   0: 3 0x8000cd0e (0x00f35333) x 6 0x00000000
core   0: 0x8000cd12 (0x00008dcd) c.or    a1, a1
core   0: 3 0x8000cd12 (0x8dcd) x11 0xffffffff
core   0: 0x8000cd14 (0x045d8063) beq     s11, t0, pc + 64
core   0: 3 0x8000cd14 (0x045d8063)
core   0: 0x8000cd18 (0x0000ea19) c.bnez  a2, pc + 22
core   0: 3 0x8000cd18 (0xea19)
core   0: 0x8000cd1a (0x025c7d63) bgeu    s8, t0, pc + 58
core   0: 3 0x8000cd1a (0x025c7d63)
core   0: 0x8000cd1e (0x01455b93) srli    s7, a0, 20
core   0: 3 0x8000cd1e (0x01455b93) x23 0x00000fff
core   0: 0x8000cd22 (0x0000ea81) c.bnez  a3, pc + 16
core   0: 3 0x8000cd22 (0xea81)
core   0: 0x8000cd24 (0x00008d7d) c.and   a0, a5
core   0: 3 0x8000cd24 (0x8d7d) x10 0x007ffe3e
core   0: 0x8000cd26 (0x410880b3) sub     ra, a7, a6
core   0: 3 0x8000cd26 (0x410880b3) x 1 0xfffdc015
core   0: 0x8000cd2a (0x00b71a13) slli    s4, a4, 11
core   0: 3 0x8000cd2a (0x00b71a13) x20 0x00000000
core   0: 0x8000cd2e (0x00000001) c.nop
core   0: 3 0x8000cd2e (0x0001)
core   0: 0x8000cd30 (0x00000001) c.nop
core   0: 3 0x8000cd30 (0x0001)
core   0: 0x8000cd32 (0x0000100f) fence.i
core   0: 3 0x8000cd32 (0x0000100f)
core   0: 0x8000cd36 (0x01a35fb3) srl     t6, t1, s10
core   0: 3 0x8000cd36 (0x01a35fb3) x31 0x00000000
core   0: 0x8000cd3a (0x40ae8bb3) sub     s7, t4, a0
core   0: 3 0x8000cd3a (0x40ae8bb3) x23 0x7f824222
core   0: 0x8000cd3e (0x00000001) c.nop
core   0: 3 0x8000cd3e (0x0001)
core   0: 0x8000cd40 (0x1ac01e97) auipc   t4, 0x1ac01
core   0: 3 0x8000cd40 (0x1ac01e97) x29 0x9ac0dd40
core   0: 0x8000cd44 (0x00000001) c.nop
core   0: 3 0x8000cd44 (0x0001)
core   0: 0x8000cd46 (0x03d08863) beq     ra, t4, pc + 48
core   0: 3 0x8000cd46 (0x03d08863)
core   0: 0x8000cd4a (0x807a7113) andi    sp, s4, -2041
core   0: 3 0x8000cd4a (0x807a7113) x 2 0x00000000
core   0: 0x8000cd4e (0x001c40b3) xor     ra, s8, ra
core   0: 3 0x8000cd4e (0x001c40b3) x 1 0xfffdc018
core   0: 0x8000cd52 (0x0000537d) c.li    t1, -1
core   0: 3 0x8000cd52 (0x537d) x 6 0xffffffff
core   0: 0x8000cd54 (0x021af9b3) remu    s3, s5, ra
core   0: 3 0x8000cd54 (0x021af9b3) x19 0x00000000
core   0: 0x8000cd58 (0x005c2b33) slt     s6, s8, t0
core   0: 3 0x8000cd58 (0x005c2b33) x22 0x00000000
core   0: 0x8000cd5c (0x00572733) slt     a4, a4, t0
core   0: 3 0x8000cd5c (0x00572733) x14 0x00000000
core   0: 0x8000cd60 (0x00008fa5) c.xor   a5, s1
core   0: 3 0x8000cd60 (0x8fa5) x15 0x007fffff
core   0: 0x8000cd62 (0x01aaa4b3) slt     s1, s5, s10
core   0: 3 0x8000cd62 (0x01aaa4b3) x 9 0x00000000
core   0: 0x8000cd66 (0x01833b33) sltu    s6, t1, s8
core   0: 3 0x8000cd66 (0x01833b33) x22 0x00000000
core   0: 0x8000cd6a (0x00008f1d) c.sub   a4, a5
core   0: 3 0x8000cd6a (0x8f1d) x14 0xff800001
core   0: 0x8000cd6c (0x4bdaba97) auipc   s5, 0x4bdab
core   0: 3 0x8000cd6c (0x4bdaba97) x21 0xcbdb7d6c
core   0: 0x8000cd70 (0x00008fd9) c.or    a5, a4
core   0: 3 0x8000cd70 (0x8fd9) x15 0xffffffff
core   0: 0x8000cd72 (0x0000100f) fence.i
core   0: 3 0x8000cd72 (0x0000100f)
core   0: 0x8000cd76 (0x02fd2633) mulhsu  a2, s10, a5
core   0: 3 0x8000cd76 (0x02fd2633) x12 0xffffffff
core   0: 0x8000cd7a (0x01b3a333) slt     t1, t2, s11
core   0: 3 0x8000cd7a (0x01b3a333) x 6 0x00000001
core   0: 0x8000cd7e (0x00c65ab3) srl     s5, a2, a2
core   0: 3 0x8000cd7e (0x00c65ab3) x21 0x00000001
core   0: 0x8000cd82 (0xc567b613) sltiu   a2, a5, -938
core   0: 3 0x8000cd82 (0xc567b613) x12 0x00000000
core   0: 0x8000cd86 (0x340079f3) csrrci  s3, mscratch, 0
core   0: 3 0x8000cd86 (0x340079f3) x19 0xfffffff2
core   0: 0x8000cd8a (0x0022efb3) or      t6, t0, sp
core   0: 3 0x8000cd8a (0x0022efb3) x31 0x80028e74
core   0: 0x8000cd8e (0x00001d7d) c.addi  s10, -1
core   0: 3 0x8000cd8e (0x1d7d) x26 0xfffffffe
core   0: 0x8000cd90 (0x000081c5) c.srli  a1, 17
core   0: 3 0x8000cd90 (0x81c5) x11 0x00007fff
core   0: 0x8000cd92 (0x00008e4d) c.or    a2, a1
core   0: 3 0x8000cd92 (0x8e4d) x12 0x00007fff
core   0: 0x8000cd94 (0x414e0533) sub     a0, t3, s4
core   0: 3 0x8000cd94 (0x414e0533) x10 0x80024074
core   0: 0x8000cd98 (0x01a99f63) bne     s3, s10, pc + 30
core   0: 3 0x8000cd98 (0x01a99f63)
core   0: 0x8000cdb6 (0xfff11017) auipc   zero, 0xfff11
core   0: 3 0x8000cdb6 (0xfff11017)
core   0: 0x8000cdba (0xffe46113) ori     sp, s0, -2
core   0: 3 0x8000cdba (0xffe46113) x 2 0xffffffff
core   0: 0x8000cdbe (0x340e18f3) csrrw   a7, mscratch, t3
core   0: 3 0x8000cdbe (0x340e18f3) x17 0xfffffff2 c832_mscratch 0x80024074
core   0: 0x8000cdc2 (0x0337c033) div     zero, a5, s3
core   0: 3 0x8000cdc2 (0x0337c033)
core   0: 0x8000cdc6 (0x06eb4f63) blt     s6, a4, pc + 126
core   0: 3 0x8000cdc6 (0x06eb4f63)
core   0: 0x8000cdca (0x340071f3) csrrci  gp, mscratch, 0
core   0: 3 0x8000cdca (0x340071f3) x 3 0x80024074
core   0: 0x8000cdce (0x01474133) xor     sp, a4, s4
core   0: 3 0x8000cdce (0x01474133) x 2 0xff800001
core   0: 0x8000cdd2 (0x05ad5f63) bge     s10, s10, pc + 94
core   0: 3 0x8000cdd2 (0x05ad5f63)
core   0: 0x8000ce30 (0x01ecd193) srli    gp, s9, 30
core   0: 3 0x8000ce30 (0x01ecd193) x 3 0x00000000
core   0: 0x8000ce34 (0x01d12db3) slt     s11, sp, t4
core   0: 3 0x8000ce34 (0x01d12db3) x27 0x00000000
core   0: 0x8000ce38 (0x0000cb9d) c.beqz  a5, pc + 54
core   0: 3 0x8000ce38 (0xcb9d)
core   0: 0x8000ce3a (0x0000830d) c.srli  a4, 3
core   0: 3 0x8000ce3a (0x830d) x14 0x1ff00000
core   0: 0x8000ce3c (0x014b9b33) sll     s6, s7, s4
core   0: 3 0x8000ce3c (0x014b9b33) x22 0x7f824222
core   0: 0x8000ce40 (0x00a8e7b3) or      a5, a7, a0
core   0: 3 0x8000ce40 (0x00a8e7b3) x15 0xfffffff6
core   0: 0x8000ce44 (0x00008cf1) c.and   s1, a2
core   0: 3 0x8000ce44 (0x8cf1) x 9 0x00000000
core   0: 0x8000ce46 (0x01354533) xor     a0, a0, s3
core   0: 3 0x8000ce46 (0x01354533) x10 0x7ffdbf86
core   0: 0x8000ce4a (0x00001018) c.addi4spn a4, sp, 32
core   0: 3 0x8000ce4a (0x1018) x14 0xff800021
core   0: 0x8000ce4c (0x00008f81) c.sub   a5, s0
core   0: 3 0x8000ce4c (0x8f81) x15 0xfffffff7
core   0: 0x8000ce4e (0x0344f0b3) remu    ra, s1, s4
core   0: 3 0x8000ce4e (0x0344f0b3) x 1 0x00000000
core   0: 0x8000ce52 (0x0000100f) fence.i
core   0: 3 0x8000ce52 (0x0000100f)
core   0: 0x8000ce56 (0x0000056d) c.addi  a0, 27
core   0: 3 0x8000ce56 (0x056d) x10 0x7ffdbfa1
core   0: 0x8000ce58 (0x40540733) sub     a4, s0, t0
core   0: 3 0x8000ce58 (0x40540733) x14 0x7ffd718b
core   0: 0x8000ce5c (0x0172c463) blt     t0, s7, pc + 8
core   0: 3 0x8000ce5c (0x0172c463)
core   0: 0x8000ce64 (0x0000673d) c.lui   a4, 0xf
core   0: 3 0x8000ce64 (0x673d) x14 0x0000f000
core   0: 0x8000ce66 (0x014c0eb3) add     t4, s8, s4
core   0: 3 0x8000ce66 (0x014c0eb3) x29 0x0000000d
core   0: 0x8000ce6a (0x00008f41) c.or    a4, s0
core   0: 3 0x8000ce6a (0x8f41) x14 0xffffffff
core   0: 0x8000ce6c (0x0000610d) c.addi16sp sp, 160
core   0: 3 0x8000ce6c (0x610d) x 2 0xff8000a1
core   0: 0x8000ce6e (0x01e15763) bge     sp, t5, pc + 14
core   0: 3 0x8000ce6e (0x01e15763)
core   0: 0x8000ce7c (0xbc1d9fb7) lui     t6, 0xbc1d9
core   0: 3 0x8000ce7c (0xbc1d9fb7) x31 0xbc1d9000
core   0: 0x8000ce80 (0x70fe0693) addi    a3, t3, 1807
core   0: 3 0x8000ce80 (0x70fe0693) x13 0x80024783
core   0: 0x8000ce84 (0x0000e695) c.bnez  a3, pc + 44
core   0: 3 0x8000ce84 (0xe695)
core   0: 0x8000ceb0 (0x02534833) div     a6, t1, t0
core   0: 3 0x8000ceb0 (0x02534833) x16 0x00000000
core   0: 0x8000ceb4 (0x00008085) c.srli  s1, 1
core   0: 3 0x8000ceb4 (0x8085) x 9 0x00000000
core   0: 0x8000ceb6 (0x031c0eb3) mul     t4, s8, a7
core   0: 3 0x8000ceb6 (0x031c0eb3) x29 0xffffff4a
core   0: 0x8000ceba (0x009d4d63) blt     s10, s1, pc + 26
core   0: 3 0x8000ceba (0x009d4d63)
core   0: 0x8000ced4 (0x0093aa33) slt     s4, t2, s1
core   0: 3 0x8000ced4 (0x0093aa33) x20 0x00000000
core   0: 0x8000ced8 (0xb61cb117) auipc   sp, 0xb61cb
core   0: 3 0x8000ced8 (0xb61cb117) x 2 0x361d7ed8
core   0: 0x8000cedc (0x0000cf81) c.beqz  a5, pc + 24
core   0: 3 0x8000cedc (0xcf81)
core   0: 0x8000cede (0x00ab1233) sll     tp, s6, a0
core   0: 3 0x8000cede (0x00ab1233) x 4 0xff048444
core   0: 0x8000cee2 (0x0236f733) remu    a4, a3, gp
core   0: 3 0x8000cee2 (0x0236f733) x14 0x80024783
core   0: 0x8000cee6 (0x60c9e093) ori     ra, s3, 1548
core   0: 3 0x8000cee6 (0x60c9e093) x 1 0xfffffffe
core   0: 0x8000ceea (0x00776563) bltu    a4, t2, pc + 10
core   0: 3 0x8000ceea (0x00776563)
core   0: 0x8000ceee (0x0000ec95) c.bnez  s1, pc + 60
core   0: 3 0x8000ceee (0xec95)
core   0: 0x8000cef0 (0xd2074d93) xori    s11, a4, -736
core   0: 3 0x8000cef0 (0xd2074d93) x27 0x7ffdbaa3
core   0: 0x8000cef4 (0x02203a33) mulhu   s4, zero, sp
core   0: 3 0x8000cef4 (0x02203a33) x20 0x00000000
core   0: 0x8000cef8 (0x01fedd63) bge     t4, t6, pc + 26
core   0: 3 0x8000cef8 (0x01fedd63)
core   0: 0x8000cf12 (0x910cf593) andi    a1, s9, -1776
core   0: 3 0x8000cf12 (0x910cf593) x11 0x00000010
core   0: 0x8000cf16 (0x3409e5f3) csrrsi  a1, mscratch, 19
core   0: 3 0x8000cf16 (0x3409e5f3) x11 0x80024074 c832_mscratch 0x80024077
core   0: 0x8000cf1a (0x00000371) c.addi  t1, 28
core   0: 3 0x8000cf1a (0x0371) x 6 0x0000001d
core   0: 0x8000cf1c (0x00008fb5) c.xor   a5, a3
core   0: 3 0x8000cf1c (0x8fb5) x15 0x7ffdb874
core   0: 0x8000cf1e (0xac223893) sltiu   a7, tp, -1342
core   0: 3 0x8000cf1e (0xac223893) x17 0x00000001
core   0: 0x8000cf22 (0x0284bbb3) mulhu   s7, s1, s0
core   0: 3 0x8000cf22 (0x0284bbb3) x23 0x00000000
core   0: 0x8000cf26 (0x033ae0b3) rem     ra, s5, s3
core   0: 3 0x8000cf26 (0x033ae0b3) x 1 0x00000001
core   0: 0x8000cf2a (0x02b499b3) mulh    s3, s1, a1
core   0: 3 0x8000cf2a (0x02b499b3) x19 0x00000000
core   0: 0x8000cf2e (0x05fc5063) bge     s8, t6, pc + 64
core   0: 3 0x8000cf2e (0x05fc5063)
core   0: 0x8000cf6e (0xb8b52613) slti    a2, a0, -1141
core   0: 3 0x8000cf6e (0xb8b52613) x12 0x00000000
core   0: 0x8000cf72 (0x01425413) srli    s0, tp, 20
core   0: 3 0x8000cf72 (0x01425413) x 8 0x00000ff0
core   0: 0x8000cf76 (0xc2ece513) ori     a0, s9, -978
core   0: 3 0x8000cf76 (0xc2ece513) x10 0xfffffcbe
core   0: 0x8000cf7a (0x0000c819) c.beqz  s0, pc + 22
core   0: 3 0x8000cf7a (0xc819)
core   0: 0x8000cf7c (0x03e14b33) div     s6, sp, t5
core   0: 3 0x8000cf7c (0x03e14b33) x22 0x00000000
core   0: 0x8000cf80 (0x0ff0000f) fence   iorw,iorw
core   0: 3 0x8000cf80 (0x0ff0000f)
core   0: 0x8000cf84 (0x79b9acb7) lui     s9, 0x79b9a
core   0: 3 0x8000cf84 (0x79b9acb7) x25 0x79b9a000
core   0: 0x8000cf88 (0x01688533) add     a0, a7, s6
core   0: 3 0x8000cf88 (0x01688533) x10 0x00000001
core   0: 0x8000cf8c (0x017960b3) or      ra, s2, s7
core   0: 3 0x8000cf8c (0x017960b3) x 1 0xffffffa4
core   0: 0x8000cf90 (0x0060dc63) bge     ra, t1, pc + 24
core   0: 3 0x8000cf90 (0x0060dc63)
core   0: 0x8000cf94 (0x00008809) c.andi  s0, 2
core   0: 3 0x8000cf94 (0x8809) x 8 0x00000000
core   0: 0x8000cf96 (0x4edffd93) andi    s11, t6, 1261
core   0: 3 0x8000cf96 (0x4edffd93) x27 0x00000000
core   0: 0x8000cf9a (0x00008f21) c.xor   a4, s0
core   0: 3 0x8000cf9a (0x8f21) x14 0x80024783
core   0: 0x8000cf9c (0x340eb5f3) csrrc   a1, mscratch, t4
core   0: 3 0x8000cf9c (0x340eb5f3) x11 0x80024077 c832_mscratch 0x00000035
core   0: 0x8000cfa0 (0x00843633) sltu    a2, s0, s0
core   0: 3 0x8000cfa0 (0x00843633) x12 0x00000000
core   0: 0x8000cfa4 (0x03cacab3) div     s5, s5, t3
core   0: 3 0x8000cfa4 (0x03cacab3) x21 0x00000000
core   0: 0x8000cfa8 (0x3406e5f3) csrrsi  a1, mscratch, 13
core   0: 3 0x8000cfa8 (0x3406e5f3) x11 0x00000035 c832_mscratch 0x0000003d
core   0: 0x8000cfac (0x82912213) slti    tp, sp, -2007
core   0: 3 0x8000cfac (0x82912213) x 4 0x00000000
core   0: 0x8000cfb0 (0xc0497793) andi    a5, s2, -1020
core   0: 3 0x8000cfb0 (0xc0497793) x15 0xfffffc04
core   0: 0x8000cfb4 (0x0137ba33) sltu    s4, a5, s3
core   0: 3 0x8000cfb4 (0x0137ba33) x20 0x00000000
core   0: 0x8000cfb8 (0x0255a233) mulhsu  tp, a1, t0
core   0: 3 0x8000cfb8 (0x0255a233) x 4 0x0000001a
core   0: 0x8000cfbc (0x57247893) andi    a7, s0, 1394
core   0: 3 0x8000cfbc (0x57247893) x17 0x00000000
core   0: 0x8000cfc0 (0x47563537) lui     a0, 0x47563
core   0: 3 0x8000cfc0 (0x47563537) x10 0x47563000
core   0: 0x8000cfc4 (0x0000861d) c.srai  a2, 7
core   0: 3 0x8000cfc4 (0x861d) x12 0x00000000
core   0: 0x8000cfc6 (0x0348dc33) divu    s8, a7, s4
core   0: 3 0x8000cfc6 (0x0348dc33) x24 0xffffffff
core   0: 0x8000cfca (0x0ff0000f) fence   iorw,iorw
core   0: 3 0x8000cfca (0x0ff0000f)
core   0: 0x8000cfce (0x0305a333) mulhsu  t1, a1, a6
core   0: 3 0x8000cfce (0x0305a333) x 6 0x00000000
core   0: 0x8000cfd2 (0x01ed1b33) sll     s6, s10, t5
core   0: 3 0x8000cfd2 (0x01ed1b33) x22 0xffffffe0
core   0: 0x8000cfd6 (0x00008e41) c.or    a2, s0
core   0: 3 0x8000cfd6 (0x8e41) x12 0x00000000
core   0: 0x8000cfd8 (0x01af5f93) srli    t6, t5, 26
core   0: 3 0x8000cfd8 (0x01af5f93) x31 0x00000020
core   0: 0x8000cfdc (0x00912eb3) slt     t4, sp, s1
core   0: 3 0x8000cfdc (0x00912eb3) x29 0x00000000
core   0: 0x8000cfe0 (0x0000cd15) c.beqz  a0, pc + 60
core   0: 3 0x8000cfe0 (0xcd15)
core   0: 0x8000cfe2 (0x340c2b73) csrrs   s6, mscratch, s8
core   0: 3 0x8000cfe2 (0x340c2b73) x22 0x0000003d c832_mscratch 0xffffffff
core   0: 0x8000cfe6 (0x01d9e1b3) or      gp, s3, t4
core   0: 3 0x8000cfe6 (0x01d9e1b3) x 3 0x00000000
core   0: 0x8000cfea (0x00000001) c.nop
core   0: 3 0x8000cfea (0x0001)
core   0: 0x8000cfec (0x03341563) bne     s0, s3, pc + 42
core   0: 3 0x8000cfec (0x03341563)
core   0: 0x8000cff0 (0x013549b3) xor     s3, a0, s3
core   0: 3 0x8000cff0 (0x013549b3) x19 0x47563000
core   0: 0x8000cff4 (0x035fcc63) blt     t6, s5, pc + 56
core   0: 3 0x8000cff4 (0x035fcc63)
core   0: 0x8000cff8 (0x40d08d33) sub     s10, ra, a3
core   0: 3 0x8000cff8 (0x40d08d33) x26 0x7ffdb821
core   0: 0x8000cffc (0x403ed4b3) sra     s1, t4, gp
core   0: 3 0x8000cffc (0x403ed4b3) x 9 0x00000000
core   0: 0x8000d000 (0x00000001) c.nop
core   0: 3 0x8000d000 (0x0001)
core   0: 0x8000d002 (0x038e6d63) bltu    t3, s8, pc + 58
core   0: 3 0x8000d002 (0x038e6d63)
core   0: 0x8000d03c (0x00008ce1) c.and   s1, s0
core   0: 3 0x8000d03c (0x8ce1) x 9 0x00000000
core   0: 0x8000d03e (0x00000c1c) c.addi4spn a5, sp, 528
core   0: 3 0x8000d03e (0x0c1c) x15 0x361d80e8
core   0: 0x8000d040 (0x5ff9c0b7) lui     ra, 0x5ff9c
core   0: 3 0x8000d040 (0x5ff9c0b7) x 1 0x5ff9c000
core   0: 0x8000d044 (0x41585d33) sra     s10, a6, s5
core   0: 3 0x8000d044 (0x41585d33) x26 0x00000000
core   0: 0x8000d048 (0x340726f3) csrrs   a3, mscratch, a4
core   0: 3 0x8000d048 (0x340726f3) x13 0xffffffff c832_mscratch 0xffffffff
core   0: 0x8000d04c (0x005b59b3) srl     s3, s6, t0
core   0: 3 0x8000d04c (0x005b59b3) x19 0x00000000
core   0: 0x8000d050 (0x0000127d) c.addi  tp, -1
core   0: 3 0x8000d050 (0x127d) x 4 0x00000019
core   0: 0x8000d052 (0x027d9c63) bne     s11, t2, pc + 56
core   0: 3 0x8000d052 (0x027d9c63)
core   0: 0x8000d08a (0x03e1b733) mulhu   a4, gp, t5
core   0: 3 0x8000d08a (0x03e1b733) x14 0x00000000
core   0: 0x8000d08e (0x01259763) bne     a1, s2, pc + 14
core   0: 3 0x8000d08e (0x01259763)
core   0: 0x8000d09c (0x00008c39) c.xor   s0, a4
core   0: 3 0x8000d09c (0x8c39) x 8 0x00000000
core   0: 0x8000d09e (0x0000cc05) c.beqz  s0, pc + 56
core   0: 3 0x8000d09e (0xcc05)
core   0: 0x8000d0d6 (0x04354163) blt     a0, gp, pc + 66
core   0: 3 0x8000d0d6 (0x04354163)
core   0: 0x8000d0da (0xa0657ab7) lui     s5, 0xa0657
core   0: 3 0x8000d0da (0xa0657ab7) x21 0xa0657000
core   0: 0x8000d0de (0x03c54533) div     a0, a0, t3
core   0: 3 0x8000d0de (0x03c54533) x10 0x00000000
core   0: 0x8000d0e2 (0x34002973) csrr    s2, mscratch
core   0: 3 0x8000d0e2 (0x34002973) x18 0xffffffff
core   0: 0x8000d0e6 (0x41060bb3) sub     s7, a2, a6
core   0: 3 0x8000d0e6 (0x41060bb3) x23 0x00000000
core   0: 0x8000d0ea (0x3df04613) xori    a2, zero, 991
core   0: 3 0x8000d0ea (0x3df04613) x12 0x000003df
core   0: 0x8000d0ee (0x0000137d) c.addi  t1, -1
core   0: 3 0x8000d0ee (0x137d) x 6 0xffffffff
core   0: 0x8000d0f0 (0x0000834e) c.mv    t1, s3
core   0: 3 0x8000d0f0 (0x834e) x 6 0x00000000
core   0: 0x8000d0f2 (0x0181ec33) or      s8, gp, s8
core   0: 3 0x8000d0f2 (0x0181ec33) x24 0xffffffff
core   0: 0x8000d0f6 (0x34006173) csrrsi  sp, mscratch, 0
core   0: 3 0x8000d0f6 (0x34006173) x 2 0xffffffff
core   0: 0x8000d0fa (0x0051b6b3) sltu    a3, gp, t0
core   0: 3 0x8000d0fa (0x0051b6b3) x13 0x00000001
core   0: 0x8000d0fe (0x2f61ad93) slti    s11, gp, 758
core   0: 3 0x8000d0fe (0x2f61ad93) x27 0x00000001
core   0: 0x8000d102 (0x34093d73) csrrc   s10, mscratch, s2
core   0: 3 0x8000d102 (0x34093d73) x26 0xffffffff c832_mscratch 0x00000000
core   0: 0x8000d106 (0x0000100f) fence.i
core   0: 3 0x8000d106 (0x0000100f)
core   0: 0x8000d10a (0x00e97933) and     s2, s2, a4
core   0: 3 0x8000d10a (0x00e97933) x18 0x00000000
core   0: 0x8000d10e (0x0197f233) and     tp, a5, s9
core   0: 3 0x8000d10e (0x0197f233) x 4 0x30198000
core   0: 0x8000d112 (0x00000001) c.nop
core   0: 3 0x8000d112 (0x0001)
core   0: 0x8000d114 (0x582f6093) ori     ra, t5, 1410
core   0: 3 0x8000d114 (0x582f6093) x 1 0x8002cda6
core   0: 0x8000d118 (0x00008b7a) c.mv    s6, t5
core   0: 3 0x8000d118 (0x8b7a) x22 0x8002cd24
core   0: 0x8000d11a (0x000089a2) c.mv    s3, s0
core   0: 3 0x8000d11a (0x89a2) x19 0x00000000
core   0: 0x8000d11c (0x00008d05) c.sub   a0, s1
core   0: 3 0x8000d11c (0x8d05) x10 0x00000000
core   0: 0x8000d11e (0x00008d75) c.and   a0, a3
core   0: 3 0x8000d11e (0x8d75) x10 0x00000000
core   0: 0x8000d120 (0x2fb01817) auipc   a6, 0x2fb01
core   0: 3 0x8000d120 (0x2fb01817) x16 0xafb0e120
core   0: 0x8000d124 (0x000051fd) c.li    gp, -1
core   0: 3 0x8000d124 (0x51fd) x 3 0xffffffff
core   0: 0x8000d126 (0x01191bb3) sll     s7, s2, a7
core   0: 3 0x8000d126 (0x01191bb3) x23 0x00000000
core   0: 0x8000d12a (0xa7708113) addi    sp, ra, -1417
core   0: 3 0x8000d12a (0xa7708113) x 2 0x8002c81d
core   0: 0x8000d12e (0xb69e6093) ori     ra, t3, -1175
core   0: 3 0x8000d12e (0xb69e6093) x 1 0xfffffb7d
core   0: 0x8000d132 (0x00620d33) add     s10, tp, t1
core   0: 3 0x8000d132 (0x00620d33) x26 0x30198000
core   0: 0x8000d136 (0x01bd6d33) or      s10, s10, s11
core   0: 3 0x8000d136 (0x01bd6d33) x26 0x30198001
core   0: 0x8000d13a (0x00008f05) c.sub   a4, s1
core   0: 3 0x8000d13a (0x8f05) x14 0x00000000
core   0: 0x8000d13c (0x0000c509) c.beqz  a0, pc + 10
core   0: 3 0x8000d13c (0xc509)
core   0: 0x8000d146 (0x00000001) c.nop
core   0: 3 0x8000d146 (0x0001)
core   0: 0x8000d148 (0x408cdfb3) sra     t6, s9, s0
core   0: 3 0x8000d148 (0x408cdfb3) x31 0x79b9a000
core   0: 0x8000d14c (0x0ff0000f) fence   iorw,iorw
core   0: 3 0x8000d14c (0x0ff0000f)
core   0: 0x8000d150 (0x010cf533) and     a0, s9, a6
core   0: 3 0x8000d150 (0x010cf533) x10 0x29b0a000
core   0: 0x8000d154 (0x02119b33) mulh    s6, gp, ra
core   0: 3 0x8000d154 (0x02119b33) x22 0x00000000
core   0: 0x8000d158 (0x00008cf2) c.mv    s9, t3
core   0: 3 0x8000d158 (0x8cf2) x25 0x80024074
core   0: 0x8000d15a (0x017c97b3) sll     a5, s9, s7
core   0: 3 0x8000d15a (0x017c97b3) x15 0x80024074
core   0: 0x8000d15e (0x02b208b3) mul     a7, tp, a1
core   0: 3 0x8000d15e (0x02b208b3) x17 0xf5478000
core   0: 0x8000d162 (0x01a4b0b3) sltu    ra, s1, s10
core   0: 3 0x8000d162 (0x01a4b0b3) x 1 0x00000001
core   0: 0x8000d166 (0xbffdaa93) slti    s5, s11, -1025
core   0: 3 0x8000d166 (0xbffdaa93) x21 0x00000000
core   0: 0x8000d16a (0x03a81133) mulh    sp, a6, s10
core   0: 3 0x8000d16a (0x03a81133) x 2 0xf0e92a54
core   0: 0x8000d16e (0x00000001) c.nop
core   0: 3 0x8000d16e (0x0001)
core   0: 0x8000d170 (0x000047b1) c.li    a5, 12
core   0: 3 0x8000d170 (0x47b1) x15 0x0000000c
core   0: 0x8000d172 (0xb0e1d817) auipc   a6, 0xb0e1d
core   0: 3 0x8000d172 (0xb0e1d817) x16 0x30e2a172
core   0: 0x8000d176 (0x340a1b73) csrrw   s6, mscratch, s4
core   0: 3 0x8000d176 (0x340a1b73) x22 0x00000000 c832_mscratch 0x00000000
core   0: 0x8000d17a (0x0281ac33) mulhsu  s8, gp, s0
core   0: 3 0x8000d17a (0x0281ac33) x24 0x00000000
core   0: 0x8000d17e (0x02871cb3) mulh    s9, a4, s0
core   0: 3 0x8000d17e (0x02871cb3) x25 0x00000000
core   0: 0x8000d182 (0x340565f3) csrrsi  a1, mscratch, 10
core   0: 3 0x8000d182 (0x340565f3) x11 0x00000000 c832_mscratch 0x0000000a
core   0: 0x8000d186 (0x02f8a733) mulhsu  a4, a7, a5
core   0: 3 0x8000d186 (0x02f8a733) x14 0xffffffff
core   0: 0x8000d18a (0x411887b3) sub     a5, a7, a7
core   0: 3 0x8000d18a (0x411887b3) x15 0x00000000
core   0: 0x8000d18e (0x0204ecb3) rem     s9, s1, zero
core   0: 3 0x8000d18e (0x0204ecb3) x25 0x00000000
core   0: 0x8000d192 (0x00001480) c.addi4spn s0, sp, 608
core   0: 3 0x8000d192 (0x1480) x 8 0xf0e92cb4
core   0: 0x8000d194 (0x34029df3) csrrw   s11, mscratch, t0
core   0: 3 0x8000d194 (0x34029df3) x27 0x0000000a c832_mscratch 0x80028e74
core   0: 0x8000d198 (0x34006a73) csrrsi  s4, mscratch, 0
core   0: 3 0x8000d198 (0x34006a73) x20 0x80028e74
core   0: 0x8000d19c (0x00000a00) c.addi4spn s0, sp, 272
core   0: 3 0x8000d19c (0x0a00) x 8 0xf0e92b64
core   0: 0x8000d19e (0x0354e563) bltu    s1, s5, pc + 42
core   0: 3 0x8000d19e (0x0354e563)
core   0: 0x8000d1a2 (0x0000987d) c.andi  s0, -1
core   0: 3 0x8000d1a2 (0x987d) x 8 0xf0e92b64
core   0: 0x8000d1a4 (0x02681463) bne     a6, t1, pc + 40
core   0: 3 0x8000d1a4 (0x02681463)
core   0: 0x8000d1cc (0x0168a0b3) slt     ra, a7, s6
core   0: 3 0x8000d1cc (0x0168a0b3) x 1 0x00000001
core   0: 0x8000d1d0 (0x02703a33) mulhu   s4, zero, t2
core   0: 3 0x8000d1d0 (0x02703a33) x20 0x00000000
core   0: 0x8000d1d4 (0x0310fcb3) remu    s9, ra, a7
core   0: 3 0x8000d1d4 (0x0310fcb3) x25 0x00000001
core   0: 0x8000d1d8 (0x00008535) c.srai  a0, 13
core   0: 3 0x8000d1d8 (0x8535) x10 0x00014d85
core   0: 0x8000d1da (0x9907ba93) sltiu   s5, a5, -1648
core   0: 3 0x8000d1da (0x9907ba93) x21 0x00000001
core   0: 0x8000d1de (0x49954013) xori    zero, a0, 1177
core   0: 3 0x8000d1de (0x49954013)
core   0: 0x8000d1e2 (0x006955b3) srl     a1, s2, t1
core   0: 3 0x8000d1e2 (0x006955b3) x11 0x00000000
core   0: 0x8000d1e6 (0x00008c01) c.sub   s0, s0
core   0: 3 0x8000d1e6 (0x8c01) x 8 0x00000000
core   0: 0x8000d1e8 (0x50c5b913) sltiu   s2, a1, 1292
core   0: 3 0x8000d1e8 (0x50c5b913) x18 0x00000001
core   0: 0x8000d1ec (0x000000ae) c.slli  ra, 11
core   0: 3 0x8000d1ec (0x00ae) x 1 0x00000800
core   0: 0x8000d1ee (0x53383013) sltiu   zero, a6, 1331
core   0: 3 0x8000d1ee (0x53383013)
core   0: 0x8000d1f2 (0x3402bbf3) csrrc   s7, mscratch, t0
core   0: 3 0x8000d1f2 (0x3402bbf3) x23 0x80028e74 c832_mscratch 0x00000000
core   0: 0x8000d1f6 (0x0000958a) c.add   a1, sp
core   0: 3 0x8000d1f6 (0x958a) x11 0xf0e92a54
core   0: 0x8000d1f8 (0x340d5973) csrrwi  s2, mscratch, 26
core   0: 3 0x8000d1f8 (0x340d5973) x18 0x00000000 c832_mscratch 0x0000001a
core   0: 0x8000d1fc (0x01505b63) bge     zero, s5, pc + 22
core   0: 3 0x8000d1fc (0x01505b63)
core   0: 0x8000d200 (0x0000014a) c.slli  sp, 18
core   0: 3 0x8000d200 (0x014a) x 2 0xa9500000
core   0: 0x8000d202 (0x00715493) srli    s1, sp, 7
core   0: 3 0x8000d202 (0x00715493) x 9 0x0152a000
core   0: 0x8000d206 (0x00008565) c.srai  a0, 25
core   0: 3 0x8000d206 (0x8565) x10 0x00000000
core   0: 0x8000d208 (0x00006c75) c.lui   s8, 0x1d
core   0: 3 0x8000d208 (0x6c75) x24 0x0001d000
core   0: 0x8000d20a (0x03cead33) mulhsu  s10, t4, t3
core   0: 3 0x8000d20a (0x03cead33) x26 0x00000000
core   0: 0x8000d20e (0x003b6c33) or      s8, s6, gp
core   0: 3 0x8000d20e (0x003b6c33) x24 0xffffffff
core   0: 0x8000d212 (0x340339f3) csrrc   s3, mscratch, t1
core   0: 3 0x8000d212 (0x340339f3) x19 0x0000001a c832_mscratch 0x0000001a
core   0: 0x8000d216 (0x00008b22) c.mv    s6, s0
core   0: 3 0x8000d216 (0x8b22) x22 0x00000000
core   0: 0x8000d218 (0x0ff0000f) fence   iorw,iorw
core   0: 3 0x8000d218 (0x0ff0000f)
core   0: 0x8000d21c (0x41b5da33) sra     s4, a1, s11
core   0: 3 0x8000d21c (0x41b5da33) x20 0xfffc3a4a
core   0: 0x8000d220 (0x01027563) bgeu    tp, a6, pc + 10
core   0: 3 0x8000d220 (0x01027563)
core   0: 0x8000d224 (0x0000011e) c.slli  sp, 7
core   0: 3 0x8000d224 (0x011e) x 2 0xa8000000
core   0: 0x8000d226 (0x001ed5b3) srl     a1, t4, ra
core   0: 3 0x8000d226 (0x001ed5b3) x11 0x00000000
core   0: 0x8000d22a (0x0db97c13) andi    s8, s2, 219
core   0: 3 0x8000d22a (0x0db97c13) x24 0x00000000
core   0: 0x8000d22e (0x00000811) c.addi  a6, 4
core   0: 3 0x8000d22e (0x0811) x16 0x30e2a176
core   0: 0x8000d230 (0x027bcdb3) div     s11, s7, t2
core   0: 3 0x8000d230 (0x027bcdb3) x27 0xeaab17be
core   0: 0x8000d234 (0x00008ed1) c.or    a3, a2
core   0: 3 0x8000d234 (0x8ed1) x13 0x000003df
core   0: 0x8000d236 (0x0326e6b3) rem     a3, a3, s2
core   0: 3 0x8000d236 (0x0326e6b3) x13 0x000003df
core   0: 0x8000d23a (0x01f65a13) srli    s4, a2, 31
core   0: 3 0x8000d23a (0x01f65a13) x20 0x00000000
core   0: 0x8000d23e (0x00006115) c.addi16sp sp, 288
core   0: 3 0x8000d23e (0x6115) x 2 0xa8000120
core   0: 0x8000d240 (0xb0906313) ori     t1, zero, -1271
core   0: 3 0x8000d240 (0xb0906313) x 6 0xfffffb09
core   0: 0x8000d244 (0x03e37933) remu    s2, t1, t5
core   0: 3 0x8000d244 (0x03e37933) x18 0x7ffd2de5
core   0: 0x8000d248 (0x3407d173) csrrwi  sp, mscratch, 15
core   0: 3 0x8000d248 (0x3407d173) x 2 0x0000001a c832_mscratch 0x0000000f
core   0: 0x8000d24c (0x00009a9e) c.add   s5, t2
core   0: 3 0x8000d24c (0x9a9e) x21 0x00000007
core   0: 0x8000d24e (0x0389d863) bge     s3, s8, pc + 48
core   0: 3 0x8000d24e (0x0389d863)
core   0: 0x8000d27e (0x00000001) c.nop
core   0: 3 0x8000d27e (0x0001)
core   0: 0x8000d280 (0x00000001) c.nop
core   0: 3 0x8000d280 (0x0001)
core   0: 0x8000d282 (0xb6b8f413) andi    s0, a7, -1173
core   0: 3 0x8000d282 (0xb6b8f413) x 8 0xf5478000
core   0: 0x8000d286 (0x8f19f913) andi    s2, s3, -1807
core   0: 3 0x8000d286 (0x8f19f913) x18 0x00000010
core   0: 0x8000d28a (0x01686eb3) or      t4, a6, s6
core   0: 3 0x8000d28a (0x01686eb3) x29 0x30e2a176
core   0: 0x8000d28e (0x0246c433) div     s0, a3, tp
core   0: 3 0x8000d28e (0x0246c433) x 8 0x00000000
core   0: 0x8000d292 (0x4123d9b3) sra     s3, t2, s2
core   0: 3 0x8000d292 (0x4123d9b3) x19 0x00000000
core   0: 0x8000d296 (0x03cb45b3) div     a1, s6, t3
core   0: 3 0x8000d296 (0x03cb45b3) x11 0x00000000
core   0: 0x8000d29a (0x006d5eb3) srl     t4, s10, t1
core   0: 3 0x8000d29a (0x006d5eb3) x29 0x00000000
core   0: 0x8000d29e (0x00001d04) c.addi4spn s1, sp, 688
core   0: 3 0x8000d29e (0x1d04) x 9 0x000002ca
core   0: 0x8000d2a0 (0x0ff0000f) fence   iorw,iorw
core   0: 3 0x8000d2a0 (0x0ff0000f)
core   0: 0x8000d2a4 (0x34006073) csrsi   mscratch, 0
core   0: 3 0x8000d2a4 (0x34006073)
core   0: 0x8000d2a8 (0x0b67c313) xori    t1, a5, 182
core   0: 3 0x8000d2a8 (0x0b67c313) x 6 0x000000b6
core   0: 0x8000d2ac (0x026af1b3) remu    gp, s5, t1
core   0: 3 0x8000d2ac (0x026af1b3) x 3 0x00000007
core   0: 0x8000d2b0 (0x00008d01) c.sub   a0, s0
core   0: 3 0x8000d2b0 (0x8d01) x10 0x00000000
core   0: 0x8000d2b2 (0x024e0c33) mul     s8, t3, tp
core   0: 3 0x8000d2b2 (0x024e0c33) x24 0x2b8e0000
core   0: 0x8000d2b6 (0x34093473) csrrc   s0, mscratch, s2
core   0: 3 0x8000d2b6 (0x34093473) x 8 0x0000000f c832_mscratch 0x0000000f
core   0: 0x8000d2ba (0x02db77b3) remu    a5, s6, a3
core   0: 3 0x8000d2ba (0x02db77b3) x15 0x00000000
core   0: 0x8000d2be (0x340cb673) csrrc   a2, mscratch, s9
core   0: 3 0x8000d2be (0x340cb673) x12 0x0000000f c832_mscratch 0x0000000e
core   0: 0x8000d2c2 (0x0000717d) c.addi16sp sp, -16
core   0: 3 0x8000d2c2 (0x717d) x 2 0x0000000a
core   0: 0x8000d2c4 (0x000097e6) c.add   a5, s9
core   0: 3 0x8000d2c4 (0x97e6) x15 0x00000001
core   0: 0x8000d2c6 (0x40a83117) auipc   sp, 0x40a83
core   0: 3 0x8000d2c6 (0x40a83117) x 2 0xc0a902c6
core   0: 0x8000d2ca (0x01f62ab3) slt     s5, a2, t6
core   0: 3 0x8000d2ca (0x01f62ab3) x21 0x00000001
core   0: 0x8000d2ce (0x01c59333) sll     t1, a1, t3
core   0: 3 0x8000d2ce (0x01c59333) x 6 0x00000000
core   0: 0x8000d2d2 (0x00dfd813) srli    a6, t6, 13
core   0: 3 0x8000d2d2 (0x00dfd813) x16 0x0003cdcd
core   0: 0x8000d2d6 (0x340e5bf3) csrrwi  s7, mscratch, 28
core   0: 3 0x8000d2d6 (0x340e5bf3) x23 0x0000000e c832_mscratch 0x0000001c
core   0: 0x8000d2da (0x00a0066f) jal     a2, pc + 0xa
core   0: 3 0x8000d2da (0x00a0066f) x12 0x8000d2de
core   0: 0x8000d2e4 (0x00c000ef) jal     pc + 0xc
core   0: 3 0x8000d2e4 (0x00c000ef) x 1 0x8000d2e8
core   0: 0x8000d2f0 (0x00003fc5) c.jal   pc - 16
core   0: 3 0x8000d2f0 (0x3fc5) x 1 0x8000d2f2
core   0: 0x8000d2e0 (0x00002029) c.jal   pc + 10
core   0: 3 0x8000d2e0 (0x2029) x 1 0x8000d2e2
core   0: 0x8000d2ea (0x00002021) c.jal   pc + 8
core   0: 3 0x8000d2ea (0x2021) x 1 0x8000d2ec
core   0: 0x8000d2f2 (0x00003fed) c.jal   pc - 6
core   0: 3 0x8000d2f2 (0x3fed) x 1 0x8000d2f4
core   0: 0x8000d2ec (0x00002009) c.jal   pc + 2
core   0: 3 0x8000d2ec (0x2009) x 1 0x8000d2ee
core   0: 0x8000d2ee (0x00003fd5) c.jal   pc - 12
core   0: 3 0x8000d2ee (0x3fd5) x 1 0x8000d2f0
core   0: 0x8000d2e2 (0x0000bff5) c.j     pc - 4
core   0: 3 0x8000d2e2 (0xbff5)
core   0: 0x8000d2de (0x0000a029) c.j     pc + 10
core   0: 3 0x8000d2de (0xa029)
core   0: 0x8000d2e8 (0x00002031) c.jal   pc + 12
core   0: 3 0x8000d2e8 (0x2031) x 1 0x8000d2ea
core   0: 0x8000d2f4 (0x34021273) csrrw   tp, mscratch, tp
core   0: 3 0x8000d2f4 (0x34021273) x 4 0x0000001c c832_mscratch 0x30198000
core   0: 0x8000d2f8 (0x00008ccd) c.or    s1, a1
core   0: 3 0x8000d2f8 (0x8ccd) x 9 0x000002ca
core   0: 0x8000d2fa (0x340e59f3) csrrwi  s3, mscratch, 28
core   0: 3 0x8000d2fa (0x340e59f3) x19 0x30198000 c832_mscratch 0x0000001c
core   0: 0x8000d2fe (0x01731d13) slli    s10, t1, 23
core   0: 3 0x8000d2fe (0x01731d13) x26 0x00000000
core   0: 0x8000d302 (0x036b4663) blt     s6, s6, pc + 44
core   0: 3 0x8000d302 (0x036b4663)
core   0: 0x8000d306 (0x0589f163) bgeu    s3, s8, pc + 66
core   0: 3 0x8000d306 (0x0589f163)
core   0: 0x8000d348 (0x0000100f) fence.i
core   0: 3 0x8000d348 (0x0000100f)
core   0: 0x8000d34c (0x033b10b3) mulh    ra, s6, s3
core   0: 3 0x8000d34c (0x033b10b3) x 1 0x00000000
core   0: 0x8000d350 (0x340fdcf3) csrrwi  s9, mscratch, 31
core   0: 3 0x8000d350 (0x340fdcf3) x25 0x0000001c c832_mscratch 0x0000001f
core   0: 0x8000d354 (0x031765b3) rem     a1, a4, a7
core   0: 3 0x8000d354 (0x031765b3) x11 0xffffffff
core   0: 0x8000d358 (0x01a22933) slt     s2, tp, s10
core   0: 3 0x8000d358 (0x01a22933) x18 0x00000000
core   0: 0x8000d35c (0x02b3ed63) bltu    t2, a1, pc + 58
core   0: 3 0x8000d35c (0x02b3ed63)
core   0: 0x8000d396 (0x34003b73) csrrc   s6, mscratch, zero
core   0: 3 0x8000d396 (0x34003b73) x22 0x0000001f
core   0: 0x8000d39a (0x2ff1cb13) xori    s6, gp, 767
core   0: 3 0x8000d39a (0x2ff1cb13) x22 0x000002f8
core   0: 0x8000d39e (0x400fdb13) srai    s6, t6, 0
core   0: 3 0x8000d39e (0x400fdb13) x22 0x79b9a000
core   0: 0x8000d3a2 (0x0000e099) c.bnez  s1, pc + 6
core   0: 3 0x8000d3a2 (0xe099)
core   0: 0x8000d3a8 (0x00000255) c.addi  tp, 21
core   0: 3 0x8000d3a8 (0x0255) x 4 0x00000031
core   0: 0x8000d3aa (0x00000001) c.nop
core   0: 3 0x8000d3aa (0x0001)
core   0: 0x8000d3ac (0x340910f3) csrrw   ra, mscratch, s2
core   0: 3 0x8000d3ac (0x340910f3) x 1 0x0000001f c832_mscratch 0x00000000
core   0: 0x8000d3b0 (0x0498e263) bltu    a7, s1, pc + 68
core   0: 3 0x8000d3b0 (0x0498e263)
core   0: 0x8000d3b4 (0x00008c8d) c.sub   s1, a1
core   0: 3 0x8000d3b4 (0x8c8d) x 9 0x000002cb
core   0: 0x8000d3b6 (0x0000100f) fence.i
core   0: 3 0x8000d3b6 (0x0000100f)
core   0: 0x8000d3ba (0x00da3fb3) sltu    t6, s4, a3
core   0: 3 0x8000d3ba (0x00da3fb3) x31 0x00000001
core   0: 0x8000d3be (0xbe13ec93) ori     s9, t2, -1055
core   0: 3 0x8000d3be (0xbe13ec93) x25 0xfffffbe7
core   0: 0x8000d3c2 (0x00e8e4b3) or      s1, a7, a4
core   0: 3 0x8000d3c2 (0x00e8e4b3) x 9 0xffffffff
core   0: 0x8000d3c6 (0x03cb71b3) remu    gp, s6, t3
core   0: 3 0x8000d3c6 (0x03cb71b3) x 3 0x79b9a000
core   0: 0x8000d3ca (0x0099fa33) and     s4, s3, s1
core   0: 3 0x8000d3ca (0x0099fa33) x20 0x30198000
core   0: 0x8000d3ce (0x02364693) xori    a3, a2, 35
core   0: 3 0x8000d3ce (0x02364693) x13 0x8000d2fd
core   0: 0x8000d3d2 (0x03da95b3) mulh    a1, s5, t4
core   0: 3 0x8000d3d2 (0x03da95b3) x11 0x00000000
core   0: 0x8000d3d6 (0x49c66113) ori     sp, a2, 1180
core   0: 3 0x8000d3d6 (0x49c66113) x 2 0x8000d6de
core   0: 0x8000d3da (0x00008c25) c.xor   s0, s1
core   0: 3 0x8000d3da (0x8c25) x 8 0xfffffff0
core   0: 0x8000d3dc (0x02476b33) rem     s6, a4, tp
core   0: 3 0x8000d3dc (0x02476b33) x22 0xffffffff
core   0: 0x8000d3e0 (0x00b75593) srli    a1, a4, 11
core   0: 3 0x8000d3e0 (0x00b75593) x11 0x001fffff
core   0: 0x8000d3e4 (0x024357b3) divu    a5, t1, tp
core   0: 3 0x8000d3e4 (0x024357b3) x15 0x00000000
core   0: 0x8000d3e8 (0x058d9463) bne     s11, s8, pc + 72
core   0: 3 0x8000d3e8 (0x058d9463)
core   0: 0x8000d430 (0xac887793) andi    a5, a6, -1336
core   0: 3 0x8000d430 (0xac887793) x15 0x0003c8c8
core   0: 0x8000d434 (0x413d8d33) sub     s10, s11, s3
core   0: 3 0x8000d434 (0x413d8d33) x26 0xba9197be
core   0: 0x8000d438 (0x00000829) c.addi  a6, 10
core   0: 3 0x8000d438 (0x0829) x16 0x0003cdd7
core   0: 0x8000d43a (0xf5e5c813) xori    a6, a1, -162
core   0: 3 0x8000d43a (0xf5e5c813) x16 0xffe000a1
core   0: 0x8000d43e (0x0010feb3) and     t4, ra, ra
core   0: 3 0x8000d43e (0x0010feb3) x29 0x0000001f
core   0: 0x8000d442 (0x00000cde) c.slli  s9, 23
core   0: 3 0x8000d442 (0x0cde) x25 0xf3800000
core   0: 0x8000d444 (0x00000001) c.nop
core   0: 3 0x8000d444 (0x0001)
core   0: 0x8000d446 (0x03bd4ab3) div     s5, s10, s11
core   0: 3 0x8000d446 (0x03bd4ab3) x21 0x00000003
core   0: 0x8000d44a (0x3c554793) xori    a5, a0, 965
core   0: 3 0x8000d44a (0x3c554793) x15 0x000003c5
core   0: 0x8000d44e (0x00009bfe) c.add   s7, t6
core   0: 3 0x8000d44e (0x9bfe) x23 0x0000000f
core   0: 0x8000d450 (0x33b0b893) sltiu   a7, ra, 827
core   0: 3 0x8000d450 (0x33b0b893) x17 0x00000001
core   0: 0x8000d454 (0x996fb013) sltiu   zero, t6, -1642
core   0: 3 0x8000d454 (0x996fb013)
core   0: 0x8000d458 (0x00008612) c.mv    a2, tp
core   0: 3 0x8000d458 (0x8612) x12 0x00000031
core   0: 0x8000d45a (0x340510f3) csrrw   ra, mscratch, a0
core   0: 3 0x8000d45a (0x340510f3) x 1 0x00000000 c832_mscratch 0x00000000
core   0: 0x8000d45e (0x00008fe5) c.and   a5, s1
core   0: 3 0x8000d45e (0x8fe5) x15 0x000003c5
core   0: 0x8000d460 (0x0000d117) auipc   sp, 0xd
core   0: 3 0x8000d460 (0x0000d117) x 2 0x8001a460
core   0: 0x8000d464 (0x7b310113) addi    sp, sp, 1971
core   0: 3 0x8000d464 (0x7b310113) x 2 0x8001ac13
core   0: 0x8000d468 (0xfee10483) lb      s1, -18(sp)
core   0: 3 0x8000d468 (0xfee10483) x 9 0xfffffffa mem 0x8001ac01
core   0: 0x8000d46c (0x00d61e93) slli    t4, a2, 13
core   0: 3 0x8000d46c (0x00d61e93) x29 0x00062000
core   0: 0x8000d470 (0x00b15483) lhu     s1, 11(sp)
core   0: 3 0x8000d470 (0x00b15483) x 9 0x0000c273 mem 0x8001ac1e
core   0: 0x8000d474 (0x029675b3) remu    a1, a2, s1
core   0: 3 0x8000d474 (0x029675b3) x11 0x00000031
core   0: 0x8000d478 (0x031598b3) mulh    a7, a1, a7
core   0: 3 0x8000d478 (0x031598b3) x17 0x00000000
core   0: 0x8000d47c (0x01d10fa3) sb      t4, 31(sp)
core   0: 3 0x8000d47c (0x01d10fa3) mem 0x8001ac32 0x0
core   0: 0x8000d480 (0x03d101a3) sb      t4, 35(sp)
core   0: 3 0x8000d480 (0x03d101a3) mem 0x8001ac36 0x0
core   0: 0x8000d484 (0xfec118a3) sh      a2, -15(sp)
core   0: 3 0x8000d484 (0xfec118a3) mem 0x8001ac04 0x0031
core   0: 0x8000d488 (0xfd911603) lh      a2, -39(sp)
core   0: 3 0x8000d488 (0xfd911603) x12 0xffffd628 mem 0x8001abec
core   0: 0x8000d48c (0x03f10023) sb      t6, 32(sp)
core   0: 3 0x8000d48c (0x03f10023) mem 0x8001ac33 0x1
core   0: 0x8000d490 (0xfdd10423) sb      t4, -56(sp)
core   0: 3 0x8000d490 (0xfdd10423) mem 0x8001abdb 0x0
core   0: 0x8000d494 (0x000045d9) c.li    a1, 22
core   0: 3 0x8000d494 (0x45d9) x11 0x00000016
core   0: 0x8000d496 (0x00008d8d) c.sub   a1, a1
core   0: 3 0x8000d496 (0x8d8d) x11 0x00000000
core   0: 0x8000d498 (0xfda14e83) lbu     t4, -38(sp)
core   0: 3 0x8000d498 (0xfda14e83) x29 0x000000d6 mem 0x8001abed
core   0: 0x8000d49c (0xfcc109a3) sb      a2, -45(sp)
core   0: 3 0x8000d49c (0xfcc109a3) mem 0x8001abe6 0x28
core   0: 0x8000d4a0 (0x02b111a3) sh      a1, 35(sp)
core   0: 3 0x8000d4a0 (0x02b111a3) mem 0x8001ac36 0x0000
core   0: 0x8000d4a4 (0x000005fe) c.slli  a1, 31
core   0: 3 0x8000d4a4 (0x05fe) x11 0x00000000
core   0: 0x8000d4a6 (0x01f116a3) sh      t6, 13(sp)
core   0: 3 0x8000d4a6 (0x01f116a3) mem 0x8001ac20 0x0001
core   0: 0x8000d4aa (0x01110d23) sb      a7, 26(sp)
core   0: 3 0x8000d4aa (0x01110d23) mem 0x8001ac2d 0x0
core   0: 0x8000d4ae (0xfd410e83) lb      t4, -44(sp)
core   0: 3 0x8000d4ae (0xfd410e83) x29 0x00000014 mem 0x8001abe7
core   0: 0x8000d4b2 (0x4115d613) srai    a2, a1, 17
core   0: 3 0x8000d4b2 (0x4115d613) x12 0x00000000
core   0: 0x8000d4b6 (0xfdb15483) lhu     s1, -37(sp)
core   0: 3 0x8000d4b6 (0xfdb15483) x 9 0x00004220 mem 0x8001abee
core   0: 0x8000d4ba (0x340615f3) csrrw   a1, mscratch, a2
core   0: 3 0x8000d4ba (0x340615f3) x11 0x00000000 c832_mscratch 0x00000000
core   0: 0x8000d4be (0x01014f83) lbu     t6, 16(sp)
core   0: 3 0x8000d4be (0x01014f83) x31 0x0000009a mem 0x8001ac23
core   0: 0x8000d4c2 (0x02910fa3) sb      s1, 63(sp)
core   0: 3 0x8000d4c2 (0x02910fa3) mem 0x8001ac52 0x20
core   0: 0x8000d4c6 (0x01d4c8b3) xor     a7, s1, t4
core   0: 3 0x8000d4c6 (0x01d4c8b3) x17 0x00004234
core   0: 0x8000d4ca (0x01d118a3) sh      t4, 17(sp)
core   0: 3 0x8000d4ca (0x01d118a3) mem 0x8001ac24 0x0014
core   0: 0x8000d4ce (0x02b615b3) mulh    a1, a2, a1
core   0: 3 0x8000d4ce (0x02b615b3) x11 0x00000000
core   0: 0x8000d4d2 (0xfe610583) lb      a1, -26(sp)
core   0: 3 0x8000d4d2 (0xfe610583) x11 0x0000003c mem 0x8001abf9
core   0: 0x8000d4d6 (0xfd714883) lbu     a7, -41(sp)
core   0: 3 0x8000d4d6 (0xfd714883) x17 0x000000b7 mem 0x8001abea
core   0: 0x8000d4da (0x03111fa3) sh      a7, 63(sp)
core   0: 3 0x8000d4da (0x03111fa3) mem 0x8001ac52 0x00b7
core   0: 0x8000d4de (0xffe14e83) lbu     t4, -2(sp)
core   0: 3 0x8000d4de (0xffe14e83) x29 0x00000057 mem 0x8001ac11
core   0: 0x8000d4e2 (0x0000980a) c.add   a6, sp
core   0: 3 0x8000d4e2 (0x980a) x16 0x7fe1acb4
core   0: 0x8000d4e4 (0x41285e33) sra     t3, a6, s2
core   0: 3 0x8000d4e4 (0x41285e33) x28 0x7fe1acb4
core   0: 0x8000d4e8 (0x00a8fab3) and     s5, a7, a0
core   0: 3 0x8000d4e8 (0x00a8fab3) x21 0x00000000
core   0: 0x8000d4ec (0x039f6133) rem     sp, t5, s9
core   0: 3 0x8000d4ec (0x039f6133) x 2 0xfd02cd24
core   0: 0x8000d4f0 (0x000091f2) c.add   gp, t3
core   0: 3 0x8000d4f0 (0x91f2) x 3 0xf99b4cb4
core   0: 0x8000d4f2 (0x34002cf3) csrr    s9, mscratch
core   0: 3 0x8000d4f2 (0x34002cf3) x25 0x00000000
core   0: 0x8000d4f6 (0x00008cd6) c.mv    s9, s5
core   0: 3 0x8000d4f6 (0x8cd6) x25 0x00000000
core   0: 0x8000d4f8 (0x01c47e63) bgeu    s0, t3, pc + 28
core   0: 3 0x8000d4f8 (0x01c47e63)
core   0: 0x8000d514 (0x00019b13) slli    s6, gp, 0
core   0: 3 0x8000d514 (0x00019b13) x22 0xf99b4cb4
core   0: 0x8000d518 (0x4183d413) srai    s0, t2, 24
core   0: 3 0x8000d518 (0x4183d413) x 8 0x00000000
core   0: 0x8000d51c (0xd866f513) andi    a0, a3, -634
core   0: 3 0x8000d51c (0xd866f513) x10 0x8000d084
core   0: 0x8000d520 (0x4028de93) srai    t4, a7, 2
core   0: 3 0x8000d520 (0x4028de93) x29 0x0000002d
core   0: 0x8000d524 (0x023ffab3) remu    s5, t6, gp
core   0: 3 0x8000d524 (0x023ffab3) x21 0x0000009a
core   0: 0x8000d528 (0x00008666) c.mv    a2, s9
core   0: 3 0x8000d528 (0x8666) x12 0x00000000
core   0: 0x8000d52a (0x40c05533) sra     a0, zero, a2
core   0: 3 0x8000d52a (0x40c05533) x10 0x00000000
core   0: 0x8000d52e (0x0ff0000f) fence   iorw,iorw
core   0: 3 0x8000d52e (0x0ff0000f)
core   0: 0x8000d532 (0x00008956) c.mv    s2, s5
core   0: 3 0x8000d532 (0x8956) x18 0x0000009a
core   0: 0x8000d534 (0x02239063) bne     t2, sp, pc + 32
core   0: 3 0x8000d534 (0x02239063)
core   0: 0x8000d554 (0xd703f713) andi    a4, t2, -656
core   0: 3 0x8000d554 (0xd703f713) x14 0x00000000
core   0: 0x8000d558 (0x04687363) bgeu    a6, t1, pc + 70
core   0: 3 0x8000d558 (0x04687363)
core   0: 0x8000d59e (0x0153d313) srli    t1, t2, 21
core   0: 3 0x8000d59e (0x0153d313) x 6 0x00000000
core   0: 0x8000d5a2 (0x03d3cc63) blt     t2, t4, pc + 56
core   0: 3 0x8000d5a2 (0x03d3cc63)
core   0: 0x8000d5da (0x00000001) c.nop
core   0: 3 0x8000d5da (0x0001)
core   0: 0x8000d5dc (0x01dd1233) sll     tp, s10, t4
core   0: 3 0x8000d5dc (0x01dd1233) x 4 0x32f7c000
core   0: 0x8000d5e0 (0x02871cb3) mulh    s9, a4, s0
core   0: 3 0x8000d5e0 (0x02871cb3) x25 0x00000000
core   0: 0x8000d5e4 (0x34076df3) csrrsi  s11, mscratch, 14
core   0: 3 0x8000d5e4 (0x34076df3) x27 0x00000000 c832_mscratch 0x0000000e
core   0: 0x8000d5e8 (0x340078f3) csrrci  a7, mscratch, 0
core   0: 3 0x8000d5e8 (0x340078f3) x17 0x0000000e
core   0: 0x8000d5ec (0x000087ae) c.mv    a5, a1
core   0: 3 0x8000d5ec (0x87ae) x15 0x0000003c
core   0: 0x8000d5ee (0x00000416) c.slli  s0, 5
core   0: 3 0x8000d5ee (0x0416) x 8 0x00000000
core   0: 0x8000d5f0 (0x00000001) c.nop
core   0: 3 0x8000d5f0 (0x0001)
core   0: 0x8000d5f2 (0x00f8a4b3) slt     s1, a7, a5
core   0: 3 0x8000d5f2 (0x00f8a4b3) x 9 0x00000001
core   0: 0x8000d5f6 (0x340079f3) csrrci  s3, mscratch, 0
core   0: 3 0x8000d5f6 (0x340079f3) x19 0x0000000e
core   0: 0x8000d5fa (0xe919e913) ori     s2, s3, -367
core   0: 3 0x8000d5fa (0xe919e913) x18 0xfffffe9f
core   0: 0x8000d5fe (0x0000c29d) c.beqz  a3, pc + 38
core   0: 3 0x8000d5fe (0xc29d)
core   0: 0x8000d600 (0x01411813) slli    a6, sp, 20
core   0: 3 0x8000d600 (0x01411813) x16 0xd2400000
core   0: 0x8000d604 (0xf5a74837) lui     a6, 0xf5a74
core   0: 3 0x8000d604 (0xf5a74837) x16 0xf5a74000
core   0: 0x8000d608 (0x0079fd33) and     s10, s3, t2
core   0: 3 0x8000d608 (0x0079fd33) x26 0x00000006
core   0: 0x8000d60c (0x00008d59) c.or    a0, a4
core   0: 3 0x8000d60c (0x8d59) x10 0x00000000
core   0: 0x8000d60e (0x00008ead) c.xor   a3, a1
core   0: 3 0x8000d60e (0x8ead) x13 0x8000d2c1
core   0: 0x8000d610 (0x03f617b3) mulh    a5, a2, t6
core   0: 3 0x8000d610 (0x03f617b3) x15 0x00000000
core   0: 0x8000d614 (0x00d91493) slli    s1, s2, 13
core   0: 3 0x8000d614 (0x00d91493) x 9 0xffd3e000
core   0: 0x8000d618 (0x0000197d) c.addi  s2, -1
core   0: 3 0x8000d618 (0x197d) x18 0xfffffe9e
core   0: 0x8000d61a (0x03574d33) div     s10, a4, s5
core   0: 3 0x8000d61a (0x03574d33) x26 0x00000000
core   0: 0x8000d61e (0x00000ee6) c.slli  t4, 25
core   0: 3 0x8000d61e (0x0ee6) x29 0x5a000000
core   0: 0x8000d620 (0x03081133) mulh    sp, a6, a6
core   0: 3 0x8000d620 (0x03081133) x 2 0x006b0dc4
core   0: 0x8000d624 (0x02913ab3) mulhu   s5, sp, s1
core   0: 3 0x8000d624 (0x02913ab3) x21 0x006afb50
core   0: 0x8000d628 (0x0780f463) bgeu    ra, s8, pc + 104
core   0: 3 0x8000d628 (0x0780f463)
core   0: 0x8000d62c (0x01e81993) slli    s3, a6, 30
core   0: 3 0x8000d62c (0x01e81993) x19 0x00000000
core   0: 0x8000d630 (0x014a1bb3) sll     s7, s4, s4
core   0: 3 0x8000d630 (0x014a1bb3) x23 0x30198000
core   0: 0x8000d634 (0x00006329) c.lui   t1, 0xa
core   0: 3 0x8000d634 (0x6329) x 6 0x0000a000
core   0: 0x8000d636 (0x0000690d) c.lui   s2, 0x3
core   0: 3 0x8000d636 (0x690d) x18 0x00003000
core   0: 0x8000d638 (0x00004411) c.li    s0, 4
core   0: 3 0x8000d638 (0x4411) x 8 0x00000004
core   0: 0x8000d63a (0x000056f5) c.li    a3, -3
core   0: 3 0x8000d63a (0x56f5) x13 0xfffffffd
core   0: 0x8000d63c (0x0000980a) c.add   a6, sp
core   0: 3 0x8000d63c (0x980a) x16 0xf6124dc4
core   0: 0x8000d63e (0x0000171c) c.addi4spn a5, sp, 928
core   0: 3 0x8000d63e (0x171c) x15 0x006b1164
core   0: 0x8000d640 (0x00001465) c.addi  s0, -7
core   0: 3 0x8000d640 (0x1465) x 8 0xfffffffd
core   0: 0x8000d642 (0x34029df3) csrrw   s11, mscratch, t0
core   0: 3 0x8000d642 (0x34029df3) x27 0x0000000e c832_mscratch 0x80028e74
core   0: 0x8000d646 (0x0000450d) c.li    a0, 3
core   0: 3 0x8000d646 (0x450d) x10 0x00000003
core   0: 0x8000d648 (0x00000001) c.nop
core   0: 3 0x8000d648 (0x0001)
core   0: 0x8000d64a (0xca782f93) slti    t6, a6, -857
core   0: 3 0x8000d64a (0xca782f93) x31 0x00000001
core   0: 0x8000d64e (0x9ac6b8b7) lui     a7, 0x9ac6b
core   0: 3 0x8000d64e (0x9ac6b8b7) x17 0x9ac6b000
core   0: 0x8000d652 (0x002b71b3) and     gp, s6, sp
core   0: 3 0x8000d652 (0x002b71b3) x 3 0x000b0c84
core   0: 0x8000d656 (0x00001575) c.addi  a0, -3
core   0: 3 0x8000d656 (0x1575) x10 0x00000000
core   0: 0x8000d658 (0x000095b6) c.add   a1, a3
core   0: 3 0x8000d658 (0x95b6) x11 0x00000039
core   0: 0x8000d65a (0x340020f3) csrr    ra, mscratch
core   0: 3 0x8000d65a (0x340020f3) x 1 0x80028e74
core   0: 0x8000d65e (0x0000d575) c.beqz  a0, pc - 20
core   0: 3 0x8000d65e (0xd575)
core   0: 0x8000d64a (0xca782f93) slti    t6, a6, -857
core   0: 3 0x8000d64a (0xca782f93) x31 0x00000001
core   0: 0x8000d64e (0x9ac6b8b7) lui     a7, 0x9ac6b
core   0: 3 0x8000d64e (0x9ac6b8b7) x17 0x9ac6b000
core   0: 0x8000d652 (0x002b71b3) and     gp, s6, sp
core   0: 3 0x8000d652 (0x002b71b3) x 3 0x000b0c84
core   0: 0x8000d656 (0x00001575) c.addi  a0, -3
core   0: 3 0x8000d656 (0x1575) x10 0xfffffffd
core   0: 0x8000d658 (0x000095b6) c.add   a1, a3
core   0: 3 0x8000d658 (0x95b6) x11 0x00000036
core   0: 0x8000d65a (0x340020f3) csrr    ra, mscratch
core   0: 3 0x8000d65a (0x340020f3) x 1 0x80028e74
core   0: 0x8000d65e (0x0000d575) c.beqz  a0, pc - 20
core   0: 3 0x8000d65e (0xd575)
core   0: 0x8000d660 (0x02d175b3) remu    a1, sp, a3
core   0: 3 0x8000d660 (0x02d175b3) x11 0x006b0dc4
core   0: 0x8000d664 (0xfcd40de3) beq     s0, a3, pc - 38
core   0: 3 0x8000d664 (0xfcd40de3)
core   0: 0x8000d63e (0x0000171c) c.addi4spn a5, sp, 928
core   0: 3 0x8000d63e (0x171c) x15 0x006b1164
core   0: 0x8000d640 (0x00001465) c.addi  s0, -7
core   0: 3 0x8000d640 (0x1465) x 8 0xfffffff6
core   0: 0x8000d642 (0x34029df3) csrrw   s11, mscratch, t0
core   0: 3 0x8000d642 (0x34029df3) x27 0x80028e74 c832_mscratch 0x80028e74
core   0: 0x8000d646 (0x0000450d) c.li    a0, 3
core   0: 3 0x8000d646 (0x450d) x10 0x00000003
core   0: 0x8000d648 (0x00000001) c.nop
core   0: 3 0x8000d648 (0x0001)
core   0: 0x8000d64a (0xca782f93) slti    t6, a6, -857
core   0: 3 0x8000d64a (0xca782f93) x31 0x00000001
core   0: 0x8000d64e (0x9ac6b8b7) lui     a7, 0x9ac6b
core   0: 3 0x8000d64e (0x9ac6b8b7) x17 0x9ac6b000
core   0: 0x8000d652 (0x002b71b3) and     gp, s6, sp
core   0: 3 0x8000d652 (0x002b71b3) x 3 0x000b0c84
core   0: 0x8000d656 (0x00001575) c.addi  a0, -3
core   0: 3 0x8000d656 (0x1575) x10 0x00000000
core   0: 0x8000d658 (0x000095b6) c.add   a1, a3
core   0: 3 0x8000d658 (0x95b6) x11 0x006b0dc1
core   0: 0x8000d65a (0x340020f3) csrr    ra, mscratch
core   0: 3 0x8000d65a (0x340020f3) x 1 0x80028e74
core   0: 0x8000d65e (0x0000d575) c.beqz  a0, pc - 20
core   0: 3 0x8000d65e (0xd575)
core   0: 0x8000d64a (0xca782f93) slti    t6, a6, -857
core   0: 3 0x8000d64a (0xca782f93) x31 0x00000001
core   0: 0x8000d64e (0x9ac6b8b7) lui     a7, 0x9ac6b
core   0: 3 0x8000d64e (0x9ac6b8b7) x17 0x9ac6b000
core   0: 0x8000d652 (0x002b71b3) and     gp, s6, sp
core   0: 3 0x8000d652 (0x002b71b3) x 3 0x000b0c84
core   0: 0x8000d656 (0x00001575) c.addi  a0, -3
core   0: 3 0x8000d656 (0x1575) x10 0xfffffffd
core   0: 0x8000d658 (0x000095b6) c.add   a1, a3
core   0: 3 0x8000d658 (0x95b6) x11 0x006b0dbe
core   0: 0x8000d65a (0x340020f3) csrr    ra, mscratch
core   0: 3 0x8000d65a (0x340020f3) x 1 0x80028e74
core   0: 0x8000d65e (0x0000d575) c.beqz  a0, pc - 20
core   0: 3 0x8000d65e (0xd575)
core   0: 0x8000d660 (0x02d175b3) remu    a1, sp, a3
core   0: 3 0x8000d660 (0x02d175b3) x11 0x006b0dc4
core   0: 0x8000d664 (0xfcd40de3) beq     s0, a3, pc - 38
core   0: 3 0x8000d664 (0xfcd40de3)
core   0: 0x8000d668 (0x03b17d33) remu    s10, sp, s11
core   0: 3 0x8000d668 (0x03b17d33) x26 0x006b0dc4
core   0: 0x8000d66c (0x1d304937) lui     s2, 0x1d304
core   0: 3 0x8000d66c (0x1d304937) x18 0x1d304000
core   0: 0x8000d670 (0x0342c333) div     t1, t0, s4
core   0: 3 0x8000d670 (0x0342c333) x 6 0xfffffffe
core   0: 0x8000d674 (0x02aa7763) bgeu    s4, a0, pc + 46
core   0: 3 0x8000d674 (0x02aa7763)
core   0: 0x8000d678 (0x00e3f463) bgeu    t2, a4, pc + 8
core   0: 3 0x8000d678 (0x00e3f463)
core   0: 0x8000d680 (0x02e60c63) beq     a2, a4, pc + 56
core   0: 3 0x8000d680 (0x02e60c63)
core   0: 0x8000d6b8 (0x00008005) c.srli  s0, 1
core   0: 3 0x8000d6b8 (0x8005) x 8 0x7ffffffb
core   0: 0x8000d6ba (0xec184193) xori    gp, a6, -319
core   0: 3 0x8000d6ba (0xec184193) x 3 0x09edb305
core   0: 0x8000d6be (0x3404e073) csrsi   mscratch, 9
core   0: 3 0x8000d6be (0x3404e073) c832_mscratch 0x80028e7d
core   0: 0x8000d6c2 (0x00000a84) c.addi4spn s1, sp, 336
core   0: 3 0x8000d6c2 (0x0a84) x 9 0x006b0f14
core   0: 0x8000d6c4 (0x03957e63) bgeu    a0, s9, pc + 60
core   0: 3 0x8000d6c4 (0x03957e63)
core   0: 0x8000d700 (0x0000088d) c.addi  a7, 3
core   0: 3 0x8000d700 (0x088d) x17 0x9ac6b003
core   0: 0x8000d702 (0x00008df9) c.and   a1, a4
core   0: 3 0x8000d702 (0x8df9) x11 0x00000000
core   0: 0x8000d704 (0x00000001) c.nop
core   0: 3 0x8000d704 (0x0001)
core   0: 0x8000d706 (0x05279363) bne     a5, s2, pc + 70
core   0: 3 0x8000d706 (0x05279363)
core   0: 0x8000d74c (0x340cd873) csrrwi  a6, mscratch, 25
core   0: 3 0x8000d74c (0x340cd873) x16 0x80028e7d c832_mscratch 0x00000019
core   0: 0x8000d750 (0x012764b3) or      s1, a4, s2
core   0: 3 0x8000d750 (0x012764b3) x 9 0x1d304000
core   0: 0x8000d754 (0x01b56fb3) or      t6, a0, s11
core   0: 3 0x8000d754 (0x01b56fb3) x31 0xfffffffd
core   0: 0x8000d758 (0x00000001) c.nop
core   0: 3 0x8000d758 (0x0001)
core   0: 0x8000d75a (0x0148e4b3) or      s1, a7, s4
core   0: 3 0x8000d75a (0x0148e4b3) x 9 0xbadfb003
core   0: 0x8000d75e (0x00004189) c.li    gp, 2
core   0: 3 0x8000d75e (0x4189) x 3 0x00000002
core   0: 0x8000d760 (0x019e6563) bltu    t3, s9, pc + 10
core   0: 3 0x8000d760 (0x019e6563)
core   0: 0x8000d764 (0x00819333) sll     t1, gp, s0
core   0: 3 0x8000d764 (0x00819333) x 6 0x10000000
core   0: 0x8000d768 (0x0000899a) c.mv    s3, t1
core   0: 3 0x8000d768 (0x899a) x19 0x10000000
core   0: 0x8000d76a (0x05bd1163) bne     s10, s11, pc + 66
core   0: 3 0x8000d76a (0x05bd1163)
core   0: 0x8000d7ac (0x0108e733) or      a4, a7, a6
core   0: 3 0x8000d7ac (0x0108e733) x14 0x9ac6be7f
core   0: 0x8000d7b0 (0x62eb4f93) xori    t6, s6, 1582
core   0: 3 0x8000d7b0 (0x62eb4f93) x31 0xf99b4a9a
core   0: 0x8000d7b4 (0x00000bc1) c.addi  s7, 16
core   0: 3 0x8000d7b4 (0x0bc1) x23 0x30198010
core   0: 0x8000d7b6 (0x0078b533) sltu    a0, a7, t2
core   0: 3 0x8000d7b6 (0x0078b533) x10 0x00000000
core   0: 0x8000d7ba (0x03fa2eb3) mulhsu  t4, s4, t6
core   0: 3 0x8000d7ba (0x03fa2eb3) x29 0x2ee5faf4
core   0: 0x8000d7be (0x00000762) c.slli  a4, 24
core   0: 3 0x8000d7be (0x0762) x14 0x7f000000
core   0: 0x8000d7c0 (0x00c8fe63) bgeu    a7, a2, pc + 28
core   0: 3 0x8000d7c0 (0x00c8fe63)
core   0: 0x8000d7dc (0x0014c733) xor     a4, s1, ra
core   0: 3 0x8000d7dc (0x0014c733) x14 0x3add3e77
core   0: 0x8000d7e0 (0x4e9d8e13) addi    t3, s11, 1257
core   0: 3 0x8000d7e0 (0x4e9d8e13) x28 0x8002935d
core   0: 0x8000d7e4 (0x02295cb3) divu    s9, s2, sp
core   0: 3 0x8000d7e4 (0x02295cb3) x25 0x00000045
core   0: 0x8000d7e8 (0x2d51a9b7) lui     s3, 0x2d51a
core   0: 3 0x8000d7e8 (0x2d51a9b7) x19 0x2d51a000
core   0: 0x8000d7ec (0x00000bf6) c.slli  s7, 29
core   0: 3 0x8000d7ec (0x0bf6) x23 0x00000000
core   0: 0x8000d7ee (0x033f9733) mulh    a4, t6, s3
core   0: 3 0x8000d7ee (0x033f9733) x14 0xfede4240
core   0: 0x8000d7f2 (0x0000117d) c.addi  sp, -1
core   0: 3 0x8000d7f2 (0x117d) x 2 0x006b0dc3
core   0: 0x8000d7f4 (0x03b336b3) mulhu   a3, t1, s11
core   0: 3 0x8000d7f4 (0x03b336b3) x13 0x080028e7
core   0: 0x8000d7f8 (0x6ba38413) addi    s0, t2, 1722
core   0: 3 0x8000d7f8 (0x6ba38413) x 8 0x000006c0
core   0: 0x8000d7fc (0x6b650813) addi    a6, a0, 1718
core   0: 3 0x8000d7fc (0x6b650813) x16 0x000006b6
core   0: 0x8000d800 (0x03df8133) mul     sp, t6, t4
core   0: 3 0x8000d800 (0x03df8133) x 2 0xf69f7ec8
core   0: 0x8000d804 (0x020cd333) divu    t1, s9, zero
core   0: 3 0x8000d804 (0x020cd333) x 6 0xffffffff
core   0: 0x8000d808 (0x028e4933) div     s2, t3, s0
core   0: 3 0x8000d808 (0x028e4933) x18 0xffed09dd
core   0: 0x8000d80c (0x0269dab3) divu    s5, s3, t1
core   0: 3 0x8000d80c (0x0269dab3) x21 0x00000000
core   0: 0x8000d810 (0x006288b3) add     a7, t0, t1
core   0: 3 0x8000d810 (0x006288b3) x17 0x80028e73
core   0: 0x8000d814 (0x419304b3) sub     s1, t1, s9
core   0: 3 0x8000d814 (0x419304b3) x 9 0xffffffba
core   0: 0x8000d818 (0x008867b3) or      a5, a6, s0
core   0: 3 0x8000d818 (0x008867b3) x15 0x000006f6
core   0: 0x8000d81c (0xd965a137) lui     sp, 0xd965a
core   0: 3 0x8000d81c (0xd965a137) x 2 0xd965a000
core   0: 0x8000d820 (0x0000e69d) c.bnez  a3, pc + 46
core   0: 3 0x8000d820 (0xe69d)
core   0: 0x8000d84e (0x340f1673) csrrw   a2, mscratch, t5
core   0: 3 0x8000d84e (0x340f1673) x12 0x00000019 c832_mscratch 0x8002cd24
core   0: 0x8000d852 (0x01312433) slt     s0, sp, s3
core   0: 3 0x8000d852 (0x01312433) x 8 0x00000001
core   0: 0x8000d856 (0x00006a69) c.lui   s4, 0x1a
core   0: 3 0x8000d856 (0x6a69) x20 0x0001a000
core   0: 0x8000d858 (0x00000001) c.nop
core   0: 3 0x8000d858 (0x0001)
core   0: 0x8000d85a (0x02e36363) bltu    t1, a4, pc + 38
core   0: 3 0x8000d85a (0x02e36363)
core   0: 0x8000d85e (0x00008e01) c.sub   a2, s0
core   0: 3 0x8000d85e (0x8e01) x12 0x00000018
core   0: 0x8000d860 (0x00ac1493) slli    s1, s8, 10
core   0: 3 0x8000d860 (0x00ac1493) x 9 0x38000000
core   0: 0x8000d864 (0x00004d65) c.li    s10, 25
core   0: 3 0x8000d864 (0x4d65) x26 0x00000019
core   0: 0x8000d866 (0x40f4dc33) sra     s8, s1, a5
core   0: 3 0x8000d866 (0x40f4dc33) x24 0x000000e0
core   0: 0x8000d86a (0x0000100f) fence.i
core   0: 3 0x8000d86a (0x0000100f)
core   0: 0x8000d86e (0x01a8d133) srl     sp, a7, s10
core   0: 3 0x8000d86e (0x01a8d133) x 2 0x00000040
core   0: 0x8000d872 (0x00000c51) c.addi  s8, 20
core   0: 3 0x8000d872 (0x0c51) x24 0x000000f4
core   0: 0x8000d874 (0x0288e5b3) rem     a1, a7, s0
core   0: 3 0x8000d874 (0x0288e5b3) x11 0x00000000
core   0: 0x8000d878 (0x0000127d) c.addi  tp, -1
core   0: 3 0x8000d878 (0x127d) x 4 0x32f7bfff
core   0: 0x8000d87a (0x00001500) c.addi4spn s0, sp, 672
core   0: 3 0x8000d87a (0x1500) x 8 0x000002e0
core   0: 0x8000d87c (0x00ce14b3) sll     s1, t3, a2
core   0: 3 0x8000d87c (0x00ce14b3) x 9 0x5d000000
core   0: 0x8000d880 (0x03de4263) blt     t3, t4, pc + 36
core   0: 3 0x8000d880 (0x03de4263)
core   0: 0x8000d8a4 (0x0ff0000f) fence   iorw,iorw
core   0: 3 0x8000d8a4 (0x0ff0000f)
core   0: 0x8000d8a8 (0x53d9c993) xori    s3, s3, 1341
core   0: 3 0x8000d8a8 (0x53d9c993) x19 0x2d51a53d
core   0: 0x8000d8ac (0x03fc66b3) rem     a3, s8, t6
core   0: 3 0x8000d8ac (0x03fc66b3) x13 0x000000f4
core   0: 0x8000d8b0 (0x2b226737) lui     a4, 0x2b226
core   0: 3 0x8000d8b0 (0x2b226737) x14 0x2b226000
core   0: 0x8000d8b4 (0x00000b04) c.addi4spn s1, sp, 400
core   0: 3 0x8000d8b4 (0x0b04) x 9 0x000001d0
core   0: 0x8000d8b6 (0x0000088e) c.slli  a7, 3
core   0: 3 0x8000d8b6 (0x088e) x17 0x00147398
core   0: 0x8000d8b8 (0x0000c49d) c.beqz  s1, pc + 46
core   0: 3 0x8000d8b8 (0xc49d)
core   0: 0x8000d8ba (0x0000cc95) c.beqz  s1, pc + 60
core   0: 3 0x8000d8ba (0xcc95)
core   0: 0x8000d8bc (0x0000616d) c.addi16sp sp, 240
core   0: 3 0x8000d8bc (0x616d) x 2 0x00000130
core   0: 0x8000d8be (0x01b62033) slt     zero, a2, s11
core   0: 3 0x8000d8be (0x01b62033)
core   0: 0x8000d8c2 (0x0000e251) c.bnez  a2, pc + 132
core   0: 3 0x8000d8c2 (0xe251)
core   0: 0x8000d946 (0x01168bb3) add     s7, a3, a7
core   0: 3 0x8000d946 (0x01168bb3) x23 0x0014748c
core   0: 0x8000d94a (0xa8434b93) xori    s7, t1, -1404
core   0: 3 0x8000d94a (0xa8434b93) x23 0x0000057b
core   0: 0x8000d94e (0x01b2aab3) slt     s5, t0, s11
core   0: 3 0x8000d94e (0x01b2aab3) x21 0x00000000
core   0: 0x8000d952 (0x3a863a13) sltiu   s4, a2, 936
core   0: 3 0x8000d952 (0x3a863a13) x20 0x00000001
core   0: 0x8000d956 (0x340edb73) csrrwi  s6, mscratch, 29
core   0: 3 0x8000d956 (0x340edb73) x22 0x8002cd24 c832_mscratch 0x0000001d
core   0: 0x8000d95a (0x024db9b3) mulhu   s3, s11, tp
core   0: 3 0x8000d95a (0x024db9b3) x19 0x197c624b
core   0: 0x8000d95e (0x3404d273) csrrwi  tp, mscratch, 9
core   0: 3 0x8000d95e (0x3404d273) x 4 0x0000001d c832_mscratch 0x00000009
core   0: 0x8000d962 (0x0000100f) fence.i
core   0: 3 0x8000d962 (0x0000100f)
core   0: 0x8000d966 (0x3402e8f3) csrrsi  a7, mscratch, 5
core   0: 3 0x8000d966 (0x3402e8f3) x17 0x00000009 c832_mscratch 0x0000000d
core   0: 0x8000d96a (0x009a8433) add     s0, s5, s1
core   0: 3 0x8000d96a (0x009a8433) x 8 0x000001d0
core   0: 0x8000d96e (0x02f01e33) mulh    t3, zero, a5
core   0: 3 0x8000d96e (0x02f01e33) x28 0x00000000
core   0: 0x8000d972 (0x9402eb93) ori     s7, t0, -1728
core   0: 3 0x8000d972 (0x9402eb93) x23 0xffffff74
core   0: 0x8000d976 (0x021fea33) rem     s4, t6, ra
core   0: 3 0x8000d976 (0x021fea33) x20 0xf99b4a9a
core   0: 0x8000d97a (0x0b6bf463) bgeu    s7, s6, pc + 168
core   0: 3 0x8000d97a (0x0b6bf463)
core   0: 0x8000da22 (0x007a68b3) or      a7, s4, t2
core   0: 3 0x8000da22 (0x007a68b3) x17 0xf99b4a9e
core   0: 0x8000da26 (0x0066eb33) or      s6, a3, t1
core   0: 3 0x8000da26 (0x0066eb33) x22 0xffffffff
core   0: 0x8000da2a (0x011b80b3) add     ra, s7, a7
core   0: 3 0x8000da2a (0x011b80b3) x 1 0xf99b4a12
core   0: 0x8000da2e (0x00008d6d) c.and   a0, a1
core   0: 3 0x8000da2e (0x8d6d) x10 0x00000000
core   0: 0x8000da30 (0x00a7d8b3) srl     a7, a5, a0
core   0: 3 0x8000da30 (0x00a7d8b3) x17 0x000006f6
core   0: 0x8000da34 (0x03588433) mul     s0, a7, s5
core   0: 3 0x8000da34 (0x03588433) x 8 0x00000000
core   0: 0x8000da38 (0x016931b3) sltu    gp, s2, s6
core   0: 3 0x8000da38 (0x016931b3) x 3 0x00000001
core   0: 0x8000da3c (0x340be0f3) csrrsi  ra, mscratch, 23
core   0: 3 0x8000da3c (0x340be0f3) x 1 0x0000000d c832_mscratch 0x0000001f
core   0: 0x8000da40 (0x000098fd) c.andi  s1, -1
core   0: 3 0x8000da40 (0x98fd) x 9 0x000001d0
core   0: 0x8000da42 (0x00153533) sltu    a0, a0, ra
core   0: 3 0x8000da42 (0x00153533) x10 0x00000001
core   0: 0x8000da46 (0x00008f75) c.and   a4, a3
core   0: 3 0x8000da46 (0x8f75) x14 0x00000000
core   0: 0x8000da48 (0x0287ecb3) rem     s9, a5, s0
core   0: 3 0x8000da48 (0x0287ecb3) x25 0x000006f6
core   0: 0x8000da4c (0x03b65263) bge     a2, s11, pc + 36
core   0: 3 0x8000da4c (0x03b65263)
core   0: 0x8000da70 (0x00000001) c.nop
core   0: 3 0x8000da70 (0x0001)
core   0: 0x8000da72 (0x00111663) bne     sp, ra, pc + 12
core   0: 3 0x8000da72 (0x00111663)
core   0: 0x8000da7e (0x4049df93) srai    t6, s3, 4
core   0: 3 0x8000da7e (0x4049df93) x31 0x0197c624
core   0: 0x8000da82 (0x0000975e) c.add   a4, s7
core   0: 3 0x8000da82 (0x975e) x14 0xffffff74
core   0: 0x8000da84 (0x0000855d) c.srai  a0, 23
core   0: 3 0x8000da84 (0x855d) x10 0x00000000
core   0: 0x8000da86 (0x000066e1) c.lui   a3, 0x18
core   0: 3 0x8000da86 (0x66e1) x13 0x00018000
core   0: 0x8000da88 (0x0000157d) c.addi  a0, -1
core   0: 3 0x8000da88 (0x157d) x10 0xffffffff
core   0: 0x8000da8a (0x00bf5ab3) srl     s5, t5, a1
core   0: 3 0x8000da8a (0x00bf5ab3) x21 0x8002cd24
core   0: 0x8000da8e (0x0000808e) c.mv    ra, gp
core   0: 3 0x8000da8e (0x808e) x 1 0x00000001
core   0: 0x8000da90 (0x0081f8b3) and     a7, gp, s0
core   0: 3 0x8000da90 (0x0081f8b3) x17 0x00000000
core   0: 0x8000da94 (0x0336f4b3) remu    s1, a3, s3
core   0: 3 0x8000da94 (0x0336f4b3) x 9 0x00018000
core   0: 0x8000da98 (0x000085a5) c.srai  a1, 9
core   0: 3 0x8000da98 (0x85a5) x11 0x00000000
core   0: 0x8000da9a (0x0000717d) c.addi16sp sp, -16
core   0: 3 0x8000da9a (0x717d) x 2 0x00000120
core   0: 0x8000da9c (0x00000104) c.addi4spn s1, sp, 128
core   0: 3 0x8000da9c (0x0104) x 9 0x000001a0
core   0: 0x8000da9e (0xc7f1cd93) xori    s11, gp, -897
core   0: 3 0x8000da9e (0xc7f1cd93) x27 0xfffffc7e
core   0: 0x8000daa2 (0x34012473) csrrs   s0, mscratch, sp
core   0: 3 0x8000daa2 (0x34012473) x 8 0x0000001f c832_mscratch 0x0000013f
core   0: 0x8000daa6 (0x031b9963) bne     s7, a7, pc + 50
core   0: 3 0x8000daa6 (0x031b9963)
core   0: 0x8000dad8 (0x00006ec5) c.lui   t4, 0x11
core   0: 3 0x8000dad8 (0x6ec5) x29 0x00011000
core   0: 0x8000dada (0x82817cb7) lui     s9, 0x82817
core   0: 3 0x8000dada (0x82817cb7) x25 0x82817000
core   0: 0x8000dade (0x834cb113) sltiu   sp, s9, -1996
core   0: 3 0x8000dade (0x834cb113) x 2 0x00000001
core   0: 0x8000dae2 (0x3402a6f3) csrrs   a3, mscratch, t0
core   0: 3 0x8000dae2 (0x3402a6f3) x13 0x0000013f c832_mscratch 0x80028f7f
core   0: 0x8000dae6 (0x0000c68d) c.beqz  a3, pc + 42
core   0: 3 0x8000dae6 (0xc68d)
core   0: 0x8000dae8 (0x03603e33) mulhu   t3, zero, s6
core   0: 3 0x8000dae8 (0x03603e33) x28 0x00000000
core   0: 0x8000daec (0x00008d4d) c.or    a0, a1
core   0: 3 0x8000daec (0x8d4d) x10 0xffffffff
core   0: 0x8000daee (0x340bdbf3) csrrwi  s7, mscratch, 23
core   0: 3 0x8000daee (0x340bdbf3) x23 0x80028f7f c832_mscratch 0x00000017
core   0: 0x8000daf2 (0x00297433) and     s0, s2, sp
core   0: 3 0x8000daf2 (0x00297433) x 8 0x00000001
core   0: 0x8000daf6 (0x41545613) srai    a2, s0, 21
core   0: 3 0x8000daf6 (0x41545613) x12 0x00000000
core   0: 0x8000dafa (0x00005afd) c.li    s5, -1
core   0: 3 0x8000dafa (0x5afd) x21 0xffffffff
core   0: 0x8000dafc (0x03efa133) mulhsu  sp, t6, t5
core   0: 3 0x8000dafc (0x03efa133) x 2 0x00cbe788
core   0: 0x8000db00 (0x0000810d) c.srli  a0, 3
core   0: 3 0x8000db00 (0x810d) x10 0x1fffffff
core   0: 0x8000db02 (0x0000100f) fence.i
core   0: 3 0x8000db02 (0x0000100f)
core   0: 0x8000db06 (0x00008e7d) c.and   a2, a5
core   0: 3 0x8000db06 (0x8e7d) x12 0x00000000
core   0: 0x8000db08 (0x76fad8b7) lui     a7, 0x76fad
core   0: 3 0x8000db08 (0x76fad8b7) x17 0x76fad000
core   0: 0x8000db0c (0x80910693) addi    a3, sp, -2039
core   0: 3 0x8000db0c (0x80910693) x13 0x00cbdf91
core   0: 0x8000db10 (0x6f018193) addi    gp, gp, 1776
core   0: 3 0x8000db10 (0x6f018193) x 3 0x000006f1
core   0: 0x8000db14 (0x00000c0c) c.addi4spn a1, sp, 528
core   0: 3 0x8000db14 (0x0c0c) x11 0x00cbe998
core   0: 0x8000db16 (0x34002173) csrr    sp, mscratch
core   0: 3 0x8000db16 (0x34002173) x 2 0x00000017
core   0: 0x8000db1a (0x000088f5) c.andi  s1, 29
core   0: 3 0x8000db1a (0x88f5) x 9 0x00000000
core   0: 0x8000db1c (0x40cd0133) sub     sp, s10, a2
core   0: 3 0x8000db1c (0x40cd0133) x 2 0x00000019
core   0: 0x8000db20 (0x2a2fd0b7) lui     ra, 0x2a2fd
core   0: 3 0x8000db20 (0x2a2fd0b7) x 1 0x2a2fd000
core   0: 0x8000db24 (0x3407e4f3) csrrsi  s1, mscratch, 15
core   0: 3 0x8000db24 (0x3407e4f3) x 9 0x00000017 c832_mscratch 0x0000001f
core   0: 0x8000db28 (0x03565db3) divu    s11, a2, s5
core   0: 3 0x8000db28 (0x03565db3) x27 0x00000000
core   0: 0x8000db2c (0x01c8e7b3) or      a5, a7, t3
core   0: 3 0x8000db2c (0x01c8e7b3) x15 0x76fad000
core   0: 0x8000db30 (0x009ba4b3) slt     s1, s7, s1
core   0: 3 0x8000db30 (0x009ba4b3) x 9 0x00000001
core   0: 0x8000db34 (0x01838333) add     t1, t2, s8
core   0: 3 0x8000db34 (0x01838333) x 6 0x000000fa
core   0: 0x8000db38 (0x40445533) sra     a0, s0, tp
core   0: 3 0x8000db38 (0x40445533) x10 0x00000000
core   0: 0x8000db3c (0x340716f3) csrrw   a3, mscratch, a4
core   0: 3 0x8000db3c (0x340716f3) x13 0x0000001f c832_mscratch 0xffffff74
core   0: 0x8000db40 (0x0412c363) blt     t0, ra, pc + 70
core   0: 3 0x8000db40 (0x0412c363)
core   0: 0x8000db86 (0xf7b1a113) slti    sp, gp, -133
core   0: 3 0x8000db86 (0xf7b1a113) x 2 0x00000000
core   0: 0x8000db8a (0x039f81b3) mul     gp, t6, s9
core   0: 3 0x8000db8a (0x039f81b3) x 3 0x86d3c000
core   0: 0x8000db8e (0x4d22f813) andi    a6, t0, 1234
core   0: 3 0x8000db8e (0x4d22f813) x16 0x00000450
core   0: 0x8000db92 (0x0360c233) div     tp, ra, s6
core   0: 3 0x8000db92 (0x0360c233) x 4 0xd5d03000
core   0: 0x8000db96 (0x00016697) auipc   a3, 0x16
core   0: 3 0x8000db96 (0x00016697) x13 0x80023b96
core   0: 0x8000db9a (0x4da68693) addi    a3, a3, 1242
core   0: 3 0x8000db9a (0x4da68693) x13 0x80024070
core   0: 0x8000db9e (0x00008bd6) c.mv    s7, s5
core   0: 3 0x8000db9e (0x8bd6) x23 0xffffffff
core   0: 0x8000dba0 (0xc306a02f) amominu.w zero, a6, (a3)
core   0: 3 0x8000dba0 (0xc306a02f) mem 0x80024070 mem 0x80024070 0x00000450
core   0: 0x8000dba4 (0x0000187d) c.addi  a6, -1
core   0: 3 0x8000dba4 (0x187d) x16 0x0000044f
core   0: 0x8000dba6 (0x34003473) csrrc   s0, mscratch, zero
core   0: 3 0x8000dba6 (0x34003473) x 8 0xffffff74
core   0: 0x8000dbaa (0x0ff0000f) fence   iorw,iorw
core   0: 3 0x8000dbaa (0x0ff0000f)
core   0: 0x8000dbae (0x0058dcb3) srl     s9, a7, t0
core   0: 3 0x8000dbae (0x0058dcb3) x25 0x0000076f
core   0: 0x8000dbb2 (0x0000c0a9) c.beqz  s1, pc + 66
core   0: 3 0x8000dbb2 (0xc0a9)
core   0: 0x8000dbb4 (0x012da1b3) slt     gp, s11, s2
core   0: 3 0x8000dbb4 (0x012da1b3) x 3 0x00000000
core   0: 0x8000dbb8 (0x03a21563) bne     tp, s10, pc + 42
core   0: 3 0x8000dbb8 (0x03a21563)
core   0: 0x8000dbe2 (0x9d31fd93) andi    s11, gp, -1581
core   0: 3 0x8000dbe2 (0x9d31fd93) x27 0x00000000
core   0: 0x8000dbe6 (0x00953033) sltu    zero, a0, s1
core   0: 3 0x8000dbe6 (0x00953033)
core   0: 0x8000dbea (0x00ad6763) bltu    s10, a0, pc + 14
core   0: 3 0x8000dbea (0x00ad6763)
core   0: 0x8000dbee (0x000084e9) c.srai  s1, 26
core   0: 3 0x8000dbee (0x84e9) x 9 0x00000000
core   0: 0x8000dbf0 (0x00008705) c.srai  a4, 1
core   0: 3 0x8000dbf0 (0x8705) x14 0xffffffba
core   0: 0x8000dbf2 (0x0000117d) c.addi  sp, -1
core   0: 3 0x8000dbf2 (0x117d) x 2 0xffffffff
core   0: 0x8000dbf4 (0x000018fd) c.addi  a7, -1
core   0: 3 0x8000dbf4 (0x18fd) x17 0x76facfff
core   0: 0x8000dbf6 (0x0000717d) c.addi16sp sp, -16
core   0: 3 0x8000dbf6 (0x717d) x 2 0xffffffef
core   0: 0x8000dbf8 (0x00008e1d) c.sub   a2, a5
core   0: 3 0x8000dbf8 (0x8e1d) x12 0x89053000
core   0: 0x8000dbfa (0x007a9893) slli    a7, s5, 7
core   0: 3 0x8000dbfa (0x007a9893) x17 0xffffff80
core   0: 0x8000dbfe (0x03679d33) mulh    s10, a5, s6
core   0: 3 0x8000dbfe (0x03679d33) x26 0xffffffff
core   0: 0x8000dc02 (0x0000849e) c.mv    s1, t2
core   0: 3 0x8000dc02 (0x849e) x 9 0x00000006
core   0: 0x8000dc04 (0x035f91b3) mulh    gp, t6, s5
core   0: 3 0x8000dc04 (0x035f91b3) x 3 0xffffffff
core   0: 0x8000dc08 (0x01af7533) and     a0, t5, s10
core   0: 3 0x8000dc08 (0x01af7533) x10 0x8002cd24
core   0: 0x8000dc0c (0x037ea6b3) mulhsu  a3, t4, s7
core   0: 3 0x8000dc0c (0x037ea6b3) x13 0x00010fff
core   0: 0x8000dc10 (0x00008c65) c.and   s0, s1
core   0: 3 0x8000dc10 (0x8c65) x 8 0x00000004
core   0: 0x8000dc12 (0x00d4eab3) or      s5, s1, a3
core   0: 3 0x8000dc12 (0x00d4eab3) x21 0x00010fff
core   0: 0x8000dc16 (0x340024f3) csrr    s1, mscratch
core   0: 3 0x8000dc16 (0x340024f3) x 9 0xffffff74
core   0: 0x8000dc1a (0x0ff0000f) fence   iorw,iorw
core   0: 3 0x8000dc1a (0x0ff0000f)
core   0: 0x8000dc1e (0x407cda93) srai    s5, s9, 7
core   0: 3 0x8000dc1e (0x407cda93) x21 0x0000000e
core   0: 0x8000dc22 (0x03799133) mulh    sp, s3, s7
core   0: 3 0x8000dc22 (0x03799133) x 2 0xffffffff
core   0: 0x8000dc26 (0x0000c121) c.beqz  a0, pc + 64
core   0: 3 0x8000dc26 (0xc121)
core   0: 0x8000dc28 (0x00a17663) bgeu    sp, a0, pc + 12
core   0: 3 0x8000dc28 (0x00a17663)
core   0: 0x8000dc34 (0x34002273) csrr    tp, mscratch
core   0: 3 0x8000dc34 (0x34002273) x 4 0xffffff74
core   0: 0x8000dc38 (0x019cdb93) srli    s7, s9, 25
core   0: 3 0x8000dc38 (0x019cdb93) x23 0x00000000
core   0: 0x8000dc3c (0x41a6d433) sra     s0, a3, s10
core   0: 3 0x8000dc3c (0x41a6d433) x 8 0x00000000
core   0: 0x8000dc40 (0x00008fd5) c.or    a5, a3
core   0: 3 0x8000dc40 (0x8fd5) x15 0x76fbdfff
core   0: 0x8000dc42 (0x033de433) rem     s0, s11, s3
core   0: 3 0x8000dc42 (0x033de433) x 8 0x00000000
core   0: 0x8000dc46 (0x00005b7d) c.li    s6, -1
core   0: 3 0x8000dc46 (0x5b7d) x22 0xffffffff
core   0: 0x8000dc48 (0x038b7763) bgeu    s6, s8, pc + 46
core   0: 3 0x8000dc48 (0x038b7763)
core   0: 0x8000dc76 (0x40105b93) srai    s7, zero, 1
core   0: 3 0x8000dc76 (0x40105b93) x23 0x00000000
core   0: 0x8000dc7a (0x025d0fb3) mul     t6, s10, t0
core   0: 3 0x8000dc7a (0x025d0fb3) x31 0x7ffd718c
core   0: 0x8000dc7e (0x030b8063) beq     s7, a6, pc + 32
core   0: 3 0x8000dc7e (0x030b8063)
core   0: 0x8000dc82 (0x00008eea) c.mv    t4, s10
core   0: 3 0x8000dc82 (0x8eea) x29 0xffffffff
core   0: 0x8000dc84 (0x04ac9063) bne     s9, a0, pc + 64
core   0: 3 0x8000dc84 (0x04ac9063)
core   0: 0x8000dcc4 (0x34006773) csrrsi  a4, mscratch, 0
core   0: 3 0x8000dcc4 (0x34006773) x14 0xffffff74
core   0: 0x8000dcc8 (0x03c59363) bne     a1, t3, pc + 38
core   0: 3 0x8000dcc8 (0x03c59363)
core   0: 0x8000dcee (0x02eafa33) remu    s4, s5, a4
core   0: 3 0x8000dcee (0x02eafa33) x20 0x0000000e
core   0: 0x8000dcf2 (0x340ae173) csrrsi  sp, mscratch, 21
core   0: 3 0x8000dcf2 (0x340ae173) x 2 0xffffff74 c832_mscratch 0xffffff75
core   0: 0x8000dcf6 (0x00008a62) c.mv    s4, s8
core   0: 3 0x8000dcf6 (0x8a62) x20 0x000000f4
core   0: 0x8000dcf8 (0x4164de33) sra     t3, s1, s6
core   0: 3 0x8000dcf8 (0x4164de33) x28 0xffffffff
core   0: 0x8000dcfc (0xc7336813) ori     a6, t1, -909
core   0: 3 0x8000dcfc (0xc7336813) x16 0xfffffcfb
core   0: 0x8000dd00 (0x000080d1) c.srli  s1, 20
core   0: 3 0x8000dd00 (0x80d1) x 9 0x00000fff
core   0: 0x8000dd02 (0xb693d717) auipc   a4, 0xb693d
core   0: 3 0x8000dd02 (0xb693d717) x14 0x3694ad02
core   0: 0x8000dd06 (0x0258beb3) mulhu   t4, a7, t0
core   0: 3 0x8000dd06 (0x0258beb3) x29 0x80028e33
core   0: 0x8000dd0a (0x00000001) c.nop
core   0: 3 0x8000dd0a (0x0001)
core   0: 0x8000dd0c (0x00008c86) c.mv    s9, ra
core   0: 3 0x8000dd0c (0x8c86) x25 0x2a2fd000
core   0: 0x8000dd0e (0x00c060b3) or      ra, zero, a2
core   0: 3 0x8000dd0e (0x00c060b3) x 1 0x89053000
core   0: 0x8000dd12 (0x03f8abb3) mulhsu  s7, a7, t6
core   0: 3 0x8000dd12 (0x03f8abb3) x23 0xffffffc0
core   0: 0x8000dd16 (0x003d5313) srli    t1, s10, 3
core   0: 3 0x8000dd16 (0x003d5313) x 6 0x1fffffff
core   0: 0x8000dd1a (0x34002cf3) csrr    s9, mscratch
core   0: 3 0x8000dd1a (0x34002cf3) x25 0xffffff75
core   0: 0x8000dd1e (0x0267c8b3) div     a7, a5, t1
core   0: 3 0x8000dd1e (0x0267c8b3) x17 0x00000003
core   0: 0x8000dd22 (0x84dab813) sltiu   a6, s5, -1971
core   0: 3 0x8000dd22 (0x84dab813) x16 0x00000001
core   0: 0x8000dd26 (0x01c6e633) or      a2, a3, t3
core   0: 3 0x8000dd26 (0x01c6e633) x12 0xffffffff
core   0: 0x8000dd2a (0x011fec33) or      s8, t6, a7
core   0: 3 0x8000dd2a (0x011fec33) x24 0x7ffd718f
core   0: 0x8000dd2e (0x01f6c133) xor     sp, a3, t6
core   0: 3 0x8000dd2e (0x01f6c133) x 2 0x7ffc7e73
core   0: 0x8000dd32 (0x00008e35) c.xor   a2, a3
core   0: 3 0x8000dd32 (0x8e35) x12 0xfffef000
core   0: 0x8000dd34 (0x000058fd) c.li    a7, -1
core   0: 3 0x8000dd34 (0x58fd) x17 0xffffffff
core   0: 0x8000dd36 (0x34006ef3) csrrsi  t4, mscratch, 0
core   0: 3 0x8000dd36 (0x34006ef3) x29 0xffffff75
core   0: 0x8000dd3a (0x00001afd) c.addi  s5, -1
core   0: 3 0x8000dd3a (0x1afd) x21 0x0000000d
core   0: 0x8000dd3c (0x00b0bc33) sltu    s8, ra, a1
core   0: 3 0x8000dd3c (0x00b0bc33) x24 0x00000000
core   0: 0x8000dd40 (0x0000665d) c.lui   a2, 0x17
core   0: 3 0x8000dd40 (0x665d) x12 0x00017000
core   0: 0x8000dd42 (0x34007573) csrrci  a0, mscratch, 0
core   0: 3 0x8000dd42 (0x34007573) x10 0xffffff75
core   0: 0x8000dd46 (0x0000991a) c.add   s2, t1
core   0: 3 0x8000dd46 (0x991a) x18 0x1fed09dc
core   0: 0x8000dd48 (0x03fb75b3) remu    a1, s6, t6
core   0: 3 0x8000dd48 (0x03fb75b3) x11 0x00051ce7
core   0: 0x8000dd4c (0xc11ad617) auipc   a2, 0xc11ad
core   0: 3 0x8000dd4c (0xc11ad617) x12 0x411bad4c
core   0: 0x8000dd50 (0x007b6ab3) or      s5, s6, t2
core   0: 3 0x8000dd50 (0x007b6ab3) x21 0xffffffff
core   0: 0x8000dd54 (0x34002173) csrr    sp, mscratch
core   0: 3 0x8000dd54 (0x34002173) x 2 0xffffff75
core   0: 0x8000dd58 (0x0000917a) c.add   sp, t5
core   0: 3 0x8000dd58 (0x917a) x 2 0x8002cc99
core   0: 0x8000dd5a (0x0000c01d) c.beqz  s0, pc + 38
core   0: 3 0x8000dd5a (0xc01d)
core   0: 0x8000dd80 (0x0000717d) c.addi16sp sp, -16
core   0: 3 0x8000dd80 (0x717d) x 2 0x8002cc89
core   0: 0x8000dd82 (0x000099fd) c.andi  a1, -1
core   0: 3 0x8000dd82 (0x99fd) x11 0x00051ce7
core   0: 0x8000dd84 (0x00008f31) c.xor   a4, a2
core   0: 3 0x8000dd84 (0x8f31) x14 0x778f004e
core   0: 0x8000dd86 (0x000082a9) c.srli  a3, 10
core   0: 3 0x8000dd86 (0x82a9) x13 0x00000043
core   0: 0x8000dd88 (0x032ddb63) bge     s11, s2, pc + 54
core   0: 3 0x8000dd88 (0x032ddb63)
core   0: 0x8000dd8c (0x02396ab3) rem     s5, s2, gp
core   0: 3 0x8000dd8c (0x02396ab3) x21 0x00000000
core   0: 0x8000dd90 (0x033d1e33) mulh    t3, s10, s3
core   0: 3 0x8000dd90 (0x033d1e33) x28 0xffffffff
core   0: 0x8000dd94 (0x3402dff3) csrrwi  t6, mscratch, 5
core   0: 3 0x8000dd94 (0x3402dff3) x31 0xffffff75 c832_mscratch 0x00000005
core   0: 0x8000dd98 (0x34066cf3) csrrsi  s9, mscratch, 12
core   0: 3 0x8000dd98 (0x34066cf3) x25 0x00000005 c832_mscratch 0x0000000d
core   0: 0x8000dd9c (0x3403b473) csrrc   s0, mscratch, t2
core   0: 3 0x8000dd9c (0x3403b473) x 8 0x0000000d c832_mscratch 0x00000009
core   0: 0x8000dda0 (0x01a55593) srli    a1, a0, 26
core   0: 3 0x8000dda0 (0x01a55593) x11 0x0000003f
core   0: 0x8000dda4 (0x03fde8b3) rem     a7, s11, t6
core   0: 3 0x8000dda4 (0x03fde8b3) x17 0x00000000
core   0: 0x8000dda8 (0x47514c13) xori    s8, sp, 1141
core   0: 3 0x8000dda8 (0x47514c13) x24 0x8002c8fc
core   0: 0x8000ddac (0x5ecea693) slti    a3, t4, 1516
core   0: 3 0x8000ddac (0x5ecea693) x13 0x00000001
core   0: 0x8000ddb0 (0x1e66be13) sltiu   t3, a3, 486
core   0: 3 0x8000ddb0 (0x1e66be13) x28 0x00000001
core   0: 0x8000ddb4 (0x00008f85) c.sub   a5, s1
core   0: 3 0x8000ddb4 (0x8f85) x15 0x76fbd000
core   0: 0x8000ddb6 (0x02be3933) mulhu   s2, t3, a1
core   0: 3 0x8000ddb6 (0x02be3933) x18 0x00000000
core   0: 0x8000ddba (0x34002373) csrr    t1, mscratch
core   0: 3 0x8000ddba (0x34002373) x 6 0x00000009
core   0: 0x8000ddbe (0x003b9613) slli    a2, s7, 3
core   0: 3 0x8000ddbe (0x003b9613) x12 0xfffffe00
core   0: 0x8000ddc2 (0x0000e2a1) c.bnez  a3, pc + 64
core   0: 3 0x8000ddc2 (0xe2a1)
core   0: 0x8000de02 (0x013e9713) slli    a4, t4, 19
core   0: 3 0x8000de02 (0x013e9713) x14 0xfba80000
core   0: 0x8000de06 (0x41b75013) srai    zero, a4, 27
core   0: 3 0x8000de06 (0x41b75013)
core   0: 0x8000de0a (0x00008fc9) c.or    a5, a0
core   0: 3 0x8000de0a (0x8fc9) x15 0xffffff75
core   0: 0x8000de0c (0x000007c2) c.slli  a5, 16
core   0: 3 0x8000de0c (0x07c2) x15 0xff750000
core   0: 0x8000de0e (0x0000c105) c.beqz  a0, pc + 32
core   0: 3 0x8000de0e (0xc105)
core   0: 0x8000de10 (0x02e13533) mulhu   a0, sp, a4
core   0: 3 0x8000de10 (0x02e13533) x10 0x7dd6c060
core   0: 0x8000de14 (0x03b01433) mulh    s0, zero, s11
core   0: 3 0x8000de14 (0x03b01433) x 8 0x00000000
core   0: 0x8000de18 (0x00264b63) blt     a2, sp, pc + 22
core   0: 3 0x8000de18 (0x00264b63)
core   0: 0x8000de1c (0x00008cb1) c.xor   s1, a2
core   0: 3 0x8000de1c (0x8cb1) x 9 0xfffff1ff
core   0: 0x8000de1e (0x34003273) csrrc   tp, mscratch, zero
core   0: 3 0x8000de1e (0x34003273) x 4 0x00000009
core   0: 0x8000de22 (0x00000312) c.slli  t1, 4
core   0: 3 0x8000de22 (0x0312) x 6 0x00000090
core   0: 0x8000de24 (0x0197a7b3) slt     a5, a5, s9
core   0: 3 0x8000de24 (0x0197a7b3) x15 0x00000001
core   0: 0x8000de28 (0x027b30b3) mulhu   ra, s6, t2
core   0: 3 0x8000de28 (0x027b30b3) x 1 0x00000005
core   0: 0x8000de2c (0x0000c3b9) c.beqz  a5, pc + 70
core   0: 3 0x8000de2c (0xc3b9)
core   0: 0x8000de2e (0x00006849) c.lui   a6, 0x12
core   0: 3 0x8000de2e (0x6849) x16 0x00012000
core   0: 0x8000de30 (0x013886b3) add     a3, a7, s3
core   0: 3 0x8000de30 (0x013886b3) x13 0x197c624b
core   0: 0x8000de34 (0x472bea13) ori     s4, s7, 1138
core   0: 3 0x8000de34 (0x472bea13) x20 0xfffffff2
core   0: 0x8000de38 (0x0000067a) c.slli  a2, 30
core   0: 3 0x8000de38 (0x067a) x12 0x00000000
core   0: 0x8000de3a (0x03a32533) mulhsu  a0, t1, s10
core   0: 3 0x8000de3a (0x03a32533) x10 0x0000008f
core   0: 0x8000de3e (0x0000100f) fence.i
core   0: 3 0x8000de3e (0x0000100f)
core   0: 0x8000de42 (0x0036d793) srli    a5, a3, 3
core   0: 3 0x8000de42 (0x0036d793) x15 0x032f8c49
core   0: 0x8000de46 (0x003d9ab3) sll     s5, s11, gp
core   0: 3 0x8000de46 (0x003d9ab3) x21 0x00000000
core   0: 0x8000de4a (0x00349813) slli    a6, s1, 3
core   0: 3 0x8000de4a (0x00349813) x16 0xffff8ff8
core   0: 0x8000de4e (0x00008b0e) c.mv    s6, gp
core   0: 3 0x8000de4e (0x8b0e) x22 0xffffffff
core   0: 0x8000de50 (0x0183bdb3) sltu    s11, t2, s8
core   0: 3 0x8000de50 (0x0183bdb3) x27 0x00000001
core   0: 0x8000de54 (0x0000e905) c.bnez  a0, pc + 48
core   0: 3 0x8000de54 (0xe905)
core   0: 0x8000de84 (0x6e15a813) slti    a6, a1, 1761
core   0: 3 0x8000de84 (0x6e15a813) x16 0x00000001
core   0: 0x8000de88 (0x021044b3) div     s1, zero, ra
core   0: 3 0x8000de88 (0x021044b3) x 9 0x00000000
core   0: 0x8000de8c (0x00008f59) c.or    a4, a4
core   0: 3 0x8000de8c (0x8f59) x14 0xfba80000
core   0: 0x8000de8e (0x340928f3) csrrs   a7, mscratch, s2
core   0: 3 0x8000de8e (0x340928f3) x17 0x00000009 c832_mscratch 0x00000009
core   0: 0x8000de92 (0x02d65db3) divu    s11, a2, a3
core   0: 3 0x8000de92 (0x02d65db3) x27 0x00000000
core   0: 0x8000de96 (0x01a469b3) or      s3, s0, s10
core   0: 3 0x8000de96 (0x01a469b3) x19 0xffffffff
core   0: 0x8000de9a (0x00498363) beq     s3, tp, pc + 6
core   0: 3 0x8000de9a (0x00498363)
core   0: 0x8000de9e (0x00008d99) c.sub   a1, a4
core   0: 3 0x8000de9e (0x8d99) x11 0x0458003f
core   0: 0x8000dea0 (0x00009bfd) c.andi  a5, -1
core   0: 3 0x8000dea0 (0x9bfd) x15 0x032f8c49
core   0: 0x8000dea2 (0x00000001) c.nop
core   0: 3 0x8000dea2 (0x0001)
core   0: 0x8000dea4 (0x00008d21) c.xor   a0, s0
core   0: 3 0x8000dea4 (0x8d21) x10 0x0000008f
core   0: 0x8000dea6 (0x00001604) c.addi4spn s1, sp, 800
core   0: 3 0x8000dea6 (0x1604) x 9 0x8002cfa9
core   0: 0x8000dea8 (0x01e58d63) beq     a1, t5, pc + 26
core   0: 3 0x8000dea8 (0x01e58d63)
core   0: 0x8000deac (0x02c99233) mulh    tp, s3, a2
core   0: 3 0x8000deac (0x02c99233) x 4 0x00000000
core   0: 0x8000deb0 (0x036cf4b3) remu    s1, s9, s6
core   0: 3 0x8000deb0 (0x036cf4b3) x 9 0x00000005
core   0: 0x8000deb4 (0x34097873) csrrci  a6, mscratch, 18
core   0: 3 0x8000deb4 (0x34097873) x16 0x00000009 c832_mscratch 0x00000009
core   0: 0x8000deb8 (0x00b39d33) sll     s10, t2, a1
core   0: 3 0x8000deb8 (0x00b39d33) x26 0x00000000
core   0: 0x8000debc (0x00000001) c.nop
core   0: 3 0x8000debc (0x0001)
core   0: 0x8000debe (0x01bb1f93) slli    t6, s6, 27
core   0: 3 0x8000debe (0x01bb1f93) x31 0xf8000000
core   0: 0x8000dec2 (0x03c9e8b3) rem     a7, s3, t3
core   0: 3 0x8000dec2 (0x03c9e8b3) x17 0x00000000
core   0: 0x8000dec6 (0xe3ca6993) ori     s3, s4, -452
core   0: 3 0x8000dec6 (0xe3ca6993) x19 0xfffffffe
core   0: 0x8000deca (0x00006105) c.addi16sp sp, 32
core   0: 3 0x8000deca (0x6105) x 2 0x8002cca9
core   0: 0x8000decc (0x00016217) auipc   tp, 0x16
core   0: 3 0x8000decc (0x00016217) x 4 0x80023ecc
core   0: 0x8000ded0 (0x18c20213) addi    tp, tp, 396
core   0: 3 0x8000ded0 (0x18c20213) x 4 0x80024058
core   0: 0x8000ded4 (0x00016897) auipc   a7, 0x16
core   0: 3 0x8000ded4 (0x00016897) x17 0x80023ed4
core   0: 0x8000ded8 (0x17488893) addi    a7, a7, 372
core   0: 3 0x8000ded8 (0x17488893) x17 0x80024048
core   0: 0x8000dedc (0x8538a5af) amomin.w a1, s3, (a7)
core   0: 3 0x8000dedc (0x8538a5af) x11 0x00000006 mem 0x80024048 mem 0x80024048 0xfffffffe
core   0: 0x8000dee0 (0xe3c8a72f) amomaxu.w a4, t3, (a7)
core   0: 3 0x8000dee0 (0xe3c8a72f) x14 0xfffffffe mem 0x80024048 mem 0x80024048 0xfffffffe
core   0: 0x8000dee4 (0x458224af) amoor.w s1, s8, (tp)
core   0: 3 0x8000dee4 (0x458224af) x 9 0xffffff84 mem 0x80024058 mem 0x80024058 0xfffffffc
core   0: 0x8000dee8 (0x005feab3) or      s5, t6, t0
core   0: 3 0x8000dee8 (0x005feab3) x21 0xf8028e74
core   0: 0x8000deec (0x03eefcb3) remu    s9, t4, t5
core   0: 3 0x8000deec (0x03eefcb3) x25 0x7ffd3251
core   0: 0x8000def0 (0x000757b3) srl     a5, a4, zero
core   0: 3 0x8000def0 (0x000757b3) x15 0xfffffffe
core   0: 0x8000def4 (0xa018abaf) amomax.w s7, ra, (a7)
core   0: 3 0x8000def4 (0xa018abaf) x23 0xfffffffe mem 0x80024048 mem 0x80024048 0x00000005
core   0: 0x8000def8 (0x340f1473) csrrw   s0, mscratch, t5
core   0: 3 0x8000def8 (0x340f1473) x 8 0x00000009 c832_mscratch 0x8002cd24
core   0: 0x8000defc (0x41b8abaf) amoor.w s7, s11, (a7)
core   0: 3 0x8000defc (0x41b8abaf) x23 0x00000005 mem 0x80024048 mem 0x80024048 0x00000005
core   0: 0x8000df00 (0x00e0ce33) xor     t3, ra, a4
core   0: 3 0x8000df00 (0x00e0ce33) x28 0xfffffffb
core   0: 0x8000df04 (0x007ede63) bge     t4, t2, pc + 28
core   0: 3 0x8000df04 (0x007ede63)
core   0: 0x8000df08 (0x03877533) remu    a0, a4, s8
core   0: 3 0x8000df08 (0x03877533) x10 0x7ffd3702
core   0: 0x8000df0c (0x01446ab3) or      s5, s0, s4
core   0: 3 0x8000df0c (0x01446ab3) x21 0xfffffffb
core   0: 0x8000df10 (0xa46cd237) lui     tp, 0xa46cd
core   0: 3 0x8000df10 (0xa46cd237) x 4 0xa46cd000
core   0: 0x8000df14 (0x01c14c33) xor     s8, sp, t3
core   0: 3 0x8000df14 (0x01c14c33) x24 0x7ffd3352
core   0: 0x8000df18 (0x00001e7d) c.addi  t3, -1
core   0: 3 0x8000df18 (0x1e7d) x28 0xfffffffa
core   0: 0x8000df1a (0x08efa093) slti    ra, t6, 142
core   0: 3 0x8000df1a (0x08efa093) x 1 0x00000001
core   0: 0x8000df1e (0x00008e05) c.sub   a2, s1
core   0: 3 0x8000df1e (0x8e05) x12 0x0000007c
core   0: 0x8000df20 (0x029e1933) mulh    s2, t3, s1
core   0: 3 0x8000df20 (0x029e1933) x18 0x00000000
core   0: 0x8000df24 (0x340cdbf3) csrrwi  s7, mscratch, 25
core   0: 3 0x8000df24 (0x340cdbf3) x23 0x8002cd24 c832_mscratch 0x00000019
core   0: 0x8000df28 (0x00006135) c.addi16sp sp, 352
core   0: 3 0x8000df28 (0x6135) x 2 0x8002ce09
core   0: 0x8000df2a (0x02309c63) bne     ra, gp, pc + 56
core   0: 3 0x8000df2a (0x02309c63)
core   0: 0x8000df62 (0x00c851b3) srl     gp, a6, a2
core   0: 3 0x8000df62 (0x00c851b3) x 3 0x00000000
core   0: 0x8000df66 (0x03e6fb33) remu    s6, a3, t5
core   0: 3 0x8000df66 (0x03e6fb33) x22 0x197c624b
core   0: 0x8000df6a (0x00001910) c.addi4spn a2, sp, 176
core   0: 3 0x8000df6a (0x1910) x12 0x8002ceb9
core   0: 0x8000df6c (0x0000c7a1) c.beqz  a5, pc + 72
core   0: 3 0x8000df6c (0xc7a1)
core   0: 0x8000df6e (0x030467b3) rem     a5, s0, a6
core   0: 3 0x8000df6e (0x030467b3) x15 0x00000000
core   0: 0x8000df72 (0xc3928513) addi    a0, t0, -967
core   0: 3 0x8000df72 (0xc3928513) x10 0x80028aad
core   0: 0x8000df76 (0x01495cb3) srl     s9, s2, s4
core   0: 3 0x8000df76 (0x01495cb3) x25 0x00000000
core   0: 0x8000df7a (0xf71df497) auipc   s1, 0xf71df
core   0: 3 0x8000df7a (0xf71df497) x 9 0x771ecf7a
core   0: 0x8000df7e (0x6a5d7493) andi    s1, s10, 1701
core   0: 3 0x8000df7e (0x6a5d7493) x 9 0x00000000
core   0: 0x8000df82 (0x0130fd33) and     s10, ra, s3
core   0: 3 0x8000df82 (0x0130fd33) x26 0x00000000
core   0: 0x8000df86 (0x00008e01) c.sub   a2, s0
core   0: 3 0x8000df86 (0x8e01) x12 0x8002ceb0
core   0: 0x8000df88 (0x0044b9b3) sltu    s3, s1, tp
core   0: 3 0x8000df88 (0x0044b9b3) x19 0x00000001
core   0: 0x8000df8c (0x00008c99) c.sub   s1, a4
core   0: 3 0x8000df8c (0x8c99) x 9 0x00000002
core   0: 0x8000df8e (0x40560bb3) sub     s7, a2, t0
core   0: 3 0x8000df8e (0x40560bb3) x23 0x0000403c
core   0: 0x8000df92 (0x00009522) c.add   a0, s0
core   0: 3 0x8000df92 (0x9522) x10 0x80028ab6
core   0: 0x8000df94 (0x34002073) csrr    zero, mscratch
core   0: 3 0x8000df94 (0x34002073)
core   0: 0x8000df98 (0x899a7c13) andi    s8, s4, -1895
core   0: 3 0x8000df98 (0x899a7c13) x24 0xfffff890
core   0: 0x8000df9c (0x4029d913) srai    s2, s3, 2
core   0: 3 0x8000df9c (0x4029d913) x18 0x00000000
core   0: 0x8000dfa0 (0x82d3f437) lui     s0, 0x82d3f
core   0: 3 0x8000dfa0 (0x82d3f437) x 8 0x82d3f000
core   0: 0x8000dfa4 (0x340b6173) csrrsi  sp, mscratch, 22
core   0: 3 0x8000dfa4 (0x340b6173) x 2 0x00000019 c832_mscratch 0x0000001f
core   0: 0x8000dfa8 (0x340ba0f3) csrrs   ra, mscratch, s7
core   0: 3 0x8000dfa8 (0x340ba0f3) x 1 0x0000001f c832_mscratch 0x0000403f
core   0: 0x8000dfac (0x01d7e6b3) or      a3, a5, t4
core   0: 3 0x8000dfac (0x01d7e6b3) x13 0xffffff75
core   0: 0x8000dfb0 (0xe08a4413) xori    s0, s4, -504
core   0: 3 0x8000dfb0 (0xe08a4413) x 8 0x000001fa
core   0: 0x8000dfb4 (0x340317f3) csrrw   a5, mscratch, t1
core   0: 3 0x8000dfb4 (0x340317f3) x15 0x0000403f c832_mscratch 0x00000090
core   0: 0x8000dfb8 (0x0000c1a1) c.beqz  a1, pc + 64
core   0: 3 0x8000dfb8 (0xc1a1)
core   0: 0x8000dfba (0x41685b93) srai    s7, a6, 22
core   0: 3 0x8000dfba (0x41685b93) x23 0x00000000
core   0: 0x8000dfbe (0x0000717d) c.addi16sp sp, -16
core   0: 3 0x8000dfbe (0x717d) x 2 0x00000009
core   0: 0x8000dfc0 (0xe185a093) slti    ra, a1, -488
core   0: 3 0x8000dfc0 (0xe185a093) x 1 0x00000000
core   0: 0x8000dfc4 (0xe9fa0e13) addi    t3, s4, -353
core   0: 3 0x8000dfc4 (0xe9fa0e13) x28 0xfffffe91
core   0: 0x8000dfc8 (0x00009892) c.add   a7, tp
core   0: 3 0x8000dfc8 (0x9892) x17 0x246f1048
core   0: 0x8000dfca (0x340e1273) csrrw   tp, mscratch, t3
core   0: 3 0x8000dfca (0x340e1273) x 4 0x00000090 c832_mscratch 0xfffffe91
core   0: 0x8000dfce (0x34003573) csrrc   a0, mscratch, zero
core   0: 3 0x8000dfce (0x34003573) x10 0xfffffe91
core   0: 0x8000dfd2 (0x00014f63) bltz    sp, pc + 30
core   0: 3 0x8000dfd2 (0x00014f63)
core   0: 0x8000dfd6 (0x02e3db33) divu    s6, t2, a4
core   0: 3 0x8000dfd6 (0x02e3db33) x22 0x00000000
core   0: 0x8000dfda (0x01135313) srli    t1, t1, 17
core   0: 3 0x8000dfda (0x01135313) x 6 0x00000000
core   0: 0x8000dfde (0x006a56b3) srl     a3, s4, t1
core   0: 3 0x8000dfde (0x006a56b3) x13 0xfffffff2
core   0: 0x8000dfe2 (0x86f7e193) ori     gp, a5, -1937
core   0: 3 0x8000dfe2 (0x86f7e193) x 3 0xfffff87f
core   0: 0x8000dfe6 (0x02e439b3) mulhu   s3, s0, a4
core   0: 3 0x8000dfe6 (0x02e439b3) x19 0x000001f9
core   0: 0x8000dfea (0x03c03c33) mulhu   s8, zero, t3
core   0: 3 0x8000dfea (0x03c03c33) x24 0x00000000
core   0: 0x8000dfee (0x0000059e) c.slli  a1, 7
core   0: 3 0x8000dfee (0x059e) x11 0x00000300
core   0: 0x8000dff0 (0x340dd8f3) csrrwi  a7, mscratch, 27
core   0: 3 0x8000dff0 (0x340dd8f3) x17 0xfffffe91 c832_mscratch 0x0000001b
core   0: 0x8000dff4 (0x01b288b3) add     a7, t0, s11
core   0: 3 0x8000dff4 (0x01b288b3) x17 0x80028e74
core   0: 0x8000dff8 (0x02338e63) beq     t2, gp, pc + 60
core   0: 3 0x8000dff8 (0x02338e63)
core   0: 0x8000dffc (0x0ff0000f) fence   iorw,iorw
core   0: 3 0x8000dffc (0x0ff0000f)
core   0: 0x8000e000 (0x0000996e) c.add   s2, s11
core   0: 3 0x8000e000 (0x996e) x18 0x00000000
core   0: 0x8000e002 (0x0012dfb3) srl     t6, t0, ra
core   0: 3 0x8000e002 (0x0012dfb3) x31 0x80028e74
core   0: 0x8000e006 (0x01c160b3) or      ra, sp, t3
core   0: 3 0x8000e006 (0x01c160b3) x 1 0xfffffe99
core   0: 0x8000e00a (0x01b39913) slli    s2, t2, 27
core   0: 3 0x8000e00a (0x01b39913) x18 0x30000000
core   0: 0x8000e00e (0x40800733) sub     a4, zero, s0
core   0: 3 0x8000e00e (0x40800733) x14 0xfffffe06
core   0: 0x8000e012 (0x00000a90) c.addi4spn a2, sp, 336
core   0: 3 0x8000e012 (0x0a90) x12 0x00000159
core   0: 0x8000e014 (0xfe518d13) addi    s10, gp, -27
core   0: 3 0x8000e014 (0xfe518d13) x26 0xfffff864
core   0: 0x8000e018 (0x01e14033) xor     zero, sp, t5
core   0: 3 0x8000e018 (0x01e14033)
core   0: 0x8000e01c (0x00008de9) c.and   a1, a0
core   0: 3 0x8000e01c (0x8de9) x11 0x00000200
core   0: 0x8000e01e (0x00000ea1) c.addi  t4, 8
core   0: 3 0x8000e01e (0x0ea1) x29 0xffffff7d
core   0: 0x8000e020 (0x0203d4b3) divu    s1, t2, zero
core   0: 3 0x8000e020 (0x0203d4b3) x 9 0xffffffff
core   0: 0x8000e024 (0x030a5033) divu    zero, s4, a6
core   0: 3 0x8000e024 (0x030a5033)
core   0: 0x8000e028 (0x40b9d913) srai    s2, s3, 11
core   0: 3 0x8000e028 (0x40b9d913) x18 0x00000000
core   0: 0x8000e02c (0x0168eeb3) or      t4, a7, s6
core   0: 3 0x8000e02c (0x0168eeb3) x29 0x80028e74
core   0: 0x8000e030 (0x01e230b3) sltu    ra, tp, t5
core   0: 3 0x8000e030 (0x01e230b3) x 1 0x00000001
core   0: 0x8000e034 (0x032a5bb3) divu    s7, s4, s2
core   0: 3 0x8000e034 (0x032a5bb3) x23 0xffffffff
core   0: 0x8000e038 (0x0000ef41) c.bnez  a4, pc + 152
core   0: 3 0x8000e038 (0xef41)
core   0: 0x8000e0d0 (0x00d898b3) sll     a7, a7, a3
core   0: 3 0x8000e0d0 (0x00d898b3) x17 0x39d00000
core   0: 0x8000e0d4 (0x00009d0a) c.add   s10, sp
core   0: 3 0x8000e0d4 (0x9d0a) x26 0xfffff86d
core   0: 0x8000e0d6 (0x000017fd) c.addi  a5, -1
core   0: 3 0x8000e0d6 (0x17fd) x15 0x0000403e
core   0: 0x8000e0d8 (0xc09aa713) slti    a4, s5, -1015
core   0: 3 0x8000e0d8 (0xc09aa713) x14 0x00000000
core   0: 0x8000e0dc (0x0000100f) fence.i
core   0: 3 0x8000e0dc (0x0000100f)
core   0: 0x8000e0e0 (0x03c5d633) divu    a2, a1, t3
core   0: 3 0x8000e0e0 (0x03c5d633) x12 0x00000000
core   0: 0x8000e0e4 (0x40c55933) sra     s2, a0, a2
core   0: 3 0x8000e0e4 (0x40c55933) x18 0xfffffe91
core   0: 0x8000e0e8 (0x340031f3) csrrc   gp, mscratch, zero
core   0: 3 0x8000e0e8 (0x340031f3) x 3 0x0000001b
core   0: 0x8000e0ec (0x00016f97) auipc   t6, 0x16
core   0: 3 0x8000e0ec (0x00016f97) x31 0x800240ec
core   0: 0x8000e0f0 (0xf60f8f93) addi    t6, t6, -160
core   0: 3 0x8000e0f0 (0xf60f8f93) x31 0x8002404c
core   0: 0x8000e0f4 (0x120fa12f) lr.w    sp, (t6)
core   0: 3 0x8000e0f4 (0x120fa12f) x 2 0x00000000 mem 0x8002404c
core   0: 0x8000e0f8 (0x1d3faa2f) sc.w    s4, s3, (t6)
core   0: 3 0x8000e0f8 (0x1d3faa2f) x20 0x00000000 mem 0x8002404c 0x000001f9
core   0: 0x8000e0fc (0x0006d133) srl     sp, a3, zero
core   0: 3 0x8000e0fc (0x0006d133) x 2 0xfffffff2
core   0: 0x8000e100 (0x02567833) remu    a6, a2, t0
core   0: 3 0x8000e100 (0x02567833) x16 0x00000000
core   0: 0x8000e104 (0x6e6994b7) lui     s1, 0x6e699
core   0: 3 0x8000e104 (0x6e6994b7) x 9 0x6e699000
core   0: 0x8000e108 (0x00000001) c.nop
core   0: 3 0x8000e108 (0x0001)
core   0: 0x8000e10a (0x00001ffd) c.addi  t6, -1
core   0: 3 0x8000e10a (0x1ffd) x31 0x8002404b
core   0: 0x8000e10c (0x340d5773) csrrwi  a4, mscratch, 26
core   0: 3 0x8000e10c (0x340d5773) x14 0x0000001b c832_mscratch 0x0000001a
core   0: 0x8000e110 (0x032e7cb3) remu    s9, t3, s2
core   0: 3 0x8000e110 (0x032e7cb3) x25 0x00000000
core   0: 0x8000e114 (0x41eedd93) srai    s11, t4, 30
core   0: 3 0x8000e114 (0x41eedd93) x27 0xfffffffe
core   0: 0x8000e118 (0x00008d6d) c.and   a0, a1
core   0: 3 0x8000e118 (0x8d6d) x10 0x00000200
core   0: 0x8000e11a (0x3915e013) ori     zero, a1, 913
core   0: 3 0x8000e11a (0x3915e013)
core   0: 0x8000e11e (0x000007d2) c.slli  a5, 20
core   0: 3 0x8000e11e (0x07d2) x15 0x03e00000
core   0: 0x8000e120 (0x340de5f3) csrrsi  a1, mscratch, 27
core   0: 3 0x8000e120 (0x340de5f3) x11 0x0000001a c832_mscratch 0x0000001b
core   0: 0x8000e124 (0x0000e095) c.bnez  s1, pc + 36
core   0: 3 0x8000e124 (0xe095)
core   0: 0x8000e148 (0x02c110b3) mulh    ra, sp, a2
core   0: 3 0x8000e148 (0x02c110b3) x 1 0x00000000
core   0: 0x8000e14c (0x00c5fb33) and     s6, a1, a2
core   0: 3 0x8000e14c (0x00c5fb33) x22 0x00000000
core   0: 0x8000e150 (0x201e3693) sltiu   a3, t3, 513
core   0: 3 0x8000e150 (0x201e3693) x13 0x00000000
core   0: 0x8000e154 (0x03464e63) blt     a2, s4, pc + 60
core   0: 3 0x8000e154 (0x03464e63)
core   0: 0x8000e158 (0x0000816a) c.mv    sp, s10
core   0: 3 0x8000e158 (0x816a) x 2 0xfffff86d
core   0: 0x8000e15a (0x0000e195) c.bnez  a1, pc + 36
core   0: 3 0x8000e15a (0xe195)
core   0: 0x8000e17e (0x4147d9b3) sra     s3, a5, s4
core   0: 3 0x8000e17e (0x4147d9b3) x19 0x03e00000
core   0: 0x8000e182 (0x021a9263) bne     s5, ra, pc + 36
core   0: 3 0x8000e182 (0x021a9263)
core   0: 0x8000e1a6 (0x00008ea5) c.xor   a3, s1
core   0: 3 0x8000e1a6 (0x8ea5) x13 0x6e699000
core   0: 0x8000e1a8 (0x00008f39) c.xor   a4, a4
core   0: 3 0x8000e1a8 (0x8f39) x14 0x00000000
core   0: 0x8000e1aa (0x01834b63) blt     t1, s8, pc + 22
core   0: 3 0x8000e1aa (0x01834b63)
core   0: 0x8000e1ae (0x00d1b9b3) sltu    s3, gp, a3
core   0: 3 0x8000e1ae (0x00d1b9b3) x19 0x00000001
core   0: 0x8000e1b2 (0x34007a73) csrrci  s4, mscratch, 0
core   0: 3 0x8000e1b2 (0x34007a73) x20 0x0000001b
core   0: 0x8000e1b6 (0x0000853d) c.srai  a0, 15
core   0: 3 0x8000e1b6 (0x853d) x10 0x00000000
core   0: 0x8000e1b8 (0x00000001) c.nop
core   0: 3 0x8000e1b8 (0x0001)
core   0: 0x8000e1ba (0x0000100f) fence.i
core   0: 3 0x8000e1ba (0x0000100f)
core   0: 0x8000e1be (0x0000717d) c.addi16sp sp, -16
core   0: 3 0x8000e1be (0x717d) x 2 0xfffff85d
core   0: 0x8000e1c0 (0x340069f3) csrrsi  s3, mscratch, 0
core   0: 3 0x8000e1c0 (0x340069f3) x19 0x0000001b
core   0: 0x8000e1c4 (0x340dd473) csrrwi  s0, mscratch, 27
core   0: 3 0x8000e1c4 (0x340dd473) x 8 0x0000001b c832_mscratch 0x0000001b
core   0: 0x8000e1c8 (0x00008fd5) c.or    a5, a3
core   0: 3 0x8000e1c8 (0x8fd5) x15 0x6fe99000
core   0: 0x8000e1ca (0x00000001) c.nop
core   0: 3 0x8000e1ca (0x0001)
core   0: 0x8000e1cc (0x02838763) beq     t2, s0, pc + 46
core   0: 3 0x8000e1cc (0x02838763)
core   0: 0x8000e1d0 (0xe8bac893) xori    a7, s5, -373
core   0: 3 0x8000e1d0 (0xe8bac893) x17 0x00000170
core   0: 0x8000e1d4 (0x00005afd) c.li    s5, -1
core   0: 3 0x8000e1d4 (0x5afd) x21 0xffffffff
core   0: 0x8000e1d6 (0x000088f9) c.andi  s1, 30
core   0: 3 0x8000e1d6 (0x88f9) x 9 0x00000000
core   0: 0x8000e1d8 (0x00272b33) slt     s6, a4, sp
core   0: 3 0x8000e1d8 (0x00272b33) x22 0x00000000
core   0: 0x8000e1dc (0x340065f3) csrrsi  a1, mscratch, 0
core   0: 3 0x8000e1dc (0x340065f3) x11 0x0000001b
core   0: 0x8000e1e0 (0x03eb9063) bne     s7, t5, pc + 32
core   0: 3 0x8000e1e0 (0x03eb9063)
core   0: 0x8000e200 (0x413a5093) srai    ra, s4, 19
core   0: 3 0x8000e200 (0x413a5093) x 1 0x00000000
core   0: 0x8000e204 (0x0bbc6993) ori     s3, s8, 187
core   0: 3 0x8000e204 (0x0bbc6993) x19 0x000000bb
core   0: 0x8000e208 (0x0177e233) or      tp, a5, s7
core   0: 3 0x8000e208 (0x0177e233) x 4 0xffffffff
core   0: 0x8000e20c (0xb920fb93) andi    s7, ra, -1134
core   0: 3 0x8000e20c (0xb920fb93) x23 0x00000000
core   0: 0x8000e210 (0x39228513) addi    a0, t0, 914
core   0: 3 0x8000e210 (0x39228513) x10 0x80029206
core   0: 0x8000e214 (0x00441513) slli    a0, s0, 4
core   0: 3 0x8000e214 (0x00441513) x10 0x000001b0
core   0: 0x8000e218 (0x01c49033) sll     zero, s1, t3
core   0: 3 0x8000e218 (0x01c49033)
core   0: 0x8000e21c (0x1ecea913) slti    s2, t4, 492
core   0: 3 0x8000e21c (0x1ecea913) x18 0x00000001
core   0: 0x8000e220 (0x0000587d) c.li    a6, -1
core   0: 3 0x8000e220 (0x587d) x16 0xffffffff
core   0: 0x8000e222 (0x340021f3) csrr    gp, mscratch
core   0: 3 0x8000e222 (0x340021f3) x 3 0x0000001b
core   0: 0x8000e226 (0xaf390693) addi    a3, s2, -1293
core   0: 3 0x8000e226 (0xaf390693) x13 0xfffffaf4
core   0: 0x8000e22a (0x03a96863) bltu    s2, s10, pc + 48
core   0: 3 0x8000e22a (0x03a96863)
core   0: 0x8000e25a (0x0237f833) remu    a6, a5, gp
core   0: 3 0x8000e25a (0x0237f833) x16 0x00000017
core   0: 0x8000e25e (0x0000197d) c.addi  s2, -1
core   0: 3 0x8000e25e (0x197d) x18 0x00000000
core   0: 0x8000e260 (0x41d15133) sra     sp, sp, t4
core   0: 3 0x8000e260 (0x41d15133) x 2 0xffffffff
core   0: 0x8000e264 (0x34003e73) csrrc   t3, mscratch, zero
core   0: 3 0x8000e264 (0x34003e73) x28 0x0000001b
core   0: 0x8000e268 (0x0465d263) bge     a1, t1, pc + 68
core   0: 3 0x8000e268 (0x0465d263)
core   0: 0x8000e2ac (0x000098fd) c.andi  s1, -1
core   0: 3 0x8000e2ac (0x98fd) x 9 0x00000000
core   0: 0x8000e2ae (0x035194b3) mulh    s1, gp, s5
core   0: 3 0x8000e2ae (0x035194b3) x 9 0xffffffff
core   0: 0x8000e2b2 (0x013ffa63) bgeu    t6, s3, pc + 20
core   0: 3 0x8000e2b2 (0x013ffa63)
core   0: 0x8000e2c6 (0x00f04e33) xor     t3, zero, a5
core   0: 3 0x8000e2c6 (0x00f04e33) x28 0x6fe99000
core   0: 0x8000e2ca (0x000059fd) c.li    s3, -1
core   0: 3 0x8000e2ca (0x59fd) x19 0xffffffff
core   0: 0x8000e2cc (0x85624813) xori    a6, tp, -1962
core   0: 3 0x8000e2cc (0x85624813) x16 0x000007a9
core   0: 0x8000e2d0 (0x02c501b3) mul     gp, a0, a2
core   0: 3 0x8000e2d0 (0x02c501b3) x 3 0x00000000
core   0: 0x8000e2d4 (0x0000c115) c.beqz  a0, pc + 36
core   0: 3 0x8000e2d4 (0xc115)
core   0: 0x8000e2d6 (0x0f049063) bne     s1, a6, pc + 224
core   0: 3 0x8000e2d6 (0x0f049063)
core   0: 0x8000e3b6 (0x0000081a) c.slli  a6, 6
core   0: 3 0x8000e3b6 (0x081a) x16 0x0001ea40
core   0: 0x8000e3b8 (0x00006435) c.lui   s0, 0xd
core   0: 3 0x8000e3b8 (0x6435) x 8 0x0000d000
core   0: 0x8000e3ba (0x01215793) srli    a5, sp, 18
core   0: 3 0x8000e3ba (0x01215793) x15 0x00003fff
core   0: 0x8000e3be (0x00008ee1) c.and   a3, s0
core   0: 3 0x8000e3be (0x8ee1) x13 0x0000d000
core   0: 0x8000e3c0 (0x0282fab3) remu    s5, t0, s0
core   0: 3 0x8000e3c0 (0x0282fab3) x21 0x0000ce74
core   0: 0x8000e3c4 (0x01a854b3) srl     s1, a6, s10
core   0: 3 0x8000e3c4 (0x01a854b3) x 9 0x0000000f
core   0: 0x8000e3c8 (0x006887b3) add     a5, a7, t1
core   0: 3 0x8000e3c8 (0x006887b3) x15 0x00000170
core   0: 0x8000e3cc (0x00008e7d) c.and   a2, a5
core   0: 3 0x8000e3cc (0x8e7d) x12 0x00000000
core   0: 0x8000e3ce (0x02183db3) mulhu   s11, a6, ra
core   0: 3 0x8000e3ce (0x02183db3) x27 0x00000000
core   0: 0x8000e3d2 (0x26499cb7) lui     s9, 0x26499
core   0: 3 0x8000e3d2 (0x26499cb7) x25 0x26499000
core   0: 0x8000e3d6 (0x2524f893) andi    a7, s1, 594
core   0: 3 0x8000e3d6 (0x2524f893) x17 0x00000002
core   0: 0x8000e3da (0x02d88b63) beq     a7, a3, pc + 54
core   0: 3 0x8000e3da (0x02d88b63)
core   0: 0x8000e3de (0x0000e585) c.bnez  a1, pc + 40
core   0: 3 0x8000e3de (0xe585)
core   0: 0x8000e406 (0x000090fa) c.add   ra, t5
core   0: 3 0x8000e406 (0x90fa) x 1 0x8002cd24
core   0: 0x8000e408 (0x0360ecb3) rem     s9, ra, s6
core   0: 3 0x8000e408 (0x0360ecb3) x25 0x8002cd24
core   0: 0x8000e40c (0xa5422e93) slti    t4, tp, -1452
core   0: 3 0x8000e40c (0xa5422e93) x29 0x00000000
core   0: 0x8000e410 (0x00b5fc33) and     s8, a1, a1
core   0: 3 0x8000e410 (0x00b5fc33) x24 0x0000001b
core   0: 0x8000e414 (0x340fd873) csrrwi  a6, mscratch, 31
core   0: 3 0x8000e414 (0x340fd873) x16 0x0000001b c832_mscratch 0x0000001f
core   0: 0x8000e418 (0x000064cd) c.lui   s1, 0x13
core   0: 3 0x8000e418 (0x64cd) x 9 0x00013000
core   0: 0x8000e41a (0x000090fe) c.add   ra, t6
core   0: 3 0x8000e41a (0x90fe) x 1 0x00050d6f
core   0: 0x8000e41c (0x00040933) add     s2, s0, zero
core   0: 3 0x8000e41c (0x00040933) x18 0x0000d000
core   0: 0x8000e420 (0xfdebbc17) auipc   s8, 0xfdebb
core   0: 3 0x8000e420 (0xfdebbc17) x24 0x7dec9420
core   0: 0x8000e424 (0x0292c7b3) div     a5, t0, s1
core   0: 3 0x8000e424 (0x0292c7b3) x15 0xffff9439
core   0: 0x8000e428 (0x00c21bb3) sll     s7, tp, a2
core   0: 3 0x8000e428 (0x00c21bb3) x23 0xffffffff
core   0: 0x8000e42c (0x3402ad73) csrrs   s10, mscratch, t0
core   0: 3 0x8000e42c (0x3402ad73) x26 0x0000001f c832_mscratch 0x80028e7f
core   0: 0x8000e430 (0x01020d33) add     s10, tp, a6
core   0: 3 0x8000e430 (0x01020d33) x26 0x0000001a
core   0: 0x8000e434 (0x032c05b3) mul     a1, s8, s2
core   0: 3 0x8000e434 (0x032c05b3) x11 0x385a0000
core   0: 0x8000e438 (0x000082f5) c.srli  a3, 29
core   0: 3 0x8000e438 (0x82f5) x13 0x00000000
core   0: 0x8000e43a (0x00000001) c.nop
core   0: 3 0x8000e43a (0x0001)
core   0: 0x8000e43c (0x00008631) c.srai  a2, 12
core   0: 3 0x8000e43c (0x8631) x12 0x00000000
core   0: 0x8000e43e (0x340619f3) csrrw   s3, mscratch, a2
core   0: 3 0x8000e43e (0x340619f3) x19 0x80028e7f c832_mscratch 0x00000000
core   0: 0x8000e442 (0x34091d73) csrrw   s10, mscratch, s2
core   0: 3 0x8000e442 (0x34091d73) x26 0x00000000 c832_mscratch 0x0000d000
core   0: 0x8000e446 (0x0137e8b3) or      a7, a5, s3
core   0: 3 0x8000e446 (0x0137e8b3) x17 0xffff9e7f
core   0: 0x8000e44a (0x00000001) c.nop
core   0: 3 0x8000e44a (0x0001)
core   0: 0x8000e44c (0x0000cc9d) c.beqz  s1, pc + 62
core   0: 3 0x8000e44c (0xcc9d)
core   0: 0x8000e44e (0x00b21993) slli    s3, tp, 11
core   0: 3 0x8000e44e (0x00b21993) x19 0xfffff800
core   0: 0x8000e452 (0x3403dd73) csrrwi  s10, mscratch, 7
core   0: 3 0x8000e452 (0x3403dd73) x26 0x0000d000 c832_mscratch 0x00000007
core   0: 0x8000e456 (0x036d9833) mulh    a6, s11, s6
core   0: 3 0x8000e456 (0x036d9833) x16 0x00000000
core   0: 0x8000e45a (0x00000311) c.addi  t1, 4
core   0: 3 0x8000e45a (0x0311) x 6 0x00000004
core   0: 0x8000e45c (0x01bae4b3) or      s1, s5, s11
core   0: 3 0x8000e45c (0x01bae4b3) x 9 0x0000ce74
core   0: 0x8000e460 (0x00008dc1) c.or    a1, s0
core   0: 3 0x8000e460 (0x8dc1) x11 0x385ad000
core   0: 0x8000e462 (0x00e2db13) srli    s6, t0, 14
core   0: 3 0x8000e462 (0x00e2db13) x22 0x0002000a
core   0: 0x8000e466 (0x0000964e) c.add   a2, s3
core   0: 3 0x8000e466 (0x964e) x12 0xfffff800
core   0: 0x8000e468 (0x0000011a) c.slli  sp, 6
core   0: 3 0x8000e468 (0x011a) x 2 0xffffffc0
core   0: 0x8000e46a (0x012075b3) and     a1, zero, s2
core   0: 3 0x8000e46a (0x012075b3) x11 0x00000000
core   0: 0x8000e46e (0x03934a63) blt     t1, s9, pc + 52
core   0: 3 0x8000e46e (0x03934a63)
core   0: 0x8000e472 (0x03d08d63) beq     ra, t4, pc + 58
core   0: 3 0x8000e472 (0x03d08d63)
core   0: 0x8000e476 (0x0343bd33) mulhu   s10, t2, s4
core   0: 3 0x8000e476 (0x0343bd33) x26 0x00000000
core   0: 0x8000e47a (0x019fb1b3) sltu    gp, t6, s9
core   0: 3 0x8000e47a (0x019fb1b3) x 3 0x00000001
core   0: 0x8000e47e (0x015481b3) add     gp, s1, s5
core   0: 3 0x8000e47e (0x015481b3) x 3 0x00019ce8
core   0: 0x8000e482 (0x00c44533) xor     a0, s0, a2
core   0: 3 0x8000e482 (0x00c44533) x10 0xffff2800
core   0: 0x8000e486 (0x41565333) sra     t1, a2, s5
core   0: 3 0x8000e486 (0x41565333) x 6 0xffffffff
core   0: 0x8000e48a (0x0ff0000f) fence   iorw,iorw
core   0: 3 0x8000e48a (0x0ff0000f)
core   0: 0x8000e48e (0x00008e4d) c.or    a2, a1
core   0: 3 0x8000e48e (0x8e4d) x12 0xfffff800
core   0: 0x8000e490 (0x009908b3) add     a7, s2, s1
core   0: 3 0x8000e490 (0x009908b3) x17 0x00019e74
core   0: 0x8000e494 (0x00001e04) c.addi4spn s1, sp, 816
core   0: 3 0x8000e494 (0x1e04) x 9 0x000002f0
core   0: 0x8000e496 (0x03637b33) remu    s6, t1, s6
core   0: 3 0x8000e496 (0x03637b33) x22 0x0001001d
core   0: 0x8000e49a (0x34091e73) csrrw   t3, mscratch, s2
core   0: 3 0x8000e49a (0x34091e73) x28 0x00000007 c832_mscratch 0x0000d000
core   0: 0x8000e49e (0x05ffe063) bltu    t6, t6, pc + 64
core   0: 3 0x8000e49e (0x05ffe063)
core   0: 0x8000e4a2 (0x00008811) c.andi  s0, 4
core   0: 3 0x8000e4a2 (0x8811) x 8 0x00000000
core   0: 0x8000e4a4 (0x01999433) sll     s0, s3, s9
core   0: 3 0x8000e4a4 (0x01999433) x 8 0xffff8000
core   0: 0x8000e4a8 (0x00006839) c.lui   a6, 0xe
core   0: 3 0x8000e4a8 (0x6839) x16 0x0000e000
core   0: 0x8000e4aa (0x000083d9) c.srli  a5, 22
core   0: 3 0x8000e4aa (0x83d9) x15 0x000003ff
core   0: 0x8000e4ac (0x032817b3) mulh    a5, a6, s2
core   0: 3 0x8000e4ac (0x032817b3) x15 0x00000000
core   0: 0x8000e4b0 (0x027ef533) remu    a0, t4, t2
core   0: 3 0x8000e4b0 (0x027ef533) x10 0x00000000
core   0: 0x8000e4b4 (0x3400acf3) csrrs   s9, mscratch, ra
core   0: 3 0x8000e4b4 (0x3400acf3) x25 0x0000d000 c832_mscratch 0x0005dd6f
core   0: 0x8000e4b8 (0x0313dd63) bge     t2, a7, pc + 58
core   0: 3 0x8000e4b8 (0x0313dd63)
core   0: 0x8000e4bc (0x023de633) rem     a2, s11, gp
core   0: 3 0x8000e4bc (0x023de633) x12 0x00000000
core   0: 0x8000e4c0 (0x0ac2c413) xori    s0, t0, 172
core   0: 3 0x8000e4c0 (0x0ac2c413) x 8 0x80028ed8
core   0: 0x8000e4c4 (0x6858b893) sltiu   a7, a7, 1669
core   0: 3 0x8000e4c4 (0x6858b893) x17 0x00000000
core   0: 0x8000e4c8 (0x0000e1a9) c.bnez  a1, pc + 66
core   0: 3 0x8000e4c8 (0xe1a9)
core   0: 0x8000e4ca (0x29aa5937) lui     s2, 0x29aa5
core   0: 3 0x8000e4ca (0x29aa5937) x18 0x29aa5000
core   0: 0x8000e4ce (0x0000c285) c.beqz  a3, pc + 32
core   0: 3 0x8000e4ce (0xc285)
core   0: 0x8000e4ee (0x340da873) csrrs   a6, mscratch, s11
core   0: 3 0x8000e4ee (0x340da873) x16 0x0005dd6f c832_mscratch 0x0005dd6f
core   0: 0x8000e4f2 (0x01de8463) beq     t4, t4, pc + 8
core   0: 3 0x8000e4f2 (0x01de8463)
core   0: 0x8000e4fa (0x02d10563) beq     sp, a3, pc + 42
core   0: 3 0x8000e4fa (0x02d10563)
core   0: 0x8000e4fe (0x34066cf3) csrrsi  s9, mscratch, 12
core   0: 3 0x8000e4fe (0x34066cf3) x25 0x0005dd6f c832_mscratch 0x0005dd6f
core   0: 0x8000e502 (0x002798b3) sll     a7, a5, sp
core   0: 3 0x8000e502 (0x002798b3) x17 0x00000000
core   0: 0x8000e506 (0x340026f3) csrr    a3, mscratch
core   0: 3 0x8000e506 (0x340026f3) x13 0x0005dd6f
core   0: 0x8000e50a (0x3339f693) andi    a3, s3, 819
core   0: 3 0x8000e50a (0x3339f693) x13 0x00000000
core   0: 0x8000e50e (0x2f783c13) sltiu   s8, a6, 759
core   0: 3 0x8000e50e (0x2f783c13) x24 0x00000000
core   0: 0x8000e512 (0x01860493) addi    s1, a2, 24
core   0: 3 0x8000e512 (0x01860493) x 9 0x00000018
core   0: 0x8000e516 (0x00006809) c.lui   a6, 0x2
core   0: 3 0x8000e516 (0x6809) x16 0x00002000
core   0: 0x8000e518 (0x018ed413) srli    s0, t4, 24
core   0: 3 0x8000e518 (0x018ed413) x 8 0x00000000
core   0: 0x8000e51c (0x340b1c73) csrrw   s8, mscratch, s6
core   0: 3 0x8000e51c (0x340b1c73) x24 0x0005dd6f c832_mscratch 0x0001001d
core   0: 0x8000e520 (0x0000717d) c.addi16sp sp, -16
core   0: 3 0x8000e520 (0x717d) x 2 0xffffffb0
core   0: 0x8000e522 (0x00008d95) c.sub   a1, a3
core   0: 3 0x8000e522 (0x8d95) x11 0x00000000
core   0: 0x8000e524 (0x01a90033) add     zero, s2, s10
core   0: 3 0x8000e524 (0x01a90033)
core   0: 0x8000e528 (0x2b16c8b7) lui     a7, 0x2b16c
core   0: 3 0x8000e528 (0x2b16c8b7) x17 0x2b16c000
core   0: 0x8000e52c (0x013e2cb3) slt     s9, t3, s3
core   0: 3 0x8000e52c (0x013e2cb3) x25 0x00000000
core   0: 0x8000e530 (0x7ccca137) lui     sp, 0x7ccca
core   0: 3 0x8000e530 (0x7ccca137) x 2 0x7ccca000
core   0: 0x8000e534 (0x00008e9e) c.mv    t4, t2
core   0: 3 0x8000e534 (0x8e9e) x29 0x00000006
core   0: 0x8000e536 (0x00982d33) slt     s10, a6, s1
core   0: 3 0x8000e536 (0x00982d33) x26 0x00000000
core   0: 0x8000e53a (0x03c7fcb3) remu    s9, a5, t3
core   0: 3 0x8000e53a (0x03c7fcb3) x25 0x00000000
core   0: 0x8000e53e (0x1c623a93) sltiu   s5, tp, 454
core   0: 3 0x8000e53e (0x1c623a93) x21 0x00000000
core   0: 0x8000e542 (0xc066ff93) andi    t6, a3, -1018
core   0: 3 0x8000e542 (0xc066ff93) x31 0x00000000
core   0: 0x8000e546 (0x0000e69d) c.bnez  a3, pc + 46
core   0: 3 0x8000e546 (0xe69d)
core   0: 0x8000e548 (0x00000092) c.slli  ra, 4
core   0: 3 0x8000e548 (0x0092) x 1 0x0050d6f0
core   0: 0x8000e54a (0x01849613) slli    a2, s1, 24
core   0: 3 0x8000e54a (0x01849613) x12 0x18000000
core   0: 0x8000e54e (0x00008b25) c.andi  a4, 9
core   0: 3 0x8000e54e (0x8b25) x14 0x00000000
core   0: 0x8000e550 (0x028efdb3) remu    s11, t4, s0
core   0: 3 0x8000e550 (0x028efdb3) x27 0x00000006
core   0: 0x8000e554 (0x00000001) c.nop
core   0: 3 0x8000e554 (0x0001)
core   0: 0x8000e556 (0x011dfbb3) and     s7, s11, a7
core   0: 3 0x8000e556 (0x011dfbb3) x23 0x00000000
core   0: 0x8000e55a (0x2296ad13) slti    s10, a3, 553
core   0: 3 0x8000e55a (0x2296ad13) x26 0x00000001
core   0: 0x8000e55e (0x0000717d) c.addi16sp sp, -16
core   0: 3 0x8000e55e (0x717d) x 2 0x7ccc9ff0
core   0: 0x8000e560 (0x000084c1) c.srai  s1, 16
core   0: 3 0x8000e560 (0x84c1) x 9 0x00000000
core   0: 0x8000e562 (0x00004441) c.li    s0, 16
core   0: 3 0x8000e562 (0x4441) x 8 0x00000010
core   0: 0x8000e564 (0x00009bde) c.add   s7, s7
core   0: 3 0x8000e564 (0x9bde) x23 0x00000000
core   0: 0x8000e566 (0x0ff0000f) fence   iorw,iorw
core   0: 3 0x8000e566 (0x0ff0000f)
core   0: 0x8000e56a (0x00006759) c.lui   a4, 0x16
core   0: 3 0x8000e56a (0x6759) x14 0x00016000
core   0: 0x8000e56c (0x015d2b33) slt     s6, s10, s5
core   0: 3 0x8000e56c (0x015d2b33) x22 0x00000000
core   0: 0x8000e570 (0x0545e163) bltu    a1, s4, pc + 66
core   0: 3 0x8000e570 (0x0545e163)
core   0: 0x8000e5b2 (0x0000100f) fence.i
core   0: 3 0x8000e5b2 (0x0000100f)
core   0: 0x8000e5b6 (0x00008b31) c.andi  a4, 12
core   0: 3 0x8000e5b6 (0x8b31) x14 0x00000000
core   0: 0x8000e5b8 (0x01e4e033) or      zero, s1, t5
core   0: 3 0x8000e5b8 (0x01e4e033)
core   0: 0x8000e5bc (0x0370e033) rem     zero, ra, s7
core   0: 3 0x8000e5bc (0x0370e033)
core   0: 0x8000e5c0 (0x021e5333) divu    t1, t3, ra
core   0: 3 0x8000e5c0 (0x021e5333) x 6 0x00000000
core   0: 0x8000e5c4 (0x0000c985) c.beqz  a1, pc + 48
core   0: 3 0x8000e5c4 (0xc985)
core   0: 0x8000e5f4 (0x01fd08b3) add     a7, s10, t6
core   0: 3 0x8000e5f4 (0x01fd08b3) x17 0x00000001
core   0: 0x8000e5f8 (0x0000813a) c.mv    sp, a4
core   0: 3 0x8000e5f8 (0x813a) x 2 0x00000000
core   0: 0x8000e5fa (0x017d9b63) bne     s11, s7, pc + 22
core   0: 3 0x8000e5fa (0x017d9b63)
core   0: 0x8000e610 (0x00008e85) c.sub   a3, s1
core   0: 3 0x8000e610 (0x8e85) x13 0x00000000
core   0: 0x8000e612 (0x03996db3) rem     s11, s2, s9
core   0: 3 0x8000e612 (0x03996db3) x27 0x29aa5000
core   0: 0x8000e616 (0x015ccfb3) xor     t6, s9, s5
core   0: 3 0x8000e616 (0x015ccfb3) x31 0x00000000
core   0: 0x8000e61a (0x34006873) csrrsi  a6, mscratch, 0
core   0: 3 0x8000e61a (0x34006873) x16 0x0001001d
core   0: 0x8000e61e (0x0ff0000f) fence   iorw,iorw
core   0: 3 0x8000e61e (0x0ff0000f)
core   0: 0x8000e622 (0xfcfa6093) ori     ra, s4, -49
core   0: 3 0x8000e622 (0xfcfa6093) x 1 0xffffffdf
core   0: 0x8000e626 (0x00000199) c.addi  gp, 6
core   0: 3 0x8000e626 (0x0199) x 3 0x00019cee
core   0: 0x8000e628 (0x000064bd) c.lui   s1, 0xf
core   0: 3 0x8000e628 (0x64bd) x 9 0x0000f000
core   0: 0x8000e62a (0x00008149) c.srli  a0, 18
core   0: 3 0x8000e62a (0x8149) x10 0x00000000
core   0: 0x8000e62c (0x01324bb3) xor     s7, tp, s3
core   0: 3 0x8000e62c (0x01324bb3) x23 0x000007ff
core   0: 0x8000e630 (0x34003ff3) csrrc   t6, mscratch, zero
core   0: 3 0x8000e630 (0x34003ff3) x31 0x0001001d
core   0: 0x8000e634 (0x340d2af3) csrrs   s5, mscratch, s10
core   0: 3 0x8000e634 (0x340d2af3) x21 0x0001001d c832_mscratch 0x0001001d
core   0: 0x8000e638 (0x00008b6e) c.mv    s6, s11
core   0: 3 0x8000e638 (0x8b6e) x22 0x29aa5000
core   0: 0x8000e63a (0x02d397b3) mulh    a5, t2, a3
core   0: 3 0x8000e63a (0x02d397b3) x15 0x00000000
core   0: 0x8000e63e (0x00000001) c.nop
core   0: 3 0x8000e63e (0x0001)
core   0: 0x8000e640 (0x0000801d) c.srli  s0, 7
core   0: 3 0x8000e640 (0x801d) x 8 0x00000000
core   0: 0x8000e642 (0x04497a63) bgeu    s2, tp, pc + 84
core   0: 3 0x8000e642 (0x04497a63)
core   0: 0x8000e646 (0x00001318) c.addi4spn a4, sp, 416
core   0: 3 0x8000e646 (0x1318) x14 0x000001a0
core   0: 0x8000e648 (0x045c0763) beq     s8, t0, pc + 78
core   0: 3 0x8000e648 (0x045c0763)
core   0: 0x8000e64c (0x06fae563) bltu    s5, a5, pc + 106
core   0: 3 0x8000e64c (0x06fae563)
core   0: 0x8000e650 (0x41cbd133) sra     sp, s7, t3
core   0: 3 0x8000e650 (0x41cbd133) x 2 0x0000000f
core   0: 0x8000e654 (0x013f5bb3) srl     s7, t5, s3
core   0: 3 0x8000e654 (0x013f5bb3) x23 0x8002cd24
core   0: 0x8000e658 (0x01995b13) srli    s6, s2, 25
core   0: 3 0x8000e658 (0x01995b13) x22 0x00000014
core   0: 0x8000e65c (0x340aacf3) csrrs   s9, mscratch, s5
core   0: 3 0x8000e65c (0x340aacf3) x25 0x0001001d c832_mscratch 0x0001001d
core   0: 0x8000e660 (0x00000001) c.nop
core   0: 3 0x8000e660 (0x0001)
core   0: 0x8000e662 (0x06109063) bne     ra, ra, pc + 96
core   0: 3 0x8000e662 (0x06109063)
core   0: 0x8000e666 (0x00016197) auipc   gp, 0x16
core   0: 3 0x8000e666 (0x00016197) x 3 0x80024666
core   0: 0x8000e66a (0x9ee18193) addi    gp, gp, -1554
core   0: 3 0x8000e66a (0x9ee18193) x 3 0x80024054
core   0: 0x8000e66e (0x41fcdd13) srai    s10, s9, 31
core   0: 3 0x8000e66e (0x41fcdd13) x26 0x00000000
core   0: 0x8000e672 (0x20a1aaaf) amoxor.w s5, a0, (gp)
core   0: 3 0x8000e672 (0x20a1aaaf) x21 0x0002006d mem 0x80024054 mem 0x80024054 0x0002006d
core   0: 0x8000e676 (0xa3b1a4af) amomax.w s1, s11, (gp)
core   0: 3 0x8000e676 (0xa3b1a4af) x 9 0x0002006d mem 0x80024054 mem 0x80024054 0x29aa5000
core   0: 0x8000e67a (0x6061a5af) amoand.w a1, t1, (gp)
core   0: 3 0x8000e67a (0x6061a5af) x11 0x29aa5000 mem 0x80024054 mem 0x80024054 0x00000000
core   0: 0x8000e67e (0x0551a52f) amoadd.w a0, s5, (gp)
core   0: 3 0x8000e67e (0x0551a52f) x10 0x00000000 mem 0x80024054 mem 0x80024054 0x0002006d
core   0: 0x8000e682 (0x6491a7af) amoand.w a5, s1, (gp)
core   0: 3 0x8000e682 (0x6491a7af) x15 0x0002006d mem 0x80024054 mem 0x80024054 0x0002006d
core   0: 0x8000e686 (0xa5f1a12f) amomax.w sp, t6, (gp)
core   0: 3 0x8000e686 (0xa5f1a12f) x 2 0x0002006d mem 0x80024054 mem 0x80024054 0x0002006d
core   0: 0x8000e68a (0x0951ac2f) amoswap.w s8, s5, (gp)
core   0: 3 0x8000e68a (0x0951ac2f) x24 0x0002006d mem 0x80024054 mem 0x80024054 0x0002006d
core   0: 0x8000e68e (0x04d3e363) bltu    t2, a3, pc + 70
core   0: 3 0x8000e68e (0x04d3e363)
core   0: 0x8000e692 (0x0000100f) fence.i
core   0: 3 0x8000e692 (0x0000100f)
core   0: 0x8000e696 (0x34007b73) csrrci  s6, mscratch, 0
core   0: 3 0x8000e696 (0x34007b73) x22 0x0001001d
core   0: 0x8000e69a (0x6e953e93) sltiu   t4, a0, 1769
core   0: 3 0x8000e69a (0x6e953e93) x29 0x00000001
core   0: 0x8000e69e (0x000000c5) c.addi  ra, 17
core   0: 3 0x8000e69e (0x00c5) x 1 0xfffffff0
core   0: 0x8000e6a0 (0x03edc733) div     a4, s11, t5
core   0: 3 0x8000e6a0 (0x03edc733) x14 0x00000000
core   0: 0x8000e6a4 (0x0000100f) fence.i
core   0: 3 0x8000e6a4 (0x0000100f)
core   0: 0x8000e6a8 (0x15b2b913) sltiu   s2, t0, 347
core   0: 3 0x8000e6a8 (0x15b2b913) x18 0x00000000
core   0: 0x8000e6ac (0x000009d1) c.addi  s3, 20
core   0: 3 0x8000e6ac (0x09d1) x19 0xfffff814
core   0: 0x8000e6ae (0x01aafd33) and     s10, s5, s10
core   0: 3 0x8000e6ae (0x01aafd33) x26 0x00000000
core   0: 0x8000e6b2 (0x01bfd933) srl     s2, t6, s11
core   0: 3 0x8000e6b2 (0x01bfd933) x18 0x0001001d
core   0: 0x8000e6b6 (0x3406d073) csrwi   mscratch, 13
core   0: 3 0x8000e6b6 (0x3406d073) c832_mscratch 0x0000000d
core   0: 0x8000e6ba (0x0000972e) c.add   a4, a1
core   0: 3 0x8000e6ba (0x972e) x14 0x29aa5000
core   0: 0x8000e6bc (0x030cd8b7) lui     a7, 0x30cd
core   0: 3 0x8000e6bc (0x030cd8b7) x17 0x030cd000
core   0: 0x8000e6c0 (0x00008ee1) c.and   a3, s0
core   0: 3 0x8000e6c0 (0x8ee1) x13 0x00000000
core   0: 0x8000e6c2 (0x00008c8a) c.mv    s9, sp
core   0: 3 0x8000e6c2 (0x8c8a) x25 0x0002006d
core   0: 0x8000e6c4 (0x051a7d63) bgeu    s4, a7, pc + 90
core   0: 3 0x8000e6c4 (0x051a7d63)
core   0: 0x8000e6c8 (0x6aba4e13) xori    t3, s4, 1707
core   0: 3 0x8000e6c8 (0x6aba4e13) x28 0x000006b0
core   0: 0x8000e6cc (0x018cb633) sltu    a2, s9, s8
core   0: 3 0x8000e6cc (0x018cb633) x12 0x00000000
core   0: 0x8000e6d0 (0x015b0333) add     t1, s6, s5
core   0: 3 0x8000e6d0 (0x015b0333) x 6 0x0003008a
core   0: 0x8000e6d4 (0x01133933) sltu    s2, t1, a7
core   0: 3 0x8000e6d4 (0x01133933) x18 0x00000001
core   0: 0x8000e6d8 (0x03157e33) remu    t3, a0, a7
core   0: 3 0x8000e6d8 (0x03157e33) x28 0x00000000
core   0: 0x8000e6dc (0x0000177d) c.addi  a4, -1
core   0: 3 0x8000e6dc (0x177d) x14 0x29aa4fff
core   0: 0x8000e6de (0x05e3f263) bgeu    t2, t5, pc + 68
core   0: 3 0x8000e6de (0x05e3f263)
core   0: 0x8000e6e2 (0x00001a7d) c.addi  s4, -1
core   0: 3 0x8000e6e2 (0x1a7d) x20 0x0000001a
core   0: 0x8000e6e4 (0x00000001) c.nop
core   0: 3 0x8000e6e4 (0x0001)
core   0: 0x8000e6e6 (0x0000100f) fence.i
core   0: 3 0x8000e6e6 (0x0000100f)
core   0: 0x8000e6ea (0x00001d94) c.addi4spn a3, sp, 752
core   0: 3 0x8000e6ea (0x1d94) x13 0x0002035d
core   0: 0x8000e6ec (0xffffaf97) auipc   t6, 0xffffa
core   0: 3 0x8000e6ec (0xffffaf97) x31 0x800086ec
core   0: 0x8000e6f0 (0xdd4f8f93) addi    t6, t6, -556
core   0: 3 0x8000e6f0 (0xdd4f8f93) x31 0x800084c0
core   0: 0x8000e6f4 (0x32cf8f93) addi    t6, t6, 812
core   0: 3 0x8000e6f4 (0x32cf8f93) x31 0x800087ec
core   0: 0x8000e6f8 (0x0312bdb3) mulhu   s11, t0, a7
core   0: 3 0x8000e6f8 (0x0312bdb3) x27 0x01866fcc
core   0: 0x8000e6fc (0x01f82433) slt     s0, a6, t6
core   0: 3 0x8000e6fc (0x01f82433) x 8 0x00000000
core   0: 0x8000e700 (0x00001dfd) c.addi  s11, -1
core   0: 3 0x8000e700 (0x1dfd) x27 0x01866fcb
core   0: 0x8000e702 (0x018497b3) sll     a5, s1, s8
core   0: 3 0x8000e702 (0x018497b3) x15 0x400da000
core   0: 0x8000e706 (0x0159e463) bltu    s3, s5, pc + 8
core   0: 3 0x8000e706 (0x0159e463)
core   0: 0x8000e70a (0x68cca213) slti    tp, s9, 1676
core   0: 3 0x8000e70a (0x68cca213) x 4 0x00000000
core   0: 0x8000e70e (0xcd5f8667) jalr    a2, t6, -811
core   0: 3 0x8000e70e (0xcd5f8667) x12 0x8000e712
core   0: 0x800084c0 (0x01791263) bne     s2, s7, pc + 4
core   0: 3 0x800084c0 (0x01791263)
core   0: 0x800084c4 (0x000012c1) c.addi  t0, -16
core   0: 3 0x800084c4 (0x12c1) x 5 0x80028e64
core   0: 0x800084c6 (0x0ff0000f) fence   iorw,iorw
core   0: 3 0x800084c6 (0x0ff0000f)
core   0: 0x800084ca (0x00000001) c.nop
core   0: 3 0x800084ca (0x0001)
core   0: 0x800084cc (0x03cd77b3) remu    a5, s10, t3
core   0: 3 0x800084cc (0x03cd77b3) x15 0x00000000
core   0: 0x800084d0 (0x00c2a223) sw      a2, 4(t0)
core   0: 3 0x800084d0 (0x00c2a223) mem 0x80028e68 0x8000e712
core   0: 0x800084d4 (0x340e90f3) csrrw   ra, mscratch, t4
core   0: 3 0x800084d4 (0x340e90f3) x 1 0x0000000d c832_mscratch 0x00000001
core   0: 0x800084d8 (0x00008ec5) c.or    a3, s1
core   0: 3 0x800084d8 (0x8ec5) x13 0x0002037d
core   0: 0x800084da (0x00f0e8b3) or      a7, ra, a5
core   0: 3 0x800084da (0x00f0e8b3) x17 0x0000000d
core   0: 0x800084de (0x0000023e) c.slli  tp, 15
core   0: 3 0x800084de (0x023e) x 4 0x00000000
core   0: 0x800084e0 (0x03a2ad33) mulhsu  s10, t0, s10
core   0: 3 0x800084e0 (0x03a2ad33) x26 0x00000000
core   0: 0x800084e4 (0x266a2613) slti    a2, s4, 614
core   0: 3 0x800084e4 (0x266a2613) x12 0x00000001
core   0: 0x800084e8 (0x03e3c063) blt     t2, t5, pc + 32
core   0: 3 0x800084e8 (0x03e3c063)
core   0: 0x800084ec (0x002b0d33) add     s10, s6, sp
core   0: 3 0x800084ec (0x002b0d33) x26 0x0003008a
core   0: 0x800084f0 (0x00008c91) c.sub   s1, a2
core   0: 3 0x800084f0 (0x8c91) x 9 0x0002006c
core   0: 0x800084f2 (0x037f9933) mulh    s2, t6, s7
core   0: 3 0x800084f2 (0x037f9933) x18 0x3ffe5579
core   0: 0x800084f6 (0x34007873) csrrci  a6, mscratch, 0
core   0: 3 0x800084f6 (0x34007873) x16 0x00000001
core   0: 0x800084fa (0x00006111) c.addi16sp sp, 256
core   0: 3 0x800084fa (0x6111) x 2 0x0002016d
core   0: 0x800084fc (0x3401da73) csrrwi  s4, mscratch, 3
core   0: 3 0x800084fc (0x3401da73) x20 0x00000001 c832_mscratch 0x00000003
core   0: 0x80008500 (0x0000e711) c.bnez  a4, pc + 12
core   0: 3 0x80008500 (0xe711)
core   0: 0x8000850c (0x00008e91) c.sub   a3, a2
core   0: 3 0x8000850c (0x8e91) x13 0x0002037c
core   0: 0x8000850e (0x00008dcd) c.or    a1, a1
core   0: 3 0x8000850e (0x8dcd) x11 0x29aa5000
core   0: 0x80008510 (0xa447b217) auipc   tp, 0xa447b
core   0: 3 0x80008510 (0xa447b217) x 4 0x24483510
core   0: 0x80008514 (0x0000717d) c.addi16sp sp, -16
core   0: 3 0x80008514 (0x717d) x 2 0x0002015d
core   0: 0x80008516 (0x02023bb3) mulhu   s7, tp, zero
core   0: 3 0x80008516 (0x02023bb3) x23 0x00000000
core   0: 0x8000851a (0x00004a91) c.li    s5, 4
core   0: 3 0x8000851a (0x4a91) x21 0x00000004
core   0: 0x8000851c (0x01d12ab3) slt     s5, sp, t4
core   0: 3 0x8000851c (0x01d12ab3) x21 0x00000000
core   0: 0x80008520 (0x00324933) xor     s2, tp, gp
core   0: 3 0x80008520 (0x00324933) x18 0xa44a7544
core   0: 0x80008524 (0xc9644313) xori    t1, s0, -874
core   0: 3 0x80008524 (0xc9644313) x 6 0xfffffc96
core   0: 0x80008528 (0x02906433) rem     s0, zero, s1
core   0: 3 0x80008528 (0x02906433) x 8 0x00000000
core   0: 0x8000852c (0x0000c681) c.beqz  a3, pc + 8
core   0: 3 0x8000852c (0xc681)
core   0: 0x8000852e (0x00009b7d) c.andi  a4, -1
core   0: 3 0x8000852e (0x9b7d) x14 0x29aa4fff
core   0: 0x80008530 (0x14368437) lui     s0, 0x14368
core   0: 3 0x80008530 (0x14368437) x 8 0x14368000
core   0: 0x80008534 (0x03c4f833) remu    a6, s1, t3
core   0: 3 0x80008534 (0x03c4f833) x16 0x0002006c
core   0: 0x80008538 (0x02833d33) mulhu   s10, t1, s0
core   0: 3 0x80008538 (0x02833d33) x26 0x14367fba
core   0: 0x8000853c (0x0042a603) lw      a2, 4(t0)
core   0: 3 0x8000853c (0x0042a603) x12 0x8000e712 mem 0x80028e68
core   0: 0x80008540 (0x00000001) c.nop
core   0: 3 0x80008540 (0x0001)
core   0: 0x80008542 (0x000002c1) c.addi  t0, 16
core   0: 3 0x80008542 (0x02c1) x 5 0x80028e74
core   0: 0x80008544 (0x00004dd1) c.li    s11, 20
core   0: 3 0x80008544 (0x4dd1) x27 0x00000014
core   0: 0x80008546 (0x00008fd9) c.or    a5, a4
core   0: 3 0x80008546 (0x8fd9) x15 0x29aa4fff
core   0: 0x80008548 (0x00009ece) c.add   t4, s3
core   0: 3 0x80008548 (0x9ece) x29 0xfffff815
core   0: 0x8000854a (0x00008015) c.srli  s0, 5
core   0: 3 0x8000854a (0x8015) x 8 0x00a1b400
core   0: 0x8000854c (0x0ff0000f) fence   iorw,iorw
core   0: 3 0x8000854c (0x0ff0000f)
core   0: 0x80008550 (0x02e580b3) mul     ra, a1, a4
core   0: 3 0x80008550 (0x02e580b3) x 1 0x2f55b000
core   0: 0x80008554 (0x340c9cf3) csrrw   s9, mscratch, s9
core   0: 3 0x80008554 (0x340c9cf3) x25 0x00000003 c832_mscratch 0x0002006d
core   0: 0x80008558 (0x01e4d993) srli    s3, s1, 30
core   0: 3 0x80008558 (0x01e4d993) x19 0x00000000
core   0: 0x8000855c (0x00160f93) addi    t6, a2, 1
core   0: 3 0x8000855c (0x00160f93) x31 0x8000e713
core   0: 0x80008560 (0x00008f82) c.jr    t6
core   0: 3 0x80008560 (0x8f82)
core   0: 0x8000e712 (0x04cbf263) bgeu    s7, a2, pc + 68
core   0: 3 0x8000e712 (0x04cbf263)
core   0: 0x8000e716 (0x01117eb3) and     t4, sp, a7
core   0: 3 0x8000e716 (0x01117eb3) x29 0x0000000d
core   0: 0x8000e71a (0x00008da1) c.xor   a1, s0
core   0: 3 0x8000e71a (0x8da1) x11 0x290be400
core   0: 0x8000e71c (0x00000851) c.addi  a6, 20
core   0: 3 0x8000e71c (0x0851) x16 0x00020080
core   0: 0x8000e71e (0x1f638a13) addi    s4, t2, 502
core   0: 3 0x8000e71e (0x1f638a13) x20 0x000001fc
core   0: 0x8000e722 (0x01868d63) beq     a3, s8, pc + 26
core   0: 3 0x8000e722 (0x01868d63)
core   0: 0x8000e726 (0x00aa8563) beq     s5, a0, pc + 10
core   0: 3 0x8000e726 (0x00aa8563)
core   0: 0x8000e730 (0x0c3f0863) beq     t5, gp, pc + 208
core   0: 3 0x8000e730 (0x0c3f0863)
core   0: 0x8000e734 (0x00000001) c.nop
core   0: 3 0x8000e734 (0x0001)
core   0: 0x8000e736 (0x0000557d) c.li    a0, -1
core   0: 3 0x8000e736 (0x557d) x10 0xffffffff
core   0: 0x8000e738 (0x34039973) csrrw   s2, mscratch, t2
core   0: 3 0x8000e738 (0x34039973) x18 0x0002006d c832_mscratch 0x00000006
core   0: 0x8000e73c (0x02a6ddb3) divu    s11, a3, a0
core   0: 3 0x8000e73c (0x02a6ddb3) x27 0x00000000
core   0: 0x8000e740 (0x00a11193) slli    gp, sp, 10
core   0: 3 0x8000e740 (0x00a11193) x 3 0x08057400
core   0: 0x8000e744 (0x02d55933) divu    s2, a0, a3
core   0: 3 0x8000e744 (0x02d55933) x18 0x00007f22
core   0: 0x8000e748 (0x00008572) c.mv    a0, t3
core   0: 3 0x8000e748 (0x8572) x10 0x00000000
core   0: 0x8000e74a (0x404e89b3) sub     s3, t4, tp
core   0: 3 0x8000e74a (0x404e89b3) x19 0xdbb7cafd
core   0: 0x8000e74e (0x3407a973) csrrs   s2, mscratch, a5
core   0: 3 0x8000e74e (0x3407a973) x18 0x00000006 c832_mscratch 0x29aa4fff
core   0: 0x8000e752 (0x340420f3) csrrs   ra, mscratch, s0
core   0: 3 0x8000e752 (0x340420f3) x 1 0x29aa4fff c832_mscratch 0x29abffff
core   0: 0x8000e756 (0x023cd7b3) divu    a5, s9, gp
core   0: 3 0x8000e756 (0x023cd7b3) x15 0x00000000
core   0: 0x8000e75a (0x002c04b3) add     s1, s8, sp
core   0: 3 0x8000e75a (0x002c04b3) x 9 0x000401ca
core   0: 0x8000e75e (0x00013117) auipc   sp, 0x13
core   0: 3 0x8000e75e (0x00013117) x 2 0x8002175e
core   0: 0x8000e762 (0x01010113) addi    sp, sp, 16
core   0: 3 0x8000e762 (0x01010113) x 2 0x8002176e
core   0: 0x8000e766 (0x0161d413) srli    s0, gp, 22
core   0: 3 0x8000e766 (0x0161d413) x 8 0x00000020
core   0: 0x8000e76a (0x02c38933) mul     s2, t2, a2
core   0: 3 0x8000e76a (0x02c38933) x18 0x00056a6c
core   0: 0x8000e76e (0x00c14b83) lbu     s7, 12(sp)
core   0: 3 0x8000e76e (0x00c14b83) x23 0x00000022 mem 0x8002177a
core   0: 0x8000e772 (0x00008c7d) c.and   s0, a5
core   0: 3 0x8000e772 (0x8c7d) x 8 0x00000000
core   0: 0x8000e774 (0x03f89333) mulh    t1, a7, t6
core   0: 3 0x8000e774 (0x03f89333) x 6 0xfffffff9
core   0: 0x8000e778 (0x34006873) csrrsi  a6, mscratch, 0
core   0: 3 0x8000e778 (0x34006873) x16 0x29abffff
core   0: 0x8000e77c (0x0000100f) fence.i
core   0: 3 0x8000e77c (0x0000100f)
core   0: 0x8000e780 (0x001106a3) sb      ra, 13(sp)
core   0: 3 0x8000e780 (0x001106a3) mem 0x8002177b 0xff
core   0: 0x8000e784 (0x00000a0d) c.addi  s4, 3
core   0: 3 0x8000e784 (0x0a0d) x20 0x000001ff
core   0: 0x8000e786 (0x340ef673) csrrci  a2, mscratch, 29
core   0: 3 0x8000e786 (0x340ef673) x12 0x29abffff c832_mscratch 0x29abffe2
core   0: 0x8000e78a (0x00621593) slli    a1, tp, 6
core   0: 3 0x8000e78a (0x00621593) x11 0x120d4400
core   0: 0x8000e78e (0x820cb913) sltiu   s2, s9, -2016
core   0: 3 0x8000e78e (0x820cb913) x18 0x00000001
core   0: 0x8000e792 (0xe8cbff93) andi    t6, s7, -372
core   0: 3 0x8000e792 (0xe8cbff93) x31 0x00000000
core   0: 0x8000e796 (0x34003b73) csrrc   s6, mscratch, zero
core   0: 3 0x8000e796 (0x34003b73) x22 0x29abffe2
core   0: 0x8000e79a (0xffe10a83) lb      s5, -2(sp)
core   0: 3 0x8000e79a (0xffe10a83) x21 0xffffffb6 mem 0x8002176c
core   0: 0x8000e79e (0x00810583) lb      a1, 8(sp)
core   0: 3 0x8000e79e (0x00810583) x11 0xffffff9b mem 0x80021776
core   0: 0x8000e7a2 (0x00008da5) c.xor   a1, s1
core   0: 3 0x8000e7a2 (0x8da5) x11 0xfffbfe51
core   0: 0x8000e7a4 (0x00008c69) c.and   s0, a0
core   0: 3 0x8000e7a4 (0x8c69) x 8 0x00000000
core   0: 0x8000e7a6 (0x00e14183) lbu     gp, 14(sp)
core   0: 3 0x8000e7a6 (0x00e14183) x 3 0x0000000c mem 0x8002177c
core   0: 0x8000e7aa (0x00c10223) sb      a2, 4(sp)
core   0: 3 0x8000e7aa (0x00c10223) mem 0x80021772 0xff
core   0: 0x8000e7ae (0x00008eea) c.mv    t4, s10
core   0: 3 0x8000e7ae (0x8eea) x29 0x14367fba
core   0: 0x8000e7b0 (0x00e12d83) lw      s11, 14(sp)
core   0: 3 0x8000e7b0 (0x00e12d83) x27 0x07010b0c mem 0x8002177c
core   0: 0x8000e7b4 (0x02b23533) mulhu   a0, tp, a1
core   0: 3 0x8000e7b4 (0x02b23533) x10 0x2447a3b2
core   0: 0x8000e7b8 (0x00008ebd) c.xor   a3, a5
core   0: 3 0x8000e7b8 (0x8ebd) x13 0x0002037c
core   0: 0x8000e7ba (0xffb14b03) lbu     s6, -5(sp)
core   0: 3 0x8000e7ba (0xffb14b03) x22 0x00000011 mem 0x80021769
core   0: 0x8000e7be (0x00e11723) sh      a4, 14(sp)
core   0: 3 0x8000e7be (0x00e11723) mem 0x8002177c 0x4fff
core   0: 0x8000e7c2 (0x00008021) c.srli  s0, 8
core   0: 3 0x8000e7c2 (0x8021) x 8 0x00000000
core   0: 0x8000e7c4 (0x00c14083) lbu     ra, 12(sp)
core   0: 3 0x8000e7c4 (0x00c14083) x 1 0x00000022 mem 0x8002177a
core   0: 0x8000e7c8 (0x00008d51) c.or    a0, a2
core   0: 3 0x8000e7c8 (0x8d51) x10 0x2defffff
core   0: 0x8000e7ca (0x3ff04c93) xori    s9, zero, 1023
core   0: 3 0x8000e7ca (0x3ff04c93) x25 0x000003ff
core   0: 0x8000e7ce (0xffd11d23) sh      t4, -6(sp)
core   0: 3 0x8000e7ce (0xffd11d23) mem 0x80021768 0x7fba
core   0: 0x8000e7d2 (0x004c1093) slli    ra, s8, 4
core   0: 3 0x8000e7d2 (0x004c1093) x 1 0x002006d0
core   0: 0x8000e7d6 (0x000085a9) c.srai  a1, 10
core   0: 3 0x8000e7d6 (0x85a9) x11 0xfffffeff
core   0: 0x8000e7d8 (0x41e60033) sub     zero, a2, t5
core   0: 3 0x8000e7d8 (0x41e60033)
core   0: 0x8000e7dc (0x012ed913) srli    s2, t4, 18
core   0: 3 0x8000e7dc (0x012ed913) x18 0x0000050d
core   0: 0x8000e7e0 (0x0ff0000f) fence   iorw,iorw
core   0: 3 0x8000e7e0 (0x0ff0000f)
core   0: 0x8000e7e4 (0x01d10623) sb      t4, 12(sp)
core   0: 3 0x8000e7e4 (0x01d10623) mem 0x8002177a 0xba
core   0: 0x8000e7e8 (0x02d86ab3) rem     s5, a6, a3
core   0: 3 0x8000e7e8 (0x02d86ab3) x21 0x0001e743
core   0: 0x8000e7ec (0x00d10403) lb      s0, 13(sp)
core   0: 3 0x8000e7ec (0x00d10403) x 8 0xffffffff mem 0x8002177b
core   0: 0x8000e7f0 (0x00008ac2) c.mv    s5, a6
core   0: 3 0x8000e7f0 (0x8ac2) x21 0x29abffff
core   0: 0x8000e7f2 (0x0344f463) bgeu    s1, s4, pc + 40
core   0: 3 0x8000e7f2 (0x0344f463)
core   0: 0x8000e81a (0x00008c39) c.xor   s0, a4
core   0: 3 0x8000e81a (0x8c39) x 8 0xd655b000
core   0: 0x8000e81c (0x00008d65) c.and   a0, s1
core   0: 3 0x8000e81c (0x8d65) x10 0x000401ca
core   0: 0x8000e81e (0x03070e33) mul     t3, a4, a6
core   0: 3 0x8000e81e (0x03070e33) x28 0x6ca9b001
core   0: 0x8000e822 (0x0325abb3) mulhsu  s7, a1, s2
core   0: 3 0x8000e822 (0x0325abb3) x23 0xffffffff
core   0: 0x8000e826 (0x0000717d) c.addi16sp sp, -16
core   0: 3 0x8000e826 (0x717d) x 2 0x8002175e
core   0: 0x8000e828 (0x00000001) c.nop
core   0: 3 0x8000e828 (0x0001)
core   0: 0x8000e82a (0x0676d763) bge     a3, t2, pc + 110
core   0: 3 0x8000e82a (0x0676d763)
core   0: 0x8000e898 (0x00351193) slli    gp, a0, 3
core   0: 3 0x8000e898 (0x00351193) x 3 0x00200e50
core   0: 0x8000e89c (0x00008029) c.srli  s0, 10
core   0: 3 0x8000e89c (0x8029) x 8 0x0035956c
core   0: 0x8000e89e (0x016d0a33) add     s4, s10, s6
core   0: 3 0x8000e89e (0x016d0a33) x20 0x14367fcb
core   0: 0x8000e8a2 (0x000004a2) c.slli  s1, 8
core   0: 3 0x8000e8a2 (0x04a2) x 9 0x0401ca00
core   0: 0x8000e8a4 (0x03d56363) bltu    a0, t4, pc + 38
core   0: 3 0x8000e8a4 (0x03d56363)
core   0: 0x8000e8ca (0x0076a6b3) slt     a3, a3, t2
core   0: 3 0x8000e8ca (0x0076a6b3) x13 0x00000000
core   0: 0x8000e8ce (0x34007973) csrrci  s2, mscratch, 0
core   0: 3 0x8000e8ce (0x34007973) x18 0x29abffe2
core   0: 0x8000e8d2 (0x024d8e63) beq     s11, tp, pc + 60
core   0: 3 0x8000e8d2 (0x024d8e63)
core   0: 0x8000e8d6 (0x00001c7d) c.addi  s8, -1
core   0: 3 0x8000e8d6 (0x1c7d) x24 0x0002006c
core   0: 0x8000e8d8 (0x3406d473) csrrwi  s0, mscratch, 13
core   0: 3 0x8000e8d8 (0x3406d473) x 8 0x29abffe2 c832_mscratch 0x0000000d
core   0: 0x8000e8dc (0x0000e721) c.bnez  a4, pc + 72
core   0: 3 0x8000e8dc (0xe721)
core   0: 0x8000e924 (0x00001694) c.addi4spn a3, sp, 864
core   0: 3 0x8000e924 (0x1694) x13 0x80021abe
core   0: 0x8000e926 (0x0046a733) slt     a4, a3, tp
core   0: 3 0x8000e926 (0x0046a733) x14 0x00000001
core   0: 0x8000e92a (0x340aea73) csrrsi  s4, mscratch, 21
core   0: 3 0x8000e92a (0x340aea73) x20 0x0000000d c832_mscratch 0x0000001d
core   0: 0x8000e92e (0x03b67033) remu    zero, a2, s11
core   0: 3 0x8000e92e (0x03b67033)
core   0: 0x8000e932 (0x0000ef9d) c.bnez  a5, pc + 62
core   0: 3 0x8000e932 (0xef9d)
core   0: 0x8000e934 (0x00000001) c.nop
core   0: 3 0x8000e934 (0x0001)
core   0: 0x8000e936 (0x0000076e) c.slli  a4, 27
core   0: 3 0x8000e936 (0x076e) x14 0x08000000
core   0: 0x8000e938 (0x03a37263) bgeu    t1, s10, pc + 36
core   0: 3 0x8000e938 (0x03a37263)
core   0: 0x8000e95c (0x017b8eb3) add     t4, s7, s7
core   0: 3 0x8000e95c (0x017b8eb3) x29 0xfffffffe
core   0: 0x8000e960 (0x00008c71) c.and   s0, a2
core   0: 3 0x8000e960 (0x8c71) x 8 0x29abffe2
core   0: 0x8000e962 (0xfa0c3e93) sltiu   t4, s8, -96
core   0: 3 0x8000e962 (0xfa0c3e93) x29 0x00000001
core   0: 0x8000e966 (0x0075e363) bltu    a1, t2, pc + 6
core   0: 3 0x8000e966 (0x0075e363)
core   0: 0x8000e96a (0x00006c51) c.lui   s8, 0x14
core   0: 3 0x8000e96a (0x6c51) x24 0x00014000
core   0: 0x8000e96c (0x03196963) bltu    s2, a7, pc + 50
core   0: 3 0x8000e96c (0x03196963)
core   0: 0x8000e970 (0x00001c90) c.addi4spn a2, sp, 624
core   0: 3 0x8000e970 (0x1c90) x12 0x800219ce
core   0: 0x8000e972 (0x021bd7b3) divu    a5, s7, ra
core   0: 3 0x8000e972 (0x021bd7b3) x15 0x000007fe
core   0: 0x8000e976 (0x03f8d1b3) divu    gp, a7, t6
core   0: 3 0x8000e976 (0x03f8d1b3) x 3 0xffffffff
core   0: 0x8000e97a (0x34006cf3) csrrsi  s9, mscratch, 0
core   0: 3 0x8000e97a (0x34006cf3) x25 0x0000001d
core   0: 0x8000e97e (0x0000189c) c.addi4spn a5, sp, 112
core   0: 3 0x8000e97e (0x189c) x15 0x800217ce
core   0: 0x8000e980 (0x0ff0000f) fence   iorw,iorw
core   0: 3 0x8000e980 (0x0ff0000f)
core   0: 0x8000e984 (0x00008fd5) c.or    a5, a3
core   0: 3 0x8000e984 (0x8fd5) x15 0x80021ffe
core   0: 0x8000e986 (0xb8f16593) ori     a1, sp, -1137
core   0: 3 0x8000e986 (0xb8f16593) x11 0xffffffdf
core   0: 0x8000e98a (0x00008c61) c.and   s0, s0
core   0: 3 0x8000e98a (0x8c61) x 8 0x29abffe2
core   0: 0x8000e98c (0x6e490d13) addi    s10, s2, 1764
core   0: 3 0x8000e98c (0x6e490d13) x26 0x29ac06c6
core   0: 0x8000e990 (0x00000001) c.nop
core   0: 3 0x8000e990 (0x0001)
core   0: 0x8000e992 (0xb6fafa13) andi    s4, s5, -1169
core   0: 3 0x8000e992 (0xb6fafa13) x20 0x29abfb6f
core   0: 0x8000e996 (0x03dcf533) remu    a0, s9, t4
core   0: 3 0x8000e996 (0x03dcf533) x10 0x00000000
core   0: 0x8000e99a (0x00c59913) slli    s2, a1, 12
core   0: 3 0x8000e99a (0x00c59913) x18 0xfffdf000
core   0: 0x8000e99e (0x000084ed) c.srai  s1, 27
core   0: 3 0x8000e99e (0x84ed) x 9 0x00000000
core   0: 0x8000e9a0 (0x340ed9f3) csrrwi  s3, mscratch, 29
core   0: 3 0x8000e9a0 (0x340ed9f3) x19 0x0000001d c832_mscratch 0x0000001d
core   0: 0x8000e9a4 (0x4161d833) sra     a6, gp, s6
core   0: 3 0x8000e9a4 (0x4161d833) x16 0xffffffff
core   0: 0x8000e9a8 (0x01b16bb3) or      s7, sp, s11
core   0: 3 0x8000e9a8 (0x01b16bb3) x23 0x87031f5e
core   0: 0x8000e9ac (0x415b56b3) sra     a3, s6, s5
core   0: 3 0x8000e9ac (0x415b56b3) x13 0x00000000
core   0: 0x8000e9b0 (0x02cd9333) mulh    t1, s11, a2
core   0: 3 0x8000e9b0 (0x02cd9333) x 6 0xfc7f8930
core   0: 0x8000e9b4 (0xcf718513) addi    a0, gp, -777
core   0: 3 0x8000e9b4 (0xcf718513) x10 0xfffffcf6
core   0: 0x8000e9b8 (0x01337033) and     zero, t1, s3
core   0: 3 0x8000e9b8 (0x01337033)
core   0: 0x8000e9bc (0x00008fa1) c.xor   a5, s0
core   0: 3 0x8000e9bc (0x8fa1) x15 0xa9a9e01c
core   0: 0x8000e9be (0x026dcb33) div     s6, s11, t1
core   0: 3 0x8000e9be (0x026dcb33) x22 0xfffffffe
core   0: 0x8000e9c2 (0x00000001) c.nop
core   0: 3 0x8000e9c2 (0x0001)
core   0: 0x8000e9c4 (0x02b5df63) bge     a1, a1, pc + 62
core   0: 3 0x8000e9c4 (0x02b5df63)
core   0: 0x8000ea02 (0xcbae3b93) sltiu   s7, t3, -838
core   0: 3 0x8000ea02 (0xcbae3b93) x23 0x00000001
core   0: 0x8000ea06 (0x019d6eb3) or      t4, s10, s9
core   0: 3 0x8000ea06 (0x019d6eb3) x29 0x29ac06df
core   0: 0x8000ea0a (0x00000001) c.nop
core   0: 3 0x8000ea0a (0x0001)
core   0: 0x8000ea0c (0x00004e25) c.li    t3, 9
core   0: 3 0x8000ea0c (0x4e25) x28 0x00000009
core   0: 0x8000ea0e (0xdf297313) andi    t1, s2, -526
core   0: 3 0x8000ea0e (0xdf297313) x 6 0xfffdf000
core   0: 0x8000ea12 (0x034da9b3) mulhsu  s3, s11, s4
core   0: 3 0x8000ea12 (0x034da9b3) x19 0x0123df58
core   0: 0x8000ea16 (0x00008fb9) c.xor   a5, a4
core   0: 3 0x8000ea16 (0x8fb9) x15 0xa1a9e01c
core   0: 0x8000ea18 (0xd6e23693) sltiu   a3, tp, -658
core   0: 3 0x8000ea18 (0xd6e23693) x13 0x00000001
core   0: 0x8000ea1c (0x00006159) c.addi16sp sp, 400
core   0: 3 0x8000ea1c (0x6159) x 2 0x800218ee
core   0: 0x8000ea1e (0x00000001) c.nop
core   0: 3 0x8000ea1e (0x0001)
core   0: 0x8000ea20 (0x00008c01) c.sub   s0, s0
core   0: 3 0x8000ea20 (0x8c01) x 8 0x00000000
core   0: 0x8000ea22 (0xc45e8613) addi    a2, t4, -955
core   0: 3 0x8000ea22 (0xc45e8613) x12 0x29ac0324
core   0: 0x8000ea26 (0x340dec73) csrrsi  s8, mscratch, 27
core   0: 3 0x8000ea26 (0x340dec73) x24 0x0000001d c832_mscratch 0x0000001f
core   0: 0x8000ea2a (0x0ff0000f) fence   iorw,iorw
core   0: 3 0x8000ea2a (0x0ff0000f)
core   0: 0x8000ea2e (0x000082d5) c.srli  a3, 21
core   0: 3 0x8000ea2e (0x82d5) x13 0x00000000
core   0: 0x8000ea30 (0x00008815) c.andi  s0, 5
core   0: 3 0x8000ea30 (0x8815) x 8 0x00000000
core   0: 0x8000ea32 (0x41b10c13) addi    s8, sp, 1051
core   0: 3 0x8000ea32 (0x41b10c13) x24 0x80021d09
core   0: 0x8000ea36 (0xc4b5ae93) slti    t4, a1, -949
core   0: 3 0x8000ea36 (0xc4b5ae93) x29 0x00000000
core   0: 0x8000ea3a (0x00d2e633) or      a2, t0, a3
core   0: 3 0x8000ea3a (0x00d2e633) x12 0x80028e74
core   0: 0x8000ea3e (0x0180f0b3) and     ra, ra, s8
core   0: 3 0x8000ea3e (0x0180f0b3) x 1 0x00000400
core   0: 0x8000ea42 (0xf0944913) xori    s2, s0, -247
core   0: 3 0x8000ea42 (0xf0944913) x18 0xffffff09
core   0: 0x8000ea46 (0x00000001) c.nop
core   0: 3 0x8000ea46 (0x0001)
core   0: 0x8000ea48 (0x0000828d) c.srli  a3, 3
core   0: 3 0x8000ea48 (0x828d) x13 0x00000000
core   0: 0x8000ea4a (0x41dcdfb3) sra     t6, s9, t4
core   0: 3 0x8000ea4a (0x41dcdfb3) x31 0x0000001d
core   0: 0x8000ea4e (0xbed6be97) auipc   t4, 0xbed6b
core   0: 3 0x8000ea4e (0xbed6be97) x29 0x3ed79a4e
core   0: 0x8000ea52 (0x030336b3) mulhu   a3, t1, a6
core   0: 3 0x8000ea52 (0x030336b3) x13 0xfffdefff
core   0: 0x8000ea56 (0x00006b55) c.lui   s6, 0x15
core   0: 3 0x8000ea56 (0x6b55) x22 0x00015000
core   0: 0x8000ea58 (0x00001700) c.addi4spn s0, sp, 928
core   0: 3 0x8000ea58 (0x1700) x 8 0x80021c8e
core   0: 0x8000ea5a (0x0000100f) fence.i
core   0: 3 0x8000ea5a (0x0000100f)
core   0: 0x8000ea5e (0x00008d09) c.sub   a0, a0
core   0: 3 0x8000ea5e (0x8d09) x10 0x00000000
core   0: 0x8000ea60 (0x0009cd63) bltz    s3, pc + 26
core   0: 3 0x8000ea60 (0x0009cd63)
core   0: 0x8000ea64 (0x00177763) bgeu    a4, ra, pc + 14
core   0: 3 0x8000ea64 (0x00177763)
core   0: 0x8000ea72 (0x0000c505) c.beqz  a0, pc + 40
core   0: 3 0x8000ea72 (0xc505)
core   0: 0x8000ea9a (0x03b7cb63) blt     a5, s11, pc + 54
core   0: 3 0x8000ea9a (0x03b7cb63)
core   0: 0x8000ead0 (0x00ba5eb3) srl     t4, s4, a1
core   0: 3 0x8000ead0 (0x00ba5eb3) x29 0x00000000
core   0: 0x8000ead4 (0x0000c321) c.beqz  a4, pc + 64
core   0: 3 0x8000ead4 (0xc321)
core   0: 0x8000ead6 (0x0181c7b3) xor     a5, gp, s8
core   0: 3 0x8000ead6 (0x0181c7b3) x15 0x7ffde2f6
core   0: 0x8000eada (0x03f2f363) bgeu    t0, t6, pc + 38
core   0: 3 0x8000eada (0x03f2f363)
core   0: 0x8000eb00 (0x7903ee97) auipc   t4, 0x7903e
core   0: 3 0x8000eb00 (0x7903ee97) x29 0xf904cb00
core   0: 0x8000eb04 (0x0ff0000f) fence   iorw,iorw
core   0: 3 0x8000eb04 (0x0ff0000f)
core   0: 0x8000eb08 (0x0000831d) c.srli  a4, 7
core   0: 3 0x8000eb08 (0x831d) x14 0x00100000
core   0: 0x8000eb0a (0x34007173) csrrci  sp, mscratch, 0
core   0: 3 0x8000eb0a (0x34007173) x 2 0x0000001f
core   0: 0x8000eb0e (0x01cd1633) sll     a2, s10, t3
core   0: 3 0x8000eb0e (0x01cd1633) x12 0x580d8c00
core   0: 0x8000eb12 (0x0000547d) c.li    s0, -1
core   0: 3 0x8000eb12 (0x547d) x 8 0xffffffff
core   0: 0x8000eb14 (0xa1b58313) addi    t1, a1, -1509
core   0: 3 0x8000eb14 (0xa1b58313) x 6 0xfffff9fa
core   0: 0x8000eb18 (0x00008c79) c.and   s0, a4
core   0: 3 0x8000eb18 (0x8c79) x 8 0x00100000
core   0: 0x8000eb1a (0x02b34933) div     s2, t1, a1
core   0: 3 0x8000eb1a (0x02b34933) x18 0x0000002e
core   0: 0x8000eb1e (0x00eefdb3) and     s11, t4, a4
core   0: 3 0x8000eb1e (0x00eefdb3) x27 0x00000000
core   0: 0x8000eb22 (0x017b8033) add     zero, s7, s7
core   0: 3 0x8000eb22 (0x017b8033)
core   0: 0x8000eb26 (0x03356c63) bltu    a0, s3, pc + 56
core   0: 3 0x8000eb26 (0x03356c63)
core   0: 0x8000eb5e (0x00008c3d) c.xor   s0, a5
core   0: 3 0x8000eb5e (0x8c3d) x 8 0x7fede2f6
core   0: 0x8000eb60 (0x03bf15b3) mulh    a1, t5, s11
core   0: 3 0x8000eb60 (0x03bf15b3) x11 0x00000000
core   0: 0x8000eb64 (0x00e24333) xor     t1, tp, a4
core   0: 3 0x8000eb64 (0x00e24333) x 6 0x24583510
core   0: 0x8000eb68 (0x34087273) csrrci  tp, mscratch, 16
core   0: 3 0x8000eb68 (0x34087273) x 4 0x0000001f c832_mscratch 0x0000000f
core   0: 0x8000eb6c (0x00008f29) c.xor   a4, a0
core   0: 3 0x8000eb6c (0x8f29) x14 0x00100000
core   0: 0x8000eb6e (0x02163133) mulhu   sp, a2, ra
core   0: 3 0x8000eb6e (0x02163133) x 2 0x00000160
core   0: 0x8000eb72 (0x00008455) c.srai  s0, 21
core   0: 3 0x8000eb72 (0x8455) x 8 0x000003ff
core   0: 0x8000eb74 (0x011e9a33) sll     s4, t4, a7
core   0: 3 0x8000eb74 (0x011e9a33) x20 0x99600000
core   0: 0x8000eb78 (0x00d987b3) add     a5, s3, a3
core   0: 3 0x8000eb78 (0x00d987b3) x15 0x0121cf57
core   0: 0x8000eb7c (0x34036c73) csrrsi  s8, mscratch, 6
core   0: 3 0x8000eb7c (0x34036c73) x24 0x0000000f c832_mscratch 0x0000000f
core   0: 0x8000eb80 (0xe2676c97) auipc   s9, 0xe2676
core   0: 3 0x8000eb80 (0xe2676c97) x25 0x62684b80
core   0: 0x8000eb84 (0x00c82cb3) slt     s9, a6, a2
core   0: 3 0x8000eb84 (0x00c82cb3) x25 0x00000001
core   0: 0x8000eb88 (0x02a8ceb3) div     t4, a7, a0
core   0: 3 0x8000eb88 (0x02a8ceb3) x29 0xffffffff
core   0: 0x8000eb8c (0x0000040a) c.slli  s0, 2
core   0: 3 0x8000eb8c (0x040a) x 8 0x00000ffc
core   0: 0x8000eb8e (0x010cd463) bge     s9, a6, pc + 8
core   0: 3 0x8000eb8e (0x010cd463)
core   0: 0x8000eb96 (0x019478b3) and     a7, s0, s9
core   0: 3 0x8000eb96 (0x019478b3) x17 0x00000000
core   0: 0x8000eb9a (0x00001614) c.addi4spn a3, sp, 800
core   0: 3 0x8000eb9a (0x1614) x13 0x00000480
core   0: 0x8000eb9c (0x03bb3c33) mulhu   s8, s6, s11
core   0: 3 0x8000eb9c (0x03bb3c33) x24 0x00000000
core   0: 0x8000eba0 (0x00005d7d) c.li    s10, -1
core   0: 3 0x8000eba0 (0x5d7d) x26 0xffffffff
core   0: 0x8000eba2 (0x00008ecd) c.or    a3, a1
core   0: 3 0x8000eba2 (0x8ecd) x13 0x00000480
core   0: 0x8000eba4 (0x04951263) bne     a0, s1, pc + 68
core   0: 3 0x8000eba4 (0x04951263)
core   0: 0x8000eba8 (0x00008731) c.srai  a4, 12
core   0: 3 0x8000eba8 (0x8731) x14 0x00000100
core   0: 0x8000ebaa (0x0000100f) fence.i
core   0: 3 0x8000ebaa (0x0000100f)
core   0: 0x8000ebae (0x00008151) c.srli  a0, 20
core   0: 3 0x8000ebae (0x8151) x10 0x00000000
core   0: 0x8000ebb0 (0x03a4de33) divu    t3, s1, s10
core   0: 3 0x8000ebb0 (0x03a4de33) x28 0x00000000
core   0: 0x8000ebb4 (0x01e65a33) srl     s4, a2, t5
core   0: 3 0x8000ebb4 (0x01e65a33) x20 0x0580d8c0
core   0: 0x8000ebb8 (0x03d6ae33) mulhsu  t3, a3, t4
core   0: 3 0x8000ebb8 (0x03d6ae33) x28 0x0000047f
core   0: 0x8000ebbc (0x00f306b3) add     a3, t1, a5
core   0: 3 0x8000ebbc (0x00f306b3) x13 0x257a0467
core   0: 0x8000ebc0 (0x00008b4e) c.mv    s6, s3
core   0: 3 0x8000ebc0 (0x8b4e) x22 0x0123df58
core   0: 0x8000ebc2 (0x340079f3) csrrci  s3, mscratch, 0
core   0: 3 0x8000ebc2 (0x340079f3) x19 0x0000000f
core   0: 0x8000ebc6 (0x027fed63) bltu    t6, t2, pc + 58
core   0: 3 0x8000ebc6 (0x027fed63)
core   0: 0x8000ebca (0x003adc33) srl     s8, s5, gp
core   0: 3 0x8000ebca (0x003adc33) x24 0x00000000
core   0: 0x8000ebce (0x00421713) slli    a4, tp, 4
core   0: 3 0x8000ebce (0x00421713) x14 0x000001f0
core   0: 0x8000ebd2 (0x0ff0000f) fence   iorw,iorw
core   0: 3 0x8000ebd2 (0x0ff0000f)
core   0: 0x8000ebd6 (0x000084e9) c.srai  s1, 26
core   0: 3 0x8000ebd6 (0x84e9) x 9 0x00000000
core   0: 0x8000ebd8 (0x00006131) c.addi16sp sp, 320
core   0: 3 0x8000ebd8 (0x6131) x 2 0x000002a0
core   0: 0x8000ebda (0x34006273) csrrsi  tp, mscratch, 0
core   0: 3 0x8000ebda (0x34006273) x 4 0x0000000f
core   0: 0x8000ebde (0x025a7d33) remu    s10, s4, t0
core   0: 3 0x8000ebde (0x025a7d33) x26 0x0580d8c0
core   0: 0x8000ebe2 (0x00008e45) c.or    a2, s1
core   0: 3 0x8000ebe2 (0x8e45) x12 0x580d8c00
core   0: 0x8000ebe4 (0x6c941d17) auipc   s10, 0x6c941
core   0: 3 0x8000ebe4 (0x6c941d17) x26 0xec94fbe4
core   0: 0x8000ebe8 (0x00008b6d) c.andi  a4, 27
core   0: 3 0x8000ebe8 (0x8b6d) x14 0x00000010
core   0: 0x8000ebea (0x00005a7d) c.li    s4, -1
core   0: 3 0x8000ebea (0x5a7d) x20 0xffffffff
core   0: 0x8000ebec (0x00008d7d) c.and   a0, a5
core   0: 3 0x8000ebec (0x8d7d) x10 0x00000000
core   0: 0x8000ebee (0x02c268b3) rem     a7, tp, a2
core   0: 3 0x8000ebee (0x02c268b3) x17 0x0000000f
core   0: 0x8000ebf2 (0x340069f3) csrrsi  s3, mscratch, 0
core   0: 3 0x8000ebf2 (0x340069f3) x19 0x0000000f
core   0: 0x8000ebf6 (0x005eb933) sltu    s2, t4, t0
core   0: 3 0x8000ebf6 (0x005eb933) x18 0x00000000
core   0: 0x8000ebfa (0x00000001) c.nop
core   0: 3 0x8000ebfa (0x0001)
core   0: 0x8000ebfc (0x34006873) csrrsi  a6, mscratch, 0
core   0: 3 0x8000ebfc (0x34006873) x16 0x0000000f
core   0: 0x8000ec00 (0x00431b93) slli    s7, t1, 4
core   0: 3 0x8000ec00 (0x00431b93) x23 0x45835100
core   0: 0x8000ec04 (0x34cd8c13) addi    s8, s11, 844
core   0: 3 0x8000ec04 (0x34cd8c13) x24 0x0000034c
core   0: 0x8000ec08 (0x0000c51d) c.beqz  a0, pc + 46
core   0: 3 0x8000ec08 (0xc51d)
core   0: 0x8000ec36 (0x00008e51) c.or    a2, a2
core   0: 3 0x8000ec36 (0x8e51) x12 0x580d8c00
core   0: 0x8000ec38 (0x00008cc1) c.or    s1, s0
core   0: 3 0x8000ec38 (0x8cc1) x 9 0x00000ffc
core   0: 0x8000ec3a (0x03f1fbb3) remu    s7, gp, t6
core   0: 3 0x8000ec3a (0x03f1fbb3) x23 0x0000000f
core   0: 0x8000ec3e (0x09894663) blt     s2, s8, pc + 140
core   0: 3 0x8000ec3e (0x09894663)
core   0: 0x8000ecca (0x000009c6) c.slli  s3, 17
core   0: 3 0x8000ecca (0x09c6) x19 0x001e0000
core   0: 0x8000eccc (0x0151afb3) slt     t6, gp, s5
core   0: 3 0x8000eccc (0x0151afb3) x31 0x00000001
core   0: 0x8000ecd0 (0xd9a5f097) auipc   ra, 0xd9a5f
core   0: 3 0x8000ecd0 (0xd9a5f097) x 1 0x59a6dcd0
core   0: 0x8000ecd4 (0x00006cd1) c.lui   s9, 0x14
core   0: 3 0x8000ecd4 (0x6cd1) x25 0x00014000
core   0: 0x8000ecd6 (0xcef06313) ori     t1, zero, -785
core   0: 3 0x8000ecd6 (0xcef06313) x 6 0xfffffcef
core   0: 0x8000ecda (0x00008f51) c.or    a4, a2
core   0: 3 0x8000ecda (0x8f51) x14 0x580d8c10
core   0: 0x8000ecdc (0x00006159) c.addi16sp sp, 400
core   0: 3 0x8000ecdc (0x6159) x 2 0x00000430
core   0: 0x8000ecde (0x023dbbb3) mulhu   s7, s11, gp
core   0: 3 0x8000ecde (0x023dbbb3) x23 0x00000000
core   0: 0x8000ece2 (0x0000717d) c.addi16sp sp, -16
core   0: 3 0x8000ece2 (0x717d) x 2 0x00000420
core   0: 0x8000ece4 (0x955a8e13) addi    t3, s5, -1707
core   0: 3 0x8000ece4 (0x955a8e13) x28 0x29abf954
core   0: 0x8000ece8 (0x3406dcf3) csrrwi  s9, mscratch, 13
core   0: 3 0x8000ece8 (0x3406dcf3) x25 0x0000000f c832_mscratch 0x0000000d
core   0: 0x8000ecec (0x46442413) slti    s0, s0, 1124
core   0: 3 0x8000ecec (0x46442413) x 8 0x00000000
core   0: 0x8000ecf0 (0x05b91263) bne     s2, s11, pc + 68
core   0: 3 0x8000ecf0 (0x05b91263)
core   0: 0x8000ecf4 (0x0000717d) c.addi16sp sp, -16
core   0: 3 0x8000ecf4 (0x717d) x 2 0x00000410
core   0: 0x8000ecf6 (0x41025313) srai    t1, tp, 16
core   0: 3 0x8000ecf6 (0x41025313) x 6 0x00000000
core   0: 0x8000ecfa (0x02d3bd33) mulhu   s10, t2, a3
core   0: 3 0x8000ecfa (0x02d3bd33) x26 0x00000000
core   0: 0x8000ecfe (0x00af4563) blt     t5, a0, pc + 10
core   0: 3 0x8000ecfe (0x00af4563)
core   0: 0x8000ed08 (0xbe3a3b13) sltiu   s6, s4, -1053
core   0: 3 0x8000ed08 (0xbe3a3b13) x22 0x00000000
core   0: 0x8000ed0c (0xe07d8e93) addi    t4, s11, -505
core   0: 3 0x8000ed0c (0xe07d8e93) x29 0xfffffe07
core   0: 0x8000ed10 (0x21558913) addi    s2, a1, 533
core   0: 3 0x8000ed10 (0x21558913) x18 0x00000215
core   0: 0x8000ed14 (0x00008ee1) c.and   a3, s0
core   0: 3 0x8000ed14 (0x8ee1) x13 0x00000000
core   0: 0x8000ed16 (0x000087bd) c.srai  a5, 15
core   0: 3 0x8000ed16 (0x87bd) x15 0x00000243
core   0: 0x8000ed18 (0x00614d33) xor     s10, sp, t1
core   0: 3 0x8000ed18 (0x00614d33) x26 0x00000410
core   0: 0x8000ed1c (0x0000100f) fence.i
core   0: 3 0x8000ed1c (0x0000100f)
core   0: 0x8000ed20 (0x2b8a79b7) lui     s3, 0x2b8a7
core   0: 3 0x8000ed20 (0x2b8a79b7) x19 0x2b8a7000
core   0: 0x8000ed24 (0x02a57193) andi    gp, a0, 42
core   0: 3 0x8000ed24 (0x02a57193) x 3 0x00000000
core   0: 0x8000ed28 (0x0167e563) bltu    a5, s6, pc + 10
core   0: 3 0x8000ed28 (0x0167e563)
core   0: 0x8000ed2c (0x0ff0000f) fence   iorw,iorw
core   0: 3 0x8000ed2c (0x0ff0000f)
core   0: 0x8000ed30 (0x000098fa) c.add   a7, t5
core   0: 3 0x8000ed30 (0x98fa) x17 0x8002cd33
core   0: 0x8000ed32 (0x00008e8d) c.sub   a3, a1
core   0: 3 0x8000ed32 (0x8e8d) x13 0x00000000
core   0: 0x8000ed34 (0x0000ea8d) c.bnez  a3, pc + 50
core   0: 3 0x8000ed34 (0xea8d)
core   0: 0x8000ed36 (0x00008c1e) c.mv    s8, t2
core   0: 3 0x8000ed36 (0x8c1e) x24 0x00000006
core   0: 0x8000ed38 (0x3404eff3) csrrsi  t6, mscratch, 9
core   0: 3 0x8000ed38 (0x3404eff3) x31 0x0000000d c832_mscratch 0x0000000d
core   0: 0x8000ed3c (0x00008da5) c.xor   a1, s1
core   0: 3 0x8000ed3c (0x8da5) x11 0x00000ffc
core   0: 0x8000ed3e (0x01104b33) xor     s6, zero, a7
core   0: 3 0x8000ed3e (0x01104b33) x22 0x8002cd33
core   0: 0x8000ed42 (0x03e93b33) mulhu   s6, s2, t5
core   0: 3 0x8000ed42 (0x03e93b33) x22 0x0000010a
core   0: 0x8000ed46 (0x0000100f) fence.i
core   0: 3 0x8000ed46 (0x0000100f)
core   0: 0x8000ed4a (0x00008db5) c.xor   a1, a3
core   0: 3 0x8000ed4a (0x8db5) x11 0x00000ffc
core   0: 0x8000ed4c (0x646cba93) sltiu   s5, s9, 1606
core   0: 3 0x8000ed4c (0x646cba93) x21 0x00000001
core   0: 0x8000ed50 (0x00008829) c.andi  s0, 10
core   0: 3 0x8000ed50 (0x8829) x 8 0x00000000
core   0: 0x8000ed52 (0x34002ef3) csrr    t4, mscratch
core   0: 3 0x8000ed52 (0x34002ef3) x29 0x0000000d
core   0: 0x8000ed56 (0x0107a7b3) slt     a5, a5, a6
core   0: 3 0x8000ed56 (0x0107a7b3) x15 0x00000000
core   0: 0x8000ed5a (0x340037f3) csrrc   a5, mscratch, zero
core   0: 3 0x8000ed5a (0x340037f3) x15 0x0000000d
core   0: 0x8000ed5e (0x013ee5b3) or      a1, t4, s3
core   0: 3 0x8000ed5e (0x013ee5b3) x11 0x2b8a700d
core   0: 0x8000ed62 (0x02e9cf63) blt     s3, a4, pc + 62
core   0: 3 0x8000ed62 (0x02e9cf63)
core   0: 0x8000eda0 (0x016d8cb3) add     s9, s11, s6
core   0: 3 0x8000eda0 (0x016d8cb3) x25 0x0000010a
core   0: 0x8000eda4 (0x692aed93) ori     s11, s5, 1682
core   0: 3 0x8000eda4 (0x692aed93) x27 0x00000693
core   0: 0x8000eda8 (0x00315593) srli    a1, sp, 3
core   0: 3 0x8000eda8 (0x00315593) x11 0x00000082
core   0: 0x8000edac (0x0000c605) c.beqz  a2, pc + 40
core   0: 3 0x8000edac (0xc605)
core   0: 0x8000edae (0x75f5c913) xori    s2, a1, 1887
core   0: 3 0x8000edae (0x75f5c913) x18 0x000007dd
core   0: 0x8000edb2 (0x40cd5db3) sra     s11, s10, a2
core   0: 3 0x8000edb2 (0x40cd5db3) x27 0x00000410
core   0: 0x8000edb6 (0x00009ade) c.add   s5, s7
core   0: 3 0x8000edb6 (0x9ade) x21 0x00000001
core   0: 0x8000edb8 (0x02c359b3) divu    s3, t1, a2
core   0: 3 0x8000edb8 (0x02c359b3) x19 0x00000000
core   0: 0x8000edbc (0x00229d93) slli    s11, t0, 2
core   0: 3 0x8000edbc (0x00229d93) x27 0x000a39d0
core   0: 0x8000edc0 (0x04b60063) beq     a2, a1, pc + 64
core   0: 3 0x8000edc0 (0x04b60063)
core   0: 0x8000edc4 (0x02db00b3) mul     ra, s6, a3
core   0: 3 0x8000edc4 (0x02db00b3) x 1 0x00000000
core   0: 0x8000edc8 (0x00008f4d) c.or    a4, a1
core   0: 3 0x8000edc8 (0x8f4d) x14 0x580d8c92
core   0: 0x8000edca (0x001a1513) slli    a0, s4, 1
core   0: 3 0x8000edca (0x001a1513) x10 0xfffffffe
core   0: 0x8000edce (0x1e23b613) sltiu   a2, t2, 482
core   0: 3 0x8000edce (0x1e23b613) x12 0x00000001
core   0: 0x8000edd2 (0x00000001) c.nop
core   0: 3 0x8000edd2 (0x0001)
core   0: 0x8000edd4 (0x01d91233) sll     tp, s2, t4
core   0: 3 0x8000edd4 (0x01d91233) x 4 0x00fba000
core   0: 0x8000edd8 (0x1924e013) ori     zero, s1, 402
core   0: 3 0x8000edd8 (0x1924e013)
core   0: 0x8000eddc (0xfd0eed93) ori     s11, t4, -48
core   0: 3 0x8000eddc (0xfd0eed93) x27 0xffffffdd
core   0: 0x8000ede0 (0x02d35633) divu    a2, t1, a3
core   0: 3 0x8000ede0 (0x02d35633) x12 0xffffffff
core   0: 0x8000ede4 (0x340d5a73) csrrwi  s4, mscratch, 26
core   0: 3 0x8000ede4 (0x340d5a73) x20 0x0000000d c832_mscratch 0x0000001a
core   0: 0x8000ede8 (0x02134db3) div     s11, t1, ra
core   0: 3 0x8000ede8 (0x02134db3) x27 0xffffffff
core   0: 0x8000edec (0x340069f3) csrrsi  s3, mscratch, 0
core   0: 3 0x8000edec (0x340069f3) x19 0x0000001a
core   0: 0x8000edf0 (0x34007b73) csrrci  s6, mscratch, 0
core   0: 3 0x8000edf0 (0x34007b73) x22 0x0000001a
core   0: 0x8000edf4 (0x01085313) srli    t1, a6, 16
core   0: 3 0x8000edf4 (0x01085313) x 6 0x00000000
core   0: 0x8000edf8 (0x40a5d333) sra     t1, a1, a0
core   0: 3 0x8000edf8 (0x40a5d333) x 6 0x00000000
core   0: 0x8000edfc (0x026be233) rem     tp, s7, t1
core   0: 3 0x8000edfc (0x026be233) x 4 0x00000000
core   0: 0x8000ee00 (0x40115533) sra     a0, sp, ra
core   0: 3 0x8000ee00 (0x40115533) x10 0x00000410
core   0: 0x8000ee04 (0x0000100f) fence.i
core   0: 3 0x8000ee04 (0x0000100f)
core   0: 0x8000ee08 (0x000014fd) c.addi  s1, -1
core   0: 3 0x8000ee08 (0x14fd) x 9 0x00000ffb
core   0: 0x8000ee0a (0x01d18d33) add     s10, gp, t4
core   0: 3 0x8000ee0a (0x01d18d33) x26 0x0000000d
core   0: 0x8000ee0e (0x0ff0000f) fence   iorw,iorw
core   0: 3 0x8000ee0e (0x0ff0000f)
core   0: 0x8000ee12 (0xa77067b7) lui     a5, 0xa7706
core   0: 3 0x8000ee12 (0xa77067b7) x15 0xa7706000
core   0: 0x8000ee16 (0x00cdd6b3) srl     a3, s11, a2
core   0: 3 0x8000ee16 (0x00cdd6b3) x13 0x00000001
core   0: 0x8000ee1a (0x340026f3) csrr    a3, mscratch
core   0: 3 0x8000ee1a (0x340026f3) x13 0x0000001a
core   0: 0x8000ee1e (0x615bf493) andi    s1, s7, 1557
core   0: 3 0x8000ee1e (0x615bf493) x 9 0x00000000
core   0: 0x8000ee22 (0x01d85c13) srli    s8, a6, 29
core   0: 3 0x8000ee22 (0x01d85c13) x24 0x00000000
core   0: 0x8000ee26 (0xcd418f93) addi    t6, gp, -812
core   0: 3 0x8000ee26 (0xcd418f93) x31 0xfffffcd4
core   0: 0x8000ee2a (0x010ba033) slt     zero, s7, a6
core   0: 3 0x8000ee2a (0x010ba033)
core   0: 0x8000ee2e (0x0000cd1d) c.beqz  a0, pc + 62
core   0: 3 0x8000ee2e (0xcd1d)
core   0: 0x8000ee30 (0x023564b3) rem     s1, a0, gp
core   0: 3 0x8000ee30 (0x023564b3) x 9 0x00000410
core   0: 0x8000ee34 (0x00006ac5) c.lui   s5, 0x11
core   0: 3 0x8000ee34 (0x6ac5) x21 0x00011000
core   0: 0x8000ee36 (0x0000100f) fence.i
core   0: 3 0x8000ee36 (0x0000100f)
core   0: 0x8000ee3a (0x00ec9e63) bne     s9, a4, pc + 28
core   0: 3 0x8000ee3a (0x00ec9e63)
core   0: 0x8000ee56 (0x03f287b3) mul     a5, t0, t6
core   0: 3 0x8000ee56 (0x03f287b3) x15 0xf7e42810
core   0: 0x8000ee5a (0x0000100f) fence.i
core   0: 3 0x8000ee5a (0x0000100f)
core   0: 0x8000ee5e (0x0000c89d) c.beqz  s1, pc + 54
core   0: 3 0x8000ee5e (0xc89d)
core   0: 0x8000ee60 (0x0000100f) fence.i
core   0: 3 0x8000ee60 (0x0000100f)
core   0: 0x8000ee64 (0x034ecf63) blt     t4, s4, pc + 62
core   0: 3 0x8000ee64 (0x034ecf63)
core   0: 0x8000ee68 (0x0000e691) c.bnez  a3, pc + 12
core   0: 3 0x8000ee68 (0xe691)
core   0: 0x8000ee74 (0x340bb7f3) csrrc   a5, mscratch, s7
core   0: 3 0x8000ee74 (0x340bb7f3) x15 0x0000001a c832_mscratch 0x0000001a
core   0: 0x8000ee78 (0x4129d593) srai    a1, s3, 18
core   0: 3 0x8000ee78 (0x4129d593) x11 0x00000000
core   0: 0x8000ee7c (0x00000c7e) c.slli  s8, 31
core   0: 3 0x8000ee7c (0x0c7e) x24 0x00000000
core   0: 0x8000ee7e (0x9fa85d37) lui     s10, 0x9fa85
core   0: 3 0x8000ee7e (0x9fa85d37) x26 0x9fa85000
core   0: 0x8000ee82 (0x0037de63) bge     a5, gp, pc + 28
core   0: 3 0x8000ee82 (0x0037de63)
core   0: 0x8000ee9e (0x0313e663) bltu    t2, a7, pc + 44
core   0: 3 0x8000ee9e (0x0313e663)
core   0: 0x8000eeca (0x00000001) c.nop
core   0: 3 0x8000eeca (0x0001)
core   0: 0x8000eecc (0x7312e513) ori     a0, t0, 1841
core   0: 3 0x8000eecc (0x7312e513) x10 0x80028f75
core   0: 0x8000eed0 (0x00000a5d) c.addi  s4, 23
core   0: 3 0x8000eed0 (0x0a5d) x20 0x00000024
core   0: 0x8000eed2 (0x15fa4a37) lui     s4, 0x15fa4
core   0: 3 0x8000eed2 (0x15fa4a37) x20 0x15fa4000
core   0: 0x8000eed6 (0x00000001) c.nop
core   0: 3 0x8000eed6 (0x0001)
core   0: 0x8000eed8 (0x00009afd) c.andi  a3, -1
core   0: 3 0x8000eed8 (0x9afd) x13 0x0000001a
core   0: 0x8000eeda (0x34007ef3) csrrci  t4, mscratch, 0
core   0: 3 0x8000eeda (0x34007ef3) x29 0x0000001a
core   0: 0x8000eede (0x000066b9) c.lui   a3, 0xe
core   0: 3 0x8000eede (0x66b9) x13 0x0000e000
core   0: 0x8000eee0 (0x00008fba) c.mv    t6, a4
core   0: 3 0x8000eee0 (0x8fba) x31 0x580d8c92
core   0: 0x8000eee2 (0x00000712) c.slli  a4, 4
core   0: 3 0x8000eee2 (0x0712) x14 0x80d8c920
core   0: 0x8000eee4 (0x00001818) c.addi4spn a4, sp, 48
core   0: 3 0x8000eee4 (0x1818) x14 0x00000440
core   0: 0x8000eee6 (0x010add63) bge     s5, a6, pc + 26
core   0: 3 0x8000eee6 (0x010add63)
core   0: 0x8000ef00 (0x017d70b3) and     ra, s10, s7
core   0: 3 0x8000ef00 (0x017d70b3) x 1 0x00000000
core   0: 0x8000ef04 (0x00004d19) c.li    s10, 6
core   0: 3 0x8000ef04 (0x4d19) x26 0x00000006
core   0: 0x8000ef06 (0x01065d93) srli    s11, a2, 16
core   0: 3 0x8000ef06 (0x01065d93) x27 0x0000ffff
core   0: 0x8000ef0a (0x61120413) addi    s0, tp, 1553
core   0: 3 0x8000ef0a (0x61120413) x 8 0x00000611
core   0: 0x8000ef0e (0x02943733) mulhu   a4, s0, s1
core   0: 3 0x8000ef0e (0x02943733) x14 0x00000000
core   0: 0x8000ef12 (0x00000fee) c.slli  t6, 27
core   0: 3 0x8000ef12 (0x0fee) x31 0x90000000
core   0: 0x8000ef14 (0x0056b7b3) sltu    a5, a3, t0
core   0: 3 0x8000ef14 (0x0056b7b3) x15 0x00000001
core   0: 0x8000ef18 (0x00004a55) c.li    s4, 21
core   0: 3 0x8000ef18 (0x4a55) x20 0x00000015
core   0: 0x8000ef1a (0x00008f5d) c.or    a4, a5
core   0: 3 0x8000ef1a (0x8f5d) x14 0x00000001
core   0: 0x8000ef1c (0x0223dd63) bge     t2, sp, pc + 58
core   0: 3 0x8000ef1c (0x0223dd63)
core   0: 0x8000ef20 (0x00177e33) and     t3, a4, ra
core   0: 3 0x8000ef20 (0x00177e33) x28 0x00000000
core   0: 0x8000ef24 (0x009ca933) slt     s2, s9, s1
core   0: 3 0x8000ef24 (0x009ca933) x18 0x00000001
core   0: 0x8000ef28 (0x00008de9) c.and   a1, a0
core   0: 3 0x8000ef28 (0x8de9) x11 0x00000000
core   0: 0x8000ef2a (0xf02180b7) lui     ra, 0xf0218
core   0: 3 0x8000ef2a (0xf02180b7) x 1 0xf0218000
core   0: 0x8000ef2e (0x00dad963) bge     s5, a3, pc + 18
core   0: 3 0x8000ef2e (0x00dad963)
core   0: 0x8000ef40 (0x1bc17993) andi    s3, sp, 444
core   0: 3 0x8000ef40 (0x1bc17993) x19 0x00000010
core   0: 0x8000ef44 (0x00009c06) c.add   s8, ra
core   0: 3 0x8000ef44 (0x9c06) x24 0xf0218000
core   0: 0x8000ef46 (0x000085ba) c.mv    a1, a4
core   0: 3 0x8000ef46 (0x85ba) x11 0x00000001
core   0: 0x8000ef48 (0x3409aa73) csrrs   s4, mscratch, s3
core   0: 3 0x8000ef48 (0x3409aa73) x20 0x0000001a c832_mscratch 0x0000001a
core   0: 0x8000ef4c (0x00008e9d) c.sub   a3, a5
core   0: 3 0x8000ef4c (0x8e9d) x13 0x0000dfff
core   0: 0x8000ef4e (0x000089e1) c.andi  a1, 24
core   0: 3 0x8000ef4e (0x89e1) x11 0x00000000
core   0: 0x8000ef50 (0x00944db3) xor     s11, s0, s1
core   0: 3 0x8000ef50 (0x00944db3) x27 0x00000201
core   0: 0x8000ef54 (0x0000c21d) c.beqz  a2, pc + 38
core   0: 3 0x8000ef54 (0xc21d)
core   0: 0x8000ef56 (0x034515b3) mulh    a1, a0, s4
core   0: 3 0x8000ef56 (0x034515b3) x11 0xfffffff3
core   0: 0x8000ef5a (0x033e21b3) mulhsu  gp, t3, s3
core   0: 3 0x8000ef5a (0x033e21b3) x 3 0x00000000
core   0: 0x8000ef5e (0x00751a13) slli    s4, a0, 7
core   0: 3 0x8000ef5e (0x00751a13) x20 0x0147ba80
core   0: 0x8000ef62 (0x0163a833) slt     a6, t2, s6
core   0: 3 0x8000ef62 (0x0163a833) x16 0x00000001
core   0: 0x8000ef66 (0x0000100f) fence.i
core   0: 3 0x8000ef66 (0x0000100f)
core   0: 0x8000ef6a (0x0ff0000f) fence   iorw,iorw
core   0: 3 0x8000ef6a (0x0ff0000f)
core   0: 0x8000ef6e (0x000084a9) c.srai  s1, 10
core   0: 3 0x8000ef6e (0x84a9) x 9 0x00000001
core   0: 0x8000ef70 (0x00006571) c.lui   a0, 0x1c
core   0: 3 0x8000ef70 (0x6571) x10 0x0001c000
core   0: 0x8000ef72 (0xa8764993) xori    s3, a2, -1401
core   0: 3 0x8000ef72 (0xa8764993) x19 0x00000578
core   0: 0x8000ef76 (0x0174a8b3) slt     a7, s1, s7
core   0: 3 0x8000ef76 (0x0174a8b3) x17 0x00000000
core   0: 0x8000ef7a (0x34006673) csrrsi  a2, mscratch, 0
core   0: 3 0x8000ef7a (0x34006673) x12 0x0000001a
core   0: 0x8000ef7e (0x00d81613) slli    a2, a6, 13
core   0: 3 0x8000ef7e (0x00d81613) x12 0x00002000
core   0: 0x8000ef82 (0x02cf3cb3) mulhu   s9, t5, a2
core   0: 3 0x8000ef82 (0x02cf3cb3) x25 0x00001000
core   0: 0x8000ef86 (0x00008c0a) c.mv    s8, sp
core   0: 3 0x8000ef86 (0x8c0a) x24 0x00000410
core   0: 0x8000ef88 (0x03cb0733) mul     a4, s6, t3
core   0: 3 0x8000ef88 (0x03cb0733) x14 0x00000000
core   0: 0x8000ef8c (0x001d1193) slli    gp, s10, 1
core   0: 3 0x8000ef8c (0x001d1193) x 3 0x0000000c
core   0: 0x8000ef90 (0x02f75163) bge     a4, a5, pc + 34
core   0: 3 0x8000ef90 (0x02f75163)
core   0: 0x8000ef94 (0x00d55c93) srli    s9, a0, 13
core   0: 3 0x8000ef94 (0x00d55c93) x25 0x0000000e
core   0: 0x8000ef98 (0x01856e33) or      t3, a0, s8
core   0: 3 0x8000ef98 (0x01856e33) x28 0x0001c410
core   0: 0x8000ef9c (0x3f050c93) addi    s9, a0, 1008
core   0: 3 0x8000ef9c (0x3f050c93) x25 0x0001c3f0
core   0: 0x8000efa0 (0x33907113) andi    sp, zero, 825
core   0: 3 0x8000efa0 (0x33907113) x 2 0x00000000
core   0: 0x8000efa4 (0x41675bb3) sra     s7, a4, s6
core   0: 3 0x8000efa4 (0x41675bb3) x23 0x00000000
core   0: 0x8000efa8 (0x33b94993) xori    s3, s2, 827
core   0: 3 0x8000efa8 (0x33b94993) x19 0x0000033a
core   0: 0x8000efac (0x0397dab3) divu    s5, a5, s9
core   0: 3 0x8000efac (0x0397dab3) x21 0x00000000
core   0: 0x8000efb0 (0x00000001) c.nop
core   0: 3 0x8000efb0 (0x0001)
core   0: 0x8000efb2 (0x00008389) c.srli  a5, 2
core   0: 3 0x8000efb2 (0x8389) x15 0x00000000
core   0: 0x8000efb4 (0x026d7263) bgeu    s10, t1, pc + 36
core   0: 3 0x8000efb4 (0x026d7263)
core   0: 0x8000efd8 (0x001f5733) srl     a4, t5, ra
core   0: 3 0x8000efd8 (0x001f5733) x14 0x8002cd24
core   0: 0x8000efdc (0x4106d7b3) sra     a5, a3, a6
core   0: 3 0x8000efdc (0x4106d7b3) x15 0x00006fff
core   0: 0x8000efe0 (0x011659b3) srl     s3, a2, a7
core   0: 3 0x8000efe0 (0x011659b3) x19 0x00002000
core   0: 0x8000efe4 (0x00000ca1) c.addi  s9, 8
core   0: 3 0x8000efe4 (0x0ca1) x25 0x0001c3f8
core   0: 0x8000efe6 (0x01aa8463) beq     s5, s10, pc + 8
core   0: 3 0x8000efe6 (0x01aa8463)
core   0: 0x8000efea (0x0ff0000f) fence   iorw,iorw
core   0: 3 0x8000efea (0x0ff0000f)
core   0: 0x8000efee (0x00b53133) sltu    sp, a0, a1
core   0: 3 0x8000efee (0x00b53133) x 2 0x00000001
core   0: 0x8000eff2 (0x0000008d) c.addi  ra, 3
core   0: 3 0x8000eff2 (0x008d) x 1 0xf0218003
core   0: 0x8000eff4 (0x029208b3) mul     a7, tp, s1
core   0: 3 0x8000eff4 (0x029208b3) x17 0x00000000
core   0: 0x8000eff8 (0x000089ea) c.mv    s3, s10
core   0: 3 0x8000eff8 (0x89ea) x19 0x00000006
core   0: 0x8000effa (0xa4ba8f93) addi    t6, s5, -1461
core   0: 3 0x8000effa (0xa4ba8f93) x31 0xfffffa4b
core   0: 0x8000effe (0x0000c98d) c.beqz  a1, pc + 50
core   0: 3 0x8000effe (0xc98d)
core   0: 0x8000f000 (0x00008ea5) c.xor   a3, s1
core   0: 3 0x8000f000 (0x8ea5) x13 0x0000dffe
core   0: 0x8000f002 (0x00e64d63) blt     a2, a4, pc + 26
core   0: 3 0x8000f002 (0x00e64d63)
core   0: 0x8000f006 (0x03ae0b33) mul     s6, t3, s10
core   0: 3 0x8000f006 (0x03ae0b33) x22 0x000a9860
core   0: 0x8000f00a (0x004c96b3) sll     a3, s9, tp
core   0: 3 0x8000f00a (0x004c96b3) x13 0x0001c3f8
core   0: 0x8000f00e (0x00000001) c.nop
core   0: 3 0x8000f00e (0x0001)
core   0: 0x8000f010 (0x001885b3) add     a1, a7, ra
core   0: 3 0x8000f010 (0x001885b3) x11 0xf0218003
core   0: 0x8000f014 (0x03991133) mulh    sp, s2, s9
core   0: 3 0x8000f014 (0x03991133) x 2 0x00000000
core   0: 0x8000f018 (0x9cb9e213) ori     tp, s3, -1589
core   0: 3 0x8000f018 (0x9cb9e213) x 4 0xfffff9cf
core   0: 0x8000f01c (0x0339cfb3) div     t6, s3, s3
core   0: 3 0x8000f01c (0x0339cfb3) x31 0x00000001
core   0: 0x8000f020 (0x035d78b3) remu    a7, s10, s5
core   0: 3 0x8000f020 (0x035d78b3) x17 0x00000006
core   0: 0x8000f024 (0xb262e013) ori     zero, t0, -1242
core   0: 3 0x8000f024 (0xb262e013)
core   0: 0x8000f028 (0x02095fb3) divu    t6, s2, zero
core   0: 3 0x8000f028 (0x02095fb3) x31 0xffffffff
core   0: 0x8000f02c (0x340066f3) csrrsi  a3, mscratch, 0
core   0: 3 0x8000f02c (0x340066f3) x13 0x0000001a
core   0: 0x8000f030 (0x03febbb3) mulhu   s7, t4, t6
core   0: 3 0x8000f030 (0x03febbb3) x23 0x00000019
core   0: 0x8000f034 (0x3407a673) csrrs   a2, mscratch, a5
core   0: 3 0x8000f034 (0x3407a673) x12 0x0000001a c832_mscratch 0x00006fff
core   0: 0x8000f038 (0x01238f63) beq     t2, s2, pc + 30
core   0: 3 0x8000f038 (0x01238f63)
core   0: 0x8000f03c (0x029e2733) mulhsu  a4, t3, s1
core   0: 3 0x8000f03c (0x029e2733) x14 0x00000000
core   0: 0x8000f040 (0x00006929) c.lui   s2, 0xa
core   0: 3 0x8000f040 (0x6929) x18 0x0000a000
core   0: 0x8000f042 (0x8062e613) ori     a2, t0, -2042
core   0: 3 0x8000f042 (0x8062e613) x12 0xfffffe76
core   0: 0x8000f046 (0x02f1d533) divu    a0, gp, a5
core   0: 3 0x8000f046 (0x02f1d533) x10 0x00000000
core   0: 0x8000f04a (0xd6b1b093) sltiu   ra, gp, -661
core   0: 3 0x8000f04a (0xd6b1b093) x 1 0x00000001
core   0: 0x8000f04e (0x03cd5c33) divu    s8, s10, t3
core   0: 3 0x8000f04e (0x03cd5c33) x24 0x00000000
core   0: 0x8000f052 (0x4a0f0c13) addi    s8, t5, 1184
core   0: 3 0x8000f052 (0x4a0f0c13) x24 0x8002d1c4
core   0: 0x8000f056 (0x0000c509) c.beqz  a0, pc + 10
core   0: 3 0x8000f056 (0xc509)
core   0: 0x8000f060 (0x02722ab3) mulhsu  s5, tp, t2
core   0: 3 0x8000f060 (0x02722ab3) x21 0xffffffff
core   0: 0x8000f064 (0x340954f3) csrrwi  s1, mscratch, 18
core   0: 3 0x8000f064 (0x340954f3) x 9 0x00006fff c832_mscratch 0x00000012
core   0: 0x8000f068 (0x00009bfd) c.andi  a5, -1
core   0: 3 0x8000f068 (0x9bfd) x15 0x00006fff
core   0: 0x8000f06a (0x0384c763) blt     s1, s8, pc + 46
core   0: 3 0x8000f06a (0x0384c763)
core   0: 0x8000f06e (0x026e37b3) mulhu   a5, t3, t1
core   0: 3 0x8000f06e (0x026e37b3) x15 0x00000000
core   0: 0x8000f072 (0x0382b933) mulhu   s2, t0, s8
core   0: 3 0x8000f072 (0x0382b933) x18 0x4002b023
core   0: 0x8000f076 (0x046bc263) blt     s7, t1, pc + 68
core   0: 3 0x8000f076 (0x046bc263)
core   0: 0x8000f07a (0x02332033) mulhsu  zero, t1, gp
core   0: 3 0x8000f07a (0x02332033)
core   0: 0x8000f07e (0x340eb573) csrrc   a0, mscratch, t4
core   0: 3 0x8000f07e (0x340eb573) x10 0x00000012 c832_mscratch 0x00000000
core   0: 0x8000f082 (0x00008dd5) c.or    a1, a3
core   0: 3 0x8000f082 (0x8dd5) x11 0xf021801b
core   0: 0x8000f084 (0x02ae4b63) blt     t3, a0, pc + 54
core   0: 3 0x8000f084 (0x02ae4b63)
core   0: 0x8000f088 (0x005bec33) or      s8, s7, t0
core   0: 3 0x8000f088 (0x005bec33) x24 0x80028e7d
core   0: 0x8000f08c (0x01024e63) blt     tp, a6, pc + 28
core   0: 3 0x8000f08c (0x01024e63)
core   0: 0x8000f0a8 (0xcc71bd13) sltiu   s10, gp, -825
core   0: 3 0x8000f0a8 (0xcc71bd13) x26 0x00000001
core   0: 0x8000f0ac (0x00ec4133) xor     sp, s8, a4
core   0: 3 0x8000f0ac (0x00ec4133) x 2 0x80028e7d
core   0: 0x8000f0b0 (0x00aa71b3) and     gp, s4, a0
core   0: 3 0x8000f0b0 (0x00aa71b3) x 3 0x00000000
core   0: 0x8000f0b4 (0x00008919) c.andi  a0, 6
core   0: 3 0x8000f0b4 (0x8919) x10 0x00000002
core   0: 0x8000f0b6 (0x0000100f) fence.i
core   0: 3 0x8000f0b6 (0x0000100f)
core   0: 0x8000f0ba (0x00008d79) c.and   a0, a4
core   0: 3 0x8000f0ba (0x8d79) x10 0x00000000
core   0: 0x8000f0bc (0x01d3bcb3) sltu    s9, t2, t4
core   0: 3 0x8000f0bc (0x01d3bcb3) x25 0x00000001
core   0: 0x8000f0c0 (0x00424db3) xor     s11, tp, tp
core   0: 3 0x8000f0c0 (0x00424db3) x27 0x00000000
core   0: 0x8000f0c4 (0x00008d35) c.xor   a0, a3
core   0: 3 0x8000f0c4 (0x8d35) x10 0x0000001a
core   0: 0x8000f0c6 (0x40bc8533) sub     a0, s9, a1
core   0: 3 0x8000f0c6 (0x40bc8533) x10 0x0fde7fe6
core   0: 0x8000f0ca (0x0000c115) c.beqz  a0, pc + 36
core   0: 3 0x8000f0ca (0xc115)
core   0: 0x8000f0cc (0x0259a4b3) mulhsu  s1, s3, t0
core   0: 3 0x8000f0cc (0x0259a4b3) x 9 0x00000003
core   0: 0x8000f0d0 (0xb9a3e193) ori     gp, t2, -1126
core   0: 3 0x8000f0d0 (0xb9a3e193) x 3 0xfffffb9e
core   0: 0x8000f0d4 (0x00008c35) c.xor   s0, a3
core   0: 3 0x8000f0d4 (0x8c35) x 8 0x0000060b
core   0: 0x8000f0d6 (0x00008d96) c.mv    s11, t0
core   0: 3 0x8000f0d6 (0x8d96) x27 0x80028e74
core   0: 0x8000f0d8 (0x00009666) c.add   a2, s9
core   0: 3 0x8000f0d8 (0x9666) x12 0xfffffe77
core   0: 0x8000f0da (0x000082e5) c.srli  a3, 25
core   0: 3 0x8000f0da (0x82e5) x13 0x00000000
core   0: 0x8000f0dc (0x160cae93) slti    t4, s9, 352
core   0: 3 0x8000f0dc (0x160cae93) x29 0x00000001
core   0: 0x8000f0e0 (0x045d5163) bge     s10, t0, pc + 66
core   0: 3 0x8000f0e0 (0x045d5163)
core   0: 0x8000f122 (0x340590f3) csrrw   ra, mscratch, a1
core   0: 3 0x8000f122 (0x340590f3) x 1 0x00000000 c832_mscratch 0xf021801b
core   0: 0x8000f126 (0x4111d4b3) sra     s1, gp, a7
core   0: 3 0x8000f126 (0x4111d4b3) x 9 0xffffffee
core   0: 0x8000f12a (0x012be5b3) or      a1, s7, s2
core   0: 3 0x8000f12a (0x012be5b3) x11 0x4002b03b
core   0: 0x8000f12e (0x0ff0000f) fence   iorw,iorw
core   0: 3 0x8000f12e (0x0ff0000f)
core   0: 0x8000f132 (0x0181d7b3) srl     a5, gp, s8
core   0: 3 0x8000f132 (0x0181d7b3) x15 0x00000007
core   0: 0x8000f136 (0x000087a5) c.srai  a5, 9
core   0: 3 0x8000f136 (0x87a5) x15 0x00000000
core   0: 0x8000f138 (0x01c4d113) srli    sp, s1, 28
core   0: 3 0x8000f138 (0x01c4d113) x 2 0x0000000f
core   0: 0x8000f13c (0x00008c29) c.xor   s0, a0
core   0: 3 0x8000f13c (0x8c29) x 8 0x0fde79ed
core   0: 0x8000f13e (0xad77a993) slti    s3, a5, -1321
core   0: 3 0x8000f13e (0xad77a993) x19 0x00000000
core   0: 0x8000f142 (0x00340833) add     a6, s0, gp
core   0: 3 0x8000f142 (0x00340833) x16 0x0fde758b
core   0: 0x8000f146 (0x00001d84) c.addi4spn s1, sp, 752
core   0: 3 0x8000f146 (0x1d84) x 9 0x000002ff
core   0: 0x8000f148 (0xd6ebd037) lui     zero, 0xd6ebd
core   0: 3 0x8000f148 (0xd6ebd037)
core   0: 0x8000f14c (0x020e01b3) mul     gp, t3, zero
core   0: 3 0x8000f14c (0x020e01b3) x 3 0x00000000
core   0: 0x8000f150 (0x01fc9733) sll     a4, s9, t6
core   0: 3 0x8000f150 (0x01fc9733) x14 0x80000000
core   0: 0x8000f154 (0x5a096513) ori     a0, s2, 1440
core   0: 3 0x8000f154 (0x5a096513) x10 0x4002b5a3
core   0: 0x8000f158 (0x03a04f63) blt     zero, s10, pc + 62
core   0: 3 0x8000f158 (0x03a04f63)
core   0: 0x8000f196 (0x00008ca1) c.xor   s1, s0
core   0: 3 0x8000f196 (0x8ca1) x 9 0x0fde7b12
core   0: 0x8000f198 (0xf671f893) andi    a7, gp, -153
core   0: 3 0x8000f198 (0xf671f893) x17 0x00000000
core   0: 0x8000f19c (0xa4864413) xori    s0, a2, -1464
core   0: 3 0x8000f19c (0xa4864413) x 8 0x0000043f
core   0: 0x8000f1a0 (0x00beb533) sltu    a0, t4, a1
core   0: 3 0x8000f1a0 (0x00beb533) x10 0x00000001
core   0: 0x8000f1a4 (0x00000001) c.nop
core   0: 3 0x8000f1a4 (0x0001)
core   0: 0x8000f1a6 (0x03719433) mulh    s0, gp, s7
core   0: 3 0x8000f1a6 (0x03719433) x 8 0x00000000
core   0: 0x8000f1aa (0x5e6c1837) lui     a6, 0x5e6c1
core   0: 3 0x8000f1aa (0x5e6c1837) x16 0x5e6c1000
core   0: 0x8000f1ae (0x0168c233) xor     tp, a7, s6
core   0: 3 0x8000f1ae (0x0168c233) x 4 0x000a9860
core   0: 0x8000f1b2 (0x019f64b3) or      s1, t5, s9
core   0: 3 0x8000f1b2 (0x019f64b3) x 9 0x8002cd25
core   0: 0x8000f1b6 (0x0000c501) c.beqz  a0, pc + 8
core   0: 3 0x8000f1b6 (0xc501)
core   0: 0x8000f1b8 (0x00008fc5) c.or    a5, s1
core   0: 3 0x8000f1b8 (0x8fc5) x15 0x8002cd25
core   0: 0x8000f1ba (0x02e955b3) divu    a1, s2, a4
core   0: 3 0x8000f1ba (0x02e955b3) x11 0x00000000
core   0: 0x8000f1be (0x340734f3) csrrc   s1, mscratch, a4
core   0: 3 0x8000f1be (0x340734f3) x 9 0xf021801b c832_mscratch 0x7021801b
core   0: 0x8000f1c2 (0x0230b733) mulhu   a4, ra, gp
core   0: 3 0x8000f1c2 (0x0230b733) x14 0x00000000
core   0: 0x8000f1c6 (0x0000997d) c.andi  a0, -1
core   0: 3 0x8000f1c6 (0x997d) x10 0x00000001
core   0: 0x8000f1c8 (0x000081f9) c.srli  a1, 30
core   0: 3 0x8000f1c8 (0x81f9) x11 0x00000000
core   0: 0x8000f1ca (0x03106a63) bltu    zero, a7, pc + 52
core   0: 3 0x8000f1ca (0x03106a63)
core   0: 0x8000f1ce (0x0360c663) blt     ra, s6, pc + 44
core   0: 3 0x8000f1ce (0x0360c663)
core   0: 0x8000f1fa (0x76147213) andi    tp, s0, 1889
core   0: 3 0x8000f1fa (0x76147213) x 4 0x00000000
core   0: 0x8000f1fe (0x00006d55) c.lui   s10, 0x15
core   0: 3 0x8000f1fe (0x6d55) x26 0x00015000
core   0: 0x8000f200 (0x8dd87d13) andi    s10, a6, -1827
core   0: 3 0x8000f200 (0x8dd87d13) x26 0x5e6c1000
core   0: 0x8000f204 (0x042ee463) bltu    t4, sp, pc + 72
core   0: 3 0x8000f204 (0x042ee463)
core   0: 0x8000f24c (0x00008e21) c.xor   a2, s0
core   0: 3 0x8000f24c (0x8e21) x12 0xfffffe77
core   0: 0x8000f24e (0x0000ed05) c.bnez  a0, pc + 56
core   0: 3 0x8000f24e (0xed05)
core   0: 0x8000f286 (0x00008dfd) c.and   a1, a5
core   0: 3 0x8000f286 (0x8dfd) x11 0x00000000
core   0: 0x8000f288 (0x05c05463) bge     zero, t3, pc + 72
core   0: 3 0x8000f288 (0x05c05463)
core   0: 0x8000f28c (0x1afc5517) auipc   a0, 0x1afc5
core   0: 3 0x8000f28c (0x1afc5517) x10 0x9afd428c
core   0: 0x8000f290 (0x027d27b3) mulhsu  a5, s10, t2
core   0: 3 0x8000f290 (0x027d27b3) x15 0x00000002
core   0: 0x8000f294 (0x4090da13) srai    s4, ra, 9
core   0: 3 0x8000f294 (0x4090da13) x20 0x00000000
core   0: 0x8000f298 (0x45f6fa93) andi    s5, a3, 1119
core   0: 3 0x8000f298 (0x45f6fa93) x21 0x00000000
core   0: 0x8000f29c (0x0191c9b3) xor     s3, gp, s9
core   0: 3 0x8000f29c (0x0191c9b3) x19 0x00000001
core   0: 0x8000f2a0 (0x40b85b13) srai    s6, a6, 11
core   0: 3 0x8000f2a0 (0x40b85b13) x22 0x000bcd82
core   0: 0x8000f2a4 (0x34041d73) csrrw   s10, mscratch, s0
core   0: 3 0x8000f2a4 (0x34041d73) x26 0x7021801b c832_mscratch 0x00000000
core   0: 0x8000f2a8 (0x3405d473) csrrwi  s0, mscratch, 11
core   0: 3 0x8000f2a8 (0x3405d473) x 8 0x00000000 c832_mscratch 0x0000000b
core   0: 0x8000f2ac (0x01f6d4b3) srl     s1, a3, t6
core   0: 3 0x8000f2ac (0x01f6d4b3) x 9 0x00000000
core   0: 0x8000f2b0 (0x025421b3) mulhsu  gp, s0, t0
core   0: 3 0x8000f2b0 (0x025421b3) x 3 0x00000000
core   0: 0x8000f2b4 (0x0217c333) div     t1, a5, ra
core   0: 3 0x8000f2b4 (0x0217c333) x 6 0xffffffff
core   0: 0x8000f2b8 (0x014af033) and     zero, s5, s4
core   0: 3 0x8000f2b8 (0x014af033)
core   0: 0x8000f2bc (0x00f24d63) blt     tp, a5, pc + 26
core   0: 3 0x8000f2bc (0x00f24d63)
core   0: 0x8000f2d6 (0x02be86b3) mul     a3, t4, a1
core   0: 3 0x8000f2d6 (0x02be86b3) x13 0x00000000
core   0: 0x8000f2da (0x0000069a) c.slli  a3, 6
core   0: 3 0x8000f2da (0x069a) x13 0x00000000
core   0: 0x8000f2dc (0x34006e73) csrrsi  t3, mscratch, 0
core   0: 3 0x8000f2dc (0x34006e73) x28 0x0000000b
core   0: 0x8000f2e0 (0x00d61f63) bne     a2, a3, pc + 30
core   0: 3 0x8000f2e0 (0x00d61f63)
core   0: 0x8000f2fe (0x002246b3) xor     a3, tp, sp
core   0: 3 0x8000f2fe (0x002246b3) x13 0x0000000f
core   0: 0x8000f302 (0x340070f3) csrrci  ra, mscratch, 0
core   0: 3 0x8000f302 (0x340070f3) x 1 0x0000000b
core   0: 0x8000f306 (0x035f7a33) remu    s4, t5, s5
core   0: 3 0x8000f306 (0x035f7a33) x20 0x8002cd24
core   0: 0x8000f30a (0x009e9bb3) sll     s7, t4, s1
core   0: 3 0x8000f30a (0x009e9bb3) x23 0x00000001
core   0: 0x8000f30e (0x723ac613) xori    a2, s5, 1827
core   0: 3 0x8000f30e (0x723ac613) x12 0x00000723
core   0: 0x8000f312 (0x00000001) c.nop
core   0: 3 0x8000f312 (0x0001)
core   0: 0x8000f314 (0x00ff8bb3) add     s7, t6, a5
core   0: 3 0x8000f314 (0x00ff8bb3) x23 0x00000001
core   0: 0x8000f318 (0x958a3a93) sltiu   s5, s4, -1704
core   0: 3 0x8000f318 (0x958a3a93) x21 0x00000001
core   0: 0x8000f31c (0x01e18e33) add     t3, gp, t5
core   0: 3 0x8000f31c (0x01e18e33) x28 0x8002cd24
core   0: 0x8000f320 (0x03675833) divu    a6, a4, s6
core   0: 3 0x8000f320 (0x03675833) x16 0x00000000
core   0: 0x8000f324 (0x02325563) bge     tp, gp, pc + 42
core   0: 3 0x8000f324 (0x02325563)
core   0: 0x8000f34e (0x02830063) beq     t1, s0, pc + 32
core   0: 3 0x8000f34e (0x02830063)
core   0: 0x8000f352 (0x34085673) csrrwi  a2, mscratch, 16
core   0: 3 0x8000f352 (0x34085673) x12 0x0000000b c832_mscratch 0x00000010
core   0: 0x8000f356 (0x000085fd) c.srai  a1, 31
core   0: 3 0x8000f356 (0x85fd) x11 0x00000000
core   0: 0x8000f358 (0x0055f533) and     a0, a1, t0
core   0: 3 0x8000f358 (0x0055f533) x10 0x00000000
core   0: 0x8000f35c (0x0236fb63) bgeu    a3, gp, pc + 54
core   0: 3 0x8000f35c (0x0236fb63)
core   0: 0x8000f392 (0x01f16433) or      s0, sp, t6
core   0: 3 0x8000f392 (0x01f16433) x 8 0xffffffff
core   0: 0x8000f396 (0x00eb1c63) bne     s6, a4, pc + 24
core   0: 3 0x8000f396 (0x00eb1c63)
core   0: 0x8000f3ae (0x000048c1) c.li    a7, 16
core   0: 3 0x8000f3ae (0x48c1) x17 0x00000010
core   0: 0x8000f3b0 (0x00c2b033) sltu    zero, t0, a2
core   0: 3 0x8000f3b0 (0x00c2b033)
core   0: 0x8000f3b4 (0x00000001) c.nop
core   0: 3 0x8000f3b4 (0x0001)
core   0: 0x8000f3b6 (0x41fe5013) srai    zero, t3, 31
core   0: 3 0x8000f3b6 (0x41fe5013)
core   0: 0x8000f3ba (0x4173d593) srai    a1, t2, 23
core   0: 3 0x8000f3ba (0x4173d593) x11 0x00000000
core   0: 0x8000f3be (0x00f76ab3) or      s5, a4, a5
core   0: 3 0x8000f3be (0x00f76ab3) x21 0x00000002
core   0: 0x8000f3c2 (0x0323bfb3) mulhu   t6, t2, s2
core   0: 3 0x8000f3c2 (0x0323bfb3) x31 0x00000001
core   0: 0x8000f3c6 (0xcef92b13) slti    s6, s2, -785
core   0: 3 0x8000f3c6 (0xcef92b13) x22 0x00000000
core   0: 0x8000f3ca (0x0000717d) c.addi16sp sp, -16
core   0: 3 0x8000f3ca (0x717d) x 2 0xffffffff
core   0: 0x8000f3cc (0x026a7d33) remu    s10, s4, t1
core   0: 3 0x8000f3cc (0x026a7d33) x26 0x8002cd24
core   0: 0x8000f3d0 (0x04d09163) bne     ra, a3, pc + 66
core   0: 3 0x8000f3d0 (0x04d09163)
core   0: 0x8000f412 (0x013a4db3) xor     s11, s4, s3
core   0: 3 0x8000f412 (0x013a4db3) x27 0x8002cd25
core   0: 0x8000f416 (0x00b2d833) srl     a6, t0, a1
core   0: 3 0x8000f416 (0x00b2d833) x16 0x80028e74
core   0: 0x8000f41a (0x0039dd13) srli    s10, s3, 3
core   0: 3 0x8000f41a (0x0039dd13) x26 0x00000000
core   0: 0x8000f41e (0x340335f3) csrrc   a1, mscratch, t1
core   0: 3 0x8000f41e (0x340335f3) x11 0x00000010 c832_mscratch 0x00000000
core   0: 0x8000f422 (0x0000100f) fence.i
core   0: 3 0x8000f422 (0x0000100f)
core   0: 0x8000f426 (0x024c8063) beq     s9, tp, pc + 32
core   0: 3 0x8000f426 (0x024c8063)
core   0: 0x8000f42a (0x3222f793) andi    a5, t0, 802
core   0: 3 0x8000f42a (0x3222f793) x15 0x00000220
core   0: 0x8000f42e (0x00000001) c.nop
core   0: 3 0x8000f42e (0x0001)
core   0: 0x8000f430 (0x00008ee1) c.and   a3, s0
core   0: 3 0x8000f430 (0x8ee1) x13 0x0000000f
core   0: 0x8000f432 (0x0000cb11) c.beqz  a4, pc + 20
core   0: 3 0x8000f432 (0xcb11)
core   0: 0x8000f446 (0x41718933) sub     s2, gp, s7
core   0: 3 0x8000f446 (0x41718933) x18 0xffffffff
core   0: 0x8000f44a (0x00008695) c.srai  a3, 5
core   0: 3 0x8000f44a (0x8695) x13 0x00000000
core   0: 0x8000f44c (0xaec43913) sltiu   s2, s0, -1300
core   0: 3 0x8000f44c (0xaec43913) x18 0x00000000
core   0: 0x8000f450 (0x02a9f133) remu    sp, s3, a0
core   0: 3 0x8000f450 (0x02a9f133) x 2 0x00000001
core   0: 0x8000f454 (0x03720463) beq     tp, s7, pc + 40
core   0: 3 0x8000f454 (0x03720463)
core   0: 0x8000f458 (0x34002b73) csrr    s6, mscratch
core   0: 3 0x8000f458 (0x34002b73) x22 0x00000000
core   0: 0x8000f45c (0x41d20c33) sub     s8, tp, t4
core   0: 3 0x8000f45c (0x41d20c33) x24 0xffffffff
core   0: 0x8000f460 (0x0318c8b3) div     a7, a7, a7
core   0: 3 0x8000f460 (0x0318c8b3) x17 0x00000001
core   0: 0x8000f464 (0xe63ef093) andi    ra, t4, -413
core   0: 3 0x8000f464 (0xe63ef093) x 1 0x00000001
core   0: 0x8000f468 (0x000083a1) c.srli  a5, 8
core   0: 3 0x8000f468 (0x83a1) x15 0x00000002
core   0: 0x8000f46a (0x340bd4f3) csrrwi  s1, mscratch, 23
core   0: 3 0x8000f46a (0x340bd4f3) x 9 0x00000000 c832_mscratch 0x00000017
core   0: 0x8000f46e (0x0ff0000f) fence   iorw,iorw
core   0: 3 0x8000f46e (0x0ff0000f)
core   0: 0x8000f472 (0x00000241) c.addi  tp, 16
core   0: 3 0x8000f472 (0x0241) x 4 0x00000010
core   0: 0x8000f474 (0x9eb18093) addi    ra, gp, -1557
core   0: 3 0x8000f474 (0x9eb18093) x 1 0xfffff9eb
core   0: 0x8000f478 (0x40ef08b3) sub     a7, t5, a4
core   0: 3 0x8000f478 (0x40ef08b3) x17 0x8002cd24
core   0: 0x8000f47c (0x00dedd63) bge     t4, a3, pc + 26
core   0: 3 0x8000f47c (0x00dedd63)
core   0: 0x8000f496 (0x01def933) and     s2, t4, t4
core   0: 3 0x8000f496 (0x01def933) x18 0x00000001
core   0: 0x8000f49a (0x034e50b3) divu    ra, t3, s4
core   0: 3 0x8000f49a (0x034e50b3) x 1 0x00000001
core   0: 0x8000f49e (0x01b91e33) sll     t3, s2, s11
core   0: 3 0x8000f49e (0x01b91e33) x28 0x00000020
core   0: 0x8000f4a2 (0x40865693) srai    a3, a2, 8
core   0: 3 0x8000f4a2 (0x40865693) x13 0x00000000
core   0: 0x8000f4a6 (0x00000001) c.nop
core   0: 3 0x8000f4a6 (0x0001)
core   0: 0x8000f4a8 (0x000084f1) c.srai  s1, 28
core   0: 3 0x8000f4a8 (0x84f1) x 9 0x00000000
core   0: 0x8000f4aa (0x01974a63) blt     a4, s9, pc + 20
core   0: 3 0x8000f4aa (0x01974a63)
core   0: 0x8000f4be (0x02970863) beq     a4, s1, pc + 48
core   0: 3 0x8000f4be (0x02970863)
core   0: 0x8000f4ee (0x01829663) bne     t0, s8, pc + 12
core   0: 3 0x8000f4ee (0x01829663)
core   0: 0x8000f4fa (0x2d7408b7) lui     a7, 0x2d740
core   0: 3 0x8000f4fa (0x2d7408b7) x17 0x2d740000
core   0: 0x8000f4fe (0x03350c63) beq     a0, s3, pc + 56
core   0: 3 0x8000f4fe (0x03350c63)
core   0: 0x8000f502 (0x00008ec9) c.or    a3, a0
core   0: 3 0x8000f502 (0x8ec9) x13 0x00000000
core   0: 0x8000f504 (0x34049673) csrrw   a2, mscratch, s1
core   0: 3 0x8000f504 (0x34049673) x12 0x00000017 c832_mscratch 0x00000000
core   0: 0x8000f508 (0x0000064e) c.slli  a2, 19
core   0: 3 0x8000f508 (0x064e) x12 0x00b80000
core   0: 0x8000f50a (0x009bed63) bltu    s7, s1, pc + 26
core   0: 3 0x8000f50a (0x009bed63)
core   0: 0x8000f50e (0x000083b1) c.srli  a5, 12
core   0: 3 0x8000f50e (0x83b1) x15 0x00000000
core   0: 0x8000f510 (0xeb103d93) sltiu   s11, zero, -335
core   0: 3 0x8000f510 (0xeb103d93) x27 0x00000001
core   0: 0x8000f514 (0x0000e899) c.bnez  s1, pc + 22
core   0: 3 0x8000f514 (0xe899)
core   0: 0x8000f516 (0x41105533) sra     a0, zero, a7
core   0: 3 0x8000f516 (0x41105533) x10 0x00000000
core   0: 0x8000f51a (0x00000ce2) c.slli  s9, 24
core   0: 3 0x8000f51a (0x0ce2) x25 0x01000000
core   0: 0x8000f51c (0x02bcf5b3) remu    a1, s9, a1
core   0: 3 0x8000f51c (0x02bcf5b3) x11 0x00000000
core   0: 0x8000f520 (0x1f183b97) auipc   s7, 0x1f183
core   0: 3 0x8000f520 (0x1f183b97) x23 0x9f192520
core   0: 0x8000f524 (0x3b4a2613) slti    a2, s4, 948
core   0: 3 0x8000f524 (0x3b4a2613) x12 0x00000001
core   0: 0x8000f528 (0x00008f29) c.xor   a4, a0
core   0: 3 0x8000f528 (0x8f29) x14 0x00000000
core   0: 0x8000f52a (0xbdaabc93) sltiu   s9, s5, -1062
core   0: 3 0x8000f52a (0xbdaabc93) x25 0x00000001
core   0: 0x8000f52e (0x00989ab3) sll     s5, a7, s1
core   0: 3 0x8000f52e (0x00989ab3) x21 0x2d740000
core   0: 0x8000f532 (0x0000c229) c.beqz  a2, pc + 66
core   0: 3 0x8000f532 (0xc229)
core   0: 0x8000f534 (0x00000001) c.nop
core   0: 3 0x8000f534 (0x0001)
core   0: 0x8000f536 (0x0553f263) bgeu    t2, s5, pc + 68
core   0: 3 0x8000f536 (0x0553f263)
core   0: 0x8000f53a (0x74628913) addi    s2, t0, 1862
core   0: 3 0x8000f53a (0x74628913) x18 0x800295ba
core   0: 0x8000f53e (0x0044d533) srl     a0, s1, tp
core   0: 3 0x8000f53e (0x0044d533) x10 0x00000000
core   0: 0x8000f542 (0x01d20bb3) add     s7, tp, t4
core   0: 3 0x8000f542 (0x01d20bb3) x23 0x00000011
core   0: 0x8000f546 (0x01d0e0b3) or      ra, ra, t4
core   0: 3 0x8000f546 (0x01d0e0b3) x 1 0x00000001
core   0: 0x8000f54a (0x00008c01) c.sub   s0, s0
core   0: 3 0x8000f54a (0x8c01) x 8 0x00000000
core   0: 0x8000f54c (0x01117fb3) and     t6, sp, a7
core   0: 3 0x8000f54c (0x01117fb3) x31 0x00000000
core   0: 0x8000f550 (0x0ff0000f) fence   iorw,iorw
core   0: 3 0x8000f550 (0x0ff0000f)
core   0: 0x8000f554 (0x340f5573) csrrwi  a0, mscratch, 30
core   0: 3 0x8000f554 (0x340f5573) x10 0x00000000 c832_mscratch 0x0000001e
core   0: 0x8000f558 (0x007a89b3) add     s3, s5, t2
core   0: 3 0x8000f558 (0x007a89b3) x19 0x2d740006
core   0: 0x8000f55c (0x0000800d) c.srli  s0, 3
core   0: 3 0x8000f55c (0x800d) x 8 0x00000000
core   0: 0x8000f55e (0x00008116) c.mv    sp, t0
core   0: 3 0x8000f55e (0x8116) x 2 0x80028e74
core   0: 0x8000f560 (0x00674ab3) xor     s5, a4, t1
core   0: 3 0x8000f560 (0x00674ab3) x21 0xffffffff
core   0: 0x8000f564 (0x00006ee5) c.lui   t4, 0x19
core   0: 3 0x8000f564 (0x6ee5) x29 0x00019000
core   0: 0x8000f566 (0x00008e01) c.sub   a2, s0
core   0: 3 0x8000f566 (0x8e01) x12 0x00000001
core   0: 0x8000f568 (0x00307333) and     t1, zero, gp
core   0: 3 0x8000f568 (0x00307333) x 6 0x00000000
core   0: 0x8000f56c (0x0174ecb3) or      s9, s1, s7
core   0: 3 0x8000f56c (0x0174ecb3) x25 0x00000011
core   0: 0x8000f570 (0x01b85663) bge     a6, s11, pc + 12
core   0: 3 0x8000f570 (0x01b85663)
core   0: 0x8000f574 (0x00000441) c.addi  s0, 16
core   0: 3 0x8000f574 (0x0441) x 8 0x00000010
core   0: 0x8000f576 (0x02e45963) bge     s0, a4, pc + 50
core   0: 3 0x8000f576 (0x02e45963)
core   0: 0x8000f5a8 (0x340aee73) csrrsi  t3, mscratch, 21
core   0: 3 0x8000f5a8 (0x340aee73) x28 0x0000001e c832_mscratch 0x0000001f
core   0: 0x8000f5ac (0x0036cfb3) xor     t6, a3, gp
core   0: 3 0x8000f5ac (0x0036cfb3) x31 0x00000000
core   0: 0x8000f5b0 (0x27e87013) andi    zero, a6, 638
core   0: 3 0x8000f5b0 (0x27e87013)
core   0: 0x8000f5b4 (0x40e589b3) sub     s3, a1, a4
core   0: 3 0x8000f5b4 (0x40e589b3) x19 0x00000000
core   0: 0x8000f5b8 (0x0000834d) c.srli  a4, 19
core   0: 3 0x8000f5b8 (0x834d) x14 0x00000000
core   0: 0x8000f5ba (0xeb961617) auipc   a2, 0xeb961
core   0: 3 0x8000f5ba (0xeb961617) x12 0x6b9705ba
core   0: 0x8000f5be (0x00008219) c.srli  a2, 6
core   0: 3 0x8000f5be (0x8219) x12 0x01ae5c16
core   0: 0x8000f5c0 (0x000089b1) c.andi  a1, 12
core   0: 3 0x8000f5c0 (0x89b1) x11 0x00000000
core   0: 0x8000f5c2 (0xbc6189b7) lui     s3, 0xbc618
core   0: 3 0x8000f5c2 (0xbc6189b7) x19 0xbc618000
core   0: 0x8000f5c6 (0x03b7e263) bltu    a5, s11, pc + 36
core   0: 3 0x8000f5c6 (0x03b7e263)
core   0: 0x8000f5ea (0x5f6fb113) sltiu   sp, t6, 1526
core   0: 3 0x8000f5ea (0x5f6fb113) x 2 0x00000001
core   0: 0x8000f5ee (0x340078f3) csrrci  a7, mscratch, 0
core   0: 3 0x8000f5ee (0x340078f3) x17 0x0000001f
core   0: 0x8000f5f2 (0xfa3d7093) andi    ra, s10, -93
core   0: 3 0x8000f5f2 (0xfa3d7093) x 1 0x00000000
core   0: 0x8000f5f6 (0x03e53733) mulhu   a4, a0, t5
core   0: 3 0x8000f5f6 (0x03e53733) x14 0x00000000
core   0: 0x8000f5fa (0x02d83cb3) mulhu   s9, a6, a3
core   0: 3 0x8000f5fa (0x02d83cb3) x25 0x00000000
core   0: 0x8000f5fe (0x01ae99b3) sll     s3, t4, s10
core   0: 3 0x8000f5fe (0x01ae99b3) x19 0x00019000
core   0: 0x8000f602 (0x00a5c6b3) xor     a3, a1, a0
core   0: 3 0x8000f602 (0x00a5c6b3) x13 0x00000000
core   0: 0x8000f606 (0x000098ce) c.add   a7, s3
core   0: 3 0x8000f606 (0x98ce) x17 0x0001901f
core   0: 0x8000f608 (0x00000001) c.nop
core   0: 3 0x8000f608 (0x0001)
core   0: 0x8000f60a (0x00000096) c.slli  ra, 5
core   0: 3 0x8000f60a (0x0096) x 1 0x00000000
core   0: 0x8000f60c (0x34003573) csrrc   a0, mscratch, zero
core   0: 3 0x8000f60c (0x34003573) x10 0x0000001f
core   0: 0x8000f610 (0x00cd9093) slli    ra, s11, 12
core   0: 3 0x8000f610 (0x00cd9093) x 1 0x00001000
core   0: 0x8000f614 (0x00008fd2) c.mv    t6, s4
core   0: 3 0x8000f614 (0x8fd2) x31 0x8002cd24
core   0: 0x8000f616 (0x02ab9133) mulh    sp, s7, a0
core   0: 3 0x8000f616 (0x02ab9133) x 2 0x00000000
core   0: 0x8000f61a (0x340bdbf3) csrrwi  s7, mscratch, 23
core   0: 3 0x8000f61a (0x340bdbf3) x23 0x0000001f c832_mscratch 0x00000017
core   0: 0x8000f61e (0x5cae0a13) addi    s4, t3, 1482
core   0: 3 0x8000f61e (0x5cae0a13) x20 0x000005e8
core   0: 0x8000f622 (0x34007bf3) csrrci  s7, mscratch, 0
core   0: 3 0x8000f622 (0x34007bf3) x23 0x00000017
core   0: 0x8000f626 (0x34e3a613) slti    a2, t2, 846
core   0: 3 0x8000f626 (0x34e3a613) x12 0x00000001
core   0: 0x8000f62a (0xd7300e93) li      t4, -653
core   0: 3 0x8000f62a (0xd7300e93) x29 0xfffffd73
core   0: 0x8000f62e (0x00000001) c.nop
core   0: 3 0x8000f62e (0x0001)
core   0: 0x8000f630 (0xc5cffa13) andi    s4, t6, -932
core   0: 3 0x8000f630 (0xc5cffa13) x20 0x8002cc04
core   0: 0x8000f634 (0x0000e589) c.bnez  a1, pc + 10
core   0: 3 0x8000f634 (0xe589)
core   0: 0x8000f636 (0x41028733) sub     a4, t0, a6
core   0: 3 0x8000f636 (0x41028733) x14 0x00000000
core   0: 0x8000f63a (0x01e31c13) slli    s8, t1, 30
core   0: 3 0x8000f63a (0x01e31c13) x24 0x00000000
core   0: 0x8000f63e (0x00209833) sll     a6, ra, sp
core   0: 3 0x8000f63e (0x00209833) x16 0x00001000
core   0: 0x8000f642 (0x41f789b3) sub     s3, a5, t6
core   0: 3 0x8000f642 (0x41f789b3) x19 0x7ffd32dc
core   0: 0x8000f646 (0x02b6b233) mulhu   tp, a3, a1
core   0: 3 0x8000f646 (0x02b6b233) x 4 0x00000000
core   0: 0x8000f64a (0x03b79d33) mulh    s10, a5, s11
core   0: 3 0x8000f64a (0x03b79d33) x26 0x00000000
core   0: 0x8000f64e (0x0739d263) bge     s3, s3, pc + 100
core   0: 3 0x8000f64e (0x0739d263)
core   0: 0x8000f6b2 (0x00008f45) c.or    a4, s1
core   0: 3 0x8000f6b2 (0x8f45) x14 0x00000000
core   0: 0x8000f6b4 (0x00008d2d) c.xor   a0, a1
core   0: 3 0x8000f6b4 (0x8d2d) x10 0x0000001f
core   0: 0x8000f6b6 (0x02a54363) blt     a0, a0, pc + 38
core   0: 3 0x8000f6b6 (0x02a54363)
core   0: 0x8000f6ba (0x00001d00) c.addi4spn s0, sp, 688
core   0: 3 0x8000f6ba (0x1d00) x 8 0x000002b0
core   0: 0x8000f6bc (0x01faacb3) slt     s9, s5, t6
core   0: 3 0x8000f6bc (0x01faacb3) x25 0x00000000
core   0: 0x8000f6c0 (0x0141d693) srli    a3, gp, 20
core   0: 3 0x8000f6c0 (0x0141d693) x13 0x00000000
core   0: 0x8000f6c4 (0x03276eb3) rem     t4, a4, s2
core   0: 3 0x8000f6c4 (0x03276eb3) x29 0x00000000
core   0: 0x8000f6c8 (0x013cf7b3) and     a5, s9, s3
core   0: 3 0x8000f6c8 (0x013cf7b3) x15 0x00000000
core   0: 0x8000f6cc (0x03197b63) bgeu    s2, a7, pc + 54
core   0: 3 0x8000f6cc (0x03197b63)
core   0: 0x8000f702 (0x340925f3) csrrs   a1, mscratch, s2
core   0: 3 0x8000f702 (0x340925f3) x11 0x00000017 c832_mscratch 0x800295bf
core   0: 0x8000f706 (0x00008e72) c.mv    t3, t3
core   0: 3 0x8000f706 (0x8e72) x28 0x0000001e
core   0: 0x8000f708 (0x0230c4b3) div     s1, ra, gp
core   0: 3 0x8000f708 (0x0230c4b3) x 9 0xffffffff
core   0: 0x8000f70c (0x02ea5e63) bge     s4, a4, pc + 60
core   0: 3 0x8000f70c (0x02ea5e63)
core   0: 0x8000f710 (0x01a10333) add     t1, sp, s10
core   0: 3 0x8000f710 (0x01a10333) x 6 0x00000000
core   0: 0x8000f714 (0x00008516) c.mv    a0, t0
core   0: 3 0x8000f714 (0x8516) x10 0x80028e74
core   0: 0x8000f716 (0x5d3a6813) ori     a6, s4, 1491
core   0: 3 0x8000f716 (0x5d3a6813) x16 0x8002cdd7
core   0: 0x8000f71a (0x015a9e93) slli    t4, s5, 21
core   0: 3 0x8000f71a (0x015a9e93) x29 0xffe00000
core   0: 0x8000f71e (0x00e7cd33) xor     s10, a5, a4
core   0: 3 0x8000f71e (0x00e7cd33) x26 0x00000000
core   0: 0x8000f722 (0x00000b8a) c.slli  s7, 2
core   0: 3 0x8000f722 (0x0b8a) x23 0x0000005c
core   0: 0x8000f724 (0x00008b36) c.mv    s6, a3
core   0: 3 0x8000f724 (0x8b36) x22 0x00000000
core   0: 0x8000f726 (0x00008ef9) c.and   a3, a4
core   0: 3 0x8000f726 (0x8ef9) x13 0x00000000
core   0: 0x8000f728 (0x418a88b3) sub     a7, s5, s8
core   0: 3 0x8000f728 (0x418a88b3) x17 0xffffffff
core   0: 0x8000f72c (0x00001a88) c.addi4spn a0, sp, 368
core   0: 3 0x8000f72c (0x1a88) x10 0x00000170
core   0: 0x8000f72e (0x00008eb5) c.xor   a3, a3
core   0: 3 0x8000f72e (0x8eb5) x13 0x00000000
core   0: 0x8000f730 (0x01eb1033) sll     zero, s6, t5
core   0: 3 0x8000f730 (0x01eb1033)
core   0: 0x8000f734 (0x000017fd) c.addi  a5, -1
core   0: 3 0x8000f734 (0x17fd) x15 0xffffffff
core   0: 0x8000f736 (0x03567cb3) remu    s9, a2, s5
core   0: 3 0x8000f736 (0x03567cb3) x25 0x00000001
core   0: 0x8000f73a (0x0000c615) c.beqz  a2, pc + 44
core   0: 3 0x8000f73a (0xc615)
core   0: 0x8000f73c (0x00008171) c.srli  a0, 28
core   0: 3 0x8000f73c (0x8171) x10 0x00000000
core   0: 0x8000f73e (0x340b19f3) csrrw   s3, mscratch, s6
core   0: 3 0x8000f73e (0x340b19f3) x19 0x800295bf c832_mscratch 0x00000000
core   0: 0x8000f742 (0x000006ca) c.slli  a3, 18
core   0: 3 0x8000f742 (0x06ca) x13 0x00000000
core   0: 0x8000f744 (0x054ee063) bltu    t4, s4, pc + 64
core   0: 3 0x8000f744 (0x054ee063)
core   0: 0x8000f748 (0x01f79633) sll     a2, a5, t6
core   0: 3 0x8000f748 (0x01f79633) x12 0xfffffff0
core   0: 0x8000f74c (0x05715063) bge     sp, s7, pc + 64
core   0: 3 0x8000f74c (0x05715063)
core   0: 0x8000f750 (0x01b55713) srli    a4, a0, 27
core   0: 3 0x8000f750 (0x01b55713) x14 0x00000000
core   0: 0x8000f754 (0x00008d45) c.or    a0, s1
core   0: 3 0x8000f754 (0x8d45) x10 0xffffffff
core   0: 0x8000f756 (0x01cfb733) sltu    a4, t6, t3
core   0: 3 0x8000f756 (0x01cfb733) x14 0x00000000
core   0: 0x8000f75a (0x00008b06) c.mv    s6, ra
core   0: 3 0x8000f75a (0x8b06) x22 0x00001000
core   0: 0x8000f75c (0x000086e5) c.srai  a3, 25
core   0: 3 0x8000f75c (0x86e5) x13 0x00000000
core   0: 0x8000f75e (0x34026673) csrrsi  a2, mscratch, 4
core   0: 3 0x8000f75e (0x34026673) x12 0x00000000 c832_mscratch 0x00000004
core   0: 0x8000f762 (0x41a38d33) sub     s10, t2, s10
core   0: 3 0x8000f762 (0x41a38d33) x26 0x00000006
core   0: 0x8000f766 (0x00008cbd) c.xor   s1, a5
core   0: 3 0x8000f766 (0x8cbd) x 9 0x00000000
core   0: 0x8000f768 (0x031487b3) mul     a5, s1, a7
core   0: 3 0x8000f768 (0x031487b3) x15 0x00000000
core   0: 0x8000f76c (0x000528b3) slt     a7, a0, zero
core   0: 3 0x8000f76c (0x000528b3) x17 0x00000001
core   0: 0x8000f770 (0x0179b7b3) sltu    a5, s3, s7
core   0: 3 0x8000f770 (0x0179b7b3) x15 0x00000000
core   0: 0x8000f774 (0x34053973) csrrc   s2, mscratch, a0
core   0: 3 0x8000f774 (0x34053973) x18 0x00000004 c832_mscratch 0x00000000
core   0: 0x8000f778 (0x340a9ef3) csrrw   t4, mscratch, s5
core   0: 3 0x8000f778 (0x340a9ef3) x29 0x00000000 c832_mscratch 0xffffffff
core   0: 0x8000f77c (0x40ea5013) srai    zero, s4, 14
core   0: 3 0x8000f77c (0x40ea5013)
core   0: 0x8000f780 (0x00a125b3) slt     a1, sp, a0
core   0: 3 0x8000f780 (0x00a125b3) x11 0x00000000
core   0: 0x8000f784 (0x00006d5d) c.lui   s10, 0x17
core   0: 3 0x8000f784 (0x6d5d) x26 0x00017000
core   0: 0x8000f786 (0x00008fa9) c.xor   a5, a0
core   0: 3 0x8000f786 (0x8fa9) x15 0xffffffff
core   0: 0x8000f788 (0x02c69ab3) mulh    s5, a3, a2
core   0: 3 0x8000f788 (0x02c69ab3) x21 0x00000000
core   0: 0x8000f78c (0x00000d14) c.addi4spn a3, sp, 656
core   0: 3 0x8000f78c (0x0d14) x13 0x00000290
core   0: 0x8000f78e (0x01f15d33) srl     s10, sp, t6
core   0: 3 0x8000f78e (0x01f15d33) x26 0x00000000
core   0: 0x8000f792 (0x340065f3) csrrsi  a1, mscratch, 0
core   0: 3 0x8000f792 (0x340065f3) x11 0xffffffff
core   0: 0x8000f796 (0x0172abb3) slt     s7, t0, s7
core   0: 3 0x8000f796 (0x0172abb3) x23 0x00000001
core   0: 0x8000f79a (0x00c6f933) and     s2, a3, a2
core   0: 3 0x8000f79a (0x00c6f933) x18 0x00000000
core   0: 0x8000f79e (0x00006139) c.addi16sp sp, 448
core   0: 3 0x8000f79e (0x6139) x 2 0x000001c0
core   0: 0x8000f7a0 (0x00001bfd) c.addi  s7, -1
core   0: 3 0x8000f7a0 (0x1bfd) x23 0x00000000
core   0: 0x8000f7a2 (0x418355b3) sra     a1, t1, s8
core   0: 3 0x8000f7a2 (0x418355b3) x11 0x00000000
core   0: 0x8000f7a6 (0x14be7613) andi    a2, t3, 331
core   0: 3 0x8000f7a6 (0x14be7613) x12 0x0000000a
core   0: 0x8000f7aa (0x038835b3) mulhu   a1, a6, s8
core   0: 3 0x8000f7aa (0x038835b3) x11 0x00000000
core   0: 0x8000f7ae (0x0000100f) fence.i
core   0: 3 0x8000f7ae (0x0000100f)
core   0: 0x8000f7b2 (0x00008371) c.srli  a4, 28
core   0: 3 0x8000f7b2 (0x8371) x14 0x00000000
core   0: 0x8000f7b4 (0x00008db1) c.xor   a1, a2
core   0: 3 0x8000f7b4 (0x8db1) x11 0x0000000a
core   0: 0x8000f7b6 (0x032c2433) mulhsu  s0, s8, s2
core   0: 3 0x8000f7b6 (0x032c2433) x 8 0x00000000
core   0: 0x8000f7ba (0x0000e039) c.bnez  s0, pc + 70
core   0: 3 0x8000f7ba (0xe039)
core   0: 0x8000f7bc (0x000085dd) c.srai  a1, 23
core   0: 3 0x8000f7bc (0x85dd) x11 0x00000000
core   0: 0x8000f7be (0x00008e39) c.xor   a2, a4
core   0: 3 0x8000f7be (0x8e39) x12 0x0000000a
core   0: 0x8000f7c0 (0x0105a633) slt     a2, a1, a6
core   0: 3 0x8000f7c0 (0x0105a633) x12 0x00000000
core   0: 0x8000f7c4 (0x04f4f363) bgeu    s1, a5, pc + 70
core   0: 3 0x8000f7c4 (0x04f4f363)
core   0: 0x8000f7c8 (0x00564533) xor     a0, a2, t0
core   0: 3 0x8000f7c8 (0x00564533) x10 0x80028e74
core   0: 0x8000f7cc (0x03d33b33) mulhu   s6, t1, t4
core   0: 3 0x8000f7cc (0x03d33b33) x22 0x00000000
core   0: 0x8000f7d0 (0x002ea4b3) slt     s1, t4, sp
core   0: 3 0x8000f7d0 (0x002ea4b3) x 9 0x00000001
core   0: 0x8000f7d4 (0x01dd56b3) srl     a3, s10, t4
core   0: 3 0x8000f7d4 (0x01dd56b3) x13 0x00000000
core   0: 0x8000f7d8 (0x0217db63) bge     a5, ra, pc + 54
core   0: 3 0x8000f7d8 (0x0217db63)
core   0: 0x8000f7dc (0x34006ff3) csrrsi  t6, mscratch, 0
core   0: 3 0x8000f7dc (0x34006ff3) x31 0xffffffff
core   0: 0x8000f7e0 (0x340f1af3) csrrw   s5, mscratch, t5
core   0: 3 0x8000f7e0 (0x340f1af3) x21 0xffffffff c832_mscratch 0x8002cd24
core   0: 0x8000f7e4 (0x0000045d) c.addi  s0, 23
core   0: 3 0x8000f7e4 (0x045d) x 8 0x00000017
core   0: 0x8000f7e6 (0x00845193) srli    gp, s0, 8
core   0: 3 0x8000f7e6 (0x00845193) x 3 0x00000000
core   0: 0x8000f7ea (0x41235713) srai    a4, t1, 18
core   0: 3 0x8000f7ea (0x41235713) x14 0x00000000
core   0: 0x8000f7ee (0xff06b213) sltiu   tp, a3, -16
core   0: 3 0x8000f7ee (0xff06b213) x 4 0x00000001
core   0: 0x8000f7f2 (0x00008c59) c.or    s0, a4
core   0: 3 0x8000f7f2 (0x8c59) x 8 0x00000017
core   0: 0x8000f7f4 (0x41d0d093) srai    ra, ra, 29
core   0: 3 0x8000f7f4 (0x41d0d093) x 1 0x00000000
core   0: 0x8000f7f8 (0x0128cd33) xor     s10, a7, s2
core   0: 3 0x8000f7f8 (0x0128cd33) x26 0x00000001
core   0: 0x8000f7fc (0x0264b1b3) mulhu   gp, s1, t1
core   0: 3 0x8000f7fc (0x0264b1b3) x 3 0x00000000
core   0: 0x8000f800 (0x00008ef9) c.and   a3, a4
core   0: 3 0x8000f800 (0x8ef9) x13 0x00000000
core   0: 0x8000f802 (0x03e68233) mul     tp, a3, t5
core   0: 3 0x8000f802 (0x03e68233) x 4 0x00000000
core   0: 0x8000f806 (0x00008179) c.srli  a0, 30
core   0: 3 0x8000f806 (0x8179) x10 0x00000002
core   0: 0x8000f808 (0x0000e695) c.bnez  a3, pc + 44
core   0: 3 0x8000f808 (0xe695)
core   0: 0x8000f80a (0x05be9563) bne     t4, s11, pc + 74
core   0: 3 0x8000f80a (0x05be9563)
core   0: 0x8000f854 (0x00008e21) c.xor   a2, s0
core   0: 3 0x8000f854 (0x8e21) x12 0x00000017
core   0: 0x8000f856 (0x00008d7d) c.and   a0, a5
core   0: 3 0x8000f856 (0x8d7d) x10 0x00000002
core   0: 0x8000f858 (0x89840193) addi    gp, s0, -1896
core   0: 3 0x8000f858 (0x89840193) x 3 0xfffff8af
core   0: 0x8000f85c (0x01b16533) or      a0, sp, s11
core   0: 3 0x8000f85c (0x01b16533) x10 0x000001c1
core   0: 0x8000f860 (0x0ff0000f) fence   iorw,iorw
core   0: 3 0x8000f860 (0x0ff0000f)
core   0: 0x8000f864 (0x340ca8f3) csrrs   a7, mscratch, s9
core   0: 3 0x8000f864 (0x340ca8f3) x17 0x8002cd24 c832_mscratch 0x8002cd25
core   0: 0x8000f868 (0x34003a73) csrrc   s4, mscratch, zero
core   0: 3 0x8000f868 (0x34003a73) x20 0x8002cd25
core   0: 0x8000f86c (0x000099fd) c.andi  a1, -1
core   0: 3 0x8000f86c (0x99fd) x11 0x00000000
core   0: 0x8000f86e (0x0000100f) fence.i
core   0: 3 0x8000f86e (0x0000100f)
core   0: 0x8000f872 (0x02dc4133) div     sp, s8, a3
core   0: 3 0x8000f872 (0x02dc4133) x 2 0xffffffff
core   0: 0x8000f876 (0x00000d06) c.slli  s10, 1
core   0: 3 0x8000f876 (0x0d06) x26 0x00000002
core   0: 0x8000f878 (0x00008ac5) c.andi  a3, 17
core   0: 3 0x8000f878 (0x8ac5) x13 0x00000000
core   0: 0x8000f87a (0x6c1b2b13) slti    s6, s6, 1729
core   0: 3 0x8000f87a (0x6c1b2b13) x22 0x00000001
core   0: 0x8000f87e (0x34002bf3) csrr    s7, mscratch
core   0: 3 0x8000f87e (0x34002bf3) x23 0x8002cd25
core   0: 0x8000f882 (0x00000001) c.nop
core   0: 3 0x8000f882 (0x0001)
core   0: 0x8000f884 (0x0ff0000f) fence   iorw,iorw
core   0: 3 0x8000f884 (0x0ff0000f)
core   0: 0x8000f888 (0x01eba5b3) slt     a1, s7, t5
core   0: 3 0x8000f888 (0x01eba5b3) x11 0x00000000
core   0: 0x8000f88c (0x0000eb09) c.bnez  a4, pc + 18
core   0: 3 0x8000f88c (0xeb09)
core   0: 0x8000f88e (0x03b58c33) mul     s8, a1, s11
core   0: 3 0x8000f88e (0x03b58c33) x24 0x00000000
core   0: 0x8000f892 (0x00f3db63) bge     t2, a5, pc + 22
core   0: 3 0x8000f892 (0x00f3db63)
core   0: 0x8000f8a8 (0x034d05b3) mul     a1, s10, s4
core   0: 3 0x8000f8a8 (0x034d05b3) x11 0x00059a4a
core   0: 0x8000f8ac (0xd1a59717) auipc   a4, 0xd1a59
core   0: 3 0x8000f8ac (0xd1a59717) x14 0x51a688ac
core   0: 0x8000f8b0 (0xaa08a593) slti    a1, a7, -1376
core   0: 3 0x8000f8b0 (0xaa08a593) x11 0x00000001
core   0: 0x8000f8b4 (0x000083a1) c.srli  a5, 8
core   0: 3 0x8000f8b4 (0x83a1) x15 0x00ffffff
core   0: 0x8000f8b6 (0x029b6db3) rem     s11, s6, s1
core   0: 3 0x8000f8b6 (0x029b6db3) x27 0x00000000
core   0: 0x8000f8ba (0x00824533) xor     a0, tp, s0
core   0: 3 0x8000f8ba (0x00824533) x10 0x00000017
core   0: 0x8000f8be (0x34002973) csrr    s2, mscratch
core   0: 3 0x8000f8be (0x34002973) x18 0x8002cd25
core   0: 0x8000f8c2 (0x40bf5b13) srai    s6, t5, 11
core   0: 3 0x8000f8c2 (0x40bf5b13) x22 0xfff00059
core   0: 0x8000f8c6 (0x00000001) c.nop
core   0: 3 0x8000f8c6 (0x0001)
core   0: 0x8000f8c8 (0x3404e173) csrrsi  sp, mscratch, 9
core   0: 3 0x8000f8c8 (0x3404e173) x 2 0x8002cd25 c832_mscratch 0x8002cd2d
core   0: 0x8000f8cc (0x0000e3a9) c.bnez  a5, pc + 66
core   0: 3 0x8000f8cc (0xe3a9)
core   0: 0x8000f90e (0x0000049a) c.slli  s1, 6
core   0: 3 0x8000f90e (0x049a) x 9 0x00000040
core   0: 0x8000f910 (0x02804ab3) div     s5, zero, s0
core   0: 3 0x8000f910 (0x02804ab3) x21 0x00000000
core   0: 0x8000f914 (0x0ff0000f) fence   iorw,iorw
core   0: 3 0x8000f914 (0x0ff0000f)
core   0: 0x8000f918 (0x01821513) slli    a0, tp, 24
core   0: 3 0x8000f918 (0x01821513) x10 0x00000000
core   0: 0x8000f91c (0x0000cb2d) c.beqz  a4, pc + 114
core   0: 3 0x8000f91c (0xcb2d)
core   0: 0x8000f91e (0x0706e563) bltu    a3, a6, pc + 106
core   0: 3 0x8000f91e (0x0706e563)
core   0: 0x8000f988 (0x00008c59) c.or    s0, a4
core   0: 3 0x8000f988 (0x8c59) x 8 0x51a688bf
core   0: 0x8000f98a (0x03176d33) rem     s10, a4, a7
core   0: 3 0x8000f98a (0x03176d33) x26 0x51a688ac
core   0: 0x8000f98e (0x00009bfd) c.andi  a5, -1
core   0: 3 0x8000f98e (0x9bfd) x15 0x00ffffff
core   0: 0x8000f990 (0x00788eb3) add     t4, a7, t2
core   0: 3 0x8000f990 (0x00788eb3) x29 0x8002cd2a
core   0: 0x8000f994 (0x00d9de33) srl     t3, s3, a3
core   0: 3 0x8000f994 (0x00d9de33) x28 0x800295bf
core   0: 0x8000f998 (0x0000e3a9) c.bnez  a5, pc + 66
core   0: 3 0x8000f998 (0xe3a9)
core   0: 0x8000f9da (0x3404bcf3) csrrc   s9, mscratch, s1
core   0: 3 0x8000f9da (0x3404bcf3) x25 0x8002cd2d c832_mscratch 0x8002cd2d
core   0: 0x8000f9de (0x00795f93) srli    t6, s2, 7
core   0: 3 0x8000f9de (0x00795f93) x31 0x0100059a
core   0: 0x8000f9e2 (0x00000bca) c.slli  s7, 18
core   0: 3 0x8000f9e2 (0x0bca) x23 0x34940000
core   0: 0x8000f9e4 (0x00008c25) c.xor   s0, s1
core   0: 3 0x8000f9e4 (0x8c25) x 8 0x51a688ff
core   0: 0x8000f9e6 (0x00009842) c.add   a6, a6
core   0: 3 0x8000f9e6 (0x9842) x16 0x00059bae
core   0: 0x8000f9e8 (0x00008229) c.srli  a2, 10
core   0: 3 0x8000f9e8 (0x8229) x12 0x00000000
core   0: 0x8000f9ea (0x13b1a893) slti    a7, gp, 315
core   0: 3 0x8000f9ea (0x13b1a893) x17 0x00000001
core   0: 0x8000f9ee (0x02487963) bgeu    a6, tp, pc + 50
core   0: 3 0x8000f9ee (0x02487963)
core   0: 0x8000fa20 (0x00000001) c.nop
core   0: 3 0x8000fa20 (0x0001)
core   0: 0x8000fa22 (0x00b1c8b3) xor     a7, gp, a1
core   0: 3 0x8000fa22 (0x00b1c8b3) x17 0xfffff8ae
core   0: 0x8000fa26 (0x340ed673) csrrwi  a2, mscratch, 29
core   0: 3 0x8000fa26 (0x340ed673) x12 0x8002cd2d c832_mscratch 0x0000001d
core   0: 0x8000fa2a (0x01375233) srl     tp, a4, s3
core   0: 3 0x8000fa2a (0x01375233) x 4 0x00000000
core   0: 0x8000fa2e (0x3134f9b7) lui     s3, 0x3134f
core   0: 3 0x8000fa2e (0x3134f9b7) x19 0x3134f000
core   0: 0x8000fa32 (0x09b58793) addi    a5, a1, 155
core   0: 3 0x8000fa32 (0x09b58793) x15 0x0000009c
core   0: 0x8000fa36 (0x00000001) c.nop
core   0: 3 0x8000fa36 (0x0001)
core   0: 0x8000fa38 (0xb7127413) andi    s0, tp, -1167
core   0: 3 0x8000fa38 (0xb7127413) x 8 0x00000000
core   0: 0x8000fa3c (0x011dae33) slt     t3, s11, a7
core   0: 3 0x8000fa3c (0x011dae33) x28 0x00000000
core   0: 0x8000fa40 (0x011b5a33) srl     s4, s6, a7
core   0: 3 0x8000fa40 (0x011b5a33) x20 0x0003ffc0
core   0: 0x8000fa44 (0x0000100f) fence.i
core   0: 3 0x8000fa44 (0x0000100f)
core   0: 0x8000fa48 (0x0beb9697) auipc   a3, 0xbeb9
core   0: 3 0x8000fa48 (0x0beb9697) x13 0x8bec8a48
core   0: 0x8000fa4c (0x00008dd9) c.or    a1, a4
core   0: 3 0x8000fa4c (0x8dd9) x11 0x51a688ad
core   0: 0x8000fa4e (0x03ea5d63) bge     s4, t5, pc + 58
core   0: 3 0x8000fa4e (0x03ea5d63)
core   0: 0x8000fa88 (0x00006561) c.lui   a0, 0x18
core   0: 3 0x8000fa88 (0x6561) x10 0x00018000
core   0: 0x8000fa8a (0x03d0b533) mulhu   a0, ra, t4
core   0: 3 0x8000fa8a (0x03d0b533) x10 0x00000000
core   0: 0x8000fa8e (0x000001e5) c.addi  gp, 25
core   0: 3 0x8000fa8e (0x01e5) x 3 0xfffff8c8
core   0: 0x8000fa90 (0x0ff0000f) fence   iorw,iorw
core   0: 3 0x8000fa90 (0x0ff0000f)
core   0: 0x8000fa94 (0x4083da93) srai    s5, t2, 8
core   0: 3 0x8000fa94 (0x4083da93) x21 0x00000000
core   0: 0x8000fa98 (0x00000001) c.nop
core   0: 3 0x8000fa98 (0x0001)
core   0: 0x8000fa9a (0x000001ee) c.slli  gp, 27
core   0: 3 0x8000fa9a (0x01ee) x 3 0x40000000
core   0: 0x8000fa9c (0x03190b63) beq     s2, a7, pc + 54
core   0: 3 0x8000fa9c (0x03190b63)
core   0: 0x8000faa0 (0x00000001) c.nop
core   0: 3 0x8000faa0 (0x0001)
core   0: 0x8000faa2 (0x0000870d) c.srai  a4, 3
core   0: 3 0x8000faa2 (0x870d) x14 0x0a34d115
core   0: 0x8000faa4 (0x00009c66) c.add   s8, s9
core   0: 3 0x8000faa4 (0x9c66) x24 0x8002cd2d
core   0: 0x8000faa6 (0x34007ef3) csrrci  t4, mscratch, 0
core   0: 3 0x8000faa6 (0x34007ef3) x29 0x0000001d
core   0: 0x8000faaa (0x02496063) bltu    s2, tp, pc + 32
core   0: 3 0x8000faaa (0x02496063)
core   0: 0x8000faae (0x00008d49) c.or    a0, a0
core   0: 3 0x8000faae (0x8d49) x10 0x00000000
core   0: 0x8000fab0 (0xd77f3a93) sltiu   s5, t5, -649
core   0: 3 0x8000fab0 (0xd77f3a93) x21 0x00000001
core   0: 0x8000fab4 (0x34006ff3) csrrsi  t6, mscratch, 0
core   0: 3 0x8000fab4 (0x34006ff3) x31 0x0000001d
core   0: 0x8000fab8 (0x340711f3) csrrw   gp, mscratch, a4
core   0: 3 0x8000fab8 (0x340711f3) x 3 0x0000001d c832_mscratch 0x0a34d115
core   0: 0x8000fabc (0x00000001) c.nop
core   0: 3 0x8000fabc (0x0001)
core   0: 0x8000fabe (0x027946b3) div     a3, s2, t2
core   0: 3 0x8000fabe (0x027946b3) x13 0xeaab2231
core   0: 0x8000fac2 (0x00008722) c.mv    a4, s0
core   0: 3 0x8000fac2 (0x8722) x14 0x00000000
core   0: 0x8000fac4 (0x7b95ca13) xori    s4, a1, 1977
core   0: 3 0x8000fac4 (0x7b95ca13) x20 0x51a68f14
core   0: 0x8000fac8 (0x0000893a) c.mv    s2, a4
core   0: 3 0x8000fac8 (0x893a) x18 0x00000000
core   0: 0x8000faca (0x02db6d33) rem     s10, s6, a3
core   0: 3 0x8000faca (0x02db6d33) x26 0xfff00059
core   0: 0x8000face (0x01d39763) bne     t2, t4, pc + 14
core   0: 3 0x8000face (0x01d39763)
core   0: 0x8000fadc (0x0000895e) c.mv    s2, s7
core   0: 3 0x8000fadc (0x895e) x18 0x34940000
core   0: 0x8000fade (0x0391f1b3) remu    gp, gp, s9
core   0: 3 0x8000fade (0x0391f1b3) x 3 0x0000001d
core   0: 0x8000fae2 (0x34003273) csrrc   tp, mscratch, zero
core   0: 3 0x8000fae2 (0x34003273) x 4 0x0a34d115
core   0: 0x8000fae6 (0x40a505b3) sub     a1, a0, a0
core   0: 3 0x8000fae6 (0x40a505b3) x11 0x00000000
core   0: 0x8000faea (0xffad4893) xori    a7, s10, -6
core   0: 3 0x8000faea (0xffad4893) x17 0x000fffa3
core   0: 0x8000faee (0x40a8dc93) srai    s9, a7, 10
core   0: 3 0x8000faee (0x40a8dc93) x25 0x000003ff
core   0: 0x8000faf2 (0x005f9493) slli    s1, t6, 5
core   0: 3 0x8000faf2 (0x005f9493) x 9 0x000003a0
core   0: 0x8000faf6 (0x00008e11) c.sub   a2, a2
core   0: 3 0x8000faf6 (0x8e11) x12 0x00000000
core   0: 0x8000faf8 (0x00a9b5b3) sltu    a1, s3, a0
core   0: 3 0x8000faf8 (0x00a9b5b3) x11 0x00000000
core   0: 0x8000fafc (0x00000001) c.nop
core   0: 3 0x8000fafc (0x0001)
core   0: 0x8000fafe (0x0000918e) c.add   gp, gp
core   0: 3 0x8000fafe (0x918e) x 3 0x0000003a
core   0: 0x8000fb00 (0x00cde433) or      s0, s11, a2
core   0: 3 0x8000fb00 (0x00cde433) x 8 0x00000000
core   0: 0x8000fb04 (0x40e8de93) srai    t4, a7, 14
core   0: 3 0x8000fb04 (0x40e8de93) x29 0x0000003f
core   0: 0x8000fb08 (0xbc160d93) addi    s11, a2, -1087
core   0: 3 0x8000fb08 (0xbc160d93) x27 0xfffffbc1
core   0: 0x8000fb0c (0x340029f3) csrr    s3, mscratch
core   0: 3 0x8000fb0c (0x340029f3) x19 0x0a34d115
core   0: 0x8000fb10 (0xa222cf93) xori    t6, t0, -1502
core   0: 3 0x8000fb10 (0xa222cf93) x31 0x7ffd7456
core   0: 0x8000fb14 (0x0277d433) divu    s0, a5, t2
core   0: 3 0x8000fb14 (0x0277d433) x 8 0x0000001a
core   0: 0x8000fb18 (0x340b1df3) csrrw   s11, mscratch, s6
core   0: 3 0x8000fb18 (0x340b1df3) x27 0x0a34d115 c832_mscratch 0xfff00059
core   0: 0x8000fb1c (0x00009a7d) c.andi  a2, -1
core   0: 3 0x8000fb1c (0x9a7d) x12 0x00000000
core   0: 0x8000fb1e (0x00625ab3) srl     s5, tp, t1
core   0: 3 0x8000fb1e (0x00625ab3) x21 0x0a34d115
core   0: 0x8000fb22 (0x00001e8c) c.addi4spn a1, sp, 880
core   0: 3 0x8000fb22 (0x1e8c) x11 0x8002d095
core   0: 0x8000fb24 (0x000004ee) c.slli  s1, 27
core   0: 3 0x8000fb24 (0x04ee) x 9 0x00000000
core   0: 0x8000fb26 (0x34079373) csrrw   t1, mscratch, a5
core   0: 3 0x8000fb26 (0x34079373) x 6 0xfff00059 c832_mscratch 0x0000009c
core   0: 0x8000fb2a (0x40d081b3) sub     gp, ra, a3
core   0: 3 0x8000fb2a (0x40d081b3) x 3 0x1554ddcf
core   0: 0x8000fb2e (0x5b6a4993) xori    s3, s4, 1462
core   0: 3 0x8000fb2e (0x5b6a4993) x19 0x51a68aa2
core   0: 0x8000fb32 (0x8ca88593) addi    a1, a7, -1846
core   0: 3 0x8000fb32 (0x8ca88593) x11 0x000ff86d
core   0: 0x8000fb36 (0x03242333) mulhsu  t1, s0, s2
core   0: 3 0x8000fb36 (0x03242333) x 6 0x00000005
core   0: 0x8000fb3a (0x00000b90) c.addi4spn a2, sp, 464
core   0: 3 0x8000fb3a (0x0b90) x12 0x8002cef5
core   0: 0x8000fb3c (0x41a05233) sra     tp, zero, s10
core   0: 3 0x8000fb3c (0x41a05233) x 4 0x00000000
core   0: 0x8000fb40 (0x0574c163) blt     s1, s7, pc + 66
core   0: 3 0x8000fb40 (0x0574c163)
core   0: 0x8000fb82 (0x00008e11) c.sub   a2, a2
core   0: 3 0x8000fb82 (0x8e11) x12 0x00000000
core   0: 0x8000fb84 (0x408cda13) srai    s4, s9, 8
core   0: 3 0x8000fb84 (0x408cda13) x20 0x00000003
core   0: 0x8000fb88 (0x00425663) bge     tp, tp, pc + 12
core   0: 3 0x8000fb88 (0x00425663)
core   0: 0x8000fb94 (0x019de0b3) or      ra, s11, s9
core   0: 3 0x8000fb94 (0x019de0b3) x 1 0x0a34d3ff
core   0: 0x8000fb98 (0x00000001) c.nop
core   0: 3 0x8000fb98 (0x0001)
core   0: 0x8000fb9a (0x0057d433) srl     s0, a5, t0
core   0: 3 0x8000fb9a (0x0057d433) x 8 0x00000000
core   0: 0x8000fb9e (0x0085e033) or      zero, a1, s0
core   0: 3 0x8000fb9e (0x0085e033)
core   0: 0x8000fba2 (0x3400def3) csrrwi  t4, mscratch, 1
core   0: 3 0x8000fba2 (0x3400def3) x29 0x0000009c c832_mscratch 0x00000001
core   0: 0x8000fba6 (0x02e43db3) mulhu   s11, s0, a4
core   0: 3 0x8000fba6 (0x02e43db3) x27 0x00000000
core   0: 0x8000fbaa (0x0000cb95) c.beqz  a5, pc + 52
core   0: 3 0x8000fbaa (0xcb95)
core   0: 0x8000fbac (0x1f90a893) slti    a7, ra, 505
core   0: 3 0x8000fbac (0x1f90a893) x17 0x00000000
core   0: 0x8000fbb0 (0x03e95733) divu    a4, s2, t5
core   0: 3 0x8000fbb0 (0x03e95733) x14 0x00000000
core   0: 0x8000fbb4 (0x2ecb4113) xori    sp, s6, 748
core   0: 3 0x8000fbb4 (0x2ecb4113) x 2 0xfff002b5
core   0: 0x8000fbb8 (0x00008d7d) c.and   a0, a5
core   0: 3 0x8000fbb8 (0x8d7d) x10 0x00000000
core   0: 0x8000fbba (0x00008f71) c.and   a4, a2
core   0: 3 0x8000fbba (0x8f71) x14 0x00000000
core   0: 0x8000fbbc (0x00bf1713) slli    a4, t5, 11
core   0: 3 0x8000fbbc (0x00bf1713) x14 0x16692000
core   0: 0x8000fbc0 (0x000054fd) c.li    s1, -1
core   0: 3 0x8000fbc0 (0x54fd) x 9 0xffffffff
core   0: 0x8000fbc2 (0x01544d33) xor     s10, s0, s5
core   0: 3 0x8000fbc2 (0x01544d33) x26 0x0a34d115
core   0: 0x8000fbc6 (0x00000001) c.nop
core   0: 3 0x8000fbc6 (0x0001)
core   0: 0x8000fbc8 (0x4181d933) sra     s2, gp, s8
core   0: 3 0x8000fbc8 (0x4181d933) x18 0x0000aaa6
core   0: 0x8000fbcc (0x031d08b3) mul     a7, s10, a7
core   0: 3 0x8000fbcc (0x031d08b3) x17 0x00000000
core   0: 0x8000fbd0 (0x00b51713) slli    a4, a0, 11
core   0: 3 0x8000fbd0 (0x00b51713) x14 0x00000000
core   0: 0x8000fbd4 (0xd678ec37) lui     s8, 0xd678e
core   0: 3 0x8000fbd4 (0xd678ec37) x24 0xd678e000
core   0: 0x8000fbd8 (0x00008b66) c.mv    s6, s9
core   0: 3 0x8000fbd8 (0x8b66) x22 0x000003ff
core   0: 0x8000fbda (0x29834d93) xori    s11, t1, 664
core   0: 3 0x8000fbda (0x29834d93) x27 0x0000029d
core   0: 0x8000fbde (0x40fb8ab3) sub     s5, s7, a5
core   0: 3 0x8000fbde (0x40fb8ab3) x21 0x3493ff64
core   0: 0x8000fbe2 (0x02b82433) mulhsu  s0, a6, a1
core   0: 3 0x8000fbe2 (0x02b82433) x 8 0x00000059
core   0: 0x8000fbe6 (0x00014497) auipc   s1, 0x14
core   0: 3 0x8000fbe6 (0x00014497) x 9 0x80023be6
core   0: 0x8000fbea (0x49248493) addi    s1, s1, 1170
core   0: 3 0x8000fbea (0x49248493) x 9 0x80024078
core   0: 0x8000fbee (0x403dba13) sltiu   s4, s11, 1027
core   0: 3 0x8000fbee (0x403dba13) x20 0x00000001
core   0: 0x8000fbf2 (0x00008d55) c.or    a0, a3
core   0: 3 0x8000fbf2 (0x8d55) x10 0xeaab2231
core   0: 0x8000fbf4 (0x101e6893) ori     a7, t3, 257
core   0: 3 0x8000fbf4 (0x101e6893) x17 0x00000101
core   0: 0x8000fbf8 (0xfb270c13) addi    s8, a4, -78
core   0: 3 0x8000fbf8 (0xfb270c13) x24 0xffffffb2
core   0: 0x8000fbfc (0x00009a46) c.add   s4, a7
core   0: 3 0x8000fbfc (0x9a46) x20 0x00000102
core   0: 0x8000fbfe (0x000ad113) srli    sp, s5, 0
core   0: 3 0x8000fbfe (0x000ad113) x 2 0x3493ff64
core   0: 0x8000fc02 (0x40320333) sub     t1, tp, gp
core   0: 3 0x8000fc02 (0x40320333) x 6 0xeaab2231
core   0: 0x8000fc06 (0x00008d29) c.xor   a0, a0
core   0: 3 0x8000fc06 (0x8d29) x10 0x00000000
core   0: 0x8000fc08 (0x012cdd33) srl     s10, s9, s2
core   0: 3 0x8000fc08 (0x012cdd33) x26 0x0000000f
core   0: 0x8000fc0c (0x000085d1) c.srai  a1, 20
core   0: 3 0x8000fc0c (0x85d1) x11 0x00000000
core   0: 0x8000fc0e (0x1404a32f) lr.w    t1, (s1)
core   0: 3 0x8000fc0e (0x1404a32f) x 6 0x00020064 mem 0x80024078
core   0: 0x8000fc12 (0x023ceb33) rem     s6, s9, gp
core   0: 3 0x8000fc12 (0x023ceb33) x22 0x000003ff
core   0: 0x8000fc16 (0x03908833) mul     a6, ra, s9
core   0: 3 0x8000fc16 (0x03908833) x16 0xc91b2801
core   0: 0x8000fc1a (0x40068933) sub     s2, a3, zero
core   0: 3 0x8000fc1a (0x40068933) x18 0xeaab2231
core   0: 0x8000fc1e (0x1d24a6af) sc.w    a3, s2, (s1)
core   0: 3 0x8000fc1e (0x1d24a6af) x13 0x00000000 mem 0x80024078 0xeaab2231
core   0: 0x8000fc22 (0x340071f3) csrrci  gp, mscratch, 0
core   0: 3 0x8000fc22 (0x340071f3) x 3 0x00000001
core   0: 0x8000fc26 (0x0000e919) c.bnez  a0, pc + 22
core   0: 3 0x8000fc26 (0xe919)
core   0: 0x8000fc28 (0xb3538c93) addi    s9, t2, -1227
core   0: 3 0x8000fc28 (0xb3538c93) x25 0xfffffb3b
core   0: 0x8000fc2c (0x00008e19) c.sub   a2, a4
core   0: 3 0x8000fc2c (0x8e19) x12 0x00000000
core   0: 0x8000fc2e (0xdb67bf93) sltiu   t6, a5, -586
core   0: 3 0x8000fc2e (0xdb67bf93) x31 0x00000001
core   0: 0x8000fc32 (0xffbe2f93) slti    t6, t3, -5
core   0: 3 0x8000fc32 (0xffbe2f93) x31 0x00000000
core   0: 0x8000fc36 (0x02f53733) mulhu   a4, a0, a5
core   0: 3 0x8000fc36 (0x02f53733) x14 0x00000000
core   0: 0x8000fc3a (0x00008f1d) c.sub   a4, a5
core   0: 3 0x8000fc3a (0x8f1d) x14 0xffffff64
core   0: 0x8000fc3c (0x00005dfd) c.li    s11, -1
core   0: 3 0x8000fc3c (0x5dfd) x27 0xffffffff
core   0: 0x8000fc3e (0x000000de) c.slli  ra, 23
core   0: 3 0x8000fc3e (0x00de) x 1 0xff800000
core   0: 0x8000fc40 (0x0000997d) c.andi  a0, -1
core   0: 3 0x8000fc40 (0x997d) x10 0x00000000
core   0: 0x8000fc42 (0x02f14d63) blt     sp, a5, pc + 58
core   0: 3 0x8000fc42 (0x02f14d63)
core   0: 0x8000fc46 (0x5f4e1d17) auipc   s10, 0x5f4e1
core   0: 3 0x8000fc46 (0x5f4e1d17) x26 0xdf4f0c46
core   0: 0x8000fc4a (0x0223aab3) mulhsu  s5, t2, sp
core   0: 3 0x8000fc4a (0x0223aab3) x21 0x00000001
core   0: 0x8000fc4e (0x00005c7d) c.li    s8, -1
core   0: 3 0x8000fc4e (0x5c7d) x24 0xffffffff
core   0: 0x8000fc50 (0x03f69763) bne     a3, t6, pc + 46
core   0: 3 0x8000fc50 (0x03f69763)
core   0: 0x8000fc54 (0x02532ab3) mulhsu  s5, t1, t0
core   0: 3 0x8000fc54 (0x02532ab3) x21 0x00010037
core   0: 0x8000fc58 (0x7ef0db37) lui     s6, 0x7ef0d
core   0: 3 0x8000fc58 (0x7ef0db37) x22 0x7ef0d000
core   0: 0x8000fc5c (0x0000869d) c.srai  a3, 7
core   0: 3 0x8000fc5c (0x869d) x13 0x00000000
core   0: 0x8000fc5e (0x00006119) c.addi16sp sp, 384
core   0: 3 0x8000fc5e (0x6119) x 2 0x349400e4
core   0: 0x8000fc60 (0x01d57963) bgeu    a0, t4, pc + 18
core   0: 3 0x8000fc60 (0x01d57963)
core   0: 0x8000fc64 (0xb1136193) ori     gp, t1, -1263
core   0: 3 0x8000fc64 (0xb1136193) x 3 0xfffffb75
core   0: 0x8000fc68 (0x0134c1b3) xor     gp, s1, s3
core   0: 3 0x8000fc68 (0x0134c1b3) x 3 0xd1a4cada
core   0: 0x8000fc6c (0x000085a5) c.srai  a1, 9
core   0: 3 0x8000fc6c (0x85a5) x11 0x00000000
core   0: 0x8000fc6e (0x000068d9) c.lui   a7, 0x16
core   0: 3 0x8000fc6e (0x68d9) x17 0x00016000
core   0: 0x8000fc70 (0x0000717d) c.addi16sp sp, -16
core   0: 3 0x8000fc70 (0x717d) x 2 0x349400d4
core   0: 0x8000fc72 (0x00009a7d) c.andi  a2, -1
core   0: 3 0x8000fc72 (0x9a7d) x12 0x00000000
core   0: 0x8000fc74 (0x00318e33) add     t3, gp, gp
core   0: 3 0x8000fc74 (0x00318e33) x28 0xa34995b4
core   0: 0x8000fc78 (0x929cfc17) auipc   s8, 0x929cf
core   0: 3 0x8000fc78 (0x929cfc17) x24 0x129dec78
core   0: 0x8000fc7c (0x00000a06) c.slli  s4, 1
core   0: 3 0x8000fc7c (0x0a06) x20 0x00000204
core   0: 0x8000fc7e (0x0000567d) c.li    a2, -1
core   0: 3 0x8000fc7e (0x567d) x12 0xffffffff
core   0: 0x8000fc80 (0x0109eb33) or      s6, s3, a6
core   0: 3 0x8000fc80 (0x0109eb33) x22 0xd9bfaaa3
core   0: 0x8000fc84 (0xa3e27d93) andi    s11, tp, -1474
core   0: 3 0x8000fc84 (0xa3e27d93) x27 0x00000000
core   0: 0x8000fc88 (0x000091c6) c.add   gp, a7
core   0: 3 0x8000fc88 (0x91c6) x 3 0xd1a62ada
core   0: 0x8000fc8a (0x00008f1d) c.sub   a4, a5
core   0: 3 0x8000fc8a (0x8f1d) x14 0xfffffec8
core   0: 0x8000fc8c (0x013a3633) sltu    a2, s4, s3
core   0: 3 0x8000fc8c (0x013a3633) x12 0x00000001
core   0: 0x8000fc90 (0x00009c26) c.add   s8, s1
core   0: 3 0x8000fc90 (0x9c26) x24 0x92a02cf0
core   0: 0x8000fc92 (0x340cd4f3) csrrwi  s1, mscratch, 25
core   0: 3 0x8000fc92 (0x340cd4f3) x 9 0x00000001 c832_mscratch 0x00000019
core   0: 0x8000fc96 (0x340c64f3) csrrsi  s1, mscratch, 24
core   0: 3 0x8000fc96 (0x340c64f3) x 9 0x00000019 c832_mscratch 0x00000019
core   0: 0x8000fc9a (0x00008d49) c.or    a0, a0
core   0: 3 0x8000fc9a (0x8d49) x10 0x00000000
core   0: 0x8000fc9c (0x34056a73) csrrsi  s4, mscratch, 10
core   0: 3 0x8000fc9c (0x34056a73) x20 0x00000019 c832_mscratch 0x0000001b
core   0: 0x8000fca0 (0x01665013) srli    zero, a2, 22
core   0: 3 0x8000fca0 (0x01665013)
core   0: 0x8000fca4 (0x00008ee9) c.and   a3, a0
core   0: 3 0x8000fca4 (0x8ee9) x13 0x00000000
core   0: 0x8000fca6 (0x000087c9) c.srai  a5, 18
core   0: 3 0x8000fca6 (0x87c9) x15 0x00000000
core   0: 0x8000fca8 (0x00008c3a) c.mv    s8, a4
core   0: 3 0x8000fca8 (0x8c3a) x24 0xfffffec8
core   0: 0x8000fcaa (0x7e99ab93) slti    s7, s3, 2025
core   0: 3 0x8000fcaa (0x7e99ab93) x23 0x00000000
core   0: 0x8000fcae (0x042a0263) beq     s4, sp, pc + 68
core   0: 3 0x8000fcae (0x042a0263)
core   0: 0x8000fcb2 (0x00599413) slli    s0, s3, 5
core   0: 3 0x8000fcb2 (0x00599413) x 8 0x34d15440
core   0: 0x8000fcb6 (0x00e20633) add     a2, tp, a4
core   0: 3 0x8000fcb6 (0x00e20633) x12 0xfffffec8
core   0: 0x8000fcba (0x00e334b3) sltu    s1, t1, a4
core   0: 3 0x8000fcba (0x00e334b3) x 9 0x00000001
core   0: 0x8000fcbe (0x01f15033) srl     zero, sp, t6
core   0: 3 0x8000fcbe (0x01f15033)
core   0: 0x8000fcc2 (0xda5f6793) ori     a5, t5, -603
core   0: 3 0x8000fcc2 (0xda5f6793) x15 0xfffffda5
core   0: 0x8000fcc6 (0x340e1ef3) csrrw   t4, mscratch, t3
core   0: 3 0x8000fcc6 (0x340e1ef3) x29 0x0000001b c832_mscratch 0xa34995b4
core   0: 0x8000fcca (0x0000717d) c.addi16sp sp, -16
core   0: 3 0x8000fcca (0x717d) x 2 0x349400c4
core   0: 0x8000fccc (0x00000336) c.slli  t1, 13
core   0: 3 0x8000fccc (0x0336) x 6 0x400c8000
core   0: 0x8000fcce (0x0000867d) c.srai  a2, 31
core   0: 3 0x8000fcce (0x867d) x12 0xffffffff
core   0: 0x8000fcd0 (0x03664633) div     a2, a2, s6
core   0: 3 0x8000fcd0 (0x03664633) x12 0x00000000
core   0: 0x8000fcd4 (0x0002eb33) or      s6, t0, zero
core   0: 3 0x8000fcd4 (0x0002eb33) x22 0x80028e74
core   0: 0x8000fcd8 (0x0ff0000f) fence   iorw,iorw
core   0: 3 0x8000fcd8 (0x0ff0000f)
core   0: 0x8000fcdc (0x000061d9) c.lui   gp, 0x16
core   0: 3 0x8000fcdc (0x61d9) x 3 0x00016000
core   0: 0x8000fcde (0x00004c7d) c.li    s8, 31
core   0: 3 0x8000fcde (0x4c7d) x24 0x0000001f
core   0: 0x8000fce0 (0x00008801) c.andi  s0, 0
core   0: 3 0x8000fce0 (0x8801) x 8 0x00000000
core   0: 0x8000fce2 (0x03288063) beq     a7, s2, pc + 32
core   0: 3 0x8000fce2 (0x03288063)
core   0: 0x8000fce6 (0x05741463) bne     s0, s7, pc + 72
core   0: 3 0x8000fce6 (0x05741463)
core   0: 0x8000fcea (0x41210533) sub     a0, sp, s2
core   0: 3 0x8000fcea (0x41210533) x10 0x49e8de93
core   0: 0x8000fcee (0x00a8de63) bge     a7, a0, pc + 28
core   0: 3 0x8000fcee (0x00a8de63)
core   0: 0x8000fcf2 (0x0ff0000f) fence   iorw,iorw
core   0: 3 0x8000fcf2 (0x0ff0000f)
core   0: 0x8000fcf6 (0x05cf0063) beq     t5, t3, pc + 64
core   0: 3 0x8000fcf6 (0x05cf0063)
core   0: 0x8000fcfa (0x02adb333) mulhu   t1, s11, a0
core   0: 3 0x8000fcfa (0x02adb333) x 6 0x00000000
core   0: 0x8000fcfe (0x031b0933) mul     s2, s6, a7
core   0: 3 0x8000fcfe (0x031b0933) x18 0x83df8000
core   0: 0x8000fd02 (0x020239b3) mulhu   s3, tp, zero
core   0: 3 0x8000fd02 (0x020239b3) x19 0x00000000
core   0: 0x8000fd06 (0x34006a73) csrrsi  s4, mscratch, 0
core   0: 3 0x8000fd06 (0x34006a73) x20 0xa34995b4
core   0: 0x8000fd0a (0x0257ca33) div     s4, a5, t0
core   0: 3 0x8000fd0a (0x0257ca33) x20 0x00000000
core   0: 0x8000fd0e (0x03b56e33) rem     t3, a0, s11
core   0: 3 0x8000fd0e (0x03b56e33) x28 0x49e8de93
core   0: 0x8000fd12 (0x34072d73) csrrs   s10, mscratch, a4
core   0: 3 0x8000fd12 (0x34072d73) x26 0xa34995b4 c832_mscratch 0xfffffffc
core   0: 0x8000fd16 (0x00008f8d) c.sub   a5, a1
core   0: 3 0x8000fd16 (0x8f8d) x15 0xfffffda5
core   0: 0x8000fd18 (0x0000c0a1) c.beqz  s1, pc + 64
core   0: 3 0x8000fd18 (0xc0a1)
core   0: 0x8000fd1a (0x0006d713) srli    a4, a3, 0
core   0: 3 0x8000fd1a (0x0006d713) x14 0x00000000
core   0: 0x8000fd1e (0x00104463) blt     zero, ra, pc + 8
core   0: 3 0x8000fd1e (0x00104463)
core   0: 0x8000fd22 (0x0279b533) mulhu   a0, s3, t2
core   0: 3 0x8000fd22 (0x0279b533) x10 0x00000000
core   0: 0x8000fd26 (0x4f06d617) auipc   a2, 0x4f06d
core   0: 3 0x8000fd26 (0x4f06d617) x12 0xcf07cd26
core   0: 0x8000fd2a (0x00006fc9) c.lui   t6, 0x12
core   0: 3 0x8000fd2a (0x6fc9) x31 0x00012000
core   0: 0x8000fd2c (0x00000001) c.nop
core   0: 3 0x8000fd2c (0x0001)
core   0: 0x8000fd2e (0x00008c39) c.xor   s0, a4
core   0: 3 0x8000fd2e (0x8c39) x 8 0x00000000
core   0: 0x8000fd30 (0x0ff0000f) fence   iorw,iorw
core   0: 3 0x8000fd30 (0x0ff0000f)
core   0: 0x8000fd34 (0x000081be) c.mv    gp, a5
core   0: 3 0x8000fd34 (0x81be) x 3 0xfffffda5
core   0: 0x8000fd36 (0x40a4d1b3) sra     gp, s1, a0
core   0: 3 0x8000fd36 (0x40a4d1b3) x 3 0x00000001
core   0: 0x8000fd3a (0x0000864a) c.mv    a2, s2
core   0: 3 0x8000fd3a (0x864a) x12 0x83df8000
core   0: 0x8000fd3c (0x41cad133) sra     sp, s5, t3
core   0: 3 0x8000fd3c (0x41cad133) x 2 0x00000000
core   0: 0x8000fd40 (0x008f6b33) or      s6, t5, s0
core   0: 3 0x8000fd40 (0x008f6b33) x22 0x8002cd24
core   0: 0x8000fd44 (0x409eddb3) sra     s11, t4, s1
core   0: 3 0x8000fd44 (0x409eddb3) x27 0x0000000d
core   0: 0x8000fd48 (0x00006cad) c.lui   s9, 0xb
core   0: 3 0x8000fd48 (0x6cad) x25 0x0000b000
core   0: 0x8000fd4a (0x00000411) c.addi  s0, 4
core   0: 3 0x8000fd4a (0x0411) x 8 0x00000004
core   0: 0x8000fd4c (0x03233333) mulhu   t1, t1, s2
core   0: 3 0x8000fd4c (0x03233333) x 6 0x00000000
core   0: 0x8000fd50 (0x0067d113) srli    sp, a5, 6
core   0: 3 0x8000fd50 (0x0067d113) x 2 0x03fffff6
core   0: 0x8000fd54 (0x41915333) sra     t1, sp, s9
core   0: 3 0x8000fd54 (0x41915333) x 6 0x03fffff6
core   0: 0x8000fd58 (0x052c8163) beq     s9, s2, pc + 66
core   0: 3 0x8000fd58 (0x052c8163)
core   0: 0x8000fd5c (0x000008ba) c.slli  a7, 14
core   0: 3 0x8000fd5c (0x08ba) x17 0x58000000
core   0: 0x8000fd5e (0x013298b3) sll     a7, t0, s3
core   0: 3 0x8000fd5e (0x013298b3) x17 0x80028e74
core   0: 0x8000fd62 (0x032e6e33) rem     t3, t3, s2
core   0: 3 0x8000fd62 (0x032e6e33) x28 0x49e8de93
core   0: 0x8000fd66 (0x34006173) csrrsi  sp, mscratch, 0
core   0: 3 0x8000fd66 (0x34006173) x 2 0xfffffffc
core   0: 0x8000fd6a (0x03968763) beq     a3, s9, pc + 46
core   0: 3 0x8000fd6a (0x03968763)
core   0: 0x8000fd6e (0x03014563) blt     sp, a6, pc + 42
core   0: 3 0x8000fd6e (0x03014563)
core   0: 0x8000fd72 (0x02c73333) mulhu   t1, a4, a2
core   0: 3 0x8000fd72 (0x02c73333) x 6 0x00000000
core   0: 0x8000fd76 (0x00aadc33) srl     s8, s5, a0
core   0: 3 0x8000fd76 (0x00aadc33) x24 0x00010037
core   0: 0x8000fd7a (0x01f4f0b3) and     ra, s1, t6
core   0: 3 0x8000fd7a (0x01f4f0b3) x 1 0x00000000
core   0: 0x8000fd7e (0x0000842d) c.srai  s0, 11
core   0: 3 0x8000fd7e (0x842d) x 8 0x00000000
core   0: 0x8000fd80 (0x039d0963) beq     s10, s9, pc + 50
core   0: 3 0x8000fd80 (0x039d0963)
core   0: 0x8000fd84 (0x02836533) rem     a0, t1, s0
core   0: 3 0x8000fd84 (0x02836533) x10 0x00000000
core   0: 0x8000fd88 (0x02ab9db3) mulh    s11, s7, a0
core   0: 3 0x8000fd88 (0x02ab9db3) x27 0x00000000
core   0: 0x8000fd8c (0x03150d33) mul     s10, a0, a7
core   0: 3 0x8000fd8c (0x03150d33) x26 0x00000000
core   0: 0x8000fd90 (0x00219213) slli    tp, gp, 2
core   0: 3 0x8000fd90 (0x00219213) x 4 0x00000004
core   0: 0x8000fd94 (0x00527e33) and     t3, tp, t0
core   0: 3 0x8000fd94 (0x00527e33) x28 0x00000004
core   0: 0x8000fd98 (0x000054fd) c.li    s1, -1
core   0: 3 0x8000fd98 (0x54fd) x 9 0xffffffff
core   0: 0x8000fd9a (0x0000cf9d) c.beqz  a5, pc + 62
core   0: 3 0x8000fd9a (0xcf9d)
core   0: 0x8000fd9c (0x026625b3) mulhsu  a1, a2, t1
core   0: 3 0x8000fd9c (0x026625b3) x11 0x00000000
core   0: 0x8000fda0 (0x03c1c663) blt     gp, t3, pc + 44
core   0: 3 0x8000fda0 (0x03c1c663)
core   0: 0x8000fdcc (0x28022113) slti    sp, tp, 640
core   0: 3 0x8000fdcc (0x28022113) x 2 0x00000001
core   0: 0x8000fdd0 (0x00004ba9) c.li    s7, 10
core   0: 3 0x8000fdd0 (0x4ba9) x23 0x0000000a
core   0: 0x8000fdd2 (0x00000001) c.nop
core   0: 3 0x8000fdd2 (0x0001)
core   0: 0x8000fdd4 (0x418ad433) sra     s0, s5, s8
core   0: 3 0x8000fdd4 (0x418ad433) x 8 0x00000000
core   0: 0x8000fdd8 (0x00fdec33) or      s8, s11, a5
core   0: 3 0x8000fdd8 (0x00fdec33) x24 0xfffffda5
core   0: 0x8000fddc (0x01ab5833) srl     a6, s6, s10
core   0: 3 0x8000fddc (0x01ab5833) x16 0x8002cd24
core   0: 0x8000fde0 (0x00009baa) c.add   s7, a0
core   0: 3 0x8000fde0 (0x9baa) x23 0x0000000a
core   0: 0x8000fde2 (0x00519a33) sll     s4, gp, t0
core   0: 3 0x8000fde2 (0x00519a33) x20 0x00100000
core   0: 0x8000fde6 (0x000089dd) c.andi  a1, 23
core   0: 3 0x8000fde6 (0x89dd) x11 0x00000000
core   0: 0x8000fde8 (0x3404bcf3) csrrc   s9, mscratch, s1
core   0: 3 0x8000fde8 (0x3404bcf3) x25 0xfffffffc c832_mscratch 0x00000000
core   0: 0x8000fdec (0x0000129c) c.addi4spn a5, sp, 352
core   0: 3 0x8000fdec (0x129c) x15 0x00000161
core   0: 0x8000fdee (0x9c788c93) addi    s9, a7, -1593
core   0: 3 0x8000fdee (0x9c788c93) x25 0x8002883b
core   0: 0x8000fdf2 (0x000080d9) c.srli  s1, 22
core   0: 3 0x8000fdf2 (0x80d9) x 9 0x000003ff
core   0: 0x8000fdf4 (0x34075073) csrwi   mscratch, 14
core   0: 3 0x8000fdf4 (0x34075073) c832_mscratch 0x0000000e
core   0: 0x8000fdf8 (0x0242c563) blt     t0, tp, pc + 42
core   0: 3 0x8000fdf8 (0x0242c563)
core   0: 0x8000fe22 (0x2b8ce413) ori     s0, s9, 696
core   0: 3 0x8000fe22 (0x2b8ce413) x 8 0x80028abb
core   0: 0x8000fe26 (0x1e932513) slti    a0, t1, 489
core   0: 3 0x8000fe26 (0x1e932513) x10 0x00000001
core   0: 0x8000fe2a (0x007a21b3) slt     gp, s4, t2
core   0: 3 0x8000fe2a (0x007a21b3) x 3 0x00000000
core   0: 0x8000fe2e (0x038370b3) remu    ra, t1, s8
core   0: 3 0x8000fe2e (0x038370b3) x 1 0x00000000
core   0: 0x8000fe32 (0x00006121) c.addi16sp sp, 64
core   0: 3 0x8000fe32 (0x6121) x 2 0x00000041
core   0: 0x8000fe34 (0x0000e915) c.bnez  a0, pc + 52
core   0: 3 0x8000fe34 (0xe915)
core   0: 0x8000fe68 (0x0000868d) c.srai  a3, 3
core   0: 3 0x8000fe68 (0x868d) x13 0x00000000
core   0: 0x8000fe6a (0x3400d373) csrrwi  t1, mscratch, 1
core   0: 3 0x8000fe6a (0x3400d373) x 6 0x0000000e c832_mscratch 0x00000001
core   0: 0x8000fe6e (0xd5e14a17) auipc   s4, 0xd5e14
core   0: 3 0x8000fe6e (0xd5e14a17) x20 0x55e23e6e
core   0: 0x8000fe72 (0x0000c2a1) c.beqz  a3, pc + 64
core   0: 3 0x8000fe72 (0xc2a1)
core   0: 0x8000feb2 (0x41688733) sub     a4, a7, s6
core   0: 3 0x8000feb2 (0x41688733) x14 0xffffc150
core   0: 0x8000feb6 (0x0000c11d) c.beqz  a0, pc + 38
core   0: 3 0x8000feb6 (0xc11d)
core   0: 0x8000feb8 (0x033fe233) rem     tp, t6, s3
core   0: 3 0x8000feb8 (0x033fe233) x 4 0x00012000
core   0: 0x8000febc (0x0000100f) fence.i
core   0: 3 0x8000febc (0x0000100f)
core   0: 0x8000fec0 (0x00008b89) c.andi  a5, 2
core   0: 3 0x8000fec0 (0x8b89) x15 0x00000000
core   0: 0x8000fec2 (0x3409db73) csrrwi  s6, mscratch, 19
core   0: 3 0x8000fec2 (0x3409db73) x22 0x00000001 c832_mscratch 0x00000013
core   0: 0x8000fec6 (0xffec9497) auipc   s1, 0xffec9
core   0: 3 0x8000fec6 (0xffec9497) x 9 0x7fed8ec6
core   0: 0x8000feca (0x00000001) c.nop
core   0: 3 0x8000feca (0x0001)
core   0: 0x8000fecc (0x0000e1b1) c.bnez  a1, pc + 68
core   0: 3 0x8000fecc (0xe1b1)
core   0: 0x8000fece (0x00008361) c.srli  a4, 24
core   0: 3 0x8000fece (0x8361) x14 0x000000ff
core   0: 0x8000fed0 (0x0000861d) c.srai  a2, 7
core   0: 3 0x8000fed0 (0x861d) x12 0xff07bf00
core   0: 0x8000fed2 (0x0000ee89) c.bnez  a3, pc + 26
core   0: 3 0x8000fed2 (0xee89)
core   0: 0x8000fed4 (0xf9a52793) slti    a5, a0, -102
core   0: 3 0x8000fed4 (0xf9a52793) x15 0x00000000
core   0: 0x8000fed8 (0x34006373) csrrsi  t1, mscratch, 0
core   0: 3 0x8000fed8 (0x34006373) x 6 0x00000013
core   0: 0x8000fedc (0x340556f3) csrrwi  a3, mscratch, 10
core   0: 3 0x8000fedc (0x340556f3) x13 0x00000013 c832_mscratch 0x0000000a
core   0: 0x8000fee0 (0x046a1563) bne     s4, t1, pc + 74
core   0: 3 0x8000fee0 (0x046a1563)
core   0: 0x8000ff2a (0x40d58333) sub     t1, a1, a3
core   0: 3 0x8000ff2a (0x40d58333) x 6 0xffffffed
core   0: 0x8000ff2e (0x00008eed) c.and   a3, a1
core   0: 3 0x8000ff2e (0x8eed) x13 0x00000000
core   0: 0x8000ff30 (0x00073833) sltu    a6, a4, zero
core   0: 3 0x8000ff30 (0x00073833) x16 0x00000000
core   0: 0x8000ff34 (0x017b85b3) add     a1, s7, s7
core   0: 3 0x8000ff34 (0x017b85b3) x11 0x00000014
core   0: 0x8000ff38 (0x02beb033) mulhu   zero, t4, a1
core   0: 3 0x8000ff38 (0x02beb033)
core   0: 0x8000ff3c (0x03864a63) blt     a2, s8, pc + 52
core   0: 3 0x8000ff3c (0x03864a63)
core   0: 0x8000ff70 (0x00000c08) c.addi4spn a0, sp, 528
core   0: 3 0x8000ff70 (0x0c08) x10 0x00000251
core   0: 0x8000ff72 (0x0000843d) c.srai  s0, 15
core   0: 3 0x8000ff72 (0x843d) x 8 0xffff0005
core   0: 0x8000ff74 (0x0000169c) c.addi4spn a5, sp, 864
core   0: 3 0x8000ff74 (0x169c) x15 0x000003a1
core   0: 0x8000ff76 (0x02889d33) mulh    s10, a7, s0
core   0: 3 0x8000ff76 (0x02889d33) x26 0x00007ffa
core   0: 0x8000ff7a (0x01391c13) slli    s8, s2, 19
core   0: 3 0x8000ff7a (0x01391c13) x24 0x00000000
core   0: 0x8000ff7e (0xa0d67213) andi    tp, a2, -1523
core   0: 3 0x8000ff7e (0xa0d67213) x 4 0xff07ba00
core   0: 0x8000ff82 (0x04a4c063) blt     s1, a0, pc + 64
core   0: 3 0x8000ff82 (0x04a4c063)
core   0: 0x8000ff86 (0xafcdec93) ori     s9, s11, -1284
core   0: 3 0x8000ff86 (0xafcdec93) x25 0xfffffafc
core   0: 0x8000ff8a (0x02d30fb3) mul     t6, t1, a3
core   0: 3 0x8000ff8a (0x02d30fb3) x31 0x00000000
core   0: 0x8000ff8e (0x00000001) c.nop
core   0: 3 0x8000ff8e (0x0001)
core   0: 0x8000ff90 (0x00008bf1) c.andi  a5, 28
core   0: 3 0x8000ff90 (0x8bf1) x15 0x00000000
core   0: 0x8000ff92 (0x00171db3) sll     s11, a4, ra
core   0: 3 0x8000ff92 (0x00171db3) x27 0x000000ff
core   0: 0x8000ff96 (0x00000d51) c.addi  s10, 20
core   0: 3 0x8000ff96 (0x0d51) x26 0x0000800e
core   0: 0x8000ff98 (0x007896b3) sll     a3, a7, t2
core   0: 3 0x8000ff98 (0x007896b3) x13 0x00a39d00
core   0: 0x8000ff9c (0x00008c59) c.or    s0, a4
core   0: 3 0x8000ff9c (0x8c59) x 8 0xffff00ff
core   0: 0x8000ff9e (0x00f70633) add     a2, a4, a5
core   0: 3 0x8000ff9e (0x00f70633) x12 0x000000ff
core   0: 0x8000ffa2 (0x1a17f717) auipc   a4, 0x1a17f
core   0: 3 0x8000ffa2 (0x1a17f717) x14 0x9a18efa2
core   0: 0x8000ffa6 (0x34003af3) csrrc   s5, mscratch, zero
core   0: 3 0x8000ffa6 (0x34003af3) x21 0x0000000a
core   0: 0x8000ffaa (0x0ff0000f) fence   iorw,iorw
core   0: 3 0x8000ffaa (0x0ff0000f)
core   0: 0x8000ffae (0x004de663) bltu    s11, tp, pc + 12
core   0: 3 0x8000ffae (0x004de663)
core   0: 0x8000ffba (0x340e95f3) csrrw   a1, mscratch, t4
core   0: 3 0x8000ffba (0x340e95f3) x11 0x0000000a c832_mscratch 0x0000001b
core   0: 0x8000ffbe (0x005279b3) and     s3, tp, t0
core   0: 3 0x8000ffbe (0x005279b3) x19 0x80028a00
core   0: 0x8000ffc2 (0x00006249) c.lui   tp, 0x12
core   0: 3 0x8000ffc2 (0x6249) x 4 0x00012000
core   0: 0x8000ffc4 (0x02e95d63) bge     s2, a4, pc + 58
core   0: 3 0x8000ffc4 (0x02e95d63)
core   0: 0x8000ffc8 (0x023f97b3) mulh    a5, t6, gp
core   0: 3 0x8000ffc8 (0x023f97b3) x15 0x00000000
core   0: 0x8000ffcc (0x267efb13) andi    s6, t4, 615
core   0: 3 0x8000ffcc (0x267efb13) x22 0x00000003
core   0: 0x8000ffd0 (0x340a1373) csrrw   t1, mscratch, s4
core   0: 3 0x8000ffd0 (0x340a1373) x 6 0x0000001b c832_mscratch 0x55e23e6e
core   0: 0x8000ffd4 (0x0211d163) bge     gp, ra, pc + 34
core   0: 3 0x8000ffd4 (0x0211d163)
core   0: 0x8000fff6 (0xa5038d93) addi    s11, t2, -1456
core   0: 3 0x8000fff6 (0xa5038d93) x27 0xfffffa56
core   0: 0x8000fffa (0xf8f57c17) auipc   s8, 0xf8f57
core   0: 3 0x8000fffa (0xf8f57c17) x24 0x78f66ffa
core   0: 0x8000fffe (0x03a8b333) mulhu   t1, a7, s10
core   0: 3 0x8000fffe (0x03a8b333) x 6 0x00004008
core   0: 0x80010002 (0x34006673) csrrsi  a2, mscratch, 0
core   0: 3 0x80010002 (0x34006673) x12 0x55e23e6e
core   0: 0x80010006 (0x0000e909) c.bnez  a0, pc + 18
core   0: 3 0x80010006 (0xe909)
core   0: 0x80010018 (0x790bba93) sltiu   s5, s7, 1936
core   0: 3 0x80010018 (0x790bba93) x21 0x00000001
core   0: 0x8001001c (0x3406a5f3) csrrs   a1, mscratch, a3
core   0: 3 0x8001001c (0x3406a5f3) x11 0x55e23e6e c832_mscratch 0x55e3bf6e
core   0: 0x80010020 (0x021a7963) bgeu    s4, ra, pc + 50
core   0: 3 0x80010020 (0x021a7963)
core   0: 0x80010052 (0x34023473) csrrc   s0, mscratch, tp
core   0: 3 0x80010052 (0x34023473) x 8 0x55e3bf6e c832_mscratch 0x55e29f6e
core   0: 0x80010056 (0x0000e329) c.bnez  a4, pc + 66
core   0: 3 0x80010056 (0xe329)
core   0: 0x80010098 (0x017040b3) xor     ra, zero, s7
core   0: 3 0x80010098 (0x017040b3) x 1 0x0000000a
core   0: 0x8001009c (0x34003573) csrrc   a0, mscratch, zero
core   0: 3 0x8001009c (0x34003573) x10 0x55e29f6e
core   0: 0x800100a0 (0x5f398a13) addi    s4, s3, 1523
core   0: 3 0x800100a0 (0x5f398a13) x20 0x80028ff3
core   0: 0x800100a4 (0x00000001) c.nop
core   0: 3 0x800100a4 (0x0001)
core   0: 0x800100a6 (0x000086f1) c.srai  a3, 28
core   0: 3 0x800100a6 (0x86f1) x13 0x00000000
core   0: 0x800100a8 (0x030f56b3) divu    a3, t5, a6
core   0: 3 0x800100a8 (0x030f56b3) x13 0xffffffff
core   0: 0x800100ac (0x34006773) csrrsi  a4, mscratch, 0
core   0: 3 0x800100ac (0x34006773) x14 0x55e29f6e
core   0: 0x800100b0 (0x00000ce1) c.addi  s9, 24
core   0: 3 0x800100b0 (0x0ce1) x25 0xfffffb14
core   0: 0x800100b2 (0x0100d663) bge     ra, a6, pc + 12
core   0: 3 0x800100b2 (0x0100d663)
core   0: 0x800100be (0x01a7deb3) srl     t4, a5, s10
core   0: 3 0x800100be (0x01a7deb3) x29 0x00000000
core   0: 0x800100c2 (0x025c6bb3) rem     s7, s8, t0
core   0: 3 0x800100c2 (0x025c6bb3) x23 0x78f66ffa
core   0: 0x800100c6 (0x41595a13) srai    s4, s2, 21
core   0: 3 0x800100c6 (0x41595a13) x20 0xfffffc1e
core   0: 0x800100ca (0x6a503313) sltiu   t1, zero, 1701
core   0: 3 0x800100ca (0x6a503313) x 6 0x00000001
core   0: 0x800100ce (0x00004b0d) c.li    s6, 3
core   0: 3 0x800100ce (0x4b0d) x22 0x00000003
core   0: 0x800100d0 (0x027b3eb3) mulhu   t4, s6, t2
core   0: 3 0x800100d0 (0x027b3eb3) x29 0x00000000
core   0: 0x800100d4 (0x00006729) c.lui   a4, 0xa
core   0: 3 0x800100d4 (0x6729) x14 0x0000a000
core   0: 0x800100d6 (0x0375ef63) bltu    a1, s7, pc + 62
core   0: 3 0x800100d6 (0x0375ef63)
core   0: 0x80010114 (0x00000001) c.nop
core   0: 3 0x80010114 (0x0001)
core   0: 0x80010116 (0x000084fd) c.srai  s1, 31
core   0: 3 0x80010116 (0x84fd) x 9 0x00000000
core   0: 0x80010118 (0x02cbb5b3) mulhu   a1, s7, a2
core   0: 3 0x80010118 (0x02cbb5b3) x11 0x2894ba3c
core   0: 0x8001011c (0x00008fad) c.xor   a5, a1
core   0: 3 0x8001011c (0x8fad) x15 0x2894ba3c
core   0: 0x8001011e (0x00008eb9) c.xor   a3, a4
core   0: 3 0x8001011e (0x8eb9) x13 0xffff5fff
core   0: 0x80010120 (0x03ed4663) blt     s10, t5, pc + 44
core   0: 3 0x80010120 (0x03ed4663)
core   0: 0x80010124 (0x00000001) c.nop
core   0: 3 0x80010124 (0x0001)
core   0: 0x80010126 (0x00008cb9) c.xor   s1, a4
core   0: 3 0x80010126 (0x8cb9) x 9 0x0000a000
core   0: 0x80010128 (0x40abdcb3) sra     s9, s7, a0
core   0: 3 0x80010128 (0x40abdcb3) x25 0x0001e3d9
core   0: 0x8001012c (0x00000001) c.nop
core   0: 3 0x8001012c (0x0001)
core   0: 0x8001012e (0x40a28db3) sub     s11, t0, a0
core   0: 3 0x8001012e (0x40a28db3) x27 0x2a1fef06
core   0: 0x80010132 (0x001d1593) slli    a1, s10, 1
core   0: 3 0x80010132 (0x001d1593) x11 0x0001001c
core   0: 0x80010136 (0x34007b73) csrrci  s6, mscratch, 0
core   0: 3 0x80010136 (0x34007b73) x22 0x55e29f6e
core   0: 0x8001013a (0x03be1763) bne     t3, s11, pc + 46
core   0: 3 0x8001013a (0x03be1763)
core   0: 0x80010168 (0x0f3a4493) xori    s1, s4, 243
core   0: 3 0x80010168 (0x0f3a4493) x 9 0xfffffced
core   0: 0x8001016c (0x03e1ee33) rem     t3, gp, t5
core   0: 3 0x8001016c (0x03e1ee33) x28 0x00000000
core   0: 0x80010170 (0x01d80d33) add     s10, a6, t4
core   0: 3 0x80010170 (0x01d80d33) x26 0x00000000
core   0: 0x80010174 (0x00008d49) c.or    a0, a0
core   0: 3 0x80010174 (0x8d49) x10 0x55e29f6e
core   0: 0x80010176 (0x015a6cb3) or      s9, s4, s5
core   0: 3 0x80010176 (0x015a6cb3) x25 0xfffffc1f
core   0: 0x8001017a (0x0000841e) c.mv    s0, t2
core   0: 3 0x8001017a (0x841e) x 8 0x00000006
core   0: 0x8001017c (0x861575b7) lui     a1, 0x86157
core   0: 3 0x8001017c (0x861575b7) x11 0x86157000
core   0: 0x80010180 (0x0000831d) c.srli  a4, 7
core   0: 3 0x80010180 (0x831d) x14 0x00000140
core   0: 0x80010182 (0x34021a73) csrrw   s4, mscratch, tp
core   0: 3 0x80010182 (0x34021a73) x20 0x55e29f6e c832_mscratch 0x00012000
core   0: 0x80010186 (0xdff22d93) slti    s11, tp, -513
core   0: 3 0x80010186 (0xdff22d93) x27 0x00000000
core   0: 0x8001018a (0x0000150c) c.addi4spn a1, sp, 672
core   0: 3 0x8001018a (0x150c) x11 0x000002e1
core   0: 0x8001018c (0x00008fa6) c.mv    t6, s1
core   0: 3 0x8001018c (0x8fa6) x31 0xfffffced
core   0: 0x8001018e (0x400ad993) srai    s3, s5, 0
core   0: 3 0x8001018e (0x400ad993) x19 0x00000001
core   0: 0x80010192 (0x00854333) xor     t1, a0, s0
core   0: 3 0x80010192 (0x00854333) x 6 0x55e29f68
core   0: 0x80010196 (0x019e5a13) srli    s4, t3, 25
core   0: 3 0x80010196 (0x019e5a13) x20 0x00000000
core   0: 0x8001019a (0x007aa133) slt     sp, s5, t2
core   0: 3 0x8001019a (0x007aa133) x 2 0x00000001
core   0: 0x8001019e (0x0000968a) c.add   a3, sp
core   0: 3 0x8001019e (0x968a) x13 0xffff6000
core   0: 0x800101a0 (0x01194433) xor     s0, s2, a7
core   0: 3 0x800101a0 (0x01194433) x 8 0x03dd0e74
core   0: 0x800101a4 (0x00006df5) c.lui   s11, 0x1d
core   0: 3 0x800101a4 (0x6df5) x27 0x0001d000
core   0: 0x800101a6 (0x0037d833) srl     a6, a5, gp
core   0: 3 0x800101a6 (0x0037d833) x16 0x2894ba3c
core   0: 0x800101aa (0x95038a13) addi    s4, t2, -1712
core   0: 3 0x800101aa (0x95038a13) x20 0xfffff956
core   0: 0x800101ae (0x02fd6463) bltu    s10, a5, pc + 40
core   0: 3 0x800101ae (0x02fd6463)
core   0: 0x800101d6 (0x023347b3) div     a5, t1, gp
core   0: 3 0x800101d6 (0x023347b3) x15 0xffffffff
core   0: 0x800101da (0x000084d2) c.mv    s1, s4
core   0: 3 0x800101da (0x84d2) x 9 0xfffff956
core   0: 0x800101dc (0x012d6333) or      t1, s10, s2
core   0: 3 0x800101dc (0x012d6333) x 6 0x83df8000
core   0: 0x800101e0 (0x01829b63) bne     t0, s8, pc + 22
core   0: 3 0x800101e0 (0x01829b63)
core   0: 0x800101f6 (0x000081a9) c.srli  a1, 10
core   0: 3 0x800101f6 (0x81a9) x11 0x00000000
core   0: 0x800101f8 (0x1babf493) andi    s1, s7, 442
core   0: 3 0x800101f8 (0x1babf493) x 9 0x000001ba
core   0: 0x800101fc (0x0127ec63) bltu    a5, s2, pc + 24
core   0: 3 0x800101fc (0x0127ec63)
core   0: 0x80010200 (0x00008e55) c.or    a2, a3
core   0: 3 0x80010200 (0x8e55) x12 0xffff7e6e
core   0: 0x80010202 (0x02584733) div     a4, a6, t0
core   0: 3 0x80010202 (0x02584733) x14 0x00000000
core   0: 0x80010206 (0x00000266) c.slli  tp, 25
core   0: 3 0x80010206 (0x0266) x 4 0x00000000
core   0: 0x80010208 (0x0ff0000f) fence   iorw,iorw
core   0: 3 0x80010208 (0x0ff0000f)
core   0: 0x8001020c (0x52a97c13) andi    s8, s2, 1322
core   0: 3 0x8001020c (0x52a97c13) x24 0x00000000
core   0: 0x80010210 (0x66d10813) addi    a6, sp, 1645
core   0: 3 0x80010210 (0x66d10813) x16 0x0000066e
core   0: 0x80010214 (0x00f4a933) slt     s2, s1, a5
core   0: 3 0x80010214 (0x00f4a933) x18 0x00000000
core   0: 0x80010218 (0x03fb1363) bne     s6, t6, pc + 38
core   0: 3 0x80010218 (0x03fb1363)
core   0: 0x8001023e (0x00000149) c.addi  sp, 18
core   0: 3 0x8001023e (0x0149) x 2 0x00000013
core   0: 0x80010240 (0x81dd3193) sltiu   gp, s10, -2019
core   0: 3 0x80010240 (0x81dd3193) x 3 0x00000001
core   0: 0x80010244 (0x000050fd) c.li    ra, -1
core   0: 3 0x80010244 (0x50fd) x 1 0xffffffff
core   0: 0x80010246 (0x00444563) blt     s0, tp, pc + 10
core   0: 3 0x80010246 (0x00444563)
core   0: 0x8001024a (0x00008c8d) c.sub   s1, a1
core   0: 3 0x8001024a (0x8c8d) x 9 0x000001ba
core   0: 0x8001024c (0x41e3d613) srai    a2, t2, 30
core   0: 3 0x8001024c (0x41e3d613) x12 0x00000000
core   0: 0x80010250 (0x0000717d) c.addi16sp sp, -16
core   0: 3 0x80010250 (0x717d) x 2 0x00000003
core   0: 0x80010252 (0x0000838d) c.srli  a5, 3
core   0: 3 0x80010252 (0x838d) x15 0x1fffffff
core   0: 0x80010254 (0x0000717d) c.addi16sp sp, -16
core   0: 3 0x80010254 (0x717d) x 2 0xfffffff3
core   0: 0x80010256 (0x032ccc63) blt     s9, s2, pc + 56
core   0: 3 0x80010256 (0x032ccc63)
core   0: 0x8001028e (0x01f14d63) blt     sp, t6, pc + 26
core   0: 3 0x8001028e (0x01f14d63)
core   0: 0x80010292 (0x02f4bbb3) mulhu   s7, s1, a5
core   0: 3 0x80010292 (0x02f4bbb3) x23 0x00000037
core   0: 0x80010296 (0x4112dc33) sra     s8, t0, a7
core   0: 3 0x80010296 (0x4112dc33) x24 0xfffff800
core   0: 0x8001029a (0x004fcf63) blt     t6, tp, pc + 30
core   0: 3 0x8001029a (0x004fcf63)
core   0: 0x800102b8 (0x0000100f) fence.i
core   0: 3 0x800102b8 (0x0000100f)
core   0: 0x800102bc (0x0ff0000f) fence   iorw,iorw
core   0: 3 0x800102bc (0x0ff0000f)
core   0: 0x800102c0 (0x0098d4b3) srl     s1, a7, s1
core   0: 3 0x800102c0 (0x0098d4b3) x 9 0x00000020
core   0: 0x800102c4 (0x00008c51) c.or    s0, a2
core   0: 3 0x800102c4 (0x8c51) x 8 0x03dd0e74
core   0: 0x800102c6 (0x00008431) c.srai  s0, 12
core   0: 3 0x800102c6 (0x8431) x 8 0x00003dd0
core   0: 0x800102c8 (0x014c5633) srl     a2, s8, s4
core   0: 3 0x800102c8 (0x014c5633) x12 0x000003ff
core   0: 0x800102cc (0x02426033) rem     zero, tp, tp
core   0: 3 0x800102cc (0x02426033)
core   0: 0x800102d0 (0x005db0b3) sltu    ra, s11, t0
core   0: 3 0x800102d0 (0x005db0b3) x 1 0x00000001
core   0: 0x800102d4 (0x3402d1f3) csrrwi  gp, mscratch, 5
core   0: 3 0x800102d4 (0x3402d1f3) x 3 0x00012000 c832_mscratch 0x00000005
core   0: 0x800102d8 (0x0039dd13) srli    s10, s3, 3
core   0: 3 0x800102d8 (0x0039dd13) x26 0x00000000
core   0: 0x800102dc (0x3401e4f3) csrrsi  s1, mscratch, 3
core   0: 3 0x800102dc (0x3401e4f3) x 9 0x00000005 c832_mscratch 0x00000007
core   0: 0x800102e0 (0x00a556b3) srl     a3, a0, a0
core   0: 3 0x800102e0 (0x00a556b3) x13 0x0001578a
core   0: 0x800102e4 (0x02876e63) bltu    a4, s0, pc + 60
core   0: 3 0x800102e4 (0x02876e63)
core   0: 0x80010320 (0x00008269) c.srli  a2, 26
core   0: 3 0x80010320 (0x8269) x12 0x00000000
core   0: 0x80010322 (0x405c0bb3) sub     s7, s8, t0
core   0: 3 0x80010322 (0x405c0bb3) x23 0x7ffd698c
core   0: 0x80010326 (0x0000177d) c.addi  a4, -1
core   0: 3 0x80010326 (0x177d) x14 0xffffffff
core   0: 0x80010328 (0x340068f3) csrrsi  a7, mscratch, 0
core   0: 3 0x80010328 (0x340068f3) x17 0x00000007
core   0: 0x8001032c (0x01ee6463) bltu    t3, t5, pc + 8
core   0: 3 0x8001032c (0x01ee6463)
core   0: 0x80010334 (0x0ff0000f) fence   iorw,iorw
core   0: 3 0x80010334 (0x0ff0000f)
core   0: 0x80010338 (0x4178d793) srai    a5, a7, 23
core   0: 3 0x80010338 (0x4178d793) x15 0x00000000
core   0: 0x8001033c (0x0024dd13) srli    s10, s1, 2
core   0: 3 0x8001033c (0x0024dd13) x26 0x00000001
core   0: 0x80010340 (0xb7aca713) slti    a4, s9, -1158
core   0: 3 0x80010340 (0xb7aca713) x14 0x00000000
core   0: 0x80010344 (0x00001a8c) c.addi4spn a1, sp, 368
core   0: 3 0x80010344 (0x1a8c) x11 0x00000163
core   0: 0x80010346 (0x00006891) c.lui   a7, 0x4
core   0: 3 0x80010346 (0x6891) x17 0x00004000
core   0: 0x80010348 (0x00008fe9) c.and   a5, a0
core   0: 3 0x80010348 (0x8fe9) x15 0x00000000
core   0: 0x8001034a (0x02c84eb3) div     t4, a6, a2
core   0: 3 0x8001034a (0x02c84eb3) x29 0xffffffff
core   0: 0x8001034e (0x03582cb3) mulhsu  s9, a6, s5
core   0: 3 0x8001034e (0x03582cb3) x25 0x00000000
core   0: 0x80010352 (0x67d19fb7) lui     t6, 0x67d19
core   0: 3 0x80010352 (0x67d19fb7) x31 0x67d19000
core   0: 0x80010356 (0x020f6eb3) rem     t4, t5, zero
core   0: 3 0x80010356 (0x020f6eb3) x29 0x8002cd24
core   0: 0x8001035a (0x00f0ea33) or      s4, ra, a5
core   0: 3 0x8001035a (0x00f0ea33) x20 0x00000001
core   0: 0x8001035e (0x40d85c93) srai    s9, a6, 13
core   0: 3 0x8001035e (0x40d85c93) x25 0x00000000
core   0: 0x80010362 (0x0000e285) c.bnez  a3, pc + 32
core   0: 3 0x80010362 (0xe285)
core   0: 0x80010382 (0x45ed2c37) lui     s8, 0x45ed2
core   0: 3 0x80010382 (0x45ed2c37) x24 0x45ed2000
core   0: 0x80010386 (0x3407e6f3) csrrsi  a3, mscratch, 15
core   0: 3 0x80010386 (0x3407e6f3) x13 0x00000007 c832_mscratch 0x0000000f
core   0: 0x8001038a (0x8f8c2513) slti    a0, s8, -1800
core   0: 3 0x8001038a (0x8f8c2513) x10 0x00000000
core   0: 0x8001038e (0x00008005) c.srli  s0, 1
core   0: 3 0x8001038e (0x8005) x 8 0x00001ee8
core   0: 0x80010390 (0x0167b4b3) sltu    s1, a5, s6
core   0: 3 0x80010390 (0x0167b4b3) x 9 0x00000001
core   0: 0x80010394 (0x340194f3) csrrw   s1, mscratch, gp
core   0: 3 0x80010394 (0x340194f3) x 9 0x0000000f c832_mscratch 0x00012000
core   0: 0x80010398 (0x022cc563) blt     s9, sp, pc + 42
core   0: 3 0x80010398 (0x022cc563)
core   0: 0x8001039c (0x02ed5833) divu    a6, s10, a4
core   0: 3 0x8001039c (0x02ed5833) x16 0xffffffff
core   0: 0x800103a0 (0x6452b793) sltiu   a5, t0, 1605
core   0: 3 0x800103a0 (0x6452b793) x15 0x00000000
core   0: 0x800103a4 (0x01294bb3) xor     s7, s2, s2
core   0: 3 0x800103a4 (0x01294bb3) x23 0x00000000
core   0: 0x800103a8 (0xeb4b8c13) addi    s8, s7, -332
core   0: 3 0x800103a8 (0xeb4b8c13) x24 0xfffffeb4
core   0: 0x800103ac (0x5c988693) addi    a3, a7, 1481
core   0: 3 0x800103ac (0x5c988693) x13 0x000045c9
core   0: 0x800103b0 (0x0163ce33) xor     t3, t2, s6
core   0: 3 0x800103b0 (0x0163ce33) x28 0x55e29f68
core   0: 0x800103b4 (0x74704d13) xori    s10, zero, 1863
core   0: 3 0x800103b4 (0x74704d13) x26 0x00000747
core   0: 0x800103b8 (0x00008215) c.srli  a2, 5
core   0: 3 0x800103b8 (0x8215) x12 0x00000000
core   0: 0x800103ba (0x01cda433) slt     s0, s11, t3
core   0: 3 0x800103ba (0x01cda433) x 8 0x00000001
core   0: 0x800103be (0x004434b3) sltu    s1, s0, tp
core   0: 3 0x800103be (0x004434b3) x 9 0x00000000
core   0: 0x800103c2 (0x000086ed) c.srai  a3, 27
core   0: 3 0x800103c2 (0x86ed) x13 0x00000000
core   0: 0x800103c4 (0x02943eb3) mulhu   t4, s0, s1
core   0: 3 0x800103c4 (0x02943eb3) x29 0x00000000
core   0: 0x800103c8 (0x005ddfb3) srl     t6, s11, t0
core   0: 3 0x800103c8 (0x005ddfb3) x31 0x00000000
core   0: 0x800103cc (0x3273c713) xori    a4, t2, 807
core   0: 3 0x800103cc (0x3273c713) x14 0x00000321
core   0: 0x800103d0 (0x34061573) csrrw   a0, mscratch, a2
core   0: 3 0x800103d0 (0x34061573) x10 0x00012000 c832_mscratch 0x00000000
core   0: 0x800103d4 (0x00008f9d) c.sub   a5, a5
core   0: 3 0x800103d4 (0x8f9d) x15 0x00000000
core   0: 0x800103d6 (0xa96dc893) xori    a7, s11, -1386
core   0: 3 0x800103d6 (0xa96dc893) x17 0xfffe2a96
core   0: 0x800103da (0x00000898) c.addi4spn a4, sp, 80
core   0: 3 0x800103da (0x0898) x14 0x00000043
core   0: 0x800103dc (0x0000616d) c.addi16sp sp, 240
core   0: 3 0x800103dc (0x616d) x 2 0x000000e3
core   0: 0x800103de (0x0ff0000f) fence   iorw,iorw
core   0: 3 0x800103de (0x0ff0000f)
core   0: 0x800103e2 (0x340075f3) csrrci  a1, mscratch, 0
core   0: 3 0x800103e2 (0x340075f3) x11 0x00000000
core   0: 0x800103e6 (0x0396f1b3) remu    gp, a3, s9
core   0: 3 0x800103e6 (0x0396f1b3) x 3 0x00000000
core   0: 0x800103ea (0x003e0633) add     a2, t3, gp
core   0: 3 0x800103ea (0x003e0633) x12 0x55e29f68
core   0: 0x800103ee (0x0000100f) fence.i
core   0: 3 0x800103ee (0x0000100f)
core   0: 0x800103f2 (0x01ff16b3) sll     a3, t5, t6
core   0: 3 0x800103f2 (0x01ff16b3) x13 0x8002cd24
core   0: 0x800103f6 (0x00d29433) sll     s0, t0, a3
core   0: 3 0x800103f6 (0x00d29433) x 8 0x0028e740
core   0: 0x800103fa (0x0000100f) fence.i
core   0: 3 0x800103fa (0x0000100f)
core   0: 0x800103fe (0x03e1f963) bgeu    gp, t5, pc + 50
core   0: 3 0x800103fe (0x03e1f963)
core   0: 0x80010402 (0x005f6533) or      a0, t5, t0
core   0: 3 0x80010402 (0x005f6533) x10 0x8002cf74
core   0: 0x80010406 (0x38b23593) sltiu   a1, tp, 907
core   0: 3 0x80010406 (0x38b23593) x11 0x00000001
core   0: 0x8001040a (0x021421b3) mulhsu  gp, s0, ra
core   0: 3 0x8001040a (0x021421b3) x 3 0x00000000
core   0: 0x8001040e (0x01518533) add     a0, gp, s5
core   0: 3 0x8001040e (0x01518533) x10 0x00000001
core   0: 0x80010412 (0x00008d75) c.and   a0, a3
core   0: 3 0x80010412 (0x8d75) x10 0x00000000
core   0: 0x80010414 (0x00009462) c.add   s0, s8
core   0: 3 0x80010414 (0x9462) x 8 0x0028e5f4
core   0: 0x80010416 (0xfa9c3a17) auipc   s4, 0xfa9c3
core   0: 3 0x80010416 (0xfa9c3a17) x20 0x7a9d3416
core   0: 0x8001041a (0x02e64833) div     a6, a2, a4
core   0: 3 0x8001041a (0x02e64833) x16 0x01482896
core   0: 0x8001041e (0x009b2233) slt     tp, s6, s1
core   0: 3 0x8001041e (0x009b2233) x 4 0x00000000
core   0: 0x80010422 (0x0fb86713) ori     a4, a6, 251
core   0: 3 0x80010422 (0x0fb86713) x14 0x014828ff
core   0: 0x80010426 (0x00a014b3) sll     s1, zero, a0
core   0: 3 0x80010426 (0x00a014b3) x 9 0x00000000
core   0: 0x8001042a (0x00000e84) c.addi4spn s1, sp, 848
core   0: 3 0x8001042a (0x0e84) x 9 0x00000433
core   0: 0x8001042c (0x8d912a93) slti    s5, sp, -1831
core   0: 3 0x8001042c (0x8d912a93) x21 0x00000000
core   0: 0x80010430 (0x0138fe33) and     t3, a7, s3
core   0: 3 0x80010430 (0x0138fe33) x28 0x00000000
core   0: 0x80010434 (0x03c15a33) divu    s4, sp, t3
core   0: 3 0x80010434 (0x03c15a33) x20 0xffffffff
core   0: 0x80010438 (0x01b8db63) bge     a7, s11, pc + 22
core   0: 3 0x80010438 (0x01b8db63)
core   0: 0x8001043c (0x03e31e33) mulh    t3, t1, t5
core   0: 3 0x8001043c (0x03e31e33) x28 0x3e0ee447
core   0: 0x80010440 (0x41e4d193) srai    gp, s1, 30
core   0: 3 0x80010440 (0x41e4d193) x 3 0x00000000
core   0: 0x80010444 (0xdc263c93) sltiu   s9, a2, -574
core   0: 3 0x80010444 (0xdc263c93) x25 0x00000001
core   0: 0x80010448 (0xa47b2a93) slti    s5, s6, -1465
core   0: 3 0x80010448 (0xa47b2a93) x21 0x00000000
core   0: 0x8001044c (0x00000001) c.nop
core   0: 3 0x8001044c (0x0001)
core   0: 0x8001044e (0xb2412813) slti    a6, sp, -1244
core   0: 3 0x8001044e (0xb2412813) x16 0x00000000
core   0: 0x80010452 (0x0000027e) c.slli  tp, 31
core   0: 3 0x80010452 (0x027e) x 4 0x00000000
core   0: 0x80010454 (0x01835763) bge     t1, s8, pc + 14
core   0: 3 0x80010454 (0x01835763)
core   0: 0x80010458 (0x039f1163) bne     t5, s9, pc + 34
core   0: 3 0x80010458 (0x039f1163)
core   0: 0x8001047a (0x00006ad5) c.lui   s5, 0x15
core   0: 3 0x8001047a (0x6ad5) x21 0x00015000
core   0: 0x8001047c (0x03436fb3) rem     t6, t1, s4
core   0: 3 0x8001047c (0x03436fb3) x31 0x00000000
core   0: 0x80010480 (0x00009d16) c.add   s10, t0
core   0: 3 0x80010480 (0x9d16) x26 0x800295bb
core   0: 0x80010482 (0x000057fd) c.li    a5, -1
core   0: 3 0x80010482 (0x57fd) x15 0xffffffff
core   0: 0x80010484 (0x495f0d93) addi    s11, t5, 1173
core   0: 3 0x80010484 (0x495f0d93) x27 0x8002d1b9
core   0: 0x80010488 (0x0000717d) c.addi16sp sp, -16
core   0: 3 0x80010488 (0x717d) x 2 0x000000d3
core   0: 0x8001048a (0x00b91d33) sll     s10, s2, a1
core   0: 3 0x8001048a (0x00b91d33) x26 0x00000000
core   0: 0x8001048e (0x2c293093) sltiu   ra, s2, 706
core   0: 3 0x8001048e (0x2c293093) x 1 0x00000001
core   0: 0x80010492 (0xa26a3037) lui     zero, 0xa26a3
core   0: 3 0x80010492 (0xa26a3037)
core   0: 0x80010496 (0x02111bb3) mulh    s7, sp, ra
core   0: 3 0x80010496 (0x02111bb3) x23 0x00000000
core   0: 0x8001049a (0x020991b3) mulh    gp, s3, zero
core   0: 3 0x8001049a (0x020991b3) x 3 0x00000000
core   0: 0x8001049e (0x34042a73) csrrs   s4, mscratch, s0
core   0: 3 0x8001049e (0x34042a73) x20 0x00000000 c832_mscratch 0x0028e5f4
core   0: 0x800104a2 (0x06ab3493) sltiu   s1, s6, 106
core   0: 3 0x800104a2 (0x06ab3493) x 9 0x00000000
core   0: 0x800104a6 (0x008ec833) xor     a6, t4, s0
core   0: 3 0x800104a6 (0x008ec833) x16 0x0028e5f4
core   0: 0x800104aa (0x0265c0b3) div     ra, a1, t1
core   0: 3 0x800104aa (0x0265c0b3) x 1 0x00000000
core   0: 0x800104ae (0x402d5613) srai    a2, s10, 2
core   0: 3 0x800104ae (0x402d5613) x12 0x00000000
core   0: 0x800104b2 (0x3406a6f3) csrrs   a3, mscratch, a3
core   0: 3 0x800104b2 (0x3406a6f3) x13 0x0028e5f4 c832_mscratch 0x802aedf4
core   0: 0x800104b6 (0x0000e2b1) c.bnez  a3, pc + 68
core   0: 3 0x800104b6 (0xe2b1)
core   0: 0x800104fa (0x340d9373) csrrw   t1, mscratch, s11
core   0: 3 0x800104fa (0x340d9373) x 6 0x802aedf4 c832_mscratch 0x8002d1b9
core   0: 0x800104fe (0x0000100f) fence.i
core   0: 3 0x800104fe (0x0000100f)
core   0: 0x80010502 (0x00000001) c.nop
core   0: 3 0x80010502 (0x0001)
core   0: 0x80010504 (0x05669163) bne     a3, s6, pc + 66
core   0: 3 0x80010504 (0x05669163)
core   0: 0x80010546 (0x0000cf15) c.beqz  a4, pc + 60
core   0: 3 0x80010546 (0xcf15)
core   0: 0x80010548 (0x000040ed) c.li    ra, 27
core   0: 3 0x80010548 (0x40ed) x 1 0x0000001b
core   0: 0x8001054a (0x00008716) c.mv    a4, t0
core   0: 3 0x8001054a (0x8716) x14 0x80028e74
core   0: 0x8001054c (0x34069df3) csrrw   s11, mscratch, a3
core   0: 3 0x8001054c (0x34069df3) x27 0x8002d1b9 c832_mscratch 0x0028e5f4
core   0: 0x80010550 (0x00009ffe) c.add   t6, t6
core   0: 3 0x80010550 (0x9ffe) x31 0x00000000
core   0: 0x80010552 (0x04ba7063) bgeu    s4, a1, pc + 64
core   0: 3 0x80010552 (0x04ba7063)
core   0: 0x80010556 (0x00000001) c.nop
core   0: 3 0x80010556 (0x0001)
core   0: 0x80010558 (0x037cadb3) mulhsu  s11, s9, s7
core   0: 3 0x80010558 (0x037cadb3) x27 0x00000000
core   0: 0x8001055c (0x01e79ab3) sll     s5, a5, t5
core   0: 3 0x8001055c (0x01e79ab3) x21 0xfffffff0
core   0: 0x80010560 (0x0000717d) c.addi16sp sp, -16
core   0: 3 0x80010560 (0x717d) x 2 0x000000c3
core   0: 0x80010562 (0x3405b8f3) csrrc   a7, mscratch, a1
core   0: 3 0x80010562 (0x3405b8f3) x17 0x0028e5f4 c832_mscratch 0x0028e5f4
core   0: 0x80010566 (0x01837563) bgeu    t1, s8, pc + 10
core   0: 3 0x80010566 (0x01837563)
core   0: 0x8001056a (0x41b3d833) sra     a6, t2, s11
core   0: 3 0x8001056a (0x41b3d833) x16 0x00000006
core   0: 0x8001056e (0x00008e6d) c.and   a2, a1
core   0: 3 0x8001056e (0x8e6d) x12 0x00000000
core   0: 0x80010570 (0xd1fd4a93) xori    s5, s10, -737
core   0: 3 0x80010570 (0xd1fd4a93) x21 0xfffffd1f
core   0: 0x80010574 (0x00008c7d) c.and   s0, a5
core   0: 3 0x80010574 (0x8c7d) x 8 0x0028e5f4
core   0: 0x80010576 (0x407e5a13) srai    s4, t3, 7
core   0: 3 0x80010576 (0x407e5a13) x20 0x007c1dc8
core   0: 0x8001057a (0x000085e1) c.srai  a1, 24
core   0: 3 0x8001057a (0x85e1) x11 0x00000000
core   0: 0x8001057c (0x34022af3) csrrs   s5, mscratch, tp
core   0: 3 0x8001057c (0x34022af3) x21 0x0028e5f4 c832_mscratch 0x0028e5f4
core   0: 0x80010580 (0x00000629) c.addi  a2, 10
core   0: 3 0x80010580 (0x0629) x12 0x0000000a
core   0: 0x80010582 (0x00008ff1) c.and   a5, a2
core   0: 3 0x80010582 (0x8ff1) x15 0x0000000a
core   0: 0x80010584 (0x0000c3b1) c.beqz  a5, pc + 68
core   0: 3 0x80010584 (0xc3b1)
core   0: 0x80010586 (0xeaaeb613) sltiu   a2, t4, -342
core   0: 3 0x80010586 (0xeaaeb613) x12 0x00000001
core   0: 0x8001058a (0x4e446a93) ori     s5, s0, 1252
core   0: 3 0x8001058a (0x4e446a93) x21 0x0028e5f4
core   0: 0x8001058e (0xf6426593) ori     a1, tp, -156
core   0: 3 0x8001058e (0xf6426593) x11 0xffffff64
core   0: 0x80010592 (0x0097d8b3) srl     a7, a5, s1
core   0: 3 0x80010592 (0x0097d8b3) x17 0x0000000a
core   0: 0x80010596 (0x030dfeb3) remu    t4, s11, a6
core   0: 3 0x80010596 (0x030dfeb3) x29 0x00000000
core   0: 0x8001059a (0x057b4163) blt     s6, s7, pc + 66
core   0: 3 0x8001059a (0x057b4163)
core   0: 0x8001059e (0x009adb13) srli    s6, s5, 9
core   0: 3 0x8001059e (0x009adb13) x22 0x00001472
core   0: 0x800105a2 (0x012466b3) or      a3, s0, s2
core   0: 3 0x800105a2 (0x012466b3) x13 0x0028e5f4
core   0: 0x800105a6 (0x0000100f) fence.i
core   0: 3 0x800105a6 (0x0000100f)
core   0: 0x800105aa (0x01d957b3) srl     a5, s2, t4
core   0: 3 0x800105aa (0x01d957b3) x15 0x00000000
core   0: 0x800105ae (0x02ec0b63) beq     s8, a4, pc + 54
core   0: 3 0x800105ae (0x02ec0b63)
core   0: 0x800105b2 (0xed7e3413) sltiu   s0, t3, -297
core   0: 3 0x800105b2 (0xed7e3413) x 8 0x00000001
core   0: 0x800105b6 (0x34089df3) csrrw   s11, mscratch, a7
core   0: 3 0x800105b6 (0x34089df3) x27 0x0028e5f4 c832_mscratch 0x0000000a
core   0: 0x800105ba (0x362e3d13) sltiu   s10, t3, 866
core   0: 3 0x800105ba (0x362e3d13) x26 0x00000000
core   0: 0x800105be (0x00000001) c.nop
core   0: 3 0x800105be (0x0001)
core   0: 0x800105c0 (0x00001808) c.addi4spn a0, sp, 48
core   0: 3 0x800105c0 (0x1808) x10 0x000000f3
core   0: 0x800105c2 (0x04b27063) bgeu    tp, a1, pc + 64
core   0: 3 0x800105c2 (0x04b27063)
core   0: 0x800105c6 (0x00009176) c.add   sp, t4
core   0: 3 0x800105c6 (0x9176) x 2 0x000000c3
core   0: 0x800105c8 (0x000b61b3) or      gp, s6, zero
core   0: 3 0x800105c8 (0x000b61b3) x 3 0x00001472
core   0: 0x800105cc (0x00289e63) bne     a7, sp, pc + 28
core   0: 3 0x800105cc (0x00289e63)
core   0: 0x800105e8 (0x9c027513) andi    a0, tp, -1600
core   0: 3 0x800105e8 (0x9c027513) x10 0x00000000
core   0: 0x800105ec (0x019c6533) or      a0, s8, s9
core   0: 3 0x800105ec (0x019c6533) x10 0xfffffeb5
core   0: 0x800105f0 (0x340a75f3) csrrci  a1, mscratch, 20
core   0: 3 0x800105f0 (0x340a75f3) x11 0x0000000a c832_mscratch 0x0000000a
core   0: 0x800105f4 (0x00008735) c.srai  a4, 13
core   0: 3 0x800105f4 (0x8735) x14 0xfffc0014
core   0: 0x800105f6 (0x00000001) c.nop
core   0: 3 0x800105f6 (0x0001)
core   0: 0x800105f8 (0x00fd2433) slt     s0, s10, a5
core   0: 3 0x800105f8 (0x00fd2433) x 8 0x00000000
core   0: 0x800105fc (0x0000e91d) c.bnez  a0, pc + 54
core   0: 3 0x800105fc (0xe91d)
core   0: 0x80010632 (0x039b0a63) beq     s6, s9, pc + 52
core   0: 3 0x80010632 (0x039b0a63)
core   0: 0x80010636 (0x00be0633) add     a2, t3, a1
core   0: 3 0x80010636 (0x00be0633) x12 0x3e0ee451
core   0: 0x8001063a (0x0000717d) c.addi16sp sp, -16
core   0: 3 0x8001063a (0x717d) x 2 0x000000b3
core   0: 0x8001063c (0x34003273) csrrc   tp, mscratch, zero
core   0: 3 0x8001063c (0x34003273) x 4 0x0000000a
core   0: 0x80010640 (0x037890b3) mulh    ra, a7, s7
core   0: 3 0x80010640 (0x037890b3) x 1 0x00000000
core   0: 0x80010644 (0xbaf2a037) lui     zero, 0xbaf2a
core   0: 3 0x80010644 (0xbaf2a037)
core   0: 0x80010648 (0x00005dfd) c.li    s11, -1
core   0: 3 0x80010648 (0x5dfd) x27 0xffffffff
core   0: 0x8001064a (0x015bce33) xor     t3, s7, s5
core   0: 3 0x8001064a (0x015bce33) x28 0x0028e5f4
core   0: 0x8001064e (0x00000195) c.addi  gp, 5
core   0: 3 0x8001064e (0x0195) x 3 0x00001477
core   0: 0x80010650 (0x00000001) c.nop
core   0: 3 0x80010650 (0x0001)
core   0: 0x80010652 (0x014bd233) srl     tp, s7, s4
core   0: 3 0x80010652 (0x014bd233) x 4 0x00000000
core   0: 0x80010656 (0x00000e00) c.addi4spn s0, sp, 784
core   0: 3 0x80010656 (0x0e00) x 8 0x000003c3
core   0: 0x80010658 (0x00000bda) c.slli  s7, 22
core   0: 3 0x80010658 (0x0bda) x23 0x00000000
core   0: 0x8001065a (0x02514163) blt     sp, t0, pc + 34
core   0: 3 0x8001065a (0x02514163)
core   0: 0x8001065e (0x03b52433) mulhsu  s0, a0, s11
core   0: 3 0x8001065e (0x03b52433) x 8 0xfffffeb5
core   0: 0x80010662 (0x00000001) c.nop
core   0: 3 0x80010662 (0x0001)
core   0: 0x80010664 (0x00008e39) c.xor   a2, a4
core   0: 3 0x80010664 (0x8e39) x12 0xc1f2e445
core   0: 0x80010666 (0x00009bfd) c.andi  a5, -1
core   0: 3 0x80010666 (0x9bfd) x15 0x00000000
core   0: 0x80010668 (0x0000c195) c.beqz  a1, pc + 36
core   0: 3 0x80010668 (0xc195)
core   0: 0x8001066a (0x000045d5) c.li    a1, 21
core   0: 3 0x8001066a (0x45d5) x11 0x00000015
core   0: 0x8001066c (0x0000e401) c.bnez  s0, pc + 8
core   0: 3 0x8001066c (0xe401)
core   0: 0x80010674 (0x01f6b433) sltu    s0, a3, t6
core   0: 3 0x80010674 (0x01f6b433) x 8 0x00000000
core   0: 0x80010678 (0x00cd5c63) bge     s10, a2, pc + 24
core   0: 3 0x80010678 (0x00cd5c63)
core   0: 0x80010690 (0xd0e97b93) andi    s7, s2, -754
core   0: 3 0x80010690 (0xd0e97b93) x23 0x00000000
core   0: 0x80010694 (0x000005e2) c.slli  a1, 24
core   0: 3 0x80010694 (0x05e2) x11 0x15000000
core   0: 0x80010696 (0x03919533) mulh    a0, gp, s9
core   0: 3 0x80010696 (0x03919533) x10 0x00000000
core   0: 0x8001069a (0x03879e33) mulh    t3, a5, s8
core   0: 3 0x8001069a (0x03879e33) x28 0x00000000
core   0: 0x8001069e (0x0ff0000f) fence   iorw,iorw
core   0: 3 0x8001069e (0x0ff0000f)
core   0: 0x800106a2 (0x0389eb33) rem     s6, s3, s8
core   0: 3 0x800106a2 (0x0389eb33) x22 0x00000001
core   0: 0x800106a6 (0x00000001) c.nop
core   0: 3 0x800106a6 (0x0001)
core   0: 0x800106a8 (0x02677eb7) lui     t4, 0x2677
core   0: 3 0x800106a8 (0x02677eb7) x29 0x02677000
core   0: 0x800106ac (0x00000e26) c.slli  t3, 9
core   0: 3 0x800106ac (0x0e26) x28 0x00000000
core   0: 0x800106ae (0x0018ab33) slt     s6, a7, ra
core   0: 3 0x800106ae (0x0018ab33) x22 0x00000000
core   0: 0x800106b2 (0x00008cd9) c.or    s1, a4
core   0: 3 0x800106b2 (0x8cd9) x 9 0xfffc0014
core   0: 0x800106b4 (0x00000001) c.nop
core   0: 3 0x800106b4 (0x0001)
core   0: 0x800106b6 (0x000058fd) c.li    a7, -1
core   0: 3 0x800106b6 (0x58fd) x17 0xffffffff
core   0: 0x800106b8 (0x03ede9b3) rem     s3, s11, t5
core   0: 3 0x800106b8 (0x03ede9b3) x19 0xffffffff
core   0: 0x800106bc (0x0000597d) c.li    s2, -1
core   0: 3 0x800106bc (0x597d) x18 0xffffffff
core   0: 0x800106be (0x01e57663) bgeu    a0, t5, pc + 12
core   0: 3 0x800106be (0x01e57663)
core   0: 0x800106c2 (0x01ed4cb3) xor     s9, s10, t5
core   0: 3 0x800106c2 (0x01ed4cb3) x25 0x8002cd24
core   0: 0x800106c6 (0x3405dcf3) csrrwi  s9, mscratch, 11
core   0: 3 0x800106c6 (0x3405dcf3) x25 0x0000000a c832_mscratch 0x0000000b
core   0: 0x800106ca (0x00006169) c.addi16sp sp, 208
core   0: 3 0x800106ca (0x6169) x 2 0x00000183
core   0: 0x800106cc (0x03f42833) mulhsu  a6, s0, t6
core   0: 3 0x800106cc (0x03f42833) x16 0x00000000
core   0: 0x800106d0 (0x00caa913) slti    s2, s5, 12
core   0: 3 0x800106d0 (0x00caa913) x18 0x00000000
core   0: 0x800106d4 (0x00008989) c.andi  a1, 2
core   0: 3 0x800106d4 (0x8989) x11 0x00000000
core   0: 0x800106d6 (0x40745eb3) sra     t4, s0, t2
core   0: 3 0x800106d6 (0x40745eb3) x29 0x00000000
core   0: 0x800106da (0x340a1073) csrw    mscratch, s4
core   0: 3 0x800106da (0x340a1073) c832_mscratch 0x007c1dc8
core   0: 0x800106de (0xc90d0593) addi    a1, s10, -880
core   0: 3 0x800106de (0xc90d0593) x11 0xfffffc90
core   0: 0x800106e2 (0x00014117) auipc   sp, 0x14
core   0: 3 0x800106e2 (0x00014117) x 2 0x800246e2
core   0: 0x800106e6 (0x99210113) addi    sp, sp, -1646
core   0: 3 0x800106e6 (0x99210113) x 2 0x80024074
core   0: 0x800106ea (0x00014a17) auipc   s4, 0x14
core   0: 3 0x800106ea (0x00014a17) x20 0x800246ea
core   0: 0x800106ee (0x962a0a13) addi    s4, s4, -1694
core   0: 3 0x800106ee (0x962a0a13) x20 0x8002404c
core   0: 0x800106f2 (0x00014d97) auipc   s11, 0x14
core   0: 3 0x800106f2 (0x00014d97) x27 0x800246f2
core   0: 0x800106f6 (0x97ad8d93) addi    s11, s11, -1670
core   0: 3 0x800106f6 (0x97ad8d93) x27 0x8002406c
core   0: 0x800106fa (0x34007273) csrrci  tp, mscratch, 0
core   0: 3 0x800106fa (0x34007273) x 4 0x007c1dc8
core   0: 0x800106fe (0x235126af) amoxor.w a3, s5, (sp)
core   0: 3 0x800106fe (0x235126af) x13 0x8002cd24 mem 0x80024074 mem 0x80024074 0x802a28d0
core   0: 0x80010702 (0x0d4da52f) amoswap.w a0, s4, (s11)
core   0: 3 0x80010702 (0x0d4da52f) x10 0x000027ff mem 0x8002406c mem 0x8002406c 0x8002404c
core   0: 0x80010706 (0x22ea2c2f) amoxor.w s8, a4, (s4)
core   0: 3 0x80010706 (0x22ea2c2f) x24 0x000001f9 mem 0x8002404c mem 0x8002404c 0xfffc01ed
core   0: 0x8001070a (0xe5a1252f) amomaxu.w a0, s10, (sp)
core   0: 3 0x8001070a (0xe5a1252f) x10 0x802a28d0 mem 0x80024074 mem 0x80024074 0x802a28d0
core   0: 0x8001070e (0x34002473) csrr    s0, mscratch
core   0: 3 0x8001070e (0x34002473) x 8 0x007c1dc8
core   0: 0x80010712 (0x340e6ff3) csrrsi  t6, mscratch, 28
core   0: 3 0x80010712 (0x340e6ff3) x31 0x007c1dc8 c832_mscratch 0x007c1ddc
core   0: 0x80010716 (0x001ea833) slt     a6, t4, ra
core   0: 3 0x80010716 (0x001ea833) x16 0x00000000
core   0: 0x8001071a (0xd04f3cb7) lui     s9, 0xd04f3
core   0: 3 0x8001071a (0xd04f3cb7) x25 0xd04f3000
core   0: 0x8001071e (0x224a2baf) amoxor.w s7, tp, (s4)
core   0: 3 0x8001071e (0x224a2baf) x23 0xfffc01ed mem 0x8002404c mem 0x8002404c 0xff801c25
core   0: 0x80010722 (0x10f6e993) ori     s3, a3, 271
core   0: 3 0x80010722 (0x10f6e993) x19 0x8002cd2f
core   0: 0x80010726 (0x03e51d63) bne     a0, t5, pc + 58
core   0: 3 0x80010726 (0x03e51d63)
core   0: 0x80010760 (0x4160d613) srai    a2, ra, 22
core   0: 3 0x80010760 (0x4160d613) x12 0x00000000
core   0: 0x80010764 (0x340025f3) csrr    a1, mscratch
core   0: 3 0x80010764 (0x340025f3) x11 0x007c1ddc
core   0: 0x80010768 (0x00008e75) c.and   a2, a3
core   0: 3 0x80010768 (0x8e75) x12 0x00000000
core   0: 0x8001076a (0x02005533) divu    a0, zero, zero
core   0: 3 0x8001076a (0x02005533) x10 0xffffffff
core   0: 0x8001076e (0x039719b3) mulh    s3, a4, s9
core   0: 3 0x8001076e (0x039719b3) x19 0x0000bebf
core   0: 0x80010772 (0x00000001) c.nop
core   0: 3 0x80010772 (0x0001)
core   0: 0x80010774 (0x00000001) c.nop
core   0: 3 0x80010774 (0x0001)
core   0: 0x80010776 (0x4c61ca93) xori    s5, gp, 1222
core   0: 3 0x80010776 (0x4c61ca93) x21 0x000010b1
core   0: 0x8001077a (0xd479b917) auipc   s2, 0xd479b
core   0: 3 0x8001077a (0xd479b917) x18 0x547ab77a
core   0: 0x8001077e (0x3404e1f3) csrrsi  gp, mscratch, 9
core   0: 3 0x8001077e (0x3404e1f3) x 3 0x007c1ddc c832_mscratch 0x007c1ddd
core   0: 0x80010782 (0x340e7173) csrrci  sp, mscratch, 28
core   0: 3 0x80010782 (0x340e7173) x 2 0x007c1ddd c832_mscratch 0x007c1dc1
core   0: 0x80010786 (0x027b4e63) blt     s6, t2, pc + 60
core   0: 3 0x80010786 (0x027b4e63)
core   0: 0x800107c2 (0x03fbed63) bltu    s7, t6, pc + 58
core   0: 3 0x800107c2 (0x03fbed63)
core   0: 0x800107c6 (0x03be91b3) mulh    gp, t4, s11
core   0: 3 0x800107c6 (0x03be91b3) x 3 0x00000000
core   0: 0x800107ca (0x6406c193) xori    gp, a3, 1600
core   0: 3 0x800107ca (0x6406c193) x 3 0x8002cb64
core   0: 0x800107ce (0x0000091c) c.addi4spn a5, sp, 144
core   0: 3 0x800107ce (0x091c) x15 0x007c1e6d
core   0: 0x800107d0 (0xbcba6e93) ori     t4, s4, -1077
core   0: 3 0x800107d0 (0xbcba6e93) x29 0xfffffbcf
core   0: 0x800107d4 (0x01593233) sltu    tp, s2, s5
core   0: 3 0x800107d4 (0x01593233) x 4 0x00000000
core   0: 0x800107d8 (0x0b6b4d93) xori    s11, s6, 182
core   0: 3 0x800107d8 (0x0b6b4d93) x27 0x000000b6
core   0: 0x800107dc (0x00008175) c.srli  a0, 29
core   0: 3 0x800107dc (0x8175) x10 0x00000007
core   0: 0x800107de (0x00008421) c.srai  s0, 8
core   0: 3 0x800107de (0x8421) x 8 0x00007c1d
core   0: 0x800107e0 (0x007be1b3) or      gp, s7, t2
core   0: 3 0x800107e0 (0x007be1b3) x 3 0xfffc01ef
core   0: 0x800107e4 (0x222ba813) slti    a6, s7, 546
core   0: 3 0x800107e4 (0x222ba813) x16 0x00000001
core   0: 0x800107e8 (0x027a3933) mulhu   s2, s4, t2
core   0: 3 0x800107e8 (0x027a3933) x18 0x00000003
core   0: 0x800107ec (0x0000100f) fence.i
core   0: 3 0x800107ec (0x0000100f)
core   0: 0x800107f0 (0x97ca7513) andi    a0, s4, -1668
core   0: 3 0x800107f0 (0x97ca7513) x10 0x8002404c
core   0: 0x800107f4 (0x0ff0000f) fence   iorw,iorw
core   0: 3 0x800107f4 (0x0ff0000f)
core   0: 0x800107f8 (0x003fa7b3) slt     a5, t6, gp
core   0: 3 0x800107f8 (0x003fa7b3) x15 0x00000000
core   0: 0x800107fc (0x932d2413) slti    s0, s10, -1742
core   0: 3 0x800107fc (0x932d2413) x 8 0x00000000
core   0: 0x80010800 (0xc8237113) andi    sp, t1, -894
core   0: 3 0x80010800 (0xc8237113) x 2 0x802aec80
core   0: 0x80010804 (0x010efc33) and     s8, t4, a6
core   0: 3 0x80010804 (0x010efc33) x24 0x00000001
core   0: 0x80010808 (0x340f9af3) csrrw   s5, mscratch, t6
core   0: 3 0x80010808 (0x340f9af3) x21 0x007c1dc1 c832_mscratch 0x007c1dc8
core   0: 0x8001080c (0x000059fd) c.li    s3, -1
core   0: 3 0x8001080c (0x59fd) x19 0xffffffff
core   0: 0x8001080e (0x000095e2) c.add   a1, s8
core   0: 3 0x8001080e (0x95e2) x11 0x007c1ddd
core   0: 0x80010810 (0x41150933) sub     s2, a0, a7
core   0: 3 0x80010810 (0x41150933) x18 0x8002404d
core   0: 0x80010814 (0x033fa4b3) mulhsu  s1, t6, s3
core   0: 3 0x80010814 (0x033fa4b3) x 9 0x007c1dc7
core   0: 0x80010818 (0x02a946b3) div     a3, s2, a0
core   0: 3 0x80010818 (0x02a946b3) x13 0x00000000
core   0: 0x8001081c (0x91563a13) sltiu   s4, a2, -1771
core   0: 3 0x8001081c (0x91563a13) x20 0x00000001
core   0: 0x80010820 (0x031251b3) divu    gp, tp, a7
core   0: 3 0x80010820 (0x031251b3) x 3 0x00000000
core   0: 0x80010824 (0x16a6bb93) sltiu   s7, a3, 362
core   0: 3 0x80010824 (0x16a6bb93) x23 0x00000001
core   0: 0x80010828 (0x01e6d933) srl     s2, a3, t5
core   0: 3 0x80010828 (0x01e6d933) x18 0x00000000
core   0: 0x8001082c (0x00006125) c.addi16sp sp, 96
core   0: 3 0x8001082c (0x6125) x 2 0x802aece0
core   0: 0x8001082e (0x0000717d) c.addi16sp sp, -16
core   0: 3 0x8001082e (0x717d) x 2 0x802aecd0
core   0: 0x80010830 (0x41835633) sra     a2, t1, s8
core   0: 3 0x80010830 (0x41835633) x12 0xc01576fa
core   0: 0x80010834 (0x410b8233) sub     tp, s7, a6
core   0: 3 0x80010834 (0x410b8233) x 4 0x00000000
core   0: 0x80010838 (0x4a886b93) ori     s7, a6, 1192
core   0: 3 0x80010838 (0x4a886b93) x23 0x000004a9
core   0: 0x8001083c (0x0000100f) fence.i
core   0: 3 0x8001083c (0x0000100f)
core   0: 0x80010840 (0x419dd413) srai    s0, s11, 25
core   0: 3 0x80010840 (0x419dd413) x 8 0x00000000
core   0: 0x80010844 (0x02140a33) mul     s4, s0, ra
core   0: 3 0x80010844 (0x02140a33) x20 0x00000000
core   0: 0x80010848 (0x01dfb7b3) sltu    a5, t6, t4
core   0: 3 0x80010848 (0x01dfb7b3) x15 0x00000001
core   0: 0x8001084c (0x035e0f63) beq     t3, s5, pc + 62
core   0: 3 0x8001084c (0x035e0f63)
core   0: 0x80010850 (0x7f928013) addi    zero, t0, 2041
core   0: 3 0x80010850 (0x7f928013)
core   0: 0x80010854 (0x7e43a713) slti    a4, t2, 2020
core   0: 3 0x80010854 (0x7e43a713) x14 0x00000001
core   0: 0x80010858 (0x00000001) c.nop
core   0: 3 0x80010858 (0x0001)
core   0: 0x8001085a (0x0117f233) and     tp, a5, a7
core   0: 3 0x8001085a (0x0117f233) x 4 0x00000001
core   0: 0x8001085e (0x00008c99) c.sub   s1, a4
core   0: 3 0x8001085e (0x8c99) x 9 0x007c1dc6
core   0: 0x80010860 (0x02449633) mulh    a2, s1, tp
core   0: 3 0x80010860 (0x02449633) x12 0x00000000
core   0: 0x80010864 (0x340fe173) csrrsi  sp, mscratch, 31
core   0: 3 0x80010864 (0x340fe173) x 2 0x007c1dc8 c832_mscratch 0x007c1ddf
core   0: 0x80010868 (0x01cc9eb3) sll     t4, s9, t3
core   0: 3 0x80010868 (0x01cc9eb3) x29 0xd04f3000
core   0: 0x8001086c (0x01e02e33) slt     t3, zero, t5
core   0: 3 0x8001086c (0x01e02e33) x28 0x00000000
core   0: 0x80010870 (0x0000e48d) c.bnez  s1, pc + 42
core   0: 3 0x80010870 (0xe48d)
core   0: 0x8001089a (0x340030f3) csrrc   ra, mscratch, zero
core   0: 3 0x8001089a (0x340030f3) x 1 0x007c1ddf
core   0: 0x8001089e (0x0387ccb3) div     s9, a5, s8
core   0: 3 0x8001089e (0x0387ccb3) x25 0x00000001
core   0: 0x800108a2 (0x03c5b033) mulhu   zero, a1, t3
core   0: 3 0x800108a2 (0x03c5b033)
core   0: 0x800108a6 (0x000088d6) c.mv    a7, s5
core   0: 3 0x800108a6 (0x88d6) x17 0x007c1dc1
core   0: 0x800108a8 (0x0000717d) c.addi16sp sp, -16
core   0: 3 0x800108a8 (0x717d) x 2 0x007c1db8
core   0: 0x800108aa (0x031a0db3) mul     s11, s4, a7
core   0: 3 0x800108aa (0x031a0db3) x27 0x00000000
core   0: 0x800108ae (0x049af163) bgeu    s5, s1, pc + 66
core   0: 3 0x800108ae (0x049af163)
core   0: 0x800108b2 (0x00000001) c.nop
core   0: 3 0x800108b2 (0x0001)
core   0: 0x800108b4 (0x00008699) c.srai  a3, 6
core   0: 3 0x800108b4 (0x8699) x13 0x00000000
core   0: 0x800108b6 (0x0227e033) rem     zero, a5, sp
core   0: 3 0x800108b6 (0x0227e033)
core   0: 0x800108ba (0x0000e789) c.bnez  a5, pc + 10
core   0: 3 0x800108ba (0xe789)
core   0: 0x800108c4 (0x007ec4b3) xor     s1, t4, t2
core   0: 3 0x800108c4 (0x007ec4b3) x 9 0xd04f3006
core   0: 0x800108c8 (0x04df8763) beq     t6, a3, pc + 78
core   0: 3 0x800108c8 (0x04df8763)
core   0: 0x800108cc (0x01da75b3) and     a1, s4, t4
core   0: 3 0x800108cc (0x01da75b3) x11 0x00000000
core   0: 0x800108d0 (0x03e8e933) rem     s2, a7, t5
core   0: 3 0x800108d0 (0x03e8e933) x18 0x007c1dc1
core   0: 0x800108d4 (0x01775e33) srl     t3, a4, s7
core   0: 3 0x800108d4 (0x01775e33) x28 0x00000000
core   0: 0x800108d8 (0x00000100) c.addi4spn s0, sp, 128
core   0: 3 0x800108d8 (0x0100) x 8 0x007c1e38
core   0: 0x800108da (0x02af4f63) blt     t5, a0, pc + 62
core   0: 3 0x800108da (0x02af4f63)
core   0: 0x800108de (0xb05d8093) addi    ra, s11, -1275
core   0: 3 0x800108de (0xb05d8093) x 1 0xfffffb05
core   0: 0x800108e2 (0x00000b6d) c.addi  s6, 27
core   0: 3 0x800108e2 (0x0b6d) x22 0x0000001b
core   0: 0x800108e4 (0x05575263) bge     a4, s5, pc + 68
core   0: 3 0x800108e4 (0x05575263)
core   0: 0x800108e8 (0x00008e35) c.xor   a2, a3
core   0: 3 0x800108e8 (0x8e35) x12 0x00000000
core   0: 0x800108ea (0x00008a16) c.mv    s4, t0
core   0: 3 0x800108ea (0x8a16) x20 0x80028e74
core   0: 0x800108ec (0x263df593) andi    a1, s11, 611
core   0: 3 0x800108ec (0x263df593) x11 0x00000000
core   0: 0x800108f0 (0x8d767a13) andi    s4, a2, -1833
core   0: 3 0x800108f0 (0x8d767a13) x20 0x00000000
core   0: 0x800108f4 (0x340c38f3) csrrc   a7, mscratch, s8
core   0: 3 0x800108f4 (0x340c38f3) x17 0x007c1ddf c832_mscratch 0x007c1dde
core   0: 0x800108f8 (0x00013597) auipc   a1, 0x13
core   0: 3 0x800108f8 (0x00013597) x11 0x800238f8
core   0: 0x800108fc (0x78c58593) addi    a1, a1, 1932
core   0: 3 0x800108fc (0x78c58593) x11 0x80024084
core   0: 0x80010900 (0x00ce8433) add     s0, t4, a2
core   0: 3 0x80010900 (0x00ce8433) x 8 0xd04f3000
core   0: 0x80010904 (0x000098fd) c.andi  s1, -1
core   0: 3 0x80010904 (0x98fd) x 9 0xd04f3006
core   0: 0x80010906 (0x00000001) c.nop
core   0: 3 0x80010906 (0x0001)
core   0: 0x80010908 (0x00001d9c) c.addi4spn a5, sp, 752
core   0: 3 0x80010908 (0x1d9c) x15 0x007c20a8
core   0: 0x8001090a (0x1405a52f) lr.w    a0, (a1)
core   0: 3 0x8001090a (0x1405a52f) x10 0x0000003f mem 0x80024084
core   0: 0x8001090e (0x03ff59b3) divu    s3, t5, t6
core   0: 3 0x8001090e (0x03ff59b3) x19 0x00000108
core   0: 0x80010912 (0x19f5acaf) sc.w    s9, t6, (a1)
core   0: 3 0x80010912 (0x19f5acaf) x25 0x00000000 mem 0x80024084 0x007c1dc8
core   0: 0x80010916 (0x0000612d) c.addi16sp sp, 224
core   0: 3 0x80010916 (0x612d) x 2 0x007c1e98
core   0: 0x80010918 (0x402d5b13) srai    s6, s10, 2
core   0: 3 0x80010918 (0x402d5b13) x22 0x00000000
core   0: 0x8001091c (0x655e8693) addi    a3, t4, 1621
core   0: 3 0x8001091c (0x655e8693) x13 0xd04f3655
core   0: 0x80010920 (0x3a9d4713) xori    a4, s10, 937
core   0: 3 0x80010920 (0x3a9d4713) x14 0x000003a9
core   0: 0x80010924 (0x5a420693) addi    a3, tp, 1444
core   0: 3 0x80010924 (0x5a420693) x13 0x000005a5
core   0: 0x80010928 (0x3408de73) csrrwi  t3, mscratch, 17
core   0: 3 0x80010928 (0x3408de73) x28 0x007c1dde c832_mscratch 0x00000011
core   0: 0x8001092c (0x41ca5313) srai    t1, s4, 28
core   0: 3 0x8001092c (0x41ca5313) x 6 0x00000000
core   0: 0x80010930 (0x04b7c663) blt     a5, a1, pc + 76
core   0: 3 0x80010930 (0x04b7c663)
core   0: 0x80010934 (0x00008f89) c.sub   a5, a0
core   0: 3 0x80010934 (0x8f89) x15 0x007c2069
core   0: 0x80010936 (0x04d2f163) bgeu    t0, a3, pc + 66
core   0: 3 0x80010936 (0x04d2f163)
core   0: 0x80010978 (0x01e6f7b3) and     a5, a3, t5
core   0: 3 0x80010978 (0x01e6f7b3) x15 0x00000524
core   0: 0x8001097c (0x000007ee) c.slli  a5, 27
core   0: 3 0x8001097c (0x07ee) x15 0x20000000
core   0: 0x8001097e (0x69f07597) auipc   a1, 0x69f07
core   0: 3 0x8001097e (0x69f07597) x11 0xe9f1797e
core   0: 0x80010982 (0x00000ac2) c.slli  s5, 16
core   0: 3 0x80010982 (0x0ac2) x21 0x1dc10000
core   0: 0x80010984 (0x032289b3) mul     s3, t0, s2
core   0: 3 0x80010984 (0x032289b3) x19 0xcc408974
core   0: 0x80010988 (0x010bbdb3) sltu    s11, s7, a6
core   0: 3 0x80010988 (0x010bbdb3) x27 0x00000000
core   0: 0x8001098c (0x00000a95) c.addi  s5, 5
core   0: 3 0x8001098c (0x0a95) x21 0x1dc10005
core   0: 0x8001098e (0x01bc9493) slli    s1, s9, 27
core   0: 3 0x8001098e (0x01bc9493) x 9 0x00000000
core   0: 0x80010992 (0x008b0363) beq     s6, s0, pc + 6
core   0: 3 0x80010992 (0x008b0363)
core   0: 0x80010996 (0x0000e029) c.bnez  s0, pc + 66
core   0: 3 0x80010996 (0xe029)
core   0: 0x800109d8 (0x02ab6633) rem     a2, s6, a0
core   0: 3 0x800109d8 (0x02ab6633) x12 0x00000000
core   0: 0x800109dc (0x340cddf3) csrrwi  s11, mscratch, 25
core   0: 3 0x800109dc (0x340cddf3) x27 0x00000011 c832_mscratch 0x00000019
core   0: 0x800109e0 (0x00a0c7b3) xor     a5, ra, a0
core   0: 3 0x800109e0 (0x00a0c7b3) x15 0xfffffb3a
core   0: 0x800109e4 (0x03fa61b3) rem     gp, s4, t6
core   0: 3 0x800109e4 (0x03fa61b3) x 3 0x00000000
core   0: 0x800109e8 (0x015c1b93) slli    s7, s8, 21
core   0: 3 0x800109e8 (0x015c1b93) x23 0x00200000
core   0: 0x800109ec (0x00008fcd) c.or    a5, a1
core   0: 3 0x800109ec (0x8fcd) x15 0xfffffb7e
core   0: 0x800109ee (0x00ab91b3) sll     gp, s7, a0
core   0: 3 0x800109ee (0x00ab91b3) x 3 0x00000000
core   0: 0x800109f2 (0x00f49733) sll     a4, s1, a5
core   0: 3 0x800109f2 (0x00f49733) x14 0x00000000
core   0: 0x800109f6 (0x340aebf3) csrrsi  s7, mscratch, 21
core   0: 3 0x800109f6 (0x340aebf3) x23 0x00000019 c832_mscratch 0x0000001d
core   0: 0x800109fa (0x031f7433) remu    s0, t5, a7
core   0: 3 0x800109fa (0x031f7433) x 8 0x0003ff2c
core   0: 0x800109fe (0x340c9673) csrrw   a2, mscratch, s9
core   0: 3 0x800109fe (0x340c9673) x12 0x0000001d c832_mscratch 0x00000000
core   0: 0x80010a02 (0x340469f3) csrrsi  s3, mscratch, 8
core   0: 3 0x80010a02 (0x340469f3) x19 0x00000000 c832_mscratch 0x00000008
core   0: 0x80010a06 (0x00ea9cb3) sll     s9, s5, a4
core   0: 3 0x80010a06 (0x00ea9cb3) x25 0x1dc10005
core   0: 0x80010a0a (0x00000001) c.nop
core   0: 3 0x80010a0a (0x0001)
core   0: 0x80010a0c (0x0000930a) c.add   t1, sp
core   0: 3 0x80010a0c (0x930a) x 6 0x007c1e98
core   0: 0x80010a0e (0x34003073) csrc    mscratch, zero
core   0: 3 0x80010a0e (0x34003073)
core   0: 0x80010a12 (0x05b9d063) bge     s3, s11, pc + 64
core   0: 3 0x80010a12 (0x05b9d063)
core   0: 0x80010a16 (0x0371d233) divu    tp, gp, s7
core   0: 3 0x80010a16 (0x0371d233) x 4 0x00000000
core   0: 0x80010a1a (0x40985e13) srai    t3, a6, 9
core   0: 3 0x80010a1a (0x40985e13) x28 0x00000000
core   0: 0x80010a1e (0x025d9563) bne     s11, t0, pc + 42
core   0: 3 0x80010a1e (0x025d9563)
core   0: 0x80010a48 (0x006324b3) slt     s1, t1, t1
core   0: 3 0x80010a48 (0x006324b3) x 9 0x00000000
core   0: 0x80010a4c (0x0000717d) c.addi16sp sp, -16
core   0: 3 0x80010a4c (0x717d) x 2 0x007c1e88
core   0: 0x80010a4e (0x34085173) csrrwi  sp, mscratch, 16
core   0: 3 0x80010a4e (0x34085173) x 2 0x00000008 c832_mscratch 0x00000010
core   0: 0x80010a52 (0x003ee6b3) or      a3, t4, gp
core   0: 3 0x80010a52 (0x003ee6b3) x13 0xd04f3000
core   0: 0x80010a56 (0x00009b7d) c.andi  a4, -1
core   0: 3 0x80010a56 (0x9b7d) x14 0x00000000
core   0: 0x80010a58 (0x0343ceb3) div     t4, t2, s4
core   0: 3 0x80010a58 (0x0343ceb3) x29 0xffffffff
core   0: 0x80010a5c (0x34012df3) csrrs   s11, mscratch, sp
core   0: 3 0x80010a5c (0x34012df3) x27 0x00000010 c832_mscratch 0x00000018
core   0: 0x80010a60 (0x6ecec313) xori    t1, t4, 1772
core   0: 3 0x80010a60 (0x6ecec313) x 6 0xfffff913
core   0: 0x80010a64 (0x973f4613) xori    a2, t5, -1677
core   0: 3 0x80010a64 (0x973f4613) x12 0x7ffd3457
core   0: 0x80010a68 (0x3dabfc13) andi    s8, s7, 986
core   0: 3 0x80010a68 (0x3dabfc13) x24 0x00000018
core   0: 0x80010a6c (0x132fd5b7) lui     a1, 0x132fd
core   0: 3 0x80010a6c (0x132fd5b7) x11 0x132fd000
core   0: 0x80010a70 (0x340f1df3) csrrw   s11, mscratch, t5
core   0: 3 0x80010a70 (0x340f1df3) x27 0x00000018 c832_mscratch 0x8002cd24
core   0: 0x80010a74 (0x000064fd) c.lui   s1, 0x1f
core   0: 3 0x80010a74 (0x64fd) x 9 0x0001f000
core   0: 0x80010a76 (0x5f00bc17) auipc   s8, 0x5f00b
core   0: 3 0x80010a76 (0x5f00bc17) x24 0xdf01ba76
core   0: 0x80010a7a (0x00001c7d) c.addi  s8, -1
core   0: 3 0x80010a7a (0x1c7d) x24 0xdf01ba75
core   0: 0x80010a7c (0x4bed7a93) andi    s5, s10, 1214
core   0: 3 0x80010a7c (0x4bed7a93) x21 0x00000000
core   0: 0x80010a80 (0x3400b8f3) csrrc   a7, mscratch, ra
core   0: 3 0x80010a80 (0x3400b8f3) x17 0x8002cd24 c832_mscratch 0x00000420
core   0: 0x80010a84 (0x0000100c) c.addi4spn a1, sp, 32
core   0: 3 0x80010a84 (0x100c) x11 0x00000028
core   0: 0x80010a86 (0x5aa83c13) sltiu   s8, a6, 1450
core   0: 3 0x80010a86 (0x5aa83c13) x24 0x00000001
core   0: 0x80010a8a (0x0241e633) rem     a2, gp, tp
core   0: 3 0x80010a8a (0x0241e633) x12 0x00000000
core   0: 0x80010a8e (0x00000d84) c.addi4spn s1, sp, 720
core   0: 3 0x80010a8e (0x0d84) x 9 0x000002d8
core   0: 0x80010a90 (0x0000056e) c.slli  a0, 27
core   0: 3 0x80010a90 (0x056e) x10 0xf8000000
core   0: 0x80010a92 (0x01169c63) bne     a3, a7, pc + 24
core   0: 3 0x80010a92 (0x01169c63)
core   0: 0x80010aaa (0x41e6da93) srai    s5, a3, 30
core   0: 3 0x80010aaa (0x41e6da93) x21 0xffffffff
core   0: 0x80010aae (0x03306363) bltu    zero, s3, pc + 38
core   0: 3 0x80010aae (0x03306363)
core   0: 0x80010ab2 (0x00000c36) c.slli  s8, 13
core   0: 3 0x80010ab2 (0x0c36) x24 0x00002000
core   0: 0x80010ab4 (0x411a0c33) sub     s8, s4, a7
core   0: 3 0x80010ab4 (0x411a0c33) x24 0x7ffd32dc
core   0: 0x80010ab8 (0x00008dd9) c.or    a1, a4
core   0: 3 0x80010ab8 (0x8dd9) x11 0x00000028
core   0: 0x80010aba (0x00004d5d) c.li    s10, 23
core   0: 3 0x80010aba (0x4d5d) x26 0x00000017
core   0: 0x80010abc (0x020fec33) rem     s8, t6, zero
core   0: 3 0x80010abc (0x020fec33) x24 0x007c1dc8
core   0: 0x80010ac0 (0xa9475837) lui     a6, 0xa9475
core   0: 3 0x80010ac0 (0xa9475837) x16 0xa9475000
core   0: 0x80010ac4 (0x340b17f3) csrrw   a5, mscratch, s6
core   0: 3 0x80010ac4 (0x340b17f3) x15 0x00000420 c832_mscratch 0x00000000
core   0: 0x80010ac8 (0x000096fa) c.add   a3, t5
core   0: 3 0x80010ac8 (0x96fa) x13 0x5051fd24
core   0: 0x80010aca (0x00008de9) c.and   a1, a0
core   0: 3 0x80010aca (0x8de9) x11 0x00000000
core   0: 0x80010acc (0x81ba6213) ori     tp, s4, -2021
core   0: 3 0x80010acc (0x81ba6213) x 4 0xfffff81b
core   0: 0x80010ad0 (0x0000717d) c.addi16sp sp, -16
core   0: 3 0x80010ad0 (0x717d) x 2 0xfffffff8
core   0: 0x80010ad2 (0x00008e69) c.and   a2, a0
core   0: 3 0x80010ad2 (0x8e69) x12 0x00000000
core   0: 0x80010ad4 (0x5a1e6213) ori     tp, t3, 1441
core   0: 3 0x80010ad4 (0x5a1e6213) x 4 0x000005a1
core   0: 0x80010ad8 (0x0000033d) c.addi  t1, 15
core   0: 3 0x80010ad8 (0x033d) x 6 0xfffff922
core   0: 0x80010ada (0x0012feb3) and     t4, t0, ra
core   0: 3 0x80010ada (0x0012feb3) x29 0x80028a04
core   0: 0x80010ade (0x00006925) c.lui   s2, 0x9
core   0: 3 0x80010ade (0x6925) x18 0x00009000
core   0: 0x80010ae0 (0x00a0d963) bge     ra, a0, pc + 18
core   0: 3 0x80010ae0 (0x00a0d963)
core   0: 0x80010af2 (0x0385abb3) mulhsu  s7, a1, s8
core   0: 3 0x80010af2 (0x0385abb3) x23 0x00000000
core   0: 0x80010af6 (0x415f51b3) sra     gp, t5, s5
core   0: 3 0x80010af6 (0x415f51b3) x 3 0xffffffff
core   0: 0x80010afa (0x00009422) c.add   s0, s0
core   0: 3 0x80010afa (0x9422) x 8 0x0007fe58
core   0: 0x80010afc (0x0000177d) c.addi  a4, -1
core   0: 3 0x80010afc (0x177d) x14 0xffffffff
core   0: 0x80010afe (0x00005cfd) c.li    s9, -1
core   0: 3 0x80010afe (0x5cfd) x25 0xffffffff
core   0: 0x80010b00 (0x0000100f) fence.i
core   0: 3 0x80010b00 (0x0000100f)
core   0: 0x80010b04 (0x0000567d) c.li    a2, -1
core   0: 3 0x80010b04 (0x567d) x12 0xffffffff
core   0: 0x80010b06 (0xdec97593) andi    a1, s2, -532
core   0: 3 0x80010b06 (0xdec97593) x11 0x00009000
core   0: 0x80010b0a (0x00000001) c.nop
core   0: 3 0x80010b0a (0x0001)
core   0: 0x80010b0c (0xf3b5de97) auipc   t4, 0xf3b5d
core   0: 3 0x80010b0c (0xf3b5de97) x29 0x73b6db0c
core   0: 0x80010b10 (0x34091573) csrrw   a0, mscratch, s2
core   0: 3 0x80010b10 (0x34091573) x10 0x00000000 c832_mscratch 0x00009000
core   0: 0x80010b14 (0x8b1fbe37) lui     t3, 0x8b1fb
core   0: 3 0x80010b14 (0x8b1fbe37) x28 0x8b1fb000
core   0: 0x80010b18 (0x00008139) c.srli  a0, 14
core   0: 3 0x80010b18 (0x8139) x10 0x00000000
core   0: 0x80010b1a (0x8e2f2913) slti    s2, t5, -1822
core   0: 3 0x80010b1a (0x8e2f2913) x18 0x00000001
core   0: 0x80010b1e (0x37d46013) ori     zero, s0, 893
core   0: 3 0x80010b1e (0x37d46013)
core   0: 0x80010b22 (0x02b35b33) divu    s6, t1, a1
core   0: 3 0x80010b22 (0x02b35b33) x22 0x0001c71c
core   0: 0x80010b26 (0x2e3a2593) slti    a1, s4, 739
core   0: 3 0x80010b26 (0x2e3a2593) x11 0x00000001
core   0: 0x80010b2a (0x416258b3) sra     a7, tp, s6
core   0: 3 0x80010b2a (0x416258b3) x17 0x00000000
core   0: 0x80010b2e (0x017b7763) bgeu    s6, s7, pc + 14
core   0: 3 0x80010b2e (0x017b7763)
core   0: 0x80010b3c (0x0000cc1d) c.beqz  s0, pc + 62
core   0: 3 0x80010b3c (0xcc1d)
core   0: 0x80010b3e (0x00000001) c.nop
core   0: 3 0x80010b3e (0x0001)
core   0: 0x80010b40 (0x0000100f) fence.i
core   0: 3 0x80010b40 (0x0000100f)
core   0: 0x80010b44 (0x00009ea6) c.add   t4, s1
core   0: 3 0x80010b44 (0x9ea6) x29 0x73b6dde4
core   0: 0x80010b46 (0x00d70d33) add     s10, a4, a3
core   0: 3 0x80010b46 (0x00d70d33) x26 0x5051fd23
core   0: 0x80010b4a (0x02b1d463) bge     gp, a1, pc + 40
core   0: 3 0x80010b4a (0x02b1d463)
core   0: 0x80010b4e (0xc85a2513) slti    a0, s4, -891
core   0: 3 0x80010b4e (0xc85a2513) x10 0x00000000
core   0: 0x80010b52 (0x00c48933) add     s2, s1, a2
core   0: 3 0x80010b52 (0x00c48933) x18 0x000002d7
core   0: 0x80010b56 (0x00009406) c.add   s0, ra
core   0: 3 0x80010b56 (0x9406) x 8 0x0007f95d
core   0: 0x80010b58 (0x00008215) c.srli  a2, 5
core   0: 3 0x80010b58 (0x8215) x12 0x07ffffff
core   0: 0x80010b5a (0x025a0563) beq     s4, t0, pc + 42
core   0: 3 0x80010b5a (0x025a0563)
core   0: 0x80010b5e (0xad566813) ori     a6, a2, -1323
core   0: 3 0x80010b5e (0xad566813) x16 0xffffffff
core   0: 0x80010b62 (0x004f7563) bgeu    t5, tp, pc + 10
core   0: 3 0x80010b62 (0x004f7563)
core   0: 0x80010b6c (0x000067fd) c.lui   a5, 0x1f
core   0: 3 0x80010b6c (0x67fd) x15 0x0001f000
core   0: 0x80010b6e (0x00008d69) c.and   a0, a0
core   0: 3 0x80010b6e (0x8d69) x10 0x00000000
core   0: 0x80010b70 (0x00009e92) c.add   t4, tp
core   0: 3 0x80010b70 (0x9e92) x29 0x73b6e385
core   0: 0x80010b72 (0x03a41033) mulh    zero, s0, s10
core   0: 3 0x80010b72 (0x03a41033)
core   0: 0x80010b76 (0x5b96f913) andi    s2, a3, 1465
core   0: 3 0x80010b76 (0x5b96f913) x18 0x00000520
core   0: 0x80010b7a (0x0000717d) c.addi16sp sp, -16
core   0: 3 0x80010b7a (0x717d) x 2 0xffffffe8
core   0: 0x80010b7c (0x0000941a) c.add   s0, t1
core   0: 3 0x80010b7c (0x941a) x 8 0x0007f27f
core   0: 0x80010b7e (0x9c61b893) sltiu   a7, gp, -1594
core   0: 3 0x80010b7e (0x9c61b893) x17 0x00000000
core   0: 0x80010b82 (0x0000987d) c.andi  s0, -1
core   0: 3 0x80010b82 (0x987d) x 8 0x0007f27f
core   0: 0x80010b84 (0x00008f01) c.sub   a4, s0
core   0: 3 0x80010b84 (0x8f01) x14 0xfff80d80
core   0: 0x80010b86 (0x00006819) c.lui   a6, 0x6
core   0: 3 0x80010b86 (0x6819) x16 0x00006000
core   0: 0x80010b88 (0x0000100f) fence.i
core   0: 3 0x80010b88 (0x0000100f)
core   0: 0x80010b8c (0x01e1a8b3) slt     a7, gp, t5
core   0: 3 0x80010b8c (0x01e1a8b3) x17 0x00000000
core   0: 0x80010b90 (0x023d87b3) mul     a5, s11, gp
core   0: 3 0x80010b90 (0x023d87b3) x15 0xffffffe8
core   0: 0x80010b94 (0x00ef14b3) sll     s1, t5, a4
core   0: 3 0x80010b94 (0x00ef14b3) x 9 0x8002cd24
core   0: 0x80010b98 (0x0175d0b3) srl     ra, a1, s7
core   0: 3 0x80010b98 (0x0175d0b3) x 1 0x00000001
core   0: 0x80010b9c (0x000061f1) c.lui   gp, 0x1c
core   0: 3 0x80010b9c (0x61f1) x 3 0x0001c000
core   0: 0x80010b9e (0x0000010e) c.slli  sp, 3
core   0: 3 0x80010b9e (0x010e) x 2 0xffffff40
core   0: 0x80010ba0 (0x41b58b33) sub     s6, a1, s11
core   0: 3 0x80010ba0 (0x41b58b33) x22 0xffffffe9
core   0: 0x80010ba4 (0x00008e99) c.sub   a3, a4
core   0: 3 0x80010ba4 (0x8e99) x13 0x5059efa4
core   0: 0x80010ba6 (0x0000c229) c.beqz  a2, pc + 66
core   0: 3 0x80010ba6 (0xc229)
core   0: 0x80010ba8 (0x7314b513) sltiu   a0, s1, 1841
core   0: 3 0x80010ba8 (0x7314b513) x10 0x00000000
core   0: 0x80010bac (0x340d7df3) csrrci  s11, mscratch, 26
core   0: 3 0x80010bac (0x340d7df3) x27 0x00009000 c832_mscratch 0x00009000
core   0: 0x80010bb0 (0x34002a73) csrr    s4, mscratch
core   0: 3 0x80010bb0 (0x34002a73) x20 0x00009000
core   0: 0x80010bb4 (0x68764713) xori    a4, a2, 1671
core   0: 3 0x80010bb4 (0x68764713) x14 0x07fff978
core   0: 0x80010bb8 (0x0389fa63) bgeu    s3, s8, pc + 52
core   0: 3 0x80010bb8 (0x0389fa63)
core   0: 0x80010bbc (0x00045713) srli    a4, s0, 0
core   0: 3 0x80010bbc (0x00045713) x14 0x0007f27f
core   0: 0x80010bc0 (0x00008fb9) c.xor   a5, a4
core   0: 3 0x80010bc0 (0x8fb9) x15 0xfff80d97
core   0: 0x80010bc2 (0x0000100f) fence.i
core   0: 3 0x80010bc2 (0x0000100f)
core   0: 0x80010bc6 (0x00000001) c.nop
core   0: 3 0x80010bc6 (0x0001)
core   0: 0x80010bc8 (0x34007b73) csrrci  s6, mscratch, 0
core   0: 3 0x80010bc8 (0x34007b73) x22 0x00009000
core   0: 0x80010bcc (0x01f34863) blt     t1, t6, pc + 16
core   0: 3 0x80010bcc (0x01f34863)
core   0: 0x80010bdc (0x02808063) beq     ra, s0, pc + 32
core   0: 3 0x80010bdc (0x02808063)
core   0: 0x80010be0 (0x03d23333) mulhu   t1, tp, t4
core   0: 3 0x80010be0 (0x03d23333) x 6 0x0000028b
core   0: 0x80010be4 (0x02793b33) mulhu   s6, s2, t2
core   0: 3 0x80010be4 (0x02793b33) x22 0x00000000
core   0: 0x80010be8 (0x038b31b3) mulhu   gp, s6, s8
core   0: 3 0x80010be8 (0x038b31b3) x 3 0x00000000
core   0: 0x80010bec (0x033be733) rem     a4, s7, s3
core   0: 3 0x80010bec (0x033be733) x14 0x00000000
core   0: 0x80010bf0 (0x4085d1b3) sra     gp, a1, s0
core   0: 3 0x80010bf0 (0x4085d1b3) x 3 0x00000000
core   0: 0x80010bf4 (0x4147dc13) srai    s8, a5, 20
core   0: 3 0x80010bf4 (0x4147dc13) x24 0xffffffff
core   0: 0x80010bf8 (0x00e7de33) srl     t3, a5, a4
core   0: 3 0x80010bf8 (0x00e7de33) x28 0xfff80d97
core   0: 0x80010bfc (0x0ff0000f) fence   iorw,iorw
core   0: 3 0x80010bfc (0x0ff0000f)
core   0: 0x80010c00 (0xffb23c93) sltiu   s9, tp, -5
core   0: 3 0x80010c00 (0xffb23c93) x25 0x00000001
core   0: 0x80010c04 (0x5fc61a97) auipc   s5, 0x5fc61
core   0: 3 0x80010c04 (0x5fc61a97) x21 0xdfc71c04
core   0: 0x80010c08 (0x000099fd) c.andi  a1, -1
core   0: 3 0x80010c08 (0x99fd) x11 0x00000001
core   0: 0x80010c0a (0x0000100f) fence.i
core   0: 3 0x80010c0a (0x0000100f)
core   0: 0x80010c0e (0x40c0d333) sra     t1, ra, a2
core   0: 3 0x80010c0e (0x40c0d333) x 6 0x00000000
core   0: 0x80010c12 (0xc92aa417) auipc   s0, 0xc92aa
core   0: 3 0x80010c12 (0xc92aa417) x 8 0x492bac12
core   0: 0x80010c16 (0xdd1e0797) auipc   a5, 0xdd1e0
core   0: 3 0x80010c16 (0xdd1e0797) x15 0x5d1f0c16
core   0: 0x80010c1a (0x00000651) c.addi  a2, 20
core   0: 3 0x80010c1a (0x0651) x12 0x08000013
core   0: 0x80010c1c (0x000086d2) c.mv    a3, s4
core   0: 3 0x80010c1c (0x86d2) x13 0x00009000
core   0: 0x80010c1e (0x00008f85) c.sub   a5, s1
core   0: 3 0x80010c1e (0x8f85) x15 0xdd1c3ef2
core   0: 0x80010c20 (0x410f08b3) sub     a7, t5, a6
core   0: 3 0x80010c20 (0x410f08b3) x17 0x80026d24
core   0: 0x80010c24 (0x005cdb63) bge     s9, t0, pc + 22
core   0: 3 0x80010c24 (0x005cdb63)
core   0: 0x80010c3a (0x00008eed) c.and   a3, a1
core   0: 3 0x80010c3a (0x8eed) x13 0x00000000
core   0: 0x80010c3c (0xfb804313) xori    t1, zero, -72
core   0: 3 0x80010c3c (0xfb804313) x 6 0xffffffb8
core   0: 0x80010c40 (0x014f2733) slt     a4, t5, s4
core   0: 3 0x80010c40 (0x014f2733) x14 0x00000001
core   0: 0x80010c44 (0xb88ea917) auipc   s2, 0xb88ea
core   0: 3 0x80010c44 (0xb88ea917) x18 0x388fac44
core   0: 0x80010c48 (0x00000001) c.nop
core   0: 3 0x80010c48 (0x0001)
core   0: 0x80010c4a (0x00008fc9) c.or    a5, a0
core   0: 3 0x80010c4a (0x8fc9) x15 0xdd1c3ef2
core   0: 0x80010c4c (0xed71a213) slti    tp, gp, -297
core   0: 3 0x80010c4c (0xed71a213) x 4 0x00000000
core   0: 0x80010c50 (0x0ff0000f) fence   iorw,iorw
core   0: 3 0x80010c50 (0x0ff0000f)
core   0: 0x80010c54 (0x0384cf63) blt     s1, s8, pc + 62
core   0: 3 0x80010c54 (0x0384cf63)
core   0: 0x80010c92 (0x73dd7b93) andi    s7, s10, 1853
core   0: 3 0x80010c92 (0x73dd7b93) x23 0x00000521
core   0: 0x80010c96 (0x02ecc9b3) div     s3, s9, a4
core   0: 3 0x80010c96 (0x02ecc9b3) x19 0x00000001
core   0: 0x80010c9a (0x340cd573) csrrwi  a0, mscratch, 25
core   0: 3 0x80010c9a (0x340cd573) x10 0x00009000 c832_mscratch 0x00000019
core   0: 0x80010c9e (0x0000717d) c.addi16sp sp, -16
core   0: 3 0x80010c9e (0x717d) x 2 0xffffff30
core   0: 0x80010ca0 (0x01276463) bltu    a4, s2, pc + 8
core   0: 3 0x80010ca0 (0x01276463)
core   0: 0x80010ca8 (0x3d1b6a93) ori     s5, s6, 977
core   0: 3 0x80010ca8 (0x3d1b6a93) x21 0x000003d1
core   0: 0x80010cac (0x0ff0000f) fence   iorw,iorw
core   0: 3 0x80010cac (0x0ff0000f)
core   0: 0x80010cb0 (0x04316363) bltu    sp, gp, pc + 70
core   0: 3 0x80010cb0 (0x04316363)
core   0: 0x80010cb4 (0x00008e71) c.and   a2, a2
core   0: 3 0x80010cb4 (0x8e71) x12 0x08000013
core   0: 0x80010cb6 (0x03b0c733) div     a4, ra, s11
core   0: 3 0x80010cb6 (0x03b0c733) x14 0x00000000
core   0: 0x80010cba (0xdd877ab7) lui     s5, 0xdd877
core   0: 3 0x80010cba (0xdd877ab7) x21 0xdd877000
core   0: 0x80010cbe (0x0321f9b3) remu    s3, gp, s2
core   0: 3 0x80010cbe (0x0321f9b3) x19 0x00000000
core   0: 0x80010cc2 (0x023d30b3) mulhu   ra, s10, gp
core   0: 3 0x80010cc2 (0x023d30b3) x 1 0x00000000
core   0: 0x80010cc6 (0x0ff0000f) fence   iorw,iorw
core   0: 3 0x80010cc6 (0x0ff0000f)
core   0: 0x80010cca (0x028ad733) divu    a4, s5, s0
core   0: 3 0x80010cca (0x028ad733) x14 0x00000003
core   0: 0x80010cce (0x00420133) add     sp, tp, tp
core   0: 3 0x80010cce (0x00420133) x 2 0x00000000
core   0: 0x80010cd2 (0x048e7663) bgeu    t3, s0, pc + 76
core   0: 3 0x80010cd2 (0x048e7663)
core   0: 0x80010d1e (0xfb416913) ori     s2, sp, -76
core   0: 3 0x80010d1e (0xfb416913) x18 0xffffffb4
core   0: 0x80010d22 (0x000066b9) c.lui   a3, 0xe
core   0: 3 0x80010d22 (0x66b9) x13 0x0000e000
core   0: 0x80010d24 (0x0338c9b3) div     s3, a7, s3
core   0: 3 0x80010d24 (0x0338c9b3) x19 0xffffffff
core   0: 0x80010d28 (0x000087b1) c.srai  a5, 12
core   0: 3 0x80010d28 (0x87b1) x15 0xfffdd1c3
core   0: 0x80010d2a (0x0062e733) or      a4, t0, t1
core   0: 3 0x80010d2a (0x0062e733) x14 0xfffffffc
core   0: 0x80010d2e (0x00001794) c.addi4spn a3, sp, 992
core   0: 3 0x80010d2e (0x1794) x13 0x000003e0
core   0: 0x80010d30 (0x012dd333) srl     t1, s11, s2
core   0: 3 0x80010d30 (0x012dd333) x 6 0x00000000
core   0: 0x80010d34 (0x416e5513) srai    a0, t3, 22
core   0: 3 0x80010d34 (0x416e5513) x10 0xffffffff
core   0: 0x80010d38 (0x0ff0000f) fence   iorw,iorw
core   0: 3 0x80010d38 (0x0ff0000f)
core   0: 0x80010d3c (0x34095b73) csrrwi  s6, mscratch, 18
core   0: 3 0x80010d3c (0x34095b73) x22 0x00000019 c832_mscratch 0x00000012
core   0: 0x80010d40 (0x0045afb3) slt     t6, a1, tp
core   0: 3 0x80010d40 (0x0045afb3) x31 0x00000000
core   0: 0x80010d44 (0x0014cdb3) xor     s11, s1, ra
core   0: 3 0x80010d44 (0x0014cdb3) x27 0x8002cd24
core   0: 0x80010d48 (0x00000c5a) c.slli  s8, 22
core   0: 3 0x80010d48 (0x0c5a) x24 0xffc00000
core   0: 0x80010d4a (0x01859633) sll     a2, a1, s8
core   0: 3 0x80010d4a (0x01859633) x12 0x00000001
core   0: 0x80010d4e (0x00000001) c.nop
core   0: 3 0x80010d4e (0x0001)
core   0: 0x80010d50 (0x0000e81d) c.bnez  s0, pc + 54
core   0: 3 0x80010d50 (0xe81d)
core   0: 0x80010d86 (0x00008d59) c.or    a0, a4
core   0: 3 0x80010d86 (0x8d59) x10 0xffffffff
core   0: 0x80010d88 (0xf4d87e93) andi    t4, a6, -179
core   0: 3 0x80010d88 (0xf4d87e93) x29 0x00006000
core   0: 0x80010d8c (0x00e268b3) or      a7, tp, a4
core   0: 3 0x80010d8c (0x00e268b3) x17 0xfffffffc
core   0: 0x80010d90 (0x00fa91b3) sll     gp, s5, a5
core   0: 3 0x80010d90 (0x00fa91b3) x 3 0xec3b8000
core   0: 0x80010d94 (0x03e80033) mul     zero, a6, t5
core   0: 3 0x80010d94 (0x03e80033)
core   0: 0x80010d98 (0x000081c1) c.srli  a1, 16
core   0: 3 0x80010d98 (0x81c1) x11 0x00000000
core   0: 0x80010d9a (0x340d9ef3) csrrw   t4, mscratch, s11
core   0: 3 0x80010d9a (0x340d9ef3) x29 0x00000012 c832_mscratch 0x8002cd24
core   0: 0x80010d9e (0x40e95533) sra     a0, s2, a4
core   0: 3 0x80010d9e (0x40e95533) x10 0xffffffff
core   0: 0x80010da2 (0x033c5563) bge     s8, s3, pc + 42
core   0: 3 0x80010da2 (0x033c5563)
core   0: 0x80010da6 (0x03314163) blt     sp, s3, pc + 34
core   0: 3 0x80010da6 (0x03314163)
core   0: 0x80010daa (0x04ed4063) blt     s10, a4, pc + 64
core   0: 3 0x80010daa (0x04ed4063)
core   0: 0x80010dae (0x00006209) c.lui   tp, 0x2
core   0: 3 0x80010dae (0x6209) x 4 0x00002000
core   0: 0x80010db0 (0x02334633) div     a2, t1, gp
core   0: 3 0x80010db0 (0x02334633) x12 0x00000000
core   0: 0x80010db4 (0x03cd0633) mul     a2, s10, t3
core   0: 3 0x80010db4 (0x03cd0633) x12 0xa11f16a5
core   0: 0x80010db8 (0x02a48cb3) mul     s9, s1, a0
core   0: 3 0x80010db8 (0x02a48cb3) x25 0x7ffd32dc
core   0: 0x80010dbc (0x02104263) blt     zero, ra, pc + 36
core   0: 3 0x80010dbc (0x02104263)
core   0: 0x80010dc0 (0x00008f71) c.and   a4, a2
core   0: 3 0x80010dc0 (0x8f71) x14 0xa11f16a4
core   0: 0x80010dc2 (0x00008b8d) c.andi  a5, 3
core   0: 3 0x80010dc2 (0x8b8d) x15 0x00000003
core   0: 0x80010dc4 (0x01ed4d63) blt     s10, t5, pc + 26
core   0: 3 0x80010dc4 (0x01ed4d63)
core   0: 0x80010dc8 (0x0ff0000f) fence   iorw,iorw
core   0: 3 0x80010dc8 (0x0ff0000f)
core   0: 0x80010dcc (0x0078e913) ori     s2, a7, 7
core   0: 3 0x80010dcc (0x0078e913) x18 0xffffffff
core   0: 0x80010dd0 (0x00008259) c.srli  a2, 22
core   0: 3 0x80010dd0 (0x8259) x12 0x00000284
core   0: 0x80010dd2 (0x369be813) ori     a6, s7, 873
core   0: 3 0x80010dd2 (0x369be813) x16 0x00000769
core   0: 0x80010dd6 (0xc2726793) ori     a5, tp, -985
core   0: 3 0x80010dd6 (0xc2726793) x15 0xfffffc27
core   0: 0x80010dda (0x0ff0000f) fence   iorw,iorw
core   0: 3 0x80010dda (0x0ff0000f)
core   0: 0x80010dde (0x0000e20d) c.bnez  a2, pc + 34
core   0: 3 0x80010dde (0xe20d)
core   0: 0x80010e00 (0x00e8da33) srl     s4, a7, a4
core   0: 3 0x80010e00 (0x00e8da33) x20 0x0fffffff
core   0: 0x80010e04 (0x036b8063) beq     s7, s6, pc + 32
core   0: 3 0x80010e04 (0x036b8063)
core   0: 0x80010e08 (0x00c5d513) srli    a0, a1, 12
core   0: 3 0x80010e08 (0x00c5d513) x10 0x00000000
core   0: 0x80010e0c (0x340d50f3) csrrwi  ra, mscratch, 26
core   0: 3 0x80010e0c (0x340d50f3) x 1 0x8002cd24 c832_mscratch 0x0000001a
core   0: 0x80010e10 (0x00006125) c.addi16sp sp, 96
core   0: 3 0x80010e10 (0x6125) x 2 0x00000060
core   0: 0x80010e12 (0x00005c7d) c.li    s8, -1
core   0: 3 0x80010e12 (0x5c7d) x24 0xffffffff
core   0: 0x80010e14 (0x01ea28b3) slt     a7, s4, t5
core   0: 3 0x80010e14 (0x01ea28b3) x17 0x00000000
core   0: 0x80010e18 (0x0ff0000f) fence   iorw,iorw
core   0: 3 0x80010e18 (0x0ff0000f)
core   0: 0x80010e1c (0x02b4fdb3) remu    s11, s1, a1
core   0: 3 0x80010e1c (0x02b4fdb3) x27 0x8002cd24
core   0: 0x80010e20 (0x01c8ac33) slt     s8, a7, t3
core   0: 3 0x80010e20 (0x01c8ac33) x24 0x00000000
core   0: 0x80010e24 (0x000061f5) c.lui   gp, 0x1d
core   0: 3 0x80010e24 (0x61f5) x 3 0x0001d000
core   0: 0x80010e26 (0x9d4e6c93) ori     s9, t3, -1580
core   0: 3 0x80010e26 (0x9d4e6c93) x25 0xfffffdd7
core   0: 0x80010e2a (0x00001b88) c.addi4spn a0, sp, 496
core   0: 3 0x80010e2a (0x1b88) x10 0x00000250
core   0: 0x80010e2c (0x0186adb3) slt     s11, a3, s8
core   0: 3 0x80010e2c (0x0186adb3) x27 0x00000000
core   0: 0x80010e30 (0xfa003693) sltiu   a3, zero, -96
core   0: 3 0x80010e30 (0xfa003693) x13 0x00000001
core   0: 0x80010e34 (0x00008df1) c.and   a1, a2
core   0: 3 0x80010e34 (0x8df1) x11 0x00000000
core   0: 0x80010e36 (0x025bd533) divu    a0, s7, t0
core   0: 3 0x80010e36 (0x025bd533) x10 0x00000000
core   0: 0x80010e3a (0x400d84b3) sub     s1, s11, zero
core   0: 3 0x80010e3a (0x400d84b3) x 9 0x00000000
core   0: 0x80010e3e (0x03dcfd33) remu    s10, s9, t4
core   0: 3 0x80010e3e (0x03dcfd33) x26 0x00000009
core   0: 0x80010e42 (0x0000e905) c.bnez  a0, pc + 48
core   0: 3 0x80010e42 (0xe905)
core   0: 0x80010e44 (0x00005cfd) c.li    s9, -1
core   0: 3 0x80010e44 (0x5cfd) x25 0xffffffff
core   0: 0x80010e46 (0x340024f3) csrr    s1, mscratch
core   0: 3 0x80010e46 (0x340024f3) x 9 0x0000001a
core   0: 0x80010e4a (0x00008f21) c.xor   a4, s0
core   0: 3 0x80010e4a (0x8f21) x14 0xe834bab6
core   0: 0x80010e4c (0x38f358b7) lui     a7, 0x38f35
core   0: 3 0x80010e4c (0x38f358b7) x17 0x38f35000
core   0: 0x80010e50 (0x0000127d) c.addi  tp, -1
core   0: 3 0x80010e50 (0x127d) x 4 0x00001fff
core   0: 0x80010e52 (0x01feb533) sltu    a0, t4, t6
core   0: 3 0x80010e52 (0x01feb533) x10 0x00000000
core   0: 0x80010e56 (0xa6694913) xori    s2, s2, -1434
core   0: 3 0x80010e56 (0xa6694913) x18 0x00000599
core   0: 0x80010e5a (0xf1e3f417) auipc   s0, 0xf1e3f
core   0: 3 0x80010e5a (0xf1e3f417) x 8 0x71e4fe5a
core   0: 0x80010e5e (0x0000717d) c.addi16sp sp, -16
core   0: 3 0x80010e5e (0x717d) x 2 0x00000050
core   0: 0x80010e60 (0x028b68b3) rem     a7, s6, s0
core   0: 3 0x80010e60 (0x028b68b3) x17 0x00000019
core   0: 0x80010e64 (0x03b21b33) mulh    s6, tp, s11
core   0: 3 0x80010e64 (0x03b21b33) x22 0x00000000
core   0: 0x80010e68 (0x34042773) csrrs   a4, mscratch, s0
core   0: 3 0x80010e68 (0x34042773) x14 0x0000001a c832_mscratch 0x71e4fe5a
core   0: 0x80010e6c (0xf5eeb693) sltiu   a3, t4, -162
core   0: 3 0x80010e6c (0xf5eeb693) x13 0x00000001
core   0: 0x80010e70 (0x00008e05) c.sub   a2, s1
core   0: 3 0x80010e70 (0x8e05) x12 0x0000026a
core   0: 0x80010e72 (0x00008d21) c.xor   a0, s0
core   0: 3 0x80010e72 (0x8d21) x10 0x71e4fe5a
core   0: 0x80010e74 (0x0000c28d) c.beqz  a3, pc + 34
core   0: 3 0x80010e74 (0xc28d)
core   0: 0x80010e76 (0x0225e1b3) rem     gp, a1, sp
core   0: 3 0x80010e76 (0x0225e1b3) x 3 0x00000000
core   0: 0x80010e7a (0x0000ed85) c.bnez  a1, pc + 56
core   0: 3 0x80010e7a (0xed85)
core   0: 0x80010e7c (0x012be233) or      tp, s7, s2
core   0: 3 0x80010e7c (0x012be233) x 4 0x000005b9
core   0: 0x80010e80 (0x00000f90) c.addi4spn a2, sp, 976
core   0: 3 0x80010e80 (0x0f90) x12 0x00000420
core   0: 0x80010e82 (0x00006169) c.addi16sp sp, 208
core   0: 3 0x80010e82 (0x6169) x 2 0x00000120
core   0: 0x80010e84 (0x0252f6b3) remu    a3, t0, t0
core   0: 3 0x80010e84 (0x0252f6b3) x13 0x00000000
core   0: 0x80010e88 (0x0000100f) fence.i
core   0: 3 0x80010e88 (0x0000100f)
core   0: 0x80010e8c (0x00000e12) c.slli  t3, 4
core   0: 3 0x80010e8c (0x0e12) x28 0xff80d970
core   0: 0x80010e8e (0x6c192a13) slti    s4, s2, 1729
core   0: 3 0x80010e8e (0x6c192a13) x20 0x00000001
core   0: 0x80010e92 (0x0000100f) fence.i
core   0: 3 0x80010e92 (0x0000100f)
core   0: 0x80010e96 (0x340c1e73) csrrw   t3, mscratch, s8
core   0: 3 0x80010e96 (0x340c1e73) x28 0x71e4fe5a c832_mscratch 0x00000000
core   0: 0x80010e9a (0x023f9d63) bne     t6, gp, pc + 58
core   0: 3 0x80010e9a (0x023f9d63)
core   0: 0x80010e9e (0x000000b2) c.slli  ra, 12
core   0: 3 0x80010e9e (0x00b2) x 1 0x2cd24000
core   0: 0x80010ea0 (0x0000137d) c.addi  t1, -1
core   0: 3 0x80010ea0 (0x137d) x 6 0xffffffff
core   0: 0x80010ea2 (0x00006d8d) c.lui   s11, 0x3
core   0: 3 0x80010ea2 (0x6d8d) x27 0x00003000
core   0: 0x80010ea4 (0x34003373) csrrc   t1, mscratch, zero
core   0: 3 0x80010ea4 (0x34003373) x 6 0x00000000
core   0: 0x80010ea8 (0x0000717d) c.addi16sp sp, -16
core   0: 3 0x80010ea8 (0x717d) x 2 0x00000110
core   0: 0x80010eaa (0x02d49d63) bne     s1, a3, pc + 58
core   0: 3 0x80010eaa (0x02d49d63)
core   0: 0x80010ee4 (0x7d348893) addi    a7, s1, 2003
core   0: 3 0x80010ee4 (0x7d348893) x17 0x000007ed
core   0: 0x80010ee8 (0x00008f81) c.sub   a5, s0
core   0: 3 0x80010ee8 (0x8f81) x15 0x8e1afdcd
core   0: 0x80010eea (0x02b5b6b3) mulhu   a3, a1, a1
core   0: 3 0x80010eea (0x02b5b6b3) x13 0x00000000
core   0: 0x80010eee (0x340294f3) csrrw   s1, mscratch, t0
core   0: 3 0x80010eee (0x340294f3) x 9 0x00000000 c832_mscratch 0x80028e74
core   0: 0x80010ef2 (0x03544b33) div     s6, s0, s5
core   0: 3 0x80010ef2 (0x03544b33) x22 0xfffffffd
core   0: 0x80010ef6 (0x008efc63) bgeu    t4, s0, pc + 24
core   0: 3 0x80010ef6 (0x008efc63)
core   0: 0x80010efa (0x340d58f3) csrrwi  a7, mscratch, 26
core   0: 3 0x80010efa (0x340d58f3) x17 0x80028e74 c832_mscratch 0x0000001a
core   0: 0x80010efe (0x34007e73) csrrci  t3, mscratch, 0
core   0: 3 0x80010efe (0x34007e73) x28 0x0000001a
core   0: 0x80010f02 (0x004d4f63) blt     s10, tp, pc + 30
core   0: 3 0x80010f02 (0x004d4f63)
core   0: 0x80010f20 (0x002cbeb3) sltu    t4, s9, sp
core   0: 3 0x80010f20 (0x002cbeb3) x29 0x00000000
core   0: 0x80010f24 (0x00008cdd) c.or    s1, a5
core   0: 3 0x80010f24 (0x8cdd) x 9 0x8e1afdcd
core   0: 0x80010f26 (0x035404b3) mul     s1, s0, s5
core   0: 3 0x80010f26 (0x035404b3) x 9 0x02bd6000
core   0: 0x80010f2a (0x00f37933) and     s2, t1, a5
core   0: 3 0x80010f2a (0x00f37933) x18 0x00000000
core   0: 0x80010f2e (0x34017a73) csrrci  s4, mscratch, 2
core   0: 3 0x80010f2e (0x34017a73) x20 0x0000001a c832_mscratch 0x00000018
core   0: 0x80010f32 (0x00001680) c.addi4spn s0, sp, 864
core   0: 3 0x80010f32 (0x1680) x 8 0x00000470
core   0: 0x80010f34 (0x272ec5b7) lui     a1, 0x272ec
core   0: 3 0x80010f34 (0x272ec5b7) x11 0x272ec000
core   0: 0x80010f38 (0x02d18eb3) mul     t4, gp, a3
core   0: 3 0x80010f38 (0x02d18eb3) x29 0x00000000
core   0: 0x80010f3c (0x34007273) csrrci  tp, mscratch, 0
core   0: 3 0x80010f3c (0x34007273) x 4 0x00000018
core   0: 0x80010f40 (0x01822e33) slt     t3, tp, s8
core   0: 3 0x80010f40 (0x01822e33) x28 0x00000000
core   0: 0x80010f44 (0x0588e363) bltu    a7, s8, pc + 70
core   0: 3 0x80010f44 (0x0588e363)
core   0: 0x80010f48 (0x197de193) ori     gp, s11, 407
core   0: 3 0x80010f48 (0x197de193) x 3 0x00003197
core   0: 0x80010f4c (0x0028f5b3) and     a1, a7, sp
core   0: 3 0x80010f4c (0x0028f5b3) x11 0x00000010
core   0: 0x80010f50 (0x01cd1f93) slli    t6, s10, 28
core   0: 3 0x80010f50 (0x01cd1f93) x31 0x90000000
core   0: 0x80010f54 (0x0000ce8d) c.beqz  a3, pc + 58
core   0: 3 0x80010f54 (0xce8d)
core   0: 0x80010f8e (0x340021f3) csrr    gp, mscratch
core   0: 3 0x80010f8e (0x340021f3) x 3 0x00000018
core   0: 0x80010f92 (0xfce28093) addi    ra, t0, -50
core   0: 3 0x80010f92 (0xfce28093) x 1 0x80028e42
core   0: 0x80010f96 (0x00008d65) c.and   a0, s1
core   0: 3 0x80010f96 (0x8d65) x10 0x00a46000
core   0: 0x80010f98 (0x00008d81) c.sub   a1, s0
core   0: 3 0x80010f98 (0x8d81) x11 0xfffffba0
core   0: 0x80010f9a (0x02f29833) mulh    a6, t0, a5
core   0: 3 0x80010f9a (0x02f29833) x16 0x38f15dee
core   0: 0x80010f9e (0x00000001) c.nop
core   0: 3 0x80010f9e (0x0001)
core   0: 0x80010fa0 (0x00597363) bgeu    s2, t0, pc + 6
core   0: 3 0x80010fa0 (0x00597363)
core   0: 0x80010fa4 (0x00008de5) c.and   a1, s1
core   0: 3 0x80010fa4 (0x8de5) x11 0x02bd6000
core   0: 0x80010fa6 (0x009f9e13) slli    t3, t6, 9
core   0: 3 0x80010fa6 (0x009f9e13) x28 0x00000000
core   0: 0x80010faa (0x00006161) c.addi16sp sp, 80
core   0: 3 0x80010faa (0x6161) x 2 0x00000160
core   0: 0x80010fac (0x036076b3) remu    a3, zero, s6
core   0: 3 0x80010fac (0x036076b3) x13 0x00000000
core   0: 0x80010fb0 (0x020ee6b3) rem     a3, t4, zero
core   0: 3 0x80010fb0 (0x020ee6b3) x13 0x00000000
core   0: 0x80010fb4 (0x3403aaf3) csrrs   s5, mscratch, t2
core   0: 3 0x80010fb4 (0x3403aaf3) x21 0x00000018 c832_mscratch 0x0000001e
core   0: 0x80010fb8 (0x01843633) sltu    a2, s0, s8
core   0: 3 0x80010fb8 (0x01843633) x12 0x00000000
core   0: 0x80010fbc (0x00009afd) c.andi  a3, -1
core   0: 3 0x80010fbc (0x9afd) x13 0x00000000
core   0: 0x80010fbe (0x00323633) sltu    a2, tp, gp
core   0: 3 0x80010fbe (0x00323633) x12 0x00000000
core   0: 0x80010fc2 (0x03febc33) mulhu   s8, t4, t6
core   0: 3 0x80010fc2 (0x03febc33) x24 0x00000000
core   0: 0x80010fc6 (0x0303adb3) mulhsu  s11, t2, a6
core   0: 3 0x80010fc6 (0x0303adb3) x27 0x00000001
core   0: 0x80010fca (0x03c5e1b3) rem     gp, a1, t3
core   0: 3 0x80010fca (0x03c5e1b3) x 3 0x02bd6000
core   0: 0x80010fce (0x025f5563) bge     t5, t0, pc + 42
core   0: 3 0x80010fce (0x025f5563)
core   0: 0x80010ff8 (0x40a209b3) sub     s3, tp, a0
core   0: 3 0x80010ff8 (0x40a209b3) x19 0xff5ba018
core   0: 0x80010ffc (0x34007573) csrrci  a0, mscratch, 0
core   0: 3 0x80010ffc (0x34007573) x10 0x0000001e
core   0: 0x80011000 (0x00d25133) srl     sp, tp, a3
core   0: 3 0x80011000 (0x00d25133) x 2 0x00000018
core   0: 0x80011004 (0x03909c63) bne     ra, s9, pc + 56
core   0: 3 0x80011004 (0x03909c63)
core   0: 0x8001103c (0x000094c2) c.add   s1, a6
core   0: 3 0x8001103c (0x94c2) x 9 0x3baebdee
core   0: 0x8001103e (0x340414f3) csrrw   s1, mscratch, s0
core   0: 3 0x8001103e (0x340414f3) x 9 0x0000001e c832_mscratch 0x00000470
core   0: 0x80011042 (0x00e8d213) srli    tp, a7, 14
core   0: 3 0x80011042 (0x00e8d213) x 4 0x0002000a
core   0: 0x80011046 (0x00004ef9) c.li    t4, 30
core   0: 3 0x80011046 (0x4ef9) x29 0x0000001e
core   0: 0x80011048 (0xaf2f28b7) lui     a7, 0xaf2f2
core   0: 3 0x80011048 (0xaf2f28b7) x17 0xaf2f2000
core   0: 0x8001104c (0x03c51c63) bne     a0, t3, pc + 56
core   0: 3 0x8001104c (0x03c51c63)
core   0: 0x80011084 (0x02d8ff63) bgeu    a7, a3, pc + 62
core   0: 3 0x80011084 (0x02d8ff63)
core   0: 0x800110c2 (0x34002773) csrr    a4, mscratch
core   0: 3 0x800110c2 (0x34002773) x14 0x00000470
core   0: 0x800110c6 (0x00008e21) c.xor   a2, s0
core   0: 3 0x800110c6 (0x8e21) x12 0x00000470
core   0: 0x800110c8 (0x34041ef3) csrrw   t4, mscratch, s0
core   0: 3 0x800110c8 (0x34041ef3) x29 0x00000470 c832_mscratch 0x00000470
core   0: 0x800110cc (0x00001018) c.addi4spn a4, sp, 32
core   0: 3 0x800110cc (0x1018) x14 0x00000038
core   0: 0x800110ce (0x0000c015) c.beqz  s0, pc + 36
core   0: 3 0x800110ce (0xc015)
core   0: 0x800110d0 (0x00001e7d) c.addi  t3, -1
core   0: 3 0x800110d0 (0x1e7d) x28 0xffffffff
core   0: 0x800110d2 (0x01749663) bne     s1, s7, pc + 12
core   0: 3 0x800110d2 (0x01749663)
core   0: 0x800110de (0x01355433) srl     s0, a0, s3
core   0: 3 0x800110de (0x01355433) x 8 0x00000000
core   0: 0x800110e2 (0x45637013) andi    zero, t1, 1110
core   0: 3 0x800110e2 (0x45637013)
core   0: 0x800110e6 (0x000051fd) c.li    gp, -1
core   0: 3 0x800110e6 (0x51fd) x 3 0xffffffff
core   0: 0x800110e8 (0x07e95f63) bge     s2, t5, pc + 126
core   0: 3 0x800110e8 (0x07e95f63)
core   0: 0x80011166 (0x00001a1c) c.addi4spn a5, sp, 304
core   0: 3 0x80011166 (0x1a1c) x15 0x00000148
core   0: 0x80011168 (0x0000100f) fence.i
core   0: 3 0x80011168 (0x0000100f)
core   0: 0x8001116c (0x340065f3) csrrsi  a1, mscratch, 0
core   0: 3 0x8001116c (0x340065f3) x11 0x00000470
core   0: 0x80011170 (0x00008d71) c.and   a0, a2
core   0: 3 0x80011170 (0x8d71) x10 0x00000010
core   0: 0x80011172 (0x01ceb333) sltu    t1, t4, t3
core   0: 3 0x80011172 (0x01ceb333) x 6 0x00000001
core   0: 0x80011176 (0xeac52c13) slti    s8, a0, -340
core   0: 3 0x80011176 (0xeac52c13) x24 0x00000000
core   0: 0x8001117a (0x0302ae33) mulhsu  t3, t0, a6
core   0: 3 0x8001117a (0x0302ae33) x28 0xe387e29b
core   0: 0x8001117e (0x00009faa) c.add   t6, a0
core   0: 3 0x8001117e (0x9faa) x31 0x90000010
core   0: 0x80011180 (0x411f8933) sub     s2, t6, a7
core   0: 3 0x80011180 (0x411f8933) x18 0xe0d0e010
core   0: 0x80011184 (0x00008c85) c.sub   s1, s1
core   0: 3 0x80011184 (0x8c85) x 9 0x00000000
core   0: 0x80011186 (0x03cc8f63) beq     s9, t3, pc + 62
core   0: 3 0x80011186 (0x03cc8f63)
core   0: 0x8001118a (0x3407baf3) csrrc   s5, mscratch, a5
core   0: 3 0x8001118a (0x3407baf3) x21 0x00000470 c832_mscratch 0x00000430
core   0: 0x8001118e (0x00001a7d) c.addi  s4, -1
core   0: 3 0x8001118e (0x1a7d) x20 0x00000019
core   0: 0x80011190 (0x03ee4e63) blt     t3, t5, pc + 60
core   0: 3 0x80011190 (0x03ee4e63)
core   0: 0x80011194 (0x00006dc9) c.lui   s11, 0x12
core   0: 3 0x80011194 (0x6dc9) x27 0x00012000
core   0: 0x80011196 (0x000081ed) c.srli  a1, 27
core   0: 3 0x80011196 (0x81ed) x11 0x00000000
core   0: 0x80011198 (0x003799b3) sll     s3, a5, gp
core   0: 3 0x80011198 (0x003799b3) x19 0x00000000
core   0: 0x8001119c (0x02879233) mulh    tp, a5, s0
core   0: 3 0x8001119c (0x02879233) x 4 0x00000000
core   0: 0x800111a0 (0x019c57b3) srl     a5, s8, s9
core   0: 3 0x800111a0 (0x019c57b3) x15 0x00000000
core   0: 0x800111a4 (0x01f07933) and     s2, zero, t6
core   0: 3 0x800111a4 (0x01f07933) x18 0x00000000
core   0: 0x800111a8 (0x00000001) c.nop
core   0: 3 0x800111a8 (0x0001)
core   0: 0x800111aa (0x01701313) slli    t1, zero, 23
core   0: 3 0x800111aa (0x01701313) x 6 0x00000000
core   0: 0x800111ae (0x03e55233) divu    tp, a0, t5
core   0: 3 0x800111ae (0x03e55233) x 4 0x00000000
core   0: 0x800111b2 (0x03734b33) div     s6, t1, s7
core   0: 3 0x800111b2 (0x03734b33) x22 0x00000000
core   0: 0x800111b6 (0x01871f93) slli    t6, a4, 24
core   0: 3 0x800111b6 (0x01871f93) x31 0x38000000
core   0: 0x800111ba (0x34057073) csrci   mscratch, 10
core   0: 3 0x800111ba (0x34057073) c832_mscratch 0x00000430
core   0: 0x800111be (0x0000c319) c.beqz  a4, pc + 6
core   0: 3 0x800111be (0xc319)
core   0: 0x800111c0 (0x004846b3) xor     a3, a6, tp
core   0: 3 0x800111c0 (0x004846b3) x13 0x38f15dee
core   0: 0x800111c4 (0x340ce0f3) csrrsi  ra, mscratch, 25
core   0: 3 0x800111c4 (0x340ce0f3) x 1 0x00000430 c832_mscratch 0x00000439
core   0: 0x800111c8 (0x00b70d63) beq     a4, a1, pc + 26
core   0: 3 0x800111c8 (0x00b70d63)
core   0: 0x800111cc (0x09ff3537) lui     a0, 0x9ff3
core   0: 3 0x800111cc (0x09ff3537) x10 0x09ff3000
core   0: 0x800111d0 (0x43563693) sltiu   a3, a2, 1077
core   0: 3 0x800111d0 (0x43563693) x13 0x00000000
core   0: 0x800111d4 (0x34002bf3) csrr    s7, mscratch
core   0: 3 0x800111d4 (0x34002bf3) x23 0x00000439
core   0: 0x800111d8 (0x00004901) c.li    s2, 0
core   0: 3 0x800111d8 (0x4901) x18 0x00000000
core   0: 0x800111da (0x0189fbb3) and     s7, s3, s8
core   0: 3 0x800111da (0x0189fbb3) x23 0x00000000
core   0: 0x800111de (0xec944f93) xori    t6, s0, -311
core   0: 3 0x800111de (0xec944f93) x31 0xfffffec9
core   0: 0x800111e2 (0x021fd533) divu    a0, t6, ra
core   0: 3 0x800111e2 (0x021fd533) x10 0x003d2263
core   0: 0x800111e6 (0x0ff0000f) fence   iorw,iorw
core   0: 3 0x800111e6 (0x0ff0000f)
core   0: 0x800111ea (0x02107633) remu    a2, zero, ra
core   0: 3 0x800111ea (0x02107633) x12 0x00000000
core   0: 0x800111ee (0x02494533) div     a0, s2, tp
core   0: 3 0x800111ee (0x02494533) x10 0xffffffff
core   0: 0x800111f2 (0x0254d233) divu    tp, s1, t0
core   0: 3 0x800111f2 (0x0254d233) x 4 0x00000000
core   0: 0x800111f6 (0x00f4dd63) bge     s1, a5, pc + 26
core   0: 3 0x800111f6 (0x00f4dd63)
core   0: 0x80011210 (0xf3830717) auipc   a4, 0xf3830
core   0: 3 0x80011210 (0xf3830717) x14 0x73841210
core   0: 0x80011214 (0x00001b7d) c.addi  s6, -1
core   0: 3 0x80011214 (0x1b7d) x22 0xffffffff
core   0: 0x80011216 (0xdb8fc093) xori    ra, t6, -584
core   0: 3 0x80011216 (0xdb8fc093) x 1 0x00000371
core   0: 0x8001121a (0x00fbde93) srli    t4, s7, 15
core   0: 3 0x8001121a (0x00fbde93) x29 0x00000000
core   0: 0x8001121e (0x03047633) remu    a2, s0, a6
core   0: 3 0x8001121e (0x03047633) x12 0x00000000
core   0: 0x80011222 (0x3408ac73) csrrs   s8, mscratch, a7
core   0: 3 0x80011222 (0x3408ac73) x24 0x00000439 c832_mscratch 0xaf2f2439
core   0: 0x80011226 (0x00367e33) and     t3, a2, gp
core   0: 3 0x80011226 (0x00367e33) x28 0x00000000
core   0: 0x8001122a (0x00c96eb3) or      t4, s2, a2
core   0: 3 0x8001122a (0x00c96eb3) x29 0x00000000
core   0: 0x8001122e (0x0ff0000f) fence   iorw,iorw
core   0: 3 0x8001122e (0x0ff0000f)
core   0: 0x80011232 (0x045ef163) bgeu    t4, t0, pc + 66
core   0: 3 0x80011232 (0x045ef163)
core   0: 0x80011236 (0x064ec813) xori    a6, t4, 100
core   0: 3 0x80011236 (0x064ec813) x16 0x00000064
core   0: 0x8001123a (0x34007173) csrrci  sp, mscratch, 0
core   0: 3 0x8001123a (0x34007173) x 2 0xaf2f2439
core   0: 0x8001123e (0x000068b5) c.lui   a7, 0xd
core   0: 3 0x8001123e (0x68b5) x17 0x0000d000
core   0: 0x80011240 (0x00005d61) c.li    s10, -8
core   0: 3 0x80011240 (0x5d61) x26 0xfffffff8
core   0: 0x80011242 (0x03921f63) bne     tp, s9, pc + 62
core   0: 3 0x80011242 (0x03921f63)
core   0: 0x80011280 (0x02e27263) bgeu    tp, a4, pc + 36
core   0: 3 0x80011280 (0x02e27263)
core   0: 0x80011284 (0x00ece933) or      s2, s9, a4
core   0: 3 0x80011284 (0x00ece933) x18 0xffffffff
core   0: 0x80011288 (0x02ec5263) bge     s8, a4, pc + 36
core   0: 3 0x80011288 (0x02ec5263)
core   0: 0x8001128c (0x00008d55) c.or    a0, a3
core   0: 3 0x8001128c (0x8d55) x10 0xffffffff
core   0: 0x8001128e (0xf6f2c137) lui     sp, 0xf6f2c
core   0: 3 0x8001128e (0xf6f2c137) x 2 0xf6f2c000
core   0: 0x80011292 (0x00008329) c.srli  a4, 10
core   0: 3 0x80011292 (0x8329) x14 0x001ce104
core   0: 0x80011294 (0x03e0e6b3) rem     a3, ra, t5
core   0: 3 0x80011294 (0x03e0e6b3) x13 0x00000371
core   0: 0x80011298 (0x0000478d) c.li    a5, 3
core   0: 3 0x80011298 (0x478d) x15 0x00000003
core   0: 0x8001129a (0x0000c589) c.beqz  a1, pc + 10
core   0: 3 0x8001129a (0xc589)
core   0: 0x800112a4 (0x000a1633) sll     a2, s4, zero
core   0: 3 0x800112a4 (0x000a1633) x12 0x00000019
core   0: 0x800112a8 (0x0378f9b3) remu    s3, a7, s7
core   0: 3 0x800112a8 (0x0378f9b3) x19 0x0000d000
core   0: 0x800112ac (0x0000717d) c.addi16sp sp, -16
core   0: 3 0x800112ac (0x717d) x 2 0xf6f2bff0
core   0: 0x800112ae (0x00000092) c.slli  ra, 4
core   0: 3 0x800112ae (0x0092) x 1 0x00003710
core   0: 0x800112b0 (0x34033873) csrrc   a6, mscratch, t1
core   0: 3 0x800112b0 (0x34033873) x16 0xaf2f2439 c832_mscratch 0xaf2f2439
core   0: 0x800112b4 (0x00d39c33) sll     s8, t2, a3
core   0: 3 0x800112b4 (0x00d39c33) x24 0x000c0000
core   0: 0x800112b8 (0x427be093) ori     ra, s7, 1063
core   0: 3 0x800112b8 (0x427be093) x 1 0x00000427
core   0: 0x800112bc (0x0000100f) fence.i
core   0: 3 0x800112bc (0x0000100f)
core   0: 0x800112c0 (0x34003af3) csrrc   s5, mscratch, zero
core   0: 3 0x800112c0 (0x34003af3) x21 0xaf2f2439
core   0: 0x800112c4 (0x01cc2233) slt     tp, s8, t3
core   0: 3 0x800112c4 (0x01cc2233) x 4 0x00000000
core   0: 0x800112c8 (0x00006479) c.lui   s0, 0x1e
core   0: 3 0x800112c8 (0x6479) x 8 0x0001e000
core   0: 0x800112ca (0x01ef1633) sll     a2, t5, t5
core   0: 3 0x800112ca (0x01ef1633) x12 0x002cd240
core   0: 0x800112ce (0x00539b13) slli    s6, t2, 5
core   0: 3 0x800112ce (0x00539b13) x22 0x000000c0
core   0: 0x800112d2 (0x340030f3) csrrc   ra, mscratch, zero
core   0: 3 0x800112d2 (0x340030f3) x 1 0xaf2f2439
core   0: 0x800112d6 (0x3de51037) lui     zero, 0x3de51
core   0: 3 0x800112d6 (0x3de51037)
core   0: 0x800112da (0x40c0d793) srai    a5, ra, 12
core   0: 3 0x800112da (0x40c0d793) x15 0xfffaf2f2
core   0: 0x800112de (0x1556f913) andi    s2, a3, 341
core   0: 3 0x800112de (0x1556f913) x18 0x00000151
core   0: 0x800112e2 (0x0ccf4513) xori    a0, t5, 204
core   0: 3 0x800112e2 (0x0ccf4513) x10 0x8002cde8
core   0: 0x800112e6 (0x00654a33) xor     s4, a0, t1
core   0: 3 0x800112e6 (0x00654a33) x20 0x8002cde8
core   0: 0x800112ea (0x2fa341b7) lui     gp, 0x2fa34
core   0: 3 0x800112ea (0x2fa341b7) x 3 0x2fa34000
core   0: 0x800112ee (0x025196b3) mulh    a3, gp, t0
core   0: 3 0x800112ee (0x025196b3) x13 0xe82ed9c8
core   0: 0x800112f2 (0x03833db3) mulhu   s11, t1, s8
core   0: 3 0x800112f2 (0x03833db3) x27 0x00000000
core   0: 0x800112f6 (0x5943a613) slti    a2, t2, 1428
core   0: 3 0x800112f6 (0x5943a613) x12 0x00000001
core   0: 0x800112fa (0x80800193) li      gp, -2040
core   0: 3 0x800112fa (0x80800193) x 3 0xfffff808
core   0: 0x800112fe (0x00006135) c.addi16sp sp, 352
core   0: 3 0x800112fe (0x6135) x 2 0xf6f2c150
core   0: 0x80011300 (0x0000c401) c.beqz  s0, pc + 8
core   0: 3 0x80011300 (0xc401)
core   0: 0x80011302 (0x00008752) c.mv    a4, s4
core   0: 3 0x80011302 (0x8752) x14 0x8002cde8
core   0: 0x80011304 (0x340a3773) csrrc   a4, mscratch, s4
core   0: 3 0x80011304 (0x340a3773) x14 0xaf2f2439 c832_mscratch 0x2f2d2011
core   0: 0x80011308 (0x40fe58b3) sra     a7, t3, a5
core   0: 3 0x80011308 (0x40fe58b3) x17 0x00000000
core   0: 0x8001130c (0x60afc797) auipc   a5, 0x60afc
core   0: 3 0x8001130c (0x60afc797) x15 0xe0b0d30c
core   0: 0x80011310 (0x03eed563) bge     t4, t5, pc + 42
core   0: 3 0x80011310 (0x03eed563)
core   0: 0x8001133a (0x0000e321) c.bnez  a4, pc + 64
core   0: 3 0x8001133a (0xe321)
core   0: 0x8001137a (0x00ca4663) blt     s4, a2, pc + 12
core   0: 3 0x8001137a (0x00ca4663)
core   0: 0x80011386 (0x02ad0c63) beq     s10, a0, pc + 56
core   0: 3 0x80011386 (0x02ad0c63)
core   0: 0x8001138a (0x0000817e) c.mv    sp, t6
core   0: 3 0x8001138a (0x817e) x 2 0xfffffec9
core   0: 0x8001138c (0x040efe63) bgeu    t4, zero, pc + 92
core   0: 3 0x8001138c (0x040efe63)
core   0: 0x800113e8 (0x0000847e) c.mv    s0, t6
core   0: 3 0x800113e8 (0x847e) x 8 0xfffffec9
core   0: 0x800113ea (0x34095e73) csrrwi  t3, mscratch, 18
core   0: 3 0x800113ea (0x34095e73) x28 0x2f2d2011 c832_mscratch 0x00000012
core   0: 0x800113ee (0x00006515) c.lui   a0, 0x5
core   0: 3 0x800113ee (0x6515) x10 0x00005000
core   0: 0x800113f0 (0xf58e3093) sltiu   ra, t3, -168
core   0: 3 0x800113f0 (0xf58e3093) x 1 0x00000001
core   0: 0x800113f4 (0xffc44bb7) lui     s7, 0xffc44
core   0: 3 0x800113f4 (0xffc44bb7) x23 0xffc44000
core   0: 0x800113f8 (0xc64ba813) slti    a6, s7, -924
core   0: 3 0x800113f8 (0xc64ba813) x16 0x00000001
core   0: 0x800113fc (0x004636b3) sltu    a3, a2, tp
core   0: 3 0x800113fc (0x004636b3) x13 0x00000000
core   0: 0x80011400 (0x00008e71) c.and   a2, a2
core   0: 3 0x80011400 (0x8e71) x12 0x00000001
core   0: 0x80011402 (0x000067e5) c.lui   a5, 0x19
core   0: 3 0x80011402 (0x67e5) x15 0x00019000
core   0: 0x80011404 (0x010d7333) and     t1, s10, a6
core   0: 3 0x80011404 (0x010d7333) x 6 0x00000000
core   0: 0x80011408 (0x00a336b3) sltu    a3, t1, a0
core   0: 3 0x80011408 (0x00a336b3) x13 0x00000001
core   0: 0x8001140c (0x03ce9333) mulh    t1, t4, t3
core   0: 3 0x8001140c (0x03ce9333) x 6 0x00000000
core   0: 0x80011410 (0x00df1633) sll     a2, t5, a3
core   0: 3 0x80011410 (0x00df1633) x12 0x00059a48
core   0: 0x80011414 (0x0413bb93) sltiu   s7, t2, 65
core   0: 3 0x80011414 (0x0413bb93) x23 0x00000001
core   0: 0x80011418 (0x2b8a1ab7) lui     s5, 0x2b8a1
core   0: 3 0x80011418 (0x2b8a1ab7) x21 0x2b8a1000
core   0: 0x8001141c (0x340ea373) csrrs   t1, mscratch, t4
core   0: 3 0x8001141c (0x340ea373) x 6 0x00000012 c832_mscratch 0x00000012
core   0: 0x80011420 (0x34089e73) csrrw   t3, mscratch, a7
core   0: 3 0x80011420 (0x34089e73) x28 0x00000012 c832_mscratch 0x00000000
core   0: 0x80011424 (0x00008095) c.srli  s1, 5
core   0: 3 0x80011424 (0x8095) x 9 0x00000000
core   0: 0x80011426 (0x34003cf3) csrrc   s9, mscratch, zero
core   0: 3 0x80011426 (0x34003cf3) x25 0x00000000
core   0: 0x8001142a (0x00d11f93) slli    t6, sp, 13
core   0: 3 0x8001142a (0x00d11f93) x31 0xffd92000
core   0: 0x8001142e (0xc3f90c13) addi    s8, s2, -961
core   0: 3 0x8001142e (0xc3f90c13) x24 0xfffffd90
core   0: 0x80011432 (0x02b6beb3) mulhu   t4, a3, a1
core   0: 3 0x80011432 (0x02b6beb3) x29 0x00000000
core   0: 0x80011436 (0x73a86013) ori     zero, a6, 1850
core   0: 3 0x80011436 (0x73a86013)
core   0: 0x8001143a (0x418c8933) sub     s2, s9, s8
core   0: 3 0x8001143a (0x418c8933) x18 0x00000270
core   0: 0x8001143e (0x012d14b3) sll     s1, s10, s2
core   0: 3 0x8001143e (0x012d14b3) x 9 0xfff80000
core   0: 0x80011442 (0x00008c99) c.sub   s1, a4
core   0: 3 0x80011442 (0x8c99) x 9 0x50c8dbc7
core   0: 0x80011444 (0x018e7863) bgeu    t3, s8, pc + 16
core   0: 3 0x80011444 (0x018e7863)
core   0: 0x80011448 (0x009991b3) sll     gp, s3, s1
core   0: 3 0x80011448 (0x009991b3) x 3 0x00680000
core   0: 0x8001144c (0x00000001) c.nop
core   0: 3 0x8001144c (0x0001)
core   0: 0x8001144e (0x34033cf3) csrrc   s9, mscratch, t1
core   0: 3 0x8001144e (0x34033cf3) x25 0x00000000 c832_mscratch 0x00000000
core   0: 0x80011452 (0x0000608d) c.lui   ra, 0x3
core   0: 3 0x80011452 (0x608d) x 1 0x00003000
core   0: 0x80011454 (0x01a32bb3) slt     s7, t1, s10
core   0: 3 0x80011454 (0x01a32bb3) x23 0x00000000
core   0: 0x80011458 (0x00d28433) add     s0, t0, a3
core   0: 3 0x80011458 (0x00d28433) x 8 0x80028e75
core   0: 0x8001145c (0xda4eed13) ori     s10, t4, -604
core   0: 3 0x8001145c (0xda4eed13) x26 0xfffffda4
core   0: 0x80011460 (0x0042a603) lw      a2, 4(t0)
core   0: 3 0x80011460 (0x0042a603) x12 0x8000234a mem 0x80028e78
core   0: 0x80011464 (0x03cda933) mulhsu  s2, s11, t3
core   0: 3 0x80011464 (0x03cda933) x18 0x00000000
core   0: 0x80011468 (0x03028293) addi    t0, t0, 48
core   0: 3 0x80011468 (0x03028293) x 5 0x80028ea4
core   0: 0x8001146c (0x00b24133) xor     sp, tp, a1
core   0: 3 0x8001146c (0x00b24133) x 2 0x00000000
core   0: 0x80011470 (0x40c00033) sub     zero, zero, a2
core   0: 3 0x80011470 (0x40c00033)
core   0: 0x80011474 (0x0207a433) mulhsu  s0, a5, zero
core   0: 3 0x80011474 (0x0207a433) x 8 0x00000000
core   0: 0x80011478 (0x00060a13) mv      s4, a2
core   0: 3 0x80011478 (0x00060a13) x20 0x8000234a
core   0: 0x8001147c (0x00008a02) c.jr    s4
core   0: 3 0x8001147c (0x8a02)
core   0: 0x8000234a (0x033fa533) mulhsu  a0, t6, s3
core   0: 3 0x8000234a (0x033fa533) x10 0xffffffe0
core   0: 0x8000234e (0x34043773) csrrc   a4, mscratch, s0
core   0: 3 0x8000234e (0x34043773) x14 0x00000000 c832_mscratch 0x00000000
core   0: 0x80002352 (0x022e0eb3) mul     t4, t3, sp
core   0: 3 0x80002352 (0x022e0eb3) x29 0x00000000
core   0: 0x80002356 (0x00008d65) c.and   a0, s1
core   0: 3 0x80002356 (0x8d65) x10 0x50c8dbc0
core   0: 0x80002358 (0x000087b9) c.srai  a5, 14
core   0: 3 0x80002358 (0x87b9) x15 0x00000006
core   0: 0x8000235a (0x011e5033) srl     zero, t3, a7
core   0: 3 0x8000235a (0x011e5033)
core   0: 0x8000235e (0x0000e39d) c.bnez  a5, pc + 38
core   0: 3 0x8000235e (0xe39d)
core   0: 0x80002384 (0x00008a12) c.mv    s4, tp
core   0: 3 0x80002384 (0x8a12) x20 0x00000000
core   0: 0x80002386 (0x000084c5) c.srai  s1, 17
core   0: 3 0x80002386 (0x84c5) x 9 0x00002864
core   0: 0x80002388 (0x01127863) bgeu    tp, a7, pc + 16
core   0: 3 0x80002388 (0x01127863)
core   0: 0x80002398 (0x0136e633) or      a2, a3, s3
core   0: 3 0x80002398 (0x0136e633) x12 0x0000d001
core   0: 0x8000239c (0x000083fd) c.srli  a5, 31
core   0: 3 0x8000239c (0x83fd) x15 0x00000000
core   0: 0x8000239e (0x00000001) c.nop
core   0: 3 0x8000239e (0x0001)
core   0: 0x800023a0 (0x340cb9f3) csrrc   s3, mscratch, s9
core   0: 3 0x800023a0 (0x340cb9f3) x19 0x00000000 c832_mscratch 0x00000000
core   0: 0x800023a4 (0x00006471) c.lui   s0, 0x1c
core   0: 3 0x800023a4 (0x6471) x 8 0x0001c000
core   0: 0x800023a6 (0x34027773) csrrci  a4, mscratch, 4
core   0: 3 0x800023a6 (0x34027773) x14 0x00000000 c832_mscratch 0x00000000
core   0: 0x800023aa (0x34009af3) csrrw   s5, mscratch, ra
core   0: 3 0x800023aa (0x34009af3) x21 0x00000000 c832_mscratch 0x00003000
core   0: 0x800023ae (0xb99b6813) ori     a6, s6, -1127
core   0: 3 0x800023ae (0xb99b6813) x16 0xfffffbd9
core   0: 0x800023b2 (0x00c149b3) xor     s3, sp, a2
core   0: 3 0x800023b2 (0x00c149b3) x19 0x0000d001
core   0: 0x800023b6 (0x00008c6d) c.and   s0, a1
core   0: 3 0x800023b6 (0x8c6d) x 8 0x00000000
core   0: 0x800023b8 (0x03254d33) div     s10, a0, s2
core   0: 3 0x800023b8 (0x03254d33) x26 0xffffffff
core   0: 0x800023bc (0x00014a17) auipc   s4, 0x14
core   0: 3 0x800023bc (0x00014a17) x20 0x800163bc
core   0: 0x800023c0 (0xa19a0a13) addi    s4, s4, -1511
core   0: 3 0x800023c0 (0xa19a0a13) x20 0x80015dd5
core   0: 0x800023c4 (0x34003173) csrrc   sp, mscratch, zero
core   0: 3 0x800023c4 (0x34003173) x 2 0x00003000
core   0: 0x800023c8 (0x2bfa0803) lb      a6, 703(s4)
core   0: 3 0x800023c8 (0x2bfa0803) x16 0x00000004 mem 0x80016094
core   0: 0x800023cc (0xb96a0083) lb      ra, -1130(s4)
core   0: 3 0x800023cc (0xb96a0083) x 1 0x00000076 mem 0x8001596b
core   0: 0x800023d0 (0x798a4803) lbu     a6, 1944(s4)
core   0: 3 0x800023d0 (0x798a4803) x16 0x0000004b mem 0x8001656d
core   0: 0x800023d4 (0x174a0683) lb      a3, 372(s4)
core   0: 3 0x800023d4 (0x174a0683) x13 0xffffffe6 mem 0x80015f49
core   0: 0x800023d8 (0x0000197d) c.addi  s2, -1
core   0: 3 0x800023d8 (0x197d) x18 0xffffffff
core   0: 0x800023da (0x00012cb3) slt     s9, sp, zero
core   0: 3 0x800023da (0x00012cb3) x25 0x00000000
core   0: 0x800023de (0xda4a4683) lbu     a3, -604(s4)
core   0: 3 0x800023de (0xda4a4683) x13 0x000000ee mem 0x80015b79
core   0: 0x800023e2 (0x00000001) c.nop
core   0: 3 0x800023e2 (0x0001)
core   0: 0x800023e4 (0x0000557d) c.li    a0, -1
core   0: 3 0x800023e4 (0x557d) x10 0xffffffff
core   0: 0x800023e6 (0xbf2a0723) sb      s2, -1042(s4)
core   0: 3 0x800023e6 (0xbf2a0723) mem 0x800159c3 0xff
core   0: 0x800023ea (0xff2a4a83) lbu     s5, -14(s4)
core   0: 3 0x800023ea (0xff2a4a83) x21 0x00000011 mem 0x80015dc7
core   0: 0x800023ee (0x9a3a2c03) lw      s8, -1629(s4)
core   0: 3 0x800023ee (0x9a3a2c03) x24 0x9ba09fbf mem 0x80015778
core   0: 0x800023f2 (0x4056de93) srai    t4, a3, 5
core   0: 3 0x800023f2 (0x4056de93) x29 0x00000007
core   0: 0x800023f6 (0xce0a0783) lb      a5, -800(s4)
core   0: 3 0x800023f6 (0xce0a0783) x15 0xfffffff5 mem 0x80015ab5
core   0: 0x800023fa (0x000089d1) c.andi  a1, 20
core   0: 3 0x800023fa (0x89d1) x11 0x00000000
core   0: 0x800023fc (0x000009ba) c.slli  s3, 14
core   0: 3 0x800023fc (0x09ba) x19 0x34004000
core   0: 0x800023fe (0x00008fa1) c.xor   a5, s0
core   0: 3 0x800023fe (0x8fa1) x15 0xfffffff5
core   0: 0x80002400 (0x082bc417) auipc   s0, 0x82bc
core   0: 3 0x80002400 (0x082bc417) x 8 0x882be400
core   0: 0x80002404 (0x6afa0e83) lb      t4, 1711(s4)
core   0: 3 0x80002404 (0x6afa0e83) x29 0xffffffe4 mem 0x80016484
core   0: 0x80002408 (0x00008485) c.srai  s1, 1
core   0: 3 0x80002408 (0x8485) x 9 0x00001432
core   0: 0x8000240a (0x000061f1) c.lui   gp, 0x1c
core   0: 3 0x8000240a (0x61f1) x 3 0x0001c000
core   0: 0x8000240c (0x81ca0603) lb      a2, -2020(s4)
core   0: 3 0x8000240c (0x81ca0603) x12 0x00000067 mem 0x800155f1
core   0: 0x80002410 (0x01201c93) slli    s9, zero, 18
core   0: 3 0x80002410 (0x01201c93) x25 0x00000000
core   0: 0x80002414 (0x0391a5b3) mulhsu  a1, gp, s9
core   0: 3 0x80002414 (0x0391a5b3) x11 0x00000000
core   0: 0x80002418 (0xf8e92713) slti    a4, s2, -114
core   0: 3 0x80002418 (0xf8e92713) x14 0x00000000
core   0: 0x8000241c (0x0000577d) c.li    a4, -1
core   0: 3 0x8000241c (0x577d) x14 0xffffffff
core   0: 0x8000241e (0xb11a0883) lb      a7, -1263(s4)
core   0: 3 0x8000241e (0xb11a0883) x17 0x00000038 mem 0x800158e6
core   0: 0x80002422 (0x570a06a3) sb      a6, 1389(s4)
core   0: 3 0x80002422 (0x570a06a3) mem 0x80016342 0x4b
core   0: 0x80002426 (0x06fa0203) lb      tp, 111(s4)
core   0: 3 0x80002426 (0x06fa0203) x 4 0x00000056 mem 0x80015e44
core   0: 0x8000242a (0x673a0f23) sb      s3, 1662(s4)
core   0: 3 0x8000242a (0x673a0f23) mem 0x80016453 0x0
core   0: 0x8000242e (0xcd4a0603) lb      a2, -812(s4)
core   0: 3 0x8000242e (0xcd4a0603) x12 0x00000015 mem 0x80015aa9
core   0: 0x80002432 (0x0d0a4883) lbu     a7, 208(s4)
core   0: 3 0x80002432 (0x0d0a4883) x17 0x0000000b mem 0x80015ea5
core   0: 0x80002436 (0x409b5713) srai    a4, s6, 9
core   0: 3 0x80002436 (0x409b5713) x14 0x00000000
core   0: 0x8000243a (0xe91a1103) lh      sp, -367(s4)
core   0: 3 0x8000243a (0xe91a1103) x 2 0x000062b4 mem 0x80015c66
core   0: 0x8000243e (0x2f6a0c03) lb      s8, 758(s4)
core   0: 3 0x8000243e (0x2f6a0c03) x24 0x00000048 mem 0x800160cb
core   0: 0x80002442 (0x0000717d) c.addi16sp sp, -16
core   0: 3 0x80002442 (0x717d) x 2 0x000062a4
core   0: 0x80002444 (0x01959513) slli    a0, a1, 25
core   0: 3 0x80002444 (0x01959513) x10 0x00000000
core   0: 0x80002448 (0xdcda0c23) sb      a3, -552(s4)
core   0: 3 0x80002448 (0xdcda0c23) mem 0x80015bad 0xee
core   0: 0x8000244c (0x0000717d) c.addi16sp sp, -16
core   0: 3 0x8000244c (0x717d) x 2 0x00006294
core   0: 0x8000244e (0x01011993) slli    s3, sp, 16
core   0: 3 0x8000244e (0x01011993) x19 0x62940000
core   0: 0x80002452 (0xa8769e17) auipc   t3, 0xa8769
core   0: 3 0x80002452 (0xa8769e17) x28 0x2876b452
core   0: 0x80002456 (0x4079d593) srai    a1, s3, 7
core   0: 3 0x80002456 (0x4079d593) x11 0x00c52800
core   0: 0x8000245a (0x0000e63d) c.bnez  a2, pc + 110
core   0: 3 0x8000245a (0xe63d)
core   0: 0x800024c8 (0x00000001) c.nop
core   0: 3 0x800024c8 (0x0001)
core   0: 0x800024ca (0x0000100f) fence.i
core   0: 3 0x800024ca (0x0000100f)
core   0: 0x800024ce (0xaf153f93) sltiu   t6, a0, -1295
core   0: 3 0x800024ce (0xaf153f93) x31 0x00000001
core   0: 0x800024d2 (0x00005c7d) c.li    s8, -1
core   0: 3 0x800024d2 (0x5c7d) x24 0xffffffff
core   0: 0x800024d4 (0x03f487b3) mul     a5, s1, t6
core   0: 3 0x800024d4 (0x03f487b3) x15 0x00001432
core   0: 0x800024d8 (0xf7fd2613) slti    a2, s10, -129
core   0: 3 0x800024d8 (0xf7fd2613) x12 0x00000000
core   0: 0x800024dc (0x34006773) csrrsi  a4, mscratch, 0
core   0: 3 0x800024dc (0x34006773) x14 0x00003000
core   0: 0x800024e0 (0x00008ca9) c.xor   s1, a0
core   0: 3 0x800024e0 (0x8ca9) x 9 0x00001432
core   0: 0x800024e2 (0x02e69e33) mulh    t3, a3, a4
core   0: 3 0x800024e2 (0x02e69e33) x28 0x00000000
core   0: 0x800024e6 (0x009fae93) slti    t4, t6, 9
core   0: 3 0x800024e6 (0x009fae93) x29 0x00000001
core   0: 0x800024ea (0x000080aa) c.mv    ra, a0
core   0: 3 0x800024ea (0x80aa) x 1 0x00000000
core   0: 0x800024ec (0x02bba733) mulhsu  a4, s7, a1
core   0: 3 0x800024ec (0x02bba733) x14 0x00000000
core   0: 0x800024f0 (0x05b89263) bne     a7, s11, pc + 68
core   0: 3 0x800024f0 (0x05b89263)
core   0: 0x80002534 (0x01031e93) slli    t4, t1, 16
core   0: 3 0x80002534 (0x01031e93) x29 0x00120000
core   0: 0x80002538 (0x4161dd13) srai    s10, gp, 22
core   0: 3 0x80002538 (0x4161dd13) x26 0x00000000
core   0: 0x8000253c (0x41498133) sub     sp, s3, s4
core   0: 3 0x8000253c (0x41498133) x 2 0xe292a22b
core   0: 0x80002540 (0x340a7ef3) csrrci  t4, mscratch, 20
core   0: 3 0x80002540 (0x340a7ef3) x29 0x00003000 c832_mscratch 0x00003000
core   0: 0x80002544 (0x03679563) bne     a5, s6, pc + 42
core   0: 3 0x80002544 (0x03679563)
core   0: 0x8000256e (0x0000ee11) c.bnez  a2, pc + 28
core   0: 3 0x8000256e (0xee11)
core   0: 0x80002570 (0x026e0233) mul     tp, t3, t1
core   0: 3 0x80002570 (0x026e0233) x 4 0x00000000
core   0: 0x80002574 (0x03dba133) mulhsu  sp, s7, t4
core   0: 3 0x80002574 (0x03dba133) x 2 0x00000000
core   0: 0x80002578 (0x34037673) csrrci  a2, mscratch, 6
core   0: 3 0x80002578 (0x34037673) x12 0x00003000 c832_mscratch 0x00003000
core   0: 0x8000257c (0x0199d633) srl     a2, s3, s9
core   0: 3 0x8000257c (0x0199d633) x12 0x62940000
core   0: 0x80002580 (0x000087b9) c.srai  a5, 14
core   0: 3 0x80002580 (0x87b9) x15 0x00000000
core   0: 0x80002582 (0x00008fcd) c.or    a5, a1
core   0: 3 0x80002582 (0x8fcd) x15 0x00c52800
core   0: 0x80002584 (0x00000001) c.nop
core   0: 3 0x80002584 (0x0001)
core   0: 0x80002586 (0x00000316) c.slli  t1, 5
core   0: 3 0x80002586 (0x0316) x 6 0x00000240
core   0: 0x80002588 (0x00008ffd) c.and   a5, a5
core   0: 3 0x80002588 (0x8ffd) x15 0x00c52800
core   0: 0x8000258a (0x8b5ff713) andi    a4, t6, -1867
core   0: 3 0x8000258a (0x8b5ff713) x14 0x00000001
core   0: 0x8000258e (0x0000036e) c.slli  t1, 27
core   0: 3 0x8000258e (0x036e) x 6 0x00000000
core   0: 0x80002590 (0x3401fcf3) csrrci  s9, mscratch, 3
core   0: 3 0x80002590 (0x3401fcf3) x25 0x00003000 c832_mscratch 0x00003000
core   0: 0x80002594 (0x00008ec9) c.or    a3, a0
core   0: 3 0x80002594 (0x8ec9) x13 0x000000ee
core   0: 0x80002596 (0x00000001) c.nop
core   0: 3 0x80002596 (0x0001)
core   0: 0x80002598 (0x415dde93) srai    t4, s11, 21
core   0: 3 0x80002598 (0x415dde93) x29 0x00000000
core   0: 0x8000259c (0x892a6693) ori     a3, s4, -1902
core   0: 3 0x8000259c (0x892a6693) x13 0xfffffdd7
core   0: 0x800025a0 (0x34026cf3) csrrsi  s9, mscratch, 4
core   0: 3 0x800025a0 (0x34026cf3) x25 0x00003000 c832_mscratch 0x00003004
core   0: 0x800025a4 (0x0000098a) c.slli  s3, 2
core   0: 3 0x800025a4 (0x098a) x19 0x8a500000
core   0: 0x800025a6 (0x0000e09d) c.bnez  s1, pc + 38
core   0: 3 0x800025a6 (0xe09d)
core   0: 0x800025cc (0x00246e33) or      t3, s0, sp
core   0: 3 0x800025cc (0x00246e33) x28 0x882be400
core   0: 0x800025d0 (0x6976af93) slti    t6, a3, 1687
core   0: 3 0x800025d0 (0x6976af93) x31 0x00000001
core   0: 0x800025d4 (0x0000090c) c.addi4spn a1, sp, 144
core   0: 3 0x800025d4 (0x090c) x11 0x00000090
core   0: 0x800025d6 (0x031b4333) div     t1, s6, a7
core   0: 3 0x800025d6 (0x031b4333) x 6 0x00000011
core   0: 0x800025da (0x000086d5) c.srai  a3, 21
core   0: 3 0x800025da (0x86d5) x13 0xffffffff
core   0: 0x800025dc (0x01405763) bge     zero, s4, pc + 14
core   0: 3 0x800025dc (0x01405763)
core   0: 0x800025ea (0x00475e93) srli    t4, a4, 4
core   0: 3 0x800025ea (0x00475e93) x29 0x00000000
core   0: 0x800025ee (0x00006629) c.lui   a2, 0xa
core   0: 3 0x800025ee (0x6629) x12 0x0000a000
core   0: 0x800025f0 (0xc201aa93) slti    s5, gp, -992
core   0: 3 0x800025f0 (0xc201aa93) x21 0x00000000
core   0: 0x800025f4 (0x004e6eb3) or      t4, t3, tp
core   0: 3 0x800025f4 (0x004e6eb3) x29 0x882be400
core   0: 0x800025f8 (0x00008ead) c.xor   a3, a1
core   0: 3 0x800025f8 (0x8ead) x13 0xffffff6f
core   0: 0x800025fa (0x0181da93) srli    s5, gp, 24
core   0: 3 0x800025fa (0x0181da93) x21 0x00000000
core   0: 0x800025fe (0x0000978e) c.add   a5, gp
core   0: 3 0x800025fe (0x978e) x15 0x00c6e800
core   0: 0x80002600 (0x01bc9633) sll     a2, s9, s11
core   0: 3 0x80002600 (0x01bc9633) x12 0x00003000
core   0: 0x80002604 (0x00000001) c.nop
core   0: 3 0x80002604 (0x0001)
core   0: 0x80002606 (0x6604e193) ori     gp, s1, 1632
core   0: 3 0x80002606 (0x6604e193) x 3 0x00001672
core   0: 0x8000260a (0x34075373) csrrwi  t1, mscratch, 14
core   0: 3 0x8000260a (0x34075373) x 6 0x00003004 c832_mscratch 0x0000000e
core   0: 0x8000260e (0xf6d9a897) auipc   a7, 0xf6d9a
core   0: 3 0x8000260e (0xf6d9a897) x17 0x76d9c60e
core   0: 0x80002612 (0x0072ae33) slt     t3, t0, t2
core   0: 3 0x80002612 (0x0072ae33) x28 0x00000001
core   0: 0x80002616 (0x00009b7d) c.andi  a4, -1
core   0: 3 0x80002616 (0x9b7d) x14 0x00000001
core   0: 0x80002618 (0x00008465) c.srai  s0, 25
core   0: 3 0x80002618 (0x8465) x 8 0xffffffc4
core   0: 0x8000261a (0x41f2d133) sra     sp, t0, t6
core   0: 3 0x8000261a (0x41f2d133) x 2 0xc0014752
core   0: 0x8000261e (0x01ab8363) beq     s7, s10, pc + 6
core   0: 3 0x8000261e (0x01ab8363)
core   0: 0x80002624 (0x21040d93) addi    s11, s0, 528
core   0: 3 0x80002624 (0x21040d93) x27 0x000001d4
core   0: 0x80002628 (0x035e5a63) bge     t3, s5, pc + 52
core   0: 3 0x80002628 (0x035e5a63)
core   0: 0x8000265c (0x02ddef63) bltu    s11, a3, pc + 62
core   0: 3 0x8000265c (0x02ddef63)
core   0: 0x8000269a (0x00000001) c.nop
core   0: 3 0x8000269a (0x0001)
core   0: 0x8000269c (0x340bfaf3) csrrci  s5, mscratch, 23
core   0: 3 0x8000269c (0x340bfaf3) x21 0x0000000e c832_mscratch 0x00000008
core   0: 0x800026a0 (0x038fdb33) divu    s6, t6, s8
core   0: 3 0x800026a0 (0x038fdb33) x22 0x00000000
core   0: 0x800026a4 (0x00a3edb3) or      s11, t2, a0
core   0: 3 0x800026a4 (0x00a3edb3) x27 0x00000006
core   0: 0x800026a8 (0x34001973) csrrw   s2, mscratch, zero
core   0: 3 0x800026a8 (0x34001973) x18 0x00000008 c832_mscratch 0x00000000
core   0: 0x800026ac (0x9e6c0313) addi    t1, s8, -1562
core   0: 3 0x800026ac (0x9e6c0313) x 6 0xfffff9e5
core   0: 0x800026b0 (0x540c6513) ori     a0, s8, 1344
core   0: 3 0x800026b0 (0x540c6513) x10 0xffffffff
core   0: 0x800026b4 (0x34002473) csrr    s0, mscratch
core   0: 3 0x800026b4 (0x34002473) x 8 0x00000000
core   0: 0x800026b8 (0x000014fd) c.addi  s1, -1
core   0: 3 0x800026b8 (0x14fd) x 9 0x00001431
core   0: 0x800026ba (0x00000001) c.nop
core   0: 3 0x800026ba (0x0001)
core   0: 0x800026bc (0x01b66133) or      sp, a2, s11
core   0: 3 0x800026bc (0x01b66133) x 2 0x00003006
core   0: 0x800026c0 (0x00008dbe) c.mv    s11, a5
core   0: 3 0x800026c0 (0x8dbe) x27 0x00c6e800
core   0: 0x800026c2 (0x1d8c6b13) ori     s6, s8, 472
core   0: 3 0x800026c2 (0x1d8c6b13) x22 0xffffffff
core   0: 0x800026c6 (0x0000100f) fence.i
core   0: 3 0x800026c6 (0x0000100f)
core   0: 0x800026ca (0x416c5313) srai    t1, s8, 22
core   0: 3 0x800026ca (0x416c5313) x 6 0xffffffff
core   0: 0x800026ce (0x340fe873) csrrsi  a6, mscratch, 31
core   0: 3 0x800026ce (0x340fe873) x16 0x00000000 c832_mscratch 0x0000001f
core   0: 0x800026d2 (0x41740eb3) sub     t4, s0, s7
core   0: 3 0x800026d2 (0x41740eb3) x29 0x00000000
core   0: 0x800026d6 (0x01755d63) bge     a0, s7, pc + 26
core   0: 3 0x800026d6 (0x01755d63)
core   0: 0x800026da (0x0089fe33) and     t3, s3, s0
core   0: 3 0x800026da (0x0089fe33) x28 0x00000000
core   0: 0x800026de (0x8b547993) andi    s3, s0, -1867
core   0: 3 0x800026de (0x8b547993) x19 0x00000000
core   0: 0x800026e2 (0x0257c533) div     a0, a5, t0
core   0: 3 0x800026e2 (0x0257c533) x10 0x00000000
core   0: 0x800026e6 (0x00008a81) c.andi  a3, 0
core   0: 3 0x800026e6 (0x8a81) x13 0x00000000
core   0: 0x800026e8 (0x02acfcb3) remu    s9, s9, a0
core   0: 3 0x800026e8 (0x02acfcb3) x25 0x00003000
core   0: 0x800026ec (0x010a39b3) sltu    s3, s4, a6
core   0: 3 0x800026ec (0x010a39b3) x19 0x00000000
core   0: 0x800026f0 (0x0000c89d) c.beqz  s1, pc + 54
core   0: 3 0x800026f0 (0xc89d)
core   0: 0x800026f2 (0x340c5df3) csrrwi  s11, mscratch, 24
core   0: 3 0x800026f2 (0x340c5df3) x27 0x0000001f c832_mscratch 0x00000018
core   0: 0x800026f6 (0x0326b0b3) mulhu   ra, a3, s2
core   0: 3 0x800026f6 (0x0326b0b3) x 1 0x00000000
core   0: 0x800026fa (0x7bbbb913) sltiu   s2, s7, 1979
core   0: 3 0x800026fa (0x7bbbb913) x18 0x00000001
core   0: 0x800026fe (0x03976633) rem     a2, a4, s9
core   0: 3 0x800026fe (0x03976633) x12 0x00000001
core   0: 0x80002702 (0x03ce5eb3) divu    t4, t3, t3
core   0: 3 0x80002702 (0x03ce5eb3) x29 0xffffffff
core   0: 0x80002706 (0x0000717d) c.addi16sp sp, -16
core   0: 3 0x80002706 (0x717d) x 2 0x00002ff6
core   0: 0x80002708 (0x0000100f) fence.i
core   0: 3 0x80002708 (0x0000100f)
core   0: 0x8000270c (0x00000001) c.nop
core   0: 3 0x8000270c (0x0001)
core   0: 0x8000270e (0x00000001) c.nop
core   0: 3 0x8000270e (0x0001)
core   0: 0x80002710 (0x03ed0233) mul     tp, s10, t5
core   0: 3 0x80002710 (0x03ed0233) x 4 0x00000000
core   0: 0x80002714 (0x0ff0000f) fence   iorw,iorw
core   0: 3 0x80002714 (0x0ff0000f)
core   0: 0x80002718 (0x02606463) bltu    zero, t1, pc + 40
core   0: 3 0x80002718 (0x02606463)
core   0: 0x80002740 (0x0274c433) div     s0, s1, t2
core   0: 3 0x80002740 (0x0274c433) x 8 0x0000035d
core   0: 0x80002744 (0x01044eb3) xor     t4, s0, a6
core   0: 3 0x80002744 (0x01044eb3) x29 0x0000035d
core   0: 0x80002748 (0xe8c07213) andi    tp, zero, -372
core   0: 3 0x80002748 (0xe8c07213) x 4 0x00000000
core   0: 0x8000274c (0x01a84463) blt     a6, s10, pc + 8
core   0: 3 0x8000274c (0x01a84463)
core   0: 0x80002750 (0x00001afd) c.addi  s5, -1
core   0: 3 0x80002750 (0x1afd) x21 0x0000000d
core   0: 0x80002752 (0x00009c4a) c.add   s8, s2
core   0: 3 0x80002752 (0x9c4a) x24 0x00000000
core   0: 0x80002754 (0x783a8a13) addi    s4, s5, 1923
core   0: 3 0x80002754 (0x783a8a13) x20 0x00000790
core   0: 0x80002758 (0x340ffe73) csrrci  t3, mscratch, 31
core   0: 3 0x80002758 (0x340ffe73) x28 0x00000018 c832_mscratch 0x00000000
core   0: 0x8000275c (0x00008e39) c.xor   a2, a4
core   0: 3 0x8000275c (0x8e39) x12 0x00000000
core   0: 0x8000275e (0x03fb9a63) bne     s7, t6, pc + 52
core   0: 3 0x8000275e (0x03fb9a63)
core   0: 0x80002792 (0xedccaa93) slti    s5, s9, -292
core   0: 3 0x80002792 (0xedccaa93) x21 0x00000000
core   0: 0x80002796 (0x00004635) c.li    a2, 13
core   0: 3 0x80002796 (0x4635) x12 0x0000000d
core   0: 0x80002798 (0x038c5233) divu    tp, s8, s8
core   0: 3 0x80002798 (0x038c5233) x 4 0xffffffff
core   0: 0x8000279c (0x58095a37) lui     s4, 0x58095
core   0: 3 0x8000279c (0x58095a37) x20 0x58095000
core   0: 0x800027a0 (0x01a2d233) srl     tp, t0, s10
core   0: 3 0x800027a0 (0x01a2d233) x 4 0x80028ea4
core   0: 0x800027a4 (0x34001673) csrrw   a2, mscratch, zero
core   0: 3 0x800027a4 (0x34001673) x12 0x00000000 c832_mscratch 0x00000000
core   0: 0x800027a8 (0x03ae77b3) remu    a5, t3, s10
core   0: 3 0x800027a8 (0x03ae77b3) x15 0x00000018
core   0: 0x800027ac (0x02160e33) mul     t3, a2, ra
core   0: 3 0x800027ac (0x02160e33) x28 0x00000000
core   0: 0x800027b0 (0x000091da) c.add   gp, s6
core   0: 3 0x800027b0 (0x91da) x 3 0x00001671
core   0: 0x800027b2 (0x0084c233) xor     tp, s1, s0
core   0: 3 0x800027b2 (0x0084c233) x 4 0x0000176c
core   0: 0x800027b6 (0x340c6cf3) csrrsi  s9, mscratch, 24
core   0: 3 0x800027b6 (0x340c6cf3) x25 0x00000000 c832_mscratch 0x00000018
core   0: 0x800027ba (0x340eea73) csrrsi  s4, mscratch, 29
core   0: 3 0x800027ba (0x340eea73) x20 0x00000018 c832_mscratch 0x0000001d
core   0: 0x800027be (0x000001ed) c.addi  gp, 27
core   0: 3 0x800027be (0x01ed) x 3 0x0000168c
core   0: 0x800027c0 (0x006e9113) slli    sp, t4, 6
core   0: 3 0x800027c0 (0x006e9113) x 2 0x0000d740
core   0: 0x800027c4 (0x340ceaf3) csrrsi  s5, mscratch, 25
core   0: 3 0x800027c4 (0x340ceaf3) x21 0x0000001d c832_mscratch 0x0000001d
core   0: 0x800027c8 (0x34003e73) csrrc   t3, mscratch, zero
core   0: 3 0x800027c8 (0x34003e73) x28 0x0000001d
core   0: 0x800027cc (0x38bbc7b7) lui     a5, 0x38bbc
core   0: 3 0x800027cc (0x38bbc7b7) x15 0x38bbc000
core   0: 0x800027d0 (0x00008e61) c.and   a2, s0
core   0: 3 0x800027d0 (0x8e61) x12 0x00000000
core   0: 0x800027d2 (0x00000001) c.nop
core   0: 3 0x800027d2 (0x0001)
core   0: 0x800027d4 (0x000084e1) c.srai  s1, 24
core   0: 3 0x800027d4 (0x84e1) x 9 0x00000000
core   0: 0x800027d6 (0x0000cf05) c.beqz  a4, pc + 56
core   0: 3 0x800027d6 (0xcf05)
core   0: 0x800027d8 (0x0018c533) xor     a0, a7, ra
core   0: 3 0x800027d8 (0x0018c533) x10 0x76d9c60e
core   0: 0x800027dc (0x1f99cc93) xori    s9, s3, 505
core   0: 3 0x800027dc (0x1f99cc93) x25 0x000001f9
core   0: 0x800027e0 (0x79a7fb93) andi    s7, a5, 1946
core   0: 3 0x800027e0 (0x79a7fb93) x23 0x00000000
core   0: 0x800027e4 (0x0000461d) c.li    a2, 7
core   0: 3 0x800027e4 (0x461d) x12 0x00000007
core   0: 0x800027e6 (0x404b5733) sra     a4, s6, tp
core   0: 3 0x800027e6 (0x404b5733) x14 0xffffffff
core   0: 0x800027ea (0x00000001) c.nop
core   0: 3 0x800027ea (0x0001)
core   0: 0x800027ec (0x4155dab3) sra     s5, a1, s5
core   0: 3 0x800027ec (0x4155dab3) x21 0x00000000
core   0: 0x800027f0 (0x0212f0b3) remu    ra, t0, ra
core   0: 3 0x800027f0 (0x0212f0b3) x 1 0x80028ea4
core   0: 0x800027f4 (0x00001665) c.addi  a2, -7
core   0: 3 0x800027f4 (0x1665) x12 0x00000000
core   0: 0x800027f6 (0x0000de6d) c.beqz  a2, pc - 6
core   0: 3 0x800027f6 (0xde6d)
core   0: 0x800027f0 (0x0212f0b3) remu    ra, t0, ra
core   0: 3 0x800027f0 (0x0212f0b3) x 1 0x00000000
core   0: 0x800027f4 (0x00001665) c.addi  a2, -7
core   0: 3 0x800027f4 (0x1665) x12 0xfffffff9
core   0: 0x800027f6 (0x0000de6d) c.beqz  a2, pc - 6
core   0: 3 0x800027f6 (0xde6d)
core   0: 0x800027f8 (0x00009422) c.add   s0, s0
core   0: 3 0x800027f8 (0x9422) x 8 0x000006ba
core   0: 0x800027fa (0x0000968a) c.add   a3, sp
core   0: 3 0x800027fa (0x968a) x13 0x0000d740
core   0: 0x800027fc (0x0000997d) c.andi  a0, -1
core   0: 3 0x800027fc (0x997d) x10 0x76d9c60e
core   0: 0x800027fe (0x03b61d63) bne     a2, s11, pc + 58
core   0: 3 0x800027fe (0x03b61d63)
core   0: 0x80002838 (0x0000cb15) c.beqz  a4, pc + 52
core   0: 3 0x80002838 (0xcb15)
core   0: 0x8000283a (0x0313f563) bgeu    t2, a7, pc + 42
core   0: 3 0x8000283a (0x0313f563)
core   0: 0x8000283e (0x00000351) c.addi  t1, 20
core   0: 3 0x8000283e (0x0351) x 6 0x00000013
core   0: 0x80002840 (0x3408d1f3) csrrwi  gp, mscratch, 17
core   0: 3 0x80002840 (0x3408d1f3) x 3 0x0000001d c832_mscratch 0x00000011
core   0: 0x80002844 (0x0391d763) bge     gp, s9, pc + 46
core   0: 3 0x80002844 (0x0391d763)
core   0: 0x80002848 (0x00881893) slli    a7, a6, 8
core   0: 3 0x80002848 (0x00881893) x17 0x00000000
core   0: 0x8000284c (0x0000cf15) c.beqz  a4, pc + 60
core   0: 3 0x8000284c (0xcf15)
core   0: 0x8000284e (0x7eaf2413) slti    s0, t5, 2026
core   0: 3 0x8000284e (0x7eaf2413) x 8 0x00000001
core   0: 0x80002852 (0x340c97f3) csrrw   a5, mscratch, s9
core   0: 3 0x80002852 (0x340c97f3) x15 0x00000011 c832_mscratch 0x000001f9
core   0: 0x80002856 (0x03d2ed33) rem     s10, t0, t4
core   0: 3 0x80002856 (0x03d2ed33) x26 0xffffff73
core   0: 0x8000285a (0x0ff0000f) fence   iorw,iorw
core   0: 3 0x8000285a (0x0ff0000f)
core   0: 0x8000285e (0x029151b3) divu    gp, sp, s1
core   0: 3 0x8000285e (0x029151b3) x 3 0xffffffff
core   0: 0x80002862 (0x00000759) c.addi  a4, 22
core   0: 3 0x80002862 (0x0759) x14 0x00000015
core   0: 0x80002864 (0x01241e33) sll     t3, s0, s2
core   0: 3 0x80002864 (0x01241e33) x28 0x00000002
core   0: 0x80002868 (0x40eb0ab3) sub     s5, s6, a4
core   0: 3 0x80002868 (0x40eb0ab3) x21 0xffffffea
core   0: 0x8000286c (0x0381d563) bge     gp, s8, pc + 42
core   0: 3 0x8000286c (0x0381d563)
core   0: 0x80002870 (0x00008f11) c.sub   a4, a2
core   0: 3 0x80002870 (0x8f11) x14 0x0000001c
core   0: 0x80002872 (0x00006731) c.lui   a4, 0xc
core   0: 3 0x80002872 (0x6731) x14 0x0000c000
core   0: 0x80002874 (0x039b31b3) mulhu   gp, s6, s9
core   0: 3 0x80002874 (0x039b31b3) x 3 0x000001f8
core   0: 0x80002878 (0x01265133) srl     sp, a2, s2
core   0: 3 0x80002878 (0x01265133) x 2 0x7ffffffc
core   0: 0x8000287c (0x402ada33) sra     s4, s5, sp
core   0: 3 0x8000287c (0x402ada33) x20 0xffffffff
core   0: 0x80002880 (0x00000f04) c.addi4spn s1, sp, 912
core   0: 3 0x80002880 (0x0f04) x 9 0x8000038c
core   0: 0x80002882 (0x00008c96) c.mv    s9, t0
core   0: 3 0x80002882 (0x8c96) x25 0x80028ea4
core   0: 0x80002884 (0x013c85b3) add     a1, s9, s3
core   0: 3 0x80002884 (0x013c85b3) x11 0x80028ea4
core   0: 0x80002888 (0x0000100f) fence.i
core   0: 3 0x80002888 (0x0000100f)
core   0: 0x8000288c (0x01afb333) sltu    t1, t6, s10
core   0: 3 0x8000288c (0x01afb333) x 6 0x00000001
core   0: 0x80002890 (0x0000e015) c.bnez  s0, pc + 36
core   0: 3 0x80002890 (0xe015)
core   0: 0x800028b4 (0x03c49463) bne     s1, t3, pc + 40
core   0: 3 0x800028b4 (0x03c49463)
core   0: 0x800028dc (0x0029ceb3) xor     t4, s3, sp
core   0: 3 0x800028dc (0x0029ceb3) x29 0x7ffffffc
core   0: 0x800028e0 (0x9f0ea997) auipc   s3, 0x9f0ea
core   0: 3 0x800028e0 (0x9f0ea997) x19 0x1f0ec8e0
core   0: 0x800028e4 (0x00bacab3) xor     s5, s5, a1
core   0: 3 0x800028e4 (0x00bacab3) x21 0x7ffd714e
core   0: 0x800028e8 (0x00f01b33) sll     s6, zero, a5
core   0: 3 0x800028e8 (0x00f01b33) x22 0x00000000
core   0: 0x800028ec (0x3a7d3313) sltiu   t1, s10, 935
core   0: 3 0x800028ec (0x3a7d3313) x 6 0x00000000
core   0: 0x800028f0 (0x01bcc533) xor     a0, s9, s11
core   0: 3 0x800028f0 (0x01bcc533) x10 0x80028ebb
core   0: 0x800028f4 (0x34013ff3) csrrc   t6, mscratch, sp
core   0: 3 0x800028f4 (0x34013ff3) x31 0x000001f9 c832_mscratch 0x00000001
core   0: 0x800028f8 (0x3404db73) csrrwi  s6, mscratch, 9
core   0: 3 0x800028f8 (0x3404db73) x22 0x00000001 c832_mscratch 0x00000009
core   0: 0x800028fc (0x00008cbd) c.xor   s1, a5
core   0: 3 0x800028fc (0x8cbd) x 9 0x8000039d
core   0: 0x800028fe (0x011a6533) or      a0, s4, a7
core   0: 3 0x800028fe (0x011a6533) x10 0xffffffff
core   0: 0x80002902 (0x03e204b3) mul     s1, tp, t5
core   0: 3 0x80002902 (0x03e204b3) x 9 0x419cc730
core   0: 0x80002906 (0x88bf4cb7) lui     s9, 0x88bf4
core   0: 3 0x80002906 (0x88bf4cb7) x25 0x88bf4000
core   0: 0x8000290a (0x03a75833) divu    a6, a4, s10
core   0: 3 0x8000290a (0x03a75833) x16 0x00000000
core   0: 0x8000290e (0x00008346) c.mv    t1, a7
core   0: 3 0x8000290e (0x8346) x 6 0x00000000
core   0: 0x80002910 (0x00000001) c.nop
core   0: 3 0x80002910 (0x0001)
core   0: 0x80002912 (0x01e54893) xori    a7, a0, 30
core   0: 3 0x80002912 (0x01e54893) x17 0xffffffe1
core   0: 0x80002916 (0x0166d863) bge     a3, s6, pc + 16
core   0: 3 0x80002916 (0x0166d863)
core   0: 0x80002926 (0x00008e35) c.xor   a2, a3
core   0: 3 0x80002926 (0x8e35) x12 0xffff28b9
core   0: 0x80002928 (0x00009a1a) c.add   s4, t1
core   0: 3 0x80002928 (0x9a1a) x20 0xffffffff
core   0: 0x8000292a (0x03a2c333) div     t1, t0, s10
core   0: 3 0x8000292a (0x03a2c333) x 6 0x00e86107
core   0: 0x8000292e (0x4191dc33) sra     s8, gp, s9
core   0: 3 0x8000292e (0x4191dc33) x24 0x000001f8
core   0: 0x80002932 (0xcc151d97) auipc   s11, 0xcc151
core   0: 3 0x80002932 (0xcc151d97) x27 0x4c153932
core   0: 0x80002936 (0x000098fd) c.andi  s1, -1
core   0: 3 0x80002936 (0x98fd) x 9 0x419cc730
core   0: 0x80002938 (0x00000001) c.nop
core   0: 3 0x80002938 (0x0001)
core   0: 0x8000293a (0x00001518) c.addi4spn a4, sp, 672
core   0: 3 0x8000293a (0x1518) x14 0x8000029c
core   0: 0x8000293c (0x321ff793) andi    a5, t6, 801
core   0: 3 0x8000293c (0x321ff793) x15 0x00000121
core   0: 0x80002940 (0x00011117) auipc   sp, 0x11
core   0: 3 0x80002940 (0x00011117) x 2 0x80013940
core   0: 0x80002944 (0xa3f10113) addi    sp, sp, -1473
core   0: 3 0x80002944 (0xa3f10113) x 2 0x8001337f
core   0: 0x80002948 (0x49111e03) lh      t3, 1169(sp)
core   0: 3 0x80002948 (0x49111e03) x28 0xffff8460 mem 0x80013810
core   0: 0x8000294c (0x0000100f) fence.i
core   0: 3 0x8000294c (0x0000100f)
core   0: 0x80002950 (0x00008dbe) c.mv    s11, a5
core   0: 3 0x80002950 (0x8dbe) x27 0x00000121
core   0: 0x80002952 (0x19c11ba3) sh      t3, 407(sp)
core   0: 3 0x80002952 (0x19c11ba3) mem 0x80013516 0x8460
core   0: 0x80002956 (0x1dc14303) lbu     t1, 476(sp)
core   0: 3 0x80002956 (0x1dc14303) x 6 0x00000028 mem 0x8001355b
core   0: 0x8000295a (0x6b414683) lbu     a3, 1716(sp)
core   0: 3 0x8000295a (0x6b414683) x13 0x000000ca mem 0x80013a33
core   0: 0x8000295e (0x3c210d03) lb      s10, 962(sp)
core   0: 3 0x8000295e (0x3c210d03) x26 0x00000065 mem 0x80013741
core   0: 0x80002962 (0x00008c05) c.sub   s0, s1
core   0: 3 0x80002962 (0x8c05) x 8 0xbe6338d1
core   0: 0x80002964 (0x4ff15683) lhu     a3, 1279(sp)
core   0: 3 0x80002964 (0x4ff15683) x13 0x0000bba7 mem 0x8001387e
core   0: 0x80002968 (0x340154f3) csrrwi  s1, mscratch, 2
core   0: 3 0x80002968 (0x340154f3) x 9 0x00000009 c832_mscratch 0x00000002
core   0: 0x8000296c (0xd4512003) lw      zero, -699(sp)
core   0: 3 0x8000296c (0xd4512003) mem 0x800130c4
core   0: 0x80002970 (0x45210b03) lb      s6, 1106(sp)
core   0: 3 0x80002970 (0x45210b03) x22 0x00000067 mem 0x800137d1
core   0: 0x80002974 (0x27810123) sb      s8, 610(sp)
core   0: 3 0x80002974 (0x27810123) mem 0x800135e1 0xf8
core   0: 0x80002978 (0xeee10203) lb      tp, -274(sp)
core   0: 3 0x80002978 (0xeee10203) x 4 0x00000007 mem 0x8001326d
core   0: 0x8000297c (0x009e5bb3) srl     s7, t3, s1
core   0: 3 0x8000297c (0x009e5bb3) x23 0x007fffc2
core   0: 0x80002980 (0x481116a3) sh      ra, 1165(sp)
core   0: 3 0x80002980 (0x481116a3) mem 0x8001380c 0x0000
core   0: 0x80002984 (0xda414083) lbu     ra, -604(sp)
core   0: 3 0x80002984 (0xda414083) x 1 0x000000bb mem 0x80013123
core   0: 0x80002988 (0xefc10a23) sb      t3, -268(sp)
core   0: 3 0x80002988 (0xefc10a23) mem 0x80013273 0x60
core   0: 0x8000298c (0x57c23d93) sltiu   s11, tp, 1404
core   0: 3 0x8000298c (0x57c23d93) x27 0x00000001
core   0: 0x80002990 (0x1c814203) lbu     tp, 456(sp)
core   0: 3 0x80002990 (0x1c814203) x 4 0x00000051 mem 0x80013547
core   0: 0x80002994 (0x00000001) c.nop
core   0: 3 0x80002994 (0x0001)
core   0: 0x80002996 (0xe4f113a3) sh      a5, -441(sp)
core   0: 3 0x80002996 (0xe4f113a3) mem 0x800131c6 0x0121
core   0: 0x8000299a (0x340c28f3) csrrs   a7, mscratch, s8
core   0: 3 0x8000299a (0x340c28f3) x17 0x00000002 c832_mscratch 0x000001fa
core   0: 0x8000299e (0xdd515603) lhu     a2, -555(sp)
core   0: 3 0x8000299e (0xdd515603) x12 0x0000308b mem 0x80013154
core   0: 0x800029a2 (0x0000100f) fence.i
core   0: 3 0x800029a2 (0x0000100f)
core   0: 0x800029a6 (0x41378233) sub     tp, a5, s3
core   0: 3 0x800029a6 (0x41378233) x 4 0xe0f13841
core   0: 0x800029aa (0x0309f4b3) remu    s1, s3, a6
core   0: 3 0x800029aa (0x0309f4b3) x 9 0x1f0ec8e0
core   0: 0x800029ae (0x38915883) lhu     a7, 905(sp)
core   0: 3 0x800029ae (0x38915883) x17 0x000079ea mem 0x80013708
core   0: 0x800029b2 (0x3404d273) csrrwi  tp, mscratch, 9
core   0: 3 0x800029b2 (0x3404d273) x 4 0x000001fa c832_mscratch 0x00000009
core   0: 0x800029b6 (0xe6f10703) lb      a4, -401(sp)
core   0: 3 0x800029b6 (0xe6f10703) x14 0x00000065 mem 0x800131ee
core   0: 0x800029ba (0x00008409) c.srai  s0, 2
core   0: 3 0x800029ba (0x8409) x 8 0xef98ce34
core   0: 0x800029bc (0x73714a03) lbu     s4, 1847(sp)
core   0: 3 0x800029bc (0x73714a03) x20 0x00000048 mem 0x80013ab6
core   0: 0x800029c0 (0x340e5df3) csrrwi  s11, mscratch, 28
core   0: 3 0x800029c0 (0x340e5df3) x27 0x00000009 c832_mscratch 0x0000001c
core   0: 0x800029c4 (0x000094de) c.add   s1, s7
core   0: 3 0x800029c4 (0x94de) x 9 0x1f8ec8a2
core   0: 0x800029c6 (0xf3d10da3) sb      t4, -197(sp)
core   0: 3 0x800029c6 (0xf3d10da3) mem 0x800132ba 0xfc
core   0: 0x800029ca (0x3b910923) sb      s9, 946(sp)
core   0: 3 0x800029ca (0x3b910923) mem 0x80013731 0x0
core   0: 0x800029ce (0x000083dd) c.srli  a5, 23
core   0: 3 0x800029ce (0x83dd) x15 0x00000000
core   0: 0x800029d0 (0x60210983) lb      s3, 1538(sp)
core   0: 3 0x800029d0 (0x60210983) x19 0xffffffa7 mem 0x80013981
core   0: 0x800029d4 (0x035111a3) sh      s5, 35(sp)
core   0: 3 0x800029d4 (0x035111a3) mem 0x800133a2 0x714e
core   0: 0x800029d8 (0x0000100f) fence.i
core   0: 3 0x800029d8 (0x0000100f)
core   0: 0x800029dc (0x036e5533) divu    a0, t3, s6
core   0: 3 0x800029dc (0x036e5533) x10 0x027c4464
core   0: 0x800029e0 (0x000086bd) c.srai  a3, 15
core   0: 3 0x800029e0 (0x86bd) x13 0x00000001
core   0: 0x800029e2 (0x66b15c83) lhu     s9, 1643(sp)
core   0: 3 0x800029e2 (0x66b15c83) x25 0x0000b990 mem 0x800139ea
core   0: 0x800029e6 (0x02baf333) remu    t1, s5, a1
core   0: 3 0x800029e6 (0x02baf333) x 6 0x7ffd714e
core   0: 0x800029ea (0x31c10a03) lb      s4, 796(sp)
core   0: 3 0x800029ea (0x31c10a03) x20 0x00000042 mem 0x8001369b
core   0: 0x800029ee (0x01895b13) srli    s6, s2, 24
core   0: 3 0x800029ee (0x01895b13) x22 0x00000000
core   0: 0x800029f2 (0x000006de) c.slli  a3, 23
core   0: 3 0x800029f2 (0x06de) x13 0x00800000
core   0: 0x800029f4 (0x058ce463) bltu    s9, s8, pc + 72
core   0: 3 0x800029f4 (0x058ce463)
core   0: 0x800029f8 (0x02ec0ab3) mul     s5, s8, a4
core   0: 3 0x800029f8 (0x02ec0ab3) x21 0x0000c6d8
core   0: 0x800029fc (0x0000e185) c.bnez  a1, pc + 32
core   0: 3 0x800029fc (0xe185)
core   0: 0x80002a1c (0x416658b3) sra     a7, a2, s6
core   0: 3 0x80002a1c (0x416658b3) x17 0x0000308b
core   0: 0x80002a20 (0x340997f3) csrrw   a5, mscratch, s3
core   0: 3 0x80002a20 (0x340997f3) x15 0x0000001c c832_mscratch 0xffffffa7
core   0: 0x80002a24 (0x00000e4d) c.addi  t3, 19
core   0: 3 0x80002a24 (0x0e4d) x28 0xffff8473
core   0: 0x80002a26 (0x01372533) slt     a0, a4, s3
core   0: 3 0x80002a26 (0x01372533) x10 0x00000000
core   0: 0x80002a2a (0x0ff0000f) fence   iorw,iorw
core   0: 3 0x80002a2a (0x0ff0000f)
core   0: 0x80002a2e (0x00000896) c.slli  a7, 5
core   0: 3 0x80002a2e (0x0896) x17 0x00061160
core   0: 0x80002a30 (0x031e31b3) mulhu   gp, t3, a7
core   0: 3 0x80002a30 (0x031e31b3) x 3 0x0006115d
core   0: 0x80002a34 (0x03790663) beq     s2, s7, pc + 44
core   0: 3 0x80002a34 (0x03790663)
core   0: 0x80002a38 (0x03204263) blt     zero, s2, pc + 36
core   0: 3 0x80002a38 (0x03204263)
core   0: 0x80002a5c (0x03e31133) mulh    sp, t1, t5
core   0: 3 0x80002a5c (0x03e31133) x 2 0xc002ade3
core   0: 0x80002a60 (0x026dc4b3) div     s1, s11, t1
core   0: 3 0x80002a60 (0x026dc4b3) x 9 0x00000000
core   0: 0x80002a64 (0x04e95263) bge     s2, a4, pc + 68
core   0: 3 0x80002a64 (0x04e95263)
core   0: 0x80002a68 (0x0000100f) fence.i
core   0: 3 0x80002a68 (0x0000100f)
core   0: 0x80002a6c (0x0000812a) c.mv    sp, a0
core   0: 3 0x80002a6c (0x812a) x 2 0x00000000
core   0: 0x80002a6e (0x001c9d13) slli    s10, s9, 1
core   0: 3 0x80002a6e (0x001c9d13) x26 0x00017320
core   0: 0x80002a72 (0x03624333) div     t1, tp, s6
core   0: 3 0x80002a72 (0x03624333) x 6 0xffffffff
core   0: 0x80002a76 (0x012298b3) sll     a7, t0, s2
core   0: 3 0x80002a76 (0x012298b3) x17 0x00051d48
core   0: 0x80002a7a (0x3409e573) csrrsi  a0, mscratch, 19
core   0: 3 0x80002a7a (0x3409e573) x10 0xffffffa7 c832_mscratch 0xffffffb7
core   0: 0x80002a7e (0x00008da5) c.xor   a1, s1
core   0: 3 0x80002a7e (0x8da5) x11 0x80028ea4
core   0: 0x80002a80 (0xff1bbb13) sltiu   s6, s7, -15
core   0: 3 0x80002a80 (0xff1bbb13) x22 0x00000001
core   0: 0x80002a84 (0x340d9573) csrrw   a0, mscratch, s11
core   0: 3 0x80002a84 (0x340d9573) x10 0xffffffb7 c832_mscratch 0x00000009
core   0: 0x80002a88 (0x029ec863) blt     t4, s1, pc + 48
core   0: 3 0x80002a88 (0x029ec863)
core   0: 0x80002a8c (0x00815ab3) srl     s5, sp, s0
core   0: 3 0x80002a8c (0x00815ab3) x21 0x00000000
core   0: 0x80002a90 (0x02c5f333) remu    t1, a1, a2
core   0: 3 0x80002a90 (0x02c5f333) x 6 0x0000123d
core   0: 0x80002a94 (0x031cb433) mulhu   s0, s9, a7
core   0: 3 0x80002a94 (0x031cb433) x 8 0x00000003
core   0: 0x80002a98 (0x0000100f) fence.i
core   0: 3 0x80002a98 (0x0000100f)
core   0: 0x80002a9c (0x01ae3833) sltu    a6, t3, s10
core   0: 3 0x80002a9c (0x01ae3833) x16 0x00000000
core   0: 0x80002aa0 (0x40add733) sra     a4, s11, a0
core   0: 3 0x80002aa0 (0x40add733) x14 0x00000000
core   0: 0x80002aa4 (0x34081d73) csrrw   s10, mscratch, a6
core   0: 3 0x80002aa4 (0x34081d73) x26 0x00000009 c832_mscratch 0x00000000
core   0: 0x80002aa8 (0x014929b3) slt     s3, s2, s4
core   0: 3 0x80002aa8 (0x014929b3) x19 0x00000001
core   0: 0x80002aac (0x008e4463) blt     t3, s0, pc + 8
core   0: 3 0x80002aac (0x008e4463)
core   0: 0x80002ab4 (0x009abd33) sltu    s10, s5, s1
core   0: 3 0x80002ab4 (0x009abd33) x26 0x00000000
core   0: 0x80002ab8 (0x34002df3) csrr    s11, mscratch
core   0: 3 0x80002ab8 (0x34002df3) x27 0x00000000
core   0: 0x80002abc (0xf0364413) xori    s0, a2, -253
core   0: 3 0x80002abc (0xf0364413) x 8 0xffffcf88
core   0: 0x80002ac0 (0x00000001) c.nop
core   0: 3 0x80002ac0 (0x0001)
core   0: 0x80002ac2 (0x340930f3) csrrc   ra, mscratch, s2
core   0: 3 0x80002ac2 (0x340930f3) x 1 0x00000000 c832_mscratch 0x00000000
core   0: 0x80002ac6 (0x0ff0000f) fence   iorw,iorw
core   0: 3 0x80002ac6 (0x0ff0000f)
core   0: 0x80002aca (0x0000127d) c.addi  tp, -1
core   0: 3 0x80002aca (0x127d) x 4 0x000001f9
core   0: 0x80002acc (0x00000001) c.nop
core   0: 3 0x80002acc (0x0001)
core   0: 0x80002ace (0x0000ce95) c.beqz  a3, pc + 60
core   0: 3 0x80002ace (0xce95)
core   0: 0x80002ad0 (0x96420113) addi    sp, tp, -1692
core   0: 3 0x80002ad0 (0x96420113) x 2 0xfffffb5d
core   0: 0x80002ad4 (0x0d52b013) sltiu   zero, t0, 213
core   0: 3 0x80002ad4 (0x0d52b013)
core   0: 0x80002ad8 (0x3408d5f3) csrrwi  a1, mscratch, 17
core   0: 3 0x80002ad8 (0x3408d5f3) x11 0x00000000 c832_mscratch 0x00000011
core   0: 0x80002adc (0x000007b5) c.addi  a5, 13
core   0: 3 0x80002adc (0x07b5) x15 0x00000029
core   0: 0x80002ade (0x34002b73) csrr    s6, mscratch
core   0: 3 0x80002ade (0x34002b73) x22 0x00000011
core   0: 0x80002ae2 (0x01b0dbb3) srl     s7, ra, s11
core   0: 3 0x80002ae2 (0x01b0dbb3) x23 0x00000000
core   0: 0x80002ae6 (0x00008b46) c.mv    s6, a7
core   0: 3 0x80002ae6 (0x8b46) x22 0x00051d48
core   0: 0x80002ae8 (0x4072d0b3) sra     ra, t0, t2
core   0: 3 0x80002ae8 (0x4072d0b3) x 1 0xfe000a3a
core   0: 0x80002aec (0x017677b3) and     a5, a2, s7
core   0: 3 0x80002aec (0x017677b3) x15 0x00000000
core   0: 0x80002af0 (0x340bdbf3) csrrwi  s7, mscratch, 23
core   0: 3 0x80002af0 (0x340bdbf3) x23 0x00000011 c832_mscratch 0x00000017
core   0: 0x80002af4 (0x5813f313) andi    t1, t2, 1409
core   0: 3 0x80002af4 (0x5813f313) x 6 0x00000000
core   0: 0x80002af8 (0x00005cfd) c.li    s9, -1
core   0: 3 0x80002af8 (0x5cfd) x25 0xffffffff
core   0: 0x80002afa (0x030ad763) bge     s5, a6, pc + 46
core   0: 3 0x80002afa (0x030ad763)
core   0: 0x80002b28 (0x00008f8d) c.sub   a5, a1
core   0: 3 0x80002b28 (0x8f8d) x15 0x00000000
core   0: 0x80002b2a (0x340c9173) csrrw   sp, mscratch, s9
core   0: 3 0x80002b2a (0x340c9173) x 2 0x00000017 c832_mscratch 0xffffffff
core   0: 0x80002b2e (0x00001d08) c.addi4spn a0, sp, 688
core   0: 3 0x80002b2e (0x1d08) x10 0x000002c7
core   0: 0x80002b30 (0x023134b3) mulhu   s1, sp, gp
core   0: 3 0x80002b30 (0x023134b3) x 9 0x00000000
core   0: 0x80002b34 (0x404b5033) sra     zero, s6, tp
core   0: 3 0x80002b34 (0x404b5033)
core   0: 0x80002b38 (0x34015d73) csrrwi  s10, mscratch, 2
core   0: 3 0x80002b38 (0x34015d73) x26 0xffffffff c832_mscratch 0x00000002
core   0: 0x80002b3c (0x0000819e) c.mv    gp, t2
core   0: 3 0x80002b3c (0x819e) x 3 0x00000006
core   0: 0x80002b3e (0x00000001) c.nop
core   0: 3 0x80002b3e (0x0001)
core   0: 0x80002b40 (0x009090b3) sll     ra, ra, s1
core   0: 3 0x80002b40 (0x009090b3) x 1 0xfe000a3a
core   0: 0x80002b44 (0x0252b6b3) mulhu   a3, t0, t0
core   0: 3 0x80002b44 (0x0252b6b3) x13 0x40028eaa
core   0: 0x80002b48 (0x3bf53713) sltiu   a4, a0, 959
core   0: 3 0x80002b48 (0x3bf53713) x14 0x00000001
core   0: 0x80002b4c (0x0ff0000f) fence   iorw,iorw
core   0: 3 0x80002b4c (0x0ff0000f)
core   0: 0x80002b50 (0x071e4a93) xori    s5, t3, 113
core   0: 3 0x80002b50 (0x071e4a93) x21 0xffff8402
core   0: 0x80002b54 (0x018c7233) and     tp, s8, s8
core   0: 3 0x80002b54 (0x018c7233) x 4 0x000001f8
core   0: 0x80002b58 (0x0000987a) c.add   a6, t5
core   0: 3 0x80002b58 (0x987a) x16 0x8002cd24
core   0: 0x80002b5a (0x008d9b13) slli    s6, s11, 8
core   0: 3 0x80002b5a (0x008d9b13) x22 0x00000000
core   0: 0x80002b5e (0x000081fa) c.mv    gp, t5
core   0: 3 0x80002b5e (0x81fa) x 3 0x8002cd24
core   0: 0x80002b60 (0x340bfc73) csrrci  s8, mscratch, 23
core   0: 3 0x80002b60 (0x340bfc73) x24 0x00000002 c832_mscratch 0x00000000
core   0: 0x80002b64 (0xf739b713) sltiu   a4, s3, -141
core   0: 3 0x80002b64 (0xf739b713) x14 0x00000001
core   0: 0x80002b68 (0x25c8e993) ori     s3, a7, 604
core   0: 3 0x80002b68 (0x25c8e993) x19 0x00051f5c
core   0: 0x80002b6c (0x011b8d63) beq     s7, a7, pc + 26
core   0: 3 0x80002b6c (0x011b8d63)
core   0: 0x80002b70 (0x00008ade) c.mv    s5, s7
core   0: 3 0x80002b70 (0x8ade) x21 0x00000011
core   0: 0x80002b72 (0x40ab09b3) sub     s3, s6, a0
core   0: 3 0x80002b72 (0x40ab09b3) x19 0xfffffd39
core   0: 0x80002b76 (0x00d19ab3) sll     s5, gp, a3
core   0: 3 0x80002b76 (0x00d19ab3) x21 0x0b349000
core   0: 0x80002b7a (0x016b15b3) sll     a1, s6, s6
core   0: 3 0x80002b7a (0x016b15b3) x11 0x00000000
core   0: 0x80002b7e (0x00135d13) srli    s10, t1, 1
core   0: 3 0x80002b7e (0x00135d13) x26 0x00000000
core   0: 0x80002b82 (0x0ff0000f) fence   iorw,iorw
core   0: 3 0x80002b82 (0x0ff0000f)
core   0: 0x80002b86 (0x00008c81) c.sub   s1, s0
core   0: 3 0x80002b86 (0x8c81) x 9 0x00003078
core   0: 0x80002b88 (0x0067b4b3) sltu    s1, a5, t1
core   0: 3 0x80002b88 (0x0067b4b3) x 9 0x00000000
core   0: 0x80002b8c (0x00455093) srli    ra, a0, 4
core   0: 3 0x80002b8c (0x00455093) x 1 0x0000002c
core   0: 0x80002b90 (0x000086e5) c.srai  a3, 25
core   0: 3 0x80002b90 (0x86e5) x13 0x00000020
core   0: 0x80002b92 (0x0000045a) c.slli  s0, 22
core   0: 3 0x80002b92 (0x045a) x 8 0xe2000000
core   0: 0x80002b94 (0x000008ce) c.slli  a7, 19
core   0: 3 0x80002b94 (0x08ce) x17 0xea400000
core   0: 0x80002b96 (0xf3e13f93) sltiu   t6, sp, -194
core   0: 3 0x80002b96 (0xf3e13f93) x31 0x00000001
core   0: 0x80002b9a (0x631e6093) ori     ra, t3, 1585
core   0: 3 0x80002b9a (0x631e6093) x 1 0xffff8673
core   0: 0x80002b9e (0x34007973) csrrci  s2, mscratch, 0
core   0: 3 0x80002b9e (0x34007973) x18 0x00000000
core   0: 0x80002ba2 (0x34006d73) csrrsi  s10, mscratch, 0
core   0: 3 0x80002ba2 (0x34006d73) x26 0x00000000
core   0: 0x80002ba6 (0x0390b9b3) mulhu   s3, ra, s9
core   0: 3 0x80002ba6 (0x0390b9b3) x19 0xffff8672
core   0: 0x80002baa (0x02635fb3) divu    t6, t1, t1
core   0: 3 0x80002baa (0x02635fb3) x31 0xffffffff
core   0: 0x80002bae (0x3409d0f3) csrrwi  ra, mscratch, 19
core   0: 3 0x80002bae (0x3409d0f3) x 1 0x00000000 c832_mscratch 0x00000013
core   0: 0x80002bb2 (0x00008cdd) c.or    s1, a5
core   0: 3 0x80002bb2 (0x8cdd) x 9 0x00000000
core   0: 0x80002bb4 (0x00006175) c.addi16sp sp, 368
core   0: 3 0x80002bb4 (0x6175) x 2 0x00000187
core   0: 0x80002bb6 (0x00008c39) c.xor   s0, a4
core   0: 3 0x80002bb6 (0x8c39) x 8 0xe2000001
core   0: 0x80002bb8 (0x03a1d433) divu    s0, gp, s10
core   0: 3 0x80002bb8 (0x03a1d433) x 8 0xffffffff
core   0: 0x80002bbc (0x0000a4b3) slt     s1, ra, zero
core   0: 3 0x80002bbc (0x0000a4b3) x 9 0x00000000
core   0: 0x80002bc0 (0x006a76b3) and     a3, s4, t1
core   0: 3 0x80002bc0 (0x006a76b3) x13 0x00000000
core   0: 0x80002bc4 (0x340ed0f3) csrrwi  ra, mscratch, 29
core   0: 3 0x80002bc4 (0x340ed0f3) x 1 0x00000013 c832_mscratch 0x0000001d
core   0: 0x80002bc8 (0x02661333) mulh    t1, a2, t1
core   0: 3 0x80002bc8 (0x02661333) x 6 0x00000000
core   0: 0x80002bcc (0x015659b3) srl     s3, a2, s5
core   0: 3 0x80002bcc (0x015659b3) x19 0x0000308b
core   0: 0x80002bd0 (0x00008cf9) c.and   s1, a4
core   0: 3 0x80002bd0 (0x8cf9) x 9 0x00000000
core   0: 0x80002bd2 (0x828ca097) auipc   ra, 0x828ca
core   0: 3 0x80002bd2 (0x828ca097) x 1 0x028ccbd2
core   0: 0x80002bd6 (0x34041673) csrrw   a2, mscratch, s0
core   0: 3 0x80002bd6 (0x34041673) x12 0x0000001d c832_mscratch 0xffffffff
core   0: 0x80002bda (0x00d460b3) or      ra, s0, a3
core   0: 3 0x80002bda (0x00d460b3) x 1 0xffffffff
core   0: 0x80002bde (0x00008e5d) c.or    a2, a5
core   0: 3 0x80002bde (0x8e5d) x12 0x0000001d
core   0: 0x80002be0 (0x34085773) csrrwi  a4, mscratch, 16
core   0: 3 0x80002be0 (0x34085773) x14 0xffffffff c832_mscratch 0x00000010
core   0: 0x80002be4 (0x0b154563) blt     a0, a7, pc + 170
core   0: 3 0x80002be4 (0x0b154563)
core   0: 0x80002be8 (0x01f39113) slli    sp, t2, 31
core   0: 3 0x80002be8 (0x01f39113) x 2 0x00000000
core   0: 0x80002bec (0x00001c88) c.addi4spn a0, sp, 624
core   0: 3 0x80002bec (0x1c88) x10 0x00000270
core   0: 0x80002bee (0x02d3e133) rem     sp, t2, a3
core   0: 3 0x80002bee (0x02d3e133) x 2 0x00000006
core   0: 0x80002bf2 (0x016e4a33) xor     s4, t3, s6
core   0: 3 0x80002bf2 (0x016e4a33) x20 0xffff8473
core   0: 0x80002bf6 (0x000099be) c.add   s3, a5
core   0: 3 0x80002bf6 (0x99be) x19 0x0000308b
core   0: 0x80002bf8 (0x08a06f63) bltu    zero, a0, pc + 158
core   0: 3 0x80002bf8 (0x08a06f63)
core   0: 0x80002c96 (0x00008c39) c.xor   s0, a4
core   0: 3 0x80002c96 (0x8c39) x 8 0x00000000
core   0: 0x80002c98 (0x340071f3) csrrci  gp, mscratch, 0
core   0: 3 0x80002c98 (0x340071f3) x 3 0x00000010
core   0: 0x80002c9c (0x00000505) c.addi  a0, 1
core   0: 3 0x80002c9c (0x0505) x10 0x00000271
core   0: 0x80002c9e (0x0000100f) fence.i
core   0: 3 0x80002c9e (0x0000100f)
core   0: 0x80002ca2 (0x9fe16917) auipc   s2, 0x9fe16
core   0: 3 0x80002ca2 (0x9fe16917) x18 0x1fe18ca2
core   0: 0x80002ca6 (0x00c52c33) slt     s8, a0, a2
core   0: 3 0x80002ca6 (0x00c52c33) x24 0x00000000
core   0: 0x80002caa (0x25276e93) ori     t4, a4, 594
core   0: 3 0x80002caa (0x25276e93) x29 0xffffffff
core   0: 0x80002cae (0x0000e095) c.bnez  s1, pc + 36
core   0: 3 0x80002cae (0xe095)
core   0: 0x80002cb0 (0x02bc1463) bne     s8, a1, pc + 40
core   0: 3 0x80002cb0 (0x02bc1463)
core   0: 0x80002cb4 (0x689fb493) sltiu   s1, t6, 1673
core   0: 3 0x80002cb4 (0x689fb493) x 9 0x00000000
core   0: 0x80002cb8 (0x0000997d) c.andi  a0, -1
core   0: 3 0x80002cb8 (0x997d) x10 0x00000271
core   0: 0x80002cba (0xe3d07493) andi    s1, zero, -451
core   0: 3 0x80002cba (0xe3d07493) x 9 0x00000000
core   0: 0x80002cbe (0x00000001) c.nop
core   0: 3 0x80002cbe (0x0001)
core   0: 0x80002cc0 (0x00008f1d) c.sub   a4, a5
core   0: 3 0x80002cc0 (0x8f1d) x14 0xffffffff
core   0: 0x80002cc2 (0x41cd04b3) sub     s1, s10, t3
core   0: 3 0x80002cc2 (0x41cd04b3) x 9 0x00007b8d
core   0: 0x80002cc6 (0x011c5e33) srl     t3, s8, a7
core   0: 3 0x80002cc6 (0x011c5e33) x28 0x00000000
core   0: 0x80002cca (0x0000100f) fence.i
core   0: 3 0x80002cca (0x0000100f)
core   0: 0x80002cce (0x000086bd) c.srai  a3, 15
core   0: 3 0x80002cce (0x86bd) x13 0x00000000
core   0: 0x80002cd0 (0x00008cf9) c.and   s1, a4
core   0: 3 0x80002cd0 (0x8cf9) x 9 0x00007b8d
core   0: 0x80002cd2 (0x03057f63) bgeu    a0, a6, pc + 62
core   0: 3 0x80002cd2 (0x03057f63)
core   0: 0x80002cd6 (0x00006149) c.addi16sp sp, 144
core   0: 3 0x80002cd6 (0x6149) x 2 0x00000096
core   0: 0x80002cd8 (0x00e49cb3) sll     s9, s1, a4
core   0: 3 0x80002cd8 (0x00e49cb3) x25 0x80000000
core   0: 0x80002cdc (0x03b795b3) mulh    a1, a5, s11
core   0: 3 0x80002cdc (0x03b795b3) x11 0x00000000
core   0: 0x80002ce0 (0x340ce7f3) csrrsi  a5, mscratch, 25
core   0: 3 0x80002ce0 (0x340ce7f3) x15 0x00000010 c832_mscratch 0x00000019
core   0: 0x80002ce4 (0x00000001) c.nop
core   0: 3 0x80002ce4 (0x0001)
core   0: 0x80002ce6 (0x00006905) c.lui   s2, 0x1
core   0: 3 0x80002ce6 (0x6905) x18 0x00001000
core   0: 0x80002ce8 (0x00000001) c.nop
core   0: 3 0x80002ce8 (0x0001)
core   0: 0x80002cea (0x34002873) csrr    a6, mscratch
core   0: 3 0x80002cea (0x34002873) x16 0x00000019
core   0: 0x80002cee (0x00c6ea33) or      s4, a3, a2
core   0: 3 0x80002cee (0x00c6ea33) x20 0x0000001d
core   0: 0x80002cf2 (0x994e6793) ori     a5, t3, -1644
core   0: 3 0x80002cf2 (0x994e6793) x15 0xfffff994
core   0: 0x80002cf6 (0x00c31863) bne     t1, a2, pc + 16
core   0: 3 0x80002cf6 (0x00c31863)
core   0: 0x80002d06 (0x000085b9) c.srai  a1, 14
core   0: 3 0x80002d06 (0x85b9) x11 0x00000000
core   0: 0x80002d08 (0x00c7cb33) xor     s6, a5, a2
core   0: 3 0x80002d08 (0x00c7cb33) x22 0xfffff989
core   0: 0x80002d0c (0x00328763) beq     t0, gp, pc + 14
core   0: 3 0x80002d0c (0x00328763)
core   0: 0x80002d10 (0x0ff0000f) fence   iorw,iorw
core   0: 3 0x80002d10 (0x0ff0000f)
core   0: 0x80002d14 (0x00001d14) c.addi4spn a3, sp, 688
core   0: 3 0x80002d14 (0x1d14) x13 0x00000346
core   0: 0x80002d16 (0x0665c163) blt     a1, t1, pc + 98
core   0: 3 0x80002d16 (0x0665c163)
core   0: 0x80002d1a (0x34007af3) csrrci  s5, mscratch, 0
core   0: 3 0x80002d1a (0x34007af3) x21 0x00000019
core   0: 0x80002d1e (0x00008d85) c.sub   a1, s1
core   0: 3 0x80002d1e (0x8d85) x11 0xffff8473
core   0: 0x80002d20 (0x000066c9) c.lui   a3, 0x12
core   0: 3 0x80002d20 (0x66c9) x13 0x00012000
core   0: 0x80002d22 (0x7ac70993) addi    s3, a4, 1964
core   0: 3 0x80002d22 (0x7ac70993) x19 0x000007ab
core   0: 0x80002d26 (0x34002273) csrr    tp, mscratch
core   0: 3 0x80002d26 (0x34002273) x 4 0x00000019
core   0: 0x80002d2a (0x01f7eab3) or      s5, a5, t6
core   0: 3 0x80002d2a (0x01f7eab3) x21 0xffffffff
core   0: 0x80002d2e (0x3405eef3) csrrsi  t4, mscratch, 11
core   0: 3 0x80002d2e (0x3405eef3) x29 0x00000019 c832_mscratch 0x0000001b
core   0: 0x80002d32 (0xfdca7d17) auipc   s10, 0xfdca7
core   0: 3 0x80002d32 (0xfdca7d17) x26 0x7dca9d32
core   0: 0x80002d36 (0x00c178b3) and     a7, sp, a2
core   0: 3 0x80002d36 (0x00c178b3) x17 0x00000014
core   0: 0x80002d3a (0x00a5b533) sltu    a0, a1, a0
core   0: 3 0x80002d3a (0x00a5b533) x10 0x00000000
core   0: 0x80002d3e (0x00008ed5) c.or    a3, a3
core   0: 3 0x80002d3e (0x8ed5) x13 0x00012000
core   0: 0x80002d40 (0x00008d09) c.sub   a0, a0
core   0: 3 0x80002d40 (0x8d09) x10 0x00000000
core   0: 0x80002d42 (0x00000001) c.nop
core   0: 3 0x80002d42 (0x0001)
core   0: 0x80002d44 (0x00008d81) c.sub   a1, s0
core   0: 3 0x80002d44 (0x8d81) x11 0xffff8473
core   0: 0x80002d46 (0x00000317) auipc   t1, 0x0
core   0: 3 0x80002d46 (0x00000317) x 6 0x80002d46
core   0: 0x80002d4a (0x0e830313) addi    t1, t1, 232
core   0: 3 0x80002d4a (0x0e830313) x 6 0x80002e2e
core   0: 0x80002d4e (0x00008809) c.andi  s0, 2
core   0: 3 0x80002d4e (0x8809) x 8 0x00000000
core   0: 0x80002d50 (0x08230313) addi    t1, t1, 130
core   0: 3 0x80002d50 (0x08230313) x 6 0x80002eb0
core   0: 0x80002d54 (0x01448db3) add     s11, s1, s4
core   0: 3 0x80002d54 (0x01448db3) x27 0x00007baa
core   0: 0x80002d58 (0xf7e30667) jalr    a2, t1, -130
core   0: 3 0x80002d58 (0xf7e30667) x12 0x80002d5c
core   0: 0x80002e2e (0x00008de9) c.and   a1, a0
core   0: 3 0x80002e2e (0x8de9) x11 0x00000000
core   0: 0x80002e30 (0x34065973) csrrwi  s2, mscratch, 12
core   0: 3 0x80002e30 (0x34065973) x18 0x0000001b c832_mscratch 0x0000000c
core   0: 0x80002e34 (0x02e9eb33) rem     s6, s3, a4
core   0: 3 0x80002e34 (0x02e9eb33) x22 0x00000000
core   0: 0x80002e38 (0x13bf8417) auipc   s0, 0x13bf8
core   0: 3 0x80002e38 (0x13bf8417) x 8 0x93bfae38
core   0: 0x80002e3c (0x41fed733) sra     a4, t4, t6
core   0: 3 0x80002e3c (0x41fed733) x14 0x00000000
core   0: 0x80002e40 (0x00001291) c.addi  t0, -28
core   0: 3 0x80002e40 (0x1291) x 5 0x80028e88
core   0: 0x80002e42 (0x00c2a223) sw      a2, 4(t0)
core   0: 3 0x80002e42 (0x00c2a223) mem 0x80028e8c 0x80002d5c
core   0: 0x80002e46 (0x31968c13) addi    s8, a3, 793
core   0: 3 0x80002e46 (0x31968c13) x24 0x00012319
core   0: 0x80002e4a (0xaa20ac13) slti    s8, ra, -1374
core   0: 3 0x80002e4a (0xaa20ac13) x24 0x00000000
core   0: 0x80002e4e (0x340935f3) csrrc   a1, mscratch, s2
core   0: 3 0x80002e4e (0x340935f3) x11 0x0000000c c832_mscratch 0x00000004
core   0: 0x80002e52 (0x00000dce) c.slli  s11, 19
core   0: 3 0x80002e52 (0x0dce) x27 0xdd500000
core   0: 0x80002e54 (0x008eb6b3) sltu    a3, t4, s0
core   0: 3 0x80002e54 (0x008eb6b3) x13 0x00000001
core   0: 0x80002e58 (0x00005617) auipc   a2, 0x5
core   0: 3 0x80002e58 (0x00005617) x12 0x80007e58
core   0: 0x80002e5c (0xf0a60613) addi    a2, a2, -246
core   0: 3 0x80002e5c (0xf0a60613) x12 0x80007d62
core   0: 0x80002e60 (0x00008ea9) c.xor   a3, a0
core   0: 3 0x80002e60 (0x8ea9) x13 0x00000001
core   0: 0x80002e62 (0x00001c88) c.addi4spn a0, sp, 624
core   0: 3 0x80002e62 (0x1c88) x10 0x00000306
core   0: 0x80002e64 (0x03667a33) remu    s4, a2, s6
core   0: 3 0x80002e64 (0x03667a33) x20 0x80007d62
core   0: 0x80002e68 (0xf7160613) addi    a2, a2, -143
core   0: 3 0x80002e68 (0xf7160613) x12 0x80007cd3
core   0: 0x80002e6c (0x4a7f8413) addi    s0, t6, 1191
core   0: 3 0x80002e6c (0x4a7f8413) x 8 0x000004a6
core   0: 0x80002e70 (0x02280233) mul     tp, a6, sp
core   0: 3 0x80002e70 (0x02280233) x 4 0x00000ea6
core   0: 0x80002e74 (0x016b8363) beq     s7, s6, pc + 6
core   0: 3 0x80002e74 (0x016b8363)
core   0: 0x80002e78 (0x00000001) c.nop
core   0: 3 0x80002e78 (0x0001)
core   0: 0x80002e7a (0x09060667) jalr    a2, a2, 144
core   0: 3 0x80002e7a (0x09060667) x12 0x80002e7e
core   0: 0x80007d62 (0x01f536b3) sltu    a3, a0, t6
core   0: 3 0x80007d62 (0x01f536b3) x13 0x00000001
core   0: 0x80007d66 (0x41385913) srai    s2, a6, 19
core   0: 3 0x80007d66 (0x41385913) x18 0x00000000
core   0: 0x80007d6a (0x00429863) bne     t0, tp, pc + 16
core   0: 3 0x80007d6a (0x00429863)
core   0: 0x80007d7a (0x000012a1) c.addi  t0, -24
core   0: 3 0x80007d7a (0x12a1) x 5 0x80028e70
core   0: 0x80007d7c (0x037bbeb3) mulhu   t4, s7, s7
core   0: 3 0x80007d7c (0x037bbeb3) x29 0x00000000
core   0: 0x80007d80 (0x0227f0b3) remu    ra, a5, sp
core   0: 3 0x80007d80 (0x0227f0b3) x 1 0x00000034
core   0: 0x80007d84 (0x0280a6b3) mulhsu  a3, ra, s0
core   0: 3 0x80007d84 (0x0280a6b3) x13 0x00000000
core   0: 0x80007d88 (0x0013cd33) xor     s10, t2, ra
core   0: 3 0x80007d88 (0x0013cd33) x26 0x00000032
core   0: 0x80007d8c (0x00c2a223) sw      a2, 4(t0)
core   0: 3 0x80007d8c (0x00c2a223) mem 0x80028e74 0x80002e7e
core   0: 0x80007d90 (0x00008422) c.mv    s0, s0
core   0: 3 0x80007d90 (0x8422) x 8 0x000004a6
core   0: 0x80007d92 (0x00012497) auipc   s1, 0x12
core   0: 3 0x80007d92 (0x00012497) x 9 0x80019d92
core   0: 0x80007d96 (0xee348493) addi    s1, s1, -285
core   0: 3 0x80007d96 (0xee348493) x 9 0x80019c75
core   0: 0x80007d9a (0x0000cf97) auipc   t6, 0xc
core   0: 3 0x80007d9a (0x0000cf97) x31 0x80013d9a
core   0: 0x80007d9e (0x82af8f93) addi    t6, t6, -2006
core   0: 3 0x80007d9e (0x82af8f93) x31 0x800135c4
core   0: 0x80007da2 (0xf7c480a3) sb      t3, -159(s1)
core   0: 3 0x80007da2 (0xf7c480a3) mem 0x80019bd6 0x0
core   0: 0x80007da6 (0x0dcfac23) sw      t3, 216(t6)
core   0: 3 0x80007da6 (0x0dcfac23) mem 0x8001369c 0x00000000
core   0: 0x80007daa (0xfe0f9d23) sh      zero, -6(t6)
core   0: 3 0x80007daa (0xfe0f9d23) mem 0x800135be 0x0000
core   0: 0x80007dae (0xff248503) lb      a0, -14(s1)
core   0: 3 0x80007dae (0xff248503) x10 0xfffffff2 mem 0x80019c67
core   0: 0x80007db2 (0xf49f9023) sh      s1, -192(t6)
core   0: 3 0x80007db2 (0xf49f9023) mem 0x80013504 0x9c75
core   0: 0x80007db6 (0x0674c183) lbu     gp, 103(s1)
core   0: 3 0x80007db6 (0x0674c183) x 3 0x00000028 mem 0x80019cdc
core   0: 0x80007dba (0x02af8403) lb      s0, 42(t6)
core   0: 3 0x80007dba (0x02af8403) x 8 0x00000023 mem 0x800135ee
core   0: 0x80007dbe (0x0f5f8583) lb      a1, 245(t6)
core   0: 3 0x80007dbe (0x0f5f8583) x11 0x00000060 mem 0x800136b9
core   0: 0x80007dc2 (0xf01fc703) lbu     a4, -255(t6)
core   0: 3 0x80007dc2 (0xf01fc703) x14 0x0000001d mem 0x800134c5
core   0: 0x80007dc6 (0x0d748623) sb      s7, 204(s1)
core   0: 3 0x80007dc6 (0x0d748623) mem 0x80019d41 0x11
core   0: 0x80007dca (0x055f8883) lb      a7, 85(t6)
core   0: 3 0x80007dca (0x055f8883) x17 0xffffffa7 mem 0x80013619
core   0: 0x80007dce (0x07a48d83) lb      s11, 122(s1)
core   0: 3 0x80007dce (0x07a48d83) x27 0x00000014 mem 0x80019cef
core   0: 0x80007dd2 (0xff2f9703) lh      a4, -14(t6)
core   0: 3 0x80007dd2 (0xff2f9703) x14 0xffffa865 mem 0x800135b6
core   0: 0x80007dd6 (0x00018e17) auipc   t3, 0x18
core   0: 3 0x80007dd6 (0x00018e17) x28 0x8001fdd6
core   0: 0x80007dda (0x3c4e0e13) addi    t3, t3, 964
core   0: 3 0x80007dda (0x3c4e0e13) x28 0x8002019a
core   0: 0x80007dde (0x4fa77f93) andi    t6, a4, 1274
core   0: 3 0x80007dde (0x4fa77f93) x31 0x00000060
core   0: 0x80007de2 (0xf02e0083) lb      ra, -254(t3)
core   0: 3 0x80007de2 (0xf02e0083) x 1 0x00000011 mem 0x8002009c
core   0: 0x80007de6 (0xf14e0623) sb      s4, -244(t3)
core   0: 3 0x80007de6 (0xf14e0623) mem 0x800200a6 0x62
core   0: 0x80007dea (0x1bce5583) lhu     a1, 444(t3)
core   0: 3 0x80007dea (0x1bce5583) x11 0x00003c5d mem 0x80020356
core   0: 0x80007dee (0x979e1c23) sh      s9, -1672(t3)
core   0: 3 0x80007dee (0x979e1c23) mem 0x8001fb12 0x0000
core   0: 0x80007df2 (0x000096f6) c.add   a3, t4
core   0: 3 0x80007df2 (0x96f6) x13 0x00000000
core   0: 0x80007df4 (0x493e4083) lbu     ra, 1171(t3)
core   0: 3 0x80007df4 (0x493e4083) x 1 0x00000068 mem 0x8002062d
core   0: 0x80007df8 (0x82a2cb13) xori    s6, t0, -2006
core   0: 3 0x80007df8 (0x82a2cb13) x22 0x7ffd765a
core   0: 0x80007dfc (0x340eb173) csrrc   sp, mscratch, t4
core   0: 3 0x80007dfc (0x340eb173) x 2 0x00000004 c832_mscratch 0x00000004
core   0: 0x80007e00 (0x340bda73) csrrwi  s4, mscratch, 23
core   0: 3 0x80007e00 (0x340bda73) x20 0x00000004 c832_mscratch 0x00000017
core   0: 0x80007e04 (0xd55bbd93) sltiu   s11, s7, -683
core   0: 3 0x80007e04 (0xd55bbd93) x27 0x00000001
core   0: 0x80007e08 (0x0c5e4483) lbu     s1, 197(t3)
core   0: 3 0x80007e08 (0x0c5e4483) x 9 0x000000e2 mem 0x8002025f
core   0: 0x80007e0c (0xde9e0623) sb      s1, -532(t3)
core   0: 3 0x80007e0c (0xde9e0623) mem 0x8001ff86 0xe2
core   0: 0x80007e10 (0xa89e09a3) sb      s1, -1389(t3)
core   0: 3 0x80007e10 (0xa89e09a3) mem 0x8001fc2d 0xe2
core   0: 0x80007e14 (0xdc8e0a23) sb      s0, -556(t3)
core   0: 3 0x80007e14 (0xdc8e0a23) mem 0x8001ff6e 0x23
core   0: 0x80007e18 (0x00000001) c.nop
core   0: 3 0x80007e18 (0x0001)
core   0: 0x80007e1a (0x5f3e4b03) lbu     s6, 1523(t3)
core   0: 3 0x80007e1a (0x5f3e4b03) x22 0x000000ef mem 0x8002078d
core   0: 0x80007e1e (0xfabe0003) lb      zero, -85(t3)
core   0: 3 0x80007e1e (0xfabe0003) mem 0x80020145
core   0: 0x80007e22 (0xb13e0a03) lb      s4, -1261(t3)
core   0: 3 0x80007e22 (0xb13e0a03) x20 0x00000014 mem 0x8001fcad
core   0: 0x80007e26 (0x591e4203) lbu     tp, 1425(t3)
core   0: 3 0x80007e26 (0x591e4203) x 4 0x00000025 mem 0x8002072b
core   0: 0x80007e2a (0x0000094a) c.slli  s2, 18
core   0: 3 0x80007e2a (0x094a) x18 0x00000000
core   0: 0x80007e2c (0xd24e08a3) sb      tp, -719(t3)
core   0: 3 0x80007e2c (0xd24e08a3) mem 0x8001fecb 0x25
core   0: 0x80007e30 (0x033684b3) mul     s1, a3, s3
core   0: 3 0x80007e30 (0x033684b3) x 9 0x00000000
core   0: 0x80007e34 (0xea7e4d83) lbu     s11, -345(t3)
core   0: 3 0x80007e34 (0xea7e4d83) x27 0x0000006d mem 0x80020041
core   0: 0x80007e38 (0xb9de4d83) lbu     s11, -1123(t3)
core   0: 3 0x80007e38 (0xb9de4d83) x27 0x0000000a mem 0x8001fd37
core   0: 0x80007e3c (0xcb4e1003) lh      zero, -844(t3)
core   0: 3 0x80007e3c (0xcb4e1003) mem 0x8001fe4e
core   0: 0x80007e40 (0x682e1123) sh      sp, 1666(t3)
core   0: 3 0x80007e40 (0x682e1123) mem 0x8002081c 0x0004
core   0: 0x80007e44 (0x322e1883) lh      a7, 802(t3)
core   0: 3 0x80007e44 (0x322e1883) x17 0x000003b0 mem 0x800204bc
core   0: 0x80007e48 (0x4011d693) srai    a3, gp, 1
core   0: 3 0x80007e48 (0x4011d693) x13 0x00000014
core   0: 0x80007e4c (0x41095c33) sra     s8, s2, a6
core   0: 3 0x80007e4c (0x41095c33) x24 0x00000000
core   0: 0x80007e50 (0xa29e0a83) lb      s5, -1495(t3)
core   0: 3 0x80007e50 (0xa29e0a83) x21 0x00000058 mem 0x8001fbc3
core   0: 0x80007e54 (0x00d2eb33) or      s6, t0, a3
core   0: 3 0x80007e54 (0x00d2eb33) x22 0x80028e74
core   0: 0x80007e58 (0x019e51b3) srl     gp, t3, s9
core   0: 3 0x80007e58 (0x019e51b3) x 3 0x8002019a
core   0: 0x80007e5c (0xfe7e4a03) lbu     s4, -25(t3)
core   0: 3 0x80007e5c (0xfe7e4a03) x20 0x00000088 mem 0x80020181
core   0: 0x80007e60 (0xbd4e5683) lhu     a3, -1068(t3)
core   0: 3 0x80007e60 (0xbd4e5683) x13 0x0000ccd7 mem 0x8001fd6e
core   0: 0x80007e64 (0x00008ea9) c.xor   a3, a0
core   0: 3 0x80007e64 (0x8ea9) x13 0xffff3325
core   0: 0x80007e66 (0x00000cae) c.slli  s9, 11
core   0: 3 0x80007e66 (0x0cae) x25 0x00000000
core   0: 0x80007e68 (0xd1ce5c83) lhu     s9, -740(t3)
core   0: 3 0x80007e68 (0xd1ce5c83) x25 0x00008276 mem 0x8001feb6
core   0: 0x80007e6c (0xafee04a3) sb      t5, -1303(t3)
core   0: 3 0x80007e6c (0xafee04a3) mem 0x8001fc83 0x24
core   0: 0x80007e70 (0xcc0e4603) lbu     a2, -832(t3)
core   0: 3 0x80007e70 (0xcc0e4603) x12 0x00000012 mem 0x8001fe5a
core   0: 0x80007e74 (0x370e1c03) lh      s8, 880(t3)
core   0: 3 0x80007e74 (0x370e1c03) x24 0xffffcc06 mem 0x8002050a
core   0: 0x80007e78 (0x22ce4903) lbu     s2, 556(t3)
core   0: 3 0x80007e78 (0x22ce4903) x18 0x000000e8 mem 0x800203c6
core   0: 0x80007e7c (0x00000700) c.addi4spn s0, sp, 896
core   0: 3 0x80007e7c (0x0700) x 8 0x00000384
core   0: 0x80007e7e (0x1bde1f23) sh      t4, 446(t3)
core   0: 3 0x80007e7e (0x1bde1f23) mem 0x80020358 0x0000
core   0: 0x80007e82 (0xa72e4503) lbu     a0, -1422(t3)
core   0: 3 0x80007e82 (0xa72e4503) x10 0x00000094 mem 0x8001fc0c
core   0: 0x80007e86 (0x01ddb5b3) sltu    a1, s11, t4
core   0: 3 0x80007e86 (0x01ddb5b3) x11 0x00000000
core   0: 0x80007e8a (0x00000cea) c.slli  s9, 26
core   0: 3 0x80007e8a (0x0cea) x25 0xd8000000
core   0: 0x80007e8c (0x01399c13) slli    s8, s3, 19
core   0: 3 0x80007e8c (0x01399c13) x24 0x3d580000
core   0: 0x80007e90 (0x004241b3) xor     gp, tp, tp
core   0: 3 0x80007e90 (0x004241b3) x 3 0x00000000
core   0: 0x80007e94 (0x00d7da93) srli    s5, a5, 13
core   0: 3 0x80007e94 (0x00d7da93) x21 0x0007ffff
core   0: 0x80007e98 (0xc5b52413) slti    s0, a0, -933
core   0: 3 0x80007e98 (0xc5b52413) x 8 0x00000000
core   0: 0x80007e9c (0x00000498) c.addi4spn a4, sp, 576
core   0: 3 0x80007e9c (0x0498) x14 0x00000244
core   0: 0x80007e9e (0x01139413) slli    s0, t2, 17
core   0: 3 0x80007e9e (0x01139413) x 8 0x000c0000
core   0: 0x80007ea2 (0xdf3e06a3) sb      s3, -531(t3)
core   0: 3 0x80007ea2 (0xdf3e06a3) mem 0x8001ff87 0xab
core   0: 0x80007ea6 (0x0001c997) auipc   s3, 0x1c
core   0: 3 0x80007ea6 (0x0001c997) x19 0x80023ea6
core   0: 0x80007eaa (0x1b698993) addi    s3, s3, 438
core   0: 3 0x80007eaa (0x1b698993) x19 0x8002405c
core   0: 0x80007eae (0x1009a02f) lr.w    zero, (s3)
core   0: 3 0x80007eae (0x1009a02f) mem 0x8002405c
core   0: 0x80007eb2 (0x00008b16) c.mv    s6, t0
core   0: 3 0x80007eb2 (0x8b16) x22 0x80028e70
core   0: 0x80007eb4 (0x8d3d8d13) addi    s10, s11, -1837
core   0: 3 0x80007eb4 (0x8d3d8d13) x26 0xfffff8dd
core   0: 0x80007eb8 (0xadbce413) ori     s0, s9, -1317
core   0: 3 0x80007eb8 (0xadbce413) x 8 0xfffffadb
core   0: 0x80007ebc (0x000068d9) c.lui   a7, 0x16
core   0: 3 0x80007ebc (0x68d9) x17 0x00016000
core   0: 0x80007ebe (0xdeb16a93) ori     s5, sp, -533
core   0: 3 0x80007ebe (0xdeb16a93) x21 0xfffffdef
core   0: 0x80007ec2 (0x0173d333) srl     t1, t2, s7
core   0: 3 0x80007ec2 (0x0173d333) x 6 0x00000000
core   0: 0x80007ec6 (0x3406d173) csrrwi  sp, mscratch, 13
core   0: 3 0x80007ec6 (0x3406d173) x 2 0x00000017 c832_mscratch 0x0000000d
core   0: 0x80007eca (0x00004b11) c.li    s6, 4
core   0: 3 0x80007eca (0x4b11) x22 0x00000004
core   0: 0x80007ecc (0x1ad9a62f) sc.w    a2, a3, (s3)
core   0: 3 0x80007ecc (0x1ad9a62f) x12 0x00000000 mem 0x8002405c 0xffff3325
core   0: 0x80007ed0 (0x0001c317) auipc   t1, 0x1c
core   0: 3 0x80007ed0 (0x0001c317) x 6 0x80023ed0
core   0: 0x80007ed4 (0x19c30313) addi    t1, t1, 412
core   0: 3 0x80007ed4 (0x19c30313) x 6 0x8002406c
core   0: 0x80007ed8 (0x0001c617) auipc   a2, 0x1c
core   0: 3 0x80007ed8 (0x0001c617) x12 0x80023ed8
core   0: 0x80007edc (0x17860613) addi    a2, a2, 376
core   0: 3 0x80007edc (0x17860613) x12 0x80024050
core   0: 0x80007ee0 (0x0cb6242f) amoswap.w s0, a1, (a2)
core   0: 3 0x80007ee0 (0x0cb6242f) x 8 0x80024064 mem 0x80024050 mem 0x80024050 0x00000000
core   0: 0x80007ee4 (0x09d3252f) amoswap.w a0, t4, (t1)
core   0: 3 0x80007ee4 (0x09d3252f) x10 0x8002404c mem 0x8002406c mem 0x8002406c 0x00000000
core   0: 0x80007ee8 (0xd58f0793) addi    a5, t5, -680
core   0: 3 0x80007ee8 (0xd58f0793) x15 0x8002ca7c
core   0: 0x80007eec (0x02e10d33) mul     s10, sp, a4
core   0: 3 0x80007eec (0x02e10d33) x26 0x0000341c
core   0: 0x80007ef0 (0x004178b3) and     a7, sp, tp
core   0: 3 0x80007ef0 (0x004178b3) x17 0x00000005
core   0: 0x80007ef4 (0xa1c3202f) amomax.w zero, t3, (t1)
core   0: 3 0x80007ef4 (0xa1c3202f) mem 0x8002406c mem 0x8002406c 0x00000000
core   0: 0x80007ef8 (0x0001c097) auipc   ra, 0x1c
core   0: 3 0x80007ef8 (0x0001c097) x 1 0x80023ef8
core   0: 0x80007efc (0x16808093) addi    ra, ra, 360
core   0: 3 0x80007efc (0x16808093) x 1 0x80024060
core   0: 0x80007f00 (0x8490a12f) amomin.w sp, s1, (ra)
core   0: 3 0x80007f00 (0x8490a12f) x 2 0x006623e6 mem 0x80024060 mem 0x80024060 0x00000000
core   0: 0x80007f04 (0x00b61f93) slli    t6, a2, 11
core   0: 3 0x80007f04 (0x00b61f93) x31 0x12028000
core   0: 0x80007f08 (0x41e0a8af) amoor.w a7, t5, (ra)
core   0: 3 0x80007f08 (0x41e0a8af) x17 0x00000000 mem 0x80024060 mem 0x80024060 0x8002cd24
core   0: 0x80007f0c (0xa040aaaf) amomax.w s5, tp, (ra)
core   0: 3 0x80007f0c (0xa040aaaf) x21 0x8002cd24 mem 0x80024060 mem 0x80024060 0x00000025
core   0: 0x80007f10 (0x40f0a32f) amoor.w t1, a5, (ra)
core   0: 3 0x80007f10 (0x40f0a32f) x 6 0x00000025 mem 0x80024060 mem 0x80024060 0x8002ca7d
core   0: 0x80007f14 (0x0001cd17) auipc   s10, 0x1c
core   0: 3 0x80007f14 (0x0001cd17) x26 0x80023f14
core   0: 0x80007f18 (0x13cd0d13) addi    s10, s10, 316
core   0: 3 0x80007f18 (0x13cd0d13) x26 0x80024050
core   0: 0x80007f1c (0x340639f3) csrrc   s3, mscratch, a2
core   0: 3 0x80007f1c (0x340639f3) x19 0x0000000d c832_mscratch 0x0000000d
core   0: 0x80007f20 (0x00000001) c.nop
core   0: 3 0x80007f20 (0x0001)
core   0: 0x80007f22 (0x007ce333) or      t1, s9, t2
core   0: 3 0x80007f22 (0x007ce333) x 6 0xd8000006
core   0: 0x80007f26 (0x000099e2) c.add   s3, s8
core   0: 3 0x80007f26 (0x99e2) x19 0x3d58000d
core   0: 0x80007f28 (0x34002373) csrr    t1, mscratch
core   0: 3 0x80007f28 (0x34002373) x 6 0x0000000d
core   0: 0x80007f2c (0x00000eaa) c.slli  t4, 10
core   0: 3 0x80007f2c (0x0eaa) x29 0x00000000
core   0: 0x80007f2e (0x00008f35) c.xor   a4, a3
core   0: 3 0x80007f2e (0x8f35) x14 0xffff3161
core   0: 0x80007f30 (0x00008ce9) c.and   s1, a0
core   0: 3 0x80007f30 (0x8ce9) x 9 0x00000000
core   0: 0x80007f32 (0x340ade73) csrrwi  t3, mscratch, 21
core   0: 3 0x80007f32 (0x340ade73) x28 0x0000000d c832_mscratch 0x00000015
core   0: 0x80007f36 (0x00008e15) c.sub   a2, a3
core   0: 3 0x80007f36 (0x8e15) x12 0x80030d2b
core   0: 0x80007f38 (0x34006c73) csrrsi  s8, mscratch, 0
core   0: 3 0x80007f38 (0x34006c73) x24 0x00000015
core   0: 0x80007f3c (0x34007df3) csrrci  s11, mscratch, 0
core   0: 3 0x80007f3c (0x34007df3) x27 0x00000015
core   0: 0x80007f40 (0x340ef373) csrrci  t1, mscratch, 29
core   0: 3 0x80007f40 (0x340ef373) x 6 0x00000015 c832_mscratch 0x00000000
core   0: 0x80007f44 (0x140d282f) lr.w    a6, (s10)
core   0: 3 0x80007f44 (0x140d282f) x16 0x00000000 mem 0x80024050
core   0: 0x80007f48 (0x032fb233) mulhu   tp, t6, s2
core   0: 3 0x80007f48 (0x032fb233) x 4 0x00000010
core   0: 0x80007f4c (0x030aa133) mulhsu  sp, s5, a6
core   0: 3 0x80007f4c (0x030aa133) x 2 0x00000000
core   0: 0x80007f50 (0x194d28af) sc.w    a7, s4, (s10)
core   0: 3 0x80007f50 (0x194d28af) x17 0x00000000 mem 0x80024050 0x00000088
core   0: 0x80007f54 (0x0000fd17) auipc   s10, 0xf
core   0: 3 0x80007f54 (0x0000fd17) x26 0x80016f54
core   0: 0x80007f58 (0xccdd0d13) addi    s10, s10, -819
core   0: 3 0x80007f58 (0xccdd0d13) x26 0x80016c21
core   0: 0x80007f5c (0x00014217) auipc   tp, 0x14
core   0: 3 0x80007f5c (0x00014217) x 4 0x8001bf5c
core   0: 0x80007f60 (0x00120213) addi    tp, tp, 1
core   0: 3 0x80007f60 (0x00120213) x 4 0x8001bf5d
core   0: 0x80007f64 (0x00014897) auipc   a7, 0x14
core   0: 3 0x80007f64 (0x00014897) x17 0x8001bf64
core   0: 0x80007f68 (0x7b088893) addi    a7, a7, 1968
core   0: 3 0x80007f68 (0x7b088893) x17 0x8001c714
core   0: 0x80007f6c (0x00017f97) auipc   t6, 0x17
core   0: 3 0x80007f6c (0x00017f97) x31 0x8001ef6c
core   0: 0x80007f70 (0x708f8f93) addi    t6, t6, 1800
core   0: 3 0x80007f70 (0x708f8f93) x31 0x8001f674
core   0: 0x80007f74 (0xffe24b83) lbu     s7, -2(tp)
core   0: 3 0x80007f74 (0xffe24b83) x23 0x00000035 mem 0x8001bf5b
core   0: 0x80007f78 (0x0001ca17) auipc   s4, 0x1c
core   0: 3 0x80007f78 (0x0001ca17) x20 0x80023f78
core   0: 0x80007f7c (0xd97a0a13) addi    s4, s4, -617
core   0: 3 0x80007f7c (0xd97a0a13) x20 0x80023d0f
core   0: 0x80007f80 (0xff920103) lb      sp, -7(tp)
core   0: 3 0x80007f80 (0xff920103) x 2 0xffffff8e mem 0x8001bf56
core   0: 0x80007f84 (0xfb2d4c83) lbu     s9, -78(s10)
core   0: 3 0x80007f84 (0xfb2d4c83) x25 0x00000061 mem 0x80016bd3
core   0: 0x80007f88 (0x07c8ac83) lw      s9, 124(a7)
core   0: 3 0x80007f88 (0x07c8ac83) x25 0x71b1aea3 mem 0x8001c790
core   0: 0x80007f8c (0xff720503) lb      a0, -9(tp)
core   0: 3 0x80007f8c (0xff720503) x10 0x00000071 mem 0x8001bf54
core   0: 0x80007f90 (0xffdd18a3) sh      t4, -15(s10)
core   0: 3 0x80007f90 (0xffdd18a3) mem 0x80016c12 0x0000
core   0: 0x80007f94 (0xf3a8dc03) lhu     s8, -198(a7)
core   0: 3 0x80007f94 (0xf3a8dc03) x24 0x0000b621 mem 0x8001c64e
core   0: 0x80007f98 (0xfafd4403) lbu     s0, -81(s10)
core   0: 3 0x80007f98 (0xfafd4403) x 8 0x000000b9 mem 0x80016bd0
core   0: 0x80007f9c (0x0588a003) lw      zero, 88(a7)
core   0: 3 0x80007f9c (0x0588a003) mem 0x8001c76c
core   0: 0x80007fa0 (0xf53d4903) lbu     s2, -173(s10)
core   0: 3 0x80007fa0 (0xf53d4903) x18 0x00000007 mem 0x80016b74
core   0: 0x80007fa4 (0x00624483) lbu     s1, 6(tp)
core   0: 3 0x80007fa4 (0x00624483) x 9 0x00000070 mem 0x8001bf63
core   0: 0x80007fa8 (0x00d24e03) lbu     t3, 13(tp)
core   0: 3 0x80007fa8 (0x00d24e03) x28 0x000000d4 mem 0x8001bf6a
core   0: 0x80007fac (0xf2088ba3) sb      zero, -201(a7)
core   0: 3 0x80007fac (0xf2088ba3) mem 0x8001c64b 0x0
core   0: 0x80007fb0 (0xfdffc503) lbu     a0, -33(t6)
core   0: 3 0x80007fb0 (0xfdffc503) x10 0x000000f2 mem 0x8001f653
core   0: 0x80007fb4 (0xf4ffc703) lbu     a4, -177(t6)
core   0: 3 0x80007fb4 (0xf4ffc703) x14 0x000000dd mem 0x8001f5c3
core   0: 0x80007fb8 (0x1aca0403) lb      s0, 428(s4)
core   0: 3 0x80007fb8 (0x1aca0403) x 8 0x00000076 mem 0x80023ebb
core   0: 0x80007fbc (0xf63f89a3) sb      gp, -141(t6)
core   0: 3 0x80007fbc (0xf63f89a3) mem 0x8001f5e7 0x0
core   0: 0x80007fc0 (0xf2a88523) sb      a0, -214(a7)
core   0: 3 0x80007fc0 (0xf2a88523) mem 0x8001c63e 0xf2
core   0: 0x80007fc4 (0x00820003) lb      zero, 8(tp)
core   0: 3 0x80007fc4 (0x00820003) mem 0x8001bf65
core   0: 0x80007fc8 (0xf54d0323) sb      s4, -186(s10)
core   0: 3 0x80007fc8 (0xf54d0323) mem 0x80016b67 0xf
core   0: 0x80007fcc (0xf48d0303) lb      t1, -184(s10)
core   0: 3 0x80007fcc (0xf48d0303) x 6 0xffffffcb mem 0x80016b69
core   0: 0x80007fd0 (0xe23a12a3) sh      gp, -475(s4)
core   0: 3 0x80007fd0 (0xe23a12a3) mem 0x80023b34 0x0000
core   0: 0x80007fd4 (0x00df8f23) sb      a3, 30(t6)
core   0: 3 0x80007fd4 (0x00df8f23) mem 0x8001f692 0x25
core   0: 0x80007fd8 (0x304a0e83) lb      t4, 772(s4)
core   0: 3 0x80007fd8 (0x304a0e83) x29 0xffffffb5 mem 0x80024013
core   0: 0x80007fdc (0x0e4f9723) sh      tp, 238(t6)
core   0: 3 0x80007fdc (0x0e4f9723) mem 0x8001f762 0xbf5d
core   0: 0x80007fe0 (0xfa788c03) lb      s8, -89(a7)
core   0: 3 0x80007fe0 (0xfa788c03) x24 0xffffff9f mem 0x8001c6bb
core   0: 0x80007fe4 (0x018a4403) lbu     s0, 24(s4)
core   0: 3 0x80007fe4 (0x018a4403) x 8 0x000000f3 mem 0x80023d27
core   0: 0x80007fe8 (0xf4c8da83) lhu     s5, -180(a7)
core   0: 3 0x80007fe8 (0xf4c8da83) x21 0x00007824 mem 0x8001c660
core   0: 0x80007fec (0x94ca0023) sb      a2, -1728(s4)
core   0: 3 0x80007fec (0x94ca0023) mem 0x8002364f 0x2b
core   0: 0x80007ff0 (0xffa20783) lb      a5, -6(tp)
core   0: 3 0x80007ff0 (0xffa20783) x15 0xffffffaf mem 0x8001bf57
core   0: 0x80007ff4 (0xf80d0783) lb      a5, -128(s10)
core   0: 3 0x80007ff4 (0xf80d0783) x15 0xffffffa2 mem 0x80016ba1
core   0: 0x80007ff8 (0xff520483) lb      s1, -11(tp)
core   0: 3 0x80007ff8 (0xff520483) x 9 0xffffffe1 mem 0x8001bf52
core   0: 0x80007ffc (0xf27d18a3) sh      t2, -207(s10)
core   0: 3 0x80007ffc (0xf27d18a3) mem 0x80016b52 0x0006
core   0: 0x80008000 (0xf8b89023) sh      a1, -128(a7)
core   0: 3 0x80008000 (0xf8b89023) mem 0x8001c694 0x0000
core   0: 0x80008004 (0xfbf8c483) lbu     s1, -65(a7)
core   0: 3 0x80008004 (0xfbf8c483) x 9 0x00000016 mem 0x8001c6d3
core   0: 0x80008008 (0x90aa01a3) sb      a0, -1789(s4)
core   0: 3 0x80008008 (0x90aa01a3) mem 0x80023612 0xf2
core   0: 0x8000800c (0xb30a0603) lb      a2, -1232(s4)
core   0: 3 0x8000800c (0xb30a0603) x12 0xffffff98 mem 0x8002383f
core   0: 0x80008010 (0x01c0066f) jal     a2, pc + 0x1c
core   0: 3 0x80008010 (0x01c0066f) x12 0x80008014
core   0: 0x8000802c (0x00003fe5) c.jal   pc - 8
core   0: 3 0x8000802c (0x3fe5) x 1 0x8000802e
core   0: 0x80008024 (0x0000bfd5) c.j     pc - 12
core   0: 3 0x80008024 (0xbfd5)
core   0: 0x80008018 (0x00002039) c.jal   pc + 14
core   0: 3 0x80008018 (0x2039) x 1 0x8000801a
core   0: 0x80008026 (0x00003fd5) c.jal   pc - 12
core   0: 3 0x80008026 (0x3fd5) x 1 0x80008028
core   0: 0x8000801a (0xffdffeef) jal     t4, pc - 0x4
core   0: 3 0x8000801a (0xffdffeef) x29 0x8000801e
core   0: 0x80008016 (0x0000a809) c.j     pc + 18
core   0: 3 0x80008016 (0xa809)
core   0: 0x80008028 (0x006001ef) jal     gp, pc + 0x6
core   0: 3 0x80008028 (0x006001ef) x 3 0x8000802c
core   0: 0x8000802e (0x00003fd5) c.jal   pc - 12
core   0: 3 0x8000802e (0x3fd5) x 1 0x80008030
core   0: 0x80008022 (0x0000bfcd) c.j     pc - 14
core   0: 3 0x80008022 (0xbfcd)
core   0: 0x80008014 (0x00002029) c.jal   pc + 10
core   0: 3 0x80008014 (0x2029) x 1 0x80008016
core   0: 0x8000801e (0x00002009) c.jal   pc + 2
core   0: 3 0x8000801e (0x2009) x 1 0x80008020
core   0: 0x80008020 (0x0000a801) c.j     pc + 16
core   0: 3 0x80008020 (0xa801)
core   0: 0x80008030 (0x00002009) c.jal   pc + 2
core   0: 3 0x80008030 (0x2009) x 1 0x80008032
core   0: 0x80008032 (0x018bcb33) xor     s6, s7, s8
core   0: 3 0x80008032 (0x018bcb33) x22 0xffffffaa
core   0: 0x80008036 (0x0000d797) auipc   a5, 0xd
core   0: 3 0x80008036 (0x0000d797) x15 0x80015036
core   0: 0x8000803a (0x68b78793) addi    a5, a5, 1675
core   0: 3 0x8000803a (0x68b78793) x15 0x800156c1
core   0: 0x8000803e (0x0ed78403) lb      s0, 237(a5)
core   0: 3 0x8000803e (0x0ed78403) x 8 0x0000007f mem 0x800157ae
core   0: 0x80008042 (0x00008779) c.srai  a4, 30
core   0: 3 0x80008042 (0x8779) x14 0x00000000
core   0: 0x80008044 (0x0bf78703) lb      a4, 191(a5)
core   0: 3 0x80008044 (0x0bf78703) x14 0xffffffd0 mem 0x80015780
core   0: 0x80008048 (0x40105a93) srai    s5, zero, 1
core   0: 3 0x80008048 (0x40105a93) x21 0x00000000
core   0: 0x8000804c (0x03b15b33) divu    s6, sp, s11
core   0: 3 0x8000804c (0x03b15b33) x22 0x0c30c306
core   0: 0x80008050 (0x0b078fa3) sb      a6, 191(a5)
core   0: 3 0x80008050 (0x0b078fa3) mem 0x80015780 0x0
core   0: 0x80008054 (0x0ff0000f) fence   iorw,iorw
core   0: 3 0x80008054 (0x0ff0000f)
core   0: 0x80008058 (0x0bf79c03) lh      s8, 191(a5)
core   0: 3 0x80008058 (0x0bf79c03) x24 0xffff9c00 mem 0x80015780
core   0: 0x8000805c (0x0bf7c403) lbu     s0, 191(a5)
core   0: 3 0x8000805c (0x0bf7c403) x 8 0x00000000 mem 0x80015780
core   0: 0x80008060 (0x0a378fa3) sb      gp, 191(a5)
core   0: 3 0x80008060 (0x0a378fa3) mem 0x80015780 0x2c
core   0: 0x80008064 (0xf2478303) lb      t1, -220(a5)
core   0: 3 0x80008064 (0xf2478303) x 6 0x0000001a mem 0x800155e5
core   0: 0x80008068 (0xf0e791a3) sh      a4, -253(a5)
core   0: 3 0x80008068 (0xf0e791a3) mem 0x800155c4 0xffd0
core   0: 0x8000806c (0x0397c303) lbu     t1, 57(a5)
core   0: 3 0x8000806c (0x0397c303) x 6 0x0000006c mem 0x800156fa
core   0: 0x80008070 (0xf557df83) lhu     t6, -171(a5)
core   0: 3 0x80008070 (0xf557df83) x31 0x00009f86 mem 0x80015616
core   0: 0x80008074 (0x00436d63) bltu    t1, tp, pc + 26
core   0: 3 0x80008074 (0x00436d63)
core   0: 0x8000808e (0x0ff0000f) fence   iorw,iorw
core   0: 3 0x8000808e (0x0ff0000f)
core   0: 0x80008092 (0x01401113) slli    sp, zero, 20
core   0: 3 0x80008092 (0x01401113) x 2 0x00000000
core   0: 0x80008096 (0x00f215b3) sll     a1, tp, a5
core   0: 3 0x80008096 (0x00f215b3) x11 0x00037eba
core   0: 0x8000809a (0x00008189) c.srli  a1, 2
core   0: 3 0x8000809a (0x8189) x11 0x0000dfae
core   0: 0x8000809c (0x03ff20b3) mulhsu  ra, t5, t6
core   0: 3 0x8000809c (0x03ff20b3) x 1 0xffffb03e
core   0: 0x800080a0 (0x012de113) ori     sp, s11, 18
core   0: 3 0x800080a0 (0x012de113) x 2 0x00000017
core   0: 0x800080a4 (0x0104d813) srli    a6, s1, 16
core   0: 3 0x800080a4 (0x0104d813) x16 0x00000000
core   0: 0x800080a8 (0x00008146) c.mv    sp, a7
core   0: 3 0x800080a8 (0x8146) x 2 0x8001c714
core   0: 0x800080aa (0x0014a0b3) slt     ra, s1, ra
core   0: 3 0x800080aa (0x0014a0b3) x 1 0x00000000
core   0: 0x800080ae (0x34062cf3) csrrs   s9, mscratch, a2
core   0: 3 0x800080ae (0x34062cf3) x25 0x00000000 c832_mscratch 0x80008014
core   0: 0x800080b2 (0x340b1873) csrrw   a6, mscratch, s6
core   0: 3 0x800080b2 (0x340b1873) x16 0x80008014 c832_mscratch 0x0c30c306
core   0: 0x800080b6 (0x00013917) auipc   s2, 0x13
core   0: 3 0x800080b6 (0x00013917) x18 0x8001b0b6
core   0: 0x800080ba (0xb2890913) addi    s2, s2, -1240
core   0: 3 0x800080ba (0xb2890913) x18 0x8001abde
core   0: 0x800080be (0xf4c95e83) lhu     t4, -180(s2)
core   0: 3 0x800080be (0xf4c95e83) x29 0x00001e5a mem 0x8001ab2a
core   0: 0x800080c2 (0xda7ee213) ori     tp, t4, -601
core   0: 3 0x800080c2 (0xda7ee213) x 4 0xffffffff
core   0: 0x800080c6 (0xf7d907a3) sb      t4, -145(s2)
core   0: 3 0x800080c6 (0xf7d907a3) mem 0x8001ab4d 0x5a
core   0: 0x800080ca (0x05194503) lbu     a0, 81(s2)
core   0: 3 0x800080ca (0x05194503) x10 0x000000af mem 0x8001ac2f
core   0: 0x800080ce (0x0041dcb3) srl     s9, gp, tp
core   0: 3 0x800080ce (0x0041dcb3) x25 0x00000001
core   0: 0x800080d2 (0x00008f29) c.xor   a4, a0
core   0: 3 0x800080d2 (0x8f29) x14 0xffffff7f
core   0: 0x800080d4 (0x023e9eb3) mulh    t4, t4, gp
core   0: 3 0x800080d4 (0x023e9eb3) x29 0xfffff0d3
core   0: 0x800080d8 (0x00000cb2) c.slli  s9, 12
core   0: 3 0x800080d8 (0x0cb2) x25 0x00001000
core   0: 0x800080da (0x0ae91c23) sh      a4, 184(s2)
core   0: 3 0x800080da (0x0ae91c23) mem 0x8001ac96 0xff7f
core   0: 0x800080de (0xf1f90503) lb      a0, -225(s2)
core   0: 3 0x800080de (0xf1f90503) x10 0x00000041 mem 0x8001aafd
core   0: 0x800080e2 (0x01dcc533) xor     a0, s9, t4
core   0: 3 0x800080e2 (0x01dcc533) x10 0xffffe0d3
core   0: 0x800080e6 (0x00008719) c.srai  a4, 6
core   0: 3 0x800080e6 (0x8719) x14 0xfffffffd
core   0: 0x800080e8 (0x99b1e213) ori     tp, gp, -1637
core   0: 3 0x800080e8 (0x99b1e213) x 4 0xfffff9bf
core   0: 0x800080ec (0x0ae90823) sb      a4, 176(s2)
core   0: 3 0x800080ec (0x0ae90823) mem 0x8001ac8e 0xfd
core   0: 0x800080f0 (0x00e21713) slli    a4, tp, 14
core   0: 3 0x800080f0 (0x00e21713) x14 0xfe6fc000
core   0: 0x800080f4 (0xf59904a3) sb      s9, -183(s2)
core   0: 3 0x800080f4 (0xf59904a3) mem 0x8001ab27 0x0
core   0: 0x800080f8 (0xf9991c23) sh      s9, -104(s2)
core   0: 3 0x800080f8 (0xf9991c23) mem 0x8001ab76 0x1000
core   0: 0x800080fc (0xf0990203) lb      tp, -247(s2)
core   0: 3 0x800080fc (0xf0990203) x 4 0xffffff86 mem 0x8001aae7
core   0: 0x80008100 (0x04491123) sh      tp, 66(s2)
core   0: 3 0x80008100 (0x04491123) mem 0x8001ac20 0xff86
core   0: 0x80008104 (0x0000100f) fence.i
core   0: 3 0x80008104 (0x0000100f)
core   0: 0x80008108 (0x01b21c93) slli    s9, tp, 27
core   0: 3 0x80008108 (0x01b21c93) x25 0x30000000
core   0: 0x8000810c (0x3406d573) csrrwi  a0, mscratch, 13
core   0: 3 0x8000810c (0x3406d573) x10 0x0c30c306 c832_mscratch 0x0000000d
core   0: 0x80008110 (0xfe390703) lb      a4, -29(s2)
core   0: 3 0x80008110 (0xfe390703) x14 0xffffffe1 mem 0x8001abc1
core   0: 0x80008114 (0x00008551) c.srai  a0, 20
core   0: 3 0x80008114 (0x8551) x10 0x000000c3
core   0: 0x80008116 (0xf9b90503) lb      a0, -101(s2)
core   0: 3 0x80008116 (0xf9b90503) x10 0x00000024 mem 0x8001ab79
core   0: 0x8000811a (0x08691503) lh      a0, 134(s2)
core   0: 3 0x8000811a (0x08691503) x10 0x00000396 mem 0x8001ac64
core   0: 0x8000811e (0x41d20cb3) sub     s9, tp, t4
core   0: 3 0x8000811e (0x41d20cb3) x25 0x00000eb3
core   0: 0x80008122 (0xf7d94183) lbu     gp, -131(s2)
core   0: 3 0x80008122 (0xf7d94183) x 3 0x000000d9 mem 0x8001ab5b
core   0: 0x80008126 (0x54e9ac97) auipc   s9, 0x54e9a
core   0: 3 0x80008126 (0x54e9ac97) x25 0xd4ea2126
core   0: 0x8000812a (0x02692503) lw      a0, 38(s2)
core   0: 3 0x8000812a (0x02692503) x10 0x55e30031 mem 0x8001ac04
core   0: 0x8000812e (0x3c273193) sltiu   gp, a4, 962
core   0: 3 0x8000812e (0x3c273193) x 3 0x00000000
core   0: 0x80008132 (0x00008766) c.mv    a4, s9
core   0: 3 0x80008132 (0x8766) x14 0xd4ea2126
core   0: 0x80008134 (0xf0357e93) andi    t4, a0, -253
core   0: 3 0x80008134 (0xf0357e93) x29 0x55e30001
core   0: 0x80008138 (0xf4d90203) lb      tp, -179(s2)
core   0: 3 0x80008138 (0xf4d90203) x 4 0x0000001e mem 0x8001ab2b
core   0: 0x8000813c (0x00a231b3) sltu    gp, tp, a0
core   0: 3 0x8000813c (0x00a231b3) x 3 0x00000001
core   0: 0x80008140 (0x0000100f) fence.i
core   0: 3 0x80008140 (0x0000100f)
core   0: 0x80008144 (0x01dca733) slt     a4, s9, t4
core   0: 3 0x80008144 (0x01dca733) x14 0x00000001
core   0: 0x80008148 (0xf99900a3) sb      s9, -127(s2)
core   0: 3 0x80008148 (0xf99900a3) mem 0x8001ab5f 0x26
core   0: 0x8000814c (0x34006373) csrrsi  t1, mscratch, 0
core   0: 3 0x8000814c (0x34006373) x 6 0x0000000d
core   0: 0x80008150 (0x02d77033) remu    zero, a4, a3
core   0: 3 0x80008150 (0x02d77033)
core   0: 0x80008154 (0x034d0133) mul     sp, s10, s4
core   0: 3 0x80008154 (0x034d0133) x 2 0x2f1b32ef
core   0: 0x80008158 (0x0000100f) fence.i
core   0: 3 0x80008158 (0x0000100f)
core   0: 0x8000815c (0x00000384) c.addi4spn s1, sp, 448
core   0: 3 0x8000815c (0x0384) x 9 0x2f1b34af
core   0: 0x8000815e (0x00009afd) c.andi  a3, -1
core   0: 3 0x8000815e (0x9afd) x13 0xffff3325
core   0: 0x80008160 (0x00008e71) c.and   a2, a2
core   0: 3 0x80008160 (0x8e71) x12 0x80008014
core   0: 0x80008162 (0x03018db3) mul     s11, gp, a6
core   0: 3 0x80008162 (0x03018db3) x27 0x80008014
core   0: 0x80008166 (0x340cdcf3) csrrwi  s9, mscratch, 25
core   0: 3 0x80008166 (0x340cdcf3) x25 0x0000000d c832_mscratch 0x00000019
core   0: 0x8000816a (0x02868c33) mul     s8, a3, s0
core   0: 3 0x8000816a (0x02868c33) x24 0x00000000
core   0: 0x8000816e (0x01f685b3) add     a1, a3, t6
core   0: 3 0x8000816e (0x01f685b3) x11 0xffffd2ab
core   0: 0x80008172 (0x41e0da33) sra     s4, ra, t5
core   0: 3 0x80008172 (0x41e0da33) x20 0x00000000
core   0: 0x80008176 (0x01688663) beq     a7, s6, pc + 12
core   0: 3 0x80008176 (0x01688663)
core   0: 0x8000817a (0x34003b73) csrrc   s6, mscratch, zero
core   0: 3 0x8000817a (0x34003b73) x22 0x00000019
core   0: 0x8000817e (0x0142ea63) bltu    t0, s4, pc + 20
core   0: 3 0x8000817e (0x0142ea63)
core   0: 0x80008182 (0x0370fe33) remu    t3, ra, s7
core   0: 3 0x80008182 (0x0370fe33) x28 0x00000000
core   0: 0x80008186 (0x00db9993) slli    s3, s7, 13
core   0: 3 0x80008186 (0x00db9993) x19 0x0006a000
core   0: 0x8000818a (0x010067b3) or      a5, zero, a6
core   0: 3 0x8000818a (0x010067b3) x15 0x80008014
core   0: 0x8000818e (0x012378b3) and     a7, t1, s2
core   0: 3 0x8000818e (0x012378b3) x17 0x0000000c
core   0: 0x80008192 (0x03e4e1b3) rem     gp, s1, t5
core   0: 3 0x80008192 (0x03e4e1b3) x 3 0x2f1b34af
core   0: 0x80008196 (0xd328ca93) xori    s5, a7, -718
core   0: 3 0x80008196 (0xd328ca93) x21 0xfffffd3e
core   0: 0x8000819a (0x00000001) c.nop
core   0: 3 0x8000819a (0x0001)
core   0: 0x8000819c (0x000082b9) c.srli  a3, 14
core   0: 3 0x8000819c (0x82b9) x13 0x0003fffc
core   0: 0x8000819e (0x00006cb9) c.lui   s9, 0xe
core   0: 3 0x8000819e (0x6cb9) x25 0x0000e000
core   0: 0x800081a0 (0x00008c8d) c.sub   s1, a1
core   0: 3 0x800081a0 (0x8c8d) x 9 0x2f1b6204
core   0: 0x800081a2 (0x4052ddb3) sra     s11, t0, t0
core   0: 3 0x800081a2 (0x4052ddb3) x27 0xffff8002
core   0: 0x800081a6 (0x0157e833) or      a6, a5, s5
core   0: 3 0x800081a6 (0x0157e833) x16 0xfffffd3e
core   0: 0x800081aa (0x01091263) bne     s2, a6, pc + 4
core   0: 3 0x800081aa (0x01091263)
core   0: 0x800081ae (0x8d7a7493) andi    s1, s4, -1833
core   0: 3 0x800081ae (0x8d7a7493) x 9 0x00000000
core   0: 0x800081b2 (0x340069f3) csrrsi  s3, mscratch, 0
core   0: 3 0x800081b2 (0x340069f3) x19 0x00000019
core   0: 0x800081b6 (0x00008a59) c.andi  a2, 22
core   0: 3 0x800081b6 (0x8a59) x12 0x00000014
core   0: 0x800081b8 (0xf7d17a93) andi    s5, sp, -131
core   0: 3 0x800081b8 (0xf7d17a93) x21 0x2f1b326d
core   0: 0x800081bc (0x7b358a17) auipc   s4, 0x7b358
core   0: 3 0x800081bc (0x7b358a17) x20 0xfb3601bc
core   0: 0x800081c0 (0x0359e833) rem     a6, s3, s5
core   0: 3 0x800081c0 (0x0359e833) x16 0x00000019
core   0: 0x800081c4 (0x00009ede) c.add   t4, s7
core   0: 3 0x800081c4 (0x9ede) x29 0x55e30036
core   0: 0x800081c6 (0x0000100f) fence.i
core   0: 3 0x800081c6 (0x0000100f)
core   0: 0x800081ca (0x03ac8fb3) mul     t6, s9, s10
core   0: 3 0x800081ca (0x03ac8fb3) x31 0x3e9ce000
core   0: 0x800081ce (0x00008e05) c.sub   a2, s1
core   0: 3 0x800081ce (0x8e05) x12 0x00000014
core   0: 0x800081d0 (0x000098fd) c.andi  s1, -1
core   0: 3 0x800081d0 (0x98fd) x 9 0x00000000
core   0: 0x800081d2 (0x00381493) slli    s1, a6, 3
core   0: 3 0x800081d2 (0x00381493) x 9 0x000000c8
core   0: 0x800081d6 (0x00009a7d) c.andi  a2, -1
core   0: 3 0x800081d6 (0x9a7d) x12 0x00000014
core   0: 0x800081d8 (0x0064cb63) blt     s1, t1, pc + 22
core   0: 3 0x800081d8 (0x0064cb63)
core   0: 0x800081dc (0x03a02033) mulhsu  zero, zero, s10
core   0: 3 0x800081dc (0x03a02033)
core   0: 0x800081e0 (0x00000001) c.nop
core   0: 3 0x800081e0 (0x0001)
core   0: 0x800081e2 (0x00008d01) c.sub   a0, s0
core   0: 3 0x800081e2 (0x8d01) x10 0x55e30031
core   0: 0x800081e4 (0x00000001) c.nop
core   0: 3 0x800081e4 (0x0001)
core   0: 0x800081e6 (0x0000993e) c.add   s2, a5
core   0: 3 0x800081e6 (0x993e) x18 0x00022bf2
core   0: 0x800081e8 (0x3af1c237) lui     tp, 0x3af1c
core   0: 3 0x800081e8 (0x3af1c237) x 4 0x3af1c000
core   0: 0x800081ec (0x0000987d) c.andi  s0, -1
core   0: 3 0x800081ec (0x987d) x 8 0x00000000
core   0: 0x800081ee (0x00e179b3) and     s3, sp, a4
core   0: 3 0x800081ee (0x00e179b3) x19 0x00000001
core   0: 0x800081f2 (0x015be733) or      a4, s7, s5
core   0: 3 0x800081f2 (0x015be733) x14 0x2f1b327d
core   0: 0x800081f6 (0x01b2b8b3) sltu    a7, t0, s11
core   0: 3 0x800081f6 (0x01b2b8b3) x17 0x00000001
core   0: 0x800081fa (0x000001b2) c.slli  gp, 12
core   0: 3 0x800081fa (0x01b2) x 3 0xb34af000
core   0: 0x800081fc (0x0000167d) c.addi  a2, -1
core   0: 3 0x800081fc (0x167d) x12 0x00000013
core   0: 0x800081fe (0x00009afd) c.andi  a3, -1
core   0: 3 0x800081fe (0x9afd) x13 0x0003fffc
core   0: 0x80008200 (0x017e9963) bne     t4, s7, pc + 18
core   0: 3 0x80008200 (0x017e9963)
core   0: 0x80008212 (0x0ff0000f) fence   iorw,iorw
core   0: 3 0x80008212 (0x0ff0000f)
core   0: 0x80008216 (0x0ff0000f) fence   iorw,iorw
core   0: 3 0x80008216 (0x0ff0000f)
core   0: 0x8000821a (0xefee2113) slti    sp, t3, -258
core   0: 3 0x8000821a (0xefee2113) x 2 0x00000000
core   0: 0x8000821e (0x00f0d813) srli    a6, ra, 15
core   0: 3 0x8000821e (0x00f0d813) x16 0x00000000
core   0: 0x80008222 (0x44333917) auipc   s2, 0x44333
core   0: 3 0x80008222 (0x44333917) x18 0xc433b222
core   0: 0x80008226 (0x01efec63) bltu    t6, t5, pc + 24
core   0: 3 0x80008226 (0x01efec63)
core   0: 0x8000823e (0x72b24597) auipc   a1, 0x72b24
core   0: 3 0x8000823e (0x72b24597) x11 0xf2b2c23e
core   0: 0x80008242 (0x01108b33) add     s6, ra, a7
core   0: 3 0x80008242 (0x01108b33) x22 0x00000001
core   0: 0x80008246 (0x0344b4b3) mulhu   s1, s1, s4
core   0: 3 0x80008246 (0x0344b4b3) x 9 0x000000c4
core   0: 0x8000824a (0x012519b3) sll     s3, a0, s2
core   0: 3 0x8000824a (0x012519b3) x19 0x578c00c4
core   0: 0x8000824e (0x000004e2) c.slli  s1, 24
core   0: 3 0x8000824e (0x04e2) x 9 0xc4000000
core   0: 0x80008250 (0xde56c913) xori    s2, a3, -539
core   0: 3 0x80008250 (0xde56c913) x18 0xfffc0219
core   0: 0x80008254 (0x0ff0000f) fence   iorw,iorw
core   0: 3 0x80008254 (0x0ff0000f)
core   0: 0x80008258 (0x03a4fd33) remu    s10, s1, s10
core   0: 3 0x80008258 (0x03a4fd33) x26 0x43fe93df
core   0: 0x8000825c (0x0211da33) divu    s4, gp, ra
core   0: 3 0x8000825c (0x0211da33) x20 0xffffffff
core   0: 0x80008260 (0x01fa7233) and     tp, s4, t6
core   0: 3 0x80008260 (0x01fa7233) x 4 0x3e9ce000
core   0: 0x80008264 (0x3403d173) csrrwi  sp, mscratch, 7
core   0: 3 0x80008264 (0x3403d173) x 2 0x00000019 c832_mscratch 0x00000007
core   0: 0x80008268 (0x409406b3) sub     a3, s0, s1
core   0: 3 0x80008268 (0x409406b3) x13 0x3c000000
core   0: 0x8000826c (0x02829d63) bne     t0, s0, pc + 58
core   0: 3 0x8000826c (0x02829d63)
core   0: 0x800082a6 (0x00009e6a) c.add   t3, s10
core   0: 3 0x800082a6 (0x9e6a) x28 0x43fe93df
core   0: 0x800082a8 (0x0043a8b3) slt     a7, t2, tp
core   0: 3 0x800082a8 (0x0043a8b3) x17 0x00000001
core   0: 0x800082ac (0x031f21b3) mulhsu  gp, t5, a7
core   0: 3 0x800082ac (0x031f21b3) x 3 0xffffffff
core   0: 0x800082b0 (0x00008fd5) c.or    a5, a3
core   0: 3 0x800082b0 (0x8fd5) x15 0xbc008014
core   0: 0x800082b2 (0x0000028c) c.addi4spn a1, sp, 320
core   0: 3 0x800082b2 (0x028c) x11 0x00000159
core   0: 0x800082b4 (0x00008d2d) c.xor   a0, a1
core   0: 3 0x800082b4 (0x8d2d) x10 0x55e30168
core   0: 0x800082b6 (0x00008c35) c.xor   s0, a3
core   0: 3 0x800082b6 (0x8c35) x 8 0x3c000000
core   0: 0x800082b8 (0x01286863) bltu    a6, s2, pc + 16
core   0: 3 0x800082b8 (0x01286863)
core   0: 0x800082c8 (0x000069a9) c.lui   s3, 0xa
core   0: 3 0x800082c8 (0x69a9) x19 0x0000a000
core   0: 0x800082ca (0x00008f51) c.or    a4, a2
core   0: 3 0x800082ca (0x8f51) x14 0x2f1b327f
core   0: 0x800082cc (0x00000001) c.nop
core   0: 3 0x800082cc (0x0001)
core   0: 0x800082ce (0x008c2733) slt     a4, s8, s0
core   0: 3 0x800082ce (0x008c2733) x14 0x00000001
core   0: 0x800082d2 (0x01f96733) or      a4, s2, t6
core   0: 3 0x800082d2 (0x01f96733) x14 0xfffce219
core   0: 0x800082d6 (0x00000001) c.nop
core   0: 3 0x800082d6 (0x0001)
core   0: 0x800082d8 (0x0000cf89) c.beqz  a5, pc + 26
core   0: 3 0x800082d8 (0xcf89)
core   0: 0x800082da (0x0ff0000f) fence   iorw,iorw
core   0: 3 0x800082da (0x0ff0000f)
core   0: 0x800082de (0x0073bbb3) sltu    s7, t2, t2
core   0: 3 0x800082de (0x0073bbb3) x23 0x00000000
core   0: 0x800082e2 (0x340998f3) csrrw   a7, mscratch, s3
core   0: 3 0x800082e2 (0x340998f3) x17 0x00000007 c832_mscratch 0x0000a000
core   0: 0x800082e6 (0x34002673) csrr    a2, mscratch
core   0: 3 0x800082e6 (0x34002673) x12 0x0000a000
core   0: 0x800082ea (0x34007173) csrrci  sp, mscratch, 0
core   0: 3 0x800082ea (0x34007173) x 2 0x0000a000
core   0: 0x800082ee (0x02196133) rem     sp, s2, ra
core   0: 3 0x800082ee (0x02196133) x 2 0xfffc0219
core   0: 0x800082f2 (0x0075b5b3) sltu    a1, a1, t2
core   0: 3 0x800082f2 (0x0075b5b3) x11 0x00000000
core   0: 0x800082f6 (0x03017733) remu    a4, sp, a6
core   0: 3 0x800082f6 (0x03017733) x14 0xfffc0219
core   0: 0x800082fa (0x00008795) c.srai  a5, 5
core   0: 3 0x800082fa (0x8795) x15 0xfde00400
core   0: 0x800082fc (0x037201b3) mul     gp, tp, s7
core   0: 3 0x800082fc (0x037201b3) x 3 0x00000000
core   0: 0x80008300 (0xca5ea893) slti    a7, t4, -859
core   0: 3 0x80008300 (0xca5ea893) x17 0x00000000
core   0: 0x80008304 (0x00006179) c.addi16sp sp, 464
core   0: 3 0x80008304 (0x6179) x 2 0xfffc03e9
core   0: 0x80008306 (0x02ba4833) div     a6, s4, a1
core   0: 3 0x80008306 (0x02ba4833) x16 0xffffffff
core   0: 0x8000830a (0xfa13bf93) sltiu   t6, t2, -95
core   0: 3 0x8000830a (0xfa13bf93) x31 0x00000001
core   0: 0x8000830e (0x3407b373) csrrc   t1, mscratch, a5
core   0: 3 0x8000830e (0x3407b373) x 6 0x0000a000 c832_mscratch 0x0000a000
core   0: 0x80008312 (0x00000001) c.nop
core   0: 3 0x80008312 (0x0001)
core   0: 0x80008314 (0x447aeb97) auipc   s7, 0x447ae
core   0: 3 0x80008314 (0x447aeb97) x23 0xc47b6314
core   0: 0x80008318 (0x404554b3) sra     s1, a0, tp
core   0: 3 0x80008318 (0x404554b3) x 9 0x55e30168
core   0: 0x8000831c (0x020ffcb3) remu    s9, t6, zero
core   0: 3 0x8000831c (0x020ffcb3) x25 0x00000001
core   0: 0x80008320 (0x00ed5b93) srli    s7, s10, 14
core   0: 3 0x80008320 (0x00ed5b93) x23 0x00010ffa
core   0: 0x80008324 (0x02b88233) mul     tp, a7, a1
core   0: 3 0x80008324 (0x02b88233) x 4 0x00000000
core   0: 0x80008328 (0x00008f45) c.or    a4, s1
core   0: 3 0x80008328 (0x8f45) x14 0xffff0379
core   0: 0x8000832a (0x0ff0000f) fence   iorw,iorw
core   0: 3 0x8000832a (0x0ff0000f)
core   0: 0x8000832e (0x0192ccb3) xor     s9, t0, s9
core   0: 3 0x8000832e (0x0192ccb3) x25 0x80028e71
core   0: 0x80008332 (0x017d7bb3) and     s7, s10, s7
core   0: 3 0x80008332 (0x017d7bb3) x23 0x000003da
core   0: 0x80008336 (0x4180d793) srai    a5, ra, 24
core   0: 3 0x80008336 (0x4180d793) x15 0x00000000
core   0: 0x8000833a (0x000083ad) c.srli  a5, 11
core   0: 3 0x8000833a (0x83ad) x15 0x00000000
core   0: 0x8000833c (0x002ed113) srli    sp, t4, 2
core   0: 3 0x8000833c (0x002ed113) x 2 0x1578c00d
core   0: 0x80008340 (0x03958733) mul     a4, a1, s9
core   0: 3 0x80008340 (0x03958733) x14 0x00000000
core   0: 0x80008344 (0x34006273) csrrsi  tp, mscratch, 0
core   0: 3 0x80008344 (0x34006273) x 4 0x0000a000
core   0: 0x80008348 (0x00004239) c.li    tp, 14
core   0: 3 0x80008348 (0x4239) x 4 0x0000000e
core   0: 0x8000834a (0x0324aeb3) mulhsu  t4, s1, s2
core   0: 3 0x8000834a (0x0324aeb3) x29 0x55e1aa90
core   0: 0x8000834e (0x00006c5d) c.lui   s8, 0x17
core   0: 3 0x8000834e (0x6c5d) x24 0x00017000
core   0: 0x80008350 (0x00008f85) c.sub   a5, s1
core   0: 3 0x80008350 (0x8f85) x15 0xaa1cfe98
core   0: 0x80008352 (0x0000e215) c.bnez  a2, pc + 36
core   0: 3 0x80008352 (0xe215)
core   0: 0x80008376 (0x022769b3) rem     s3, a4, sp
core   0: 3 0x80008376 (0x022769b3) x19 0x00000000
core   0: 0x8000837a (0x00ee54b3) srl     s1, t3, a4
core   0: 3 0x8000837a (0x00ee54b3) x 9 0x43fe93df
core   0: 0x8000837e (0x41cc89b3) sub     s3, s9, t3
core   0: 3 0x8000837e (0x41cc89b3) x19 0x3c03fa92
core   0: 0x80008382 (0x00fd8533) add     a0, s11, a5
core   0: 3 0x80008382 (0x00fd8533) x10 0xaa1c7e9a
core   0: 0x80008386 (0x01f53233) sltu    tp, a0, t6
core   0: 3 0x80008386 (0x01f53233) x 4 0x00000000
core   0: 0x8000838a (0x01d3d933) srl     s2, t2, t4
core   0: 3 0x8000838a (0x01d3d933) x18 0x00000000
core   0: 0x8000838e (0x0221ce63) blt     gp, sp, pc + 60
core   0: 3 0x8000838e (0x0221ce63)
core   0: 0x800083ca (0x00005d7d) c.li    s10, -1
core   0: 3 0x800083ca (0x5d7d) x26 0xffffffff
core   0: 0x800083cc (0x0000922a) c.add   tp, a0
core   0: 3 0x800083cc (0x922a) x 4 0xaa1c7e9a
core   0: 0x800083ce (0x00008622) c.mv    a2, s0
core   0: 3 0x800083ce (0x8622) x12 0x3c000000
core   0: 0x800083d0 (0x340cdaf3) csrrwi  s5, mscratch, 25
core   0: 3 0x800083d0 (0x340cdaf3) x21 0x0000a000 c832_mscratch 0x00000019
core   0: 0x800083d4 (0x0000838d) c.srli  a5, 3
core   0: 3 0x800083d4 (0x838d) x15 0x15439fd3
core   0: 0x800083d6 (0x034de9b3) rem     s3, s11, s4
core   0: 3 0x800083d6 (0x034de9b3) x19 0x00000000
core   0: 0x800083da (0x00000001) c.nop
core   0: 3 0x800083da (0x0001)
core   0: 0x800083dc (0x0000ea1d) c.bnez  a2, pc + 54
core   0: 3 0x800083dc (0xea1d)
core   0: 0x80008412 (0x3400d8f3) csrrwi  a7, mscratch, 1
core   0: 3 0x80008412 (0x3400d8f3) x17 0x00000019 c832_mscratch 0x00000001
core   0: 0x80008416 (0x0000100f) fence.i
core   0: 3 0x80008416 (0x0000100f)
core   0: 0x8000841a (0x340cd373) csrrwi  t1, mscratch, 25
core   0: 3 0x8000841a (0x340cd373) x 6 0x00000001 c832_mscratch 0x00000019
core   0: 0x8000841e (0x0528d163) bge     a7, s2, pc + 66
core   0: 3 0x8000841e (0x0528d163)
core   0: 0x80008460 (0x0000159c) c.addi4spn a5, sp, 736
core   0: 3 0x80008460 (0x159c) x15 0x1578c2ed
core   0: 0x80008462 (0x403255b3) sra     a1, tp, gp
core   0: 3 0x80008462 (0x403255b3) x11 0xaa1c7e9a
core   0: 0x80008466 (0xca9ae537) lui     a0, 0xca9ae
core   0: 3 0x80008466 (0xca9ae537) x10 0xca9ae000
core   0: 0x8000846a (0x3404fd73) csrrci  s10, mscratch, 9
core   0: 3 0x8000846a (0x3404fd73) x26 0x00000019 c832_mscratch 0x00000010
core   0: 0x8000846e (0x00008cd9) c.or    s1, a4
core   0: 3 0x8000846e (0x8cd9) x 9 0x43fe93df
core   0: 0x80008470 (0x340069f3) csrrsi  s3, mscratch, 0
core   0: 3 0x80008470 (0x340069f3) x19 0x00000010
core   0: 0x80008474 (0x023d3333) mulhu   t1, s10, gp
core   0: 3 0x80008474 (0x023d3333) x 6 0x00000000
core   0: 0x80008478 (0xee5b0593) addi    a1, s6, -283
core   0: 3 0x80008478 (0xee5b0593) x11 0xfffffee6
core   0: 0x8000847c (0x00008a96) c.mv    s5, t0
core   0: 3 0x8000847c (0x8a96) x21 0x80028e70
core   0: 0x8000847e (0x029a1533) mulh    a0, s4, s1
core   0: 3 0x8000847e (0x029a1533) x10 0xffffffff
core   0: 0x80008482 (0x0000100f) fence.i
core   0: 3 0x80008482 (0x0000100f)
core   0: 0x80008486 (0x5ab89437) lui     s0, 0x5ab89
core   0: 3 0x80008486 (0x5ab89437) x 8 0x5ab89000
core   0: 0x8000848a (0xb89bb113) sltiu   sp, s7, -1143
core   0: 3 0x8000848a (0xb89bb113) x 2 0x00000001
core   0: 0x8000848e (0x00008da9) c.xor   a1, a0
core   0: 3 0x8000848e (0x8da9) x11 0x00000119
core   0: 0x80008490 (0x00d3c433) xor     s0, t2, a3
core   0: 3 0x80008490 (0x00d3c433) x 8 0x3c000006
core   0: 0x80008494 (0x0284a7b3) mulhsu  a5, s1, s0
core   0: 3 0x80008494 (0x0284a7b3) x15 0x0fefaaa9
core   0: 0x80008498 (0x125e4313) xori    t1, t3, 293
core   0: 3 0x80008498 (0x125e4313) x 6 0x43fe92fa
core   0: 0x8000849c (0x0306be33) mulhu   t3, a3, a6
core   0: 3 0x8000849c (0x0306be33) x28 0x3bffffff
core   0: 0x800084a0 (0x000089e5) c.andi  a1, 25
core   0: 3 0x800084a0 (0x89e5) x11 0x00000019
core   0: 0x800084a2 (0x0ff0000f) fence   iorw,iorw
core   0: 3 0x800084a2 (0x0ff0000f)
core   0: 0x800084a6 (0x0042a603) lw      a2, 4(t0)
core   0: 3 0x800084a6 (0x0042a603) x12 0x80002e7e mem 0x80028e74
core   0: 0x800084aa (0x004d21b3) slt     gp, s10, tp
core   0: 3 0x800084aa (0x004d21b3) x 3 0x00000000
core   0: 0x800084ae (0x02254db3) div     s11, a0, sp
core   0: 3 0x800084ae (0x02254db3) x27 0xffffffff
core   0: 0x800084b2 (0x000002e1) c.addi  t0, 24
core   0: 3 0x800084b2 (0x02e1) x 5 0x80028e88
core   0: 0x800084b4 (0x34174013) xori    zero, a4, 833
core   0: 3 0x800084b4 (0x34174013)
core   0: 0x800084b8 (0x00060d93) mv      s11, a2
core   0: 3 0x800084b8 (0x00060d93) x27 0x80002e7e
core   0: 0x800084bc (0x000d8de7) jalr    s11, s11, 0
core   0: 3 0x800084bc (0x000d8de7) x27 0x800084c0
core   0: 0x80002e7e (0x00021517) auipc   a0, 0x21
core   0: 3 0x80002e7e (0x00021517) x10 0x80023e7e
core   0: 0x80002e82 (0x1ea50513) addi    a0, a0, 490
core   0: 3 0x80002e82 (0x1ea50513) x10 0x80024068
core   0: 0x80002e86 (0x00021a17) auipc   s4, 0x21
core   0: 3 0x80002e86 (0x00021a17) x20 0x80023e86
core   0: 0x80002e8a (0x1caa0a13) addi    s4, s4, 458
core   0: 3 0x80002e8a (0x1caa0a13) x20 0x80024050
core   0: 0x80002e8e (0x852a2daf) amomin.w s11, s2, (s4)
core   0: 3 0x80002e8e (0x852a2daf) x27 0x00000088 mem 0x80024050 mem 0x80024050 0x00000000
core   0: 0x80002e92 (0xe5ba2eaf) amomaxu.w t4, s11, (s4)
core   0: 3 0x80002e92 (0xe5ba2eaf) x29 0x00000000 mem 0x80024050 mem 0x80024050 0x00000088
core   0: 0x80002e96 (0x031a2c2f) amoadd.w s8, a7, (s4)
core   0: 3 0x80002e96 (0x031a2c2f) x24 0x00000088 mem 0x80024050 mem 0x80024050 0x000000a1
core   0: 0x80002e9a (0x65852e2f) amoand.w t3, s8, (a0)
core   0: 3 0x80002e9a (0x65852e2f) x28 0x8001b184 mem 0x80024068 mem 0x80024068 0x00000080
core   0: 0x80002e9e (0xfc527993) andi    s3, tp, -59
core   0: 3 0x80002e9e (0xfc527993) x19 0xaa1c7e80
core   0: 0x80002ea2 (0x088a2caf) amoswap.w s9, s0, (s4)
core   0: 3 0x80002ea2 (0x088a2caf) x25 0x000000a1 mem 0x80024050 mem 0x80024050 0x3c000006
core   0: 0x80002ea6 (0x226a212f) amoxor.w sp, t1, (s4)
core   0: 3 0x80002ea6 (0x226a212f) x 2 0x3c000006 mem 0x80024050 mem 0x80024050 0x7ffe92fc
core   0: 0x80002eaa (0x641a26af) amoand.w a3, ra, (s4)
core   0: 3 0x80002eaa (0x641a26af) x13 0x7ffe92fc mem 0x80024050 mem 0x80024050 0x00000000
core   0: 0x80002eae (0x5c136e17) auipc   t3, 0x5c136
core   0: 3 0x80002eae (0x5c136e17) x28 0xdc138eae
core   0: 0x80002eb2 (0xa205232f) amomax.w t1, zero, (a0)
core   0: 3 0x80002eb2 (0xa205232f) x 6 0x00000080 mem 0x80024068 mem 0x80024068 0x00000080
core   0: 0x80002eb6 (0x0985232f) amoswap.w t1, s8, (a0)
core   0: 3 0x80002eb6 (0x0985232f) x 6 0x00000080 mem 0x80024068 mem 0x80024068 0x00000088
core   0: 0x80002eba (0x02a0066f) jal     a2, pc + 0x2a
core   0: 3 0x80002eba (0x02a0066f) x12 0x80002ebe
core   0: 0x80002ee4 (0xfebff0ef) jal     pc - 0x16
core   0: 3 0x80002ee4 (0xfebff0ef) x 1 0x80002ee8
core   0: 0x80002ece (0x0000a031) c.j     pc + 12
core   0: 3 0x80002ece (0xa031)
core   0: 0x80002eda (0x00002801) c.jal   pc + 16
core   0: 3 0x80002eda (0x2801) x 1 0x80002edc
core   0: 0x80002eea (0x00003fd1) c.jal   pc - 44
core   0: 3 0x80002eea (0x3fd1) x 1 0x80002eec
core   0: 0x80002ebe (0x016000ef) jal     pc + 0x16
core   0: 3 0x80002ebe (0x016000ef) x 1 0x80002ec2
core   0: 0x80002ed4 (0x0000a029) c.j     pc + 10
core   0: 3 0x80002ed4 (0xa029)
core   0: 0x80002ede (0xff9ff0ef) jal     pc - 0x8
core   0: 3 0x80002ede (0xff9ff0ef) x 1 0x80002ee2
core   0: 0x80002ed6 (0x0000a009) c.j     pc + 2
core   0: 3 0x80002ed6 (0xa009)
core   0: 0x80002ed8 (0x0000b7fd) c.j     pc - 18
core   0: 3 0x80002ed8 (0xb7fd)
core   0: 0x80002ec6 (0x004000ef) jal     pc + 0x4
core   0: 3 0x80002ec6 (0x004000ef) x 1 0x80002eca
core   0: 0x80002eca (0x0180026f) jal     tp, pc + 0x18
core   0: 3 0x80002eca (0x0180026f) x 4 0x80002ece
core   0: 0x80002ee2 (0x00002019) c.jal   pc + 6
core   0: 3 0x80002ee2 (0x2019) x 1 0x80002ee4
core   0: 0x80002ee8 (0x000037ed) c.jal   pc - 22
core   0: 3 0x80002ee8 (0x37ed) x 1 0x80002eea
core   0: 0x80002ed2 (0x00003fc5) c.jal   pc - 16
core   0: 3 0x80002ed2 (0x3fc5) x 1 0x80002ed4
core   0: 0x80002ec2 (0x00e000ef) jal     pc + 0xe
core   0: 3 0x80002ec2 (0x00e000ef) x 1 0x80002ec6
core   0: 0x80002ed0 (0x0000a031) c.j     pc + 12
core   0: 3 0x80002ed0 (0xa031)
core   0: 0x80002edc (0x0000a801) c.j     pc + 16
core   0: 3 0x80002edc (0xa801)
core   0: 0x80002eec (0xe04b2f93) slti    t6, s6, -508
core   0: 3 0x80002eec (0xe04b2f93) x31 0x00000000
core   0: 0x80002ef0 (0x00021897) auipc   a7, 0x21
core   0: 3 0x80002ef0 (0x00021897) x17 0x80023ef0
core   0: 0x80002ef4 (0x16c88893) addi    a7, a7, 364
core   0: 3 0x80002ef4 (0x16c88893) x17 0x8002405c
core   0: 0x80002ef8 (0x00000001) c.nop
core   0: 3 0x80002ef8 (0x0001)
core   0: 0x80002efa (0x00008cb1) c.xor   s1, a2
core   0: 3 0x80002efa (0x8cb1) x 9 0xc3febd61
core   0: 0x80002efc (0x34031e73) csrrw   t3, mscratch, t1
core   0: 3 0x80002efc (0x34031e73) x28 0x00000010 c832_mscratch 0x00000080
core   0: 0x80002f00 (0x0000717d) c.addi16sp sp, -16
core   0: 3 0x80002f00 (0x717d) x 2 0x3bfffff6
core   0: 0x80002f02 (0x01851833) sll     a6, a0, s8
core   0: 3 0x80002f02 (0x01851833) x16 0x02406800
core   0: 0x80002f06 (0x00008e19) c.sub   a2, a4
core   0: 3 0x80002f06 (0x8e19) x12 0x80002ebe
core   0: 0x80002f08 (0x00008565) c.srai  a0, 25
core   0: 3 0x80002f08 (0x8565) x10 0xffffffc0
core   0: 0x80002f0a (0x4a79f793) andi    a5, s3, 1191
core   0: 3 0x80002f0a (0x4a79f793) x15 0x00000480
core   0: 0x80002f0e (0x00000001) c.nop
core   0: 3 0x80002f0e (0x0001)
core   0: 0x80002f10 (0x00009da2) c.add   s11, s0
core   0: 3 0x80002f10 (0x9da2) x27 0x3c00008e
core   0: 0x80002f12 (0x54a9f613) andi    a2, s3, 1354
core   0: 3 0x80002f12 (0x54a9f613) x12 0x00000400
core   0: 0x80002f16 (0x0000683d) c.lui   a6, 0xf
core   0: 3 0x80002f16 (0x683d) x16 0x0000f000
core   0: 0x80002f18 (0x0000017d) c.addi  sp, 31
core   0: 3 0x80002f18 (0x017d) x 2 0x3c000015
core   0: 0x80002f1a (0x1208a5af) lr.w    a1, (a7)
core   0: 3 0x80002f1a (0x1208a5af) x11 0xffff3325 mem 0x8002405c
core   0: 0x80002f1e (0x3538ac93) slti    s9, a7, 851
core   0: 3 0x80002f1e (0x3538ac93) x25 0x00000001
core   0: 0x80002f22 (0x34075ef3) csrrwi  t4, mscratch, 14
core   0: 3 0x80002f22 (0x34075ef3) x29 0x00000080 c832_mscratch 0x0000000e
core   0: 0x80002f26 (0x1818a7af) sc.w    a5, ra, (a7)
core   0: 3 0x80002f26 (0x1818a7af) x15 0x00000000 mem 0x8002405c 0x80002ec6
core   0: 0x80002f2a (0x00011497) auipc   s1, 0x11
core   0: 3 0x80002f2a (0x00011497) x 9 0x80013f2a
core   0: 0x80002f2e (0x89848493) addi    s1, s1, -1896
core   0: 3 0x80002f2e (0x89848493) x 9 0x800137c2
core   0: 0x80002f32 (0xff148c03) lb      s8, -15(s1)
core   0: 3 0x80002f32 (0xff148c03) x24 0xffffffce mem 0x800137b3
core   0: 0x80002f36 (0x00548e03) lb      t3, 5(s1)
core   0: 3 0x80002f36 (0x00548e03) x28 0x00000077 mem 0x800137c7
core   0: 0x80002f3a (0x00548b83) lb      s7, 5(s1)
core   0: 3 0x80002f3a (0x00548b83) x23 0x00000077 mem 0x800137c7
core   0: 0x80002f3e (0x00548703) lb      a4, 5(s1)
core   0: 3 0x80002f3e (0x00548703) x14 0x00000077 mem 0x800137c7
core   0: 0x80002f42 (0x00548683) lb      a3, 5(s1)
core   0: 3 0x80002f42 (0x00548683) x13 0x00000077 mem 0x800137c7
core   0: 0x80002f46 (0x00e482a3) sb      a4, 5(s1)
core   0: 3 0x80002f46 (0x00e482a3) mem 0x800137c7 0x77
core   0: 0x80002f4a (0x00008475) c.srai  s0, 29
core   0: 3 0x80002f4a (0x8475) x 8 0x00000001
core   0: 0x80002f4c (0xffe48403) lb      s0, -2(s1)
core   0: 3 0x80002f4c (0xffe48403) x 8 0x0000005b mem 0x800137c0
core   0: 0x80002f50 (0xffe48c03) lb      s8, -2(s1)
core   0: 3 0x80002f50 (0xffe48c03) x24 0x0000005b mem 0x800137c0
core   0: 0x80002f54 (0xffe49c03) lh      s8, -2(s1)
core   0: 3 0x80002f54 (0xffe49c03) x24 0x00000a5b mem 0x800137c0
core   0: 0x80002f58 (0xffe4a583) lw      a1, -2(s1)
core   0: 3 0x80002f58 (0xffe4a583) x11 0xe81e0a5b mem 0x800137c0
core   0: 0x80002f5c (0xfec48aa3) sb      a2, -11(s1)
core   0: 3 0x80002f5c (0xfec48aa3) mem 0x800137b7 0x0
core   0: 0x80002f60 (0x00010f97) auipc   t6, 0x10
core   0: 3 0x80002f60 (0x00010f97) x31 0x80012f60
core   0: 0x80002f64 (0x262f8f93) addi    t6, t6, 610
core   0: 3 0x80002f64 (0x262f8f93) x31 0x800131c2
core   0: 0x80002f68 (0x00020617) auipc   a2, 0x20
core   0: 3 0x80002f68 (0x00020617) x12 0x80022f68
core   0: 0x80002f6c (0x81f60613) addi    a2, a2, -2017
core   0: 3 0x80002f6c (0x81f60613) x12 0x80022787
core   0: 0x80002f70 (0xf57f8c83) lb      s9, -169(t6)
core   0: 3 0x80002f70 (0xf57f8c83) x25 0x0000004d mem 0x80013119
core   0: 0x80002f74 (0x89664703) lbu     a4, -1898(a2)
core   0: 3 0x80002f74 (0x89664703) x14 0x000000fd mem 0x8002201d
core   0: 0x80002f78 (0x719f8483) lb      s1, 1817(t6)
core   0: 3 0x80002f78 (0x719f8483) x 9 0x0000001d mem 0x800138db
core   0: 0x80002f7c (0xf5ff8623) sb      t6, -180(t6)
core   0: 3 0x80002f7c (0xf5ff8623) mem 0x8001310e 0xc2
core   0: 0x80002f80 (0x74cfca03) lbu     s4, 1868(t6)
core   0: 3 0x80002f80 (0x74cfca03) x20 0x00000048 mem 0x8001390e
core   0: 0x80002f84 (0xf81610a3) sh      ra, -127(a2)
core   0: 3 0x80002f84 (0xf81610a3) mem 0x80022708 0x2ec6
core   0: 0x80002f88 (0xd1165d83) lhu     s11, -751(a2)
core   0: 3 0x80002f88 (0xd1165d83) x27 0x000056a2 mem 0x80022498
core   0: 0x80002f8c (0xfadf85a3) sb      a3, -85(t6)
core   0: 3 0x80002f8c (0xfadf85a3) mem 0x8001316d 0x77
core   0: 0x80002f90 (0xf71f8023) sb      a7, -160(t6)
core   0: 3 0x80002f90 (0xf71f8023) mem 0x80013122 0x5c
core   0: 0x80002f94 (0xe3565b03) lhu     s6, -459(a2)
core   0: 3 0x80002f94 (0xe3565b03) x22 0x0000de26 mem 0x800225bc
core   0: 0x80002f98 (0x9fa60923) sb      s10, -1550(a2)
core   0: 3 0x80002f98 (0x9fa60923) mem 0x80022179 0x19
core   0: 0x80002f9c (0xd3560823) sb      s5, -720(a2)
core   0: 3 0x80002f9c (0xd3560823) mem 0x800224b7 0x70
core   0: 0x80002fa0 (0x07ef85a3) sb      t5, 107(t6)
core   0: 3 0x80002fa0 (0x07ef85a3) mem 0x8001322d 0x24
core   0: 0x80002fa4 (0x076fc503) lbu     a0, 118(t6)
core   0: 3 0x80002fa4 (0x076fc503) x10 0x000000ef mem 0x80013238
core   0: 0x80002fa8 (0x1b660b23) sb      s6, 438(a2)
core   0: 3 0x80002fa8 (0x1b660b23) mem 0x8002293d 0x26
core   0: 0x80002fac (0x6f8f9083) lh      ra, 1784(t6)
core   0: 3 0x80002fac (0x6f8f9083) x 1 0x00005a0f mem 0x800138ba
core   0: 0x80002fb0 (0x192fa003) lw      zero, 402(t6)
core   0: 3 0x80002fb0 (0x192fa003) mem 0x80013354
core   0: 0x80002fb4 (0x81360583) lb      a1, -2029(a2)
core   0: 3 0x80002fb4 (0x81360583) x11 0x00000077 mem 0x80021f9a
core   0: 0x80002fb8 (0x00021097) auipc   ra, 0x21
core   0: 3 0x80002fb8 (0x00021097) x 1 0x80023fb8
core   0: 0x80002fbc (0x0c008093) addi    ra, ra, 192
core   0: 3 0x80002fbc (0x0c008093) x 1 0x80024078
core   0: 0x80002fc0 (0x0000846d) c.srai  s0, 27
core   0: 3 0x80002fc0 (0x846d) x 8 0x00000000
core   0: 0x80002fc2 (0x1000a7af) lr.w    a5, (ra)
core   0: 3 0x80002fc2 (0x1000a7af) x15 0xeaab2231 mem 0x80024078
core   0: 0x80002fc6 (0x00000001) c.nop
core   0: 3 0x80002fc6 (0x0001)
core   0: 0x80002fc8 (0x00004271) c.li    tp, 28
core   0: 3 0x80002fc8 (0x4271) x 4 0x0000001c
core   0: 0x80002fca (0x00008d12) c.mv    s10, tp
core   0: 3 0x80002fca (0x8d12) x26 0x0000001c
core   0: 0x80002fcc (0x340de4f3) csrrsi  s1, mscratch, 27
core   0: 3 0x80002fcc (0x340de4f3) x 9 0x0000000e c832_mscratch 0x0000001f
core   0: 0x80002fd0 (0x7a743693) sltiu   a3, s0, 1959
core   0: 3 0x80002fd0 (0x7a743693) x13 0x00000001
core   0: 0x80002fd4 (0x3401d473) csrrwi  s0, mscratch, 3
core   0: 3 0x80002fd4 (0x3401d473) x 8 0x0000001f c832_mscratch 0x00000003
core   0: 0x80002fd8 (0x410f5d13) srai    s10, t5, 16
core   0: 3 0x80002fd8 (0x410f5d13) x26 0xffff8002
core   0: 0x80002fdc (0x00006429) c.lui   s0, 0xa
core   0: 3 0x80002fdc (0x6429) x 8 0x0000a000
core   0: 0x80002fde (0x413edcb3) sra     s9, t4, s3
core   0: 3 0x80002fde (0x413edcb3) x25 0x00000080
core   0: 0x80002fe2 (0x00349813) slli    a6, s1, 3
core   0: 3 0x80002fe2 (0x00349813) x16 0x00000070
core   0: 0x80002fe6 (0x01212bb3) slt     s7, sp, s2
core   0: 3 0x80002fe6 (0x01212bb3) x23 0x00000000
core   0: 0x80002fea (0x00004ae9) c.li    s5, 26
core   0: 3 0x80002fea (0x4ae9) x21 0x0000001a
core   0: 0x80002fec (0x0382d1b3) divu    gp, t0, s8
core   0: 3 0x80002fec (0x0382d1b3) x 3 0x000c5c90
core   0: 0x80002ff0 (0x1a40ab2f) sc.w    s6, tp, (ra)
core   0: 3 0x80002ff0 (0x1a40ab2f) x22 0x00000000 mem 0x80024078 0x0000001c
core   0: 0x80002ff4 (0x02c0066f) jal     a2, pc + 0x2c
core   0: 3 0x80002ff4 (0x02c0066f) x12 0x80002ff8
core   0: 0x80003020 (0x000037f5) c.jal   pc - 20
core   0: 3 0x80003020 (0x37f5) x 1 0x80003022
core   0: 0x8000300c (0x004000ef) jal     pc + 0x4
core   0: 3 0x8000300c (0x004000ef) x 1 0x80003010
core   0: 0x80003010 (0x0000bfdd) c.j     pc - 10
core   0: 3 0x80003010 (0xbfdd)
core   0: 0x80003006 (0x0000a039) c.j     pc + 14
core   0: 3 0x80003006 (0xa039)
core   0: 0x80003014 (0x000037ed) c.jal   pc - 22
core   0: 3 0x80003014 (0x37ed) x 1 0x80003016
core   0: 0x80002ffe (0xfffff0ef) jal     pc - 0x2
core   0: 3 0x80002ffe (0xfffff0ef) x 1 0x80003002
core   0: 0x80002ffc (0x0000a819) c.j     pc + 22
core   0: 3 0x80002ffc (0xa819)
core   0: 0x80003012 (0x0000b7dd) c.j     pc - 26
core   0: 3 0x80003012 (0xb7dd)
core   0: 0x80002ff8 (0x0000a00d) c.j     pc + 34
core   0: 3 0x80002ff8 (0xa00d)
core   0: 0x8000301a (0xfefff36f) jal     t1, pc - 0x12
core   0: 3 0x8000301a (0xfefff36f) x 6 0x8000301e
core   0: 0x80003008 (0xff3ff0ef) jal     pc - 0xe
core   0: 3 0x80003008 (0xff3ff0ef) x 1 0x8000300c
core   0: 0x80002ffa (0x00002015) c.jal   pc + 36
core   0: 3 0x80002ffa (0x2015) x 1 0x80002ffc
core   0: 0x8000301e (0x00002011) c.jal   pc + 4
core   0: 3 0x8000301e (0x2011) x 1 0x80003020
core   0: 0x80003022 (0x000037c5) c.jal   pc - 32
core   0: 3 0x80003022 (0x37c5) x 1 0x80003024
core   0: 0x80003002 (0x014000ef) jal     pc + 0x14
core   0: 3 0x80003002 (0x014000ef) x 1 0x80003006
core   0: 0x80003016 (0x00e000ef) jal     pc + 0xe
core   0: 3 0x80003016 (0x00e000ef) x 1 0x8000301a
core   0: 0x80003024 (0x01546433) or      s0, s0, s5
core   0: 3 0x80003024 (0x01546433) x 8 0x0000a01a
core   0: 0x80003028 (0x00010797) auipc   a5, 0x10
core   0: 3 0x80003028 (0x00010797) x15 0x80013028
core   0: 0x8000302c (0x35378793) addi    a5, a5, 851
core   0: 3 0x8000302c (0x35378793) x15 0x8001337b
core   0: 0x80003030 (0x3408a973) csrrs   s2, mscratch, a7
core   0: 3 0x80003030 (0x3408a973) x18 0x00000003 c832_mscratch 0x8002405f
core   0: 0x80003034 (0xe6078e83) lb      t4, -416(a5)
core   0: 3 0x80003034 (0xe6078e83) x29 0xfffffff0 mem 0x800131db
core   0: 0x80003038 (0x002ddf93) srli    t6, s11, 2
core   0: 3 0x80003038 (0x002ddf93) x31 0x000015a8
core   0: 0x8000303c (0x41f5d513) srai    a0, a1, 31
core   0: 3 0x8000303c (0x41f5d513) x10 0x00000000
core   0: 0x80003040 (0x016bc433) xor     s0, s7, s6
core   0: 3 0x80003040 (0x016bc433) x 8 0x00000000
core   0: 0x80003044 (0x00008cd1) c.or    s1, a2
core   0: 3 0x80003044 (0x8cd1) x 9 0x80002ffe
core   0: 0x80003046 (0x01c01813) slli    a6, zero, 28
core   0: 3 0x80003046 (0x01c01813) x16 0x00000000
core   0: 0x8000304a (0xf9f7d003) lhu     zero, -97(a5)
core   0: 3 0x8000304a (0xf9f7d003) mem 0x8001331a
core   0: 0x8000304e (0x0000914e) c.add   sp, s3
core   0: 3 0x8000304e (0x914e) x 2 0xe61c7e95
core   0: 0x80003050 (0x0ff0000f) fence   iorw,iorw
core   0: 3 0x80003050 (0x0ff0000f)
core   0: 0x80003054 (0x1d278423) sb      s2, 456(a5)
core   0: 3 0x80003054 (0x1d278423) mem 0x80013543 0x3
core   0: 0x80003058 (0x74478aa3) sb      tp, 1877(a5)
core   0: 3 0x80003058 (0x74478aa3) mem 0x80013ad0 0x1c
core   0: 0x8000305c (0x29a79da3) sh      s10, 667(a5)
core   0: 3 0x8000305c (0x29a79da3) mem 0x80013616 0x8002
core   0: 0x80003060 (0x02db9e33) mulh    t3, s7, a3
core   0: 3 0x80003060 (0x02db9e33) x28 0x00000000
core   0: 0x80003064 (0x282f8a93) addi    s5, t6, 642
core   0: 3 0x80003064 (0x282f8a93) x21 0x0000182a
core   0: 0x80003068 (0xd0a7c903) lbu     s2, -758(a5)
core   0: 3 0x80003068 (0xd0a7c903) x18 0x0000004a mem 0x80013085
core   0: 0x8000306c (0x674786a3) sb      s4, 1645(a5)
core   0: 3 0x8000306c (0x674786a3) mem 0x800139e8 0x48
core   0: 0x80003070 (0x01109033) sll     zero, ra, a7
core   0: 3 0x80003070 (0x01109033)
core   0: 0x80003074 (0x00008c05) c.sub   s0, s1
core   0: 3 0x80003074 (0x8c05) x 8 0x7fffd002
core   0: 0x80003076 (0x76498093) addi    ra, s3, 1892
core   0: 3 0x80003076 (0x76498093) x 1 0xaa1c85e4
core   0: 0x8000307a (0xd137c703) lbu     a4, -749(a5)
core   0: 3 0x8000307a (0xd137c703) x14 0x00000044 mem 0x8001308e
core   0: 0x8000307e (0xddf7c003) lbu     zero, -545(a5)
core   0: 3 0x8000307e (0xddf7c003) mem 0x8001315a
core   0: 0x80003082 (0x4267c183) lbu     gp, 1062(a5)
core   0: 3 0x80003082 (0x4267c183) x 3 0x000000bb mem 0x800137a1
core   0: 0x80003086 (0x340b14f3) csrrw   s1, mscratch, s6
core   0: 3 0x80003086 (0x340b14f3) x 9 0x8002405f c832_mscratch 0x00000000
core   0: 0x8000308a (0x14b7a0a3) sw      a1, 321(a5)
core   0: 3 0x8000308a (0x14b7a0a3) mem 0x800134bc 0x00000077
core   0: 0x8000308e (0x00021497) auipc   s1, 0x21
core   0: 3 0x8000308e (0x00021497) x 9 0x8002408e
core   0: 0x80003092 (0xff648493) addi    s1, s1, -10
core   0: 3 0x80003092 (0xff648493) x 9 0x80024084
core   0: 0x80003096 (0x00009b52) c.add   s6, s4
core   0: 3 0x80003096 (0x9b52) x22 0x00000048
core   0: 0x80003098 (0x00000001) c.nop
core   0: 3 0x80003098 (0x0001)
core   0: 0x8000309a (0xdf3fc793) xori    a5, t6, -525
core   0: 3 0x8000309a (0xdf3fc793) x15 0xffffe85b
core   0: 0x8000309e (0x00006a3d) c.lui   s4, 0xf
core   0: 3 0x8000309e (0x6a3d) x20 0x0000f000
core   0: 0x800030a0 (0x1204a92f) lr.w    s2, (s1)
core   0: 3 0x800030a0 (0x1204a92f) x18 0x007c1dc8 mem 0x80024084
core   0: 0x800030a4 (0x00008e3e) c.mv    t3, a5
core   0: 3 0x800030a4 (0x8e3e) x28 0xffffe85b
core   0: 0x800030a6 (0x00008ff5) c.and   a5, a3
core   0: 3 0x800030a6 (0x8ff5) x15 0x00000001
core   0: 0x800030a8 (0x00001d7d) c.addi  s10, -1
core   0: 3 0x800030a8 (0x1d7d) x26 0xffff8001
core   0: 0x800030aa (0x6c7a3897) auipc   a7, 0x6c7a3
core   0: 3 0x800030aa (0x6c7a3897) x17 0xec7a60aa
core   0: 0x800030ae (0x18c4ac2f) sc.w    s8, a2, (s1)
core   0: 3 0x800030ae (0x18c4ac2f) x24 0x00000000 mem 0x80024084 0x80002ff8
core   0: 0x800030b2 (0x00021697) auipc   a3, 0x21
core   0: 3 0x800030b2 (0x00021697) x13 0x800240b2
core   0: 0x800030b6 (0xfd268693) addi    a3, a3, -46
core   0: 3 0x800030b6 (0xfd268693) x13 0x80024084
core   0: 0x800030ba (0x00021817) auipc   a6, 0x21
core   0: 3 0x800030ba (0x00021817) x16 0x800240ba
core   0: 0x800030be (0xfbe80813) addi    a6, a6, -66
core   0: 3 0x800030be (0xfbe80813) x16 0x80024078
core   0: 0x800030c2 (0x00021617) auipc   a2, 0x21
core   0: 3 0x800030c2 (0x00021617) x12 0x800240c2
core   0: 0x800030c6 (0xf8e60613) addi    a2, a2, -114
core   0: 3 0x800030c6 (0xf8e60613) x12 0x80024050
core   0: 0x800030ca (0x00a65cb3) srl     s9, a2, a0
core   0: 3 0x800030ca (0x00a65cb3) x25 0x80024050
core   0: 0x800030ce (0x00004a49) c.li    s4, 18
core   0: 3 0x800030ce (0x4a49) x20 0x00000012
core   0: 0x800030d0 (0x0cf82faf) amoswap.w t6, a5, (a6)
core   0: 3 0x800030d0 (0x0cf82faf) x31 0x0000001c mem 0x80024078 mem 0x80024078 0x00000001
core   0: 0x800030d4 (0xd30b7b13) andi    s6, s6, -720
core   0: 3 0x800030d4 (0xd30b7b13) x22 0x00000000
core   0: 0x800030d8 (0xa2f82daf) amomax.w s11, a5, (a6)
core   0: 3 0x800030d8 (0xa2f82daf) x27 0x00000001 mem 0x80024078 mem 0x80024078 0x00000001
core   0: 0x800030dc (0x01f6232f) amoadd.w t1, t6, (a2)
core   0: 3 0x800030dc (0x01f6232f) x 6 0x00000000 mem 0x80024050 mem 0x80024050 0x0000001c
core   0: 0x800030e0 (0x00021517) auipc   a0, 0x21
core   0: 3 0x800030e0 (0x00021517) x10 0x800240e0
core   0: 0x800030e4 (0xfa050513) addi    a0, a0, -96
core   0: 3 0x800030e4 (0xfa050513) x10 0x80024080
core   0: 0x800030e8 (0x00021697) auipc   a3, 0x21
core   0: 3 0x800030e8 (0x00021697) x13 0x800240e8
core   0: 0x800030ec (0xf9c68693) addi    a3, a3, -100
core   0: 3 0x800030ec (0xf9c68693) x13 0x80024084
core   0: 0x800030f0 (0x2186a8af) amoxor.w a7, s8, (a3)
core   0: 3 0x800030f0 (0x2186a8af) x17 0x80002ff8 mem 0x80024084 mem 0x80024084 0x80002ff8
core   0: 0x800030f4 (0x0a652aaf) amoswap.w s5, t1, (a0)
core   0: 3 0x800030f4 (0x0a652aaf) x21 0x0200090d mem 0x80024080 mem 0x80024080 0x00000000
core   0: 0x800030f8 (0x00008f61) c.and   a4, s0
core   0: 3 0x800030f8 (0x8f61) x14 0x00000000
core   0: 0x800030fa (0x0956a42f) amoswap.w s0, s5, (a3)
core   0: 3 0x800030fa (0x0956a42f) x 8 0x80002ff8 mem 0x80024084 mem 0x80024084 0x0200090d
core   0: 0x800030fe (0x25c6a9af) amoxor.w s3, t3, (a3)
core   0: 3 0x800030fe (0x25c6a9af) x19 0x0200090d mem 0x80024084 mem 0x80024084 0xfdffe156
core   0: 0x80003102 (0x8396a8af) amomin.w a7, s9, (a3)
core   0: 3 0x80003102 (0x8396a8af) x17 0xfdffe156 mem 0x80024084 mem 0x80024084 0x80024050
core   0: 0x80003106 (0xe585262f) amomaxu.w a2, s8, (a0)
core   0: 3 0x80003106 (0xe585262f) x12 0x00000000 mem 0x80024080 mem 0x80024080 0x00000000
core   0: 0x8000310a (0xc576ab2f) amominu.w s6, s7, (a3)
core   0: 3 0x8000310a (0xc576ab2f) x22 0x80024050 mem 0x80024084 mem 0x80024084 0x00000000
core   0: 0x8000310e (0x80c6adaf) amomin.w s11, a2, (a3)
core   0: 3 0x8000310e (0x80c6adaf) x27 0x00000000 mem 0x80024084 mem 0x80024084 0x00000000
core   0: 0x80003112 (0x340029f3) csrr    s3, mscratch
core   0: 3 0x80003112 (0x340029f3) x19 0x00000000
core   0: 0x80003116 (0x82c5262f) amomin.w a2, a2, (a0)
core   0: 3 0x80003116 (0x82c5262f) x12 0x00000000 mem 0x80024080 mem 0x80024080 0x00000000
core   0: 0x8000311a (0x00011a97) auipc   s5, 0x11
core   0: 3 0x8000311a (0x00011a97) x21 0x8001411a
core   0: 0x8000311e (0x846a8a93) addi    s5, s5, -1978
core   0: 3 0x8000311e (0x846a8a93) x21 0x80013960
core   0: 0x80003122 (0x00010517) auipc   a0, 0x10
core   0: 3 0x80003122 (0x00010517) x10 0x80013122
core   0: 0x80003126 (0x6ca50513) addi    a0, a0, 1738
core   0: 3 0x80003126 (0x6ca50513) x10 0x800137ec
core   0: 0x8000312a (0xa58adf83) lhu     t6, -1448(s5)
core   0: 3 0x8000312a (0xa58adf83) x31 0x0000006f mem 0x800133b8
core   0: 0x8000312e (0xfed508a3) sb      a3, -15(a0)
core   0: 3 0x8000312e (0xfed508a3) mem 0x800137dd 0x84
core   0: 0x80003132 (0x08aa8703) lb      a4, 138(s5)
core   0: 3 0x80003132 (0x08aa8703) x14 0xffffff90 mem 0x800139ea
core   0: 0x80003136 (0x01855303) lhu     t1, 24(a0)
core   0: 3 0x80003136 (0x01855303) x 6 0x000043a5 mem 0x80013804
core   0: 0x8000313a (0xfe1508a3) sb      ra, -15(a0)
core   0: 3 0x8000313a (0xfe1508a3) mem 0x800137dd 0xe4
core   0: 0x8000313e (0x9d2a9c83) lh      s9, -1582(s5)
core   0: 3 0x8000313e (0x9d2a9c83) x25 0xfffff401 mem 0x80013332
core   0: 0x80003142 (0xfd951523) sh      s9, -54(a0)
core   0: 3 0x80003142 (0xfd951523) mem 0x800137b6 0xf401
core   0: 0x80003146 (0xc80a8e03) lb      t3, -896(s5)
core   0: 3 0x80003146 (0xc80a8e03) x28 0x00000048 mem 0x800135e0
core   0: 0x8000314a (0xfc954203) lbu     tp, -55(a0)
core   0: 3 0x8000314a (0xfc954203) x 4 0x00000071 mem 0x800137b5
core   0: 0x8000314e (0x1fca8083) lb      ra, 508(s5)
core   0: 3 0x8000314e (0x1fca8083) x 1 0xffffffe5 mem 0x80013b5c
core   0: 0x80003152 (0x02550203) lb      tp, 37(a0)
core   0: 3 0x80003152 (0x02550203) x 4 0xffffff84 mem 0x80013811
core   0: 0x80003156 (0xb95acc03) lbu     s8, -1131(s5)
core   0: 3 0x80003156 (0xb95acc03) x24 0x0000006a mem 0x800134f5
core   0: 0x8000315a (0xff455183) lhu     gp, -12(a0)
core   0: 3 0x8000315a (0xff455183) x 3 0x0000dd08 mem 0x800137e0
core   0: 0x8000315e (0x00021197) auipc   gp, 0x21
core   0: 3 0x8000315e (0x00021197) x 3 0x8002415e
core   0: 0x80003162 (0xf0a18193) addi    gp, gp, -246
core   0: 3 0x80003162 (0xf0a18193) x 3 0x80024068
core   0: 0x80003166 (0x00021597) auipc   a1, 0x21
core   0: 3 0x80003166 (0x00021597) x11 0x80024166
core   0: 0x8000316a (0xeea58593) addi    a1, a1, -278
core   0: 3 0x8000316a (0xeea58593) x11 0x80024050
core   0: 0x8000316e (0x00021c17) auipc   s8, 0x21
core   0: 3 0x8000316e (0x00021c17) x24 0x8002416e
core   0: 0x80003172 (0xeeec0c13) addi    s8, s8, -274
core   0: 3 0x80003172 (0xeeec0c13) x24 0x8002405c
core   0: 0x80003176 (0x00021817) auipc   a6, 0x21
core   0: 3 0x80003176 (0x00021817) x16 0x80024176
core   0: 0x8000317a (0xeea80813) addi    a6, a6, -278
core   0: 3 0x8000317a (0xeea80813) x16 0x80024060
core   0: 0x8000317e (0xa341a0af) amomax.w ra, s4, (gp)
core   0: 3 0x8000317e (0xa341a0af) x 1 0x00000088 mem 0x80024068 mem 0x80024068 0x00000088
core   0: 0x80003182 (0x02518eb3) mul     t4, gp, t0
core   0: 3 0x80003182 (0x02518eb3) x29 0xc1bbe740
core   0: 0x80003186 (0x82ac252f) amomin.w a0, a0, (s8)
core   0: 3 0x80003186 (0x82ac252f) x10 0x80002ec6 mem 0x8002405c mem 0x8002405c 0x80002ec6
core   0: 0x8000318a (0x22482faf) amoxor.w t6, tp, (a6)
core   0: 3 0x8000318a (0x22482faf) x31 0x8002ca7d mem 0x80024060 mem 0x80024060 0x7ffd35f9
core   0: 0x8000318e (0x000087e9) c.srai  a5, 26
core   0: 3 0x8000318e (0x87e9) x15 0x00000000
core   0: 0x80003190 (0xfb8c3313) sltiu   t1, s8, -72
core   0: 3 0x80003190 (0xfb8c3313) x 6 0x00000001
core   0: 0x80003194 (0x0431a12f) amoadd.w sp, gp, (gp)
core   0: 3 0x80003194 (0x0431a12f) x 2 0x00000088 mem 0x80024068 mem 0x80024068 0x800240f0
core   0: 0x80003198 (0x8021a4af) amomin.w s1, sp, (gp)
core   0: 3 0x80003198 (0x8021a4af) x 9 0x800240f0 mem 0x80024068 mem 0x80024068 0x800240f0
core   0: 0x8000319c (0xa001a22f) amomax.w tp, zero, (gp)
core   0: 3 0x8000319c (0xa001a22f) x 4 0x800240f0 mem 0x80024068 mem 0x80024068 0x00000000
core   0: 0x800031a0 (0x00011597) auipc   a1, 0x11
core   0: 3 0x800031a0 (0x00011597) x11 0x800141a0
core   0: 0x800031a4 (0x96058593) addi    a1, a1, -1696
core   0: 3 0x800031a4 (0x96058593) x11 0x80013b00
core   0: 0x800031a8 (0x00019217) auipc   tp, 0x19
core   0: 3 0x800031a8 (0x00019217) x 4 0x8001c1a8
core   0: 0x800031ac (0x8ab20213) addi    tp, tp, -1877
core   0: 3 0x800031ac (0x8ab20213) x 4 0x8001ba53
core   0: 0x800031b0 (0xfd424c03) lbu     s8, -44(tp)
core   0: 3 0x800031b0 (0xfd424c03) x24 0x00000035 mem 0x8001ba27
core   0: 0x800031b4 (0x2b35c303) lbu     t1, 691(a1)
core   0: 3 0x800031b4 (0x2b35c303) x 6 0x0000004f mem 0x80013db3
core   0: 0x800031b8 (0x00d21303) lh      t1, 13(tp)
core   0: 3 0x800031b8 (0x00d21303) x 6 0x000017b5 mem 0x8001ba60
core   0: 0x800031bc (0xb795c683) lbu     a3, -1159(a1)
core   0: 3 0x800031bc (0xb795c683) x13 0x00000067 mem 0x80013679
core   0: 0x800031c0 (0xed359323) sh      s3, -314(a1)
core   0: 3 0x800031c0 (0xed359323) mem 0x800139c6 0x0000
core   0: 0x800031c4 (0xaf558fa3) sb      s5, -1281(a1)
core   0: 3 0x800031c4 (0xaf558fa3) mem 0x800135ff 0x60
core   0: 0x800031c8 (0xfe620483) lb      s1, -26(tp)
core   0: 3 0x800031c8 (0xfe620483) x 9 0x0000004c mem 0x8001ba39
core   0: 0x800031cc (0x03224983) lbu     s3, 50(tp)
core   0: 3 0x800031cc (0x03224983) x19 0x00000088 mem 0x8001ba85
core   0: 0x800031d0 (0xf7f5c883) lbu     a7, -129(a1)
core   0: 3 0x800031d0 (0xf7f5c883) x17 0x0000000f mem 0x80013a7f
core   0: 0x800031d4 (0x02824f83) lbu     t6, 40(tp)
core   0: 3 0x800031d4 (0x02824f83) x31 0x0000000e mem 0x8001ba7b
core   0: 0x800031d8 (0x3165db03) lhu     s6, 790(a1)
core   0: 3 0x800031d8 (0x3165db03) x22 0x00005130 mem 0x80013e16
core   0: 0x800031dc (0x00021197) auipc   gp, 0x21
core   0: 3 0x800031dc (0x00021197) x 3 0x800241dc
core   0: 0x800031e0 (0xe8c18193) addi    gp, gp, -372
core   0: 3 0x800031e0 (0xe8c18193) x 3 0x80024068
core   0: 0x800031e4 (0x0af1aeaf) amoswap.w t4, a5, (gp)
core   0: 3 0x800031e4 (0x0af1aeaf) x29 0x00000000 mem 0x80024068 mem 0x80024068 0x00000000
core   0: 0x800031e8 (0xa0f1acaf) amomax.w s9, a5, (gp)
core   0: 3 0x800031e8 (0xa0f1acaf) x25 0x00000000 mem 0x80024068 mem 0x80024068 0x00000000
core   0: 0x800031ec (0xbed47e13) andi    t3, s0, -1043
core   0: 3 0x800031ec (0xbed47e13) x28 0x80002be8
core   0: 0x800031f0 (0x023c7933) remu    s2, s8, gp
core   0: 3 0x800031f0 (0x023c7933) x18 0x00000035
core   0: 0x800031f4 (0x0000877a) c.mv    a4, t5
core   0: 3 0x800031f4 (0x877a) x14 0x8002cd24
core   0: 0x800031f6 (0xa1c1a32f) amomax.w t1, t3, (gp)
core   0: 3 0x800031f6 (0xa1c1a32f) x 6 0x00000000 mem 0x80024068 mem 0x80024068 0x00000000
core   0: 0x800031fa (0x00021197) auipc   gp, 0x21
core   0: 3 0x800031fa (0x00021197) x 3 0x800241fa
core   0: 0x800031fe (0xe7618193) addi    gp, gp, -394
core   0: 3 0x800031fe (0xe7618193) x 3 0x80024070
core   0: 0x80003202 (0x1201a8af) lr.w    a7, (gp)
core   0: 3 0x80003202 (0x1201a8af) x17 0x00000450 mem 0x80024070
core   0: 0x80003206 (0x02e79233) mulh    tp, a5, a4
core   0: 3 0x80003206 (0x02e79233) x 4 0x00000000
core   0: 0x8000320a (0x1af1afaf) sc.w    t6, a5, (gp)
core   0: 3 0x8000320a (0x1af1afaf) x31 0x00000000 mem 0x80024070 0x00000000
core   0: 0x8000320e (0x00019d97) auipc   s11, 0x19
core   0: 3 0x8000320e (0x00019d97) x27 0x8001c20e
core   0: 0x80003212 (0x99ad8d93) addi    s11, s11, -1638
core   0: 3 0x80003212 (0x99ad8d93) x27 0x8001bba8
core   0: 0x80003216 (0x0001bb17) auipc   s6, 0x1b
core   0: 3 0x80003216 (0x0001bb17) x22 0x8001e216
core   0: 0x8000321a (0xf9eb0b13) addi    s6, s6, -98
core   0: 3 0x8000321a (0xf9eb0b13) x22 0x8001e1b4
core   0: 0x8000321e (0xb55d8b23) sb      s5, -1194(s11)
core   0: 3 0x8000321e (0xb55d8b23) mem 0x8001b6fe 0x60
core   0: 0x80003222 (0x782d8aa3) sb      sp, 1941(s11)
core   0: 3 0x80003222 (0x782d8aa3) mem 0x8001c33d 0x88
core   0: 0x80003226 (0x662dca83) lbu     s5, 1634(s11)
core   0: 3 0x80003226 (0x662dca83) x21 0x00000028 mem 0x8001c20a
core   0: 0x8000322a (0x705d8e83) lb      t4, 1797(s11)
core   0: 3 0x8000322a (0x705d8e83) x29 0xffffffd1 mem 0x8001c2ad
core   0: 0x8000322e (0xff4b09a3) sb      s4, -13(s6)
core   0: 3 0x8000322e (0xff4b09a3) mem 0x8001e1a7 0x12
core   0: 0x80003232 (0xfe0b0e23) sb      zero, -4(s6)
core   0: 3 0x80003232 (0xfe0b0e23) mem 0x8001e1b0 0x0
core   0: 0x80003236 (0xfe6b0823) sb      t1, -16(s6)
core   0: 3 0x80003236 (0xfe6b0823) mem 0x8001e1a4 0x0
core   0: 0x8000323a (0xfe8dce83) lbu     t4, -24(s11)
core   0: 3 0x8000323a (0xfe8dce83) x29 0x00000087 mem 0x8001bb90
core   0: 0x8000323e (0xfe6b0823) sb      t1, -16(s6)
core   0: 3 0x8000323e (0xfe6b0823) mem 0x8001e1a4 0x0
core   0: 0x80003242 (0xff1b0903) lb      s2, -15(s6)
core   0: 3 0x80003242 (0xff1b0903) x18 0xffffffbd mem 0x8001e1a5
core   0: 0x80003246 (0xa33dc403) lbu     s0, -1485(s11)
core   0: 3 0x80003246 (0xa33dc403) x 8 0x0000007b mem 0x8001b5db
core   0: 0x8000324a (0xe7bd8603) lb      a2, -389(s11)
core   0: 3 0x8000324a (0xe7bd8603) x12 0xffffffb4 mem 0x8001ba23
core   0: 0x8000324e (0xea0d8da3) sb      zero, -325(s11)
core   0: 3 0x8000324e (0xea0d8da3) mem 0x8001ba63 0x0
core   0: 0x80003252 (0xffeb0483) lb      s1, -2(s6)
core   0: 3 0x80003252 (0xffeb0483) x 9 0x0000006f mem 0x8001e1b2
core   0: 0x80003256 (0xff1b0303) lb      t1, -15(s6)
core   0: 3 0x80003256 (0xff1b0303) x 6 0xffffffbd mem 0x8001e1a5
core   0: 0x8000325a (0xd5ad8403) lb      s0, -678(s11)
core   0: 3 0x8000325a (0xd5ad8403) x 8 0x0000004b mem 0x8001b902
core   0: 0x8000325e (0x000057e9) c.li    a5, -6
core   0: 3 0x8000325e (0x57e9) x15 0xfffffffa
core   0: 0x80003260 (0x036f2db3) mulhsu  s11, t5, s6
core   0: 3 0x80003260 (0x036f2db3) x27 0xc00075bd
core   0: 0x80003264 (0x000044bd) c.li    s1, 15
core   0: 3 0x80003264 (0x44bd) x 9 0x0000000f
core   0: 0x80003266 (0x00000001) c.nop
core   0: 3 0x80003266 (0x0001)
core   0: 0x80003268 (0x02289d33) mulh    s10, a7, sp
core   0: 3 0x80003268 (0x02289d33) x26 0x00000000
core   0: 0x8000326c (0x0000079d) c.addi  a5, 7
core   0: 3 0x8000326c (0x079d) x15 0x00000001
core   0: 0x8000326e (0x0000844d) c.srai  s0, 19
core   0: 3 0x8000326e (0x844d) x 8 0x00000000
core   0: 0x80003270 (0x0000088c) c.addi4spn a1, sp, 80
core   0: 3 0x80003270 (0x088c) x11 0x000000d8
core   0: 0x80003272 (0x00008c3d) c.xor   s0, a5
core   0: 3 0x80003272 (0x8c3d) x 8 0x00000001
core   0: 0x80003274 (0x00004c25) c.li    s8, 9
core   0: 3 0x80003274 (0x4c25) x24 0x00000009
core   0: 0x80003276 (0x03784e33) div     t3, a6, s7
core   0: 3 0x80003276 (0x03784e33) x28 0xffffffff
core   0: 0x8000327a (0x0387b0b3) mulhu   ra, a5, s8
core   0: 3 0x8000327a (0x0387b0b3) x 1 0x00000000
core   0: 0x8000327e (0x00c9ffb3) and     t6, s3, a2
core   0: 3 0x8000327e (0x00c9ffb3) x31 0x00000080
core   0: 0x80003282 (0x00004225) c.li    tp, 9
core   0: 3 0x80003282 (0x4225) x 4 0x00000009
core   0: 0x80003284 (0x340025f3) csrr    a1, mscratch
core   0: 3 0x80003284 (0x340025f3) x11 0x00000000
core   0: 0x80003288 (0x000015fd) c.addi  a1, -1
core   0: 3 0x80003288 (0x15fd) x11 0xffffffff
core   0: 0x8000328a (0x00008c1d) c.sub   s0, a5
core   0: 3 0x8000328a (0x8c1d) x 8 0x00000000
core   0: 0x8000328c (0x00001c61) c.addi  s8, -8
core   0: 3 0x8000328c (0x1c61) x24 0x00000001
core   0: 0x8000328e (0x00000ae1) c.addi  s5, 24
core   0: 3 0x8000328e (0x0ae1) x21 0x00000040
core   0: 0x80003290 (0xfe4c7de3) bgeu    s8, tp, pc - 6
core   0: 3 0x80003290 (0xfe4c7de3)
core   0: 0x80003294 (0x03cb5ab3) divu    s5, s6, t3
core   0: 3 0x80003294 (0x03cb5ab3) x21 0x00000000
core   0: 0x80003298 (0x00009e0a) c.add   t3, sp
core   0: 3 0x80003298 (0x9e0a) x28 0x00000087
core   0: 0x8000329a (0x92484a17) auipc   s4, 0x92484
core   0: 3 0x8000329a (0x92484a17) x20 0x1248729a
core   0: 0x8000329e (0xfc9785e3) beq     a5, s1, pc - 54
core   0: 3 0x8000329e (0xfc9785e3)
core   0: 0x800032a2 (0x64e33313) sltiu   t1, t1, 1614
core   0: 3 0x800032a2 (0x64e33313) x 6 0x00000000
core   0: 0x800032a6 (0x00010a17) auipc   s4, 0x10
core   0: 3 0x800032a6 (0x00010a17) x20 0x800132a6
core   0: 0x800032aa (0xe34a0a13) addi    s4, s4, -460
core   0: 3 0x800032aa (0xe34a0a13) x20 0x800130da
core   0: 0x800032ae (0x000085e2) c.mv    a1, s8
core   0: 3 0x800032ae (0x85e2) x11 0x00000001
core   0: 0x800032b0 (0x0000127d) c.addi  tp, -1
core   0: 3 0x800032b0 (0x127d) x 4 0x00000008
core   0: 0x800032b2 (0x026faab3) mulhsu  s5, t6, t1
core   0: 3 0x800032b2 (0x026faab3) x21 0x00000000
core   0: 0x800032b6 (0x00000001) c.nop
core   0: 3 0x800032b6 (0x0001)
core   0: 0x800032b8 (0x01fa1423) sh      t6, 8(s4)
core   0: 3 0x800032b8 (0x01fa1423) mem 0x800130e2 0x0080
core   0: 0x800032bc (0x031a0e03) lb      t3, 49(s4)
core   0: 3 0x800032bc (0x031a0e03) x28 0x0000000d mem 0x8001310b
core   0: 0x800032c0 (0x029a08a3) sb      s1, 49(s4)
core   0: 3 0x800032c0 (0x029a08a3) mem 0x8001310b 0xf
core   0: 0x800032c4 (0x02ca4583) lbu     a1, 44(s4)
core   0: 3 0x800032c4 (0x02ca4583) x11 0x000000ae mem 0x80013106
core   0: 0x800032c8 (0x033a0623) sb      s3, 44(s4)
core   0: 3 0x800032c8 (0x033a0623) mem 0x80013106 0x88
core   0: 0x800032cc (0xfd7a4e03) lbu     t3, -41(s4)
core   0: 3 0x800032cc (0xfd7a4e03) x28 0x00000074 mem 0x800130b1
core   0: 0x800032d0 (0xfd7a0483) lb      s1, -41(s4)
core   0: 3 0x800032d0 (0xfd7a0483) x 9 0x00000074 mem 0x800130b1
core   0: 0x800032d4 (0x018a5983) lhu     s3, 24(s4)
core   0: 3 0x800032d4 (0x018a5983) x19 0x0000bde7 mem 0x800130f2
core   0: 0x800032d8 (0x018a1f83) lh      t6, 24(s4)
core   0: 3 0x800032d8 (0x018a1f83) x31 0xffffbde7 mem 0x800130f2
core   0: 0x800032dc (0x031a4303) lbu     t1, 49(s4)
core   0: 3 0x800032dc (0x031a4303) x 6 0x0000000f mem 0x8001310b
core   0: 0x800032e0 (0xfe8a1c03) lh      s8, -24(s4)
core   0: 3 0x800032e0 (0xfe8a1c03) x24 0xffffe061 mem 0x800130c2
core   0: 0x800032e4 (0x034a1923) sh      s4, 50(s4)
core   0: 3 0x800032e4 (0x034a1923) mem 0x8001310c 0x30da
core   0: 0x800032e8 (0xffda4903) lbu     s2, -3(s4)
core   0: 3 0x800032e8 (0xffda4903) x18 0x00000061 mem 0x800130d7
core   0: 0x800032ec (0xfc6a0703) lb      a4, -58(s4)
core   0: 3 0x800032ec (0xfc6a0703) x14 0xffffff93 mem 0x800130a0
core   0: 0x800032f0 (0x02a6c5b3) div     a1, a3, a0
core   0: 3 0x800032f0 (0x02a6c5b3) x11 0x00000000
core   0: 0x800032f4 (0xfc6a2983) lw      s3, -58(s4)
core   0: 3 0x800032f4 (0xfc6a2983) x19 0x92c4d293 mem 0x800130a0
core   0: 0x800032f8 (0xfdaa4d03) lbu     s10, -38(s4)
core   0: 3 0x800032f8 (0xfdaa4d03) x26 0x000000b9 mem 0x800130b4
core   0: 0x800032fc (0x03ba0683) lb      a3, 59(s4)
core   0: 3 0x800032fc (0x03ba0683) x13 0x00000030 mem 0x80013115
core   0: 0x80003300 (0x03da0d03) lb      s10, 61(s4)
core   0: 3 0x80003300 (0x03da0d03) x26 0xffffffbf mem 0x80013117
core   0: 0x80003304 (0x00021c17) auipc   s8, 0x21
core   0: 3 0x80003304 (0x00021c17) x24 0x80024304
core   0: 0x80003308 (0xd80c0c13) addi    s8, s8, -640
core   0: 3 0x80003308 (0xd80c0c13) x24 0x80024084
core   0: 0x8000330c (0x00008e55) c.or    a2, a3
core   0: 3 0x8000330c (0x8e55) x12 0xffffffb4
core   0: 0x8000330e (0x4d35a813) slti    a6, a1, 1235
core   0: 3 0x8000330e (0x4d35a813) x16 0x00000001
core   0: 0x80003312 (0x40c8d1b3) sra     gp, a7, a2
core   0: 3 0x80003312 (0x40c8d1b3) x 3 0x00000000
core   0: 0x80003316 (0x0197c433) xor     s0, a5, s9
core   0: 3 0x80003316 (0x0197c433) x 8 0x00000001
core   0: 0x8000331a (0x00008d89) c.sub   a1, a0
core   0: 3 0x8000331a (0x8d89) x11 0x7fffd13a
core   0: 0x8000331c (0x00000d11) c.addi  s10, 4
core   0: 3 0x8000331c (0x0d11) x26 0xffffffc3
core   0: 0x8000331e (0x34082873) csrrs   a6, mscratch, a6
core   0: 3 0x8000331e (0x34082873) x16 0x00000000 c832_mscratch 0x00000001
core   0: 0x80003322 (0x120c28af) lr.w    a7, (s8)
core   0: 3 0x80003322 (0x120c28af) x17 0x00000000 mem 0x80024084
core   0: 0x80003326 (0x000087ad) c.srai  a5, 11
core   0: 3 0x80003326 (0x87ad) x15 0x00000000
core   0: 0x80003328 (0x2cc02f93) slti    t6, zero, 716
core   0: 3 0x80003328 (0x2cc02f93) x31 0x00000001
core   0: 0x8000332c (0x181c272f) sc.w    a4, ra, (s8)
core   0: 3 0x8000332c (0x181c272f) x14 0x00000000 mem 0x80024084 0x00000000
core   0: 0x80003330 (0x00014c97) auipc   s9, 0x14
core   0: 3 0x80003330 (0x00014c97) x25 0x80017330
core   0: 0x80003334 (0xd66c8c93) addi    s9, s9, -666
core   0: 3 0x80003334 (0xd66c8c93) x25 0x80017096
core   0: 0x80003338 (0x00000001) c.nop
core   0: 3 0x80003338 (0x0001)
core   0: 0x8000333a (0xf06c9b83) lh      s7, -250(s9)
core   0: 3 0x8000333a (0xf06c9b83) x23 0x000052d7 mem 0x80016f9c
core   0: 0x8000333e (0x017b95b3) sll     a1, s7, s7
core   0: 3 0x8000333e (0x017b95b3) x11 0x6b800000
core   0: 0x80003342 (0x0000100f) fence.i
core   0: 3 0x80003342 (0x0000100f)
core   0: 0x80003346 (0x0285f433) remu    s0, a1, s0
core   0: 3 0x80003346 (0x0285f433) x 8 0x00000000
core   0: 0x8000334a (0xfb0cc803) lbu     a6, -80(s9)
core   0: 3 0x8000334a (0xfb0cc803) x16 0x000000bc mem 0x80017046
core   0: 0x8000334e (0x030c81a3) sb      a6, 35(s9)
core   0: 3 0x8000334e (0x030c81a3) mem 0x800170b9 0xbc
core   0: 0x80003352 (0x00008c55) c.or    s0, a3
core   0: 3 0x80003352 (0x8c55) x 8 0x00000030
core   0: 0x80003354 (0x00000001) c.nop
core   0: 3 0x80003354 (0x0001)
core   0: 0x80003356 (0x34059bf3) csrrw   s7, mscratch, a1
core   0: 3 0x80003356 (0x34059bf3) x23 0x00000001 c832_mscratch 0x6b800000
core   0: 0x8000335a (0x00b83433) sltu    s0, a6, a1
core   0: 3 0x8000335a (0x00b83433) x 8 0x00000001
core   0: 0x8000335e (0x030bb5b3) mulhu   a1, s7, a6
core   0: 3 0x8000335e (0x030bb5b3) x11 0x00000000
core   0: 0x80003362 (0x0000885e) c.mv    a6, s7
core   0: 3 0x80003362 (0x885e) x16 0x00000001
core   0: 0x80003364 (0xfd2ca583) lw      a1, -46(s9)
core   0: 3 0x80003364 (0xfd2ca583) x11 0x54137c1f mem 0x80017068
core   0: 0x80003368 (0x0000587d) c.li    a6, -1
core   0: 3 0x80003368 (0x587d) x16 0xffffffff
core   0: 0x8000336a (0xf75c8403) lb      s0, -139(s9)
core   0: 3 0x8000336a (0xf75c8403) x 8 0x00000035 mem 0x8001700b
core   0: 0x8000336e (0xfcbc8e83) lb      t4, -53(s9)
core   0: 3 0x8000336e (0xfcbc8e83) x29 0xffffffba mem 0x80017061
core   0: 0x80003372 (0x025ccb83) lbu     s7, 37(s9)
core   0: 3 0x80003372 (0x025ccb83) x23 0x000000f2 mem 0x800170bb
core   0: 0x80003376 (0x017c8723) sb      s7, 14(s9)
core   0: 3 0x80003376 (0x017c8723) mem 0x800170a4 0xf2
core   0: 0x8000337a (0x0cdc80a3) sb      a3, 193(s9)
core   0: 3 0x8000337a (0x0cdc80a3) mem 0x80017157 0x30
core   0: 0x8000337e (0xf9dc8ca3) sb      t4, -103(s9)
core   0: 3 0x8000337e (0xf9dc8ca3) mem 0x8001702f 0xba
core   0: 0x80003382 (0x000055fd) c.li    a1, -1
core   0: 3 0x80003382 (0x55fd) x11 0xffffffff
core   0: 0x80003384 (0x40ced813) srai    a6, t4, 12
core   0: 3 0x80003384 (0x40ced813) x16 0xffffffff
core   0: 0x80003388 (0x01dc87a3) sb      t4, 15(s9)
core   0: 3 0x80003388 (0x01dc87a3) mem 0x800170a5 0xba
core   0: 0x8000338c (0x0ff0000f) fence   iorw,iorw
core   0: 3 0x8000338c (0x0ff0000f)
core   0: 0x80003390 (0x02885bb3) divu    s7, a6, s0
core   0: 3 0x80003390 (0x02885bb3) x23 0x04d4873e
core   0: 0x80003394 (0x000006fa) c.slli  a3, 30
core   0: 3 0x80003394 (0x06fa) x13 0x00000000
core   0: 0x80003396 (0xf2dc8a23) sb      a3, -204(s9)
core   0: 3 0x80003396 (0xf2dc8a23) mem 0x80016fca 0x0
core   0: 0x8000339a (0x0c4cd803) lhu     a6, 196(s9)
core   0: 3 0x8000339a (0x0c4cd803) x16 0x0000bc7c mem 0x8001715a
core   0: 0x8000339e (0xfd7c9023) sh      s7, -64(s9)
core   0: 3 0x8000339e (0xfd7c9023) mem 0x80017056 0x873e
core   0: 0x800033a2 (0x0bdc84a3) sb      t4, 169(s9)
core   0: 3 0x800033a2 (0x0bdc84a3) mem 0x8001713f 0xba
core   0: 0x800033a6 (0x0daca403) lw      s0, 218(s9)
core   0: 3 0x800033a6 (0x0daca403) x 8 0x33e15580 mem 0x80017170
core   0: 0x800033aa (0x02d41433) mulh    s0, s0, a3
core   0: 3 0x800033aa (0x02d41433) x 8 0x00000000
core   0: 0x800033ae (0x017c82a3) sb      s7, 5(s9)
core   0: 3 0x800033ae (0x017c82a3) mem 0x8001709b 0x3e
core   0: 0x800033b2 (0x340076f3) csrrci  a3, mscratch, 0
core   0: 3 0x800033b2 (0x340076f3) x13 0x6b800000
core   0: 0x800033b6 (0x0cbcc803) lbu     a6, 203(s9)
core   0: 3 0x800033b6 (0x0cbcc803) x16 0x000000d0 mem 0x80017161
core   0: 0x800033ba (0x02843eb3) mulhu   t4, s0, s0
core   0: 3 0x800033ba (0x02843eb3) x29 0x00000000
core   0: 0x800033be (0x340256f3) csrrwi  a3, mscratch, 4
core   0: 3 0x800033be (0x340256f3) x13 0x6b800000 c832_mscratch 0x00000004
core   0: 0x800033c2 (0x01086eb3) or      t4, a6, a6
core   0: 3 0x800033c2 (0x01086eb3) x29 0x000000d0
core   0: 0x800033c6 (0x1f8b8813) addi    a6, s7, 504
core   0: 3 0x800033c6 (0x1f8b8813) x16 0x04d48936
core   0: 0x800033ca (0x401ede93) srai    t4, t4, 1
core   0: 3 0x800033ca (0x401ede93) x29 0x00000068
core   0: 0x800033ce (0x10983813) sltiu   a6, a6, 265
core   0: 3 0x800033ce (0x10983813) x16 0x00000000
core   0: 0x800033d2 (0x0305a433) mulhsu  s0, a1, a6
core   0: 3 0x800033d2 (0x0305a433) x 8 0x00000000
core   0: 0x800033d6 (0xf00c8403) lb      s0, -256(s9)
core   0: 3 0x800033d6 (0xf00c8403) x 8 0xffffff90 mem 0x80016f96
core   0: 0x800033da (0x00011a17) auipc   s4, 0x11
core   0: 3 0x800033da (0x00011a17) x20 0x800143da
core   0: 0x800033de (0x818a0a13) addi    s4, s4, -2024
core   0: 3 0x800033de (0x818a0a13) x20 0x80013bf2
core   0: 0x800033e2 (0x007a4b83) lbu     s7, 7(s4)
core   0: 3 0x800033e2 (0x007a4b83) x23 0x0000000b mem 0x80013bf9
core   0: 0x800033e6 (0x0176c6b3) xor     a3, a3, s7
core   0: 3 0x800033e6 (0x0176c6b3) x13 0x6b80000b
core   0: 0x800033ea (0x013b1193) slli    gp, s6, 19
core   0: 3 0x800033ea (0x013b1193) x 3 0x0da00000
core   0: 0x800033ee (0xffaa0003) lb      zero, -6(s4)
core   0: 3 0x800033ee (0xffaa0003) mem 0x80013bec
core   0: 0x800033f2 (0xfe9a4e83) lbu     t4, -23(s4)
core   0: 3 0x800033f2 (0xfe9a4e83) x29 0x000000ae mem 0x80013bdb
core   0: 0x800033f6 (0x02ea5603) lhu     a2, 46(s4)
core   0: 3 0x800033f6 (0x02ea5603) x12 0x0000cd24 mem 0x80013c20
core   0: 0x800033fa (0x00ba1f23) sh      a1, 30(s4)
core   0: 3 0x800033fa (0x00ba1f23) mem 0x80013c10 0xffff
core   0: 0x800033fe (0x1dcefd13) andi    s10, t4, 476
core   0: 3 0x800033fe (0x1dcefd13) x26 0x0000008c
core   0: 0x80003402 (0x03ca1503) lh      a0, 60(s4)
core   0: 3 0x80003402 (0x03ca1503) x10 0xffffecf7 mem 0x80013c2e
core   0: 0x80003406 (0x024a5b83) lhu     s7, 36(s4)
core   0: 3 0x80003406 (0x024a5b83) x23 0x00003adf mem 0x80013c16
core   0: 0x8000340a (0x039a0da3) sb      s9, 59(s4)
core   0: 3 0x8000340a (0x039a0da3) mem 0x80013c2d 0x96
core   0: 0x8000340e (0x0000100f) fence.i
core   0: 3 0x8000340e (0x0000100f)
core   0: 0x80003412 (0x0186d913) srli    s2, a3, 24
core   0: 3 0x80003412 (0x0186d913) x18 0x0000006b
core   0: 0x80003416 (0x020a0ea3) sb      zero, 61(s4)
core   0: 3 0x80003416 (0x020a0ea3) mem 0x80013c2f 0x0
core   0: 0x8000341a (0x02bb6933) rem     s2, s6, a1
core   0: 3 0x8000341a (0x02bb6933) x18 0x00000000
core   0: 0x8000341e (0xfeca0303) lb      t1, -20(s4)
core   0: 3 0x8000341e (0xfeca0303) x 6 0x00000001 mem 0x80013bde
core   0: 0x80003422 (0x03da0c23) sb      t4, 56(s4)
core   0: 3 0x80003422 (0x03da0c23) mem 0x80013c2a 0xae
core   0: 0x80003426 (0x0020a633) slt     a2, ra, sp
core   0: 3 0x80003426 (0x0020a633) x12 0x00000001
core   0: 0x8000342a (0x00000001) c.nop
core   0: 3 0x8000342a (0x0001)
core   0: 0x8000342c (0x037a0183) lb      gp, 55(s4)
core   0: 3 0x8000342c (0x037a0183) x 3 0x00000004 mem 0x80013c29
core   0: 0x80003430 (0xb0606e97) auipc   t4, 0xb0606
core   0: 3 0x80003430 (0xb0606e97) x29 0x30609430
core   0: 0x80003434 (0x02fe6433) rem     s0, t3, a5
core   0: 3 0x80003434 (0x02fe6433) x 8 0x00000074
core   0: 0x80003438 (0xfd6a03a3) sb      s6, -57(s4)
core   0: 3 0x80003438 (0xfd6a03a3) mem 0x80013bb9 0xb4
core   0: 0x8000343c (0x018ff0b3) and     ra, t6, s8
core   0: 3 0x8000343c (0x018ff0b3) x 1 0x00000000
core   0: 0x80003440 (0x012a5f83) lhu     t6, 18(s4)
core   0: 3 0x80003440 (0x012a5f83) x31 0x0000d082 mem 0x80013c04
core   0: 0x80003444 (0xc281f093) andi    ra, gp, -984
core   0: 3 0x80003444 (0xc281f093) x 1 0x00000000
core   0: 0x80003448 (0x01aa2b83) lw      s7, 26(s4)
core   0: 3 0x80003448 (0x01aa2b83) x23 0x0e6cfe1a mem 0x80013c0c
core   0: 0x8000344c (0xfd6a5c83) lhu     s9, -42(s4)
core   0: 3 0x8000344c (0xfd6a5c83) x25 0x0000718d mem 0x80013bc8
core   0: 0x80003450 (0x340097f3) csrrw   a5, mscratch, ra
core   0: 3 0x80003450 (0x340097f3) x15 0x00000004 c832_mscratch 0x00000000
core   0: 0x80003454 (0x023a0603) lb      a2, 35(s4)
core   0: 3 0x80003454 (0x023a0603) x12 0x00000060 mem 0x80013c15
core   0: 0x80003458 (0xfffa0483) lb      s1, -1(s4)
core   0: 3 0x80003458 (0xfffa0483) x 9 0x00000000 mem 0x80013bf1
core   0: 0x8000345c (0xfe3a4403) lbu     s0, -29(s4)
core   0: 3 0x8000345c (0xfe3a4403) x 8 0x00000002 mem 0x80013bd5
core   0: 0x80003460 (0xfd8a4003) lbu     zero, -40(s4)
core   0: 3 0x80003460 (0xfd8a4003) mem 0x80013bca
core   0: 0x80003464 (0xfe7a0b83) lb      s7, -25(s4)
core   0: 3 0x80003464 (0xfe7a0b83) x23 0x00000027 mem 0x80013bd9
core   0: 0x80003468 (0xfc7a0da3) sb      t2, -37(s4)
core   0: 3 0x80003468 (0xfc7a0da3) mem 0x80013bcd 0x6
core   0: 0x8000346c (0xfc0a0083) lb      ra, -64(s4)
core   0: 3 0x8000346c (0xfc0a0083) x 1 0x00000000 mem 0x80013bb2
core   0: 0x80003470 (0xfc7a00a3) sb      t2, -63(s4)
core   0: 3 0x80003470 (0xfc7a00a3) mem 0x80013bb3 0x6
core   0: 0x80003474 (0x033a6b33) rem     s6, s4, s3
core   0: 3 0x80003474 (0x033a6b33) x22 0xed3c695f
core   0: 0x80003478 (0x02389563) bne     a7, gp, pc + 42
core   0: 3 0x80003478 (0x02389563)
core   0: 0x800034a2 (0x005e5263) bge     t3, t0, pc + 4
core   0: 3 0x800034a2 (0x005e5263)
core   0: 0x800034a6 (0x00570c63) beq     a4, t0, pc + 24
core   0: 3 0x800034a6 (0x00570c63)
core   0: 0x800034aa (0x01c81f63) bne     a6, t3, pc + 30
core   0: 3 0x800034aa (0x01c81f63)
core   0: 0x800034c8 (0x0000100f) fence.i
core   0: 3 0x800034c8 (0x0000100f)
core   0: 0x800034cc (0x0000100f) fence.i
core   0: 3 0x800034cc (0x0000100f)
core   0: 0x800034d0 (0x00004c7d) c.li    s8, 31
core   0: 3 0x800034d0 (0x4c7d) x24 0x0000001f
core   0: 0x800034d2 (0x007f9e33) sll     t3, t6, t2
core   0: 3 0x800034d2 (0x007f9e33) x28 0x00342080
core   0: 0x800034d6 (0x34002173) csrr    sp, mscratch
core   0: 3 0x800034d6 (0x34002173) x 2 0x00000000
core   0: 0x800034da (0x004eeb33) or      s6, t4, tp
core   0: 3 0x800034da (0x004eeb33) x22 0x30609438
core   0: 0x800034de (0x340a6d73) csrrsi  s10, mscratch, 20
core   0: 3 0x800034de (0x340a6d73) x26 0x00000000 c832_mscratch 0x00000014
core   0: 0x800034e2 (0x0290f663) bgeu    ra, s1, pc + 44
core   0: 3 0x800034e2 (0x0290f663)
core   0: 0x8000350e (0x00009dc2) c.add   s11, a6
core   0: 3 0x8000350e (0x9dc2) x27 0xc00075bd
core   0: 0x80003510 (0x01465133) srl     sp, a2, s4
core   0: 3 0x80003510 (0x01465133) x 2 0x00000000
core   0: 0x80003514 (0x40640fb3) sub     t6, s0, t1
core   0: 3 0x80003514 (0x40640fb3) x31 0x00000001
core   0: 0x80003518 (0x0001d493) srli    s1, gp, 0
core   0: 3 0x80003518 (0x0001d493) x 9 0x00000004
core   0: 0x8000351c (0x34006bf3) csrrsi  s7, mscratch, 0
core   0: 3 0x8000351c (0x34006bf3) x23 0x00000014
core   0: 0x80003520 (0x02acb233) mulhu   tp, s9, a0
core   0: 3 0x80003520 (0x02acb233) x 4 0x0000718c
core   0: 0x80003524 (0x34003af3) csrrc   s5, mscratch, zero
core   0: 3 0x80003524 (0x34003af3) x21 0x00000014
core   0: 0x80003528 (0x00008ca9) c.xor   s1, a0
core   0: 3 0x80003528 (0x8ca9) x 9 0xffffecf3
core   0: 0x8000352a (0x00008d29) c.xor   a0, a0
core   0: 3 0x8000352a (0x8d29) x10 0x00000000
core   0: 0x8000352c (0x00005d7d) c.li    s10, -1
core   0: 3 0x8000352c (0x5d7d) x26 0xffffffff
core   0: 0x8000352e (0x007a4ab3) xor     s5, s4, t2
core   0: 3 0x8000352e (0x007a4ab3) x21 0x80013bf4
core   0: 0x80003532 (0x340ee873) csrrsi  a6, mscratch, 29
core   0: 3 0x80003532 (0x340ee873) x16 0x00000014 c832_mscratch 0x0000001d
core   0: 0x80003536 (0x00921233) sll     tp, tp, s1
core   0: 3 0x80003536 (0x00921233) x 4 0x8c600000
core   0: 0x8000353a (0x00004d65) c.li    s10, 25
core   0: 3 0x8000353a (0x4d65) x26 0x00000019
core   0: 0x8000353c (0x00107eb3) and     t4, zero, ra
core   0: 3 0x8000353c (0x00107eb3) x29 0x00000000
core   0: 0x80003540 (0x00408ab3) add     s5, ra, tp
core   0: 3 0x80003540 (0x00408ab3) x21 0x8c600000
core   0: 0x80003544 (0x0000717d) c.addi16sp sp, -16
core   0: 3 0x80003544 (0x717d) x 2 0xfffffff0
core   0: 0x80003546 (0x02481933) mulh    s2, a6, tp
core   0: 3 0x80003546 (0x02481933) x18 0xfffffff6
core   0: 0x8000354a (0x340e9ef3) csrrw   t4, mscratch, t4
core   0: 3 0x8000354a (0x340e9ef3) x29 0x0000001d c832_mscratch 0x00000000
core   0: 0x8000354e (0x00008722) c.mv    a4, s0
core   0: 3 0x8000354e (0x8722) x14 0x00000002
core   0: 0x80003550 (0x0052ca33) xor     s4, t0, t0
core   0: 3 0x80003550 (0x0052ca33) x20 0x00000000
core   0: 0x80003554 (0x0000425d) c.li    tp, 23
core   0: 3 0x80003554 (0x425d) x 4 0x00000017
core   0: 0x80003556 (0x0214f333) remu    t1, s1, ra
core   0: 3 0x80003556 (0x0214f333) x 6 0xffffecf3
core   0: 0x8000355a (0x000089de) c.mv    s3, s7
core   0: 3 0x8000355a (0x89de) x19 0x00000014
core   0: 0x8000355c (0x035c9bb3) mulh    s7, s9, s5
core   0: 3 0x8000355c (0x035c9bb3) x23 0xffffccb6
core   0: 0x80003560 (0x009aefb3) or      t6, s5, s1
core   0: 3 0x80003560 (0x009aefb3) x31 0xffffecf3
core   0: 0x80003564 (0x0276e933) rem     s2, a3, t2
core   0: 3 0x80003564 (0x0276e933) x18 0x00000003
core   0: 0x80003568 (0x4104d333) sra     t1, s1, a6
core   0: 3 0x80003568 (0x4104d333) x 6 0xffffffff
core   0: 0x8000356c (0x34002073) csrr    zero, mscratch
core   0: 3 0x8000356c (0x34002073)
core   0: 0x80003570 (0x00001598) c.addi4spn a4, sp, 736
core   0: 3 0x80003570 (0x1598) x14 0x000002d0
core   0: 0x80003572 (0x03058263) beq     a1, a6, pc + 36
core   0: 3 0x80003572 (0x03058263)
core   0: 0x80003576 (0x000083ed) c.srli  a5, 27
core   0: 3 0x80003576 (0x83ed) x15 0x00000000
core   0: 0x80003578 (0x078bc663) blt     s7, s8, pc + 108
core   0: 3 0x80003578 (0x078bc663)
core   0: 0x800035e4 (0x02bcb033) mulhu   zero, s9, a1
core   0: 3 0x800035e4 (0x02bcb033)
core   0: 0x800035e8 (0xe765cc93) xori    s9, a1, -394
core   0: 3 0x800035e8 (0xe765cc93) x25 0x00000189
core   0: 0x800035ec (0x0000100f) fence.i
core   0: 3 0x800035ec (0x0000100f)
core   0: 0x800035f0 (0x03bad6b3) divu    a3, s5, s11
core   0: 3 0x800035f0 (0x03bad6b3) x13 0x00000000
core   0: 0x800035f4 (0x00008735) c.srai  a4, 13
core   0: 3 0x800035f4 (0x8735) x14 0x00000000
core   0: 0x800035f6 (0x00335113) srli    sp, t1, 3
core   0: 3 0x800035f6 (0x00335113) x 2 0x1fffffff
core   0: 0x800035fa (0x00010117) auipc   sp, 0x10
core   0: 3 0x800035fa (0x00010117) x 2 0x800135fa
core   0: 0x800035fe (0x3a110113) addi    sp, sp, 929
core   0: 3 0x800035fe (0x3a110113) x 2 0x8001399b
core   0: 0x80003602 (0x87b11983) lh      s3, -1925(sp)
core   0: 3 0x80003602 (0x87b11983) x19 0x00002a05 mem 0x80013216
core   0: 0x80003606 (0x9d3103a3) sb      s3, -1593(sp)
core   0: 3 0x80003606 (0x9d3103a3) mem 0x80013362 0x5
core   0: 0x8000360a (0x1cb10a23) sb      a1, 468(sp)
core   0: 3 0x8000360a (0x1cb10a23) mem 0x80013b6f 0xff
core   0: 0x8000360e (0x000080e9) c.srli  s1, 26
core   0: 3 0x8000360e (0x80e9) x 9 0x0000003f
core   0: 0x80003610 (0x2ce10d83) lb      s11, 718(sp)
core   0: 3 0x80003610 (0x2ce10d83) x27 0xffffffbf mem 0x80013c69
core   0: 0x80003614 (0x3b710223) sb      s7, 932(sp)
core   0: 3 0x80003614 (0x3b710223) mem 0x80013d3f 0xb6
core   0: 0x80003618 (0x0335abb3) mulhsu  s7, a1, s3
core   0: 3 0x80003618 (0x0335abb3) x23 0xffffffff
core   0: 0x8000361c (0xd8414583) lbu     a1, -636(sp)
core   0: 3 0x8000361c (0xd8414583) x11 0x00000049 mem 0x8001371f
core   0: 0x80003620 (0xfeb105a3) sb      a1, -21(sp)
core   0: 3 0x80003620 (0xfeb105a3) mem 0x80013986 0x49
core   0: 0x80003624 (0xafc10b83) lb      s7, -1284(sp)
core   0: 3 0x80003624 (0xafc10b83) x23 0x00000070 mem 0x80013497
core   0: 0x80003628 (0xb7b10123) sb      s11, -1182(sp)
core   0: 3 0x80003628 (0xb7b10123) mem 0x800134fd 0xbf
core   0: 0x8000362c (0xc9f14d83) lbu     s11, -865(sp)
core   0: 3 0x8000362c (0xc9f14d83) x27 0x000000e4 mem 0x8001363a
core   0: 0x80003630 (0x009ef5b3) and     a1, t4, s1
core   0: 3 0x80003630 (0x009ef5b3) x11 0x0000001d
core   0: 0x80003634 (0x9e014483) lbu     s1, -1568(sp)
core   0: 3 0x80003634 (0x9e014483) x 9 0x000000d8 mem 0x8001337b
core   0: 0x80003638 (0x02b9bbb3) mulhu   s7, s3, a1
core   0: 3 0x80003638 (0x02b9bbb3) x23 0x00000000
core   0: 0x8000363c (0xa8614583) lbu     a1, -1402(sp)
core   0: 3 0x8000363c (0xa8614583) x11 0x00000008 mem 0x80013421
core   0: 0x80003640 (0x8ff15483) lhu     s1, -1793(sp)
core   0: 3 0x80003640 (0x8ff15483) x 9 0x0000ffff mem 0x8001329a
core   0: 0x80003644 (0x01b584b3) add     s1, a1, s11
core   0: 3 0x80003644 (0x01b584b3) x 9 0x000000ec
core   0: 0x80003648 (0x44311b83) lh      s7, 1091(sp)
core   0: 3 0x80003648 (0x44311b83) x23 0x00004f92 mem 0x80013dde
core   0: 0x8000364c (0xb0c14d83) lbu     s11, -1268(sp)
core   0: 3 0x8000364c (0xb0c14d83) x27 0x000000a8 mem 0x800134a7
core   0: 0x80003650 (0x92315983) lhu     s3, -1757(sp)
core   0: 3 0x80003650 (0x92315983) x19 0x0000fcb3 mem 0x800132be
core   0: 0x80003654 (0x02b4d4b3) divu    s1, s1, a1
core   0: 3 0x80003654 (0x02b4d4b3) x 9 0x0000001d
core   0: 0x80003658 (0xbc214d83) lbu     s11, -1086(sp)
core   0: 3 0x80003658 (0xbc214d83) x27 0x0000006b mem 0x8001355d
core   0: 0x8000365c (0x30c14583) lbu     a1, 780(sp)
core   0: 3 0x8000365c (0x30c14583) x11 0x0000007a mem 0x80013ca7
core   0: 0x80003660 (0x029e9bb3) mulh    s7, t4, s1
core   0: 3 0x80003660 (0x029e9bb3) x23 0x00000000
core   0: 0x80003664 (0x81111b83) lh      s7, -2031(sp)
core   0: 3 0x80003664 (0x81111b83) x23 0xffffcfce mem 0x800131ac
core   0: 0x80003668 (0x0099fdb3) and     s11, s3, s1
core   0: 3 0x80003668 (0x0099fdb3) x27 0x00000011
core   0: 0x8000366c (0x402dd993) srai    s3, s11, 2
core   0: 3 0x8000366c (0x402dd993) x19 0x00000004
core   0: 0x80003670 (0x3405b9f3) csrrc   s3, mscratch, a1
core   0: 3 0x80003670 (0x3405b9f3) x19 0x00000000 c832_mscratch 0x00000000
core   0: 0x80003674 (0x2e510b83) lb      s7, 741(sp)
core   0: 3 0x80003674 (0x2e510b83) x23 0xffffff84 mem 0x80013c80
core   0: 0x80003678 (0x14515483) lhu     s1, 325(sp)
core   0: 3 0x80003678 (0x14515483) x 9 0x00000570 mem 0x80013ae0
core   0: 0x8000367c (0xc3b10823) sb      s11, -976(sp)
core   0: 3 0x8000367c (0xc3b10823) mem 0x800135cb 0x11
core   0: 0x80003680 (0x00cedb93) srli    s7, t4, 12
core   0: 3 0x80003680 (0x00cedb93) x23 0x00000000
core   0: 0x80003684 (0x340a59f3) csrrwi  s3, mscratch, 20
core   0: 3 0x80003684 (0x340a59f3) x19 0x00000000 c832_mscratch 0x00000014
core   0: 0x80003688 (0x4eb14583) lbu     a1, 1259(sp)
core   0: 3 0x80003688 (0x4eb14583) x11 0x0000006e mem 0x80013e86
core   0: 0x8000368c (0x01310823) sb      s3, 16(sp)
core   0: 3 0x8000368c (0x01310823) mem 0x800139ab 0x0
core   0: 0x80003690 (0x02cd2cb3) mulhsu  s9, s10, a2
core   0: 3 0x80003690 (0x02cd2cb3) x25 0x00000000
core   0: 0x80003694 (0x000082ed) c.srli  a3, 27
core   0: 3 0x80003694 (0x82ed) x13 0x00000000
core   0: 0x80003696 (0x0024b0b3) sltu    ra, s1, sp
core   0: 3 0x80003696 (0x0024b0b3) x 1 0x00000001
core   0: 0x8000369a (0x40e85c93) srai    s9, a6, 14
core   0: 3 0x8000369a (0x40e85c93) x25 0x00000000
core   0: 0x8000369e (0x000069b5) c.lui   s3, 0xd
core   0: 3 0x8000369e (0x69b5) x19 0x0000d000
core   0: 0x800036a0 (0x00009852) c.add   a6, s4
core   0: 3 0x800036a0 (0x9852) x16 0x00000014
core   0: 0x800036a2 (0x00001e80) c.addi4spn s0, sp, 880
core   0: 3 0x800036a2 (0x1e80) x 8 0x80013d0b
core   0: 0x800036a4 (0x18023a93) sltiu   s5, tp, 384
core   0: 3 0x800036a4 (0x18023a93) x21 0x00000001
core   0: 0x800036a8 (0x0000ce19) c.beqz  a2, pc + 30
core   0: 3 0x800036a8 (0xce19)
core   0: 0x800036aa (0x02812333) mulhsu  t1, sp, s0
core   0: 3 0x800036aa (0x02812333) x 6 0xbffffe49
core   0: 0x800036ae (0x340f2673) csrrs   a2, mscratch, t5
core   0: 3 0x800036ae (0x340f2673) x12 0x00000014 c832_mscratch 0x8002cd34
core   0: 0x800036b2 (0x010a0c33) add     s8, s4, a6
core   0: 3 0x800036b2 (0x010a0c33) x24 0x00000014
core   0: 0x800036b6 (0x03b74a63) blt     a4, s11, pc + 52
core   0: 3 0x800036b6 (0x03b74a63)
core   0: 0x800036ea (0x00008881) c.andi  s1, 0
core   0: 3 0x800036ea (0x8881) x 9 0x00000000
core   0: 0x800036ec (0x0333bb33) mulhu   s6, t2, s3
core   0: 3 0x800036ec (0x0333bb33) x22 0x00000000
core   0: 0x800036f0 (0x00008779) c.srai  a4, 30
core   0: 3 0x800036f0 (0x8779) x14 0x00000000
core   0: 0x800036f2 (0x02a740b3) div     ra, a4, a0
core   0: 3 0x800036f2 (0x02a740b3) x 1 0xffffffff
core   0: 0x800036f6 (0x008c6cb3) or      s9, s8, s0
core   0: 3 0x800036f6 (0x008c6cb3) x25 0x80013d1f
core   0: 0x800036fa (0x00361c33) sll     s8, a2, gp
core   0: 3 0x800036fa (0x00361c33) x24 0x00000140
core   0: 0x800036fe (0x00008a7a) c.mv    s4, t5
core   0: 3 0x800036fe (0x8a7a) x20 0x8002cd24
core   0: 0x80003700 (0x00008fa5) c.xor   a5, s1
core   0: 3 0x80003700 (0x8fa5) x15 0x00000000
core   0: 0x80003702 (0x00000001) c.nop
core   0: 3 0x80003702 (0x0001)
core   0: 0x80003704 (0x00b5e7b3) or      a5, a1, a1
core   0: 3 0x80003704 (0x00b5e7b3) x15 0x0000006e
core   0: 0x80003708 (0x01875193) srli    gp, a4, 24
core   0: 3 0x80003708 (0x01875193) x 3 0x00000000
core   0: 0x8000370c (0x6c6c0593) addi    a1, s8, 1734
core   0: 3 0x8000370c (0x6c6c0593) x11 0x00000806
core   0: 0x80003710 (0x3be23e93) sltiu   t4, tp, 958
core   0: 3 0x80003710 (0x3be23e93) x29 0x00000001
core   0: 0x80003714 (0x00006775) c.lui   a4, 0x1d
core   0: 3 0x80003714 (0x6775) x14 0x0001d000
core   0: 0x80003716 (0x5693ed93) ori     s11, t2, 1385
core   0: 3 0x80003716 (0x5693ed93) x27 0x0000056f
core   0: 0x8000371a (0x00006169) c.addi16sp sp, 208
core   0: 3 0x8000371a (0x6169) x 2 0x80013a6b
core   0: 0x8000371c (0x00781033) sll     zero, a6, t2
core   0: 3 0x8000371c (0x00781033)
core   0: 0x80003720 (0x00008c69) c.and   s0, a0
core   0: 3 0x80003720 (0x8c69) x 8 0x00000000
core   0: 0x80003722 (0x02953db3) mulhu   s11, a0, s1
core   0: 3 0x80003722 (0x02953db3) x27 0x00000000
core   0: 0x80003726 (0x9f873c13) sltiu   s8, a4, -1544
core   0: 3 0x80003726 (0x9f873c13) x24 0x00000001
core   0: 0x8000372a (0x007b9c13) slli    s8, s7, 7
core   0: 3 0x8000372a (0x007b9c13) x24 0x00000000
core   0: 0x8000372e (0x036f5533) divu    a0, t5, s6
core   0: 3 0x8000372e (0x036f5533) x10 0xffffffff
core   0: 0x80003732 (0x00008cf9) c.and   s1, a4
core   0: 3 0x80003732 (0x8cf9) x 9 0x00000000
core   0: 0x80003734 (0x020646b3) div     a3, a2, zero
core   0: 3 0x80003734 (0x020646b3) x13 0xffffffff
core   0: 0x80003738 (0x4150d833) sra     a6, ra, s5
core   0: 3 0x80003738 (0x4150d833) x16 0xffffffff
core   0: 0x8000373c (0x0396c933) div     s2, a3, s9
core   0: 3 0x8000373c (0x0396c933) x18 0x00000000
core   0: 0x80003740 (0x0290e063) bltu    ra, s1, pc + 32
core   0: 3 0x80003740 (0x0290e063)
core   0: 0x80003744 (0x41190db3) sub     s11, s2, a7
core   0: 3 0x80003744 (0x41190db3) x27 0x00000000
core   0: 0x80003748 (0x34003973) csrrc   s2, mscratch, zero
core   0: 3 0x80003748 (0x34003973) x18 0x8002cd34
core   0: 0x8000374c (0x340297f3) csrrw   a5, mscratch, t0
core   0: 3 0x8000374c (0x340297f3) x15 0x8002cd34 c832_mscratch 0x80028e88
core   0: 0x80003750 (0xf734ed13) ori     s10, s1, -141
core   0: 3 0x80003750 (0xf734ed13) x26 0xffffff73
core   0: 0x80003754 (0x0000cf05) c.beqz  a4, pc + 56
core   0: 3 0x80003754 (0xcf05)
core   0: 0x80003756 (0x340c9073) csrw    mscratch, s9
core   0: 3 0x80003756 (0x340c9073) c832_mscratch 0x80013d1f
core   0: 0x8000375a (0x00008dc1) c.or    a1, s0
core   0: 3 0x8000375a (0x8dc1) x11 0x00000806
core   0: 0x8000375c (0xca938f93) addi    t6, t2, -855
core   0: 3 0x8000375c (0xca938f93) x31 0xfffffcaf
core   0: 0x80003760 (0x3403d7f3) csrrwi  a5, mscratch, 7
core   0: 3 0x80003760 (0x3403d7f3) x15 0x80013d1f c832_mscratch 0x00000007
core   0: 0x80003764 (0x409dd713) srai    a4, s11, 9
core   0: 3 0x80003764 (0x409dd713) x14 0x00000000
core   0: 0x80003768 (0x02de56b3) divu    a3, t3, a3
core   0: 3 0x80003768 (0x02de56b3) x13 0x00000000
core   0: 0x8000376c (0x00006625) c.lui   a2, 0x9
core   0: 3 0x8000376c (0x6625) x12 0x00009000
core   0: 0x8000376e (0x02a4e0b3) rem     ra, s1, a0
core   0: 3 0x8000376e (0x02a4e0b3) x 1 0x00000000
core   0: 0x80003772 (0x01f29563) bne     t0, t6, pc + 10
core   0: 3 0x80003772 (0x01f29563)
core   0: 0x8000377c (0x0ff0000f) fence   iorw,iorw
core   0: 3 0x8000377c (0x0ff0000f)
core   0: 0x80003780 (0x00830c63) beq     t1, s0, pc + 24
core   0: 3 0x80003780 (0x00830c63)
core   0: 0x80003784 (0x00008cf5) c.and   s1, a3
core   0: 3 0x80003784 (0x8cf5) x 9 0x00000000
core   0: 0x80003786 (0x0325c7b3) div     a5, a1, s2
core   0: 3 0x80003786 (0x0325c7b3) x15 0x00000000
core   0: 0x8000378a (0x00008d79) c.and   a0, a4
core   0: 3 0x8000378a (0x8d79) x10 0x00000000
core   0: 0x8000378c (0x340078f3) csrrci  a7, mscratch, 0
core   0: 3 0x8000378c (0x340078f3) x17 0x00000007
core   0: 0x80003790 (0x0000cf89) c.beqz  a5, pc + 26
core   0: 3 0x80003790 (0xcf89)
core   0: 0x800037aa (0x00008e9d) c.sub   a3, a5
core   0: 3 0x800037aa (0x8e9d) x13 0x00000000
core   0: 0x800037ac (0x02d4ee63) bltu    s1, a3, pc + 60
core   0: 3 0x800037ac (0x02d4ee63)
core   0: 0x800037b0 (0x41d8d333) sra     t1, a7, t4
core   0: 3 0x800037b0 (0x41d8d333) x 6 0x00000003
core   0: 0x800037b4 (0x00c867b3) or      a5, a6, a2
core   0: 3 0x800037b4 (0x00c867b3) x15 0xffffffff
core   0: 0x800037b8 (0x00008eed) c.and   a3, a1
core   0: 3 0x800037b8 (0x8eed) x13 0x00000000
core   0: 0x800037ba (0x00008439) c.srai  s0, 14
core   0: 3 0x800037ba (0x8439) x 8 0x00000000
core   0: 0x800037bc (0x00000001) c.nop
core   0: 3 0x800037bc (0x0001)
core   0: 0x800037be (0xfe90e497) auipc   s1, 0xfe90e
core   0: 3 0x800037be (0xfe90e497) x 9 0x7e9117be
core   0: 0x800037c2 (0x3408dbf3) csrrwi  s7, mscratch, 17
core   0: 3 0x800037c2 (0x3408dbf3) x23 0x00000007 c832_mscratch 0x00000011
core   0: 0x800037c6 (0x00006131) c.addi16sp sp, 320
core   0: 3 0x800037c6 (0x6131) x 2 0x80013bab
core   0: 0x800037c8 (0x034581b3) mul     gp, a1, s4
core   0: 3 0x800037c8 (0x034581b3) x 3 0x1679eed8
core   0: 0x800037cc (0x15d4fd93) andi    s11, s1, 349
core   0: 3 0x800037cc (0x15d4fd93) x27 0x0000011c
core   0: 0x800037d0 (0x00008261) c.srli  a2, 24
core   0: 3 0x800037d0 (0x8261) x12 0x00000000
core   0: 0x800037d2 (0x00000001) c.nop
core   0: 3 0x800037d2 (0x0001)
core   0: 0x800037d4 (0x00006115) c.addi16sp sp, 288
core   0: 3 0x800037d4 (0x6115) x 2 0x80013ccb
core   0: 0x800037d6 (0x04fbf063) bgeu    s7, a5, pc + 64
core   0: 3 0x800037d6 (0x04fbf063)
core   0: 0x800037da (0x6251c013) xori    zero, gp, 1573
core   0: 3 0x800037da (0x6251c013)
core   0: 0x800037de (0x004fb433) sltu    s0, t6, tp
core   0: 3 0x800037de (0x004fb433) x 8 0x00000000
core   0: 0x800037e2 (0x11d52e93) slti    t4, a0, 285
core   0: 3 0x800037e2 (0x11d52e93) x29 0x00000001
core   0: 0x800037e6 (0x00008a81) c.andi  a3, 0
core   0: 3 0x800037e6 (0x8a81) x13 0x00000000
core   0: 0x800037e8 (0x405cdcb3) sra     s9, s9, t0
core   0: 3 0x800037e8 (0x405cdcb3) x25 0xff80013d
core   0: 0x800037ec (0x03594163) blt     s2, s5, pc + 34
core   0: 3 0x800037ec (0x03594163)
core   0: 0x8000380e (0xd1daa813) slti    a6, s5, -739
core   0: 3 0x8000380e (0xd1daa813) x16 0x00000000
core   0: 0x80003812 (0x40ce50b3) sra     ra, t3, a2
core   0: 3 0x80003812 (0x40ce50b3) x 1 0x00342080
core   0: 0x80003816 (0x00008b89) c.andi  a5, 2
core   0: 3 0x80003816 (0x8b89) x15 0x00000002
core   0: 0x80003818 (0x028a1bb3) mulh    s7, s4, s0
core   0: 3 0x80003818 (0x028a1bb3) x23 0x00000000
core   0: 0x8000381c (0x34006773) csrrsi  a4, mscratch, 0
core   0: 3 0x8000381c (0x34006773) x14 0x00000011
core   0: 0x80003820 (0x000084ed) c.srai  s1, 27
core   0: 3 0x80003820 (0x84ed) x 9 0x0000000f
core   0: 0x80003822 (0x031c7033) remu    zero, s8, a7
core   0: 3 0x80003822 (0x031c7033)
core   0: 0x80003826 (0x0036eb63) bltu    a3, gp, pc + 22
core   0: 3 0x80003826 (0x0036eb63)
core   0: 0x8000383c (0x02a74d63) blt     a4, a0, pc + 58
core   0: 3 0x8000383c (0x02a74d63)
core   0: 0x80003840 (0x00000001) c.nop
core   0: 3 0x80003840 (0x0001)
core   0: 0x80003842 (0x50124437) lui     s0, 0x50124
core   0: 3 0x80003842 (0x50124437) x 8 0x50124000
core   0: 0x80003846 (0x000007c6) c.slli  a5, 17
core   0: 3 0x80003846 (0x07c6) x15 0x00040000
core   0: 0x80003848 (0x404ddc13) srai    s8, s11, 4
core   0: 3 0x80003848 (0x404ddc13) x24 0x00000011
core   0: 0x8000384c (0x72629517) auipc   a0, 0x72629
core   0: 3 0x8000384c (0x72629517) x10 0xf262c84c
core   0: 0x80003850 (0x340e9773) csrrw   a4, mscratch, t4
core   0: 3 0x80003850 (0x340e9773) x14 0x00000011 c832_mscratch 0x00000001
core   0: 0x80003854 (0x0278f863) bgeu    a7, t2, pc + 48
core   0: 3 0x80003854 (0x0278f863)
core   0: 0x80003884 (0x000089ee) c.mv    s3, s11
core   0: 3 0x80003884 (0x89ee) x19 0x0000011c
core   0: 0x80003886 (0x003ee533) or      a0, t4, gp
core   0: 3 0x80003886 (0x003ee533) x10 0x1679eed9
core   0: 0x8000388a (0x64c10f93) addi    t6, sp, 1612
core   0: 3 0x8000388a (0x64c10f93) x31 0x80014317
core   0: 0x8000388e (0x34013df3) csrrc   s11, mscratch, sp
core   0: 3 0x8000388e (0x34013df3) x27 0x00000001 c832_mscratch 0x00000000
core   0: 0x80003892 (0x0000d633) srl     a2, ra, zero
core   0: 3 0x80003892 (0x0000d633) x12 0x00342080
core   0: 0x80003896 (0x000087cd) c.srai  a5, 19
core   0: 3 0x80003896 (0x87cd) x15 0x00000000
core   0: 0x80003898 (0x47eabc93) sltiu   s9, s5, 1150
core   0: 3 0x80003898 (0x47eabc93) x25 0x00000001
core   0: 0x8000389c (0x00ead663) bge     s5, a4, pc + 12
core   0: 3 0x8000389c (0x00ead663)
core   0: 0x800038a0 (0x0ff0000f) fence   iorw,iorw
core   0: 3 0x800038a0 (0x0ff0000f)
core   0: 0x800038a4 (0x01bb5913) srli    s2, s6, 27
core   0: 3 0x800038a4 (0x01bb5913) x18 0x00000000
core   0: 0x800038a8 (0x02e164b3) rem     s1, sp, a4
core   0: 3 0x800038a8 (0x02e164b3) x 9 0x00000000
core   0: 0x800038ac (0x017d21b3) slt     gp, s10, s7
core   0: 3 0x800038ac (0x017d21b3) x 3 0x00000001
core   0: 0x800038b0 (0x026c5fb3) divu    t6, s8, t1
core   0: 3 0x800038b0 (0x026c5fb3) x31 0x00000005
core   0: 0x800038b4 (0x03d14163) blt     sp, t4, pc + 34
core   0: 3 0x800038b4 (0x03d14163)
core   0: 0x800038d6 (0x018c01b3) add     gp, s8, s8
core   0: 3 0x800038d6 (0x018c01b3) x 3 0x00000022
core   0: 0x800038da (0x007a9263) bne     s5, t2, pc + 4
core   0: 3 0x800038da (0x007a9263)
core   0: 0x800038de (0x71390597) auipc   a1, 0x71390
core   0: 3 0x800038de (0x71390597) x11 0xf13938de
core   0: 0x800038e2 (0xb1dcb193) sltiu   gp, s9, -1251
core   0: 3 0x800038e2 (0xb1dcb193) x 3 0x00000001
core   0: 0x800038e6 (0x000ccab3) xor     s5, s9, zero
core   0: 3 0x800038e6 (0x000ccab3) x21 0x00000001
core   0: 0x800038ea (0x34006773) csrrsi  a4, mscratch, 0
core   0: 3 0x800038ea (0x34006773) x14 0x00000000
core   0: 0x800038ee (0x409cdb93) srai    s7, s9, 9
core   0: 3 0x800038ee (0x409cdb93) x23 0x00000000
core   0: 0x800038f2 (0x0605d6b7) lui     a3, 0x605d
core   0: 3 0x800038f2 (0x0605d6b7) x13 0x0605d000
core   0: 0x800038f6 (0x00004a59) c.li    s4, 22
core   0: 3 0x800038f6 (0x4a59) x20 0x00000016
core   0: 0x800038f8 (0x0ff0000f) fence   iorw,iorw
core   0: 3 0x800038f8 (0x0ff0000f)
core   0: 0x800038fc (0x40a38ab3) sub     s5, t2, a0
core   0: 3 0x800038fc (0x40a38ab3) x21 0xe986112d
core   0: 0x80003900 (0x02bc8c33) mul     s8, s9, a1
core   0: 3 0x80003900 (0x02bc8c33) x24 0xf13938de
core   0: 0x80003904 (0x646bab93) slti    s7, s7, 1606
core   0: 3 0x80003904 (0x646bab93) x23 0x00000001
core   0: 0x80003908 (0x00008fed) c.and   a5, a1
core   0: 3 0x80003908 (0x8fed) x15 0x00000000
core   0: 0x8000390a (0x40205d33) sra     s10, zero, sp
core   0: 3 0x8000390a (0x40205d33) x26 0x00000000
core   0: 0x8000390e (0x00009a7a) c.add   s4, t5
core   0: 3 0x8000390e (0x9a7a) x20 0x8002cd3a
core   0: 0x80003910 (0x03a714b3) mulh    s1, a4, s10
core   0: 3 0x80003910 (0x03a714b3) x 9 0x00000000
core   0: 0x80003914 (0x00008e81) c.sub   a3, s0
core   0: 3 0x80003914 (0x8e81) x13 0xb5f39000
core   0: 0x80003916 (0x998b2b93) slti    s7, s6, -1640
core   0: 3 0x80003916 (0x998b2b93) x23 0x00000000
core   0: 0x8000391a (0x0442c363) blt     t0, tp, pc + 70
core   0: 3 0x8000391a (0x0442c363)
core   0: 0x80003960 (0x00000c32) c.slli  s8, 12
core   0: 3 0x80003960 (0x0c32) x24 0x938de000
core   0: 0x80003962 (0x026efcb3) remu    s9, t4, t1
core   0: 3 0x80003962 (0x026efcb3) x25 0x00000001
core   0: 0x80003966 (0x340dd6f3) csrrwi  a3, mscratch, 27
core   0: 3 0x80003966 (0x340dd6f3) x13 0x00000000 c832_mscratch 0x0000001b
core   0: 0x8000396a (0x007079b3) and     s3, zero, t2
core   0: 3 0x8000396a (0x007079b3) x19 0x00000000
core   0: 0x8000396e (0x00725263) bge     tp, t2, pc + 4
core   0: 3 0x8000396e (0x00725263)
core   0: 0x80003972 (0x935ee413) ori     s0, t4, -1739
core   0: 3 0x80003972 (0x935ee413) x 8 0xfffff935
core   0: 0x80003976 (0x0000022e) c.slli  tp, 11
core   0: 3 0x80003976 (0x022e) x 4 0x0000b800
core   0: 0x80003978 (0x00009a0a) c.add   s4, sp
core   0: 3 0x80003978 (0x9a0a) x20 0x00040a05
core   0: 0x8000397a (0x00006b1d) c.lui   s6, 0x7
core   0: 3 0x8000397a (0x6b1d) x22 0x00007000
core   0: 0x8000397c (0x6ebe9137) lui     sp, 0x6ebe9
core   0: 3 0x8000397c (0x6ebe9137) x 2 0x6ebe9000
core   0: 0x80003980 (0x00008c09) c.sub   s0, a0
core   0: 3 0x80003980 (0x8c09) x 8 0xe9860a5c
core   0: 0x80003982 (0x00008789) c.srai  a5, 2
core   0: 3 0x80003982 (0x8789) x15 0x00000000
core   0: 0x80003984 (0x00001c7d) c.addi  s8, -1
core   0: 3 0x80003984 (0x1c7d) x24 0x938ddfff
core   0: 0x80003986 (0x00fb4933) xor     s2, s6, a5
core   0: 3 0x80003986 (0x00fb4933) x18 0x00007000
core   0: 0x8000398a (0x410e5313) srai    t1, t3, 16
core   0: 3 0x8000398a (0x410e5313) x 6 0x00000034
core   0: 0x8000398e (0x0355ce63) blt     a1, s5, pc + 60
core   0: 3 0x8000398e (0x0355ce63)
core   0: 0x80003992 (0x403b8db3) sub     s11, s7, gp
core   0: 3 0x80003992 (0x403b8db3) x27 0xffffffff
core   0: 0x80003996 (0x02db56b3) divu    a3, s6, a3
core   0: 3 0x80003996 (0x02db56b3) x13 0xffffffff
core   0: 0x8000399a (0x0110edb3) or      s11, ra, a7
core   0: 3 0x8000399a (0x0110edb3) x27 0x00342087
core   0: 0x8000399e (0x02630b33) mul     s6, t1, t1
core   0: 3 0x8000399e (0x02630b33) x22 0x00000a90
core   0: 0x800039a2 (0x73d72d93) slti    s11, a4, 1853
core   0: 3 0x800039a2 (0x73d72d93) x27 0x00000001
core   0: 0x800039a6 (0x0000ec91) c.bnez  s1, pc + 28
core   0: 3 0x800039a6 (0xec91)
core   0: 0x800039a8 (0x022e15b3) mulh    a1, t3, sp
core   0: 3 0x800039a8 (0x022e15b3) x11 0x00168cc4
core   0: 0x800039ac (0x039809b3) mul     s3, a6, s9
core   0: 3 0x800039ac (0x039809b3) x19 0x00000000
core   0: 0x800039b0 (0x24288e13) addi    t3, a7, 578
core   0: 3 0x800039b0 (0x24288e13) x28 0x00000249
core   0: 0x800039b4 (0x00000498) c.addi4spn a4, sp, 576
core   0: 3 0x800039b4 (0x0498) x14 0x6ebe9240
core   0: 0x800039b6 (0x00008e72) c.mv    t3, t3
core   0: 3 0x800039b6 (0x8e72) x28 0x00000249
core   0: 0x800039b8 (0x340a2473) csrrs   s0, mscratch, s4
core   0: 3 0x800039b8 (0x340a2473) x 8 0x0000001b c832_mscratch 0x00040a1f
core   0: 0x800039bc (0x00008c91) c.sub   s1, a2
core   0: 3 0x800039bc (0x8c91) x 9 0xffcbdf80
core   0: 0x800039be (0x002c5813) srli    a6, s8, 2
core   0: 3 0x800039be (0x002c5813) x16 0x24e377ff
core   0: 0x800039c2 (0x40110833) sub     a6, sp, ra
core   0: 3 0x800039c2 (0x40110833) x16 0x6e8a6f80
core   0: 0x800039c6 (0x875cf593) andi    a1, s9, -1931
core   0: 3 0x800039c6 (0x875cf593) x11 0x00000001
core   0: 0x800039ca (0x000094da) c.add   s1, s6
core   0: 3 0x800039ca (0x94da) x 9 0xffcbea10
core   0: 0x800039cc (0x03bd0633) mul     a2, s10, s11
core   0: 3 0x800039cc (0x03bd0633) x12 0x00000000
core   0: 0x800039d0 (0x0ff0000f) fence   iorw,iorw
core   0: 3 0x800039d0 (0x0ff0000f)
core   0: 0x800039d4 (0x0096f133) and     sp, a3, s1
core   0: 3 0x800039d4 (0x0096f133) x 2 0xffcbea10
core   0: 0x800039d8 (0x34003273) csrrc   tp, mscratch, zero
core   0: 3 0x800039d8 (0x34003273) x 4 0x00040a1f
core   0: 0x800039dc (0x2708ae17) auipc   t3, 0x2708a
core   0: 3 0x800039dc (0x2708ae17) x28 0xa708d9dc
core   0: 0x800039e0 (0x00008e01) c.sub   a2, s0
core   0: 3 0x800039e0 (0x8e01) x12 0xffffffe5
core   0: 0x800039e2 (0x00008cd5) c.or    s1, a3
core   0: 3 0x800039e2 (0x8cd5) x 9 0xffffffff
core   0: 0x800039e4 (0x0394b333) mulhu   t1, s1, s9
core   0: 3 0x800039e4 (0x0394b333) x 6 0x00000000
core   0: 0x800039e8 (0x00008c65) c.and   s0, s1
core   0: 3 0x800039e8 (0x8c65) x 8 0x0000001b
core   0: 0x800039ea (0x00000001) c.nop
core   0: 3 0x800039ea (0x0001)
core   0: 0x800039ec (0x0062dd13) srli    s10, t0, 6
core   0: 3 0x800039ec (0x0062dd13) x26 0x02000a3a
core   0: 0x800039f0 (0x00886db3) or      s11, a6, s0
core   0: 3 0x800039f0 (0x00886db3) x27 0x6e8a6f9b
core   0: 0x800039f4 (0x00008ce1) c.and   s1, s0
core   0: 3 0x800039f4 (0x8ce1) x 9 0x0000001b
core   0: 0x800039f6 (0x000084f1) c.srai  s1, 28
core   0: 3 0x800039f6 (0x84f1) x 9 0x00000000
core   0: 0x800039f8 (0x0000862d) c.srai  a2, 11
core   0: 3 0x800039f8 (0x862d) x12 0xffffffff
core   0: 0x800039fa (0x018d5a13) srli    s4, s10, 24
core   0: 3 0x800039fa (0x018d5a13) x20 0x00000002
core   0: 0x800039fe (0x0ff0000f) fence   iorw,iorw
core   0: 3 0x800039fe (0x0ff0000f)
core   0: 0x80003a02 (0x01980b33) add     s6, a6, s9
core   0: 3 0x80003a02 (0x01980b33) x22 0x6e8a6f81
core   0: 0x80003a06 (0x00008225) c.srli  a2, 9
core   0: 3 0x80003a06 (0x8225) x12 0x007fffff
core   0: 0x80003a08 (0xae2bbc93) sltiu   s9, s7, -1310
core   0: 3 0x80003a08 (0xae2bbc93) x25 0x00000001
core   0: 0x80003a0c (0x0000100f) fence.i
core   0: 3 0x80003a0c (0x0000100f)
core   0: 0x80003a10 (0x0000875d) c.srai  a4, 23
core   0: 3 0x80003a10 (0x875d) x14 0x000000dd
core   0: 0x80003a12 (0x00592eb3) slt     t4, s2, t0
core   0: 3 0x80003a12 (0x00592eb3) x29 0x00000000
core   0: 0x80003a16 (0x00008df5) c.and   a1, a3
core   0: 3 0x80003a16 (0x8df5) x11 0x00000001
core   0: 0x80003a18 (0x340e6b73) csrrsi  s6, mscratch, 28
core   0: 3 0x80003a18 (0x340e6b73) x22 0x00040a1f c832_mscratch 0x00040a1f
core   0: 0x80003a1c (0x0393dfb3) divu    t6, t2, s9
core   0: 3 0x80003a1c (0x0393dfb3) x31 0x00000006
core   0: 0x80003a20 (0x034d11b3) mulh    gp, s10, s4
core   0: 3 0x80003a20 (0x034d11b3) x 3 0x00000000
core   0: 0x80003a24 (0x0266dfb3) divu    t6, a3, t1
core   0: 3 0x80003a24 (0x0266dfb3) x31 0xffffffff
core   0: 0x80003a28 (0x011fda13) srli    s4, t6, 17
core   0: 3 0x80003a28 (0x011fda13) x20 0x00007fff
core   0: 0x80003a2c (0x0000876a) c.mv    a4, s10
core   0: 3 0x80003a2c (0x876a) x14 0x02000a3a
core   0: 0x80003a2e (0x340d6b73) csrrsi  s6, mscratch, 26
core   0: 3 0x80003a2e (0x340d6b73) x22 0x00040a1f c832_mscratch 0x00040a1f
core   0: 0x80003a32 (0x00681093) slli    ra, a6, 6
core   0: 3 0x80003a32 (0x00681093) x 1 0xa29be000
core   0: 0x80003a36 (0x000016fd) c.addi  a3, -1
core   0: 3 0x80003a36 (0x16fd) x13 0xfffffffe
core   0: 0x80003a38 (0x411d5433) sra     s0, s10, a7
core   0: 3 0x80003a38 (0x411d5433) x 8 0x00040014
core   0: 0x80003a3c (0x00b85613) srli    a2, a6, 11
core   0: 3 0x80003a3c (0x00b85613) x12 0x000dd14d
core   0: 0x80003a40 (0xab2dff93) andi    t6, s11, -1358
core   0: 3 0x80003a40 (0xab2dff93) x31 0x6e8a6a92
core   0: 0x80003a44 (0x0228c6b3) div     a3, a7, sp
core   0: 3 0x80003a44 (0x0228c6b3) x13 0x00000000
core   0: 0x80003a48 (0x03a48a33) mul     s4, s1, s10
core   0: 3 0x80003a48 (0x03a48a33) x20 0x00000000
core   0: 0x80003a4c (0x02ce0a63) beq     t3, a2, pc + 52
core   0: 3 0x80003a4c (0x02ce0a63)
core   0: 0x80003a50 (0x9022c113) xori    sp, t0, -1790
core   0: 3 0x80003a50 (0x9022c113) x 2 0x7ffd778a
core   0: 0x80003a54 (0x00008ef1) c.and   a3, a2
core   0: 3 0x80003a54 (0x8ef1) x13 0x00000000
core   0: 0x80003a56 (0x340025f3) csrr    a1, mscratch
core   0: 3 0x80003a56 (0x340025f3) x11 0x00040a1f
core   0: 0x80003a5a (0x5b04f693) andi    a3, s1, 1456
core   0: 3 0x80003a5a (0x5b04f693) x13 0x00000000
core   0: 0x80003a5e (0x340b17f3) csrrw   a5, mscratch, s6
core   0: 3 0x80003a5e (0x340b17f3) x15 0x00040a1f c832_mscratch 0x00040a1f
core   0: 0x80003a62 (0x03d35333) divu    t1, t1, t4
core   0: 3 0x80003a62 (0x03d35333) x 6 0xffffffff
core   0: 0x80003a66 (0x0000e0b9) c.bnez  s1, pc + 70
core   0: 3 0x80003a66 (0xe0b9)
core   0: 0x80003a68 (0x00006c05) c.lui   s8, 0x1
core   0: 3 0x80003a68 (0x6c05) x24 0x00001000
core   0: 0x80003a6a (0x03369f63) bne     a3, s3, pc + 62
core   0: 3 0x80003a6a (0x03369f63)
core   0: 0x80003a6e (0x000086cd) c.srai  a3, 19
core   0: 3 0x80003a6e (0x86cd) x13 0x00000000
core   0: 0x80003a70 (0x03f9eb33) rem     s6, s3, t6
core   0: 3 0x80003a70 (0x03f9eb33) x22 0x00000000
core   0: 0x80003a74 (0x0b99c793) xori    a5, s3, 185
core   0: 3 0x80003a74 (0x0b99c793) x15 0x000000b9
core   0: 0x80003a78 (0x01cb6a33) or      s4, s6, t3
core   0: 3 0x80003a78 (0x01cb6a33) x20 0xa708d9dc
core   0: 0x80003a7c (0x007d9493) slli    s1, s11, 7
core   0: 3 0x80003a7c (0x007d9493) x 9 0x4537cd80
core   0: 0x80003a80 (0x5a497a13) andi    s4, s2, 1444
core   0: 3 0x80003a80 (0x5a497a13) x20 0x00000000
core   0: 0x80003a84 (0x00495eb3) srl     t4, s2, tp
core   0: 3 0x80003a84 (0x00495eb3) x29 0x00000000
core   0: 0x80003a88 (0x038d08b3) mul     a7, s10, s8
core   0: 3 0x80003a88 (0x038d08b3) x17 0x00a3a000
core   0: 0x80003a8c (0x00000001) c.nop
core   0: 3 0x80003a8c (0x0001)
core   0: 0x80003a8e (0x01d7f963) bgeu    a5, t4, pc + 18
core   0: 3 0x80003a8e (0x01d7f963)
core   0: 0x80003aa0 (0x03e52933) mulhsu  s2, a0, t5
core   0: 3 0x80003aa0 (0x03e52933) x18 0x0b3d3663
core   0: 0x80003aa4 (0x017e5d33) srl     s10, t3, s7
core   0: 3 0x80003aa4 (0x017e5d33) x26 0xa708d9dc
core   0: 0x80003aa8 (0x04387163) bgeu    a6, gp, pc + 66
core   0: 3 0x80003aa8 (0x04387163)
core   0: 0x80003aea (0x07ed5e97) auipc   t4, 0x7ed5
core   0: 3 0x80003aea (0x07ed5e97) x29 0x87ed8aea
core   0: 0x80003aee (0x340adef3) csrrwi  t4, mscratch, 21
core   0: 3 0x80003aee (0x340adef3) x29 0x00040a1f c832_mscratch 0x00000015
core   0: 0x80003af2 (0x34006273) csrrsi  tp, mscratch, 0
core   0: 3 0x80003af2 (0x34006273) x 4 0x00000015
core   0: 0x80003af6 (0x00001094) c.addi4spn a3, sp, 96
core   0: 3 0x80003af6 (0x1094) x13 0x7ffd77ea
core   0: 0x80003af8 (0xae006a93) ori     s5, zero, -1312
core   0: 3 0x80003af8 (0xae006a93) x21 0xfffffae0
core   0: 0x80003afc (0x00000001) c.nop
core   0: 3 0x80003afc (0x0001)
core   0: 0x80003afe (0x6cd57193) andi    gp, a0, 1741
core   0: 3 0x80003afe (0x6cd57193) x 3 0x000006c9
core   0: 0x80003b02 (0x1f3bf893) andi    a7, s7, 499
core   0: 3 0x80003b02 (0x1f3bf893) x17 0x00000000
core   0: 0x80003b06 (0x0000ef89) c.bnez  a5, pc + 26
core   0: 3 0x80003b06 (0xef89)
core   0: 0x80003b20 (0x6bc63193) sltiu   gp, a2, 1724
core   0: 3 0x80003b20 (0x6bc63193) x 3 0x00000000
core   0: 0x80003b24 (0x00163333) sltu    t1, a2, ra
core   0: 3 0x80003b24 (0x00163333) x 6 0x00000001
core   0: 0x80003b28 (0x00008eb1) c.xor   a3, a2
core   0: 3 0x80003b28 (0x8eb1) x13 0x7ff0a6a7
core   0: 0x80003b2a (0x000068fd) c.lui   a7, 0x1f
core   0: 3 0x80003b2a (0x68fd) x17 0x0001f000
core   0: 0x80003b2c (0x4c286193) ori     gp, a6, 1218
core   0: 3 0x80003b2c (0x4c286193) x 3 0x6e8a6fc2
core   0: 0x80003b30 (0x340f11f3) csrrw   gp, mscratch, t5
core   0: 3 0x80003b30 (0x340f11f3) x 3 0x00000015 c832_mscratch 0x8002cd24
core   0: 0x80003b34 (0xc7868db7) lui     s11, 0xc7868
core   0: 3 0x80003b34 (0xc7868db7) x27 0xc7868000
core   0: 0x80003b38 (0x02b32eb3) mulhsu  t4, t1, a1
core   0: 3 0x80003b38 (0x02b32eb3) x29 0x00000000
core   0: 0x80003b3c (0x00001efd) c.addi  t4, -1
core   0: 3 0x80003b3c (0x1efd) x29 0xffffffff
core   0: 0x80003b3e (0x01ef9033) sll     zero, t6, t5
core   0: 3 0x80003b3e (0x01ef9033)
core   0: 0x80003b42 (0x01069263) bne     a3, a6, pc + 4
core   0: 3 0x80003b42 (0x01069263)
core   0: 0x80003b46 (0x00000a9a) c.slli  s5, 6
core   0: 3 0x80003b46 (0x0a9a) x21 0xfffeb800
core   0: 0x80003b48 (0x9c4ccd13) xori    s10, s9, -1596
core   0: 3 0x80003b48 (0x9c4ccd13) x26 0xfffff9c5
core   0: 0x80003b4c (0x02380a33) mul     s4, a6, gp
core   0: 3 0x80003b4c (0x02380a33) x20 0x115b2580
core   0: 0x80003b50 (0x01d39013) slli    zero, t2, 29
core   0: 3 0x80003b50 (0x01d39013)
core   0: 0x80003b54 (0x0000037a) c.slli  t1, 30
core   0: 3 0x80003b54 (0x037a) x 6 0x40000000
core   0: 0x80003b56 (0xacd42793) slti    a5, s0, -1331
core   0: 3 0x80003b56 (0xacd42793) x15 0x00000000
core   0: 0x80003b5a (0x52da5a37) lui     s4, 0x52da5
core   0: 3 0x80003b5a (0x52da5a37) x20 0x52da5000
core   0: 0x80003b5e (0x00006145) c.addi16sp sp, 48
core   0: 3 0x80003b5e (0x6145) x 2 0x7ffd77ba
core   0: 0x80003b60 (0x0128c0b3) xor     ra, a7, s2
core   0: 3 0x80003b60 (0x0128c0b3) x 1 0x0b3cc663
core   0: 0x80003b64 (0x00008d31) c.xor   a0, a2
core   0: 3 0x80003b64 (0x8d31) x10 0x16743f94
core   0: 0x80003b66 (0x48bc4313) xori    t1, s8, 1163
core   0: 3 0x80003b66 (0x48bc4313) x 6 0x0000148b
core   0: 0x80003b6a (0x41aa5793) srai    a5, s4, 26
core   0: 3 0x80003b6a (0x41aa5793) x15 0x00000014
core   0: 0x80003b6e (0x02eb1933) mulh    s2, s6, a4
core   0: 3 0x80003b6e (0x02eb1933) x18 0x00000000
core   0: 0x80003b72 (0xfc75a313) slti    t1, a1, -57
core   0: 3 0x80003b72 (0xfc75a313) x 6 0x00000000
core   0: 0x80003b76 (0x0213ceb3) div     t4, t2, ra
core   0: 3 0x80003b76 (0x0213ceb3) x29 0x00000000
core   0: 0x80003b7a (0x3405fa73) csrrci  s4, mscratch, 11
core   0: 3 0x80003b7a (0x3405fa73) x20 0x8002cd24 c832_mscratch 0x8002cd24
core   0: 0x80003b7e (0x0000100f) fence.i
core   0: 3 0x80003b7e (0x0000100f)
core   0: 0x80003b82 (0x03079133) mulh    sp, a5, a6
core   0: 3 0x80003b82 (0x03079133) x 2 0x00000008
core   0: 0x80003b86 (0x0000100f) fence.i
core   0: 3 0x80003b86 (0x0000100f)
core   0: 0x80003b8a (0x00006eb5) c.lui   t4, 0xd
core   0: 3 0x80003b8a (0x6eb5) x29 0x0000d000
core   0: 0x80003b8c (0x47de4693) xori    a3, t3, 1149
core   0: 3 0x80003b8c (0x47de4693) x13 0xa708dda1
core   0: 0x80003b90 (0x02b7fe63) bgeu    a5, a1, pc + 60
core   0: 3 0x80003b90 (0x02b7fe63)
core   0: 0x80003b94 (0x00ac49b3) xor     s3, s8, a0
core   0: 3 0x80003b94 (0x00ac49b3) x19 0x16742f94
core   0: 0x80003b98 (0x00008cf1) c.and   s1, a2
core   0: 3 0x80003b98 (0x8cf1) x 9 0x0005c100
core   0: 0x80003b9a (0x000082b9) c.srli  a3, 14
core   0: 3 0x80003b9a (0x82b9) x13 0x00029c23
core   0: 0x80003b9c (0x00000001) c.nop
core   0: 3 0x80003b9c (0x0001)
core   0: 0x80003b9e (0x340f9df3) csrrw   s11, mscratch, t6
core   0: 3 0x80003b9e (0x340f9df3) x27 0x8002cd24 c832_mscratch 0x6e8a6a92
core   0: 0x80003ba2 (0x00000001) c.nop
core   0: 3 0x80003ba2 (0x0001)
core   0: 0x80003ba4 (0x0000870d) c.srai  a4, 3
core   0: 3 0x80003ba4 (0x870d) x14 0x00400147
core   0: 0x80003ba6 (0x02768033) mul     zero, a3, t2
core   0: 3 0x80003ba6 (0x02768033)
core   0: 0x80003baa (0x40db5913) srai    s2, s6, 13
core   0: 3 0x80003baa (0x40db5913) x18 0x00000000
core   0: 0x80003bae (0x0132a133) slt     sp, t0, s3
core   0: 3 0x80003bae (0x0132a133) x 2 0x00000001
core   0: 0x80003bb2 (0x00008605) c.srai  a2, 1
core   0: 3 0x80003bb2 (0x8605) x12 0x0006e8a6
core   0: 0x80003bb4 (0x1e214093) xori    ra, sp, 482
core   0: 3 0x80003bb4 (0x1e214093) x 1 0x000001e3
core   0: 0x80003bb8 (0x406554b3) sra     s1, a0, t1
core   0: 3 0x80003bb8 (0x406554b3) x 9 0x16743f94
core   0: 0x80003bbc (0x00008b92) c.mv    s7, tp
core   0: 3 0x80003bbc (0x8b92) x23 0x00000015
core   0: 0x80003bbe (0x0000517d) c.li    sp, -1
core   0: 3 0x80003bbe (0x517d) x 2 0xffffffff
core   0: 0x80003bc0 (0x00b9d1b3) srl     gp, s3, a1
core   0: 3 0x80003bc0 (0x00b9d1b3) x 3 0x00000000
core   0: 0x80003bc4 (0x00001f0c) c.addi4spn a1, sp, 944
core   0: 3 0x80003bc4 (0x1f0c) x11 0x000003af
core   0: 0x80003bc6 (0x00008bf9) c.andi  a5, 30
core   0: 3 0x80003bc6 (0x8bf9) x15 0x00000014
core   0: 0x80003bc8 (0x01de08b3) add     a7, t3, t4
core   0: 3 0x80003bc8 (0x01de08b3) x17 0xa709a9dc
core   0: 0x80003bcc (0x01e59693) slli    a3, a1, 30
core   0: 3 0x80003bcc (0x01e59693) x13 0xc0000000
core   0: 0x80003bd0 (0x0325bc33) mulhu   s8, a1, s2
core   0: 3 0x80003bd0 (0x0325bc33) x24 0x00000000
core   0: 0x80003bd4 (0x039f4033) div     zero, t5, s9
core   0: 3 0x80003bd4 (0x039f4033)
core   0: 0x80003bd8 (0x035cdf63) bge     s9, s5, pc + 62
core   0: 3 0x80003bd8 (0x035cdf63)
core   0: 0x80003c16 (0x9ba5a813) slti    a6, a1, -1606
core   0: 3 0x80003c16 (0x9ba5a813) x16 0x00000000
core   0: 0x80003c1a (0x031c86b3) mul     a3, s9, a7
core   0: 3 0x80003c1a (0x031c86b3) x13 0xa709a9dc
core   0: 0x80003c1e (0x0000064d) c.addi  a2, 19
core   0: 3 0x80003c1e (0x064d) x12 0x0006e8b9
core   0: 0x80003c20 (0x00000f8c) c.addi4spn a1, sp, 976
core   0: 3 0x80003c20 (0x0f8c) x11 0x000003cf
core   0: 0x80003c22 (0x039cd733) divu    a4, s9, s9
core   0: 3 0x80003c22 (0x039cd733) x14 0x00000001
core   0: 0x80003c26 (0x340e6c73) csrrsi  s8, mscratch, 28
core   0: 3 0x80003c26 (0x340e6c73) x24 0x6e8a6a92 c832_mscratch 0x6e8a6a9e
core   0: 0x80003c2a (0x00001c08) c.addi4spn a0, sp, 560
core   0: 3 0x80003c2a (0x1c08) x10 0x0000022f
core   0: 0x80003c2c (0x00000f00) c.addi4spn s0, sp, 912
core   0: 3 0x80003c2c (0x0f00) x 8 0x0000038f
core   0: 0x80003c2e (0x00001b18) c.addi4spn a4, sp, 432
core   0: 3 0x80003c2e (0x1b18) x14 0x000001af
core   0: 0x80003c30 (0x0000817d) c.srli  a0, 31
core   0: 3 0x80003c30 (0x817d) x10 0x00000000
core   0: 0x80003c32 (0x038fd163) bge     t6, s8, pc + 34
core   0: 3 0x80003c32 (0x038fd163)
core   0: 0x80003c54 (0x037b1233) mulh    tp, s6, s7
core   0: 3 0x80003c54 (0x037b1233) x 4 0x00000000
core   0: 0x80003c58 (0x88363537) lui     a0, 0x88363
core   0: 3 0x80003c58 (0x88363537) x10 0x88363000
core   0: 0x80003c5c (0x8263e593) ori     a1, t2, -2010
core   0: 3 0x80003c5c (0x8263e593) x11 0xfffff826
core   0: 0x80003c60 (0x000089b9) c.andi  a1, 14
core   0: 3 0x80003c60 (0x89b9) x11 0x00000006
core   0: 0x80003c62 (0xf004a837) lui     a6, 0xf004a
core   0: 3 0x80003c62 (0xf004a837) x16 0xf004a000
core   0: 0x80003c66 (0x00008e81) c.sub   a3, s0
core   0: 3 0x80003c66 (0x8e81) x13 0xa709a64d
core   0: 0x80003c68 (0x00006119) c.addi16sp sp, 384
core   0: 3 0x80003c68 (0x6119) x 2 0x0000017f
core   0: 0x80003c6a (0x340d6773) csrrsi  a4, mscratch, 26
core   0: 3 0x80003c6a (0x340d6773) x14 0x6e8a6a9e c832_mscratch 0x6e8a6a9e
core   0: 0x80003c6e (0x34002e73) csrr    t3, mscratch
core   0: 3 0x80003c6e (0x34002e73) x28 0x6e8a6a9e
core   0: 0x80003c72 (0x0000100f) fence.i
core   0: 3 0x80003c72 (0x0000100f)
core   0: 0x80003c76 (0x00008cfd) c.and   s1, a5
core   0: 3 0x80003c76 (0x8cfd) x 9 0x00000014
core   0: 0x80003c78 (0x0000177d) c.addi  a4, -1
core   0: 3 0x80003c78 (0x177d) x14 0x6e8a6a9d
core   0: 0x80003c7a (0x412a57b3) sra     a5, s4, s2
core   0: 3 0x80003c7a (0x412a57b3) x15 0x8002cd24
core   0: 0x80003c7e (0x340dd073) csrwi   mscratch, 27
core   0: 3 0x80003c7e (0x340dd073) c832_mscratch 0x0000001b
core   0: 0x80003c82 (0x00628263) beq     t0, t1, pc + 4
core   0: 3 0x80003c82 (0x00628263)
core   0: 0x80003c86 (0x41490533) sub     a0, s2, s4
core   0: 3 0x80003c86 (0x41490533) x10 0x7ffd32dc
core   0: 0x80003c8a (0x40295693) srai    a3, s2, 2
core   0: 3 0x80003c8a (0x40295693) x13 0x00000000
core   0: 0x80003c8e (0x00008975) c.andi  a0, 29
core   0: 3 0x80003c8e (0x8975) x10 0x0000001c
core   0: 0x80003c90 (0x00001cfd) c.addi  s9, -1
core   0: 3 0x80003c90 (0x1cfd) x25 0x00000000
core   0: 0x80003c92 (0x0000c129) c.beqz  a0, pc + 66
core   0: 3 0x80003c92 (0xc129)
core   0: 0x80003c94 (0x00000c0c) c.addi4spn a1, sp, 528
core   0: 3 0x80003c94 (0x0c0c) x11 0x0000038f
core   0: 0x80003c96 (0x41538d33) sub     s10, t2, s5
core   0: 3 0x80003c96 (0x41538d33) x26 0x00014806
core   0: 0x80003c9a (0x01dfd433) srl     s0, t6, t4
core   0: 3 0x80003c9a (0x01dfd433) x 8 0x6e8a6a92
core   0: 0x80003c9e (0x03a78a33) mul     s4, a5, s10
core   0: 3 0x80003c9e (0x03a78a33) x20 0x96e6eed8
core   0: 0x80003ca2 (0x02a66b33) rem     s6, a2, a0
core   0: 3 0x80003ca2 (0x02a66b33) x22 0x00000005
core   0: 0x80003ca6 (0x000009ee) c.slli  s3, 27
core   0: 3 0x80003ca6 (0x09ee) x19 0xa0000000
core   0: 0x80003ca8 (0x34d8fd13) andi    s10, a7, 845
core   0: 3 0x80003ca8 (0x34d8fd13) x26 0x0000014c
core   0: 0x80003cac (0x0000c905) c.beqz  a0, pc + 48
core   0: 3 0x80003cac (0xc905)
core   0: 0x80003cae (0x00e3f933) and     s2, t2, a4
core   0: 3 0x80003cae (0x00e3f933) x18 0x00000004
core   0: 0x80003cb2 (0x34042b73) csrrs   s6, mscratch, s0
core   0: 3 0x80003cb2 (0x34042b73) x22 0x0000001b c832_mscratch 0x6e8a6a9b
core   0: 0x80003cb6 (0x34006df3) csrrsi  s11, mscratch, 0
core   0: 3 0x80003cb6 (0x34006df3) x27 0x6e8a6a9b
core   0: 0x80003cba (0x00000001) c.nop
core   0: 3 0x80003cba (0x0001)
core   0: 0x80003cbc (0xe14b4313) xori    t1, s6, -492
core   0: 3 0x80003cbc (0xe14b4313) x 6 0xfffffe0f
core   0: 0x80003cc0 (0x41b80533) sub     a0, a6, s11
core   0: 3 0x80003cc0 (0x41b80533) x10 0x817a3565
core   0: 0x80003cc4 (0x01703433) snez    s0, s7
core   0: 3 0x80003cc4 (0x01703433) x 8 0x00000001
core   0: 0x80003cc8 (0x0000839d) c.srli  a5, 7
core   0: 3 0x80003cc8 (0x839d) x15 0x0100059a
core   0: 0x80003cca (0x340410f3) csrrw   ra, mscratch, s0
core   0: 3 0x80003cca (0x340410f3) x 1 0x6e8a6a9b c832_mscratch 0x00000001
core   0: 0x80003cce (0x00008761) c.srai  a4, 24
core   0: 3 0x80003cce (0x8761) x14 0x0000006e
core   0: 0x80003cd0 (0x03ad3e33) mulhu   t3, s10, s10
core   0: 3 0x80003cd0 (0x03ad3e33) x28 0x00000000
core   0: 0x80003cd4 (0x00004e01) c.li    t3, 0
core   0: 3 0x80003cd4 (0x4e01) x28 0x00000000
core   0: 0x80003cd6 (0x00006715) c.lui   a4, 0x5
core   0: 3 0x80003cd6 (0x6715) x14 0x00005000
core   0: 0x80003cd8 (0x0ff0000f) fence   iorw,iorw
core   0: 3 0x80003cd8 (0x0ff0000f)
core   0: 0x80003cdc (0x019f6533) or      a0, t5, s9
core   0: 3 0x80003cdc (0x019f6533) x10 0x8002cd24
core   0: 0x80003ce0 (0x0000c701) c.beqz  a4, pc + 8
core   0: 3 0x80003ce0 (0xc701)
core   0: 0x80003ce2 (0x03793833) mulhu   a6, s2, s7
core   0: 3 0x80003ce2 (0x03793833) x16 0x00000000
core   0: 0x80003ce6 (0x00008189) c.srli  a1, 2
core   0: 3 0x80003ce6 (0x8189) x11 0x000000e3
core   0: 0x80003ce8 (0x0006aeb3) slt     t4, a3, zero
core   0: 3 0x80003ce8 (0x0006aeb3) x29 0x00000000
core   0: 0x80003cec (0x40b15793) srai    a5, sp, 11
core   0: 3 0x80003cec (0x40b15793) x15 0x00000000
core   0: 0x80003cf0 (0x0042a603) lw      a2, 4(t0)
core   0: 3 0x80003cf0 (0x0042a603) x12 0x80002d5c mem 0x80028e8c
core   0: 0x80003cf4 (0xfdc74a13) xori    s4, a4, -36
core   0: 3 0x80003cf4 (0xfdc74a13) x20 0xffffafdc
core   0: 0x80003cf8 (0x34093af3) csrrc   s5, mscratch, s2
core   0: 3 0x80003cf8 (0x34093af3) x21 0x00000001 c832_mscratch 0x00000001
core   0: 0x80003cfc (0x0233b533) mulhu   a0, t2, gp
core   0: 3 0x80003cfc (0x0233b533) x10 0x00000000
core   0: 0x80003d00 (0x340b6a73) csrrsi  s4, mscratch, 22
core   0: 3 0x80003d00 (0x340b6a73) x20 0x00000001 c832_mscratch 0x00000017
core   0: 0x80003d04 (0x000002f1) c.addi  t0, 28
core   0: 3 0x80003d04 (0x02f1) x 5 0x80028ea4
core   0: 0x80003d06 (0x400cd8b3) sra     a7, s9, zero
core   0: 3 0x80003d06 (0x400cd8b3) x17 0x00000000
core   0: 0x80003d0a (0x00160413) addi    s0, a2, 1
core   0: 3 0x80003d0a (0x00160413) x 8 0x80002d5d
core   0: 0x80003d0e (0x00008402) c.jr    s0
core   0: 3 0x80003d0e (0x8402)
core   0: 0x80002d5c (0x007881b3) add     gp, a7, t2
core   0: 3 0x80002d5c (0x007881b3) x 3 0x00000006
core   0: 0x80002d60 (0x0000100f) fence.i
core   0: 3 0x80002d60 (0x0000100f)
core   0: 0x80002d64 (0x00db1493) slli    s1, s6, 13
core   0: 3 0x80002d64 (0x00db1493) x 9 0x00036000
core   0: 0x80002d68 (0x00000001) c.nop
core   0: 3 0x80002d68 (0x0001)
core   0: 0x80002d6a (0x5a5d2e93) slti    t4, s10, 1445
core   0: 3 0x80002d6a (0x5a5d2e93) x29 0x00000001
core   0: 0x80002d6e (0x0089ceb3) xor     t4, s3, s0
core   0: 3 0x80002d6e (0x0089ceb3) x29 0x20002d5d
core   0: 0x80002d72 (0x02e17963) bgeu    sp, a4, pc + 50
core   0: 3 0x80002d72 (0x02e17963)
core   0: 0x80002d76 (0x00008ffd) c.and   a5, a5
core   0: 3 0x80002d76 (0x8ffd) x15 0x00000000
core   0: 0x80002d78 (0x0ff0000f) fence   iorw,iorw
core   0: 3 0x80002d78 (0x0ff0000f)
core   0: 0x80002d7c (0x000088f5) c.andi  s1, 29
core   0: 3 0x80002d7c (0x88f5) x 9 0x00000000
core   0: 0x80002d7e (0x32a9c013) xori    zero, s3, 810
core   0: 3 0x80002d7e (0x32a9c013)
core   0: 0x80002d82 (0x00001718) c.addi4spn a4, sp, 928
core   0: 3 0x80002d82 (0x1718) x14 0x0000051f
core   0: 0x80002d84 (0x53008b13) addi    s6, ra, 1328
core   0: 3 0x80002d84 (0x53008b13) x22 0x6e8a6fcb
core   0: 0x80002d88 (0x0000c411) c.beqz  s0, pc + 12
core   0: 3 0x80002d88 (0xc411)
core   0: 0x80002d8a (0x01759eb3) sll     t4, a1, s7
core   0: 3 0x80002d8a (0x01759eb3) x29 0x1c600000
core   0: 0x80002d8e (0x000086a1) c.srai  a3, 8
core   0: 3 0x80002d8e (0x86a1) x13 0x00000000
core   0: 0x80002d90 (0x01564a33) xor     s4, a2, s5
core   0: 3 0x80002d90 (0x01564a33) x20 0x80002d5d
core   0: 0x80002d94 (0x3402bd73) csrrc   s10, mscratch, t0
core   0: 3 0x80002d94 (0x3402bd73) x26 0x00000017 c832_mscratch 0x00000013
core   0: 0x80002d98 (0x000085b1) c.srai  a1, 12
core   0: 3 0x80002d98 (0x85b1) x11 0x00000000
core   0: 0x80002d9a (0x00005dfd) c.li    s11, -1
core   0: 3 0x80002d9a (0x5dfd) x27 0xffffffff
core   0: 0x80002d9c (0x0000100f) fence.i
core   0: 3 0x80002d9c (0x0000100f)
core   0: 0x80002da0 (0x340c98f3) csrrw   a7, mscratch, s9
core   0: 3 0x80002da0 (0x340c98f3) x17 0x00000013 c832_mscratch 0x00000000
core   0: 0x80002da4 (0x41512693) slti    a3, sp, 1045
core   0: 3 0x80002da4 (0x41512693) x13 0x00000001
core   0: 0x80002da8 (0x000099fd) c.andi  a1, -1
core   0: 3 0x80002da8 (0x99fd) x11 0x00000000
core   0: 0x80002daa (0x0f3d2113) slti    sp, s10, 243
core   0: 3 0x80002daa (0x0f3d2113) x 2 0x00000001
core   0: 0x80002dae (0x00b23b33) sltu    s6, tp, a1
core   0: 3 0x80002dae (0x00b23b33) x22 0x00000000
core   0: 0x80002db2 (0x010ed133) srl     sp, t4, a6
core   0: 3 0x80002db2 (0x010ed133) x 2 0x1c600000
core   0: 0x80002db6 (0x0000187d) c.addi  a6, -1
core   0: 3 0x80002db6 (0x187d) x16 0xffffffff
core   0: 0x80002db8 (0x4137d493) srai    s1, a5, 19
core   0: 3 0x80002db8 (0x4137d493) x 9 0x00000000
core   0: 0x80002dbc (0x0000059d) c.addi  a1, 7
core   0: 3 0x80002dbc (0x059d) x11 0x00000007
core   0: 0x80002dbe (0x01a27a33) and     s4, tp, s10
core   0: 3 0x80002dbe (0x01a27a33) x20 0x00000000
core   0: 0x80002dc2 (0x10d44793) xori    a5, s0, 269
core   0: 3 0x80002dc2 (0x10d44793) x15 0x80002c50
core   0: 0x80002dc6 (0x00000001) c.nop
core   0: 3 0x80002dc6 (0x0001)
core   0: 0x80002dc8 (0x00000a3e) c.slli  s4, 15
core   0: 3 0x80002dc8 (0x0a3e) x20 0x00000000
core   0: 0x80002dca (0x305d6313) ori     t1, s10, 773
core   0: 3 0x80002dca (0x305d6313) x 6 0x00000317
core   0: 0x80002dce (0x00e687b3) add     a5, a3, a4
core   0: 3 0x80002dce (0x00e687b3) x15 0x00000520
core   0: 0x80002dd2 (0x03044863) blt     s0, a6, pc + 48
core   0: 3 0x80002dd2 (0x03044863)
core   0: 0x80002e02 (0x0000717d) c.addi16sp sp, -16
core   0: 3 0x80002e02 (0x717d) x 2 0x1c5ffff0
core   0: 0x80002e04 (0x340ef373) csrrci  t1, mscratch, 29
core   0: 3 0x80002e04 (0x340ef373) x 6 0x00000000 c832_mscratch 0x00000000
core   0: 0x80002e08 (0x0000100f) fence.i
core   0: 3 0x80002e08 (0x0000100f)
core   0: 0x80002e0c (0x01359413) slli    s0, a1, 19
core   0: 3 0x80002e0c (0x01359413) x 8 0x00380000
core   0: 0x80002e10 (0x012d1693) slli    a3, s10, 18
core   0: 3 0x80002e10 (0x012d1693) x13 0x005c0000
core   0: 0x80002e14 (0x0131bdb3) sltu    s11, gp, s3
core   0: 3 0x80002e14 (0x0131bdb3) x27 0x00000001
core   0: 0x80002e18 (0x0ff0000f) fence   iorw,iorw
core   0: 3 0x80002e18 (0x0ff0000f)
core   0: 0x80002e1c (0x00000397) auipc   t2, 0x0
core   0: 3 0x80002e1c (0x00000397) x 7 0x80002e1c
core   0: 0x80002e20 (0x00c38393) addi    t2, t2, 12
core   0: 3 0x80002e20 (0x00c38393) x 7 0x80002e28
core   0: 0x80002e24 (0x00038067) jr      t2
core   0: 3 0x80002e24 (0x00038067)
core   0: 0x80002e28 (0x00004185) c.li    gp, 1
core   0: 3 0x80002e28 (0x4185) x 3 0x00000001
core   0: 0x80002e2a (0x00000073) ecall
core   0: exception trap_machine_ecall, epc 0x80002e2a
core   0: >>>>  mtvec_handler
core   0: 0x80011e80 (0x0400006f) j       pc + 0x40
core   0: 3 0x80011e80 (0x0400006f)
core   0: 0x80011ec0 (0x00001f71) c.addi  t5, -4
core   0: 3 0x80011ec0 (0x1f71) x30 0x8002cd20
core   0: 0x80011ec2 (0x005f2023) sw      t0, 0(t5)
core   0: 3 0x80011ec2 (0x005f2023) mem 0x8002cd20 0x80028ea4
core   0: 0x80011ec6 (0x000f02b3) add     t0, t5, zero
core   0: 3 0x80011ec6 (0x000f02b3) x 5 0x8002cd20
core   0: 0x80011eca (0xf8028293) addi    t0, t0, -128
core   0: 3 0x80011eca (0xf8028293) x 5 0x8002cca0
core   0: 0x80011ece (0x0012a223) sw      ra, 4(t0)
core   0: 3 0x80011ece (0x0012a223) mem 0x8002cca4 0x6e8a6a9b
core   0: 0x80011ed2 (0x0022a423) sw      sp, 8(t0)
core   0: 3 0x80011ed2 (0x0022a423) mem 0x8002cca8 0x1c5ffff0
core   0: 0x80011ed6 (0x0032a623) sw      gp, 12(t0)
core   0: 3 0x80011ed6 (0x0032a623) mem 0x8002ccac 0x00000001
core   0: 0x80011eda (0x0042a823) sw      tp, 16(t0)
core   0: 3 0x80011eda (0x0042a823) mem 0x8002ccb0 0x00000000
core   0: 0x80011ede (0x0052aa23) sw      t0, 20(t0)
core   0: 3 0x80011ede (0x0052aa23) mem 0x8002ccb4 0x8002cca0
core   0: 0x80011ee2 (0x0062ac23) sw      t1, 24(t0)
core   0: 3 0x80011ee2 (0x0062ac23) mem 0x8002ccb8 0x00000000
core   0: 0x80011ee6 (0x0072ae23) sw      t2, 28(t0)
core   0: 3 0x80011ee6 (0x0072ae23) mem 0x8002ccbc 0x80002e28
core   0: 0x80011eea (0x0282a023) sw      s0, 32(t0)
core   0: 3 0x80011eea (0x0282a023) mem 0x8002ccc0 0x00380000
core   0: 0x80011eee (0x0292a223) sw      s1, 36(t0)
core   0: 3 0x80011eee (0x0292a223) mem 0x8002ccc4 0x00000000
core   0: 0x80011ef2 (0x02a2a423) sw      a0, 40(t0)
core   0: 3 0x80011ef2 (0x02a2a423) mem 0x8002ccc8 0x00000000
core   0: 0x80011ef6 (0x02b2a623) sw      a1, 44(t0)
core   0: 3 0x80011ef6 (0x02b2a623) mem 0x8002cccc 0x00000007
core   0: 0x80011efa (0x02c2a823) sw      a2, 48(t0)
core   0: 3 0x80011efa (0x02c2a823) mem 0x8002ccd0 0x80002d5c
core   0: 0x80011efe (0x02d2aa23) sw      a3, 52(t0)
core   0: 3 0x80011efe (0x02d2aa23) mem 0x8002ccd4 0x005c0000
core   0: 0x80011f02 (0x02e2ac23) sw      a4, 56(t0)
core   0: 3 0x80011f02 (0x02e2ac23) mem 0x8002ccd8 0x0000051f
core   0: 0x80011f06 (0x02f2ae23) sw      a5, 60(t0)
core   0: 3 0x80011f06 (0x02f2ae23) mem 0x8002ccdc 0x00000520
core   0: 0x80011f0a (0x0502a023) sw      a6, 64(t0)
core   0: 3 0x80011f0a (0x0502a023) mem 0x8002cce0 0xffffffff
core   0: 0x80011f0e (0x0512a223) sw      a7, 68(t0)
core   0: 3 0x80011f0e (0x0512a223) mem 0x8002cce4 0x00000013
core   0: 0x80011f12 (0x0522a423) sw      s2, 72(t0)
core   0: 3 0x80011f12 (0x0522a423) mem 0x8002cce8 0x00000004
core   0: 0x80011f16 (0x0532a623) sw      s3, 76(t0)
core   0: 3 0x80011f16 (0x0532a623) mem 0x8002ccec 0xa0000000
core   0: 0x80011f1a (0x0542a823) sw      s4, 80(t0)
core   0: 3 0x80011f1a (0x0542a823) mem 0x8002ccf0 0x00000000
core   0: 0x80011f1e (0x0552aa23) sw      s5, 84(t0)
core   0: 3 0x80011f1e (0x0552aa23) mem 0x8002ccf4 0x00000001
core   0: 0x80011f22 (0x0562ac23) sw      s6, 88(t0)
core   0: 3 0x80011f22 (0x0562ac23) mem 0x8002ccf8 0x00000000
core   0: 0x80011f26 (0x0572ae23) sw      s7, 92(t0)
core   0: 3 0x80011f26 (0x0572ae23) mem 0x8002ccfc 0x00000015
core   0: 0x80011f2a (0x0782a023) sw      s8, 96(t0)
core   0: 3 0x80011f2a (0x0782a023) mem 0x8002cd00 0x6e8a6a92
core   0: 0x80011f2e (0x0792a223) sw      s9, 100(t0)
core   0: 3 0x80011f2e (0x0792a223) mem 0x8002cd04 0x00000000
core   0: 0x80011f32 (0x07a2a423) sw      s10, 104(t0)
core   0: 3 0x80011f32 (0x07a2a423) mem 0x8002cd08 0x00000017
core   0: 0x80011f36 (0x07b2a623) sw      s11, 108(t0)
core   0: 3 0x80011f36 (0x07b2a623) mem 0x8002cd0c 0x00000001
core   0: 0x80011f3a (0x07c2a823) sw      t3, 112(t0)
core   0: 3 0x80011f3a (0x07c2a823) mem 0x8002cd10 0x00000000
core   0: 0x80011f3e (0x07d2aa23) sw      t4, 116(t0)
core   0: 3 0x80011f3e (0x07d2aa23) mem 0x8002cd14 0x1c600000
core   0: 0x80011f42 (0x07e2ac23) sw      t5, 120(t0)
core   0: 3 0x80011f42 (0x07e2ac23) mem 0x8002cd18 0x8002cd20
core   0: 0x80011f46 (0x07f2ae23) sw      t6, 124(t0)
core   0: 3 0x80011f46 (0x07f2ae23) mem 0x8002cd1c 0x6e8a6a92
core   0: 0x80011f4a (0x00028f33) add     t5, t0, zero
core   0: 3 0x80011f4a (0x00028f33) x30 0x8002cca0
core   0: 0x80011f4e (0x34102873) csrr    a6, mepc
core   0: 3 0x80011f4e (0x34102873) x16 0x80002e2a
core   0: 0x80011f52 (0x34202873) csrr    a6, mcause
core   0: 3 0x80011f52 (0x34202873) x16 0x0000000b
core   0: 0x80011f56 (0x00004a8d) c.li    s5, 3
core   0: 3 0x80011f56 (0x4a8d) x21 0x00000003
core   0: 0x80011f58 (0x29580d63) beq     a6, s5, pc + 666
core   0: 3 0x80011f58 (0x29580d63)
core   0: 0x80011f5c (0x00004aa1) c.li    s5, 8
core   0: 3 0x80011f5c (0x4aa1) x21 0x00000008
core   0: 0x80011f5e (0x05580563) beq     a6, s5, pc + 74
core   0: 3 0x80011f5e (0x05580563)
core   0: 0x80011f62 (0x00004aa5) c.li    s5, 9
core   0: 3 0x80011f62 (0x4aa5) x21 0x00000009
core   0: 0x80011f64 (0x05580263) beq     a6, s5, pc + 68
core   0: 3 0x80011f64 (0x05580263)
core   0: 0x80011f68 (0x00004aad) c.li    s5, 11
core   0: 3 0x80011f68 (0x4aad) x21 0x0000000b
core   0: 0x80011f6a (0x03580f63) beq     a6, s5, pc + 62
core   0: 3 0x80011f6a (0x03580f63)
core   0: 0x80011fa8 (0xfffee817) auipc   a6, 0xfffee
core   0: 3 0x80011fa8 (0xfffee817) x16 0x7fffffa8
core   0: 0x80011fac (0x05880813) addi    a6, a6, 88
core   0: 3 0x80011fac (0x05880813) x16 0x80000000
core   0: 0x80011fb0 (0x00082023) sw      zero, 0(a6)
core   0: 3 0x80011fb0 (0x00082023) mem 0x80000000 0x00000000
core   0: 0x80011fb4 (0x00182223) sw      ra, 4(a6)
core   0: 3 0x80011fb4 (0x00182223) mem 0x80000004 0x6e8a6a9b
core   0: 0x80011fb8 (0x00282423) sw      sp, 8(a6)
core   0: 3 0x80011fb8 (0x00282423) mem 0x80000008 0x1c5ffff0
core   0: 0x80011fbc (0x00382623) sw      gp, 12(a6)
core   0: 3 0x80011fbc (0x00382623) mem 0x8000000c 0x00000001
core   0: 0x80011fc0 (0x00482823) sw      tp, 16(a6)
core   0: 3 0x80011fc0 (0x00482823) mem 0x80000010 0x00000000
core   0: 0x80011fc4 (0x00582a23) sw      t0, 20(a6)
core   0: 3 0x80011fc4 (0x00582a23) mem 0x80000014 0x8002cca0
core   0: 0x80011fc8 (0x00682c23) sw      t1, 24(a6)
core   0: 3 0x80011fc8 (0x00682c23) mem 0x80000018 0x00000000
core   0: 0x80011fcc (0x00782e23) sw      t2, 28(a6)
core   0: 3 0x80011fcc (0x00782e23) mem 0x8000001c 0x80002e28
core   0: 0x80011fd0 (0x02882023) sw      s0, 32(a6)
core   0: 3 0x80011fd0 (0x02882023) mem 0x80000020 0x00380000
core   0: 0x80011fd4 (0x02982223) sw      s1, 36(a6)
core   0: 3 0x80011fd4 (0x02982223) mem 0x80000024 0x00000000
core   0: 0x80011fd8 (0x02a82423) sw      a0, 40(a6)
core   0: 3 0x80011fd8 (0x02a82423) mem 0x80000028 0x00000000
core   0: 0x80011fdc (0x02b82623) sw      a1, 44(a6)
core   0: 3 0x80011fdc (0x02b82623) mem 0x8000002c 0x00000007
core   0: 0x80011fe0 (0x02c82823) sw      a2, 48(a6)
core   0: 3 0x80011fe0 (0x02c82823) mem 0x80000030 0x80002d5c
core   0: 0x80011fe4 (0x02d82a23) sw      a3, 52(a6)
core   0: 3 0x80011fe4 (0x02d82a23) mem 0x80000034 0x005c0000
core   0: 0x80011fe8 (0x02e82c23) sw      a4, 56(a6)
core   0: 3 0x80011fe8 (0x02e82c23) mem 0x80000038 0x0000051f
core   0: 0x80011fec (0x02f82e23) sw      a5, 60(a6)
core   0: 3 0x80011fec (0x02f82e23) mem 0x8000003c 0x00000520
core   0: 0x80011ff0 (0x05082023) sw      a6, 64(a6)
core   0: 3 0x80011ff0 (0x05082023) mem 0x80000040 0x80000000
core   0: 0x80011ff4 (0x05182223) sw      a7, 68(a6)
core   0: 3 0x80011ff4 (0x05182223) mem 0x80000044 0x00000013
core   0: 0x80011ff8 (0x05282423) sw      s2, 72(a6)
core   0: 3 0x80011ff8 (0x05282423) mem 0x80000048 0x00000004
core   0: 0x80011ffc (0x05382623) sw      s3, 76(a6)
core   0: 3 0x80011ffc (0x05382623) mem 0x8000004c 0xa0000000
core   0: 0x80012000 (0x05482823) sw      s4, 80(a6)
core   0: 3 0x80012000 (0x05482823) mem 0x80000050 0x00000000
core   0: 0x80012004 (0x05582a23) sw      s5, 84(a6)
core   0: 3 0x80012004 (0x05582a23) mem 0x80000054 0x0000000b
core   0: 0x80012008 (0x05682c23) sw      s6, 88(a6)
core   0: 3 0x80012008 (0x05682c23) mem 0x80000058 0x00000000
core   0: 0x8001200c (0x05782e23) sw      s7, 92(a6)
core   0: 3 0x8001200c (0x05782e23) mem 0x8000005c 0x00000015
core   0: 0x80012010 (0x07882023) sw      s8, 96(a6)
core   0: 3 0x80012010 (0x07882023) mem 0x80000060 0x6e8a6a92
core   0: 0x80012014 (0x07982223) sw      s9, 100(a6)
core   0: 3 0x80012014 (0x07982223) mem 0x80000064 0x00000000
core   0: 0x80012018 (0x07a82423) sw      s10, 104(a6)
core   0: 3 0x80012018 (0x07a82423) mem 0x80000068 0x00000017
core   0: 0x8001201c (0x07b82623) sw      s11, 108(a6)
core   0: 3 0x8001201c (0x07b82623) mem 0x8000006c 0x00000001
core   0: 0x80012020 (0x07c82823) sw      t3, 112(a6)
core   0: 3 0x80012020 (0x07c82823) mem 0x80000070 0x00000000
core   0: 0x80012024 (0x07d82a23) sw      t4, 116(a6)
core   0: 3 0x80012024 (0x07d82a23) mem 0x80000074 0x1c600000
core   0: 0x80012028 (0x07e82c23) sw      t5, 120(a6)
core   0: 3 0x80012028 (0x07e82c23) mem 0x80000078 0x8002cca0
core   0: 0x8001202c (0x07f82e23) sw      t6, 124(a6)
core   0: 3 0x8001202c (0x07f82e23) mem 0x8000007c 0x6e8a6a92
core   0: 0x80012030 (0xfffff397) auipc   t2, 0xfffff
core   0: 3 0x80012030 (0xfffff397) x 7 0x80011030
core   0: 0x80012034 (0x44e38393) addi    t2, t2, 1102
core   0: 3 0x80012034 (0x44e38393) x 7 0x8001147e
core   0: 0x80012038 (0x00038067) jr      t2
core   0: 3 0x80012038 (0x00038067)
core   0: 0x8001147e (0x00002f17) auipc   t5, 0x2
core   0: 3 0x8001147e (0x00002f17) x30 0x8001347e
core   0: 0x80011482 (0xb83f2123) sw      gp, -1150(t5)
core   0: 3 0x80011482 (0xb83f2123) mem 0x80013000 0x00000001
core   0: 0x80011486 (0x0000bfe5) c.j     pc - 8
core   0: 3 0x80011486 (0xbfe5)
core   0: 0x8001147e (0x00002f17) auipc   t5, 0x2
core   0: 3 0x8001147e (0x00002f17) x30 0x8001347e
core   0: 0x80011482 (0xb83f2123) sw      gp, -1150(t5)
core   0: 3 0x80011482 (0xb83f2123) mem 0x80013000 0x00000001
core   0: 0x80011486 (0x0000bfe5) c.j     pc - 8
core   0: 3 0x80011486 (0xbfe5)
core   0: 0x8001147e (0x00002f17) auipc   t5, 0x2
core   0: 3 0x8001147e (0x00002f17) x30 0x8001347e
core   0: 0x80011482 (0xb83f2123) sw      gp, -1150(t5)
core   0: 3 0x80011482 (0xb83f2123) mem 0x80013000 0x00000001
core   0: 0x80011486 (0x0000bfe5) c.j     pc - 8
core   0: 3 0x80011486 (0xbfe5)
core   0: 0x8001147e (0x00002f17) auipc   t5, 0x2
core   0: 3 0x8001147e (0x00002f17) x30 0x8001347e
core   0: 0x80011482 (0xb83f2123) sw      gp, -1150(t5)
core   0: 3 0x80011482 (0xb83f2123) mem 0x80013000 0x00000001
core   0: 0x80011486 (0x0000bfe5) c.j     pc - 8
core   0: 3 0x80011486 (0xbfe5)
core   0: 0x8001147e (0x00002f17) auipc   t5, 0x2
core   0: 3 0x8001147e (0x00002f17) x30 0x8001347e
core   0: 0x80011482 (0xb83f2123) sw      gp, -1150(t5)
core   0: 3 0x80011482 (0xb83f2123) mem 0x80013000 0x00000001
core   0: 0x80011486 (0x0000bfe5) c.j     pc - 8
core   0: 3 0x80011486 (0xbfe5)
core   0: 0x8001147e (0x00002f17) auipc   t5, 0x2
core   0: 3 0x8001147e (0x00002f17) x30 0x8001347e
core   0: 0x80011482 (0xb83f2123) sw      gp, -1150(t5)
core   0: 3 0x80011482 (0xb83f2123) mem 0x80013000 0x00000001
core   0: 0x80011486 (0x0000bfe5) c.j     pc - 8
core   0: 3 0x80011486 (0xbfe5)
core   0: 0x8001147e (0x00002f17) auipc   t5, 0x2
core   0: 3 0x8001147e (0x00002f17) x30 0x8001347e
core   0: 0x80011482 (0xb83f2123) sw      gp, -1150(t5)
core   0: 3 0x80011482 (0xb83f2123) mem 0x80013000 0x00000001
core   0: 0x80011486 (0x0000bfe5) c.j     pc - 8
core   0: 3 0x80011486 (0xbfe5)
core   0: 0x8001147e (0x00002f17) auipc   t5, 0x2
core   0: 3 0x8001147e (0x00002f17) x30 0x8001347e
core   0: 0x80011482 (0xb83f2123) sw      gp, -1150(t5)
core   0: 3 0x80011482 (0xb83f2123) mem 0x80013000 0x00000001
core   0: 0x80011486 (0x0000bfe5) c.j     pc - 8
core   0: 3 0x80011486 (0xbfe5)
core   0: 0x8001147e (0x00002f17) auipc   t5, 0x2
core   0: 3 0x8001147e (0x00002f17) x30 0x8001347e
core   0: 0x80011482 (0xb83f2123) sw      gp, -1150(t5)
core   0: 3 0x80011482 (0xb83f2123) mem 0x80013000 0x00000001
core   0: 0x80011486 (0x0000bfe5) c.j     pc - 8
core   0: 3 0x80011486 (0xbfe5)
core   0: 0x8001147e (0x00002f17) auipc   t5, 0x2
core   0: 3 0x8001147e (0x00002f17) x30 0x8001347e
core   0: 0x80011482 (0xb83f2123) sw      gp, -1150(t5)
core   0: 3 0x80011482 (0xb83f2123) mem 0x80013000 0x00000001
core   0: 0x80011486 (0x0000bfe5) c.j     pc - 8
core   0: 3 0x80011486 (0xbfe5)
core   0: 0x8001147e (0x00002f17) auipc   t5, 0x2
core   0: 3 0x8001147e (0x00002f17) x30 0x8001347e
core   0: 0x80011482 (0xb83f2123) sw      gp, -1150(t5)
core   0: 3 0x80011482 (0xb83f2123) mem 0x80013000 0x00000001
core   0: 0x80011486 (0x0000bfe5) c.j     pc - 8
core   0: 3 0x80011486 (0xbfe5)
core   0: 0x8001147e (0x00002f17) auipc   t5, 0x2
core   0: 3 0x8001147e (0x00002f17) x30 0x8001347e
core   0: 0x80011482 (0xb83f2123) sw      gp, -1150(t5)
core   0: 3 0x80011482 (0xb83f2123) mem 0x80013000 0x00000001
core   0: 0x80011486 (0x0000bfe5) c.j     pc - 8
core   0: 3 0x80011486 (0xbfe5)
core   0: 0x8001147e (0x00002f17) auipc   t5, 0x2
core   0: 3 0x8001147e (0x00002f17) x30 0x8001347e
core   0: 0x80011482 (0xb83f2123) sw      gp, -1150(t5)
core   0: 3 0x80011482 (0xb83f2123) mem 0x80013000 0x00000001
core   0: 0x80011486 (0x0000bfe5) c.j     pc - 8
core   0: 3 0x80011486 (0xbfe5)
core   0: 0x8001147e (0x00002f17) auipc   t5, 0x2
core   0: 3 0x8001147e (0x00002f17) x30 0x8001347e
core   0: 0x80011482 (0xb83f2123) sw      gp, -1150(t5)
core   0: 3 0x80011482 (0xb83f2123) mem 0x80013000 0x00000001
core   0: 0x80011486 (0x0000bfe5) c.j     pc - 8
core   0: 3 0x80011486 (0xbfe5)
core   0: 0x8001147e (0x00002f17) auipc   t5, 0x2
core   0: 3 0x8001147e (0x00002f17) x30 0x8001347e
core   0: 0x80011482 (0xb83f2123) sw      gp, -1150(t5)
core   0: 3 0x80011482 (0xb83f2123) mem 0x80013000 0x00000001
core   0: 0x80011486 (0x0000bfe5) c.j     pc - 8
core   0: 3 0x80011486 (0xbfe5)
core   0: 0x8001147e (0x00002f17) auipc   t5, 0x2
core   0: 3 0x8001147e (0x00002f17) x30 0x8001347e
core   0: 0x80011482 (0xb83f2123) sw      gp, -1150(t5)
core   0: 3 0x80011482 (0xb83f2123) mem 0x80013000 0x00000001
core   0: 0x80011486 (0x0000bfe5) c.j     pc - 8
core   0: 3 0x80011486 (0xbfe5)
core   0: 0x8001147e (0x00002f17) auipc   t5, 0x2
core   0: 3 0x8001147e (0x00002f17) x30 0x8001347e
core   0: 0x80011482 (0xb83f2123) sw      gp, -1150(t5)
core   0: 3 0x80011482 (0xb83f2123) mem 0x80013000 0x00000001
core   0: 0x80011486 (0x0000bfe5) c.j     pc - 8
core   0: 3 0x80011486 (0xbfe5)
core   0: 0x8001147e (0x00002f17) auipc   t5, 0x2
core   0: 3 0x8001147e (0x00002f17) x30 0x8001347e
core   0: 0x80011482 (0xb83f2123) sw      gp, -1150(t5)
core   0: 3 0x80011482 (0xb83f2123) mem 0x80013000 0x00000001
core   0: 0x80011486 (0x0000bfe5) c.j     pc - 8
core   0: 3 0x80011486 (0xbfe5)
core   0: 0x8001147e (0x00002f17) auipc   t5, 0x2
core   0: 3 0x8001147e (0x00002f17) x30 0x8001347e
core   0: 0x80011482 (0xb83f2123) sw      gp, -1150(t5)
core   0: 3 0x80011482 (0xb83f2123) mem 0x80013000 0x00000001
core   0: 0x80011486 (0x0000bfe5) c.j     pc - 8
core   0: 3 0x80011486 (0xbfe5)
core   0: 0x8001147e (0x00002f17) auipc   t5, 0x2
core   0: 3 0x8001147e (0x00002f17) x30 0x8001347e
core   0: 0x80011482 (0xb83f2123) sw      gp, -1150(t5)
core   0: 3 0x80011482 (0xb83f2123) mem 0x80013000 0x00000001
core   0: 0x80011486 (0x0000bfe5) c.j     pc - 8
core   0: 3 0x80011486 (0xbfe5)
core   0: 0x8001147e (0x00002f17) auipc   t5, 0x2
core   0: 3 0x8001147e (0x00002f17) x30 0x8001347e
core   0: 0x80011482 (0xb83f2123) sw      gp, -1150(t5)
core   0: 3 0x80011482 (0xb83f2123) mem 0x80013000 0x00000001
core   0: 0x80011486 (0x0000bfe5) c.j     pc - 8
core   0: 3 0x80011486 (0xbfe5)
core   0: 0x8001147e (0x00002f17) auipc   t5, 0x2
core   0: 3 0x8001147e (0x00002f17) x30 0x8001347e
core   0: 0x80011482 (0xb83f2123) sw      gp, -1150(t5)
core   0: 3 0x80011482 (0xb83f2123) mem 0x80013000 0x00000001
core   0: 0x80011486 (0x0000bfe5) c.j     pc - 8
core   0: 3 0x80011486 (0xbfe5)
core   0: 0x8001147e (0x00002f17) auipc   t5, 0x2
core   0: 3 0x8001147e (0x00002f17) x30 0x8001347e
core   0: 0x80011482 (0xb83f2123) sw      gp, -1150(t5)
core   0: 3 0x80011482 (0xb83f2123) mem 0x80013000 0x00000001
core   0: 0x80011486 (0x0000bfe5) c.j     pc - 8
core   0: 3 0x80011486 (0xbfe5)
core   0: 0x8001147e (0x00002f17) auipc   t5, 0x2
core   0: 3 0x8001147e (0x00002f17) x30 0x8001347e
core   0: 0x80011482 (0xb83f2123) sw      gp, -1150(t5)
core   0: 3 0x80011482 (0xb83f2123) mem 0x80013000 0x00000001
core   0: 0x80011486 (0x0000bfe5) c.j     pc - 8
core   0: 3 0x80011486 (0xbfe5)
core   0: 0x8001147e (0x00002f17) auipc   t5, 0x2
core   0: 3 0x8001147e (0x00002f17) x30 0x8001347e
core   0: 0x80011482 (0xb83f2123) sw      gp, -1150(t5)
core   0: 3 0x80011482 (0xb83f2123) mem 0x80013000 0x00000001
core   0: 0x80011486 (0x0000bfe5) c.j     pc - 8
core   0: 3 0x80011486 (0xbfe5)
core   0: 0x8001147e (0x00002f17) auipc   t5, 0x2
core   0: 3 0x8001147e (0x00002f17) x30 0x8001347e
core   0: 0x80011482 (0xb83f2123) sw      gp, -1150(t5)
core   0: 3 0x80011482 (0xb83f2123) mem 0x80013000 0x00000001
core   0: 0x80011486 (0x0000bfe5) c.j     pc - 8
core   0: 3 0x80011486 (0xbfe5)
core   0: 0x8001147e (0x00002f17) auipc   t5, 0x2
core   0: 3 0x8001147e (0x00002f17) x30 0x8001347e
core   0: 0x80011482 (0xb83f2123) sw      gp, -1150(t5)
core   0: 3 0x80011482 (0xb83f2123) mem 0x80013000 0x00000001
core   0: 0x80011486 (0x0000bfe5) c.j     pc - 8
core   0: 3 0x80011486 (0xbfe5)
core   0: 0x8001147e (0x00002f17) auipc   t5, 0x2
core   0: 3 0x8001147e (0x00002f17) x30 0x8001347e
core   0: 0x80011482 (0xb83f2123) sw      gp, -1150(t5)
core   0: 3 0x80011482 (0xb83f2123) mem 0x80013000 0x00000001
core   0: 0x80011486 (0x0000bfe5) c.j     pc - 8
core   0: 3 0x80011486 (0xbfe5)
core   0: 0x8001147e (0x00002f17) auipc   t5, 0x2
core   0: 3 0x8001147e (0x00002f17) x30 0x8001347e
core   0: 0x80011482 (0xb83f2123) sw      gp, -1150(t5)
core   0: 3 0x80011482 (0xb83f2123) mem 0x80013000 0x00000001
core   0: 0x80011486 (0x0000bfe5) c.j     pc - 8
core   0: 3 0x80011486 (0xbfe5)
core   0: 0x8001147e (0x00002f17) auipc   t5, 0x2
core   0: 3 0x8001147e (0x00002f17) x30 0x8001347e
core   0: 0x80011482 (0xb83f2123) sw      gp, -1150(t5)
core   0: 3 0x80011482 (0xb83f2123) mem 0x80013000 0x00000001
core   0: 0x80011486 (0x0000bfe5) c.j     pc - 8
core   0: 3 0x80011486 (0xbfe5)
core   0: 0x8001147e (0x00002f17) auipc   t5, 0x2
core   0: 3 0x8001147e (0x00002f17) x30 0x8001347e
core   0: 0x80011482 (0xb83f2123) sw      gp, -1150(t5)
core   0: 3 0x80011482 (0xb83f2123) mem 0x80013000 0x00000001
core   0: 0x80011486 (0x0000bfe5) c.j     pc - 8
core   0: 3 0x80011486 (0xbfe5)
core   0: 0x8001147e (0x00002f17) auipc   t5, 0x2
core   0: 3 0x8001147e (0x00002f17) x30 0x8001347e
core   0: 0x80011482 (0xb83f2123) sw      gp, -1150(t5)
core   0: 3 0x80011482 (0xb83f2123) mem 0x80013000 0x00000001
core   0: 0x80011486 (0x0000bfe5) c.j     pc - 8
core   0: 3 0x80011486 (0xbfe5)
core   0: 0x8001147e (0x00002f17) auipc   t5, 0x2
core   0: 3 0x8001147e (0x00002f17) x30 0x8001347e
core   0: 0x80011482 (0xb83f2123) sw      gp, -1150(t5)
core   0: 3 0x80011482 (0xb83f2123) mem 0x80013000 0x00000001
core   0: 0x80011486 (0x0000bfe5) c.j     pc - 8
core   0: 3 0x80011486 (0xbfe5)
core   0: 0x8001147e (0x00002f17) auipc   t5, 0x2
core   0: 3 0x8001147e (0x00002f17) x30 0x8001347e
core   0: 0x80011482 (0xb83f2123) sw      gp, -1150(t5)
core   0: 3 0x80011482 (0xb83f2123) mem 0x80013000 0x00000001
core   0: 0x80011486 (0x0000bfe5) c.j     pc - 8
core   0: 3 0x80011486 (0xbfe5)
core   0: 0x8001147e (0x00002f17) auipc   t5, 0x2
core   0: 3 0x8001147e (0x00002f17) x30 0x8001347e
core   0: 0x80011482 (0xb83f2123) sw      gp, -1150(t5)
core   0: 3 0x80011482 (0xb83f2123) mem 0x80013000 0x00000001
core   0: 0x80011486 (0x0000bfe5) c.j     pc - 8
core   0: 3 0x80011486 (0xbfe5)
core   0: 0x8001147e (0x00002f17) auipc   t5, 0x2
core   0: 3 0x8001147e (0x00002f17) x30 0x8001347e
core   0: 0x80011482 (0xb83f2123) sw      gp, -1150(t5)
core   0: 3 0x80011482 (0xb83f2123) mem 0x80013000 0x00000001
core   0: 0x80011486 (0x0000bfe5) c.j     pc - 8
core   0: 3 0x80011486 (0xbfe5)
core   0: 0x8001147e (0x00002f17) auipc   t5, 0x2
core   0: 3 0x8001147e (0x00002f17) x30 0x8001347e
core   0: 0x80011482 (0xb83f2123) sw      gp, -1150(t5)
core   0: 3 0x80011482 (0xb83f2123) mem 0x80013000 0x00000001
core   0: 0x80011486 (0x0000bfe5) c.j     pc - 8
core   0: 3 0x80011486 (0xbfe5)
core   0: 0x8001147e (0x00002f17) auipc   t5, 0x2
core   0: 3 0x8001147e (0x00002f17) x30 0x8001347e
core   0: 0x80011482 (0xb83f2123) sw      gp, -1150(t5)
core   0: 3 0x80011482 (0xb83f2123) mem 0x80013000 0x00000001
core   0: 0x80011486 (0x0000bfe5) c.j     pc - 8
core   0: 3 0x80011486 (0xbfe5)
core   0: 0x8001147e (0x00002f17) auipc   t5, 0x2
core   0: 3 0x8001147e (0x00002f17) x30 0x8001347e
core   0: 0x80011482 (0xb83f2123) sw      gp, -1150(t5)
core   0: 3 0x80011482 (0xb83f2123) mem 0x80013000 0x00000001
core   0: 0x80011486 (0x0000bfe5) c.j     pc - 8
core   0: 3 0x80011486 (0xbfe5)
core   0: 0x8001147e (0x00002f17) auipc   t5, 0x2
core   0: 3 0x8001147e (0x00002f17) x30 0x8001347e
core   0: 0x80011482 (0xb83f2123) sw      gp, -1150(t5)
core   0: 3 0x80011482 (0xb83f2123) mem 0x80013000 0x00000001
core   0: 0x80011486 (0x0000bfe5) c.j     pc - 8
core   0: 3 0x80011486 (0xbfe5)
core   0: 0x8001147e (0x00002f17) auipc   t5, 0x2
core   0: 3 0x8001147e (0x00002f17) x30 0x8001347e
core   0: 0x80011482 (0xb83f2123) sw      gp, -1150(t5)
core   0: 3 0x80011482 (0xb83f2123) mem 0x80013000 0x00000001
core   0: 0x80011486 (0x0000bfe5) c.j     pc - 8
core   0: 3 0x80011486 (0xbfe5)
core   0: 0x8001147e (0x00002f17) auipc   t5, 0x2
core   0: 3 0x8001147e (0x00002f17) x30 0x8001347e
core   0: 0x80011482 (0xb83f2123) sw      gp, -1150(t5)
core   0: 3 0x80011482 (0xb83f2123) mem 0x80013000 0x00000001
core   0: 0x80011486 (0x0000bfe5) c.j     pc - 8
core   0: 3 0x80011486 (0xbfe5)
core   0: 0x8001147e (0x00002f17) auipc   t5, 0x2
core   0: 3 0x8001147e (0x00002f17) x30 0x8001347e
core   0: 0x80011482 (0xb83f2123) sw      gp, -1150(t5)
core   0: 3 0x80011482 (0xb83f2123) mem 0x80013000 0x00000001
core   0: 0x80011486 (0x0000bfe5) c.j     pc - 8
core   0: 3 0x80011486 (0xbfe5)
core   0: 0x8001147e (0x00002f17) auipc   t5, 0x2
core   0: 3 0x8001147e (0x00002f17) x30 0x8001347e
core   0: 0x80011482 (0xb83f2123) sw      gp, -1150(t5)
core   0: 3 0x80011482 (0xb83f2123) mem 0x80013000 0x00000001
core   0: 0x80011486 (0x0000bfe5) c.j     pc - 8
core   0: 3 0x80011486 (0xbfe5)
core   0: 0x8001147e (0x00002f17) auipc   t5, 0x2
core   0: 3 0x8001147e (0x00002f17) x30 0x8001347e
core   0: 0x80011482 (0xb83f2123) sw      gp, -1150(t5)
core   0: 3 0x80011482 (0xb83f2123) mem 0x80013000 0x00000001
core   0: 0x80011486 (0x0000bfe5) c.j     pc - 8
core   0: 3 0x80011486 (0xbfe5)
core   0: 0x8001147e (0x00002f17) auipc   t5, 0x2
core   0: 3 0x8001147e (0x00002f17) x30 0x8001347e
core   0: 0x80011482 (0xb83f2123) sw      gp, -1150(t5)
core   0: 3 0x80011482 (0xb83f2123) mem 0x80013000 0x00000001
core   0: 0x80011486 (0x0000bfe5) c.j     pc - 8
core   0: 3 0x80011486 (0xbfe5)
core   0: 0x8001147e (0x00002f17) auipc   t5, 0x2
core   0: 3 0x8001147e (0x00002f17) x30 0x8001347e
core   0: 0x80011482 (0xb83f2123) sw      gp, -1150(t5)
core   0: 3 0x80011482 (0xb83f2123) mem 0x80013000 0x00000001
core   0: 0x80011486 (0x0000bfe5) c.j     pc - 8
core   0: 3 0x80011486 (0xbfe5)
core   0: 0x8001147e (0x00002f17) auipc   t5, 0x2
core   0: 3 0x8001147e (0x00002f17) x30 0x8001347e
core   0: 0x80011482 (0xb83f2123) sw      gp, -1150(t5)
core   0: 3 0x80011482 (0xb83f2123) mem 0x80013000 0x00000001
core   0: 0x80011486 (0x0000bfe5) c.j     pc - 8
core   0: 3 0x80011486 (0xbfe5)
core   0: 0x8001147e (0x00002f17) auipc   t5, 0x2
core   0: 3 0x8001147e (0x00002f17) x30 0x8001347e
core   0: 0x80011482 (0xb83f2123) sw      gp, -1150(t5)
core   0: 3 0x80011482 (0xb83f2123) mem 0x80013000 0x00000001
core   0: 0x80011486 (0x0000bfe5) c.j     pc - 8
core   0: 3 0x80011486 (0xbfe5)
core   0: 0x8001147e (0x00002f17) auipc   t5, 0x2
core   0: 3 0x8001147e (0x00002f17) x30 0x8001347e
core   0: 0x80011482 (0xb83f2123) sw      gp, -1150(t5)
core   0: 3 0x80011482 (0xb83f2123) mem 0x80013000 0x00000001
core   0: 0x80011486 (0x0000bfe5) c.j     pc - 8
core   0: 3 0x80011486 (0xbfe5)
core   0: 0x8001147e (0x00002f17) auipc   t5, 0x2
core   0: 3 0x8001147e (0x00002f17) x30 0x8001347e
core   0: 0x80011482 (0xb83f2123) sw      gp, -1150(t5)
core   0: 3 0x80011482 (0xb83f2123) mem 0x80013000 0x00000001
core   0: 0x80011486 (0x0000bfe5) c.j     pc - 8
core   0: 3 0x80011486 (0xbfe5)
core   0: 0x8001147e (0x00002f17) auipc   t5, 0x2
core   0: 3 0x8001147e (0x00002f17) x30 0x8001347e
core   0: 0x80011482 (0xb83f2123) sw      gp, -1150(t5)
core   0: 3 0x80011482 (0xb83f2123) mem 0x80013000 0x00000001
core   0: 0x80011486 (0x0000bfe5) c.j     pc - 8
core   0: 3 0x80011486 (0xbfe5)
core   0: 0x8001147e (0x00002f17) auipc   t5, 0x2
core   0: 3 0x8001147e (0x00002f17) x30 0x8001347e
core   0: 0x80011482 (0xb83f2123) sw      gp, -1150(t5)
core   0: 3 0x80011482 (0xb83f2123) mem 0x80013000 0x00000001
core   0: 0x80011486 (0x0000bfe5) c.j     pc - 8
core   0: 3 0x80011486 (0xbfe5)
core   0: 0x8001147e (0x00002f17) auipc   t5, 0x2
core   0: 3 0x8001147e (0x00002f17) x30 0x8001347e
core   0: 0x80011482 (0xb83f2123) sw      gp, -1150(t5)
core   0: 3 0x80011482 (0xb83f2123) mem 0x80013000 0x00000001
core   0: 0x80011486 (0x0000bfe5) c.j     pc - 8
core   0: 3 0x80011486 (0xbfe5)
core   0: 0x8001147e (0x00002f17) auipc   t5, 0x2
core   0: 3 0x8001147e (0x00002f17) x30 0x8001347e
core   0: 0x80011482 (0xb83f2123) sw      gp, -1150(t5)
core   0: 3 0x80011482 (0xb83f2123) mem 0x80013000 0x00000001
core   0: 0x80011486 (0x0000bfe5) c.j     pc - 8
core   0: 3 0x80011486 (0xbfe5)
core   0: 0x8001147e (0x00002f17) auipc   t5, 0x2
core   0: 3 0x8001147e (0x00002f17) x30 0x8001347e
core   0: 0x80011482 (0xb83f2123) sw      gp, -1150(t5)
core   0: 3 0x80011482 (0xb83f2123) mem 0x80013000 0x00000001
core   0: 0x80011486 (0x0000bfe5) c.j     pc - 8
core   0: 3 0x80011486 (0xbfe5)
core   0: 0x8001147e (0x00002f17) auipc   t5, 0x2
core   0: 3 0x8001147e (0x00002f17) x30 0x8001347e
core   0: 0x80011482 (0xb83f2123) sw      gp, -1150(t5)
core   0: 3 0x80011482 (0xb83f2123) mem 0x80013000 0x00000001
core   0: 0x80011486 (0x0000bfe5) c.j     pc - 8
core   0: 3 0x80011486 (0xbfe5)
core   0: 0x8001147e (0x00002f17) auipc   t5, 0x2
core   0: 3 0x8001147e (0x00002f17) x30 0x8001347e
core   0: 0x80011482 (0xb83f2123) sw      gp, -1150(t5)
core   0: 3 0x80011482 (0xb83f2123) mem 0x80013000 0x00000001
core   0: 0x80011486 (0x0000bfe5) c.j     pc - 8
core   0: 3 0x80011486 (0xbfe5)
core   0: 0x8001147e (0x00002f17) auipc   t5, 0x2
core   0: 3 0x8001147e (0x00002f17) x30 0x8001347e
core   0: 0x80011482 (0xb83f2123) sw      gp, -1150(t5)
core   0: 3 0x80011482 (0xb83f2123) mem 0x80013000 0x00000001
core   0: 0x80011486 (0x0000bfe5) c.j     pc - 8
core   0: 3 0x80011486 (0xbfe5)
core   0: 0x8001147e (0x00002f17) auipc   t5, 0x2
core   0: 3 0x8001147e (0x00002f17) x30 0x8001347e
core   0: 0x80011482 (0xb83f2123) sw      gp, -1150(t5)
core   0: 3 0x80011482 (0xb83f2123) mem 0x80013000 0x00000001
core   0: 0x80011486 (0x0000bfe5) c.j     pc - 8
core   0: 3 0x80011486 (0xbfe5)
core   0: 0x8001147e (0x00002f17) auipc   t5, 0x2
core   0: 3 0x8001147e (0x00002f17) x30 0x8001347e
core   0: 0x80011482 (0xb83f2123) sw      gp, -1150(t5)
core   0: 3 0x80011482 (0xb83f2123) mem 0x80013000 0x00000001
core   0: 0x80011486 (0x0000bfe5) c.j     pc - 8
core   0: 3 0x80011486 (0xbfe5)
core   0: 0x8001147e (0x00002f17) auipc   t5, 0x2
core   0: 3 0x8001147e (0x00002f17) x30 0x8001347e
core   0: 0x80011482 (0xb83f2123) sw      gp, -1150(t5)
core   0: 3 0x80011482 (0xb83f2123) mem 0x80013000 0x00000001
core   0: 0x80011486 (0x0000bfe5) c.j     pc - 8
core   0: 3 0x80011486 (0xbfe5)
core   0: 0x8001147e (0x00002f17) auipc   t5, 0x2
core   0: 3 0x8001147e (0x00002f17) x30 0x8001347e
core   0: 0x80011482 (0xb83f2123) sw      gp, -1150(t5)
core   0: 3 0x80011482 (0xb83f2123) mem 0x80013000 0x00000001
core   0: 0x80011486 (0x0000bfe5) c.j     pc - 8
core   0: 3 0x80011486 (0xbfe5)
core   0: 0x8001147e (0x00002f17) auipc   t5, 0x2
core   0: 3 0x8001147e (0x00002f17) x30 0x8001347e
core   0: 0x80011482 (0xb83f2123) sw      gp, -1150(t5)
core   0: 3 0x80011482 (0xb83f2123) mem 0x80013000 0x00000001
core   0: 0x80011486 (0x0000bfe5) c.j     pc - 8
core   0: 3 0x80011486 (0xbfe5)
core   0: 0x8001147e (0x00002f17) auipc   t5, 0x2
core   0: 3 0x8001147e (0x00002f17) x30 0x8001347e
core   0: 0x80011482 (0xb83f2123) sw      gp, -1150(t5)
core   0: 3 0x80011482 (0xb83f2123) mem 0x80013000 0x00000001
core   0: 0x80011486 (0x0000bfe5) c.j     pc - 8
core   0: 3 0x80011486 (0xbfe5)
core   0: 0x8001147e (0x00002f17) auipc   t5, 0x2
core   0: 3 0x8001147e (0x00002f17) x30 0x8001347e
core   0: 0x80011482 (0xb83f2123) sw      gp, -1150(t5)
core   0: 3 0x80011482 (0xb83f2123) mem 0x80013000 0x00000001
core   0: 0x80011486 (0x0000bfe5) c.j     pc - 8
core   0: 3 0x80011486 (0xbfe5)
core   0: 0x8001147e (0x00002f17) auipc   t5, 0x2
core   0: 3 0x8001147e (0x00002f17) x30 0x8001347e
core   0: 0x80011482 (0xb83f2123) sw      gp, -1150(t5)
core   0: 3 0x80011482 (0xb83f2123) mem 0x80013000 0x00000001
core   0: 0x80011486 (0x0000bfe5) c.j     pc - 8
core   0: 3 0x80011486 (0xbfe5)
core   0: 0x8001147e (0x00002f17) auipc   t5, 0x2
core   0: 3 0x8001147e (0x00002f17) x30 0x8001347e
core   0: 0x80011482 (0xb83f2123) sw      gp, -1150(t5)
core   0: 3 0x80011482 (0xb83f2123) mem 0x80013000 0x00000001
core   0: 0x80011486 (0x0000bfe5) c.j     pc - 8
core   0: 3 0x80011486 (0xbfe5)
core   0: 0x8001147e (0x00002f17) auipc   t5, 0x2
core   0: 3 0x8001147e (0x00002f17) x30 0x8001347e
core   0: 0x80011482 (0xb83f2123) sw      gp, -1150(t5)
core   0: 3 0x80011482 (0xb83f2123) mem 0x80013000 0x00000001
core   0: 0x80011486 (0x0000bfe5) c.j     pc - 8
core   0: 3 0x80011486 (0xbfe5)
core   0: 0x8001147e (0x00002f17) auipc   t5, 0x2
core   0: 3 0x8001147e (0x00002f17) x30 0x8001347e
core   0: 0x80011482 (0xb83f2123) sw      gp, -1150(t5)
core   0: 3 0x80011482 (0xb83f2123) mem 0x80013000 0x00000001
core   0: 0x80011486 (0x0000bfe5) c.j     pc - 8
core   0: 3 0x80011486 (0xbfe5)
core   0: 0x8001147e (0x00002f17) auipc   t5, 0x2
core   0: 3 0x8001147e (0x00002f17) x30 0x8001347e
core   0: 0x80011482 (0xb83f2123) sw      gp, -1150(t5)
core   0: 3 0x80011482 (0xb83f2123) mem 0x80013000 0x00000001
core   0: 0x80011486 (0x0000bfe5) c.j     pc - 8
core   0: 3 0x80011486 (0xbfe5)
core   0: 0x8001147e (0x00002f17) auipc   t5, 0x2
core   0: 3 0x8001147e (0x00002f17) x30 0x8001347e
core   0: 0x80011482 (0xb83f2123) sw      gp, -1150(t5)
core   0: 3 0x80011482 (0xb83f2123) mem 0x80013000 0x00000001
core   0: 0x80011486 (0x0000bfe5) c.j     pc - 8
core   0: 3 0x80011486 (0xbfe5)
core   0: 0x8001147e (0x00002f17) auipc   t5, 0x2
core   0: 3 0x8001147e (0x00002f17) x30 0x8001347e
core   0: 0x80011482 (0xb83f2123) sw      gp, -1150(t5)
core   0: 3 0x80011482 (0xb83f2123) mem 0x80013000 0x00000001
core   0: 0x80011486 (0x0000bfe5) c.j     pc - 8
core   0: 3 0x80011486 (0xbfe5)
core   0: 0x8001147e (0x00002f17) auipc   t5, 0x2
core   0: 3 0x8001147e (0x00002f17) x30 0x8001347e
core   0: 0x80011482 (0xb83f2123) sw      gp, -1150(t5)
core   0: 3 0x80011482 (0xb83f2123) mem 0x80013000 0x00000001
core   0: 0x80011486 (0x0000bfe5) c.j     pc - 8
core   0: 3 0x80011486 (0xbfe5)
core   0: 0x8001147e (0x00002f17) auipc   t5, 0x2
core   0: 3 0x8001147e (0x00002f17) x30 0x8001347e
core   0: 0x80011482 (0xb83f2123) sw      gp, -1150(t5)
core   0: 3 0x80011482 (0xb83f2123) mem 0x80013000 0x00000001
core   0: 0x80011486 (0x0000bfe5) c.j     pc - 8
core   0: 3 0x80011486 (0xbfe5)
core   0: 0x8001147e (0x00002f17) auipc   t5, 0x2
core   0: 3 0x8001147e (0x00002f17) x30 0x8001347e
core   0: 0x80011482 (0xb83f2123) sw      gp, -1150(t5)
core   0: 3 0x80011482 (0xb83f2123) mem 0x80013000 0x00000001
core   0: 0x80011486 (0x0000bfe5) c.j     pc - 8
core   0: 3 0x80011486 (0xbfe5)
core   0: 0x8001147e (0x00002f17) auipc   t5, 0x2
core   0: 3 0x8001147e (0x00002f17) x30 0x8001347e
core   0: 0x80011482 (0xb83f2123) sw      gp, -1150(t5)
core   0: 3 0x80011482 (0xb83f2123) mem 0x80013000 0x00000001
core   0: 0x80011486 (0x0000bfe5) c.j     pc - 8
core   0: 3 0x80011486 (0xbfe5)
core   0: 0x8001147e (0x00002f17) auipc   t5, 0x2
core   0: 3 0x8001147e (0x00002f17) x30 0x8001347e
core   0: 0x80011482 (0xb83f2123) sw      gp, -1150(t5)
core   0: 3 0x80011482 (0xb83f2123) mem 0x80013000 0x00000001
core   0: 0x80011486 (0x0000bfe5) c.j     pc - 8
core   0: 3 0x80011486 (0xbfe5)
core   0: 0x8001147e (0x00002f17) auipc   t5, 0x2
core   0: 3 0x8001147e (0x00002f17) x30 0x8001347e
core   0: 0x80011482 (0xb83f2123) sw      gp, -1150(t5)
core   0: 3 0x80011482 (0xb83f2123) mem 0x80013000 0x00000001
core   0: 0x80011486 (0x0000bfe5) c.j     pc - 8
core   0: 3 0x80011486 (0xbfe5)
core   0: 0x8001147e (0x00002f17) auipc   t5, 0x2
core   0: 3 0x8001147e (0x00002f17) x30 0x8001347e
core   0: 0x80011482 (0xb83f2123) sw      gp, -1150(t5)
core   0: 3 0x80011482 (0xb83f2123) mem 0x80013000 0x00000001
core   0: 0x80011486 (0x0000bfe5) c.j     pc - 8
core   0: 3 0x80011486 (0xbfe5)
core   0: 0x8001147e (0x00002f17) auipc   t5, 0x2
core   0: 3 0x8001147e (0x00002f17) x30 0x8001347e
core   0: 0x80011482 (0xb83f2123) sw      gp, -1150(t5)
core   0: 3 0x80011482 (0xb83f2123) mem 0x80013000 0x00000001
core   0: 0x80011486 (0x0000bfe5) c.j     pc - 8
core   0: 3 0x80011486 (0xbfe5)
core   0: 0x8001147e (0x00002f17) auipc   t5, 0x2
core   0: 3 0x8001147e (0x00002f17) x30 0x8001347e
core   0: 0x80011482 (0xb83f2123) sw      gp, -1150(t5)
core   0: 3 0x80011482 (0xb83f2123) mem 0x80013000 0x00000001
core   0: 0x80011486 (0x0000bfe5) c.j     pc - 8
core   0: 3 0x80011486 (0xbfe5)
core   0: 0x8001147e (0x00002f17) auipc   t5, 0x2
core   0: 3 0x8001147e (0x00002f17) x30 0x8001347e
core   0: 0x80011482 (0xb83f2123) sw      gp, -1150(t5)
core   0: 3 0x80011482 (0xb83f2123) mem 0x80013000 0x00000001
core   0: 0x80011486 (0x0000bfe5) c.j     pc - 8
core   0: 3 0x80011486 (0xbfe5)
core   0: 0x8001147e (0x00002f17) auipc   t5, 0x2
core   0: 3 0x8001147e (0x00002f17) x30 0x8001347e
core   0: 0x80011482 (0xb83f2123) sw      gp, -1150(t5)
core   0: 3 0x80011482 (0xb83f2123) mem 0x80013000 0x00000001
core   0: 0x80011486 (0x0000bfe5) c.j     pc - 8
core   0: 3 0x80011486 (0xbfe5)
core   0: 0x8001147e (0x00002f17) auipc   t5, 0x2
core   0: 3 0x8001147e (0x00002f17) x30 0x8001347e
core   0: 0x80011482 (0xb83f2123) sw      gp, -1150(t5)
core   0: 3 0x80011482 (0xb83f2123) mem 0x80013000 0x00000001
core   0: 0x80011486 (0x0000bfe5) c.j     pc - 8
core   0: 3 0x80011486 (0xbfe5)
core   0: 0x8001147e (0x00002f17) auipc   t5, 0x2
core   0: 3 0x8001147e (0x00002f17) x30 0x8001347e
core   0: 0x80011482 (0xb83f2123) sw      gp, -1150(t5)
core   0: 3 0x80011482 (0xb83f2123) mem 0x80013000 0x00000001
core   0: 0x80011486 (0x0000bfe5) c.j     pc - 8
core   0: 3 0x80011486 (0xbfe5)
core   0: 0x8001147e (0x00002f17) auipc   t5, 0x2
core   0: 3 0x8001147e (0x00002f17) x30 0x8001347e
core   0: 0x80011482 (0xb83f2123) sw      gp, -1150(t5)
core   0: 3 0x80011482 (0xb83f2123) mem 0x80013000 0x00000001
core   0: 0x80011486 (0x0000bfe5) c.j     pc - 8
core   0: 3 0x80011486 (0xbfe5)
core   0: 0x8001147e (0x00002f17) auipc   t5, 0x2
core   0: 3 0x8001147e (0x00002f17) x30 0x8001347e
core   0: 0x80011482 (0xb83f2123) sw      gp, -1150(t5)
core   0: 3 0x80011482 (0xb83f2123) mem 0x80013000 0x00000001
core   0: 0x80011486 (0x0000bfe5) c.j     pc - 8
core   0: 3 0x80011486 (0xbfe5)
core   0: 0x8001147e (0x00002f17) auipc   t5, 0x2
core   0: 3 0x8001147e (0x00002f17) x30 0x8001347e
core   0: 0x80011482 (0xb83f2123) sw      gp, -1150(t5)
core   0: 3 0x80011482 (0xb83f2123) mem 0x80013000 0x00000001
core   0: 0x80011486 (0x0000bfe5) c.j     pc - 8
core   0: 3 0x80011486 (0xbfe5)
core   0: 0x8001147e (0x00002f17) auipc   t5, 0x2
core   0: 3 0x8001147e (0x00002f17) x30 0x8001347e
core   0: 0x80011482 (0xb83f2123) sw      gp, -1150(t5)
core   0: 3 0x80011482 (0xb83f2123) mem 0x80013000 0x00000001
core   0: 0x80011486 (0x0000bfe5) c.j     pc - 8
core   0: 3 0x80011486 (0xbfe5)
core   0: 0x8001147e (0x00002f17) auipc   t5, 0x2
core   0: 3 0x8001147e (0x00002f17) x30 0x8001347e
core   0: 0x80011482 (0xb83f2123) sw      gp, -1150(t5)
core   0: 3 0x80011482 (0xb83f2123) mem 0x80013000 0x00000001
core   0: 0x80011486 (0x0000bfe5) c.j     pc - 8
core   0: 3 0x80011486 (0xbfe5)
core   0: 0x8001147e (0x00002f17) auipc   t5, 0x2
core   0: 3 0x8001147e (0x00002f17) x30 0x8001347e
core   0: 0x80011482 (0xb83f2123) sw      gp, -1150(t5)
core   0: 3 0x80011482 (0xb83f2123) mem 0x80013000 0x00000001
core   0: 0x80011486 (0x0000bfe5) c.j     pc - 8
core   0: 3 0x80011486 (0xbfe5)
core   0: 0x8001147e (0x00002f17) auipc   t5, 0x2
core   0: 3 0x8001147e (0x00002f17) x30 0x8001347e
core   0: 0x80011482 (0xb83f2123) sw      gp, -1150(t5)
core   0: 3 0x80011482 (0xb83f2123) mem 0x80013000 0x00000001
core   0: 0x80011486 (0x0000bfe5) c.j     pc - 8
core   0: 3 0x80011486 (0xbfe5)
core   0: 0x8001147e (0x00002f17) auipc   t5, 0x2
core   0: 3 0x8001147e (0x00002f17) x30 0x8001347e
core   0: 0x80011482 (0xb83f2123) sw      gp, -1150(t5)
core   0: 3 0x80011482 (0xb83f2123) mem 0x80013000 0x00000001
core   0: 0x80011486 (0x0000bfe5) c.j     pc - 8
core   0: 3 0x80011486 (0xbfe5)
core   0: 0x8001147e (0x00002f17) auipc   t5, 0x2
core   0: 3 0x8001147e (0x00002f17) x30 0x8001347e
core   0: 0x80011482 (0xb83f2123) sw      gp, -1150(t5)
core   0: 3 0x80011482 (0xb83f2123) mem 0x80013000 0x00000001
core   0: 0x80011486 (0x0000bfe5) c.j     pc - 8
core   0: 3 0x80011486 (0xbfe5)
core   0: 0x8001147e (0x00002f17) auipc   t5, 0x2
core   0: 3 0x8001147e (0x00002f17) x30 0x8001347e
core   0: 0x80011482 (0xb83f2123) sw      gp, -1150(t5)
core   0: 3 0x80011482 (0xb83f2123) mem 0x80013000 0x00000001
core   0: 0x80011486 (0x0000bfe5) c.j     pc - 8
core   0: 3 0x80011486 (0xbfe5)
core   0: 0x8001147e (0x00002f17) auipc   t5, 0x2
core   0: 3 0x8001147e (0x00002f17) x30 0x8001347e
core   0: 0x80011482 (0xb83f2123) sw      gp, -1150(t5)
core   0: 3 0x80011482 (0xb83f2123) mem 0x80013000 0x00000001
core   0: 0x80011486 (0x0000bfe5) c.j     pc - 8
core   0: 3 0x80011486 (0xbfe5)
core   0: 0x8001147e (0x00002f17) auipc   t5, 0x2
core   0: 3 0x8001147e (0x00002f17) x30 0x8001347e
core   0: 0x80011482 (0xb83f2123) sw      gp, -1150(t5)
core   0: 3 0x80011482 (0xb83f2123) mem 0x80013000 0x00000001
core   0: 0x80011486 (0x0000bfe5) c.j     pc - 8
core   0: 3 0x80011486 (0xbfe5)
core   0: 0x8001147e (0x00002f17) auipc   t5, 0x2
core   0: 3 0x8001147e (0x00002f17) x30 0x8001347e
core   0: 0x80011482 (0xb83f2123) sw      gp, -1150(t5)
core   0: 3 0x80011482 (0xb83f2123) mem 0x80013000 0x00000001
core   0: 0x80011486 (0x0000bfe5) c.j     pc - 8
core   0: 3 0x80011486 (0xbfe5)
core   0: 0x8001147e (0x00002f17) auipc   t5, 0x2
core   0: 3 0x8001147e (0x00002f17) x30 0x8001347e
core   0: 0x80011482 (0xb83f2123) sw      gp, -1150(t5)
core   0: 3 0x80011482 (0xb83f2123) mem 0x80013000 0x00000001
core   0: 0x80011486 (0x0000bfe5) c.j     pc - 8
core   0: 3 0x80011486 (0xbfe5)
core   0: 0x8001147e (0x00002f17) auipc   t5, 0x2
core   0: 3 0x8001147e (0x00002f17) x30 0x8001347e
core   0: 0x80011482 (0xb83f2123) sw      gp, -1150(t5)
core   0: 3 0x80011482 (0xb83f2123) mem 0x80013000 0x00000001
core   0: 0x80011486 (0x0000bfe5) c.j     pc - 8
core   0: 3 0x80011486 (0xbfe5)
core   0: 0x8001147e (0x00002f17) auipc   t5, 0x2
core   0: 3 0x8001147e (0x00002f17) x30 0x8001347e
core   0: 0x80011482 (0xb83f2123) sw      gp, -1150(t5)
core   0: 3 0x80011482 (0xb83f2123) mem 0x80013000 0x00000001
core   0: 0x80011486 (0x0000bfe5) c.j     pc - 8
core   0: 3 0x80011486 (0xbfe5)
core   0: 0x8001147e (0x00002f17) auipc   t5, 0x2
core   0: 3 0x8001147e (0x00002f17) x30 0x8001347e
core   0: 0x80011482 (0xb83f2123) sw      gp, -1150(t5)
core   0: 3 0x80011482 (0xb83f2123) mem 0x80013000 0x00000001
core   0: 0x80011486 (0x0000bfe5) c.j     pc - 8
core   0: 3 0x80011486 (0xbfe5)
core   0: 0x8001147e (0x00002f17) auipc   t5, 0x2
core   0: 3 0x8001147e (0x00002f17) x30 0x8001347e
core   0: 0x80011482 (0xb83f2123) sw      gp, -1150(t5)
core   0: 3 0x80011482 (0xb83f2123) mem 0x80013000 0x00000001
core   0: 0x80011486 (0x0000bfe5) c.j     pc - 8
core   0: 3 0x80011486 (0xbfe5)
core   0: 0x8001147e (0x00002f17) auipc   t5, 0x2
core   0: 3 0x8001147e (0x00002f17) x30 0x8001347e
core   0: 0x80011482 (0xb83f2123) sw      gp, -1150(t5)
core   0: 3 0x80011482 (0xb83f2123) mem 0x80013000 0x00000001
core   0: 0x80011486 (0x0000bfe5) c.j     pc - 8
core   0: 3 0x80011486 (0xbfe5)
core   0: 0x8001147e (0x00002f17) auipc   t5, 0x2
core   0: 3 0x8001147e (0x00002f17) x30 0x8001347e
core   0: 0x80011482 (0xb83f2123) sw      gp, -1150(t5)
core   0: 3 0x80011482 (0xb83f2123) mem 0x80013000 0x00000001
core   0: 0x80011486 (0x0000bfe5) c.j     pc - 8
core   0: 3 0x80011486 (0xbfe5)
core   0: 0x8001147e (0x00002f17) auipc   t5, 0x2
core   0: 3 0x8001147e (0x00002f17) x30 0x8001347e
core   0: 0x80011482 (0xb83f2123) sw      gp, -1150(t5)
core   0: 3 0x80011482 (0xb83f2123) mem 0x80013000 0x00000001
core   0: 0x80011486 (0x0000bfe5) c.j     pc - 8
core   0: 3 0x80011486 (0xbfe5)
core   0: 0x8001147e (0x00002f17) auipc   t5, 0x2
core   0: 3 0x8001147e (0x00002f17) x30 0x8001347e
core   0: 0x80011482 (0xb83f2123) sw      gp, -1150(t5)
core   0: 3 0x80011482 (0xb83f2123) mem 0x80013000 0x00000001
core   0: 0x80011486 (0x0000bfe5) c.j     pc - 8
core   0: 3 0x80011486 (0xbfe5)
core   0: 0x8001147e (0x00002f17) auipc   t5, 0x2
core   0: 3 0x8001147e (0x00002f17) x30 0x8001347e
core   0: 0x80011482 (0xb83f2123) sw      gp, -1150(t5)
core   0: 3 0x80011482 (0xb83f2123) mem 0x80013000 0x00000001
core   0: 0x80011486 (0x0000bfe5) c.j     pc - 8
core   0: 3 0x80011486 (0xbfe5)
core   0: 0x8001147e (0x00002f17) auipc   t5, 0x2
core   0: 3 0x8001147e (0x00002f17) x30 0x8001347e
core   0: 0x80011482 (0xb83f2123) sw      gp, -1150(t5)
core   0: 3 0x80011482 (0xb83f2123) mem 0x80013000 0x00000001
core   0: 0x80011486 (0x0000bfe5) c.j     pc - 8
core   0: 3 0x80011486 (0xbfe5)
core   0: 0x8001147e (0x00002f17) auipc   t5, 0x2
core   0: 3 0x8001147e (0x00002f17) x30 0x8001347e
core   0: 0x80011482 (0xb83f2123) sw      gp, -1150(t5)
core   0: 3 0x80011482 (0xb83f2123) mem 0x80013000 0x00000001
core   0: 0x80011486 (0x0000bfe5) c.j     pc - 8
core   0: 3 0x80011486 (0xbfe5)
core   0: 0x8001147e (0x00002f17) auipc   t5, 0x2
core   0: 3 0x8001147e (0x00002f17) x30 0x8001347e
core   0: 0x80011482 (0xb83f2123) sw      gp, -1150(t5)
core   0: 3 0x80011482 (0xb83f2123) mem 0x80013000 0x00000001
core   0: 0x80011486 (0x0000bfe5) c.j     pc - 8
core   0: 3 0x80011486 (0xbfe5)
core   0: 0x8001147e (0x00002f17) auipc   t5, 0x2
core   0: 3 0x8001147e (0x00002f17) x30 0x8001347e
core   0: 0x80011482 (0xb83f2123) sw      gp, -1150(t5)
core   0: 3 0x80011482 (0xb83f2123) mem 0x80013000 0x00000001
core   0: 0x80011486 (0x0000bfe5) c.j     pc - 8
core   0: 3 0x80011486 (0xbfe5)
core   0: 0x8001147e (0x00002f17) auipc   t5, 0x2
core   0: 3 0x8001147e (0x00002f17) x30 0x8001347e
core   0: 0x80011482 (0xb83f2123) sw      gp, -1150(t5)
core   0: 3 0x80011482 (0xb83f2123) mem 0x80013000 0x00000001
core   0: 0x80011486 (0x0000bfe5) c.j     pc - 8
core   0: 3 0x80011486 (0xbfe5)
core   0: 0x8001147e (0x00002f17) auipc   t5, 0x2
core   0: 3 0x8001147e (0x00002f17) x30 0x8001347e
core   0: 0x80011482 (0xb83f2123) sw      gp, -1150(t5)
core   0: 3 0x80011482 (0xb83f2123) mem 0x80013000 0x00000001
core   0: 0x80011486 (0x0000bfe5) c.j     pc - 8
core   0: 3 0x80011486 (0xbfe5)
core   0: 0x8001147e (0x00002f17) auipc   t5, 0x2
core   0: 3 0x8001147e (0x00002f17) x30 0x8001347e
core   0: 0x80011482 (0xb83f2123) sw      gp, -1150(t5)
core   0: 3 0x80011482 (0xb83f2123) mem 0x80013000 0x00000001
core   0: 0x80011486 (0x0000bfe5) c.j     pc - 8
core   0: 3 0x80011486 (0xbfe5)
core   0: 0x8001147e (0x00002f17) auipc   t5, 0x2
core   0: 3 0x8001147e (0x00002f17) x30 0x8001347e
core   0: 0x80011482 (0xb83f2123) sw      gp, -1150(t5)
core   0: 3 0x80011482 (0xb83f2123) mem 0x80013000 0x00000001
core   0: 0x80011486 (0x0000bfe5) c.j     pc - 8
core   0: 3 0x80011486 (0xbfe5)
core   0: 0x8001147e (0x00002f17) auipc   t5, 0x2
core   0: 3 0x8001147e (0x00002f17) x30 0x8001347e
core   0: 0x80011482 (0xb83f2123) sw      gp, -1150(t5)
core   0: 3 0x80011482 (0xb83f2123) mem 0x80013000 0x00000001
core   0: 0x80011486 (0x0000bfe5) c.j     pc - 8
core   0: 3 0x80011486 (0xbfe5)
core   0: 0x8001147e (0x00002f17) auipc   t5, 0x2
core   0: 3 0x8001147e (0x00002f17) x30 0x8001347e
core   0: 0x80011482 (0xb83f2123) sw      gp, -1150(t5)
core   0: 3 0x80011482 (0xb83f2123) mem 0x80013000 0x00000001
core   0: 0x80011486 (0x0000bfe5) c.j     pc - 8
core   0: 3 0x80011486 (0xbfe5)
core   0: 0x8001147e (0x00002f17) auipc   t5, 0x2
core   0: 3 0x8001147e (0x00002f17) x30 0x8001347e
core   0: 0x80011482 (0xb83f2123) sw      gp, -1150(t5)
core   0: 3 0x80011482 (0xb83f2123) mem 0x80013000 0x00000001
core   0: 0x80011486 (0x0000bfe5) c.j     pc - 8
core   0: 3 0x80011486 (0xbfe5)
core   0: 0x8001147e (0x00002f17) auipc   t5, 0x2
core   0: 3 0x8001147e (0x00002f17) x30 0x8001347e
core   0: 0x80011482 (0xb83f2123) sw      gp, -1150(t5)
core   0: 3 0x80011482 (0xb83f2123) mem 0x80013000 0x00000001
core   0: 0x80011486 (0x0000bfe5) c.j     pc - 8
core   0: 3 0x80011486 (0xbfe5)
core   0: 0x8001147e (0x00002f17) auipc   t5, 0x2
core   0: 3 0x8001147e (0x00002f17) x30 0x8001347e
core   0: 0x80011482 (0xb83f2123) sw      gp, -1150(t5)
core   0: 3 0x80011482 (0xb83f2123) mem 0x80013000 0x00000001
core   0: 0x80011486 (0x0000bfe5) c.j     pc - 8
core   0: 3 0x80011486 (0xbfe5)
core   0: 0x8001147e (0x00002f17) auipc   t5, 0x2
core   0: 3 0x8001147e (0x00002f17) x30 0x8001347e
core   0: 0x80011482 (0xb83f2123) sw      gp, -1150(t5)
core   0: 3 0x80011482 (0xb83f2123) mem 0x80013000 0x00000001
core   0: 0x80011486 (0x0000bfe5) c.j     pc - 8
core   0: 3 0x80011486 (0xbfe5)
core   0: 0x8001147e (0x00002f17) auipc   t5, 0x2
core   0: 3 0x8001147e (0x00002f17) x30 0x8001347e
core   0: 0x80011482 (0xb83f2123) sw      gp, -1150(t5)
core   0: 3 0x80011482 (0xb83f2123) mem 0x80013000 0x00000001
core   0: 0x80011486 (0x0000bfe5) c.j     pc - 8
core   0: 3 0x80011486 (0xbfe5)
core   0: 0x8001147e (0x00002f17) auipc   t5, 0x2
core   0: 3 0x8001147e (0x00002f17) x30 0x8001347e
core   0: 0x80011482 (0xb83f2123) sw      gp, -1150(t5)
core   0: 3 0x80011482 (0xb83f2123) mem 0x80013000 0x00000001
core   0: 0x80011486 (0x0000bfe5) c.j     pc - 8
core   0: 3 0x80011486 (0xbfe5)
core   0: 0x8001147e (0x00002f17) auipc   t5, 0x2
core   0: 3 0x8001147e (0x00002f17) x30 0x8001347e
core   0: 0x80011482 (0xb83f2123) sw      gp, -1150(t5)
core   0: 3 0x80011482 (0xb83f2123) mem 0x80013000 0x00000001
core   0: 0x80011486 (0x0000bfe5) c.j     pc - 8
core   0: 3 0x80011486 (0xbfe5)
core   0: 0x8001147e (0x00002f17) auipc   t5, 0x2
core   0: 3 0x8001147e (0x00002f17) x30 0x8001347e
core   0: 0x80011482 (0xb83f2123) sw      gp, -1150(t5)
core   0: 3 0x80011482 (0xb83f2123) mem 0x80013000 0x00000001
core   0: 0x80011486 (0x0000bfe5) c.j     pc - 8
core   0: 3 0x80011486 (0xbfe5)
core   0: 0x8001147e (0x00002f17) auipc   t5, 0x2
core   0: 3 0x8001147e (0x00002f17) x30 0x8001347e
core   0: 0x80011482 (0xb83f2123) sw      gp, -1150(t5)
core   0: 3 0x80011482 (0xb83f2123) mem 0x80013000 0x00000001
core   0: 0x80011486 (0x0000bfe5) c.j     pc - 8
core   0: 3 0x80011486 (0xbfe5)
core   0: 0x8001147e (0x00002f17) auipc   t5, 0x2
core   0: 3 0x8001147e (0x00002f17) x30 0x8001347e
core   0: 0x80011482 (0xb83f2123) sw      gp, -1150(t5)
core   0: 3 0x80011482 (0xb83f2123) mem 0x80013000 0x00000001
core   0: 0x80011486 (0x0000bfe5) c.j     pc - 8
core   0: 3 0x80011486 (0xbfe5)
core   0: 0x8001147e (0x00002f17) auipc   t5, 0x2
core   0: 3 0x8001147e (0x00002f17) x30 0x8001347e
core   0: 0x80011482 (0xb83f2123) sw      gp, -1150(t5)
core   0: 3 0x80011482 (0xb83f2123) mem 0x80013000 0x00000001
core   0: 0x80011486 (0x0000bfe5) c.j     pc - 8
core   0: 3 0x80011486 (0xbfe5)
core   0: 0x8001147e (0x00002f17) auipc   t5, 0x2
core   0: 3 0x8001147e (0x00002f17) x30 0x8001347e
core   0: 0x80011482 (0xb83f2123) sw      gp, -1150(t5)
core   0: 3 0x80011482 (0xb83f2123) mem 0x80013000 0x00000001
core   0: 0x80011486 (0x0000bfe5) c.j     pc - 8
core   0: 3 0x80011486 (0xbfe5)
core   0: 0x8001147e (0x00002f17) auipc   t5, 0x2
core   0: 3 0x8001147e (0x00002f17) x30 0x8001347e
core   0: 0x80011482 (0xb83f2123) sw      gp, -1150(t5)
core   0: 3 0x80011482 (0xb83f2123) mem 0x80013000 0x00000001
core   0: 0x80011486 (0x0000bfe5) c.j     pc - 8
core   0: 3 0x80011486 (0xbfe5)
core   0: 0x8001147e (0x00002f17) auipc   t5, 0x2
core   0: 3 0x8001147e (0x00002f17) x30 0x8001347e
core   0: 0x80011482 (0xb83f2123) sw      gp, -1150(t5)
core   0: 3 0x80011482 (0xb83f2123) mem 0x80013000 0x00000001
core   0: 0x80011486 (0x0000bfe5) c.j     pc - 8
core   0: 3 0x80011486 (0xbfe5)
core   0: 0x8001147e (0x00002f17) auipc   t5, 0x2
core   0: 3 0x8001147e (0x00002f17) x30 0x8001347e
core   0: 0x80011482 (0xb83f2123) sw      gp, -1150(t5)
core   0: 3 0x80011482 (0xb83f2123) mem 0x80013000 0x00000001
core   0: 0x80011486 (0x0000bfe5) c.j     pc - 8
core   0: 3 0x80011486 (0xbfe5)
core   0: 0x8001147e (0x00002f17) auipc   t5, 0x2
core   0: 3 0x8001147e (0x00002f17) x30 0x8001347e
core   0: 0x80011482 (0xb83f2123) sw      gp, -1150(t5)
core   0: 3 0x80011482 (0xb83f2123) mem 0x80013000 0x00000001
core   0: 0x80011486 (0x0000bfe5) c.j     pc - 8
core   0: 3 0x80011486 (0xbfe5)
core   0: 0x8001147e (0x00002f17) auipc   t5, 0x2
core   0: 3 0x8001147e (0x00002f17) x30 0x8001347e
core   0: 0x80011482 (0xb83f2123) sw      gp, -1150(t5)
core   0: 3 0x80011482 (0xb83f2123) mem 0x80013000 0x00000001
core   0: 0x80011486 (0x0000bfe5) c.j     pc - 8
core   0: 3 0x80011486 (0xbfe5)
core   0: 0x8001147e (0x00002f17) auipc   t5, 0x2
core   0: 3 0x8001147e (0x00002f17) x30 0x8001347e
core   0: 0x80011482 (0xb83f2123) sw      gp, -1150(t5)
core   0: 3 0x80011482 (0xb83f2123) mem 0x80013000 0x00000001
core   0: 0x80011486 (0x0000bfe5) c.j     pc - 8
core   0: 3 0x80011486 (0xbfe5)
core   0: 0x8001147e (0x00002f17) auipc   t5, 0x2
core   0: 3 0x8001147e (0x00002f17) x30 0x8001347e
core   0: 0x80011482 (0xb83f2123) sw      gp, -1150(t5)
core   0: 3 0x80011482 (0xb83f2123) mem 0x80013000 0x00000001
core   0: 0x80011486 (0x0000bfe5) c.j     pc - 8
core   0: 3 0x80011486 (0xbfe5)
core   0: 0x8001147e (0x00002f17) auipc   t5, 0x2
core   0: 3 0x8001147e (0x00002f17) x30 0x8001347e
core   0: 0x80011482 (0xb83f2123) sw      gp, -1150(t5)
core   0: 3 0x80011482 (0xb83f2123) mem 0x80013000 0x00000001
core   0: 0x80011486 (0x0000bfe5) c.j     pc - 8
core   0: 3 0x80011486 (0xbfe5)
core   0: 0x8001147e (0x00002f17) auipc   t5, 0x2
core   0: 3 0x8001147e (0x00002f17) x30 0x8001347e
core   0: 0x80011482 (0xb83f2123) sw      gp, -1150(t5)
core   0: 3 0x80011482 (0xb83f2123) mem 0x80013000 0x00000001
core   0: 0x80011486 (0x0000bfe5) c.j     pc - 8
core   0: 3 0x80011486 (0xbfe5)
core   0: 0x8001147e (0x00002f17) auipc   t5, 0x2
core   0: 3 0x8001147e (0x00002f17) x30 0x8001347e
core   0: 0x80011482 (0xb83f2123) sw      gp, -1150(t5)
core   0: 3 0x80011482 (0xb83f2123) mem 0x80013000 0x00000001
core   0: 0x80011486 (0x0000bfe5) c.j     pc - 8
core   0: 3 0x80011486 (0xbfe5)
core   0: 0x8001147e (0x00002f17) auipc   t5, 0x2
core   0: 3 0x8001147e (0x00002f17) x30 0x8001347e
core   0: 0x80011482 (0xb83f2123) sw      gp, -1150(t5)
core   0: 3 0x80011482 (0xb83f2123) mem 0x80013000 0x00000001
core   0: 0x80011486 (0x0000bfe5) c.j     pc - 8
core   0: 3 0x80011486 (0xbfe5)
core   0: 0x8001147e (0x00002f17) auipc   t5, 0x2
core   0: 3 0x8001147e (0x00002f17) x30 0x8001347e
core   0: 0x80011482 (0xb83f2123) sw      gp, -1150(t5)
core   0: 3 0x80011482 (0xb83f2123) mem 0x80013000 0x00000001
core   0: 0x80011486 (0x0000bfe5) c.j     pc - 8
core   0: 3 0x80011486 (0xbfe5)
core   0: 0x8001147e (0x00002f17) auipc   t5, 0x2
core   0: 3 0x8001147e (0x00002f17) x30 0x8001347e
core   0: 0x80011482 (0xb83f2123) sw      gp, -1150(t5)
core   0: 3 0x80011482 (0xb83f2123) mem 0x80013000 0x00000001
core   0: 0x80011486 (0x0000bfe5) c.j     pc - 8
core   0: 3 0x80011486 (0xbfe5)
core   0: 0x8001147e (0x00002f17) auipc   t5, 0x2
core   0: 3 0x8001147e (0x00002f17) x30 0x8001347e
core   0: 0x80011482 (0xb83f2123) sw      gp, -1150(t5)
core   0: 3 0x80011482 (0xb83f2123) mem 0x80013000 0x00000001
core   0: 0x80011486 (0x0000bfe5) c.j     pc - 8
core   0: 3 0x80011486 (0xbfe5)
core   0: 0x8001147e (0x00002f17) auipc   t5, 0x2
core   0: 3 0x8001147e (0x00002f17) x30 0x8001347e
core   0: 0x80011482 (0xb83f2123) sw      gp, -1150(t5)
core   0: 3 0x80011482 (0xb83f2123) mem 0x80013000 0x00000001
core   0: 0x80011486 (0x0000bfe5) c.j     pc - 8
core   0: 3 0x80011486 (0xbfe5)
core   0: 0x8001147e (0x00002f17) auipc   t5, 0x2
core   0: 3 0x8001147e (0x00002f17) x30 0x8001347e
core   0: 0x80011482 (0xb83f2123) sw      gp, -1150(t5)
core   0: 3 0x80011482 (0xb83f2123) mem 0x80013000 0x00000001
core   0: 0x80011486 (0x0000bfe5) c.j     pc - 8
core   0: 3 0x80011486 (0xbfe5)
core   0: 0x8001147e (0x00002f17) auipc   t5, 0x2
core   0: 3 0x8001147e (0x00002f17) x30 0x8001347e
core   0: 0x80011482 (0xb83f2123) sw      gp, -1150(t5)
core   0: 3 0x80011482 (0xb83f2123) mem 0x80013000 0x00000001
core   0: 0x80011486 (0x0000bfe5) c.j     pc - 8
core   0: 3 0x80011486 (0xbfe5)
core   0: 0x8001147e (0x00002f17) auipc   t5, 0x2
core   0: 3 0x8001147e (0x00002f17) x30 0x8001347e
core   0: 0x80011482 (0xb83f2123) sw      gp, -1150(t5)
core   0: 3 0x80011482 (0xb83f2123) mem 0x80013000 0x00000001
core   0: 0x80011486 (0x0000bfe5) c.j     pc - 8
core   0: 3 0x80011486 (0xbfe5)
core   0: 0x8001147e (0x00002f17) auipc   t5, 0x2
core   0: 3 0x8001147e (0x00002f17) x30 0x8001347e
core   0: 0x80011482 (0xb83f2123) sw      gp, -1150(t5)
core   0: 3 0x80011482 (0xb83f2123) mem 0x80013000 0x00000001
core   0: 0x80011486 (0x0000bfe5) c.j     pc - 8
core   0: 3 0x80011486 (0xbfe5)
core   0: 0x8001147e (0x00002f17) auipc   t5, 0x2
core   0: 3 0x8001147e (0x00002f17) x30 0x8001347e
core   0: 0x80011482 (0xb83f2123) sw      gp, -1150(t5)
core   0: 3 0x80011482 (0xb83f2123) mem 0x80013000 0x00000001
core   0: 0x80011486 (0x0000bfe5) c.j     pc - 8
core   0: 3 0x80011486 (0xbfe5)
core   0: 0x8001147e (0x00002f17) auipc   t5, 0x2
core   0: 3 0x8001147e (0x00002f17) x30 0x8001347e
core   0: 0x80011482 (0xb83f2123) sw      gp, -1150(t5)
core   0: 3 0x80011482 (0xb83f2123) mem 0x80013000 0x00000001
core   0: 0x80011486 (0x0000bfe5) c.j     pc - 8
core   0: 3 0x80011486 (0xbfe5)
core   0: 0x8001147e (0x00002f17) auipc   t5, 0x2
core   0: 3 0x8001147e (0x00002f17) x30 0x8001347e
core   0: 0x80011482 (0xb83f2123) sw      gp, -1150(t5)
core   0: 3 0x80011482 (0xb83f2123) mem 0x80013000 0x00000001
core   0: 0x80011486 (0x0000bfe5) c.j     pc - 8
core   0: 3 0x80011486 (0xbfe5)
core   0: 0x8001147e (0x00002f17) auipc   t5, 0x2
core   0: 3 0x8001147e (0x00002f17) x30 0x8001347e
core   0: 0x80011482 (0xb83f2123) sw      gp, -1150(t5)
core   0: 3 0x80011482 (0xb83f2123) mem 0x80013000 0x00000001
core   0: 0x80011486 (0x0000bfe5) c.j     pc - 8
core   0: 3 0x80011486 (0xbfe5)
core   0: 0x8001147e (0x00002f17) auipc   t5, 0x2
core   0: 3 0x8001147e (0x00002f17) x30 0x8001347e
core   0: 0x80011482 (0xb83f2123) sw      gp, -1150(t5)
core   0: 3 0x80011482 (0xb83f2123) mem 0x80013000 0x00000001
core   0: 0x80011486 (0x0000bfe5) c.j     pc - 8
core   0: 3 0x80011486 (0xbfe5)
core   0: 0x8001147e (0x00002f17) auipc   t5, 0x2
core   0: 3 0x8001147e (0x00002f17) x30 0x8001347e
core   0: 0x80011482 (0xb83f2123) sw      gp, -1150(t5)
core   0: 3 0x80011482 (0xb83f2123) mem 0x80013000 0x00000001
core   0: 0x80011486 (0x0000bfe5) c.j     pc - 8
core   0: 3 0x80011486 (0xbfe5)
core   0: 0x8001147e (0x00002f17) auipc   t5, 0x2
core   0: 3 0x8001147e (0x00002f17) x30 0x8001347e
core   0: 0x80011482 (0xb83f2123) sw      gp, -1150(t5)
core   0: 3 0x80011482 (0xb83f2123) mem 0x80013000 0x00000001
core   0: 0x80011486 (0x0000bfe5) c.j     pc - 8
core   0: 3 0x80011486 (0xbfe5)
core   0: 0x8001147e (0x00002f17) auipc   t5, 0x2
core   0: 3 0x8001147e (0x00002f17) x30 0x8001347e
core   0: 0x80011482 (0xb83f2123) sw      gp, -1150(t5)
core   0: 3 0x80011482 (0xb83f2123) mem 0x80013000 0x00000001
core   0: 0x80011486 (0x0000bfe5) c.j     pc - 8
core   0: 3 0x80011486 (0xbfe5)
core   0: 0x8001147e (0x00002f17) auipc   t5, 0x2
core   0: 3 0x8001147e (0x00002f17) x30 0x8001347e
core   0: 0x80011482 (0xb83f2123) sw      gp, -1150(t5)
core   0: 3 0x80011482 (0xb83f2123) mem 0x80013000 0x00000001
core   0: 0x80011486 (0x0000bfe5) c.j     pc - 8
core   0: 3 0x80011486 (0xbfe5)
core   0: 0x8001147e (0x00002f17) auipc   t5, 0x2
core   0: 3 0x8001147e (0x00002f17) x30 0x8001347e
core   0: 0x80011482 (0xb83f2123) sw      gp, -1150(t5)
core   0: 3 0x80011482 (0xb83f2123) mem 0x80013000 0x00000001
core   0: 0x80011486 (0x0000bfe5) c.j     pc - 8
core   0: 3 0x80011486 (0xbfe5)
core   0: 0x8001147e (0x00002f17) auipc   t5, 0x2
core   0: 3 0x8001147e (0x00002f17) x30 0x8001347e
core   0: 0x80011482 (0xb83f2123) sw      gp, -1150(t5)
core   0: 3 0x80011482 (0xb83f2123) mem 0x80013000 0x00000001
core   0: 0x80011486 (0x0000bfe5) c.j     pc - 8
core   0: 3 0x80011486 (0xbfe5)
core   0: 0x8001147e (0x00002f17) auipc   t5, 0x2
core   0: 3 0x8001147e (0x00002f17) x30 0x8001347e
core   0: 0x80011482 (0xb83f2123) sw      gp, -1150(t5)
core   0: 3 0x80011482 (0xb83f2123) mem 0x80013000 0x00000001
core   0: 0x80011486 (0x0000bfe5) c.j     pc - 8
core   0: 3 0x80011486 (0xbfe5)
core   0: 0x8001147e (0x00002f17) auipc   t5, 0x2
core   0: 3 0x8001147e (0x00002f17) x30 0x8001347e
core   0: 0x80011482 (0xb83f2123) sw      gp, -1150(t5)
core   0: 3 0x80011482 (0xb83f2123) mem 0x80013000 0x00000001
core   0: 0x80011486 (0x0000bfe5) c.j     pc - 8
core   0: 3 0x80011486 (0xbfe5)
core   0: 0x8001147e (0x00002f17) auipc   t5, 0x2
core   0: 3 0x8001147e (0x00002f17) x30 0x8001347e
core   0: 0x80011482 (0xb83f2123) sw      gp, -1150(t5)
core   0: 3 0x80011482 (0xb83f2123) mem 0x80013000 0x00000001
core   0: 0x80011486 (0x0000bfe5) c.j     pc - 8
core   0: 3 0x80011486 (0xbfe5)
core   0: 0x8001147e (0x00002f17) auipc   t5, 0x2
core   0: 3 0x8001147e (0x00002f17) x30 0x8001347e
core   0: 0x80011482 (0xb83f2123) sw      gp, -1150(t5)
core   0: 3 0x80011482 (0xb83f2123) mem 0x80013000 0x00000001
core   0: 0x80011486 (0x0000bfe5) c.j     pc - 8
core   0: 3 0x80011486 (0xbfe5)
core   0: 0x8001147e (0x00002f17) auipc   t5, 0x2
core   0: 3 0x8001147e (0x00002f17) x30 0x8001347e
core   0: 0x80011482 (0xb83f2123) sw      gp, -1150(t5)
core   0: 3 0x80011482 (0xb83f2123) mem 0x80013000 0x00000001
core   0: 0x80011486 (0x0000bfe5) c.j     pc - 8
core   0: 3 0x80011486 (0xbfe5)
core   0: 0x8001147e (0x00002f17) auipc   t5, 0x2
core   0: 3 0x8001147e (0x00002f17) x30 0x8001347e
core   0: 0x80011482 (0xb83f2123) sw      gp, -1150(t5)
core   0: 3 0x80011482 (0xb83f2123) mem 0x80013000 0x00000001
core   0: 0x80011486 (0x0000bfe5) c.j     pc - 8
core   0: 3 0x80011486 (0xbfe5)
core   0: 0x8001147e (0x00002f17) auipc   t5, 0x2
core   0: 3 0x8001147e (0x00002f17) x30 0x8001347e
core   0: 0x80011482 (0xb83f2123) sw      gp, -1150(t5)
core   0: 3 0x80011482 (0xb83f2123) mem 0x80013000 0x00000001
core   0: 0x80011486 (0x0000bfe5) c.j     pc - 8
core   0: 3 0x80011486 (0xbfe5)
core   0: 0x8001147e (0x00002f17) auipc   t5, 0x2
core   0: 3 0x8001147e (0x00002f17) x30 0x8001347e
core   0: 0x80011482 (0xb83f2123) sw      gp, -1150(t5)
core   0: 3 0x80011482 (0xb83f2123) mem 0x80013000 0x00000001
core   0: 0x80011486 (0x0000bfe5) c.j     pc - 8
core   0: 3 0x80011486 (0xbfe5)
core   0: 0x8001147e (0x00002f17) auipc   t5, 0x2
core   0: 3 0x8001147e (0x00002f17) x30 0x8001347e
core   0: 0x80011482 (0xb83f2123) sw      gp, -1150(t5)
core   0: 3 0x80011482 (0xb83f2123) mem 0x80013000 0x00000001
core   0: 0x80011486 (0x0000bfe5) c.j     pc - 8
core   0: 3 0x80011486 (0xbfe5)
core   0: 0x8001147e (0x00002f17) auipc   t5, 0x2
core   0: 3 0x8001147e (0x00002f17) x30 0x8001347e
core   0: 0x80011482 (0xb83f2123) sw      gp, -1150(t5)
core   0: 3 0x80011482 (0xb83f2123) mem 0x80013000 0x00000001
core   0: 0x80011486 (0x0000bfe5) c.j     pc - 8
core   0: 3 0x80011486 (0xbfe5)
core   0: 0x8001147e (0x00002f17) auipc   t5, 0x2
core   0: 3 0x8001147e (0x00002f17) x30 0x8001347e
core   0: 0x80011482 (0xb83f2123) sw      gp, -1150(t5)
core   0: 3 0x80011482 (0xb83f2123) mem 0x80013000 0x00000001
core   0: 0x80011486 (0x0000bfe5) c.j     pc - 8
core   0: 3 0x80011486 (0xbfe5)
core   0: 0x8001147e (0x00002f17) auipc   t5, 0x2
core   0: 3 0x8001147e (0x00002f17) x30 0x8001347e
core   0: 0x80011482 (0xb83f2123) sw      gp, -1150(t5)
core   0: 3 0x80011482 (0xb83f2123) mem 0x80013000 0x00000001
core   0: 0x80011486 (0x0000bfe5) c.j     pc - 8
core   0: 3 0x80011486 (0xbfe5)
core   0: 0x8001147e (0x00002f17) auipc   t5, 0x2
core   0: 3 0x8001147e (0x00002f17) x30 0x8001347e
core   0: 0x80011482 (0xb83f2123) sw      gp, -1150(t5)
core   0: 3 0x80011482 (0xb83f2123) mem 0x80013000 0x00000001
core   0: 0x80011486 (0x0000bfe5) c.j     pc - 8
core   0: 3 0x80011486 (0xbfe5)
core   0: 0x8001147e (0x00002f17) auipc   t5, 0x2
core   0: 3 0x8001147e (0x00002f17) x30 0x8001347e
core   0: 0x80011482 (0xb83f2123) sw      gp, -1150(t5)
core   0: 3 0x80011482 (0xb83f2123) mem 0x80013000 0x00000001
core   0: 0x80011486 (0x0000bfe5) c.j     pc - 8
core   0: 3 0x80011486 (0xbfe5)
core   0: 0x8001147e (0x00002f17) auipc   t5, 0x2
core   0: 3 0x8001147e (0x00002f17) x30 0x8001347e
core   0: 0x80011482 (0xb83f2123) sw      gp, -1150(t5)
core   0: 3 0x80011482 (0xb83f2123) mem 0x80013000 0x00000001
core   0: 0x80011486 (0x0000bfe5) c.j     pc - 8
core   0: 3 0x80011486 (0xbfe5)
core   0: 0x8001147e (0x00002f17) auipc   t5, 0x2
core   0: 3 0x8001147e (0x00002f17) x30 0x8001347e
core   0: 0x80011482 (0xb83f2123) sw      gp, -1150(t5)
core   0: 3 0x80011482 (0xb83f2123) mem 0x80013000 0x00000001
core   0: 0x80011486 (0x0000bfe5) c.j     pc - 8
core   0: 3 0x80011486 (0xbfe5)
core   0: 0x8001147e (0x00002f17) auipc   t5, 0x2
core   0: 3 0x8001147e (0x00002f17) x30 0x8001347e
core   0: 0x80011482 (0xb83f2123) sw      gp, -1150(t5)
core   0: 3 0x80011482 (0xb83f2123) mem 0x80013000 0x00000001
core   0: 0x80011486 (0x0000bfe5) c.j     pc - 8
core   0: 3 0x80011486 (0xbfe5)
core   0: 0x8001147e (0x00002f17) auipc   t5, 0x2
core   0: 3 0x8001147e (0x00002f17) x30 0x8001347e
core   0: 0x80011482 (0xb83f2123) sw      gp, -1150(t5)
core   0: 3 0x80011482 (0xb83f2123) mem 0x80013000 0x00000001
core   0: 0x80011486 (0x0000bfe5) c.j     pc - 8
core   0: 3 0x80011486 (0xbfe5)
core   0: 0x8001147e (0x00002f17) auipc   t5, 0x2
core   0: 3 0x8001147e (0x00002f17) x30 0x8001347e
core   0: 0x80011482 (0xb83f2123) sw      gp, -1150(t5)
core   0: 3 0x80011482 (0xb83f2123) mem 0x80013000 0x00000001
core   0: 0x80011486 (0x0000bfe5) c.j     pc - 8
core   0: 3 0x80011486 (0xbfe5)
core   0: 0x8001147e (0x00002f17) auipc   t5, 0x2
core   0: 3 0x8001147e (0x00002f17) x30 0x8001347e
core   0: 0x80011482 (0xb83f2123) sw      gp, -1150(t5)
core   0: 3 0x80011482 (0xb83f2123) mem 0x80013000 0x00000001
core   0: 0x80011486 (0x0000bfe5) c.j     pc - 8
core   0: 3 0x80011486 (0xbfe5)
core   0: 0x8001147e (0x00002f17) auipc   t5, 0x2
core   0: 3 0x8001147e (0x00002f17) x30 0x8001347e
core   0: 0x80011482 (0xb83f2123) sw      gp, -1150(t5)
core   0: 3 0x80011482 (0xb83f2123) mem 0x80013000 0x00000001
core   0: 0x80011486 (0x0000bfe5) c.j     pc - 8
core   0: 3 0x80011486 (0xbfe5)
core   0: 0x8001147e (0x00002f17) auipc   t5, 0x2
core   0: 3 0x8001147e (0x00002f17) x30 0x8001347e
core   0: 0x80011482 (0xb83f2123) sw      gp, -1150(t5)
core   0: 3 0x80011482 (0xb83f2123) mem 0x80013000 0x00000001
core   0: 0x80011486 (0x0000bfe5) c.j     pc - 8
core   0: 3 0x80011486 (0xbfe5)
core   0: 0x8001147e (0x00002f17) auipc   t5, 0x2
core   0: 3 0x8001147e (0x00002f17) x30 0x8001347e
core   0: 0x80011482 (0xb83f2123) sw      gp, -1150(t5)
core   0: 3 0x80011482 (0xb83f2123) mem 0x80013000 0x00000001
core   0: 0x80011486 (0x0000bfe5) c.j     pc - 8
core   0: 3 0x80011486 (0xbfe5)
core   0: 0x8001147e (0x00002f17) auipc   t5, 0x2
core   0: 3 0x8001147e (0x00002f17) x30 0x8001347e
core   0: 0x80011482 (0xb83f2123) sw      gp, -1150(t5)
core   0: 3 0x80011482 (0xb83f2123) mem 0x80013000 0x00000001
core   0: 0x80011486 (0x0000bfe5) c.j     pc - 8
core   0: 3 0x80011486 (0xbfe5)
core   0: 0x8001147e (0x00002f17) auipc   t5, 0x2
core   0: 3 0x8001147e (0x00002f17) x30 0x8001347e
core   0: 0x80011482 (0xb83f2123) sw      gp, -1150(t5)
core   0: 3 0x80011482 (0xb83f2123) mem 0x80013000 0x00000001
core   0: 0x80011486 (0x0000bfe5) c.j     pc - 8
core   0: 3 0x80011486 (0xbfe5)
core   0: 0x8001147e (0x00002f17) auipc   t5, 0x2
core   0: 3 0x8001147e (0x00002f17) x30 0x8001347e
core   0: 0x80011482 (0xb83f2123) sw      gp, -1150(t5)
core   0: 3 0x80011482 (0xb83f2123) mem 0x80013000 0x00000001
core   0: 0x80011486 (0x0000bfe5) c.j     pc - 8
core   0: 3 0x80011486 (0xbfe5)
core   0: 0x8001147e (0x00002f17) auipc   t5, 0x2
core   0: 3 0x8001147e (0x00002f17) x30 0x8001347e
core   0: 0x80011482 (0xb83f2123) sw      gp, -1150(t5)
core   0: 3 0x80011482 (0xb83f2123) mem 0x80013000 0x00000001
core   0: 0x80011486 (0x0000bfe5) c.j     pc - 8
core   0: 3 0x80011486 (0xbfe5)
core   0: 0x8001147e (0x00002f17) auipc   t5, 0x2
core   0: 3 0x8001147e (0x00002f17) x30 0x8001347e
core   0: 0x80011482 (0xb83f2123) sw      gp, -1150(t5)
core   0: 3 0x80011482 (0xb83f2123) mem 0x80013000 0x00000001
core   0: 0x80011486 (0x0000bfe5) c.j     pc - 8
core   0: 3 0x80011486 (0xbfe5)
core   0: 0x8001147e (0x00002f17) auipc   t5, 0x2
core   0: 3 0x8001147e (0x00002f17) x30 0x8001347e
core   0: 0x80011482 (0xb83f2123) sw      gp, -1150(t5)
core   0: 3 0x80011482 (0xb83f2123) mem 0x80013000 0x00000001
core   0: 0x80011486 (0x0000bfe5) c.j     pc - 8
core   0: 3 0x80011486 (0xbfe5)
core   0: 0x8001147e (0x00002f17) auipc   t5, 0x2
core   0: 3 0x8001147e (0x00002f17) x30 0x8001347e
core   0: 0x80011482 (0xb83f2123) sw      gp, -1150(t5)
core   0: 3 0x80011482 (0xb83f2123) mem 0x80013000 0x00000001
core   0: 0x80011486 (0x0000bfe5) c.j     pc - 8
core   0: 3 0x80011486 (0xbfe5)
core   0: 0x8001147e (0x00002f17) auipc   t5, 0x2
core   0: 3 0x8001147e (0x00002f17) x30 0x8001347e
core   0: 0x80011482 (0xb83f2123) sw      gp, -1150(t5)
core   0: 3 0x80011482 (0xb83f2123) mem 0x80013000 0x00000001
core   0: 0x80011486 (0x0000bfe5) c.j     pc - 8
core   0: 3 0x80011486 (0xbfe5)
core   0: 0x8001147e (0x00002f17) auipc   t5, 0x2
core   0: 3 0x8001147e (0x00002f17) x30 0x8001347e
core   0: 0x80011482 (0xb83f2123) sw      gp, -1150(t5)
core   0: 3 0x80011482 (0xb83f2123) mem 0x80013000 0x00000001
core   0: 0x80011486 (0x0000bfe5) c.j     pc - 8
core   0: 3 0x80011486 (0xbfe5)
core   0: 0x8001147e (0x00002f17) auipc   t5, 0x2
core   0: 3 0x8001147e (0x00002f17) x30 0x8001347e
core   0: 0x80011482 (0xb83f2123) sw      gp, -1150(t5)
core   0: 3 0x80011482 (0xb83f2123) mem 0x80013000 0x00000001
core   0: 0x80011486 (0x0000bfe5) c.j     pc - 8
core   0: 3 0x80011486 (0xbfe5)
core   0: 0x8001147e (0x00002f17) auipc   t5, 0x2
core   0: 3 0x8001147e (0x00002f17) x30 0x8001347e
core   0: 0x80011482 (0xb83f2123) sw      gp, -1150(t5)
core   0: 3 0x80011482 (0xb83f2123) mem 0x80013000 0x00000001
core   0: 0x80011486 (0x0000bfe5) c.j     pc - 8
core   0: 3 0x80011486 (0xbfe5)
core   0: 0x8001147e (0x00002f17) auipc   t5, 0x2
core   0: 3 0x8001147e (0x00002f17) x30 0x8001347e
core   0: 0x80011482 (0xb83f2123) sw      gp, -1150(t5)
core   0: 3 0x80011482 (0xb83f2123) mem 0x80013000 0x00000001
core   0: 0x80011486 (0x0000bfe5) c.j     pc - 8
core   0: 3 0x80011486 (0xbfe5)
core   0: 0x8001147e (0x00002f17) auipc   t5, 0x2
core   0: 3 0x8001147e (0x00002f17) x30 0x8001347e
core   0: 0x80011482 (0xb83f2123) sw      gp, -1150(t5)
core   0: 3 0x80011482 (0xb83f2123) mem 0x80013000 0x00000001
core   0: 0x80011486 (0x0000bfe5) c.j     pc - 8
core   0: 3 0x80011486 (0xbfe5)
core   0: 0x8001147e (0x00002f17) auipc   t5, 0x2
core   0: 3 0x8001147e (0x00002f17) x30 0x8001347e
core   0: 0x80011482 (0xb83f2123) sw      gp, -1150(t5)
core   0: 3 0x80011482 (0xb83f2123) mem 0x80013000 0x00000001
core   0: 0x80011486 (0x0000bfe5) c.j     pc - 8
core   0: 3 0x80011486 (0xbfe5)
core   0: 0x8001147e (0x00002f17) auipc   t5, 0x2
core   0: 3 0x8001147e (0x00002f17) x30 0x8001347e
core   0: 0x80011482 (0xb83f2123) sw      gp, -1150(t5)
core   0: 3 0x80011482 (0xb83f2123) mem 0x80013000 0x00000001
core   0: 0x80011486 (0x0000bfe5) c.j     pc - 8
core   0: 3 0x80011486 (0xbfe5)
core   0: 0x8001147e (0x00002f17) auipc   t5, 0x2
core   0: 3 0x8001147e (0x00002f17) x30 0x8001347e
core   0: 0x80011482 (0xb83f2123) sw      gp, -1150(t5)
core   0: 3 0x80011482 (0xb83f2123) mem 0x80013000 0x00000001
core   0: 0x80011486 (0x0000bfe5) c.j     pc - 8
core   0: 3 0x80011486 (0xbfe5)
core   0: 0x8001147e (0x00002f17) auipc   t5, 0x2
core   0: 3 0x8001147e (0x00002f17) x30 0x8001347e
core   0: 0x80011482 (0xb83f2123) sw      gp, -1150(t5)
core   0: 3 0x80011482 (0xb83f2123) mem 0x80013000 0x00000001
core   0: 0x80011486 (0x0000bfe5) c.j     pc - 8
core   0: 3 0x80011486 (0xbfe5)
core   0: 0x8001147e (0x00002f17) auipc   t5, 0x2
core   0: 3 0x8001147e (0x00002f17) x30 0x8001347e
core   0: 0x80011482 (0xb83f2123) sw      gp, -1150(t5)
core   0: 3 0x80011482 (0xb83f2123) mem 0x80013000 0x00000001
core   0: 0x80011486 (0x0000bfe5) c.j     pc - 8
core   0: 3 0x80011486 (0xbfe5)
core   0: 0x8001147e (0x00002f17) auipc   t5, 0x2
core   0: 3 0x8001147e (0x00002f17) x30 0x8001347e
core   0: 0x80011482 (0xb83f2123) sw      gp, -1150(t5)
core   0: 3 0x80011482 (0xb83f2123) mem 0x80013000 0x00000001
core   0: 0x80011486 (0x0000bfe5) c.j     pc - 8
core   0: 3 0x80011486 (0xbfe5)
core   0: 0x8001147e (0x00002f17) auipc   t5, 0x2
core   0: 3 0x8001147e (0x00002f17) x30 0x8001347e
core   0: 0x80011482 (0xb83f2123) sw      gp, -1150(t5)
core   0: 3 0x80011482 (0xb83f2123) mem 0x80013000 0x00000001
core   0: 0x80011486 (0x0000bfe5) c.j     pc - 8
core   0: 3 0x80011486 (0xbfe5)
core   0: 0x8001147e (0x00002f17) auipc   t5, 0x2
core   0: 3 0x8001147e (0x00002f17) x30 0x8001347e
core   0: 0x80011482 (0xb83f2123) sw      gp, -1150(t5)
core   0: 3 0x80011482 (0xb83f2123) mem 0x80013000 0x00000001
core   0: 0x80011486 (0x0000bfe5) c.j     pc - 8
core   0: 3 0x80011486 (0xbfe5)
core   0: 0x8001147e (0x00002f17) auipc   t5, 0x2
core   0: 3 0x8001147e (0x00002f17) x30 0x8001347e
core   0: 0x80011482 (0xb83f2123) sw      gp, -1150(t5)
core   0: 3 0x80011482 (0xb83f2123) mem 0x80013000 0x00000001
core   0: 0x80011486 (0x0000bfe5) c.j     pc - 8
core   0: 3 0x80011486 (0xbfe5)
core   0: 0x8001147e (0x00002f17) auipc   t5, 0x2
core   0: 3 0x8001147e (0x00002f17) x30 0x8001347e
core   0: 0x80011482 (0xb83f2123) sw      gp, -1150(t5)
core   0: 3 0x80011482 (0xb83f2123) mem 0x80013000 0x00000001
core   0: 0x80011486 (0x0000bfe5) c.j     pc - 8
core   0: 3 0x80011486 (0xbfe5)
core   0: 0x8001147e (0x00002f17) auipc   t5, 0x2
core   0: 3 0x8001147e (0x00002f17) x30 0x8001347e
core   0: 0x80011482 (0xb83f2123) sw      gp, -1150(t5)
core   0: 3 0x80011482 (0xb83f2123) mem 0x80013000 0x00000001
core   0: 0x80011486 (0x0000bfe5) c.j     pc - 8
core   0: 3 0x80011486 (0xbfe5)
core   0: 0x8001147e (0x00002f17) auipc   t5, 0x2
core   0: 3 0x8001147e (0x00002f17) x30 0x8001347e
core   0: 0x80011482 (0xb83f2123) sw      gp, -1150(t5)
core   0: 3 0x80011482 (0xb83f2123) mem 0x80013000 0x00000001
core   0: 0x80011486 (0x0000bfe5) c.j     pc - 8
core   0: 3 0x80011486 (0xbfe5)
core   0: 0x8001147e (0x00002f17) auipc   t5, 0x2
core   0: 3 0x8001147e (0x00002f17) x30 0x8001347e
core   0: 0x80011482 (0xb83f2123) sw      gp, -1150(t5)
core   0: 3 0x80011482 (0xb83f2123) mem 0x80013000 0x00000001
core   0: 0x80011486 (0x0000bfe5) c.j     pc - 8
core   0: 3 0x80011486 (0xbfe5)
core   0: 0x8001147e (0x00002f17) auipc   t5, 0x2
core   0: 3 0x8001147e (0x00002f17) x30 0x8001347e
core   0: 0x80011482 (0xb83f2123) sw      gp, -1150(t5)
core   0: 3 0x80011482 (0xb83f2123) mem 0x80013000 0x00000001
core   0: 0x80011486 (0x0000bfe5) c.j     pc - 8
core   0: 3 0x80011486 (0xbfe5)
core   0: 0x8001147e (0x00002f17) auipc   t5, 0x2
core   0: 3 0x8001147e (0x00002f17) x30 0x8001347e
core   0: 0x80011482 (0xb83f2123) sw      gp, -1150(t5)
core   0: 3 0x80011482 (0xb83f2123) mem 0x80013000 0x00000001
core   0: 0x80011486 (0x0000bfe5) c.j     pc - 8
core   0: 3 0x80011486 (0xbfe5)
core   0: 0x8001147e (0x00002f17) auipc   t5, 0x2
core   0: 3 0x8001147e (0x00002f17) x30 0x8001347e
core   0: 0x80011482 (0xb83f2123) sw      gp, -1150(t5)
core   0: 3 0x80011482 (0xb83f2123) mem 0x80013000 0x00000001
core   0: 0x80011486 (0x0000bfe5) c.j     pc - 8
core   0: 3 0x80011486 (0xbfe5)
core   0: 0x8001147e (0x00002f17) auipc   t5, 0x2
core   0: 3 0x8001147e (0x00002f17) x30 0x8001347e
core   0: 0x80011482 (0xb83f2123) sw      gp, -1150(t5)
core   0: 3 0x80011482 (0xb83f2123) mem 0x80013000 0x00000001
core   0: 0x80011486 (0x0000bfe5) c.j     pc - 8
core   0: 3 0x80011486 (0xbfe5)
core   0: 0x8001147e (0x00002f17) auipc   t5, 0x2
core   0: 3 0x8001147e (0x00002f17) x30 0x8001347e
core   0: 0x80011482 (0xb83f2123) sw      gp, -1150(t5)
core   0: 3 0x80011482 (0xb83f2123) mem 0x80013000 0x00000001
core   0: 0x80011486 (0x0000bfe5) c.j     pc - 8
core   0: 3 0x80011486 (0xbfe5)
core   0: 0x8001147e (0x00002f17) auipc   t5, 0x2
core   0: 3 0x8001147e (0x00002f17) x30 0x8001347e
core   0: 0x80011482 (0xb83f2123) sw      gp, -1150(t5)
core   0: 3 0x80011482 (0xb83f2123) mem 0x80013000 0x00000001
core   0: 0x80011486 (0x0000bfe5) c.j     pc - 8
core   0: 3 0x80011486 (0xbfe5)
core   0: 0x8001147e (0x00002f17) auipc   t5, 0x2
core   0: 3 0x8001147e (0x00002f17) x30 0x8001347e
core   0: 0x80011482 (0xb83f2123) sw      gp, -1150(t5)
core   0: 3 0x80011482 (0xb83f2123) mem 0x80013000 0x00000001
core   0: 0x80011486 (0x0000bfe5) c.j     pc - 8
core   0: 3 0x80011486 (0xbfe5)
core   0: 0x8001147e (0x00002f17) auipc   t5, 0x2
core   0: 3 0x8001147e (0x00002f17) x30 0x8001347e
core   0: 0x80011482 (0xb83f2123) sw      gp, -1150(t5)
core   0: 3 0x80011482 (0xb83f2123) mem 0x80013000 0x00000001
core   0: 0x80011486 (0x0000bfe5) c.j     pc - 8
core   0: 3 0x80011486 (0xbfe5)
core   0: 0x8001147e (0x00002f17) auipc   t5, 0x2
core   0: 3 0x8001147e (0x00002f17) x30 0x8001347e
core   0: 0x80011482 (0xb83f2123) sw      gp, -1150(t5)
core   0: 3 0x80011482 (0xb83f2123) mem 0x80013000 0x00000001
core   0: 0x80011486 (0x0000bfe5) c.j     pc - 8
core   0: 3 0x80011486 (0xbfe5)
core   0: 0x8001147e (0x00002f17) auipc   t5, 0x2
core   0: 3 0x8001147e (0x00002f17) x30 0x8001347e
core   0: 0x80011482 (0xb83f2123) sw      gp, -1150(t5)
core   0: 3 0x80011482 (0xb83f2123) mem 0x80013000 0x00000001
core   0: 0x80011486 (0x0000bfe5) c.j     pc - 8
core   0: 3 0x80011486 (0xbfe5)
core   0: 0x8001147e (0x00002f17) auipc   t5, 0x2
core   0: 3 0x8001147e (0x00002f17) x30 0x8001347e
core   0: 0x80011482 (0xb83f2123) sw      gp, -1150(t5)
core   0: 3 0x80011482 (0xb83f2123) mem 0x80013000 0x00000001
core   0: 0x80011486 (0x0000bfe5) c.j     pc - 8
core   0: 3 0x80011486 (0xbfe5)
core   0: 0x8001147e (0x00002f17) auipc   t5, 0x2
core   0: 3 0x8001147e (0x00002f17) x30 0x8001347e
core   0: 0x80011482 (0xb83f2123) sw      gp, -1150(t5)
core   0: 3 0x80011482 (0xb83f2123) mem 0x80013000 0x00000001
core   0: 0x80011486 (0x0000bfe5) c.j     pc - 8
core   0: 3 0x80011486 (0xbfe5)
core   0: 0x8001147e (0x00002f17) auipc   t5, 0x2
core   0: 3 0x8001147e (0x00002f17) x30 0x8001347e
core   0: 0x80011482 (0xb83f2123) sw      gp, -1150(t5)
core   0: 3 0x80011482 (0xb83f2123) mem 0x80013000 0x00000001
core   0: 0x80011486 (0x0000bfe5) c.j     pc - 8
core   0: 3 0x80011486 (0xbfe5)
core   0: 0x8001147e (0x00002f17) auipc   t5, 0x2
core   0: 3 0x8001147e (0x00002f17) x30 0x8001347e
core   0: 0x80011482 (0xb83f2123) sw      gp, -1150(t5)
core   0: 3 0x80011482 (0xb83f2123) mem 0x80013000 0x00000001
core   0: 0x80011486 (0x0000bfe5) c.j     pc - 8
core   0: 3 0x80011486 (0xbfe5)
core   0: 0x8001147e (0x00002f17) auipc   t5, 0x2
core   0: 3 0x8001147e (0x00002f17) x30 0x8001347e
core   0: 0x80011482 (0xb83f2123) sw      gp, -1150(t5)
core   0: 3 0x80011482 (0xb83f2123) mem 0x80013000 0x00000001
core   0: 0x80011486 (0x0000bfe5) c.j     pc - 8
core   0: 3 0x80011486 (0xbfe5)
core   0: 0x8001147e (0x00002f17) auipc   t5, 0x2
core   0: 3 0x8001147e (0x00002f17) x30 0x8001347e
core   0: 0x80011482 (0xb83f2123) sw      gp, -1150(t5)
core   0: 3 0x80011482 (0xb83f2123) mem 0x80013000 0x00000001
core   0: 0x80011486 (0x0000bfe5) c.j     pc - 8
core   0: 3 0x80011486 (0xbfe5)
core   0: 0x8001147e (0x00002f17) auipc   t5, 0x2
core   0: 3 0x8001147e (0x00002f17) x30 0x8001347e
core   0: 0x80011482 (0xb83f2123) sw      gp, -1150(t5)
core   0: 3 0x80011482 (0xb83f2123) mem 0x80013000 0x00000001
core   0: 0x80011486 (0x0000bfe5) c.j     pc - 8
core   0: 3 0x80011486 (0xbfe5)
core   0: 0x8001147e (0x00002f17) auipc   t5, 0x2
core   0: 3 0x8001147e (0x00002f17) x30 0x8001347e
core   0: 0x80011482 (0xb83f2123) sw      gp, -1150(t5)
core   0: 3 0x80011482 (0xb83f2123) mem 0x80013000 0x00000001
core   0: 0x80011486 (0x0000bfe5) c.j     pc - 8
core   0: 3 0x80011486 (0xbfe5)
core   0: 0x8001147e (0x00002f17) auipc   t5, 0x2
core   0: 3 0x8001147e (0x00002f17) x30 0x8001347e
core   0: 0x80011482 (0xb83f2123) sw      gp, -1150(t5)
core   0: 3 0x80011482 (0xb83f2123) mem 0x80013000 0x00000001
core   0: 0x80011486 (0x0000bfe5) c.j     pc - 8
core   0: 3 0x80011486 (0xbfe5)
core   0: 0x8001147e (0x00002f17) auipc   t5, 0x2
core   0: 3 0x8001147e (0x00002f17) x30 0x8001347e
core   0: 0x80011482 (0xb83f2123) sw      gp, -1150(t5)
core   0: 3 0x80011482 (0xb83f2123) mem 0x80013000 0x00000001
core   0: 0x80011486 (0x0000bfe5) c.j     pc - 8
core   0: 3 0x80011486 (0xbfe5)
core   0: 0x8001147e (0x00002f17) auipc   t5, 0x2
core   0: 3 0x8001147e (0x00002f17) x30 0x8001347e
core   0: 0x80011482 (0xb83f2123) sw      gp, -1150(t5)
core   0: 3 0x80011482 (0xb83f2123) mem 0x80013000 0x00000001
core   0: 0x80011486 (0x0000bfe5) c.j     pc - 8
core   0: 3 0x80011486 (0xbfe5)
core   0: 0x8001147e (0x00002f17) auipc   t5, 0x2
core   0: 3 0x8001147e (0x00002f17) x30 0x8001347e
core   0: 0x80011482 (0xb83f2123) sw      gp, -1150(t5)
core   0: 3 0x80011482 (0xb83f2123) mem 0x80013000 0x00000001
core   0: 0x80011486 (0x0000bfe5) c.j     pc - 8
core   0: 3 0x80011486 (0xbfe5)
core   0: 0x8001147e (0x00002f17) auipc   t5, 0x2
core   0: 3 0x8001147e (0x00002f17) x30 0x8001347e
core   0: 0x80011482 (0xb83f2123) sw      gp, -1150(t5)
core   0: 3 0x80011482 (0xb83f2123) mem 0x80013000 0x00000001
core   0: 0x80011486 (0x0000bfe5) c.j     pc - 8
core   0: 3 0x80011486 (0xbfe5)
core   0: 0x8001147e (0x00002f17) auipc   t5, 0x2
core   0: 3 0x8001147e (0x00002f17) x30 0x8001347e
core   0: 0x80011482 (0xb83f2123) sw      gp, -1150(t5)
core   0: 3 0x80011482 (0xb83f2123) mem 0x80013000 0x00000001
core   0: 0x80011486 (0x0000bfe5) c.j     pc - 8
core   0: 3 0x80011486 (0xbfe5)
core   0: 0x8001147e (0x00002f17) auipc   t5, 0x2
core   0: 3 0x8001147e (0x00002f17) x30 0x8001347e
core   0: 0x80011482 (0xb83f2123) sw      gp, -1150(t5)
core   0: 3 0x80011482 (0xb83f2123) mem 0x80013000 0x00000001
core   0: 0x80011486 (0x0000bfe5) c.j     pc - 8
core   0: 3 0x80011486 (0xbfe5)
core   0: 0x8001147e (0x00002f17) auipc   t5, 0x2
core   0: 3 0x8001147e (0x00002f17) x30 0x8001347e
core   0: 0x80011482 (0xb83f2123) sw      gp, -1150(t5)
core   0: 3 0x80011482 (0xb83f2123) mem 0x80013000 0x00000001
core   0: 0x80011486 (0x0000bfe5) c.j     pc - 8
core   0: 3 0x80011486 (0xbfe5)
core   0: 0x8001147e (0x00002f17) auipc   t5, 0x2
core   0: 3 0x8001147e (0x00002f17) x30 0x8001347e
core   0: 0x80011482 (0xb83f2123) sw      gp, -1150(t5)
core   0: 3 0x80011482 (0xb83f2123) mem 0x80013000 0x00000001
core   0: 0x80011486 (0x0000bfe5) c.j     pc - 8
core   0: 3 0x80011486 (0xbfe5)
core   0: 0x8001147e (0x00002f17) auipc   t5, 0x2
core   0: 3 0x8001147e (0x00002f17) x30 0x8001347e
core   0: 0x80011482 (0xb83f2123) sw      gp, -1150(t5)
core   0: 3 0x80011482 (0xb83f2123) mem 0x80013000 0x00000001
core   0: 0x80011486 (0x0000bfe5) c.j     pc - 8
core   0: 3 0x80011486 (0xbfe5)
core   0: 0x8001147e (0x00002f17) auipc   t5, 0x2
core   0: 3 0x8001147e (0x00002f17) x30 0x8001347e
core   0: 0x80011482 (0xb83f2123) sw      gp, -1150(t5)
core   0: 3 0x80011482 (0xb83f2123) mem 0x80013000 0x00000001
core   0: 0x80011486 (0x0000bfe5) c.j     pc - 8
core   0: 3 0x80011486 (0xbfe5)
core   0: 0x8001147e (0x00002f17) auipc   t5, 0x2
core   0: 3 0x8001147e (0x00002f17) x30 0x8001347e
core   0: 0x80011482 (0xb83f2123) sw      gp, -1150(t5)
core   0: 3 0x80011482 (0xb83f2123) mem 0x80013000 0x00000001
core   0: 0x80011486 (0x0000bfe5) c.j     pc - 8
core   0: 3 0x80011486 (0xbfe5)
core   0: 0x8001147e (0x00002f17) auipc   t5, 0x2
core   0: 3 0x8001147e (0x00002f17) x30 0x8001347e
core   0: 0x80011482 (0xb83f2123) sw      gp, -1150(t5)
core   0: 3 0x80011482 (0xb83f2123) mem 0x80013000 0x00000001
core   0: 0x80011486 (0x0000bfe5) c.j     pc - 8
core   0: 3 0x80011486 (0xbfe5)
core   0: 0x8001147e (0x00002f17) auipc   t5, 0x2
core   0: 3 0x8001147e (0x00002f17) x30 0x8001347e
core   0: 0x80011482 (0xb83f2123) sw      gp, -1150(t5)
core   0: 3 0x80011482 (0xb83f2123) mem 0x80013000 0x00000001
core   0: 0x80011486 (0x0000bfe5) c.j     pc - 8
core   0: 3 0x80011486 (0xbfe5)
core   0: 0x8001147e (0x00002f17) auipc   t5, 0x2
core   0: 3 0x8001147e (0x00002f17) x30 0x8001347e
core   0: 0x80011482 (0xb83f2123) sw      gp, -1150(t5)
core   0: 3 0x80011482 (0xb83f2123) mem 0x80013000 0x00000001
core   0: 0x80011486 (0x0000bfe5) c.j     pc - 8
core   0: 3 0x80011486 (0xbfe5)
core   0: 0x8001147e (0x00002f17) auipc   t5, 0x2
core   0: 3 0x8001147e (0x00002f17) x30 0x8001347e
core   0: 0x80011482 (0xb83f2123) sw      gp, -1150(t5)
core   0: 3 0x80011482 (0xb83f2123) mem 0x80013000 0x00000001
core   0: 0x80011486 (0x0000bfe5) c.j     pc - 8
core   0: 3 0x80011486 (0xbfe5)
core   0: 0x8001147e (0x00002f17) auipc   t5, 0x2
core   0: 3 0x8001147e (0x00002f17) x30 0x8001347e
core   0: 0x80011482 (0xb83f2123) sw      gp, -1150(t5)
core   0: 3 0x80011482 (0xb83f2123) mem 0x80013000 0x00000001
core   0: 0x80011486 (0x0000bfe5) c.j     pc - 8
core   0: 3 0x80011486 (0xbfe5)
core   0: 0x8001147e (0x00002f17) auipc   t5, 0x2
core   0: 3 0x8001147e (0x00002f17) x30 0x8001347e
core   0: 0x80011482 (0xb83f2123) sw      gp, -1150(t5)
core   0: 3 0x80011482 (0xb83f2123) mem 0x80013000 0x00000001
core   0: 0x80011486 (0x0000bfe5) c.j     pc - 8
core   0: 3 0x80011486 (0xbfe5)
core   0: 0x8001147e (0x00002f17) auipc   t5, 0x2
core   0: 3 0x8001147e (0x00002f17) x30 0x8001347e
core   0: 0x80011482 (0xb83f2123) sw      gp, -1150(t5)
core   0: 3 0x80011482 (0xb83f2123) mem 0x80013000 0x00000001
core   0: 0x80011486 (0x0000bfe5) c.j     pc - 8
core   0: 3 0x80011486 (0xbfe5)
core   0: 0x8001147e (0x00002f17) auipc   t5, 0x2
core   0: 3 0x8001147e (0x00002f17) x30 0x8001347e
core   0: 0x80011482 (0xb83f2123) sw      gp, -1150(t5)
core   0: 3 0x80011482 (0xb83f2123) mem 0x80013000 0x00000001
core   0: 0x80011486 (0x0000bfe5) c.j     pc - 8
core   0: 3 0x80011486 (0xbfe5)
core   0: 0x8001147e (0x00002f17) auipc   t5, 0x2
core   0: 3 0x8001147e (0x00002f17) x30 0x8001347e
core   0: 0x80011482 (0xb83f2123) sw      gp, -1150(t5)
core   0: 3 0x80011482 (0xb83f2123) mem 0x80013000 0x00000001
core   0: 0x80011486 (0x0000bfe5) c.j     pc - 8
core   0: 3 0x80011486 (0xbfe5)
core   0: 0x8001147e (0x00002f17) auipc   t5, 0x2
core   0: 3 0x8001147e (0x00002f17) x30 0x8001347e
core   0: 0x80011482 (0xb83f2123) sw      gp, -1150(t5)
core   0: 3 0x80011482 (0xb83f2123) mem 0x80013000 0x00000001
core   0: 0x80011486 (0x0000bfe5) c.j     pc - 8
core   0: 3 0x80011486 (0xbfe5)
core   0: 0x8001147e (0x00002f17) auipc   t5, 0x2
core   0: 3 0x8001147e (0x00002f17) x30 0x8001347e
core   0: 0x80011482 (0xb83f2123) sw      gp, -1150(t5)
core   0: 3 0x80011482 (0xb83f2123) mem 0x80013000 0x00000001
core   0: 0x80011486 (0x0000bfe5) c.j     pc - 8
core   0: 3 0x80011486 (0xbfe5)
core   0: 0x8001147e (0x00002f17) auipc   t5, 0x2
core   0: 3 0x8001147e (0x00002f17) x30 0x8001347e
core   0: 0x80011482 (0xb83f2123) sw      gp, -1150(t5)
core   0: 3 0x80011482 (0xb83f2123) mem 0x80013000 0x00000001
core   0: 0x80011486 (0x0000bfe5) c.j     pc - 8
core   0: 3 0x80011486 (0xbfe5)
core   0: 0x8001147e (0x00002f17) auipc   t5, 0x2
core   0: 3 0x8001147e (0x00002f17) x30 0x8001347e
core   0: 0x80011482 (0xb83f2123) sw      gp, -1150(t5)
core   0: 3 0x80011482 (0xb83f2123) mem 0x80013000 0x00000001
core   0: 0x80011486 (0x0000bfe5) c.j     pc - 8
core   0: 3 0x80011486 (0xbfe5)
core   0: 0x8001147e (0x00002f17) auipc   t5, 0x2
core   0: 3 0x8001147e (0x00002f17) x30 0x8001347e
core   0: 0x80011482 (0xb83f2123) sw      gp, -1150(t5)
core   0: 3 0x80011482 (0xb83f2123) mem 0x80013000 0x00000001
core   0: 0x80011486 (0x0000bfe5) c.j     pc - 8
core   0: 3 0x80011486 (0xbfe5)
core   0: 0x8001147e (0x00002f17) auipc   t5, 0x2
core   0: 3 0x8001147e (0x00002f17) x30 0x8001347e
core   0: 0x80011482 (0xb83f2123) sw      gp, -1150(t5)
core   0: 3 0x80011482 (0xb83f2123) mem 0x80013000 0x00000001
core   0: 0x80011486 (0x0000bfe5) c.j     pc - 8
core   0: 3 0x80011486 (0xbfe5)
core   0: 0x8001147e (0x00002f17) auipc   t5, 0x2
core   0: 3 0x8001147e (0x00002f17) x30 0x8001347e
core   0: 0x80011482 (0xb83f2123) sw      gp, -1150(t5)
core   0: 3 0x80011482 (0xb83f2123) mem 0x80013000 0x00000001
core   0: 0x80011486 (0x0000bfe5) c.j     pc - 8
core   0: 3 0x80011486 (0xbfe5)
core   0: 0x8001147e (0x00002f17) auipc   t5, 0x2
core   0: 3 0x8001147e (0x00002f17) x30 0x8001347e
core   0: 0x80011482 (0xb83f2123) sw      gp, -1150(t5)
core   0: 3 0x80011482 (0xb83f2123) mem 0x80013000 0x00000001
core   0: 0x80011486 (0x0000bfe5) c.j     pc - 8
core   0: 3 0x80011486 (0xbfe5)
core   0: 0x8001147e (0x00002f17) auipc   t5, 0x2
core   0: 3 0x8001147e (0x00002f17) x30 0x8001347e
core   0: 0x80011482 (0xb83f2123) sw      gp, -1150(t5)
core   0: 3 0x80011482 (0xb83f2123) mem 0x80013000 0x00000001
core   0: 0x80011486 (0x0000bfe5) c.j     pc - 8
core   0: 3 0x80011486 (0xbfe5)
core   0: 0x8001147e (0x00002f17) auipc   t5, 0x2
core   0: 3 0x8001147e (0x00002f17) x30 0x8001347e
core   0: 0x80011482 (0xb83f2123) sw      gp, -1150(t5)
core   0: 3 0x80011482 (0xb83f2123) mem 0x80013000 0x00000001
core   0: 0x80011486 (0x0000bfe5) c.j     pc - 8
core   0: 3 0x80011486 (0xbfe5)
core   0: 0x8001147e (0x00002f17) auipc   t5, 0x2
core   0: 3 0x8001147e (0x00002f17) x30 0x8001347e
core   0: 0x80011482 (0xb83f2123) sw      gp, -1150(t5)
core   0: 3 0x80011482 (0xb83f2123) mem 0x80013000 0x00000001
core   0: 0x80011486 (0x0000bfe5) c.j     pc - 8
core   0: 3 0x80011486 (0xbfe5)
core   0: 0x8001147e (0x00002f17) auipc   t5, 0x2
core   0: 3 0x8001147e (0x00002f17) x30 0x8001347e
core   0: 0x80011482 (0xb83f2123) sw      gp, -1150(t5)
core   0: 3 0x80011482 (0xb83f2123) mem 0x80013000 0x00000001
core   0: 0x80011486 (0x0000bfe5) c.j     pc - 8
core   0: 3 0x80011486 (0xbfe5)
core   0: 0x8001147e (0x00002f17) auipc   t5, 0x2
core   0: 3 0x8001147e (0x00002f17) x30 0x8001347e
core   0: 0x80011482 (0xb83f2123) sw      gp, -1150(t5)
core   0: 3 0x80011482 (0xb83f2123) mem 0x80013000 0x00000001
core   0: 0x80011486 (0x0000bfe5) c.j     pc - 8
core   0: 3 0x80011486 (0xbfe5)
core   0: 0x8001147e (0x00002f17) auipc   t5, 0x2
core   0: 3 0x8001147e (0x00002f17) x30 0x8001347e
core   0: 0x80011482 (0xb83f2123) sw      gp, -1150(t5)
core   0: 3 0x80011482 (0xb83f2123) mem 0x80013000 0x00000001
core   0: 0x80011486 (0x0000bfe5) c.j     pc - 8
core   0: 3 0x80011486 (0xbfe5)
core   0: 0x8001147e (0x00002f17) auipc   t5, 0x2
core   0: 3 0x8001147e (0x00002f17) x30 0x8001347e
core   0: 0x80011482 (0xb83f2123) sw      gp, -1150(t5)
core   0: 3 0x80011482 (0xb83f2123) mem 0x80013000 0x00000001
core   0: 0x80011486 (0x0000bfe5) c.j     pc - 8
core   0: 3 0x80011486 (0xbfe5)
core   0: 0x8001147e (0x00002f17) auipc   t5, 0x2
core   0: 3 0x8001147e (0x00002f17) x30 0x8001347e
core   0: 0x80011482 (0xb83f2123) sw      gp, -1150(t5)
core   0: 3 0x80011482 (0xb83f2123) mem 0x80013000 0x00000001
core   0: 0x80011486 (0x0000bfe5) c.j     pc - 8
core   0: 3 0x80011486 (0xbfe5)
core   0: 0x8001147e (0x00002f17) auipc   t5, 0x2
core   0: 3 0x8001147e (0x00002f17) x30 0x8001347e
core   0: 0x80011482 (0xb83f2123) sw      gp, -1150(t5)
core   0: 3 0x80011482 (0xb83f2123) mem 0x80013000 0x00000001
core   0: 0x80011486 (0x0000bfe5) c.j     pc - 8
core   0: 3 0x80011486 (0xbfe5)
core   0: 0x8001147e (0x00002f17) auipc   t5, 0x2
core   0: 3 0x8001147e (0x00002f17) x30 0x8001347e
core   0: 0x80011482 (0xb83f2123) sw      gp, -1150(t5)
core   0: 3 0x80011482 (0xb83f2123) mem 0x80013000 0x00000001
core   0: 0x80011486 (0x0000bfe5) c.j     pc - 8
core   0: 3 0x80011486 (0xbfe5)
core   0: 0x8001147e (0x00002f17) auipc   t5, 0x2
core   0: 3 0x8001147e (0x00002f17) x30 0x8001347e
core   0: 0x80011482 (0xb83f2123) sw      gp, -1150(t5)
core   0: 3 0x80011482 (0xb83f2123) mem 0x80013000 0x00000001
core   0: 0x80011486 (0x0000bfe5) c.j     pc - 8
core   0: 3 0x80011486 (0xbfe5)
core   0: 0x8001147e (0x00002f17) auipc   t5, 0x2
core   0: 3 0x8001147e (0x00002f17) x30 0x8001347e
core   0: 0x80011482 (0xb83f2123) sw      gp, -1150(t5)
core   0: 3 0x80011482 (0xb83f2123) mem 0x80013000 0x00000001
core   0: 0x80011486 (0x0000bfe5) c.j     pc - 8
core   0: 3 0x80011486 (0xbfe5)
core   0: 0x8001147e (0x00002f17) auipc   t5, 0x2
core   0: 3 0x8001147e (0x00002f17) x30 0x8001347e
core   0: 0x80011482 (0xb83f2123) sw      gp, -1150(t5)
core   0: 3 0x80011482 (0xb83f2123) mem 0x80013000 0x00000001
core   0: 0x80011486 (0x0000bfe5) c.j     pc - 8
core   0: 3 0x80011486 (0xbfe5)
core   0: 0x8001147e (0x00002f17) auipc   t5, 0x2
core   0: 3 0x8001147e (0x00002f17) x30 0x8001347e
core   0: 0x80011482 (0xb83f2123) sw      gp, -1150(t5)
core   0: 3 0x80011482 (0xb83f2123) mem 0x80013000 0x00000001
core   0: 0x80011486 (0x0000bfe5) c.j     pc - 8
core   0: 3 0x80011486 (0xbfe5)
core   0: 0x8001147e (0x00002f17) auipc   t5, 0x2
core   0: 3 0x8001147e (0x00002f17) x30 0x8001347e
core   0: 0x80011482 (0xb83f2123) sw      gp, -1150(t5)
core   0: 3 0x80011482 (0xb83f2123) mem 0x80013000 0x00000001
core   0: 0x80011486 (0x0000bfe5) c.j     pc - 8
core   0: 3 0x80011486 (0xbfe5)
core   0: 0x8001147e (0x00002f17) auipc   t5, 0x2
core   0: 3 0x8001147e (0x00002f17) x30 0x8001347e
core   0: 0x80011482 (0xb83f2123) sw      gp, -1150(t5)
core   0: 3 0x80011482 (0xb83f2123) mem 0x80013000 0x00000001
core   0: 0x80011486 (0x0000bfe5) c.j     pc - 8
core   0: 3 0x80011486 (0xbfe5)
core   0: 0x8001147e (0x00002f17) auipc   t5, 0x2
core   0: 3 0x8001147e (0x00002f17) x30 0x8001347e
core   0: 0x80011482 (0xb83f2123) sw      gp, -1150(t5)
core   0: 3 0x80011482 (0xb83f2123) mem 0x80013000 0x00000001
core   0: 0x80011486 (0x0000bfe5) c.j     pc - 8
core   0: 3 0x80011486 (0xbfe5)
core   0: 0x8001147e (0x00002f17) auipc   t5, 0x2
core   0: 3 0x8001147e (0x00002f17) x30 0x8001347e
core   0: 0x80011482 (0xb83f2123) sw      gp, -1150(t5)
core   0: 3 0x80011482 (0xb83f2123) mem 0x80013000 0x00000001
core   0: 0x80011486 (0x0000bfe5) c.j     pc - 8
core   0: 3 0x80011486 (0xbfe5)
core   0: 0x8001147e (0x00002f17) auipc   t5, 0x2
core   0: 3 0x8001147e (0x00002f17) x30 0x8001347e
core   0: 0x80011482 (0xb83f2123) sw      gp, -1150(t5)
core   0: 3 0x80011482 (0xb83f2123) mem 0x80013000 0x00000001
core   0: 0x80011486 (0x0000bfe5) c.j     pc - 8
core   0: 3 0x80011486 (0xbfe5)
core   0: 0x8001147e (0x00002f17) auipc   t5, 0x2
core   0: 3 0x8001147e (0x00002f17) x30 0x8001347e
core   0: 0x80011482 (0xb83f2123) sw      gp, -1150(t5)
core   0: 3 0x80011482 (0xb83f2123) mem 0x80013000 0x00000001
core   0: 0x80011486 (0x0000bfe5) c.j     pc - 8
core   0: 3 0x80011486 (0xbfe5)
core   0: 0x8001147e (0x00002f17) auipc   t5, 0x2
core   0: 3 0x8001147e (0x00002f17) x30 0x8001347e
core   0: 0x80011482 (0xb83f2123) sw      gp, -1150(t5)
core   0: 3 0x80011482 (0xb83f2123) mem 0x80013000 0x00000001
core   0: 0x80011486 (0x0000bfe5) c.j     pc - 8
core   0: 3 0x80011486 (0xbfe5)
core   0: 0x8001147e (0x00002f17) auipc   t5, 0x2
core   0: 3 0x8001147e (0x00002f17) x30 0x8001347e
core   0: 0x80011482 (0xb83f2123) sw      gp, -1150(t5)
core   0: 3 0x80011482 (0xb83f2123) mem 0x80013000 0x00000001
core   0: 0x80011486 (0x0000bfe5) c.j     pc - 8
core   0: 3 0x80011486 (0xbfe5)
core   0: 0x8001147e (0x00002f17) auipc   t5, 0x2
core   0: 3 0x8001147e (0x00002f17) x30 0x8001347e
core   0: 0x80011482 (0xb83f2123) sw      gp, -1150(t5)
core   0: 3 0x80011482 (0xb83f2123) mem 0x80013000 0x00000001
core   0: 0x80011486 (0x0000bfe5) c.j     pc - 8
core   0: 3 0x80011486 (0xbfe5)
core   0: 0x8001147e (0x00002f17) auipc   t5, 0x2
core   0: 3 0x8001147e (0x00002f17) x30 0x8001347e
core   0: 0x80011482 (0xb83f2123) sw      gp, -1150(t5)
core   0: 3 0x80011482 (0xb83f2123) mem 0x80013000 0x00000001
core   0: 0x80011486 (0x0000bfe5) c.j     pc - 8
core   0: 3 0x80011486 (0xbfe5)
core   0: 0x8001147e (0x00002f17) auipc   t5, 0x2
core   0: 3 0x8001147e (0x00002f17) x30 0x8001347e
core   0: 0x80011482 (0xb83f2123) sw      gp, -1150(t5)
core   0: 3 0x80011482 (0xb83f2123) mem 0x80013000 0x00000001
core   0: 0x80011486 (0x0000bfe5) c.j     pc - 8
core   0: 3 0x80011486 (0xbfe5)
core   0: 0x8001147e (0x00002f17) auipc   t5, 0x2
core   0: 3 0x8001147e (0x00002f17) x30 0x8001347e
core   0: 0x80011482 (0xb83f2123) sw      gp, -1150(t5)
core   0: 3 0x80011482 (0xb83f2123) mem 0x80013000 0x00000001
core   0: 0x80011486 (0x0000bfe5) c.j     pc - 8
core   0: 3 0x80011486 (0xbfe5)
core   0: 0x8001147e (0x00002f17) auipc   t5, 0x2
core   0: 3 0x8001147e (0x00002f17) x30 0x8001347e
core   0: 0x80011482 (0xb83f2123) sw      gp, -1150(t5)
core   0: 3 0x80011482 (0xb83f2123) mem 0x80013000 0x00000001
core   0: 0x80011486 (0x0000bfe5) c.j     pc - 8
core   0: 3 0x80011486 (0xbfe5)
core   0: 0x8001147e (0x00002f17) auipc   t5, 0x2
core   0: 3 0x8001147e (0x00002f17) x30 0x8001347e
core   0: 0x80011482 (0xb83f2123) sw      gp, -1150(t5)
core   0: 3 0x80011482 (0xb83f2123) mem 0x80013000 0x00000001
core   0: 0x80011486 (0x0000bfe5) c.j     pc - 8
core   0: 3 0x80011486 (0xbfe5)
core   0: 0x8001147e (0x00002f17) auipc   t5, 0x2
core   0: 3 0x8001147e (0x00002f17) x30 0x8001347e
core   0: 0x80011482 (0xb83f2123) sw      gp, -1150(t5)
core   0: 3 0x80011482 (0xb83f2123) mem 0x80013000 0x00000001
core   0: 0x80011486 (0x0000bfe5) c.j     pc - 8
core   0: 3 0x80011486 (0xbfe5)
core   0: 0x8001147e (0x00002f17) auipc   t5, 0x2
core   0: 3 0x8001147e (0x00002f17) x30 0x8001347e
core   0: 0x80011482 (0xb83f2123) sw      gp, -1150(t5)
core   0: 3 0x80011482 (0xb83f2123) mem 0x80013000 0x00000001
core   0: 0x80011486 (0x0000bfe5) c.j     pc - 8
core   0: 3 0x80011486 (0xbfe5)
core   0: 0x8001147e (0x00002f17) auipc   t5, 0x2
core   0: 3 0x8001147e (0x00002f17) x30 0x8001347e
core   0: 0x80011482 (0xb83f2123) sw      gp, -1150(t5)
core   0: 3 0x80011482 (0xb83f2123) mem 0x80013000 0x00000001
core   0: 0x80011486 (0x0000bfe5) c.j     pc - 8
core   0: 3 0x80011486 (0xbfe5)
core   0: 0x8001147e (0x00002f17) auipc   t5, 0x2
core   0: 3 0x8001147e (0x00002f17) x30 0x8001347e
core   0: 0x80011482 (0xb83f2123) sw      gp, -1150(t5)
core   0: 3 0x80011482 (0xb83f2123) mem 0x80013000 0x00000001
core   0: 0x80011486 (0x0000bfe5) c.j     pc - 8
core   0: 3 0x80011486 (0xbfe5)
core   0: 0x8001147e (0x00002f17) auipc   t5, 0x2
core   0: 3 0x8001147e (0x00002f17) x30 0x8001347e
core   0: 0x80011482 (0xb83f2123) sw      gp, -1150(t5)
core   0: 3 0x80011482 (0xb83f2123) mem 0x80013000 0x00000001
core   0: 0x80011486 (0x0000bfe5) c.j     pc - 8
core   0: 3 0x80011486 (0xbfe5)
core   0: 0x8001147e (0x00002f17) auipc   t5, 0x2
core   0: 3 0x8001147e (0x00002f17) x30 0x8001347e
core   0: 0x80011482 (0xb83f2123) sw      gp, -1150(t5)
core   0: 3 0x80011482 (0xb83f2123) mem 0x80013000 0x00000001
core   0: 0x80011486 (0x0000bfe5) c.j     pc - 8
core   0: 3 0x80011486 (0xbfe5)
core   0: 0x8001147e (0x00002f17) auipc   t5, 0x2
core   0: 3 0x8001147e (0x00002f17) x30 0x8001347e
core   0: 0x80011482 (0xb83f2123) sw      gp, -1150(t5)
core   0: 3 0x80011482 (0xb83f2123) mem 0x80013000 0x00000001
core   0: 0x80011486 (0x0000bfe5) c.j     pc - 8
core   0: 3 0x80011486 (0xbfe5)
core   0: 0x8001147e (0x00002f17) auipc   t5, 0x2
core   0: 3 0x8001147e (0x00002f17) x30 0x8001347e
core   0: 0x80011482 (0xb83f2123) sw      gp, -1150(t5)
core   0: 3 0x80011482 (0xb83f2123) mem 0x80013000 0x00000001
core   0: 0x80011486 (0x0000bfe5) c.j     pc - 8
core   0: 3 0x80011486 (0xbfe5)
core   0: 0x8001147e (0x00002f17) auipc   t5, 0x2
core   0: 3 0x8001147e (0x00002f17) x30 0x8001347e
core   0: 0x80011482 (0xb83f2123) sw      gp, -1150(t5)
core   0: 3 0x80011482 (0xb83f2123) mem 0x80013000 0x00000001
core   0: 0x80011486 (0x0000bfe5) c.j     pc - 8
core   0: 3 0x80011486 (0xbfe5)
core   0: 0x8001147e (0x00002f17) auipc   t5, 0x2
core   0: 3 0x8001147e (0x00002f17) x30 0x8001347e
core   0: 0x80011482 (0xb83f2123) sw      gp, -1150(t5)
core   0: 3 0x80011482 (0xb83f2123) mem 0x80013000 0x00000001
core   0: 0x80011486 (0x0000bfe5) c.j     pc - 8
core   0: 3 0x80011486 (0xbfe5)
core   0: 0x8001147e (0x00002f17) auipc   t5, 0x2
core   0: 3 0x8001147e (0x00002f17) x30 0x8001347e
core   0: 0x80011482 (0xb83f2123) sw      gp, -1150(t5)
core   0: 3 0x80011482 (0xb83f2123) mem 0x80013000 0x00000001
core   0: 0x80011486 (0x0000bfe5) c.j     pc - 8
core   0: 3 0x80011486 (0xbfe5)
core   0: 0x8001147e (0x00002f17) auipc   t5, 0x2
core   0: 3 0x8001147e (0x00002f17) x30 0x8001347e
core   0: 0x80011482 (0xb83f2123) sw      gp, -1150(t5)
core   0: 3 0x80011482 (0xb83f2123) mem 0x80013000 0x00000001
core   0: 0x80011486 (0x0000bfe5) c.j     pc - 8
core   0: 3 0x80011486 (0xbfe5)
core   0: 0x8001147e (0x00002f17) auipc   t5, 0x2
core   0: 3 0x8001147e (0x00002f17) x30 0x8001347e
core   0: 0x80011482 (0xb83f2123) sw      gp, -1150(t5)
core   0: 3 0x80011482 (0xb83f2123) mem 0x80013000 0x00000001
core   0: 0x80011486 (0x0000bfe5) c.j     pc - 8
core   0: 3 0x80011486 (0xbfe5)
core   0: 0x8001147e (0x00002f17) auipc   t5, 0x2
core   0: 3 0x8001147e (0x00002f17) x30 0x8001347e
core   0: 0x80011482 (0xb83f2123) sw      gp, -1150(t5)
core   0: 3 0x80011482 (0xb83f2123) mem 0x80013000 0x00000001
core   0: 0x80011486 (0x0000bfe5) c.j     pc - 8
core   0: 3 0x80011486 (0xbfe5)
core   0: 0x8001147e (0x00002f17) auipc   t5, 0x2
core   0: 3 0x8001147e (0x00002f17) x30 0x8001347e
core   0: 0x80011482 (0xb83f2123) sw      gp, -1150(t5)
core   0: 3 0x80011482 (0xb83f2123) mem 0x80013000 0x00000001
core   0: 0x80011486 (0x0000bfe5) c.j     pc - 8
core   0: 3 0x80011486 (0xbfe5)
core   0: 0x8001147e (0x00002f17) auipc   t5, 0x2
core   0: 3 0x8001147e (0x00002f17) x30 0x8001347e
core   0: 0x80011482 (0xb83f2123) sw      gp, -1150(t5)
core   0: 3 0x80011482 (0xb83f2123) mem 0x80013000 0x00000001
core   0: 0x80011486 (0x0000bfe5) c.j     pc - 8
core   0: 3 0x80011486 (0xbfe5)
core   0: 0x8001147e (0x00002f17) auipc   t5, 0x2
core   0: 3 0x8001147e (0x00002f17) x30 0x8001347e
core   0: 0x80011482 (0xb83f2123) sw      gp, -1150(t5)
core   0: 3 0x80011482 (0xb83f2123) mem 0x80013000 0x00000001
core   0: 0x80011486 (0x0000bfe5) c.j     pc - 8
core   0: 3 0x80011486 (0xbfe5)
core   0: 0x8001147e (0x00002f17) auipc   t5, 0x2
core   0: 3 0x8001147e (0x00002f17) x30 0x8001347e
core   0: 0x80011482 (0xb83f2123) sw      gp, -1150(t5)
core   0: 3 0x80011482 (0xb83f2123) mem 0x80013000 0x00000001
core   0: 0x80011486 (0x0000bfe5) c.j     pc - 8
core   0: 3 0x80011486 (0xbfe5)
core   0: 0x8001147e (0x00002f17) auipc   t5, 0x2
core   0: 3 0x8001147e (0x00002f17) x30 0x8001347e
core   0: 0x80011482 (0xb83f2123) sw      gp, -1150(t5)
core   0: 3 0x80011482 (0xb83f2123) mem 0x80013000 0x00000001
core   0: 0x80011486 (0x0000bfe5) c.j     pc - 8
core   0: 3 0x80011486 (0xbfe5)
core   0: 0x8001147e (0x00002f17) auipc   t5, 0x2
core   0: 3 0x8001147e (0x00002f17) x30 0x8001347e
core   0: 0x80011482 (0xb83f2123) sw      gp, -1150(t5)
core   0: 3 0x80011482 (0xb83f2123) mem 0x80013000 0x00000001
core   0: 0x80011486 (0x0000bfe5) c.j     pc - 8
core   0: 3 0x80011486 (0xbfe5)
core   0: 0x8001147e (0x00002f17) auipc   t5, 0x2
core   0: 3 0x8001147e (0x00002f17) x30 0x8001347e
core   0: 0x80011482 (0xb83f2123) sw      gp, -1150(t5)
core   0: 3 0x80011482 (0xb83f2123) mem 0x80013000 0x00000001
core   0: 0x80011486 (0x0000bfe5) c.j     pc - 8
core   0: 3 0x80011486 (0xbfe5)
core   0: 0x8001147e (0x00002f17) auipc   t5, 0x2
core   0: 3 0x8001147e (0x00002f17) x30 0x8001347e
core   0: 0x80011482 (0xb83f2123) sw      gp, -1150(t5)
core   0: 3 0x80011482 (0xb83f2123) mem 0x80013000 0x00000001
core   0: 0x80011486 (0x0000bfe5) c.j     pc - 8
core   0: 3 0x80011486 (0xbfe5)
core   0: 0x8001147e (0x00002f17) auipc   t5, 0x2
core   0: 3 0x8001147e (0x00002f17) x30 0x8001347e
core   0: 0x80011482 (0xb83f2123) sw      gp, -1150(t5)
core   0: 3 0x80011482 (0xb83f2123) mem 0x80013000 0x00000001
core   0: 0x80011486 (0x0000bfe5) c.j     pc - 8
core   0: 3 0x80011486 (0xbfe5)
core   0: 0x8001147e (0x00002f17) auipc   t5, 0x2
core   0: 3 0x8001147e (0x00002f17) x30 0x8001347e
core   0: 0x80011482 (0xb83f2123) sw      gp, -1150(t5)
core   0: 3 0x80011482 (0xb83f2123) mem 0x80013000 0x00000001
core   0: 0x80011486 (0x0000bfe5) c.j     pc - 8
core   0: 3 0x80011486 (0xbfe5)
core   0: 0x8001147e (0x00002f17) auipc   t5, 0x2
core   0: 3 0x8001147e (0x00002f17) x30 0x8001347e
core   0: 0x80011482 (0xb83f2123) sw      gp, -1150(t5)
core   0: 3 0x80011482 (0xb83f2123) mem 0x80013000 0x00000001
core   0: 0x80011486 (0x0000bfe5) c.j     pc - 8
core   0: 3 0x80011486 (0xbfe5)
core   0: 0x8001147e (0x00002f17) auipc   t5, 0x2
core   0: 3 0x8001147e (0x00002f17) x30 0x8001347e
core   0: 0x80011482 (0xb83f2123) sw      gp, -1150(t5)
core   0: 3 0x80011482 (0xb83f2123) mem 0x80013000 0x00000001
core   0: 0x80011486 (0x0000bfe5) c.j     pc - 8
core   0: 3 0x80011486 (0xbfe5)
core   0: 0x8001147e (0x00002f17) auipc   t5, 0x2
core   0: 3 0x8001147e (0x00002f17) x30 0x8001347e
core   0: 0x80011482 (0xb83f2123) sw      gp, -1150(t5)
core   0: 3 0x80011482 (0xb83f2123) mem 0x80013000 0x00000001
core   0: 0x80011486 (0x0000bfe5) c.j     pc - 8
core   0: 3 0x80011486 (0xbfe5)
core   0: 0x8001147e (0x00002f17) auipc   t5, 0x2
core   0: 3 0x8001147e (0x00002f17) x30 0x8001347e
core   0: 0x80011482 (0xb83f2123) sw      gp, -1150(t5)
core   0: 3 0x80011482 (0xb83f2123) mem 0x80013000 0x00000001
core   0: 0x80011486 (0x0000bfe5) c.j     pc - 8
core   0: 3 0x80011486 (0xbfe5)
core   0: 0x8001147e (0x00002f17) auipc   t5, 0x2
core   0: 3 0x8001147e (0x00002f17) x30 0x8001347e
core   0: 0x80011482 (0xb83f2123) sw      gp, -1150(t5)
core   0: 3 0x80011482 (0xb83f2123) mem 0x80013000 0x00000001
core   0: 0x80011486 (0x0000bfe5) c.j     pc - 8
core   0: 3 0x80011486 (0xbfe5)
core   0: 0x8001147e (0x00002f17) auipc   t5, 0x2
core   0: 3 0x8001147e (0x00002f17) x30 0x8001347e
core   0: 0x80011482 (0xb83f2123) sw      gp, -1150(t5)
core   0: 3 0x80011482 (0xb83f2123) mem 0x80013000 0x00000001
core   0: 0x80011486 (0x0000bfe5) c.j     pc - 8
core   0: 3 0x80011486 (0xbfe5)
core   0: 0x8001147e (0x00002f17) auipc   t5, 0x2
core   0: 3 0x8001147e (0x00002f17) x30 0x8001347e
core   0: 0x80011482 (0xb83f2123) sw      gp, -1150(t5)
core   0: 3 0x80011482 (0xb83f2123) mem 0x80013000 0x00000001
core   0: 0x80011486 (0x0000bfe5) c.j     pc - 8
core   0: 3 0x80011486 (0xbfe5)
core   0: 0x8001147e (0x00002f17) auipc   t5, 0x2
core   0: 3 0x8001147e (0x00002f17) x30 0x8001347e
core   0: 0x80011482 (0xb83f2123) sw      gp, -1150(t5)
core   0: 3 0x80011482 (0xb83f2123) mem 0x80013000 0x00000001
core   0: 0x80011486 (0x0000bfe5) c.j     pc - 8
core   0: 3 0x80011486 (0xbfe5)
core   0: 0x8001147e (0x00002f17) auipc   t5, 0x2
core   0: 3 0x8001147e (0x00002f17) x30 0x8001347e
core   0: 0x80011482 (0xb83f2123) sw      gp, -1150(t5)
core   0: 3 0x80011482 (0xb83f2123) mem 0x80013000 0x00000001
core   0: 0x80011486 (0x0000bfe5) c.j     pc - 8
core   0: 3 0x80011486 (0xbfe5)
core   0: 0x8001147e (0x00002f17) auipc   t5, 0x2
core   0: 3 0x8001147e (0x00002f17) x30 0x8001347e
core   0: 0x80011482 (0xb83f2123) sw      gp, -1150(t5)
core   0: 3 0x80011482 (0xb83f2123) mem 0x80013000 0x00000001
core   0: 0x80011486 (0x0000bfe5) c.j     pc - 8
core   0: 3 0x80011486 (0xbfe5)
core   0: 0x8001147e (0x00002f17) auipc   t5, 0x2
core   0: 3 0x8001147e (0x00002f17) x30 0x8001347e
core   0: 0x80011482 (0xb83f2123) sw      gp, -1150(t5)
core   0: 3 0x80011482 (0xb83f2123) mem 0x80013000 0x00000001
core   0: 0x80011486 (0x0000bfe5) c.j     pc - 8
core   0: 3 0x80011486 (0xbfe5)
core   0: 0x8001147e (0x00002f17) auipc   t5, 0x2
core   0: 3 0x8001147e (0x00002f17) x30 0x8001347e
core   0: 0x80011482 (0xb83f2123) sw      gp, -1150(t5)
core   0: 3 0x80011482 (0xb83f2123) mem 0x80013000 0x00000001
core   0: 0x80011486 (0x0000bfe5) c.j     pc - 8
core   0: 3 0x80011486 (0xbfe5)
core   0: 0x8001147e (0x00002f17) auipc   t5, 0x2
core   0: 3 0x8001147e (0x00002f17) x30 0x8001347e
core   0: 0x80011482 (0xb83f2123) sw      gp, -1150(t5)
core   0: 3 0x80011482 (0xb83f2123) mem 0x80013000 0x00000001
core   0: 0x80011486 (0x0000bfe5) c.j     pc - 8
core   0: 3 0x80011486 (0xbfe5)
core   0: 0x8001147e (0x00002f17) auipc   t5, 0x2
core   0: 3 0x8001147e (0x00002f17) x30 0x8001347e
core   0: 0x80011482 (0xb83f2123) sw      gp, -1150(t5)
core   0: 3 0x80011482 (0xb83f2123) mem 0x80013000 0x00000001
core   0: 0x80011486 (0x0000bfe5) c.j     pc - 8
core   0: 3 0x80011486 (0xbfe5)
core   0: 0x8001147e (0x00002f17) auipc   t5, 0x2
core   0: 3 0x8001147e (0x00002f17) x30 0x8001347e
core   0: 0x80011482 (0xb83f2123) sw      gp, -1150(t5)
core   0: 3 0x80011482 (0xb83f2123) mem 0x80013000 0x00000001
core   0: 0x80011486 (0x0000bfe5) c.j     pc - 8
core   0: 3 0x80011486 (0xbfe5)
core   0: 0x8001147e (0x00002f17) auipc   t5, 0x2
core   0: 3 0x8001147e (0x00002f17) x30 0x8001347e
core   0: 0x80011482 (0xb83f2123) sw      gp, -1150(t5)
core   0: 3 0x80011482 (0xb83f2123) mem 0x80013000 0x00000001
core   0: 0x80011486 (0x0000bfe5) c.j     pc - 8
core   0: 3 0x80011486 (0xbfe5)
core   0: 0x8001147e (0x00002f17) auipc   t5, 0x2
core   0: 3 0x8001147e (0x00002f17) x30 0x8001347e
core   0: 0x80011482 (0xb83f2123) sw      gp, -1150(t5)
core   0: 3 0x80011482 (0xb83f2123) mem 0x80013000 0x00000001
core   0: 0x80011486 (0x0000bfe5) c.j     pc - 8
core   0: 3 0x80011486 (0xbfe5)
core   0: 0x8001147e (0x00002f17) auipc   t5, 0x2
core   0: 3 0x8001147e (0x00002f17) x30 0x8001347e
core   0: 0x80011482 (0xb83f2123) sw      gp, -1150(t5)
core   0: 3 0x80011482 (0xb83f2123) mem 0x80013000 0x00000001
core   0: 0x80011486 (0x0000bfe5) c.j     pc - 8
core   0: 3 0x80011486 (0xbfe5)
core   0: 0x8001147e (0x00002f17) auipc   t5, 0x2
core   0: 3 0x8001147e (0x00002f17) x30 0x8001347e
core   0: 0x80011482 (0xb83f2123) sw      gp, -1150(t5)
core   0: 3 0x80011482 (0xb83f2123) mem 0x80013000 0x00000001
core   0: 0x80011486 (0x0000bfe5) c.j     pc - 8
core   0: 3 0x80011486 (0xbfe5)
core   0: 0x8001147e (0x00002f17) auipc   t5, 0x2
core   0: 3 0x8001147e (0x00002f17) x30 0x8001347e
core   0: 0x80011482 (0xb83f2123) sw      gp, -1150(t5)
core   0: 3 0x80011482 (0xb83f2123) mem 0x80013000 0x00000001
core   0: 0x80011486 (0x0000bfe5) c.j     pc - 8
core   0: 3 0x80011486 (0xbfe5)
core   0: 0x8001147e (0x00002f17) auipc   t5, 0x2
core   0: 3 0x8001147e (0x00002f17) x30 0x8001347e
core   0: 0x80011482 (0xb83f2123) sw      gp, -1150(t5)
core   0: 3 0x80011482 (0xb83f2123) mem 0x80013000 0x00000001
core   0: 0x80011486 (0x0000bfe5) c.j     pc - 8
core   0: 3 0x80011486 (0xbfe5)
core   0: 0x8001147e (0x00002f17) auipc   t5, 0x2
core   0: 3 0x8001147e (0x00002f17) x30 0x8001347e
core   0: 0x80011482 (0xb83f2123) sw      gp, -1150(t5)
core   0: 3 0x80011482 (0xb83f2123) mem 0x80013000 0x00000001
core   0: 0x80011486 (0x0000bfe5) c.j     pc - 8
core   0: 3 0x80011486 (0xbfe5)
core   0: 0x8001147e (0x00002f17) auipc   t5, 0x2
core   0: 3 0x8001147e (0x00002f17) x30 0x8001347e
core   0: 0x80011482 (0xb83f2123) sw      gp, -1150(t5)
core   0: 3 0x80011482 (0xb83f2123) mem 0x80013000 0x00000001
core   0: 0x80011486 (0x0000bfe5) c.j     pc - 8
core   0: 3 0x80011486 (0xbfe5)
core   0: 0x8001147e (0x00002f17) auipc   t5, 0x2
core   0: 3 0x8001147e (0x00002f17) x30 0x8001347e
core   0: 0x80011482 (0xb83f2123) sw      gp, -1150(t5)
core   0: 3 0x80011482 (0xb83f2123) mem 0x80013000 0x00000001
core   0: 0x80011486 (0x0000bfe5) c.j     pc - 8
core   0: 3 0x80011486 (0xbfe5)
core   0: 0x8001147e (0x00002f17) auipc   t5, 0x2
core   0: 3 0x8001147e (0x00002f17) x30 0x8001347e
core   0: 0x80011482 (0xb83f2123) sw      gp, -1150(t5)
core   0: 3 0x80011482 (0xb83f2123) mem 0x80013000 0x00000001
core   0: 0x80011486 (0x0000bfe5) c.j     pc - 8
core   0: 3 0x80011486 (0xbfe5)
core   0: 0x8001147e (0x00002f17) auipc   t5, 0x2
core   0: 3 0x8001147e (0x00002f17) x30 0x8001347e
core   0: 0x80011482 (0xb83f2123) sw      gp, -1150(t5)
core   0: 3 0x80011482 (0xb83f2123) mem 0x80013000 0x00000001
core   0: 0x80011486 (0x0000bfe5) c.j     pc - 8
core   0: 3 0x80011486 (0xbfe5)
core   0: 0x8001147e (0x00002f17) auipc   t5, 0x2
core   0: 3 0x8001147e (0x00002f17) x30 0x8001347e
core   0: 0x80011482 (0xb83f2123) sw      gp, -1150(t5)
core   0: 3 0x80011482 (0xb83f2123) mem 0x80013000 0x00000001
core   0: 0x80011486 (0x0000bfe5) c.j     pc - 8
core   0: 3 0x80011486 (0xbfe5)
core   0: 0x8001147e (0x00002f17) auipc   t5, 0x2
core   0: 3 0x8001147e (0x00002f17) x30 0x8001347e
core   0: 0x80011482 (0xb83f2123) sw      gp, -1150(t5)
core   0: 3 0x80011482 (0xb83f2123) mem 0x80013000 0x00000001
core   0: 0x80011486 (0x0000bfe5) c.j     pc - 8
core   0: 3 0x80011486 (0xbfe5)
core   0: 0x8001147e (0x00002f17) auipc   t5, 0x2
core   0: 3 0x8001147e (0x00002f17) x30 0x8001347e
core   0: 0x80011482 (0xb83f2123) sw      gp, -1150(t5)
core   0: 3 0x80011482 (0xb83f2123) mem 0x80013000 0x00000001
core   0: 0x80011486 (0x0000bfe5) c.j     pc - 8
core   0: 3 0x80011486 (0xbfe5)
core   0: 0x8001147e (0x00002f17) auipc   t5, 0x2
core   0: 3 0x8001147e (0x00002f17) x30 0x8001347e
core   0: 0x80011482 (0xb83f2123) sw      gp, -1150(t5)
core   0: 3 0x80011482 (0xb83f2123) mem 0x80013000 0x00000001
core   0: 0x80011486 (0x0000bfe5) c.j     pc - 8
core   0: 3 0x80011486 (0xbfe5)
core   0: 0x8001147e (0x00002f17) auipc   t5, 0x2
core   0: 3 0x8001147e (0x00002f17) x30 0x8001347e
core   0: 0x80011482 (0xb83f2123) sw      gp, -1150(t5)
core   0: 3 0x80011482 (0xb83f2123) mem 0x80013000 0x00000001
core   0: 0x80011486 (0x0000bfe5) c.j     pc - 8
core   0: 3 0x80011486 (0xbfe5)
core   0: 0x8001147e (0x00002f17) auipc   t5, 0x2
core   0: 3 0x8001147e (0x00002f17) x30 0x8001347e
core   0: 0x80011482 (0xb83f2123) sw      gp, -1150(t5)
core   0: 3 0x80011482 (0xb83f2123) mem 0x80013000 0x00000001
core   0: 0x80011486 (0x0000bfe5) c.j     pc - 8
core   0: 3 0x80011486 (0xbfe5)
core   0: 0x8001147e (0x00002f17) auipc   t5, 0x2
core   0: 3 0x8001147e (0x00002f17) x30 0x8001347e
core   0: 0x80011482 (0xb83f2123) sw      gp, -1150(t5)
core   0: 3 0x80011482 (0xb83f2123) mem 0x80013000 0x00000001
core   0: 0x80011486 (0x0000bfe5) c.j     pc - 8
core   0: 3 0x80011486 (0xbfe5)
core   0: 0x8001147e (0x00002f17) auipc   t5, 0x2
core   0: 3 0x8001147e (0x00002f17) x30 0x8001347e
core   0: 0x80011482 (0xb83f2123) sw      gp, -1150(t5)
core   0: 3 0x80011482 (0xb83f2123) mem 0x80013000 0x00000001
core   0: 0x80011486 (0x0000bfe5) c.j     pc - 8
core   0: 3 0x80011486 (0xbfe5)
core   0: 0x8001147e (0x00002f17) auipc   t5, 0x2
core   0: 3 0x8001147e (0x00002f17) x30 0x8001347e
core   0: 0x80011482 (0xb83f2123) sw      gp, -1150(t5)
core   0: 3 0x80011482 (0xb83f2123) mem 0x80013000 0x00000001
core   0: 0x80011486 (0x0000bfe5) c.j     pc - 8
core   0: 3 0x80011486 (0xbfe5)
core   0: 0x8001147e (0x00002f17) auipc   t5, 0x2
core   0: 3 0x8001147e (0x00002f17) x30 0x8001347e
core   0: 0x80011482 (0xb83f2123) sw      gp, -1150(t5)
core   0: 3 0x80011482 (0xb83f2123) mem 0x80013000 0x00000001
core   0: 0x80011486 (0x0000bfe5) c.j     pc - 8
core   0: 3 0x80011486 (0xbfe5)
core   0: 0x8001147e (0x00002f17) auipc   t5, 0x2
core   0: 3 0x8001147e (0x00002f17) x30 0x8001347e
core   0: 0x80011482 (0xb83f2123) sw      gp, -1150(t5)
core   0: 3 0x80011482 (0xb83f2123) mem 0x80013000 0x00000001
core   0: 0x80011486 (0x0000bfe5) c.j     pc - 8
core   0: 3 0x80011486 (0xbfe5)
core   0: 0x8001147e (0x00002f17) auipc   t5, 0x2
core   0: 3 0x8001147e (0x00002f17) x30 0x8001347e
core   0: 0x80011482 (0xb83f2123) sw      gp, -1150(t5)
core   0: 3 0x80011482 (0xb83f2123) mem 0x80013000 0x00000001
core   0: 0x80011486 (0x0000bfe5) c.j     pc - 8
core   0: 3 0x80011486 (0xbfe5)
core   0: 0x8001147e (0x00002f17) auipc   t5, 0x2
core   0: 3 0x8001147e (0x00002f17) x30 0x8001347e
core   0: 0x80011482 (0xb83f2123) sw      gp, -1150(t5)
core   0: 3 0x80011482 (0xb83f2123) mem 0x80013000 0x00000001
core   0: 0x80011486 (0x0000bfe5) c.j     pc - 8
core   0: 3 0x80011486 (0xbfe5)
core   0: 0x8001147e (0x00002f17) auipc   t5, 0x2
core   0: 3 0x8001147e (0x00002f17) x30 0x8001347e
core   0: 0x80011482 (0xb83f2123) sw      gp, -1150(t5)
core   0: 3 0x80011482 (0xb83f2123) mem 0x80013000 0x00000001
core   0: 0x80011486 (0x0000bfe5) c.j     pc - 8
core   0: 3 0x80011486 (0xbfe5)
core   0: 0x8001147e (0x00002f17) auipc   t5, 0x2
core   0: 3 0x8001147e (0x00002f17) x30 0x8001347e
core   0: 0x80011482 (0xb83f2123) sw      gp, -1150(t5)
core   0: 3 0x80011482 (0xb83f2123) mem 0x80013000 0x00000001
core   0: 0x80011486 (0x0000bfe5) c.j     pc - 8
core   0: 3 0x80011486 (0xbfe5)
core   0: 0x8001147e (0x00002f17) auipc   t5, 0x2
core   0: 3 0x8001147e (0x00002f17) x30 0x8001347e
core   0: 0x80011482 (0xb83f2123) sw      gp, -1150(t5)
core   0: 3 0x80011482 (0xb83f2123) mem 0x80013000 0x00000001
core   0: 0x80011486 (0x0000bfe5) c.j     pc - 8
core   0: 3 0x80011486 (0xbfe5)
core   0: 0x8001147e (0x00002f17) auipc   t5, 0x2
core   0: 3 0x8001147e (0x00002f17) x30 0x8001347e
core   0: 0x80011482 (0xb83f2123) sw      gp, -1150(t5)
core   0: 3 0x80011482 (0xb83f2123) mem 0x80013000 0x00000001
core   0: 0x80011486 (0x0000bfe5) c.j     pc - 8
core   0: 3 0x80011486 (0xbfe5)
core   0: 0x8001147e (0x00002f17) auipc   t5, 0x2
core   0: 3 0x8001147e (0x00002f17) x30 0x8001347e
core   0: 0x80011482 (0xb83f2123) sw      gp, -1150(t5)
core   0: 3 0x80011482 (0xb83f2123) mem 0x80013000 0x00000001
core   0: 0x80011486 (0x0000bfe5) c.j     pc - 8
core   0: 3 0x80011486 (0xbfe5)
core   0: 0x8001147e (0x00002f17) auipc   t5, 0x2
core   0: 3 0x8001147e (0x00002f17) x30 0x8001347e
core   0: 0x80011482 (0xb83f2123) sw      gp, -1150(t5)
core   0: 3 0x80011482 (0xb83f2123) mem 0x80013000 0x00000001
core   0: 0x80011486 (0x0000bfe5) c.j     pc - 8
core   0: 3 0x80011486 (0xbfe5)
core   0: 0x8001147e (0x00002f17) auipc   t5, 0x2
core   0: 3 0x8001147e (0x00002f17) x30 0x8001347e
core   0: 0x80011482 (0xb83f2123) sw      gp, -1150(t5)
core   0: 3 0x80011482 (0xb83f2123) mem 0x80013000 0x00000001
core   0: 0x80011486 (0x0000bfe5) c.j     pc - 8
core   0: 3 0x80011486 (0xbfe5)
core   0: 0x8001147e (0x00002f17) auipc   t5, 0x2
core   0: 3 0x8001147e (0x00002f17) x30 0x8001347e
core   0: 0x80011482 (0xb83f2123) sw      gp, -1150(t5)
core   0: 3 0x80011482 (0xb83f2123) mem 0x80013000 0x00000001
core   0: 0x80011486 (0x0000bfe5) c.j     pc - 8
core   0: 3 0x80011486 (0xbfe5)
core   0: 0x8001147e (0x00002f17) auipc   t5, 0x2
core   0: 3 0x8001147e (0x00002f17) x30 0x8001347e
core   0: 0x80011482 (0xb83f2123) sw      gp, -1150(t5)
core   0: 3 0x80011482 (0xb83f2123) mem 0x80013000 0x00000001
core   0: 0x80011486 (0x0000bfe5) c.j     pc - 8
core   0: 3 0x80011486 (0xbfe5)
core   0: 0x8001147e (0x00002f17) auipc   t5, 0x2
core   0: 3 0x8001147e (0x00002f17) x30 0x8001347e
core   0: 0x80011482 (0xb83f2123) sw      gp, -1150(t5)
core   0: 3 0x80011482 (0xb83f2123) mem 0x80013000 0x00000001
core   0: 0x80011486 (0x0000bfe5) c.j     pc - 8
core   0: 3 0x80011486 (0xbfe5)
core   0: 0x8001147e (0x00002f17) auipc   t5, 0x2
core   0: 3 0x8001147e (0x00002f17) x30 0x8001347e
core   0: 0x80011482 (0xb83f2123) sw      gp, -1150(t5)
core   0: 3 0x80011482 (0xb83f2123) mem 0x80013000 0x00000001
core   0: 0x80011486 (0x0000bfe5) c.j     pc - 8
core   0: 3 0x80011486 (0xbfe5)
core   0: 0x8001147e (0x00002f17) auipc   t5, 0x2
core   0: 3 0x8001147e (0x00002f17) x30 0x8001347e
core   0: 0x80011482 (0xb83f2123) sw      gp, -1150(t5)
core   0: 3 0x80011482 (0xb83f2123) mem 0x80013000 0x00000001
core   0: 0x80011486 (0x0000bfe5) c.j     pc - 8
core   0: 3 0x80011486 (0xbfe5)
core   0: 0x8001147e (0x00002f17) auipc   t5, 0x2
core   0: 3 0x8001147e (0x00002f17) x30 0x8001347e
core   0: 0x80011482 (0xb83f2123) sw      gp, -1150(t5)
core   0: 3 0x80011482 (0xb83f2123) mem 0x80013000 0x00000001
core   0: 0x80011486 (0x0000bfe5) c.j     pc - 8
core   0: 3 0x80011486 (0xbfe5)
core   0: 0x8001147e (0x00002f17) auipc   t5, 0x2
core   0: 3 0x8001147e (0x00002f17) x30 0x8001347e
core   0: 0x80011482 (0xb83f2123) sw      gp, -1150(t5)
core   0: 3 0x80011482 (0xb83f2123) mem 0x80013000 0x00000001
core   0: 0x80011486 (0x0000bfe5) c.j     pc - 8
core   0: 3 0x80011486 (0xbfe5)
core   0: 0x8001147e (0x00002f17) auipc   t5, 0x2
core   0: 3 0x8001147e (0x00002f17) x30 0x8001347e
core   0: 0x80011482 (0xb83f2123) sw      gp, -1150(t5)
core   0: 3 0x80011482 (0xb83f2123) mem 0x80013000 0x00000001
core   0: 0x80011486 (0x0000bfe5) c.j     pc - 8
core   0: 3 0x80011486 (0xbfe5)
core   0: 0x8001147e (0x00002f17) auipc   t5, 0x2
core   0: 3 0x8001147e (0x00002f17) x30 0x8001347e
core   0: 0x80011482 (0xb83f2123) sw      gp, -1150(t5)
core   0: 3 0x80011482 (0xb83f2123) mem 0x80013000 0x00000001
core   0: 0x80011486 (0x0000bfe5) c.j     pc - 8
core   0: 3 0x80011486 (0xbfe5)
core   0: 0x8001147e (0x00002f17) auipc   t5, 0x2
core   0: 3 0x8001147e (0x00002f17) x30 0x8001347e
core   0: 0x80011482 (0xb83f2123) sw      gp, -1150(t5)
core   0: 3 0x80011482 (0xb83f2123) mem 0x80013000 0x00000001
core   0: 0x80011486 (0x0000bfe5) c.j     pc - 8
core   0: 3 0x80011486 (0xbfe5)
core   0: 0x8001147e (0x00002f17) auipc   t5, 0x2
core   0: 3 0x8001147e (0x00002f17) x30 0x8001347e
core   0: 0x80011482 (0xb83f2123) sw      gp, -1150(t5)
core   0: 3 0x80011482 (0xb83f2123) mem 0x80013000 0x00000001
core   0: 0x80011486 (0x0000bfe5) c.j     pc - 8
core   0: 3 0x80011486 (0xbfe5)
core   0: 0x8001147e (0x00002f17) auipc   t5, 0x2
core   0: 3 0x8001147e (0x00002f17) x30 0x8001347e
core   0: 0x80011482 (0xb83f2123) sw      gp, -1150(t5)
core   0: 3 0x80011482 (0xb83f2123) mem 0x80013000 0x00000001
core   0: 0x80011486 (0x0000bfe5) c.j     pc - 8
core   0: 3 0x80011486 (0xbfe5)
core   0: 0x8001147e (0x00002f17) auipc   t5, 0x2
core   0: 3 0x8001147e (0x00002f17) x30 0x8001347e
core   0: 0x80011482 (0xb83f2123) sw      gp, -1150(t5)
core   0: 3 0x80011482 (0xb83f2123) mem 0x80013000 0x00000001
core   0: 0x80011486 (0x0000bfe5) c.j     pc - 8
core   0: 3 0x80011486 (0xbfe5)
core   0: 0x8001147e (0x00002f17) auipc   t5, 0x2
core   0: 3 0x8001147e (0x00002f17) x30 0x8001347e
core   0: 0x80011482 (0xb83f2123) sw      gp, -1150(t5)
core   0: 3 0x80011482 (0xb83f2123) mem 0x80013000 0x00000001
core   0: 0x80011486 (0x0000bfe5) c.j     pc - 8
core   0: 3 0x80011486 (0xbfe5)
core   0: 0x8001147e (0x00002f17) auipc   t5, 0x2
core   0: 3 0x8001147e (0x00002f17) x30 0x8001347e
core   0: 0x80011482 (0xb83f2123) sw      gp, -1150(t5)
core   0: 3 0x80011482 (0xb83f2123) mem 0x80013000 0x00000001
core   0: 0x80011486 (0x0000bfe5) c.j     pc - 8
core   0: 3 0x80011486 (0xbfe5)
core   0: 0x8001147e (0x00002f17) auipc   t5, 0x2
core   0: 3 0x8001147e (0x00002f17) x30 0x8001347e
core   0: 0x80011482 (0xb83f2123) sw      gp, -1150(t5)
core   0: 3 0x80011482 (0xb83f2123) mem 0x80013000 0x00000001
core   0: 0x80011486 (0x0000bfe5) c.j     pc - 8
core   0: 3 0x80011486 (0xbfe5)
core   0: 0x8001147e (0x00002f17) auipc   t5, 0x2
core   0: 3 0x8001147e (0x00002f17) x30 0x8001347e
core   0: 0x80011482 (0xb83f2123) sw      gp, -1150(t5)
core   0: 3 0x80011482 (0xb83f2123) mem 0x80013000 0x00000001
core   0: 0x80011486 (0x0000bfe5) c.j     pc - 8
core   0: 3 0x80011486 (0xbfe5)
core   0: 0x8001147e (0x00002f17) auipc   t5, 0x2
core   0: 3 0x8001147e (0x00002f17) x30 0x8001347e
core   0: 0x80011482 (0xb83f2123) sw      gp, -1150(t5)
core   0: 3 0x80011482 (0xb83f2123) mem 0x80013000 0x00000001
core   0: 0x80011486 (0x0000bfe5) c.j     pc - 8
core   0: 3 0x80011486 (0xbfe5)
core   0: 0x8001147e (0x00002f17) auipc   t5, 0x2
core   0: 3 0x8001147e (0x00002f17) x30 0x8001347e
core   0: 0x80011482 (0xb83f2123) sw      gp, -1150(t5)
core   0: 3 0x80011482 (0xb83f2123) mem 0x80013000 0x00000001
core   0: 0x80011486 (0x0000bfe5) c.j     pc - 8
core   0: 3 0x80011486 (0xbfe5)
core   0: 0x8001147e (0x00002f17) auipc   t5, 0x2
core   0: 3 0x8001147e (0x00002f17) x30 0x8001347e
core   0: 0x80011482 (0xb83f2123) sw      gp, -1150(t5)
core   0: 3 0x80011482 (0xb83f2123) mem 0x80013000 0x00000001
core   0: 0x80011486 (0x0000bfe5) c.j     pc - 8
core   0: 3 0x80011486 (0xbfe5)
core   0: 0x8001147e (0x00002f17) auipc   t5, 0x2
core   0: 3 0x8001147e (0x00002f17) x30 0x8001347e
core   0: 0x80011482 (0xb83f2123) sw      gp, -1150(t5)
core   0: 3 0x80011482 (0xb83f2123) mem 0x80013000 0x00000001
core   0: 0x80011486 (0x0000bfe5) c.j     pc - 8
core   0: 3 0x80011486 (0xbfe5)
core   0: 0x8001147e (0x00002f17) auipc   t5, 0x2
core   0: 3 0x8001147e (0x00002f17) x30 0x8001347e
core   0: 0x80011482 (0xb83f2123) sw      gp, -1150(t5)
core   0: 3 0x80011482 (0xb83f2123) mem 0x80013000 0x00000001
core   0: 0x80011486 (0x0000bfe5) c.j     pc - 8
core   0: 3 0x80011486 (0xbfe5)
core   0: 0x8001147e (0x00002f17) auipc   t5, 0x2
core   0: 3 0x8001147e (0x00002f17) x30 0x8001347e
core   0: 0x80011482 (0xb83f2123) sw      gp, -1150(t5)
core   0: 3 0x80011482 (0xb83f2123) mem 0x80013000 0x00000001
core   0: 0x80011486 (0x0000bfe5) c.j     pc - 8
core   0: 3 0x80011486 (0xbfe5)
core   0: 0x8001147e (0x00002f17) auipc   t5, 0x2
core   0: 3 0x8001147e (0x00002f17) x30 0x8001347e
core   0: 0x80011482 (0xb83f2123) sw      gp, -1150(t5)
core   0: 3 0x80011482 (0xb83f2123) mem 0x80013000 0x00000001
core   0: 0x80011486 (0x0000bfe5) c.j     pc - 8
core   0: 3 0x80011486 (0xbfe5)
core   0: 0x8001147e (0x00002f17) auipc   t5, 0x2
core   0: 3 0x8001147e (0x00002f17) x30 0x8001347e
core   0: 0x80011482 (0xb83f2123) sw      gp, -1150(t5)
core   0: 3 0x80011482 (0xb83f2123) mem 0x80013000 0x00000001
core   0: 0x80011486 (0x0000bfe5) c.j     pc - 8
core   0: 3 0x80011486 (0xbfe5)
core   0: 0x8001147e (0x00002f17) auipc   t5, 0x2
core   0: 3 0x8001147e (0x00002f17) x30 0x8001347e
core   0: 0x80011482 (0xb83f2123) sw      gp, -1150(t5)
core   0: 3 0x80011482 (0xb83f2123) mem 0x80013000 0x00000001
core   0: 0x80011486 (0x0000bfe5) c.j     pc - 8
core   0: 3 0x80011486 (0xbfe5)
core   0: 0x8001147e (0x00002f17) auipc   t5, 0x2
core   0: 3 0x8001147e (0x00002f17) x30 0x8001347e
core   0: 0x80011482 (0xb83f2123) sw      gp, -1150(t5)
core   0: 3 0x80011482 (0xb83f2123) mem 0x80013000 0x00000001
core   0: 0x80011486 (0x0000bfe5) c.j     pc - 8
core   0: 3 0x80011486 (0xbfe5)
core   0: 0x8001147e (0x00002f17) auipc   t5, 0x2
core   0: 3 0x8001147e (0x00002f17) x30 0x8001347e
core   0: 0x80011482 (0xb83f2123) sw      gp, -1150(t5)
core   0: 3 0x80011482 (0xb83f2123) mem 0x80013000 0x00000001
core   0: 0x80011486 (0x0000bfe5) c.j     pc - 8
core   0: 3 0x80011486 (0xbfe5)
core   0: 0x8001147e (0x00002f17) auipc   t5, 0x2
core   0: 3 0x8001147e (0x00002f17) x30 0x8001347e
core   0: 0x80011482 (0xb83f2123) sw      gp, -1150(t5)
core   0: 3 0x80011482 (0xb83f2123) mem 0x80013000 0x00000001
core   0: 0x80011486 (0x0000bfe5) c.j     pc - 8
core   0: 3 0x80011486 (0xbfe5)
core   0: 0x8001147e (0x00002f17) auipc   t5, 0x2
core   0: 3 0x8001147e (0x00002f17) x30 0x8001347e
core   0: 0x80011482 (0xb83f2123) sw      gp, -1150(t5)
core   0: 3 0x80011482 (0xb83f2123) mem 0x80013000 0x00000001
core   0: 0x80011486 (0x0000bfe5) c.j     pc - 8
core   0: 3 0x80011486 (0xbfe5)
core   0: 0x8001147e (0x00002f17) auipc   t5, 0x2
core   0: 3 0x8001147e (0x00002f17) x30 0x8001347e
core   0: 0x80011482 (0xb83f2123) sw      gp, -1150(t5)
core   0: 3 0x80011482 (0xb83f2123) mem 0x80013000 0x00000001
core   0: 0x80011486 (0x0000bfe5) c.j     pc - 8
core   0: 3 0x80011486 (0xbfe5)
core   0: 0x8001147e (0x00002f17) auipc   t5, 0x2
core   0: 3 0x8001147e (0x00002f17) x30 0x8001347e
core   0: 0x80011482 (0xb83f2123) sw      gp, -1150(t5)
core   0: 3 0x80011482 (0xb83f2123) mem 0x80013000 0x00000001
core   0: 0x80011486 (0x0000bfe5) c.j     pc - 8
core   0: 3 0x80011486 (0xbfe5)
core   0: 0x8001147e (0x00002f17) auipc   t5, 0x2
core   0: 3 0x8001147e (0x00002f17) x30 0x8001347e
core   0: 0x80011482 (0xb83f2123) sw      gp, -1150(t5)
core   0: 3 0x80011482 (0xb83f2123) mem 0x80013000 0x00000001
core   0: 0x80011486 (0x0000bfe5) c.j     pc - 8
core   0: 3 0x80011486 (0xbfe5)
core   0: 0x8001147e (0x00002f17) auipc   t5, 0x2
core   0: 3 0x8001147e (0x00002f17) x30 0x8001347e
core   0: 0x80011482 (0xb83f2123) sw      gp, -1150(t5)
core   0: 3 0x80011482 (0xb83f2123) mem 0x80013000 0x00000001
core   0: 0x80011486 (0x0000bfe5) c.j     pc - 8
core   0: 3 0x80011486 (0xbfe5)
core   0: 0x8001147e (0x00002f17) auipc   t5, 0x2
core   0: 3 0x8001147e (0x00002f17) x30 0x8001347e
core   0: 0x80011482 (0xb83f2123) sw      gp, -1150(t5)
core   0: 3 0x80011482 (0xb83f2123) mem 0x80013000 0x00000001
core   0: 0x80011486 (0x0000bfe5) c.j     pc - 8
core   0: 3 0x80011486 (0xbfe5)
core   0: 0x8001147e (0x00002f17) auipc   t5, 0x2
core   0: 3 0x8001147e (0x00002f17) x30 0x8001347e
core   0: 0x80011482 (0xb83f2123) sw      gp, -1150(t5)
core   0: 3 0x80011482 (0xb83f2123) mem 0x80013000 0x00000001
core   0: 0x80011486 (0x0000bfe5) c.j     pc - 8
core   0: 3 0x80011486 (0xbfe5)
core   0: 0x8001147e (0x00002f17) auipc   t5, 0x2
core   0: 3 0x8001147e (0x00002f17) x30 0x8001347e
core   0: 0x80011482 (0xb83f2123) sw      gp, -1150(t5)
core   0: 3 0x80011482 (0xb83f2123) mem 0x80013000 0x00000001
core   0: 0x80011486 (0x0000bfe5) c.j     pc - 8
core   0: 3 0x80011486 (0xbfe5)
core   0: 0x8001147e (0x00002f17) auipc   t5, 0x2
core   0: 3 0x8001147e (0x00002f17) x30 0x8001347e
core   0: 0x80011482 (0xb83f2123) sw      gp, -1150(t5)
core   0: 3 0x80011482 (0xb83f2123) mem 0x80013000 0x00000001
core   0: 0x80011486 (0x0000bfe5) c.j     pc - 8
core   0: 3 0x80011486 (0xbfe5)
core   0: 0x8001147e (0x00002f17) auipc   t5, 0x2
core   0: 3 0x8001147e (0x00002f17) x30 0x8001347e
core   0: 0x80011482 (0xb83f2123) sw      gp, -1150(t5)
core   0: 3 0x80011482 (0xb83f2123) mem 0x80013000 0x00000001
core   0: 0x80011486 (0x0000bfe5) c.j     pc - 8
core   0: 3 0x80011486 (0xbfe5)
core   0: 0x8001147e (0x00002f17) auipc   t5, 0x2
core   0: 3 0x8001147e (0x00002f17) x30 0x8001347e
core   0: 0x80011482 (0xb83f2123) sw      gp, -1150(t5)
core   0: 3 0x80011482 (0xb83f2123) mem 0x80013000 0x00000001
core   0: 0x80011486 (0x0000bfe5) c.j     pc - 8
core   0: 3 0x80011486 (0xbfe5)
core   0: 0x8001147e (0x00002f17) auipc   t5, 0x2
core   0: 3 0x8001147e (0x00002f17) x30 0x8001347e
core   0: 0x80011482 (0xb83f2123) sw      gp, -1150(t5)
core   0: 3 0x80011482 (0xb83f2123) mem 0x80013000 0x00000001
core   0: 0x80011486 (0x0000bfe5) c.j     pc - 8
core   0: 3 0x80011486 (0xbfe5)
core   0: 0x8001147e (0x00002f17) auipc   t5, 0x2
core   0: 3 0x8001147e (0x00002f17) x30 0x8001347e
core   0: 0x80011482 (0xb83f2123) sw      gp, -1150(t5)
core   0: 3 0x80011482 (0xb83f2123) mem 0x80013000 0x00000001
core   0: 0x80011486 (0x0000bfe5) c.j     pc - 8
core   0: 3 0x80011486 (0xbfe5)
core   0: 0x8001147e (0x00002f17) auipc   t5, 0x2
core   0: 3 0x8001147e (0x00002f17) x30 0x8001347e
core   0: 0x80011482 (0xb83f2123) sw      gp, -1150(t5)
core   0: 3 0x80011482 (0xb83f2123) mem 0x80013000 0x00000001
core   0: 0x80011486 (0x0000bfe5) c.j     pc - 8
core   0: 3 0x80011486 (0xbfe5)
core   0: 0x8001147e (0x00002f17) auipc   t5, 0x2
core   0: 3 0x8001147e (0x00002f17) x30 0x8001347e
core   0: 0x80011482 (0xb83f2123) sw      gp, -1150(t5)
core   0: 3 0x80011482 (0xb83f2123) mem 0x80013000 0x00000001
core   0: 0x80011486 (0x0000bfe5) c.j     pc - 8
core   0: 3 0x80011486 (0xbfe5)
core   0: 0x8001147e (0x00002f17) auipc   t5, 0x2
core   0: 3 0x8001147e (0x00002f17) x30 0x8001347e
core   0: 0x80011482 (0xb83f2123) sw      gp, -1150(t5)
core   0: 3 0x80011482 (0xb83f2123) mem 0x80013000 0x00000001
core   0: 0x80011486 (0x0000bfe5) c.j     pc - 8
core   0: 3 0x80011486 (0xbfe5)
core   0: 0x8001147e (0x00002f17) auipc   t5, 0x2
core   0: 3 0x8001147e (0x00002f17) x30 0x8001347e
core   0: 0x80011482 (0xb83f2123) sw      gp, -1150(t5)
core   0: 3 0x80011482 (0xb83f2123) mem 0x80013000 0x00000001
core   0: 0x80011486 (0x0000bfe5) c.j     pc - 8
core   0: 3 0x80011486 (0xbfe5)
core   0: 0x8001147e (0x00002f17) auipc   t5, 0x2
core   0: 3 0x8001147e (0x00002f17) x30 0x8001347e
core   0: 0x80011482 (0xb83f2123) sw      gp, -1150(t5)
core   0: 3 0x80011482 (0xb83f2123) mem 0x80013000 0x00000001
core   0: 0x80011486 (0x0000bfe5) c.j     pc - 8
core   0: 3 0x80011486 (0xbfe5)
core   0: 0x8001147e (0x00002f17) auipc   t5, 0x2
core   0: 3 0x8001147e (0x00002f17) x30 0x8001347e
core   0: 0x80011482 (0xb83f2123) sw      gp, -1150(t5)
core   0: 3 0x80011482 (0xb83f2123) mem 0x80013000 0x00000001
core   0: 0x80011486 (0x0000bfe5) c.j     pc - 8
core   0: 3 0x80011486 (0xbfe5)
core   0: 0x8001147e (0x00002f17) auipc   t5, 0x2
core   0: 3 0x8001147e (0x00002f17) x30 0x8001347e
core   0: 0x80011482 (0xb83f2123) sw      gp, -1150(t5)
core   0: 3 0x80011482 (0xb83f2123) mem 0x80013000 0x00000001
core   0: 0x80011486 (0x0000bfe5) c.j     pc - 8
core   0: 3 0x80011486 (0xbfe5)
core   0: 0x8001147e (0x00002f17) auipc   t5, 0x2
core   0: 3 0x8001147e (0x00002f17) x30 0x8001347e
core   0: 0x80011482 (0xb83f2123) sw      gp, -1150(t5)
core   0: 3 0x80011482 (0xb83f2123) mem 0x80013000 0x00000001
core   0: 0x80011486 (0x0000bfe5) c.j     pc - 8
core   0: 3 0x80011486 (0xbfe5)
core   0: 0x8001147e (0x00002f17) auipc   t5, 0x2
core   0: 3 0x8001147e (0x00002f17) x30 0x8001347e
core   0: 0x80011482 (0xb83f2123) sw      gp, -1150(t5)
core   0: 3 0x80011482 (0xb83f2123) mem 0x80013000 0x00000001
core   0: 0x80011486 (0x0000bfe5) c.j     pc - 8
core   0: 3 0x80011486 (0xbfe5)
core   0: 0x8001147e (0x00002f17) auipc   t5, 0x2
core   0: 3 0x8001147e (0x00002f17) x30 0x8001347e
core   0: 0x80011482 (0xb83f2123) sw      gp, -1150(t5)
core   0: 3 0x80011482 (0xb83f2123) mem 0x80013000 0x00000001
core   0: 0x80011486 (0x0000bfe5) c.j     pc - 8
core   0: 3 0x80011486 (0xbfe5)
core   0: 0x8001147e (0x00002f17) auipc   t5, 0x2
core   0: 3 0x8001147e (0x00002f17) x30 0x8001347e
core   0: 0x80011482 (0xb83f2123) sw      gp, -1150(t5)
core   0: 3 0x80011482 (0xb83f2123) mem 0x80013000 0x00000001
core   0: 0x80011486 (0x0000bfe5) c.j     pc - 8
core   0: 3 0x80011486 (0xbfe5)
core   0: 0x8001147e (0x00002f17) auipc   t5, 0x2
core   0: 3 0x8001147e (0x00002f17) x30 0x8001347e
core   0: 0x80011482 (0xb83f2123) sw      gp, -1150(t5)
core   0: 3 0x80011482 (0xb83f2123) mem 0x80013000 0x00000001
core   0: 0x80011486 (0x0000bfe5) c.j     pc - 8
core   0: 3 0x80011486 (0xbfe5)
core   0: 0x8001147e (0x00002f17) auipc   t5, 0x2
core   0: 3 0x8001147e (0x00002f17) x30 0x8001347e
core   0: 0x80011482 (0xb83f2123) sw      gp, -1150(t5)
core   0: 3 0x80011482 (0xb83f2123) mem 0x80013000 0x00000001
core   0: 0x80011486 (0x0000bfe5) c.j     pc - 8
core   0: 3 0x80011486 (0xbfe5)
core   0: 0x8001147e (0x00002f17) auipc   t5, 0x2
core   0: 3 0x8001147e (0x00002f17) x30 0x8001347e
core   0: 0x80011482 (0xb83f2123) sw      gp, -1150(t5)
core   0: 3 0x80011482 (0xb83f2123) mem 0x80013000 0x00000001
core   0: 0x80011486 (0x0000bfe5) c.j     pc - 8
core   0: 3 0x80011486 (0xbfe5)
core   0: 0x8001147e (0x00002f17) auipc   t5, 0x2
core   0: 3 0x8001147e (0x00002f17) x30 0x8001347e
core   0: 0x80011482 (0xb83f2123) sw      gp, -1150(t5)
core   0: 3 0x80011482 (0xb83f2123) mem 0x80013000 0x00000001
core   0: 0x80011486 (0x0000bfe5) c.j     pc - 8
core   0: 3 0x80011486 (0xbfe5)
core   0: 0x8001147e (0x00002f17) auipc   t5, 0x2
core   0: 3 0x8001147e (0x00002f17) x30 0x8001347e
core   0: 0x80011482 (0xb83f2123) sw      gp, -1150(t5)
core   0: 3 0x80011482 (0xb83f2123) mem 0x80013000 0x00000001
core   0: 0x80011486 (0x0000bfe5) c.j     pc - 8
core   0: 3 0x80011486 (0xbfe5)
core   0: 0x8001147e (0x00002f17) auipc   t5, 0x2
core   0: 3 0x8001147e (0x00002f17) x30 0x8001347e
core   0: 0x80011482 (0xb83f2123) sw      gp, -1150(t5)
core   0: 3 0x80011482 (0xb83f2123) mem 0x80013000 0x00000001
core   0: 0x80011486 (0x0000bfe5) c.j     pc - 8
core   0: 3 0x80011486 (0xbfe5)
core   0: 0x8001147e (0x00002f17) auipc   t5, 0x2
core   0: 3 0x8001147e (0x00002f17) x30 0x8001347e
core   0: 0x80011482 (0xb83f2123) sw      gp, -1150(t5)
core   0: 3 0x80011482 (0xb83f2123) mem 0x80013000 0x00000001
core   0: 0x80011486 (0x0000bfe5) c.j     pc - 8
core   0: 3 0x80011486 (0xbfe5)
core   0: 0x8001147e (0x00002f17) auipc   t5, 0x2
core   0: 3 0x8001147e (0x00002f17) x30 0x8001347e
core   0: 0x80011482 (0xb83f2123) sw      gp, -1150(t5)
core   0: 3 0x80011482 (0xb83f2123) mem 0x80013000 0x00000001
core   0: 0x80011486 (0x0000bfe5) c.j     pc - 8
core   0: 3 0x80011486 (0xbfe5)
core   0: 0x8001147e (0x00002f17) auipc   t5, 0x2
core   0: 3 0x8001147e (0x00002f17) x30 0x8001347e
core   0: 0x80011482 (0xb83f2123) sw      gp, -1150(t5)
core   0: 3 0x80011482 (0xb83f2123) mem 0x80013000 0x00000001
core   0: 0x80011486 (0x0000bfe5) c.j     pc - 8
core   0: 3 0x80011486 (0xbfe5)
core   0: 0x8001147e (0x00002f17) auipc   t5, 0x2
core   0: 3 0x8001147e (0x00002f17) x30 0x8001347e
core   0: 0x80011482 (0xb83f2123) sw      gp, -1150(t5)
core   0: 3 0x80011482 (0xb83f2123) mem 0x80013000 0x00000001
core   0: 0x80011486 (0x0000bfe5) c.j     pc - 8
core   0: 3 0x80011486 (0xbfe5)
core   0: 0x8001147e (0x00002f17) auipc   t5, 0x2
core   0: 3 0x8001147e (0x00002f17) x30 0x8001347e
core   0: 0x80011482 (0xb83f2123) sw      gp, -1150(t5)
core   0: 3 0x80011482 (0xb83f2123) mem 0x80013000 0x00000001
core   0: 0x80011486 (0x0000bfe5) c.j     pc - 8
core   0: 3 0x80011486 (0xbfe5)
core   0: 0x8001147e (0x00002f17) auipc   t5, 0x2
core   0: 3 0x8001147e (0x00002f17) x30 0x8001347e
core   0: 0x80011482 (0xb83f2123) sw      gp, -1150(t5)
core   0: 3 0x80011482 (0xb83f2123) mem 0x80013000 0x00000001
core   0: 0x80011486 (0x0000bfe5) c.j     pc - 8
core   0: 3 0x80011486 (0xbfe5)
core   0: 0x8001147e (0x00002f17) auipc   t5, 0x2
core   0: 3 0x8001147e (0x00002f17) x30 0x8001347e
core   0: 0x80011482 (0xb83f2123) sw      gp, -1150(t5)
core   0: 3 0x80011482 (0xb83f2123) mem 0x80013000 0x00000001
core   0: 0x80011486 (0x0000bfe5) c.j     pc - 8
core   0: 3 0x80011486 (0xbfe5)
core   0: 0x8001147e (0x00002f17) auipc   t5, 0x2
core   0: 3 0x8001147e (0x00002f17) x30 0x8001347e
core   0: 0x80011482 (0xb83f2123) sw      gp, -1150(t5)
core   0: 3 0x80011482 (0xb83f2123) mem 0x80013000 0x00000001
core   0: 0x80011486 (0x0000bfe5) c.j     pc - 8
core   0: 3 0x80011486 (0xbfe5)
core   0: 0x8001147e (0x00002f17) auipc   t5, 0x2
core   0: 3 0x8001147e (0x00002f17) x30 0x8001347e
core   0: 0x80011482 (0xb83f2123) sw      gp, -1150(t5)
core   0: 3 0x80011482 (0xb83f2123) mem 0x80013000 0x00000001
core   0: 0x80011486 (0x0000bfe5) c.j     pc - 8
core   0: 3 0x80011486 (0xbfe5)
core   0: 0x8001147e (0x00002f17) auipc   t5, 0x2
core   0: 3 0x8001147e (0x00002f17) x30 0x8001347e
core   0: 0x80011482 (0xb83f2123) sw      gp, -1150(t5)
core   0: 3 0x80011482 (0xb83f2123) mem 0x80013000 0x00000001
core   0: 0x80011486 (0x0000bfe5) c.j     pc - 8
core   0: 3 0x80011486 (0xbfe5)
core   0: 0x8001147e (0x00002f17) auipc   t5, 0x2
core   0: 3 0x8001147e (0x00002f17) x30 0x8001347e
core   0: 0x80011482 (0xb83f2123) sw      gp, -1150(t5)
core   0: 3 0x80011482 (0xb83f2123) mem 0x80013000 0x00000001
core   0: 0x80011486 (0x0000bfe5) c.j     pc - 8
core   0: 3 0x80011486 (0xbfe5)
core   0: 0x8001147e (0x00002f17) auipc   t5, 0x2
core   0: 3 0x8001147e (0x00002f17) x30 0x8001347e
core   0: 0x80011482 (0xb83f2123) sw      gp, -1150(t5)
core   0: 3 0x80011482 (0xb83f2123) mem 0x80013000 0x00000001
core   0: 0x80011486 (0x0000bfe5) c.j     pc - 8
core   0: 3 0x80011486 (0xbfe5)
core   0: 0x8001147e (0x00002f17) auipc   t5, 0x2
core   0: 3 0x8001147e (0x00002f17) x30 0x8001347e
core   0: 0x80011482 (0xb83f2123) sw      gp, -1150(t5)
core   0: 3 0x80011482 (0xb83f2123) mem 0x80013000 0x00000001
core   0: 0x80011486 (0x0000bfe5) c.j     pc - 8
core   0: 3 0x80011486 (0xbfe5)
core   0: 0x8001147e (0x00002f17) auipc   t5, 0x2
core   0: 3 0x8001147e (0x00002f17) x30 0x8001347e
core   0: 0x80011482 (0xb83f2123) sw      gp, -1150(t5)
core   0: 3 0x80011482 (0xb83f2123) mem 0x80013000 0x00000001
core   0: 0x80011486 (0x0000bfe5) c.j     pc - 8
core   0: 3 0x80011486 (0xbfe5)
core   0: 0x8001147e (0x00002f17) auipc   t5, 0x2
core   0: 3 0x8001147e (0x00002f17) x30 0x8001347e
core   0: 0x80011482 (0xb83f2123) sw      gp, -1150(t5)
core   0: 3 0x80011482 (0xb83f2123) mem 0x80013000 0x00000001
core   0: 0x80011486 (0x0000bfe5) c.j     pc - 8
core   0: 3 0x80011486 (0xbfe5)
core   0: 0x8001147e (0x00002f17) auipc   t5, 0x2
core   0: 3 0x8001147e (0x00002f17) x30 0x8001347e
core   0: 0x80011482 (0xb83f2123) sw      gp, -1150(t5)
core   0: 3 0x80011482 (0xb83f2123) mem 0x80013000 0x00000001
core   0: 0x80011486 (0x0000bfe5) c.j     pc - 8
core   0: 3 0x80011486 (0xbfe5)
core   0: 0x8001147e (0x00002f17) auipc   t5, 0x2
core   0: 3 0x8001147e (0x00002f17) x30 0x8001347e
core   0: 0x80011482 (0xb83f2123) sw      gp, -1150(t5)
core   0: 3 0x80011482 (0xb83f2123) mem 0x80013000 0x00000001
core   0: 0x80011486 (0x0000bfe5) c.j     pc - 8
core   0: 3 0x80011486 (0xbfe5)
core   0: 0x8001147e (0x00002f17) auipc   t5, 0x2
core   0: 3 0x8001147e (0x00002f17) x30 0x8001347e
core   0: 0x80011482 (0xb83f2123) sw      gp, -1150(t5)
core   0: 3 0x80011482 (0xb83f2123) mem 0x80013000 0x00000001
core   0: 0x80011486 (0x0000bfe5) c.j     pc - 8
core   0: 3 0x80011486 (0xbfe5)
core   0: 0x8001147e (0x00002f17) auipc   t5, 0x2
core   0: 3 0x8001147e (0x00002f17) x30 0x8001347e
core   0: 0x80011482 (0xb83f2123) sw      gp, -1150(t5)
core   0: 3 0x80011482 (0xb83f2123) mem 0x80013000 0x00000001
core   0: 0x80011486 (0x0000bfe5) c.j     pc - 8
core   0: 3 0x80011486 (0xbfe5)
core   0: 0x8001147e (0x00002f17) auipc   t5, 0x2
core   0: 3 0x8001147e (0x00002f17) x30 0x8001347e
core   0: 0x80011482 (0xb83f2123) sw      gp, -1150(t5)
core   0: 3 0x80011482 (0xb83f2123) mem 0x80013000 0x00000001
core   0: 0x80011486 (0x0000bfe5) c.j     pc - 8
core   0: 3 0x80011486 (0xbfe5)
core   0: 0x8001147e (0x00002f17) auipc   t5, 0x2
core   0: 3 0x8001147e (0x00002f17) x30 0x8001347e
core   0: 0x80011482 (0xb83f2123) sw      gp, -1150(t5)
core   0: 3 0x80011482 (0xb83f2123) mem 0x80013000 0x00000001
core   0: 0x80011486 (0x0000bfe5) c.j     pc - 8
core   0: 3 0x80011486 (0xbfe5)
core   0: 0x8001147e (0x00002f17) auipc   t5, 0x2
core   0: 3 0x8001147e (0x00002f17) x30 0x8001347e
core   0: 0x80011482 (0xb83f2123) sw      gp, -1150(t5)
core   0: 3 0x80011482 (0xb83f2123) mem 0x80013000 0x00000001
core   0: 0x80011486 (0x0000bfe5) c.j     pc - 8
core   0: 3 0x80011486 (0xbfe5)
core   0: 0x8001147e (0x00002f17) auipc   t5, 0x2
core   0: 3 0x8001147e (0x00002f17) x30 0x8001347e
core   0: 0x80011482 (0xb83f2123) sw      gp, -1150(t5)
core   0: 3 0x80011482 (0xb83f2123) mem 0x80013000 0x00000001
core   0: 0x80011486 (0x0000bfe5) c.j     pc - 8
core   0: 3 0x80011486 (0xbfe5)
core   0: 0x8001147e (0x00002f17) auipc   t5, 0x2
core   0: 3 0x8001147e (0x00002f17) x30 0x8001347e
core   0: 0x80011482 (0xb83f2123) sw      gp, -1150(t5)
core   0: 3 0x80011482 (0xb83f2123) mem 0x80013000 0x00000001
core   0: 0x80011486 (0x0000bfe5) c.j     pc - 8
core   0: 3 0x80011486 (0xbfe5)
core   0: 0x8001147e (0x00002f17) auipc   t5, 0x2
core   0: 3 0x8001147e (0x00002f17) x30 0x8001347e
core   0: 0x80011482 (0xb83f2123) sw      gp, -1150(t5)
core   0: 3 0x80011482 (0xb83f2123) mem 0x80013000 0x00000001
core   0: 0x80011486 (0x0000bfe5) c.j     pc - 8
core   0: 3 0x80011486 (0xbfe5)
core   0: 0x8001147e (0x00002f17) auipc   t5, 0x2
core   0: 3 0x8001147e (0x00002f17) x30 0x8001347e
core   0: 0x80011482 (0xb83f2123) sw      gp, -1150(t5)
core   0: 3 0x80011482 (0xb83f2123) mem 0x80013000 0x00000001
core   0: 0x80011486 (0x0000bfe5) c.j     pc - 8
core   0: 3 0x80011486 (0xbfe5)
core   0: 0x8001147e (0x00002f17) auipc   t5, 0x2
core   0: 3 0x8001147e (0x00002f17) x30 0x8001347e
core   0: 0x80011482 (0xb83f2123) sw      gp, -1150(t5)
core   0: 3 0x80011482 (0xb83f2123) mem 0x80013000 0x00000001
core   0: 0x80011486 (0x0000bfe5) c.j     pc - 8
core   0: 3 0x80011486 (0xbfe5)
core   0: 0x8001147e (0x00002f17) auipc   t5, 0x2
core   0: 3 0x8001147e (0x00002f17) x30 0x8001347e
core   0: 0x80011482 (0xb83f2123) sw      gp, -1150(t5)
core   0: 3 0x80011482 (0xb83f2123) mem 0x80013000 0x00000001
core   0: 0x80011486 (0x0000bfe5) c.j     pc - 8
core   0: 3 0x80011486 (0xbfe5)
core   0: 0x8001147e (0x00002f17) auipc   t5, 0x2
core   0: 3 0x8001147e (0x00002f17) x30 0x8001347e
core   0: 0x80011482 (0xb83f2123) sw      gp, -1150(t5)
core   0: 3 0x80011482 (0xb83f2123) mem 0x80013000 0x00000001
core   0: 0x80011486 (0x0000bfe5) c.j     pc - 8
core   0: 3 0x80011486 (0xbfe5)
core   0: 0x8001147e (0x00002f17) auipc   t5, 0x2
core   0: 3 0x8001147e (0x00002f17) x30 0x8001347e
core   0: 0x80011482 (0xb83f2123) sw      gp, -1150(t5)
core   0: 3 0x80011482 (0xb83f2123) mem 0x80013000 0x00000001
core   0: 0x80011486 (0x0000bfe5) c.j     pc - 8
core   0: 3 0x80011486 (0xbfe5)
core   0: 0x8001147e (0x00002f17) auipc   t5, 0x2
core   0: 3 0x8001147e (0x00002f17) x30 0x8001347e
core   0: 0x80011482 (0xb83f2123) sw      gp, -1150(t5)
core   0: 3 0x80011482 (0xb83f2123) mem 0x80013000 0x00000001
core   0: 0x80011486 (0x0000bfe5) c.j     pc - 8
core   0: 3 0x80011486 (0xbfe5)
core   0: 0x8001147e (0x00002f17) auipc   t5, 0x2
core   0: 3 0x8001147e (0x00002f17) x30 0x8001347e
core   0: 0x80011482 (0xb83f2123) sw      gp, -1150(t5)
core   0: 3 0x80011482 (0xb83f2123) mem 0x80013000 0x00000001
core   0: 0x80011486 (0x0000bfe5) c.j     pc - 8
core   0: 3 0x80011486 (0xbfe5)
core   0: 0x8001147e (0x00002f17) auipc   t5, 0x2
core   0: 3 0x8001147e (0x00002f17) x30 0x8001347e
core   0: 0x80011482 (0xb83f2123) sw      gp, -1150(t5)
core   0: 3 0x80011482 (0xb83f2123) mem 0x80013000 0x00000001
core   0: 0x80011486 (0x0000bfe5) c.j     pc - 8
core   0: 3 0x80011486 (0xbfe5)
core   0: 0x8001147e (0x00002f17) auipc   t5, 0x2
core   0: 3 0x8001147e (0x00002f17) x30 0x8001347e
core   0: 0x80011482 (0xb83f2123) sw      gp, -1150(t5)
core   0: 3 0x80011482 (0xb83f2123) mem 0x80013000 0x00000001
core   0: 0x80011486 (0x0000bfe5) c.j     pc - 8
core   0: 3 0x80011486 (0xbfe5)
core   0: 0x8001147e (0x00002f17) auipc   t5, 0x2
core   0: 3 0x8001147e (0x00002f17) x30 0x8001347e
core   0: 0x80011482 (0xb83f2123) sw      gp, -1150(t5)
core   0: 3 0x80011482 (0xb83f2123) mem 0x80013000 0x00000001
core   0: 0x80011486 (0x0000bfe5) c.j     pc - 8
core   0: 3 0x80011486 (0xbfe5)
core   0: 0x8001147e (0x00002f17) auipc   t5, 0x2
core   0: 3 0x8001147e (0x00002f17) x30 0x8001347e
core   0: 0x80011482 (0xb83f2123) sw      gp, -1150(t5)
core   0: 3 0x80011482 (0xb83f2123) mem 0x80013000 0x00000001
core   0: 0x80011486 (0x0000bfe5) c.j     pc - 8
core   0: 3 0x80011486 (0xbfe5)
core   0: 0x8001147e (0x00002f17) auipc   t5, 0x2
core   0: 3 0x8001147e (0x00002f17) x30 0x8001347e
core   0: 0x80011482 (0xb83f2123) sw      gp, -1150(t5)
core   0: 3 0x80011482 (0xb83f2123) mem 0x80013000 0x00000001
core   0: 0x80011486 (0x0000bfe5) c.j     pc - 8
core   0: 3 0x80011486 (0xbfe5)
core   0: 0x8001147e (0x00002f17) auipc   t5, 0x2
core   0: 3 0x8001147e (0x00002f17) x30 0x8001347e
core   0: 0x80011482 (0xb83f2123) sw      gp, -1150(t5)
core   0: 3 0x80011482 (0xb83f2123) mem 0x80013000 0x00000001
core   0: 0x80011486 (0x0000bfe5) c.j     pc - 8
core   0: 3 0x80011486 (0xbfe5)
core   0: 0x8001147e (0x00002f17) auipc   t5, 0x2
core   0: 3 0x8001147e (0x00002f17) x30 0x8001347e
core   0: 0x80011482 (0xb83f2123) sw      gp, -1150(t5)
core   0: 3 0x80011482 (0xb83f2123) mem 0x80013000 0x00000001
core   0: 0x80011486 (0x0000bfe5) c.j     pc - 8
core   0: 3 0x80011486 (0xbfe5)
core   0: 0x8001147e (0x00002f17) auipc   t5, 0x2
core   0: 3 0x8001147e (0x00002f17) x30 0x8001347e
core   0: 0x80011482 (0xb83f2123) sw      gp, -1150(t5)
core   0: 3 0x80011482 (0xb83f2123) mem 0x80013000 0x00000001
core   0: 0x80011486 (0x0000bfe5) c.j     pc - 8
core   0: 3 0x80011486 (0xbfe5)
core   0: 0x8001147e (0x00002f17) auipc   t5, 0x2
core   0: 3 0x8001147e (0x00002f17) x30 0x8001347e
core   0: 0x80011482 (0xb83f2123) sw      gp, -1150(t5)
core   0: 3 0x80011482 (0xb83f2123) mem 0x80013000 0x00000001
core   0: 0x80011486 (0x0000bfe5) c.j     pc - 8
core   0: 3 0x80011486 (0xbfe5)
core   0: 0x8001147e (0x00002f17) auipc   t5, 0x2
core   0: 3 0x8001147e (0x00002f17) x30 0x8001347e
core   0: 0x80011482 (0xb83f2123) sw      gp, -1150(t5)
core   0: 3 0x80011482 (0xb83f2123) mem 0x80013000 0x00000001
core   0: 0x80011486 (0x0000bfe5) c.j     pc - 8
core   0: 3 0x80011486 (0xbfe5)
core   0: 0x8001147e (0x00002f17) auipc   t5, 0x2
core   0: 3 0x8001147e (0x00002f17) x30 0x8001347e
core   0: 0x80011482 (0xb83f2123) sw      gp, -1150(t5)
core   0: 3 0x80011482 (0xb83f2123) mem 0x80013000 0x00000001
core   0: 0x80011486 (0x0000bfe5) c.j     pc - 8
core   0: 3 0x80011486 (0xbfe5)
core   0: 0x8001147e (0x00002f17) auipc   t5, 0x2
core   0: 3 0x8001147e (0x00002f17) x30 0x8001347e
core   0: 0x80011482 (0xb83f2123) sw      gp, -1150(t5)
core   0: 3 0x80011482 (0xb83f2123) mem 0x80013000 0x00000001
core   0: 0x80011486 (0x0000bfe5) c.j     pc - 8
core   0: 3 0x80011486 (0xbfe5)
core   0: 0x8001147e (0x00002f17) auipc   t5, 0x2
core   0: 3 0x8001147e (0x00002f17) x30 0x8001347e
core   0: 0x80011482 (0xb83f2123) sw      gp, -1150(t5)
core   0: 3 0x80011482 (0xb83f2123) mem 0x80013000 0x00000001
core   0: 0x80011486 (0x0000bfe5) c.j     pc - 8
core   0: 3 0x80011486 (0xbfe5)
core   0: 0x8001147e (0x00002f17) auipc   t5, 0x2
core   0: 3 0x8001147e (0x00002f17) x30 0x8001347e
core   0: 0x80011482 (0xb83f2123) sw      gp, -1150(t5)
core   0: 3 0x80011482 (0xb83f2123) mem 0x80013000 0x00000001
core   0: 0x80011486 (0x0000bfe5) c.j     pc - 8
core   0: 3 0x80011486 (0xbfe5)
core   0: 0x8001147e (0x00002f17) auipc   t5, 0x2
core   0: 3 0x8001147e (0x00002f17) x30 0x8001347e
core   0: 0x80011482 (0xb83f2123) sw      gp, -1150(t5)
core   0: 3 0x80011482 (0xb83f2123) mem 0x80013000 0x00000001
core   0: 0x80011486 (0x0000bfe5) c.j     pc - 8
core   0: 3 0x80011486 (0xbfe5)
core   0: 0x8001147e (0x00002f17) auipc   t5, 0x2
core   0: 3 0x8001147e (0x00002f17) x30 0x8001347e
core   0: 0x80011482 (0xb83f2123) sw      gp, -1150(t5)
core   0: 3 0x80011482 (0xb83f2123) mem 0x80013000 0x00000001
core   0: 0x80011486 (0x0000bfe5) c.j     pc - 8
core   0: 3 0x80011486 (0xbfe5)
core   0: 0x8001147e (0x00002f17) auipc   t5, 0x2
core   0: 3 0x8001147e (0x00002f17) x30 0x8001347e
core   0: 0x80011482 (0xb83f2123) sw      gp, -1150(t5)
core   0: 3 0x80011482 (0xb83f2123) mem 0x80013000 0x00000001
core   0: 0x80011486 (0x0000bfe5) c.j     pc - 8
core   0: 3 0x80011486 (0xbfe5)
core   0: 0x8001147e (0x00002f17) auipc   t5, 0x2
core   0: 3 0x8001147e (0x00002f17) x30 0x8001347e
core   0: 0x80011482 (0xb83f2123) sw      gp, -1150(t5)
core   0: 3 0x80011482 (0xb83f2123) mem 0x80013000 0x00000001
core   0: 0x80011486 (0x0000bfe5) c.j     pc - 8
core   0: 3 0x80011486 (0xbfe5)
core   0: 0x8001147e (0x00002f17) auipc   t5, 0x2
core   0: 3 0x8001147e (0x00002f17) x30 0x8001347e
core   0: 0x80011482 (0xb83f2123) sw      gp, -1150(t5)
core   0: 3 0x80011482 (0xb83f2123) mem 0x80013000 0x00000001
core   0: 0x80011486 (0x0000bfe5) c.j     pc - 8
core   0: 3 0x80011486 (0xbfe5)
core   0: 0x8001147e (0x00002f17) auipc   t5, 0x2
core   0: 3 0x8001147e (0x00002f17) x30 0x8001347e
core   0: 0x80011482 (0xb83f2123) sw      gp, -1150(t5)
core   0: 3 0x80011482 (0xb83f2123) mem 0x80013000 0x00000001
core   0: 0x80011486 (0x0000bfe5) c.j     pc - 8
core   0: 3 0x80011486 (0xbfe5)
core   0: 0x8001147e (0x00002f17) auipc   t5, 0x2
core   0: 3 0x8001147e (0x00002f17) x30 0x8001347e
core   0: 0x80011482 (0xb83f2123) sw      gp, -1150(t5)
core   0: 3 0x80011482 (0xb83f2123) mem 0x80013000 0x00000001
core   0: 0x80011486 (0x0000bfe5) c.j     pc - 8
core   0: 3 0x80011486 (0xbfe5)
core   0: 0x8001147e (0x00002f17) auipc   t5, 0x2
core   0: 3 0x8001147e (0x00002f17) x30 0x8001347e
core   0: 0x80011482 (0xb83f2123) sw      gp, -1150(t5)
core   0: 3 0x80011482 (0xb83f2123) mem 0x80013000 0x00000001
core   0: 0x80011486 (0x0000bfe5) c.j     pc - 8
core   0: 3 0x80011486 (0xbfe5)
core   0: 0x8001147e (0x00002f17) auipc   t5, 0x2
core   0: 3 0x8001147e (0x00002f17) x30 0x8001347e
core   0: 0x80011482 (0xb83f2123) sw      gp, -1150(t5)
core   0: 3 0x80011482 (0xb83f2123) mem 0x80013000 0x00000001
core   0: 0x80011486 (0x0000bfe5) c.j     pc - 8
core   0: 3 0x80011486 (0xbfe5)
core   0: 0x8001147e (0x00002f17) auipc   t5, 0x2
core   0: 3 0x8001147e (0x00002f17) x30 0x8001347e
core   0: 0x80011482 (0xb83f2123) sw      gp, -1150(t5)
core   0: 3 0x80011482 (0xb83f2123) mem 0x80013000 0x00000001
core   0: 0x80011486 (0x0000bfe5) c.j     pc - 8
core   0: 3 0x80011486 (0xbfe5)
core   0: 0x8001147e (0x00002f17) auipc   t5, 0x2
core   0: 3 0x8001147e (0x00002f17) x30 0x8001347e
core   0: 0x80011482 (0xb83f2123) sw      gp, -1150(t5)
core   0: 3 0x80011482 (0xb83f2123) mem 0x80013000 0x00000001
core   0: 0x80011486 (0x0000bfe5) c.j     pc - 8
core   0: 3 0x80011486 (0xbfe5)
core   0: 0x8001147e (0x00002f17) auipc   t5, 0x2
core   0: 3 0x8001147e (0x00002f17) x30 0x8001347e
core   0: 0x80011482 (0xb83f2123) sw      gp, -1150(t5)
core   0: 3 0x80011482 (0xb83f2123) mem 0x80013000 0x00000001
core   0: 0x80011486 (0x0000bfe5) c.j     pc - 8
core   0: 3 0x80011486 (0xbfe5)
core   0: 0x8001147e (0x00002f17) auipc   t5, 0x2
core   0: 3 0x8001147e (0x00002f17) x30 0x8001347e
core   0: 0x80011482 (0xb83f2123) sw      gp, -1150(t5)
core   0: 3 0x80011482 (0xb83f2123) mem 0x80013000 0x00000001
core   0: 0x80011486 (0x0000bfe5) c.j     pc - 8
core   0: 3 0x80011486 (0xbfe5)
core   0: 0x8001147e (0x00002f17) auipc   t5, 0x2
core   0: 3 0x8001147e (0x00002f17) x30 0x8001347e
core   0: 0x80011482 (0xb83f2123) sw      gp, -1150(t5)
core   0: 3 0x80011482 (0xb83f2123) mem 0x80013000 0x00000001
core   0: 0x80011486 (0x0000bfe5) c.j     pc - 8
core   0: 3 0x80011486 (0xbfe5)
core   0: 0x8001147e (0x00002f17) auipc   t5, 0x2
core   0: 3 0x8001147e (0x00002f17) x30 0x8001347e
core   0: 0x80011482 (0xb83f2123) sw      gp, -1150(t5)
core   0: 3 0x80011482 (0xb83f2123) mem 0x80013000 0x00000001
core   0: 0x80011486 (0x0000bfe5) c.j     pc - 8
core   0: 3 0x80011486 (0xbfe5)
core   0: 0x8001147e (0x00002f17) auipc   t5, 0x2
core   0: 3 0x8001147e (0x00002f17) x30 0x8001347e
core   0: 0x80011482 (0xb83f2123) sw      gp, -1150(t5)
core   0: 3 0x80011482 (0xb83f2123) mem 0x80013000 0x00000001
core   0: 0x80011486 (0x0000bfe5) c.j     pc - 8
core   0: 3 0x80011486 (0xbfe5)
core   0: 0x8001147e (0x00002f17) auipc   t5, 0x2
core   0: 3 0x8001147e (0x00002f17) x30 0x8001347e
core   0: 0x80011482 (0xb83f2123) sw      gp, -1150(t5)
core   0: 3 0x80011482 (0xb83f2123) mem 0x80013000 0x00000001
core   0: 0x80011486 (0x0000bfe5) c.j     pc - 8
core   0: 3 0x80011486 (0xbfe5)
core   0: 0x8001147e (0x00002f17) auipc   t5, 0x2
core   0: 3 0x8001147e (0x00002f17) x30 0x8001347e
core   0: 0x80011482 (0xb83f2123) sw      gp, -1150(t5)
core   0: 3 0x80011482 (0xb83f2123) mem 0x80013000 0x00000001
core   0: 0x80011486 (0x0000bfe5) c.j     pc - 8
core   0: 3 0x80011486 (0xbfe5)
core   0: 0x8001147e (0x00002f17) auipc   t5, 0x2
core   0: 3 0x8001147e (0x00002f17) x30 0x8001347e
core   0: 0x80011482 (0xb83f2123) sw      gp, -1150(t5)
core   0: 3 0x80011482 (0xb83f2123) mem 0x80013000 0x00000001
core   0: 0x80011486 (0x0000bfe5) c.j     pc - 8
core   0: 3 0x80011486 (0xbfe5)
core   0: 0x8001147e (0x00002f17) auipc   t5, 0x2
core   0: 3 0x8001147e (0x00002f17) x30 0x8001347e
core   0: 0x80011482 (0xb83f2123) sw      gp, -1150(t5)
core   0: 3 0x80011482 (0xb83f2123) mem 0x80013000 0x00000001
core   0: 0x80011486 (0x0000bfe5) c.j     pc - 8
core   0: 3 0x80011486 (0xbfe5)
core   0: 0x8001147e (0x00002f17) auipc   t5, 0x2
core   0: 3 0x8001147e (0x00002f17) x30 0x8001347e
core   0: 0x80011482 (0xb83f2123) sw      gp, -1150(t5)
core   0: 3 0x80011482 (0xb83f2123) mem 0x80013000 0x00000001
core   0: 0x80011486 (0x0000bfe5) c.j     pc - 8
core   0: 3 0x80011486 (0xbfe5)
core   0: 0x8001147e (0x00002f17) auipc   t5, 0x2
core   0: 3 0x8001147e (0x00002f17) x30 0x8001347e
core   0: 0x80011482 (0xb83f2123) sw      gp, -1150(t5)
core   0: 3 0x80011482 (0xb83f2123) mem 0x80013000 0x00000001
core   0: 0x80011486 (0x0000bfe5) c.j     pc - 8
core   0: 3 0x80011486 (0xbfe5)
core   0: 0x8001147e (0x00002f17) auipc   t5, 0x2
core   0: 3 0x8001147e (0x00002f17) x30 0x8001347e
core   0: 0x80011482 (0xb83f2123) sw      gp, -1150(t5)
core   0: 3 0x80011482 (0xb83f2123) mem 0x80013000 0x00000001
core   0: 0x80011486 (0x0000bfe5) c.j     pc - 8
core   0: 3 0x80011486 (0xbfe5)
core   0: 0x8001147e (0x00002f17) auipc   t5, 0x2
core   0: 3 0x8001147e (0x00002f17) x30 0x8001347e
core   0: 0x80011482 (0xb83f2123) sw      gp, -1150(t5)
core   0: 3 0x80011482 (0xb83f2123) mem 0x80013000 0x00000001
core   0: 0x80011486 (0x0000bfe5) c.j     pc - 8
core   0: 3 0x80011486 (0xbfe5)
core   0: 0x8001147e (0x00002f17) auipc   t5, 0x2
core   0: 3 0x8001147e (0x00002f17) x30 0x8001347e
core   0: 0x80011482 (0xb83f2123) sw      gp, -1150(t5)
core   0: 3 0x80011482 (0xb83f2123) mem 0x80013000 0x00000001
core   0: 0x80011486 (0x0000bfe5) c.j     pc - 8
core   0: 3 0x80011486 (0xbfe5)
core   0: 0x8001147e (0x00002f17) auipc   t5, 0x2
core   0: 3 0x8001147e (0x00002f17) x30 0x8001347e
core   0: 0x80011482 (0xb83f2123) sw      gp, -1150(t5)
core   0: 3 0x80011482 (0xb83f2123) mem 0x80013000 0x00000001
core   0: 0x80011486 (0x0000bfe5) c.j     pc - 8
core   0: 3 0x80011486 (0xbfe5)
core   0: 0x8001147e (0x00002f17) auipc   t5, 0x2
core   0: 3 0x8001147e (0x00002f17) x30 0x8001347e
core   0: 0x80011482 (0xb83f2123) sw      gp, -1150(t5)
core   0: 3 0x80011482 (0xb83f2123) mem 0x80013000 0x00000001
core   0: 0x80011486 (0x0000bfe5) c.j     pc - 8
core   0: 3 0x80011486 (0xbfe5)
core   0: 0x8001147e (0x00002f17) auipc   t5, 0x2
core   0: 3 0x8001147e (0x00002f17) x30 0x8001347e
core   0: 0x80011482 (0xb83f2123) sw      gp, -1150(t5)
core   0: 3 0x80011482 (0xb83f2123) mem 0x80013000 0x00000001
core   0: 0x80011486 (0x0000bfe5) c.j     pc - 8
core   0: 3 0x80011486 (0xbfe5)
core   0: 0x8001147e (0x00002f17) auipc   t5, 0x2
core   0: 3 0x8001147e (0x00002f17) x30 0x8001347e
core   0: 0x80011482 (0xb83f2123) sw      gp, -1150(t5)
core   0: 3 0x80011482 (0xb83f2123) mem 0x80013000 0x00000001
core   0: 0x80011486 (0x0000bfe5) c.j     pc - 8
core   0: 3 0x80011486 (0xbfe5)
core   0: 0x8001147e (0x00002f17) auipc   t5, 0x2
core   0: 3 0x8001147e (0x00002f17) x30 0x8001347e
core   0: 0x80011482 (0xb83f2123) sw      gp, -1150(t5)
core   0: 3 0x80011482 (0xb83f2123) mem 0x80013000 0x00000001
core   0: 0x80011486 (0x0000bfe5) c.j     pc - 8
core   0: 3 0x80011486 (0xbfe5)
core   0: 0x8001147e (0x00002f17) auipc   t5, 0x2
core   0: 3 0x8001147e (0x00002f17) x30 0x8001347e
core   0: 0x80011482 (0xb83f2123) sw      gp, -1150(t5)
core   0: 3 0x80011482 (0xb83f2123) mem 0x80013000 0x00000001
core   0: 0x80011486 (0x0000bfe5) c.j     pc - 8
core   0: 3 0x80011486 (0xbfe5)
core   0: 0x8001147e (0x00002f17) auipc   t5, 0x2
core   0: 3 0x8001147e (0x00002f17) x30 0x8001347e
core   0: 0x80011482 (0xb83f2123) sw      gp, -1150(t5)
core   0: 3 0x80011482 (0xb83f2123) mem 0x80013000 0x00000001
core   0: 0x80011486 (0x0000bfe5) c.j     pc - 8
core   0: 3 0x80011486 (0xbfe5)
core   0: 0x8001147e (0x00002f17) auipc   t5, 0x2
core   0: 3 0x8001147e (0x00002f17) x30 0x8001347e
core   0: 0x80011482 (0xb83f2123) sw      gp, -1150(t5)
core   0: 3 0x80011482 (0xb83f2123) mem 0x80013000 0x00000001
core   0: 0x80011486 (0x0000bfe5) c.j     pc - 8
core   0: 3 0x80011486 (0xbfe5)
core   0: 0x8001147e (0x00002f17) auipc   t5, 0x2
core   0: 3 0x8001147e (0x00002f17) x30 0x8001347e
core   0: 0x80011482 (0xb83f2123) sw      gp, -1150(t5)
core   0: 3 0x80011482 (0xb83f2123) mem 0x80013000 0x00000001
core   0: 0x80011486 (0x0000bfe5) c.j     pc - 8
core   0: 3 0x80011486 (0xbfe5)
core   0: 0x8001147e (0x00002f17) auipc   t5, 0x2
core   0: 3 0x8001147e (0x00002f17) x30 0x8001347e
core   0: 0x80011482 (0xb83f2123) sw      gp, -1150(t5)
core   0: 3 0x80011482 (0xb83f2123) mem 0x80013000 0x00000001
core   0: 0x80011486 (0x0000bfe5) c.j     pc - 8
core   0: 3 0x80011486 (0xbfe5)
core   0: 0x8001147e (0x00002f17) auipc   t5, 0x2
core   0: 3 0x8001147e (0x00002f17) x30 0x8001347e
core   0: 0x80011482 (0xb83f2123) sw      gp, -1150(t5)
core   0: 3 0x80011482 (0xb83f2123) mem 0x80013000 0x00000001
core   0: 0x80011486 (0x0000bfe5) c.j     pc - 8
core   0: 3 0x80011486 (0xbfe5)
core   0: 0x8001147e (0x00002f17) auipc   t5, 0x2
core   0: 3 0x8001147e (0x00002f17) x30 0x8001347e
core   0: 0x80011482 (0xb83f2123) sw      gp, -1150(t5)
core   0: 3 0x80011482 (0xb83f2123) mem 0x80013000 0x00000001
core   0: 0x80011486 (0x0000bfe5) c.j     pc - 8
core   0: 3 0x80011486 (0xbfe5)
core   0: 0x8001147e (0x00002f17) auipc   t5, 0x2
core   0: 3 0x8001147e (0x00002f17) x30 0x8001347e
core   0: 0x80011482 (0xb83f2123) sw      gp, -1150(t5)
core   0: 3 0x80011482 (0xb83f2123) mem 0x80013000 0x00000001
core   0: 0x80011486 (0x0000bfe5) c.j     pc - 8
core   0: 3 0x80011486 (0xbfe5)
core   0: 0x8001147e (0x00002f17) auipc   t5, 0x2
core   0: 3 0x8001147e (0x00002f17) x30 0x8001347e
core   0: 0x80011482 (0xb83f2123) sw      gp, -1150(t5)
core   0: 3 0x80011482 (0xb83f2123) mem 0x80013000 0x00000001
core   0: 0x80011486 (0x0000bfe5) c.j     pc - 8
core   0: 3 0x80011486 (0xbfe5)
core   0: 0x8001147e (0x00002f17) auipc   t5, 0x2
core   0: 3 0x8001147e (0x00002f17) x30 0x8001347e
core   0: 0x80011482 (0xb83f2123) sw      gp, -1150(t5)
core   0: 3 0x80011482 (0xb83f2123) mem 0x80013000 0x00000001
core   0: 0x80011486 (0x0000bfe5) c.j     pc - 8
core   0: 3 0x80011486 (0xbfe5)
core   0: 0x8001147e (0x00002f17) auipc   t5, 0x2
core   0: 3 0x8001147e (0x00002f17) x30 0x8001347e
core   0: 0x80011482 (0xb83f2123) sw      gp, -1150(t5)
core   0: 3 0x80011482 (0xb83f2123) mem 0x80013000 0x00000001
core   0: 0x80011486 (0x0000bfe5) c.j     pc - 8
core   0: 3 0x80011486 (0xbfe5)
core   0: 0x8001147e (0x00002f17) auipc   t5, 0x2
core   0: 3 0x8001147e (0x00002f17) x30 0x8001347e
core   0: 0x80011482 (0xb83f2123) sw      gp, -1150(t5)
core   0: 3 0x80011482 (0xb83f2123) mem 0x80013000 0x00000001
core   0: 0x80011486 (0x0000bfe5) c.j     pc - 8
core   0: 3 0x80011486 (0xbfe5)
core   0: 0x8001147e (0x00002f17) auipc   t5, 0x2
core   0: 3 0x8001147e (0x00002f17) x30 0x8001347e
core   0: 0x80011482 (0xb83f2123) sw      gp, -1150(t5)
core   0: 3 0x80011482 (0xb83f2123) mem 0x80013000 0x00000001
core   0: 0x80011486 (0x0000bfe5) c.j     pc - 8
core   0: 3 0x80011486 (0xbfe5)
core   0: 0x8001147e (0x00002f17) auipc   t5, 0x2
core   0: 3 0x8001147e (0x00002f17) x30 0x8001347e
core   0: 0x80011482 (0xb83f2123) sw      gp, -1150(t5)
core   0: 3 0x80011482 (0xb83f2123) mem 0x80013000 0x00000001
core   0: 0x80011486 (0x0000bfe5) c.j     pc - 8
core   0: 3 0x80011486 (0xbfe5)
core   0: 0x8001147e (0x00002f17) auipc   t5, 0x2
core   0: 3 0x8001147e (0x00002f17) x30 0x8001347e
core   0: 0x80011482 (0xb83f2123) sw      gp, -1150(t5)
core   0: 3 0x80011482 (0xb83f2123) mem 0x80013000 0x00000001
core   0: 0x80011486 (0x0000bfe5) c.j     pc - 8
core   0: 3 0x80011486 (0xbfe5)
core   0: 0x8001147e (0x00002f17) auipc   t5, 0x2
core   0: 3 0x8001147e (0x00002f17) x30 0x8001347e
core   0: 0x80011482 (0xb83f2123) sw      gp, -1150(t5)
core   0: 3 0x80011482 (0xb83f2123) mem 0x80013000 0x00000001
core   0: 0x80011486 (0x0000bfe5) c.j     pc - 8
core   0: 3 0x80011486 (0xbfe5)
core   0: 0x8001147e (0x00002f17) auipc   t5, 0x2
core   0: 3 0x8001147e (0x00002f17) x30 0x8001347e
core   0: 0x80011482 (0xb83f2123) sw      gp, -1150(t5)
core   0: 3 0x80011482 (0xb83f2123) mem 0x80013000 0x00000001
core   0: 0x80011486 (0x0000bfe5) c.j     pc - 8
core   0: 3 0x80011486 (0xbfe5)
core   0: 0x8001147e (0x00002f17) auipc   t5, 0x2
core   0: 3 0x8001147e (0x00002f17) x30 0x8001347e
core   0: 0x80011482 (0xb83f2123) sw      gp, -1150(t5)
core   0: 3 0x80011482 (0xb83f2123) mem 0x80013000 0x00000001
core   0: 0x80011486 (0x0000bfe5) c.j     pc - 8
core   0: 3 0x80011486 (0xbfe5)
core   0: 0x8001147e (0x00002f17) auipc   t5, 0x2
core   0: 3 0x8001147e (0x00002f17) x30 0x8001347e
core   0: 0x80011482 (0xb83f2123) sw      gp, -1150(t5)
core   0: 3 0x80011482 (0xb83f2123) mem 0x80013000 0x00000001
core   0: 0x80011486 (0x0000bfe5) c.j     pc - 8
core   0: 3 0x80011486 (0xbfe5)
core   0: 0x8001147e (0x00002f17) auipc   t5, 0x2
core   0: 3 0x8001147e (0x00002f17) x30 0x8001347e
core   0: 0x80011482 (0xb83f2123) sw      gp, -1150(t5)
core   0: 3 0x80011482 (0xb83f2123) mem 0x80013000 0x00000001
core   0: 0x80011486 (0x0000bfe5) c.j     pc - 8
core   0: 3 0x80011486 (0xbfe5)
core   0: 0x8001147e (0x00002f17) auipc   t5, 0x2
core   0: 3 0x8001147e (0x00002f17) x30 0x8001347e
core   0: 0x80011482 (0xb83f2123) sw      gp, -1150(t5)
core   0: 3 0x80011482 (0xb83f2123) mem 0x80013000 0x00000001
core   0: 0x80011486 (0x0000bfe5) c.j     pc - 8
core   0: 3 0x80011486 (0xbfe5)
core   0: 0x8001147e (0x00002f17) auipc   t5, 0x2
core   0: 3 0x8001147e (0x00002f17) x30 0x8001347e
core   0: 0x80011482 (0xb83f2123) sw      gp, -1150(t5)
core   0: 3 0x80011482 (0xb83f2123) mem 0x80013000 0x00000001
core   0: 0x80011486 (0x0000bfe5) c.j     pc - 8
core   0: 3 0x80011486 (0xbfe5)
core   0: 0x8001147e (0x00002f17) auipc   t5, 0x2
core   0: 3 0x8001147e (0x00002f17) x30 0x8001347e
core   0: 0x80011482 (0xb83f2123) sw      gp, -1150(t5)
core   0: 3 0x80011482 (0xb83f2123) mem 0x80013000 0x00000001
core   0: 0x80011486 (0x0000bfe5) c.j     pc - 8
core   0: 3 0x80011486 (0xbfe5)
core   0: 0x8001147e (0x00002f17) auipc   t5, 0x2
core   0: 3 0x8001147e (0x00002f17) x30 0x8001347e
core   0: 0x80011482 (0xb83f2123) sw      gp, -1150(t5)
core   0: 3 0x80011482 (0xb83f2123) mem 0x80013000 0x00000001
core   0: 0x80011486 (0x0000bfe5) c.j     pc - 8
core   0: 3 0x80011486 (0xbfe5)
core   0: 0x8001147e (0x00002f17) auipc   t5, 0x2
core   0: 3 0x8001147e (0x00002f17) x30 0x8001347e
core   0: 0x80011482 (0xb83f2123) sw      gp, -1150(t5)
core   0: 3 0x80011482 (0xb83f2123) mem 0x80013000 0x00000001
core   0: 0x80011486 (0x0000bfe5) c.j     pc - 8
core   0: 3 0x80011486 (0xbfe5)
core   0: 0x8001147e (0x00002f17) auipc   t5, 0x2
core   0: 3 0x8001147e (0x00002f17) x30 0x8001347e
core   0: 0x80011482 (0xb83f2123) sw      gp, -1150(t5)
core   0: 3 0x80011482 (0xb83f2123) mem 0x80013000 0x00000001
core   0: 0x80011486 (0x0000bfe5) c.j     pc - 8
core   0: 3 0x80011486 (0xbfe5)
core   0: 0x8001147e (0x00002f17) auipc   t5, 0x2
core   0: 3 0x8001147e (0x00002f17) x30 0x8001347e
core   0: 0x80011482 (0xb83f2123) sw      gp, -1150(t5)
core   0: 3 0x80011482 (0xb83f2123) mem 0x80013000 0x00000001
core   0: 0x80011486 (0x0000bfe5) c.j     pc - 8
core   0: 3 0x80011486 (0xbfe5)
core   0: 0x8001147e (0x00002f17) auipc   t5, 0x2
core   0: 3 0x8001147e (0x00002f17) x30 0x8001347e
core   0: 0x80011482 (0xb83f2123) sw      gp, -1150(t5)
core   0: 3 0x80011482 (0xb83f2123) mem 0x80013000 0x00000001
core   0: 0x80011486 (0x0000bfe5) c.j     pc - 8
core   0: 3 0x80011486 (0xbfe5)
core   0: 0x8001147e (0x00002f17) auipc   t5, 0x2
core   0: 3 0x8001147e (0x00002f17) x30 0x8001347e
core   0: 0x80011482 (0xb83f2123) sw      gp, -1150(t5)
core   0: 3 0x80011482 (0xb83f2123) mem 0x80013000 0x00000001
core   0: 0x80011486 (0x0000bfe5) c.j     pc - 8
core   0: 3 0x80011486 (0xbfe5)
core   0: 0x8001147e (0x00002f17) auipc   t5, 0x2
core   0: 3 0x8001147e (0x00002f17) x30 0x8001347e
core   0: 0x80011482 (0xb83f2123) sw      gp, -1150(t5)
core   0: 3 0x80011482 (0xb83f2123) mem 0x80013000 0x00000001
core   0: 0x80011486 (0x0000bfe5) c.j     pc - 8
core   0: 3 0x80011486 (0xbfe5)
core   0: 0x8001147e (0x00002f17) auipc   t5, 0x2
core   0: 3 0x8001147e (0x00002f17) x30 0x8001347e
core   0: 0x80011482 (0xb83f2123) sw      gp, -1150(t5)
core   0: 3 0x80011482 (0xb83f2123) mem 0x80013000 0x00000001
core   0: 0x80011486 (0x0000bfe5) c.j     pc - 8
core   0: 3 0x80011486 (0xbfe5)
core   0: 0x8001147e (0x00002f17) auipc   t5, 0x2
core   0: 3 0x8001147e (0x00002f17) x30 0x8001347e
core   0: 0x80011482 (0xb83f2123) sw      gp, -1150(t5)
core   0: 3 0x80011482 (0xb83f2123) mem 0x80013000 0x00000001
core   0: 0x80011486 (0x0000bfe5) c.j     pc - 8
core   0: 3 0x80011486 (0xbfe5)
core   0: 0x8001147e (0x00002f17) auipc   t5, 0x2
core   0: 3 0x8001147e (0x00002f17) x30 0x8001347e
core   0: 0x80011482 (0xb83f2123) sw      gp, -1150(t5)
core   0: 3 0x80011482 (0xb83f2123) mem 0x80013000 0x00000001
core   0: 0x80011486 (0x0000bfe5) c.j     pc - 8
core   0: 3 0x80011486 (0xbfe5)
core   0: 0x8001147e (0x00002f17) auipc   t5, 0x2
core   0: 3 0x8001147e (0x00002f17) x30 0x8001347e
core   0: 0x80011482 (0xb83f2123) sw      gp, -1150(t5)
core   0: 3 0x80011482 (0xb83f2123) mem 0x80013000 0x00000001
core   0: 0x80011486 (0x0000bfe5) c.j     pc - 8
core   0: 3 0x80011486 (0xbfe5)
core   0: 0x8001147e (0x00002f17) auipc   t5, 0x2
core   0: 3 0x8001147e (0x00002f17) x30 0x8001347e
core   0: 0x80011482 (0xb83f2123) sw      gp, -1150(t5)
core   0: 3 0x80011482 (0xb83f2123) mem 0x80013000 0x00000001
core   0: 0x80011486 (0x0000bfe5) c.j     pc - 8
core   0: 3 0x80011486 (0xbfe5)
core   0: 0x8001147e (0x00002f17) auipc   t5, 0x2
core   0: 3 0x8001147e (0x00002f17) x30 0x8001347e
core   0: 0x80011482 (0xb83f2123) sw      gp, -1150(t5)
core   0: 3 0x80011482 (0xb83f2123) mem 0x80013000 0x00000001
core   0: 0x80011486 (0x0000bfe5) c.j     pc - 8
core   0: 3 0x80011486 (0xbfe5)
core   0: 0x8001147e (0x00002f17) auipc   t5, 0x2
core   0: 3 0x8001147e (0x00002f17) x30 0x8001347e
core   0: 0x80011482 (0xb83f2123) sw      gp, -1150(t5)
core   0: 3 0x80011482 (0xb83f2123) mem 0x80013000 0x00000001
core   0: 0x80011486 (0x0000bfe5) c.j     pc - 8
core   0: 3 0x80011486 (0xbfe5)
core   0: 0x8001147e (0x00002f17) auipc   t5, 0x2
core   0: 3 0x8001147e (0x00002f17) x30 0x8001347e
core   0: 0x80011482 (0xb83f2123) sw      gp, -1150(t5)
core   0: 3 0x80011482 (0xb83f2123) mem 0x80013000 0x00000001
core   0: 0x80011486 (0x0000bfe5) c.j     pc - 8
core   0: 3 0x80011486 (0xbfe5)
core   0: 0x8001147e (0x00002f17) auipc   t5, 0x2
core   0: 3 0x8001147e (0x00002f17) x30 0x8001347e
core   0: 0x80011482 (0xb83f2123) sw      gp, -1150(t5)
core   0: 3 0x80011482 (0xb83f2123) mem 0x80013000 0x00000001
core   0: 0x80011486 (0x0000bfe5) c.j     pc - 8
core   0: 3 0x80011486 (0xbfe5)
core   0: 0x8001147e (0x00002f17) auipc   t5, 0x2
core   0: 3 0x8001147e (0x00002f17) x30 0x8001347e
core   0: 0x80011482 (0xb83f2123) sw      gp, -1150(t5)
core   0: 3 0x80011482 (0xb83f2123) mem 0x80013000 0x00000001
core   0: 0x80011486 (0x0000bfe5) c.j     pc - 8
core   0: 3 0x80011486 (0xbfe5)
core   0: 0x8001147e (0x00002f17) auipc   t5, 0x2
core   0: 3 0x8001147e (0x00002f17) x30 0x8001347e
core   0: 0x80011482 (0xb83f2123) sw      gp, -1150(t5)
core   0: 3 0x80011482 (0xb83f2123) mem 0x80013000 0x00000001
core   0: 0x80011486 (0x0000bfe5) c.j     pc - 8
core   0: 3 0x80011486 (0xbfe5)
core   0: 0x8001147e (0x00002f17) auipc   t5, 0x2
core   0: 3 0x8001147e (0x00002f17) x30 0x8001347e
core   0: 0x80011482 (0xb83f2123) sw      gp, -1150(t5)
core   0: 3 0x80011482 (0xb83f2123) mem 0x80013000 0x00000001
core   0: 0x80011486 (0x0000bfe5) c.j     pc - 8
core   0: 3 0x80011486 (0xbfe5)
core   0: 0x8001147e (0x00002f17) auipc   t5, 0x2
core   0: 3 0x8001147e (0x00002f17) x30 0x8001347e
core   0: 0x80011482 (0xb83f2123) sw      gp, -1150(t5)
core   0: 3 0x80011482 (0xb83f2123) mem 0x80013000 0x00000001
core   0: 0x80011486 (0x0000bfe5) c.j     pc - 8
core   0: 3 0x80011486 (0xbfe5)
core   0: 0x8001147e (0x00002f17) auipc   t5, 0x2
core   0: 3 0x8001147e (0x00002f17) x30 0x8001347e
core   0: 0x80011482 (0xb83f2123) sw      gp, -1150(t5)
core   0: 3 0x80011482 (0xb83f2123) mem 0x80013000 0x00000001
core   0: 0x80011486 (0x0000bfe5) c.j     pc - 8
core   0: 3 0x80011486 (0xbfe5)
core   0: 0x8001147e (0x00002f17) auipc   t5, 0x2
core   0: 3 0x8001147e (0x00002f17) x30 0x8001347e
core   0: 0x80011482 (0xb83f2123) sw      gp, -1150(t5)
core   0: 3 0x80011482 (0xb83f2123) mem 0x80013000 0x00000001
core   0: 0x80011486 (0x0000bfe5) c.j     pc - 8
core   0: 3 0x80011486 (0xbfe5)
core   0: 0x8001147e (0x00002f17) auipc   t5, 0x2
core   0: 3 0x8001147e (0x00002f17) x30 0x8001347e
core   0: 0x80011482 (0xb83f2123) sw      gp, -1150(t5)
core   0: 3 0x80011482 (0xb83f2123) mem 0x80013000 0x00000001
core   0: 0x80011486 (0x0000bfe5) c.j     pc - 8
core   0: 3 0x80011486 (0xbfe5)
core   0: 0x8001147e (0x00002f17) auipc   t5, 0x2
core   0: 3 0x8001147e (0x00002f17) x30 0x8001347e
core   0: 0x80011482 (0xb83f2123) sw      gp, -1150(t5)
core   0: 3 0x80011482 (0xb83f2123) mem 0x80013000 0x00000001
core   0: 0x80011486 (0x0000bfe5) c.j     pc - 8
core   0: 3 0x80011486 (0xbfe5)
core   0: 0x8001147e (0x00002f17) auipc   t5, 0x2
core   0: 3 0x8001147e (0x00002f17) x30 0x8001347e
core   0: 0x80011482 (0xb83f2123) sw      gp, -1150(t5)
core   0: 3 0x80011482 (0xb83f2123) mem 0x80013000 0x00000001
core   0: 0x80011486 (0x0000bfe5) c.j     pc - 8
core   0: 3 0x80011486 (0xbfe5)
core   0: 0x8001147e (0x00002f17) auipc   t5, 0x2
core   0: 3 0x8001147e (0x00002f17) x30 0x8001347e
core   0: 0x80011482 (0xb83f2123) sw      gp, -1150(t5)
core   0: 3 0x80011482 (0xb83f2123) mem 0x80013000 0x00000001
core   0: 0x80011486 (0x0000bfe5) c.j     pc - 8
core   0: 3 0x80011486 (0xbfe5)
core   0: 0x8001147e (0x00002f17) auipc   t5, 0x2
core   0: 3 0x8001147e (0x00002f17) x30 0x8001347e
core   0: 0x80011482 (0xb83f2123) sw      gp, -1150(t5)
core   0: 3 0x80011482 (0xb83f2123) mem 0x80013000 0x00000001
core   0: 0x80011486 (0x0000bfe5) c.j     pc - 8
core   0: 3 0x80011486 (0xbfe5)
core   0: 0x8001147e (0x00002f17) auipc   t5, 0x2
core   0: 3 0x8001147e (0x00002f17) x30 0x8001347e
core   0: 0x80011482 (0xb83f2123) sw      gp, -1150(t5)
core   0: 3 0x80011482 (0xb83f2123) mem 0x80013000 0x00000001
core   0: 0x80011486 (0x0000bfe5) c.j     pc - 8
core   0: 3 0x80011486 (0xbfe5)
core   0: 0x8001147e (0x00002f17) auipc   t5, 0x2
core   0: 3 0x8001147e (0x00002f17) x30 0x8001347e
core   0: 0x80011482 (0xb83f2123) sw      gp, -1150(t5)
core   0: 3 0x80011482 (0xb83f2123) mem 0x80013000 0x00000001
core   0: 0x80011486 (0x0000bfe5) c.j     pc - 8
core   0: 3 0x80011486 (0xbfe5)
core   0: 0x8001147e (0x00002f17) auipc   t5, 0x2
core   0: 3 0x8001147e (0x00002f17) x30 0x8001347e
core   0: 0x80011482 (0xb83f2123) sw      gp, -1150(t5)
core   0: 3 0x80011482 (0xb83f2123) mem 0x80013000 0x00000001
core   0: 0x80011486 (0x0000bfe5) c.j     pc - 8
core   0: 3 0x80011486 (0xbfe5)
core   0: 0x8001147e (0x00002f17) auipc   t5, 0x2
core   0: 3 0x8001147e (0x00002f17) x30 0x8001347e
core   0: 0x80011482 (0xb83f2123) sw      gp, -1150(t5)
core   0: 3 0x80011482 (0xb83f2123) mem 0x80013000 0x00000001
core   0: 0x80011486 (0x0000bfe5) c.j     pc - 8
core   0: 3 0x80011486 (0xbfe5)
core   0: 0x8001147e (0x00002f17) auipc   t5, 0x2
core   0: 3 0x8001147e (0x00002f17) x30 0x8001347e
core   0: 0x80011482 (0xb83f2123) sw      gp, -1150(t5)
core   0: 3 0x80011482 (0xb83f2123) mem 0x80013000 0x00000001
core   0: 0x80011486 (0x0000bfe5) c.j     pc - 8
core   0: 3 0x80011486 (0xbfe5)
core   0: 0x8001147e (0x00002f17) auipc   t5, 0x2
core   0: 3 0x8001147e (0x00002f17) x30 0x8001347e
core   0: 0x80011482 (0xb83f2123) sw      gp, -1150(t5)
core   0: 3 0x80011482 (0xb83f2123) mem 0x80013000 0x00000001
core   0: 0x80011486 (0x0000bfe5) c.j     pc - 8
core   0: 3 0x80011486 (0xbfe5)
core   0: 0x8001147e (0x00002f17) auipc   t5, 0x2
core   0: 3 0x8001147e (0x00002f17) x30 0x8001347e
core   0: 0x80011482 (0xb83f2123) sw      gp, -1150(t5)
core   0: 3 0x80011482 (0xb83f2123) mem 0x80013000 0x00000001
core   0: 0x80011486 (0x0000bfe5) c.j     pc - 8
core   0: 3 0x80011486 (0xbfe5)
core   0: 0x8001147e (0x00002f17) auipc   t5, 0x2
core   0: 3 0x8001147e (0x00002f17) x30 0x8001347e
core   0: 0x80011482 (0xb83f2123) sw      gp, -1150(t5)
core   0: 3 0x80011482 (0xb83f2123) mem 0x80013000 0x00000001
core   0: 0x80011486 (0x0000bfe5) c.j     pc - 8
core   0: 3 0x80011486 (0xbfe5)
core   0: 0x8001147e (0x00002f17) auipc   t5, 0x2
core   0: 3 0x8001147e (0x00002f17) x30 0x8001347e
core   0: 0x80011482 (0xb83f2123) sw      gp, -1150(t5)
core   0: 3 0x80011482 (0xb83f2123) mem 0x80013000 0x00000001
core   0: 0x80011486 (0x0000bfe5) c.j     pc - 8
core   0: 3 0x80011486 (0xbfe5)
core   0: 0x8001147e (0x00002f17) auipc   t5, 0x2
core   0: 3 0x8001147e (0x00002f17) x30 0x8001347e
core   0: 0x80011482 (0xb83f2123) sw      gp, -1150(t5)
core   0: 3 0x80011482 (0xb83f2123) mem 0x80013000 0x00000001
core   0: 0x80011486 (0x0000bfe5) c.j     pc - 8
core   0: 3 0x80011486 (0xbfe5)
core   0: 0x8001147e (0x00002f17) auipc   t5, 0x2
core   0: 3 0x8001147e (0x00002f17) x30 0x8001347e
core   0: 0x80011482 (0xb83f2123) sw      gp, -1150(t5)
core   0: 3 0x80011482 (0xb83f2123) mem 0x80013000 0x00000001
core   0: 0x80011486 (0x0000bfe5) c.j     pc - 8
core   0: 3 0x80011486 (0xbfe5)
core   0: 0x8001147e (0x00002f17) auipc   t5, 0x2
core   0: 3 0x8001147e (0x00002f17) x30 0x8001347e
core   0: 0x80011482 (0xb83f2123) sw      gp, -1150(t5)
core   0: 3 0x80011482 (0xb83f2123) mem 0x80013000 0x00000001
core   0: 0x80011486 (0x0000bfe5) c.j     pc - 8
core   0: 3 0x80011486 (0xbfe5)
core   0: 0x8001147e (0x00002f17) auipc   t5, 0x2
core   0: 3 0x8001147e (0x00002f17) x30 0x8001347e
core   0: 0x80011482 (0xb83f2123) sw      gp, -1150(t5)
core   0: 3 0x80011482 (0xb83f2123) mem 0x80013000 0x00000001
core   0: 0x80011486 (0x0000bfe5) c.j     pc - 8
core   0: 3 0x80011486 (0xbfe5)
core   0: 0x8001147e (0x00002f17) auipc   t5, 0x2
core   0: 3 0x8001147e (0x00002f17) x30 0x8001347e
core   0: 0x80011482 (0xb83f2123) sw      gp, -1150(t5)
core   0: 3 0x80011482 (0xb83f2123) mem 0x80013000 0x00000001
core   0: 0x80011486 (0x0000bfe5) c.j     pc - 8
core   0: 3 0x80011486 (0xbfe5)
core   0: 0x8001147e (0x00002f17) auipc   t5, 0x2
core   0: 3 0x8001147e (0x00002f17) x30 0x8001347e
core   0: 0x80011482 (0xb83f2123) sw      gp, -1150(t5)
core   0: 3 0x80011482 (0xb83f2123) mem 0x80013000 0x00000001
core   0: 0x80011486 (0x0000bfe5) c.j     pc - 8
core   0: 3 0x80011486 (0xbfe5)
core   0: 0x8001147e (0x00002f17) auipc   t5, 0x2
core   0: 3 0x8001147e (0x00002f17) x30 0x8001347e
core   0: 0x80011482 (0xb83f2123) sw      gp, -1150(t5)
core   0: 3 0x80011482 (0xb83f2123) mem 0x80013000 0x00000001
core   0: 0x80011486 (0x0000bfe5) c.j     pc - 8
core   0: 3 0x80011486 (0xbfe5)
core   0: 0x8001147e (0x00002f17) auipc   t5, 0x2
core   0: 3 0x8001147e (0x00002f17) x30 0x8001347e
core   0: 0x80011482 (0xb83f2123) sw      gp, -1150(t5)
core   0: 3 0x80011482 (0xb83f2123) mem 0x80013000 0x00000001
core   0: 0x80011486 (0x0000bfe5) c.j     pc - 8
core   0: 3 0x80011486 (0xbfe5)
core   0: 0x8001147e (0x00002f17) auipc   t5, 0x2
core   0: 3 0x8001147e (0x00002f17) x30 0x8001347e
core   0: 0x80011482 (0xb83f2123) sw      gp, -1150(t5)
core   0: 3 0x80011482 (0xb83f2123) mem 0x80013000 0x00000001
core   0: 0x80011486 (0x0000bfe5) c.j     pc - 8
core   0: 3 0x80011486 (0xbfe5)
core   0: 0x8001147e (0x00002f17) auipc   t5, 0x2
core   0: 3 0x8001147e (0x00002f17) x30 0x8001347e
core   0: 0x80011482 (0xb83f2123) sw      gp, -1150(t5)
core   0: 3 0x80011482 (0xb83f2123) mem 0x80013000 0x00000001
core   0: 0x80011486 (0x0000bfe5) c.j     pc - 8
core   0: 3 0x80011486 (0xbfe5)
core   0: 0x8001147e (0x00002f17) auipc   t5, 0x2
core   0: 3 0x8001147e (0x00002f17) x30 0x8001347e
core   0: 0x80011482 (0xb83f2123) sw      gp, -1150(t5)
core   0: 3 0x80011482 (0xb83f2123) mem 0x80013000 0x00000001
core   0: 0x80011486 (0x0000bfe5) c.j     pc - 8
core   0: 3 0x80011486 (0xbfe5)
core   0: 0x8001147e (0x00002f17) auipc   t5, 0x2
core   0: 3 0x8001147e (0x00002f17) x30 0x8001347e
core   0: 0x80011482 (0xb83f2123) sw      gp, -1150(t5)
core   0: 3 0x80011482 (0xb83f2123) mem 0x80013000 0x00000001
core   0: 0x80011486 (0x0000bfe5) c.j     pc - 8
core   0: 3 0x80011486 (0xbfe5)
core   0: 0x8001147e (0x00002f17) auipc   t5, 0x2
core   0: 3 0x8001147e (0x00002f17) x30 0x8001347e
core   0: 0x80011482 (0xb83f2123) sw      gp, -1150(t5)
core   0: 3 0x80011482 (0xb83f2123) mem 0x80013000 0x00000001
core   0: 0x80011486 (0x0000bfe5) c.j     pc - 8
core   0: 3 0x80011486 (0xbfe5)
core   0: 0x8001147e (0x00002f17) auipc   t5, 0x2
core   0: 3 0x8001147e (0x00002f17) x30 0x8001347e
core   0: 0x80011482 (0xb83f2123) sw      gp, -1150(t5)
core   0: 3 0x80011482 (0xb83f2123) mem 0x80013000 0x00000001
core   0: 0x80011486 (0x0000bfe5) c.j     pc - 8
core   0: 3 0x80011486 (0xbfe5)
core   0: 0x8001147e (0x00002f17) auipc   t5, 0x2
core   0: 3 0x8001147e (0x00002f17) x30 0x8001347e
core   0: 0x80011482 (0xb83f2123) sw      gp, -1150(t5)
core   0: 3 0x80011482 (0xb83f2123) mem 0x80013000 0x00000001
core   0: 0x80011486 (0x0000bfe5) c.j     pc - 8
core   0: 3 0x80011486 (0xbfe5)
core   0: 0x8001147e (0x00002f17) auipc   t5, 0x2
core   0: 3 0x8001147e (0x00002f17) x30 0x8001347e
core   0: 0x80011482 (0xb83f2123) sw      gp, -1150(t5)
core   0: 3 0x80011482 (0xb83f2123) mem 0x80013000 0x00000001
core   0: 0x80011486 (0x0000bfe5) c.j     pc - 8
core   0: 3 0x80011486 (0xbfe5)
core   0: 0x8001147e (0x00002f17) auipc   t5, 0x2
core   0: 3 0x8001147e (0x00002f17) x30 0x8001347e
core   0: 0x80011482 (0xb83f2123) sw      gp, -1150(t5)
core   0: 3 0x80011482 (0xb83f2123) mem 0x80013000 0x00000001
core   0: 0x80011486 (0x0000bfe5) c.j     pc - 8
core   0: 3 0x80011486 (0xbfe5)
core   0: 0x8001147e (0x00002f17) auipc   t5, 0x2
core   0: 3 0x8001147e (0x00002f17) x30 0x8001347e
core   0: 0x80011482 (0xb83f2123) sw      gp, -1150(t5)
core   0: 3 0x80011482 (0xb83f2123) mem 0x80013000 0x00000001
core   0: 0x80011486 (0x0000bfe5) c.j     pc - 8
core   0: 3 0x80011486 (0xbfe5)
core   0: 0x8001147e (0x00002f17) auipc   t5, 0x2
core   0: 3 0x8001147e (0x00002f17) x30 0x8001347e
core   0: 0x80011482 (0xb83f2123) sw      gp, -1150(t5)
core   0: 3 0x80011482 (0xb83f2123) mem 0x80013000 0x00000001
core   0: 0x80011486 (0x0000bfe5) c.j     pc - 8
core   0: 3 0x80011486 (0xbfe5)
core   0: 0x8001147e (0x00002f17) auipc   t5, 0x2
core   0: 3 0x8001147e (0x00002f17) x30 0x8001347e
core   0: 0x80011482 (0xb83f2123) sw      gp, -1150(t5)
core   0: 3 0x80011482 (0xb83f2123) mem 0x80013000 0x00000001
core   0: 0x80011486 (0x0000bfe5) c.j     pc - 8
core   0: 3 0x80011486 (0xbfe5)
core   0: 0x8001147e (0x00002f17) auipc   t5, 0x2
core   0: 3 0x8001147e (0x00002f17) x30 0x8001347e
core   0: 0x80011482 (0xb83f2123) sw      gp, -1150(t5)
core   0: 3 0x80011482 (0xb83f2123) mem 0x80013000 0x00000001
core   0: 0x80011486 (0x0000bfe5) c.j     pc - 8
core   0: 3 0x80011486 (0xbfe5)
core   0: 0x8001147e (0x00002f17) auipc   t5, 0x2
core   0: 3 0x8001147e (0x00002f17) x30 0x8001347e
core   0: 0x80011482 (0xb83f2123) sw      gp, -1150(t5)
core   0: 3 0x80011482 (0xb83f2123) mem 0x80013000 0x00000001
core   0: 0x80011486 (0x0000bfe5) c.j     pc - 8
core   0: 3 0x80011486 (0xbfe5)
core   0: 0x8001147e (0x00002f17) auipc   t5, 0x2
core   0: 3 0x8001147e (0x00002f17) x30 0x8001347e
core   0: 0x80011482 (0xb83f2123) sw      gp, -1150(t5)
core   0: 3 0x80011482 (0xb83f2123) mem 0x80013000 0x00000001
core   0: 0x80011486 (0x0000bfe5) c.j     pc - 8
core   0: 3 0x80011486 (0xbfe5)
core   0: 0x8001147e (0x00002f17) auipc   t5, 0x2
core   0: 3 0x8001147e (0x00002f17) x30 0x8001347e
core   0: 0x80011482 (0xb83f2123) sw      gp, -1150(t5)
core   0: 3 0x80011482 (0xb83f2123) mem 0x80013000 0x00000001
core   0: 0x80011486 (0x0000bfe5) c.j     pc - 8
core   0: 3 0x80011486 (0xbfe5)
core   0: 0x8001147e (0x00002f17) auipc   t5, 0x2
core   0: 3 0x8001147e (0x00002f17) x30 0x8001347e
core   0: 0x80011482 (0xb83f2123) sw      gp, -1150(t5)
core   0: 3 0x80011482 (0xb83f2123) mem 0x80013000 0x00000001
core   0: 0x80011486 (0x0000bfe5) c.j     pc - 8
core   0: 3 0x80011486 (0xbfe5)
core   0: 0x8001147e (0x00002f17) auipc   t5, 0x2
core   0: 3 0x8001147e (0x00002f17) x30 0x8001347e
core   0: 0x80011482 (0xb83f2123) sw      gp, -1150(t5)
core   0: 3 0x80011482 (0xb83f2123) mem 0x80013000 0x00000001
core   0: 0x80011486 (0x0000bfe5) c.j     pc - 8
core   0: 3 0x80011486 (0xbfe5)
core   0: 0x8001147e (0x00002f17) auipc   t5, 0x2
core   0: 3 0x8001147e (0x00002f17) x30 0x8001347e
core   0: 0x80011482 (0xb83f2123) sw      gp, -1150(t5)
core   0: 3 0x80011482 (0xb83f2123) mem 0x80013000 0x00000001
core   0: 0x80011486 (0x0000bfe5) c.j     pc - 8
core   0: 3 0x80011486 (0xbfe5)
core   0: 0x8001147e (0x00002f17) auipc   t5, 0x2
core   0: 3 0x8001147e (0x00002f17) x30 0x8001347e
core   0: 0x80011482 (0xb83f2123) sw      gp, -1150(t5)
core   0: 3 0x80011482 (0xb83f2123) mem 0x80013000 0x00000001
core   0: 0x80011486 (0x0000bfe5) c.j     pc - 8
core   0: 3 0x80011486 (0xbfe5)
core   0: 0x8001147e (0x00002f17) auipc   t5, 0x2
core   0: 3 0x8001147e (0x00002f17) x30 0x8001347e
core   0: 0x80011482 (0xb83f2123) sw      gp, -1150(t5)
core   0: 3 0x80011482 (0xb83f2123) mem 0x80013000 0x00000001
core   0: 0x80011486 (0x0000bfe5) c.j     pc - 8
core   0: 3 0x80011486 (0xbfe5)
core   0: 0x8001147e (0x00002f17) auipc   t5, 0x2
core   0: 3 0x8001147e (0x00002f17) x30 0x8001347e
core   0: 0x80011482 (0xb83f2123) sw      gp, -1150(t5)
core   0: 3 0x80011482 (0xb83f2123) mem 0x80013000 0x00000001
core   0: 0x80011486 (0x0000bfe5) c.j     pc - 8
core   0: 3 0x80011486 (0xbfe5)
core   0: 0x8001147e (0x00002f17) auipc   t5, 0x2
core   0: 3 0x8001147e (0x00002f17) x30 0x8001347e
core   0: 0x80011482 (0xb83f2123) sw      gp, -1150(t5)
core   0: 3 0x80011482 (0xb83f2123) mem 0x80013000 0x00000001
core   0: 0x80011486 (0x0000bfe5) c.j     pc - 8
core   0: 3 0x80011486 (0xbfe5)
core   0: 0x8001147e (0x00002f17) auipc   t5, 0x2
core   0: 3 0x8001147e (0x00002f17) x30 0x8001347e
core   0: 0x80011482 (0xb83f2123) sw      gp, -1150(t5)
core   0: 3 0x80011482 (0xb83f2123) mem 0x80013000 0x00000001
core   0: 0x80011486 (0x0000bfe5) c.j     pc - 8
core   0: 3 0x80011486 (0xbfe5)
core   0: 0x8001147e (0x00002f17) auipc   t5, 0x2
core   0: 3 0x8001147e (0x00002f17) x30 0x8001347e
core   0: 0x80011482 (0xb83f2123) sw      gp, -1150(t5)
core   0: 3 0x80011482 (0xb83f2123) mem 0x80013000 0x00000001
core   0: 0x80011486 (0x0000bfe5) c.j     pc - 8
core   0: 3 0x80011486 (0xbfe5)
core   0: 0x8001147e (0x00002f17) auipc   t5, 0x2
core   0: 3 0x8001147e (0x00002f17) x30 0x8001347e
core   0: 0x80011482 (0xb83f2123) sw      gp, -1150(t5)
core   0: 3 0x80011482 (0xb83f2123) mem 0x80013000 0x00000001
core   0: 0x80011486 (0x0000bfe5) c.j     pc - 8
core   0: 3 0x80011486 (0xbfe5)
core   0: 0x8001147e (0x00002f17) auipc   t5, 0x2
core   0: 3 0x8001147e (0x00002f17) x30 0x8001347e
core   0: 0x80011482 (0xb83f2123) sw      gp, -1150(t5)
core   0: 3 0x80011482 (0xb83f2123) mem 0x80013000 0x00000001
core   0: 0x80011486 (0x0000bfe5) c.j     pc - 8
core   0: 3 0x80011486 (0xbfe5)
core   0: 0x8001147e (0x00002f17) auipc   t5, 0x2
core   0: 3 0x8001147e (0x00002f17) x30 0x8001347e
core   0: 0x80011482 (0xb83f2123) sw      gp, -1150(t5)
core   0: 3 0x80011482 (0xb83f2123) mem 0x80013000 0x00000001
core   0: 0x80011486 (0x0000bfe5) c.j     pc - 8
core   0: 3 0x80011486 (0xbfe5)
core   0: 0x8001147e (0x00002f17) auipc   t5, 0x2
core   0: 3 0x8001147e (0x00002f17) x30 0x8001347e
core   0: 0x80011482 (0xb83f2123) sw      gp, -1150(t5)
core   0: 3 0x80011482 (0xb83f2123) mem 0x80013000 0x00000001
core   0: 0x80011486 (0x0000bfe5) c.j     pc - 8
core   0: 3 0x80011486 (0xbfe5)
core   0: 0x8001147e (0x00002f17) auipc   t5, 0x2
core   0: 3 0x8001147e (0x00002f17) x30 0x8001347e
core   0: 0x80011482 (0xb83f2123) sw      gp, -1150(t5)
core   0: 3 0x80011482 (0xb83f2123) mem 0x80013000 0x00000001
core   0: 0x80011486 (0x0000bfe5) c.j     pc - 8
core   0: 3 0x80011486 (0xbfe5)
core   0: 0x8001147e (0x00002f17) auipc   t5, 0x2
core   0: 3 0x8001147e (0x00002f17) x30 0x8001347e
core   0: 0x80011482 (0xb83f2123) sw      gp, -1150(t5)
core   0: 3 0x80011482 (0xb83f2123) mem 0x80013000 0x00000001
core   0: 0x80011486 (0x0000bfe5) c.j     pc - 8
core   0: 3 0x80011486 (0xbfe5)
core   0: 0x8001147e (0x00002f17) auipc   t5, 0x2
core   0: 3 0x8001147e (0x00002f17) x30 0x8001347e
core   0: 0x80011482 (0xb83f2123) sw      gp, -1150(t5)
core   0: 3 0x80011482 (0xb83f2123) mem 0x80013000 0x00000001
core   0: 0x80011486 (0x0000bfe5) c.j     pc - 8
core   0: 3 0x80011486 (0xbfe5)
core   0: 0x8001147e (0x00002f17) auipc   t5, 0x2
core   0: 3 0x8001147e (0x00002f17) x30 0x8001347e
core   0: 0x80011482 (0xb83f2123) sw      gp, -1150(t5)
core   0: 3 0x80011482 (0xb83f2123) mem 0x80013000 0x00000001
core   0: 0x80011486 (0x0000bfe5) c.j     pc - 8
core   0: 3 0x80011486 (0xbfe5)
core   0: 0x8001147e (0x00002f17) auipc   t5, 0x2
core   0: 3 0x8001147e (0x00002f17) x30 0x8001347e
core   0: 0x80011482 (0xb83f2123) sw      gp, -1150(t5)
core   0: 3 0x80011482 (0xb83f2123) mem 0x80013000 0x00000001
core   0: 0x80011486 (0x0000bfe5) c.j     pc - 8
core   0: 3 0x80011486 (0xbfe5)
core   0: 0x8001147e (0x00002f17) auipc   t5, 0x2
core   0: 3 0x8001147e (0x00002f17) x30 0x8001347e
core   0: 0x80011482 (0xb83f2123) sw      gp, -1150(t5)
core   0: 3 0x80011482 (0xb83f2123) mem 0x80013000 0x00000001
core   0: 0x80011486 (0x0000bfe5) c.j     pc - 8
core   0: 3 0x80011486 (0xbfe5)
core   0: 0x8001147e (0x00002f17) auipc   t5, 0x2
core   0: 3 0x8001147e (0x00002f17) x30 0x8001347e
core   0: 0x80011482 (0xb83f2123) sw      gp, -1150(t5)
core   0: 3 0x80011482 (0xb83f2123) mem 0x80013000 0x00000001
core   0: 0x80011486 (0x0000bfe5) c.j     pc - 8
core   0: 3 0x80011486 (0xbfe5)
core   0: 0x8001147e (0x00002f17) auipc   t5, 0x2
core   0: 3 0x8001147e (0x00002f17) x30 0x8001347e
core   0: 0x80011482 (0xb83f2123) sw      gp, -1150(t5)
core   0: 3 0x80011482 (0xb83f2123) mem 0x80013000 0x00000001
core   0: 0x80011486 (0x0000bfe5) c.j     pc - 8
core   0: 3 0x80011486 (0xbfe5)
core   0: 0x8001147e (0x00002f17) auipc   t5, 0x2
core   0: 3 0x8001147e (0x00002f17) x30 0x8001347e
core   0: 0x80011482 (0xb83f2123) sw      gp, -1150(t5)
core   0: 3 0x80011482 (0xb83f2123) mem 0x80013000 0x00000001
core   0: 0x80011486 (0x0000bfe5) c.j     pc - 8
core   0: 3 0x80011486 (0xbfe5)
core   0: 0x8001147e (0x00002f17) auipc   t5, 0x2
core   0: 3 0x8001147e (0x00002f17) x30 0x8001347e
core   0: 0x80011482 (0xb83f2123) sw      gp, -1150(t5)
core   0: 3 0x80011482 (0xb83f2123) mem 0x80013000 0x00000001
core   0: 0x80011486 (0x0000bfe5) c.j     pc - 8
core   0: 3 0x80011486 (0xbfe5)
core   0: 0x8001147e (0x00002f17) auipc   t5, 0x2
core   0: 3 0x8001147e (0x00002f17) x30 0x8001347e
core   0: 0x80011482 (0xb83f2123) sw      gp, -1150(t5)
core   0: 3 0x80011482 (0xb83f2123) mem 0x80013000 0x00000001
core   0: 0x80011486 (0x0000bfe5) c.j     pc - 8
core   0: 3 0x80011486 (0xbfe5)
core   0: 0x8001147e (0x00002f17) auipc   t5, 0x2
core   0: 3 0x8001147e (0x00002f17) x30 0x8001347e
core   0: 0x80011482 (0xb83f2123) sw      gp, -1150(t5)
core   0: 3 0x80011482 (0xb83f2123) mem 0x80013000 0x00000001
core   0: 0x80011486 (0x0000bfe5) c.j     pc - 8
core   0: 3 0x80011486 (0xbfe5)
core   0: 0x8001147e (0x00002f17) auipc   t5, 0x2
core   0: 3 0x8001147e (0x00002f17) x30 0x8001347e
core   0: 0x80011482 (0xb83f2123) sw      gp, -1150(t5)
core   0: 3 0x80011482 (0xb83f2123) mem 0x80013000 0x00000001
core   0: 0x80011486 (0x0000bfe5) c.j     pc - 8
core   0: 3 0x80011486 (0xbfe5)
core   0: 0x8001147e (0x00002f17) auipc   t5, 0x2
core   0: 3 0x8001147e (0x00002f17) x30 0x8001347e
core   0: 0x80011482 (0xb83f2123) sw      gp, -1150(t5)
core   0: 3 0x80011482 (0xb83f2123) mem 0x80013000 0x00000001
core   0: 0x80011486 (0x0000bfe5) c.j     pc - 8
core   0: 3 0x80011486 (0xbfe5)
core   0: 0x8001147e (0x00002f17) auipc   t5, 0x2
core   0: 3 0x8001147e (0x00002f17) x30 0x8001347e
core   0: 0x80011482 (0xb83f2123) sw      gp, -1150(t5)
core   0: 3 0x80011482 (0xb83f2123) mem 0x80013000 0x00000001
core   0: 0x80011486 (0x0000bfe5) c.j     pc - 8
core   0: 3 0x80011486 (0xbfe5)
core   0: 0x8001147e (0x00002f17) auipc   t5, 0x2
core   0: 3 0x8001147e (0x00002f17) x30 0x8001347e
core   0: 0x80011482 (0xb83f2123) sw      gp, -1150(t5)
core   0: 3 0x80011482 (0xb83f2123) mem 0x80013000 0x00000001
core   0: 0x80011486 (0x0000bfe5) c.j     pc - 8
core   0: 3 0x80011486 (0xbfe5)
core   0: 0x8001147e (0x00002f17) auipc   t5, 0x2
core   0: 3 0x8001147e (0x00002f17) x30 0x8001347e
core   0: 0x80011482 (0xb83f2123) sw      gp, -1150(t5)
core   0: 3 0x80011482 (0xb83f2123) mem 0x80013000 0x00000001
core   0: 0x80011486 (0x0000bfe5) c.j     pc - 8
core   0: 3 0x80011486 (0xbfe5)
core   0: 0x8001147e (0x00002f17) auipc   t5, 0x2
core   0: 3 0x8001147e (0x00002f17) x30 0x8001347e
core   0: 0x80011482 (0xb83f2123) sw      gp, -1150(t5)
core   0: 3 0x80011482 (0xb83f2123) mem 0x80013000 0x00000001
core   0: 0x80011486 (0x0000bfe5) c.j     pc - 8
core   0: 3 0x80011486 (0xbfe5)
core   0: 0x8001147e (0x00002f17) auipc   t5, 0x2
core   0: 3 0x8001147e (0x00002f17) x30 0x8001347e
core   0: 0x80011482 (0xb83f2123) sw      gp, -1150(t5)
core   0: 3 0x80011482 (0xb83f2123) mem 0x80013000 0x00000001
core   0: 0x80011486 (0x0000bfe5) c.j     pc - 8
core   0: 3 0x80011486 (0xbfe5)
core   0: 0x8001147e (0x00002f17) auipc   t5, 0x2
core   0: 3 0x8001147e (0x00002f17) x30 0x8001347e
core   0: 0x80011482 (0xb83f2123) sw      gp, -1150(t5)
core   0: 3 0x80011482 (0xb83f2123) mem 0x80013000 0x00000001
core   0: 0x80011486 (0x0000bfe5) c.j     pc - 8
core   0: 3 0x80011486 (0xbfe5)
core   0: 0x8001147e (0x00002f17) auipc   t5, 0x2
core   0: 3 0x8001147e (0x00002f17) x30 0x8001347e
core   0: 0x80011482 (0xb83f2123) sw      gp, -1150(t5)
core   0: 3 0x80011482 (0xb83f2123) mem 0x80013000 0x00000001
core   0: 0x80011486 (0x0000bfe5) c.j     pc - 8
core   0: 3 0x80011486 (0xbfe5)
core   0: 0x8001147e (0x00002f17) auipc   t5, 0x2
core   0: 3 0x8001147e (0x00002f17) x30 0x8001347e
core   0: 0x80011482 (0xb83f2123) sw      gp, -1150(t5)
core   0: 3 0x80011482 (0xb83f2123) mem 0x80013000 0x00000001
core   0: 0x80011486 (0x0000bfe5) c.j     pc - 8
core   0: 3 0x80011486 (0xbfe5)
core   0: 0x8001147e (0x00002f17) auipc   t5, 0x2
core   0: 3 0x8001147e (0x00002f17) x30 0x8001347e
core   0: 0x80011482 (0xb83f2123) sw      gp, -1150(t5)
core   0: 3 0x80011482 (0xb83f2123) mem 0x80013000 0x00000001
core   0: 0x80011486 (0x0000bfe5) c.j     pc - 8
core   0: 3 0x80011486 (0xbfe5)
core   0: 0x8001147e (0x00002f17) auipc   t5, 0x2
core   0: 3 0x8001147e (0x00002f17) x30 0x8001347e
core   0: 0x80011482 (0xb83f2123) sw      gp, -1150(t5)
core   0: 3 0x80011482 (0xb83f2123) mem 0x80013000 0x00000001
core   0: 0x80011486 (0x0000bfe5) c.j     pc - 8
core   0: 3 0x80011486 (0xbfe5)
core   0: 0x8001147e (0x00002f17) auipc   t5, 0x2
core   0: 3 0x8001147e (0x00002f17) x30 0x8001347e
core   0: 0x80011482 (0xb83f2123) sw      gp, -1150(t5)
core   0: 3 0x80011482 (0xb83f2123) mem 0x80013000 0x00000001
core   0: 0x80011486 (0x0000bfe5) c.j     pc - 8
core   0: 3 0x80011486 (0xbfe5)
core   0: 0x8001147e (0x00002f17) auipc   t5, 0x2
core   0: 3 0x8001147e (0x00002f17) x30 0x8001347e
core   0: 0x80011482 (0xb83f2123) sw      gp, -1150(t5)
core   0: 3 0x80011482 (0xb83f2123) mem 0x80013000 0x00000001
core   0: 0x80011486 (0x0000bfe5) c.j     pc - 8
core   0: 3 0x80011486 (0xbfe5)
core   0: 0x8001147e (0x00002f17) auipc   t5, 0x2
core   0: 3 0x8001147e (0x00002f17) x30 0x8001347e
core   0: 0x80011482 (0xb83f2123) sw      gp, -1150(t5)
core   0: 3 0x80011482 (0xb83f2123) mem 0x80013000 0x00000001
core   0: 0x80011486 (0x0000bfe5) c.j     pc - 8
core   0: 3 0x80011486 (0xbfe5)
core   0: 0x8001147e (0x00002f17) auipc   t5, 0x2
core   0: 3 0x8001147e (0x00002f17) x30 0x8001347e
core   0: 0x80011482 (0xb83f2123) sw      gp, -1150(t5)
core   0: 3 0x80011482 (0xb83f2123) mem 0x80013000 0x00000001
core   0: 0x80011486 (0x0000bfe5) c.j     pc - 8
core   0: 3 0x80011486 (0xbfe5)
core   0: 0x8001147e (0x00002f17) auipc   t5, 0x2
core   0: 3 0x8001147e (0x00002f17) x30 0x8001347e
core   0: 0x80011482 (0xb83f2123) sw      gp, -1150(t5)
core   0: 3 0x80011482 (0xb83f2123) mem 0x80013000 0x00000001
core   0: 0x80011486 (0x0000bfe5) c.j     pc - 8
core   0: 3 0x80011486 (0xbfe5)
core   0: 0x8001147e (0x00002f17) auipc   t5, 0x2
core   0: 3 0x8001147e (0x00002f17) x30 0x8001347e
core   0: 0x80011482 (0xb83f2123) sw      gp, -1150(t5)
core   0: 3 0x80011482 (0xb83f2123) mem 0x80013000 0x00000001
core   0: 0x80011486 (0x0000bfe5) c.j     pc - 8
core   0: 3 0x80011486 (0xbfe5)
core   0: 0x8001147e (0x00002f17) auipc   t5, 0x2
core   0: 3 0x8001147e (0x00002f17) x30 0x8001347e
core   0: 0x80011482 (0xb83f2123) sw      gp, -1150(t5)
core   0: 3 0x80011482 (0xb83f2123) mem 0x80013000 0x00000001
core   0: 0x80011486 (0x0000bfe5) c.j     pc - 8
core   0: 3 0x80011486 (0xbfe5)
core   0: 0x8001147e (0x00002f17) auipc   t5, 0x2
core   0: 3 0x8001147e (0x00002f17) x30 0x8001347e
core   0: 0x80011482 (0xb83f2123) sw      gp, -1150(t5)
core   0: 3 0x80011482 (0xb83f2123) mem 0x80013000 0x00000001
core   0: 0x80011486 (0x0000bfe5) c.j     pc - 8
core   0: 3 0x80011486 (0xbfe5)
core   0: 0x8001147e (0x00002f17) auipc   t5, 0x2
core   0: 3 0x8001147e (0x00002f17) x30 0x8001347e
core   0: 0x80011482 (0xb83f2123) sw      gp, -1150(t5)
core   0: 3 0x80011482 (0xb83f2123) mem 0x80013000 0x00000001
core   0: 0x80011486 (0x0000bfe5) c.j     pc - 8
core   0: 3 0x80011486 (0xbfe5)
core   0: 0x8001147e (0x00002f17) auipc   t5, 0x2
core   0: 3 0x8001147e (0x00002f17) x30 0x8001347e
core   0: 0x80011482 (0xb83f2123) sw      gp, -1150(t5)
core   0: 3 0x80011482 (0xb83f2123) mem 0x80013000 0x00000001
core   0: 0x80011486 (0x0000bfe5) c.j     pc - 8
core   0: 3 0x80011486 (0xbfe5)
core   0: 0x8001147e (0x00002f17) auipc   t5, 0x2
core   0: 3 0x8001147e (0x00002f17) x30 0x8001347e
core   0: 0x80011482 (0xb83f2123) sw      gp, -1150(t5)
core   0: 3 0x80011482 (0xb83f2123) mem 0x80013000 0x00000001
core   0: 0x80011486 (0x0000bfe5) c.j     pc - 8
core   0: 3 0x80011486 (0xbfe5)
core   0: 0x8001147e (0x00002f17) auipc   t5, 0x2
core   0: 3 0x8001147e (0x00002f17) x30 0x8001347e
core   0: 0x80011482 (0xb83f2123) sw      gp, -1150(t5)
core   0: 3 0x80011482 (0xb83f2123) mem 0x80013000 0x00000001
core   0: 0x80011486 (0x0000bfe5) c.j     pc - 8
core   0: 3 0x80011486 (0xbfe5)
core   0: 0x8001147e (0x00002f17) auipc   t5, 0x2
core   0: 3 0x8001147e (0x00002f17) x30 0x8001347e
core   0: 0x80011482 (0xb83f2123) sw      gp, -1150(t5)
core   0: 3 0x80011482 (0xb83f2123) mem 0x80013000 0x00000001
core   0: 0x80011486 (0x0000bfe5) c.j     pc - 8
core   0: 3 0x80011486 (0xbfe5)
core   0: 0x8001147e (0x00002f17) auipc   t5, 0x2
core   0: 3 0x8001147e (0x00002f17) x30 0x8001347e
core   0: 0x80011482 (0xb83f2123) sw      gp, -1150(t5)
core   0: 3 0x80011482 (0xb83f2123) mem 0x80013000 0x00000001
core   0: 0x80011486 (0x0000bfe5) c.j     pc - 8
core   0: 3 0x80011486 (0xbfe5)
core   0: 0x8001147e (0x00002f17) auipc   t5, 0x2
core   0: 3 0x8001147e (0x00002f17) x30 0x8001347e
core   0: 0x80011482 (0xb83f2123) sw      gp, -1150(t5)
core   0: 3 0x80011482 (0xb83f2123) mem 0x80013000 0x00000001
core   0: 0x80011486 (0x0000bfe5) c.j     pc - 8
core   0: 3 0x80011486 (0xbfe5)
core   0: 0x8001147e (0x00002f17) auipc   t5, 0x2
core   0: 3 0x8001147e (0x00002f17) x30 0x8001347e
core   0: 0x80011482 (0xb83f2123) sw      gp, -1150(t5)
core   0: 3 0x80011482 (0xb83f2123) mem 0x80013000 0x00000001
core   0: 0x80011486 (0x0000bfe5) c.j     pc - 8
core   0: 3 0x80011486 (0xbfe5)
core   0: 0x8001147e (0x00002f17) auipc   t5, 0x2
core   0: 3 0x8001147e (0x00002f17) x30 0x8001347e
core   0: 0x80011482 (0xb83f2123) sw      gp, -1150(t5)
core   0: 3 0x80011482 (0xb83f2123) mem 0x80013000 0x00000001
core   0: 0x80011486 (0x0000bfe5) c.j     pc - 8
core   0: 3 0x80011486 (0xbfe5)
core   0: 0x8001147e (0x00002f17) auipc   t5, 0x2
core   0: 3 0x8001147e (0x00002f17) x30 0x8001347e
core   0: 0x80011482 (0xb83f2123) sw      gp, -1150(t5)
core   0: 3 0x80011482 (0xb83f2123) mem 0x80013000 0x00000001
core   0: 0x80011486 (0x0000bfe5) c.j     pc - 8
core   0: 3 0x80011486 (0xbfe5)
core   0: 0x8001147e (0x00002f17) auipc   t5, 0x2
core   0: 3 0x8001147e (0x00002f17) x30 0x8001347e
core   0: 0x80011482 (0xb83f2123) sw      gp, -1150(t5)
core   0: 3 0x80011482 (0xb83f2123) mem 0x80013000 0x00000001
core   0: 0x80011486 (0x0000bfe5) c.j     pc - 8
core   0: 3 0x80011486 (0xbfe5)
core   0: 0x8001147e (0x00002f17) auipc   t5, 0x2
core   0: 3 0x8001147e (0x00002f17) x30 0x8001347e
core   0: 0x80011482 (0xb83f2123) sw      gp, -1150(t5)
core   0: 3 0x80011482 (0xb83f2123) mem 0x80013000 0x00000001
core   0: 0x80011486 (0x0000bfe5) c.j     pc - 8
core   0: 3 0x80011486 (0xbfe5)
core   0: 0x8001147e (0x00002f17) auipc   t5, 0x2
core   0: 3 0x8001147e (0x00002f17) x30 0x8001347e
core   0: 0x80011482 (0xb83f2123) sw      gp, -1150(t5)
core   0: 3 0x80011482 (0xb83f2123) mem 0x80013000 0x00000001
core   0: 0x80011486 (0x0000bfe5) c.j     pc - 8
core   0: 3 0x80011486 (0xbfe5)
core   0: 0x8001147e (0x00002f17) auipc   t5, 0x2
core   0: 3 0x8001147e (0x00002f17) x30 0x8001347e
core   0: 0x80011482 (0xb83f2123) sw      gp, -1150(t5)
core   0: 3 0x80011482 (0xb83f2123) mem 0x80013000 0x00000001
core   0: 0x80011486 (0x0000bfe5) c.j     pc - 8
core   0: 3 0x80011486 (0xbfe5)
core   0: 0x8001147e (0x00002f17) auipc   t5, 0x2
core   0: 3 0x8001147e (0x00002f17) x30 0x8001347e
core   0: 0x80011482 (0xb83f2123) sw      gp, -1150(t5)
core   0: 3 0x80011482 (0xb83f2123) mem 0x80013000 0x00000001
core   0: 0x80011486 (0x0000bfe5) c.j     pc - 8
core   0: 3 0x80011486 (0xbfe5)
core   0: 0x8001147e (0x00002f17) auipc   t5, 0x2
core   0: 3 0x8001147e (0x00002f17) x30 0x8001347e
core   0: 0x80011482 (0xb83f2123) sw      gp, -1150(t5)
core   0: 3 0x80011482 (0xb83f2123) mem 0x80013000 0x00000001
core   0: 0x80011486 (0x0000bfe5) c.j     pc - 8
core   0: 3 0x80011486 (0xbfe5)
core   0: 0x8001147e (0x00002f17) auipc   t5, 0x2
core   0: 3 0x8001147e (0x00002f17) x30 0x8001347e
core   0: 0x80011482 (0xb83f2123) sw      gp, -1150(t5)
core   0: 3 0x80011482 (0xb83f2123) mem 0x80013000 0x00000001
core   0: 0x80011486 (0x0000bfe5) c.j     pc - 8
core   0: 3 0x80011486 (0xbfe5)
core   0: 0x8001147e (0x00002f17) auipc   t5, 0x2
core   0: 3 0x8001147e (0x00002f17) x30 0x8001347e
core   0: 0x80011482 (0xb83f2123) sw      gp, -1150(t5)
core   0: 3 0x80011482 (0xb83f2123) mem 0x80013000 0x00000001
core   0: 0x80011486 (0x0000bfe5) c.j     pc - 8
core   0: 3 0x80011486 (0xbfe5)
core   0: 0x8001147e (0x00002f17) auipc   t5, 0x2
core   0: 3 0x8001147e (0x00002f17) x30 0x8001347e
core   0: 0x80011482 (0xb83f2123) sw      gp, -1150(t5)
core   0: 3 0x80011482 (0xb83f2123) mem 0x80013000 0x00000001
core   0: 0x80011486 (0x0000bfe5) c.j     pc - 8
core   0: 3 0x80011486 (0xbfe5)
core   0: 0x8001147e (0x00002f17) auipc   t5, 0x2
core   0: 3 0x8001147e (0x00002f17) x30 0x8001347e
core   0: 0x80011482 (0xb83f2123) sw      gp, -1150(t5)
core   0: 3 0x80011482 (0xb83f2123) mem 0x80013000 0x00000001
core   0: 0x80011486 (0x0000bfe5) c.j     pc - 8
core   0: 3 0x80011486 (0xbfe5)
core   0: 0x8001147e (0x00002f17) auipc   t5, 0x2
core   0: 3 0x8001147e (0x00002f17) x30 0x8001347e
core   0: 0x80011482 (0xb83f2123) sw      gp, -1150(t5)
core   0: 3 0x80011482 (0xb83f2123) mem 0x80013000 0x00000001
core   0: 0x80011486 (0x0000bfe5) c.j     pc - 8
core   0: 3 0x80011486 (0xbfe5)
core   0: 0x8001147e (0x00002f17) auipc   t5, 0x2
core   0: 3 0x8001147e (0x00002f17) x30 0x8001347e
core   0: 0x80011482 (0xb83f2123) sw      gp, -1150(t5)
core   0: 3 0x80011482 (0xb83f2123) mem 0x80013000 0x00000001
core   0: 0x80011486 (0x0000bfe5) c.j     pc - 8
core   0: 3 0x80011486 (0xbfe5)
core   0: 0x8001147e (0x00002f17) auipc   t5, 0x2
core   0: 3 0x8001147e (0x00002f17) x30 0x8001347e
core   0: 0x80011482 (0xb83f2123) sw      gp, -1150(t5)
core   0: 3 0x80011482 (0xb83f2123) mem 0x80013000 0x00000001
core   0: 0x80011486 (0x0000bfe5) c.j     pc - 8
core   0: 3 0x80011486 (0xbfe5)
core   0: 0x8001147e (0x00002f17) auipc   t5, 0x2
core   0: 3 0x8001147e (0x00002f17) x30 0x8001347e
core   0: 0x80011482 (0xb83f2123) sw      gp, -1150(t5)
core   0: 3 0x80011482 (0xb83f2123) mem 0x80013000 0x00000001
core   0: 0x80011486 (0x0000bfe5) c.j     pc - 8
core   0: 3 0x80011486 (0xbfe5)
core   0: 0x8001147e (0x00002f17) auipc   t5, 0x2
core   0: 3 0x8001147e (0x00002f17) x30 0x8001347e
core   0: 0x80011482 (0xb83f2123) sw      gp, -1150(t5)
core   0: 3 0x80011482 (0xb83f2123) mem 0x80013000 0x00000001
core   0: 0x80011486 (0x0000bfe5) c.j     pc - 8
core   0: 3 0x80011486 (0xbfe5)
core   0: 0x8001147e (0x00002f17) auipc   t5, 0x2
core   0: 3 0x8001147e (0x00002f17) x30 0x8001347e
core   0: 0x80011482 (0xb83f2123) sw      gp, -1150(t5)
core   0: 3 0x80011482 (0xb83f2123) mem 0x80013000 0x00000001
core   0: 0x80011486 (0x0000bfe5) c.j     pc - 8
core   0: 3 0x80011486 (0xbfe5)
core   0: 0x8001147e (0x00002f17) auipc   t5, 0x2
core   0: 3 0x8001147e (0x00002f17) x30 0x8001347e
core   0: 0x80011482 (0xb83f2123) sw      gp, -1150(t5)
core   0: 3 0x80011482 (0xb83f2123) mem 0x80013000 0x00000001
core   0: 0x80011486 (0x0000bfe5) c.j     pc - 8
core   0: 3 0x80011486 (0xbfe5)
core   0: 0x8001147e (0x00002f17) auipc   t5, 0x2
core   0: 3 0x8001147e (0x00002f17) x30 0x8001347e
core   0: 0x80011482 (0xb83f2123) sw      gp, -1150(t5)
core   0: 3 0x80011482 (0xb83f2123) mem 0x80013000 0x00000001
core   0: 0x80011486 (0x0000bfe5) c.j     pc - 8
core   0: 3 0x80011486 (0xbfe5)
core   0: 0x8001147e (0x00002f17) auipc   t5, 0x2
core   0: 3 0x8001147e (0x00002f17) x30 0x8001347e
core   0: 0x80011482 (0xb83f2123) sw      gp, -1150(t5)
core   0: 3 0x80011482 (0xb83f2123) mem 0x80013000 0x00000001
core   0: 0x80011486 (0x0000bfe5) c.j     pc - 8
core   0: 3 0x80011486 (0xbfe5)
core   0: 0x8001147e (0x00002f17) auipc   t5, 0x2
core   0: 3 0x8001147e (0x00002f17) x30 0x8001347e
core   0: 0x80011482 (0xb83f2123) sw      gp, -1150(t5)
core   0: 3 0x80011482 (0xb83f2123) mem 0x80013000 0x00000001
core   0: 0x80011486 (0x0000bfe5) c.j     pc - 8
core   0: 3 0x80011486 (0xbfe5)
core   0: 0x8001147e (0x00002f17) auipc   t5, 0x2
core   0: 3 0x8001147e (0x00002f17) x30 0x8001347e
core   0: 0x80011482 (0xb83f2123) sw      gp, -1150(t5)
core   0: 3 0x80011482 (0xb83f2123) mem 0x80013000 0x00000001
core   0: 0x80011486 (0x0000bfe5) c.j     pc - 8
core   0: 3 0x80011486 (0xbfe5)
core   0: 0x8001147e (0x00002f17) auipc   t5, 0x2
core   0: 3 0x8001147e (0x00002f17) x30 0x8001347e
core   0: 0x80011482 (0xb83f2123) sw      gp, -1150(t5)
core   0: 3 0x80011482 (0xb83f2123) mem 0x80013000 0x00000001
core   0: 0x80011486 (0x0000bfe5) c.j     pc - 8
core   0: 3 0x80011486 (0xbfe5)
core   0: 0x8001147e (0x00002f17) auipc   t5, 0x2
core   0: 3 0x8001147e (0x00002f17) x30 0x8001347e
core   0: 0x80011482 (0xb83f2123) sw      gp, -1150(t5)
core   0: 3 0x80011482 (0xb83f2123) mem 0x80013000 0x00000001
core   0: 0x80011486 (0x0000bfe5) c.j     pc - 8
core   0: 3 0x80011486 (0xbfe5)
core   0: 0x8001147e (0x00002f17) auipc   t5, 0x2
core   0: 3 0x8001147e (0x00002f17) x30 0x8001347e
core   0: 0x80011482 (0xb83f2123) sw      gp, -1150(t5)
core   0: 3 0x80011482 (0xb83f2123) mem 0x80013000 0x00000001
core   0: 0x80011486 (0x0000bfe5) c.j     pc - 8
core   0: 3 0x80011486 (0xbfe5)
core   0: 0x8001147e (0x00002f17) auipc   t5, 0x2
core   0: 3 0x8001147e (0x00002f17) x30 0x8001347e
core   0: 0x80011482 (0xb83f2123) sw      gp, -1150(t5)
core   0: 3 0x80011482 (0xb83f2123) mem 0x80013000 0x00000001
core   0: 0x80011486 (0x0000bfe5) c.j     pc - 8
core   0: 3 0x80011486 (0xbfe5)
core   0: 0x8001147e (0x00002f17) auipc   t5, 0x2
core   0: 3 0x8001147e (0x00002f17) x30 0x8001347e
core   0: 0x80011482 (0xb83f2123) sw      gp, -1150(t5)
core   0: 3 0x80011482 (0xb83f2123) mem 0x80013000 0x00000001
core   0: 0x80011486 (0x0000bfe5) c.j     pc - 8
core   0: 3 0x80011486 (0xbfe5)
core   0: 0x8001147e (0x00002f17) auipc   t5, 0x2
core   0: 3 0x8001147e (0x00002f17) x30 0x8001347e
core   0: 0x80011482 (0xb83f2123) sw      gp, -1150(t5)
core   0: 3 0x80011482 (0xb83f2123) mem 0x80013000 0x00000001
core   0: 0x80011486 (0x0000bfe5) c.j     pc - 8
core   0: 3 0x80011486 (0xbfe5)
core   0: 0x8001147e (0x00002f17) auipc   t5, 0x2
core   0: 3 0x8001147e (0x00002f17) x30 0x8001347e
core   0: 0x80011482 (0xb83f2123) sw      gp, -1150(t5)
core   0: 3 0x80011482 (0xb83f2123) mem 0x80013000 0x00000001
core   0: 0x80011486 (0x0000bfe5) c.j     pc - 8
core   0: 3 0x80011486 (0xbfe5)
core   0: 0x8001147e (0x00002f17) auipc   t5, 0x2
core   0: 3 0x8001147e (0x00002f17) x30 0x8001347e
core   0: 0x80011482 (0xb83f2123) sw      gp, -1150(t5)
core   0: 3 0x80011482 (0xb83f2123) mem 0x80013000 0x00000001
core   0: 0x80011486 (0x0000bfe5) c.j     pc - 8
core   0: 3 0x80011486 (0xbfe5)
core   0: 0x8001147e (0x00002f17) auipc   t5, 0x2
core   0: 3 0x8001147e (0x00002f17) x30 0x8001347e
core   0: 0x80011482 (0xb83f2123) sw      gp, -1150(t5)
core   0: 3 0x80011482 (0xb83f2123) mem 0x80013000 0x00000001
core   0: 0x80011486 (0x0000bfe5) c.j     pc - 8
core   0: 3 0x80011486 (0xbfe5)
core   0: 0x8001147e (0x00002f17) auipc   t5, 0x2
core   0: 3 0x8001147e (0x00002f17) x30 0x8001347e
core   0: 0x80011482 (0xb83f2123) sw      gp, -1150(t5)
core   0: 3 0x80011482 (0xb83f2123) mem 0x80013000 0x00000001
core   0: 0x80011486 (0x0000bfe5) c.j     pc - 8
core   0: 3 0x80011486 (0xbfe5)
core   0: 0x8001147e (0x00002f17) auipc   t5, 0x2
core   0: 3 0x8001147e (0x00002f17) x30 0x8001347e
core   0: 0x80011482 (0xb83f2123) sw      gp, -1150(t5)
core   0: 3 0x80011482 (0xb83f2123) mem 0x80013000 0x00000001
core   0: 0x80011486 (0x0000bfe5) c.j     pc - 8
core   0: 3 0x80011486 (0xbfe5)
core   0: 0x8001147e (0x00002f17) auipc   t5, 0x2
core   0: 3 0x8001147e (0x00002f17) x30 0x8001347e
core   0: 0x80011482 (0xb83f2123) sw      gp, -1150(t5)
core   0: 3 0x80011482 (0xb83f2123) mem 0x80013000 0x00000001
core   0: 0x80011486 (0x0000bfe5) c.j     pc - 8
core   0: 3 0x80011486 (0xbfe5)
core   0: 0x8001147e (0x00002f17) auipc   t5, 0x2
core   0: 3 0x8001147e (0x00002f17) x30 0x8001347e
core   0: 0x80011482 (0xb83f2123) sw      gp, -1150(t5)
core   0: 3 0x80011482 (0xb83f2123) mem 0x80013000 0x00000001
core   0: 0x80011486 (0x0000bfe5) c.j     pc - 8
core   0: 3 0x80011486 (0xbfe5)
core   0: 0x8001147e (0x00002f17) auipc   t5, 0x2
core   0: 3 0x8001147e (0x00002f17) x30 0x8001347e
core   0: 0x80011482 (0xb83f2123) sw      gp, -1150(t5)
core   0: 3 0x80011482 (0xb83f2123) mem 0x80013000 0x00000001
core   0: 0x80011486 (0x0000bfe5) c.j     pc - 8
core   0: 3 0x80011486 (0xbfe5)
core   0: 0x8001147e (0x00002f17) auipc   t5, 0x2
core   0: 3 0x8001147e (0x00002f17) x30 0x8001347e
core   0: 0x80011482 (0xb83f2123) sw      gp, -1150(t5)
core   0: 3 0x80011482 (0xb83f2123) mem 0x80013000 0x00000001
core   0: 0x80011486 (0x0000bfe5) c.j     pc - 8
core   0: 3 0x80011486 (0xbfe5)
core   0: 0x8001147e (0x00002f17) auipc   t5, 0x2
core   0: 3 0x8001147e (0x00002f17) x30 0x8001347e
core   0: 0x80011482 (0xb83f2123) sw      gp, -1150(t5)
core   0: 3 0x80011482 (0xb83f2123) mem 0x80013000 0x00000001
core   0: 0x80011486 (0x0000bfe5) c.j     pc - 8
core   0: 3 0x80011486 (0xbfe5)
core   0: 0x8001147e (0x00002f17) auipc   t5, 0x2
core   0: 3 0x8001147e (0x00002f17) x30 0x8001347e
core   0: 0x80011482 (0xb83f2123) sw      gp, -1150(t5)
core   0: 3 0x80011482 (0xb83f2123) mem 0x80013000 0x00000001
core   0: 0x80011486 (0x0000bfe5) c.j     pc - 8
core   0: 3 0x80011486 (0xbfe5)
core   0: 0x8001147e (0x00002f17) auipc   t5, 0x2
core   0: 3 0x8001147e (0x00002f17) x30 0x8001347e
core   0: 0x80011482 (0xb83f2123) sw      gp, -1150(t5)
core   0: 3 0x80011482 (0xb83f2123) mem 0x80013000 0x00000001
core   0: 0x80011486 (0x0000bfe5) c.j     pc - 8
core   0: 3 0x80011486 (0xbfe5)
core   0: 0x8001147e (0x00002f17) auipc   t5, 0x2
core   0: 3 0x8001147e (0x00002f17) x30 0x8001347e
core   0: 0x80011482 (0xb83f2123) sw      gp, -1150(t5)
core   0: 3 0x80011482 (0xb83f2123) mem 0x80013000 0x00000001
core   0: 0x80011486 (0x0000bfe5) c.j     pc - 8
core   0: 3 0x80011486 (0xbfe5)
core   0: 0x8001147e (0x00002f17) auipc   t5, 0x2
core   0: 3 0x8001147e (0x00002f17) x30 0x8001347e
core   0: 0x80011482 (0xb83f2123) sw      gp, -1150(t5)
core   0: 3 0x80011482 (0xb83f2123) mem 0x80013000 0x00000001
core   0: 0x80011486 (0x0000bfe5) c.j     pc - 8
core   0: 3 0x80011486 (0xbfe5)
core   0: 0x8001147e (0x00002f17) auipc   t5, 0x2
core   0: 3 0x8001147e (0x00002f17) x30 0x8001347e
core   0: 0x80011482 (0xb83f2123) sw      gp, -1150(t5)
core   0: 3 0x80011482 (0xb83f2123) mem 0x80013000 0x00000001
core   0: 0x80011486 (0x0000bfe5) c.j     pc - 8
core   0: 3 0x80011486 (0xbfe5)
core   0: 0x8001147e (0x00002f17) auipc   t5, 0x2
core   0: 3 0x8001147e (0x00002f17) x30 0x8001347e
core   0: 0x80011482 (0xb83f2123) sw      gp, -1150(t5)
core   0: 3 0x80011482 (0xb83f2123) mem 0x80013000 0x00000001
core   0: 0x80011486 (0x0000bfe5) c.j     pc - 8
core   0: 3 0x80011486 (0xbfe5)
core   0: 0x8001147e (0x00002f17) auipc   t5, 0x2
core   0: 3 0x8001147e (0x00002f17) x30 0x8001347e
core   0: 0x80011482 (0xb83f2123) sw      gp, -1150(t5)
core   0: 3 0x80011482 (0xb83f2123) mem 0x80013000 0x00000001
core   0: 0x80011486 (0x0000bfe5) c.j     pc - 8
core   0: 3 0x80011486 (0xbfe5)
core   0: 0x8001147e (0x00002f17) auipc   t5, 0x2
core   0: 3 0x8001147e (0x00002f17) x30 0x8001347e
core   0: 0x80011482 (0xb83f2123) sw      gp, -1150(t5)
core   0: 3 0x80011482 (0xb83f2123) mem 0x80013000 0x00000001
core   0: 0x80011486 (0x0000bfe5) c.j     pc - 8
core   0: 3 0x80011486 (0xbfe5)
core   0: 0x8001147e (0x00002f17) auipc   t5, 0x2
core   0: 3 0x8001147e (0x00002f17) x30 0x8001347e
core   0: 0x80011482 (0xb83f2123) sw      gp, -1150(t5)
core   0: 3 0x80011482 (0xb83f2123) mem 0x80013000 0x00000001
core   0: 0x80011486 (0x0000bfe5) c.j     pc - 8
core   0: 3 0x80011486 (0xbfe5)
core   0: 0x8001147e (0x00002f17) auipc   t5, 0x2
core   0: 3 0x8001147e (0x00002f17) x30 0x8001347e
core   0: 0x80011482 (0xb83f2123) sw      gp, -1150(t5)
core   0: 3 0x80011482 (0xb83f2123) mem 0x80013000 0x00000001
core   0: 0x80011486 (0x0000bfe5) c.j     pc - 8
core   0: 3 0x80011486 (0xbfe5)
core   0: 0x8001147e (0x00002f17) auipc   t5, 0x2
core   0: 3 0x8001147e (0x00002f17) x30 0x8001347e
core   0: 0x80011482 (0xb83f2123) sw      gp, -1150(t5)
core   0: 3 0x80011482 (0xb83f2123) mem 0x80013000 0x00000001
core   0: 0x80011486 (0x0000bfe5) c.j     pc - 8
core   0: 3 0x80011486 (0xbfe5)
core   0: 0x8001147e (0x00002f17) auipc   t5, 0x2
core   0: 3 0x8001147e (0x00002f17) x30 0x8001347e
core   0: 0x80011482 (0xb83f2123) sw      gp, -1150(t5)
core   0: 3 0x80011482 (0xb83f2123) mem 0x80013000 0x00000001
core   0: 0x80011486 (0x0000bfe5) c.j     pc - 8
core   0: 3 0x80011486 (0xbfe5)
core   0: 0x8001147e (0x00002f17) auipc   t5, 0x2
core   0: 3 0x8001147e (0x00002f17) x30 0x8001347e
core   0: 0x80011482 (0xb83f2123) sw      gp, -1150(t5)
core   0: 3 0x80011482 (0xb83f2123) mem 0x80013000 0x00000001
core   0: 0x80011486 (0x0000bfe5) c.j     pc - 8
core   0: 3 0x80011486 (0xbfe5)
core   0: 0x8001147e (0x00002f17) auipc   t5, 0x2
core   0: 3 0x8001147e (0x00002f17) x30 0x8001347e
core   0: 0x80011482 (0xb83f2123) sw      gp, -1150(t5)
core   0: 3 0x80011482 (0xb83f2123) mem 0x80013000 0x00000001
core   0: 0x80011486 (0x0000bfe5) c.j     pc - 8
core   0: 3 0x80011486 (0xbfe5)
core   0: 0x8001147e (0x00002f17) auipc   t5, 0x2
core   0: 3 0x8001147e (0x00002f17) x30 0x8001347e
core   0: 0x80011482 (0xb83f2123) sw      gp, -1150(t5)
core   0: 3 0x80011482 (0xb83f2123) mem 0x80013000 0x00000001
core   0: 0x80011486 (0x0000bfe5) c.j     pc - 8
core   0: 3 0x80011486 (0xbfe5)
core   0: 0x8001147e (0x00002f17) auipc   t5, 0x2
core   0: 3 0x8001147e (0x00002f17) x30 0x8001347e
core   0: 0x80011482 (0xb83f2123) sw      gp, -1150(t5)
core   0: 3 0x80011482 (0xb83f2123) mem 0x80013000 0x00000001
core   0: 0x80011486 (0x0000bfe5) c.j     pc - 8
core   0: 3 0x80011486 (0xbfe5)
core   0: 0x8001147e (0x00002f17) auipc   t5, 0x2
core   0: 3 0x8001147e (0x00002f17) x30 0x8001347e
core   0: 0x80011482 (0xb83f2123) sw      gp, -1150(t5)
core   0: 3 0x80011482 (0xb83f2123) mem 0x80013000 0x00000001
core   0: 0x80011486 (0x0000bfe5) c.j     pc - 8
core   0: 3 0x80011486 (0xbfe5)
core   0: 0x8001147e (0x00002f17) auipc   t5, 0x2
core   0: 3 0x8001147e (0x00002f17) x30 0x8001347e
core   0: 0x80011482 (0xb83f2123) sw      gp, -1150(t5)
core   0: 3 0x80011482 (0xb83f2123) mem 0x80013000 0x00000001
core   0: 0x80011486 (0x0000bfe5) c.j     pc - 8
core   0: 3 0x80011486 (0xbfe5)
core   0: 0x8001147e (0x00002f17) auipc   t5, 0x2
core   0: 3 0x8001147e (0x00002f17) x30 0x8001347e
core   0: 0x80011482 (0xb83f2123) sw      gp, -1150(t5)
core   0: 3 0x80011482 (0xb83f2123) mem 0x80013000 0x00000001
core   0: 0x80011486 (0x0000bfe5) c.j     pc - 8
core   0: 3 0x80011486 (0xbfe5)
core   0: 0x8001147e (0x00002f17) auipc   t5, 0x2
core   0: 3 0x8001147e (0x00002f17) x30 0x8001347e
core   0: 0x80011482 (0xb83f2123) sw      gp, -1150(t5)
core   0: 3 0x80011482 (0xb83f2123) mem 0x80013000 0x00000001
core   0: 0x80011486 (0x0000bfe5) c.j     pc - 8
core   0: 3 0x80011486 (0xbfe5)
core   0: 0x8001147e (0x00002f17) auipc   t5, 0x2
core   0: 3 0x8001147e (0x00002f17) x30 0x8001347e
core   0: 0x80011482 (0xb83f2123) sw      gp, -1150(t5)
core   0: 3 0x80011482 (0xb83f2123) mem 0x80013000 0x00000001
core   0: 0x80011486 (0x0000bfe5) c.j     pc - 8
core   0: 3 0x80011486 (0xbfe5)
core   0: 0x8001147e (0x00002f17) auipc   t5, 0x2
core   0: 3 0x8001147e (0x00002f17) x30 0x8001347e
core   0: 0x80011482 (0xb83f2123) sw      gp, -1150(t5)
core   0: 3 0x80011482 (0xb83f2123) mem 0x80013000 0x00000001
core   0: 0x80011486 (0x0000bfe5) c.j     pc - 8
core   0: 3 0x80011486 (0xbfe5)
core   0: 0x8001147e (0x00002f17) auipc   t5, 0x2
core   0: 3 0x8001147e (0x00002f17) x30 0x8001347e
core   0: 0x80011482 (0xb83f2123) sw      gp, -1150(t5)
core   0: 3 0x80011482 (0xb83f2123) mem 0x80013000 0x00000001
core   0: 0x80011486 (0x0000bfe5) c.j     pc - 8
core   0: 3 0x80011486 (0xbfe5)
core   0: 0x8001147e (0x00002f17) auipc   t5, 0x2
core   0: 3 0x8001147e (0x00002f17) x30 0x8001347e
core   0: 0x80011482 (0xb83f2123) sw      gp, -1150(t5)
core   0: 3 0x80011482 (0xb83f2123) mem 0x80013000 0x00000001
core   0: 0x80011486 (0x0000bfe5) c.j     pc - 8
core   0: 3 0x80011486 (0xbfe5)
core   0: 0x8001147e (0x00002f17) auipc   t5, 0x2
core   0: 3 0x8001147e (0x00002f17) x30 0x8001347e
core   0: 0x80011482 (0xb83f2123) sw      gp, -1150(t5)
core   0: 3 0x80011482 (0xb83f2123) mem 0x80013000 0x00000001
core   0: 0x80011486 (0x0000bfe5) c.j     pc - 8
core   0: 3 0x80011486 (0xbfe5)
core   0: 0x8001147e (0x00002f17) auipc   t5, 0x2
core   0: 3 0x8001147e (0x00002f17) x30 0x8001347e
core   0: 0x80011482 (0xb83f2123) sw      gp, -1150(t5)
core   0: 3 0x80011482 (0xb83f2123) mem 0x80013000 0x00000001
core   0: 0x80011486 (0x0000bfe5) c.j     pc - 8
core   0: 3 0x80011486 (0xbfe5)
core   0: 0x8001147e (0x00002f17) auipc   t5, 0x2
core   0: 3 0x8001147e (0x00002f17) x30 0x8001347e
core   0: 0x80011482 (0xb83f2123) sw      gp, -1150(t5)
core   0: 3 0x80011482 (0xb83f2123) mem 0x80013000 0x00000001
core   0: 0x80011486 (0x0000bfe5) c.j     pc - 8
core   0: 3 0x80011486 (0xbfe5)
core   0: 0x8001147e (0x00002f17) auipc   t5, 0x2
core   0: 3 0x8001147e (0x00002f17) x30 0x8001347e
core   0: 0x80011482 (0xb83f2123) sw      gp, -1150(t5)
core   0: 3 0x80011482 (0xb83f2123) mem 0x80013000 0x00000001
core   0: 0x80011486 (0x0000bfe5) c.j     pc - 8
core   0: 3 0x80011486 (0xbfe5)
core   0: 0x8001147e (0x00002f17) auipc   t5, 0x2
core   0: 3 0x8001147e (0x00002f17) x30 0x8001347e
core   0: 0x80011482 (0xb83f2123) sw      gp, -1150(t5)
core   0: 3 0x80011482 (0xb83f2123) mem 0x80013000 0x00000001
core   0: 0x80011486 (0x0000bfe5) c.j     pc - 8
core   0: 3 0x80011486 (0xbfe5)
core   0: 0x8001147e (0x00002f17) auipc   t5, 0x2
core   0: 3 0x8001147e (0x00002f17) x30 0x8001347e
core   0: 0x80011482 (0xb83f2123) sw      gp, -1150(t5)
core   0: 3 0x80011482 (0xb83f2123) mem 0x80013000 0x00000001
core   0: 0x80011486 (0x0000bfe5) c.j     pc - 8
core   0: 3 0x80011486 (0xbfe5)
core   0: 0x8001147e (0x00002f17) auipc   t5, 0x2
core   0: 3 0x8001147e (0x00002f17) x30 0x8001347e
core   0: 0x80011482 (0xb83f2123) sw      gp, -1150(t5)
core   0: 3 0x80011482 (0xb83f2123) mem 0x80013000 0x00000001
core   0: 0x80011486 (0x0000bfe5) c.j     pc - 8
core   0: 3 0x80011486 (0xbfe5)
core   0: 0x8001147e (0x00002f17) auipc   t5, 0x2
core   0: 3 0x8001147e (0x00002f17) x30 0x8001347e
core   0: 0x80011482 (0xb83f2123) sw      gp, -1150(t5)
core   0: 3 0x80011482 (0xb83f2123) mem 0x80013000 0x00000001
core   0: 0x80011486 (0x0000bfe5) c.j     pc - 8
core   0: 3 0x80011486 (0xbfe5)
core   0: 0x8001147e (0x00002f17) auipc   t5, 0x2
core   0: 3 0x8001147e (0x00002f17) x30 0x8001347e
core   0: 0x80011482 (0xb83f2123) sw      gp, -1150(t5)
core   0: 3 0x80011482 (0xb83f2123) mem 0x80013000 0x00000001
core   0: 0x80011486 (0x0000bfe5) c.j     pc - 8
core   0: 3 0x80011486 (0xbfe5)
core   0: 0x8001147e (0x00002f17) auipc   t5, 0x2
core   0: 3 0x8001147e (0x00002f17) x30 0x8001347e
core   0: 0x80011482 (0xb83f2123) sw      gp, -1150(t5)
core   0: 3 0x80011482 (0xb83f2123) mem 0x80013000 0x00000001
core   0: 0x80011486 (0x0000bfe5) c.j     pc - 8
core   0: 3 0x80011486 (0xbfe5)
core   0: 0x8001147e (0x00002f17) auipc   t5, 0x2
core   0: 3 0x8001147e (0x00002f17) x30 0x8001347e
core   0: 0x80011482 (0xb83f2123) sw      gp, -1150(t5)
core   0: 3 0x80011482 (0xb83f2123) mem 0x80013000 0x00000001
core   0: 0x80011486 (0x0000bfe5) c.j     pc - 8
core   0: 3 0x80011486 (0xbfe5)
core   0: 0x8001147e (0x00002f17) auipc   t5, 0x2
core   0: 3 0x8001147e (0x00002f17) x30 0x8001347e
core   0: 0x80011482 (0xb83f2123) sw      gp, -1150(t5)
core   0: 3 0x80011482 (0xb83f2123) mem 0x80013000 0x00000001
core   0: 0x80011486 (0x0000bfe5) c.j     pc - 8
core   0: 3 0x80011486 (0xbfe5)
core   0: 0x8001147e (0x00002f17) auipc   t5, 0x2
core   0: 3 0x8001147e (0x00002f17) x30 0x8001347e
core   0: 0x80011482 (0xb83f2123) sw      gp, -1150(t5)
core   0: 3 0x80011482 (0xb83f2123) mem 0x80013000 0x00000001
core   0: 0x80011486 (0x0000bfe5) c.j     pc - 8
core   0: 3 0x80011486 (0xbfe5)
core   0: 0x8001147e (0x00002f17) auipc   t5, 0x2
core   0: 3 0x8001147e (0x00002f17) x30 0x8001347e
core   0: 0x80011482 (0xb83f2123) sw      gp, -1150(t5)
core   0: 3 0x80011482 (0xb83f2123) mem 0x80013000 0x00000001
core   0: 0x80011486 (0x0000bfe5) c.j     pc - 8
core   0: 3 0x80011486 (0xbfe5)
core   0: 0x8001147e (0x00002f17) auipc   t5, 0x2
core   0: 3 0x8001147e (0x00002f17) x30 0x8001347e
core   0: 0x80011482 (0xb83f2123) sw      gp, -1150(t5)
core   0: 3 0x80011482 (0xb83f2123) mem 0x80013000 0x00000001
core   0: 0x80011486 (0x0000bfe5) c.j     pc - 8
core   0: 3 0x80011486 (0xbfe5)
core   0: 0x8001147e (0x00002f17) auipc   t5, 0x2
core   0: 3 0x8001147e (0x00002f17) x30 0x8001347e
core   0: 0x80011482 (0xb83f2123) sw      gp, -1150(t5)
core   0: 3 0x80011482 (0xb83f2123) mem 0x80013000 0x00000001
core   0: 0x80011486 (0x0000bfe5) c.j     pc - 8
core   0: 3 0x80011486 (0xbfe5)
core   0: 0x8001147e (0x00002f17) auipc   t5, 0x2
core   0: 3 0x8001147e (0x00002f17) x30 0x8001347e
core   0: 0x80011482 (0xb83f2123) sw      gp, -1150(t5)
core   0: 3 0x80011482 (0xb83f2123) mem 0x80013000 0x00000001
core   0: 0x80011486 (0x0000bfe5) c.j     pc - 8
core   0: 3 0x80011486 (0xbfe5)
core   0: 0x8001147e (0x00002f17) auipc   t5, 0x2
core   0: 3 0x8001147e (0x00002f17) x30 0x8001347e
core   0: 0x80011482 (0xb83f2123) sw      gp, -1150(t5)
core   0: 3 0x80011482 (0xb83f2123) mem 0x80013000 0x00000001
core   0: 0x80011486 (0x0000bfe5) c.j     pc - 8
core   0: 3 0x80011486 (0xbfe5)
core   0: 0x8001147e (0x00002f17) auipc   t5, 0x2
core   0: 3 0x8001147e (0x00002f17) x30 0x8001347e
core   0: 0x80011482 (0xb83f2123) sw      gp, -1150(t5)
core   0: 3 0x80011482 (0xb83f2123) mem 0x80013000 0x00000001
core   0: 0x80011486 (0x0000bfe5) c.j     pc - 8
core   0: 3 0x80011486 (0xbfe5)
core   0: 0x8001147e (0x00002f17) auipc   t5, 0x2
core   0: 3 0x8001147e (0x00002f17) x30 0x8001347e
core   0: 0x80011482 (0xb83f2123) sw      gp, -1150(t5)
core   0: 3 0x80011482 (0xb83f2123) mem 0x80013000 0x00000001
core   0: 0x80011486 (0x0000bfe5) c.j     pc - 8
core   0: 3 0x80011486 (0xbfe5)
core   0: 0x8001147e (0x00002f17) auipc   t5, 0x2
core   0: 3 0x8001147e (0x00002f17) x30 0x8001347e
core   0: 0x80011482 (0xb83f2123) sw      gp, -1150(t5)
core   0: 3 0x80011482 (0xb83f2123) mem 0x80013000 0x00000001
core   0: 0x80011486 (0x0000bfe5) c.j     pc - 8
core   0: 3 0x80011486 (0xbfe5)
core   0: 0x8001147e (0x00002f17) auipc   t5, 0x2
core   0: 3 0x8001147e (0x00002f17) x30 0x8001347e
core   0: 0x80011482 (0xb83f2123) sw      gp, -1150(t5)
core   0: 3 0x80011482 (0xb83f2123) mem 0x80013000 0x00000001
core   0: 0x80011486 (0x0000bfe5) c.j     pc - 8
core   0: 3 0x80011486 (0xbfe5)
core   0: 0x8001147e (0x00002f17) auipc   t5, 0x2
core   0: 3 0x8001147e (0x00002f17) x30 0x8001347e
core   0: 0x80011482 (0xb83f2123) sw      gp, -1150(t5)
core   0: 3 0x80011482 (0xb83f2123) mem 0x80013000 0x00000001
core   0: 0x80011486 (0x0000bfe5) c.j     pc - 8
core   0: 3 0x80011486 (0xbfe5)
core   0: 0x8001147e (0x00002f17) auipc   t5, 0x2
core   0: 3 0x8001147e (0x00002f17) x30 0x8001347e
core   0: 0x80011482 (0xb83f2123) sw      gp, -1150(t5)
core   0: 3 0x80011482 (0xb83f2123) mem 0x80013000 0x00000001
core   0: 0x80011486 (0x0000bfe5) c.j     pc - 8
core   0: 3 0x80011486 (0xbfe5)
core   0: 0x8001147e (0x00002f17) auipc   t5, 0x2
core   0: 3 0x8001147e (0x00002f17) x30 0x8001347e
core   0: 0x80011482 (0xb83f2123) sw      gp, -1150(t5)
core   0: 3 0x80011482 (0xb83f2123) mem 0x80013000 0x00000001
core   0: 0x80011486 (0x0000bfe5) c.j     pc - 8
core   0: 3 0x80011486 (0xbfe5)
core   0: 0x8001147e (0x00002f17) auipc   t5, 0x2
core   0: 3 0x8001147e (0x00002f17) x30 0x8001347e
core   0: 0x80011482 (0xb83f2123) sw      gp, -1150(t5)
core   0: 3 0x80011482 (0xb83f2123) mem 0x80013000 0x00000001
core   0: 0x80011486 (0x0000bfe5) c.j     pc - 8
core   0: 3 0x80011486 (0xbfe5)
core   0: 0x8001147e (0x00002f17) auipc   t5, 0x2
core   0: 3 0x8001147e (0x00002f17) x30 0x8001347e
core   0: 0x80011482 (0xb83f2123) sw      gp, -1150(t5)
core   0: 3 0x80011482 (0xb83f2123) mem 0x80013000 0x00000001
core   0: 0x80011486 (0x0000bfe5) c.j     pc - 8
core   0: 3 0x80011486 (0xbfe5)
core   0: 0x8001147e (0x00002f17) auipc   t5, 0x2
core   0: 3 0x8001147e (0x00002f17) x30 0x8001347e
core   0: 0x80011482 (0xb83f2123) sw      gp, -1150(t5)
core   0: 3 0x80011482 (0xb83f2123) mem 0x80013000 0x00000001
core   0: 0x80011486 (0x0000bfe5) c.j     pc - 8
core   0: 3 0x80011486 (0xbfe5)
core   0: 0x8001147e (0x00002f17) auipc   t5, 0x2
core   0: 3 0x8001147e (0x00002f17) x30 0x8001347e
core   0: 0x80011482 (0xb83f2123) sw      gp, -1150(t5)
core   0: 3 0x80011482 (0xb83f2123) mem 0x80013000 0x00000001
core   0: 0x80011486 (0x0000bfe5) c.j     pc - 8
core   0: 3 0x80011486 (0xbfe5)
core   0: 0x8001147e (0x00002f17) auipc   t5, 0x2
core   0: 3 0x8001147e (0x00002f17) x30 0x8001347e
core   0: 0x80011482 (0xb83f2123) sw      gp, -1150(t5)
core   0: 3 0x80011482 (0xb83f2123) mem 0x80013000 0x00000001
core   0: 0x80011486 (0x0000bfe5) c.j     pc - 8
core   0: 3 0x80011486 (0xbfe5)
core   0: 0x8001147e (0x00002f17) auipc   t5, 0x2
core   0: 3 0x8001147e (0x00002f17) x30 0x8001347e
core   0: 0x80011482 (0xb83f2123) sw      gp, -1150(t5)
core   0: 3 0x80011482 (0xb83f2123) mem 0x80013000 0x00000001
core   0: 0x80011486 (0x0000bfe5) c.j     pc - 8
core   0: 3 0x80011486 (0xbfe5)
core   0: 0x8001147e (0x00002f17) auipc   t5, 0x2
core   0: 3 0x8001147e (0x00002f17) x30 0x8001347e
core   0: 0x80011482 (0xb83f2123) sw      gp, -1150(t5)
core   0: 3 0x80011482 (0xb83f2123) mem 0x80013000 0x00000001
core   0: 0x80011486 (0x0000bfe5) c.j     pc - 8
core   0: 3 0x80011486 (0xbfe5)
core   0: 0x8001147e (0x00002f17) auipc   t5, 0x2
core   0: 3 0x8001147e (0x00002f17) x30 0x8001347e
core   0: 0x80011482 (0xb83f2123) sw      gp, -1150(t5)
core   0: 3 0x80011482 (0xb83f2123) mem 0x80013000 0x00000001
core   0: 0x80011486 (0x0000bfe5) c.j     pc - 8
core   0: 3 0x80011486 (0xbfe5)
core   0: 0x8001147e (0x00002f17) auipc   t5, 0x2
core   0: 3 0x8001147e (0x00002f17) x30 0x8001347e
core   0: 0x80011482 (0xb83f2123) sw      gp, -1150(t5)
core   0: 3 0x80011482 (0xb83f2123) mem 0x80013000 0x00000001
core   0: 0x80011486 (0x0000bfe5) c.j     pc - 8
core   0: 3 0x80011486 (0xbfe5)
core   0: 0x8001147e (0x00002f17) auipc   t5, 0x2
core   0: 3 0x8001147e (0x00002f17) x30 0x8001347e
core   0: 0x80011482 (0xb83f2123) sw      gp, -1150(t5)
core   0: 3 0x80011482 (0xb83f2123) mem 0x80013000 0x00000001
core   0: 0x80011486 (0x0000bfe5) c.j     pc - 8
core   0: 3 0x80011486 (0xbfe5)
core   0: 0x8001147e (0x00002f17) auipc   t5, 0x2
core   0: 3 0x8001147e (0x00002f17) x30 0x8001347e
core   0: 0x80011482 (0xb83f2123) sw      gp, -1150(t5)
core   0: 3 0x80011482 (0xb83f2123) mem 0x80013000 0x00000001
core   0: 0x80011486 (0x0000bfe5) c.j     pc - 8
core   0: 3 0x80011486 (0xbfe5)
core   0: 0x8001147e (0x00002f17) auipc   t5, 0x2
core   0: 3 0x8001147e (0x00002f17) x30 0x8001347e
core   0: 0x80011482 (0xb83f2123) sw      gp, -1150(t5)
core   0: 3 0x80011482 (0xb83f2123) mem 0x80013000 0x00000001
core   0: 0x80011486 (0x0000bfe5) c.j     pc - 8
core   0: 3 0x80011486 (0xbfe5)
core   0: 0x8001147e (0x00002f17) auipc   t5, 0x2
core   0: 3 0x8001147e (0x00002f17) x30 0x8001347e
core   0: 0x80011482 (0xb83f2123) sw      gp, -1150(t5)
core   0: 3 0x80011482 (0xb83f2123) mem 0x80013000 0x00000001
core   0: 0x80011486 (0x0000bfe5) c.j     pc - 8
core   0: 3 0x80011486 (0xbfe5)
core   0: 0x8001147e (0x00002f17) auipc   t5, 0x2
core   0: 3 0x8001147e (0x00002f17) x30 0x8001347e
core   0: 0x80011482 (0xb83f2123) sw      gp, -1150(t5)
core   0: 3 0x80011482 (0xb83f2123) mem 0x80013000 0x00000001
core   0: 0x80011486 (0x0000bfe5) c.j     pc - 8
core   0: 3 0x80011486 (0xbfe5)
core   0: 0x8001147e (0x00002f17) auipc   t5, 0x2
core   0: 3 0x8001147e (0x00002f17) x30 0x8001347e
core   0: 0x80011482 (0xb83f2123) sw      gp, -1150(t5)
core   0: 3 0x80011482 (0xb83f2123) mem 0x80013000 0x00000001
core   0: 0x80011486 (0x0000bfe5) c.j     pc - 8
core   0: 3 0x80011486 (0xbfe5)
core   0: 0x8001147e (0x00002f17) auipc   t5, 0x2
core   0: 3 0x8001147e (0x00002f17) x30 0x8001347e
core   0: 0x80011482 (0xb83f2123) sw      gp, -1150(t5)
core   0: 3 0x80011482 (0xb83f2123) mem 0x80013000 0x00000001
core   0: 0x80011486 (0x0000bfe5) c.j     pc - 8
core   0: 3 0x80011486 (0xbfe5)
core   0: 0x8001147e (0x00002f17) auipc   t5, 0x2
core   0: 3 0x8001147e (0x00002f17) x30 0x8001347e
core   0: 0x80011482 (0xb83f2123) sw      gp, -1150(t5)
core   0: 3 0x80011482 (0xb83f2123) mem 0x80013000 0x00000001
core   0: 0x80011486 (0x0000bfe5) c.j     pc - 8
core   0: 3 0x80011486 (0xbfe5)
core   0: 0x8001147e (0x00002f17) auipc   t5, 0x2
core   0: 3 0x8001147e (0x00002f17) x30 0x8001347e
core   0: 0x80011482 (0xb83f2123) sw      gp, -1150(t5)
core   0: 3 0x80011482 (0xb83f2123) mem 0x80013000 0x00000001
core   0: 0x80011486 (0x0000bfe5) c.j     pc - 8
core   0: 3 0x80011486 (0xbfe5)
core   0: 0x8001147e (0x00002f17) auipc   t5, 0x2
core   0: 3 0x8001147e (0x00002f17) x30 0x8001347e
core   0: 0x80011482 (0xb83f2123) sw      gp, -1150(t5)
core   0: 3 0x80011482 (0xb83f2123) mem 0x80013000 0x00000001
core   0: 0x80011486 (0x0000bfe5) c.j     pc - 8
core   0: 3 0x80011486 (0xbfe5)
core   0: 0x8001147e (0x00002f17) auipc   t5, 0x2
core   0: 3 0x8001147e (0x00002f17) x30 0x8001347e
core   0: 0x80011482 (0xb83f2123) sw      gp, -1150(t5)
core   0: 3 0x80011482 (0xb83f2123) mem 0x80013000 0x00000001
core   0: 0x80011486 (0x0000bfe5) c.j     pc - 8
core   0: 3 0x80011486 (0xbfe5)
core   0: 0x8001147e (0x00002f17) auipc   t5, 0x2
core   0: 3 0x8001147e (0x00002f17) x30 0x8001347e
core   0: 0x80011482 (0xb83f2123) sw      gp, -1150(t5)
core   0: 3 0x80011482 (0xb83f2123) mem 0x80013000 0x00000001
core   0: 0x80011486 (0x0000bfe5) c.j     pc - 8
core   0: 3 0x80011486 (0xbfe5)
core   0: 0x8001147e (0x00002f17) auipc   t5, 0x2
core   0: 3 0x8001147e (0x00002f17) x30 0x8001347e
core   0: 0x80011482 (0xb83f2123) sw      gp, -1150(t5)
core   0: 3 0x80011482 (0xb83f2123) mem 0x80013000 0x00000001
core   0: 0x80011486 (0x0000bfe5) c.j     pc - 8
core   0: 3 0x80011486 (0xbfe5)
core   0: 0x8001147e (0x00002f17) auipc   t5, 0x2
core   0: 3 0x8001147e (0x00002f17) x30 0x8001347e
core   0: 0x80011482 (0xb83f2123) sw      gp, -1150(t5)
core   0: 3 0x80011482 (0xb83f2123) mem 0x80013000 0x00000001
core   0: 0x80011486 (0x0000bfe5) c.j     pc - 8
core   0: 3 0x80011486 (0xbfe5)
core   0: 0x8001147e (0x00002f17) auipc   t5, 0x2
core   0: 3 0x8001147e (0x00002f17) x30 0x8001347e
core   0: 0x80011482 (0xb83f2123) sw      gp, -1150(t5)
core   0: 3 0x80011482 (0xb83f2123) mem 0x80013000 0x00000001
core   0: 0x80011486 (0x0000bfe5) c.j     pc - 8
core   0: 3 0x80011486 (0xbfe5)
core   0: 0x8001147e (0x00002f17) auipc   t5, 0x2
core   0: 3 0x8001147e (0x00002f17) x30 0x8001347e
core   0: 0x80011482 (0xb83f2123) sw      gp, -1150(t5)
core   0: 3 0x80011482 (0xb83f2123) mem 0x80013000 0x00000001
core   0: 0x80011486 (0x0000bfe5) c.j     pc - 8
core   0: 3 0x80011486 (0xbfe5)
core   0: 0x8001147e (0x00002f17) auipc   t5, 0x2
core   0: 3 0x8001147e (0x00002f17) x30 0x8001347e
core   0: 0x80011482 (0xb83f2123) sw      gp, -1150(t5)
core   0: 3 0x80011482 (0xb83f2123) mem 0x80013000 0x00000001
core   0: 0x80011486 (0x0000bfe5) c.j     pc - 8
core   0: 3 0x80011486 (0xbfe5)
core   0: 0x8001147e (0x00002f17) auipc   t5, 0x2
core   0: 3 0x8001147e (0x00002f17) x30 0x8001347e
core   0: 0x80011482 (0xb83f2123) sw      gp, -1150(t5)
core   0: 3 0x80011482 (0xb83f2123) mem 0x80013000 0x00000001
core   0: 0x80011486 (0x0000bfe5) c.j     pc - 8
core   0: 3 0x80011486 (0xbfe5)
core   0: 0x8001147e (0x00002f17) auipc   t5, 0x2
core   0: 3 0x8001147e (0x00002f17) x30 0x8001347e
core   0: 0x80011482 (0xb83f2123) sw      gp, -1150(t5)
core   0: 3 0x80011482 (0xb83f2123) mem 0x80013000 0x00000001
core   0: 0x80011486 (0x0000bfe5) c.j     pc - 8
core   0: 3 0x80011486 (0xbfe5)
core   0: 0x8001147e (0x00002f17) auipc   t5, 0x2
core   0: 3 0x8001147e (0x00002f17) x30 0x8001347e
core   0: 0x80011482 (0xb83f2123) sw      gp, -1150(t5)
core   0: 3 0x80011482 (0xb83f2123) mem 0x80013000 0x00000001
core   0: 0x80011486 (0x0000bfe5) c.j     pc - 8
core   0: 3 0x80011486 (0xbfe5)
core   0: 0x8001147e (0x00002f17) auipc   t5, 0x2
core   0: 3 0x8001147e (0x00002f17) x30 0x8001347e
core   0: 0x80011482 (0xb83f2123) sw      gp, -1150(t5)
core   0: 3 0x80011482 (0xb83f2123) mem 0x80013000 0x00000001
core   0: 0x80011486 (0x0000bfe5) c.j     pc - 8
core   0: 3 0x80011486 (0xbfe5)
core   0: 0x8001147e (0x00002f17) auipc   t5, 0x2
core   0: 3 0x8001147e (0x00002f17) x30 0x8001347e
core   0: 0x80011482 (0xb83f2123) sw      gp, -1150(t5)
core   0: 3 0x80011482 (0xb83f2123) mem 0x80013000 0x00000001
core   0: 0x80011486 (0x0000bfe5) c.j     pc - 8
core   0: 3 0x80011486 (0xbfe5)
core   0: 0x8001147e (0x00002f17) auipc   t5, 0x2
core   0: 3 0x8001147e (0x00002f17) x30 0x8001347e
core   0: 0x80011482 (0xb83f2123) sw      gp, -1150(t5)
core   0: 3 0x80011482 (0xb83f2123) mem 0x80013000 0x00000001
core   0: 0x80011486 (0x0000bfe5) c.j     pc - 8
core   0: 3 0x80011486 (0xbfe5)
core   0: 0x8001147e (0x00002f17) auipc   t5, 0x2
core   0: 3 0x8001147e (0x00002f17) x30 0x8001347e
core   0: 0x80011482 (0xb83f2123) sw      gp, -1150(t5)
core   0: 3 0x80011482 (0xb83f2123) mem 0x80013000 0x00000001
core   0: 0x80011486 (0x0000bfe5) c.j     pc - 8
core   0: 3 0x80011486 (0xbfe5)
core   0: 0x8001147e (0x00002f17) auipc   t5, 0x2
core   0: 3 0x8001147e (0x00002f17) x30 0x8001347e
core   0: 0x80011482 (0xb83f2123) sw      gp, -1150(t5)
core   0: 3 0x80011482 (0xb83f2123) mem 0x80013000 0x00000001
core   0: 0x80011486 (0x0000bfe5) c.j     pc - 8
core   0: 3 0x80011486 (0xbfe5)
core   0: 0x8001147e (0x00002f17) auipc   t5, 0x2
core   0: 3 0x8001147e (0x00002f17) x30 0x8001347e
core   0: 0x80011482 (0xb83f2123) sw      gp, -1150(t5)
core   0: 3 0x80011482 (0xb83f2123) mem 0x80013000 0x00000001
core   0: 0x80011486 (0x0000bfe5) c.j     pc - 8
core   0: 3 0x80011486 (0xbfe5)
core   0: 0x8001147e (0x00002f17) auipc   t5, 0x2
core   0: 3 0x8001147e (0x00002f17) x30 0x8001347e
core   0: 0x80011482 (0xb83f2123) sw      gp, -1150(t5)
core   0: 3 0x80011482 (0xb83f2123) mem 0x80013000 0x00000001
core   0: 0x80011486 (0x0000bfe5) c.j     pc - 8
core   0: 3 0x80011486 (0xbfe5)
core   0: 0x8001147e (0x00002f17) auipc   t5, 0x2
core   0: 3 0x8001147e (0x00002f17) x30 0x8001347e
core   0: 0x80011482 (0xb83f2123) sw      gp, -1150(t5)
core   0: 3 0x80011482 (0xb83f2123) mem 0x80013000 0x00000001
core   0: 0x80011486 (0x0000bfe5) c.j     pc - 8
core   0: 3 0x80011486 (0xbfe5)
core   0: 0x8001147e (0x00002f17) auipc   t5, 0x2
core   0: 3 0x8001147e (0x00002f17) x30 0x8001347e
core   0: 0x80011482 (0xb83f2123) sw      gp, -1150(t5)
core   0: 3 0x80011482 (0xb83f2123) mem 0x80013000 0x00000001
core   0: 0x80011486 (0x0000bfe5) c.j     pc - 8
core   0: 3 0x80011486 (0xbfe5)
core   0: 0x8001147e (0x00002f17) auipc   t5, 0x2
core   0: 3 0x8001147e (0x00002f17) x30 0x8001347e
core   0: 0x80011482 (0xb83f2123) sw      gp, -1150(t5)
core   0: 3 0x80011482 (0xb83f2123) mem 0x80013000 0x00000001
core   0: 0x80011486 (0x0000bfe5) c.j     pc - 8
core   0: 3 0x80011486 (0xbfe5)
core   0: 0x8001147e (0x00002f17) auipc   t5, 0x2
core   0: 3 0x8001147e (0x00002f17) x30 0x8001347e
core   0: 0x80011482 (0xb83f2123) sw      gp, -1150(t5)
core   0: 3 0x80011482 (0xb83f2123) mem 0x80013000 0x00000001
core   0: 0x80011486 (0x0000bfe5) c.j     pc - 8
core   0: 3 0x80011486 (0xbfe5)
core   0: 0x8001147e (0x00002f17) auipc   t5, 0x2
core   0: 3 0x8001147e (0x00002f17) x30 0x8001347e
core   0: 0x80011482 (0xb83f2123) sw      gp, -1150(t5)
core   0: 3 0x80011482 (0xb83f2123) mem 0x80013000 0x00000001
core   0: 0x80011486 (0x0000bfe5) c.j     pc - 8
core   0: 3 0x80011486 (0xbfe5)
core   0: 0x8001147e (0x00002f17) auipc   t5, 0x2
core   0: 3 0x8001147e (0x00002f17) x30 0x8001347e
core   0: 0x80011482 (0xb83f2123) sw      gp, -1150(t5)
core   0: 3 0x80011482 (0xb83f2123) mem 0x80013000 0x00000001
core   0: 0x80011486 (0x0000bfe5) c.j     pc - 8
core   0: 3 0x80011486 (0xbfe5)
core   0: 0x8001147e (0x00002f17) auipc   t5, 0x2
core   0: 3 0x8001147e (0x00002f17) x30 0x8001347e
core   0: 0x80011482 (0xb83f2123) sw      gp, -1150(t5)
core   0: 3 0x80011482 (0xb83f2123) mem 0x80013000 0x00000001
core   0: 0x80011486 (0x0000bfe5) c.j     pc - 8
core   0: 3 0x80011486 (0xbfe5)
core   0: 0x8001147e (0x00002f17) auipc   t5, 0x2
core   0: 3 0x8001147e (0x00002f17) x30 0x8001347e
core   0: 0x80011482 (0xb83f2123) sw      gp, -1150(t5)
core   0: 3 0x80011482 (0xb83f2123) mem 0x80013000 0x00000001
core   0: 0x80011486 (0x0000bfe5) c.j     pc - 8
core   0: 3 0x80011486 (0xbfe5)
core   0: 0x8001147e (0x00002f17) auipc   t5, 0x2
core   0: 3 0x8001147e (0x00002f17) x30 0x8001347e
core   0: 0x80011482 (0xb83f2123) sw      gp, -1150(t5)
core   0: 3 0x80011482 (0xb83f2123) mem 0x80013000 0x00000001
core   0: 0x80011486 (0x0000bfe5) c.j     pc - 8
core   0: 3 0x80011486 (0xbfe5)
core   0: 0x8001147e (0x00002f17) auipc   t5, 0x2
core   0: 3 0x8001147e (0x00002f17) x30 0x8001347e
core   0: 0x80011482 (0xb83f2123) sw      gp, -1150(t5)
core   0: 3 0x80011482 (0xb83f2123) mem 0x80013000 0x00000001
core   0: 0x80011486 (0x0000bfe5) c.j     pc - 8
core   0: 3 0x80011486 (0xbfe5)
core   0: 0x8001147e (0x00002f17) auipc   t5, 0x2
core   0: 3 0x8001147e (0x00002f17) x30 0x8001347e
core   0: 0x80011482 (0xb83f2123) sw      gp, -1150(t5)
core   0: 3 0x80011482 (0xb83f2123) mem 0x80013000 0x00000001
core   0: 0x80011486 (0x0000bfe5) c.j     pc - 8
core   0: 3 0x80011486 (0xbfe5)
core   0: 0x8001147e (0x00002f17) auipc   t5, 0x2
core   0: 3 0x8001147e (0x00002f17) x30 0x8001347e
core   0: 0x80011482 (0xb83f2123) sw      gp, -1150(t5)
core   0: 3 0x80011482 (0xb83f2123) mem 0x80013000 0x00000001
core   0: 0x80011486 (0x0000bfe5) c.j     pc - 8
core   0: 3 0x80011486 (0xbfe5)
core   0: 0x8001147e (0x00002f17) auipc   t5, 0x2
core   0: 3 0x8001147e (0x00002f17) x30 0x8001347e
core   0: 0x80011482 (0xb83f2123) sw      gp, -1150(t5)
core   0: 3 0x80011482 (0xb83f2123) mem 0x80013000 0x00000001
core   0: 0x80011486 (0x0000bfe5) c.j     pc - 8
core   0: 3 0x80011486 (0xbfe5)
core   0: 0x8001147e (0x00002f17) auipc   t5, 0x2
core   0: 3 0x8001147e (0x00002f17) x30 0x8001347e
core   0: 0x80011482 (0xb83f2123) sw      gp, -1150(t5)
core   0: 3 0x80011482 (0xb83f2123) mem 0x80013000 0x00000001
core   0: 0x80011486 (0x0000bfe5) c.j     pc - 8
core   0: 3 0x80011486 (0xbfe5)
core   0: 0x8001147e (0x00002f17) auipc   t5, 0x2
core   0: 3 0x8001147e (0x00002f17) x30 0x8001347e
core   0: 0x80011482 (0xb83f2123) sw      gp, -1150(t5)
core   0: 3 0x80011482 (0xb83f2123) mem 0x80013000 0x00000001
core   0: 0x80011486 (0x0000bfe5) c.j     pc - 8
core   0: 3 0x80011486 (0xbfe5)
core   0: 0x8001147e (0x00002f17) auipc   t5, 0x2
core   0: 3 0x8001147e (0x00002f17) x30 0x8001347e
core   0: 0x80011482 (0xb83f2123) sw      gp, -1150(t5)
core   0: 3 0x80011482 (0xb83f2123) mem 0x80013000 0x00000001
core   0: 0x80011486 (0x0000bfe5) c.j     pc - 8
core   0: 3 0x80011486 (0xbfe5)
core   0: 0x8001147e (0x00002f17) auipc   t5, 0x2
core   0: 3 0x8001147e (0x00002f17) x30 0x8001347e
core   0: 0x80011482 (0xb83f2123) sw      gp, -1150(t5)
core   0: 3 0x80011482 (0xb83f2123) mem 0x80013000 0x00000001
core   0: 0x80011486 (0x0000bfe5) c.j     pc - 8
core   0: 3 0x80011486 (0xbfe5)
core   0: 0x8001147e (0x00002f17) auipc   t5, 0x2
core   0: 3 0x8001147e (0x00002f17) x30 0x8001347e
core   0: 0x80011482 (0xb83f2123) sw      gp, -1150(t5)
core   0: 3 0x80011482 (0xb83f2123) mem 0x80013000 0x00000001
core   0: 0x80011486 (0x0000bfe5) c.j     pc - 8
core   0: 3 0x80011486 (0xbfe5)
core   0: 0x8001147e (0x00002f17) auipc   t5, 0x2
core   0: 3 0x8001147e (0x00002f17) x30 0x8001347e
core   0: 0x80011482 (0xb83f2123) sw      gp, -1150(t5)
core   0: 3 0x80011482 (0xb83f2123) mem 0x80013000 0x00000001
core   0: 0x80011486 (0x0000bfe5) c.j     pc - 8
core   0: 3 0x80011486 (0xbfe5)
core   0: 0x8001147e (0x00002f17) auipc   t5, 0x2
core   0: 3 0x8001147e (0x00002f17) x30 0x8001347e
core   0: 0x80011482 (0xb83f2123) sw      gp, -1150(t5)
core   0: 3 0x80011482 (0xb83f2123) mem 0x80013000 0x00000001
core   0: 0x80011486 (0x0000bfe5) c.j     pc - 8
core   0: 3 0x80011486 (0xbfe5)
core   0: 0x8001147e (0x00002f17) auipc   t5, 0x2
core   0: 3 0x8001147e (0x00002f17) x30 0x8001347e
core   0: 0x80011482 (0xb83f2123) sw      gp, -1150(t5)
core   0: 3 0x80011482 (0xb83f2123) mem 0x80013000 0x00000001
core   0: 0x80011486 (0x0000bfe5) c.j     pc - 8
core   0: 3 0x80011486 (0xbfe5)
core   0: 0x8001147e (0x00002f17) auipc   t5, 0x2
core   0: 3 0x8001147e (0x00002f17) x30 0x8001347e
core   0: 0x80011482 (0xb83f2123) sw      gp, -1150(t5)
core   0: 3 0x80011482 (0xb83f2123) mem 0x80013000 0x00000001
core   0: 0x80011486 (0x0000bfe5) c.j     pc - 8
core   0: 3 0x80011486 (0xbfe5)
core   0: 0x8001147e (0x00002f17) auipc   t5, 0x2
core   0: 3 0x8001147e (0x00002f17) x30 0x8001347e
core   0: 0x80011482 (0xb83f2123) sw      gp, -1150(t5)
core   0: 3 0x80011482 (0xb83f2123) mem 0x80013000 0x00000001
core   0: 0x80011486 (0x0000bfe5) c.j     pc - 8
core   0: 3 0x80011486 (0xbfe5)
core   0: 0x8001147e (0x00002f17) auipc   t5, 0x2
core   0: 3 0x8001147e (0x00002f17) x30 0x8001347e
core   0: 0x80011482 (0xb83f2123) sw      gp, -1150(t5)
core   0: 3 0x80011482 (0xb83f2123) mem 0x80013000 0x00000001
core   0: 0x80011486 (0x0000bfe5) c.j     pc - 8
core   0: 3 0x80011486 (0xbfe5)
core   0: 0x8001147e (0x00002f17) auipc   t5, 0x2
core   0: 3 0x8001147e (0x00002f17) x30 0x8001347e
core   0: 0x80011482 (0xb83f2123) sw      gp, -1150(t5)
core   0: 3 0x80011482 (0xb83f2123) mem 0x80013000 0x00000001
core   0: 0x80011486 (0x0000bfe5) c.j     pc - 8
core   0: 3 0x80011486 (0xbfe5)
core   0: 0x8001147e (0x00002f17) auipc   t5, 0x2
core   0: 3 0x8001147e (0x00002f17) x30 0x8001347e
core   0: 0x80011482 (0xb83f2123) sw      gp, -1150(t5)
core   0: 3 0x80011482 (0xb83f2123) mem 0x80013000 0x00000001
core   0: 0x80011486 (0x0000bfe5) c.j     pc - 8
core   0: 3 0x80011486 (0xbfe5)
core   0: 0x8001147e (0x00002f17) auipc   t5, 0x2
core   0: 3 0x8001147e (0x00002f17) x30 0x8001347e
core   0: 0x80011482 (0xb83f2123) sw      gp, -1150(t5)
core   0: 3 0x80011482 (0xb83f2123) mem 0x80013000 0x00000001
core   0: 0x80011486 (0x0000bfe5) c.j     pc - 8
core   0: 3 0x80011486 (0xbfe5)
core   0: 0x8001147e (0x00002f17) auipc   t5, 0x2
core   0: 3 0x8001147e (0x00002f17) x30 0x8001347e
core   0: 0x80011482 (0xb83f2123) sw      gp, -1150(t5)
core   0: 3 0x80011482 (0xb83f2123) mem 0x80013000 0x00000001
core   0: 0x80011486 (0x0000bfe5) c.j     pc - 8
core   0: 3 0x80011486 (0xbfe5)
core   0: 0x8001147e (0x00002f17) auipc   t5, 0x2
core   0: 3 0x8001147e (0x00002f17) x30 0x8001347e
core   0: 0x80011482 (0xb83f2123) sw      gp, -1150(t5)
core   0: 3 0x80011482 (0xb83f2123) mem 0x80013000 0x00000001
core   0: 0x80011486 (0x0000bfe5) c.j     pc - 8
core   0: 3 0x80011486 (0xbfe5)
core   0: 0x8001147e (0x00002f17) auipc   t5, 0x2
core   0: 3 0x8001147e (0x00002f17) x30 0x8001347e
core   0: 0x80011482 (0xb83f2123) sw      gp, -1150(t5)
core   0: 3 0x80011482 (0xb83f2123) mem 0x80013000 0x00000001
core   0: 0x80011486 (0x0000bfe5) c.j     pc - 8
core   0: 3 0x80011486 (0xbfe5)
core   0: 0x8001147e (0x00002f17) auipc   t5, 0x2
core   0: 3 0x8001147e (0x00002f17) x30 0x8001347e
core   0: 0x80011482 (0xb83f2123) sw      gp, -1150(t5)
core   0: 3 0x80011482 (0xb83f2123) mem 0x80013000 0x00000001
core   0: 0x80011486 (0x0000bfe5) c.j     pc - 8
core   0: 3 0x80011486 (0xbfe5)
core   0: 0x8001147e (0x00002f17) auipc   t5, 0x2
core   0: 3 0x8001147e (0x00002f17) x30 0x8001347e
core   0: 0x80011482 (0xb83f2123) sw      gp, -1150(t5)
core   0: 3 0x80011482 (0xb83f2123) mem 0x80013000 0x00000001
core   0: 0x80011486 (0x0000bfe5) c.j     pc - 8
core   0: 3 0x80011486 (0xbfe5)
core   0: 0x8001147e (0x00002f17) auipc   t5, 0x2
core   0: 3 0x8001147e (0x00002f17) x30 0x8001347e
core   0: 0x80011482 (0xb83f2123) sw      gp, -1150(t5)
core   0: 3 0x80011482 (0xb83f2123) mem 0x80013000 0x00000001
core   0: 0x80011486 (0x0000bfe5) c.j     pc - 8
core   0: 3 0x80011486 (0xbfe5)
core   0: 0x8001147e (0x00002f17) auipc   t5, 0x2
core   0: 3 0x8001147e (0x00002f17) x30 0x8001347e
core   0: 0x80011482 (0xb83f2123) sw      gp, -1150(t5)
core   0: 3 0x80011482 (0xb83f2123) mem 0x80013000 0x00000001
core   0: 0x80011486 (0x0000bfe5) c.j     pc - 8
core   0: 3 0x80011486 (0xbfe5)
core   0: 0x8001147e (0x00002f17) auipc   t5, 0x2
core   0: 3 0x8001147e (0x00002f17) x30 0x8001347e
core   0: 0x80011482 (0xb83f2123) sw      gp, -1150(t5)
core   0: 3 0x80011482 (0xb83f2123) mem 0x80013000 0x00000001
core   0: 0x80011486 (0x0000bfe5) c.j     pc - 8
core   0: 3 0x80011486 (0xbfe5)
core   0: 0x8001147e (0x00002f17) auipc   t5, 0x2
core   0: 3 0x8001147e (0x00002f17) x30 0x8001347e
core   0: 0x80011482 (0xb83f2123) sw      gp, -1150(t5)
core   0: 3 0x80011482 (0xb83f2123) mem 0x80013000 0x00000001
core   0: 0x80011486 (0x0000bfe5) c.j     pc - 8
core   0: 3 0x80011486 (0xbfe5)
core   0: 0x8001147e (0x00002f17) auipc   t5, 0x2
core   0: 3 0x8001147e (0x00002f17) x30 0x8001347e
core   0: 0x80011482 (0xb83f2123) sw      gp, -1150(t5)
core   0: 3 0x80011482 (0xb83f2123) mem 0x80013000 0x00000001
core   0: 0x80011486 (0x0000bfe5) c.j     pc - 8
core   0: 3 0x80011486 (0xbfe5)
core   0: 0x8001147e (0x00002f17) auipc   t5, 0x2
core   0: 3 0x8001147e (0x00002f17) x30 0x8001347e
core   0: 0x80011482 (0xb83f2123) sw      gp, -1150(t5)
core   0: 3 0x80011482 (0xb83f2123) mem 0x80013000 0x00000001
core   0: 0x80011486 (0x0000bfe5) c.j     pc - 8
core   0: 3 0x80011486 (0xbfe5)
core   0: 0x8001147e (0x00002f17) auipc   t5, 0x2
core   0: 3 0x8001147e (0x00002f17) x30 0x8001347e
core   0: 0x80011482 (0xb83f2123) sw      gp, -1150(t5)
core   0: 3 0x80011482 (0xb83f2123) mem 0x80013000 0x00000001
core   0: 0x80011486 (0x0000bfe5) c.j     pc - 8
core   0: 3 0x80011486 (0xbfe5)
core   0: 0x8001147e (0x00002f17) auipc   t5, 0x2
core   0: 3 0x8001147e (0x00002f17) x30 0x8001347e
core   0: 0x80011482 (0xb83f2123) sw      gp, -1150(t5)
core   0: 3 0x80011482 (0xb83f2123) mem 0x80013000 0x00000001
core   0: 0x80011486 (0x0000bfe5) c.j     pc - 8
core   0: 3 0x80011486 (0xbfe5)
core   0: 0x8001147e (0x00002f17) auipc   t5, 0x2
core   0: 3 0x8001147e (0x00002f17) x30 0x8001347e
core   0: 0x80011482 (0xb83f2123) sw      gp, -1150(t5)
core   0: 3 0x80011482 (0xb83f2123) mem 0x80013000 0x00000001
core   0: 0x80011486 (0x0000bfe5) c.j     pc - 8
core   0: 3 0x80011486 (0xbfe5)
core   0: 0x8001147e (0x00002f17) auipc   t5, 0x2
core   0: 3 0x8001147e (0x00002f17) x30 0x8001347e
core   0: 0x80011482 (0xb83f2123) sw      gp, -1150(t5)
core   0: 3 0x80011482 (0xb83f2123) mem 0x80013000 0x00000001
core   0: 0x80011486 (0x0000bfe5) c.j     pc - 8
core   0: 3 0x80011486 (0xbfe5)
core   0: 0x8001147e (0x00002f17) auipc   t5, 0x2
core   0: 3 0x8001147e (0x00002f17) x30 0x8001347e
core   0: 0x80011482 (0xb83f2123) sw      gp, -1150(t5)
core   0: 3 0x80011482 (0xb83f2123) mem 0x80013000 0x00000001
core   0: 0x80011486 (0x0000bfe5) c.j     pc - 8
core   0: 3 0x80011486 (0xbfe5)
core   0: 0x8001147e (0x00002f17) auipc   t5, 0x2
core   0: 3 0x8001147e (0x00002f17) x30 0x8001347e
core   0: 0x80011482 (0xb83f2123) sw      gp, -1150(t5)
core   0: 3 0x80011482 (0xb83f2123) mem 0x80013000 0x00000001
core   0: 0x80011486 (0x0000bfe5) c.j     pc - 8
core   0: 3 0x80011486 (0xbfe5)
core   0: 0x8001147e (0x00002f17) auipc   t5, 0x2
core   0: 3 0x8001147e (0x00002f17) x30 0x8001347e
core   0: 0x80011482 (0xb83f2123) sw      gp, -1150(t5)
core   0: 3 0x80011482 (0xb83f2123) mem 0x80013000 0x00000001
core   0: 0x80011486 (0x0000bfe5) c.j     pc - 8
core   0: 3 0x80011486 (0xbfe5)
core   0: 0x8001147e (0x00002f17) auipc   t5, 0x2
core   0: 3 0x8001147e (0x00002f17) x30 0x8001347e
core   0: 0x80011482 (0xb83f2123) sw      gp, -1150(t5)
core   0: 3 0x80011482 (0xb83f2123) mem 0x80013000 0x00000001
core   0: 0x80011486 (0x0000bfe5) c.j     pc - 8
core   0: 3 0x80011486 (0xbfe5)
core   0: 0x8001147e (0x00002f17) auipc   t5, 0x2
core   0: 3 0x8001147e (0x00002f17) x30 0x8001347e
core   0: 0x80011482 (0xb83f2123) sw      gp, -1150(t5)
core   0: 3 0x80011482 (0xb83f2123) mem 0x80013000 0x00000001
core   0: 0x80011486 (0x0000bfe5) c.j     pc - 8
core   0: 3 0x80011486 (0xbfe5)
core   0: 0x8001147e (0x00002f17) auipc   t5, 0x2
core   0: 3 0x8001147e (0x00002f17) x30 0x8001347e
core   0: 0x80011482 (0xb83f2123) sw      gp, -1150(t5)
core   0: 3 0x80011482 (0xb83f2123) mem 0x80013000 0x00000001
core   0: 0x80011486 (0x0000bfe5) c.j     pc - 8
core   0: 3 0x80011486 (0xbfe5)
core   0: 0x8001147e (0x00002f17) auipc   t5, 0x2
core   0: 3 0x8001147e (0x00002f17) x30 0x8001347e
core   0: 0x80011482 (0xb83f2123) sw      gp, -1150(t5)
core   0: 3 0x80011482 (0xb83f2123) mem 0x80013000 0x00000001
core   0: 0x80011486 (0x0000bfe5) c.j     pc - 8
core   0: 3 0x80011486 (0xbfe5)
core   0: 0x8001147e (0x00002f17) auipc   t5, 0x2
core   0: 3 0x8001147e (0x00002f17) x30 0x8001347e
core   0: 0x80011482 (0xb83f2123) sw      gp, -1150(t5)
core   0: 3 0x80011482 (0xb83f2123) mem 0x80013000 0x00000001
core   0: 0x80011486 (0x0000bfe5) c.j     pc - 8
core   0: 3 0x80011486 (0xbfe5)
core   0: 0x8001147e (0x00002f17) auipc   t5, 0x2
core   0: 3 0x8001147e (0x00002f17) x30 0x8001347e
core   0: 0x80011482 (0xb83f2123) sw      gp, -1150(t5)
core   0: 3 0x80011482 (0xb83f2123) mem 0x80013000 0x00000001
core   0: 0x80011486 (0x0000bfe5) c.j     pc - 8
core   0: 3 0x80011486 (0xbfe5)
core   0: 0x8001147e (0x00002f17) auipc   t5, 0x2
core   0: 3 0x8001147e (0x00002f17) x30 0x8001347e
core   0: 0x80011482 (0xb83f2123) sw      gp, -1150(t5)
core   0: 3 0x80011482 (0xb83f2123) mem 0x80013000 0x00000001
core   0: 0x80011486 (0x0000bfe5) c.j     pc - 8
core   0: 3 0x80011486 (0xbfe5)
core   0: 0x8001147e (0x00002f17) auipc   t5, 0x2
core   0: 3 0x8001147e (0x00002f17) x30 0x8001347e
core   0: 0x80011482 (0xb83f2123) sw      gp, -1150(t5)
core   0: 3 0x80011482 (0xb83f2123) mem 0x80013000 0x00000001
core   0: 0x80011486 (0x0000bfe5) c.j     pc - 8
core   0: 3 0x80011486 (0xbfe5)
core   0: 0x8001147e (0x00002f17) auipc   t5, 0x2
core   0: 3 0x8001147e (0x00002f17) x30 0x8001347e
core   0: 0x80011482 (0xb83f2123) sw      gp, -1150(t5)
core   0: 3 0x80011482 (0xb83f2123) mem 0x80013000 0x00000001
core   0: 0x80011486 (0x0000bfe5) c.j     pc - 8
core   0: 3 0x80011486 (0xbfe5)
core   0: 0x8001147e (0x00002f17) auipc   t5, 0x2
core   0: 3 0x8001147e (0x00002f17) x30 0x8001347e
core   0: 0x80011482 (0xb83f2123) sw      gp, -1150(t5)
core   0: 3 0x80011482 (0xb83f2123) mem 0x80013000 0x00000001
core   0: 0x80011486 (0x0000bfe5) c.j     pc - 8
core   0: 3 0x80011486 (0xbfe5)
core   0: 0x8001147e (0x00002f17) auipc   t5, 0x2
core   0: 3 0x8001147e (0x00002f17) x30 0x8001347e
core   0: 0x80011482 (0xb83f2123) sw      gp, -1150(t5)
core   0: 3 0x80011482 (0xb83f2123) mem 0x80013000 0x00000001
core   0: 0x80011486 (0x0000bfe5) c.j     pc - 8
core   0: 3 0x80011486 (0xbfe5)
core   0: 0x8001147e (0x00002f17) auipc   t5, 0x2
core   0: 3 0x8001147e (0x00002f17) x30 0x8001347e
core   0: 0x80011482 (0xb83f2123) sw      gp, -1150(t5)
core   0: 3 0x80011482 (0xb83f2123) mem 0x80013000 0x00000001
core   0: 0x80011486 (0x0000bfe5) c.j     pc - 8
core   0: 3 0x80011486 (0xbfe5)
core   0: 0x8001147e (0x00002f17) auipc   t5, 0x2
core   0: 3 0x8001147e (0x00002f17) x30 0x8001347e
core   0: 0x80011482 (0xb83f2123) sw      gp, -1150(t5)
core   0: 3 0x80011482 (0xb83f2123) mem 0x80013000 0x00000001
core   0: 0x80011486 (0x0000bfe5) c.j     pc - 8
core   0: 3 0x80011486 (0xbfe5)
core   0: 0x8001147e (0x00002f17) auipc   t5, 0x2
core   0: 3 0x8001147e (0x00002f17) x30 0x8001347e
core   0: 0x80011482 (0xb83f2123) sw      gp, -1150(t5)
core   0: 3 0x80011482 (0xb83f2123) mem 0x80013000 0x00000001
core   0: 0x80011486 (0x0000bfe5) c.j     pc - 8
core   0: 3 0x80011486 (0xbfe5)
core   0: 0x8001147e (0x00002f17) auipc   t5, 0x2
core   0: 3 0x8001147e (0x00002f17) x30 0x8001347e
core   0: 0x80011482 (0xb83f2123) sw      gp, -1150(t5)
core   0: 3 0x80011482 (0xb83f2123) mem 0x80013000 0x00000001
core   0: 0x80011486 (0x0000bfe5) c.j     pc - 8
core   0: 3 0x80011486 (0xbfe5)
core   0: 0x8001147e (0x00002f17) auipc   t5, 0x2
core   0: 3 0x8001147e (0x00002f17) x30 0x8001347e
core   0: 0x80011482 (0xb83f2123) sw      gp, -1150(t5)
core   0: 3 0x80011482 (0xb83f2123) mem 0x80013000 0x00000001
core   0: 0x80011486 (0x0000bfe5) c.j     pc - 8
core   0: 3 0x80011486 (0xbfe5)
core   0: 0x8001147e (0x00002f17) auipc   t5, 0x2
core   0: 3 0x8001147e (0x00002f17) x30 0x8001347e
core   0: 0x80011482 (0xb83f2123) sw      gp, -1150(t5)
core   0: 3 0x80011482 (0xb83f2123) mem 0x80013000 0x00000001
core   0: 0x80011486 (0x0000bfe5) c.j     pc - 8
core   0: 3 0x80011486 (0xbfe5)
core   0: 0x8001147e (0x00002f17) auipc   t5, 0x2
core   0: 3 0x8001147e (0x00002f17) x30 0x8001347e
core   0: 0x80011482 (0xb83f2123) sw      gp, -1150(t5)
core   0: 3 0x80011482 (0xb83f2123) mem 0x80013000 0x00000001
core   0: 0x80011486 (0x0000bfe5) c.j     pc - 8
core   0: 3 0x80011486 (0xbfe5)
core   0: 0x8001147e (0x00002f17) auipc   t5, 0x2
core   0: 3 0x8001147e (0x00002f17) x30 0x8001347e
core   0: 0x80011482 (0xb83f2123) sw      gp, -1150(t5)
core   0: 3 0x80011482 (0xb83f2123) mem 0x80013000 0x00000001
core   0: 0x80011486 (0x0000bfe5) c.j     pc - 8
core   0: 3 0x80011486 (0xbfe5)
core   0: 0x8001147e (0x00002f17) auipc   t5, 0x2
core   0: 3 0x8001147e (0x00002f17) x30 0x8001347e
core   0: 0x80011482 (0xb83f2123) sw      gp, -1150(t5)
core   0: 3 0x80011482 (0xb83f2123) mem 0x80013000 0x00000001
core   0: 0x80011486 (0x0000bfe5) c.j     pc - 8
core   0: 3 0x80011486 (0xbfe5)
core   0: 0x8001147e (0x00002f17) auipc   t5, 0x2
core   0: 3 0x8001147e (0x00002f17) x30 0x8001347e
core   0: 0x80011482 (0xb83f2123) sw      gp, -1150(t5)
core   0: 3 0x80011482 (0xb83f2123) mem 0x80013000 0x00000001
core   0: 0x80011486 (0x0000bfe5) c.j     pc - 8
core   0: 3 0x80011486 (0xbfe5)
core   0: 0x8001147e (0x00002f17) auipc   t5, 0x2
core   0: 3 0x8001147e (0x00002f17) x30 0x8001347e
core   0: 0x80011482 (0xb83f2123) sw      gp, -1150(t5)
core   0: 3 0x80011482 (0xb83f2123) mem 0x80013000 0x00000001
core   0: 0x80011486 (0x0000bfe5) c.j     pc - 8
core   0: 3 0x80011486 (0xbfe5)
core   0: 0x8001147e (0x00002f17) auipc   t5, 0x2
core   0: 3 0x8001147e (0x00002f17) x30 0x8001347e
core   0: 0x80011482 (0xb83f2123) sw      gp, -1150(t5)
core   0: 3 0x80011482 (0xb83f2123) mem 0x80013000 0x00000001
core   0: 0x80011486 (0x0000bfe5) c.j     pc - 8
core   0: 3 0x80011486 (0xbfe5)
core   0: 0x8001147e (0x00002f17) auipc   t5, 0x2
core   0: 3 0x8001147e (0x00002f17) x30 0x8001347e
core   0: 0x80011482 (0xb83f2123) sw      gp, -1150(t5)
core   0: 3 0x80011482 (0xb83f2123) mem 0x80013000 0x00000001
core   0: 0x80011486 (0x0000bfe5) c.j     pc - 8
core   0: 3 0x80011486 (0xbfe5)
core   0: 0x8001147e (0x00002f17) auipc   t5, 0x2
core   0: 3 0x8001147e (0x00002f17) x30 0x8001347e
core   0: 0x80011482 (0xb83f2123) sw      gp, -1150(t5)
core   0: 3 0x80011482 (0xb83f2123) mem 0x80013000 0x00000001
core   0: 0x80011486 (0x0000bfe5) c.j     pc - 8
core   0: 3 0x80011486 (0xbfe5)
core   0: 0x8001147e (0x00002f17) auipc   t5, 0x2
core   0: 3 0x8001147e (0x00002f17) x30 0x8001347e
core   0: 0x80011482 (0xb83f2123) sw      gp, -1150(t5)
core   0: 3 0x80011482 (0xb83f2123) mem 0x80013000 0x00000001
core   0: 0x80011486 (0x0000bfe5) c.j     pc - 8
core   0: 3 0x80011486 (0xbfe5)
core   0: 0x8001147e (0x00002f17) auipc   t5, 0x2
core   0: 3 0x8001147e (0x00002f17) x30 0x8001347e
core   0: 0x80011482 (0xb83f2123) sw      gp, -1150(t5)
core   0: 3 0x80011482 (0xb83f2123) mem 0x80013000 0x00000001
core   0: 0x80011486 (0x0000bfe5) c.j     pc - 8
core   0: 3 0x80011486 (0xbfe5)
core   0: 0x8001147e (0x00002f17) auipc   t5, 0x2
core   0: 3 0x8001147e (0x00002f17) x30 0x8001347e
core   0: 0x80011482 (0xb83f2123) sw      gp, -1150(t5)
core   0: 3 0x80011482 (0xb83f2123) mem 0x80013000 0x00000001
core   0: 0x80011486 (0x0000bfe5) c.j     pc - 8
core   0: 3 0x80011486 (0xbfe5)
core   0: 0x8001147e (0x00002f17) auipc   t5, 0x2
core   0: 3 0x8001147e (0x00002f17) x30 0x8001347e
core   0: 0x80011482 (0xb83f2123) sw      gp, -1150(t5)
core   0: 3 0x80011482 (0xb83f2123) mem 0x80013000 0x00000001
core   0: 0x80011486 (0x0000bfe5) c.j     pc - 8
core   0: 3 0x80011486 (0xbfe5)
core   0: 0x8001147e (0x00002f17) auipc   t5, 0x2
core   0: 3 0x8001147e (0x00002f17) x30 0x8001347e
core   0: 0x80011482 (0xb83f2123) sw      gp, -1150(t5)
core   0: 3 0x80011482 (0xb83f2123) mem 0x80013000 0x00000001
core   0: 0x80011486 (0x0000bfe5) c.j     pc - 8
core   0: 3 0x80011486 (0xbfe5)
core   0: 0x8001147e (0x00002f17) auipc   t5, 0x2
core   0: 3 0x8001147e (0x00002f17) x30 0x8001347e
core   0: 0x80011482 (0xb83f2123) sw      gp, -1150(t5)
core   0: 3 0x80011482 (0xb83f2123) mem 0x80013000 0x00000001
core   0: 0x80011486 (0x0000bfe5) c.j     pc - 8
core   0: 3 0x80011486 (0xbfe5)
core   0: 0x8001147e (0x00002f17) auipc   t5, 0x2
core   0: 3 0x8001147e (0x00002f17) x30 0x8001347e
core   0: 0x80011482 (0xb83f2123) sw      gp, -1150(t5)
core   0: 3 0x80011482 (0xb83f2123) mem 0x80013000 0x00000001
core   0: 0x80011486 (0x0000bfe5) c.j     pc - 8
core   0: 3 0x80011486 (0xbfe5)
core   0: 0x8001147e (0x00002f17) auipc   t5, 0x2
core   0: 3 0x8001147e (0x00002f17) x30 0x8001347e
core   0: 0x80011482 (0xb83f2123) sw      gp, -1150(t5)
core   0: 3 0x80011482 (0xb83f2123) mem 0x80013000 0x00000001
core   0: 0x80011486 (0x0000bfe5) c.j     pc - 8
core   0: 3 0x80011486 (0xbfe5)
core   0: 0x8001147e (0x00002f17) auipc   t5, 0x2
core   0: 3 0x8001147e (0x00002f17) x30 0x8001347e
core   0: 0x80011482 (0xb83f2123) sw      gp, -1150(t5)
core   0: 3 0x80011482 (0xb83f2123) mem 0x80013000 0x00000001
core   0: 0x80011486 (0x0000bfe5) c.j     pc - 8
core   0: 3 0x80011486 (0xbfe5)
core   0: 0x8001147e (0x00002f17) auipc   t5, 0x2
core   0: 3 0x8001147e (0x00002f17) x30 0x8001347e
core   0: 0x80011482 (0xb83f2123) sw      gp, -1150(t5)
core   0: 3 0x80011482 (0xb83f2123) mem 0x80013000 0x00000001
core   0: 0x80011486 (0x0000bfe5) c.j     pc - 8
core   0: 3 0x80011486 (0xbfe5)
core   0: 0x8001147e (0x00002f17) auipc   t5, 0x2
core   0: 3 0x8001147e (0x00002f17) x30 0x8001347e
core   0: 0x80011482 (0xb83f2123) sw      gp, -1150(t5)
core   0: 3 0x80011482 (0xb83f2123) mem 0x80013000 0x00000001
core   0: 0x80011486 (0x0000bfe5) c.j     pc - 8
core   0: 3 0x80011486 (0xbfe5)
core   0: 0x8001147e (0x00002f17) auipc   t5, 0x2
core   0: 3 0x8001147e (0x00002f17) x30 0x8001347e
core   0: 0x80011482 (0xb83f2123) sw      gp, -1150(t5)
core   0: 3 0x80011482 (0xb83f2123) mem 0x80013000 0x00000001
core   0: 0x80011486 (0x0000bfe5) c.j     pc - 8
core   0: 3 0x80011486 (0xbfe5)
core   0: 0x8001147e (0x00002f17) auipc   t5, 0x2
core   0: 3 0x8001147e (0x00002f17) x30 0x8001347e
core   0: 0x80011482 (0xb83f2123) sw      gp, -1150(t5)
core   0: 3 0x80011482 (0xb83f2123) mem 0x80013000 0x00000001
core   0: 0x80011486 (0x0000bfe5) c.j     pc - 8
core   0: 3 0x80011486 (0xbfe5)
core   0: 0x8001147e (0x00002f17) auipc   t5, 0x2
core   0: 3 0x8001147e (0x00002f17) x30 0x8001347e
core   0: 0x80011482 (0xb83f2123) sw      gp, -1150(t5)
core   0: 3 0x80011482 (0xb83f2123) mem 0x80013000 0x00000001
core   0: 0x80011486 (0x0000bfe5) c.j     pc - 8
core   0: 3 0x80011486 (0xbfe5)
core   0: 0x8001147e (0x00002f17) auipc   t5, 0x2
core   0: 3 0x8001147e (0x00002f17) x30 0x8001347e
core   0: 0x80011482 (0xb83f2123) sw      gp, -1150(t5)
core   0: 3 0x80011482 (0xb83f2123) mem 0x80013000 0x00000001
core   0: 0x80011486 (0x0000bfe5) c.j     pc - 8
core   0: 3 0x80011486 (0xbfe5)
core   0: 0x8001147e (0x00002f17) auipc   t5, 0x2
core   0: 3 0x8001147e (0x00002f17) x30 0x8001347e
core   0: 0x80011482 (0xb83f2123) sw      gp, -1150(t5)
core   0: 3 0x80011482 (0xb83f2123) mem 0x80013000 0x00000001
core   0: 0x80011486 (0x0000bfe5) c.j     pc - 8
core   0: 3 0x80011486 (0xbfe5)
core   0: 0x8001147e (0x00002f17) auipc   t5, 0x2
core   0: 3 0x8001147e (0x00002f17) x30 0x8001347e
core   0: 0x80011482 (0xb83f2123) sw      gp, -1150(t5)
core   0: 3 0x80011482 (0xb83f2123) mem 0x80013000 0x00000001
core   0: 0x80011486 (0x0000bfe5) c.j     pc - 8
core   0: 3 0x80011486 (0xbfe5)
core   0: 0x8001147e (0x00002f17) auipc   t5, 0x2
core   0: 3 0x8001147e (0x00002f17) x30 0x8001347e
core   0: 0x80011482 (0xb83f2123) sw      gp, -1150(t5)
core   0: 3 0x80011482 (0xb83f2123) mem 0x80013000 0x00000001
core   0: 0x80011486 (0x0000bfe5) c.j     pc - 8
core   0: 3 0x80011486 (0xbfe5)
core   0: 0x8001147e (0x00002f17) auipc   t5, 0x2
core   0: 3 0x8001147e (0x00002f17) x30 0x8001347e
core   0: 0x80011482 (0xb83f2123) sw      gp, -1150(t5)
core   0: 3 0x80011482 (0xb83f2123) mem 0x80013000 0x00000001
core   0: 0x80011486 (0x0000bfe5) c.j     pc - 8
core   0: 3 0x80011486 (0xbfe5)
core   0: 0x8001147e (0x00002f17) auipc   t5, 0x2
core   0: 3 0x8001147e (0x00002f17) x30 0x8001347e
core   0: 0x80011482 (0xb83f2123) sw      gp, -1150(t5)
core   0: 3 0x80011482 (0xb83f2123) mem 0x80013000 0x00000001
core   0: 0x80011486 (0x0000bfe5) c.j     pc - 8
core   0: 3 0x80011486 (0xbfe5)
core   0: 0x8001147e (0x00002f17) auipc   t5, 0x2
core   0: 3 0x8001147e (0x00002f17) x30 0x8001347e
core   0: 0x80011482 (0xb83f2123) sw      gp, -1150(t5)
core   0: 3 0x80011482 (0xb83f2123) mem 0x80013000 0x00000001
core   0: 0x80011486 (0x0000bfe5) c.j     pc - 8
core   0: 3 0x80011486 (0xbfe5)
core   0: 0x8001147e (0x00002f17) auipc   t5, 0x2
core   0: 3 0x8001147e (0x00002f17) x30 0x8001347e
core   0: 0x80011482 (0xb83f2123) sw      gp, -1150(t5)
core   0: 3 0x80011482 (0xb83f2123) mem 0x80013000 0x00000001
core   0: 0x80011486 (0x0000bfe5) c.j     pc - 8
core   0: 3 0x80011486 (0xbfe5)
core   0: 0x8001147e (0x00002f17) auipc   t5, 0x2
core   0: 3 0x8001147e (0x00002f17) x30 0x8001347e
core   0: 0x80011482 (0xb83f2123) sw      gp, -1150(t5)
core   0: 3 0x80011482 (0xb83f2123) mem 0x80013000 0x00000001
core   0: 0x80011486 (0x0000bfe5) c.j     pc - 8
core   0: 3 0x80011486 (0xbfe5)
core   0: 0x8001147e (0x00002f17) auipc   t5, 0x2
core   0: 3 0x8001147e (0x00002f17) x30 0x8001347e
core   0: 0x80011482 (0xb83f2123) sw      gp, -1150(t5)
core   0: 3 0x80011482 (0xb83f2123) mem 0x80013000 0x00000001
core   0: 0x80011486 (0x0000bfe5) c.j     pc - 8
core   0: 3 0x80011486 (0xbfe5)
core   0: 0x8001147e (0x00002f17) auipc   t5, 0x2
core   0: 3 0x8001147e (0x00002f17) x30 0x8001347e
core   0: 0x80011482 (0xb83f2123) sw      gp, -1150(t5)
core   0: 3 0x80011482 (0xb83f2123) mem 0x80013000 0x00000001
core   0: 0x80011486 (0x0000bfe5) c.j     pc - 8
core   0: 3 0x80011486 (0xbfe5)
core   0: 0x8001147e (0x00002f17) auipc   t5, 0x2
core   0: 3 0x8001147e (0x00002f17) x30 0x8001347e
core   0: 0x80011482 (0xb83f2123) sw      gp, -1150(t5)
core   0: 3 0x80011482 (0xb83f2123) mem 0x80013000 0x00000001
core   0: 0x80011486 (0x0000bfe5) c.j     pc - 8
core   0: 3 0x80011486 (0xbfe5)
core   0: 0x8001147e (0x00002f17) auipc   t5, 0x2
core   0: 3 0x8001147e (0x00002f17) x30 0x8001347e
core   0: 0x80011482 (0xb83f2123) sw      gp, -1150(t5)
core   0: 3 0x80011482 (0xb83f2123) mem 0x80013000 0x00000001
core   0: 0x80011486 (0x0000bfe5) c.j     pc - 8
core   0: 3 0x80011486 (0xbfe5)
core   0: 0x8001147e (0x00002f17) auipc   t5, 0x2
core   0: 3 0x8001147e (0x00002f17) x30 0x8001347e
core   0: 0x80011482 (0xb83f2123) sw      gp, -1150(t5)
core   0: 3 0x80011482 (0xb83f2123) mem 0x80013000 0x00000001
core   0: 0x80011486 (0x0000bfe5) c.j     pc - 8
core   0: 3 0x80011486 (0xbfe5)
core   0: 0x8001147e (0x00002f17) auipc   t5, 0x2
core   0: 3 0x8001147e (0x00002f17) x30 0x8001347e
core   0: 0x80011482 (0xb83f2123) sw      gp, -1150(t5)
core   0: 3 0x80011482 (0xb83f2123) mem 0x80013000 0x00000001
core   0: 0x80011486 (0x0000bfe5) c.j     pc - 8
core   0: 3 0x80011486 (0xbfe5)
core   0: 0x8001147e (0x00002f17) auipc   t5, 0x2
core   0: 3 0x8001147e (0x00002f17) x30 0x8001347e
core   0: 0x80011482 (0xb83f2123) sw      gp, -1150(t5)
core   0: 3 0x80011482 (0xb83f2123) mem 0x80013000 0x00000001
core   0: 0x80011486 (0x0000bfe5) c.j     pc - 8
core   0: 3 0x80011486 (0xbfe5)
core   0: 0x8001147e (0x00002f17) auipc   t5, 0x2
core   0: 3 0x8001147e (0x00002f17) x30 0x8001347e
core   0: 0x80011482 (0xb83f2123) sw      gp, -1150(t5)
core   0: 3 0x80011482 (0xb83f2123) mem 0x80013000 0x00000001
core   0: 0x80011486 (0x0000bfe5) c.j     pc - 8
core   0: 3 0x80011486 (0xbfe5)
core   0: 0x8001147e (0x00002f17) auipc   t5, 0x2
core   0: 3 0x8001147e (0x00002f17) x30 0x8001347e
core   0: 0x80011482 (0xb83f2123) sw      gp, -1150(t5)
core   0: 3 0x80011482 (0xb83f2123) mem 0x80013000 0x00000001
core   0: 0x80011486 (0x0000bfe5) c.j     pc - 8
core   0: 3 0x80011486 (0xbfe5)
core   0: 0x8001147e (0x00002f17) auipc   t5, 0x2
core   0: 3 0x8001147e (0x00002f17) x30 0x8001347e
core   0: 0x80011482 (0xb83f2123) sw      gp, -1150(t5)
core   0: 3 0x80011482 (0xb83f2123) mem 0x80013000 0x00000001
core   0: 0x80011486 (0x0000bfe5) c.j     pc - 8
core   0: 3 0x80011486 (0xbfe5)
core   0: 0x8001147e (0x00002f17) auipc   t5, 0x2
core   0: 3 0x8001147e (0x00002f17) x30 0x8001347e
core   0: 0x80011482 (0xb83f2123) sw      gp, -1150(t5)
core   0: 3 0x80011482 (0xb83f2123) mem 0x80013000 0x00000001
core   0: 0x80011486 (0x0000bfe5) c.j     pc - 8
core   0: 3 0x80011486 (0xbfe5)
core   0: 0x8001147e (0x00002f17) auipc   t5, 0x2
core   0: 3 0x8001147e (0x00002f17) x30 0x8001347e
core   0: 0x80011482 (0xb83f2123) sw      gp, -1150(t5)
core   0: 3 0x80011482 (0xb83f2123) mem 0x80013000 0x00000001
core   0: 0x80011486 (0x0000bfe5) c.j     pc - 8
core   0: 3 0x80011486 (0xbfe5)
core   0: 0x8001147e (0x00002f17) auipc   t5, 0x2
core   0: 3 0x8001147e (0x00002f17) x30 0x8001347e
core   0: 0x80011482 (0xb83f2123) sw      gp, -1150(t5)
core   0: 3 0x80011482 (0xb83f2123) mem 0x80013000 0x00000001
core   0: 0x80011486 (0x0000bfe5) c.j     pc - 8
core   0: 3 0x80011486 (0xbfe5)
core   0: 0x8001147e (0x00002f17) auipc   t5, 0x2
core   0: 3 0x8001147e (0x00002f17) x30 0x8001347e
core   0: 0x80011482 (0xb83f2123) sw      gp, -1150(t5)
core   0: 3 0x80011482 (0xb83f2123) mem 0x80013000 0x00000001
core   0: 0x80011486 (0x0000bfe5) c.j     pc - 8
core   0: 3 0x80011486 (0xbfe5)
core   0: 0x8001147e (0x00002f17) auipc   t5, 0x2
core   0: 3 0x8001147e (0x00002f17) x30 0x8001347e
core   0: 0x80011482 (0xb83f2123) sw      gp, -1150(t5)
core   0: 3 0x80011482 (0xb83f2123) mem 0x80013000 0x00000001
core   0: 0x80011486 (0x0000bfe5) c.j     pc - 8
core   0: 3 0x80011486 (0xbfe5)
core   0: 0x8001147e (0x00002f17) auipc   t5, 0x2
core   0: 3 0x8001147e (0x00002f17) x30 0x8001347e
core   0: 0x80011482 (0xb83f2123) sw      gp, -1150(t5)
core   0: 3 0x80011482 (0xb83f2123) mem 0x80013000 0x00000001
core   0: 0x80011486 (0x0000bfe5) c.j     pc - 8
core   0: 3 0x80011486 (0xbfe5)
core   0: 0x8001147e (0x00002f17) auipc   t5, 0x2
core   0: 3 0x8001147e (0x00002f17) x30 0x8001347e
core   0: 0x80011482 (0xb83f2123) sw      gp, -1150(t5)
core   0: 3 0x80011482 (0xb83f2123) mem 0x80013000 0x00000001
core   0: 0x80011486 (0x0000bfe5) c.j     pc - 8
core   0: 3 0x80011486 (0xbfe5)
core   0: 0x8001147e (0x00002f17) auipc   t5, 0x2
core   0: 3 0x8001147e (0x00002f17) x30 0x8001347e
core   0: 0x80011482 (0xb83f2123) sw      gp, -1150(t5)
core   0: 3 0x80011482 (0xb83f2123) mem 0x80013000 0x00000001
core   0: 0x80011486 (0x0000bfe5) c.j     pc - 8
core   0: 3 0x80011486 (0xbfe5)
core   0: 0x8001147e (0x00002f17) auipc   t5, 0x2
core   0: 3 0x8001147e (0x00002f17) x30 0x8001347e
core   0: 0x80011482 (0xb83f2123) sw      gp, -1150(t5)
core   0: 3 0x80011482 (0xb83f2123) mem 0x80013000 0x00000001
core   0: 0x80011486 (0x0000bfe5) c.j     pc - 8
core   0: 3 0x80011486 (0xbfe5)
core   0: 0x8001147e (0x00002f17) auipc   t5, 0x2
core   0: 3 0x8001147e (0x00002f17) x30 0x8001347e
core   0: 0x80011482 (0xb83f2123) sw      gp, -1150(t5)
core   0: 3 0x80011482 (0xb83f2123) mem 0x80013000 0x00000001
core   0: 0x80011486 (0x0000bfe5) c.j     pc - 8
core   0: 3 0x80011486 (0xbfe5)
core   0: 0x8001147e (0x00002f17) auipc   t5, 0x2
core   0: 3 0x8001147e (0x00002f17) x30 0x8001347e
core   0: 0x80011482 (0xb83f2123) sw      gp, -1150(t5)
core   0: 3 0x80011482 (0xb83f2123) mem 0x80013000 0x00000001
core   0: 0x80011486 (0x0000bfe5) c.j     pc - 8
core   0: 3 0x80011486 (0xbfe5)
core   0: 0x8001147e (0x00002f17) auipc   t5, 0x2
core   0: 3 0x8001147e (0x00002f17) x30 0x8001347e
core   0: 0x80011482 (0xb83f2123) sw      gp, -1150(t5)
core   0: 3 0x80011482 (0xb83f2123) mem 0x80013000 0x00000001
core   0: 0x80011486 (0x0000bfe5) c.j     pc - 8
core   0: 3 0x80011486 (0xbfe5)
core   0: 0x8001147e (0x00002f17) auipc   t5, 0x2
core   0: 3 0x8001147e (0x00002f17) x30 0x8001347e
core   0: 0x80011482 (0xb83f2123) sw      gp, -1150(t5)
core   0: 3 0x80011482 (0xb83f2123) mem 0x80013000 0x00000001
core   0: 0x80011486 (0x0000bfe5) c.j     pc - 8
core   0: 3 0x80011486 (0xbfe5)
core   0: 0x8001147e (0x00002f17) auipc   t5, 0x2
core   0: 3 0x8001147e (0x00002f17) x30 0x8001347e
core   0: 0x80011482 (0xb83f2123) sw      gp, -1150(t5)
core   0: 3 0x80011482 (0xb83f2123) mem 0x80013000 0x00000001
core   0: 0x80011486 (0x0000bfe5) c.j     pc - 8
core   0: 3 0x80011486 (0xbfe5)
core   0: 0x8001147e (0x00002f17) auipc   t5, 0x2
core   0: 3 0x8001147e (0x00002f17) x30 0x8001347e
core   0: 0x80011482 (0xb83f2123) sw      gp, -1150(t5)
core   0: 3 0x80011482 (0xb83f2123) mem 0x80013000 0x00000001
core   0: 0x80011486 (0x0000bfe5) c.j     pc - 8
core   0: 3 0x80011486 (0xbfe5)
core   0: 0x8001147e (0x00002f17) auipc   t5, 0x2
core   0: 3 0x8001147e (0x00002f17) x30 0x8001347e
core   0: 0x80011482 (0xb83f2123) sw      gp, -1150(t5)
core   0: 3 0x80011482 (0xb83f2123) mem 0x80013000 0x00000001
core   0: 0x80011486 (0x0000bfe5) c.j     pc - 8
core   0: 3 0x80011486 (0xbfe5)
core   0: 0x8001147e (0x00002f17) auipc   t5, 0x2
core   0: 3 0x8001147e (0x00002f17) x30 0x8001347e
core   0: 0x80011482 (0xb83f2123) sw      gp, -1150(t5)
core   0: 3 0x80011482 (0xb83f2123) mem 0x80013000 0x00000001
core   0: 0x80011486 (0x0000bfe5) c.j     pc - 8
core   0: 3 0x80011486 (0xbfe5)
core   0: 0x8001147e (0x00002f17) auipc   t5, 0x2
core   0: 3 0x8001147e (0x00002f17) x30 0x8001347e
core   0: 0x80011482 (0xb83f2123) sw      gp, -1150(t5)
core   0: 3 0x80011482 (0xb83f2123) mem 0x80013000 0x00000001
core   0: 0x80011486 (0x0000bfe5) c.j     pc - 8
core   0: 3 0x80011486 (0xbfe5)
core   0: 0x8001147e (0x00002f17) auipc   t5, 0x2
core   0: 3 0x8001147e (0x00002f17) x30 0x8001347e
core   0: 0x80011482 (0xb83f2123) sw      gp, -1150(t5)
core   0: 3 0x80011482 (0xb83f2123) mem 0x80013000 0x00000001
core   0: 0x80011486 (0x0000bfe5) c.j     pc - 8
core   0: 3 0x80011486 (0xbfe5)
core   0: 0x8001147e (0x00002f17) auipc   t5, 0x2
core   0: 3 0x8001147e (0x00002f17) x30 0x8001347e
core   0: 0x80011482 (0xb83f2123) sw      gp, -1150(t5)
core   0: 3 0x80011482 (0xb83f2123) mem 0x80013000 0x00000001
core   0: 0x80011486 (0x0000bfe5) c.j     pc - 8
core   0: 3 0x80011486 (0xbfe5)
core   0: 0x8001147e (0x00002f17) auipc   t5, 0x2
core   0: 3 0x8001147e (0x00002f17) x30 0x8001347e
core   0: 0x80011482 (0xb83f2123) sw      gp, -1150(t5)
core   0: 3 0x80011482 (0xb83f2123) mem 0x80013000 0x00000001
core   0: 0x80011486 (0x0000bfe5) c.j     pc - 8
core   0: 3 0x80011486 (0xbfe5)
core   0: 0x8001147e (0x00002f17) auipc   t5, 0x2
core   0: 3 0x8001147e (0x00002f17) x30 0x8001347e
core   0: 0x80011482 (0xb83f2123) sw      gp, -1150(t5)
core   0: 3 0x80011482 (0xb83f2123) mem 0x80013000 0x00000001
core   0: 0x80011486 (0x0000bfe5) c.j     pc - 8
core   0: 3 0x80011486 (0xbfe5)
core   0: 0x8001147e (0x00002f17) auipc   t5, 0x2
core   0: 3 0x8001147e (0x00002f17) x30 0x8001347e
core   0: 0x80011482 (0xb83f2123) sw      gp, -1150(t5)
core   0: 3 0x80011482 (0xb83f2123) mem 0x80013000 0x00000001
core   0: 0x80011486 (0x0000bfe5) c.j     pc - 8
core   0: 3 0x80011486 (0xbfe5)
core   0: 0x8001147e (0x00002f17) auipc   t5, 0x2
core   0: 3 0x8001147e (0x00002f17) x30 0x8001347e
core   0: 0x80011482 (0xb83f2123) sw      gp, -1150(t5)
core   0: 3 0x80011482 (0xb83f2123) mem 0x80013000 0x00000001
core   0: 0x80011486 (0x0000bfe5) c.j     pc - 8
core   0: 3 0x80011486 (0xbfe5)
core   0: 0x8001147e (0x00002f17) auipc   t5, 0x2
core   0: 3 0x8001147e (0x00002f17) x30 0x8001347e
core   0: 0x80011482 (0xb83f2123) sw      gp, -1150(t5)
core   0: 3 0x80011482 (0xb83f2123) mem 0x80013000 0x00000001
core   0: 0x80011486 (0x0000bfe5) c.j     pc - 8
core   0: 3 0x80011486 (0xbfe5)
core   0: 0x8001147e (0x00002f17) auipc   t5, 0x2
core   0: 3 0x8001147e (0x00002f17) x30 0x8001347e
core   0: 0x80011482 (0xb83f2123) sw      gp, -1150(t5)
core   0: 3 0x80011482 (0xb83f2123) mem 0x80013000 0x00000001
core   0: 0x80011486 (0x0000bfe5) c.j     pc - 8
core   0: 3 0x80011486 (0xbfe5)
core   0: 0x8001147e (0x00002f17) auipc   t5, 0x2
core   0: 3 0x8001147e (0x00002f17) x30 0x8001347e
core   0: 0x80011482 (0xb83f2123) sw      gp, -1150(t5)
core   0: 3 0x80011482 (0xb83f2123) mem 0x80013000 0x00000001
core   0: 0x80011486 (0x0000bfe5) c.j     pc - 8
core   0: 3 0x80011486 (0xbfe5)
core   0: 0x8001147e (0x00002f17) auipc   t5, 0x2
core   0: 3 0x8001147e (0x00002f17) x30 0x8001347e
core   0: 0x80011482 (0xb83f2123) sw      gp, -1150(t5)
core   0: 3 0x80011482 (0xb83f2123) mem 0x80013000 0x00000001
core   0: 0x80011486 (0x0000bfe5) c.j     pc - 8
core   0: 3 0x80011486 (0xbfe5)
core   0: 0x8001147e (0x00002f17) auipc   t5, 0x2
core   0: 3 0x8001147e (0x00002f17) x30 0x8001347e
core   0: 0x80011482 (0xb83f2123) sw      gp, -1150(t5)
core   0: 3 0x80011482 (0xb83f2123) mem 0x80013000 0x00000001
core   0: 0x80011486 (0x0000bfe5) c.j     pc - 8
core   0: 3 0x80011486 (0xbfe5)
core   0: 0x8001147e (0x00002f17) auipc   t5, 0x2
core   0: 3 0x8001147e (0x00002f17) x30 0x8001347e
core   0: 0x80011482 (0xb83f2123) sw      gp, -1150(t5)
core   0: 3 0x80011482 (0xb83f2123) mem 0x80013000 0x00000001
core   0: 0x80011486 (0x0000bfe5) c.j     pc - 8
core   0: 3 0x80011486 (0xbfe5)
core   0: 0x8001147e (0x00002f17) auipc   t5, 0x2
core   0: 3 0x8001147e (0x00002f17) x30 0x8001347e
core   0: 0x80011482 (0xb83f2123) sw      gp, -1150(t5)
core   0: 3 0x80011482 (0xb83f2123) mem 0x80013000 0x00000001
core   0: 0x80011486 (0x0000bfe5) c.j     pc - 8
core   0: 3 0x80011486 (0xbfe5)
core   0: 0x8001147e (0x00002f17) auipc   t5, 0x2
core   0: 3 0x8001147e (0x00002f17) x30 0x8001347e
core   0: 0x80011482 (0xb83f2123) sw      gp, -1150(t5)
core   0: 3 0x80011482 (0xb83f2123) mem 0x80013000 0x00000001
core   0: 0x80011486 (0x0000bfe5) c.j     pc - 8
core   0: 3 0x80011486 (0xbfe5)
core   0: 0x8001147e (0x00002f17) auipc   t5, 0x2
core   0: 3 0x8001147e (0x00002f17) x30 0x8001347e
core   0: 0x80011482 (0xb83f2123) sw      gp, -1150(t5)
core   0: 3 0x80011482 (0xb83f2123) mem 0x80013000 0x00000001
core   0: 0x80011486 (0x0000bfe5) c.j     pc - 8
core   0: 3 0x80011486 (0xbfe5)
core   0: 0x8001147e (0x00002f17) auipc   t5, 0x2
core   0: 3 0x8001147e (0x00002f17) x30 0x8001347e
core   0: 0x80011482 (0xb83f2123) sw      gp, -1150(t5)
core   0: 3 0x80011482 (0xb83f2123) mem 0x80013000 0x00000001
core   0: 0x80011486 (0x0000bfe5) c.j     pc - 8
core   0: 3 0x80011486 (0xbfe5)
core   0: 0x8001147e (0x00002f17) auipc   t5, 0x2
core   0: 3 0x8001147e (0x00002f17) x30 0x8001347e
core   0: 0x80011482 (0xb83f2123) sw      gp, -1150(t5)
core   0: 3 0x80011482 (0xb83f2123) mem 0x80013000 0x00000001
core   0: 0x80011486 (0x0000bfe5) c.j     pc - 8
core   0: 3 0x80011486 (0xbfe5)
core   0: 0x8001147e (0x00002f17) auipc   t5, 0x2
core   0: 3 0x8001147e (0x00002f17) x30 0x8001347e
core   0: 0x80011482 (0xb83f2123) sw      gp, -1150(t5)
core   0: 3 0x80011482 (0xb83f2123) mem 0x80013000 0x00000001
core   0: 0x80011486 (0x0000bfe5) c.j     pc - 8
core   0: 3 0x80011486 (0xbfe5)
core   0: 0x8001147e (0x00002f17) auipc   t5, 0x2
core   0: 3 0x8001147e (0x00002f17) x30 0x8001347e
core   0: 0x80011482 (0xb83f2123) sw      gp, -1150(t5)
core   0: 3 0x80011482 (0xb83f2123) mem 0x80013000 0x00000001
core   0: 0x80011486 (0x0000bfe5) c.j     pc - 8
core   0: 3 0x80011486 (0xbfe5)
core   0: 0x8001147e (0x00002f17) auipc   t5, 0x2
core   0: 3 0x8001147e (0x00002f17) x30 0x8001347e
core   0: 0x80011482 (0xb83f2123) sw      gp, -1150(t5)
core   0: 3 0x80011482 (0xb83f2123) mem 0x80013000 0x00000001
core   0: 0x80011486 (0x0000bfe5) c.j     pc - 8
core   0: 3 0x80011486 (0xbfe5)
core   0: 0x8001147e (0x00002f17) auipc   t5, 0x2
core   0: 3 0x8001147e (0x00002f17) x30 0x8001347e
core   0: 0x80011482 (0xb83f2123) sw      gp, -1150(t5)
core   0: 3 0x80011482 (0xb83f2123) mem 0x80013000 0x00000001
core   0: 0x80011486 (0x0000bfe5) c.j     pc - 8
core   0: 3 0x80011486 (0xbfe5)
core   0: 0x8001147e (0x00002f17) auipc   t5, 0x2
core   0: 3 0x8001147e (0x00002f17) x30 0x8001347e
core   0: 0x80011482 (0xb83f2123) sw      gp, -1150(t5)
core   0: 3 0x80011482 (0xb83f2123) mem 0x80013000 0x00000001
core   0: 0x80011486 (0x0000bfe5) c.j     pc - 8
core   0: 3 0x80011486 (0xbfe5)
core   0: 0x8001147e (0x00002f17) auipc   t5, 0x2
core   0: 3 0x8001147e (0x00002f17) x30 0x8001347e
core   0: 0x80011482 (0xb83f2123) sw      gp, -1150(t5)
core   0: 3 0x80011482 (0xb83f2123) mem 0x80013000 0x00000001
core   0: 0x80011486 (0x0000bfe5) c.j     pc - 8
core   0: 3 0x80011486 (0xbfe5)
core   0: 0x8001147e (0x00002f17) auipc   t5, 0x2
core   0: 3 0x8001147e (0x00002f17) x30 0x8001347e
core   0: 0x80011482 (0xb83f2123) sw      gp, -1150(t5)
core   0: 3 0x80011482 (0xb83f2123) mem 0x80013000 0x00000001
core   0: 0x80011486 (0x0000bfe5) c.j     pc - 8
core   0: 3 0x80011486 (0xbfe5)
core   0: 0x8001147e (0x00002f17) auipc   t5, 0x2
core   0: 3 0x8001147e (0x00002f17) x30 0x8001347e
core   0: 0x80011482 (0xb83f2123) sw      gp, -1150(t5)
core   0: 3 0x80011482 (0xb83f2123) mem 0x80013000 0x00000001
core   0: 0x80011486 (0x0000bfe5) c.j     pc - 8
core   0: 3 0x80011486 (0xbfe5)
core   0: 0x8001147e (0x00002f17) auipc   t5, 0x2
core   0: 3 0x8001147e (0x00002f17) x30 0x8001347e
core   0: 0x80011482 (0xb83f2123) sw      gp, -1150(t5)
core   0: 3 0x80011482 (0xb83f2123) mem 0x80013000 0x00000001
core   0: 0x80011486 (0x0000bfe5) c.j     pc - 8
core   0: 3 0x80011486 (0xbfe5)
core   0: 0x8001147e (0x00002f17) auipc   t5, 0x2
core   0: 3 0x8001147e (0x00002f17) x30 0x8001347e
core   0: 0x80011482 (0xb83f2123) sw      gp, -1150(t5)
core   0: 3 0x80011482 (0xb83f2123) mem 0x80013000 0x00000001
core   0: 0x80011486 (0x0000bfe5) c.j     pc - 8
core   0: 3 0x80011486 (0xbfe5)
core   0: 0x8001147e (0x00002f17) auipc   t5, 0x2
core   0: 3 0x8001147e (0x00002f17) x30 0x8001347e
core   0: 0x80011482 (0xb83f2123) sw      gp, -1150(t5)
core   0: 3 0x80011482 (0xb83f2123) mem 0x80013000 0x00000001
core   0: 0x80011486 (0x0000bfe5) c.j     pc - 8
core   0: 3 0x80011486 (0xbfe5)
core   0: 0x8001147e (0x00002f17) auipc   t5, 0x2
core   0: 3 0x8001147e (0x00002f17) x30 0x8001347e
core   0: 0x80011482 (0xb83f2123) sw      gp, -1150(t5)
core   0: 3 0x80011482 (0xb83f2123) mem 0x80013000 0x00000001
core   0: 0x80011486 (0x0000bfe5) c.j     pc - 8
core   0: 3 0x80011486 (0xbfe5)
core   0: 0x8001147e (0x00002f17) auipc   t5, 0x2
core   0: 3 0x8001147e (0x00002f17) x30 0x8001347e
core   0: 0x80011482 (0xb83f2123) sw      gp, -1150(t5)
core   0: 3 0x80011482 (0xb83f2123) mem 0x80013000 0x00000001
core   0: 0x80011486 (0x0000bfe5) c.j     pc - 8
core   0: 3 0x80011486 (0xbfe5)
core   0: 0x8001147e (0x00002f17) auipc   t5, 0x2
core   0: 3 0x8001147e (0x00002f17) x30 0x8001347e
core   0: 0x80011482 (0xb83f2123) sw      gp, -1150(t5)
core   0: 3 0x80011482 (0xb83f2123) mem 0x80013000 0x00000001
core   0: 0x80011486 (0x0000bfe5) c.j     pc - 8
core   0: 3 0x80011486 (0xbfe5)
core   0: 0x8001147e (0x00002f17) auipc   t5, 0x2
core   0: 3 0x8001147e (0x00002f17) x30 0x8001347e
core   0: 0x80011482 (0xb83f2123) sw      gp, -1150(t5)
core   0: 3 0x80011482 (0xb83f2123) mem 0x80013000 0x00000001
core   0: 0x80011486 (0x0000bfe5) c.j     pc - 8
core   0: 3 0x80011486 (0xbfe5)
core   0: 0x8001147e (0x00002f17) auipc   t5, 0x2
core   0: 3 0x8001147e (0x00002f17) x30 0x8001347e
core   0: 0x80011482 (0xb83f2123) sw      gp, -1150(t5)
core   0: 3 0x80011482 (0xb83f2123) mem 0x80013000 0x00000001
core   0: 0x80011486 (0x0000bfe5) c.j     pc - 8
core   0: 3 0x80011486 (0xbfe5)
core   0: 0x8001147e (0x00002f17) auipc   t5, 0x2
core   0: 3 0x8001147e (0x00002f17) x30 0x8001347e
core   0: 0x80011482 (0xb83f2123) sw      gp, -1150(t5)
core   0: 3 0x80011482 (0xb83f2123) mem 0x80013000 0x00000001
core   0: 0x80011486 (0x0000bfe5) c.j     pc - 8
core   0: 3 0x80011486 (0xbfe5)
core   0: 0x8001147e (0x00002f17) auipc   t5, 0x2
core   0: 3 0x8001147e (0x00002f17) x30 0x8001347e
core   0: 0x80011482 (0xb83f2123) sw      gp, -1150(t5)
core   0: 3 0x80011482 (0xb83f2123) mem 0x80013000 0x00000001
core   0: 0x80011486 (0x0000bfe5) c.j     pc - 8
core   0: 3 0x80011486 (0xbfe5)
core   0: 0x8001147e (0x00002f17) auipc   t5, 0x2
core   0: 3 0x8001147e (0x00002f17) x30 0x8001347e
core   0: 0x80011482 (0xb83f2123) sw      gp, -1150(t5)
core   0: 3 0x80011482 (0xb83f2123) mem 0x80013000 0x00000001
core   0: 0x80011486 (0x0000bfe5) c.j     pc - 8
core   0: 3 0x80011486 (0xbfe5)
core   0: 0x8001147e (0x00002f17) auipc   t5, 0x2
core   0: 3 0x8001147e (0x00002f17) x30 0x8001347e
core   0: 0x80011482 (0xb83f2123) sw      gp, -1150(t5)
core   0: 3 0x80011482 (0xb83f2123) mem 0x80013000 0x00000001
core   0: 0x80011486 (0x0000bfe5) c.j     pc - 8
core   0: 3 0x80011486 (0xbfe5)
core   0: 0x8001147e (0x00002f17) auipc   t5, 0x2
core   0: 3 0x8001147e (0x00002f17) x30 0x8001347e
core   0: 0x80011482 (0xb83f2123) sw      gp, -1150(t5)
core   0: 3 0x80011482 (0xb83f2123) mem 0x80013000 0x00000001
core   0: 0x80011486 (0x0000bfe5) c.j     pc - 8
core   0: 3 0x80011486 (0xbfe5)
core   0: 0x8001147e (0x00002f17) auipc   t5, 0x2
core   0: 3 0x8001147e (0x00002f17) x30 0x8001347e
core   0: 0x80011482 (0xb83f2123) sw      gp, -1150(t5)
core   0: 3 0x80011482 (0xb83f2123) mem 0x80013000 0x00000001
core   0: 0x80011486 (0x0000bfe5) c.j     pc - 8
core   0: 3 0x80011486 (0xbfe5)
core   0: 0x8001147e (0x00002f17) auipc   t5, 0x2
core   0: 3 0x8001147e (0x00002f17) x30 0x8001347e
core   0: 0x80011482 (0xb83f2123) sw      gp, -1150(t5)
core   0: 3 0x80011482 (0xb83f2123) mem 0x80013000 0x00000001
core   0: 0x80011486 (0x0000bfe5) c.j     pc - 8
core   0: 3 0x80011486 (0xbfe5)
core   0: 0x8001147e (0x00002f17) auipc   t5, 0x2
core   0: 3 0x8001147e (0x00002f17) x30 0x8001347e
core   0: 0x80011482 (0xb83f2123) sw      gp, -1150(t5)
core   0: 3 0x80011482 (0xb83f2123) mem 0x80013000 0x00000001
core   0: 0x80011486 (0x0000bfe5) c.j     pc - 8
core   0: 3 0x80011486 (0xbfe5)
core   0: 0x8001147e (0x00002f17) auipc   t5, 0x2
core   0: 3 0x8001147e (0x00002f17) x30 0x8001347e
core   0: 0x80011482 (0xb83f2123) sw      gp, -1150(t5)
core   0: 3 0x80011482 (0xb83f2123) mem 0x80013000 0x00000001
core   0: 0x80011486 (0x0000bfe5) c.j     pc - 8
core   0: 3 0x80011486 (0xbfe5)
core   0: 0x8001147e (0x00002f17) auipc   t5, 0x2
core   0: 3 0x8001147e (0x00002f17) x30 0x8001347e
core   0: 0x80011482 (0xb83f2123) sw      gp, -1150(t5)
core   0: 3 0x80011482 (0xb83f2123) mem 0x80013000 0x00000001
core   0: 0x80011486 (0x0000bfe5) c.j     pc - 8
core   0: 3 0x80011486 (0xbfe5)
core   0: 0x8001147e (0x00002f17) auipc   t5, 0x2
core   0: 3 0x8001147e (0x00002f17) x30 0x8001347e
core   0: 0x80011482 (0xb83f2123) sw      gp, -1150(t5)
core   0: 3 0x80011482 (0xb83f2123) mem 0x80013000 0x00000001
core   0: 0x80011486 (0x0000bfe5) c.j     pc - 8
core   0: 3 0x80011486 (0xbfe5)
core   0: 0x8001147e (0x00002f17) auipc   t5, 0x2
core   0: 3 0x8001147e (0x00002f17) x30 0x8001347e
core   0: 0x80011482 (0xb83f2123) sw      gp, -1150(t5)
core   0: 3 0x80011482 (0xb83f2123) mem 0x80013000 0x00000001
core   0: 0x80011486 (0x0000bfe5) c.j     pc - 8
core   0: 3 0x80011486 (0xbfe5)
core   0: 0x8001147e (0x00002f17) auipc   t5, 0x2
core   0: 3 0x8001147e (0x00002f17) x30 0x8001347e
core   0: 0x80011482 (0xb83f2123) sw      gp, -1150(t5)
core   0: 3 0x80011482 (0xb83f2123) mem 0x80013000 0x00000001
core   0: 0x80011486 (0x0000bfe5) c.j     pc - 8
core   0: 3 0x80011486 (0xbfe5)
core   0: 0x8001147e (0x00002f17) auipc   t5, 0x2
core   0: 3 0x8001147e (0x00002f17) x30 0x8001347e
core   0: 0x80011482 (0xb83f2123) sw      gp, -1150(t5)
core   0: 3 0x80011482 (0xb83f2123) mem 0x80013000 0x00000001
core   0: 0x80011486 (0x0000bfe5) c.j     pc - 8
core   0: 3 0x80011486 (0xbfe5)
core   0: 0x8001147e (0x00002f17) auipc   t5, 0x2
core   0: 3 0x8001147e (0x00002f17) x30 0x8001347e
core   0: 0x80011482 (0xb83f2123) sw      gp, -1150(t5)
core   0: 3 0x80011482 (0xb83f2123) mem 0x80013000 0x00000001
core   0: 0x80011486 (0x0000bfe5) c.j     pc - 8
core   0: 3 0x80011486 (0xbfe5)
core   0: 0x8001147e (0x00002f17) auipc   t5, 0x2
core   0: 3 0x8001147e (0x00002f17) x30 0x8001347e
core   0: 0x80011482 (0xb83f2123) sw      gp, -1150(t5)
core   0: 3 0x80011482 (0xb83f2123) mem 0x80013000 0x00000001
core   0: 0x80011486 (0x0000bfe5) c.j     pc - 8
core   0: 3 0x80011486 (0xbfe5)
core   0: 0x8001147e (0x00002f17) auipc   t5, 0x2
core   0: 3 0x8001147e (0x00002f17) x30 0x8001347e
core   0: 0x80011482 (0xb83f2123) sw      gp, -1150(t5)
core   0: 3 0x80011482 (0xb83f2123) mem 0x80013000 0x00000001
core   0: 0x80011486 (0x0000bfe5) c.j     pc - 8
core   0: 3 0x80011486 (0xbfe5)
core   0: 0x8001147e (0x00002f17) auipc   t5, 0x2
core   0: 3 0x8001147e (0x00002f17) x30 0x8001347e
core   0: 0x80011482 (0xb83f2123) sw      gp, -1150(t5)
core   0: 3 0x80011482 (0xb83f2123) mem 0x80013000 0x00000001
core   0: 0x80011486 (0x0000bfe5) c.j     pc - 8
core   0: 3 0x80011486 (0xbfe5)
core   0: 0x8001147e (0x00002f17) auipc   t5, 0x2
core   0: 3 0x8001147e (0x00002f17) x30 0x8001347e
core   0: 0x80011482 (0xb83f2123) sw      gp, -1150(t5)
core   0: 3 0x80011482 (0xb83f2123) mem 0x80013000 0x00000001
core   0: 0x80011486 (0x0000bfe5) c.j     pc - 8
core   0: 3 0x80011486 (0xbfe5)
core   0: 0x8001147e (0x00002f17) auipc   t5, 0x2
core   0: 3 0x8001147e (0x00002f17) x30 0x8001347e
core   0: 0x80011482 (0xb83f2123) sw      gp, -1150(t5)
core   0: 3 0x80011482 (0xb83f2123) mem 0x80013000 0x00000001
core   0: 0x80011486 (0x0000bfe5) c.j     pc - 8
core   0: 3 0x80011486 (0xbfe5)
core   0: 0x8001147e (0x00002f17) auipc   t5, 0x2
core   0: 3 0x8001147e (0x00002f17) x30 0x8001347e
core   0: 0x80011482 (0xb83f2123) sw      gp, -1150(t5)
core   0: 3 0x80011482 (0xb83f2123) mem 0x80013000 0x00000001
core   0: 0x80011486 (0x0000bfe5) c.j     pc - 8
core   0: 3 0x80011486 (0xbfe5)
core   0: 0x8001147e (0x00002f17) auipc   t5, 0x2
core   0: 3 0x8001147e (0x00002f17) x30 0x8001347e
core   0: 0x80011482 (0xb83f2123) sw      gp, -1150(t5)
core   0: 3 0x80011482 (0xb83f2123) mem 0x80013000 0x00000001
core   0: 0x80011486 (0x0000bfe5) c.j     pc - 8
core   0: 3 0x80011486 (0xbfe5)
core   0: 0x8001147e (0x00002f17) auipc   t5, 0x2
core   0: 3 0x8001147e (0x00002f17) x30 0x8001347e
core   0: 0x80011482 (0xb83f2123) sw      gp, -1150(t5)
core   0: 3 0x80011482 (0xb83f2123) mem 0x80013000 0x00000001
core   0: 0x80011486 (0x0000bfe5) c.j     pc - 8
core   0: 3 0x80011486 (0xbfe5)
core   0: 0x8001147e (0x00002f17) auipc   t5, 0x2
core   0: 3 0x8001147e (0x00002f17) x30 0x8001347e
core   0: 0x80011482 (0xb83f2123) sw      gp, -1150(t5)
core   0: 3 0x80011482 (0xb83f2123) mem 0x80013000 0x00000001
core   0: 0x80011486 (0x0000bfe5) c.j     pc - 8
core   0: 3 0x80011486 (0xbfe5)
core   0: 0x8001147e (0x00002f17) auipc   t5, 0x2
core   0: 3 0x8001147e (0x00002f17) x30 0x8001347e
core   0: 0x80011482 (0xb83f2123) sw      gp, -1150(t5)
core   0: 3 0x80011482 (0xb83f2123) mem 0x80013000 0x00000001
core   0: 0x80011486 (0x0000bfe5) c.j     pc - 8
core   0: 3 0x80011486 (0xbfe5)
core   0: 0x8001147e (0x00002f17) auipc   t5, 0x2
core   0: 3 0x8001147e (0x00002f17) x30 0x8001347e
core   0: 0x80011482 (0xb83f2123) sw      gp, -1150(t5)
core   0: 3 0x80011482 (0xb83f2123) mem 0x80013000 0x00000001
core   0: 0x80011486 (0x0000bfe5) c.j     pc - 8
core   0: 3 0x80011486 (0xbfe5)
core   0: 0x8001147e (0x00002f17) auipc   t5, 0x2
core   0: 3 0x8001147e (0x00002f17) x30 0x8001347e
core   0: 0x80011482 (0xb83f2123) sw      gp, -1150(t5)
core   0: 3 0x80011482 (0xb83f2123) mem 0x80013000 0x00000001
core   0: 0x80011486 (0x0000bfe5) c.j     pc - 8
core   0: 3 0x80011486 (0xbfe5)
core   0: 0x8001147e (0x00002f17) auipc   t5, 0x2
core   0: 3 0x8001147e (0x00002f17) x30 0x8001347e
core   0: 0x80011482 (0xb83f2123) sw      gp, -1150(t5)
core   0: 3 0x80011482 (0xb83f2123) mem 0x80013000 0x00000001
core   0: 0x80011486 (0x0000bfe5) c.j     pc - 8
core   0: 3 0x80011486 (0xbfe5)
core   0: 0x8001147e (0x00002f17) auipc   t5, 0x2
core   0: 3 0x8001147e (0x00002f17) x30 0x8001347e
core   0: 0x80011482 (0xb83f2123) sw      gp, -1150(t5)
core   0: 3 0x80011482 (0xb83f2123) mem 0x80013000 0x00000001
core   0: 0x80011486 (0x0000bfe5) c.j     pc - 8
core   0: 3 0x80011486 (0xbfe5)
core   0: 0x8001147e (0x00002f17) auipc   t5, 0x2
core   0: 3 0x8001147e (0x00002f17) x30 0x8001347e
core   0: 0x80011482 (0xb83f2123) sw      gp, -1150(t5)
core   0: 3 0x80011482 (0xb83f2123) mem 0x80013000 0x00000001
core   0: 0x80011486 (0x0000bfe5) c.j     pc - 8
core   0: 3 0x80011486 (0xbfe5)
core   0: 0x8001147e (0x00002f17) auipc   t5, 0x2
core   0: 3 0x8001147e (0x00002f17) x30 0x8001347e
core   0: 0x80011482 (0xb83f2123) sw      gp, -1150(t5)
core   0: 3 0x80011482 (0xb83f2123) mem 0x80013000 0x00000001
core   0: 0x80011486 (0x0000bfe5) c.j     pc - 8
core   0: 3 0x80011486 (0xbfe5)
core   0: 0x8001147e (0x00002f17) auipc   t5, 0x2
core   0: 3 0x8001147e (0x00002f17) x30 0x8001347e
core   0: 0x80011482 (0xb83f2123) sw      gp, -1150(t5)
core   0: 3 0x80011482 (0xb83f2123) mem 0x80013000 0x00000001
core   0: 0x80011486 (0x0000bfe5) c.j     pc - 8
core   0: 3 0x80011486 (0xbfe5)
core   0: 0x8001147e (0x00002f17) auipc   t5, 0x2
core   0: 3 0x8001147e (0x00002f17) x30 0x8001347e
core   0: 0x80011482 (0xb83f2123) sw      gp, -1150(t5)
core   0: 3 0x80011482 (0xb83f2123) mem 0x80013000 0x00000001
core   0: 0x80011486 (0x0000bfe5) c.j     pc - 8
core   0: 3 0x80011486 (0xbfe5)
core   0: 0x8001147e (0x00002f17) auipc   t5, 0x2
core   0: 3 0x8001147e (0x00002f17) x30 0x8001347e
core   0: 0x80011482 (0xb83f2123) sw      gp, -1150(t5)
core   0: 3 0x80011482 (0xb83f2123) mem 0x80013000 0x00000001
core   0: 0x80011486 (0x0000bfe5) c.j     pc - 8
core   0: 3 0x80011486 (0xbfe5)
core   0: 0x8001147e (0x00002f17) auipc   t5, 0x2
core   0: 3 0x8001147e (0x00002f17) x30 0x8001347e
core   0: 0x80011482 (0xb83f2123) sw      gp, -1150(t5)
core   0: 3 0x80011482 (0xb83f2123) mem 0x80013000 0x00000001
core   0: 0x80011486 (0x0000bfe5) c.j     pc - 8
core   0: 3 0x80011486 (0xbfe5)
core   0: 0x8001147e (0x00002f17) auipc   t5, 0x2
core   0: 3 0x8001147e (0x00002f17) x30 0x8001347e
core   0: 0x80011482 (0xb83f2123) sw      gp, -1150(t5)
core   0: 3 0x80011482 (0xb83f2123) mem 0x80013000 0x00000001
core   0: 0x80011486 (0x0000bfe5) c.j     pc - 8
core   0: 3 0x80011486 (0xbfe5)
core   0: 0x8001147e (0x00002f17) auipc   t5, 0x2
core   0: 3 0x8001147e (0x00002f17) x30 0x8001347e
core   0: 0x80011482 (0xb83f2123) sw      gp, -1150(t5)
core   0: 3 0x80011482 (0xb83f2123) mem 0x80013000 0x00000001
core   0: 0x80011486 (0x0000bfe5) c.j     pc - 8
core   0: 3 0x80011486 (0xbfe5)
core   0: 0x8001147e (0x00002f17) auipc   t5, 0x2
core   0: 3 0x8001147e (0x00002f17) x30 0x8001347e
core   0: 0x80011482 (0xb83f2123) sw      gp, -1150(t5)
core   0: 3 0x80011482 (0xb83f2123) mem 0x80013000 0x00000001
core   0: 0x80011486 (0x0000bfe5) c.j     pc - 8
core   0: 3 0x80011486 (0xbfe5)
core   0: 0x8001147e (0x00002f17) auipc   t5, 0x2
core   0: 3 0x8001147e (0x00002f17) x30 0x8001347e
core   0: 0x80011482 (0xb83f2123) sw      gp, -1150(t5)
core   0: 3 0x80011482 (0xb83f2123) mem 0x80013000 0x00000001
core   0: 0x80011486 (0x0000bfe5) c.j     pc - 8
core   0: 3 0x80011486 (0xbfe5)
core   0: 0x8001147e (0x00002f17) auipc   t5, 0x2
core   0: 3 0x8001147e (0x00002f17) x30 0x8001347e
core   0: 0x80011482 (0xb83f2123) sw      gp, -1150(t5)
core   0: 3 0x80011482 (0xb83f2123) mem 0x80013000 0x00000001
core   0: 0x80011486 (0x0000bfe5) c.j     pc - 8
core   0: 3 0x80011486 (0xbfe5)
core   0: 0x8001147e (0x00002f17) auipc   t5, 0x2
core   0: 3 0x8001147e (0x00002f17) x30 0x8001347e
core   0: 0x80011482 (0xb83f2123) sw      gp, -1150(t5)
core   0: 3 0x80011482 (0xb83f2123) mem 0x80013000 0x00000001
core   0: 0x80011486 (0x0000bfe5) c.j     pc - 8
core   0: 3 0x80011486 (0xbfe5)
core   0: 0x8001147e (0x00002f17) auipc   t5, 0x2
core   0: 3 0x8001147e (0x00002f17) x30 0x8001347e
core   0: 0x80011482 (0xb83f2123) sw      gp, -1150(t5)
core   0: 3 0x80011482 (0xb83f2123) mem 0x80013000 0x00000001
core   0: 0x80011486 (0x0000bfe5) c.j     pc - 8
core   0: 3 0x80011486 (0xbfe5)
core   0: 0x8001147e (0x00002f17) auipc   t5, 0x2
core   0: 3 0x8001147e (0x00002f17) x30 0x8001347e
core   0: 0x80011482 (0xb83f2123) sw      gp, -1150(t5)
core   0: 3 0x80011482 (0xb83f2123) mem 0x80013000 0x00000001
core   0: 0x80011486 (0x0000bfe5) c.j     pc - 8
core   0: 3 0x80011486 (0xbfe5)
core   0: 0x8001147e (0x00002f17) auipc   t5, 0x2
core   0: 3 0x8001147e (0x00002f17) x30 0x8001347e
core   0: 0x80011482 (0xb83f2123) sw      gp, -1150(t5)
core   0: 3 0x80011482 (0xb83f2123) mem 0x80013000 0x00000001
core   0: 0x80011486 (0x0000bfe5) c.j     pc - 8
core   0: 3 0x80011486 (0xbfe5)
core   0: 0x8001147e (0x00002f17) auipc   t5, 0x2
core   0: 3 0x8001147e (0x00002f17) x30 0x8001347e
core   0: 0x80011482 (0xb83f2123) sw      gp, -1150(t5)
core   0: 3 0x80011482 (0xb83f2123) mem 0x80013000 0x00000001
core   0: 0x80011486 (0x0000bfe5) c.j     pc - 8
core   0: 3 0x80011486 (0xbfe5)
core   0: 0x8001147e (0x00002f17) auipc   t5, 0x2
core   0: 3 0x8001147e (0x00002f17) x30 0x8001347e
core   0: 0x80011482 (0xb83f2123) sw      gp, -1150(t5)
core   0: 3 0x80011482 (0xb83f2123) mem 0x80013000 0x00000001
core   0: 0x80011486 (0x0000bfe5) c.j     pc - 8
core   0: 3 0x80011486 (0xbfe5)
core   0: 0x8001147e (0x00002f17) auipc   t5, 0x2
core   0: 3 0x8001147e (0x00002f17) x30 0x8001347e
core   0: 0x80011482 (0xb83f2123) sw      gp, -1150(t5)
core   0: 3 0x80011482 (0xb83f2123) mem 0x80013000 0x00000001
core   0: 0x80011486 (0x0000bfe5) c.j     pc - 8
core   0: 3 0x80011486 (0xbfe5)
core   0: 0x8001147e (0x00002f17) auipc   t5, 0x2
core   0: 3 0x8001147e (0x00002f17) x30 0x8001347e
core   0: 0x80011482 (0xb83f2123) sw      gp, -1150(t5)
core   0: 3 0x80011482 (0xb83f2123) mem 0x80013000 0x00000001
core   0: 0x80011486 (0x0000bfe5) c.j     pc - 8
core   0: 3 0x80011486 (0xbfe5)
core   0: 0x8001147e (0x00002f17) auipc   t5, 0x2
core   0: 3 0x8001147e (0x00002f17) x30 0x8001347e
core   0: 0x80011482 (0xb83f2123) sw      gp, -1150(t5)
core   0: 3 0x80011482 (0xb83f2123) mem 0x80013000 0x00000001
core   0: 0x80011486 (0x0000bfe5) c.j     pc - 8
core   0: 3 0x80011486 (0xbfe5)
core   0: 0x8001147e (0x00002f17) auipc   t5, 0x2
core   0: 3 0x8001147e (0x00002f17) x30 0x8001347e
core   0: 0x80011482 (0xb83f2123) sw      gp, -1150(t5)
core   0: 3 0x80011482 (0xb83f2123) mem 0x80013000 0x00000001
core   0: 0x80011486 (0x0000bfe5) c.j     pc - 8
core   0: 3 0x80011486 (0xbfe5)
core   0: 0x8001147e (0x00002f17) auipc   t5, 0x2
core   0: 3 0x8001147e (0x00002f17) x30 0x8001347e
core   0: 0x80011482 (0xb83f2123) sw      gp, -1150(t5)
core   0: 3 0x80011482 (0xb83f2123) mem 0x80013000 0x00000001
core   0: 0x80011486 (0x0000bfe5) c.j     pc - 8
core   0: 3 0x80011486 (0xbfe5)
core   0: 0x8001147e (0x00002f17) auipc   t5, 0x2
core   0: 3 0x8001147e (0x00002f17) x30 0x8001347e
core   0: 0x80011482 (0xb83f2123) sw      gp, -1150(t5)
core   0: 3 0x80011482 (0xb83f2123) mem 0x80013000 0x00000001
core   0: 0x80011486 (0x0000bfe5) c.j     pc - 8
core   0: 3 0x80011486 (0xbfe5)
core   0: 0x8001147e (0x00002f17) auipc   t5, 0x2
core   0: 3 0x8001147e (0x00002f17) x30 0x8001347e
core   0: 0x80011482 (0xb83f2123) sw      gp, -1150(t5)
core   0: 3 0x80011482 (0xb83f2123) mem 0x80013000 0x00000001
core   0: 0x80011486 (0x0000bfe5) c.j     pc - 8
core   0: 3 0x80011486 (0xbfe5)
core   0: 0x8001147e (0x00002f17) auipc   t5, 0x2
core   0: 3 0x8001147e (0x00002f17) x30 0x8001347e
core   0: 0x80011482 (0xb83f2123) sw      gp, -1150(t5)
core   0: 3 0x80011482 (0xb83f2123) mem 0x80013000 0x00000001
core   0: 0x80011486 (0x0000bfe5) c.j     pc - 8
core   0: 3 0x80011486 (0xbfe5)
core   0: 0x8001147e (0x00002f17) auipc   t5, 0x2
core   0: 3 0x8001147e (0x00002f17) x30 0x8001347e
core   0: 0x80011482 (0xb83f2123) sw      gp, -1150(t5)
core   0: 3 0x80011482 (0xb83f2123) mem 0x80013000 0x00000001
core   0: 0x80011486 (0x0000bfe5) c.j     pc - 8
core   0: 3 0x80011486 (0xbfe5)
core   0: 0x8001147e (0x00002f17) auipc   t5, 0x2
core   0: 3 0x8001147e (0x00002f17) x30 0x8001347e
core   0: 0x80011482 (0xb83f2123) sw      gp, -1150(t5)
core   0: 3 0x80011482 (0xb83f2123) mem 0x80013000 0x00000001
core   0: 0x80011486 (0x0000bfe5) c.j     pc - 8
core   0: 3 0x80011486 (0xbfe5)
core   0: 0x8001147e (0x00002f17) auipc   t5, 0x2
core   0: 3 0x8001147e (0x00002f17) x30 0x8001347e
core   0: 0x80011482 (0xb83f2123) sw      gp, -1150(t5)
core   0: 3 0x80011482 (0xb83f2123) mem 0x80013000 0x00000001
core   0: 0x80011486 (0x0000bfe5) c.j     pc - 8
core   0: 3 0x80011486 (0xbfe5)
core   0: 0x8001147e (0x00002f17) auipc   t5, 0x2
core   0: 3 0x8001147e (0x00002f17) x30 0x8001347e
core   0: 0x80011482 (0xb83f2123) sw      gp, -1150(t5)
core   0: 3 0x80011482 (0xb83f2123) mem 0x80013000 0x00000001
core   0: 0x80011486 (0x0000bfe5) c.j     pc - 8
core   0: 3 0x80011486 (0xbfe5)
core   0: 0x8001147e (0x00002f17) auipc   t5, 0x2
core   0: 3 0x8001147e (0x00002f17) x30 0x8001347e
core   0: 0x80011482 (0xb83f2123) sw      gp, -1150(t5)
core   0: 3 0x80011482 (0xb83f2123) mem 0x80013000 0x00000001
core   0: 0x80011486 (0x0000bfe5) c.j     pc - 8
core   0: 3 0x80011486 (0xbfe5)
core   0: 0x8001147e (0x00002f17) auipc   t5, 0x2
core   0: 3 0x8001147e (0x00002f17) x30 0x8001347e
core   0: 0x80011482 (0xb83f2123) sw      gp, -1150(t5)
core   0: 3 0x80011482 (0xb83f2123) mem 0x80013000 0x00000001
core   0: 0x80011486 (0x0000bfe5) c.j     pc - 8
core   0: 3 0x80011486 (0xbfe5)
core   0: 0x8001147e (0x00002f17) auipc   t5, 0x2
core   0: 3 0x8001147e (0x00002f17) x30 0x8001347e
core   0: 0x80011482 (0xb83f2123) sw      gp, -1150(t5)
core   0: 3 0x80011482 (0xb83f2123) mem 0x80013000 0x00000001
core   0: 0x80011486 (0x0000bfe5) c.j     pc - 8
core   0: 3 0x80011486 (0xbfe5)
core   0: 0x8001147e (0x00002f17) auipc   t5, 0x2
core   0: 3 0x8001147e (0x00002f17) x30 0x8001347e
core   0: 0x80011482 (0xb83f2123) sw      gp, -1150(t5)
core   0: 3 0x80011482 (0xb83f2123) mem 0x80013000 0x00000001
core   0: 0x80011486 (0x0000bfe5) c.j     pc - 8
core   0: 3 0x80011486 (0xbfe5)
core   0: 0x8001147e (0x00002f17) auipc   t5, 0x2
core   0: 3 0x8001147e (0x00002f17) x30 0x8001347e
core   0: 0x80011482 (0xb83f2123) sw      gp, -1150(t5)
core   0: 3 0x80011482 (0xb83f2123) mem 0x80013000 0x00000001
core   0: 0x80011486 (0x0000bfe5) c.j     pc - 8
core   0: 3 0x80011486 (0xbfe5)
core   0: 0x8001147e (0x00002f17) auipc   t5, 0x2
core   0: 3 0x8001147e (0x00002f17) x30 0x8001347e
core   0: 0x80011482 (0xb83f2123) sw      gp, -1150(t5)
core   0: 3 0x80011482 (0xb83f2123) mem 0x80013000 0x00000001
core   0: 0x80011486 (0x0000bfe5) c.j     pc - 8
core   0: 3 0x80011486 (0xbfe5)
core   0: 0x8001147e (0x00002f17) auipc   t5, 0x2
core   0: 3 0x8001147e (0x00002f17) x30 0x8001347e
core   0: 0x80011482 (0xb83f2123) sw      gp, -1150(t5)
core   0: 3 0x80011482 (0xb83f2123) mem 0x80013000 0x00000001
core   0: 0x80011486 (0x0000bfe5) c.j     pc - 8
core   0: 3 0x80011486 (0xbfe5)
core   0: 0x8001147e (0x00002f17) auipc   t5, 0x2
core   0: 3 0x8001147e (0x00002f17) x30 0x8001347e
core   0: 0x80011482 (0xb83f2123) sw      gp, -1150(t5)
core   0: 3 0x80011482 (0xb83f2123) mem 0x80013000 0x00000001
core   0: 0x80011486 (0x0000bfe5) c.j     pc - 8
core   0: 3 0x80011486 (0xbfe5)
core   0: 0x8001147e (0x00002f17) auipc   t5, 0x2
core   0: 3 0x8001147e (0x00002f17) x30 0x8001347e
core   0: 0x80011482 (0xb83f2123) sw      gp, -1150(t5)
core   0: 3 0x80011482 (0xb83f2123) mem 0x80013000 0x00000001
core   0: 0x80011486 (0x0000bfe5) c.j     pc - 8
core   0: 3 0x80011486 (0xbfe5)
core   0: 0x8001147e (0x00002f17) auipc   t5, 0x2
core   0: 3 0x8001147e (0x00002f17) x30 0x8001347e
core   0: 0x80011482 (0xb83f2123) sw      gp, -1150(t5)
core   0: 3 0x80011482 (0xb83f2123) mem 0x80013000 0x00000001
core   0: 0x80011486 (0x0000bfe5) c.j     pc - 8
core   0: 3 0x80011486 (0xbfe5)
core   0: 0x8001147e (0x00002f17) auipc   t5, 0x2
core   0: 3 0x8001147e (0x00002f17) x30 0x8001347e
core   0: 0x80011482 (0xb83f2123) sw      gp, -1150(t5)
core   0: 3 0x80011482 (0xb83f2123) mem 0x80013000 0x00000001
core   0: 0x80011486 (0x0000bfe5) c.j     pc - 8
core   0: 3 0x80011486 (0xbfe5)
core   0: 0x8001147e (0x00002f17) auipc   t5, 0x2
core   0: 3 0x8001147e (0x00002f17) x30 0x8001347e
core   0: 0x80011482 (0xb83f2123) sw      gp, -1150(t5)
core   0: 3 0x80011482 (0xb83f2123) mem 0x80013000 0x00000001
core   0: 0x80011486 (0x0000bfe5) c.j     pc - 8
core   0: 3 0x80011486 (0xbfe5)
core   0: 0x8001147e (0x00002f17) auipc   t5, 0x2
core   0: 3 0x8001147e (0x00002f17) x30 0x8001347e
core   0: 0x80011482 (0xb83f2123) sw      gp, -1150(t5)
core   0: 3 0x80011482 (0xb83f2123) mem 0x80013000 0x00000001
core   0: 0x80011486 (0x0000bfe5) c.j     pc - 8
core   0: 3 0x80011486 (0xbfe5)
core   0: 0x8001147e (0x00002f17) auipc   t5, 0x2
core   0: 3 0x8001147e (0x00002f17) x30 0x8001347e
core   0: 0x80011482 (0xb83f2123) sw      gp, -1150(t5)
core   0: 3 0x80011482 (0xb83f2123) mem 0x80013000 0x00000001
core   0: 0x80011486 (0x0000bfe5) c.j     pc - 8
core   0: 3 0x80011486 (0xbfe5)
core   0: 0x8001147e (0x00002f17) auipc   t5, 0x2
core   0: 3 0x8001147e (0x00002f17) x30 0x8001347e
core   0: 0x80011482 (0xb83f2123) sw      gp, -1150(t5)
core   0: 3 0x80011482 (0xb83f2123) mem 0x80013000 0x00000001
core   0: 0x80011486 (0x0000bfe5) c.j     pc - 8
core   0: 3 0x80011486 (0xbfe5)
core   0: 0x8001147e (0x00002f17) auipc   t5, 0x2
core   0: 3 0x8001147e (0x00002f17) x30 0x8001347e
core   0: 0x80011482 (0xb83f2123) sw      gp, -1150(t5)
core   0: 3 0x80011482 (0xb83f2123) mem 0x80013000 0x00000001
core   0: 0x80011486 (0x0000bfe5) c.j     pc - 8
core   0: 3 0x80011486 (0xbfe5)
core   0: 0x8001147e (0x00002f17) auipc   t5, 0x2
core   0: 3 0x8001147e (0x00002f17) x30 0x8001347e
core   0: 0x80011482 (0xb83f2123) sw      gp, -1150(t5)
core   0: 3 0x80011482 (0xb83f2123) mem 0x80013000 0x00000001
core   0: 0x80011486 (0x0000bfe5) c.j     pc - 8
core   0: 3 0x80011486 (0xbfe5)
core   0: 0x8001147e (0x00002f17) auipc   t5, 0x2
core   0: 3 0x8001147e (0x00002f17) x30 0x8001347e
core   0: 0x80011482 (0xb83f2123) sw      gp, -1150(t5)
core   0: 3 0x80011482 (0xb83f2123) mem 0x80013000 0x00000001
core   0: 0x80011486 (0x0000bfe5) c.j     pc - 8
core   0: 3 0x80011486 (0xbfe5)
core   0: 0x8001147e (0x00002f17) auipc   t5, 0x2
core   0: 3 0x8001147e (0x00002f17) x30 0x8001347e
core   0: 0x80011482 (0xb83f2123) sw      gp, -1150(t5)
core   0: 3 0x80011482 (0xb83f2123) mem 0x80013000 0x00000001
core   0: 0x80011486 (0x0000bfe5) c.j     pc - 8
core   0: 3 0x80011486 (0xbfe5)
core   0: 0x8001147e (0x00002f17) auipc   t5, 0x2
core   0: 3 0x8001147e (0x00002f17) x30 0x8001347e
core   0: 0x80011482 (0xb83f2123) sw      gp, -1150(t5)
core   0: 3 0x80011482 (0xb83f2123) mem 0x80013000 0x00000001
core   0: 0x80011486 (0x0000bfe5) c.j     pc - 8
core   0: 3 0x80011486 (0xbfe5)
core   0: 0x8001147e (0x00002f17) auipc   t5, 0x2
core   0: 3 0x8001147e (0x00002f17) x30 0x8001347e
core   0: 0x80011482 (0xb83f2123) sw      gp, -1150(t5)
core   0: 3 0x80011482 (0xb83f2123) mem 0x80013000 0x00000001
core   0: 0x80011486 (0x0000bfe5) c.j     pc - 8
core   0: 3 0x80011486 (0xbfe5)
core   0: 0x8001147e (0x00002f17) auipc   t5, 0x2
core   0: 3 0x8001147e (0x00002f17) x30 0x8001347e
core   0: 0x80011482 (0xb83f2123) sw      gp, -1150(t5)
core   0: 3 0x80011482 (0xb83f2123) mem 0x80013000 0x00000001
core   0: 0x80011486 (0x0000bfe5) c.j     pc - 8
core   0: 3 0x80011486 (0xbfe5)
core   0: 0x8001147e (0x00002f17) auipc   t5, 0x2
core   0: 3 0x8001147e (0x00002f17) x30 0x8001347e
core   0: 0x80011482 (0xb83f2123) sw      gp, -1150(t5)
core   0: 3 0x80011482 (0xb83f2123) mem 0x80013000 0x00000001
core   0: 0x80011486 (0x0000bfe5) c.j     pc - 8
core   0: 3 0x80011486 (0xbfe5)
core   0: 0x8001147e (0x00002f17) auipc   t5, 0x2
core   0: 3 0x8001147e (0x00002f17) x30 0x8001347e
core   0: 0x80011482 (0xb83f2123) sw      gp, -1150(t5)
core   0: 3 0x80011482 (0xb83f2123) mem 0x80013000 0x00000001
core   0: 0x80011486 (0x0000bfe5) c.j     pc - 8
core   0: 3 0x80011486 (0xbfe5)
core   0: 0x8001147e (0x00002f17) auipc   t5, 0x2
core   0: 3 0x8001147e (0x00002f17) x30 0x8001347e
core   0: 0x80011482 (0xb83f2123) sw      gp, -1150(t5)
core   0: 3 0x80011482 (0xb83f2123) mem 0x80013000 0x00000001
core   0: 0x80011486 (0x0000bfe5) c.j     pc - 8
core   0: 3 0x80011486 (0xbfe5)
core   0: 0x8001147e (0x00002f17) auipc   t5, 0x2
core   0: 3 0x8001147e (0x00002f17) x30 0x8001347e
core   0: 0x80011482 (0xb83f2123) sw      gp, -1150(t5)
core   0: 3 0x80011482 (0xb83f2123) mem 0x80013000 0x00000001
core   0: 0x80011486 (0x0000bfe5) c.j     pc - 8
core   0: 3 0x80011486 (0xbfe5)
core   0: 0x8001147e (0x00002f17) auipc   t5, 0x2
core   0: 3 0x8001147e (0x00002f17) x30 0x8001347e
core   0: 0x80011482 (0xb83f2123) sw      gp, -1150(t5)
core   0: 3 0x80011482 (0xb83f2123) mem 0x80013000 0x00000001
core   0: 0x80011486 (0x0000bfe5) c.j     pc - 8
core   0: 3 0x80011486 (0xbfe5)
core   0: 0x8001147e (0x00002f17) auipc   t5, 0x2
core   0: 3 0x8001147e (0x00002f17) x30 0x8001347e
core   0: 0x80011482 (0xb83f2123) sw      gp, -1150(t5)
core   0: 3 0x80011482 (0xb83f2123) mem 0x80013000 0x00000001
core   0: 0x80011486 (0x0000bfe5) c.j     pc - 8
core   0: 3 0x80011486 (0xbfe5)
core   0: 0x8001147e (0x00002f17) auipc   t5, 0x2
core   0: 3 0x8001147e (0x00002f17) x30 0x8001347e
core   0: 0x80011482 (0xb83f2123) sw      gp, -1150(t5)
core   0: 3 0x80011482 (0xb83f2123) mem 0x80013000 0x00000001
core   0: 0x80011486 (0x0000bfe5) c.j     pc - 8
core   0: 3 0x80011486 (0xbfe5)
core   0: 0x8001147e (0x00002f17) auipc   t5, 0x2
core   0: 3 0x8001147e (0x00002f17) x30 0x8001347e
core   0: 0x80011482 (0xb83f2123) sw      gp, -1150(t5)
core   0: 3 0x80011482 (0xb83f2123) mem 0x80013000 0x00000001
core   0: 0x80011486 (0x0000bfe5) c.j     pc - 8
core   0: 3 0x80011486 (0xbfe5)
core   0: 0x8001147e (0x00002f17) auipc   t5, 0x2
core   0: 3 0x8001147e (0x00002f17) x30 0x8001347e
core   0: 0x80011482 (0xb83f2123) sw      gp, -1150(t5)
core   0: 3 0x80011482 (0xb83f2123) mem 0x80013000 0x00000001
core   0: 0x80011486 (0x0000bfe5) c.j     pc - 8
core   0: 3 0x80011486 (0xbfe5)
core   0: 0x8001147e (0x00002f17) auipc   t5, 0x2
core   0: 3 0x8001147e (0x00002f17) x30 0x8001347e
core   0: 0x80011482 (0xb83f2123) sw      gp, -1150(t5)
core   0: 3 0x80011482 (0xb83f2123) mem 0x80013000 0x00000001
core   0: 0x80011486 (0x0000bfe5) c.j     pc - 8
core   0: 3 0x80011486 (0xbfe5)
core   0: 0x8001147e (0x00002f17) auipc   t5, 0x2
core   0: 3 0x8001147e (0x00002f17) x30 0x8001347e
core   0: 0x80011482 (0xb83f2123) sw      gp, -1150(t5)
core   0: 3 0x80011482 (0xb83f2123) mem 0x80013000 0x00000001
core   0: 0x80011486 (0x0000bfe5) c.j     pc - 8
core   0: 3 0x80011486 (0xbfe5)
core   0: 0x8001147e (0x00002f17) auipc   t5, 0x2
core   0: 3 0x8001147e (0x00002f17) x30 0x8001347e
core   0: 0x80011482 (0xb83f2123) sw      gp, -1150(t5)
core   0: 3 0x80011482 (0xb83f2123) mem 0x80013000 0x00000001
core   0: 0x80011486 (0x0000bfe5) c.j     pc - 8
core   0: 3 0x80011486 (0xbfe5)
core   0: 0x8001147e (0x00002f17) auipc   t5, 0x2
core   0: 3 0x8001147e (0x00002f17) x30 0x8001347e
core   0: 0x80011482 (0xb83f2123) sw      gp, -1150(t5)
core   0: 3 0x80011482 (0xb83f2123) mem 0x80013000 0x00000001
core   0: 0x80011486 (0x0000bfe5) c.j     pc - 8
core   0: 3 0x80011486 (0xbfe5)
core   0: 0x8001147e (0x00002f17) auipc   t5, 0x2
core   0: 3 0x8001147e (0x00002f17) x30 0x8001347e
core   0: 0x80011482 (0xb83f2123) sw      gp, -1150(t5)
core   0: 3 0x80011482 (0xb83f2123) mem 0x80013000 0x00000001
core   0: 0x80011486 (0x0000bfe5) c.j     pc - 8
core   0: 3 0x80011486 (0xbfe5)
core   0: 0x8001147e (0x00002f17) auipc   t5, 0x2
core   0: 3 0x8001147e (0x00002f17) x30 0x8001347e
core   0: 0x80011482 (0xb83f2123) sw      gp, -1150(t5)
core   0: 3 0x80011482 (0xb83f2123) mem 0x80013000 0x00000001
core   0: 0x80011486 (0x0000bfe5) c.j     pc - 8
core   0: 3 0x80011486 (0xbfe5)
core   0: 0x8001147e (0x00002f17) auipc   t5, 0x2
core   0: 3 0x8001147e (0x00002f17) x30 0x8001347e
core   0: 0x80011482 (0xb83f2123) sw      gp, -1150(t5)
core   0: 3 0x80011482 (0xb83f2123) mem 0x80013000 0x00000001
core   0: 0x80011486 (0x0000bfe5) c.j     pc - 8
core   0: 3 0x80011486 (0xbfe5)
core   0: 0x8001147e (0x00002f17) auipc   t5, 0x2
core   0: 3 0x8001147e (0x00002f17) x30 0x8001347e
core   0: 0x80011482 (0xb83f2123) sw      gp, -1150(t5)
core   0: 3 0x80011482 (0xb83f2123) mem 0x80013000 0x00000001
core   0: 0x80011486 (0x0000bfe5) c.j     pc - 8
core   0: 3 0x80011486 (0xbfe5)
core   0: 0x8001147e (0x00002f17) auipc   t5, 0x2
core   0: 3 0x8001147e (0x00002f17) x30 0x8001347e
core   0: 0x80011482 (0xb83f2123) sw      gp, -1150(t5)
core   0: 3 0x80011482 (0xb83f2123) mem 0x80013000 0x00000001
core   0: 0x80011486 (0x0000bfe5) c.j     pc - 8
core   0: 3 0x80011486 (0xbfe5)
core   0: 0x8001147e (0x00002f17) auipc   t5, 0x2
core   0: 3 0x8001147e (0x00002f17) x30 0x8001347e
core   0: 0x80011482 (0xb83f2123) sw      gp, -1150(t5)
core   0: 3 0x80011482 (0xb83f2123) mem 0x80013000 0x00000001
core   0: 0x80011486 (0x0000bfe5) c.j     pc - 8
core   0: 3 0x80011486 (0xbfe5)
core   0: 0x8001147e (0x00002f17) auipc   t5, 0x2
core   0: 3 0x8001147e (0x00002f17) x30 0x8001347e
core   0: 0x80011482 (0xb83f2123) sw      gp, -1150(t5)
core   0: 3 0x80011482 (0xb83f2123) mem 0x80013000 0x00000001
core   0: 0x80011486 (0x0000bfe5) c.j     pc - 8
core   0: 3 0x80011486 (0xbfe5)
core   0: 0x8001147e (0x00002f17) auipc   t5, 0x2
core   0: 3 0x8001147e (0x00002f17) x30 0x8001347e
core   0: 0x80011482 (0xb83f2123) sw      gp, -1150(t5)
core   0: 3 0x80011482 (0xb83f2123) mem 0x80013000 0x00000001
core   0: 0x80011486 (0x0000bfe5) c.j     pc - 8
core   0: 3 0x80011486 (0xbfe5)
core   0: 0x8001147e (0x00002f17) auipc   t5, 0x2
core   0: 3 0x8001147e (0x00002f17) x30 0x8001347e
core   0: 0x80011482 (0xb83f2123) sw      gp, -1150(t5)
core   0: 3 0x80011482 (0xb83f2123) mem 0x80013000 0x00000001
core   0: 0x80011486 (0x0000bfe5) c.j     pc - 8
core   0: 3 0x80011486 (0xbfe5)
core   0: 0x8001147e (0x00002f17) auipc   t5, 0x2
core   0: 3 0x8001147e (0x00002f17) x30 0x8001347e
core   0: 0x80011482 (0xb83f2123) sw      gp, -1150(t5)
core   0: 3 0x80011482 (0xb83f2123) mem 0x80013000 0x00000001
core   0: 0x80011486 (0x0000bfe5) c.j     pc - 8
core   0: 3 0x80011486 (0xbfe5)
core   0: 0x8001147e (0x00002f17) auipc   t5, 0x2
core   0: 3 0x8001147e (0x00002f17) x30 0x8001347e
core   0: 0x80011482 (0xb83f2123) sw      gp, -1150(t5)
core   0: 3 0x80011482 (0xb83f2123) mem 0x80013000 0x00000001
core   0: 0x80011486 (0x0000bfe5) c.j     pc - 8
core   0: 3 0x80011486 (0xbfe5)
core   0: 0x8001147e (0x00002f17) auipc   t5, 0x2
core   0: 3 0x8001147e (0x00002f17) x30 0x8001347e
core   0: 0x80011482 (0xb83f2123) sw      gp, -1150(t5)
core   0: 3 0x80011482 (0xb83f2123) mem 0x80013000 0x00000001
core   0: 0x80011486 (0x0000bfe5) c.j     pc - 8
core   0: 3 0x80011486 (0xbfe5)
core   0: 0x8001147e (0x00002f17) auipc   t5, 0x2
core   0: 3 0x8001147e (0x00002f17) x30 0x8001347e
core   0: 0x80011482 (0xb83f2123) sw      gp, -1150(t5)
core   0: 3 0x80011482 (0xb83f2123) mem 0x80013000 0x00000001
core   0: 0x80011486 (0x0000bfe5) c.j     pc - 8
core   0: 3 0x80011486 (0xbfe5)
core   0: 0x8001147e (0x00002f17) auipc   t5, 0x2
core   0: 3 0x8001147e (0x00002f17) x30 0x8001347e
core   0: 0x80011482 (0xb83f2123) sw      gp, -1150(t5)
core   0: 3 0x80011482 (0xb83f2123) mem 0x80013000 0x00000001
core   0: 0x80011486 (0x0000bfe5) c.j     pc - 8
core   0: 3 0x80011486 (0xbfe5)
core   0: 0x8001147e (0x00002f17) auipc   t5, 0x2
core   0: 3 0x8001147e (0x00002f17) x30 0x8001347e
core   0: 0x80011482 (0xb83f2123) sw      gp, -1150(t5)
core   0: 3 0x80011482 (0xb83f2123) mem 0x80013000 0x00000001
core   0: 0x80011486 (0x0000bfe5) c.j     pc - 8
core   0: 3 0x80011486 (0xbfe5)
core   0: 0x8001147e (0x00002f17) auipc   t5, 0x2
core   0: 3 0x8001147e (0x00002f17) x30 0x8001347e
core   0: 0x80011482 (0xb83f2123) sw      gp, -1150(t5)
core   0: 3 0x80011482 (0xb83f2123) mem 0x80013000 0x00000001
core   0: 0x80011486 (0x0000bfe5) c.j     pc - 8
core   0: 3 0x80011486 (0xbfe5)
core   0: 0x8001147e (0x00002f17) auipc   t5, 0x2
core   0: 3 0x8001147e (0x00002f17) x30 0x8001347e
core   0: 0x80011482 (0xb83f2123) sw      gp, -1150(t5)
core   0: 3 0x80011482 (0xb83f2123) mem 0x80013000 0x00000001
core   0: 0x80011486 (0x0000bfe5) c.j     pc - 8
core   0: 3 0x80011486 (0xbfe5)
core   0: 0x8001147e (0x00002f17) auipc   t5, 0x2
core   0: 3 0x8001147e (0x00002f17) x30 0x8001347e
core   0: 0x80011482 (0xb83f2123) sw      gp, -1150(t5)
core   0: 3 0x80011482 (0xb83f2123) mem 0x80013000 0x00000001
core   0: 0x80011486 (0x0000bfe5) c.j     pc - 8
core   0: 3 0x80011486 (0xbfe5)
core   0: 0x8001147e (0x00002f17) auipc   t5, 0x2
core   0: 3 0x8001147e (0x00002f17) x30 0x8001347e
core   0: 0x80011482 (0xb83f2123) sw      gp, -1150(t5)
core   0: 3 0x80011482 (0xb83f2123) mem 0x80013000 0x00000001
core   0: 0x80011486 (0x0000bfe5) c.j     pc - 8
core   0: 3 0x80011486 (0xbfe5)
core   0: 0x8001147e (0x00002f17) auipc   t5, 0x2
core   0: 3 0x8001147e (0x00002f17) x30 0x8001347e
core   0: 0x80011482 (0xb83f2123) sw      gp, -1150(t5)
core   0: 3 0x80011482 (0xb83f2123) mem 0x80013000 0x00000001
core   0: 0x80011486 (0x0000bfe5) c.j     pc - 8
core   0: 3 0x80011486 (0xbfe5)
core   0: 0x8001147e (0x00002f17) auipc   t5, 0x2
core   0: 3 0x8001147e (0x00002f17) x30 0x8001347e
core   0: 0x80011482 (0xb83f2123) sw      gp, -1150(t5)
core   0: 3 0x80011482 (0xb83f2123) mem 0x80013000 0x00000001
core   0: 0x80011486 (0x0000bfe5) c.j     pc - 8
core   0: 3 0x80011486 (0xbfe5)
core   0: 0x8001147e (0x00002f17) auipc   t5, 0x2
core   0: 3 0x8001147e (0x00002f17) x30 0x8001347e
core   0: 0x80011482 (0xb83f2123) sw      gp, -1150(t5)
core   0: 3 0x80011482 (0xb83f2123) mem 0x80013000 0x00000001
core   0: 0x80011486 (0x0000bfe5) c.j     pc - 8
core   0: 3 0x80011486 (0xbfe5)
core   0: 0x8001147e (0x00002f17) auipc   t5, 0x2
core   0: 3 0x8001147e (0x00002f17) x30 0x8001347e
core   0: 0x80011482 (0xb83f2123) sw      gp, -1150(t5)
core   0: 3 0x80011482 (0xb83f2123) mem 0x80013000 0x00000001
core   0: 0x80011486 (0x0000bfe5) c.j     pc - 8
core   0: 3 0x80011486 (0xbfe5)
core   0: 0x8001147e (0x00002f17) auipc   t5, 0x2
core   0: 3 0x8001147e (0x00002f17) x30 0x8001347e
core   0: 0x80011482 (0xb83f2123) sw      gp, -1150(t5)
core   0: 3 0x80011482 (0xb83f2123) mem 0x80013000 0x00000001
core   0: 0x80011486 (0x0000bfe5) c.j     pc - 8
core   0: 3 0x80011486 (0xbfe5)
core   0: 0x8001147e (0x00002f17) auipc   t5, 0x2
core   0: 3 0x8001147e (0x00002f17) x30 0x8001347e
core   0: 0x80011482 (0xb83f2123) sw      gp, -1150(t5)
core   0: 3 0x80011482 (0xb83f2123) mem 0x80013000 0x00000001
core   0: 0x80011486 (0x0000bfe5) c.j     pc - 8
core   0: 3 0x80011486 (0xbfe5)
core   0: 0x8001147e (0x00002f17) auipc   t5, 0x2
core   0: 3 0x8001147e (0x00002f17) x30 0x8001347e
core   0: 0x80011482 (0xb83f2123) sw      gp, -1150(t5)
core   0: 3 0x80011482 (0xb83f2123) mem 0x80013000 0x00000001
core   0: 0x80011486 (0x0000bfe5) c.j     pc - 8
core   0: 3 0x80011486 (0xbfe5)
core   0: 0x8001147e (0x00002f17) auipc   t5, 0x2
core   0: 3 0x8001147e (0x00002f17) x30 0x8001347e
core   0: 0x80011482 (0xb83f2123) sw      gp, -1150(t5)
core   0: 3 0x80011482 (0xb83f2123) mem 0x80013000 0x00000001
core   0: 0x80011486 (0x0000bfe5) c.j     pc - 8
core   0: 3 0x80011486 (0xbfe5)
core   0: 0x8001147e (0x00002f17) auipc   t5, 0x2
core   0: 3 0x8001147e (0x00002f17) x30 0x8001347e
core   0: 0x80011482 (0xb83f2123) sw      gp, -1150(t5)
core   0: 3 0x80011482 (0xb83f2123) mem 0x80013000 0x00000001
core   0: 0x80011486 (0x0000bfe5) c.j     pc - 8
core   0: 3 0x80011486 (0xbfe5)
core   0: 0x8001147e (0x00002f17) auipc   t5, 0x2
core   0: 3 0x8001147e (0x00002f17) x30 0x8001347e
core   0: 0x80011482 (0xb83f2123) sw      gp, -1150(t5)
core   0: 3 0x80011482 (0xb83f2123) mem 0x80013000 0x00000001
core   0: 0x80011486 (0x0000bfe5) c.j     pc - 8
core   0: 3 0x80011486 (0xbfe5)
core   0: 0x8001147e (0x00002f17) auipc   t5, 0x2
core   0: 3 0x8001147e (0x00002f17) x30 0x8001347e
core   0: 0x80011482 (0xb83f2123) sw      gp, -1150(t5)
core   0: 3 0x80011482 (0xb83f2123) mem 0x80013000 0x00000001
core   0: 0x80011486 (0x0000bfe5) c.j     pc - 8
core   0: 3 0x80011486 (0xbfe5)
core   0: 0x8001147e (0x00002f17) auipc   t5, 0x2
core   0: 3 0x8001147e (0x00002f17) x30 0x8001347e
core   0: 0x80011482 (0xb83f2123) sw      gp, -1150(t5)
core   0: 3 0x80011482 (0xb83f2123) mem 0x80013000 0x00000001
core   0: 0x80011486 (0x0000bfe5) c.j     pc - 8
core   0: 3 0x80011486 (0xbfe5)
core   0: 0x8001147e (0x00002f17) auipc   t5, 0x2
core   0: 3 0x8001147e (0x00002f17) x30 0x8001347e
core   0: 0x80011482 (0xb83f2123) sw      gp, -1150(t5)
core   0: 3 0x80011482 (0xb83f2123) mem 0x80013000 0x00000001
core   0: 0x80011486 (0x0000bfe5) c.j     pc - 8
core   0: 3 0x80011486 (0xbfe5)
core   0: 0x8001147e (0x00002f17) auipc   t5, 0x2
core   0: 3 0x8001147e (0x00002f17) x30 0x8001347e
core   0: 0x80011482 (0xb83f2123) sw      gp, -1150(t5)
core   0: 3 0x80011482 (0xb83f2123) mem 0x80013000 0x00000001
core   0: 0x80011486 (0x0000bfe5) c.j     pc - 8
core   0: 3 0x80011486 (0xbfe5)
core   0: 0x8001147e (0x00002f17) auipc   t5, 0x2
core   0: 3 0x8001147e (0x00002f17) x30 0x8001347e
core   0: 0x80011482 (0xb83f2123) sw      gp, -1150(t5)
core   0: 3 0x80011482 (0xb83f2123) mem 0x80013000 0x00000001
core   0: 0x80011486 (0x0000bfe5) c.j     pc - 8
core   0: 3 0x80011486 (0xbfe5)
core   0: 0x8001147e (0x00002f17) auipc   t5, 0x2
core   0: 3 0x8001147e (0x00002f17) x30 0x8001347e
core   0: 0x80011482 (0xb83f2123) sw      gp, -1150(t5)
core   0: 3 0x80011482 (0xb83f2123) mem 0x80013000 0x00000001
core   0: 0x80011486 (0x0000bfe5) c.j     pc - 8
core   0: 3 0x80011486 (0xbfe5)
core   0: 0x8001147e (0x00002f17) auipc   t5, 0x2
core   0: 3 0x8001147e (0x00002f17) x30 0x8001347e
core   0: 0x80011482 (0xb83f2123) sw      gp, -1150(t5)
core   0: 3 0x80011482 (0xb83f2123) mem 0x80013000 0x00000001
core   0: 0x80011486 (0x0000bfe5) c.j     pc - 8
core   0: 3 0x80011486 (0xbfe5)
core   0: 0x8001147e (0x00002f17) auipc   t5, 0x2
core   0: 3 0x8001147e (0x00002f17) x30 0x8001347e
core   0: 0x80011482 (0xb83f2123) sw      gp, -1150(t5)
core   0: 3 0x80011482 (0xb83f2123) mem 0x80013000 0x00000001
core   0: 0x80011486 (0x0000bfe5) c.j     pc - 8
core   0: 3 0x80011486 (0xbfe5)
core   0: 0x8001147e (0x00002f17) auipc   t5, 0x2
core   0: 3 0x8001147e (0x00002f17) x30 0x8001347e
core   0: 0x80011482 (0xb83f2123) sw      gp, -1150(t5)
core   0: 3 0x80011482 (0xb83f2123) mem 0x80013000 0x00000001
core   0: 0x80011486 (0x0000bfe5) c.j     pc - 8
core   0: 3 0x80011486 (0xbfe5)
core   0: 0x8001147e (0x00002f17) auipc   t5, 0x2
core   0: 3 0x8001147e (0x00002f17) x30 0x8001347e
core   0: 0x80011482 (0xb83f2123) sw      gp, -1150(t5)
core   0: 3 0x80011482 (0xb83f2123) mem 0x80013000 0x00000001
core   0: 0x80011486 (0x0000bfe5) c.j     pc - 8
core   0: 3 0x80011486 (0xbfe5)
core   0: 0x8001147e (0x00002f17) auipc   t5, 0x2
core   0: 3 0x8001147e (0x00002f17) x30 0x8001347e
core   0: 0x80011482 (0xb83f2123) sw      gp, -1150(t5)
core   0: 3 0x80011482 (0xb83f2123) mem 0x80013000 0x00000001
core   0: 0x80011486 (0x0000bfe5) c.j     pc - 8
core   0: 3 0x80011486 (0xbfe5)
core   0: 0x8001147e (0x00002f17) auipc   t5, 0x2
core   0: 3 0x8001147e (0x00002f17) x30 0x8001347e
core   0: 0x80011482 (0xb83f2123) sw      gp, -1150(t5)
core   0: 3 0x80011482 (0xb83f2123) mem 0x80013000 0x00000001
core   0: 0x80011486 (0x0000bfe5) c.j     pc - 8
core   0: 3 0x80011486 (0xbfe5)
core   0: 0x8001147e (0x00002f17) auipc   t5, 0x2
core   0: 3 0x8001147e (0x00002f17) x30 0x8001347e
core   0: 0x80011482 (0xb83f2123) sw      gp, -1150(t5)
core   0: 3 0x80011482 (0xb83f2123) mem 0x80013000 0x00000001
core   0: 0x80011486 (0x0000bfe5) c.j     pc - 8
core   0: 3 0x80011486 (0xbfe5)
core   0: 0x8001147e (0x00002f17) auipc   t5, 0x2
core   0: 3 0x8001147e (0x00002f17) x30 0x8001347e
core   0: 0x80011482 (0xb83f2123) sw      gp, -1150(t5)
core   0: 3 0x80011482 (0xb83f2123) mem 0x80013000 0x00000001
core   0: 0x80011486 (0x0000bfe5) c.j     pc - 8
core   0: 3 0x80011486 (0xbfe5)
core   0: 0x8001147e (0x00002f17) auipc   t5, 0x2
core   0: 3 0x8001147e (0x00002f17) x30 0x8001347e
core   0: 0x80011482 (0xb83f2123) sw      gp, -1150(t5)
core   0: 3 0x80011482 (0xb83f2123) mem 0x80013000 0x00000001
core   0: 0x80011486 (0x0000bfe5) c.j     pc - 8
core   0: 3 0x80011486 (0xbfe5)
core   0: 0x8001147e (0x00002f17) auipc   t5, 0x2
core   0: 3 0x8001147e (0x00002f17) x30 0x8001347e
core   0: 0x80011482 (0xb83f2123) sw      gp, -1150(t5)
core   0: 3 0x80011482 (0xb83f2123) mem 0x80013000 0x00000001
core   0: 0x80011486 (0x0000bfe5) c.j     pc - 8
core   0: 3 0x80011486 (0xbfe5)
core   0: 0x8001147e (0x00002f17) auipc   t5, 0x2
core   0: 3 0x8001147e (0x00002f17) x30 0x8001347e
core   0: 0x80011482 (0xb83f2123) sw      gp, -1150(t5)
core   0: 3 0x80011482 (0xb83f2123) mem 0x80013000 0x00000001
core   0: 0x80011486 (0x0000bfe5) c.j     pc - 8
core   0: 3 0x80011486 (0xbfe5)
core   0: 0x8001147e (0x00002f17) auipc   t5, 0x2
core   0: 3 0x8001147e (0x00002f17) x30 0x8001347e
core   0: 0x80011482 (0xb83f2123) sw      gp, -1150(t5)
core   0: 3 0x80011482 (0xb83f2123) mem 0x80013000 0x00000001
core   0: 0x80011486 (0x0000bfe5) c.j     pc - 8
core   0: 3 0x80011486 (0xbfe5)
core   0: 0x8001147e (0x00002f17) auipc   t5, 0x2
core   0: 3 0x8001147e (0x00002f17) x30 0x8001347e
core   0: 0x80011482 (0xb83f2123) sw      gp, -1150(t5)
core   0: 3 0x80011482 (0xb83f2123) mem 0x80013000 0x00000001
core   0: 0x80011486 (0x0000bfe5) c.j     pc - 8
core   0: 3 0x80011486 (0xbfe5)
core   0: 0x8001147e (0x00002f17) auipc   t5, 0x2
core   0: 3 0x8001147e (0x00002f17) x30 0x8001347e
core   0: 0x80011482 (0xb83f2123) sw      gp, -1150(t5)
core   0: 3 0x80011482 (0xb83f2123) mem 0x80013000 0x00000001
core   0: 0x80011486 (0x0000bfe5) c.j     pc - 8
core   0: 3 0x80011486 (0xbfe5)
core   0: 0x8001147e (0x00002f17) auipc   t5, 0x2
core   0: 3 0x8001147e (0x00002f17) x30 0x8001347e
core   0: 0x80011482 (0xb83f2123) sw      gp, -1150(t5)
core   0: 3 0x80011482 (0xb83f2123) mem 0x80013000 0x00000001
core   0: 0x80011486 (0x0000bfe5) c.j     pc - 8
core   0: 3 0x80011486 (0xbfe5)
core   0: 0x8001147e (0x00002f17) auipc   t5, 0x2
core   0: 3 0x8001147e (0x00002f17) x30 0x8001347e
core   0: 0x80011482 (0xb83f2123) sw      gp, -1150(t5)
core   0: 3 0x80011482 (0xb83f2123) mem 0x80013000 0x00000001
core   0: 0x80011486 (0x0000bfe5) c.j     pc - 8
core   0: 3 0x80011486 (0xbfe5)
core   0: 0x8001147e (0x00002f17) auipc   t5, 0x2
core   0: 3 0x8001147e (0x00002f17) x30 0x8001347e
core   0: 0x80011482 (0xb83f2123) sw      gp, -1150(t5)
core   0: 3 0x80011482 (0xb83f2123) mem 0x80013000 0x00000001
core   0: 0x80011486 (0x0000bfe5) c.j     pc - 8
core   0: 3 0x80011486 (0xbfe5)
core   0: 0x8001147e (0x00002f17) auipc   t5, 0x2
core   0: 3 0x8001147e (0x00002f17) x30 0x8001347e
core   0: 0x80011482 (0xb83f2123) sw      gp, -1150(t5)
core   0: 3 0x80011482 (0xb83f2123) mem 0x80013000 0x00000001
core   0: 0x80011486 (0x0000bfe5) c.j     pc - 8
core   0: 3 0x80011486 (0xbfe5)
core   0: 0x8001147e (0x00002f17) auipc   t5, 0x2
core   0: 3 0x8001147e (0x00002f17) x30 0x8001347e
core   0: 0x80011482 (0xb83f2123) sw      gp, -1150(t5)
core   0: 3 0x80011482 (0xb83f2123) mem 0x80013000 0x00000001
core   0: 0x80011486 (0x0000bfe5) c.j     pc - 8
core   0: 3 0x80011486 (0xbfe5)
core   0: 0x8001147e (0x00002f17) auipc   t5, 0x2
core   0: 3 0x8001147e (0x00002f17) x30 0x8001347e
core   0: 0x80011482 (0xb83f2123) sw      gp, -1150(t5)
core   0: 3 0x80011482 (0xb83f2123) mem 0x80013000 0x00000001
core   0: 0x80011486 (0x0000bfe5) c.j     pc - 8
core   0: 3 0x80011486 (0xbfe5)
core   0: 0x8001147e (0x00002f17) auipc   t5, 0x2
core   0: 3 0x8001147e (0x00002f17) x30 0x8001347e
core   0: 0x80011482 (0xb83f2123) sw      gp, -1150(t5)
core   0: 3 0x80011482 (0xb83f2123) mem 0x80013000 0x00000001
core   0: 0x80011486 (0x0000bfe5) c.j     pc - 8
core   0: 3 0x80011486 (0xbfe5)
core   0: 0x8001147e (0x00002f17) auipc   t5, 0x2
core   0: 3 0x8001147e (0x00002f17) x30 0x8001347e
core   0: 0x80011482 (0xb83f2123) sw      gp, -1150(t5)
core   0: 3 0x80011482 (0xb83f2123) mem 0x80013000 0x00000001
core   0: 0x80011486 (0x0000bfe5) c.j     pc - 8
core   0: 3 0x80011486 (0xbfe5)
core   0: 0x8001147e (0x00002f17) auipc   t5, 0x2
core   0: 3 0x8001147e (0x00002f17) x30 0x8001347e
core   0: 0x80011482 (0xb83f2123) sw      gp, -1150(t5)
core   0: 3 0x80011482 (0xb83f2123) mem 0x80013000 0x00000001
core   0: 0x80011486 (0x0000bfe5) c.j     pc - 8
core   0: 3 0x80011486 (0xbfe5)
core   0: 0x8001147e (0x00002f17) auipc   t5, 0x2
core   0: 3 0x8001147e (0x00002f17) x30 0x8001347e
core   0: 0x80011482 (0xb83f2123) sw      gp, -1150(t5)
core   0: 3 0x80011482 (0xb83f2123) mem 0x80013000 0x00000001
core   0: 0x80011486 (0x0000bfe5) c.j     pc - 8
core   0: 3 0x80011486 (0xbfe5)
core   0: 0x8001147e (0x00002f17) auipc   t5, 0x2
core   0: 3 0x8001147e (0x00002f17) x30 0x8001347e
core   0: 0x80011482 (0xb83f2123) sw      gp, -1150(t5)
core   0: 3 0x80011482 (0xb83f2123) mem 0x80013000 0x00000001
core   0: 0x80011486 (0x0000bfe5) c.j     pc - 8
core   0: 3 0x80011486 (0xbfe5)
core   0: 0x8001147e (0x00002f17) auipc   t5, 0x2
core   0: 3 0x8001147e (0x00002f17) x30 0x8001347e
core   0: 0x80011482 (0xb83f2123) sw      gp, -1150(t5)
core   0: 3 0x80011482 (0xb83f2123) mem 0x80013000 0x00000001
core   0: 0x80011486 (0x0000bfe5) c.j     pc - 8
core   0: 3 0x80011486 (0xbfe5)
core   0: 0x8001147e (0x00002f17) auipc   t5, 0x2
core   0: 3 0x8001147e (0x00002f17) x30 0x8001347e
core   0: 0x80011482 (0xb83f2123) sw      gp, -1150(t5)
core   0: 3 0x80011482 (0xb83f2123) mem 0x80013000 0x00000001
core   0: 0x80011486 (0x0000bfe5) c.j     pc - 8
core   0: 3 0x80011486 (0xbfe5)
core   0: 0x8001147e (0x00002f17) auipc   t5, 0x2
core   0: 3 0x8001147e (0x00002f17) x30 0x8001347e
core   0: 0x80011482 (0xb83f2123) sw      gp, -1150(t5)
core   0: 3 0x80011482 (0xb83f2123) mem 0x80013000 0x00000001
core   0: 0x80011486 (0x0000bfe5) c.j     pc - 8
core   0: 3 0x80011486 (0xbfe5)
core   0: 0x8001147e (0x00002f17) auipc   t5, 0x2
core   0: 3 0x8001147e (0x00002f17) x30 0x8001347e
core   0: 0x80011482 (0xb83f2123) sw      gp, -1150(t5)
core   0: 3 0x80011482 (0xb83f2123) mem 0x80013000 0x00000001
core   0: 0x80011486 (0x0000bfe5) c.j     pc - 8
core   0: 3 0x80011486 (0xbfe5)
core   0: 0x8001147e (0x00002f17) auipc   t5, 0x2
core   0: 3 0x8001147e (0x00002f17) x30 0x8001347e
core   0: 0x80011482 (0xb83f2123) sw      gp, -1150(t5)
core   0: 3 0x80011482 (0xb83f2123) mem 0x80013000 0x00000001
core   0: 0x80011486 (0x0000bfe5) c.j     pc - 8
core   0: 3 0x80011486 (0xbfe5)
core   0: 0x8001147e (0x00002f17) auipc   t5, 0x2
core   0: 3 0x8001147e (0x00002f17) x30 0x8001347e
core   0: 0x80011482 (0xb83f2123) sw      gp, -1150(t5)
core   0: 3 0x80011482 (0xb83f2123) mem 0x80013000 0x00000001
core   0: 0x80011486 (0x0000bfe5) c.j     pc - 8
core   0: 3 0x80011486 (0xbfe5)
core   0: 0x8001147e (0x00002f17) auipc   t5, 0x2
core   0: 3 0x8001147e (0x00002f17) x30 0x8001347e
core   0: 0x80011482 (0xb83f2123) sw      gp, -1150(t5)
core   0: 3 0x80011482 (0xb83f2123) mem 0x80013000 0x00000001
core   0: 0x80011486 (0x0000bfe5) c.j     pc - 8
core   0: 3 0x80011486 (0xbfe5)
core   0: 0x8001147e (0x00002f17) auipc   t5, 0x2
core   0: 3 0x8001147e (0x00002f17) x30 0x8001347e
core   0: 0x80011482 (0xb83f2123) sw      gp, -1150(t5)
core   0: 3 0x80011482 (0xb83f2123) mem 0x80013000 0x00000001
core   0: 0x80011486 (0x0000bfe5) c.j     pc - 8
core   0: 3 0x80011486 (0xbfe5)
core   0: 0x8001147e (0x00002f17) auipc   t5, 0x2
core   0: 3 0x8001147e (0x00002f17) x30 0x8001347e
core   0: 0x80011482 (0xb83f2123) sw      gp, -1150(t5)
core   0: 3 0x80011482 (0xb83f2123) mem 0x80013000 0x00000001
core   0: 0x80011486 (0x0000bfe5) c.j     pc - 8
core   0: 3 0x80011486 (0xbfe5)
core   0: 0x8001147e (0x00002f17) auipc   t5, 0x2
core   0: 3 0x8001147e (0x00002f17) x30 0x8001347e
core   0: 0x80011482 (0xb83f2123) sw      gp, -1150(t5)
core   0: 3 0x80011482 (0xb83f2123) mem 0x80013000 0x00000001
core   0: 0x80011486 (0x0000bfe5) c.j     pc - 8
core   0: 3 0x80011486 (0xbfe5)
core   0: 0x8001147e (0x00002f17) auipc   t5, 0x2
core   0: 3 0x8001147e (0x00002f17) x30 0x8001347e
core   0: 0x80011482 (0xb83f2123) sw      gp, -1150(t5)
core   0: 3 0x80011482 (0xb83f2123) mem 0x80013000 0x00000001
core   0: 0x80011486 (0x0000bfe5) c.j     pc - 8
core   0: 3 0x80011486 (0xbfe5)
core   0: 0x8001147e (0x00002f17) auipc   t5, 0x2
core   0: 3 0x8001147e (0x00002f17) x30 0x8001347e
core   0: 0x80011482 (0xb83f2123) sw      gp, -1150(t5)
core   0: 3 0x80011482 (0xb83f2123) mem 0x80013000 0x00000001
core   0: 0x80011486 (0x0000bfe5) c.j     pc - 8
core   0: 3 0x80011486 (0xbfe5)
core   0: 0x8001147e (0x00002f17) auipc   t5, 0x2
core   0: 3 0x8001147e (0x00002f17) x30 0x8001347e
core   0: 0x80011482 (0xb83f2123) sw      gp, -1150(t5)
core   0: 3 0x80011482 (0xb83f2123) mem 0x80013000 0x00000001
core   0: 0x80011486 (0x0000bfe5) c.j     pc - 8
core   0: 3 0x80011486 (0xbfe5)
core   0: 0x8001147e (0x00002f17) auipc   t5, 0x2
core   0: 3 0x8001147e (0x00002f17) x30 0x8001347e
core   0: 0x80011482 (0xb83f2123) sw      gp, -1150(t5)
core   0: 3 0x80011482 (0xb83f2123) mem 0x80013000 0x00000001
core   0: 0x80011486 (0x0000bfe5) c.j     pc - 8
core   0: 3 0x80011486 (0xbfe5)
core   0: 0x8001147e (0x00002f17) auipc   t5, 0x2
core   0: 3 0x8001147e (0x00002f17) x30 0x8001347e
core   0: 0x80011482 (0xb83f2123) sw      gp, -1150(t5)
core   0: 3 0x80011482 (0xb83f2123) mem 0x80013000 0x00000001
core   0: 0x80011486 (0x0000bfe5) c.j     pc - 8
core   0: 3 0x80011486 (0xbfe5)
core   0: 0x8001147e (0x00002f17) auipc   t5, 0x2
core   0: 3 0x8001147e (0x00002f17) x30 0x8001347e
core   0: 0x80011482 (0xb83f2123) sw      gp, -1150(t5)
core   0: 3 0x80011482 (0xb83f2123) mem 0x80013000 0x00000001
core   0: 0x80011486 (0x0000bfe5) c.j     pc - 8
core   0: 3 0x80011486 (0xbfe5)
core   0: 0x8001147e (0x00002f17) auipc   t5, 0x2
core   0: 3 0x8001147e (0x00002f17) x30 0x8001347e
core   0: 0x80011482 (0xb83f2123) sw      gp, -1150(t5)
core   0: 3 0x80011482 (0xb83f2123) mem 0x80013000 0x00000001
core   0: 0x80011486 (0x0000bfe5) c.j     pc - 8
core   0: 3 0x80011486 (0xbfe5)
core   0: 0x8001147e (0x00002f17) auipc   t5, 0x2
core   0: 3 0x8001147e (0x00002f17) x30 0x8001347e
core   0: 0x80011482 (0xb83f2123) sw      gp, -1150(t5)
core   0: 3 0x80011482 (0xb83f2123) mem 0x80013000 0x00000001
core   0: 0x80011486 (0x0000bfe5) c.j     pc - 8
core   0: 3 0x80011486 (0xbfe5)
core   0: 0x8001147e (0x00002f17) auipc   t5, 0x2
core   0: 3 0x8001147e (0x00002f17) x30 0x8001347e
core   0: 0x80011482 (0xb83f2123) sw      gp, -1150(t5)
core   0: 3 0x80011482 (0xb83f2123) mem 0x80013000 0x00000001
core   0: 0x80011486 (0x0000bfe5) c.j     pc - 8
core   0: 3 0x80011486 (0xbfe5)
core   0: 0x8001147e (0x00002f17) auipc   t5, 0x2
core   0: 3 0x8001147e (0x00002f17) x30 0x8001347e
core   0: 0x80011482 (0xb83f2123) sw      gp, -1150(t5)
core   0: 3 0x80011482 (0xb83f2123) mem 0x80013000 0x00000001
core   0: 0x80011486 (0x0000bfe5) c.j     pc - 8
core   0: 3 0x80011486 (0xbfe5)
core   0: 0x8001147e (0x00002f17) auipc   t5, 0x2
core   0: 3 0x8001147e (0x00002f17) x30 0x8001347e
core   0: 0x80011482 (0xb83f2123) sw      gp, -1150(t5)
core   0: 3 0x80011482 (0xb83f2123) mem 0x80013000 0x00000001
core   0: 0x80011486 (0x0000bfe5) c.j     pc - 8
core   0: 3 0x80011486 (0xbfe5)
core   0: 0x8001147e (0x00002f17) auipc   t5, 0x2
core   0: 3 0x8001147e (0x00002f17) x30 0x8001347e
core   0: 0x80011482 (0xb83f2123) sw      gp, -1150(t5)
core   0: 3 0x80011482 (0xb83f2123) mem 0x80013000 0x00000001
core   0: 0x80011486 (0x0000bfe5) c.j     pc - 8
core   0: 3 0x80011486 (0xbfe5)
core   0: 0x8001147e (0x00002f17) auipc   t5, 0x2
core   0: 3 0x8001147e (0x00002f17) x30 0x8001347e
core   0: 0x80011482 (0xb83f2123) sw      gp, -1150(t5)
core   0: 3 0x80011482 (0xb83f2123) mem 0x80013000 0x00000001
core   0: 0x80011486 (0x0000bfe5) c.j     pc - 8
core   0: 3 0x80011486 (0xbfe5)
core   0: 0x8001147e (0x00002f17) auipc   t5, 0x2
core   0: 3 0x8001147e (0x00002f17) x30 0x8001347e
core   0: 0x80011482 (0xb83f2123) sw      gp, -1150(t5)
core   0: 3 0x80011482 (0xb83f2123) mem 0x80013000 0x00000001
core   0: 0x80011486 (0x0000bfe5) c.j     pc - 8
core   0: 3 0x80011486 (0xbfe5)
core   0: 0x8001147e (0x00002f17) auipc   t5, 0x2
core   0: 3 0x8001147e (0x00002f17) x30 0x8001347e
core   0: 0x80011482 (0xb83f2123) sw      gp, -1150(t5)
core   0: 3 0x80011482 (0xb83f2123) mem 0x80013000 0x00000001
core   0: 0x80011486 (0x0000bfe5) c.j     pc - 8
core   0: 3 0x80011486 (0xbfe5)
core   0: 0x8001147e (0x00002f17) auipc   t5, 0x2
core   0: 3 0x8001147e (0x00002f17) x30 0x8001347e
core   0: 0x80011482 (0xb83f2123) sw      gp, -1150(t5)
core   0: 3 0x80011482 (0xb83f2123) mem 0x80013000 0x00000001
core   0: 0x80011486 (0x0000bfe5) c.j     pc - 8
core   0: 3 0x80011486 (0xbfe5)
core   0: 0x8001147e (0x00002f17) auipc   t5, 0x2
core   0: 3 0x8001147e (0x00002f17) x30 0x8001347e
core   0: 0x80011482 (0xb83f2123) sw      gp, -1150(t5)
core   0: 3 0x80011482 (0xb83f2123) mem 0x80013000 0x00000001
core   0: 0x80011486 (0x0000bfe5) c.j     pc - 8
core   0: 3 0x80011486 (0xbfe5)
core   0: 0x8001147e (0x00002f17) auipc   t5, 0x2
core   0: 3 0x8001147e (0x00002f17) x30 0x8001347e
core   0: 0x80011482 (0xb83f2123) sw      gp, -1150(t5)
core   0: 3 0x80011482 (0xb83f2123) mem 0x80013000 0x00000001
core   0: 0x80011486 (0x0000bfe5) c.j     pc - 8
core   0: 3 0x80011486 (0xbfe5)
core   0: 0x8001147e (0x00002f17) auipc   t5, 0x2
core   0: 3 0x8001147e (0x00002f17) x30 0x8001347e
core   0: 0x80011482 (0xb83f2123) sw      gp, -1150(t5)
core   0: 3 0x80011482 (0xb83f2123) mem 0x80013000 0x00000001
core   0: 0x80011486 (0x0000bfe5) c.j     pc - 8
core   0: 3 0x80011486 (0xbfe5)
core   0: 0x8001147e (0x00002f17) auipc   t5, 0x2
core   0: 3 0x8001147e (0x00002f17) x30 0x8001347e
core   0: 0x80011482 (0xb83f2123) sw      gp, -1150(t5)
core   0: 3 0x80011482 (0xb83f2123) mem 0x80013000 0x00000001
core   0: 0x80011486 (0x0000bfe5) c.j     pc - 8
core   0: 3 0x80011486 (0xbfe5)
core   0: 0x8001147e (0x00002f17) auipc   t5, 0x2
core   0: 3 0x8001147e (0x00002f17) x30 0x8001347e
core   0: 0x80011482 (0xb83f2123) sw      gp, -1150(t5)
core   0: 3 0x80011482 (0xb83f2123) mem 0x80013000 0x00000001
core   0: 0x80011486 (0x0000bfe5) c.j     pc - 8
core   0: 3 0x80011486 (0xbfe5)
core   0: 0x8001147e (0x00002f17) auipc   t5, 0x2
core   0: 3 0x8001147e (0x00002f17) x30 0x8001347e
core   0: 0x80011482 (0xb83f2123) sw      gp, -1150(t5)
core   0: 3 0x80011482 (0xb83f2123) mem 0x80013000 0x00000001
core   0: 0x80011486 (0x0000bfe5) c.j     pc - 8
core   0: 3 0x80011486 (0xbfe5)
core   0: 0x8001147e (0x00002f17) auipc   t5, 0x2
core   0: 3 0x8001147e (0x00002f17) x30 0x8001347e
core   0: 0x80011482 (0xb83f2123) sw      gp, -1150(t5)
core   0: 3 0x80011482 (0xb83f2123) mem 0x80013000 0x00000001
core   0: 0x80011486 (0x0000bfe5) c.j     pc - 8
core   0: 3 0x80011486 (0xbfe5)
core   0: 0x8001147e (0x00002f17) auipc   t5, 0x2
core   0: 3 0x8001147e (0x00002f17) x30 0x8001347e
core   0: 0x80011482 (0xb83f2123) sw      gp, -1150(t5)
core   0: 3 0x80011482 (0xb83f2123) mem 0x80013000 0x00000001
core   0: 0x80011486 (0x0000bfe5) c.j     pc - 8
core   0: 3 0x80011486 (0xbfe5)
core   0: 0x8001147e (0x00002f17) auipc   t5, 0x2
core   0: 3 0x8001147e (0x00002f17) x30 0x8001347e
core   0: 0x80011482 (0xb83f2123) sw      gp, -1150(t5)
core   0: 3 0x80011482 (0xb83f2123) mem 0x80013000 0x00000001
core   0: 0x80011486 (0x0000bfe5) c.j     pc - 8
core   0: 3 0x80011486 (0xbfe5)
core   0: 0x8001147e (0x00002f17) auipc   t5, 0x2
core   0: 3 0x8001147e (0x00002f17) x30 0x8001347e
core   0: 0x80011482 (0xb83f2123) sw      gp, -1150(t5)
core   0: 3 0x80011482 (0xb83f2123) mem 0x80013000 0x00000001
core   0: 0x80011486 (0x0000bfe5) c.j     pc - 8
core   0: 3 0x80011486 (0xbfe5)
core   0: 0x8001147e (0x00002f17) auipc   t5, 0x2
core   0: 3 0x8001147e (0x00002f17) x30 0x8001347e
core   0: 0x80011482 (0xb83f2123) sw      gp, -1150(t5)
core   0: 3 0x80011482 (0xb83f2123) mem 0x80013000 0x00000001
core   0: 0x80011486 (0x0000bfe5) c.j     pc - 8
core   0: 3 0x80011486 (0xbfe5)
core   0: 0x8001147e (0x00002f17) auipc   t5, 0x2
core   0: 3 0x8001147e (0x00002f17) x30 0x8001347e
core   0: 0x80011482 (0xb83f2123) sw      gp, -1150(t5)
core   0: 3 0x80011482 (0xb83f2123) mem 0x80013000 0x00000001
core   0: 0x80011486 (0x0000bfe5) c.j     pc - 8
core   0: 3 0x80011486 (0xbfe5)
core   0: 0x8001147e (0x00002f17) auipc   t5, 0x2
core   0: 3 0x8001147e (0x00002f17) x30 0x8001347e
core   0: 0x80011482 (0xb83f2123) sw      gp, -1150(t5)
core   0: 3 0x80011482 (0xb83f2123) mem 0x80013000 0x00000001
core   0: 0x80011486 (0x0000bfe5) c.j     pc - 8
core   0: 3 0x80011486 (0xbfe5)
core   0: 0x8001147e (0x00002f17) auipc   t5, 0x2
core   0: 3 0x8001147e (0x00002f17) x30 0x8001347e
core   0: 0x80011482 (0xb83f2123) sw      gp, -1150(t5)
core   0: 3 0x80011482 (0xb83f2123) mem 0x80013000 0x00000001
core   0: 0x80011486 (0x0000bfe5) c.j     pc - 8
core   0: 3 0x80011486 (0xbfe5)
core   0: 0x8001147e (0x00002f17) auipc   t5, 0x2
core   0: 3 0x8001147e (0x00002f17) x30 0x8001347e
core   0: 0x80011482 (0xb83f2123) sw      gp, -1150(t5)
core   0: 3 0x80011482 (0xb83f2123) mem 0x80013000 0x00000001
core   0: 0x80011486 (0x0000bfe5) c.j     pc - 8
core   0: 3 0x80011486 (0xbfe5)
core   0: 0x8001147e (0x00002f17) auipc   t5, 0x2
core   0: 3 0x8001147e (0x00002f17) x30 0x8001347e
core   0: 0x80011482 (0xb83f2123) sw      gp, -1150(t5)
core   0: 3 0x80011482 (0xb83f2123) mem 0x80013000 0x00000001
core   0: 0x80011486 (0x0000bfe5) c.j     pc - 8
core   0: 3 0x80011486 (0xbfe5)
core   0: 0x8001147e (0x00002f17) auipc   t5, 0x2
core   0: 3 0x8001147e (0x00002f17) x30 0x8001347e
core   0: 0x80011482 (0xb83f2123) sw      gp, -1150(t5)
core   0: 3 0x80011482 (0xb83f2123) mem 0x80013000 0x00000001
core   0: 0x80011486 (0x0000bfe5) c.j     pc - 8
core   0: 3 0x80011486 (0xbfe5)
core   0: 0x8001147e (0x00002f17) auipc   t5, 0x2
core   0: 3 0x8001147e (0x00002f17) x30 0x8001347e
core   0: 0x80011482 (0xb83f2123) sw      gp, -1150(t5)
core   0: 3 0x80011482 (0xb83f2123) mem 0x80013000 0x00000001
core   0: 0x80011486 (0x0000bfe5) c.j     pc - 8
core   0: 3 0x80011486 (0xbfe5)
core   0: 0x8001147e (0x00002f17) auipc   t5, 0x2
core   0: 3 0x8001147e (0x00002f17) x30 0x8001347e
core   0: 0x80011482 (0xb83f2123) sw      gp, -1150(t5)
core   0: 3 0x80011482 (0xb83f2123) mem 0x80013000 0x00000001
core   0: 0x80011486 (0x0000bfe5) c.j     pc - 8
core   0: 3 0x80011486 (0xbfe5)
core   0: 0x8001147e (0x00002f17) auipc   t5, 0x2
core   0: 3 0x8001147e (0x00002f17) x30 0x8001347e
core   0: 0x80011482 (0xb83f2123) sw      gp, -1150(t5)
core   0: 3 0x80011482 (0xb83f2123) mem 0x80013000 0x00000001
core   0: 0x80011486 (0x0000bfe5) c.j     pc - 8
core   0: 3 0x80011486 (0xbfe5)
core   0: 0x8001147e (0x00002f17) auipc   t5, 0x2
core   0: 3 0x8001147e (0x00002f17) x30 0x8001347e
core   0: 0x80011482 (0xb83f2123) sw      gp, -1150(t5)
core   0: 3 0x80011482 (0xb83f2123) mem 0x80013000 0x00000001
core   0: 0x80011486 (0x0000bfe5) c.j     pc - 8
core   0: 3 0x80011486 (0xbfe5)
core   0: 0x8001147e (0x00002f17) auipc   t5, 0x2
core   0: 3 0x8001147e (0x00002f17) x30 0x8001347e
core   0: 0x80011482 (0xb83f2123) sw      gp, -1150(t5)
core   0: 3 0x80011482 (0xb83f2123) mem 0x80013000 0x00000001
core   0: 0x80011486 (0x0000bfe5) c.j     pc - 8
core   0: 3 0x80011486 (0xbfe5)
core   0: 0x8001147e (0x00002f17) auipc   t5, 0x2
core   0: 3 0x8001147e (0x00002f17) x30 0x8001347e
core   0: 0x80011482 (0xb83f2123) sw      gp, -1150(t5)
core   0: 3 0x80011482 (0xb83f2123) mem 0x80013000 0x00000001
core   0: 0x80011486 (0x0000bfe5) c.j     pc - 8
core   0: 3 0x80011486 (0xbfe5)
core   0: 0x8001147e (0x00002f17) auipc   t5, 0x2
core   0: 3 0x8001147e (0x00002f17) x30 0x8001347e
core   0: 0x80011482 (0xb83f2123) sw      gp, -1150(t5)
core   0: 3 0x80011482 (0xb83f2123) mem 0x80013000 0x00000001
core   0: 0x80011486 (0x0000bfe5) c.j     pc - 8
core   0: 3 0x80011486 (0xbfe5)
core   0: 0x8001147e (0x00002f17) auipc   t5, 0x2
core   0: 3 0x8001147e (0x00002f17) x30 0x8001347e
core   0: 0x80011482 (0xb83f2123) sw      gp, -1150(t5)
core   0: 3 0x80011482 (0xb83f2123) mem 0x80013000 0x00000001
core   0: 0x80011486 (0x0000bfe5) c.j     pc - 8
core   0: 3 0x80011486 (0xbfe5)
core   0: 0x8001147e (0x00002f17) auipc   t5, 0x2
core   0: 3 0x8001147e (0x00002f17) x30 0x8001347e
core   0: 0x80011482 (0xb83f2123) sw      gp, -1150(t5)
core   0: 3 0x80011482 (0xb83f2123) mem 0x80013000 0x00000001
core   0: 0x80011486 (0x0000bfe5) c.j     pc - 8
core   0: 3 0x80011486 (0xbfe5)
core   0: 0x8001147e (0x00002f17) auipc   t5, 0x2
core   0: 3 0x8001147e (0x00002f17) x30 0x8001347e
core   0: 0x80011482 (0xb83f2123) sw      gp, -1150(t5)
core   0: 3 0x80011482 (0xb83f2123) mem 0x80013000 0x00000001
core   0: 0x80011486 (0x0000bfe5) c.j     pc - 8
core   0: 3 0x80011486 (0xbfe5)
core   0: 0x8001147e (0x00002f17) auipc   t5, 0x2
core   0: 3 0x8001147e (0x00002f17) x30 0x8001347e
core   0: 0x80011482 (0xb83f2123) sw      gp, -1150(t5)
core   0: 3 0x80011482 (0xb83f2123) mem 0x80013000 0x00000001
core   0: 0x80011486 (0x0000bfe5) c.j     pc - 8
core   0: 3 0x80011486 (0xbfe5)
core   0: 0x8001147e (0x00002f17) auipc   t5, 0x2
core   0: 3 0x8001147e (0x00002f17) x30 0x8001347e
core   0: 0x80011482 (0xb83f2123) sw      gp, -1150(t5)
core   0: 3 0x80011482 (0xb83f2123) mem 0x80013000 0x00000001
core   0: 0x80011486 (0x0000bfe5) c.j     pc - 8
core   0: 3 0x80011486 (0xbfe5)
core   0: 0x8001147e (0x00002f17) auipc   t5, 0x2
core   0: 3 0x8001147e (0x00002f17) x30 0x8001347e
core   0: 0x80011482 (0xb83f2123) sw      gp, -1150(t5)
core   0: 3 0x80011482 (0xb83f2123) mem 0x80013000 0x00000001
core   0: 0x80011486 (0x0000bfe5) c.j     pc - 8
core   0: 3 0x80011486 (0xbfe5)
core   0: 0x8001147e (0x00002f17) auipc   t5, 0x2
core   0: 3 0x8001147e (0x00002f17) x30 0x8001347e
core   0: 0x80011482 (0xb83f2123) sw      gp, -1150(t5)
core   0: 3 0x80011482 (0xb83f2123) mem 0x80013000 0x00000001
core   0: 0x80011486 (0x0000bfe5) c.j     pc - 8
core   0: 3 0x80011486 (0xbfe5)
core   0: 0x8001147e (0x00002f17) auipc   t5, 0x2
core   0: 3 0x8001147e (0x00002f17) x30 0x8001347e
core   0: 0x80011482 (0xb83f2123) sw      gp, -1150(t5)
core   0: 3 0x80011482 (0xb83f2123) mem 0x80013000 0x00000001
core   0: 0x80011486 (0x0000bfe5) c.j     pc - 8
core   0: 3 0x80011486 (0xbfe5)
core   0: 0x8001147e (0x00002f17) auipc   t5, 0x2
core   0: 3 0x8001147e (0x00002f17) x30 0x8001347e
core   0: 0x80011482 (0xb83f2123) sw      gp, -1150(t5)
core   0: 3 0x80011482 (0xb83f2123) mem 0x80013000 0x00000001
core   0: 0x80011486 (0x0000bfe5) c.j     pc - 8
core   0: 3 0x80011486 (0xbfe5)
core   0: 0x8001147e (0x00002f17) auipc   t5, 0x2
core   0: 3 0x8001147e (0x00002f17) x30 0x8001347e
core   0: 0x80011482 (0xb83f2123) sw      gp, -1150(t5)
core   0: 3 0x80011482 (0xb83f2123) mem 0x80013000 0x00000001
core   0: 0x80011486 (0x0000bfe5) c.j     pc - 8
core   0: 3 0x80011486 (0xbfe5)
core   0: 0x8001147e (0x00002f17) auipc   t5, 0x2
core   0: 3 0x8001147e (0x00002f17) x30 0x8001347e
core   0: 0x80011482 (0xb83f2123) sw      gp, -1150(t5)
core   0: 3 0x80011482 (0xb83f2123) mem 0x80013000 0x00000001
core   0: 0x80011486 (0x0000bfe5) c.j     pc - 8
core   0: 3 0x80011486 (0xbfe5)
core   0: 0x8001147e (0x00002f17) auipc   t5, 0x2
core   0: 3 0x8001147e (0x00002f17) x30 0x8001347e
core   0: 0x80011482 (0xb83f2123) sw      gp, -1150(t5)
core   0: 3 0x80011482 (0xb83f2123) mem 0x80013000 0x00000001
core   0: 0x80011486 (0x0000bfe5) c.j     pc - 8
core   0: 3 0x80011486 (0xbfe5)
core   0: 0x8001147e (0x00002f17) auipc   t5, 0x2
core   0: 3 0x8001147e (0x00002f17) x30 0x8001347e
core   0: 0x80011482 (0xb83f2123) sw      gp, -1150(t5)
core   0: 3 0x80011482 (0xb83f2123) mem 0x80013000 0x00000001
core   0: 0x80011486 (0x0000bfe5) c.j     pc - 8
core   0: 3 0x80011486 (0xbfe5)
core   0: 0x8001147e (0x00002f17) auipc   t5, 0x2
core   0: 3 0x8001147e (0x00002f17) x30 0x8001347e
core   0: 0x80011482 (0xb83f2123) sw      gp, -1150(t5)
core   0: 3 0x80011482 (0xb83f2123) mem 0x80013000 0x00000001
core   0: 0x80011486 (0x0000bfe5) c.j     pc - 8
core   0: 3 0x80011486 (0xbfe5)
core   0: 0x8001147e (0x00002f17) auipc   t5, 0x2
core   0: 3 0x8001147e (0x00002f17) x30 0x8001347e
core   0: 0x80011482 (0xb83f2123) sw      gp, -1150(t5)
core   0: 3 0x80011482 (0xb83f2123) mem 0x80013000 0x00000001
core   0: 0x80011486 (0x0000bfe5) c.j     pc - 8
core   0: 3 0x80011486 (0xbfe5)
core   0: 0x8001147e (0x00002f17) auipc   t5, 0x2
core   0: 3 0x8001147e (0x00002f17) x30 0x8001347e
core   0: 0x80011482 (0xb83f2123) sw      gp, -1150(t5)
core   0: 3 0x80011482 (0xb83f2123) mem 0x80013000 0x00000001
core   0: 0x80011486 (0x0000bfe5) c.j     pc - 8
core   0: 3 0x80011486 (0xbfe5)
core   0: 0x8001147e (0x00002f17) auipc   t5, 0x2
core   0: 3 0x8001147e (0x00002f17) x30 0x8001347e
core   0: 0x80011482 (0xb83f2123) sw      gp, -1150(t5)
core   0: 3 0x80011482 (0xb83f2123) mem 0x80013000 0x00000001
core   0: 0x80011486 (0x0000bfe5) c.j     pc - 8
core   0: 3 0x80011486 (0xbfe5)
core   0: 0x8001147e (0x00002f17) auipc   t5, 0x2
core   0: 3 0x8001147e (0x00002f17) x30 0x8001347e
core   0: 0x80011482 (0xb83f2123) sw      gp, -1150(t5)
core   0: 3 0x80011482 (0xb83f2123) mem 0x80013000 0x00000001
core   0: 0x80011486 (0x0000bfe5) c.j     pc - 8
core   0: 3 0x80011486 (0xbfe5)
core   0: 0x8001147e (0x00002f17) auipc   t5, 0x2
core   0: 3 0x8001147e (0x00002f17) x30 0x8001347e
core   0: 0x80011482 (0xb83f2123) sw      gp, -1150(t5)
core   0: 3 0x80011482 (0xb83f2123) mem 0x80013000 0x00000001
core   0: 0x80011486 (0x0000bfe5) c.j     pc - 8
core   0: 3 0x80011486 (0xbfe5)
core   0: 0x8001147e (0x00002f17) auipc   t5, 0x2
core   0: 3 0x8001147e (0x00002f17) x30 0x8001347e
core   0: 0x80011482 (0xb83f2123) sw      gp, -1150(t5)
core   0: 3 0x80011482 (0xb83f2123) mem 0x80013000 0x00000001
core   0: 0x80011486 (0x0000bfe5) c.j     pc - 8
core   0: 3 0x80011486 (0xbfe5)
core   0: 0x8001147e (0x00002f17) auipc   t5, 0x2
core   0: 3 0x8001147e (0x00002f17) x30 0x8001347e
core   0: 0x80011482 (0xb83f2123) sw      gp, -1150(t5)
core   0: 3 0x80011482 (0xb83f2123) mem 0x80013000 0x00000001
core   0: 0x80011486 (0x0000bfe5) c.j     pc - 8
core   0: 3 0x80011486 (0xbfe5)
core   0: 0x8001147e (0x00002f17) auipc   t5, 0x2
core   0: 3 0x8001147e (0x00002f17) x30 0x8001347e
core   0: 0x80011482 (0xb83f2123) sw      gp, -1150(t5)
core   0: 3 0x80011482 (0xb83f2123) mem 0x80013000 0x00000001
core   0: 0x80011486 (0x0000bfe5) c.j     pc - 8
core   0: 3 0x80011486 (0xbfe5)
core   0: 0x8001147e (0x00002f17) auipc   t5, 0x2
core   0: 3 0x8001147e (0x00002f17) x30 0x8001347e
core   0: 0x80011482 (0xb83f2123) sw      gp, -1150(t5)
core   0: 3 0x80011482 (0xb83f2123) mem 0x80013000 0x00000001
core   0: 0x80011486 (0x0000bfe5) c.j     pc - 8
core   0: 3 0x80011486 (0xbfe5)
core   0: 0x8001147e (0x00002f17) auipc   t5, 0x2
core   0: 3 0x8001147e (0x00002f17) x30 0x8001347e
core   0: 0x80011482 (0xb83f2123) sw      gp, -1150(t5)
core   0: 3 0x80011482 (0xb83f2123) mem 0x80013000 0x00000001
core   0: 0x80011486 (0x0000bfe5) c.j     pc - 8
core   0: 3 0x80011486 (0xbfe5)
core   0: 0x8001147e (0x00002f17) auipc   t5, 0x2
core   0: 3 0x8001147e (0x00002f17) x30 0x8001347e
core   0: 0x80011482 (0xb83f2123) sw      gp, -1150(t5)
core   0: 3 0x80011482 (0xb83f2123) mem 0x80013000 0x00000001
core   0: 0x80011486 (0x0000bfe5) c.j     pc - 8
core   0: 3 0x80011486 (0xbfe5)
core   0: 0x8001147e (0x00002f17) auipc   t5, 0x2
core   0: 3 0x8001147e (0x00002f17) x30 0x8001347e
core   0: 0x80011482 (0xb83f2123) sw      gp, -1150(t5)
core   0: 3 0x80011482 (0xb83f2123) mem 0x80013000 0x00000001
core   0: 0x80011486 (0x0000bfe5) c.j     pc - 8
core   0: 3 0x80011486 (0xbfe5)
core   0: 0x8001147e (0x00002f17) auipc   t5, 0x2
core   0: 3 0x8001147e (0x00002f17) x30 0x8001347e
core   0: 0x80011482 (0xb83f2123) sw      gp, -1150(t5)
core   0: 3 0x80011482 (0xb83f2123) mem 0x80013000 0x00000001
core   0: 0x80011486 (0x0000bfe5) c.j     pc - 8
core   0: 3 0x80011486 (0xbfe5)
core   0: 0x8001147e (0x00002f17) auipc   t5, 0x2
core   0: 3 0x8001147e (0x00002f17) x30 0x8001347e
core   0: 0x80011482 (0xb83f2123) sw      gp, -1150(t5)
core   0: 3 0x80011482 (0xb83f2123) mem 0x80013000 0x00000001
core   0: 0x80011486 (0x0000bfe5) c.j     pc - 8
core   0: 3 0x80011486 (0xbfe5)
core   0: 0x8001147e (0x00002f17) auipc   t5, 0x2
core   0: 3 0x8001147e (0x00002f17) x30 0x8001347e
core   0: 0x80011482 (0xb83f2123) sw      gp, -1150(t5)
core   0: 3 0x80011482 (0xb83f2123) mem 0x80013000 0x00000001
core   0: 0x80011486 (0x0000bfe5) c.j     pc - 8
core   0: 3 0x80011486 (0xbfe5)
core   0: 0x8001147e (0x00002f17) auipc   t5, 0x2
core   0: 3 0x8001147e (0x00002f17) x30 0x8001347e
core   0: 0x80011482 (0xb83f2123) sw      gp, -1150(t5)
core   0: 3 0x80011482 (0xb83f2123) mem 0x80013000 0x00000001
core   0: 0x80011486 (0x0000bfe5) c.j     pc - 8
core   0: 3 0x80011486 (0xbfe5)
core   0: 0x8001147e (0x00002f17) auipc   t5, 0x2
core   0: 3 0x8001147e (0x00002f17) x30 0x8001347e
core   0: 0x80011482 (0xb83f2123) sw      gp, -1150(t5)
core   0: 3 0x80011482 (0xb83f2123) mem 0x80013000 0x00000001
core   0: 0x80011486 (0x0000bfe5) c.j     pc - 8
core   0: 3 0x80011486 (0xbfe5)
core   0: 0x8001147e (0x00002f17) auipc   t5, 0x2
core   0: 3 0x8001147e (0x00002f17) x30 0x8001347e
core   0: 0x80011482 (0xb83f2123) sw      gp, -1150(t5)
core   0: 3 0x80011482 (0xb83f2123) mem 0x80013000 0x00000001
core   0: 0x80011486 (0x0000bfe5) c.j     pc - 8
core   0: 3 0x80011486 (0xbfe5)
core   0: 0x8001147e (0x00002f17) auipc   t5, 0x2
core   0: 3 0x8001147e (0x00002f17) x30 0x8001347e
core   0: 0x80011482 (0xb83f2123) sw      gp, -1150(t5)
core   0: 3 0x80011482 (0xb83f2123) mem 0x80013000 0x00000001
core   0: 0x80011486 (0x0000bfe5) c.j     pc - 8
core   0: 3 0x80011486 (0xbfe5)
core   0: 0x8001147e (0x00002f17) auipc   t5, 0x2
core   0: 3 0x8001147e (0x00002f17) x30 0x8001347e
core   0: 0x80011482 (0xb83f2123) sw      gp, -1150(t5)
core   0: 3 0x80011482 (0xb83f2123) mem 0x80013000 0x00000001
core   0: 0x80011486 (0x0000bfe5) c.j     pc - 8
core   0: 3 0x80011486 (0xbfe5)
core   0: 0x8001147e (0x00002f17) auipc   t5, 0x2
core   0: 3 0x8001147e (0x00002f17) x30 0x8001347e
core   0: 0x80011482 (0xb83f2123) sw      gp, -1150(t5)
core   0: 3 0x80011482 (0xb83f2123) mem 0x80013000 0x00000001
core   0: 0x80011486 (0x0000bfe5) c.j     pc - 8
core   0: 3 0x80011486 (0xbfe5)
core   0: 0x8001147e (0x00002f17) auipc   t5, 0x2
core   0: 3 0x8001147e (0x00002f17) x30 0x8001347e
core   0: 0x80011482 (0xb83f2123) sw      gp, -1150(t5)
core   0: 3 0x80011482 (0xb83f2123) mem 0x80013000 0x00000001
core   0: 0x80011486 (0x0000bfe5) c.j     pc - 8
core   0: 3 0x80011486 (0xbfe5)
core   0: 0x8001147e (0x00002f17) auipc   t5, 0x2
core   0: 3 0x8001147e (0x00002f17) x30 0x8001347e
core   0: 0x80011482 (0xb83f2123) sw      gp, -1150(t5)
core   0: 3 0x80011482 (0xb83f2123) mem 0x80013000 0x00000001
core   0: 0x80011486 (0x0000bfe5) c.j     pc - 8
core   0: 3 0x80011486 (0xbfe5)
core   0: 0x8001147e (0x00002f17) auipc   t5, 0x2
core   0: 3 0x8001147e (0x00002f17) x30 0x8001347e
core   0: 0x80011482 (0xb83f2123) sw      gp, -1150(t5)
core   0: 3 0x80011482 (0xb83f2123) mem 0x80013000 0x00000001
core   0: 0x80011486 (0x0000bfe5) c.j     pc - 8
core   0: 3 0x80011486 (0xbfe5)
core   0: 0x8001147e (0x00002f17) auipc   t5, 0x2
core   0: 3 0x8001147e (0x00002f17) x30 0x8001347e
core   0: 0x80011482 (0xb83f2123) sw      gp, -1150(t5)
core   0: 3 0x80011482 (0xb83f2123) mem 0x80013000 0x00000001
core   0: 0x80011486 (0x0000bfe5) c.j     pc - 8
core   0: 3 0x80011486 (0xbfe5)
core   0: 0x8001147e (0x00002f17) auipc   t5, 0x2
core   0: 3 0x8001147e (0x00002f17) x30 0x8001347e
core   0: 0x80011482 (0xb83f2123) sw      gp, -1150(t5)
core   0: 3 0x80011482 (0xb83f2123) mem 0x80013000 0x00000001
core   0: 0x80011486 (0x0000bfe5) c.j     pc - 8
core   0: 3 0x80011486 (0xbfe5)
core   0: 0x8001147e (0x00002f17) auipc   t5, 0x2
core   0: 3 0x8001147e (0x00002f17) x30 0x8001347e
core   0: 0x80011482 (0xb83f2123) sw      gp, -1150(t5)
core   0: 3 0x80011482 (0xb83f2123) mem 0x80013000 0x00000001
core   0: 0x80011486 (0x0000bfe5) c.j     pc - 8
core   0: 3 0x80011486 (0xbfe5)
core   0: 0x8001147e (0x00002f17) auipc   t5, 0x2
core   0: 3 0x8001147e (0x00002f17) x30 0x8001347e
core   0: 0x80011482 (0xb83f2123) sw      gp, -1150(t5)
core   0: 3 0x80011482 (0xb83f2123) mem 0x80013000 0x00000001
core   0: 0x80011486 (0x0000bfe5) c.j     pc - 8
core   0: 3 0x80011486 (0xbfe5)
core   0: 0x8001147e (0x00002f17) auipc   t5, 0x2
core   0: 3 0x8001147e (0x00002f17) x30 0x8001347e
core   0: 0x80011482 (0xb83f2123) sw      gp, -1150(t5)
core   0: 3 0x80011482 (0xb83f2123) mem 0x80013000 0x00000001
core   0: 0x80011486 (0x0000bfe5) c.j     pc - 8
core   0: 3 0x80011486 (0xbfe5)
core   0: 0x8001147e (0x00002f17) auipc   t5, 0x2
core   0: 3 0x8001147e (0x00002f17) x30 0x8001347e
core   0: 0x80011482 (0xb83f2123) sw      gp, -1150(t5)
core   0: 3 0x80011482 (0xb83f2123) mem 0x80013000 0x00000001
core   0: 0x80011486 (0x0000bfe5) c.j     pc - 8
core   0: 3 0x80011486 (0xbfe5)
core   0: 0x8001147e (0x00002f17) auipc   t5, 0x2
core   0: 3 0x8001147e (0x00002f17) x30 0x8001347e
core   0: 0x80011482 (0xb83f2123) sw      gp, -1150(t5)
core   0: 3 0x80011482 (0xb83f2123) mem 0x80013000 0x00000001
core   0: 0x80011486 (0x0000bfe5) c.j     pc - 8
core   0: 3 0x80011486 (0xbfe5)
core   0: 0x8001147e (0x00002f17) auipc   t5, 0x2
core   0: 3 0x8001147e (0x00002f17) x30 0x8001347e
core   0: 0x80011482 (0xb83f2123) sw      gp, -1150(t5)
core   0: 3 0x80011482 (0xb83f2123) mem 0x80013000 0x00000001
core   0: 0x80011486 (0x0000bfe5) c.j     pc - 8
core   0: 3 0x80011486 (0xbfe5)
core   0: 0x8001147e (0x00002f17) auipc   t5, 0x2
core   0: 3 0x8001147e (0x00002f17) x30 0x8001347e
core   0: 0x80011482 (0xb83f2123) sw      gp, -1150(t5)
core   0: 3 0x80011482 (0xb83f2123) mem 0x80013000 0x00000001
core   0: 0x80011486 (0x0000bfe5) c.j     pc - 8
core   0: 3 0x80011486 (0xbfe5)
core   0: 0x8001147e (0x00002f17) auipc   t5, 0x2
core   0: 3 0x8001147e (0x00002f17) x30 0x8001347e
core   0: 0x80011482 (0xb83f2123) sw      gp, -1150(t5)
core   0: 3 0x80011482 (0xb83f2123) mem 0x80013000 0x00000001
core   0: 0x80011486 (0x0000bfe5) c.j     pc - 8
core   0: 3 0x80011486 (0xbfe5)
core   0: 0x8001147e (0x00002f17) auipc   t5, 0x2
core   0: 3 0x8001147e (0x00002f17) x30 0x8001347e
core   0: 0x80011482 (0xb83f2123) sw      gp, -1150(t5)
core   0: 3 0x80011482 (0xb83f2123) mem 0x80013000 0x00000001
core   0: 0x80011486 (0x0000bfe5) c.j     pc - 8
core   0: 3 0x80011486 (0xbfe5)
core   0: 0x8001147e (0x00002f17) auipc   t5, 0x2
core   0: 3 0x8001147e (0x00002f17) x30 0x8001347e
core   0: 0x80011482 (0xb83f2123) sw      gp, -1150(t5)
core   0: 3 0x80011482 (0xb83f2123) mem 0x80013000 0x00000001
core   0: 0x80011486 (0x0000bfe5) c.j     pc - 8
core   0: 3 0x80011486 (0xbfe5)
core   0: 0x8001147e (0x00002f17) auipc   t5, 0x2
core   0: 3 0x8001147e (0x00002f17) x30 0x8001347e
core   0: 0x80011482 (0xb83f2123) sw      gp, -1150(t5)
core   0: 3 0x80011482 (0xb83f2123) mem 0x80013000 0x00000001
core   0: 0x80011486 (0x0000bfe5) c.j     pc - 8
core   0: 3 0x80011486 (0xbfe5)
core   0: 0x8001147e (0x00002f17) auipc   t5, 0x2
core   0: 3 0x8001147e (0x00002f17) x30 0x8001347e
core   0: 0x80011482 (0xb83f2123) sw      gp, -1150(t5)
core   0: 3 0x80011482 (0xb83f2123) mem 0x80013000 0x00000001
core   0: 0x80011486 (0x0000bfe5) c.j     pc - 8
core   0: 3 0x80011486 (0xbfe5)
core   0: 0x8001147e (0x00002f17) auipc   t5, 0x2
core   0: 3 0x8001147e (0x00002f17) x30 0x8001347e
core   0: 0x80011482 (0xb83f2123) sw      gp, -1150(t5)
core   0: 3 0x80011482 (0xb83f2123) mem 0x80013000 0x00000001
core   0: 0x80011486 (0x0000bfe5) c.j     pc - 8
core   0: 3 0x80011486 (0xbfe5)
core   0: 0x8001147e (0x00002f17) auipc   t5, 0x2
core   0: 3 0x8001147e (0x00002f17) x30 0x8001347e
core   0: 0x80011482 (0xb83f2123) sw      gp, -1150(t5)
core   0: 3 0x80011482 (0xb83f2123) mem 0x80013000 0x00000001
core   0: 0x80011486 (0x0000bfe5) c.j     pc - 8
core   0: 3 0x80011486 (0xbfe5)
core   0: 0x8001147e (0x00002f17) auipc   t5, 0x2
core   0: 3 0x8001147e (0x00002f17) x30 0x8001347e
core   0: 0x80011482 (0xb83f2123) sw      gp, -1150(t5)
core   0: 3 0x80011482 (0xb83f2123) mem 0x80013000 0x00000001
core   0: 0x80011486 (0x0000bfe5) c.j     pc - 8
core   0: 3 0x80011486 (0xbfe5)
core   0: 0x8001147e (0x00002f17) auipc   t5, 0x2
core   0: 3 0x8001147e (0x00002f17) x30 0x8001347e
core   0: 0x80011482 (0xb83f2123) sw      gp, -1150(t5)
core   0: 3 0x80011482 (0xb83f2123) mem 0x80013000 0x00000001
core   0: 0x80011486 (0x0000bfe5) c.j     pc - 8
core   0: 3 0x80011486 (0xbfe5)
core   0: 0x8001147e (0x00002f17) auipc   t5, 0x2
core   0: 3 0x8001147e (0x00002f17) x30 0x8001347e
core   0: 0x80011482 (0xb83f2123) sw      gp, -1150(t5)
core   0: 3 0x80011482 (0xb83f2123) mem 0x80013000 0x00000001
core   0: 0x80011486 (0x0000bfe5) c.j     pc - 8
core   0: 3 0x80011486 (0xbfe5)
core   0: 0x8001147e (0x00002f17) auipc   t5, 0x2
core   0: 3 0x8001147e (0x00002f17) x30 0x8001347e
core   0: 0x80011482 (0xb83f2123) sw      gp, -1150(t5)
core   0: 3 0x80011482 (0xb83f2123) mem 0x80013000 0x00000001
core   0: 0x80011486 (0x0000bfe5) c.j     pc - 8
core   0: 3 0x80011486 (0xbfe5)
core   0: 0x8001147e (0x00002f17) auipc   t5, 0x2
core   0: 3 0x8001147e (0x00002f17) x30 0x8001347e
core   0: 0x80011482 (0xb83f2123) sw      gp, -1150(t5)
core   0: 3 0x80011482 (0xb83f2123) mem 0x80013000 0x00000001
core   0: 0x80011486 (0x0000bfe5) c.j     pc - 8
core   0: 3 0x80011486 (0xbfe5)
core   0: 0x8001147e (0x00002f17) auipc   t5, 0x2
core   0: 3 0x8001147e (0x00002f17) x30 0x8001347e
core   0: 0x80011482 (0xb83f2123) sw      gp, -1150(t5)
core   0: 3 0x80011482 (0xb83f2123) mem 0x80013000 0x00000001
core   0: 0x80011486 (0x0000bfe5) c.j     pc - 8
core   0: 3 0x80011486 (0xbfe5)
core   0: 0x8001147e (0x00002f17) auipc   t5, 0x2
core   0: 3 0x8001147e (0x00002f17) x30 0x8001347e
core   0: 0x80011482 (0xb83f2123) sw      gp, -1150(t5)
core   0: 3 0x80011482 (0xb83f2123) mem 0x80013000 0x00000001
core   0: 0x80011486 (0x0000bfe5) c.j     pc - 8
core   0: 3 0x80011486 (0xbfe5)
core   0: 0x8001147e (0x00002f17) auipc   t5, 0x2
core   0: 3 0x8001147e (0x00002f17) x30 0x8001347e
core   0: 0x80011482 (0xb83f2123) sw      gp, -1150(t5)
core   0: 3 0x80011482 (0xb83f2123) mem 0x80013000 0x00000001
core   0: 0x80011486 (0x0000bfe5) c.j     pc - 8
core   0: 3 0x80011486 (0xbfe5)
core   0: 0x8001147e (0x00002f17) auipc   t5, 0x2
core   0: 3 0x8001147e (0x00002f17) x30 0x8001347e
core   0: 0x80011482 (0xb83f2123) sw      gp, -1150(t5)
core   0: 3 0x80011482 (0xb83f2123) mem 0x80013000 0x00000001
core   0: 0x80011486 (0x0000bfe5) c.j     pc - 8
core   0: 3 0x80011486 (0xbfe5)
core   0: 0x8001147e (0x00002f17) auipc   t5, 0x2
core   0: 3 0x8001147e (0x00002f17) x30 0x8001347e
core   0: 0x80011482 (0xb83f2123) sw      gp, -1150(t5)
core   0: 3 0x80011482 (0xb83f2123) mem 0x80013000 0x00000001
core   0: 0x80011486 (0x0000bfe5) c.j     pc - 8
core   0: 3 0x80011486 (0xbfe5)
core   0: 0x8001147e (0x00002f17) auipc   t5, 0x2
core   0: 3 0x8001147e (0x00002f17) x30 0x8001347e
core   0: 0x80011482 (0xb83f2123) sw      gp, -1150(t5)
core   0: 3 0x80011482 (0xb83f2123) mem 0x80013000 0x00000001
core   0: 0x80011486 (0x0000bfe5) c.j     pc - 8
core   0: 3 0x80011486 (0xbfe5)
core   0: 0x8001147e (0x00002f17) auipc   t5, 0x2
core   0: 3 0x8001147e (0x00002f17) x30 0x8001347e
core   0: 0x80011482 (0xb83f2123) sw      gp, -1150(t5)
core   0: 3 0x80011482 (0xb83f2123) mem 0x80013000 0x00000001
core   0: 0x80011486 (0x0000bfe5) c.j     pc - 8
core   0: 3 0x80011486 (0xbfe5)
core   0: 0x8001147e (0x00002f17) auipc   t5, 0x2
core   0: 3 0x8001147e (0x00002f17) x30 0x8001347e
core   0: 0x80011482 (0xb83f2123) sw      gp, -1150(t5)
core   0: 3 0x80011482 (0xb83f2123) mem 0x80013000 0x00000001
core   0: 0x80011486 (0x0000bfe5) c.j     pc - 8
core   0: 3 0x80011486 (0xbfe5)
core   0: 0x8001147e (0x00002f17) auipc   t5, 0x2
core   0: 3 0x8001147e (0x00002f17) x30 0x8001347e
core   0: 0x80011482 (0xb83f2123) sw      gp, -1150(t5)
core   0: 3 0x80011482 (0xb83f2123) mem 0x80013000 0x00000001
core   0: 0x80011486 (0x0000bfe5) c.j     pc - 8
core   0: 3 0x80011486 (0xbfe5)
core   0: 0x8001147e (0x00002f17) auipc   t5, 0x2
core   0: 3 0x8001147e (0x00002f17) x30 0x8001347e
core   0: 0x80011482 (0xb83f2123) sw      gp, -1150(t5)
core   0: 3 0x80011482 (0xb83f2123) mem 0x80013000 0x00000001
core   0: 0x80011486 (0x0000bfe5) c.j     pc - 8
core   0: 3 0x80011486 (0xbfe5)
core   0: 0x8001147e (0x00002f17) auipc   t5, 0x2
core   0: 3 0x8001147e (0x00002f17) x30 0x8001347e
core   0: 0x80011482 (0xb83f2123) sw      gp, -1150(t5)
core   0: 3 0x80011482 (0xb83f2123) mem 0x80013000 0x00000001
core   0: 0x80011486 (0x0000bfe5) c.j     pc - 8
core   0: 3 0x80011486 (0xbfe5)
core   0: 0x8001147e (0x00002f17) auipc   t5, 0x2
core   0: 3 0x8001147e (0x00002f17) x30 0x8001347e
core   0: 0x80011482 (0xb83f2123) sw      gp, -1150(t5)
core   0: 3 0x80011482 (0xb83f2123) mem 0x80013000 0x00000001
core   0: 0x80011486 (0x0000bfe5) c.j     pc - 8
core   0: 3 0x80011486 (0xbfe5)
core   0: 0x8001147e (0x00002f17) auipc   t5, 0x2
core   0: 3 0x8001147e (0x00002f17) x30 0x8001347e
core   0: 0x80011482 (0xb83f2123) sw      gp, -1150(t5)
core   0: 3 0x80011482 (0xb83f2123) mem 0x80013000 0x00000001
core   0: 0x80011486 (0x0000bfe5) c.j     pc - 8
core   0: 3 0x80011486 (0xbfe5)
core   0: 0x8001147e (0x00002f17) auipc   t5, 0x2
core   0: 3 0x8001147e (0x00002f17) x30 0x8001347e
core   0: 0x80011482 (0xb83f2123) sw      gp, -1150(t5)
core   0: 3 0x80011482 (0xb83f2123) mem 0x80013000 0x00000001
core   0: 0x80011486 (0x0000bfe5) c.j     pc - 8
core   0: 3 0x80011486 (0xbfe5)
core   0: 0x8001147e (0x00002f17) auipc   t5, 0x2
core   0: 3 0x8001147e (0x00002f17) x30 0x8001347e
core   0: 0x80011482 (0xb83f2123) sw      gp, -1150(t5)
core   0: 3 0x80011482 (0xb83f2123) mem 0x80013000 0x00000001
core   0: 0x80011486 (0x0000bfe5) c.j     pc - 8
core   0: 3 0x80011486 (0xbfe5)
core   0: 0x8001147e (0x00002f17) auipc   t5, 0x2
core   0: 3 0x8001147e (0x00002f17) x30 0x8001347e
core   0: 0x80011482 (0xb83f2123) sw      gp, -1150(t5)
core   0: 3 0x80011482 (0xb83f2123) mem 0x80013000 0x00000001
core   0: 0x80011486 (0x0000bfe5) c.j     pc - 8
core   0: 3 0x80011486 (0xbfe5)
core   0: 0x8001147e (0x00002f17) auipc   t5, 0x2
core   0: 3 0x8001147e (0x00002f17) x30 0x8001347e
core   0: 0x80011482 (0xb83f2123) sw      gp, -1150(t5)
core   0: 3 0x80011482 (0xb83f2123) mem 0x80013000 0x00000001
core   0: 0x80011486 (0x0000bfe5) c.j     pc - 8
core   0: 3 0x80011486 (0xbfe5)
core   0: 0x8001147e (0x00002f17) auipc   t5, 0x2
core   0: 3 0x8001147e (0x00002f17) x30 0x8001347e
core   0: 0x80011482 (0xb83f2123) sw      gp, -1150(t5)
core   0: 3 0x80011482 (0xb83f2123) mem 0x80013000 0x00000001
core   0: 0x80011486 (0x0000bfe5) c.j     pc - 8
core   0: 3 0x80011486 (0xbfe5)
core   0: 0x8001147e (0x00002f17) auipc   t5, 0x2
core   0: 3 0x8001147e (0x00002f17) x30 0x8001347e
core   0: 0x80011482 (0xb83f2123) sw      gp, -1150(t5)
core   0: 3 0x80011482 (0xb83f2123) mem 0x80013000 0x00000001
core   0: 0x80011486 (0x0000bfe5) c.j     pc - 8
core   0: 3 0x80011486 (0xbfe5)
core   0: 0x8001147e (0x00002f17) auipc   t5, 0x2
core   0: 3 0x8001147e (0x00002f17) x30 0x8001347e
core   0: 0x80011482 (0xb83f2123) sw      gp, -1150(t5)
core   0: 3 0x80011482 (0xb83f2123) mem 0x80013000 0x00000001
core   0: 0x80011486 (0x0000bfe5) c.j     pc - 8
core   0: 3 0x80011486 (0xbfe5)
core   0: 0x8001147e (0x00002f17) auipc   t5, 0x2
core   0: 3 0x8001147e (0x00002f17) x30 0x8001347e
core   0: 0x80011482 (0xb83f2123) sw      gp, -1150(t5)
core   0: 3 0x80011482 (0xb83f2123) mem 0x80013000 0x00000001
core   0: 0x80011486 (0x0000bfe5) c.j     pc - 8
core   0: 3 0x80011486 (0xbfe5)
core   0: 0x8001147e (0x00002f17) auipc   t5, 0x2
core   0: 3 0x8001147e (0x00002f17) x30 0x8001347e
core   0: 0x80011482 (0xb83f2123) sw      gp, -1150(t5)
core   0: 3 0x80011482 (0xb83f2123) mem 0x80013000 0x00000001
core   0: 0x80011486 (0x0000bfe5) c.j     pc - 8
core   0: 3 0x80011486 (0xbfe5)
core   0: 0x8001147e (0x00002f17) auipc   t5, 0x2
core   0: 3 0x8001147e (0x00002f17) x30 0x8001347e
core   0: 0x80011482 (0xb83f2123) sw      gp, -1150(t5)
core   0: 3 0x80011482 (0xb83f2123) mem 0x80013000 0x00000001
core   0: 0x80011486 (0x0000bfe5) c.j     pc - 8
core   0: 3 0x80011486 (0xbfe5)
core   0: 0x8001147e (0x00002f17) auipc   t5, 0x2
core   0: 3 0x8001147e (0x00002f17) x30 0x8001347e
core   0: 0x80011482 (0xb83f2123) sw      gp, -1150(t5)
core   0: 3 0x80011482 (0xb83f2123) mem 0x80013000 0x00000001
core   0: 0x80011486 (0x0000bfe5) c.j     pc - 8
core   0: 3 0x80011486 (0xbfe5)
core   0: 0x8001147e (0x00002f17) auipc   t5, 0x2
core   0: 3 0x8001147e (0x00002f17) x30 0x8001347e
core   0: 0x80011482 (0xb83f2123) sw      gp, -1150(t5)
core   0: 3 0x80011482 (0xb83f2123) mem 0x80013000 0x00000001
core   0: 0x80011486 (0x0000bfe5) c.j     pc - 8
core   0: 3 0x80011486 (0xbfe5)
core   0: 0x8001147e (0x00002f17) auipc   t5, 0x2
core   0: 3 0x8001147e (0x00002f17) x30 0x8001347e
core   0: 0x80011482 (0xb83f2123) sw      gp, -1150(t5)
core   0: 3 0x80011482 (0xb83f2123) mem 0x80013000 0x00000001
core   0: 0x80011486 (0x0000bfe5) c.j     pc - 8
core   0: 3 0x80011486 (0xbfe5)
core   0: 0x8001147e (0x00002f17) auipc   t5, 0x2
core   0: 3 0x8001147e (0x00002f17) x30 0x8001347e
core   0: 0x80011482 (0xb83f2123) sw      gp, -1150(t5)
core   0: 3 0x80011482 (0xb83f2123) mem 0x80013000 0x00000001
core   0: 0x80011486 (0x0000bfe5) c.j     pc - 8
core   0: 3 0x80011486 (0xbfe5)
core   0: 0x8001147e (0x00002f17) auipc   t5, 0x2
core   0: 3 0x8001147e (0x00002f17) x30 0x8001347e
core   0: 0x80011482 (0xb83f2123) sw      gp, -1150(t5)
core   0: 3 0x80011482 (0xb83f2123) mem 0x80013000 0x00000001
core   0: 0x80011486 (0x0000bfe5) c.j     pc - 8
core   0: 3 0x80011486 (0xbfe5)
core   0: 0x8001147e (0x00002f17) auipc   t5, 0x2
core   0: 3 0x8001147e (0x00002f17) x30 0x8001347e
core   0: 0x80011482 (0xb83f2123) sw      gp, -1150(t5)
core   0: 3 0x80011482 (0xb83f2123) mem 0x80013000 0x00000001
core   0: 0x80011486 (0x0000bfe5) c.j     pc - 8
core   0: 3 0x80011486 (0xbfe5)
core   0: 0x8001147e (0x00002f17) auipc   t5, 0x2
core   0: 3 0x8001147e (0x00002f17) x30 0x8001347e
core   0: 0x80011482 (0xb83f2123) sw      gp, -1150(t5)
core   0: 3 0x80011482 (0xb83f2123) mem 0x80013000 0x00000001
core   0: 0x80011486 (0x0000bfe5) c.j     pc - 8
core   0: 3 0x80011486 (0xbfe5)
core   0: 0x8001147e (0x00002f17) auipc   t5, 0x2
core   0: 3 0x8001147e (0x00002f17) x30 0x8001347e
core   0: 0x80011482 (0xb83f2123) sw      gp, -1150(t5)
core   0: 3 0x80011482 (0xb83f2123) mem 0x80013000 0x00000001
core   0: 0x80011486 (0x0000bfe5) c.j     pc - 8
core   0: 3 0x80011486 (0xbfe5)
core   0: 0x8001147e (0x00002f17) auipc   t5, 0x2
core   0: 3 0x8001147e (0x00002f17) x30 0x8001347e
core   0: 0x80011482 (0xb83f2123) sw      gp, -1150(t5)
core   0: 3 0x80011482 (0xb83f2123) mem 0x80013000 0x00000001
core   0: 0x80011486 (0x0000bfe5) c.j     pc - 8
core   0: 3 0x80011486 (0xbfe5)
core   0: 0x8001147e (0x00002f17) auipc   t5, 0x2
core   0: 3 0x8001147e (0x00002f17) x30 0x8001347e
core   0: 0x80011482 (0xb83f2123) sw      gp, -1150(t5)
core   0: 3 0x80011482 (0xb83f2123) mem 0x80013000 0x00000001
core   0: 0x80011486 (0x0000bfe5) c.j     pc - 8
core   0: 3 0x80011486 (0xbfe5)
core   0: 0x8001147e (0x00002f17) auipc   t5, 0x2
core   0: 3 0x8001147e (0x00002f17) x30 0x8001347e
core   0: 0x80011482 (0xb83f2123) sw      gp, -1150(t5)
core   0: 3 0x80011482 (0xb83f2123) mem 0x80013000 0x00000001
core   0: 0x80011486 (0x0000bfe5) c.j     pc - 8
core   0: 3 0x80011486 (0xbfe5)
core   0: 0x8001147e (0x00002f17) auipc   t5, 0x2
core   0: 3 0x8001147e (0x00002f17) x30 0x8001347e
core   0: 0x80011482 (0xb83f2123) sw      gp, -1150(t5)
core   0: 3 0x80011482 (0xb83f2123) mem 0x80013000 0x00000001
core   0: 0x80011486 (0x0000bfe5) c.j     pc - 8
core   0: 3 0x80011486 (0xbfe5)
core   0: 0x8001147e (0x00002f17) auipc   t5, 0x2
core   0: 3 0x8001147e (0x00002f17) x30 0x8001347e
core   0: 0x80011482 (0xb83f2123) sw      gp, -1150(t5)
core   0: 3 0x80011482 (0xb83f2123) mem 0x80013000 0x00000001
core   0: 0x80011486 (0x0000bfe5) c.j     pc - 8
core   0: 3 0x80011486 (0xbfe5)
core   0: 0x8001147e (0x00002f17) auipc   t5, 0x2
core   0: 3 0x8001147e (0x00002f17) x30 0x8001347e
core   0: 0x80011482 (0xb83f2123) sw      gp, -1150(t5)
core   0: 3 0x80011482 (0xb83f2123) mem 0x80013000 0x00000001
core   0: 0x80011486 (0x0000bfe5) c.j     pc - 8
core   0: 3 0x80011486 (0xbfe5)
core   0: 0x8001147e (0x00002f17) auipc   t5, 0x2
core   0: 3 0x8001147e (0x00002f17) x30 0x8001347e
core   0: 0x80011482 (0xb83f2123) sw      gp, -1150(t5)
core   0: 3 0x80011482 (0xb83f2123) mem 0x80013000 0x00000001
core   0: 0x80011486 (0x0000bfe5) c.j     pc - 8
core   0: 3 0x80011486 (0xbfe5)
core   0: 0x8001147e (0x00002f17) auipc   t5, 0x2
core   0: 3 0x8001147e (0x00002f17) x30 0x8001347e
core   0: 0x80011482 (0xb83f2123) sw      gp, -1150(t5)
core   0: 3 0x80011482 (0xb83f2123) mem 0x80013000 0x00000001
core   0: 0x80011486 (0x0000bfe5) c.j     pc - 8
core   0: 3 0x80011486 (0xbfe5)
core   0: 0x8001147e (0x00002f17) auipc   t5, 0x2
core   0: 3 0x8001147e (0x00002f17) x30 0x8001347e
core   0: 0x80011482 (0xb83f2123) sw      gp, -1150(t5)
core   0: 3 0x80011482 (0xb83f2123) mem 0x80013000 0x00000001
core   0: 0x80011486 (0x0000bfe5) c.j     pc - 8
core   0: 3 0x80011486 (0xbfe5)
core   0: 0x8001147e (0x00002f17) auipc   t5, 0x2
core   0: 3 0x8001147e (0x00002f17) x30 0x8001347e
core   0: 0x80011482 (0xb83f2123) sw      gp, -1150(t5)
core   0: 3 0x80011482 (0xb83f2123) mem 0x80013000 0x00000001
core   0: 0x80011486 (0x0000bfe5) c.j     pc - 8
core   0: 3 0x80011486 (0xbfe5)
core   0: 0x8001147e (0x00002f17) auipc   t5, 0x2
core   0: 3 0x8001147e (0x00002f17) x30 0x8001347e
core   0: 0x80011482 (0xb83f2123) sw      gp, -1150(t5)
core   0: 3 0x80011482 (0xb83f2123) mem 0x80013000 0x00000001
core   0: 0x80011486 (0x0000bfe5) c.j     pc - 8
core   0: 3 0x80011486 (0xbfe5)
core   0: 0x8001147e (0x00002f17) auipc   t5, 0x2
core   0: 3 0x8001147e (0x00002f17) x30 0x8001347e
core   0: 0x80011482 (0xb83f2123) sw      gp, -1150(t5)
core   0: 3 0x80011482 (0xb83f2123) mem 0x80013000 0x00000001
core   0: 0x80011486 (0x0000bfe5) c.j     pc - 8
core   0: 3 0x80011486 (0xbfe5)
core   0: 0x8001147e (0x00002f17) auipc   t5, 0x2
core   0: 3 0x8001147e (0x00002f17) x30 0x8001347e
core   0: 0x80011482 (0xb83f2123) sw      gp, -1150(t5)
core   0: 3 0x80011482 (0xb83f2123) mem 0x80013000 0x00000001
core   0: 0x80011486 (0x0000bfe5) c.j     pc - 8
core   0: 3 0x80011486 (0xbfe5)
core   0: 0x8001147e (0x00002f17) auipc   t5, 0x2
core   0: 3 0x8001147e (0x00002f17) x30 0x8001347e
core   0: 0x80011482 (0xb83f2123) sw      gp, -1150(t5)
core   0: 3 0x80011482 (0xb83f2123) mem 0x80013000 0x00000001
core   0: 0x80011486 (0x0000bfe5) c.j     pc - 8
core   0: 3 0x80011486 (0xbfe5)
core   0: 0x8001147e (0x00002f17) auipc   t5, 0x2
core   0: 3 0x8001147e (0x00002f17) x30 0x8001347e
core   0: 0x80011482 (0xb83f2123) sw      gp, -1150(t5)
core   0: 3 0x80011482 (0xb83f2123) mem 0x80013000 0x00000001
core   0: 0x80011486 (0x0000bfe5) c.j     pc - 8
core   0: 3 0x80011486 (0xbfe5)
core   0: 0x8001147e (0x00002f17) auipc   t5, 0x2
core   0: 3 0x8001147e (0x00002f17) x30 0x8001347e
core   0: 0x80011482 (0xb83f2123) sw      gp, -1150(t5)
core   0: 3 0x80011482 (0xb83f2123) mem 0x80013000 0x00000001
core   0: 0x80011486 (0x0000bfe5) c.j     pc - 8
core   0: 3 0x80011486 (0xbfe5)
core   0: 0x8001147e (0x00002f17) auipc   t5, 0x2
core   0: 3 0x8001147e (0x00002f17) x30 0x8001347e
core   0: 0x80011482 (0xb83f2123) sw      gp, -1150(t5)
core   0: 3 0x80011482 (0xb83f2123) mem 0x80013000 0x00000001
core   0: 0x80011486 (0x0000bfe5) c.j     pc - 8
core   0: 3 0x80011486 (0xbfe5)
core   0: 0x8001147e (0x00002f17) auipc   t5, 0x2
core   0: 3 0x8001147e (0x00002f17) x30 0x8001347e
core   0: 0x80011482 (0xb83f2123) sw      gp, -1150(t5)
core   0: 3 0x80011482 (0xb83f2123) mem 0x80013000 0x00000001
core   0: 0x80011486 (0x0000bfe5) c.j     pc - 8
core   0: 3 0x80011486 (0xbfe5)
core   0: 0x8001147e (0x00002f17) auipc   t5, 0x2
core   0: 3 0x8001147e (0x00002f17) x30 0x8001347e
core   0: 0x80011482 (0xb83f2123) sw      gp, -1150(t5)
core   0: 3 0x80011482 (0xb83f2123) mem 0x80013000 0x00000001
core   0: 0x80011486 (0x0000bfe5) c.j     pc - 8
core   0: 3 0x80011486 (0xbfe5)
core   0: 0x8001147e (0x00002f17) auipc   t5, 0x2
core   0: 3 0x8001147e (0x00002f17) x30 0x8001347e
core   0: 0x80011482 (0xb83f2123) sw      gp, -1150(t5)
core   0: 3 0x80011482 (0xb83f2123) mem 0x80013000 0x00000001
core   0: 0x80011486 (0x0000bfe5) c.j     pc - 8
core   0: 3 0x80011486 (0xbfe5)
core   0: 0x8001147e (0x00002f17) auipc   t5, 0x2
core   0: 3 0x8001147e (0x00002f17) x30 0x8001347e
core   0: 0x80011482 (0xb83f2123) sw      gp, -1150(t5)
core   0: 3 0x80011482 (0xb83f2123) mem 0x80013000 0x00000001
core   0: 0x80011486 (0x0000bfe5) c.j     pc - 8
core   0: 3 0x80011486 (0xbfe5)
core   0: 0x8001147e (0x00002f17) auipc   t5, 0x2
core   0: 3 0x8001147e (0x00002f17) x30 0x8001347e
core   0: 0x80011482 (0xb83f2123) sw      gp, -1150(t5)
core   0: 3 0x80011482 (0xb83f2123) mem 0x80013000 0x00000001
core   0: 0x80011486 (0x0000bfe5) c.j     pc - 8
core   0: 3 0x80011486 (0xbfe5)
core   0: 0x8001147e (0x00002f17) auipc   t5, 0x2
core   0: 3 0x8001147e (0x00002f17) x30 0x8001347e
core   0: 0x80011482 (0xb83f2123) sw      gp, -1150(t5)
core   0: 3 0x80011482 (0xb83f2123) mem 0x80013000 0x00000001
core   0: 0x80011486 (0x0000bfe5) c.j     pc - 8
core   0: 3 0x80011486 (0xbfe5)
core   0: 0x8001147e (0x00002f17) auipc   t5, 0x2
core   0: 3 0x8001147e (0x00002f17) x30 0x8001347e
core   0: 0x80011482 (0xb83f2123) sw      gp, -1150(t5)
core   0: 3 0x80011482 (0xb83f2123) mem 0x80013000 0x00000001
core   0: 0x80011486 (0x0000bfe5) c.j     pc - 8
core   0: 3 0x80011486 (0xbfe5)
core   0: 0x8001147e (0x00002f17) auipc   t5, 0x2
core   0: 3 0x8001147e (0x00002f17) x30 0x8001347e
core   0: 0x80011482 (0xb83f2123) sw      gp, -1150(t5)
core   0: 3 0x80011482 (0xb83f2123) mem 0x80013000 0x00000001
core   0: 0x80011486 (0x0000bfe5) c.j     pc - 8
core   0: 3 0x80011486 (0xbfe5)
core   0: 0x8001147e (0x00002f17) auipc   t5, 0x2
core   0: 3 0x8001147e (0x00002f17) x30 0x8001347e
core   0: 0x80011482 (0xb83f2123) sw      gp, -1150(t5)
core   0: 3 0x80011482 (0xb83f2123) mem 0x80013000 0x00000001
core   0: 0x80011486 (0x0000bfe5) c.j     pc - 8
core   0: 3 0x80011486 (0xbfe5)
core   0: 0x8001147e (0x00002f17) auipc   t5, 0x2
core   0: 3 0x8001147e (0x00002f17) x30 0x8001347e
core   0: 0x80011482 (0xb83f2123) sw      gp, -1150(t5)
core   0: 3 0x80011482 (0xb83f2123) mem 0x80013000 0x00000001
core   0: 0x80011486 (0x0000bfe5) c.j     pc - 8
core   0: 3 0x80011486 (0xbfe5)
core   0: 0x8001147e (0x00002f17) auipc   t5, 0x2
core   0: 3 0x8001147e (0x00002f17) x30 0x8001347e
core   0: 0x80011482 (0xb83f2123) sw      gp, -1150(t5)
core   0: 3 0x80011482 (0xb83f2123) mem 0x80013000 0x00000001
core   0: 0x80011486 (0x0000bfe5) c.j     pc - 8
core   0: 3 0x80011486 (0xbfe5)
core   0: 0x8001147e (0x00002f17) auipc   t5, 0x2
core   0: 3 0x8001147e (0x00002f17) x30 0x8001347e
core   0: 0x80011482 (0xb83f2123) sw      gp, -1150(t5)
core   0: 3 0x80011482 (0xb83f2123) mem 0x80013000 0x00000001
core   0: 0x80011486 (0x0000bfe5) c.j     pc - 8
core   0: 3 0x80011486 (0xbfe5)
core   0: 0x8001147e (0x00002f17) auipc   t5, 0x2
core   0: 3 0x8001147e (0x00002f17) x30 0x8001347e
core   0: 0x80011482 (0xb83f2123) sw      gp, -1150(t5)
core   0: 3 0x80011482 (0xb83f2123) mem 0x80013000 0x00000001
core   0: 0x80011486 (0x0000bfe5) c.j     pc - 8
core   0: 3 0x80011486 (0xbfe5)
core   0: 0x8001147e (0x00002f17) auipc   t5, 0x2
core   0: 3 0x8001147e (0x00002f17) x30 0x8001347e
core   0: 0x80011482 (0xb83f2123) sw      gp, -1150(t5)
core   0: 3 0x80011482 (0xb83f2123) mem 0x80013000 0x00000001
core   0: 0x80011486 (0x0000bfe5) c.j     pc - 8
core   0: 3 0x80011486 (0xbfe5)
core   0: 0x8001147e (0x00002f17) auipc   t5, 0x2
core   0: 3 0x8001147e (0x00002f17) x30 0x8001347e
core   0: 0x80011482 (0xb83f2123) sw      gp, -1150(t5)
core   0: 3 0x80011482 (0xb83f2123) mem 0x80013000 0x00000001
core   0: 0x80011486 (0x0000bfe5) c.j     pc - 8
core   0: 3 0x80011486 (0xbfe5)
core   0: 0x8001147e (0x00002f17) auipc   t5, 0x2
core   0: 3 0x8001147e (0x00002f17) x30 0x8001347e
core   0: 0x80011482 (0xb83f2123) sw      gp, -1150(t5)
core   0: 3 0x80011482 (0xb83f2123) mem 0x80013000 0x00000001
core   0: 0x80011486 (0x0000bfe5) c.j     pc - 8
core   0: 3 0x80011486 (0xbfe5)
core   0: 0x8001147e (0x00002f17) auipc   t5, 0x2
core   0: 3 0x8001147e (0x00002f17) x30 0x8001347e
core   0: 0x80011482 (0xb83f2123) sw      gp, -1150(t5)
core   0: 3 0x80011482 (0xb83f2123) mem 0x80013000 0x00000001
core   0: 0x80011486 (0x0000bfe5) c.j     pc - 8
core   0: 3 0x80011486 (0xbfe5)
core   0: 0x8001147e (0x00002f17) auipc   t5, 0x2
core   0: 3 0x8001147e (0x00002f17) x30 0x8001347e
core   0: 0x80011482 (0xb83f2123) sw      gp, -1150(t5)
core   0: 3 0x80011482 (0xb83f2123) mem 0x80013000 0x00000001
core   0: 0x80011486 (0x0000bfe5) c.j     pc - 8
core   0: 3 0x80011486 (0xbfe5)
core   0: 0x8001147e (0x00002f17) auipc   t5, 0x2
core   0: 3 0x8001147e (0x00002f17) x30 0x8001347e
core   0: 0x80011482 (0xb83f2123) sw      gp, -1150(t5)
core   0: 3 0x80011482 (0xb83f2123) mem 0x80013000 0x00000001
core   0: 0x80011486 (0x0000bfe5) c.j     pc - 8
core   0: 3 0x80011486 (0xbfe5)
core   0: 0x8001147e (0x00002f17) auipc   t5, 0x2
core   0: 3 0x8001147e (0x00002f17) x30 0x8001347e
core   0: 0x80011482 (0xb83f2123) sw      gp, -1150(t5)
core   0: 3 0x80011482 (0xb83f2123) mem 0x80013000 0x00000001
core   0: 0x80011486 (0x0000bfe5) c.j     pc - 8
core   0: 3 0x80011486 (0xbfe5)
core   0: 0x8001147e (0x00002f17) auipc   t5, 0x2
core   0: 3 0x8001147e (0x00002f17) x30 0x8001347e
core   0: 0x80011482 (0xb83f2123) sw      gp, -1150(t5)
core   0: 3 0x80011482 (0xb83f2123) mem 0x80013000 0x00000001
core   0: 0x80011486 (0x0000bfe5) c.j     pc - 8
core   0: 3 0x80011486 (0xbfe5)
core   0: 0x8001147e (0x00002f17) auipc   t5, 0x2
core   0: 3 0x8001147e (0x00002f17) x30 0x8001347e
core   0: 0x80011482 (0xb83f2123) sw      gp, -1150(t5)
core   0: 3 0x80011482 (0xb83f2123) mem 0x80013000 0x00000001
core   0: 0x80011486 (0x0000bfe5) c.j     pc - 8
core   0: 3 0x80011486 (0xbfe5)
core   0: 0x8001147e (0x00002f17) auipc   t5, 0x2
core   0: 3 0x8001147e (0x00002f17) x30 0x8001347e
core   0: 0x80011482 (0xb83f2123) sw      gp, -1150(t5)
core   0: 3 0x80011482 (0xb83f2123) mem 0x80013000 0x00000001
core   0: 0x80011486 (0x0000bfe5) c.j     pc - 8
core   0: 3 0x80011486 (0xbfe5)
core   0: 0x8001147e (0x00002f17) auipc   t5, 0x2
core   0: 3 0x8001147e (0x00002f17) x30 0x8001347e
core   0: 0x80011482 (0xb83f2123) sw      gp, -1150(t5)
core   0: 3 0x80011482 (0xb83f2123) mem 0x80013000 0x00000001
core   0: 0x80011486 (0x0000bfe5) c.j     pc - 8
core   0: 3 0x80011486 (0xbfe5)
core   0: 0x8001147e (0x00002f17) auipc   t5, 0x2
core   0: 3 0x8001147e (0x00002f17) x30 0x8001347e
core   0: 0x80011482 (0xb83f2123) sw      gp, -1150(t5)
core   0: 3 0x80011482 (0xb83f2123) mem 0x80013000 0x00000001
core   0: 0x80011486 (0x0000bfe5) c.j     pc - 8
core   0: 3 0x80011486 (0xbfe5)
core   0: 0x8001147e (0x00002f17) auipc   t5, 0x2
core   0: 3 0x8001147e (0x00002f17) x30 0x8001347e
core   0: 0x80011482 (0xb83f2123) sw      gp, -1150(t5)
core   0: 3 0x80011482 (0xb83f2123) mem 0x80013000 0x00000001
core   0: 0x80011486 (0x0000bfe5) c.j     pc - 8
core   0: 3 0x80011486 (0xbfe5)
core   0: 0x8001147e (0x00002f17) auipc   t5, 0x2
core   0: 3 0x8001147e (0x00002f17) x30 0x8001347e
core   0: 0x80011482 (0xb83f2123) sw      gp, -1150(t5)
core   0: 3 0x80011482 (0xb83f2123) mem 0x80013000 0x00000001
core   0: 0x80011486 (0x0000bfe5) c.j     pc - 8
core   0: 3 0x80011486 (0xbfe5)
core   0: 0x8001147e (0x00002f17) auipc   t5, 0x2
core   0: 3 0x8001147e (0x00002f17) x30 0x8001347e
core   0: 0x80011482 (0xb83f2123) sw      gp, -1150(t5)
core   0: 3 0x80011482 (0xb83f2123) mem 0x80013000 0x00000001
core   0: 0x80011486 (0x0000bfe5) c.j     pc - 8
core   0: 3 0x80011486 (0xbfe5)
core   0: 0x8001147e (0x00002f17) auipc   t5, 0x2
core   0: 3 0x8001147e (0x00002f17) x30 0x8001347e
core   0: 0x80011482 (0xb83f2123) sw      gp, -1150(t5)
core   0: 3 0x80011482 (0xb83f2123) mem 0x80013000 0x00000001
core   0: 0x80011486 (0x0000bfe5) c.j     pc - 8
core   0: 3 0x80011486 (0xbfe5)
core   0: 0x8001147e (0x00002f17) auipc   t5, 0x2
core   0: 3 0x8001147e (0x00002f17) x30 0x8001347e
core   0: 0x80011482 (0xb83f2123) sw      gp, -1150(t5)
core   0: 3 0x80011482 (0xb83f2123) mem 0x80013000 0x00000001
core   0: 0x80011486 (0x0000bfe5) c.j     pc - 8
core   0: 3 0x80011486 (0xbfe5)
core   0: 0x8001147e (0x00002f17) auipc   t5, 0x2
core   0: 3 0x8001147e (0x00002f17) x30 0x8001347e
core   0: 0x80011482 (0xb83f2123) sw      gp, -1150(t5)
core   0: 3 0x80011482 (0xb83f2123) mem 0x80013000 0x00000001
core   0: 0x80011486 (0x0000bfe5) c.j     pc - 8
core   0: 3 0x80011486 (0xbfe5)
core   0: 0x8001147e (0x00002f17) auipc   t5, 0x2
core   0: 3 0x8001147e (0x00002f17) x30 0x8001347e
core   0: 0x80011482 (0xb83f2123) sw      gp, -1150(t5)
core   0: 3 0x80011482 (0xb83f2123) mem 0x80013000 0x00000001
core   0: 0x80011486 (0x0000bfe5) c.j     pc - 8
core   0: 3 0x80011486 (0xbfe5)
core   0: 0x8001147e (0x00002f17) auipc   t5, 0x2
core   0: 3 0x8001147e (0x00002f17) x30 0x8001347e
core   0: 0x80011482 (0xb83f2123) sw      gp, -1150(t5)
core   0: 3 0x80011482 (0xb83f2123) mem 0x80013000 0x00000001
core   0: 0x80011486 (0x0000bfe5) c.j     pc - 8
core   0: 3 0x80011486 (0xbfe5)
core   0: 0x8001147e (0x00002f17) auipc   t5, 0x2
core   0: 3 0x8001147e (0x00002f17) x30 0x8001347e
core   0: 0x80011482 (0xb83f2123) sw      gp, -1150(t5)
core   0: 3 0x80011482 (0xb83f2123) mem 0x80013000 0x00000001
core   0: 0x80011486 (0x0000bfe5) c.j     pc - 8
core   0: 3 0x80011486 (0xbfe5)
core   0: 0x8001147e (0x00002f17) auipc   t5, 0x2
core   0: 3 0x8001147e (0x00002f17) x30 0x8001347e
core   0: 0x80011482 (0xb83f2123) sw      gp, -1150(t5)
core   0: 3 0x80011482 (0xb83f2123) mem 0x80013000 0x00000001
core   0: 0x80011486 (0x0000bfe5) c.j     pc - 8
core   0: 3 0x80011486 (0xbfe5)
core   0: 0x8001147e (0x00002f17) auipc   t5, 0x2
core   0: 3 0x8001147e (0x00002f17) x30 0x8001347e
core   0: 0x80011482 (0xb83f2123) sw      gp, -1150(t5)
core   0: 3 0x80011482 (0xb83f2123) mem 0x80013000 0x00000001
core   0: 0x80011486 (0x0000bfe5) c.j     pc - 8
core   0: 3 0x80011486 (0xbfe5)
core   0: 0x8001147e (0x00002f17) auipc   t5, 0x2
core   0: 3 0x8001147e (0x00002f17) x30 0x8001347e
core   0: 0x80011482 (0xb83f2123) sw      gp, -1150(t5)
core   0: 3 0x80011482 (0xb83f2123) mem 0x80013000 0x00000001
core   0: 0x80011486 (0x0000bfe5) c.j     pc - 8
core   0: 3 0x80011486 (0xbfe5)
core   0: 0x8001147e (0x00002f17) auipc   t5, 0x2
core   0: 3 0x8001147e (0x00002f17) x30 0x8001347e
core   0: 0x80011482 (0xb83f2123) sw      gp, -1150(t5)
core   0: 3 0x80011482 (0xb83f2123) mem 0x80013000 0x00000001
core   0: 0x80011486 (0x0000bfe5) c.j     pc - 8
core   0: 3 0x80011486 (0xbfe5)
core   0: 0x8001147e (0x00002f17) auipc   t5, 0x2
core   0: 3 0x8001147e (0x00002f17) x30 0x8001347e
core   0: 0x80011482 (0xb83f2123) sw      gp, -1150(t5)
core   0: 3 0x80011482 (0xb83f2123) mem 0x80013000 0x00000001
core   0: 0x80011486 (0x0000bfe5) c.j     pc - 8
core   0: 3 0x80011486 (0xbfe5)
core   0: 0x8001147e (0x00002f17) auipc   t5, 0x2
core   0: 3 0x8001147e (0x00002f17) x30 0x8001347e
core   0: 0x80011482 (0xb83f2123) sw      gp, -1150(t5)
core   0: 3 0x80011482 (0xb83f2123) mem 0x80013000 0x00000001
core   0: 0x80011486 (0x0000bfe5) c.j     pc - 8
core   0: 3 0x80011486 (0xbfe5)
core   0: 0x8001147e (0x00002f17) auipc   t5, 0x2
core   0: 3 0x8001147e (0x00002f17) x30 0x8001347e
core   0: 0x80011482 (0xb83f2123) sw      gp, -1150(t5)
core   0: 3 0x80011482 (0xb83f2123) mem 0x80013000 0x00000001
core   0: 0x80011486 (0x0000bfe5) c.j     pc - 8
core   0: 3 0x80011486 (0xbfe5)
core   0: 0x8001147e (0x00002f17) auipc   t5, 0x2
core   0: 3 0x8001147e (0x00002f17) x30 0x8001347e
core   0: 0x80011482 (0xb83f2123) sw      gp, -1150(t5)
core   0: 3 0x80011482 (0xb83f2123) mem 0x80013000 0x00000001
core   0: 0x80011486 (0x0000bfe5) c.j     pc - 8
core   0: 3 0x80011486 (0xbfe5)
core   0: 0x8001147e (0x00002f17) auipc   t5, 0x2
core   0: 3 0x8001147e (0x00002f17) x30 0x8001347e
core   0: 0x80011482 (0xb83f2123) sw      gp, -1150(t5)
core   0: 3 0x80011482 (0xb83f2123) mem 0x80013000 0x00000001
core   0: 0x80011486 (0x0000bfe5) c.j     pc - 8
core   0: 3 0x80011486 (0xbfe5)
core   0: 0x8001147e (0x00002f17) auipc   t5, 0x2
core   0: 3 0x8001147e (0x00002f17) x30 0x8001347e
core   0: 0x80011482 (0xb83f2123) sw      gp, -1150(t5)
core   0: 3 0x80011482 (0xb83f2123) mem 0x80013000 0x00000001
core   0: 0x80011486 (0x0000bfe5) c.j     pc - 8
core   0: 3 0x80011486 (0xbfe5)
core   0: 0x8001147e (0x00002f17) auipc   t5, 0x2
core   0: 3 0x8001147e (0x00002f17) x30 0x8001347e
core   0: 0x80011482 (0xb83f2123) sw      gp, -1150(t5)
core   0: 3 0x80011482 (0xb83f2123) mem 0x80013000 0x00000001
core   0: 0x80011486 (0x0000bfe5) c.j     pc - 8
core   0: 3 0x80011486 (0xbfe5)
core   0: 0x8001147e (0x00002f17) auipc   t5, 0x2
core   0: 3 0x8001147e (0x00002f17) x30 0x8001347e
core   0: 0x80011482 (0xb83f2123) sw      gp, -1150(t5)
core   0: 3 0x80011482 (0xb83f2123) mem 0x80013000 0x00000001
core   0: 0x80011486 (0x0000bfe5) c.j     pc - 8
core   0: 3 0x80011486 (0xbfe5)
core   0: 0x8001147e (0x00002f17) auipc   t5, 0x2
core   0: 3 0x8001147e (0x00002f17) x30 0x8001347e
core   0: 0x80011482 (0xb83f2123) sw      gp, -1150(t5)
core   0: 3 0x80011482 (0xb83f2123) mem 0x80013000 0x00000001
core   0: 0x80011486 (0x0000bfe5) c.j     pc - 8
core   0: 3 0x80011486 (0xbfe5)
core   0: 0x8001147e (0x00002f17) auipc   t5, 0x2
core   0: 3 0x8001147e (0x00002f17) x30 0x8001347e
core   0: 0x80011482 (0xb83f2123) sw      gp, -1150(t5)
core   0: 3 0x80011482 (0xb83f2123) mem 0x80013000 0x00000001
core   0: 0x80011486 (0x0000bfe5) c.j     pc - 8
core   0: 3 0x80011486 (0xbfe5)
core   0: 0x8001147e (0x00002f17) auipc   t5, 0x2
core   0: 3 0x8001147e (0x00002f17) x30 0x8001347e
core   0: 0x80011482 (0xb83f2123) sw      gp, -1150(t5)
core   0: 3 0x80011482 (0xb83f2123) mem 0x80013000 0x00000001
core   0: 0x80011486 (0x0000bfe5) c.j     pc - 8
core   0: 3 0x80011486 (0xbfe5)
core   0: 0x8001147e (0x00002f17) auipc   t5, 0x2
core   0: 3 0x8001147e (0x00002f17) x30 0x8001347e
core   0: 0x80011482 (0xb83f2123) sw      gp, -1150(t5)
core   0: 3 0x80011482 (0xb83f2123) mem 0x80013000 0x00000001
core   0: 0x80011486 (0x0000bfe5) c.j     pc - 8
core   0: 3 0x80011486 (0xbfe5)
core   0: 0x8001147e (0x00002f17) auipc   t5, 0x2
core   0: 3 0x8001147e (0x00002f17) x30 0x8001347e
core   0: 0x80011482 (0xb83f2123) sw      gp, -1150(t5)
core   0: 3 0x80011482 (0xb83f2123) mem 0x80013000 0x00000001
core   0: 0x80011486 (0x0000bfe5) c.j     pc - 8
core   0: 3 0x80011486 (0xbfe5)
core   0: 0x8001147e (0x00002f17) auipc   t5, 0x2
core   0: 3 0x8001147e (0x00002f17) x30 0x8001347e
core   0: 0x80011482 (0xb83f2123) sw      gp, -1150(t5)
core   0: 3 0x80011482 (0xb83f2123) mem 0x80013000 0x00000001
core   0: 0x80011486 (0x0000bfe5) c.j     pc - 8
core   0: 3 0x80011486 (0xbfe5)
core   0: 0x8001147e (0x00002f17) auipc   t5, 0x2
core   0: 3 0x8001147e (0x00002f17) x30 0x8001347e
core   0: 0x80011482 (0xb83f2123) sw      gp, -1150(t5)
core   0: 3 0x80011482 (0xb83f2123) mem 0x80013000 0x00000001
core   0: 0x80011486 (0x0000bfe5) c.j     pc - 8
core   0: 3 0x80011486 (0xbfe5)
core   0: 0x8001147e (0x00002f17) auipc   t5, 0x2
core   0: 3 0x8001147e (0x00002f17) x30 0x8001347e
core   0: 0x80011482 (0xb83f2123) sw      gp, -1150(t5)
core   0: 3 0x80011482 (0xb83f2123) mem 0x80013000 0x00000001
core   0: 0x80011486 (0x0000bfe5) c.j     pc - 8
core   0: 3 0x80011486 (0xbfe5)
core   0: 0x8001147e (0x00002f17) auipc   t5, 0x2
core   0: 3 0x8001147e (0x00002f17) x30 0x8001347e
core   0: 0x80011482 (0xb83f2123) sw      gp, -1150(t5)
core   0: 3 0x80011482 (0xb83f2123) mem 0x80013000 0x00000001
core   0: 0x80011486 (0x0000bfe5) c.j     pc - 8
core   0: 3 0x80011486 (0xbfe5)
core   0: 0x8001147e (0x00002f17) auipc   t5, 0x2
core   0: 3 0x8001147e (0x00002f17) x30 0x8001347e
core   0: 0x80011482 (0xb83f2123) sw      gp, -1150(t5)
core   0: 3 0x80011482 (0xb83f2123) mem 0x80013000 0x00000001
core   0: 0x80011486 (0x0000bfe5) c.j     pc - 8
core   0: 3 0x80011486 (0xbfe5)
core   0: 0x8001147e (0x00002f17) auipc   t5, 0x2
core   0: 3 0x8001147e (0x00002f17) x30 0x8001347e
core   0: 0x80011482 (0xb83f2123) sw      gp, -1150(t5)
core   0: 3 0x80011482 (0xb83f2123) mem 0x80013000 0x00000001
core   0: 0x80011486 (0x0000bfe5) c.j     pc - 8
core   0: 3 0x80011486 (0xbfe5)
core   0: 0x8001147e (0x00002f17) auipc   t5, 0x2
core   0: 3 0x8001147e (0x00002f17) x30 0x8001347e
core   0: 0x80011482 (0xb83f2123) sw      gp, -1150(t5)
core   0: 3 0x80011482 (0xb83f2123) mem 0x80013000 0x00000001
core   0: 0x80011486 (0x0000bfe5) c.j     pc - 8
core   0: 3 0x80011486 (0xbfe5)
core   0: 0x8001147e (0x00002f17) auipc   t5, 0x2
core   0: 3 0x8001147e (0x00002f17) x30 0x8001347e
core   0: 0x80011482 (0xb83f2123) sw      gp, -1150(t5)
core   0: 3 0x80011482 (0xb83f2123) mem 0x80013000 0x00000001
core   0: 0x80011486 (0x0000bfe5) c.j     pc - 8
core   0: 3 0x80011486 (0xbfe5)
core   0: 0x8001147e (0x00002f17) auipc   t5, 0x2
core   0: 3 0x8001147e (0x00002f17) x30 0x8001347e
core   0: 0x80011482 (0xb83f2123) sw      gp, -1150(t5)
core   0: 3 0x80011482 (0xb83f2123) mem 0x80013000 0x00000001
core   0: 0x80011486 (0x0000bfe5) c.j     pc - 8
core   0: 3 0x80011486 (0xbfe5)
core   0: 0x8001147e (0x00002f17) auipc   t5, 0x2
core   0: 3 0x8001147e (0x00002f17) x30 0x8001347e
core   0: 0x80011482 (0xb83f2123) sw      gp, -1150(t5)
core   0: 3 0x80011482 (0xb83f2123) mem 0x80013000 0x00000001
core   0: 0x80011486 (0x0000bfe5) c.j     pc - 8
core   0: 3 0x80011486 (0xbfe5)
core   0: 0x8001147e (0x00002f17) auipc   t5, 0x2
core   0: 3 0x8001147e (0x00002f17) x30 0x8001347e
core   0: 0x80011482 (0xb83f2123) sw      gp, -1150(t5)
core   0: 3 0x80011482 (0xb83f2123) mem 0x80013000 0x00000001
core   0: 0x80011486 (0x0000bfe5) c.j     pc - 8
core   0: 3 0x80011486 (0xbfe5)
core   0: 0x8001147e (0x00002f17) auipc   t5, 0x2
core   0: 3 0x8001147e (0x00002f17) x30 0x8001347e
core   0: 0x80011482 (0xb83f2123) sw      gp, -1150(t5)
core   0: 3 0x80011482 (0xb83f2123) mem 0x80013000 0x00000001
core   0: 0x80011486 (0x0000bfe5) c.j     pc - 8
core   0: 3 0x80011486 (0xbfe5)
core   0: 0x8001147e (0x00002f17) auipc   t5, 0x2
core   0: 3 0x8001147e (0x00002f17) x30 0x8001347e
core   0: 0x80011482 (0xb83f2123) sw      gp, -1150(t5)
core   0: 3 0x80011482 (0xb83f2123) mem 0x80013000 0x00000001
core   0: 0x80011486 (0x0000bfe5) c.j     pc - 8
core   0: 3 0x80011486 (0xbfe5)
core   0: 0x8001147e (0x00002f17) auipc   t5, 0x2
core   0: 3 0x8001147e (0x00002f17) x30 0x8001347e
core   0: 0x80011482 (0xb83f2123) sw      gp, -1150(t5)
core   0: 3 0x80011482 (0xb83f2123) mem 0x80013000 0x00000001
core   0: 0x80011486 (0x0000bfe5) c.j     pc - 8
core   0: 3 0x80011486 (0xbfe5)
core   0: 0x8001147e (0x00002f17) auipc   t5, 0x2
core   0: 3 0x8001147e (0x00002f17) x30 0x8001347e
core   0: 0x80011482 (0xb83f2123) sw      gp, -1150(t5)
core   0: 3 0x80011482 (0xb83f2123) mem 0x80013000 0x00000001
core   0: 0x80011486 (0x0000bfe5) c.j     pc - 8
core   0: 3 0x80011486 (0xbfe5)
core   0: 0x8001147e (0x00002f17) auipc   t5, 0x2
core   0: 3 0x8001147e (0x00002f17) x30 0x8001347e
core   0: 0x80011482 (0xb83f2123) sw      gp, -1150(t5)
core   0: 3 0x80011482 (0xb83f2123) mem 0x80013000 0x00000001
core   0: 0x80011486 (0x0000bfe5) c.j     pc - 8
core   0: 3 0x80011486 (0xbfe5)
core   0: 0x8001147e (0x00002f17) auipc   t5, 0x2
core   0: 3 0x8001147e (0x00002f17) x30 0x8001347e
core   0: 0x80011482 (0xb83f2123) sw      gp, -1150(t5)
core   0: 3 0x80011482 (0xb83f2123) mem 0x80013000 0x00000001
core   0: 0x80011486 (0x0000bfe5) c.j     pc - 8
core   0: 3 0x80011486 (0xbfe5)
core   0: 0x8001147e (0x00002f17) auipc   t5, 0x2
core   0: 3 0x8001147e (0x00002f17) x30 0x8001347e
core   0: 0x80011482 (0xb83f2123) sw      gp, -1150(t5)
core   0: 3 0x80011482 (0xb83f2123) mem 0x80013000 0x00000001
core   0: 0x80011486 (0x0000bfe5) c.j     pc - 8
core   0: 3 0x80011486 (0xbfe5)
core   0: 0x8001147e (0x00002f17) auipc   t5, 0x2
core   0: 3 0x8001147e (0x00002f17) x30 0x8001347e
core   0: 0x80011482 (0xb83f2123) sw      gp, -1150(t5)
core   0: 3 0x80011482 (0xb83f2123) mem 0x80013000 0x00000001
core   0: 0x80011486 (0x0000bfe5) c.j     pc - 8
core   0: 3 0x80011486 (0xbfe5)
core   0: 0x8001147e (0x00002f17) auipc   t5, 0x2
core   0: 3 0x8001147e (0x00002f17) x30 0x8001347e
core   0: 0x80011482 (0xb83f2123) sw      gp, -1150(t5)
core   0: 3 0x80011482 (0xb83f2123) mem 0x80013000 0x00000001
core   0: 0x80011486 (0x0000bfe5) c.j     pc - 8
core   0: 3 0x80011486 (0xbfe5)
core   0: 0x8001147e (0x00002f17) auipc   t5, 0x2
core   0: 3 0x8001147e (0x00002f17) x30 0x8001347e
core   0: 0x80011482 (0xb83f2123) sw      gp, -1150(t5)
core   0: 3 0x80011482 (0xb83f2123) mem 0x80013000 0x00000001
core   0: 0x80011486 (0x0000bfe5) c.j     pc - 8
core   0: 3 0x80011486 (0xbfe5)
core   0: 0x8001147e (0x00002f17) auipc   t5, 0x2
core   0: 3 0x8001147e (0x00002f17) x30 0x8001347e
core   0: 0x80011482 (0xb83f2123) sw      gp, -1150(t5)
core   0: 3 0x80011482 (0xb83f2123) mem 0x80013000 0x00000001
core   0: 0x80011486 (0x0000bfe5) c.j     pc - 8
core   0: 3 0x80011486 (0xbfe5)
core   0: 0x8001147e (0x00002f17) auipc   t5, 0x2
core   0: 3 0x8001147e (0x00002f17) x30 0x8001347e
core   0: 0x80011482 (0xb83f2123) sw      gp, -1150(t5)
core   0: 3 0x80011482 (0xb83f2123) mem 0x80013000 0x00000001
core   0: 0x80011486 (0x0000bfe5) c.j     pc - 8
core   0: 3 0x80011486 (0xbfe5)
core   0: 0x8001147e (0x00002f17) auipc   t5, 0x2
core   0: 3 0x8001147e (0x00002f17) x30 0x8001347e
core   0: 0x80011482 (0xb83f2123) sw      gp, -1150(t5)
core   0: 3 0x80011482 (0xb83f2123) mem 0x80013000 0x00000001
core   0: 0x80011486 (0x0000bfe5) c.j     pc - 8
core   0: 3 0x80011486 (0xbfe5)
core   0: 0x8001147e (0x00002f17) auipc   t5, 0x2
core   0: 3 0x8001147e (0x00002f17) x30 0x8001347e
core   0: 0x80011482 (0xb83f2123) sw      gp, -1150(t5)
core   0: 3 0x80011482 (0xb83f2123) mem 0x80013000 0x00000001
core   0: 0x80011486 (0x0000bfe5) c.j     pc - 8
core   0: 3 0x80011486 (0xbfe5)
core   0: 0x8001147e (0x00002f17) auipc   t5, 0x2
core   0: 3 0x8001147e (0x00002f17) x30 0x8001347e
core   0: 0x80011482 (0xb83f2123) sw      gp, -1150(t5)
core   0: 3 0x80011482 (0xb83f2123) mem 0x80013000 0x00000001
core   0: 0x80011486 (0x0000bfe5) c.j     pc - 8
core   0: 3 0x80011486 (0xbfe5)
core   0: 0x8001147e (0x00002f17) auipc   t5, 0x2
core   0: 3 0x8001147e (0x00002f17) x30 0x8001347e
core   0: 0x80011482 (0xb83f2123) sw      gp, -1150(t5)
core   0: 3 0x80011482 (0xb83f2123) mem 0x80013000 0x00000001
core   0: 0x80011486 (0x0000bfe5) c.j     pc - 8
core   0: 3 0x80011486 (0xbfe5)
core   0: 0x8001147e (0x00002f17) auipc   t5, 0x2
core   0: 3 0x8001147e (0x00002f17) x30 0x8001347e
core   0: 0x80011482 (0xb83f2123) sw      gp, -1150(t5)
core   0: 3 0x80011482 (0xb83f2123) mem 0x80013000 0x00000001
core   0: 0x80011486 (0x0000bfe5) c.j     pc - 8
core   0: 3 0x80011486 (0xbfe5)
core   0: 0x8001147e (0x00002f17) auipc   t5, 0x2
core   0: 3 0x8001147e (0x00002f17) x30 0x8001347e
core   0: 0x80011482 (0xb83f2123) sw      gp, -1150(t5)
core   0: 3 0x80011482 (0xb83f2123) mem 0x80013000 0x00000001
core   0: 0x80011486 (0x0000bfe5) c.j     pc - 8
core   0: 3 0x80011486 (0xbfe5)
core   0: 0x8001147e (0x00002f17) auipc   t5, 0x2
core   0: 3 0x8001147e (0x00002f17) x30 0x8001347e
core   0: 0x80011482 (0xb83f2123) sw      gp, -1150(t5)
core   0: 3 0x80011482 (0xb83f2123) mem 0x80013000 0x00000001
core   0: 0x80011486 (0x0000bfe5) c.j     pc - 8
core   0: 3 0x80011486 (0xbfe5)
core   0: 0x8001147e (0x00002f17) auipc   t5, 0x2
core   0: 3 0x8001147e (0x00002f17) x30 0x8001347e
core   0: 0x80011482 (0xb83f2123) sw      gp, -1150(t5)
core   0: 3 0x80011482 (0xb83f2123) mem 0x80013000 0x00000001
core   0: 0x80011486 (0x0000bfe5) c.j     pc - 8
core   0: 3 0x80011486 (0xbfe5)
core   0: 0x8001147e (0x00002f17) auipc   t5, 0x2
core   0: 3 0x8001147e (0x00002f17) x30 0x8001347e
core   0: 0x80011482 (0xb83f2123) sw      gp, -1150(t5)
core   0: 3 0x80011482 (0xb83f2123) mem 0x80013000 0x00000001
core   0: 0x80011486 (0x0000bfe5) c.j     pc - 8
core   0: 3 0x80011486 (0xbfe5)
core   0: 0x8001147e (0x00002f17) auipc   t5, 0x2
core   0: 3 0x8001147e (0x00002f17) x30 0x8001347e
core   0: 0x80011482 (0xb83f2123) sw      gp, -1150(t5)
core   0: 3 0x80011482 (0xb83f2123) mem 0x80013000 0x00000001
core   0: 0x80011486 (0x0000bfe5) c.j     pc - 8
core   0: 3 0x80011486 (0xbfe5)
core   0: 0x8001147e (0x00002f17) auipc   t5, 0x2
core   0: 3 0x8001147e (0x00002f17) x30 0x8001347e
core   0: 0x80011482 (0xb83f2123) sw      gp, -1150(t5)
core   0: 3 0x80011482 (0xb83f2123) mem 0x80013000 0x00000001
core   0: 0x80011486 (0x0000bfe5) c.j     pc - 8
core   0: 3 0x80011486 (0xbfe5)
core   0: 0x8001147e (0x00002f17) auipc   t5, 0x2
core   0: 3 0x8001147e (0x00002f17) x30 0x8001347e
core   0: 0x80011482 (0xb83f2123) sw      gp, -1150(t5)
core   0: 3 0x80011482 (0xb83f2123) mem 0x80013000 0x00000001
core   0: 0x80011486 (0x0000bfe5) c.j     pc - 8
core   0: 3 0x80011486 (0xbfe5)
core   0: 0x8001147e (0x00002f17) auipc   t5, 0x2
core   0: 3 0x8001147e (0x00002f17) x30 0x8001347e
core   0: 0x80011482 (0xb83f2123) sw      gp, -1150(t5)
core   0: 3 0x80011482 (0xb83f2123) mem 0x80013000 0x00000001
core   0: 0x80011486 (0x0000bfe5) c.j     pc - 8
core   0: 3 0x80011486 (0xbfe5)
core   0: 0x8001147e (0x00002f17) auipc   t5, 0x2
core   0: 3 0x8001147e (0x00002f17) x30 0x8001347e
core   0: 0x80011482 (0xb83f2123) sw      gp, -1150(t5)
core   0: 3 0x80011482 (0xb83f2123) mem 0x80013000 0x00000001
core   0: 0x80011486 (0x0000bfe5) c.j     pc - 8
core   0: 3 0x80011486 (0xbfe5)
core   0: 0x8001147e (0x00002f17) auipc   t5, 0x2
core   0: 3 0x8001147e (0x00002f17) x30 0x8001347e
core   0: 0x80011482 (0xb83f2123) sw      gp, -1150(t5)
core   0: 3 0x80011482 (0xb83f2123) mem 0x80013000 0x00000001
core   0: 0x80011486 (0x0000bfe5) c.j     pc - 8
core   0: 3 0x80011486 (0xbfe5)
core   0: 0x8001147e (0x00002f17) auipc   t5, 0x2
core   0: 3 0x8001147e (0x00002f17) x30 0x8001347e
core   0: 0x80011482 (0xb83f2123) sw      gp, -1150(t5)
core   0: 3 0x80011482 (0xb83f2123) mem 0x80013000 0x00000001
core   0: 0x80011486 (0x0000bfe5) c.j     pc - 8
core   0: 3 0x80011486 (0xbfe5)
core   0: 0x8001147e (0x00002f17) auipc   t5, 0x2
core   0: 3 0x8001147e (0x00002f17) x30 0x8001347e
core   0: 0x80011482 (0xb83f2123) sw      gp, -1150(t5)
core   0: 3 0x80011482 (0xb83f2123) mem 0x80013000 0x00000001
core   0: 0x80011486 (0x0000bfe5) c.j     pc - 8
core   0: 3 0x80011486 (0xbfe5)
core   0: 0x8001147e (0x00002f17) auipc   t5, 0x2
core   0: 3 0x8001147e (0x00002f17) x30 0x8001347e
core   0: 0x80011482 (0xb83f2123) sw      gp, -1150(t5)
core   0: 3 0x80011482 (0xb83f2123) mem 0x80013000 0x00000001
core   0: 0x80011486 (0x0000bfe5) c.j     pc - 8
core   0: 3 0x80011486 (0xbfe5)
core   0: 0x8001147e (0x00002f17) auipc   t5, 0x2
core   0: 3 0x8001147e (0x00002f17) x30 0x8001347e
core   0: 0x80011482 (0xb83f2123) sw      gp, -1150(t5)
core   0: 3 0x80011482 (0xb83f2123) mem 0x80013000 0x00000001
core   0: 0x80011486 (0x0000bfe5) c.j     pc - 8
core   0: 3 0x80011486 (0xbfe5)
core   0: 0x8001147e (0x00002f17) auipc   t5, 0x2
core   0: 3 0x8001147e (0x00002f17) x30 0x8001347e
core   0: 0x80011482 (0xb83f2123) sw      gp, -1150(t5)
core   0: 3 0x80011482 (0xb83f2123) mem 0x80013000 0x00000001
core   0: 0x80011486 (0x0000bfe5) c.j     pc - 8
core   0: 3 0x80011486 (0xbfe5)
core   0: 0x8001147e (0x00002f17) auipc   t5, 0x2
core   0: 3 0x8001147e (0x00002f17) x30 0x8001347e
core   0: 0x80011482 (0xb83f2123) sw      gp, -1150(t5)
core   0: 3 0x80011482 (0xb83f2123) mem 0x80013000 0x00000001
core   0: 0x80011486 (0x0000bfe5) c.j     pc - 8
core   0: 3 0x80011486 (0xbfe5)
core   0: 0x8001147e (0x00002f17) auipc   t5, 0x2
core   0: 3 0x8001147e (0x00002f17) x30 0x8001347e
core   0: 0x80011482 (0xb83f2123) sw      gp, -1150(t5)
core   0: 3 0x80011482 (0xb83f2123) mem 0x80013000 0x00000001
core   0: 0x80011486 (0x0000bfe5) c.j     pc - 8
core   0: 3 0x80011486 (0xbfe5)
core   0: 0x8001147e (0x00002f17) auipc   t5, 0x2
core   0: 3 0x8001147e (0x00002f17) x30 0x8001347e
core   0: 0x80011482 (0xb83f2123) sw      gp, -1150(t5)
core   0: 3 0x80011482 (0xb83f2123) mem 0x80013000 0x00000001
core   0: 0x80011486 (0x0000bfe5) c.j     pc - 8
core   0: 3 0x80011486 (0xbfe5)
core   0: 0x8001147e (0x00002f17) auipc   t5, 0x2
core   0: 3 0x8001147e (0x00002f17) x30 0x8001347e
core   0: 0x80011482 (0xb83f2123) sw      gp, -1150(t5)
core   0: 3 0x80011482 (0xb83f2123) mem 0x80013000 0x00000001
core   0: 0x80011486 (0x0000bfe5) c.j     pc - 8
core   0: 3 0x80011486 (0xbfe5)
core   0: 0x8001147e (0x00002f17) auipc   t5, 0x2
core   0: 3 0x8001147e (0x00002f17) x30 0x8001347e
core   0: 0x80011482 (0xb83f2123) sw      gp, -1150(t5)
core   0: 3 0x80011482 (0xb83f2123) mem 0x80013000 0x00000001
core   0: 0x80011486 (0x0000bfe5) c.j     pc - 8
core   0: 3 0x80011486 (0xbfe5)
core   0: 0x8001147e (0x00002f17) auipc   t5, 0x2
core   0: 3 0x8001147e (0x00002f17) x30 0x8001347e
core   0: 0x80011482 (0xb83f2123) sw      gp, -1150(t5)
core   0: 3 0x80011482 (0xb83f2123) mem 0x80013000 0x00000001
core   0: 0x80011486 (0x0000bfe5) c.j     pc - 8
core   0: 3 0x80011486 (0xbfe5)
core   0: 0x8001147e (0x00002f17) auipc   t5, 0x2
core   0: 3 0x8001147e (0x00002f17) x30 0x8001347e
core   0: 0x80011482 (0xb83f2123) sw      gp, -1150(t5)
core   0: 3 0x80011482 (0xb83f2123) mem 0x80013000 0x00000001
core   0: 0x80011486 (0x0000bfe5) c.j     pc - 8
core   0: 3 0x80011486 (0xbfe5)
core   0: 0x8001147e (0x00002f17) auipc   t5, 0x2
core   0: 3 0x8001147e (0x00002f17) x30 0x8001347e
core   0: 0x80011482 (0xb83f2123) sw      gp, -1150(t5)
core   0: 3 0x80011482 (0xb83f2123) mem 0x80013000 0x00000001
core   0: 0x80011486 (0x0000bfe5) c.j     pc - 8
core   0: 3 0x80011486 (0xbfe5)
core   0: 0x8001147e (0x00002f17) auipc   t5, 0x2
core   0: 3 0x8001147e (0x00002f17) x30 0x8001347e
core   0: 0x80011482 (0xb83f2123) sw      gp, -1150(t5)
core   0: 3 0x80011482 (0xb83f2123) mem 0x80013000 0x00000001
core   0: 0x80011486 (0x0000bfe5) c.j     pc - 8
core   0: 3 0x80011486 (0xbfe5)
core   0: 0x8001147e (0x00002f17) auipc   t5, 0x2
core   0: 3 0x8001147e (0x00002f17) x30 0x8001347e
core   0: 0x80011482 (0xb83f2123) sw      gp, -1150(t5)
core   0: 3 0x80011482 (0xb83f2123) mem 0x80013000 0x00000001
core   0: 0x80011486 (0x0000bfe5) c.j     pc - 8
core   0: 3 0x80011486 (0xbfe5)
core   0: 0x8001147e (0x00002f17) auipc   t5, 0x2
core   0: 3 0x8001147e (0x00002f17) x30 0x8001347e
core   0: 0x80011482 (0xb83f2123) sw      gp, -1150(t5)
core   0: 3 0x80011482 (0xb83f2123) mem 0x80013000 0x00000001
core   0: 0x80011486 (0x0000bfe5) c.j     pc - 8
core   0: 3 0x80011486 (0xbfe5)
core   0: 0x8001147e (0x00002f17) auipc   t5, 0x2
core   0: 3 0x8001147e (0x00002f17) x30 0x8001347e
core   0: 0x80011482 (0xb83f2123) sw      gp, -1150(t5)
core   0: 3 0x80011482 (0xb83f2123) mem 0x80013000 0x00000001
core   0: 0x80011486 (0x0000bfe5) c.j     pc - 8
core   0: 3 0x80011486 (0xbfe5)
core   0: 0x8001147e (0x00002f17) auipc   t5, 0x2
core   0: 3 0x8001147e (0x00002f17) x30 0x8001347e
core   0: 0x80011482 (0xb83f2123) sw      gp, -1150(t5)
core   0: 3 0x80011482 (0xb83f2123) mem 0x80013000 0x00000001
core   0: 0x80011486 (0x0000bfe5) c.j     pc - 8
core   0: 3 0x80011486 (0xbfe5)
core   0: 0x8001147e (0x00002f17) auipc   t5, 0x2
core   0: 3 0x8001147e (0x00002f17) x30 0x8001347e
core   0: 0x80011482 (0xb83f2123) sw      gp, -1150(t5)
core   0: 3 0x80011482 (0xb83f2123) mem 0x80013000 0x00000001
core   0: 0x80011486 (0x0000bfe5) c.j     pc - 8
core   0: 3 0x80011486 (0xbfe5)
core   0: 0x8001147e (0x00002f17) auipc   t5, 0x2
core   0: 3 0x8001147e (0x00002f17) x30 0x8001347e
core   0: 0x80011482 (0xb83f2123) sw      gp, -1150(t5)
core   0: 3 0x80011482 (0xb83f2123) mem 0x80013000 0x00000001
core   0: 0x80011486 (0x0000bfe5) c.j     pc - 8
core   0: 3 0x80011486 (0xbfe5)
core   0: 0x8001147e (0x00002f17) auipc   t5, 0x2
core   0: 3 0x8001147e (0x00002f17) x30 0x8001347e
core   0: 0x80011482 (0xb83f2123) sw      gp, -1150(t5)
core   0: 3 0x80011482 (0xb83f2123) mem 0x80013000 0x00000001
core   0: 0x80011486 (0x0000bfe5) c.j     pc - 8
core   0: 3 0x80011486 (0xbfe5)
core   0: 0x8001147e (0x00002f17) auipc   t5, 0x2
core   0: 3 0x8001147e (0x00002f17) x30 0x8001347e
core   0: 0x80011482 (0xb83f2123) sw      gp, -1150(t5)
core   0: 3 0x80011482 (0xb83f2123) mem 0x80013000 0x00000001
core   0: 0x80011486 (0x0000bfe5) c.j     pc - 8
core   0: 3 0x80011486 (0xbfe5)
core   0: 0x8001147e (0x00002f17) auipc   t5, 0x2
core   0: 3 0x8001147e (0x00002f17) x30 0x8001347e
core   0: 0x80011482 (0xb83f2123) sw      gp, -1150(t5)
core   0: 3 0x80011482 (0xb83f2123) mem 0x80013000 0x00000001
core   0: 0x80011486 (0x0000bfe5) c.j     pc - 8
core   0: 3 0x80011486 (0xbfe5)
core   0: 0x8001147e (0x00002f17) auipc   t5, 0x2
core   0: 3 0x8001147e (0x00002f17) x30 0x8001347e
core   0: 0x80011482 (0xb83f2123) sw      gp, -1150(t5)
core   0: 3 0x80011482 (0xb83f2123) mem 0x80013000 0x00000001
core   0: 0x80011486 (0x0000bfe5) c.j     pc - 8
core   0: 3 0x80011486 (0xbfe5)
core   0: 0x8001147e (0x00002f17) auipc   t5, 0x2
core   0: 3 0x8001147e (0x00002f17) x30 0x8001347e
core   0: 0x80011482 (0xb83f2123) sw      gp, -1150(t5)
core   0: 3 0x80011482 (0xb83f2123) mem 0x80013000 0x00000001
core   0: 0x80011486 (0x0000bfe5) c.j     pc - 8
core   0: 3 0x80011486 (0xbfe5)
core   0: 0x8001147e (0x00002f17) auipc   t5, 0x2
core   0: 3 0x8001147e (0x00002f17) x30 0x8001347e
core   0: 0x80011482 (0xb83f2123) sw      gp, -1150(t5)
core   0: 3 0x80011482 (0xb83f2123) mem 0x80013000 0x00000001
core   0: 0x80011486 (0x0000bfe5) c.j     pc - 8
core   0: 3 0x80011486 (0xbfe5)
core   0: 0x8001147e (0x00002f17) auipc   t5, 0x2
core   0: 3 0x8001147e (0x00002f17) x30 0x8001347e
core   0: 0x80011482 (0xb83f2123) sw      gp, -1150(t5)
core   0: 3 0x80011482 (0xb83f2123) mem 0x80013000 0x00000001
core   0: 0x80011486 (0x0000bfe5) c.j     pc - 8
core   0: 3 0x80011486 (0xbfe5)
core   0: 0x8001147e (0x00002f17) auipc   t5, 0x2
core   0: 3 0x8001147e (0x00002f17) x30 0x8001347e
core   0: 0x80011482 (0xb83f2123) sw      gp, -1150(t5)
core   0: 3 0x80011482 (0xb83f2123) mem 0x80013000 0x00000001
core   0: 0x80011486 (0x0000bfe5) c.j     pc - 8
core   0: 3 0x80011486 (0xbfe5)
core   0: 0x8001147e (0x00002f17) auipc   t5, 0x2
core   0: 3 0x8001147e (0x00002f17) x30 0x8001347e
core   0: 0x80011482 (0xb83f2123) sw      gp, -1150(t5)
core   0: 3 0x80011482 (0xb83f2123) mem 0x80013000 0x00000001
core   0: 0x80011486 (0x0000bfe5) c.j     pc - 8
core   0: 3 0x80011486 (0xbfe5)
core   0: 0x8001147e (0x00002f17) auipc   t5, 0x2
core   0: 3 0x8001147e (0x00002f17) x30 0x8001347e
core   0: 0x80011482 (0xb83f2123) sw      gp, -1150(t5)
core   0: 3 0x80011482 (0xb83f2123) mem 0x80013000 0x00000001
core   0: 0x80011486 (0x0000bfe5) c.j     pc - 8
core   0: 3 0x80011486 (0xbfe5)
core   0: 0x8001147e (0x00002f17) auipc   t5, 0x2
core   0: 3 0x8001147e (0x00002f17) x30 0x8001347e
core   0: 0x80011482 (0xb83f2123) sw      gp, -1150(t5)
core   0: 3 0x80011482 (0xb83f2123) mem 0x80013000 0x00000001
core   0: 0x80011486 (0x0000bfe5) c.j     pc - 8
core   0: 3 0x80011486 (0xbfe5)
core   0: 0x8001147e (0x00002f17) auipc   t5, 0x2
core   0: 3 0x8001147e (0x00002f17) x30 0x8001347e
core   0: 0x80011482 (0xb83f2123) sw      gp, -1150(t5)
core   0: 3 0x80011482 (0xb83f2123) mem 0x80013000 0x00000001
core   0: 0x80011486 (0x0000bfe5) c.j     pc - 8
core   0: 3 0x80011486 (0xbfe5)
core   0: 0x8001147e (0x00002f17) auipc   t5, 0x2
core   0: 3 0x8001147e (0x00002f17) x30 0x8001347e
core   0: 0x80011482 (0xb83f2123) sw      gp, -1150(t5)
core   0: 3 0x80011482 (0xb83f2123) mem 0x80013000 0x00000001
core   0: 0x80011486 (0x0000bfe5) c.j     pc - 8
core   0: 3 0x80011486 (0xbfe5)
core   0: 0x8001147e (0x00002f17) auipc   t5, 0x2
core   0: 3 0x8001147e (0x00002f17) x30 0x8001347e
core   0: 0x80011482 (0xb83f2123) sw      gp, -1150(t5)
core   0: 3 0x80011482 (0xb83f2123) mem 0x80013000 0x00000001
core   0: 0x80011486 (0x0000bfe5) c.j     pc - 8
core   0: 3 0x80011486 (0xbfe5)
core   0: 0x8001147e (0x00002f17) auipc   t5, 0x2
core   0: 3 0x8001147e (0x00002f17) x30 0x8001347e
core   0: 0x80011482 (0xb83f2123) sw      gp, -1150(t5)
core   0: 3 0x80011482 (0xb83f2123) mem 0x80013000 0x00000001
core   0: 0x80011486 (0x0000bfe5) c.j     pc - 8
core   0: 3 0x80011486 (0xbfe5)
core   0: 0x8001147e (0x00002f17) auipc   t5, 0x2
core   0: 3 0x8001147e (0x00002f17) x30 0x8001347e
core   0: 0x80011482 (0xb83f2123) sw      gp, -1150(t5)
core   0: 3 0x80011482 (0xb83f2123) mem 0x80013000 0x00000001
core   0: 0x80011486 (0x0000bfe5) c.j     pc - 8
core   0: 3 0x80011486 (0xbfe5)
core   0: 0x8001147e (0x00002f17) auipc   t5, 0x2
core   0: 3 0x8001147e (0x00002f17) x30 0x8001347e
core   0: 0x80011482 (0xb83f2123) sw      gp, -1150(t5)
core   0: 3 0x80011482 (0xb83f2123) mem 0x80013000 0x00000001
core   0: 0x80011486 (0x0000bfe5) c.j     pc - 8
core   0: 3 0x80011486 (0xbfe5)
core   0: 0x8001147e (0x00002f17) auipc   t5, 0x2
core   0: 3 0x8001147e (0x00002f17) x30 0x8001347e
core   0: 0x80011482 (0xb83f2123) sw      gp, -1150(t5)
core   0: 3 0x80011482 (0xb83f2123) mem 0x80013000 0x00000001
core   0: 0x80011486 (0x0000bfe5) c.j     pc - 8
core   0: 3 0x80011486 (0xbfe5)
core   0: 0x8001147e (0x00002f17) auipc   t5, 0x2
core   0: 3 0x8001147e (0x00002f17) x30 0x8001347e
core   0: 0x80011482 (0xb83f2123) sw      gp, -1150(t5)
core   0: 3 0x80011482 (0xb83f2123) mem 0x80013000 0x00000001
core   0: 0x80011486 (0x0000bfe5) c.j     pc - 8
core   0: 3 0x80011486 (0xbfe5)
core   0: 0x8001147e (0x00002f17) auipc   t5, 0x2
core   0: 3 0x8001147e (0x00002f17) x30 0x8001347e
core   0: 0x80011482 (0xb83f2123) sw      gp, -1150(t5)
core   0: 3 0x80011482 (0xb83f2123) mem 0x80013000 0x00000001
core   0: 0x80011486 (0x0000bfe5) c.j     pc - 8
core   0: 3 0x80011486 (0xbfe5)
core   0: 0x8001147e (0x00002f17) auipc   t5, 0x2
core   0: 3 0x8001147e (0x00002f17) x30 0x8001347e
core   0: 0x80011482 (0xb83f2123) sw      gp, -1150(t5)
core   0: 3 0x80011482 (0xb83f2123) mem 0x80013000 0x00000001
core   0: 0x80011486 (0x0000bfe5) c.j     pc - 8
core   0: 3 0x80011486 (0xbfe5)
core   0: 0x8001147e (0x00002f17) auipc   t5, 0x2
core   0: 3 0x8001147e (0x00002f17) x30 0x8001347e
core   0: 0x80011482 (0xb83f2123) sw      gp, -1150(t5)
core   0: 3 0x80011482 (0xb83f2123) mem 0x80013000 0x00000001
core   0: 0x80011486 (0x0000bfe5) c.j     pc - 8
core   0: 3 0x80011486 (0xbfe5)
core   0: 0x8001147e (0x00002f17) auipc   t5, 0x2
core   0: 3 0x8001147e (0x00002f17) x30 0x8001347e
core   0: 0x80011482 (0xb83f2123) sw      gp, -1150(t5)
core   0: 3 0x80011482 (0xb83f2123) mem 0x80013000 0x00000001
core   0: 0x80011486 (0x0000bfe5) c.j     pc - 8
core   0: 3 0x80011486 (0xbfe5)
core   0: 0x8001147e (0x00002f17) auipc   t5, 0x2
core   0: 3 0x8001147e (0x00002f17) x30 0x8001347e
core   0: 0x80011482 (0xb83f2123) sw      gp, -1150(t5)
core   0: 3 0x80011482 (0xb83f2123) mem 0x80013000 0x00000001
core   0: 0x80011486 (0x0000bfe5) c.j     pc - 8
core   0: 3 0x80011486 (0xbfe5)
core   0: 0x8001147e (0x00002f17) auipc   t5, 0x2
core   0: 3 0x8001147e (0x00002f17) x30 0x8001347e
core   0: 0x80011482 (0xb83f2123) sw      gp, -1150(t5)
core   0: 3 0x80011482 (0xb83f2123) mem 0x80013000 0x00000001
core   0: 0x80011486 (0x0000bfe5) c.j     pc - 8
core   0: 3 0x80011486 (0xbfe5)
core   0: 0x8001147e (0x00002f17) auipc   t5, 0x2
core   0: 3 0x8001147e (0x00002f17) x30 0x8001347e
core   0: 0x80011482 (0xb83f2123) sw      gp, -1150(t5)
core   0: 3 0x80011482 (0xb83f2123) mem 0x80013000 0x00000001
core   0: 0x80011486 (0x0000bfe5) c.j     pc - 8
core   0: 3 0x80011486 (0xbfe5)
core   0: 0x8001147e (0x00002f17) auipc   t5, 0x2
core   0: 3 0x8001147e (0x00002f17) x30 0x8001347e
core   0: 0x80011482 (0xb83f2123) sw      gp, -1150(t5)
core   0: 3 0x80011482 (0xb83f2123) mem 0x80013000 0x00000001
core   0: 0x80011486 (0x0000bfe5) c.j     pc - 8
core   0: 3 0x80011486 (0xbfe5)
core   0: 0x8001147e (0x00002f17) auipc   t5, 0x2
core   0: 3 0x8001147e (0x00002f17) x30 0x8001347e
core   0: 0x80011482 (0xb83f2123) sw      gp, -1150(t5)
core   0: 3 0x80011482 (0xb83f2123) mem 0x80013000 0x00000001
core   0: 0x80011486 (0x0000bfe5) c.j     pc - 8
core   0: 3 0x80011486 (0xbfe5)
core   0: 0x8001147e (0x00002f17) auipc   t5, 0x2
core   0: 3 0x8001147e (0x00002f17) x30 0x8001347e
core   0: 0x80011482 (0xb83f2123) sw      gp, -1150(t5)
core   0: 3 0x80011482 (0xb83f2123) mem 0x80013000 0x00000001
core   0: 0x80011486 (0x0000bfe5) c.j     pc - 8
core   0: 3 0x80011486 (0xbfe5)
core   0: 0x8001147e (0x00002f17) auipc   t5, 0x2
core   0: 3 0x8001147e (0x00002f17) x30 0x8001347e
core   0: 0x80011482 (0xb83f2123) sw      gp, -1150(t5)
core   0: 3 0x80011482 (0xb83f2123) mem 0x80013000 0x00000001
core   0: 0x80011486 (0x0000bfe5) c.j     pc - 8
core   0: 3 0x80011486 (0xbfe5)
core   0: 0x8001147e (0x00002f17) auipc   t5, 0x2
core   0: 3 0x8001147e (0x00002f17) x30 0x8001347e
core   0: 0x80011482 (0xb83f2123) sw      gp, -1150(t5)
core   0: 3 0x80011482 (0xb83f2123) mem 0x80013000 0x00000001
core   0: 0x80011486 (0x0000bfe5) c.j     pc - 8
core   0: 3 0x80011486 (0xbfe5)
core   0: 0x8001147e (0x00002f17) auipc   t5, 0x2
core   0: 3 0x8001147e (0x00002f17) x30 0x8001347e
core   0: 0x80011482 (0xb83f2123) sw      gp, -1150(t5)
core   0: 3 0x80011482 (0xb83f2123) mem 0x80013000 0x00000001
core   0: 0x80011486 (0x0000bfe5) c.j     pc - 8
core   0: 3 0x80011486 (0xbfe5)
core   0: 0x8001147e (0x00002f17) auipc   t5, 0x2
core   0: 3 0x8001147e (0x00002f17) x30 0x8001347e
core   0: 0x80011482 (0xb83f2123) sw      gp, -1150(t5)
core   0: 3 0x80011482 (0xb83f2123) mem 0x80013000 0x00000001
core   0: 0x80011486 (0x0000bfe5) c.j     pc - 8
core   0: 3 0x80011486 (0xbfe5)
core   0: 0x8001147e (0x00002f17) auipc   t5, 0x2
core   0: 3 0x8001147e (0x00002f17) x30 0x8001347e
core   0: 0x80011482 (0xb83f2123) sw      gp, -1150(t5)
core   0: 3 0x80011482 (0xb83f2123) mem 0x80013000 0x00000001
core   0: 0x80011486 (0x0000bfe5) c.j     pc - 8
core   0: 3 0x80011486 (0xbfe5)
core   0: 0x8001147e (0x00002f17) auipc   t5, 0x2
core   0: 3 0x8001147e (0x00002f17) x30 0x8001347e
core   0: 0x80011482 (0xb83f2123) sw      gp, -1150(t5)
core   0: 3 0x80011482 (0xb83f2123) mem 0x80013000 0x00000001
core   0: 0x80011486 (0x0000bfe5) c.j     pc - 8
core   0: 3 0x80011486 (0xbfe5)
core   0: 0x8001147e (0x00002f17) auipc   t5, 0x2
core   0: 3 0x8001147e (0x00002f17) x30 0x8001347e
core   0: 0x80011482 (0xb83f2123) sw      gp, -1150(t5)
core   0: 3 0x80011482 (0xb83f2123) mem 0x80013000 0x00000001
core   0: 0x80011486 (0x0000bfe5) c.j     pc - 8
core   0: 3 0x80011486 (0xbfe5)
core   0: 0x8001147e (0x00002f17) auipc   t5, 0x2
core   0: 3 0x8001147e (0x00002f17) x30 0x8001347e
core   0: 0x80011482 (0xb83f2123) sw      gp, -1150(t5)
core   0: 3 0x80011482 (0xb83f2123) mem 0x80013000 0x00000001
core   0: 0x80011486 (0x0000bfe5) c.j     pc - 8
core   0: 3 0x80011486 (0xbfe5)
core   0: 0x8001147e (0x00002f17) auipc   t5, 0x2
core   0: 3 0x8001147e (0x00002f17) x30 0x8001347e
core   0: 0x80011482 (0xb83f2123) sw      gp, -1150(t5)
core   0: 3 0x80011482 (0xb83f2123) mem 0x80013000 0x00000001
core   0: 0x80011486 (0x0000bfe5) c.j     pc - 8
core   0: 3 0x80011486 (0xbfe5)
core   0: 0x8001147e (0x00002f17) auipc   t5, 0x2
core   0: 3 0x8001147e (0x00002f17) x30 0x8001347e
core   0: 0x80011482 (0xb83f2123) sw      gp, -1150(t5)
core   0: 3 0x80011482 (0xb83f2123) mem 0x80013000 0x00000001
core   0: 0x80011486 (0x0000bfe5) c.j     pc - 8
core   0: 3 0x80011486 (0xbfe5)
core   0: 0x8001147e (0x00002f17) auipc   t5, 0x2
core   0: 3 0x8001147e (0x00002f17) x30 0x8001347e
core   0: 0x80011482 (0xb83f2123) sw      gp, -1150(t5)
core   0: 3 0x80011482 (0xb83f2123) mem 0x80013000 0x00000001
core   0: 0x80011486 (0x0000bfe5) c.j     pc - 8
core   0: 3 0x80011486 (0xbfe5)
core   0: 0x8001147e (0x00002f17) auipc   t5, 0x2
core   0: 3 0x8001147e (0x00002f17) x30 0x8001347e
core   0: 0x80011482 (0xb83f2123) sw      gp, -1150(t5)
core   0: 3 0x80011482 (0xb83f2123) mem 0x80013000 0x00000001
core   0: 0x80011486 (0x0000bfe5) c.j     pc - 8
core   0: 3 0x80011486 (0xbfe5)
core   0: 0x8001147e (0x00002f17) auipc   t5, 0x2
core   0: 3 0x8001147e (0x00002f17) x30 0x8001347e
core   0: 0x80011482 (0xb83f2123) sw      gp, -1150(t5)
core   0: 3 0x80011482 (0xb83f2123) mem 0x80013000 0x00000001
core   0: 0x80011486 (0x0000bfe5) c.j     pc - 8
core   0: 3 0x80011486 (0xbfe5)
core   0: 0x8001147e (0x00002f17) auipc   t5, 0x2
core   0: 3 0x8001147e (0x00002f17) x30 0x8001347e
core   0: 0x80011482 (0xb83f2123) sw      gp, -1150(t5)
core   0: 3 0x80011482 (0xb83f2123) mem 0x80013000 0x00000001
core   0: 0x80011486 (0x0000bfe5) c.j     pc - 8
core   0: 3 0x80011486 (0xbfe5)
core   0: 0x8001147e (0x00002f17) auipc   t5, 0x2
core   0: 3 0x8001147e (0x00002f17) x30 0x8001347e
core   0: 0x80011482 (0xb83f2123) sw      gp, -1150(t5)
core   0: 3 0x80011482 (0xb83f2123) mem 0x80013000 0x00000001
core   0: 0x80011486 (0x0000bfe5) c.j     pc - 8
core   0: 3 0x80011486 (0xbfe5)
core   0: 0x8001147e (0x00002f17) auipc   t5, 0x2
core   0: 3 0x8001147e (0x00002f17) x30 0x8001347e
core   0: 0x80011482 (0xb83f2123) sw      gp, -1150(t5)
core   0: 3 0x80011482 (0xb83f2123) mem 0x80013000 0x00000001
core   0: 0x80011486 (0x0000bfe5) c.j     pc - 8
core   0: 3 0x80011486 (0xbfe5)
core   0: 0x8001147e (0x00002f17) auipc   t5, 0x2
core   0: 3 0x8001147e (0x00002f17) x30 0x8001347e
core   0: 0x80011482 (0xb83f2123) sw      gp, -1150(t5)
core   0: 3 0x80011482 (0xb83f2123) mem 0x80013000 0x00000001
core   0: 0x80011486 (0x0000bfe5) c.j     pc - 8
core   0: 3 0x80011486 (0xbfe5)
core   0: 0x8001147e (0x00002f17) auipc   t5, 0x2
core   0: 3 0x8001147e (0x00002f17) x30 0x8001347e
core   0: 0x80011482 (0xb83f2123) sw      gp, -1150(t5)
core   0: 3 0x80011482 (0xb83f2123) mem 0x80013000 0x00000001
core   0: 0x80011486 (0x0000bfe5) c.j     pc - 8
core   0: 3 0x80011486 (0xbfe5)
core   0: 0x8001147e (0x00002f17) auipc   t5, 0x2
core   0: 3 0x8001147e (0x00002f17) x30 0x8001347e
core   0: 0x80011482 (0xb83f2123) sw      gp, -1150(t5)
core   0: 3 0x80011482 (0xb83f2123) mem 0x80013000 0x00000001
core   0: 0x80011486 (0x0000bfe5) c.j     pc - 8
core   0: 3 0x80011486 (0xbfe5)
core   0: 0x8001147e (0x00002f17) auipc   t5, 0x2
core   0: 3 0x8001147e (0x00002f17) x30 0x8001347e
core   0: 0x80011482 (0xb83f2123) sw      gp, -1150(t5)
core   0: 3 0x80011482 (0xb83f2123) mem 0x80013000 0x00000001
core   0: 0x80011486 (0x0000bfe5) c.j     pc - 8
core   0: 3 0x80011486 (0xbfe5)
core   0: 0x8001147e (0x00002f17) auipc   t5, 0x2
core   0: 3 0x8001147e (0x00002f17) x30 0x8001347e
core   0: 0x80011482 (0xb83f2123) sw      gp, -1150(t5)
core   0: 3 0x80011482 (0xb83f2123) mem 0x80013000 0x00000001
core   0: 0x80011486 (0x0000bfe5) c.j     pc - 8
core   0: 3 0x80011486 (0xbfe5)
core   0: 0x8001147e (0x00002f17) auipc   t5, 0x2
core   0: 3 0x8001147e (0x00002f17) x30 0x8001347e
core   0: 0x80011482 (0xb83f2123) sw      gp, -1150(t5)
core   0: 3 0x80011482 (0xb83f2123) mem 0x80013000 0x00000001
core   0: 0x80011486 (0x0000bfe5) c.j     pc - 8
core   0: 3 0x80011486 (0xbfe5)
core   0: 0x8001147e (0x00002f17) auipc   t5, 0x2
core   0: 3 0x8001147e (0x00002f17) x30 0x8001347e
core   0: 0x80011482 (0xb83f2123) sw      gp, -1150(t5)
core   0: 3 0x80011482 (0xb83f2123) mem 0x80013000 0x00000001
core   0: 0x80011486 (0x0000bfe5) c.j     pc - 8
core   0: 3 0x80011486 (0xbfe5)
core   0: 0x8001147e (0x00002f17) auipc   t5, 0x2
core   0: 3 0x8001147e (0x00002f17) x30 0x8001347e
core   0: 0x80011482 (0xb83f2123) sw      gp, -1150(t5)
core   0: 3 0x80011482 (0xb83f2123) mem 0x80013000 0x00000001
core   0: 0x80011486 (0x0000bfe5) c.j     pc - 8
core   0: 3 0x80011486 (0xbfe5)
core   0: 0x8001147e (0x00002f17) auipc   t5, 0x2
core   0: 3 0x8001147e (0x00002f17) x30 0x8001347e
core   0: 0x80011482 (0xb83f2123) sw      gp, -1150(t5)
core   0: 3 0x80011482 (0xb83f2123) mem 0x80013000 0x00000001
core   0: 0x80011486 (0x0000bfe5) c.j     pc - 8
core   0: 3 0x80011486 (0xbfe5)
core   0: 0x8001147e (0x00002f17) auipc   t5, 0x2
core   0: 3 0x8001147e (0x00002f17) x30 0x8001347e
core   0: 0x80011482 (0xb83f2123) sw      gp, -1150(t5)
core   0: 3 0x80011482 (0xb83f2123) mem 0x80013000 0x00000001
core   0: 0x80011486 (0x0000bfe5) c.j     pc - 8
core   0: 3 0x80011486 (0xbfe5)
core   0: 0x8001147e (0x00002f17) auipc   t5, 0x2
core   0: 3 0x8001147e (0x00002f17) x30 0x8001347e
core   0: 0x80011482 (0xb83f2123) sw      gp, -1150(t5)
core   0: 3 0x80011482 (0xb83f2123) mem 0x80013000 0x00000001
core   0: 0x80011486 (0x0000bfe5) c.j     pc - 8
core   0: 3 0x80011486 (0xbfe5)
core   0: 0x8001147e (0x00002f17) auipc   t5, 0x2
core   0: 3 0x8001147e (0x00002f17) x30 0x8001347e
core   0: 0x80011482 (0xb83f2123) sw      gp, -1150(t5)
core   0: 3 0x80011482 (0xb83f2123) mem 0x80013000 0x00000001
core   0: 0x80011486 (0x0000bfe5) c.j     pc - 8
core   0: 3 0x80011486 (0xbfe5)
core   0: 0x8001147e (0x00002f17) auipc   t5, 0x2
core   0: 3 0x8001147e (0x00002f17) x30 0x8001347e
core   0: 0x80011482 (0xb83f2123) sw      gp, -1150(t5)
core   0: 3 0x80011482 (0xb83f2123) mem 0x80013000 0x00000001
core   0: 0x80011486 (0x0000bfe5) c.j     pc - 8
core   0: 3 0x80011486 (0xbfe5)
core   0: 0x8001147e (0x00002f17) auipc   t5, 0x2
core   0: 3 0x8001147e (0x00002f17) x30 0x8001347e
core   0: 0x80011482 (0xb83f2123) sw      gp, -1150(t5)
core   0: 3 0x80011482 (0xb83f2123) mem 0x80013000 0x00000001
core   0: 0x80011486 (0x0000bfe5) c.j     pc - 8
core   0: 3 0x80011486 (0xbfe5)
core   0: 0x8001147e (0x00002f17) auipc   t5, 0x2
core   0: 3 0x8001147e (0x00002f17) x30 0x8001347e
core   0: 0x80011482 (0xb83f2123) sw      gp, -1150(t5)
core   0: 3 0x80011482 (0xb83f2123) mem 0x80013000 0x00000001
core   0: 0x80011486 (0x0000bfe5) c.j     pc - 8
core   0: 3 0x80011486 (0xbfe5)
core   0: 0x8001147e (0x00002f17) auipc   t5, 0x2
core   0: 3 0x8001147e (0x00002f17) x30 0x8001347e
core   0: 0x80011482 (0xb83f2123) sw      gp, -1150(t5)
core   0: 3 0x80011482 (0xb83f2123) mem 0x80013000 0x00000001
core   0: 0x80011486 (0x0000bfe5) c.j     pc - 8
core   0: 3 0x80011486 (0xbfe5)
core   0: 0x8001147e (0x00002f17) auipc   t5, 0x2
core   0: 3 0x8001147e (0x00002f17) x30 0x8001347e
core   0: 0x80011482 (0xb83f2123) sw      gp, -1150(t5)
core   0: 3 0x80011482 (0xb83f2123) mem 0x80013000 0x00000001
core   0: 0x80011486 (0x0000bfe5) c.j     pc - 8
core   0: 3 0x80011486 (0xbfe5)
core   0: 0x8001147e (0x00002f17) auipc   t5, 0x2
core   0: 3 0x8001147e (0x00002f17) x30 0x8001347e
core   0: 0x80011482 (0xb83f2123) sw      gp, -1150(t5)
core   0: 3 0x80011482 (0xb83f2123) mem 0x80013000 0x00000001
core   0: 0x80011486 (0x0000bfe5) c.j     pc - 8
core   0: 3 0x80011486 (0xbfe5)
core   0: 0x8001147e (0x00002f17) auipc   t5, 0x2
core   0: 3 0x8001147e (0x00002f17) x30 0x8001347e
core   0: 0x80011482 (0xb83f2123) sw      gp, -1150(t5)
core   0: 3 0x80011482 (0xb83f2123) mem 0x80013000 0x00000001
core   0: 0x80011486 (0x0000bfe5) c.j     pc - 8
core   0: 3 0x80011486 (0xbfe5)
core   0: 0x8001147e (0x00002f17) auipc   t5, 0x2
core   0: 3 0x8001147e (0x00002f17) x30 0x8001347e
core   0: 0x80011482 (0xb83f2123) sw      gp, -1150(t5)
core   0: 3 0x80011482 (0xb83f2123) mem 0x80013000 0x00000001
core   0: 0x80011486 (0x0000bfe5) c.j     pc - 8
core   0: 3 0x80011486 (0xbfe5)
core   0: 0x8001147e (0x00002f17) auipc   t5, 0x2
core   0: 3 0x8001147e (0x00002f17) x30 0x8001347e
core   0: 0x80011482 (0xb83f2123) sw      gp, -1150(t5)
core   0: 3 0x80011482 (0xb83f2123) mem 0x80013000 0x00000001
core   0: 0x80011486 (0x0000bfe5) c.j     pc - 8
core   0: 3 0x80011486 (0xbfe5)
core   0: 0x8001147e (0x00002f17) auipc   t5, 0x2
core   0: 3 0x8001147e (0x00002f17) x30 0x8001347e
core   0: 0x80011482 (0xb83f2123) sw      gp, -1150(t5)
core   0: 3 0x80011482 (0xb83f2123) mem 0x80013000 0x00000001
core   0: 0x80011486 (0x0000bfe5) c.j     pc - 8
core   0: 3 0x80011486 (0xbfe5)
core   0: 0x8001147e (0x00002f17) auipc   t5, 0x2
core   0: 3 0x8001147e (0x00002f17) x30 0x8001347e
core   0: 0x80011482 (0xb83f2123) sw      gp, -1150(t5)
core   0: 3 0x80011482 (0xb83f2123) mem 0x80013000 0x00000001
core   0: 0x80011486 (0x0000bfe5) c.j     pc - 8
core   0: 3 0x80011486 (0xbfe5)
core   0: 0x8001147e (0x00002f17) auipc   t5, 0x2
core   0: 3 0x8001147e (0x00002f17) x30 0x8001347e
core   0: 0x80011482 (0xb83f2123) sw      gp, -1150(t5)
core   0: 3 0x80011482 (0xb83f2123) mem 0x80013000 0x00000001
core   0: 0x80011486 (0x0000bfe5) c.j     pc - 8
core   0: 3 0x80011486 (0xbfe5)
core   0: 0x8001147e (0x00002f17) auipc   t5, 0x2
core   0: 3 0x8001147e (0x00002f17) x30 0x8001347e
core   0: 0x80011482 (0xb83f2123) sw      gp, -1150(t5)
core   0: 3 0x80011482 (0xb83f2123) mem 0x80013000 0x00000001
core   0: 0x80011486 (0x0000bfe5) c.j     pc - 8
core   0: 3 0x80011486 (0xbfe5)
core   0: 0x8001147e (0x00002f17) auipc   t5, 0x2
core   0: 3 0x8001147e (0x00002f17) x30 0x8001347e
core   0: 0x80011482 (0xb83f2123) sw      gp, -1150(t5)
core   0: 3 0x80011482 (0xb83f2123) mem 0x80013000 0x00000001
core   0: 0x80011486 (0x0000bfe5) c.j     pc - 8
core   0: 3 0x80011486 (0xbfe5)
core   0: 0x8001147e (0x00002f17) auipc   t5, 0x2
core   0: 3 0x8001147e (0x00002f17) x30 0x8001347e
core   0: 0x80011482 (0xb83f2123) sw      gp, -1150(t5)
core   0: 3 0x80011482 (0xb83f2123) mem 0x80013000 0x00000001
core   0: 0x80011486 (0x0000bfe5) c.j     pc - 8
core   0: 3 0x80011486 (0xbfe5)
core   0: 0x8001147e (0x00002f17) auipc   t5, 0x2
core   0: 3 0x8001147e (0x00002f17) x30 0x8001347e
core   0: 0x80011482 (0xb83f2123) sw      gp, -1150(t5)
core   0: 3 0x80011482 (0xb83f2123) mem 0x80013000 0x00000001
core   0: 0x80011486 (0x0000bfe5) c.j     pc - 8
core   0: 3 0x80011486 (0xbfe5)
core   0: 0x8001147e (0x00002f17) auipc   t5, 0x2
core   0: 3 0x8001147e (0x00002f17) x30 0x8001347e
core   0: 0x80011482 (0xb83f2123) sw      gp, -1150(t5)
core   0: 3 0x80011482 (0xb83f2123) mem 0x80013000 0x00000001
core   0: 0x80011486 (0x0000bfe5) c.j     pc - 8
core   0: 3 0x80011486 (0xbfe5)
core   0: 0x8001147e (0x00002f17) auipc   t5, 0x2
core   0: 3 0x8001147e (0x00002f17) x30 0x8001347e
core   0: 0x80011482 (0xb83f2123) sw      gp, -1150(t5)
core   0: 3 0x80011482 (0xb83f2123) mem 0x80013000 0x00000001
core   0: 0x80011486 (0x0000bfe5) c.j     pc - 8
core   0: 3 0x80011486 (0xbfe5)
core   0: 0x8001147e (0x00002f17) auipc   t5, 0x2
core   0: 3 0x8001147e (0x00002f17) x30 0x8001347e
core   0: 0x80011482 (0xb83f2123) sw      gp, -1150(t5)
core   0: 3 0x80011482 (0xb83f2123) mem 0x80013000 0x00000001
core   0: 0x80011486 (0x0000bfe5) c.j     pc - 8
core   0: 3 0x80011486 (0xbfe5)
core   0: 0x8001147e (0x00002f17) auipc   t5, 0x2
core   0: 3 0x8001147e (0x00002f17) x30 0x8001347e
core   0: 0x80011482 (0xb83f2123) sw      gp, -1150(t5)
core   0: 3 0x80011482 (0xb83f2123) mem 0x80013000 0x00000001
core   0: 0x80011486 (0x0000bfe5) c.j     pc - 8
core   0: 3 0x80011486 (0xbfe5)
core   0: 0x8001147e (0x00002f17) auipc   t5, 0x2
core   0: 3 0x8001147e (0x00002f17) x30 0x8001347e
core   0: 0x80011482 (0xb83f2123) sw      gp, -1150(t5)
core   0: 3 0x80011482 (0xb83f2123) mem 0x80013000 0x00000001
core   0: 0x80011486 (0x0000bfe5) c.j     pc - 8
core   0: 3 0x80011486 (0xbfe5)
core   0: 0x8001147e (0x00002f17) auipc   t5, 0x2
core   0: 3 0x8001147e (0x00002f17) x30 0x8001347e
core   0: 0x80011482 (0xb83f2123) sw      gp, -1150(t5)
core   0: 3 0x80011482 (0xb83f2123) mem 0x80013000 0x00000001
core   0: 0x80011486 (0x0000bfe5) c.j     pc - 8
core   0: 3 0x80011486 (0xbfe5)
core   0: 0x8001147e (0x00002f17) auipc   t5, 0x2
core   0: 3 0x8001147e (0x00002f17) x30 0x8001347e
core   0: 0x80011482 (0xb83f2123) sw      gp, -1150(t5)
core   0: 3 0x80011482 (0xb83f2123) mem 0x80013000 0x00000001
core   0: 0x80011486 (0x0000bfe5) c.j     pc - 8
core   0: 3 0x80011486 (0xbfe5)
core   0: 0x8001147e (0x00002f17) auipc   t5, 0x2
core   0: 3 0x8001147e (0x00002f17) x30 0x8001347e
core   0: 0x80011482 (0xb83f2123) sw      gp, -1150(t5)
core   0: 3 0x80011482 (0xb83f2123) mem 0x80013000 0x00000001
core   0: 0x80011486 (0x0000bfe5) c.j     pc - 8
core   0: 3 0x80011486 (0xbfe5)
core   0: 0x8001147e (0x00002f17) auipc   t5, 0x2
core   0: 3 0x8001147e (0x00002f17) x30 0x8001347e
core   0: 0x80011482 (0xb83f2123) sw      gp, -1150(t5)
core   0: 3 0x80011482 (0xb83f2123) mem 0x80013000 0x00000001
core   0: 0x80011486 (0x0000bfe5) c.j     pc - 8
core   0: 3 0x80011486 (0xbfe5)
core   0: 0x8001147e (0x00002f17) auipc   t5, 0x2
core   0: 3 0x8001147e (0x00002f17) x30 0x8001347e
core   0: 0x80011482 (0xb83f2123) sw      gp, -1150(t5)
core   0: 3 0x80011482 (0xb83f2123) mem 0x80013000 0x00000001
core   0: 0x80011486 (0x0000bfe5) c.j     pc - 8
core   0: 3 0x80011486 (0xbfe5)
core   0: 0x8001147e (0x00002f17) auipc   t5, 0x2
core   0: 3 0x8001147e (0x00002f17) x30 0x8001347e
core   0: 0x80011482 (0xb83f2123) sw      gp, -1150(t5)
core   0: 3 0x80011482 (0xb83f2123) mem 0x80013000 0x00000001
core   0: 0x80011486 (0x0000bfe5) c.j     pc - 8
core   0: 3 0x80011486 (0xbfe5)
core   0: 0x8001147e (0x00002f17) auipc   t5, 0x2
core   0: 3 0x8001147e (0x00002f17) x30 0x8001347e
core   0: 0x80011482 (0xb83f2123) sw      gp, -1150(t5)
core   0: 3 0x80011482 (0xb83f2123) mem 0x80013000 0x00000001
core   0: 0x80011486 (0x0000bfe5) c.j     pc - 8
core   0: 3 0x80011486 (0xbfe5)
core   0: 0x8001147e (0x00002f17) auipc   t5, 0x2
core   0: 3 0x8001147e (0x00002f17) x30 0x8001347e
core   0: 0x80011482 (0xb83f2123) sw      gp, -1150(t5)
core   0: 3 0x80011482 (0xb83f2123) mem 0x80013000 0x00000001
core   0: 0x80011486 (0x0000bfe5) c.j     pc - 8
core   0: 3 0x80011486 (0xbfe5)
core   0: 0x8001147e (0x00002f17) auipc   t5, 0x2
core   0: 3 0x8001147e (0x00002f17) x30 0x8001347e
core   0: 0x80011482 (0xb83f2123) sw      gp, -1150(t5)
core   0: 3 0x80011482 (0xb83f2123) mem 0x80013000 0x00000001
core   0: 0x80011486 (0x0000bfe5) c.j     pc - 8
core   0: 3 0x80011486 (0xbfe5)
core   0: 0x8001147e (0x00002f17) auipc   t5, 0x2
core   0: 3 0x8001147e (0x00002f17) x30 0x8001347e
core   0: 0x80011482 (0xb83f2123) sw      gp, -1150(t5)
core   0: 3 0x80011482 (0xb83f2123) mem 0x80013000 0x00000001
core   0: 0x80011486 (0x0000bfe5) c.j     pc - 8
core   0: 3 0x80011486 (0xbfe5)
core   0: 0x8001147e (0x00002f17) auipc   t5, 0x2
core   0: 3 0x8001147e (0x00002f17) x30 0x8001347e
core   0: 0x80011482 (0xb83f2123) sw      gp, -1150(t5)
core   0: 3 0x80011482 (0xb83f2123) mem 0x80013000 0x00000001
core   0: 0x80011486 (0x0000bfe5) c.j     pc - 8
core   0: 3 0x80011486 (0xbfe5)
core   0: 0x8001147e (0x00002f17) auipc   t5, 0x2
core   0: 3 0x8001147e (0x00002f17) x30 0x8001347e
core   0: 0x80011482 (0xb83f2123) sw      gp, -1150(t5)
core   0: 3 0x80011482 (0xb83f2123) mem 0x80013000 0x00000001
core   0: 0x80011486 (0x0000bfe5) c.j     pc - 8
core   0: 3 0x80011486 (0xbfe5)
core   0: 0x8001147e (0x00002f17) auipc   t5, 0x2
core   0: 3 0x8001147e (0x00002f17) x30 0x8001347e
core   0: 0x80011482 (0xb83f2123) sw      gp, -1150(t5)
core   0: 3 0x80011482 (0xb83f2123) mem 0x80013000 0x00000001
core   0: 0x80011486 (0x0000bfe5) c.j     pc - 8
core   0: 3 0x80011486 (0xbfe5)
core   0: 0x8001147e (0x00002f17) auipc   t5, 0x2
core   0: 3 0x8001147e (0x00002f17) x30 0x8001347e
core   0: 0x80011482 (0xb83f2123) sw      gp, -1150(t5)
core   0: 3 0x80011482 (0xb83f2123) mem 0x80013000 0x00000001
core   0: 0x80011486 (0x0000bfe5) c.j     pc - 8
core   0: 3 0x80011486 (0xbfe5)
core   0: 0x8001147e (0x00002f17) auipc   t5, 0x2
core   0: 3 0x8001147e (0x00002f17) x30 0x8001347e
core   0: 0x80011482 (0xb83f2123) sw      gp, -1150(t5)
core   0: 3 0x80011482 (0xb83f2123) mem 0x80013000 0x00000001
core   0: 0x80011486 (0x0000bfe5) c.j     pc - 8
core   0: 3 0x80011486 (0xbfe5)
core   0: 0x8001147e (0x00002f17) auipc   t5, 0x2
core   0: 3 0x8001147e (0x00002f17) x30 0x8001347e
core   0: 0x80011482 (0xb83f2123) sw      gp, -1150(t5)
core   0: 3 0x80011482 (0xb83f2123) mem 0x80013000 0x00000001
core   0: 0x80011486 (0x0000bfe5) c.j     pc - 8
core   0: 3 0x80011486 (0xbfe5)
core   0: 0x8001147e (0x00002f17) auipc   t5, 0x2
core   0: 3 0x8001147e (0x00002f17) x30 0x8001347e
core   0: 0x80011482 (0xb83f2123) sw      gp, -1150(t5)
core   0: 3 0x80011482 (0xb83f2123) mem 0x80013000 0x00000001
core   0: 0x80011486 (0x0000bfe5) c.j     pc - 8
core   0: 3 0x80011486 (0xbfe5)
core   0: 0x8001147e (0x00002f17) auipc   t5, 0x2
core   0: 3 0x8001147e (0x00002f17) x30 0x8001347e
core   0: 0x80011482 (0xb83f2123) sw      gp, -1150(t5)
core   0: 3 0x80011482 (0xb83f2123) mem 0x80013000 0x00000001
core   0: 0x80011486 (0x0000bfe5) c.j     pc - 8
core   0: 3 0x80011486 (0xbfe5)
core   0: 0x8001147e (0x00002f17) auipc   t5, 0x2
core   0: 3 0x8001147e (0x00002f17) x30 0x8001347e
core   0: 0x80011482 (0xb83f2123) sw      gp, -1150(t5)
core   0: 3 0x80011482 (0xb83f2123) mem 0x80013000 0x00000001
core   0: 0x80011486 (0x0000bfe5) c.j     pc - 8
core   0: 3 0x80011486 (0xbfe5)
core   0: 0x8001147e (0x00002f17) auipc   t5, 0x2
core   0: 3 0x8001147e (0x00002f17) x30 0x8001347e
core   0: 0x80011482 (0xb83f2123) sw      gp, -1150(t5)
core   0: 3 0x80011482 (0xb83f2123) mem 0x80013000 0x00000001
core   0: 0x80011486 (0x0000bfe5) c.j     pc - 8
core   0: 3 0x80011486 (0xbfe5)
core   0: 0x8001147e (0x00002f17) auipc   t5, 0x2
core   0: 3 0x8001147e (0x00002f17) x30 0x8001347e
core   0: 0x80011482 (0xb83f2123) sw      gp, -1150(t5)
core   0: 3 0x80011482 (0xb83f2123) mem 0x80013000 0x00000001
core   0: 0x80011486 (0x0000bfe5) c.j     pc - 8
core   0: 3 0x80011486 (0xbfe5)
core   0: 0x8001147e (0x00002f17) auipc   t5, 0x2
core   0: 3 0x8001147e (0x00002f17) x30 0x8001347e
core   0: 0x80011482 (0xb83f2123) sw      gp, -1150(t5)
core   0: 3 0x80011482 (0xb83f2123) mem 0x80013000 0x00000001
core   0: 0x80011486 (0x0000bfe5) c.j     pc - 8
core   0: 3 0x80011486 (0xbfe5)
core   0: 0x8001147e (0x00002f17) auipc   t5, 0x2
core   0: 3 0x8001147e (0x00002f17) x30 0x8001347e
core   0: 0x80011482 (0xb83f2123) sw      gp, -1150(t5)
core   0: 3 0x80011482 (0xb83f2123) mem 0x80013000 0x00000001
core   0: 0x80011486 (0x0000bfe5) c.j     pc - 8
core   0: 3 0x80011486 (0xbfe5)
core   0: 0x8001147e (0x00002f17) auipc   t5, 0x2
core   0: 3 0x8001147e (0x00002f17) x30 0x8001347e
core   0: 0x80011482 (0xb83f2123) sw      gp, -1150(t5)
core   0: 3 0x80011482 (0xb83f2123) mem 0x80013000 0x00000001
core   0: 0x80011486 (0x0000bfe5) c.j     pc - 8
core   0: 3 0x80011486 (0xbfe5)
core   0: 0x8001147e (0x00002f17) auipc   t5, 0x2
core   0: 3 0x8001147e (0x00002f17) x30 0x8001347e
core   0: 0x80011482 (0xb83f2123) sw      gp, -1150(t5)
core   0: 3 0x80011482 (0xb83f2123) mem 0x80013000 0x00000001
core   0: 0x80011486 (0x0000bfe5) c.j     pc - 8
core   0: 3 0x80011486 (0xbfe5)
core   0: 0x8001147e (0x00002f17) auipc   t5, 0x2
core   0: 3 0x8001147e (0x00002f17) x30 0x8001347e
core   0: 0x80011482 (0xb83f2123) sw      gp, -1150(t5)
core   0: 3 0x80011482 (0xb83f2123) mem 0x80013000 0x00000001
core   0: 0x80011486 (0x0000bfe5) c.j     pc - 8
core   0: 3 0x80011486 (0xbfe5)
core   0: 0x8001147e (0x00002f17) auipc   t5, 0x2
core   0: 3 0x8001147e (0x00002f17) x30 0x8001347e
core   0: 0x80011482 (0xb83f2123) sw      gp, -1150(t5)
core   0: 3 0x80011482 (0xb83f2123) mem 0x80013000 0x00000001
core   0: 0x80011486 (0x0000bfe5) c.j     pc - 8
core   0: 3 0x80011486 (0xbfe5)
core   0: 0x8001147e (0x00002f17) auipc   t5, 0x2
core   0: 3 0x8001147e (0x00002f17) x30 0x8001347e
core   0: 0x80011482 (0xb83f2123) sw      gp, -1150(t5)
core   0: 3 0x80011482 (0xb83f2123) mem 0x80013000 0x00000001
core   0: 0x80011486 (0x0000bfe5) c.j     pc - 8
core   0: 3 0x80011486 (0xbfe5)
core   0: 0x8001147e (0x00002f17) auipc   t5, 0x2
core   0: 3 0x8001147e (0x00002f17) x30 0x8001347e
core   0: 0x80011482 (0xb83f2123) sw      gp, -1150(t5)
core   0: 3 0x80011482 (0xb83f2123) mem 0x80013000 0x00000001
core   0: 0x80011486 (0x0000bfe5) c.j     pc - 8
core   0: 3 0x80011486 (0xbfe5)
core   0: 0x8001147e (0x00002f17) auipc   t5, 0x2
core   0: 3 0x8001147e (0x00002f17) x30 0x8001347e
core   0: 0x80011482 (0xb83f2123) sw      gp, -1150(t5)
core   0: 3 0x80011482 (0xb83f2123) mem 0x80013000 0x00000001
core   0: 0x80011486 (0x0000bfe5) c.j     pc - 8
core   0: 3 0x80011486 (0xbfe5)
core   0: 0x8001147e (0x00002f17) auipc   t5, 0x2
core   0: 3 0x8001147e (0x00002f17) x30 0x8001347e
core   0: 0x80011482 (0xb83f2123) sw      gp, -1150(t5)
core   0: 3 0x80011482 (0xb83f2123) mem 0x80013000 0x00000001
core   0: 0x80011486 (0x0000bfe5) c.j     pc - 8
core   0: 3 0x80011486 (0xbfe5)
core   0: 0x8001147e (0x00002f17) auipc   t5, 0x2
core   0: 3 0x8001147e (0x00002f17) x30 0x8001347e
core   0: 0x80011482 (0xb83f2123) sw      gp, -1150(t5)
core   0: 3 0x80011482 (0xb83f2123) mem 0x80013000 0x00000001
core   0: 0x80011486 (0x0000bfe5) c.j     pc - 8
core   0: 3 0x80011486 (0xbfe5)
core   0: 0x8001147e (0x00002f17) auipc   t5, 0x2
core   0: 3 0x8001147e (0x00002f17) x30 0x8001347e
core   0: 0x80011482 (0xb83f2123) sw      gp, -1150(t5)
core   0: 3 0x80011482 (0xb83f2123) mem 0x80013000 0x00000001
core   0: 0x80011486 (0x0000bfe5) c.j     pc - 8
core   0: 3 0x80011486 (0xbfe5)
core   0: 0x8001147e (0x00002f17) auipc   t5, 0x2
core   0: 3 0x8001147e (0x00002f17) x30 0x8001347e
core   0: 0x80011482 (0xb83f2123) sw      gp, -1150(t5)
core   0: 3 0x80011482 (0xb83f2123) mem 0x80013000 0x00000001
core   0: 0x80011486 (0x0000bfe5) c.j     pc - 8
core   0: 3 0x80011486 (0xbfe5)
core   0: 0x8001147e (0x00002f17) auipc   t5, 0x2
core   0: 3 0x8001147e (0x00002f17) x30 0x8001347e
core   0: 0x80011482 (0xb83f2123) sw      gp, -1150(t5)
core   0: 3 0x80011482 (0xb83f2123) mem 0x80013000 0x00000001
core   0: 0x80011486 (0x0000bfe5) c.j     pc - 8
core   0: 3 0x80011486 (0xbfe5)
core   0: 0x8001147e (0x00002f17) auipc   t5, 0x2
core   0: 3 0x8001147e (0x00002f17) x30 0x8001347e
core   0: 0x80011482 (0xb83f2123) sw      gp, -1150(t5)
core   0: 3 0x80011482 (0xb83f2123) mem 0x80013000 0x00000001
core   0: 0x80011486 (0x0000bfe5) c.j     pc - 8
core   0: 3 0x80011486 (0xbfe5)
core   0: 0x8001147e (0x00002f17) auipc   t5, 0x2
core   0: 3 0x8001147e (0x00002f17) x30 0x8001347e
core   0: 0x80011482 (0xb83f2123) sw      gp, -1150(t5)
core   0: 3 0x80011482 (0xb83f2123) mem 0x80013000 0x00000001
core   0: 0x80011486 (0x0000bfe5) c.j     pc - 8
core   0: 3 0x80011486 (0xbfe5)
core   0: 0x8001147e (0x00002f17) auipc   t5, 0x2
core   0: 3 0x8001147e (0x00002f17) x30 0x8001347e
core   0: 0x80011482 (0xb83f2123) sw      gp, -1150(t5)
core   0: 3 0x80011482 (0xb83f2123) mem 0x80013000 0x00000001
core   0: 0x80011486 (0x0000bfe5) c.j     pc - 8
core   0: 3 0x80011486 (0xbfe5)
core   0: 0x8001147e (0x00002f17) auipc   t5, 0x2
core   0: 3 0x8001147e (0x00002f17) x30 0x8001347e
core   0: 0x80011482 (0xb83f2123) sw      gp, -1150(t5)
core   0: 3 0x80011482 (0xb83f2123) mem 0x80013000 0x00000001
core   0: 0x80011486 (0x0000bfe5) c.j     pc - 8
core   0: 3 0x80011486 (0xbfe5)
core   0: 0x8001147e (0x00002f17) auipc   t5, 0x2
core   0: 3 0x8001147e (0x00002f17) x30 0x8001347e
core   0: 0x80011482 (0xb83f2123) sw      gp, -1150(t5)
core   0: 3 0x80011482 (0xb83f2123) mem 0x80013000 0x00000001
core   0: 0x80011486 (0x0000bfe5) c.j     pc - 8
core   0: 3 0x80011486 (0xbfe5)
core   0: 0x8001147e (0x00002f17) auipc   t5, 0x2
core   0: 3 0x8001147e (0x00002f17) x30 0x8001347e
core   0: 0x80011482 (0xb83f2123) sw      gp, -1150(t5)
core   0: 3 0x80011482 (0xb83f2123) mem 0x80013000 0x00000001
core   0: 0x80011486 (0x0000bfe5) c.j     pc - 8
core   0: 3 0x80011486 (0xbfe5)
core   0: 0x8001147e (0x00002f17) auipc   t5, 0x2
core   0: 3 0x8001147e (0x00002f17) x30 0x8001347e
core   0: 0x80011482 (0xb83f2123) sw      gp, -1150(t5)
core   0: 3 0x80011482 (0xb83f2123) mem 0x80013000 0x00000001
core   0: 0x80011486 (0x0000bfe5) c.j     pc - 8
core   0: 3 0x80011486 (0xbfe5)
core   0: 0x8001147e (0x00002f17) auipc   t5, 0x2
core   0: 3 0x8001147e (0x00002f17) x30 0x8001347e
core   0: 0x80011482 (0xb83f2123) sw      gp, -1150(t5)
core   0: 3 0x80011482 (0xb83f2123) mem 0x80013000 0x00000001
core   0: 0x80011486 (0x0000bfe5) c.j     pc - 8
core   0: 3 0x80011486 (0xbfe5)
core   0: 0x8001147e (0x00002f17) auipc   t5, 0x2
core   0: 3 0x8001147e (0x00002f17) x30 0x8001347e
core   0: 0x80011482 (0xb83f2123) sw      gp, -1150(t5)
core   0: 3 0x80011482 (0xb83f2123) mem 0x80013000 0x00000001
core   0: 0x80011486 (0x0000bfe5) c.j     pc - 8
core   0: 3 0x80011486 (0xbfe5)
core   0: 0x8001147e (0x00002f17) auipc   t5, 0x2
core   0: 3 0x8001147e (0x00002f17) x30 0x8001347e
core   0: 0x80011482 (0xb83f2123) sw      gp, -1150(t5)
core   0: 3 0x80011482 (0xb83f2123) mem 0x80013000 0x00000001
core   0: 0x80011486 (0x0000bfe5) c.j     pc - 8
core   0: 3 0x80011486 (0xbfe5)
core   0: 0x8001147e (0x00002f17) auipc   t5, 0x2
core   0: 3 0x8001147e (0x00002f17) x30 0x8001347e
core   0: 0x80011482 (0xb83f2123) sw      gp, -1150(t5)
core   0: 3 0x80011482 (0xb83f2123) mem 0x80013000 0x00000001
core   0: 0x80011486 (0x0000bfe5) c.j     pc - 8
core   0: 3 0x80011486 (0xbfe5)
core   0: 0x8001147e (0x00002f17) auipc   t5, 0x2
core   0: 3 0x8001147e (0x00002f17) x30 0x8001347e
core   0: 0x80011482 (0xb83f2123) sw      gp, -1150(t5)
core   0: 3 0x80011482 (0xb83f2123) mem 0x80013000 0x00000001
core   0: 0x80011486 (0x0000bfe5) c.j     pc - 8
core   0: 3 0x80011486 (0xbfe5)
core   0: 0x8001147e (0x00002f17) auipc   t5, 0x2
core   0: 3 0x8001147e (0x00002f17) x30 0x8001347e
core   0: 0x80011482 (0xb83f2123) sw      gp, -1150(t5)
core   0: 3 0x80011482 (0xb83f2123) mem 0x80013000 0x00000001
core   0: 0x80011486 (0x0000bfe5) c.j     pc - 8
core   0: 3 0x80011486 (0xbfe5)
core   0: 0x8001147e (0x00002f17) auipc   t5, 0x2
core   0: 3 0x8001147e (0x00002f17) x30 0x8001347e
core   0: 0x80011482 (0xb83f2123) sw      gp, -1150(t5)
core   0: 3 0x80011482 (0xb83f2123) mem 0x80013000 0x00000001
core   0: 0x80011486 (0x0000bfe5) c.j     pc - 8
core   0: 3 0x80011486 (0xbfe5)
core   0: 0x8001147e (0x00002f17) auipc   t5, 0x2
core   0: 3 0x8001147e (0x00002f17) x30 0x8001347e
core   0: 0x80011482 (0xb83f2123) sw      gp, -1150(t5)
core   0: 3 0x80011482 (0xb83f2123) mem 0x80013000 0x00000001
core   0: 0x80011486 (0x0000bfe5) c.j     pc - 8
core   0: 3 0x80011486 (0xbfe5)
core   0: 0x8001147e (0x00002f17) auipc   t5, 0x2
core   0: 3 0x8001147e (0x00002f17) x30 0x8001347e
core   0: 0x80011482 (0xb83f2123) sw      gp, -1150(t5)
core   0: 3 0x80011482 (0xb83f2123) mem 0x80013000 0x00000001
core   0: 0x80011486 (0x0000bfe5) c.j     pc - 8
core   0: 3 0x80011486 (0xbfe5)
core   0: 0x8001147e (0x00002f17) auipc   t5, 0x2
core   0: 3 0x8001147e (0x00002f17) x30 0x8001347e
core   0: 0x80011482 (0xb83f2123) sw      gp, -1150(t5)
core   0: 3 0x80011482 (0xb83f2123) mem 0x80013000 0x00000001
core   0: 0x80011486 (0x0000bfe5) c.j     pc - 8
core   0: 3 0x80011486 (0xbfe5)
core   0: 0x8001147e (0x00002f17) auipc   t5, 0x2
core   0: 3 0x8001147e (0x00002f17) x30 0x8001347e
core   0: 0x80011482 (0xb83f2123) sw      gp, -1150(t5)
core   0: 3 0x80011482 (0xb83f2123) mem 0x80013000 0x00000001
core   0: 0x80011486 (0x0000bfe5) c.j     pc - 8
core   0: 3 0x80011486 (0xbfe5)
core   0: 0x8001147e (0x00002f17) auipc   t5, 0x2
core   0: 3 0x8001147e (0x00002f17) x30 0x8001347e
core   0: 0x80011482 (0xb83f2123) sw      gp, -1150(t5)
core   0: 3 0x80011482 (0xb83f2123) mem 0x80013000 0x00000001
core   0: 0x80011486 (0x0000bfe5) c.j     pc - 8
core   0: 3 0x80011486 (0xbfe5)
core   0: 0x8001147e (0x00002f17) auipc   t5, 0x2
core   0: 3 0x8001147e (0x00002f17) x30 0x8001347e
core   0: 0x80011482 (0xb83f2123) sw      gp, -1150(t5)
core   0: 3 0x80011482 (0xb83f2123) mem 0x80013000 0x00000001
core   0: 0x80011486 (0x0000bfe5) c.j     pc - 8
core   0: 3 0x80011486 (0xbfe5)
core   0: 0x8001147e (0x00002f17) auipc   t5, 0x2
core   0: 3 0x8001147e (0x00002f17) x30 0x8001347e
core   0: 0x80011482 (0xb83f2123) sw      gp, -1150(t5)
core   0: 3 0x80011482 (0xb83f2123) mem 0x80013000 0x00000001
core   0: 0x80011486 (0x0000bfe5) c.j     pc - 8
core   0: 3 0x80011486 (0xbfe5)
core   0: 0x8001147e (0x00002f17) auipc   t5, 0x2
core   0: 3 0x8001147e (0x00002f17) x30 0x8001347e
core   0: 0x80011482 (0xb83f2123) sw      gp, -1150(t5)
core   0: 3 0x80011482 (0xb83f2123) mem 0x80013000 0x00000001
core   0: 0x80011486 (0x0000bfe5) c.j     pc - 8
core   0: 3 0x80011486 (0xbfe5)
core   0: 0x8001147e (0x00002f17) auipc   t5, 0x2
core   0: 3 0x8001147e (0x00002f17) x30 0x8001347e
core   0: 0x80011482 (0xb83f2123) sw      gp, -1150(t5)
core   0: 3 0x80011482 (0xb83f2123) mem 0x80013000 0x00000001
core   0: 0x80011486 (0x0000bfe5) c.j     pc - 8
core   0: 3 0x80011486 (0xbfe5)
core   0: 0x8001147e (0x00002f17) auipc   t5, 0x2
core   0: 3 0x8001147e (0x00002f17) x30 0x8001347e
core   0: 0x80011482 (0xb83f2123) sw      gp, -1150(t5)
core   0: 3 0x80011482 (0xb83f2123) mem 0x80013000 0x00000001
core   0: 0x80011486 (0x0000bfe5) c.j     pc - 8
core   0: 3 0x80011486 (0xbfe5)
core   0: 0x8001147e (0x00002f17) auipc   t5, 0x2
core   0: 3 0x8001147e (0x00002f17) x30 0x8001347e
core   0: 0x80011482 (0xb83f2123) sw      gp, -1150(t5)
core   0: 3 0x80011482 (0xb83f2123) mem 0x80013000 0x00000001
core   0: 0x80011486 (0x0000bfe5) c.j     pc - 8
core   0: 3 0x80011486 (0xbfe5)
core   0: 0x8001147e (0x00002f17) auipc   t5, 0x2
core   0: 3 0x8001147e (0x00002f17) x30 0x8001347e
core   0: 0x80011482 (0xb83f2123) sw      gp, -1150(t5)
core   0: 3 0x80011482 (0xb83f2123) mem 0x80013000 0x00000001
core   0: 0x80011486 (0x0000bfe5) c.j     pc - 8
core   0: 3 0x80011486 (0xbfe5)
core   0: 0x8001147e (0x00002f17) auipc   t5, 0x2
core   0: 3 0x8001147e (0x00002f17) x30 0x8001347e
core   0: 0x80011482 (0xb83f2123) sw      gp, -1150(t5)
core   0: 3 0x80011482 (0xb83f2123) mem 0x80013000 0x00000001
core   0: 0x80011486 (0x0000bfe5) c.j     pc - 8
core   0: 3 0x80011486 (0xbfe5)
core   0: 0x8001147e (0x00002f17) auipc   t5, 0x2
core   0: 3 0x8001147e (0x00002f17) x30 0x8001347e
core   0: 0x80011482 (0xb83f2123) sw      gp, -1150(t5)
core   0: 3 0x80011482 (0xb83f2123) mem 0x80013000 0x00000001
core   0: 0x80011486 (0x0000bfe5) c.j     pc - 8
core   0: 3 0x80011486 (0xbfe5)
core   0: 0x8001147e (0x00002f17) auipc   t5, 0x2
core   0: 3 0x8001147e (0x00002f17) x30 0x8001347e
core   0: 0x80011482 (0xb83f2123) sw      gp, -1150(t5)
core   0: 3 0x80011482 (0xb83f2123) mem 0x80013000 0x00000001
core   0: 0x80011486 (0x0000bfe5) c.j     pc - 8
core   0: 3 0x80011486 (0xbfe5)
core   0: 0x8001147e (0x00002f17) auipc   t5, 0x2
core   0: 3 0x8001147e (0x00002f17) x30 0x8001347e
core   0: 0x80011482 (0xb83f2123) sw      gp, -1150(t5)
core   0: 3 0x80011482 (0xb83f2123) mem 0x80013000 0x00000001
core   0: 0x80011486 (0x0000bfe5) c.j     pc - 8
core   0: 3 0x80011486 (0xbfe5)
core   0: 0x8001147e (0x00002f17) auipc   t5, 0x2
core   0: 3 0x8001147e (0x00002f17) x30 0x8001347e
core   0: 0x80011482 (0xb83f2123) sw      gp, -1150(t5)
core   0: 3 0x80011482 (0xb83f2123) mem 0x80013000 0x00000001
core   0: 0x80011486 (0x0000bfe5) c.j     pc - 8
core   0: 3 0x80011486 (0xbfe5)
core   0: 0x8001147e (0x00002f17) auipc   t5, 0x2
core   0: 3 0x8001147e (0x00002f17) x30 0x8001347e
core   0: 0x80011482 (0xb83f2123) sw      gp, -1150(t5)
core   0: 3 0x80011482 (0xb83f2123) mem 0x80013000 0x00000001
core   0: 0x80011486 (0x0000bfe5) c.j     pc - 8
core   0: 3 0x80011486 (0xbfe5)
core   0: 0x8001147e (0x00002f17) auipc   t5, 0x2
core   0: 3 0x8001147e (0x00002f17) x30 0x8001347e
core   0: 0x80011482 (0xb83f2123) sw      gp, -1150(t5)
core   0: 3 0x80011482 (0xb83f2123) mem 0x80013000 0x00000001
core   0: 0x80011486 (0x0000bfe5) c.j     pc - 8
core   0: 3 0x80011486 (0xbfe5)
core   0: 0x8001147e (0x00002f17) auipc   t5, 0x2
core   0: 3 0x8001147e (0x00002f17) x30 0x8001347e
core   0: 0x80011482 (0xb83f2123) sw      gp, -1150(t5)
core   0: 3 0x80011482 (0xb83f2123) mem 0x80013000 0x00000001
core   0: 0x80011486 (0x0000bfe5) c.j     pc - 8
core   0: 3 0x80011486 (0xbfe5)
core   0: 0x8001147e (0x00002f17) auipc   t5, 0x2
core   0: 3 0x8001147e (0x00002f17) x30 0x8001347e
core   0: 0x80011482 (0xb83f2123) sw      gp, -1150(t5)
core   0: 3 0x80011482 (0xb83f2123) mem 0x80013000 0x00000001
core   0: 0x80011486 (0x0000bfe5) c.j     pc - 8
core   0: 3 0x80011486 (0xbfe5)
core   0: 0x8001147e (0x00002f17) auipc   t5, 0x2
core   0: 3 0x8001147e (0x00002f17) x30 0x8001347e
core   0: 0x80011482 (0xb83f2123) sw      gp, -1150(t5)
core   0: 3 0x80011482 (0xb83f2123) mem 0x80013000 0x00000001
core   0: 0x80011486 (0x0000bfe5) c.j     pc - 8
core   0: 3 0x80011486 (0xbfe5)
core   0: 0x8001147e (0x00002f17) auipc   t5, 0x2
core   0: 3 0x8001147e (0x00002f17) x30 0x8001347e
core   0: 0x80011482 (0xb83f2123) sw      gp, -1150(t5)
core   0: 3 0x80011482 (0xb83f2123) mem 0x80013000 0x00000001
core   0: 0x80011486 (0x0000bfe5) c.j     pc - 8
core   0: 3 0x80011486 (0xbfe5)
core   0: 0x8001147e (0x00002f17) auipc   t5, 0x2
core   0: 3 0x8001147e (0x00002f17) x30 0x8001347e
core   0: 0x80011482 (0xb83f2123) sw      gp, -1150(t5)
core   0: 3 0x80011482 (0xb83f2123) mem 0x80013000 0x00000001
core   0: 0x80011486 (0x0000bfe5) c.j     pc - 8
core   0: 3 0x80011486 (0xbfe5)
core   0: 0x8001147e (0x00002f17) auipc   t5, 0x2
core   0: 3 0x8001147e (0x00002f17) x30 0x8001347e
core   0: 0x80011482 (0xb83f2123) sw      gp, -1150(t5)
core   0: 3 0x80011482 (0xb83f2123) mem 0x80013000 0x00000001
core   0: 0x80011486 (0x0000bfe5) c.j     pc - 8
core   0: 3 0x80011486 (0xbfe5)
core   0: 0x8001147e (0x00002f17) auipc   t5, 0x2
core   0: 3 0x8001147e (0x00002f17) x30 0x8001347e
core   0: 0x80011482 (0xb83f2123) sw      gp, -1150(t5)
core   0: 3 0x80011482 (0xb83f2123) mem 0x80013000 0x00000001
core   0: 0x80011486 (0x0000bfe5) c.j     pc - 8
core   0: 3 0x80011486 (0xbfe5)
core   0: 0x8001147e (0x00002f17) auipc   t5, 0x2
core   0: 3 0x8001147e (0x00002f17) x30 0x8001347e
core   0: 0x80011482 (0xb83f2123) sw      gp, -1150(t5)
core   0: 3 0x80011482 (0xb83f2123) mem 0x80013000 0x00000001
core   0: 0x80011486 (0x0000bfe5) c.j     pc - 8
core   0: 3 0x80011486 (0xbfe5)
core   0: 0x8001147e (0x00002f17) auipc   t5, 0x2
core   0: 3 0x8001147e (0x00002f17) x30 0x8001347e
core   0: 0x80011482 (0xb83f2123) sw      gp, -1150(t5)
core   0: 3 0x80011482 (0xb83f2123) mem 0x80013000 0x00000001
core   0: 0x80011486 (0x0000bfe5) c.j     pc - 8
core   0: 3 0x80011486 (0xbfe5)
core   0: 0x8001147e (0x00002f17) auipc   t5, 0x2
core   0: 3 0x8001147e (0x00002f17) x30 0x8001347e
core   0: 0x80011482 (0xb83f2123) sw      gp, -1150(t5)
core   0: 3 0x80011482 (0xb83f2123) mem 0x80013000 0x00000001
core   0: 0x80011486 (0x0000bfe5) c.j     pc - 8
core   0: 3 0x80011486 (0xbfe5)
core   0: 0x8001147e (0x00002f17) auipc   t5, 0x2
core   0: 3 0x8001147e (0x00002f17) x30 0x8001347e
core   0: 0x80011482 (0xb83f2123) sw      gp, -1150(t5)
core   0: 3 0x80011482 (0xb83f2123) mem 0x80013000 0x00000001
core   0: 0x80011486 (0x0000bfe5) c.j     pc - 8
core   0: 3 0x80011486 (0xbfe5)
core   0: 0x8001147e (0x00002f17) auipc   t5, 0x2
core   0: 3 0x8001147e (0x00002f17) x30 0x8001347e
core   0: 0x80011482 (0xb83f2123) sw      gp, -1150(t5)
core   0: 3 0x80011482 (0xb83f2123) mem 0x80013000 0x00000001
core   0: 0x80011486 (0x0000bfe5) c.j     pc - 8
core   0: 3 0x80011486 (0xbfe5)
core   0: 0x8001147e (0x00002f17) auipc   t5, 0x2
core   0: 3 0x8001147e (0x00002f17) x30 0x8001347e
core   0: 0x80011482 (0xb83f2123) sw      gp, -1150(t5)
core   0: 3 0x80011482 (0xb83f2123) mem 0x80013000 0x00000001
core   0: 0x80011486 (0x0000bfe5) c.j     pc - 8
core   0: 3 0x80011486 (0xbfe5)
core   0: 0x8001147e (0x00002f17) auipc   t5, 0x2
core   0: 3 0x8001147e (0x00002f17) x30 0x8001347e
core   0: 0x80011482 (0xb83f2123) sw      gp, -1150(t5)
core   0: 3 0x80011482 (0xb83f2123) mem 0x80013000 0x00000001
core   0: 0x80011486 (0x0000bfe5) c.j     pc - 8
core   0: 3 0x80011486 (0xbfe5)
core   0: 0x8001147e (0x00002f17) auipc   t5, 0x2
core   0: 3 0x8001147e (0x00002f17) x30 0x8001347e
core   0: 0x80011482 (0xb83f2123) sw      gp, -1150(t5)
core   0: 3 0x80011482 (0xb83f2123) mem 0x80013000 0x00000001
core   0: 0x80011486 (0x0000bfe5) c.j     pc - 8
core   0: 3 0x80011486 (0xbfe5)
core   0: 0x8001147e (0x00002f17) auipc   t5, 0x2
core   0: 3 0x8001147e (0x00002f17) x30 0x8001347e
core   0: 0x80011482 (0xb83f2123) sw      gp, -1150(t5)
core   0: 3 0x80011482 (0xb83f2123) mem 0x80013000 0x00000001
core   0: 0x80011486 (0x0000bfe5) c.j     pc - 8
core   0: 3 0x80011486 (0xbfe5)
core   0: 0x8001147e (0x00002f17) auipc   t5, 0x2
core   0: 3 0x8001147e (0x00002f17) x30 0x8001347e
core   0: 0x80011482 (0xb83f2123) sw      gp, -1150(t5)
core   0: 3 0x80011482 (0xb83f2123) mem 0x80013000 0x00000001
core   0: 0x80011486 (0x0000bfe5) c.j     pc - 8
core   0: 3 0x80011486 (0xbfe5)
core   0: 0x8001147e (0x00002f17) auipc   t5, 0x2
core   0: 3 0x8001147e (0x00002f17) x30 0x8001347e
core   0: 0x80011482 (0xb83f2123) sw      gp, -1150(t5)
core   0: 3 0x80011482 (0xb83f2123) mem 0x80013000 0x00000001
core   0: 0x80011486 (0x0000bfe5) c.j     pc - 8
core   0: 3 0x80011486 (0xbfe5)
core   0: 0x8001147e (0x00002f17) auipc   t5, 0x2
core   0: 3 0x8001147e (0x00002f17) x30 0x8001347e
core   0: 0x80011482 (0xb83f2123) sw      gp, -1150(t5)
core   0: 3 0x80011482 (0xb83f2123) mem 0x80013000 0x00000001
core   0: 0x80011486 (0x0000bfe5) c.j     pc - 8
core   0: 3 0x80011486 (0xbfe5)
core   0: 0x8001147e (0x00002f17) auipc   t5, 0x2
core   0: 3 0x8001147e (0x00002f17) x30 0x8001347e
core   0: 0x80011482 (0xb83f2123) sw      gp, -1150(t5)
core   0: 3 0x80011482 (0xb83f2123) mem 0x80013000 0x00000001
core   0: 0x80011486 (0x0000bfe5) c.j     pc - 8
core   0: 3 0x80011486 (0xbfe5)
core   0: 0x8001147e (0x00002f17) auipc   t5, 0x2
core   0: 3 0x8001147e (0x00002f17) x30 0x8001347e
core   0: 0x80011482 (0xb83f2123) sw      gp, -1150(t5)
core   0: 3 0x80011482 (0xb83f2123) mem 0x80013000 0x00000001
core   0: 0x80011486 (0x0000bfe5) c.j     pc - 8
core   0: 3 0x80011486 (0xbfe5)
core   0: 0x8001147e (0x00002f17) auipc   t5, 0x2
core   0: 3 0x8001147e (0x00002f17) x30 0x8001347e
core   0: 0x80011482 (0xb83f2123) sw      gp, -1150(t5)
core   0: 3 0x80011482 (0xb83f2123) mem 0x80013000 0x00000001
core   0: 0x80011486 (0x0000bfe5) c.j     pc - 8
core   0: 3 0x80011486 (0xbfe5)
core   0: 0x8001147e (0x00002f17) auipc   t5, 0x2
core   0: 3 0x8001147e (0x00002f17) x30 0x8001347e
core   0: 0x80011482 (0xb83f2123) sw      gp, -1150(t5)
core   0: 3 0x80011482 (0xb83f2123) mem 0x80013000 0x00000001
core   0: 0x80011486 (0x0000bfe5) c.j     pc - 8
core   0: 3 0x80011486 (0xbfe5)
core   0: 0x8001147e (0x00002f17) auipc   t5, 0x2
core   0: 3 0x8001147e (0x00002f17) x30 0x8001347e
core   0: 0x80011482 (0xb83f2123) sw      gp, -1150(t5)
core   0: 3 0x80011482 (0xb83f2123) mem 0x80013000 0x00000001
core   0: 0x80011486 (0x0000bfe5) c.j     pc - 8
core   0: 3 0x80011486 (0xbfe5)
core   0: 0x8001147e (0x00002f17) auipc   t5, 0x2
core   0: 3 0x8001147e (0x00002f17) x30 0x8001347e
core   0: 0x80011482 (0xb83f2123) sw      gp, -1150(t5)
core   0: 3 0x80011482 (0xb83f2123) mem 0x80013000 0x00000001
core   0: 0x80011486 (0x0000bfe5) c.j     pc - 8
core   0: 3 0x80011486 (0xbfe5)
core   0: 0x8001147e (0x00002f17) auipc   t5, 0x2
core   0: 3 0x8001147e (0x00002f17) x30 0x8001347e
core   0: 0x80011482 (0xb83f2123) sw      gp, -1150(t5)
core   0: 3 0x80011482 (0xb83f2123) mem 0x80013000 0x00000001
core   0: 0x80011486 (0x0000bfe5) c.j     pc - 8
core   0: 3 0x80011486 (0xbfe5)
core   0: 0x8001147e (0x00002f17) auipc   t5, 0x2
core   0: 3 0x8001147e (0x00002f17) x30 0x8001347e
core   0: 0x80011482 (0xb83f2123) sw      gp, -1150(t5)
core   0: 3 0x80011482 (0xb83f2123) mem 0x80013000 0x00000001
core   0: 0x80011486 (0x0000bfe5) c.j     pc - 8
core   0: 3 0x80011486 (0xbfe5)
core   0: 0x8001147e (0x00002f17) auipc   t5, 0x2
core   0: 3 0x8001147e (0x00002f17) x30 0x8001347e
core   0: 0x80011482 (0xb83f2123) sw      gp, -1150(t5)
core   0: 3 0x80011482 (0xb83f2123) mem 0x80013000 0x00000001
core   0: 0x80011486 (0x0000bfe5) c.j     pc - 8
core   0: 3 0x80011486 (0xbfe5)
core   0: 0x8001147e (0x00002f17) auipc   t5, 0x2
core   0: 3 0x8001147e (0x00002f17) x30 0x8001347e
core   0: 0x80011482 (0xb83f2123) sw      gp, -1150(t5)
core   0: 3 0x80011482 (0xb83f2123) mem 0x80013000 0x00000001
core   0: 0x80011486 (0x0000bfe5) c.j     pc - 8
core   0: 3 0x80011486 (0xbfe5)
core   0: 0x8001147e (0x00002f17) auipc   t5, 0x2
core   0: 3 0x8001147e (0x00002f17) x30 0x8001347e
core   0: 0x80011482 (0xb83f2123) sw      gp, -1150(t5)
core   0: 3 0x80011482 (0xb83f2123) mem 0x80013000 0x00000001
core   0: 0x80011486 (0x0000bfe5) c.j     pc - 8
core   0: 3 0x80011486 (0xbfe5)
core   0: 0x8001147e (0x00002f17) auipc   t5, 0x2
core   0: 3 0x8001147e (0x00002f17) x30 0x8001347e
core   0: 0x80011482 (0xb83f2123) sw      gp, -1150(t5)
core   0: 3 0x80011482 (0xb83f2123) mem 0x80013000 0x00000001
core   0: 0x80011486 (0x0000bfe5) c.j     pc - 8
core   0: 3 0x80011486 (0xbfe5)
core   0: 0x8001147e (0x00002f17) auipc   t5, 0x2
core   0: 3 0x8001147e (0x00002f17) x30 0x8001347e
core   0: 0x80011482 (0xb83f2123) sw      gp, -1150(t5)
core   0: 3 0x80011482 (0xb83f2123) mem 0x80013000 0x00000001
core   0: 0x80011486 (0x0000bfe5) c.j     pc - 8
core   0: 3 0x80011486 (0xbfe5)
core   0: 0x8001147e (0x00002f17) auipc   t5, 0x2
core   0: 3 0x8001147e (0x00002f17) x30 0x8001347e
core   0: 0x80011482 (0xb83f2123) sw      gp, -1150(t5)
core   0: 3 0x80011482 (0xb83f2123) mem 0x80013000 0x00000001
core   0: 0x80011486 (0x0000bfe5) c.j     pc - 8
core   0: 3 0x80011486 (0xbfe5)
core   0: 0x8001147e (0x00002f17) auipc   t5, 0x2
core   0: 3 0x8001147e (0x00002f17) x30 0x8001347e
core   0: 0x80011482 (0xb83f2123) sw      gp, -1150(t5)
core   0: 3 0x80011482 (0xb83f2123) mem 0x80013000 0x00000001
core   0: 0x80011486 (0x0000bfe5) c.j     pc - 8
core   0: 3 0x80011486 (0xbfe5)
core   0: 0x8001147e (0x00002f17) auipc   t5, 0x2
core   0: 3 0x8001147e (0x00002f17) x30 0x8001347e
core   0: 0x80011482 (0xb83f2123) sw      gp, -1150(t5)
core   0: 3 0x80011482 (0xb83f2123) mem 0x80013000 0x00000001
core   0: 0x80011486 (0x0000bfe5) c.j     pc - 8
core   0: 3 0x80011486 (0xbfe5)
core   0: 0x8001147e (0x00002f17) auipc   t5, 0x2
core   0: 3 0x8001147e (0x00002f17) x30 0x8001347e
core   0: 0x80011482 (0xb83f2123) sw      gp, -1150(t5)
core   0: 3 0x80011482 (0xb83f2123) mem 0x80013000 0x00000001
core   0: 0x80011486 (0x0000bfe5) c.j     pc - 8
core   0: 3 0x80011486 (0xbfe5)
core   0: 0x8001147e (0x00002f17) auipc   t5, 0x2
core   0: 3 0x8001147e (0x00002f17) x30 0x8001347e
core   0: 0x80011482 (0xb83f2123) sw      gp, -1150(t5)
core   0: 3 0x80011482 (0xb83f2123) mem 0x80013000 0x00000001
core   0: 0x80011486 (0x0000bfe5) c.j     pc - 8
core   0: 3 0x80011486 (0xbfe5)
core   0: 0x8001147e (0x00002f17) auipc   t5, 0x2
core   0: 3 0x8001147e (0x00002f17) x30 0x8001347e
core   0: 0x80011482 (0xb83f2123) sw      gp, -1150(t5)
core   0: 3 0x80011482 (0xb83f2123) mem 0x80013000 0x00000001
core   0: 0x80011486 (0x0000bfe5) c.j     pc - 8
core   0: 3 0x80011486 (0xbfe5)
core   0: 0x8001147e (0x00002f17) auipc   t5, 0x2
core   0: 3 0x8001147e (0x00002f17) x30 0x8001347e
core   0: 0x80011482 (0xb83f2123) sw      gp, -1150(t5)
core   0: 3 0x80011482 (0xb83f2123) mem 0x80013000 0x00000001
core   0: 0x80011486 (0x0000bfe5) c.j     pc - 8
core   0: 3 0x80011486 (0xbfe5)
core   0: 0x8001147e (0x00002f17) auipc   t5, 0x2
core   0: 3 0x8001147e (0x00002f17) x30 0x8001347e
core   0: 0x80011482 (0xb83f2123) sw      gp, -1150(t5)
core   0: 3 0x80011482 (0xb83f2123) mem 0x80013000 0x00000001
core   0: 0x80011486 (0x0000bfe5) c.j     pc - 8
core   0: 3 0x80011486 (0xbfe5)
core   0: 0x8001147e (0x00002f17) auipc   t5, 0x2
core   0: 3 0x8001147e (0x00002f17) x30 0x8001347e
core   0: 0x80011482 (0xb83f2123) sw      gp, -1150(t5)
core   0: 3 0x80011482 (0xb83f2123) mem 0x80013000 0x00000001
core   0: 0x80011486 (0x0000bfe5) c.j     pc - 8
core   0: 3 0x80011486 (0xbfe5)
core   0: 0x8001147e (0x00002f17) auipc   t5, 0x2
core   0: 3 0x8001147e (0x00002f17) x30 0x8001347e
core   0: 0x80011482 (0xb83f2123) sw      gp, -1150(t5)
core   0: 3 0x80011482 (0xb83f2123) mem 0x80013000 0x00000001
core   0: 0x80011486 (0x0000bfe5) c.j     pc - 8
core   0: 3 0x80011486 (0xbfe5)
core   0: 0x8001147e (0x00002f17) auipc   t5, 0x2
core   0: 3 0x8001147e (0x00002f17) x30 0x8001347e
core   0: 0x80011482 (0xb83f2123) sw      gp, -1150(t5)
core   0: 3 0x80011482 (0xb83f2123) mem 0x80013000 0x00000001
core   0: 0x80011486 (0x0000bfe5) c.j     pc - 8
core   0: 3 0x80011486 (0xbfe5)
core   0: 0x8001147e (0x00002f17) auipc   t5, 0x2
core   0: 3 0x8001147e (0x00002f17) x30 0x8001347e
core   0: 0x80011482 (0xb83f2123) sw      gp, -1150(t5)
core   0: 3 0x80011482 (0xb83f2123) mem 0x80013000 0x00000001
core   0: 0x80011486 (0x0000bfe5) c.j     pc - 8
core   0: 3 0x80011486 (0xbfe5)
core   0: 0x8001147e (0x00002f17) auipc   t5, 0x2
core   0: 3 0x8001147e (0x00002f17) x30 0x8001347e
core   0: 0x80011482 (0xb83f2123) sw      gp, -1150(t5)
core   0: 3 0x80011482 (0xb83f2123) mem 0x80013000 0x00000001
core   0: 0x80011486 (0x0000bfe5) c.j     pc - 8
core   0: 3 0x80011486 (0xbfe5)
core   0: 0x8001147e (0x00002f17) auipc   t5, 0x2
core   0: 3 0x8001147e (0x00002f17) x30 0x8001347e
core   0: 0x80011482 (0xb83f2123) sw      gp, -1150(t5)
core   0: 3 0x80011482 (0xb83f2123) mem 0x80013000 0x00000001
core   0: 0x80011486 (0x0000bfe5) c.j     pc - 8
core   0: 3 0x80011486 (0xbfe5)
core   0: 0x8001147e (0x00002f17) auipc   t5, 0x2
core   0: 3 0x8001147e (0x00002f17) x30 0x8001347e
core   0: 0x80011482 (0xb83f2123) sw      gp, -1150(t5)
core   0: 3 0x80011482 (0xb83f2123) mem 0x80013000 0x00000001
core   0: 0x80011486 (0x0000bfe5) c.j     pc - 8
core   0: 3 0x80011486 (0xbfe5)
core   0: 0x8001147e (0x00002f17) auipc   t5, 0x2
core   0: 3 0x8001147e (0x00002f17) x30 0x8001347e
core   0: 0x80011482 (0xb83f2123) sw      gp, -1150(t5)
core   0: 3 0x80011482 (0xb83f2123) mem 0x80013000 0x00000001
core   0: 0x80011486 (0x0000bfe5) c.j     pc - 8
core   0: 3 0x80011486 (0xbfe5)
core   0: 0x8001147e (0x00002f17) auipc   t5, 0x2
core   0: 3 0x8001147e (0x00002f17) x30 0x8001347e
core   0: 0x80011482 (0xb83f2123) sw      gp, -1150(t5)
core   0: 3 0x80011482 (0xb83f2123) mem 0x80013000 0x00000001
core   0: 0x80011486 (0x0000bfe5) c.j     pc - 8
core   0: 3 0x80011486 (0xbfe5)
core   0: 0x8001147e (0x00002f17) auipc   t5, 0x2
core   0: 3 0x8001147e (0x00002f17) x30 0x8001347e
core   0: 0x80011482 (0xb83f2123) sw      gp, -1150(t5)
core   0: 3 0x80011482 (0xb83f2123) mem 0x80013000 0x00000001
core   0: 0x80011486 (0x0000bfe5) c.j     pc - 8
core   0: 3 0x80011486 (0xbfe5)
core   0: 0x8001147e (0x00002f17) auipc   t5, 0x2
core   0: 3 0x8001147e (0x00002f17) x30 0x8001347e
core   0: 0x80011482 (0xb83f2123) sw      gp, -1150(t5)
core   0: 3 0x80011482 (0xb83f2123) mem 0x80013000 0x00000001
core   0: 0x80011486 (0x0000bfe5) c.j     pc - 8
core   0: 3 0x80011486 (0xbfe5)
core   0: 0x8001147e (0x00002f17) auipc   t5, 0x2
core   0: 3 0x8001147e (0x00002f17) x30 0x8001347e
core   0: 0x80011482 (0xb83f2123) sw      gp, -1150(t5)
core   0: 3 0x80011482 (0xb83f2123) mem 0x80013000 0x00000001
core   0: 0x80011486 (0x0000bfe5) c.j     pc - 8
core   0: 3 0x80011486 (0xbfe5)
core   0: 0x8001147e (0x00002f17) auipc   t5, 0x2
core   0: 3 0x8001147e (0x00002f17) x30 0x8001347e
core   0: 0x80011482 (0xb83f2123) sw      gp, -1150(t5)
core   0: 3 0x80011482 (0xb83f2123) mem 0x80013000 0x00000001
core   0: 0x80011486 (0x0000bfe5) c.j     pc - 8
core   0: 3 0x80011486 (0xbfe5)
core   0: 0x8001147e (0x00002f17) auipc   t5, 0x2
core   0: 3 0x8001147e (0x00002f17) x30 0x8001347e
core   0: 0x80011482 (0xb83f2123) sw      gp, -1150(t5)
core   0: 3 0x80011482 (0xb83f2123) mem 0x80013000 0x00000001
core   0: 0x80011486 (0x0000bfe5) c.j     pc - 8
core   0: 3 0x80011486 (0xbfe5)
core   0: 0x8001147e (0x00002f17) auipc   t5, 0x2
core   0: 3 0x8001147e (0x00002f17) x30 0x8001347e
core   0: 0x80011482 (0xb83f2123) sw      gp, -1150(t5)
core   0: 3 0x80011482 (0xb83f2123) mem 0x80013000 0x00000001
core   0: 0x80011486 (0x0000bfe5) c.j     pc - 8
core   0: 3 0x80011486 (0xbfe5)
core   0: 0x8001147e (0x00002f17) auipc   t5, 0x2
core   0: 3 0x8001147e (0x00002f17) x30 0x8001347e
core   0: 0x80011482 (0xb83f2123) sw      gp, -1150(t5)
core   0: 3 0x80011482 (0xb83f2123) mem 0x80013000 0x00000001
core   0: 0x80011486 (0x0000bfe5) c.j     pc - 8
core   0: 3 0x80011486 (0xbfe5)
core   0: 0x8001147e (0x00002f17) auipc   t5, 0x2
core   0: 3 0x8001147e (0x00002f17) x30 0x8001347e
core   0: 0x80011482 (0xb83f2123) sw      gp, -1150(t5)
core   0: 3 0x80011482 (0xb83f2123) mem 0x80013000 0x00000001
core   0: 0x80011486 (0x0000bfe5) c.j     pc - 8
core   0: 3 0x80011486 (0xbfe5)
core   0: 0x8001147e (0x00002f17) auipc   t5, 0x2
core   0: 3 0x8001147e (0x00002f17) x30 0x8001347e
core   0: 0x80011482 (0xb83f2123) sw      gp, -1150(t5)
core   0: 3 0x80011482 (0xb83f2123) mem 0x80013000 0x00000001
core   0: 0x80011486 (0x0000bfe5) c.j     pc - 8
core   0: 3 0x80011486 (0xbfe5)
core   0: 0x8001147e (0x00002f17) auipc   t5, 0x2
core   0: 3 0x8001147e (0x00002f17) x30 0x8001347e
core   0: 0x80011482 (0xb83f2123) sw      gp, -1150(t5)
core   0: 3 0x80011482 (0xb83f2123) mem 0x80013000 0x00000001
core   0: 0x80011486 (0x0000bfe5) c.j     pc - 8
core   0: 3 0x80011486 (0xbfe5)
core   0: 0x8001147e (0x00002f17) auipc   t5, 0x2
core   0: 3 0x8001147e (0x00002f17) x30 0x8001347e
core   0: 0x80011482 (0xb83f2123) sw      gp, -1150(t5)
core   0: 3 0x80011482 (0xb83f2123) mem 0x80013000 0x00000001
core   0: 0x80011486 (0x0000bfe5) c.j     pc - 8
core   0: 3 0x80011486 (0xbfe5)
core   0: 0x8001147e (0x00002f17) auipc   t5, 0x2
core   0: 3 0x8001147e (0x00002f17) x30 0x8001347e
core   0: 0x80011482 (0xb83f2123) sw      gp, -1150(t5)
core   0: 3 0x80011482 (0xb83f2123) mem 0x80013000 0x00000001
core   0: 0x80011486 (0x0000bfe5) c.j     pc - 8
core   0: 3 0x80011486 (0xbfe5)
core   0: 0x8001147e (0x00002f17) auipc   t5, 0x2
core   0: 3 0x8001147e (0x00002f17) x30 0x8001347e
core   0: 0x80011482 (0xb83f2123) sw      gp, -1150(t5)
core   0: 3 0x80011482 (0xb83f2123) mem 0x80013000 0x00000001
core   0: 0x80011486 (0x0000bfe5) c.j     pc - 8
core   0: 3 0x80011486 (0xbfe5)
core   0: 0x8001147e (0x00002f17) auipc   t5, 0x2
core   0: 3 0x8001147e (0x00002f17) x30 0x8001347e
core   0: 0x80011482 (0xb83f2123) sw      gp, -1150(t5)
core   0: 3 0x80011482 (0xb83f2123) mem 0x80013000 0x00000001
core   0: 0x80011486 (0x0000bfe5) c.j     pc - 8
core   0: 3 0x80011486 (0xbfe5)
core   0: 0x8001147e (0x00002f17) auipc   t5, 0x2
core   0: 3 0x8001147e (0x00002f17) x30 0x8001347e
core   0: 0x80011482 (0xb83f2123) sw      gp, -1150(t5)
core   0: 3 0x80011482 (0xb83f2123) mem 0x80013000 0x00000001
core   0: 0x80011486 (0x0000bfe5) c.j     pc - 8
core   0: 3 0x80011486 (0xbfe5)
core   0: 0x8001147e (0x00002f17) auipc   t5, 0x2
core   0: 3 0x8001147e (0x00002f17) x30 0x8001347e
core   0: 0x80011482 (0xb83f2123) sw      gp, -1150(t5)
core   0: 3 0x80011482 (0xb83f2123) mem 0x80013000 0x00000001
core   0: 0x80011486 (0x0000bfe5) c.j     pc - 8
core   0: 3 0x80011486 (0xbfe5)
core   0: 0x8001147e (0x00002f17) auipc   t5, 0x2
core   0: 3 0x8001147e (0x00002f17) x30 0x8001347e
core   0: 0x80011482 (0xb83f2123) sw      gp, -1150(t5)
core   0: 3 0x80011482 (0xb83f2123) mem 0x80013000 0x00000001
core   0: 0x80011486 (0x0000bfe5) c.j     pc - 8
core   0: 3 0x80011486 (0xbfe5)
core   0: 0x8001147e (0x00002f17) auipc   t5, 0x2
core   0: 3 0x8001147e (0x00002f17) x30 0x8001347e
core   0: 0x80011482 (0xb83f2123) sw      gp, -1150(t5)
core   0: 3 0x80011482 (0xb83f2123) mem 0x80013000 0x00000001
core   0: 0x80011486 (0x0000bfe5) c.j     pc - 8
core   0: 3 0x80011486 (0xbfe5)
core   0: 0x8001147e (0x00002f17) auipc   t5, 0x2
core   0: 3 0x8001147e (0x00002f17) x30 0x8001347e
core   0: 0x80011482 (0xb83f2123) sw      gp, -1150(t5)
core   0: 3 0x80011482 (0xb83f2123) mem 0x80013000 0x00000001
core   0: 0x80011486 (0x0000bfe5) c.j     pc - 8
core   0: 3 0x80011486 (0xbfe5)
core   0: 0x8001147e (0x00002f17) auipc   t5, 0x2
core   0: 3 0x8001147e (0x00002f17) x30 0x8001347e
core   0: 0x80011482 (0xb83f2123) sw      gp, -1150(t5)
core   0: 3 0x80011482 (0xb83f2123) mem 0x80013000 0x00000001
core   0: 0x80011486 (0x0000bfe5) c.j     pc - 8
core   0: 3 0x80011486 (0xbfe5)
core   0: 0x8001147e (0x00002f17) auipc   t5, 0x2
core   0: 3 0x8001147e (0x00002f17) x30 0x8001347e
core   0: 0x80011482 (0xb83f2123) sw      gp, -1150(t5)
core   0: 3 0x80011482 (0xb83f2123) mem 0x80013000 0x00000001
core   0: 0x80011486 (0x0000bfe5) c.j     pc - 8
core   0: 3 0x80011486 (0xbfe5)
core   0: 0x8001147e (0x00002f17) auipc   t5, 0x2
core   0: 3 0x8001147e (0x00002f17) x30 0x8001347e
core   0: 0x80011482 (0xb83f2123) sw      gp, -1150(t5)
core   0: 3 0x80011482 (0xb83f2123) mem 0x80013000 0x00000001
core   0: 0x80011486 (0x0000bfe5) c.j     pc - 8
core   0: 3 0x80011486 (0xbfe5)
core   0: 0x8001147e (0x00002f17) auipc   t5, 0x2
core   0: 3 0x8001147e (0x00002f17) x30 0x8001347e
core   0: 0x80011482 (0xb83f2123) sw      gp, -1150(t5)
core   0: 3 0x80011482 (0xb83f2123) mem 0x80013000 0x00000001
core   0: 0x80011486 (0x0000bfe5) c.j     pc - 8
core   0: 3 0x80011486 (0xbfe5)
core   0: 0x8001147e (0x00002f17) auipc   t5, 0x2
core   0: 3 0x8001147e (0x00002f17) x30 0x8001347e
core   0: 0x80011482 (0xb83f2123) sw      gp, -1150(t5)
core   0: 3 0x80011482 (0xb83f2123) mem 0x80013000 0x00000001
core   0: 0x80011486 (0x0000bfe5) c.j     pc - 8
core   0: 3 0x80011486 (0xbfe5)
core   0: 0x8001147e (0x00002f17) auipc   t5, 0x2
core   0: 3 0x8001147e (0x00002f17) x30 0x8001347e
core   0: 0x80011482 (0xb83f2123) sw      gp, -1150(t5)
core   0: 3 0x80011482 (0xb83f2123) mem 0x80013000 0x00000001
core   0: 0x80011486 (0x0000bfe5) c.j     pc - 8
core   0: 3 0x80011486 (0xbfe5)
core   0: 0x8001147e (0x00002f17) auipc   t5, 0x2
core   0: 3 0x8001147e (0x00002f17) x30 0x8001347e
core   0: 0x80011482 (0xb83f2123) sw      gp, -1150(t5)
core   0: 3 0x80011482 (0xb83f2123) mem 0x80013000 0x00000001
core   0: 0x80011486 (0x0000bfe5) c.j     pc - 8
core   0: 3 0x80011486 (0xbfe5)
core   0: 0x8001147e (0x00002f17) auipc   t5, 0x2
core   0: 3 0x8001147e (0x00002f17) x30 0x8001347e
core   0: 0x80011482 (0xb83f2123) sw      gp, -1150(t5)
core   0: 3 0x80011482 (0xb83f2123) mem 0x80013000 0x00000001
core   0: 0x80011486 (0x0000bfe5) c.j     pc - 8
core   0: 3 0x80011486 (0xbfe5)
core   0: 0x8001147e (0x00002f17) auipc   t5, 0x2
core   0: 3 0x8001147e (0x00002f17) x30 0x8001347e
core   0: 0x80011482 (0xb83f2123) sw      gp, -1150(t5)
core   0: 3 0x80011482 (0xb83f2123) mem 0x80013000 0x00000001
core   0: 0x80011486 (0x0000bfe5) c.j     pc - 8
core   0: 3 0x80011486 (0xbfe5)
core   0: 0x8001147e (0x00002f17) auipc   t5, 0x2
core   0: 3 0x8001147e (0x00002f17) x30 0x8001347e
core   0: 0x80011482 (0xb83f2123) sw      gp, -1150(t5)
core   0: 3 0x80011482 (0xb83f2123) mem 0x80013000 0x00000001
core   0: 0x80011486 (0x0000bfe5) c.j     pc - 8
core   0: 3 0x80011486 (0xbfe5)
core   0: 0x8001147e (0x00002f17) auipc   t5, 0x2
core   0: 3 0x8001147e (0x00002f17) x30 0x8001347e
core   0: 0x80011482 (0xb83f2123) sw      gp, -1150(t5)
core   0: 3 0x80011482 (0xb83f2123) mem 0x80013000 0x00000001
core   0: 0x80011486 (0x0000bfe5) c.j     pc - 8
core   0: 3 0x80011486 (0xbfe5)
core   0: 0x8001147e (0x00002f17) auipc   t5, 0x2
core   0: 3 0x8001147e (0x00002f17) x30 0x8001347e
core   0: 0x80011482 (0xb83f2123) sw      gp, -1150(t5)
core   0: 3 0x80011482 (0xb83f2123) mem 0x80013000 0x00000001
core   0: 0x80011486 (0x0000bfe5) c.j     pc - 8
core   0: 3 0x80011486 (0xbfe5)
core   0: 0x8001147e (0x00002f17) auipc   t5, 0x2
core   0: 3 0x8001147e (0x00002f17) x30 0x8001347e
core   0: 0x80011482 (0xb83f2123) sw      gp, -1150(t5)
core   0: 3 0x80011482 (0xb83f2123) mem 0x80013000 0x00000001
core   0: 0x80011486 (0x0000bfe5) c.j     pc - 8
core   0: 3 0x80011486 (0xbfe5)
core   0: 0x8001147e (0x00002f17) auipc   t5, 0x2
core   0: 3 0x8001147e (0x00002f17) x30 0x8001347e
core   0: 0x80011482 (0xb83f2123) sw      gp, -1150(t5)
core   0: 3 0x80011482 (0xb83f2123) mem 0x80013000 0x00000001
core   0: 0x80011486 (0x0000bfe5) c.j     pc - 8
core   0: 3 0x80011486 (0xbfe5)
core   0: 0x8001147e (0x00002f17) auipc   t5, 0x2
core   0: 3 0x8001147e (0x00002f17) x30 0x8001347e
core   0: 0x80011482 (0xb83f2123) sw      gp, -1150(t5)
core   0: 3 0x80011482 (0xb83f2123) mem 0x80013000 0x00000001
core   0: 0x80011486 (0x0000bfe5) c.j     pc - 8
core   0: 3 0x80011486 (0xbfe5)
core   0: 0x8001147e (0x00002f17) auipc   t5, 0x2
core   0: 3 0x8001147e (0x00002f17) x30 0x8001347e
core   0: 0x80011482 (0xb83f2123) sw      gp, -1150(t5)
core   0: 3 0x80011482 (0xb83f2123) mem 0x80013000 0x00000001
core   0: 0x80011486 (0x0000bfe5) c.j     pc - 8
core   0: 3 0x80011486 (0xbfe5)
core   0: 0x8001147e (0x00002f17) auipc   t5, 0x2
core   0: 3 0x8001147e (0x00002f17) x30 0x8001347e
core   0: 0x80011482 (0xb83f2123) sw      gp, -1150(t5)
core   0: 3 0x80011482 (0xb83f2123) mem 0x80013000 0x00000001
core   0: 0x80011486 (0x0000bfe5) c.j     pc - 8
core   0: 3 0x80011486 (0xbfe5)
core   0: 0x8001147e (0x00002f17) auipc   t5, 0x2
core   0: 3 0x8001147e (0x00002f17) x30 0x8001347e
core   0: 0x80011482 (0xb83f2123) sw      gp, -1150(t5)
core   0: 3 0x80011482 (0xb83f2123) mem 0x80013000 0x00000001
core   0: 0x80011486 (0x0000bfe5) c.j     pc - 8
core   0: 3 0x80011486 (0xbfe5)
core   0: 0x8001147e (0x00002f17) auipc   t5, 0x2
core   0: 3 0x8001147e (0x00002f17) x30 0x8001347e
core   0: 0x80011482 (0xb83f2123) sw      gp, -1150(t5)
core   0: 3 0x80011482 (0xb83f2123) mem 0x80013000 0x00000001
core   0: 0x80011486 (0x0000bfe5) c.j     pc - 8
core   0: 3 0x80011486 (0xbfe5)
core   0: 0x8001147e (0x00002f17) auipc   t5, 0x2
core   0: 3 0x8001147e (0x00002f17) x30 0x8001347e
core   0: 0x80011482 (0xb83f2123) sw      gp, -1150(t5)
core   0: 3 0x80011482 (0xb83f2123) mem 0x80013000 0x00000001
core   0: 0x80011486 (0x0000bfe5) c.j     pc - 8
core   0: 3 0x80011486 (0xbfe5)
core   0: 0x8001147e (0x00002f17) auipc   t5, 0x2
core   0: 3 0x8001147e (0x00002f17) x30 0x8001347e
core   0: 0x80011482 (0xb83f2123) sw      gp, -1150(t5)
core   0: 3 0x80011482 (0xb83f2123) mem 0x80013000 0x00000001
core   0: 0x80011486 (0x0000bfe5) c.j     pc - 8
core   0: 3 0x80011486 (0xbfe5)
core   0: 0x8001147e (0x00002f17) auipc   t5, 0x2
core   0: 3 0x8001147e (0x00002f17) x30 0x8001347e
core   0: 0x80011482 (0xb83f2123) sw      gp, -1150(t5)
core   0: 3 0x80011482 (0xb83f2123) mem 0x80013000 0x00000001
core   0: 0x80011486 (0x0000bfe5) c.j     pc - 8
core   0: 3 0x80011486 (0xbfe5)
core   0: 0x8001147e (0x00002f17) auipc   t5, 0x2
core   0: 3 0x8001147e (0x00002f17) x30 0x8001347e
core   0: 0x80011482 (0xb83f2123) sw      gp, -1150(t5)
core   0: 3 0x80011482 (0xb83f2123) mem 0x80013000 0x00000001
core   0: 0x80011486 (0x0000bfe5) c.j     pc - 8
core   0: 3 0x80011486 (0xbfe5)
core   0: 0x8001147e (0x00002f17) auipc   t5, 0x2
core   0: 3 0x8001147e (0x00002f17) x30 0x8001347e
core   0: 0x80011482 (0xb83f2123) sw      gp, -1150(t5)
core   0: 3 0x80011482 (0xb83f2123) mem 0x80013000 0x00000001
core   0: 0x80011486 (0x0000bfe5) c.j     pc - 8
core   0: 3 0x80011486 (0xbfe5)
core   0: 0x8001147e (0x00002f17) auipc   t5, 0x2
core   0: 3 0x8001147e (0x00002f17) x30 0x8001347e
core   0: 0x80011482 (0xb83f2123) sw      gp, -1150(t5)
core   0: 3 0x80011482 (0xb83f2123) mem 0x80013000 0x00000001
core   0: 0x80011486 (0x0000bfe5) c.j     pc - 8
core   0: 3 0x80011486 (0xbfe5)
core   0: 0x8001147e (0x00002f17) auipc   t5, 0x2
core   0: 3 0x8001147e (0x00002f17) x30 0x8001347e
core   0: 0x80011482 (0xb83f2123) sw      gp, -1150(t5)
core   0: 3 0x80011482 (0xb83f2123) mem 0x80013000 0x00000001
core   0: 0x80011486 (0x0000bfe5) c.j     pc - 8
core   0: 3 0x80011486 (0xbfe5)
core   0: 0x8001147e (0x00002f17) auipc   t5, 0x2
core   0: 3 0x8001147e (0x00002f17) x30 0x8001347e
core   0: 0x80011482 (0xb83f2123) sw      gp, -1150(t5)
core   0: 3 0x80011482 (0xb83f2123) mem 0x80013000 0x00000001
core   0: 0x80011486 (0x0000bfe5) c.j     pc - 8
core   0: 3 0x80011486 (0xbfe5)
core   0: 0x8001147e (0x00002f17) auipc   t5, 0x2
core   0: 3 0x8001147e (0x00002f17) x30 0x8001347e
core   0: 0x80011482 (0xb83f2123) sw      gp, -1150(t5)
core   0: 3 0x80011482 (0xb83f2123) mem 0x80013000 0x00000001
core   0: 0x80011486 (0x0000bfe5) c.j     pc - 8
core   0: 3 0x80011486 (0xbfe5)
core   0: 0x8001147e (0x00002f17) auipc   t5, 0x2
core   0: 3 0x8001147e (0x00002f17) x30 0x8001347e
core   0: 0x80011482 (0xb83f2123) sw      gp, -1150(t5)
core   0: 3 0x80011482 (0xb83f2123) mem 0x80013000 0x00000001
core   0: 0x80011486 (0x0000bfe5) c.j     pc - 8
core   0: 3 0x80011486 (0xbfe5)
core   0: 0x8001147e (0x00002f17) auipc   t5, 0x2
core   0: 3 0x8001147e (0x00002f17) x30 0x8001347e
core   0: 0x80011482 (0xb83f2123) sw      gp, -1150(t5)
core   0: 3 0x80011482 (0xb83f2123) mem 0x80013000 0x00000001
core   0: 0x80011486 (0x0000bfe5) c.j     pc - 8
core   0: 3 0x80011486 (0xbfe5)
core   0: 0x8001147e (0x00002f17) auipc   t5, 0x2
core   0: 3 0x8001147e (0x00002f17) x30 0x8001347e
core   0: 0x80011482 (0xb83f2123) sw      gp, -1150(t5)
core   0: 3 0x80011482 (0xb83f2123) mem 0x80013000 0x00000001
core   0: 0x80011486 (0x0000bfe5) c.j     pc - 8
core   0: 3 0x80011486 (0xbfe5)
core   0: 0x8001147e (0x00002f17) auipc   t5, 0x2
core   0: 3 0x8001147e (0x00002f17) x30 0x8001347e
core   0: 0x80011482 (0xb83f2123) sw      gp, -1150(t5)
core   0: 3 0x80011482 (0xb83f2123) mem 0x80013000 0x00000001
core   0: 0x80011486 (0x0000bfe5) c.j     pc - 8
core   0: 3 0x80011486 (0xbfe5)
core   0: 0x8001147e (0x00002f17) auipc   t5, 0x2
core   0: 3 0x8001147e (0x00002f17) x30 0x8001347e
core   0: 0x80011482 (0xb83f2123) sw      gp, -1150(t5)
core   0: 3 0x80011482 (0xb83f2123) mem 0x80013000 0x00000001
core   0: 0x80011486 (0x0000bfe5) c.j     pc - 8
core   0: 3 0x80011486 (0xbfe5)
core   0: 0x8001147e (0x00002f17) auipc   t5, 0x2
core   0: 3 0x8001147e (0x00002f17) x30 0x8001347e
core   0: 0x80011482 (0xb83f2123) sw      gp, -1150(t5)
core   0: 3 0x80011482 (0xb83f2123) mem 0x80013000 0x00000001
core   0: 0x80011486 (0x0000bfe5) c.j     pc - 8
core   0: 3 0x80011486 (0xbfe5)
core   0: 0x8001147e (0x00002f17) auipc   t5, 0x2
core   0: 3 0x8001147e (0x00002f17) x30 0x8001347e
core   0: 0x80011482 (0xb83f2123) sw      gp, -1150(t5)
core   0: 3 0x80011482 (0xb83f2123) mem 0x80013000 0x00000001
core   0: 0x80011486 (0x0000bfe5) c.j     pc - 8
core   0: 3 0x80011486 (0xbfe5)
core   0: 0x8001147e (0x00002f17) auipc   t5, 0x2
core   0: 3 0x8001147e (0x00002f17) x30 0x8001347e
core   0: 0x80011482 (0xb83f2123) sw      gp, -1150(t5)
core   0: 3 0x80011482 (0xb83f2123) mem 0x80013000 0x00000001
core   0: 0x80011486 (0x0000bfe5) c.j     pc - 8
core   0: 3 0x80011486 (0xbfe5)
core   0: 0x8001147e (0x00002f17) auipc   t5, 0x2
core   0: 3 0x8001147e (0x00002f17) x30 0x8001347e
core   0: 0x80011482 (0xb83f2123) sw      gp, -1150(t5)
core   0: 3 0x80011482 (0xb83f2123) mem 0x80013000 0x00000001
core   0: 0x80011486 (0x0000bfe5) c.j     pc - 8
core   0: 3 0x80011486 (0xbfe5)
core   0: 0x8001147e (0x00002f17) auipc   t5, 0x2
core   0: 3 0x8001147e (0x00002f17) x30 0x8001347e
core   0: 0x80011482 (0xb83f2123) sw      gp, -1150(t5)
core   0: 3 0x80011482 (0xb83f2123) mem 0x80013000 0x00000001
core   0: 0x80011486 (0x0000bfe5) c.j     pc - 8
core   0: 3 0x80011486 (0xbfe5)
core   0: 0x8001147e (0x00002f17) auipc   t5, 0x2
core   0: 3 0x8001147e (0x00002f17) x30 0x8001347e
core   0: 0x80011482 (0xb83f2123) sw      gp, -1150(t5)
core   0: 3 0x80011482 (0xb83f2123) mem 0x80013000 0x00000001
core   0: 0x80011486 (0x0000bfe5) c.j     pc - 8
core   0: 3 0x80011486 (0xbfe5)
core   0: 0x8001147e (0x00002f17) auipc   t5, 0x2
core   0: 3 0x8001147e (0x00002f17) x30 0x8001347e
core   0: 0x80011482 (0xb83f2123) sw      gp, -1150(t5)
core   0: 3 0x80011482 (0xb83f2123) mem 0x80013000 0x00000001
core   0: 0x80011486 (0x0000bfe5) c.j     pc - 8
core   0: 3 0x80011486 (0xbfe5)
core   0: 0x8001147e (0x00002f17) auipc   t5, 0x2
core   0: 3 0x8001147e (0x00002f17) x30 0x8001347e
core   0: 0x80011482 (0xb83f2123) sw      gp, -1150(t5)
core   0: 3 0x80011482 (0xb83f2123) mem 0x80013000 0x00000001
core   0: 0x80011486 (0x0000bfe5) c.j     pc - 8
core   0: 3 0x80011486 (0xbfe5)
core   0: 0x8001147e (0x00002f17) auipc   t5, 0x2
core   0: 3 0x8001147e (0x00002f17) x30 0x8001347e
core   0: 0x80011482 (0xb83f2123) sw      gp, -1150(t5)
core   0: 3 0x80011482 (0xb83f2123) mem 0x80013000 0x00000001
core   0: 0x80011486 (0x0000bfe5) c.j     pc - 8
core   0: 3 0x80011486 (0xbfe5)
core   0: 0x8001147e (0x00002f17) auipc   t5, 0x2
core   0: 3 0x8001147e (0x00002f17) x30 0x8001347e
core   0: 0x80011482 (0xb83f2123) sw      gp, -1150(t5)
core   0: 3 0x80011482 (0xb83f2123) mem 0x80013000 0x00000001
core   0: 0x80011486 (0x0000bfe5) c.j     pc - 8
core   0: 3 0x80011486 (0xbfe5)
core   0: 0x8001147e (0x00002f17) auipc   t5, 0x2
core   0: 3 0x8001147e (0x00002f17) x30 0x8001347e
core   0: 0x80011482 (0xb83f2123) sw      gp, -1150(t5)
core   0: 3 0x80011482 (0xb83f2123) mem 0x80013000 0x00000001
core   0: 0x80011486 (0x0000bfe5) c.j     pc - 8
core   0: 3 0x80011486 (0xbfe5)
core   0: 0x8001147e (0x00002f17) auipc   t5, 0x2
core   0: 3 0x8001147e (0x00002f17) x30 0x8001347e
core   0: 0x80011482 (0xb83f2123) sw      gp, -1150(t5)
core   0: 3 0x80011482 (0xb83f2123) mem 0x80013000 0x00000001
core   0: 0x80011486 (0x0000bfe5) c.j     pc - 8
core   0: 3 0x80011486 (0xbfe5)
core   0: 0x8001147e (0x00002f17) auipc   t5, 0x2
core   0: 3 0x8001147e (0x00002f17) x30 0x8001347e
core   0: 0x80011482 (0xb83f2123) sw      gp, -1150(t5)
core   0: 3 0x80011482 (0xb83f2123) mem 0x80013000 0x00000001
core   0: 0x80011486 (0x0000bfe5) c.j     pc - 8
core   0: 3 0x80011486 (0xbfe5)
core   0: 0x8001147e (0x00002f17) auipc   t5, 0x2
core   0: 3 0x8001147e (0x00002f17) x30 0x8001347e
core   0: 0x80011482 (0xb83f2123) sw      gp, -1150(t5)
core   0: 3 0x80011482 (0xb83f2123) mem 0x80013000 0x00000001
core   0: 0x80011486 (0x0000bfe5) c.j     pc - 8
core   0: 3 0x80011486 (0xbfe5)
core   0: 0x8001147e (0x00002f17) auipc   t5, 0x2
core   0: 3 0x8001147e (0x00002f17) x30 0x8001347e
core   0: 0x80011482 (0xb83f2123) sw      gp, -1150(t5)
core   0: 3 0x80011482 (0xb83f2123) mem 0x80013000 0x00000001
core   0: 0x80011486 (0x0000bfe5) c.j     pc - 8
core   0: 3 0x80011486 (0xbfe5)
core   0: 0x8001147e (0x00002f17) auipc   t5, 0x2
core   0: 3 0x8001147e (0x00002f17) x30 0x8001347e
core   0: 0x80011482 (0xb83f2123) sw      gp, -1150(t5)
core   0: 3 0x80011482 (0xb83f2123) mem 0x80013000 0x00000001
core   0: 0x80011486 (0x0000bfe5) c.j     pc - 8
core   0: 3 0x80011486 (0xbfe5)
core   0: 0x8001147e (0x00002f17) auipc   t5, 0x2
core   0: 3 0x8001147e (0x00002f17) x30 0x8001347e
core   0: 0x80011482 (0xb83f2123) sw      gp, -1150(t5)
core   0: 3 0x80011482 (0xb83f2123) mem 0x80013000 0x00000001
core   0: 0x80011486 (0x0000bfe5) c.j     pc - 8
core   0: 3 0x80011486 (0xbfe5)
core   0: 0x8001147e (0x00002f17) auipc   t5, 0x2
core   0: 3 0x8001147e (0x00002f17) x30 0x8001347e
core   0: 0x80011482 (0xb83f2123) sw      gp, -1150(t5)
core   0: 3 0x80011482 (0xb83f2123) mem 0x80013000 0x00000001
core   0: 0x80011486 (0x0000bfe5) c.j     pc - 8
core   0: 3 0x80011486 (0xbfe5)
core   0: 0x8001147e (0x00002f17) auipc   t5, 0x2
core   0: 3 0x8001147e (0x00002f17) x30 0x8001347e
core   0: 0x80011482 (0xb83f2123) sw      gp, -1150(t5)
core   0: 3 0x80011482 (0xb83f2123) mem 0x80013000 0x00000001
core   0: 0x80011486 (0x0000bfe5) c.j     pc - 8
core   0: 3 0x80011486 (0xbfe5)
core   0: 0x8001147e (0x00002f17) auipc   t5, 0x2
core   0: 3 0x8001147e (0x00002f17) x30 0x8001347e
core   0: 0x80011482 (0xb83f2123) sw      gp, -1150(t5)
core   0: 3 0x80011482 (0xb83f2123) mem 0x80013000 0x00000001
core   0: 0x80011486 (0x0000bfe5) c.j     pc - 8
core   0: 3 0x80011486 (0xbfe5)
core   0: 0x8001147e (0x00002f17) auipc   t5, 0x2
core   0: 3 0x8001147e (0x00002f17) x30 0x8001347e
core   0: 0x80011482 (0xb83f2123) sw      gp, -1150(t5)
core   0: 3 0x80011482 (0xb83f2123) mem 0x80013000 0x00000001
core   0: 0x80011486 (0x0000bfe5) c.j     pc - 8
core   0: 3 0x80011486 (0xbfe5)
core   0: 0x8001147e (0x00002f17) auipc   t5, 0x2
core   0: 3 0x8001147e (0x00002f17) x30 0x8001347e
core   0: 0x80011482 (0xb83f2123) sw      gp, -1150(t5)
core   0: 3 0x80011482 (0xb83f2123) mem 0x80013000 0x00000001
core   0: 0x80011486 (0x0000bfe5) c.j     pc - 8
core   0: 3 0x80011486 (0xbfe5)
core   0: 0x8001147e (0x00002f17) auipc   t5, 0x2
core   0: 3 0x8001147e (0x00002f17) x30 0x8001347e
core   0: 0x80011482 (0xb83f2123) sw      gp, -1150(t5)
core   0: 3 0x80011482 (0xb83f2123) mem 0x80013000 0x00000001
core   0: 0x80011486 (0x0000bfe5) c.j     pc - 8
core   0: 3 0x80011486 (0xbfe5)
core   0: 0x8001147e (0x00002f17) auipc   t5, 0x2
core   0: 3 0x8001147e (0x00002f17) x30 0x8001347e
core   0: 0x80011482 (0xb83f2123) sw      gp, -1150(t5)
core   0: 3 0x80011482 (0xb83f2123) mem 0x80013000 0x00000001
core   0: 0x80011486 (0x0000bfe5) c.j     pc - 8
core   0: 3 0x80011486 (0xbfe5)
core   0: 0x8001147e (0x00002f17) auipc   t5, 0x2
core   0: 3 0x8001147e (0x00002f17) x30 0x8001347e
core   0: 0x80011482 (0xb83f2123) sw      gp, -1150(t5)
core   0: 3 0x80011482 (0xb83f2123) mem 0x80013000 0x00000001
core   0: 0x80011486 (0x0000bfe5) c.j     pc - 8
core   0: 3 0x80011486 (0xbfe5)
core   0: 0x8001147e (0x00002f17) auipc   t5, 0x2
core   0: 3 0x8001147e (0x00002f17) x30 0x8001347e
core   0: 0x80011482 (0xb83f2123) sw      gp, -1150(t5)
core   0: 3 0x80011482 (0xb83f2123) mem 0x80013000 0x00000001
core   0: 0x80011486 (0x0000bfe5) c.j     pc - 8
core   0: 3 0x80011486 (0xbfe5)
core   0: 0x8001147e (0x00002f17) auipc   t5, 0x2
core   0: 3 0x8001147e (0x00002f17) x30 0x8001347e
core   0: 0x80011482 (0xb83f2123) sw      gp, -1150(t5)
core   0: 3 0x80011482 (0xb83f2123) mem 0x80013000 0x00000001
core   0: 0x80011486 (0x0000bfe5) c.j     pc - 8
core   0: 3 0x80011486 (0xbfe5)
core   0: 0x8001147e (0x00002f17) auipc   t5, 0x2
core   0: 3 0x8001147e (0x00002f17) x30 0x8001347e
core   0: 0x80011482 (0xb83f2123) sw      gp, -1150(t5)
core   0: 3 0x80011482 (0xb83f2123) mem 0x80013000 0x00000001
core   0: 0x80011486 (0x0000bfe5) c.j     pc - 8
core   0: 3 0x80011486 (0xbfe5)
core   0: 0x8001147e (0x00002f17) auipc   t5, 0x2
core   0: 3 0x8001147e (0x00002f17) x30 0x8001347e
core   0: 0x80011482 (0xb83f2123) sw      gp, -1150(t5)
core   0: 3 0x80011482 (0xb83f2123) mem 0x80013000 0x00000001
core   0: 0x80011486 (0x0000bfe5) c.j     pc - 8
core   0: 3 0x80011486 (0xbfe5)
core   0: 0x8001147e (0x00002f17) auipc   t5, 0x2
core   0: 3 0x8001147e (0x00002f17) x30 0x8001347e
core   0: 0x80011482 (0xb83f2123) sw      gp, -1150(t5)
core   0: 3 0x80011482 (0xb83f2123) mem 0x80013000 0x00000001
core   0: 0x80011486 (0x0000bfe5) c.j     pc - 8
core   0: 3 0x80011486 (0xbfe5)
core   0: 0x8001147e (0x00002f17) auipc   t5, 0x2
core   0: 3 0x8001147e (0x00002f17) x30 0x8001347e
core   0: 0x80011482 (0xb83f2123) sw      gp, -1150(t5)
core   0: 3 0x80011482 (0xb83f2123) mem 0x80013000 0x00000001
core   0: 0x80011486 (0x0000bfe5) c.j     pc - 8
core   0: 3 0x80011486 (0xbfe5)
core   0: 0x8001147e (0x00002f17) auipc   t5, 0x2
core   0: 3 0x8001147e (0x00002f17) x30 0x8001347e
core   0: 0x80011482 (0xb83f2123) sw      gp, -1150(t5)
core   0: 3 0x80011482 (0xb83f2123) mem 0x80013000 0x00000001
core   0: 0x80011486 (0x0000bfe5) c.j     pc - 8
core   0: 3 0x80011486 (0xbfe5)
core   0: 0x8001147e (0x00002f17) auipc   t5, 0x2
core   0: 3 0x8001147e (0x00002f17) x30 0x8001347e
core   0: 0x80011482 (0xb83f2123) sw      gp, -1150(t5)
core   0: 3 0x80011482 (0xb83f2123) mem 0x80013000 0x00000001
core   0: 0x80011486 (0x0000bfe5) c.j     pc - 8
core   0: 3 0x80011486 (0xbfe5)
core   0: 0x8001147e (0x00002f17) auipc   t5, 0x2
core   0: 3 0x8001147e (0x00002f17) x30 0x8001347e
core   0: 0x80011482 (0xb83f2123) sw      gp, -1150(t5)
core   0: 3 0x80011482 (0xb83f2123) mem 0x80013000 0x00000001
core   0: 0x80011486 (0x0000bfe5) c.j     pc - 8
core   0: 3 0x80011486 (0xbfe5)
core   0: 0x8001147e (0x00002f17) auipc   t5, 0x2
core   0: 3 0x8001147e (0x00002f17) x30 0x8001347e
core   0: 0x80011482 (0xb83f2123) sw      gp, -1150(t5)
core   0: 3 0x80011482 (0xb83f2123) mem 0x80013000 0x00000001
core   0: 0x80011486 (0x0000bfe5) c.j     pc - 8
core   0: 3 0x80011486 (0xbfe5)
core   0: 0x8001147e (0x00002f17) auipc   t5, 0x2
core   0: 3 0x8001147e (0x00002f17) x30 0x8001347e
core   0: 0x80011482 (0xb83f2123) sw      gp, -1150(t5)
core   0: 3 0x80011482 (0xb83f2123) mem 0x80013000 0x00000001
core   0: 0x80011486 (0x0000bfe5) c.j     pc - 8
core   0: 3 0x80011486 (0xbfe5)
core   0: 0x8001147e (0x00002f17) auipc   t5, 0x2
core   0: 3 0x8001147e (0x00002f17) x30 0x8001347e
core   0: 0x80011482 (0xb83f2123) sw      gp, -1150(t5)
core   0: 3 0x80011482 (0xb83f2123) mem 0x80013000 0x00000001
core   0: 0x80011486 (0x0000bfe5) c.j     pc - 8
core   0: 3 0x80011486 (0xbfe5)
core   0: 0x8001147e (0x00002f17) auipc   t5, 0x2
core   0: 3 0x8001147e (0x00002f17) x30 0x8001347e
core   0: 0x80011482 (0xb83f2123) sw      gp, -1150(t5)
core   0: 3 0x80011482 (0xb83f2123) mem 0x80013000 0x00000001
core   0: 0x80011486 (0x0000bfe5) c.j     pc - 8
core   0: 3 0x80011486 (0xbfe5)
core   0: 0x8001147e (0x00002f17) auipc   t5, 0x2
core   0: 3 0x8001147e (0x00002f17) x30 0x8001347e
core   0: 0x80011482 (0xb83f2123) sw      gp, -1150(t5)
core   0: 3 0x80011482 (0xb83f2123) mem 0x80013000 0x00000001
core   0: 0x80011486 (0x0000bfe5) c.j     pc - 8
core   0: 3 0x80011486 (0xbfe5)
core   0: 0x8001147e (0x00002f17) auipc   t5, 0x2
core   0: 3 0x8001147e (0x00002f17) x30 0x8001347e
core   0: 0x80011482 (0xb83f2123) sw      gp, -1150(t5)
core   0: 3 0x80011482 (0xb83f2123) mem 0x80013000 0x00000001
core   0: 0x80011486 (0x0000bfe5) c.j     pc - 8
core   0: 3 0x80011486 (0xbfe5)
core   0: 0x8001147e (0x00002f17) auipc   t5, 0x2
core   0: 3 0x8001147e (0x00002f17) x30 0x8001347e
core   0: 0x80011482 (0xb83f2123) sw      gp, -1150(t5)
core   0: 3 0x80011482 (0xb83f2123) mem 0x80013000 0x00000001
core   0: 0x80011486 (0x0000bfe5) c.j     pc - 8
core   0: 3 0x80011486 (0xbfe5)
core   0: 0x8001147e (0x00002f17) auipc   t5, 0x2
core   0: 3 0x8001147e (0x00002f17) x30 0x8001347e
core   0: 0x80011482 (0xb83f2123) sw      gp, -1150(t5)
core   0: 3 0x80011482 (0xb83f2123) mem 0x80013000 0x00000001
core   0: 0x80011486 (0x0000bfe5) c.j     pc - 8
core   0: 3 0x80011486 (0xbfe5)
core   0: 0x8001147e (0x00002f17) auipc   t5, 0x2
core   0: 3 0x8001147e (0x00002f17) x30 0x8001347e
core   0: 0x80011482 (0xb83f2123) sw      gp, -1150(t5)
core   0: 3 0x80011482 (0xb83f2123) mem 0x80013000 0x00000001
core   0: 0x80011486 (0x0000bfe5) c.j     pc - 8
core   0: 3 0x80011486 (0xbfe5)
core   0: 0x8001147e (0x00002f17) auipc   t5, 0x2
core   0: 3 0x8001147e (0x00002f17) x30 0x8001347e
core   0: 0x80011482 (0xb83f2123) sw      gp, -1150(t5)
core   0: 3 0x80011482 (0xb83f2123) mem 0x80013000 0x00000001
core   0: 0x80011486 (0x0000bfe5) c.j     pc - 8
core   0: 3 0x80011486 (0xbfe5)
core   0: 0x8001147e (0x00002f17) auipc   t5, 0x2
core   0: 3 0x8001147e (0x00002f17) x30 0x8001347e
core   0: 0x80011482 (0xb83f2123) sw      gp, -1150(t5)
core   0: 3 0x80011482 (0xb83f2123) mem 0x80013000 0x00000001
core   0: 0x80011486 (0x0000bfe5) c.j     pc - 8
core   0: 3 0x80011486 (0xbfe5)
core   0: 0x8001147e (0x00002f17) auipc   t5, 0x2
core   0: 3 0x8001147e (0x00002f17) x30 0x8001347e
core   0: 0x80011482 (0xb83f2123) sw      gp, -1150(t5)
core   0: 3 0x80011482 (0xb83f2123) mem 0x80013000 0x00000001
core   0: 0x80011486 (0x0000bfe5) c.j     pc - 8
core   0: 3 0x80011486 (0xbfe5)
core   0: 0x8001147e (0x00002f17) auipc   t5, 0x2
core   0: 3 0x8001147e (0x00002f17) x30 0x8001347e
core   0: 0x80011482 (0xb83f2123) sw      gp, -1150(t5)
core   0: 3 0x80011482 (0xb83f2123) mem 0x80013000 0x00000001
core   0: 0x80011486 (0x0000bfe5) c.j     pc - 8
core   0: 3 0x80011486 (0xbfe5)
core   0: 0x8001147e (0x00002f17) auipc   t5, 0x2
core   0: 3 0x8001147e (0x00002f17) x30 0x8001347e
core   0: 0x80011482 (0xb83f2123) sw      gp, -1150(t5)
core   0: 3 0x80011482 (0xb83f2123) mem 0x80013000 0x00000001
core   0: 0x80011486 (0x0000bfe5) c.j     pc - 8
core   0: 3 0x80011486 (0xbfe5)
core   0: 0x8001147e (0x00002f17) auipc   t5, 0x2
core   0: 3 0x8001147e (0x00002f17) x30 0x8001347e
core   0: 0x80011482 (0xb83f2123) sw      gp, -1150(t5)
core   0: 3 0x80011482 (0xb83f2123) mem 0x80013000 0x00000001
core   0: 0x80011486 (0x0000bfe5) c.j     pc - 8
core   0: 3 0x80011486 (0xbfe5)
core   0: 0x8001147e (0x00002f17) auipc   t5, 0x2
core   0: 3 0x8001147e (0x00002f17) x30 0x8001347e
core   0: 0x80011482 (0xb83f2123) sw      gp, -1150(t5)
core   0: 3 0x80011482 (0xb83f2123) mem 0x80013000 0x00000001
core   0: 0x80011486 (0x0000bfe5) c.j     pc - 8
core   0: 3 0x80011486 (0xbfe5)
core   0: 0x8001147e (0x00002f17) auipc   t5, 0x2
core   0: 3 0x8001147e (0x00002f17) x30 0x8001347e
core   0: 0x80011482 (0xb83f2123) sw      gp, -1150(t5)
core   0: 3 0x80011482 (0xb83f2123) mem 0x80013000 0x00000001
core   0: 0x80011486 (0x0000bfe5) c.j     pc - 8
core   0: 3 0x80011486 (0xbfe5)
core   0: 0x8001147e (0x00002f17) auipc   t5, 0x2
core   0: 3 0x8001147e (0x00002f17) x30 0x8001347e
core   0: 0x80011482 (0xb83f2123) sw      gp, -1150(t5)
core   0: 3 0x80011482 (0xb83f2123) mem 0x80013000 0x00000001
core   0: 0x80011486 (0x0000bfe5) c.j     pc - 8
core   0: 3 0x80011486 (0xbfe5)
core   0: 0x8001147e (0x00002f17) auipc   t5, 0x2
core   0: 3 0x8001147e (0x00002f17) x30 0x8001347e
core   0: 0x80011482 (0xb83f2123) sw      gp, -1150(t5)
core   0: 3 0x80011482 (0xb83f2123) mem 0x80013000 0x00000001
core   0: 0x80011486 (0x0000bfe5) c.j     pc - 8
core   0: 3 0x80011486 (0xbfe5)
core   0: 0x8001147e (0x00002f17) auipc   t5, 0x2
core   0: 3 0x8001147e (0x00002f17) x30 0x8001347e
core   0: 0x80011482 (0xb83f2123) sw      gp, -1150(t5)
core   0: 3 0x80011482 (0xb83f2123) mem 0x80013000 0x00000001
core   0: 0x80011486 (0x0000bfe5) c.j     pc - 8
core   0: 3 0x80011486 (0xbfe5)
core   0: 0x8001147e (0x00002f17) auipc   t5, 0x2
core   0: 3 0x8001147e (0x00002f17) x30 0x8001347e
core   0: 0x80011482 (0xb83f2123) sw      gp, -1150(t5)
core   0: 3 0x80011482 (0xb83f2123) mem 0x80013000 0x00000001
core   0: 0x80011486 (0x0000bfe5) c.j     pc - 8
core   0: 3 0x80011486 (0xbfe5)
core   0: 0x8001147e (0x00002f17) auipc   t5, 0x2
core   0: 3 0x8001147e (0x00002f17) x30 0x8001347e
core   0: 0x80011482 (0xb83f2123) sw      gp, -1150(t5)
core   0: 3 0x80011482 (0xb83f2123) mem 0x80013000 0x00000001
core   0: 0x80011486 (0x0000bfe5) c.j     pc - 8
core   0: 3 0x80011486 (0xbfe5)
core   0: 0x8001147e (0x00002f17) auipc   t5, 0x2
core   0: 3 0x8001147e (0x00002f17) x30 0x8001347e
core   0: 0x80011482 (0xb83f2123) sw      gp, -1150(t5)
core   0: 3 0x80011482 (0xb83f2123) mem 0x80013000 0x00000001
core   0: 0x80011486 (0x0000bfe5) c.j     pc - 8
core   0: 3 0x80011486 (0xbfe5)
core   0: 0x8001147e (0x00002f17) auipc   t5, 0x2
core   0: 3 0x8001147e (0x00002f17) x30 0x8001347e
core   0: 0x80011482 (0xb83f2123) sw      gp, -1150(t5)
core   0: 3 0x80011482 (0xb83f2123) mem 0x80013000 0x00000001
core   0: 0x80011486 (0x0000bfe5) c.j     pc - 8
core   0: 3 0x80011486 (0xbfe5)
core   0: 0x8001147e (0x00002f17) auipc   t5, 0x2
core   0: 3 0x8001147e (0x00002f17) x30 0x8001347e
core   0: 0x80011482 (0xb83f2123) sw      gp, -1150(t5)
core   0: 3 0x80011482 (0xb83f2123) mem 0x80013000 0x00000001
core   0: 0x80011486 (0x0000bfe5) c.j     pc - 8
core   0: 3 0x80011486 (0xbfe5)
core   0: 0x8001147e (0x00002f17) auipc   t5, 0x2
core   0: 3 0x8001147e (0x00002f17) x30 0x8001347e
core   0: 0x80011482 (0xb83f2123) sw      gp, -1150(t5)
core   0: 3 0x80011482 (0xb83f2123) mem 0x80013000 0x00000001
core   0: 0x80011486 (0x0000bfe5) c.j     pc - 8
core   0: 3 0x80011486 (0xbfe5)
core   0: 0x8001147e (0x00002f17) auipc   t5, 0x2
core   0: 3 0x8001147e (0x00002f17) x30 0x8001347e
core   0: 0x80011482 (0xb83f2123) sw      gp, -1150(t5)
core   0: 3 0x80011482 (0xb83f2123) mem 0x80013000 0x00000001
core   0: 0x80011486 (0x0000bfe5) c.j     pc - 8
core   0: 3 0x80011486 (0xbfe5)
core   0: 0x8001147e (0x00002f17) auipc   t5, 0x2
core   0: 3 0x8001147e (0x00002f17) x30 0x8001347e
core   0: 0x80011482 (0xb83f2123) sw      gp, -1150(t5)
core   0: 3 0x80011482 (0xb83f2123) mem 0x80013000 0x00000001
core   0: 0x80011486 (0x0000bfe5) c.j     pc - 8
core   0: 3 0x80011486 (0xbfe5)
core   0: 0x8001147e (0x00002f17) auipc   t5, 0x2
core   0: 3 0x8001147e (0x00002f17) x30 0x8001347e
core   0: 0x80011482 (0xb83f2123) sw      gp, -1150(t5)
core   0: 3 0x80011482 (0xb83f2123) mem 0x80013000 0x00000001
core   0: 0x80011486 (0x0000bfe5) c.j     pc - 8
core   0: 3 0x80011486 (0xbfe5)
core   0: 0x8001147e (0x00002f17) auipc   t5, 0x2
core   0: 3 0x8001147e (0x00002f17) x30 0x8001347e
core   0: 0x80011482 (0xb83f2123) sw      gp, -1150(t5)
core   0: 3 0x80011482 (0xb83f2123) mem 0x80013000 0x00000001
core   0: 0x80011486 (0x0000bfe5) c.j     pc - 8
core   0: 3 0x80011486 (0xbfe5)
core   0: 0x8001147e (0x00002f17) auipc   t5, 0x2
core   0: 3 0x8001147e (0x00002f17) x30 0x8001347e
core   0: 0x80011482 (0xb83f2123) sw      gp, -1150(t5)
core   0: 3 0x80011482 (0xb83f2123) mem 0x80013000 0x00000001
core   0: 0x80011486 (0x0000bfe5) c.j     pc - 8
core   0: 3 0x80011486 (0xbfe5)
core   0: 0x8001147e (0x00002f17) auipc   t5, 0x2
core   0: 3 0x8001147e (0x00002f17) x30 0x8001347e
core   0: 0x80011482 (0xb83f2123) sw      gp, -1150(t5)
core   0: 3 0x80011482 (0xb83f2123) mem 0x80013000 0x00000001
core   0: 0x80011486 (0x0000bfe5) c.j     pc - 8
core   0: 3 0x80011486 (0xbfe5)
core   0: 0x8001147e (0x00002f17) auipc   t5, 0x2
core   0: 3 0x8001147e (0x00002f17) x30 0x8001347e
core   0: 0x80011482 (0xb83f2123) sw      gp, -1150(t5)
core   0: 3 0x80011482 (0xb83f2123) mem 0x80013000 0x00000001
core   0: 0x80011486 (0x0000bfe5) c.j     pc - 8
core   0: 3 0x80011486 (0xbfe5)
core   0: 0x8001147e (0x00002f17) auipc   t5, 0x2
core   0: 3 0x8001147e (0x00002f17) x30 0x8001347e
core   0: 0x80011482 (0xb83f2123) sw      gp, -1150(t5)
core   0: 3 0x80011482 (0xb83f2123) mem 0x80013000 0x00000001
core   0: 0x80011486 (0x0000bfe5) c.j     pc - 8
core   0: 3 0x80011486 (0xbfe5)
core   0: 0x8001147e (0x00002f17) auipc   t5, 0x2
core   0: 3 0x8001147e (0x00002f17) x30 0x8001347e
core   0: 0x80011482 (0xb83f2123) sw      gp, -1150(t5)
core   0: 3 0x80011482 (0xb83f2123) mem 0x80013000 0x00000001
