core   0: 0x00001000 (0x00000297) auipc   t0, 0x0
core   0: 3 0x00001000 (0x00000297) x5  0x00001000
core   0: 0x00001004 (0x02028593) addi    a1, t0, 32
core   0: 3 0x00001004 (0x02028593) x11 0x00001020
core   0: 0x00001008 (0xf1402573) csrr    a0, mhartid
core   0: 3 0x00001008 (0xf1402573) x10 0x00000000
core   0: 0x0000100c (0x0182a283) lw      t0, 24(t0)
core   0: 3 0x0000100c (0x0182a283) x5  0x80000000 mem 0x00001018
core   0: 0x00001010 (0x00028067) jr      t0
core   0: 3 0x00001010 (0x00028067)
core   0: 0x80000000 (0xf14022f3) csrr    t0, mhartid
core   0: 3 0x80000000 (0xf14022f3) x5  0x00000000
core   0: 0x80000004 (0x00004301) c.li    t1, 0
core   0: 3 0x80000004 (0x4301) x6  0x00000000
core   0: 0x80000006 (0x00628263) beq     t0, t1, pc + 4
core   0: 3 0x80000006 (0x00628263)
core   0: 0x8000000a (0x00000417) auipc   s0, 0x0
core   0: 3 0x8000000a (0x00000417) x8  0x8000000a
core   0: 0x8000000e (0x00c40413) addi    s0, s0, 12
core   0: 3 0x8000000e (0x00c40413) x8  0x80000016
core   0: 0x80000012 (0x00040067) jr      s0
core   0: 3 0x80000012 (0x00040067)
core   0: 0x80000016 (0x400017b7) lui     a5, 0x40001
core   0: 3 0x80000016 (0x400017b7) x15 0x40001000
core   0: 0x8000001a (0x10578793) addi    a5, a5, 261
core   0: 3 0x8000001a (0x10578793) x15 0x40001105
core   0: 0x8000001e (0x30179073) csrw    misa, a5
core   0: 3 0x8000001e (0x30179073) c769_misa 0x40141105
core   0: 0x80000022 (0x0002ae17) auipc   t3, 0x2a
core   0: 3 0x80000022 (0x0002ae17) x28 0x8002a022
core   0: 0x80000026 (0xd02e0e13) addi    t3, t3, -766
core   0: 3 0x80000026 (0xd02e0e13) x28 0x80029d24
core   0: 0x8000002a (0x0000c797) auipc   a5, 0xc
core   0: 3 0x8000002a (0x0000c797) x15 0x8000c02a
core   0: 0x8000002e (0x05678793) addi    a5, a5, 86
core   0: 3 0x8000002e (0x05678793) x15 0x8000c080
core   0: 0x80000032 (0x0017e793) ori     a5, a5, 1
core   0: 3 0x80000032 (0x0017e793) x15 0x8000c081
core   0: 0x80000036 (0x30579073) csrw    mtvec, a5
core   0: 3 0x80000036 (0x30579073) c773_mtvec 0x8000c081
core   0: 0x8000003a (0x00000797) auipc   a5, 0x0
core   0: 3 0x8000003a (0x00000797) x15 0x8000003a
core   0: 0x8000003e (0x02278793) addi    a5, a5, 34
core   0: 3 0x8000003e (0x02278793) x15 0x8000005c
core   0: 0x80000042 (0x34179073) csrw    mepc, a5
core   0: 3 0x80000042 (0x34179073) c833_mepc 0x8000005c
core   0: 0x80000046 (0x00000001) c.nop
core   0: 3 0x80000046 (0x0001)
core   0: 0x80000048 (0x00006789) c.lui   a5, 0x2
core   0: 3 0x80000048 (0x6789) x15 0x00002000
core   0: 0x8000004a (0x80078793) addi    a5, a5, -2048
core   0: 3 0x8000004a (0x80078793) x15 0x00001800
core   0: 0x8000004e (0x30079073) csrw    mstatus, a5
core   0: 3 0x8000004e (0x30079073) c768_mstatus 0x00001800
core   0: 0x80000052 (0x00004781) c.li    a5, 0
core   0: 3 0x80000052 (0x4781) x15 0x00000000
core   0: 0x80000054 (0x30479073) csrw    mie, a5
core   0: 3 0x80000054 (0x30479073) c772_mie 0x00000000
core   0: 0x80000058 (0x30200073) mret
core   0: 3 0x80000058 (0x30200073) c784_mstatush 0x00000000 c768_mstatus 0x00000080
core   0: >>>>  init
core   0: 0x8000005c (0xf7b59037) lui     zero, 0xf7b59
core   0: 3 0x8000005c (0xf7b59037)
core   0: 0x80000060 (0xfaf00013) li      zero, -81
core   0: 3 0x80000060 (0xfaf00013)
core   0: 0x80000064 (0xf246f0b7) lui     ra, 0xf246f
core   0: 3 0x80000064 (0xf246f0b7) x1  0xf246f000
core   0: 0x80000068 (0x32408093) addi    ra, ra, 804
core   0: 3 0x80000068 (0x32408093) x1  0xf246f324
core   0: 0x8000006c (0x80000137) lui     sp, 0x80000
core   0: 3 0x8000006c (0x80000137) x2  0x80000000
core   0: 0x80000070 (0x00004181) c.li    gp, 0
core   0: 3 0x80000070 (0x4181) x3  0x00000000
core   0: 0x80000072 (0xfa771237) lui     tp, 0xfa771
core   0: 3 0x80000072 (0xfa771237) x4  0xfa771000
core   0: 0x80000076 (0xbb420213) addi    tp, tp, -1100
core   0: 3 0x80000076 (0xbb420213) x4  0xfa770bb4
core   0: 0x8000007a (0xfaf1a2b7) lui     t0, 0xfaf1a
core   0: 3 0x8000007a (0xfaf1a2b7) x5  0xfaf1a000
core   0: 0x8000007e (0x6b528293) addi    t0, t0, 1717
core   0: 3 0x8000007e (0x6b528293) x5  0xfaf1a6b5
core   0: 0x80000082 (0x00004301) c.li    t1, 0
core   0: 3 0x80000082 (0x4301) x6  0x00000000
core   0: 0x80000084 (0x00004391) c.li    t2, 4
core   0: 3 0x80000084 (0x4391) x7  0x00000004
core   0: 0x80000086 (0x00004401) c.li    s0, 0
core   0: 3 0x80000086 (0x4401) x8  0x00000000
core   0: 0x80000088 (0x000044b1) c.li    s1, 12
core   0: 3 0x80000088 (0x44b1) x9  0x0000000c
core   0: 0x8000008a (0xf4185537) lui     a0, 0xf4185
core   0: 3 0x8000008a (0xf4185537) x10 0xf4185000
core   0: 0x8000008e (0x98850513) addi    a0, a0, -1656
core   0: 3 0x8000008e (0x98850513) x10 0xf4184988
core   0: 0x80000092 (0xfca405b7) lui     a1, 0xfca40
core   0: 3 0x80000092 (0xfca405b7) x11 0xfca40000
core   0: 0x80000096 (0xab958593) addi    a1, a1, -1351
core   0: 3 0x80000096 (0xab958593) x11 0xfca3fab9
core   0: 0x8000009a (0x80000637) lui     a2, 0x80000
core   0: 3 0x8000009a (0x80000637) x12 0x80000000
core   0: 0x8000009e (0xf52be6b7) lui     a3, 0xf52be
core   0: 3 0x8000009e (0xf52be6b7) x13 0xf52be000
core   0: 0x800000a2 (0x4ca68693) addi    a3, a3, 1226
core   0: 3 0x800000a2 (0x4ca68693) x13 0xf52be4ca
core   0: 0x800000a6 (0xb36df737) lui     a4, 0xb36df
core   0: 3 0x800000a6 (0xb36df737) x14 0xb36df000
core   0: 0x800000aa (0x27670713) addi    a4, a4, 630
core   0: 3 0x800000aa (0x27670713) x14 0xb36df276
core   0: 0x800000ae (0xf19547b7) lui     a5, 0xf1954
core   0: 3 0x800000ae (0xf19547b7) x15 0xf1954000
core   0: 0x800000b2 (0x7a378793) addi    a5, a5, 1955
core   0: 3 0x800000b2 (0x7a378793) x15 0xf19547a3
core   0: 0x800000b6 (0x80000837) lui     a6, 0x80000
core   0: 3 0x800000b6 (0x80000837) x16 0x80000000
core   0: 0x800000ba (0x800008b7) lui     a7, 0x80000
core   0: 3 0x800000ba (0x800008b7) x17 0x80000000
core   0: 0x800000be (0xb55ac937) lui     s2, 0xb55ac
core   0: 3 0x800000be (0xb55ac937) x18 0xb55ac000
core   0: 0x800000c2 (0xc7a90913) addi    s2, s2, -902
core   0: 3 0x800000c2 (0xc7a90913) x18 0xb55abc7a
core   0: 0x800000c6 (0xf46c19b7) lui     s3, 0xf46c1
core   0: 3 0x800000c6 (0xf46c19b7) x19 0xf46c1000
core   0: 0x800000ca (0x60898993) addi    s3, s3, 1544
core   0: 3 0x800000ca (0x60898993) x19 0xf46c1608
core   0: 0x800000ce (0x00004a01) c.li    s4, 0
core   0: 3 0x800000ce (0x4a01) x20 0x00000000
core   0: 0x800000d0 (0x00004a81) c.li    s5, 0
core   0: 3 0x800000d0 (0x4a81) x21 0x00000000
core   0: 0x800000d2 (0xe5a0ab37) lui     s6, 0xe5a0a
core   0: 3 0x800000d2 (0xe5a0ab37) x22 0xe5a0a000
core   0: 0x800000d6 (0x4dbb0b13) addi    s6, s6, 1243
core   0: 3 0x800000d6 (0x4dbb0b13) x22 0xe5a0a4db
core   0: 0x800000da (0x00004b8d) c.li    s7, 3
core   0: 3 0x800000da (0x4b8d) x23 0x00000003
core   0: 0x800000dc (0x9bb29c37) lui     s8, 0x9bb29
core   0: 3 0x800000dc (0x9bb29c37) x24 0x9bb29000
core   0: 0x800000e0 (0x247c0c13) addi    s8, s8, 583
core   0: 3 0x800000e0 (0x247c0c13) x24 0x9bb29247
core   0: 0x800000e4 (0x80000cb7) lui     s9, 0x80000
core   0: 3 0x800000e4 (0x80000cb7) x25 0x80000000
core   0: 0x800000e8 (0xfb544d37) lui     s10, 0xfb544
core   0: 3 0x800000e8 (0xfb544d37) x26 0xfb544000
core   0: 0x800000ec (0x8b6d0d13) addi    s10, s10, -1866
core   0: 3 0x800000ec (0x8b6d0d13) x26 0xfb5438b6
core   0: 0x800000f0 (0x1a68ddb7) lui     s11, 0x1a68d
core   0: 3 0x800000f0 (0x1a68ddb7) x27 0x1a68d000
core   0: 0x800000f4 (0xd44d8d93) addi    s11, s11, -700
core   0: 3 0x800000f4 (0xd44d8d93) x27 0x1a68cd44
core   0: 0x800000f8 (0x00004f01) c.li    t5, 0
core   0: 3 0x800000f8 (0x4f01) x30 0x00000000
core   0: 0x800000fa (0xa0a64fb7) lui     t6, 0xa0a64
core   0: 3 0x800000fa (0xa0a64fb7) x31 0xa0a64000
core   0: 0x800000fe (0x451f8f93) addi    t6, t6, 1105
core   0: 3 0x800000fe (0x451f8f93) x31 0xa0a64451
core   0: 0x80000102 (0x00026e97) auipc   t4, 0x26
core   0: 3 0x80000102 (0x00026e97) x29 0x80026102
core   0: 0x80000106 (0xda2e8e93) addi    t4, t4, -606
core   0: 3 0x80000106 (0xda2e8e93) x29 0x80025ea4
core   0: 0x8000010a (0x0001af97) auipc   t6, 0x1a
core   0: 3 0x8000010a (0x0001af97) x31 0x8001a10a
core   0: 0x8000010e (0x5eef8f93) addi    t6, t6, 1518
core   0: 3 0x8000010e (0x5eef8f93) x31 0x8001a6f8
core   0: 0x80000112 (0x015f8da3) sb      s5, 27(t6)
core   0: 3 0x80000112 (0x015f8da3) mem 0x8001a713 0x00
core   0: 0x80000116 (0xff1fcb03) lbu     s6, -15(t6)
core   0: 3 0x80000116 (0xff1fcb03) x22 0x000000a2 mem 0x8001a6e9
core   0: 0x8000011a (0x00000001) c.nop
core   0: 3 0x8000011a (0x0001)
core   0: 0x8000011c (0x0384d7b3) divu    a5, s1, s8
core   0: 3 0x8000011c (0x0384d7b3) x15 0x00000000
core   0: 0x80000120 (0x000f9c03) lh      s8, 0(t6)
core   0: 3 0x80000120 (0x000f9c03) x24 0xffffb2b3 mem 0x8001a6f8
core   0: 0x80000124 (0x00252ab3) slt     s5, a0, sp
core   0: 3 0x80000124 (0x00252ab3) x21 0x00000000
core   0: 0x80000128 (0x00afc003) lbu     zero, 10(t6)
core   0: 3 0x80000128 (0x00afc003) mem 0x8001a702
core   0: 0x8000012c (0xfd9f8703) lb      a4, -39(t6)
core   0: 3 0x8000012c (0xfd9f8703) x14 0xffffff8a mem 0x8001a6d1
core   0: 0x80000130 (0x02daa8b3) mulhsu  a7, s5, a3
core   0: 3 0x80000130 (0x02daa8b3) x17 0x00000000
core   0: 0x80000134 (0x417d07b3) sub     a5, s10, s7
core   0: 3 0x80000134 (0x417d07b3) x15 0xfb5438b3
core   0: 0x80000138 (0x006fdd83) lhu     s11, 6(t6)
core   0: 3 0x80000138 (0x006fdd83) x27 0x0000b4b5 mem 0x8001a6fe
core   0: 0x8000013c (0xfecf9583) lh      a1, -20(t6)
core   0: 3 0x8000013c (0xfecf9583) x11 0xffff9e9f mem 0x8001a6e4
core   0: 0x80000140 (0x017f8703) lb      a4, 23(t6)
core   0: 3 0x80000140 (0x017f8703) x14 0xffffffc4 mem 0x8001a70f
core   0: 0x80000144 (0x506ee113) ori     sp, t4, 1286
core   0: 3 0x80000144 (0x506ee113) x2  0x80025fa6
core   0: 0x80000148 (0xffbf8c83) lb      s9, -5(t6)
core   0: 3 0x80000148 (0xffbf8c83) x25 0xffffffa8 mem 0x8001a6f3
core   0: 0x8000014c (0xfc0fd383) lhu     t2, -64(t6)
core   0: 3 0x8000014c (0xfc0fd383) x7  0x00007273 mem 0x8001a6b8
core   0: 0x80000150 (0x018176b3) and     a3, sp, s8
core   0: 3 0x80000150 (0x018176b3) x13 0x800212a2
core   0: 0x80000154 (0x016fd483) lhu     s1, 22(t6)
core   0: 3 0x80000154 (0x016fd483) x9  0x0000c4c5 mem 0x8001a70e
core   0: 0x80000158 (0x0230e3b3) rem     t2, ra, gp
core   0: 3 0x80000158 (0x0230e3b3) x7  0xf246f324
core   0: 0x8000015c (0x340e3773) csrrc   a4, mscratch, t3
core   0: 3 0x8000015c (0x340e3773) x14 0x00000000 c832_mscratch 0x00000000
core   0: 0x80000160 (0x00f52f33) slt     t5, a0, a5
core   0: 3 0x80000160 (0x00f52f33) x30 0x00000001
core   0: 0x80000164 (0x00009a7d) c.andi  a2, -1
core   0: 3 0x80000164 (0x9a7d) x12 0x80000000
core   0: 0x80000166 (0x028f8823) sb      s0, 48(t6)
core   0: 3 0x80000166 (0x028f8823) mem 0x8001a728 0x00
core   0: 0x8000016a (0x00008126) c.mv    sp, s1
core   0: 3 0x8000016a (0x8126) x2  0x0000c4c5
core   0: 0x8000016c (0xfeaf89a3) sb      a0, -13(t6)
core   0: 3 0x8000016c (0xfeaf89a3) mem 0x8001a6eb 0x88
core   0: 0x80000170 (0x8ced7f13) andi    t5, s10, -1842
core   0: 3 0x80000170 (0x8ced7f13) x30 0xfb543886
core   0: 0x80000174 (0x012f8903) lb      s2, 18(t6)
core   0: 3 0x80000174 (0x012f8903) x18 0xffffffc1 mem 0x8001a70a
core   0: 0x80000178 (0x8df87213) andi    tp, a6, -1825
core   0: 3 0x80000178 (0x8df87213) x4  0x80000000
core   0: 0x8000017c (0x00008fa9) c.xor   a5, a0
core   0: 3 0x8000017c (0x8fa9) x15 0x0f4c713b
core   0: 0x8000017e (0x00008ec9) c.or    a3, a0
core   0: 3 0x8000017e (0x8ec9) x13 0xf41a5baa
core   0: 0x80000180 (0x00009c92) c.add   s9, tp
core   0: 3 0x80000180 (0x9c92) x25 0x7fffffa8
core   0: 0x80000182 (0xfd1fc303) lbu     t1, -47(t6)
core   0: 3 0x80000182 (0xfd1fc303) x6  0x00000082 mem 0x8001a6c9
core   0: 0x80000186 (0x00008dcd) c.or    a1, a1
core   0: 3 0x80000186 (0x8dcd) x11 0xffff9e9f
core   0: 0x80000188 (0x01bf9133) sll     sp, t6, s11
core   0: 3 0x80000188 (0x01bf9133) x2  0xdf000000
core   0: 0x8000018c (0x0049d6b3) srl     a3, s3, tp
core   0: 3 0x8000018c (0x0049d6b3) x13 0xf46c1608
core   0: 0x80000190 (0x000060e5) c.lui   ra, 0x19
core   0: 3 0x80000190 (0x60e5) x1  0x00019000
core   0: 0x80000192 (0x01ef8f23) sb      t5, 30(t6)
core   0: 3 0x80000192 (0x01ef8f23) mem 0x8001a716 0x86
core   0: 0x80000196 (0xfccf9523) sh      a2, -54(t6)
core   0: 3 0x80000196 (0xfccf9523) mem 0x8001a6c2 0x0000
core   0: 0x8000019a (0xff4f8e23) sb      s4, -4(t6)
core   0: 3 0x8000019a (0xff4f8e23) mem 0x8001a6f4 0x00
core   0: 0x8000019e (0x00011197) auipc   gp, 0x11
core   0: 3 0x8000019e (0x00011197) x3  0x8001119e
core   0: 0x800001a2 (0x0b018193) addi    gp, gp, 176
core   0: 3 0x800001a2 (0x0b018193) x3  0x8001124e
core   0: 0x800001a6 (0x0000879d) c.srai  a5, 7
core   0: 3 0x800001a6 (0x879d) x15 0x001e98e2
core   0: 0x800001a8 (0x00305113) srli    sp, zero, 3
core   0: 3 0x800001a8 (0x00305113) x2  0x00000000
core   0: 0x800001ac (0x00a1dc03) lhu     s8, 10(gp)
core   0: 3 0x800001ac (0x00a1dc03) x24 0x00001213 mem 0x80011258
core   0: 0x800001b0 (0x00619483) lh      s1, 6(gp)
core   0: 3 0x800001b0 (0x00619483) x9  0x00000e0f mem 0x80011254
core   0: 0x800001b4 (0x00218783) lb      a5, 2(gp)
core   0: 3 0x800001b4 (0x00218783) x15 0x0000000b mem 0x80011250
core   0: 0x800001b8 (0x01f19623) sh      t6, 12(gp)
core   0: 3 0x800001b8 (0x01f19623) mem 0x8001125a 0xa6f8
core   0: 0x800001bc (0x0248c933) div     s2, a7, tp
core   0: 3 0x800001bc (0x0248c933) x18 0x00000000
core   0: 0x800001c0 (0x3b3b0693) addi    a3, s6, 947
core   0: 3 0x800001c0 (0x3b3b0693) x13 0x00000455
core   0: 0x800001c4 (0x0083e033) or      zero, t2, s0
core   0: 3 0x800001c4 (0x0083e033)
core   0: 0x800001c8 (0x0000617d) c.addi16sp sp, 496
core   0: 3 0x800001c8 (0x617d) x2  0x000001f0
core   0: 0x800001ca (0x00d1cb83) lbu     s7, 13(gp)
core   0: 3 0x800001ca (0x00d1cb83) x23 0x000000a6 mem 0x8001125b
core   0: 0x800001ce (0xa97847b7) lui     a5, 0xa9784
core   0: 3 0x800001ce (0xa97847b7) x15 0xa9784000
core   0: 0x800001d2 (0xff41ca83) lbu     s5, -12(gp)
core   0: 3 0x800001d2 (0xff41ca83) x21 0x000000f9 mem 0x80011242
core   0: 0x800001d6 (0x0071c203) lbu     tp, 7(gp)
core   0: 3 0x800001d6 (0x0071c203) x4  0x0000000e mem 0x80011255
core   0: 0x800001da (0x00118a83) lb      s5, 1(gp)
core   0: 3 0x800001da (0x00118a83) x21 0x00000004 mem 0x8001124f
core   0: 0x800001de (0x00f64933) xor     s2, a2, a5
core   0: 3 0x800001de (0x00f64933) x18 0x29784000
core   0: 0x800001e2 (0x45682993) slti    s3, a6, 1110
core   0: 3 0x800001e2 (0x45682993) x19 0x00000001
core   0: 0x800001e6 (0xff518103) lb      sp, -11(gp)
core   0: 3 0x800001e6 (0xff518103) x2  0xfffffff8 mem 0x80011243
core   0: 0x800001ea (0x01a1a233) slt     tp, gp, s10
core   0: 3 0x800001ea (0x01a1a233) x4  0x00000001
core   0: 0x800001ee (0xff718083) lb      ra, -9(gp)
core   0: 3 0x800001ee (0xff718083) x1  0xfffffffe mem 0x80011245
core   0: 0x800001f2 (0xe07e4c93) xori    s9, t3, -505
core   0: 3 0x800001f2 (0xe07e4c93) x25 0x7ffd6323
core   0: 0x800001f6 (0x01bce233) or      tp, s9, s11
core   0: 3 0x800001f6 (0x01bce233) x4  0x7ffdf7b7
core   0: 0x800001fa (0x00009d8a) c.add   s11, sp
core   0: 3 0x800001fa (0x9d8a) x27 0x0000b4ad
core   0: 0x800001fc (0x002187a3) sb      sp, 15(gp)
core   0: 3 0x800001fc (0x002187a3) mem 0x8001125d 0xf8
core   0: 0x80000200 (0xc5b07293) andi    t0, zero, -933
core   0: 3 0x80000200 (0xc5b07293) x5  0x00000000
core   0: 0x80000204 (0xff919e23) sh      s9, -4(gp)
core   0: 3 0x80000204 (0xff919e23) mem 0x8001124a 0x6323
core   0: 0x80000208 (0x000059fd) c.li    s3, -1
core   0: 3 0x80000208 (0x59fd) x19 0xffffffff
core   0: 0x8000020a (0xff91cc03) lbu     s8, -7(gp)
core   0: 3 0x8000020a (0xff91cc03) x24 0x000000fc mem 0x80011247
core   0: 0x8000020e (0x34003573) csrrc   a0, mscratch, zero
core   0: 3 0x8000020e (0x34003573) x10 0x00000000
core   0: 0x80000212 (0x011181a3) sb      a7, 3(gp)
core   0: 3 0x80000212 (0x011181a3) mem 0x80011251 0x00
core   0: 0x80000216 (0x6d593713) sltiu   a4, s2, 1749
core   0: 3 0x80000216 (0x6d593713) x14 0x00000000
core   0: 0x8000021a (0x00008759) c.srai  a4, 22
core   0: 3 0x8000021a (0x8759) x14 0x00000000
core   0: 0x8000021c (0x01719023) sh      s7, 0(gp)
core   0: 3 0x8000021c (0x01719023) mem 0x8001124e 0x00a6
core   0: 0x80000220 (0x340065f3) csrrsi  a1, mscratch, 0
core   0: 3 0x80000220 (0x340065f3) x11 0x00000000
core   0: 0x80000224 (0x0081cf83) lbu     t6, 8(gp)
core   0: 3 0x80000224 (0x0081cf83) x31 0x0000000d mem 0x80011256
core   0: 0x80000228 (0x4102d233) sra     tp, t0, a6
core   0: 3 0x80000228 (0x4102d233) x4  0x00000000
core   0: 0x8000022c (0x0000717d) c.addi16sp sp, -16
core   0: 3 0x8000022c (0x717d) x2  0xffffffe8
core   0: 0x8000022e (0x00d18783) lb      a5, 13(gp)
core   0: 3 0x8000022e (0x00d18783) x15 0xffffffa6 mem 0x8001125b
core   0: 0x80000232 (0x00d18583) lb      a1, 13(gp)
core   0: 3 0x80000232 (0x00d18583) x11 0xffffffa6 mem 0x8001125b
core   0: 0x80000236 (0x00014117) auipc   sp, 0x14
core   0: 3 0x80000236 (0x00014117) x2  0x80014236
core   0: 0x8000023a (0x3a310113) addi    sp, sp, 931
core   0: 3 0x8000023a (0x3a310113) x2  0x800145d9
core   0: 0x8000023e (0x02209fb3) mulh    t6, ra, sp
core   0: 3 0x8000023e (0x02209fb3) x31 0x00000000
core   0: 0x80000242 (0x03e160b3) rem     ra, sp, t5
core   0: 3 0x80000242 (0x03e160b3) x1  0xfe1f4fb7
core   0: 0x80000246 (0xe5814703) lbu     a4, -424(sp)
core   0: 3 0x80000246 (0xe5814703) x14 0x000000ea mem 0x80014431
core   0: 0x8000024a (0x0ff0000f) fence   iorw,iorw
core   0: 3 0x8000024a (0x0ff0000f)
core   0: 0x8000024e (0xb5911f03) lh      t5, -1191(sp)
core   0: 3 0x8000024e (0xb5911f03) x30 0xffffe8e9 mem 0x80014132
core   0: 0x80000252 (0xe0b10423) sb      a1, -504(sp)
core   0: 3 0x80000252 (0xe0b10423) mem 0x800143e1 0xa6
core   0: 0x80000256 (0xed510f23) sb      s5, -290(sp)
core   0: 3 0x80000256 (0xed510f23) mem 0x800144b7 0x04
core   0: 0x8000025a (0xb1f10d23) sb      t6, -1254(sp)
core   0: 3 0x8000025a (0xb1f10d23) mem 0x800140f3 0x00
core   0: 0x8000025e (0x5ac10c03) lb      s8, 1452(sp)
core   0: 3 0x8000025e (0x5ac10c03) x24 0x0000003e mem 0x80014b85
core   0: 0x80000262 (0x0000997d) c.andi  a0, -1
core   0: 3 0x80000262 (0x997d) x10 0x00000000
core   0: 0x80000264 (0x00008e89) c.sub   a3, a0
core   0: 3 0x80000264 (0x8e89) x13 0x00000455
core   0: 0x80000266 (0xb4d10023) sb      a3, -1216(sp)
core   0: 3 0x80000266 (0xb4d10023) mem 0x80014119 0x55
core   0: 0x8000026a (0x02bdfcb3) remu    s9, s11, a1
core   0: 3 0x8000026a (0x02bdfcb3) x25 0x0000b4ad
core   0: 0x8000026e (0xcdf112a3) sh      t6, -827(sp)
core   0: 3 0x8000026e (0xcdf112a3) mem 0x8001429e 0x0000
core   0: 0x80000272 (0xefb121a3) sw      s11, -285(sp)
core   0: 3 0x80000272 (0xefb121a3) mem 0x800144bc 0x0000b4ad
core   0: 0x80000276 (0x000088d6) c.mv    a7, s5
core   0: 3 0x80000276 (0x88d6) x17 0x00000004
core   0: 0x80000278 (0x5ac10603) lb      a2, 1452(sp)
core   0: 3 0x80000278 (0x5ac10603) x12 0x0000003e mem 0x80014b85
core   0: 0x8000027c (0xa2510623) sb      t0, -1492(sp)
core   0: 3 0x8000027c (0xa2510623) mem 0x80014005 0x00
core   0: 0x80000280 (0x1f3b4017) auipc   zero, 0x1f3b4
core   0: 3 0x80000280 (0x1f3b4017)
core   0: 0x80000284 (0x0000831d) c.srli  a4, 7
core   0: 3 0x80000284 (0x831d) x14 0x00000001
core   0: 0x80000286 (0xa5214b03) lbu     s6, -1454(sp)
core   0: 3 0x80000286 (0xa5214b03) x22 0x000000e0 mem 0x8001402b
core   0: 0x8000028a (0xc8b8ab93) slti    s7, a7, -885
core   0: 3 0x8000028a (0xc8b8ab93) x23 0x00000000
core   0: 0x8000028e (0x50c10ba3) sb      a2, 1303(sp)
core   0: 3 0x8000028e (0x50c10ba3) mem 0x80014af0 0x3e
core   0: 0x80000292 (0x34003373) csrrc   t1, mscratch, zero
core   0: 3 0x80000292 (0x34003373) x6  0x00000000
core   0: 0x80000296 (0x00000001) c.nop
core   0: 3 0x80000296 (0x0001)
core   0: 0x80000298 (0x11511483) lh      s1, 277(sp)
core   0: 3 0x80000298 (0x11511483) x9  0xffffa4a5 mem 0x800146ee
core   0: 0x8000029c (0x000043f1) c.li    t2, 28
core   0: 3 0x8000029c (0x43f1) x7  0x0000001c
core   0: 0x8000029e (0x4170d513) srai    a0, ra, 23
core   0: 3 0x8000029e (0x4170d513) x10 0xfffffffc
core   0: 0x800002a2 (0xc2410b23) sb      tp, -970(sp)
core   0: 3 0x800002a2 (0xc2410b23) mem 0x8001420f 0x00
core   0: 0x800002a6 (0xa1a10703) lb      a4, -1510(sp)
core   0: 3 0x800002a6 (0xa1a10703) x14 0xffffffa8 mem 0x80013ff3
core   0: 0x800002aa (0x00f13fb3) sltu    t6, sp, a5
core   0: 3 0x800002aa (0x00f13fb3) x31 0x00000001
core   0: 0x800002ae (0xfe8110a3) sh      s0, -31(sp)
core   0: 3 0x800002ae (0xfe8110a3) mem 0x800145ba 0x0000
core   0: 0x800002b2 (0x0000069a) c.slli  a3, 6
core   0: 3 0x800002b2 (0x069a) x13 0x00011540
core   0: 0x800002b4 (0xf3f11d83) lh      s11, -193(sp)
core   0: 3 0x800002b4 (0xf3f11d83) x27 0xffffd2d3 mem 0x80014518
core   0: 0x800002b8 (0xdf210c23) sb      s2, -520(sp)
core   0: 3 0x800002b8 (0xdf210c23) mem 0x800143d1 0x00
core   0: 0x800002bc (0x554100a3) sb      s4, 1345(sp)
core   0: 3 0x800002bc (0x554100a3) mem 0x80014b1a 0x00
core   0: 0x800002c0 (0x2f510703) lb      a4, 757(sp)
core   0: 3 0x800002c0 (0x2f510703) x14 0xffffff85 mem 0x800148ce
core   0: 0x800002c4 (0xfd414603) lbu     a2, -44(sp)
core   0: 3 0x800002c4 (0xfd414603) x12 0x00000066 mem 0x800145ad
core   0: 0x800002c8 (0x03810003) lb      zero, 56(sp)
core   0: 3 0x800002c8 (0x03810003) mem 0x80014611
core   0: 0x800002cc (0x00008dad) c.xor   a1, a1
core   0: 3 0x800002cc (0x8dad) x11 0x00000000
core   0: 0x800002ce (0xa97100a3) sb      s7, -1407(sp)
core   0: 3 0x800002ce (0xa97100a3) mem 0x8001405a 0x00
core   0: 0x800002d2 (0x30c2e513) ori     a0, t0, 780
core   0: 3 0x800002d2 (0x30c2e513) x10 0x0000030c
core   0: 0x800002d6 (0xc89c7d13) andi    s10, s8, -887
core   0: 3 0x800002d6 (0xc89c7d13) x26 0x00000008
core   0: 0x800002da (0x02fafc33) remu    s8, s5, a5
core   0: 3 0x800002da (0x02fafc33) x24 0x00000004
core   0: 0x800002de (0x00008576) c.mv    a0, t4
core   0: 3 0x800002de (0x8576) x10 0x80025ea4
core   0: 0x800002e0 (0x37710923) sb      s7, 882(sp)
core   0: 3 0x800002e0 (0x37710923) mem 0x8001494b 0x00
core   0: 0x800002e4 (0xb7464593) xori    a1, a2, -1164
core   0: 3 0x800002e4 (0xb7464593) x11 0xfffffb12
core   0: 0x800002e8 (0x2c214703) lbu     a4, 706(sp)
core   0: 3 0x800002e8 (0x2c214703) x14 0x00000050 mem 0x8001489b
core   0: 0x800002ec (0xd1614383) lbu     t2, -746(sp)
core   0: 3 0x800002ec (0xd1614383) x7  0x000000a4 mem 0x800142ef
core   0: 0x800002f0 (0x0148f333) and     t1, a7, s4
core   0: 3 0x800002f0 (0x0148f333) x6  0x00000000
core   0: 0x800002f4 (0xaf611ba3) sh      s6, -1289(sp)
core   0: 3 0x800002f4 (0xaf611ba3) mem 0x800140d0 0x00e0
core   0: 0x800002f8 (0x00011897) auipc   a7, 0x11
core   0: 3 0x800002f8 (0x00011897) x17 0x800112f8
core   0: 0x800002fc (0xd0d88893) addi    a7, a7, -755
core   0: 3 0x800002fc (0xd0d88893) x17 0x80011005
core   0: 0x80000300 (0x0088cd03) lbu     s10, 8(a7)
core   0: 3 0x80000300 (0x0088cd03) x26 0x000000c6 mem 0x8001100d
core   0: 0x80000304 (0xf43891a3) sh      gp, -189(a7)
core   0: 3 0x80000304 (0xf43891a3) mem 0x80010f48 0x124e
core   0: 0x80000308 (0xf158d283) lhu     t0, -235(a7)
core   0: 3 0x80000308 (0xf158d283) x5  0x0000d0d1 mem 0x80010f1a
core   0: 0x8000030c (0xf8c88a23) sb      a2, -108(a7)
core   0: 3 0x8000030c (0xf8c88a23) mem 0x80010f99 0x66
core   0: 0x80000310 (0xfd688803) lb      a6, -42(a7)
core   0: 3 0x80000310 (0xfd688803) x16 0xffffff90 mem 0x80010fdb
core   0: 0x80000314 (0xfdc8c483) lbu     s1, -36(a7)
core   0: 3 0x80000314 (0xfdc8c483) x9  0x0000009a mem 0x80010fe1
core   0: 0x80000318 (0xf3688423) sb      s6, -216(a7)
core   0: 3 0x80000318 (0xf3688423) mem 0x80010f2d 0xe0
core   0: 0x8000031c (0xfa98d203) lhu     tp, -87(a7)
core   0: 3 0x8000031c (0xfa98d203) x4  0x00006465 mem 0x80010fae
core   0: 0x80000320 (0xf468a1a3) sw      t1, -189(a7)
core   0: 3 0x80000320 (0xf468a1a3) mem 0x80010f48 0x00000000
core   0: 0x80000324 (0xfd18aba3) sw      a7, -41(a7)
core   0: 3 0x80000324 (0xfd18aba3) mem 0x80010fdc 0x80011005
core   0: 0x80000328 (0xfb288803) lb      a6, -78(a7)
core   0: 3 0x80000328 (0xfb288803) x16 0x0000006c mem 0x80010fb7
core   0: 0x8000032c (0x340c9c73) csrrw   s8, mscratch, s9
core   0: 3 0x8000032c (0x340c9c73) x24 0x00000000 c832_mscratch 0x0000b4ad
core   0: 0x80000330 (0xfe088303) lb      t1, -32(a7)
core   0: 3 0x80000330 (0xfe088303) x6  0xffffff9e mem 0x80010fe5
core   0: 0x80000334 (0x00c7d333) srl     t1, a5, a2
core   0: 3 0x80000334 (0x00c7d333) x6  0x03fffffe
core   0: 0x80000338 (0x41930cb3) sub     s9, t1, s9
core   0: 3 0x80000338 (0x41930cb3) x25 0x03ff4b51
core   0: 0x8000033c (0xf0788023) sb      t2, -256(a7)
core   0: 3 0x8000033c (0xf0788023) mem 0x80010f05 0xa4
core   0: 0x80000340 (0xf6288783) lb      a5, -158(a7)
core   0: 3 0x80000340 (0xf6288783) x15 0x0000001c mem 0x80010f67
core   0: 0x80000344 (0x03188b03) lb      s6, 49(a7)
core   0: 3 0x80000344 (0x03188b03) x22 0xffffffed mem 0x80011036
core   0: 0x80000348 (0x00723733) sltu    a4, tp, t2
core   0: 3 0x80000348 (0x00723733) x14 0x00000000
core   0: 0x8000034c (0x340ad9f3) csrrwi  s3, mscratch, 21
core   0: 3 0x8000034c (0x340ad9f3) x19 0x0000b4ad c832_mscratch 0x00000015
core   0: 0x80000350 (0xf9a88083) lb      ra, -102(a7)
core   0: 3 0x80000350 (0xf9a88083) x1  0x00000054 mem 0x80010f9f
core   0: 0x80000354 (0xfc0885a3) sb      zero, -53(a7)
core   0: 3 0x80000354 (0xfc0885a3) mem 0x80010fd0 0x00
core   0: 0x80000358 (0xf1c8cb83) lbu     s7, -228(a7)
core   0: 3 0x80000358 (0xf1c8cb83) x23 0x000000da mem 0x80010f21
core   0: 0x8000035c (0x00000001) c.nop
core   0: 3 0x8000035c (0x0001)
core   0: 0x8000035e (0x002d8f33) add     t5, s11, sp
core   0: 3 0x8000035e (0x002d8f33) x30 0x800118ac
core   0: 0x80000362 (0x02d623b3) mulhsu  t2, a2, a3
core   0: 3 0x80000362 (0x02d623b3) x7  0x00000000
core   0: 0x80000366 (0xfd189603) lh      a2, -47(a7)
core   0: 3 0x80000366 (0xfd189603) x12 0xffff8c8d mem 0x80010fd6
core   0: 0x8000036a (0xff888d03) lb      s10, -8(a7)
core   0: 3 0x8000036a (0xff888d03) x26 0xffffffb6 mem 0x80010ffd
core   0: 0x8000036e (0x340cf4f3) csrrci  s1, mscratch, 25
core   0: 3 0x8000036e (0x340cf4f3) x9  0x00000015 c832_mscratch 0x00000004
core   0: 0x80000372 (0x00000b96) c.slli  s7, 5
core   0: 3 0x80000372 (0x0b96) x23 0x00001b40
core   0: 0x80000374 (0xfe088283) lb      t0, -32(a7)
core   0: 3 0x80000374 (0xfe088283) x5  0xffffff9e mem 0x80010fe5
core   0: 0x80000378 (0x0300cfb3) div     t6, ra, a6
core   0: 3 0x80000378 (0x0300cfb3) x31 0x00000000
core   0: 0x8000037c (0xf8d8d983) lhu     s3, -115(a7)
core   0: 3 0x8000037c (0xf8d8d983) x19 0x00004849 mem 0x80010f92
core   0: 0x80000380 (0x038e83b3) mul     t2, t4, s8
core   0: 3 0x80000380 (0x038e83b3) x7  0x00000000
core   0: 0x80000384 (0xf8a88a83) lb      s5, -118(a7)
core   0: 3 0x80000384 (0xf8a88a83) x21 0x00000044 mem 0x80010f8f
core   0: 0x80000388 (0x03b89303) lh      t1, 59(a7)
core   0: 3 0x80000388 (0x03b89303) x6  0xfffffafb mem 0x80011040
core   0: 0x8000038c (0xf478dc03) lhu     s8, -185(a7)
core   0: 3 0x8000038c (0xf478dc03) x24 0x00000607 mem 0x80010f4c
core   0: 0x80000390 (0xf2888323) sb      s0, -218(a7)
core   0: 3 0x80000390 (0xf2888323) mem 0x80010f2b 0x00
core   0: 0x80000394 (0xf7b8c003) lbu     zero, -133(a7)
core   0: 3 0x80000394 (0xf7b8c003) mem 0x80010f80
core   0: 0x80000398 (0x00010817) auipc   a6, 0x10
core   0: 3 0x80000398 (0x00010817) x16 0x80010398
core   0: 0x8000039c (0x7b280813) addi    a6, a6, 1970
core   0: 3 0x8000039c (0x7b280813) x16 0x80010b4a
core   0: 0x800003a0 (0x00c05513) srli    a0, zero, 12
core   0: 3 0x800003a0 (0x00c05513) x10 0x00000000
core   0: 0x800003a4 (0x00008d41) c.or    a0, s0
core   0: 3 0x800003a4 (0x8d41) x10 0x00000000
core   0: 0x800003a6 (0x026bd9b3) divu    s3, s7, t1
core   0: 3 0x800003a6 (0x026bd9b3) x19 0x00000000
core   0: 0x800003aa (0x008ce033) or      zero, s9, s0
core   0: 3 0x800003aa (0x008ce033)
core   0: 0x800003ae (0x007c08b3) add     a7, s8, t2
core   0: 3 0x800003ae (0x007c08b3) x17 0x00000607
core   0: 0x800003b2 (0x01d828b3) slt     a7, a6, t4
core   0: 3 0x800003b2 (0x01d828b3) x17 0x00000001
core   0: 0x800003b6 (0x0000717d) c.addi16sp sp, -16
core   0: 3 0x800003b6 (0x717d) x2  0x800145c9
core   0: 0x800003b8 (0x00000001) c.nop
core   0: 3 0x800003b8 (0x0001)
core   0: 0x800003ba (0x000080f1) c.srli  s1, 28
core   0: 3 0x800003ba (0x80f1) x9  0x00000000
core   0: 0x800003bc (0x4182d593) srai    a1, t0, 24
core   0: 3 0x800003bc (0x4182d593) x11 0xffffffff
core   0: 0x800003c0 (0x00000598) c.addi4spn a4, sp, 704
core   0: 3 0x800003c0 (0x0598) x14 0x80014889
core   0: 0x800003c2 (0x036a5f33) divu    t5, s4, s6
core   0: 3 0x800003c2 (0x036a5f33) x30 0x00000000
core   0: 0x800003c6 (0x5d750093) addi    ra, a0, 1495
core   0: 3 0x800003c6 (0x5d750093) x1  0x000005d7
core   0: 0x800003ca (0x07881f03) lh      t5, 120(a6)
core   0: 3 0x800003ca (0x07881f03) x30 0x00007879 mem 0x80010bc2
core   0: 0x800003ce (0x44384683) lbu     a3, 1091(a6)
core   0: 3 0x800003ce (0x44384683) x13 0x00000046 mem 0x80010f8d
core   0: 0x800003d2 (0x0000189c) c.addi4spn a5, sp, 112
core   0: 3 0x800003d2 (0x189c) x15 0x80014639
core   0: 0x800003d4 (0x3407e673) csrrsi  a2, mscratch, 15
core   0: 3 0x800003d4 (0x3407e673) x12 0x00000004 c832_mscratch 0x0000000f
core   0: 0x800003d8 (0x03b2d733) divu    a4, t0, s11
core   0: 3 0x800003d8 (0x03b2d733) x14 0x00000001
core   0: 0x800003dc (0x408e03b3) sub     t2, t3, s0
core   0: 3 0x800003dc (0x408e03b3) x7  0x80029d24
core   0: 0x800003e0 (0x01235f33) srl     t5, t1, s2
core   0: 3 0x800003e0 (0x01235f33) x30 0xfffffafb
core   0: 0x800003e4 (0x00004369) c.li    t1, 26
core   0: 3 0x800003e4 (0x4369) x6  0x0000001a
core   0: 0x800003e6 (0xab780ea3) sb      s7, -1347(a6)
core   0: 3 0x800003e6 (0xab780ea3) mem 0x80010607 0x40
core   0: 0x800003ea (0x44f80a83) lb      s5, 1103(a6)
core   0: 3 0x800003ea (0x44f80a83) x21 0x00000066 mem 0x80010f99
core   0: 0x800003ee (0x00c84983) lbu     s3, 12(a6)
core   0: 3 0x800003ee (0x00c84983) x19 0x0000000d mem 0x80010b56
core   0: 0x800003f2 (0x00009942) c.add   s2, a6
core   0: 3 0x800003f2 (0x9942) x18 0xa9794b4a
core   0: 0x800003f4 (0x00008d39) c.xor   a0, a4
core   0: 3 0x800003f4 (0x8d39) x10 0x00000001
core   0: 0x800003f6 (0xcf384a03) lbu     s4, -781(a6)
core   0: 3 0x800003f6 (0xcf384a03) x20 0x000000f6 mem 0x8001083d
core   0: 0x800003fa (0xd7384283) lbu     t0, -653(a6)
core   0: 3 0x800003fa (0xd7384283) x5  0x00000076 mem 0x800108bd
core   0: 0x800003fe (0x49282783) lw      a5, 1170(a6)
core   0: 3 0x800003fe (0x49282783) x15 0x80011005 mem 0x80010fdc
core   0: 0x80000402 (0x00001a08) c.addi4spn a0, sp, 304
core   0: 3 0x80000402 (0x1a08) x10 0x800146f9
core   0: 0x80000404 (0x03f74f33) div     t5, a4, t6
core   0: 3 0x80000404 (0x03f74f33) x30 0xffffffff
core   0: 0x80000408 (0xeba1a593) slti    a1, gp, -326
core   0: 3 0x80000408 (0xeba1a593) x11 0x00000001
core   0: 0x8000040c (0x02f46333) rem     t1, s0, a5
core   0: 3 0x8000040c (0x02f46333) x6  0x00000000
core   0: 0x80000410 (0x1df80c83) lb      s9, 479(a6)
core   0: 3 0x80000410 (0x1df80c83) x25 0xffffffe2 mem 0x80010d29
core   0: 0x80000414 (0xa2380d83) lb      s11, -1501(a6)
core   0: 3 0x80000414 (0xa2380d83) x27 0x00000026 mem 0x8001056d
core   0: 0x80000418 (0x46b80a83) lb      s5, 1131(a6)
core   0: 3 0x80000418 (0x46b80a83) x21 0x0000006e mem 0x80010fb5
core   0: 0x8000041c (0x01962ab3) slt     s5, a2, s9
core   0: 3 0x8000041c (0x01962ab3) x21 0x00000000
core   0: 0x80000420 (0xa3580ba3) sb      s5, -1481(a6)
core   0: 3 0x80000420 (0xa3580ba3) mem 0x80010581 0x00
core   0: 0x80000424 (0x00f998b3) sll     a7, s3, a5
core   0: 3 0x80000424 (0x00f998b3) x17 0x000001a0
core   0: 0x80000428 (0x0284b7b3) mulhu   a5, s1, s0
core   0: 3 0x80000428 (0x0284b7b3) x15 0x00000000
core   0: 0x8000042c (0xcd580f23) sb      s5, -802(a6)
core   0: 3 0x8000042c (0xcd580f23) mem 0x80010828 0x00
core   0: 0x80000430 (0xcff80703) lb      a4, -769(a6)
core   0: 3 0x80000430 (0xcff80703) x14 0x00000002 mem 0x80010849
core   0: 0x80000434 (0x029aa1b3) mulhsu  gp, s5, s1
core   0: 3 0x80000434 (0x029aa1b3) x3  0x00000000
core   0: 0x80000438 (0xb1085683) lhu     a3, -1264(a6)
core   0: 3 0x80000438 (0xb1085683) x13 0x00001011 mem 0x8001065a
core   0: 0x8000043c (0x00010f17) auipc   t5, 0x10
core   0: 3 0x8000043c (0x00010f17) x30 0x8001043c
core   0: 0x80000440 (0x205f0f13) addi    t5, t5, 517
core   0: 3 0x80000440 (0x205f0f13) x30 0x80010641
core   0: 0x80000444 (0x00008da5) c.xor   a1, s1
core   0: 3 0x80000444 (0x8da5) x11 0x00000001
core   0: 0x80000446 (0xf9df1283) lh      t0, -99(t5)
core   0: 3 0x80000446 (0xf9df1283) x5  0xffff9495 mem 0x800105de
core   0: 0x8000044a (0x3b4f7497) auipc   s1, 0x3b4f7
core   0: 3 0x8000044a (0x3b4f7497) x9  0xbb4f744a
core   0: 0x8000044e (0xff5f0903) lb      s2, -11(t5)
core   0: 3 0x8000044e (0xff5f0903) x18 0xffffffed mem 0x80010636
core   0: 0x80000452 (0x00c69093) slli    ra, a3, 12
core   0: 3 0x80000452 (0x00c69093) x1  0x01011000
core   0: 0x80000456 (0x41a9ef93) ori     t6, s3, 1050
core   0: 3 0x80000456 (0x41a9ef93) x31 0x0000041f
core   0: 0x8000045a (0x00008f35) c.xor   a4, a3
core   0: 3 0x8000045a (0x8f35) x14 0x00001013
core   0: 0x8000045c (0x087f4d03) lbu     s10, 135(t5)
core   0: 3 0x8000045c (0x087f4d03) x26 0x00000083 mem 0x800106c8
core   0: 0x80000460 (0x0a5f1a03) lh      s4, 165(t5)
core   0: 3 0x80000460 (0x0a5f1a03) x20 0xffff9c9d mem 0x800106e6
core   0: 0x80000464 (0x00008271) c.srli  a2, 28
core   0: 3 0x80000464 (0x8271) x12 0x00000000
core   0: 0x80000466 (0x0f6f4c03) lbu     s8, 246(t5)
core   0: 3 0x80000466 (0x0f6f4c03) x24 0x000000ec mem 0x80010737
core   0: 0x8000046a (0x031dd2b3) divu    t0, s11, a7
core   0: 3 0x8000046a (0x031dd2b3) x5  0x00000000
core   0: 0x8000046e (0xfcdf2fa3) sw      a3, -33(t5)
core   0: 3 0x8000046e (0xfcdf2fa3) mem 0x80010620 0x00001011
core   0: 0x80000472 (0x01f03133) snez    sp, t6
core   0: 3 0x80000472 (0x01f03133) x2  0x00000001
core   0: 0x80000476 (0x00b1b4b3) sltu    s1, gp, a1
core   0: 3 0x80000476 (0x00b1b4b3) x9  0x00000001
core   0: 0x8000047a (0xf06f0c23) sb      t1, -232(t5)
core   0: 3 0x8000047a (0xf06f0c23) mem 0x80010559 0x00
core   0: 0x8000047e (0x0000995a) c.add   s2, s6
core   0: 3 0x8000047e (0x995a) x18 0xffffffda
core   0: 0x80000480 (0x041f1103) lh      sp, 65(t5)
core   0: 3 0x80000480 (0x041f1103) x2  0x00003839 mem 0x80010682
core   0: 0x80000484 (0xff0f0f23) sb      a6, -2(t5)
core   0: 3 0x80000484 (0xff0f0f23) mem 0x8001063f 0x4a
core   0: 0x80000488 (0xf9af10a3) sh      s10, -127(t5)
core   0: 3 0x80000488 (0xf9af10a3) mem 0x800105c2 0x0083
core   0: 0x8000048c (0x2840ad17) auipc   s10, 0x2840a
core   0: 3 0x8000048c (0x2840ad17) x26 0xa840a48c
core   0: 0x80000490 (0xa81d9037) lui     zero, 0xa81d9
core   0: 3 0x80000490 (0xa81d9037)
core   0: 0x80000494 (0x088f4383) lbu     t2, 136(t5)
core   0: 3 0x80000494 (0x088f4383) x7  0x00000082 mem 0x800106c9
core   0: 0x80000498 (0xfd8f4983) lbu     s3, -40(t5)
core   0: 3 0x80000498 (0xfd8f4983) x19 0x000000d2 mem 0x80010619
core   0: 0x8000049c (0x072f4b03) lbu     s6, 114(t5)
core   0: 3 0x8000049c (0x072f4b03) x22 0x00000068 mem 0x800106b3
core   0: 0x800004a0 (0x00000001) c.nop
core   0: 3 0x800004a0 (0x0001)
core   0: 0x800004a2 (0xf64f4083) lbu     ra, -156(t5)
core   0: 3 0x800004a2 (0xf64f4083) x1  0x0000005e mem 0x800105a5
core   0: 0x800004a6 (0xf06f0d03) lb      s10, -250(t5)
core   0: 3 0x800004a6 (0xf06f0d03) x26 0xfffffffc mem 0x80010547
core   0: 0x800004aa (0x0a2f0483) lb      s1, 162(t5)
core   0: 3 0x800004aa (0x0a2f0483) x9  0xffffff98 mem 0x800106e3
core   0: 0x800004ae (0x00184db3) xor     s11, a6, ra
core   0: 3 0x800004ae (0x00184db3) x27 0x80010b14
core   0: 0x800004b2 (0xf58f4103) lbu     sp, -168(t5)
core   0: 3 0x800004b2 (0xf58f4103) x2  0x00000052 mem 0x80010599
core   0: 0x800004b6 (0x0000010c) c.addi4spn a1, sp, 128
core   0: 3 0x800004b6 (0x010c) x11 0x000000d2
core   0: 0x800004b8 (0x41e658b3) sra     a7, a2, t5
core   0: 3 0x800004b8 (0x41e658b3) x17 0x00000000
core   0: 0x800004bc (0xf57f05a3) sb      s7, -181(t5)
core   0: 3 0x800004bc (0xf57f05a3) mem 0x8001058c 0x40
core   0: 0x800004c0 (0x016f4a03) lbu     s4, 22(t5)
core   0: 3 0x800004c0 (0x016f4a03) x20 0x0000000c mem 0x80010657
core   0: 0x800004c4 (0x000099fd) c.andi  a1, -1
core   0: 3 0x800004c4 (0x99fd) x11 0x000000d2
core   0: 0x800004c6 (0xfc5f1903) lh      s2, -59(t5)
core   0: 3 0x800004c6 (0xfc5f1903) x18 0x000040bd mem 0x80010606
core   0: 0x800004ca (0x0e0f4483) lbu     s1, 224(t5)
core   0: 3 0x800004ca (0x0e0f4483) x9  0x000000da mem 0x80010721
core   0: 0x800004ce (0x00008ce5) c.and   s1, s1
core   0: 3 0x800004ce (0x8ce5) x9  0x000000da
core   0: 0x800004d0 (0xfa8f0783) lb      a5, -88(t5)
core   0: 3 0x800004d0 (0xfa8f0783) x15 0xffffffa2 mem 0x800105e9
core   0: 0x800004d4 (0xf47f0b23) sb      t2, -170(t5)
core   0: 3 0x800004d4 (0xf47f0b23) mem 0x80010597 0x82
core   0: 0x800004d8 (0x0c5f5c03) lhu     s8, 197(t5)
core   0: 3 0x800004d8 (0x0c5f5c03) x24 0x0000bcbd mem 0x80010706
core   0: 0x800004dc (0x025f5803) lhu     a6, 37(t5)
core   0: 3 0x800004dc (0x025f5803) x16 0x00001c1d mem 0x80010666
core   0: 0x800004e0 (0x00010897) auipc   a7, 0x10
core   0: 3 0x800004e0 (0x00010897) x17 0x800104e0
core   0: 0x800004e4 (0xce988893) addi    a7, a7, -791
core   0: 3 0x800004e4 (0xce988893) x17 0x800101c9
core   0: 0x800004e8 (0x36fc6393) ori     t2, s8, 879
core   0: 3 0x800004e8 (0x36fc6393) x7  0x0000bfff
core   0: 0x800004ec (0x08e8cc83) lbu     s9, 142(a7)
core   0: 3 0x800004ec (0x08e8cc83) x25 0x0000000c mem 0x80010257
core   0: 0x800004f0 (0xf2f89383) lh      t2, -209(a7)
core   0: 3 0x800004f0 (0xf2f89383) x7  0xffffb2b3 mem 0x800100f8
core   0: 0x800004f4 (0x01f4e4b3) or      s1, s1, t6
core   0: 3 0x800004f4 (0x01f4e4b3) x9  0x000004df
core   0: 0x800004f8 (0xfda88623) sb      s10, -52(a7)
core   0: 3 0x800004f8 (0xfda88623) mem 0x80010195 0xfc
core   0: 0x800004fc (0x0b688623) sb      s6, 172(a7)
core   0: 3 0x800004fc (0x0b688623) mem 0x80010275 0x68
core   0: 0x80000500 (0xf088c283) lbu     t0, -248(a7)
core   0: 3 0x80000500 (0xf088c283) x5  0x0000008a mem 0x800100d1
core   0: 0x80000504 (0x00001d18) c.addi4spn a4, sp, 688
core   0: 3 0x80000504 (0x1d18) x14 0x00000302
core   0: 0x80000506 (0x01bcdb13) srli    s6, s9, 27
core   0: 3 0x80000506 (0x01bcdb13) x22 0x00000000
core   0: 0x8000050a (0xf1e8c903) lbu     s2, -226(a7)
core   0: 3 0x8000050a (0xf1e8c903) x18 0x0000009c mem 0x800100e7
core   0: 0x8000050e (0x08a88003) lb      zero, 138(a7)
core   0: 3 0x8000050e (0x08a88003) mem 0x80010253
core   0: 0x80000512 (0x1008c683) lbu     a3, 256(a7)
core   0: 3 0x80000512 (0x1008c683) x13 0x00000082 mem 0x800102c9
core   0: 0x80000516 (0x01f05713) srli    a4, zero, 31
core   0: 3 0x80000516 (0x01f05713) x14 0x00000000
core   0: 0x8000051a (0x00008da9) c.xor   a1, a0
core   0: 3 0x8000051a (0x8da9) x11 0x8001462b
core   0: 0x8000051c (0x340023f3) csrr    t2, mscratch
core   0: 3 0x8000051c (0x340023f3) x7  0x0000000f
core   0: 0x80000520 (0x00000b8c) c.addi4spn a1, sp, 464
core   0: 3 0x80000520 (0x0b8c) x11 0x00000222
core   0: 0x80000522 (0x0e888123) sb      s0, 226(a7)
core   0: 3 0x80000522 (0x0e888123) mem 0x800102ab 0x00
core   0: 0x80000526 (0xfd18d983) lhu     s3, -47(a7)
core   0: 3 0x80000526 (0xfd18d983) x19 0x00005051 mem 0x8001019a
core   0: 0x8000052a (0x0378ca83) lbu     s5, 55(a7)
core   0: 3 0x8000052a (0x0378ca83) x21 0x000000bb mem 0x80010200
core   0: 0x8000052e (0x7efc5597) auipc   a1, 0x7efc5
core   0: 3 0x8000052e (0x7efc5597) x11 0xfefc552e
core   0: 0x80000532 (0x028316b3) mulh    a3, t1, s0
core   0: 3 0x80000532 (0x028316b3) x13 0x00000000
core   0: 0x80000536 (0x00008fd1) c.or    a5, a2
core   0: 3 0x80000536 (0x8fd1) x15 0xffffffa2
core   0: 0x80000538 (0xfb188aa3) sb      a7, -75(a7)
core   0: 3 0x80000538 (0xfb188aa3) mem 0x8001017e 0xc9
core   0: 0x8000053c (0x022bd833) divu    a6, s7, sp
core   0: 3 0x8000053c (0x022bd833) x16 0x00000055
core   0: 0x80000540 (0xfe28c803) lbu     a6, -30(a7)
core   0: 3 0x80000540 (0xfe28c803) x16 0x00000060 mem 0x800101ab
core   0: 0x80000544 (0xf3388d23) sb      s3, -198(a7)
core   0: 3 0x80000544 (0xf3388d23) mem 0x80010103 0x51
core   0: 0x80000548 (0xf9888503) lb      a0, -104(a7)
core   0: 3 0x80000548 (0xf9888503) x10 0x0000001a mem 0x80010161
core   0: 0x8000054c (0x000003b9) c.addi  t2, 14
core   0: 3 0x8000054c (0x03b9) x7  0x0000001d
core   0: 0x8000054e (0x06488483) lb      s1, 100(a7)
core   0: 3 0x8000054e (0x06488483) x9  0xffffffe6 mem 0x8001022d
core   0: 0x80000552 (0xf7d88223) sb      t4, -156(a7)
core   0: 3 0x80000552 (0xf7d88223) mem 0x8001012d 0xa4
core   0: 0x80000556 (0x013c0fb3) add     t6, s8, s3
core   0: 3 0x80000556 (0x013c0fb3) x31 0x00010d0e
core   0: 0x8000055a (0x000f6033) or      zero, t5, zero
core   0: 3 0x8000055a (0x000f6033)
core   0: 0x8000055e (0x00649c33) sll     s8, s1, t1
core   0: 3 0x8000055e (0x00649c33) x24 0xffffffe6
core   0: 0x80000562 (0x07e88823) sb      t5, 112(a7)
core   0: 3 0x80000562 (0x07e88823) mem 0x80010239 0x41
core   0: 0x80000566 (0x0c8886a3) sb      s0, 205(a7)
core   0: 3 0x80000566 (0x0c8886a3) mem 0x80010296 0x00
core   0: 0x8000056a (0x0ff0000f) fence   iorw,iorw
core   0: 3 0x8000056a (0x0ff0000f)
core   0: 0x8000056e (0xeeb33613) sltiu   a2, t1, -277
core   0: 3 0x8000056e (0xeeb33613) x12 0x00000001
core   0: 0x80000572 (0xfa988f03) lb      t5, -87(a7)
core   0: 3 0x80000572 (0xfa988f03) x30 0x00000029 mem 0x80010172
core   0: 0x80000576 (0x0366a533) mulhsu  a0, a3, s6
core   0: 3 0x80000576 (0x0366a533) x10 0x00000000
core   0: 0x8000057a (0x340adc73) csrrwi  s8, mscratch, 21
core   0: 3 0x8000057a (0x340adc73) x24 0x0000000f c832_mscratch 0x00000015
core   0: 0x8000057e (0x04e88383) lb      t2, 78(a7)
core   0: 3 0x8000057e (0x04e88383) x7  0xffffffcc mem 0x80010217
core   0: 0x80000582 (0x0ff88583) lb      a1, 255(a7)
core   0: 3 0x80000582 (0x0ff88583) x11 0xffffff83 mem 0x800102c8
core   0: 0x80000586 (0x736ab913) sltiu   s2, s5, 1846
core   0: 3 0x80000586 (0x736ab913) x18 0x00000001
core   0: 0x8000058a (0x00ca90b3) sll     ra, s5, a2
core   0: 3 0x8000058a (0x00ca90b3) x1  0x00000176
core   0: 0x8000058e (0x0f58a9a3) sw      s5, 243(a7)
core   0: 3 0x8000058e (0x0f58a9a3) mem 0x800102bc 0x000000bb
core   0: 0x80000592 (0x03a37633) remu    a2, t1, s10
core   0: 3 0x80000592 (0x03a37633) x12 0x00000000
core   0: 0x80000596 (0x00006f05) c.lui   t5, 0x1
core   0: 3 0x80000596 (0x6f05) x30 0x00001000
core   0: 0x80000598 (0x00a75a33) srl     s4, a4, a0
core   0: 3 0x80000598 (0x00a75a33) x20 0x00000000
core   0: 0x8000059c (0x02909f33) mulh    t5, ra, s1
core   0: 3 0x8000059c (0x02909f33) x30 0xffffffff
core   0: 0x800005a0 (0x006dd1b3) srl     gp, s11, t1
core   0: 3 0x800005a0 (0x006dd1b3) x3  0x80010b14
core   0: 0x800005a4 (0x41455ab3) sra     s5, a0, s4
core   0: 3 0x800005a4 (0x41455ab3) x21 0x00000000
core   0: 0x800005a8 (0xf0d8dc03) lhu     s8, -243(a7)
core   0: 3 0x800005a8 (0xf0d8dc03) x24 0x00008c8d mem 0x800100d6
core   0: 0x800005ac (0x00020c17) auipc   s8, 0x20
core   0: 3 0x800005ac (0x00020c17) x24 0x800205ac
core   0: 0x800005b0 (0xdc8c0c13) addi    s8, s8, -568
core   0: 3 0x800005b0 (0xdc8c0c13) x24 0x80020374
core   0: 0x800005b4 (0x00b1ef33) or      t5, gp, a1
core   0: 3 0x800005b4 (0x00b1ef33) x30 0xffffff97
core   0: 0x800005b8 (0x34035873) csrrwi  a6, mscratch, 6
core   0: 3 0x800005b8 (0x34035873) x16 0x00000015 c832_mscratch 0x00000006
core   0: 0x800005bc (0xfd0c2503) lw      a0, -48(s8)
core   0: 3 0x800005bc (0xfd0c2503) x10 0xfcfdfeff mem 0x80020344
core   0: 0x800005c0 (0x3403d373) csrrwi  t1, mscratch, 7
core   0: 3 0x800005c0 (0x3403d373) x6  0x00000006 c832_mscratch 0x00000007
core   0: 0x800005c4 (0x0000818d) c.srli  a1, 3
core   0: 3 0x800005c4 (0x818d) x11 0x1ffffff0
core   0: 0x800005c6 (0x00000b36) c.slli  s6, 13
core   0: 3 0x800005c6 (0x0b36) x22 0x00000000
core   0: 0x800005c8 (0xfd3c0a83) lb      s5, -45(s8)
core   0: 3 0x800005c8 (0xfd3c0a83) x21 0xfffffffc mem 0x80020347
core   0: 0x800005cc (0x002c0623) sb      sp, 12(s8)
core   0: 3 0x800005cc (0x002c0623) mem 0x80020380 0x52
core   0: 0x800005d0 (0x02f435b3) mulhu   a1, s0, a5
core   0: 3 0x800005d0 (0x02f435b3) x11 0x00000000
core   0: 0x800005d4 (0x0054b633) sltu    a2, s1, t0
core   0: 3 0x800005d4 (0x0054b633) x12 0x00000000
core   0: 0x800005d8 (0xfedc0f03) lb      t5, -19(s8)
core   0: 3 0x800005d8 (0xfedc0f03) x30 0x0000001a mem 0x80020361
core   0: 0x800005dc (0x03063d33) mulhu   s10, a2, a6
core   0: 3 0x800005dc (0x03063d33) x26 0x00000000
core   0: 0x800005e0 (0x3408d6f3) csrrwi  a3, mscratch, 17
core   0: 3 0x800005e0 (0x3408d6f3) x13 0x00000007 c832_mscratch 0x00000011
core   0: 0x800005e4 (0x02c9e633) rem     a2, s3, a2
core   0: 3 0x800005e4 (0x02c9e633) x12 0x00005051
core   0: 0x800005e8 (0x00001bfd) c.addi  s7, -1
core   0: 3 0x800005e8 (0x1bfd) x23 0x00001b3f
core   0: 0x800005ea (0x00009b7d) c.andi  a4, -1
core   0: 3 0x800005ea (0x9b7d) x14 0x00000000
core   0: 0x800005ec (0x00032633) slt     a2, t1, zero
core   0: 3 0x800005ec (0x00032633) x12 0x00000000
core   0: 0x800005f0 (0x00008ebd) c.xor   a3, a5
core   0: 3 0x800005f0 (0x8ebd) x13 0xffffffa5
core   0: 0x800005f2 (0xfc1c1723) sh      ra, -50(s8)
core   0: 3 0x800005f2 (0xfc1c1723) mem 0x80020342 0x0176
core   0: 0x800005f6 (0x000c0d83) lb      s11, 0(s8)
core   0: 3 0x800005f6 (0x000c0d83) x27 0x0000002f mem 0x80020374
core   0: 0x800005fa (0x0ff0000f) fence   iorw,iorw
core   0: 3 0x800005fa (0x0ff0000f)
core   0: 0x800005fe (0x029c4283) lbu     t0, 41(s8)
core   0: 3 0x800005fe (0x029c4283) x5  0x00000056 mem 0x8002039d
core   0: 0x80000602 (0x00000895) c.addi  a7, 5
core   0: 3 0x80000602 (0x0895) x17 0x800101ce
core   0: 0x80000604 (0x00008f8d) c.sub   a5, a1
core   0: 3 0x80000604 (0x8f8d) x15 0xffffffa2
core   0: 0x80000606 (0x0000100f) fence.i
core   0: 3 0x80000606 (0x0000100f)
core   0: 0x8000060a (0x020e26b3) mulhsu  a3, t3, zero
core   0: 3 0x8000060a (0x020e26b3) x13 0x00000000
core   0: 0x8000060e (0xfd5c0ba3) sb      s5, -41(s8)
core   0: 3 0x8000060e (0xfd5c0ba3) mem 0x8002034b 0xfc
core   0: 0x80000612 (0x00008df1) c.and   a1, a2
core   0: 3 0x80000612 (0x8df1) x11 0x00000000
core   0: 0x80000614 (0x41283793) sltiu   a5, a6, 1042
core   0: 3 0x80000614 (0x41283793) x15 0x00000001
core   0: 0x80000618 (0xff3c0d03) lb      s10, -13(s8)
core   0: 3 0x80000618 (0xff3c0d03) x26 0x0000001c mem 0x80020367
core   0: 0x8000061c (0x3403d4f3) csrrwi  s1, mscratch, 7
core   0: 3 0x8000061c (0x3403d4f3) x9  0x00000011 c832_mscratch 0x00000007
core   0: 0x80000620 (0x002c1d23) sh      sp, 26(s8)
core   0: 3 0x80000620 (0x002c1d23) mem 0x8002038e 0x0052
core   0: 0x80000624 (0x02dc01a3) sb      a3, 35(s8)
core   0: 3 0x80000624 (0x02dc01a3) mem 0x80020397 0x00
core   0: 0x80000628 (0x019c2623) sw      s9, 12(s8)
core   0: 3 0x80000628 (0x019c2623) mem 0x80020380 0x0000000c
core   0: 0x8000062c (0x00010c97) auipc   s9, 0x10
core   0: 3 0x8000062c (0x00010c97) x25 0x8001062c
core   0: 0x80000630 (0xcedc8c93) addi    s9, s9, -787
core   0: 3 0x80000630 (0xcedc8c93) x25 0x80010319
core   0: 0x80000634 (0x00000911) c.addi  s2, 4
core   0: 3 0x80000634 (0x0911) x18 0x00000005
core   0: 0x80000636 (0x02703533) mulhu   a0, zero, t2
core   0: 3 0x80000636 (0x02703533) x10 0x00000000
core   0: 0x8000063a (0x34006673) csrrsi  a2, mscratch, 0
core   0: 3 0x8000063a (0x34006673) x12 0x00000007
core   0: 0x8000063e (0xf06c98a3) sh      t1, -239(s9)
core   0: 3 0x8000063e (0xf06c98a3) mem 0x8001022a 0x0006
core   0: 0x80000642 (0xf55cdf83) lhu     t6, -171(s9)
core   0: 3 0x80000642 (0xf55cdf83) x31 0x00002425 mem 0x8001026e
core   0: 0x80000646 (0x00000198) c.addi4spn a4, sp, 192
core   0: 3 0x80000646 (0x0198) x14 0x00000112
core   0: 0x80000648 (0xf4dc9b03) lh      s6, -179(s9)
core   0: 3 0x80000648 (0xf4dc9b03) x22 0x00001c1d mem 0x80010266
core   0: 0x8000064c (0x01345393) srli    t2, s0, 19
core   0: 3 0x8000064c (0x01345393) x7  0x00000000
core   0: 0x80000650 (0xfbfd8993) addi    s3, s11, -65
core   0: 3 0x80000650 (0xfbfd8993) x19 0xffffffee
core   0: 0x80000654 (0xfc8cc283) lbu     t0, -56(s9)
core   0: 3 0x80000654 (0xfc8cc283) x5  0x0000009a mem 0x800102e1
core   0: 0x80000658 (0x09f8cd93) xori    s11, a7, 159
core   0: 3 0x80000658 (0x09f8cd93) x27 0x80010151
core   0: 0x8000065c (0x00008269) c.srli  a2, 26
core   0: 3 0x8000065c (0x8269) x12 0x00000000
core   0: 0x8000065e (0x00008f25) c.xor   a4, s1
core   0: 3 0x8000065e (0x8f25) x14 0x00000103
core   0: 0x80000660 (0x02cc8d23) sb      a2, 58(s9)
core   0: 3 0x80000660 (0x02cc8d23) mem 0x80010353 0x00
core   0: 0x80000664 (0x3401af73) csrrs   t5, mscratch, gp
core   0: 3 0x80000664 (0x3401af73) x30 0x00000007 c832_mscratch 0x80010b17
core   0: 0x80000668 (0xf84c8823) sb      tp, -112(s9)
core   0: 3 0x80000668 (0xf84c8823) mem 0x800102a9 0x65
core   0: 0x8000066c (0x043cdc03) lhu     s8, 67(s9)
core   0: 3 0x8000066c (0x043cdc03) x24 0x00001617 mem 0x8001035c
core   0: 0x80000670 (0xf85c84a3) sb      t0, -119(s9)
core   0: 3 0x80000670 (0xf85c84a3) mem 0x800102a2 0x9a
core   0: 0x80000674 (0x000018fd) c.addi  a7, -1
core   0: 3 0x80000674 (0x18fd) x17 0x800101cd
core   0: 0x80000676 (0x0d4c8b03) lb      s6, 212(s9)
core   0: 3 0x80000676 (0x0d4c8b03) x22 0xffffffa6 mem 0x800103ed
core   0: 0x8000067a (0x00000001) c.nop
core   0: 3 0x8000067a (0x0001)
core   0: 0x8000067c (0xf80c8d03) lb      s10, -128(s9)
core   0: 3 0x8000067c (0xf80c8d03) x26 0x00000052 mem 0x80010299
core   0: 0x80000680 (0x0a7c9f03) lh      t5, 167(s9)
core   0: 3 0x80000680 (0x0a7c9f03) x30 0x00007a7b mem 0x800103c0
core   0: 0x80000684 (0x032fd8b3) divu    a7, t6, s2
core   0: 3 0x80000684 (0x032fd8b3) x17 0x0000073a
core   0: 0x80000688 (0x00861f33) sll     t5, a2, s0
core   0: 3 0x80000688 (0x00861f33) x30 0x00000000
core   0: 0x8000068c (0x0000138c) c.addi4spn a1, sp, 480
core   0: 3 0x8000068c (0x138c) x11 0x00000232
core   0: 0x8000068e (0xfe6cc603) lbu     a2, -26(s9)
core   0: 3 0x8000068e (0xfe6cc603) x12 0x000000b4 mem 0x800102ff
core   0: 0x80000692 (0x039cda83) lhu     s5, 57(s9)
core   0: 3 0x80000692 (0x039cda83) x21 0x00000009 mem 0x80010352
core   0: 0x80000696 (0x039c8d23) sb      s9, 58(s9)
core   0: 3 0x80000696 (0x039c8d23) mem 0x80010353 0x19
core   0: 0x8000069a (0x067cc183) lbu     gp, 103(s9)
core   0: 3 0x8000069a (0x067cc183) x3  0x0000003b mem 0x80010380
core   0: 0x8000069e (0x00010117) auipc   sp, 0x10
core   0: 3 0x8000069e (0x00010117) x2  0x8001069e
core   0: 0x800006a2 (0x0ff10113) addi    sp, sp, 255
core   0: 3 0x800006a2 (0x0ff10113) x2  0x8001079d
core   0: 0x800006a6 (0x2e511503) lh      a0, 741(sp)
core   0: 3 0x800006a6 (0x2e511503) x10 0x00003839 mem 0x80010a82
core   0: 0x800006aa (0x00008dc9) c.or    a1, a0
core   0: 3 0x800006aa (0x8dc9) x11 0x00003a3b
core   0: 0x800006ac (0x45910b23) sb      s9, 1110(sp)
core   0: 3 0x800006ac (0x45910b23) mem 0x80010bf3 0x19
core   0: 0x800006b0 (0x34069573) csrrw   a0, mscratch, a3
core   0: 3 0x800006b0 (0x34069573) x10 0x80010b17 c832_mscratch 0x00000000
core   0: 0x800006b4 (0x5bb11ca3) sh      s11, 1465(sp)
core   0: 3 0x800006b4 (0x5bb11ca3) mem 0x80010d56 0x0151
core   0: 0x800006b8 (0xc4b11783) lh      a5, -949(sp)
core   0: 3 0x800006b8 (0xc4b11783) x15 0xffffa2a3 mem 0x800103e8
core   0: 0x800006bc (0xb8c14083) lbu     ra, -1140(sp)
core   0: 3 0x800006bc (0xb8c14083) x1  0x000000e2 mem 0x80010329
core   0: 0x800006c0 (0xe7214283) lbu     t0, -398(sp)
core   0: 3 0x800006c0 (0xe7214283) x5  0x000000c4 mem 0x8001060f
core   0: 0x800006c4 (0x3409a1f3) csrrs   gp, mscratch, s3
core   0: 3 0x800006c4 (0x3409a1f3) x3  0x00000000 c832_mscratch 0xffffffee
core   0: 0x800006c8 (0x01062233) slt     tp, a2, a6
core   0: 3 0x800006c8 (0x01062233) x4  0x00000000
core   0: 0x800006cc (0x0207c4b3) div     s1, a5, zero
core   0: 3 0x800006cc (0x0207c4b3) x9  0xffffffff
core   0: 0x800006d0 (0x6eb12283) lw      t0, 1771(sp)
core   0: 3 0x800006d0 (0x6eb12283) x5  0x40414243 mem 0x80010e88
core   0: 0x800006d4 (0xd7911803) lh      a6, -647(sp)
core   0: 3 0x800006d4 (0xd7911803) x16 0xffffcccd mem 0x80010516
core   0: 0x800006d8 (0x8ba10283) lb      t0, -1862(sp)
core   0: 3 0x800006d8 (0x8ba10283) x5  0x0000000c mem 0x80010057
core   0: 0x800006dc (0x00008fdd) c.or    a5, a5
core   0: 3 0x800006dc (0x8fdd) x15 0xffffa2a3
core   0: 0x800006de (0x48214983) lbu     s3, 1154(sp)
core   0: 3 0x800006de (0x48214983) x19 0x000000d4 mem 0x80010c1f
core   0: 0x800006e2 (0x00410f03) lb      t5, 4(sp)
core   0: 3 0x800006e2 (0x00410f03) x30 0x0000005a mem 0x800107a1
core   0: 0x800006e6 (0x5ac11ca3) sh      a2, 1465(sp)
core   0: 3 0x800006e6 (0x5ac11ca3) mem 0x80010d56 0x00b4
core   0: 0x800006ea (0x00635813) srli    a6, t1, 6
core   0: 3 0x800006ea (0x00635813) x16 0x00000000
core   0: 0x800006ee (0x03e61c33) mulh    s8, a2, t5
core   0: 3 0x800006ee (0x03e61c33) x24 0x00000000
core   0: 0x800006f2 (0x0ff0000f) fence   iorw,iorw
core   0: 3 0x800006f2 (0x0ff0000f)
core   0: 0x800006f6 (0x34091a73) csrrw   s4, mscratch, s2
core   0: 3 0x800006f6 (0x34091a73) x20 0xffffffee c832_mscratch 0x00000005
core   0: 0x800006fa (0x12d10d23) sb      a3, 314(sp)
core   0: 3 0x800006fa (0x12d10d23) mem 0x800108d7 0x00
core   0: 0x800006fe (0x66e10383) lb      t2, 1646(sp)
core   0: 3 0x800006fe (0x66e10383) x7  0xffffffc0 mem 0x80010e0b
core   0: 0x80000702 (0x00008cc1) c.or    s1, s0
core   0: 3 0x80000702 (0x8cc1) x9  0xffffffff
core   0: 0x80000704 (0x00008d05) c.sub   a0, s1
core   0: 3 0x80000704 (0x8d05) x10 0x80010b18
core   0: 0x80000706 (0xbeadaf93) slti    t6, s11, -1046
core   0: 3 0x80000706 (0xbeadaf93) x31 0x00000001
core   0: 0x8000070a (0x03ef5033) divu    zero, t5, t5
core   0: 3 0x8000070a (0x03ef5033)
core   0: 0x8000070e (0xb9c14883) lbu     a7, -1124(sp)
core   0: 3 0x8000070e (0xb9c14883) x17 0x000000f2 mem 0x80010339
core   0: 0x80000712 (0x34095ff3) csrrwi  t6, mscratch, 18
core   0: 3 0x80000712 (0x34095ff3) x31 0x00000005 c832_mscratch 0x00000012
core   0: 0x80000716 (0x00008f05) c.sub   a4, s1
core   0: 3 0x80000716 (0x8f05) x14 0x00000104
core   0: 0x80000718 (0xd0f110a3) sh      a5, -767(sp)
core   0: 3 0x80000718 (0xd0f110a3) mem 0x8001049e 0xa2a3
core   0: 0x8000071c (0x0000851d) c.srai  a0, 7
core   0: 3 0x8000071c (0x851d) x10 0xff000216
core   0: 0x8000071e (0x00000001) c.nop
core   0: 3 0x8000071e (0x0001)
core   0: 0x80000720 (0x34027df3) csrrci  s11, mscratch, 4
core   0: 3 0x80000720 (0x34027df3) x27 0x00000012 c832_mscratch 0x00000012
core   0: 0x80000724 (0x00000001) c.nop
core   0: 3 0x80000724 (0x0001)
core   0: 0x80000726 (0x78915883) lhu     a7, 1929(sp)
core   0: 3 0x80000726 (0x78915883) x17 0x0000dcdd mem 0x80010f26
core   0: 0x8000072a (0x26ec44b7) lui     s1, 0x26ec4
core   0: 3 0x8000072a (0x26ec44b7) x9  0x26ec4000
core   0: 0x8000072e (0x64a14a83) lbu     s5, 1610(sp)
core   0: 3 0x8000072e (0x64a14a83) x21 0x0000009c mem 0x80010de7
core   0: 0x80000732 (0xc6d14c03) lbu     s8, -915(sp)
core   0: 3 0x80000732 (0xc6d14c03) x24 0x000000c1 mem 0x8001040a
core   0: 0x80000736 (0x6c4f1817) auipc   a6, 0x6c4f1
core   0: 3 0x80000736 (0x6c4f1817) x16 0xec4f1736
core   0: 0x8000073a (0x8ff11503) lh      a0, -1793(sp)
core   0: 3 0x8000073a (0x8ff11503) x10 0x00005657 mem 0x8001009c
core   0: 0x8000073e (0x00768933) add     s2, a3, t2
core   0: 3 0x8000073e (0x00768933) x18 0xffffffc0
core   0: 0x80000742 (0x0d610a03) lb      s4, 214(sp)
core   0: 3 0x80000742 (0x0d610a03) x20 0x00000028 mem 0x80010873
core   0: 0x80000746 (0x00017097) auipc   ra, 0x17
core   0: 3 0x80000746 (0x00017097) x1  0x80017746
core   0: 0x8000074a (0xec808093) addi    ra, ra, -312
core   0: 3 0x8000074a (0xec808093) x1  0x8001760e
core   0: 0x8000074e (0x41858733) sub     a4, a1, s8
core   0: 3 0x8000074e (0x41858733) x14 0x0000397a
core   0: 0x80000752 (0xfe009523) sh      zero, -22(ra)
core   0: 3 0x80000752 (0xfe009523) mem 0x800175f8 0x0000
core   0: 0x80000756 (0x00004af5) c.li    s5, 29
core   0: 3 0x80000756 (0x4af5) x21 0x0000001d
core   0: 0x80000758 (0xf6009f23) sh      zero, -130(ra)
core   0: 3 0x80000758 (0xf6009f23) mem 0x8001758c 0x0000
core   0: 0x8000075c (0x0283d133) divu    sp, t2, s0
core   0: 3 0x8000075c (0x0283d133) x2  0xffffffff
core   0: 0x80000760 (0x418e5593) srai    a1, t3, 24
core   0: 3 0x80000760 (0x418e5593) x11 0xffffff80
core   0: 0x80000764 (0xf130c603) lbu     a2, -237(ra)
core   0: 3 0x80000764 (0xf130c603) x12 0x000000da mem 0x80017521
core   0: 0x80000768 (0x01765893) srli    a7, a2, 23
core   0: 3 0x80000768 (0x01765893) x17 0x00000000
core   0: 0x8000076c (0x0a40df83) lhu     t6, 164(ra)
core   0: 3 0x8000076c (0x0a40df83) x31 0x00006869 mem 0x800176b2
core   0: 0x80000770 (0x9af74513) xori    a0, a4, -1617
core   0: 3 0x80000770 (0x9af74513) x10 0xffffc0d5
core   0: 0x80000774 (0x00009a4e) c.add   s4, s3
core   0: 3 0x80000774 (0x9a4e) x20 0x000000fc
core   0: 0x80000776 (0x000043f9) c.li    t2, 30
core   0: 3 0x80000776 (0x43f9) x7  0x0000001e
core   0: 0x80000778 (0x340794f3) csrrw   s1, mscratch, a5
core   0: 3 0x80000778 (0x340794f3) x9  0x00000012 c832_mscratch 0xffffa2a3
core   0: 0x8000077c (0x01091d33) sll     s10, s2, a6
core   0: 3 0x8000077c (0x01091d33) x26 0xf0000000
core   0: 0x80000780 (0x0ac08823) sb      a2, 176(ra)
core   0: 3 0x80000780 (0x0ac08823) mem 0x800176be 0xda
core   0: 0x80000784 (0x00e0d303) lhu     t1, 14(ra)
core   0: 3 0x80000784 (0x00e0d303) x6  0x0000d6d7 mem 0x8001761c
core   0: 0x80000788 (0xfe90c203) lbu     tp, -23(ra)
core   0: 3 0x80000788 (0xfe90c203) x4  0x000000ac mem 0x800175f7
core   0: 0x8000078c (0x00008d45) c.or    a0, s1
core   0: 3 0x8000078c (0x8d45) x10 0xffffc0d7
core   0: 0x8000078e (0xfba0d103) lhu     sp, -70(ra)
core   0: 3 0x8000078e (0xfba0d103) x2  0x00008283 mem 0x800175c8
core   0: 0x80000792 (0x00006ad9) c.lui   s5, 0x16
core   0: 3 0x80000792 (0x6ad9) x21 0x00016000
core   0: 0x80000794 (0x00000001) c.nop
core   0: 3 0x80000794 (0x0001)
core   0: 0x80000796 (0x000083cd) c.srli  a5, 19
core   0: 3 0x80000796 (0x83cd) x15 0x00001fff
core   0: 0x80000798 (0x410407b3) sub     a5, s0, a6
core   0: 3 0x80000798 (0x410407b3) x15 0x13b0e8ca
core   0: 0x8000079c (0x3402b273) csrrc   tp, mscratch, t0
core   0: 3 0x8000079c (0x3402b273) x4  0xffffa2a3 c832_mscratch 0xffffa2a3
core   0: 0x800007a0 (0x09208423) sb      s2, 136(ra)
core   0: 3 0x800007a0 (0x09208423) mem 0x80017696 0xc0
core   0: 0x800007a4 (0xd2258d13) addi    s10, a1, -734
core   0: 3 0x800007a4 (0xd2258d13) x26 0xfffffca2
core   0: 0x800007a8 (0x000081a5) c.srli  a1, 9
core   0: 3 0x800007a8 (0x81a5) x11 0x007fffff
core   0: 0x800007aa (0x340259f3) csrrwi  s3, mscratch, 4
core   0: 3 0x800007aa (0x340259f3) x19 0xffffa2a3 c832_mscratch 0x00000004
core   0: 0x800007ae (0xed077b93) andi    s7, a4, -304
core   0: 3 0x800007ae (0xed077b93) x23 0x00003850
core   0: 0x800007b2 (0x40e2d913) srai    s2, t0, 14
core   0: 3 0x800007b2 (0x40e2d913) x18 0x00000000
core   0: 0x800007b6 (0x0ff0000f) fence   iorw,iorw
core   0: 3 0x800007b6 (0x0ff0000f)
core   0: 0x800007ba (0xfca09003) lh      zero, -54(ra)
core   0: 3 0x800007ba (0xfca09003) mem 0x800175d8
core   0: 0x800007be (0x340cea73) csrrsi  s4, mscratch, 25
core   0: 3 0x800007be (0x340cea73) x20 0x00000004 c832_mscratch 0x0000001d
core   0: 0x800007c2 (0x00008f4d) c.or    a4, a1
core   0: 3 0x800007c2 (0x8f4d) x14 0x007fffff
core   0: 0x800007c4 (0x00dc96b3) sll     a3, s9, a3
core   0: 3 0x800007c4 (0x00dc96b3) x13 0x80010319
core   0: 0x800007c8 (0x4123ad13) slti    s10, t2, 1042
core   0: 3 0x800007c8 (0x4123ad13) x26 0x00000001
core   0: 0x800007cc (0x0d7083a3) sb      s7, 199(ra)
core   0: 3 0x800007cc (0x0d7083a3) mem 0x800176d5 0x50
core   0: 0x800007d0 (0x00000001) c.nop
core   0: 3 0x800007d0 (0x0001)
core   0: 0x800007d2 (0xea5b4d93) xori    s11, s6, -347
core   0: 3 0x800007d2 (0xea5b4d93) x27 0x00000103
core   0: 0x800007d6 (0x0ff0000f) fence   iorw,iorw
core   0: 3 0x800007d6 (0x0ff0000f)
core   0: 0x800007da (0x031eabb3) mulhsu  s7, t4, a7
core   0: 3 0x800007da (0x031eabb3) x23 0x00000000
core   0: 0x800007de (0xf8509b23) sh      t0, -106(ra)
core   0: 3 0x800007de (0xf8509b23) mem 0x800175a4 0x000c
core   0: 0x800007e2 (0x0001e117) auipc   sp, 0x1e
core   0: 3 0x800007e2 (0x0001e117) x2  0x8001e7e2
core   0: 0x800007e6 (0xb6010113) addi    sp, sp, -1184
core   0: 3 0x800007e6 (0xb6010113) x2  0x8001e342
core   0: 0x800007ea (0xf02101a3) sb      sp, -253(sp)
core   0: 3 0x800007ea (0xf02101a3) mem 0x8001e245 0x42
core   0: 0x800007ee (0xec766693) ori     a3, a2, -313
core   0: 3 0x800007ee (0xec766693) x13 0xfffffedf
core   0: 0x800007f2 (0x0ee11623) sh      a4, 236(sp)
core   0: 3 0x800007f2 (0x0ee11623) mem 0x8001e42e 0xffff
core   0: 0x800007f6 (0xf2114083) lbu     ra, -223(sp)
core   0: 3 0x800007f6 (0xf2114083) x1  0x00000018 mem 0x8001e263
core   0: 0x800007fa (0xb857fdb7) lui     s11, 0xb857f
core   0: 3 0x800007fa (0xb857fdb7) x27 0xb857f000
core   0: 0x800007fe (0xfd8101a3) sb      s8, -61(sp)
core   0: 3 0x800007fe (0xfd8101a3) mem 0x8001e305 0xc1
core   0: 0x80000802 (0x0cd10183) lb      gp, 205(sp)
core   0: 3 0x80000802 (0x0cd10183) x3  0xffffffc4 mem 0x8001e40f
core   0: 0x80000806 (0x9dfdff13) andi    t5, s11, -1569
core   0: 3 0x80000806 (0x9dfdff13) x30 0xb857f000
core   0: 0x8000080a (0xfd911e23) sh      s9, -36(sp)
core   0: 3 0x8000080a (0xfd911e23) mem 0x8001e31e 0x0319
core   0: 0x8000080e (0x000bd293) srli    t0, s7, 0
core   0: 3 0x8000080e (0x000bd293) x5  0x00000000
core   0: 0x80000812 (0x0a610323) sb      t1, 166(sp)
core   0: 3 0x80000812 (0x0a610323) mem 0x8001e3e8 0xd7
core   0: 0x80000816 (0xfbf14703) lbu     a4, -65(sp)
core   0: 3 0x80000816 (0xfbf14703) x14 0x000000ba mem 0x8001e301
core   0: 0x8000081a (0xf6f11123) sh      a5, -158(sp)
core   0: 3 0x8000081a (0xf6f11123) mem 0x8001e2a4 0xe8ca
core   0: 0x8000081e (0x08610c23) sb      t1, 152(sp)
core   0: 3 0x8000081e (0x08610c23) mem 0x8001e3da 0xd7
core   0: 0x80000822 (0x00000001) c.nop
core   0: 3 0x80000822 (0x0001)
core   0: 0x80000824 (0x01b6ab33) slt     s6, a3, s11
core   0: 3 0x80000824 (0x01b6ab33) x22 0x00000000
core   0: 0x80000828 (0x0c514583) lbu     a1, 197(sp)
core   0: 3 0x80000828 (0x0c514583) x11 0x000000bc mem 0x8001e407
core   0: 0x8000082c (0xfd014903) lbu     s2, -48(sp)
core   0: 3 0x8000082c (0xfd014903) x18 0x000000c9 mem 0x8001e312
core   0: 0x80000830 (0x7db923b7) lui     t2, 0x7db92
core   0: 3 0x80000830 (0x7db923b7) x7  0x7db92000
core   0: 0x80000834 (0x01612a03) lw      s4, 22(sp)
core   0: 3 0x80000834 (0x01612a03) x20 0x10111213 mem 0x8001e358
core   0: 0x80000838 (0x0af10803) lb      a6, 175(sp)
core   0: 3 0x80000838 (0x0af10803) x16 0xffffffaa mem 0x8001e3f1
core   0: 0x8000083c (0x01012923) sw      a6, 18(sp)
core   0: 3 0x8000083c (0x01012923) mem 0x8001e354 0xffffffaa
core   0: 0x80000840 (0x019fa7b3) slt     a5, t6, s9
core   0: 3 0x80000840 (0x019fa7b3) x15 0x00000000
core   0: 0x80000844 (0x01a48633) add     a2, s1, s10
core   0: 3 0x80000844 (0x01a48633) x12 0x00000013
core   0: 0x80000848 (0xf1f14803) lbu     a6, -225(sp)
core   0: 3 0x80000848 (0xf1f14803) x16 0x0000001a mem 0x8001e261
core   0: 0x8000084c (0xf9714683) lbu     a3, -105(sp)
core   0: 3 0x8000084c (0xf9714683) x13 0x00000092 mem 0x8001e2d9
core   0: 0x80000850 (0x02ca4033) div     zero, s4, a2
core   0: 3 0x80000850 (0x02ca4033)
core   0: 0x80000854 (0xf6d10d03) lb      s10, -147(sp)
core   0: 3 0x80000854 (0xf6d10d03) x26 0x00000064 mem 0x8001e2af
core   0: 0x80000858 (0x01cdf733) and     a4, s11, t3
core   0: 3 0x80000858 (0x01cdf733) x14 0x80029000
core   0: 0x8000085c (0x010fd933) srl     s2, t6, a6
core   0: 3 0x8000085c (0x010fd933) x18 0x00000000
core   0: 0x80000860 (0x038c8d33) mul     s10, s9, s8
core   0: 3 0x80000860 (0x038c8d33) x26 0x80c355d9
core   0: 0x80000864 (0x000015fd) c.addi  a1, -1
core   0: 3 0x80000864 (0x15fd) x11 0x000000bb
core   0: 0x80000866 (0x0ca14503) lbu     a0, 202(sp)
core   0: 3 0x80000866 (0x0ca14503) x10 0x000000c7 mem 0x8001e40c
core   0: 0x8000086a (0x0ff0000f) fence   iorw,iorw
core   0: 3 0x8000086a (0x0ff0000f)
core   0: 0x8000086e (0x0ce10a83) lb      s5, 206(sp)
core   0: 3 0x8000086e (0x0ce10a83) x21 0xffffffcb mem 0x8001e410
core   0: 0x80000872 (0x0a80c813) xori    a6, ra, 168
core   0: 3 0x80000872 (0x0a80c813) x16 0x000000b0
core   0: 0x80000876 (0xf0811583) lh      a1, -248(sp)
core   0: 3 0x80000876 (0xf0811583) x11 0x00000001 mem 0x8001e24a
core   0: 0x8000087a (0x3401f3f3) csrrci  t2, mscratch, 3
core   0: 3 0x8000087a (0x3401f3f3) x7  0x0000001d c832_mscratch 0x0000001c
core   0: 0x8000087e (0x0000100f) fence.i
core   0: 3 0x8000087e (0x0000100f)
core   0: 0x80000882 (0x0a610ba3) sb      t1, 183(sp)
core   0: 3 0x80000882 (0x0a610ba3) mem 0x8001e3f9 0xd7
core   0: 0x80000886 (0x00013917) auipc   s2, 0x13
core   0: 3 0x80000886 (0x00013917) x18 0x80013886
core   0: 0x8000088a (0xf7490913) addi    s2, s2, -140
core   0: 3 0x8000088a (0xf7490913) x18 0x800137fa
core   0: 0x8000088e (0x00000a9d) c.addi  s5, 7
core   0: 3 0x8000088e (0x0a9d) x21 0xffffffd2
core   0: 0x80000890 (0x9ac95503) lhu     a0, -1620(s2)
core   0: 3 0x80000890 (0x9ac95503) x10 0x00005c5d mem 0x800131a6
core   0: 0x80000894 (0x00008a41) c.andi  a2, 16
core   0: 3 0x80000894 (0x8a41) x12 0x00000010
core   0: 0x80000896 (0xf431c293) xori    t0, gp, -189
core   0: 3 0x80000896 (0xf431c293) x5  0x00000087
core   0: 0x8000089a (0x15891883) lh      a7, 344(s2)
core   0: 3 0x8000089a (0x15891883) x17 0x00000809 mem 0x80013952
core   0: 0x8000089e (0x01b57133) and     sp, a0, s11
core   0: 3 0x8000089e (0x01b57133) x2  0x00005000
core   0: 0x800008a2 (0x00008f65) c.and   a4, s1
core   0: 3 0x800008a2 (0x8f65) x14 0x00000000
core   0: 0x800008a4 (0x68990c03) lb      s8, 1673(s2)
core   0: 3 0x800008a4 (0x68990c03) x24 0x00000038 mem 0x80013e83
core   0: 0x800008a8 (0x19a92b83) lw      s7, 410(s2)
core   0: 3 0x800008a8 (0x19a92b83) x23 0x4c4d4e4f mem 0x80013994
core   0: 0x800008ac (0x0375f7b3) remu    a5, a1, s7
core   0: 3 0x800008ac (0x0375f7b3) x15 0x00000001
core   0: 0x800008b0 (0xe2291003) lh      zero, -478(s2)
core   0: 3 0x800008b0 (0xe2291003) mem 0x8001361c
core   0: 0x800008b4 (0x41991423) sh      s9, 1032(s2)
core   0: 3 0x800008b4 (0x41991423) mem 0x80013c02 0x0319
core   0: 0x800008b8 (0x000099fd) c.andi  a1, -1
core   0: 3 0x800008b8 (0x99fd) x11 0x00000001
core   0: 0x800008ba (0x34011c73) csrrw   s8, mscratch, sp
core   0: 3 0x800008ba (0x34011c73) x24 0x0000001c c832_mscratch 0x00005000
core   0: 0x800008be (0x5d990183) lb      gp, 1497(s2)
core   0: 3 0x800008be (0x5d990183) x3  0xffffff88 mem 0x80013dd3
core   0: 0x800008c2 (0x8cc90703) lb      a4, -1844(s2)
core   0: 3 0x800008c2 (0x8cc90703) x14 0x0000007d mem 0x800130c6
core   0: 0x800008c6 (0x340474f3) csrrci  s1, mscratch, 8
core   0: 3 0x800008c6 (0x340474f3) x9  0x00005000 c832_mscratch 0x00005000
core   0: 0x800008ca (0x7f990103) lb      sp, 2041(s2)
core   0: 3 0x800008ca (0x7f990103) x2  0xffffffa8 mem 0x80013ff3
core   0: 0x800008ce (0x77e94983) lbu     s3, 1918(s2)
core   0: 3 0x800008ce (0x77e94983) x19 0x00000033 mem 0x80013f78
core   0: 0x800008d2 (0x01be5813) srli    a6, t3, 27
core   0: 3 0x800008d2 (0x01be5813) x16 0x00000010
core   0: 0x800008d6 (0x03b2ca33) div     s4, t0, s11
core   0: 3 0x800008d6 (0x03b2ca33) x20 0x00000000
core   0: 0x800008da (0x019d69b3) or      s3, s10, s9
core   0: 3 0x800008da (0x019d69b3) x19 0x80c357d9
core   0: 0x800008de (0x025dd7b3) divu    a5, s11, t0
core   0: 3 0x800008de (0x025dd7b3) x15 0x015d91e5
core   0: 0x800008e2 (0xcc491e23) sh      tp, -804(s2)
core   0: 3 0x800008e2 (0xcc491e23) mem 0x800134d6 0xa2a3
core   0: 0x800008e6 (0x42d90503) lb      a0, 1069(s2)
core   0: 3 0x800008e6 (0x42d90503) x10 0xffffffdc mem 0x80013c27
core   0: 0x800008ea (0x05190aa3) sb      a7, 85(s2)
core   0: 3 0x800008ea (0x05190aa3) mem 0x8001384f 0x09
core   0: 0x800008ee (0x0001e317) auipc   t1, 0x1e
core   0: 3 0x800008ee (0x0001e317) x6  0x8001e8ee
core   0: 0x800008f2 (0x2df30313) addi    t1, t1, 735
core   0: 3 0x800008f2 (0x2df30313) x6  0x8001ebcd
core   0: 0x800008f6 (0x05a30503) lb      a0, 90(t1)
core   0: 3 0x800008f6 (0x05a30503) x10 0xffffffdc mem 0x8001ec27
core   0: 0x800008fa (0xf1934283) lbu     t0, -231(t1)
core   0: 3 0x800008fa (0xf1934283) x5  0x0000009d mem 0x8001eae6
core   0: 0x800008fe (0x08834f83) lbu     t6, 136(t1)
core   0: 3 0x800008fe (0x08834f83) x31 0x0000000e mem 0x8001ec55
core   0: 0x80000902 (0xf8230a23) sb      sp, -108(t1)
core   0: 3 0x80000902 (0xf8230a23) mem 0x8001eb61 0xa8
core   0: 0x80000906 (0x00545fb3) srl     t6, s0, t0
core   0: 3 0x80000906 (0x00545fb3) x31 0x00000000
core   0: 0x8000090a (0x0de30923) sb      t5, 210(t1)
core   0: 3 0x8000090a (0x0de30923) mem 0x8001ec9f 0x00
core   0: 0x8000090e (0x34006df3) csrrsi  s11, mscratch, 0
core   0: 3 0x8000090e (0x34006df3) x27 0x00005000
core   0: 0x80000912 (0x00bb5f33) srl     t5, s6, a1
core   0: 3 0x80000912 (0x00bb5f33) x30 0x00000000
core   0: 0x80000916 (0x00008e61) c.and   a2, s0
core   0: 3 0x80000916 (0x8e61) x12 0x00000000
core   0: 0x80000918 (0x02f53833) mulhu   a6, a0, a5
core   0: 3 0x80000918 (0x02f53833) x16 0x015d91e4
core   0: 0x8000091c (0x00a34883) lbu     a7, 10(t1)
core   0: 3 0x8000091c (0x00a34883) x17 0x0000008c mem 0x8001ebd7
core   0: 0x80000920 (0xf2034c03) lbu     s8, -224(t1)
core   0: 3 0x80000920 (0xf2034c03) x24 0x000000a6 mem 0x8001eaed
core   0: 0x80000924 (0x852da617) auipc   a2, 0x852da
core   0: 3 0x80000924 (0x852da617) x12 0x052da924
core   0: 0x80000928 (0xfc434d83) lbu     s11, -60(t1)
core   0: 3 0x80000928 (0xfc434d83) x27 0x0000004a mem 0x8001eb91
core   0: 0x8000092c (0x06234b83) lbu     s7, 98(t1)
core   0: 3 0x8000092c (0x06234b83) x23 0x000000e4 mem 0x8001ec2f
core   0: 0x80000930 (0x00009a7d) c.andi  a2, -1
core   0: 3 0x80000930 (0x9a7d) x12 0x052da924
core   0: 0x80000932 (0xf7535583) lhu     a1, -139(t1)
core   0: 3 0x80000932 (0xf7535583) x11 0x0000f8f9 mem 0x8001eb42
core   0: 0x80000936 (0x05630603) lb      a2, 86(t1)
core   0: 3 0x80000936 (0x05630603) x12 0xffffffd8 mem 0x8001ec23
core   0: 0x8000093a (0x340072f3) csrrci  t0, mscratch, 0
core   0: 3 0x8000093a (0x340072f3) x5  0x00005000
core   0: 0x8000093e (0x05834603) lbu     a2, 88(t1)
core   0: 3 0x8000093e (0x05834603) x12 0x000000de mem 0x8001ec25
core   0: 0x80000942 (0xf5332503) lw      a0, -173(t1)
core   0: 3 0x80000942 (0xf5332503) x10 0xd8d9dadb mem 0x8001eb20
core   0: 0x80000946 (0x00fd6ab3) or      s5, s10, a5
core   0: 3 0x80000946 (0x00fd6ab3) x21 0x81dfd5fd
core   0: 0x8000094a (0x08732883) lw      a7, 135(t1)
core   0: 3 0x8000094a (0x08732883) x17 0x0c0d0e0f mem 0x8001ec54
core   0: 0x8000094e (0xf2631ba3) sh      t1, -201(t1)
core   0: 3 0x8000094e (0xf2631ba3) mem 0x8001eb04 0xebcd
core   0: 0x80000952 (0x009bd613) srli    a2, s7, 9
core   0: 3 0x80000952 (0x009bd613) x12 0x00000000
core   0: 0x80000956 (0x026c2fb3) mulhsu  t6, s8, t1
core   0: 3 0x80000956 (0x026c2fb3) x31 0x00000053
core   0: 0x8000095a (0x340cba73) csrrc   s4, mscratch, s9
core   0: 3 0x8000095a (0x340cba73) x20 0x00005000 c832_mscratch 0x00005000
core   0: 0x8000095e (0x00008329) c.srli  a4, 10
core   0: 3 0x8000095e (0x8329) x14 0x00000000
core   0: 0x80000960 (0xf39306a3) sb      s9, -211(t1)
core   0: 3 0x80000960 (0xf39306a3) mem 0x8001eafa 0x19
core   0: 0x80000964 (0x06b34b03) lbu     s6, 107(t1)
core   0: 3 0x80000964 (0x06b34b03) x22 0x000000f3 mem 0x8001ec38
core   0: 0x80000968 (0xf5c34903) lbu     s2, -164(t1)
core   0: 3 0x80000968 (0xf5c34903) x18 0x000000e2 mem 0x8001eb29
core   0: 0x8000096c (0x01f312a3) sh      t6, 5(t1)
core   0: 3 0x8000096c (0x01f312a3) mem 0x8001ebd2 0x0053
core   0: 0x80000970 (0x08234083) lbu     ra, 130(t1)
core   0: 3 0x80000970 (0x08234083) x1  0x00000004 mem 0x8001ec4f
core   0: 0x80000974 (0xfd730e23) sb      s7, -36(t1)
core   0: 3 0x80000974 (0xfd730e23) mem 0x8001eba9 0xe4
core   0: 0x80000978 (0xf9535f83) lhu     t6, -107(t1)
core   0: 3 0x80000978 (0xf9535f83) x31 0x00001819 mem 0x8001eb62
core   0: 0x8000097c (0x01685013) srli    zero, a6, 22
core   0: 3 0x8000097c (0x01685013)
core   0: 0x80000980 (0x0f132ba3) sw      a7, 247(t1)
core   0: 3 0x80000980 (0x0f132ba3) mem 0x8001ecc4 0x0c0d0e0f
core   0: 0x80000984 (0x06034f03) lbu     t5, 96(t1)
core   0: 3 0x80000984 (0x06034f03) x30 0x000000e6 mem 0x8001ec2d
core   0: 0x80000988 (0x08c34c83) lbu     s9, 140(t1)
core   0: 3 0x80000988 (0x08c34c83) x25 0x00000012 mem 0x8001ec59
core   0: 0x8000098c (0x00000808) c.addi4spn a0, sp, 16
core   0: 3 0x8000098c (0x0808) x10 0xffffffb8
core   0: 0x8000098e (0x038fe633) rem     a2, t6, s8
core   0: 3 0x8000098e (0x038fe633) x12 0x0000001b
core   0: 0x80000992 (0x9435e917) auipc   s2, 0x9435e
core   0: 3 0x80000992 (0x9435e917) x18 0x1435e992
core   0: 0x80000996 (0x34003cf3) csrrc   s9, mscratch, zero
core   0: 3 0x80000996 (0x34003cf3) x25 0x00005000
core   0: 0x8000099a (0x0c434983) lbu     s3, 196(t1)
core   0: 3 0x8000099a (0x0c434983) x19 0x0000004a mem 0x8001ec91
core   0: 0x8000099e (0x09130a03) lb      s4, 145(t1)
core   0: 3 0x8000099e (0x09130a03) x20 0x00000015 mem 0x8001ec5e
core   0: 0x800009a2 (0xf8334383) lbu     t2, -125(t1)
core   0: 3 0x800009a2 (0xf8334383) x7  0x0000000b mem 0x8001eb50
core   0: 0x800009a6 (0x00008231) c.srli  a2, 12
core   0: 3 0x800009a6 (0x8231) x12 0x00000000
core   0: 0x800009a8 (0xff634603) lbu     a2, -10(t1)
core   0: 3 0x800009a8 (0xff634603) x12 0x00000078 mem 0x8001ebc3
core   0: 0x800009ac (0x00008e7d) c.and   a2, a5
core   0: 3 0x800009ac (0x8e7d) x12 0x00000060
core   0: 0x800009ae (0x00000001) c.nop
core   0: 3 0x800009ae (0x0001)
core   0: 0x800009b0 (0x410bd6b3) sra     a3, s7, a6
core   0: 3 0x800009b0 (0x410bd6b3) x13 0x0000000e
core   0: 0x800009b4 (0x00008ce9) c.and   s1, a0
core   0: 3 0x800009b4 (0x8ce9) x9  0x00005000
core   0: 0x800009b6 (0x00009d3e) c.add   s10, a5
core   0: 3 0x800009b6 (0x9d3e) x26 0x8220e7be
core   0: 0x800009b8 (0x0f330f23) sb      s3, 254(t1)
core   0: 3 0x800009b8 (0x0f330f23) mem 0x8001eccb 0x4a
core   0: 0x800009bc (0x00010597) auipc   a1, 0x10
core   0: 3 0x800009bc (0x00010597) x11 0x800109bc
core   0: 0x800009c0 (0x1be58593) addi    a1, a1, 446
core   0: 3 0x800009c0 (0x1be58593) x11 0x80010b7a
core   0: 0x800009c4 (0xf5e5d783) lhu     a5, -162(a1)
core   0: 3 0x800009c4 (0xf5e5d783) x15 0x00009293 mem 0x80010ad8
core   0: 0x800009c8 (0x000047fd) c.li    a5, 31
core   0: 3 0x800009c8 (0x47fd) x15 0x0000001f
core   0: 0x800009ca (0x00000a04) c.addi4spn s1, sp, 272
core   0: 3 0x800009ca (0x0a04) x9  0x000000b8
core   0: 0x800009cc (0x0b758503) lb      a0, 183(a1)
core   0: 3 0x800009cc (0x0b758503) x10 0xffffffea mem 0x80010c31
core   0: 0x800009d0 (0xf54581a3) sb      s4, -189(a1)
core   0: 3 0x800009d0 (0xf54581a3) mem 0x80010abd 0x15
core   0: 0x800009d4 (0x2defcb13) xori    s6, t6, 734
core   0: 3 0x800009d4 (0x2defcb13) x22 0x00001ac7
core   0: 0x800009d8 (0x34007873) csrrci  a6, mscratch, 0
core   0: 3 0x800009d8 (0x34007873) x16 0x00005000
core   0: 0x800009dc (0x000087d5) c.srai  a5, 21
core   0: 3 0x800009dc (0x87d5) x15 0x00000000
core   0: 0x800009de (0xf6158d03) lb      s10, -159(a1)
core   0: 3 0x800009de (0xf6158d03) x26 0xffffff90 mem 0x80010adb
core   0: 0x800009e2 (0x00008789) c.srai  a5, 2
core   0: 3 0x800009e2 (0x8789) x15 0x00000000
core   0: 0x800009e4 (0x3402b7f3) csrrc   a5, mscratch, t0
core   0: 3 0x800009e4 (0x3402b7f3) x15 0x00005000 c832_mscratch 0x00000000
core   0: 0x800009e8 (0x0875ca83) lbu     s5, 135(a1)
core   0: 3 0x800009e8 (0x0875ca83) x21 0x000000ba mem 0x80010c01
core   0: 0x800009ec (0x01dd41b3) xor     gp, s10, t4
core   0: 3 0x800009ec (0x01dd41b3) x3  0x7ffda134
core   0: 0x800009f0 (0x0aa5da83) lhu     s5, 170(a1)
core   0: 3 0x800009f0 (0x0aa5da83) x21 0x0000dedf mem 0x80010c24
core   0: 0x800009f4 (0x40a95313) srai    t1, s2, 10
core   0: 3 0x800009f4 (0x40a95313) x6  0x00050d7a
core   0: 0x800009f8 (0xf8558da3) sb      t0, -101(a1)
core   0: 3 0x800009f8 (0xf8558da3) mem 0x80010b15 0x00
core   0: 0x800009fc (0xfcb58a83) lb      s5, -53(a1)
core   0: 3 0x800009fc (0xfcb58a83) x21 0xfffffffe mem 0x80010b45
core   0: 0x80000a00 (0x00008ae2) c.mv    s5, s8
core   0: 3 0x80000a00 (0x8ae2) x21 0x000000a6
core   0: 0x80000a02 (0x0b859083) lh      ra, 184(a1)
core   0: 3 0x80000a02 (0x0b859083) x1  0xffffe8e9 mem 0x80010c32
core   0: 0x80000a06 (0xf5858483) lb      s1, -168(a1)
core   0: 3 0x80000a06 (0xf5858483) x9  0xffffff89 mem 0x80010ad2
core   0: 0x80000a0a (0xf5b58803) lb      a6, -165(a1)
core   0: 3 0x80000a0a (0xf5b58803) x16 0xffffff8e mem 0x80010ad5
core   0: 0x80000a0e (0x0335cd03) lbu     s10, 51(a1)
core   0: 3 0x80000a0e (0x0335cd03) x26 0x00000066 mem 0x80010bad
core   0: 0x80000a12 (0x0b95af23) sw      s9, 190(a1)
core   0: 3 0x80000a12 (0x0b95af23) mem 0x80010c38 0x00005000
core   0: 0x80000a16 (0x0525d303) lhu     t1, 82(a1)
core   0: 3 0x80000a16 (0x0525d303) x6  0x00008687 mem 0x80010bcc
core   0: 0x80000a1a (0x01158a83) lb      s5, 17(a1)
core   0: 3 0x80000a1a (0x01158a83) x21 0x00000040 mem 0x80010b8b
core   0: 0x80000a1e (0x340a13f3) csrrw   t2, mscratch, s4
core   0: 3 0x80000a1e (0x340a13f3) x7  0x00000000 c832_mscratch 0x00000015
core   0: 0x80000a22 (0x0a65a383) lw      t2, 166(a1)
core   0: 3 0x80000a22 (0x0a65a383) x7  0xd8d9dadb mem 0x80010c20
core   0: 0x80000a26 (0xa0f70513) addi    a0, a4, -1521
core   0: 3 0x80000a26 (0xa0f70513) x10 0xfffffa0f
core   0: 0x80000a2a (0x02259f23) sh      sp, 62(a1)
core   0: 3 0x80000a2a (0x02259f23) mem 0x80010bb8 0xffa8
core   0: 0x80000a2e (0x0001c117) auipc   sp, 0x1c
core   0: 3 0x80000a2e (0x0001c117) x2  0x8001ca2e
core   0: 0x80000a32 (0x93110113) addi    sp, sp, -1743
core   0: 3 0x80000a32 (0x93110113) x2  0x8001c35f
core   0: 0x80000a36 (0x00008c9d) c.sub   s1, a5
core   0: 3 0x80000a36 (0x8c9d) x9  0xffffaf89
core   0: 0x80000a38 (0x3d210483) lb      s1, 978(sp)
core   0: 3 0x80000a38 (0x3d210483) x9  0xffffffea mem 0x8001c731
core   0: 0x80000a3c (0x0b110ba3) sb      a7, 183(sp)
core   0: 3 0x80000a3c (0x0b110ba3) mem 0x8001c416 0x0f
core   0: 0x80000a40 (0x05a14b03) lbu     s6, 90(sp)
core   0: 3 0x80000a40 (0x05a14b03) x22 0x00000072 mem 0x8001c3b9
core   0: 0x80000a44 (0x40195f13) srai    t5, s2, 1
core   0: 3 0x80000a44 (0x40195f13) x30 0x0a1af4c9
core   0: 0x80000a48 (0x00008ea5) c.xor   a3, s1
core   0: 3 0x80000a48 (0x8ea5) x13 0xffffffe4
core   0: 0x80000a4a (0x03590db3) mul     s11, s2, s5
core   0: 3 0x80000a4a (0x03590db3) x27 0x0d7a6480
core   0: 0x80000a4e (0x5421e313) ori     t1, gp, 1346
core   0: 3 0x80000a4e (0x5421e313) x6  0x7ffda576
core   0: 0x80000a52 (0xdb310c03) lb      s8, -589(sp)
core   0: 3 0x80000a52 (0xdb310c03) x24 0xffffffc9 mem 0x8001c112
core   0: 0x80000a56 (0x70310b03) lb      s6, 1795(sp)
core   0: 3 0x80000a56 (0x70310b03) x22 0x00000019 mem 0x8001ca62
core   0: 0x80000a5a (0x9e712ea3) sw      t2, -1539(sp)
core   0: 3 0x80000a5a (0x9e712ea3) mem 0x8001bd5c 0xd8d9dadb
core   0: 0x80000a5e (0xbb910ba3) sb      s9, -1097(sp)
core   0: 3 0x80000a5e (0xbb910ba3) mem 0x8001bf16 0x00
core   0: 0x80000a62 (0xc8c14b03) lbu     s6, -884(sp)
core   0: 3 0x80000a62 (0xc8c14b03) x22 0x000000a0 mem 0x8001bfeb
core   0: 0x80000a66 (0x0ea126a3) sw      a0, 237(sp)
core   0: 3 0x80000a66 (0x0ea126a3) mem 0x8001c44c 0xfffffa0f
core   0: 0x80000a6a (0x81010523) sb      a6, -2038(sp)
core   0: 3 0x80000a6a (0x81010523) mem 0x8001bb69 0x8e
core   0: 0x80000a6e (0x38cd2d13) slti    s10, s10, 908
core   0: 3 0x80000a6e (0x38cd2d13) x26 0x00000001
core   0: 0x80000a72 (0x00460f33) add     t5, a2, tp
core   0: 3 0x80000a72 (0x00460f33) x30 0xffffa303
core   0: 0x80000a76 (0x00008fdd) c.or    a5, a5
core   0: 3 0x80000a76 (0x8fdd) x15 0x00005000
core   0: 0x80000a78 (0x000ec9b3) xor     s3, t4, zero
core   0: 3 0x80000a78 (0x000ec9b3) x19 0x80025ea4
core   0: 0x80000a7c (0xbea11ea3) sh      a0, -1027(sp)
core   0: 3 0x80000a7c (0xbea11ea3) mem 0x8001bf5c 0xfa0f
core   0: 0x80000a80 (0x01285993) srli    s3, a6, 18
core   0: 3 0x80000a80 (0x01285993) x19 0x00003fff
core   0: 0x80000a84 (0xddb10783) lb      a5, -549(sp)
core   0: 3 0x80000a84 (0xddb10783) x15 0xfffffff1 mem 0x8001c13a
core   0: 0x80000a88 (0xbdf10223) sb      t6, -1084(sp)
core   0: 3 0x80000a88 (0xbdf10223) mem 0x8001bf23 0x19
core   0: 0x80000a8c (0x01bcd5b3) srl     a1, s9, s11
core   0: 3 0x80000a8c (0x01bcd5b3) x11 0x00005000
core   0: 0x80000a90 (0x9bc12aa3) sw      t3, -1611(sp)
core   0: 3 0x80000a90 (0x9bc12aa3) mem 0x8001bd14 0x80029d24
core   0: 0x80000a94 (0xb9610c83) lb      s9, -1130(sp)
core   0: 3 0x80000a94 (0xb9610c83) x25 0xffffffae mem 0x8001bef5
core   0: 0x80000a98 (0x547b0237) lui     tp, 0x547b0
core   0: 3 0x80000a98 (0x547b0237) x4  0x547b0000
core   0: 0x80000a9c (0x45414683) lbu     a3, 1108(sp)
core   0: 3 0x80000a9c (0x45414683) x13 0x00000068 mem 0x8001c7b3
core   0: 0x80000aa0 (0x00008b85) c.andi  a5, 1
core   0: 3 0x80000aa0 (0x8b85) x15 0x00000001
core   0: 0x80000aa2 (0x00000001) c.nop
core   0: 3 0x80000aa2 (0x0001)
core   0: 0x80000aa4 (0x00001afd) c.addi  s5, -1
core   0: 3 0x80000aa4 (0x1afd) x21 0x0000003f
core   0: 0x80000aa6 (0x47014083) lbu     ra, 1136(sp)
core   0: 3 0x80000aa6 (0x47014083) x1  0x00000084 mem 0x8001c7cf
core   0: 0x80000aaa (0x00009576) c.add   a0, t4
core   0: 3 0x80000aaa (0x9576) x10 0x800258b3
core   0: 0x80000aac (0x93810323) sb      s8, -1754(sp)
core   0: 3 0x80000aac (0x93810323) mem 0x8001bc85 0xc9
core   0: 0x80000ab0 (0x00012097) auipc   ra, 0x12
core   0: 3 0x80000ab0 (0x00012097) x1  0x80012ab0
core   0: 0x80000ab4 (0xe3c08093) addi    ra, ra, -452
core   0: 3 0x80000ab4 (0xe3c08093) x1  0x800128ec
core   0: 0x80000ab8 (0x02fbed33) rem     s10, s7, a5
core   0: 3 0x80000ab8 (0x02fbed33) x26 0x00000000
core   0: 0x80000abc (0x000082cd) c.srli  a3, 19
core   0: 3 0x80000abc (0x82cd) x13 0x00000000
core   0: 0x80000abe (0x0000170c) c.addi4spn a1, sp, 928
core   0: 3 0x80000abe (0x170c) x11 0x8001c6ff
core   0: 0x80000ac0 (0x00008af5) c.andi  a3, 29
core   0: 3 0x80000ac0 (0x8af5) x13 0x00000000
core   0: 0x80000ac2 (0xfb20c703) lbu     a4, -78(ra)
core   0: 3 0x80000ac2 (0xfb20c703) x14 0x00000055 mem 0x8001289e
core   0: 0x80000ac6 (0x00799f93) slli    t6, s3, 7
core   0: 3 0x80000ac6 (0x00799f93) x31 0x001fff80
core   0: 0x80000aca (0x030036b3) mulhu   a3, zero, a6
core   0: 3 0x80000aca (0x030036b3) x13 0x00000000
core   0: 0x80000ace (0x03e55033) divu    zero, a0, t5
core   0: 3 0x80000ace (0x03e55033)
core   0: 0x80000ad2 (0xe206c013) xori    zero, a3, -480
core   0: 3 0x80000ad2 (0xe206c013)
core   0: 0x80000ad6 (0x921a4913) xori    s2, s4, -1759
core   0: 3 0x80000ad6 (0x921a4913) x18 0xfffff934
core   0: 0x80000ada (0xff908423) sb      s9, -24(ra)
core   0: 3 0x80000ada (0xff908423) mem 0x800128d4 0xae
core   0: 0x80000ade (0xf5f09e23) sh      t6, -164(ra)
core   0: 3 0x80000ade (0xf5f09e23) mem 0x80012848 0xff80
core   0: 0x80000ae2 (0xfee0c683) lbu     a3, -18(ra)
core   0: 3 0x80000ae2 (0xfee0c683) x13 0x00000091 mem 0x800128da
core   0: 0x80000ae6 (0x34065173) csrrwi  sp, mscratch, 12
core   0: 3 0x80000ae6 (0x34065173) x2  0x00000015 c832_mscratch 0x0000000c
core   0: 0x80000aea (0xfa708323) sb      t2, -90(ra)
core   0: 3 0x80000aea (0xfa708323) mem 0x80012892 0xdb
core   0: 0x80000aee (0x0ab08723) sb      a1, 174(ra)
core   0: 3 0x80000aee (0x0ab08723) mem 0x8001299a 0xff
core   0: 0x80000af2 (0x0830c283) lbu     t0, 131(ra)
core   0: 3 0x80000af2 (0x0830c283) x5  0x00000024 mem 0x8001296f
core   0: 0x80000af6 (0x20fe4613) xori    a2, t3, 527
core   0: 3 0x80000af6 (0x20fe4613) x12 0x80029f2b
core   0: 0x80000afa (0x02bb6833) rem     a6, s6, a1
core   0: 3 0x80000afa (0x02bb6833) x16 0x000000a0
core   0: 0x80000afe (0xfb008903) lb      s2, -80(ra)
core   0: 3 0x80000afe (0xfb008903) x18 0x00000057 mem 0x8001289c
core   0: 0x80000b02 (0x0d708f83) lb      t6, 215(ra)
core   0: 3 0x80000b02 (0x0d708f83) x31 0x00000078 mem 0x800129c3
core   0: 0x80000b06 (0x01ef8133) add     sp, t6, t5
core   0: 3 0x80000b06 (0x01ef8133) x2  0xffffa37b
core   0: 0x80000b0a (0xb450b193) sltiu   gp, ra, -1211
core   0: 3 0x80000b0a (0xb450b193) x3  0x00000001
core   0: 0x80000b0e (0x03108603) lb      a2, 49(ra)
core   0: 3 0x80000b0e (0x03108603) x12 0xffffffd6 mem 0x8001291d
core   0: 0x80000b12 (0x000096d2) c.add   a3, s4
core   0: 3 0x80000b12 (0x96d2) x13 0x000000a6
core   0: 0x80000b14 (0x0c308a03) lb      s4, 195(ra)
core   0: 3 0x80000b14 (0x0c308a03) x20 0x00000064 mem 0x800129af
core   0: 0x80000b18 (0x0000717d) c.addi16sp sp, -16
core   0: 3 0x80000b18 (0x717d) x2  0xffffa36b
core   0: 0x80000b1a (0x06208323) sb      sp, 102(ra)
core   0: 3 0x80000b1a (0x06208323) mem 0x80012952 0x6b
core   0: 0x80000b1e (0xf030cf83) lbu     t6, -253(ra)
core   0: 3 0x80000b1e (0xf030cf83) x31 0x000000a4 mem 0x800127ef
core   0: 0x80000b22 (0x000091f6) c.add   gp, t4
core   0: 3 0x80000b22 (0x91f6) x3  0x80025ea5
core   0: 0x80000b24 (0xfa609183) lh      gp, -90(ra)
core   0: 3 0x80000b24 (0xfa609183) x3  0x000048db mem 0x80012892
core   0: 0x80000b28 (0xfd9089a3) sb      s9, -45(ra)
core   0: 3 0x80000b28 (0xfd9089a3) mem 0x800128bf 0xae
core   0: 0x80000b2c (0xf4c08fa3) sb      a2, -161(ra)
core   0: 3 0x80000b2c (0xf4c08fa3) mem 0x8001284b 0xd6
core   0: 0x80000b30 (0x025cdab3) divu    s5, s9, t0
core   0: 3 0x80000b30 (0x025cdab3) x21 0x071c71c4
core   0: 0x80000b34 (0x031beb33) rem     s6, s7, a7
core   0: 3 0x80000b34 (0x031beb33) x22 0x000000e4
core   0: 0x80000b38 (0xf3708683) lb      a3, -201(ra)
core   0: 3 0x80000b38 (0xf3708683) x13 0xffffffd8 mem 0x80012823
core   0: 0x80000b3c (0x02b94833) div     a6, s2, a1
core   0: 3 0x80000b3c (0x02b94833) x16 0x00000000
core   0: 0x80000b40 (0x0f108423) sb      a7, 232(ra)
core   0: 3 0x80000b40 (0x0f108423) mem 0x800129d4 0x0f
core   0: 0x80000b44 (0x1abb2d13) slti    s10, s6, 427
core   0: 3 0x80000b44 (0x1abb2d13) x26 0x00000001
core   0: 0x80000b48 (0xf3a0cd03) lbu     s10, -198(ra)
core   0: 3 0x80000b48 (0xf3a0cd03) x26 0x000000dd mem 0x80012826
core   0: 0x80000b4c (0xf9c0d003) lhu     zero, -100(ra)
core   0: 3 0x80000b4c (0xf9c0d003) mem 0x80012888
core   0: 0x80000b50 (0xfbe0a223) sw      t5, -92(ra)
core   0: 3 0x80000b50 (0xfbe0a223) mem 0x80012890 0xffffa303
core   0: 0x80000b54 (0x1520ec13) ori     s8, ra, 338
core   0: 3 0x80000b54 (0x1520ec13) x24 0x800129fe
core   0: 0x80000b58 (0x00006f35) c.lui   t5, 0xd
core   0: 3 0x80000b58 (0x6f35) x30 0x0000d000
core   0: 0x80000b5a (0xfe108283) lb      t0, -31(ra)
core   0: 3 0x80000b5a (0xfe108283) x5  0xffffff86 mem 0x800128cd
core   0: 0x80000b5e (0x0239a8b3) mulhsu  a7, s3, gp
core   0: 3 0x80000b5e (0x0239a8b3) x17 0x00000000
core   0: 0x80000b62 (0xf9b08c83) lb      s9, -101(ra)
core   0: 3 0x80000b62 (0xf9b08c83) x25 0x0000003c mem 0x80012887
core   0: 0x80000b66 (0x0219e933) rem     s2, s3, ra
core   0: 3 0x80000b66 (0x0219e933) x18 0x00003fff
core   0: 0x80000b6a (0x04308fa3) sb      gp, 95(ra)
core   0: 3 0x80000b6a (0x04308fa3) mem 0x8001294b 0xdb
core   0: 0x80000b6e (0xf1d085a3) sb      t4, -245(ra)
core   0: 3 0x80000b6e (0xf1d085a3) mem 0x800127f7 0xa4
core   0: 0x80000b72 (0x01d21993) slli    s3, tp, 29
core   0: 3 0x80000b72 (0x01d21993) x19 0x00000000
core   0: 0x80000b76 (0x09308003) lb      zero, 147(ra)
core   0: 3 0x80000b76 (0x09308003) mem 0x8001297f
core   0: 0x80000b7a (0xfac09683) lh      a3, -84(ra)
core   0: 3 0x80000b7a (0xfac09683) x13 0x00005253 mem 0x80012898
core   0: 0x80000b7e (0x01b09813) slli    a6, ra, 27
core   0: 3 0x80000b7e (0x01b09813) x16 0x60000000
core   0: 0x80000b82 (0x0f208983) lb      s3, 242(ra)
core   0: 3 0x80000b82 (0x0f208983) x19 0xffffff95 mem 0x800129de
core   0: 0x80000b86 (0x00020997) auipc   s3, 0x20
core   0: 3 0x80000b86 (0x00020997) x19 0x80020b86
core   0: 0x80000b8a (0xda598993) addi    s3, s3, -603
core   0: 3 0x80000b8a (0xda598993) x19 0x8002092b
core   0: 0x80000b8e (0x0ea995a3) sh      a0, 235(s3)
core   0: 3 0x80000b8e (0x0ea995a3) mem 0x80020a16 0x58b3
core   0: 0x80000b92 (0x00198fa3) sb      ra, 31(s3)
core   0: 3 0x80000b92 (0x00198fa3) mem 0x8002094a 0xec
core   0: 0x80000b96 (0x34006c73) csrrsi  s8, mscratch, 0
core   0: 3 0x80000b96 (0x34006c73) x24 0x0000000c
core   0: 0x80000b9a (0x0000ecb3) or      s9, ra, zero
core   0: 3 0x80000b9a (0x0000ecb3) x25 0x800128ec
core   0: 0x80000b9e (0x00008ed5) c.or    a3, a3
core   0: 3 0x80000b9e (0x8ed5) x13 0x00005253
core   0: 0x80000ba0 (0x000083c9) c.srli  a5, 18
core   0: 3 0x80000ba0 (0x83c9) x15 0x00000000
core   0: 0x80000ba2 (0x00000001) c.nop
core   0: 3 0x80000ba2 (0x0001)
core   0: 0x80000ba4 (0x00008491) c.srai  s1, 4
core   0: 3 0x80000ba4 (0x8491) x9  0xfffffffe
core   0: 0x80000ba6 (0x00298fa3) sb      sp, 31(s3)
core   0: 3 0x80000ba6 (0x00298fa3) mem 0x8002094a 0x6b
core   0: 0x80000baa (0xf1be7f93) andi    t6, t3, -229
core   0: 3 0x80000baa (0xf1be7f93) x31 0x80029d00
core   0: 0x80000bae (0x34005273) csrrwi  tp, mscratch, 0
core   0: 3 0x80000bae (0x34005273) x4  0x0000000c c832_mscratch 0x00000000
core   0: 0x80000bb2 (0x05c98383) lb      t2, 92(s3)
core   0: 3 0x80000bb2 (0x05c98383) x7  0x0000003c mem 0x80020987
core   0: 0x80000bb6 (0xfda9c183) lbu     gp, -38(s3)
core   0: 3 0x80000bb6 (0xfda9c183) x3  0x000000be mem 0x80020905
core   0: 0x80000bba (0x08799ba3) sh      t2, 151(s3)
core   0: 3 0x80000bba (0x08799ba3) mem 0x800209c2 0x003c
core   0: 0x80000bbe (0x01ec6233) or      tp, s8, t5
core   0: 3 0x80000bbe (0x01ec6233) x4  0x0000d00c
core   0: 0x80000bc2 (0x01216033) or      zero, sp, s2
core   0: 3 0x80000bc2 (0x01216033)
core   0: 0x80000bc6 (0x59960913) addi    s2, a2, 1433
core   0: 3 0x80000bc6 (0x59960913) x18 0x0000056f
core   0: 0x80000bca (0x02af0333) mul     t1, t5, a0
core   0: 3 0x80000bca (0x02af0333) x6  0xe8117000
core   0: 0x80000bce (0x000087a5) c.srai  a5, 9
core   0: 3 0x80000bce (0x87a5) x15 0x00000000
core   0: 0x80000bd0 (0x05e98c83) lb      s9, 94(s3)
core   0: 3 0x80000bd0 (0x05e98c83) x25 0x00000042 mem 0x80020989
core   0: 0x80000bd4 (0x09f9da03) lhu     s4, 159(s3)
core   0: 3 0x80000bd4 (0x09f9da03) x20 0x00008081 mem 0x800209ca
core   0: 0x80000bd8 (0x018d9a33) sll     s4, s11, s8
core   0: 3 0x80000bd8 (0x018d9a33) x20 0xa6480000
core   0: 0x80000bdc (0x0749c303) lbu     t1, 116(s3)
core   0: 3 0x80000bdc (0x0749c303) x6  0x00000054 mem 0x8002099f
core   0: 0x80000be0 (0x022e7ab3) remu    s5, t3, sp
core   0: 3 0x80000be0 (0x022e7ab3) x21 0x80029d24
core   0: 0x80000be4 (0xcdf14f93) xori    t6, sp, -801
core   0: 3 0x80000be4 (0xcdf14f93) x31 0x00005fb4
core   0: 0x80000be8 (0x0355ef33) rem     t5, a1, s5
core   0: 3 0x80000be8 (0x0355ef33) x30 0xffff29db
core   0: 0x80000bec (0x02821cb3) mulh    s9, tp, s0
core   0: 3 0x80000bec (0x02821cb3) x25 0x00000000
core   0: 0x80000bf0 (0x0bf997a3) sh      t6, 175(s3)
core   0: 3 0x80000bf0 (0x0bf997a3) mem 0x800209da 0x5fb4
core   0: 0x80000bf4 (0x0a698a83) lb      s5, 166(s3)
core   0: 3 0x80000bf4 (0x0a698a83) x21 0xffffff8a mem 0x800209d1
core   0: 0x80000bf8 (0x000002a9) c.addi  t0, 10
core   0: 3 0x80000bf8 (0x02a9) x5  0xffffff90
core   0: 0x80000bfa (0x00008dfd) c.and   a1, a5
core   0: 3 0x80000bfa (0x8dfd) x11 0x00000000
core   0: 0x80000bfc (0x0000997d) c.andi  a0, -1
core   0: 3 0x80000bfc (0x997d) x10 0x800258b3
core   0: 0x80000bfe (0x000082e9) c.srli  a3, 26
core   0: 3 0x80000bfe (0x82e9) x13 0x00000000
core   0: 0x80000c00 (0x40f587b3) sub     a5, a1, a5
core   0: 3 0x80000c00 (0x40f587b3) x15 0x00000000
core   0: 0x80000c04 (0x00008a7d) c.andi  a2, 31
core   0: 3 0x80000c04 (0x8a7d) x12 0x00000016
core   0: 0x80000c06 (0x34006873) csrrsi  a6, mscratch, 0
core   0: 3 0x80000c06 (0x34006873) x16 0x00000000
core   0: 0x80000c0a (0xf0b99183) lh      gp, -245(s3)
core   0: 3 0x80000c0a (0xf0b99183) x3  0xffffeced mem 0x80020836
core   0: 0x80000c0e (0x00018117) auipc   sp, 0x18
core   0: 3 0x80000c0e (0x00018117) x2  0x80018c0e
core   0: 0x80000c12 (0x55f10113) addi    sp, sp, 1375
core   0: 3 0x80000c12 (0x55f10113) x2  0x8001916d
core   0: 0x80000c16 (0xffc10223) sb      t3, -28(sp)
core   0: 3 0x80000c16 (0xffc10223) mem 0x80019151 0x24
core   0: 0x80000c1a (0x01210383) lb      t2, 18(sp)
core   0: 3 0x80000c1a (0x01210383) x7  0x00000034 mem 0x8001917f
core   0: 0x80000c1e (0xff214d83) lbu     s11, -14(sp)
core   0: 3 0x80000c1e (0xff214d83) x27 0x00000014 mem 0x8001915f
core   0: 0x80000c22 (0x02d11603) lh      a2, 45(sp)
core   0: 3 0x80000c22 (0x02d11603) x12 0x00005051 mem 0x8001919a
core   0: 0x80000c26 (0xfed15b03) lhu     s6, -19(sp)
core   0: 3 0x80000c26 (0xfed15b03) x22 0x00001011 mem 0x8001915a
core   0: 0x80000c2a (0x00c12da3) sw      a2, 27(sp)
core   0: 3 0x80000c2a (0x00c12da3) mem 0x80019188 0x00005051
core   0: 0x80000c2e (0xfe814a83) lbu     s5, -24(sp)
core   0: 3 0x80000c2e (0xfe814a83) x21 0x0000000e mem 0x80019155
core   0: 0x80000c32 (0xfcb11fa3) sh      a1, -33(sp)
core   0: 3 0x80000c32 (0xfcb11fa3) mem 0x8001914c 0x0000
core   0: 0x80000c36 (0x01814b83) lbu     s7, 24(sp)
core   0: 3 0x80000c36 (0x01814b83) x23 0x0000003e mem 0x80019185
core   0: 0x80000c3a (0x00008d61) c.and   a0, s0
core   0: 3 0x80000c3a (0x8d61) x10 0x00000000
core   0: 0x80000c3c (0x03b532b3) mulhu   t0, a0, s11
core   0: 3 0x80000c3c (0x03b532b3) x5  0x00000000
core   0: 0x80000c40 (0x9f3b4813) xori    a6, s6, -1549
core   0: 3 0x80000c40 (0x9f3b4813) x16 0xffffe9e2
core   0: 0x80000c44 (0x40815bb3) sra     s7, sp, s0
core   0: 3 0x80000c44 (0x40815bb3) x23 0x8001916d
core   0: 0x80000c48 (0xfda101a3) sb      s10, -61(sp)
core   0: 3 0x80000c48 (0xfda101a3) mem 0x80019130 0xdd
core   0: 0x80000c4c (0x000087fd) c.srai  a5, 31
core   0: 3 0x80000c4c (0x87fd) x15 0x00000000
core   0: 0x80000c4e (0x03d10803) lb      a6, 61(sp)
core   0: 3 0x80000c4e (0x03d10803) x16 0x00000061 mem 0x800191aa
core   0: 0x80000c52 (0x00815bb3) srl     s7, sp, s0
core   0: 3 0x80000c52 (0x00815bb3) x23 0x8001916d
core   0: 0x80000c56 (0x03914b03) lbu     s6, 57(sp)
core   0: 3 0x80000c56 (0x03914b03) x22 0x0000005d mem 0x800191a6
core   0: 0x80000c5a (0x02f8fc33) remu    s8, a7, a5
core   0: 3 0x80000c5a (0x02f8fc33) x24 0x00000000
core   0: 0x80000c5e (0x00004739) c.li    a4, 14
core   0: 3 0x80000c5e (0x4739) x14 0x0000000e
core   0: 0x80000c60 (0xfe712f83) lw      t6, -25(sp)
core   0: 3 0x80000c60 (0xfe712f83) x31 0x0c0d0e0f mem 0x80019154
core   0: 0x80000c64 (0x00000acd) c.addi  s5, 19
core   0: 3 0x80000c64 (0x0acd) x21 0x00000021
core   0: 0x80000c66 (0x03bc8cb3) mul     s9, s9, s11
core   0: 3 0x80000c66 (0x03bc8cb3) x25 0x00000000
core   0: 0x80000c6a (0x02111c03) lh      s8, 33(sp)
core   0: 3 0x80000c6a (0x02111c03) x24 0x00004445 mem 0x8001918e
core   0: 0x80000c6e (0x03010c23) sb      a6, 56(sp)
core   0: 3 0x80000c6e (0x03010c23) mem 0x800191a5 0x61
core   0: 0x80000c72 (0x015a0333) add     t1, s4, s5
core   0: 3 0x80000c72 (0x015a0333) x6  0xa6480021
core   0: 0x80000c76 (0x025104a3) sb      t0, 41(sp)
core   0: 3 0x80000c76 (0x025104a3) mem 0x80019196 0x00
core   0: 0x80000c7a (0x0224b033) mulhu   zero, s1, sp
core   0: 3 0x80000c7a (0x0224b033)
core   0: 0x80000c7e (0xff0104a3) sb      a6, -23(sp)
core   0: 3 0x80000c7e (0xff0104a3) mem 0x80019156 0x61
core   0: 0x80000c82 (0x03e14d03) lbu     s10, 62(sp)
core   0: 3 0x80000c82 (0x03e14d03) x26 0x00000060 mem 0x800191ab
core   0: 0x80000c86 (0xfd214003) lbu     zero, -46(sp)
core   0: 3 0x80000c86 (0xfd214003) mem 0x8001913f
core   0: 0x80000c8a (0xff010603) lb      a2, -16(sp)
core   0: 3 0x80000c8a (0xff010603) x12 0x00000016 mem 0x8001915d
core   0: 0x80000c8e (0xfe610783) lb      a5, -26(sp)
core   0: 3 0x80000c8e (0xfe610783) x15 0x00000008 mem 0x80019153
core   0: 0x80000c92 (0x027114a3) sh      t2, 41(sp)
core   0: 3 0x80000c92 (0x027114a3) mem 0x80019196 0x0034
core   0: 0x80000c96 (0x01510c23) sb      s5, 24(sp)
core   0: 3 0x80000c96 (0x01510c23) mem 0x80019185 0x21
core   0: 0x80000c9a (0xfe7112a3) sh      t2, -27(sp)
core   0: 3 0x80000c9a (0xfe7112a3) mem 0x80019152 0x0034
core   0: 0x80000c9e (0x022116a3) sh      sp, 45(sp)
core   0: 3 0x80000c9e (0x022116a3) mem 0x8001919a 0x916d
core   0: 0x80000ca2 (0xfcc14383) lbu     t2, -52(sp)
core   0: 3 0x80000ca2 (0xfcc14383) x7  0x000000f2 mem 0x80019139
core   0: 0x80000ca6 (0xfcd14603) lbu     a2, -51(sp)
core   0: 3 0x80000ca6 (0xfcd14603) x12 0x000000f1 mem 0x8001913a
core   0: 0x80000caa (0x028d8f33) mul     t5, s11, s0
core   0: 3 0x80000caa (0x028d8f33) x30 0x00000000
core   0: 0x80000cae (0x01e14703) lbu     a4, 30(sp)
core   0: 3 0x80000cae (0x01e14703) x14 0x00000000 mem 0x8001918b
core   0: 0x80000cb2 (0x00010117) auipc   sp, 0x10
core   0: 3 0x80000cb2 (0x00010117) x2  0x80010cb2
core   0: 0x80000cb6 (0xe2210113) addi    sp, sp, -478
core   0: 3 0x80000cb6 (0xe2210113) x2  0x80010ad4
core   0: 0x80000cba (0x40245213) srai    tp, s0, 2
core   0: 3 0x80000cba (0x40245213) x4  0x00000000
core   0: 0x80000cbe (0x00d561b3) or      gp, a0, a3
core   0: 3 0x80000cbe (0x00d561b3) x3  0x00000000
core   0: 0x80000cc2 (0xf7314703) lbu     a4, -141(sp)
core   0: 3 0x80000cc2 (0xf7314703) x14 0x000000fc mem 0x80010a47
core   0: 0x80000cc6 (0x0b310b83) lb      s7, 179(sp)
core   0: 3 0x80000cc6 (0x0b310b83) x23 0x0000003c mem 0x80010b87
core   0: 0x80000cca (0x001d9fb3) sll     t6, s11, ra
core   0: 3 0x80000cca (0x001d9fb3) x31 0x00014000
core   0: 0x80000cce (0x00611583) lh      a1, 6(sp)
core   0: 3 0x80000cce (0x00611583) x11 0xffff9091 mem 0x80010ada
core   0: 0x80000cd2 (0xfc514883) lbu     a7, -59(sp)
core   0: 3 0x80000cd2 (0xfc514883) x17 0x00000052 mem 0x80010a99
core   0: 0x80000cd6 (0x0cd100a3) sb      a3, 193(sp)
core   0: 3 0x80000cd6 (0x0cd100a3) mem 0x80010b95 0x00
core   0: 0x80000cda (0x000049a2) c.lwsp  s3, 8(sp)
core   0: 3 0x80000cda (0x49a2) x19 0x94959697 mem 0x80010adc
core   0: 0x80000cdc (0x00008a6d) c.andi  a2, 27
core   0: 3 0x80000cdc (0x8a6d) x12 0x00000011
core   0: 0x80000cde (0x00439d13) slli    s10, t2, 4
core   0: 3 0x80000cde (0x00439d13) x26 0x00000f20
core   0: 0x80000ce2 (0xf08100a3) sb      s0, -255(sp)
core   0: 3 0x80000ce2 (0xf08100a3) mem 0x800109d5 0x00
core   0: 0x80000ce6 (0xf8510b03) lb      s6, -123(sp)
core   0: 3 0x80000ce6 (0xf8510b03) x22 0x00000012 mem 0x80010a59
core   0: 0x80000cea (0x02f10c83) lb      s9, 47(sp)
core   0: 3 0x80000cea (0x02f10c83) x25 0xffffffb8 mem 0x80010b03
core   0: 0x80000cee (0x000098fd) c.andi  s1, -1
core   0: 3 0x80000cee (0x98fd) x9  0xfffffffe
core   0: 0x80000cf0 (0x005b9c33) sll     s8, s7, t0
core   0: 3 0x80000cf0 (0x005b9c33) x24 0x0000003c
core   0: 0x80000cf4 (0x04f14183) lbu     gp, 79(sp)
core   0: 3 0x80000cf4 (0x04f14183) x3  0x000000d8 mem 0x80010b23
core   0: 0x80000cf8 (0x0387f333) remu    t1, a5, s8
core   0: 3 0x80000cf8 (0x0387f333) x6  0x00000008
core   0: 0x80000cfc (0x402ed8b3) sra     a7, t4, sp
core   0: 3 0x80000cfc (0x402ed8b3) x17 0xfffff800
core   0: 0x80000d00 (0x000056d6) c.lwsp  a3, 116(sp)
core   0: 3 0x80000d00 (0x56d6) x13 0x00010203 mem 0x80010b48
core   0: 0x80000d02 (0x0168cdb3) xor     s11, a7, s6
core   0: 3 0x80000d02 (0x0168cdb3) x27 0xfffff812
core   0: 0x80000d06 (0xf50100a3) sb      a6, -191(sp)
core   0: 3 0x80000d06 (0xf50100a3) mem 0x80010a15 0x61
core   0: 0x80000d0a (0xfdc12c83) lw      s9, -36(sp)
core   0: 3 0x80000d0a (0xfdc12c83) x25 0x68696a6b mem 0x80010ab0
core   0: 0x80000d0e (0x0000890d) c.andi  a0, 3
core   0: 3 0x80000d0e (0x890d) x10 0x00000000
core   0: 0x80000d10 (0x3404ec73) csrrsi  s8, mscratch, 9
core   0: 3 0x80000d10 (0x3404ec73) x24 0x00000000 c832_mscratch 0x00000009
core   0: 0x80000d14 (0x00008be9) c.andi  a5, 26
core   0: 3 0x80000d14 (0x8be9) x15 0x00000008
core   0: 0x80000d16 (0xfc611223) sh      t1, -60(sp)
core   0: 3 0x80000d16 (0xfc611223) mem 0x80010a98 0x0008
core   0: 0x80000d1a (0x340062f3) csrrsi  t0, mscratch, 0
core   0: 3 0x80000d1a (0x340062f3) x5  0x00000009
core   0: 0x80000d1e (0xfc110683) lb      a3, -63(sp)
core   0: 3 0x80000d1e (0xfc110683) x13 0x0000004e mem 0x80010a95
core   0: 0x80000d22 (0x04e11683) lh      a3, 78(sp)
core   0: 3 0x80000d22 (0x04e11683) x13 0xffffd8d9 mem 0x80010b22
core   0: 0x80000d26 (0x0269e9b3) rem     s3, s3, t1
core   0: 3 0x80000d26 (0x0269e9b3) x19 0xffffffff
core   0: 0x80000d2a (0x03a799b3) mulh    s3, a5, s10
core   0: 3 0x80000d2a (0x03a799b3) x19 0x00000000
core   0: 0x80000d2e (0x4026d033) sra     zero, a3, sp
core   0: 3 0x80000d2e (0x4026d033)
core   0: 0x80000d32 (0xfee105a3) sb      a4, -21(sp)
core   0: 3 0x80000d32 (0xfee105a3) mem 0x80010abf 0xfc
core   0: 0x80000d36 (0x0ff0000f) fence   iorw,iorw
core   0: 3 0x80000d36 (0x0ff0000f)
core   0: 0x80000d3a (0xfbe10a83) lb      s5, -66(sp)
core   0: 3 0x80000d3a (0xfbe10a83) x21 0x00000049 mem 0x80010a92
core   0: 0x80000d3e (0x09011a23) sh      a6, 148(sp)
core   0: 3 0x80000d3e (0x09011a23) mem 0x80010b68 0x0061
core   0: 0x80000d42 (0x00000d29) c.addi  s10, 10
core   0: 3 0x80000d42 (0x0d29) x26 0x00000f2a
core   0: 0x80000d44 (0x340865f3) csrrsi  a1, mscratch, 16
core   0: 3 0x80000d44 (0x340865f3) x11 0x00000009 c832_mscratch 0x00000019
core   0: 0x80000d48 (0xfe014283) lbu     t0, -32(sp)
core   0: 3 0x80000d48 (0xfe014283) x5  0x0000006f mem 0x80010ab4
core   0: 0x80000d4c (0xf8710003) lb      zero, -121(sp)
core   0: 3 0x80000d4c (0xf8710003) mem 0x80010a5b
core   0: 0x80000d50 (0xfef14503) lbu     a0, -17(sp)
core   0: 3 0x80000d50 (0xfef14503) x10 0x00000078 mem 0x80010ac3
core   0: 0x80000d54 (0x00009322) c.add   t1, s0
core   0: 3 0x80000d54 (0x9322) x6  0x00000008
core   0: 0x80000d56 (0x0000d49a) c.swsp  t1, 104(sp)
core   0: 3 0x80000d56 (0xd49a) mem 0x80010b3c 0x00000008
core   0: 0x80000d58 (0x0218d6b3) divu    a3, a7, ra
core   0: 3 0x80000d58 (0x0218d6b3) x13 0x00000001
core   0: 0x80000d5c (0x000080e5) c.srli  s1, 25
core   0: 3 0x80000d5c (0x80e5) x9  0x0000007f
core   0: 0x80000d5e (0x00008d35) c.xor   a0, a3
core   0: 3 0x80000d5e (0x8d35) x10 0x00000079
core   0: 0x80000d60 (0x0c114183) lbu     gp, 193(sp)
core   0: 3 0x80000d60 (0x0c114183) x3  0x00000000 mem 0x80010b95
core   0: 0x80000d64 (0xf14102a3) sb      s4, -251(sp)
core   0: 3 0x80000d64 (0xf14102a3) mem 0x800109d9 0x00
core   0: 0x80000d68 (0x00008f55) c.or    a4, a3
core   0: 3 0x80000d68 (0x8f55) x14 0x000000fd
core   0: 0x80000d6a (0xe2b6e693) ori     a3, a3, -469
core   0: 3 0x80000d6a (0xe2b6e693) x13 0xfffffe2b
core   0: 0x80000d6e (0x00008fba) c.mv    t6, a4
core   0: 3 0x80000d6e (0x8fba) x31 0x000000fd
core   0: 0x80000d70 (0x340659f3) csrrwi  s3, mscratch, 12
core   0: 3 0x80000d70 (0x340659f3) x19 0x00000019 c832_mscratch 0x0000000c
core   0: 0x80000d74 (0xf1912823) sw      s9, -240(sp)
core   0: 3 0x80000d74 (0xf1912823) mem 0x800109e4 0x68696a6b
core   0: 0x80000d78 (0x00000001) c.nop
core   0: 3 0x80000d78 (0x0001)
core   0: 0x80000d7a (0xfa6109a3) sb      t1, -77(sp)
core   0: 3 0x80000d7a (0xfa6109a3) mem 0x80010a87 0x08
core   0: 0x80000d7e (0x00010517) auipc   a0, 0x10
core   0: 3 0x80000d7e (0x00010517) x10 0x80010d7e
core   0: 0x80000d82 (0xe4150513) addi    a0, a0, -447
core   0: 3 0x80000d82 (0xe4150513) x10 0x80010bbf
core   0: 0x80000d86 (0xed050f83) lb      t6, -304(a0)
core   0: 3 0x80000d86 (0xed050f83) x31 0x00000044 mem 0x80010a8f
core   0: 0x80000d8a (0x0ff0000f) fence   iorw,iorw
core   0: 3 0x80000d8a (0x0ff0000f)
core   0: 0x80000d8e (0x0ff0000f) fence   iorw,iorw
core   0: 3 0x80000d8e (0x0ff0000f)
core   0: 0x80000d92 (0x03e793b3) mulh    t2, a5, t5
core   0: 3 0x80000d92 (0x03e793b3) x7  0x00000000
core   0: 0x80000d96 (0x32e50783) lb      a5, 814(a0)
core   0: 3 0x80000d96 (0x32e50783) x15 0xffffffa6 mem 0x80010eed
core   0: 0x80000d9a (0x64922613) slti    a2, tp, 1609
core   0: 3 0x80000d9a (0x64922613) x12 0x00000001
core   0: 0x80000d9e (0x00004305) c.li    t1, 1
core   0: 3 0x80000d9e (0x4305) x6  0x00000001
core   0: 0x80000da0 (0xc0457f93) andi    t6, a0, -1020
core   0: 3 0x80000da0 (0xc0457f93) x31 0x80010804
core   0: 0x80000da4 (0x340021f3) csrr    gp, mscratch
core   0: 3 0x80000da4 (0x340021f3) x3  0x0000000c
core   0: 0x80000da8 (0xd71e6d13) ori     s10, t3, -655
core   0: 3 0x80000da8 (0xd71e6d13) x26 0xfffffd75
core   0: 0x80000dac (0x99d89597) auipc   a1, 0x99d89
core   0: 3 0x80000dac (0x99d89597) x11 0x19d89dac
core   0: 0x80000db0 (0x0a955583) lhu     a1, 169(a0)
core   0: 3 0x80000db0 (0x0a955583) x11 0x00002223 mem 0x80010c68
core   0: 0x80000db4 (0xbe653093) sltiu   ra, a0, -1050
core   0: 3 0x80000db4 (0xbe653093) x1  0x00000001
core   0: 0x80000db8 (0x8d050683) lb      a3, -1840(a0)
core   0: 3 0x80000db8 (0x8d050683) x13 0x00000044 mem 0x8001048f
core   0: 0x80000dbc (0x00008962) c.mv    s2, s8
core   0: 3 0x80000dbc (0x8962) x18 0x00000000
core   0: 0x80000dbe (0x02647d33) remu    s10, s0, t1
core   0: 3 0x80000dbe (0x02647d33) x26 0x00000000
core   0: 0x80000dc2 (0x038053b3) divu    t2, zero, s8
core   0: 3 0x80000dc2 (0x038053b3) x7  0xffffffff
core   0: 0x80000dc6 (0x02fea6b3) mulhsu  a3, t4, a5
core   0: 3 0x80000dc6 (0x02fea6b3) x13 0x80025ed0
core   0: 0x80000dca (0x8b151683) lh      a3, -1871(a0)
core   0: 3 0x80000dca (0x8b151683) x13 0x00002a2b mem 0x80010470
core   0: 0x80000dce (0x00008ef9) c.and   a3, a4
core   0: 3 0x80000dce (0x8ef9) x13 0x00000029
core   0: 0x80000dd0 (0x00008fd1) c.or    a5, a2
core   0: 3 0x80000dd0 (0x8fd1) x15 0xffffffa7
core   0: 0x80000dd2 (0xc2650d23) sb      t1, -966(a0)
core   0: 3 0x80000dd2 (0xc2650d23) mem 0x800107f9 0x01
core   0: 0x80000dd6 (0x9e050103) lb      sp, -1568(a0)
core   0: 3 0x80000dd6 (0x9e050103) x2  0x00000054 mem 0x8001059f
core   0: 0x80000dda (0xa1520113) addi    sp, tp, -1515
core   0: 3 0x80000dda (0xa1520113) x2  0xfffffa15
core   0: 0x80000dde (0x000082d1) c.srli  a3, 20
core   0: 3 0x80000dde (0x82d1) x13 0x00000000
core   0: 0x80000de0 (0xd1750e23) sb      s7, -740(a0)
core   0: 3 0x80000de0 (0xd1750e23) mem 0x800108db 0x3c
core   0: 0x80000de4 (0xb8250903) lb      s2, -1150(a0)
core   0: 3 0x80000de4 (0xb8250903) x18 0xfffffffa mem 0x80010741
core   0: 0x80000de8 (0xeb6b2113) slti    sp, s6, -330
core   0: 3 0x80000de8 (0xeb6b2113) x2  0x00000000
core   0: 0x80000dec (0x0c3526a3) sw      gp, 205(a0)
core   0: 3 0x80000dec (0x0c3526a3) mem 0x80010c8c 0x0000000c
core   0: 0x80000df0 (0x01250023) sb      s2, 0(a0)
core   0: 3 0x80000df0 (0x01250023) mem 0x80010bbf 0xfa
core   0: 0x80000df4 (0x006d5d33) srl     s10, s10, t1
core   0: 3 0x80000df4 (0x006d5d33) x26 0x00000000
core   0: 0x80000df8 (0x27854483) lbu     s1, 632(a0)
core   0: 3 0x80000df8 (0x27854483) x9  0x000000ec mem 0x80010e37
core   0: 0x80000dfc (0x02dbe2b3) rem     t0, s7, a3
core   0: 3 0x80000dfc (0x02dbe2b3) x5  0x0000003c
core   0: 0x80000e00 (0x0000822d) c.srli  a2, 11
core   0: 3 0x80000e00 (0x822d) x12 0x00000000
core   0: 0x80000e02 (0x00000001) c.nop
core   0: 3 0x80000e02 (0x0001)
core   0: 0x80000e04 (0x96450123) sb      tp, -1694(a0)
core   0: 3 0x80000e04 (0x96450123) mem 0x80010521 0x00
core   0: 0x80000e08 (0x0000fd17) auipc   s10, 0xf
core   0: 3 0x80000e08 (0x0000fd17) x26 0x8000fe08
core   0: 0x80000e0c (0x314d0d13) addi    s10, s10, 788
core   0: 3 0x80000e0c (0x314d0d13) x26 0x8001011c
core   0: 0x80000e10 (0x01d6d6b3) srl     a3, a3, t4
core   0: 3 0x80000e10 (0x01d6d6b3) x13 0x00000000
core   0: 0x80000e14 (0x03fb1233) mulh    tp, s6, t6
core   0: 3 0x80000e14 (0x03fb1233) x4  0xfffffff7
core   0: 0x80000e18 (0x00266c33) or      s8, a2, sp
core   0: 3 0x80000e18 (0x00266c33) x24 0x00000000
core   0: 0x80000e1c (0x032d4c83) lbu     s9, 50(s10)
core   0: 3 0x80000e1c (0x032d4c83) x25 0x00000005 mem 0x8001014e
core   0: 0x80000e20 (0x90575d97) auipc   s11, 0x90575
core   0: 3 0x80000e20 (0x90575d97) x27 0x10575e20
core   0: 0x80000e24 (0x0000717d) c.addi16sp sp, -16
core   0: 3 0x80000e24 (0x717d) x2  0xfffffff0
core   0: 0x80000e26 (0x0ff0000f) fence   iorw,iorw
core   0: 3 0x80000e26 (0x0ff0000f)
core   0: 0x80000e2a (0x00396533) or      a0, s2, gp
core   0: 3 0x80000e2a (0x00396533) x10 0xfffffffe
core   0: 0x80000e2e (0x0ebd05a3) sb      a1, 235(s10)
core   0: 3 0x80000e2e (0x0ebd05a3) mem 0x80010207 0x23
core   0: 0x80000e32 (0x0d6cc493) xori    s1, s9, 214
core   0: 3 0x80000e32 (0x0d6cc493) x9  0x000000d3
core   0: 0x80000e36 (0x0194a6b3) slt     a3, s1, s9
core   0: 3 0x80000e36 (0x0194a6b3) x13 0x00000000
core   0: 0x80000e3a (0x0dad5b03) lhu     s6, 218(s10)
core   0: 3 0x80000e3a (0x0dad5b03) x22 0x0000acad mem 0x800101f6
core   0: 0x80000e3e (0xf5ed1f23) sh      t5, -162(s10)
core   0: 3 0x80000e3e (0xf5ed1f23) mem 0x8001007a 0x0000
core   0: 0x80000e42 (0x03871333) mulh    t1, a4, s8
core   0: 3 0x80000e42 (0x03871333) x6  0x00000000
core   0: 0x80000e46 (0x03a196b3) mulh    a3, gp, s10
core   0: 3 0x80000e46 (0x03a196b3) x13 0xfffffffa
core   0: 0x80000e4a (0x0f8d0a23) sb      s8, 244(s10)
core   0: 3 0x80000e4a (0x0f8d0a23) mem 0x80010210 0x00
core   0: 0x80000e4e (0x000098fd) c.andi  s1, -1
core   0: 3 0x80000e4e (0x98fd) x9  0x000000d3
core   0: 0x80000e50 (0x00008a79) c.andi  a2, 30
core   0: 3 0x80000e50 (0x8a79) x12 0x00000000
core   0: 0x80000e52 (0x02d6ba33) mulhu   s4, a3, a3
core   0: 3 0x80000e52 (0x02d6ba33) x20 0xfffffff4
core   0: 0x80000e56 (0x0334bcb3) mulhu   s9, s1, s3
core   0: 3 0x80000e56 (0x0334bcb3) x25 0x00000000
core   0: 0x80000e5a (0x4058df93) srai    t6, a7, 5
core   0: 3 0x80000e5a (0x4058df93) x31 0xffffffc0
core   0: 0x80000e5e (0x019d0683) lb      a3, 25(s10)
core   0: 3 0x80000e5e (0x019d0683) x13 0xffffffee mem 0x80010135
core   0: 0x80000e62 (0x09fd0ca3) sb      t6, 153(s10)
core   0: 3 0x80000e62 (0x09fd0ca3) mem 0x800101b5 0xc0
core   0: 0x80000e66 (0x000087f9) c.srai  a5, 30
core   0: 3 0x80000e66 (0x87f9) x15 0xffffffff
core   0: 0x80000e68 (0x400052b3) sra     t0, zero, zero
core   0: 3 0x80000e68 (0x400052b3) x5  0x00000000
core   0: 0x80000e6c (0x03fd0c83) lb      s9, 63(s10)
core   0: 3 0x80000e6c (0x03fd0c83) x25 0x00000010 mem 0x8001015b
core   0: 0x80000e70 (0x7eaa3f93) sltiu   t6, s4, 2026
core   0: 3 0x80000e70 (0x7eaa3f93) x31 0x00000000
core   0: 0x80000e74 (0x00009b7d) c.andi  a4, -1
core   0: 3 0x80000e74 (0x9b7d) x14 0x000000fd
core   0: 0x80000e76 (0x041d4283) lbu     t0, 65(s10)
core   0: 3 0x80000e76 (0x041d4283) x5  0x00000016 mem 0x8001015d
core   0: 0x80000e7a (0x0000100f) fence.i
core   0: 3 0x80000e7a (0x0000100f)
core   0: 0x80000e7e (0x064d0703) lb      a4, 100(s10)
core   0: 3 0x80000e7e (0x064d0703) x14 0x0000003b mem 0x80010180
core   0: 0x80000e82 (0x045d2e23) sw      t0, 92(s10)
core   0: 3 0x80000e82 (0x045d2e23) mem 0x80010178 0x00000016
core   0: 0x80000e86 (0xf89d00a3) sb      s1, -127(s10)
core   0: 3 0x80000e86 (0xf89d00a3) mem 0x8001009d 0xd3
core   0: 0x80000e8a (0x00008da5) c.xor   a1, s1
core   0: 3 0x80000e8a (0x8da5) x11 0x000022f0
core   0: 0x80000e8c (0x09ad1583) lh      a1, 154(s10)
core   0: 3 0x80000e8c (0x09ad1583) x11 0x00006c6d mem 0x800101b6
core   0: 0x80000e90 (0x00008cf1) c.and   s1, a2
core   0: 3 0x80000e90 (0x8cf1) x9  0x00000000
core   0: 0x80000e92 (0xf82d0a83) lb      s5, -126(s10)
core   0: 3 0x80000e92 (0xf82d0a83) x21 0x00000055 mem 0x8001009e
core   0: 0x80000e96 (0x00010117) auipc   sp, 0x10
core   0: 3 0x80000e96 (0x00010117) x2  0x80010e96
core   0: 0x80000e9a (0x80310113) addi    sp, sp, -2045
core   0: 3 0x80000e9a (0x80310113) x2  0x80010699
core   0: 0x80000e9e (0xfda14c03) lbu     s8, -38(sp)
core   0: 3 0x80000e9e (0xfda14c03) x24 0x00000028 mem 0x80010673
core   0: 0x80000ea2 (0x00000001) c.nop
core   0: 3 0x80000ea2 (0x0001)
core   0: 0x80000ea4 (0x0014c0b3) xor     ra, s1, ra
core   0: 3 0x80000ea4 (0x0014c0b3) x1  0x00000001
core   0: 0x80000ea8 (0x00008779) c.srai  a4, 30
core   0: 3 0x80000ea8 (0x8779) x14 0x00000000
core   0: 0x80000eaa (0x3408ac73) csrrs   s8, mscratch, a7
core   0: 3 0x80000eaa (0x3408ac73) x24 0x0000000c c832_mscratch 0xfffff80c
core   0: 0x80000eae (0x04d11fa3) sh      a3, 95(sp)
core   0: 3 0x80000eae (0x04d11fa3) mem 0x800106f8 0xffee
core   0: 0x80000eb2 (0x3407ddf3) csrrwi  s11, mscratch, 15
core   0: 3 0x80000eb2 (0x3407ddf3) x27 0xfffff80c c832_mscratch 0x0000000f
core   0: 0x80000eb6 (0x0319e0b3) rem     ra, s3, a7
core   0: 3 0x80000eb6 (0x0319e0b3) x1  0x00000019
core   0: 0x80000eba (0x03221ab3) mulh    s5, tp, s2
core   0: 3 0x80000eba (0x03221ab3) x21 0x00000000
core   0: 0x80000ebe (0xf1715903) lhu     s2, -233(sp)
core   0: 3 0x80000ebe (0xf1715903) x18 0x00006a6b mem 0x800105b0
core   0: 0x80000ec2 (0x00000001) c.nop
core   0: 3 0x80000ec2 (0x0001)
core   0: 0x80000ec4 (0x0000087a) c.slli  a6, 30
core   0: 3 0x80000ec4 (0x087a) x16 0x40000000
core   0: 0x80000ec6 (0x0133ccb3) xor     s9, t2, s3
core   0: 3 0x80000ec6 (0x0133ccb3) x25 0xffffffe6
core   0: 0x80000eca (0x0db10503) lb      a0, 219(sp)
core   0: 3 0x80000eca (0x0db10503) x10 0x0000002f mem 0x80010774
core   0: 0x80000ece (0x0bf12d83) lw      s11, 191(sp)
core   0: 3 0x80000ece (0x0bf12d83) x27 0x10111213 mem 0x80010758
core   0: 0x80000ed2 (0x0f810a23) sb      s8, 244(sp)
core   0: 3 0x80000ed2 (0x0f810a23) mem 0x8001078d 0x0c
core   0: 0x80000ed6 (0x01379c93) slli    s9, a5, 19
core   0: 3 0x80000ed6 (0x01379c93) x25 0xfff80000
core   0: 0x80000eda (0x00000b9a) c.slli  s7, 6
core   0: 3 0x80000eda (0x0b9a) x23 0x00000f00
core   0: 0x80000edc (0x865a3813) sltiu   a6, s4, -1947
core   0: 3 0x80000edc (0x865a3813) x16 0x00000000
core   0: 0x80000ee0 (0x070119a3) sh      a6, 115(sp)
core   0: 3 0x80000ee0 (0x070119a3) mem 0x8001070c 0x0000
core   0: 0x80000ee4 (0x00a8bcb3) sltu    s9, a7, a0
core   0: 3 0x80000ee4 (0x00a8bcb3) x25 0x00000000
core   0: 0x80000ee8 (0x00c4a7b3) slt     a5, s1, a2
core   0: 3 0x80000ee8 (0x00c4a7b3) x15 0x00000000
core   0: 0x80000eec (0x0debbd93) sltiu   s11, s7, 222
core   0: 3 0x80000eec (0x0debbd93) x27 0x00000000
core   0: 0x80000ef0 (0x0000818d) c.srli  a1, 3
core   0: 3 0x80000ef0 (0x818d) x11 0x00000d8d
core   0: 0x80000ef2 (0xfce14f03) lbu     t5, -50(sp)
core   0: 3 0x80000ef2 (0xfce14f03) x30 0x0000001c mem 0x80010667
core   0: 0x80000ef6 (0x025f8233) mul     tp, t6, t0
core   0: 3 0x80000ef6 (0x025f8233) x4  0x00000000
core   0: 0x80000efa (0x0000829e) c.mv    t0, t2
core   0: 3 0x80000efa (0x829e) x5  0xffffffff
core   0: 0x80000efc (0xfe114a03) lbu     s4, -31(sp)
core   0: 3 0x80000efc (0xfe114a03) x20 0x00000031 mem 0x8001067a
core   0: 0x80000f00 (0xdd8d2493) slti    s1, s10, -552
core   0: 3 0x80000f00 (0xdd8d2493) x9  0x00000001
core   0: 0x80000f04 (0xfbb10903) lb      s2, -69(sp)
core   0: 3 0x80000f04 (0xfbb10903) x18 0x0000000f mem 0x80010654
core   0: 0x80000f08 (0x00b95f33) srl     t5, s2, a1
core   0: 3 0x80000f08 (0x00b95f33) x30 0x00000000
core   0: 0x80000f0c (0x021d6513) ori     a0, s10, 33
core   0: 3 0x80000f0c (0x021d6513) x10 0x8001013d
core   0: 0x80000f10 (0xff014983) lbu     s3, -16(sp)
core   0: 3 0x80000f10 (0xff014983) x19 0x00000042 mem 0x80010689
core   0: 0x80000f14 (0x08710723) sb      t2, 142(sp)
core   0: 3 0x80000f14 (0x08710723) mem 0x80010727 0xff
core   0: 0x80000f18 (0xed896013) ori     zero, s2, -296
core   0: 3 0x80000f18 (0xed896013)
core   0: 0x80000f1c (0x02510123) sb      t0, 34(sp)
core   0: 3 0x80000f1c (0x02510123) mem 0x800106bb 0xff
core   0: 0x80000f20 (0x031096b3) mulh    a3, ra, a7
core   0: 3 0x80000f20 (0x031096b3) x13 0xffffffff
core   0: 0x80000f24 (0x02814c03) lbu     s8, 40(sp)
core   0: 3 0x80000f24 (0x02814c03) x24 0x0000007a mem 0x800106c1
core   0: 0x80000f28 (0xf3a14583) lbu     a1, -198(sp)
core   0: 3 0x80000f28 (0xf3a14583) x11 0x00000088 mem 0x800105d3
core   0: 0x80000f2c (0x0290c933) div     s2, ra, s1
core   0: 3 0x80000f2c (0x0290c933) x18 0x00000019
core   0: 0x80000f30 (0x01514a83) lbu     s5, 21(sp)
core   0: 3 0x80000f30 (0x01514a83) x21 0x00000065 mem 0x800106ae
core   0: 0x80000f34 (0x0000fc97) auipc   s9, 0xf
core   0: 3 0x80000f34 (0x0000fc97) x25 0x8000ff34
core   0: 0x80000f38 (0x572c8c93) addi    s9, s9, 1394
core   0: 3 0x80000f38 (0x572c8c93) x25 0x800104a6
core   0: 0x80000f3c (0x00008cc1) c.or    s1, s0
core   0: 3 0x80000f3c (0x8cc1) x9  0x00000001
core   0: 0x80000f3e (0xa46e3513) sltiu   a0, t3, -1466
core   0: 3 0x80000f3e (0xa46e3513) x10 0x00000001
core   0: 0x80000f42 (0xf57c9823) sh      s7, -176(s9)
core   0: 3 0x80000f42 (0xf57c9823) mem 0x800103f6 0x0f00
core   0: 0x80000f46 (0x01f3af33) slt     t5, t2, t6
core   0: 3 0x80000f46 (0x01f3af33) x30 0x00000001
core   0: 0x80000f4a (0xf9fccf83) lbu     t6, -97(s9)
core   0: 3 0x80000f4a (0xf9fccf83) x31 0x000000fe mem 0x80010445
core   0: 0x80000f4e (0x00000001) c.nop
core   0: 3 0x80000f4e (0x0001)
core   0: 0x80000f50 (0x00000259) c.addi  tp, 22
core   0: 3 0x80000f50 (0x0259) x4  0x00000016
core   0: 0x80000f52 (0x02c2b133) mulhu   sp, t0, a2
core   0: 3 0x80000f52 (0x02c2b133) x2  0x00000000
core   0: 0x80000f56 (0x000086b5) c.srai  a3, 13
core   0: 3 0x80000f56 (0x86b5) x13 0xffffffff
core   0: 0x80000f58 (0x0178e633) or      a2, a7, s7
core   0: 3 0x80000f58 (0x0178e633) x12 0xffffff00
core   0: 0x80000f5c (0x00001f90) c.addi4spn a2, sp, 1008
core   0: 3 0x80000f5c (0x1f90) x12 0x000003f0
core   0: 0x80000f5e (0x05fc8683) lb      a3, 95(s9)
core   0: 3 0x80000f5e (0x05fc8683) x13 0xffffffbe mem 0x80010505
core   0: 0x80000f62 (0xf4bc8003) lb      zero, -181(s9)
core   0: 3 0x80000f62 (0xf4bc8003) mem 0x800103f1
core   0: 0x80000f66 (0x03fc8423) sb      t6, 40(s9)
core   0: 3 0x80000f66 (0x03fc8423) mem 0x800104ce 0xfe
core   0: 0x80000f6a (0x0350aa33) mulhsu  s4, ra, s5
core   0: 3 0x80000f6a (0x0350aa33) x20 0x00000000
core   0: 0x80000f6e (0xfd2c9823) sh      s2, -48(s9)
core   0: 3 0x80000f6e (0xfd2c9823) mem 0x80010476 0x0019
core   0: 0x80000f72 (0x073cc803) lbu     a6, 115(s9)
core   0: 3 0x80000f72 (0x073cc803) x16 0x000000d2 mem 0x80010519
core   0: 0x80000f76 (0x00c62db3) slt     s11, a2, a2
core   0: 3 0x80000f76 (0x00c62db3) x27 0x00000000
core   0: 0x80000f7a (0x02f418b3) mulh    a7, s0, a5
core   0: 3 0x80000f7a (0x02f418b3) x17 0x00000000
core   0: 0x80000f7e (0x00008e05) c.sub   a2, s1
core   0: 3 0x80000f7e (0x8e05) x12 0x000003ef
core   0: 0x80000f80 (0x0000bab3) sltu    s5, ra, zero
core   0: 3 0x80000f80 (0x0000bab3) x21 0x00000000
core   0: 0x80000f84 (0xfb4c9283) lh      t0, -76(s9)
core   0: 3 0x80000f84 (0xfb4c9283) x5  0x00001011 mem 0x8001045a
core   0: 0x80000f88 (0xf7dc8183) lb      gp, -131(s9)
core   0: 3 0x80000f88 (0xf7dc8183) x3  0xffffffd8 mem 0x80010423
core   0: 0x80000f8c (0x000090f6) c.add   ra, t4
core   0: 3 0x80000f8c (0x90f6) x1  0x80025ebd
core   0: 0x80000f8e (0xf96cc483) lbu     s1, -106(s9)
core   0: 3 0x80000f8e (0xf96cc483) x9  0x000000f7 mem 0x8001043c
core   0: 0x80000f92 (0x085cc883) lbu     a7, 133(s9)
core   0: 3 0x80000f92 (0x085cc883) x17 0x000000e0 mem 0x8001052b
core   0: 0x80000f96 (0xf7ecd583) lhu     a1, -130(s9)
core   0: 3 0x80000f96 (0xf7ecd583) x11 0x0000dedf mem 0x80010424
core   0: 0x80000f9a (0x340a7d73) csrrci  s10, mscratch, 20
core   0: 3 0x80000f9a (0x340a7d73) x26 0x0000000f c832_mscratch 0x0000000b
core   0: 0x80000f9e (0x00000a18) c.addi4spn a4, sp, 272
core   0: 3 0x80000f9e (0x0a18) x14 0x00000110
core   0: 0x80000fa0 (0x0f0c8da3) sb      a6, 251(s9)
core   0: 3 0x80000fa0 (0x0f0c8da3) mem 0x800105a1 0xd2
core   0: 0x80000fa4 (0xfd1cc603) lbu     a2, -47(s9)
core   0: 3 0x80000fa4 (0xfd1cc603) x12 0x00000000 mem 0x80010477
core   0: 0x80000fa8 (0xf19c8203) lb      tp, -231(s9)
core   0: 3 0x80000fa8 (0xf19c8203) x4  0x00000074 mem 0x800103bf
core   0: 0x80000fac (0xf0dc8b23) sb      a3, -234(s9)
core   0: 3 0x80000fac (0xf0dc8b23) mem 0x800103bc 0xbe
core   0: 0x80000fb0 (0x058cc003) lbu     zero, 88(s9)
core   0: 3 0x80000fb0 (0x058cc003) mem 0x800104fe
core   0: 0x80000fb4 (0x027dcb33) div     s6, s11, t2
core   0: 3 0x80000fb4 (0x027dcb33) x22 0x00000000
core   0: 0x80000fb8 (0x02356633) rem     a2, a0, gp
core   0: 3 0x80000fb8 (0x02356633) x12 0x00000001
core   0: 0x80000fbc (0x039fc833) div     a6, t6, s9
core   0: 3 0x80000fbc (0x039fc833) x16 0x00000000
core   0: 0x80000fc0 (0x34003ff3) csrrc   t6, mscratch, zero
core   0: 3 0x80000fc0 (0x34003ff3) x31 0x0000000b
core   0: 0x80000fc4 (0x0000894a) c.mv    s2, s2
core   0: 3 0x80000fc4 (0x894a) x18 0x00000019
core   0: 0x80000fc6 (0xfe3c9a23) sh      gp, -12(s9)
core   0: 3 0x80000fc6 (0xfe3c9a23) mem 0x8001049a 0xffd8
core   0: 0x80000fca (0xf86caa03) lw      s4, -122(s9)
core   0: 3 0x80000fca (0xf86caa03) x20 0xe4e5e6e7 mem 0x8001042c
core   0: 0x80000fce (0xf0aca203) lw      tp, -246(s9)
core   0: 3 0x80000fce (0xf0aca203) x4  0x68696a6b mem 0x800103b0
core   0: 0x80000fd2 (0x0bdc8d03) lb      s10, 189(s9)
core   0: 3 0x80000fd2 (0x0bdc8d03) x26 0x00000018 mem 0x80010563
core   0: 0x80000fd6 (0x0b2cc183) lbu     gp, 178(s9)
core   0: 3 0x80000fd6 (0x0b2cc183) x3  0x00000013 mem 0x80010558
core   0: 0x80000fda (0xf3ec9923) sh      t5, -206(s9)
core   0: 3 0x80000fda (0xf3ec9923) mem 0x800103d8 0x0001
core   0: 0x80000fde (0x067cc203) lbu     tp, 103(s9)
core   0: 3 0x80000fde (0x067cc203) x4  0x000000c6 mem 0x8001050d
core   0: 0x80000fe2 (0x00008f75) c.and   a4, a3
core   0: 3 0x80000fe2 (0x8f75) x14 0x00000110
core   0: 0x80000fe4 (0x025c8603) lb      a2, 37(s9)
core   0: 3 0x80000fe4 (0x025c8603) x12 0xffffff80 mem 0x800104cb
core   0: 0x80000fe8 (0x00010597) auipc   a1, 0x10
core   0: 3 0x80000fe8 (0x00010597) x11 0x80010fe8
core   0: 0x80000fec (0xc9f58593) addi    a1, a1, -865
core   0: 3 0x80000fec (0xc9f58593) x11 0x80010c87
core   0: 0x80000ff0 (0x0505cf03) lbu     t5, 80(a1)
core   0: 3 0x80000ff0 (0x0505cf03) x30 0x0000008c mem 0x80010cd7
core   0: 0x80000ff4 (0x00008091) c.srli  s1, 4
core   0: 3 0x80000ff4 (0x8091) x9  0x0000000f
core   0: 0x80000ff6 (0x0ba58703) lb      a4, 186(a1)
core   0: 3 0x80000ff6 (0x0ba58703) x14 0xfffffffa mem 0x80010d41
core   0: 0x80000ffa (0xfb558523) sb      s5, -86(a1)
core   0: 3 0x80000ffa (0xfb558523) mem 0x80010c31 0x00
core   0: 0x80000ffe (0x0063e233) or      tp, t2, t1
core   0: 3 0x80000ffe (0x0063e233) x4  0xffffffff
core   0: 0x80001002 (0x04258c03) lb      s8, 66(a1)
core   0: 3 0x80001002 (0x04258c03) x24 0xffffff82 mem 0x80010cc9
core   0: 0x80001006 (0x09c58a23) sb      t3, 148(a1)
core   0: 3 0x80001006 (0x09c58a23) mem 0x80010d1b 0x24
core   0: 0x8000100a (0x024f0833) mul     a6, t5, tp
core   0: 3 0x8000100a (0x024f0833) x16 0xffffff74
core   0: 0x8000100e (0x019b6533) or      a0, s6, s9
core   0: 3 0x8000100e (0x019b6533) x10 0x800104a6
core   0: 0x80001012 (0x00008499) c.srai  s1, 6
core   0: 3 0x80001012 (0x8499) x9  0x00000000
core   0: 0x80001014 (0xf155dc03) lhu     s8, -235(a1)
core   0: 3 0x80001014 (0xf155dc03) x24 0x00005657 mem 0x80010b9c
core   0: 0x80001018 (0x01c23633) sltu    a2, tp, t3
core   0: 3 0x80001018 (0x01c23633) x12 0x00000000
core   0: 0x8000101c (0x41210db3) sub     s11, sp, s2
core   0: 3 0x8000101c (0x41210db3) x27 0xffffffe7
core   0: 0x80001020 (0x02359d83) lh      s11, 35(a1)
core   0: 3 0x80001020 (0x02359d83) x27 0x00006061 mem 0x80010caa
core   0: 0x80001024 (0x05e58f83) lb      t6, 94(a1)
core   0: 3 0x80001024 (0x05e58f83) x31 0xffffff9e mem 0x80010ce5
core   0: 0x80001028 (0xfb95d483) lhu     s1, -71(a1)
core   0: 3 0x80001028 (0xfb95d483) x9  0x0000fafb mem 0x80010c40
core   0: 0x8000102c (0x406659b3) sra     s3, a2, t1
core   0: 3 0x8000102c (0x406659b3) x19 0x00000000
core   0: 0x80001030 (0x0000131c) c.addi4spn a5, sp, 416
core   0: 3 0x80001030 (0x131c) x15 0x000001a0
core   0: 0x80001032 (0x00c31913) slli    s2, t1, 12
core   0: 3 0x80001032 (0x00c31913) x18 0x00000000
core   0: 0x80001036 (0x00001b10) c.addi4spn a2, sp, 432
core   0: 3 0x80001036 (0x1b10) x12 0x000001b0
core   0: 0x80001038 (0x6e203a93) sltiu   s5, zero, 1762
core   0: 3 0x80001038 (0x6e203a93) x21 0x00000001
core   0: 0x8000103c (0x00008d35) c.xor   a0, a3
core   0: 3 0x8000103c (0x8d35) x10 0x7ffefb18
core   0: 0x8000103e (0xf1a5aaa3) sw      s10, -235(a1)
core   0: 3 0x8000103e (0xf1a5aaa3) mem 0x80010b9c 0x00000018
core   0: 0x80001042 (0x075581a3) sb      s5, 99(a1)
core   0: 3 0x80001042 (0x075581a3) mem 0x80010cea 0x01
core   0: 0x80001046 (0x4802ca93) xori    s5, t0, 1152
core   0: 3 0x80001046 (0x4802ca93) x21 0x00001491
core   0: 0x8000104a (0xff558c23) sb      s5, -8(a1)
core   0: 3 0x8000104a (0xff558c23) mem 0x80010c7f 0x91
core   0: 0x8000104e (0x033588a3) sb      s3, 49(a1)
core   0: 3 0x8000104e (0x033588a3) mem 0x80010cb8 0x00
core   0: 0x80001052 (0x07258aa3) sb      s2, 117(a1)
core   0: 3 0x80001052 (0x07258aa3) mem 0x80010cfc 0x00
core   0: 0x80001056 (0x34029073) csrw    mscratch, t0
core   0: 3 0x80001056 (0x34029073) c832_mscratch 0x00001011
core   0: 0x8000105a (0xb8f49c17) auipc   s8, 0xb8f49
core   0: 3 0x8000105a (0xb8f49c17) x24 0x38f4a05a
core   0: 0x8000105e (0x0013bab3) sltu    s5, t2, ra
core   0: 3 0x8000105e (0x0013bab3) x21 0x00000000
core   0: 0x80001062 (0x004cd613) srli    a2, s9, 4
core   0: 3 0x80001062 (0x004cd613) x12 0x0800104a
core   0: 0x80001066 (0x41835a93) srai    s5, t1, 24
core   0: 3 0x80001066 (0x41835a93) x21 0x00000000
core   0: 0x8000106a (0x0935da83) lhu     s5, 147(a1)
core   0: 3 0x8000106a (0x0935da83) x21 0x000024d1 mem 0x80010d1a
core   0: 0x8000106e (0x08858ca3) sb      s0, 153(a1)
core   0: 3 0x8000106e (0x08858ca3) mem 0x80010d20 0x00
core   0: 0x80001072 (0x022fe133) rem     sp, t6, sp
core   0: 3 0x80001072 (0x022fe133) x2  0xffffff9e
core   0: 0x80001076 (0xfa35d903) lhu     s2, -93(a1)
core   0: 3 0x80001076 (0xfa35d903) x18 0x0000e0e1 mem 0x80010c2a
core   0: 0x8000107a (0xfd2591a3) sh      s2, -61(a1)
core   0: 3 0x8000107a (0xfd2591a3) mem 0x80010c4a 0xe0e1
core   0: 0x8000107e (0x00008ec5) c.or    a3, s1
core   0: 3 0x8000107e (0x8ec5) x13 0xffffffff
core   0: 0x80001080 (0xf3e5ca83) lbu     s5, -194(a1)
core   0: 3 0x80001080 (0xf3e5ca83) x21 0x0000007e mem 0x80010bc5
core   0: 0x80001084 (0x01ef3bb3) sltu    s7, t5, t5
core   0: 3 0x80001084 (0x01ef3bb3) x23 0x00000000
core   0: 0x80001088 (0x014a6533) or      a0, s4, s4
core   0: 3 0x80001088 (0x014a6533) x10 0xe4e5e6e7
core   0: 0x8000108c (0x04758823) sb      t2, 80(a1)
core   0: 3 0x8000108c (0x04758823) mem 0x80010cd7 0xff
core   0: 0x80001090 (0x00006139) c.addi16sp sp, 448
core   0: 3 0x80001090 (0x6139) x2  0x0000015e
core   0: 0x80001092 (0x029d1033) mulh    zero, s10, s1
core   0: 3 0x80001092 (0x029d1033)
core   0: 0x80001096 (0xfc458303) lb      t1, -60(a1)
core   0: 3 0x80001096 (0xfc458303) x6  0xffffffe0 mem 0x80010c4b
core   0: 0x8000109a (0x0d658a23) sb      s6, 212(a1)
core   0: 3 0x8000109a (0x0d658a23) mem 0x80010d5b 0x00
core   0: 0x8000109e (0x01f91f33) sll     t5, s2, t6
core   0: 3 0x8000109e (0x01f91f33) x30 0x40000000
core   0: 0x800010a2 (0xf8958023) sb      s1, -128(a1)
core   0: 3 0x800010a2 (0xf8958023) mem 0x80010c07 0xfb
core   0: 0x800010a6 (0x0000f697) auipc   a3, 0xf
core   0: 3 0x800010a6 (0x0000f697) x13 0x800100a6
core   0: 0x800010aa (0x2d368693) addi    a3, a3, 723
core   0: 3 0x800010aa (0x2d368693) x13 0x80010379
core   0: 0x800010ae (0xfca68423) sb      a0, -56(a3)
core   0: 3 0x800010ae (0xfca68423) mem 0x80010341 0xe7
core   0: 0x800010b2 (0x0316c883) lbu     a7, 49(a3)
core   0: 3 0x800010b2 (0x0316c883) x17 0x00000061 mem 0x800103aa
core   0: 0x800010b6 (0x03c6c483) lbu     s1, 60(a3)
core   0: 3 0x800010b6 (0x03c6c483) x9  0x0000006e mem 0x800103b5
core   0: 0x800010ba (0x00bf7a33) and     s4, t5, a1
core   0: 3 0x800010ba (0x00bf7a33) x20 0x00000000
core   0: 0x800010be (0x01d68103) lb      sp, 29(a3)
core   0: 3 0x800010be (0x01d68103) x2  0x0000004d mem 0x80010396
core   0: 0x800010c2 (0xffa68003) lb      zero, -6(a3)
core   0: 3 0x800010c2 (0xffa68003) mem 0x80010373
core   0: 0x800010c6 (0x00006c99) c.lui   s9, 0x6
core   0: 3 0x800010c6 (0x6c99) x25 0x00006000
core   0: 0x800010c8 (0x0137ca33) xor     s4, a5, s3
core   0: 3 0x800010c8 (0x0137ca33) x20 0x000001a0
core   0: 0x800010cc (0xfc16df03) lhu     t5, -63(a3)
core   0: 3 0x800010cc (0xfc16df03) x30 0x0000f0f1 mem 0x8001033a
core   0: 0x800010d0 (0x024d3b33) mulhu   s6, s10, tp
core   0: 3 0x800010d0 (0x024d3b33) x22 0x00000017
core   0: 0x800010d4 (0xfc66c803) lbu     a6, -58(a3)
core   0: 3 0x800010d4 (0xfc66c803) x16 0x000000f4 mem 0x8001033f
core   0: 0x800010d8 (0x0366aab3) mulhsu  s5, a3, s6
core   0: 3 0x800010d8 (0x0366aab3) x21 0xfffffff4
core   0: 0x800010dc (0x00001dfd) c.addi  s11, -1
core   0: 3 0x800010dc (0x1dfd) x27 0x00006060
core   0: 0x800010de (0x029695a3) sh      s1, 43(a3)
core   0: 3 0x800010de (0x029695a3) mem 0x800103a4 0x006e
core   0: 0x800010e2 (0xfc468283) lb      t0, -60(a3)
core   0: 3 0x800010e2 (0xfc468283) x5  0xfffffff6 mem 0x8001033d
core   0: 0x800010e6 (0x00008cba) c.mv    s9, a4
core   0: 3 0x800010e6 (0x8cba) x25 0xfffffffa
core   0: 0x800010e8 (0x00000001) c.nop
core   0: 3 0x800010e8 (0x0001)
core   0: 0x800010ea (0x03c6cb03) lbu     s6, 60(a3)
core   0: 3 0x800010ea (0x03c6cb03) x22 0x0000006e mem 0x800103b5
core   0: 0x800010ee (0x01812ab3) slt     s5, sp, s8
core   0: 3 0x800010ee (0x01812ab3) x21 0x00000001
core   0: 0x800010f2 (0xfc56cc83) lbu     s9, -59(a3)
core   0: 3 0x800010f2 (0xfc56cc83) x25 0x000000f5 mem 0x8001033e
core   0: 0x800010f6 (0x0106c083) lbu     ra, 16(a3)
core   0: 3 0x800010f6 (0x0106c083) x1  0x00000042 mem 0x80010389
core   0: 0x800010fa (0xfc768c83) lb      s9, -57(a3)
core   0: 3 0x800010fa (0xfc768c83) x25 0xfffffffb mem 0x80010340
core   0: 0x800010fe (0xfce68e23) sb      a4, -36(a3)
core   0: 3 0x800010fe (0xfce68e23) mem 0x80010355 0xfa
core   0: 0x80001102 (0x000084d1) c.srai  s1, 20
core   0: 3 0x80001102 (0x84d1) x9  0x00000000
core   0: 0x80001104 (0xfdc68f23) sb      t3, -34(a3)
core   0: 3 0x80001104 (0xfdc68f23) mem 0x80010357 0x24
core   0: 0x80001108 (0xffa68523) sb      s10, -22(a3)
core   0: 3 0x80001108 (0xffa68523) mem 0x80010363 0x18
core   0: 0x8000110c (0x00008e29) c.xor   a2, a0
core   0: 3 0x8000110c (0x8e29) x12 0xece5f6ad
core   0: 0x8000110e (0x41608f33) sub     t5, ra, s6
core   0: 3 0x8000110e (0x41608f33) x30 0xffffffd4
core   0: 0x80001112 (0xff46c583) lbu     a1, -12(a3)
core   0: 3 0x80001112 (0xff46c583) x11 0x00000026 mem 0x8001036d
core   0: 0x80001116 (0xffa6c603) lbu     a2, -6(a3)
core   0: 3 0x80001116 (0xffa6c603) x12 0x00000028 mem 0x80010373
core   0: 0x8000111a (0x00008de5) c.and   a1, s1
core   0: 3 0x8000111a (0x8de5) x11 0x00000000
core   0: 0x8000111c (0x00009112) c.add   sp, tp
core   0: 3 0x8000111c (0x9112) x2  0x0000004c
core   0: 0x8000111e (0xfee68223) sb      a4, -28(a3)
core   0: 3 0x8000111e (0xfee68223) mem 0x8001035d 0xfa
core   0: 0x80001122 (0x00008cc9) c.or    s1, a0
core   0: 3 0x80001122 (0x8cc9) x9  0xe4e5e6e7
core   0: 0x80001124 (0xfd368a23) sb      s3, -44(a3)
core   0: 3 0x80001124 (0xfd368a23) mem 0x8001034d 0x00
core   0: 0x80001128 (0x01c6c303) lbu     t1, 28(a3)
core   0: 3 0x80001128 (0x01c6c303) x6  0x0000004e mem 0x80010395
core   0: 0x8000112c (0x0356da03) lhu     s4, 53(a3)
core   0: 3 0x8000112c (0x0356da03) x20 0x00006465 mem 0x800103ae
core   0: 0x80001130 (0x02428233) mul     tp, t0, tp
core   0: 3 0x80001130 (0x02428233) x4  0x0000000a
core   0: 0x80001134 (0x00f6af83) lw      t6, 15(a3)
core   0: 3 0x80001134 (0x00f6af83) x31 0x40414243 mem 0x80010388
core   0: 0x80001138 (0xffb68083) lb      ra, -5(a3)
core   0: 3 0x80001138 (0xffb68083) x1  0x0000002f mem 0x80010374
core   0: 0x8000113c (0x009682a3) sb      s1, 5(a3)
core   0: 3 0x8000113c (0x009682a3) mem 0x8001037e 0xe7
core   0: 0x80001140 (0xfec6cd83) lbu     s11, -20(a3)
core   0: 3 0x80001140 (0xfec6cd83) x27 0x0000001e mem 0x80010365
core   0: 0x80001144 (0x02668323) sb      t1, 38(a3)
core   0: 3 0x80001144 (0x02668323) mem 0x8001039f 0x4e
core   0: 0x80001148 (0x00010817) auipc   a6, 0x10
core   0: 3 0x80001148 (0x00010817) x16 0x80011148
core   0: 0x8000114c (0x95e80813) addi    a6, a6, -1698
core   0: 3 0x8000114c (0x95e80813) x16 0x80010aa6
core   0: 0x80001150 (0x003f5b33) srl     s6, t5, gp
core   0: 3 0x80001150 (0x003f5b33) x22 0x00001fff
core   0: 0x80001154 (0xfc884103) lbu     sp, -56(a6)
core   0: 3 0x80001154 (0xfc884103) x2  0x00000025 mem 0x80010a6e
core   0: 0x80001158 (0x02f21033) mulh    zero, tp, a5
core   0: 3 0x80001158 (0x02f21033)
core   0: 0x8000115c (0xfde85183) lhu     gp, -34(a6)
core   0: 3 0x8000115c (0xfde85183) x3  0x00003e3f mem 0x80010a84
core   0: 0x80001160 (0x02784883) lbu     a7, 39(a6)
core   0: 3 0x80001160 (0x02784883) x17 0x00000086 mem 0x80010acd
core   0: 0x80001164 (0x03ca18b3) mulh    a7, s4, t3
core   0: 3 0x80001164 (0x03ca18b3) x17 0xffffcdce
core   0: 0x80001168 (0xfdc80b83) lb      s7, -36(a6)
core   0: 3 0x80001168 (0xfdc80b83) x23 0x00000039 mem 0x80010a82
core   0: 0x8000116c (0xfec81223) sh      a2, -28(a6)
core   0: 3 0x8000116c (0xfec81223) mem 0x80010a8a 0x0028
core   0: 0x80001170 (0x0000119c) c.addi4spn a5, sp, 224
core   0: 3 0x80001170 (0x119c) x15 0x00000105
core   0: 0x80001172 (0x00a82083) lw      ra, 10(a6)
core   0: 3 0x80001172 (0x00a82083) x1  0x68696a6b mem 0x80010ab0
core   0: 0x80001176 (0xfe784d03) lbu     s10, -25(a6)
core   0: 3 0x80001176 (0xfe784d03) x26 0x00000046 mem 0x80010a8d
core   0: 0x8000117a (0xfe080ca3) sb      zero, -7(a6)
core   0: 3 0x8000117a (0xfe080ca3) mem 0x80010a9f 0x00
core   0: 0x8000117e (0xd38ec893) xori    a7, t4, -712
core   0: 3 0x8000117e (0xd38ec893) x17 0x7ffda39c
core   0: 0x80001182 (0x024d5333) divu    t1, s10, tp
core   0: 3 0x80001182 (0x024d5333) x6  0x00000007
core   0: 0x80001186 (0x01180203) lb      tp, 17(a6)
core   0: 3 0x80001186 (0x01180203) x4  0x0000006c mem 0x80010ab7
core   0: 0x8000118a (0x034b2b33) mulhsu  s6, s6, s4
core   0: 3 0x8000118a (0x034b2b33) x22 0x00000000
core   0: 0x8000118e (0x028a8633) mul     a2, s5, s0
core   0: 3 0x8000118e (0x028a8633) x12 0x00000000
core   0: 0x80001192 (0x02211533) mulh    a0, sp, sp
core   0: 3 0x80001192 (0x02211533) x10 0x00000000
core   0: 0x80001196 (0x00681b03) lh      s6, 6(a6)
core   0: 3 0x80001196 (0x00681b03) x22 0x00006667 mem 0x80010aac
core   0: 0x8000119a (0xfd281c23) sh      s2, -40(a6)
core   0: 3 0x8000119a (0xfd281c23) mem 0x80010a7e 0xe0e1
core   0: 0x8000119e (0xfc380fa3) sb      gp, -33(a6)
core   0: 3 0x8000119e (0xfc380fa3) mem 0x80010a85 0x3f
core   0: 0x800011a2 (0xfeb80ca3) sb      a1, -7(a6)
core   0: 3 0x800011a2 (0xfeb80ca3) mem 0x80010a9f 0x00
core   0: 0x800011a6 (0x00f81e23) sh      a5, 28(a6)
core   0: 3 0x800011a6 (0x00f81e23) mem 0x80010ac2 0x0105
core   0: 0x800011aa (0x00000001) c.nop
core   0: 3 0x800011aa (0x0001)
core   0: 0x800011ac (0x00001084) c.addi4spn s1, sp, 96
core   0: 3 0x800011ac (0x1084) x9  0x00000085
core   0: 0x800011ae (0x02e84183) lbu     gp, 46(a6)
core   0: 3 0x800011ae (0x02e84183) x3  0x0000008f mem 0x80010ad4
core   0: 0x800011b2 (0x00009f16) c.add   t5, t0
core   0: 3 0x800011b2 (0x9f16) x30 0xffffffca
core   0: 0x800011b4 (0x03c8bbb3) mulhu   s7, a7, t3
core   0: 3 0x800011b4 (0x03c8bbb3) x23 0x40002059
core   0: 0x800011b8 (0x34003ff3) csrrc   t6, mscratch, zero
core   0: 3 0x800011b8 (0x34003ff3) x31 0x00001011
core   0: 0x800011bc (0x018806a3) sb      s8, 13(a6)
core   0: 3 0x800011bc (0x018806a3) mem 0x80010ab3 0x5a
core   0: 0x800011c0 (0x039266b3) rem     a3, tp, s9
core   0: 3 0x800011c0 (0x039266b3) x13 0x00000003
core   0: 0x800011c4 (0xfe580c83) lb      s9, -27(a6)
core   0: 3 0x800011c4 (0xfe580c83) x25 0x00000000 mem 0x80010a8b
core   0: 0x800011c8 (0x01d69193) slli    gp, a3, 29
core   0: 3 0x800011c8 (0x01d69193) x3  0x60000000
core   0: 0x800011cc (0x03f80703) lb      a4, 63(a6)
core   0: 3 0x800011cc (0x03f80703) x14 0xffffff9e mem 0x80010ae5
core   0: 0x800011d0 (0x00019c17) auipc   s8, 0x19
core   0: 3 0x800011d0 (0x00019c17) x24 0x8001a1d0
core   0: 0x800011d4 (0x6d0c0c13) addi    s8, s8, 1744
core   0: 3 0x800011d4 (0x6d0c0c13) x24 0x8001a8a0
core   0: 0x800011d8 (0xf87c4c83) lbu     s9, -121(s8)
core   0: 3 0x800011d8 (0xf87c4c83) x25 0x000000dc mem 0x8001a827
core   0: 0x800011dc (0x418b51b3) sra     gp, s6, s8
core   0: 3 0x800011dc (0x418b51b3) x3  0x00006667
core   0: 0x800011e0 (0xfcac4a83) lbu     s5, -54(s8)
core   0: 3 0x800011e0 (0xfcac4a83) x21 0x00000021 mem 0x8001a86a
core   0: 0x800011e4 (0xf4cc1683) lh      a3, -180(s8)
core   0: 3 0x800011e4 (0xf4cc1683) x13 0xffffa6a7 mem 0x8001a7ec
core   0: 0x800011e8 (0x062c1123) sh      sp, 98(s8)
core   0: 3 0x800011e8 (0x062c1123) mem 0x8001a902 0x0025
core   0: 0x800011ec (0x038c05a3) sb      s8, 43(s8)
core   0: 3 0x800011ec (0x038c05a3) mem 0x8001a8cb 0xa0
core   0: 0x800011f0 (0x000c5a83) lhu     s5, 0(s8)
core   0: 3 0x800011f0 (0x000c5a83) x21 0x00005a5b mem 0x8001a8a0
core   0: 0x800011f4 (0x340b67f3) csrrsi  a5, mscratch, 22
core   0: 3 0x800011f4 (0x340b67f3) x15 0x00001011 c832_mscratch 0x00001017
core   0: 0x800011f8 (0xfc9c0c83) lb      s9, -55(s8)
core   0: 3 0x800011f8 (0xfc9c0c83) x25 0x00000022 mem 0x8001a869
core   0: 0x800011fc (0x0365f6b3) remu    a3, a1, s6
core   0: 3 0x800011fc (0x0365f6b3) x13 0x00000000
core   0: 0x80001200 (0xfddc4703) lbu     a4, -35(s8)
core   0: 3 0x80001200 (0xfddc4703) x14 0x00000036 mem 0x8001a87d
core   0: 0x80001204 (0x00000001) c.nop
core   0: 3 0x80001204 (0x0001)
core   0: 0x80001206 (0x340b38f3) csrrc   a7, mscratch, s6
core   0: 3 0x80001206 (0x340b38f3) x17 0x00001017 c832_mscratch 0x00001010
core   0: 0x8000120a (0xf5bc4c83) lbu     s9, -165(s8)
core   0: 3 0x8000120a (0xf5bc4c83) x25 0x000000b0 mem 0x8001a7fb
core   0: 0x8000120e (0x088c2083) lw      ra, 136(s8)
core   0: 3 0x8000120e (0x088c2083) x1  0xe0e1e2e3 mem 0x8001a928
core   0: 0x80001212 (0xf89c0a83) lb      s5, -119(s8)
core   0: 3 0x80001212 (0xf89c0a83) x21 0xffffffe2 mem 0x8001a829
core   0: 0x80001216 (0x0346af33) mulhsu  t5, a3, s4
core   0: 3 0x80001216 (0x0346af33) x30 0x00000000
core   0: 0x8000121a (0x00004d8d) c.li    s11, 3
core   0: 3 0x8000121a (0x4d8d) x27 0x00000003
core   0: 0x8000121c (0xf10c0d03) lb      s10, -240(s8)
core   0: 3 0x8000121c (0xf10c0d03) x26 0x0000006b mem 0x8001a7b0
core   0: 0x80001220 (0x0369e2b3) rem     t0, s3, s6
core   0: 3 0x80001220 (0x0369e2b3) x5  0x00000000
core   0: 0x80001224 (0xff1c0283) lb      t0, -15(s8)
core   0: 3 0x80001224 (0xff1c0283) x5  0x0000004a mem 0x8001a891
core   0: 0x80001228 (0x01be9fb3) sll     t6, t4, s11
core   0: 3 0x80001228 (0x01be9fb3) x31 0x0012f520
core   0: 0x8000122c (0x34057f73) csrrci  t5, mscratch, 10
core   0: 3 0x8000122c (0x34057f73) x30 0x00001010 c832_mscratch 0x00001010
core   0: 0x80001230 (0x029c0183) lb      gp, 41(s8)
core   0: 3 0x80001230 (0x029c0183) x3  0xffffff82 mem 0x8001a8c9
core   0: 0x80001234 (0x007c0aa3) sb      t2, 21(s8)
core   0: 3 0x80001234 (0x007c0aa3) mem 0x8001a8b5 0xff
core   0: 0x80001238 (0x0001e097) auipc   ra, 0x1e
core   0: 3 0x80001238 (0x0001e097) x1  0x8001f238
core   0: 0x8000123c (0x01908093) addi    ra, ra, 25
core   0: 3 0x8000123c (0x01908093) x1  0x8001f251
core   0: 0x80001240 (0xfc909683) lh      a3, -55(ra)
core   0: 3 0x80001240 (0xfc909683) x13 0xffffd0d1 mem 0x8001f21a
core   0: 0x80001244 (0x3406f173) csrrci  sp, mscratch, 13
core   0: 3 0x80001244 (0x3406f173) x2  0x00001010 c832_mscratch 0x00001010
core   0: 0x80001248 (0x0c408503) lb      a0, 196(ra)
core   0: 3 0x80001248 (0x0c408503) x10 0xffffffce mem 0x8001f315
core   0: 0x8000124c (0x0850c803) lbu     a6, 133(ra)
core   0: 3 0x8000124c (0x0850c803) x16 0x0000008d mem 0x8001f2d6
core   0: 0x80001250 (0x0d4098a3) sh      s4, 209(ra)
core   0: 3 0x80001250 (0x0d4098a3) mem 0x8001f322 0x6465
core   0: 0x80001254 (0x05d08123) sb      t4, 66(ra)
core   0: 3 0x80001254 (0x05d08123) mem 0x8001f293 0xa4
core   0: 0x80001258 (0x0b509aa3) sh      s5, 181(ra)
core   0: 3 0x80001258 (0x0b509aa3) mem 0x8001f306 0xffe2
core   0: 0x8000125c (0x40d9d613) srai    a2, s3, 13
core   0: 3 0x8000125c (0x40d9d613) x12 0x00000000
core   0: 0x80001260 (0x00008e45) c.or    a2, s1
core   0: 3 0x80001260 (0x8e45) x12 0x00000085
core   0: 0x80001262 (0xf9a08c03) lb      s8, -102(ra)
core   0: 3 0x80001262 (0xf9a08c03) x24 0xffffffa0 mem 0x8001f1eb
core   0: 0x80001266 (0x0230d803) lhu     a6, 35(ra)
core   0: 3 0x80001266 (0x0230d803) x16 0x00002e2f mem 0x8001f274
core   0: 0x8000126a (0xf3008603) lb      a2, -208(ra)
core   0: 3 0x8000126a (0xf3008603) x12 0x0000003a mem 0x8001f181
core   0: 0x8000126e (0xfd808f03) lb      t5, -40(ra)
core   0: 3 0x8000126e (0xfd808f03) x30 0xffffffe2 mem 0x8001f229
core   0: 0x80001272 (0x0510c303) lbu     t1, 81(ra)
core   0: 3 0x80001272 (0x0510c303) x6  0x00000059 mem 0x8001f2a2
core   0: 0x80001276 (0x028afab3) remu    s5, s5, s0
core   0: 3 0x80001276 (0x028afab3) x21 0xffffffe2
core   0: 0x8000127a (0xf2108c23) sb      ra, -200(ra)
core   0: 3 0x8000127a (0xf2108c23) mem 0x8001f189 0x51
core   0: 0x8000127e (0x00000001) c.nop
core   0: 3 0x8000127e (0x0001)
core   0: 0x80001280 (0x02208a23) sb      sp, 52(ra)
core   0: 3 0x80001280 (0x02208a23) mem 0x8001f285 0x10
core   0: 0x80001284 (0xf8d08223) sb      a3, -124(ra)
core   0: 3 0x80001284 (0xf8d08223) mem 0x8001f1d5 0xd1
core   0: 0x80001288 (0xf72092a3) sh      s2, -155(ra)
core   0: 3 0x80001288 (0xf72092a3) mem 0x8001f1b6 0xe0e1
core   0: 0x8000128c (0xf9208f83) lb      t6, -110(ra)
core   0: 3 0x8000128c (0xf9208f83) x31 0xffffff98 mem 0x8001f1e3
core   0: 0x80001290 (0x01a0ca03) lbu     s4, 26(ra)
core   0: 3 0x80001290 (0x01a0ca03) x20 0x00000020 mem 0x8001f26b
core   0: 0x80001294 (0x0ff08583) lb      a1, 255(ra)
core   0: 3 0x80001294 (0x0ff08583) x11 0x0000000b mem 0x8001f350
core   0: 0x80001298 (0x04b0a9a3) sw      a1, 83(ra)
core   0: 3 0x80001298 (0x04b0a9a3) mem 0x8001f2a4 0x0000000b
core   0: 0x8000129c (0x00008cb9) c.xor   s1, a4
core   0: 3 0x8000129c (0x8cb9) x9  0x000000b3
core   0: 0x8000129e (0x0e308b23) sb      gp, 246(ra)
core   0: 3 0x8000129e (0x0e308b23) mem 0x8001f347 0x82
core   0: 0x800012a2 (0x02e02a33) mulhsu  s4, zero, a4
core   0: 3 0x800012a2 (0x02e02a33) x20 0x00000000
core   0: 0x800012a6 (0x00008611) c.srai  a2, 4
core   0: 3 0x800012a6 (0x8611) x12 0x00000003
core   0: 0x800012a8 (0x0bdcea13) ori     s4, s9, 189
core   0: 3 0x800012a8 (0x0bdcea13) x20 0x000000bd
core   0: 0x800012ac (0xf3408ca3) sb      s4, -199(ra)
core   0: 3 0x800012ac (0xf3408ca3) mem 0x8001f18a 0xbd
core   0: 0x800012b0 (0xf1308aa3) sb      s3, -235(ra)
core   0: 3 0x800012b0 (0xf1308aa3) mem 0x8001f166 0x00
core   0: 0x800012b4 (0x0430d603) lhu     a2, 67(ra)
core   0: 3 0x800012b4 (0x0430d603) x12 0x00004e4f mem 0x8001f294
core   0: 0x800012b8 (0x5c9d5117) auipc   sp, 0x5c9d5
core   0: 3 0x800012b8 (0x5c9d5117) x2  0xdc9d62b8
core   0: 0x800012bc (0x9bc076b7) lui     a3, 0x9bc07
core   0: 3 0x800012bc (0x9bc076b7) x13 0x9bc07000
core   0: 0x800012c0 (0x08d0c103) lbu     sp, 141(ra)
core   0: 3 0x800012c0 (0x08d0c103) x2  0x00000095 mem 0x8001f2de
core   0: 0x800012c4 (0x09108723) sb      a7, 142(ra)
core   0: 3 0x800012c4 (0x09108723) mem 0x8001f2df 0x17
core   0: 0x800012c8 (0xf5408f03) lb      t5, -172(ra)
core   0: 3 0x800012c8 (0xf5408f03) x30 0x0000005e mem 0x8001f1a5
core   0: 0x800012cc (0x0c208ea3) sb      sp, 221(ra)
core   0: 3 0x800012cc (0x0c208ea3) mem 0x8001f32e 0x95
core   0: 0x800012d0 (0x00008f01) c.sub   a4, s0
core   0: 3 0x800012d0 (0x8f01) x14 0x00000036
core   0: 0x800012d2 (0x08e08383) lb      t2, 142(ra)
core   0: 3 0x800012d2 (0x08e08383) x7  0x00000017 mem 0x8001f2df
core   0: 0x800012d6 (0x0000f797) auipc   a5, 0xf
core   0: 3 0x800012d6 (0x0000f797) x15 0x800102d6
core   0: 0x800012da (0xeb778793) addi    a5, a5, -329
core   0: 3 0x800012da (0xeb778793) x15 0x8001018d
core   0: 0x800012de (0x01acfb33) and     s6, s9, s10
core   0: 3 0x800012de (0x01acfb33) x22 0x00000020
core   0: 0x800012e2 (0x03f45d33) divu    s10, s0, t6
core   0: 3 0x800012e2 (0x03f45d33) x26 0x00000000
core   0: 0x800012e6 (0xff37da03) lhu     s4, -13(a5)
core   0: 3 0x800012e6 (0xff37da03) x20 0x00003a3b mem 0x80010180
core   0: 0x800012ea (0x00594a33) xor     s4, s2, t0
core   0: 3 0x800012ea (0x00594a33) x20 0x0000e0ab
core   0: 0x800012ee (0x00d52133) slt     sp, a0, a3
core   0: 3 0x800012ee (0x00d52133) x2  0x00000000
core   0: 0x800012f2 (0x00008cb5) c.xor   s1, a3
core   0: 3 0x800012f2 (0x8cb5) x9  0x9bc070b3
core   0: 0x800012f4 (0x00008345) c.srli  a4, 17
core   0: 3 0x800012f4 (0x8345) x14 0x00000000
core   0: 0x800012f6 (0x01e78223) sb      t5, 4(a5)
core   0: 3 0x800012f6 (0x01e78223) mem 0x80010191 0x5e
core   0: 0x800012fa (0x00f45c13) srli    s8, s0, 15
core   0: 3 0x800012fa (0x00f45c13) x24 0x00000000
core   0: 0x800012fe (0x01178723) sb      a7, 14(a5)
core   0: 3 0x800012fe (0x01178723) mem 0x8001019b 0x17
core   0: 0x80001302 (0x00878a83) lb      s5, 8(a5)
core   0: 3 0x80001302 (0x00878a83) x21 0xfffffffc mem 0x80010195
core   0: 0x80001306 (0x00da8db3) add     s11, s5, a3
core   0: 3 0x80001306 (0x00da8db3) x27 0x9bc06ffc
core   0: 0x8000130a (0x0223c733) div     a4, t2, sp
core   0: 3 0x8000130a (0x0223c733) x14 0xffffffff
core   0: 0x8000130e (0x0190ccb3) xor     s9, ra, s9
core   0: 3 0x8000130e (0x0190ccb3) x25 0x8001f2e1
core   0: 0x80001312 (0x00d69333) sll     t1, a3, a3
core   0: 3 0x80001312 (0x00d69333) x6  0x9bc07000
core   0: 0x80001316 (0xff678603) lb      a2, -10(a5)
core   0: 3 0x80001316 (0xff678603) x12 0x00000038 mem 0x80010183
core   0: 0x8000131a (0x0107cf03) lbu     t5, 16(a5)
core   0: 3 0x8000131a (0x0107cf03) x30 0x00000056 mem 0x8001019d
core   0: 0x8000131e (0x02412bb3) mulhsu  s7, sp, tp
core   0: 3 0x8000131e (0x02412bb3) x23 0x00000000
core   0: 0x80001322 (0x012ec833) xor     a6, t4, s2
core   0: 3 0x80001322 (0x012ec833) x16 0x8002be45
core   0: 0x80001326 (0x0000018c) c.addi4spn a1, sp, 192
core   0: 3 0x80001326 (0x018c) x11 0x000000c0
core   0: 0x80001328 (0x00009862) c.add   a6, s8
core   0: 3 0x80001328 (0x9862) x16 0x8002be45
core   0: 0x8000132a (0x0077ad03) lw      s10, 7(a5)
core   0: 3 0x8000132a (0x0077ad03) x26 0x4c4dfc4f mem 0x80010194
core   0: 0x8000132e (0x003dd233) srl     tp, s11, gp
core   0: 3 0x8000132e (0x003dd233) x4  0x26f01bff
core   0: 0x80001332 (0x01525393) srli    t2, tp, 21
core   0: 3 0x80001332 (0x01525393) x7  0x00000137
core   0: 0x80001336 (0x8f93bd17) auipc   s10, 0x8f93b
core   0: 3 0x80001336 (0x8f93bd17) x26 0x0f93c336
core   0: 0x8000133a (0x00678483) lb      s1, 6(a5)
core   0: 3 0x8000133a (0x00678483) x9  0x00000048 mem 0x80010193
core   0: 0x8000133e (0x0313b2b3) mulhu   t0, t2, a7
core   0: 3 0x8000133e (0x0313b2b3) x5  0x00000000
core   0: 0x80001342 (0xff678a23) sb      s6, -12(a5)
core   0: 3 0x80001342 (0xff678a23) mem 0x80010181 0x20
core   0: 0x80001346 (0x0027c103) lbu     sp, 2(a5)
core   0: 3 0x80001346 (0x0027c103) x2  0x00000044 mem 0x8001018f
core   0: 0x8000134a (0x01c792a3) sh      t3, 5(a5)
core   0: 3 0x8000134a (0x01c792a3) mem 0x80010192 0x9d24
core   0: 0x8000134e (0x00016117) auipc   sp, 0x16
core   0: 3 0x8000134e (0x00016117) x2  0x8001734e
core   0: 0x80001352 (0x8fe10113) addi    sp, sp, -1794
core   0: 3 0x80001352 (0x8fe10113) x2  0x80016c4c
core   0: 0x80001356 (0x92323593) sltiu   a1, tp, -1757
core   0: 3 0x80001356 (0x92323593) x11 0x00000001
core   0: 0x8000135a (0x00ea9b13) slli    s6, s5, 14
core   0: 3 0x8000135a (0x00ea9b13) x22 0xffff0000
core   0: 0x8000135e (0xff410ba3) sb      s4, -9(sp)
core   0: 3 0x8000135e (0xff410ba3) mem 0x80016c43 0xab
core   0: 0x80001362 (0x00008826) c.mv    a6, s1
core   0: 3 0x80001362 (0x8826) x16 0x00000048
core   0: 0x80001364 (0xfd410ea3) sb      s4, -35(sp)
core   0: 3 0x80001364 (0xfd410ea3) mem 0x80016c29 0xab
core   0: 0x80001368 (0x0000d87e) c.swsp  t6, 48(sp)
core   0: 3 0x80001368 (0xd87e) mem 0x80016c7c 0xffffff98
core   0: 0x8000136a (0x02e15503) lhu     a0, 46(sp)
core   0: 3 0x8000136a (0x02e15503) x10 0x00003031 mem 0x80016c7a
core   0: 0x8000136e (0xfe011283) lh      t0, -32(sp)
core   0: 3 0x8000136e (0xfe011283) x5  0xffffe6e7 mem 0x80016c2c
core   0: 0x80001372 (0xff110c03) lb      s8, -15(sp)
core   0: 3 0x80001372 (0xff110c03) x24 0xfffffff6 mem 0x80016c3d
core   0: 0x80001376 (0x409d86b3) sub     a3, s11, s1
core   0: 3 0x80001376 (0x409d86b3) x13 0x9bc06fb4
core   0: 0x8000137a (0x01e10603) lb      a2, 30(sp)
core   0: 3 0x8000137a (0x01e10603) x12 0x00000021 mem 0x80016c6a
core   0: 0x8000137e (0x01444233) xor     tp, s0, s4
core   0: 3 0x8000137e (0x01444233) x4  0x0000e0ab
core   0: 0x80001382 (0x00008646) c.mv    a2, a7
core   0: 3 0x80001382 (0x8646) x12 0x00001017
core   0: 0x80001384 (0xff812203) lw      tp, -8(sp)
core   0: 3 0x80001384 (0xff812203) x4  0xfcfdfeff mem 0x80016c44
core   0: 0x80001388 (0x01305f13) srli    t5, zero, 19
core   0: 3 0x80001388 (0x01305f13) x30 0x00000000
core   0: 0x8000138c (0x02910503) lb      a0, 41(sp)
core   0: 3 0x8000138c (0x02910503) x10 0x0000002e mem 0x80016c75
core   0: 0x80001390 (0xfd012583) lw      a1, -48(sp)
core   0: 3 0x80001390 (0xfd012583) x11 0xd4d5d6d7 mem 0x80016c1c
core   0: 0x80001394 (0xfd611283) lh      t0, -42(sp)
core   0: 3 0x80001394 (0xfd611283) x5  0xffffd8d9 mem 0x80016c22
core   0: 0x80001398 (0x75df0bb7) lui     s7, 0x75df0
core   0: 3 0x80001398 (0x75df0bb7) x23 0x75df0000
core   0: 0x8000139c (0xb5728513) addi    a0, t0, -1193
core   0: 3 0x8000139c (0xb5728513) x10 0xffffd430
core   0: 0x800013a0 (0xfe711d23) sh      t2, -6(sp)
core   0: 3 0x800013a0 (0xfe711d23) mem 0x80016c46 0x0137
core   0: 0x800013a4 (0x340020f3) csrr    ra, mscratch
core   0: 3 0x800013a4 (0x340020f3) x1  0x00001010
core   0: 0x800013a8 (0x02214c03) lbu     s8, 34(sp)
core   0: 3 0x800013a8 (0x02214c03) x24 0x00000025 mem 0x80016c6e
core   0: 0x800013ac (0x01c3fab3) and     s5, t2, t3
core   0: 3 0x800013ac (0x01c3fab3) x21 0x00000124
core   0: 0x800013b0 (0xfdb102a3) sb      s11, -59(sp)
core   0: 3 0x800013b0 (0xfdb102a3) mem 0x80016c11 0xfc
core   0: 0x800013b4 (0x0000f117) auipc   sp, 0xf
core   0: 3 0x800013b4 (0x0000f117) x2  0x800103b4
core   0: 0x800013b8 (0xd5c10113) addi    sp, sp, -676
core   0: 3 0x800013b8 (0xd5c10113) x2  0x80010110
core   0: 0x800013bc (0x340734f3) csrrc   s1, mscratch, a4
core   0: 3 0x800013bc (0x340734f3) x9  0x00001010 c832_mscratch 0x00000000
core   0: 0x800013c0 (0x00008cf1) c.and   s1, a2
core   0: 3 0x800013c0 (0x8cf1) x9  0x00001010
core   0: 0x800013c2 (0x01611a83) lh      s5, 22(sp)
core   0: 3 0x800013c2 (0x01611a83) x21 0xffffdcdd mem 0x80010126
core   0: 0x800013c6 (0xfa914a03) lbu     s4, -87(sp)
core   0: 3 0x800013c6 (0xfa914a03) x20 0x00000072 mem 0x800100b9
core   0: 0x800013ca (0x00000001) c.nop
core   0: 3 0x800013ca (0x0001)
core   0: 0x800013cc (0x08a14d03) lbu     s10, 138(sp)
core   0: 3 0x800013cc (0x08a14d03) x26 0x00000051 mem 0x8001019a
core   0: 0x800013d0 (0x04d10983) lb      s3, 77(sp)
core   0: 3 0x800013d0 (0x04d10983) x19 0x00000016 mem 0x8001015d
core   0: 0x800013d4 (0xfe615a03) lhu     s4, -26(sp)
core   0: 3 0x800013d4 (0xfe615a03) x20 0x0000acad mem 0x800100f6
core   0: 0x800013d8 (0x05a10903) lb      s2, 90(sp)
core   0: 3 0x800013d8 (0x05a10903) x18 0x00000021 mem 0x8001016a
core   0: 0x800013dc (0x000041b1) c.li    gp, 12
core   0: 3 0x800013dc (0x41b1) x3  0x0000000c
core   0: 0x800013de (0xf4e11083) lh      ra, -178(sp)
core   0: 3 0x800013de (0xf4e11083) x1  0x00001415 mem 0x8001005e
core   0: 0x800013e2 (0x34006f73) csrrsi  t5, mscratch, 0
core   0: 3 0x800013e2 (0x34006f73) x30 0x00000000
core   0: 0x800013e6 (0x01e10723) sb      t5, 14(sp)
core   0: 3 0x800013e6 (0x01e10723) mem 0x8001011e 0x00
core   0: 0x800013ea (0x03bcb633) mulhu   a2, s9, s11
core   0: 3 0x800013ea (0x03bcb633) x12 0x4de16783
core   0: 0x800013ee (0xfb910883) lb      a7, -71(sp)
core   0: 3 0x800013ee (0xfb910883) x17 0xffffff82 mem 0x800100c9
core   0: 0x800013f2 (0x09e11303) lh      t1, 158(sp)
core   0: 3 0x800013f2 (0x09e11303) x6  0x00006465 mem 0x800101ae
core   0: 0x800013f6 (0xf4811623) sh      s0, -180(sp)
core   0: 3 0x800013f6 (0xf4811623) mem 0x8001005c 0x0000
core   0: 0x800013fa (0xf5d10383) lb      t2, -163(sp)
core   0: 3 0x800013fa (0xf5d10383) x7  0x00000026 mem 0x8001006d
core   0: 0x800013fe (0xfe412c23) sw      tp, -8(sp)
core   0: 3 0x800013fe (0xfe412c23) mem 0x80010108 0xfcfdfeff
core   0: 0x80001402 (0x0d815203) lhu     tp, 216(sp)
core   0: 3 0x80001402 (0x0d815203) x4  0x0000a2a3 mem 0x800101e8
core   0: 0x80001406 (0x03de0f33) mul     t5, t3, t4
core   0: 3 0x80001406 (0x03de0f33) x30 0x31a7e310
core   0: 0x8000140a (0x34007af3) csrrci  s5, mscratch, 0
core   0: 3 0x8000140a (0x34007af3) x21 0x00000000
core   0: 0x8000140e (0x038ed333) divu    t1, t4, s8
core   0: 3 0x8000140e (0x038ed333) x6  0x0375af87
core   0: 0x80001412 (0x08411603) lh      a2, 132(sp)
core   0: 3 0x80001412 (0x08411603) x12 0xfffffc4f mem 0x80010194
core   0: 0x80001416 (0x0000c65a) c.swsp  s6, 12(sp)
core   0: 3 0x80001416 (0xc65a) mem 0x8001011c 0xffff0000
core   0: 0x80001418 (0xf90104a3) sb      a6, -119(sp)
core   0: 3 0x80001418 (0xf90104a3) mem 0x80010099 0x48
core   0: 0x8000141c (0x00008ef1) c.and   a3, a2
core   0: 3 0x8000141c (0x8ef1) x13 0x9bc06c04
core   0: 0x8000141e (0x01790c33) add     s8, s2, s7
core   0: 3 0x8000141e (0x01790c33) x24 0x75df0021
core   0: 0x80001422 (0x01815633) srl     a2, sp, s8
core   0: 3 0x80001422 (0x01815633) x12 0x40008088
core   0: 0x80001426 (0x00089db3) sll     s11, a7, zero
core   0: 3 0x80001426 (0x00089db3) x27 0xffffff82
core   0: 0x8000142a (0x9e90a513) slti    a0, ra, -1559
core   0: 3 0x8000142a (0x9e90a513) x10 0x00000000
core   0: 0x8000142e (0x00008105) c.srli  a0, 1
core   0: 3 0x8000142e (0x8105) x10 0x00000000
core   0: 0x80001430 (0xff212c23) sw      s2, -8(sp)
core   0: 3 0x80001430 (0xff212c23) mem 0x80010108 0x00000021
core   0: 0x80001434 (0x411e5893) srai    a7, t3, 17
core   0: 3 0x80001434 (0x411e5893) x17 0xffffc001
core   0: 0x80001438 (0x41075293) srai    t0, a4, 16
core   0: 3 0x80001438 (0x41075293) x5  0xffffffff
core   0: 0x8000143c (0x000086b1) c.srai  a3, 12
core   0: 3 0x8000143c (0x86b1) x13 0xfff9bc06
core   0: 0x8000143e (0x0a215083) lhu     ra, 162(sp)
core   0: 3 0x8000143e (0x0a215083) x1  0x00006869 mem 0x800101b2
core   0: 0x80001442 (0x00006945) c.lui   s2, 0x11
core   0: 3 0x80001442 (0x6945) x18 0x00011000
core   0: 0x80001444 (0x6d94af13) slti    t5, s1, 1753
core   0: 3 0x80001444 (0x6d94af13) x30 0x00000000
core   0: 0x80001448 (0x04a11683) lh      a3, 74(sp)
core   0: 3 0x80001448 (0x04a11683) x13 0x00001011 mem 0x8001015a
core   0: 0x8000144c (0x340414f3) csrrw   s1, mscratch, s0
core   0: 3 0x8000144c (0x340414f3) x9  0x00000000 c832_mscratch 0x00000000
core   0: 0x80001450 (0xf8910f03) lb      t5, -119(sp)
core   0: 3 0x80001450 (0xf8910f03) x30 0x00000048 mem 0x80010099
core   0: 0x80001454 (0xfef10ba3) sb      a5, -9(sp)
core   0: 3 0x80001454 (0xfef10ba3) mem 0x80010107 0x8d
core   0: 0x80001458 (0x0bc15903) lhu     s2, 188(sp)
core   0: 3 0x80001458 (0x0bc15903) x18 0x00008687 mem 0x800101cc
core   0: 0x8000145c (0x00d4a3b3) slt     t2, s1, a3
core   0: 3 0x8000145c (0x00d4a3b3) x7  0x00000001
core   0: 0x80001460 (0xb2d96713) ori     a4, s2, -1235
core   0: 3 0x80001460 (0xb2d96713) x14 0xffffffaf
core   0: 0x80001464 (0xf9510c83) lb      s9, -107(sp)
core   0: 3 0x80001464 (0xf9510c83) x25 0x0000005e mem 0x800100a5
core   0: 0x80001468 (0x0000f117) auipc   sp, 0xf
core   0: 3 0x80001468 (0x0000f117) x2  0x80010468
core   0: 0x8000146c (0x4eb10113) addi    sp, sp, 1259
core   0: 3 0x8000146c (0x4eb10113) x2  0x80010953
core   0: 0x80001470 (0x4fc10d23) sb      t3, 1274(sp)
core   0: 3 0x80001470 (0x4fc10d23) mem 0x80010e4d 0x24
core   0: 0x80001474 (0xc73128a3) sw      s3, -911(sp)
core   0: 3 0x80001474 (0xc73128a3) mem 0x800105c4 0x00000016
core   0: 0x80001478 (0x34003bf3) csrrc   s7, mscratch, zero
core   0: 3 0x80001478 (0x34003bf3) x23 0x00000000
core   0: 0x8000147c (0x000008a1) c.addi  a7, 8
core   0: 3 0x8000147c (0x08a1) x17 0xffffc009
core   0: 0x8000147e (0x02214f03) lbu     t5, 34(sp)
core   0: 3 0x8000147e (0x02214f03) x30 0x0000002e mem 0x80010975
core   0: 0x80001482 (0x34003773) csrrc   a4, mscratch, zero
core   0: 3 0x80001482 (0x34003773) x14 0x00000000
core   0: 0x80001486 (0x32c14b83) lbu     s7, 812(sp)
core   0: 3 0x80001486 (0x32c14b83) x23 0x00000091 mem 0x80010c7f
core   0: 0x8000148a (0xca810903) lb      s2, -856(sp)
core   0: 3 0x8000148a (0xca810903) x18 0xffffffb0 mem 0x800105fb
core   0: 0x8000148e (0x68610203) lb      tp, 1670(sp)
core   0: 3 0x8000148e (0x68610203) x4  0xffffff92 mem 0x80010fd9
core   0: 0x80001492 (0x29c10183) lb      gp, 668(sp)
core   0: 3 0x80001492 (0x29c10183) x3  0xffffffa4 mem 0x80010bef
core   0: 0x80001496 (0x07914b83) lbu     s7, 121(sp)
core   0: 3 0x80001496 (0x07914b83) x23 0x00000087 mem 0x800109cc
core   0: 0x8000149a (0x9d611da3) sh      s6, -1573(sp)
core   0: 3 0x8000149a (0x9d611da3) mem 0x8001032e 0x0000
core   0: 0x8000149e (0x03dd9a33) mulh    s4, s11, t4
core   0: 3 0x8000149e (0x03dd9a33) x20 0x0000003e
core   0: 0x800014a2 (0x6b6102a3) sb      s6, 1701(sp)
core   0: 3 0x800014a2 (0x6b6102a3) mem 0x80010ff8 0x00
core   0: 0x800014a6 (0xc4714483) lbu     s1, -953(sp)
core   0: 3 0x800014a6 (0xc4714483) x9  0x00000051 mem 0x8001059a
core   0: 0x800014aa (0x8c210483) lb      s1, -1854(sp)
core   0: 3 0x800014aa (0x8c210483) x9  0xffffffce mem 0x80010215
core   0: 0x800014ae (0x02f1dab3) divu    s5, gp, a5
core   0: 3 0x800014ae (0x02f1dab3) x21 0x00000001
core   0: 0x800014b2 (0x1b210923) sb      s2, 434(sp)
core   0: 3 0x800014b2 (0x1b210923) mem 0x80010b05 0xb0
core   0: 0x800014b6 (0x40dadc93) srai    s9, s5, 13
core   0: 3 0x800014b6 (0x40dadc93) x25 0x00000000
core   0: 0x800014ba (0x004656b3) srl     a3, a2, tp
core   0: 3 0x800014ba (0x004656b3) x13 0x00001000
core   0: 0x800014be (0x939113a3) sh      s9, -1753(sp)
core   0: 3 0x800014be (0x939113a3) mem 0x8001027a 0x0000
core   0: 0x800014c2 (0x00ff4c33) xor     s8, t5, a5
core   0: 3 0x800014c2 (0x00ff4c33) x24 0x800101a3
core   0: 0x800014c6 (0x03b1a033) mulhsu  zero, gp, s11
core   0: 3 0x800014c6 (0x03b1a033)
core   0: 0x800014ca (0xe6711203) lh      tp, -409(sp)
core   0: 3 0x800014ca (0xe6711203) x4  0x00007071 mem 0x800107ba
core   0: 0x800014ce (0x03f4dab3) divu    s5, s1, t6
core   0: 3 0x800014ce (0x03f4dab3) x21 0x00000001
core   0: 0x800014d2 (0x40006993) ori     s3, zero, 1024
core   0: 3 0x800014d2 (0x40006993) x19 0x00000400
core   0: 0x800014d6 (0x00009dba) c.add   s11, a4
core   0: 3 0x800014d6 (0x9dba) x27 0xffffff82
core   0: 0x800014d8 (0x99dbb1b7) lui     gp, 0x99dbb
core   0: 3 0x800014d8 (0x99dbb1b7) x3  0x99dbb000
core   0: 0x800014dc (0x07710a23) sb      s7, 116(sp)
core   0: 3 0x800014dc (0x07710a23) mem 0x800109c7 0x87
core   0: 0x800014e0 (0xb7010183) lb      gp, -1168(sp)
core   0: 3 0x800014e0 (0xb7010183) x3  0x00000078 mem 0x800104c3
core   0: 0x800014e4 (0xd7d14183) lbu     gp, -643(sp)
core   0: 3 0x800014e4 (0xd7d14183) x3  0x0000008b mem 0x800106d0
core   0: 0x800014e8 (0xfc115383) lhu     t2, -63(sp)
core   0: 3 0x800014e8 (0xfc115383) x7  0x0000cecf mem 0x80010914
core   0: 0x800014ec (0x03cedcb3) divu    s9, t4, t3
core   0: 3 0x800014ec (0x03cedcb3) x25 0x00000000
core   0: 0x800014f0 (0x9be100a3) sb      t5, -1631(sp)
core   0: 3 0x800014f0 (0x9be100a3) mem 0x800102f4 0x2e
core   0: 0x800014f4 (0xce810883) lb      a7, -792(sp)
core   0: 3 0x800014f4 (0xce810883) x17 0xfffffff0 mem 0x8001063b
core   0: 0x800014f8 (0x91010a23) sb      a6, -1772(sp)
core   0: 3 0x800014f8 (0x91010a23) mem 0x80010267 0x48
core   0: 0x800014fc (0x34051673) csrrw   a2, mscratch, a0
core   0: 3 0x800014fc (0x34051673) x12 0x00000000 c832_mscratch 0x00000000
core   0: 0x80001500 (0x4098df13) srai    t5, a7, 9
core   0: 3 0x80001500 (0x4098df13) x30 0xffffffff
core   0: 0x80001504 (0x413e87b3) sub     a5, t4, s3
core   0: 3 0x80001504 (0x413e87b3) x15 0x80025aa4
core   0: 0x80001508 (0xedb15b03) lhu     s6, -293(sp)
core   0: 3 0x80001508 (0xedb15b03) x22 0x0000e4e5 mem 0x8001082e
core   0: 0x8000150c (0x0231b8b3) mulhu   a7, gp, gp
core   0: 3 0x8000150c (0x0231b8b3) x17 0x00000000
core   0: 0x80001510 (0xa3a10a83) lb      s5, -1478(sp)
core   0: 3 0x80001510 (0xa3a10a83) x21 0x00000046 mem 0x8001038d
core   0: 0x80001514 (0x0000f517) auipc   a0, 0xf
core   0: 3 0x80001514 (0x0000f517) x10 0x80010514
core   0: 0x80001518 (0x28950513) addi    a0, a0, 649
core   0: 3 0x80001518 (0x28950513) x10 0x8001079d
core   0: 0x8000151c (0x00ccb333) sltu    t1, s9, a2
core   0: 3 0x8000151c (0x00ccb333) x6  0x00000000
core   0: 0x80001520 (0x00d51383) lh      t2, 13(a0)
core   0: 3 0x80001520 (0x00d51383) x7  0x00006061 mem 0x800107aa
core   0: 0x80001524 (0x01384033) xor     zero, a6, s3
core   0: 3 0x80001524 (0x01384033)
core   0: 0x80001528 (0x00000001) c.nop
core   0: 3 0x80001528 (0x0001)
core   0: 0x8000152a (0x6fa4e113) ori     sp, s1, 1786
core   0: 3 0x8000152a (0x6fa4e113) x2  0xfffffffe
core   0: 0x8000152e (0x0ff0000f) fence   iorw,iorw
core   0: 3 0x8000152e (0x0ff0000f)
core   0: 0x80001532 (0x0191bf33) sltu    t5, gp, s9
core   0: 3 0x80001532 (0x0191bf33) x30 0x00000000
core   0: 0x80001536 (0x00008319) c.srli  a4, 6
core   0: 3 0x80001536 (0x8319) x14 0x00000000
core   0: 0x80001538 (0x00656c33) or      s8, a0, t1
core   0: 3 0x80001538 (0x00656c33) x24 0x8001079d
core   0: 0x8000153c (0x00000b8c) c.addi4spn a1, sp, 464
core   0: 3 0x8000153c (0x0b8c) x11 0x000001ce
core   0: 0x8000153e (0xff951c83) lh      s9, -7(a0)
core   0: 3 0x8000153e (0xff951c83) x25 0x00004c4d mem 0x80010796
core   0: 0x80001542 (0x00379a33) sll     s4, a5, gp
core   0: 3 0x80001542 (0x00379a33) x20 0x12d52000
core   0: 0x80001546 (0x00a50303) lb      t1, 10(a0)
core   0: 3 0x80001546 (0x00a50303) x6  0x0000005c mem 0x800107a7
core   0: 0x8000154a (0x00b55483) lhu     s1, 11(a0)
core   0: 3 0x8000154a (0x00b55483) x9  0x00006263 mem 0x800107a8
core   0: 0x8000154e (0x032a5733) divu    a4, s4, s2
core   0: 3 0x8000154e (0x032a5733) x14 0x00000000
core   0: 0x80001552 (0x26d3c897) auipc   a7, 0x26d3c
core   0: 3 0x80001552 (0x26d3c897) x17 0xa6d3d552
core   0: 0x80001556 (0x0078d393) srli    t2, a7, 7
core   0: 3 0x80001556 (0x0078d393) x7  0x014da7aa
core   0: 0x8000155a (0x000013fd) c.addi  t2, -1
core   0: 3 0x8000155a (0x13fd) x7  0x014da7a9
core   0: 0x8000155c (0x00351583) lh      a1, 3(a0)
core   0: 3 0x8000155c (0x00351583) x11 0x00005a5b mem 0x800107a0
core   0: 0x80001560 (0x01ff1a13) slli    s4, t5, 31
core   0: 3 0x80001560 (0x01ff1a13) x20 0x00000000
core   0: 0x80001564 (0x00654c03) lbu     s8, 6(a0)
core   0: 3 0x80001564 (0x00654c03) x24 0x00000058 mem 0x800107a3
core   0: 0x80001568 (0x01055bb3) srl     s7, a0, a6
core   0: 3 0x80001568 (0x01055bb3) x23 0x00800107
core   0: 0x8000156c (0x38743613) sltiu   a2, s0, 903
core   0: 3 0x8000156c (0x38743613) x12 0x00000001
core   0: 0x80001570 (0xffb51c83) lh      s9, -5(a0)
core   0: 3 0x80001570 (0xffb51c83) x25 0x00005253 mem 0x80010798
core   0: 0x80001574 (0xffb52f83) lw      t6, -5(a0)
core   0: 3 0x80001574 (0xffb52f83) x31 0x50515253 mem 0x80010798
core   0: 0x80001578 (0x00654703) lbu     a4, 6(a0)
core   0: 3 0x80001578 (0x00654703) x14 0x00000058 mem 0x800107a3
core   0: 0x8000157c (0x012500a3) sb      s2, 1(a0)
core   0: 3 0x8000157c (0x012500a3) mem 0x8001079e 0xb0
core   0: 0x80001580 (0x0000f117) auipc   sp, 0xf
core   0: 3 0x80001580 (0x0000f117) x2  0x80010580
core   0: 0x80001584 (0xe6210113) addi    sp, sp, -414
core   0: 3 0x80001584 (0xe6210113) x2  0x800103e2
core   0: 0x80001588 (0x02f4b3b3) mulhu   t2, s1, a5
core   0: 3 0x80001588 (0x02f4b3b3) x7  0x00003132
core   0: 0x8000158c (0x02610fa3) sb      t1, 63(sp)
core   0: 3 0x8000158c (0x02610fa3) mem 0x80010421 0x5c
core   0: 0x80001590 (0x00ea9513) slli    a0, s5, 14
core   0: 3 0x80001590 (0x00ea9513) x10 0x00118000
core   0: 0x80001594 (0x02d14903) lbu     s2, 45(sp)
core   0: 3 0x80001594 (0x02d14903) x18 0x000000c4 mem 0x8001040f
core   0: 0x80001598 (0x00000da2) c.slli  s11, 8
core   0: 3 0x80001598 (0x0da2) x27 0xffff8200
core   0: 0x8000159a (0x340026f3) csrr    a3, mscratch
core   0: 3 0x8000159a (0x340026f3) x13 0x00000000
core   0: 0x8000159e (0xff914903) lbu     s2, -7(sp)
core   0: 3 0x8000159e (0xff914903) x18 0x00000090 mem 0x800103db
core   0: 0x800015a2 (0x0000100f) fence.i
core   0: 3 0x800015a2 (0x0000100f)
core   0: 0x800015a6 (0x91a4eb13) ori     s6, s1, -1766
core   0: 3 0x800015a6 (0x91a4eb13) x22 0xfffffb7b
core   0: 0x800015aa (0x34061373) csrrw   t1, mscratch, a2
core   0: 3 0x800015aa (0x34061373) x6  0x00000000 c832_mscratch 0x00000001
core   0: 0x800015ae (0x00009186) c.add   gp, ra
core   0: 3 0x800015ae (0x9186) x3  0x000068f4
core   0: 0x800015b0 (0x00008eb5) c.xor   a3, a3
core   0: 3 0x800015b0 (0x8eb5) x13 0x00000000
core   0: 0x800015b2 (0x340edaf3) csrrwi  s5, mscratch, 29
core   0: 3 0x800015b2 (0x340edaf3) x21 0x00000001 c832_mscratch 0x0000001d
core   0: 0x800015b6 (0x00000001) c.nop
core   0: 3 0x800015b6 (0x0001)
core   0: 0x800015b8 (0x0ff0000f) fence   iorw,iorw
core   0: 3 0x800015b8 (0x0ff0000f)
core   0: 0x800015bc (0xfd015383) lhu     t2, -48(sp)
core   0: 3 0x800015bc (0xfd015383) x7  0x00006869 mem 0x800103b2
core   0: 0x800015c0 (0x34073f73) csrrc   t5, mscratch, a4
core   0: 3 0x800015c0 (0x34073f73) x30 0x0000001d c832_mscratch 0x00000005
core   0: 0x800015c4 (0x340078f3) csrrci  a7, mscratch, 0
core   0: 3 0x800015c4 (0x340078f3) x17 0x00000005
core   0: 0x800015c8 (0x000098fd) c.andi  s1, -1
core   0: 3 0x800015c8 (0x98fd) x9  0x00006263
core   0: 0x800015ca (0xff614603) lbu     a2, -10(sp)
core   0: 3 0x800015ca (0xff614603) x12 0x00000001 mem 0x800103d8
core   0: 0x800015ce (0xfcd10483) lb      s1, -51(sp)
core   0: 3 0x800015ce (0xfcd10483) x9  0x00000064 mem 0x800103af
core   0: 0x800015d2 (0xfdc11283) lh      t0, -36(sp)
core   0: 3 0x800015d2 (0xfdc11283) x5  0x00007475 mem 0x800103be
core   0: 0x800015d6 (0x00000372) c.slli  t1, 28
core   0: 3 0x800015d6 (0x0372) x6  0x00000000
core   0: 0x800015d8 (0xfd910a03) lb      s4, -39(sp)
core   0: 3 0x800015d8 (0xfd910a03) x20 0x00000070 mem 0x800103bb
core   0: 0x800015dc (0x00ec2ab3) slt     s5, s8, a4
core   0: 3 0x800015dc (0x00ec2ab3) x21 0x00000000
core   0: 0x800015e0 (0x02461db3) mulh    s11, a2, tp
core   0: 3 0x800015e0 (0x02461db3) x27 0x00000000
core   0: 0x800015e4 (0x34002a73) csrr    s4, mscratch
core   0: 3 0x800015e4 (0x34002a73) x20 0x00000005
core   0: 0x800015e8 (0x02514003) lbu     zero, 37(sp)
core   0: 3 0x800015e8 (0x02514003) mem 0x80010407
core   0: 0x800015ec (0x000064cd) c.lui   s1, 0x13
core   0: 3 0x800015ec (0x64cd) x9  0x00013000
core   0: 0x800015ee (0x01b14203) lbu     tp, 27(sp)
core   0: 3 0x800015ee (0x01b14203) x4  0x000000b6 mem 0x800103fd
core   0: 0x800015f2 (0x016f9b33) sll     s6, t6, s6
core   0: 3 0x800015f2 (0x016f9b33) x22 0x98000000
core   0: 0x800015f6 (0x00000001) c.nop
core   0: 3 0x800015f6 (0x0001)
core   0: 0x800015f8 (0x00008e71) c.and   a2, a2
core   0: 3 0x800015f8 (0x8e71) x12 0x00000001
core   0: 0x800015fa (0x00e896b3) sll     a3, a7, a4
core   0: 3 0x800015fa (0x00e896b3) x13 0x05000000
core   0: 0x800015fe (0x340bb0f3) csrrc   ra, mscratch, s7
core   0: 3 0x800015fe (0x340bb0f3) x1  0x00000005 c832_mscratch 0x00000000
core   0: 0x80001602 (0x019a0733) add     a4, s4, s9
core   0: 3 0x80001602 (0x019a0733) x14 0x00005258
core   0: 0x80001606 (0x00008a2e) c.mv    s4, a1
core   0: 3 0x80001606 (0x8a2e) x20 0x00005a5b
core   0: 0x80001608 (0x02b101a3) sb      a1, 35(sp)
core   0: 3 0x80001608 (0x02b101a3) mem 0x80010405 0x5b
core   0: 0x8000160c (0x0000f117) auipc   sp, 0xf
core   0: 3 0x8000160c (0x0000f117) x2  0x8001060c
core   0: 0x80001610 (0x41910113) addi    sp, sp, 1049
core   0: 3 0x80001610 (0x41910113) x2  0x80010a25
core   0: 0x80001614 (0x04010083) lb      ra, 64(sp)
core   0: 3 0x80001614 (0x04010083) x1  0x0000001e mem 0x80010a65
core   0: 0x80001618 (0x02d10583) lb      a1, 45(sp)
core   0: 3 0x80001618 (0x02d10583) x11 0x00000009 mem 0x80010a52
core   0: 0x8000161c (0xfd312883) lw      a7, -45(sp)
core   0: 3 0x8000161c (0xfd312883) x17 0xb0b1b2b3 mem 0x800109f8
core   0: 0x80001620 (0x03915083) lhu     ra, 57(sp)
core   0: 3 0x80001620 (0x03915083) x1  0x00001415 mem 0x80010a5e
core   0: 0x80001624 (0xff310603) lb      a2, -13(sp)
core   0: 3 0x80001624 (0xff310603) x12 0xffffffd3 mem 0x80010a18
core   0: 0x80001628 (0x02a10523) sb      a0, 42(sp)
core   0: 3 0x80001628 (0x02a10523) mem 0x80010a4f 0x00
core   0: 0x8000162c (0xfe210c23) sb      sp, -8(sp)
core   0: 3 0x8000162c (0xfe210c23) mem 0x80010a1d 0x25
core   0: 0x80001630 (0xff911a03) lh      s4, -7(sp)
core   0: 3 0x80001630 (0xff911a03) x20 0xffffd4d5 mem 0x80010a1e
core   0: 0x80001634 (0x00214803) lbu     a6, 2(sp)
core   0: 3 0x80001634 (0x00214803) x16 0x000000dc mem 0x80010a27
core   0: 0x80001638 (0xfe114b83) lbu     s7, -31(sp)
core   0: 3 0x80001638 (0xfe114b83) x23 0x000000bd mem 0x80010a06
core   0: 0x8000163c (0xfe810f03) lb      t5, -24(sp)
core   0: 3 0x8000163c (0xfe810f03) x30 0xffffffc6 mem 0x80010a0d
core   0: 0x80001640 (0x01e79db3) sll     s11, a5, t5
core   0: 3 0x80001640 (0x01e79db3) x27 0x0096a900
core   0: 0x80001644 (0x00009c2e) c.add   s8, a1
core   0: 3 0x80001644 (0x9c2e) x24 0x00000061
core   0: 0x80001646 (0x02c10303) lb      t1, 44(sp)
core   0: 3 0x80001646 (0x02c10303) x6  0x0000000a mem 0x80010a51
core   0: 0x8000164a (0x8206f893) andi    a7, a3, -2016
core   0: 3 0x8000164a (0x8206f893) x17 0x05000000
core   0: 0x8000164e (0x34006373) csrrsi  t1, mscratch, 0
core   0: 3 0x8000164e (0x34006373) x6  0x00000000
core   0: 0x80001652 (0x01210083) lb      ra, 18(sp)
core   0: 3 0x80001652 (0x01210083) x1  0xffffffec mem 0x80010a37
core   0: 0x80001656 (0xfd610f83) lb      t6, -42(sp)
core   0: 3 0x80001656 (0xfd610f83) x31 0xffffffb0 mem 0x800109fb
core   0: 0x8000165a (0x02a84933) div     s2, a6, a0
core   0: 3 0x8000165a (0x02a84933) x18 0x00000000
core   0: 0x8000165e (0x00008d11) c.sub   a0, a2
core   0: 3 0x8000165e (0x8d11) x10 0x0011802d
core   0: 0x80001660 (0x01f125a3) sw      t6, 11(sp)
core   0: 3 0x80001660 (0x01f125a3) mem 0x80010a30 0xffffffb0
core   0: 0x80001664 (0x6c3d0537) lui     a0, 0x6c3d0
core   0: 3 0x80001664 (0x6c3d0537) x10 0x6c3d0000
core   0: 0x80001668 (0xfe014683) lbu     a3, -32(sp)
core   0: 3 0x80001668 (0xfe014683) x13 0x000000be mem 0x80010a05
core   0: 0x8000166c (0xfce10683) lb      a3, -50(sp)
core   0: 3 0x8000166c (0xfce10683) x13 0xffffffa8 mem 0x800109f3
core   0: 0x80001670 (0x9699a893) slti    a7, s3, -1687
core   0: 3 0x80001670 (0x9699a893) x17 0x00000000
core   0: 0x80001674 (0x34041f73) csrrw   t5, mscratch, s0
core   0: 3 0x80001674 (0x34041f73) x30 0x00000000 c832_mscratch 0x00000000
core   0: 0x80001678 (0x03110b03) lb      s6, 49(sp)
core   0: 3 0x80001678 (0x03110b03) x22 0x0000000d mem 0x80010a56
core   0: 0x8000167c (0x017101a3) sb      s7, 3(sp)
core   0: 3 0x8000167c (0x017101a3) mem 0x80010a28 0xbd
core   0: 0x80001680 (0x001129a3) sw      ra, 19(sp)
core   0: 3 0x80001680 (0x001129a3) mem 0x80010a38 0xffffffec
core   0: 0x80001684 (0xfd7103a3) sb      s7, -57(sp)
core   0: 3 0x80001684 (0xfd7103a3) mem 0x800109ec 0xbd
core   0: 0x80001688 (0xfd915c03) lhu     s8, -39(sp)
core   0: 3 0x80001688 (0xfd915c03) x24 0x0000b4b5 mem 0x800109fe
core   0: 0x8000168c (0x029104a3) sb      s1, 41(sp)
core   0: 3 0x8000168c (0x029104a3) mem 0x80010a4e 0x00
core   0: 0x80001690 (0x033ced33) rem     s10, s9, s3
core   0: 3 0x80001690 (0x033ced33) x26 0x00000253
core   0: 0x80001694 (0xfd214483) lbu     s1, -46(sp)
core   0: 3 0x80001694 (0xfd214483) x9  0x000000ac mem 0x800109f7
core   0: 0x80001698 (0x02c14a83) lbu     s5, 44(sp)
core   0: 3 0x80001698 (0x02c14a83) x21 0x0000000a mem 0x80010a51
core   0: 0x8000169c (0x78979697) auipc   a3, 0x78979
core   0: 3 0x8000169c (0x78979697) x13 0xf897a69c
core   0: 0x800016a0 (0x01a14583) lbu     a1, 26(sp)
core   0: 3 0x800016a0 (0x01a14583) x11 0x000000f4 mem 0x80010a3f
core   0: 0x800016a4 (0x025827b3) mulhsu  a5, a6, t0
core   0: 3 0x800016a4 (0x025827b3) x15 0x00000000
core   0: 0x800016a8 (0x02510b23) sb      t0, 54(sp)
core   0: 3 0x800016a8 (0x02510b23) mem 0x80010a5b 0x75
core   0: 0x800016ac (0xfe110d23) sb      ra, -6(sp)
core   0: 3 0x800016ac (0xfe110d23) mem 0x80010a1f 0xec
core   0: 0x800016b0 (0x0ff0000f) fence   iorw,iorw
core   0: 3 0x800016b0 (0x0ff0000f)
core   0: 0x800016b4 (0xfee10c03) lb      s8, -18(sp)
core   0: 3 0x800016b4 (0xfee10c03) x24 0xffffffc8 mem 0x80010a13
core   0: 0x800016b8 (0x5e1eb513) sltiu   a0, t4, 1505
core   0: 3 0x800016b8 (0x5e1eb513) x10 0x00000000
core   0: 0x800016bc (0x00008715) c.srai  a4, 5
core   0: 3 0x800016bc (0x8715) x14 0x00000292
core   0: 0x800016be (0x01603633) snez    a2, s6
core   0: 3 0x800016be (0x01603633) x12 0x00000001
core   0: 0x800016c2 (0x01f10903) lb      s2, 31(sp)
core   0: 3 0x800016c2 (0x01f10903) x18 0xffffffff mem 0x80010a44
core   0: 0x800016c6 (0x0000f597) auipc   a1, 0xf
core   0: 3 0x800016c6 (0x0000f597) x11 0x800106c6
core   0: 0x800016ca (0x04558593) addi    a1, a1, 69
core   0: 3 0x800016ca (0x04558593) x11 0x8001070b
core   0: 0x800016ce (0x00bfe733) or      a4, t6, a1
core   0: 3 0x800016ce (0x00bfe733) x14 0xffffffbb
core   0: 0x800016d2 (0xfd25c983) lbu     s3, -46(a1)
core   0: 3 0x800016d2 (0xfd25c983) x19 0x00000096 mem 0x800106dd
core   0: 0x800016d6 (0x5145c883) lbu     a7, 1300(a1)
core   0: 3 0x800016d6 (0x5145c883) x17 0x000000d4 mem 0x80010c1f
core   0: 0x800016da (0x000090de) c.add   ra, s7
core   0: 3 0x800016da (0x90de) x1  0x000000a9
core   0: 0x800016dc (0x00000cdd) c.addi  s9, 23
core   0: 3 0x800016dc (0x0cdd) x25 0x0000526a
core   0: 0x800016de (0x00000998) c.addi4spn a4, sp, 208
core   0: 3 0x800016de (0x0998) x14 0x80010af5
core   0: 0x800016e0 (0x03bc8133) mul     sp, s9, s11
core   0: 3 0x800016e0 (0x03bc8133) x2  0x8083fa00
core   0: 0x800016e4 (0x67c58483) lb      s1, 1660(a1)
core   0: 3 0x800016e4 (0x67c58483) x9  0x0000003c mem 0x80010d87
core   0: 0x800016e8 (0x4315ab13) slti    s6, a1, 1073
core   0: 3 0x800016e8 (0x4315ab13) x22 0x00000001
core   0: 0x800016ec (0xc29db113) sltiu   sp, s11, -983
core   0: 3 0x800016ec (0xc29db113) x2  0x00000001
core   0: 0x800016f0 (0xc6858883) lb      a7, -920(a1)
core   0: 3 0x800016f0 (0xc6858883) x17 0x00000028 mem 0x80010373
core   0: 0x800016f4 (0x4095ac03) lw      s8, 1033(a1)
core   0: 3 0x800016f4 (0x4095ac03) x24 0xcccd00cf mem 0x80010b14
core   0: 0x800016f8 (0x38158723) sb      ra, 910(a1)
core   0: 3 0x800016f8 (0x38158723) mem 0x80010a99 0xa9
core   0: 0x800016fc (0x01551193) slli    gp, a0, 21
core   0: 3 0x800016fc (0x01551193) x3  0x00000000
core   0: 0x80001700 (0x01dda1b3) slt     gp, s11, t4
core   0: 3 0x80001700 (0x01dda1b3) x3  0x00000000
core   0: 0x80001704 (0x22c5c183) lbu     gp, 556(a1)
core   0: 3 0x80001704 (0x22c5c183) x3  0x000000ec mem 0x80010937
core   0: 0x80001708 (0x1c0a8813) addi    a6, s5, 448
core   0: 3 0x80001708 (0x1c0a8813) x16 0x000001ca
core   0: 0x8000170c (0x032e7a33) remu    s4, t3, s2
core   0: 3 0x8000170c (0x032e7a33) x20 0x80029d24
core   0: 0x80001710 (0x017d0933) add     s2, s10, s7
core   0: 3 0x80001710 (0x017d0933) x18 0x00000310
core   0: 0x80001714 (0x340cdf73) csrrwi  t5, mscratch, 25
core   0: 3 0x80001714 (0x340cdf73) x30 0x00000000 c832_mscratch 0x00000019
core   0: 0x80001718 (0xad658b83) lb      s7, -1322(a1)
core   0: 3 0x80001718 (0xad658b83) x23 0xffffff9a mem 0x800101e1
core   0: 0x8000171c (0x33658523) sb      s6, 810(a1)
core   0: 3 0x8000171c (0x33658523) mem 0x80010a35 0x01
core   0: 0x80001720 (0x5cd5a503) lw      a0, 1485(a1)
core   0: 3 0x80001720 (0x5cd5a503) x10 0x90919293 mem 0x80010cd8
core   0: 0x80001724 (0x00004829) c.li    a6, 10
core   0: 3 0x80001724 (0x4829) x16 0x0000000a
core   0: 0x80001726 (0xcb858e23) sb      s8, -836(a1)
core   0: 3 0x80001726 (0xcb858e23) mem 0x800103c7 0xcf
core   0: 0x8000172a (0x08158f23) sb      ra, 158(a1)
core   0: 3 0x8000172a (0x08158f23) mem 0x800107a9 0xa9
core   0: 0x8000172e (0xdd658503) lb      a0, -554(a1)
core   0: 3 0x8000172e (0xdd658503) x10 0xffffff9a mem 0x800104e1
core   0: 0x80001732 (0x0075a833) slt     a6, a1, t2
core   0: 3 0x80001732 (0x0075a833) x16 0x00000001
core   0: 0x80001736 (0x030d61b3) rem     gp, s10, a6
core   0: 3 0x80001736 (0x030d61b3) x3  0x00000000
core   0: 0x8000173a (0xc3658883) lb      a7, -970(a1)
core   0: 3 0x8000173a (0xc3658883) x17 0xffffffe7 mem 0x80010341
core   0: 0x8000173e (0x4df5c603) lbu     a2, 1247(a1)
core   0: 3 0x8000173e (0x4df5c603) x12 0x000000a1 mem 0x80010bea
core   0: 0x80001742 (0x415b0a33) sub     s4, s6, s5
core   0: 3 0x80001742 (0x415b0a33) x20 0xfffffff7
core   0: 0x80001746 (0x6e759883) lh      a7, 1767(a1)
core   0: 3 0x80001746 (0x6e759883) x17 0xffffa8a9 mem 0x80010df2
core   0: 0x8000174a (0xe1f594a3) sh      t6, -503(a1)
core   0: 3 0x8000174a (0xe1f594a3) mem 0x80010514 0xffb0
core   0: 0x8000174e (0x01bc4cb3) xor     s9, s8, s11
core   0: 3 0x8000174e (0x01bc4cb3) x25 0xcc5ba9cf
core   0: 0x80001752 (0x00000001) c.nop
core   0: 3 0x80001752 (0x0001)
core   0: 0x80001754 (0xa3a58923) sb      s10, -1486(a1)
core   0: 3 0x80001754 (0xa3a58923) mem 0x8001013d 0x53
core   0: 0x80001758 (0x00008a2d) c.andi  a2, 11
core   0: 3 0x80001758 (0x8a2d) x12 0x00000001
core   0: 0x8000175a (0xd415af03) lw      t5, -703(a1)
core   0: 3 0x8000175a (0xd415af03) x30 0x04050607 mem 0x8001044c
core   0: 0x8000175e (0x0000100f) fence.i
core   0: 3 0x8000175e (0x0000100f)
core   0: 0x80001762 (0xcf458c03) lb      s8, -780(a1)
core   0: 3 0x80001762 (0xcf458c03) x24 0xffffffb4 mem 0x800103ff
core   0: 0x80001766 (0x07f86f13) ori     t5, a6, 127
core   0: 3 0x80001766 (0x07f86f13) x30 0x0000007f
core   0: 0x8000176a (0x67959aa3) sh      s9, 1653(a1)
core   0: 3 0x8000176a (0x67959aa3) mem 0x80010d80 0xa9cf
core   0: 0x8000176e (0x6305c903) lbu     s2, 1584(a1)
core   0: 3 0x8000176e (0x6305c903) x18 0x000000f0 mem 0x80010d3b
core   0: 0x80001772 (0x7ee84493) xori    s1, a6, 2030
core   0: 3 0x80001772 (0x7ee84493) x9  0x000007ef
core   0: 0x80001776 (0x4d560193) addi    gp, a2, 1237
core   0: 3 0x80001776 (0x4d560193) x3  0x000004d6
core   0: 0x8000177a (0x9da5c703) lbu     a4, -1574(a1)
core   0: 3 0x8000177a (0x9da5c703) x14 0x0000009e mem 0x800100e5
core   0: 0x8000177e (0x0000f797) auipc   a5, 0xf
core   0: 3 0x8000177e (0x0000f797) x15 0x8001077e
core   0: 0x80001782 (0xc3b78793) addi    a5, a5, -965
core   0: 3 0x80001782 (0xc3b78793) x15 0x800103b9
core   0: 0x80001786 (0xfc87cd83) lbu     s11, -56(a5)
core   0: 3 0x80001786 (0xfc87cd83) x27 0x0000003a mem 0x80010381
core   0: 0x8000178a (0x01a05d93) srli    s11, zero, 26
core   0: 3 0x8000178a (0x01a05d93) x27 0x00000000
core   0: 0x8000178e (0x0107cf83) lbu     t6, 16(a5)
core   0: 3 0x8000178e (0x0107cf83) x31 0x00000082 mem 0x800103c9
core   0: 0x80001792 (0x03478a23) sb      s4, 52(a5)
core   0: 3 0x80001792 (0x03478a23) mem 0x800103ed 0xf7
core   0: 0x80001796 (0xfe478583) lb      a1, -28(a5)
core   0: 3 0x80001796 (0xfe478583) x11 0x00000056 mem 0x8001039d
core   0: 0x8000179a (0x0107c583) lbu     a1, 16(a5)
core   0: 3 0x8000179a (0x0107c583) x11 0x00000082 mem 0x800103c9
core   0: 0x8000179e (0xff178ca3) sb      a7, -7(a5)
core   0: 3 0x8000179e (0xff178ca3) mem 0x800103b2 0xa9
core   0: 0x800017a2 (0x340c5d73) csrrwi  s10, mscratch, 24
core   0: 3 0x800017a2 (0x340c5d73) x26 0x00000019 c832_mscratch 0x00000018
core   0: 0x800017a6 (0xfef7d583) lhu     a1, -17(a5)
core   0: 3 0x800017a6 (0xfef7d583) x11 0x00006263 mem 0x800103a8
core   0: 0x800017aa (0x34016773) csrrsi  a4, mscratch, 2
core   0: 3 0x800017aa (0x34016773) x14 0x00000018 c832_mscratch 0x0000001a
core   0: 0x800017ae (0x02e195b3) mulh    a1, gp, a4
core   0: 3 0x800017ae (0x02e195b3) x11 0x00000000
core   0: 0x800017b2 (0x026e4a33) div     s4, t3, t1
core   0: 3 0x800017b2 (0x026e4a33) x20 0xffffffff
core   0: 0x800017b6 (0x40cc06b3) sub     a3, s8, a2
core   0: 3 0x800017b6 (0x40cc06b3) x13 0xffffffb3
core   0: 0x800017ba (0xfca78623) sb      a0, -52(a5)
core   0: 3 0x800017ba (0xfca78623) mem 0x80010385 0x9a
core   0: 0x800017be (0xfc478003) lb      zero, -60(a5)
core   0: 3 0x800017be (0xfc478003) mem 0x8001037d
core   0: 0x800017c2 (0x01cf8733) add     a4, t6, t3
core   0: 3 0x800017c2 (0x01cf8733) x14 0x80029da6
core   0: 0x800017c6 (0x00689913) slli    s2, a7, 6
core   0: 3 0x800017c6 (0x00689913) x18 0xffea2a40
core   0: 0x800017ca (0xffa78803) lb      a6, -6(a5)
core   0: 3 0x800017ca (0xffa78803) x16 0x00000068 mem 0x800103b3
core   0: 0x800017ce (0x02a3e233) rem     tp, t2, a0
core   0: 3 0x800017ce (0x02a3e233) x4  0x00000005
core   0: 0x800017d2 (0x00179c03) lh      s8, 1(a5)
core   0: 3 0x800017d2 (0x00179c03) x24 0x00007071 mem 0x800103ba
core   0: 0x800017d6 (0x40c655b3) sra     a1, a2, a2
core   0: 3 0x800017d6 (0x40c655b3) x11 0x00000000
core   0: 0x800017da (0xffd84013) xori    zero, a6, -3
core   0: 3 0x800017da (0xffd84013)
core   0: 0x800017de (0xfd9788a3) sb      s9, -47(a5)
core   0: 3 0x800017de (0xfd9788a3) mem 0x8001038a 0xcf
core   0: 0x800017e2 (0xfec78c23) sb      a2, -8(a5)
core   0: 3 0x800017e2 (0xfec78c23) mem 0x800103b1 0x01
core   0: 0x800017e6 (0xfca78223) sb      a0, -60(a5)
core   0: 3 0x800017e6 (0xfca78223) mem 0x8001037d 0x9a
core   0: 0x800017ea (0x00008ef9) c.and   a3, a4
core   0: 3 0x800017ea (0x8ef9) x13 0x80029da2
core   0: 0x800017ec (0x00e09f13) slli    t5, ra, 14
core   0: 3 0x800017ec (0x00e09f13) x30 0x002a4000
core   0: 0x800017f0 (0x00008ca1) c.xor   s1, s0
core   0: 3 0x800017f0 (0x8ca1) x9  0x000007ef
core   0: 0x800017f2 (0x00000001) c.nop
core   0: 3 0x800017f2 (0x0001)
core   0: 0x800017f4 (0xfee78583) lb      a1, -18(a5)
core   0: 3 0x800017f4 (0xfee78583) x11 0x0000005c mem 0x800103a7
core   0: 0x800017f8 (0x00018617) auipc   a2, 0x18
core   0: 3 0x800017f8 (0x00018617) x12 0x800197f8
core   0: 0x800017fc (0xd8760613) addi    a2, a2, -633
core   0: 3 0x800017fc (0xd8760613) x12 0x8001957f
core   0: 0x80001800 (0x0000100f) fence.i
core   0: 3 0x80001800 (0x0000100f)
core   0: 0x80001804 (0x0000850d) c.srai  a0, 3
core   0: 3 0x80001804 (0x850d) x10 0xfffffff3
core   0: 0x80001806 (0x6b160723) sb      a7, 1710(a2)
core   0: 3 0x80001806 (0x6b160723) mem 0x80019c2d 0xa9
core   0: 0x8000180a (0x34099073) csrw    mscratch, s3
core   0: 3 0x8000180a (0x34099073) c832_mscratch 0x00000096
core   0: 0x8000180e (0x94b60483) lb      s1, -1717(a2)
core   0: 3 0x8000180e (0x94b60483) x9  0xffffff81 mem 0x80018eca
core   0: 0x80001812 (0xa3360783) lb      a5, -1485(a2)
core   0: 3 0x80001812 (0xa3360783) x15 0x00000069 mem 0x80018fb2
core   0: 0x80001816 (0x299e4313) xori    t1, t3, 665
core   0: 3 0x80001816 (0x299e4313) x6  0x80029fbd
core   0: 0x8000181a (0x56761103) lh      sp, 1383(a2)
core   0: 3 0x8000181a (0x56761103) x2  0xffff9c9d mem 0x80019ae6
core   0: 0x8000181e (0xa9f60383) lb      t2, -1377(a2)
core   0: 3 0x8000181e (0xa9f60383) x7  0xffffffd5 mem 0x8001901e
core   0: 0x80001822 (0x3df65883) lhu     a7, 991(a2)
core   0: 3 0x80001822 (0x3df65883) x17 0x00001415 mem 0x8001995e
core   0: 0x80001826 (0x21b60123) sb      s11, 514(a2)
core   0: 3 0x80001826 (0x21b60123) mem 0x80019781 0x00
core   0: 0x8000182a (0x01451c33) sll     s8, a0, s4
core   0: 3 0x8000182a (0x01451c33) x24 0x80000000
core   0: 0x8000182e (0x7a825917) auipc   s2, 0x7a825
core   0: 3 0x8000182e (0x7a825917) x18 0xfa82682e
core   0: 0x80001832 (0x340e56f3) csrrwi  a3, mscratch, 28
core   0: 3 0x80001832 (0x340e56f3) x13 0x00000096 c832_mscratch 0x0000001c
core   0: 0x80001836 (0x00000a98) c.addi4spn a4, sp, 336
core   0: 3 0x80001836 (0x0a98) x14 0xffff9ded
core   0: 0x80001838 (0x54460503) lb      a0, 1348(a2)
core   0: 3 0x80001838 (0x54460503) x10 0x00000078 mem 0x80019ac3
core   0: 0x8000183c (0x00000c8a) c.slli  s9, 2
core   0: 3 0x8000183c (0x0c8a) x25 0x316ea73c
core   0: 0x8000183e (0x8b161883) lh      a7, -1871(a2)
core   0: 3 0x8000183e (0x8b161883) x17 0xffffeaeb mem 0x80018e30
core   0: 0x80001842 (0xd6b65d03) lhu     s10, -661(a2)
core   0: 3 0x80001842 (0xd6b65d03) x26 0x0000a0a1 mem 0x800192ea
core   0: 0x80001846 (0xc71606a3) sb      a7, -915(a2)
core   0: 3 0x80001846 (0xc71606a3) mem 0x800191ec 0xeb
core   0: 0x8000184a (0x7d8603a3) sb      s8, 1991(a2)
core   0: 3 0x8000184a (0x7d8603a3) mem 0x80019d46 0x00
core   0: 0x8000184e (0x2db624a3) sw      s11, 713(a2)
core   0: 3 0x8000184e (0x2db624a3) mem 0x80019848 0x00000000
core   0: 0x80001852 (0x3fe80c13) addi    s8, a6, 1022
core   0: 3 0x80001852 (0x3fe80c13) x24 0x00000466
core   0: 0x80001856 (0x00008d8a) c.mv    s11, sp
core   0: 3 0x80001856 (0x8d8a) x27 0xffff9c9d
core   0: 0x80001858 (0x00004a21) c.li    s4, 8
core   0: 3 0x80001858 (0x4a21) x20 0x00000008
core   0: 0x8000185a (0x77064f03) lbu     t5, 1904(a2)
core   0: 3 0x8000185a (0x77064f03) x30 0x000000a4 mem 0x80019cef
core   0: 0x8000185e (0x03fed733) divu    a4, t4, t6
core   0: 3 0x8000185e (0x03fed733) x14 0x00fc146b
core   0: 0x80001862 (0x340023f3) csrr    t2, mscratch
core   0: 3 0x80001862 (0x340023f3) x7  0x0000001c
core   0: 0x80001866 (0x00000001) c.nop
core   0: 3 0x80001866 (0x0001)
core   0: 0x80001868 (0xc3064583) lbu     a1, -976(a2)
core   0: 3 0x80001868 (0xc3064583) x11 0x00000064 mem 0x800191af
core   0: 0x8000186c (0x418dd793) srai    a5, s11, 24
core   0: 3 0x8000186c (0x418dd793) x15 0xffffffff
core   0: 0x80001870 (0x73c64693) xori    a3, a2, 1852
core   0: 3 0x80001870 (0x73c64693) x13 0x80019243
core   0: 0x80001874 (0x6d264303) lbu     t1, 1746(a2)
core   0: 3 0x80001874 (0x6d264303) x6  0x0000000a mem 0x80019c51
core   0: 0x80001878 (0x00ebfd33) and     s10, s7, a4
core   0: 3 0x80001878 (0x00ebfd33) x26 0x00fc140a
core   0: 0x8000187c (0x007196b3) sll     a3, gp, t2
core   0: 3 0x8000187c (0x007196b3) x13 0x60000000
core   0: 0x80001880 (0x66562a83) lw      s5, 1637(a2)
core   0: 3 0x80001880 (0x66562a83) x21 0x9c9d9e9f mem 0x80019be4
core   0: 0x80001884 (0x00008369) c.srli  a4, 26
core   0: 3 0x80001884 (0x8369) x14 0x00000000
core   0: 0x80001886 (0x1d365383) lhu     t2, 467(a2)
core   0: 3 0x80001886 (0x1d365383) x7  0x00000809 mem 0x80019752
core   0: 0x8000188a (0xcd360d03) lb      s10, -813(a2)
core   0: 3 0x8000188a (0xcd360d03) x26 0x00000009 mem 0x80019252
core   0: 0x8000188e (0x23684f93) xori    t6, a6, 566
core   0: 3 0x8000188e (0x23684f93) x31 0x0000025e
core   0: 0x80001892 (0xc1360323) sb      s3, -1018(a2)
core   0: 3 0x80001892 (0xc1360323) mem 0x80019185 0x96
core   0: 0x80001896 (0x340db173) csrrc   sp, mscratch, s11
core   0: 3 0x80001896 (0x340db173) x2  0x0000001c c832_mscratch 0x00000000
core   0: 0x8000189a (0x20d60f03) lb      t5, 525(a2)
core   0: 3 0x8000189a (0x20d60f03) x30 0x00000047 mem 0x8001978c
core   0: 0x8000189e (0x0000f497) auipc   s1, 0xf
core   0: 3 0x8000189e (0x0000f497) x9  0x8001089e
core   0: 0x800018a2 (0x23448493) addi    s1, s1, 564
core   0: 3 0x800018a2 (0x23448493) x9  0x80010ad2
core   0: 0x800018a6 (0x00008f35) c.xor   a4, a3
core   0: 3 0x800018a6 (0x8f35) x14 0x60000000
core   0: 0x800018a8 (0xff849703) lh      a4, -8(s1)
core   0: 3 0x800018a8 (0xff849703) x14 0xffff8081 mem 0x80010aca
core   0: 0x800018ac (0x566c3593) sltiu   a1, s8, 1382
core   0: 3 0x800018ac (0x566c3593) x11 0x00000001
core   0: 0x800018b0 (0x00e90633) add     a2, s2, a4
core   0: 3 0x800018b0 (0x00e90633) x12 0xfa81e8af
core   0: 0x800018b4 (0x03365333) divu    t1, a2, s3
core   0: 3 0x800018b4 (0x03365333) x6  0x01ab8860
core   0: 0x800018b8 (0xff849a23) sh      s8, -12(s1)
core   0: 3 0x800018b8 (0xff849a23) mem 0x80010ac6 0x0466
core   0: 0x800018bc (0x02b7ab33) mulhsu  s6, a5, a1
core   0: 3 0x800018bc (0x02b7ab33) x22 0xffffffff
core   0: 0x800018c0 (0x016486a3) sb      s6, 13(s1)
core   0: 3 0x800018c0 (0x016486a3) mem 0x80010adf 0xff
core   0: 0x800018c4 (0xff149b23) sh      a7, -10(s1)
core   0: 3 0x800018c4 (0xff149b23) mem 0x80010ac8 0xeaeb
core   0: 0x800018c8 (0xff648fa3) sb      s6, -1(s1)
core   0: 3 0x800018c8 (0xff648fa3) mem 0x80010ad1 0xff
core   0: 0x800018cc (0x410783b3) sub     t2, a5, a6
core   0: 3 0x800018cc (0x410783b3) x7  0xffffff97
core   0: 0x800018d0 (0x00001090) c.addi4spn a2, sp, 96
core   0: 3 0x800018d0 (0x1090) x12 0x0000007c
core   0: 0x800018d2 (0xfe849e23) sh      s0, -4(s1)
core   0: 3 0x800018d2 (0xfe849e23) mem 0x80010ace 0x0000
core   0: 0x800018d6 (0x007482a3) sb      t2, 5(s1)
core   0: 3 0x800018d6 (0x007482a3) mem 0x80010ad7 0x97
core   0: 0x800018da (0x40b0d633) sra     a2, ra, a1
core   0: 3 0x800018da (0x40b0d633) x12 0x00000054
core   0: 0x800018de (0x00008a75) c.andi  a2, 29
core   0: 3 0x800018de (0x8a75) x12 0x00000014
core   0: 0x800018e0 (0x000487a3) sb      zero, 15(s1)
core   0: 3 0x800018e0 (0x000487a3) mem 0x80010ae1 0x00
core   0: 0x800018e4 (0x019481a3) sb      s9, 3(s1)
core   0: 3 0x800018e4 (0x019481a3) mem 0x80010ad5 0x3c
core   0: 0x800018e8 (0x340ce6f3) csrrsi  a3, mscratch, 25
core   0: 3 0x800018e8 (0x340ce6f3) x13 0x00000000 c832_mscratch 0x00000019
core   0: 0x800018ec (0x340e1f73) csrrw   t5, mscratch, t3
core   0: 3 0x800018ec (0x340e1f73) x30 0x00000019 c832_mscratch 0x80029d24
core   0: 0x800018f0 (0x006480a3) sb      t1, 1(s1)
core   0: 3 0x800018f0 (0x006480a3) mem 0x80010ad3 0x60
core   0: 0x800018f4 (0x34003f73) csrrc   t5, mscratch, zero
core   0: 3 0x800018f4 (0x34003f73) x30 0x80029d24
core   0: 0x800018f8 (0x00008706) c.mv    a4, ra
core   0: 3 0x800018f8 (0x8706) x14 0x000000a9
core   0: 0x800018fa (0x3404e073) csrsi   mscratch, 9
core   0: 3 0x800018fa (0x3404e073) c832_mscratch 0x80029d2d
core   0: 0x800018fe (0xeef74a93) xori    s5, a4, -273
core   0: 3 0x800018fe (0xeef74a93) x21 0xfffffe46
core   0: 0x80001902 (0x01a49223) sh      s10, 4(s1)
core   0: 3 0x80001902 (0x01a49223) mem 0x80010ad6 0x0009
core   0: 0x80001906 (0x34031173) csrrw   sp, mscratch, t1
core   0: 3 0x80001906 (0x34031173) x2  0x80029d2d c832_mscratch 0x01ab8860
core   0: 0x8000190a (0xffa4cd03) lbu     s10, -6(s1)
core   0: 3 0x8000190a (0xffa4cd03) x26 0x00000087 mem 0x80010acc
core   0: 0x8000190e (0x0188d333) srl     t1, a7, s8
core   0: 3 0x8000190e (0x0188d333) x6  0x03ffffab
core   0: 0x80001912 (0x0024c003) lbu     zero, 2(s1)
core   0: 3 0x80001912 (0x0024c003) mem 0x80010ad4
core   0: 0x80001916 (0x00008f9a) c.mv    t6, t1
core   0: 3 0x80001916 (0x8f9a) x31 0x03ffffab
core   0: 0x80001918 (0x00006135) c.addi16sp sp, 352
core   0: 3 0x80001918 (0x6135) x2  0x80029e8d
core   0: 0x8000191a (0x00000c16) c.slli  s8, 5
core   0: 3 0x8000191a (0x0c16) x24 0x00008cc0
core   0: 0x8000191c (0x0221ac97) auipc   s9, 0x221a
core   0: 3 0x8000191c (0x0221ac97) x25 0x8221b91c
core   0: 0x80001920 (0x00008d2d) c.xor   a0, a1
core   0: 3 0x80001920 (0x8d2d) x10 0x00000079
core   0: 0x80001922 (0x00006c39) c.lui   s8, 0xe
core   0: 3 0x80001922 (0x6c39) x24 0x0000e000
core   0: 0x80001924 (0x01b482a3) sb      s11, 5(s1)
core   0: 3 0x80001924 (0x01b482a3) mem 0x80010ad7 0x9d
core   0: 0x80001928 (0x00013197) auipc   gp, 0x13
core   0: 3 0x80001928 (0x00013197) x3  0x80014928
core   0: 0x8000192c (0x35f18193) addi    gp, gp, 863
core   0: 3 0x8000192c (0x35f18193) x3  0x80014c87
core   0: 0x80001930 (0x02fd9a33) mulh    s4, s11, a5
core   0: 3 0x80001930 (0x02fd9a33) x20 0x00000000
core   0: 0x80001934 (0x00e18003) lb      zero, 14(gp)
core   0: 3 0x80001934 (0x00e18003) mem 0x80014c95
core   0: 0x80001938 (0x41c108b3) sub     a7, sp, t3
core   0: 3 0x80001938 (0x41c108b3) x17 0x00000169
core   0: 0x8000193c (0x34002ff3) csrr    t6, mscratch
core   0: 3 0x8000193c (0x34002ff3) x31 0x01ab8860
core   0: 0x80001940 (0x03fbd533) divu    a0, s7, t6
core   0: 3 0x80001940 (0x03fbd533) x10 0x00000099
core   0: 0x80001944 (0x894f4f97) auipc   t6, 0x894f4
core   0: 3 0x80001944 (0x894f4f97) x31 0x094f5944
core   0: 0x80001948 (0x0a31d803) lhu     a6, 163(gp)
core   0: 3 0x80001948 (0x0a31d803) x16 0x0000e0e1 mem 0x80014d2a
core   0: 0x8000194c (0x40c5da93) srai    s5, a1, 12
core   0: 3 0x8000194c (0x40c5da93) x21 0x00000000
core   0: 0x80001950 (0xf9e1c003) lbu     zero, -98(gp)
core   0: 3 0x80001950 (0xf9e1c003) mem 0x80014c25
core   0: 0x80001954 (0x01d9fbb3) and     s7, s3, t4
core   0: 3 0x80001954 (0x01d9fbb3) x23 0x00000084
core   0: 0x80001958 (0x34082ff3) csrrs   t6, mscratch, a6
core   0: 3 0x80001958 (0x34082ff3) x31 0x01ab8860 c832_mscratch 0x01abe8e1
core   0: 0x8000195c (0x044193a3) sh      tp, 71(gp)
core   0: 3 0x8000195c (0x044193a3) mem 0x80014cce 0x0005
core   0: 0x80001960 (0x0611a2a3) sw      ra, 101(gp)
core   0: 3 0x80001960 (0x0611a2a3) mem 0x80014cec 0x000000a9
core   0: 0x80001964 (0x34002173) csrr    sp, mscratch
core   0: 3 0x80001964 (0x34002173) x2  0x01abe8e1
core   0: 0x80001968 (0xf7e18583) lb      a1, -130(gp)
core   0: 3 0x80001968 (0xf7e18583) x11 0xffffffbe mem 0x80014c05
core   0: 0x8000196c (0x0571a2a3) sw      s7, 69(gp)
core   0: 3 0x8000196c (0x0571a2a3) mem 0x80014ccc 0x00000084
core   0: 0x80001970 (0x34003d73) csrrc   s10, mscratch, zero
core   0: 3 0x80001970 (0x34003d73) x26 0x01abe8e1
core   0: 0x80001974 (0x0751cf03) lbu     t5, 117(gp)
core   0: 3 0x80001974 (0x0751cf03) x30 0x000000b7 mem 0x80014cfc
core   0: 0x80001978 (0x062e7c93) andi    s9, t3, 98
core   0: 3 0x80001978 (0x062e7c93) x25 0x00000020
core   0: 0x8000197c (0x037f4833) div     a6, t5, s7
core   0: 3 0x8000197c (0x037f4833) x16 0x00000001
core   0: 0x80001980 (0x09418f03) lb      t5, 148(gp)
core   0: 3 0x80001980 (0x09418f03) x30 0xffffffd0 mem 0x80014d1b
core   0: 0x80001984 (0x34021773) csrrw   a4, mscratch, tp
core   0: 3 0x80001984 (0x34021773) x14 0x01abe8e1 c832_mscratch 0x00000005
core   0: 0x80001988 (0x000082f5) c.srli  a3, 29
core   0: 3 0x80001988 (0x82f5) x13 0x00000000
core   0: 0x8000198a (0xfcb18f23) sb      a1, -34(gp)
core   0: 3 0x8000198a (0xfcb18f23) mem 0x80014c65 0xbe
core   0: 0x8000198e (0x00008f25) c.xor   a4, s1
core   0: 3 0x8000198e (0x8f25) x14 0x81aae233
core   0: 0x80001990 (0x03623333) mulhu   t1, tp, s6
core   0: 3 0x80001990 (0x03623333) x6  0x00000004
core   0: 0x80001994 (0x000e0933) add     s2, t3, zero
core   0: 3 0x80001994 (0x000e0933) x18 0x80029d24
core   0: 0x80001998 (0xb9f36593) ori     a1, t1, -1121
core   0: 3 0x80001998 (0xb9f36593) x11 0xfffffb9f
core   0: 0x8000199c (0x000013fd) c.addi  t2, -1
core   0: 3 0x8000199c (0x13fd) x7  0xffffff96
core   0: 0x8000199e (0x03b960b3) rem     ra, s2, s11
core   0: 3 0x8000199e (0x03b960b3) x1  0xffff9ea8
core   0: 0x800019a2 (0x00000dfd) c.addi  s11, 31
core   0: 3 0x800019a2 (0x0dfd) x27 0xffff9cbc
core   0: 0x800019a4 (0xf7e19fa3) sh      t5, -129(gp)
core   0: 3 0x800019a4 (0xf7e19fa3) mem 0x80014c06 0xffd0
core   0: 0x800019a8 (0xfbb18903) lb      s2, -69(gp)
core   0: 3 0x800019a8 (0xfbb18903) x18 0xfffffff9 mem 0x80014c42
core   0: 0x800019ac (0x0000fb97) auipc   s7, 0xf
core   0: 3 0x800019ac (0x0000fb97) x23 0x800109ac
core   0: 0x800019b0 (0x435b8b93) addi    s7, s7, 1077
core   0: 3 0x800019b0 (0x435b8b93) x23 0x80010de1
core   0: 0x800019b4 (0x00db8d83) lb      s11, 13(s7)
core   0: 3 0x800019b4 (0x00db8d83) x27 0xffffffa5 mem 0x80010dee
core   0: 0x800019b8 (0x008dd013) srli    zero, s11, 8
core   0: 3 0x800019b8 (0x008dd013)
core   0: 0x800019bc (0x34003773) csrrc   a4, mscratch, zero
core   0: 3 0x800019bc (0x34003773) x14 0x00000005
core   0: 0x800019c0 (0x007defb3) or      t6, s11, t2
core   0: 3 0x800019c0 (0x007defb3) x31 0xffffffb7
core   0: 0x800019c4 (0x000094a6) c.add   s1, s1
core   0: 3 0x800019c4 (0x94a6) x9  0x000215a4
core   0: 0x800019c6 (0x00000559) c.addi  a0, 22
core   0: 3 0x800019c6 (0x0559) x10 0x000000af
core   0: 0x800019c8 (0x0ff0000f) fence   iorw,iorw
core   0: 3 0x800019c8 (0x0ff0000f)
core   0: 0x800019cc (0xffbb8fa3) sb      s11, -1(s7)
core   0: 3 0x800019cc (0xffbb8fa3) mem 0x80010de0 0xa5
core   0: 0x800019d0 (0x0000138c) c.addi4spn a1, sp, 480
core   0: 3 0x800019d0 (0x138c) x11 0x01abeac1
core   0: 0x800019d2 (0xfd1b8603) lb      a2, -47(s7)
core   0: 3 0x800019d2 (0xfd1b8603) x12 0x00000069 mem 0x80010db2
core   0: 0x800019d6 (0xbbf02537) lui     a0, 0xbbf02
core   0: 3 0x800019d6 (0xbbf02537) x10 0xbbf02000
core   0: 0x800019da (0x02f1fcb3) remu    s9, gp, a5
core   0: 3 0x800019da (0x02f1fcb3) x25 0x80014c87
core   0: 0x800019de (0x01abcc03) lbu     s8, 26(s7)
core   0: 3 0x800019de (0x01abcc03) x24 0x000000b0 mem 0x80010dfb
core   0: 0x800019e2 (0x00008e05) c.sub   a2, s1
core   0: 3 0x800019e2 (0x8e05) x12 0xfffdeac5
core   0: 0x800019e4 (0xfc3b81a3) sb      gp, -61(s7)
core   0: 3 0x800019e4 (0xfc3b81a3) mem 0x80010da4 0x87
core   0: 0x800019e8 (0x00d55693) srli    a3, a0, 13
core   0: 3 0x800019e8 (0x00d55693) x13 0x0005df81
core   0: 0x800019ec (0xed556613) ori     a2, a0, -299
core   0: 3 0x800019ec (0xed556613) x12 0xfffffed5
core   0: 0x800019f0 (0xd0cf4b13) xori    s6, t5, -756
core   0: 3 0x800019f0 (0xd0cf4b13) x22 0x000002dc
core   0: 0x800019f4 (0xfd0b8823) sb      a6, -48(s7)
core   0: 3 0x800019f4 (0xfd0b8823) mem 0x80010db1 0x01
core   0: 0x800019f8 (0xfccbcb03) lbu     s6, -52(s7)
core   0: 3 0x800019f8 (0xfccbcb03) x22 0x00000066 mem 0x80010dad
core   0: 0x800019fc (0x34083c73) csrrc   s8, mscratch, a6
core   0: 3 0x800019fc (0x34083c73) x24 0x00000005 c832_mscratch 0x00000004
core   0: 0x80001a00 (0x035bca83) lbu     s5, 53(s7)
core   0: 3 0x80001a00 (0x035bca83) x21 0x000000cd mem 0x80010e16
core   0: 0x80001a04 (0x007b8183) lb      gp, 7(s7)
core   0: 3 0x80001a04 (0x007b8183) x3  0xffffffa3 mem 0x80010de8
core   0: 0x80001a08 (0xfdab8483) lb      s1, -38(s7)
core   0: 3 0x80001a08 (0xfdab8483) x9  0x00000070 mem 0x80010dbb
core   0: 0x80001a0c (0x03165033) divu    zero, a2, a7
core   0: 3 0x80001a0c (0x03165033)
core   0: 0x80001a10 (0x40d45693) srai    a3, s0, 13
core   0: 3 0x80001a10 (0x40d45693) x13 0x00000000
core   0: 0x80001a14 (0x029bd883) lhu     a7, 41(s7)
core   0: 3 0x80001a14 (0x029bd883) x17 0x0000c0c1 mem 0x80010e0a
core   0: 0x80001a18 (0xfdeb8183) lb      gp, -34(s7)
core   0: 3 0x80001a18 (0xfdeb8183) x3  0x00000074 mem 0x80010dbf
core   0: 0x80001a1c (0x03ebc483) lbu     s1, 62(s7)
core   0: 3 0x80001a1c (0x03ebc483) x9  0x000000d4 mem 0x80010e1f
core   0: 0x80001a20 (0xfddb8a23) sb      t4, -44(s7)
core   0: 3 0x80001a20 (0xfddb8a23) mem 0x80010db5 0xa4
core   0: 0x80001a24 (0x03bba683) lw      a3, 59(s7)
core   0: 3 0x80001a24 (0x03bba683) x13 0xd4d5d6d7 mem 0x80010e1c
core   0: 0x80001a28 (0xf1a86713) ori     a4, a6, -230
core   0: 3 0x80001a28 (0xf1a86713) x14 0xffffff1b
core   0: 0x80001a2c (0x025b9583) lh      a1, 37(s7)
core   0: 3 0x80001a2c (0x025b9583) x11 0xffffbcbd mem 0x80010e06
core   0: 0x80001a30 (0xfe4b8183) lb      gp, -28(s7)
core   0: 3 0x80001a30 (0xfe4b8183) x3  0x0000007e mem 0x80010dc5
core   0: 0x80001a34 (0xfe7ba383) lw      t2, -25(s7)
core   0: 3 0x80001a34 (0xfe7ba383) x7  0x80818283 mem 0x80010dc8
core   0: 0x80001a38 (0xfdeb8aa3) sb      t5, -43(s7)
core   0: 3 0x80001a38 (0xfdeb8aa3) mem 0x80010db6 0xd0
core   0: 0x80001a3c (0x0073e933) or      s2, t2, t2
core   0: 3 0x80001a3c (0x0073e933) x18 0x80818283
core   0: 0x80001a40 (0x00001414) c.addi4spn a3, sp, 544
core   0: 3 0x80001a40 (0x1414) x13 0x01abeb01
core   0: 0x80001a42 (0x01ea9c13) slli    s8, s5, 30
core   0: 3 0x80001a42 (0x01ea9c13) x24 0x40000000
core   0: 0x80001a46 (0x023ed233) divu    tp, t4, gp
core   0: 3 0x80001a46 (0x023ed233) x4  0x01041511
core   0: 0x80001a4a (0x037d03b3) mul     t2, s10, s7
core   0: 3 0x80001a4a (0x037d03b3) x7  0x9bcc1ac1
core   0: 0x80001a4e (0xfd7ba783) lw      a5, -41(s7)
core   0: 3 0x80001a4e (0xfd7ba783) x15 0x70717273 mem 0x80010db8
core   0: 0x80001a52 (0x02db51b3) divu    gp, s6, a3
core   0: 3 0x80001a52 (0x02db51b3) x3  0x00000000
core   0: 0x80001a56 (0x00008ca5) c.xor   s1, s1
core   0: 3 0x80001a56 (0x8ca5) x9  0x00000000
core   0: 0x80001a58 (0x001b8d23) sb      ra, 26(s7)
core   0: 3 0x80001a58 (0x001b8d23) mem 0x80010dfb 0xa8
core   0: 0x80001a5c (0xff5bd883) lhu     a7, -11(s7)
core   0: 3 0x80001a5c (0xff5bd883) x17 0x00008c8d mem 0x80010dd6
core   0: 0x80001a60 (0xfc2b8283) lb      t0, -62(s7)
core   0: 3 0x80001a60 (0xfc2b8283) x5  0x00000058 mem 0x80010da3
core   0: 0x80001a64 (0x0ff0000f) fence   iorw,iorw
core   0: 3 0x80001a64 (0x0ff0000f)
core   0: 0x80001a68 (0x02d72ab3) mulhsu  s5, a4, a3
core   0: 3 0x80001a68 (0x02d72ab3) x21 0xfffffffe
core   0: 0x80001a6c (0xfc0b8ba3) sb      zero, -41(s7)
core   0: 3 0x80001a6c (0xfc0b8ba3) mem 0x80010db8 0x00
core   0: 0x80001a70 (0x00000e1c) c.addi4spn a5, sp, 784
core   0: 3 0x80001a70 (0x0e1c) x15 0x01abebf1
core   0: 0x80001a72 (0xfe2bc103) lbu     sp, -30(s7)
core   0: 3 0x80001a72 (0xfe2bc103) x2  0x00000078 mem 0x80010dc3
core   0: 0x80001a76 (0x00019117) auipc   sp, 0x19
core   0: 3 0x80001a76 (0x00019117) x2  0x8001aa76
core   0: 0x80001a7a (0xad410113) addi    sp, sp, -1324
core   0: 3 0x80001a7a (0xad410113) x2  0x8001a54a
core   0: 0x80001a7e (0xc4914a83) lbu     s5, -951(sp)
core   0: 3 0x80001a7e (0xc4914a83) x21 0x00000048 mem 0x8001a193
core   0: 0x80001a82 (0x31e103a3) sb      t5, 775(sp)
core   0: 3 0x80001a82 (0x31e103a3) mem 0x8001a851 0xd0
core   0: 0x80001a86 (0xb6710e23) sb      t2, -1156(sp)
core   0: 3 0x80001a86 (0xb6710e23) mem 0x8001a0c6 0xc1
core   0: 0x80001a8a (0x035a1ab3) mulh    s5, s4, s5
core   0: 3 0x80001a8a (0x035a1ab3) x21 0x00000000
core   0: 0x80001a8e (0xc0e44b13) xori    s6, s0, -1010
core   0: 3 0x80001a8e (0xc0e44b13) x22 0xfffffc0e
core   0: 0x80001a92 (0x28d12b23) sw      a3, 662(sp)
core   0: 3 0x80001a92 (0x28d12b23) mem 0x8001a7e0 0x01abeb01
core   0: 0x80001a96 (0x036600b3) mul     ra, a2, s6
core   0: 3 0x80001a96 (0x036600b3) x1  0x00049ba6
core   0: 0x80001a9a (0x00006685) c.lui   a3, 0x1
core   0: 3 0x80001a9a (0x6685) x13 0x00001000
core   0: 0x80001a9c (0x34006773) csrrsi  a4, mscratch, 0
core   0: 3 0x80001a9c (0x34006773) x14 0x00000004
core   0: 0x80001aa0 (0xcdb10883) lb      a7, -805(sp)
core   0: 3 0x80001aa0 (0xcdb10883) x17 0xffffffde mem 0x8001a225
core   0: 0x80001aa4 (0x6a814503) lbu     a0, 1704(sp)
core   0: 3 0x80001aa4 (0x6a814503) x10 0x000000a9 mem 0x8001abf2
core   0: 0x80001aa8 (0x002e4833) xor     a6, t3, sp
core   0: 3 0x80001aa8 (0x002e4833) x16 0x0003386e
core   0: 0x80001aac (0x03f378b3) remu    a7, t1, t6
core   0: 3 0x80001aac (0x03f378b3) x17 0x00000004
core   0: 0x80001ab0 (0xf56107a3) sb      s6, -177(sp)
core   0: 3 0x80001ab0 (0xf56107a3) mem 0x8001a499 0x0e
core   0: 0x80001ab4 (0xad314803) lbu     a6, -1325(sp)
core   0: 3 0x80001ab4 (0xad314803) x16 0x000000d6 mem 0x8001a01d
core   0: 0x80001ab8 (0xebe15f03) lhu     t5, -322(sp)
core   0: 3 0x80001ab8 (0xebe15f03) x30 0x0000c2c3 mem 0x8001a408
core   0: 0x80001abc (0x02310b83) lb      s7, 35(sp)
core   0: 3 0x80001abc (0x02310b83) x23 0x00000026 mem 0x8001a56d
core   0: 0x80001ac0 (0x0167e633) or      a2, a5, s6
core   0: 3 0x80001ac0 (0x0167e633) x12 0xffffffff
core   0: 0x80001ac4 (0x01739993) slli    s3, t2, 23
core   0: 3 0x80001ac4 (0x01739993) x19 0x60800000
core   0: 0x80001ac8 (0x3e711a23) sh      t2, 1012(sp)
core   0: 3 0x80001ac8 (0x3e711a23) mem 0x8001a93e 0x1ac1
core   0: 0x80001acc (0x029f4533) div     a0, t5, s1
core   0: 3 0x80001acc (0x029f4533) x10 0xffffffff
core   0: 0x80001ad0 (0x015e17b3) sll     a5, t3, s5
core   0: 3 0x80001ad0 (0x015e17b3) x15 0x80029d24
core   0: 0x80001ad4 (0xd6d77b93) andi    s7, a4, -659
core   0: 3 0x80001ad4 (0xd6d77b93) x23 0x00000004
core   0: 0x80001ad8 (0xf7686793) ori     a5, a6, -138
core   0: 3 0x80001ad8 (0xf7686793) x15 0xfffffff6
core   0: 0x80001adc (0x409184b3) sub     s1, gp, s1
core   0: 3 0x80001adc (0x409184b3) x9  0x00000000
core   0: 0x80001ae0 (0x3ed14003) lbu     zero, 1005(sp)
core   0: 3 0x80001ae0 (0x3ed14003) mem 0x8001a937
core   0: 0x80001ae4 (0x34007073) csrci   mscratch, 0
core   0: 3 0x80001ae4 (0x34007073)
core   0: 0x80001ae8 (0x0089a3b3) slt     t2, s3, s0
core   0: 3 0x80001ae8 (0x0089a3b3) x7  0x00000000
core   0: 0x80001aec (0xf8a11783) lh      a5, -118(sp)
core   0: 3 0x80001aec (0xf8a11783) x15 0xffff8e8f mem 0x8001a4d4
core   0: 0x80001af0 (0x00000001) c.nop
core   0: 3 0x80001af0 (0x0001)
core   0: 0x80001af2 (0x4c410aa3) sb      tp, 1237(sp)
core   0: 3 0x80001af2 (0x4c410aa3) mem 0x8001aa1f 0x11
core   0: 0x80001af6 (0x0000100f) fence.i
core   0: 3 0x80001af6 (0x0000100f)
core   0: 0x80001afa (0x5be12303) lw      t1, 1470(sp)
core   0: 3 0x80001afa (0x5be12303) x6  0xc0c1c2c3 mem 0x8001ab08
core   0: 0x80001afe (0x5a710083) lb      ra, 1447(sp)
core   0: 3 0x80001afe (0x5a710083) x1  0xffffffaa mem 0x8001aaf1
core   0: 0x80001b02 (0x02a3f2b3) remu    t0, t2, a0
core   0: 3 0x80001b02 (0x02a3f2b3) x5  0x00000000
core   0: 0x80001b06 (0x0304dcb3) divu    s9, s1, a6
core   0: 3 0x80001b06 (0x0304dcb3) x25 0x00000000
core   0: 0x80001b0a (0x00008e85) c.sub   a3, s1
core   0: 3 0x80001b0a (0x8e85) x13 0x00001000
core   0: 0x80001b0c (0x34022d73) csrrs   s10, mscratch, tp
core   0: 3 0x80001b0c (0x34022d73) x26 0x00000004 c832_mscratch 0x01041515
core   0: 0x80001b10 (0xfa510d23) sb      t0, -70(sp)
core   0: 3 0x80001b10 (0xfa510d23) mem 0x8001a504 0x00
core   0: 0x80001b14 (0xb2c15483) lhu     s1, -1236(sp)
core   0: 3 0x80001b14 (0xb2c15483) x9  0x00002c2d mem 0x8001a076
core   0: 0x80001b18 (0x00a2a3b3) slt     t2, t0, a0
core   0: 3 0x80001b18 (0x00a2a3b3) x7  0x00000000
core   0: 0x80001b1c (0x02028a33) mul     s4, t0, zero
core   0: 3 0x80001b1c (0x02028a33) x20 0x00000000
core   0: 0x80001b20 (0x2d214183) lbu     gp, 722(sp)
core   0: 3 0x80001b20 (0x2d214183) x3  0x000000d7 mem 0x8001a81c
core   0: 0x80001b24 (0xf5a10f23) sb      s10, -162(sp)
core   0: 3 0x80001b24 (0xf5a10f23) mem 0x8001a4a8 0x04
core   0: 0x80001b28 (0x00012f97) auipc   t6, 0x12
core   0: 3 0x80001b28 (0x00012f97) x31 0x80013b28
core   0: 0x80001b2c (0xbcbf8f93) addi    t6, t6, -1077
core   0: 3 0x80001b2c (0xbcbf8f93) x31 0x800136f3
core   0: 0x80001b30 (0x14223f37) lui     t5, 0x14223
core   0: 3 0x80001b30 (0x14223f37) x30 0x14223000
core   0: 0x80001b34 (0x011f95a3) sh      a7, 11(t6)
core   0: 3 0x80001b34 (0x011f95a3) mem 0x800136fe 0x0004
core   0: 0x80001b38 (0xff8f8b83) lb      s7, -8(t6)
core   0: 3 0x80001b38 (0xff8f8b83) x23 0xffffffa0 mem 0x800136eb
core   0: 0x80001b3c (0x008fcf03) lbu     t5, 8(t6)
core   0: 3 0x80001b3c (0x008fcf03) x30 0x000000b0 mem 0x800136fb
core   0: 0x80001b40 (0xffbf8283) lb      t0, -5(t6)
core   0: 3 0x80001b40 (0xffbf8283) x5  0xffffffa5 mem 0x800136ee
core   0: 0x80001b44 (0x003f8123) sb      gp, 2(t6)
core   0: 3 0x80001b44 (0x003f8123) mem 0x800136f5 0xd7
core   0: 0x80001b48 (0xffcf8a03) lb      s4, -4(t6)
core   0: 3 0x80001b48 (0xffcf8a03) x20 0xffffffa4 mem 0x800136ef
core   0: 0x80001b4c (0x005fa6a3) sw      t0, 13(t6)
core   0: 3 0x80001b4c (0x005fa6a3) mem 0x80013700 0xffffffa5
core   0: 0x80001b50 (0x00407233) and     tp, zero, tp
core   0: 3 0x80001b50 (0x00407233) x4  0x00000000
core   0: 0x80001b54 (0x00001984) c.addi4spn s1, sp, 240
core   0: 3 0x80001b54 (0x1984) x9  0x8001a63a
core   0: 0x80001b56 (0x00af8683) lb      a3, 10(t6)
core   0: 3 0x80001b56 (0x00af8683) x13 0xffffffb6 mem 0x800136fd
core   0: 0x80001b5a (0xffbf8ca3) sb      s11, -7(t6)
core   0: 3 0x80001b5a (0xffbf8ca3) mem 0x800136ec 0xa5
core   0: 0x80001b5e (0x53b8cd93) xori    s11, a7, 1339
core   0: 3 0x80001b5e (0x53b8cd93) x27 0x0000053f
core   0: 0x80001b62 (0x0000717d) c.addi16sp sp, -16
core   0: 3 0x80001b62 (0x717d) x2  0x8001a53a
core   0: 0x80001b64 (0xfe0f8823) sb      zero, -16(t6)
core   0: 3 0x80001b64 (0xfe0f8823) mem 0x800136e3 0x00
core   0: 0x80001b68 (0x00008a61) c.andi  a2, 24
core   0: 3 0x80001b68 (0x8a61) x12 0x00000018
core   0: 0x80001b6a (0x5cebf193) andi    gp, s7, 1486
core   0: 3 0x80001b6a (0x5cebf193) x3  0x00000580
core   0: 0x80001b6e (0x02c27733) remu    a4, tp, a2
core   0: 3 0x80001b6e (0x02c27733) x14 0x00000000
core   0: 0x80001b72 (0x005fd703) lhu     a4, 5(t6)
core   0: 3 0x80001b72 (0x005fd703) x14 0x0000b2b3 mem 0x800136f8
core   0: 0x80001b76 (0x016f83a3) sb      s6, 7(t6)
core   0: 3 0x80001b76 (0x016f83a3) mem 0x800136fa 0x0e
core   0: 0x80001b7a (0x00008cf9) c.and   s1, a4
core   0: 3 0x80001b7a (0x8cf9) x9  0x0000a232
core   0: 0x80001b7c (0x0134f3b3) and     t2, s1, s3
core   0: 3 0x80001b7c (0x0134f3b3) x7  0x00000000
core   0: 0x80001b80 (0x3408d9f3) csrrwi  s3, mscratch, 17
core   0: 3 0x80001b80 (0x3408d9f3) x19 0x01041515 c832_mscratch 0x00000011
core   0: 0x80001b84 (0x00001a7d) c.addi  s4, -1
core   0: 3 0x80001b84 (0x1a7d) x20 0xffffffa3
core   0: 0x80001b86 (0x01cf87a3) sb      t3, 15(t6)
core   0: 3 0x80001b86 (0x01cf87a3) mem 0x80013702 0x24
core   0: 0x80001b8a (0x00000001) c.nop
core   0: 3 0x80001b8a (0x0001)
core   0: 0x80001b8c (0x004f8723) sb      tp, 14(t6)
core   0: 3 0x80001b8c (0x004f8723) mem 0x80013701 0x00
core   0: 0x80001b90 (0x034e4f33) div     t5, t3, s4
core   0: 3 0x80001b90 (0x034e4f33) x30 0x016050e4
core   0: 0x80001b94 (0x00009b26) c.add   s6, s1
core   0: 3 0x80001b94 (0x9b26) x22 0x00009e40
core   0: 0x80001b96 (0x34006173) csrrsi  sp, mscratch, 0
core   0: 3 0x80001b96 (0x34006173) x2  0x00000011
core   0: 0x80001b9a (0x011f8323) sb      a7, 6(t6)
core   0: 3 0x80001b9a (0x011f8323) mem 0x800136f9 0x04
core   0: 0x80001b9e (0x00008f01) c.sub   a4, s0
core   0: 3 0x80001b9e (0x8f01) x14 0x0000b2b3
core   0: 0x80001ba0 (0x00008e5d) c.or    a2, a5
core   0: 3 0x80001ba0 (0x8e5d) x12 0xffff8e9f
core   0: 0x80001ba2 (0x002f8883) lb      a7, 2(t6)
core   0: 3 0x80001ba2 (0x002f8883) x17 0xffffffd7 mem 0x800136f5
core   0: 0x80001ba6 (0x009fd883) lhu     a7, 9(t6)
core   0: 3 0x80001ba6 (0x009fd883) x17 0x0000b6b7 mem 0x800136fc
core   0: 0x80001baa (0x4121da33) sra     s4, gp, s2
core   0: 3 0x80001baa (0x4121da33) x20 0x000000b0
core   0: 0x80001bae (0x013e6733) or      a4, t3, s3
core   0: 3 0x80001bae (0x013e6733) x14 0x81069d35
core   0: 0x80001bb2 (0xfc715d97) auipc   s11, 0xfc715
core   0: 3 0x80001bb2 (0xfc715d97) x27 0x7c716bb2
core   0: 0x80001bb6 (0x0000818a) c.mv    gp, sp
core   0: 3 0x80001bb6 (0x818a) x3  0x00000011
core   0: 0x80001bb8 (0x010f8323) sb      a6, 6(t6)
core   0: 3 0x80001bb8 (0x010f8323) mem 0x800136f9 0xd6
core   0: 0x80001bbc (0x00008fc9) c.or    a5, a0
core   0: 3 0x80001bbc (0x8fc9) x15 0xffffffff
core   0: 0x80001bbe (0xad3bb537) lui     a0, 0xad3bb
core   0: 3 0x80001bbe (0xad3bb537) x10 0xad3bb000
core   0: 0x80001bc2 (0xff4fc183) lbu     gp, -12(t6)
core   0: 3 0x80001bc2 (0xff4fc183) x3  0x0000009c mem 0x800136e7
core   0: 0x80001bc6 (0x05543b13) sltiu   s6, s0, 85
core   0: 3 0x80001bc6 (0x05543b13) x22 0x00000001
core   0: 0x80001bca (0xffefcf03) lbu     t5, -2(t6)
core   0: 3 0x80001bca (0xffefcf03) x30 0x000000aa mem 0x800136f1
core   0: 0x80001bce (0x00008cb1) c.xor   s1, a2
core   0: 3 0x80001bce (0x8cb1) x9  0xffff2cad
core   0: 0x80001bd0 (0xff3f8c23) sb      s3, -8(t6)
core   0: 3 0x80001bd0 (0xff3f8c23) mem 0x800136eb 0x15
core   0: 0x80001bd4 (0x0023b7b3) sltu    a5, t2, sp
core   0: 3 0x80001bd4 (0x0023b7b3) x15 0x00000001
core   0: 0x80001bd8 (0x001fdc83) lhu     s9, 1(t6)
core   0: 3 0x80001bd8 (0x001fdc83) x25 0x0000d7af mem 0x800136f4
core   0: 0x80001bdc (0xff6fcc03) lbu     s8, -10(t6)
core   0: 3 0x80001bdc (0xff6fcc03) x24 0x000000a2 mem 0x800136e9
core   0: 0x80001be0 (0x03b7a033) mulhsu  zero, a5, s11
core   0: 3 0x80001be0 (0x03b7a033)
core   0: 0x80001be4 (0xa6d06713) ori     a4, zero, -1427
core   0: 3 0x80001be4 (0xa6d06713) x14 0xfffffa6d
core   0: 0x80001be8 (0x02b61c33) mulh    s8, a2, a1
core   0: 3 0x80001be8 (0x02b61c33) x24 0x00000000
core   0: 0x80001bec (0x001fc203) lbu     tp, 1(t6)
core   0: 3 0x80001bec (0x001fc203) x4  0x000000af mem 0x800136f4
core   0: 0x80001bf0 (0x0000f117) auipc   sp, 0xf
core   0: 3 0x80001bf0 (0x0000f117) x2  0x80010bf0
core   0: 0x80001bf4 (0xc2b10113) addi    sp, sp, -981
core   0: 3 0x80001bf4 (0xc2b10113) x2  0x8001081b
core   0: 0x80001bf8 (0x65115a83) lhu     s5, 1617(sp)
core   0: 3 0x80001bf8 (0x65115a83) x21 0x00002627 mem 0x80010e6c
core   0: 0x80001bfc (0x6e110183) lb      gp, 1761(sp)
core   0: 3 0x80001bfc (0x6e110183) x3  0xffffffb7 mem 0x80010efc
core   0: 0x80001c00 (0x01c6db33) srl     s6, a3, t3
core   0: 3 0x80001c00 (0x01c6db33) x22 0x0ffffffb
core   0: 0x80001c04 (0x25f14b83) lbu     s7, 607(sp)
core   0: 3 0x80001c04 (0x25f14b83) x23 0x00000031 mem 0x80010a7a
core   0: 0x80001c08 (0x1af14a03) lbu     s4, 431(sp)
core   0: 3 0x80001c08 (0x1af14a03) x20 0x00000081 mem 0x800109ca
core   0: 0x80001c0c (0x00008fc1) c.or    a5, s0
core   0: 3 0x80001c0c (0x8fc1) x15 0x00000001
core   0: 0x80001c0e (0xc9610523) sb      s6, -886(sp)
core   0: 3 0x80001c0e (0xc9610523) mem 0x800104a5 0xfb
core   0: 0x80001c12 (0x04c10ea3) sb      a2, 93(sp)
core   0: 3 0x80001c12 (0x04c10ea3) mem 0x80010878 0x9f
core   0: 0x80001c16 (0x8ea128a3) sw      a0, -1807(sp)
core   0: 3 0x80001c16 (0x8ea128a3) mem 0x8001010c 0xad3bb000
core   0: 0x80001c1a (0x3a214303) lbu     t1, 930(sp)
core   0: 3 0x80001c1a (0x3a214303) x6  0x00000076 mem 0x80010bbd
core   0: 0x80001c1e (0x3d810a03) lb      s4, 984(sp)
core   0: 3 0x80001c1e (0x3d810a03) x20 0x00000019 mem 0x80010bf3
core   0: 0x80001c22 (0x000080de) c.mv    ra, s7
core   0: 3 0x80001c22 (0x80de) x1  0x00000031
core   0: 0x80001c24 (0x07115603) lhu     a2, 113(sp)
core   0: 3 0x80001c24 (0x07115603) x12 0x00004647 mem 0x8001088c
core   0: 0x80001c28 (0x7c810ba3) sb      s0, 2007(sp)
core   0: 3 0x80001c28 (0x7c810ba3) mem 0x80010ff2 0x00
core   0: 0x80001c2c (0x00008fa5) c.xor   a5, s1
core   0: 3 0x80001c2c (0x8fa5) x15 0xffff2cac
core   0: 0x80001c2e (0x42810923) sb      s0, 1074(sp)
core   0: 3 0x80001c2e (0x42810923) mem 0x80010c4d 0x00
core   0: 0x80001c32 (0x0d910183) lb      gp, 217(sp)
core   0: 3 0x80001c32 (0x0d910183) x3  0xffffffaf mem 0x800108f4
core   0: 0x80001c36 (0x00655ab3) srl     s5, a0, t1
core   0: 3 0x80001c36 (0x00655ab3) x21 0x000002b4
core   0: 0x80001c3a (0x21510b23) sb      s5, 534(sp)
core   0: 3 0x80001c3a (0x21510b23) mem 0x80010a31 0xb4
core   0: 0x80001c3e (0x000083b9) c.srli  a5, 14
core   0: 3 0x80001c3e (0x83b9) x15 0x0003fffc
core   0: 0x80001c40 (0x26414503) lbu     a0, 612(sp)
core   0: 3 0x80001c40 (0x26414503) x10 0x000000e0 mem 0x80010a7f
core   0: 0x80001c44 (0xcbd11ba3) sh      t4, -841(sp)
core   0: 3 0x80001c44 (0xcbd11ba3) mem 0x800104d2 0x5ea4
core   0: 0x80001c48 (0x14711603) lh      a2, 327(sp)
core   0: 3 0x80001c48 (0x14711603) x12 0x00001819 mem 0x80010962
core   0: 0x80001c4c (0x5f810a23) sb      s8, 1524(sp)
core   0: 3 0x80001c4c (0x5f810a23) mem 0x80010e0f 0x00
core   0: 0x80001c50 (0xb8e10483) lb      s1, -1138(sp)
core   0: 3 0x80001c50 (0xb8e10483) x9  0x00000062 mem 0x800103a9
core   0: 0x80001c54 (0x00008dc5) c.or    a1, s1
core   0: 3 0x80001c54 (0x8dc5) x11 0xffffbcff
core   0: 0x80001c56 (0x0d8119a3) sh      s8, 211(sp)
core   0: 3 0x80001c56 (0x0d8119a3) mem 0x800108ee 0x0000
core   0: 0x80001c5a (0x00009bfd) c.andi  a5, -1
core   0: 3 0x80001c5a (0x9bfd) x15 0x0003fffc
core   0: 0x80001c5c (0x70710323) sb      t2, 1798(sp)
core   0: 3 0x80001c5c (0x70710323) mem 0x80010f21 0x00
core   0: 0x80001c60 (0xe9912683) lw      a3, -359(sp)
core   0: 3 0x80001c60 (0xe9912683) x13 0x6c6d6e6f mem 0x800106b4
core   0: 0x80001c64 (0x00008d15) c.sub   a0, a3
core   0: 3 0x80001c64 (0x8d15) x10 0x93929271
core   0: 0x80001c66 (0x43715683) lhu     a3, 1079(sp)
core   0: 3 0x80001c66 (0x43715683) x13 0x00000809 mem 0x80010c52
core   0: 0x80001c6a (0x8a707f13) andi    t5, zero, -1881
core   0: 3 0x80001c6a (0x8a707f13) x30 0x00000000
core   0: 0x80001c6e (0x37915f03) lhu     t5, 889(sp)
core   0: 3 0x80001c6e (0x37915f03) x30 0x0000004f mem 0x80010b94
core   0: 0x80001c72 (0xb9814683) lbu     a3, -1128(sp)
core   0: 3 0x80001c72 (0xb9814683) x13 0x00000068 mem 0x800103b3
core   0: 0x80001c76 (0x61174d93) xori    s11, a4, 1553
core   0: 3 0x80001c76 (0x61174d93) x27 0xfffffc7c
core   0: 0x80001c7a (0x70010323) sb      zero, 1798(sp)
core   0: 3 0x80001c7a (0x70010323) mem 0x80010f21 0x00
core   0: 0x80001c7e (0x340416f3) csrrw   a3, mscratch, s0
core   0: 3 0x80001c7e (0x340416f3) x13 0x00000011 c832_mscratch 0x00000000
core   0: 0x80001c82 (0x95210903) lb      s2, -1710(sp)
core   0: 3 0x80001c82 (0x95210903) x18 0x00000026 mem 0x8001016d
core   0: 0x80001c86 (0x49f15483) lhu     s1, 1183(sp)
core   0: 3 0x80001c86 (0x49f15483) x9  0x00007071 mem 0x80010cba
core   0: 0x80001c8a (0x07e10e23) sb      t5, 124(sp)
core   0: 3 0x80001c8a (0x07e10e23) mem 0x80010897 0x4f
core   0: 0x80001c8e (0x21b11a83) lh      s5, 539(sp)
core   0: 3 0x80001c8e (0x21b11a83) x21 0xffffeced mem 0x80010a36
core   0: 0x80001c92 (0x0001c597) auipc   a1, 0x1c
core   0: 3 0x80001c92 (0x0001c597) x11 0x8001dc92
core   0: 0x80001c96 (0x8dc58593) addi    a1, a1, -1828
core   0: 3 0x80001c96 (0x8dc58593) x11 0x8001d56e
core   0: 0x80001c9a (0x84b58623) sb      a1, -1972(a1)
core   0: 3 0x80001c9a (0x84b58623) mem 0x8001cdba 0x6e
core   0: 0x80001c9e (0xd8674c93) xori    s9, a4, -634
core   0: 3 0x80001c9e (0xd8674c93) x25 0x000007eb
core   0: 0x80001ca2 (0xa3b5c083) lbu     ra, -1477(a1)
core   0: 3 0x80001ca2 (0xa3b5c083) x1  0x00000062 mem 0x8001cfa9
core   0: 0x80001ca6 (0x00000001) c.nop
core   0: 3 0x80001ca6 (0x0001)
core   0: 0x80001ca8 (0x028834b3) mulhu   s1, a6, s0
core   0: 3 0x80001ca8 (0x028834b3) x9  0x00000000
core   0: 0x80001cac (0xc865af03) lw      t5, -890(a1)
core   0: 3 0x80001cac (0xc865af03) x30 0xacadaeaf mem 0x8001d1f4
core   0: 0x80001cb0 (0xc3cb2d13) slti    s10, s6, -964
core   0: 3 0x80001cb0 (0xc3cb2d13) x26 0x00000000
core   0: 0x80001cb4 (0x00008f22) c.mv    t5, s0
core   0: 3 0x80001cb4 (0x8f22) x30 0x00000000
core   0: 0x80001cb6 (0xd20581a3) sb      zero, -733(a1)
core   0: 3 0x80001cb6 (0xd20581a3) mem 0x8001d291 0x00
core   0: 0x80001cba (0x0000100f) fence.i
core   0: 3 0x80001cba (0x0000100f)
core   0: 0x80001cbe (0x2295c283) lbu     t0, 553(a1)
core   0: 3 0x80001cbe (0x2295c283) x5  0x0000004c mem 0x8001d797
core   0: 0x80001cc2 (0x50b58c83) lb      s9, 1291(a1)
core   0: 3 0x80001cc2 (0x50b58c83) x25 0x00000032 mem 0x8001da79
core   0: 0x80001cc6 (0x2c9581a3) sb      s1, 707(a1)
core   0: 3 0x80001cc6 (0x2c9581a3) mem 0x8001d831 0x00
core   0: 0x80001cca (0xc0658923) sb      t1, -1006(a1)
core   0: 3 0x80001cca (0xc0658923) mem 0x8001d180 0x76
core   0: 0x80001cce (0x340cabf3) csrrs   s7, mscratch, s9
core   0: 3 0x80001cce (0x340cabf3) x23 0x00000000 c832_mscratch 0x00000032
core   0: 0x80001cd2 (0xd9058823) sb      a6, -624(a1)
core   0: 3 0x80001cd2 (0xd9058823) mem 0x8001d2fe 0xd6
core   0: 0x80001cd6 (0x72059283) lh      t0, 1824(a1)
core   0: 3 0x80001cd6 (0x72059283) x5  0x00004445 mem 0x8001dc8e
core   0: 0x80001cda (0x47758183) lb      gp, 1143(a1)
core   0: 3 0x80001cda (0x47758183) x3  0xffffff9e mem 0x8001d9e5
core   0: 0x80001cde (0x95f58983) lb      s3, -1697(a1)
core   0: 3 0x80001cde (0x95f58983) x19 0xffffff86 mem 0x8001cecd
core   0: 0x80001ce2 (0x017ec033) xor     zero, t4, s7
core   0: 3 0x80001ce2 (0x017ec033)
core   0: 0x80001ce6 (0x8325d283) lhu     t0, -1998(a1)
core   0: 3 0x80001ce6 (0x8325d283) x5  0x00005a5b mem 0x8001cda0
core   0: 0x80001cea (0x9b358b83) lb      s7, -1613(a1)
core   0: 3 0x80001cea (0x9b358b83) x23 0xffffffda mem 0x8001cf21
core   0: 0x80001cee (0x03b6e733) rem     a4, a3, s11
core   0: 3 0x80001cee (0x03b6e733) x14 0x00000011
core   0: 0x80001cf2 (0x64358b03) lb      s6, 1603(a1)
core   0: 3 0x80001cf2 (0x64358b03) x22 0x0000006a mem 0x8001dbb1
core   0: 0x80001cf6 (0xe1c22993) slti    s3, tp, -484
core   0: 3 0x80001cf6 (0xe1c22993) x19 0x00000000
core   0: 0x80001cfa (0x29f58203) lb      tp, 671(a1)
core   0: 3 0x80001cfa (0x29f58203) x4  0xffffffc6 mem 0x8001d80d
core   0: 0x80001cfe (0x49658d83) lb      s11, 1174(a1)
core   0: 3 0x80001cfe (0x49658d83) x27 0xffffffbf mem 0x8001da04
core   0: 0x80001d02 (0xb5bc0493) addi    s1, s8, -1189
core   0: 3 0x80001d02 (0xb5bc0493) x9  0xfffffb5b
core   0: 0x80001d06 (0x340497f3) csrrw   a5, mscratch, s1
core   0: 3 0x80001d06 (0x340497f3) x15 0x00000032 c832_mscratch 0xfffffb5b
core   0: 0x80001d0a (0x22b58303) lb      t1, 555(a1)
core   0: 3 0x80001d0a (0x22b58303) x6  0x00000052 mem 0x8001d799
core   0: 0x80001d0e (0xd855cc03) lbu     s8, -635(a1)
core   0: 3 0x80001d0e (0xd855cc03) x24 0x000000a8 mem 0x8001d2f3
core   0: 0x80001d12 (0xc4d581a3) sb      a3, -957(a1)
core   0: 3 0x80001d12 (0xc4d581a3) mem 0x8001d1b1 0x11
core   0: 0x80001d16 (0x00f77933) and     s2, a4, a5
core   0: 3 0x80001d16 (0x00f77933) x18 0x00000010
core   0: 0x80001d1a (0x59058623) sb      a6, 1420(a1)
core   0: 3 0x80001d1a (0x59058623) mem 0x8001dafa 0xd6
core   0: 0x80001d1e (0x70758203) lb      tp, 1799(a1)
core   0: 3 0x80001d1e (0x70758203) x4  0x0000002e mem 0x8001dc75
core   0: 0x80001d22 (0xc8059f23) sh      zero, -866(a1)
core   0: 3 0x80001d22 (0xc8059f23) mem 0x8001d20c 0x0000
core   0: 0x80001d26 (0x0000100f) fence.i
core   0: 3 0x80001d26 (0x0000100f)
core   0: 0x80001d2a (0xc5158d83) lb      s11, -943(a1)
core   0: 3 0x80001d2a (0xc5158d83) x27 0x00000074 mem 0x8001d1bf
core   0: 0x80001d2e (0xc475cc03) lbu     s8, -953(a1)
core   0: 3 0x80001d2e (0xc475cc03) x24 0x0000006e mem 0x8001d1b5
core   0: 0x80001d32 (0x02464233) div     tp, a2, tp
core   0: 3 0x80001d32 (0x02464233) x4  0x00000086
core   0: 0x80001d36 (0x34002b73) csrr    s6, mscratch
core   0: 3 0x80001d36 (0x34002b73) x22 0xfffffb5b
core   0: 0x80001d3a (0xe7e58783) lb      a5, -386(a1)
core   0: 3 0x80001d3a (0xe7e58783) x15 0xffffffa7 mem 0x8001d3ec
core   0: 0x80001d3e (0x54958703) lb      a4, 1353(a1)
core   0: 3 0x80001d3e (0x54958703) x14 0x0000006c mem 0x8001dab7
core   0: 0x80001d42 (0x331585a3) sb      a7, 811(a1)
core   0: 3 0x80001d42 (0x331585a3) mem 0x8001d899 0xb7
core   0: 0x80001d46 (0x0000f117) auipc   sp, 0xf
core   0: 3 0x80001d46 (0x0000f117) x2  0x80010d46
core   0: 0x80001d4a (0xab110113) addi    sp, sp, -1359
core   0: 3 0x80001d4a (0xab110113) x2  0x800107f7
core   0: 0x80001d4e (0x020106a3) sb      zero, 45(sp)
core   0: 3 0x80001d4e (0x020106a3) mem 0x80010824 0x00
core   0: 0x80001d52 (0x00008679) c.srai  a2, 30
core   0: 3 0x80001d52 (0x8679) x12 0x00000000
core   0: 0x80001d54 (0x006113a3) sh      t1, 7(sp)
core   0: 3 0x80001d54 (0x006113a3) mem 0x800107fe 0x0052
core   0: 0x80001d58 (0x00008986) c.mv    s3, ra
core   0: 3 0x80001d58 (0x8986) x19 0x00000062
core   0: 0x80001d5a (0x015126a3) sw      s5, 13(sp)
core   0: 3 0x80001d5a (0x015126a3) mem 0x80010804 0xffffeced
core   0: 0x80001d5e (0x018713b3) sll     t2, a4, s8
core   0: 3 0x80001d5e (0x018713b3) x7  0x001b0000
core   0: 0x80001d62 (0x01734fb3) xor     t6, t1, s7
core   0: 3 0x80001d62 (0x01734fb3) x31 0xffffff88
core   0: 0x80001d66 (0x34007673) csrrci  a2, mscratch, 0
core   0: 3 0x80001d66 (0x34007673) x12 0xfffffb5b
core   0: 0x80001d6a (0x41c75f13) srai    t5, a4, 28
core   0: 3 0x80001d6a (0x41c75f13) x30 0x00000000
core   0: 0x80001d6e (0x027103a3) sb      t2, 39(sp)
core   0: 3 0x80001d6e (0x027103a3) mem 0x8001081e 0x00
core   0: 0x80001d72 (0x00d11583) lh      a1, 13(sp)
core   0: 3 0x80001d72 (0x00d11583) x11 0xffffeced mem 0x80010804
core   0: 0x80001d76 (0x965fe693) ori     a3, t6, -1691
core   0: 3 0x80001d76 (0x965fe693) x13 0xffffffed
core   0: 0x80001d7a (0x01214703) lbu     a4, 18(sp)
core   0: 3 0x80001d7a (0x01214703) x14 0x000000c2 mem 0x80010809
core   0: 0x80001d7e (0x01110323) sb      a7, 6(sp)
core   0: 3 0x80001d7e (0x01110323) mem 0x800107fd 0xb7
core   0: 0x80001d82 (0x01810623) sb      s8, 12(sp)
core   0: 3 0x80001d82 (0x01810623) mem 0x80010803 0x6e
core   0: 0x80001d86 (0x40008033) sub     zero, ra, zero
core   0: 3 0x80001d86 (0x40008033)
core   0: 0x80001d8a (0x010d9f33) sll     t5, s11, a6
core   0: 3 0x80001d8a (0x010d9f33) x30 0x1d000000
core   0: 0x80001d8e (0xfd610c03) lb      s8, -42(sp)
core   0: 3 0x80001d8e (0xfd610c03) x24 0xffffff86 mem 0x800107cd
core   0: 0x80001d92 (0x00008ec1) c.or    a3, s0
core   0: 3 0x80001d92 (0x8ec1) x13 0xffffffed
core   0: 0x80001d94 (0xfcf14983) lbu     s3, -49(sp)
core   0: 3 0x80001d94 (0xfcf14983) x19 0x0000007d mem 0x800107c6
core   0: 0x80001d98 (0x00015117) auipc   sp, 0x15
core   0: 3 0x80001d98 (0x00015117) x2  0x80016d98
core   0: 0x80001d9c (0x11e10113) addi    sp, sp, 286
core   0: 3 0x80001d9c (0x11e10113) x2  0x80016eb6
core   0: 0x80001da0 (0x49a12903) lw      s2, 1178(sp)
core   0: 3 0x80001da0 (0x49a12903) x18 0x08090a0b mem 0x80017350
core   0: 0x80001da4 (0x7cb10783) lb      a5, 1995(sp)
core   0: 3 0x80001da4 (0x7cb10783) x15 0x0000003a mem 0x80017681
core   0: 0x80001da8 (0x7da14283) lbu     t0, 2010(sp)
core   0: 3 0x80001da8 (0x7da14283) x5  0x0000004b mem 0x80017690
core   0: 0x80001dac (0x0000557d) c.li    a0, -1
core   0: 3 0x80001dac (0x557d) x10 0xffffffff
core   0: 0x80001dae (0x4e4105a3) sb      tp, 1259(sp)
core   0: 3 0x80001dae (0x4e4105a3) mem 0x800173a1 0x86
core   0: 0x80001db2 (0x40b75913) srai    s2, a4, 11
core   0: 3 0x80001db2 (0x40b75913) x18 0x00000000
core   0: 0x80001db6 (0x413352b3) sra     t0, t1, s3
core   0: 3 0x80001db6 (0x413352b3) x5  0x00000000
core   0: 0x80001dba (0x2f612f03) lw      t5, 758(sp)
core   0: 3 0x80001dba (0x2f612f03) x30 0x64656667 mem 0x800171ac
core   0: 0x80001dbe (0x12015f03) lhu     t5, 288(sp)
core   0: 3 0x80001dbe (0x12015f03) x30 0x00008c8d mem 0x80016fd6
core   0: 0x80001dc2 (0x8f714c03) lbu     s8, -1801(sp)
core   0: 3 0x80001dc2 (0x8f714c03) x24 0x00000066 mem 0x800167ad
core   0: 0x80001dc6 (0x7ce11323) sh      a4, 1990(sp)
core   0: 3 0x80001dc6 (0x7ce11323) mem 0x8001767c 0x00c2
core   0: 0x80001dca (0xd9714503) lbu     a0, -617(sp)
core   0: 3 0x80001dca (0xd9714503) x10 0x00000006 mem 0x80016c4d
core   0: 0x80001dce (0xc9011083) lh      ra, -880(sp)
core   0: 3 0x80001dce (0xc9011083) x1  0xfffffcfd mem 0x80016b46
core   0: 0x80001dd2 (0xa67aa613) slti    a2, s5, -1433
core   0: 3 0x80001dd2 (0xa67aa613) x12 0x00000001
core   0: 0x80001dd6 (0x60510ea3) sb      t0, 1565(sp)
core   0: 3 0x80001dd6 (0x60510ea3) mem 0x800174d3 0x00
core   0: 0x80001dda (0x00008dd1) c.or    a1, a2
core   0: 3 0x80001dda (0x8dd1) x11 0xffffeced
core   0: 0x80001ddc (0x9d612c83) lw      s9, -1578(sp)
core   0: 3 0x80001ddc (0x9d612c83) x25 0x44454647 mem 0x8001688c
core   0: 0x80001de0 (0x14212683) lw      a3, 322(sp)
core   0: 3 0x80001de0 (0x14212683) x13 0xb0b1b2b3 mem 0x80016ff8
core   0: 0x80001de4 (0xbea15183) lhu     gp, -1046(sp)
core   0: 3 0x80001de4 (0xbea15183) x3  0x00005a5b mem 0x80016aa0
core   0: 0x80001de8 (0x51514903) lbu     s2, 1301(sp)
core   0: 3 0x80001de8 (0x51514903) x18 0x00000080 mem 0x800173cb
core   0: 0x80001dec (0xdec11d83) lh      s11, -532(sp)
core   0: 3 0x80001dec (0xdec11d83) x27 0x00005859 mem 0x80016ca2
core   0: 0x80001df0 (0x9de109a3) sb      t5, -1581(sp)
core   0: 3 0x80001df0 (0x9de109a3) mem 0x80016889 0x8d
core   0: 0x80001df4 (0x5b110a23) sb      a7, 1460(sp)
core   0: 3 0x80001df4 (0x5b110a23) mem 0x8001746a 0xb7
core   0: 0x80001df8 (0x03f2bc33) mulhu   s8, t0, t6
core   0: 3 0x80001df8 (0x03f2bc33) x24 0x00000000
core   0: 0x80001dfc (0x16d14683) lbu     a3, 365(sp)
core   0: 3 0x80001dfc (0x16d14683) x13 0x000000d8 mem 0x80017023
core   0: 0x80001e00 (0x0399fbb3) remu    s7, s3, s9
core   0: 3 0x80001e00 (0x0399fbb3) x23 0x0000007d
core   0: 0x80001e04 (0x00004345) c.li    t1, 17
core   0: 3 0x80001e04 (0x4345) x6  0x00000011
core   0: 0x80001e06 (0xfce12393) slti    t2, sp, -50
core   0: 3 0x80001e06 (0xfce12393) x7  0x00000001
core   0: 0x80001e0a (0x000088ed) c.andi  s1, 27
core   0: 3 0x80001e0a (0x88ed) x9  0x0000001b
core   0: 0x80001e0c (0x9a710003) lb      zero, -1625(sp)
core   0: 3 0x80001e0c (0x9a710003) mem 0x8001685d
core   0: 0x80001e10 (0x27314883) lbu     a7, 627(sp)
core   0: 3 0x80001e10 (0x27314883) x17 0x000000e2 mem 0x80017129
core   0: 0x80001e14 (0x000087c2) c.mv    a5, a6
core   0: 3 0x80001e14 (0x87c2) x15 0x000000d6
core   0: 0x80001e16 (0x40710383) lb      t2, 1031(sp)
core   0: 3 0x80001e16 (0x40710383) x7  0x00000076 mem 0x800172bd
core   0: 0x80001e1a (0x340f9073) csrw    mscratch, t6
core   0: 3 0x80001e1a (0x340f9073) c832_mscratch 0xffffff88
core   0: 0x80001e1e (0x31411603) lh      a2, 788(sp)
core   0: 3 0x80001e1e (0x31411603) x12 0xffff8081 mem 0x800171ca
core   0: 0x80001e22 (0x00010b17) auipc   s6, 0x10
core   0: 3 0x80001e22 (0x00010b17) x22 0x80011e22
core   0: 0x80001e26 (0x490b0b13) addi    s6, s6, 1168
core   0: 3 0x80001e26 (0x490b0b13) x22 0x800122b2
core   0: 0x80001e2a (0x73092513) slti    a0, s2, 1840
core   0: 3 0x80001e2a (0x73092513) x10 0x00000001
core   0: 0x80001e2e (0x721b4603) lbu     a2, 1825(s6)
core   0: 3 0x80001e2e (0x721b4603) x12 0x00000088 mem 0x800129d3
core   0: 0x80001e32 (0x0261c8b3) div     a7, gp, t1
core   0: 3 0x80001e32 (0x0261c8b3) x17 0x00000550
core   0: 0x80001e36 (0x9cfb4a03) lbu     s4, -1585(s6)
core   0: 3 0x80001e36 (0x9cfb4a03) x20 0x0000003a mem 0x80011c81
core   0: 0x80001e3a (0x712b05a3) sb      s2, 1803(s6)
core   0: 3 0x80001e3a (0x712b05a3) mem 0x800129bd 0x80
core   0: 0x80001e3e (0xa67b0203) lb      tp, -1433(s6)
core   0: 3 0x80001e3e (0xa67b0203) x4  0xffffffd2 mem 0x80011d19
core   0: 0x80001e42 (0xa62b08a3) sb      sp, -1423(s6)
core   0: 3 0x80001e42 (0xa62b08a3) mem 0x80011d23 0xb6
core   0: 0x80001e46 (0xa7fb0783) lb      a5, -1409(s6)
core   0: 3 0x80001e46 (0xa7fb0783) x15 0xffffffea mem 0x80011d31
core   0: 0x80001e4a (0x66db0483) lb      s1, 1645(s6)
core   0: 3 0x80001e4a (0x66db0483) x9  0xffffffd4 mem 0x8001291f
core   0: 0x80001e4e (0x20cb0a03) lb      s4, 524(s6)
core   0: 3 0x80001e4e (0x20cb0a03) x20 0x00000075 mem 0x800124be
core   0: 0x80001e52 (0x93fb4183) lbu     gp, -1729(s6)
core   0: 3 0x80001e52 (0x93fb4183) x3  0x000000aa mem 0x80011bf1
core   0: 0x80001e56 (0x00008ef5) c.and   a3, a3
core   0: 3 0x80001e56 (0x8ef5) x13 0x000000d8
core   0: 0x80001e58 (0x68bb4803) lbu     a6, 1675(s6)
core   0: 3 0x80001e58 (0x68bb4803) x16 0x000000f6 mem 0x8001293d
core   0: 0x80001e5c (0x0ff0000f) fence   iorw,iorw
core   0: 3 0x80001e5c (0x0ff0000f)
core   0: 0x80001e60 (0xc0fb1823) sh      a5, -1008(s6)
core   0: 3 0x80001e60 (0xc0fb1823) mem 0x80011ec2 0xffea
core   0: 0x80001e64 (0xbedb02a3) sb      a3, -1051(s6)
core   0: 3 0x80001e64 (0xbedb02a3) mem 0x80011e97 0xd8
core   0: 0x80001e68 (0x00000cde) c.slli  s9, 23
core   0: 3 0x80001e68 (0x0cde) x25 0x23800000
core   0: 0x80001e6a (0x002577b3) and     a5, a0, sp
core   0: 3 0x80001e6a (0x002577b3) x15 0x00000000
core   0: 0x80001e6e (0x337b0783) lb      a5, 823(s6)
core   0: 3 0x80001e6e (0x337b0783) x15 0xffffffa2 mem 0x800125e9
core   0: 0x80001e72 (0x8c0b0aa3) sb      zero, -1835(s6)
core   0: 3 0x80001e72 (0x8c0b0aa3) mem 0x80011b87 0x00
core   0: 0x80001e76 (0x000083f1) c.srli  a5, 28
core   0: 3 0x80001e76 (0x83f1) x15 0x0000000f
core   0: 0x80001e78 (0xe20b1703) lh      a4, -480(s6)
core   0: 3 0x80001e78 (0xe20b1703) x14 0xffff8889 mem 0x800120d2
core   0: 0x80001e7c (0xd0db06a3) sb      a3, -755(s6)
core   0: 3 0x80001e7c (0xd0db06a3) mem 0x80011fbf 0xd8
core   0: 0x80001e80 (0x34009af3) csrrw   s5, mscratch, ra
core   0: 3 0x80001e80 (0x34009af3) x21 0xffffff88 c832_mscratch 0xfffffcfd
core   0: 0x80001e84 (0x34015573) csrrwi  a0, mscratch, 2
core   0: 3 0x80001e84 (0x34015573) x10 0xfffffcfd c832_mscratch 0x00000002
core   0: 0x80001e88 (0xcf7b00a3) sb      s7, -799(s6)
core   0: 3 0x80001e88 (0xcf7b00a3) mem 0x80011f93 0x7d
core   0: 0x80001e8c (0x025f5fb3) divu    t6, t5, t0
core   0: 3 0x80001e8c (0x025f5fb3) x31 0xffffffff
core   0: 0x80001e90 (0x56ab2c03) lw      s8, 1386(s6)
core   0: 3 0x80001e90 (0x56ab2c03) x24 0xd4d5d6d7 mem 0x8001281c
core   0: 0x80001e94 (0x03599933) mulh    s2, s3, s5
core   0: 3 0x80001e94 (0x03599933) x18 0xffffffff
core   0: 0x80001e98 (0x4a4b0983) lb      s3, 1188(s6)
core   0: 3 0x80001e98 (0x4a4b0983) x19 0x0000000d mem 0x80012756
core   0: 0x80001e9c (0x7b1b4f03) lbu     t5, 1969(s6)
core   0: 3 0x80001e9c (0x7b1b4f03) x30 0x00000018 mem 0x80012a63
core   0: 0x80001ea0 (0x0000717d) c.addi16sp sp, -16
core   0: 3 0x80001ea0 (0x717d) x2  0x80016ea6
core   0: 0x80001ea2 (0x833b2723) sw      s3, -2002(s6)
core   0: 3 0x80001ea2 (0x833b2723) mem 0x80011ae0 0x0000000d
core   0: 0x80001ea6 (0x107b0c03) lb      s8, 263(s6)
core   0: 3 0x80001ea6 (0x107b0c03) x24 0x00000072 mem 0x800123b9
core   0: 0x80001eaa (0x660b0203) lb      tp, 1632(s6)
core   0: 3 0x80001eaa (0x660b0203) x4  0xffffffc9 mem 0x80012912
core   0: 0x80001eae (0x0000997d) c.andi  a0, -1
core   0: 3 0x80001eae (0x997d) x10 0xfffffcfd
core   0: 0x80001eb0 (0x005ca4b3) slt     s1, s9, t0
core   0: 3 0x80001eb0 (0x005ca4b3) x9  0x00000000
core   0: 0x80001eb4 (0x03667733) remu    a4, a2, s6
core   0: 3 0x80001eb4 (0x03667733) x14 0x00000088
core   0: 0x80001eb8 (0x000060bd) c.lui   ra, 0xf
core   0: 3 0x80001eb8 (0x60bd) x1  0x0000f000
core   0: 0x80001eba (0x00009c52) c.add   s8, s4
core   0: 3 0x80001eba (0x9c52) x24 0x000000e7
core   0: 0x80001ebc (0xea0d6693) ori     a3, s10, -352
core   0: 3 0x80001ebc (0xea0d6693) x13 0xfffffea0
core   0: 0x80001ec0 (0x00001b88) c.addi4spn a0, sp, 496
core   0: 3 0x80001ec0 (0x1b88) x10 0x80017096
core   0: 0x80001ec2 (0x34006a73) csrrsi  s4, mscratch, 0
core   0: 3 0x80001ec2 (0x34006a73) x20 0x00000002
core   0: 0x80001ec6 (0x0267ff33) remu    t5, a5, t1
core   0: 3 0x80001ec6 (0x0267ff33) x30 0x0000000f
core   0: 0x80001eca (0x030b0863) beq     s6, a6, pc + 48
core   0: 3 0x80001eca (0x030b0863)
core   0: 0x80001ece (0x01a14363) blt     sp, s10, pc + 6
core   0: 3 0x80001ece (0x01a14363)
core   0: 0x80001ed4 (0x00004679) c.li    a2, 30
core   0: 3 0x80001ed4 (0x4679) x12 0x0000001e
core   0: 0x80001ed6 (0x020c7bb3) remu    s7, s8, zero
core   0: 3 0x80001ed6 (0x020c7bb3) x23 0x000000e7
core   0: 0x80001eda (0x3409ad73) csrrs   s10, mscratch, s3
core   0: 3 0x80001eda (0x3409ad73) x26 0x00000002 c832_mscratch 0x0000000f
core   0: 0x80001ede (0x0000981a) c.add   a6, t1
core   0: 3 0x80001ede (0x981a) x16 0x00000107
core   0: 0x80001ee0 (0x41ed5093) srai    ra, s10, 30
core   0: 3 0x80001ee0 (0x41ed5093) x1  0x00000000
core   0: 0x80001ee4 (0x41a653b3) sra     t2, a2, s10
core   0: 3 0x80001ee4 (0x41a653b3) x7  0x00000007
core   0: 0x80001ee8 (0x01774763) blt     a4, s7, pc + 14
core   0: 3 0x80001ee8 (0x01774763)
core   0: 0x80001ef6 (0xc422c617) auipc   a2, 0xc422c
core   0: 3 0x80001ef6 (0xc422c617) x12 0x4422def6
core   0: 0x80001efa (0x0099e033) or      zero, s3, s1
core   0: 3 0x80001efa (0x0099e033)
core   0: 0x80001efe (0x0234e663) bltu    s1, gp, pc + 44
core   0: 3 0x80001efe (0x0234e663)
core   0: 0x80001f2a (0x00507ab3) and     s5, zero, t0
core   0: 3 0x80001f2a (0x00507ab3) x21 0x00000000
core   0: 0x80001f2e (0x0181c263) blt     gp, s8, pc + 4
core   0: 3 0x80001f2e (0x0181c263)
core   0: 0x80001f32 (0x340fbd73) csrrc   s10, mscratch, t6
core   0: 3 0x80001f32 (0x340fbd73) x26 0x0000000f c832_mscratch 0x00000000
core   0: 0x80001f36 (0x002489b3) add     s3, s1, sp
core   0: 3 0x80001f36 (0x002489b3) x19 0x80016ea6
core   0: 0x80001f3a (0x00d4e833) or      a6, s1, a3
core   0: 3 0x80001f3a (0x00d4e833) x16 0xfffffea0
core   0: 0x80001f3e (0x0c755863) bge     a0, t2, pc + 208
core   0: 3 0x80001f3e (0x0c755863)
core   0: 0x80001f42 (0x03e2d7b3) divu    a5, t0, t5
core   0: 3 0x80001f42 (0x03e2d7b3) x15 0x00000000
core   0: 0x80001f46 (0x00001b9c) c.addi4spn a5, sp, 496
core   0: 3 0x80001f46 (0x1b9c) x15 0x80017096
core   0: 0x80001f48 (0xe69b3693) sltiu   a3, s6, -407
core   0: 3 0x80001f48 (0xe69b3693) x13 0x00000001
core   0: 0x80001f4c (0x00da0663) beq     s4, a3, pc + 12
core   0: 3 0x80001f4c (0x00da0663)
core   0: 0x80001f50 (0x00001d7d) c.addi  s10, -1
core   0: 3 0x80001f50 (0x1d7d) x26 0x0000000e
core   0: 0x80001f52 (0x00000384) c.addi4spn s1, sp, 448
core   0: 3 0x80001f52 (0x0384) x9  0x80017066
core   0: 0x80001f54 (0x0ff0000f) fence   iorw,iorw
core   0: 3 0x80001f54 (0x0ff0000f)
core   0: 0x80001f58 (0x00001808) c.addi4spn a0, sp, 48
core   0: 3 0x80001f58 (0x1808) x10 0x80016ed6
core   0: 0x80001f5a (0x1f8f3613) sltiu   a2, t5, 504
core   0: 3 0x80001f5a (0x1f8f3613) x12 0x00000001
core   0: 0x80001f5e (0x00000a98) c.addi4spn a4, sp, 336
core   0: 3 0x80001f5e (0x0a98) x14 0x80016ff6
core   0: 0x80001f60 (0x025336b3) mulhu   a3, t1, t0
core   0: 3 0x80001f60 (0x025336b3) x13 0x00000000
core   0: 0x80001f64 (0x0000f117) auipc   sp, 0xf
core   0: 3 0x80001f64 (0x0000f117) x2  0x80010f64
core   0: 0x80001f68 (0x82610113) addi    sp, sp, -2010
core   0: 3 0x80001f68 (0x82610113) x2  0x8001078a
core   0: 0x80001f6c (0x00814603) lbu     a2, 8(sp)
core   0: 3 0x80001f6c (0x00814603) x12 0x00000049 mem 0x80010792
core   0: 0x80001f70 (0x00010783) lb      a5, 0(sp)
core   0: 3 0x80001f70 (0x00010783) x15 0x00000041 mem 0x8001078a
core   0: 0x80001f74 (0x00312123) sw      gp, 2(sp)
core   0: 3 0x80001f74 (0x00312123) mem 0x8001078c 0x000000aa
core   0: 0x80001f78 (0xff712923) sw      s7, -14(sp)
core   0: 3 0x80001f78 (0xff712923) mem 0x8001077c 0x000000e7
core   0: 0x80001f7c (0x002b6b33) or      s6, s6, sp
core   0: 3 0x80001f7c (0x002b6b33) x22 0x800127ba
core   0: 0x80001f80 (0x34047573) csrrci  a0, mscratch, 8
core   0: 3 0x80001f80 (0x34047573) x10 0x00000000 c832_mscratch 0x00000000
core   0: 0x80001f84 (0xffe15503) lhu     a0, -2(sp)
core   0: 3 0x80001f84 (0xffe15503) x10 0x00004243 mem 0x80010788
core   0: 0x80001f88 (0x003100a3) sb      gp, 1(sp)
core   0: 3 0x80001f88 (0x003100a3) mem 0x8001078b 0xaa
core   0: 0x80001f8c (0x00a10323) sb      a0, 6(sp)
core   0: 3 0x80001f8c (0x00a10323) mem 0x80010790 0x43
core   0: 0x80001f90 (0xdbdcfd13) andi    s10, s9, -579
core   0: 3 0x80001f90 (0xdbdcfd13) x26 0x23800000
core   0: 0x80001f94 (0x3404a073) csrs    mscratch, s1
core   0: 3 0x80001f94 (0x3404a073) c832_mscratch 0x80017066
core   0: 0x80001f98 (0x00000001) c.nop
core   0: 3 0x80001f98 (0x0001)
core   0: 0x80001f9a (0x00008ff9) c.and   a5, a4
core   0: 3 0x80001f9a (0x8ff9) x15 0x00000040
core   0: 0x80001f9c (0x00144c33) xor     s8, s0, ra
core   0: 3 0x80001f9c (0x00144c33) x24 0x00000000
core   0: 0x80001fa0 (0xff512923) sw      s5, -14(sp)
core   0: 3 0x80001fa0 (0xff512923) mem 0x8001077c 0x00000000
core   0: 0x80001fa4 (0x01015b83) lhu     s7, 16(sp)
core   0: 3 0x80001fa4 (0x01015b83) x23 0x00005051 mem 0x8001079a
core   0: 0x80001fa8 (0xecc5e813) ori     a6, a1, -308
core   0: 3 0x80001fa8 (0xecc5e813) x16 0xfffffeed
core   0: 0x80001fac (0x00710903) lb      s2, 7(sp)
core   0: 3 0x80001fac (0x00710903) x18 0x0000004a mem 0x80010791
core   0: 0x80001fb0 (0x00000001) c.nop
core   0: 3 0x80001fb0 (0x0001)
core   0: 0x80001fb2 (0xfe112923) sw      ra, -14(sp)
core   0: 3 0x80001fb2 (0xfe112923) mem 0x8001077c 0x00000000
core   0: 0x80001fb6 (0x00705493) srli    s1, zero, 7
core   0: 3 0x80001fb6 (0x00705493) x9  0x00000000
core   0: 0x80001fba (0x00af5633) srl     a2, t5, a0
core   0: 3 0x80001fba (0x00af5633) x12 0x00000001
core   0: 0x80001fbe (0x000068bd) c.lui   a7, 0xf
core   0: 3 0x80001fbe (0x68bd) x17 0x0000f000
core   0: 0x80001fc0 (0x01d32f33) slt     t5, t1, t4
core   0: 3 0x80001fc0 (0x01d32f33) x30 0x00000000
core   0: 0x80001fc4 (0xffe11823) sh      t5, -16(sp)
core   0: 3 0x80001fc4 (0xffe11823) mem 0x8001077a 0x0000
core   0: 0x80001fc8 (0x00c14183) lbu     gp, 12(sp)
core   0: 3 0x80001fc8 (0x00c14183) x3  0x0000004d mem 0x80010796
core   0: 0x80001fcc (0x00d10a03) lb      s4, 13(sp)
core   0: 3 0x80001fcc (0x00d10a03) x20 0x0000004c mem 0x80010797
core   0: 0x80001fd0 (0xfe711b23) sh      t2, -10(sp)
core   0: 3 0x80001fd0 (0xfe711b23) mem 0x80010780 0x0007
core   0: 0x80001fd4 (0x00f14d03) lbu     s10, 15(sp)
core   0: 3 0x80001fd4 (0x00f14d03) x26 0x00000052 mem 0x80010799
core   0: 0x80001fd8 (0x4fcbd697) auipc   a3, 0x4fcbd
core   0: 3 0x80001fd8 (0x4fcbd697) x13 0xcfcbefd8
core   0: 0x80001fdc (0x03ff18b3) mulh    a7, t5, t6
core   0: 3 0x80001fdc (0x03ff18b3) x17 0x00000000
core   0: 0x80001fe0 (0x00e10883) lb      a7, 14(sp)
core   0: 3 0x80001fe0 (0x00e10883) x17 0x00000053 mem 0x80010798
core   0: 0x80001fe4 (0x00008239) c.srli  a2, 14
core   0: 3 0x80001fe4 (0x8239) x12 0x00000000
core   0: 0x80001fe6 (0x00000001) c.nop
core   0: 3 0x80001fe6 (0x0001)
core   0: 0x80001fe8 (0xff910783) lb      a5, -7(sp)
core   0: 3 0x80001fe8 (0xff910783) x15 0x00000038 mem 0x80010783
core   0: 0x80001fec (0x00008d92) c.mv    s11, tp
core   0: 3 0x80001fec (0x8d92) x27 0xffffffc9
core   0: 0x80001fee (0x00510003) lb      zero, 5(sp)
core   0: 3 0x80001fee (0x00510003) mem 0x8001078f
core   0: 0x80001ff2 (0x01ce2d33) slt     s10, t3, t3
core   0: 3 0x80001ff2 (0x01ce2d33) x26 0x00000000
core   0: 0x80001ff6 (0xcc1b2613) slti    a2, s6, -831
core   0: 3 0x80001ff6 (0xcc1b2613) x12 0x00000001
core   0: 0x80001ffa (0x340c1773) csrrw   a4, mscratch, s8
core   0: 3 0x80001ffa (0x340c1773) x14 0x80017066 c832_mscratch 0x00000000
core   0: 0x80001ffe (0x34053973) csrrc   s2, mscratch, a0
core   0: 3 0x80001ffe (0x34053973) x18 0x00000000 c832_mscratch 0x00000000
core   0: 0x80002002 (0x022425b3) mulhsu  a1, s0, sp
core   0: 3 0x80002002 (0x022425b3) x11 0x00000000
core   0: 0x80002006 (0x00008ff9) c.and   a5, a4
core   0: 3 0x80002006 (0x8ff9) x15 0x00000020
core   0: 0x80002008 (0x340038f3) csrrc   a7, mscratch, zero
core   0: 3 0x80002008 (0x340038f3) x17 0x00000000
core   0: 0x8000200c (0x00008d19) c.sub   a0, a4
core   0: 3 0x8000200c (0x8d19) x10 0x7ffed1dd
core   0: 0x8000200e (0x00006389) c.lui   t2, 0x2
core   0: 3 0x8000200e (0x6389) x7  0x00002000
core   0: 0x80002010 (0x009f6633) or      a2, t5, s1
core   0: 3 0x80002010 (0x009f6633) x12 0x00000000
core   0: 0x80002014 (0x01df5233) srl     tp, t5, t4
core   0: 3 0x80002014 (0x01df5233) x4  0x00000000
core   0: 0x80002018 (0x0086f533) and     a0, a3, s0
core   0: 3 0x80002018 (0x0086f533) x10 0x00000000
core   0: 0x8000201c (0x00006261) c.lui   tp, 0x18
core   0: 3 0x8000201c (0x6261) x4  0x00018000
core   0: 0x8000201e (0x01ca7933) and     s2, s4, t3
core   0: 3 0x8000201e (0x01ca7933) x18 0x00000004
core   0: 0x80002022 (0x030adab3) divu    s5, s5, a6
core   0: 3 0x80002022 (0x030adab3) x21 0x00000000
core   0: 0x80002026 (0x00000258) c.addi4spn a4, sp, 260
core   0: 3 0x80002026 (0x0258) x14 0x8001088e
core   0: 0x80002028 (0x00000d08) c.addi4spn a0, sp, 656
core   0: 3 0x80002028 (0x0d08) x10 0x80010a1a
core   0: 0x8000202a (0xcfa0b6b7) lui     a3, 0xcfa0b
core   0: 3 0x8000202a (0xcfa0b6b7) x13 0xcfa0b000
core   0: 0x8000202e (0x00008089) c.srli  s1, 2
core   0: 3 0x8000202e (0x8089) x9  0x00000000
core   0: 0x80002030 (0x01de2533) slt     a0, t3, t4
core   0: 3 0x80002030 (0x01de2533) x10 0x00000000
core   0: 0x80002034 (0x016fb333) sltu    t1, t6, s6
core   0: 3 0x80002034 (0x016fb333) x6  0x00000000
core   0: 0x80002038 (0x023ffc33) remu    s8, t6, gp
core   0: 3 0x80002038 (0x023ffc33) x24 0x00000003
core   0: 0x8000203c (0x0040e833) or      a6, ra, tp
core   0: 3 0x8000203c (0x0040e833) x16 0x00018000
core   0: 0x80002040 (0x00001e88) c.addi4spn a0, sp, 880
core   0: 3 0x80002040 (0x1e88) x10 0x80010afa
core   0: 0x80002042 (0x340ddf73) csrrwi  t5, mscratch, 27
core   0: 3 0x80002042 (0x340ddf73) x30 0x00000000 c832_mscratch 0x0000001b
core   0: 0x80002046 (0x00cb56b3) srl     a3, s6, a2
core   0: 3 0x80002046 (0x00cb56b3) x13 0x800127ba
core   0: 0x8000204a (0x0000c911) c.beqz  a0, pc + 20
core   0: 3 0x8000204a (0xc911)
core   0: 0x8000204c (0x000052fd) c.li    t0, -1
core   0: 3 0x8000204c (0x52fd) x5  0xffffffff
core   0: 0x8000204e (0x02ddc333) div     t1, s11, a3
core   0: 3 0x8000204e (0x02ddc333) x6  0x00000000
core   0: 0x80002052 (0xb5ebb013) sltiu   zero, s7, -1186
core   0: 3 0x80002052 (0xb5ebb013)
core   0: 0x80002056 (0x00000c79) c.addi  s8, 30
core   0: 3 0x80002056 (0x0c79) x24 0x00000021
core   0: 0x80002058 (0x40a3d533) sra     a0, t2, a0
core   0: 3 0x80002058 (0x40a3d533) x10 0x00000000
core   0: 0x8000205c (0x00009936) c.add   s2, a3
core   0: 3 0x8000205c (0x9936) x18 0x800127be
core   0: 0x8000205e (0x01952133) slt     sp, a0, s9
core   0: 3 0x8000205e (0x01952133) x2  0x00000001
core   0: 0x80002062 (0x00008fdd) c.or    a5, a5
core   0: 3 0x80002062 (0x8fdd) x15 0x00000020
core   0: 0x80002064 (0x00008bc1) c.andi  a5, 16
core   0: 3 0x80002064 (0x8bc1) x15 0x00000000
core   0: 0x80002066 (0x03ceec63) bltu    t4, t3, pc + 56
core   0: 3 0x80002066 (0x03ceec63)
core   0: 0x8000209e (0x340060f3) csrrsi  ra, mscratch, 0
core   0: 3 0x8000209e (0x340060f3) x1  0x0000001b
core   0: 0x800020a2 (0x8d96fb13) andi    s6, a3, -1831
core   0: 3 0x800020a2 (0x8d96fb13) x22 0x80012098
core   0: 0x800020a6 (0x00008eed) c.and   a3, a1
core   0: 3 0x800020a6 (0x8eed) x13 0x00000000
core   0: 0x800020a8 (0x00008239) c.srli  a2, 14
core   0: 3 0x800020a8 (0x8239) x12 0x00000000
core   0: 0x800020aa (0xe6ee2993) slti    s3, t3, -402
core   0: 3 0x800020aa (0xe6ee2993) x19 0x00000001
core   0: 0x800020ae (0x4023d533) sra     a0, t2, sp
core   0: 3 0x800020ae (0x4023d533) x10 0x00001000
core   0: 0x800020b2 (0x4088dcb3) sra     s9, a7, s0
core   0: 3 0x800020b2 (0x4088dcb3) x25 0x00000000
core   0: 0x800020b6 (0x00519ab3) sll     s5, gp, t0
core   0: 3 0x800020b6 (0x00519ab3) x21 0x80000000
core   0: 0x800020ba (0x0000979a) c.add   a5, t1
core   0: 3 0x800020ba (0x979a) x15 0x00000000
core   0: 0x800020bc (0x0307b1b3) mulhu   gp, a5, a6
core   0: 3 0x800020bc (0x0307b1b3) x3  0x00000000
core   0: 0x800020c0 (0x00001104) c.addi4spn s1, sp, 160
core   0: 3 0x800020c0 (0x1104) x9  0x000000a1
core   0: 0x800020c2 (0x0ff0000f) fence   iorw,iorw
core   0: 3 0x800020c2 (0x0ff0000f)
core   0: 0x800020c6 (0x00008de1) c.and   a1, s0
core   0: 3 0x800020c6 (0x8de1) x11 0x00000000
core   0: 0x800020c8 (0x00000001) c.nop
core   0: 3 0x800020c8 (0x0001)
core   0: 0x800020ca (0x0000100f) fence.i
core   0: 3 0x800020ca (0x0000100f)
core   0: 0x800020ce (0x014428b3) slt     a7, s0, s4
core   0: 3 0x800020ce (0x014428b3) x17 0x00000001
core   0: 0x800020d2 (0x0064e863) bltu    s1, t1, pc + 16
core   0: 3 0x800020d2 (0x0064e863)
core   0: 0x800020d6 (0x78bbb813) sltiu   a6, s7, 1931
core   0: 3 0x800020d6 (0x78bbb813) x16 0x00000000
core   0: 0x800020da (0x01d89c13) slli    s8, a7, 29
core   0: 3 0x800020da (0x01d89c13) x24 0x20000000
core   0: 0x800020de (0x03e4d833) divu    a6, s1, t5
core   0: 3 0x800020de (0x03e4d833) x16 0xffffffff
core   0: 0x800020e2 (0x01317333) and     t1, sp, s3
core   0: 3 0x800020e2 (0x01317333) x6  0x00000001
core   0: 0x800020e6 (0x340027f3) csrr    a5, mscratch
core   0: 3 0x800020e6 (0x340027f3) x15 0x0000001b
core   0: 0x800020ea (0x000009ad) c.addi  s3, 11
core   0: 3 0x800020ea (0x09ad) x19 0x0000000c
core   0: 0x800020ec (0x00009a7d) c.andi  a2, -1
core   0: 3 0x800020ec (0x9a7d) x12 0x00000000
core   0: 0x800020ee (0x04a54063) blt     a0, a0, pc + 64
core   0: 3 0x800020ee (0x04a54063)
core   0: 0x800020f2 (0x02844e63) blt     s0, s0, pc + 60
core   0: 3 0x800020f2 (0x02844e63)
core   0: 0x800020f6 (0x00001c7d) c.addi  s8, -1
core   0: 3 0x800020f6 (0x1c7d) x24 0x1fffffff
core   0: 0x800020f8 (0x02f3f163) bgeu    t2, a5, pc + 34
core   0: 3 0x800020f8 (0x02f3f163)
core   0: 0x8000211a (0x40f98ab3) sub     s5, s3, a5
core   0: 3 0x8000211a (0x40f98ab3) x21 0xfffffff1
core   0: 0x8000211e (0x34003373) csrrc   t1, mscratch, zero
core   0: 3 0x8000211e (0x34003373) x6  0x0000001b
core   0: 0x80002122 (0x0183b733) sltu    a4, t2, s8
core   0: 3 0x80002122 (0x0183b733) x14 0x00000001
core   0: 0x80002126 (0x0000c191) c.beqz  a1, pc + 4
core   0: 3 0x80002126 (0xc191)
core   0: 0x8000212a (0x03d92cb3) mulhsu  s9, s2, t4
core   0: 3 0x8000212a (0x03d92cb3) x25 0xbfff648f
core   0: 0x8000212e (0x93d62517) auipc   a0, 0x93d62
core   0: 3 0x8000212e (0x93d62517) x10 0x13d6412e
core   0: 0x80002132 (0x000085d1) c.srai  a1, 20
core   0: 3 0x80002132 (0x85d1) x11 0x00000000
core   0: 0x80002134 (0x34003bf3) csrrc   s7, mscratch, zero
core   0: 3 0x80002134 (0x34003bf3) x23 0x0000001b
core   0: 0x80002138 (0x00b8adb3) slt     s11, a7, a1
core   0: 3 0x80002138 (0x00b8adb3) x27 0x00000000
core   0: 0x8000213c (0x34003df3) csrrc   s11, mscratch, zero
core   0: 3 0x8000213c (0x34003df3) x27 0x0000001b
core   0: 0x80002140 (0x00008e4d) c.or    a2, a1
core   0: 3 0x80002140 (0x8e4d) x12 0x00000000
core   0: 0x80002142 (0x02d2c763) blt     t0, a3, pc + 46
core   0: 3 0x80002142 (0x02d2c763)
core   0: 0x80002170 (0x34046c73) csrrsi  s8, mscratch, 8
core   0: 3 0x80002170 (0x34046c73) x24 0x0000001b c832_mscratch 0x0000001b
core   0: 0x80002174 (0xb0823b13) sltiu   s6, tp, -1272
core   0: 3 0x80002174 (0xb0823b13) x22 0x00000001
core   0: 0x80002178 (0x000007f6) c.slli  a5, 29
core   0: 3 0x80002178 (0x07f6) x15 0x60000000
core   0: 0x8000217a (0x00d9b333) sltu    t1, s3, a3
core   0: 3 0x8000217a (0x00d9b333) x6  0x00000000
core   0: 0x8000217e (0x34006a73) csrrsi  s4, mscratch, 0
core   0: 3 0x8000217e (0x34006a73) x20 0x0000001b
core   0: 0x80002182 (0x0000ec95) c.bnez  s1, pc + 60
core   0: 3 0x80002182 (0xec95)
core   0: 0x800021be (0x039c58b3) divu    a7, s8, s9
core   0: 3 0x800021be (0x039c58b3) x17 0x00000000
core   0: 0x800021c2 (0x00001598) c.addi4spn a4, sp, 736
core   0: 3 0x800021c2 (0x1598) x14 0x000002e1
core   0: 0x800021c4 (0x02bbaab3) mulhsu  s5, s7, a1
core   0: 3 0x800021c4 (0x02bbaab3) x21 0x00000000
core   0: 0x800021c8 (0x01596763) bltu    s2, s5, pc + 14
core   0: 3 0x800021c8 (0x01596763)
core   0: 0x800021cc (0x032d7933) remu    s2, s10, s2
core   0: 3 0x800021cc (0x032d7933) x18 0x00000000
core   0: 0x800021d0 (0x0000613d) c.addi16sp sp, 480
core   0: 3 0x800021d0 (0x613d) x2  0x000001e1
core   0: 0x800021d2 (0x34007ff3) csrrci  t6, mscratch, 0
core   0: 3 0x800021d2 (0x34007ff3) x31 0x0000001b
core   0: 0x800021d6 (0x25ce3317) auipc   t1, 0x25ce3
core   0: 3 0x800021d6 (0x25ce3317) x6  0xa5ce51d6
core   0: 0x800021da (0x020dc933) div     s2, s11, zero
core   0: 3 0x800021da (0x020dc933) x18 0xffffffff
core   0: 0x800021de (0x00008f9d) c.sub   a5, a5
core   0: 3 0x800021de (0x8f9d) x15 0x00000000
core   0: 0x800021e0 (0x0137adb3) slt     s11, a5, s3
core   0: 3 0x800021e0 (0x0137adb3) x27 0x00000001
core   0: 0x800021e4 (0x3f452313) slti    t1, a0, 1012
core   0: 3 0x800021e4 (0x3f452313) x6  0x00000000
core   0: 0x800021e8 (0x03b87963) bgeu    a6, s11, pc + 50
core   0: 3 0x800021e8 (0x03b87963)
core   0: 0x8000221a (0x340f1af3) csrrw   s5, mscratch, t5
core   0: 3 0x8000221a (0x340f1af3) x21 0x0000001b c832_mscratch 0x00000000
core   0: 0x8000221e (0xf05efc93) andi    s9, t4, -251
core   0: 3 0x8000221e (0xf05efc93) x25 0x80025e04
core   0: 0x80002222 (0x03531bb3) mulh    s7, t1, s5
core   0: 3 0x80002222 (0x03531bb3) x23 0x00000000
core   0: 0x80002226 (0x3402f2f3) csrrci  t0, mscratch, 5
core   0: 3 0x80002226 (0x3402f2f3) x5  0x00000000 c832_mscratch 0x00000000
core   0: 0x8000222a (0x39cdf513) andi    a0, s11, 924
core   0: 3 0x8000222a (0x39cdf513) x10 0x00000000
core   0: 0x8000222e (0x0000e609) c.bnez  a2, pc + 10
core   0: 3 0x8000222e (0xe609)
core   0: 0x80002230 (0x009e0f33) add     t5, t3, s1
core   0: 3 0x80002230 (0x009e0f33) x30 0x80029dc5
core   0: 0x80002234 (0x034ed333) divu    t1, t4, s4
core   0: 3 0x80002234 (0x034ed333) x6  0x04bdb7a7
core   0: 0x80002238 (0x02944d33) div     s10, s0, s1
core   0: 3 0x80002238 (0x02944d33) x26 0x00000000
core   0: 0x8000223c (0x00000001) c.nop
core   0: 3 0x8000223c (0x0001)
core   0: 0x8000223e (0x0000e691) c.bnez  a3, pc + 12
core   0: 3 0x8000223e (0xe691)
core   0: 0x80002240 (0x00008d49) c.or    a0, a0
core   0: 3 0x80002240 (0x8d49) x10 0x00000000
core   0: 0x80002242 (0x40a25633) sra     a2, tp, a0
core   0: 3 0x80002242 (0x40a25633) x12 0x00018000
core   0: 0x80002246 (0x011b58b3) srl     a7, s6, a7
core   0: 3 0x80002246 (0x011b58b3) x17 0x00000001
core   0: 0x8000224a (0x0000717d) c.addi16sp sp, -16
core   0: 3 0x8000224a (0x717d) x2  0x000001d1
core   0: 0x8000224c (0x02b97033) remu    zero, s2, a1
core   0: 3 0x8000224c (0x02b97033)
core   0: 0x80002250 (0x00008bd5) c.andi  a5, 21
core   0: 3 0x80002250 (0x8bd5) x15 0x00000000
core   0: 0x80002252 (0x01f8d213) srli    tp, a7, 31
core   0: 3 0x80002252 (0x01f8d213) x4  0x00000000
core   0: 0x80002256 (0x00000afa) c.slli  s5, 30
core   0: 3 0x80002256 (0x0afa) x21 0xc0000000
core   0: 0x80002258 (0x34002773) csrr    a4, mscratch
core   0: 3 0x80002258 (0x34002773) x14 0x00000000
core   0: 0x8000225c (0x85a5f613) andi    a2, a1, -1958
core   0: 3 0x8000225c (0x85a5f613) x12 0x00000000
core   0: 0x80002260 (0x000099fd) c.andi  a1, -1
core   0: 3 0x80002260 (0x99fd) x11 0x00000000
core   0: 0x80002262 (0x00000190) c.addi4spn a2, sp, 192
core   0: 3 0x80002262 (0x0190) x12 0x00000291
core   0: 0x80002264 (0x00008fe9) c.and   a5, a0
core   0: 3 0x80002264 (0x8fe9) x15 0x00000000
core   0: 0x80002266 (0x009bc863) blt     s7, s1, pc + 16
core   0: 3 0x80002266 (0x009bc863)
core   0: 0x80002276 (0x0259c833) div     a6, s3, t0
core   0: 3 0x80002276 (0x0259c833) x16 0xffffffff
core   0: 0x8000227a (0x3402a273) csrrs   tp, mscratch, t0
core   0: 3 0x8000227a (0x3402a273) x4  0x00000000 c832_mscratch 0x00000000
core   0: 0x8000227e (0x0000577d) c.li    a4, -1
core   0: 3 0x8000227e (0x577d) x14 0xffffffff
core   0: 0x80002280 (0x01be7263) bgeu    t3, s11, pc + 4
core   0: 3 0x80002280 (0x01be7263)
core   0: 0x80002284 (0x0393b133) mulhu   sp, t2, s9
core   0: 3 0x80002284 (0x0393b133) x2  0x00001000
core   0: 0x80002288 (0x03671cb3) mulh    s9, a4, s6
core   0: 3 0x80002288 (0x03671cb3) x25 0xffffffff
core   0: 0x8000228c (0x00008fb9) c.xor   a5, a4
core   0: 3 0x8000228c (0x8fb9) x15 0xffffffff
core   0: 0x8000228e (0x0000100f) fence.i
core   0: 3 0x8000228e (0x0000100f)
core   0: 0x80002292 (0x00f9af93) slti    t6, s3, 15
core   0: 3 0x80002292 (0x00f9af93) x31 0x00000001
core   0: 0x80002296 (0x00320463) beq     tp, gp, pc + 8
core   0: 3 0x80002296 (0x00320463)
core   0: 0x8000229e (0xb3631917) auipc   s2, 0xb3631
core   0: 3 0x8000229e (0xb3631917) x18 0x3363329e
core   0: 0x800022a2 (0x0000717d) c.addi16sp sp, -16
core   0: 3 0x800022a2 (0x717d) x2  0x00000ff0
core   0: 0x800022a4 (0x3406dcf3) csrrwi  s9, mscratch, 13
core   0: 3 0x800022a4 (0x3406dcf3) x25 0x00000000 c832_mscratch 0x0000000d
core   0: 0x800022a8 (0x011ad993) srli    s3, s5, 17
core   0: 3 0x800022a8 (0x011ad993) x19 0x00006000
core   0: 0x800022ac (0x024d1863) bne     s10, tp, pc + 48
core   0: 3 0x800022ac (0x024d1863)
core   0: 0x800022b0 (0x34032ff3) csrrs   t6, mscratch, t1
core   0: 3 0x800022b0 (0x34032ff3) x31 0x0000000d c832_mscratch 0x04bdb7af
core   0: 0x800022b4 (0x00117a33) and     s4, sp, ra
core   0: 3 0x800022b4 (0x00117a33) x20 0x00000010
core   0: 0x800022b8 (0x340bf073) csrci   mscratch, 23
core   0: 3 0x800022b8 (0x340bf073) c832_mscratch 0x04bdb7a8
core   0: 0x800022bc (0x366c6a13) ori     s4, s8, 870
core   0: 3 0x800022bc (0x366c6a13) x20 0x0000037f
core   0: 0x800022c0 (0x0164a033) slt     zero, s1, s6
core   0: 3 0x800022c0 (0x0164a033)
core   0: 0x800022c4 (0x01a55863) bge     a0, s10, pc + 16
core   0: 3 0x800022c4 (0x01a55863)
core   0: 0x800022d4 (0x00fe1793) slli    a5, t3, 15
core   0: 3 0x800022d4 (0x00fe1793) x15 0x4e920000
core   0: 0x800022d8 (0x00008d65) c.and   a0, s1
core   0: 3 0x800022d8 (0x8d65) x10 0x00000000
core   0: 0x800022da (0x0000e189) c.bnez  a1, pc + 2
core   0: 3 0x800022da (0xe189)
core   0: 0x800022dc (0x0000100f) fence.i
core   0: 3 0x800022dc (0x0000100f)
core   0: 0x800022e0 (0x00000001) c.nop
core   0: 3 0x800022e0 (0x0001)
core   0: 0x800022e2 (0x5853c893) xori    a7, t2, 1413
core   0: 3 0x800022e2 (0x5853c893) x17 0x00002585
core   0: 0x800022e6 (0x00008d3d) c.xor   a0, a5
core   0: 3 0x800022e6 (0x8d3d) x10 0x4e920000
core   0: 0x800022e8 (0x00006905) c.lui   s2, 0x1
core   0: 3 0x800022e8 (0x6905) x18 0x00001000
core   0: 0x800022ea (0x340039f3) csrrc   s3, mscratch, zero
core   0: 3 0x800022ea (0x340039f3) x19 0x04bdb7a8
core   0: 0x800022ee (0x0341fe63) bgeu    gp, s4, pc + 60
core   0: 3 0x800022ee (0x0341fe63)
core   0: 0x800022f2 (0x00006c11) c.lui   s8, 0x4
core   0: 3 0x800022f2 (0x6c11) x24 0x00004000
core   0: 0x800022f4 (0x00008749) c.srai  a4, 18
core   0: 3 0x800022f4 (0x8749) x14 0xffffffff
core   0: 0x800022f6 (0x00008d55) c.or    a0, a3
core   0: 3 0x800022f6 (0x8d55) x10 0x4e920000
core   0: 0x800022f8 (0x03af4b63) blt     t5, s10, pc + 54
core   0: 3 0x800022f8 (0x03af4b63)
core   0: 0x8000232e (0x00006ac5) c.lui   s5, 0x11
core   0: 3 0x8000232e (0x6ac5) x21 0x00011000
core   0: 0x80002330 (0x00430bb3) add     s7, t1, tp
core   0: 3 0x80002330 (0x00430bb3) x23 0x04bdb7a7
core   0: 0x80002334 (0x0000c609) c.beqz  a2, pc + 10
core   0: 3 0x80002334 (0xc609)
core   0: 0x80002336 (0x000080d5) c.srli  s1, 21
core   0: 3 0x80002336 (0x80d5) x9  0x00000000
core   0: 0x80002338 (0x00009346) c.add   t1, a7
core   0: 3 0x80002338 (0x9346) x6  0x04bddd2c
core   0: 0x8000233a (0x03f33c33) mulhu   s8, t1, t6
core   0: 3 0x8000233a (0x03f33c33) x24 0x00000000
core   0: 0x8000233e (0x03b93db3) mulhu   s11, s2, s11
core   0: 3 0x8000233e (0x03b93db3) x27 0x00000000
core   0: 0x80002342 (0x00020c33) add     s8, tp, zero
core   0: 3 0x80002342 (0x00020c33) x24 0x00000000
core   0: 0x80002346 (0x03a96b33) rem     s6, s2, s10
core   0: 3 0x80002346 (0x03a96b33) x22 0x00001000
core   0: 0x8000234a (0x40ae8133) sub     sp, t4, a0
core   0: 3 0x8000234a (0x40ae8133) x2  0x31705ea4
core   0: 0x8000234e (0x02e843b3) div     t2, a6, a4
core   0: 3 0x8000234e (0x02e843b3) x7  0x00000001
core   0: 0x80002352 (0x00008c52) c.mv    s8, s4
core   0: 3 0x80002352 (0x8c52) x24 0x0000037f
core   0: 0x80002354 (0x0000100f) fence.i
core   0: 3 0x80002354 (0x0000100f)
core   0: 0x80002358 (0x40f25213) srai    tp, tp, 15
core   0: 3 0x80002358 (0x40f25213) x4  0x00000000
core   0: 0x8000235c (0x000064bd) c.lui   s1, 0xf
core   0: 3 0x8000235c (0x64bd) x9  0x0000f000
core   0: 0x8000235e (0x0000527d) c.li    tp, -1
core   0: 3 0x8000235e (0x527d) x4  0xffffffff
core   0: 0x80002360 (0x0000100f) fence.i
core   0: 3 0x80002360 (0x0000100f)
core   0: 0x80002364 (0x408ad633) sra     a2, s5, s0
core   0: 3 0x80002364 (0x408ad633) x12 0x00011000
core   0: 0x80002368 (0xcd409a17) auipc   s4, 0xcd409
core   0: 3 0x80002368 (0xcd409a17) x20 0x4d40b368
core   0: 0x8000236c (0x9b725c37) lui     s8, 0x9b725
core   0: 3 0x8000236c (0x9b725c37) x24 0x9b725000
core   0: 0x80002370 (0xd8bc2613) slti    a2, s8, -629
core   0: 3 0x80002370 (0xd8bc2613) x12 0x00000001
core   0: 0x80002374 (0x037f1a33) mulh    s4, t5, s7
core   0: 3 0x80002374 (0x037f1a33) x20 0xfda13093
core   0: 0x80002378 (0x02ec84b3) mul     s1, s9, a4
core   0: 3 0x80002378 (0x02ec84b3) x9  0x00000000
core   0: 0x8000237c (0x3407f273) csrrci  tp, mscratch, 15
core   0: 3 0x8000237c (0x3407f273) x4  0x04bdb7a8 c832_mscratch 0x04bdb7a0
core   0: 0x80002380 (0x0ff0000f) fence   iorw,iorw
core   0: 3 0x80002380 (0x0ff0000f)
core   0: 0x80002384 (0x0000e719) c.bnez  a4, pc + 14
core   0: 3 0x80002384 (0xe719)
core   0: 0x80002392 (0x3406f6f3) csrrci  a3, mscratch, 13
core   0: 3 0x80002392 (0x3406f6f3) x13 0x04bdb7a0 c832_mscratch 0x04bdb7a0
core   0: 0x80002396 (0x0000e1b9) c.bnez  a1, pc + 70
core   0: 3 0x80002396 (0xe1b9)
core   0: 0x80002398 (0x02c4dab3) divu    s5, s1, a2
core   0: 3 0x80002398 (0x02c4dab3) x21 0x00000000
core   0: 0x8000239c (0x021ede63) bge     t4, ra, pc + 60
core   0: 3 0x8000239c (0x021ede63)
core   0: 0x800023a0 (0x03d7f5b3) remu    a1, a5, t4
core   0: 3 0x800023a0 (0x03d7f5b3) x11 0x4e920000
core   0: 0x800023a4 (0x00cf3933) sltu    s2, t5, a2
core   0: 3 0x800023a4 (0x00cf3933) x18 0x00000000
core   0: 0x800023a8 (0x64a22b93) slti    s7, tp, 1610
core   0: 3 0x800023a8 (0x64a22b93) x23 0x00000000
core   0: 0x800023ac (0x029a66b3) rem     a3, s4, s1
core   0: 3 0x800023ac (0x029a66b3) x13 0xfda13093
core   0: 0x800023b0 (0x00355933) srl     s2, a0, gp
core   0: 3 0x800023b0 (0x00355933) x18 0x4e920000
core   0: 0x800023b4 (0x00aa0d63) beq     s4, a0, pc + 26
core   0: 3 0x800023b4 (0x00aa0d63)
core   0: 0x800023b8 (0x00008191) c.srli  a1, 4
core   0: 3 0x800023b8 (0x8191) x11 0x04e92000
core   0: 0x800023ba (0x34006773) csrrsi  a4, mscratch, 0
core   0: 3 0x800023ba (0x34006773) x14 0x04bdb7a0
core   0: 0x800023be (0x022a49b3) div     s3, s4, sp
core   0: 3 0x800023be (0x022a49b3) x19 0x00000000
core   0: 0x800023c2 (0x02ca5c63) bge     s4, a2, pc + 56
core   0: 3 0x800023c2 (0x02ca5c63)
core   0: 0x800023c6 (0x00a95863) bge     s2, a0, pc + 16
core   0: 3 0x800023c6 (0x00a95863)
core   0: 0x800023d6 (0x00000916) c.slli  s2, 5
core   0: 3 0x800023d6 (0x0916) x18 0xd2400000
core   0: 0x800023d8 (0xf1432913) slti    s2, t1, -236
core   0: 3 0x800023d8 (0xf1432913) x18 0x00000000
core   0: 0x800023dc (0x00a65463) bge     a2, a0, pc + 8
core   0: 3 0x800023dc (0x00a65463)
core   0: 0x800023e0 (0x0364d363) bge     s1, s6, pc + 38
core   0: 3 0x800023e0 (0x0364d363)
core   0: 0x800023e4 (0x08f66d13) ori     s10, a2, 143
core   0: 3 0x800023e4 (0x08f66d13) x26 0x0000008f
core   0: 0x800023e8 (0x0ff0000f) fence   iorw,iorw
core   0: 3 0x800023e8 (0x0ff0000f)
core   0: 0x800023ec (0x018c6f33) or      t5, s8, s8
core   0: 3 0x800023ec (0x018c6f33) x30 0x9b725000
core   0: 0x800023f0 (0x00008fe9) c.and   a5, a0
core   0: 3 0x800023f0 (0x8fe9) x15 0x4e920000
core   0: 0x800023f2 (0x013c7333) and     t1, s8, s3
core   0: 3 0x800023f2 (0x013c7333) x6  0x00000000
core   0: 0x800023f6 (0x0000100f) fence.i
core   0: 3 0x800023f6 (0x0000100f)
core   0: 0x800023fa (0x00bc4533) xor     a0, s8, a1
core   0: 3 0x800023fa (0x00bc4533) x10 0x9f9b7000
core   0: 0x800023fe (0x01078663) beq     a5, a6, pc + 12
core   0: 3 0x800023fe (0x01078663)
core   0: 0x80002402 (0x35c4b513) sltiu   a0, s1, 860
core   0: 3 0x80002402 (0x35c4b513) x10 0x00000001
core   0: 0x80002406 (0x01e44463) blt     s0, t5, pc + 8
core   0: 3 0x80002406 (0x01e44463)
core   0: 0x8000240a (0x0000824a) c.mv    tp, s2
core   0: 3 0x8000240a (0x824a) x4  0x00000000
core   0: 0x8000240c (0x00008319) c.srli  a4, 6
core   0: 3 0x8000240c (0x8319) x14 0x0012f6de
core   0: 0x8000240e (0x01c44c63) blt     s0, t3, pc + 24
core   0: 3 0x8000240e (0x01c44c63)
core   0: 0x80002412 (0x34052073) csrs    mscratch, a0
core   0: 3 0x80002412 (0x34052073) c832_mscratch 0x04bdb7a1
core   0: 0x80002416 (0x8a427393) andi    t2, tp, -1884
core   0: 3 0x80002416 (0x8a427393) x7  0x00000000
core   0: 0x8000241a (0x009a6bb3) or      s7, s4, s1
core   0: 3 0x8000241a (0x009a6bb3) x23 0xfda13093
core   0: 0x8000241e (0x00004d5d) c.li    s10, 23
core   0: 3 0x8000241e (0x4d5d) x26 0x00000017
core   0: 0x80002420 (0x00008689) c.srai  a3, 2
core   0: 3 0x80002420 (0x8689) x13 0xff684c24
core   0: 0x80002422 (0x02985d33) divu    s10, a6, s1
core   0: 3 0x80002422 (0x02985d33) x26 0xffffffff
core   0: 0x80002426 (0x0196b333) sltu    t1, a3, s9
core   0: 3 0x80002426 (0x0196b333) x6  0x00000000
core   0: 0x8000242a (0x0313c533) div     a0, t2, a7
core   0: 3 0x8000242a (0x0313c533) x10 0x00000000
core   0: 0x8000242e (0x00c1d893) srli    a7, gp, 12
core   0: 3 0x8000242e (0x00c1d893) x17 0x00000000
core   0: 0x80002432 (0x340013f3) csrrw   t2, mscratch, zero
core   0: 3 0x80002432 (0x340013f3) x7  0x04bdb7a1 c832_mscratch 0x00000000
core   0: 0x80002436 (0x02edb6b3) mulhu   a3, s11, a4
core   0: 3 0x80002436 (0x02edb6b3) x13 0x00000000
core   0: 0x8000243a (0x3401b173) csrrc   sp, mscratch, gp
core   0: 3 0x8000243a (0x3401b173) x2  0x00000000 c832_mscratch 0x00000000
core   0: 0x8000243e (0x00008d4a) c.mv    s10, s2
core   0: 3 0x8000243e (0x8d4a) x26 0x00000000
core   0: 0x80002440 (0xdd33e613) ori     a2, t2, -557
core   0: 3 0x80002440 (0xdd33e613) x12 0xfffffff3
core   0: 0x80002444 (0x00c65f13) srli    t5, a2, 12
core   0: 3 0x80002444 (0x00c65f13) x30 0x000fffff
core   0: 0x80002448 (0x01ec1d33) sll     s10, s8, t5
core   0: 3 0x80002448 (0x01ec1d33) x26 0x00000000
core   0: 0x8000244c (0x340f22f3) csrrs   t0, mscratch, t5
core   0: 3 0x8000244c (0x340f22f3) x5  0x00000000 c832_mscratch 0x000fffff
core   0: 0x80002450 (0x00008792) c.mv    a5, tp
core   0: 3 0x80002450 (0x8792) x15 0x00000000
core   0: 0x80002452 (0x41fd8533) sub     a0, s11, t6
core   0: 3 0x80002452 (0x41fd8533) x10 0xfffffff3
core   0: 0x80002456 (0x0000eb0d) c.bnez  a4, pc + 50
core   0: 3 0x80002456 (0xeb0d)
core   0: 0x80002488 (0x02f84033) div     zero, a6, a5
core   0: 3 0x80002488 (0x02f84033)
core   0: 0x8000248c (0x0000954a) c.add   a0, s2
core   0: 3 0x8000248c (0x954a) x10 0xfffffff3
core   0: 0x8000248e (0x03dd8563) beq     s11, t4, pc + 42
core   0: 3 0x8000248e (0x03dd8563)
core   0: 0x80002492 (0x00008976) c.mv    s2, t4
core   0: 3 0x80002492 (0x8976) x18 0x80025ea4
core   0: 0x80002494 (0x00000001) c.nop
core   0: 3 0x80002494 (0x0001)
core   0: 0x80002496 (0x00006649) c.lui   a2, 0x12
core   0: 3 0x80002496 (0x6649) x12 0x00012000
core   0: 0x80002498 (0xc6f8a813) slti    a6, a7, -913
core   0: 3 0x80002498 (0xc6f8a813) x16 0x00000000
core   0: 0x8000249c (0x34002a73) csrr    s4, mscratch
core   0: 3 0x8000249c (0x34002a73) x20 0x000fffff
core   0: 0x800024a0 (0x006e1393) slli    t2, t3, 6
core   0: 3 0x800024a0 (0x006e1393) x7  0x00a74900
core   0: 0x800024a4 (0x0ff0000f) fence   iorw,iorw
core   0: 3 0x800024a4 (0x0ff0000f)
core   0: 0x800024a8 (0x000080c6) c.mv    ra, a7
core   0: 3 0x800024a8 (0x80c6) x1  0x00000000
core   0: 0x800024aa (0x00287963) bgeu    a6, sp, pc + 18
core   0: 3 0x800024aa (0x00287963)
core   0: 0x800024bc (0x34035b73) csrrwi  s6, mscratch, 6
core   0: 3 0x800024bc (0x34035b73) x22 0x000fffff c832_mscratch 0x00000006
core   0: 0x800024c0 (0x00eb8c33) add     s8, s7, a4
core   0: 3 0x800024c0 (0x00eb8c33) x24 0xfdb42771
core   0: 0x800024c4 (0x35783f13) sltiu   t5, a6, 855
core   0: 3 0x800024c4 (0x35783f13) x30 0x00000001
core   0: 0x800024c8 (0x008ef963) bgeu    t4, s0, pc + 18
core   0: 3 0x800024c8 (0x008ef963)
core   0: 0x800024da (0x00008ea9) c.xor   a3, a0
core   0: 3 0x800024da (0x8ea9) x13 0xfffffff3
core   0: 0x800024dc (0x03dbe033) rem     zero, s7, t4
core   0: 3 0x800024dc (0x03dbe033)
core   0: 0x800024e0 (0x00009bfd) c.andi  a5, -1
core   0: 3 0x800024e0 (0x9bfd) x15 0x00000000
core   0: 0x800024e2 (0x340eb273) csrrc   tp, mscratch, t4
core   0: 3 0x800024e2 (0x340eb273) x4  0x00000006 c832_mscratch 0x00000002
core   0: 0x800024e6 (0x03f67f63) bgeu    a2, t6, pc + 62
core   0: 3 0x800024e6 (0x03f67f63)
core   0: 0x80002524 (0x036ae163) bltu    s5, s6, pc + 34
core   0: 3 0x80002524 (0x036ae163)
core   0: 0x80002546 (0x00004d4d) c.li    s10, 19
core   0: 3 0x80002546 (0x4d4d) x26 0x00000013
core   0: 0x80002548 (0x017b37b3) sltu    a5, s6, s7
core   0: 3 0x80002548 (0x017b37b3) x15 0x00000001
core   0: 0x8000254c (0x3409eff3) csrrsi  t6, mscratch, 19
core   0: 3 0x8000254c (0x3409eff3) x31 0x00000002 c832_mscratch 0x00000013
core   0: 0x80002550 (0x03cb4b33) div     s6, s6, t3
core   0: 3 0x80002550 (0x03cb4b33) x22 0x00000000
core   0: 0x80002554 (0x34049573) csrrw   a0, mscratch, s1
core   0: 3 0x80002554 (0x34049573) x10 0x00000013 c832_mscratch 0x00000000
core   0: 0x80002558 (0x04f7e163) bltu    a5, a5, pc + 66
core   0: 3 0x80002558 (0x04f7e163)
core   0: 0x8000255c (0x019e3bb3) sltu    s7, t3, s9
core   0: 3 0x8000255c (0x019e3bb3) x23 0x00000000
core   0: 0x80002560 (0x019fddb3) srl     s11, t6, s9
core   0: 3 0x80002560 (0x019fddb3) x27 0x00000002
core   0: 0x80002564 (0x0000100f) fence.i
core   0: 3 0x80002564 (0x0000100f)
core   0: 0x80002568 (0x02d79fb3) mulh    t6, a5, a3
core   0: 3 0x80002568 (0x02d79fb3) x31 0xffffffff
core   0: 0x8000256c (0x03986cb3) rem     s9, a6, s9
core   0: 3 0x8000256c (0x03986cb3) x25 0x00000000
core   0: 0x80002570 (0x01e37e63) bgeu    t1, t5, pc + 28
core   0: 3 0x80002570 (0x01e37e63)
core   0: 0x80002574 (0x01125fb3) srl     t6, tp, a7
core   0: 3 0x80002574 (0x01125fb3) x31 0x00000006
core   0: 0x80002578 (0xd5c5b213) sltiu   tp, a1, -676
core   0: 3 0x80002578 (0xd5c5b213) x4  0x00000001
core   0: 0x8000257c (0x02afc033) div     zero, t6, a0
core   0: 3 0x8000257c (0x02afc033)
core   0: 0x80002580 (0x340033f3) csrrc   t2, mscratch, zero
core   0: 3 0x80002580 (0x340033f3) x7  0x00000000
core   0: 0x80002584 (0xdca3e593) ori     a1, t2, -566
core   0: 3 0x80002584 (0xdca3e593) x11 0xfffffdca
core   0: 0x80002588 (0x026f4033) div     zero, t5, t1
core   0: 3 0x80002588 (0x026f4033)
core   0: 0x8000258c (0x0ace6b93) ori     s7, t3, 172
core   0: 3 0x8000258c (0x0ace6b93) x23 0x80029dac
core   0: 0x80002590 (0x00001bfd) c.addi  s7, -1
core   0: 3 0x80002590 (0x1bfd) x23 0x80029dab
core   0: 0x80002592 (0x34003df3) csrrc   s11, mscratch, zero
core   0: 3 0x80002592 (0x34003df3) x27 0x00000000
core   0: 0x80002596 (0x61d7ca93) xori    s5, a5, 1565
core   0: 3 0x80002596 (0x61d7ca93) x21 0x0000061c
core   0: 0x8000259a (0x00008f85) c.sub   a5, s1
core   0: 3 0x8000259a (0x8f85) x15 0x00000001
core   0: 0x8000259c (0x411e5b93) srai    s7, t3, 17
core   0: 3 0x8000259c (0x411e5b93) x23 0xffffc001
core   0: 0x800025a0 (0x00008775) c.srai  a4, 29
core   0: 3 0x800025a0 (0x8775) x14 0x00000000
core   0: 0x800025a2 (0x018bd1b3) srl     gp, s7, s8
core   0: 3 0x800025a2 (0x018bd1b3) x3  0x00007fff
core   0: 0x800025a6 (0x00008ca9) c.xor   s1, a0
core   0: 3 0x800025a6 (0x8ca9) x9  0x00000013
core   0: 0x800025a8 (0xe38ef693) andi    a3, t4, -456
core   0: 3 0x800025a8 (0xe38ef693) x13 0x80025e20
core   0: 0x800025ac (0x000093fa) c.add   t2, t5
core   0: 3 0x800025ac (0x93fa) x7  0x00000001
core   0: 0x800025ae (0x34007973) csrrci  s2, mscratch, 0
core   0: 3 0x800025ae (0x34007973) x18 0x00000000
core   0: 0x800025b2 (0x0bd66663) bltu    a2, t4, pc + 172
core   0: 3 0x800025b2 (0x0bd66663)
core   0: 0x8000265e (0x00008259) c.srli  a2, 22
core   0: 3 0x8000265e (0x8259) x12 0x00000000
core   0: 0x80002660 (0x00006121) c.addi16sp sp, 64
core   0: 3 0x80002660 (0x6121) x2  0x00000040
core   0: 0x80002662 (0x01fc7ab3) and     s5, s8, t6
core   0: 3 0x80002662 (0x01fc7ab3) x21 0x00000000
core   0: 0x80002666 (0x00000001) c.nop
core   0: 3 0x80002666 (0x0001)
core   0: 0x80002668 (0x340aac73) csrrs   s8, mscratch, s5
core   0: 3 0x80002668 (0x340aac73) x24 0x00000000 c832_mscratch 0x00000000
core   0: 0x8000266c (0x8e2d6693) ori     a3, s10, -1822
core   0: 3 0x8000266c (0x8e2d6693) x13 0xfffff8f3
core   0: 0x80002670 (0x00f59cb3) sll     s9, a1, a5
core   0: 3 0x80002670 (0x00f59cb3) x25 0xfffffb94
core   0: 0x80002674 (0x029264b3) rem     s1, tp, s1
core   0: 3 0x80002674 (0x029264b3) x9  0x00000001
core   0: 0x80002678 (0x000098fd) c.andi  s1, -1
core   0: 3 0x80002678 (0x98fd) x9  0x00000001
core   0: 0x8000267a (0x0060b8b3) sltu    a7, ra, t1
core   0: 3 0x8000267a (0x0060b8b3) x17 0x00000000
core   0: 0x8000267e (0x039c4a33) div     s4, s8, s9
core   0: 3 0x8000267e (0x039c4a33) x20 0x00000000
core   0: 0x80002682 (0x00008cfd) c.and   s1, a5
core   0: 3 0x80002682 (0x8cfd) x9  0x00000001
core   0: 0x80002684 (0x000019fd) c.addi  s3, -1
core   0: 3 0x80002684 (0x19fd) x19 0xffffffff
core   0: 0x80002686 (0x0249bbb3) mulhu   s7, s3, tp
core   0: 3 0x80002686 (0x0249bbb3) x23 0x00000000
core   0: 0x8000268a (0x026c1f33) mulh    t5, s8, t1
core   0: 3 0x8000268a (0x026c1f33) x30 0x00000000
core   0: 0x8000268e (0x00001884) c.addi4spn s1, sp, 112
core   0: 3 0x8000268e (0x1884) x9  0x000000b0
core   0: 0x80002690 (0x0000100f) fence.i
core   0: 3 0x80002690 (0x0000100f)
core   0: 0x80002694 (0x028f2133) mulhsu  sp, t5, s0
core   0: 3 0x80002694 (0x028f2133) x2  0x00000000
core   0: 0x80002698 (0x0ff0000f) fence   iorw,iorw
core   0: 3 0x80002698 (0x0ff0000f)
core   0: 0x8000269c (0xf6222a13) slti    s4, tp, -158
core   0: 3 0x8000269c (0xf6222a13) x20 0x00000000
core   0: 0x800026a0 (0x03227963) bgeu    tp, s2, pc + 50
core   0: 3 0x800026a0 (0x03227963)
core   0: 0x800026d2 (0x00fa81b3) add     gp, s5, a5
core   0: 3 0x800026d2 (0x00fa81b3) x3  0x00000001
core   0: 0x800026d6 (0x0000100f) fence.i
core   0: 3 0x800026d6 (0x0000100f)
core   0: 0x800026da (0x0302ffb3) remu    t6, t0, a6
core   0: 3 0x800026da (0x0302ffb3) x31 0x00000000
core   0: 0x800026de (0x00008119) c.srli  a0, 6
core   0: 3 0x800026de (0x8119) x10 0x00000000
core   0: 0x800026e0 (0x0000c789) c.beqz  a5, pc + 10
core   0: 3 0x800026e0 (0xc789)
core   0: 0x800026e2 (0x01472933) slt     s2, a4, s4
core   0: 3 0x800026e2 (0x01472933) x18 0x00000000
core   0: 0x800026e6 (0x00e18d33) add     s10, gp, a4
core   0: 3 0x800026e6 (0x00e18d33) x26 0x00000001
core   0: 0x800026ea (0x0000996e) c.add   s2, s11
core   0: 3 0x800026ea (0x996e) x18 0x00000000
core   0: 0x800026ec (0x036e21b3) mulhsu  gp, t3, s6
core   0: 3 0x800026ec (0x036e21b3) x3  0x00000000
core   0: 0x800026f0 (0x00008d61) c.and   a0, s0
core   0: 3 0x800026f0 (0x8d61) x10 0x00000000
core   0: 0x800026f2 (0x3405d973) csrrwi  s2, mscratch, 11
core   0: 3 0x800026f2 (0x3405d973) x18 0x00000000 c832_mscratch 0x0000000b
core   0: 0x800026f6 (0x00008aee) c.mv    s5, s11
core   0: 3 0x800026f6 (0x8aee) x21 0x00000000
core   0: 0x800026f8 (0x0ff0000f) fence   iorw,iorw
core   0: 3 0x800026f8 (0x0ff0000f)
core   0: 0x800026fc (0x0ff0000f) fence   iorw,iorw
core   0: 3 0x800026fc (0x0ff0000f)
core   0: 0x80002700 (0x011247b3) xor     a5, tp, a7
core   0: 3 0x80002700 (0x011247b3) x15 0x00000001
core   0: 0x80002704 (0x0000910e) c.add   sp, gp
core   0: 3 0x80002704 (0x910e) x2  0x00000000
core   0: 0x80002706 (0x34049673) csrrw   a2, mscratch, s1
core   0: 3 0x80002706 (0x34049673) x12 0x0000000b c832_mscratch 0x000000b0
core   0: 0x8000270a (0x16bd0213) addi    tp, s10, 363
core   0: 3 0x8000270a (0x16bd0213) x4  0x0000016c
core   0: 0x8000270e (0x0000100f) fence.i
core   0: 3 0x8000270e (0x0000100f)
core   0: 0x80002712 (0x0000ce1d) c.beqz  a2, pc + 62
core   0: 3 0x80002712 (0xce1d)
core   0: 0x80002714 (0x340e26f3) csrrs   a3, mscratch, t3
core   0: 3 0x80002714 (0x340e26f3) x13 0x000000b0 c832_mscratch 0x80029db4
core   0: 0x80002718 (0x00cb9b13) slli    s6, s7, 12
core   0: 3 0x80002718 (0x00cb9b13) x22 0x00000000
core   0: 0x8000271c (0x01f06663) bltu    zero, t6, pc + 12
core   0: 3 0x8000271c (0x01f06663)
core   0: 0x80002720 (0x0ff0000f) fence   iorw,iorw
core   0: 3 0x80002720 (0x0ff0000f)
core   0: 0x80002724 (0x00527963) bgeu    tp, t0, pc + 18
core   0: 3 0x80002724 (0x00527963)
core   0: 0x80002736 (0x3401d4f3) csrrwi  s1, mscratch, 3
core   0: 3 0x80002736 (0x3401d4f3) x9  0x80029db4 c832_mscratch 0x00000003
core   0: 0x8000273a (0x340069f3) csrrsi  s3, mscratch, 0
core   0: 3 0x8000273a (0x340069f3) x19 0x00000003
core   0: 0x8000273e (0x024cbc33) mulhu   s8, s9, tp
core   0: 3 0x8000273e (0x024cbc33) x24 0x0000016b
core   0: 0x80002742 (0x000231b3) sltu    gp, tp, zero
core   0: 3 0x80002742 (0x000231b3) x3  0x00000000
core   0: 0x80002746 (0x0000823a) c.mv    tp, a4
core   0: 3 0x80002746 (0x823a) x4  0x00000000
core   0: 0x80002748 (0x02b41733) mulh    a4, s0, a1
core   0: 3 0x80002748 (0x02b41733) x14 0x00000000
core   0: 0x8000274c (0x00cd1633) sll     a2, s10, a2
core   0: 3 0x8000274c (0x00cd1633) x12 0x00000800
core   0: 0x80002750 (0x03c82cb3) mulhsu  s9, a6, t3
core   0: 3 0x80002750 (0x03c82cb3) x25 0x00000000
core   0: 0x80002754 (0x00008dc9) c.or    a1, a0
core   0: 3 0x80002754 (0x8dc9) x11 0xfffffdca
core   0: 0x80002756 (0x01e412b3) sll     t0, s0, t5
core   0: 3 0x80002756 (0x01e412b3) x5  0x00000000
core   0: 0x8000275a (0x00000001) c.nop
core   0: 3 0x8000275a (0x0001)
core   0: 0x8000275c (0x340660f3) csrrsi  ra, mscratch, 12
core   0: 3 0x8000275c (0x340660f3) x1  0x00000003 c832_mscratch 0x0000000f
core   0: 0x80002760 (0x00008ead) c.xor   a3, a1
core   0: 3 0x80002760 (0x8ead) x13 0xfffffd7a
core   0: 0x80002762 (0x0016a033) slt     zero, a3, ra
core   0: 3 0x80002762 (0x0016a033)
core   0: 0x80002766 (0x4176db13) srai    s6, a3, 23
core   0: 3 0x80002766 (0x4176db13) x22 0xffffffff
core   0: 0x8000276a (0x02263933) mulhu   s2, a2, sp
core   0: 3 0x8000276a (0x02263933) x18 0x00000000
core   0: 0x8000276e (0x38623f13) sltiu   t5, tp, 902
core   0: 3 0x8000276e (0x38623f13) x30 0x00000001
core   0: 0x80002772 (0xd5b48c13) addi    s8, s1, -677
core   0: 3 0x80002772 (0xd5b48c13) x24 0x80029b0f
core   0: 0x80002776 (0x00001918) c.addi4spn a4, sp, 176
core   0: 3 0x80002776 (0x1918) x14 0x000000b0
core   0: 0x80002778 (0xb70cfc93) andi    s9, s9, -1168
core   0: 3 0x80002778 (0xb70cfc93) x25 0x00000000
core   0: 0x8000277c (0x41c5dcb3) sra     s9, a1, t3
core   0: 3 0x8000277c (0x41c5dcb3) x25 0xffffffdc
core   0: 0x80002780 (0x039fcdb3) div     s11, t6, s9
core   0: 3 0x80002780 (0x039fcdb3) x27 0x00000000
core   0: 0x80002784 (0x0000853d) c.srai  a0, 15
core   0: 3 0x80002784 (0x853d) x10 0x00000000
core   0: 0x80002786 (0x00578763) beq     a5, t0, pc + 14
core   0: 3 0x80002786 (0x00578763)
core   0: 0x8000278a (0x00bf51b3) srl     gp, t5, a1
core   0: 3 0x8000278a (0x00bf51b3) x3  0x00000000
core   0: 0x8000278e (0x00008fe9) c.and   a5, a0
core   0: 3 0x8000278e (0x8fe9) x15 0x00000000
core   0: 0x80002790 (0x01180263) beq     a6, a7, pc + 4
core   0: 3 0x80002790 (0x01180263)
core   0: 0x80002794 (0x40e88933) sub     s2, a7, a4
core   0: 3 0x80002794 (0x40e88933) x18 0xffffff50
core   0: 0x80002798 (0x01f28c63) beq     t0, t6, pc + 24
core   0: 3 0x80002798 (0x01f28c63)
core   0: 0x800027b0 (0x00006ce9) c.lui   s9, 0x1a
core   0: 3 0x800027b0 (0x6ce9) x25 0x0001a000
core   0: 0x800027b2 (0x0000527d) c.li    tp, -1
core   0: 3 0x800027b2 (0x527d) x4  0xffffffff
core   0: 0x800027b4 (0x0000100f) fence.i
core   0: 3 0x800027b4 (0x0000100f)
core   0: 0x800027b8 (0x000000fd) c.addi  ra, 31
core   0: 3 0x800027b8 (0x00fd) x1  0x00000022
core   0: 0x800027ba (0x03873033) mulhu   zero, a4, s8
core   0: 3 0x800027ba (0x03873033)
core   0: 0x800027be (0x00006325) c.lui   t1, 0x9
core   0: 3 0x800027be (0x6325) x6  0x00009000
core   0: 0x800027c0 (0x0144af33) slt     t5, s1, s4
core   0: 3 0x800027c0 (0x0144af33) x30 0x00000001
core   0: 0x800027c4 (0x017af4b3) and     s1, s5, s7
core   0: 3 0x800027c4 (0x017af4b3) x9  0x00000000
core   0: 0x800027c8 (0x04490063) beq     s2, tp, pc + 64
core   0: 3 0x800027c8 (0x04490063)
core   0: 0x800027cc (0x03b38033) mul     zero, t2, s11
core   0: 3 0x800027cc (0x03b38033)
core   0: 0x800027d0 (0x340cec73) csrrsi  s8, mscratch, 25
core   0: 3 0x800027d0 (0x340cec73) x24 0x0000000f c832_mscratch 0x0000001f
core   0: 0x800027d4 (0x0000853d) c.srai  a0, 15
core   0: 3 0x800027d4 (0x853d) x10 0x00000000
core   0: 0x800027d6 (0x00001f0c) c.addi4spn a1, sp, 944
core   0: 3 0x800027d6 (0x1f0c) x11 0x000003b0
core   0: 0x800027d8 (0x034de033) rem     zero, s11, s4
core   0: 3 0x800027d8 (0x034de033)
core   0: 0x800027dc (0x00008e05) c.sub   a2, s1
core   0: 3 0x800027dc (0x8e05) x12 0x00000800
core   0: 0x800027de (0x01c289b3) add     s3, t0, t3
core   0: 3 0x800027de (0x01c289b3) x19 0x80029d24
core   0: 0x800027e2 (0x01fa8363) beq     s5, t6, pc + 6
core   0: 3 0x800027e2 (0x01fa8363)
core   0: 0x800027e8 (0x02b01863) bne     zero, a1, pc + 48
core   0: 3 0x800027e8 (0x02b01863)
core   0: 0x80002818 (0x40f303b3) sub     t2, t1, a5
core   0: 3 0x80002818 (0x40f303b3) x7  0x00009000
core   0: 0x8000281c (0x94717313) andi    t1, sp, -1721
core   0: 3 0x8000281c (0x94717313) x6  0x00000000
core   0: 0x80002820 (0x2c216f13) ori     t5, sp, 706
core   0: 3 0x80002820 (0x2c216f13) x30 0x000002c2
core   0: 0x80002824 (0x40070533) sub     a0, a4, zero
core   0: 3 0x80002824 (0x40070533) x10 0x000000b0
core   0: 0x80002828 (0x044b5163) bge     s6, tp, pc + 66
core   0: 3 0x80002828 (0x044b5163)
core   0: 0x8000286a (0x00117833) and     a6, sp, ra
core   0: 3 0x8000286a (0x00117833) x16 0x00000000
core   0: 0x8000286e (0x01c31263) bne     t1, t3, pc + 4
core   0: 3 0x8000286e (0x01c31263)
core   0: 0x80002872 (0x01257033) and     zero, a0, s2
core   0: 3 0x80002872 (0x01257033)
core   0: 0x80002876 (0x01e6d613) srli    a2, a3, 30
core   0: 3 0x80002876 (0x01e6d613) x12 0x00000003
core   0: 0x8000287a (0x008e4463) blt     t3, s0, pc + 8
core   0: 3 0x8000287a (0x008e4463)
core   0: 0x80002882 (0x03a97bb3) remu    s7, s2, s10
core   0: 3 0x80002882 (0x03a97bb3) x23 0x00000000
core   0: 0x80002886 (0x05ca0b13) addi    s6, s4, 92
core   0: 3 0x80002886 (0x05ca0b13) x22 0x0000005c
core   0: 0x8000288a (0x00008dad) c.xor   a1, a1
core   0: 3 0x8000288a (0x8dad) x11 0x00000000
core   0: 0x8000288c (0x00008d81) c.sub   a1, s0
core   0: 3 0x8000288c (0x8d81) x11 0x00000000
core   0: 0x8000288e (0x00000001) c.nop
core   0: 3 0x8000288e (0x0001)
core   0: 0x80002890 (0x00000c15) c.addi  s8, 5
core   0: 3 0x80002890 (0x0c15) x24 0x00000014
core   0: 0x80002892 (0x00008d91) c.sub   a1, a2
core   0: 3 0x80002892 (0x8d91) x11 0xfffffffd
core   0: 0x80002894 (0x03dd1cb3) mulh    s9, s10, t4
core   0: 3 0x80002894 (0x03dd1cb3) x25 0xffffffff
core   0: 0x80002898 (0x34009bf3) csrrw   s7, mscratch, ra
core   0: 3 0x80002898 (0x34009bf3) x23 0x0000001f c832_mscratch 0x00000022
core   0: 0x8000289c (0x03eb6c33) rem     s8, s6, t5
core   0: 3 0x8000289c (0x03eb6c33) x24 0x0000005c
core   0: 0x800028a0 (0x021c3f33) mulhu   t5, s8, ra
core   0: 3 0x800028a0 (0x021c3f33) x30 0x00000000
core   0: 0x800028a4 (0x0000958a) c.add   a1, sp
core   0: 3 0x800028a4 (0x958a) x11 0xfffffffd
core   0: 0x800028a6 (0x340771f3) csrrci  gp, mscratch, 14
core   0: 3 0x800028a6 (0x340771f3) x3  0x00000022 c832_mscratch 0x00000020
core   0: 0x800028aa (0x4071d513) srai    a0, gp, 7
core   0: 3 0x800028aa (0x4071d513) x10 0x00000000
core   0: 0x800028ae (0x00008ca5) c.xor   s1, s1
core   0: 3 0x800028ae (0x8ca5) x9  0x00000000
core   0: 0x800028b0 (0x023e9533) mulh    a0, t4, gp
core   0: 3 0x800028b0 (0x023e9533) x10 0xffffffef
core   0: 0x800028b4 (0x340a35f3) csrrc   a1, mscratch, s4
core   0: 3 0x800028b4 (0x340a35f3) x11 0x00000020 c832_mscratch 0x00000020
core   0: 0x800028b8 (0x00d19113) slli    sp, gp, 13
core   0: 3 0x800028b8 (0x00d19113) x2  0x00044000
core   0: 0x800028bc (0x0109e763) bltu    s3, a6, pc + 14
core   0: 3 0x800028bc (0x0109e763)
core   0: 0x800028c0 (0x00008ff9) c.and   a5, a4
core   0: 3 0x800028c0 (0x8ff9) x15 0x00000000
core   0: 0x800028c2 (0x0000717d) c.addi16sp sp, -16
core   0: 3 0x800028c2 (0x717d) x2  0x00043ff0
core   0: 0x800028c4 (0xb375b4b7) lui     s1, 0xb375b
core   0: 3 0x800028c4 (0xb375b4b7) x9  0xb375b000
core   0: 0x800028c8 (0x000084fe) c.mv    s1, t6
core   0: 3 0x800028c8 (0x84fe) x9  0x00000000
core   0: 0x800028ca (0x0000100f) fence.i
core   0: 3 0x800028ca (0x0000100f)
core   0: 0x800028ce (0x0312e4b3) rem     s1, t0, a7
core   0: 3 0x800028ce (0x0312e4b3) x9  0x00000000
core   0: 0x800028d2 (0x82104f13) xori    t5, zero, -2015
core   0: 3 0x800028d2 (0x82104f13) x30 0xfffff821
core   0: 0x800028d6 (0x34017773) csrrci  a4, mscratch, 2
core   0: 3 0x800028d6 (0x34017773) x14 0x00000020 c832_mscratch 0x00000020
core   0: 0x800028da (0x00000001) c.nop
core   0: 3 0x800028da (0x0001)
core   0: 0x800028dc (0x00000001) c.nop
core   0: 3 0x800028dc (0x0001)
core   0: 0x800028de (0x340a5d73) csrrwi  s10, mscratch, 20
core   0: 3 0x800028de (0x340a5d73) x26 0x00000020 c832_mscratch 0x00000014
core   0: 0x800028e2 (0x25734f93) xori    t6, t1, 599
core   0: 3 0x800028e2 (0x25734f93) x31 0x00000257
core   0: 0x800028e6 (0x00384763) blt     a6, gp, pc + 14
core   0: 3 0x800028e6 (0x00384763)
core   0: 0x800028f4 (0x00008e15) c.sub   a2, a3
core   0: 3 0x800028f4 (0x8e15) x12 0x00000289
core   0: 0x800028f6 (0x03f14bb3) div     s7, sp, t6
core   0: 3 0x800028f6 (0x03f14bb3) x23 0x000001d0
core   0: 0x800028fa (0x01168863) beq     a3, a7, pc + 16
core   0: 3 0x800028fa (0x01168863)
core   0: 0x800028fe (0xbb14ff13) andi    t5, s1, -1103
core   0: 3 0x800028fe (0xbb14ff13) x30 0x00000000
core   0: 0x80002902 (0x340038f3) csrrc   a7, mscratch, zero
core   0: 3 0x80002902 (0x340038f3) x17 0x00000014
core   0: 0x80002906 (0x02626133) rem     sp, tp, t1
core   0: 3 0x80002906 (0x02626133) x2  0xffffffff
core   0: 0x8000290a (0x824ba537) lui     a0, 0x824ba
core   0: 3 0x8000290a (0x824ba537) x10 0x824ba000
core   0: 0x8000290e (0xce040f93) addi    t6, s0, -800
core   0: 3 0x8000290e (0xce040f93) x31 0xfffffce0
core   0: 0x80002912 (0x40dd5033) sra     zero, s10, a3
core   0: 3 0x80002912 (0x40dd5033)
core   0: 0x80002916 (0x0000068a) c.slli  a3, 2
core   0: 3 0x80002916 (0x068a) x13 0xfffff5e8
core   0: 0x80002918 (0x00819613) slli    a2, gp, 8
core   0: 3 0x80002918 (0x00819613) x12 0x00002200
core   0: 0x8000291c (0x00006115) c.addi16sp sp, 288
core   0: 3 0x8000291c (0x6115) x2  0x0000011f
core   0: 0x8000291e (0x035715b3) mulh    a1, a4, s5
core   0: 3 0x8000291e (0x035715b3) x11 0x00000000
core   0: 0x80002922 (0x03cd5bb3) divu    s7, s10, t3
core   0: 3 0x80002922 (0x03cd5bb3) x23 0x00000000
core   0: 0x80002926 (0xca75b693) sltiu   a3, a1, -857
core   0: 3 0x80002926 (0xca75b693) x13 0x00000001
core   0: 0x8000292a (0x0000875a) c.mv    a4, s6
core   0: 3 0x8000292a (0x875a) x14 0x0000005c
core   0: 0x8000292c (0x36082a93) slti    s5, a6, 864
core   0: 3 0x8000292c (0x36082a93) x21 0x00000001
core   0: 0x80002930 (0x00000fe6) c.slli  t6, 25
core   0: 3 0x80002930 (0x0fe6) x31 0xc0000000
core   0: 0x80002932 (0x00000001) c.nop
core   0: 3 0x80002932 (0x0001)
core   0: 0x80002934 (0x00575c93) srli    s9, a4, 5
core   0: 3 0x80002934 (0x00575c93) x25 0x00000002
core   0: 0x80002938 (0x02710533) mul     a0, sp, t2
core   0: 3 0x80002938 (0x02710533) x10 0x00a17000
core   0: 0x8000293c (0x04f19363) bne     gp, a5, pc + 70
core   0: 3 0x8000293c (0x04f19363)
core   0: 0x80002982 (0x0014c833) xor     a6, s1, ra
core   0: 3 0x80002982 (0x0014c833) x16 0x00000022
core   0: 0x80002986 (0x01f10b33) add     s6, sp, t6
core   0: 3 0x80002986 (0x01f10b33) x22 0xc000011f
core   0: 0x8000298a (0x00008f29) c.xor   a4, a0
core   0: 3 0x8000298a (0x8f29) x14 0x00a1705c
core   0: 0x8000298c (0x00802033) slt     zero, zero, s0
core   0: 3 0x8000298c (0x00802033)
core   0: 0x80002990 (0x01e3f733) and     a4, t2, t5
core   0: 3 0x80002990 (0x01e3f733) x14 0x00000000
core   0: 0x80002994 (0x000092b6) c.add   t0, a3
core   0: 3 0x80002994 (0x92b6) x5  0x00000001
core   0: 0x80002996 (0x02938cb3) mul     s9, t2, s1
core   0: 3 0x80002996 (0x02938cb3) x25 0x00000000
core   0: 0x8000299a (0x0000717d) c.addi16sp sp, -16
core   0: 3 0x8000299a (0x717d) x2  0x0000010f
core   0: 0x8000299c (0x00001e1c) c.addi4spn a5, sp, 816
core   0: 3 0x8000299c (0x1e1c) x15 0x0000043f
core   0: 0x8000299e (0x037464b3) rem     s1, s0, s7
core   0: 3 0x8000299e (0x037464b3) x9  0x00000000
core   0: 0x800029a2 (0x0011b333) sltu    t1, gp, ra
core   0: 3 0x800029a2 (0x0011b333) x6  0x00000000
core   0: 0x800029a6 (0x00000001) c.nop
core   0: 3 0x800029a6 (0x0001)
core   0: 0x800029a8 (0x02ec5cb3) divu    s9, s8, a4
core   0: 3 0x800029a8 (0x02ec5cb3) x25 0xffffffff
core   0: 0x800029ac (0x0000717d) c.addi16sp sp, -16
core   0: 3 0x800029ac (0x717d) x2  0x000000ff
core   0: 0x800029ae (0x000880b3) add     ra, a7, zero
core   0: 3 0x800029ae (0x000880b3) x1  0x00000014
core   0: 0x800029b2 (0x41ff0833) sub     a6, t5, t6
core   0: 3 0x800029b2 (0x41ff0833) x16 0x40000000
core   0: 0x800029b6 (0x40b85a93) srai    s5, a6, 11
core   0: 3 0x800029b6 (0x40b85a93) x21 0x00080000
core   0: 0x800029ba (0x0090d713) srli    a4, ra, 9
core   0: 3 0x800029ba (0x0090d713) x14 0x00000000
core   0: 0x800029be (0x00b92c33) slt     s8, s2, a1
core   0: 3 0x800029be (0x00b92c33) x24 0x00000001
core   0: 0x800029c2 (0x012977b3) and     a5, s2, s2
core   0: 3 0x800029c2 (0x012977b3) x15 0xffffff50
core   0: 0x800029c6 (0x34036973) csrrsi  s2, mscratch, 6
core   0: 3 0x800029c6 (0x34036973) x18 0x00000014 c832_mscratch 0x00000016
core   0: 0x800029ca (0x00b602b3) add     t0, a2, a1
core   0: 3 0x800029ca (0x00b602b3) x5  0x00002200
core   0: 0x800029ce (0x34002ff3) csrr    t6, mscratch
core   0: 3 0x800029ce (0x34002ff3) x31 0x00000016
core   0: 0x800029d2 (0xf2218613) addi    a2, gp, -222
core   0: 3 0x800029d2 (0xf2218613) x12 0xffffff44
core   0: 0x800029d6 (0x50a8dbb7) lui     s7, 0x50a8d
core   0: 3 0x800029d6 (0x50a8dbb7) x23 0x50a8d000
core   0: 0x800029da (0x00011d13) slli    s10, sp, 0
core   0: 3 0x800029da (0x00011d13) x26 0x000000ff
core   0: 0x800029de (0x03740f33) mul     t5, s0, s7
core   0: 3 0x800029de (0x03740f33) x30 0x00000000
core   0: 0x800029e2 (0x340cba73) csrrc   s4, mscratch, s9
core   0: 3 0x800029e2 (0x340cba73) x20 0x00000016 c832_mscratch 0x00000000
core   0: 0x800029e6 (0x03355733) divu    a4, a0, s3
core   0: 3 0x800029e6 (0x03355733) x14 0x00000000
core   0: 0x800029ea (0x00000001) c.nop
core   0: 3 0x800029ea (0x0001)
core   0: 0x800029ec (0xe3e6a213) slti    tp, a3, -450
core   0: 3 0x800029ec (0xe3e6a213) x4  0x00000000
core   0: 0x800029f0 (0x59db8693) addi    a3, s7, 1437
core   0: 3 0x800029f0 (0x59db8693) x13 0x50a8d59d
core   0: 0x800029f4 (0x012ff263) bgeu    t6, s2, pc + 4
core   0: 3 0x800029f4 (0x012ff263)
core   0: 0x800029f8 (0x00008dde) c.mv    s11, s7
core   0: 3 0x800029f8 (0x8dde) x27 0x50a8d000
core   0: 0x800029fa (0x00000001) c.nop
core   0: 3 0x800029fa (0x0001)
core   0: 0x800029fc (0x00001b18) c.addi4spn a4, sp, 432
core   0: 3 0x800029fc (0x1b18) x14 0x000002af
core   0: 0x800029fe (0x00008c81) c.sub   s1, s0
core   0: 3 0x800029fe (0x8c81) x9  0x00000000
core   0: 0x80002a00 (0x026f50b3) divu    ra, t5, t1
core   0: 3 0x80002a00 (0x026f50b3) x1  0xffffffff
core   0: 0x80002a04 (0x02ef8f33) mul     t5, t6, a4
core   0: 3 0x80002a04 (0x02ef8f33) x30 0x00003b0a
core   0: 0x80002a08 (0x000083d2) c.mv    t2, s4
core   0: 3 0x80002a08 (0x83d2) x7  0x00000016
core   0: 0x80002a0a (0x0ff0000f) fence   iorw,iorw
core   0: 3 0x80002a0a (0x0ff0000f)
core   0: 0x80002a0e (0x412a5c33) sra     s8, s4, s2
core   0: 3 0x80002a0e (0x412a5c33) x24 0x00000000
core   0: 0x80002a12 (0x34003173) csrrc   sp, mscratch, zero
core   0: 3 0x80002a12 (0x34003173) x2  0x00000000
core   0: 0x80002a16 (0x000081fd) c.srli  a1, 31
core   0: 3 0x80002a16 (0x81fd) x11 0x00000000
core   0: 0x80002a18 (0x03bbbf33) mulhu   t5, s7, s11
core   0: 3 0x80002a18 (0x03bbbf33) x30 0x1969f151
core   0: 0x80002a1c (0x03d61db3) mulh    s11, a2, t4
core   0: 3 0x80002a1c (0x03d61db3) x27 0x0000005d
core   0: 0x80002a20 (0x34007f73) csrrci  t5, mscratch, 0
core   0: 3 0x80002a20 (0x34007f73) x30 0x00000000
core   0: 0x80002a24 (0x0000917e) c.add   sp, t6
core   0: 3 0x80002a24 (0x917e) x2  0x00000016
core   0: 0x80002a26 (0x0000100f) fence.i
core   0: 3 0x80002a26 (0x0000100f)
core   0: 0x80002a2a (0x00008fa1) c.xor   a5, s0
core   0: 3 0x80002a2a (0x8fa1) x15 0xffffff50
core   0: 0x80002a2c (0x0396a633) mulhsu  a2, a3, s9
core   0: 3 0x80002a2c (0x0396a633) x12 0x50a8d59c
core   0: 0x80002a30 (0x02aee3b3) rem     t2, t4, a0
core   0: 3 0x80002a30 (0x02aee3b3) x7  0xff64bea4
core   0: 0x80002a34 (0x030bda63) bge     s7, a6, pc + 52
core   0: 3 0x80002a34 (0x030bda63)
core   0: 0x80002a68 (0x0000e499) c.bnez  s1, pc + 14
core   0: 3 0x80002a68 (0xe499)
core   0: 0x80002a6a (0x02327c33) remu    s8, tp, gp
core   0: 3 0x80002a6a (0x02327c33) x24 0x00000000
core   0: 0x80002a6e (0x026dc733) div     a4, s11, t1
core   0: 3 0x80002a6e (0x026dc733) x14 0xffffffff
core   0: 0x80002a72 (0x3402a7f3) csrrs   a5, mscratch, t0
core   0: 3 0x80002a72 (0x3402a7f3) x15 0x00000000 c832_mscratch 0x00002200
core   0: 0x80002a76 (0x000052fd) c.li    t0, -1
core   0: 3 0x80002a76 (0x52fd) x5  0xffffffff
core   0: 0x80002a78 (0x00008d3d) c.xor   a0, a5
core   0: 3 0x80002a78 (0x8d3d) x10 0x00a17000
core   0: 0x80002a7a (0x00008ed1) c.or    a3, a2
core   0: 3 0x80002a7a (0x8ed1) x13 0x50a8d59d
core   0: 0x80002a7c (0x033816b3) mulh    a3, a6, s3
core   0: 3 0x80002a7c (0x033816b3) x13 0xe000a749
core   0: 0x80002a80 (0x03eae933) rem     s2, s5, t5
core   0: 3 0x80002a80 (0x03eae933) x18 0x00080000
core   0: 0x80002a84 (0x34006173) csrrsi  sp, mscratch, 0
core   0: 3 0x80002a84 (0x34006173) x2  0x00002200
core   0: 0x80002a88 (0x02dd9233) mulh    tp, s11, a3
core   0: 3 0x80002a88 (0x02dd9233) x4  0xfffffff4
core   0: 0x80002a8c (0x34045773) csrrwi  a4, mscratch, 8
core   0: 3 0x80002a8c (0x34045773) x14 0x00002200 c832_mscratch 0x00000008
core   0: 0x80002a90 (0xa7787b13) andi    s6, a6, -1417
core   0: 3 0x80002a90 (0xa7787b13) x22 0x40000000
core   0: 0x80002a94 (0x012d2333) slt     t1, s10, s2
core   0: 3 0x80002a94 (0x012d2333) x6  0x00000001
core   0: 0x80002a98 (0x40e28f33) sub     t5, t0, a4
core   0: 3 0x80002a98 (0x40e28f33) x30 0xffffddff
core   0: 0x80002a9c (0x34007f73) csrrci  t5, mscratch, 0
core   0: 3 0x80002a9c (0x34007f73) x30 0x00000008
core   0: 0x80002aa0 (0x00000001) c.nop
core   0: 3 0x80002aa0 (0x0001)
core   0: 0x80002aa2 (0x0000863e) c.mv    a2, a5
core   0: 3 0x80002aa2 (0x863e) x12 0x00000000
core   0: 0x80002aa4 (0x011cf6b3) and     a3, s9, a7
core   0: 3 0x80002aa4 (0x011cf6b3) x13 0x00000014
core   0: 0x80002aa8 (0x00c83233) sltu    tp, a6, a2
core   0: 3 0x80002aa8 (0x00c83233) x4  0x00000000
core   0: 0x80002aac (0x00009bfd) c.andi  a5, -1
core   0: 3 0x80002aac (0x9bfd) x15 0x00000000
core   0: 0x80002aae (0x0306b9b3) mulhu   s3, a3, a6
core   0: 3 0x80002aae (0x0306b9b3) x19 0x00000005
core   0: 0x80002ab2 (0x03c5a7b3) mulhsu  a5, a1, t3
core   0: 3 0x80002ab2 (0x03c5a7b3) x15 0x00000000
core   0: 0x80002ab6 (0x01935c63) bge     t1, s9, pc + 24
core   0: 3 0x80002ab6 (0x01935c63)
core   0: 0x80002ace (0xf747ef93) ori     t6, a5, -140
core   0: 3 0x80002ace (0xf747ef93) x31 0xffffff74
core   0: 0x80002ad2 (0x340b5af3) csrrwi  s5, mscratch, 22
core   0: 3 0x80002ad2 (0x340b5af3) x21 0x00000008 c832_mscratch 0x00000016
core   0: 0x80002ad6 (0x00008939) c.andi  a0, 14
core   0: 3 0x80002ad6 (0x8939) x10 0x00000000
core   0: 0x80002ad8 (0x01d21993) slli    s3, tp, 29
core   0: 3 0x80002ad8 (0x01d21993) x19 0x00000000
core   0: 0x80002adc (0x033510b3) mulh    ra, a0, s3
core   0: 3 0x80002adc (0x033510b3) x1  0x00000000
core   0: 0x80002ae0 (0xf66ab313) sltiu   t1, s5, -154
core   0: 3 0x80002ae0 (0xf66ab313) x6  0x00000001
core   0: 0x80002ae4 (0x0014d9b3) srl     s3, s1, ra
core   0: 3 0x80002ae4 (0x0014d9b3) x19 0x00000000
core   0: 0x80002ae8 (0x00001f1c) c.addi4spn a5, sp, 944
core   0: 3 0x80002ae8 (0x1f1c) x15 0x000025b0
core   0: 0x80002aea (0x340a27f3) csrrs   a5, mscratch, s4
core   0: 3 0x80002aea (0x340a27f3) x15 0x00000016 c832_mscratch 0x00000016
core   0: 0x80002aee (0x34042173) csrrs   sp, mscratch, s0
core   0: 3 0x80002aee (0x34042173) x2  0x00000016 c832_mscratch 0x00000016
core   0: 0x80002af2 (0x1249b293) sltiu   t0, s3, 292
core   0: 3 0x80002af2 (0x1249b293) x5  0x00000001
core   0: 0x80002af6 (0x0000717d) c.addi16sp sp, -16
core   0: 3 0x80002af6 (0x717d) x2  0x00000006
core   0: 0x80002af8 (0x0ff0000f) fence   iorw,iorw
core   0: 3 0x80002af8 (0x0ff0000f)
core   0: 0x80002afc (0x8a22acb7) lui     s9, 0x8a22a
core   0: 3 0x80002afc (0x8a22acb7) x25 0x8a22a000
core   0: 0x80002b00 (0x00008345) c.srli  a4, 17
core   0: 3 0x80002b00 (0x8345) x14 0x00000000
core   0: 0x80002b02 (0x340a5373) csrrwi  t1, mscratch, 20
core   0: 3 0x80002b02 (0x340a5373) x6  0x00000016 c832_mscratch 0x00000014
core   0: 0x80002b06 (0x00000001) c.nop
core   0: 3 0x80002b06 (0x0001)
core   0: 0x80002b08 (0x0000697d) c.lui   s2, 0x1f
core   0: 3 0x80002b08 (0x697d) x18 0x0001f000
core   0: 0x80002b0a (0x01fa9133) sll     sp, s5, t6
core   0: 3 0x80002b0a (0x01fa9133) x2  0x00800000
core   0: 0x80002b0e (0xb6332a13) slti    s4, t1, -1181
core   0: 3 0x80002b0e (0xb6332a13) x20 0x00000000
core   0: 0x80002b12 (0x00ba1863) bne     s4, a1, pc + 16
core   0: 3 0x80002b12 (0x00ba1863)
core   0: 0x80002b16 (0x023e1963) bne     t3, gp, pc + 50
core   0: 3 0x80002b16 (0x023e1963)
core   0: 0x80002b48 (0x00bac463) blt     s5, a1, pc + 8
core   0: 3 0x80002b48 (0x00bac463)
core   0: 0x80002b4c (0x34005373) csrrwi  t1, mscratch, 0
core   0: 3 0x80002b4c (0x34005373) x6  0x00000014 c832_mscratch 0x00000000
core   0: 0x80002b50 (0x34016a73) csrrsi  s4, mscratch, 2
core   0: 3 0x80002b50 (0x34016a73) x20 0x00000000 c832_mscratch 0x00000002
core   0: 0x80002b54 (0x0338f863) bgeu    a7, s3, pc + 48
core   0: 3 0x80002b54 (0x0338f863)
core   0: 0x80002b84 (0x00008fb1) c.xor   a5, a2
core   0: 3 0x80002b84 (0x8fb1) x15 0x00000016
core   0: 0x80002b86 (0x035bdd33) divu    s10, s7, s5
core   0: 3 0x80002b86 (0x035bdd33) x26 0x0a151a00
core   0: 0x80002b8a (0x34003c73) csrrc   s8, mscratch, zero
core   0: 3 0x80002b8a (0x34003c73) x24 0x00000002
core   0: 0x80002b8e (0x00008269) c.srli  a2, 26
core   0: 3 0x80002b8e (0x8269) x12 0x00000000
core   0: 0x80002b90 (0x00008f75) c.and   a4, a3
core   0: 3 0x80002b90 (0x8f75) x14 0x00000000
core   0: 0x80002b92 (0x05ae7163) bgeu    t3, s10, pc + 66
core   0: 3 0x80002b92 (0x05ae7163)
core   0: 0x80002bd4 (0x033a8033) mul     zero, s5, s3
core   0: 3 0x80002bd4 (0x033a8033)
core   0: 0x80002bd8 (0x0285e233) rem     tp, a1, s0
core   0: 3 0x80002bd8 (0x0285e233) x4  0x00000000
core   0: 0x80002bdc (0x000003a1) c.addi  t2, 8
core   0: 3 0x80002bdc (0x03a1) x7  0xff64beac
core   0: 0x80002bde (0x00004519) c.li    a0, 6
core   0: 3 0x80002bde (0x4519) x10 0x00000006
core   0: 0x80002be0 (0x034fd863) bge     t6, s4, pc + 48
core   0: 3 0x80002be0 (0x034fd863)
core   0: 0x80002be4 (0x03355d33) divu    s10, a0, s3
core   0: 3 0x80002be4 (0x03355d33) x26 0xffffffff
core   0: 0x80002be8 (0x3409eaf3) csrrsi  s5, mscratch, 19
core   0: 3 0x80002be8 (0x3409eaf3) x21 0x00000002 c832_mscratch 0x00000013
core   0: 0x80002bec (0x00f56c63) bltu    a0, a5, pc + 24
core   0: 3 0x80002bec (0x00f56c63)
core   0: 0x80002c04 (0x0097cab3) xor     s5, a5, s1
core   0: 3 0x80002c04 (0x0097cab3) x21 0x00000016
core   0: 0x80002c08 (0x018aaab3) slt     s5, s5, s8
core   0: 3 0x80002c08 (0x018aaab3) x21 0x00000000
core   0: 0x80002c0c (0x34006c73) csrrsi  s8, mscratch, 0
core   0: 3 0x80002c0c (0x34006c73) x24 0x00000013
core   0: 0x80002c10 (0x0000e619) c.bnez  a2, pc + 14
core   0: 3 0x80002c10 (0xe619)
core   0: 0x80002c12 (0x007d7863) bgeu    s10, t2, pc + 16
core   0: 3 0x80002c12 (0x007d7863)
core   0: 0x80002c22 (0x03267033) remu    zero, a2, s2
core   0: 3 0x80002c22 (0x03267033)
core   0: 0x80002c26 (0x00000001) c.nop
core   0: 3 0x80002c26 (0x0001)
core   0: 0x80002c28 (0x340f6b73) csrrsi  s6, mscratch, 30
core   0: 3 0x80002c28 (0x340f6b73) x22 0x00000013 c832_mscratch 0x0000001f
core   0: 0x80002c2c (0x038187b3) mul     a5, gp, s8
core   0: 3 0x80002c2c (0x038187b3) x15 0x00000286
core   0: 0x80002c30 (0x340ae3f3) csrrsi  t2, mscratch, 21
core   0: 3 0x80002c30 (0x340ae3f3) x7  0x0000001f c832_mscratch 0x0000001f
core   0: 0x80002c34 (0x00008e71) c.and   a2, a2
core   0: 3 0x80002c34 (0x8e71) x12 0x00000000
core   0: 0x80002c36 (0x013fda93) srli    s5, t6, 19
core   0: 3 0x80002c36 (0x013fda93) x21 0x00001fff
core   0: 0x80002c3a (0x000081f2) c.mv    gp, t3
core   0: 3 0x80002c3a (0x81f2) x3  0x80029d24
core   0: 0x80002c3c (0x0ff0000f) fence   iorw,iorw
core   0: 3 0x80002c3c (0x0ff0000f)
core   0: 0x80002c40 (0x00000d89) c.addi  s11, 2
core   0: 3 0x80002c40 (0x0d89) x27 0x0000005f
core   0: 0x80002c42 (0x3408abf3) csrrs   s7, mscratch, a7
core   0: 3 0x80002c42 (0x3408abf3) x23 0x0000001f c832_mscratch 0x0000001f
core   0: 0x80002c46 (0x00000001) c.nop
core   0: 3 0x80002c46 (0x0001)
core   0: 0x80002c48 (0x023d9763) bne     s11, gp, pc + 46
core   0: 3 0x80002c48 (0x023d9763)
core   0: 0x80002c76 (0x02c92fb3) mulhsu  t6, s2, a2
core   0: 3 0x80002c76 (0x02c92fb3) x31 0x00000000
core   0: 0x80002c7a (0x038fd133) divu    sp, t6, s8
core   0: 3 0x80002c7a (0x038fd133) x2  0x00000000
core   0: 0x80002c7e (0x0319a1b3) mulhsu  gp, s3, a7
core   0: 3 0x80002c7e (0x0319a1b3) x3  0x00000000
core   0: 0x80002c82 (0x0258ec63) bltu    a7, t0, pc + 56
core   0: 3 0x80002c82 (0x0258ec63)
core   0: 0x80002c86 (0x472b4937) lui     s2, 0x472b4
core   0: 3 0x80002c86 (0x472b4937) x18 0x472b4000
core   0: 0x80002c8a (0x038e1963) bne     t3, s8, pc + 50
core   0: 3 0x80002c8a (0x038e1963)
core   0: 0x80002cbc (0x34086173) csrrsi  sp, mscratch, 16
core   0: 3 0x80002cbc (0x34086173) x2  0x0000001f c832_mscratch 0x0000001f
core   0: 0x80002cc0 (0x04677363) bgeu    a4, t1, pc + 70
core   0: 3 0x80002cc0 (0x04677363)
core   0: 0x80002cc4 (0x0051f933) and     s2, gp, t0
core   0: 3 0x80002cc4 (0x0051f933) x18 0x00000000
core   0: 0x80002cc8 (0x02b41d33) mulh    s10, s0, a1
core   0: 3 0x80002cc8 (0x02b41d33) x26 0x00000000
core   0: 0x80002ccc (0x0381e4b3) rem     s1, gp, s8
core   0: 3 0x80002ccc (0x0381e4b3) x9  0x00000000
core   0: 0x80002cd0 (0xb5b4ef13) ori     t5, s1, -1189
core   0: 3 0x80002cd0 (0xb5b4ef13) x30 0xfffffb5b
core   0: 0x80002cd4 (0x016b5133) srl     sp, s6, s6
core   0: 3 0x80002cd4 (0x016b5133) x2  0x00000000
core   0: 0x80002cd8 (0x03201bb3) mulh    s7, zero, s2
core   0: 3 0x80002cd8 (0x03201bb3) x23 0x00000000
core   0: 0x80002cdc (0xe35de013) ori     zero, s11, -459
core   0: 3 0x80002cdc (0xe35de013)
core   0: 0x80002ce0 (0x01357563) bgeu    a0, s3, pc + 10
core   0: 3 0x80002ce0 (0x01357563)
core   0: 0x80002cea (0x002472b3) and     t0, s0, sp
core   0: 3 0x80002cea (0x002472b3) x5  0x00000000
core   0: 0x80002cee (0x228b3293) sltiu   t0, s6, 552
core   0: 3 0x80002cee (0x228b3293) x5  0x00000001
core   0: 0x80002cf2 (0x34007173) csrrci  sp, mscratch, 0
core   0: 3 0x80002cf2 (0x34007173) x2  0x0000001f
core   0: 0x80002cf6 (0x0ff0000f) fence   iorw,iorw
core   0: 3 0x80002cf6 (0x0ff0000f)
core   0: 0x80002cfa (0x00f86563) bltu    a6, a5, pc + 10
core   0: 3 0x80002cfa (0x00f86563)
core   0: 0x80002cfe (0x000000c2) c.slli  ra, 16
core   0: 3 0x80002cfe (0x00c2) x1  0x00000000
core   0: 0x80002d00 (0x0202aa33) mulhsu  s4, t0, zero
core   0: 3 0x80002d00 (0x0202aa33) x20 0x00000000
core   0: 0x80002d04 (0x00008d45) c.or    a0, s1
core   0: 3 0x80002d04 (0x8d45) x10 0x00000006
core   0: 0x80002d06 (0x0000ce85) c.beqz  a3, pc + 56
core   0: 3 0x80002d06 (0xce85)
core   0: 0x80002d08 (0x000061c5) c.lui   gp, 0x11
core   0: 3 0x80002d08 (0x61c5) x3  0x00011000
core   0: 0x80002d0a (0xa7c0e213) ori     tp, ra, -1412
core   0: 3 0x80002d0a (0xa7c0e213) x4  0xfffffa7c
core   0: 0x80002d0e (0x01f87863) bgeu    a6, t6, pc + 16
core   0: 3 0x80002d0e (0x01f87863)
core   0: 0x80002d1e (0x73032a17) auipc   s4, 0x73032
core   0: 3 0x80002d1e (0x73032a17) x20 0xf3034d1e
core   0: 0x80002d22 (0x00006941) c.lui   s2, 0x10
core   0: 3 0x80002d22 (0x6941) x18 0x00010000
core   0: 0x80002d24 (0x3ad35217) auipc   tp, 0x3ad35
core   0: 3 0x80002d24 (0x3ad35217) x4  0xbad37d24
core   0: 0x80002d28 (0x34007a73) csrrci  s4, mscratch, 0
core   0: 3 0x80002d28 (0x34007a73) x20 0x0000001f
core   0: 0x80002d2c (0x00125463) bge     tp, ra, pc + 8
core   0: 3 0x80002d2c (0x00125463)
core   0: 0x80002d30 (0xce450c93) addi    s9, a0, -796
core   0: 3 0x80002d30 (0xce450c93) x25 0xfffffcea
core   0: 0x80002d34 (0x0000100f) fence.i
core   0: 3 0x80002d34 (0x0000100f)
core   0: 0x80002d38 (0x00008fd5) c.or    a5, a3
core   0: 3 0x80002d38 (0x8fd5) x15 0x00000296
core   0: 0x80002d3a (0x01754c33) xor     s8, a0, s7
core   0: 3 0x80002d3a (0x01754c33) x24 0x00000006
core   0: 0x80002d3e (0x00008e49) c.or    a2, a0
core   0: 3 0x80002d3e (0x8e49) x12 0x00000006
core   0: 0x80002d40 (0xec980313) addi    t1, a6, -311
core   0: 3 0x80002d40 (0xec980313) x6  0x3ffffec9
core   0: 0x80002d44 (0x0076f833) and     a6, a3, t2
core   0: 3 0x80002d44 (0x0076f833) x16 0x00000014
core   0: 0x80002d48 (0x025e2f33) mulhsu  t5, t3, t0
core   0: 3 0x80002d48 (0x025e2f33) x30 0xffffffff
core   0: 0x80002d4c (0x0000717d) c.addi16sp sp, -16
core   0: 3 0x80002d4c (0x717d) x2  0x0000000f
core   0: 0x80002d4e (0x34003673) csrrc   a2, mscratch, zero
core   0: 3 0x80002d4e (0x34003673) x12 0x0000001f
core   0: 0x80002d52 (0x00001e1c) c.addi4spn a5, sp, 816
core   0: 3 0x80002d52 (0x1e1c) x15 0x0000033f
core   0: 0x80002d54 (0x340090f3) csrrw   ra, mscratch, ra
core   0: 3 0x80002d54 (0x340090f3) x1  0x0000001f c832_mscratch 0x00000000
core   0: 0x80002d58 (0x0043d513) srli    a0, t2, 4
core   0: 3 0x80002d58 (0x0043d513) x10 0x00000001
core   0: 0x80002d5c (0x34046073) csrsi   mscratch, 8
core   0: 3 0x80002d5c (0x34046073) c832_mscratch 0x00000008
core   0: 0x80002d60 (0x0ff0000f) fence   iorw,iorw
core   0: 3 0x80002d60 (0x0ff0000f)
core   0: 0x80002d64 (0x00000fad) c.addi  t6, 11
core   0: 3 0x80002d64 (0x0fad) x31 0x0000000b
core   0: 0x80002d66 (0x0000ed01) c.bnez  a0, pc + 24
core   0: 3 0x80002d66 (0xed01)
core   0: 0x80002d7e (0x0ff0000f) fence   iorw,iorw
core   0: 3 0x80002d7e (0x0ff0000f)
core   0: 0x80002d82 (0x00008f79) c.and   a4, a4
core   0: 3 0x80002d82 (0x8f79) x14 0x00000000
core   0: 0x80002d84 (0x02c8da33) divu    s4, a7, a2
core   0: 3 0x80002d84 (0x02c8da33) x20 0x00000000
core   0: 0x80002d88 (0x00c819b3) sll     s3, a6, a2
core   0: 3 0x80002d88 (0x00c819b3) x19 0x00000000
core   0: 0x80002d8c (0x0000c995) c.beqz  a1, pc + 52
core   0: 3 0x80002d8c (0xc995)
core   0: 0x80002dc0 (0x00000f95) c.addi  t6, 5
core   0: 3 0x80002dc0 (0x0f95) x31 0x00000010
core   0: 0x80002dc2 (0x34006873) csrrsi  a6, mscratch, 0
core   0: 3 0x80002dc2 (0x34006873) x16 0x00000008
core   0: 0x80002dc6 (0x02a1d933) divu    s2, gp, a0
core   0: 3 0x80002dc6 (0x02a1d933) x18 0x00011000
core   0: 0x80002dca (0xc8ce0313) addi    t1, t3, -884
core   0: 3 0x80002dca (0xc8ce0313) x6  0x800299b0
core   0: 0x80002dce (0x00009bfd) c.andi  a5, -1
core   0: 3 0x80002dce (0x9bfd) x15 0x0000033f
core   0: 0x80002dd0 (0x0295b033) mulhu   zero, a1, s1
core   0: 3 0x80002dd0 (0x0295b033)
core   0: 0x80002dd4 (0x340b7af3) csrrci  s5, mscratch, 22
core   0: 3 0x80002dd4 (0x340b7af3) x21 0x00000008 c832_mscratch 0x00000008
core   0: 0x80002dd8 (0x00000205) c.addi  tp, 1
core   0: 3 0x80002dd8 (0x0205) x4  0xbad37d25
core   0: 0x80002dda (0x05bf1363) bne     t5, s11, pc + 70
core   0: 3 0x80002dda (0x05bf1363)
core   0: 0x80002e20 (0x02342a33) mulhsu  s4, s0, gp
core   0: 3 0x80002e20 (0x02342a33) x20 0x00000000
core   0: 0x80002e24 (0x02a9dfb3) divu    t6, s3, a0
core   0: 3 0x80002e24 (0x02a9dfb3) x31 0x00000000
core   0: 0x80002e28 (0x00008d6d) c.and   a0, a1
core   0: 3 0x80002e28 (0x8d6d) x10 0x00000000
core   0: 0x80002e2a (0x000006ea) c.slli  a3, 26
core   0: 3 0x80002e2a (0x06ea) x13 0x50000000
core   0: 0x80002e2c (0x00000001) c.nop
core   0: 3 0x80002e2c (0x0001)
core   0: 0x80002e2e (0x3409d673) csrrwi  a2, mscratch, 19
core   0: 3 0x80002e2e (0x3409d673) x12 0x00000008 c832_mscratch 0x00000013
core   0: 0x80002e32 (0x00000e88) c.addi4spn a0, sp, 848
core   0: 3 0x80002e32 (0x0e88) x10 0x0000035f
core   0: 0x80002e34 (0x00009fee) c.add   t6, s11
core   0: 3 0x80002e34 (0x9fee) x31 0x0000005f
core   0: 0x80002e36 (0x0ff0000f) fence   iorw,iorw
core   0: 3 0x80002e36 (0x0ff0000f)
core   0: 0x80002e3a (0x00008f7d) c.and   a4, a5
core   0: 3 0x80002e3a (0x8f7d) x14 0x00000000
core   0: 0x80002e3c (0x0ff0000f) fence   iorw,iorw
core   0: 3 0x80002e3c (0x0ff0000f)
core   0: 0x80002e40 (0x00216763) bltu    sp, sp, pc + 14
core   0: 3 0x80002e40 (0x00216763)
core   0: 0x80002e44 (0x00000262) c.slli  tp, 24
core   0: 3 0x80002e44 (0x0262) x4  0x25000000
core   0: 0x80002e46 (0x0000187d) c.addi  a6, -1
core   0: 3 0x80002e46 (0x187d) x16 0x00000007
core   0: 0x80002e48 (0x008765b3) or      a1, a4, s0
core   0: 3 0x80002e48 (0x008765b3) x11 0x00000000
core   0: 0x80002e4c (0x00000001) c.nop
core   0: 3 0x80002e4c (0x0001)
core   0: 0x80002e4e (0x0000100f) fence.i
core   0: 3 0x80002e4e (0x0000100f)
core   0: 0x80002e52 (0x01ef1863) bne     t5, t5, pc + 16
core   0: 3 0x80002e52 (0x01ef1863)
core   0: 0x80002e56 (0x00000001) c.nop
core   0: 3 0x80002e56 (0x0001)
core   0: 0x80002e58 (0x3404b3f3) csrrc   t2, mscratch, s1
core   0: 3 0x80002e58 (0x3404b3f3) x7  0x00000013 c832_mscratch 0x00000013
core   0: 0x80002e5c (0x0000e591) c.bnez  a1, pc + 12
core   0: 3 0x80002e5c (0xe591)
core   0: 0x80002e5e (0x00559db3) sll     s11, a1, t0
core   0: 3 0x80002e5e (0x00559db3) x27 0x00000000
core   0: 0x80002e62 (0x48c45c17) auipc   s8, 0x48c45
core   0: 3 0x80002e62 (0x48c45c17) x24 0xc8c47e62
core   0: 0x80002e66 (0x000081ad) c.srli  a1, 11
core   0: 3 0x80002e66 (0x81ad) x11 0x00000000
core   0: 0x80002e68 (0x00000001) c.nop
core   0: 3 0x80002e68 (0x0001)
core   0: 0x80002e6a (0x94124193) xori    gp, tp, -1727
core   0: 3 0x80002e6a (0x94124193) x3  0xdafff941
core   0: 0x80002e6e (0x00000001) c.nop
core   0: 3 0x80002e6e (0x0001)
core   0: 0x80002e70 (0x012c9a33) sll     s4, s9, s2
core   0: 3 0x80002e70 (0x012c9a33) x20 0xfffffcea
core   0: 0x80002e74 (0x005a55b3) srl     a1, s4, t0
core   0: 3 0x80002e74 (0x005a55b3) x11 0x7ffffe75
core   0: 0x80002e78 (0x0000875d) c.srai  a4, 23
core   0: 3 0x80002e78 (0x875d) x14 0x00000000
core   0: 0x80002e7a (0x00000faa) c.slli  t6, 10
core   0: 3 0x80002e7a (0x0faa) x31 0x00017c00
core   0: 0x80002e7c (0x00008a96) c.mv    s5, t0
core   0: 3 0x80002e7c (0x8a96) x21 0x00000001
core   0: 0x80002e7e (0x00000001) c.nop
core   0: 3 0x80002e7e (0x0001)
core   0: 0x80002e80 (0x033b2f33) mulhsu  t5, s6, s3
core   0: 3 0x80002e80 (0x033b2f33) x30 0x00000000
core   0: 0x80002e84 (0x017c80b3) add     ra, s9, s7
core   0: 3 0x80002e84 (0x017c80b3) x1  0xfffffcea
core   0: 0x80002e88 (0xf5707f17) auipc   t5, 0xf5707
core   0: 3 0x80002e88 (0xf5707f17) x30 0x75709e88
core   0: 0x80002e8c (0x86f6f613) andi    a2, a3, -1937
core   0: 3 0x80002e8c (0x86f6f613) x12 0x50000000
core   0: 0x80002e90 (0x03ee6cb3) rem     s9, t3, t5
core   0: 3 0x80002e90 (0x03ee6cb3) x25 0xf5733bac
core   0: 0x80002e94 (0x417e5c33) sra     s8, t3, s7
core   0: 3 0x80002e94 (0x417e5c33) x24 0x80029d24
core   0: 0x80002e98 (0x340066f3) csrrsi  a3, mscratch, 0
core   0: 3 0x80002e98 (0x340066f3) x13 0x00000013
core   0: 0x80002e9c (0x00008d65) c.and   a0, s1
core   0: 3 0x80002e9c (0x8d65) x10 0x00000000
core   0: 0x80002e9e (0x01826633) or      a2, tp, s8
core   0: 3 0x80002e9e (0x01826633) x12 0xa5029d24
core   0: 0x80002ea2 (0x26678a93) addi    s5, a5, 614
core   0: 3 0x80002ea2 (0x26678a93) x21 0x000005a5
core   0: 0x80002ea6 (0x000049c1) c.li    s3, 16
core   0: 3 0x80002ea6 (0x49c1) x19 0x00000010
core   0: 0x80002ea8 (0x340ed573) csrrwi  a0, mscratch, 29
core   0: 3 0x80002ea8 (0x340ed573) x10 0x00000013 c832_mscratch 0x0000001d
core   0: 0x80002eac (0x00008d39) c.xor   a0, a4
core   0: 3 0x80002eac (0x8d39) x10 0x00000013
core   0: 0x80002eae (0x0000717d) c.addi16sp sp, -16
core   0: 3 0x80002eae (0x717d) x2  0xffffffff
core   0: 0x80002eb0 (0x415b5693) srai    a3, s6, 21
core   0: 3 0x80002eb0 (0x415b5693) x13 0x00000000
core   0: 0x80002eb4 (0x0165f263) bgeu    a1, s6, pc + 4
core   0: 3 0x80002eb4 (0x0165f263)
core   0: 0x80002eb8 (0x0000815d) c.srli  a0, 23
core   0: 3 0x80002eb8 (0x815d) x10 0x00000000
core   0: 0x80002eba (0x00000116) c.slli  sp, 5
core   0: 3 0x80002eba (0x0116) x2  0xffffffe0
core   0: 0x80002ebc (0x00008179) c.srli  a0, 30
core   0: 3 0x80002ebc (0x8179) x10 0x00000000
core   0: 0x80002ebe (0x000055fd) c.li    a1, -1
core   0: 3 0x80002ebe (0x55fd) x11 0xffffffff
core   0: 0x80002ec0 (0x014353b3) srl     t2, t1, s4
core   0: 3 0x80002ec0 (0x014353b3) x7  0x002000a6
core   0: 0x80002ec4 (0x00008d79) c.and   a0, a4
core   0: 3 0x80002ec4 (0x8d79) x10 0x00000000
core   0: 0x80002ec6 (0x00e05713) srli    a4, zero, 14
core   0: 3 0x80002ec6 (0x00e05713) x14 0x00000000
core   0: 0x80002eca (0x022c1663) bne     s8, sp, pc + 44
core   0: 3 0x80002eca (0x022c1663)
core   0: 0x80002ef6 (0xb1662193) slti    gp, a2, -1258
core   0: 3 0x80002ef6 (0xb1662193) x3  0x00000001
core   0: 0x80002efa (0x13dd7213) andi    tp, s10, 317
core   0: 3 0x80002efa (0x13dd7213) x4  0x00000000
core   0: 0x80002efe (0x001a73b3) and     t2, s4, ra
core   0: 3 0x80002efe (0x001a73b3) x7  0xfffffcea
core   0: 0x80002f02 (0x00008751) c.srai  a4, 20
core   0: 3 0x80002f02 (0x8751) x14 0x00000000
core   0: 0x80002f04 (0x009cd0b3) srl     ra, s9, s1
core   0: 3 0x80002f04 (0x009cd0b3) x1  0xf5733bac
core   0: 0x80002f08 (0x0000825d) c.srli  a2, 23
core   0: 3 0x80002f08 (0x825d) x12 0x0000014a
core   0: 0x80002f0a (0x00859013) slli    zero, a1, 8
core   0: 3 0x80002f0a (0x00859013)
core   0: 0x80002f0e (0x00b08a33) add     s4, ra, a1
core   0: 3 0x80002f0e (0x00b08a33) x20 0xf5733bab
core   0: 0x80002f12 (0xc9080617) auipc   a2, 0xc9080
core   0: 3 0x80002f12 (0xc9080617) x12 0x49082f12
core   0: 0x80002f16 (0x032e8bb3) mul     s7, t4, s2
core   0: 3 0x80002f16 (0x032e8bb3) x23 0x848e4000
core   0: 0x80002f1a (0x01ec9463) bne     s9, t5, pc + 8
core   0: 3 0x80002f1a (0x01ec9463)
core   0: 0x80002f22 (0x00a25393) srli    t2, tp, 10
core   0: 3 0x80002f22 (0x00a25393) x7  0x00000000
core   0: 0x80002f26 (0x00008d71) c.and   a0, a2
core   0: 3 0x80002f26 (0x8d71) x10 0x00000000
core   0: 0x80002f28 (0x027d8333) mul     t1, s11, t2
core   0: 3 0x80002f28 (0x027d8333) x6  0x00000000
core   0: 0x80002f2c (0x83f1ba93) sltiu   s5, gp, -1985
core   0: 3 0x80002f2c (0x83f1ba93) x21 0x00000001
core   0: 0x80002f30 (0xbe223793) sltiu   a5, tp, -1054
core   0: 3 0x80002f30 (0xbe223793) x15 0x00000001
core   0: 0x80002f34 (0x0000ed85) c.bnez  a1, pc + 56
core   0: 3 0x80002f34 (0xed85)
core   0: 0x80002f6c (0x00008f1d) c.sub   a4, a5
core   0: 3 0x80002f6c (0x8f1d) x14 0xffffffff
core   0: 0x80002f6e (0x0085dc33) srl     s8, a1, s0
core   0: 3 0x80002f6e (0x0085dc33) x24 0xffffffff
core   0: 0x80002f72 (0x01dfd133) srl     sp, t6, t4
core   0: 3 0x80002f72 (0x01dfd133) x2  0x000017c0
core   0: 0x80002f76 (0x0ff0000f) fence   iorw,iorw
core   0: 3 0x80002f76 (0x0ff0000f)
core   0: 0x80002f7a (0x0000517d) c.li    sp, -1
core   0: 3 0x80002f7a (0x517d) x2  0xffffffff
core   0: 0x80002f7c (0x0000c999) c.beqz  a1, pc + 22
core   0: 3 0x80002f7c (0xc999)
core   0: 0x80002f7e (0x00006545) c.lui   a0, 0x11
core   0: 3 0x80002f7e (0x6545) x10 0x00011000
core   0: 0x80002f80 (0x01e3c033) xor     zero, t2, t5
core   0: 3 0x80002f80 (0x01e3c033)
core   0: 0x80002f84 (0x3401d373) csrrwi  t1, mscratch, 3
core   0: 3 0x80002f84 (0x3401d373) x6  0x0000001d c832_mscratch 0x00000003
core   0: 0x80002f88 (0x00008505) c.srai  a0, 1
core   0: 3 0x80002f88 (0x8505) x10 0x00008800
core   0: 0x80002f8a (0x00e3ffb3) and     t6, t2, a4
core   0: 3 0x80002f8a (0x00e3ffb3) x31 0x00000000
core   0: 0x80002f8e (0x54e66893) ori     a7, a2, 1358
core   0: 3 0x80002f8e (0x54e66893) x17 0x49082f5e
core   0: 0x80002f92 (0x00000988) c.addi4spn a0, sp, 208
core   0: 3 0x80002f92 (0x0988) x10 0x000000cf
core   0: 0x80002f94 (0x021f0f33) mul     t5, t5, ra
core   0: 3 0x80002f94 (0x021f0f33) x30 0x3b4bdb60
core   0: 0x80002f98 (0x0000c699) c.beqz  a3, pc + 14
core   0: 3 0x80002f98 (0xc699)
core   0: 0x80002fa6 (0x0000e90d) c.bnez  a0, pc + 50
core   0: 3 0x80002fa6 (0xe90d)
core   0: 0x80002fd8 (0x0222e233) rem     tp, t0, sp
core   0: 3 0x80002fd8 (0x0222e233) x4  0x00000000
core   0: 0x80002fdc (0x0000100f) fence.i
core   0: 3 0x80002fdc (0x0000100f)
core   0: 0x80002fe0 (0x0000717d) c.addi16sp sp, -16
core   0: 3 0x80002fe0 (0x717d) x2  0xffffffef
core   0: 0x80002fe2 (0x0ff0000f) fence   iorw,iorw
core   0: 3 0x80002fe2 (0x0ff0000f)
core   0: 0x80002fe6 (0x008cc863) blt     s9, s0, pc + 16
core   0: 3 0x80002fe6 (0x008cc863)
core   0: 0x80002ff6 (0x00a5a633) slt     a2, a1, a0
core   0: 3 0x80002ff6 (0x00a5a633) x12 0x00000001
core   0: 0x80002ffa (0xd43e4793) xori    a5, t3, -701
core   0: 3 0x80002ffa (0xd43e4793) x15 0x7ffd6067
core   0: 0x80002ffe (0x0213adb3) mulhsu  s11, t2, ra
core   0: 3 0x80002ffe (0x0213adb3) x27 0x00000000
core   0: 0x80003002 (0x405c5613) srai    a2, s8, 5
core   0: 3 0x80003002 (0x405c5613) x12 0xffffffff
core   0: 0x80003006 (0x0ff0000f) fence   iorw,iorw
core   0: 3 0x80003006 (0x0ff0000f)
core   0: 0x8000300a (0x00006135) c.addi16sp sp, 352
core   0: 3 0x8000300a (0x6135) x2  0x0000014f
core   0: 0x8000300c (0x0000997d) c.andi  a0, -1
core   0: 3 0x8000300c (0x997d) x10 0x000000cf
core   0: 0x8000300e (0x000085c1) c.srai  a1, 16
core   0: 3 0x8000300e (0x85c1) x11 0xffffffff
core   0: 0x80003010 (0x03d0e8b3) rem     a7, ra, t4
core   0: 3 0x80003010 (0x03d0e8b3) x17 0xf5733bac
core   0: 0x80003014 (0x0017d2b3) srl     t0, a5, ra
core   0: 3 0x80003014 (0x0017d2b3) x5  0x0007ffd6
core   0: 0x80003018 (0x65777993) andi    s3, a4, 1623
core   0: 3 0x80003018 (0x65777993) x19 0x00000657
core   0: 0x8000301c (0x3403b173) csrrc   sp, mscratch, t2
core   0: 3 0x8000301c (0x3403b173) x2  0x00000003 c832_mscratch 0x00000003
core   0: 0x80003020 (0x02d9aa33) mulhsu  s4, s3, a3
core   0: 3 0x80003020 (0x02d9aa33) x20 0x00000000
core   0: 0x80003024 (0x02896db3) rem     s11, s2, s0
core   0: 3 0x80003024 (0x02896db3) x27 0x00011000
core   0: 0x80003028 (0x0146b5b3) sltu    a1, a3, s4
core   0: 3 0x80003028 (0x0146b5b3) x11 0x00000000
core   0: 0x8000302c (0x0000717d) c.addi16sp sp, -16
core   0: 3 0x8000302c (0x717d) x2  0xfffffff3
core   0: 0x8000302e (0x03933833) mulhu   a6, t1, s9
core   0: 3 0x8000302e (0x03933833) x16 0x0000001b
core   0: 0x80003032 (0x111e6563) bltu    t3, a7, pc + 266
core   0: 3 0x80003032 (0x111e6563)
core   0: 0x8000313c (0x01adfab3) and     s5, s11, s10
core   0: 3 0x8000313c (0x01adfab3) x21 0x00000000
core   0: 0x80003140 (0x00008995) c.andi  a1, 5
core   0: 3 0x80003140 (0x8995) x11 0x00000000
core   0: 0x80003142 (0x009b5513) srli    a0, s6, 9
core   0: 3 0x80003142 (0x009b5513) x10 0x00000000
core   0: 0x80003146 (0x41e90d33) sub     s10, s2, t5
core   0: 3 0x80003146 (0x41e90d33) x26 0xc4b534a0
core   0: 0x8000314a (0x1dccea97) auipc   s5, 0x1dcce
core   0: 3 0x8000314a (0x1dccea97) x21 0x9dcd114a
core   0: 0x8000314e (0x00006165) c.addi16sp sp, 112
core   0: 3 0x8000314e (0x6165) x2  0x00000063
core   0: 0x80003150 (0x000009fd) c.addi  s3, 31
core   0: 3 0x80003150 (0x09fd) x19 0x00000676
core   0: 0x80003152 (0x00005c7d) c.li    s8, -1
core   0: 3 0x80003152 (0x5c7d) x24 0xffffffff
core   0: 0x80003154 (0x00004a6d) c.li    s4, 27
core   0: 3 0x80003154 (0x4a6d) x20 0x0000001b
core   0: 0x80003156 (0x00edd893) srli    a7, s11, 14
core   0: 3 0x80003156 (0x00edd893) x17 0x00000004
core   0: 0x8000315a (0x00405b33) srl     s6, zero, tp
core   0: 3 0x8000315a (0x00405b33) x22 0x00000000
core   0: 0x8000315e (0x000056fd) c.li    a3, -1
core   0: 3 0x8000315e (0x56fd) x13 0xffffffff
core   0: 0x80003160 (0x09777b63) bgeu    a4, s7, pc + 150
core   0: 3 0x80003160 (0x09777b63)
core   0: 0x800031f6 (0x34002a73) csrr    s4, mscratch
core   0: 3 0x800031f6 (0x34002a73) x20 0x00000003
core   0: 0x800031fa (0x34053c73) csrrc   s8, mscratch, a0
core   0: 3 0x800031fa (0x34053c73) x24 0x00000003 c832_mscratch 0x00000003
core   0: 0x800031fe (0x00008ced) c.and   s1, a1
core   0: 3 0x800031fe (0x8ced) x9  0x00000000
core   0: 0x80003200 (0x00008111) c.srli  a0, 4
core   0: 3 0x80003200 (0x8111) x10 0x00000000
core   0: 0x80003202 (0x005c7733) and     a4, s8, t0
core   0: 3 0x80003202 (0x005c7733) x14 0x00000002
core   0: 0x80003206 (0x02f71533) mulh    a0, a4, a5
core   0: 3 0x80003206 (0x02f71533) x10 0x00000000
core   0: 0x8000320a (0x02619533) mulh    a0, gp, t1
core   0: 3 0x8000320a (0x02619533) x10 0x00000000
core   0: 0x8000320e (0xc13d9817) auipc   a6, 0xc13d9
core   0: 3 0x8000320e (0xc13d9817) x16 0x413dc20e
core   0: 0x80003212 (0x02089333) mulh    t1, a7, zero
core   0: 3 0x80003212 (0x02089333) x6  0x00000000
core   0: 0x80003216 (0x8d8d3993) sltiu   s3, s10, -1832
core   0: 3 0x80003216 (0x8d8d3993) x19 0x00000001
core   0: 0x8000321a (0x01f68563) beq     a3, t6, pc + 10
core   0: 3 0x8000321a (0x01f68563)
core   0: 0x8000321e (0x34003bf3) csrrc   s7, mscratch, zero
core   0: 3 0x8000321e (0x34003bf3) x23 0x00000003
core   0: 0x80003222 (0x00001afd) c.addi  s5, -1
core   0: 3 0x80003222 (0x1afd) x21 0x9dcd1149
core   0: 0x80003224 (0x000086d1) c.srai  a3, 20
core   0: 3 0x80003224 (0x86d1) x13 0xffffffff
core   0: 0x80003226 (0x34002f73) csrr    t5, mscratch
core   0: 3 0x80003226 (0x34002f73) x30 0x00000003
core   0: 0x8000322a (0x31cb4b93) xori    s7, s6, 796
core   0: 3 0x8000322a (0x31cb4b93) x23 0x0000031c
core   0: 0x8000322e (0x34002c73) csrr    s8, mscratch
core   0: 3 0x8000322e (0x34002c73) x24 0x00000003
core   0: 0x80003232 (0x0ff0000f) fence   iorw,iorw
core   0: 3 0x80003232 (0x0ff0000f)
core   0: 0x80003236 (0x02044c33) div     s8, s0, zero
core   0: 3 0x80003236 (0x02044c33) x24 0xffffffff
core   0: 0x8000323a (0x000000f2) c.slli  ra, 28
core   0: 3 0x8000323a (0x00f2) x1  0xc0000000
core   0: 0x8000323c (0x00008e91) c.sub   a3, a2
core   0: 3 0x8000323c (0x8e91) x13 0x00000000
core   0: 0x8000323e (0x00009b7d) c.andi  a4, -1
core   0: 3 0x8000323e (0x9b7d) x14 0x00000002
core   0: 0x80003240 (0x03d1d333) divu    t1, gp, t4
core   0: 3 0x80003240 (0x03d1d333) x6  0x00000000
core   0: 0x80003244 (0xac28d4b7) lui     s1, 0xac28d
core   0: 3 0x80003244 (0xac28d4b7) x9  0xac28d000
core   0: 0x80003248 (0x00451b33) sll     s6, a0, tp
core   0: 3 0x80003248 (0x00451b33) x22 0x00000000
core   0: 0x8000324c (0x012f5b13) srli    s6, t5, 18
core   0: 3 0x8000324c (0x012f5b13) x22 0x00000000
core   0: 0x80003250 (0x03e2f4b3) remu    s1, t0, t5
core   0: 3 0x80003250 (0x03e2f4b3) x9  0x00000002
core   0: 0x80003254 (0x34003073) csrc    mscratch, zero
core   0: 3 0x80003254 (0x34003073)
core   0: 0x80003258 (0x0000824d) c.srli  a2, 19
core   0: 3 0x80003258 (0x824d) x12 0x00001fff
core   0: 0x8000325a (0x00000001) c.nop
core   0: 3 0x8000325a (0x0001)
core   0: 0x8000325c (0x34071373) csrrw   t1, mscratch, a4
core   0: 3 0x8000325c (0x34071373) x6  0x00000003 c832_mscratch 0x00000002
core   0: 0x80003260 (0x025903b3) mul     t2, s2, t0
core   0: 3 0x80003260 (0x025903b3) x7  0x7fd36000
core   0: 0x80003264 (0x02cf7863) bgeu    t5, a2, pc + 48
core   0: 3 0x80003264 (0x02cf7863)
core   0: 0x80003268 (0x00006a35) c.lui   s4, 0xd
core   0: 3 0x80003268 (0x6a35) x20 0x0000d000
core   0: 0x8000326a (0x00006d95) c.lui   s11, 0x5
core   0: 3 0x8000326a (0x6d95) x27 0x00005000
core   0: 0x8000326c (0x00008359) c.srli  a4, 22
core   0: 3 0x8000326c (0x8359) x14 0x00000000
core   0: 0x8000326e (0x34113c17) auipc   s8, 0x34113
core   0: 3 0x8000326e (0x34113c17) x24 0xb411626e
core   0: 0x80003272 (0x34086273) csrrsi  tp, mscratch, 16
core   0: 3 0x80003272 (0x34086273) x4  0x00000002 c832_mscratch 0x00000012
core   0: 0x80003276 (0x01fd5033) srl     zero, s10, t6
core   0: 3 0x80003276 (0x01fd5033)
core   0: 0x8000327a (0x0000717d) c.addi16sp sp, -16
core   0: 3 0x8000327a (0x717d) x2  0x00000053
core   0: 0x8000327c (0x41215fb3) sra     t6, sp, s2
core   0: 3 0x8000327c (0x41215fb3) x31 0x00000053
core   0: 0x80003280 (0x00008232) c.mv    tp, a2
core   0: 3 0x80003280 (0x8232) x4  0x00001fff
core   0: 0x80003282 (0x40bc81b3) sub     gp, s9, a1
core   0: 3 0x80003282 (0x40bc81b3) x3  0xf5733bac
core   0: 0x80003286 (0xb432e613) ori     a2, t0, -1213
core   0: 3 0x80003286 (0xb432e613) x12 0xffffffd7
core   0: 0x8000328a (0x0000417d) c.li    sp, 31
core   0: 3 0x8000328a (0x417d) x2  0x0000001f
core   0: 0x8000328c (0x004b41b3) xor     gp, s6, tp
core   0: 3 0x8000328c (0x004b41b3) x3  0x00001fff
core   0: 0x80003290 (0x00000a59) c.addi  s4, 22
core   0: 3 0x80003290 (0x0a59) x20 0x0000d016
core   0: 0x80003292 (0x00000001) c.nop
core   0: 3 0x80003292 (0x0001)
core   0: 0x80003294 (0x0000557d) c.li    a0, -1
core   0: 3 0x80003294 (0x557d) x10 0xffffffff
core   0: 0x80003296 (0x025d5c63) bge     s10, t0, pc + 56
core   0: 3 0x80003296 (0x025d5c63)
core   0: 0x8000329a (0x0038a833) slt     a6, a7, gp
core   0: 3 0x8000329a (0x0038a833) x16 0x00000001
core   0: 0x8000329e (0xa7c221b7) lui     gp, 0xa7c22
core   0: 3 0x8000329e (0xa7c221b7) x3  0xa7c22000
core   0: 0x800032a2 (0x0301d663) bge     gp, a6, pc + 44
core   0: 3 0x800032a2 (0x0301d663)
core   0: 0x800032a6 (0x340ed073) csrwi   mscratch, 29
core   0: 3 0x800032a6 (0x340ed073) c832_mscratch 0x0000001d
core   0: 0x800032aa (0x00008c81) c.sub   s1, s0
core   0: 3 0x800032aa (0x8c81) x9  0x00000002
core   0: 0x800032ac (0x34002a73) csrr    s4, mscratch
core   0: 3 0x800032ac (0x34002a73) x20 0x0000001d
core   0: 0x800032b0 (0x000009c2) c.slli  s3, 16
core   0: 3 0x800032b0 (0x09c2) x19 0x00010000
core   0: 0x800032b2 (0x00008d19) c.sub   a0, a4
core   0: 3 0x800032b2 (0x8d19) x10 0xffffffff
core   0: 0x800032b4 (0x00909c93) slli    s9, ra, 9
core   0: 3 0x800032b4 (0x00909c93) x25 0x00000000
core   0: 0x800032b8 (0x00000001) c.nop
core   0: 3 0x800032b8 (0x0001)
core   0: 0x800032ba (0x015df463) bgeu    s11, s5, pc + 8
core   0: 3 0x800032ba (0x015df463)
core   0: 0x800032be (0x031a6a33) rem     s4, s4, a7
core   0: 3 0x800032be (0x031a6a33) x20 0x00000001
core   0: 0x800032c2 (0x00000001) c.nop
core   0: 3 0x800032c2 (0x0001)
core   0: 0x800032c4 (0x00008d61) c.and   a0, s0
core   0: 3 0x800032c4 (0x8d61) x10 0x00000000
core   0: 0x800032c6 (0x00008f41) c.or    a4, s0
core   0: 3 0x800032c6 (0x8f41) x14 0x00000000
core   0: 0x800032c8 (0x0322a833) mulhsu  a6, t0, s2
core   0: 3 0x800032c8 (0x0322a833) x16 0x00000008
core   0: 0x800032cc (0x00000001) c.nop
core   0: 3 0x800032cc (0x0001)
core   0: 0x800032ce (0x0000052d) c.addi  a0, 11
core   0: 3 0x800032ce (0x052d) x10 0x0000000b
core   0: 0x800032d0 (0x00008fd5) c.or    a5, a3
core   0: 3 0x800032d0 (0x8fd5) x15 0x7ffd6067
core   0: 0x800032d2 (0x0ff0000f) fence   iorw,iorw
core   0: 3 0x800032d2 (0x0ff0000f)
core   0: 0x800032d6 (0x00006169) c.addi16sp sp, 208
core   0: 3 0x800032d6 (0x6169) x2  0x000000ef
core   0: 0x800032d8 (0x00008d79) c.and   a0, a4
core   0: 3 0x800032d8 (0x8d79) x10 0x00000000
core   0: 0x800032da (0x0a900e63) beq     zero, s1, pc + 188
core   0: 3 0x800032da (0x0a900e63)
core   0: 0x800032de (0x01dd7933) and     s2, s10, t4
core   0: 3 0x800032de (0x01dd7933) x18 0x800014a0
core   0: 0x800032e2 (0x0000e117) auipc   sp, 0xe
core   0: 3 0x800032e2 (0x0000e117) x2  0x800112e2
core   0: 0x800032e6 (0xb9c10113) addi    sp, sp, -1124
core   0: 3 0x800032e6 (0xb9c10113) x2  0x80010e7e
core   0: 0x800032ea (0xdd514d03) lbu     s10, -555(sp)
core   0: 3 0x800032ea (0xdd514d03) x26 0x00000008 mem 0x80010c53
core   0: 0x800032ee (0x88e11803) lh      a6, -1906(sp)
core   0: 3 0x800032ee (0x88e11803) x16 0x00000000 mem 0x8001070c
core   0: 0x800032f2 (0xcd610183) lb      gp, -810(sp)
core   0: 3 0x800032f2 (0xcd610183) x3  0x0000000f mem 0x80010b54
core   0: 0x800032f6 (0x1a6103a3) sb      t1, 423(sp)
core   0: 3 0x800032f6 (0x1a6103a3) mem 0x80011025 0x03
core   0: 0x800032fa (0x00bd0db3) add     s11, s10, a1
core   0: 3 0x800032fa (0x00bd0db3) x27 0x00000008
core   0: 0x800032fe (0xb6d11b23) sh      a3, -1162(sp)
core   0: 3 0x800032fe (0xb6d11b23) mem 0x800109f4 0x0000
core   0: 0x80003302 (0xbc3101a3) sb      gp, -1085(sp)
core   0: 3 0x80003302 (0xbc3101a3) mem 0x80010a41 0x0f
core   0: 0x80003306 (0x000056fd) c.li    a3, -1
core   0: 3 0x80003306 (0x56fd) x13 0xffffffff
core   0: 0x80003308 (0x00001afd) c.addi  s5, -1
core   0: 3 0x80003308 (0x1afd) x21 0x9dcd1148
core   0: 0x8000330a (0x027b1933) mulh    s2, s6, t2
core   0: 3 0x8000330a (0x027b1933) x18 0x00000000
core   0: 0x8000330e (0xa6c10b83) lb      s7, -1428(sp)
core   0: 3 0x8000330e (0xa6c10b83) x23 0xffffffa1 mem 0x800108ea
core   0: 0x80003312 (0x81611c03) lh      s8, -2026(sp)
core   0: 3 0x80003312 (0x81611c03) x24 0x00004e4f mem 0x80010694
core   0: 0x80003316 (0x87810c83) lb      s9, -1928(sp)
core   0: 3 0x80003316 (0x87810c83) x25 0xffffffad mem 0x800106f6
core   0: 0x8000331a (0x34007573) csrrci  a0, mscratch, 0
core   0: 3 0x8000331a (0x34007573) x10 0x0000001d
core   0: 0x8000331e (0xcfb109a3) sb      s11, -781(sp)
core   0: 3 0x8000331e (0xcfb109a3) mem 0x80010b71 0x08
core   0: 0x80003322 (0x014ae633) or      a2, s5, s4
core   0: 3 0x80003322 (0x014ae633) x12 0x9dcd1149
core   0: 0x80003326 (0x91214f03) lbu     t5, -1774(sp)
core   0: 3 0x80003326 (0x91214f03) x30 0x00000043 mem 0x80010790
core   0: 0x8000332a (0x8a610123) sb      t1, -1886(sp)
core   0: 3 0x8000332a (0x8a610123) mem 0x80010720 0x03
core   0: 0x8000332e (0x02390c33) mul     s8, s2, gp
core   0: 3 0x8000332e (0x02390c33) x24 0x00000000
core   0: 0x80003332 (0x82015603) lhu     a2, -2016(sp)
core   0: 3 0x80003332 (0x82015603) x12 0x00005455 mem 0x8001069e
core   0: 0x80003336 (0x06814303) lbu     t1, 104(sp)
core   0: 3 0x80003336 (0x06814303) x6  0x0000009d mem 0x80010ee6
core   0: 0x8000333a (0xb2611823) sh      t1, -1232(sp)
core   0: 3 0x8000333a (0xb2611823) mem 0x800109ae 0x009d
core   0: 0x8000333e (0xf6610603) lb      a2, -154(sp)
core   0: 3 0x8000333e (0xf6610603) x12 0xffffff9f mem 0x80010de4
core   0: 0x80003342 (0x0ff0000f) fence   iorw,iorw
core   0: 3 0x80003342 (0x0ff0000f)
core   0: 0x80003346 (0xf36102a3) sb      s6, -219(sp)
core   0: 3 0x80003346 (0xf36102a3) mem 0x80010da3 0x00
core   0: 0x8000334a (0x407c5a13) srai    s4, s8, 7
core   0: 3 0x8000334a (0x407c5a13) x20 0x00000000
core   0: 0x8000334e (0x00009afd) c.andi  a3, -1
core   0: 3 0x8000334e (0x9afd) x13 0xffffffff
core   0: 0x80003350 (0xfd714183) lbu     gp, -41(sp)
core   0: 3 0x80003350 (0xfd714183) x3  0x0000000e mem 0x80010e55
core   0: 0x80003354 (0x9b710983) lb      s3, -1609(sp)
core   0: 3 0x80003354 (0x9b710983) x19 0xffffffee mem 0x80010835
core   0: 0x80003358 (0x00000001) c.nop
core   0: 3 0x80003358 (0x0001)
core   0: 0x8000335a (0x3407fc73) csrrci  s8, mscratch, 15
core   0: 3 0x8000335a (0x3407fc73) x24 0x0000001d c832_mscratch 0x00000010
core   0: 0x8000335e (0x00008de9) c.and   a1, a0
core   0: 3 0x8000335e (0x8de9) x11 0x00000000
core   0: 0x80003360 (0x00008edd) c.or    a3, a5
core   0: 3 0x80003360 (0x8edd) x13 0xffffffff
core   0: 0x80003362 (0xe4810623) sb      s0, -436(sp)
core   0: 3 0x80003362 (0xe4810623) mem 0x80010cca 0x00
core   0: 0x80003366 (0xcd1101a3) sb      a7, -829(sp)
core   0: 3 0x80003366 (0xcd1101a3) mem 0x80010b41 0x04
core   0: 0x8000336a (0x0083a8b3) slt     a7, t2, s0
core   0: 3 0x8000336a (0x0083a8b3) x17 0x00000000
core   0: 0x8000336e (0xd1c10da3) sb      t3, -741(sp)
core   0: 3 0x8000336e (0xd1c10da3) mem 0x80010b99 0x24
core   0: 0x80003372 (0x00001ffd) c.addi  t6, -1
core   0: 3 0x80003372 (0x1ffd) x31 0x00000052
core   0: 0x80003374 (0x8df7a513) slti    a0, a5, -1825
core   0: 3 0x80003374 (0x8df7a513) x10 0x00000000
core   0: 0x80003378 (0x00e11f03) lh      t5, 14(sp)
core   0: 3 0x80003378 (0x00e11f03) x30 0x00004647 mem 0x80010e8c
core   0: 0x8000337c (0x00000001) c.nop
core   0: 3 0x8000337c (0x0001)
core   0: 0x8000337e (0x00008211) c.srli  a2, 4
core   0: 3 0x8000337e (0x8211) x12 0x0ffffff9
core   0: 0x80003380 (0x55060613) addi    a2, a2, 1360
core   0: 3 0x80003380 (0x55060613) x12 0x10000549
core   0: 0x80003384 (0x34049673) csrrw   a2, mscratch, s1
core   0: 3 0x80003384 (0x34049673) x12 0x00000010 c832_mscratch 0x00000002
core   0: 0x80003388 (0x00008f6d) c.and   a4, a1
core   0: 3 0x80003388 (0x8f6d) x14 0x00000000
core   0: 0x8000338a (0x4090dcb3) sra     s9, ra, s1
core   0: 3 0x8000338a (0x4090dcb3) x25 0xf0000000
core   0: 0x8000338e (0xb6406293) ori     t0, zero, -1180
core   0: 3 0x8000338e (0xb6406293) x5  0xfffffb64
core   0: 0x80003392 (0x00071db3) sll     s11, a4, zero
core   0: 3 0x80003392 (0x00071db3) x27 0x00000000
core   0: 0x80003396 (0x00000fd1) c.addi  t6, 20
core   0: 3 0x80003396 (0x0fd1) x31 0x00000066
core   0: 0x80003398 (0x01523db3) sltu    s11, tp, s5
core   0: 3 0x80003398 (0x01523db3) x27 0x00000001
core   0: 0x8000339c (0x00b65013) srli    zero, a2, 11
core   0: 3 0x8000339c (0x00b65013)
core   0: 0x800033a0 (0x000053fd) c.li    t2, -1
core   0: 3 0x800033a0 (0x53fd) x7  0xffffffff
core   0: 0x800033a2 (0x02fc7533) remu    a0, s8, a5
core   0: 3 0x800033a2 (0x02fc7533) x10 0x0000001d
core   0: 0x800033a6 (0x340bd773) csrrwi  a4, mscratch, 23
core   0: 3 0x800033a6 (0x340bd773) x14 0x00000002 c832_mscratch 0x00000017
core   0: 0x800033aa (0x03dc0763) beq     s8, t4, pc + 46
core   0: 3 0x800033aa (0x03dc0763)
core   0: 0x800033ae (0xab21f9b7) lui     s3, 0xab21f
core   0: 3 0x800033ae (0xab21f9b7) x19 0xab21f000
core   0: 0x800033b2 (0x00686963) bltu    a6, t1, pc + 18
core   0: 3 0x800033b2 (0x00686963)
core   0: 0x800033c4 (0x01604363) blt     zero, s6, pc + 6
core   0: 3 0x800033c4 (0x01604363)
core   0: 0x800033c8 (0x00001e98) c.addi4spn a4, sp, 880
core   0: 3 0x800033c8 (0x1e98) x14 0x800111ee
core   0: 0x800033ca (0x00000001) c.nop
core   0: 3 0x800033ca (0x0001)
core   0: 0x800033cc (0x0029bc33) sltu    s8, s3, sp
core   0: 3 0x800033cc (0x0029bc33) x24 0x00000000
core   0: 0x800033d0 (0x8a103d93) sltiu   s11, zero, -1887
core   0: 3 0x800033d0 (0x8a103d93) x27 0x00000001
core   0: 0x800033d4 (0x771b7c13) andi    s8, s6, 1905
core   0: 3 0x800033d4 (0x771b7c13) x24 0x00000000
core   0: 0x800033d8 (0x51e4f293) andi    t0, s1, 1310
core   0: 3 0x800033d8 (0x51e4f293) x5  0x00000002
core   0: 0x800033dc (0x340c1c73) csrrw   s8, mscratch, s8
core   0: 3 0x800033dc (0x340c1c73) x24 0x00000017 c832_mscratch 0x00000000
core   0: 0x800033e0 (0x00000001) c.nop
core   0: 3 0x800033e0 (0x0001)
core   0: 0x800033e2 (0x01232333) slt     t1, t1, s2
core   0: 3 0x800033e2 (0x01232333) x6  0x00000000
core   0: 0x800033e6 (0x42fe8213) addi    tp, t4, 1071
core   0: 3 0x800033e6 (0x42fe8213) x4  0x800262d3
core   0: 0x800033ea (0x02481a33) mulh    s4, a6, tp
core   0: 3 0x800033ea (0x02481a33) x20 0x00000000
core   0: 0x800033ee (0x032119b3) mulh    s3, sp, s2
core   0: 3 0x800033ee (0x032119b3) x19 0x00000000
core   0: 0x800033f2 (0x00006119) c.addi16sp sp, 384
core   0: 3 0x800033f2 (0x6119) x2  0x80010ffe
core   0: 0x800033f4 (0x01351733) sll     a4, a0, s3
core   0: 3 0x800033f4 (0x01351733) x14 0x0000001d
core   0: 0x800033f8 (0x00008f25) c.xor   a4, s1
core   0: 3 0x800033f8 (0x8f25) x14 0x0000001f
core   0: 0x800033fa (0x01911263) bne     sp, s9, pc + 4
core   0: 3 0x800033fa (0x01911263)
core   0: 0x800033fe (0x0000e299) c.bnez  a3, pc + 6
core   0: 3 0x800033fe (0xe299)
core   0: 0x80003404 (0x03ebad33) mulhsu  s10, s7, t5
core   0: 3 0x80003404 (0x03ebad33) x26 0xffffffff
core   0: 0x80003408 (0x00000001) c.nop
core   0: 3 0x80003408 (0x0001)
core   0: 0x8000340a (0x21513c13) sltiu   s8, sp, 533
core   0: 3 0x8000340a (0x21513c13) x24 0x00000000
core   0: 0x8000340e (0x00008731) c.srai  a4, 12
core   0: 3 0x8000340e (0x8731) x14 0x00000000
core   0: 0x80003410 (0x34039773) csrrw   a4, mscratch, t2
core   0: 3 0x80003410 (0x34039773) x14 0x00000000 c832_mscratch 0xffffffff
core   0: 0x80003414 (0x34006d73) csrrsi  s10, mscratch, 0
core   0: 3 0x80003414 (0x34006d73) x26 0xffffffff
core   0: 0x80003418 (0x0000e611) c.bnez  a2, pc + 12
core   0: 3 0x80003418 (0xe611)
core   0: 0x80003424 (0x2000ef13) ori     t5, ra, 512
core   0: 3 0x80003424 (0x2000ef13) x30 0xc0000200
core   0: 0x80003428 (0x00006f21) c.lui   t5, 0x8
core   0: 3 0x80003428 (0x6f21) x30 0x00008000
core   0: 0x8000342a (0xe64ceb13) ori     s6, s9, -412
core   0: 3 0x8000342a (0xe64ceb13) x22 0xfffffe64
core   0: 0x8000342e (0x00000b52) c.slli  s6, 20
core   0: 3 0x8000342e (0x0b52) x22 0xe6400000
core   0: 0x80003430 (0x0000100f) fence.i
core   0: 3 0x80003430 (0x0000100f)
core   0: 0x80003434 (0x03e58663) beq     a1, t5, pc + 44
core   0: 3 0x80003434 (0x03e58663)
core   0: 0x80003438 (0x01d6a8b3) slt     a7, a3, t4
core   0: 3 0x80003438 (0x01d6a8b3) x17 0x00000000
core   0: 0x8000343c (0xb897cf13) xori    t5, a5, -1143
core   0: 3 0x8000343c (0xb897cf13) x30 0x80029bee
core   0: 0x80003440 (0x340b54f3) csrrwi  s1, mscratch, 22
core   0: 3 0x80003440 (0x340b54f3) x9  0xffffffff c832_mscratch 0x00000016
core   0: 0x80003444 (0x00008ce1) c.and   s1, s0
core   0: 3 0x80003444 (0x8ce1) x9  0x00000000
core   0: 0x80003446 (0x00008da9) c.xor   a1, a0
core   0: 3 0x80003446 (0x8da9) x11 0x0000001d
core   0: 0x80003448 (0x00004205) c.li    tp, 1
core   0: 3 0x80003448 (0x4205) x4  0x00000001
core   0: 0x8000344a (0x00000110) c.addi4spn a2, sp, 128
core   0: 3 0x8000344a (0x0110) x12 0x8001107e
core   0: 0x8000344c (0x00009506) c.add   a0, ra
core   0: 3 0x8000344c (0x9506) x10 0xc000001d
core   0: 0x8000344e (0x01a8f963) bgeu    a7, s10, pc + 18
core   0: 3 0x8000344e (0x01a8f963)
core   0: 0x80003452 (0x01dd1193) slli    gp, s10, 29
core   0: 3 0x80003452 (0x01dd1193) x3  0xe0000000
core   0: 0x80003456 (0xabd43013) sltiu   zero, s0, -1347
core   0: 3 0x80003456 (0xabd43013)
core   0: 0x8000345a (0x000004fa) c.slli  s1, 30
core   0: 3 0x8000345a (0x04fa) x9  0x00000000
core   0: 0x8000345c (0x02170c63) beq     a4, ra, pc + 56
core   0: 3 0x8000345c (0x02170c63)
core   0: 0x80003460 (0x0000ee9d) c.bnez  a3, pc + 62
core   0: 3 0x80003460 (0xee9d)
core   0: 0x8000349e (0x340f1f73) csrrw   t5, mscratch, t5
core   0: 3 0x8000349e (0x340f1f73) x30 0x00000016 c832_mscratch 0x80029bee
core   0: 0x800034a2 (0x012b4663) blt     s6, s2, pc + 12
core   0: 3 0x800034a2 (0x012b4663)
core   0: 0x800034ae (0x118d6393) ori     t2, s10, 280
core   0: 3 0x800034ae (0x118d6393) x7  0xffffffff
core   0: 0x800034b2 (0x00008f11) c.sub   a4, a2
core   0: 3 0x800034b2 (0x8f11) x14 0x7ffeef82
core   0: 0x800034b4 (0x0379adb3) mulhsu  s11, s3, s7
core   0: 3 0x800034b4 (0x0379adb3) x27 0x00000000
core   0: 0x800034b8 (0x34006c73) csrrsi  s8, mscratch, 0
core   0: 3 0x800034b8 (0x34006c73) x24 0x80029bee
core   0: 0x800034bc (0x034892b3) mulh    t0, a7, s4
core   0: 3 0x800034bc (0x034892b3) x5  0x00000000
core   0: 0x800034c0 (0x019fc733) xor     a4, t6, s9
core   0: 3 0x800034c0 (0x019fc733) x14 0xf0000066
core   0: 0x800034c4 (0x01ed4cb3) xor     s9, s10, t5
core   0: 3 0x800034c4 (0x01ed4cb3) x25 0xffffffe9
core   0: 0x800034c8 (0x00008129) c.srli  a0, 10
core   0: 3 0x800034c8 (0x8129) x10 0x00300000
core   0: 0x800034ca (0x00000001) c.nop
core   0: 3 0x800034ca (0x0001)
core   0: 0x800034cc (0x00a21093) slli    ra, tp, 10
core   0: 3 0x800034cc (0x00a21093) x1  0x00000400
core   0: 0x800034d0 (0x0000cf81) c.beqz  a5, pc + 24
core   0: 3 0x800034d0 (0xcf81)
core   0: 0x800034d2 (0x685c7d13) andi    s10, s8, 1669
core   0: 3 0x800034d2 (0x685c7d13) x26 0x00000284
core   0: 0x800034d6 (0x7710a893) slti    a7, ra, 1905
core   0: 3 0x800034d6 (0x7710a893) x17 0x00000001
core   0: 0x800034da (0x00000001) c.nop
core   0: 3 0x800034da (0x0001)
core   0: 0x800034dc (0x3404ef73) csrrsi  t5, mscratch, 9
core   0: 3 0x800034dc (0x3404ef73) x30 0x80029bee c832_mscratch 0x80029bef
core   0: 0x800034e0 (0x41b000b3) sub     ra, zero, s11
core   0: 3 0x800034e0 (0x41b000b3) x1  0x00000000
core   0: 0x800034e4 (0x00ed0c33) add     s8, s10, a4
core   0: 3 0x800034e4 (0x00ed0c33) x24 0xf00002ea
core   0: 0x800034e8 (0x34095bf3) csrrwi  s7, mscratch, 18
core   0: 3 0x800034e8 (0x34095bf3) x23 0x80029bef c832_mscratch 0x00000012
core   0: 0x800034ec (0x023222b3) mulhsu  t0, tp, gp
core   0: 3 0x800034ec (0x023222b3) x5  0x00000000
core   0: 0x800034f0 (0x0055ac33) slt     s8, a1, t0
core   0: 3 0x800034f0 (0x0055ac33) x24 0x00000000
core   0: 0x800034f4 (0x007b4d33) xor     s10, s6, t2
core   0: 3 0x800034f4 (0x007b4d33) x26 0x19bfffff
core   0: 0x800034f8 (0x00008fee) c.mv    t6, s11
core   0: 3 0x800034f8 (0x8fee) x31 0x00000000
core   0: 0x800034fa (0x340076f3) csrrci  a3, mscratch, 0
core   0: 3 0x800034fa (0x340076f3) x13 0x00000012
core   0: 0x800034fe (0x00c61533) sll     a0, a2, a2
core   0: 3 0x800034fe (0x00c61533) x10 0x80000000
core   0: 0x80003502 (0x00006159) c.addi16sp sp, 400
core   0: 3 0x80003502 (0x6159) x2  0x8001118e
core   0: 0x80003504 (0x02d989b3) mul     s3, s3, a3
core   0: 3 0x80003504 (0x02d989b3) x19 0x00000000
core   0: 0x80003508 (0x01fb5313) srli    t1, s6, 31
core   0: 3 0x80003508 (0x01fb5313) x6  0x00000001
core   0: 0x8000350c (0x00000001) c.nop
core   0: 3 0x8000350c (0x0001)
core   0: 0x8000350e (0x6223ca93) xori    s5, t2, 1570
core   0: 3 0x8000350e (0x6223ca93) x21 0xfffff9dd
core   0: 0x80003512 (0x00000df1) c.addi  s11, 28
core   0: 3 0x80003512 (0x0df1) x27 0x0000001c
core   0: 0x80003514 (0x0383cd33) div     s10, t2, s8
core   0: 3 0x80003514 (0x0383cd33) x26 0xffffffff
core   0: 0x80003518 (0x0000d097) auipc   ra, 0xd
core   0: 3 0x80003518 (0x0000d097) x1  0x80010518
core   0: 0x8000351c (0x4a008093) addi    ra, ra, 1184
core   0: 3 0x8000351c (0x4a008093) x1  0x800109b8
core   0: 0x80003520 (0x6d31b693) sltiu   a3, gp, 1747
core   0: 3 0x80003520 (0x6d31b693) x13 0x00000000
core   0: 0x80003524 (0x03809883) lh      a7, 56(ra)
core   0: 3 0x80003524 (0x03809883) x17 0xffffaaab mem 0x800109f0
core   0: 0x80003528 (0x0ff0000f) fence   iorw,iorw
core   0: 3 0x80003528 (0x0ff0000f)
core   0: 0x8000352c (0x00008ba3) sb      zero, 23(ra)
core   0: 3 0x8000352c (0x00008ba3) mem 0x800109cf 0x00
core   0: 0x80003530 (0xdf57e593) ori     a1, a5, -523
core   0: 3 0x80003530 (0xdf57e593) x11 0xfffffdf7
core   0: 0x80003534 (0x00108f23) sb      ra, 30(ra)
core   0: 3 0x80003534 (0x00108f23) mem 0x800109d6 0xb8
core   0: 0x80003538 (0xfdc086a3) sb      t3, -51(ra)
core   0: 3 0x80003538 (0xfdc086a3) mem 0x80010985 0x24
core   0: 0x8000353c (0xffc08423) sb      t3, -24(ra)
core   0: 3 0x8000353c (0xffc08423) mem 0x800109a0 0x24
core   0: 0x80003540 (0xfe708503) lb      a0, -25(ra)
core   0: 3 0x80003540 (0xfe708503) x10 0x00000054 mem 0x8001099f
core   0: 0x80003544 (0xff10a023) sw      a7, -32(ra)
core   0: 3 0x80003544 (0xff10a023) mem 0x80010998 0xffffaaab
core   0: 0x80003548 (0x00a085a3) sb      a0, 11(ra)
core   0: 3 0x80003548 (0x00a085a3) mem 0x800109c3 0x54
core   0: 0x8000354c (0xfd808023) sb      s8, -64(ra)
core   0: 3 0x8000354c (0xfd808023) mem 0x80010978 0x00
core   0: 0x80003550 (0x01609103) lh      sp, 22(ra)
core   0: 3 0x80003550 (0x01609103) x2  0x00000085 mem 0x800109ce
core   0: 0x80003554 (0x00ca59b3) srl     s3, s4, a2
core   0: 3 0x80003554 (0x00ca59b3) x19 0x00000000
core   0: 0x80003558 (0xfc408423) sb      tp, -56(ra)
core   0: 3 0x80003558 (0xfc408423) mem 0x80010980 0x01
core   0: 0x8000355c (0x418cdf93) srai    t6, s9, 24
core   0: 3 0x8000355c (0x418cdf93) x31 0xffffffff
core   0: 0x80003560 (0xe7a1b493) sltiu   s1, gp, -390
core   0: 3 0x80003560 (0xe7a1b493) x9  0x00000001
core   0: 0x80003564 (0x51c38d93) addi    s11, t2, 1308
core   0: 3 0x80003564 (0x51c38d93) x27 0x0000051b
core   0: 0x80003568 (0x01209703) lh      a4, 18(ra)
core   0: 3 0x80003568 (0x01209703) x14 0xffff8081 mem 0x800109ca
core   0: 0x8000356c (0x02897b33) remu    s6, s2, s0
core   0: 3 0x8000356c (0x02897b33) x22 0x00000000
core   0: 0x80003570 (0xfc308903) lb      s2, -61(ra)
core   0: 3 0x80003570 (0xfc308903) x18 0x00000030 mem 0x8001097b
core   0: 0x80003574 (0x01c0dc03) lhu     s8, 28(ra)
core   0: 3 0x80003574 (0x01c0dc03) x24 0x0000008f mem 0x800109d4
core   0: 0x80003578 (0xfc908483) lb      s1, -55(ra)
core   0: 3 0x80003578 (0xfc908483) x9  0x0000003a mem 0x80010981
core   0: 0x8000357c (0x00008955) c.andi  a0, 21
core   0: 3 0x8000357c (0x8955) x10 0x00000014
core   0: 0x8000357e (0xfc509e23) sh      t0, -36(ra)
core   0: 3 0x8000357e (0xfc509e23) mem 0x80010994 0x0000
core   0: 0x80003582 (0xfda0c003) lbu     zero, -38(ra)
core   0: 3 0x80003582 (0xfda0c003) mem 0x80010992
core   0: 0x80003586 (0xffb08483) lb      s1, -5(ra)
core   0: 3 0x80003586 (0xffb08483) x9  0x00000068 mem 0x800109b3
core   0: 0x8000358a (0xfce09903) lh      s2, -50(ra)
core   0: 3 0x8000358a (0xfce09903) x18 0x00003c3d mem 0x80010986
core   0: 0x8000358e (0x06f96293) ori     t0, s2, 111
core   0: 3 0x8000358e (0x06f96293) x5  0x00003c7f
core   0: 0x80003592 (0xfc50c303) lbu     t1, -59(ra)
core   0: 3 0x80003592 (0xfc50c303) x6  0x00000036 mem 0x8001097d
core   0: 0x80003596 (0xffe085a3) sb      t5, -21(ra)
core   0: 3 0x80003596 (0xffe085a3) mem 0x800109a3 0xee
core   0: 0x8000359a (0x01f9c763) blt     s3, t6, pc + 14
core   0: 3 0x8000359a (0x01f9c763)
core   0: 0x8000359e (0x00db54b3) srl     s1, s6, a3
core   0: 3 0x8000359e (0x00db54b3) x9  0x00000000
core   0: 0x800035a2 (0x00009b7d) c.andi  a4, -1
core   0: 3 0x800035a2 (0x9b7d) x14 0xffff8081
core   0: 0x800035a4 (0xed91c193) xori    gp, gp, -295
core   0: 3 0x800035a4 (0xed91c193) x3  0x1ffffed9
core   0: 0x800035a8 (0x0020b7b3) sltu    a5, ra, sp
core   0: 3 0x800035a8 (0x0020b7b3) x15 0x00000000
core   0: 0x800035ac (0x0000167d) c.addi  a2, -1
core   0: 3 0x800035ac (0x167d) x12 0x8001107d
core   0: 0x800035ae (0x000014fd) c.addi  s1, -1
core   0: 3 0x800035ae (0x14fd) x9  0xffffffff
core   0: 0x800035b0 (0x00008c9d) c.sub   s1, a5
core   0: 3 0x800035b0 (0x8c9d) x9  0xffffffff
core   0: 0x800035b2 (0x03f96733) rem     a4, s2, t6
core   0: 3 0x800035b2 (0x03f96733) x14 0x00000000
core   0: 0x800035b6 (0x25940c13) addi    s8, s0, 601
core   0: 3 0x800035b6 (0x25940c13) x24 0x00000259
core   0: 0x800035ba (0x0416f163) bgeu    a3, ra, pc + 66
core   0: 3 0x800035ba (0x0416f163)
core   0: 0x800035be (0x0000e911) c.bnez  a0, pc + 20
core   0: 3 0x800035be (0xe911)
core   0: 0x800035d2 (0x340cd273) csrrwi  tp, mscratch, 25
core   0: 3 0x800035d2 (0x340cd273) x4  0x00000012 c832_mscratch 0x00000019
core   0: 0x800035d6 (0x34ba0a97) auipc   s5, 0x34ba0
core   0: 3 0x800035d6 (0x34ba0a97) x21 0xb4ba35d6
core   0: 0x800035da (0x03e5df63) bge     a1, t5, pc + 62
core   0: 3 0x800035da (0x03e5df63)
core   0: 0x80003618 (0x02b44b63) blt     s0, a1, pc + 54
core   0: 3 0x80003618 (0x02b44b63)
core   0: 0x8000361c (0xf76c8b93) addi    s7, s9, -138
core   0: 3 0x8000361c (0xf76c8b93) x23 0xffffff5f
core   0: 0x80003620 (0x0ff0000f) fence   iorw,iorw
core   0: 3 0x80003620 (0x0ff0000f)
core   0: 0x80003624 (0x2f34b913) sltiu   s2, s1, 755
core   0: 3 0x80003624 (0x2f34b913) x18 0x00000000
core   0: 0x80003628 (0x000009c6) c.slli  s3, 17
core   0: 3 0x80003628 (0x09c6) x19 0x00000000
core   0: 0x8000362a (0x0000717d) c.addi16sp sp, -16
core   0: 3 0x8000362a (0x717d) x2  0x00000075
core   0: 0x8000362c (0x023dbbb3) mulhu   s7, s11, gp
core   0: 3 0x8000362c (0x023dbbb3) x23 0x000000a3
core   0: 0x80003630 (0x00b19663) bne     gp, a1, pc + 12
core   0: 3 0x80003630 (0x00b19663)
core   0: 0x8000363c (0x009ff6b3) and     a3, t6, s1
core   0: 3 0x8000363c (0x009ff6b3) x13 0xffffffff
core   0: 0x80003640 (0x03286133) rem     sp, a6, s2
core   0: 3 0x80003640 (0x03286133) x2  0x00000000
core   0: 0x80003644 (0x00006b99) c.lui   s7, 0x6
core   0: 3 0x80003644 (0x6b99) x23 0x00006000
core   0: 0x80003646 (0x340c5a73) csrrwi  s4, mscratch, 24
core   0: 3 0x80003646 (0x340c5a73) x20 0x00000019 c832_mscratch 0x00000018
core   0: 0x8000364a (0x340a18f3) csrrw   a7, mscratch, s4
core   0: 3 0x8000364a (0x340a18f3) x17 0x00000018 c832_mscratch 0x00000019
core   0: 0x8000364e (0x000052b5) c.li    t0, -19
core   0: 3 0x8000364e (0x52b5) x5  0xffffffed
core   0: 0x80003650 (0x340b9c73) csrrw   s8, mscratch, s7
core   0: 3 0x80003650 (0x340b9c73) x24 0x00000019 c832_mscratch 0x00006000
core   0: 0x80003654 (0x0000171c) c.addi4spn a5, sp, 928
core   0: 3 0x80003654 (0x171c) x15 0x000003a0
core   0: 0x80003656 (0x00008e19) c.sub   a2, a4
core   0: 3 0x80003656 (0x8e19) x12 0x8001107d
core   0: 0x80003658 (0x00009a7d) c.andi  a2, -1
core   0: 3 0x80003658 (0x9a7d) x12 0x8001107d
core   0: 0x8000365a (0x00000001) c.nop
core   0: 3 0x8000365a (0x0001)
core   0: 0x8000365c (0xad576093) ori     ra, a4, -1323
core   0: 3 0x8000365c (0xad576093) x1  0xfffffad5
core   0: 0x80003660 (0x01715f93) srli    t6, sp, 23
core   0: 3 0x80003660 (0x01715f93) x31 0x00000000
core   0: 0x80003664 (0x340929f3) csrrs   s3, mscratch, s2
core   0: 3 0x80003664 (0x340929f3) x19 0x00006000 c832_mscratch 0x00006000
core   0: 0x80003668 (0x0032c263) blt     t0, gp, pc + 4
core   0: 3 0x80003668 (0x0032c263)
core   0: 0x8000366c (0x00008e3d) c.xor   a2, a5
core   0: 3 0x8000366c (0x8e3d) x12 0x800113dd
core   0: 0x8000366e (0x01ea1c93) slli    s9, s4, 30
core   0: 3 0x8000366e (0x01ea1c93) x25 0x40000000
core   0: 0x80003672 (0x00008715) c.srai  a4, 5
core   0: 3 0x80003672 (0x8715) x14 0x00000000
core   0: 0x80003674 (0x00008d21) c.xor   a0, s0
core   0: 3 0x80003674 (0x8d21) x10 0x00000014
core   0: 0x80003676 (0x032e46b3) div     a3, t3, s2
core   0: 3 0x80003676 (0x032e46b3) x13 0xffffffff
core   0: 0x8000367a (0x00ffb6b3) sltu    a3, t6, a5
core   0: 3 0x8000367a (0x00ffb6b3) x13 0x00000001
core   0: 0x8000367e (0x00008d1d) c.sub   a0, a5
core   0: 3 0x8000367e (0x8d1d) x10 0xfffffc74
core   0: 0x80003680 (0x00008f3d) c.xor   a4, a5
core   0: 3 0x80003680 (0x8f3d) x14 0x000003a0
core   0: 0x80003682 (0x34007f73) csrrci  t5, mscratch, 0
core   0: 3 0x80003682 (0x34007f73) x30 0x00006000
core   0: 0x80003686 (0x012d2633) slt     a2, s10, s2
core   0: 3 0x80003686 (0x012d2633) x12 0x00000001
core   0: 0x8000368a (0x025fadb3) mulhsu  s11, t6, t0
core   0: 3 0x8000368a (0x025fadb3) x27 0x00000000
core   0: 0x8000368e (0x000083bd) c.srli  a5, 15
core   0: 3 0x8000368e (0x83bd) x15 0x00000000
core   0: 0x80003690 (0x00006261) c.lui   tp, 0x18
core   0: 3 0x80003690 (0x6261) x4  0x00018000
core   0: 0x80003692 (0x012443b3) xor     t2, s0, s2
core   0: 3 0x80003692 (0x012443b3) x7  0x00000000
core   0: 0x80003696 (0x03b0f4b3) remu    s1, ra, s11
core   0: 3 0x80003696 (0x03b0f4b3) x9  0xfffffad5
core   0: 0x8000369a (0x0000717d) c.addi16sp sp, -16
core   0: 3 0x8000369a (0x717d) x2  0xfffffff0
core   0: 0x8000369c (0x02e6e1b3) rem     gp, a3, a4
core   0: 3 0x8000369c (0x02e6e1b3) x3  0x00000001
core   0: 0x800036a0 (0x000088f1) c.andi  s1, 28
core   0: 3 0x800036a0 (0x88f1) x9  0x00000014
core   0: 0x800036a2 (0x00749833) sll     a6, s1, t2
core   0: 3 0x800036a2 (0x00749833) x16 0x00000014
core   0: 0x800036a6 (0x34003b73) csrrc   s6, mscratch, zero
core   0: 3 0x800036a6 (0x34003b73) x22 0x00006000
core   0: 0x800036aa (0x03089733) mulh    a4, a7, a6
core   0: 3 0x800036aa (0x03089733) x14 0x00000000
core   0: 0x800036ae (0xe119e897) auipc   a7, 0xe119e
core   0: 3 0x800036ae (0xe119e897) x17 0x611a16ae
core   0: 0x800036b2 (0x0000cf85) c.beqz  a5, pc + 56
core   0: 3 0x800036b2 (0xcf85)
core   0: 0x800036ea (0x29c82613) slti    a2, a6, 668
core   0: 3 0x800036ea (0x29c82613) x12 0x00000001
core   0: 0x800036ee (0x00766cb3) or      s9, a2, t2
core   0: 3 0x800036ee (0x00766cb3) x25 0x00000001
core   0: 0x800036f2 (0x01504933) xor     s2, zero, s5
core   0: 3 0x800036f2 (0x01504933) x18 0xb4ba35d6
core   0: 0x800036f6 (0x01ca6933) or      s2, s4, t3
core   0: 3 0x800036f6 (0x01ca6933) x18 0x80029d3d
core   0: 0x800036fa (0x00004869) c.li    a6, 26
core   0: 3 0x800036fa (0x4869) x16 0x0000001a
core   0: 0x800036fc (0x00000001) c.nop
core   0: 3 0x800036fc (0x0001)
core   0: 0x800036fe (0x00008fa9) c.xor   a5, a0
core   0: 3 0x800036fe (0x8fa9) x15 0xfffffc74
core   0: 0x80003700 (0x00008cd5) c.or    s1, a3
core   0: 3 0x80003700 (0x8cd5) x9  0x00000015
core   0: 0x80003702 (0x0000cc95) c.beqz  s1, pc + 60
core   0: 3 0x80003702 (0xcc95)
core   0: 0x80003704 (0x00008d01) c.sub   a0, s0
core   0: 3 0x80003704 (0x8d01) x10 0xfffffc74
core   0: 0x80003706 (0x008b5663) bge     s6, s0, pc + 12
core   0: 3 0x80003706 (0x008b5663)
core   0: 0x80003712 (0x01d65a13) srli    s4, a2, 29
core   0: 3 0x80003712 (0x01d65a13) x20 0x00000000
core   0: 0x80003716 (0x01d34c63) blt     t1, t4, pc + 24
core   0: 3 0x80003716 (0x01d34c63)
core   0: 0x8000371a (0x01fb8b33) add     s6, s7, t6
core   0: 3 0x8000371a (0x01fb8b33) x22 0x00006000
core   0: 0x8000371e (0x0000100f) fence.i
core   0: 3 0x8000371e (0x0000100f)
core   0: 0x80003722 (0x189f2f13) slti    t5, t5, 393
core   0: 3 0x80003722 (0x189f2f13) x30 0x00000000
core   0: 0x80003726 (0x02d058b3) divu    a7, zero, a3
core   0: 3 0x80003726 (0x02d058b3) x17 0x00000000
core   0: 0x8000372a (0x00af1a13) slli    s4, t5, 10
core   0: 3 0x8000372a (0x00af1a13) x20 0x00000000
core   0: 0x8000372e (0x022e16b3) mulh    a3, t3, sp
core   0: 3 0x8000372e (0x022e16b3) x13 0x00000007
core   0: 0x80003732 (0x000002d2) c.slli  t0, 20
core   0: 3 0x80003732 (0x02d2) x5  0xfed00000
core   0: 0x80003734 (0x0072a9b3) slt     s3, t0, t2
core   0: 3 0x80003734 (0x0072a9b3) x19 0x00000001
core   0: 0x80003738 (0x00009a7d) c.andi  a2, -1
core   0: 3 0x80003738 (0x9a7d) x12 0x00000001
core   0: 0x8000373a (0x003dfc33) and     s8, s11, gp
core   0: 3 0x8000373a (0x003dfc33) x24 0x00000000
core   0: 0x8000373e (0x001eefb3) or      t6, t4, ra
core   0: 3 0x8000373e (0x001eefb3) x31 0xfffffef5
core   0: 0x80003742 (0x5d8d3b13) sltiu   s6, s10, 1496
core   0: 3 0x80003742 (0x5d8d3b13) x22 0x00000000
core   0: 0x80003746 (0x0000e3a9) c.bnez  a5, pc + 66
core   0: 3 0x80003746 (0xe3a9)
core   0: 0x80003788 (0x00000484) c.addi4spn s1, sp, 576
core   0: 3 0x80003788 (0x0484) x9  0x00000230
core   0: 0x8000378a (0x00008569) c.srai  a0, 26
core   0: 3 0x8000378a (0x8569) x10 0xffffffff
core   0: 0x8000378c (0x05d7eb93) ori     s7, a5, 93
core   0: 3 0x8000378c (0x05d7eb93) x23 0xfffffc7d
core   0: 0x80003790 (0x0263b133) mulhu   sp, t2, t1
core   0: 3 0x80003790 (0x0263b133) x2  0x00000000
core   0: 0x80003794 (0x1ef92793) slti    a5, s2, 495
core   0: 3 0x80003794 (0x1ef92793) x15 0x00000001
core   0: 0x80003798 (0x0ff0000f) fence   iorw,iorw
core   0: 3 0x80003798 (0x0ff0000f)
core   0: 0x8000379c (0x340420f3) csrrs   ra, mscratch, s0
core   0: 3 0x8000379c (0x340420f3) x1  0x00006000 c832_mscratch 0x00006000
core   0: 0x800037a0 (0xac72c9b7) lui     s3, 0xac72c
core   0: 3 0x800037a0 (0xac72c9b7) x19 0xac72c000
core   0: 0x800037a4 (0x000098fd) c.andi  s1, -1
core   0: 3 0x800037a4 (0x98fd) x9  0x00000230
core   0: 0x800037a6 (0x0195c233) xor     tp, a1, s9
core   0: 3 0x800037a6 (0x0195c233) x4  0xfffffdf6
core   0: 0x800037aa (0x00419313) slli    t1, gp, 4
core   0: 3 0x800037aa (0x00419313) x6  0x00000010
core   0: 0x800037ae (0x000007a9) c.addi  a5, 10
core   0: 3 0x800037ae (0x07a9) x15 0x0000000b
core   0: 0x800037b0 (0xeade6d97) auipc   s11, 0xeade6
core   0: 3 0x800037b0 (0xeade6d97) x27 0x6ade97b0
core   0: 0x800037b4 (0x0368dcb3) divu    s9, a7, s6
core   0: 3 0x800037b4 (0x0368dcb3) x25 0xffffffff
core   0: 0x800037b8 (0x000086a9) c.srai  a3, 10
core   0: 3 0x800037b8 (0x86a9) x13 0x00000000
core   0: 0x800037ba (0x34007673) csrrci  a2, mscratch, 0
core   0: 3 0x800037ba (0x34007673) x12 0x00006000
core   0: 0x800037be (0x0000100f) fence.i
core   0: 3 0x800037be (0x0000100f)
core   0: 0x800037c2 (0x0000ece5) c.bnez  s1, pc + 248
core   0: 3 0x800037c2 (0xece5)
core   0: 0x800038ba (0x007e47b3) xor     a5, t3, t2
core   0: 3 0x800038ba (0x007e47b3) x15 0x80029d24
core   0: 0x800038be (0x00008d15) c.sub   a0, a3
core   0: 3 0x800038be (0x8d15) x10 0xffffffff
core   0: 0x800038c0 (0x000098aa) c.add   a7, a0
core   0: 3 0x800038c0 (0x98aa) x17 0xffffffff
core   0: 0x800038c2 (0x024f5863) bge     t5, tp, pc + 48
core   0: 3 0x800038c2 (0x024f5863)
core   0: 0x800038f2 (0x00008e15) c.sub   a2, a3
core   0: 3 0x800038f2 (0x8e15) x12 0x00006000
core   0: 0x800038f4 (0x00000e98) c.addi4spn a4, sp, 848
core   0: 3 0x800038f4 (0x0e98) x14 0x00000350
core   0: 0x800038f6 (0x02c85233) divu    tp, a6, a2
core   0: 3 0x800038f6 (0x02c85233) x4  0x00000000
core   0: 0x800038fa (0x01a25893) srli    a7, tp, 26
core   0: 3 0x800038fa (0x01a25893) x17 0x00000000
core   0: 0x800038fe (0x34042173) csrrs   sp, mscratch, s0
core   0: 3 0x800038fe (0x34042173) x2  0x00006000 c832_mscratch 0x00006000
core   0: 0x80003902 (0xf23ba597) auipc   a1, 0xf23ba
core   0: 3 0x80003902 (0xf23ba597) x11 0x723bd902
core   0: 0x80003906 (0x03a6e8b3) rem     a7, a3, s10
core   0: 3 0x80003906 (0x03a6e8b3) x17 0x00000000
core   0: 0x8000390a (0x00004265) c.li    tp, 25
core   0: 3 0x8000390a (0x4265) x4  0x00000019
core   0: 0x8000390c (0x00df9333) sll     t1, t6, a3
core   0: 3 0x8000390c (0x00df9333) x6  0xfffffef5
core   0: 0x80003910 (0x41f80bb3) sub     s7, a6, t6
core   0: 3 0x80003910 (0x41f80bb3) x23 0x00000125
core   0: 0x80003914 (0x0151e6b3) or      a3, gp, s5
core   0: 3 0x80003914 (0x0151e6b3) x13 0xb4ba35d7
core   0: 0x80003918 (0xbf677693) andi    a3, a4, -1034
core   0: 3 0x80003918 (0xbf677693) x13 0x00000350
core   0: 0x8000391c (0x0ff0000f) fence   iorw,iorw
core   0: 3 0x8000391c (0x0ff0000f)
core   0: 0x80003920 (0x12b0da97) auipc   s5, 0x12b0d
core   0: 3 0x80003920 (0x12b0da97) x21 0x92b10920
core   0: 0x80003924 (0x340066f3) csrrsi  a3, mscratch, 0
core   0: 3 0x80003924 (0x340066f3) x13 0x00006000
core   0: 0x80003928 (0x00006135) c.addi16sp sp, 352
core   0: 3 0x80003928 (0x6135) x2  0x00006160
core   0: 0x8000392a (0x026c92b3) mulh    t0, s9, t1
core   0: 3 0x8000392a (0x026c92b3) x5  0x00000000
core   0: 0x8000392e (0x0014f563) bgeu    s1, ra, pc + 10
core   0: 3 0x8000392e (0x0014f563)
core   0: 0x80003932 (0x02764bb3) div     s7, a2, t2
core   0: 3 0x80003932 (0x02764bb3) x23 0xffffffff
core   0: 0x80003936 (0x00008d6d) c.and   a0, a1
core   0: 3 0x80003936 (0x8d6d) x10 0x723bd902
core   0: 0x80003938 (0x000003f6) c.slli  t2, 29
core   0: 3 0x80003938 (0x03f6) x7  0x00000000
core   0: 0x8000393a (0x0132d463) bge     t0, s3, pc + 8
core   0: 3 0x8000393a (0x0132d463)
core   0: 0x80003942 (0x013cbdb3) sltu    s11, s9, s3
core   0: 3 0x80003942 (0x013cbdb3) x27 0x00000000
core   0: 0x80003946 (0x00006155) c.addi16sp sp, 304
core   0: 3 0x80003946 (0x6155) x2  0x00006290
core   0: 0x80003948 (0x000084ed) c.srai  s1, 27
core   0: 3 0x80003948 (0x84ed) x9  0x00000000
core   0: 0x8000394a (0x00000c0c) c.addi4spn a1, sp, 528
core   0: 3 0x8000394a (0x0c0c) x11 0x000064a0
core   0: 0x8000394c (0x000089fe) c.mv    s3, t6
core   0: 3 0x8000394c (0x89fe) x19 0xfffffef5
core   0: 0x8000394e (0x417f5293) srai    t0, t5, 23
core   0: 3 0x8000394e (0x417f5293) x5  0x00000000
core   0: 0x80003952 (0x000083a5) c.srli  a5, 9
core   0: 3 0x80003952 (0x83a5) x15 0x0040014e
core   0: 0x80003954 (0xf126af93) slti    t6, a3, -238
core   0: 3 0x80003954 (0xf126af93) x31 0x00000000
core   0: 0x80003958 (0x340066f3) csrrsi  a3, mscratch, 0
core   0: 3 0x80003958 (0x340066f3) x13 0x00006000
core   0: 0x8000395c (0x01131a33) sll     s4, t1, a7
core   0: 3 0x8000395c (0x01131a33) x20 0xfffffef5
core   0: 0x80003960 (0x0077f763) bgeu    a5, t2, pc + 14
core   0: 3 0x80003960 (0x0077f763)
core   0: 0x8000396e (0x005a7fb3) and     t6, s4, t0
core   0: 3 0x8000396e (0x005a7fb3) x31 0x00000000
core   0: 0x80003972 (0x20ec4b93) xori    s7, s8, 526
core   0: 3 0x80003972 (0x20ec4b93) x23 0x0000020e
core   0: 0x80003976 (0xb4e7e613) ori     a2, a5, -1202
core   0: 3 0x80003976 (0xb4e7e613) x12 0xfffffb4e
core   0: 0x8000397a (0x00008eb5) c.xor   a3, a3
core   0: 3 0x8000397a (0x8eb5) x13 0x00000000
core   0: 0x8000397c (0x00ec5593) srli    a1, s8, 14
core   0: 3 0x8000397c (0x00ec5593) x11 0x00000000
core   0: 0x80003980 (0x00004511) c.li    a0, 4
core   0: 3 0x80003980 (0x4511) x10 0x00000004
core   0: 0x80003982 (0x01bf5713) srli    a4, t5, 27
core   0: 3 0x80003982 (0x01bf5713) x14 0x00000000
core   0: 0x80003986 (0x00008fad) c.xor   a5, a1
core   0: 3 0x80003986 (0x8fad) x15 0x0040014e
core   0: 0x80003988 (0x0000817a) c.mv    sp, t5
core   0: 3 0x80003988 (0x817a) x2  0x00000000
core   0: 0x8000398a (0x03b08f63) beq     ra, s11, pc + 62
core   0: 3 0x8000398a (0x03b08f63)
core   0: 0x8000398e (0x04b87363) bgeu    a6, a1, pc + 70
core   0: 3 0x8000398e (0x04b87363)
core   0: 0x800039d4 (0x0000eb8d) c.bnez  a5, pc + 50
core   0: 3 0x800039d4 (0xeb8d)
core   0: 0x80003a06 (0x0000587d) c.li    a6, -1
core   0: 3 0x80003a06 (0x587d) x16 0xffffffff
core   0: 0x80003a08 (0x0000717d) c.addi16sp sp, -16
core   0: 3 0x80003a08 (0x717d) x2  0xfffffff0
core   0: 0x80003a0a (0x01194863) blt     s2, a7, pc + 16
core   0: 3 0x80003a0a (0x01194863)
core   0: 0x80003a1a (0x00008e81) c.sub   a3, s0
core   0: 3 0x80003a1a (0x8e81) x13 0x00000000
core   0: 0x80003a1c (0xc080f593) andi    a1, ra, -1016
core   0: 3 0x80003a1c (0xc080f593) x11 0x00006000
core   0: 0x80003a20 (0x34056373) csrrsi  t1, mscratch, 10
core   0: 3 0x80003a20 (0x34056373) x6  0x00006000 c832_mscratch 0x0000600a
core   0: 0x80003a24 (0x00c1db13) srli    s6, gp, 12
core   0: 3 0x80003a24 (0x00c1db13) x22 0x00000000
core   0: 0x80003a28 (0x00d58c33) add     s8, a1, a3
core   0: 3 0x80003a28 (0x00d58c33) x24 0x00006000
core   0: 0x80003a2c (0x340fd173) csrrwi  sp, mscratch, 31
core   0: 3 0x80003a2c (0x340fd173) x2  0x0000600a c832_mscratch 0x0000001f
core   0: 0x80003a30 (0x024e5863) bge     t3, tp, pc + 48
core   0: 3 0x80003a30 (0x024e5863)
core   0: 0x80003a34 (0x0eca7d13) andi    s10, s4, 236
core   0: 3 0x80003a34 (0x0eca7d13) x26 0x000000e4
core   0: 0x80003a38 (0x02444b33) div     s6, s0, tp
core   0: 3 0x80003a38 (0x02444b33) x22 0x00000000
core   0: 0x80003a3c (0x000065cd) c.lui   a1, 0x13
core   0: 3 0x80003a3c (0x65cd) x11 0x00013000
core   0: 0x80003a3e (0x00008d29) c.xor   a0, a0
core   0: 3 0x80003a3e (0x8d29) x10 0x00000000
core   0: 0x80003a40 (0x032364b3) rem     s1, t1, s2
core   0: 3 0x80003a40 (0x032364b3) x9  0x00006000
core   0: 0x80003a44 (0x00431793) slli    a5, t1, 4
core   0: 3 0x80003a44 (0x00431793) x15 0x00060000
core   0: 0x80003a48 (0x00008d25) c.xor   a0, s1
core   0: 3 0x80003a48 (0x8d25) x10 0x00006000
core   0: 0x80003a4a (0x03dd46b3) div     a3, s10, t4
core   0: 3 0x80003a4a (0x03dd46b3) x13 0x00000000
core   0: 0x80003a4e (0x00008e19) c.sub   a2, a4
core   0: 3 0x80003a4e (0x8e19) x12 0xfffffb4e
core   0: 0x80003a50 (0x40c50db3) sub     s11, a0, a2
core   0: 3 0x80003a50 (0x40c50db3) x27 0x000064b2
core   0: 0x80003a54 (0xb1954893) xori    a7, a0, -1255
core   0: 3 0x80003a54 (0xb1954893) x17 0xffff9b19
core   0: 0x80003a58 (0x028df5b3) remu    a1, s11, s0
core   0: 3 0x80003a58 (0x028df5b3) x11 0x000064b2
core   0: 0x80003a5c (0x00fe13b3) sll     t2, t3, a5
core   0: 3 0x80003a5c (0x00fe13b3) x7  0x80029d24
core   0: 0x80003a60 (0x01c19033) sll     zero, gp, t3
core   0: 3 0x80003a60 (0x01c19033)
core   0: 0x80003a64 (0x00000122) c.slli  sp, 8
core   0: 3 0x80003a64 (0x0122) x2  0x00600a00
core   0: 0x80003a66 (0x00009afd) c.andi  a3, -1
core   0: 3 0x80003a66 (0x9afd) x13 0x00000000
core   0: 0x80003a68 (0x02e89db3) mulh    s11, a7, a4
core   0: 3 0x80003a68 (0x02e89db3) x27 0x00000000
core   0: 0x80003a6c (0x0000e955) c.bnez  a0, pc + 180
core   0: 3 0x80003a6c (0xe955)
core   0: 0x80003b20 (0x02e5a333) mulhsu  t1, a1, a4
core   0: 3 0x80003b20 (0x02e5a333) x6  0x00000000
core   0: 0x80003b24 (0x00005afd) c.li    s5, -1
core   0: 3 0x80003b24 (0x5afd) x21 0xffffffff
core   0: 0x80003b26 (0x95a76593) ori     a1, a4, -1702
core   0: 3 0x80003b26 (0x95a76593) x11 0xfffff95a
core   0: 0x80003b2a (0x023cb2b3) mulhu   t0, s9, gp
core   0: 3 0x80003b2a (0x023cb2b3) x5  0x00000000
core   0: 0x80003b2e (0x0086d013) srli    zero, a3, 8
core   0: 3 0x80003b2e (0x0086d013)
core   0: 0x80003b32 (0x003a2533) slt     a0, s4, gp
core   0: 3 0x80003b32 (0x003a2533) x10 0x00000001
core   0: 0x80003b36 (0x0000ee19) c.bnez  a2, pc + 30
core   0: 3 0x80003b36 (0xee19)
core   0: 0x80003b54 (0x00ef6ab3) or      s5, t5, a4
core   0: 3 0x80003b54 (0x00ef6ab3) x21 0x00000000
core   0: 0x80003b58 (0xa8efc213) xori    tp, t6, -1394
core   0: 3 0x80003b58 (0xa8efc213) x4  0xfffffa8e
core   0: 0x80003b5c (0x34089bf3) csrrw   s7, mscratch, a7
core   0: 3 0x80003b5c (0x34089bf3) x23 0x0000001f c832_mscratch 0xffff9b19
core   0: 0x80003b60 (0x03817033) remu    zero, sp, s8
core   0: 3 0x80003b60 (0x03817033)
core   0: 0x80003b64 (0x34035373) csrrwi  t1, mscratch, 6
core   0: 3 0x80003b64 (0x34035373) x6  0xffff9b19 c832_mscratch 0x00000006
core   0: 0x80003b68 (0x00000904) c.addi4spn s1, sp, 144
core   0: 3 0x80003b68 (0x0904) x9  0x00600a90
core   0: 0x80003b6a (0x34006df3) csrrsi  s11, mscratch, 0
core   0: 3 0x80003b6a (0x34006df3) x27 0x00000006
core   0: 0x80003b6e (0x416c8a33) sub     s4, s9, s6
core   0: 3 0x80003b6e (0x416c8a33) x20 0xffffffff
core   0: 0x80003b72 (0x01a834b3) sltu    s1, a6, s10
core   0: 3 0x80003b72 (0x01a834b3) x9  0x00000000
core   0: 0x80003b76 (0x031c5d33) divu    s10, s8, a7
core   0: 3 0x80003b76 (0x031c5d33) x26 0x00000000
core   0: 0x80003b7a (0x0000717d) c.addi16sp sp, -16
core   0: 3 0x80003b7a (0x717d) x2  0x006009f0
core   0: 0x80003b7c (0x013ee933) or      s2, t4, s3
core   0: 3 0x80003b7c (0x013ee933) x18 0xfffffef5
core   0: 0x80003b80 (0x00490a33) add     s4, s2, tp
core   0: 3 0x80003b80 (0x00490a33) x20 0xfffff983
core   0: 0x80003b84 (0x00fa1033) sll     zero, s4, a5
core   0: 3 0x80003b84 (0x00fa1033)
core   0: 0x80003b88 (0x0000897d) c.andi  a0, 31
core   0: 3 0x80003b88 (0x897d) x10 0x00000001
core   0: 0x80003b8a (0x016cdc93) srli    s9, s9, 22
core   0: 3 0x80003b8a (0x016cdc93) x25 0x000003ff
core   0: 0x80003b8e (0x543f6013) prefetch.w 1344(t5)
core   0: 3 0x80003b8e (0x543f6013)
core   0: 0x80003b92 (0x00968963) beq     a3, s1, pc + 18
core   0: 3 0x80003b92 (0x00968963)
core   0: 0x80003ba4 (0xe2c9cb13) xori    s6, s3, -468
core   0: 3 0x80003ba4 (0xe2c9cb13) x22 0x000000d9
core   0: 0x80003ba8 (0x19626a97) auipc   s5, 0x19626
core   0: 3 0x80003ba8 (0x19626a97) x21 0x99629ba8
core   0: 0x80003bac (0x00008d69) c.and   a0, a0
core   0: 3 0x80003bac (0x8d69) x10 0x00000001
core   0: 0x80003bae (0x0000717d) c.addi16sp sp, -16
core   0: 3 0x80003bae (0x717d) x2  0x006009e0
core   0: 0x80003bb0 (0x00008242) c.mv    tp, a6
core   0: 3 0x80003bb0 (0x8242) x4  0xffffffff
core   0: 0x80003bb2 (0x03ee6d33) rem     s10, t3, t5
core   0: 3 0x80003bb2 (0x03ee6d33) x26 0x80029d24
core   0: 0x80003bb6 (0x023214b3) mulh    s1, tp, gp
core   0: 3 0x80003bb6 (0x023214b3) x9  0xffffffff
core   0: 0x80003bba (0x0000577d) c.li    a4, -1
core   0: 3 0x80003bba (0x577d) x14 0xffffffff
core   0: 0x80003bbc (0x87802493) slti    s1, zero, -1928
core   0: 3 0x80003bbc (0x87802493) x9  0x00000000
core   0: 0x80003bc0 (0x00d8f8b3) and     a7, a7, a3
core   0: 3 0x80003bc0 (0x00d8f8b3) x17 0x00000000
core   0: 0x80003bc4 (0x01beadb3) slt     s11, t4, s11
core   0: 3 0x80003bc4 (0x01beadb3) x27 0x00000001
core   0: 0x80003bc8 (0x033b1033) mulh    zero, s6, s3
core   0: 3 0x80003bc8 (0x033b1033)
core   0: 0x80003bcc (0xe6c95b97) auipc   s7, 0xe6c95
core   0: 3 0x80003bcc (0xe6c95b97) x23 0x66c98bcc
core   0: 0x80003bd0 (0x3e1bf693) andi    a3, s7, 993
core   0: 3 0x80003bd0 (0x3e1bf693) x13 0x000003c0
core   0: 0x80003bd4 (0x00148863) beq     s1, ra, pc + 16
core   0: 3 0x80003bd4 (0x00148863)
core   0: 0x80003bd8 (0x01d23533) sltu    a0, tp, t4
core   0: 3 0x80003bd8 (0x01d23533) x10 0x00000000
core   0: 0x80003bdc (0x04d3c063) blt     t2, a3, pc + 64
core   0: 3 0x80003bdc (0x04d3c063)
core   0: 0x80003c1c (0x340b69f3) csrrsi  s3, mscratch, 22
core   0: 3 0x80003c1c (0x340b69f3) x19 0x00000006 c832_mscratch 0x00000016
core   0: 0x80003c20 (0x00008dfd) c.and   a1, a5
core   0: 3 0x80003c20 (0x8dfd) x11 0x00060000
core   0: 0x80003c22 (0x01c6f0b3) and     ra, a3, t3
core   0: 3 0x80003c22 (0x01c6f0b3) x1  0x00000100
core   0: 0x80003c26 (0x00008e29) c.xor   a2, a0
core   0: 3 0x80003c26 (0x8e29) x12 0xfffffb4e
core   0: 0x80003c28 (0x0000651d) c.lui   a0, 0x7
core   0: 3 0x80003c28 (0x651d) x10 0x00007000
core   0: 0x80003c2a (0x01b38ab3) add     s5, t2, s11
core   0: 3 0x80003c2a (0x01b38ab3) x21 0x80029d25
core   0: 0x80003c2e (0x340e1ff3) csrrw   t6, mscratch, t3
core   0: 3 0x80003c2e (0x340e1ff3) x31 0x00000016 c832_mscratch 0x80029d24
core   0: 0x80003c32 (0x04bc0163) beq     s8, a1, pc + 66
core   0: 3 0x80003c32 (0x04bc0163)
core   0: 0x80003c36 (0x01115d93) srli    s11, sp, 17
core   0: 3 0x80003c36 (0x01115d93) x27 0x00000030
core   0: 0x80003c3a (0x000093f6) c.add   t2, t4
core   0: 3 0x80003c3a (0x93f6) x7  0x0004fbc8
core   0: 0x80003c3c (0x021456b3) divu    a3, s0, ra
core   0: 3 0x80003c3c (0x021456b3) x13 0x00000000
core   0: 0x80003c40 (0x0000c209) c.beqz  a2, pc + 2
core   0: 3 0x80003c40 (0xc209)
core   0: 0x80003c42 (0x3401d6f3) csrrwi  a3, mscratch, 3
core   0: 3 0x80003c42 (0x3401d6f3) x13 0x80029d24 c832_mscratch 0x00000003
core   0: 0x80003c46 (0x0000851a) c.mv    a0, t1
core   0: 3 0x80003c46 (0x851a) x10 0xffff9b19
core   0: 0x80003c48 (0x00cc7133) and     sp, s8, a2
core   0: 3 0x80003c48 (0x00cc7133) x2  0x00006000
core   0: 0x80003c4c (0x00000569) c.addi  a0, 26
core   0: 3 0x80003c4c (0x0569) x10 0xffff9b33
core   0: 0x80003c4e (0x84448d93) addi    s11, s1, -1980
core   0: 3 0x80003c4e (0x84448d93) x27 0xfffff844
core   0: 0x80003c52 (0x02c8bbb3) mulhu   s7, a7, a2
core   0: 3 0x80003c52 (0x02c8bbb3) x23 0x00000000
core   0: 0x80003c56 (0x0000537d) c.li    t1, -1
core   0: 3 0x80003c56 (0x537d) x6  0xffffffff
core   0: 0x80003c58 (0x0000100f) fence.i
core   0: 3 0x80003c58 (0x0000100f)
core   0: 0x80003c5c (0x02c9eb63) bltu    s3, a2, pc + 54
core   0: 3 0x80003c5c (0x02c9eb63)
core   0: 0x80003c92 (0x00000001) c.nop
core   0: 3 0x80003c92 (0x0001)
core   0: 0x80003c94 (0x02f31f63) bne     t1, a5, pc + 62
core   0: 3 0x80003c94 (0x02f31f63)
core   0: 0x80003cd2 (0x00008dd5) c.or    a1, a3
core   0: 3 0x80003cd2 (0x8dd5) x11 0x80069d24
core   0: 0x80003cd4 (0x00008d1d) c.sub   a0, a5
core   0: 3 0x80003cd4 (0x8d1d) x10 0xfff99b33
core   0: 0x80003cd6 (0x41e5d493) srai    s1, a1, 30
core   0: 3 0x80003cd6 (0x41e5d493) x9  0xfffffffe
core   0: 0x80003cda (0x01d63333) sltu    t1, a2, t4
core   0: 3 0x80003cda (0x01d63333) x6  0x00000000
core   0: 0x80003cde (0x016765b3) or      a1, a4, s6
core   0: 3 0x80003cde (0x016765b3) x11 0xffffffff
core   0: 0x80003ce2 (0x0000e985) c.bnez  a1, pc + 48
core   0: 3 0x80003ce2 (0xe985)
core   0: 0x80003d12 (0x012e5d13) srli    s10, t3, 18
core   0: 3 0x80003d12 (0x012e5d13) x26 0x00002000
core   0: 0x80003d16 (0x40a45893) srai    a7, s0, 10
core   0: 3 0x80003d16 (0x40a45893) x17 0x00000000
core   0: 0x80003d1a (0x00e8b133) sltu    sp, a7, a4
core   0: 3 0x80003d1a (0x00e8b133) x2  0x00000001
core   0: 0x80003d1e (0x001cccb3) xor     s9, s9, ra
core   0: 3 0x80003d1e (0x001cccb3) x25 0x000002ff
core   0: 0x80003d22 (0x00008a0d) c.andi  a2, 3
core   0: 3 0x80003d22 (0x8a0d) x12 0x00000002
core   0: 0x80003d24 (0x0000717d) c.addi16sp sp, -16
core   0: 3 0x80003d24 (0x717d) x2  0xfffffff1
core   0: 0x80003d26 (0x013c9463) bne     s9, s3, pc + 8
core   0: 3 0x80003d26 (0x013c9463)
core   0: 0x80003d2e (0x00896fb3) or      t6, s2, s0
core   0: 3 0x80003d2e (0x00896fb3) x31 0xfffffef5
core   0: 0x80003d32 (0x0000717d) c.addi16sp sp, -16
core   0: 3 0x80003d32 (0x717d) x2  0xffffffe1
core   0: 0x80003d34 (0x025e8b33) mul     s6, t4, t0
core   0: 3 0x80003d34 (0x025e8b33) x22 0x00000000
core   0: 0x80003d38 (0x01bfaf33) slt     t5, t6, s11
core   0: 3 0x80003d38 (0x01bfaf33) x30 0x00000000
core   0: 0x80003d3c (0x02401d63) bne     zero, tp, pc + 58
core   0: 3 0x80003d3c (0x02401d63)
core   0: 0x80003d76 (0x00008f81) c.sub   a5, s0
core   0: 3 0x80003d76 (0x8f81) x15 0x00060000
core   0: 0x80003d78 (0x03420c63) beq     tp, s4, pc + 56
core   0: 3 0x80003d78 (0x03420c63)
core   0: 0x80003d7c (0x039e9933) mulh    s2, t4, s9
core   0: 3 0x80003d7c (0x039e9933) x18 0xfffffe80
core   0: 0x80003d80 (0x011c28b3) slt     a7, s8, a7
core   0: 3 0x80003d80 (0x011c28b3) x17 0x00000000
core   0: 0x80003d84 (0x03d7ca33) div     s4, a5, t4
core   0: 3 0x80003d84 (0x03d7ca33) x20 0x00000000
core   0: 0x80003d88 (0x037da933) mulhsu  s2, s11, s7
core   0: 3 0x80003d88 (0x037da933) x18 0x00000000
core   0: 0x80003d8c (0x0ff0000f) fence   iorw,iorw
core   0: 3 0x80003d8c (0x0ff0000f)
core   0: 0x80003d90 (0x340036f3) csrrc   a3, mscratch, zero
core   0: 3 0x80003d90 (0x340036f3) x13 0x00000003
core   0: 0x80003d94 (0x037b1c63) bne     s6, s7, pc + 56
core   0: 3 0x80003d94 (0x037b1c63)
core   0: 0x80003d98 (0x00886133) or      sp, a6, s0
core   0: 3 0x80003d98 (0x00886133) x2  0xffffffff
core   0: 0x80003d9c (0x01d36233) or      tp, t1, t4
core   0: 3 0x80003d9c (0x01d36233) x4  0x80025ea4
core   0: 0x80003da0 (0x01399d33) sll     s10, s3, s3
core   0: 3 0x80003da0 (0x01399d33) x26 0x00000180
core   0: 0x80003da4 (0x00009346) c.add   t1, a7
core   0: 3 0x80003da4 (0x9346) x6  0x00000000
core   0: 0x80003da6 (0x00000851) c.addi  a6, 20
core   0: 3 0x80003da6 (0x0851) x16 0x00000013
core   0: 0x80003da8 (0x0000e599) c.bnez  a1, pc + 14
core   0: 3 0x80003da8 (0xe599)
core   0: 0x80003db6 (0x340623f3) csrrs   t2, mscratch, a2
core   0: 3 0x80003db6 (0x340623f3) x7  0x00000003 c832_mscratch 0x00000003
core   0: 0x80003dba (0x00008e01) c.sub   a2, s0
core   0: 3 0x80003dba (0x8e01) x12 0x00000002
core   0: 0x80003dbc (0x4f2f2d93) slti    s11, t5, 1266
core   0: 3 0x80003dbc (0x4f2f2d93) x27 0x00000001
core   0: 0x80003dc0 (0x340c9b73) csrrw   s6, mscratch, s9
core   0: 3 0x80003dc0 (0x340c9b73) x22 0x00000003 c832_mscratch 0x000002ff
core   0: 0x80003dc4 (0x92e06f93) ori     t6, zero, -1746
core   0: 3 0x80003dc4 (0x92e06f93) x31 0xfffff92e
core   0: 0x80003dc8 (0x003b0663) beq     s6, gp, pc + 12
core   0: 3 0x80003dc8 (0x003b0663)
core   0: 0x80003dcc (0x840fb313) sltiu   t1, t6, -1984
core   0: 3 0x80003dcc (0x840fb313) x6  0x00000000
core   0: 0x80003dd0 (0x409c5333) sra     t1, s8, s1
core   0: 3 0x80003dd0 (0x409c5333) x6  0x00000000
core   0: 0x80003dd4 (0x40620db3) sub     s11, tp, t1
core   0: 3 0x80003dd4 (0x40620db3) x27 0x80025ea4
core   0: 0x80003dd8 (0x0014d1b3) srl     gp, s1, ra
core   0: 3 0x80003dd8 (0x0014d1b3) x3  0xfffffffe
core   0: 0x80003ddc (0x03b471b3) remu    gp, s0, s11
core   0: 3 0x80003ddc (0x03b471b3) x3  0x00000000
core   0: 0x80003de0 (0x34002173) csrr    sp, mscratch
core   0: 3 0x80003de0 (0x34002173) x2  0x000002ff
core   0: 0x80003de4 (0x00989863) bne     a7, s1, pc + 16
core   0: 3 0x80003de4 (0x00989863)
core   0: 0x80003df4 (0xa1192b97) auipc   s7, 0xa1192
core   0: 3 0x80003df4 (0xa1192b97) x23 0x21195df4
core   0: 0x80003df8 (0x34003ff3) csrrc   t6, mscratch, zero
core   0: 3 0x80003df8 (0x34003ff3) x31 0x000002ff
core   0: 0x80003dfc (0x00e3b8b3) sltu    a7, t2, a4
core   0: 3 0x80003dfc (0x00e3b8b3) x17 0x00000001
core   0: 0x80003e00 (0x03ea3cb3) mulhu   s9, s4, t5
core   0: 3 0x80003e00 (0x03ea3cb3) x25 0x00000000
core   0: 0x80003e04 (0x00008e79) c.and   a2, a4
core   0: 3 0x80003e04 (0x8e79) x12 0x00000002
core   0: 0x80003e06 (0x00000816) c.slli  a6, 5
core   0: 3 0x80003e06 (0x0816) x16 0x00000260
core   0: 0x80003e08 (0x34007673) csrrci  a2, mscratch, 0
core   0: 3 0x80003e08 (0x34007673) x12 0x000002ff
core   0: 0x80003e0c (0x00ecccb3) xor     s9, s9, a4
core   0: 3 0x80003e0c (0x00ecccb3) x25 0xffffffff
core   0: 0x80003e10 (0x00000141) c.addi  sp, 16
core   0: 3 0x80003e10 (0x0141) x2  0x0000030f
core   0: 0x80003e12 (0x00008f4d) c.or    a4, a1
core   0: 3 0x80003e12 (0x8f4d) x14 0xffffffff
core   0: 0x80003e14 (0x000087e9) c.srai  a5, 26
core   0: 3 0x80003e14 (0x87e9) x15 0x00000000
core   0: 0x80003e16 (0x00008d49) c.or    a0, a0
core   0: 3 0x80003e16 (0x8d49) x10 0xfff99b33
core   0: 0x80003e18 (0x00000001) c.nop
core   0: 3 0x80003e18 (0x0001)
core   0: 0x80003e1a (0x0382b633) mulhu   a2, t0, s8
core   0: 3 0x80003e1a (0x0382b633) x12 0x00000000
core   0: 0x80003e1e (0x00009592) c.add   a1, tp
core   0: 3 0x80003e1e (0x9592) x11 0x80025ea3
core   0: 0x80003e20 (0x340016f3) csrrw   a3, mscratch, zero
core   0: 3 0x80003e20 (0x340016f3) x13 0x000002ff c832_mscratch 0x00000000
core   0: 0x80003e24 (0xc3ea0493) addi    s1, s4, -962
core   0: 3 0x80003e24 (0xc3ea0493) x9  0xfffffc3e
core   0: 0x80003e28 (0x8971f793) andi    a5, gp, -1897
core   0: 3 0x80003e28 (0x8971f793) x15 0x00000000
core   0: 0x80003e2c (0x000cd4b3) srl     s1, s9, zero
core   0: 3 0x80003e2c (0x000cd4b3) x9  0xffffffff
core   0: 0x80003e30 (0x039d8333) mul     t1, s11, s9
core   0: 3 0x80003e30 (0x039d8333) x6  0x7ffda15c
core   0: 0x80003e34 (0x34002b73) csrr    s6, mscratch
core   0: 3 0x80003e34 (0x34002b73) x22 0x00000000
core   0: 0x80003e38 (0x400e8db3) sub     s11, t4, zero
core   0: 3 0x80003e38 (0x400e8db3) x27 0x80025ea4
core   0: 0x80003e3c (0xd883a293) slti    t0, t2, -632
core   0: 3 0x80003e3c (0xd883a293) x5  0x00000000
core   0: 0x80003e40 (0x969a0b17) auipc   s6, 0x969a0
core   0: 3 0x80003e40 (0x969a0b17) x22 0x169a3e40
core   0: 0x80003e44 (0x01ac1613) slli    a2, s8, 26
core   0: 3 0x80003e44 (0x01ac1613) x12 0x00000000
core   0: 0x80003e48 (0xc1ffe3b7) lui     t2, 0xc1ffe
core   0: 3 0x80003e48 (0xc1ffe3b7) x7  0xc1ffe000
core   0: 0x80003e4c (0x00008e85) c.sub   a3, s1
core   0: 3 0x80003e4c (0x8e85) x13 0x00000300
core   0: 0x80003e4e (0x02627d63) bgeu    tp, t1, pc + 58
core   0: 3 0x80003e4e (0x02627d63)
core   0: 0x80003e88 (0x0000095d) c.addi  s2, 23
core   0: 3 0x80003e88 (0x095d) x18 0x00000017
core   0: 0x80003e8a (0x00e650b3) srl     ra, a2, a4
core   0: 3 0x80003e8a (0x00e650b3) x1  0x00000000
core   0: 0x80003e8e (0x00000001) c.nop
core   0: 3 0x80003e8e (0x0001)
core   0: 0x80003e90 (0x00000001) c.nop
core   0: 3 0x80003e90 (0x0001)
core   0: 0x80003e92 (0x000000f5) c.addi  ra, 29
core   0: 3 0x80003e92 (0x00f5) x1  0x0000001d
core   0: 0x80003e94 (0x013f9c63) bne     t6, s3, pc + 24
core   0: 3 0x80003e94 (0x013f9c63)
core   0: 0x80003eac (0x03ec04b3) mul     s1, s8, t5
core   0: 3 0x80003eac (0x03ec04b3) x9  0x00000000
core   0: 0x80003eb0 (0x0000e319) c.bnez  a4, pc + 6
core   0: 3 0x80003eb0 (0xe319)
core   0: 0x80003eb6 (0x415c59b3) sra     s3, s8, s5
core   0: 3 0x80003eb6 (0x415c59b3) x19 0x00000300
core   0: 0x80003eba (0x01675633) srl     a2, a4, s6
core   0: 3 0x80003eba (0x01675633) x12 0xffffffff
core   0: 0x80003ebe (0x17273017) auipc   zero, 0x17273
core   0: 3 0x80003ebe (0x17273017)
core   0: 0x80003ec2 (0x34003b73) csrrc   s6, mscratch, zero
core   0: 3 0x80003ec2 (0x34003b73) x22 0x00000000
core   0: 0x80003ec6 (0x417c5d13) srai    s10, s8, 23
core   0: 3 0x80003ec6 (0x417c5d13) x26 0x00000000
core   0: 0x80003eca (0xf4343513) sltiu   a0, s0, -189
core   0: 3 0x80003eca (0xf4343513) x10 0x00000001
core   0: 0x80003ece (0x00008fb9) c.xor   a5, a4
core   0: 3 0x80003ece (0x8fb9) x15 0xffffffff
core   0: 0x80003ed0 (0x0ff0000f) fence   iorw,iorw
core   0: 3 0x80003ed0 (0x0ff0000f)
core   0: 0x80003ed4 (0x02767663) bgeu    a2, t2, pc + 44
core   0: 3 0x80003ed4 (0x02767663)
core   0: 0x80003f00 (0x0396f933) remu    s2, a3, s9
core   0: 3 0x80003f00 (0x0396f933) x18 0x00000300
core   0: 0x80003f04 (0x028a6d33) rem     s10, s4, s0
core   0: 3 0x80003f04 (0x028a6d33) x26 0x00000000
core   0: 0x80003f08 (0x01dd1763) bne     s10, t4, pc + 14
core   0: 3 0x80003f08 (0x01dd1763)
core   0: 0x80003f16 (0x03a2ee63) bltu    t0, s10, pc + 60
core   0: 3 0x80003f16 (0x03a2ee63)
core   0: 0x80003f1a (0x03eb0b33) mul     s6, s6, t5
core   0: 3 0x80003f1a (0x03eb0b33) x22 0x00000000
core   0: 0x80003f1e (0x007425b3) slt     a1, s0, t2
core   0: 3 0x80003f1e (0x007425b3) x11 0x00000000
core   0: 0x80003f22 (0x0109f1b3) and     gp, s3, a6
core   0: 3 0x80003f22 (0x0109f1b3) x3  0x00000200
core   0: 0x80003f26 (0x03072fb3) mulhsu  t6, a4, a6
core   0: 3 0x80003f26 (0x03072fb3) x31 0xffffffff
core   0: 0x80003f2a (0x0000ce09) c.beqz  a2, pc + 26
core   0: 3 0x80003f2a (0xce09)
core   0: 0x80003f2c (0x40b35793) srai    a5, t1, 11
core   0: 3 0x80003f2c (0x40b35793) x15 0x000fffb4
core   0: 0x80003f30 (0x01a41b13) slli    s6, s0, 26
core   0: 3 0x80003f30 (0x01a41b13) x22 0x00000000
core   0: 0x80003f34 (0x84226713) ori     a4, tp, -1982
core   0: 3 0x80003f34 (0x84226713) x14 0xfffffee6
core   0: 0x80003f38 (0x01231933) sll     s2, t1, s2
core   0: 3 0x80003f38 (0x01231933) x18 0x7ffda15c
core   0: 0x80003f3c (0x039282b3) mul     t0, t0, s9
core   0: 3 0x80003f3c (0x039282b3) x5  0x00000000
core   0: 0x80003f40 (0x00cc7863) bgeu    s8, a2, pc + 16
core   0: 3 0x80003f40 (0x00cc7863)
core   0: 0x80003f44 (0x406d0833) sub     a6, s10, t1
core   0: 3 0x80003f44 (0x406d0833) x16 0x80025ea4
core   0: 0x80003f48 (0x00eeda13) srli    s4, t4, 14
core   0: 3 0x80003f48 (0x00eeda13) x20 0x00020009
core   0: 0x80003f4c (0x02e14763) blt     sp, a4, pc + 46
core   0: 3 0x80003f4c (0x02e14763)
core   0: 0x80003f50 (0x000010fd) c.addi  ra, -1
core   0: 3 0x80003f50 (0x10fd) x1  0x0000001c
core   0: 0x80003f52 (0x00008f7d) c.and   a4, a5
core   0: 3 0x80003f52 (0x8f7d) x14 0x000ffea4
core   0: 0x80003f54 (0xa275cd13) xori    s10, a1, -1497
core   0: 3 0x80003f54 (0xa275cd13) x26 0xfffffa27
core   0: 0x80003f58 (0x0096d6b3) srl     a3, a3, s1
core   0: 3 0x80003f58 (0x0096d6b3) x13 0x00000300
core   0: 0x80003f5c (0x004ca233) slt     tp, s9, tp
core   0: 3 0x80003f5c (0x004ca233) x4  0x00000000
core   0: 0x80003f60 (0x00005ffd) c.li    t6, -1
core   0: 3 0x80003f60 (0x5ffd) x31 0xffffffff
core   0: 0x80003f62 (0x00d97ab3) and     s5, s2, a3
core   0: 3 0x80003f62 (0x00d97ab3) x21 0x00000100
core   0: 0x80003f66 (0x000085fa) c.mv    a1, t5
core   0: 3 0x80003f66 (0x85fa) x11 0x00000000
core   0: 0x80003f68 (0x0000100f) fence.i
core   0: 3 0x80003f68 (0x0000100f)
core   0: 0x80003f6c (0x40d584b3) sub     s1, a1, a3
core   0: 3 0x80003f6c (0x40d584b3) x9  0xfffffd00
core   0: 0x80003f70 (0x000011fd) c.addi  gp, -1
core   0: 3 0x80003f70 (0x11fd) x3  0x000001ff
core   0: 0x80003f72 (0x0ff0000f) fence   iorw,iorw
core   0: 3 0x80003f72 (0x0ff0000f)
core   0: 0x80003f76 (0x00006cbd) c.lui   s9, 0xf
core   0: 3 0x80003f76 (0x6cbd) x25 0x0000f000
core   0: 0x80003f78 (0x0000e711) c.bnez  a4, pc + 12
core   0: 3 0x80003f78 (0xe711)
core   0: 0x80003f84 (0xb303b517) auipc   a0, 0xb303b
core   0: 3 0x80003f84 (0xb303b517) x10 0x3303ef84
core   0: 0x80003f88 (0x340918f3) csrrw   a7, mscratch, s2
core   0: 3 0x80003f88 (0x340918f3) x17 0x00000000 c832_mscratch 0x7ffda15c
core   0: 0x80003f8c (0x00e99013) slli    zero, s3, 14
core   0: 3 0x80003f8c (0x00e99013)
core   0: 0x80003f90 (0xb4278397) auipc   t2, 0xb4278
core   0: 3 0x80003f90 (0xb4278397) x7  0x3427bf90
core   0: 0x80003f94 (0x03f79663) bne     a5, t6, pc + 44
core   0: 3 0x80003f94 (0x03f79663)
core   0: 0x80003fc0 (0x00000001) c.nop
core   0: 3 0x80003fc0 (0x0001)
core   0: 0x80003fc2 (0x03328e63) beq     t0, s3, pc + 60
core   0: 3 0x80003fc2 (0x03328e63)
core   0: 0x80003fc6 (0x0ffd8c37) lui     s8, 0xffd8
core   0: 3 0x80003fc6 (0x0ffd8c37) x24 0x0ffd8000
core   0: 0x80003fca (0xda51eb13) ori     s6, gp, -603
core   0: 3 0x80003fca (0xda51eb13) x22 0xfffffdff
core   0: 0x80003fce (0x00008351) c.srli  a4, 20
core   0: 3 0x80003fce (0x8351) x14 0x00000000
core   0: 0x80003fd0 (0x0ff0000f) fence   iorw,iorw
core   0: 3 0x80003fd0 (0x0ff0000f)
core   0: 0x80003fd4 (0x02ee5033) divu    zero, t3, a4
core   0: 3 0x80003fd4 (0x02ee5033)
core   0: 0x80003fd8 (0x03c6f7b3) remu    a5, a3, t3
core   0: 3 0x80003fd8 (0x03c6f7b3) x15 0x00000300
core   0: 0x80003fdc (0x00008ce9) c.and   s1, a0
core   0: 3 0x80003fdc (0x8ce9) x9  0x3303ed00
core   0: 0x80003fde (0x002fc733) xor     a4, t6, sp
core   0: 3 0x80003fde (0x002fc733) x14 0xfffffcf0
core   0: 0x80003fe2 (0x014d9593) slli    a1, s11, 20
core   0: 3 0x80003fe2 (0x014d9593) x11 0xea400000
core   0: 0x80003fe6 (0x40fd5593) srai    a1, s10, 15
core   0: 3 0x80003fe6 (0x40fd5593) x11 0xffffffff
core   0: 0x80003fea (0x0000e69d) c.bnez  a3, pc + 46
core   0: 3 0x80003fea (0xe69d)
core   0: 0x80004018 (0x00735863) bge     t1, t2, pc + 16
core   0: 3 0x80004018 (0x00735863)
core   0: 0x80004028 (0x54ea2713) slti    a4, s4, 1358
core   0: 3 0x80004028 (0x54ea2713) x14 0x00000000
core   0: 0x8000402c (0x000088b6) c.mv    a7, a3
core   0: 3 0x8000402c (0x88b6) x17 0x00000300
core   0: 0x8000402e (0x0084ac33) slt     s8, s1, s0
core   0: 3 0x8000402e (0x0084ac33) x24 0x00000000
core   0: 0x80004032 (0x01534563) blt     t1, s5, pc + 10
core   0: 3 0x80004032 (0x01534563)
core   0: 0x80004036 (0x0000197d) c.addi  s2, -1
core   0: 3 0x80004036 (0x197d) x18 0x7ffda15b
core   0: 0x80004038 (0x41e18c33) sub     s8, gp, t5
core   0: 3 0x80004038 (0x41e18c33) x24 0x000001ff
core   0: 0x8000403c (0x01c7cf33) xor     t5, a5, t3
core   0: 3 0x8000403c (0x01c7cf33) x30 0x80029e24
core   0: 0x80004040 (0x00000001) c.nop
core   0: 3 0x80004040 (0x0001)
core   0: 0x80004042 (0x03fd5933) divu    s2, s10, t6
core   0: 3 0x80004042 (0x03fd5933) x18 0x00000000
core   0: 0x80004046 (0x00008eb5) c.xor   a3, a3
core   0: 3 0x80004046 (0x8eb5) x13 0x00000000
core   0: 0x80004048 (0x00e87563) bgeu    a6, a4, pc + 10
core   0: 3 0x80004048 (0x00e87563)
core   0: 0x80004052 (0x0422e463) bltu    t0, sp, pc + 72
core   0: 3 0x80004052 (0x0422e463)
core   0: 0x8000409a (0x01a51d33) sll     s10, a0, s10
core   0: 3 0x8000409a (0x01a51d33) x26 0x81f7c200
core   0: 0x8000409e (0x00008f1d) c.sub   a4, a5
core   0: 3 0x8000409e (0x8f1d) x14 0xfffffd00
core   0: 0x800040a0 (0x004ac463) blt     s5, tp, pc + 8
core   0: 3 0x800040a0 (0x004ac463)
core   0: 0x800040a4 (0x0394e963) bltu    s1, s9, pc + 50
core   0: 3 0x800040a4 (0x0394e963)
core   0: 0x800040a8 (0x00000c7d) c.addi  s8, 31
core   0: 3 0x800040a8 (0x0c7d) x24 0x0000021e
core   0: 0x800040aa (0x00b35ab3) srl     s5, t1, a1
core   0: 3 0x800040aa (0x00b35ab3) x21 0x00000000
core   0: 0x800040ae (0x34013873) csrrc   a6, mscratch, sp
core   0: 3 0x800040ae (0x34013873) x16 0x7ffda15c c832_mscratch 0x7ffda050
core   0: 0x800040b2 (0x0184f233) and     tp, s1, s8
core   0: 3 0x800040b2 (0x0184f233) x4  0x00000000
core   0: 0x800040b6 (0x0000100f) fence.i
core   0: 3 0x800040b6 (0x0000100f)
core   0: 0x800040ba (0x0013f4b3) and     s1, t2, ra
core   0: 3 0x800040ba (0x0013f4b3) x9  0x00000010
core   0: 0x800040be (0x2e0a3c13) sltiu   s8, s4, 736
core   0: 3 0x800040be (0x2e0a3c13) x24 0x00000000
core   0: 0x800040c2 (0x03db6fb3) rem     t6, s6, t4
core   0: 3 0x800040c2 (0x03db6fb3) x31 0xfffffdff
core   0: 0x800040c6 (0x01619763) bne     gp, s6, pc + 14
core   0: 3 0x800040c6 (0x01619763)
core   0: 0x800040d4 (0x000001ae) c.slli  gp, 11
core   0: 3 0x800040d4 (0x01ae) x3  0x000ff800
core   0: 0x800040d6 (0x0000100f) fence.i
core   0: 3 0x800040d6 (0x0000100f)
core   0: 0x800040da (0x340075f3) csrrci  a1, mscratch, 0
core   0: 3 0x800040da (0x340075f3) x11 0x7ffda050
core   0: 0x800040de (0x00001798) c.addi4spn a4, sp, 992
core   0: 3 0x800040de (0x1798) x14 0x000006ef
core   0: 0x800040e0 (0x000099fd) c.andi  a1, -1
core   0: 3 0x800040e0 (0x99fd) x11 0x7ffda050
core   0: 0x800040e2 (0x41a85a33) sra     s4, a6, s10
core   0: 3 0x800040e2 (0x41a85a33) x20 0x7ffda15c
core   0: 0x800040e6 (0x00006721) c.lui   a4, 0x8
core   0: 3 0x800040e6 (0x6721) x14 0x00008000
core   0: 0x800040e8 (0x02a45f33) divu    t5, s0, a0
core   0: 3 0x800040e8 (0x02a45f33) x30 0x00000000
core   0: 0x800040ec (0x340a96f3) csrrw   a3, mscratch, s5
core   0: 3 0x800040ec (0x340a96f3) x13 0x7ffda050 c832_mscratch 0x00000000
core   0: 0x800040f0 (0x000059fd) c.li    s3, -1
core   0: 3 0x800040f0 (0x59fd) x19 0xffffffff
core   0: 0x800040f2 (0x000041e5) c.li    gp, 25
core   0: 3 0x800040f2 (0x41e5) x3  0x00000019
core   0: 0x800040f4 (0x00000001) c.nop
core   0: 3 0x800040f4 (0x0001)
core   0: 0x800040f6 (0x0000717d) c.addi16sp sp, -16
core   0: 3 0x800040f6 (0x717d) x2  0x000002ff
core   0: 0x800040f8 (0x000091be) c.add   gp, a5
core   0: 3 0x800040f8 (0x91be) x3  0x00000319
core   0: 0x800040fa (0x00008f0d) c.sub   a4, a1
core   0: 3 0x800040fa (0x8f0d) x14 0x8002dfb0
core   0: 0x800040fc (0x340e54f3) csrrwi  s1, mscratch, 28
core   0: 3 0x800040fc (0x340e54f3) x9  0x00000000 c832_mscratch 0x0000001c
core   0: 0x80004100 (0x0000ee59) c.bnez  a2, pc + 158
core   0: 3 0x80004100 (0xee59)
core   0: 0x8000419e (0xa33b8113) addi    sp, s7, -1485
core   0: 3 0x8000419e (0xa33b8113) x2  0x21195827
core   0: 0x800041a2 (0x340a5b73) csrrwi  s6, mscratch, 20
core   0: 3 0x800041a2 (0x340a5b73) x22 0x0000001c c832_mscratch 0x00000014
core   0: 0x800041a6 (0x000043b5) c.li    t2, 13
core   0: 3 0x800041a6 (0x43b5) x7  0x0000000d
core   0: 0x800041a8 (0x402fd493) srai    s1, t6, 2
core   0: 3 0x800041a8 (0x402fd493) x9  0xffffff7f
core   0: 0x800041ac (0x00008d19) c.sub   a0, a4
core   0: 3 0x800041ac (0x8d19) x10 0xb3010fd4
core   0: 0x800041ae (0x00000c88) c.addi4spn a0, sp, 592
core   0: 3 0x800041ae (0x0c88) x10 0x21195a77
core   0: 0x800041b0 (0x024cdab3) divu    s5, s9, tp
core   0: 3 0x800041b0 (0x024cdab3) x21 0xffffffff
core   0: 0x800041b4 (0xc1658d17) auipc   s10, 0xc1658
core   0: 3 0x800041b4 (0xc1658d17) x26 0x4165c1b4
core   0: 0x800041b8 (0x0000717d) c.addi16sp sp, -16
core   0: 3 0x800041b8 (0x717d) x2  0x21195817
core   0: 0x800041ba (0x00000001) c.nop
core   0: 3 0x800041ba (0x0001)
core   0: 0x800041bc (0x34081073) csrw    mscratch, a6
core   0: 3 0x800041bc (0x34081073) c832_mscratch 0x7ffda15c
core   0: 0x800041c0 (0x230cbf13) sltiu   t5, s9, 560
core   0: 3 0x800041c0 (0x230cbf13) x30 0x00000000
core   0: 0x800041c4 (0x76fd8213) addi    tp, s11, 1903
core   0: 3 0x800041c4 (0x76fd8213) x4  0x80026613
core   0: 0x800041c8 (0x3407d4f3) csrrwi  s1, mscratch, 15
core   0: 3 0x800041c8 (0x3407d4f3) x9  0x7ffda15c c832_mscratch 0x0000000f
core   0: 0x800041cc (0x340fac73) csrrs   s8, mscratch, t6
core   0: 3 0x800041cc (0x340fac73) x24 0x0000000f c832_mscratch 0xfffffdff
core   0: 0x800041d0 (0x011cfb63) bgeu    s9, a7, pc + 22
core   0: 3 0x800041d0 (0x011cfb63)
core   0: 0x800041e6 (0x00274633) xor     a2, a4, sp
core   0: 3 0x800041e6 (0x00274633) x12 0xa11b87a7
core   0: 0x800041ea (0x0323ef33) rem     t5, t2, s2
core   0: 3 0x800041ea (0x0323ef33) x30 0x0000000d
core   0: 0x800041ee (0x0555d363) bge     a1, s5, pc + 70
core   0: 3 0x800041ee (0x0555d363)
core   0: 0x80004234 (0x0ff0000f) fence   iorw,iorw
core   0: 3 0x80004234 (0x0ff0000f)
core   0: 0x80004238 (0x0000ea9d) c.bnez  a3, pc + 54
core   0: 3 0x80004238 (0xea9d)
core   0: 0x8000426e (0x0000100f) fence.i
core   0: 3 0x8000426e (0x0000100f)
core   0: 0x80004272 (0x00006f6d) c.lui   t5, 0x1b
core   0: 3 0x80004272 (0x6f6d) x30 0x0001b000
core   0: 0x80004274 (0x00000001) c.nop
core   0: 3 0x80004274 (0x0001)
core   0: 0x80004276 (0x025e74b3) remu    s1, t3, t0
core   0: 3 0x80004276 (0x025e74b3) x9  0x80029d24
core   0: 0x8000427a (0x00001d94) c.addi4spn a3, sp, 752
core   0: 3 0x8000427a (0x1d94) x13 0x21195b07
core   0: 0x8000427c (0x00008dcd) c.or    a1, a1
core   0: 3 0x8000427c (0x8dcd) x11 0x7ffda050
core   0: 0x8000427e (0x01bbd633) srl     a2, s7, s11
core   0: 3 0x8000427e (0x01bbd633) x12 0x021195df
core   0: 0x80004282 (0x0000100f) fence.i
core   0: 3 0x80004282 (0x0000100f)
core   0: 0x80004286 (0x0000c489) c.beqz  s1, pc + 10
core   0: 3 0x80004286 (0xc489)
core   0: 0x80004288 (0x0000717d) c.addi16sp sp, -16
core   0: 3 0x80004288 (0x717d) x2  0x21195807
core   0: 0x8000428a (0x340ad873) csrrwi  a6, mscratch, 21
core   0: 3 0x8000428a (0x340ad873) x16 0xfffffdff c832_mscratch 0x00000015
core   0: 0x8000428e (0x00005ffd) c.li    t6, -1
core   0: 3 0x8000428e (0x5ffd) x31 0xffffffff
core   0: 0x80004290 (0x340e9873) csrrw   a6, mscratch, t4
core   0: 3 0x80004290 (0x340e9873) x16 0x00000015 c832_mscratch 0x80025ea4
core   0: 0x80004294 (0x340924f3) csrrs   s1, mscratch, s2
core   0: 3 0x80004294 (0x340924f3) x9  0x80025ea4 c832_mscratch 0x80025ea4
core   0: 0x80004298 (0x000087a5) c.srai  a5, 9
core   0: 3 0x80004298 (0x87a5) x15 0x00000001
core   0: 0x8000429a (0x04f86063) bltu    a6, a5, pc + 64
core   0: 3 0x8000429a (0x04f86063)
core   0: 0x8000429e (0x000067b5) c.lui   a5, 0xd
core   0: 3 0x8000429e (0x67b5) x15 0x0000d000
core   0: 0x800042a0 (0x00008969) c.andi  a0, 26
core   0: 3 0x800042a0 (0x8969) x10 0x00000012
core   0: 0x800042a2 (0x00006fcd) c.lui   t6, 0x13
core   0: 3 0x800042a2 (0x6fcd) x31 0x00013000
core   0: 0x800042a4 (0x00cc33b3) sltu    t2, s8, a2
core   0: 3 0x800042a4 (0x00cc33b3) x7  0x00000001
core   0: 0x800042a8 (0x65727d93) andi    s11, tp, 1623
core   0: 3 0x800042a8 (0x65727d93) x27 0x00000613
core   0: 0x800042ac (0x00859e63) bne     a1, s0, pc + 28
core   0: 3 0x800042ac (0x00859e63)
core   0: 0x800042c8 (0x403e8f33) sub     t5, t4, gp
core   0: 3 0x800042c8 (0x403e8f33) x30 0x80025b8b
core   0: 0x800042cc (0x02bc5c63) bge     s8, a1, pc + 56
core   0: 3 0x800042cc (0x02bc5c63)
core   0: 0x800042d0 (0x03c98833) mul     a6, s3, t3
core   0: 3 0x800042d0 (0x03c98833) x16 0x7ffd62dc
core   0: 0x800042d4 (0x00005f7d) c.li    t5, -1
core   0: 3 0x800042d4 (0x5f7d) x30 0xffffffff
core   0: 0x800042d6 (0x01543b33) sltu    s6, s0, s5
core   0: 3 0x800042d6 (0x01543b33) x22 0x00000001
core   0: 0x800042da (0x3405ba73) csrrc   s4, mscratch, a1
core   0: 3 0x800042da (0x3405ba73) x20 0x80025ea4 c832_mscratch 0x80025ea4
core   0: 0x800042de (0x0b78cc13) xori    s8, a7, 183
core   0: 3 0x800042de (0x0b78cc13) x24 0x000003b7
core   0: 0x800042e2 (0x00009b7d) c.andi  a4, -1
core   0: 3 0x800042e2 (0x9b7d) x14 0x8002dfb0
core   0: 0x800042e4 (0x34003b73) csrrc   s6, mscratch, zero
core   0: 3 0x800042e4 (0x34003b73) x22 0x80025ea4
core   0: 0x800042e8 (0xda8ea737) lui     a4, 0xda8ea
core   0: 3 0x800042e8 (0xda8ea737) x14 0xda8ea000
core   0: 0x800042ec (0x3933f693) andi    a3, t2, 915
core   0: 3 0x800042ec (0x3933f693) x13 0x00000001
core   0: 0x800042f0 (0x00679763) bne     a5, t1, pc + 14
core   0: 3 0x800042f0 (0x00679763)
core   0: 0x800042fe (0x000094ea) c.add   s1, s10
core   0: 3 0x800042fe (0x94ea) x9  0xc1682058
core   0: 0x80004300 (0x055dd363) bge     s11, s5, pc + 70
core   0: 3 0x80004300 (0x055dd363)
core   0: 0x80004346 (0x00005f7d) c.li    t5, -1
core   0: 3 0x80004346 (0x5f7d) x30 0xffffffff
core   0: 0x80004348 (0x340032f3) csrrc   t0, mscratch, zero
core   0: 3 0x80004348 (0x340032f3) x5  0x80025ea4
core   0: 0x8000434c (0x00008f0d) c.sub   a4, a1
core   0: 3 0x8000434c (0x8f0d) x14 0x5a90ffb0
core   0: 0x8000434e (0x000080e9) c.srli  s1, 26
core   0: 3 0x8000434e (0x80e9) x9  0x00000030
core   0: 0x80004350 (0x03d88533) mul     a0, a7, t4
core   0: 3 0x80004350 (0x03d88533) x10 0x071bec00
core   0: 0x80004354 (0x000dac33) slt     s8, s11, zero
core   0: 3 0x80004354 (0x000dac33) x24 0x00000000
core   0: 0x80004358 (0x00335463) bge     t1, gp, pc + 8
core   0: 3 0x80004358 (0x00335463)
core   0: 0x80004360 (0x34006373) csrrsi  t1, mscratch, 0
core   0: 3 0x80004360 (0x34006373) x6  0x80025ea4
core   0: 0x80004364 (0x4c17b393) sltiu   t2, a5, 1217
core   0: 3 0x80004364 (0x4c17b393) x7  0x00000000
core   0: 0x80004368 (0x018136b3) sltu    a3, sp, s8
core   0: 3 0x80004368 (0x018136b3) x13 0x00000000
core   0: 0x8000436c (0xcbda5737) lui     a4, 0xcbda5
core   0: 3 0x8000436c (0xcbda5737) x14 0xcbda5000
core   0: 0x80004370 (0x00008269) c.srli  a2, 26
core   0: 3 0x80004370 (0x8269) x12 0x00000000
core   0: 0x80004372 (0x0000ea8d) c.bnez  a3, pc + 50
core   0: 3 0x80004372 (0xea8d)
core   0: 0x80004374 (0x00008f45) c.or    a4, s1
core   0: 3 0x80004374 (0x8f45) x14 0xcbda5030
core   0: 0x80004376 (0x036d0cb3) mul     s9, s10, s6
core   0: 3 0x80004376 (0x036d0cb3) x25 0xc5b82f50
core   0: 0x8000437a (0x00000001) c.nop
core   0: 3 0x8000437a (0x0001)
core   0: 0x8000437c (0x00006fe9) c.lui   t6, 0x1a
core   0: 3 0x8000437c (0x6fe9) x31 0x0001a000
core   0: 0x8000437e (0x34002673) csrr    a2, mscratch
core   0: 3 0x8000437e (0x34002673) x12 0x80025ea4
core   0: 0x80004382 (0x8ef4eb93) ori     s7, s1, -1809
core   0: 3 0x80004382 (0x8ef4eb93) x23 0xfffff8ff
core   0: 0x80004386 (0x00008346) c.mv    t1, a7
core   0: 3 0x80004386 (0x8346) x6  0x00000300
core   0: 0x80004388 (0x53256037) lui     zero, 0x53256
core   0: 3 0x80004388 (0x53256037)
core   0: 0x8000438c (0x340071f3) csrrci  gp, mscratch, 0
core   0: 3 0x8000438c (0x340071f3) x3  0x80025ea4
core   0: 0x80004390 (0x06390a13) addi    s4, s2, 99
core   0: 3 0x80004390 (0x06390a13) x20 0x00000063
core   0: 0x80004394 (0x00bc6c63) bltu    s8, a1, pc + 24
core   0: 3 0x80004394 (0x00bc6c63)
core   0: 0x800043ac (0x340ca873) csrrs   a6, mscratch, s9
core   0: 3 0x800043ac (0x340ca873) x16 0x80025ea4 c832_mscratch 0xc5ba7ff4
core   0: 0x800043b0 (0x0067d133) srl     sp, a5, t1
core   0: 3 0x800043b0 (0x0067d133) x2  0x0000d000
core   0: 0x800043b4 (0x01f3c4b3) xor     s1, t2, t6
core   0: 3 0x800043b4 (0x01f3c4b3) x9  0x0001a000
core   0: 0x800043b8 (0x44ae2013) slti    zero, t3, 1098
core   0: 3 0x800043b8 (0x44ae2013)
core   0: 0x800043bc (0x00000001) c.nop
core   0: 3 0x800043bc (0x0001)
core   0: 0x800043be (0x01188633) add     a2, a7, a7
core   0: 3 0x800043be (0x01188633) x12 0x00000600
core   0: 0x800043c2 (0x02170c63) beq     a4, ra, pc + 56
core   0: 3 0x800043c2 (0x02170c63)
core   0: 0x800043c6 (0x0000824d) c.srli  a2, 19
core   0: 3 0x800043c6 (0x824d) x12 0x00000000
core   0: 0x800043c8 (0x03404f33) div     t5, zero, s4
core   0: 3 0x800043c8 (0x03404f33) x30 0x00000000
core   0: 0x800043cc (0x01ca5013) srli    zero, s4, 28
core   0: 3 0x800043cc (0x01ca5013)
core   0: 0x800043d0 (0x0000c989) c.beqz  a1, pc + 18
core   0: 3 0x800043d0 (0xc989)
core   0: 0x800043d2 (0x340721f3) csrrs   gp, mscratch, a4
core   0: 3 0x800043d2 (0x340721f3) x3  0xc5ba7ff4 c832_mscratch 0xcffa7ff4
core   0: 0x800043d6 (0xbc5ccf13) xori    t5, s9, -1083
core   0: 3 0x800043d6 (0xbc5ccf13) x30 0x3a47d495
core   0: 0x800043da (0x03ee4833) div     a6, t3, t5
core   0: 3 0x800043da (0x03ee4833) x16 0xfffffffe
core   0: 0x800043de (0x00454463) blt     a0, tp, pc + 8
core   0: 3 0x800043de (0x00454463)
core   0: 0x800043e2 (0x036a7133) remu    sp, s4, s6
core   0: 3 0x800043e2 (0x036a7133) x2  0x00000063
core   0: 0x800043e6 (0x00386fb3) or      t6, a6, gp
core   0: 3 0x800043e6 (0x00386fb3) x31 0xfffffffe
core   0: 0x800043ea (0x012bd0b3) srl     ra, s7, s2
core   0: 3 0x800043ea (0x012bd0b3) x1  0xfffff8ff
core   0: 0x800043ee (0x417108b3) sub     a7, sp, s7
core   0: 3 0x800043ee (0x417108b3) x17 0x00000764
core   0: 0x800043f2 (0x004f1b93) slli    s7, t5, 4
core   0: 3 0x800043f2 (0x004f1b93) x23 0xa47d4950
core   0: 0x800043f6 (0x02b76a33) rem     s4, a4, a1
core   0: 3 0x800043f6 (0x02b76a33) x20 0xcbda5030
core   0: 0x800043fa (0x00008f71) c.and   a4, a2
core   0: 3 0x800043fa (0x8f71) x14 0x00000000
core   0: 0x800043fc (0x34006673) csrrsi  a2, mscratch, 0
core   0: 3 0x800043fc (0x34006673) x12 0xcffa7ff4
core   0: 0x80004400 (0x00000001) c.nop
core   0: 3 0x80004400 (0x0001)
core   0: 0x80004402 (0x340031f3) csrrc   gp, mscratch, zero
core   0: 3 0x80004402 (0x340031f3) x3  0xcffa7ff4
core   0: 0x80004406 (0x00001888) c.addi4spn a0, sp, 112
core   0: 3 0x80004406 (0x1888) x10 0x000000d3
core   0: 0x80004408 (0x03f7de63) bge     a5, t6, pc + 60
core   0: 3 0x80004408 (0x03f7de63)
core   0: 0x80004444 (0x016f4633) xor     a2, t5, s6
core   0: 3 0x80004444 (0x016f4633) x12 0xba458a31
core   0: 0x80004448 (0xf8dae593) ori     a1, s5, -115
core   0: 3 0x80004448 (0xf8dae593) x11 0xffffffff
core   0: 0x8000444c (0x0297b533) mulhu   a0, a5, s1
core   0: 3 0x8000444c (0x0297b533) x10 0x00000001
core   0: 0x80004450 (0x6a263313) sltiu   t1, a2, 1698
core   0: 3 0x80004450 (0x6a263313) x6  0x00000000
core   0: 0x80004454 (0x340b9c73) csrrw   s8, mscratch, s7
core   0: 3 0x80004454 (0x340b9c73) x24 0xcffa7ff4 c832_mscratch 0xa47d4950
core   0: 0x80004458 (0x0000811d) c.srli  a0, 7
core   0: 3 0x80004458 (0x811d) x10 0x00000000
core   0: 0x8000445a (0x00000001) c.nop
core   0: 3 0x8000445a (0x0001)
core   0: 0x8000445c (0x01bbcf33) xor     t5, s7, s11
core   0: 3 0x8000445c (0x01bbcf33) x30 0xa47d4f43
core   0: 0x80004460 (0x0221d9b3) divu    s3, gp, sp
core   0: 3 0x80004460 (0x0221d9b3) x19 0x0219cd93
core   0: 0x80004464 (0x608e7713) andi    a4, t3, 1544
core   0: 3 0x80004464 (0x608e7713) x14 0x00000400
core   0: 0x80004468 (0xd390fb13) andi    s6, ra, -711
core   0: 3 0x80004468 (0xd390fb13) x22 0xfffff839
core   0: 0x8000446c (0x00008ef9) c.and   a3, a4
core   0: 3 0x8000446c (0x8ef9) x13 0x00000000
core   0: 0x8000446e (0x00008d15) c.sub   a0, a3
core   0: 3 0x8000446e (0x8d15) x10 0x00000000
core   0: 0x80004470 (0x035e44b3) div     s1, t3, s5
core   0: 3 0x80004470 (0x035e44b3) x9  0x7ffd62dc
core   0: 0x80004474 (0x010d9133) sll     sp, s11, a6
core   0: 3 0x80004474 (0x010d9133) x2  0xc0000000
core   0: 0x80004478 (0x9885f393) andi    t2, a1, -1656
core   0: 3 0x80004478 (0x9885f393) x7  0xfffff988
core   0: 0x8000447c (0x11ab3793) sltiu   a5, s6, 282
core   0: 3 0x8000447c (0x11ab3793) x15 0x00000000
core   0: 0x80004480 (0x000085f5) c.srai  a1, 29
core   0: 3 0x80004480 (0x85f5) x11 0xffffffff
core   0: 0x80004482 (0x0101ffb3) and     t6, gp, a6
core   0: 3 0x80004482 (0x0101ffb3) x31 0xcffa7ff4
core   0: 0x80004486 (0x36229fb7) lui     t6, 0x36229
core   0: 3 0x80004486 (0x36229fb7) x31 0x36229000
core   0: 0x8000448a (0x016b2cb3) slt     s9, s6, s6
core   0: 3 0x8000448a (0x016b2cb3) x25 0x00000000
core   0: 0x8000448e (0x340cdc73) csrrwi  s8, mscratch, 25
core   0: 3 0x8000448e (0x340cdc73) x24 0xa47d4950 c832_mscratch 0x00000019
core   0: 0x80004492 (0x01c68333) add     t1, a3, t3
core   0: 3 0x80004492 (0x01c68333) x6  0x80029d24
core   0: 0x80004496 (0xf4b1fb37) lui     s6, 0xf4b1f
core   0: 3 0x80004496 (0xf4b1fb37) x22 0xf4b1f000
core   0: 0x8000449a (0xf53865b7) lui     a1, 0xf5386
core   0: 3 0x8000449a (0xf53865b7) x11 0xf5386000
core   0: 0x8000449e (0x02fef9b3) remu    s3, t4, a5
core   0: 3 0x8000449e (0x02fef9b3) x19 0x80025ea4
core   0: 0x800044a2 (0x00574633) xor     a2, a4, t0
core   0: 3 0x800044a2 (0x00574633) x12 0x80025aa4
core   0: 0x800044a6 (0x00008da6) c.mv    s11, s1
core   0: 3 0x800044a6 (0x8da6) x27 0x7ffd62dc
core   0: 0x800044a8 (0x000002c2) c.slli  t0, 16
core   0: 3 0x800044a8 (0x02c2) x5  0x5ea40000
core   0: 0x800044aa (0x03d962b3) rem     t0, s2, t4
core   0: 3 0x800044aa (0x03d962b3) x5  0x00000000
core   0: 0x800044ae (0x03a66fb3) rem     t6, a2, s10
core   0: 3 0x800044ae (0x03a66fb3) x31 0xc1681c58
core   0: 0x800044b2 (0x000045e9) c.li    a1, 26
core   0: 3 0x800044b2 (0x45e9) x11 0x0000001a
core   0: 0x800044b4 (0x00bdc133) xor     sp, s11, a1
core   0: 3 0x800044b4 (0x00bdc133) x2  0x7ffd62c6
core   0: 0x800044b8 (0x03ae5663) bge     t3, s10, pc + 44
core   0: 3 0x800044b8 (0x03ae5663)
core   0: 0x800044bc (0xafa1c493) xori    s1, gp, -1286
core   0: 3 0x800044bc (0xafa1c493) x9  0x3005850e
core   0: 0x800044c0 (0x00008e4d) c.or    a2, a1
core   0: 3 0x800044c0 (0x8e4d) x12 0x80025abe
core   0: 0x800044c2 (0x00087b33) and     s6, a6, zero
core   0: 3 0x800044c2 (0x00087b33) x22 0x00000000
core   0: 0x800044c6 (0x038b0563) beq     s6, s8, pc + 42
core   0: 3 0x800044c6 (0x038b0563)
core   0: 0x800044ca (0x00009a62) c.add   s4, s8
core   0: 3 0x800044ca (0x9a62) x20 0x70579980
core   0: 0x800044cc (0x00008585) c.srai  a1, 1
core   0: 3 0x800044cc (0x8585) x11 0x0000000d
core   0: 0x800044ce (0x00ad2033) slt     zero, s10, a0
core   0: 3 0x800044ce (0x00ad2033)
core   0: 0x800044d2 (0x01fd6563) bltu    s10, t6, pc + 10
core   0: 3 0x800044d2 (0x01fd6563)
core   0: 0x800044dc (0x00008272) c.mv    tp, t3
core   0: 3 0x800044dc (0x8272) x4  0x80029d24
core   0: 0x800044de (0x017b8363) beq     s7, s7, pc + 6
core   0: 3 0x800044de (0x017b8363)
core   0: 0x800044e4 (0x015d8833) add     a6, s11, s5
core   0: 3 0x800044e4 (0x015d8833) x16 0x7ffd62db
core   0: 0x800044e8 (0x0082acb3) slt     s9, t0, s0
core   0: 3 0x800044e8 (0x0082acb3) x25 0x00000000
core   0: 0x800044ec (0x03100763) beq     zero, a7, pc + 46
core   0: 3 0x800044ec (0x03100763)
core   0: 0x800044f0 (0xae56cf13) xori    t5, a3, -1307
core   0: 3 0x800044f0 (0xae56cf13) x30 0xfffffae5
core   0: 0x800044f4 (0x40db5a13) srai    s4, s6, 13
core   0: 3 0x800044f4 (0x40db5a13) x20 0x00000000
core   0: 0x800044f8 (0x34006ff3) csrrsi  t6, mscratch, 0
core   0: 3 0x800044f8 (0x34006ff3) x31 0x00000019
core   0: 0x800044fc (0x0000076e) c.slli  a4, 27
core   0: 3 0x800044fc (0x076e) x14 0x00000000
core   0: 0x800044fe (0x0172d4b3) srl     s1, t0, s7
core   0: 3 0x800044fe (0x0172d4b3) x9  0x00000000
core   0: 0x80004502 (0x026b5bb3) divu    s7, s6, t1
core   0: 3 0x80004502 (0x026b5bb3) x23 0x00000000
core   0: 0x80004506 (0x00008f95) c.sub   a5, a3
core   0: 3 0x80004506 (0x8f95) x15 0x00000000
core   0: 0x80004508 (0x014ddc63) bge     s11, s4, pc + 24
core   0: 3 0x80004508 (0x014ddc63)
core   0: 0x80004520 (0x00000963) beqz    zero, pc + 18
core   0: 3 0x80004520 (0x00000963)
core   0: 0x80004532 (0x018510b3) sll     ra, a0, s8
core   0: 3 0x80004532 (0x018510b3) x1  0x00000000
core   0: 0x80004536 (0x0160ccb3) xor     s9, ra, s6
core   0: 3 0x80004536 (0x0160ccb3) x25 0x00000000
core   0: 0x8000453a (0x000081a5) c.srli  a1, 9
core   0: 3 0x8000453a (0x81a5) x11 0x00000000
core   0: 0x8000453c (0x03428333) mul     t1, t0, s4
core   0: 3 0x8000453c (0x03428333) x6  0x00000000
core   0: 0x80004540 (0x00000001) c.nop
core   0: 3 0x80004540 (0x0001)
core   0: 0x80004542 (0xbc47c713) xori    a4, a5, -1084
core   0: 3 0x80004542 (0xbc47c713) x14 0xfffffbc4
core   0: 0x80004546 (0x027fe833) rem     a6, t6, t2
core   0: 3 0x80004546 (0x027fe833) x16 0x00000019
core   0: 0x8000454a (0x015acf33) xor     t5, s5, s5
core   0: 3 0x8000454a (0x015acf33) x30 0x00000000
core   0: 0x8000454e (0x412083b3) sub     t2, ra, s2
core   0: 3 0x8000454e (0x412083b3) x7  0x00000000
core   0: 0x80004552 (0x3401aaf3) csrrs   s5, mscratch, gp
core   0: 3 0x80004552 (0x3401aaf3) x21 0x00000019 c832_mscratch 0xcffa7ffd
core   0: 0x80004556 (0x340afc73) csrrci  s8, mscratch, 21
core   0: 3 0x80004556 (0x340afc73) x24 0xcffa7ffd c832_mscratch 0xcffa7fe8
core   0: 0x8000455a (0x02f56db3) rem     s11, a0, a5
core   0: 3 0x8000455a (0x02f56db3) x27 0x00000000
core   0: 0x8000455e (0x017af963) bgeu    s5, s7, pc + 18
core   0: 3 0x8000455e (0x017af963)
core   0: 0x80004570 (0x00000f1e) c.slli  t5, 7
core   0: 3 0x80004570 (0x0f1e) x30 0x00000000
core   0: 0x80004572 (0x0355e7b3) rem     a5, a1, s5
core   0: 3 0x80004572 (0x0355e7b3) x15 0x00000000
core   0: 0x80004576 (0x000088e1) c.andi  s1, 24
core   0: 3 0x80004576 (0x88e1) x9  0x00000000
core   0: 0x80004578 (0x01e997b3) sll     a5, s3, t5
core   0: 3 0x80004578 (0x01e997b3) x15 0x80025ea4
core   0: 0x8000457c (0x010ee233) or      tp, t4, a6
core   0: 3 0x8000457c (0x010ee233) x4  0x80025ebd
core   0: 0x80004580 (0x0000920a) c.add   tp, sp
core   0: 3 0x80004580 (0x920a) x4  0xffffc183
core   0: 0x80004582 (0x009fd533) srl     a0, t6, s1
core   0: 3 0x80004582 (0x009fd533) x10 0x00000019
core   0: 0x80004586 (0x033b3bb3) mulhu   s7, s6, s3
core   0: 3 0x80004586 (0x033b3bb3) x23 0x00000000
core   0: 0x8000458a (0x9b327937) lui     s2, 0x9b327
core   0: 3 0x8000458a (0x9b327937) x18 0x9b327000
core   0: 0x8000458e (0x0000991e) c.add   s2, t2
core   0: 3 0x8000458e (0x991e) x18 0x9b327000
core   0: 0x80004590 (0x00000001) c.nop
core   0: 3 0x80004590 (0x0001)
core   0: 0x80004592 (0x00008ce9) c.and   s1, a0
core   0: 3 0x80004592 (0x8ce9) x9  0x00000000
core   0: 0x80004594 (0x548a5597) auipc   a1, 0x548a5
core   0: 3 0x80004594 (0x548a5597) x11 0xd48a9594
core   0: 0x80004598 (0x03e31933) mulh    s2, t1, t5
core   0: 3 0x80004598 (0x03e31933) x18 0x00000000
core   0: 0x8000459c (0x03be9133) mulh    sp, t4, s11
core   0: 3 0x8000459c (0x03be9133) x2  0x00000000
core   0: 0x800045a0 (0x34003173) csrrc   sp, mscratch, zero
core   0: 3 0x800045a0 (0x34003173) x2  0xcffa7fe8
core   0: 0x800045a4 (0x41fe06b3) sub     a3, t3, t6
core   0: 3 0x800045a4 (0x41fe06b3) x13 0x80029d0b
core   0: 0x800045a8 (0x00009976) c.add   s2, t4
core   0: 3 0x800045a8 (0x9976) x18 0x80025ea4
core   0: 0x800045aa (0x00008655) c.srai  a2, 21
core   0: 3 0x800045aa (0x8655) x12 0xfffffc00
core   0: 0x800045ac (0x0034f1b3) and     gp, s1, gp
core   0: 3 0x800045ac (0x0034f1b3) x3  0x00000000
core   0: 0x800045b0 (0x41818bb3) sub     s7, gp, s8
core   0: 3 0x800045b0 (0x41818bb3) x23 0x30058003
core   0: 0x800045b4 (0x0000d117) auipc   sp, 0xd
core   0: 3 0x800045b4 (0x0000d117) x2  0x800115b4
core   0: 0x800045b8 (0xa1310113) addi    sp, sp, -1517
core   0: 3 0x800045b8 (0xa1310113) x2  0x80010fc7
core   0: 0x800045bc (0x9a411fa3) sh      tp, -1601(sp)
core   0: 3 0x800045bc (0x9a411fa3) mem 0x80010986 0xc183
core   0: 0x800045c0 (0xd4a10383) lb      t2, -694(sp)
core   0: 3 0x800045c0 (0xd4a10383) x7  0xffffffca mem 0x80010d11
core   0: 0x800045c4 (0xbc915c03) lhu     s8, -1079(sp)
core   0: 3 0x800045c4 (0xbc915c03) x24 0x00004a4b mem 0x80010b90
core   0: 0x800045c8 (0xcd0113a3) sh      a6, -825(sp)
core   0: 3 0x800045c8 (0xcd0113a3) mem 0x80010c8e 0x0019
core   0: 0x800045cc (0x34089073) csrw    mscratch, a7
core   0: 3 0x800045cc (0x34089073) c832_mscratch 0x00000764
core   0: 0x800045d0 (0x401b5b13) srai    s6, s6, 1
core   0: 3 0x800045d0 (0x401b5b13) x22 0x00000000
core   0: 0x800045d4 (0xb3f10723) sb      t6, -1234(sp)
core   0: 3 0x800045d4 (0xb3f10723) mem 0x80010af5 0x19
core   0: 0x800045d8 (0xa9c10523) sb      t3, -1398(sp)
core   0: 3 0x800045d8 (0xa9c10523) mem 0x80010a51 0x24
core   0: 0x800045dc (0x881106a3) sb      ra, -1907(sp)
core   0: 3 0x800045dc (0x881106a3) mem 0x80010854 0x00
core   0: 0x800045e0 (0x95614f83) lbu     t6, -1706(sp)
core   0: 3 0x800045e0 (0x95614f83) x31 0x000000d6 mem 0x8001091d
core   0: 0x800045e4 (0x95414303) lbu     t1, -1708(sp)
core   0: 3 0x800045e4 (0x95414303) x6  0x000000d0 mem 0x8001091b
core   0: 0x800045e8 (0x0000100f) fence.i
core   0: 3 0x800045e8 (0x0000100f)
core   0: 0x800045ec (0xb0b15a03) lhu     s4, -1269(sp)
core   0: 3 0x800045ec (0xb0b15a03) x20 0x00006089 mem 0x80010ad2
core   0: 0x800045f0 (0x01a11d33) sll     s10, sp, s10
core   0: 3 0x800045f0 (0x01a11d33) x26 0xfc700000
core   0: 0x800045f4 (0xada10a83) lb      s5, -1318(sp)
core   0: 3 0x800045f4 (0xada10a83) x21 0x0000005a mem 0x80010aa1
core   0: 0x800045f8 (0x01410d83) lb      s11, 20(sp)
core   0: 3 0x800045f8 (0x01410d83) x27 0xffffff90 mem 0x80010fdb
core   0: 0x800045fc (0xefa10203) lb      tp, -262(sp)
core   0: 3 0x800045fc (0xefa10203) x4  0x0000007a mem 0x80010ec1
core   0: 0x80004600 (0x00008f2d) c.xor   a4, a1
core   0: 3 0x80004600 (0x8f2d) x14 0x2b756e50
core   0: 0x80004602 (0x05010a23) sb      a6, 84(sp)
core   0: 3 0x80004602 (0x05010a23) mem 0x8001101b 0x19
core   0: 0x80004606 (0x01105ab3) srl     s5, zero, a7
core   0: 3 0x80004606 (0x01105ab3) x21 0x00000000
core   0: 0x8000460a (0x340763f3) csrrsi  t2, mscratch, 14
core   0: 3 0x8000460a (0x340763f3) x7  0x00000764 c832_mscratch 0x0000076e
core   0: 0x8000460e (0xcdf8ff97) auipc   t6, 0xcdf8f
core   0: 3 0x8000460e (0xcdf8ff97) x31 0x4df9360e
core   0: 0x80004612 (0x94d10b03) lb      s6, -1715(sp)
core   0: 3 0x80004612 (0x94d10b03) x22 0xffffffcf mem 0x80010914
core   0: 0x80004616 (0x9a710023) sb      t2, -1632(sp)
core   0: 3 0x80004616 (0x9a710023) mem 0x80010967 0x64
core   0: 0x8000461a (0xd0814083) lbu     ra, -760(sp)
core   0: 3 0x8000461a (0xd0814083) x1  0x00000084 mem 0x80010ccf
core   0: 0x8000461e (0xce010ba3) sb      zero, -777(sp)
core   0: 3 0x8000461e (0xce010ba3) mem 0x80010cbe 0x00
core   0: 0x80004622 (0x340fe3f3) csrrsi  t2, mscratch, 31
core   0: 3 0x80004622 (0x340fe3f3) x7  0x0000076e c832_mscratch 0x0000077f
core   0: 0x80004626 (0x340076f3) csrrci  a3, mscratch, 0
core   0: 3 0x80004626 (0x340076f3) x13 0x0000077f
core   0: 0x8000462a (0x3006aa17) auipc   s4, 0x3006a
core   0: 3 0x8000462a (0x3006aa17) x20 0xb006e62a
core   0: 0x8000462e (0xfe810b03) lb      s6, -24(sp)
core   0: 3 0x8000462e (0xfe810b03) x22 0x00000064 mem 0x80010faf
core   0: 0x80004632 (0x06110483) lb      s1, 97(sp)
core   0: 3 0x80004632 (0x06110483) x9  0xffffffe3 mem 0x80011028
core   0: 0x80004636 (0x9bb11083) lh      ra, -1605(sp)
core   0: 3 0x80004636 (0x9bb11083) x1  0x00003839 mem 0x80010982
core   0: 0x8000463a (0x87d14a83) lbu     s5, -1923(sp)
core   0: 3 0x8000463a (0x87d14a83) x21 0x000000ff mem 0x80010844
core   0: 0x8000463e (0x00a85ab3) srl     s5, a6, a0
core   0: 3 0x8000463e (0x00a85ab3) x21 0x00000000
core   0: 0x80004642 (0xb2210483) lb      s1, -1246(sp)
core   0: 3 0x80004642 (0xb2210483) x9  0xffffffa2 mem 0x80010ae9
core   0: 0x80004646 (0x00da0363) beq     s4, a3, pc + 6
core   0: 3 0x80004646 (0x00da0363)
core   0: 0x8000464a (0x0000059c) c.addi4spn a5, sp, 704
core   0: 3 0x8000464a (0x059c) x15 0x80011287
core   0: 0x8000464c (0x01f96db3) or      s11, s2, t6
core   0: 3 0x8000464c (0x01f96db3) x27 0xcdfb7eae
core   0: 0x80004650 (0x00008c81) c.sub   s1, s0
core   0: 3 0x80004650 (0x8c81) x9  0xffffffa2
core   0: 0x80004652 (0x4bf7b513) sltiu   a0, a5, 1215
core   0: 3 0x80004652 (0x4bf7b513) x10 0x00000000
core   0: 0x80004656 (0x340d6b73) csrrsi  s6, mscratch, 26
core   0: 3 0x80004656 (0x340d6b73) x22 0x0000077f c832_mscratch 0x0000077f
core   0: 0x8000465a (0x3400d5f3) csrrwi  a1, mscratch, 1
core   0: 3 0x8000465a (0x3400d5f3) x11 0x0000077f c832_mscratch 0x00000001
core   0: 0x8000465e (0x7761cb13) xori    s6, gp, 1910
core   0: 3 0x8000465e (0x7761cb13) x22 0x00000776
core   0: 0x80004662 (0x410b8c33) sub     s8, s7, a6
core   0: 3 0x80004662 (0x410b8c33) x24 0x30057fea
core   0: 0x80004666 (0x00006121) c.addi16sp sp, 64
core   0: 3 0x80004666 (0x6121) x2  0x80011007
core   0: 0x80004668 (0x0000717d) c.addi16sp sp, -16
core   0: 3 0x80004668 (0x717d) x2  0x80010ff7
core   0: 0x8000466a (0x02a77cb3) remu    s9, a4, a0
core   0: 3 0x8000466a (0x02a77cb3) x25 0x2b756e50
core   0: 0x8000466e (0x012dafb3) slt     t6, s11, s2
core   0: 3 0x8000466e (0x012dafb3) x31 0x00000000
core   0: 0x80004672 (0x00008ac5) c.andi  a3, 17
core   0: 3 0x80004672 (0x8ac5) x13 0x00000011
core   0: 0x80004674 (0x00008b16) c.mv    s6, t0
core   0: 3 0x80004674 (0x8b16) x22 0x00000000
core   0: 0x80004676 (0x00265913) srli    s2, a2, 2
core   0: 3 0x80004676 (0x00265913) x18 0x3fffff00
core   0: 0x8000467a (0x016b6863) bltu    s6, s6, pc + 16
core   0: 3 0x8000467a (0x016b6863)
core   0: 0x8000467e (0x340f1c73) csrrw   s8, mscratch, t5
core   0: 3 0x8000467e (0x340f1c73) x24 0x00000001 c832_mscratch 0x00000000
core   0: 0x80004682 (0xcfe15b17) auipc   s6, 0xcfe15
core   0: 3 0x80004682 (0xcfe15b17) x22 0x4fe19682
core   0: 0x80004686 (0xff1a6f13) ori     t5, s4, -15
core   0: 3 0x80004686 (0xff1a6f13) x30 0xfffffffb
core   0: 0x8000468a (0x0021af33) slt     t5, gp, sp
core   0: 3 0x8000468a (0x0021af33) x30 0x00000000
core   0: 0x8000468e (0x01ae7563) bgeu    t3, s10, pc + 10
core   0: 3 0x8000468e (0x01ae7563)
core   0: 0x80004692 (0x0000868e) c.mv    a3, gp
core   0: 3 0x80004692 (0x868e) x13 0x00000000
core   0: 0x80004694 (0x63bc0c93) addi    s9, s8, 1595
core   0: 3 0x80004694 (0x63bc0c93) x25 0x0000063c
core   0: 0x80004698 (0x00aeccb3) xor     s9, t4, a0
core   0: 3 0x80004698 (0x00aeccb3) x25 0x80025ea4
core   0: 0x8000469c (0x01d83ab3) sltu    s5, a6, t4
core   0: 3 0x8000469c (0x01d83ab3) x21 0x00000001
core   0: 0x800046a0 (0x00000e14) c.addi4spn a3, sp, 784
core   0: 3 0x800046a0 (0x0e14) x13 0x80011307
core   0: 0x800046a2 (0x000080c1) c.srli  s1, 16
core   0: 3 0x800046a2 (0x80c1) x9  0x0000ffff
core   0: 0x800046a4 (0x0b808863) beq     ra, s8, pc + 176
core   0: 3 0x800046a4 (0x0b808863)
core   0: 0x800046a8 (0x01f0f833) and     a6, ra, t6
core   0: 3 0x800046a8 (0x01f0f833) x16 0x00000000
core   0: 0x800046ac (0x340a55f3) csrrwi  a1, mscratch, 20
core   0: 3 0x800046ac (0x340a55f3) x11 0x00000000 c832_mscratch 0x00000014
core   0: 0x800046b0 (0x340477f3) csrrci  a5, mscratch, 8
core   0: 3 0x800046b0 (0x340477f3) x15 0x00000014 c832_mscratch 0x00000014
core   0: 0x800046b4 (0x00017117) auipc   sp, 0x17
core   0: 3 0x800046b4 (0x00017117) x2  0x8001b6b4
core   0: 0x800046b8 (0x20310113) addi    sp, sp, 515
core   0: 3 0x800046b8 (0x20310113) x2  0x8001b8b7
core   0: 0x800046bc (0x1d810583) lb      a1, 472(sp)
core   0: 3 0x800046bc (0x1d810583) x11 0x00000044 mem 0x8001ba8f
core   0: 0x800046c0 (0x00009f6e) c.add   t5, s11
core   0: 3 0x800046c0 (0x9f6e) x30 0xcdfb7eae
core   0: 0x800046c2 (0x00a0ad33) slt     s10, ra, a0
core   0: 3 0x800046c2 (0x00a0ad33) x26 0x00000000
core   0: 0x800046c6 (0x0101da33) srl     s4, gp, a6
core   0: 3 0x800046c6 (0x0101da33) x20 0x00000000
core   0: 0x800046ca (0x031ac8b3) div     a7, s5, a7
core   0: 3 0x800046ca (0x031ac8b3) x17 0x00000000
core   0: 0x800046ce (0x340bf373) csrrci  t1, mscratch, 23
core   0: 3 0x800046ce (0x340bf373) x6  0x00000014 c832_mscratch 0x00000000
core   0: 0x800046d2 (0x015e1793) slli    a5, t3, 21
core   0: 3 0x800046d2 (0x015e1793) x15 0xa4800000
core   0: 0x800046d6 (0x0301fcb3) remu    s9, gp, a6
core   0: 3 0x800046d6 (0x0301fcb3) x25 0x00000000
core   0: 0x800046da (0x03bc1533) mulh    a0, s8, s11
core   0: 3 0x800046da (0x03bc1533) x10 0xffffffff
core   0: 0x800046de (0xea310c83) lb      s9, -349(sp)
core   0: 3 0x800046de (0xea310c83) x25 0x00000011 mem 0x8001b75a
core   0: 0x800046e2 (0x0000922e) c.add   tp, a1
core   0: 3 0x800046e2 (0x922e) x4  0x000000be
core   0: 0x800046e4 (0x01974d33) xor     s10, a4, s9
core   0: 3 0x800046e4 (0x01974d33) x26 0x2b756e41
core   0: 0x800046e8 (0x47410ea3) sb      s4, 1149(sp)
core   0: 3 0x800046e8 (0x47410ea3) mem 0x8001bd34 0x00
core   0: 0x800046ec (0x01e9bab3) sltu    s5, s3, t5
core   0: 3 0x800046ec (0x01e9bab3) x21 0x00000001
core   0: 0x800046f0 (0x3409d9f3) csrrwi  s3, mscratch, 19
core   0: 3 0x800046f0 (0x3409d9f3) x19 0x00000000 c832_mscratch 0x00000013
core   0: 0x800046f4 (0xbca10383) lb      t2, -1078(sp)
core   0: 3 0x800046f4 (0xbca10383) x7  0x0000003a mem 0x8001b481
core   0: 0x800046f8 (0x0ff0000f) fence   iorw,iorw
core   0: 3 0x800046f8 (0x0ff0000f)
core   0: 0x800046fc (0x41eb5213) srai    tp, s6, 30
core   0: 3 0x800046fc (0x41eb5213) x4  0x00000001
core   0: 0x80004700 (0x03f04233) div     tp, zero, t6
core   0: 3 0x80004700 (0x03f04233) x4  0xffffffff
core   0: 0x80004704 (0x47111f03) lh      t5, 1137(sp)
core   0: 3 0x80004704 (0x47111f03) x30 0xffffe2e3 mem 0x8001bd28
core   0: 0x80004708 (0xcd814703) lbu     a4, -808(sp)
core   0: 3 0x80004708 (0xcd814703) x14 0x00000044 mem 0x8001b58f
core   0: 0x8000470c (0xc5a10b83) lb      s7, -934(sp)
core   0: 3 0x8000470c (0xc5a10b83) x23 0xffffffca mem 0x8001b511
core   0: 0x80004710 (0x58db8c13) addi    s8, s7, 1421
core   0: 3 0x80004710 (0x58db8c13) x24 0x00000557
core   0: 0x80004714 (0x88610023) sb      t1, -1920(sp)
core   0: 3 0x80004714 (0x88610023) mem 0x8001b137 0x14
core   0: 0x80004718 (0x00008e1d) c.sub   a2, a5
core   0: 3 0x80004718 (0x8e1d) x12 0x5b7ffc00
core   0: 0x8000471a (0xdfa14303) lbu     t1, -518(sp)
core   0: 3 0x8000471a (0xdfa14303) x6  0x0000006a mem 0x8001b6b1
core   0: 0x8000471e (0x01174033) xor     zero, a4, a7
core   0: 3 0x8000471e (0x01174033)
core   0: 0x80004722 (0x03235033) divu    zero, t1, s2
core   0: 3 0x80004722 (0x03235033)
core   0: 0x80004726 (0x0240aab3) mulhsu  s5, ra, tp
core   0: 3 0x80004726 (0x0240aab3) x21 0x00003838
core   0: 0x8000472a (0x03c554b3) divu    s1, a0, t3
core   0: 3 0x8000472a (0x03c554b3) x9  0x00000001
core   0: 0x8000472e (0xb4814a83) lbu     s5, -1208(sp)
core   0: 3 0x8000472e (0xb4814a83) x21 0x000000b4 mem 0x8001b3ff
core   0: 0x80004732 (0x340f5273) csrrwi  tp, mscratch, 30
core   0: 3 0x80004732 (0x340f5273) x4  0x00000013 c832_mscratch 0x0000001e
core   0: 0x80004736 (0x02e35f63) bge     t1, a4, pc + 62
core   0: 3 0x80004736 (0x02e35f63)
core   0: 0x80004774 (0x00ec49b3) xor     s3, s8, a4
core   0: 3 0x80004774 (0x00ec49b3) x19 0x00000513
core   0: 0x80004778 (0x0000c88d) c.beqz  s1, pc + 50
core   0: 3 0x80004778 (0xc88d)
core   0: 0x8000477a (0x00000001) c.nop
core   0: 3 0x8000477a (0x0001)
core   0: 0x8000477c (0x000089f9) c.andi  a1, 30
core   0: 3 0x8000477c (0x89f9) x11 0x00000004
core   0: 0x8000477e (0x00001f88) c.addi4spn a0, sp, 1008
core   0: 3 0x8000477e (0x1f88) x10 0x8001bca7
core   0: 0x80004780 (0x0000100f) fence.i
core   0: 3 0x80004780 (0x0000100f)
core   0: 0x80004784 (0x40ded213) srai    tp, t4, 13
core   0: 3 0x80004784 (0x40ded213) x4  0xfffc0012
core   0: 0x80004788 (0x01257963) bgeu    a0, s2, pc + 18
core   0: 3 0x80004788 (0x01257963)
core   0: 0x8000479a (0x340aed73) csrrsi  s10, mscratch, 21
core   0: 3 0x8000479a (0x340aed73) x26 0x0000001e c832_mscratch 0x0000001f
core   0: 0x8000479e (0x01974633) xor     a2, a4, s9
core   0: 3 0x8000479e (0x01974633) x12 0x00000055
core   0: 0x800047a2 (0x058596b7) lui     a3, 0x5859
core   0: 3 0x800047a2 (0x058596b7) x13 0x05859000
core   0: 0x800047a6 (0x000087e2) c.mv    a5, s8
core   0: 3 0x800047a6 (0x87e2) x15 0x00000557
core   0: 0x800047a8 (0x000081ca) c.mv    gp, s2
core   0: 3 0x800047a8 (0x81ca) x3  0x3fffff00
core   0: 0x800047aa (0x00008ac1) c.andi  a3, 16
core   0: 3 0x800047aa (0x8ac1) x13 0x00000000
core   0: 0x800047ac (0x340027f3) csrr    a5, mscratch
core   0: 3 0x800047ac (0x340027f3) x15 0x0000001f
core   0: 0x800047b0 (0x340c9673) csrrw   a2, mscratch, s9
core   0: 3 0x800047b0 (0x340c9673) x12 0x0000001f c832_mscratch 0x00000011
core   0: 0x800047b4 (0x00008fc9) c.or    a5, a0
core   0: 3 0x800047b4 (0x8fc9) x15 0x8001bcbf
core   0: 0x800047b6 (0x4152d833) sra     a6, t0, s5
core   0: 3 0x800047b6 (0x4152d833) x16 0x00000000
core   0: 0x800047ba (0xa786e713) ori     a4, a3, -1416
core   0: 3 0x800047ba (0xa786e713) x14 0xfffffa78
core   0: 0x800047be (0x40b1d033) sra     zero, gp, a1
core   0: 3 0x800047be (0x40b1d033)
core   0: 0x800047c2 (0x0023db93) srli    s7, t2, 2
core   0: 3 0x800047c2 (0x0023db93) x23 0x0000000e
core   0: 0x800047c6 (0x011b7633) and     a2, s6, a7
core   0: 3 0x800047c6 (0x011b7633) x12 0x00000000
core   0: 0x800047ca (0x00009b7d) c.andi  a4, -1
core   0: 3 0x800047ca (0x9b7d) x14 0xfffffa78
core   0: 0x800047cc (0x039ee0b3) rem     ra, t4, s9
core   0: 3 0x800047cc (0x039ee0b3) x1  0xfffffffc
core   0: 0x800047d0 (0x340064f3) csrrsi  s1, mscratch, 0
core   0: 3 0x800047d0 (0x340064f3) x9  0x00000011
core   0: 0x800047d4 (0x340e6373) csrrsi  t1, mscratch, 28
core   0: 3 0x800047d4 (0x340e6373) x6  0x00000011 c832_mscratch 0x0000001d
core   0: 0x800047d8 (0x036d75b3) remu    a1, s10, s6
core   0: 3 0x800047d8 (0x036d75b3) x11 0x0000001e
core   0: 0x800047dc (0x340093f3) csrrw   t2, mscratch, ra
core   0: 3 0x800047dc (0x340093f3) x7  0x0000001d c832_mscratch 0xfffffffc
core   0: 0x800047e0 (0x0000717d) c.addi16sp sp, -16
core   0: 3 0x800047e0 (0x717d) x2  0x8001b8a7
core   0: 0x800047e2 (0x34006973) csrrsi  s2, mscratch, 0
core   0: 3 0x800047e2 (0x34006973) x18 0xfffffffc
core   0: 0x800047e6 (0x00008bfe) c.mv    s7, t6
core   0: 3 0x800047e6 (0x8bfe) x23 0x00000000
core   0: 0x800047e8 (0x00009a7d) c.andi  a2, -1
core   0: 3 0x800047e8 (0x9a7d) x12 0x00000000
core   0: 0x800047ea (0x0028df33) srl     t5, a7, sp
core   0: 3 0x800047ea (0x0028df33) x30 0x00000000
core   0: 0x800047ee (0x03126533) rem     a0, tp, a7
core   0: 3 0x800047ee (0x03126533) x10 0xfffc0012
core   0: 0x800047f2 (0x000080d9) c.srli  s1, 22
core   0: 3 0x800047f2 (0x80d9) x9  0x00000000
core   0: 0x800047f4 (0x00008e1d) c.sub   a2, a5
core   0: 3 0x800047f4 (0x8e1d) x12 0x7ffe4341
core   0: 0x800047f6 (0x000081ea) c.mv    gp, s10
core   0: 3 0x800047f6 (0x81ea) x3  0x0000001e
core   0: 0x800047f8 (0x621fc637) lui     a2, 0x621fc
core   0: 3 0x800047f8 (0x621fc637) x12 0x621fc000
core   0: 0x800047fc (0x0ff0000f) fence   iorw,iorw
core   0: 3 0x800047fc (0x0ff0000f)
core   0: 0x80004800 (0x34039373) csrrw   t1, mscratch, t2
core   0: 3 0x80004800 (0x34039373) x6  0xfffffffc c832_mscratch 0x0000001d
core   0: 0x80004804 (0x00008afe) c.mv    s5, t6
core   0: 3 0x80004804 (0x8afe) x21 0x00000000
core   0: 0x80004806 (0x413c5113) srai    sp, s8, 19
core   0: 3 0x80004806 (0x413c5113) x2  0x00000000
core   0: 0x8000480a (0x01337233) and     tp, t1, s3
core   0: 3 0x8000480a (0x01337233) x4  0x00000510
core   0: 0x8000480e (0x0260b133) mulhu   sp, ra, t1
core   0: 3 0x8000480e (0x0260b133) x2  0xfffffff8
core   0: 0x80004812 (0x00008a11) c.andi  a2, 4
core   0: 3 0x80004812 (0x8a11) x12 0x00000000
core   0: 0x80004814 (0x00008c9a) c.mv    s9, t1
core   0: 3 0x80004814 (0x8c9a) x25 0xfffffffc
core   0: 0x80004816 (0x34002173) csrr    sp, mscratch
core   0: 3 0x80004816 (0x34002173) x2  0x0000001d
core   0: 0x8000481a (0x03388833) mul     a6, a7, s3
core   0: 3 0x8000481a (0x03388833) x16 0x00000000
core   0: 0x8000481e (0x00008f79) c.and   a4, a4
core   0: 3 0x8000481e (0x8f79) x14 0xfffffa78
core   0: 0x80004820 (0x03413d33) mulhu   s10, sp, s4
core   0: 3 0x80004820 (0x03413d33) x26 0x00000000
core   0: 0x80004824 (0x0028ca33) xor     s4, a7, sp
core   0: 3 0x80004824 (0x0028ca33) x20 0x0000001d
core   0: 0x80004828 (0x00006cd9) c.lui   s9, 0x16
core   0: 3 0x80004828 (0x6cd9) x25 0x00016000
core   0: 0x8000482a (0x03c87fb3) remu    t6, a6, t3
core   0: 3 0x8000482a (0x03c87fb3) x31 0x00000000
core   0: 0x8000482e (0x0000839d) c.srli  a5, 7
core   0: 3 0x8000482e (0x839d) x15 0x01000379
core   0: 0x80004830 (0x03aaa233) mulhsu  tp, s5, s10
core   0: 3 0x80004830 (0x03aaa233) x4  0x00000000
core   0: 0x80004834 (0x009e1b93) slli    s7, t3, 9
core   0: 3 0x80004834 (0x009e1b93) x23 0x053a4800
core   0: 0x80004838 (0x05c59263) bne     a1, t3, pc + 68
core   0: 3 0x80004838 (0x05c59263)
core   0: 0x8000487c (0x03d76533) rem     a0, a4, t4
core   0: 3 0x8000487c (0x03d76533) x10 0xfffffa78
core   0: 0x80004880 (0x00000b1c) c.addi4spn a5, sp, 400
core   0: 3 0x80004880 (0x0b1c) x15 0x000001ad
core   0: 0x80004882 (0x00006355) c.lui   t1, 0x15
core   0: 3 0x80004882 (0x6355) x6  0x00015000
core   0: 0x80004884 (0x03c3fbb3) remu    s7, t2, t3
core   0: 3 0x80004884 (0x03c3fbb3) x23 0x0000001d
core   0: 0x80004888 (0x00006165) c.addi16sp sp, 112
core   0: 3 0x80004888 (0x6165) x2  0x0000008d
core   0: 0x8000488a (0x0000612d) c.addi16sp sp, 224
core   0: 3 0x8000488a (0x612d) x2  0x0000016d
core   0: 0x8000488c (0x40d15033) sra     zero, sp, a3
core   0: 3 0x8000488c (0x40d15033)
core   0: 0x80004890 (0x00008cfd) c.and   s1, a5
core   0: 3 0x80004890 (0x8cfd) x9  0x00000000
core   0: 0x80004892 (0x00991263) bne     s2, s1, pc + 4
core   0: 3 0x80004892 (0x00991263)
core   0: 0x80004896 (0x00009f7a) c.add   t5, t5
core   0: 3 0x80004896 (0x9f7a) x30 0x00000000
core   0: 0x80004898 (0x000086f1) c.srai  a3, 28
core   0: 3 0x80004898 (0x86f1) x13 0x00000000
core   0: 0x8000489a (0x00e50d63) beq     a0, a4, pc + 26
core   0: 3 0x8000489a (0x00e50d63)
core   0: 0x800048b4 (0x404f5cb3) sra     s9, t5, tp
core   0: 3 0x800048b4 (0x404f5cb3) x25 0x00000000
core   0: 0x800048b8 (0x00008fc6) c.mv    t6, a7
core   0: 3 0x800048b8 (0x8fc6) x31 0x00000000
core   0: 0x800048ba (0x0ff0000f) fence   iorw,iorw
core   0: 3 0x800048ba (0x0ff0000f)
core   0: 0x800048be (0xce1e8213) addi    tp, t4, -799
core   0: 3 0x800048be (0xce1e8213) x4  0x80025b85
core   0: 0x800048c2 (0x41a5d013) srai    zero, a1, 26
core   0: 3 0x800048c2 (0x41a5d013)
core   0: 0x800048c6 (0x0000cb81) c.beqz  a5, pc + 16
core   0: 3 0x800048c6 (0xcb81)
core   0: 0x800048c8 (0x00000001) c.nop
core   0: 3 0x800048c8 (0x0001)
core   0: 0x800048ca (0x000019fd) c.addi  s3, -1
core   0: 3 0x800048ca (0x19fd) x19 0x00000512
core   0: 0x800048cc (0xa5b30c13) addi    s8, t1, -1445
core   0: 3 0x800048cc (0xa5b30c13) x24 0x00014a5b
core   0: 0x800048d0 (0x03a90633) mul     a2, s2, s10
core   0: 3 0x800048d0 (0x03a90633) x12 0x00000000
core   0: 0x800048d4 (0x000069ad) c.lui   s3, 0xb
core   0: 3 0x800048d4 (0x69ad) x19 0x0000b000
core   0: 0x800048d6 (0xafc45f17) auipc   t5, 0xafc45
core   0: 3 0x800048d6 (0xafc45f17) x30 0x2fc498d6
core   0: 0x800048da (0x41235cb3) sra     s9, t1, s2
core   0: 3 0x800048da (0x41235cb3) x25 0x00000000
core   0: 0x800048de (0x0000c491) c.beqz  s1, pc + 12
core   0: 3 0x800048de (0xc491)
core   0: 0x800048ea (0x03864133) div     sp, a2, s8
core   0: 3 0x800048ea (0x03864133) x2  0x00000000
core   0: 0x800048ee (0x00008d39) c.xor   a0, a4
core   0: 3 0x800048ee (0x8d39) x10 0x00000000
core   0: 0x800048f0 (0x02a37333) remu    t1, t1, a0
core   0: 3 0x800048f0 (0x02a37333) x6  0x00015000
core   0: 0x800048f4 (0x340e9373) csrrw   t1, mscratch, t4
core   0: 3 0x800048f4 (0x340e9373) x6  0x0000001d c832_mscratch 0x80025ea4
core   0: 0x800048f8 (0x00008eed) c.and   a3, a1
core   0: 3 0x800048f8 (0x8eed) x13 0x00000000
core   0: 0x800048fa (0x00000001) c.nop
core   0: 3 0x800048fa (0x0001)
core   0: 0x800048fc (0x02d422b3) mulhsu  t0, s0, a3
core   0: 3 0x800048fc (0x02d422b3) x5  0x00000000
core   0: 0x80004900 (0x021465b3) rem     a1, s0, ra
core   0: 3 0x80004900 (0x021465b3) x11 0x00000000
core   0: 0x80004904 (0x00008e8d) c.sub   a3, a1
core   0: 3 0x80004904 (0x8e8d) x13 0x00000000
core   0: 0x80004906 (0xb4f7a7b7) lui     a5, 0xb4f7a
core   0: 3 0x80004906 (0xb4f7a7b7) x15 0xb4f7a000
core   0: 0x8000490a (0x023ddb63) bge     s11, gp, pc + 54
core   0: 3 0x8000490a (0x023ddb63)
core   0: 0x8000490e (0x40555bb3) sra     s7, a0, t0
core   0: 3 0x8000490e (0x40555bb3) x23 0x00000000
core   0: 0x80004912 (0x00639833) sll     a6, t2, t1
core   0: 3 0x80004912 (0x00639833) x16 0xa0000000
core   0: 0x80004916 (0x01201d93) slli    s11, zero, 18
core   0: 3 0x80004916 (0x01201d93) x27 0x00000000
core   0: 0x8000491a (0x41575233) sra     tp, a4, s5
core   0: 3 0x8000491a (0x41575233) x4  0xfffffa78
core   0: 0x8000491e (0x0000863d) c.srai  a2, 15
core   0: 3 0x8000491e (0x863d) x12 0x00000000
core   0: 0x80004920 (0x02c217b3) mulh    a5, tp, a2
core   0: 3 0x80004920 (0x02c217b3) x15 0x00000000
core   0: 0x80004924 (0x000099fd) c.andi  a1, -1
core   0: 3 0x80004924 (0x99fd) x11 0x00000000
core   0: 0x80004926 (0x00008e2d) c.xor   a2, a1
core   0: 3 0x80004926 (0x8e2d) x12 0x00000000
core   0: 0x80004928 (0x0000100f) fence.i
core   0: 3 0x80004928 (0x0000100f)
core   0: 0x8000492c (0x03ebbd33) mulhu   s10, s7, t5
core   0: 3 0x8000492c (0x03ebbd33) x26 0x00000000
core   0: 0x80004930 (0x02ce5cb3) divu    s9, t3, a2
core   0: 3 0x80004930 (0x02ce5cb3) x25 0xffffffff
core   0: 0x80004934 (0xc1f45037) lui     zero, 0xc1f45
core   0: 3 0x80004934 (0xc1f45037)
core   0: 0x80004938 (0x0341f763) bgeu    gp, s4, pc + 46
core   0: 3 0x80004938 (0x0341f763)
core   0: 0x80004966 (0x009b3c33) sltu    s8, s6, s1
core   0: 3 0x80004966 (0x009b3c33) x24 0x00000000
core   0: 0x8000496a (0x000081e5) c.srli  a1, 25
core   0: 3 0x8000496a (0x81e5) x11 0x00000000
core   0: 0x8000496c (0x0000899e) c.mv    s3, t2
core   0: 3 0x8000496c (0x899e) x19 0x0000001d
core   0: 0x8000496e (0x00005f7d) c.li    t5, -1
core   0: 3 0x8000496e (0x5f7d) x30 0xffffffff
core   0: 0x80004970 (0x00000001) c.nop
core   0: 3 0x80004970 (0x0001)
core   0: 0x80004972 (0x000092fa) c.add   t0, t5
core   0: 3 0x80004972 (0x92fa) x5  0xffffffff
core   0: 0x80004974 (0x75518a37) lui     s4, 0x75518
core   0: 3 0x80004974 (0x75518a37) x20 0x75518000
core   0: 0x80004978 (0x0073d813) srli    a6, t2, 7
core   0: 3 0x80004978 (0x0073d813) x16 0x00000000
core   0: 0x8000497c (0x0ff0000f) fence   iorw,iorw
core   0: 3 0x8000497c (0x0ff0000f)
core   0: 0x80004980 (0x002af663) bgeu    s5, sp, pc + 12
core   0: 3 0x80004980 (0x002af663)
core   0: 0x8000498c (0x008d1b93) slli    s7, s10, 8
core   0: 3 0x8000498c (0x008d1b93) x23 0x00000000
core   0: 0x80004990 (0x00008eed) c.and   a3, a1
core   0: 3 0x80004990 (0x8eed) x13 0x00000000
core   0: 0x80004992 (0x34002df3) csrr    s11, mscratch
core   0: 3 0x80004992 (0x34002df3) x27 0x80025ea4
core   0: 0x80004996 (0x00000001) c.nop
core   0: 3 0x80004996 (0x0001)
core   0: 0x80004998 (0x01736ab3) or      s5, t1, s7
core   0: 3 0x80004998 (0x01736ab3) x21 0x0000001d
core   0: 0x8000499c (0x01570263) beq     a4, s5, pc + 4
core   0: 3 0x8000499c (0x01570263)
core   0: 0x800049a0 (0x00419d13) slli    s10, gp, 4
core   0: 3 0x800049a0 (0x00419d13) x26 0x000001e0
core   0: 0x800049a4 (0x001e7733) and     a4, t3, ra
core   0: 3 0x800049a4 (0x001e7733) x14 0x80029d24
core   0: 0x800049a8 (0x0375ac33) mulhsu  s8, a1, s7
core   0: 3 0x800049a8 (0x0375ac33) x24 0x00000000
core   0: 0x800049ac (0x02f66fb3) rem     t6, a2, a5
core   0: 3 0x800049ac (0x02f66fb3) x31 0x00000000
core   0: 0x800049b0 (0x0000866d) c.srai  a2, 27
core   0: 3 0x800049b0 (0x866d) x12 0x00000000
core   0: 0x800049b2 (0x41b285b3) sub     a1, t0, s11
core   0: 3 0x800049b2 (0x41b285b3) x11 0x7ffda15b
core   0: 0x800049b6 (0x00008ddd) c.or    a1, a5
core   0: 3 0x800049b6 (0x8ddd) x11 0x7ffda15b
core   0: 0x800049b8 (0x01af7c33) and     s8, t5, s10
core   0: 3 0x800049b8 (0x01af7c33) x24 0x000001e0
core   0: 0x800049bc (0x02d6c1b3) div     gp, a3, a3
core   0: 3 0x800049bc (0x02d6c1b3) x3  0xffffffff
core   0: 0x800049c0 (0x02dd1733) mulh    a4, s10, a3
core   0: 3 0x800049c0 (0x02dd1733) x14 0x00000000
core   0: 0x800049c4 (0x03201633) mulh    a2, zero, s2
core   0: 3 0x800049c4 (0x03201633) x12 0x00000000
core   0: 0x800049c8 (0x01b22c33) slt     s8, tp, s11
core   0: 3 0x800049c8 (0x01b22c33) x24 0x00000000
core   0: 0x800049cc (0x00004a09) c.li    s4, 2
core   0: 3 0x800049cc (0x4a09) x20 0x00000002
core   0: 0x800049ce (0x340c53f3) csrrwi  t2, mscratch, 24
core   0: 3 0x800049ce (0x340c53f3) x7  0x80025ea4 c832_mscratch 0x00000018
core   0: 0x800049d2 (0x0ff0000f) fence   iorw,iorw
core   0: 3 0x800049d2 (0x0ff0000f)
core   0: 0x800049d6 (0x02e84fb3) div     t6, a6, a4
core   0: 3 0x800049d6 (0x02e84fb3) x31 0xffffffff
core   0: 0x800049da (0x3004b293) sltiu   t0, s1, 768
core   0: 3 0x800049da (0x3004b293) x5  0x00000001
core   0: 0x800049de (0x00008f39) c.xor   a4, a4
core   0: 3 0x800049de (0x8f39) x14 0x00000000
core   0: 0x800049e0 (0x34006f73) csrrsi  t5, mscratch, 0
core   0: 3 0x800049e0 (0x34006f73) x30 0x00000018
core   0: 0x800049e4 (0x34007ff3) csrrci  t6, mscratch, 0
core   0: 3 0x800049e4 (0x34007ff3) x31 0x00000018
core   0: 0x800049e8 (0x0038d8b3) srl     a7, a7, gp
core   0: 3 0x800049e8 (0x0038d8b3) x17 0x00000000
core   0: 0x800049ec (0x3405d673) csrrwi  a2, mscratch, 11
core   0: 3 0x800049ec (0x3405d673) x12 0x00000018 c832_mscratch 0x0000000b
core   0: 0x800049f0 (0xafe06f13) ori     t5, zero, -1282
core   0: 3 0x800049f0 (0xafe06f13) x30 0xfffffafe
core   0: 0x800049f4 (0x000085c1) c.srai  a1, 16
core   0: 3 0x800049f4 (0x85c1) x11 0x00007ffd
core   0: 0x800049f6 (0x02ddfd63) bgeu    s11, a3, pc + 58
core   0: 3 0x800049f6 (0x02ddfd63)
core   0: 0x80004a30 (0x832b8893) addi    a7, s7, -1998
core   0: 3 0x80004a30 (0x832b8893) x17 0xfffff832
core   0: 0x80004a34 (0x00000001) c.nop
core   0: 3 0x80004a34 (0x0001)
core   0: 0x80004a36 (0x01314f33) xor     t5, sp, s3
core   0: 3 0x80004a36 (0x01314f33) x30 0x0000001d
core   0: 0x80004a3a (0x03600f63) beq     zero, s6, pc + 62
core   0: 3 0x80004a3a (0x03600f63)
core   0: 0x80004a3e (0x75b63013) sltiu   zero, a2, 1883
core   0: 3 0x80004a3e (0x75b63013)
core   0: 0x80004a42 (0x404ed013) srai    zero, t4, 4
core   0: 3 0x80004a42 (0x404ed013)
core   0: 0x80004a46 (0x0000c091) c.beqz  s1, pc + 4
core   0: 3 0x80004a46 (0xc091)
core   0: 0x80004a4a (0x00006169) c.addi16sp sp, 208
core   0: 3 0x80004a4a (0x6169) x2  0x000000d0
core   0: 0x80004a4c (0x0107e763) bltu    a5, a6, pc + 14
core   0: 3 0x80004a4c (0x0107e763)
core   0: 0x80004a50 (0x00001504) c.addi4spn s1, sp, 672
core   0: 3 0x80004a50 (0x1504) x9  0x00000370
core   0: 0x80004a52 (0x01375b33) srl     s6, a4, s3
core   0: 3 0x80004a52 (0x01375b33) x22 0x00000000
core   0: 0x80004a56 (0x0015f233) and     tp, a1, ra
core   0: 3 0x80004a56 (0x0015f233) x4  0x00007ffc
core   0: 0x80004a5a (0x410a5c93) srai    s9, s4, 16
core   0: 3 0x80004a5a (0x410a5c93) x25 0x00000000
core   0: 0x80004a5e (0x03c6af33) mulhsu  t5, a3, t3
core   0: 3 0x80004a5e (0x03c6af33) x30 0x00000000
core   0: 0x80004a62 (0x01fe8333) add     t1, t4, t6
core   0: 3 0x80004a62 (0x01fe8333) x6  0x80025ebc
core   0: 0x80004a66 (0x17e7cd93) xori    s11, a5, 382
core   0: 3 0x80004a66 (0x17e7cd93) x27 0x0000017e
core   0: 0x80004a6a (0x0000181c) c.addi4spn a5, sp, 48
core   0: 3 0x80004a6a (0x181c) x15 0x00000100
core   0: 0x80004a6c (0x02c4df33) divu    t5, s1, a2
core   0: 3 0x80004a6c (0x02c4df33) x30 0x00000024
core   0: 0x80004a70 (0x0000100f) fence.i
core   0: 3 0x80004a70 (0x0000100f)
core   0: 0x80004a74 (0x0291c9b3) div     s3, gp, s1
core   0: 3 0x80004a74 (0x0291c9b3) x19 0x00000000
core   0: 0x80004a78 (0x0000100f) fence.i
core   0: 3 0x80004a78 (0x0000100f)
core   0: 0x80004a7c (0x035299b3) mulh    s3, t0, s5
core   0: 3 0x80004a7c (0x035299b3) x19 0x00000000
core   0: 0x80004a80 (0x00000001) c.nop
core   0: 3 0x80004a80 (0x0001)
core   0: 0x80004a82 (0x0163f9b3) and     s3, t2, s6
core   0: 3 0x80004a82 (0x0163f9b3) x19 0x00000000
core   0: 0x80004a86 (0x0000027e) c.slli  tp, 31
core   0: 3 0x80004a86 (0x027e) x4  0x00000000
core   0: 0x80004a88 (0x033e0d33) mul     s10, t3, s3
core   0: 3 0x80004a88 (0x033e0d33) x26 0x00000000
core   0: 0x80004a8c (0x41b4d233) sra     tp, s1, s11
core   0: 3 0x80004a8c (0x41b4d233) x4  0x00000000
core   0: 0x80004a90 (0x34057673) csrrci  a2, mscratch, 10
core   0: 3 0x80004a90 (0x34057673) x12 0x0000000b c832_mscratch 0x00000001
core   0: 0x80004a94 (0xd0200f93) li      t6, -766
core   0: 3 0x80004a94 (0xd0200f93) x31 0xfffffd02
core   0: 0x80004a98 (0x00c7aa33) slt     s4, a5, a2
core   0: 3 0x80004a98 (0x00c7aa33) x20 0x00000000
core   0: 0x80004a9c (0x772cb193) sltiu   gp, s9, 1906
core   0: 3 0x80004a9c (0x772cb193) x3  0x00000001
core   0: 0x80004aa0 (0x1c47ed93) ori     s11, a5, 452
core   0: 3 0x80004aa0 (0x1c47ed93) x27 0x000001c4
core   0: 0x80004aa4 (0x0000e915) c.bnez  a0, pc + 52
core   0: 3 0x80004aa4 (0xe915)
core   0: 0x80004aa6 (0x34006373) csrrsi  t1, mscratch, 0
core   0: 3 0x80004aa6 (0x34006373) x6  0x00000001
core   0: 0x80004aaa (0x00009fe2) c.add   t6, s8
core   0: 3 0x80004aaa (0x9fe2) x31 0xfffffd02
core   0: 0x80004aac (0x00839863) bne     t2, s0, pc + 16
core   0: 3 0x80004aac (0x00839863)
core   0: 0x80004abc (0x4190d733) sra     a4, ra, s9
core   0: 3 0x80004abc (0x4190d733) x14 0xfffffffc
core   0: 0x80004ac0 (0x0000151c) c.addi4spn a5, sp, 672
core   0: 3 0x80004ac0 (0x151c) x15 0x00000370
core   0: 0x80004ac2 (0x000069c1) c.lui   s3, 0x10
core   0: 3 0x80004ac2 (0x69c1) x19 0x00010000
core   0: 0x80004ac4 (0x00008f21) c.xor   a4, s0
core   0: 3 0x80004ac4 (0x8f21) x14 0xfffffffc
core   0: 0x80004ac6 (0x02ec08b3) mul     a7, s8, a4
core   0: 3 0x80004ac6 (0x02ec08b3) x17 0x00000000
core   0: 0x80004aca (0x00008f49) c.or    a4, a0
core   0: 3 0x80004aca (0x8f49) x14 0xfffffffc
core   0: 0x80004acc (0x000091e6) c.add   gp, s9
core   0: 3 0x80004acc (0x91e6) x3  0x00000001
core   0: 0x80004ace (0x00008e49) c.or    a2, a0
core   0: 3 0x80004ace (0x8e49) x12 0x0000000b
core   0: 0x80004ad0 (0x00006115) c.addi16sp sp, 288
core   0: 3 0x80004ad0 (0x6115) x2  0x000001f0
core   0: 0x80004ad2 (0x02424c33) div     s8, tp, tp
core   0: 3 0x80004ad2 (0x02424c33) x24 0xffffffff
core   0: 0x80004ad6 (0x0000148c) c.addi4spn a1, sp, 608
core   0: 3 0x80004ad6 (0x148c) x11 0x00000450
core   0: 0x80004ad8 (0x053f6f37) lui     t5, 0x53f6
core   0: 3 0x80004ad8 (0x053f6f37) x30 0x053f6000
core   0: 0x80004adc (0x0109fc63) bgeu    s3, a6, pc + 24
core   0: 3 0x80004adc (0x0109fc63)
core   0: 0x80004af4 (0x0000100f) fence.i
core   0: 3 0x80004af4 (0x0000100f)
core   0: 0x80004af8 (0x00005f7d) c.li    t5, -1
core   0: 3 0x80004af8 (0x5f7d) x30 0xffffffff
core   0: 0x80004afa (0x00008d22) c.mv    s10, s0
core   0: 3 0x80004afa (0x8d22) x26 0x00000000
core   0: 0x80004afc (0x02d41763) bne     s0, a3, pc + 46
core   0: 3 0x80004afc (0x02d41763)
core   0: 0x80004b00 (0x000086f9) c.srai  a3, 30
core   0: 3 0x80004b00 (0x86f9) x13 0x00000000
core   0: 0x80004b02 (0x00008d29) c.xor   a0, a0
core   0: 3 0x80004b02 (0x8d29) x10 0x00000000
core   0: 0x80004b04 (0x000060b9) c.lui   ra, 0xe
core   0: 3 0x80004b04 (0x60b9) x1  0x0000e000
core   0: 0x80004b06 (0x40b5d6b3) sra     a3, a1, a1
core   0: 3 0x80004b06 (0x40b5d6b3) x13 0x00000000
core   0: 0x80004b0a (0x00008d6d) c.and   a0, a1
core   0: 3 0x80004b0a (0x8d6d) x10 0x00000000
core   0: 0x80004b0c (0x00c6f133) and     sp, a3, a2
core   0: 3 0x80004b0c (0x00c6f133) x2  0x00000000
core   0: 0x80004b10 (0x0000997d) c.andi  a0, -1
core   0: 3 0x80004b10 (0x997d) x10 0x00000000
core   0: 0x80004b12 (0x00000c08) c.addi4spn a0, sp, 528
core   0: 3 0x80004b12 (0x0c08) x10 0x00000210
core   0: 0x80004b14 (0x007bd8b3) srl     a7, s7, t2
core   0: 3 0x80004b14 (0x007bd8b3) x17 0x00000000
core   0: 0x80004b18 (0x0000ca8d) c.beqz  a3, pc + 50
core   0: 3 0x80004b18 (0xca8d)
core   0: 0x80004b4a (0x340028f3) csrr    a7, mscratch
core   0: 3 0x80004b4a (0x340028f3) x17 0x00000001
core   0: 0x80004b4e (0x02a68b33) mul     s6, a3, a0
core   0: 3 0x80004b4e (0x02a68b33) x22 0x00000000
core   0: 0x80004b52 (0x00006511) c.lui   a0, 0x4
core   0: 3 0x80004b52 (0x6511) x10 0x00004000
core   0: 0x80004b54 (0x03a7d963) bge     a5, s10, pc + 50
core   0: 3 0x80004b54 (0x03a7d963)
core   0: 0x80004b86 (0x01e8f0b3) and     ra, a7, t5
core   0: 3 0x80004b86 (0x01e8f0b3) x1  0x00000001
core   0: 0x80004b8a (0x00008e91) c.sub   a3, a2
core   0: 3 0x80004b8a (0x8e91) x13 0xfffffff5
core   0: 0x80004b8c (0xac5bba17) auipc   s4, 0xac5bb
core   0: 3 0x80004b8c (0xac5bba17) x20 0x2c5bfb8c
core   0: 0x80004b90 (0x02c4ec93) ori     s9, s1, 44
core   0: 3 0x80004b90 (0x02c4ec93) x25 0x0000037c
core   0: 0x80004b94 (0x00008125) c.srli  a0, 9
core   0: 3 0x80004b94 (0x8125) x10 0x00000020
core   0: 0x80004b96 (0x00588f33) add     t5, a7, t0
core   0: 3 0x80004b96 (0x00588f33) x30 0x00000002
core   0: 0x80004b9a (0x0000e099) c.bnez  s1, pc + 6
core   0: 3 0x80004b9a (0xe099)
core   0: 0x80004ba0 (0x00000242) c.slli  tp, 16
core   0: 3 0x80004ba0 (0x0242) x4  0x00000000
core   0: 0x80004ba2 (0x00008cc1) c.or    s1, s0
core   0: 3 0x80004ba2 (0x8cc1) x9  0x00000370
core   0: 0x80004ba4 (0x0006ddb3) srl     s11, a3, zero
core   0: 3 0x80004ba4 (0x0006ddb3) x27 0xfffffff5
core   0: 0x80004ba8 (0x00008e15) c.sub   a2, a3
core   0: 3 0x80004ba8 (0x8e15) x12 0x00000016
core   0: 0x80004baa (0x6dc92693) slti    a3, s2, 1756
core   0: 3 0x80004baa (0x6dc92693) x13 0x00000001
core   0: 0x80004bae (0x00008e29) c.xor   a2, a0
core   0: 3 0x80004bae (0x8e29) x12 0x00000036
core   0: 0x80004bb0 (0x000003f2) c.slli  t2, 28
core   0: 3 0x80004bb0 (0x03f2) x7  0x40000000
core   0: 0x80004bb2 (0x000087d5) c.srai  a5, 21
core   0: 3 0x80004bb2 (0x87d5) x15 0x00000000
core   0: 0x80004bb4 (0x038bb633) mulhu   a2, s7, s8
core   0: 3 0x80004bb4 (0x038bb633) x12 0x00000000
core   0: 0x80004bb8 (0x0074d613) srli    a2, s1, 7
core   0: 3 0x80004bb8 (0x0074d613) x12 0x00000006
core   0: 0x80004bbc (0x4016db13) srai    s6, a3, 1
core   0: 3 0x80004bbc (0x4016db13) x22 0x00000000
core   0: 0x80004bc0 (0xa9293693) sltiu   a3, s2, -1390
core   0: 3 0x80004bc0 (0xa9293693) x13 0x00000000
core   0: 0x80004bc4 (0x01cc6fb3) or      t6, s8, t3
core   0: 3 0x80004bc4 (0x01cc6fb3) x31 0xffffffff
core   0: 0x80004bc8 (0x000044a5) c.li    s1, 9
core   0: 3 0x80004bc8 (0x44a5) x9  0x00000009
core   0: 0x80004bca (0x03e2b1b3) mulhu   gp, t0, t5
core   0: 3 0x80004bca (0x03e2b1b3) x3  0x00000000
core   0: 0x80004bce (0x0192c933) xor     s2, t0, s9
core   0: 3 0x80004bce (0x0192c933) x18 0x0000037d
core   0: 0x80004bd2 (0x00008db9) c.xor   a1, a4
core   0: 3 0x80004bd2 (0x8db9) x11 0xfffffbac
core   0: 0x80004bd4 (0x00000494) c.addi4spn a3, sp, 576
core   0: 3 0x80004bd4 (0x0494) x13 0x00000240
core   0: 0x80004bd6 (0x039bc533) div     a0, s7, s9
core   0: 3 0x80004bd6 (0x039bc533) x10 0x00000000
core   0: 0x80004bda (0x03cf0963) beq     t5, t3, pc + 50
core   0: 3 0x80004bda (0x03cf0963)
core   0: 0x80004bde (0x000a02b3) add     t0, s4, zero
core   0: 3 0x80004bde (0x000a02b3) x5  0x2c5bfb8c
core   0: 0x80004be2 (0x0000031a) c.slli  t1, 6
core   0: 3 0x80004be2 (0x031a) x6  0x00000040
core   0: 0x80004be4 (0x037ccd63) blt     s9, s7, pc + 58
core   0: 3 0x80004be4 (0x037ccd63)
core   0: 0x80004be8 (0x00001718) c.addi4spn a4, sp, 928
core   0: 3 0x80004be8 (0x1718) x14 0x000003a0
core   0: 0x80004bea (0x00008e45) c.or    a2, s1
core   0: 3 0x80004bea (0x8e45) x12 0x0000000f
core   0: 0x80004bec (0x0ff0000f) fence   iorw,iorw
core   0: 3 0x80004bec (0x0ff0000f)
core   0: 0x80004bf0 (0x00001590) c.addi4spn a2, sp, 736
core   0: 3 0x80004bf0 (0x1590) x12 0x000002e0
core   0: 0x80004bf2 (0x0000717d) c.addi16sp sp, -16
core   0: 3 0x80004bf2 (0x717d) x2  0xfffffff0
core   0: 0x80004bf4 (0x0135d263) bge     a1, s3, pc + 4
core   0: 3 0x80004bf4 (0x0135d263)
core   0: 0x80004bf8 (0x000054fd) c.li    s1, -1
core   0: 3 0x80004bf8 (0x54fd) x9  0xffffffff
core   0: 0x80004bfa (0x00000001) c.nop
core   0: 3 0x80004bfa (0x0001)
core   0: 0x80004bfc (0x14b0cf93) xori    t6, ra, 331
core   0: 3 0x80004bfc (0x14b0cf93) x31 0x0000014a
core   0: 0x80004c00 (0x00000001) c.nop
core   0: 3 0x80004c00 (0x0001)
core   0: 0x80004c02 (0x00001490) c.addi4spn a2, sp, 608
core   0: 3 0x80004c02 (0x1490) x12 0x00000250
core   0: 0x80004c04 (0x34025573) csrrwi  a0, mscratch, 4
core   0: 3 0x80004c04 (0x34025573) x10 0x00000001 c832_mscratch 0x00000004
core   0: 0x80004c08 (0x3404f2f3) csrrci  t0, mscratch, 9
core   0: 3 0x80004c08 (0x3404f2f3) x5  0x00000004 c832_mscratch 0x00000004
core   0: 0x80004c0c (0x00008d6d) c.and   a0, a1
core   0: 3 0x80004c0c (0x8d6d) x10 0x00000000
core   0: 0x80004c0e (0x00006829) c.lui   a6, 0xa
core   0: 3 0x80004c0e (0x6829) x16 0x0000a000
core   0: 0x80004c10 (0x0380ea33) rem     s4, ra, s8
core   0: 3 0x80004c10 (0x0380ea33) x20 0x00000000
core   0: 0x80004c14 (0x34006a73) csrrsi  s4, mscratch, 0
core   0: 3 0x80004c14 (0x34006a73) x20 0x00000004
core   0: 0x80004c18 (0x03193c33) mulhu   s8, s2, a7
core   0: 3 0x80004c18 (0x03193c33) x24 0x00000000
core   0: 0x80004c1c (0x00000001) c.nop
core   0: 3 0x80004c1c (0x0001)
core   0: 0x80004c1e (0x40845a93) srai    s5, s0, 8
core   0: 3 0x80004c1e (0x40845a93) x21 0x00000000
core   0: 0x80004c22 (0xa9dec393) xori    t2, t4, -1379
core   0: 3 0x80004c22 (0xa9dec393) x7  0x7ffda439
core   0: 0x80004c26 (0x34002ff3) csrr    t6, mscratch
core   0: 3 0x80004c26 (0x34002ff3) x31 0x00000004
core   0: 0x80004c2a (0xc11a3617) auipc   a2, 0xc11a3
core   0: 3 0x80004c2a (0xc11a3617) x12 0x411a7c2a
core   0: 0x80004c2e (0x0000997d) c.andi  a0, -1
core   0: 3 0x80004c2e (0x997d) x10 0x00000000
core   0: 0x80004c30 (0x00006365) c.lui   t1, 0x19
core   0: 3 0x80004c30 (0x6365) x6  0x00019000
core   0: 0x80004c32 (0x02212933) mulhsu  s2, sp, sp
core   0: 3 0x80004c32 (0x02212933) x18 0xfffffff0
core   0: 0x80004c36 (0x0000997d) c.andi  a0, -1
core   0: 3 0x80004c36 (0x997d) x10 0x00000000
core   0: 0x80004c38 (0x001ad993) srli    s3, s5, 1
core   0: 3 0x80004c38 (0x001ad993) x19 0x00000000
core   0: 0x80004c3c (0x00000001) c.nop
core   0: 3 0x80004c3c (0x0001)
core   0: 0x80004c3e (0x340b7df3) csrrci  s11, mscratch, 22
core   0: 3 0x80004c3e (0x340b7df3) x27 0x00000004 c832_mscratch 0x00000000
core   0: 0x80004c42 (0x000082ad) c.srli  a3, 11
core   0: 3 0x80004c42 (0x82ad) x13 0x00000000
core   0: 0x80004c44 (0x00000390) c.addi4spn a2, sp, 448
core   0: 3 0x80004c44 (0x0390) x12 0x000001b0
core   0: 0x80004c46 (0x01911f33) sll     t5, sp, s9
core   0: 3 0x80004c46 (0x01911f33) x30 0x00000000
core   0: 0x80004c4a (0x00008f51) c.or    a4, a2
core   0: 3 0x80004c4a (0x8f51) x14 0x000003b0
core   0: 0x80004c4c (0x00e69b33) sll     s6, a3, a4
core   0: 3 0x80004c4c (0x00e69b33) x22 0x00000000
core   0: 0x80004c50 (0x0000557d) c.li    a0, -1
core   0: 3 0x80004c50 (0x557d) x10 0xffffffff
core   0: 0x80004c52 (0x34092973) csrrs   s2, mscratch, s2
core   0: 3 0x80004c52 (0x34092973) x18 0x00000000 c832_mscratch 0xfffffff0
core   0: 0x80004c56 (0x0000e629) c.bnez  a2, pc + 74
core   0: 3 0x80004c56 (0xe629)
core   0: 0x80004ca0 (0x000019fd) c.addi  s3, -1
core   0: 3 0x80004ca0 (0x19fd) x19 0xffffffff
core   0: 0x80004ca2 (0x00008c8d) c.sub   s1, a1
core   0: 3 0x80004ca2 (0x8c8d) x9  0x00000453
core   0: 0x80004ca4 (0x001e4263) blt     t3, ra, pc + 4
core   0: 3 0x80004ca4 (0x001e4263)
core   0: 0x80004ca8 (0x000b5a13) srli    s4, s6, 0
core   0: 3 0x80004ca8 (0x000b5a13) x20 0x00000000
core   0: 0x80004cac (0x916d2c93) slti    s9, s10, -1770
core   0: 3 0x80004cac (0x916d2c93) x25 0x00000000
core   0: 0x80004cb0 (0x00c782b3) add     t0, a5, a2
core   0: 3 0x80004cb0 (0x00c782b3) x5  0x000001b0
core   0: 0x80004cb4 (0x1c684893) xori    a7, a6, 454
core   0: 3 0x80004cb4 (0x1c684893) x17 0x0000a1c6
core   0: 0x80004cb8 (0x00008561) c.srai  a0, 24
core   0: 3 0x80004cb8 (0x8561) x10 0xffffffff
core   0: 0x80004cba (0x0ff0000f) fence   iorw,iorw
core   0: 3 0x80004cba (0x0ff0000f)
core   0: 0x80004cbe (0x340071f3) csrrci  gp, mscratch, 0
core   0: 3 0x80004cbe (0x340071f3) x3  0xfffffff0
core   0: 0x80004cc2 (0x0377cc63) blt     a5, s7, pc + 56
core   0: 3 0x80004cc2 (0x0377cc63)
core   0: 0x80004cc6 (0x410b5493) srai    s1, s6, 16
core   0: 3 0x80004cc6 (0x410b5493) x9  0x00000000
core   0: 0x80004cca (0x406b5733) sra     a4, s6, t1
core   0: 3 0x80004cca (0x406b5733) x14 0x00000000
core   0: 0x80004cce (0x00008e69) c.and   a2, a0
core   0: 3 0x80004cce (0x8e69) x12 0x000001b0
core   0: 0x80004cd0 (0x6bdcaa13) slti    s4, s9, 1725
core   0: 3 0x80004cd0 (0x6bdcaa13) x20 0x00000001
core   0: 0x80004cd4 (0x01bd9663) bne     s11, s11, pc + 12
core   0: 3 0x80004cd4 (0x01bd9663)
core   0: 0x80004cd8 (0x00008515) c.srai  a0, 5
core   0: 3 0x80004cd8 (0x8515) x10 0xffffffff
core   0: 0x80004cda (0x03057833) remu    a6, a0, a6
core   0: 3 0x80004cda (0x03057833) x16 0x00005fff
core   0: 0x80004cde (0x0000919e) c.add   gp, t2
core   0: 3 0x80004cde (0x919e) x3  0x7ffda429
core   0: 0x80004ce0 (0x6dfd2a93) slti    s5, s10, 1759
core   0: 3 0x80004ce0 (0x6dfd2a93) x21 0x00000001
core   0: 0x80004ce4 (0x40536b93) ori     s7, t1, 1029
core   0: 3 0x80004ce4 (0x40536b93) x23 0x00019405
core   0: 0x80004ce8 (0x026cf8b3) remu    a7, s9, t1
core   0: 3 0x80004ce8 (0x026cf8b3) x17 0x00000000
core   0: 0x80004cec (0x59aefc13) andi    s8, t4, 1434
core   0: 3 0x80004cec (0x59aefc13) x24 0x00000480
core   0: 0x80004cf0 (0x0000079a) c.slli  a5, 6
core   0: 3 0x80004cf0 (0x079a) x15 0x00000000
core   0: 0x80004cf2 (0x01af4463) blt     t5, s10, pc + 8
core   0: 3 0x80004cf2 (0x01af4463)
core   0: 0x80004cf6 (0x019a5763) bge     s4, s9, pc + 14
core   0: 3 0x80004cf6 (0x019a5763)
core   0: 0x80004d04 (0x00008fad) c.xor   a5, a1
core   0: 3 0x80004d04 (0x8fad) x15 0xfffffbac
core   0: 0x80004d06 (0x01f49863) bne     s1, t6, pc + 16
core   0: 3 0x80004d06 (0x01f49863)
core   0: 0x80004d16 (0x00ea1563) bne     s4, a4, pc + 10
core   0: 3 0x80004d16 (0x00ea1563)
core   0: 0x80004d20 (0x2a730617) auipc   a2, 0x2a730
core   0: 3 0x80004d20 (0x2a730617) x12 0xaa734d20
core   0: 0x80004d24 (0x00008e15) c.sub   a2, a3
core   0: 3 0x80004d24 (0x8e15) x12 0xaa734d20
core   0: 0x80004d26 (0x03c14963) blt     sp, t3, pc + 50
core   0: 3 0x80004d26 (0x03c14963)
core   0: 0x80004d2a (0x02859833) mulh    a6, a1, s0
core   0: 3 0x80004d2a (0x02859833) x16 0x00000000
core   0: 0x80004d2e (0x008ff3b3) and     t2, t6, s0
core   0: 3 0x80004d2e (0x008ff3b3) x7  0x00000000
core   0: 0x80004d32 (0x34007073) csrci   mscratch, 0
core   0: 3 0x80004d32 (0x34007073)
core   0: 0x80004d36 (0x0ff0000f) fence   iorw,iorw
core   0: 3 0x80004d36 (0x0ff0000f)
core   0: 0x80004d3a (0x01271913) slli    s2, a4, 18
core   0: 3 0x80004d3a (0x01271913) x18 0x00000000
core   0: 0x80004d3e (0xf399dc37) lui     s8, 0xf399d
core   0: 3 0x80004d3e (0xf399dc37) x24 0xf399d000
core   0: 0x80004d42 (0x03f88bb3) mul     s7, a7, t6
core   0: 3 0x80004d42 (0x03f88bb3) x23 0x00000000
core   0: 0x80004d46 (0x0000cb0d) c.beqz  a4, pc + 50
core   0: 3 0x80004d46 (0xcb0d)
core   0: 0x80004d78 (0x0158f6b3) and     a3, a7, s5
core   0: 3 0x80004d78 (0x0158f6b3) x13 0x00000000
core   0: 0x80004d7c (0xdd85f817) auipc   a6, 0xdd85f
core   0: 3 0x80004d7c (0xdd85f817) x16 0x5d863d7c
core   0: 0x80004d80 (0x0189d813) srli    a6, s3, 24
core   0: 3 0x80004d80 (0x0189d813) x16 0x000000ff
core   0: 0x80004d84 (0x01d7fcb3) and     s9, a5, t4
core   0: 3 0x80004d84 (0x01d7fcb3) x25 0x80025aa4
core   0: 0x80004d88 (0x025d6163) bltu    s10, t0, pc + 34
core   0: 3 0x80004d88 (0x025d6163)
core   0: 0x80004daa (0x05bfc363) blt     t6, s11, pc + 70
core   0: 3 0x80004daa (0x05bfc363)
core   0: 0x80004dae (0x5f261037) lui     zero, 0x5f261
core   0: 3 0x80004dae (0x5f261037)
core   0: 0x80004db2 (0x014687b3) add     a5, a3, s4
core   0: 3 0x80004db2 (0x014687b3) x15 0x00000001
core   0: 0x80004db6 (0x34007df3) csrrci  s11, mscratch, 0
core   0: 3 0x80004db6 (0x34007df3) x27 0xfffffff0
core   0: 0x80004dba (0x34006a73) csrrsi  s4, mscratch, 0
core   0: 3 0x80004dba (0x34006a73) x20 0xfffffff0
core   0: 0x80004dbe (0x0146a833) slt     a6, a3, s4
core   0: 3 0x80004dbe (0x0146a833) x16 0x00000000
core   0: 0x80004dc2 (0x000082d2) c.mv    t0, s4
core   0: 3 0x80004dc2 (0x82d2) x5  0xfffffff0
core   0: 0x80004dc4 (0x0ff0000f) fence   iorw,iorw
core   0: 3 0x80004dc4 (0x0ff0000f)
core   0: 0x80004dc8 (0x016493b3) sll     t2, s1, s6
core   0: 3 0x80004dc8 (0x016493b3) x7  0x00000000
core   0: 0x80004dcc (0x340035f3) csrrc   a1, mscratch, zero
core   0: 3 0x80004dcc (0x340035f3) x11 0xfffffff0
core   0: 0x80004dd0 (0x34049073) csrw    mscratch, s1
core   0: 3 0x80004dd0 (0x34049073) c832_mscratch 0x00000000
core   0: 0x80004dd4 (0x00000001) c.nop
core   0: 3 0x80004dd4 (0x0001)
core   0: 0x80004dd6 (0x40fd8233) sub     tp, s11, a5
core   0: 3 0x80004dd6 (0x40fd8233) x4  0xffffffef
core   0: 0x80004dda (0x006e9563) bne     t4, t1, pc + 10
core   0: 3 0x80004dda (0x006e9563)
core   0: 0x80004de4 (0x340024f3) csrr    s1, mscratch
core   0: 3 0x80004de4 (0x340024f3) x9  0x00000000
core   0: 0x80004de8 (0x03e39233) mulh    tp, t2, t5
core   0: 3 0x80004de8 (0x03e39233) x4  0x00000000
core   0: 0x80004dec (0x01aaacb3) slt     s9, s5, s10
core   0: 3 0x80004dec (0x01aaacb3) x25 0x00000000
core   0: 0x80004df0 (0x00008c85) c.sub   s1, s1
core   0: 3 0x80004df0 (0x8c85) x9  0x00000000
core   0: 0x80004df2 (0x03441963) bne     s0, s4, pc + 50
core   0: 3 0x80004df2 (0x03441963)
core   0: 0x80004e24 (0x00008dd5) c.or    a1, a3
core   0: 3 0x80004e24 (0x8dd5) x11 0xfffffff0
core   0: 0x80004e26 (0x04d85363) bge     a6, a3, pc + 70
core   0: 3 0x80004e26 (0x04d85363)
core   0: 0x80004e6c (0x037958b3) divu    a7, s2, s7
core   0: 3 0x80004e6c (0x037958b3) x17 0xffffffff
core   0: 0x80004e70 (0x00000af6) c.slli  s5, 29
core   0: 3 0x80004e70 (0x0af6) x21 0x20000000
core   0: 0x80004e72 (0x00548c33) add     s8, s1, t0
core   0: 3 0x80004e72 (0x00548c33) x24 0xfffffff0
core   0: 0x80004e76 (0x02b9b233) mulhu   tp, s3, a1
core   0: 3 0x80004e76 (0x02b9b233) x4  0xffffffef
core   0: 0x80004e7a (0x340024f3) csrr    s1, mscratch
core   0: 3 0x80004e7a (0x340024f3) x9  0x00000000
core   0: 0x80004e7e (0x01508263) beq     ra, s5, pc + 4
core   0: 3 0x80004e7e (0x01508263)
core   0: 0x80004e82 (0x01969863) bne     a3, s9, pc + 16
core   0: 3 0x80004e82 (0x01969863)
core   0: 0x80004e86 (0x34002173) csrr    sp, mscratch
core   0: 3 0x80004e86 (0x34002173) x2  0x00000000
core   0: 0x80004e8a (0x0000100f) fence.i
core   0: 3 0x80004e8a (0x0000100f)
core   0: 0x80004e8e (0x018353b3) srl     t2, t1, s8
core   0: 3 0x80004e8e (0x018353b3) x7  0x00000001
core   0: 0x80004e92 (0x00000001) c.nop
core   0: 3 0x80004e92 (0x0001)
core   0: 0x80004e94 (0x0057d213) srli    tp, a5, 5
core   0: 3 0x80004e94 (0x0057d213) x4  0x00000000
core   0: 0x80004e98 (0x0000eb89) c.bnez  a5, pc + 18
core   0: 3 0x80004e98 (0xeb89)
core   0: 0x80004eaa (0x020da9b3) mulhsu  s3, s11, zero
core   0: 3 0x80004eaa (0x020da9b3) x19 0x00000000
core   0: 0x80004eae (0x34002f73) csrr    t5, mscratch
core   0: 3 0x80004eae (0x34002f73) x30 0x00000000
core   0: 0x80004eb2 (0x00000fea) c.slli  t6, 26
core   0: 3 0x80004eb2 (0x0fea) x31 0x10000000
core   0: 0x80004eb4 (0x00006639) c.lui   a2, 0xe
core   0: 3 0x80004eb4 (0x6639) x12 0x0000e000
core   0: 0x80004eb6 (0x0000cb11) c.beqz  a4, pc + 20
core   0: 3 0x80004eb6 (0xcb11)
core   0: 0x80004eca (0x00006d8d) c.lui   s11, 0x3
core   0: 3 0x80004eca (0x6d8d) x27 0x00003000
core   0: 0x80004ecc (0x010e0763) beq     t3, a6, pc + 14
core   0: 3 0x80004ecc (0x010e0763)
core   0: 0x80004ed0 (0x00008fad) c.xor   a5, a1
core   0: 3 0x80004ed0 (0x8fad) x15 0xfffffff1
core   0: 0x80004ed2 (0x67972493) slti    s1, a4, 1657
core   0: 3 0x80004ed2 (0x67972493) x9  0x00000001
core   0: 0x80004ed6 (0x00000001) c.nop
core   0: 3 0x80004ed6 (0x0001)
core   0: 0x80004ed8 (0x00008d6d) c.and   a0, a1
core   0: 3 0x80004ed8 (0x8d6d) x10 0xfffffff0
core   0: 0x80004eda (0x00000001) c.nop
core   0: 3 0x80004eda (0x0001)
core   0: 0x80004edc (0x34003bf3) csrrc   s7, mscratch, zero
core   0: 3 0x80004edc (0x34003bf3) x23 0x00000000
core   0: 0x80004ee0 (0x03b64793) xori    a5, a2, 59
core   0: 3 0x80004ee0 (0x03b64793) x15 0x0000e03b
core   0: 0x80004ee4 (0x0000100f) fence.i
core   0: 3 0x80004ee4 (0x0000100f)
core   0: 0x80004ee8 (0x340dbc73) csrrc   s8, mscratch, s11
core   0: 3 0x80004ee8 (0x340dbc73) x24 0x00000000 c832_mscratch 0x00000000
core   0: 0x80004eec (0x000065ed) c.lui   a1, 0x1b
core   0: 3 0x80004eec (0x65ed) x11 0x0001b000
core   0: 0x80004eee (0x00009636) c.add   a2, a3
core   0: 3 0x80004eee (0x9636) x12 0x0000e000
core   0: 0x80004ef0 (0x0000e121) c.bnez  a0, pc + 64
core   0: 3 0x80004ef0 (0xe121)
core   0: 0x80004f30 (0x01ac3ab3) sltu    s5, s8, s10
core   0: 3 0x80004f30 (0x01ac3ab3) x21 0x00000000
core   0: 0x80004f34 (0x9744c113) xori    sp, s1, -1676
core   0: 3 0x80004f34 (0x9744c113) x2  0xfffff975
core   0: 0x80004f38 (0x035cf963) bgeu    s9, s5, pc + 50
core   0: 3 0x80004f38 (0x035cf963)
core   0: 0x80004f6a (0x00008951) c.andi  a0, 20
core   0: 3 0x80004f6a (0x8951) x10 0x00000010
core   0: 0x80004f6c (0x00f46533) or      a0, s0, a5
core   0: 3 0x80004f6c (0x00f46533) x10 0x0000e03b
core   0: 0x80004f70 (0x00ca25b3) slt     a1, s4, a2
core   0: 3 0x80004f70 (0x00ca25b3) x11 0x00000001
core   0: 0x80004f74 (0x05dee063) bltu    t4, t4, pc + 64
core   0: 3 0x80004f74 (0x05dee063)
core   0: 0x80004f78 (0xe36fe493) ori     s1, t6, -458
core   0: 3 0x80004f78 (0xe36fe493) x9  0xfffffe36
core   0: 0x80004f7c (0x00a69d33) sll     s10, a3, a0
core   0: 3 0x80004f7c (0x00a69d33) x26 0x00000000
core   0: 0x80004f80 (0x00006fa1) c.lui   t6, 0x8
core   0: 3 0x80004f80 (0x6fa1) x31 0x00008000
core   0: 0x80004f82 (0x03a3ec63) bltu    t2, s10, pc + 56
core   0: 3 0x80004f82 (0x03a3ec63)
core   0: 0x80004f86 (0x0331b4b3) mulhu   s1, gp, s3
core   0: 3 0x80004f86 (0x0331b4b3) x9  0x00000000
core   0: 0x80004f8a (0x0147dc13) srli    s8, a5, 20
core   0: 3 0x80004f8a (0x0147dc13) x24 0x00000000
core   0: 0x80004f8e (0x01745963) bge     s0, s7, pc + 18
core   0: 3 0x80004f8e (0x01745963)
core   0: 0x80004fa0 (0x00008dad) c.xor   a1, a1
core   0: 3 0x80004fa0 (0x8dad) x11 0x00000000
core   0: 0x80004fa2 (0x0000100f) fence.i
core   0: 3 0x80004fa2 (0x0000100f)
core   0: 0x80004fa6 (0x000018fd) c.addi  a7, -1
core   0: 3 0x80004fa6 (0x18fd) x17 0xfffffffe
core   0: 0x80004fa8 (0x035d65b3) rem     a1, s10, s5
core   0: 3 0x80004fa8 (0x035d65b3) x11 0x00000000
core   0: 0x80004fac (0x02e7b0b3) mulhu   ra, a5, a4
core   0: 3 0x80004fac (0x02e7b0b3) x1  0x00000000
core   0: 0x80004fb0 (0x340f33f3) csrrc   t2, mscratch, t5
core   0: 3 0x80004fb0 (0x340f33f3) x7  0x00000000 c832_mscratch 0x00000000
core   0: 0x80004fb4 (0x0000e3b1) c.bnez  a5, pc + 68
core   0: 3 0x80004fb4 (0xe3b1)
core   0: 0x80004ff8 (0x00001b0c) c.addi4spn a1, sp, 432
core   0: 3 0x80004ff8 (0x1b0c) x11 0xfffffb25
core   0: 0x80004ffa (0x419f51b3) sra     gp, t5, s9
core   0: 3 0x80004ffa (0x419f51b3) x3  0x00000000
core   0: 0x80004ffe (0x41fc06b3) sub     a3, s8, t6
core   0: 3 0x80004ffe (0x41fc06b3) x13 0xffff8000
core   0: 0x80005002 (0x00000001) c.nop
core   0: 3 0x80005002 (0x0001)
core   0: 0x80005004 (0x3403d373) csrrwi  t1, mscratch, 7
core   0: 3 0x80005004 (0x3403d373) x6  0x00000000 c832_mscratch 0x00000007
core   0: 0x80005008 (0x026b7933) remu    s2, s6, t1
core   0: 3 0x80005008 (0x026b7933) x18 0x00000000
core   0: 0x8000500c (0x41c8d333) sra     t1, a7, t3
core   0: 3 0x8000500c (0x41c8d333) x6  0xffffffff
core   0: 0x80005010 (0x04be4f37) lui     t5, 0x4be4
core   0: 3 0x80005010 (0x04be4f37) x30 0x04be4000
core   0: 0x80005014 (0x00008d8d) c.sub   a1, a1
core   0: 3 0x80005014 (0x8d8d) x11 0x00000000
core   0: 0x80005016 (0x00000b11) c.addi  s6, 4
core   0: 3 0x80005016 (0x0b11) x22 0x00000004
core   0: 0x80005018 (0x00000001) c.nop
core   0: 3 0x80005018 (0x0001)
core   0: 0x8000501a (0x0097b6b3) sltu    a3, a5, s1
core   0: 3 0x8000501a (0x0097b6b3) x13 0x00000000
core   0: 0x8000501e (0x007b1a93) slli    s5, s6, 7
core   0: 3 0x8000501e (0x007b1a93) x21 0x00000200
core   0: 0x80005022 (0x57450b37) lui     s6, 0x57450
core   0: 3 0x80005022 (0x57450b37) x22 0x57450000
core   0: 0x80005026 (0x00009f32) c.add   t5, a2
core   0: 3 0x80005026 (0x9f32) x30 0x04bf2000
core   0: 0x80005028 (0x016e1663) bne     t3, s6, pc + 12
core   0: 3 0x80005028 (0x016e1663)
core   0: 0x80005034 (0x74732cb7) lui     s9, 0x74732
core   0: 3 0x80005034 (0x74732cb7) x25 0x74732000
core   0: 0x80005038 (0x004c5cb3) srl     s9, s8, tp
core   0: 3 0x80005038 (0x004c5cb3) x25 0x00000000
core   0: 0x8000503c (0xe51f6793) ori     a5, t5, -431
core   0: 3 0x8000503c (0xe51f6793) x15 0xfffffe51
core   0: 0x80005040 (0x00715193) srli    gp, sp, 7
core   0: 3 0x80005040 (0x00715193) x3  0x01fffff2
core   0: 0x80005044 (0x03e4b733) mulhu   a4, s1, t5
core   0: 3 0x80005044 (0x03e4b733) x14 0x00000000
core   0: 0x80005048 (0x0000667d) c.lui   a2, 0x1f
core   0: 3 0x80005048 (0x667d) x12 0x0001f000
core   0: 0x8000504a (0x476b2fb7) lui     t6, 0x476b2
core   0: 3 0x8000504a (0x476b2fb7) x31 0x476b2000
core   0: 0x8000504e (0x0000c981) c.beqz  a1, pc + 16
core   0: 3 0x8000504e (0xc981)
core   0: 0x8000505e (0x000090da) c.add   ra, s6
core   0: 3 0x8000505e (0x90da) x1  0x57450000
core   0: 0x80005060 (0x027638b3) mulhu   a7, a2, t2
core   0: 3 0x80005060 (0x027638b3) x17 0x00000000
core   0: 0x80005064 (0x41275793) srai    a5, a4, 18
core   0: 3 0x80005064 (0x41275793) x15 0x00000000
core   0: 0x80005068 (0x340377f3) csrrci  a5, mscratch, 6
core   0: 3 0x80005068 (0x340377f3) x15 0x00000007 c832_mscratch 0x00000001
core   0: 0x8000506c (0x3409d2f3) csrrwi  t0, mscratch, 19
core   0: 3 0x8000506c (0x3409d2f3) x5  0x00000001 c832_mscratch 0x00000013
core   0: 0x80005070 (0x340f79f3) csrrci  s3, mscratch, 30
core   0: 3 0x80005070 (0x340f79f3) x19 0x00000013 c832_mscratch 0x00000001
core   0: 0x80005074 (0x00c65d33) srl     s10, a2, a2
core   0: 3 0x80005074 (0x00c65d33) x26 0x0001f000
core   0: 0x80005078 (0x40a25213) srai    tp, tp, 10
core   0: 3 0x80005078 (0x40a25213) x4  0x00000000
core   0: 0x8000507c (0x573abc93) sltiu   s9, s5, 1395
core   0: 3 0x8000507c (0x573abc93) x25 0x00000001
core   0: 0x80005080 (0x324e2bb7) lui     s7, 0x324e2
core   0: 3 0x80005080 (0x324e2bb7) x23 0x324e2000
core   0: 0x80005084 (0x00a25a93) srli    s5, tp, 10
core   0: 3 0x80005084 (0x00a25a93) x21 0x00000000
core   0: 0x80005088 (0x003e0733) add     a4, t3, gp
core   0: 3 0x80005088 (0x003e0733) x14 0x82029d16
core   0: 0x8000508c (0x41ba5db3) sra     s11, s4, s11
core   0: 3 0x8000508c (0x41ba5db3) x27 0xfffffff0
core   0: 0x80005090 (0x01a5c863) blt     a1, s10, pc + 16
core   0: 3 0x80005090 (0x01a5c863)
core   0: 0x800050a0 (0x01eb1533) sll     a0, s6, t5
core   0: 3 0x800050a0 (0x01eb1533) x10 0x57450000
core   0: 0x800050a4 (0x008269b3) or      s3, tp, s0
core   0: 3 0x800050a4 (0x008269b3) x19 0x00000000
core   0: 0x800050a8 (0x40dad0b3) sra     ra, s5, a3
core   0: 3 0x800050a8 (0x40dad0b3) x1  0x00000000
core   0: 0x800050ac (0x38fc0013) addi    zero, s8, 911
core   0: 3 0x800050ac (0x38fc0013)
core   0: 0x800050b0 (0x00008e71) c.and   a2, a2
core   0: 3 0x800050b0 (0x8e71) x12 0x0001f000
core   0: 0x800050b2 (0x00000571) c.addi  a0, 28
core   0: 3 0x800050b2 (0x0571) x10 0x5745001c
core   0: 0x800050b4 (0x409b5793) srai    a5, s6, 9
core   0: 3 0x800050b4 (0x409b5793) x15 0x002ba280
core   0: 0x800050b8 (0xc6f66617) auipc   a2, 0xc6f66
core   0: 3 0x800050b8 (0xc6f66617) x12 0x46f6b0b8
core   0: 0x800050bc (0x034a46b3) div     a3, s4, s4
core   0: 3 0x800050bc (0x034a46b3) x13 0x00000001
core   0: 0x800050c0 (0x34007773) csrrci  a4, mscratch, 0
core   0: 3 0x800050c0 (0x34007773) x14 0x00000001
core   0: 0x800050c4 (0x3405dd73) csrrwi  s10, mscratch, 11
core   0: 3 0x800050c4 (0x3405dd73) x26 0x00000001 c832_mscratch 0x0000000b
core   0: 0x800050c8 (0x34007ff3) csrrci  t6, mscratch, 0
core   0: 3 0x800050c8 (0x34007ff3) x31 0x0000000b
core   0: 0x800050cc (0x0000717d) c.addi16sp sp, -16
core   0: 3 0x800050cc (0x717d) x2  0xfffff965
core   0: 0x800050ce (0x1c484c93) xori    s9, a6, 452
core   0: 3 0x800050ce (0x1c484c93) x25 0x000001c4
core   0: 0x800050d2 (0x00000001) c.nop
core   0: 3 0x800050d2 (0x0001)
core   0: 0x800050d4 (0xcda5f797) auipc   a5, 0xcda5f
core   0: 3 0x800050d4 (0xcda5f797) x15 0x4da640d4
core   0: 0x800050d8 (0x032db333) mulhu   t1, s11, s2
core   0: 3 0x800050d8 (0x032db333) x6  0x00000000
core   0: 0x800050dc (0x020b2b33) mulhsu  s6, s6, zero
core   0: 3 0x800050dc (0x020b2b33) x22 0x00000000
core   0: 0x800050e0 (0x0000e799) c.bnez  a5, pc + 14
core   0: 3 0x800050e0 (0xe799)
core   0: 0x800050ee (0x17a24f93) xori    t6, tp, 378
core   0: 3 0x800050ee (0x17a24f93) x31 0x0000017a
core   0: 0x800050f2 (0x0174d293) srli    t0, s1, 23
core   0: 3 0x800050f2 (0x0174d293) x5  0x00000000
core   0: 0x800050f6 (0x0144da93) srli    s5, s1, 20
core   0: 3 0x800050f6 (0x0144da93) x21 0x00000000
core   0: 0x800050fa (0x01d70d63) beq     a4, t4, pc + 26
core   0: 3 0x800050fa (0x01d70d63)
core   0: 0x800050fe (0x340471f3) csrrci  gp, mscratch, 8
core   0: 3 0x800050fe (0x340471f3) x3  0x0000000b c832_mscratch 0x00000003
core   0: 0x80005102 (0x01079293) slli    t0, a5, 16
core   0: 3 0x80005102 (0x01079293) x5  0x40d40000
core   0: 0x80005106 (0x00008699) c.srai  a3, 6
core   0: 3 0x80005106 (0x8699) x13 0x00000000
core   0: 0x80005108 (0x03f6ec33) rem     s8, a3, t6
core   0: 3 0x80005108 (0x03f6ec33) x24 0x00000000
core   0: 0x8000510c (0xd0577837) lui     a6, 0xd0577
core   0: 3 0x8000510c (0xd0577837) x16 0xd0577000
core   0: 0x80005110 (0x5e470c13) addi    s8, a4, 1508
core   0: 3 0x80005110 (0x5e470c13) x24 0x000005e5
core   0: 0x80005114 (0x34007673) csrrci  a2, mscratch, 0
core   0: 3 0x80005114 (0x34007673) x12 0x00000003
core   0: 0x80005118 (0x00001108) c.addi4spn a0, sp, 160
core   0: 3 0x80005118 (0x1108) x10 0xfffffa05
core   0: 0x8000511a (0x03b06233) rem     tp, zero, s11
core   0: 3 0x8000511a (0x03b06233) x4  0x00000000
core   0: 0x8000511e (0x00000515) c.addi  a0, 5
core   0: 3 0x8000511e (0x0515) x10 0xfffffa0a
core   0: 0x80005120 (0x03c10333) mul     t1, sp, t3
core   0: 3 0x80005120 (0x03c10333) x6  0x6ebc0334
core   0: 0x80005124 (0x00004c01) c.li    s8, 0
core   0: 3 0x80005124 (0x4c01) x24 0x00000000
core   0: 0x80005126 (0x03085bb3) divu    s7, a6, a6
core   0: 3 0x80005126 (0x03085bb3) x23 0x00000001
core   0: 0x8000512a (0x409f8093) addi    ra, t6, 1033
core   0: 3 0x8000512a (0x409f8093) x1  0x00000583
core   0: 0x8000512e (0x01e2d013) srli    zero, t0, 30
core   0: 3 0x8000512e (0x01e2d013)
core   0: 0x80005132 (0x0000e0a9) c.bnez  s1, pc + 66
core   0: 3 0x80005132 (0xe0a9)
core   0: 0x80005134 (0x035ca033) mulhsu  zero, s9, s5
core   0: 3 0x80005134 (0x035ca033)
core   0: 0x80005138 (0x04a6e563) bltu    a3, a0, pc + 74
core   0: 3 0x80005138 (0x04a6e563)
core   0: 0x80005182 (0x00006571) c.lui   a0, 0x1c
core   0: 3 0x80005182 (0x6571) x10 0x0001c000
core   0: 0x80005184 (0x01c06833) or      a6, zero, t3
core   0: 3 0x80005184 (0x01c06833) x16 0x80029d24
core   0: 0x80005188 (0x02f447b3) div     a5, s0, a5
core   0: 3 0x80005188 (0x02f447b3) x15 0x00000000
core   0: 0x8000518c (0x01cf1a93) slli    s5, t5, 28
core   0: 3 0x8000518c (0x01cf1a93) x21 0x00000000
core   0: 0x80005190 (0x41ed5233) sra     tp, s10, t5
core   0: 3 0x80005190 (0x41ed5233) x4  0x00000001
core   0: 0x80005194 (0x00001dfd) c.addi  s11, -1
core   0: 3 0x80005194 (0x1dfd) x27 0xffffffef
core   0: 0x80005196 (0x00008885) c.andi  s1, 1
core   0: 3 0x80005196 (0x8885) x9  0x00000000
core   0: 0x80005198 (0x01a26263) bltu    tp, s10, pc + 4
core   0: 3 0x80005198 (0x01a26263)
core   0: 0x8000519c (0x0000611d) c.addi16sp sp, 416
core   0: 3 0x8000519c (0x611d) x2  0xfffffb05
core   0: 0x8000519e (0x037b9833) mulh    a6, s7, s7
core   0: 3 0x8000519e (0x037b9833) x16 0x00000000
core   0: 0x800051a2 (0x03b65963) bge     a2, s11, pc + 50
core   0: 3 0x800051a2 (0x03b65963)
core   0: 0x800051d4 (0x3401fd73) csrrci  s10, mscratch, 3
core   0: 3 0x800051d4 (0x3401fd73) x26 0x00000003 c832_mscratch 0x00000000
core   0: 0x800051d8 (0x03760c33) mul     s8, a2, s7
core   0: 3 0x800051d8 (0x03760c33) x24 0x00000003
core   0: 0x800051dc (0x34003cf3) csrrc   s9, mscratch, zero
core   0: 3 0x800051dc (0x34003cf3) x25 0x00000000
core   0: 0x800051e0 (0xa7d97a93) andi    s5, s2, -1411
core   0: 3 0x800051e0 (0xa7d97a93) x21 0x00000000
core   0: 0x800051e4 (0x000099da) c.add   s3, s6
core   0: 3 0x800051e4 (0x99da) x19 0x00000000
core   0: 0x800051e6 (0x00008e89) c.sub   a3, a0
core   0: 3 0x800051e6 (0x8e89) x13 0xfffe4000
core   0: 0x800051e8 (0x3409bf73) csrrc   t5, mscratch, s3
core   0: 3 0x800051e8 (0x3409bf73) x30 0x00000000 c832_mscratch 0x00000000
core   0: 0x800051ec (0x0f024363) blt     tp, a6, pc + 230
core   0: 3 0x800051ec (0x0f024363)
core   0: 0x800051f0 (0x340116f3) csrrw   a3, mscratch, sp
core   0: 3 0x800051f0 (0x340116f3) x13 0x00000000 c832_mscratch 0xfffffb05
core   0: 0x800051f4 (0x00008f71) c.and   a4, a2
core   0: 3 0x800051f4 (0x8f71) x14 0x00000001
core   0: 0x800051f6 (0x0000b497) auipc   s1, 0xb
core   0: 3 0x800051f6 (0x0000b497) x9  0x800101f6
core   0: 0x800051fa (0x07848493) addi    s1, s1, 120
core   0: 3 0x800051fa (0x07848493) x9  0x8001026e
core   0: 0x800051fe (0x04166393) ori     t2, a2, 65
core   0: 3 0x800051fe (0x04166393) x7  0x00000043
core   0: 0x80005202 (0xfe548ba3) sb      t0, -9(s1)
core   0: 3 0x80005202 (0xfe548ba3) mem 0x80010265 0x00
core   0: 0x80005206 (0x06a48aa3) sb      a0, 117(s1)
core   0: 3 0x80005206 (0x06a48aa3) mem 0x800102e3 0x00
core   0: 0x8000520a (0x0bd4ca03) lbu     s4, 189(s1)
core   0: 3 0x8000520a (0x0bd4ca03) x20 0x000000e0 mem 0x8001032b
core   0: 0x8000520e (0x00000f3e) c.slli  t5, 15
core   0: 3 0x8000520e (0x0f3e) x30 0x00000000
core   0: 0x80005210 (0x05e4ab83) lw      s7, 94(s1)
core   0: 3 0x80005210 (0x05e4ab83) x23 0x84858687 mem 0x800102cc
core   0: 0x80005214 (0x00008e3d) c.xor   a2, a5
core   0: 3 0x80005214 (0x8e3d) x12 0x00000003
core   0: 0x80005216 (0x02d4c303) lbu     t1, 45(s1)
core   0: 3 0x80005216 (0x02d4c303) x6  0x00000050 mem 0x8001029b
core   0: 0x8000521a (0x0102d593) srli    a1, t0, 16
core   0: 3 0x8000521a (0x0102d593) x11 0x000040d4
core   0: 0x8000521e (0xf8648f03) lb      t5, -122(s1)
core   0: 3 0x8000521e (0xf8648f03) x30 0xffffffaf mem 0x800101f4
core   0: 0x80005222 (0x647d0a93) addi    s5, s10, 1607
core   0: 3 0x80005222 (0x647d0a93) x21 0x0000064a
core   0: 0x80005226 (0x00006a59) c.lui   s4, 0x16
core   0: 3 0x80005226 (0x6a59) x20 0x00016000
core   0: 0x80005228 (0xf4948d83) lb      s11, -183(s1)
core   0: 3 0x80005228 (0xf4948d83) x27 0x0000006c mem 0x800101b7
core   0: 0x8000522c (0x0844cd83) lbu     s11, 132(s1)
core   0: 3 0x8000522c (0x0844cd83) x27 0x000000a9 mem 0x800102f2
core   0: 0x80005230 (0x0eb4c683) lbu     a3, 235(s1)
core   0: 3 0x80005230 (0x0eb4c683) x13 0x00000012 mem 0x80010359
core   0: 0x80005234 (0x0e949123) sh      s1, 226(s1)
core   0: 3 0x80005234 (0x0e949123) mem 0x80010350 0x026e
core   0: 0x80005238 (0x00b15533) srl     a0, sp, a1
core   0: 3 0x80005238 (0x00b15533) x10 0x00000fff
core   0: 0x8000523c (0x03c4a523) sw      t3, 42(s1)
core   0: 3 0x8000523c (0x03c4a523) mem 0x80010298 0x80029d24
core   0: 0x80005240 (0x00b60b33) add     s6, a2, a1
core   0: 3 0x80005240 (0x00b60b33) x22 0x000040d7
core   0: 0x80005244 (0x004b6633) or      a2, s6, tp
core   0: 3 0x80005244 (0x004b6633) x12 0x000040d7
core   0: 0x80005248 (0x00000001) c.nop
core   0: 3 0x80005248 (0x0001)
core   0: 0x8000524a (0x0000717d) c.addi16sp sp, -16
core   0: 3 0x8000524a (0x717d) x2  0xfffffaf5
core   0: 0x8000524c (0x01223033) sltu    zero, tp, s2
core   0: 3 0x8000524c (0x01223033)
core   0: 0x80005250 (0xf294c103) lbu     sp, -215(s1)
core   0: 3 0x80005250 (0xf294c103) x2  0x0000004c mem 0x80010197
core   0: 0x80005254 (0x0e4486a3) sb      tp, 237(s1)
core   0: 3 0x80005254 (0x0e4486a3) mem 0x8001035b 0x01
core   0: 0x80005258 (0x00000001) c.nop
core   0: 3 0x80005258 (0x0001)
core   0: 0x8000525a (0x0088b5b3) sltu    a1, a7, s0
core   0: 3 0x8000525a (0x0088b5b3) x11 0x00000000
core   0: 0x8000525e (0x06148b83) lb      s7, 97(s1)
core   0: 3 0x8000525e (0x06148b83) x23 0xffffff84 mem 0x800102cf
core   0: 0x80005262 (0x06249683) lh      a3, 98(s1)
core   0: 3 0x80005262 (0x06249683) x13 0xffff8a8b mem 0x800102d0
core   0: 0x80005266 (0x3402b5f3) csrrc   a1, mscratch, t0
core   0: 3 0x80005266 (0x3402b5f3) x11 0xfffffb05 c832_mscratch 0xbf2bfb05
core   0: 0x8000526a (0x0149cb33) xor     s6, s3, s4
core   0: 3 0x8000526a (0x0149cb33) x22 0x00016000
core   0: 0x8000526e (0x01a68fb3) add     t6, a3, s10
core   0: 3 0x8000526e (0x01a68fb3) x31 0xffff8a8e
core   0: 0x80005272 (0x418983b3) sub     t2, s3, s8
core   0: 3 0x80005272 (0x418983b3) x7  0xfffffffd
core   0: 0x80005276 (0x0211b7b3) mulhu   a5, gp, ra
core   0: 3 0x80005276 (0x0211b7b3) x15 0x00000000
core   0: 0x8000527a (0x0094c083) lbu     ra, 9(s1)
core   0: 3 0x8000527a (0x0094c083) x1  0x0000002c mem 0x80010277
core   0: 0x8000527e (0x2fd26393) ori     t2, tp, 765
core   0: 3 0x8000527e (0x2fd26393) x7  0x000002fd
core   0: 0x80005282 (0x0fa48123) sb      s10, 226(s1)
core   0: 3 0x80005282 (0x0fa48123) mem 0x80010350 0x03
core   0: 0x80005286 (0xf9348c03) lb      s8, -109(s1)
core   0: 3 0x80005286 (0xf9348c03) x24 0xffffffba mem 0x80010201
core   0: 0x8000528a (0x3ee6b5b7) lui     a1, 0x3ee6b
core   0: 3 0x8000528a (0x3ee6b5b7) x11 0x3ee6b000
core   0: 0x8000528e (0x40a85b13) srai    s6, a6, 10
core   0: 3 0x8000528e (0x40a85b13) x22 0x00000000
core   0: 0x80005292 (0x0aa4ac03) lw      s8, 170(s1)
core   0: 3 0x80005292 (0x0aa4ac03) x24 0xd0d1d2d3 mem 0x80010318
core   0: 0x80005296 (0x01049c83) lh      s9, 16(s1)
core   0: 3 0x80005296 (0x01049c83) x25 0x00003435 mem 0x8001027e
core   0: 0x8000529a (0x00008279) c.srli  a2, 30
core   0: 3 0x8000529a (0x8279) x12 0x00000000
core   0: 0x8000529c (0x0d84ab23) sw      s8, 214(s1)
core   0: 3 0x8000529c (0x0d84ab23) mem 0x80010344 0xd0d1d2d3
core   0: 0x800052a0 (0xf07482a3) sb      t2, -251(s1)
core   0: 3 0x800052a0 (0xf07482a3) mem 0x80010173 0xfd
core   0: 0x800052a4 (0xf7249503) lh      a0, -142(s1)
core   0: 3 0x800052a4 (0xf7249503) x10 0xffff9a9b mem 0x800101e0
core   0: 0x800052a8 (0x000c1fb3) sll     t6, s8, zero
core   0: 3 0x800052a8 (0x000c1fb3) x31 0xd0d1d2d3
core   0: 0x800052ac (0x0b74ad23) sw      s7, 186(s1)
core   0: 3 0x800052ac (0x0b74ad23) mem 0x80010328 0xffffff84
core   0: 0x800052b0 (0x16814c13) xori    s8, sp, 360
core   0: 3 0x800052b0 (0x16814c13) x24 0x00000124
core   0: 0x800052b4 (0xf3c4d783) lhu     a5, -196(s1)
core   0: 3 0x800052b4 (0xf3c4d783) x15 0x00006061 mem 0x800101aa
core   0: 0x800052b8 (0x01fe6ab3) or      s5, t3, t6
core   0: 3 0x800052b8 (0x01fe6ab3) x21 0xd0d3dff7
core   0: 0x800052bc (0x00b8d5b3) srl     a1, a7, a1
core   0: 3 0x800052bc (0x00b8d5b3) x11 0x00000000
core   0: 0x800052c0 (0xf3f48603) lb      a2, -193(s1)
core   0: 3 0x800052c0 (0xf3f48603) x12 0x00000066 mem 0x800101ad
core   0: 0x800052c4 (0xf7e484a3) sb      t5, -151(s1)
core   0: 3 0x800052c4 (0xf7e484a3) mem 0x800101d7 0xaf
core   0: 0x800052c8 (0x03f07933) remu    s2, zero, t6
core   0: 3 0x800052c8 (0x03f07933) x18 0x00000000
core   0: 0x800052cc (0x00008f79) c.and   a4, a4
core   0: 3 0x800052cc (0x8f79) x14 0x00000001
core   0: 0x800052ce (0x0000100f) fence.i
core   0: 3 0x800052ce (0x0000100f)
core   0: 0x800052d2 (0x03a79033) mulh    zero, a5, s10
core   0: 3 0x800052d2 (0x03a79033)
core   0: 0x800052d6 (0x340162f3) csrrsi  t0, mscratch, 2
core   0: 3 0x800052d6 (0x340162f3) x5  0xbf2bfb05 c832_mscratch 0xbf2bfb07
core   0: 0x800052da (0x00fdf0b3) and     ra, s11, a5
core   0: 3 0x800052da (0x00fdf0b3) x1  0x00000021
core   0: 0x800052de (0x0000616d) c.addi16sp sp, 240
core   0: 3 0x800052de (0x616d) x2  0x0000013c
core   0: 0x800052e0 (0x00008e39) c.xor   a2, a4
core   0: 3 0x800052e0 (0x8e39) x12 0x00000067
core   0: 0x800052e2 (0x000085dd) c.srai  a1, 23
core   0: 3 0x800052e2 (0x85dd) x11 0x00000000
core   0: 0x800052e4 (0x02e22cb3) mulhsu  s9, tp, a4
core   0: 3 0x800052e4 (0x02e22cb3) x25 0x00000000
core   0: 0x800052e8 (0x59630893) addi    a7, t1, 1430
core   0: 3 0x800052e8 (0x59630893) x17 0x000005e6
core   0: 0x800052ec (0x00008a69) c.andi  a2, 26
core   0: 3 0x800052ec (0x8a69) x12 0x00000002
core   0: 0x800052ee (0x000085fd) c.srai  a1, 31
core   0: 3 0x800052ee (0x85fd) x11 0x00000000
core   0: 0x800052f0 (0x00008f09) c.sub   a4, a0
core   0: 3 0x800052f0 (0x8f09) x14 0x00006566
core   0: 0x800052f2 (0x00008fc1) c.or    a5, s0
core   0: 3 0x800052f2 (0x8fc1) x15 0x00006061
core   0: 0x800052f4 (0x02bc6c63) bltu    s8, a1, pc + 56
core   0: 3 0x800052f4 (0x02bc6c63)
core   0: 0x800052f8 (0x3f5db793) sltiu   a5, s11, 1013
core   0: 3 0x800052f8 (0x3f5db793) x15 0x00000001
core   0: 0x800052fc (0x40398db3) sub     s11, s3, gp
core   0: 3 0x800052fc (0x40398db3) x27 0xfffffff5
core   0: 0x80005300 (0x03419d33) mulh    s10, gp, s4
core   0: 3 0x80005300 (0x03419d33) x26 0x00000000
core   0: 0x80005304 (0x00389f33) sll     t5, a7, gp
core   0: 3 0x80005304 (0x00389f33) x30 0x002f3000
core   0: 0x80005308 (0x00006109) c.addi16sp sp, 128
core   0: 3 0x80005308 (0x6109) x2  0x000001bc
core   0: 0x8000530a (0x4166d513) srai    a0, a3, 22
core   0: 3 0x8000530a (0x4166d513) x10 0xffffffff
core   0: 0x8000530e (0x01045d63) bge     s0, a6, pc + 26
core   0: 3 0x8000530e (0x01045d63)
core   0: 0x80005328 (0x3409d5f3) csrrwi  a1, mscratch, 19
core   0: 3 0x80005328 (0x3409d5f3) x11 0xbf2bfb07 c832_mscratch 0x00000013
core   0: 0x8000532c (0x01c14d33) xor     s10, sp, t3
core   0: 3 0x8000532c (0x01c14d33) x26 0x80029c98
core   0: 0x80005330 (0x34007ff3) csrrci  t6, mscratch, 0
core   0: 3 0x80005330 (0x34007ff3) x31 0x00000013
core   0: 0x80005334 (0x0000816d) c.srli  a0, 27
core   0: 3 0x80005334 (0x816d) x10 0x0000001f
core   0: 0x80005336 (0x00008d89) c.sub   a1, a0
core   0: 3 0x80005336 (0x8d89) x11 0xbf2bfae8
core   0: 0x80005338 (0x00cd90b3) sll     ra, s11, a2
core   0: 3 0x80005338 (0x00cd90b3) x1  0xffffffd4
core   0: 0x8000533c (0x00008e51) c.or    a2, a2
core   0: 3 0x8000533c (0x8e51) x12 0x00000002
core   0: 0x8000533e (0x0060b033) sltu    zero, ra, t1
core   0: 3 0x8000533e (0x0060b033)
core   0: 0x80005342 (0x340c68f3) csrrsi  a7, mscratch, 24
core   0: 3 0x80005342 (0x340c68f3) x17 0x00000013 c832_mscratch 0x0000001b
core   0: 0x80005346 (0x00008779) c.srai  a4, 30
core   0: 3 0x80005346 (0x8779) x14 0x00000000
core   0: 0x80005348 (0xdebbec93) ori     s9, s7, -533
core   0: 3 0x80005348 (0xdebbec93) x25 0xffffffef
core   0: 0x8000534c (0x01d55133) srl     sp, a0, t4
core   0: 3 0x8000534c (0x01d55133) x2  0x00000001
core   0: 0x80005350 (0x0000597d) c.li    s2, -1
core   0: 3 0x80005350 (0x597d) x18 0xffffffff
core   0: 0x80005352 (0x000095da) c.add   a1, s6
core   0: 3 0x80005352 (0x95da) x11 0xbf2bfae8
core   0: 0x80005354 (0x0268fc33) remu    s8, a7, t1
core   0: 3 0x80005354 (0x0268fc33) x24 0x00000013
core   0: 0x80005358 (0xf7d424b7) lui     s1, 0xf7d42
core   0: 3 0x80005358 (0xf7d424b7) x9  0xf7d42000
core   0: 0x8000535c (0x00dea733) slt     a4, t4, a3
core   0: 3 0x8000535c (0x00dea733) x14 0x00000001
core   0: 0x80005360 (0x00fc1563) bne     s8, a5, pc + 10
core   0: 3 0x80005360 (0x00fc1563)
core   0: 0x8000536a (0x00009bfd) c.andi  a5, -1
core   0: 3 0x8000536a (0x9bfd) x15 0x00000001
core   0: 0x8000536c (0x28064d93) xori    s11, a2, 640
core   0: 3 0x8000536c (0x28064d93) x27 0x00000282
core   0: 0x80005370 (0x417e0033) sub     zero, t3, s7
core   0: 3 0x80005370 (0x417e0033)
core   0: 0x80005374 (0x03c6b6b3) mulhu   a3, a3, t3
core   0: 3 0x80005374 (0x03c6b6b3) x13 0x80026268
core   0: 0x80005378 (0x000004de) c.slli  s1, 23
core   0: 3 0x80005378 (0x04de) x9  0x00000000
core   0: 0x8000537a (0x340027f3) csrr    a5, mscratch
core   0: 3 0x8000537a (0x340027f3) x15 0x0000001b
core   0: 0x8000537e (0x016f37b3) sltu    a5, t5, s6
core   0: 3 0x8000537e (0x016f37b3) x15 0x00000000
core   0: 0x80005382 (0x340ad8f3) csrrwi  a7, mscratch, 21
core   0: 3 0x80005382 (0x340ad8f3) x17 0x0000001b c832_mscratch 0x00000015
core   0: 0x80005386 (0x005e3733) sltu    a4, t3, t0
core   0: 3 0x80005386 (0x005e3733) x14 0x00000001
core   0: 0x8000538a (0x34026a73) csrrsi  s4, mscratch, 4
core   0: 3 0x8000538a (0x34026a73) x20 0x00000015 c832_mscratch 0x00000015
core   0: 0x8000538e (0x000083d5) c.srli  a5, 21
core   0: 3 0x8000538e (0x83d5) x15 0x00000000
core   0: 0x80005390 (0x02edd1b3) divu    gp, s11, a4
core   0: 3 0x80005390 (0x02edd1b3) x3  0x00000282
core   0: 0x80005394 (0x34003cf3) csrrc   s9, mscratch, zero
core   0: 3 0x80005394 (0x34003cf3) x25 0x00000015
core   0: 0x80005398 (0x0000866d) c.srai  a2, 27
core   0: 3 0x80005398 (0x866d) x12 0x00000000
core   0: 0x8000539a (0x0355d233) divu    tp, a1, s5
core   0: 3 0x8000539a (0x0355d233) x4  0x00000000
core   0: 0x8000539e (0x019e7133) and     sp, t3, s9
core   0: 3 0x8000539e (0x019e7133) x2  0x00000004
core   0: 0x800053a2 (0x006df863) bgeu    s11, t1, pc + 16
core   0: 3 0x800053a2 (0x006df863)
core   0: 0x800053b2 (0x34007bf3) csrrci  s7, mscratch, 0
core   0: 3 0x800053b2 (0x34007bf3) x23 0x00000015
core   0: 0x800053b6 (0x34025673) csrrwi  a2, mscratch, 4
core   0: 3 0x800053b6 (0x34025673) x12 0x00000015 c832_mscratch 0x00000004
core   0: 0x800053ba (0x02b63533) mulhu   a0, a2, a1
core   0: 3 0x800053ba (0x02b63533) x10 0x0000000f
core   0: 0x800053be (0x036bd033) divu    zero, s7, s6
core   0: 3 0x800053be (0x036bd033)
core   0: 0x800053c2 (0x03625c33) divu    s8, tp, s6
core   0: 3 0x800053c2 (0x03625c33) x24 0xffffffff
core   0: 0x800053c6 (0x000005ba) c.slli  a1, 14
core   0: 3 0x800053c6 (0x05ba) x11 0xfeba0000
core   0: 0x800053c8 (0x02e180b3) mul     ra, gp, a4
core   0: 3 0x800053c8 (0x02e180b3) x1  0x00000282
core   0: 0x800053cc (0x0000717d) c.addi16sp sp, -16
core   0: 3 0x800053cc (0x717d) x2  0xfffffff4
core   0: 0x800053ce (0x00934db3) xor     s11, t1, s1
core   0: 3 0x800053ce (0x00934db3) x27 0x00000050
core   0: 0x800053d2 (0x340023f3) csrr    t2, mscratch
core   0: 3 0x800053d2 (0x340023f3) x7  0x00000004
core   0: 0x800053d6 (0x02e1e8b3) rem     a7, gp, a4
core   0: 3 0x800053d6 (0x02e1e8b3) x17 0x00000000
core   0: 0x800053da (0x0325d5b3) divu    a1, a1, s2
core   0: 3 0x800053da (0x0325d5b3) x11 0x00000000
core   0: 0x800053de (0x01a14633) xor     a2, sp, s10
core   0: 3 0x800053de (0x01a14633) x12 0x7ffd636c
core   0: 0x800053e2 (0x7b87a613) slti    a2, a5, 1976
core   0: 3 0x800053e2 (0x7b87a613) x12 0x00000001
core   0: 0x800053e6 (0xf7850513) addi    a0, a0, -136
core   0: 3 0x800053e6 (0xf7850513) x10 0xffffff87
core   0: 0x800053ea (0x0000098e) c.slli  s3, 3
core   0: 3 0x800053ea (0x098e) x19 0x00000000
core   0: 0x800053ec (0x00008fe5) c.and   a5, s1
core   0: 3 0x800053ec (0x8fe5) x15 0x00000000
core   0: 0x800053ee (0x03ea28b3) mulhsu  a7, s4, t5
core   0: 3 0x800053ee (0x03ea28b3) x17 0x00000000
core   0: 0x800053f2 (0xc5adaab7) lui     s5, 0xc5ada
core   0: 3 0x800053f2 (0xc5adaab7) x21 0xc5ada000
core   0: 0x800053f6 (0xf8700093) li      ra, -121
core   0: 3 0x800053f6 (0xf8700093) x1  0xffffff87
core   0: 0x800053fa (0x08558393) addi    t2, a1, 133
core   0: 3 0x800053fa (0x08558393) x7  0x00000085
core   0: 0x800053fe (0x34007d73) csrrci  s10, mscratch, 0
core   0: 3 0x800053fe (0x34007d73) x26 0x00000004
core   0: 0x80005402 (0x34007b73) csrrci  s6, mscratch, 0
core   0: 3 0x80005402 (0x34007b73) x22 0x00000004
core   0: 0x80005406 (0x0000100f) fence.i
core   0: 3 0x80005406 (0x0000100f)
core   0: 0x8000540a (0x0000ea15) c.bnez  a2, pc + 52
core   0: 3 0x8000540a (0xea15)
core   0: 0x8000543e (0x34021ff3) csrrw   t6, mscratch, tp
core   0: 3 0x8000543e (0x34021ff3) x31 0x00000004 c832_mscratch 0x00000000
core   0: 0x80005442 (0x0ff0000f) fence   iorw,iorw
core   0: 3 0x80005442 (0x0ff0000f)
core   0: 0x80005446 (0x02084763) bltz    a6, pc + 46
core   0: 3 0x80005446 (0x02084763)
core   0: 0x8000544a (0x0000064a) c.slli  a2, 18
core   0: 3 0x8000544a (0x064a) x12 0x00040000
core   0: 0x8000544c (0x01f55733) srl     a4, a0, t6
core   0: 3 0x8000544c (0x01f55733) x14 0x0ffffff8
core   0: 0x80005450 (0x760d4513) xori    a0, s10, 1888
core   0: 3 0x80005450 (0x760d4513) x10 0x00000764
core   0: 0x80005454 (0x03cbc233) div     tp, s7, t3
core   0: 3 0x80005454 (0x03cbc233) x4  0x00000000
core   0: 0x80005458 (0x00e58bb3) add     s7, a1, a4
core   0: 3 0x80005458 (0x00e58bb3) x23 0x0ffffff8
core   0: 0x8000545c (0x00008ca1) c.xor   s1, s0
core   0: 3 0x8000545c (0x8ca1) x9  0x00000000
core   0: 0x8000545e (0x340c5773) csrrwi  a4, mscratch, 24
core   0: 3 0x8000545e (0x340c5773) x14 0x00000000 c832_mscratch 0x00000018
core   0: 0x80005462 (0x03be8c33) mul     s8, t4, s11
core   0: 3 0x80005462 (0x03be8c33) x24 0x00bd9340
core   0: 0x80005466 (0xf3287a13) andi    s4, a6, -206
core   0: 3 0x80005466 (0xf3287a13) x20 0x00000000
core   0: 0x8000546a (0x00008e05) c.sub   a2, s1
core   0: 3 0x8000546a (0x8e05) x12 0x00040000
core   0: 0x8000546c (0x03df1e63) bne     t5, t4, pc + 60
core   0: 3 0x8000546c (0x03df1e63)
core   0: 0x800054a8 (0x00000001) c.nop
core   0: 3 0x800054a8 (0x0001)
core   0: 0x800054aa (0x41d407b3) sub     a5, s0, t4
core   0: 3 0x800054aa (0x41d407b3) x15 0x7ffda15c
core   0: 0x800054ae (0x0ff0000f) fence   iorw,iorw
core   0: 3 0x800054ae (0x0ff0000f)
core   0: 0x800054b2 (0x019b9563) bne     s7, s9, pc + 10
core   0: 3 0x800054b2 (0x019b9563)
core   0: 0x800054bc (0x01745693) srli    a3, s0, 23
core   0: 3 0x800054bc (0x01745693) x13 0x00000000
core   0: 0x800054c0 (0x416e5d93) srai    s11, t3, 22
core   0: 3 0x800054c0 (0x416e5d93) x27 0xfffffe00
core   0: 0x800054c4 (0x7d71c993) xori    s3, gp, 2007
core   0: 3 0x800054c4 (0x7d71c993) x19 0x00000555
core   0: 0x800054c8 (0x02d9fb63) bgeu    s3, a3, pc + 54
core   0: 3 0x800054c8 (0x02d9fb63)
core   0: 0x800054fe (0x0138dd93) srli    s11, a7, 19
core   0: 3 0x800054fe (0x0138dd93) x27 0x00000000
core   0: 0x80005502 (0x0275ba33) mulhu   s4, a1, t2
core   0: 3 0x80005502 (0x0275ba33) x20 0x00000000
core   0: 0x80005506 (0x007b9563) bne     s7, t2, pc + 10
core   0: 3 0x80005506 (0x007b9563)
core   0: 0x80005510 (0x00006ab1) c.lui   s5, 0xc
core   0: 3 0x80005510 (0x6ab1) x21 0x0000c000
core   0: 0x80005512 (0x02269663) bne     a3, sp, pc + 44
core   0: 3 0x80005512 (0x02269663)
core   0: 0x8000553e (0x023ed333) divu    t1, t4, gp
core   0: 3 0x8000553e (0x023ed333) x6  0x00330b50
core   0: 0x80005542 (0x0000c619) c.beqz  a2, pc + 14
core   0: 3 0x80005542 (0xc619)
core   0: 0x80005544 (0x012f6833) or      a6, t5, s2
core   0: 3 0x80005544 (0x012f6833) x16 0xffffffff
core   0: 0x80005548 (0x023a89b3) mul     s3, s5, gp
core   0: 3 0x80005548 (0x023a89b3) x19 0x01e18000
core   0: 0x8000554c (0x02b75133) divu    sp, a4, a1
core   0: 3 0x8000554c (0x02b75133) x2  0xffffffff
core   0: 0x80005550 (0xd2c83513) sltiu   a0, a6, -724
core   0: 3 0x80005550 (0xd2c83513) x10 0x00000000
core   0: 0x80005554 (0x00006109) c.addi16sp sp, 128
core   0: 3 0x80005554 (0x6109) x2  0x0000007f
core   0: 0x80005556 (0x0111dd93) srli    s11, gp, 17
core   0: 3 0x80005556 (0x0111dd93) x27 0x00000000
core   0: 0x8000555a (0x34006f73) csrrsi  t5, mscratch, 0
core   0: 3 0x8000555a (0x34006f73) x30 0x00000018
core   0: 0x8000555e (0x0103dcb3) srl     s9, t2, a6
core   0: 3 0x8000555e (0x0103dcb3) x25 0x00000000
core   0: 0x80005562 (0x01815693) srli    a3, sp, 24
core   0: 3 0x80005562 (0x01815693) x13 0x00000000
core   0: 0x80005566 (0x00008d45) c.or    a0, s1
core   0: 3 0x80005566 (0x8d45) x10 0x00000000
core   0: 0x80005568 (0x340e6d73) csrrsi  s10, mscratch, 28
core   0: 3 0x80005568 (0x340e6d73) x26 0x00000018 c832_mscratch 0x0000001c
core   0: 0x8000556c (0x34039c73) csrrw   s8, mscratch, t2
core   0: 3 0x8000556c (0x34039c73) x24 0x0000001c c832_mscratch 0x00000085
core   0: 0x80005570 (0x03a097b3) mulh    a5, ra, s10
core   0: 3 0x80005570 (0x03a097b3) x15 0xffffffff
core   0: 0x80005574 (0x00000f18) c.addi4spn a4, sp, 912
core   0: 3 0x80005574 (0x0f18) x14 0x0000040f
core   0: 0x80005576 (0x40c45d13) srai    s10, s0, 12
core   0: 3 0x80005576 (0x40c45d13) x26 0x00000000
core   0: 0x8000557a (0x00008ec1) c.or    a3, s0
core   0: 3 0x8000557a (0x8ec1) x13 0x00000000
core   0: 0x8000557c (0x000098fd) c.andi  s1, -1
core   0: 3 0x8000557c (0x98fd) x9  0x00000000
core   0: 0x8000557e (0x03d9b4b3) mulhu   s1, s3, t4
core   0: 3 0x8000557e (0x03d9b4b3) x9  0x00f0c475
core   0: 0x80005582 (0x340061f3) csrrsi  gp, mscratch, 0
core   0: 3 0x80005582 (0x340061f3) x3  0x00000085
core   0: 0x80005586 (0x00000001) c.nop
core   0: 3 0x80005586 (0x0001)
core   0: 0x80005588 (0x60c7e293) ori     t0, a5, 1548
core   0: 3 0x80005588 (0x60c7e293) x5  0xffffffff
core   0: 0x8000558c (0x00006761) c.lui   a4, 0x18
core   0: 3 0x8000558c (0x6761) x14 0x00018000
core   0: 0x8000558e (0x000099fd) c.andi  a1, -1
core   0: 3 0x8000558e (0x99fd) x11 0x00000000
core   0: 0x80005590 (0x00008885) c.andi  s1, 1
core   0: 3 0x80005590 (0x8885) x9  0x00000001
core   0: 0x80005592 (0x00008e39) c.xor   a2, a4
core   0: 3 0x80005592 (0x8e39) x12 0x00058000
core   0: 0x80005594 (0x00008de5) c.and   a1, s1
core   0: 3 0x80005594 (0x8de5) x11 0x00000000
core   0: 0x80005596 (0x0000c495) c.beqz  s1, pc + 44
core   0: 3 0x80005596 (0xc495)
core   0: 0x80005598 (0x01d1d363) bge     gp, t4, pc + 6
core   0: 3 0x80005598 (0x01d1d363)
core   0: 0x8000559e (0x04fbe063) bltu    s7, a5, pc + 64
core   0: 3 0x8000559e (0x04fbe063)
core   0: 0x800055de (0x025f8f63) beq     t6, t0, pc + 62
core   0: 3 0x800055de (0x025f8f63)
core   0: 0x800055e2 (0x023fa6b3) mulhsu  a3, t6, gp
core   0: 3 0x800055e2 (0x023fa6b3) x13 0x00000000
core   0: 0x800055e6 (0x00000001) c.nop
core   0: 3 0x800055e6 (0x0001)
core   0: 0x800055e8 (0x006c4663) blt     s8, t1, pc + 12
core   0: 3 0x800055e8 (0x006c4663)
core   0: 0x800055f4 (0x34007af3) csrrci  s5, mscratch, 0
core   0: 3 0x800055f4 (0x34007af3) x21 0x00000085
core   0: 0x800055f8 (0x00008cd9) c.or    s1, a4
core   0: 3 0x800055f8 (0x8cd9) x9  0x00018001
core   0: 0x800055fa (0x0234af33) mulhsu  t5, s1, gp
core   0: 3 0x800055fa (0x0234af33) x30 0x00000000
core   0: 0x800055fe (0x03ccd863) bge     s9, t3, pc + 48
core   0: 3 0x800055fe (0x03ccd863)
core   0: 0x8000562e (0x340321f3) csrrs   gp, mscratch, t1
core   0: 3 0x8000562e (0x340321f3) x3  0x00000085 c832_mscratch 0x00330bd5
core   0: 0x80005632 (0x00000c8e) c.slli  s9, 3
core   0: 3 0x80005632 (0x0c8e) x25 0x00000000
core   0: 0x80005634 (0xec759597) auipc   a1, 0xec759
core   0: 3 0x80005634 (0xec759597) x11 0x6c75e634
core   0: 0x80005638 (0x0000837e) c.mv    t1, t6
core   0: 3 0x80005638 (0x837e) x6  0x00000004
core   0: 0x8000563a (0x00008d55) c.or    a0, a3
core   0: 3 0x8000563a (0x8d55) x10 0x00000000
core   0: 0x8000563c (0x34086a73) csrrsi  s4, mscratch, 16
core   0: 3 0x8000563c (0x34086a73) x20 0x00330bd5 c832_mscratch 0x00330bd5
core   0: 0x80005640 (0x00008f39) c.xor   a4, a4
core   0: 3 0x80005640 (0x8f39) x14 0x00000000
core   0: 0x80005642 (0x00735813) srli    a6, t1, 7
core   0: 3 0x80005642 (0x00735813) x16 0x00000000
core   0: 0x80005646 (0x027addb3) divu    s11, s5, t2
core   0: 3 0x80005646 (0x027addb3) x27 0x00000001
core   0: 0x8000564a (0x03afccb3) div     s9, t6, s10
core   0: 3 0x8000564a (0x03afccb3) x25 0xffffffff
core   0: 0x8000564e (0x0118d333) srl     t1, a7, a7
core   0: 3 0x8000564e (0x0118d333) x6  0x00000000
core   0: 0x80005652 (0x40920a33) sub     s4, tp, s1
core   0: 3 0x80005652 (0x40920a33) x20 0xfffe7fff
core   0: 0x80005656 (0x72fa4813) xori    a6, s4, 1839
core   0: 3 0x80005656 (0x72fa4813) x16 0xfffe78d0
core   0: 0x8000565a (0x00008315) c.srli  a4, 5
core   0: 3 0x8000565a (0x8315) x14 0x00000000
core   0: 0x8000565c (0x0000100f) fence.i
core   0: 3 0x8000565c (0x0000100f)
core   0: 0x80005660 (0x03458cb3) mul     s9, a1, s4
core   0: 3 0x80005660 (0x03458cb3) x25 0xba3c19cc
core   0: 0x80005664 (0x0056fbb3) and     s7, a3, t0
core   0: 3 0x80005664 (0x0056fbb3) x23 0x00000000
core   0: 0x80005668 (0x03a450b3) divu    ra, s0, s10
core   0: 3 0x80005668 (0x03a450b3) x1  0xffffffff
core   0: 0x8000566c (0x00279593) slli    a1, a5, 2
core   0: 3 0x8000566c (0x00279593) x11 0xfffffffc
core   0: 0x80005670 (0x01904fb3) xor     t6, zero, s9
core   0: 3 0x80005670 (0x01904fb3) x31 0xba3c19cc
core   0: 0x80005674 (0x03e3e793) ori     a5, t2, 62
core   0: 3 0x80005674 (0x03e3e793) x15 0x000000bf
core   0: 0x80005678 (0x4021d893) srai    a7, gp, 2
core   0: 3 0x80005678 (0x4021d893) x17 0x00000021
core   0: 0x8000567c (0xa01035b7) lui     a1, 0xa0103
core   0: 3 0x8000567c (0xa01035b7) x11 0xa0103000
core   0: 0x80005680 (0xfda92093) slti    ra, s2, -38
core   0: 3 0x80005680 (0xfda92093) x1  0x00000000
core   0: 0x80005684 (0x03a3a2b3) mulhsu  t0, t2, s10
core   0: 3 0x80005684 (0x03a3a2b3) x5  0x00000000
core   0: 0x80005688 (0xe95d6713) ori     a4, s10, -363
core   0: 3 0x80005688 (0xe95d6713) x14 0xfffffe95
core   0: 0x8000568c (0x0247dc33) divu    s8, a5, tp
core   0: 3 0x8000568c (0x0247dc33) x24 0xffffffff
core   0: 0x80005690 (0x00000ff5) c.addi  t6, 29
core   0: 3 0x80005690 (0x0ff5) x31 0xba3c19e9
core   0: 0x80005692 (0x025ac933) div     s2, s5, t0
core   0: 3 0x80005692 (0x025ac933) x18 0xffffffff
core   0: 0x80005696 (0x03607d63) bgeu    zero, s6, pc + 58
core   0: 3 0x80005696 (0x03607d63)
core   0: 0x8000569a (0x000056fd) c.li    a3, -1
core   0: 3 0x8000569a (0x56fd) x13 0xffffffff
core   0: 0x8000569c (0x4127d6b3) sra     a3, a5, s2
core   0: 3 0x8000569c (0x4127d6b3) x13 0x00000000
core   0: 0x800056a0 (0x00000a0c) c.addi4spn a1, sp, 272
core   0: 3 0x800056a0 (0x0a0c) x11 0x0000018f
core   0: 0x800056a2 (0x4a1dfd93) andi    s11, s11, 1185
core   0: 3 0x800056a2 (0x4a1dfd93) x27 0x00000001
core   0: 0x800056a6 (0x000c0733) add     a4, s8, zero
core   0: 3 0x800056a6 (0x000c0733) x14 0xffffffff
core   0: 0x800056aa (0x0487f363) bgeu    a5, s0, pc + 70
core   0: 3 0x800056aa (0x0487f363)
core   0: 0x800056f0 (0x00000001) c.nop
core   0: 3 0x800056f0 (0x0001)
core   0: 0x800056f2 (0x034d1e63) bne     s10, s4, pc + 60
core   0: 3 0x800056f2 (0x034d1e63)
core   0: 0x8000572e (0x00000156) c.slli  sp, 21
core   0: 3 0x8000572e (0x0156) x2  0x0fe00000
core   0: 0x80005730 (0x00008d95) c.sub   a1, a3
core   0: 3 0x80005730 (0x8d95) x11 0x0000018f
core   0: 0x80005732 (0x34033973) csrrc   s2, mscratch, t1
core   0: 3 0x80005732 (0x34033973) x18 0x00330bd5 c832_mscratch 0x00330bd5
core   0: 0x80005736 (0x02ca1933) mulh    s2, s4, a2
core   0: 3 0x80005736 (0x02ca1933) x18 0xfffffff7
core   0: 0x8000573a (0x0ff0000f) fence   iorw,iorw
core   0: 3 0x8000573a (0x0ff0000f)
core   0: 0x8000573e (0x005b5f33) srl     t5, s6, t0
core   0: 3 0x8000573e (0x005b5f33) x30 0x00000004
core   0: 0x80005742 (0x00009bfd) c.andi  a5, -1
core   0: 3 0x80005742 (0x9bfd) x15 0x000000bf
core   0: 0x80005744 (0x00c36863) bltu    t1, a2, pc + 16
core   0: 3 0x80005744 (0x00c36863)
core   0: 0x80005754 (0x000066f1) c.lui   a3, 0x1c
core   0: 3 0x80005754 (0x66f1) x13 0x0001c000
core   0: 0x80005756 (0x0270b933) mulhu   s2, ra, t2
core   0: 3 0x80005756 (0x0270b933) x18 0x00000000
core   0: 0x8000575a (0xc6140713) addi    a4, s0, -927
core   0: 3 0x8000575a (0xc6140713) x14 0xfffffc61
core   0: 0x8000575e (0x023fa5b3) mulhsu  a1, t6, gp
core   0: 3 0x8000575e (0x023fa5b3) x11 0xffffffdb
core   0: 0x80005762 (0x3402db73) csrrwi  s6, mscratch, 5
core   0: 3 0x80005762 (0x3402db73) x22 0x00330bd5 c832_mscratch 0x00000005
core   0: 0x80005766 (0x01941263) bne     s0, s9, pc + 4
core   0: 3 0x80005766 (0x01941263)
core   0: 0x8000576a (0x01acca33) xor     s4, s9, s10
core   0: 3 0x8000576a (0x01acca33) x20 0xba3c19cc
core   0: 0x8000576e (0x00966a63) bltu    a2, s1, pc + 20
core   0: 3 0x8000576e (0x00966a63)
core   0: 0x80005772 (0x008d9793) slli    a5, s11, 8
core   0: 3 0x80005772 (0x008d9793) x15 0x00000100
core   0: 0x80005776 (0xed85f817) auipc   a6, 0xed85f
core   0: 3 0x80005776 (0xed85f817) x16 0x6d864776
core   0: 0x8000577a (0x039f1633) mulh    a2, t5, s9
core   0: 3 0x8000577a (0x039f1633) x12 0xfffffffe
core   0: 0x8000577e (0x414701b3) sub     gp, a4, s4
core   0: 3 0x8000577e (0x414701b3) x3  0x45c3e295
core   0: 0x80005782 (0x00000001) c.nop
core   0: 3 0x80005782 (0x0001)
core   0: 0x80005784 (0x34002f73) csrr    t5, mscratch
core   0: 3 0x80005784 (0x34002f73) x30 0x00000005
core   0: 0x80005788 (0x00008d3d) c.xor   a0, a5
core   0: 3 0x80005788 (0x8d3d) x10 0x00000100
core   0: 0x8000578a (0x0495d163) bge     a1, s1, pc + 66
core   0: 3 0x8000578a (0x0495d163)
core   0: 0x8000578e (0x40948b33) sub     s6, s1, s1
core   0: 3 0x8000578e (0x40948b33) x22 0x00000000
core   0: 0x80005792 (0x02b138b3) mulhu   a7, sp, a1
core   0: 3 0x80005792 (0x02b138b3) x17 0x0fdffffd
core   0: 0x80005796 (0x00008689) c.srai  a3, 2
core   0: 3 0x80005796 (0x8689) x13 0x00007000
core   0: 0x80005798 (0x000082ae) c.mv    t0, a1
core   0: 3 0x80005798 (0x82ae) x5  0xffffffdb
core   0: 0x8000579a (0x000087fd) c.srai  a5, 31
core   0: 3 0x8000579a (0x87fd) x15 0x00000000
core   0: 0x8000579c (0x01849a63) bne     s1, s8, pc + 20
core   0: 3 0x8000579c (0x01849a63)
core   0: 0x800057b0 (0x00235663) bge     t1, sp, pc + 12
core   0: 3 0x800057b0 (0x00235663)
core   0: 0x800057b4 (0x00916c63) bltu    sp, s1, pc + 24
core   0: 3 0x800057b4 (0x00916c63)
core   0: 0x800057b8 (0x00006675) c.lui   a2, 0x1d
core   0: 3 0x800057b8 (0x6675) x12 0x0001d000
core   0: 0x800057ba (0x00008acd) c.andi  a3, 19
core   0: 3 0x800057ba (0x8acd) x13 0x00000000
core   0: 0x800057bc (0x036ca533) mulhsu  a0, s9, s6
core   0: 3 0x800057bc (0x036ca533) x10 0x00000000
core   0: 0x800057c0 (0x40aad733) sra     a4, s5, a0
core   0: 3 0x800057c0 (0x40aad733) x14 0x00000085
core   0: 0x800057c4 (0x41280fb3) sub     t6, a6, s2
core   0: 3 0x800057c4 (0x41280fb3) x31 0x6d864776
core   0: 0x800057c8 (0x0190ba33) sltu    s4, ra, s9
core   0: 3 0x800057c8 (0x0190ba33) x20 0x00000001
core   0: 0x800057cc (0x00000696) c.slli  a3, 5
core   0: 3 0x800057cc (0x0696) x13 0x00000000
core   0: 0x800057ce (0x00aadc13) srli    s8, s5, 10
core   0: 3 0x800057ce (0x00aadc13) x24 0x00000000
core   0: 0x800057d2 (0x0246c6b3) div     a3, a3, tp
core   0: 3 0x800057d2 (0x0246c6b3) x13 0xffffffff
core   0: 0x800057d6 (0x40c48933) sub     s2, s1, a2
core   0: 3 0x800057d6 (0x40c48933) x18 0xffffb001
core   0: 0x800057da (0x00009a4e) c.add   s4, s3
core   0: 3 0x800057da (0x9a4e) x20 0x01e18001
core   0: 0x800057dc (0x0000997d) c.andi  a0, -1
core   0: 3 0x800057dc (0x997d) x10 0x00000000
core   0: 0x800057de (0x0000937a) c.add   t1, t5
core   0: 3 0x800057de (0x937a) x6  0x00000005
core   0: 0x800057e0 (0x000086e9) c.srai  a3, 26
core   0: 3 0x800057e0 (0x86e9) x13 0xffffffff
core   0: 0x800057e2 (0x037a8863) beq     s5, s7, pc + 48
core   0: 3 0x800057e2 (0x037a8863)
core   0: 0x800057e6 (0x34007b73) csrrci  s6, mscratch, 0
core   0: 3 0x800057e6 (0x34007b73) x22 0x00000005
core   0: 0x800057ea (0x00008e05) c.sub   a2, s1
core   0: 3 0x800057ea (0x8e05) x12 0x00004fff
core   0: 0x800057ec (0x030de4b3) rem     s1, s11, a6
core   0: 3 0x800057ec (0x030de4b3) x9  0x00000001
core   0: 0x800057f0 (0x0000c719) c.beqz  a4, pc + 14
core   0: 3 0x800057f0 (0xc719)
core   0: 0x800057f2 (0x03797cb3) remu    s9, s2, s7
core   0: 3 0x800057f2 (0x03797cb3) x25 0xffffb001
core   0: 0x800057f6 (0x90b26113) ori     sp, tp, -1781
core   0: 3 0x800057f6 (0x90b26113) x2  0xfffff90b
core   0: 0x800057fa (0x0ff0000f) fence   iorw,iorw
core   0: 3 0x800057fa (0x0ff0000f)
core   0: 0x800057fe (0x00000c1a) c.slli  s8, 6
core   0: 3 0x800057fe (0x0c1a) x24 0x00000000
core   0: 0x80005800 (0x000083b1) c.srli  a5, 12
core   0: 3 0x80005800 (0x83b1) x15 0x00000000
core   0: 0x80005802 (0x340a3ff3) csrrc   t6, mscratch, s4
core   0: 3 0x80005802 (0x340a3ff3) x31 0x00000005 c832_mscratch 0x00000004
core   0: 0x80005806 (0x036eeb63) bltu    t4, s6, pc + 54
core   0: 3 0x80005806 (0x036eeb63)
core   0: 0x8000580a (0x00000001) c.nop
core   0: 3 0x8000580a (0x0001)
core   0: 0x8000580c (0x0000817d) c.srli  a0, 31
core   0: 3 0x8000580c (0x817d) x10 0x00000000
core   0: 0x8000580e (0x0000100f) fence.i
core   0: 3 0x8000580e (0x0000100f)
core   0: 0x80005812 (0x00001cfd) c.addi  s9, -1
core   0: 3 0x80005812 (0x1cfd) x25 0xffffb000
core   0: 0x80005814 (0x0000c211) c.beqz  a2, pc + 4
core   0: 3 0x80005814 (0xc211)
core   0: 0x80005816 (0x00000001) c.nop
core   0: 3 0x80005816 (0x0001)
core   0: 0x80005818 (0x00000001) c.nop
core   0: 3 0x80005818 (0x0001)
core   0: 0x8000581a (0xa227a137) lui     sp, 0xa227a
core   0: 3 0x8000581a (0xa227a137) x2  0xa227a000
core   0: 0x8000581e (0x40325833) sra     a6, tp, gp
core   0: 3 0x8000581e (0x40325833) x16 0x00000000
core   0: 0x80005822 (0x006c1033) sll     zero, s8, t1
core   0: 3 0x80005822 (0x006c1033)
core   0: 0x80005826 (0xf9a8b513) sltiu   a0, a7, -102
core   0: 3 0x80005826 (0xf9a8b513) x10 0x00000001
core   0: 0x8000582a (0x00008639) c.srai  a2, 14
core   0: 3 0x8000582a (0x8639) x12 0x00000001
core   0: 0x8000582c (0x8cff3713) sltiu   a4, t5, -1841
core   0: 3 0x8000582c (0x8cff3713) x14 0x00000001
core   0: 0x80005830 (0x00121f33) sll     t5, tp, ra
core   0: 3 0x80005830 (0x00121f33) x30 0x00000000
core   0: 0x80005834 (0x0000100f) fence.i
core   0: 3 0x80005834 (0x0000100f)
core   0: 0x80005838 (0x011278b3) and     a7, tp, a7
core   0: 3 0x80005838 (0x011278b3) x17 0x00000000
core   0: 0x8000583c (0x024d5c63) bge     s10, tp, pc + 56
core   0: 3 0x8000583c (0x024d5c63)
core   0: 0x80005874 (0x024882b3) mul     t0, a7, tp
core   0: 3 0x80005874 (0x024882b3) x5  0x00000000
core   0: 0x80005878 (0x0202d633) divu    a2, t0, zero
core   0: 3 0x80005878 (0x0202d633) x12 0xffffffff
core   0: 0x8000587c (0x00000606) c.slli  a2, 1
core   0: 3 0x8000587c (0x0606) x12 0xfffffffe
core   0: 0x8000587e (0x575cba13) sltiu   s4, s9, 1397
core   0: 3 0x8000587e (0x575cba13) x20 0x00000000
core   0: 0x80005882 (0x0000cd05) c.beqz  a0, pc + 56
core   0: 3 0x80005882 (0xcd05)
core   0: 0x80005884 (0x00008f05) c.sub   a4, s1
core   0: 3 0x80005884 (0x8f05) x14 0x00000000
core   0: 0x80005886 (0x0000cb11) c.beqz  a4, pc + 20
core   0: 3 0x80005886 (0xcb11)
core   0: 0x8000589a (0x03710963) beq     sp, s7, pc + 50
core   0: 3 0x8000589a (0x03710963)
core   0: 0x8000589e (0x00000001) c.nop
core   0: 3 0x8000589e (0x0001)
core   0: 0x800058a0 (0x007f7463) bgeu    t5, t2, pc + 8
core   0: 3 0x800058a0 (0x007f7463)
core   0: 0x800058a4 (0x34007173) csrrci  sp, mscratch, 0
core   0: 3 0x800058a4 (0x34007173) x2  0x00000004
core   0: 0x800058a8 (0x00006cb1) c.lui   s9, 0xc
core   0: 3 0x800058a8 (0x6cb1) x25 0x0000c000
core   0: 0x800058aa (0x0300e533) rem     a0, ra, a6
core   0: 3 0x800058aa (0x0300e533) x10 0x00000000
core   0: 0x800058ae (0x036e33b3) mulhu   t2, t3, s6
core   0: 3 0x800058ae (0x036e33b3) x7  0x00000002
core   0: 0x800058b2 (0x03e92633) mulhsu  a2, s2, t5
core   0: 3 0x800058b2 (0x03e92633) x12 0x00000000
core   0: 0x800058b6 (0x0350bbb3) mulhu   s7, ra, s5
core   0: 3 0x800058b6 (0x0350bbb3) x23 0x00000000
core   0: 0x800058ba (0x0000e515) c.bnez  a0, pc + 44
core   0: 3 0x800058ba (0xe515)
core   0: 0x800058bc (0x02c03333) mulhu   t1, zero, a2
core   0: 3 0x800058bc (0x02c03333) x6  0x00000000
core   0: 0x800058c0 (0x1be62c93) slti    s9, a2, 446
core   0: 3 0x800058c0 (0x1be62c93) x25 0x00000001
core   0: 0x800058c4 (0x0254a933) mulhsu  s2, s1, t0
core   0: 3 0x800058c4 (0x0254a933) x18 0x00000000
core   0: 0x800058c8 (0x00756a33) or      s4, a0, t2
core   0: 3 0x800058c8 (0x00756a33) x20 0x00000002
core   0: 0x800058cc (0x00008f99) c.sub   a5, a4
core   0: 3 0x800058cc (0x8f99) x15 0x00000000
core   0: 0x800058ce (0x1affc813) xori    a6, t6, 431
core   0: 3 0x800058ce (0x1affc813) x16 0x000001aa
core   0: 0x800058d2 (0x01189b13) slli    s6, a7, 17
core   0: 3 0x800058d2 (0x01189b13) x22 0x00000000
core   0: 0x800058d6 (0x00008e59) c.or    a2, a4
core   0: 3 0x800058d6 (0x8e59) x12 0x00000000
core   0: 0x800058d8 (0x033479b3) remu    s3, s0, s3
core   0: 3 0x800058d8 (0x033479b3) x19 0x00000000
core   0: 0x800058dc (0x340f3ff3) csrrc   t6, mscratch, t5
core   0: 3 0x800058dc (0x340f3ff3) x31 0x00000004 c832_mscratch 0x00000004
core   0: 0x800058e0 (0x0000048d) c.addi  s1, 3
core   0: 3 0x800058e0 (0x048d) x9  0x00000004
core   0: 0x800058e2 (0x03141063) bne     s0, a7, pc + 32
core   0: 3 0x800058e2 (0x03141063)
core   0: 0x800058e6 (0x000089e1) c.andi  a1, 24
core   0: 3 0x800058e6 (0x89e1) x11 0x00000018
core   0: 0x800058e8 (0x01676763) bltu    a4, s6, pc + 14
core   0: 3 0x800058e8 (0x01676763)
core   0: 0x800058ec (0x0055b2b3) sltu    t0, a1, t0
core   0: 3 0x800058ec (0x0055b2b3) x5  0x00000000
core   0: 0x800058f0 (0x018261b3) or      gp, tp, s8
core   0: 3 0x800058f0 (0x018261b3) x3  0x00000000
core   0: 0x800058f4 (0x00008f12) c.mv    t5, tp
core   0: 3 0x800058f4 (0x8f12) x30 0x00000000
core   0: 0x800058f6 (0x4192d793) srai    a5, t0, 25
core   0: 3 0x800058f6 (0x4192d793) x15 0x00000000
core   0: 0x800058fa (0x00009ba6) c.add   s7, s1
core   0: 3 0x800058fa (0x9ba6) x23 0x00000004
core   0: 0x800058fc (0x40d35d93) srai    s11, t1, 13
core   0: 3 0x800058fc (0x40d35d93) x27 0x00000000
core   0: 0x80005900 (0x00000b4e) c.slli  s6, 19
core   0: 3 0x80005900 (0x0b4e) x22 0x00000000
core   0: 0x80005902 (0x000005aa) c.slli  a1, 10
core   0: 3 0x80005902 (0x05aa) x11 0x00006000
core   0: 0x80005904 (0x012bd6b3) srl     a3, s7, s2
core   0: 3 0x80005904 (0x012bd6b3) x13 0x00000004
core   0: 0x80005908 (0x51af8c13) addi    s8, t6, 1306
core   0: 3 0x80005908 (0x51af8c13) x24 0x0000051e
core   0: 0x8000590c (0x00008f35) c.xor   a4, a3
core   0: 3 0x8000590c (0x8f35) x14 0x00000004
core   0: 0x8000590e (0x000096f6) c.add   a3, t4
core   0: 3 0x8000590e (0x96f6) x13 0x80025ea8
core   0: 0x80005910 (0x01759193) slli    gp, a1, 23
core   0: 3 0x80005910 (0x01759193) x3  0x00000000
core   0: 0x80005914 (0xe0a9f213) andi    tp, s3, -502
core   0: 3 0x80005914 (0xe0a9f213) x4  0x00000000
core   0: 0x80005918 (0x50038093) addi    ra, t2, 1280
core   0: 3 0x80005918 (0x50038093) x1  0x00000502
core   0: 0x8000591c (0x05769363) bne     a3, s7, pc + 70
core   0: 3 0x8000591c (0x05769363)
core   0: 0x80005962 (0x415fdbb3) sra     s7, t6, s5
core   0: 3 0x80005962 (0x415fdbb3) x23 0x00000000
core   0: 0x80005966 (0x00008952) c.mv    s2, s4
core   0: 3 0x80005966 (0x8952) x18 0x00000002
core   0: 0x80005968 (0x00009a7d) c.andi  a2, -1
core   0: 3 0x80005968 (0x9a7d) x12 0x00000000
core   0: 0x8000596a (0x00dd5113) srli    sp, s10, 13
core   0: 3 0x8000596a (0x00dd5113) x2  0x00000000
core   0: 0x8000596e (0x0081a833) slt     a6, gp, s0
core   0: 3 0x8000596e (0x0081a833) x16 0x00000000
core   0: 0x80005972 (0x000066b9) c.lui   a3, 0xe
core   0: 3 0x80005972 (0x66b9) x13 0x0000e000
core   0: 0x80005974 (0x4b3fe3b7) lui     t2, 0x4b3fe
core   0: 3 0x80005974 (0x4b3fe3b7) x7  0x4b3fe000
core   0: 0x80005978 (0x0208b6b3) mulhu   a3, a7, zero
core   0: 3 0x80005978 (0x0208b6b3) x13 0x00000000
core   0: 0x8000597c (0x34003d73) csrrc   s10, mscratch, zero
core   0: 3 0x8000597c (0x34003d73) x26 0x00000004
core   0: 0x80005980 (0x6e68e113) ori     sp, a7, 1766
core   0: 3 0x80005980 (0x6e68e113) x2  0x000006e6
core   0: 0x80005984 (0x00f2bcb3) sltu    s9, t0, a5
core   0: 3 0x80005984 (0x00f2bcb3) x25 0x00000000
core   0: 0x80005988 (0xa0b5f593) andi    a1, a1, -1525
core   0: 3 0x80005988 (0xa0b5f593) x11 0x00006000
core   0: 0x8000598c (0x0370ca33) div     s4, ra, s7
core   0: 3 0x8000598c (0x0370ca33) x20 0xffffffff
core   0: 0x80005990 (0x00cbc5b3) xor     a1, s7, a2
core   0: 3 0x80005990 (0x00cbc5b3) x11 0x00000000
core   0: 0x80005994 (0x038191b3) mulh    gp, gp, s8
core   0: 3 0x80005994 (0x038191b3) x3  0x00000000
core   0: 0x80005998 (0xc3d2fb17) auipc   s6, 0xc3d2f
core   0: 3 0x80005998 (0xc3d2fb17) x22 0x43d34998
core   0: 0x8000599c (0x039dc763) blt     s11, s9, pc + 46
core   0: 3 0x8000599c (0x039dc763)
core   0: 0x800059a0 (0x005e9563) bne     t4, t0, pc + 10
core   0: 3 0x800059a0 (0x005e9563)
core   0: 0x800059aa (0x404ad833) sra     a6, s5, tp
core   0: 3 0x800059aa (0x404ad833) x16 0x00000085
core   0: 0x800059ae (0x02bb4c33) div     s8, s6, a1
core   0: 3 0x800059ae (0x02bb4c33) x24 0xffffffff
core   0: 0x800059b2 (0x000082fd) c.srli  a3, 31
core   0: 3 0x800059b2 (0x82fd) x13 0x00000000
core   0: 0x800059b4 (0x340893f3) csrrw   t2, mscratch, a7
core   0: 3 0x800059b4 (0x340893f3) x7  0x00000004 c832_mscratch 0x00000000
core   0: 0x800059b8 (0x00001904) c.addi4spn s1, sp, 176
core   0: 3 0x800059b8 (0x1904) x9  0x00000796
core   0: 0x800059ba (0x018e07b3) add     a5, t3, s8
core   0: 3 0x800059ba (0x018e07b3) x15 0x80029d23
core   0: 0x800059be (0x00008f76) c.mv    t5, t4
core   0: 3 0x800059be (0x8f76) x30 0x80025ea4
core   0: 0x800059c0 (0x00006155) c.addi16sp sp, 304
core   0: 3 0x800059c0 (0x6155) x2  0x00000816
core   0: 0x800059c2 (0x03e7dd33) divu    s10, a5, t5
core   0: 3 0x800059c2 (0x03e7dd33) x26 0x00000001
core   0: 0x800059c6 (0x9f414193) xori    gp, sp, -1548
core   0: 3 0x800059c6 (0x9f414193) x3  0xfffff1e2
core   0: 0x800059ca (0x02584963) blt     a6, t0, pc + 50
core   0: 3 0x800059ca (0x02584963)
core   0: 0x800059ce (0xc0e5db97) auipc   s7, 0xc0e5d
core   0: 3 0x800059ce (0xc0e5db97) x23 0x40e629ce
core   0: 0x800059d2 (0x00000001) c.nop
core   0: 3 0x800059d2 (0x0001)
core   0: 0x800059d4 (0x340058f3) csrrwi  a7, mscratch, 0
core   0: 3 0x800059d4 (0x340058f3) x17 0x00000000 c832_mscratch 0x00000000
core   0: 0x800059d8 (0x0000ce8d) c.beqz  a3, pc + 58
core   0: 3 0x800059d8 (0xce8d)
core   0: 0x80005a12 (0x340074f3) csrrci  s1, mscratch, 0
core   0: 3 0x80005a12 (0x340074f3) x9  0x00000000
core   0: 0x80005a16 (0x00008485) c.srai  s1, 1
core   0: 3 0x80005a16 (0x8485) x9  0x00000000
core   0: 0x80005a18 (0x41e60a33) sub     s4, a2, t5
core   0: 3 0x80005a18 (0x41e60a33) x20 0x7ffda15c
core   0: 0x80005a1c (0x406d09b3) sub     s3, s10, t1
core   0: 3 0x80005a1c (0x406d09b3) x19 0x00000001
core   0: 0x80005a20 (0x000015fd) c.addi  a1, -1
core   0: 3 0x80005a20 (0x15fd) x11 0xffffffff
core   0: 0x80005a22 (0x00008ea5) c.xor   a3, s1
core   0: 3 0x80005a22 (0x8ea5) x13 0x00000000
core   0: 0x80005a24 (0x00791033) sll     zero, s2, t2
core   0: 3 0x80005a24 (0x00791033)
core   0: 0x80005a28 (0x340062f3) csrrsi  t0, mscratch, 0
core   0: 3 0x80005a28 (0x340062f3) x5  0x00000000
core   0: 0x80005a2c (0xe8cfaa13) slti    s4, t6, -372
core   0: 3 0x80005a2c (0xe8cfaa13) x20 0x00000000
core   0: 0x80005a30 (0x34046173) csrrsi  sp, mscratch, 8
core   0: 3 0x80005a30 (0x34046173) x2  0x00000000 c832_mscratch 0x00000008
core   0: 0x80005a34 (0x00008d65) c.and   a0, s1
core   0: 3 0x80005a34 (0x8d65) x10 0x00000000
core   0: 0x80005a36 (0x013677b3) and     a5, a2, s3
core   0: 3 0x80005a36 (0x013677b3) x15 0x00000000
core   0: 0x80005a3a (0x00000372) c.slli  t1, 28
core   0: 3 0x80005a3a (0x0372) x6  0x00000000
core   0: 0x80005a3c (0xc4603f93) sltiu   t6, zero, -954
core   0: 3 0x80005a3c (0xc4603f93) x31 0x00000001
core   0: 0x80005a40 (0x00008216) c.mv    tp, t0
core   0: 3 0x80005a40 (0x8216) x4  0x00000000
core   0: 0x80005a42 (0x0062dd63) bge     t0, t1, pc + 26
core   0: 3 0x80005a42 (0x0062dd63)
core   0: 0x80005a5c (0x00008e09) c.sub   a2, a0
core   0: 3 0x80005a5c (0x8e09) x12 0x00000000
core   0: 0x80005a5e (0x0062c733) xor     a4, t0, t1
core   0: 3 0x80005a5e (0x0062c733) x14 0x00000000
core   0: 0x80005a62 (0x00006c61) c.lui   s8, 0x18
core   0: 3 0x80005a62 (0x6c61) x24 0x00018000
core   0: 0x80005a64 (0x0000717d) c.addi16sp sp, -16
core   0: 3 0x80005a64 (0x717d) x2  0xfffffff0
core   0: 0x80005a66 (0x15dc6993) ori     s3, s8, 349
core   0: 3 0x80005a66 (0x15dc6993) x19 0x0001815d
core   0: 0x80005a6a (0x021861b3) rem     gp, a6, ra
core   0: 3 0x80005a6a (0x021861b3) x3  0x00000085
core   0: 0x80005a6e (0xeaae3337) lui     t1, 0xeaae3
core   0: 3 0x80005a6e (0xeaae3337) x6  0xeaae3000
core   0: 0x80005a72 (0x0000ed85) c.bnez  a1, pc + 56
core   0: 3 0x80005a72 (0xed85)
core   0: 0x80005aaa (0x0287d533) divu    a0, a5, s0
core   0: 3 0x80005aaa (0x0287d533) x10 0xffffffff
core   0: 0x80005aae (0x00d39f13) slli    t5, t2, 13
core   0: 3 0x80005aae (0x00d39f13) x30 0x00008000
core   0: 0x80005ab2 (0x0000717d) c.addi16sp sp, -16
core   0: 3 0x80005ab2 (0x717d) x2  0xffffffe0
core   0: 0x80005ab4 (0x062f1fb7) lui     t6, 0x62f1
core   0: 3 0x80005ab4 (0x062f1fb7) x31 0x062f1000
core   0: 0x80005ab8 (0x0185c133) xor     sp, a1, s8
core   0: 3 0x80005ab8 (0x0185c133) x2  0xfffe7fff
core   0: 0x80005abc (0x0174c3b3) xor     t2, s1, s7
core   0: 3 0x80005abc (0x0174c3b3) x7  0x40e629ce
core   0: 0x80005ac0 (0xe9d4b993) sltiu   s3, s1, -355
core   0: 3 0x80005ac0 (0xe9d4b993) x19 0x00000001
core   0: 0x80005ac4 (0x03189263) bne     a7, a7, pc + 36
core   0: 3 0x80005ac4 (0x03189263)
core   0: 0x80005ac8 (0x4f11f197) auipc   gp, 0x4f11f
core   0: 3 0x80005ac8 (0x4f11f197) x3  0xcf124ac8
core   0: 0x80005acc (0x00006cd1) c.lui   s9, 0x14
core   0: 3 0x80005acc (0x6cd1) x25 0x00014000
core   0: 0x80005ace (0x02265633) divu    a2, a2, sp
core   0: 3 0x80005ace (0x02265633) x12 0x00000000
core   0: 0x80005ad2 (0x00008d9e) c.mv    s11, t2
core   0: 3 0x80005ad2 (0x8d9e) x27 0x40e629ce
core   0: 0x80005ad4 (0x03f51c63) bne     a0, t6, pc + 56
core   0: 3 0x80005ad4 (0x03f51c63)
core   0: 0x80005b0c (0x037a9963) bne     s5, s7, pc + 50
core   0: 3 0x80005b0c (0x037a9963)
core   0: 0x80005b3e (0x0292eab3) rem     s5, t0, s1
core   0: 3 0x80005b3e (0x0292eab3) x21 0x00000000
core   0: 0x80005b42 (0x41e0d4b3) sra     s1, ra, t5
core   0: 3 0x80005b42 (0x41e0d4b3) x9  0x00000502
core   0: 0x80005b46 (0x027950b3) divu    ra, s2, t2
core   0: 3 0x80005b46 (0x027950b3) x1  0x00000000
core   0: 0x80005b4a (0x00006911) c.lui   s2, 0x4
core   0: 3 0x80005b4a (0x6911) x18 0x00004000
core   0: 0x80005b4c (0x37caea17) auipc   s4, 0x37cae
core   0: 3 0x80005b4c (0x37caea17) x20 0xb7cb3b4c
core   0: 0x80005b50 (0x000080f1) c.srli  s1, 28
core   0: 3 0x80005b50 (0x80f1) x9  0x00000000
core   0: 0x80005b52 (0x34002ff3) csrr    t6, mscratch
core   0: 3 0x80005b52 (0x34002ff3) x31 0x00000008
core   0: 0x80005b56 (0x00021863) bnez    tp, pc + 16
core   0: 3 0x80005b56 (0x00021863)
core   0: 0x80005b5a (0x02f203b3) mul     t2, tp, a5
core   0: 3 0x80005b5a (0x02f203b3) x7  0x00000000
core   0: 0x80005b5e (0x41b00fb3) sub     t6, zero, s11
core   0: 3 0x80005b5e (0x41b00fb3) x31 0xbf19d632
core   0: 0x80005b62 (0x00008fbd) c.xor   a5, a5
core   0: 3 0x80005b62 (0x8fbd) x15 0x00000000
core   0: 0x80005b64 (0x00008d6d) c.and   a0, a1
core   0: 3 0x80005b64 (0x8d6d) x10 0xffffffff
core   0: 0x80005b66 (0x34002bf3) csrr    s7, mscratch
core   0: 3 0x80005b66 (0x34002bf3) x23 0x00000008
core   0: 0x80005b6a (0x917b9b97) auipc   s7, 0x917b9
core   0: 3 0x80005b6a (0x917b9b97) x23 0x117beb6a
core   0: 0x80005b6e (0x0d627163) bgeu    tp, s6, pc + 194
core   0: 3 0x80005b6e (0x0d627163)
core   0: 0x80005b72 (0x17158993) addi    s3, a1, 369
core   0: 3 0x80005b72 (0x17158993) x19 0x00000170
core   0: 0x80005b76 (0x340659f3) csrrwi  s3, mscratch, 12
core   0: 3 0x80005b76 (0x340659f3) x19 0x00000008 c832_mscratch 0x0000000c
core   0: 0x80005b7a (0x0dd7e963) bltu    a5, t4, pc + 210
core   0: 3 0x80005b7a (0x0dd7e963)
core   0: 0x80005c4c (0x00d31033) sll     zero, t1, a3
core   0: 3 0x80005c4c (0x00d31033)
core   0: 0x80005c50 (0x00006fe1) c.lui   t6, 0x18
core   0: 3 0x80005c50 (0x6fe1) x31 0x00018000
core   0: 0x80005c52 (0x00008695) c.srai  a3, 5
core   0: 3 0x80005c52 (0x8695) x13 0x00000000
core   0: 0x80005c54 (0x00000bc9) c.addi  s7, 18
core   0: 3 0x80005c54 (0x0bc9) x23 0x117beb7c
core   0: 0x80005c56 (0x007c19b3) sll     s3, s8, t2
core   0: 3 0x80005c56 (0x007c19b3) x19 0x00018000
core   0: 0x80005c5a (0x419a81b3) sub     gp, s5, s9
core   0: 3 0x80005c5a (0x419a81b3) x3  0xfffec000
core   0: 0x80005c5e (0x41910db3) sub     s11, sp, s9
core   0: 3 0x80005c5e (0x41910db3) x27 0xfffd3fff
core   0: 0x80005c62 (0x340027f3) csrr    a5, mscratch
core   0: 3 0x80005c62 (0x340027f3) x15 0x0000000c
core   0: 0x80005c66 (0x015e8f33) add     t5, t4, s5
core   0: 3 0x80005c66 (0x015e8f33) x30 0x80025ea4
core   0: 0x80005c6a (0x00000f2e) c.slli  t5, 11
core   0: 3 0x80005c6a (0x0f2e) x30 0x12f52000
core   0: 0x80005c6c (0x0000717d) c.addi16sp sp, -16
core   0: 3 0x80005c6c (0x717d) x2  0xfffe7fef
core   0: 0x80005c6e (0x34057273) csrrci  tp, mscratch, 10
core   0: 3 0x80005c6e (0x34057273) x4  0x0000000c c832_mscratch 0x00000004
core   0: 0x80005c72 (0x0135c963) blt     a1, s3, pc + 18
core   0: 3 0x80005c72 (0x0135c963)
core   0: 0x80005c84 (0x0000e619) c.bnez  a2, pc + 14
core   0: 3 0x80005c84 (0xe619)
core   0: 0x80005c86 (0x02138bb3) mul     s7, t2, ra
core   0: 3 0x80005c86 (0x02138bb3) x23 0x00000000
core   0: 0x80005c8a (0x02434633) div     a2, t1, tp
core   0: 3 0x80005c8a (0x02434633) x12 0xfe392eab
core   0: 0x80005c8e (0x03f67863) bgeu    a2, t6, pc + 48
core   0: 3 0x80005c8e (0x03f67863)
core   0: 0x80005cbe (0x0180fb33) and     s6, ra, s8
core   0: 3 0x80005cbe (0x0180fb33) x22 0x00000000
core   0: 0x80005cc2 (0x045c0263) beq     s8, t0, pc + 68
core   0: 3 0x80005cc2 (0x045c0263)
core   0: 0x80005cc6 (0x34002a73) csrr    s4, mscratch
core   0: 3 0x80005cc6 (0x34002a73) x20 0x00000004
core   0: 0x80005cca (0x00cd3b33) sltu    s6, s10, a2
core   0: 3 0x80005cca (0x00cd3b33) x22 0x00000001
core   0: 0x80005cce (0x0000ef85) c.bnez  a5, pc + 56
core   0: 3 0x80005cce (0xef85)
core   0: 0x80005d06 (0x0031d663) bge     gp, gp, pc + 12
core   0: 3 0x80005d06 (0x0031d663)
core   0: 0x80005d12 (0x340df9f3) csrrci  s3, mscratch, 27
core   0: 3 0x80005d12 (0x340df9f3) x19 0x00000004 c832_mscratch 0x00000004
core   0: 0x80005d16 (0x033e09b3) mul     s3, t3, s3
core   0: 3 0x80005d16 (0x033e09b3) x19 0x000a7490
core   0: 0x80005d1a (0x00009bee) c.add   s7, s11
core   0: 3 0x80005d1a (0x9bee) x23 0xfffd3fff
core   0: 0x80005d1c (0x000007a2) c.slli  a5, 8
core   0: 3 0x80005d1c (0x07a2) x15 0x00000c00
core   0: 0x80005d1e (0x00360763) beq     a2, gp, pc + 14
core   0: 3 0x80005d1e (0x00360763)
core   0: 0x80005d22 (0x000098fd) c.andi  s1, -1
core   0: 3 0x80005d22 (0x98fd) x9  0x00000000
core   0: 0x80005d24 (0x41d85ab3) sra     s5, a6, t4
core   0: 3 0x80005d24 (0x41d85ab3) x21 0x00000008
core   0: 0x80005d28 (0x001dfab3) and     s5, s11, ra
core   0: 3 0x80005d28 (0x001dfab3) x21 0x00000000
core   0: 0x80005d2c (0x01696333) or      t1, s2, s6
core   0: 3 0x80005d2c (0x01696333) x6  0x00004001
core   0: 0x80005d30 (0x01cb4263) blt     s6, t3, pc + 4
core   0: 3 0x80005d30 (0x01cb4263)
core   0: 0x80005d34 (0x000061ad) c.lui   gp, 0xb
core   0: 3 0x80005d34 (0x61ad) x3  0x0000b000
core   0: 0x80005d36 (0x02624633) div     a2, tp, t1
core   0: 3 0x80005d36 (0x02624633) x12 0x00000000
core   0: 0x80005d3a (0x00e276b3) and     a3, tp, a4
core   0: 3 0x80005d3a (0x00e276b3) x13 0x00000000
core   0: 0x80005d3e (0x03176c33) rem     s8, a4, a7
core   0: 3 0x80005d3e (0x03176c33) x24 0x00000000
core   0: 0x80005d42 (0x0000c681) c.beqz  a3, pc + 8
core   0: 3 0x80005d42 (0xc681)
core   0: 0x80005d4a (0x01276133) or      sp, a4, s2
core   0: 3 0x80005d4a (0x01276133) x2  0x00004000
core   0: 0x80005d4e (0x00008322) c.mv    t1, s0
core   0: 3 0x80005d4e (0x8322) x6  0x00000000
core   0: 0x80005d50 (0x0052a533) slt     a0, t0, t0
core   0: 3 0x80005d50 (0x0052a533) x10 0x00000000
core   0: 0x80005d54 (0x0000626d) c.lui   tp, 0x1b
core   0: 3 0x80005d54 (0x626d) x4  0x0001b000
core   0: 0x80005d56 (0x026f6ab3) rem     s5, t5, t1
core   0: 3 0x80005d56 (0x026f6ab3) x21 0x12f52000
core   0: 0x80005d5a (0x00000a22) c.slli  s4, 8
core   0: 3 0x80005d5a (0x0a22) x20 0x00000400
core   0: 0x80005d5c (0x00f75193) srli    gp, a4, 15
core   0: 3 0x80005d5c (0x00f75193) x3  0x00000000
core   0: 0x80005d60 (0x00008779) c.srai  a4, 30
core   0: 3 0x80005d60 (0x8779) x14 0x00000000
core   0: 0x80005d62 (0x01b7b4b3) sltu    s1, a5, s11
core   0: 3 0x80005d62 (0x01b7b4b3) x9  0x00000001
core   0: 0x80005d66 (0x00f7dd33) srl     s10, a5, a5
core   0: 3 0x80005d66 (0x00f7dd33) x26 0x00000c00
core   0: 0x80005d6a (0x0000c391) c.beqz  a5, pc + 4
core   0: 3 0x80005d6a (0xc391)
core   0: 0x80005d6c (0x0000c285) c.beqz  a3, pc + 32
core   0: 3 0x80005d6c (0xc285)
core   0: 0x80005d8c (0x0278b7b3) mulhu   a5, a7, t2
core   0: 3 0x80005d8c (0x0278b7b3) x15 0x00000000
core   0: 0x80005d90 (0x03b8bf33) mulhu   t5, a7, s11
core   0: 3 0x80005d90 (0x03b8bf33) x30 0x00000000
core   0: 0x80005d94 (0x03f12633) mulhsu  a2, sp, t6
core   0: 3 0x80005d94 (0x03f12633) x12 0x00000000
core   0: 0x80005d98 (0x01b514b3) sll     s1, a0, s11
core   0: 3 0x80005d98 (0x01b514b3) x9  0x00000000
core   0: 0x80005d9c (0x015fc963) blt     t6, s5, pc + 18
core   0: 3 0x80005d9c (0x015fc963)
core   0: 0x80005dae (0x036e9d63) bne     t4, s6, pc + 58
core   0: 3 0x80005dae (0x036e9d63)
core   0: 0x80005de8 (0x002e6463) bltu    t3, sp, pc + 8
core   0: 3 0x80005de8 (0x002e6463)
core   0: 0x80005dec (0x00000001) c.nop
core   0: 3 0x80005dec (0x0001)
core   0: 0x80005dee (0x0000e59d) c.bnez  a1, pc + 46
core   0: 3 0x80005dee (0xe59d)
core   0: 0x80005e1c (0x0000537d) c.li    t1, -1
core   0: 3 0x80005e1c (0x537d) x6  0xffffffff
core   0: 0x80005e1e (0x419d8533) sub     a0, s11, s9
core   0: 3 0x80005e1e (0x419d8533) x10 0xfffbffff
core   0: 0x80005e22 (0x40a75613) srai    a2, a4, 10
core   0: 3 0x80005e22 (0x40a75613) x12 0x00000000
core   0: 0x80005e26 (0x00001f9c) c.addi4spn a5, sp, 1008
core   0: 3 0x80005e26 (0x1f9c) x15 0x000043f0
core   0: 0x80005e28 (0x05919263) bne     gp, s9, pc + 68
core   0: 3 0x80005e28 (0x05919263)
core   0: 0x80005e6c (0x01ac81b3) add     gp, s9, s10
core   0: 3 0x80005e6c (0x01ac81b3) x3  0x00014c00
core   0: 0x80005e70 (0x340064f3) csrrsi  s1, mscratch, 0
core   0: 3 0x80005e70 (0x340064f3) x9  0x00000004
core   0: 0x80005e74 (0xd65d8693) addi    a3, s11, -667
core   0: 3 0x80005e74 (0xd65d8693) x13 0xfffd3d64
core   0: 0x80005e78 (0x009c6a63) bltu    s8, s1, pc + 20
core   0: 3 0x80005e78 (0x009c6a63)
core   0: 0x80005e8c (0x00008196) c.mv    gp, t0
core   0: 3 0x80005e8c (0x8196) x3  0x00000000
core   0: 0x80005e8e (0x40e78133) sub     sp, a5, a4
core   0: 3 0x80005e8e (0x40e78133) x2  0x000043f0
core   0: 0x80005e92 (0x021d4a33) div     s4, s10, ra
core   0: 3 0x80005e92 (0x021d4a33) x20 0xffffffff
core   0: 0x80005e96 (0x03b5da63) bge     a1, s11, pc + 52
core   0: 3 0x80005e96 (0x03b5da63)
core   0: 0x80005eca (0x4042d2b3) sra     t0, t0, tp
core   0: 3 0x80005eca (0x4042d2b3) x5  0x00000000
core   0: 0x80005ece (0xcf30cf13) xori    t5, ra, -781
core   0: 3 0x80005ece (0xcf30cf13) x30 0xfffffcf3
core   0: 0x80005ed2 (0x000056fd) c.li    a3, -1
core   0: 3 0x80005ed2 (0x56fd) x13 0xffffffff
core   0: 0x80005ed4 (0x340a90f3) csrrw   ra, mscratch, s5
core   0: 3 0x80005ed4 (0x340a90f3) x1  0x00000004 c832_mscratch 0x12f52000
core   0: 0x80005ed8 (0x00009abe) c.add   s5, a5
core   0: 3 0x80005ed8 (0x9abe) x21 0x12f563f0
core   0: 0x80005eda (0x03bf8633) mul     a2, t6, s11
core   0: 3 0x80005eda (0x03bf8633) x12 0xdffe8000
core   0: 0x80005ede (0x34072773) csrrs   a4, mscratch, a4
core   0: 3 0x80005ede (0x34072773) x14 0x12f52000 c832_mscratch 0x12f52000
core   0: 0x80005ee2 (0x0000614d) c.addi16sp sp, 176
core   0: 3 0x80005ee2 (0x614d) x2  0x000044a0
core   0: 0x80005ee4 (0x19b57093) andi    ra, a0, 411
core   0: 3 0x80005ee4 (0x19b57093) x1  0x0000019b
core   0: 0x80005ee8 (0x02a8a233) mulhsu  tp, a7, a0
core   0: 3 0x80005ee8 (0x02a8a233) x4  0x00000000
core   0: 0x80005eec (0x00006105) c.addi16sp sp, 32
core   0: 3 0x80005eec (0x6105) x2  0x000044c0
core   0: 0x80005eee (0x00000a98) c.addi4spn a4, sp, 336
core   0: 3 0x80005eee (0x0a98) x14 0x00004610
core   0: 0x80005ef0 (0x02990a63) beq     s2, s1, pc + 52
core   0: 3 0x80005ef0 (0x02990a63)
core   0: 0x80005ef4 (0x34003d73) csrrc   s10, mscratch, zero
core   0: 3 0x80005ef4 (0x34003d73) x26 0x12f52000
core   0: 0x80005ef8 (0x39716193) ori     gp, sp, 919
core   0: 3 0x80005ef8 (0x39716193) x3  0x000047d7
core   0: 0x80005efc (0x0000517d) c.li    sp, -1
core   0: 3 0x80005efc (0x517d) x2  0xffffffff
core   0: 0x80005efe (0x00008816) c.mv    a6, t0
core   0: 3 0x80005efe (0x8816) x16 0x00000000
core   0: 0x80005f00 (0x030c48b3) div     a7, s8, a6
core   0: 3 0x80005f00 (0x030c48b3) x17 0xffffffff
core   0: 0x80005f04 (0x0000e589) c.bnez  a1, pc + 10
core   0: 3 0x80005f04 (0xe589)
core   0: 0x80005f0e (0x030d56b3) divu    a3, s10, a6
core   0: 3 0x80005f0e (0x030d56b3) x13 0xffffffff
core   0: 0x80005f12 (0x0ff0000f) fence   iorw,iorw
core   0: 3 0x80005f12 (0x0ff0000f)
core   0: 0x80005f16 (0x00d29593) slli    a1, t0, 13
core   0: 3 0x80005f16 (0x00d29593) x11 0x00000000
core   0: 0x80005f1a (0x340e9173) csrrw   sp, mscratch, t4
core   0: 3 0x80005f1a (0x340e9173) x2  0x12f52000 c832_mscratch 0x80025ea4
core   0: 0x80005f1e (0x00288533) add     a0, a7, sp
core   0: 3 0x80005f1e (0x00288533) x10 0x12f51fff
core   0: 0x80005f22 (0x0000e509) c.bnez  a0, pc + 10
core   0: 3 0x80005f22 (0xe509)
core   0: 0x80005f2c (0x41e85bb3) sra     s7, a6, t5
core   0: 3 0x80005f2c (0x41e85bb3) x23 0x00000000
core   0: 0x80005f30 (0x000084c5) c.srai  s1, 17
core   0: 3 0x80005f30 (0x84c5) x9  0x00000000
core   0: 0x80005f32 (0x0ff0000f) fence   iorw,iorw
core   0: 3 0x80005f32 (0x0ff0000f)
core   0: 0x80005f36 (0x04ecaf37) lui     t5, 0x4eca
core   0: 3 0x80005f36 (0x04ecaf37) x30 0x04eca000
core   0: 0x80005f3a (0x01439763) bne     t2, s4, pc + 14
core   0: 3 0x80005f3a (0x01439763)
core   0: 0x80005f48 (0x40f7d533) sra     a0, a5, a5
core   0: 3 0x80005f48 (0x40f7d533) x10 0x00000000
core   0: 0x80005f4c (0x34002bf3) csrr    s7, mscratch
core   0: 3 0x80005f4c (0x34002bf3) x23 0x80025ea4
core   0: 0x80005f50 (0x0000e389) c.bnez  a5, pc + 2
core   0: 3 0x80005f50 (0xe389)
core   0: 0x80005f52 (0x3405ebf3) csrrsi  s7, mscratch, 11
core   0: 3 0x80005f52 (0x3405ebf3) x23 0x80025ea4 c832_mscratch 0x80025eaf
core   0: 0x80005f56 (0x340a2573) csrrs   a0, mscratch, s4
core   0: 3 0x80005f56 (0x340a2573) x10 0x80025eaf c832_mscratch 0xffffffff
core   0: 0x80005f5a (0x00008dc5) c.or    a1, s1
core   0: 3 0x80005f5a (0x8dc5) x11 0x00000000
core   0: 0x80005f5c (0x00006d3d) c.lui   s10, 0xf
core   0: 3 0x80005f5c (0x6d3d) x26 0x0000f000
core   0: 0x80005f5e (0x00008f1d) c.sub   a4, a5
core   0: 3 0x80005f5e (0x8f1d) x14 0x00000220
core   0: 0x80005f60 (0x00004579) c.li    a0, 30
core   0: 3 0x80005f60 (0x4579) x10 0x0000001e
core   0: 0x80005f62 (0x405dd213) srai    tp, s11, 5
core   0: 3 0x80005f62 (0x405dd213) x4  0xffffe9ff
core   0: 0x80005f66 (0x0258f6b3) remu    a3, a7, t0
core   0: 3 0x80005f66 (0x0258f6b3) x13 0xffffffff
core   0: 0x80005f6a (0x00004cfd) c.li    s9, 31
core   0: 3 0x80005f6a (0x4cfd) x25 0x0000001f
core   0: 0x80005f6c (0x00000001) c.nop
core   0: 3 0x80005f6c (0x0001)
core   0: 0x80005f6e (0x0000127d) c.addi  tp, -1
core   0: 3 0x80005f6e (0x127d) x4  0xffffe9fe
core   0: 0x80005f70 (0x0000717d) c.addi16sp sp, -16
core   0: 3 0x80005f70 (0x717d) x2  0x12f51ff0
core   0: 0x80005f72 (0x00000d52) c.slli  s10, 20
core   0: 3 0x80005f72 (0x0d52) x26 0x00000000
core   0: 0x80005f74 (0x009fc6b3) xor     a3, t6, s1
core   0: 3 0x80005f74 (0x009fc6b3) x13 0x00018000
core   0: 0x80005f78 (0x02016bb3) rem     s7, sp, zero
core   0: 3 0x80005f78 (0x02016bb3) x23 0x12f51ff0
core   0: 0x80005f7c (0x0000717d) c.addi16sp sp, -16
core   0: 3 0x80005f7c (0x717d) x2  0x12f51fe0
core   0: 0x80005f7e (0x0000614d) c.addi16sp sp, 176
core   0: 3 0x80005f7e (0x614d) x2  0x12f52090
core   0: 0x80005f80 (0x00008a2d) c.andi  a2, 11
core   0: 3 0x80005f80 (0x8a2d) x12 0x00000000
core   0: 0x80005f82 (0x0000e211) c.bnez  a2, pc + 4
core   0: 3 0x80005f82 (0xe211)
core   0: 0x80005f84 (0x00008f51) c.or    a4, a2
core   0: 3 0x80005f84 (0x8f51) x14 0x00000220
core   0: 0x80005f86 (0x000051fd) c.li    gp, -1
core   0: 3 0x80005f86 (0x51fd) x3  0xffffffff
core   0: 0x80005f88 (0x00725263) bge     tp, t2, pc + 4
core   0: 3 0x80005f88 (0x00725263)
core   0: 0x80005f8c (0xdce97617) auipc   a2, 0xdce97
core   0: 3 0x80005f8c (0xdce97617) x12 0x5ce9cf8c
core   0: 0x80005f90 (0x00008cc5) c.or    s1, s1
core   0: 3 0x80005f90 (0x8cc5) x9  0x00000000
core   0: 0x80005f92 (0x0000567d) c.li    a2, -1
core   0: 3 0x80005f92 (0x567d) x12 0xffffffff
core   0: 0x80005f94 (0x012c2f33) slt     t5, s8, s2
core   0: 3 0x80005f94 (0x012c2f33) x30 0x00000001
core   0: 0x80005f98 (0x0000837d) c.srli  a4, 31
core   0: 3 0x80005f98 (0x837d) x14 0x00000000
core   0: 0x80005f9a (0x043b8463) beq     s7, gp, pc + 72
core   0: 3 0x80005f9a (0x043b8463)
core   0: 0x80005f9e (0x00ee9963) bne     t4, a4, pc + 18
core   0: 3 0x80005f9e (0x00ee9963)
core   0: 0x80005fb0 (0x023b1bb3) mulh    s7, s6, gp
core   0: 3 0x80005fb0 (0x023b1bb3) x23 0xffffffff
core   0: 0x80005fb4 (0x03f98533) mul     a0, s3, t6
core   0: 3 0x80005fb4 (0x03f98533) x10 0xaed80000
core   0: 0x80005fb8 (0x03363ab3) mulhu   s5, a2, s3
core   0: 3 0x80005fb8 (0x03363ab3) x21 0x000a748f
core   0: 0x80005fbc (0x00008f69) c.and   a4, a0
core   0: 3 0x80005fbc (0x8f69) x14 0x00000000
core   0: 0x80005fbe (0x0000c609) c.beqz  a2, pc + 10
core   0: 3 0x80005fbe (0xc609)
core   0: 0x80005fc0 (0x01eb0b63) beq     s6, t5, pc + 22
core   0: 3 0x80005fc0 (0x01eb0b63)
core   0: 0x80005fd6 (0x40e05bb3) sra     s7, zero, a4
core   0: 3 0x80005fd6 (0x40e05bb3) x23 0x00000000
core   0: 0x80005fda (0x0379e963) bltu    s3, s7, pc + 50
core   0: 3 0x80005fda (0x0379e963)
core   0: 0x80005fde (0x02a53f33) mulhu   t5, a0, a0
core   0: 3 0x80005fde (0x02a53f33) x30 0x776a5640
core   0: 0x80005fe2 (0x0000887a) c.mv    a6, t5
core   0: 3 0x80005fe2 (0x887a) x16 0x776a5640
core   0: 0x80005fe4 (0x34002673) csrr    a2, mscratch
core   0: 3 0x80005fe4 (0x34002673) x12 0xffffffff
core   0: 0x80005fe8 (0x02a60c63) beq     a2, a0, pc + 56
core   0: 3 0x80005fe8 (0x02a60c63)
core   0: 0x80005fec (0x032c4633) div     a2, s8, s2
core   0: 3 0x80005fec (0x032c4633) x12 0x00000000
core   0: 0x80005ff0 (0x00000f9e) c.slli  t6, 7
core   0: 3 0x80005ff0 (0x0f9e) x31 0x00c00000
core   0: 0x80005ff2 (0x66732d93) slti    s11, t1, 1639
core   0: 3 0x80005ff2 (0x66732d93) x27 0x00000001
core   0: 0x80005ff6 (0x048f8163) beq     t6, s0, pc + 66
core   0: 3 0x80005ff6 (0x048f8163)
core   0: 0x80005ffa (0x00008eb5) c.xor   a3, a3
core   0: 3 0x80005ffa (0x8eb5) x13 0x00000000
core   0: 0x80005ffc (0x000005fd) c.addi  a1, 31
core   0: 3 0x80005ffc (0x05fd) x11 0x0000001f
core   0: 0x80005ffe (0x340f55f3) csrrwi  a1, mscratch, 30
core   0: 3 0x80005ffe (0x340f55f3) x11 0xffffffff c832_mscratch 0x0000001e
core   0: 0x80006002 (0x008339b3) sltu    s3, t1, s0
core   0: 3 0x80006002 (0x008339b3) x19 0x00000000
core   0: 0x80006006 (0x0000717d) c.addi16sp sp, -16
core   0: 3 0x80006006 (0x717d) x2  0x12f52080
core   0: 0x80006008 (0x0ff0000f) fence   iorw,iorw
core   0: 3 0x80006008 (0x0ff0000f)
core   0: 0x8000600c (0x0246cfb3) div     t6, a3, tp
core   0: 3 0x8000600c (0x0246cfb3) x31 0x00000000
core   0: 0x80006010 (0xa7196893) ori     a7, s2, -1423
core   0: 3 0x80006010 (0xa7196893) x17 0xfffffa71
core   0: 0x80006014 (0x00870c33) add     s8, a4, s0
core   0: 3 0x80006014 (0x00870c33) x24 0x00000000
core   0: 0x80006018 (0x0367e863) bltu    a5, s6, pc + 48
core   0: 3 0x80006018 (0x0367e863)
core   0: 0x8000601c (0x00b5d193) srli    gp, a1, 11
core   0: 3 0x8000601c (0x00b5d193) x3  0x001fffff
core   0: 0x80006020 (0x007087b3) add     a5, ra, t2
core   0: 3 0x80006020 (0x007087b3) x15 0x0000019b
core   0: 0x80006024 (0x0292dd63) bge     t0, s1, pc + 58
core   0: 3 0x80006024 (0x0292dd63)
core   0: 0x8000605e (0x340068f3) csrrsi  a7, mscratch, 0
core   0: 3 0x8000605e (0x340068f3) x17 0x0000001e
core   0: 0x80006062 (0x0000813e) c.mv    sp, a5
core   0: 3 0x80006062 (0x813e) x2  0x0000019b
core   0: 0x80006064 (0x000094ba) c.add   s1, a4
core   0: 3 0x80006064 (0x94ba) x9  0x00000000
core   0: 0x80006066 (0x00bcfb33) and     s6, s9, a1
core   0: 3 0x80006066 (0x00bcfb33) x22 0x0000001f
core   0: 0x8000606a (0x00000001) c.nop
core   0: 3 0x8000606a (0x0001)
core   0: 0x8000606c (0x016d7b63) bgeu    s10, s6, pc + 22
core   0: 3 0x8000606c (0x016d7b63)
core   0: 0x80006070 (0x00eb9663) bne     s7, a4, pc + 12
core   0: 3 0x80006070 (0x00eb9663)
core   0: 0x80006074 (0x00008d05) c.sub   a0, s1
core   0: 3 0x80006074 (0x8d05) x10 0xaed80000
core   0: 0x80006076 (0x00008e3d) c.xor   a2, a5
core   0: 3 0x80006076 (0x8e3d) x12 0x0000019b
core   0: 0x80006078 (0x04a81163) bne     a6, a0, pc + 66
core   0: 3 0x80006078 (0x04a81163)
core   0: 0x800060ba (0x0000eb95) c.bnez  a5, pc + 52
core   0: 3 0x800060ba (0xeb95)
core   0: 0x800060ee (0x00008e21) c.xor   a2, s0
core   0: 3 0x800060ee (0x8e21) x12 0x0000019b
core   0: 0x800060f0 (0x00161a93) slli    s5, a2, 1
core   0: 3 0x800060f0 (0x00161a93) x21 0x00000336
core   0: 0x800060f4 (0x418a04b3) sub     s1, s4, s8
core   0: 3 0x800060f4 (0x418a04b3) x9  0xffffffff
core   0: 0x800060f8 (0x03e26d63) bltu    tp, t5, pc + 58
core   0: 3 0x800060f8 (0x03e26d63)
core   0: 0x800060fc (0x033b4d33) div     s10, s6, s3
core   0: 3 0x800060fc (0x033b4d33) x26 0xffffffff
core   0: 0x80006100 (0x45aabc37) lui     s8, 0x45aab
core   0: 3 0x80006100 (0x45aabc37) x24 0x45aab000
core   0: 0x80006104 (0x0125b7b3) sltu    a5, a1, s2
core   0: 3 0x80006104 (0x0125b7b3) x15 0x00000000
core   0: 0x80006108 (0x02027233) remu    tp, tp, zero
core   0: 3 0x80006108 (0x02027233) x4  0xffffe9fe
core   0: 0x8000610c (0x34072bf3) csrrs   s7, mscratch, a4
core   0: 3 0x8000610c (0x34072bf3) x23 0x0000001e c832_mscratch 0x0000001e
core   0: 0x80006110 (0x00009706) c.add   a4, ra
core   0: 3 0x80006110 (0x9706) x14 0x0000019b
core   0: 0x80006112 (0x01f44a33) xor     s4, s0, t6
core   0: 3 0x80006112 (0x01f44a33) x20 0x00000000
core   0: 0x80006116 (0x00001210) c.addi4spn a2, sp, 288
core   0: 3 0x80006116 (0x1210) x12 0x000002bb
core   0: 0x80006118 (0x3403fbf3) csrrci  s7, mscratch, 7
core   0: 3 0x80006118 (0x3403fbf3) x23 0x0000001e c832_mscratch 0x00000018
core   0: 0x8000611c (0x028636b3) mulhu   a3, a2, s0
core   0: 3 0x8000611c (0x028636b3) x13 0x00000000
core   0: 0x80006120 (0x5595a513) slti    a0, a1, 1369
core   0: 3 0x80006120 (0x5595a513) x10 0x00000001
core   0: 0x80006124 (0x00008b6a) c.mv    s6, s10
core   0: 3 0x80006124 (0x8b6a) x22 0xffffffff
core   0: 0x80006126 (0x418ed993) srai    s3, t4, 24
core   0: 3 0x80006126 (0x418ed993) x19 0xffffff80
core   0: 0x8000612a (0x0000100f) fence.i
core   0: 3 0x8000612a (0x0000100f)
core   0: 0x8000612e (0x5678e493) ori     s1, a7, 1383
core   0: 3 0x8000612e (0x5678e493) x9  0x0000057f
core   0: 0x80006132 (0x00e0eab3) or      s5, ra, a4
core   0: 3 0x80006132 (0x00e0eab3) x21 0x0000019b
core   0: 0x80006136 (0x0161a7b3) slt     a5, gp, s6
core   0: 3 0x80006136 (0x0161a7b3) x15 0x00000000
core   0: 0x8000613a (0x03e39263) bne     t2, t5, pc + 36
core   0: 3 0x8000613a (0x03e39263)
core   0: 0x8000615e (0xa9516517) auipc   a0, 0xa9516
core   0: 3 0x8000615e (0xa9516517) x10 0x2951c15e
core   0: 0x80006162 (0x340df7f3) csrrci  a5, mscratch, 27
core   0: 3 0x80006162 (0x340df7f3) x15 0x00000018 c832_mscratch 0x00000000
core   0: 0x80006166 (0x00008641) c.srai  a2, 16
core   0: 3 0x80006166 (0x8641) x12 0x00000000
core   0: 0x80006168 (0x01249863) bne     s1, s2, pc + 16
core   0: 3 0x80006168 (0x01249863)
core   0: 0x80006178 (0x4179da93) srai    s5, s3, 23
core   0: 3 0x80006178 (0x4179da93) x21 0xffffffff
core   0: 0x8000617c (0x010f1263) bne     t5, a6, pc + 4
core   0: 3 0x8000617c (0x010f1263)
core   0: 0x80006180 (0xeaa9ef93) ori     t6, s3, -342
core   0: 3 0x80006180 (0xeaa9ef93) x31 0xffffffaa
core   0: 0x80006184 (0x020c2c33) mulhsu  s8, s8, zero
core   0: 3 0x80006184 (0x020c2c33) x24 0x00000000
core   0: 0x80006188 (0x0000717d) c.addi16sp sp, -16
core   0: 3 0x80006188 (0x717d) x2  0x0000018b
core   0: 0x8000618a (0x040c6163) bltu    s8, zero, pc + 66
core   0: 3 0x8000618a (0x040c6163)
core   0: 0x8000618e (0x00006f25) c.lui   t5, 0x9
core   0: 3 0x8000618e (0x6f25) x30 0x00009000
core   0: 0x80006190 (0x41ecd013) srai    zero, s9, 30
core   0: 3 0x80006190 (0x41ecd013)
core   0: 0x80006194 (0x415d0333) sub     t1, s10, s5
core   0: 3 0x80006194 (0x415d0333) x6  0x00000000
core   0: 0x80006198 (0x00f534b3) sltu    s1, a0, a5
core   0: 3 0x80006198 (0x00f534b3) x9  0x00000000
core   0: 0x8000619c (0x008f9863) bne     t6, s0, pc + 16
core   0: 3 0x8000619c (0x008f9863)
core   0: 0x800061ac (0x340936f3) csrrc   a3, mscratch, s2
core   0: 3 0x800061ac (0x340936f3) x13 0x00000000 c832_mscratch 0x00000000
core   0: 0x800061b0 (0x34002a73) csrr    s4, mscratch
core   0: 3 0x800061b0 (0x34002a73) x20 0x00000000
core   0: 0x800061b4 (0x00001310) c.addi4spn a2, sp, 416
core   0: 3 0x800061b4 (0x1310) x12 0x0000032b
core   0: 0x800061b6 (0x340028f3) csrr    a7, mscratch
core   0: 3 0x800061b6 (0x340028f3) x17 0x00000000
core   0: 0x800061ba (0x41e603b3) sub     t2, a2, t5
core   0: 3 0x800061ba (0x41e603b3) x7  0xffff732b
core   0: 0x800061be (0x0339dd63) bge     s3, s3, pc + 58
core   0: 3 0x800061be (0x0339dd63)
core   0: 0x800061f8 (0x00000001) c.nop
core   0: 3 0x800061f8 (0x0001)
core   0: 0x800061fa (0x0307a4b3) mulhsu  s1, a5, a6
core   0: 3 0x800061fa (0x0307a4b3) x9  0x0000000b
core   0: 0x800061fe (0x340ab7f3) csrrc   a5, mscratch, s5
core   0: 3 0x800061fe (0x340ab7f3) x15 0x00000000 c832_mscratch 0x00000000
core   0: 0x80006202 (0x0000157d) c.addi  a0, -1
core   0: 3 0x80006202 (0x157d) x10 0x2951c15d
core   0: 0x80006204 (0x34006173) csrrsi  sp, mscratch, 0
core   0: 3 0x80006204 (0x34006173) x2  0x00000000
core   0: 0x80006208 (0x340123f3) csrrs   t2, mscratch, sp
core   0: 3 0x80006208 (0x340123f3) x7  0x00000000 c832_mscratch 0x00000000
core   0: 0x8000620c (0x0ff0000f) fence   iorw,iorw
core   0: 3 0x8000620c (0x0ff0000f)
core   0: 0x80006210 (0x00009296) c.add   t0, t0
core   0: 3 0x80006210 (0x9296) x5  0x00000000
core   0: 0x80006212 (0x03b96833) rem     a6, s2, s11
core   0: 3 0x80006212 (0x03b96833) x16 0x00000000
core   0: 0x80006216 (0x03516963) bltu    sp, s5, pc + 50
core   0: 3 0x80006216 (0x03516963)
core   0: 0x80006248 (0xb60a0b13) addi    s6, s4, -1184
core   0: 3 0x80006248 (0xb60a0b13) x22 0xfffffb60
core   0: 0x8000624c (0x02e28833) mul     a6, t0, a4
core   0: 3 0x8000624c (0x02e28833) x16 0x00000000
core   0: 0x80006250 (0x00bd8b63) beq     s11, a1, pc + 22
core   0: 3 0x80006250 (0x00bd8b63)
core   0: 0x80006254 (0x00008cb5) c.xor   s1, a3
core   0: 3 0x80006254 (0x8cb5) x9  0x0000000b
core   0: 0x80006256 (0x03ebd7b3) divu    a5, s7, t5
core   0: 3 0x80006256 (0x03ebd7b3) x15 0x00000000
core   0: 0x8000625a (0x000083d6) c.mv    t2, s5
core   0: 3 0x8000625a (0x83d6) x7  0xffffffff
core   0: 0x8000625c (0xfb440c13) addi    s8, s0, -76
core   0: 3 0x8000625c (0xfb440c13) x24 0xffffffb4
core   0: 0x80006260 (0x7a2c0693) addi    a3, s8, 1954
core   0: 3 0x80006260 (0x7a2c0693) x13 0x00000756
core   0: 0x80006264 (0x00001918) c.addi4spn a4, sp, 176
core   0: 3 0x80006264 (0x1918) x14 0x000000b0
core   0: 0x80006266 (0x00710333) add     t1, sp, t2
core   0: 3 0x80006266 (0x00710333) x6  0xffffffff
core   0: 0x8000626a (0x039d46b3) div     a3, s10, s9
core   0: 3 0x8000626a (0x039d46b3) x13 0x00000000
core   0: 0x8000626e (0x3331eb13) ori     s6, gp, 819
core   0: 3 0x8000626e (0x3331eb13) x22 0x001fffff
core   0: 0x80006272 (0x40690833) sub     a6, s2, t1
core   0: 3 0x80006272 (0x40690833) x16 0x00004001
core   0: 0x80006276 (0x00008cd5) c.or    s1, a3
core   0: 3 0x80006276 (0x8cd5) x9  0x0000000b
core   0: 0x80006278 (0x000040c1) c.li    ra, 16
core   0: 3 0x80006278 (0x40c1) x1  0x00000010
core   0: 0x8000627a (0x41865d93) srai    s11, a2, 24
core   0: 3 0x8000627a (0x41865d93) x27 0x00000000
core   0: 0x8000627e (0x03a611b3) mulh    gp, a2, s10
core   0: 3 0x8000627e (0x03a611b3) x3  0xffffffff
core   0: 0x80006282 (0x149768b7) lui     a7, 0x14976
core   0: 3 0x80006282 (0x149768b7) x17 0x14976000
core   0: 0x80006286 (0x0000c319) c.beqz  a4, pc + 6
core   0: 3 0x80006286 (0xc319)
core   0: 0x80006288 (0x3402d573) csrrwi  a0, mscratch, 5
core   0: 3 0x80006288 (0x3402d573) x10 0x00000000 c832_mscratch 0x00000005
core   0: 0x8000628c (0x00001a04) c.addi4spn s1, sp, 304
core   0: 3 0x8000628c (0x1a04) x9  0x00000130
core   0: 0x8000628e (0x01bfb0b3) sltu    ra, t6, s11
core   0: 3 0x8000628e (0x01bfb0b3) x1  0x00000000
core   0: 0x80006292 (0x62d5d6b7) lui     a3, 0x62d5d
core   0: 3 0x80006292 (0x62d5d6b7) x13 0x62d5d000
core   0: 0x80006296 (0x024d4c63) blt     s10, tp, pc + 56
core   0: 3 0x80006296 (0x024d4c63)
core   0: 0x8000629a (0x00008dd9) c.or    a1, a4
core   0: 3 0x8000629a (0x8dd9) x11 0xffffffff
core   0: 0x8000629c (0x00000f36) c.slli  t5, 13
core   0: 3 0x8000629c (0x0f36) x30 0x12000000
core   0: 0x8000629e (0x40f45bb3) sra     s7, s0, a5
core   0: 3 0x8000629e (0x40f45bb3) x23 0x00000000
core   0: 0x800062a2 (0x19248693) addi    a3, s1, 402
core   0: 3 0x800062a2 (0x19248693) x13 0x000002c2
core   0: 0x800062a6 (0x000066c9) c.lui   a3, 0x12
core   0: 3 0x800062a6 (0x66c9) x13 0x00012000
core   0: 0x800062a8 (0x000087bd) c.srai  a5, 15
core   0: 3 0x800062a8 (0x87bd) x15 0x00000000
core   0: 0x800062aa (0x41dad993) srai    s3, s5, 29
core   0: 3 0x800062aa (0x41dad993) x19 0xffffffff
core   0: 0x800062ae (0x00005cfd) c.li    s9, -1
core   0: 3 0x800062ae (0x5cfd) x25 0xffffffff
core   0: 0x800062b0 (0x00008fcd) c.or    a5, a1
core   0: 3 0x800062b0 (0x8fcd) x15 0xffffffff
core   0: 0x800062b2 (0x018936b3) sltu    a3, s2, s8
core   0: 3 0x800062b2 (0x018936b3) x13 0x00000001
core   0: 0x800062b6 (0xea6e3d13) sltiu   s10, t3, -346
core   0: 3 0x800062b6 (0xea6e3d13) x26 0x00000001
core   0: 0x800062ba (0x0292f533) remu    a0, t0, s1
core   0: 3 0x800062ba (0x0292f533) x10 0x00000000
core   0: 0x800062be (0x0181d3b3) srl     t2, gp, s8
core   0: 3 0x800062be (0x0181d3b3) x7  0x00000fff
core   0: 0x800062c2 (0x00f04663) blt     zero, a5, pc + 12
core   0: 3 0x800062c2 (0x00f04663)
core   0: 0x800062c6 (0x40f4dc93) srai    s9, s1, 15
core   0: 3 0x800062c6 (0x40f4dc93) x25 0x00000000
core   0: 0x800062ca (0x00a6e933) or      s2, a3, a0
core   0: 3 0x800062ca (0x00a6e933) x18 0x00000001
core   0: 0x800062ce (0xfd32f713) andi    a4, t0, -45
core   0: 3 0x800062ce (0xfd32f713) x14 0x00000000
core   0: 0x800062d2 (0x00009afd) c.andi  a3, -1
core   0: 3 0x800062d2 (0x9afd) x13 0x00000001
core   0: 0x800062d4 (0x00005afd) c.li    s5, -1
core   0: 3 0x800062d4 (0x5afd) x21 0xffffffff
core   0: 0x800062d6 (0x3febbb13) sltiu   s6, s7, 1022
core   0: 3 0x800062d6 (0x3febbb13) x22 0x00000001
core   0: 0x800062da (0x414c5293) srai    t0, s8, 20
core   0: 3 0x800062da (0x414c5293) x5  0xffffffff
core   0: 0x800062de (0x00f505b3) add     a1, a0, a5
core   0: 3 0x800062de (0x00f505b3) x11 0xffffffff
core   0: 0x800062e2 (0x0000100f) fence.i
core   0: 3 0x800062e2 (0x0000100f)
core   0: 0x800062e6 (0x00008329) c.srli  a4, 10
core   0: 3 0x800062e6 (0x8329) x14 0x00000000
core   0: 0x800062e8 (0x340e9773) csrrw   a4, mscratch, t4
core   0: 3 0x800062e8 (0x340e9773) x14 0x00000005 c832_mscratch 0x80025ea4
core   0: 0x800062ec (0x00426863) bltu    tp, tp, pc + 16
core   0: 3 0x800062ec (0x00426863)
core   0: 0x800062f0 (0x00000001) c.nop
core   0: 3 0x800062f0 (0x0001)
core   0: 0x800062f2 (0x8664c613) xori    a2, s1, -1946
core   0: 3 0x800062f2 (0x8664c613) x12 0xfffff956
core   0: 0x800062f6 (0x00000189) c.addi  gp, 2
core   0: 3 0x800062f6 (0x0189) x3  0x00000001
core   0: 0x800062f8 (0x001f9563) bne     t6, ra, pc + 10
core   0: 3 0x800062f8 (0x001f9563)
core   0: 0x80006302 (0x01c94db3) xor     s11, s2, t3
core   0: 3 0x80006302 (0x01c94db3) x27 0x80029d25
core   0: 0x80006306 (0x02ae1833) mulh    a6, t3, a0
core   0: 3 0x80006306 (0x02ae1833) x16 0x00000000
core   0: 0x8000630a (0x01a1e5b3) or      a1, gp, s10
core   0: 3 0x8000630a (0x01a1e5b3) x11 0x00000001
core   0: 0x8000630e (0x008beb63) bltu    s7, s0, pc + 22
core   0: 3 0x8000630e (0x008beb63)
core   0: 0x80006312 (0x00004175) c.li    sp, 29
core   0: 3 0x80006312 (0x4175) x2  0x0000001d
core   0: 0x80006314 (0x0336d4b3) divu    s1, a3, s3
core   0: 3 0x80006314 (0x0336d4b3) x9  0x00000000
core   0: 0x80006318 (0x00008eb9) c.xor   a3, a4
core   0: 3 0x80006318 (0x8eb9) x13 0x00000004
core   0: 0x8000631a (0x0000717d) c.addi16sp sp, -16
core   0: 3 0x8000631a (0x717d) x2  0x0000000d
core   0: 0x8000631c (0x34023573) csrrc   a0, mscratch, tp
core   0: 3 0x8000631c (0x34023573) x10 0x80025ea4 c832_mscratch 0x00001600
core   0: 0x80006320 (0x025a8cb3) mul     s9, s5, t0
core   0: 3 0x80006320 (0x025a8cb3) x25 0x00000001
core   0: 0x80006324 (0x2921f093) andi    ra, gp, 658
core   0: 3 0x80006324 (0x2921f093) x1  0x00000000
core   0: 0x80006328 (0x0132ba33) sltu    s4, t0, s3
core   0: 3 0x80006328 (0x0132ba33) x20 0x00000000
core   0: 0x8000632c (0x56d06913) ori     s2, zero, 1389
core   0: 3 0x8000632c (0x56d06913) x18 0x0000056d
core   0: 0x80006330 (0x25c16913) ori     s2, sp, 604
core   0: 3 0x80006330 (0x25c16913) x18 0x0000025d
core   0: 0x80006334 (0x830cfa93) andi    s5, s9, -2000
core   0: 3 0x80006334 (0x830cfa93) x21 0x00000000
core   0: 0x80006338 (0x00671f93) slli    t6, a4, 6
core   0: 3 0x80006338 (0x00671f93) x31 0x00000140
core   0: 0x8000633c (0x014871b3) and     gp, a6, s4
core   0: 3 0x8000633c (0x014871b3) x3  0x00000000
core   0: 0x80006340 (0x0000e885) c.bnez  s1, pc + 48
core   0: 3 0x80006340 (0xe885)
core   0: 0x80006342 (0x417cd033) sra     zero, s9, s7
core   0: 3 0x80006342 (0x417cd033)
core   0: 0x80006346 (0x00006141) c.addi16sp sp, 16
core   0: 3 0x80006346 (0x6141) x2  0x0000001d
core   0: 0x80006348 (0x02e83633) mulhu   a2, a6, a4
core   0: 3 0x80006348 (0x02e83633) x12 0x00000000
core   0: 0x8000634c (0x55cd8613) addi    a2, s11, 1372
core   0: 3 0x8000634c (0x55cd8613) x12 0x8002a281
core   0: 0x80006350 (0x00008709) c.srai  a4, 2
core   0: 3 0x80006350 (0x8709) x14 0x00000001
core   0: 0x80006352 (0x417a0db3) sub     s11, s4, s7
core   0: 3 0x80006352 (0x417a0db3) x27 0x00000000
core   0: 0x80006356 (0x03856f63) bltu    a0, s8, pc + 62
core   0: 3 0x80006356 (0x03856f63)
core   0: 0x80006394 (0x01afd9b3) srl     s3, t6, s10
core   0: 3 0x80006394 (0x01afd9b3) x19 0x000000a0
core   0: 0x80006398 (0x00008b79) c.andi  a4, 30
core   0: 3 0x80006398 (0x8b79) x14 0x00000000
core   0: 0x8000639a (0x001fecb3) or      s9, t6, ra
core   0: 3 0x8000639a (0x001fecb3) x25 0x00000140
core   0: 0x8000639e (0x0000c211) c.beqz  a2, pc + 4
core   0: 3 0x8000639e (0xc211)
core   0: 0x800063a0 (0x00008e19) c.sub   a2, a4
core   0: 3 0x800063a0 (0x8e19) x12 0x8002a281
core   0: 0x800063a2 (0x0288ee63) bltu    a7, s0, pc + 60
core   0: 3 0x800063a2 (0x0288ee63)
core   0: 0x800063a6 (0x3407b6f3) csrrc   a3, mscratch, a5
core   0: 3 0x800063a6 (0x3407b6f3) x13 0x00001600 c832_mscratch 0x00000000
core   0: 0x800063aa (0x0383afb3) mulhsu  t6, t2, s8
core   0: 3 0x800063aa (0x0383afb3) x31 0x00000ffe
core   0: 0x800063ae (0x0037ca63) blt     a5, gp, pc + 20
core   0: 3 0x800063ae (0x0037ca63)
core   0: 0x800063c2 (0x00d87863) bgeu    a6, a3, pc + 16
core   0: 3 0x800063c2 (0x00d87863)
core   0: 0x800063c6 (0x68f77b13) andi    s6, a4, 1679
core   0: 3 0x800063c6 (0x68f77b13) x22 0x00000000
core   0: 0x800063ca (0x037438b3) mulhu   a7, s0, s7
core   0: 3 0x800063ca (0x037438b3) x17 0x00000000
core   0: 0x800063ce (0x783fc593) xori    a1, t6, 1923
core   0: 3 0x800063ce (0x783fc593) x11 0x0000087d
core   0: 0x800063d2 (0x00c7b2b3) sltu    t0, a5, a2
core   0: 3 0x800063d2 (0x00c7b2b3) x5  0x00000000
core   0: 0x800063d6 (0x20c9dd37) lui     s10, 0x20c9d
core   0: 3 0x800063d6 (0x20c9dd37) x26 0x20c9d000
core   0: 0x800063da (0x00008a79) c.andi  a2, 30
core   0: 3 0x800063da (0x8a79) x12 0x00000000
core   0: 0x800063dc (0x00008ecd) c.or    a3, a1
core   0: 3 0x800063dc (0x8ecd) x13 0x00001e7d
core   0: 0x800063de (0x0032dd93) srli    s11, t0, 3
core   0: 3 0x800063de (0x0032dd93) x27 0x00000000
core   0: 0x800063e2 (0x340ddbf3) csrrwi  s7, mscratch, 27
core   0: 3 0x800063e2 (0x340ddbf3) x23 0x00000000 c832_mscratch 0x0000001b
core   0: 0x800063e6 (0x340063f3) csrrsi  t2, mscratch, 0
core   0: 3 0x800063e6 (0x340063f3) x7  0x0000001b
core   0: 0x800063ea (0x00a61963) bne     a2, a0, pc + 18
core   0: 3 0x800063ea (0x00a61963)
core   0: 0x800063fc (0x98b6b037) lui     zero, 0x98b6b
core   0: 3 0x800063fc (0x98b6b037)
core   0: 0x80006400 (0x02afeb63) bltu    t6, a0, pc + 54
core   0: 3 0x80006400 (0x02afeb63)
core   0: 0x80006436 (0xf53dfc93) andi    s9, s11, -173
core   0: 3 0x80006436 (0xf53dfc93) x25 0x00000000
core   0: 0x8000643a (0x00924763) blt     tp, s1, pc + 14
core   0: 3 0x8000643a (0x00924763)
core   0: 0x80006448 (0x01448d33) add     s10, s1, s4
core   0: 3 0x80006448 (0x01448d33) x26 0x00000000
core   0: 0x8000644c (0x340078f3) csrrci  a7, mscratch, 0
core   0: 3 0x8000644c (0x340078f3) x17 0x0000001b
core   0: 0x80006450 (0x02010133) mul     sp, sp, zero
core   0: 3 0x80006450 (0x02010133) x2  0x00000000
core   0: 0x80006454 (0x01f9d963) bge     s3, t6, pc + 18
core   0: 3 0x80006454 (0x01f9d963)
core   0: 0x80006458 (0x00000001) c.nop
core   0: 3 0x80006458 (0x0001)
core   0: 0x8000645a (0x033ed133) divu    sp, t4, s3
core   0: 3 0x8000645a (0x033ed133) x2  0x00ccd097
core   0: 0x8000645e (0x00009bfd) c.andi  a5, -1
core   0: 3 0x8000645e (0x9bfd) x15 0xffffffff
core   0: 0x80006460 (0x00008dc5) c.or    a1, s1
core   0: 3 0x80006460 (0x8dc5) x11 0x0000087d
core   0: 0x80006462 (0x0adcd263) bge     s9, a3, pc + 164
core   0: 3 0x80006462 (0x0adcd263)
core   0: 0x80006466 (0x00001494) c.addi4spn a3, sp, 608
core   0: 3 0x80006466 (0x1494) x13 0x00ccd2f7
core   0: 0x80006468 (0x340b1a73) csrrw   s4, mscratch, s6
core   0: 3 0x80006468 (0x340b1a73) x20 0x0000001b c832_mscratch 0x00000000
core   0: 0x8000646c (0x0de8f563) bgeu    a7, t5, pc + 202
core   0: 3 0x8000646c (0x0de8f563)
core   0: 0x80006470 (0x0000a297) auipc   t0, 0xa
core   0: 3 0x80006470 (0x0000a297) x5  0x80010470
core   0: 0x80006474 (0xf4828293) addi    t0, t0, -184
core   0: 3 0x80006474 (0xf4828293) x5  0x800103b8
core   0: 0x80006478 (0x0172cc83) lbu     s9, 23(t0)
core   0: 3 0x80006478 (0x0172cc83) x25 0x00000084 mem 0x800103cf
core   0: 0x8000647c (0x000083a1) c.srli  a5, 8
core   0: 3 0x8000647c (0x83a1) x15 0x00ffffff
core   0: 0x8000647e (0x012963b3) or      t2, s2, s2
core   0: 3 0x8000647e (0x012963b3) x7  0x0000025d
core   0: 0x80006482 (0x9f54a493) slti    s1, s1, -1547
core   0: 3 0x80006482 (0x9f54a493) x9  0x00000000
core   0: 0x80006486 (0x40bf5213) srai    tp, t5, 11
core   0: 3 0x80006486 (0x40bf5213) x4  0x00024000
core   0: 0x8000648a (0x00008941) c.andi  a0, 16
core   0: 3 0x8000648a (0x8941) x10 0x00000000
core   0: 0x8000648c (0xff528203) lb      tp, -11(t0)
core   0: 3 0x8000648c (0xff528203) x4  0x00000066 mem 0x800103ad
core   0: 0x80006490 (0x34006673) csrrsi  a2, mscratch, 0
core   0: 3 0x80006490 (0x34006673) x12 0x00000000
core   0: 0x80006494 (0x02d9e233) rem     tp, s3, a3
core   0: 3 0x80006494 (0x02d9e233) x4  0x000000a0
core   0: 0x80006498 (0xfc229b83) lh      s7, -62(t0)
core   0: 3 0x80006498 (0xfc229b83) x23 0x00003031 mem 0x8001037a
core   0: 0x8000649c (0x0000863a) c.mv    a2, a4
core   0: 3 0x8000649c (0x863a) x12 0x00000000
core   0: 0x8000649e (0x340459f3) csrrwi  s3, mscratch, 8
core   0: 3 0x8000649e (0x340459f3) x19 0x00000000 c832_mscratch 0x00000008
core   0: 0x800064a2 (0xfdf28ea3) sb      t6, -35(t0)
core   0: 3 0x800064a2 (0xfdf28ea3) mem 0x80010395 0xfe
core   0: 0x800064a6 (0x03c28703) lb      a4, 60(t0)
core   0: 3 0x800064a6 (0x03c28703) x14 0xffffffaf mem 0x800103f4
core   0: 0x800064aa (0x00c7c3b3) xor     t2, a5, a2
core   0: 3 0x800064aa (0x00c7c3b3) x7  0x00ffffff
core   0: 0x800064ae (0x0172c103) lbu     sp, 23(t0)
core   0: 3 0x800064ae (0x0172c103) x2  0x00000084 mem 0x800103cf
core   0: 0x800064b2 (0x67597213) andi    tp, s2, 1653
core   0: 3 0x800064b2 (0x67597213) x4  0x00000255
core   0: 0x800064b6 (0x34013373) csrrc   t1, mscratch, sp
core   0: 3 0x800064b6 (0x34013373) x6  0x00000008 c832_mscratch 0x00000008
core   0: 0x800064ba (0x40ca5693) srai    a3, s4, 12
core   0: 3 0x800064ba (0x40ca5693) x13 0x00000000
core   0: 0x800064be (0xfe22c003) lbu     zero, -30(t0)
core   0: 3 0x800064be (0xfe22c003) mem 0x8001039a
core   0: 0x800064c2 (0x00008ce5) c.and   s1, s1
core   0: 3 0x800064c2 (0x8ce5) x9  0x00000000
core   0: 0x800064c4 (0xff92c183) lbu     gp, -7(t0)
core   0: 3 0x800064c4 (0xff92c183) x3  0x00000001 mem 0x800103b1
core   0: 0x800064c8 (0x03a280a3) sb      s10, 33(t0)
core   0: 3 0x800064c8 (0x03a280a3) mem 0x800103d9 0x00
core   0: 0x800064cc (0x340061f3) csrrsi  gp, mscratch, 0
core   0: 3 0x800064cc (0x340061f3) x3  0x00000008
core   0: 0x800064d0 (0x3402e573) csrrsi  a0, mscratch, 5
core   0: 3 0x800064d0 (0x3402e573) x10 0x00000008 c832_mscratch 0x0000000d
core   0: 0x800064d4 (0x01629b83) lh      s7, 22(t0)
core   0: 3 0x800064d4 (0x01629b83) x23 0xffff8485 mem 0x800103ce
core   0: 0x800064d8 (0xff328383) lb      t2, -13(t0)
core   0: 3 0x800064d8 (0xff328383) x7  0x00000060 mem 0x800103ab
core   0: 0x800064dc (0x0292c483) lbu     s1, 41(t0)
core   0: 3 0x800064dc (0x0292c483) x9  0x0000009a mem 0x800103e1
core   0: 0x800064e0 (0xff128ba3) sb      a7, -9(t0)
core   0: 3 0x800064e0 (0xff128ba3) mem 0x800103af 0x1b
core   0: 0x800064e4 (0x03e29d03) lh      s10, 62(t0)
core   0: 3 0x800064e4 (0x03e29d03) x26 0x00000f00 mem 0x800103f6
core   0: 0x800064e8 (0x780c3193) sltiu   gp, s8, 1920
core   0: 3 0x800064e8 (0x780c3193) x3  0x00000000
core   0: 0x800064ec (0x00001a7d) c.addi  s4, -1
core   0: 3 0x800064ec (0x1a7d) x20 0x0000001a
core   0: 0x800064ee (0xfc12c703) lbu     a4, -63(t0)
core   0: 3 0x800064ee (0xfc12c703) x14 0x00000032 mem 0x80010379
core   0: 0x800064f2 (0x00008d5d) c.or    a0, a5
core   0: 3 0x800064f2 (0x8d5d) x10 0x00ffffff
core   0: 0x800064f4 (0x02528683) lb      a3, 37(t0)
core   0: 3 0x800064f4 (0x02528683) x13 0xffffff96 mem 0x800103dd
core   0: 0x800064f8 (0x02118a33) mul     s4, gp, ra
core   0: 3 0x800064f8 (0x02118a33) x20 0x00000000
core   0: 0x800064fc (0x0000167d) c.addi  a2, -1
core   0: 3 0x800064fc (0x167d) x12 0xffffffff
core   0: 0x800064fe (0x00329123) sh      gp, 2(t0)
core   0: 3 0x800064fe (0x00329123) mem 0x800103ba 0x0000
core   0: 0x80006502 (0xffb28683) lb      a3, -5(t0)
core   0: 3 0x80006502 (0xffb28683) x13 0x00000068 mem 0x800103b3
core   0: 0x80006506 (0x01ab9463) bne     s7, s10, pc + 8
core   0: 3 0x80006506 (0x01ab9463)
core   0: 0x8000650e (0x418e5d13) srai    s10, t3, 24
core   0: 3 0x8000650e (0x418e5d13) x26 0xffffff80
core   0: 0x80006512 (0x00000194) c.addi4spn a3, sp, 192
core   0: 3 0x80006512 (0x0194) x13 0x00000144
core   0: 0x80006514 (0x6e6a7393) andi    t2, s4, 1766
core   0: 3 0x80006514 (0x6e6a7393) x7  0x00000000
core   0: 0x80006518 (0x00000d3d) c.addi  s10, 15
core   0: 3 0x80006518 (0x0d3d) x26 0xffffff8f
core   0: 0x8000651a (0x01a21cb3) sll     s9, tp, s10
core   0: 3 0x8000651a (0x01a21cb3) x25 0x012a8000
core   0: 0x8000651e (0x00e49a93) slli    s5, s1, 14
core   0: 3 0x8000651e (0x00e49a93) x21 0x00268000
core   0: 0x80006522 (0x03594fb3) div     t6, s2, s5
core   0: 3 0x80006522 (0x03594fb3) x31 0x00000000
core   0: 0x80006526 (0x40128933) sub     s2, t0, ra
core   0: 3 0x80006526 (0x40128933) x18 0x800103b8
core   0: 0x8000652a (0x00008f1d) c.sub   a4, a5
core   0: 3 0x8000652a (0x8f1d) x14 0xff000033
core   0: 0x8000652c (0x00008da1) c.xor   a1, s0
core   0: 3 0x8000652c (0x8da1) x11 0x0000087d
core   0: 0x8000652e (0x9af4c493) xori    s1, s1, -1617
core   0: 3 0x8000652e (0x9af4c493) x9  0xfffff935
core   0: 0x80006532 (0x00bd4633) xor     a2, s10, a1
core   0: 3 0x80006532 (0x00bd4633) x12 0xfffff7f2
core   0: 0x80006536 (0x3403b8f3) csrrc   a7, mscratch, t2
core   0: 3 0x80006536 (0x3403b8f3) x17 0x0000000d c832_mscratch 0x0000000d
core   0: 0x8000653a (0x41c3db93) srai    s7, t2, 28
core   0: 3 0x8000653a (0x41c3db93) x23 0x00000000
core   0: 0x8000653e (0x0000c609) c.beqz  a2, pc + 10
core   0: 3 0x8000653e (0xc609)
core   0: 0x80006540 (0x0047dc13) srli    s8, a5, 4
core   0: 3 0x80006540 (0x0047dc13) x24 0x000fffff
core   0: 0x80006544 (0x00008f6d) c.and   a4, a1
core   0: 3 0x80006544 (0x8f6d) x14 0x00000031
core   0: 0x80006546 (0x00008d09) c.sub   a0, a0
core   0: 3 0x80006546 (0x8d09) x10 0x00000000
core   0: 0x80006548 (0x340da873) csrrs   a6, mscratch, s11
core   0: 3 0x80006548 (0x340da873) x16 0x0000000d c832_mscratch 0x0000000d
core   0: 0x8000654c (0x00008d39) c.xor   a0, a4
core   0: 3 0x8000654c (0x8d39) x10 0x00000031
core   0: 0x8000654e (0x00000001) c.nop
core   0: 3 0x8000654e (0x0001)
core   0: 0x80006550 (0x00000001) c.nop
core   0: 3 0x80006550 (0x0001)
core   0: 0x80006552 (0xbb7d8d93) addi    s11, s11, -1097
core   0: 3 0x80006552 (0xbb7d8d93) x27 0xfffffbb7
core   0: 0x80006556 (0x00965113) srli    sp, a2, 9
core   0: 3 0x80006556 (0x00965113) x2  0x007ffffb
core   0: 0x8000655a (0x5e8ea213) slti    tp, t4, 1512
core   0: 3 0x8000655a (0x5e8ea213) x4  0x00000001
core   0: 0x8000655e (0x00000001) c.nop
core   0: 3 0x8000655e (0x0001)
core   0: 0x80006560 (0x0000615d) c.addi16sp sp, 432
core   0: 3 0x80006560 (0x615d) x2  0x008001ab
core   0: 0x80006562 (0x00365c93) srli    s9, a2, 3
core   0: 3 0x80006562 (0x00365c93) x25 0x1ffffefe
core   0: 0x80006566 (0x019efc63) bgeu    t4, s9, pc + 24
core   0: 3 0x80006566 (0x019efc63)
core   0: 0x8000657e (0x00008b95) c.andi  a5, 5
core   0: 3 0x8000657e (0x8b95) x15 0x00000005
core   0: 0x80006580 (0x00f6bd33) sltu    s10, a3, a5
core   0: 3 0x80006580 (0x00f6bd33) x26 0x00000000
core   0: 0x80006584 (0x03b2d633) divu    a2, t0, s11
core   0: 3 0x80006584 (0x03b2d633) x12 0x00000000
core   0: 0x80006588 (0x0000ce81) c.beqz  a3, pc + 24
core   0: 3 0x80006588 (0xce81)
core   0: 0x8000658a (0x0253afb3) mulhsu  t6, t2, t0
core   0: 3 0x8000658a (0x0253afb3) x31 0x00000000
core   0: 0x8000658e (0x0000161c) c.addi4spn a5, sp, 800
core   0: 3 0x8000658e (0x161c) x15 0x008004cb
core   0: 0x80006590 (0x01577333) and     t1, a4, s5
core   0: 3 0x80006590 (0x01577333) x6  0x00000000
core   0: 0x80006594 (0x01bb0f33) add     t5, s6, s11
core   0: 3 0x80006594 (0x01bb0f33) x30 0xfffffbb7
core   0: 0x80006598 (0x027766b3) rem     a3, a4, t2
core   0: 3 0x80006598 (0x027766b3) x13 0x00000031
core   0: 0x8000659c (0x017288b3) add     a7, t0, s7
core   0: 3 0x8000659c (0x017288b3) x17 0x800103b8
core   0: 0x800065a0 (0x011bf263) bgeu    s7, a7, pc + 4
core   0: 3 0x800065a0 (0x011bf263)
core   0: 0x800065a4 (0x01fd09b3) add     s3, s10, t6
core   0: 3 0x800065a4 (0x01fd09b3) x19 0x00000000
core   0: 0x800065a8 (0x01d4ddb3) srl     s11, s1, t4
core   0: 3 0x800065a8 (0x01d4ddb3) x27 0x0fffff93
core   0: 0x800065ac (0x02346d63) bltu    s0, gp, pc + 58
core   0: 3 0x800065ac (0x02346d63)
core   0: 0x800065b0 (0x02fe1e63) bne     t3, a5, pc + 60
core   0: 3 0x800065b0 (0x02fe1e63)
core   0: 0x800065ec (0x3400e273) csrrsi  tp, mscratch, 1
core   0: 3 0x800065ec (0x3400e273) x4  0x0000000d c832_mscratch 0x0000000d
core   0: 0x800065f0 (0x01b4c463) blt     s1, s11, pc + 8
core   0: 3 0x800065f0 (0x01b4c463)
core   0: 0x800065f8 (0x3405dcf3) csrrwi  s9, mscratch, 11
core   0: 3 0x800065f8 (0x3405dcf3) x25 0x0000000d c832_mscratch 0x0000000b
core   0: 0x800065fc (0x27e7f093) andi    ra, a5, 638
core   0: 3 0x800065fc (0x27e7f093) x1  0x0000004a
core   0: 0x80006600 (0x00000001) c.nop
core   0: 3 0x80006600 (0x0001)
core   0: 0x80006602 (0xd990fa93) andi    s5, ra, -615
core   0: 3 0x80006602 (0xd990fa93) x21 0x00000008
core   0: 0x80006606 (0x014c9d33) sll     s10, s9, s4
core   0: 3 0x80006606 (0x014c9d33) x26 0x0000000d
core   0: 0x8000660a (0x0ff0000f) fence   iorw,iorw
core   0: 3 0x8000660a (0x0ff0000f)
core   0: 0x8000660e (0x00006195) c.lui   gp, 0x5
core   0: 3 0x8000660e (0x6195) x3  0x00005000
core   0: 0x80006610 (0x01fbffb3) and     t6, s7, t6
core   0: 3 0x80006610 (0x01fbffb3) x31 0x00000000
core   0: 0x80006614 (0x03b3e963) bltu    t2, s11, pc + 50
core   0: 3 0x80006614 (0x03b3e963)
core   0: 0x80006646 (0x000084a1) c.srai  s1, 8
core   0: 3 0x80006646 (0x84a1) x9  0xfffffff9
core   0: 0x80006648 (0x340194f3) csrrw   s1, mscratch, gp
core   0: 3 0x80006648 (0x340194f3) x9  0x0000000b c832_mscratch 0x00005000
core   0: 0x8000664c (0x0330e3b3) rem     t2, ra, s3
core   0: 3 0x8000664c (0x0330e3b3) x7  0x0000004a
core   0: 0x80006650 (0x00008da5) c.xor   a1, s1
core   0: 3 0x80006650 (0x8da5) x11 0x00000876
core   0: 0x80006652 (0x00004ac9) c.li    s5, 18
core   0: 3 0x80006652 (0x4ac9) x21 0x00000012
core   0: 0x80006654 (0x00008d75) c.and   a0, a3
core   0: 3 0x80006654 (0x8d75) x10 0x00000031
core   0: 0x80006656 (0x001e93b3) sll     t2, t4, ra
core   0: 3 0x80006656 (0x001e93b3) x7  0x097a9000
core   0: 0x8000665a (0x022ad533) divu    a0, s5, sp
core   0: 3 0x8000665a (0x022ad533) x10 0x00000000
core   0: 0x8000665e (0xf1080813) addi    a6, a6, -240
core   0: 3 0x8000665e (0xf1080813) x16 0xffffff1d
core   0: 0x80006662 (0x00008ecd) c.or    a3, a1
core   0: 3 0x80006662 (0x8ecd) x13 0x00000877
core   0: 0x80006664 (0x000065ed) c.lui   a1, 0x1b
core   0: 3 0x80006664 (0x65ed) x11 0x0001b000
core   0: 0x80006666 (0x00008e01) c.sub   a2, s0
core   0: 3 0x80006666 (0x8e01) x12 0x00000000
core   0: 0x80006668 (0x02867733) remu    a4, a2, s0
core   0: 3 0x80006668 (0x02867733) x14 0x00000000
core   0: 0x8000666c (0x013bb2b3) sltu    t0, s7, s3
core   0: 3 0x8000666c (0x013bb2b3) x5  0x00000000
core   0: 0x80006670 (0x0175f133) and     sp, a1, s7
core   0: 3 0x80006670 (0x0175f133) x2  0x00000000
core   0: 0x80006674 (0x00be6933) or      s2, t3, a1
core   0: 3 0x80006674 (0x00be6933) x18 0x8003bd24
core   0: 0x80006678 (0x408e5a13) srai    s4, t3, 8
core   0: 3 0x80006678 (0x408e5a13) x20 0xff80029d
core   0: 0x8000667c (0x00295c33) srl     s8, s2, sp
core   0: 3 0x8000667c (0x00295c33) x24 0x8003bd24
core   0: 0x80006680 (0x03764733) div     a4, a2, s7
core   0: 3 0x80006680 (0x03764733) x14 0xffffffff
core   0: 0x80006684 (0x0000cb05) c.beqz  a4, pc + 48
core   0: 3 0x80006684 (0xcb05)
core   0: 0x80006686 (0x3407e6f3) csrrsi  a3, mscratch, 15
core   0: 3 0x80006686 (0x3407e6f3) x13 0x00005000 c832_mscratch 0x0000500f
core   0: 0x8000668a (0x34002673) csrr    a2, mscratch
core   0: 3 0x8000668a (0x34002673) x12 0x0000500f
core   0: 0x8000668e (0x00001afd) c.addi  s5, -1
core   0: 3 0x8000668e (0x1afd) x21 0x00000011
core   0: 0x80006690 (0x00000846) c.slli  a6, 17
core   0: 3 0x80006690 (0x0846) x16 0xfe3a0000
core   0: 0x80006692 (0x034e1063) bne     t3, s4, pc + 32
core   0: 3 0x80006692 (0x034e1063)
core   0: 0x800066b2 (0x0000833d) c.srli  a4, 15
core   0: 3 0x800066b2 (0x833d) x14 0x0001ffff
core   0: 0x800066b4 (0x00001dfd) c.addi  s11, -1
core   0: 3 0x800066b4 (0x1dfd) x27 0x0fffff92
core   0: 0x800066b6 (0x01a88763) beq     a7, s10, pc + 14
core   0: 3 0x800066b6 (0x01a88763)
core   0: 0x800066ba (0x000093b6) c.add   t2, a3
core   0: 3 0x800066ba (0x93b6) x7  0x097ae000
core   0: 0x800066bc (0x01918497) auipc   s1, 0x1918
core   0: 3 0x800066bc (0x01918497) x9  0x8191e6bc
core   0: 0x800066c0 (0x00008cc9) c.or    s1, a0
core   0: 3 0x800066c0 (0x8cc9) x9  0x8191e6bc
core   0: 0x800066c2 (0x00006171) c.addi16sp sp, 336
core   0: 3 0x800066c2 (0x6171) x2  0x00000150
core   0: 0x800066c4 (0x0000717d) c.addi16sp sp, -16
core   0: 3 0x800066c4 (0x717d) x2  0x00000140
core   0: 0x800066c6 (0x0142e9b3) or      s3, t0, s4
core   0: 3 0x800066c6 (0x0142e9b3) x19 0xff80029d
core   0: 0x800066ca (0x00345813) srli    a6, s0, 3
core   0: 3 0x800066ca (0x00345813) x16 0x00000000
core   0: 0x800066ce (0x998a8713) addi    a4, s5, -1640
core   0: 3 0x800066ce (0x998a8713) x14 0xfffff9a9
core   0: 0x800066d2 (0x03c2a533) mulhsu  a0, t0, t3
core   0: 3 0x800066d2 (0x03c2a533) x10 0x00000000
core   0: 0x800066d6 (0x00008cf9) c.and   s1, a4
core   0: 3 0x800066d6 (0x8cf9) x9  0x8191e0a8
core   0: 0x800066d8 (0xc496f713) andi    a4, a3, -951
core   0: 3 0x800066d8 (0xc496f713) x14 0x00005000
core   0: 0x800066dc (0x00008db5) c.xor   a1, a3
core   0: 3 0x800066dc (0x8db5) x11 0x0001e000
core   0: 0x800066de (0x024e0ab3) mul     s5, t3, tp
core   0: 3 0x800066de (0x024e0ab3) x21 0x8021fad4
core   0: 0x800066e2 (0x00008a51) c.andi  a2, 20
core   0: 3 0x800066e2 (0x8a51) x12 0x00000004
core   0: 0x800066e4 (0x008f12b3) sll     t0, t5, s0
core   0: 3 0x800066e4 (0x008f12b3) x5  0xfffffbb7
core   0: 0x800066e8 (0x03cf4fb3) div     t6, t5, t3
core   0: 3 0x800066e8 (0x03cf4fb3) x31 0x00000000
core   0: 0x800066ec (0x0ff0000f) fence   iorw,iorw
core   0: 3 0x800066ec (0x0ff0000f)
core   0: 0x800066f0 (0x000065c5) c.lui   a1, 0x11
core   0: 3 0x800066f0 (0x65c5) x11 0x00011000
core   0: 0x800066f2 (0x40d3dbb3) sra     s7, t2, a3
core   0: 3 0x800066f2 (0x40d3dbb3) x23 0x097ae000
core   0: 0x800066f6 (0xf353e313) ori     t1, t2, -203
core   0: 3 0x800066f6 (0xf353e313) x6  0xffffff35
core   0: 0x800066fa (0x01167963) bgeu    a2, a7, pc + 18
core   0: 3 0x800066fa (0x01167963)
core   0: 0x800066fe (0x00973333) sltu    t1, a4, s1
core   0: 3 0x800066fe (0x00973333) x6  0x00000001
core   0: 0x80006702 (0x0174df93) srli    t6, s1, 23
core   0: 3 0x80006702 (0x0174df93) x31 0x00000103
core   0: 0x80006706 (0x00008cad) c.xor   s1, a1
core   0: 3 0x80006706 (0x8cad) x9  0x8190f0a8
core   0: 0x80006708 (0xd964f313) andi    t1, s1, -618
core   0: 3 0x80006708 (0xd964f313) x6  0x8190f080
core   0: 0x8000670c (0x406edab3) sra     s5, t4, t1
core   0: 3 0x8000670c (0x406edab3) x21 0x80025ea4
core   0: 0x80006710 (0x00008df1) c.and   a1, a2
core   0: 3 0x80006710 (0x8df1) x11 0x00000000
core   0: 0x80006712 (0x3919cd93) xori    s11, s3, 913
core   0: 3 0x80006712 (0x3919cd93) x27 0xff80010c
core   0: 0x80006716 (0x025ccfb3) div     t6, s9, t0
core   0: 3 0x80006716 (0x025ccfb3) x31 0x00000000
core   0: 0x8000671a (0x008fdb33) srl     s6, t6, s0
core   0: 3 0x8000671a (0x008fdb33) x22 0x00000000
core   0: 0x8000671e (0x0000717d) c.addi16sp sp, -16
core   0: 3 0x8000671e (0x717d) x2  0x00000130
core   0: 0x80006720 (0x00008105) c.srli  a0, 1
core   0: 3 0x80006720 (0x8105) x10 0x00000000
core   0: 0x80006722 (0x031b92b3) mulh    t0, s7, a7
core   0: 3 0x80006722 (0x031b92b3) x5  0xfb42999e
core   0: 0x80006726 (0x7fe4f693) andi    a3, s1, 2046
core   0: 3 0x80006726 (0x7fe4f693) x13 0x000000a8
core   0: 0x8000672a (0x0252d963) bge     t0, t0, pc + 50
core   0: 3 0x8000672a (0x0252d963)
core   0: 0x8000675c (0x075fc993) xori    s3, t6, 117
core   0: 3 0x8000675c (0x075fc993) x19 0x00000075
core   0: 0x80006760 (0x00008e3d) c.xor   a2, a5
core   0: 3 0x80006760 (0x8e3d) x12 0x008004cf
core   0: 0x80006762 (0x00f2b533) sltu    a0, t0, a5
core   0: 3 0x80006762 (0x00f2b533) x10 0x00000000
core   0: 0x80006766 (0x00008ee9) c.and   a3, a0
core   0: 3 0x80006766 (0x8ee9) x13 0x00000000
core   0: 0x80006768 (0x295da913) slti    s2, s11, 661
core   0: 3 0x80006768 (0x295da913) x18 0x00000001
core   0: 0x8000676c (0x0000100f) fence.i
core   0: 3 0x8000676c (0x0000100f)
core   0: 0x80006770 (0x00008dd9) c.or    a1, a4
core   0: 3 0x80006770 (0x8dd9) x11 0x00005000
core   0: 0x80006772 (0x340072f3) csrrci  t0, mscratch, 0
core   0: 3 0x80006772 (0x340072f3) x5  0x0000500f
core   0: 0x80006776 (0x03ca66b3) rem     a3, s4, t3
core   0: 3 0x80006776 (0x03ca66b3) x13 0xff80029d
core   0: 0x8000677a (0xa6c0fb13) andi    s6, ra, -1428
core   0: 3 0x8000677a (0xa6c0fb13) x22 0x00000048
core   0: 0x8000677e (0x340e1973) csrrw   s2, mscratch, t3
core   0: 3 0x8000677e (0x340e1973) x18 0x0000500f c832_mscratch 0x80029d24
core   0: 0x80006782 (0xc07aec93) ori     s9, s5, -1017
core   0: 3 0x80006782 (0xc07aec93) x25 0xfffffea7
core   0: 0x80006786 (0x00008f45) c.or    a4, s1
core   0: 3 0x80006786 (0x8f45) x14 0x8190f0a8
core   0: 0x80006788 (0x02e79d63) bne     a5, a4, pc + 58
core   0: 3 0x80006788 (0x02e79d63)
core   0: 0x800067c2 (0x00e927b3) slt     a5, s2, a4
core   0: 3 0x800067c2 (0x00e927b3) x15 0x00000000
core   0: 0x800067c6 (0x00008cbd) c.xor   s1, a5
core   0: 3 0x800067c6 (0x8cbd) x9  0x8190f0a8
core   0: 0x800067c8 (0x340a98f3) csrrw   a7, mscratch, s5
core   0: 3 0x800067c8 (0x340a98f3) x17 0x80029d24 c832_mscratch 0x80025ea4
core   0: 0x800067cc (0x00633db3) sltu    s11, t1, t1
core   0: 3 0x800067cc (0x00633db3) x27 0x00000000
core   0: 0x800067d0 (0x03197a63) bgeu    s2, a7, pc + 52
core   0: 3 0x800067d0 (0x03197a63)
core   0: 0x800067d4 (0x038c9f63) bne     s9, s8, pc + 62
core   0: 3 0x800067d4 (0x038c9f63)
core   0: 0x80006812 (0x340b76f3) csrrci  a3, mscratch, 22
core   0: 3 0x80006812 (0x340b76f3) x13 0x80025ea4 c832_mscratch 0x80025ea0
core   0: 0x80006816 (0x00000001) c.nop
core   0: 3 0x80006816 (0x0001)
core   0: 0x80006818 (0x00000001) c.nop
core   0: 3 0x80006818 (0x0001)
core   0: 0x8000681a (0x02d68f33) mul     t5, a3, a3
core   0: 3 0x8000681a (0x02d68f33) x30 0x9d8cd910
core   0: 0x8000681e (0x0300a833) mulhsu  a6, ra, a6
core   0: 3 0x8000681e (0x0300a833) x16 0x00000000
core   0: 0x80006822 (0x00008359) c.srli  a4, 22
core   0: 3 0x80006822 (0x8359) x14 0x00000206
core   0: 0x80006824 (0x3400e673) csrrsi  a2, mscratch, 1
core   0: 3 0x80006824 (0x3400e673) x12 0x80025ea0 c832_mscratch 0x80025ea1
core   0: 0x80006828 (0x00000001) c.nop
core   0: 3 0x80006828 (0x0001)
core   0: 0x8000682a (0x0040eab3) or      s5, ra, tp
core   0: 3 0x8000682a (0x0040eab3) x21 0x0000004f
core   0: 0x8000682e (0x0ff0000f) fence   iorw,iorw
core   0: 3 0x8000682e (0x0ff0000f)
core   0: 0x80006832 (0x01496b33) or      s6, s2, s4
core   0: 3 0x80006832 (0x01496b33) x22 0xff80529f
core   0: 0x80006836 (0x0043b933) sltu    s2, t2, tp
core   0: 3 0x80006836 (0x0043b933) x18 0x00000000
core   0: 0x8000683a (0x0377ccb3) div     s9, a5, s7
core   0: 3 0x8000683a (0x0377ccb3) x25 0x00000000
core   0: 0x8000683e (0xed814593) xori    a1, sp, -296
core   0: 3 0x8000683e (0xed814593) x11 0xffffffe8
core   0: 0x80006842 (0x00000f21) c.addi  t5, 8
core   0: 3 0x80006842 (0x0f21) x30 0x9d8cd918
core   0: 0x80006844 (0x0000c289) c.beqz  a3, pc + 2
core   0: 3 0x80006844 (0xc289)
core   0: 0x80006846 (0x03057933) remu    s2, a0, a6
core   0: 3 0x80006846 (0x03057933) x18 0x00000000
core   0: 0x8000684a (0x05dae063) bltu    s5, t4, pc + 64
core   0: 3 0x8000684a (0x05dae063)
core   0: 0x8000688a (0xd9034f13) xori    t5, t1, -624
core   0: 3 0x8000688a (0xd9034f13) x30 0x7e6f0d10
core   0: 0x8000688e (0x026621b3) mulhsu  gp, a2, t1
core   0: 3 0x8000688e (0x026621b3) x3  0xbf38bac6
core   0: 0x80006892 (0x0ff0000f) fence   iorw,iorw
core   0: 3 0x80006892 (0x0ff0000f)
core   0: 0x80006896 (0x018388b3) add     a7, t2, s8
core   0: 3 0x80006896 (0x018388b3) x17 0x897e9d24
core   0: 0x8000689a (0x0ff0000f) fence   iorw,iorw
core   0: 3 0x8000689a (0x0ff0000f)
core   0: 0x8000689e (0x0286c4b3) div     s1, a3, s0
core   0: 3 0x8000689e (0x0286c4b3) x9  0xffffffff
core   0: 0x800068a2 (0x34002173) csrr    sp, mscratch
core   0: 3 0x800068a2 (0x34002173) x2  0x80025ea1
core   0: 0x800068a6 (0x0fc00213) li      tp, 252
core   0: 3 0x800068a6 (0x0fc00213) x4  0x000000fc
core   0: 0x800068aa (0x4b7bec93) ori     s9, s7, 1207
core   0: 3 0x800068aa (0x4b7bec93) x25 0x097ae4b7
core   0: 0x800068ae (0x00fe1f33) sll     t5, t3, a5
core   0: 3 0x800068ae (0x00fe1f33) x30 0x80029d24
core   0: 0x800068b2 (0x05ee4163) blt     t3, t5, pc + 66
core   0: 3 0x800068b2 (0x05ee4163)
core   0: 0x800068b6 (0x00008e0d) c.sub   a2, a1
core   0: 3 0x800068b6 (0x8e0d) x12 0x80025eb8
core   0: 0x800068b8 (0x59170793) addi    a5, a4, 1425
core   0: 3 0x800068b8 (0x59170793) x15 0x00000797
core   0: 0x800068bc (0x4130d4b3) sra     s1, ra, s3
core   0: 3 0x800068bc (0x4130d4b3) x9  0x00000000
core   0: 0x800068c0 (0x02fef133) remu    sp, t4, a5
core   0: 3 0x800068c0 (0x02fef133) x2  0x000000f5
core   0: 0x800068c4 (0x40cd5fb3) sra     t6, s10, a2
core   0: 3 0x800068c4 (0x40cd5fb3) x31 0x00000000
core   0: 0x800068c8 (0x004a4763) blt     s4, tp, pc + 14
core   0: 3 0x800068c8 (0x004a4763)
core   0: 0x800068d6 (0x340c23f3) csrrs   t2, mscratch, s8
core   0: 3 0x800068d6 (0x340c23f3) x7  0x80025ea1 c832_mscratch 0x8003ffa5
core   0: 0x800068da (0x00009fb6) c.add   t6, a3
core   0: 3 0x800068da (0x9fb6) x31 0x80025ea4
core   0: 0x800068dc (0x0ff0000f) fence   iorw,iorw
core   0: 3 0x800068dc (0x0ff0000f)
core   0: 0x800068e0 (0x01c47263) bgeu    s0, t3, pc + 4
core   0: 3 0x800068e0 (0x01c47263)
core   0: 0x800068e4 (0x02217863) bgeu    sp, sp, pc + 48
core   0: 3 0x800068e4 (0x02217863)
core   0: 0x80006914 (0x00008a21) c.andi  a2, 8
core   0: 3 0x80006914 (0x8a21) x12 0x00000008
core   0: 0x80006916 (0x00000001) c.nop
core   0: 3 0x80006916 (0x0001)
core   0: 0x80006918 (0x00000001) c.nop
core   0: 3 0x80006918 (0x0001)
core   0: 0x8000691a (0xba6fa313) slti    t1, t6, -1114
core   0: 3 0x8000691a (0xba6fa313) x6  0x00000001
core   0: 0x8000691e (0x572cad13) slti    s10, s9, 1394
core   0: 3 0x8000691e (0x572cad13) x26 0x00000000
core   0: 0x80006922 (0x00fe2a33) slt     s4, t3, a5
core   0: 3 0x80006922 (0x00fe2a33) x20 0x00000001
core   0: 0x80006926 (0x00009cfe) c.add   s9, t6
core   0: 3 0x80006926 (0x9cfe) x25 0x897d435b
core   0: 0x80006928 (0x00000c51) c.addi  s8, 20
core   0: 3 0x80006928 (0x0c51) x24 0x8003bd38
core   0: 0x8000692a (0x00000001) c.nop
core   0: 3 0x8000692a (0x0001)
core   0: 0x8000692c (0x01069893) slli    a7, a3, 16
core   0: 3 0x8000692c (0x01069893) x17 0x5ea40000
core   0: 0x80006930 (0x00008da1) c.xor   a1, s0
core   0: 3 0x80006930 (0x8da1) x11 0xffffffe8
core   0: 0x80006932 (0x00000001) c.nop
core   0: 3 0x80006932 (0x0001)
core   0: 0x80006934 (0x63964097) auipc   ra, 0x63964
core   0: 3 0x80006934 (0x63964097) x1  0xe396a934
core   0: 0x80006938 (0x000082d2) c.mv    t0, s4
core   0: 3 0x80006938 (0x82d2) x5  0x00000001
core   0: 0x8000693a (0x3402fa73) csrrci  s4, mscratch, 5
core   0: 3 0x8000693a (0x3402fa73) x20 0x8003ffa5 c832_mscratch 0x8003ffa0
core   0: 0x8000693e (0x000083bd) c.srli  a5, 15
core   0: 3 0x8000693e (0x83bd) x15 0x00000000
core   0: 0x80006940 (0xd8815117) auipc   sp, 0xd8815
core   0: 3 0x80006940 (0xd8815117) x2  0x5881b940
core   0: 0x80006944 (0x00d24663) blt     tp, a3, pc + 12
core   0: 3 0x80006944 (0x00d24663)
core   0: 0x80006948 (0x0000997d) c.andi  a0, -1
core   0: 3 0x80006948 (0x997d) x10 0x00000000
core   0: 0x8000694a (0x0000e491) c.bnez  s1, pc + 12
core   0: 3 0x8000694a (0xe491)
core   0: 0x8000694c (0x00f4f2b3) and     t0, s1, a5
core   0: 3 0x8000694c (0x00f4f2b3) x5  0x00000000
core   0: 0x80006950 (0x00000001) c.nop
core   0: 3 0x80006950 (0x0001)
core   0: 0x80006952 (0x00000729) c.addi  a4, 10
core   0: 3 0x80006952 (0x0729) x14 0x00000210
core   0: 0x80006954 (0x00008e4d) c.or    a2, a1
core   0: 3 0x80006954 (0x8e4d) x12 0xffffffe8
core   0: 0x80006956 (0x66c7adb7) lui     s11, 0x66c7a
core   0: 3 0x80006956 (0x66c7adb7) x27 0x66c7a000
core   0: 0x8000695a (0x00000809) c.addi  a6, 2
core   0: 3 0x8000695a (0x0809) x16 0x00000002
core   0: 0x8000695c (0xc4a9e993) ori     s3, s3, -950
core   0: 3 0x8000695c (0xc4a9e993) x19 0xfffffc7f
core   0: 0x80006960 (0x41bd5013) srai    zero, s10, 27
core   0: 3 0x80006960 (0x41bd5013)
core   0: 0x80006964 (0x00fab9b3) sltu    s3, s5, a5
core   0: 3 0x80006964 (0x00fab9b3) x19 0x00000000
core   0: 0x80006968 (0x01b82bb3) slt     s7, a6, s11
core   0: 3 0x80006968 (0x01b82bb3) x23 0x00000001
core   0: 0x8000696c (0x00008f5d) c.or    a4, a5
core   0: 3 0x8000696c (0x8f5d) x14 0x00000210
core   0: 0x8000696e (0x00008dca) c.mv    s11, s2
core   0: 3 0x8000696e (0x8dca) x27 0x00000000
core   0: 0x80006970 (0x02459363) bne     a1, tp, pc + 38
core   0: 3 0x80006970 (0x02459363)
core   0: 0x80006996 (0x340097f3) csrrw   a5, mscratch, ra
core   0: 3 0x80006996 (0x340097f3) x15 0x8003ffa0 c832_mscratch 0xe396a934
core   0: 0x8000699a (0x8a6da813) slti    a6, s11, -1882
core   0: 3 0x8000699a (0x8a6da813) x16 0x00000000
core   0: 0x8000699e (0x0000839a) c.mv    t2, t1
core   0: 3 0x8000699e (0x839a) x7  0x00000001
core   0: 0x800069a0 (0x00001710) c.addi4spn a2, sp, 928
core   0: 3 0x800069a0 (0x1710) x12 0x5881bce0
core   0: 0x800069a2 (0x00005f7d) c.li    t5, -1
core   0: 3 0x800069a2 (0x5f7d) x30 0xffffffff
core   0: 0x800069a4 (0x53350793) addi    a5, a0, 1331
core   0: 3 0x800069a4 (0x53350793) x15 0x00000533
core   0: 0x800069a8 (0x02b35133) divu    sp, t1, a1
core   0: 3 0x800069a8 (0x02b35133) x2  0x00000000
core   0: 0x800069ac (0x00008ce5) c.and   s1, s1
core   0: 3 0x800069ac (0x8ce5) x9  0x00000000
core   0: 0x800069ae (0x00119a13) slli    s4, gp, 1
core   0: 3 0x800069ae (0x00119a13) x20 0x7e71758c
core   0: 0x800069b2 (0x0000ab97) auipc   s7, 0xa
core   0: 3 0x800069b2 (0x0000ab97) x23 0x800109b2
core   0: 0x800069b6 (0x5ceb8b93) addi    s7, s7, 1486
core   0: 3 0x800069b6 (0x5ceb8b93) x23 0x80010f80
core   0: 0x800069ba (0xff4b9603) lh      a2, -12(s7)
core   0: 3 0x800069ba (0xff4b9603) x12 0x00002e2f mem 0x80010f74
core   0: 0x800069be (0x2c753193) sltiu   gp, a0, 711
core   0: 3 0x800069be (0x2c753193) x3  0x00000001
core   0: 0x800069c2 (0x03ab8a03) lb      s4, 58(s7)
core   0: 3 0x800069c2 (0x03ab8a03) x20 0x00000071 mem 0x80010fba
core   0: 0x800069c6 (0xfe5b8023) sb      t0, -32(s7)
core   0: 3 0x800069c6 (0xfe5b8023) mem 0x80010f60 0x00
core   0: 0x800069ca (0x00000594) c.addi4spn a3, sp, 704
core   0: 3 0x800069ca (0x0594) x13 0x000002c0
core   0: 0x800069cc (0x017b9623) sh      s7, 12(s7)
core   0: 3 0x800069cc (0x017b9623) mem 0x80010f8c 0x0f80
core   0: 0x800069d0 (0x010ba083) lw      ra, 16(s7)
core   0: 3 0x800069d0 (0x010ba083) x1  0x48494a4b mem 0x80010f90
core   0: 0x800069d4 (0x1be20593) addi    a1, tp, 446
core   0: 3 0x800069d4 (0x1be20593) x11 0x000002ba
core   0: 0x800069d8 (0xfe9b89a3) sb      s1, -13(s7)
core   0: 3 0x800069d8 (0xfe9b89a3) mem 0x80010f73 0x00
core   0: 0x800069dc (0xff5b8503) lb      a0, -11(s7)
core   0: 3 0x800069dc (0xff5b8503) x10 0x0000002e mem 0x80010f75
core   0: 0x800069e0 (0x00fb85a3) sb      a5, 11(s7)
core   0: 3 0x800069e0 (0x00fb85a3) mem 0x80010f8b 0x33
core   0: 0x800069e4 (0xfc2b9f83) lh      t6, -62(s7)
core   0: 3 0x800069e4 (0xfc2b9f83) x31 0xfffff8f9 mem 0x80010f42
core   0: 0x800069e8 (0x02db8aa3) sb      a3, 53(s7)
core   0: 3 0x800069e8 (0x02db8aa3) mem 0x80010fb5 0xc0
core   0: 0x800069ec (0xffdbc183) lbu     gp, -3(s7)
core   0: 3 0x800069ec (0xffdbc183) x3  0x00000036 mem 0x80010f7d
core   0: 0x800069f0 (0x0000616d) c.addi16sp sp, 240
core   0: 3 0x800069f0 (0x616d) x2  0x000000f0
core   0: 0x800069f2 (0x02eb8603) lb      a2, 46(s7)
core   0: 3 0x800069f2 (0x02eb8603) x12 0x00000065 mem 0x80010fae
core   0: 0x800069f6 (0xfc8bd783) lhu     a5, -56(s7)
core   0: 3 0x800069f6 (0xfc8bd783) x15 0x00000000 mem 0x80010f48
core   0: 0x800069fa (0x00008f41) c.or    a4, s0
core   0: 3 0x800069fa (0x8f41) x14 0x00000210
core   0: 0x800069fc (0x01bb87a3) sb      s11, 15(s7)
core   0: 3 0x800069fc (0x01bb87a3) mem 0x80010f8f 0x00
core   0: 0x80006a00 (0xfd9b9423) sh      s9, -56(s7)
core   0: 3 0x80006a00 (0xfd9b9423) mem 0x80010f48 0x435b
core   0: 0x80006a04 (0x00b61a13) slli    s4, a2, 11
core   0: 3 0x80006a04 (0x00b61a13) x20 0x00032800
core   0: 0x80006a08 (0x01fb8523) sb      t6, 10(s7)
core   0: 3 0x80006a08 (0x01fb8523) mem 0x80010f8a 0xf9
core   0: 0x80006a0c (0x00008f1d) c.sub   a4, a5
core   0: 3 0x80006a0c (0x8f1d) x14 0x00000210
core   0: 0x80006a0e (0x340e32f3) csrrc   t0, mscratch, t3
core   0: 3 0x80006a0e (0x340e32f3) x5  0xe396a934 c832_mscratch 0x63942010
core   0: 0x80006a12 (0x00006989) c.lui   s3, 0x2
core   0: 3 0x80006a12 (0x6989) x19 0x00002000
core   0: 0x80006a14 (0x97792293) slti    t0, s2, -1673
core   0: 3 0x80006a14 (0x97792293) x5  0x00000000
core   0: 0x80006a18 (0x00000001) c.nop
core   0: 3 0x80006a18 (0x0001)
core   0: 0x80006a1a (0x033bcf03) lbu     t5, 51(s7)
core   0: 3 0x80006a1a (0x033bcf03) x30 0x00000068 mem 0x80010fb3
core   0: 0x80006a1e (0x31856513) ori     a0, a0, 792
core   0: 3 0x80006a1e (0x31856513) x10 0x0000033e
core   0: 0x80006a22 (0x07a9ba13) sltiu   s4, s3, 122
core   0: 3 0x80006a22 (0x07a9ba13) x20 0x00000000
core   0: 0x80006a26 (0x02ab8ba3) sb      a0, 55(s7)
core   0: 3 0x80006a26 (0x02ab8ba3) mem 0x80010fb7 0x3e
core   0: 0x80006a2a (0x000085a9) c.srai  a1, 10
core   0: 3 0x80006a2a (0x85a9) x11 0x00000000
core   0: 0x80006a2c (0x03abcd03) lbu     s10, 58(s7)
core   0: 3 0x80006a2c (0x03abcd03) x26 0x00000071 mem 0x80010fba
core   0: 0x80006a30 (0x34085873) csrrwi  a6, mscratch, 16
core   0: 3 0x80006a30 (0x34085873) x16 0x63942010 c832_mscratch 0x00000010
core   0: 0x80006a34 (0x017b8f03) lb      t5, 23(s7)
core   0: 3 0x80006a34 (0x017b8f03) x30 0x0000004c mem 0x80010f97
core   0: 0x80006a38 (0x012bcf83) lbu     t6, 18(s7)
core   0: 3 0x80006a38 (0x012bcf83) x31 0x00000049 mem 0x80010f92
core   0: 0x80006a3c (0x037bcc03) lbu     s8, 55(s7)
core   0: 3 0x80006a3c (0x037bcc03) x24 0x0000003e mem 0x80010fb7
core   0: 0x80006a40 (0xfc7b8ca3) sb      t2, -39(s7)
core   0: 3 0x80006a40 (0xfc7b8ca3) mem 0x80010f59 0x01
core   0: 0x80006a44 (0xfd9bc683) lbu     a3, -39(s7)
core   0: 3 0x80006a44 (0xfd9bc683) x13 0x00000001 mem 0x80010f59
core   0: 0x80006a48 (0x03787633) remu    a2, a6, s7
core   0: 3 0x80006a48 (0x03787633) x12 0x63942010
core   0: 0x80006a4c (0x0000717d) c.addi16sp sp, -16
core   0: 3 0x80006a4c (0x717d) x2  0x000000e0
core   0: 0x80006a4e (0x00008131) c.srli  a0, 12
core   0: 3 0x80006a4e (0x8131) x10 0x00000000
core   0: 0x80006a50 (0x01f90533) add     a0, s2, t6
core   0: 3 0x80006a50 (0x01f90533) x10 0x00000049
core   0: 0x80006a54 (0x00001710) c.addi4spn a2, sp, 928
core   0: 3 0x80006a54 (0x1710) x12 0x00000480
core   0: 0x80006a56 (0x00001690) c.addi4spn a2, sp, 864
core   0: 3 0x80006a56 (0x1690) x12 0x00000440
core   0: 0x80006a58 (0x0000e119) c.bnez  a0, pc + 6
core   0: 3 0x80006a58 (0xe119)
core   0: 0x80006a5e (0x3405daf3) csrrwi  s5, mscratch, 11
core   0: 3 0x80006a5e (0x3405daf3) x21 0x00000010 c832_mscratch 0x0000000b
core   0: 0x80006a62 (0x340273f3) csrrci  t2, mscratch, 4
core   0: 3 0x80006a62 (0x340273f3) x7  0x0000000b c832_mscratch 0x0000000b
core   0: 0x80006a66 (0x02d8f6b3) remu    a3, a7, a3
core   0: 3 0x80006a66 (0x02d8f6b3) x13 0x00000000
core   0: 0x80006a6a (0x00714233) xor     tp, sp, t2
core   0: 3 0x80006a6a (0x00714233) x4  0x000000eb
core   0: 0x80006a6e (0x022a92b3) mulh    t0, s5, sp
core   0: 3 0x80006a6e (0x022a92b3) x5  0x00000000
core   0: 0x80006a72 (0x000064b1) c.lui   s1, 0xc
core   0: 3 0x80006a72 (0x64b1) x9  0x0000c000
core   0: 0x80006a74 (0x34041773) csrrw   a4, mscratch, s0
core   0: 3 0x80006a74 (0x34041773) x14 0x0000000b c832_mscratch 0x00000000
core   0: 0x80006a78 (0x0340d1b3) divu    gp, ra, s4
core   0: 3 0x80006a78 (0x0340d1b3) x3  0xffffffff
core   0: 0x80006a7c (0x00008832) c.mv    a6, a2
core   0: 3 0x80006a7c (0x8832) x16 0x00000440
core   0: 0x80006a7e (0x34009cf3) csrrw   s9, mscratch, ra
core   0: 3 0x80006a7e (0x34009cf3) x25 0x00000000 c832_mscratch 0x48494a4b
core   0: 0x80006a82 (0x006e9863) bne     t4, t1, pc + 16
core   0: 3 0x80006a82 (0x006e9863)
core   0: 0x80006a92 (0x01e21e63) bne     tp, t5, pc + 28
core   0: 3 0x80006a92 (0x01e21e63)
core   0: 0x80006aae (0x000043a9) c.li    t2, 10
core   0: 3 0x80006aae (0x43a9) x7  0x0000000a
core   0: 0x80006ab0 (0x013f5463) bge     t5, s3, pc + 8
core   0: 3 0x80006ab0 (0x013f5463)
core   0: 0x80006ab4 (0x01b14663) blt     sp, s11, pc + 12
core   0: 3 0x80006ab4 (0x01b14663)
core   0: 0x80006ab8 (0x01a20833) add     a6, tp, s10
core   0: 3 0x80006ab8 (0x01a20833) x16 0x0000015c
core   0: 0x80006abc (0x0000612d) c.addi16sp sp, 224
core   0: 3 0x80006abc (0x612d) x2  0x000001c0
core   0: 0x80006abe (0x0000e90d) c.bnez  a0, pc + 50
core   0: 3 0x80006abe (0xe90d)
core   0: 0x80006af0 (0x2b746213) ori     tp, s0, 695
core   0: 3 0x80006af0 (0x2b746213) x4  0x000002b7
core   0: 0x80006af4 (0x02ba9233) mulh    tp, s5, a1
core   0: 3 0x80006af4 (0x02ba9233) x4  0x00000000
core   0: 0x80006af8 (0x024fb533) mulhu   a0, t6, tp
core   0: 3 0x80006af8 (0x024fb533) x10 0x00000000
core   0: 0x80006afc (0x029b6b63) bltu    s6, s1, pc + 54
core   0: 3 0x80006afc (0x029b6b63)
core   0: 0x80006b00 (0x000082bd) c.srli  a3, 15
core   0: 3 0x80006b00 (0x82bd) x13 0x00000000
core   0: 0x80006b02 (0x74197713) andi    a4, s2, 1857
core   0: 3 0x80006b02 (0x74197713) x14 0x00000000
core   0: 0x80006b06 (0x028324b3) mulhsu  s1, t1, s0
core   0: 3 0x80006b06 (0x028324b3) x9  0x00000000
core   0: 0x80006b0a (0x009cc8b3) xor     a7, s9, s1
core   0: 3 0x80006b0a (0x009cc8b3) x17 0x00000000
core   0: 0x80006b0e (0xde10f4b7) lui     s1, 0xde10f
core   0: 3 0x80006b0e (0xde10f4b7) x9  0xde10f000
core   0: 0x80006b12 (0xd2d72b13) slti    s6, a4, -723
core   0: 3 0x80006b12 (0xd2d72b13) x22 0x00000000
core   0: 0x80006b16 (0x3400dd73) csrrwi  s10, mscratch, 1
core   0: 3 0x80006b16 (0x3400dd73) x26 0x48494a4b c832_mscratch 0x00000001
core   0: 0x80006b1a (0x340074f3) csrrci  s1, mscratch, 0
core   0: 3 0x80006b1a (0x340074f3) x9  0x00000001
core   0: 0x80006b1e (0x00006f41) c.lui   t5, 0x10
core   0: 3 0x80006b1e (0x6f41) x30 0x00010000
core   0: 0x80006b20 (0x00009bfd) c.andi  a5, -1
core   0: 3 0x80006b20 (0x9bfd) x15 0x00000000
core   0: 0x80006b22 (0x00004345) c.li    t1, 17
core   0: 3 0x80006b22 (0x4345) x6  0x00000011
core   0: 0x80006b24 (0x01c48b63) beq     s1, t3, pc + 22
core   0: 3 0x80006b24 (0x01c48b63)
core   0: 0x80006b28 (0x0ff0000f) fence   iorw,iorw
core   0: 3 0x80006b28 (0x0ff0000f)
core   0: 0x80006b2c (0x0000e231) c.bnez  a2, pc + 68
core   0: 3 0x80006b2c (0xe231)
core   0: 0x80006b70 (0x00d73033) sltu    zero, a4, a3
core   0: 3 0x80006b70 (0x00d73033)
core   0: 0x80006b74 (0x03e67b63) bgeu    a2, t5, pc + 54
core   0: 3 0x80006b74 (0x03e67b63)
core   0: 0x80006b78 (0x03f9ffb3) remu    t6, s3, t6
core   0: 3 0x80006b78 (0x03f9ffb3) x31 0x00000010
core   0: 0x80006b7c (0x0000e919) c.bnez  a0, pc + 22
core   0: 3 0x80006b7c (0xe919)
core   0: 0x80006b7e (0x76eff213) andi    tp, t6, 1902
core   0: 3 0x80006b7e (0x76eff213) x4  0x00000000
core   0: 0x80006b82 (0x0000083a) c.slli  a6, 14
core   0: 3 0x80006b82 (0x083a) x16 0x00570000
core   0: 0x80006b84 (0x01412b93) slti    s7, sp, 20
core   0: 3 0x80006b84 (0x01412b93) x23 0x00000000
core   0: 0x80006b88 (0x0000ce8d) c.beqz  a3, pc + 58
core   0: 3 0x80006b88 (0xce8d)
core   0: 0x80006bc2 (0x01f6e1b3) or      gp, a3, t6
core   0: 3 0x80006bc2 (0x01f6e1b3) x3  0x00000010
core   0: 0x80006bc6 (0x00008d81) c.sub   a1, s0
core   0: 3 0x80006bc6 (0x8d81) x11 0x00000000
core   0: 0x80006bc8 (0x00006111) c.addi16sp sp, 256
core   0: 3 0x80006bc8 (0x6111) x2  0x000002c0
core   0: 0x80006bca (0xda15a993) slti    s3, a1, -607
core   0: 3 0x80006bca (0xda15a993) x19 0x00000000
core   0: 0x80006bce (0x025c4f33) div     t5, s8, t0
core   0: 3 0x80006bce (0x025c4f33) x30 0xffffffff
core   0: 0x80006bd2 (0x000052fd) c.li    t0, -1
core   0: 3 0x80006bd2 (0x52fd) x5  0xffffffff
core   0: 0x80006bd4 (0x34023bf3) csrrc   s7, mscratch, tp
core   0: 3 0x80006bd4 (0x34023bf3) x23 0x00000001 c832_mscratch 0x00000001
core   0: 0x80006bd8 (0x016cff33) and     t5, s9, s6
core   0: 3 0x80006bd8 (0x016cff33) x30 0x00000000
core   0: 0x80006bdc (0x00000001) c.nop
core   0: 3 0x80006bdc (0x0001)
core   0: 0x80006bde (0x01443fb3) sltu    t6, s0, s4
core   0: 3 0x80006bde (0x01443fb3) x31 0x00000000
core   0: 0x80006be2 (0x017922b3) slt     t0, s2, s7
core   0: 3 0x80006be2 (0x017922b3) x5  0x00000001
core   0: 0x80006be6 (0x34083a73) csrrc   s4, mscratch, a6
core   0: 3 0x80006be6 (0x34083a73) x20 0x00000001 c832_mscratch 0x00000001
core   0: 0x80006bea (0x0f07f693) andi    a3, a5, 240
core   0: 3 0x80006bea (0x0f07f693) x13 0x00000000
core   0: 0x80006bee (0x00008b19) c.andi  a4, 6
core   0: 3 0x80006bee (0x8b19) x14 0x00000000
core   0: 0x80006bf0 (0x0000100f) fence.i
core   0: 3 0x80006bf0 (0x0000100f)
core   0: 0x80006bf4 (0x0000663d) c.lui   a2, 0xf
core   0: 3 0x80006bf4 (0x663d) x12 0x0000f000
core   0: 0x80006bf6 (0x0000060d) c.addi  a2, 3
core   0: 3 0x80006bf6 (0x060d) x12 0x0000f003
core   0: 0x80006bf8 (0x34022973) csrrs   s2, mscratch, tp
core   0: 3 0x80006bf8 (0x34022973) x18 0x00000001 c832_mscratch 0x00000001
core   0: 0x80006bfc (0x0000717d) c.addi16sp sp, -16
core   0: 3 0x80006bfc (0x717d) x2  0x000002b0
core   0: 0x80006bfe (0x246d3a13) sltiu   s4, s10, 582
core   0: 3 0x80006bfe (0x246d3a13) x20 0x00000000
core   0: 0x80006c02 (0x0349acb3) mulhsu  s9, s3, s4
core   0: 3 0x80006c02 (0x0349acb3) x25 0x00000000
core   0: 0x80006c06 (0x06983693) sltiu   a3, a6, 105
core   0: 3 0x80006c06 (0x06983693) x13 0x00000000
core   0: 0x80006c0a (0x00b26933) or      s2, tp, a1
core   0: 3 0x80006c0a (0x00b26933) x18 0x00000000
core   0: 0x80006c0e (0x00008551) c.srai  a0, 20
core   0: 3 0x80006c0e (0x8551) x10 0x00000000
core   0: 0x80006c10 (0x02ff6033) rem     zero, t5, a5
core   0: 3 0x80006c10 (0x02ff6033)
core   0: 0x80006c14 (0x0039f533) and     a0, s3, gp
core   0: 3 0x80006c14 (0x0039f533) x10 0x00000000
core   0: 0x80006c18 (0x00008f2d) c.xor   a4, a1
core   0: 3 0x80006c18 (0x8f2d) x14 0x00000000
core   0: 0x80006c1a (0x02a8f133) remu    sp, a7, a0
core   0: 3 0x80006c1a (0x02a8f133) x2  0x00000000
core   0: 0x80006c1e (0x000046fd) c.li    a3, 31
core   0: 3 0x80006c1e (0x46fd) x13 0x0000001f
core   0: 0x80006c20 (0x8de76d13) ori     s10, a4, -1826
core   0: 3 0x80006c20 (0x8de76d13) x26 0xfffff8de
core   0: 0x80006c24 (0x40890b33) sub     s6, s2, s0
core   0: 3 0x80006c24 (0x40890b33) x22 0x00000000
core   0: 0x80006c28 (0x70b47f93) andi    t6, s0, 1803
core   0: 3 0x80006c28 (0x70b47f93) x31 0x00000000
core   0: 0x80006c2c (0x00008ca1) c.xor   s1, s0
core   0: 3 0x80006c2c (0x8ca1) x9  0x00000001
core   0: 0x80006c2e (0xdc755c37) lui     s8, 0xdc755
core   0: 3 0x80006c2e (0xdc755c37) x24 0xdc755000
core   0: 0x80006c32 (0x000084c5) c.srai  s1, 17
core   0: 3 0x80006c32 (0x84c5) x9  0x00000000
core   0: 0x80006c34 (0x03761863) bne     a2, s7, pc + 48
core   0: 3 0x80006c34 (0x03761863)
core   0: 0x80006c64 (0x00000001) c.nop
core   0: 3 0x80006c64 (0x0001)
core   0: 0x80006c66 (0x41ff8cb3) sub     s9, t6, t6
core   0: 3 0x80006c66 (0x41ff8cb3) x25 0x00000000
core   0: 0x80006c6a (0x00008e55) c.or    a2, a3
core   0: 3 0x80006c6a (0x8e55) x12 0x0000f01f
core   0: 0x80006c6c (0x001eb1b3) sltu    gp, t4, ra
core   0: 3 0x80006c6c (0x001eb1b3) x3  0x00000000
core   0: 0x80006c70 (0x00008e5d) c.or    a2, a5
core   0: 3 0x80006c70 (0x8e5d) x12 0x0000f01f
core   0: 0x80006c72 (0x0000eb95) c.bnez  a5, pc + 52
core   0: 3 0x80006c72 (0xeb95)
core   0: 0x80006c74 (0x340032f3) csrrc   t0, mscratch, zero
core   0: 3 0x80006c74 (0x340032f3) x5  0x00000001
core   0: 0x80006c78 (0x00d89033) sll     zero, a7, a3
core   0: 3 0x80006c78 (0x00d89033)
core   0: 0x80006c7c (0x00009a7d) c.andi  a2, -1
core   0: 3 0x80006c7c (0x9a7d) x12 0x0000f01f
core   0: 0x80006c7e (0x00008d55) c.or    a0, a3
core   0: 3 0x80006c7e (0x8d55) x10 0x0000001f
core   0: 0x80006c80 (0x00008f2e) c.mv    t5, a1
core   0: 3 0x80006c80 (0x8f2e) x30 0x00000000
core   0: 0x80006c82 (0x000056fd) c.li    a3, -1
core   0: 3 0x80006c82 (0x56fd) x13 0xffffffff
core   0: 0x80006c84 (0x00000001) c.nop
core   0: 3 0x80006c84 (0x0001)
core   0: 0x80006c86 (0x0216b7b3) mulhu   a5, a3, ra
core   0: 3 0x80006c86 (0x0216b7b3) x15 0x48494a4a
core   0: 0x80006c8a (0x021b9ab3) mulh    s5, s7, ra
core   0: 3 0x80006c8a (0x021b9ab3) x21 0x00000000
core   0: 0x80006c8e (0xeff3b313) sltiu   t1, t2, -257
core   0: 3 0x80006c8e (0xeff3b313) x6  0x00000001
core   0: 0x80006c92 (0x00a27663) bgeu    tp, a0, pc + 12
core   0: 3 0x80006c92 (0x00a27663)
core   0: 0x80006c96 (0x016afbb3) and     s7, s5, s6
core   0: 3 0x80006c96 (0x016afbb3) x23 0x00000000
core   0: 0x80006c9a (0x03fc3fb3) mulhu   t6, s8, t6
core   0: 3 0x80006c9a (0x03fc3fb3) x31 0x00000000
core   0: 0x80006c9e (0x00cbffb3) and     t6, s7, a2
core   0: 3 0x80006c9e (0x00cbffb3) x31 0x00000000
core   0: 0x80006ca2 (0x0000815a) c.mv    sp, s6
core   0: 3 0x80006ca2 (0x815a) x2  0x00000000
core   0: 0x80006ca4 (0x00008ca1) c.xor   s1, s0
core   0: 3 0x80006ca4 (0x8ca1) x9  0x00000000
core   0: 0x80006ca6 (0x00b0e7b3) or      a5, ra, a1
core   0: 3 0x80006ca6 (0x00b0e7b3) x15 0x48494a4b
core   0: 0x80006caa (0xa1d15237) lui     tp, 0xa1d15
core   0: 3 0x80006caa (0xa1d15237) x4  0xa1d15000
core   0: 0x80006cae (0x000090be) c.add   ra, a5
core   0: 3 0x80006cae (0x90be) x1  0x90929496
core   0: 0x80006cb0 (0xb9ed4a17) auipc   s4, 0xb9ed4
core   0: 3 0x80006cb0 (0xb9ed4a17) x20 0x39edacb0
core   0: 0x80006cb4 (0x00009126) c.add   sp, s1
core   0: 3 0x80006cb4 (0x9126) x2  0x00000000
core   0: 0x80006cb6 (0x02e98c33) mul     s8, s3, a4
core   0: 3 0x80006cb6 (0x02e98c33) x24 0x00000000
core   0: 0x80006cba (0x340f9c73) csrrw   s8, mscratch, t6
core   0: 3 0x80006cba (0x340f9c73) x24 0x00000001 c832_mscratch 0x00000000
core   0: 0x80006cbe (0x00008dbd) c.xor   a1, a5
core   0: 3 0x80006cbe (0x8dbd) x11 0x48494a4b
core   0: 0x80006cc0 (0xbeb5f013) andi    zero, a1, -1045
core   0: 3 0x80006cc0 (0xbeb5f013)
core   0: 0x80006cc4 (0x026f8bb3) mul     s7, t6, t1
core   0: 3 0x80006cc4 (0x026f8bb3) x23 0x00000000
core   0: 0x80006cc8 (0x019d1f13) slli    t5, s10, 25
core   0: 3 0x80006cc8 (0x019d1f13) x30 0xbc000000
core   0: 0x80006ccc (0x00008195) c.srli  a1, 5
core   0: 3 0x80006ccc (0x8195) x11 0x02424a52
core   0: 0x80006cce (0x035a0bb3) mul     s7, s4, s5
core   0: 3 0x80006cce (0x035a0bb3) x23 0x00000000
core   0: 0x80006cd2 (0x34007f73) csrrci  t5, mscratch, 0
core   0: 3 0x80006cd2 (0x34007f73) x30 0x00000000
core   0: 0x80006cd6 (0x00006a21) c.lui   s4, 0x8
core   0: 3 0x80006cd6 (0x6a21) x20 0x00008000
core   0: 0x80006cd8 (0x000087b9) c.srai  a5, 14
core   0: 3 0x80006cd8 (0x87b9) x15 0x00012125
core   0: 0x80006cda (0x135a17b7) lui     a5, 0x135a1
core   0: 3 0x80006cda (0x135a17b7) x15 0x135a1000
core   0: 0x80006cde (0x0000ce0d) c.beqz  a2, pc + 58
core   0: 3 0x80006cde (0xce0d)
core   0: 0x80006ce0 (0x00009daa) c.add   s11, a0
core   0: 3 0x80006ce0 (0x9daa) x27 0x0000001f
core   0: 0x80006ce2 (0x00000001) c.nop
core   0: 3 0x80006ce2 (0x0001)
core   0: 0x80006ce4 (0x00469463) bne     a3, tp, pc + 8
core   0: 3 0x80006ce4 (0x00469463)
core   0: 0x80006cec (0x00006a5d) c.lui   s4, 0x17
core   0: 3 0x80006cec (0x6a5d) x20 0x00017000
core   0: 0x80006cee (0x0000895e) c.mv    s2, s7
core   0: 3 0x80006cee (0x895e) x18 0x00000000
core   0: 0x80006cf0 (0x0000ea19) c.bnez  a2, pc + 22
core   0: 3 0x80006cf0 (0xea19)
core   0: 0x80006d06 (0x000048e9) c.li    a7, 26
core   0: 3 0x80006d06 (0x48e9) x17 0x0000001a
core   0: 0x80006d08 (0x008d5b33) srl     s6, s10, s0
core   0: 3 0x80006d08 (0x008d5b33) x22 0xfffff8de
core   0: 0x80006d0c (0x01ee3f33) sltu    t5, t3, t5
core   0: 3 0x80006d0c (0x01ee3f33) x30 0x00000000
core   0: 0x80006d10 (0x3404faf3) csrrci  s5, mscratch, 9
core   0: 3 0x80006d10 (0x3404faf3) x21 0x00000000 c832_mscratch 0x00000000
core   0: 0x80006d14 (0x01005db3) srl     s11, zero, a6
core   0: 3 0x80006d14 (0x01005db3) x27 0x00000000
core   0: 0x80006d18 (0xe6e20c93) addi    s9, tp, -402
core   0: 3 0x80006d18 (0xe6e20c93) x25 0xa1d14e6e
core   0: 0x80006d1c (0x01eaabb3) slt     s7, s5, t5
core   0: 3 0x80006d1c (0x01eaabb3) x23 0x00000000
core   0: 0x80006d20 (0x0d50b813) sltiu   a6, ra, 213
core   0: 3 0x80006d20 (0x0d50b813) x16 0x00000000
core   0: 0x80006d24 (0x00135f17) auipc   t5, 0x135
core   0: 3 0x80006d24 (0x00135f17) x30 0x8013bd24
core   0: 0x80006d28 (0x4beb4f13) xori    t5, s6, 1214
core   0: 3 0x80006d28 (0x4beb4f13) x30 0xfffffc60
core   0: 0x80006d2c (0xe7ce5d37) lui     s10, 0xe7ce5
core   0: 3 0x80006d2c (0xe7ce5d37) x26 0xe7ce5000
core   0: 0x80006d30 (0x000081a1) c.srli  a1, 8
core   0: 3 0x80006d30 (0x81a1) x11 0x0002424a
core   0: 0x80006d32 (0x038aabb3) mulhsu  s7, s5, s8
core   0: 3 0x80006d32 (0x038aabb3) x23 0x00000000
core   0: 0x80006d36 (0x036df833) remu    a6, s11, s6
core   0: 3 0x80006d36 (0x036df833) x16 0x00000000
core   0: 0x80006d3a (0x03c53c33) mulhu   s8, a0, t3
core   0: 3 0x80006d3a (0x03c53c33) x24 0x0000000f
core   0: 0x80006d3e (0x02db69b3) rem     s3, s6, a3
core   0: 3 0x80006d3e (0x02db69b3) x19 0x00000000
core   0: 0x80006d42 (0xc5e62017) auipc   zero, 0xc5e62
core   0: 3 0x80006d42 (0xc5e62017)
core   0: 0x80006d46 (0x00a53133) sltu    sp, a0, a0
core   0: 3 0x80006d46 (0x00a53133) x2  0x00000000
core   0: 0x80006d4a (0x41788a33) sub     s4, a7, s7
core   0: 3 0x80006d4a (0x41788a33) x20 0x0000001a
core   0: 0x80006d4e (0x00395133) srl     sp, s2, gp
core   0: 3 0x80006d4e (0x00395133) x2  0x00000000
core   0: 0x80006d52 (0x00008f92) c.mv    t6, tp
core   0: 3 0x80006d52 (0x8f92) x31 0xa1d15000
core   0: 0x80006d54 (0x01009cb3) sll     s9, ra, a6
core   0: 3 0x80006d54 (0x01009cb3) x25 0x90929496
core   0: 0x80006d58 (0x006f1cb3) sll     s9, t5, t1
core   0: 3 0x80006d58 (0x006f1cb3) x25 0xfffff8c0
core   0: 0x80006d5c (0x00005a7d) c.li    s4, -1
core   0: 3 0x80006d5c (0x5a7d) x20 0xffffffff
core   0: 0x80006d5e (0x0000855d) c.srai  a0, 23
core   0: 3 0x80006d5e (0x855d) x10 0x00000000
core   0: 0x80006d60 (0x00009c46) c.add   s8, a7
core   0: 3 0x80006d60 (0x9c46) x24 0x00000029
core   0: 0x80006d62 (0x011be963) bltu    s7, a7, pc + 18
core   0: 3 0x80006d62 (0x011be963)
core   0: 0x80006d74 (0x35f28913) addi    s2, t0, 863
core   0: 3 0x80006d74 (0x35f28913) x18 0x00000360
core   0: 0x80006d78 (0x00000001) c.nop
core   0: 3 0x80006d78 (0x0001)
core   0: 0x80006d7a (0x00006115) c.addi16sp sp, 288
core   0: 3 0x80006d7a (0x6115) x2  0x00000120
core   0: 0x80006d7c (0x1f3e8f17) auipc   t5, 0x1f3e8
core   0: 3 0x80006d7c (0x1f3e8f17) x30 0x9f3eed7c
core   0: 0x80006d80 (0x03fba5b3) mulhsu  a1, s7, t6
core   0: 3 0x80006d80 (0x03fba5b3) x11 0x00000000
core   0: 0x80006d84 (0x00008e85) c.sub   a3, s1
core   0: 3 0x80006d84 (0x8e85) x13 0xffffffff
core   0: 0x80006d86 (0x00008d19) c.sub   a0, a4
core   0: 3 0x80006d86 (0x8d19) x10 0x00000000
core   0: 0x80006d88 (0x009be3b3) or      t2, s7, s1
core   0: 3 0x80006d88 (0x009be3b3) x7  0x00000000
core   0: 0x80006d8c (0x00008f06) c.mv    t5, ra
core   0: 3 0x80006d8c (0x8f06) x30 0x90929496
core   0: 0x80006d8e (0x01247633) and     a2, s0, s2
core   0: 3 0x80006d8e (0x01247633) x12 0x00000000
core   0: 0x80006d92 (0x00009b7d) c.andi  a4, -1
core   0: 3 0x80006d92 (0x9b7d) x14 0x00000000
core   0: 0x80006d94 (0x34006773) csrrsi  a4, mscratch, 0
core   0: 3 0x80006d94 (0x34006773) x14 0x00000000
core   0: 0x80006d98 (0x0ff0000f) fence   iorw,iorw
core   0: 3 0x80006d98 (0x0ff0000f)
core   0: 0x80006d9c (0x406f8333) sub     t1, t6, t1
core   0: 3 0x80006d9c (0x406f8333) x6  0xa1d14fff
core   0: 0x80006da0 (0x0000100f) fence.i
core   0: 3 0x80006da0 (0x0000100f)
core   0: 0x80006da4 (0x0000a697) auipc   a3, 0xa
core   0: 3 0x80006da4 (0x0000a697) x13 0x80010da4
core   0: 0x80006da8 (0xdce68693) addi    a3, a3, -562
core   0: 3 0x80006da8 (0xdce68693) x13 0x80010b72
core   0: 0x80006dac (0x01ac9313) slli    t1, s9, 26
core   0: 3 0x80006dac (0x01ac9313) x6  0x00000000
core   0: 0x80006db0 (0x0446cf83) lbu     t6, 68(a3)
core   0: 3 0x80006db0 (0x0446cf83) x31 0x0000006d mem 0x80010bb6
core   0: 0x80006db4 (0xf7f688a3) sb      t6, -143(a3)
core   0: 3 0x80006db4 (0xf7f688a3) mem 0x80010ae3 0x6d
core   0: 0x80006db8 (0x010d9713) slli    a4, s11, 16
core   0: 3 0x80006db8 (0x010d9713) x14 0x00000000
core   0: 0x80006dbc (0x0040f9b3) and     s3, ra, tp
core   0: 3 0x80006dbc (0x0040f9b3) x19 0x80901000
core   0: 0x80006dc0 (0x06e68c23) sb      a4, 120(a3)
core   0: 3 0x80006dc0 (0x06e68c23) mem 0x80010bea 0x00
core   0: 0x80006dc4 (0x81bfd237) lui     tp, 0x81bfd
core   0: 3 0x80006dc4 (0x81bfd237) x4  0x81bfd000
core   0: 0x80006dc8 (0x0000100f) fence.i
core   0: 3 0x80006dc8 (0x0000100f)
core   0: 0x80006dcc (0xf2368ea3) sb      gp, -195(a3)
core   0: 3 0x80006dcc (0xf2368ea3) mem 0x80010aaf 0x00
core   0: 0x80006dd0 (0xfa868a83) lb      s5, -88(a3)
core   0: 3 0x80006dd0 (0xfa868a83) x21 0xffffffd1 mem 0x80010b1a
core   0: 0x80006dd4 (0xf9f6c503) lbu     a0, -97(a3)
core   0: 3 0x80006dd4 (0xf9f6c503) x10 0x000000ca mem 0x80010b11
core   0: 0x80006dd8 (0x00006161) c.addi16sp sp, 80
core   0: 3 0x80006dd8 (0x6161) x2  0x00000170
core   0: 0x80006dda (0x0dd687a3) sb      t4, 207(a3)
core   0: 3 0x80006dda (0x0dd687a3) mem 0x80010c41 0xa4
core   0: 0x80006dde (0x00008ca5) c.xor   s1, s1
core   0: 3 0x80006dde (0x8ca5) x9  0x00000000
core   0: 0x80006de0 (0x340e2bf3) csrrs   s7, mscratch, t3
core   0: 3 0x80006de0 (0x340e2bf3) x23 0x00000000 c832_mscratch 0x80029d24
core   0: 0x80006de4 (0x01b63533) sltu    a0, a2, s11
core   0: 3 0x80006de4 (0x01b63533) x10 0x00000000
core   0: 0x80006de8 (0x00000001) c.nop
core   0: 3 0x80006de8 (0x0001)
core   0: 0x80006dea (0x0000100f) fence.i
core   0: 3 0x80006dea (0x0000100f)
core   0: 0x80006dee (0x0c168aa3) sb      ra, 213(a3)
core   0: 3 0x80006dee (0x0c168aa3) mem 0x80010c47 0x96
core   0: 0x80006df2 (0x00f6b233) sltu    tp, a3, a5
core   0: 3 0x80006df2 (0x00f6b233) x4  0x00000000
core   0: 0x80006df6 (0x0a768d83) lb      s11, 167(a3)
core   0: 3 0x80006df6 (0x0a768d83) x27 0xffffffd2 mem 0x80010c19
core   0: 0x80006dfa (0x0256c903) lbu     s2, 37(a3)
core   0: 3 0x80006dfa (0x0256c903) x18 0x0000004c mem 0x80010b97
core   0: 0x80006dfe (0xfba68523) sb      s10, -86(a3)
core   0: 3 0x80006dfe (0xfba68523) mem 0x80010b1c 0x00
core   0: 0x80006e02 (0x0cc6a723) sw      a2, 206(a3)
core   0: 3 0x80006e02 (0x0cc6a723) mem 0x80010c40 0x00000000
core   0: 0x80006e06 (0x41b70533) sub     a0, a4, s11
core   0: 3 0x80006e06 (0x41b70533) x10 0x0000002e
core   0: 0x80006e0a (0xf0e6dd83) lhu     s11, -242(a3)
core   0: 3 0x80006e0a (0xf0e6dd83) x27 0x00003a3b mem 0x80010a80
core   0: 0x80006e0e (0x925aef13) ori     t5, s5, -1755
core   0: 3 0x80006e0e (0x925aef13) x30 0xfffffff5
core   0: 0x80006e12 (0x34047173) csrrci  sp, mscratch, 8
core   0: 3 0x80006e12 (0x34047173) x2  0x80029d24 c832_mscratch 0x80029d24
core   0: 0x80006e16 (0xf5168523) sb      a7, -182(a3)
core   0: 3 0x80006e16 (0xf5168523) mem 0x80010abc 0x1a
core   0: 0x80006e1a (0xf9368723) sb      s3, -114(a3)
core   0: 3 0x80006e1a (0xf9368723) mem 0x80010b00 0x00
core   0: 0x80006e1e (0x03dacfb3) div     t6, s5, t4
core   0: 3 0x80006e1e (0x03dacfb3) x31 0x00000000
core   0: 0x80006e22 (0x97213117) auipc   sp, 0x97213
core   0: 3 0x80006e22 (0x97213117) x2  0x17219e22
core   0: 0x80006e26 (0x07b6ca03) lbu     s4, 123(a3)
core   0: 3 0x80006e26 (0x07b6ca03) x20 0x000000a6 mem 0x80010bed
core   0: 0x80006e2a (0x004e4b33) xor     s6, t3, tp
core   0: 3 0x80006e2a (0x004e4b33) x22 0x80029d24
core   0: 0x80006e2e (0x0e4689a3) sb      tp, 243(a3)
core   0: 3 0x80006e2e (0x0e4689a3) mem 0x80010c65 0x00
core   0: 0x80006e32 (0x03a68503) lb      a0, 58(a3)
core   0: 3 0x80006e32 (0x03a68503) x10 0x00000067 mem 0x80010bac
core   0: 0x80006e36 (0x018683a3) sb      s8, 7(a3)
core   0: 3 0x80006e36 (0x018683a3) mem 0x80010b79 0x29
core   0: 0x80006e3a (0x00a75193) srli    gp, a4, 10
core   0: 3 0x80006e3a (0x00a75193) x3  0x00000000
core   0: 0x80006e3e (0x271e3837) lui     a6, 0x271e3
core   0: 3 0x80006e3e (0x271e3837) x16 0x271e3000
core   0: 0x80006e42 (0x34003373) csrrc   t1, mscratch, zero
core   0: 3 0x80006e42 (0x34003373) x6  0x80029d24
core   0: 0x80006e46 (0x00000e98) c.addi4spn a4, sp, 848
core   0: 3 0x80006e46 (0x0e98) x14 0x1721a172
core   0: 0x80006e48 (0x00000001) c.nop
core   0: 3 0x80006e48 (0x0001)
core   0: 0x80006e4a (0x0000e399) c.bnez  a5, pc + 6
core   0: 3 0x80006e4a (0xe399)
core   0: 0x80006e50 (0x0ff0000f) fence   iorw,iorw
core   0: 3 0x80006e50 (0x0ff0000f)
core   0: 0x80006e54 (0x000085c5) c.srai  a1, 17
core   0: 3 0x80006e54 (0x85c5) x11 0x00000000
core   0: 0x80006e56 (0x00001a98) c.addi4spn a4, sp, 368
core   0: 3 0x80006e56 (0x1a98) x14 0x17219f92
core   0: 0x80006e58 (0x0160ebb3) or      s7, ra, s6
core   0: 3 0x80006e58 (0x0160ebb3) x23 0x90929db6
core   0: 0x80006e5c (0xf4b7b837) lui     a6, 0xf4b7b
core   0: 3 0x80006e5c (0xf4b7b837) x16 0xf4b7b000
core   0: 0x80006e60 (0x000045f1) c.li    a1, 28
core   0: 3 0x80006e60 (0x45f1) x11 0x0000001c
core   0: 0x80006e62 (0x41eedab3) sra     s5, t4, t5
core   0: 3 0x80006e62 (0x41eedab3) x21 0xfffffc00
core   0: 0x80006e66 (0x00008ecd) c.or    a3, a1
core   0: 3 0x80006e66 (0x8ecd) x13 0x80010b7e
core   0: 0x80006e68 (0x00c33ab3) sltu    s5, t1, a2
core   0: 3 0x80006e68 (0x00c33ab3) x21 0x00000000
core   0: 0x80006e6c (0x0382bb33) mulhu   s6, t0, s8
core   0: 3 0x80006e6c (0x0382bb33) x22 0x00000000
core   0: 0x80006e70 (0x00008486) c.mv    s1, ra
core   0: 3 0x80006e70 (0x8486) x9  0x90929496
core   0: 0x80006e72 (0x0186f633) and     a2, a3, s8
core   0: 3 0x80006e72 (0x0186f633) x12 0x00000028
core   0: 0x80006e76 (0x3403aaf3) csrrs   s5, mscratch, t2
core   0: 3 0x80006e76 (0x3403aaf3) x21 0x80029d24 c832_mscratch 0x80029d24
core   0: 0x80006e7a (0x0ff0000f) fence   iorw,iorw
core   0: 3 0x80006e7a (0x0ff0000f)
core   0: 0x80006e7e (0xa16ff113) andi    sp, t6, -1514
core   0: 3 0x80006e7e (0xa16ff113) x2  0x00000000
core   0: 0x80006e82 (0x0ff0000f) fence   iorw,iorw
core   0: 3 0x80006e82 (0x0ff0000f)
core   0: 0x80006e86 (0x00008951) c.andi  a0, 20
core   0: 3 0x80006e86 (0x8951) x10 0x00000004
core   0: 0x80006e88 (0x09c08593) addi    a1, ra, 156
core   0: 3 0x80006e88 (0x09c08593) x11 0x90929532
core   0: 0x80006e8c (0x00008f69) c.and   a4, a0
core   0: 3 0x80006e8c (0x8f69) x14 0x00000000
core   0: 0x80006e8e (0xf7666713) ori     a4, a2, -138
core   0: 3 0x80006e8e (0xf7666713) x14 0xffffff7e
core   0: 0x80006e92 (0x340c50f3) csrrwi  ra, mscratch, 24
core   0: 3 0x80006e92 (0x340c50f3) x1  0x80029d24 c832_mscratch 0x00000018
core   0: 0x80006e96 (0x34007df3) csrrci  s11, mscratch, 0
core   0: 3 0x80006e96 (0x34007df3) x27 0x00000018
core   0: 0x80006e9a (0x5fbe6693) ori     a3, t3, 1531
core   0: 3 0x80006e9a (0x5fbe6693) x13 0x80029dff
core   0: 0x80006e9e (0x01386533) or      a0, a6, s3
core   0: 3 0x80006e9e (0x01386533) x10 0xf4b7b000
core   0: 0x80006ea2 (0x31964c37) lui     s8, 0x31964
core   0: 3 0x80006ea2 (0x31964c37) x24 0x31964000
core   0: 0x80006ea6 (0x000004fd) c.addi  s1, 31
core   0: 3 0x80006ea6 (0x04fd) x9  0x909294b5
core   0: 0x80006ea8 (0x02808833) mul     a6, ra, s0
core   0: 3 0x80006ea8 (0x02808833) x16 0x00000000
core   0: 0x80006eac (0x03640033) mul     zero, s0, s6
core   0: 3 0x80006eac (0x03640033)
core   0: 0x80006eb0 (0x00131f13) slli    t5, t1, 1
core   0: 3 0x80006eb0 (0x00131f13) x30 0x00053a48
core   0: 0x80006eb4 (0x006f8233) add     tp, t6, t1
core   0: 3 0x80006eb4 (0x006f8233) x4  0x80029d24
core   0: 0x80006eb8 (0x00c6a133) slt     sp, a3, a2
core   0: 3 0x80006eb8 (0x00c6a133) x2  0x00000001
core   0: 0x80006ebc (0x03596163) bltu    s2, s5, pc + 34
core   0: 3 0x80006ebc (0x03596163)
core   0: 0x80006ede (0x005753b3) srl     t2, a4, t0
core   0: 3 0x80006ede (0x005753b3) x7  0x7fffffbf
core   0: 0x80006ee2 (0x00679933) sll     s2, a5, t1
core   0: 3 0x80006ee2 (0x00679933) x18 0x35a10000
core   0: 0x80006ee6 (0x3409f9f3) csrrci  s3, mscratch, 19
core   0: 3 0x80006ee6 (0x3409f9f3) x19 0x00000018 c832_mscratch 0x00000008
core   0: 0x80006eea (0x00006789) c.lui   a5, 0x2
core   0: 3 0x80006eea (0x6789) x15 0x00002000
core   0: 0x80006eec (0x00001310) c.addi4spn a2, sp, 416
core   0: 3 0x80006eec (0x1310) x12 0x000001a1
core   0: 0x80006eee (0x02ee10b3) mulh    ra, t3, a4
core   0: 3 0x80006eee (0x02ee10b3) x1  0x00000040
core   0: 0x80006ef2 (0x00000d6a) c.slli  s10, 26
core   0: 3 0x80006ef2 (0x0d6a) x26 0x00000000
core   0: 0x80006ef4 (0x03cdeab3) rem     s5, s11, t3
core   0: 3 0x80006ef4 (0x03cdeab3) x21 0x00000018
core   0: 0x80006ef8 (0x00008f65) c.and   a4, s1
core   0: 3 0x80006ef8 (0x8f65) x14 0x90929434
core   0: 0x80006efa (0x340c5f73) csrrwi  t5, mscratch, 24
core   0: 3 0x80006efa (0x340c5f73) x30 0x00000008 c832_mscratch 0x00000018
core   0: 0x80006efe (0x01047cb3) and     s9, s0, a6
core   0: 3 0x80006efe (0x01047cb3) x25 0x00000000
core   0: 0x80006f02 (0x34081673) csrrw   a2, mscratch, a6
core   0: 3 0x80006f02 (0x34081673) x12 0x00000018 c832_mscratch 0x00000000
core   0: 0x80006f06 (0x0000100f) fence.i
core   0: 3 0x80006f06 (0x0000100f)
core   0: 0x80006f0a (0x03ee3f33) mulhu   t5, t3, t5
core   0: 3 0x80006f0a (0x03ee3f33) x30 0x00000004
core   0: 0x80006f0e (0x03f0cfb3) div     t6, ra, t6
core   0: 3 0x80006f0e (0x03f0cfb3) x31 0xffffffff
core   0: 0x80006f12 (0xf31171b7) lui     gp, 0xf3117
core   0: 3 0x80006f12 (0xf31171b7) x3  0xf3117000
core   0: 0x80006f16 (0x00008271) c.srli  a2, 28
core   0: 3 0x80006f16 (0x8271) x12 0x00000000
core   0: 0x80006f18 (0xb2bd4013) xori    zero, s10, -1237
core   0: 3 0x80006f18 (0xb2bd4013)
core   0: 0x80006f1c (0x407c59b3) sra     s3, s8, t2
core   0: 3 0x80006f1c (0x407c59b3) x19 0x00000000
core   0: 0x80006f20 (0x0000100f) fence.i
core   0: 3 0x80006f20 (0x0000100f)
core   0: 0x80006f24 (0x023c8033) mul     zero, s9, gp
core   0: 3 0x80006f24 (0x023c8033)
core   0: 0x80006f28 (0x000087c6) c.mv    a5, a7
core   0: 3 0x80006f28 (0x87c6) x15 0x0000001a
core   0: 0x80006f2a (0x00c65a13) srli    s4, a2, 12
core   0: 3 0x80006f2a (0x00c65a13) x20 0x00000000
core   0: 0x80006f2e (0x00908b33) add     s6, ra, s1
core   0: 3 0x80006f2e (0x00908b33) x22 0x909294f5
core   0: 0x80006f32 (0xcd0b2093) slti    ra, s6, -816
core   0: 3 0x80006f32 (0xcd0b2093) x1  0x00000001
core   0: 0x80006f36 (0x01226b33) or      s6, tp, s2
core   0: 3 0x80006f36 (0x01226b33) x22 0xb5a39d24
core   0: 0x80006f3a (0x0000717d) c.addi16sp sp, -16
core   0: 3 0x80006f3a (0x717d) x2  0xfffffff1
core   0: 0x80006f3c (0x00014117) auipc   sp, 0x14
core   0: 3 0x80006f3c (0x00014117) x2  0x8001af3c
core   0: 0x80006f40 (0xe5b10113) addi    sp, sp, -421
core   0: 3 0x80006f40 (0xe5b10113) x2  0x8001ad97
core   0: 0x80006f44 (0x035c87b3) mul     a5, s9, s5
core   0: 3 0x80006f44 (0x035c87b3) x15 0x00000000
core   0: 0x80006f48 (0x2e3b8913) addi    s2, s7, 739
core   0: 3 0x80006f48 (0x2e3b8913) x18 0x9092a099
core   0: 0x80006f4c (0x03ba6c33) rem     s8, s4, s11
core   0: 3 0x80006f4c (0x03ba6c33) x24 0x00000000
core   0: 0x80006f50 (0x00000001) c.nop
core   0: 3 0x80006f50 (0x0001)
core   0: 0x80006f52 (0x01fc4cb3) xor     s9, s8, t6
core   0: 3 0x80006f52 (0x01fc4cb3) x25 0xffffffff
core   0: 0x80006f56 (0x032f94b3) mulh    s1, t6, s2
core   0: 3 0x80006f56 (0x032f94b3) x9  0x00000000
core   0: 0x80006f5a (0x00515a83) lhu     s5, 5(sp)
core   0: 3 0x80006f5a (0x00515a83) x21 0x00005657 mem 0x8001ad9c
core   0: 0x80006f5e (0xff311783) lh      a5, -13(sp)
core   0: 3 0x80006f5e (0xff311783) x15 0x00004041 mem 0x8001ad8a
core   0: 0x80006f62 (0xff610f23) sb      s6, -2(sp)
core   0: 3 0x80006f62 (0xff610f23) mem 0x8001ad95 0x24
core   0: 0x80006f66 (0x00810983) lb      s3, 8(sp)
core   0: 3 0x80006f66 (0x00810983) x19 0x00000054 mem 0x8001ad9f
core   0: 0x80006f6a (0x00008e41) c.or    a2, s0
core   0: 3 0x80006f6a (0x8e41) x12 0x00000000
core   0: 0x80006f6c (0x02313bb3) mulhu   s7, sp, gp
core   0: 3 0x80006f6c (0x02313bb3) x23 0x798a4fe3
core   0: 0x80006f70 (0x000097d2) c.add   a5, s4
core   0: 3 0x80006f70 (0x97d2) x15 0x00004041
core   0: 0x80006f72 (0x2556ef13) ori     t5, a3, 597
core   0: 3 0x80006f72 (0x2556ef13) x30 0x80029fff
core   0: 0x80006f76 (0x0157acb3) slt     s9, a5, s5
core   0: 3 0x80006f76 (0x0157acb3) x25 0x00000001
core   0: 0x80006f7a (0x02b0b733) mulhu   a4, ra, a1
core   0: 3 0x80006f7a (0x02b0b733) x14 0x00000000
core   0: 0x80006f7e (0x34003673) csrrc   a2, mscratch, zero
core   0: 3 0x80006f7e (0x34003673) x12 0x00000000
core   0: 0x80006f82 (0x00077d33) and     s10, a4, zero
core   0: 3 0x80006f82 (0x00077d33) x26 0x00000000
core   0: 0x80006f86 (0x99ec8d13) addi    s10, s9, -1634
core   0: 3 0x80006f86 (0x99ec8d13) x26 0xfffff99f
core   0: 0x80006f8a (0x0186a833) slt     a6, a3, s8
core   0: 3 0x80006f8a (0x0186a833) x16 0x00000001
core   0: 0x80006f8e (0x00af94b3) sll     s1, t6, a0
core   0: 3 0x80006f8e (0x00af94b3) x9  0xffffffff
core   0: 0x80006f92 (0x0235b1b3) mulhu   gp, a1, gp
core   0: 3 0x80006f92 (0x0235b1b3) x3  0x8944fc9a
core   0: 0x80006f96 (0x00009db6) c.add   s11, a3
core   0: 3 0x80006f96 (0x9db6) x27 0x80029e17
core   0: 0x80006f98 (0x00410003) lb      zero, 4(sp)
core   0: 3 0x80006f98 (0x00410003) mem 0x8001ad9b
core   0: 0x80006f9c (0xff014a03) lbu     s4, -16(sp)
core   0: 3 0x80006f9c (0xff014a03) x20 0x0000003c mem 0x8001ad87
core   0: 0x80006fa0 (0x00a10283) lb      t0, 10(sp)
core   0: 3 0x80006fa0 (0x00a10283) x5  0x0000005a mem 0x8001ada1
core   0: 0x80006fa4 (0xff110b03) lb      s6, -15(sp)
core   0: 3 0x80006fa4 (0xff110b03) x22 0x00000043 mem 0x8001ad88
core   0: 0x80006fa8 (0x00f10903) lb      s2, 15(sp)
core   0: 3 0x80006fa8 (0x00f10903) x18 0x0000005d mem 0x8001ada6
core   0: 0x80006fac (0xc71a7ab7) lui     s5, 0xc71a7
core   0: 3 0x80006fac (0xc71a7ab7) x21 0xc71a7000
core   0: 0x80006fb0 (0xff310b83) lb      s7, -13(sp)
core   0: 3 0x80006fb0 (0xff310b83) x23 0x00000041 mem 0x8001ad8a
core   0: 0x80006fb4 (0x34007273) csrrci  tp, mscratch, 0
core   0: 3 0x80006fb4 (0x34007273) x4  0x00000000
core   0: 0x80006fb8 (0x018b9a13) slli    s4, s7, 24
core   0: 3 0x80006fb8 (0x018b9a13) x20 0x41000000
core   0: 0x80006fbc (0x00009a7d) c.andi  a2, -1
core   0: 3 0x80006fbc (0x9a7d) x12 0x00000000
core   0: 0x80006fbe (0x0ff0000f) fence   iorw,iorw
core   0: 3 0x80006fbe (0x0ff0000f)
core   0: 0x80006fc2 (0x00ea63b3) or      t2, s4, a4
core   0: 3 0x80006fc2 (0x00ea63b3) x7  0x41000000
core   0: 0x80006fc6 (0xe3d3f693) andi    a3, t2, -451
core   0: 3 0x80006fc6 (0xe3d3f693) x13 0x41000000
core   0: 0x80006fca (0x3407f7f3) csrrci  a5, mscratch, 15
core   0: 3 0x80006fca (0x3407f7f3) x15 0x00000000 c832_mscratch 0x00000000
core   0: 0x80006fce (0x03eddc63) bge     s11, t5, pc + 56
core   0: 3 0x80006fce (0x03eddc63)
core   0: 0x80006fd2 (0x01e50963) beq     a0, t5, pc + 18
core   0: 3 0x80006fd2 (0x01e50963)
core   0: 0x80006fd6 (0x5a067593) andi    a1, a2, 1440
core   0: 3 0x80006fd6 (0x5a067593) x11 0x00000000
core   0: 0x80006fda (0x3408a7f3) csrrs   a5, mscratch, a7
core   0: 3 0x80006fda (0x3408a7f3) x15 0x00000000 c832_mscratch 0x0000001a
core   0: 0x80006fde (0x00000001) c.nop
core   0: 3 0x80006fde (0x0001)
core   0: 0x80006fe0 (0x34001b73) csrrw   s6, mscratch, zero
core   0: 3 0x80006fe0 (0x34001b73) x22 0x0000001a c832_mscratch 0x00000000
core   0: 0x80006fe4 (0x40ca5cb3) sra     s9, s4, a2
core   0: 3 0x80006fe4 (0x40ca5cb3) x25 0x41000000
core   0: 0x80006fe8 (0x000098fd) c.andi  s1, -1
core   0: 3 0x80006fe8 (0x98fd) x9  0xffffffff
core   0: 0x80006fea (0x035355b3) divu    a1, t1, s5
core   0: 3 0x80006fea (0x035355b3) x11 0x00000000
core   0: 0x80006fee (0x340fdf73) csrrwi  t5, mscratch, 31
core   0: 3 0x80006fee (0x340fdf73) x30 0x00000000 c832_mscratch 0x0000001f
core   0: 0x80006ff2 (0x031ccf33) div     t5, s9, a7
core   0: 3 0x80006ff2 (0x031ccf33) x30 0x02800000
core   0: 0x80006ff6 (0xa8030213) addi    tp, t1, -1408
core   0: 3 0x80006ff6 (0xa8030213) x4  0x800297a4
core   0: 0x80006ffa (0x54537a93) andi    s5, t1, 1349
core   0: 3 0x80006ffa (0x54537a93) x21 0x00000504
core   0: 0x80006ffe (0x03c1d4b3) divu    s1, gp, t3
core   0: 3 0x80006ffe (0x03c1d4b3) x9  0x00000001
core   0: 0x80007002 (0x016b04b3) add     s1, s6, s6
core   0: 3 0x80007002 (0x016b04b3) x9  0x00000034
core   0: 0x80007006 (0x0000717d) c.addi16sp sp, -16
core   0: 3 0x80007006 (0x717d) x2  0x8001ad87
core   0: 0x80007008 (0x00000001) c.nop
core   0: 3 0x80007008 (0x0001)
core   0: 0x8000700a (0x0000c289) c.beqz  a3, pc + 2
core   0: 3 0x8000700a (0xc289)
core   0: 0x8000700c (0x00058cb3) add     s9, a1, zero
core   0: 3 0x8000700c (0x00058cb3) x25 0x00000000
core   0: 0x80007010 (0x03734a33) div     s4, t1, s7
core   0: 3 0x80007010 (0x03734a33) x20 0xfe07eaca
core   0: 0x80007014 (0x00008e11) c.sub   a2, a2
core   0: 3 0x80007014 (0x8e11) x12 0x00000000
core   0: 0x80007016 (0x01ae35b3) sltu    a1, t3, s10
core   0: 3 0x80007016 (0x01ae35b3) x11 0x00000001
core   0: 0x8000701a (0x34061073) csrw    mscratch, a2
core   0: 3 0x8000701a (0x34061073) c832_mscratch 0x00000000
core   0: 0x8000701e (0x00fbf7b3) and     a5, s7, a5
core   0: 3 0x8000701e (0x00fbf7b3) x15 0x00000000
core   0: 0x80007022 (0x00008d91) c.sub   a1, a2
core   0: 3 0x80007022 (0x8d91) x11 0x00000001
core   0: 0x80007024 (0x012d5133) srl     sp, s10, s2
core   0: 3 0x80007024 (0x012d5133) x2  0x00000007
core   0: 0x80007028 (0x000083e9) c.srli  a5, 26
core   0: 3 0x80007028 (0x83e9) x15 0x00000000
core   0: 0x8000702a (0x03479133) mulh    sp, a5, s4
core   0: 3 0x8000702a (0x03479133) x2  0x00000000
core   0: 0x8000702e (0x00008f6d) c.and   a4, a1
core   0: 3 0x8000702e (0x8f6d) x14 0x00000000
core   0: 0x80007030 (0x00000001) c.nop
core   0: 3 0x80007030 (0x0001)
core   0: 0x80007032 (0x005c3633) sltu    a2, s8, t0
core   0: 3 0x80007032 (0x005c3633) x12 0x00000001
core   0: 0x80007036 (0x033d6133) rem     sp, s10, s3
core   0: 3 0x80007036 (0x033d6133) x2  0xffffffdb
core   0: 0x8000703a (0x0126d763) bge     a3, s2, pc + 14
core   0: 3 0x8000703a (0x0126d763)
core   0: 0x80007048 (0x4270cc93) xori    s9, ra, 1063
core   0: 3 0x80007048 (0x4270cc93) x25 0x00000426
core   0: 0x8000704c (0x000082f6) c.mv    t0, t4
core   0: 3 0x8000704c (0x82f6) x5  0x80025ea4
core   0: 0x8000704e (0x033ed533) divu    a0, t4, s3
core   0: 3 0x8000704e (0x033ed533) x10 0x01861f9a
core   0: 0x80007052 (0x1ea5ac93) slti    s9, a1, 490
core   0: 3 0x80007052 (0x1ea5ac93) x25 0x00000001
core   0: 0x80007056 (0x0346cf33) div     t5, a3, s4
core   0: 3 0x80007056 (0x0346cf33) x30 0xffffffdf
core   0: 0x8000705a (0x03926763) bltu    tp, s9, pc + 46
core   0: 3 0x8000705a (0x03926763)
core   0: 0x8000705e (0x023b5c33) divu    s8, s6, gp
core   0: 3 0x8000705e (0x023b5c33) x24 0x00000000
core   0: 0x80007062 (0x00008d45) c.or    a0, s1
core   0: 3 0x80007062 (0x8d45) x10 0x01861fbe
core   0: 0x80007064 (0x550a2c13) slti    s8, s4, 1360
core   0: 3 0x80007064 (0x550a2c13) x24 0x00000001
core   0: 0x80007068 (0x0000021a) c.slli  tp, 6
core   0: 3 0x80007068 (0x021a) x4  0x00a5e900
core   0: 0x8000706a (0x00000fa6) c.slli  t6, 9
core   0: 3 0x8000706a (0x0fa6) x31 0xfffffe00
core   0: 0x8000706c (0x0000ca01) c.beqz  a2, pc + 16
core   0: 3 0x8000706c (0xca01)
core   0: 0x8000706e (0x40b25fb3) sra     t6, tp, a1
core   0: 3 0x8000706e (0x40b25fb3) x31 0x0052f480
core   0: 0x80007072 (0x00008125) c.srli  a0, 9
core   0: 3 0x80007072 (0x8125) x10 0x0000c30f
core   0: 0x80007074 (0x41f20c33) sub     s8, tp, t6
core   0: 3 0x80007074 (0x41f20c33) x24 0x0052f480
core   0: 0x80007078 (0x010e9733) sll     a4, t4, a6
core   0: 3 0x80007078 (0x010e9733) x14 0x0004bd48
core   0: 0x8000707c (0x0000e491) c.bnez  s1, pc + 12
core   0: 3 0x8000707c (0xe491)
core   0: 0x80007088 (0x00008901) c.andi  a0, 0
core   0: 3 0x80007088 (0x8901) x10 0x00000000
core   0: 0x8000708a (0x008dbd33) sltu    s10, s11, s0
core   0: 3 0x8000708a (0x008dbd33) x26 0x00000000
core   0: 0x8000708e (0x340b7d73) csrrci  s10, mscratch, 22
core   0: 3 0x8000708e (0x340b7d73) x26 0x00000000 c832_mscratch 0x00000000
core   0: 0x80007092 (0x00f48b33) add     s6, s1, a5
core   0: 3 0x80007092 (0x00f48b33) x22 0x00000034
core   0: 0x80007096 (0x0000100f) fence.i
core   0: 3 0x80007096 (0x0000100f)
core   0: 0x8000709a (0x00225613) srli    a2, tp, 2
core   0: 3 0x8000709a (0x00225613) x12 0x00297a40
core   0: 0x8000709e (0x028ef763) bgeu    t4, s0, pc + 46
core   0: 3 0x8000709e (0x028ef763)
core   0: 0x800070cc (0x03b8d633) divu    a2, a7, s11
core   0: 3 0x800070cc (0x03b8d633) x12 0x00000000
core   0: 0x800070d0 (0x0000ca09) c.beqz  a2, pc + 18
core   0: 3 0x800070d0 (0xca09)
core   0: 0x800070e2 (0x02926633) rem     a2, tp, s1
core   0: 3 0x800070e2 (0x02926633) x12 0x0000002c
core   0: 0x800070e6 (0x00008629) c.srai  a2, 10
core   0: 3 0x800070e6 (0x8629) x12 0x00000000
core   0: 0x800070e8 (0x00ffc463) blt     t6, a5, pc + 8
core   0: 3 0x800070e8 (0x00ffc463)
core   0: 0x800070ec (0x00005c7d) c.li    s8, -1
core   0: 3 0x800070ec (0x5c7d) x24 0xffffffff
core   0: 0x800070ee (0x00008ee1) c.and   a3, s0
core   0: 3 0x800070ee (0x8ee1) x13 0x00000000
core   0: 0x800070f0 (0x00268cb3) add     s9, a3, sp
core   0: 3 0x800070f0 (0x00268cb3) x25 0xffffffdb
core   0: 0x800070f4 (0x00d46a33) or      s4, s0, a3
core   0: 3 0x800070f4 (0x00d46a33) x20 0x00000000
core   0: 0x800070f8 (0xeeef6613) ori     a2, t5, -274
core   0: 3 0x800070f8 (0xeeef6613) x12 0xffffffff
core   0: 0x800070fc (0x004e57b3) srl     a5, t3, tp
core   0: 3 0x800070fc (0x004e57b3) x15 0x80029d24
core   0: 0x80007100 (0x0152da93) srli    s5, t0, 21
core   0: 3 0x80007100 (0x0152da93) x21 0x00000400
core   0: 0x80007104 (0x00663b33) sltu    s6, a2, t1
core   0: 3 0x80007104 (0x00663b33) x22 0x00000000
core   0: 0x80007108 (0x0030db63) bge     ra, gp, pc + 22
core   0: 3 0x80007108 (0x0030db63)
core   0: 0x8000711e (0x0000c089) c.beqz  s1, pc + 2
core   0: 3 0x8000711e (0xc089)
core   0: 0x80007120 (0x95941037) lui     zero, 0x95941
core   0: 3 0x80007120 (0x95941037)
core   0: 0x80007124 (0x00008dad) c.xor   a1, a1
core   0: 3 0x80007124 (0x8dad) x11 0x00000000
core   0: 0x80007126 (0xf65b9fb7) lui     t6, 0xf65b9
core   0: 3 0x80007126 (0xf65b9fb7) x31 0xf65b9000
core   0: 0x8000712a (0x00af3bb3) sltu    s7, t5, a0
core   0: 3 0x8000712a (0x00af3bb3) x23 0x00000000
core   0: 0x8000712e (0x01bc7633) and     a2, s8, s11
core   0: 3 0x8000712e (0x01bc7633) x12 0x80029e17
core   0: 0x80007132 (0x015ceab3) or      s5, s9, s5
core   0: 3 0x80007132 (0x015ceab3) x21 0xffffffdb
core   0: 0x80007136 (0x03ac73b3) remu    t2, s8, s10
core   0: 3 0x80007136 (0x03ac73b3) x7  0xffffffff
core   0: 0x8000713a (0x00000ad2) c.slli  s5, 20
core   0: 3 0x8000713a (0x0ad2) x21 0xfdb00000
core   0: 0x8000713c (0x00cd6863) bltu    s10, a2, pc + 16
core   0: 3 0x8000713c (0x00cd6863)
core   0: 0x8000714c (0x00000001) c.nop
core   0: 3 0x8000714c (0x0001)
core   0: 0x8000714e (0x0101e033) or      zero, gp, a6
core   0: 3 0x8000714e (0x0101e033)
core   0: 0x80007152 (0x405dd3b3) sra     t2, s11, t0
core   0: 3 0x80007152 (0x405dd3b3) x7  0xf80029e1
core   0: 0x80007156 (0x340071f3) csrrci  gp, mscratch, 0
core   0: 3 0x80007156 (0x340071f3) x3  0x00000000
core   0: 0x8000715a (0x9e2caa13) slti    s4, s9, -1566
core   0: 3 0x8000715a (0x9e2caa13) x20 0x00000000
core   0: 0x8000715e (0x34011b73) csrrw   s6, mscratch, sp
core   0: 3 0x8000715e (0x34011b73) x22 0x00000000 c832_mscratch 0xffffffdb
core   0: 0x80007162 (0x00009846) c.add   a6, a7
core   0: 3 0x80007162 (0x9846) x16 0x0000001b
core   0: 0x80007164 (0x01f7d933) srl     s2, a5, t6
core   0: 3 0x80007164 (0x01f7d933) x18 0x80029d24
core   0: 0x80007168 (0x0000888a) c.mv    a7, sp
core   0: 3 0x80007168 (0x888a) x17 0xffffffdb
core   0: 0x8000716a (0x340d37f3) csrrc   a5, mscratch, s10
core   0: 3 0x8000716a (0x340d37f3) x15 0xffffffdb c832_mscratch 0xffffffdb
core   0: 0x8000716e (0x00008ffd) c.and   a5, a5
core   0: 3 0x8000716e (0x8ffd) x15 0xffffffdb
core   0: 0x80007170 (0x95084037) lui     zero, 0x95084
core   0: 3 0x80007170 (0x95084037)
core   0: 0x80007174 (0x01dba833) slt     a6, s7, t4
core   0: 3 0x80007174 (0x01dba833) x16 0x00000000
core   0: 0x80007178 (0x03f76d63) bltu    a4, t6, pc + 58
core   0: 3 0x80007178 (0x03f76d63)
core   0: 0x800071b2 (0x00008d39) c.xor   a0, a4
core   0: 3 0x800071b2 (0x8d39) x10 0x0004bd48
core   0: 0x800071b4 (0x02cd6533) rem     a0, s10, a2
core   0: 3 0x800071b4 (0x02cd6533) x10 0x00000000
core   0: 0x800071b8 (0x0368a9b3) mulhsu  s3, a7, s6
core   0: 3 0x800071b8 (0x0368a9b3) x19 0x00000000
core   0: 0x800071bc (0x012cffb3) and     t6, s9, s2
core   0: 3 0x800071bc (0x012cffb3) x31 0x80029d00
core   0: 0x800071c0 (0x00c65913) srli    s2, a2, 12
core   0: 3 0x800071c0 (0x00c65913) x18 0x00080029
core   0: 0x800071c4 (0x340b57f3) csrrwi  a5, mscratch, 22
core   0: 3 0x800071c4 (0x340b57f3) x15 0xffffffdb c832_mscratch 0x00000016
core   0: 0x800071c8 (0x0311fd63) bgeu    gp, a7, pc + 58
core   0: 3 0x800071c8 (0x0311fd63)
core   0: 0x800071cc (0x19329b17) auipc   s6, 0x19329
core   0: 3 0x800071cc (0x19329b17) x22 0x993301cc
core   0: 0x800071d0 (0x010b5793) srli    a5, s6, 16
core   0: 3 0x800071d0 (0x010b5793) x15 0x00009933
core   0: 0x800071d4 (0x0ff0000f) fence   iorw,iorw
core   0: 3 0x800071d4 (0x0ff0000f)
core   0: 0x800071d8 (0x02e3a0b3) mulhsu  ra, t2, a4
core   0: 3 0x800071d8 (0x02e3a0b3) x1  0xffffda16
core   0: 0x800071dc (0x0000090e) c.slli  s2, 3
core   0: 3 0x800071dc (0x090e) x18 0x00400148
core   0: 0x800071de (0x00008e5d) c.or    a2, a5
core   0: 3 0x800071de (0x8e5d) x12 0x80029f37
core   0: 0x800071e0 (0x996b9317) auipc   t1, 0x996b9
core   0: 3 0x800071e0 (0x996b9317) x6  0x196c01e0
core   0: 0x800071e4 (0x0ff0000f) fence   iorw,iorw
core   0: 3 0x800071e4 (0x0ff0000f)
core   0: 0x800071e8 (0x0000100f) fence.i
core   0: 3 0x800071e8 (0x0000100f)
core   0: 0x800071ec (0x00f84463) blt     a6, a5, pc + 8
core   0: 3 0x800071ec (0x00f84463)
core   0: 0x800071f4 (0x34007c73) csrrci  s8, mscratch, 0
core   0: 3 0x800071f4 (0x34007c73) x24 0x00000016
core   0: 0x800071f8 (0x00008129) c.srli  a0, 10
core   0: 3 0x800071f8 (0x8129) x10 0x00000000
core   0: 0x800071fa (0x02c268b3) rem     a7, tp, a2
core   0: 3 0x800071fa (0x02c268b3) x17 0x00a5e900
core   0: 0x800071fe (0x00008c89) c.sub   s1, a0
core   0: 3 0x800071fe (0x8c89) x9  0x00000034
core   0: 0x80007200 (0x00008d69) c.and   a0, a0
core   0: 3 0x80007200 (0x8d69) x10 0x00000000
core   0: 0x80007202 (0x0000808a) c.mv    ra, sp
core   0: 3 0x80007202 (0x808a) x1  0xffffffdb
core   0: 0x80007204 (0x01899893) slli    a7, s3, 24
core   0: 3 0x80007204 (0x01899893) x17 0x00000000
core   0: 0x80007208 (0x03e54f33) div     t5, a0, t5
core   0: 3 0x80007208 (0x03e54f33) x30 0x00000000
core   0: 0x8000720c (0x002fcfb3) xor     t6, t6, sp
core   0: 3 0x8000720c (0x002fcfb3) x31 0x7ffd62db
core   0: 0x80007210 (0x0000613d) c.addi16sp sp, 480
core   0: 3 0x80007210 (0x613d) x2  0x000001bb
core   0: 0x80007212 (0x00008fa5) c.xor   a5, s1
core   0: 3 0x80007212 (0x8fa5) x15 0x00009907
core   0: 0x80007214 (0x000086c1) c.srai  a3, 16
core   0: 3 0x80007214 (0x86c1) x13 0x00000000
core   0: 0x80007216 (0x00001690) c.addi4spn a2, sp, 864
core   0: 3 0x80007216 (0x1690) x12 0x0000051b
core   0: 0x80007218 (0x003ad133) srl     sp, s5, gp
core   0: 3 0x80007218 (0x003ad133) x2  0xfdb00000
core   0: 0x8000721c (0x00008d7d) c.and   a0, a5
core   0: 3 0x8000721c (0x8d7d) x10 0x00000000
core   0: 0x8000721e (0x90c6c893) xori    a7, a3, -1780
core   0: 3 0x8000721e (0x90c6c893) x17 0xfffff90c
core   0: 0x80007222 (0x026c83b3) mul     t2, s9, t1
core   0: 3 0x80007222 (0x026c83b3) x7  0x5363baa0
core   0: 0x80007226 (0x34035573) csrrwi  a0, mscratch, 6
core   0: 3 0x80007226 (0x34035573) x10 0x00000016 c832_mscratch 0x00000006
core   0: 0x8000722a (0x981eac93) slti    s9, t4, -1663
core   0: 3 0x8000722a (0x981eac93) x25 0x00000001
core   0: 0x8000722e (0x0111db33) srl     s6, gp, a7
core   0: 3 0x8000722e (0x0111db33) x22 0x00000000
core   0: 0x80007232 (0x00001110) c.addi4spn a2, sp, 160
core   0: 3 0x80007232 (0x1110) x12 0xfdb000a0
core   0: 0x80007234 (0x02081963) bnez    a6, pc + 50
core   0: 3 0x80007234 (0x02081963)
core   0: 0x80007238 (0x01b81bb3) sll     s7, a6, s11
core   0: 3 0x80007238 (0x01b81bb3) x23 0x00000000
core   0: 0x8000723c (0x01cb87b3) add     a5, s7, t3
core   0: 3 0x8000723c (0x01cb87b3) x15 0x80029d24
core   0: 0x80007240 (0x0000e499) c.bnez  s1, pc + 14
core   0: 3 0x80007240 (0xe499)
core   0: 0x8000724e (0x340078f3) csrrci  a7, mscratch, 0
core   0: 3 0x8000724e (0x340078f3) x17 0x00000006
core   0: 0x80007252 (0x30850637) lui     a2, 0x30850
core   0: 3 0x80007252 (0x30850637) x12 0x30850000
core   0: 0x80007256 (0x02b88bb3) mul     s7, a7, a1
core   0: 3 0x80007256 (0x02b88bb3) x23 0x00000000
core   0: 0x8000725a (0x0257d2b3) divu    t0, a5, t0
core   0: 3 0x8000725a (0x0257d2b3) x5  0x00000001
core   0: 0x8000725e (0x035260b3) rem     ra, tp, s5
core   0: 3 0x8000725e (0x035260b3) x1  0x00a5e900
core   0: 0x80007262 (0x00008dcd) c.or    a1, a1
core   0: 3 0x80007262 (0x8dcd) x11 0x00000000
core   0: 0x80007264 (0x0000ca89) c.beqz  a3, pc + 18
core   0: 3 0x80007264 (0xca89)
core   0: 0x80007276 (0x00000001) c.nop
core   0: 3 0x80007276 (0x0001)
core   0: 0x80007278 (0x00edd493) srli    s1, s11, 14
core   0: 3 0x80007278 (0x00edd493) x9  0x0002000a
core   0: 0x8000727c (0x405e5333) sra     t1, t3, t0
core   0: 3 0x8000727c (0x405e5333) x6  0xc0014e92
core   0: 0x80007280 (0x014b3933) sltu    s2, s6, s4
core   0: 3 0x80007280 (0x014b3933) x18 0x00000000
core   0: 0x80007284 (0x785e2993) slti    s3, t3, 1925
core   0: 3 0x80007284 (0x785e2993) x19 0x00000001
core   0: 0x80007288 (0x01589493) slli    s1, a7, 21
core   0: 3 0x80007288 (0x01589493) x9  0x00c00000
core   0: 0x8000728c (0x1709e293) ori     t0, s3, 368
core   0: 3 0x8000728c (0x1709e293) x5  0x00000171
core   0: 0x80007290 (0x036400b3) mul     ra, s0, s6
core   0: 3 0x80007290 (0x036400b3) x1  0x00000000
core   0: 0x80007294 (0x40a0d533) sra     a0, ra, a0
core   0: 3 0x80007294 (0x40a0d533) x10 0x00000000
core   0: 0x80007298 (0x0000823d) c.srli  a2, 15
core   0: 3 0x80007298 (0x823d) x12 0x0000610a
core   0: 0x8000729a (0x02317d33) remu    s10, sp, gp
core   0: 3 0x8000729a (0x02317d33) x26 0xfdb00000
core   0: 0x8000729e (0x40608a33) sub     s4, ra, t1
core   0: 3 0x8000729e (0x40608a33) x20 0x3ffeb16e
core   0: 0x800072a2 (0x340d9df3) csrrw   s11, mscratch, s11
core   0: 3 0x800072a2 (0x340d9df3) x27 0x00000006 c832_mscratch 0x80029e17
core   0: 0x800072a6 (0x016c36b3) sltu    a3, s8, s6
core   0: 3 0x800072a6 (0x016c36b3) x13 0x00000000
core   0: 0x800072aa (0x01cbcab3) xor     s5, s7, t3
core   0: 3 0x800072aa (0x01cbcab3) x21 0x80029d24
core   0: 0x800072ae (0x00b4da33) srl     s4, s1, a1
core   0: 3 0x800072ae (0x00b4da33) x20 0x00c00000
core   0: 0x800072b2 (0x00008e3d) c.xor   a2, a5
core   0: 3 0x800072b2 (0x8e3d) x12 0x8002fc2e
core   0: 0x800072b4 (0x00031133) sll     sp, t1, zero
core   0: 3 0x800072b4 (0x00031133) x2  0xc0014e92
core   0: 0x800072b8 (0x40155833) sra     a6, a0, ra
core   0: 3 0x800072b8 (0x40155833) x16 0x00000000
core   0: 0x800072bc (0x6958b093) sltiu   ra, a7, 1685
core   0: 3 0x800072bc (0x6958b093) x1  0x00000001
core   0: 0x800072c0 (0x340d36f3) csrrc   a3, mscratch, s10
core   0: 3 0x800072c0 (0x340d36f3) x13 0x80029e17 c832_mscratch 0x00029e17
core   0: 0x800072c4 (0x00000152) c.slli  sp, 20
core   0: 3 0x800072c4 (0x0152) x2  0xe9200000
core   0: 0x800072c6 (0x000060d5) c.lui   ra, 0x15
core   0: 3 0x800072c6 (0x60d5) x1  0x00015000
core   0: 0x800072c8 (0x00008d39) c.xor   a0, a4
core   0: 3 0x800072c8 (0x8d39) x10 0x0004bd48
core   0: 0x800072ca (0x00008f29) c.xor   a4, a0
core   0: 3 0x800072ca (0x8f29) x14 0x00000000
core   0: 0x800072cc (0x000a35b3) sltu    a1, s4, zero
core   0: 3 0x800072cc (0x000a35b3) x11 0x00000000
core   0: 0x800072d0 (0x3402dbf3) csrrwi  s7, mscratch, 5
core   0: 3 0x800072d0 (0x3402dbf3) x23 0x00029e17 c832_mscratch 0x00000005
core   0: 0x800072d4 (0x0000017d) c.addi  sp, 31
core   0: 3 0x800072d4 (0x017d) x2  0xe920001f
core   0: 0x800072d6 (0x00009397) auipc   t2, 0x9
core   0: 3 0x800072d6 (0x00009397) x7  0x800102d6
core   0: 0x800072da (0xf1938393) addi    t2, t2, -231
core   0: 3 0x800072da (0xf1938393) x7  0x800101ef
core   0: 0x800072de (0x0000100f) fence.i
core   0: 3 0x800072de (0x0000100f)
core   0: 0x800072e2 (0xea739b03) lh      s6, -345(t2)
core   0: 3 0x800072e2 (0xea739b03) x22 0x00004c4d mem 0x80010096
core   0: 0x800072e6 (0xecd3c003) lbu     zero, -307(t2)
core   0: 3 0x800072e6 (0xecd3c003) mem 0x800100bc
core   0: 0x800072ea (0x40e38523) sb      a4, 1034(t2)
core   0: 3 0x800072ea (0x40e38523) mem 0x800105f9 0x00
core   0: 0x800072ee (0x00006f31) c.lui   t5, 0xc
core   0: 3 0x800072ee (0x6f31) x30 0x0000c000
core   0: 0x800072f0 (0x11b385a3) sb      s11, 267(t2)
core   0: 3 0x800072f0 (0x11b385a3) mem 0x800102fa 0x06
core   0: 0x800072f4 (0x0000717d) c.addi16sp sp, -16
core   0: 3 0x800072f4 (0x717d) x2  0xe920000f
core   0: 0x800072f6 (0x00a67b33) and     s6, a2, a0
core   0: 3 0x800072f6 (0x00a67b33) x22 0x0000bc08
core   0: 0x800072fa (0x1c438183) lb      gp, 452(t2)
core   0: 3 0x800072fa (0x1c438183) x3  0x00000068 mem 0x800103b3
core   0: 0x800072fe (0x00000ace) c.slli  s5, 19
core   0: 3 0x800072fe (0x0ace) x21 0xe9200000
core   0: 0x80007300 (0x6c73c283) lbu     t0, 1735(t2)
core   0: 3 0x80007300 (0x6c73c283) x5  0x0000006d mem 0x800108b6
core   0: 0x80007304 (0xf39bbc13) sltiu   s8, s7, -199
core   0: 3 0x80007304 (0xf39bbc13) x24 0x00000001
core   0: 0x80007308 (0xe803cf83) lbu     t6, -384(t2)
core   0: 3 0x80007308 (0xe803cf83) x31 0x00000024 mem 0x8001006f
core   0: 0x8000730c (0x39638e23) sb      s6, 924(t2)
core   0: 3 0x8000730c (0x39638e23) mem 0x8001058b 0x08
core   0: 0x80007310 (0x000000e6) c.slli  ra, 25
core   0: 3 0x80007310 (0x00e6) x1  0x00000000
core   0: 0x80007312 (0x4179dcb3) sra     s9, s3, s7
core   0: 3 0x80007312 (0x4179dcb3) x25 0x00000000
core   0: 0x80007316 (0x00006db5) c.lui   s11, 0xd
core   0: 3 0x80007316 (0x6db5) x27 0x0000d000
core   0: 0x80007318 (0x2293cc83) lbu     s9, 553(t2)
core   0: 3 0x80007318 (0x2293cc83) x25 0x000000d3 mem 0x80010418
core   0: 0x8000731c (0x01b202b3) add     t0, tp, s11
core   0: 3 0x8000731c (0x01b202b3) x5  0x00a6b900
core   0: 0x80007320 (0x00001a90) c.addi4spn a2, sp, 368
core   0: 3 0x80007320 (0x1a90) x12 0xe920017f
core   0: 0x80007322 (0x2f4385a3) sb      s4, 747(t2)
core   0: 3 0x80007322 (0x2f4385a3) mem 0x800104da 0x00
core   0: 0x80007326 (0x2253ab03) lw      s6, 549(t2)
core   0: 3 0x80007326 (0x2253ab03) x22 0xcccdcecf mem 0x80010414
core   0: 0x8000732a (0x4a83a6a3) sw      s0, 1197(t2)
core   0: 3 0x8000732a (0x4a83a6a3) mem 0x8001069c 0x00000000
core   0: 0x8000732e (0xf7838f83) lb      t6, -136(t2)
core   0: 3 0x8000732e (0xf7838f83) x31 0x0000001c mem 0x80010167
core   0: 0x80007332 (0xef038423) sb      a6, -280(t2)
core   0: 3 0x80007332 (0xef038423) mem 0x800100d7 0x00
core   0: 0x80007336 (0xfe138a23) sb      ra, -12(t2)
core   0: 3 0x80007336 (0xfe138a23) mem 0x800101e3 0x00
core   0: 0x8000733a (0x005f9793) slli    a5, t6, 5
core   0: 3 0x8000733a (0x005f9793) x15 0x00000380
core   0: 0x8000733e (0x01ef72b3) and     t0, t5, t5
core   0: 3 0x8000733e (0x01ef72b3) x5  0x0000c000
core   0: 0x80007342 (0x00008495) c.srai  s1, 5
core   0: 3 0x80007342 (0x8495) x9  0x00060000
core   0: 0x80007344 (0xeba38c03) lb      s8, -326(t2)
core   0: 3 0x80007344 (0xeba38c03) x24 0x00000062 mem 0x800100a9
core   0: 0x80007348 (0x00001590) c.addi4spn a2, sp, 736
core   0: 3 0x80007348 (0x1590) x12 0xe92002ef
core   0: 0x8000734a (0x34003c73) csrrc   s8, mscratch, zero
core   0: 3 0x8000734a (0x34003c73) x24 0x00000005
core   0: 0x8000734e (0x025ee6b3) rem     a3, t4, t0
core   0: 3 0x8000734e (0x025ee6b3) x13 0xffff9ea4
core   0: 0x80007352 (0x00008de5) c.and   a1, s1
core   0: 3 0x80007352 (0x8de5) x11 0x00000000
core   0: 0x80007354 (0x18138123) sb      ra, 386(t2)
core   0: 3 0x80007354 (0x18138123) mem 0x80010371 0x00
core   0: 0x80007358 (0xf133d903) lhu     s2, -237(t2)
core   0: 3 0x80007358 (0xf133d903) x18 0x000051b9 mem 0x80010102
core   0: 0x8000735c (0x72638ba3) sb      t1, 1847(t2)
core   0: 3 0x8000735c (0x72638ba3) mem 0x80010926 0x92
core   0: 0x80007360 (0x3493cb03) lbu     s6, 841(t2)
core   0: 3 0x80007360 (0x3493cb03) x22 0x000000f3 mem 0x80010538
core   0: 0x80007364 (0x7df386a3) sb      t6, 1997(t2)
core   0: 3 0x80007364 (0x7df386a3) mem 0x800109bc 0x1c
core   0: 0x80007368 (0x41de5533) sra     a0, t3, t4
core   0: 3 0x80007368 (0x41de5533) x10 0xf80029d2
core   0: 0x8000736c (0x39d39183) lh      gp, 925(t2)
core   0: 3 0x8000736c (0x39d39183) x3  0x00004640 mem 0x8001058c
core   0: 0x80007370 (0x00008e55) c.or    a2, a3
core   0: 3 0x80007370 (0x8e55) x12 0xffff9eef
core   0: 0x80007372 (0x0e638a83) lb      s5, 230(t2)
core   0: 3 0x80007372 (0x0e638a83) x21 0xffffff8e mem 0x800102d5
core   0: 0x80007376 (0x0ef39203) lh      tp, 239(t2)
core   0: 3 0x80007376 (0x0ef39203) x4  0xffff9495 mem 0x800102de
core   0: 0x8000737a (0x34073373) csrrc   t1, mscratch, a4
core   0: 3 0x8000737a (0x34073373) x6  0x00000005 c832_mscratch 0x00000005
core   0: 0x8000737e (0x7db3d883) lhu     a7, 2011(t2)
core   0: 3 0x8000737e (0x7db3d883) x17 0x00008081 mem 0x800109ca
core   0: 0x80007382 (0x0000110c) c.addi4spn a1, sp, 160
core   0: 3 0x80007382 (0x110c) x11 0xe92000af
core   0: 0x80007384 (0x1433cb83) lbu     s7, 323(t2)
core   0: 3 0x80007384 (0x1433cb83) x23 0x000000e9 mem 0x80010332
core   0: 0x80007388 (0xeed385a3) sb      a3, -277(t2)
core   0: 3 0x80007388 (0xeed385a3) mem 0x800100da 0xa4
core   0: 0x8000738c (0x3af80893) addi    a7, a6, 943
core   0: 3 0x8000738c (0x3af80893) x17 0x000003af
core   0: 0x80007390 (0x000058fd) c.li    a7, -1
core   0: 3 0x80007390 (0x58fd) x17 0xffffffff
core   0: 0x80007392 (0x013c5463) bge     s8, s3, pc + 8
core   0: 3 0x80007392 (0x013c5463)
core   0: 0x8000739a (0x01436033) or      zero, t1, s4
core   0: 3 0x8000739a (0x01436033)
core   0: 0x8000739e (0x02d5fc33) remu    s8, a1, a3
core   0: 3 0x8000739e (0x02d5fc33) x24 0xe92000af
core   0: 0x800073a2 (0x40ce5193) srai    gp, t3, 12
core   0: 3 0x800073a2 (0x40ce5193) x3  0xfff80029
core   0: 0x800073a6 (0x00009bca) c.add   s7, s2
core   0: 3 0x800073a6 (0x9bca) x23 0x000052a2
core   0: 0x800073a8 (0x34052c73) csrrs   s8, mscratch, a0
core   0: 3 0x800073a8 (0x34052c73) x24 0x00000005 c832_mscratch 0xf80029d7
core   0: 0x800073ac (0x34046c73) csrrsi  s8, mscratch, 8
core   0: 3 0x800073ac (0x34046c73) x24 0xf80029d7 c832_mscratch 0xf80029df
core   0: 0x800073b0 (0x87fa4f93) xori    t6, s4, -1921
core   0: 3 0x800073b0 (0x87fa4f93) x31 0xff3ff87f
core   0: 0x800073b4 (0x00f6da13) srli    s4, a3, 15
core   0: 3 0x800073b4 (0x00f6da13) x20 0x0001ffff
core   0: 0x800073b8 (0x024dbd33) mulhu   s10, s11, tp
core   0: 3 0x800073b8 (0x024dbd33) x26 0x0000cfff
core   0: 0x800073bc (0x02fea8b3) mulhsu  a7, t4, a5
core   0: 3 0x800073bc (0x02fea8b3) x17 0xfffffe40
core   0: 0x800073c0 (0x7abc2a13) slti    s4, s8, 1963
core   0: 3 0x800073c0 (0x7abc2a13) x20 0x00000001
core   0: 0x800073c4 (0x00006ac5) c.lui   s5, 0x11
core   0: 3 0x800073c4 (0x6ac5) x21 0x00011000
core   0: 0x800073c6 (0x1dc23f97) auipc   t6, 0x1dc23
core   0: 3 0x800073c6 (0x1dc23f97) x31 0x9dc2a3c6
core   0: 0x800073ca (0x000004b5) c.addi  s1, 13
core   0: 3 0x800073ca (0x04b5) x9  0x0006000d
core   0: 0x800073cc (0x02f711b3) mulh    gp, a4, a5
core   0: 3 0x800073cc (0x02f711b3) x3  0x00000000
core   0: 0x800073d0 (0x0066e4b3) or      s1, a3, t1
core   0: 3 0x800073d0 (0x0066e4b3) x9  0xffff9ea5
core   0: 0x800073d4 (0x020c4a33) div     s4, s8, zero
core   0: 3 0x800073d4 (0x020c4a33) x20 0xffffffff
core   0: 0x800073d8 (0x0000100f) fence.i
core   0: 3 0x800073d8 (0x0000100f)
core   0: 0x800073dc (0x00008cb1) c.xor   s1, a2
core   0: 3 0x800073dc (0x8cb1) x9  0x0000004a
core   0: 0x800073de (0x34013a73) csrrc   s4, mscratch, sp
core   0: 3 0x800073de (0x34013a73) x20 0xf80029df c832_mscratch 0x100029d0
core   0: 0x800073e2 (0x34002973) csrr    s2, mscratch
core   0: 3 0x800073e2 (0x34002973) x18 0x100029d0
core   0: 0x800073e6 (0x000081d9) c.srli  a1, 22
core   0: 3 0x800073e6 (0x81d9) x11 0x000003a4
core   0: 0x800073e8 (0x0155d633) srl     a2, a1, s5
core   0: 3 0x800073e8 (0x0155d633) x12 0x000003a4
core   0: 0x800073ec (0x00004621) c.li    a2, 8
core   0: 3 0x800073ec (0x4621) x12 0x00000008
core   0: 0x800073ee (0x00008ec1) c.or    a3, s0
core   0: 3 0x800073ee (0x8ec1) x13 0xffff9ea4
core   0: 0x800073f0 (0x00008cd1) c.or    s1, a2
core   0: 3 0x800073f0 (0x8cd1) x9  0x0000004a
core   0: 0x800073f2 (0x00008d2d) c.xor   a0, a1
core   0: 3 0x800073f2 (0x8d2d) x10 0xf8002a76
core   0: 0x800073f4 (0x00000001) c.nop
core   0: 3 0x800073f4 (0x0001)
core   0: 0x800073f6 (0x00cdfc33) and     s8, s11, a2
core   0: 3 0x800073f6 (0x00cdfc33) x24 0x00000000
core   0: 0x800073fa (0x00008ca9) c.xor   s1, a0
core   0: 3 0x800073fa (0x8ca9) x9  0xf8002a3c
core   0: 0x800073fc (0x021a8763) beq     s5, ra, pc + 46
core   0: 3 0x800073fc (0x021a8763)
core   0: 0x80007400 (0x34069173) csrrw   sp, mscratch, a3
core   0: 3 0x80007400 (0x34069173) x2  0x100029d0 c832_mscratch 0xffff9ea4
core   0: 0x80007404 (0x0d416a93) ori     s5, sp, 212
core   0: 3 0x80007404 (0x0d416a93) x21 0x100029d4
core   0: 0x80007408 (0x01ad5193) srli    gp, s10, 26
core   0: 3 0x80007408 (0x01ad5193) x3  0x00000000
core   0: 0x8000740c (0x00f99293) slli    t0, s3, 15
core   0: 3 0x8000740c (0x00f99293) x5  0x00008000
core   0: 0x80007410 (0x0000717d) c.addi16sp sp, -16
core   0: 3 0x80007410 (0x717d) x2  0x100029c0
core   0: 0x80007412 (0x00008ecd) c.or    a3, a1
core   0: 3 0x80007412 (0x8ecd) x13 0xffff9fa4
core   0: 0x80007414 (0x85294293) xori    t0, s2, -1966
core   0: 3 0x80007414 (0x85294293) x5  0xefffd182
core   0: 0x80007418 (0x00008242) c.mv    tp, a6
core   0: 3 0x80007418 (0x8242) x4  0x00000000
core   0: 0x8000741a (0x02e89d63) bne     a7, a4, pc + 58
core   0: 3 0x8000741a (0x02e89d63)
core   0: 0x80007454 (0x01a14cb3) xor     s9, sp, s10
core   0: 3 0x80007454 (0x01a14cb3) x25 0x1000e63f
core   0: 0x80007458 (0x024d7db3) remu    s11, s10, tp
core   0: 3 0x80007458 (0x024d7db3) x27 0x0000cfff
core   0: 0x8000745c (0x00008245) c.srli  a2, 17
core   0: 3 0x8000745c (0x8245) x12 0x00000000
core   0: 0x8000745e (0x00009afd) c.andi  a3, -1
core   0: 3 0x8000745e (0x9afd) x13 0xffff9fa4
core   0: 0x80007460 (0x3409b873) csrrc   a6, mscratch, s3
core   0: 3 0x80007460 (0x3409b873) x16 0xffff9ea4 c832_mscratch 0xffff9ea4
core   0: 0x80007464 (0x340071f3) csrrci  gp, mscratch, 0
core   0: 3 0x80007464 (0x340071f3) x3  0xffff9ea4
core   0: 0x80007468 (0x340799f3) csrrw   s3, mscratch, a5
core   0: 3 0x80007468 (0x340799f3) x19 0xffff9ea4 c832_mscratch 0x00000380
core   0: 0x8000746c (0x41a90233) sub     tp, s2, s10
core   0: 3 0x8000746c (0x41a90233) x4  0x0fff59d1
core   0: 0x80007470 (0x01ccd993) srli    s3, s9, 28
core   0: 3 0x80007470 (0x01ccd993) x19 0x00000001
core   0: 0x80007474 (0x005e29b3) slt     s3, t3, t0
core   0: 3 0x80007474 (0x005e29b3) x19 0x00000001
core   0: 0x80007478 (0x013337b3) sltu    a5, t1, s3
core   0: 3 0x80007478 (0x013337b3) x15 0x00000000
core   0: 0x8000747c (0x340adf73) csrrwi  t5, mscratch, 21
core   0: 3 0x8000747c (0x340adf73) x30 0x00000380 c832_mscratch 0x00000015
core   0: 0x80007480 (0x34041173) csrrw   sp, mscratch, s0
core   0: 3 0x80007480 (0x34041173) x2  0x00000015 c832_mscratch 0x00000000
core   0: 0x80007484 (0x40fbd333) sra     t1, s7, a5
core   0: 3 0x80007484 (0x40fbd333) x6  0x000052a2
core   0: 0x80007488 (0x02425b33) divu    s6, tp, tp
core   0: 3 0x80007488 (0x02425b33) x22 0x00000001
core   0: 0x8000748c (0x011bbc33) sltu    s8, s7, a7
core   0: 3 0x8000748c (0x011bbc33) x24 0x00000001
core   0: 0x80007490 (0x02df5333) divu    t1, t5, a3
core   0: 3 0x80007490 (0x02df5333) x6  0x00000000
core   0: 0x80007494 (0x0ff0000f) fence   iorw,iorw
core   0: 3 0x80007494 (0x0ff0000f)
core   0: 0x80007498 (0x00008f7d) c.and   a4, a5
core   0: 3 0x80007498 (0x8f7d) x14 0x00000000
core   0: 0x8000749a (0x00d2b033) sltu    zero, t0, a3
core   0: 3 0x8000749a (0x00d2b033)
core   0: 0x8000749e (0x000089c6) c.mv    s3, a7
core   0: 3 0x8000749e (0x89c6) x19 0xfffffe40
core   0: 0x800074a0 (0x034d1b33) mulh    s6, s10, s4
core   0: 3 0x800074a0 (0x034d1b33) x22 0xfffff980
core   0: 0x800074a4 (0x0000613d) c.addi16sp sp, 480
core   0: 3 0x800074a4 (0x613d) x2  0x000001f5
core   0: 0x800074a6 (0x00006155) c.addi16sp sp, 304
core   0: 3 0x800074a6 (0x6155) x2  0x00000325
core   0: 0x800074a8 (0x03b99a33) mulh    s4, s3, s11
core   0: 3 0x800074a8 (0x03b99a33) x20 0xffffffff
core   0: 0x800074ac (0x00008cbd) c.xor   s1, a5
core   0: 3 0x800074ac (0x8cbd) x9  0xf8002a3c
core   0: 0x800074ae (0x00000001) c.nop
core   0: 3 0x800074ae (0x0001)
core   0: 0x800074b0 (0xff8f4a93) xori    s5, t5, -8
core   0: 3 0x800074b0 (0xff8f4a93) x21 0xfffffc78
core   0: 0x800074b4 (0x0000100f) fence.i
core   0: 3 0x800074b4 (0x0000100f)
core   0: 0x800074b8 (0x038ad9b3) divu    s3, s5, s8
core   0: 3 0x800074b8 (0x038ad9b3) x19 0xfffffc78
core   0: 0x800074bc (0x0000c791) c.beqz  a5, pc + 12
core   0: 3 0x800074bc (0xc791)
core   0: 0x800074c8 (0xf7f32717) auipc   a4, 0xf7f32
core   0: 3 0x800074c8 (0xf7f32717) x14 0x77f394c8
core   0: 0x800074cc (0x01c8cab3) xor     s5, a7, t3
core   0: 3 0x800074cc (0x01c8cab3) x21 0x7ffd6364
core   0: 0x800074d0 (0x03f163b3) rem     t2, sp, t6
core   0: 3 0x800074d0 (0x03f163b3) x7  0x00000325
core   0: 0x800074d4 (0x0000820e) c.mv    tp, gp
core   0: 3 0x800074d4 (0x820e) x4  0xffff9ea4
core   0: 0x800074d6 (0x015bd213) srli    tp, s7, 21
core   0: 3 0x800074d6 (0x015bd213) x4  0x00000000
core   0: 0x800074da (0x340065f3) csrrsi  a1, mscratch, 0
core   0: 3 0x800074da (0x340065f3) x11 0x00000000
core   0: 0x800074de (0x2e6c9237) lui     tp, 0x2e6c9
core   0: 3 0x800074de (0x2e6c9237) x4  0x2e6c9000
core   0: 0x800074e2 (0x02e2b5b3) mulhu   a1, t0, a4
core   0: 3 0x800074e2 (0x02e2b5b3) x11 0x707445b2
core   0: 0x800074e6 (0x00187733) and     a4, a6, ra
core   0: 3 0x800074e6 (0x00187733) x14 0x00000000
core   0: 0x800074ea (0x00000d26) c.slli  s10, 9
core   0: 3 0x800074ea (0x0d26) x26 0x019ffe00
core   0: 0x800074ec (0x00005a7d) c.li    s4, -1
core   0: 3 0x800074ec (0x5a7d) x20 0xffffffff
core   0: 0x800074ee (0x05b53c93) sltiu   s9, a0, 91
core   0: 3 0x800074ee (0x05b53c93) x25 0x00000000
core   0: 0x800074f2 (0x00000001) c.nop
core   0: 3 0x800074f2 (0x0001)
core   0: 0x800074f4 (0x00004d97) auipc   s11, 0x4
core   0: 3 0x800074f4 (0x00004d97) x27 0x8000b4f4
core   0: 0x800074f8 (0xc1ed8d93) addi    s11, s11, -994
core   0: 3 0x800074f8 (0xc1ed8d93) x27 0x8000b112
core   0: 0x800074fc (0x00008d19) c.sub   a0, a4
core   0: 3 0x800074fc (0x8d19) x10 0xf8002a76
core   0: 0x800074fe (0x33bd8d93) addi    s11, s11, 827
core   0: 3 0x800074fe (0x33bd8d93) x27 0x8000b44d
core   0: 0x80007502 (0x00001b8c) c.addi4spn a1, sp, 496
core   0: 3 0x80007502 (0x1b8c) x11 0x00000515
core   0: 0x80007504 (0xcc5d8367) jalr    t1, s11, -827
core   0: 3 0x80007504 (0xcc5d8367) x6  0x80007508
core   0: 0x8000b112 (0x00001ec1) c.addi  t4, -16
core   0: 3 0x8000b112 (0x1ec1) x29 0x80025e94
core   0: 0x8000b114 (0x89abbd93) sltiu   s11, s7, -1894
core   0: 3 0x8000b114 (0x89abbd93) x27 0x00000001
core   0: 0x8000b118 (0xbf235f17) auipc   t5, 0xbf235
core   0: 3 0x8000b118 (0xbf235f17) x30 0x3f240118
core   0: 0x8000b11c (0x006ea223) sw      t1, 4(t4)
core   0: 3 0x8000b11c (0x006ea223) mem 0x80025e98 0x80007508
core   0: 0x8000b120 (0x01da1093) slli    ra, s4, 29
core   0: 3 0x8000b120 (0x01da1093) x1  0xe0000000
core   0: 0x8000b124 (0x102ea113) slti    sp, t4, 258
core   0: 3 0x8000b124 (0x102ea113) x2  0x00000001
core   0: 0x8000b128 (0x01a5d3b3) srl     t2, a1, s10
core   0: 3 0x8000b128 (0x01a5d3b3) x7  0x00000515
core   0: 0x8000b12c (0x000084e1) c.srai  s1, 24
core   0: 3 0x8000b12c (0x84e1) x9  0xfffffff8
core   0: 0x8000b12e (0x00000001) c.nop
core   0: 3 0x8000b12e (0x0001)
core   0: 0x8000b130 (0x00009c66) c.add   s8, s9
core   0: 3 0x8000b130 (0x9c66) x24 0x00000001
core   0: 0x8000b132 (0x340b3173) csrrc   sp, mscratch, s6
core   0: 3 0x8000b132 (0x340b3173) x2  0x00000000 c832_mscratch 0x00000000
core   0: 0x8000b136 (0x029320b3) mulhsu  ra, t1, s1
core   0: 3 0x8000b136 (0x029320b3) x1  0x8000750b
core   0: 0x8000b13a (0x0000100f) fence.i
core   0: 3 0x8000b13a (0x0000100f)
core   0: 0x8000b13e (0xccf97337) lui     t1, 0xccf97
core   0: 3 0x8000b13e (0xccf97337) x6  0xccf97000
core   0: 0x8000b142 (0x34003073) csrc    mscratch, zero
core   0: 3 0x8000b142 (0x34003073)
core   0: 0x8000b146 (0x24a0036f) jal     t1, pc + 0x24a
core   0: 3 0x8000b146 (0x24a0036f) x6  0x8000b14a
core   0: 0x8000b390 (0x3944b837) lui     a6, 0x3944b
core   0: 3 0x8000b390 (0x3944b837) x16 0x3944b000
core   0: 0x8000b394 (0xae988497) auipc   s1, 0xae988
core   0: 3 0x8000b394 (0xae988497) x9  0x2e993394
core   0: 0x8000b398 (0x023a50b3) divu    ra, s4, gp
core   0: 3 0x8000b398 (0x023a50b3) x1  0x00000001
core   0: 0x8000b39c (0x00001ee1) c.addi  t4, -8
core   0: 3 0x8000b39c (0x1ee1) x29 0x80025e8c
core   0: 0x8000b39e (0x006ea223) sw      t1, 4(t4)
core   0: 3 0x8000b39e (0x006ea223) mem 0x80025e90 0x8000b14a
core   0: 0x8000b3a2 (0x00009bfd) c.andi  a5, -1
core   0: 3 0x8000b3a2 (0x9bfd) x15 0x00000000
core   0: 0x8000b3a4 (0x00001c7d) c.addi  s8, -1
core   0: 3 0x8000b3a4 (0x1c7d) x24 0x00000000
core   0: 0x8000b3a6 (0x340f77f3) csrrci  a5, mscratch, 30
core   0: 3 0x8000b3a6 (0x340f77f3) x15 0x00000000 c832_mscratch 0x00000000
core   0: 0x8000b3aa (0x03a9e4b3) rem     s1, s3, s10
core   0: 3 0x8000b3aa (0x03a9e4b3) x9  0xfffffc78
core   0: 0x8000b3ae (0x000019fd) c.addi  s3, -1
core   0: 3 0x8000b3ae (0x19fd) x19 0xfffffc77
core   0: 0x8000b3b0 (0x00004aa1) c.li    s5, 8
core   0: 3 0x8000b3b0 (0x4aa1) x21 0x00000008
core   0: 0x8000b3b2 (0x01afc763) blt     t6, s10, pc + 14
core   0: 3 0x8000b3b2 (0x01afc763)
core   0: 0x8000b3c0 (0xc99ff36f) jal     t1, pc - 0x368
core   0: 3 0x8000b3c0 (0xc99ff36f) x6  0x8000b3c4
core   0: 0x8000b058 (0x079f6213) ori     tp, t5, 121
core   0: 3 0x8000b058 (0x079f6213) x4  0x3f240179
core   0: 0x8000b05c (0x000089ea) c.mv    s3, s10
core   0: 3 0x8000b05c (0x89ea) x19 0x019ffe00
core   0: 0x8000b05e (0x40a15f93) srai    t6, sp, 10
core   0: 3 0x8000b05e (0x40a15f93) x31 0x00000000
core   0: 0x8000b062 (0x5ccc4f93) xori    t6, s8, 1484
core   0: 3 0x8000b062 (0x5ccc4f93) x31 0x000005cc
core   0: 0x8000b066 (0x00008ce9) c.and   s1, a0
core   0: 3 0x8000b066 (0x8ce9) x9  0xf8002870
core   0: 0x8000b068 (0x00557263) bgeu    a0, t0, pc + 4
core   0: 3 0x8000b068 (0x00557263)
core   0: 0x8000b06c (0x00001ec1) c.addi  t4, -16
core   0: 3 0x8000b06c (0x1ec1) x29 0x80025e7c
core   0: 0x8000b06e (0x6dfe0793) addi    a5, t3, 1759
core   0: 3 0x8000b06e (0x6dfe0793) x15 0x8002a403
core   0: 0x8000b072 (0x006ea223) sw      t1, 4(t4)
core   0: 3 0x8000b072 (0x006ea223) mem 0x80025e80 0x8000b3c4
core   0: 0x8000b076 (0x340023f3) csrr    t2, mscratch
core   0: 3 0x8000b076 (0x340023f3) x7  0x00000000
core   0: 0x8000b07a (0x01b08133) add     sp, ra, s11
core   0: 3 0x8000b07a (0x01b08133) x2  0x00000002
core   0: 0x8000b07e (0x340066f3) csrrsi  a3, mscratch, 0
core   0: 3 0x8000b07e (0x340066f3) x13 0x00000000
core   0: 0x8000b082 (0x00000b04) c.addi4spn s1, sp, 400
core   0: 3 0x8000b082 (0x0b04) x9  0x00000192
core   0: 0x8000b084 (0x00000a97) auipc   s5, 0x0
core   0: 3 0x8000b084 (0x00000a97) x21 0x8000b084
core   0: 0x8000b088 (0xbf2a8a93) addi    s5, s5, -1038
core   0: 3 0x8000b088 (0xbf2a8a93) x21 0x8000ac76
core   0: 0x8000b08c (0x05aa8a93) addi    s5, s5, 90
core   0: 3 0x8000b08c (0x05aa8a93) x21 0x8000acd0
core   0: 0x8000b090 (0x000081b2) c.mv    gp, a2
core   0: 3 0x8000b090 (0x81b2) x3  0x00000000
core   0: 0x8000b092 (0x017c7663) bgeu    s8, s7, pc + 12
core   0: 3 0x8000b092 (0x017c7663)
core   0: 0x8000b096 (0x0ff0000f) fence   iorw,iorw
core   0: 3 0x8000b096 (0x0ff0000f)
core   0: 0x8000b09a (0x89937f93) andi    t6, t1, -1895
core   0: 3 0x8000b09a (0x89937f93) x31 0x8000b080
core   0: 0x8000b09e (0xfa7a8367) jalr    t1, s5, -89
core   0: 3 0x8000b09e (0xfa7a8367) x6  0x8000b0a2
core   0: 0x8000ac76 (0x00597263) bgeu    s2, t0, pc + 4
core   0: 3 0x8000ac76 (0x00597263)
core   0: 0x8000ac7a (0x00001ee1) c.addi  t4, -8
core   0: 3 0x8000ac7a (0x1ee1) x29 0x80025e74
core   0: 0x8000ac7c (0x000059fd) c.li    s3, -1
core   0: 3 0x8000ac7c (0x59fd) x19 0xffffffff
core   0: 0x8000ac7e (0x41400833) sub     a6, zero, s4
core   0: 3 0x8000ac7e (0x41400833) x16 0x00000001
core   0: 0x8000ac82 (0x006ea223) sw      t1, 4(t4)
core   0: 3 0x8000ac82 (0x006ea223) mem 0x80025e78 0x8000b0a2
core   0: 0x8000ac86 (0x03c55133) divu    sp, a0, t3
core   0: 3 0x8000ac86 (0x03c55133) x2  0x00000001
core   0: 0x8000ac8a (0xa0587b17) auipc   s6, 0xa0587
core   0: 3 0x8000ac8a (0xa0587b17) x22 0x20591c8a
core   0: 0x8000ac8e (0x031e52b3) divu    t0, t3, a7
core   0: 3 0x8000ac8e (0x031e52b3) x5  0x00000000
core   0: 0x8000ac92 (0x0000010c) c.addi4spn a1, sp, 128
core   0: 3 0x8000ac92 (0x010c) x11 0x00000081
core   0: 0x8000ac94 (0x34012873) csrrs   a6, mscratch, sp
core   0: 3 0x8000ac94 (0x34012873) x16 0x00000000 c832_mscratch 0x00000001
core   0: 0x8000ac98 (0xfffff797) auipc   a5, 0xfffff
core   0: 3 0x8000ac98 (0xfffff797) x15 0x80009c98
core   0: 0x8000ac9c (0x77878793) addi    a5, a5, 1912
core   0: 3 0x8000ac9c (0x77878793) x15 0x8000a410
core   0: 0x8000aca0 (0x79a47d13) andi    s10, s0, 1946
core   0: 3 0x8000aca0 (0x79a47d13) x26 0x00000000
core   0: 0x8000aca4 (0x23c78793) addi    a5, a5, 572
core   0: 3 0x8000aca4 (0x23c78793) x15 0x8000a64c
core   0: 0x8000aca8 (0x00c3f863) bgeu    t2, a2, pc + 16
core   0: 3 0x8000aca8 (0x00c3f863)
core   0: 0x8000acb8 (0xdc478367) jalr    t1, a5, -572
core   0: 3 0x8000acb8 (0xdc478367) x6  0x8000acbc
core   0: 0x8000a410 (0xfd8e8e93) addi    t4, t4, -40
core   0: 3 0x8000a410 (0xfd8e8e93) x29 0x80025e4c
core   0: 0x8000a414 (0x000099fd) c.andi  a1, -1
core   0: 3 0x8000a414 (0x99fd) x11 0x00000081
core   0: 0x8000a416 (0x02ac0b33) mul     s6, s8, a0
core   0: 3 0x8000a416 (0x02ac0b33) x22 0x00000000
core   0: 0x8000a41a (0x19cb4b13) xori    s6, s6, 412
core   0: 3 0x8000a41a (0x19cb4b13) x22 0x0000019c
core   0: 0x8000a41e (0x00006509) c.lui   a0, 0x2
core   0: 3 0x8000a41e (0x6509) x10 0x00002000
core   0: 0x8000a420 (0x006ea223) sw      t1, 4(t4)
core   0: 3 0x8000a420 (0x006ea223) mem 0x80025e50 0x8000acbc
core   0: 0x8000a424 (0x340464f3) csrrsi  s1, mscratch, 8
core   0: 3 0x8000a424 (0x340464f3) x9  0x00000001 c832_mscratch 0x00000009
core   0: 0x8000a428 (0x401a0633) sub     a2, s4, ra
core   0: 3 0x8000a428 (0x401a0633) x12 0xfffffffe
core   0: 0x8000a42c (0x002694b3) sll     s1, a3, sp
core   0: 3 0x8000a42c (0x002694b3) x9  0x00000000
core   0: 0x8000a430 (0x00d5d4b3) srl     s1, a1, a3
core   0: 3 0x8000a430 (0x00d5d4b3) x9  0x00000081
core   0: 0x8000a434 (0xf2ad6713) ori     a4, s10, -214
core   0: 3 0x8000a434 (0xf2ad6713) x14 0xffffff2a
core   0: 0x8000a438 (0x340060f3) csrrsi  ra, mscratch, 0
core   0: 3 0x8000a438 (0x340060f3) x1  0x00000009
core   0: 0x8000a43c (0x00006089) c.lui   ra, 0x2
core   0: 3 0x8000a43c (0x6089) x1  0x00002000
core   0: 0x8000a43e (0x8d434913) xori    s2, t1, -1836
core   0: 3 0x8000a43e (0x8d434913) x18 0x7fff5468
core   0: 0x8000a442 (0x6050036f) jal     t1, pc + 0xe04
core   0: 3 0x8000a442 (0x6050036f) x6  0x8000a446
core   0: 0x8000b246 (0x340a3ff3) csrrc   t6, mscratch, s4
core   0: 3 0x8000b246 (0x340a3ff3) x31 0x00000009 c832_mscratch 0x00000000
core   0: 0x8000b24a (0x000009e1) c.addi  s3, 24
core   0: 3 0x8000b24a (0x09e1) x19 0x00000017
core   0: 0x8000b24c (0x03ff5233) divu    tp, t5, t6
core   0: 3 0x8000b24c (0x03ff5233) x4  0x0704001f
core   0: 0x8000b250 (0x00b28463) beq     t0, a1, pc + 8
core   0: 3 0x8000b250 (0x00b28463)
core   0: 0x8000b254 (0x41808cb3) sub     s9, ra, s8
core   0: 3 0x8000b254 (0x41808cb3) x25 0x00002000
core   0: 0x8000b258 (0xfd8e8e93) addi    t4, t4, -40
core   0: 3 0x8000b258 (0xfd8e8e93) x29 0x80025e24
core   0: 0x8000b25c (0x006ea223) sw      t1, 4(t4)
core   0: 3 0x8000b25c (0x006ea223) mem 0x80025e28 0x8000a446
core   0: 0x8000b260 (0x34007273) csrrci  tp, mscratch, 0
core   0: 3 0x8000b260 (0x34007273) x4  0x00000000
core   0: 0x8000b264 (0x028d01b3) mul     gp, s10, s0
core   0: 3 0x8000b264 (0x028d01b3) x3  0x00000000
core   0: 0x8000b268 (0x340f2a73) csrrs   s4, mscratch, t5
core   0: 3 0x8000b268 (0x340f2a73) x20 0x00000000 c832_mscratch 0x3f240118
core   0: 0x8000b26c (0x02303633) mulhu   a2, zero, gp
core   0: 3 0x8000b26c (0x02303633) x12 0x00000000
core   0: 0x8000b270 (0x01fe1133) sll     sp, t3, t6
core   0: 3 0x8000b270 (0x01fe1133) x2  0x053a4800
core   0: 0x8000b274 (0x21956b93) ori     s7, a0, 537
core   0: 3 0x8000b274 (0x21956b93) x23 0x00002219
core   0: 0x8000b278 (0x000082dd) c.srli  a3, 23
core   0: 3 0x8000b278 (0x82dd) x13 0x00000000
core   0: 0x8000b27a (0x000085d5) c.srai  a1, 21
core   0: 3 0x8000b27a (0x85d5) x11 0x00000000
core   0: 0x8000b27c (0x02e3ecb3) rem     s9, t2, a4
core   0: 3 0x8000b27c (0x02e3ecb3) x25 0x00000000
core   0: 0x8000b280 (0x010e4c33) xor     s8, t3, a6
core   0: 3 0x8000b280 (0x010e4c33) x24 0x80029d24
core   0: 0x8000b284 (0x3d292593) slti    a1, s2, 978
core   0: 3 0x8000b284 (0x3d292593) x11 0x00000000
core   0: 0x8000b288 (0x00006109) c.addi16sp sp, 128
core   0: 3 0x8000b288 (0x6109) x2  0x053a4880
core   0: 0x8000b28a (0x00008f7d) c.and   a4, a5
core   0: 3 0x8000b28a (0x8f7d) x14 0x8000a608
core   0: 0x8000b28c (0x037d90b3) mulh    ra, s11, s7
core   0: 3 0x8000b28c (0x037d90b3) x1  0x00000000
core   0: 0x8000b290 (0x03cc6033) rem     zero, s8, t3
core   0: 3 0x8000b290 (0x03cc6033)
core   0: 0x8000b294 (0x00296e63) bltu    s2, sp, pc + 28
core   0: 3 0x8000b294 (0x00296e63)
core   0: 0x8000b298 (0x03e1d463) bge     gp, t5, pc + 40
core   0: 3 0x8000b298 (0x03e1d463)
core   0: 0x8000b29c (0x016942b3) xor     t0, s2, s6
core   0: 3 0x8000b29c (0x016942b3) x5  0x7fff55f4
core   0: 0x8000b2a0 (0x09f73213) sltiu   tp, a4, 159
core   0: 3 0x8000b2a0 (0x09f73213) x4  0x00000000
core   0: 0x8000b2a4 (0x00008d35) c.xor   a0, a3
core   0: 3 0x8000b2a4 (0x8d35) x10 0x00002000
core   0: 0x8000b2a6 (0x0000c295) c.beqz  a3, pc + 36
core   0: 3 0x8000b2a6 (0xc295)
core   0: 0x8000b2ca (0x02047963) bgeu    s0, zero, pc + 50
core   0: 3 0x8000b2ca (0x02047963)
core   0: 0x8000b2fc (0x00006fdd) c.lui   t6, 0x17
core   0: 3 0x8000b2fc (0x6fdd) x31 0x00017000
core   0: 0x8000b2fe (0x0000982e) c.add   a6, a1
core   0: 3 0x8000b2fe (0x982e) x16 0x00000000
core   0: 0x8000b300 (0x000003de) c.slli  t2, 23
core   0: 3 0x8000b300 (0x03de) x7  0x00000000
core   0: 0x8000b302 (0x003868b3) or      a7, a6, gp
core   0: 3 0x8000b302 (0x003868b3) x17 0x00000000
core   0: 0x8000b306 (0x0000ca0d) c.beqz  a2, pc + 50
core   0: 3 0x8000b306 (0xca0d)
core   0: 0x8000b338 (0x012045b3) xor     a1, zero, s2
core   0: 3 0x8000b338 (0x012045b3) x11 0x7fff5468
core   0: 0x8000b33c (0x340d6873) csrrsi  a6, mscratch, 26
core   0: 3 0x8000b33c (0x340d6873) x16 0x3f240118 c832_mscratch 0x3f24011a
core   0: 0x8000b340 (0x03ba0163) beq     s4, s11, pc + 34
core   0: 3 0x8000b340 (0x03ba0163)
core   0: 0x8000b344 (0x01e30f63) beq     t1, t5, pc + 30
core   0: 3 0x8000b344 (0x01e30f63)
core   0: 0x8000b348 (0x0160b533) sltu    a0, ra, s6
core   0: 3 0x8000b348 (0x0160b533) x10 0x00000001
core   0: 0x8000b34c (0x00008c4e) c.mv    s8, s3
core   0: 3 0x8000b34c (0x8c4e) x24 0x00000017
core   0: 0x8000b34e (0x00b39833) sll     a6, t2, a1
core   0: 3 0x8000b34e (0x00b39833) x16 0x00000000
core   0: 0x8000b352 (0x032f5db3) divu    s11, t5, s2
core   0: 3 0x8000b352 (0x032f5db3) x27 0x00000000
core   0: 0x8000b356 (0x00008169) c.srli  a0, 26
core   0: 3 0x8000b356 (0x8169) x10 0x00000000
core   0: 0x8000b358 (0x41c787b3) sub     a5, a5, t3
core   0: 3 0x8000b358 (0x41c787b3) x15 0xfffe0928
core   0: 0x8000b35c (0x000083d1) c.srli  a5, 20
core   0: 3 0x8000b35c (0x83d1) x15 0x00000fff
core   0: 0x8000b35e (0x41e906b3) sub     a3, s2, t5
core   0: 3 0x8000b35e (0x41e906b3) x13 0x40db5350
core   0: 0x8000b362 (0x5fa64393) xori    t2, a2, 1530
core   0: 3 0x8000b362 (0x5fa64393) x7  0x000005fa
core   0: 0x8000b366 (0x107ce013) ori     zero, s9, 263
core   0: 3 0x8000b366 (0x107ce013)
core   0: 0x8000b36a (0x004ea303) lw      t1, 4(t4)
core   0: 3 0x8000b36a (0x004ea303) x6  0x8000a446 mem 0x80025e28
core   0: 0x8000b36e (0x0000616d) c.addi16sp sp, 240
core   0: 3 0x8000b36e (0x616d) x2  0x053a4970
core   0: 0x8000b370 (0x0124dfb3) srl     t6, s1, s2
core   0: 3 0x8000b370 (0x0124dfb3) x31 0x00000000
core   0: 0x8000b374 (0x03d6ffb3) remu    t6, a3, t4
core   0: 3 0x8000b374 (0x03d6ffb3) x31 0x40db5350
core   0: 0x8000b378 (0x028e8e93) addi    t4, t4, 40
core   0: 3 0x8000b378 (0x028e8e93) x29 0x80025e4c
core   0: 0x8000b37c (0x6c84e0b7) lui     ra, 0x6c84e
core   0: 3 0x8000b37c (0x6c84e0b7) x1  0x6c84e000
core   0: 0x8000b380 (0x99752193) slti    gp, a0, -1641
core   0: 3 0x8000b380 (0x99752193) x3  0x00000000
core   0: 0x8000b384 (0x3401d0f3) csrrwi  ra, mscratch, 3
core   0: 3 0x8000b384 (0x3401d0f3) x1  0x3f24011a c832_mscratch 0x00000003
core   0: 0x8000b388 (0x00008531) c.srai  a0, 12
core   0: 3 0x8000b388 (0x8531) x10 0x00000000
core   0: 0x8000b38a (0x00130893) addi    a7, t1, 1
core   0: 3 0x8000b38a (0x00130893) x17 0x8000a447
core   0: 0x8000b38e (0x00009882) c.jalr  a7
core   0: 3 0x8000b38e (0x9882) x1  0x8000b390
core   0: 0x8000a446 (0x0000d117) auipc   sp, 0xd
core   0: 3 0x8000a446 (0x0000d117) x2  0x80017446
core   0: 0x8000a44a (0x34810113) addi    sp, sp, 840
core   0: 3 0x8000a44a (0x34810113) x2  0x8001778e
core   0: 0x8000a44e (0x8d314a83) lbu     s5, -1837(sp)
core   0: 3 0x8000a44e (0x8d314a83) x21 0x0000001a mem 0x80017061
core   0: 0x8000a452 (0xae114383) lbu     t2, -1311(sp)
core   0: 3 0x8000a452 (0xae114383) x7  0x00000024 mem 0x8001726f
core   0: 0x8000a456 (0xe2b12123) sw      a1, -478(sp)
core   0: 3 0x8000a456 (0xe2b12123) mem 0x800175b0 0x7fff5468
core   0: 0x8000a45a (0x3406d373) csrrwi  t1, mscratch, 13
core   0: 3 0x8000a45a (0x3406d373) x6  0x00000003 c832_mscratch 0x0000000d
core   0: 0x8000a45e (0xbb111323) sh      a7, -1114(sp)
core   0: 3 0x8000a45e (0xbb111323) mem 0x80017334 0xa447
core   0: 0x8000a462 (0x39a14983) lbu     s3, 922(sp)
core   0: 3 0x8000a462 (0x39a14983) x19 0x000000e3 mem 0x80017b28
core   0: 0x8000a466 (0xea03c513) xori    a0, t2, -352
core   0: 3 0x8000a466 (0xea03c513) x10 0xfffffe84
core   0: 0x8000a46a (0x02be4cb3) div     s9, t3, a1
core   0: 3 0x8000a46a (0x02be4cb3) x25 0x00000000
core   0: 0x8000a46e (0x5a415a03) lhu     s4, 1444(sp)
core   0: 3 0x8000a46e (0x5a415a03) x20 0x0000e8e9 mem 0x80017d32
core   0: 0x8000a472 (0x27114b83) lbu     s7, 625(sp)
core   0: 3 0x8000a472 (0x27114b83) x23 0x000000b4 mem 0x800179ff
core   0: 0x8000a476 (0x40345c13) srai    s8, s0, 3
core   0: 3 0x8000a476 (0x40345c13) x24 0x00000000
core   0: 0x8000a47a (0xac810503) lb      a0, -1336(sp)
core   0: 3 0x8000a47a (0xac810503) x10 0x0000000d mem 0x80017256
core   0: 0x8000a47e (0x41ccdb93) srai    s7, s9, 28
core   0: 3 0x8000a47e (0x41ccdb93) x23 0x00000000
core   0: 0x8000a482 (0x00000001) c.nop
core   0: 3 0x8000a482 (0x0001)
core   0: 0x8000a484 (0x0170f0b3) and     ra, ra, s7
core   0: 3 0x8000a484 (0x0170f0b3) x1  0x00000000
core   0: 0x8000a488 (0xfe3103a3) sb      gp, -25(sp)
core   0: 3 0x8000a488 (0xfe3103a3) mem 0x80017775 0x00
core   0: 0x8000a48c (0x34003373) csrrc   t1, mscratch, zero
core   0: 3 0x8000a48c (0x34003373) x6  0x0000000d
core   0: 0x8000a490 (0x00008fa9) c.xor   a5, a0
core   0: 3 0x8000a490 (0x8fa9) x15 0x00000ff2
core   0: 0x8000a492 (0xe9210283) lb      t0, -366(sp)
core   0: 3 0x8000a492 (0xe9210283) x5  0xffffffdb mem 0x80017620
core   0: 0x8000a496 (0x1d826a13) ori     s4, tp, 472
core   0: 3 0x8000a496 (0x1d826a13) x20 0x000001d8
core   0: 0x8000a49a (0x0384a533) mulhsu  a0, s1, s8
core   0: 3 0x8000a49a (0x0384a533) x10 0x00000000
core   0: 0x8000a49e (0x45514d03) lbu     s10, 1109(sp)
core   0: 3 0x8000a49e (0x45514d03) x26 0x00000098 mem 0x80017be3
core   0: 0x8000a4a2 (0x00008b4a) c.mv    s6, s2
core   0: 3 0x8000a4a2 (0x8b4a) x22 0x7fff5468
core   0: 0x8000a4a4 (0x014f4963) blt     t5, s4, pc + 18
core   0: 3 0x8000a4a4 (0x014f4963)
core   0: 0x8000a4a8 (0x000087f5) c.srai  a5, 29
core   0: 3 0x8000a4a8 (0x87f5) x15 0x00000000
core   0: 0x8000a4aa (0x00008eb5) c.xor   a3, a3
core   0: 3 0x8000a4aa (0x8eb5) x13 0x00000000
core   0: 0x8000a4ac (0x01126f63) bltu    tp, a7, pc + 30
core   0: 3 0x8000a4ac (0x01126f63)
core   0: 0x8000a4ca (0x03b14533) div     a0, sp, s11
core   0: 3 0x8000a4ca (0x03b14533) x10 0xffffffff
core   0: 0x8000a4ce (0x00000f9d) c.addi  t6, 7
core   0: 3 0x8000a4ce (0x0f9d) x31 0x40db5357
core   0: 0x8000a4d0 (0x012f42b3) xor     t0, t5, s2
core   0: 3 0x8000a4d0 (0x012f42b3) x5  0x40db5570
core   0: 0x8000a4d4 (0x01685133) srl     sp, a6, s6
core   0: 3 0x8000a4d4 (0x01685133) x2  0x00000000
core   0: 0x8000a4d8 (0x00000001) c.nop
core   0: 3 0x8000a4d8 (0x0001)
core   0: 0x8000a4da (0x0000876e) c.mv    a4, s11
core   0: 3 0x8000a4da (0x876e) x14 0x00000000
core   0: 0x8000a4dc (0x00008ffd) c.and   a5, a5
core   0: 3 0x8000a4dc (0x8ffd) x15 0x00000000
core   0: 0x8000a4de (0x011ed813) srli    a6, t4, 17
core   0: 3 0x8000a4de (0x011ed813) x16 0x00004001
core   0: 0x8000a4e2 (0x00008d89) c.sub   a1, a0
core   0: 3 0x8000a4e2 (0x8d89) x11 0x7fff5469
core   0: 0x8000a4e4 (0x051fc163) blt     t6, a7, pc + 66
core   0: 3 0x8000a4e4 (0x051fc163)
core   0: 0x8000a4e8 (0x00db62b3) or      t0, s6, a3
core   0: 3 0x8000a4e8 (0x00db62b3) x5  0x7fff5468
core   0: 0x8000a4ec (0x00c99633) sll     a2, s3, a2
core   0: 3 0x8000a4ec (0x00c99633) x12 0x000000e3
core   0: 0x8000a4f0 (0x03c8f4b3) remu    s1, a7, t3
core   0: 3 0x8000a4f0 (0x03c8f4b3) x9  0x8000a447
core   0: 0x8000a4f4 (0x009f7717) auipc   a4, 0x9f7
core   0: 3 0x8000a4f4 (0x009f7717) x14 0x80a014f4
core   0: 0x8000a4f8 (0x000046a9) c.li    a3, 10
core   0: 3 0x8000a4f8 (0x46a9) x13 0x0000000a
core   0: 0x8000a4fa (0x028f7bb3) remu    s7, t5, s0
core   0: 3 0x8000a4fa (0x028f7bb3) x23 0x3f240118
core   0: 0x8000a4fe (0x0000191c) c.addi4spn a5, sp, 176
core   0: 3 0x8000a4fe (0x191c) x15 0x000000b0
core   0: 0x8000a500 (0x34003673) csrrc   a2, mscratch, zero
core   0: 3 0x8000a500 (0x34003673) x12 0x0000000d
core   0: 0x8000a504 (0x000060f9) c.lui   ra, 0x1e
core   0: 3 0x8000a504 (0x60f9) x1  0x0001e000
core   0: 0x8000a506 (0x0ff0000f) fence   iorw,iorw
core   0: 3 0x8000a506 (0x0ff0000f)
core   0: 0x8000a50a (0x00000001) c.nop
core   0: 3 0x8000a50a (0x0001)
core   0: 0x8000a50c (0x00007563) bgeu    zero, zero, pc + 10
core   0: 3 0x8000a50c (0x00007563)
core   0: 0x8000a516 (0x000083dd) c.srli  a5, 23
core   0: 3 0x8000a516 (0x83dd) x15 0x00000000
core   0: 0x8000a518 (0x00006ced) c.lui   s9, 0x1b
core   0: 3 0x8000a518 (0x6ced) x25 0x0001b000
core   0: 0x8000a51a (0x015d90b3) sll     ra, s11, s5
core   0: 3 0x8000a51a (0x015d90b3) x1  0x00000000
core   0: 0x8000a51e (0x3406ef73) csrrsi  t5, mscratch, 13
core   0: 3 0x8000a51e (0x3406ef73) x30 0x0000000d c832_mscratch 0x0000000d
core   0: 0x8000a522 (0x416ed493) srai    s1, t4, 22
core   0: 3 0x8000a522 (0x416ed493) x9  0xfffffe00
core   0: 0x8000a526 (0x00008ec1) c.or    a3, s0
core   0: 3 0x8000a526 (0x8ec1) x13 0x0000000a
core   0: 0x8000a528 (0x00008f9e) c.mv    t6, t2
core   0: 3 0x8000a528 (0x8f9e) x31 0x00000024
core   0: 0x8000a52a (0xb646cc93) xori    s9, a3, -1180
core   0: 3 0x8000a52a (0xb646cc93) x25 0xfffffb6e
core   0: 0x8000a52e (0x02a81a33) mulh    s4, a6, a0
core   0: 3 0x8000a52e (0x02a81a33) x20 0xffffffff
core   0: 0x8000a532 (0x00004a71) c.li    s4, 28
core   0: 3 0x8000a532 (0x4a71) x20 0x0000001c
core   0: 0x8000a534 (0x41cb8633) sub     a2, s7, t3
core   0: 3 0x8000a534 (0x41cb8633) x12 0xbf2163f4
core   0: 0x8000a538 (0x0ff0000f) fence   iorw,iorw
core   0: 3 0x8000a538 (0x0ff0000f)
core   0: 0x8000a53c (0x033b21b3) mulhsu  gp, s6, s3
core   0: 3 0x8000a53c (0x033b21b3) x3  0x00000071
core   0: 0x8000a540 (0x00004489) c.li    s1, 2
core   0: 3 0x8000a540 (0x4489) x9  0x00000002
core   0: 0x8000a542 (0x1573aa97) auipc   s5, 0x1573a
core   0: 3 0x8000a542 (0x1573aa97) x21 0x95744542
core   0: 0x8000a546 (0x02590a63) beq     s2, t0, pc + 52
core   0: 3 0x8000a546 (0x02590a63)
core   0: 0x8000a57a (0x0000c1b1) c.beqz  a1, pc + 68
core   0: 3 0x8000a57a (0xc1b1)
core   0: 0x8000a57c (0x031fb133) mulhu   sp, t6, a7
core   0: 3 0x8000a57c (0x031fb133) x2  0x00000012
core   0: 0x8000a580 (0x34025af3) csrrwi  s5, mscratch, 4
core   0: 3 0x8000a580 (0x34025af3) x21 0x0000000d c832_mscratch 0x00000004
core   0: 0x8000a584 (0x016cf6b3) and     a3, s9, s6
core   0: 3 0x8000a584 (0x016cf6b3) x13 0x7fff5068
core   0: 0x8000a588 (0x035c0bb3) mul     s7, s8, s5
core   0: 3 0x8000a588 (0x035c0bb3) x23 0x00000000
core   0: 0x8000a58c (0x020a4063) bltz    s4, pc + 32
core   0: 3 0x8000a58c (0x020a4063)
core   0: 0x8000a590 (0x0000100f) fence.i
core   0: 3 0x8000a590 (0x0000100f)
core   0: 0x8000a594 (0x340e5c73) csrrwi  s8, mscratch, 28
core   0: 3 0x8000a594 (0x340e5c73) x24 0x00000004 c832_mscratch 0x0000001c
core   0: 0x8000a598 (0x0220e0b3) rem     ra, ra, sp
core   0: 3 0x8000a598 (0x0220e0b3) x1  0x00000000
core   0: 0x8000a59c (0x031a5a33) divu    s4, s4, a7
core   0: 3 0x8000a59c (0x031a5a33) x20 0x00000000
core   0: 0x8000a5a0 (0x0338dab3) divu    s5, a7, s3
core   0: 3 0x8000a5a0 (0x0338dab3) x21 0x00905af1
core   0: 0x8000a5a4 (0x04ddc763) blt     s11, a3, pc + 78
core   0: 3 0x8000a5a4 (0x04ddc763)
core   0: 0x8000a5f2 (0x00474333) xor     t1, a4, tp
core   0: 3 0x8000a5f2 (0x00474333) x6  0x80a014f4
core   0: 0x8000a5f6 (0x403d9ab7) lui     s5, 0x403d9
core   0: 3 0x8000a5f6 (0x403d9ab7) x21 0x403d9000
core   0: 0x8000a5fa (0x002d9a13) slli    s4, s11, 2
core   0: 3 0x8000a5fa (0x002d9a13) x20 0x00000000
core   0: 0x8000a5fe (0x026c5133) divu    sp, s8, t1
core   0: 3 0x8000a5fe (0x026c5133) x2  0x00000000
core   0: 0x8000a602 (0x00008395) c.srli  a5, 5
core   0: 3 0x8000a602 (0x8395) x15 0x00000000
core   0: 0x8000a604 (0x00008775) c.srai  a4, 29
core   0: 3 0x8000a604 (0x8775) x14 0xfffffffc
core   0: 0x8000a606 (0x01ce4763) blt     t3, t3, pc + 14
core   0: 3 0x8000a606 (0x01ce4763)
core   0: 0x8000a60a (0x00b29db3) sll     s11, t0, a1
core   0: 3 0x8000a60a (0x00b29db3) x27 0xfea8d000
core   0: 0x8000a60e (0x00008fbd) c.xor   a5, a5
core   0: 3 0x8000a60e (0x8fbd) x15 0x00000000
core   0: 0x8000a610 (0x340fbd73) csrrc   s10, mscratch, t6
core   0: 3 0x8000a610 (0x340fbd73) x26 0x0000001c c832_mscratch 0x00000018
core   0: 0x8000a614 (0x33b26b13) ori     s6, tp, 827
core   0: 3 0x8000a614 (0x33b26b13) x22 0x0000033b
core   0: 0x8000a618 (0x0000100f) fence.i
core   0: 3 0x8000a618 (0x0000100f)
core   0: 0x8000a61c (0x0000587d) c.li    a6, -1
core   0: 3 0x8000a61c (0x587d) x16 0xffffffff
core   0: 0x8000a61e (0x0ff0000f) fence   iorw,iorw
core   0: 3 0x8000a61e (0x0ff0000f)
core   0: 0x8000a622 (0x00008d61) c.and   a0, s0
core   0: 3 0x8000a622 (0x8d61) x10 0x00000000
core   0: 0x8000a624 (0x038e9c33) mulh    s8, t4, s8
core   0: 3 0x8000a624 (0x038e9c33) x24 0xfffffffe
core   0: 0x8000a628 (0x34006673) csrrsi  a2, mscratch, 0
core   0: 3 0x8000a628 (0x34006673) x12 0x00000018
core   0: 0x8000a62c (0x018763b3) or      t2, a4, s8
core   0: 3 0x8000a62c (0x018763b3) x7  0xfffffffe
core   0: 0x8000a630 (0x01669193) slli    gp, a3, 22
core   0: 3 0x8000a630 (0x01669193) x3  0x1a000000
core   0: 0x8000a634 (0x34006b73) csrrsi  s6, mscratch, 0
core   0: 3 0x8000a634 (0x34006b73) x22 0x00000018
core   0: 0x8000a638 (0xabf52513) slti    a0, a0, -1345
core   0: 3 0x8000a638 (0xabf52513) x10 0x00000000
core   0: 0x8000a63c (0x00008fea) c.mv    t6, s10
core   0: 3 0x8000a63c (0x8fea) x31 0x0000001c
core   0: 0x8000a63e (0x34015573) csrrwi  a0, mscratch, 2
core   0: 3 0x8000a63e (0x34015573) x10 0x00000018 c832_mscratch 0x00000002
core   0: 0x8000a642 (0x0ff0000f) fence   iorw,iorw
core   0: 3 0x8000a642 (0x0ff0000f)
core   0: 0x8000a646 (0xf6162993) slti    s3, a2, -159
core   0: 3 0x8000a646 (0xf6162993) x19 0x00000000
core   0: 0x8000a64a (0x7a854b93) xori    s7, a0, 1960
core   0: 3 0x8000a64a (0x7a854b93) x23 0x000007b0
core   0: 0x8000a64e (0x00008606) c.mv    a2, ra
core   0: 3 0x8000a64e (0x8606) x12 0x00000000
core   0: 0x8000a650 (0x02fe6963) bltu    t3, a5, pc + 50
core   0: 3 0x8000a650 (0x02fe6963)
core   0: 0x8000a654 (0x0321a2b3) mulhsu  t0, gp, s2
core   0: 3 0x8000a654 (0x0321a2b3) x5  0x0cffee92
core   0: 0x8000a658 (0x0ff0000f) fence   iorw,iorw
core   0: 3 0x8000a658 (0x0ff0000f)
core   0: 0x8000a65c (0x003bc133) xor     sp, s7, gp
core   0: 3 0x8000a65c (0x003bc133) x2  0x1a0007b0
core   0: 0x8000a660 (0x000087ea) c.mv    a5, s10
core   0: 3 0x8000a660 (0x87ea) x15 0x0000001c
core   0: 0x8000a662 (0x011aa1b3) slt     gp, s5, a7
core   0: 3 0x8000a662 (0x011aa1b3) x3  0x00000000
core   0: 0x8000a666 (0x01491d33) sll     s10, s2, s4
core   0: 3 0x8000a666 (0x01491d33) x26 0x7fff5468
core   0: 0x8000a66a (0x0ff0000f) fence   iorw,iorw
core   0: 3 0x8000a66a (0x0ff0000f)
core   0: 0x8000a66e (0x03e6fc63) bgeu    a3, t5, pc + 56
core   0: 3 0x8000a66e (0x03e6fc63)
core   0: 0x8000a6a6 (0x00621733) sll     a4, tp, t1
core   0: 3 0x8000a6a6 (0x00621733) x14 0x00000000
core   0: 0x8000a6aa (0x02071cb3) mulh    s9, a4, zero
core   0: 3 0x8000a6aa (0x02071cb3) x25 0x00000000
core   0: 0x8000a6ae (0x004ea303) lw      t1, 4(t4)
core   0: 3 0x8000a6ae (0x004ea303) x6  0x8000acbc mem 0x80025e50
core   0: 0x8000a6b2 (0x00008fc5) c.or    a5, s1
core   0: 3 0x8000a6b2 (0x8fc5) x15 0x0000001e
core   0: 0x8000a6b4 (0x02d0bdb3) mulhu   s11, ra, a3
core   0: 3 0x8000a6b4 (0x02d0bdb3) x27 0x00000000
core   0: 0x8000a6b8 (0x028e8e93) addi    t4, t4, 40
core   0: 3 0x8000a6b8 (0x028e8e93) x29 0x80025e74
core   0: 0x8000a6bc (0x024460b3) rem     ra, s0, tp
core   0: 3 0x8000a6bc (0x024460b3) x1  0x00000000
core   0: 0x8000a6c0 (0x34079273) csrrw   tp, mscratch, a5
core   0: 3 0x8000a6c0 (0x34079273) x4  0x00000002 c832_mscratch 0x0000001e
core   0: 0x8000a6c4 (0x0000100f) fence.i
core   0: 3 0x8000a6c4 (0x0000100f)
core   0: 0x8000a6c8 (0x6618a293) slti    t0, a7, 1633
core   0: 3 0x8000a6c8 (0x6618a293) x5  0x00000001
core   0: 0x8000a6cc (0x663e4013) xori    zero, t3, 1635
core   0: 3 0x8000a6cc (0x663e4013)
core   0: 0x8000a6d0 (0x01a2bd33) sltu    s10, t0, s10
core   0: 3 0x8000a6d0 (0x01a2bd33) x26 0x00000001
core   0: 0x8000a6d4 (0x00030b13) mv      s6, t1
core   0: 3 0x8000a6d4 (0x00030b13) x22 0x8000acbc
core   0: 0x8000a6d8 (0x000b0b67) jalr    s6, s6, 0
core   0: 3 0x8000a6d8 (0x000b0b67) x22 0x8000a6dc
core   0: 0x8000acbc (0x340a1df3) csrrw   s11, mscratch, s4
core   0: 3 0x8000acbc (0x340a1df3) x27 0x0000001e c832_mscratch 0x00000000
core   0: 0x8000acc0 (0x024e0463) beq     t3, tp, pc + 40
core   0: 3 0x8000acc0 (0x024e0463)
core   0: 0x8000acc4 (0x34003373) csrrc   t1, mscratch, zero
core   0: 3 0x8000acc4 (0x34003373) x6  0x00000000
core   0: 0x8000acc8 (0x00009f52) c.add   t5, s4
core   0: 3 0x8000acc8 (0x9f52) x30 0x0000000d
core   0: 0x8000acca (0x01397c33) and     s8, s2, s3
core   0: 3 0x8000acca (0x01397c33) x24 0x00000000
core   0: 0x8000acce (0x0000e485) c.bnez  s1, pc + 40
core   0: 3 0x8000acce (0xe485)
core   0: 0x8000acf6 (0x000087e1) c.srai  a5, 24
core   0: 3 0x8000acf6 (0x87e1) x15 0x00000000
core   0: 0x8000acf8 (0x004ea303) lw      t1, 4(t4)
core   0: 3 0x8000acf8 (0x004ea303) x6  0x8000b0a2 mem 0x80025e78
core   0: 0x8000acfc (0x000002c5) c.addi  t0, 17
core   0: 3 0x8000acfc (0x02c5) x5  0x00000012
core   0: 0x8000acfe (0x8dea0393) addi    t2, s4, -1826
core   0: 3 0x8000acfe (0x8dea0393) x7  0xfffff8de
core   0: 0x8000ad02 (0x01be3c33) sltu    s8, t3, s11
core   0: 3 0x8000ad02 (0x01be3c33) x24 0x00000000
core   0: 0x8000ad06 (0x01b91633) sll     a2, s2, s11
core   0: 3 0x8000ad06 (0x01b91633) x12 0x00000000
core   0: 0x8000ad0a (0x2490bb93) sltiu   s7, ra, 585
core   0: 3 0x8000ad0a (0x2490bb93) x23 0x00000001
core   0: 0x8000ad0e (0x00000001) c.nop
core   0: 3 0x8000ad0e (0x0001)
core   0: 0x8000ad10 (0x02c21933) mulh    s2, tp, a2
core   0: 3 0x8000ad10 (0x02c21933) x18 0x00000000
core   0: 0x8000ad14 (0x00008d99) c.sub   a1, a4
core   0: 3 0x8000ad14 (0x8d99) x11 0x7fff5469
core   0: 0x8000ad16 (0x00000ea1) c.addi  t4, 8
core   0: 3 0x8000ad16 (0x0ea1) x29 0x80025e7c
core   0: 0x8000ad18 (0x92c02597) auipc   a1, 0x92c02
core   0: 3 0x8000ad18 (0x92c02597) x11 0x12c0cd18
core   0: 0x8000ad1c (0x00008e05) c.sub   a2, s1
core   0: 3 0x8000ad1c (0x8e05) x12 0xfffffffe
core   0: 0x8000ad1e (0x00130793) addi    a5, t1, 1
core   0: 3 0x8000ad1e (0x00130793) x15 0x8000b0a3
core   0: 0x8000ad22 (0x00009782) c.jalr  a5
core   0: 3 0x8000ad22 (0x9782) x1  0x8000ad24
core   0: 0x8000b0a2 (0x00638763) beq     t2, t1, pc + 14
core   0: 3 0x8000b0a2 (0x00638763)
core   0: 0x8000b0a6 (0x00008ccd) c.or    s1, a1
core   0: 3 0x8000b0a6 (0x8ccd) x9  0x12c0cd1a
core   0: 0x8000b0a8 (0x08cdac13) slti    s8, s11, 140
core   0: 3 0x8000b0a8 (0x08cdac13) x24 0x00000001
core   0: 0x8000b0ac (0x029366b3) rem     a3, t1, s1
core   0: 3 0x8000b0ac (0x029366b3) x13 0xf0857f3e
core   0: 0x8000b0b0 (0x000099fd) c.andi  a1, -1
core   0: 3 0x8000b0b0 (0x99fd) x11 0x12c0cd18
core   0: 0x8000b0b2 (0x00008169) c.srli  a0, 26
core   0: 3 0x8000b0b2 (0x8169) x10 0x00000000
core   0: 0x8000b0b4 (0x00004611) c.li    a2, 4
core   0: 3 0x8000b0b4 (0x4611) x12 0x00000004
core   0: 0x8000b0b6 (0x00009362) c.add   t1, s8
core   0: 3 0x8000b0b6 (0x9362) x6  0x8000b0a3
core   0: 0x8000b0b8 (0x340f18f3) csrrw   a7, mscratch, t5
core   0: 3 0x8000b0b8 (0x340f18f3) x17 0x00000000 c832_mscratch 0x0000000d
core   0: 0x8000b0bc (0x00824fb3) xor     t6, tp, s0
core   0: 3 0x8000b0bc (0x00824fb3) x31 0x00000002
core   0: 0x8000b0c0 (0x0000080a) c.slli  a6, 2
core   0: 3 0x8000b0c0 (0x080a) x16 0xfffffffc
core   0: 0x8000b0c2 (0x340ba1f3) csrrs   gp, mscratch, s7
core   0: 3 0x8000b0c2 (0x340ba1f3) x3  0x0000000d c832_mscratch 0x0000000d
core   0: 0x8000b0c6 (0x340a63f3) csrrsi  t2, mscratch, 20
core   0: 3 0x8000b0c6 (0x340a63f3) x7  0x0000000d c832_mscratch 0x0000001d
core   0: 0x8000b0ca (0x0000e085) c.bnez  s1, pc + 32
core   0: 3 0x8000b0ca (0xe085)
core   0: 0x8000b0ea (0x00001bfd) c.addi  s7, -1
core   0: 3 0x8000b0ea (0x1bfd) x23 0x00000000
core   0: 0x8000b0ec (0x000001e1) c.addi  gp, 24
core   0: 3 0x8000b0ec (0x01e1) x3  0x00000025
core   0: 0x8000b0ee (0x9e67b713) sltiu   a4, a5, -1562
core   0: 3 0x8000b0ee (0x9e67b713) x14 0x00000001
core   0: 0x8000b0f2 (0x024c85b3) mul     a1, s9, tp
core   0: 3 0x8000b0f2 (0x024c85b3) x11 0x00000000
core   0: 0x8000b0f6 (0x00000001) c.nop
core   0: 3 0x8000b0f6 (0x0001)
core   0: 0x8000b0f8 (0x02176cb3) rem     s9, a4, ra
core   0: 3 0x8000b0f8 (0x02176cb3) x25 0x00000001
core   0: 0x8000b0fc (0x004ea303) lw      t1, 4(t4)
core   0: 3 0x8000b0fc (0x004ea303) x6  0x8000b3c4 mem 0x80025e80
core   0: 0x8000b100 (0x2b71bc13) sltiu   s8, gp, 695
core   0: 3 0x8000b100 (0x2b71bc13) x24 0x00000001
core   0: 0x8000b104 (0x00000ec1) c.addi  t4, 16
core   0: 3 0x8000b104 (0x0ec1) x29 0x80025e8c
core   0: 0x8000b106 (0x5aae9537) lui     a0, 0x5aae9
core   0: 3 0x8000b106 (0x5aae9537) x10 0x5aae9000
core   0: 0x8000b10a (0x00130093) addi    ra, t1, 1
core   0: 3 0x8000b10a (0x00130093) x1  0x8000b3c5
core   0: 0x8000b10e (0x000080e7) jalr    ra
core   0: 3 0x8000b10e (0x000080e7) x1  0x8000b112
core   0: 0x8000b3c4 (0x013d1393) slli    t2, s10, 19
core   0: 3 0x8000b3c4 (0x013d1393) x7  0x00080000
core   0: 0x8000b3c8 (0x00000001) c.nop
core   0: 3 0x8000b3c8 (0x0001)
core   0: 0x8000b3ca (0x0075ca63) blt     a1, t2, pc + 20
core   0: 3 0x8000b3ca (0x0075ca63)
core   0: 0x8000b3de (0xc7bff36f) jal     t1, pc - 0x386
core   0: 3 0x8000b3de (0xc7bff36f) x6  0x8000b3e2
core   0: 0x8000b058 (0x079f6213) ori     tp, t5, 121
core   0: 3 0x8000b058 (0x079f6213) x4  0x0000007d
core   0: 0x8000b05c (0x000089ea) c.mv    s3, s10
core   0: 3 0x8000b05c (0x89ea) x19 0x00000001
core   0: 0x8000b05e (0x40a15f93) srai    t6, sp, 10
core   0: 3 0x8000b05e (0x40a15f93) x31 0x00068001
core   0: 0x8000b062 (0x5ccc4f93) xori    t6, s8, 1484
core   0: 3 0x8000b062 (0x5ccc4f93) x31 0x000005cd
core   0: 0x8000b066 (0x00008ce9) c.and   s1, a0
core   0: 3 0x8000b066 (0x8ce9) x9  0x12808000
core   0: 0x8000b068 (0x00557263) bgeu    a0, t0, pc + 4
core   0: 3 0x8000b068 (0x00557263)
core   0: 0x8000b06c (0x00001ec1) c.addi  t4, -16
core   0: 3 0x8000b06c (0x1ec1) x29 0x80025e7c
core   0: 0x8000b06e (0x6dfe0793) addi    a5, t3, 1759
core   0: 3 0x8000b06e (0x6dfe0793) x15 0x8002a403
core   0: 0x8000b072 (0x006ea223) sw      t1, 4(t4)
core   0: 3 0x8000b072 (0x006ea223) mem 0x80025e80 0x8000b3e2
core   0: 0x8000b076 (0x340023f3) csrr    t2, mscratch
core   0: 3 0x8000b076 (0x340023f3) x7  0x0000001d
core   0: 0x8000b07a (0x01b08133) add     sp, ra, s11
core   0: 3 0x8000b07a (0x01b08133) x2  0x8000b130
core   0: 0x8000b07e (0x340066f3) csrrsi  a3, mscratch, 0
core   0: 3 0x8000b07e (0x340066f3) x13 0x0000001d
core   0: 0x8000b082 (0x00000b04) c.addi4spn s1, sp, 400
core   0: 3 0x8000b082 (0x0b04) x9  0x8000b2c0
core   0: 0x8000b084 (0x00000a97) auipc   s5, 0x0
core   0: 3 0x8000b084 (0x00000a97) x21 0x8000b084
core   0: 0x8000b088 (0xbf2a8a93) addi    s5, s5, -1038
core   0: 3 0x8000b088 (0xbf2a8a93) x21 0x8000ac76
core   0: 0x8000b08c (0x05aa8a93) addi    s5, s5, 90
core   0: 3 0x8000b08c (0x05aa8a93) x21 0x8000acd0
core   0: 0x8000b090 (0x000081b2) c.mv    gp, a2
core   0: 3 0x8000b090 (0x81b2) x3  0x00000004
core   0: 0x8000b092 (0x017c7663) bgeu    s8, s7, pc + 12
core   0: 3 0x8000b092 (0x017c7663)
core   0: 0x8000b09e (0xfa7a8367) jalr    t1, s5, -89
core   0: 3 0x8000b09e (0xfa7a8367) x6  0x8000b0a2
core   0: 0x8000ac76 (0x00597263) bgeu    s2, t0, pc + 4
core   0: 3 0x8000ac76 (0x00597263)
core   0: 0x8000ac7a (0x00001ee1) c.addi  t4, -8
core   0: 3 0x8000ac7a (0x1ee1) x29 0x80025e74
core   0: 0x8000ac7c (0x000059fd) c.li    s3, -1
core   0: 3 0x8000ac7c (0x59fd) x19 0xffffffff
core   0: 0x8000ac7e (0x41400833) sub     a6, zero, s4
core   0: 3 0x8000ac7e (0x41400833) x16 0x00000000
core   0: 0x8000ac82 (0x006ea223) sw      t1, 4(t4)
core   0: 3 0x8000ac82 (0x006ea223) mem 0x80025e78 0x8000b0a2
core   0: 0x8000ac86 (0x03c55133) divu    sp, a0, t3
core   0: 3 0x8000ac86 (0x03c55133) x2  0x00000000
core   0: 0x8000ac8a (0xa0587b17) auipc   s6, 0xa0587
core   0: 3 0x8000ac8a (0xa0587b17) x22 0x20591c8a
core   0: 0x8000ac8e (0x031e52b3) divu    t0, t3, a7
core   0: 3 0x8000ac8e (0x031e52b3) x5  0xffffffff
core   0: 0x8000ac92 (0x0000010c) c.addi4spn a1, sp, 128
core   0: 3 0x8000ac92 (0x010c) x11 0x00000080
core   0: 0x8000ac94 (0x34012873) csrrs   a6, mscratch, sp
core   0: 3 0x8000ac94 (0x34012873) x16 0x0000001d c832_mscratch 0x0000001d
core   0: 0x8000ac98 (0xfffff797) auipc   a5, 0xfffff
core   0: 3 0x8000ac98 (0xfffff797) x15 0x80009c98
core   0: 0x8000ac9c (0x77878793) addi    a5, a5, 1912
core   0: 3 0x8000ac9c (0x77878793) x15 0x8000a410
core   0: 0x8000aca0 (0x79a47d13) andi    s10, s0, 1946
core   0: 3 0x8000aca0 (0x79a47d13) x26 0x00000000
core   0: 0x8000aca4 (0x23c78793) addi    a5, a5, 572
core   0: 3 0x8000aca4 (0x23c78793) x15 0x8000a64c
core   0: 0x8000aca8 (0x00c3f863) bgeu    t2, a2, pc + 16
core   0: 3 0x8000aca8 (0x00c3f863)
core   0: 0x8000acb8 (0xdc478367) jalr    t1, a5, -572
core   0: 3 0x8000acb8 (0xdc478367) x6  0x8000acbc
core   0: 0x8000a410 (0xfd8e8e93) addi    t4, t4, -40
core   0: 3 0x8000a410 (0xfd8e8e93) x29 0x80025e4c
core   0: 0x8000a414 (0x000099fd) c.andi  a1, -1
core   0: 3 0x8000a414 (0x99fd) x11 0x00000080
core   0: 0x8000a416 (0x02ac0b33) mul     s6, s8, a0
core   0: 3 0x8000a416 (0x02ac0b33) x22 0x5aae9000
core   0: 0x8000a41a (0x19cb4b13) xori    s6, s6, 412
core   0: 3 0x8000a41a (0x19cb4b13) x22 0x5aae919c
core   0: 0x8000a41e (0x00006509) c.lui   a0, 0x2
core   0: 3 0x8000a41e (0x6509) x10 0x00002000
core   0: 0x8000a420 (0x006ea223) sw      t1, 4(t4)
core   0: 3 0x8000a420 (0x006ea223) mem 0x80025e50 0x8000acbc
core   0: 0x8000a424 (0x340464f3) csrrsi  s1, mscratch, 8
core   0: 3 0x8000a424 (0x340464f3) x9  0x0000001d c832_mscratch 0x0000001d
core   0: 0x8000a428 (0x401a0633) sub     a2, s4, ra
core   0: 3 0x8000a428 (0x401a0633) x12 0x7fff4eee
core   0: 0x8000a42c (0x002694b3) sll     s1, a3, sp
core   0: 3 0x8000a42c (0x002694b3) x9  0x0000001d
core   0: 0x8000a430 (0x00d5d4b3) srl     s1, a1, a3
core   0: 3 0x8000a430 (0x00d5d4b3) x9  0x00000000
core   0: 0x8000a434 (0xf2ad6713) ori     a4, s10, -214
core   0: 3 0x8000a434 (0xf2ad6713) x14 0xffffff2a
core   0: 0x8000a438 (0x340060f3) csrrsi  ra, mscratch, 0
core   0: 3 0x8000a438 (0x340060f3) x1  0x0000001d
core   0: 0x8000a43c (0x00006089) c.lui   ra, 0x2
core   0: 3 0x8000a43c (0x6089) x1  0x00002000
core   0: 0x8000a43e (0x8d434913) xori    s2, t1, -1836
core   0: 3 0x8000a43e (0x8d434913) x18 0x7fff5468
core   0: 0x8000a442 (0x6050036f) jal     t1, pc + 0xe04
core   0: 3 0x8000a442 (0x6050036f) x6  0x8000a446
core   0: 0x8000b246 (0x340a3ff3) csrrc   t6, mscratch, s4
core   0: 3 0x8000b246 (0x340a3ff3) x31 0x0000001d c832_mscratch 0x0000001d
core   0: 0x8000b24a (0x000009e1) c.addi  s3, 24
core   0: 3 0x8000b24a (0x09e1) x19 0x00000017
core   0: 0x8000b24c (0x03ff5233) divu    tp, t5, t6
core   0: 3 0x8000b24c (0x03ff5233) x4  0x00000000
core   0: 0x8000b250 (0x00b28463) beq     t0, a1, pc + 8
core   0: 3 0x8000b250 (0x00b28463)
core   0: 0x8000b254 (0x41808cb3) sub     s9, ra, s8
core   0: 3 0x8000b254 (0x41808cb3) x25 0x00001fff
core   0: 0x8000b258 (0xfd8e8e93) addi    t4, t4, -40
core   0: 3 0x8000b258 (0xfd8e8e93) x29 0x80025e24
core   0: 0x8000b25c (0x006ea223) sw      t1, 4(t4)
core   0: 3 0x8000b25c (0x006ea223) mem 0x80025e28 0x8000a446
core   0: 0x8000b260 (0x34007273) csrrci  tp, mscratch, 0
core   0: 3 0x8000b260 (0x34007273) x4  0x0000001d
core   0: 0x8000b264 (0x028d01b3) mul     gp, s10, s0
core   0: 3 0x8000b264 (0x028d01b3) x3  0x00000000
core   0: 0x8000b268 (0x340f2a73) csrrs   s4, mscratch, t5
core   0: 3 0x8000b268 (0x340f2a73) x20 0x0000001d c832_mscratch 0x0000001d
core   0: 0x8000b26c (0x02303633) mulhu   a2, zero, gp
core   0: 3 0x8000b26c (0x02303633) x12 0x00000000
core   0: 0x8000b270 (0x01fe1133) sll     sp, t3, t6
core   0: 3 0x8000b270 (0x01fe1133) x2  0x80000000
core   0: 0x8000b274 (0x21956b93) ori     s7, a0, 537
core   0: 3 0x8000b274 (0x21956b93) x23 0x00002219
core   0: 0x8000b278 (0x000082dd) c.srli  a3, 23
core   0: 3 0x8000b278 (0x82dd) x13 0x00000000
core   0: 0x8000b27a (0x000085d5) c.srai  a1, 21
core   0: 3 0x8000b27a (0x85d5) x11 0x00000000
core   0: 0x8000b27c (0x02e3ecb3) rem     s9, t2, a4
core   0: 3 0x8000b27c (0x02e3ecb3) x25 0x0000001d
core   0: 0x8000b280 (0x010e4c33) xor     s8, t3, a6
core   0: 3 0x8000b280 (0x010e4c33) x24 0x80029d39
core   0: 0x8000b284 (0x3d292593) slti    a1, s2, 978
core   0: 3 0x8000b284 (0x3d292593) x11 0x00000000
core   0: 0x8000b288 (0x00006109) c.addi16sp sp, 128
core   0: 3 0x8000b288 (0x6109) x2  0x80000080
core   0: 0x8000b28a (0x00008f7d) c.and   a4, a5
core   0: 3 0x8000b28a (0x8f7d) x14 0x8000a608
core   0: 0x8000b28c (0x037d90b3) mulh    ra, s11, s7
core   0: 3 0x8000b28c (0x037d90b3) x1  0x00000000
core   0: 0x8000b290 (0x03cc6033) rem     zero, s8, t3
core   0: 3 0x8000b290 (0x03cc6033)
core   0: 0x8000b294 (0x00296e63) bltu    s2, sp, pc + 28
core   0: 3 0x8000b294 (0x00296e63)
core   0: 0x8000b2b0 (0x037b5633) divu    a2, s6, s7
core   0: 3 0x8000b2b0 (0x037b5633) x12 0x0002a8d3
core   0: 0x8000b2b4 (0x0000cd99) c.beqz  a1, pc + 30
core   0: 3 0x8000b2b4 (0xcd99)
core   0: 0x8000b2d2 (0x03de96b3) mulh    a3, t4, t4
core   0: 3 0x8000b2d2 (0x03de96b3) x13 0x3ffda1e1
core   0: 0x8000b2d6 (0x8e4ae7b7) lui     a5, 0x8e4ae
core   0: 3 0x8000b2d6 (0x8e4ae7b7) x15 0x8e4ae000
core   0: 0x8000b2da (0x0372e163) bltu    t0, s7, pc + 34
core   0: 3 0x8000b2da (0x0372e163)
core   0: 0x8000b2de (0x00e89c13) slli    s8, a7, 14
core   0: 3 0x8000b2de (0x00e89c13) x24 0x00000000
core   0: 0x8000b2e2 (0x00000001) c.nop
core   0: 3 0x8000b2e2 (0x0001)
core   0: 0x8000b2e4 (0x000080cd) c.srli  s1, 19
core   0: 3 0x8000b2e4 (0x80cd) x9  0x00000000
core   0: 0x8000b2e6 (0x55738613) addi    a2, t2, 1367
core   0: 3 0x8000b2e6 (0x55738613) x12 0x00000574
core   0: 0x8000b2ea (0x01b34b33) xor     s6, t1, s11
core   0: 3 0x8000b2ea (0x01b34b33) x22 0x8000a458
core   0: 0x8000b2ee (0x00008dc9) c.or    a1, a0
core   0: 3 0x8000b2ee (0x8dc9) x11 0x00002000
core   0: 0x8000b2f0 (0x00005cfd) c.li    s9, -1
core   0: 3 0x8000b2f0 (0x5cfd) x25 0xffffffff
core   0: 0x8000b2f2 (0x409b8ab3) sub     s5, s7, s1
core   0: 3 0x8000b2f2 (0x409b8ab3) x21 0x00002219
core   0: 0x8000b2f6 (0x00000892) c.slli  a7, 4
core   0: 3 0x8000b2f6 (0x0892) x17 0x00000000
core   0: 0x8000b2f8 (0x34027d73) csrrci  s10, mscratch, 4
core   0: 3 0x8000b2f8 (0x34027d73) x26 0x0000001d c832_mscratch 0x00000019
core   0: 0x8000b2fc (0x00006fdd) c.lui   t6, 0x17
core   0: 3 0x8000b2fc (0x6fdd) x31 0x00017000
core   0: 0x8000b2fe (0x0000982e) c.add   a6, a1
core   0: 3 0x8000b2fe (0x982e) x16 0x0000201d
core   0: 0x8000b300 (0x000003de) c.slli  t2, 23
core   0: 3 0x8000b300 (0x03de) x7  0x0e800000
core   0: 0x8000b302 (0x003868b3) or      a7, a6, gp
core   0: 3 0x8000b302 (0x003868b3) x17 0x0000201d
core   0: 0x8000b306 (0x0000ca0d) c.beqz  a2, pc + 50
core   0: 3 0x8000b306 (0xca0d)
core   0: 0x8000b308 (0x02278633) mul     a2, a5, sp
core   0: 3 0x8000b308 (0x02278633) x12 0x25700000
core   0: 0x8000b30c (0x00009286) c.add   t0, ra
core   0: 3 0x8000b30c (0x9286) x5  0xffffffff
core   0: 0x8000b30e (0x01ca7f33) and     t5, s4, t3
core   0: 3 0x8000b30e (0x01ca7f33) x30 0x00000004
core   0: 0x8000b312 (0xefa83b13) sltiu   s6, a6, -262
core   0: 3 0x8000b312 (0xefa83b13) x22 0x00000001
core   0: 0x8000b316 (0x3406b0f3) csrrc   ra, mscratch, a3
core   0: 3 0x8000b316 (0x3406b0f3) x1  0x00000019 c832_mscratch 0x00000018
core   0: 0x8000b31a (0x00185333) srl     t1, a6, ra
core   0: 3 0x8000b31a (0x00185333) x6  0x00000000
core   0: 0x8000b31e (0x00000001) c.nop
core   0: 3 0x8000b31e (0x0001)
core   0: 0x8000b320 (0x340c7ff3) csrrci  t6, mscratch, 24
core   0: 3 0x8000b320 (0x340c7ff3) x31 0x00000018 c832_mscratch 0x00000000
core   0: 0x8000b324 (0x02a31f63) bne     t1, a0, pc + 62
core   0: 3 0x8000b324 (0x02a31f63)
core   0: 0x8000b362 (0x5fa64393) xori    t2, a2, 1530
core   0: 3 0x8000b362 (0x5fa64393) x7  0x257005fa
core   0: 0x8000b366 (0x107ce013) ori     zero, s9, 263
core   0: 3 0x8000b366 (0x107ce013)
core   0: 0x8000b36a (0x004ea303) lw      t1, 4(t4)
core   0: 3 0x8000b36a (0x004ea303) x6  0x8000a446 mem 0x80025e28
core   0: 0x8000b36e (0x0000616d) c.addi16sp sp, 240
core   0: 3 0x8000b36e (0x616d) x2  0x80000170
core   0: 0x8000b370 (0x0124dfb3) srl     t6, s1, s2
core   0: 3 0x8000b370 (0x0124dfb3) x31 0x00000000
core   0: 0x8000b374 (0x03d6ffb3) remu    t6, a3, t4
core   0: 3 0x8000b374 (0x03d6ffb3) x31 0x3ffda1e1
core   0: 0x8000b378 (0x028e8e93) addi    t4, t4, 40
core   0: 3 0x8000b378 (0x028e8e93) x29 0x80025e4c
core   0: 0x8000b37c (0x6c84e0b7) lui     ra, 0x6c84e
core   0: 3 0x8000b37c (0x6c84e0b7) x1  0x6c84e000
core   0: 0x8000b380 (0x99752193) slti    gp, a0, -1641
core   0: 3 0x8000b380 (0x99752193) x3  0x00000000
core   0: 0x8000b384 (0x3401d0f3) csrrwi  ra, mscratch, 3
core   0: 3 0x8000b384 (0x3401d0f3) x1  0x00000000 c832_mscratch 0x00000003
core   0: 0x8000b388 (0x00008531) c.srai  a0, 12
core   0: 3 0x8000b388 (0x8531) x10 0x00000002
core   0: 0x8000b38a (0x00130893) addi    a7, t1, 1
core   0: 3 0x8000b38a (0x00130893) x17 0x8000a447
core   0: 0x8000b38e (0x00009882) c.jalr  a7
core   0: 3 0x8000b38e (0x9882) x1  0x8000b390
core   0: 0x8000a446 (0x0000d117) auipc   sp, 0xd
core   0: 3 0x8000a446 (0x0000d117) x2  0x80017446
core   0: 0x8000a44a (0x34810113) addi    sp, sp, 840
core   0: 3 0x8000a44a (0x34810113) x2  0x8001778e
core   0: 0x8000a44e (0x8d314a83) lbu     s5, -1837(sp)
core   0: 3 0x8000a44e (0x8d314a83) x21 0x0000001a mem 0x80017061
core   0: 0x8000a452 (0xae114383) lbu     t2, -1311(sp)
core   0: 3 0x8000a452 (0xae114383) x7  0x00000024 mem 0x8001726f
core   0: 0x8000a456 (0xe2b12123) sw      a1, -478(sp)
core   0: 3 0x8000a456 (0xe2b12123) mem 0x800175b0 0x00002000
core   0: 0x8000a45a (0x3406d373) csrrwi  t1, mscratch, 13
core   0: 3 0x8000a45a (0x3406d373) x6  0x00000003 c832_mscratch 0x0000000d
core   0: 0x8000a45e (0xbb111323) sh      a7, -1114(sp)
core   0: 3 0x8000a45e (0xbb111323) mem 0x80017334 0xa447
core   0: 0x8000a462 (0x39a14983) lbu     s3, 922(sp)
core   0: 3 0x8000a462 (0x39a14983) x19 0x000000e3 mem 0x80017b28
core   0: 0x8000a466 (0xea03c513) xori    a0, t2, -352
core   0: 3 0x8000a466 (0xea03c513) x10 0xfffffe84
core   0: 0x8000a46a (0x02be4cb3) div     s9, t3, a1
core   0: 3 0x8000a46a (0x02be4cb3) x25 0xfffc0015
core   0: 0x8000a46e (0x5a415a03) lhu     s4, 1444(sp)
core   0: 3 0x8000a46e (0x5a415a03) x20 0x0000e8e9 mem 0x80017d32
core   0: 0x8000a472 (0x27114b83) lbu     s7, 625(sp)
core   0: 3 0x8000a472 (0x27114b83) x23 0x000000b4 mem 0x800179ff
core   0: 0x8000a476 (0x40345c13) srai    s8, s0, 3
core   0: 3 0x8000a476 (0x40345c13) x24 0x00000000
core   0: 0x8000a47a (0xac810503) lb      a0, -1336(sp)
core   0: 3 0x8000a47a (0xac810503) x10 0x0000000d mem 0x80017256
core   0: 0x8000a47e (0x41ccdb93) srai    s7, s9, 28
core   0: 3 0x8000a47e (0x41ccdb93) x23 0xffffffff
core   0: 0x8000a482 (0x00000001) c.nop
core   0: 3 0x8000a482 (0x0001)
core   0: 0x8000a484 (0x0170f0b3) and     ra, ra, s7
core   0: 3 0x8000a484 (0x0170f0b3) x1  0x8000b390
core   0: 0x8000a488 (0xfe3103a3) sb      gp, -25(sp)
core   0: 3 0x8000a488 (0xfe3103a3) mem 0x80017775 0x00
core   0: 0x8000a48c (0x34003373) csrrc   t1, mscratch, zero
core   0: 3 0x8000a48c (0x34003373) x6  0x0000000d
core   0: 0x8000a490 (0x00008fa9) c.xor   a5, a0
core   0: 3 0x8000a490 (0x8fa9) x15 0x8e4ae00d
core   0: 0x8000a492 (0xe9210283) lb      t0, -366(sp)
core   0: 3 0x8000a492 (0xe9210283) x5  0xffffffdb mem 0x80017620
core   0: 0x8000a496 (0x1d826a13) ori     s4, tp, 472
core   0: 3 0x8000a496 (0x1d826a13) x20 0x000001dd
core   0: 0x8000a49a (0x0384a533) mulhsu  a0, s1, s8
core   0: 3 0x8000a49a (0x0384a533) x10 0x00000000
core   0: 0x8000a49e (0x45514d03) lbu     s10, 1109(sp)
core   0: 3 0x8000a49e (0x45514d03) x26 0x00000098 mem 0x80017be3
core   0: 0x8000a4a2 (0x00008b4a) c.mv    s6, s2
core   0: 3 0x8000a4a2 (0x8b4a) x22 0x7fff5468
core   0: 0x8000a4a4 (0x014f4963) blt     t5, s4, pc + 18
core   0: 3 0x8000a4a4 (0x014f4963)
core   0: 0x8000a4b6 (0xb4e43313) sltiu   t1, s0, -1202
core   0: 3 0x8000a4b6 (0xb4e43313) x6  0x00000001
core   0: 0x8000a4ba (0x34006273) csrrsi  tp, mscratch, 0
core   0: 3 0x8000a4ba (0x34006273) x4  0x0000000d
core   0: 0x8000a4be (0x000081a1) c.srli  a1, 8
core   0: 3 0x8000a4be (0x81a1) x11 0x00000020
core   0: 0x8000a4c0 (0x00008a86) c.mv    s5, ra
core   0: 3 0x8000a4c0 (0x8a86) x21 0x8000b390
core   0: 0x8000a4c2 (0x34007af3) csrrci  s5, mscratch, 0
core   0: 3 0x8000a4c2 (0x34007af3) x21 0x0000000d
core   0: 0x8000a4c6 (0x34061d73) csrrw   s10, mscratch, a2
core   0: 3 0x8000a4c6 (0x34061d73) x26 0x0000000d c832_mscratch 0x25700000
core   0: 0x8000a4ca (0x03b14533) div     a0, sp, s11
core   0: 3 0x8000a4ca (0x03b14533) x10 0xfbbbc841
core   0: 0x8000a4ce (0x00000f9d) c.addi  t6, 7
core   0: 3 0x8000a4ce (0x0f9d) x31 0x3ffda1e8
core   0: 0x8000a4d0 (0x012f42b3) xor     t0, t5, s2
core   0: 3 0x8000a4d0 (0x012f42b3) x5  0x7fff546c
core   0: 0x8000a4d4 (0x01685133) srl     sp, a6, s6
core   0: 3 0x8000a4d4 (0x01685133) x2  0x00000020
core   0: 0x8000a4d8 (0x00000001) c.nop
core   0: 3 0x8000a4d8 (0x0001)
core   0: 0x8000a4da (0x0000876e) c.mv    a4, s11
core   0: 3 0x8000a4da (0x876e) x14 0x0000001e
core   0: 0x8000a4dc (0x00008ffd) c.and   a5, a5
core   0: 3 0x8000a4dc (0x8ffd) x15 0x8e4ae00d
core   0: 0x8000a4de (0x011ed813) srli    a6, t4, 17
core   0: 3 0x8000a4de (0x011ed813) x16 0x00004001
core   0: 0x8000a4e2 (0x00008d89) c.sub   a1, a0
core   0: 3 0x8000a4e2 (0x8d89) x11 0x044437df
core   0: 0x8000a4e4 (0x051fc163) blt     t6, a7, pc + 66
core   0: 3 0x8000a4e4 (0x051fc163)
core   0: 0x8000a4e8 (0x00db62b3) or      t0, s6, a3
core   0: 3 0x8000a4e8 (0x00db62b3) x5  0x7ffff5e9
core   0: 0x8000a4ec (0x00c99633) sll     a2, s3, a2
core   0: 3 0x8000a4ec (0x00c99633) x12 0x000000e3
core   0: 0x8000a4f0 (0x03c8f4b3) remu    s1, a7, t3
core   0: 3 0x8000a4f0 (0x03c8f4b3) x9  0x8000a447
core   0: 0x8000a4f4 (0x009f7717) auipc   a4, 0x9f7
core   0: 3 0x8000a4f4 (0x009f7717) x14 0x80a014f4
core   0: 0x8000a4f8 (0x000046a9) c.li    a3, 10
core   0: 3 0x8000a4f8 (0x46a9) x13 0x0000000a
core   0: 0x8000a4fa (0x028f7bb3) remu    s7, t5, s0
core   0: 3 0x8000a4fa (0x028f7bb3) x23 0x00000004
core   0: 0x8000a4fe (0x0000191c) c.addi4spn a5, sp, 176
core   0: 3 0x8000a4fe (0x191c) x15 0x000000d0
core   0: 0x8000a500 (0x34003673) csrrc   a2, mscratch, zero
core   0: 3 0x8000a500 (0x34003673) x12 0x25700000
core   0: 0x8000a504 (0x000060f9) c.lui   ra, 0x1e
core   0: 3 0x8000a504 (0x60f9) x1  0x0001e000
core   0: 0x8000a506 (0x0ff0000f) fence   iorw,iorw
core   0: 3 0x8000a506 (0x0ff0000f)
core   0: 0x8000a50a (0x00000001) c.nop
core   0: 3 0x8000a50a (0x0001)
core   0: 0x8000a50c (0x00007563) bgeu    zero, zero, pc + 10
core   0: 3 0x8000a50c (0x00007563)
core   0: 0x8000a516 (0x000083dd) c.srli  a5, 23
core   0: 3 0x8000a516 (0x83dd) x15 0x00000000
core   0: 0x8000a518 (0x00006ced) c.lui   s9, 0x1b
core   0: 3 0x8000a518 (0x6ced) x25 0x0001b000
core   0: 0x8000a51a (0x015d90b3) sll     ra, s11, s5
core   0: 3 0x8000a51a (0x015d90b3) x1  0x0003c000
core   0: 0x8000a51e (0x3406ef73) csrrsi  t5, mscratch, 13
core   0: 3 0x8000a51e (0x3406ef73) x30 0x25700000 c832_mscratch 0x2570000d
core   0: 0x8000a522 (0x416ed493) srai    s1, t4, 22
core   0: 3 0x8000a522 (0x416ed493) x9  0xfffffe00
core   0: 0x8000a526 (0x00008ec1) c.or    a3, s0
core   0: 3 0x8000a526 (0x8ec1) x13 0x0000000a
core   0: 0x8000a528 (0x00008f9e) c.mv    t6, t2
core   0: 3 0x8000a528 (0x8f9e) x31 0x00000024
core   0: 0x8000a52a (0xb646cc93) xori    s9, a3, -1180
core   0: 3 0x8000a52a (0xb646cc93) x25 0xfffffb6e
core   0: 0x8000a52e (0x02a81a33) mulh    s4, a6, a0
core   0: 3 0x8000a52e (0x02a81a33) x20 0xfffffeee
core   0: 0x8000a532 (0x00004a71) c.li    s4, 28
core   0: 3 0x8000a532 (0x4a71) x20 0x0000001c
core   0: 0x8000a534 (0x41cb8633) sub     a2, s7, t3
core   0: 3 0x8000a534 (0x41cb8633) x12 0x7ffd62e0
core   0: 0x8000a538 (0x0ff0000f) fence   iorw,iorw
core   0: 3 0x8000a538 (0x0ff0000f)
core   0: 0x8000a53c (0x033b21b3) mulhsu  gp, s6, s3
core   0: 3 0x8000a53c (0x033b21b3) x3  0x00000071
core   0: 0x8000a540 (0x00004489) c.li    s1, 2
core   0: 3 0x8000a540 (0x4489) x9  0x00000002
core   0: 0x8000a542 (0x1573aa97) auipc   s5, 0x1573a
core   0: 3 0x8000a542 (0x1573aa97) x21 0x95744542
core   0: 0x8000a546 (0x02590a63) beq     s2, t0, pc + 52
core   0: 3 0x8000a546 (0x02590a63)
core   0: 0x8000a54a (0x340fe7f3) csrrsi  a5, mscratch, 31
core   0: 3 0x8000a54a (0x340fe7f3) x15 0x2570000d c832_mscratch 0x2570001f
core   0: 0x8000a54e (0x40e78d33) sub     s10, a5, a4
core   0: 3 0x8000a54e (0x40e78d33) x26 0xa4cfeb19
core   0: 0x8000a552 (0x05a55163) bge     a0, s10, pc + 66
core   0: 3 0x8000a552 (0x05a55163)
core   0: 0x8000a594 (0x340e5c73) csrrwi  s8, mscratch, 28
core   0: 3 0x8000a594 (0x340e5c73) x24 0x2570001f c832_mscratch 0x0000001c
core   0: 0x8000a598 (0x0220e0b3) rem     ra, ra, sp
core   0: 3 0x8000a598 (0x0220e0b3) x1  0x00000000
core   0: 0x8000a59c (0x031a5a33) divu    s4, s4, a7
core   0: 3 0x8000a59c (0x031a5a33) x20 0x00000000
core   0: 0x8000a5a0 (0x0338dab3) divu    s5, a7, s3
core   0: 3 0x8000a5a0 (0x0338dab3) x21 0x00905af1
core   0: 0x8000a5a4 (0x04ddc763) blt     s11, a3, pc + 78
core   0: 3 0x8000a5a4 (0x04ddc763)
core   0: 0x8000a5a8 (0x00539a93) slli    s5, t2, 5
core   0: 3 0x8000a5a8 (0x00539a93) x21 0x00000480
core   0: 0x8000a5ac (0x340fe8f3) csrrsi  a7, mscratch, 31
core   0: 3 0x8000a5ac (0x340fe8f3) x17 0x0000001c c832_mscratch 0x0000001f
core   0: 0x8000a5b0 (0x0245b533) mulhu   a0, a1, tp
core   0: 3 0x8000a5b0 (0x0245b533) x10 0x00000000
core   0: 0x8000a5b4 (0x340c50f3) csrrwi  ra, mscratch, 24
core   0: 3 0x8000a5b4 (0x340c50f3) x1  0x0000001f c832_mscratch 0x00000018
core   0: 0x8000a5b8 (0x00000b88) c.addi4spn a0, sp, 464
core   0: 3 0x8000a5b8 (0x0b88) x10 0x000001f0
core   0: 0x8000a5ba (0x00d1a6b3) slt     a3, gp, a3
core   0: 3 0x8000a5ba (0x00d1a6b3) x13 0x00000000
core   0: 0x8000a5be (0x03b6c9b3) div     s3, a3, s11
core   0: 3 0x8000a5be (0x03b6c9b3) x19 0x00000000
core   0: 0x8000a5c2 (0x00006571) c.lui   a0, 0x1c
core   0: 3 0x8000a5c2 (0x6571) x10 0x0001c000
core   0: 0x8000a5c4 (0x016b90b3) sll     ra, s7, s6
core   0: 3 0x8000a5c4 (0x016b90b3) x1  0x00000400
core   0: 0x8000a5c8 (0x00001497) auipc   s1, 0x1
core   0: 3 0x8000a5c8 (0x00001497) x9  0x8000b5c8
core   0: 0x8000a5cc (0xc7e48493) addi    s1, s1, -898
core   0: 3 0x8000a5cc (0xc7e48493) x9  0x8000b246
core   0: 0x8000a5d0 (0x00abd6b3) srl     a3, s7, a0
core   0: 3 0x8000a5d0 (0x00abd6b3) x13 0x00000004
core   0: 0x8000a5d4 (0x34007cf3) csrrci  s9, mscratch, 0
core   0: 3 0x8000a5d4 (0x34007cf3) x25 0x00000018
core   0: 0x8000a5d8 (0x00001c7d) c.addi  s8, -1
core   0: 3 0x8000a5d8 (0x1c7d) x24 0x2570001e
core   0: 0x8000a5da (0xc9e48493) addi    s1, s1, -866
core   0: 3 0x8000a5da (0xc9e48493) x9  0x8000aee4
core   0: 0x8000a5de (0x011bc463) blt     s7, a7, pc + 8
core   0: 3 0x8000a5de (0x011bc463)
core   0: 0x8000a5e6 (0x36248367) jalr    t1, s1, 866
core   0: 3 0x8000a5e6 (0x36248367) x6  0x8000a5ea
core   0: 0x8000b246 (0x340a3ff3) csrrc   t6, mscratch, s4
core   0: 3 0x8000b246 (0x340a3ff3) x31 0x00000018 c832_mscratch 0x00000018
core   0: 0x8000b24a (0x000009e1) c.addi  s3, 24
core   0: 3 0x8000b24a (0x09e1) x19 0x00000018
core   0: 0x8000b24c (0x03ff5233) divu    tp, t5, t6
core   0: 3 0x8000b24c (0x03ff5233) x4  0x018f5555
core   0: 0x8000b250 (0x00b28463) beq     t0, a1, pc + 8
core   0: 3 0x8000b250 (0x00b28463)
core   0: 0x8000b254 (0x41808cb3) sub     s9, ra, s8
core   0: 3 0x8000b254 (0x41808cb3) x25 0xda9003e2
core   0: 0x8000b258 (0xfd8e8e93) addi    t4, t4, -40
core   0: 3 0x8000b258 (0xfd8e8e93) x29 0x80025e24
core   0: 0x8000b25c (0x006ea223) sw      t1, 4(t4)
core   0: 3 0x8000b25c (0x006ea223) mem 0x80025e28 0x8000a5ea
core   0: 0x8000b260 (0x34007273) csrrci  tp, mscratch, 0
core   0: 3 0x8000b260 (0x34007273) x4  0x00000018
core   0: 0x8000b264 (0x028d01b3) mul     gp, s10, s0
core   0: 3 0x8000b264 (0x028d01b3) x3  0x00000000
core   0: 0x8000b268 (0x340f2a73) csrrs   s4, mscratch, t5
core   0: 3 0x8000b268 (0x340f2a73) x20 0x00000018 c832_mscratch 0x25700018
core   0: 0x8000b26c (0x02303633) mulhu   a2, zero, gp
core   0: 3 0x8000b26c (0x02303633) x12 0x00000000
core   0: 0x8000b270 (0x01fe1133) sll     sp, t3, t6
core   0: 3 0x8000b270 (0x01fe1133) x2  0x24000000
core   0: 0x8000b274 (0x21956b93) ori     s7, a0, 537
core   0: 3 0x8000b274 (0x21956b93) x23 0x0001c219
core   0: 0x8000b278 (0x000082dd) c.srli  a3, 23
core   0: 3 0x8000b278 (0x82dd) x13 0x00000000
core   0: 0x8000b27a (0x000085d5) c.srai  a1, 21
core   0: 3 0x8000b27a (0x85d5) x11 0x00000022
core   0: 0x8000b27c (0x02e3ecb3) rem     s9, t2, a4
core   0: 3 0x8000b27c (0x02e3ecb3) x25 0x00000024
core   0: 0x8000b280 (0x010e4c33) xor     s8, t3, a6
core   0: 3 0x8000b280 (0x010e4c33) x24 0x8002dd25
core   0: 0x8000b284 (0x3d292593) slti    a1, s2, 978
core   0: 3 0x8000b284 (0x3d292593) x11 0x00000000
core   0: 0x8000b288 (0x00006109) c.addi16sp sp, 128
core   0: 3 0x8000b288 (0x6109) x2  0x24000080
core   0: 0x8000b28a (0x00008f7d) c.and   a4, a5
core   0: 3 0x8000b28a (0x8f7d) x14 0x00200004
core   0: 0x8000b28c (0x037d90b3) mulh    ra, s11, s7
core   0: 3 0x8000b28c (0x037d90b3) x1  0x00000000
core   0: 0x8000b290 (0x03cc6033) rem     zero, s8, t3
core   0: 3 0x8000b290 (0x03cc6033)
core   0: 0x8000b294 (0x00296e63) bltu    s2, sp, pc + 28
core   0: 3 0x8000b294 (0x00296e63)
core   0: 0x8000b298 (0x03e1d463) bge     gp, t5, pc + 40
core   0: 3 0x8000b298 (0x03e1d463)
core   0: 0x8000b29c (0x016942b3) xor     t0, s2, s6
core   0: 3 0x8000b29c (0x016942b3) x5  0x00000000
core   0: 0x8000b2a0 (0x09f73213) sltiu   tp, a4, 159
core   0: 3 0x8000b2a0 (0x09f73213) x4  0x00000000
core   0: 0x8000b2a4 (0x00008d35) c.xor   a0, a3
core   0: 3 0x8000b2a4 (0x8d35) x10 0x0001c000
core   0: 0x8000b2a6 (0x0000c295) c.beqz  a3, pc + 36
core   0: 3 0x8000b2a6 (0xc295)
core   0: 0x8000b2ca (0x02047963) bgeu    s0, zero, pc + 50
core   0: 3 0x8000b2ca (0x02047963)
core   0: 0x8000b2fc (0x00006fdd) c.lui   t6, 0x17
core   0: 3 0x8000b2fc (0x6fdd) x31 0x00017000
core   0: 0x8000b2fe (0x0000982e) c.add   a6, a1
core   0: 3 0x8000b2fe (0x982e) x16 0x00004001
core   0: 0x8000b300 (0x000003de) c.slli  t2, 23
core   0: 3 0x8000b300 (0x03de) x7  0x12000000
core   0: 0x8000b302 (0x003868b3) or      a7, a6, gp
core   0: 3 0x8000b302 (0x003868b3) x17 0x00004001
core   0: 0x8000b306 (0x0000ca0d) c.beqz  a2, pc + 50
core   0: 3 0x8000b306 (0xca0d)
core   0: 0x8000b338 (0x012045b3) xor     a1, zero, s2
core   0: 3 0x8000b338 (0x012045b3) x11 0x7fff5468
core   0: 0x8000b33c (0x340d6873) csrrsi  a6, mscratch, 26
core   0: 3 0x8000b33c (0x340d6873) x16 0x25700018 c832_mscratch 0x2570001a
core   0: 0x8000b340 (0x03ba0163) beq     s4, s11, pc + 34
core   0: 3 0x8000b340 (0x03ba0163)
core   0: 0x8000b344 (0x01e30f63) beq     t1, t5, pc + 30
core   0: 3 0x8000b344 (0x01e30f63)
core   0: 0x8000b348 (0x0160b533) sltu    a0, ra, s6
core   0: 3 0x8000b348 (0x0160b533) x10 0x00000001
core   0: 0x8000b34c (0x00008c4e) c.mv    s8, s3
core   0: 3 0x8000b34c (0x8c4e) x24 0x00000018
core   0: 0x8000b34e (0x00b39833) sll     a6, t2, a1
core   0: 3 0x8000b34e (0x00b39833) x16 0x00000000
core   0: 0x8000b352 (0x032f5db3) divu    s11, t5, s2
core   0: 3 0x8000b352 (0x032f5db3) x27 0x00000000
core   0: 0x8000b356 (0x00008169) c.srli  a0, 26
core   0: 3 0x8000b356 (0x8169) x10 0x00000000
core   0: 0x8000b358 (0x41c787b3) sub     a5, a5, t3
core   0: 3 0x8000b358 (0x41c787b3) x15 0xa56d62e9
core   0: 0x8000b35c (0x000083d1) c.srli  a5, 20
core   0: 3 0x8000b35c (0x83d1) x15 0x00000a56
core   0: 0x8000b35e (0x41e906b3) sub     a3, s2, t5
core   0: 3 0x8000b35e (0x41e906b3) x13 0x5a8f5468
core   0: 0x8000b362 (0x5fa64393) xori    t2, a2, 1530
core   0: 3 0x8000b362 (0x5fa64393) x7  0x000005fa
core   0: 0x8000b366 (0x107ce013) ori     zero, s9, 263
core   0: 3 0x8000b366 (0x107ce013)
core   0: 0x8000b36a (0x004ea303) lw      t1, 4(t4)
core   0: 3 0x8000b36a (0x004ea303) x6  0x8000a5ea mem 0x80025e28
core   0: 0x8000b36e (0x0000616d) c.addi16sp sp, 240
core   0: 3 0x8000b36e (0x616d) x2  0x24000170
core   0: 0x8000b370 (0x0124dfb3) srl     t6, s1, s2
core   0: 3 0x8000b370 (0x0124dfb3) x31 0x008000ae
core   0: 0x8000b374 (0x03d6ffb3) remu    t6, a3, t4
core   0: 3 0x8000b374 (0x03d6ffb3) x31 0x5a8f5468
core   0: 0x8000b378 (0x028e8e93) addi    t4, t4, 40
core   0: 3 0x8000b378 (0x028e8e93) x29 0x80025e4c
core   0: 0x8000b37c (0x6c84e0b7) lui     ra, 0x6c84e
core   0: 3 0x8000b37c (0x6c84e0b7) x1  0x6c84e000
core   0: 0x8000b380 (0x99752193) slti    gp, a0, -1641
core   0: 3 0x8000b380 (0x99752193) x3  0x00000000
core   0: 0x8000b384 (0x3401d0f3) csrrwi  ra, mscratch, 3
core   0: 3 0x8000b384 (0x3401d0f3) x1  0x2570001a c832_mscratch 0x00000003
core   0: 0x8000b388 (0x00008531) c.srai  a0, 12
core   0: 3 0x8000b388 (0x8531) x10 0x00000000
core   0: 0x8000b38a (0x00130893) addi    a7, t1, 1
core   0: 3 0x8000b38a (0x00130893) x17 0x8000a5eb
core   0: 0x8000b38e (0x00009882) c.jalr  a7
core   0: 3 0x8000b38e (0x9882) x1  0x8000b390
core   0: 0x8000a5ea (0x0018de63) bge     a7, ra, pc + 28
core   0: 3 0x8000a5ea (0x0018de63)
core   0: 0x8000a5ee (0x00d6d013) srli    zero, a3, 13
core   0: 3 0x8000a5ee (0x00d6d013)
core   0: 0x8000a5f2 (0x00474333) xor     t1, a4, tp
core   0: 3 0x8000a5f2 (0x00474333) x6  0x00200004
core   0: 0x8000a5f6 (0x403d9ab7) lui     s5, 0x403d9
core   0: 3 0x8000a5f6 (0x403d9ab7) x21 0x403d9000
core   0: 0x8000a5fa (0x002d9a13) slli    s4, s11, 2
core   0: 3 0x8000a5fa (0x002d9a13) x20 0x00000000
core   0: 0x8000a5fe (0x026c5133) divu    sp, s8, t1
core   0: 3 0x8000a5fe (0x026c5133) x2  0x00000000
core   0: 0x8000a602 (0x00008395) c.srli  a5, 5
core   0: 3 0x8000a602 (0x8395) x15 0x00000052
core   0: 0x8000a604 (0x00008775) c.srai  a4, 29
core   0: 3 0x8000a604 (0x8775) x14 0x00000000
core   0: 0x8000a606 (0x01ce4763) blt     t3, t3, pc + 14
core   0: 3 0x8000a606 (0x01ce4763)
core   0: 0x8000a60a (0x00b29db3) sll     s11, t0, a1
core   0: 3 0x8000a60a (0x00b29db3) x27 0x00000000
core   0: 0x8000a60e (0x00008fbd) c.xor   a5, a5
core   0: 3 0x8000a60e (0x8fbd) x15 0x00000000
core   0: 0x8000a610 (0x340fbd73) csrrc   s10, mscratch, t6
core   0: 3 0x8000a610 (0x340fbd73) x26 0x00000003 c832_mscratch 0x00000003
core   0: 0x8000a614 (0x33b26b13) ori     s6, tp, 827
core   0: 3 0x8000a614 (0x33b26b13) x22 0x0000033b
core   0: 0x8000a618 (0x0000100f) fence.i
core   0: 3 0x8000a618 (0x0000100f)
core   0: 0x8000a61c (0x0000587d) c.li    a6, -1
core   0: 3 0x8000a61c (0x587d) x16 0xffffffff
core   0: 0x8000a61e (0x0ff0000f) fence   iorw,iorw
core   0: 3 0x8000a61e (0x0ff0000f)
core   0: 0x8000a622 (0x00008d61) c.and   a0, s0
core   0: 3 0x8000a622 (0x8d61) x10 0x00000000
core   0: 0x8000a624 (0x038e9c33) mulh    s8, t4, s8
core   0: 3 0x8000a624 (0x038e9c33) x24 0xfffffff4
core   0: 0x8000a628 (0x34006673) csrrsi  a2, mscratch, 0
core   0: 3 0x8000a628 (0x34006673) x12 0x00000003
core   0: 0x8000a62c (0x018763b3) or      t2, a4, s8
core   0: 3 0x8000a62c (0x018763b3) x7  0xfffffff4
core   0: 0x8000a630 (0x01669193) slli    gp, a3, 22
core   0: 3 0x8000a630 (0x01669193) x3  0x1a000000
core   0: 0x8000a634 (0x34006b73) csrrsi  s6, mscratch, 0
core   0: 3 0x8000a634 (0x34006b73) x22 0x00000003
core   0: 0x8000a638 (0xabf52513) slti    a0, a0, -1345
core   0: 3 0x8000a638 (0xabf52513) x10 0x00000000
core   0: 0x8000a63c (0x00008fea) c.mv    t6, s10
core   0: 3 0x8000a63c (0x8fea) x31 0x00000003
core   0: 0x8000a63e (0x34015573) csrrwi  a0, mscratch, 2
core   0: 3 0x8000a63e (0x34015573) x10 0x00000003 c832_mscratch 0x00000002
core   0: 0x8000a642 (0x0ff0000f) fence   iorw,iorw
core   0: 3 0x8000a642 (0x0ff0000f)
core   0: 0x8000a646 (0xf6162993) slti    s3, a2, -159
core   0: 3 0x8000a646 (0xf6162993) x19 0x00000000
core   0: 0x8000a64a (0x7a854b93) xori    s7, a0, 1960
core   0: 3 0x8000a64a (0x7a854b93) x23 0x000007ab
core   0: 0x8000a64e (0x00008606) c.mv    a2, ra
core   0: 3 0x8000a64e (0x8606) x12 0x8000b390
core   0: 0x8000a650 (0x02fe6963) bltu    t3, a5, pc + 50
core   0: 3 0x8000a650 (0x02fe6963)
core   0: 0x8000a654 (0x0321a2b3) mulhsu  t0, gp, s2
core   0: 3 0x8000a654 (0x0321a2b3) x5  0x0cffee92
core   0: 0x8000a658 (0x0ff0000f) fence   iorw,iorw
core   0: 3 0x8000a658 (0x0ff0000f)
core   0: 0x8000a65c (0x003bc133) xor     sp, s7, gp
core   0: 3 0x8000a65c (0x003bc133) x2  0x1a0007ab
core   0: 0x8000a660 (0x000087ea) c.mv    a5, s10
core   0: 3 0x8000a660 (0x87ea) x15 0x00000003
core   0: 0x8000a662 (0x011aa1b3) slt     gp, s5, a7
core   0: 3 0x8000a662 (0x011aa1b3) x3  0x00000000
core   0: 0x8000a666 (0x01491d33) sll     s10, s2, s4
core   0: 3 0x8000a666 (0x01491d33) x26 0x7fff5468
core   0: 0x8000a66a (0x0ff0000f) fence   iorw,iorw
core   0: 3 0x8000a66a (0x0ff0000f)
core   0: 0x8000a66e (0x03e6fc63) bgeu    a3, t5, pc + 56
core   0: 3 0x8000a66e (0x03e6fc63)
core   0: 0x8000a6a6 (0x00621733) sll     a4, tp, t1
core   0: 3 0x8000a6a6 (0x00621733) x14 0x00000000
core   0: 0x8000a6aa (0x02071cb3) mulh    s9, a4, zero
core   0: 3 0x8000a6aa (0x02071cb3) x25 0x00000000
core   0: 0x8000a6ae (0x004ea303) lw      t1, 4(t4)
core   0: 3 0x8000a6ae (0x004ea303) x6  0x8000acbc mem 0x80025e50
core   0: 0x8000a6b2 (0x00008fc5) c.or    a5, s1
core   0: 3 0x8000a6b2 (0x8fc5) x15 0x8000aee7
core   0: 0x8000a6b4 (0x02d0bdb3) mulhu   s11, ra, a3
core   0: 3 0x8000a6b4 (0x02d0bdb3) x27 0x2d47e9b9
core   0: 0x8000a6b8 (0x028e8e93) addi    t4, t4, 40
core   0: 3 0x8000a6b8 (0x028e8e93) x29 0x80025e74
core   0: 0x8000a6bc (0x024460b3) rem     ra, s0, tp
core   0: 3 0x8000a6bc (0x024460b3) x1  0x00000000
core   0: 0x8000a6c0 (0x34079273) csrrw   tp, mscratch, a5
core   0: 3 0x8000a6c0 (0x34079273) x4  0x00000002 c832_mscratch 0x8000aee7
core   0: 0x8000a6c4 (0x0000100f) fence.i
core   0: 3 0x8000a6c4 (0x0000100f)
core   0: 0x8000a6c8 (0x6618a293) slti    t0, a7, 1633
core   0: 3 0x8000a6c8 (0x6618a293) x5  0x00000001
core   0: 0x8000a6cc (0x663e4013) xori    zero, t3, 1635
core   0: 3 0x8000a6cc (0x663e4013)
core   0: 0x8000a6d0 (0x01a2bd33) sltu    s10, t0, s10
core   0: 3 0x8000a6d0 (0x01a2bd33) x26 0x00000001
core   0: 0x8000a6d4 (0x00030b13) mv      s6, t1
core   0: 3 0x8000a6d4 (0x00030b13) x22 0x8000acbc
core   0: 0x8000a6d8 (0x000b0b67) jalr    s6, s6, 0
core   0: 3 0x8000a6d8 (0x000b0b67) x22 0x8000a6dc
core   0: 0x8000acbc (0x340a1df3) csrrw   s11, mscratch, s4
core   0: 3 0x8000acbc (0x340a1df3) x27 0x8000aee7 c832_mscratch 0x00000000
core   0: 0x8000acc0 (0x024e0463) beq     t3, tp, pc + 40
core   0: 3 0x8000acc0 (0x024e0463)
core   0: 0x8000acc4 (0x34003373) csrrc   t1, mscratch, zero
core   0: 3 0x8000acc4 (0x34003373) x6  0x00000000
core   0: 0x8000acc8 (0x00009f52) c.add   t5, s4
core   0: 3 0x8000acc8 (0x9f52) x30 0x25700000
core   0: 0x8000acca (0x01397c33) and     s8, s2, s3
core   0: 3 0x8000acca (0x01397c33) x24 0x00000000
core   0: 0x8000acce (0x0000e485) c.bnez  s1, pc + 40
core   0: 3 0x8000acce (0xe485)
core   0: 0x8000acf6 (0x000087e1) c.srai  a5, 24
core   0: 3 0x8000acf6 (0x87e1) x15 0xffffff80
core   0: 0x8000acf8 (0x004ea303) lw      t1, 4(t4)
core   0: 3 0x8000acf8 (0x004ea303) x6  0x8000b0a2 mem 0x80025e78
core   0: 0x8000acfc (0x000002c5) c.addi  t0, 17
core   0: 3 0x8000acfc (0x02c5) x5  0x00000012
core   0: 0x8000acfe (0x8dea0393) addi    t2, s4, -1826
core   0: 3 0x8000acfe (0x8dea0393) x7  0xfffff8de
core   0: 0x8000ad02 (0x01be3c33) sltu    s8, t3, s11
core   0: 3 0x8000ad02 (0x01be3c33) x24 0x00000000
core   0: 0x8000ad06 (0x01b91633) sll     a2, s2, s11
core   0: 3 0x8000ad06 (0x01b91633) x12 0xffaa3400
core   0: 0x8000ad0a (0x2490bb93) sltiu   s7, ra, 585
core   0: 3 0x8000ad0a (0x2490bb93) x23 0x00000001
core   0: 0x8000ad0e (0x00000001) c.nop
core   0: 3 0x8000ad0e (0x0001)
core   0: 0x8000ad10 (0x02c21933) mulh    s2, tp, a2
core   0: 3 0x8000ad10 (0x02c21933) x18 0xffffffff
core   0: 0x8000ad14 (0x00008d99) c.sub   a1, a4
core   0: 3 0x8000ad14 (0x8d99) x11 0x7fff5468
core   0: 0x8000ad16 (0x00000ea1) c.addi  t4, 8
core   0: 3 0x8000ad16 (0x0ea1) x29 0x80025e7c
core   0: 0x8000ad18 (0x92c02597) auipc   a1, 0x92c02
core   0: 3 0x8000ad18 (0x92c02597) x11 0x12c0cd18
core   0: 0x8000ad1c (0x00008e05) c.sub   a2, s1
core   0: 3 0x8000ad1c (0x8e05) x12 0x7fa9851c
core   0: 0x8000ad1e (0x00130793) addi    a5, t1, 1
core   0: 3 0x8000ad1e (0x00130793) x15 0x8000b0a3
core   0: 0x8000ad22 (0x00009782) c.jalr  a5
core   0: 3 0x8000ad22 (0x9782) x1  0x8000ad24
core   0: 0x8000b0a2 (0x00638763) beq     t2, t1, pc + 14
core   0: 3 0x8000b0a2 (0x00638763)
core   0: 0x8000b0a6 (0x00008ccd) c.or    s1, a1
core   0: 3 0x8000b0a6 (0x8ccd) x9  0x92c0effc
core   0: 0x8000b0a8 (0x08cdac13) slti    s8, s11, 140
core   0: 3 0x8000b0a8 (0x08cdac13) x24 0x00000001
core   0: 0x8000b0ac (0x029366b3) rem     a3, t1, s1
core   0: 3 0x8000b0ac (0x029366b3) x13 0xed3fc0a6
core   0: 0x8000b0b0 (0x000099fd) c.andi  a1, -1
core   0: 3 0x8000b0b0 (0x99fd) x11 0x12c0cd18
core   0: 0x8000b0b2 (0x00008169) c.srli  a0, 26
core   0: 3 0x8000b0b2 (0x8169) x10 0x00000000
core   0: 0x8000b0b4 (0x00004611) c.li    a2, 4
core   0: 3 0x8000b0b4 (0x4611) x12 0x00000004
core   0: 0x8000b0b6 (0x00009362) c.add   t1, s8
core   0: 3 0x8000b0b6 (0x9362) x6  0x8000b0a3
core   0: 0x8000b0b8 (0x340f18f3) csrrw   a7, mscratch, t5
core   0: 3 0x8000b0b8 (0x340f18f3) x17 0x00000000 c832_mscratch 0x25700000
core   0: 0x8000b0bc (0x00824fb3) xor     t6, tp, s0
core   0: 3 0x8000b0bc (0x00824fb3) x31 0x00000002
core   0: 0x8000b0c0 (0x0000080a) c.slli  a6, 2
core   0: 3 0x8000b0c0 (0x080a) x16 0xfffffffc
core   0: 0x8000b0c2 (0x340ba1f3) csrrs   gp, mscratch, s7
core   0: 3 0x8000b0c2 (0x340ba1f3) x3  0x25700000 c832_mscratch 0x25700001
core   0: 0x8000b0c6 (0x340a63f3) csrrsi  t2, mscratch, 20
core   0: 3 0x8000b0c6 (0x340a63f3) x7  0x25700001 c832_mscratch 0x25700015
core   0: 0x8000b0ca (0x0000e085) c.bnez  s1, pc + 32
core   0: 3 0x8000b0ca (0xe085)
core   0: 0x8000b0ea (0x00001bfd) c.addi  s7, -1
core   0: 3 0x8000b0ea (0x1bfd) x23 0x00000000
core   0: 0x8000b0ec (0x000001e1) c.addi  gp, 24
core   0: 3 0x8000b0ec (0x01e1) x3  0x25700018
core   0: 0x8000b0ee (0x9e67b713) sltiu   a4, a5, -1562
core   0: 3 0x8000b0ee (0x9e67b713) x14 0x00000001
core   0: 0x8000b0f2 (0x024c85b3) mul     a1, s9, tp
core   0: 3 0x8000b0f2 (0x024c85b3) x11 0x00000000
core   0: 0x8000b0f6 (0x00000001) c.nop
core   0: 3 0x8000b0f6 (0x0001)
core   0: 0x8000b0f8 (0x02176cb3) rem     s9, a4, ra
core   0: 3 0x8000b0f8 (0x02176cb3) x25 0x00000001
core   0: 0x8000b0fc (0x004ea303) lw      t1, 4(t4)
core   0: 3 0x8000b0fc (0x004ea303) x6  0x8000b3e2 mem 0x80025e80
core   0: 0x8000b100 (0x2b71bc13) sltiu   s8, gp, 695
core   0: 3 0x8000b100 (0x2b71bc13) x24 0x00000000
core   0: 0x8000b104 (0x00000ec1) c.addi  t4, 16
core   0: 3 0x8000b104 (0x0ec1) x29 0x80025e8c
core   0: 0x8000b106 (0x5aae9537) lui     a0, 0x5aae9
core   0: 3 0x8000b106 (0x5aae9537) x10 0x5aae9000
core   0: 0x8000b10a (0x00130093) addi    ra, t1, 1
core   0: 3 0x8000b10a (0x00130093) x1  0x8000b3e3
core   0: 0x8000b10e (0x000080e7) jalr    ra
core   0: 3 0x8000b10e (0x000080e7) x1  0x8000b112
core   0: 0x8000b3e2 (0x000ad993) srli    s3, s5, 0
core   0: 3 0x8000b3e2 (0x000ad993) x19 0x403d9000
core   0: 0x8000b3e6 (0x011c9cb3) sll     s9, s9, a7
core   0: 3 0x8000b3e6 (0x011c9cb3) x25 0x00000001
core   0: 0x8000b3ea (0x0213dfb3) divu    t6, t2, ra
core   0: 3 0x8000b3ea (0x0213dfb3) x31 0x00000000
core   0: 0x8000b3ee (0x000f30b3) sltu    ra, t5, zero
core   0: 3 0x8000b3ee (0x000f30b3) x1  0x00000000
core   0: 0x8000b3f2 (0x41b886b3) sub     a3, a7, s11
core   0: 3 0x8000b3f2 (0x41b886b3) x13 0x7fff5119
core   0: 0x8000b3f6 (0x003f7763) bgeu    t5, gp, pc + 14
core   0: 3 0x8000b3f6 (0x003f7763)
core   0: 0x8000b3fa (0x340018f3) csrrw   a7, mscratch, zero
core   0: 3 0x8000b3fa (0x340018f3) x17 0x25700015 c832_mscratch 0x00000000
core   0: 0x8000b3fe (0x0000429d) c.li    t0, 7
core   0: 3 0x8000b3fe (0x429d) x5  0x00000007
core   0: 0x8000b400 (0x002e1db3) sll     s11, t3, sp
core   0: 3 0x8000b400 (0x002e1db3) x27 0x14e92000
core   0: 0x8000b404 (0xad8ff36f) jal     t1, pc - 0xd28
core   0: 3 0x8000b404 (0xad8ff36f) x6  0x8000b408
core   0: 0x8000a6dc (0x0157e963) bltu    a5, s5, pc + 18
core   0: 3 0x8000a6dc (0x0157e963)
core   0: 0x8000a6e0 (0x40265733) sra     a4, a2, sp
core   0: 3 0x8000a6e0 (0x40265733) x14 0x00000000
core   0: 0x8000a6e4 (0x00008f5d) c.or    a4, a5
core   0: 3 0x8000a6e4 (0x8f5d) x14 0x8000b0a3
core   0: 0x8000a6e6 (0x407cd3b3) sra     t2, s9, t2
core   0: 3 0x8000a6e6 (0x407cd3b3) x7  0x00000000
core   0: 0x8000a6ea (0x019c3d33) sltu    s10, s8, s9
core   0: 3 0x8000a6ea (0x019c3d33) x26 0x00000001
core   0: 0x8000a6ee (0xfdce8e93) addi    t4, t4, -36
core   0: 3 0x8000a6ee (0xfdce8e93) x29 0x80025e68
core   0: 0x8000a6f2 (0x340022f3) csrr    t0, mscratch
core   0: 3 0x8000a6f2 (0x340022f3) x5  0x00000000
core   0: 0x8000a6f6 (0x006ea223) sw      t1, 4(t4)
core   0: 3 0x8000a6f6 (0x006ea223) mem 0x80025e6c 0x8000b408
core   0: 0x8000a6fa (0x000000aa) c.slli  ra, 10
core   0: 3 0x8000a6fa (0x00aa) x1  0x00000000
core   0: 0x8000a6fc (0x00000f10) c.addi4spn a2, sp, 912
core   0: 3 0x8000a6fc (0x0f10) x12 0x1a000b3b
core   0: 0x8000a6fe (0x340cfdf3) csrrci  s11, mscratch, 25
core   0: 3 0x8000a6fe (0x340cfdf3) x27 0x00000000 c832_mscratch 0x00000000
core   0: 0x8000a702 (0x0000717d) c.addi16sp sp, -16
core   0: 3 0x8000a702 (0x717d) x2  0x1a00079b
core   0: 0x8000a704 (0x01fa4233) xor     tp, s4, t6
core   0: 3 0x8000a704 (0x01fa4233) x4  0x00000000
core   0: 0x8000a708 (0x00010797) auipc   a5, 0x10
core   0: 3 0x8000a708 (0x00010797) x15 0x8001a708
core   0: 0x8000a70c (0xdec78793) addi    a5, a5, -532
core   0: 3 0x8000a70c (0xdec78793) x15 0x8001a4f4
core   0: 0x8000a710 (0x00008d3d) c.xor   a0, a5
core   0: 3 0x8000a710 (0x8d3d) x10 0xdaaf34f4
core   0: 0x8000a712 (0x010456b3) srl     a3, s0, a6
core   0: 3 0x8000a712 (0x010456b3) x13 0x00000000
core   0: 0x8000a716 (0x01879723) sh      s8, 14(a5)
core   0: 3 0x8000a716 (0x01879723) mem 0x8001a502 0x0000
core   0: 0x8000a71a (0x000005c9) c.addi  a1, 18
core   0: 3 0x8000a71a (0x05c9) x11 0x00000012
core   0: 0x8000a71c (0x00e0dbb3) srl     s7, ra, a4
core   0: 3 0x8000a71c (0x00e0dbb3) x23 0x00000000
core   0: 0x8000a720 (0x01095cb3) srl     s9, s2, a6
core   0: 3 0x8000a720 (0x01095cb3) x25 0x0000000f
core   0: 0x8000a724 (0x02d2f9b3) remu    s3, t0, a3
core   0: 3 0x8000a724 (0x02d2f9b3) x19 0x00000000
core   0: 0x8000a728 (0xb42cbd93) sltiu   s11, s9, -1214
core   0: 3 0x8000a728 (0xb42cbd93) x27 0x00000001
core   0: 0x8000a72c (0x0737c803) lbu     a6, 115(a5)
core   0: 3 0x8000a72c (0x0737c803) x16 0x0000001c mem 0x8001a567
core   0: 0x8000a730 (0x07378f83) lb      t6, 115(a5)
core   0: 3 0x8000a730 (0x07378f83) x31 0x0000001c mem 0x8001a567
core   0: 0x8000a734 (0x01875213) srli    tp, a4, 24
core   0: 3 0x8000a734 (0x01875213) x4  0x00000080
core   0: 0x8000a738 (0xf9678aa3) sb      s6, -107(a5)
core   0: 3 0x8000a738 (0xf9678aa3) mem 0x8001a489 0xdc
core   0: 0x8000a73c (0x0357ca03) lbu     s4, 53(a5)
core   0: 3 0x8000a73c (0x0357ca03) x20 0x000000e2 mem 0x8001a529
core   0: 0x8000a740 (0x340ae0f3) csrrsi  ra, mscratch, 21
core   0: 3 0x8000a740 (0x340ae0f3) x1  0x00000000 c832_mscratch 0x00000015
core   0: 0x8000a744 (0x0c578f03) lb      t5, 197(a5)
core   0: 3 0x8000a744 (0x0c578f03) x30 0x00000072 mem 0x8001a5b9
core   0: 0x8000a748 (0x00edb8b3) sltu    a7, s11, a4
core   0: 3 0x8000a748 (0x00edb8b3) x17 0x00000001
core   0: 0x8000a74c (0x86c2e713) ori     a4, t0, -1940
core   0: 3 0x8000a74c (0x86c2e713) x14 0xfffff86c
core   0: 0x8000a750 (0x09378b03) lb      s6, 147(a5)
core   0: 3 0x8000a750 (0x09378b03) x22 0x0000003c mem 0x8001a587
core   0: 0x8000a754 (0xfda78c23) sb      s10, -40(a5)
core   0: 3 0x8000a754 (0xfda78c23) mem 0x8001a4cc 0x01
core   0: 0x8000a758 (0x003bd933) srl     s2, s7, gp
core   0: 3 0x8000a758 (0x003bd933) x18 0x00000000
core   0: 0x8000a75c (0x01c2e033) or      zero, t0, t3
core   0: 3 0x8000a75c (0x01c2e033)
core   0: 0x8000a760 (0x03122233) mulhsu  tp, tp, a7
core   0: 3 0x8000a760 (0x03122233) x4  0x00000000
core   0: 0x8000a764 (0x0293c033) div     zero, t2, s1
core   0: 3 0x8000a764 (0x0293c033)
core   0: 0x8000a768 (0x00008d55) c.or    a0, a3
core   0: 3 0x8000a768 (0x8d55) x10 0xdaaf34f4
core   0: 0x8000a76a (0xf6e79703) lh      a4, -146(a5)
core   0: 3 0x8000a76a (0xf6e79703) x14 0x00001819 mem 0x8001a462
core   0: 0x8000a76e (0x34005673) csrrwi  a2, mscratch, 0
core   0: 3 0x8000a76e (0x34005673) x12 0x00000015 c832_mscratch 0x00000000
core   0: 0x8000a772 (0x0987a203) lw      tp, 152(a5)
core   0: 3 0x8000a772 (0x0987a203) x4  0x44454647 mem 0x8001a58c
core   0: 0x8000a776 (0x035ef4b3) remu    s1, t4, s5
core   0: 3 0x8000a776 (0x035ef4b3) x9  0x3fc4ce68
core   0: 0x8000a77a (0x024ffdb3) remu    s11, t6, tp
core   0: 3 0x8000a77a (0x024ffdb3) x27 0x0000001c
core   0: 0x8000a77e (0x04879203) lh      tp, 72(a5)
core   0: 3 0x8000a77e (0x04879203) x4  0xfffff6f7 mem 0x8001a53c
core   0: 0x8000a782 (0x00006ad9) c.lui   s5, 0x16
core   0: 3 0x8000a782 (0x6ad9) x21 0x00016000
core   0: 0x8000a784 (0x0170dd33) srl     s10, ra, s7
core   0: 3 0x8000a784 (0x0170dd33) x26 0x00000000
core   0: 0x8000a788 (0x0bd78303) lb      t1, 189(a5)
core   0: 3 0x8000a788 (0x0bd78303) x6  0x0000006a mem 0x8001a5b1
core   0: 0x8000a78c (0x00016917) auipc   s2, 0x16
core   0: 3 0x8000a78c (0x00016917) x18 0x8002078c
core   0: 0x8000a790 (0x72990913) addi    s2, s2, 1833
core   0: 3 0x8000a790 (0x72990913) x18 0x80020eb5
core   0: 0x8000a794 (0x07290e23) sb      s2, 124(s2)
core   0: 3 0x8000a794 (0x07290e23) mem 0x80020f31 0xb5
core   0: 0x8000a798 (0x000080e9) c.srli  s1, 26
core   0: 3 0x8000a798 (0x80e9) x9  0x0000000f
core   0: 0x8000a79a (0x02b9dfb3) divu    t6, s3, a1
core   0: 3 0x8000a79a (0x02b9dfb3) x31 0x00000000
core   0: 0x8000a79e (0x06e94d83) lbu     s11, 110(s2)
core   0: 3 0x8000a79e (0x06e94d83) x27 0x000000d8 mem 0x80020f23
core   0: 0x8000a7a2 (0x00e4a7b3) slt     a5, s1, a4
core   0: 3 0x8000a7a2 (0x00e4a7b3) x15 0x00000001
core   0: 0x8000a7a6 (0xb7779337) lui     t1, 0xb7779
core   0: 3 0x8000a7a6 (0xb7779337) x6  0xb7779000
core   0: 0x8000a7aa (0x0f790f83) lb      t6, 247(s2)
core   0: 3 0x8000a7aa (0x0f790f83) x31 0x00000067 mem 0x80020fac
core   0: 0x8000a7ae (0x34007d73) csrrci  s10, mscratch, 0
core   0: 3 0x8000a7ae (0x34007d73) x26 0x00000000
core   0: 0x8000a7b2 (0x00a90683) lb      a3, 10(s2)
core   0: 3 0x8000a7b2 (0x00a90683) x13 0x00000074 mem 0x80020ebf
core   0: 0x8000a7b6 (0x00305ab3) srl     s5, zero, gp
core   0: 3 0x8000a7b6 (0x00305ab3) x21 0x00000000
core   0: 0x8000a7ba (0xf2790d23) sb      t2, -198(s2)
core   0: 3 0x8000a7ba (0xf2790d23) mem 0x80020def 0x00
core   0: 0x8000a7be (0xf9294103) lbu     sp, -110(s2)
core   0: 3 0x8000a7be (0xf9294103) x2  0x000000fc mem 0x80020e47
core   0: 0x8000a7c2 (0x00006805) c.lui   a6, 0x1
core   0: 3 0x8000a7c2 (0x6805) x16 0x00001000
core   0: 0x8000a7c4 (0xf2b90023) sb      a1, -224(s2)
core   0: 3 0x8000a7c4 (0xf2b90023) mem 0x80020dd5 0x12
core   0: 0x8000a7c8 (0x41b95cb3) sra     s9, s2, s11
core   0: 3 0x8000a7c8 (0x41b95cb3) x25 0xffffff80
core   0: 0x8000a7cc (0x03f5a0b3) mulhsu  ra, a1, t6
core   0: 3 0x8000a7cc (0x03f5a0b3) x1  0x00000000
core   0: 0x8000a7d0 (0xf4b90423) sb      a1, -184(s2)
core   0: 3 0x8000a7d0 (0xf4b90423) mem 0x80020dfd 0x12
core   0: 0x8000a7d4 (0xfb194003) lbu     zero, -79(s2)
core   0: 3 0x8000a7d4 (0xfb194003) mem 0x80020e66
core   0: 0x8000a7d8 (0x00894883) lbu     a7, 8(s2)
core   0: 3 0x8000a7d8 (0x00894883) x17 0x00000076 mem 0x80020ebd
core   0: 0x8000a7dc (0xf5994b03) lbu     s6, -167(s2)
core   0: 3 0x8000a7dc (0xf5994b03) x22 0x000000c5 mem 0x80020e0e
core   0: 0x8000a7e0 (0x0ff0000f) fence   iorw,iorw
core   0: 3 0x8000a7e0 (0x0ff0000f)
core   0: 0x8000a7e4 (0x412ad333) sra     t1, s5, s2
core   0: 3 0x8000a7e4 (0x412ad333) x6  0x00000000
core   0: 0x8000a7e8 (0x0a090703) lb      a4, 160(s2)
core   0: 3 0x8000a7e8 (0x0a090703) x14 0x0000000e mem 0x80020f55
core   0: 0x8000a7ec (0x0000141c) c.addi4spn a5, sp, 544
core   0: 3 0x8000a7ec (0x141c) x15 0x0000031c
core   0: 0x8000a7ee (0x01209d33) sll     s10, ra, s2
core   0: 3 0x8000a7ee (0x01209d33) x26 0x00000000
core   0: 0x8000a7f2 (0x0ad90ba3) sb      a3, 183(s2)
core   0: 3 0x8000a7f2 (0x0ad90ba3) mem 0x80020f6c 0x74
core   0: 0x8000a7f6 (0xfbe90a83) lb      s5, -66(s2)
core   0: 3 0x8000a7f6 (0xfbe90a83) x21 0x00000028 mem 0x80020e73
core   0: 0x8000a7fa (0xfcd94703) lbu     a4, -51(s2)
core   0: 3 0x8000a7fa (0xfcd94703) x14 0x00000039 mem 0x80020e82
core   0: 0x8000a7fe (0xfdd94d83) lbu     s11, -35(s2)
core   0: 3 0x8000a7fe (0xfdd94d83) x27 0x00000049 mem 0x80020e92
core   0: 0x8000a802 (0x02991183) lh      gp, 41(s2)
core   0: 3 0x8000a802 (0x02991183) x3  0xffff9495 mem 0x80020ede
core   0: 0x8000a806 (0x000098fd) c.andi  s1, -1
core   0: 3 0x8000a806 (0x98fd) x9  0x0000000f
core   0: 0x8000a808 (0xf41913a3) sh      ra, -185(s2)
core   0: 3 0x8000a808 (0xf41913a3) mem 0x80020dfc 0x0000
core   0: 0x8000a80c (0x01265033) srl     zero, a2, s2
core   0: 3 0x8000a80c (0x01265033)
core   0: 0x8000a810 (0x0366c333) div     t1, a3, s6
core   0: 3 0x8000a810 (0x0366c333) x6  0x00000000
core   0: 0x8000a814 (0x008e8f33) add     t5, t4, s0
core   0: 3 0x8000a814 (0x008e8f33) x30 0x80025e68
core   0: 0x8000a818 (0xf3890f03) lb      t5, -200(s2)
core   0: 3 0x8000a818 (0xf3890f03) x30 0xffffffa6 mem 0x80020ded
core   0: 0x8000a81c (0xfdf90a03) lb      s4, -33(s2)
core   0: 3 0x8000a81c (0xfdf90a03) x20 0x0000004f mem 0x80020e94
core   0: 0x8000a820 (0x02b56d33) rem     s10, a0, a1
core   0: 3 0x8000a820 (0x02b56d33) x26 0xfffffff8
core   0: 0x8000a824 (0x0a294983) lbu     s3, 162(s2)
core   0: 3 0x8000a824 (0x0a294983) x19 0x0000000c mem 0x80020f57
core   0: 0x8000a828 (0xf1d95a83) lhu     s5, -227(s2)
core   0: 3 0x8000a828 (0xf1d95a83) x21 0x00008889 mem 0x80020dd2
core   0: 0x8000a82c (0x023fd9b3) divu    s3, t6, gp
core   0: 3 0x8000a82c (0x023fd9b3) x19 0x00000000
core   0: 0x8000a830 (0x4032d1b3) sra     gp, t0, gp
core   0: 3 0x8000a830 (0x4032d1b3) x3  0x00000000
core   0: 0x8000a834 (0x00000001) c.nop
core   0: 3 0x8000a834 (0x0001)
core   0: 0x8000a836 (0x00008e0d) c.sub   a2, a1
core   0: 3 0x8000a836 (0x8e0d) x12 0x00000003
core   0: 0x8000a838 (0x00008f09) c.sub   a4, a0
core   0: 3 0x8000a838 (0x8f09) x14 0x2550cb45
core   0: 0x8000a83a (0x0311c3b3) div     t2, gp, a7
core   0: 3 0x8000a83a (0x0311c3b3) x7  0x00000000
core   0: 0x8000a83e (0x0da90c03) lb      s8, 218(s2)
core   0: 3 0x8000a83e (0x0da90c03) x24 0x00000044 mem 0x80020f8f
core   0: 0x8000a842 (0x01f91103) lh      sp, 31(s2)
core   0: 3 0x8000a842 (0x01f91103) x2  0xffff8e8f mem 0x80020ed4
core   0: 0x8000a846 (0x01194d83) lbu     s11, 17(s2)
core   0: 3 0x8000a846 (0x01194d83) x27 0x0000007d mem 0x80020ec6
core   0: 0x8000a84a (0x00006cad) c.lui   s9, 0xb
core   0: 3 0x8000a84a (0x6cad) x25 0x0000b000
core   0: 0x8000a84c (0x340ceaf3) csrrsi  s5, mscratch, 25
core   0: 3 0x8000a84c (0x340ceaf3) x21 0x00000000 c832_mscratch 0x00000019
core   0: 0x8000a850 (0x40ec8913) addi    s2, s9, 1038
core   0: 3 0x8000a850 (0x40ec8913) x18 0x0000b40e
core   0: 0x8000a854 (0x00008f45) c.or    a4, s1
core   0: 3 0x8000a854 (0x8f45) x14 0x2550cb4f
core   0: 0x8000a856 (0x000082fd) c.srli  a3, 31
core   0: 3 0x8000a856 (0x82fd) x13 0x00000000
core   0: 0x8000a858 (0x0586d063) bge     a3, s8, pc + 64
core   0: 3 0x8000a858 (0x0586d063)
core   0: 0x8000a85c (0x00008f8d) c.sub   a5, a1
core   0: 3 0x8000a85c (0x8f8d) x15 0x0000030a
core   0: 0x8000a85e (0x5c13a813) slti    a6, t2, 1473
core   0: 3 0x8000a85e (0x5c13a813) x16 0x00000001
core   0: 0x8000a862 (0x00008da5) c.xor   a1, s1
core   0: 3 0x8000a862 (0x8da5) x11 0x0000001d
core   0: 0x8000a864 (0x0ff0000f) fence   iorw,iorw
core   0: 3 0x8000a864 (0x0ff0000f)
core   0: 0x8000a868 (0x0000717d) c.addi16sp sp, -16
core   0: 3 0x8000a868 (0x717d) x2  0xffff8e7f
core   0: 0x8000a86a (0x40da84b3) sub     s1, s5, a3
core   0: 3 0x8000a86a (0x40da84b3) x9  0x00000000
core   0: 0x8000a86e (0x00008e19) c.sub   a2, a4
core   0: 3 0x8000a86e (0x8e19) x12 0xdaaf34b4
core   0: 0x8000a870 (0x037d8863) beq     s11, s7, pc + 48
core   0: 3 0x8000a870 (0x037d8863)
core   0: 0x8000a874 (0x08536f13) ori     t5, t1, 133
core   0: 3 0x8000a874 (0x08536f13) x30 0x00000085
core   0: 0x8000a878 (0x013396b3) sll     a3, t2, s3
core   0: 3 0x8000a878 (0x013396b3) x13 0x00000000
core   0: 0x8000a87c (0x00000001) c.nop
core   0: 3 0x8000a87c (0x0001)
core   0: 0x8000a87e (0x03639633) mulh    a2, t2, s6
core   0: 3 0x8000a87e (0x03639633) x12 0x00000000
core   0: 0x8000a882 (0x0000ee01) c.bnez  a2, pc + 24
core   0: 3 0x8000a882 (0xee01)
core   0: 0x8000a884 (0xfce5ec13) ori     s8, a1, -50
core   0: 3 0x8000a884 (0xfce5ec13) x24 0xffffffdf
core   0: 0x8000a888 (0x02591a63) bne     s2, t0, pc + 52
core   0: 3 0x8000a888 (0x02591a63)
core   0: 0x8000a8bc (0x03f23db3) mulhu   s11, tp, t6
core   0: 3 0x8000a8bc (0x03f23db3) x27 0x00000066
core   0: 0x8000a8c0 (0x00c6ac33) slt     s8, a3, a2
core   0: 3 0x8000a8c0 (0x00c6ac33) x24 0x00000000
core   0: 0x8000a8c4 (0x00006ad9) c.lui   s5, 0x16
core   0: 3 0x8000a8c4 (0x6ad9) x21 0x00016000
core   0: 0x8000a8c6 (0x0000ed11) c.bnez  a0, pc + 28
core   0: 3 0x8000a8c6 (0xed11)
core   0: 0x8000a8e2 (0x6a6ab293) sltiu   t0, s5, 1702
core   0: 3 0x8000a8e2 (0x6a6ab293) x5  0x00000000
core   0: 0x8000a8e6 (0x0391b233) mulhu   tp, gp, s9
core   0: 3 0x8000a8e6 (0x0391b233) x4  0x00000000
core   0: 0x8000a8ea (0x34041573) csrrw   a0, mscratch, s0
core   0: 3 0x8000a8ea (0x34041573) x10 0x00000019 c832_mscratch 0x00000000
core   0: 0x8000a8ee (0x00006509) c.lui   a0, 0x2
core   0: 3 0x8000a8ee (0x6509) x10 0x00002000
core   0: 0x8000a8f0 (0x0000e1a1) c.bnez  a1, pc + 64
core   0: 3 0x8000a8f0 (0xe1a1)
core   0: 0x8000a930 (0x41f1d713) srai    a4, gp, 31
core   0: 3 0x8000a930 (0x41f1d713) x14 0x00000000
core   0: 0x8000a934 (0x34065ff3) csrrwi  t6, mscratch, 12
core   0: 3 0x8000a934 (0x34065ff3) x31 0x00000000 c832_mscratch 0x0000000c
core   0: 0x8000a938 (0x00009bfd) c.andi  a5, -1
core   0: 3 0x8000a938 (0x9bfd) x15 0x0000030a
core   0: 0x8000a93a (0x034273b3) remu    t2, tp, s4
core   0: 3 0x8000a93a (0x034273b3) x7  0x00000000
core   0: 0x8000a93e (0x00005d7d) c.li    s10, -1
core   0: 3 0x8000a93e (0x5d7d) x26 0xffffffff
core   0: 0x8000a940 (0x0000c329) c.beqz  a4, pc + 66
core   0: 3 0x8000a940 (0xc329)
core   0: 0x8000a982 (0x02837463) bgeu    t1, s0, pc + 40
core   0: 3 0x8000a982 (0x02837463)
core   0: 0x8000a9aa (0x007f6533) or      a0, t5, t2
core   0: 3 0x8000a9aa (0x007f6533) x10 0x00000085
core   0: 0x8000a9ae (0x00de0533) add     a0, t3, a3
core   0: 3 0x8000a9ae (0x00de0533) x10 0x80029d24
core   0: 0x8000a9b2 (0x0000622d) c.lui   tp, 0xb
core   0: 3 0x8000a9b2 (0x622d) x4  0x0000b000
core   0: 0x8000a9b4 (0x00ea4d33) xor     s10, s4, a4
core   0: 3 0x8000a9b4 (0x00ea4d33) x26 0x0000004f
core   0: 0x8000a9b8 (0x0112dd13) srli    s10, t0, 17
core   0: 3 0x8000a9b8 (0x0112dd13) x26 0x00000000
core   0: 0x8000a9bc (0x70deb293) sltiu   t0, t4, 1805
core   0: 3 0x8000a9bc (0x70deb293) x5  0x00000000
core   0: 0x8000a9c0 (0x340038f3) csrrc   a7, mscratch, zero
core   0: 3 0x8000a9c0 (0x340038f3) x17 0x0000000c
core   0: 0x8000a9c4 (0x0065f9b3) and     s3, a1, t1
core   0: 3 0x8000a9c4 (0x0065f9b3) x19 0x00000000
core   0: 0x8000a9c8 (0x01ced8b3) srl     a7, t4, t3
core   0: 3 0x8000a9c8 (0x01ced8b3) x17 0x080025e6
core   0: 0x8000a9cc (0x03405b63) bge     zero, s4, pc + 54
core   0: 3 0x8000a9cc (0x03405b63)
core   0: 0x8000a9d0 (0x00008ea9) c.xor   a3, a0
core   0: 3 0x8000a9d0 (0x8ea9) x13 0x80029d24
core   0: 0x8000a9d2 (0x00008269) c.srli  a2, 26
core   0: 3 0x8000a9d2 (0x8269) x12 0x00000000
core   0: 0x8000a9d4 (0x402f02b3) sub     t0, t5, sp
core   0: 3 0x8000a9d4 (0x402f02b3) x5  0x00007206
core   0: 0x8000a9d8 (0x00000d0d) c.addi  s10, 3
core   0: 3 0x8000a9d8 (0x0d0d) x26 0x00000003
core   0: 0x8000a9da (0x340e78f3) csrrci  a7, mscratch, 28
core   0: 3 0x8000a9da (0x340e78f3) x17 0x0000000c c832_mscratch 0x00000000
core   0: 0x8000a9de (0x4004df13) srai    t5, s1, 0
core   0: 3 0x8000a9de (0x4004df13) x30 0x00000000
core   0: 0x8000a9e2 (0x00008d19) c.sub   a0, a4
core   0: 3 0x8000a9e2 (0x8d19) x10 0x80029d24
core   0: 0x8000a9e4 (0x00000001) c.nop
core   0: 3 0x8000a9e4 (0x0001)
core   0: 0x8000a9e6 (0x0ff0000f) fence   iorw,iorw
core   0: 3 0x8000a9e6 (0x0ff0000f)
core   0: 0x8000a9ea (0x01552ab3) slt     s5, a0, s5
core   0: 3 0x8000a9ea (0x01552ab3) x21 0x00000001
core   0: 0x8000a9ee (0x340fdcf3) csrrwi  s9, mscratch, 31
core   0: 3 0x8000a9ee (0x340fdcf3) x25 0x00000000 c832_mscratch 0x0000001f
core   0: 0x8000a9f2 (0xc6b1d097) auipc   ra, 0xc6b1d
core   0: 3 0x8000a9f2 (0xc6b1d097) x1  0x46b279f2
core   0: 0x8000a9f6 (0xeb072593) slti    a1, a4, -336
core   0: 3 0x8000a9f6 (0xeb072593) x11 0x00000000
core   0: 0x8000a9fa (0x40c40db3) sub     s11, s0, a2
core   0: 3 0x8000a9fa (0x40c40db3) x27 0x00000000
core   0: 0x8000a9fe (0x00606513) ori     a0, zero, 6
core   0: 3 0x8000a9fe (0x00606513) x10 0x00000006
core   0: 0x8000aa02 (0x00000001) c.nop
core   0: 3 0x8000aa02 (0x0001)
core   0: 0x8000aa04 (0x002e69b3) or      s3, t3, sp
core   0: 3 0x8000aa04 (0x002e69b3) x19 0xffff9f7f
core   0: 0x8000aa08 (0x1452b893) sltiu   a7, t0, 325
core   0: 3 0x8000aa08 (0x1452b893) x17 0x00000000
core   0: 0x8000aa0c (0xffdafb93) andi    s7, s5, -3
core   0: 3 0x8000aa0c (0xffdafb93) x23 0x00000001
core   0: 0x8000aa10 (0x00008669) c.srai  a2, 26
core   0: 3 0x8000aa10 (0x8669) x12 0x00000000
core   0: 0x8000aa12 (0x00009b86) c.add   s7, ra
core   0: 3 0x8000aa12 (0x9b86) x23 0x46b279f3
core   0: 0x8000aa14 (0x019f5963) bge     t5, s9, pc + 18
core   0: 3 0x8000aa14 (0x019f5963)
core   0: 0x8000aa26 (0x340c14f3) csrrw   s1, mscratch, s8
core   0: 3 0x8000aa26 (0x340c14f3) x9  0x0000001f c832_mscratch 0x00000000
core   0: 0x8000aa2a (0x00004cf1) c.li    s9, 28
core   0: 3 0x8000aa2a (0x4cf1) x25 0x0000001c
core   0: 0x8000aa2c (0x00006765) c.lui   a4, 0x19
core   0: 3 0x8000aa2c (0x6765) x14 0x00019000
core   0: 0x8000aa2e (0x4d290613) addi    a2, s2, 1234
core   0: 3 0x8000aa2e (0x4d290613) x12 0x0000b8e0
core   0: 0x8000aa32 (0x412304b3) sub     s1, t1, s2
core   0: 3 0x8000aa32 (0x412304b3) x9  0xffff4bf2
core   0: 0x8000aa36 (0x418184b3) sub     s1, gp, s8
core   0: 3 0x8000aa36 (0x418184b3) x9  0x00000000
core   0: 0x8000aa3a (0x412bd313) srai    t1, s7, 18
core   0: 3 0x8000aa3a (0x412bd313) x6  0x000011ac
core   0: 0x8000aa3e (0x00d10663) beq     sp, a3, pc + 12
core   0: 3 0x8000aa3e (0x00d10663)
core   0: 0x8000aa42 (0x0000100f) fence.i
core   0: 3 0x8000aa42 (0x0000100f)
core   0: 0x8000aa46 (0x01afc6b3) xor     a3, t6, s10
core   0: 3 0x8000aa46 (0x01afc6b3) x13 0x00000003
core   0: 0x8000aa4a (0x7d3dc793) xori    a5, s11, 2003
core   0: 3 0x8000aa4a (0x7d3dc793) x15 0x000007d3
core   0: 0x8000aa4e (0x00000001) c.nop
core   0: 3 0x8000aa4e (0x0001)
core   0: 0x8000aa50 (0x03a6b733) mulhu   a4, a3, s10
core   0: 3 0x8000aa50 (0x03a6b733) x14 0x00000000
core   0: 0x8000aa54 (0x044d6263) bltu    s10, tp, pc + 68
core   0: 3 0x8000aa54 (0x044d6263)
core   0: 0x8000aa98 (0x030c5763) bge     s8, a6, pc + 46
core   0: 3 0x8000aa98 (0x030c5763)
core   0: 0x8000aa9c (0x00008ca9) c.xor   s1, a0
core   0: 3 0x8000aa9c (0x8ca9) x9  0x00000006
core   0: 0x8000aa9e (0x00008b71) c.andi  a4, 28
core   0: 3 0x8000aa9e (0x8b71) x14 0x00000000
core   0: 0x8000aaa0 (0x00000cb2) c.slli  s9, 12
core   0: 3 0x8000aaa0 (0x0cb2) x25 0x0001c000
core   0: 0x8000aaa2 (0x01831f63) bne     t1, s8, pc + 30
core   0: 3 0x8000aaa2 (0x01831f63)
core   0: 0x8000aac0 (0x486c4c93) xori    s9, s8, 1158
core   0: 3 0x8000aac0 (0x486c4c93) x25 0x00000486
core   0: 0x8000aac4 (0x00008f8d) c.sub   a5, a1
core   0: 3 0x8000aac4 (0x8f8d) x15 0x000007d3
core   0: 0x8000aac6 (0x0ff0000f) fence   iorw,iorw
core   0: 3 0x8000aac6 (0x0ff0000f)
core   0: 0x8000aaca (0x3404ea73) csrrsi  s4, mscratch, 9
core   0: 3 0x8000aaca (0x3404ea73) x20 0x00000000 c832_mscratch 0x00000009
core   0: 0x8000aace (0x34095f73) csrrwi  t5, mscratch, 18
core   0: 3 0x8000aace (0x34095f73) x30 0x00000009 c832_mscratch 0x00000012
core   0: 0x8000aad2 (0x8d3a2113) slti    sp, s4, -1837
core   0: 3 0x8000aad2 (0x8d3a2113) x2  0x00000000
core   0: 0x8000aad6 (0x3407d273) csrrwi  tp, mscratch, 15
core   0: 3 0x8000aad6 (0x3407d273) x4  0x00000012 c832_mscratch 0x0000000f
core   0: 0x8000aada (0x03cdf563) bgeu    s11, t3, pc + 42
core   0: 3 0x8000aada (0x03cdf563)
core   0: 0x8000aade (0x03fd7933) remu    s2, s10, t6
core   0: 3 0x8000aade (0x03fd7933) x18 0x00000003
core   0: 0x8000aae2 (0x00006551) c.lui   a0, 0x14
core   0: 3 0x8000aae2 (0x6551) x10 0x00014000
core   0: 0x8000aae4 (0x303fca93) xori    s5, t6, 771
core   0: 3 0x8000aae4 (0x303fca93) x21 0x00000303
core   0: 0x8000aae8 (0x340e53f3) csrrwi  t2, mscratch, 28
core   0: 3 0x8000aae8 (0x340e53f3) x7  0x0000000f c832_mscratch 0x0000001c
core   0: 0x8000aaec (0xfa4efd93) andi    s11, t4, -92
core   0: 3 0x8000aaec (0xfa4efd93) x27 0x80025e20
core   0: 0x8000aaf0 (0x00008f4d) c.or    a4, a1
core   0: 3 0x8000aaf0 (0x8f4d) x14 0x00000000
core   0: 0x8000aaf2 (0x0000619d) c.lui   gp, 0x7
core   0: 3 0x8000aaf2 (0x619d) x3  0x00007000
core   0: 0x8000aaf4 (0x0000071e) c.slli  a4, 7
core   0: 3 0x8000aaf4 (0x071e) x14 0x00000000
core   0: 0x8000aaf6 (0x406e5833) sra     a6, t3, t1
core   0: 3 0x8000aaf6 (0x406e5833) x16 0xfff80029
core   0: 0x8000aafa (0x00008c81) c.sub   s1, s0
core   0: 3 0x8000aafa (0x8c81) x9  0x00000006
core   0: 0x8000aafc (0x016dd593) srli    a1, s11, 22
core   0: 3 0x8000aafc (0x016dd593) x11 0x00000200
core   0: 0x8000ab00 (0x00000001) c.nop
core   0: 3 0x8000ab00 (0x0001)
core   0: 0x8000ab02 (0x00009c16) c.add   s8, t0
core   0: 3 0x8000ab02 (0x9c16) x24 0x00007206
core   0: 0x8000ab04 (0x00008cb9) c.xor   s1, a4
core   0: 3 0x8000ab04 (0x8cb9) x9  0x00000006
core   0: 0x8000ab06 (0xd31f3613) sltiu   a2, t5, -719
core   0: 3 0x8000ab06 (0xd31f3613) x12 0x00000001
core   0: 0x8000ab0a (0x03d55733) divu    a4, a0, t4
core   0: 3 0x8000ab0a (0x03d55733) x14 0x00000000
core   0: 0x8000ab0e (0x0000e229) c.bnez  a2, pc + 66
core   0: 3 0x8000ab0e (0xe229)
core   0: 0x8000ab50 (0x033a8833) mul     a6, s5, s3
core   0: 3 0x8000ab50 (0x033a8833) x16 0xfedd5b7d
core   0: 0x8000ab54 (0x030fe033) rem     zero, t6, a6
core   0: 3 0x8000ab54 (0x030fe033)
core   0: 0x8000ab58 (0x0367d633) divu    a2, a5, s6
core   0: 3 0x8000ab58 (0x0367d633) x12 0x0000000a
core   0: 0x8000ab5c (0x00008d21) c.xor   a0, s0
core   0: 3 0x8000ab5c (0x8d21) x10 0x00014000
core   0: 0x8000ab5e (0x782cf613) andi    a2, s9, 1922
core   0: 3 0x8000ab5e (0x782cf613) x12 0x00000482
core   0: 0x8000ab62 (0x0216cf63) blt     a3, ra, pc + 62
core   0: 3 0x8000ab62 (0x0216cf63)
core   0: 0x8000aba0 (0x00349933) sll     s2, s1, gp
core   0: 3 0x8000aba0 (0x00349933) x18 0x00000006
core   0: 0x8000aba4 (0x2d198493) addi    s1, s3, 721
core   0: 3 0x8000aba4 (0x2d198493) x9  0xffffa250
core   0: 0x8000aba8 (0x00008ee1) c.and   a3, s0
core   0: 3 0x8000aba8 (0x8ee1) x13 0x00000000
core   0: 0x8000abaa (0x01cce2b3) or      t0, s9, t3
core   0: 3 0x8000abaa (0x01cce2b3) x5  0x80029da6
core   0: 0x8000abae (0x34007773) csrrci  a4, mscratch, 0
core   0: 3 0x8000abae (0x34007773) x14 0x0000001c
core   0: 0x8000abb2 (0x89873337) lui     t1, 0x89873
core   0: 3 0x8000abb2 (0x89873337) x6  0x89873000
core   0: 0x8000abb6 (0x00b05193) srli    gp, zero, 11
core   0: 3 0x8000abb6 (0x00b05193) x3  0x00000000
core   0: 0x8000abba (0x000080dd) c.srli  s1, 23
core   0: 3 0x8000abba (0x80dd) x9  0x000001ff
core   0: 0x8000abbc (0xfc868c93) addi    s9, a3, -56
core   0: 3 0x8000abbc (0xfc868c93) x25 0xffffffc8
core   0: 0x8000abc0 (0x00008232) c.mv    tp, a2
core   0: 3 0x8000abc0 (0x8232) x4  0x00000482
core   0: 0x8000abc2 (0x00000001) c.nop
core   0: 3 0x8000abc2 (0x0001)
core   0: 0x8000abc4 (0xd7357793) andi    a5, a0, -653
core   0: 3 0x8000abc4 (0xd7357793) x15 0x00014000
core   0: 0x8000abc8 (0x00000001) c.nop
core   0: 3 0x8000abc8 (0x0001)
core   0: 0x8000abca (0x97bda113) slti    sp, s11, -1669
core   0: 3 0x8000abca (0x97bda113) x2  0x00000001
core   0: 0x8000abce (0x34032673) csrrs   a2, mscratch, t1
core   0: 3 0x8000abce (0x34032673) x12 0x0000001c c832_mscratch 0x8987301c
core   0: 0x8000abd2 (0x416e8bb3) sub     s7, t4, s6
core   0: 3 0x8000abd2 (0x416e8bb3) x23 0x80025da3
core   0: 0x8000abd6 (0x03797933) remu    s2, s2, s7
core   0: 3 0x8000abd6 (0x03797933) x18 0x00000006
core   0: 0x8000abda (0x0ff0000f) fence   iorw,iorw
core   0: 3 0x8000abda (0x0ff0000f)
core   0: 0x8000abde (0x00000190) c.addi4spn a2, sp, 192
core   0: 3 0x8000abde (0x0190) x12 0x000000c1
core   0: 0x8000abe0 (0x03037f63) bgeu    t1, a6, pc + 62
core   0: 3 0x8000abe0 (0x03037f63)
core   0: 0x8000abe4 (0x00008e61) c.and   a2, s0
core   0: 3 0x8000abe4 (0x8e61) x12 0x00000000
core   0: 0x8000abe6 (0x41cc88b3) sub     a7, s9, t3
core   0: 3 0x8000abe6 (0x41cc88b3) x17 0x7ffd62a4
core   0: 0x8000abea (0x1cad0093) addi    ra, s10, 458
core   0: 3 0x8000abea (0x1cad0093) x1  0x000001cd
core   0: 0x8000abee (0x34003f73) csrrc   t5, mscratch, zero
core   0: 3 0x8000abee (0x34003f73) x30 0x8987301c
core   0: 0x8000abf2 (0x0007d133) srl     sp, a5, zero
core   0: 3 0x8000abf2 (0x0007d133) x2  0x00014000
core   0: 0x8000abf6 (0x00566a63) bltu    a2, t0, pc + 20
core   0: 3 0x8000abf6 (0x00566a63)
core   0: 0x8000ac0a (0x029fc5b3) div     a1, t6, s1
core   0: 3 0x8000ac0a (0x029fc5b3) x11 0x00000000
core   0: 0x8000ac0e (0x03497333) remu    t1, s2, s4
core   0: 3 0x8000ac0e (0x03497333) x6  0x00000006
core   0: 0x8000ac12 (0x03f148b3) div     a7, sp, t6
core   0: 3 0x8000ac12 (0x03f148b3) x17 0xffffffff
core   0: 0x8000ac16 (0x402083b3) sub     t2, ra, sp
core   0: 3 0x8000ac16 (0x402083b3) x7  0xfffec1cd
core   0: 0x8000ac1a (0x34007173) csrrci  sp, mscratch, 0
core   0: 3 0x8000ac1a (0x34007173) x2  0x8987301c
core   0: 0x8000ac1e (0x40148133) sub     sp, s1, ra
core   0: 3 0x8000ac1e (0x40148133) x2  0x00000032
core   0: 0x8000ac22 (0x0000717d) c.addi16sp sp, -16
core   0: 3 0x8000ac22 (0x717d) x2  0x00000022
core   0: 0x8000ac24 (0x01694663) blt     s2, s6, pc + 12
core   0: 3 0x8000ac24 (0x01694663)
core   0: 0x8000ac30 (0x00679f93) slli    t6, a5, 6
core   0: 3 0x8000ac30 (0x00679f93) x31 0x00500000
core   0: 0x8000ac34 (0x01ddf0b3) and     ra, s11, t4
core   0: 3 0x8000ac34 (0x01ddf0b3) x1  0x80025e20
core   0: 0x8000ac38 (0x01a91963) bne     s2, s10, pc + 18
core   0: 3 0x8000ac38 (0x01a91963)
core   0: 0x8000ac4a (0xa0017313) andi    t1, sp, -1536
core   0: 3 0x8000ac4a (0xa0017313) x6  0x00000000
core   0: 0x8000ac4e (0x0114b6b3) sltu    a3, s1, a7
core   0: 3 0x8000ac4e (0x0114b6b3) x13 0x00000001
core   0: 0x8000ac52 (0x004ea303) lw      t1, 4(t4)
core   0: 3 0x8000ac52 (0x004ea303) x6  0x8000b408 mem 0x80025e6c
core   0: 0x8000ac56 (0x00d11f33) sll     t5, sp, a3
core   0: 3 0x8000ac56 (0x00d11f33) x30 0x00000044
core   0: 0x8000ac5a (0x01069293) slli    t0, a3, 16
core   0: 3 0x8000ac5a (0x01069293) x5  0x00010000
core   0: 0x8000ac5e (0x003ac133) xor     sp, s5, gp
core   0: 3 0x8000ac5e (0x003ac133) x2  0x00000303
core   0: 0x8000ac62 (0x024e8e93) addi    t4, t4, 36
core   0: 3 0x8000ac62 (0x024e8e93) x29 0x80025e8c
core   0: 0x8000ac66 (0x030d08b3) mul     a7, s10, a6
core   0: 3 0x8000ac66 (0x030d08b3) x17 0xfc981277
core   0: 0x8000ac6a (0xe813e213) ori     tp, t2, -383
core   0: 3 0x8000ac6a (0xe813e213) x4  0xffffffcd
core   0: 0x8000ac6e (0x00130793) addi    a5, t1, 1
core   0: 3 0x8000ac6e (0x00130793) x15 0x8000b409
core   0: 0x8000ac72 (0x000787e7) jalr    a5, a5, 0
core   0: 3 0x8000ac72 (0x000787e7) x15 0x8000ac76
core   0: 0x8000b408 (0x00008d65) c.and   a0, s1
core   0: 3 0x8000b408 (0x8d65) x10 0x00000000
core   0: 0x8000b40a (0x0000557d) c.li    a0, -1
core   0: 3 0x8000b40a (0x557d) x10 0xffffffff
core   0: 0x8000b40c (0x0000717d) c.addi16sp sp, -16
core   0: 3 0x8000b40c (0x717d) x2  0x000002f3
core   0: 0x8000b40e (0x3319bc17) auipc   s8, 0x3319b
core   0: 3 0x8000b40e (0x3319bc17) x24 0xb31a640e
core   0: 0x8000b412 (0x01f18963) beq     gp, t6, pc + 18
core   0: 3 0x8000b412 (0x01f18963)
core   0: 0x8000b416 (0x75343993) sltiu   s3, s0, 1875
core   0: 3 0x8000b416 (0x75343993) x19 0x00000001
core   0: 0x8000b41a (0xba8bb313) sltiu   t1, s7, -1112
core   0: 3 0x8000b41a (0xba8bb313) x6  0x00000001
core   0: 0x8000b41e (0x00008989) c.andi  a1, 2
core   0: 3 0x8000b41e (0x8989) x11 0x00000000
core   0: 0x8000b420 (0x03f515b3) mulh    a1, a0, t6
core   0: 3 0x8000b420 (0x03f515b3) x11 0xffffffff
core   0: 0x8000b424 (0x901ff36f) jal     t1, pc - 0x700
core   0: 3 0x8000b424 (0x901ff36f) x6  0x8000b428
core   0: 0x8000ad24 (0x00009b7d) c.andi  a4, -1
core   0: 3 0x8000ad24 (0x9b7d) x14 0x0000001c
core   0: 0x8000ad26 (0x00d95663) bge     s2, a3, pc + 12
core   0: 3 0x8000ad26 (0x00d95663)
core   0: 0x8000ad32 (0xfc4e8e93) addi    t4, t4, -60
core   0: 3 0x8000ad32 (0xfc4e8e93) x29 0x80025e50
core   0: 0x8000ad36 (0x00004a49) c.li    s4, 18
core   0: 3 0x8000ad36 (0x4a49) x20 0x00000012
core   0: 0x8000ad38 (0x006ea223) sw      t1, 4(t4)
core   0: 3 0x8000ad38 (0x006ea223) mem 0x80025e54 0x8000b428
core   0: 0x8000ad3c (0x0ff0000f) fence   iorw,iorw
core   0: 3 0x8000ad3c (0x0ff0000f)
core   0: 0x8000ad40 (0x03ecc8b3) div     a7, s9, t5
core   0: 3 0x8000ad40 (0x03ecc8b3) x17 0x00000000
core   0: 0x8000ad44 (0x025f8233) mul     tp, t6, t0
core   0: 3 0x8000ad44 (0x025f8233) x4  0x00000000
core   0: 0x8000ad48 (0x03da1cb3) mulh    s9, s4, t4
core   0: 3 0x8000ad48 (0x03da1cb3) x25 0xfffffff7
core   0: 0x8000ad4c (0x00008115) c.srli  a0, 5
core   0: 3 0x8000ad4c (0x8115) x10 0x07ffffff
core   0: 0x8000ad4e (0x00008d4d) c.or    a0, a1
core   0: 3 0x8000ad4e (0x8d4d) x10 0xffffffff
core   0: 0x8000ad50 (0x00a22633) slt     a2, tp, a0
core   0: 3 0x8000ad50 (0x00a22633) x12 0x00000000
core   0: 0x8000ad54 (0x00008e05) c.sub   a2, s1
core   0: 3 0x8000ad54 (0x8e05) x12 0xfffffe01
core   0: 0x8000ad56 (0x00000497) auipc   s1, 0x0
core   0: 3 0x8000ad56 (0x00000497) x9  0x8000ad56
core   0: 0x8000ad5a (0xf2048493) addi    s1, s1, -224
core   0: 3 0x8000ad5a (0xf2048493) x9  0x8000ac76
core   0: 0x8000ad5e (0x018e16b3) sll     a3, t3, s8
core   0: 3 0x8000ad5e (0x018e16b3) x13 0xa7490000
core   0: 0x8000ad62 (0x00030133) add     sp, t1, zero
core   0: 3 0x8000ad62 (0x00030133) x2  0x8000b428
core   0: 0x8000ad66 (0x0000100f) fence.i
core   0: 3 0x8000ad66 (0x0000100f)
core   0: 0x8000ad6a (0xdae48493) addi    s1, s1, -594
core   0: 3 0x8000ad6a (0xdae48493) x9  0x8000aa24
core   0: 0x8000ad6e (0x40728333) sub     t1, t0, t2
core   0: 3 0x8000ad6e (0x40728333) x6  0x00023e33
core   0: 0x8000ad72 (0x25348367) jalr    t1, s1, 595
core   0: 3 0x8000ad72 (0x25348367) x6  0x8000ad76
core   0: 0x8000ac76 (0x00597263) bgeu    s2, t0, pc + 4
core   0: 3 0x8000ac76 (0x00597263)
core   0: 0x8000ac7a (0x00001ee1) c.addi  t4, -8
core   0: 3 0x8000ac7a (0x1ee1) x29 0x80025e48
core   0: 0x8000ac7c (0x000059fd) c.li    s3, -1
core   0: 3 0x8000ac7c (0x59fd) x19 0xffffffff
core   0: 0x8000ac7e (0x41400833) sub     a6, zero, s4
core   0: 3 0x8000ac7e (0x41400833) x16 0xffffffee
core   0: 0x8000ac82 (0x006ea223) sw      t1, 4(t4)
core   0: 3 0x8000ac82 (0x006ea223) mem 0x80025e4c 0x8000ad76
core   0: 0x8000ac86 (0x03c55133) divu    sp, a0, t3
core   0: 3 0x8000ac86 (0x03c55133) x2  0x00000001
core   0: 0x8000ac8a (0xa0587b17) auipc   s6, 0xa0587
core   0: 3 0x8000ac8a (0xa0587b17) x22 0x20591c8a
core   0: 0x8000ac8e (0x031e52b3) divu    t0, t3, a7
core   0: 3 0x8000ac8e (0x031e52b3) x5  0xffffffff
core   0: 0x8000ac92 (0x0000010c) c.addi4spn a1, sp, 128
core   0: 3 0x8000ac92 (0x010c) x11 0x00000081
core   0: 0x8000ac94 (0x34012873) csrrs   a6, mscratch, sp
core   0: 3 0x8000ac94 (0x34012873) x16 0x8987301c c832_mscratch 0x8987301d
core   0: 0x8000ac98 (0xfffff797) auipc   a5, 0xfffff
core   0: 3 0x8000ac98 (0xfffff797) x15 0x80009c98
core   0: 0x8000ac9c (0x77878793) addi    a5, a5, 1912
core   0: 3 0x8000ac9c (0x77878793) x15 0x8000a410
core   0: 0x8000aca0 (0x79a47d13) andi    s10, s0, 1946
core   0: 3 0x8000aca0 (0x79a47d13) x26 0x00000000
core   0: 0x8000aca4 (0x23c78793) addi    a5, a5, 572
core   0: 3 0x8000aca4 (0x23c78793) x15 0x8000a64c
core   0: 0x8000aca8 (0x00c3f863) bgeu    t2, a2, pc + 16
core   0: 3 0x8000aca8 (0x00c3f863)
core   0: 0x8000acac (0x00006571) c.lui   a0, 0x1c
core   0: 3 0x8000acac (0x6571) x10 0x0001c000
core   0: 0x8000acae (0x0000066d) c.addi  a2, 27
core   0: 3 0x8000acae (0x066d) x12 0xfffffe1c
core   0: 0x8000acb0 (0x033f85b3) mul     a1, t6, s3
core   0: 3 0x8000acb0 (0x033f85b3) x11 0xffb00000
core   0: 0x8000acb4 (0x00584cb3) xor     s9, a6, t0
core   0: 3 0x8000acb4 (0x00584cb3) x25 0x7678cfe3
core   0: 0x8000acb8 (0xdc478367) jalr    t1, a5, -572
core   0: 3 0x8000acb8 (0xdc478367) x6  0x8000acbc
core   0: 0x8000a410 (0xfd8e8e93) addi    t4, t4, -40
core   0: 3 0x8000a410 (0xfd8e8e93) x29 0x80025e20
core   0: 0x8000a414 (0x000099fd) c.andi  a1, -1
core   0: 3 0x8000a414 (0x99fd) x11 0xffb00000
core   0: 0x8000a416 (0x02ac0b33) mul     s6, s8, a0
core   0: 3 0x8000a416 (0x02ac0b33) x22 0x2f188000
core   0: 0x8000a41a (0x19cb4b13) xori    s6, s6, 412
core   0: 3 0x8000a41a (0x19cb4b13) x22 0x2f18819c
core   0: 0x8000a41e (0x00006509) c.lui   a0, 0x2
core   0: 3 0x8000a41e (0x6509) x10 0x00002000
core   0: 0x8000a420 (0x006ea223) sw      t1, 4(t4)
core   0: 3 0x8000a420 (0x006ea223) mem 0x80025e24 0x8000acbc
core   0: 0x8000a424 (0x340464f3) csrrsi  s1, mscratch, 8
core   0: 3 0x8000a424 (0x340464f3) x9  0x8987301d c832_mscratch 0x8987301d
core   0: 0x8000a428 (0x401a0633) sub     a2, s4, ra
core   0: 3 0x8000a428 (0x401a0633) x12 0x7ffda1f2
core   0: 0x8000a42c (0x002694b3) sll     s1, a3, sp
core   0: 3 0x8000a42c (0x002694b3) x9  0x4e920000
core   0: 0x8000a430 (0x00d5d4b3) srl     s1, a1, a3
core   0: 3 0x8000a430 (0x00d5d4b3) x9  0xffb00000
core   0: 0x8000a434 (0xf2ad6713) ori     a4, s10, -214
core   0: 3 0x8000a434 (0xf2ad6713) x14 0xffffff2a
core   0: 0x8000a438 (0x340060f3) csrrsi  ra, mscratch, 0
core   0: 3 0x8000a438 (0x340060f3) x1  0x8987301d
core   0: 0x8000a43c (0x00006089) c.lui   ra, 0x2
core   0: 3 0x8000a43c (0x6089) x1  0x00002000
core   0: 0x8000a43e (0x8d434913) xori    s2, t1, -1836
core   0: 3 0x8000a43e (0x8d434913) x18 0x7fff5468
core   0: 0x8000a442 (0x6050036f) jal     t1, pc + 0xe04
core   0: 3 0x8000a442 (0x6050036f) x6  0x8000a446
core   0: 0x8000b246 (0x340a3ff3) csrrc   t6, mscratch, s4
core   0: 3 0x8000b246 (0x340a3ff3) x31 0x8987301d c832_mscratch 0x8987300d
core   0: 0x8000b24a (0x000009e1) c.addi  s3, 24
core   0: 3 0x8000b24a (0x09e1) x19 0x00000017
core   0: 0x8000b24c (0x03ff5233) divu    tp, t5, t6
core   0: 3 0x8000b24c (0x03ff5233) x4  0x00000000
core   0: 0x8000b250 (0x00b28463) beq     t0, a1, pc + 8
core   0: 3 0x8000b250 (0x00b28463)
core   0: 0x8000b254 (0x41808cb3) sub     s9, ra, s8
core   0: 3 0x8000b254 (0x41808cb3) x25 0x4ce5bbf2
core   0: 0x8000b258 (0xfd8e8e93) addi    t4, t4, -40
core   0: 3 0x8000b258 (0xfd8e8e93) x29 0x80025df8
core   0: 0x8000b25c (0x006ea223) sw      t1, 4(t4)
core   0: 3 0x8000b25c (0x006ea223) mem 0x80025dfc 0x8000a446
core   0: 0x8000b260 (0x34007273) csrrci  tp, mscratch, 0
core   0: 3 0x8000b260 (0x34007273) x4  0x8987300d
core   0: 0x8000b264 (0x028d01b3) mul     gp, s10, s0
core   0: 3 0x8000b264 (0x028d01b3) x3  0x00000000
core   0: 0x8000b268 (0x340f2a73) csrrs   s4, mscratch, t5
core   0: 3 0x8000b268 (0x340f2a73) x20 0x8987300d c832_mscratch 0x8987304d
core   0: 0x8000b26c (0x02303633) mulhu   a2, zero, gp
core   0: 3 0x8000b26c (0x02303633) x12 0x00000000
core   0: 0x8000b270 (0x01fe1133) sll     sp, t3, t6
core   0: 3 0x8000b270 (0x01fe1133) x2  0x80000000
core   0: 0x8000b274 (0x21956b93) ori     s7, a0, 537
core   0: 3 0x8000b274 (0x21956b93) x23 0x00002219
core   0: 0x8000b278 (0x000082dd) c.srli  a3, 23
core   0: 3 0x8000b278 (0x82dd) x13 0x0000014e
core   0: 0x8000b27a (0x000085d5) c.srai  a1, 21
core   0: 3 0x8000b27a (0x85d5) x11 0xfffffffd
core   0: 0x8000b27c (0x02e3ecb3) rem     s9, t2, a4
core   0: 3 0x8000b27c (0x02e3ecb3) x25 0xffffff75
core   0: 0x8000b280 (0x010e4c33) xor     s8, t3, a6
core   0: 3 0x8000b280 (0x010e4c33) x24 0x0985ad38
core   0: 0x8000b284 (0x3d292593) slti    a1, s2, 978
core   0: 3 0x8000b284 (0x3d292593) x11 0x00000000
core   0: 0x8000b288 (0x00006109) c.addi16sp sp, 128
core   0: 3 0x8000b288 (0x6109) x2  0x80000080
core   0: 0x8000b28a (0x00008f7d) c.and   a4, a5
core   0: 3 0x8000b28a (0x8f7d) x14 0x8000a608
core   0: 0x8000b28c (0x037d90b3) mulh    ra, s11, s7
core   0: 3 0x8000b28c (0x037d90b3) x1  0xffffeef3
core   0: 0x8000b290 (0x03cc6033) rem     zero, s8, t3
core   0: 3 0x8000b290 (0x03cc6033)
core   0: 0x8000b294 (0x00296e63) bltu    s2, sp, pc + 28
core   0: 3 0x8000b294 (0x00296e63)
core   0: 0x8000b2b0 (0x037b5633) divu    a2, s6, s7
core   0: 3 0x8000b2b0 (0x037b5633) x12 0x00016196
core   0: 0x8000b2b4 (0x0000cd99) c.beqz  a1, pc + 30
core   0: 3 0x8000b2b4 (0xcd99)
core   0: 0x8000b2d2 (0x03de96b3) mulh    a3, t4, t4
core   0: 3 0x8000b2d2 (0x03de96b3) x13 0x3ffda20d
core   0: 0x8000b2d6 (0x8e4ae7b7) lui     a5, 0x8e4ae
core   0: 3 0x8000b2d6 (0x8e4ae7b7) x15 0x8e4ae000
core   0: 0x8000b2da (0x0372e163) bltu    t0, s7, pc + 34
core   0: 3 0x8000b2da (0x0372e163)
core   0: 0x8000b2de (0x00e89c13) slli    s8, a7, 14
core   0: 3 0x8000b2de (0x00e89c13) x24 0x00000000
core   0: 0x8000b2e2 (0x00000001) c.nop
core   0: 3 0x8000b2e2 (0x0001)
core   0: 0x8000b2e4 (0x000080cd) c.srli  s1, 19
core   0: 3 0x8000b2e4 (0x80cd) x9  0x00001ff6
core   0: 0x8000b2e6 (0x55738613) addi    a2, t2, 1367
core   0: 3 0x8000b2e6 (0x55738613) x12 0xfffec724
core   0: 0x8000b2ea (0x01b34b33) xor     s6, t1, s11
core   0: 3 0x8000b2ea (0x01b34b33) x22 0x0002fa66
core   0: 0x8000b2ee (0x00008dc9) c.or    a1, a0
core   0: 3 0x8000b2ee (0x8dc9) x11 0x00002000
core   0: 0x8000b2f0 (0x00005cfd) c.li    s9, -1
core   0: 3 0x8000b2f0 (0x5cfd) x25 0xffffffff
core   0: 0x8000b2f2 (0x409b8ab3) sub     s5, s7, s1
core   0: 3 0x8000b2f2 (0x409b8ab3) x21 0x00000223
core   0: 0x8000b2f6 (0x00000892) c.slli  a7, 4
core   0: 3 0x8000b2f6 (0x0892) x17 0x00000000
core   0: 0x8000b2f8 (0x34027d73) csrrci  s10, mscratch, 4
core   0: 3 0x8000b2f8 (0x34027d73) x26 0x8987304d c832_mscratch 0x89873049
core   0: 0x8000b2fc (0x00006fdd) c.lui   t6, 0x17
core   0: 3 0x8000b2fc (0x6fdd) x31 0x00017000
core   0: 0x8000b2fe (0x0000982e) c.add   a6, a1
core   0: 3 0x8000b2fe (0x982e) x16 0x8987501c
core   0: 0x8000b300 (0x000003de) c.slli  t2, 23
core   0: 3 0x8000b300 (0x03de) x7  0xe6800000
core   0: 0x8000b302 (0x003868b3) or      a7, a6, gp
core   0: 3 0x8000b302 (0x003868b3) x17 0x8987501c
core   0: 0x8000b306 (0x0000ca0d) c.beqz  a2, pc + 50
core   0: 3 0x8000b306 (0xca0d)
core   0: 0x8000b308 (0x02278633) mul     a2, a5, sp
core   0: 3 0x8000b308 (0x02278633) x12 0x25700000
core   0: 0x8000b30c (0x00009286) c.add   t0, ra
core   0: 3 0x8000b30c (0x9286) x5  0xffffeef2
core   0: 0x8000b30e (0x01ca7f33) and     t5, s4, t3
core   0: 3 0x8000b30e (0x01ca7f33) x30 0x80021004
core   0: 0x8000b312 (0xefa83b13) sltiu   s6, a6, -262
core   0: 3 0x8000b312 (0xefa83b13) x22 0x00000001
core   0: 0x8000b316 (0x3406b0f3) csrrc   ra, mscratch, a3
core   0: 3 0x8000b316 (0x3406b0f3) x1  0x89873049 c832_mscratch 0x80021040
core   0: 0x8000b31a (0x00185333) srl     t1, a6, ra
core   0: 3 0x8000b31a (0x00185333) x6  0x0044c3a8
core   0: 0x8000b31e (0x00000001) c.nop
core   0: 3 0x8000b31e (0x0001)
core   0: 0x8000b320 (0x340c7ff3) csrrci  t6, mscratch, 24
core   0: 3 0x8000b320 (0x340c7ff3) x31 0x80021040 c832_mscratch 0x80021040
core   0: 0x8000b324 (0x02a31f63) bne     t1, a0, pc + 62
core   0: 3 0x8000b324 (0x02a31f63)
core   0: 0x8000b362 (0x5fa64393) xori    t2, a2, 1530
core   0: 3 0x8000b362 (0x5fa64393) x7  0x257005fa
core   0: 0x8000b366 (0x107ce013) ori     zero, s9, 263
core   0: 3 0x8000b366 (0x107ce013)
core   0: 0x8000b36a (0x004ea303) lw      t1, 4(t4)
core   0: 3 0x8000b36a (0x004ea303) x6  0x8000a446 mem 0x80025dfc
core   0: 0x8000b36e (0x0000616d) c.addi16sp sp, 240
core   0: 3 0x8000b36e (0x616d) x2  0x80000170
core   0: 0x8000b370 (0x0124dfb3) srl     t6, s1, s2
core   0: 3 0x8000b370 (0x0124dfb3) x31 0x0000001f
core   0: 0x8000b374 (0x03d6ffb3) remu    t6, a3, t4
core   0: 3 0x8000b374 (0x03d6ffb3) x31 0x3ffda20d
core   0: 0x8000b378 (0x028e8e93) addi    t4, t4, 40
core   0: 3 0x8000b378 (0x028e8e93) x29 0x80025e20
core   0: 0x8000b37c (0x6c84e0b7) lui     ra, 0x6c84e
core   0: 3 0x8000b37c (0x6c84e0b7) x1  0x6c84e000
core   0: 0x8000b380 (0x99752193) slti    gp, a0, -1641
core   0: 3 0x8000b380 (0x99752193) x3  0x00000000
core   0: 0x8000b384 (0x3401d0f3) csrrwi  ra, mscratch, 3
core   0: 3 0x8000b384 (0x3401d0f3) x1  0x80021040 c832_mscratch 0x00000003
core   0: 0x8000b388 (0x00008531) c.srai  a0, 12
core   0: 3 0x8000b388 (0x8531) x10 0x00000002
core   0: 0x8000b38a (0x00130893) addi    a7, t1, 1
core   0: 3 0x8000b38a (0x00130893) x17 0x8000a447
core   0: 0x8000b38e (0x00009882) c.jalr  a7
core   0: 3 0x8000b38e (0x9882) x1  0x8000b390
core   0: 0x8000a446 (0x0000d117) auipc   sp, 0xd
core   0: 3 0x8000a446 (0x0000d117) x2  0x80017446
core   0: 0x8000a44a (0x34810113) addi    sp, sp, 840
core   0: 3 0x8000a44a (0x34810113) x2  0x8001778e
core   0: 0x8000a44e (0x8d314a83) lbu     s5, -1837(sp)
core   0: 3 0x8000a44e (0x8d314a83) x21 0x0000001a mem 0x80017061
core   0: 0x8000a452 (0xae114383) lbu     t2, -1311(sp)
core   0: 3 0x8000a452 (0xae114383) x7  0x00000024 mem 0x8001726f
core   0: 0x8000a456 (0xe2b12123) sw      a1, -478(sp)
core   0: 3 0x8000a456 (0xe2b12123) mem 0x800175b0 0x00002000
core   0: 0x8000a45a (0x3406d373) csrrwi  t1, mscratch, 13
core   0: 3 0x8000a45a (0x3406d373) x6  0x00000003 c832_mscratch 0x0000000d
core   0: 0x8000a45e (0xbb111323) sh      a7, -1114(sp)
core   0: 3 0x8000a45e (0xbb111323) mem 0x80017334 0xa447
core   0: 0x8000a462 (0x39a14983) lbu     s3, 922(sp)
core   0: 3 0x8000a462 (0x39a14983) x19 0x000000e3 mem 0x80017b28
core   0: 0x8000a466 (0xea03c513) xori    a0, t2, -352
core   0: 3 0x8000a466 (0xea03c513) x10 0xfffffe84
core   0: 0x8000a46a (0x02be4cb3) div     s9, t3, a1
core   0: 3 0x8000a46a (0x02be4cb3) x25 0xfffc0015
core   0: 0x8000a46e (0x5a415a03) lhu     s4, 1444(sp)
core   0: 3 0x8000a46e (0x5a415a03) x20 0x0000e8e9 mem 0x80017d32
core   0: 0x8000a472 (0x27114b83) lbu     s7, 625(sp)
core   0: 3 0x8000a472 (0x27114b83) x23 0x000000b4 mem 0x800179ff
core   0: 0x8000a476 (0x40345c13) srai    s8, s0, 3
core   0: 3 0x8000a476 (0x40345c13) x24 0x00000000
core   0: 0x8000a47a (0xac810503) lb      a0, -1336(sp)
core   0: 3 0x8000a47a (0xac810503) x10 0x0000000d mem 0x80017256
core   0: 0x8000a47e (0x41ccdb93) srai    s7, s9, 28
core   0: 3 0x8000a47e (0x41ccdb93) x23 0xffffffff
core   0: 0x8000a482 (0x00000001) c.nop
core   0: 3 0x8000a482 (0x0001)
core   0: 0x8000a484 (0x0170f0b3) and     ra, ra, s7
core   0: 3 0x8000a484 (0x0170f0b3) x1  0x8000b390
core   0: 0x8000a488 (0xfe3103a3) sb      gp, -25(sp)
core   0: 3 0x8000a488 (0xfe3103a3) mem 0x80017775 0x00
core   0: 0x8000a48c (0x34003373) csrrc   t1, mscratch, zero
core   0: 3 0x8000a48c (0x34003373) x6  0x0000000d
core   0: 0x8000a490 (0x00008fa9) c.xor   a5, a0
core   0: 3 0x8000a490 (0x8fa9) x15 0x8e4ae00d
core   0: 0x8000a492 (0xe9210283) lb      t0, -366(sp)
core   0: 3 0x8000a492 (0xe9210283) x5  0xffffffdb mem 0x80017620
core   0: 0x8000a496 (0x1d826a13) ori     s4, tp, 472
core   0: 3 0x8000a496 (0x1d826a13) x20 0x898731dd
core   0: 0x8000a49a (0x0384a533) mulhsu  a0, s1, s8
core   0: 3 0x8000a49a (0x0384a533) x10 0x00000000
core   0: 0x8000a49e (0x45514d03) lbu     s10, 1109(sp)
core   0: 3 0x8000a49e (0x45514d03) x26 0x00000098 mem 0x80017be3
core   0: 0x8000a4a2 (0x00008b4a) c.mv    s6, s2
core   0: 3 0x8000a4a2 (0x8b4a) x22 0x7fff5468
core   0: 0x8000a4a4 (0x014f4963) blt     t5, s4, pc + 18
core   0: 3 0x8000a4a4 (0x014f4963)
core   0: 0x8000a4b6 (0xb4e43313) sltiu   t1, s0, -1202
core   0: 3 0x8000a4b6 (0xb4e43313) x6  0x00000001
core   0: 0x8000a4ba (0x34006273) csrrsi  tp, mscratch, 0
core   0: 3 0x8000a4ba (0x34006273) x4  0x0000000d
core   0: 0x8000a4be (0x000081a1) c.srli  a1, 8
core   0: 3 0x8000a4be (0x81a1) x11 0x00000020
core   0: 0x8000a4c0 (0x00008a86) c.mv    s5, ra
core   0: 3 0x8000a4c0 (0x8a86) x21 0x8000b390
core   0: 0x8000a4c2 (0x34007af3) csrrci  s5, mscratch, 0
core   0: 3 0x8000a4c2 (0x34007af3) x21 0x0000000d
core   0: 0x8000a4c6 (0x34061d73) csrrw   s10, mscratch, a2
core   0: 3 0x8000a4c6 (0x34061d73) x26 0x0000000d c832_mscratch 0x25700000
core   0: 0x8000a4ca (0x03b14533) div     a0, sp, s11
core   0: 3 0x8000a4ca (0x03b14533) x10 0x00000001
core   0: 0x8000a4ce (0x00000f9d) c.addi  t6, 7
core   0: 3 0x8000a4ce (0x0f9d) x31 0x3ffda214
core   0: 0x8000a4d0 (0x012f42b3) xor     t0, t5, s2
core   0: 3 0x8000a4d0 (0x012f42b3) x5  0xfffd446c
core   0: 0x8000a4d4 (0x01685133) srl     sp, a6, s6
core   0: 3 0x8000a4d4 (0x01685133) x2  0x00898750
core   0: 0x8000a4d8 (0x00000001) c.nop
core   0: 3 0x8000a4d8 (0x0001)
core   0: 0x8000a4da (0x0000876e) c.mv    a4, s11
core   0: 3 0x8000a4da (0x876e) x14 0x80025e20
core   0: 0x8000a4dc (0x00008ffd) c.and   a5, a5
core   0: 3 0x8000a4dc (0x8ffd) x15 0x8e4ae00d
core   0: 0x8000a4de (0x011ed813) srli    a6, t4, 17
core   0: 3 0x8000a4de (0x011ed813) x16 0x00004001
core   0: 0x8000a4e2 (0x00008d89) c.sub   a1, a0
core   0: 3 0x8000a4e2 (0x8d89) x11 0x0000001f
core   0: 0x8000a4e4 (0x051fc163) blt     t6, a7, pc + 66
core   0: 3 0x8000a4e4 (0x051fc163)
core   0: 0x8000a4e8 (0x00db62b3) or      t0, s6, a3
core   0: 3 0x8000a4e8 (0x00db62b3) x5  0x7ffff66d
core   0: 0x8000a4ec (0x00c99633) sll     a2, s3, a2
core   0: 3 0x8000a4ec (0x00c99633) x12 0x000000e3
core   0: 0x8000a4f0 (0x03c8f4b3) remu    s1, a7, t3
core   0: 3 0x8000a4f0 (0x03c8f4b3) x9  0x8000a447
core   0: 0x8000a4f4 (0x009f7717) auipc   a4, 0x9f7
core   0: 3 0x8000a4f4 (0x009f7717) x14 0x80a014f4
core   0: 0x8000a4f8 (0x000046a9) c.li    a3, 10
core   0: 3 0x8000a4f8 (0x46a9) x13 0x0000000a
core   0: 0x8000a4fa (0x028f7bb3) remu    s7, t5, s0
core   0: 3 0x8000a4fa (0x028f7bb3) x23 0x80021004
core   0: 0x8000a4fe (0x0000191c) c.addi4spn a5, sp, 176
core   0: 3 0x8000a4fe (0x191c) x15 0x00898800
core   0: 0x8000a500 (0x34003673) csrrc   a2, mscratch, zero
core   0: 3 0x8000a500 (0x34003673) x12 0x25700000
core   0: 0x8000a504 (0x000060f9) c.lui   ra, 0x1e
core   0: 3 0x8000a504 (0x60f9) x1  0x0001e000
core   0: 0x8000a506 (0x0ff0000f) fence   iorw,iorw
core   0: 3 0x8000a506 (0x0ff0000f)
core   0: 0x8000a50a (0x00000001) c.nop
core   0: 3 0x8000a50a (0x0001)
core   0: 0x8000a50c (0x00007563) bgeu    zero, zero, pc + 10
core   0: 3 0x8000a50c (0x00007563)
core   0: 0x8000a516 (0x000083dd) c.srli  a5, 23
core   0: 3 0x8000a516 (0x83dd) x15 0x00000001
core   0: 0x8000a518 (0x00006ced) c.lui   s9, 0x1b
core   0: 3 0x8000a518 (0x6ced) x25 0x0001b000
core   0: 0x8000a51a (0x015d90b3) sll     ra, s11, s5
core   0: 3 0x8000a51a (0x015d90b3) x1  0x4bc40000
core   0: 0x8000a51e (0x3406ef73) csrrsi  t5, mscratch, 13
core   0: 3 0x8000a51e (0x3406ef73) x30 0x25700000 c832_mscratch 0x2570000d
core   0: 0x8000a522 (0x416ed493) srai    s1, t4, 22
core   0: 3 0x8000a522 (0x416ed493) x9  0xfffffe00
core   0: 0x8000a526 (0x00008ec1) c.or    a3, s0
core   0: 3 0x8000a526 (0x8ec1) x13 0x0000000a
core   0: 0x8000a528 (0x00008f9e) c.mv    t6, t2
core   0: 3 0x8000a528 (0x8f9e) x31 0x00000024
core   0: 0x8000a52a (0xb646cc93) xori    s9, a3, -1180
core   0: 3 0x8000a52a (0xb646cc93) x25 0xfffffb6e
core   0: 0x8000a52e (0x02a81a33) mulh    s4, a6, a0
core   0: 3 0x8000a52e (0x02a81a33) x20 0x00000000
core   0: 0x8000a532 (0x00004a71) c.li    s4, 28
core   0: 3 0x8000a532 (0x4a71) x20 0x0000001c
core   0: 0x8000a534 (0x41cb8633) sub     a2, s7, t3
core   0: 3 0x8000a534 (0x41cb8633) x12 0xffff72e0
core   0: 0x8000a538 (0x0ff0000f) fence   iorw,iorw
core   0: 3 0x8000a538 (0x0ff0000f)
core   0: 0x8000a53c (0x033b21b3) mulhsu  gp, s6, s3
core   0: 3 0x8000a53c (0x033b21b3) x3  0x00000071
core   0: 0x8000a540 (0x00004489) c.li    s1, 2
core   0: 3 0x8000a540 (0x4489) x9  0x00000002
core   0: 0x8000a542 (0x1573aa97) auipc   s5, 0x1573a
core   0: 3 0x8000a542 (0x1573aa97) x21 0x95744542
core   0: 0x8000a546 (0x02590a63) beq     s2, t0, pc + 52
core   0: 3 0x8000a546 (0x02590a63)
core   0: 0x8000a54a (0x340fe7f3) csrrsi  a5, mscratch, 31
core   0: 3 0x8000a54a (0x340fe7f3) x15 0x2570000d c832_mscratch 0x2570001f
core   0: 0x8000a54e (0x40e78d33) sub     s10, a5, a4
core   0: 3 0x8000a54e (0x40e78d33) x26 0xa4cfeb19
core   0: 0x8000a552 (0x05a55163) bge     a0, s10, pc + 66
core   0: 3 0x8000a552 (0x05a55163)
core   0: 0x8000a594 (0x340e5c73) csrrwi  s8, mscratch, 28
core   0: 3 0x8000a594 (0x340e5c73) x24 0x2570001f c832_mscratch 0x0000001c
core   0: 0x8000a598 (0x0220e0b3) rem     ra, ra, sp
core   0: 3 0x8000a598 (0x0220e0b3) x1  0x000478f0
core   0: 0x8000a59c (0x031a5a33) divu    s4, s4, a7
core   0: 3 0x8000a59c (0x031a5a33) x20 0x00000000
core   0: 0x8000a5a0 (0x0338dab3) divu    s5, a7, s3
core   0: 3 0x8000a5a0 (0x0338dab3) x21 0x00905af1
core   0: 0x8000a5a4 (0x04ddc763) blt     s11, a3, pc + 78
core   0: 3 0x8000a5a4 (0x04ddc763)
core   0: 0x8000a5f2 (0x00474333) xor     t1, a4, tp
core   0: 3 0x8000a5f2 (0x00474333) x6  0x80a014f9
core   0: 0x8000a5f6 (0x403d9ab7) lui     s5, 0x403d9
core   0: 3 0x8000a5f6 (0x403d9ab7) x21 0x403d9000
core   0: 0x8000a5fa (0x002d9a13) slli    s4, s11, 2
core   0: 3 0x8000a5fa (0x002d9a13) x20 0x00097880
core   0: 0x8000a5fe (0x026c5133) divu    sp, s8, t1
core   0: 3 0x8000a5fe (0x026c5133) x2  0x00000000
core   0: 0x8000a602 (0x00008395) c.srli  a5, 5
core   0: 3 0x8000a602 (0x8395) x15 0x012b8000
core   0: 0x8000a604 (0x00008775) c.srai  a4, 29
core   0: 3 0x8000a604 (0x8775) x14 0xfffffffc
core   0: 0x8000a606 (0x01ce4763) blt     t3, t3, pc + 14
core   0: 3 0x8000a606 (0x01ce4763)
core   0: 0x8000a60a (0x00b29db3) sll     s11, t0, a1
core   0: 3 0x8000a60a (0x00b29db3) x27 0x80000000
core   0: 0x8000a60e (0x00008fbd) c.xor   a5, a5
core   0: 3 0x8000a60e (0x8fbd) x15 0x00000000
core   0: 0x8000a610 (0x340fbd73) csrrc   s10, mscratch, t6
core   0: 3 0x8000a610 (0x340fbd73) x26 0x0000001c c832_mscratch 0x00000018
core   0: 0x8000a614 (0x33b26b13) ori     s6, tp, 827
core   0: 3 0x8000a614 (0x33b26b13) x22 0x0000033f
core   0: 0x8000a618 (0x0000100f) fence.i
core   0: 3 0x8000a618 (0x0000100f)
core   0: 0x8000a61c (0x0000587d) c.li    a6, -1
core   0: 3 0x8000a61c (0x587d) x16 0xffffffff
core   0: 0x8000a61e (0x0ff0000f) fence   iorw,iorw
core   0: 3 0x8000a61e (0x0ff0000f)
core   0: 0x8000a622 (0x00008d61) c.and   a0, s0
core   0: 3 0x8000a622 (0x8d61) x10 0x00000000
core   0: 0x8000a624 (0x038e9c33) mulh    s8, t4, s8
core   0: 3 0x8000a624 (0x038e9c33) x24 0xed485894
core   0: 0x8000a628 (0x34006673) csrrsi  a2, mscratch, 0
core   0: 3 0x8000a628 (0x34006673) x12 0x00000018
core   0: 0x8000a62c (0x018763b3) or      t2, a4, s8
core   0: 3 0x8000a62c (0x018763b3) x7  0xfffffffc
core   0: 0x8000a630 (0x01669193) slli    gp, a3, 22
core   0: 3 0x8000a630 (0x01669193) x3  0x02800000
core   0: 0x8000a634 (0x34006b73) csrrsi  s6, mscratch, 0
core   0: 3 0x8000a634 (0x34006b73) x22 0x00000018
core   0: 0x8000a638 (0xabf52513) slti    a0, a0, -1345
core   0: 3 0x8000a638 (0xabf52513) x10 0x00000000
core   0: 0x8000a63c (0x00008fea) c.mv    t6, s10
core   0: 3 0x8000a63c (0x8fea) x31 0x0000001c
core   0: 0x8000a63e (0x34015573) csrrwi  a0, mscratch, 2
core   0: 3 0x8000a63e (0x34015573) x10 0x00000018 c832_mscratch 0x00000002
core   0: 0x8000a642 (0x0ff0000f) fence   iorw,iorw
core   0: 3 0x8000a642 (0x0ff0000f)
core   0: 0x8000a646 (0xf6162993) slti    s3, a2, -159
core   0: 3 0x8000a646 (0xf6162993) x19 0x00000000
core   0: 0x8000a64a (0x7a854b93) xori    s7, a0, 1960
core   0: 3 0x8000a64a (0x7a854b93) x23 0x000007b0
core   0: 0x8000a64e (0x00008606) c.mv    a2, ra
core   0: 3 0x8000a64e (0x8606) x12 0x000478f0
core   0: 0x8000a650 (0x02fe6963) bltu    t3, a5, pc + 50
core   0: 3 0x8000a650 (0x02fe6963)
core   0: 0x8000a654 (0x0321a2b3) mulhsu  t0, gp, s2
core   0: 3 0x8000a654 (0x0321a2b3) x5  0x013ffe53
core   0: 0x8000a658 (0x0ff0000f) fence   iorw,iorw
core   0: 3 0x8000a658 (0x0ff0000f)
core   0: 0x8000a65c (0x003bc133) xor     sp, s7, gp
core   0: 3 0x8000a65c (0x003bc133) x2  0x028007b0
core   0: 0x8000a660 (0x000087ea) c.mv    a5, s10
core   0: 3 0x8000a660 (0x87ea) x15 0x0000001c
core   0: 0x8000a662 (0x011aa1b3) slt     gp, s5, a7
core   0: 3 0x8000a662 (0x011aa1b3) x3  0x00000000
core   0: 0x8000a666 (0x01491d33) sll     s10, s2, s4
core   0: 3 0x8000a666 (0x01491d33) x26 0x7fff5468
core   0: 0x8000a66a (0x0ff0000f) fence   iorw,iorw
core   0: 3 0x8000a66a (0x0ff0000f)
core   0: 0x8000a66e (0x03e6fc63) bgeu    a3, t5, pc + 56
core   0: 3 0x8000a66e (0x03e6fc63)
core   0: 0x8000a672 (0x00009afd) c.andi  a3, -1
core   0: 3 0x8000a672 (0x9afd) x13 0x0000000a
core   0: 0x8000a674 (0x00006155) c.addi16sp sp, 304
core   0: 3 0x8000a674 (0x6155) x2  0x028008e0
core   0: 0x8000a676 (0xbfb10613) addi    a2, sp, -1029
core   0: 3 0x8000a676 (0xbfb10613) x12 0x028004db
core   0: 0x8000a67a (0x03f94663) blt     s2, t6, pc + 44
core   0: 3 0x8000a67a (0x03f94663)
core   0: 0x8000a67e (0x34016ff3) csrrsi  t6, mscratch, 2
core   0: 3 0x8000a67e (0x34016ff3) x31 0x00000002 c832_mscratch 0x00000002
core   0: 0x8000a682 (0x01895893) srli    a7, s2, 24
core   0: 3 0x8000a682 (0x01895893) x17 0x0000007f
core   0: 0x8000a686 (0x0233ddb3) divu    s11, t2, gp
core   0: 3 0x8000a686 (0x0233ddb3) x27 0xffffffff
core   0: 0x8000a68a (0x010a7663) bgeu    s4, a6, pc + 12
core   0: 3 0x8000a68a (0x010a7663)
core   0: 0x8000a68e (0x02449db3) mulh    s11, s1, tp
core   0: 3 0x8000a68e (0x02449db3) x27 0x00000000
core   0: 0x8000a692 (0x406c5193) srai    gp, s8, 6
core   0: 3 0x8000a692 (0x406c5193) x3  0xffb52162
core   0: 0x8000a696 (0x0000100f) fence.i
core   0: 3 0x8000a696 (0x0000100f)
core   0: 0x8000a69a (0x5ff66597) auipc   a1, 0x5ff66
core   0: 3 0x8000a69a (0x5ff66597) x11 0xdff7069a
core   0: 0x8000a69e (0x00008d49) c.or    a0, a0
core   0: 3 0x8000a69e (0x8d49) x10 0x00000018
core   0: 0x8000a6a0 (0x00406ab3) or      s5, zero, tp
core   0: 3 0x8000a6a0 (0x00406ab3) x21 0x0000000d
core   0: 0x8000a6a4 (0x00008fcd) c.or    a5, a1
core   0: 3 0x8000a6a4 (0x8fcd) x15 0xdff7069e
core   0: 0x8000a6a6 (0x00621733) sll     a4, tp, t1
core   0: 3 0x8000a6a6 (0x00621733) x14 0x1a000000
core   0: 0x8000a6aa (0x02071cb3) mulh    s9, a4, zero
core   0: 3 0x8000a6aa (0x02071cb3) x25 0x00000000
core   0: 0x8000a6ae (0x004ea303) lw      t1, 4(t4)
core   0: 3 0x8000a6ae (0x004ea303) x6  0x8000acbc mem 0x80025e24
core   0: 0x8000a6b2 (0x00008fc5) c.or    a5, s1
core   0: 3 0x8000a6b2 (0x8fc5) x15 0xdff7069e
core   0: 0x8000a6b4 (0x02d0bdb3) mulhu   s11, ra, a3
core   0: 3 0x8000a6b4 (0x02d0bdb3) x27 0x00000000
core   0: 0x8000a6b8 (0x028e8e93) addi    t4, t4, 40
core   0: 3 0x8000a6b8 (0x028e8e93) x29 0x80025e48
core   0: 0x8000a6bc (0x024460b3) rem     ra, s0, tp
core   0: 3 0x8000a6bc (0x024460b3) x1  0x00000000
core   0: 0x8000a6c0 (0x34079273) csrrw   tp, mscratch, a5
core   0: 3 0x8000a6c0 (0x34079273) x4  0x00000002 c832_mscratch 0xdff7069e
core   0: 0x8000a6c4 (0x0000100f) fence.i
core   0: 3 0x8000a6c4 (0x0000100f)
core   0: 0x8000a6c8 (0x6618a293) slti    t0, a7, 1633
core   0: 3 0x8000a6c8 (0x6618a293) x5  0x00000001
core   0: 0x8000a6cc (0x663e4013) xori    zero, t3, 1635
core   0: 3 0x8000a6cc (0x663e4013)
core   0: 0x8000a6d0 (0x01a2bd33) sltu    s10, t0, s10
core   0: 3 0x8000a6d0 (0x01a2bd33) x26 0x00000001
core   0: 0x8000a6d4 (0x00030b13) mv      s6, t1
core   0: 3 0x8000a6d4 (0x00030b13) x22 0x8000acbc
core   0: 0x8000a6d8 (0x000b0b67) jalr    s6, s6, 0
core   0: 3 0x8000a6d8 (0x000b0b67) x22 0x8000a6dc
core   0: 0x8000acbc (0x340a1df3) csrrw   s11, mscratch, s4
core   0: 3 0x8000acbc (0x340a1df3) x27 0xdff7069e c832_mscratch 0x00097880
core   0: 0x8000acc0 (0x024e0463) beq     t3, tp, pc + 40
core   0: 3 0x8000acc0 (0x024e0463)
core   0: 0x8000acc4 (0x34003373) csrrc   t1, mscratch, zero
core   0: 3 0x8000acc4 (0x34003373) x6  0x00097880
core   0: 0x8000acc8 (0x00009f52) c.add   t5, s4
core   0: 3 0x8000acc8 (0x9f52) x30 0x25797880
core   0: 0x8000acca (0x01397c33) and     s8, s2, s3
core   0: 3 0x8000acca (0x01397c33) x24 0x00000000
core   0: 0x8000acce (0x0000e485) c.bnez  s1, pc + 40
core   0: 3 0x8000acce (0xe485)
core   0: 0x8000acf6 (0x000087e1) c.srai  a5, 24
core   0: 3 0x8000acf6 (0x87e1) x15 0xffffffdf
core   0: 0x8000acf8 (0x004ea303) lw      t1, 4(t4)
core   0: 3 0x8000acf8 (0x004ea303) x6  0x8000ad76 mem 0x80025e4c
core   0: 0x8000acfc (0x000002c5) c.addi  t0, 17
core   0: 3 0x8000acfc (0x02c5) x5  0x00000012
core   0: 0x8000acfe (0x8dea0393) addi    t2, s4, -1826
core   0: 3 0x8000acfe (0x8dea0393) x7  0x0009715e
core   0: 0x8000ad02 (0x01be3c33) sltu    s8, t3, s11
core   0: 3 0x8000ad02 (0x01be3c33) x24 0x00000001
core   0: 0x8000ad06 (0x01b91633) sll     a2, s2, s11
core   0: 3 0x8000ad06 (0x01b91633) x12 0x00000000
core   0: 0x8000ad0a (0x2490bb93) sltiu   s7, ra, 585
core   0: 3 0x8000ad0a (0x2490bb93) x23 0x00000001
core   0: 0x8000ad0e (0x00000001) c.nop
core   0: 3 0x8000ad0e (0x0001)
core   0: 0x8000ad10 (0x02c21933) mulh    s2, tp, a2
core   0: 3 0x8000ad10 (0x02c21933) x18 0x00000000
core   0: 0x8000ad14 (0x00008d99) c.sub   a1, a4
core   0: 3 0x8000ad14 (0x8d99) x11 0xc5f7069a
core   0: 0x8000ad16 (0x00000ea1) c.addi  t4, 8
core   0: 3 0x8000ad16 (0x0ea1) x29 0x80025e50
core   0: 0x8000ad18 (0x92c02597) auipc   a1, 0x92c02
core   0: 3 0x8000ad18 (0x92c02597) x11 0x12c0cd18
core   0: 0x8000ad1c (0x00008e05) c.sub   a2, s1
core   0: 3 0x8000ad1c (0x8e05) x12 0xfffffffe
core   0: 0x8000ad1e (0x00130793) addi    a5, t1, 1
core   0: 3 0x8000ad1e (0x00130793) x15 0x8000ad77
core   0: 0x8000ad22 (0x00009782) c.jalr  a5
core   0: 3 0x8000ad22 (0x9782) x1  0x8000ad24
core   0: 0x8000ad76 (0x00008239) c.srli  a2, 14
core   0: 3 0x8000ad76 (0x8239) x12 0x0003ffff
core   0: 0x8000ad78 (0x000015fd) c.addi  a1, -1
core   0: 3 0x8000ad78 (0x15fd) x11 0x12c0cd17
core   0: 0x8000ad7a (0x01cbd293) srli    t0, s7, 28
core   0: 3 0x8000ad7a (0x01cbd293) x5  0x00000000
core   0: 0x8000ad7e (0x40d48ab3) sub     s5, s1, a3
core   0: 3 0x8000ad7e (0x40d48ab3) x21 0xfffffff8
core   0: 0x8000ad82 (0x01971f63) bne     a4, s9, pc + 30
core   0: 3 0x8000ad82 (0x01971f63)
core   0: 0x8000ada0 (0x03f3e133) rem     sp, t2, t6
core   0: 3 0x8000ada0 (0x03f3e133) x2  0x00000000
core   0: 0x8000ada4 (0xc31efa93) andi    s5, t4, -975
core   0: 3 0x8000ada4 (0xc31efa93) x21 0x80025c10
core   0: 0x8000ada8 (0x00807c63) bgeu    zero, s0, pc + 24
core   0: 3 0x8000ada8 (0x00807c63)
core   0: 0x8000adc0 (0xa6367a13) andi    s4, a2, -1437
core   0: 3 0x8000adc0 (0xa6367a13) x20 0x0003fa63
core   0: 0x8000adc4 (0x03fcd3b3) divu    t2, s9, t6
core   0: 3 0x8000adc4 (0x03fcd3b3) x7  0x00000000
core   0: 0x8000adc8 (0x000089e6) c.mv    s3, s9
core   0: 3 0x8000adc8 (0x89e6) x19 0x00000000
core   0: 0x8000adca (0x01fd5763) bge     s10, t6, pc + 14
core   0: 3 0x8000adca (0x01fd5763)
core   0: 0x8000adce (0x006c6763) bltu    s8, t1, pc + 14
core   0: 3 0x8000adce (0x006c6763)
core   0: 0x8000addc (0x00008df1) c.and   a1, a2
core   0: 3 0x8000addc (0x8df1) x11 0x0000cd17
core   0: 0x8000adde (0x0000e619) c.bnez  a2, pc + 14
core   0: 3 0x8000adde (0xe619)
core   0: 0x8000adec (0x028d9db3) mulh    s11, s11, s0
core   0: 3 0x8000adec (0x028d9db3) x27 0x00000000
core   0: 0x8000adf0 (0x004ea303) lw      t1, 4(t4)
core   0: 3 0x8000adf0 (0x004ea303) x6  0x8000b428 mem 0x80025e54
core   0: 0x8000adf4 (0x00dcaa33) slt     s4, s9, a3
core   0: 3 0x8000adf4 (0x00dcaa33) x20 0x00000001
core   0: 0x8000adf8 (0x0000100f) fence.i
core   0: 3 0x8000adf8 (0x0000100f)
core   0: 0x8000adfc (0x0ff0000f) fence   iorw,iorw
core   0: 3 0x8000adfc (0x0ff0000f)
core   0: 0x8000ae00 (0x340693f3) csrrw   t2, mscratch, a3
core   0: 3 0x8000ae00 (0x340693f3) x7  0x00097880 c832_mscratch 0x0000000a
core   0: 0x8000ae04 (0x03ce8e93) addi    t4, t4, 60
core   0: 3 0x8000ae04 (0x03ce8e93) x29 0x80025e8c
core   0: 0x8000ae08 (0x01bf9133) sll     sp, t6, s11
core   0: 3 0x8000ae08 (0x01bf9133) x2  0x00000002
core   0: 0x8000ae0c (0x00130b93) addi    s7, t1, 1
core   0: 3 0x8000ae0c (0x00130b93) x23 0x8000b429
core   0: 0x8000ae10 (0x00008b82) c.jr    s7
core   0: 3 0x8000ae10 (0x8b82)
core   0: 0x8000b428 (0x00006a17) auipc   s4, 0x6
core   0: 3 0x8000b428 (0x00006a17) x20 0x80011428
core   0: 0x8000b42c (0x84ea0a13) addi    s4, s4, -1970
core   0: 3 0x8000b42c (0x84ea0a13) x20 0x80010c76
core   0: 0x8000b430 (0x2eca0023) sb      a2, 736(s4)
core   0: 3 0x8000b430 (0x2eca0023) mem 0x80010f56 0xff
core   0: 0x8000b434 (0x34002f73) csrr    t5, mscratch
core   0: 3 0x8000b434 (0x34002f73) x30 0x0000000a
core   0: 0x8000b438 (0xe2ca1623) sh      a2, -468(s4)
core   0: 3 0x8000b438 (0xe2ca1623) mem 0x80010aa2 0xffff
core   0: 0x8000b43c (0x178a0ba3) sb      s8, 375(s4)
core   0: 3 0x8000b43c (0x178a0ba3) mem 0x80010ded 0x01
core   0: 0x8000b440 (0x000083dd) c.srli  a5, 23
core   0: 3 0x8000b440 (0x83dd) x15 0x00000100
core   0: 0x8000b442 (0x054a5983) lhu     s3, 84(s4)
core   0: 3 0x8000b442 (0x054a5983) x19 0x00008000 mem 0x80010cca
core   0: 0x8000b446 (0x34006c73) csrrsi  s8, mscratch, 0
core   0: 3 0x8000b446 (0x34006c73) x24 0x0000000a
core   0: 0x8000b44a (0xa53a0fa3) sb      s3, -1441(s4)
core   0: 3 0x8000b44a (0xa53a0fa3) mem 0x800106d5 0x00
core   0: 0x8000b44e (0x846a4c83) lbu     s9, -1978(s4)
core   0: 3 0x8000b44e (0x846a4c83) x25 0x00000077 mem 0x800104bc
core   0: 0x8000b452 (0x384a0623) sb      tp, 908(s4)
core   0: 3 0x8000b452 (0x384a0623) mem 0x80011002 0x02
core   0: 0x8000b456 (0xd9ba4503) lbu     a0, -613(s4)
core   0: 3 0x8000b456 (0xd9ba4503) x10 0x000000ca mem 0x80010a11
core   0: 0x8000b45a (0x8e9a0683) lb      a3, -1815(s4)
core   0: 3 0x8000b45a (0x8e9a0683) x13 0x00000014 mem 0x8001055f
core   0: 0x8000b45e (0x0000100f) fence.i
core   0: 3 0x8000b45e (0x0000100f)
core   0: 0x8000b462 (0x6da60113) addi    sp, a2, 1754
core   0: 3 0x8000b462 (0x6da60113) x2  0x000406d9
core   0: 0x8000b466 (0xfd6a0aa3) sb      s6, -43(s4)
core   0: 3 0x8000b466 (0xfd6a0aa3) mem 0x80010c4b 0xdc
core   0: 0x8000b46a (0x01a29cb3) sll     s9, t0, s10
core   0: 3 0x8000b46a (0x01a29cb3) x25 0x00000000
core   0: 0x8000b46e (0x0e0a07a3) sb      zero, 239(s4)
core   0: 3 0x8000b46e (0x0e0a07a3) mem 0x80010d65 0x00
core   0: 0x8000b472 (0xc80a0ea3) sb      zero, -867(s4)
core   0: 3 0x8000b472 (0xc80a0ea3) mem 0x80010913 0x00
core   0: 0x8000b476 (0x34003ff3) csrrc   t6, mscratch, zero
core   0: 3 0x8000b476 (0x34003ff3) x31 0x0000000a
core   0: 0x8000b47a (0xbeba07a3) sb      a1, -1041(s4)
core   0: 3 0x8000b47a (0xbeba07a3) mem 0x80010865 0x17
core   0: 0x8000b47e (0x28da0fa3) sb      a3, 671(s4)
core   0: 3 0x8000b47e (0x28da0fa3) mem 0x80010f15 0x14
core   0: 0x8000b482 (0x0284b633) mulhu   a2, s1, s0
core   0: 3 0x8000b482 (0x0284b633) x12 0x00000000
core   0: 0x8000b486 (0xbcba0c23) sb      a1, -1064(s4)
core   0: 3 0x8000b486 (0xbcba0c23) mem 0x8001084e 0x17
core   0: 0x8000b48a (0xc0ba1b23) sh      a1, -1002(s4)
core   0: 3 0x8000b48a (0xc0ba1b23) mem 0x8001088c 0xcd17
core   0: 0x8000b48e (0xc0ca0103) lb      sp, -1012(s4)
core   0: 3 0x8000b48e (0xc0ca0103) x2  0x00000039 mem 0x80010882
core   0: 0x8000b492 (0x03bb8f33) mul     t5, s7, s11
core   0: 3 0x8000b492 (0x03bb8f33) x30 0x00000000
core   0: 0x8000b496 (0xbb1a4603) lbu     a2, -1103(s4)
core   0: 3 0x8000b496 (0xbb1a4603) x12 0x000000dc mem 0x80010827
core   0: 0x8000b49a (0x235a0483) lb      s1, 565(s4)
core   0: 3 0x8000b49a (0x235a0483) x9  0x00000060 mem 0x80010eab
core   0: 0x8000b49e (0x00963cb3) sltu    s9, a2, s1
core   0: 3 0x8000b49e (0x00963cb3) x25 0x00000000
core   0: 0x8000b4a2 (0x2d2a4d83) lbu     s11, 722(s4)
core   0: 3 0x8000b4a2 (0x2d2a4d83) x27 0x0000005b mem 0x80010f48
core   0: 0x8000b4a6 (0xd64fa037) lui     zero, 0xd64fa
core   0: 3 0x8000b4a6 (0xd64fa037)
core   0: 0x8000b4aa (0x007eafb3) slt     t6, t4, t2
core   0: 3 0x8000b4aa (0x007eafb3) x31 0x00000001
core   0: 0x8000b4ae (0x0000e919) c.bnez  a0, pc + 22
core   0: 3 0x8000b4ae (0xe919)
core   0: 0x8000b4c4 (0x00009afd) c.andi  a3, -1
core   0: 3 0x8000b4c4 (0x9afd) x13 0x00000014
core   0: 0x8000b4c6 (0x002b9d63) bne     s7, sp, pc + 26
core   0: 3 0x8000b4c6 (0x002b9d63)
core   0: 0x8000b4e0 (0x34002bf3) csrr    s7, mscratch
core   0: 3 0x8000b4e0 (0x34002bf3) x23 0x0000000a
core   0: 0x8000b4e4 (0x01e3b633) sltu    a2, t2, t5
core   0: 3 0x8000b4e4 (0x01e3b633) x12 0x00000000
core   0: 0x8000b4e8 (0x03276633) rem     a2, a4, s2
core   0: 3 0x8000b4e8 (0x03276633) x12 0x1a000000
core   0: 0x8000b4ec (0x027b9633) mulh    a2, s7, t2
core   0: 3 0x8000b4ec (0x027b9633) x12 0x00000000
core   0: 0x8000b4f0 (0x34045c73) csrrwi  s8, mscratch, 8
core   0: 3 0x8000b4f0 (0x34045c73) x24 0x0000000a c832_mscratch 0x00000008
core   0: 0x8000b4f4 (0x01190663) beq     s2, a7, pc + 12
core   0: 3 0x8000b4f4 (0x01190663)
core   0: 0x8000b4f8 (0x000000cd) c.addi  ra, 19
core   0: 3 0x8000b4f8 (0x00cd) x1  0x8000ad37
core   0: 0x8000b4fa (0x00000669) c.addi  a2, 26
core   0: 3 0x8000b4fa (0x0669) x12 0x0000001a
core   0: 0x8000b4fc (0x00008a4d) c.andi  a2, 19
core   0: 3 0x8000b4fc (0x8a4d) x12 0x00000012
core   0: 0x8000b4fe (0x00000001) c.nop
core   0: 3 0x8000b4fe (0x0001)
core   0: 0x8000b500 (0x00000875) c.addi  a6, 29
core   0: 3 0x8000b500 (0x0875) x16 0x0000001c
core   0: 0x8000b502 (0x02c30933) mul     s2, t1, a2
core   0: 3 0x8000b502 (0x02c30933) x18 0x000caad0
core   0: 0x8000b506 (0x340af5f3) csrrci  a1, mscratch, 21
core   0: 3 0x8000b506 (0x340af5f3) x11 0x00000008 c832_mscratch 0x00000008
core   0: 0x8000b50a (0x019616b3) sll     a3, a2, s9
core   0: 3 0x8000b50a (0x019616b3) x13 0x00000012
core   0: 0x8000b50e (0x00008cc9) c.or    s1, a0
core   0: 3 0x8000b50e (0x8cc9) x9  0x000000ea
core   0: 0x8000b510 (0x025a38b3) mulhu   a7, s4, t0
core   0: 3 0x8000b510 (0x025a38b3) x17 0x00000000
core   0: 0x8000b514 (0x00008e31) c.xor   a2, a2
core   0: 3 0x8000b514 (0x8e31) x12 0x00000000
core   0: 0x8000b516 (0x03049d33) mulh    s10, s1, a6
core   0: 3 0x8000b516 (0x03049d33) x26 0x00000000
core   0: 0x8000b51a (0x00525db3) srl     s11, tp, t0
core   0: 3 0x8000b51a (0x00525db3) x27 0x00000002
core   0: 0x8000b51e (0xe1882f13) slti    t5, a6, -488
core   0: 3 0x8000b51e (0xe1882f13) x30 0x00000000
core   0: 0x8000b522 (0x3405fff3) csrrci  t6, mscratch, 11
core   0: 3 0x8000b522 (0x3405fff3) x31 0x00000008 c832_mscratch 0x00000000
core   0: 0x8000b526 (0x0000100f) fence.i
core   0: 3 0x8000b526 (0x0000100f)
core   0: 0x8000b52a (0x00259ab3) sll     s5, a1, sp
core   0: 3 0x8000b52a (0x00259ab3) x21 0x10000000
core   0: 0x8000b52e (0x98cab393) sltiu   t2, s5, -1652
core   0: 3 0x8000b52e (0x98cab393) x7  0x00000001
core   0: 0x8000b532 (0x027d3f33) mulhu   t5, s10, t2
core   0: 3 0x8000b532 (0x027d3f33) x30 0x00000000
core   0: 0x8000b536 (0x512f4c13) xori    s8, t5, 1298
core   0: 3 0x8000b536 (0x512f4c13) x24 0x00000512
core   0: 0x8000b53a (0x00009ff2) c.add   t6, t3
core   0: 3 0x8000b53a (0x9ff2) x31 0x80029d2c
core   0: 0x8000b53c (0x00d5b4b3) sltu    s1, a1, a3
core   0: 3 0x8000b53c (0x00d5b4b3) x9  0x00000001
core   0: 0x8000b540 (0x00008229) c.srli  a2, 10
core   0: 3 0x8000b540 (0x8229) x12 0x00000000
core   0: 0x8000b542 (0x02fd47b3) div     a5, s10, a5
core   0: 3 0x8000b542 (0x02fd47b3) x15 0x00000000
core   0: 0x8000b546 (0x0566f363) bgeu    a3, s6, pc + 70
core   0: 3 0x8000b546 (0x0566f363)
core   0: 0x8000b54a (0x00008595) c.srai  a1, 5
core   0: 3 0x8000b54a (0x8595) x11 0x00000000
core   0: 0x8000b54c (0x2c528513) addi    a0, t0, 709
core   0: 3 0x8000b54c (0x2c528513) x10 0x000002c5
core   0: 0x8000b550 (0x03dd6bb3) rem     s7, s10, t4
core   0: 3 0x8000b550 (0x03dd6bb3) x23 0x00000000
core   0: 0x8000b554 (0x00774363) blt     a4, t2, pc + 6
core   0: 3 0x8000b554 (0x00774363)
core   0: 0x8000b558 (0x00009cd6) c.add   s9, s5
core   0: 3 0x8000b558 (0x9cd6) x25 0x10000000
core   0: 0x8000b55a (0x0ff0000f) fence   iorw,iorw
core   0: 3 0x8000b55a (0x0ff0000f)
core   0: 0x8000b55e (0x80d94013) xori    zero, s2, -2035
core   0: 3 0x8000b55e (0x80d94013)
core   0: 0x8000b562 (0x00008d09) c.sub   a0, a0
core   0: 3 0x8000b562 (0x8d09) x10 0x00000000
core   0: 0x8000b564 (0x031861b3) rem     gp, a6, a7
core   0: 3 0x8000b564 (0x031861b3) x3  0x0000001c
core   0: 0x8000b568 (0xe860a893) slti    a7, ra, -378
core   0: 3 0x8000b568 (0xe860a893) x17 0x00000001
core   0: 0x8000b56c (0x019ab133) sltu    sp, s5, s9
core   0: 3 0x8000b56c (0x019ab133) x2  0x00000000
core   0: 0x8000b570 (0x00d704b3) add     s1, a4, a3
core   0: 3 0x8000b570 (0x00d704b3) x9  0x1a000012
core   0: 0x8000b574 (0x000066ed) c.lui   a3, 0x1b
core   0: 3 0x8000b574 (0x66ed) x13 0x0001b000
core   0: 0x8000b576 (0x0000c505) c.beqz  a0, pc + 40
core   0: 3 0x8000b576 (0xc505)
core   0: 0x8000b59e (0x340a92f3) csrrw   t0, mscratch, s5
core   0: 3 0x8000b59e (0x340a92f3) x5  0x00000000 c832_mscratch 0x10000000
core   0: 0x8000b5a2 (0x0000012e) c.slli  sp, 11
core   0: 3 0x8000b5a2 (0x012e) x2  0x00000000
core   0: 0x8000b5a4 (0x35fdf113) andi    sp, s11, 863
core   0: 3 0x8000b5a4 (0x35fdf113) x2  0x00000002
core   0: 0x8000b5a8 (0x34002773) csrr    a4, mscratch
core   0: 3 0x8000b5a8 (0x34002773) x14 0x10000000
core   0: 0x8000b5ac (0x0000100f) fence.i
core   0: 3 0x8000b5ac (0x0000100f)
core   0: 0x8000b5b0 (0x34013373) csrrc   t1, mscratch, sp
core   0: 3 0x8000b5b0 (0x34013373) x6  0x10000000 c832_mscratch 0x10000000
core   0: 0x8000b5b4 (0xdabac737) lui     a4, 0xdabac
core   0: 3 0x8000b5b4 (0xdabac737) x14 0xdabac000
core   0: 0x8000b5b8 (0x0334ccb3) div     s9, s1, s3
core   0: 3 0x8000b5b8 (0x0334ccb3) x25 0x00003400
core   0: 0x8000b5bc (0x0000ee85) c.bnez  a3, pc + 56
core   0: 3 0x8000b5bc (0xee85)
core   0: 0x8000b5f4 (0x02869c63) bne     a3, s0, pc + 56
core   0: 3 0x8000b5f4 (0x02869c63)
core   0: 0x8000b62c (0x00008e01) c.sub   a2, s0
core   0: 3 0x8000b62c (0x8e01) x12 0x00000000
core   0: 0x8000b62e (0x038c5c33) divu    s8, s8, s8
core   0: 3 0x8000b62e (0x038c5c33) x24 0x00000001
core   0: 0x8000b632 (0x01c94e63) blt     s2, t3, pc + 28
core   0: 3 0x8000b632 (0x01c94e63)
core   0: 0x8000b636 (0x01c5d093) srli    ra, a1, 28
core   0: 3 0x8000b636 (0x01c5d093) x1  0x00000000
core   0: 0x8000b63a (0x00f2fb33) and     s6, t0, a5
core   0: 3 0x8000b63a (0x00f2fb33) x22 0x00000000
core   0: 0x8000b63e (0x02a95663) bge     s2, a0, pc + 44
core   0: 3 0x8000b63e (0x02a95663)
core   0: 0x8000b66a (0x00ca79b3) and     s3, s4, a2
core   0: 3 0x8000b66a (0x00ca79b3) x19 0x00000000
core   0: 0x8000b66e (0xeab9eb13) ori     s6, s3, -341
core   0: 3 0x8000b66e (0xeab9eb13) x22 0xfffffeab
core   0: 0x8000b672 (0x34002973) csrr    s2, mscratch
core   0: 3 0x8000b672 (0x34002973) x18 0x10000000
core   0: 0x8000b676 (0xf9cdc6b7) lui     a3, 0xf9cdc
core   0: 3 0x8000b676 (0xf9cdc6b7) x13 0xf9cdc000
core   0: 0x8000b67a (0x00000001) c.nop
core   0: 3 0x8000b67a (0x0001)
core   0: 0x8000b67c (0x00008e65) c.and   a2, s1
core   0: 3 0x8000b67c (0x8e65) x12 0x00000000
core   0: 0x8000b67e (0x00000001) c.nop
core   0: 3 0x8000b67e (0x0001)
core   0: 0x8000b680 (0x02768333) mul     t1, a3, t2
core   0: 3 0x8000b680 (0x02768333) x6  0xf9cdc000
core   0: 0x8000b684 (0x00008e35) c.xor   a2, a3
core   0: 3 0x8000b684 (0x8e35) x12 0xf9cdc000
core   0: 0x8000b686 (0x00782833) slt     a6, a6, t2
core   0: 3 0x8000b686 (0x00782833) x16 0x00000000
core   0: 0x8000b68a (0x00000d0c) c.addi4spn a1, sp, 656
core   0: 3 0x8000b68a (0x0d0c) x11 0x00000292
core   0: 0x8000b68c (0x3d028493) addi    s1, t0, 976
core   0: 3 0x8000b68c (0x3d028493) x9  0x000003d0
core   0: 0x8000b690 (0x26fbff13) andi    t5, s7, 623
core   0: 3 0x8000b690 (0x26fbff13) x30 0x00000000
core   0: 0x8000b694 (0x0323b033) mulhu   zero, t2, s2
core   0: 3 0x8000b694 (0x0323b033)
core   0: 0x8000b698 (0x3ddccf13) xori    t5, s9, 989
core   0: 3 0x8000b698 (0x3ddccf13) x30 0x000037dd
core   0: 0x8000b69c (0x011a7033) and     zero, s4, a7
core   0: 3 0x8000b69c (0x011a7033)
core   0: 0x8000b6a0 (0x004ea303) lw      t1, 4(t4)
core   0: 3 0x8000b6a0 (0x004ea303) x6  0x8000b14a mem 0x80025e90
core   0: 0x8000b6a4 (0x01e69213) slli    tp, a3, 30
core   0: 3 0x8000b6a4 (0x01e69213) x4  0x00000000
core   0: 0x8000b6a8 (0x031342b3) div     t0, t1, a7
core   0: 3 0x8000b6a8 (0x031342b3) x5  0x8000b14a
core   0: 0x8000b6ac (0x34007673) csrrci  a2, mscratch, 0
core   0: 3 0x8000b6ac (0x34007673) x12 0x10000000
core   0: 0x8000b6b0 (0x00000ea1) c.addi  t4, 8
core   0: 3 0x8000b6b0 (0x0ea1) x29 0x80025e94
core   0: 0x8000b6b2 (0x00eaf2b3) and     t0, s5, a4
core   0: 3 0x8000b6b2 (0x00eaf2b3) x5  0x10000000
core   0: 0x8000b6b6 (0x00130213) addi    tp, t1, 1
core   0: 3 0x8000b6b6 (0x00130213) x4  0x8000b14b
core   0: 0x8000b6ba (0x00020267) jalr    tp, tp, 0
core   0: 3 0x8000b6ba (0x00020267) x4  0x8000b6be
core   0: 0x8000b14a (0x41985f33) sra     t5, a6, s9
core   0: 3 0x8000b14a (0x41985f33) x30 0x00000000
core   0: 0x8000b14e (0x0081b8b3) sltu    a7, gp, s0
core   0: 3 0x8000b14e (0x0081b8b3) x17 0x00000000
core   0: 0x8000b152 (0x00000aea) c.slli  s5, 26
core   0: 3 0x8000b152 (0x0aea) x21 0x00000000
core   0: 0x8000b154 (0x01ea26b3) slt     a3, s4, t5
core   0: 3 0x8000b154 (0x01ea26b3) x13 0x00000001
core   0: 0x8000b158 (0x40ed56b3) sra     a3, s10, a4
core   0: 3 0x8000b158 (0x40ed56b3) x13 0x00000000
core   0: 0x8000b15c (0x00006535) c.lui   a0, 0xd
core   0: 3 0x8000b15c (0x6535) x10 0x0000d000
core   0: 0x8000b15e (0x00009b7d) c.andi  a4, -1
core   0: 3 0x8000b15e (0x9b7d) x14 0xdabac000
core   0: 0x8000b160 (0x000085dd) c.srai  a1, 23
core   0: 3 0x8000b160 (0x85dd) x11 0x00000000
core   0: 0x8000b162 (0x00941863) bne     s0, s1, pc + 16
core   0: 3 0x8000b162 (0x00941863)
core   0: 0x8000b172 (0x0000ef85) c.bnez  a5, pc + 56
core   0: 3 0x8000b172 (0xef85)
core   0: 0x8000b174 (0xe250c693) xori    a3, ra, -475
core   0: 3 0x8000b174 (0xe250c693) x13 0xfffffe25
core   0: 0x8000b178 (0x016f9863) bne     t6, s6, pc + 16
core   0: 3 0x8000b178 (0x016f9863)
core   0: 0x8000b188 (0x00009156) c.add   sp, s5
core   0: 3 0x8000b188 (0x9156) x2  0x00000002
core   0: 0x8000b18a (0x340f94f3) csrrw   s1, mscratch, t6
core   0: 3 0x8000b18a (0x340f94f3) x9  0x10000000 c832_mscratch 0x80029d2c
core   0: 0x8000b18e (0x0000991a) c.add   s2, t1
core   0: 3 0x8000b18e (0x991a) x18 0x9000b14a
core   0: 0x8000b190 (0x00006321) c.lui   t1, 0x8
core   0: 3 0x8000b190 (0x6321) x6  0x00008000
core   0: 0x8000b192 (0xfc73b893) sltiu   a7, t2, -57
core   0: 3 0x8000b192 (0xfc73b893) x17 0x00000001
core   0: 0x8000b196 (0x0ff0000f) fence   iorw,iorw
core   0: 3 0x8000b196 (0x0ff0000f)
core   0: 0x8000b19a (0xf8f90137) lui     sp, 0xf8f90
core   0: 3 0x8000b19a (0xf8f90137) x2  0xf8f90000
core   0: 0x8000b19e (0x00004349) c.li    t1, 18
core   0: 3 0x8000b19e (0x4349) x6  0x00000012
core   0: 0x8000b1a0 (0x00008d4d) c.or    a0, a1
core   0: 3 0x8000b1a0 (0x8d4d) x10 0x0000d000
core   0: 0x8000b1a2 (0x340ca973) csrrs   s2, mscratch, s9
core   0: 3 0x8000b1a2 (0x340ca973) x18 0x80029d2c c832_mscratch 0x8002bd2c
core   0: 0x8000b1a6 (0x405501b3) sub     gp, a0, t0
core   0: 3 0x8000b1a6 (0x405501b3) x3  0xf000d000
core   0: 0x8000b1aa (0x034c1f63) bne     s8, s4, pc + 62
core   0: 3 0x8000b1aa (0x034c1f63)
core   0: 0x8000b1e8 (0x00000001) c.nop
core   0: 3 0x8000b1e8 (0x0001)
core   0: 0x8000b1ea (0x00008f2d) c.xor   a4, a1
core   0: 3 0x8000b1ea (0x8f2d) x14 0xdabac000
core   0: 0x8000b1ec (0x01ccdd13) srli    s10, s9, 28
core   0: 3 0x8000b1ec (0x01ccdd13) x26 0x00000000
core   0: 0x8000b1f0 (0x038d7db3) remu    s11, s10, s8
core   0: 3 0x8000b1f0 (0x038d7db3) x27 0x00000000
core   0: 0x8000b1f4 (0x4074d0b3) sra     ra, s1, t2
core   0: 3 0x8000b1f4 (0x4074d0b3) x1  0x08000000
core   0: 0x8000b1f8 (0x02adda33) divu    s4, s11, a0
core   0: 3 0x8000b1f8 (0x02adda33) x20 0x00000000
core   0: 0x8000b1fc (0x00006129) c.addi16sp sp, 192
core   0: 3 0x8000b1fc (0x6129) x2  0xf8f900c0
core   0: 0x8000b1fe (0x00008fd1) c.or    a5, a2
core   0: 3 0x8000b1fe (0x8fd1) x15 0x10000000
core   0: 0x8000b200 (0x340b56f3) csrrwi  a3, mscratch, 22
core   0: 3 0x8000b200 (0x340b56f3) x13 0x8002bd2c c832_mscratch 0x00000016
core   0: 0x8000b204 (0x41895533) sra     a0, s2, s8
core   0: 3 0x8000b204 (0x41895533) x10 0xc0014e96
core   0: 0x8000b208 (0x01d77933) and     s2, a4, t4
core   0: 3 0x8000b208 (0x01d77933) x18 0x80024000
core   0: 0x8000b20c (0x0000c899) c.beqz  s1, pc + 22
core   0: 3 0x8000b20c (0xc899)
core   0: 0x8000b20e (0x00000f10) c.addi4spn a2, sp, 912
core   0: 3 0x8000b20e (0x0f10) x12 0xf8f90450
core   0: 0x8000b210 (0x00000001) c.nop
core   0: 3 0x8000b210 (0x0001)
core   0: 0x8000b212 (0x000069ed) c.lui   s3, 0x1b
core   0: 3 0x8000b212 (0x69ed) x19 0x0001b000
core   0: 0x8000b214 (0x0000859a) c.mv    a1, t1
core   0: 3 0x8000b214 (0x859a) x11 0x00000012
core   0: 0x8000b216 (0x02ab9033) mulh    zero, s7, a0
core   0: 3 0x8000b216 (0x02ab9033)
core   0: 0x8000b21a (0x005777b3) and     a5, a4, t0
core   0: 3 0x8000b21a (0x005777b3) x15 0x10000000
core   0: 0x8000b21e (0x01b31263) bne     t1, s11, pc + 4
core   0: 3 0x8000b21e (0x01b31263)
core   0: 0x8000b222 (0x021eef33) rem     t5, t4, ra
core   0: 3 0x8000b222 (0x021eef33) x30 0xf8025e94
core   0: 0x8000b226 (0x0ff0000f) fence   iorw,iorw
core   0: 3 0x8000b226 (0x0ff0000f)
core   0: 0x8000b22a (0x0247bcb3) mulhu   s9, a5, tp
core   0: 3 0x8000b22a (0x0247bcb3) x25 0x08000b6b
core   0: 0x8000b22e (0x004ea303) lw      t1, 4(t4)
core   0: 3 0x8000b22e (0x004ea303) x6  0x80007508 mem 0x80025e98
core   0: 0x8000b232 (0x00000ec1) c.addi  t4, 16
core   0: 3 0x8000b232 (0x0ec1) x29 0x80025ea4
core   0: 0x8000b234 (0x001901b3) add     gp, s2, ra
core   0: 3 0x8000b234 (0x001901b3) x3  0x88024000
core   0: 0x8000b238 (0x00008d99) c.sub   a1, a4
core   0: 3 0x8000b238 (0x8d99) x11 0x25454012
core   0: 0x8000b23a (0x844804b7) lui     s1, 0x84480
core   0: 3 0x8000b23a (0x844804b7) x9  0x84480000
core   0: 0x8000b23e (0x00130a13) addi    s4, t1, 1
core   0: 3 0x8000b23e (0x00130a13) x20 0x80007509
core   0: 0x8000b242 (0x000a0a67) jalr    s4, s4, 0
core   0: 3 0x8000b242 (0x000a0a67) x20 0x8000b246
core   0: 0x80007508 (0x001a56b3) srl     a3, s4, ra
core   0: 3 0x80007508 (0x001a56b3) x13 0x8000b246
core   0: 0x8000750c (0x3405f073) csrci   mscratch, 11
core   0: 3 0x8000750c (0x3405f073) c832_mscratch 0x00000014
core   0: 0x80007510 (0x0163cb63) blt     t2, s6, pc + 22
core   0: 3 0x80007510 (0x0163cb63)
core   0: 0x80007514 (0x027184b3) mul     s1, gp, t2
core   0: 3 0x80007514 (0x027184b3) x9  0x88024000
core   0: 0x80007518 (0x02eacd33) div     s10, s5, a4
core   0: 3 0x80007518 (0x02eacd33) x26 0x00000000
core   0: 0x8000751c (0x340d78f3) csrrci  a7, mscratch, 26
core   0: 3 0x8000751c (0x340d78f3) x17 0x00000014 c832_mscratch 0x00000004
core   0: 0x80007520 (0x01a3c033) xor     zero, t2, s10
core   0: 3 0x80007520 (0x01a3c033)
core   0: 0x80007524 (0x00008d51) c.or    a0, a2
core   0: 3 0x80007524 (0x8d51) x10 0xf8f94ed6
core   0: 0x80007526 (0x03552933) mulhsu  s2, a0, s5
core   0: 3 0x80007526 (0x03552933) x18 0x00000000
core   0: 0x8000752a (0x6be75b97) auipc   s7, 0x6be75
core   0: 3 0x8000752a (0x6be75b97) x23 0xebe7c52a
core   0: 0x8000752e (0xcd69fc13) andi    s8, s3, -810
core   0: 3 0x8000752e (0xcd69fc13) x24 0x0001b000
core   0: 0x80007532 (0x00008fc9) c.or    a5, a0
core   0: 3 0x80007532 (0x8fc9) x15 0xf8f94ed6
core   0: 0x80007534 (0x340f1773) csrrw   a4, mscratch, t5
core   0: 3 0x80007534 (0x340f1773) x14 0x00000004 c832_mscratch 0xf8025e94
core   0: 0x80007538 (0x34007073) csrci   mscratch, 0
core   0: 3 0x80007538 (0x34007073)
core   0: 0x8000753c (0x000083a5) c.srli  a5, 9
core   0: 3 0x8000753c (0x83a5) x15 0x007c7ca7
core   0: 0x8000753e (0x00876fb3) or      t6, a4, s0
core   0: 3 0x8000753e (0x00876fb3) x31 0x00000004
core   0: 0x80007542 (0x011b5bb3) srl     s7, s6, a7
core   0: 3 0x80007542 (0x011b5bb3) x23 0x00000fff
core   0: 0x80007546 (0x03e34763) blt     t1, t5, pc + 46
core   0: 3 0x80007546 (0x03e34763)
core   0: 0x80007574 (0x0000100f) fence.i
core   0: 3 0x80007574 (0x0000100f)
core   0: 0x80007578 (0x0157dc13) srli    s8, a5, 21
core   0: 3 0x80007578 (0x0157dc13) x24 0x00000003
core   0: 0x8000757c (0xcce02493) slti    s1, zero, -818
core   0: 3 0x8000757c (0xcce02493) x9  0x00000000
core   0: 0x80007580 (0x0333ca33) div     s4, t2, s3
core   0: 3 0x80007580 (0x0333ca33) x20 0x00000000
core   0: 0x80007584 (0x00009646) c.add   a2, a7
core   0: 3 0x80007584 (0x9646) x12 0xf8f90464
core   0: 0x80007586 (0x03e3c3b3) div     t2, t2, t5
core   0: 3 0x80007586 (0x03e3c3b3) x7  0x00000000
core   0: 0x8000758a (0x00008229) c.srli  a2, 10
core   0: 3 0x8000758a (0x8229) x12 0x003e3e41
core   0: 0x8000758c (0x0000100f) fence.i
core   0: 3 0x8000758c (0x0000100f)
core   0: 0x80007590 (0x00008ce9) c.and   s1, a0
core   0: 3 0x80007590 (0x8ce9) x9  0x00000000
core   0: 0x80007592 (0xa709a0b7) lui     ra, 0xa709a
core   0: 3 0x80007592 (0xa709a0b7) x1  0xa709a000
core   0: 0x80007596 (0x00008d05) c.sub   a0, s1
core   0: 3 0x80007596 (0x8d05) x10 0xf8f94ed6
core   0: 0x80007598 (0x408a5693) srai    a3, s4, 8
core   0: 3 0x80007598 (0x408a5693) x13 0x00000000
core   0: 0x8000759c (0x03fc5533) divu    a0, s8, t6
core   0: 3 0x8000759c (0x03fc5533) x10 0x00000000
core   0: 0x800075a0 (0x01a0f033) and     zero, ra, s10
core   0: 3 0x800075a0 (0x01a0f033)
core   0: 0x800075a4 (0x02313533) mulhu   a0, sp, gp
core   0: 3 0x800075a4 (0x02313533) x10 0x84467896
core   0: 0x800075a8 (0x012b1113) slli    sp, s6, 18
core   0: 3 0x800075a8 (0x012b1113) x2  0xfaac0000
core   0: 0x800075ac (0x01f6b6b3) sltu    a3, a3, t6
core   0: 3 0x800075ac (0x01f6b6b3) x13 0x00000001
core   0: 0x800075b0 (0x0000e511) c.bnez  a0, pc + 12
core   0: 3 0x800075b0 (0xe511)
core   0: 0x800075bc (0x0a543a13) sltiu   s4, s0, 165
core   0: 3 0x800075bc (0x0a543a13) x20 0x00000001
core   0: 0x800075c0 (0x00000001) c.nop
core   0: 3 0x800075c0 (0x0001)
core   0: 0x800075c2 (0x00637633) and     a2, t1, t1
core   0: 3 0x800075c2 (0x00637633) x12 0x80007508
core   0: 0x800075c6 (0x03b3bc33) mulhu   s8, t2, s11
core   0: 3 0x800075c6 (0x03b3bc33) x24 0x00000000
core   0: 0x800075ca (0x000002f6) c.slli  t0, 29
core   0: 3 0x800075ca (0x02f6) x5  0x00000000
core   0: 0x800075cc (0x00008d9d) c.sub   a1, a5
core   0: 3 0x800075cc (0x8d9d) x11 0x24c8c36b
core   0: 0x800075ce (0x024a2d33) mulhsu  s10, s4, tp
core   0: 3 0x800075ce (0x024a2d33) x26 0x00000000
core   0: 0x800075d2 (0x00c2a733) slt     a4, t0, a2
core   0: 3 0x800075d2 (0x00c2a733) x14 0x00000000
core   0: 0x800075d6 (0x02f29c63) bne     t0, a5, pc + 56
core   0: 3 0x800075d6 (0x02f29c63)
core   0: 0x8000760e (0x00008fb1) c.xor   a5, a2
core   0: 3 0x8000760e (0x8fb1) x15 0x807c09af
core   0: 0x80007610 (0x01f78263) beq     a5, t6, pc + 4
core   0: 3 0x80007610 (0x01f78263)
core   0: 0x80007614 (0x00006115) c.addi16sp sp, 288
core   0: 3 0x80007614 (0x6115) x2  0xfaac0120
core   0: 0x80007616 (0x030b98b3) mulh    a7, s7, a6
core   0: 3 0x80007616 (0x030b98b3) x17 0x00000000
core   0: 0x8000761a (0x01184233) xor     tp, a6, a7
core   0: 3 0x8000761a (0x01184233) x4  0x00000000
core   0: 0x8000761e (0x340072f3) csrrci  t0, mscratch, 0
core   0: 3 0x8000761e (0x340072f3) x5  0xf8025e94
core   0: 0x80007622 (0xe21a0613) addi    a2, s4, -479
core   0: 3 0x80007622 (0xe21a0613) x12 0xfffffe22
core   0: 0x80007626 (0x038964b3) rem     s1, s2, s8
core   0: 3 0x80007626 (0x038964b3) x9  0x00000000
core   0: 0x8000762a (0x022ca533) mulhsu  a0, s9, sp
core   0: 3 0x8000762a (0x022ca533) x10 0x07d56b37
core   0: 0x8000762e (0x00000766) c.slli  a4, 25
core   0: 3 0x8000762e (0x0766) x14 0x00000000
core   0: 0x80007630 (0x00008dc5) c.or    a1, s1
core   0: 3 0x80007630 (0x8dc5) x11 0x24c8c36b
core   0: 0x80007632 (0x00000001) c.nop
core   0: 3 0x80007632 (0x0001)
core   0: 0x80007634 (0x01c16d33) or      s10, sp, t3
core   0: 3 0x80007634 (0x01c16d33) x26 0xfaae9d24
core   0: 0x80007638 (0x00008611) c.srai  a2, 4
core   0: 3 0x80007638 (0x8611) x12 0xffffffe2
core   0: 0x8000763a (0x01db0963) beq     s6, t4, pc + 18
core   0: 3 0x8000763a (0x01db0963)
core   0: 0x8000763e (0x0000c1b1) c.beqz  a1, pc + 68
core   0: 3 0x8000763e (0xc1b1)
core   0: 0x80007640 (0x41465913) srai    s2, a2, 20
core   0: 3 0x80007640 (0x41465913) x18 0xffffffff
core   0: 0x80007644 (0x3402e2f3) csrrsi  t0, mscratch, 5
core   0: 3 0x80007644 (0x3402e2f3) x5  0xf8025e94 c832_mscratch 0xf8025e95
core   0: 0x80007648 (0x01674f33) xor     t5, a4, s6
core   0: 3 0x80007648 (0x01674f33) x30 0xfffffeab
core   0: 0x8000764c (0x340c7773) csrrci  a4, mscratch, 24
core   0: 3 0x8000764c (0x340c7773) x14 0xf8025e95 c832_mscratch 0xf8025e85
core   0: 0x80007650 (0x02b779b3) remu    s3, a4, a1
core   0: 3 0x80007650 (0x02b779b3) x19 0x1b4dca13
core   0: 0x80007654 (0x01101393) slli    t2, zero, 17
core   0: 3 0x80007654 (0x01101393) x7  0x00000000
core   0: 0x80007658 (0x34002c73) csrr    s8, mscratch
core   0: 3 0x80007658 (0x34002c73) x24 0xf8025e85
core   0: 0x8000765c (0x034c7cb3) remu    s9, s8, s4
core   0: 3 0x8000765c (0x034c7cb3) x25 0x00000000
core   0: 0x80007660 (0x1a113893) sltiu   a7, sp, 417
core   0: 3 0x80007660 (0x1a113893) x17 0x00000000
core   0: 0x80007664 (0x00008ead) c.xor   a3, a1
core   0: 3 0x80007664 (0x8ead) x13 0x24c8c36a
core   0: 0x80007666 (0x01bf46b3) xor     a3, t5, s11
core   0: 3 0x80007666 (0x01bf46b3) x13 0xfffffeab
core   0: 0x8000766a (0x000087ed) c.srai  a5, 27
core   0: 3 0x8000766a (0x87ed) x15 0xfffffff0
core   0: 0x8000766c (0x401cd8b3) sra     a7, s9, ra
core   0: 3 0x8000766c (0x401cd8b3) x17 0x00000000
core   0: 0x80007670 (0x03568ab3) mul     s5, a3, s5
core   0: 3 0x80007670 (0x03568ab3) x21 0x00000000
core   0: 0x80007674 (0x03423a33) mulhu   s4, tp, s4
core   0: 3 0x80007674 (0x03423a33) x20 0x00000000
core   0: 0x80007678 (0x000ed113) srli    sp, t4, 0
core   0: 3 0x80007678 (0x000ed113) x2  0x80025ea4
core   0: 0x8000767c (0x00009a4e) c.add   s4, s3
core   0: 3 0x8000767c (0x9a4e) x20 0x1b4dca13
core   0: 0x8000767e (0x01e023b3) slt     t2, zero, t5
core   0: 3 0x8000767e (0x01e023b3) x7  0x00000000
core   0: 0x80007682 (0x00000308) c.addi4spn a0, sp, 384
core   0: 3 0x80007682 (0x0308) x10 0x80026024
core   0: 0x80007684 (0x027a6f33) rem     t5, s4, t2
core   0: 3 0x80007684 (0x027a6f33) x30 0x1b4dca13
core   0: 0x80007688 (0x0000e71d) c.bnez  a4, pc + 46
core   0: 3 0x80007688 (0xe71d)
core   0: 0x800076b6 (0x0037e863) bltu    a5, gp, pc + 16
core   0: 3 0x800076b6 (0x0037e863)
core   0: 0x800076ba (0xa83f6717) auipc   a4, 0xa83f6
core   0: 3 0x800076ba (0xa83f6717) x14 0x283fd6ba
core   0: 0x800076be (0x00000d9e) c.slli  s11, 7
core   0: 3 0x800076be (0x0d9e) x27 0x00000000
core   0: 0x800076c0 (0x00008dc5) c.or    a1, s1
core   0: 3 0x800076c0 (0x8dc5) x11 0x24c8c36b
core   0: 0x800076c2 (0x4024d333) sra     t1, s1, sp
core   0: 3 0x800076c2 (0x4024d333) x6  0x00000000
core   0: 0x800076c6 (0x34006673) csrrsi  a2, mscratch, 0
core   0: 3 0x800076c6 (0x34006673) x12 0xf8025e85
core   0: 0x800076ca (0x020bf2b3) remu    t0, s7, zero
core   0: 3 0x800076ca (0x020bf2b3) x5  0x00000fff
core   0: 0x800076ce (0x03504bb3) div     s7, zero, s5
core   0: 3 0x800076ce (0x03504bb3) x23 0xffffffff
core   0: 0x800076d2 (0x00b09db3) sll     s11, ra, a1
core   0: 3 0x800076d2 (0x00b09db3) x27 0x4d000000
core   0: 0x800076d6 (0x340ee873) csrrsi  a6, mscratch, 29
core   0: 3 0x800076d6 (0x340ee873) x16 0xf8025e85 c832_mscratch 0xf8025e9d
core   0: 0x800076da (0x0000848d) c.srai  s1, 3
core   0: 3 0x800076da (0x848d) x9  0x00000000
core   0: 0x800076dc (0x03b85fb3) divu    t6, a6, s11
core   0: 3 0x800076dc (0x03b85fb3) x31 0x00000003
core   0: 0x800076e0 (0x000051fd) c.li    gp, -1
core   0: 3 0x800076e0 (0x51fd) x3  0xffffffff
core   0: 0x800076e2 (0x0000079a) c.slli  a5, 6
core   0: 3 0x800076e2 (0x079a) x15 0xfffffc00
core   0: 0x800076e4 (0x0000e98d) c.bnez  a1, pc + 50
core   0: 3 0x800076e4 (0xe98d)
core   0: 0x80007716 (0x015c5613) srli    a2, s8, 21
core   0: 3 0x80007716 (0x015c5613) x12 0x000007c0
core   0: 0x8000771a (0x0000813e) c.mv    sp, a5
core   0: 3 0x8000771a (0x813e) x2  0xfffffc00
core   0: 0x8000771c (0x340f7af3) csrrci  s5, mscratch, 30
core   0: 3 0x8000771c (0x340f7af3) x21 0xf8025e9d c832_mscratch 0xf8025e81
core   0: 0x80007720 (0x0034db13) srli    s6, s1, 3
core   0: 3 0x80007720 (0x0034db13) x22 0x00000000
core   0: 0x80007724 (0x0140c463) blt     ra, s4, pc + 8
core   0: 3 0x80007724 (0x0140c463)
core   0: 0x8000772c (0x00001c1c) c.addi4spn a5, sp, 560
core   0: 3 0x8000772c (0x1c1c) x15 0xfffffe30
core   0: 0x8000772e (0x34052573) csrrs   a0, mscratch, a0
core   0: 3 0x8000772e (0x34052573) x10 0xf8025e81 c832_mscratch 0xf8027ea5
core   0: 0x80007732 (0x0114dfb3) srl     t6, s1, a7
core   0: 3 0x80007732 (0x0114dfb3) x31 0x00000000
core   0: 0x80007736 (0xf7e73893) sltiu   a7, a4, -130
core   0: 3 0x80007736 (0xf7e73893) x17 0x00000001
core   0: 0x8000773a (0xa4acaf17) auipc   t5, 0xa4aca
core   0: 3 0x8000773a (0xa4acaf17) x30 0x24ad173a
core   0: 0x8000773e (0x00605d93) srli    s11, zero, 6
core   0: 3 0x8000773e (0x00605d93) x27 0x00000000
core   0: 0x80007742 (0x00000155) c.addi  sp, 21
core   0: 3 0x80007742 (0x0155) x2  0xfffffc15
core   0: 0x80007744 (0x00000001) c.nop
core   0: 3 0x80007744 (0x0001)
core   0: 0x80007746 (0x00439f33) sll     t5, t2, tp
core   0: 3 0x80007746 (0x00439f33) x30 0x00000000
core   0: 0x8000774a (0x0000ca1d) c.beqz  a2, pc + 54
core   0: 3 0x8000774a (0xca1d)
core   0: 0x8000774c (0x41f985b3) sub     a1, s3, t6
core   0: 3 0x8000774c (0x41f985b3) x11 0x1b4dca13
core   0: 0x80007750 (0x0000835e) c.mv    t1, s7
core   0: 3 0x80007750 (0x835e) x6  0xffffffff
core   0: 0x80007752 (0xf83f3593) sltiu   a1, t5, -125
core   0: 3 0x80007752 (0xf83f3593) x11 0x00000001
core   0: 0x80007756 (0x022894b3) mulh    s1, a7, sp
core   0: 3 0x80007756 (0x022894b3) x9  0xffffffff
core   0: 0x8000775a (0x019bb0b3) sltu    ra, s7, s9
core   0: 3 0x8000775a (0x019bb0b3) x1  0x00000000
core   0: 0x8000775e (0x0000ee0d) c.bnez  a2, pc + 58
core   0: 3 0x8000775e (0xee0d)
core   0: 0x80007798 (0x00a993b3) sll     t2, s3, a0
core   0: 3 0x80007798 (0x00a993b3) x7  0x369b9426
core   0: 0x8000779c (0x6eb2a393) slti    t2, t0, 1771
core   0: 3 0x8000779c (0x6eb2a393) x7  0x00000000
core   0: 0x800077a0 (0x03497d63) bgeu    s2, s4, pc + 58
core   0: 3 0x800077a0 (0x03497d63)
core   0: 0x800077da (0x1d17e597) auipc   a1, 0x1d17e
core   0: 3 0x800077da (0x1d17e597) x11 0x9d1857da
core   0: 0x800077de (0x00001814) c.addi4spn a3, sp, 48
core   0: 3 0x800077de (0x1814) x13 0xfffffc45
core   0: 0x800077e0 (0x013af5b3) and     a1, s5, s3
core   0: 3 0x800077e0 (0x013af5b3) x11 0x18004a11
core   0: 0x800077e4 (0x03729663) bne     t0, s7, pc + 44
core   0: 3 0x800077e4 (0x03729663)
core   0: 0x80007810 (0x0e42ca13) xori    s4, t0, 228
core   0: 3 0x80007810 (0x0e42ca13) x20 0x00000f1b
core   0: 0x80007814 (0x00008de1) c.and   a1, s0
core   0: 3 0x80007814 (0x8de1) x11 0x00000000
core   0: 0x80007816 (0x000040a9) c.li    ra, 10
core   0: 3 0x80007816 (0x40a9) x1  0x0000000a
core   0: 0x80007818 (0x340a99f3) csrrw   s3, mscratch, s5
core   0: 3 0x80007818 (0x340a99f3) x19 0xf8027ea5 c832_mscratch 0xf8025e9d
core   0: 0x8000781c (0x02099563) bnez    s3, pc + 42
core   0: 3 0x8000781c (0x02099563)
core   0: 0x80007846 (0x002a9d93) slli    s11, s5, 2
core   0: 3 0x80007846 (0x002a9d93) x27 0xe0097a74
core   0: 0x8000784a (0x00006a05) c.lui   s4, 0x1
core   0: 3 0x8000784a (0x6a05) x20 0x00001000
core   0: 0x8000784c (0x01189663) bne     a7, a7, pc + 12
core   0: 3 0x8000784c (0x01189663)
core   0: 0x80007850 (0x3dc86613) ori     a2, a6, 988
core   0: 3 0x80007850 (0x3dc86613) x12 0xf8025fdd
core   0: 0x80007854 (0x013c9633) sll     a2, s9, s3
core   0: 3 0x80007854 (0x013c9633) x12 0x00000000
core   0: 0x80007858 (0x00c05613) srli    a2, zero, 12
core   0: 3 0x80007858 (0x00c05613) x12 0x00000000
core   0: 0x8000785c (0x01ae9533) sll     a0, t4, s10
core   0: 3 0x8000785c (0x01ae9533) x10 0x0025ea40
core   0: 0x80007860 (0x41e28633) sub     a2, t0, t5
core   0: 3 0x80007860 (0x41e28633) x12 0x00000fff
core   0: 0x80007864 (0x340025f3) csrr    a1, mscratch
core   0: 3 0x80007864 (0x340025f3) x11 0xf8025e9d
core   0: 0x80007868 (0x0000100f) fence.i
core   0: 3 0x80007868 (0x0000100f)
core   0: 0x8000786c (0x00eccb63) blt     s9, a4, pc + 22
core   0: 3 0x8000786c (0x00eccb63)
core   0: 0x80007882 (0x000043e9) c.li    t2, 26
core   0: 3 0x80007882 (0x43e9) x7  0x0000001a
core   0: 0x80007884 (0x340037f3) csrrc   a5, mscratch, zero
core   0: 3 0x80007884 (0x340037f3) x15 0xf8025e9d
core   0: 0x80007888 (0xefb62313) slti    t1, a2, -261
core   0: 3 0x80007888 (0xefb62313) x6  0x00000000
core   0: 0x8000788c (0x40edd913) srai    s2, s11, 14
core   0: 3 0x8000788c (0x40edd913) x18 0xffff8025
core   0: 0x80007890 (0x02ea5fb3) divu    t6, s4, a4
core   0: 3 0x80007890 (0x02ea5fb3) x31 0x00000000
core   0: 0x80007894 (0x00008fd5) c.or    a5, a3
core   0: 3 0x80007894 (0x8fd5) x15 0xfffffedd
core   0: 0x80007896 (0x415585b3) sub     a1, a1, s5
core   0: 3 0x80007896 (0x415585b3) x11 0x00000000
core   0: 0x8000789a (0x00ddc733) xor     a4, s11, a3
core   0: 3 0x8000789a (0x00ddc733) x14 0x1ff68631
core   0: 0x8000789e (0x4111d8b3) sra     a7, gp, a7
core   0: 3 0x8000789e (0x4111d8b3) x17 0xffffffff
core   0: 0x800078a2 (0x00000908) c.addi4spn a0, sp, 144
core   0: 3 0x800078a2 (0x0908) x10 0xfffffca5
core   0: 0x800078a4 (0x00008f75) c.and   a4, a3
core   0: 3 0x800078a4 (0x8f75) x14 0x1ff68401
core   0: 0x800078a6 (0x2ce4e5b7) lui     a1, 0x2ce4e
core   0: 3 0x800078a6 (0x2ce4e5b7) x11 0x2ce4e000
core   0: 0x800078aa (0x1f477493) andi    s1, a4, 500
core   0: 3 0x800078aa (0x1f477493) x9  0x00000000
core   0: 0x800078ae (0x0ff0000f) fence   iorw,iorw
core   0: 3 0x800078ae (0x0ff0000f)
core   0: 0x800078b2 (0x34002cf3) csrr    s9, mscratch
core   0: 3 0x800078b2 (0x34002cf3) x25 0xf8025e9d
core   0: 0x800078b6 (0x01635913) srli    s2, t1, 22
core   0: 3 0x800078b6 (0x01635913) x18 0x00000000
core   0: 0x800078ba (0x0ff0000f) fence   iorw,iorw
core   0: 3 0x800078ba (0x0ff0000f)
core   0: 0x800078be (0x01d44f33) xor     t5, s0, t4
core   0: 3 0x800078be (0x01d44f33) x30 0x80025ea4
core   0: 0x800078c2 (0x001d0633) add     a2, s10, ra
core   0: 3 0x800078c2 (0x001d0633) x12 0xfaae9d2e
core   0: 0x800078c6 (0x0300d633) divu    a2, ra, a6
core   0: 3 0x800078c6 (0x0300d633) x12 0x00000000
core   0: 0x800078ca (0x00000001) c.nop
core   0: 3 0x800078ca (0x0001)
core   0: 0x800078cc (0x00008db9) c.xor   a1, a4
core   0: 3 0x800078cc (0x8db9) x11 0x33126401
core   0: 0x800078ce (0x00000876) c.slli  a6, 29
core   0: 3 0x800078ce (0x0876) x16 0xa0000000
core   0: 0x800078d0 (0x002ce233) or      tp, s9, sp
core   0: 3 0x800078d0 (0x002ce233) x4  0xfffffe9d
core   0: 0x800078d4 (0x00006115) c.addi16sp sp, 288
core   0: 3 0x800078d4 (0x6115) x2  0xfffffd35
core   0: 0x800078d6 (0x00006231) c.lui   tp, 0xc
core   0: 3 0x800078d6 (0x6231) x4  0x0000c000
core   0: 0x800078d8 (0x34021673) csrrw   a2, mscratch, tp
core   0: 3 0x800078d8 (0x34021673) x12 0xf8025e9d c832_mscratch 0x0000c000
core   0: 0x800078dc (0x3404d8f3) csrrwi  a7, mscratch, 9
core   0: 3 0x800078dc (0x3404d8f3) x17 0x0000c000 c832_mscratch 0x00000009
core   0: 0x800078e0 (0x020051b3) divu    gp, zero, zero
core   0: 3 0x800078e0 (0x020051b3) x3  0xffffffff
core   0: 0x800078e4 (0x0000891e) c.mv    s2, t2
core   0: 3 0x800078e4 (0x891e) x18 0x0000001a
core   0: 0x800078e6 (0x00000c61) c.addi  s8, 24
core   0: 3 0x800078e6 (0x0c61) x24 0xf8025e9d
core   0: 0x800078e8 (0x0000100f) fence.i
core   0: 3 0x800078e8 (0x0000100f)
core   0: 0x800078ec (0x0ff0000f) fence   iorw,iorw
core   0: 3 0x800078ec (0x0ff0000f)
core   0: 0x800078f0 (0x0216af33) mulhsu  t5, a3, ra
core   0: 3 0x800078f0 (0x0216af33) x30 0xffffffff
core   0: 0x800078f4 (0x0000815d) c.srli  a0, 23
core   0: 3 0x800078f4 (0x815d) x10 0x000001ff
core   0: 0x800078f6 (0x2b4e8293) addi    t0, t4, 692
core   0: 3 0x800078f6 (0x2b4e8293) x5  0x80026158
core   0: 0x800078fa (0x000086bd) c.srai  a3, 15
core   0: 3 0x800078fa (0x86bd) x13 0xffffffff
core   0: 0x800078fc (0x00000001) c.nop
core   0: 3 0x800078fc (0x0001)
core   0: 0x800078fe (0x92de2013) slti    zero, t3, -1747
core   0: 3 0x800078fe (0x92de2013)
core   0: 0x80007902 (0x03570033) mul     zero, a4, s5
core   0: 3 0x80007902 (0x03570033)
core   0: 0x80007906 (0x017a4633) xor     a2, s4, s7
core   0: 3 0x80007906 (0x017a4633) x12 0xffffefff
core   0: 0x8000790a (0x02471963) bne     a4, tp, pc + 50
core   0: 3 0x8000790a (0x02471963)
core   0: 0x8000793c (0x02801b63) bne     zero, s0, pc + 54
core   0: 3 0x8000793c (0x02801b63)
core   0: 0x80007940 (0x08253c13) sltiu   s8, a0, 130
core   0: 3 0x80007940 (0x08253c13) x24 0x00000000
core   0: 0x80007944 (0x00001dfd) c.addi  s11, -1
core   0: 3 0x80007944 (0x1dfd) x27 0xe0097a73
core   0: 0x80007946 (0x340651f3) csrrwi  gp, mscratch, 12
core   0: 3 0x80007946 (0x340651f3) x3  0x00000009 c832_mscratch 0x0000000c
core   0: 0x8000794a (0x020d05b3) mul     a1, s10, zero
core   0: 3 0x8000794a (0x020d05b3) x11 0x00000000
core   0: 0x8000794e (0x02bd5263) bge     s10, a1, pc + 36
core   0: 3 0x8000794e (0x02bd5263)
core   0: 0x80007952 (0x00c768b3) or      a7, a4, a2
core   0: 3 0x80007952 (0x00c768b3) x17 0xffffefff
core   0: 0x80007956 (0x01955ab3) srl     s5, a0, s9
core   0: 3 0x80007956 (0x01955ab3) x21 0x00000000
core   0: 0x8000795a (0x00000dba) c.slli  s11, 14
core   0: 3 0x8000795a (0x0dba) x27 0x5e9cc000
core   0: 0x8000795c (0x75783f93) sltiu   t6, a6, 1879
core   0: 3 0x8000795c (0x75783f93) x31 0x00000000
core   0: 0x80007960 (0x01271f33) sll     t5, a4, s2
core   0: 3 0x80007960 (0x01271f33) x30 0x04000000
core   0: 0x80007964 (0x038a2f33) mulhsu  t5, s4, s8
core   0: 3 0x80007964 (0x038a2f33) x30 0x00000000
core   0: 0x80007968 (0x340353f3) csrrwi  t2, mscratch, 6
core   0: 3 0x80007968 (0x340353f3) x7  0x0000000c c832_mscratch 0x00000006
core   0: 0x8000796c (0x00008e15) c.sub   a2, a3
core   0: 3 0x8000796c (0x8e15) x12 0xfffff000
core   0: 0x8000796e (0x43e71b37) lui     s6, 0x43e71
core   0: 3 0x8000796e (0x43e71b37) x22 0x43e71000
core   0: 0x80007972 (0x00f38033) add     zero, t2, a5
core   0: 3 0x80007972 (0x00f38033)
core   0: 0x80007976 (0x000080e9) c.srli  s1, 26
core   0: 3 0x80007976 (0x80e9) x9  0x00000000
core   0: 0x80007978 (0x40e7dfb3) sra     t6, a5, a4
core   0: 3 0x80007978 (0x40e7dfb3) x31 0xffffff6e
core   0: 0x8000797c (0x000086d9) c.srai  a3, 22
core   0: 3 0x8000797c (0x86d9) x13 0xffffffff
core   0: 0x8000797e (0x03b1f933) remu    s2, gp, s11
core   0: 3 0x8000797e (0x03b1f933) x18 0x00000009
core   0: 0x80007982 (0x018e16b3) sll     a3, t3, s8
core   0: 3 0x80007982 (0x018e16b3) x13 0x80029d24
core   0: 0x80007986 (0x020a7533) remu    a0, s4, zero
core   0: 3 0x80007986 (0x020a7533) x10 0x00001000
core   0: 0x8000798a (0x03d9f0b3) remu    ra, s3, t4
core   0: 3 0x8000798a (0x03d9f0b3) x1  0x78002001
core   0: 0x8000798e (0x007b1f33) sll     t5, s6, t2
core   0: 3 0x8000798e (0x007b1f33) x30 0x71000000
core   0: 0x80007992 (0x01bf28b3) slt     a7, t5, s11
core   0: 3 0x80007992 (0x01bf28b3) x17 0x00000000
core   0: 0x80007996 (0x00008dc5) c.or    a1, s1
core   0: 3 0x80007996 (0x8dc5) x11 0x00000000
core   0: 0x80007998 (0x34007cf3) csrrci  s9, mscratch, 0
core   0: 3 0x80007998 (0x34007cf3) x25 0x00000006
core   0: 0x8000799c (0x00009bfd) c.andi  a5, -1
core   0: 3 0x8000799c (0x9bfd) x15 0xfffffedd
core   0: 0x8000799e (0xdc89eb93) ori     s7, s3, -568
core   0: 3 0x8000799e (0xdc89eb93) x23 0xffffffed
core   0: 0x800079a2 (0x01590f33) add     t5, s2, s5
core   0: 3 0x800079a2 (0x01590f33) x30 0x00000009
core   0: 0x800079a6 (0x0000e189) c.bnez  a1, pc + 2
core   0: 3 0x800079a6 (0xe189)
core   0: 0x800079a8 (0x01e85113) srli    sp, a6, 30
core   0: 3 0x800079a8 (0x01e85113) x2  0x00000002
core   0: 0x800079ac (0x011700b3) add     ra, a4, a7
core   0: 3 0x800079ac (0x011700b3) x1  0x1ff68401
core   0: 0x800079b0 (0x00fac9b3) xor     s3, s5, a5
core   0: 3 0x800079b0 (0x00fac9b3) x19 0xfffffedd
core   0: 0x800079b4 (0x0099a233) slt     tp, s3, s1
core   0: 3 0x800079b4 (0x0099a233) x4  0x00000001
core   0: 0x800079b8 (0x0230cfb3) div     t6, ra, gp
core   0: 3 0x800079b8 (0x0230cfb3) x31 0x038d2b1c
core   0: 0x800079bc (0x00008e15) c.sub   a2, a3
core   0: 3 0x800079bc (0x8e15) x12 0x7ffd52dc
core   0: 0x800079be (0x05ed4363) blt     s10, t5, pc + 70
core   0: 3 0x800079be (0x05ed4363)
core   0: 0x80007a04 (0x340020f3) csrr    ra, mscratch
core   0: 3 0x80007a04 (0x340020f3) x1  0x00000006
core   0: 0x80007a08 (0x00006111) c.addi16sp sp, 256
core   0: 3 0x80007a08 (0x6111) x2  0x00000102
core   0: 0x80007a0a (0x008bc863) blt     s7, s0, pc + 16
core   0: 3 0x80007a0a (0x008bc863)
core   0: 0x80007a1a (0x41b35d33) sra     s10, t1, s11
core   0: 3 0x80007a1a (0x41b35d33) x26 0x00000000
core   0: 0x80007a1e (0x01c2bbb3) sltu    s7, t0, t3
core   0: 3 0x80007a1e (0x01c2bbb3) x23 0x00000001
core   0: 0x80007a22 (0x56982d13) slti    s10, a6, 1385
core   0: 3 0x80007a22 (0x56982d13) x26 0x00000001
core   0: 0x80007a26 (0x0339cc63) blt     s3, s3, pc + 56
core   0: 3 0x80007a26 (0x0339cc63)
core   0: 0x80007a2a (0x01a13233) sltu    tp, sp, s10
core   0: 3 0x80007a2a (0x01a13233) x4  0x00000000
core   0: 0x80007a2e (0x340c90f3) csrrw   ra, mscratch, s9
core   0: 3 0x80007a2e (0x340c90f3) x1  0x00000006 c832_mscratch 0x00000006
core   0: 0x80007a32 (0x0ff0000f) fence   iorw,iorw
core   0: 3 0x80007a32 (0x0ff0000f)
core   0: 0x80007a36 (0x00000001) c.nop
core   0: 3 0x80007a36 (0x0001)
core   0: 0x80007a38 (0x02890833) mul     a6, s2, s0
core   0: 3 0x80007a38 (0x02890833) x16 0x00000000
core   0: 0x80007a3c (0x002f13b3) sll     t2, t5, sp
core   0: 3 0x80007a3c (0x002f13b3) x7  0x00000024
core   0: 0x80007a40 (0x00d94fb3) xor     t6, s2, a3
core   0: 3 0x80007a40 (0x00d94fb3) x31 0x80029d2d
core   0: 0x80007a44 (0x421dba13) sltiu   s4, s11, 1057
core   0: 3 0x80007a44 (0x421dba13) x20 0x00000000
core   0: 0x80007a48 (0x0000717d) c.addi16sp sp, -16
core   0: 3 0x80007a48 (0x717d) x2  0x000000f2
core   0: 0x80007a4a (0x0000c089) c.beqz  s1, pc + 2
core   0: 3 0x80007a4a (0xc089)
core   0: 0x80007a4c (0x00ae5993) srli    s3, t3, 10
core   0: 3 0x80007a4c (0x00ae5993) x19 0x002000a7
core   0: 0x80007a50 (0x01007833) and     a6, zero, a6
core   0: 3 0x80007a50 (0x01007833) x16 0x00000000
core   0: 0x80007a54 (0x00009622) c.add   a2, s0
core   0: 3 0x80007a54 (0x9622) x12 0x7ffd52dc
core   0: 0x80007a56 (0x0346cb33) div     s6, a3, s4
core   0: 3 0x80007a56 (0x0346cb33) x22 0xffffffff
core   0: 0x80007a5a (0x03124c33) div     s8, tp, a7
core   0: 3 0x80007a5a (0x03124c33) x24 0xffffffff
core   0: 0x80007a5e (0x00adc663) blt     s11, a0, pc + 12
core   0: 3 0x80007a5e (0x00adc663)
core   0: 0x80007a62 (0x003cd033) srl     zero, s9, gp
core   0: 3 0x80007a62 (0x003cd033)
core   0: 0x80007a66 (0x03f78033) mul     zero, a5, t6
core   0: 3 0x80007a66 (0x03f78033)
core   0: 0x80007a6a (0x01259fb3) sll     t6, a1, s2
core   0: 3 0x80007a6a (0x01259fb3) x31 0x00000000
core   0: 0x80007a6e (0x02adcf33) div     t5, s11, a0
core   0: 3 0x80007a6e (0x02adcf33) x30 0x0005e9cc
core   0: 0x80007a72 (0x03bdc763) blt     s11, s11, pc + 46
core   0: 3 0x80007a72 (0x03bdc763)
core   0: 0x80007a76 (0x34006af3) csrrsi  s5, mscratch, 0
core   0: 3 0x80007a76 (0x34006af3) x21 0x00000006
core   0: 0x80007a7a (0x00001f7d) c.addi  t5, -1
core   0: 3 0x80007a7a (0x1f7d) x30 0x0005e9cb
core   0: 0x80007a7c (0x02396133) rem     sp, s2, gp
core   0: 3 0x80007a7c (0x02396133) x2  0x00000000
core   0: 0x80007a80 (0x34007bf3) csrrci  s7, mscratch, 0
core   0: 3 0x80007a80 (0x34007bf3) x23 0x00000006
core   0: 0x80007a84 (0x0f1d8213) addi    tp, s11, 241
core   0: 3 0x80007a84 (0x0f1d8213) x4  0x5e9cc0f1
core   0: 0x80007a88 (0x41c50cb3) sub     s9, a0, t3
core   0: 3 0x80007a88 (0x41c50cb3) x25 0x7ffd72dc
core   0: 0x80007a8c (0x0000076e) c.slli  a4, 27
core   0: 3 0x80007a8c (0x076e) x14 0x08000000
core   0: 0x80007a8e (0x009bccb3) xor     s9, s7, s1
core   0: 3 0x80007a8e (0x009bccb3) x25 0x00000006
core   0: 0x80007a92 (0x010f7463) bgeu    t5, a6, pc + 8
core   0: 3 0x80007a92 (0x010f7463)
core   0: 0x80007a9a (0x00008d09) c.sub   a0, a0
core   0: 3 0x80007a9a (0x8d09) x10 0x00000000
core   0: 0x80007a9c (0x0000100f) fence.i
core   0: 3 0x80007a9c (0x0000100f)
core   0: 0x80007aa0 (0x00000001) c.nop
core   0: 3 0x80007aa0 (0x0001)
core   0: 0x80007aa2 (0x00000f39) c.addi  t5, 14
core   0: 3 0x80007aa2 (0x0f39) x30 0x0005e9d9
core   0: 0x80007aa4 (0x03276d63) bltu    a4, s2, pc + 58
core   0: 3 0x80007aa4 (0x03276d63)
core   0: 0x80007aa8 (0x02d297b3) mulh    a5, t0, a3
core   0: 3 0x80007aa8 (0x02d297b3) x15 0x3ffd80c8
core   0: 0x80007aac (0x00008ee5) c.and   a3, s1
core   0: 3 0x80007aac (0x8ee5) x13 0x00000000
core   0: 0x80007aae (0x014129b3) slt     s3, sp, s4
core   0: 3 0x80007aae (0x014129b3) x19 0x00000000
core   0: 0x80007ab2 (0x00006141) c.addi16sp sp, 16
core   0: 3 0x80007ab2 (0x6141) x2  0x00000010
core   0: 0x80007ab4 (0x00077663) bgeu    a4, zero, pc + 12
core   0: 3 0x80007ab4 (0x00077663)
core   0: 0x80007ac0 (0x023a5933) divu    s2, s4, gp
core   0: 3 0x80007ac0 (0x023a5933) x18 0x00000000
core   0: 0x80007ac4 (0x018f6663) bltu    t5, s8, pc + 12
core   0: 3 0x80007ac4 (0x018f6663)
core   0: 0x80007ad0 (0x00008c9d) c.sub   s1, a5
core   0: 3 0x80007ad0 (0x8c9d) x9  0xc0027f38
core   0: 0x80007ad2 (0x00459933) sll     s2, a1, tp
core   0: 3 0x80007ad2 (0x00459933) x18 0x00000000
core   0: 0x80007ad6 (0x0ff0000f) fence   iorw,iorw
core   0: 3 0x80007ad6 (0x0ff0000f)
core   0: 0x80007ada (0x03b1df33) divu    t5, gp, s11
core   0: 3 0x80007ada (0x03b1df33) x30 0x00000000
core   0: 0x80007ade (0x03057ab3) remu    s5, a0, a6
core   0: 3 0x80007ade (0x03057ab3) x21 0x00000000
core   0: 0x80007ae2 (0x34003373) csrrc   t1, mscratch, zero
core   0: 3 0x80007ae2 (0x34003373) x6  0x00000006
core   0: 0x80007ae6 (0x40e85b33) sra     s6, a6, a4
core   0: 3 0x80007ae6 (0x40e85b33) x22 0x00000000
core   0: 0x80007aea (0x00008ef5) c.and   a3, a3
core   0: 3 0x80007aea (0x8ef5) x13 0x00000000
core   0: 0x80007aec (0x00004a05) c.li    s4, 1
core   0: 3 0x80007aec (0x4a05) x20 0x00000001
core   0: 0x80007aee (0x032d89b3) mul     s3, s11, s2
core   0: 3 0x80007aee (0x032d89b3) x19 0x00000000
core   0: 0x80007af2 (0x4e363393) sltiu   t2, a2, 1251
core   0: 3 0x80007af2 (0x4e363393) x7  0x00000000
core   0: 0x80007af6 (0x0000c691) c.beqz  a3, pc + 12
core   0: 3 0x80007af6 (0xc691)
core   0: 0x80007b02 (0x004b0363) beq     s6, tp, pc + 6
core   0: 3 0x80007b02 (0x004b0363)
core   0: 0x80007b06 (0x000092c6) c.add   t0, a7
core   0: 3 0x80007b06 (0x92c6) x5  0x80026158
core   0: 0x80007b08 (0x03a819b3) mulh    s3, a6, s10
core   0: 3 0x80007b08 (0x03a819b3) x19 0x00000000
core   0: 0x80007b0c (0x5c110397) auipc   t2, 0x5c110
core   0: 3 0x80007b0c (0x5c110397) x7  0xdc117b0c
core   0: 0x80007b10 (0xb9cb3093) sltiu   ra, s6, -1124
core   0: 3 0x80007b10 (0xb9cb3093) x1  0x00000001
core   0: 0x80007b14 (0x0000717d) c.addi16sp sp, -16
core   0: 3 0x80007b14 (0x717d) x2  0x00000000
core   0: 0x80007b16 (0x02513333) mulhu   t1, sp, t0
core   0: 3 0x80007b16 (0x02513333) x6  0x00000000
core   0: 0x80007b1a (0x409ada33) sra     s4, s5, s1
core   0: 3 0x80007b1a (0x409ada33) x20 0x00000000
core   0: 0x80007b1e (0x00008d05) c.sub   a0, s1
core   0: 3 0x80007b1e (0x8d05) x10 0x3ffd80c8
core   0: 0x80007b20 (0x41b501b3) sub     gp, a0, s11
core   0: 3 0x80007b20 (0x41b501b3) x3  0xe160c0c8
core   0: 0x80007b24 (0x340513f3) csrrw   t2, mscratch, a0
core   0: 3 0x80007b24 (0x340513f3) x7  0x00000006 c832_mscratch 0x3ffd80c8
core   0: 0x80007b28 (0x00008da5) c.xor   a1, s1
core   0: 3 0x80007b28 (0x8da5) x11 0xc0027f38
core   0: 0x80007b2a (0x03e7b233) mulhu   tp, a5, t5
core   0: 3 0x80007b2a (0x03e7b233) x4  0x00000000
core   0: 0x80007b2e (0x00000b06) c.slli  s6, 1
core   0: 3 0x80007b2e (0x0b06) x22 0x00000000
core   0: 0x80007b30 (0x0ff0000f) fence   iorw,iorw
core   0: 3 0x80007b30 (0x0ff0000f)
core   0: 0x80007b34 (0x40eed793) srai    a5, t4, 14
core   0: 3 0x80007b34 (0x40eed793) x15 0xfffe0009
core   0: 0x80007b38 (0x02118a63) beq     gp, ra, pc + 52
core   0: 3 0x80007b38 (0x02118a63)
core   0: 0x80007b3c (0x1c5fa237) lui     tp, 0x1c5fa
core   0: 3 0x80007b3c (0x1c5fa237) x4  0x1c5fa000
core   0: 0x80007b40 (0x0073d833) srl     a6, t2, t2
core   0: 3 0x80007b40 (0x0073d833) x16 0x00000000
core   0: 0x80007b44 (0x0ff0000f) fence   iorw,iorw
core   0: 3 0x80007b44 (0x0ff0000f)
core   0: 0x80007b48 (0x00008ce1) c.and   s1, s0
core   0: 3 0x80007b48 (0x8ce1) x9  0x00000000
core   0: 0x80007b4a (0x00f99933) sll     s2, s3, a5
core   0: 3 0x80007b4a (0x00f99933) x18 0x00000000
core   0: 0x80007b4e (0x02c0d4b3) divu    s1, ra, a2
core   0: 3 0x80007b4e (0x02c0d4b3) x9  0x00000000
core   0: 0x80007b52 (0x00008295) c.srli  a3, 5
core   0: 3 0x80007b52 (0x8295) x13 0x00000000
core   0: 0x80007b54 (0x4042d393) srai    t2, t0, 4
core   0: 3 0x80007b54 (0x4042d393) x7  0xf8002615
core   0: 0x80007b58 (0x40075f93) srai    t6, a4, 0
core   0: 3 0x80007b58 (0x40075f93) x31 0x08000000
core   0: 0x80007b5c (0x03b48e63) beq     s1, s11, pc + 60
core   0: 3 0x80007b5c (0x03b48e63)
core   0: 0x80007b60 (0x40518733) sub     a4, gp, t0
core   0: 3 0x80007b60 (0x40518733) x14 0x615e5f70
core   0: 0x80007b64 (0x0267e533) rem     a0, a5, t1
core   0: 3 0x80007b64 (0x0267e533) x10 0xfffe0009
core   0: 0x80007b68 (0x4a4a8813) addi    a6, s5, 1188
core   0: 3 0x80007b68 (0x4a4a8813) x16 0x000004a4
core   0: 0x80007b6c (0x0000597d) c.li    s2, -1
core   0: 3 0x80007b6c (0x597d) x18 0xffffffff
core   0: 0x80007b6e (0x0000100f) fence.i
core   0: 3 0x80007b6e (0x0000100f)
core   0: 0x80007b72 (0x34071573) csrrw   a0, mscratch, a4
core   0: 3 0x80007b72 (0x34071573) x10 0x3ffd80c8 c832_mscratch 0x615e5f70
core   0: 0x80007b76 (0x0000ca81) c.beqz  a3, pc + 16
core   0: 3 0x80007b76 (0xca81)
core   0: 0x80007b86 (0x02dc5863) bge     s8, a3, pc + 48
core   0: 3 0x80007b86 (0x02dc5863)
core   0: 0x80007b8a (0x410051b3) sra     gp, zero, a6
core   0: 3 0x80007b8a (0x410051b3) x3  0x00000000
core   0: 0x80007b8e (0x0000717d) c.addi16sp sp, -16
core   0: 3 0x80007b8e (0x717d) x2  0xfffffff0
core   0: 0x80007b90 (0x00004151) c.li    sp, 20
core   0: 3 0x80007b90 (0x4151) x2  0x00000014
core   0: 0x80007b92 (0x0000611d) c.addi16sp sp, 416
core   0: 3 0x80007b92 (0x611d) x2  0x000001b4
core   0: 0x80007b94 (0x010e67b3) or      a5, t3, a6
core   0: 3 0x80007b94 (0x010e67b3) x15 0x80029da4
core   0: 0x80007b98 (0x0000c509) c.beqz  a0, pc + 10
core   0: 3 0x80007b98 (0xc509)
core   0: 0x80007b9a (0x00008fb1) c.xor   a5, a2
core   0: 3 0x80007b9a (0x8fb1) x15 0xffffcf78
core   0: 0x80007b9c (0x40660c33) sub     s8, a2, t1
core   0: 3 0x80007b9c (0x40660c33) x24 0x7ffd52dc
core   0: 0x80007ba0 (0x00008089) c.srli  s1, 2
core   0: 3 0x80007ba0 (0x8089) x9  0x00000000
core   0: 0x80007ba2 (0x2724ab13) slti    s6, s1, 626
core   0: 3 0x80007ba2 (0x2724ab13) x22 0x00000001
core   0: 0x80007ba6 (0x000084d9) c.srai  s1, 22
core   0: 3 0x80007ba6 (0x84d9) x9  0x00000000
core   0: 0x80007ba8 (0x00004205) c.li    tp, 1
core   0: 3 0x80007ba8 (0x4205) x4  0x00000001
core   0: 0x80007baa (0x020b22b3) mulhsu  t0, s6, zero
core   0: 3 0x80007baa (0x020b22b3) x5  0x00000000
core   0: 0x80007bae (0x023218b3) mulh    a7, tp, gp
core   0: 3 0x80007bae (0x023218b3) x17 0x00000000
core   0: 0x80007bb2 (0x02dbd6b3) divu    a3, s7, a3
core   0: 3 0x80007bb2 (0x02dbd6b3) x13 0xffffffff
core   0: 0x80007bb6 (0x0000862e) c.mv    a2, a1
core   0: 3 0x80007bb6 (0x862e) x12 0xc0027f38
core   0: 0x80007bb8 (0x00008e89) c.sub   a3, a0
core   0: 3 0x80007bb8 (0x8e89) x13 0xc0027f37
core   0: 0x80007bba (0x00b4e9b3) or      s3, s1, a1
core   0: 3 0x80007bba (0x00b4e9b3) x19 0xc0027f38
core   0: 0x80007bbe (0xb23d92b7) lui     t0, 0xb23d9
core   0: 3 0x80007bbe (0xb23d92b7) x5  0xb23d9000
core   0: 0x80007bc2 (0x014e6d63) bltu    t3, s4, pc + 26
core   0: 3 0x80007bc2 (0x014e6d63)
core   0: 0x80007bc6 (0x01e1d863) bge     gp, t5, pc + 16
core   0: 3 0x80007bc6 (0x01e1d863)
core   0: 0x80007bd6 (0x2c87bc13) sltiu   s8, a5, 712
core   0: 3 0x80007bd6 (0x2c87bc13) x24 0x00000000
core   0: 0x80007bda (0x00008f71) c.and   a4, a2
core   0: 3 0x80007bda (0x8f71) x14 0x40025f30
core   0: 0x80007bdc (0x000089a1) c.andi  a1, 8
core   0: 3 0x80007bdc (0x89a1) x11 0x00000008
core   0: 0x80007bde (0x000081dd) c.srli  a1, 23
core   0: 3 0x80007bde (0x81dd) x11 0x00000000
core   0: 0x80007be0 (0xdb74cf13) xori    t5, s1, -585
core   0: 3 0x80007be0 (0xdb74cf13) x30 0xfffffdb7
core   0: 0x80007be4 (0x00008dad) c.xor   a1, a1
core   0: 3 0x80007be4 (0x8dad) x11 0x00000000
core   0: 0x80007be6 (0x013b52b3) srl     t0, s6, s3
core   0: 3 0x80007be6 (0x013b52b3) x5  0x00000000
core   0: 0x80007bea (0x02743233) mulhu   tp, s0, t2
core   0: 3 0x80007bea (0x02743233) x4  0x00000000
core   0: 0x80007bee (0x34006a73) csrrsi  s4, mscratch, 0
core   0: 3 0x80007bee (0x34006a73) x20 0x615e5f70
core   0: 0x80007bf2 (0x000008ad) c.addi  a7, 11
core   0: 3 0x80007bf2 (0x08ad) x17 0x0000000b
core   0: 0x80007bf4 (0x01346a33) or      s4, s0, s3
core   0: 3 0x80007bf4 (0x01346a33) x20 0xc0027f38
core   0: 0x80007bf8 (0x019dd7b3) srl     a5, s11, s9
core   0: 3 0x80007bf8 (0x019dd7b3) x15 0x017a7300
core   0: 0x80007bfc (0x5ae58f93) addi    t6, a1, 1454
core   0: 3 0x80007bfc (0x5ae58f93) x31 0x000005ae
core   0: 0x80007c00 (0x00000001) c.nop
core   0: 3 0x80007c00 (0x0001)
core   0: 0x80007c02 (0xec5fb293) sltiu   t0, t6, -315
core   0: 3 0x80007c02 (0xec5fb293) x5  0x00000001
core   0: 0x80007c06 (0x41fedf33) sra     t5, t4, t6
core   0: 3 0x80007c06 (0x41fedf33) x30 0xfffe0009
core   0: 0x80007c0a (0x00000108) c.addi4spn a0, sp, 128
core   0: 3 0x80007c0a (0x0108) x10 0x00000234
core   0: 0x80007c0c (0x00eeb933) sltu    s2, t4, a4
core   0: 3 0x80007c0c (0x00eeb933) x18 0x00000000
core   0: 0x80007c10 (0x01852333) slt     t1, a0, s8
core   0: 3 0x80007c10 (0x01852333) x6  0x00000000
core   0: 0x80007c14 (0x34002273) csrr    tp, mscratch
core   0: 3 0x80007c14 (0x34002273) x4  0x615e5f70
core   0: 0x80007c18 (0x40e4dd33) sra     s10, s1, a4
core   0: 3 0x80007c18 (0x40e4dd33) x26 0x00000000
core   0: 0x80007c1c (0x00000001) c.nop
core   0: 3 0x80007c1c (0x0001)
core   0: 0x80007c1e (0xa31bc137) lui     sp, 0xa31bc
core   0: 3 0x80007c1e (0xa31bc137) x2  0xa31bc000
core   0: 0x80007c22 (0xec180213) addi    tp, a6, -319
core   0: 3 0x80007c22 (0xec180213) x4  0x00000365
core   0: 0x80007c26 (0x03339a63) bne     t2, s3, pc + 52
core   0: 3 0x80007c26 (0x03339a63)
core   0: 0x80007c5a (0x0142f763) bgeu    t0, s4, pc + 14
core   0: 3 0x80007c5a (0x0142f763)
core   0: 0x80007c5e (0xef24d097) auipc   ra, 0xef24d
core   0: 3 0x80007c5e (0xef24d097) x1  0x6f254c5e
core   0: 0x80007c62 (0x3409e773) csrrsi  a4, mscratch, 19
core   0: 3 0x80007c62 (0x3409e773) x14 0x615e5f70 c832_mscratch 0x615e5f73
core   0: 0x80007c66 (0x00008ff5) c.and   a5, a3
core   0: 3 0x80007c66 (0x8ff5) x15 0x00027300
core   0: 0x80007c68 (0x00000908) c.addi4spn a0, sp, 144
core   0: 3 0x80007c68 (0x0908) x10 0xa31bc090
core   0: 0x80007c6a (0x038ed133) divu    sp, t4, s8
core   0: 3 0x80007c6a (0x038ed133) x2  0xffffffff
core   0: 0x80007c6e (0x0000717d) c.addi16sp sp, -16
core   0: 3 0x80007c6e (0x717d) x2  0xffffffef
core   0: 0x80007c70 (0x033858b3) divu    a7, a6, s3
core   0: 3 0x80007c70 (0x033858b3) x17 0x00000000
core   0: 0x80007c74 (0x0000664d) c.lui   a2, 0x13
core   0: 3 0x80007c74 (0x664d) x12 0x00013000
core   0: 0x80007c76 (0x008c2d33) slt     s10, s8, s0
core   0: 3 0x80007c76 (0x008c2d33) x26 0x00000000
core   0: 0x80007c7a (0x00008d39) c.xor   a0, a4
core   0: 3 0x80007c7a (0x8d39) x10 0xc2459fe0
core   0: 0x80007c7c (0x000098fd) c.andi  s1, -1
core   0: 3 0x80007c7c (0x98fd) x9  0x00000000
core   0: 0x80007c7e (0x0000862e) c.mv    a2, a1
core   0: 3 0x80007c7e (0x862e) x12 0x00000000
core   0: 0x80007c80 (0x03527b33) remu    s6, tp, s5
core   0: 3 0x80007c80 (0x03527b33) x22 0x00000365
core   0: 0x80007c84 (0x34075073) csrwi   mscratch, 14
core   0: 3 0x80007c84 (0x34075073) c832_mscratch 0x0000000e
core   0: 0x80007c88 (0x40da5633) sra     a2, s4, a3
core   0: 3 0x80007c88 (0x40da5633) x12 0xffffff80
core   0: 0x80007c8c (0x00008491) c.srai  s1, 4
core   0: 3 0x80007c8c (0x8491) x9  0x00000000
core   0: 0x80007c8e (0x00830263) beq     t1, s0, pc + 4
core   0: 3 0x80007c8e (0x00830263)
core   0: 0x80007c92 (0x18932a13) slti    s4, t1, 393
core   0: 3 0x80007c92 (0x18932a13) x20 0x00000001
core   0: 0x80007c96 (0x00956d33) or      s10, a0, s1
core   0: 3 0x80007c96 (0x00956d33) x26 0xc2459fe0
core   0: 0x80007c9a (0x032a6c63) bltu    s4, s2, pc + 56
core   0: 3 0x80007c9a (0x032a6c63)
core   0: 0x80007c9e (0x75dc4913) xori    s2, s8, 1885
core   0: 3 0x80007c9e (0x75dc4913) x18 0x0000075d
core   0: 0x80007ca2 (0x01321863) bne     tp, s3, pc + 16
core   0: 3 0x80007ca2 (0x01321863)
core   0: 0x80007cb2 (0x41f2df33) sra     t5, t0, t6
core   0: 3 0x80007cb2 (0x41f2df33) x30 0x00000000
core   0: 0x80007cb6 (0x340027f3) csrr    a5, mscratch
core   0: 3 0x80007cb6 (0x340027f3) x15 0x0000000e
core   0: 0x80007cba (0x34007573) csrrci  a0, mscratch, 0
core   0: 3 0x80007cba (0x34007573) x10 0x0000000e
core   0: 0x80007cbe (0x017464b3) or      s1, s0, s7
core   0: 3 0x80007cbe (0x017464b3) x9  0x00000006
core   0: 0x80007cc2 (0x10880793) addi    a5, a6, 264
core   0: 3 0x80007cc2 (0x10880793) x15 0x000005ac
core   0: 0x80007cc6 (0x340cbcf3) csrrc   s9, mscratch, s9
core   0: 3 0x80007cc6 (0x340cbcf3) x25 0x0000000e c832_mscratch 0x00000008
core   0: 0x80007cca (0x03ef2633) mulhsu  a2, t5, t5
core   0: 3 0x80007cca (0x03ef2633) x12 0x00000000
core   0: 0x80007cce (0x08692a13) slti    s4, s2, 134
core   0: 3 0x80007cce (0x08692a13) x20 0x00000000
core   0: 0x80007cd2 (0x9532ab93) slti    s7, t0, -1709
core   0: 3 0x80007cd2 (0x9532ab93) x23 0x00000000
core   0: 0x80007cd6 (0x00006175) c.addi16sp sp, 368
core   0: 3 0x80007cd6 (0x6175) x2  0x0000015f
core   0: 0x80007cd8 (0x010e1933) sll     s2, t3, a6
core   0: 3 0x80007cd8 (0x010e1933) x18 0x0029d240
core   0: 0x80007cdc (0x01b01663) bne     zero, s11, pc + 12
core   0: 3 0x80007cdc (0x01b01663)
core   0: 0x80007ce8 (0x00008f21) c.xor   a4, s0
core   0: 3 0x80007ce8 (0x8f21) x14 0x615e5f70
core   0: 0x80007cea (0x01688f33) add     t5, a7, s6
core   0: 3 0x80007cea (0x01688f33) x30 0x00000365
core   0: 0x80007cee (0x0000e489) c.bnez  s1, pc + 10
core   0: 3 0x80007cee (0xe489)
core   0: 0x80007cf8 (0x340022f3) csrr    t0, mscratch
core   0: 3 0x80007cf8 (0x340022f3) x5  0x00000008
core   0: 0x80007cfc (0x28866f93) ori     t6, a2, 648
core   0: 3 0x80007cfc (0x28866f93) x31 0x00000288
core   0: 0x80007d00 (0x031db133) mulhu   sp, s11, a7
core   0: 3 0x80007d00 (0x031db133) x2  0x00000000
core   0: 0x80007d04 (0x34003573) csrrc   a0, mscratch, zero
core   0: 3 0x80007d04 (0x34003573) x10 0x00000008
core   0: 0x80007d08 (0x01606733) or      a4, zero, s6
core   0: 3 0x80007d08 (0x01606733) x14 0x00000365
core   0: 0x80007d0c (0x22ad6693) ori     a3, s10, 554
core   0: 3 0x80007d0c (0x22ad6693) x13 0xc2459fea
core   0: 0x80007d10 (0x0000ea1d) c.bnez  a2, pc + 54
core   0: 3 0x80007d10 (0xea1d)
core   0: 0x80007d12 (0x340438f3) csrrc   a7, mscratch, s0
core   0: 3 0x80007d12 (0x340438f3) x17 0x00000008 c832_mscratch 0x00000008
core   0: 0x80007d16 (0x00008d65) c.and   a0, s1
core   0: 3 0x80007d16 (0x8d65) x10 0x00000000
core   0: 0x80007d18 (0x01e29d13) slli    s10, t0, 30
core   0: 3 0x80007d18 (0x01e29d13) x26 0x00000000
core   0: 0x80007d1c (0x0076f233) and     tp, a3, t2
core   0: 3 0x80007d1c (0x0076f233) x4  0xc0000600
core   0: 0x80007d20 (0x00008e79) c.and   a2, a4
core   0: 3 0x80007d20 (0x8e79) x12 0x00000000
core   0: 0x80007d22 (0x00c15013) srli    zero, sp, 12
core   0: 3 0x80007d22 (0x00c15013)
core   0: 0x80007d26 (0x027624b3) mulhsu  s1, a2, t2
core   0: 3 0x80007d26 (0x027624b3) x9  0x00000000
core   0: 0x80007d2a (0x028e6863) bltu    t3, s0, pc + 48
core   0: 3 0x80007d2a (0x028e6863)
core   0: 0x80007d2e (0x00c260b3) or      ra, tp, a2
core   0: 3 0x80007d2e (0x00c260b3) x1  0xc0000600
core   0: 0x80007d32 (0x03c94cb3) div     s9, s2, t3
core   0: 3 0x80007d32 (0x03c94cb3) x25 0x00000000
core   0: 0x80007d36 (0x34035673) csrrwi  a2, mscratch, 6
core   0: 3 0x80007d36 (0x34035673) x12 0x00000008 c832_mscratch 0x00000006
core   0: 0x80007d3a (0x00145663) bge     s0, ra, pc + 12
core   0: 3 0x80007d3a (0x00145663)
core   0: 0x80007d46 (0x00000001) c.nop
core   0: 3 0x80007d46 (0x0001)
core   0: 0x80007d48 (0x340ce373) csrrsi  t1, mscratch, 25
core   0: 3 0x80007d48 (0x340ce373) x6  0x00000006 c832_mscratch 0x0000001f
core   0: 0x80007d4c (0x0ff0000f) fence   iorw,iorw
core   0: 3 0x80007d4c (0x0ff0000f)
core   0: 0x80007d50 (0x0000cf0d) c.beqz  a4, pc + 58
core   0: 3 0x80007d50 (0xcf0d)
core   0: 0x80007d52 (0x01f726b3) slt     a3, a4, t6
core   0: 3 0x80007d52 (0x01f726b3) x13 0x00000000
core   0: 0x80007d56 (0x022ed933) divu    s2, t4, sp
core   0: 3 0x80007d56 (0x022ed933) x18 0xffffffff
core   0: 0x80007d5a (0xc878cb37) lui     s6, 0xc878c
core   0: 3 0x80007d5a (0xc878cb37) x22 0xc878c000
core   0: 0x80007d5e (0x020d11b3) mulh    gp, s10, zero
core   0: 3 0x80007d5e (0x020d11b3) x3  0x00000000
core   0: 0x80007d62 (0x02ab7e63) bgeu    s6, a0, pc + 60
core   0: 3 0x80007d62 (0x02ab7e63)
core   0: 0x80007d9e (0x34006cf3) csrrsi  s9, mscratch, 0
core   0: 3 0x80007d9e (0x34006cf3) x25 0x0000001f
core   0: 0x80007da2 (0x037c8863) beq     s9, s7, pc + 48
core   0: 3 0x80007da2 (0x037c8863)
core   0: 0x80007da6 (0x01a3f863) bgeu    t2, s10, pc + 16
core   0: 3 0x80007da6 (0x01a3f863)
core   0: 0x80007db6 (0x015360b3) or      ra, t1, s5
core   0: 3 0x80007db6 (0x015360b3) x1  0x00000006
core   0: 0x80007dba (0x0ff0000f) fence   iorw,iorw
core   0: 3 0x80007dba (0x0ff0000f)
core   0: 0x80007dbe (0x009b57b3) srl     a5, s6, s1
core   0: 3 0x80007dbe (0x009b57b3) x15 0xc878c000
core   0: 0x80007dc2 (0x03537663) bgeu    t1, s5, pc + 44
core   0: 3 0x80007dc2 (0x03537663)
core   0: 0x80007dee (0x0000885e) c.mv    a6, s7
core   0: 3 0x80007dee (0x885e) x16 0x00000000
core   0: 0x80007df0 (0x00000001) c.nop
core   0: 3 0x80007df0 (0x0001)
core   0: 0x80007df2 (0x0000ca0d) c.beqz  a2, pc + 50
core   0: 3 0x80007df2 (0xca0d)
core   0: 0x80007df4 (0x340f2373) csrrs   t1, mscratch, t5
core   0: 3 0x80007df4 (0x340f2373) x6  0x0000001f c832_mscratch 0x0000037f
core   0: 0x80007df8 (0x03dd94b3) mulh    s1, s11, t4
core   0: 3 0x80007df8 (0x03dd94b3) x9  0xd0b28033
core   0: 0x80007dfc (0x01d1a8b3) slt     a7, gp, t4
core   0: 3 0x80007dfc (0x01d1a8b3) x17 0x00000000
core   0: 0x80007e00 (0x01b0e3b3) or      t2, ra, s11
core   0: 3 0x80007e00 (0x01b0e3b3) x7  0x5e9cc006
core   0: 0x80007e04 (0x7e3d6913) ori     s2, s10, 2019
core   0: 3 0x80007e04 (0x7e3d6913) x18 0x000007e3
core   0: 0x80007e08 (0x41695113) srai    sp, s2, 22
core   0: 3 0x80007e08 (0x41695113) x2  0x00000000
core   0: 0x80007e0c (0x00008e05) c.sub   a2, s1
core   0: 3 0x80007e0c (0x8e05) x12 0x2f4d7fd5
core   0: 0x80007e0e (0x00f88033) add     zero, a7, a5
core   0: 3 0x80007e0e (0x00f88033)
core   0: 0x80007e12 (0x34083273) csrrc   tp, mscratch, a6
core   0: 3 0x80007e12 (0x34083273) x4  0x0000037f c832_mscratch 0x0000037f
core   0: 0x80007e16 (0xc4cbfc93) andi    s9, s7, -948
core   0: 3 0x80007e16 (0xc4cbfc93) x25 0x00000000
core   0: 0x80007e1a (0x77dbf317) auipc   t1, 0x77dbf
core   0: 3 0x80007e1a (0x77dbf317) x6  0xf7dc6e1a
core   0: 0x80007e1e (0x34006273) csrrsi  tp, mscratch, 0
core   0: 3 0x80007e1e (0x34006273) x4  0x0000037f
core   0: 0x80007e22 (0x00008f09) c.sub   a4, a0
core   0: 3 0x80007e22 (0x8f09) x14 0x00000365
core   0: 0x80007e24 (0x000001a6) c.slli  gp, 9
core   0: 3 0x80007e24 (0x01a6) x3  0x00000000
core   0: 0x80007e26 (0x01f9bd33) sltu    s10, s3, t6
core   0: 3 0x80007e26 (0x01f9bd33) x26 0x00000000
core   0: 0x80007e2a (0x000083b6) c.mv    t2, a3
core   0: 3 0x80007e2a (0x83b6) x7  0x00000000
core   0: 0x80007e2c (0x0000100f) fence.i
core   0: 3 0x80007e2c (0x0000100f)
core   0: 0x80007e30 (0x02f3f0b3) remu    ra, t2, a5
core   0: 3 0x80007e30 (0x02f3f0b3) x1  0x00000000
core   0: 0x80007e34 (0x34007273) csrrci  tp, mscratch, 0
core   0: 3 0x80007e34 (0x34007273) x4  0x0000037f
core   0: 0x80007e38 (0x00000001) c.nop
core   0: 3 0x80007e38 (0x0001)
core   0: 0x80007e3a (0x00a88263) beq     a7, a0, pc + 4
core   0: 3 0x80007e3a (0x00a88263)
core   0: 0x80007e3e (0x059cf063) bgeu    s9, s9, pc + 64
core   0: 3 0x80007e3e (0x059cf063)
core   0: 0x80007e7e (0x000080b5) c.srli  s1, 13
core   0: 3 0x80007e7e (0x80b5) x9  0x00068594
core   0: 0x80007e80 (0x03699c63) bne     s3, s6, pc + 56
core   0: 3 0x80007e80 (0x03699c63)
core   0: 0x80007eb8 (0x035c6d63) bltu    s8, s5, pc + 58
core   0: 3 0x80007eb8 (0x035c6d63)
core   0: 0x80007ebc (0x00008d91) c.sub   a1, a2
core   0: 3 0x80007ebc (0x8d91) x11 0xd0b2802b
core   0: 0x80007ebe (0x82b145b7) lui     a1, 0x82b14
core   0: 3 0x80007ebe (0x82b145b7) x11 0x82b14000
core   0: 0x80007ec2 (0x03ac4c33) div     s8, s8, s10
core   0: 3 0x80007ec2 (0x03ac4c33) x24 0xffffffff
core   0: 0x80007ec6 (0x03d5e9b3) rem     s3, a1, t4
core   0: 3 0x80007ec6 (0x03d5e9b3) x19 0x82b14000
core   0: 0x80007eca (0x34006bf3) csrrsi  s7, mscratch, 0
core   0: 3 0x80007eca (0x34006bf3) x23 0x0000037f
core   0: 0x80007ece (0x0032e963) bltu    t0, gp, pc + 18
core   0: 3 0x80007ece (0x0032e963)
core   0: 0x80007ed2 (0x03d59533) mulh    a0, a1, t4
core   0: 3 0x80007ed2 (0x03d59533) x10 0x3ea6370f
core   0: 0x80007ed6 (0x00008ca9) c.xor   s1, a0
core   0: 3 0x80007ed6 (0x8ca9) x9  0x3ea0b29b
core   0: 0x80007ed8 (0x013f5833) srl     a6, t5, s3
core   0: 3 0x80007ed8 (0x013f5833) x16 0x00000365
core   0: 0x80007edc (0x005379b3) and     s3, t1, t0
core   0: 3 0x80007edc (0x005379b3) x19 0x00000008
core   0: 0x80007ee0 (0x00008d59) c.or    a0, a4
core   0: 3 0x80007ee0 (0x8d59) x10 0x3ea6376f
core   0: 0x80007ee2 (0x0000141c) c.addi4spn a5, sp, 544
core   0: 3 0x80007ee2 (0x141c) x15 0x00000220
core   0: 0x80007ee4 (0x00008fa1) c.xor   a5, s0
core   0: 3 0x80007ee4 (0x8fa1) x15 0x00000220
core   0: 0x80007ee6 (0x0012e6b3) or      a3, t0, ra
core   0: 3 0x80007ee6 (0x0012e6b3) x13 0x00000008
core   0: 0x80007eea (0x34006173) csrrsi  sp, mscratch, 0
core   0: 3 0x80007eea (0x34006173) x2  0x0000037f
core   0: 0x80007eee (0x0000100f) fence.i
core   0: 3 0x80007eee (0x0000100f)
core   0: 0x80007ef2 (0x34002673) csrr    a2, mscratch
core   0: 3 0x80007ef2 (0x34002673) x12 0x0000037f
core   0: 0x80007ef6 (0x03ef84b3) mul     s1, t6, t5
core   0: 3 0x80007ef6 (0x03ef84b3) x9  0x000897a8
core   0: 0x80007efa (0x004d8a63) beq     s11, tp, pc + 20
core   0: 3 0x80007efa (0x004d8a63)
core   0: 0x80007efe (0xaec8c593) xori    a1, a7, -1300
core   0: 3 0x80007efe (0xaec8c593) x11 0xfffffaec
core   0: 0x80007f02 (0x03a02f33) mulhsu  t5, zero, s10
core   0: 3 0x80007f02 (0x03a02f33) x30 0x00000000
core   0: 0x80007f06 (0x0000adb3) slt     s11, ra, zero
core   0: 3 0x80007f06 (0x0000adb3) x27 0x00000000
core   0: 0x80007f0a (0x0055d833) srl     a6, a1, t0
core   0: 3 0x80007f0a (0x0055d833) x16 0x00fffffa
core   0: 0x80007f0e (0x00d49763) bne     s1, a3, pc + 14
core   0: 3 0x80007f0e (0x00d49763)
core   0: 0x80007f1c (0x0000616d) c.addi16sp sp, 240
core   0: 3 0x80007f1c (0x616d) x2  0x0000046f
core   0: 0x80007f1e (0x00008be9) c.andi  a5, 26
core   0: 3 0x80007f1e (0x8be9) x15 0x00000000
core   0: 0x80007f20 (0x00008cfd) c.and   s1, a5
core   0: 3 0x80007f20 (0x8cfd) x9  0x00000000
core   0: 0x80007f22 (0x01456763) bltu    a0, s4, pc + 14
core   0: 3 0x80007f22 (0x01456763)
core   0: 0x80007f26 (0x01529f13) slli    t5, t0, 21
core   0: 3 0x80007f26 (0x01529f13) x30 0x01000000
core   0: 0x80007f2a (0x00008155) c.srli  a0, 21
core   0: 3 0x80007f2a (0x8155) x10 0x000001f5
core   0: 0x80007f2c (0x0164af33) slt     t5, s1, s6
core   0: 3 0x80007f2c (0x0164af33) x30 0x00000000
core   0: 0x80007f30 (0x34065ff3) csrrwi  t6, mscratch, 12
core   0: 3 0x80007f30 (0x34065ff3) x31 0x0000037f c832_mscratch 0x0000000c
core   0: 0x80007f34 (0x4660bd93) sltiu   s11, ra, 1126
core   0: 3 0x80007f34 (0x4660bd93) x27 0x00000001
core   0: 0x80007f38 (0x00008d05) c.sub   a0, s1
core   0: 3 0x80007f38 (0x8d05) x10 0x000001f5
core   0: 0x80007f3a (0x00009a12) c.add   s4, tp
core   0: 3 0x80007f3a (0x9a12) x20 0x0000037f
core   0: 0x80007f3c (0x40230533) sub     a0, t1, sp
core   0: 3 0x80007f3c (0x40230533) x10 0xf7dc69ab
core   0: 0x80007f40 (0x2b83a693) slti    a3, t2, 696
core   0: 3 0x80007f40 (0x2b83a693) x13 0x00000001
core   0: 0x80007f44 (0x462e3093) sltiu   ra, t3, 1122
core   0: 3 0x80007f44 (0x462e3093) x1  0x00000000
core   0: 0x80007f48 (0xb2b94d93) xori    s11, s2, -1237
core   0: 3 0x80007f48 (0xb2b94d93) x27 0xfffffcc8
core   0: 0x80007f4c (0x0000e71d) c.bnez  a4, pc + 46
core   0: 3 0x80007f4c (0xe71d)
core   0: 0x80007f7a (0x03c418b3) mulh    a7, s0, t3
core   0: 3 0x80007f7a (0x03c418b3) x17 0x00000000
core   0: 0x80007f7e (0x0000717d) c.addi16sp sp, -16
core   0: 3 0x80007f7e (0x717d) x2  0x0000045f
core   0: 0x80007f80 (0x34007ff3) csrrci  t6, mscratch, 0
core   0: 3 0x80007f80 (0x34007ff3) x31 0x0000000c
core   0: 0x80007f84 (0x0000616d) c.addi16sp sp, 240
core   0: 3 0x80007f84 (0x616d) x2  0x0000054f
core   0: 0x80007f86 (0x119ed363) bge     t4, s9, pc + 262
core   0: 3 0x80007f86 (0x119ed363)
core   0: 0x80007f8a (0x76617c93) andi    s9, sp, 1894
core   0: 3 0x80007f8a (0x76617c93) x25 0x00000546
core   0: 0x80007f8e (0x00008245) c.srli  a2, 17
core   0: 3 0x80007f8e (0x8245) x12 0x00000000
core   0: 0x80007f90 (0x03b4c033) div     zero, s1, s11
core   0: 3 0x80007f90 (0x03b4c033)
core   0: 0x80007f94 (0x00006c61) c.lui   s8, 0x18
core   0: 3 0x80007f94 (0x6c61) x24 0x00018000
core   0: 0x80007f96 (0x0000018c) c.addi4spn a1, sp, 192
core   0: 3 0x80007f96 (0x018c) x11 0x0000060f
core   0: 0x80007f98 (0x0022b333) sltu    t1, t0, sp
core   0: 3 0x80007f98 (0x0022b333) x6  0x00000001
core   0: 0x80007f9c (0x34003573) csrrc   a0, mscratch, zero
core   0: 3 0x80007f9c (0x34003573) x10 0x0000000c
core   0: 0x80007fa0 (0x00008f15) c.sub   a4, a3
core   0: 3 0x80007fa0 (0x8f15) x14 0x00000364
core   0: 0x80007fa2 (0x12ab2a13) slti    s4, s6, 298
core   0: 3 0x80007fa2 (0x12ab2a13) x20 0x00000001
core   0: 0x80007fa6 (0x340074f3) csrrci  s1, mscratch, 0
core   0: 3 0x80007fa6 (0x340074f3) x9  0x0000000c
core   0: 0x80007faa (0x0297c1b3) div     gp, a5, s1
core   0: 3 0x80007faa (0x0297c1b3) x3  0x00000000
core   0: 0x80007fae (0x000082b2) c.mv    t0, a2
core   0: 3 0x80007fae (0x82b2) x5  0x00000000
core   0: 0x80007fb0 (0x00014617) auipc   a2, 0x14
core   0: 3 0x80007fb0 (0x00014617) x12 0x8001bfb0
core   0: 0x80007fb4 (0x01460613) addi    a2, a2, 20
core   0: 3 0x80007fb4 (0x01460613) x12 0x8001bfc4
core   0: 0x80007fb8 (0x00785093) srli    ra, a6, 7
core   0: 3 0x80007fb8 (0x00785093) x1  0x0001ffff
core   0: 0x80007fbc (0x01dc14b3) sll     s1, s8, t4
core   0: 3 0x80007fbc (0x01dc14b3) x9  0x00180000
core   0: 0x80007fc0 (0x0000100f) fence.i
core   0: 3 0x80007fc0 (0x0000100f)
core   0: 0x80007fc4 (0x03560083) lb      ra, 53(a2)
core   0: 3 0x80007fc4 (0x03560083) x1  0xffffffb2 mem 0x8001bff9
core   0: 0x80007fc8 (0x0ff0000f) fence   iorw,iorw
core   0: 3 0x80007fc8 (0x0ff0000f)
core   0: 0x80007fcc (0xdafd4593) xori    a1, s10, -593
core   0: 3 0x80007fcc (0xdafd4593) x11 0xfffffdaf
core   0: 0x80007fd0 (0x00008de1) c.and   a1, s0
core   0: 3 0x80007fd0 (0x8de1) x11 0x00000000
core   0: 0x80007fd2 (0xffc600a3) sb      t3, -31(a2)
core   0: 3 0x80007fd2 (0xffc600a3) mem 0x8001bfa5 0x24
core   0: 0x80007fd6 (0x00000001) c.nop
core   0: 3 0x80007fd6 (0x0001)
core   0: 0x80007fd8 (0xfca61083) lh      ra, -54(a2)
core   0: 3 0x80007fd8 (0xfca61083) x1  0x00004445 mem 0x8001bf8e
core   0: 0x80007fdc (0x00004658) c.lw    a4, 12(a2)
core   0: 3 0x80007fdc (0x4658) x14 0x88898a8b mem 0x8001bfd0
core   0: 0x80007fde (0x03964a03) lbu     s4, 57(a2)
core   0: 3 0x80007fde (0x03964a03) x20 0x000000b6 mem 0x8001bffd
core   0: 0x80007fe2 (0x00009976) c.add   s2, t4
core   0: 3 0x80007fe2 (0x9976) x18 0x80026687
core   0: 0x80007fe4 (0x00008ea1) c.xor   a3, s0
core   0: 3 0x80007fe4 (0x8ea1) x13 0x00000001
core   0: 0x80007fe6 (0x34006573) csrrsi  a0, mscratch, 0
core   0: 3 0x80007fe6 (0x34006573) x10 0x0000000c
core   0: 0x80007fea (0xffa60d23) sb      s10, -6(a2)
core   0: 3 0x80007fea (0xffa60d23) mem 0x8001bfbe 0x00
core   0: 0x80007fee (0x000095ba) c.add   a1, a4
core   0: 3 0x80007fee (0x95ba) x11 0x88898a8b
core   0: 0x80007ff0 (0xfe665a03) lhu     s4, -26(a2)
core   0: 3 0x80007ff0 (0xfe665a03) x20 0x00006061 mem 0x8001bfaa
core   0: 0x80007ff4 (0xfdc61c03) lh      s8, -36(a2)
core   0: 3 0x80007ff4 (0xfdc61c03) x24 0x00005a5b mem 0x8001bfa0
core   0: 0x80007ff8 (0xfca65383) lhu     t2, -54(a2)
core   0: 3 0x80007ff8 (0xfca65383) x7  0x00004445 mem 0x8001bf8e
core   0: 0x80007ffc (0xff560283) lb      t0, -11(a2)
core   0: 3 0x80007ffc (0xff560283) x5  0x00000072 mem 0x8001bfb9
core   0: 0x80008000 (0x69f87d93) andi    s11, a6, 1695
core   0: 3 0x80008000 (0x69f87d93) x27 0x0000069a
core   0: 0x80008004 (0x00647db3) and     s11, s0, t1
core   0: 3 0x80008004 (0x00647db3) x27 0x00000000
core   0: 0x80008008 (0xfdc60103) lb      sp, -36(a2)
core   0: 3 0x80008008 (0xfdc60103) x2  0x0000005b mem 0x8001bfa0
core   0: 0x8000800c (0x00000001) c.nop
core   0: 3 0x8000800c (0x0001)
core   0: 0x8000800e (0x00005208) c.lw    a0, 32(a2)
core   0: 3 0x8000800e (0x5208) x10 0x9c9d9e9f mem 0x8001bfe4
core   0: 0x80008010 (0x03b60903) lb      s2, 59(a2)
core   0: 3 0x80008010 (0x03b60903) x18 0xffffffb4 mem 0x8001bfff
core   0: 0x80008014 (0xfda64c03) lbu     s8, -38(a2)
core   0: 3 0x80008014 (0xfda64c03) x24 0x00000055 mem 0x8001bf9e
core   0: 0x80008018 (0x033483b3) mul     t2, s1, s3
core   0: 3 0x80008018 (0x033483b3) x7  0x00c00000
core   0: 0x8000801c (0x00006535) c.lui   a0, 0xd
core   0: 3 0x8000801c (0x6535) x10 0x0000d000
core   0: 0x8000801e (0x03a65103) lhu     sp, 58(a2)
core   0: 3 0x8000801e (0x03a65103) x2  0x0000b4b5 mem 0x8001bffe
core   0: 0x80008022 (0x03465d03) lhu     s10, 52(a2)
core   0: 3 0x80008022 (0x03465d03) x26 0x0000b2b3 mem 0x8001bff8
core   0: 0x80008026 (0xfde60ea3) sb      t5, -35(a2)
core   0: 3 0x80008026 (0xfde60ea3) mem 0x8001bfa1 0x00
core   0: 0x8000802a (0xfe160923) sb      ra, -14(a2)
core   0: 3 0x8000802a (0xfe160923) mem 0x8001bfb6 0x45
core   0: 0x8000802e (0xfe7602a3) sb      t2, -27(a2)
core   0: 3 0x8000802e (0xfe7602a3) mem 0x8001bfa9 0x00
core   0: 0x80008032 (0x00009afd) c.andi  a3, -1
core   0: 3 0x80008032 (0x9afd) x13 0x00000001
core   0: 0x80008034 (0xfd461703) lh      a4, -44(a2)
core   0: 3 0x80008034 (0xfd461703) x14 0x00005253 mem 0x8001bf98
core   0: 0x80008038 (0x02164f03) lbu     t5, 33(a2)
core   0: 3 0x80008038 (0x02164f03) x30 0x0000009e mem 0x8001bfe5
core   0: 0x8000803c (0x00008d35) c.xor   a0, a3
core   0: 3 0x8000803c (0x8d35) x10 0x0000d001
core   0: 0x8000803e (0x03514333) div     t1, sp, s5
core   0: 3 0x8000803e (0x03514333) x6  0xffffffff
core   0: 0x80008042 (0xff061f23) sh      a6, -2(a2)
core   0: 3 0x80008042 (0xff061f23) mem 0x8001bfc2 0xfffa
core   0: 0x80008046 (0x02860683) lb      a3, 40(a2)
core   0: 3 0x80008046 (0x02860683) x13 0xffffffa7 mem 0x8001bfec
core   0: 0x8000804a (0x01facc33) xor     s8, s5, t6
core   0: 3 0x8000804a (0x01facc33) x24 0x0000000c
core   0: 0x8000804e (0x025b7833) remu    a6, s6, t0
core   0: 3 0x8000804e (0x025b7833) x16 0x00000050
core   0: 0x80008052 (0x40868cb3) sub     s9, a3, s0
core   0: 3 0x80008052 (0x40868cb3) x25 0xffffffa7
core   0: 0x80008056 (0x00501393) slli    t2, zero, 5
core   0: 3 0x80008056 (0x00501393) x7  0x00000000
core   0: 0x8000805a (0x00001f04) c.addi4spn s1, sp, 944
core   0: 3 0x8000805a (0x1f04) x9  0x0000b865
core   0: 0x8000805c (0x01960823) sb      s9, 16(a2)
core   0: 3 0x8000805c (0x01960823) mem 0x8001bfd4 0xa7
core   0: 0x80008060 (0xfdf64703) lbu     a4, -33(a2)
core   0: 3 0x80008060 (0xfdf64703) x14 0x00000058 mem 0x8001bfa3
core   0: 0x80008064 (0x03ae06b3) mul     a3, t3, s10
core   0: 3 0x80008064 (0x03ae06b3) x13 0x5316e82c
core   0: 0x80008068 (0x00009b5a) c.add   s6, s6
core   0: 3 0x80008068 (0x9b5a) x22 0x90f18000
core   0: 0x8000806a (0x59d10893) addi    a7, sp, 1437
core   0: 3 0x8000806a (0x59d10893) x17 0x0000ba52
core   0: 0x8000806e (0x00008fd1) c.or    a5, a2
core   0: 3 0x8000806e (0x8fd1) x15 0x8001bfc4
core   0: 0x80008070 (0xff964f03) lbu     t5, -7(a2)
core   0: 3 0x80008070 (0xff964f03) x30 0x00000076 mem 0x8001bfbd
core   0: 0x80008074 (0x340f1373) csrrw   t1, mscratch, t5
core   0: 3 0x80008074 (0x340f1373) x6  0x0000000c c832_mscratch 0x00000076
core   0: 0x80008078 (0x340bfb73) csrrci  s6, mscratch, 23
core   0: 3 0x80008078 (0x340bfb73) x22 0x00000076 c832_mscratch 0x00000060
core   0: 0x8000807c (0x00f682b3) add     t0, a3, a5
core   0: 3 0x8000807c (0x00f682b3) x5  0xd318a7f0
core   0: 0x80008080 (0x02d15cb3) divu    s9, sp, a3
core   0: 3 0x80008080 (0x02d15cb3) x25 0x00000000
core   0: 0x80008084 (0x0ff0000f) fence   iorw,iorw
core   0: 3 0x80008084 (0x0ff0000f)
core   0: 0x80008088 (0x0ff0000f) fence   iorw,iorw
core   0: 3 0x80008088 (0x0ff0000f)
core   0: 0x8000808c (0xf6cd7993) andi    s3, s10, -148
core   0: 3 0x8000808c (0xf6cd7993) x19 0x0000b220
core   0: 0x80008090 (0x0000e501) c.bnez  a0, pc + 8
core   0: 3 0x80008090 (0xe501)
core   0: 0x80008098 (0x0000100f) fence.i
core   0: 3 0x80008098 (0x0000100f)
core   0: 0x8000809c (0x029de5b3) rem     a1, s11, s1
core   0: 3 0x8000809c (0x029de5b3) x11 0x00000000
core   0: 0x800080a0 (0x0ff0000f) fence   iorw,iorw
core   0: 3 0x800080a0 (0x0ff0000f)
core   0: 0x800080a4 (0x00001ffd) c.addi  t6, -1
core   0: 3 0x800080a4 (0x1ffd) x31 0x0000000b
core   0: 0x800080a6 (0x005f8933) add     s2, t6, t0
core   0: 3 0x800080a6 (0x005f8933) x18 0xd318a7fb
core   0: 0x800080aa (0xee04f993) andi    s3, s1, -288
core   0: 3 0x800080aa (0xee04f993) x19 0x0000b860
core   0: 0x800080ae (0x0000ee85) c.bnez  a3, pc + 56
core   0: 3 0x800080ae (0xee85)
core   0: 0x800080e6 (0x00ebe1b3) or      gp, s7, a4
core   0: 3 0x800080e6 (0x00ebe1b3) x3  0x0000037f
core   0: 0x800080ea (0x00177bb3) and     s7, a4, ra
core   0: 3 0x800080ea (0x00177bb3) x23 0x00000040
core   0: 0x800080ee (0x000086fd) c.srai  a3, 31
core   0: 3 0x800080ee (0x86fd) x13 0x00000000
core   0: 0x800080f0 (0x000099fd) c.andi  a1, -1
core   0: 3 0x800080f0 (0x99fd) x11 0x00000000
core   0: 0x800080f2 (0x0192da13) srli    s4, t0, 25
core   0: 3 0x800080f2 (0x0192da13) x20 0x00000069
core   0: 0x800080f6 (0x00065e63) bgez    a2, pc + 28
core   0: 3 0x800080f6 (0x00065e63)
core   0: 0x800080fa (0x34003ff3) csrrc   t6, mscratch, zero
core   0: 3 0x800080fa (0x34003ff3) x31 0x00000060
core   0: 0x800080fe (0x34007173) csrrci  sp, mscratch, 0
core   0: 3 0x800080fe (0x34007173) x2  0x00000060
core   0: 0x80008102 (0x0000e501) c.bnez  a0, pc + 8
core   0: 3 0x80008102 (0xe501)
core   0: 0x8000810a (0x00b7d363) bge     a5, a1, pc + 6
core   0: 3 0x8000810a (0x00b7d363)
core   0: 0x8000810e (0x00008c0e) c.mv    s8, gp
core   0: 3 0x8000810e (0x8c0e) x24 0x0000037f
core   0: 0x80008110 (0x00008e11) c.sub   a2, a2
core   0: 3 0x80008110 (0x8e11) x12 0x00000000
core   0: 0x80008112 (0x00000001) c.nop
core   0: 3 0x80008112 (0x0001)
core   0: 0x80008114 (0x065a1b63) bne     s4, t0, pc + 118
core   0: 3 0x80008114 (0x065a1b63)
core   0: 0x8000818a (0x000013fd) c.addi  t2, -1
core   0: 3 0x8000818a (0x13fd) x7  0xffffffff
core   0: 0x8000818c (0x004f75b3) and     a1, t5, tp
core   0: 3 0x8000818c (0x004f75b3) x11 0x00000076
core   0: 0x80008190 (0x02777933) remu    s2, a4, t2
core   0: 3 0x80008190 (0x02777933) x18 0x00000058
core   0: 0x80008194 (0x00000001) c.nop
core   0: 3 0x80008194 (0x0001)
core   0: 0x80008196 (0x031b1163) bne     s6, a7, pc + 34
core   0: 3 0x80008196 (0x031b1163)
core   0: 0x800081b8 (0x40c7d633) sra     a2, a5, a2
core   0: 3 0x800081b8 (0x40c7d633) x12 0x8001bfc4
core   0: 0x800081bc (0x40770633) sub     a2, a4, t2
core   0: 3 0x800081bc (0x40770633) x12 0x00000059
core   0: 0x800081c0 (0x00000001) c.nop
core   0: 3 0x800081c0 (0x0001)
core   0: 0x800081c2 (0x3404d273) csrrwi  tp, mscratch, 9
core   0: 3 0x800081c2 (0x3404d273) x4  0x00000060 c832_mscratch 0x00000009
core   0: 0x800081c6 (0x014a4563) blt     s4, s4, pc + 10
core   0: 3 0x800081c6 (0x014a4563)
core   0: 0x800081ca (0x02deb8b3) mulhu   a7, t4, a3
core   0: 3 0x800081ca (0x02deb8b3) x17 0x00000000
core   0: 0x800081ce (0x0000c581) c.beqz  a1, pc + 8
core   0: 3 0x800081ce (0xc581)
core   0: 0x800081d0 (0x40858d33) sub     s10, a1, s0
core   0: 3 0x800081d0 (0x40858d33) x26 0x00000076
core   0: 0x800081d4 (0x00001bfd) c.addi  s7, -1
core   0: 3 0x800081d4 (0x1bfd) x23 0x0000003f
core   0: 0x800081d6 (0x28a1c513) xori    a0, gp, 650
core   0: 3 0x800081d6 (0x28a1c513) x10 0x000001f5
core   0: 0x800081da (0x340edc73) csrrwi  s8, mscratch, 29
core   0: 3 0x800081da (0x340edc73) x24 0x00000009 c832_mscratch 0x0000001d
core   0: 0x800081de (0x0315aa33) mulhsu  s4, a1, a7
core   0: 3 0x800081de (0x0315aa33) x20 0x00000000
core   0: 0x800081e2 (0x00008349) c.srli  a4, 18
core   0: 3 0x800081e2 (0x8349) x14 0x00000000
core   0: 0x800081e4 (0x34076af3) csrrsi  s5, mscratch, 14
core   0: 3 0x800081e4 (0x34076af3) x21 0x0000001d c832_mscratch 0x0000001f
core   0: 0x800081e8 (0x00008ead) c.xor   a3, a1
core   0: 3 0x800081e8 (0x8ead) x13 0x00000076
core   0: 0x800081ea (0x018c5893) srli    a7, s8, 24
core   0: 3 0x800081ea (0x018c5893) x17 0x00000000
core   0: 0x800081ee (0x01169313) slli    t1, a3, 17
core   0: 3 0x800081ee (0x01169313) x6  0x00ec0000
core   0: 0x800081f2 (0x00000001) c.nop
core   0: 3 0x800081f2 (0x0001)
core   0: 0x800081f4 (0x01a2a733) slt     a4, t0, s10
core   0: 3 0x800081f4 (0x01a2a733) x14 0x00000001
core   0: 0x800081f8 (0x003da333) slt     t1, s11, gp
core   0: 3 0x800081f8 (0x003da333) x6  0x00000001
core   0: 0x800081fc (0xd5736113) ori     sp, t1, -681
core   0: 3 0x800081fc (0xd5736113) x2  0xfffffd57
core   0: 0x80008200 (0x020c0d63) beqz    s8, pc + 58
core   0: 3 0x80008200 (0x020c0d63)
core   0: 0x80008204 (0x01b41763) bne     s0, s11, pc + 14
core   0: 3 0x80008204 (0x01b41763)
core   0: 0x80008208 (0x0ff0000f) fence   iorw,iorw
core   0: 3 0x80008208 (0x0ff0000f)
core   0: 0x8000820c (0x0000c719) c.beqz  a4, pc + 14
core   0: 3 0x8000820c (0xc719)
core   0: 0x8000820e (0x00dd9513) slli    a0, s11, 13
core   0: 3 0x8000820e (0x00dd9513) x10 0x00000000
core   0: 0x80008212 (0x340d1a73) csrrw   s4, mscratch, s10
core   0: 3 0x80008212 (0x340d1a73) x20 0x0000001f c832_mscratch 0x00000076
core   0: 0x80008216 (0x00008d51) c.or    a0, a2
core   0: 3 0x80008216 (0x8d51) x10 0x00000059
core   0: 0x80008218 (0x000088f5) c.andi  s1, 29
core   0: 3 0x80008218 (0x88f5) x9  0x00000005
core   0: 0x8000821a (0x34007a73) csrrci  s4, mscratch, 0
core   0: 3 0x8000821a (0x34007a73) x20 0x00000076
core   0: 0x8000821e (0x00308633) add     a2, ra, gp
core   0: 3 0x8000821e (0x00308633) x12 0x000047c4
core   0: 0x80008222 (0x00621c33) sll     s8, tp, t1
core   0: 3 0x80008222 (0x00621c33) x24 0x000000c0
core   0: 0x80008226 (0x000088ce) c.mv    a7, s3
core   0: 3 0x80008226 (0x88ce) x17 0x0000b860
core   0: 0x80008228 (0x58e0dab7) lui     s5, 0x58e0d
core   0: 3 0x80008228 (0x58e0dab7) x21 0x58e0d000
core   0: 0x8000822c (0x000081d5) c.srli  a1, 21
core   0: 3 0x8000822c (0x81d5) x11 0x00000000
core   0: 0x8000822e (0x340023f3) csrr    t2, mscratch
core   0: 3 0x8000822e (0x340023f3) x7  0x00000076
core   0: 0x80008232 (0x48b0f213) andi    tp, ra, 1163
core   0: 3 0x80008232 (0x48b0f213) x4  0x00000401
core   0: 0x80008236 (0x01ffd893) srli    a7, t6, 31
core   0: 3 0x80008236 (0x01ffd893) x17 0x00000000
core   0: 0x8000823a (0x03c3fc63) bgeu    t2, t3, pc + 56
core   0: 3 0x8000823a (0x03c3fc63)
core   0: 0x8000823e (0x34045cf3) csrrwi  s9, mscratch, 8
core   0: 3 0x8000823e (0x34045cf3) x25 0x00000076 c832_mscratch 0x00000008
core   0: 0x80008242 (0x0000c209) c.beqz  a2, pc + 2
core   0: 3 0x80008242 (0xc209)
core   0: 0x80008244 (0xc8a37913) andi    s2, t1, -886
core   0: 3 0x80008244 (0xc8a37913) x18 0x00000000
core   0: 0x80008248 (0x037f8863) beq     t6, s7, pc + 48
core   0: 3 0x80008248 (0x037f8863)
core   0: 0x8000824c (0x007fd033) srl     zero, t6, t2
core   0: 3 0x8000824c (0x007fd033)
core   0: 0x80008250 (0x03337bb3) remu    s7, t1, s3
core   0: 3 0x80008250 (0x03337bb3) x23 0x00000001
core   0: 0x80008254 (0x0000cb99) c.beqz  a5, pc + 22
core   0: 3 0x80008254 (0xcb99)
core   0: 0x80008256 (0x00bfefb3) or      t6, t6, a1
core   0: 3 0x80008256 (0x00bfefb3) x31 0x00000060
core   0: 0x8000825a (0x13888a13) addi    s4, a7, 312
core   0: 3 0x8000825a (0x13888a13) x20 0x00000138
core   0: 0x8000825e (0x000081fe) c.mv    gp, t6
core   0: 3 0x8000825e (0x81fe) x3  0x00000060
core   0: 0x80008260 (0x00009806) c.add   a6, ra
core   0: 3 0x80008260 (0x9806) x16 0x00004495
core   0: 0x80008262 (0x8f4e8c37) lui     s8, 0x8f4e8
core   0: 3 0x80008262 (0x8f4e8c37) x24 0x8f4e8000
core   0: 0x80008266 (0x01dee263) bltu    t4, t4, pc + 4
core   0: 3 0x80008266 (0x01dee263)
core   0: 0x8000826a (0x045e0363) beq     t3, t0, pc + 70
core   0: 3 0x8000826a (0x045e0363)
core   0: 0x8000826e (0x33d80c13) addi    s8, a6, 829
core   0: 3 0x8000826e (0x33d80c13) x24 0x000047d2
core   0: 0x80008272 (0x00000001) c.nop
core   0: 3 0x80008272 (0x0001)
core   0: 0x80008274 (0x006eaab3) slt     s5, t4, t1
core   0: 3 0x80008274 (0x006eaab3) x21 0x00000001
core   0: 0x80008278 (0x009f1313) slli    t1, t5, 9
core   0: 3 0x80008278 (0x009f1313) x6  0x0000ec00
core   0: 0x8000827c (0x00000b1d) c.addi  s6, 7
core   0: 3 0x8000827c (0x0b1d) x22 0x0000007d
core   0: 0x8000827e (0x00eed313) srli    t1, t4, 14
core   0: 3 0x8000827e (0x00eed313) x6  0x00020009
core   0: 0x80008282 (0x7ae78713) addi    a4, a5, 1966
core   0: 3 0x80008282 (0x7ae78713) x14 0x8001c772
core   0: 0x80008286 (0x94f30a13) addi    s4, t1, -1713
core   0: 3 0x80008286 (0x94f30a13) x20 0x0001f958
core   0: 0x8000828a (0x90307c93) andi    s9, zero, -1789
core   0: 3 0x8000828a (0x90307c93) x25 0x00000000
core   0: 0x8000828e (0x00000001) c.nop
core   0: 3 0x8000828e (0x0001)
core   0: 0x80008290 (0x02b8dab3) divu    s5, a7, a1
core   0: 3 0x80008290 (0x02b8dab3) x21 0xffffffff
core   0: 0x80008294 (0x02d2afb3) mulhsu  t6, t0, a3
core   0: 3 0x80008294 (0x02d2afb3) x31 0xffffffeb
core   0: 0x80008298 (0x9cbe7c13) andi    s8, t3, -1589
core   0: 3 0x80008298 (0x9cbe7c13) x24 0x80029900
core   0: 0x8000829c (0x340b91f3) csrrw   gp, mscratch, s7
core   0: 3 0x8000829c (0x340b91f3) x3  0x00000008 c832_mscratch 0x00000001
core   0: 0x800082a0 (0x00da0c33) add     s8, s4, a3
core   0: 3 0x800082a0 (0x00da0c33) x24 0x0001f9ce
core   0: 0x800082a4 (0x01841fb3) sll     t6, s0, s8
core   0: 3 0x800082a4 (0x01841fb3) x31 0x00000000
core   0: 0x800082a8 (0x340294f3) csrrw   s1, mscratch, t0
core   0: 3 0x800082a8 (0x340294f3) x9  0x00000001 c832_mscratch 0xd318a7f0
core   0: 0x800082ac (0x29ee6b17) auipc   s6, 0x29ee6
core   0: 3 0x800082ac (0x29ee6b17) x22 0xa9eee2ac
core   0: 0x800082b0 (0x0000557d) c.li    a0, -1
core   0: 3 0x800082b0 (0x557d) x10 0xffffffff
core   0: 0x800082b2 (0x00000001) c.nop
core   0: 3 0x800082b2 (0x0001)
core   0: 0x800082b4 (0x01d9a3b3) slt     t2, s3, t4
core   0: 3 0x800082b4 (0x01d9a3b3) x7  0x00000000
core   0: 0x800082b8 (0x00000001) c.nop
core   0: 3 0x800082b8 (0x0001)
core   0: 0x800082ba (0x9b7d2d13) slti    s10, s10, -1609
core   0: 3 0x800082ba (0x9b7d2d13) x26 0x00000000
core   0: 0x800082be (0x00008e31) c.xor   a2, a2
core   0: 3 0x800082be (0x8e31) x12 0x00000000
core   0: 0x800082c0 (0x00008fe5) c.and   a5, s1
core   0: 3 0x800082c0 (0x8fe5) x15 0x00000000
core   0: 0x800082c2 (0x004a3933) sltu    s2, s4, tp
core   0: 3 0x800082c2 (0x004a3933) x18 0x00000000
core   0: 0x800082c6 (0xd218c513) xori    a0, a7, -735
core   0: 3 0x800082c6 (0xd218c513) x10 0xfffffd21
core   0: 0x800082ca (0x00008f89) c.sub   a5, a0
core   0: 3 0x800082ca (0x8f89) x15 0x000002df
core   0: 0x800082cc (0x00983733) sltu    a4, a6, s1
core   0: 3 0x800082cc (0x00983733) x14 0x00000000
core   0: 0x800082d0 (0x005640b3) xor     ra, a2, t0
core   0: 3 0x800082d0 (0x005640b3) x1  0xd318a7f0
core   0: 0x800082d4 (0x00008dc9) c.or    a1, a0
core   0: 3 0x800082d4 (0x8dc9) x11 0xfffffd21
core   0: 0x800082d6 (0x03f46a33) rem     s4, s0, t6
core   0: 3 0x800082d6 (0x03f46a33) x20 0x00000000
core   0: 0x800082da (0x2c60e513) ori     a0, ra, 710
core   0: 3 0x800082da (0x2c60e513) x10 0xd318a7f6
core   0: 0x800082de (0x28d55d97) auipc   s11, 0x28d55
core   0: 3 0x800082de (0x28d55d97) x27 0xa8d5d2de
core   0: 0x800082e2 (0x00008e01) c.sub   a2, s0
core   0: 3 0x800082e2 (0x8e01) x12 0x00000000
core   0: 0x800082e4 (0x00622333) slt     t1, tp, t1
core   0: 3 0x800082e4 (0x00622333) x6  0x00000001
core   0: 0x800082e8 (0x0000e515) c.bnez  a0, pc + 44
core   0: 3 0x800082e8 (0xe515)
core   0: 0x80008314 (0x340e68f3) csrrsi  a7, mscratch, 28
core   0: 3 0x80008314 (0x340e68f3) x17 0xd318a7f0 c832_mscratch 0xd318a7fc
core   0: 0x80008318 (0x340076f3) csrrci  a3, mscratch, 0
core   0: 3 0x80008318 (0x340076f3) x13 0xd318a7fc
core   0: 0x8000831c (0x00000001) c.nop
core   0: 3 0x8000831c (0x0001)
core   0: 0x8000831e (0x01849fb3) sll     t6, s1, s8
core   0: 3 0x8000831e (0x01849fb3) x31 0x00004000
core   0: 0x80008322 (0x34017bf3) csrrci  s7, mscratch, 2
core   0: 3 0x80008322 (0x34017bf3) x23 0xd318a7fc c832_mscratch 0xd318a7fc
core   0: 0x80008326 (0x034c26b3) mulhsu  a3, s8, s4
core   0: 3 0x80008326 (0x034c26b3) x13 0x00000000
core   0: 0x8000832a (0x0ff0000f) fence   iorw,iorw
core   0: 3 0x8000832a (0x0ff0000f)
core   0: 0x8000832e (0x0000c889) c.beqz  s1, pc + 18
core   0: 3 0x8000832e (0xc889)
core   0: 0x80008330 (0x00721793) slli    a5, tp, 7
core   0: 3 0x80008330 (0x00721793) x15 0x00020080
core   0: 0x80008334 (0x03a5d833) divu    a6, a1, s10
core   0: 3 0x80008334 (0x03a5d833) x16 0xffffffff
core   0: 0x80008338 (0x3edaef93) ori     t6, s5, 1005
core   0: 3 0x80008338 (0x3edaef93) x31 0xffffffff
core   0: 0x8000833c (0xb2b5bc13) sltiu   s8, a1, -1237
core   0: 3 0x8000833c (0xb2b5bc13) x24 0x00000000
core   0: 0x80008340 (0x0000e88d) c.bnez  s1, pc + 50
core   0: 3 0x80008340 (0xe88d)
core   0: 0x80008372 (0x00008f2d) c.xor   a4, a1
core   0: 3 0x80008372 (0x8f2d) x14 0xfffffd21
core   0: 0x80008374 (0x003c8233) add     tp, s9, gp
core   0: 3 0x80008374 (0x003c8233) x4  0x00000008
core   0: 0x80008378 (0x0df63893) sltiu   a7, a2, 223
core   0: 3 0x80008378 (0x0df63893) x17 0x00000001
core   0: 0x8000837c (0x00000001) c.nop
core   0: 3 0x8000837c (0x0001)
core   0: 0x8000837e (0x00008142) c.mv    sp, a6
core   0: 3 0x8000837e (0x8142) x2  0xffffffff
core   0: 0x80008380 (0x41d05533) sra     a0, zero, t4
core   0: 3 0x80008380 (0x41d05533) x10 0x00000000
core   0: 0x80008384 (0x013c42b3) xor     t0, s8, s3
core   0: 3 0x80008384 (0x013c42b3) x5  0x0000b860
core   0: 0x80008388 (0x00000509) c.addi  a0, 2
core   0: 3 0x80008388 (0x0509) x10 0x00000002
core   0: 0x8000838a (0x00008655) c.srai  a2, 21
core   0: 3 0x8000838a (0x8655) x12 0x00000000
core   0: 0x8000838c (0x0169f6b3) and     a3, s3, s6
core   0: 3 0x8000838c (0x0169f6b3) x13 0x0000a020
core   0: 0x80008390 (0x7a547593) andi    a1, s0, 1957
core   0: 3 0x80008390 (0x7a547593) x11 0x00000000
core   0: 0x80008394 (0x024f6b33) rem     s6, t5, tp
core   0: 3 0x80008394 (0x024f6b33) x22 0x00000006
core   0: 0x80008398 (0x0000bb93) sltiu   s7, ra, 0
core   0: 3 0x80008398 (0x0000bb93) x23 0x00000000
core   0: 0x8000839c (0x00008729) c.srai  a4, 10
core   0: 3 0x8000839c (0x8729) x14 0xffffffff
core   0: 0x8000839e (0x01b3ffb3) and     t6, t2, s11
core   0: 3 0x8000839e (0x01b3ffb3) x31 0x00000000
core   0: 0x800083a2 (0x405bd393) srai    t2, s7, 5
core   0: 3 0x800083a2 (0x405bd393) x7  0x00000000
core   0: 0x800083a6 (0x41ecd213) srai    tp, s9, 30
core   0: 3 0x800083a6 (0x41ecd213) x4  0x00000000
core   0: 0x800083aa (0x3406da73) csrrwi  s4, mscratch, 13
core   0: 3 0x800083aa (0x3406da73) x20 0xd318a7fc c832_mscratch 0x0000000d
core   0: 0x800083ae (0x00008ff1) c.and   a5, a2
core   0: 3 0x800083ae (0x8ff1) x15 0x00000000
core   0: 0x800083b0 (0x0000e50d) c.bnez  a0, pc + 42
core   0: 3 0x800083b0 (0xe50d)
core   0: 0x800083da (0x02694d33) div     s10, s2, t1
core   0: 3 0x800083da (0x02694d33) x26 0x00000000
core   0: 0x800083de (0x0091da93) srli    s5, gp, 9
core   0: 3 0x800083de (0x0091da93) x21 0x00000000
core   0: 0x800083e2 (0x0000ef1d) c.bnez  a4, pc + 62
core   0: 3 0x800083e2 (0xef1d)
core   0: 0x80008420 (0x000085e9) c.srai  a1, 26
core   0: 3 0x80008420 (0x85e9) x11 0x00000000
core   0: 0x80008422 (0x34077a73) csrrci  s4, mscratch, 14
core   0: 3 0x80008422 (0x34077a73) x20 0x0000000d c832_mscratch 0x00000001
core   0: 0x80008426 (0x340f12f3) csrrw   t0, mscratch, t5
core   0: 3 0x80008426 (0x340f12f3) x5  0x00000001 c832_mscratch 0x00000076
core   0: 0x8000842a (0x00e25613) srli    a2, tp, 14
core   0: 3 0x8000842a (0x00e25613) x12 0x00000000
core   0: 0x8000842e (0x001e7d63) bgeu    t3, ra, pc + 26
core   0: 3 0x8000842e (0x001e7d63)
core   0: 0x80008432 (0x76363913) sltiu   s2, a2, 1891
core   0: 3 0x80008432 (0x76363913) x18 0x00000001
core   0: 0x80008436 (0x03406863) bltu    zero, s4, pc + 48
core   0: 3 0x80008436 (0x03406863)
core   0: 0x80008466 (0x0000e919) c.bnez  a0, pc + 22
core   0: 3 0x80008466 (0xe919)
core   0: 0x8000847c (0x34003773) csrrc   a4, mscratch, zero
core   0: 3 0x8000847c (0x34003773) x14 0x00000076
core   0: 0x80008480 (0x00000c08) c.addi4spn a0, sp, 528
core   0: 3 0x80008480 (0x0c08) x10 0x0000020f
core   0: 0x80008482 (0xdb588397) auipc   t2, 0xdb588
core   0: 3 0x80008482 (0xdb588397) x7  0x5b590482
core   0: 0x80008486 (0x00008da1) c.xor   a1, s0
core   0: 3 0x80008486 (0x8da1) x11 0x00000000
core   0: 0x80008488 (0x5d621c37) lui     s8, 0x5d621
core   0: 3 0x80008488 (0x5d621c37) x24 0x5d621000
core   0: 0x8000848c (0xaee6ec17) auipc   s8, 0xaee6e
core   0: 3 0x8000848c (0xaee6ec17) x24 0x2ee7648c
core   0: 0x80008490 (0x00008f21) c.xor   a4, s0
core   0: 3 0x80008490 (0x8f21) x14 0x00000076
core   0: 0x80008492 (0x00cdcbb3) xor     s7, s11, a2
core   0: 3 0x80008492 (0x00cdcbb3) x23 0xa8d5d2de
core   0: 0x80008496 (0x00008d09) c.sub   a0, a0
core   0: 3 0x80008496 (0x8d09) x10 0x00000000
core   0: 0x80008498 (0x00000496) c.slli  s1, 5
core   0: 3 0x80008498 (0x0496) x9  0x00000020
core   0: 0x8000849a (0x40558c33) sub     s8, a1, t0
core   0: 3 0x8000849a (0x40558c33) x24 0xffffffff
core   0: 0x8000849e (0x008ddbb3) srl     s7, s11, s0
core   0: 3 0x8000849e (0x008ddbb3) x23 0xa8d5d2de
core   0: 0x800084a2 (0x0ff0000f) fence   iorw,iorw
core   0: 3 0x800084a2 (0x0ff0000f)
core   0: 0x800084a6 (0x000081d6) c.mv    gp, s5
core   0: 3 0x800084a6 (0x81d6) x3  0x00000000
core   0: 0x800084a8 (0x0000c519) c.beqz  a0, pc + 14
core   0: 3 0x800084a8 (0xc519)
core   0: 0x800084b6 (0x00c0d263) bge     ra, a2, pc + 4
core   0: 3 0x800084b6 (0x00c0d263)
core   0: 0x800084ba (0x4d7bbd37) lui     s10, 0x4d7bb
core   0: 3 0x800084ba (0x4d7bbd37) x26 0x4d7bb000
core   0: 0x800084be (0x03c036b3) mulhu   a3, zero, t3
core   0: 3 0x800084be (0x03c036b3) x13 0x00000000
core   0: 0x800084c2 (0x65e0f213) andi    tp, ra, 1630
core   0: 3 0x800084c2 (0x65e0f213) x4  0x00000650
core   0: 0x800084c6 (0x0000717d) c.addi16sp sp, -16
core   0: 3 0x800084c6 (0x717d) x2  0xffffffef
core   0: 0x800084c8 (0x01d1c233) xor     tp, gp, t4
core   0: 3 0x800084c8 (0x01d1c233) x4  0x80025ea4
core   0: 0x800084cc (0xa4a949b7) lui     s3, 0xa4a94
core   0: 3 0x800084cc (0xa4a949b7) x19 0xa4a94000
core   0: 0x800084d0 (0x34051773) csrrw   a4, mscratch, a0
core   0: 3 0x800084d0 (0x34051773) x14 0x00000076 c832_mscratch 0x00000000
core   0: 0x800084d4 (0x4f8f2d93) slti    s11, t5, 1272
core   0: 3 0x800084d4 (0x4f8f2d93) x27 0x00000001
core   0: 0x800084d8 (0x024581b3) mul     gp, a1, tp
core   0: 3 0x800084d8 (0x024581b3) x3  0x00000000
core   0: 0x800084dc (0x03ddc333) div     t1, s11, t4
core   0: 3 0x800084dc (0x03ddc333) x6  0x00000000
core   0: 0x800084e0 (0x0205db33) divu    s6, a1, zero
core   0: 3 0x800084e0 (0x0205db33) x22 0xffffffff
core   0: 0x800084e4 (0x00008e45) c.or    a2, s1
core   0: 3 0x800084e4 (0x8e45) x12 0x00000020
core   0: 0x800084e6 (0x0000616d) c.addi16sp sp, 240
core   0: 3 0x800084e6 (0x616d) x2  0x000000df
core   0: 0x800084e8 (0x00000594) c.addi4spn a3, sp, 704
core   0: 3 0x800084e8 (0x0594) x13 0x0000039f
core   0: 0x800084ea (0x01ec90b3) sll     ra, s9, t5
core   0: 3 0x800084ea (0x01ec90b3) x1  0x00000000
core   0: 0x800084ee (0x000c5213) srli    tp, s8, 0
core   0: 3 0x800084ee (0x000c5213) x4  0xffffffff
core   0: 0x800084f2 (0x000080e5) c.srli  s1, 25
core   0: 3 0x800084f2 (0x80e5) x9  0x00000000
core   0: 0x800084f4 (0x01a7e563) bltu    a5, s10, pc + 10
core   0: 3 0x800084f4 (0x01a7e563)
core   0: 0x800084fe (0x00bd1893) slli    a7, s10, 11
core   0: 3 0x800084fe (0x00bd1893) x17 0xdd800000
core   0: 0x80008502 (0x00008eb1) c.xor   a3, a2
core   0: 3 0x80008502 (0x8eb1) x13 0x000003bf
core   0: 0x80008504 (0x031d0963) beq     s10, a7, pc + 50
core   0: 3 0x80008504 (0x031d0963)
core   0: 0x80008508 (0x00008ddd) c.or    a1, a5
core   0: 3 0x80008508 (0x8ddd) x11 0x00000000
core   0: 0x8000850a (0x34006773) csrrsi  a4, mscratch, 0
core   0: 3 0x8000850a (0x34006773) x14 0x00000000
core   0: 0x8000850e (0x00008149) c.srli  a0, 18
core   0: 3 0x8000850e (0x8149) x10 0x00000000
core   0: 0x80008510 (0x0095db33) srl     s6, a1, s1
core   0: 3 0x80008510 (0x0095db33) x22 0x00000000
core   0: 0x80008514 (0x01fd3733) sltu    a4, s10, t6
core   0: 3 0x80008514 (0x01fd3733) x14 0x00000000
core   0: 0x80008518 (0x00008d31) c.xor   a0, a2
core   0: 3 0x80008518 (0x8d31) x10 0x00000020
core   0: 0x8000851a (0x00000001) c.nop
core   0: 3 0x8000851a (0x0001)
core   0: 0x8000851c (0x00fb7733) and     a4, s6, a5
core   0: 3 0x8000851c (0x00fb7733) x14 0x00000000
core   0: 0x80008520 (0x41b988b3) sub     a7, s3, s11
core   0: 3 0x80008520 (0x41b988b3) x17 0xa4a93fff
core   0: 0x80008524 (0x90e9a513) slti    a0, s3, -1778
core   0: 3 0x80008524 (0x90e9a513) x10 0x00000001
core   0: 0x80008528 (0x0000c895) c.beqz  s1, pc + 52
core   0: 3 0x80008528 (0xc895)
core   0: 0x8000855c (0x02a0d3b3) divu    t2, ra, a0
core   0: 3 0x8000855c (0x02a0d3b3) x7  0x00000000
core   0: 0x80008560 (0x34006c73) csrrsi  s8, mscratch, 0
core   0: 3 0x80008560 (0x34006c73) x24 0x00000000
core   0: 0x80008564 (0x00008e1d) c.sub   a2, a5
core   0: 3 0x80008564 (0x8e1d) x12 0x00000020
core   0: 0x80008566 (0x03c81733) mulh    a4, a6, t3
core   0: 3 0x80008566 (0x03c81733) x14 0x00000000
core   0: 0x8000856a (0x03c085b3) mul     a1, ra, t3
core   0: 3 0x8000856a (0x03c085b3) x11 0x00000000
core   0: 0x8000856e (0x000d6733) or      a4, s10, zero
core   0: 3 0x8000856e (0x000d6733) x14 0x4d7bb000
core   0: 0x80008572 (0x01b33bb3) sltu    s7, t1, s11
core   0: 3 0x80008572 (0x01b33bb3) x23 0x00000001
core   0: 0x80008576 (0x10b7cf93) xori    t6, a5, 267
core   0: 3 0x80008576 (0x10b7cf93) x31 0x0000010b
core   0: 0x8000857a (0x98ae7c13) andi    s8, t3, -1654
core   0: 3 0x8000857a (0x98ae7c13) x24 0x80029900
core   0: 0x8000857e (0x00000001) c.nop
core   0: 3 0x8000857e (0x0001)
core   0: 0x80008580 (0x411e5a33) sra     s4, t3, a7
core   0: 3 0x80008580 (0x411e5a33) x20 0xffffffff
core   0: 0x80008584 (0x0000c099) c.beqz  s1, pc + 6
core   0: 3 0x80008584 (0xc099)
core   0: 0x8000858a (0x41178333) sub     t1, a5, a7
core   0: 3 0x8000858a (0x41178333) x6  0x5b56c001
core   0: 0x8000858e (0xdd089c37) lui     s8, 0xdd089
core   0: 3 0x8000858e (0xdd089c37) x24 0xdd089000
core   0: 0x80008592 (0x01442cb3) slt     s9, s0, s4
core   0: 3 0x80008592 (0x01442cb3) x25 0x00000000
core   0: 0x80008596 (0x036f75b3) remu    a1, t5, s6
core   0: 3 0x80008596 (0x036f75b3) x11 0x00000076
core   0: 0x8000859a (0x00008ddd) c.or    a1, a5
core   0: 3 0x8000859a (0x8ddd) x11 0x00000076
core   0: 0x8000859c (0x00008a65) c.andi  a2, 25
core   0: 3 0x8000859c (0x8a65) x12 0x00000000
core   0: 0x8000859e (0x016b0863) beq     s6, s6, pc + 16
core   0: 3 0x8000859e (0x016b0863)
core   0: 0x800085ae (0x0089d863) bge     s3, s0, pc + 16
core   0: 3 0x800085ae (0x0089d863)
core   0: 0x800085b2 (0x02d61963) bne     a2, a3, pc + 50
core   0: 3 0x800085b2 (0x02d61963)
core   0: 0x800085e4 (0x02d1cd33) div     s10, gp, a3
core   0: 3 0x800085e4 (0x02d1cd33) x26 0x00000000
core   0: 0x800085e8 (0x01c1cb63) blt     gp, t3, pc + 22
core   0: 3 0x800085e8 (0x01c1cb63)
core   0: 0x800085ec (0x039df7b3) remu    a5, s11, s9
core   0: 3 0x800085ec (0x039df7b3) x15 0x00000001
core   0: 0x800085f0 (0x000099fd) c.andi  a1, -1
core   0: 3 0x800085f0 (0x99fd) x11 0x00000076
core   0: 0x800085f2 (0x0000ce15) c.beqz  a2, pc + 60
core   0: 3 0x800085f2 (0xce15)
core   0: 0x8000862e (0x018d1a13) slli    s4, s10, 24
core   0: 3 0x8000862e (0x018d1a13) x20 0x00000000
core   0: 0x80008632 (0x0c6ae263) bltu    s5, t1, pc + 196
core   0: 3 0x80008632 (0x0c6ae263)
core   0: 0x800086f6 (0x04c34163) blt     t1, a2, pc + 66
core   0: 3 0x800086f6 (0x04c34163)
core   0: 0x800086fa (0x01ea1563) bne     s4, t5, pc + 10
core   0: 3 0x800086fa (0x01ea1563)
core   0: 0x80008704 (0x34062df3) csrrs   s11, mscratch, a2
core   0: 3 0x80008704 (0x34062df3) x27 0x00000000 c832_mscratch 0x00000000
core   0: 0x80008708 (0x34006b73) csrrsi  s6, mscratch, 0
core   0: 3 0x80008708 (0x34006b73) x22 0x00000000
core   0: 0x8000870c (0x00000001) c.nop
core   0: 3 0x8000870c (0x0001)
core   0: 0x8000870e (0x340fdff3) csrrwi  t6, mscratch, 31
core   0: 3 0x8000870e (0x340fdff3) x31 0x00000000 c832_mscratch 0x0000001f
core   0: 0x80008712 (0x00000a62) c.slli  s4, 24
core   0: 3 0x80008712 (0x0a62) x20 0x00000000
core   0: 0x80008714 (0x00008ed9) c.or    a3, a4
core   0: 3 0x80008714 (0x8ed9) x13 0x4d7bb3bf
core   0: 0x80008716 (0x340b1073) csrw    mscratch, s6
core   0: 3 0x80008716 (0x340b1073) c832_mscratch 0x00000000
core   0: 0x8000871a (0x41fd5f33) sra     t5, s10, t6
core   0: 3 0x8000871a (0x41fd5f33) x30 0x00000000
core   0: 0x8000871e (0x0349dbb3) divu    s7, s3, s4
core   0: 3 0x8000871e (0x0349dbb3) x23 0xffffffff
core   0: 0x80008722 (0x34035273) csrrwi  tp, mscratch, 6
core   0: 3 0x80008722 (0x34035273) x4  0x00000000 c832_mscratch 0x00000006
core   0: 0x80008726 (0x018bb4b3) sltu    s1, s7, s8
core   0: 3 0x80008726 (0x018bb4b3) x9  0x00000000
core   0: 0x8000872a (0x0000610d) c.addi16sp sp, 160
core   0: 3 0x8000872a (0x610d) x2  0x0000017f
core   0: 0x8000872c (0x340e6af3) csrrsi  s5, mscratch, 28
core   0: 3 0x8000872c (0x340e6af3) x21 0x00000006 c832_mscratch 0x0000001e
core   0: 0x80008730 (0x032fbab3) mulhu   s5, t6, s2
core   0: 3 0x80008730 (0x032fbab3) x21 0x00000000
core   0: 0x80008734 (0x87e10c93) addi    s9, sp, -1922
core   0: 3 0x80008734 (0x87e10c93) x25 0xfffff9fd
core   0: 0x80008738 (0x00c3cab3) xor     s5, t2, a2
core   0: 3 0x80008738 (0x00c3cab3) x21 0x00000000
core   0: 0x8000873c (0x03df5cb3) divu    s9, t5, t4
core   0: 3 0x8000873c (0x03df5cb3) x25 0x00000000
core   0: 0x80008740 (0x00000646) c.slli  a2, 17
core   0: 3 0x80008740 (0x0646) x12 0x00000000
core   0: 0x80008742 (0x00008609) c.srai  a2, 2
core   0: 3 0x80008742 (0x8609) x12 0x00000000
core   0: 0x80008744 (0x340fdc73) csrrwi  s8, mscratch, 31
core   0: 3 0x80008744 (0x340fdc73) x24 0x0000001e c832_mscratch 0x0000001f
core   0: 0x80008748 (0x00d412b3) sll     t0, s0, a3
core   0: 3 0x80008748 (0x00d412b3) x5  0x00000000
core   0: 0x8000874c (0x340afbf3) csrrci  s7, mscratch, 21
core   0: 3 0x8000874c (0x340afbf3) x23 0x0000001f c832_mscratch 0x0000000a
core   0: 0x80008750 (0x00008d35) c.xor   a0, a3
core   0: 3 0x80008750 (0x8d35) x10 0x4d7bb3be
core   0: 0x80008752 (0x0000056e) c.slli  a0, 27
core   0: 3 0x80008752 (0x056e) x10 0xf0000000
core   0: 0x80008754 (0x00006155) c.addi16sp sp, 304
core   0: 3 0x80008754 (0x6155) x2  0x000002af
core   0: 0x80008756 (0x3d077793) andi    a5, a4, 976
core   0: 3 0x80008756 (0x3d077793) x15 0x00000000
core   0: 0x8000875a (0x025b9f33) mulh    t5, s7, t0
core   0: 3 0x8000875a (0x025b9f33) x30 0x00000000
core   0: 0x8000875e (0x037b6633) rem     a2, s6, s7
core   0: 3 0x8000875e (0x037b6633) x12 0x00000000
core   0: 0x80008762 (0x026f0333) mul     t1, t5, t1
core   0: 3 0x80008762 (0x026f0333) x6  0x00000000
core   0: 0x80008766 (0x00015117) auipc   sp, 0x15
core   0: 3 0x80008766 (0x00015117) x2  0x8001d766
core   0: 0x8000876a (0x26710113) addi    sp, sp, 615
core   0: 3 0x8000876a (0x26710113) x2  0x8001d9cd
core   0: 0x8000876e (0x00008622) c.mv    a2, s0
core   0: 3 0x8000876e (0x8622) x12 0x00000000
core   0: 0x80008770 (0xea810003) lb      zero, -344(sp)
core   0: 3 0x80008770 (0xea810003) mem 0x8001d875
core   0: 0x80008774 (0xe7014203) lbu     tp, -400(sp)
core   0: 3 0x80008774 (0xe7014203) x4  0x000000f6 mem 0x8001d83d
core   0: 0x80008778 (0x97410723) sb      s4, -1682(sp)
core   0: 3 0x80008778 (0x97410723) mem 0x8001d33b 0x00
core   0: 0x8000877c (0xf6410803) lb      a6, -156(sp)
core   0: 3 0x8000877c (0xf6410803) x16 0xffffffea mem 0x8001d931
core   0: 0x80008780 (0x3409a573) csrrs   a0, mscratch, s3
core   0: 3 0x80008780 (0x3409a573) x10 0x0000000a c832_mscratch 0xa4a9400a
core   0: 0x80008784 (0xe0906c13) ori     s8, zero, -503
core   0: 3 0x80008784 (0xe0906c13) x24 0xfffffe09
core   0: 0x80008788 (0xd8c14503) lbu     a0, -628(sp)
core   0: 3 0x80008788 (0xd8c14503) x10 0x00000012 mem 0x8001d759
core   0: 0x8000878c (0x89710a23) sb      s7, -1900(sp)
core   0: 3 0x8000878c (0x89710a23) mem 0x8001d261 0x1f
core   0: 0x80008790 (0x340e6573) csrrsi  a0, mscratch, 28
core   0: 3 0x80008790 (0x340e6573) x10 0xa4a9400a c832_mscratch 0xa4a9401e
core   0: 0x80008794 (0x60c10ca3) sb      a2, 1561(sp)
core   0: 3 0x80008794 (0x60c10ca3) mem 0x8001dfe6 0x00
core   0: 0x80008798 (0x5f614603) lbu     a2, 1526(sp)
core   0: 3 0x80008798 (0x5f614603) x12 0x00000078 mem 0x8001dfc3
core   0: 0x8000879c (0x1d710e23) sb      s7, 476(sp)
core   0: 3 0x8000879c (0x1d710e23) mem 0x8001dba9 0x1f
core   0: 0x800087a0 (0x96c10483) lb      s1, -1684(sp)
core   0: 3 0x800087a0 (0x96c10483) x9  0xfffffff2 mem 0x8001d339
core   0: 0x800087a4 (0x47878493) addi    s1, a5, 1144
core   0: 3 0x800087a4 (0x47878493) x9  0x00000478
core   0: 0x800087a8 (0x26d11783) lh      a5, 621(sp)
core   0: 3 0x800087a8 (0x26d11783) x15 0xfffff0f1 mem 0x8001dc3a
core   0: 0x800087ac (0x020049b3) div     s3, zero, zero
core   0: 3 0x800087ac (0x020049b3) x19 0xffffffff
core   0: 0x800087b0 (0x035a9c33) mulh    s8, s5, s5
core   0: 3 0x800087b0 (0x035a9c33) x24 0x00000000
core   0: 0x800087b4 (0x00643033) sltu    zero, s0, t1
core   0: 3 0x800087b4 (0x00643033)
core   0: 0x800087b8 (0x01a71d33) sll     s10, a4, s10
core   0: 3 0x800087b8 (0x01a71d33) x26 0x4d7bb000
core   0: 0x800087bc (0x34007df3) csrrci  s11, mscratch, 0
core   0: 3 0x800087bc (0x34007df3) x27 0xa4a9401e
core   0: 0x800087c0 (0x6fe10b23) sb      t5, 1782(sp)
core   0: 3 0x800087c0 (0x6fe10b23) mem 0x8001e0c3 0x00
core   0: 0x800087c4 (0x020b4533) div     a0, s6, zero
core   0: 3 0x800087c4 (0x020b4533) x10 0xffffffff
core   0: 0x800087c8 (0x08d74c93) xori    s9, a4, 141
core   0: 3 0x800087c8 (0x08d74c93) x25 0x4d7bb08d
core   0: 0x800087cc (0xacf15503) lhu     a0, -1329(sp)
core   0: 3 0x800087cc (0xacf15503) x10 0x00005657 mem 0x8001d49c
core   0: 0x800087d0 (0x40514f03) lbu     t5, 1029(sp)
core   0: 3 0x800087d0 (0x40514f03) x30 0x00000089 mem 0x8001ddd2
core   0: 0x800087d4 (0x01f15183) lhu     gp, 31(sp)
core   0: 3 0x800087d4 (0x01f15183) x3  0x0000a6a7 mem 0x8001d9ec
core   0: 0x800087d8 (0x4c611ca3) sh      t1, 1241(sp)
core   0: 3 0x800087d8 (0x4c611ca3) mem 0x8001dea6 0x0000
core   0: 0x800087dc (0xbbe10123) sb      t5, -1118(sp)
core   0: 3 0x800087dc (0xbbe10123) mem 0x8001d56f 0x89
core   0: 0x800087e0 (0x00008e5d) c.or    a2, a5
core   0: 3 0x800087e0 (0x8e5d) x12 0xfffff0f9
core   0: 0x800087e2 (0x96aa3193) sltiu   gp, s4, -1686
core   0: 3 0x800087e2 (0x96aa3193) x3  0x00000001
core   0: 0x800087e6 (0x340d75f3) csrrci  a1, mscratch, 26
core   0: 3 0x800087e6 (0x340d75f3) x11 0xa4a9401e c832_mscratch 0xa4a94004
core   0: 0x800087ea (0x1c214483) lbu     s1, 450(sp)
core   0: 3 0x800087ea (0x1c214483) x9  0x00000044 mem 0x8001db8f
core   0: 0x800087ee (0x26a101a3) sb      a0, 611(sp)
core   0: 3 0x800087ee (0x26a101a3) mem 0x8001dc30 0x57
core   0: 0x800087f2 (0x3d310323) sb      s3, 966(sp)
core   0: 3 0x800087f2 (0x3d310323) mem 0x8001dd93 0xff
core   0: 0x800087f6 (0x00006f29) c.lui   t5, 0xa
core   0: 3 0x800087f6 (0x6f29) x30 0x0000a000
core   0: 0x800087f8 (0xa15116a3) sh      s5, -1523(sp)
core   0: 3 0x800087f8 (0xa15116a3) mem 0x8001d3da 0x0000
core   0: 0x800087fc (0x58410d83) lb      s11, 1412(sp)
core   0: 3 0x800087fc (0x58410d83) x27 0x0000000a mem 0x8001df51
core   0: 0x80008800 (0xcc314b83) lbu     s7, -829(sp)
core   0: 3 0x80008800 (0xcc314b83) x23 0x0000004b mem 0x8001d690
core   0: 0x80008804 (0xf5414b03) lbu     s6, -172(sp)
core   0: 3 0x80008804 (0xf5414b03) x22 0x000000da mem 0x8001d921
core   0: 0x80008808 (0x0000e88d) c.bnez  s1, pc + 50
core   0: 3 0x80008808 (0xe88d)
core   0: 0x8000883a (0x00004f2d) c.li    t5, 11
core   0: 3 0x8000883a (0x4f2d) x30 0x0000000b
core   0: 0x8000883c (0x000089e9) c.andi  a1, 26
core   0: 3 0x8000883c (0x89e9) x11 0x0000001a
core   0: 0x8000883e (0x000005da) c.slli  a1, 22
core   0: 3 0x8000883e (0x05da) x11 0x06800000
core   0: 0x80008840 (0x00008c99) c.sub   s1, a4
core   0: 3 0x80008840 (0x8c99) x9  0xb2845044
core   0: 0x80008842 (0x00000655) c.addi  a2, 21
core   0: 3 0x80008842 (0x0655) x12 0xfffff10e
core   0: 0x80008844 (0x4015dc93) srai    s9, a1, 1
core   0: 3 0x80008844 (0x4015dc93) x25 0x03400000
core   0: 0x80008848 (0x00008bb1) c.andi  a5, 12
core   0: 3 0x80008848 (0x8bb1) x15 0x00000000
core   0: 0x8000884a (0x03b4dc33) divu    s8, s1, s11
core   0: 3 0x8000884a (0x03b4dc33) x24 0x11da0806
core   0: 0x8000884e (0x00074663) bltz    a4, pc + 12
core   0: 3 0x8000884e (0x00074663)
core   0: 0x80008852 (0x0000100f) fence.i
core   0: 3 0x80008852 (0x0000100f)
core   0: 0x80008856 (0x340252f3) csrrwi  t0, mscratch, 4
core   0: 3 0x80008856 (0x340252f3) x5  0xa4a94004 c832_mscratch 0x00000004
core   0: 0x8000885a (0x0000c48d) c.beqz  s1, pc + 42
core   0: 3 0x8000885a (0xc48d)
core   0: 0x8000885c (0x00006139) c.addi16sp sp, 448
core   0: 3 0x8000885c (0x6139) x2  0x8001db8d
core   0: 0x8000885e (0x00008ea1) c.xor   a3, s0
core   0: 3 0x8000885e (0x8ea1) x13 0x4d7bb3bf
core   0: 0x80008860 (0x40a25f13) srai    t5, tp, 10
core   0: 3 0x80008860 (0x40a25f13) x30 0x00000000
core   0: 0x80008864 (0x0118d313) srli    t1, a7, 17
core   0: 3 0x80008864 (0x0118d313) x6  0x00005254
core   0: 0x80008868 (0x000060f5) c.lui   ra, 0x1d
core   0: 3 0x80008868 (0x60f5) x1  0x0001d000
core   0: 0x8000886a (0x00000001) c.nop
core   0: 3 0x8000886a (0x0001)
core   0: 0x8000886c (0x00000001) c.nop
core   0: 3 0x8000886c (0x0001)
core   0: 0x8000886e (0x12b03c37) lui     s8, 0x12b03
core   0: 3 0x8000886e (0x12b03c37) x24 0x12b03000
core   0: 0x80008872 (0x012e22b3) slt     t0, t3, s2
core   0: 3 0x80008872 (0x012e22b3) x5  0x00000001
core   0: 0x80008876 (0x0000997d) c.andi  a0, -1
core   0: 3 0x80008876 (0x997d) x10 0x00005657
core   0: 0x80008878 (0x01879963) bne     a5, s8, pc + 18
core   0: 3 0x80008878 (0x01879963)
core   0: 0x8000888a (0xcdd921b7) lui     gp, 0xcdd92
core   0: 3 0x8000888a (0xcdd921b7) x3  0xcdd92000
core   0: 0x8000888e (0x0000100f) fence.i
core   0: 3 0x8000888e (0x0000100f)
core   0: 0x80008892 (0x01756cb3) or      s9, a0, s7
core   0: 3 0x80008892 (0x01756cb3) x25 0x0000565f
core   0: 0x80008896 (0x34002f73) csrr    t5, mscratch
core   0: 3 0x80008896 (0x34002f73) x30 0x00000004
core   0: 0x8000889a (0x3b7de713) ori     a4, s11, 951
core   0: 3 0x8000889a (0x3b7de713) x14 0x000003bf
core   0: 0x8000889e (0x019eb6b3) sltu    a3, t4, s9
core   0: 3 0x8000889e (0x019eb6b3) x13 0x00000000
core   0: 0x800088a2 (0x0218dbb3) divu    s7, a7, ra
core   0: 3 0x800088a2 (0x0218dbb3) x23 0x00005ad8
core   0: 0x800088a6 (0x00000001) c.nop
core   0: 3 0x800088a6 (0x0001)
core   0: 0x800088a8 (0x00dd8533) add     a0, s11, a3
core   0: 3 0x800088a8 (0x00dd8533) x10 0x0000000a
core   0: 0x800088ac (0x01c14cb3) xor     s9, sp, t3
core   0: 3 0x800088ac (0x01c14cb3) x25 0x000346a9
core   0: 0x800088b0 (0x00008cfd) c.and   s1, a5
core   0: 3 0x800088b0 (0x8cfd) x9  0x00000000
core   0: 0x800088b2 (0x000003a6) c.slli  t2, 9
core   0: 3 0x800088b2 (0x03a6) x7  0x00000000
core   0: 0x800088b4 (0x00008f2d) c.xor   a4, a1
core   0: 3 0x800088b4 (0x8f2d) x14 0x068003bf
core   0: 0x800088b6 (0x0303db63) bge     t2, a6, pc + 54
core   0: 3 0x800088b6 (0x0303db63)
core   0: 0x800088ec (0x03f5d6b3) divu    a3, a1, t6
core   0: 3 0x800088ec (0x03f5d6b3) x13 0xffffffff
core   0: 0x800088f0 (0x01ab8cb3) add     s9, s7, s10
core   0: 3 0x800088f0 (0x01ab8cb3) x25 0x4d7c0ad8
core   0: 0x800088f4 (0x0000567d) c.li    a2, -1
core   0: 3 0x800088f4 (0x567d) x12 0xffffffff
core   0: 0x800088f6 (0x0164aa33) slt     s4, s1, s6
core   0: 3 0x800088f6 (0x0164aa33) x20 0x00000001
core   0: 0x800088fa (0x0ff0000f) fence   iorw,iorw
core   0: 3 0x800088fa (0x0ff0000f)
core   0: 0x800088fe (0x00008655) c.srai  a2, 21
core   0: 3 0x800088fe (0x8655) x12 0xffffffff
core   0: 0x80008900 (0x00008cd9) c.or    s1, a4
core   0: 3 0x80008900 (0x8cd9) x9  0x068003bf
core   0: 0x80008902 (0x03bfeb63) bltu    t6, s11, pc + 54
core   0: 3 0x80008902 (0x03bfeb63)
core   0: 0x80008938 (0x0102d663) bge     t0, a6, pc + 12
core   0: 3 0x80008938 (0x0102d663)
core   0: 0x80008944 (0x000085b9) c.srai  a1, 14
core   0: 3 0x80008944 (0x85b9) x11 0x00001a00
core   0: 0x80008946 (0x0331e1b3) rem     gp, gp, s3
core   0: 3 0x80008946 (0x0331e1b3) x3  0x00000000
core   0: 0x8000894a (0x00000001) c.nop
core   0: 3 0x8000894a (0x0001)
core   0: 0x8000894c (0x0000c2a9) c.beqz  a3, pc + 66
core   0: 3 0x8000894c (0xc2a9)
core   0: 0x8000894e (0x025d4d63) blt     s10, t0, pc + 58
core   0: 3 0x8000894e (0x025d4d63)
core   0: 0x80008952 (0x0000069a) c.slli  a3, 6
core   0: 3 0x80008952 (0x069a) x13 0xffffffc0
core   0: 0x80008954 (0xa1412493) slti    s1, sp, -1516
core   0: 3 0x80008954 (0xa1412493) x9  0x00000001
core   0: 0x80008958 (0x3408e573) csrrsi  a0, mscratch, 17
core   0: 3 0x80008958 (0x3408e573) x10 0x00000004 c832_mscratch 0x00000015
core   0: 0x8000895c (0x00004fed) c.li    t6, 27
core   0: 3 0x8000895c (0x4fed) x31 0x0000001b
core   0: 0x8000895e (0x02c9f633) remu    a2, s3, a2
core   0: 3 0x8000895e (0x02c9f633) x12 0x00000000
core   0: 0x80008962 (0x340412f3) csrrw   t0, mscratch, s0
core   0: 3 0x80008962 (0x340412f3) x5  0x00000015 c832_mscratch 0x00000000
core   0: 0x80008966 (0x40efd6b3) sra     a3, t6, a4
core   0: 3 0x80008966 (0x40efd6b3) x13 0x00000000
core   0: 0x8000896a (0x40d85313) srai    t1, a6, 13
core   0: 3 0x8000896a (0x40d85313) x6  0xffffffff
core   0: 0x8000896e (0x02a26c63) bltu    tp, a0, pc + 56
core   0: 3 0x8000896e (0x02a26c63)
core   0: 0x80008972 (0x003c6c63) bltu    s8, gp, pc + 24
core   0: 3 0x80008972 (0x003c6c63)
core   0: 0x80008976 (0x9f737c37) lui     s8, 0x9f737
core   0: 3 0x80008976 (0x9f737c37) x24 0x9f737000
core   0: 0x8000897a (0x00006161) c.addi16sp sp, 80
core   0: 3 0x8000897a (0x6161) x2  0x8001dbdd
core   0: 0x8000897c (0x010a8d33) add     s10, s5, a6
core   0: 3 0x8000897c (0x010a8d33) x26 0xffffffea
core   0: 0x80008980 (0x008b7763) bgeu    s6, s0, pc + 14
core   0: 3 0x80008980 (0x008b7763)
core   0: 0x8000898e (0x00000001) c.nop
core   0: 3 0x8000898e (0x0001)
core   0: 0x80008990 (0x00008ca1) c.xor   s1, s0
core   0: 3 0x80008990 (0x8ca1) x9  0x00000001
core   0: 0x80008992 (0x0192e633) or      a2, t0, s9
core   0: 3 0x80008992 (0x0192e633) x12 0x4d7c0add
core   0: 0x80008996 (0x0000997d) c.andi  a0, -1
core   0: 3 0x80008996 (0x997d) x10 0x00000004
core   0: 0x80008998 (0x00008ccd) c.or    s1, a1
core   0: 3 0x80008998 (0x8ccd) x9  0x00001a01
core   0: 0x8000899a (0x03a97763) bgeu    s2, s10, pc + 46
core   0: 3 0x8000899a (0x03a97763)
core   0: 0x8000899e (0x40c15813) srai    a6, sp, 12
core   0: 3 0x8000899e (0x40c15813) x16 0xfff8001d
core   0: 0x800089a2 (0x3409d6f3) csrrwi  a3, mscratch, 19
core   0: 3 0x800089a2 (0x3409d6f3) x13 0x00000000 c832_mscratch 0x00000013
core   0: 0x800089a6 (0x000080c1) c.srli  s1, 16
core   0: 3 0x800089a6 (0x80c1) x9  0x00000000
core   0: 0x800089a8 (0x340754f3) csrrwi  s1, mscratch, 14
core   0: 3 0x800089a8 (0x340754f3) x9  0x00000013 c832_mscratch 0x0000000e
core   0: 0x800089ac (0x01be4463) blt     t3, s11, pc + 8
core   0: 3 0x800089ac (0x01be4463)
core   0: 0x800089b4 (0x0000100f) fence.i
core   0: 3 0x800089b4 (0x0000100f)
core   0: 0x800089b8 (0x34036d73) csrrsi  s10, mscratch, 6
core   0: 3 0x800089b8 (0x34036d73) x26 0x0000000e c832_mscratch 0x0000000e
core   0: 0x800089bc (0x00008ea9) c.xor   a3, a0
core   0: 3 0x800089bc (0x8ea9) x13 0x00000004
core   0: 0x800089be (0xa8896f93) ori     t6, s2, -1400
core   0: 3 0x800089be (0xa8896f93) x31 0xfffffa89
core   0: 0x800089c2 (0x000083a9) c.srli  a5, 10
core   0: 3 0x800089c2 (0x83a9) x15 0x00000000
core   0: 0x800089c4 (0x0149e9b3) or      s3, s3, s4
core   0: 3 0x800089c4 (0x0149e9b3) x19 0xffffffff
core   0: 0x800089c8 (0x019e8863) beq     t4, s9, pc + 16
core   0: 3 0x800089c8 (0x019e8863)
core   0: 0x800089cc (0x80e20f93) addi    t6, tp, -2034
core   0: 3 0x800089cc (0x80e20f93) x31 0xfffff904
core   0: 0x800089d0 (0x34029b73) csrrw   s6, mscratch, t0
core   0: 3 0x800089d0 (0x34029b73) x22 0x0000000e c832_mscratch 0x00000015
core   0: 0x800089d4 (0x002646b3) xor     a3, a2, sp
core   0: 3 0x800089d4 (0x002646b3) x13 0xcd7dd100
core   0: 0x800089d8 (0x340c52f3) csrrwi  t0, mscratch, 24
core   0: 3 0x800089d8 (0x340c52f3) x5  0x00000015 c832_mscratch 0x00000018
core   0: 0x800089dc (0x34092173) csrrs   sp, mscratch, s2
core   0: 3 0x800089dc (0x34092173) x2  0x00000018 c832_mscratch 0x00000019
core   0: 0x800089e0 (0x03550d33) mul     s10, a0, s5
core   0: 3 0x800089e0 (0x03550d33) x26 0x00000000
core   0: 0x800089e4 (0x00008669) c.srai  a2, 26
core   0: 3 0x800089e4 (0x8669) x12 0x00000013
core   0: 0x800089e6 (0x0000ca01) c.beqz  a2, pc + 16
core   0: 3 0x800089e6 (0xca01)
core   0: 0x800089e8 (0x41978cb3) sub     s9, a5, s9
core   0: 3 0x800089e8 (0x41978cb3) x25 0xb283f528
core   0: 0x800089ec (0x000053fd) c.li    t2, -1
core   0: 3 0x800089ec (0x53fd) x7  0xffffffff
core   0: 0x800089ee (0x00801513) slli    a0, zero, 8
core   0: 3 0x800089ee (0x00801513) x10 0x00000000
core   0: 0x800089f2 (0x34002af3) csrr    s5, mscratch
core   0: 3 0x800089f2 (0x34002af3) x21 0x00000019
core   0: 0x800089f6 (0x5299ecb7) lui     s9, 0x5299e
core   0: 3 0x800089f6 (0x5299ecb7) x25 0x5299e000
core   0: 0x800089fa (0x0185fab3) and     s5, a1, s8
core   0: 3 0x800089fa (0x0185fab3) x21 0x00001000
core   0: 0x800089fe (0x054cf263) bgeu    s9, s4, pc + 68
core   0: 3 0x800089fe (0x054cf263)
core   0: 0x80008a42 (0x01ee4333) xor     t1, t3, t5
core   0: 3 0x80008a42 (0x01ee4333) x6  0x80029d20
core   0: 0x80008a46 (0x002b5493) srli    s1, s6, 2
core   0: 3 0x80008a46 (0x002b5493) x9  0x00000003
core   0: 0x80008a4a (0x00ff7663) bgeu    t5, a5, pc + 12
core   0: 3 0x80008a4a (0x00ff7663)
core   0: 0x80008a56 (0x0c540993) addi    s3, s0, 197
core   0: 3 0x80008a56 (0x0c540993) x19 0x000000c5
core   0: 0x80008a5a (0x00520fb3) add     t6, tp, t0
core   0: 3 0x80008a5a (0x00520fb3) x31 0x0000010b
core   0: 0x80008a5e (0x0238dc63) bge     a7, gp, pc + 56
core   0: 3 0x80008a5e (0x0238dc63)
core   0: 0x80008a62 (0x01cb57b3) srl     a5, s6, t3
core   0: 3 0x80008a62 (0x01cb57b3) x15 0x00000000
core   0: 0x80008a66 (0x00008d4d) c.or    a0, a1
core   0: 3 0x80008a66 (0x8d4d) x10 0x00001a00
core   0: 0x80008a68 (0x0000cc81) c.beqz  s1, pc + 24
core   0: 3 0x80008a68 (0xcc81)
core   0: 0x80008a6a (0x0f4bba93) sltiu   s5, s7, 244
core   0: 3 0x80008a6a (0x0f4bba93) x21 0x00000000
core   0: 0x80008a6e (0x00539a93) slli    s5, t2, 5
core   0: 3 0x80008a6e (0x00539a93) x21 0xffffffe0
core   0: 0x80008a72 (0x00001e14) c.addi4spn a3, sp, 816
core   0: 3 0x80008a72 (0x1e14) x13 0x00000348
core   0: 0x80008a74 (0x03972ab3) mulhsu  s5, a4, s9
core   0: 3 0x80008a74 (0x03972ab3) x21 0x0218e965
core   0: 0x80008a78 (0x03329c33) mulh    s8, t0, s3
core   0: 3 0x80008a78 (0x03329c33) x24 0x00000000
core   0: 0x80008a7c (0x484698b7) lui     a7, 0x48469
core   0: 3 0x80008a7c (0x484698b7) x17 0x48469000
core   0: 0x80008a80 (0x0000187d) c.addi  a6, -1
core   0: 3 0x80008a80 (0x187d) x16 0xfff8001c
core   0: 0x80008a82 (0x01ca7633) and     a2, s4, t3
core   0: 3 0x80008a82 (0x01ca7633) x12 0x00000000
core   0: 0x80008a86 (0x026171b3) remu    gp, sp, t1
core   0: 3 0x80008a86 (0x026171b3) x3  0x00000018
core   0: 0x80008a8a (0x00229ab3) sll     s5, t0, sp
core   0: 3 0x80008a8a (0x00229ab3) x21 0x15000000
core   0: 0x80008a8e (0x00000001) c.nop
core   0: 3 0x80008a8e (0x0001)
core   0: 0x80008a90 (0x00005dfd) c.li    s11, -1
core   0: 3 0x80008a90 (0x5dfd) x27 0xffffffff
core   0: 0x80008a92 (0x0068c4b3) xor     s1, a7, t1
core   0: 3 0x80008a92 (0x0068c4b3) x9  0xc8440d20
core   0: 0x80008a96 (0x000051fd) c.li    gp, -1
core   0: 3 0x80008a96 (0x51fd) x3  0xffffffff
core   0: 0x80008a98 (0x00006909) c.lui   s2, 0x2
core   0: 3 0x80008a98 (0x6909) x18 0x00002000
core   0: 0x80008a9a (0x00001bfd) c.addi  s7, -1
core   0: 3 0x80008a9a (0x1bfd) x23 0x00005ad7
core   0: 0x80008a9c (0x40ba00b3) sub     ra, s4, a1
core   0: 3 0x80008a9c (0x40ba00b3) x1  0xffffe601
core   0: 0x80008aa0 (0x025dfd33) remu    s10, s11, t0
core   0: 3 0x80008aa0 (0x025dfd33) x26 0x00000003
core   0: 0x80008aa4 (0x340cd6f3) csrrwi  a3, mscratch, 25
core   0: 3 0x80008aa4 (0x340cd6f3) x13 0x00000019 c832_mscratch 0x00000019
core   0: 0x80008aa8 (0x406a8fb3) sub     t6, s5, t1
core   0: 3 0x80008aa8 (0x406a8fb3) x31 0x94fd62e0
core   0: 0x80008aac (0x01fd4663) blt     s10, t6, pc + 12
core   0: 3 0x80008aac (0x01fd4663)
core   0: 0x80008ab0 (0x00008ebd) c.xor   a3, a5
core   0: 3 0x80008ab0 (0x8ebd) x13 0x00000019
core   0: 0x80008ab2 (0x00f5c263) blt     a1, a5, pc + 4
core   0: 3 0x80008ab2 (0x00f5c263)
core   0: 0x80008ab6 (0x000099fd) c.andi  a1, -1
core   0: 3 0x80008ab6 (0x99fd) x11 0x00001a00
core   0: 0x80008ab8 (0x03078c33) mul     s8, a5, a6
core   0: 3 0x80008ab8 (0x03078c33) x24 0x00000000
core   0: 0x80008abc (0x00000001) c.nop
core   0: 3 0x80008abc (0x0001)
core   0: 0x80008abe (0x34079973) csrrw   s2, mscratch, a5
core   0: 3 0x80008abe (0x34079973) x18 0x00000019 c832_mscratch 0x00000000
core   0: 0x80008ac2 (0x00f6a733) slt     a4, a3, a5
core   0: 3 0x80008ac2 (0x00f6a733) x14 0x00000000
core   0: 0x80008ac6 (0x00008e3d) c.xor   a2, a5
core   0: 3 0x80008ac6 (0x8e3d) x12 0x00000000
core   0: 0x80008ac8 (0x5e8aed13) ori     s10, s5, 1512
core   0: 3 0x80008ac8 (0x5e8aed13) x26 0x150005e8
core   0: 0x80008acc (0x02fe28b3) mulhsu  a7, t3, a5
core   0: 3 0x80008acc (0x02fe28b3) x17 0x00000000
core   0: 0x80008ad0 (0x00519263) bne     gp, t0, pc + 4
core   0: 3 0x80008ad0 (0x00519263)
core   0: 0x80008ad4 (0x416356b3) sra     a3, t1, s6
core   0: 3 0x80008ad4 (0x416356b3) x13 0xfffe000a
core   0: 0x80008ad8 (0x00000b0e) c.slli  s6, 3
core   0: 3 0x80008ad8 (0x0b0e) x22 0x00000070
core   0: 0x80008ada (0x03d0a233) mulhsu  tp, ra, t4
core   0: 3 0x80008ada (0x03d0a233) x4  0xfffff300
core   0: 0x80008ade (0x002fabb3) slt     s7, t6, sp
core   0: 3 0x80008ade (0x002fabb3) x23 0x00000001
core   0: 0x80008ae2 (0x0134e3b3) or      t2, s1, s3
core   0: 3 0x80008ae2 (0x0134e3b3) x7  0xc8440de5
core   0: 0x80008ae6 (0x00009a3a) c.add   s4, a4
core   0: 3 0x80008ae6 (0x9a3a) x20 0x00000001
core   0: 0x80008ae8 (0x00005ffd) c.li    t6, -1
core   0: 3 0x80008ae8 (0x5ffd) x31 0xffffffff
core   0: 0x80008aea (0x00a22233) slt     tp, tp, a0
core   0: 3 0x80008aea (0x00a22233) x4  0x00000001
core   0: 0x80008aee (0x00000790) c.addi4spn a2, sp, 960
core   0: 3 0x80008aee (0x0790) x12 0x000003d8
core   0: 0x80008af0 (0x03138533) mul     a0, t2, a7
core   0: 3 0x80008af0 (0x03138533) x10 0x00000000
core   0: 0x80008af4 (0xc6abff93) andi    t6, s7, -918
core   0: 3 0x80008af4 (0xc6abff93) x31 0x00000000
core   0: 0x80008af8 (0x01395733) srl     a4, s2, s3
core   0: 3 0x80008af8 (0x01395733) x14 0x00000000
core   0: 0x80008afc (0x00000c5a) c.slli  s8, 22
core   0: 3 0x80008afc (0x0c5a) x24 0x00000000
core   0: 0x80008afe (0xe3266b97) auipc   s7, 0xe3266
core   0: 3 0x80008afe (0xe3266b97) x23 0x6326eafe
core   0: 0x80008b02 (0x0164d463) bge     s1, s6, pc + 8
core   0: 3 0x80008b02 (0x0164d463)
core   0: 0x80008b06 (0x02e62a33) mulhsu  s4, a2, a4
core   0: 3 0x80008b06 (0x02e62a33) x20 0x00000000
core   0: 0x80008b0a (0x41a757b3) sra     a5, a4, s10
core   0: 3 0x80008b0a (0x41a757b3) x15 0x00000000
core   0: 0x80008b0e (0xb8066813) ori     a6, a2, -1152
core   0: 3 0x80008b0e (0xb8066813) x16 0xfffffbd8
core   0: 0x80008b12 (0x00008ef5) c.and   a3, a3
core   0: 3 0x80008b12 (0x8ef5) x13 0xfffe000a
core   0: 0x80008b14 (0x00000001) c.nop
core   0: 3 0x80008b14 (0x0001)
core   0: 0x80008b16 (0x03893233) mulhu   tp, s2, s8
core   0: 3 0x80008b16 (0x03893233) x4  0x00000000
core   0: 0x80008b1a (0x0ff0000f) fence   iorw,iorw
core   0: 3 0x80008b1a (0x0ff0000f)
core   0: 0x80008b1e (0x41225613) srai    a2, tp, 18
core   0: 3 0x80008b1e (0x41225613) x12 0x00000000
core   0: 0x80008b22 (0x00005afd) c.li    s5, -1
core   0: 3 0x80008b22 (0x5afd) x21 0xffffffff
core   0: 0x80008b24 (0x340ed173) csrrwi  sp, mscratch, 29
core   0: 3 0x80008b24 (0x340ed173) x2  0x00000000 c832_mscratch 0x0000001d
core   0: 0x80008b28 (0x01e64633) xor     a2, a2, t5
core   0: 3 0x80008b28 (0x01e64633) x12 0x00000004
core   0: 0x80008b2c (0x340076f3) csrrci  a3, mscratch, 0
core   0: 3 0x80008b2c (0x340076f3) x13 0x0000001d
core   0: 0x80008b30 (0x029f9d33) mulh    s10, t6, s1
core   0: 3 0x80008b30 (0x029f9d33) x26 0x00000000
core   0: 0x80008b34 (0x00008ea1) c.xor   a3, s0
core   0: 3 0x80008b34 (0x8ea1) x13 0x0000001d
core   0: 0x80008b36 (0x34056773) csrrsi  a4, mscratch, 10
core   0: 3 0x80008b36 (0x34056773) x14 0x0000001d c832_mscratch 0x0000001f
core   0: 0x80008b3a (0x340e10f3) csrrw   ra, mscratch, t3
core   0: 3 0x80008b3a (0x340e10f3) x1  0x0000001f c832_mscratch 0x80029d24
core   0: 0x80008b3e (0x34002673) csrr    a2, mscratch
core   0: 3 0x80008b3e (0x34002673) x12 0x80029d24
core   0: 0x80008b42 (0x00bf1b93) slli    s7, t5, 11
core   0: 3 0x80008b42 (0x00bf1b93) x23 0x00002000
core   0: 0x80008b46 (0x000085e1) c.srai  a1, 24
core   0: 3 0x80008b46 (0x85e1) x11 0x00000000
core   0: 0x80008b48 (0x03d54c33) div     s8, a0, t4
core   0: 3 0x80008b48 (0x03d54c33) x24 0x00000000
core   0: 0x80008b4c (0x417a0733) sub     a4, s4, s7
core   0: 3 0x80008b4c (0x417a0733) x14 0xffffe000
core   0: 0x80008b50 (0x031b8b33) mul     s6, s7, a7
core   0: 3 0x80008b50 (0x031b8b33) x22 0x00000000
core   0: 0x80008b54 (0x0000850d) c.srai  a0, 3
core   0: 3 0x80008b54 (0x850d) x10 0x00000000
core   0: 0x80008b56 (0x3408e073) csrsi   mscratch, 17
core   0: 3 0x80008b56 (0x3408e073) c832_mscratch 0x80029d35
core   0: 0x80008b5a (0x02d60bb3) mul     s7, a2, a3
core   0: 3 0x80008b5a (0x02d60bb3) x23 0x804bcd14
core   0: 0x80008b5e (0x02516863) bltu    sp, t0, pc + 48
core   0: 3 0x80008b5e (0x02516863)
core   0: 0x80008b8e (0x0000100f) fence.i
core   0: 3 0x80008b8e (0x0000100f)
core   0: 0x80008b92 (0x00002617) auipc   a2, 0x2
core   0: 3 0x80008b92 (0x00002617) x12 0x8000ab92
core   0: 0x80008b96 (0x31660613) addi    a2, a2, 790
core   0: 3 0x80008b96 (0x31660613) x12 0x8000aea8
core   0: 0x80008b9a (0xd8760613) addi    a2, a2, -633
core   0: 3 0x80008b9a (0xd8760613) x12 0x8000ac2f
core   0: 0x80008b9e (0x0ff0000f) fence   iorw,iorw
core   0: 3 0x80008b9e (0x0ff0000f)
core   0: 0x80008ba2 (0x340226f3) csrrs   a3, mscratch, tp
core   0: 3 0x80008ba2 (0x340226f3) x13 0x80029d35 c832_mscratch 0x80029d35
core   0: 0x80008ba6 (0x001f5663) bge     t5, ra, pc + 12
core   0: 3 0x80008ba6 (0x001f5663)
core   0: 0x80008baa (0x00008ea9) c.xor   a3, a0
core   0: 3 0x80008baa (0x8ea9) x13 0x80029d35
core   0: 0x80008bac (0x00008f39) c.xor   a4, a4
core   0: 3 0x80008bac (0x8f39) x14 0x00000000
core   0: 0x80008bae (0x34003273) csrrc   tp, mscratch, zero
core   0: 3 0x80008bae (0x34003273) x4  0x80029d35
core   0: 0x80008bb2 (0x27960367) jalr    t1, a2, 633
core   0: 3 0x80008bb2 (0x27960367) x6  0x80008bb6
core   0: 0x8000aea8 (0x000091ae) c.add   gp, a1
core   0: 3 0x8000aea8 (0x91ae) x3  0xffffffff
core   0: 0x8000aeaa (0x007a0263) beq     s4, t2, pc + 4
core   0: 3 0x8000aeaa (0x007a0263)
core   0: 0x8000aeae (0xfc0e8e93) addi    t4, t4, -64
core   0: 3 0x8000aeae (0xfc0e8e93) x29 0x80025e64
core   0: 0x8000aeb2 (0x000086be) c.mv    a3, a5
core   0: 3 0x8000aeb2 (0x86be) x13 0x00000000
core   0: 0x8000aeb4 (0x0000717d) c.addi16sp sp, -16
core   0: 3 0x8000aeb4 (0x717d) x2  0xfffffff0
core   0: 0x8000aeb6 (0x340079f3) csrrci  s3, mscratch, 0
core   0: 3 0x8000aeb6 (0x340079f3) x19 0x80029d35
core   0: 0x8000aeba (0x03da8cb3) mul     s9, s5, t4
core   0: 3 0x8000aeba (0x03da8cb3) x25 0x7ffda19c
core   0: 0x8000aebe (0x00000001) c.nop
core   0: 3 0x8000aebe (0x0001)
core   0: 0x8000aec0 (0x03134fb3) div     t6, t1, a7
core   0: 3 0x8000aec0 (0x03134fb3) x31 0xffffffff
core   0: 0x8000aec4 (0x41b75a33) sra     s4, a4, s11
core   0: 3 0x8000aec4 (0x41b75a33) x20 0x00000000
core   0: 0x8000aec8 (0x000081cd) c.srli  a1, 19
core   0: 3 0x8000aec8 (0x81cd) x11 0x00000000
core   0: 0x8000aeca (0x006ea223) sw      t1, 4(t4)
core   0: 3 0x8000aeca (0x006ea223) mem 0x80025e68 0x80008bb6
core   0: 0x8000aece (0x03a42233) mulhsu  tp, s0, s10
core   0: 3 0x8000aece (0x03a42233) x4  0x00000000
core   0: 0x8000aed2 (0x000098fd) c.andi  s1, -1
core   0: 3 0x8000aed2 (0x98fd) x9  0xc8440d20
core   0: 0x8000aed4 (0x72672193) slti    gp, a4, 1830
core   0: 3 0x8000aed4 (0x72672193) x3  0x00000001
core   0: 0x8000aed8 (0x02f724b3) mulhsu  s1, a4, a5
core   0: 3 0x8000aed8 (0x02f724b3) x9  0x00000000
core   0: 0x8000aedc (0x02141463) bne     s0, ra, pc + 40
core   0: 3 0x8000aedc (0x02141463)
core   0: 0x8000af04 (0x40205d13) srai    s10, zero, 2
core   0: 3 0x8000af04 (0x40205d13) x26 0x00000000
core   0: 0x8000af08 (0x00006a91) c.lui   s5, 0x4
core   0: 3 0x8000af08 (0x6a91) x21 0x00004000
core   0: 0x8000af0a (0x017b59b3) srl     s3, s6, s7
core   0: 3 0x8000af0a (0x017b59b3) x19 0x00000000
core   0: 0x8000af0e (0x013b31b3) sltu    gp, s6, s3
core   0: 3 0x8000af0e (0x013b31b3) x3  0x00000000
core   0: 0x8000af12 (0x00008d0d) c.sub   a0, a1
core   0: 3 0x8000af12 (0x8d0d) x10 0x00000000
core   0: 0x8000af14 (0x00c056b3) srl     a3, zero, a2
core   0: 3 0x8000af14 (0x00c056b3) x13 0x00000000
core   0: 0x8000af18 (0x000092be) c.add   t0, a5
core   0: 3 0x8000af18 (0x92be) x5  0x00000015
core   0: 0x8000af1a (0x0000100f) fence.i
core   0: 3 0x8000af1a (0x0000100f)
core   0: 0x8000af1e (0x6b6b7993) andi    s3, s6, 1718
core   0: 3 0x8000af1e (0x6b6b7993) x19 0x00000000
core   0: 0x8000af22 (0x00000001) c.nop
core   0: 3 0x8000af22 (0x0001)
core   0: 0x8000af24 (0x01ce5e63) bge     t3, t3, pc + 28
core   0: 3 0x8000af24 (0x01ce5e63)
core   0: 0x8000af40 (0x340ba4f3) csrrs   s1, mscratch, s7
core   0: 3 0x8000af40 (0x340ba4f3) x9  0x80029d35 c832_mscratch 0x804bdd35
core   0: 0x8000af44 (0x41515c13) srai    s8, sp, 21
core   0: 3 0x8000af44 (0x41515c13) x24 0xffffffff
core   0: 0x8000af48 (0x026a5233) divu    tp, s4, t1
core   0: 3 0x8000af48 (0x026a5233) x4  0x00000000
core   0: 0x8000af4c (0x01647f63) bgeu    s0, s6, pc + 30
core   0: 3 0x8000af4c (0x01647f63)
core   0: 0x8000af6a (0x0000611d) c.addi16sp sp, 416
core   0: 3 0x8000af6a (0x611d) x2  0x00000190
core   0: 0x8000af6c (0x00000001) c.nop
core   0: 3 0x8000af6c (0x0001)
core   0: 0x8000af6e (0x02d78063) beq     a5, a3, pc + 32
core   0: 3 0x8000af6e (0x02d78063)
core   0: 0x8000af8e (0x0000100f) fence.i
core   0: 3 0x8000af8e (0x0000100f)
core   0: 0x8000af92 (0x407d0a33) sub     s4, s10, t2
core   0: 3 0x8000af92 (0x407d0a33) x20 0x37bbf21b
core   0: 0x8000af96 (0x00000001) c.nop
core   0: 3 0x8000af96 (0x0001)
core   0: 0x8000af98 (0x000018fd) c.addi  a7, -1
core   0: 3 0x8000af98 (0x18fd) x17 0xffffffff
core   0: 0x8000af9a (0x00009cc6) c.add   s9, a7
core   0: 3 0x8000af9a (0x9cc6) x25 0x7ffda19b
core   0: 0x8000af9c (0x01e58bb3) add     s7, a1, t5
core   0: 3 0x8000af9c (0x01e58bb3) x23 0x00000004
core   0: 0x8000afa0 (0xbe883293) sltiu   t0, a6, -1048
core   0: 3 0x8000afa0 (0xbe883293) x5  0x00000001
core   0: 0x8000afa4 (0x0000852d) c.srai  a0, 11
core   0: 3 0x8000afa4 (0x852d) x10 0x00000000
core   0: 0x8000afa6 (0x00008249) c.srli  a2, 18
core   0: 3 0x8000afa6 (0x8249) x12 0x00002000
core   0: 0x8000afa8 (0x66fe8a13) addi    s4, t4, 1647
core   0: 3 0x8000afa8 (0x66fe8a13) x20 0x800264d3
core   0: 0x8000afac (0x340ddaf3) csrrwi  s5, mscratch, 27
core   0: 3 0x8000afac (0x340ddaf3) x21 0x804bdd35 c832_mscratch 0x0000001b
core   0: 0x8000afb0 (0x3401df73) csrrwi  t5, mscratch, 3
core   0: 3 0x8000afb0 (0x3401df73) x30 0x0000001b c832_mscratch 0x00000003
core   0: 0x8000afb4 (0x05dcd263) bge     s9, t4, pc + 68
core   0: 3 0x8000afb4 (0x05dcd263)
core   0: 0x8000aff8 (0x026fc7b3) div     a5, t6, t1
core   0: 3 0x8000aff8 (0x026fc7b3) x15 0x00000000
core   0: 0x8000affc (0x00000df2) c.slli  s11, 28
core   0: 3 0x8000affc (0x0df2) x27 0xf0000000
core   0: 0x8000affe (0x00008c6e) c.mv    s8, s11
core   0: 3 0x8000affe (0x8c6e) x24 0xf0000000
core   0: 0x8000b000 (0x00008dd9) c.or    a1, a4
core   0: 3 0x8000b000 (0x8dd9) x11 0x00000000
core   0: 0x8000b002 (0x7e29b493) sltiu   s1, s3, 2018
core   0: 3 0x8000b002 (0x7e29b493) x9  0x00000001
core   0: 0x8000b006 (0x00009c9a) c.add   s9, t1
core   0: 3 0x8000b006 (0x9c9a) x25 0xfffe2d51
core   0: 0x8000b008 (0x011b7463) bgeu    s6, a7, pc + 8
core   0: 3 0x8000b008 (0x011b7463)
core   0: 0x8000b00c (0x42a03d13) sltiu   s10, zero, 1066
core   0: 3 0x8000b00c (0x42a03d13) x26 0x00000001
core   0: 0x8000b010 (0xcdf3ad93) slti    s11, t2, -801
core   0: 3 0x8000b010 (0xcdf3ad93) x27 0x00000001
core   0: 0x8000b014 (0x0036a4b3) slt     s1, a3, gp
core   0: 3 0x8000b014 (0x0036a4b3) x9  0x00000000
core   0: 0x8000b018 (0x00f01f13) slli    t5, zero, 15
core   0: 3 0x8000b018 (0x00f01f13) x30 0x00000000
core   0: 0x8000b01c (0x00009c52) c.add   s8, s4
core   0: 3 0x8000b01c (0x9c52) x24 0x700264d3
core   0: 0x8000b01e (0x01274663) blt     a4, s2, pc + 12
core   0: 3 0x8000b01e (0x01274663)
core   0: 0x8000b02a (0x00306813) ori     a6, zero, 3
core   0: 3 0x8000b02a (0x00306813) x16 0x00000003
core   0: 0x8000b02e (0x34002873) csrr    a6, mscratch
core   0: 3 0x8000b02e (0x34002873) x16 0x00000003
core   0: 0x8000b032 (0x02cc5233) divu    tp, s8, a2
core   0: 3 0x8000b032 (0x02cc5233) x4  0x00038013
core   0: 0x8000b036 (0x004ea303) lw      t1, 4(t4)
core   0: 3 0x8000b036 (0x004ea303) x6  0x80008bb6 mem 0x80025e68
core   0: 0x8000b03a (0x00008f49) c.or    a4, a0
core   0: 3 0x8000b03a (0x8f49) x14 0x00000000
core   0: 0x8000b03c (0x012116b3) sll     a3, sp, s2
core   0: 3 0x8000b03c (0x012116b3) x13 0x20000000
core   0: 0x8000b040 (0x040e8e93) addi    t4, t4, 64
core   0: 3 0x8000b040 (0x040e8e93) x29 0x80025ea4
core   0: 0x8000b044 (0xb9b7cf93) xori    t6, a5, -1125
core   0: 3 0x8000b044 (0xb9b7cf93) x31 0xfffffb9b
core   0: 0x8000b048 (0x340067f3) csrrsi  a5, mscratch, 0
core   0: 3 0x8000b048 (0x340067f3) x15 0x00000003
core   0: 0x8000b04c (0x340068f3) csrrsi  a7, mscratch, 0
core   0: 3 0x8000b04c (0x340068f3) x17 0x00000003
core   0: 0x8000b050 (0x00130a93) addi    s5, t1, 1
core   0: 3 0x8000b050 (0x00130a93) x21 0x80008bb7
core   0: 0x8000b054 (0x000a8ae7) jalr    s5, s5, 0
core   0: 3 0x8000b054 (0x000a8ae7) x21 0x8000b058
core   0: 0x80008bb6 (0x014c1d63) bne     s8, s4, pc + 26
core   0: 3 0x80008bb6 (0x014c1d63)
core   0: 0x80008bd0 (0x00001f7d) c.addi  t5, -1
core   0: 3 0x80008bd0 (0x1f7d) x30 0xffffffff
core   0: 0x80008bd2 (0x02243d33) mulhu   s10, s0, sp
core   0: 3 0x80008bd2 (0x02243d33) x26 0x00000000
core   0: 0x80008bd6 (0x031a8663) beq     s5, a7, pc + 44
core   0: 3 0x80008bd6 (0x031a8663)
core   0: 0x80008bda (0x0330dcb3) divu    s9, ra, s3
core   0: 3 0x80008bda (0x0330dcb3) x25 0xffffffff
core   0: 0x80008bde (0x00008cfd) c.and   s1, a5
core   0: 3 0x80008bde (0x8cfd) x9  0x00000000
core   0: 0x80008be0 (0x340bd173) csrrwi  sp, mscratch, 23
core   0: 3 0x80008be0 (0x340bd173) x2  0x00000003 c832_mscratch 0x00000017
core   0: 0x80008be4 (0x0000e499) c.bnez  s1, pc + 14
core   0: 3 0x80008be4 (0xe499)
core   0: 0x80008be6 (0x00006bd1) c.lui   s7, 0x14
core   0: 3 0x80008be6 (0x6bd1) x23 0x00014000
core   0: 0x80008be8 (0x0252dbb3) divu    s7, t0, t0
core   0: 3 0x80008be8 (0x0252dbb3) x23 0x00000001
core   0: 0x80008bec (0x5a63ef17) auipc   t5, 0x5a63e
core   0: 3 0x80008bec (0x5a63ef17) x30 0xda646bec
core   0: 0x80008bf0 (0x00000001) c.nop
core   0: 3 0x80008bf0 (0x0001)
core   0: 0x80008bf2 (0x0000100f) fence.i
core   0: 3 0x80008bf2 (0x0000100f)
core   0: 0x80008bf6 (0x0000099c) c.addi4spn a5, sp, 208
core   0: 3 0x80008bf6 (0x099c) x15 0x000000d3
core   0: 0x80008bf8 (0x5e6c8113) addi    sp, s9, 1510
core   0: 3 0x80008bf8 (0x5e6c8113) x2  0x000005e5
core   0: 0x80008bfc (0x00000001) c.nop
core   0: 3 0x80008bfc (0x0001)
core   0: 0x80008bfe (0x029da333) mulhsu  t1, s11, s1
core   0: 3 0x80008bfe (0x029da333) x6  0x00000000
core   0: 0x80008c02 (0xd4123637) lui     a2, 0xd4123
core   0: 3 0x80008c02 (0xd4123637) x12 0xd4123000
core   0: 0x80008c06 (0x00a65463) bge     a2, a0, pc + 8
core   0: 3 0x80008c06 (0x00a65463)
core   0: 0x80008c0a (0x00008e9d) c.sub   a3, a5
core   0: 3 0x80008c0a (0x8e9d) x13 0x1fffff2d
core   0: 0x80008c0c (0x0000cb95) c.beqz  a5, pc + 52
core   0: 3 0x80008c0c (0xcb95)
core   0: 0x80008c0e (0x000086b6) c.mv    a3, a3
core   0: 3 0x80008c0e (0x86b6) x13 0x1fffff2d
core   0: 0x80008c10 (0x00011fb3) sll     t6, sp, zero
core   0: 3 0x80008c10 (0x00011fb3) x31 0x000005e5
core   0: 0x80008c14 (0x02281533) mulh    a0, a6, sp
core   0: 3 0x80008c14 (0x02281533) x10 0x00000000
core   0: 0x80008c18 (0x0000c589) c.beqz  a1, pc + 10
core   0: 3 0x80008c18 (0xc589)
core   0: 0x80008c22 (0x00cd1293) slli    t0, s10, 12
core   0: 3 0x80008c22 (0x00cd1293) x5  0x00000000
core   0: 0x80008c26 (0x011700b3) add     ra, a4, a7
core   0: 3 0x80008c26 (0x011700b3) x1  0x00000003
core   0: 0x80008c2a (0x02e69bb3) mulh    s7, a3, a4
core   0: 3 0x80008c2a (0x02e69bb3) x23 0x00000000
core   0: 0x80008c2e (0x00000cba) c.slli  s9, 14
core   0: 3 0x80008c2e (0x0cba) x25 0xffffc000
core   0: 0x80008c30 (0x037feb33) rem     s6, t6, s7
core   0: 3 0x80008c30 (0x037feb33) x22 0x000005e5
core   0: 0x80008c34 (0x340921f3) csrrs   gp, mscratch, s2
core   0: 3 0x80008c34 (0x340921f3) x3  0x00000017 c832_mscratch 0x0000001f
core   0: 0x80008c38 (0xf394f337) lui     t1, 0xf394f
core   0: 3 0x80008c38 (0xf394f337) x6  0xf394f000
core   0: 0x80008c3c (0x34002773) csrr    a4, mscratch
core   0: 3 0x80008c3c (0x34002773) x14 0x0000001f
core   0: 0x80008c40 (0x0000c1a9) c.beqz  a1, pc + 66
core   0: 3 0x80008c40 (0xc1a9)
core   0: 0x80008c82 (0x000093e2) c.add   t2, s8
core   0: 3 0x80008c82 (0x93e2) x7  0x384672b8
core   0: 0x80008c84 (0x000099fd) c.andi  a1, -1
core   0: 3 0x80008c84 (0x99fd) x11 0x00000000
core   0: 0x80008c86 (0x34022173) csrrs   sp, mscratch, tp
core   0: 3 0x80008c86 (0x34022173) x2  0x0000001f c832_mscratch 0x0003801f
core   0: 0x80008c8a (0x03f25b33) divu    s6, tp, t6
core   0: 3 0x80008c8a (0x03f25b33) x22 0x00000098
core   0: 0x80008c8e (0xc557e493) ori     s1, a5, -939
core   0: 3 0x80008c8e (0xc557e493) x9  0xfffffcd7
core   0: 0x80008c92 (0x00000288) c.addi4spn a0, sp, 320
core   0: 3 0x80008c92 (0x0288) x10 0x0000015f
core   0: 0x80008c94 (0x02c46963) bltu    s0, a2, pc + 50
core   0: 3 0x80008c94 (0x02c46963)
core   0: 0x80008cc6 (0x03675933) divu    s2, a4, s6
core   0: 3 0x80008cc6 (0x03675933) x18 0x00000000
core   0: 0x80008cca (0x340f9a73) csrrw   s4, mscratch, t6
core   0: 3 0x80008cca (0x340f9a73) x20 0x0003801f c832_mscratch 0x000005e5
core   0: 0x80008cce (0x00000001) c.nop
core   0: 3 0x80008cce (0x0001)
core   0: 0x80008cd0 (0x3409bdf3) csrrc   s11, mscratch, s3
core   0: 3 0x80008cd0 (0x3409bdf3) x27 0x000005e5 c832_mscratch 0x000005e5
core   0: 0x80008cd4 (0x0000197d) c.addi  s2, -1
core   0: 3 0x80008cd4 (0x197d) x18 0xffffffff
core   0: 0x80008cd6 (0x40440633) sub     a2, s0, tp
core   0: 3 0x80008cd6 (0x40440633) x12 0xfffc7fed
core   0: 0x80008cda (0xa5476b13) ori     s6, a4, -1452
core   0: 3 0x80008cda (0xa5476b13) x22 0xfffffa5f
core   0: 0x80008cde (0x000002ce) c.slli  t0, 19
core   0: 3 0x80008cde (0x02ce) x5  0x00000000
core   0: 0x80008ce0 (0x78a6f193) andi    gp, a3, 1930
core   0: 3 0x80008ce0 (0x78a6f193) x3  0x00000708
core   0: 0x80008ce4 (0x34003f73) csrrc   t5, mscratch, zero
core   0: 3 0x80008ce4 (0x34003f73) x30 0x000005e5
core   0: 0x80008ce8 (0x00009b96) c.add   s7, t0
core   0: 3 0x80008ce8 (0x9b96) x23 0x00000000
core   0: 0x80008cea (0x02c521b3) mulhsu  gp, a0, a2
core   0: 3 0x80008cea (0x02c521b3) x3  0x0000015e
core   0: 0x80008cee (0x02c000b3) mul     ra, zero, a2
core   0: 3 0x80008cee (0x02c000b3) x1  0x00000000
core   0: 0x80008cf2 (0x00009512) c.add   a0, tp
core   0: 3 0x80008cf2 (0x9512) x10 0x00038172
core   0: 0x80008cf4 (0x02824d33) div     s10, tp, s0
core   0: 3 0x80008cf4 (0x02824d33) x26 0xffffffff
core   0: 0x80008cf8 (0x008bab33) slt     s6, s7, s0
core   0: 3 0x80008cf8 (0x008bab33) x22 0x00000000
core   0: 0x80008cfc (0x00000855) c.addi  a6, 21
core   0: 3 0x80008cfc (0x0855) x16 0x00000018
core   0: 0x80008cfe (0x03be4963) blt     t3, s11, pc + 50
core   0: 3 0x80008cfe (0x03be4963)
core   0: 0x80008d30 (0x401f8a33) sub     s4, t6, ra
core   0: 3 0x80008d30 (0x401f8a33) x20 0x000005e5
core   0: 0x80008d34 (0x00000001) c.nop
core   0: 3 0x80008d34 (0x0001)
core   0: 0x80008d36 (0x1c37cf97) auipc   t6, 0x1c37c
core   0: 3 0x80008d36 (0x1c37cf97) x31 0x9c384d36
core   0: 0x80008d3a (0x000083bd) c.srli  a5, 15
core   0: 3 0x80008d3a (0x83bd) x15 0x00000000
core   0: 0x80008d3c (0x002bf263) bgeu    s7, sp, pc + 4
core   0: 3 0x80008d3c (0x002bf263)
core   0: 0x80008d40 (0xee86f593) andi    a1, a3, -280
core   0: 3 0x80008d40 (0xee86f593) x11 0x1ffffe28
core   0: 0x80008d44 (0x02d3aab3) mulhsu  s5, t2, a3
core   0: 3 0x80008d44 (0x02d3aab3) x21 0x0708ce28
core   0: 0x80008d48 (0x0000717d) c.addi16sp sp, -16
core   0: 3 0x80008d48 (0x717d) x2  0x0000000f
core   0: 0x80008d4a (0x00008fd1) c.or    a5, a2
core   0: 3 0x80008d4a (0x8fd1) x15 0xfffc7fed
core   0: 0x80008d4c (0x34003af3) csrrc   s5, mscratch, zero
core   0: 3 0x80008d4c (0x34003af3) x21 0x000005e5
core   0: 0x80008d50 (0x340e5573) csrrwi  a0, mscratch, 28
core   0: 3 0x80008d50 (0x340e5573) x10 0x000005e5 c832_mscratch 0x0000001c
core   0: 0x80008d54 (0x0000717d) c.addi16sp sp, -16
core   0: 3 0x80008d54 (0x717d) x2  0xffffffff
core   0: 0x80008d56 (0x01836d33) or      s10, t1, s8
core   0: 3 0x80008d56 (0x01836d33) x26 0xf396f4d3
core   0: 0x80008d5a (0x00008e01) c.sub   a2, s0
core   0: 3 0x80008d5a (0x8e01) x12 0xfffc7fed
core   0: 0x80008d5c (0x0000100f) fence.i
core   0: 3 0x80008d5c (0x0000100f)
core   0: 0x80008d60 (0x34002d73) csrr    s10, mscratch
core   0: 3 0x80008d60 (0x34002d73) x26 0x0000001c
core   0: 0x80008d64 (0x00dc1d93) slli    s11, s8, 13
core   0: 3 0x80008d64 (0x00dc1d93) x27 0x4c9a6000
core   0: 0x80008d68 (0x34007273) csrrci  tp, mscratch, 0
core   0: 3 0x80008d68 (0x34007273) x4  0x0000001c
core   0: 0x80008d6c (0x00008ea9) c.xor   a3, a0
core   0: 3 0x80008d6c (0x8ea9) x13 0x1ffffac8
core   0: 0x80008d6e (0x00009542) c.add   a0, a6
core   0: 3 0x80008d6e (0x9542) x10 0x000005fd
core   0: 0x80008d70 (0x00008779) c.srai  a4, 30
core   0: 3 0x80008d70 (0x8779) x14 0x00000000
core   0: 0x80008d72 (0x0000037e) c.slli  t1, 31
core   0: 3 0x80008d72 (0x037e) x6  0x00000000
core   0: 0x80008d74 (0x03ed55b3) divu    a1, s10, t5
core   0: 3 0x80008d74 (0x03ed55b3) x11 0x00000000
core   0: 0x80008d78 (0x007cf0b3) and     ra, s9, t2
core   0: 3 0x80008d78 (0x007cf0b3) x1  0x38464000
core   0: 0x80008d7c (0x65554f93) xori    t6, a0, 1621
core   0: 3 0x80008d7c (0x65554f93) x31 0x000003a8
core   0: 0x80008d80 (0x005df763) bgeu    s11, t0, pc + 14
core   0: 3 0x80008d80 (0x005df763)
core   0: 0x80008d8e (0x0335fc33) remu    s8, a1, s3
core   0: 3 0x80008d8e (0x0335fc33) x24 0x00000000
core   0: 0x80008d92 (0x0000191c) c.addi4spn a5, sp, 176
core   0: 3 0x80008d92 (0x191c) x15 0x000000af
core   0: 0x80008d94 (0x0000ca95) c.beqz  a3, pc + 52
core   0: 3 0x80008d94 (0xca95)
core   0: 0x80008d96 (0x00000001) c.nop
core   0: 3 0x80008d96 (0x0001)
core   0: 0x80008d98 (0x023bd333) divu    t1, s7, gp
core   0: 3 0x80008d98 (0x023bd333) x6  0x00000000
core   0: 0x80008d9c (0x01bf9293) slli    t0, t6, 27
core   0: 3 0x80008d9c (0x01bf9293) x5  0x40000000
core   0: 0x80008da0 (0x00770bb3) add     s7, a4, t2
core   0: 3 0x80008da0 (0x00770bb3) x23 0x384672b8
core   0: 0x80008da4 (0x018f01b3) add     gp, t5, s8
core   0: 3 0x80008da4 (0x018f01b3) x3  0x000005e5
core   0: 0x80008da8 (0x00009542) c.add   a0, a6
core   0: 3 0x80008da8 (0x9542) x10 0x00000615
core   0: 0x80008daa (0x000081fd) c.srli  a1, 31
core   0: 3 0x80008daa (0x81fd) x11 0x00000000
core   0: 0x80008dac (0x0000717d) c.addi16sp sp, -16
core   0: 3 0x80008dac (0x717d) x2  0xffffffef
core   0: 0x80008dae (0x00008ce9) c.and   s1, a0
core   0: 3 0x80008dae (0x8ce9) x9  0x00000415
core   0: 0x80008db0 (0x061f8a93) addi    s5, t6, 97
core   0: 3 0x80008db0 (0x061f8a93) x21 0x00000409
core   0: 0x80008db4 (0x02960b33) mul     s6, a2, s1
core   0: 3 0x80008db4 (0x02960b33) x22 0xf1b63271
core   0: 0x80008db8 (0x34047873) csrrci  a6, mscratch, 8
core   0: 3 0x80008db8 (0x34047873) x16 0x0000001c c832_mscratch 0x00000014
core   0: 0x80008dbc (0x340b64f3) csrrsi  s1, mscratch, 22
core   0: 3 0x80008dbc (0x340b64f3) x9  0x00000014 c832_mscratch 0x00000016
core   0: 0x80008dc0 (0x3403ea73) csrrsi  s4, mscratch, 7
core   0: 3 0x80008dc0 (0x3403ea73) x20 0x00000016 c832_mscratch 0x00000017
core   0: 0x80008dc4 (0x34007373) csrrci  t1, mscratch, 0
core   0: 3 0x80008dc4 (0x34007373) x6  0x00000017
core   0: 0x80008dc8 (0x00009272) c.add   tp, t3
core   0: 3 0x80008dc8 (0x9272) x4  0x80029d40
core   0: 0x80008dca (0x8bf30937) lui     s2, 0x8bf30
core   0: 3 0x80008dca (0x8bf30937) x18 0x8bf30000
core   0: 0x80008dce (0x000094ce) c.add   s1, s3
core   0: 3 0x80008dce (0x94ce) x9  0x00000014
core   0: 0x80008dd0 (0x0000127d) c.addi  tp, -1
core   0: 3 0x80008dd0 (0x127d) x4  0x80029d3f
core   0: 0x80008dd2 (0x00000001) c.nop
core   0: 3 0x80008dd2 (0x0001)
core   0: 0x80008dd4 (0x340f9bf3) csrrw   s7, mscratch, t6
core   0: 3 0x80008dd4 (0x340f9bf3) x23 0x00000017 c832_mscratch 0x000003a8
core   0: 0x80008dd8 (0x000096c2) c.add   a3, a6
core   0: 3 0x80008dd8 (0x96c2) x13 0x1ffffae4
core   0: 0x80008dda (0x01091c63) bne     s2, a6, pc + 24
core   0: 3 0x80008dda (0x01091c63)
core   0: 0x80008df2 (0x005dcf33) xor     t5, s11, t0
core   0: 3 0x80008df2 (0x005dcf33) x30 0x0c9a6000
core   0: 0x80008df6 (0x00001d7d) c.addi  s10, -1
core   0: 3 0x80008df6 (0x1d7d) x26 0x0000001b
core   0: 0x80008df8 (0xc8ab8c37) lui     s8, 0xc8ab8
core   0: 3 0x80008df8 (0xc8ab8c37) x24 0xc8ab8000
core   0: 0x80008dfc (0x02fbe633) rem     a2, s7, a5
core   0: 3 0x80008dfc (0x02fbe633) x12 0x00000017
core   0: 0x80008e00 (0x000096aa) c.add   a3, a0
core   0: 3 0x80008e00 (0x96aa) x13 0x200000f9
core   0: 0x80008e02 (0x00000001) c.nop
core   0: 3 0x80008e02 (0x0001)
core   0: 0x80008e04 (0x01946b33) or      s6, s0, s9
core   0: 3 0x80008e04 (0x01946b33) x22 0xffffc000
core   0: 0x80008e08 (0xaf598b93) addi    s7, s3, -1291
core   0: 3 0x80008e08 (0xaf598b93) x23 0xfffffaf5
core   0: 0x80008e0c (0x01986f33) or      t5, a6, s9
core   0: 3 0x80008e0c (0x01986f33) x30 0xffffc01c
core   0: 0x80008e10 (0x3e7bf637) lui     a2, 0x3e7bf
core   0: 3 0x80008e10 (0x3e7bf637) x12 0x3e7bf000
core   0: 0x80008e14 (0x02da43b3) div     t2, s4, a3
core   0: 3 0x80008e14 (0x02da43b3) x7  0x00000000
core   0: 0x80008e18 (0x00008ff5) c.and   a5, a3
core   0: 3 0x80008e18 (0x8ff5) x15 0x000000a9
core   0: 0x80008e1a (0x00008db5) c.xor   a1, a3
core   0: 3 0x80008e1a (0x8db5) x11 0x200000f9
core   0: 0x80008e1c (0x02bfea63) bltu    t6, a1, pc + 52
core   0: 3 0x80008e1c (0x02bfea63)
core   0: 0x80008e50 (0x340ae873) csrrsi  a6, mscratch, 21
core   0: 3 0x80008e50 (0x340ae873) x16 0x000003a8 c832_mscratch 0x000003bd
core   0: 0x80008e54 (0x00008db5) c.xor   a1, a3
core   0: 3 0x80008e54 (0x8db5) x11 0x00000000
core   0: 0x80008e56 (0x0000c719) c.beqz  a4, pc + 14
core   0: 3 0x80008e56 (0xc719)
core   0: 0x80008e64 (0x000086f2) c.mv    a3, t3
core   0: 3 0x80008e64 (0x86f2) x13 0x80029d24
core   0: 0x80008e66 (0x03513833) mulhu   a6, sp, s5
core   0: 3 0x80008e66 (0x03513833) x16 0x00000408
core   0: 0x80008e6a (0x00000d14) c.addi4spn a3, sp, 656
core   0: 3 0x80008e6a (0x0d14) x13 0x0000027f
core   0: 0x80008e6c (0x0000886e) c.mv    a6, s11
core   0: 3 0x80008e6c (0x886e) x16 0x4c9a6000
core   0: 0x80008e6e (0x0000017e) c.slli  sp, 31
core   0: 3 0x80008e6e (0x017e) x2  0x80000000
core   0: 0x80008e70 (0x00000ba6) c.slli  s7, 9
core   0: 3 0x80008e70 (0x0ba6) x23 0xfff5ea00
core   0: 0x80008e72 (0x00000c18) c.addi4spn a4, sp, 528
core   0: 3 0x80008e72 (0x0c18) x14 0x80000210
core   0: 0x80008e74 (0x03107233) remu    tp, zero, a7
core   0: 3 0x80008e74 (0x03107233) x4  0x00000000
core   0: 0x80008e78 (0x0000108c) c.addi4spn a1, sp, 96
core   0: 3 0x80008e78 (0x108c) x11 0x80000060
core   0: 0x80008e7a (0x3405d2f3) csrrwi  t0, mscratch, 11
core   0: 3 0x80008e7a (0x3405d2f3) x5  0x000003bd c832_mscratch 0x0000000b
core   0: 0x80008e7e (0x41200db3) sub     s11, zero, s2
core   0: 3 0x80008e7e (0x41200db3) x27 0x740d0000
core   0: 0x80008e82 (0x03bb9033) mulh    zero, s7, s11
core   0: 3 0x80008e82 (0x03bb9033)
core   0: 0x80008e86 (0x340e2bf3) csrrs   s7, mscratch, t3
core   0: 3 0x80008e86 (0x340e2bf3) x23 0x0000000b c832_mscratch 0x80029d2f
core   0: 0x80008e8a (0x411500b3) sub     ra, a0, a7
core   0: 3 0x80008e8a (0x411500b3) x1  0x00000612
core   0: 0x80008e8e (0x03d16f33) rem     t5, sp, t4
core   0: 3 0x80008e8e (0x03d16f33) x30 0xfffda15c
core   0: 0x80008e92 (0x00cc4963) blt     s8, a2, pc + 18
core   0: 3 0x80008e92 (0x00cc4963)
core   0: 0x80008ea4 (0x016d8633) add     a2, s11, s6
core   0: 3 0x80008ea4 (0x016d8633) x12 0x740cc000
core   0: 0x80008ea8 (0x003e7233) and     tp, t3, gp
core   0: 3 0x80008ea8 (0x003e7233) x4  0x00000524
core   0: 0x80008eac (0x0000717d) c.addi16sp sp, -16
core   0: 3 0x80008eac (0x717d) x2  0x7ffffff0
core   0: 0x80008eae (0xb6c72013) slti    zero, a4, -1172
core   0: 3 0x80008eae (0xb6c72013)
core   0: 0x80008eb2 (0x0000100f) fence.i
core   0: 3 0x80008eb2 (0x0000100f)
core   0: 0x80008eb6 (0x34041cf3) csrrw   s9, mscratch, s0
core   0: 3 0x80008eb6 (0x34041cf3) x25 0x80029d2f c832_mscratch 0x00000000
core   0: 0x80008eba (0xeb01ec17) auipc   s8, 0xeb01e
core   0: 3 0x80008eba (0xeb01ec17) x24 0x6b026eba
core   0: 0x80008ebe (0x0000100f) fence.i
core   0: 3 0x80008ebe (0x0000100f)
core   0: 0x80008ec2 (0x37ff45b7) lui     a1, 0x37ff4
core   0: 3 0x80008ec2 (0x37ff45b7) x11 0x37ff4000
core   0: 0x80008ec6 (0x0000c29d) c.beqz  a3, pc + 38
core   0: 3 0x80008ec6 (0xc29d)
core   0: 0x80008ec8 (0x8a348f93) addi    t6, s1, -1885
core   0: 3 0x80008ec8 (0x8a348f93) x31 0xfffff8b7
core   0: 0x80008ecc (0x15c38a93) addi    s5, t2, 348
core   0: 3 0x80008ecc (0x15c38a93) x21 0x0000015c
core   0: 0x80008ed0 (0x001dc263) blt     s11, ra, pc + 4
core   0: 3 0x80008ed0 (0x001dc263)
core   0: 0x80008ed4 (0xd6de0c93) addi    s9, t3, -659
core   0: 3 0x80008ed4 (0xd6de0c93) x25 0x80029a91
core   0: 0x80008ed8 (0x0000100f) fence.i
core   0: 3 0x80008ed8 (0x0000100f)
core   0: 0x80008edc (0x3400d973) csrrwi  s2, mscratch, 1
core   0: 3 0x80008edc (0x3400d973) x18 0x00000000 c832_mscratch 0x00000001
core   0: 0x80008ee0 (0x0371f7b3) remu    a5, gp, s7
core   0: 3 0x80008ee0 (0x0371f7b3) x15 0x00000002
core   0: 0x80008ee4 (0x01acebb3) or      s7, s9, s10
core   0: 3 0x80008ee4 (0x01acebb3) x23 0x80029a9b
core   0: 0x80008ee8 (0x01f1f663) bgeu    gp, t6, pc + 12
core   0: 3 0x80008ee8 (0x01f1f663)
core   0: 0x80008eec (0x038e0533) mul     a0, t3, s8
core   0: 3 0x80008eec (0x038e0533) x10 0x67b3a428
core   0: 0x80008ef0 (0x8410fc13) andi    s8, ra, -1983
core   0: 3 0x80008ef0 (0x8410fc13) x24 0x00000000
core   0: 0x80008ef4 (0x027a7633) remu    a2, s4, t2
core   0: 3 0x80008ef4 (0x027a7633) x12 0x00000016
core   0: 0x80008ef8 (0x418983b3) sub     t2, s3, s8
core   0: 3 0x80008ef8 (0x418983b3) x7  0x00000000
core   0: 0x80008efc (0x039e9cb3) mulh    s9, t4, s9
core   0: 3 0x80008efc (0x039e9cb3) x25 0x3ffd836b
core   0: 0x80008f00 (0x00006c69) c.lui   s8, 0x1a
core   0: 3 0x80008f00 (0x6c69) x24 0x0001a000
core   0: 0x80008f02 (0x0000100f) fence.i
core   0: 3 0x80008f02 (0x0000100f)
core   0: 0x80008f06 (0xed797c13) andi    s8, s2, -297
core   0: 3 0x80008f06 (0xed797c13) x24 0x00000000
core   0: 0x80008f0a (0x015f5113) srli    sp, t5, 21
core   0: 3 0x80008f0a (0x015f5113) x2  0x000007ff
core   0: 0x80008f0e (0x0031b0b3) sltu    ra, gp, gp
core   0: 3 0x80008f0e (0x0031b0b3) x1  0x00000000
core   0: 0x80008f12 (0x000d4d63) bltz    s10, pc + 26
core   0: 3 0x80008f12 (0x000d4d63)
core   0: 0x80008f16 (0x00009c62) c.add   s8, s8
core   0: 3 0x80008f16 (0x9c62) x24 0x00000000
core   0: 0x80008f18 (0x03bd8133) mul     sp, s11, s11
core   0: 3 0x80008f18 (0x03bd8133) x2  0x00000000
core   0: 0x80008f1c (0x000945b3) xor     a1, s2, zero
core   0: 3 0x80008f1c (0x000945b3) x11 0x00000000
core   0: 0x80008f20 (0x00ed9833) sll     a6, s11, a4
core   0: 3 0x80008f20 (0x00ed9833) x16 0x00000000
core   0: 0x80008f24 (0xa46ec7b7) lui     a5, 0xa46ec
core   0: 3 0x80008f24 (0xa46ec7b7) x15 0xa46ec000
core   0: 0x80008f28 (0x00a67963) bgeu    a2, a0, pc + 18
core   0: 3 0x80008f28 (0x00a67963)
core   0: 0x80008f2c (0x00b11bb3) sll     s7, sp, a1
core   0: 3 0x80008f2c (0x00b11bb3) x23 0x00000000
core   0: 0x80008f30 (0x00008e19) c.sub   a2, a4
core   0: 3 0x80008f30 (0x8e19) x12 0x7ffffe06
core   0: 0x80008f32 (0x03ad4f63) blt     s10, s10, pc + 62
core   0: 3 0x80008f32 (0x03ad4f63)
core   0: 0x80008f36 (0x34002ff3) csrr    t6, mscratch
core   0: 3 0x80008f36 (0x34002ff3) x31 0x00000001
core   0: 0x80008f3a (0x340374f3) csrrci  s1, mscratch, 6
core   0: 3 0x80008f3a (0x340374f3) x9  0x00000001 c832_mscratch 0x00000001
core   0: 0x80008f3e (0x014d7c33) and     s8, s10, s4
core   0: 3 0x80008f3e (0x014d7c33) x24 0x00000012
core   0: 0x80008f42 (0x00006c7d) c.lui   s8, 0x1f
core   0: 3 0x80008f42 (0x6c7d) x24 0x0001f000
core   0: 0x80008f44 (0x00008d75) c.and   a0, a3
core   0: 3 0x80008f44 (0x8d75) x10 0x00000028
core   0: 0x80008f46 (0x3405d2f3) csrrwi  t0, mscratch, 11
core   0: 3 0x80008f46 (0x3405d2f3) x5  0x00000001 c832_mscratch 0x0000000b
core   0: 0x80008f4a (0x0111bb33) sltu    s6, gp, a7
core   0: 3 0x80008f4a (0x0111bb33) x22 0x00000000
core   0: 0x80008f4e (0x001c97b3) sll     a5, s9, ra
core   0: 3 0x80008f4e (0x001c97b3) x15 0x3ffd836b
core   0: 0x80008f52 (0x000055fd) c.li    a1, -1
core   0: 3 0x80008f52 (0x55fd) x11 0xffffffff
core   0: 0x80008f54 (0x0258fc33) remu    s8, a7, t0
core   0: 3 0x80008f54 (0x0258fc33) x24 0x00000000
core   0: 0x80008f58 (0x01fb1a33) sll     s4, s6, t6
core   0: 3 0x80008f58 (0x01fb1a33) x20 0x00000000
core   0: 0x80008f5c (0x34007b73) csrrci  s6, mscratch, 0
core   0: 3 0x80008f5c (0x34007b73) x22 0x0000000b
core   0: 0x80008f60 (0x01f7bc33) sltu    s8, a5, t6
core   0: 3 0x80008f60 (0x01f7bc33) x24 0x00000000
core   0: 0x80008f64 (0x00c96833) or      a6, s2, a2
core   0: 3 0x80008f64 (0x00c96833) x16 0x7ffffe06
core   0: 0x80008f68 (0x0000100f) fence.i
core   0: 3 0x80008f68 (0x0000100f)
core   0: 0x80008f6c (0x01fe1863) bne     t3, t6, pc + 16
core   0: 3 0x80008f6c (0x01fe1863)
core   0: 0x80008f7c (0x40ce51b3) sra     gp, t3, a2
core   0: 3 0x80008f7c (0x40ce51b3) x3  0xfe000a74
core   0: 0x80008f80 (0x00009526) c.add   a0, s1
core   0: 3 0x80008f80 (0x9526) x10 0x00000029
core   0: 0x80008f82 (0x00006121) c.addi16sp sp, 64
core   0: 3 0x80008f82 (0x6121) x2  0x00000040
core   0: 0x80008f84 (0x34006af3) csrrsi  s5, mscratch, 0
core   0: 3 0x80008f84 (0x34006af3) x21 0x0000000b
core   0: 0x80008f88 (0x00008e51) c.or    a2, a2
core   0: 3 0x80008f88 (0x8e51) x12 0x7ffffe06
core   0: 0x80008f8a (0x413e0db3) sub     s11, t3, s3
core   0: 3 0x80008f8a (0x413e0db3) x27 0x80029d24
core   0: 0x80008f8e (0x02ece7b3) rem     a5, s9, a4
core   0: 3 0x80008f8e (0x02ece7b3) x15 0x3ffd836b
core   0: 0x80008f92 (0x00004651) c.li    a2, 20
core   0: 3 0x80008f92 (0x4651) x12 0x00000014
core   0: 0x80008f94 (0x452f2093) slti    ra, t5, 1106
core   0: 3 0x80008f94 (0x452f2093) x1  0x00000001
core   0: 0x80008f98 (0x0ff0000f) fence   iorw,iorw
core   0: 3 0x80008f98 (0x0ff0000f)
core   0: 0x80008f9c (0x403e5333) sra     t1, t3, gp
core   0: 3 0x80008f9c (0x403e5333) x6  0xfffff800
core   0: 0x80008fa0 (0x00008d65) c.and   a0, s1
core   0: 3 0x80008fa0 (0x8d65) x10 0x00000001
core   0: 0x80008fa2 (0x00326363) bltu    tp, gp, pc + 6
core   0: 3 0x80008fa2 (0x00326363)
core   0: 0x80008fa8 (0x103ac863) blt     s5, gp, pc + 272
core   0: 3 0x80008fa8 (0x103ac863)
core   0: 0x80008fac (0x00008dda) c.mv    s11, s6
core   0: 3 0x80008fac (0x8dda) x27 0x0000000b
core   0: 0x80008fae (0x0000e519) c.bnez  a0, pc + 14
core   0: 3 0x80008fae (0xe519)
core   0: 0x80008fbc (0x00009b3e) c.add   s6, a5
core   0: 3 0x80008fbc (0x9b3e) x22 0x3ffd8376
core   0: 0x80008fbe (0x00f027b3) slt     a5, zero, a5
core   0: 3 0x80008fbe (0x00f027b3) x15 0x00000001
core   0: 0x80008fc2 (0x340aadf3) csrrs   s11, mscratch, s5
core   0: 3 0x80008fc2 (0x340aadf3) x27 0x0000000b c832_mscratch 0x0000000b
core   0: 0x80008fc6 (0x00008f35) c.xor   a4, a3
core   0: 3 0x80008fc6 (0x8f35) x14 0x8000006f
core   0: 0x80008fc8 (0x01d15633) srl     a2, sp, t4
core   0: 3 0x80008fc8 (0x01d15633) x12 0x00000004
core   0: 0x80008fcc (0x00008397) auipc   t2, 0x8
core   0: 3 0x80008fcc (0x00008397) x7  0x80010fcc
core   0: 0x80008fd0 (0xb6738393) addi    t2, t2, -1177
core   0: 3 0x80008fd0 (0xb6738393) x7  0x80010b33
core   0: 0x80008fd4 (0x000087b1) c.srai  a5, 12
core   0: 3 0x80008fd4 (0x87b1) x15 0x00000000
core   0: 0x80008fd6 (0x40ee5db3) sra     s11, t3, a4
core   0: 3 0x80008fd6 (0x40ee5db3) x27 0xffff0005
core   0: 0x80008fda (0x0f538f83) lb      t6, 245(t2)
core   0: 3 0x80008fda (0x0f538f83) x31 0xffffffe3 mem 0x80010c28
core   0: 0x80008fde (0x01a65093) srli    ra, a2, 26
core   0: 3 0x80008fde (0x01a65093) x1  0x00000000
core   0: 0x80008fe2 (0x0000100f) fence.i
core   0: 3 0x80008fe2 (0x0000100f)
core   0: 0x80008fe6 (0xf5838f03) lb      t5, -168(t2)
core   0: 3 0x80008fe6 (0xf5838f03) x30 0x00000000 mem 0x80010a8b
core   0: 0x80008fea (0x0000100f) fence.i
core   0: 3 0x80008fea (0x0000100f)
core   0: 0x80008fee (0x340ba773) csrrs   a4, mscratch, s7
core   0: 3 0x80008fee (0x340ba773) x14 0x0000000b c832_mscratch 0x0000000b
core   0: 0x80008ff2 (0xf84380a3) sb      tp, -127(t2)
core   0: 3 0x80008ff2 (0xf84380a3) mem 0x80010ab4 0x24
core   0: 0x80008ff6 (0xfe33a0a3) sw      gp, -31(t2)
core   0: 3 0x80008ff6 (0xfe33a0a3) mem 0x80010b14 0xfe000a74
core   0: 0x80008ffa (0xf8c398a3) sh      a2, -111(t2)
core   0: 3 0x80008ffa (0xf8c398a3) mem 0x80010ac4 0x0004
core   0: 0x80008ffe (0x01620933) add     s2, tp, s6
core   0: 3 0x80008ffe (0x01620933) x18 0x3ffd889a
core   0: 0x80009002 (0x0f739ea3) sh      s7, 253(t2)
core   0: 3 0x80009002 (0x0f739ea3) mem 0x80010c30 0x0000
core   0: 0x80009006 (0x0b538c83) lb      s9, 181(t2)
core   0: 3 0x80009006 (0x0b538c83) x25 0xffffffa3 mem 0x80010be8
core   0: 0x8000900a (0x4564c713) xori    a4, s1, 1110
core   0: 3 0x8000900a (0x4564c713) x14 0x00000457
core   0: 0x8000900e (0x00000790) c.addi4spn a2, sp, 960
core   0: 3 0x8000900e (0x0790) x12 0x00000400
core   0: 0x80009010 (0x0753a183) lw      gp, 117(t2)
core   0: 3 0x80009010 (0x0753a183) x3  0x60616263 mem 0x80010ba8
core   0: 0x80009014 (0x0ff0000f) fence   iorw,iorw
core   0: 3 0x80009014 (0x0ff0000f)
core   0: 0x80009018 (0x01b4d133) srl     sp, s1, s11
core   0: 3 0x80009018 (0x01b4d133) x2  0x00000000
core   0: 0x8000901c (0x01d38723) sb      t4, 14(t2)
core   0: 3 0x8000901c (0x01d38723) mem 0x80010b41 0xa4
core   0: 0x80009020 (0x00008679) c.srai  a2, 30
core   0: 3 0x80009020 (0x8679) x12 0x00000000
core   0: 0x80009022 (0x03217233) remu    tp, sp, s2
core   0: 3 0x80009022 (0x03217233) x4  0x00000000
core   0: 0x80009026 (0x00001d18) c.addi4spn a4, sp, 688
core   0: 3 0x80009026 (0x1d18) x14 0x000002b0
core   0: 0x80009028 (0xf7339a03) lh      s4, -141(t2)
core   0: 3 0x80009028 (0xf7339a03) x20 0x00005c5d mem 0x80010aa6
core   0: 0x8000902c (0x0110f033) and     zero, ra, a7
core   0: 3 0x8000902c (0x0110f033)
core   0: 0x80009030 (0xf2b38583) lb      a1, -213(t2)
core   0: 3 0x80009030 (0xf2b38583) x11 0x00000015 mem 0x80010a5e
core   0: 0x80009034 (0xfb838603) lb      a2, -72(t2)
core   0: 3 0x80009034 (0xfb838603) x12 0xffffffa0 mem 0x80010aeb
core   0: 0x80009038 (0x068391a3) sh      s0, 99(t2)
core   0: 3 0x80009038 (0x068391a3) mem 0x80010b96 0x0000
core   0: 0x8000903c (0x06138323) sb      ra, 102(t2)
core   0: 3 0x8000903c (0x06138323) mem 0x80010b99 0x00
core   0: 0x80009040 (0x026ed833) divu    a6, t4, t1
core   0: 3 0x80009040 (0x026ed833) x16 0x00000000
core   0: 0x80009044 (0x05e38803) lb      a6, 94(t2)
core   0: 3 0x80009044 (0x05e38803) x16 0x0000004a mem 0x80010b91
core   0: 0x80009048 (0xfa4388a3) sb      tp, -79(t2)
core   0: 3 0x80009048 (0xfa4388a3) mem 0x80010ae4 0x00
core   0: 0x8000904c (0x024556b3) divu    a3, a0, tp
core   0: 3 0x8000904c (0x024556b3) x13 0xffffffff
core   0: 0x80009050 (0x3e87a313) slti    t1, a5, 1000
core   0: 3 0x80009050 (0x3e87a313) x6  0x00000001
core   0: 0x80009054 (0x0000100f) fence.i
core   0: 3 0x80009054 (0x0000100f)
core   0: 0x80009058 (0xf2839aa3) sh      s0, -203(t2)
core   0: 3 0x80009058 (0xf2839aa3) mem 0x80010a68 0x0000
core   0: 0x8000905c (0xfc33c703) lbu     a4, -61(t2)
core   0: 3 0x8000905c (0xfc33c703) x14 0x000000ad mem 0x80010af6
core   0: 0x80009060 (0x9bf76793) ori     a5, a4, -1601
core   0: 3 0x80009060 (0x9bf76793) x15 0xfffff9bf
core   0: 0x80009064 (0xf1438423) sb      s4, -248(t2)
core   0: 3 0x80009064 (0xf1438423) mem 0x80010a3b 0x5d
core   0: 0x80009068 (0xf703c903) lbu     s2, -144(t2)
core   0: 3 0x80009068 (0xf703c903) x18 0x000000ff mem 0x80010aa3
core   0: 0x8000906c (0x0823cb03) lbu     s6, 130(t2)
core   0: 3 0x8000906c (0x0823cb03) x22 0x0000006e mem 0x80010bb5
core   0: 0x80009070 (0x00000ae5) c.addi  s5, 25
core   0: 3 0x80009070 (0x0ae5) x21 0x00000024
core   0: 0x80009072 (0x08b3d203) lhu     tp, 139(t2)
core   0: 3 0x80009072 (0x08b3d203) x4  0x0000fa75 mem 0x80010bbe
core   0: 0x80009076 (0x0ed38123) sb      a3, 226(t2)
core   0: 3 0x80009076 (0x0ed38123) mem 0x80010c15 0xff
core   0: 0x8000907a (0x029bdf33) divu    t5, s7, s1
core   0: 3 0x8000907a (0x029bdf33) x30 0x00000000
core   0: 0x8000907e (0x3407bcf3) csrrc   s9, mscratch, a5
core   0: 3 0x8000907e (0x3407bcf3) x25 0x0000000b c832_mscratch 0x00000000
core   0: 0x80009082 (0x05738303) lb      t1, 87(t2)
core   0: 3 0x80009082 (0x05738303) x6  0x00000041 mem 0x80010b8a
core   0: 0x80009086 (0xf0139b83) lh      s7, -255(t2)
core   0: 3 0x80009086 (0xf0139b83) x23 0x000001ef mem 0x80010a34
core   0: 0x8000908a (0x00a383a3) sb      a0, 7(t2)
core   0: 3 0x8000908a (0x00a383a3) mem 0x80010b3a 0x01
core   0: 0x8000908e (0xfea3cb83) lbu     s7, -22(t2)
core   0: 3 0x8000908e (0xfea3cb83) x23 0x000000d6 mem 0x80010b1d
core   0: 0x80009092 (0xfb838a03) lb      s4, -72(t2)
core   0: 3 0x80009092 (0xfb838a03) x20 0xffffffa0 mem 0x80010aeb
core   0: 0x80009096 (0x340332f3) csrrc   t0, mscratch, t1
core   0: 3 0x80009096 (0x340332f3) x5  0x00000000 c832_mscratch 0x00000000
core   0: 0x8000909a (0x0c51ab93) slti    s7, gp, 197
core   0: 3 0x8000909a (0x0c51ab93) x23 0x00000000
core   0: 0x8000909e (0x00499b13) slli    s6, s3, 4
core   0: 3 0x8000909e (0x00499b13) x22 0x00000000
core   0: 0x800090a2 (0x4007d613) srai    a2, a5, 0
core   0: 3 0x800090a2 (0x4007d613) x12 0xfffff9bf
core   0: 0x800090a6 (0x03d434b3) mulhu   s1, s0, t4
core   0: 3 0x800090a6 (0x03d434b3) x9  0x00000000
core   0: 0x800090aa (0x0ff0000f) fence   iorw,iorw
core   0: 3 0x800090aa (0x0ff0000f)
core   0: 0x800090ae (0x0000c615) c.beqz  a2, pc + 44
core   0: 3 0x800090ae (0xc615)
core   0: 0x800090b0 (0x4186d393) srai    t2, a3, 24
core   0: 3 0x800090b0 (0x4186d393) x7  0xffffffff
core   0: 0x800090b4 (0x34002bf3) csrr    s7, mscratch
core   0: 3 0x800090b4 (0x34002bf3) x23 0x00000000
core   0: 0x800090b8 (0x01120663) beq     tp, a7, pc + 12
core   0: 3 0x800090b8 (0x01120663)
core   0: 0x800090bc (0x0000717d) c.addi16sp sp, -16
core   0: 3 0x800090bc (0x717d) x2  0xfffffff0
core   0: 0x800090be (0x0358e033) rem     zero, a7, s5
core   0: 3 0x800090be (0x0358e033)
core   0: 0x800090c2 (0x000056fd) c.li    a3, -1
core   0: 3 0x800090c2 (0x56fd) x13 0xffffffff
core   0: 0x800090c4 (0x41cb8333) sub     t1, s7, t3
core   0: 3 0x800090c4 (0x41cb8333) x6  0x7ffd62dc
core   0: 0x800090c8 (0x843c3313) sltiu   t1, s8, -1981
core   0: 3 0x800090c8 (0x843c3313) x6  0x00000001
core   0: 0x800090cc (0x02dde133) rem     sp, s11, a3
core   0: 3 0x800090cc (0x02dde133) x2  0x00000000
core   0: 0x800090d0 (0x00008b79) c.andi  a4, 30
core   0: 3 0x800090d0 (0x8b79) x14 0x0000000c
core   0: 0x800090d2 (0x00000001) c.nop
core   0: 3 0x800090d2 (0x0001)
core   0: 0x800090d4 (0x00e66463) bltu    a2, a4, pc + 8
core   0: 3 0x800090d4 (0x00e66463)
core   0: 0x800090d8 (0x00008392) c.mv    t2, tp
core   0: 3 0x800090d8 (0x8392) x7  0x0000fa75
core   0: 0x800090da (0x00001514) c.addi4spn a3, sp, 672
core   0: 3 0x800090da (0x1514) x13 0x000002a0
core   0: 0x800090dc (0x01ef8133) add     sp, t6, t5
core   0: 3 0x800090dc (0x01ef8133) x2  0xffffffe3
core   0: 0x800090e0 (0x40955fb3) sra     t6, a0, s1
core   0: 3 0x800090e0 (0x40955fb3) x31 0x00000001
core   0: 0x800090e4 (0x00000001) c.nop
core   0: 3 0x800090e4 (0x0001)
core   0: 0x800090e6 (0x00000001) c.nop
core   0: 3 0x800090e6 (0x0001)
core   0: 0x800090e8 (0x340f5773) csrrwi  a4, mscratch, 30
core   0: 3 0x800090e8 (0x340f5773) x14 0x00000000 c832_mscratch 0x0000001e
core   0: 0x800090ec (0x00005cfd) c.li    s9, -1
core   0: 3 0x800090ec (0x5cfd) x25 0xffffffff
core   0: 0x800090ee (0x02d88133) mul     sp, a7, a3
core   0: 3 0x800090ee (0x02d88133) x2  0x000007e0
core   0: 0x800090f2 (0x003a6c33) or      s8, s4, gp
core   0: 3 0x800090f2 (0x003a6c33) x24 0xffffffe3
core   0: 0x800090f6 (0x34006ff3) csrrsi  t6, mscratch, 0
core   0: 3 0x800090f6 (0x34006ff3) x31 0x0000001e
core   0: 0x800090fa (0x00270c63) beq     a4, sp, pc + 24
core   0: 3 0x800090fa (0x00270c63)
core   0: 0x800090fe (0x34091cf3) csrrw   s9, mscratch, s2
core   0: 3 0x800090fe (0x34091cf3) x25 0x0000001e c832_mscratch 0x000000ff
core   0: 0x80009102 (0x400a59b3) sra     s3, s4, zero
core   0: 3 0x80009102 (0x400a59b3) x19 0xffffffa0
core   0: 0x80009106 (0x01340263) beq     s0, s3, pc + 4
core   0: 3 0x80009106 (0x01340263)
core   0: 0x8000910a (0x0ff0000f) fence   iorw,iorw
core   0: 3 0x8000910a (0x0ff0000f)
core   0: 0x8000910e (0x3409e673) csrrsi  a2, mscratch, 19
core   0: 3 0x8000910e (0x3409e673) x12 0x000000ff c832_mscratch 0x000000ff
core   0: 0x80009112 (0x000095d2) c.add   a1, s4
core   0: 3 0x80009112 (0x95d2) x11 0xffffffb5
core   0: 0x80009114 (0x00008dd5) c.or    a1, a3
core   0: 3 0x80009114 (0x8dd5) x11 0xffffffb5
core   0: 0x80009116 (0x00000d46) c.slli  s10, 17
core   0: 3 0x80009116 (0x0d46) x26 0x00360000
core   0: 0x80009118 (0xfc080917) auipc   s2, 0xfc080
core   0: 3 0x80009118 (0xfc080917) x18 0x7c089118
core   0: 0x8000911c (0x00000001) c.nop
core   0: 3 0x8000911c (0x0001)
core   0: 0x8000911e (0x00ea63b3) or      t2, s4, a4
core   0: 3 0x8000911e (0x00ea63b3) x7  0xffffffa0
core   0: 0x80009122 (0x03d7d2b3) divu    t0, a5, t4
core   0: 3 0x80009122 (0x03d7d2b3) x5  0x00000001
core   0: 0x80009126 (0x00008d2d) c.xor   a0, a1
core   0: 3 0x80009126 (0x8d2d) x10 0xffffffb4
core   0: 0x80009128 (0x00009bfd) c.andi  a5, -1
core   0: 3 0x80009128 (0x9bfd) x15 0xfffff9bf
core   0: 0x8000912a (0x0237fb33) remu    s6, a5, gp
core   0: 3 0x8000912a (0x0237fb33) x22 0x3f3d34f9
core   0: 0x8000912e (0x00000001) c.nop
core   0: 3 0x8000912e (0x0001)
core   0: 0x80009130 (0x00008da5) c.xor   a1, s1
core   0: 3 0x80009130 (0x8da5) x11 0xffffffb5
core   0: 0x80009132 (0x01542bb3) slt     s7, s0, s5
core   0: 3 0x80009132 (0x01542bb3) x23 0x00000001
core   0: 0x80009136 (0x00008e49) c.or    a2, a0
core   0: 3 0x80009136 (0x8e49) x12 0xffffffff
core   0: 0x80009138 (0x000098fd) c.andi  s1, -1
core   0: 3 0x80009138 (0x98fd) x9  0x00000000
core   0: 0x8000913a (0x351b0f97) auipc   t6, 0x351b0
core   0: 3 0x8000913a (0x351b0f97) x31 0xb51b913a
core   0: 0x8000913e (0x00006821) c.lui   a6, 0x8
core   0: 3 0x8000913e (0x6821) x16 0x00008000
core   0: 0x80009140 (0x01c87733) and     a4, a6, t3
core   0: 3 0x80009140 (0x01c87733) x14 0x00008000
core   0: 0x80009144 (0x0588d063) bge     a7, s8, pc + 64
core   0: 3 0x80009144 (0x0588d063)
core   0: 0x80009184 (0x00005cfd) c.li    s9, -1
core   0: 3 0x80009184 (0x5cfd) x25 0xffffffff
core   0: 0x80009186 (0x0000965a) c.add   a2, s6
core   0: 3 0x80009186 (0x965a) x12 0x3f3d34f8
core   0: 0x80009188 (0x340fba73) csrrc   s4, mscratch, t6
core   0: 3 0x80009188 (0x340fba73) x20 0x000000ff c832_mscratch 0x000000c5
core   0: 0x8000918c (0x0000eb09) c.bnez  a4, pc + 18
core   0: 3 0x8000918c (0xeb09)
core   0: 0x8000919e (0x02895cb3) divu    s9, s2, s0
core   0: 3 0x8000919e (0x02895cb3) x25 0xffffffff
core   0: 0x800091a2 (0x0ff0000f) fence   iorw,iorw
core   0: 3 0x800091a2 (0x0ff0000f)
core   0: 0x800091a6 (0x000087c5) c.srai  a5, 17
core   0: 3 0x800091a6 (0x87c5) x15 0xffffffff
core   0: 0x800091a8 (0x00008e91) c.sub   a3, a2
core   0: 3 0x800091a8 (0x8e91) x13 0xc0c2cda8
core   0: 0x800091aa (0x0000833d) c.srli  a4, 15
core   0: 3 0x800091aa (0x833d) x14 0x00000001
core   0: 0x800091ac (0x0000823a) c.mv    tp, a4
core   0: 3 0x800091ac (0x823a) x4  0x00000001
core   0: 0x800091ae (0x2ae8e093) ori     ra, a7, 686
core   0: 3 0x800091ae (0x2ae8e093) x1  0x000002af
core   0: 0x800091b2 (0x02bb9263) bne     s7, a1, pc + 36
core   0: 3 0x800091b2 (0x02bb9263)
core   0: 0x800091d6 (0x0364b533) mulhu   a0, s1, s6
core   0: 3 0x800091d6 (0x0364b533) x10 0x00000000
core   0: 0x800091da (0x0285d133) divu    sp, a1, s0
core   0: 3 0x800091da (0x0285d133) x2  0xffffffff
core   0: 0x800091de (0x00009a7d) c.andi  a2, -1
core   0: 3 0x800091de (0x9a7d) x12 0x3f3d34f8
core   0: 0x800091e0 (0x030ef9b3) remu    s3, t4, a6
core   0: 3 0x800091e0 (0x030ef9b3) x19 0x00005ea4
core   0: 0x800091e4 (0x00008cf5) c.and   s1, a3
core   0: 3 0x800091e4 (0x8cf5) x9  0x00000000
core   0: 0x800091e6 (0x00008f9d) c.sub   a5, a5
core   0: 3 0x800091e6 (0x8f9d) x15 0x00000000
core   0: 0x800091e8 (0x0000c79d) c.beqz  a5, pc + 46
core   0: 3 0x800091e8 (0xc79d)
core   0: 0x80009216 (0x6e86b813) sltiu   a6, a3, 1768
core   0: 3 0x80009216 (0x6e86b813) x16 0x00000000
core   0: 0x8000921a (0xd03ccab7) lui     s5, 0xd03cc
core   0: 3 0x8000921a (0xd03ccab7) x21 0xd03cc000
core   0: 0x8000921e (0x34002f73) csrr    t5, mscratch
core   0: 3 0x8000921e (0x34002f73) x30 0x000000c5
core   0: 0x80009222 (0x934f0b13) addi    s6, t5, -1740
core   0: 3 0x80009222 (0x934f0b13) x22 0xfffff9f9
core   0: 0x80009226 (0x000003ce) c.slli  t2, 19
core   0: 3 0x80009226 (0x03ce) x7  0xfd000000
core   0: 0x80009228 (0x0000100f) fence.i
core   0: 3 0x80009228 (0x0000100f)
core   0: 0x8000922c (0x0030acb3) slt     s9, ra, gp
core   0: 3 0x8000922c (0x0030acb3) x25 0x00000001
core   0: 0x80009230 (0x00008ee5) c.and   a3, s1
core   0: 3 0x80009230 (0x8ee5) x13 0x00000000
core   0: 0x80009232 (0x0000100f) fence.i
core   0: 3 0x80009232 (0x0000100f)
core   0: 0x80009236 (0x00006151) c.addi16sp sp, 272
core   0: 3 0x80009236 (0x6151) x2  0x0000010f
core   0: 0x80009238 (0x03e97863) bgeu    s2, t5, pc + 48
core   0: 3 0x80009238 (0x03e97863)
core   0: 0x80009268 (0x340dd5f3) csrrwi  a1, mscratch, 27
core   0: 3 0x80009268 (0x340dd5f3) x11 0x000000c5 c832_mscratch 0x0000001b
core   0: 0x8000926c (0x12d31917) auipc   s2, 0x12d31
core   0: 3 0x8000926c (0x12d31917) x18 0x92d3a26c
core   0: 0x80009270 (0x03ea0cb3) mul     s9, s4, t5
core   0: 3 0x80009270 (0x03ea0cb3) x25 0x0000c43b
core   0: 0x80009274 (0x4d400213) li      tp, 1236
core   0: 3 0x80009274 (0x4d400213) x4  0x000004d4
core   0: 0x80009278 (0x40728533) sub     a0, t0, t2
core   0: 3 0x80009278 (0x40728533) x10 0x03000001
core   0: 0x8000927c (0x00661263) bne     a2, t1, pc + 4
core   0: 3 0x8000927c (0x00661263)
core   0: 0x80009280 (0x00006155) c.addi16sp sp, 304
core   0: 3 0x80009280 (0x6155) x2  0x0000023f
core   0: 0x80009282 (0x0000616d) c.addi16sp sp, 240
core   0: 3 0x80009282 (0x616d) x2  0x0000032f
core   0: 0x80009284 (0x00008f1d) c.sub   a4, a5
core   0: 3 0x80009284 (0x8f1d) x14 0x00000001
core   0: 0x80009286 (0x000080e1) c.srli  s1, 24
core   0: 3 0x80009286 (0x80e1) x9  0x00000000
core   0: 0x80009288 (0xe4bd4493) xori    s1, s10, -437
core   0: 3 0x80009288 (0xe4bd4493) x9  0xffc9fe4b
core   0: 0x8000928c (0x00001790) c.addi4spn a2, sp, 992
core   0: 3 0x8000928c (0x1790) x12 0x0000070f
core   0: 0x8000928e (0xab14a513) slti    a0, s1, -1359
core   0: 3 0x8000928e (0xab14a513) x10 0x00000001
core   0: 0x80009292 (0x00008f41) c.or    a4, s0
core   0: 3 0x80009292 (0x8f41) x14 0x00000001
core   0: 0x80009294 (0x41c051b3) sra     gp, zero, t3
core   0: 3 0x80009294 (0x41c051b3) x3  0x00000000
core   0: 0x80009298 (0x00ee6a33) or      s4, t3, a4
core   0: 3 0x80009298 (0x00ee6a33) x20 0x80029d25
core   0: 0x8000929c (0x00008fc5) c.or    a5, s1
core   0: 3 0x8000929c (0x8fc5) x15 0xffc9fe4b
core   0: 0x8000929e (0xccd0b293) sltiu   t0, ra, -819
core   0: 3 0x8000929e (0xccd0b293) x5  0x00000001
core   0: 0x800092a2 (0x03086d63) bltu    a6, a6, pc + 58
core   0: 3 0x800092a2 (0x03086d63)
core   0: 0x800092a6 (0x0000997d) c.andi  a0, -1
core   0: 3 0x800092a6 (0x997d) x10 0x00000001
core   0: 0x800092a8 (0x0000717d) c.addi16sp sp, -16
core   0: 3 0x800092a8 (0x717d) x2  0x0000031f
core   0: 0x800092aa (0xa1868713) addi    a4, a3, -1512
core   0: 3 0x800092aa (0xa1868713) x14 0xfffffa18
core   0: 0x800092ae (0x0037da33) srl     s4, a5, gp
core   0: 3 0x800092ae (0x0037da33) x20 0xffc9fe4b
core   0: 0x800092b2 (0xb8eed937) lui     s2, 0xb8eed
core   0: 3 0x800092b2 (0xb8eed937) x18 0xb8eed000
core   0: 0x800092b6 (0x674ecb13) xori    s6, t4, 1652
core   0: 3 0x800092b6 (0x674ecb13) x22 0x800258d0
core   0: 0x800092ba (0x00008d3d) c.xor   a0, a5
core   0: 3 0x800092ba (0x8d3d) x10 0xffc9fe4a
core   0: 0x800092bc (0x033000b3) mul     ra, zero, s3
core   0: 3 0x800092bc (0x033000b3) x1  0x00000000
core   0: 0x800092c0 (0x034c24b3) mulhsu  s1, s8, s4
core   0: 3 0x800092c0 (0x034c24b3) x9  0xffffffe3
core   0: 0x800092c4 (0x0000873e) c.mv    a4, a5
core   0: 3 0x800092c4 (0x873e) x14 0xffc9fe4b
core   0: 0x800092c6 (0x0000e999) c.bnez  a1, pc + 22
core   0: 3 0x800092c6 (0xe999)
core   0: 0x800092dc (0x00008ca9) c.xor   s1, a0
core   0: 3 0x800092dc (0x8ca9) x9  0x003601a9
core   0: 0x800092de (0xe0fd2313) slti    t1, s10, -497
core   0: 3 0x800092de (0xe0fd2313) x6  0x00000000
core   0: 0x800092e2 (0x000019fd) c.addi  s3, -1
core   0: 3 0x800092e2 (0x19fd) x19 0x00005ea3
core   0: 0x800092e4 (0x4f08b213) sltiu   tp, a7, 1264
core   0: 3 0x800092e4 (0x4f08b213) x4  0x00000001
core   0: 0x800092e8 (0x003a60b3) or      ra, s4, gp
core   0: 3 0x800092e8 (0x003a60b3) x1  0xffc9fe4b
core   0: 0x800092ec (0x000097ea) c.add   a5, s10
core   0: 3 0x800092ec (0x97ea) x15 0xfffffe4b
core   0: 0x800092ee (0x01749713) slli    a4, s1, 23
core   0: 3 0x800092ee (0x01749713) x14 0xd4800000
core   0: 0x800092f2 (0x41908a33) sub     s4, ra, s9
core   0: 3 0x800092f2 (0x41908a33) x20 0xffc93a10
core   0: 0x800092f6 (0x00dae5b3) or      a1, s5, a3
core   0: 3 0x800092f6 (0x00dae5b3) x11 0xd03cc000
core   0: 0x800092fa (0x01c68763) beq     a3, t3, pc + 14
core   0: 3 0x800092fa (0x01c68763)
core   0: 0x800092fe (0xf6459b37) lui     s6, 0xf6459
core   0: 3 0x800092fe (0xf6459b37) x22 0xf6459000
core   0: 0x80009302 (0x0000894e) c.mv    s2, s3
core   0: 3 0x80009302 (0x894e) x18 0x00005ea3
core   0: 0x80009304 (0x41310d33) sub     s10, sp, s3
core   0: 3 0x80009304 (0x41310d33) x26 0xffffa47c
core   0: 0x80009308 (0x0000717d) c.addi16sp sp, -16
core   0: 3 0x80009308 (0x717d) x2  0x0000030f
core   0: 0x8000930a (0x340addf3) csrrwi  s11, mscratch, 21
core   0: 3 0x8000930a (0x340addf3) x27 0x0000001b c832_mscratch 0x00000015
core   0: 0x8000930e (0x00000cd6) c.slli  s9, 21
core   0: 3 0x8000930e (0x0cd6) x25 0x87600000
core   0: 0x80009310 (0x02052533) mulhsu  a0, a0, zero
core   0: 3 0x80009310 (0x02052533) x10 0x00000000
core   0: 0x80009314 (0x02e75d63) bge     a4, a4, pc + 58
core   0: 3 0x80009314 (0x02e75d63)
core   0: 0x8000934e (0x0075b633) sltu    a2, a1, t2
core   0: 3 0x8000934e (0x0075b633) x12 0x00000001
core   0: 0x80009352 (0x00000a14) c.addi4spn a3, sp, 272
core   0: 3 0x80009352 (0x0a14) x13 0x0000041f
core   0: 0x80009354 (0x018d0463) beq     s10, s8, pc + 8
core   0: 3 0x80009354 (0x018d0463)
core   0: 0x80009358 (0x031806b3) mul     a3, a6, a7
core   0: 3 0x80009358 (0x031806b3) x13 0x00000000
core   0: 0x8000935c (0x00a21513) slli    a0, tp, 10
core   0: 3 0x8000935c (0x00a21513) x10 0x00000400
core   0: 0x80009360 (0x00431613) slli    a2, t1, 4
core   0: 3 0x80009360 (0x00431613) x12 0x00000000
core   0: 0x80009364 (0x41c55233) sra     tp, a0, t3
core   0: 3 0x80009364 (0x41c55233) x4  0x00000040
core   0: 0x80009368 (0x000009fd) c.addi  s3, 31
core   0: 3 0x80009368 (0x09fd) x19 0x00005ec2
core   0: 0x8000936a (0x00008d0d) c.sub   a0, a1
core   0: 3 0x8000936a (0x8d0d) x10 0x2fc34400
core   0: 0x8000936c (0x54fa4c13) xori    s8, s4, 1359
core   0: 3 0x8000936c (0x54fa4c13) x24 0xffc93f5f
core   0: 0x80009370 (0x3400fa73) csrrci  s4, mscratch, 1
core   0: 3 0x80009370 (0x3400fa73) x20 0x00000015 c832_mscratch 0x00000014
core   0: 0x80009374 (0x34002773) csrr    a4, mscratch
core   0: 3 0x80009374 (0x34002773) x14 0x00000014
core   0: 0x80009378 (0x00008e7d) c.and   a2, a5
core   0: 3 0x80009378 (0x8e7d) x12 0x00000000
core   0: 0x8000937a (0x340795f3) csrrw   a1, mscratch, a5
core   0: 3 0x8000937a (0x340795f3) x11 0x00000014 c832_mscratch 0xfffffe4b
core   0: 0x8000937e (0x02038c63) beqz    t2, pc + 56
core   0: 3 0x8000937e (0x02038c63)
core   0: 0x80009382 (0x00000001) c.nop
core   0: 3 0x80009382 (0x0001)
core   0: 0x80009384 (0xa805c613) xori    a2, a1, -1408
core   0: 3 0x80009384 (0xa805c613) x12 0xfffffa94
core   0: 0x80009388 (0x0139f863) bgeu    s3, s3, pc + 16
core   0: 3 0x80009388 (0x0139f863)
core   0: 0x80009398 (0x0193e763) bltu    t2, s9, pc + 14
core   0: 3 0x80009398 (0x0193e763)
core   0: 0x8000939c (0x34006bf3) csrrsi  s7, mscratch, 0
core   0: 3 0x8000939c (0x34006bf3) x23 0xfffffe4b
core   0: 0x800093a0 (0xe6013a93) sltiu   s5, sp, -416
core   0: 3 0x800093a0 (0xe6013a93) x21 0x00000001
core   0: 0x800093a4 (0x0000ea19) c.bnez  a2, pc + 22
core   0: 3 0x800093a4 (0xea19)
core   0: 0x800093ba (0x05dbd063) bge     s7, t4, pc + 64
core   0: 3 0x800093ba (0x05dbd063)
core   0: 0x800093fa (0x00008569) c.srai  a0, 26
core   0: 3 0x800093fa (0x8569) x10 0x0000000b
core   0: 0x800093fc (0x00de29b3) slt     s3, t3, a3
core   0: 3 0x800093fc (0x00de29b3) x19 0x00000001
core   0: 0x80009400 (0x00000388) c.addi4spn a0, sp, 448
core   0: 3 0x80009400 (0x0388) x10 0x000004cf
core   0: 0x80009402 (0x014d0933) add     s2, s10, s4
core   0: 3 0x80009402 (0x014d0933) x18 0xffffa491
core   0: 0x80009406 (0x00008525) c.srai  a0, 9
core   0: 3 0x80009406 (0x8525) x10 0x00000002
core   0: 0x80009408 (0x03594ab3) div     s5, s2, s5
core   0: 3 0x80009408 (0x03594ab3) x21 0xffffa491
core   0: 0x8000940c (0x0000e68d) c.bnez  a3, pc + 42
core   0: 3 0x8000940c (0xe68d)
core   0: 0x8000940e (0x01f65963) bge     a2, t6, pc + 18
core   0: 3 0x8000940e (0x01f65963)
core   0: 0x80009420 (0x009b9763) bne     s7, s1, pc + 14
core   0: 3 0x80009420 (0x009b9763)
core   0: 0x8000942e (0x356d2613) slti    a2, s10, 854
core   0: 3 0x8000942e (0x356d2613) x12 0x00000001
core   0: 0x80009432 (0x2f47c793) xori    a5, a5, 756
core   0: 3 0x80009432 (0x2f47c793) x15 0xfffffcbf
core   0: 0x80009436 (0x02e41cb3) mulh    s9, s0, a4
core   0: 3 0x80009436 (0x02e41cb3) x25 0x00000000
core   0: 0x8000943a (0x00008791) c.srai  a5, 4
core   0: 3 0x8000943a (0x8791) x15 0xffffffcb
core   0: 0x8000943c (0x024bdcb3) divu    s9, s7, tp
core   0: 3 0x8000943c (0x024bdcb3) x25 0x03fffff9
core   0: 0x80009440 (0x000063ed) c.lui   t2, 0x1b
core   0: 3 0x80009440 (0x63ed) x7  0x0001b000
core   0: 0x80009442 (0x0000c49d) c.beqz  s1, pc + 46
core   0: 3 0x80009442 (0xc49d)
core   0: 0x80009444 (0xd4a46713) ori     a4, s0, -694
core   0: 3 0x80009444 (0xd4a46713) x14 0xfffffd4a
core   0: 0x80009448 (0x000064cd) c.lui   s1, 0x13
core   0: 3 0x80009448 (0x64cd) x9  0x00013000
core   0: 0x8000944a (0x00009942) c.add   s2, a6
core   0: 3 0x8000944a (0x9942) x18 0xffffa491
core   0: 0x8000944c (0x03411d33) mulh    s10, sp, s4
core   0: 3 0x8000944c (0x03411d33) x26 0x00000000
core   0: 0x80009450 (0x0be07193) andi    gp, zero, 190
core   0: 3 0x80009450 (0x0be07193) x3  0x00000000
core   0: 0x80009454 (0x03e6b933) mulhu   s2, a3, t5
core   0: 3 0x80009454 (0x03e6b933) x18 0x00000000
core   0: 0x80009458 (0xc9f40313) addi    t1, s0, -865
core   0: 3 0x80009458 (0xc9f40313) x6  0xfffffc9f
core   0: 0x8000945c (0x01821333) sll     t1, tp, s8
core   0: 3 0x8000945c (0x01821333) x6  0x00000000
core   0: 0x80009460 (0x03737933) remu    s2, t1, s7
core   0: 3 0x80009460 (0x03737933) x18 0x00000000
core   0: 0x80009464 (0x00008369) c.srli  a4, 26
core   0: 3 0x80009464 (0x8369) x14 0x0000003f
core   0: 0x80009466 (0x340d1773) csrrw   a4, mscratch, s10
core   0: 3 0x80009466 (0x340d1773) x14 0xfffffe4b c832_mscratch 0x00000000
core   0: 0x8000946a (0x00008675) c.srai  a2, 29
core   0: 3 0x8000946a (0x8675) x12 0x00000000
core   0: 0x8000946c (0xd7d48593) addi    a1, s1, -643
core   0: 3 0x8000946c (0xd7d48593) x11 0x00012d7d
core   0: 0x80009470 (0x00008eed) c.and   a3, a1
core   0: 3 0x80009470 (0x8eed) x13 0x00000000
core   0: 0x80009472 (0x00008aa5) c.andi  a3, 9
core   0: 3 0x80009472 (0x8aa5) x13 0x00000000
core   0: 0x80009474 (0x00008729) c.srai  a4, 10
core   0: 3 0x80009474 (0x8729) x14 0xffffffff
core   0: 0x80009476 (0x00000f75) c.addi  t5, 29
core   0: 3 0x80009476 (0x0f75) x30 0x000000e2
core   0: 0x80009478 (0x00009ace) c.add   s5, s3
core   0: 3 0x80009478 (0x9ace) x21 0xffffa492
core   0: 0x8000947a (0x023183b3) mul     t2, gp, gp
core   0: 3 0x8000947a (0x023183b3) x7  0x00000000
core   0: 0x8000947e (0x024971b3) remu    gp, s2, tp
core   0: 3 0x8000947e (0x024971b3) x3  0x00000000
core   0: 0x80009482 (0x02230f33) mul     t5, t1, sp
core   0: 3 0x80009482 (0x02230f33) x30 0x00000000
core   0: 0x80009486 (0x00000001) c.nop
core   0: 3 0x80009486 (0x0001)
core   0: 0x80009488 (0xf8402593) slti    a1, zero, -124
core   0: 3 0x80009488 (0xf8402593) x11 0x00000000
core   0: 0x8000948c (0x00a958b3) srl     a7, s2, a0
core   0: 3 0x8000948c (0x00a958b3) x17 0x00000000
core   0: 0x80009490 (0x45642893) slti    a7, s0, 1110
core   0: 3 0x80009490 (0x45642893) x17 0x00000001
core   0: 0x80009494 (0x64932c13) slti    s8, t1, 1609
core   0: 3 0x80009494 (0x64932c13) x24 0x00000001
core   0: 0x80009498 (0x01219663) bne     gp, s2, pc + 12
core   0: 3 0x80009498 (0x01219663)
core   0: 0x8000949c (0x00146763) bltu    s0, ra, pc + 14
core   0: 3 0x8000949c (0x00146763)
core   0: 0x800094aa (0xd3eb3d93) sltiu   s11, s6, -706
core   0: 3 0x800094aa (0xd3eb3d93) x27 0x00000001
core   0: 0x800094ae (0x000099c2) c.add   s3, a6
core   0: 3 0x800094ae (0x99c2) x19 0x00000001
core   0: 0x800094b0 (0x01ffee63) bltu    t6, t6, pc + 28
core   0: 3 0x800094b0 (0x01ffee63)
core   0: 0x800094b4 (0x00006f99) c.lui   t6, 0x6
core   0: 3 0x800094b4 (0x6f99) x31 0x00006000
core   0: 0x800094b6 (0x00009a7d) c.andi  a2, -1
core   0: 3 0x800094b6 (0x9a7d) x12 0x00000000
core   0: 0x800094b8 (0xa6bb8f93) addi    t6, s7, -1429
core   0: 3 0x800094b8 (0xa6bb8f93) x31 0xfffff8b6
core   0: 0x800094bc (0x0000c291) c.beqz  a3, pc + 4
core   0: 3 0x800094bc (0xc291)
core   0: 0x800094c0 (0x03d8e6b3) rem     a3, a7, t4
core   0: 3 0x800094c0 (0x03d8e6b3) x13 0x00000001
core   0: 0x800094c4 (0x00008d85) c.sub   a1, s1
core   0: 3 0x800094c4 (0x8d85) x11 0xfffed000
core   0: 0x800094c6 (0x03d188b3) mul     a7, gp, t4
core   0: 3 0x800094c6 (0x03d188b3) x17 0x00000000
core   0: 0x800094ca (0x00006cb9) c.lui   s9, 0xe
core   0: 3 0x800094ca (0x6cb9) x25 0x0000e000
core   0: 0x800094cc (0x2257cb93) xori    s7, a5, 549
core   0: 3 0x800094cc (0x2257cb93) x23 0xfffffdee
core   0: 0x800094d0 (0x02deeb33) rem     s6, t4, a3
core   0: 3 0x800094d0 (0x02deeb33) x22 0x00000000
core   0: 0x800094d4 (0x000085ad) c.srai  a1, 11
core   0: 3 0x800094d4 (0x85ad) x11 0xffffffda
core   0: 0x800094d6 (0x2c607593) andi    a1, zero, 710
core   0: 3 0x800094d6 (0x2c607593) x11 0x00000000
core   0: 0x800094da (0x3408f3f3) csrrci  t2, mscratch, 17
core   0: 3 0x800094da (0x3408f3f3) x7  0x00000000 c832_mscratch 0x00000000
core   0: 0x800094de (0x0000717d) c.addi16sp sp, -16
core   0: 3 0x800094de (0x717d) x2  0x000002ff
core   0: 0x800094e0 (0xf4007b93) andi    s7, zero, -192
core   0: 3 0x800094e0 (0xf4007b93) x23 0x00000000
core   0: 0x800094e4 (0x0ff0000f) fence   iorw,iorw
core   0: 3 0x800094e4 (0x0ff0000f)
core   0: 0x800094e8 (0x00f36763) bltu    t1, a5, pc + 14
core   0: 3 0x800094e8 (0x00f36763)
core   0: 0x800094f6 (0x00008fc9) c.or    a5, a0
core   0: 3 0x800094f6 (0x8fc9) x15 0xffffffcb
core   0: 0x800094f8 (0x031971b3) remu    gp, s2, a7
core   0: 3 0x800094f8 (0x031971b3) x3  0x00000000
core   0: 0x800094fc (0x34075ff3) csrrwi  t6, mscratch, 14
core   0: 3 0x800094fc (0x34075ff3) x31 0x00000000 c832_mscratch 0x0000000e
core   0: 0x80009500 (0x00008e11) c.sub   a2, a2
core   0: 3 0x80009500 (0x8e11) x12 0x00000000
core   0: 0x80009502 (0x000090da) c.add   ra, s6
core   0: 3 0x80009502 (0x90da) x1  0xffc9fe4b
core   0: 0x80009504 (0x00008539) c.srai  a0, 14
core   0: 3 0x80009504 (0x8539) x10 0x00000000
core   0: 0x80009506 (0x000010fd) c.addi  ra, -1
core   0: 3 0x80009506 (0x10fd) x1  0xffc9fe4a
core   0: 0x80009508 (0x0ff0000f) fence   iorw,iorw
core   0: 3 0x80009508 (0x0ff0000f)
core   0: 0x8000950c (0x0000e589) c.bnez  a1, pc + 10
core   0: 3 0x8000950c (0xe589)
core   0: 0x8000950e (0x025a0833) mul     a6, s4, t0
core   0: 3 0x8000950e (0x025a0833) x16 0x00000015
core   0: 0x80009512 (0x0128f533) and     a0, a7, s2
core   0: 3 0x80009512 (0x0128f533) x10 0x00000000
core   0: 0x80009516 (0x036d9fb3) mulh    t6, s11, s6
core   0: 3 0x80009516 (0x036d9fb3) x31 0x00000000
core   0: 0x8000951a (0x34036b73) csrrsi  s6, mscratch, 6
core   0: 3 0x8000951a (0x34036b73) x22 0x0000000e c832_mscratch 0x0000000e
core   0: 0x8000951e (0x00008d7d) c.and   a0, a5
core   0: 3 0x8000951e (0x8d7d) x10 0x00000000
core   0: 0x80009520 (0x00008cb1) c.xor   s1, a2
core   0: 3 0x80009520 (0x8cb1) x9  0x00013000
core   0: 0x80009522 (0x01de2233) slt     tp, t3, t4
core   0: 3 0x80009522 (0x01de2233) x4  0x00000000
core   0: 0x80009526 (0x000083a2) c.mv    t2, s0
core   0: 3 0x80009526 (0x83a2) x7  0x00000000
core   0: 0x80009528 (0x8faa3693) sltiu   a3, s4, -1798
core   0: 3 0x80009528 (0x8faa3693) x13 0x00000001
core   0: 0x8000952c (0x025859b3) divu    s3, a6, t0
core   0: 3 0x8000952c (0x025859b3) x19 0x00000015
core   0: 0x80009530 (0x03a808b3) mul     a7, a6, s10
core   0: 3 0x80009530 (0x03a808b3) x17 0x00000000
core   0: 0x80009534 (0x03305563) bge     zero, s3, pc + 42
core   0: 3 0x80009534 (0x03305563)
core   0: 0x80009538 (0x647c0617) auipc   a2, 0x647c0
core   0: 3 0x80009538 (0x647c0617) x12 0xe47c9538
core   0: 0x8000953c (0x0058d2b3) srl     t0, a7, t0
core   0: 3 0x8000953c (0x0058d2b3) x5  0x00000000
core   0: 0x80009540 (0x000084a1) c.srai  s1, 8
core   0: 3 0x80009540 (0x84a1) x9  0x00000130
core   0: 0x80009542 (0x35622893) slti    a7, tp, 854
core   0: 3 0x80009542 (0x35622893) x17 0x00000001
core   0: 0x80009546 (0x34003df3) csrrc   s11, mscratch, zero
core   0: 3 0x80009546 (0x34003df3) x27 0x0000000e
core   0: 0x8000954a (0x00006185) c.lui   gp, 0x1
core   0: 3 0x8000954a (0x6185) x3  0x00001000
core   0: 0x8000954c (0x6bfb0f93) addi    t6, s6, 1727
core   0: 3 0x8000954c (0x6bfb0f93) x31 0x000006cd
core   0: 0x80009550 (0x00000001) c.nop
core   0: 3 0x80009550 (0x0001)
core   0: 0x80009552 (0x00008f51) c.or    a4, a2
core   0: 3 0x80009552 (0x8f51) x14 0xffffffff
core   0: 0x80009554 (0x0069e5b3) or      a1, s3, t1
core   0: 3 0x80009554 (0x0069e5b3) x11 0x00000015
core   0: 0x80009558 (0x0000ec8d) c.bnez  s1, pc + 58
core   0: 3 0x80009558 (0xec8d)
core   0: 0x80009592 (0x01ef6533) or      a0, t5, t5
core   0: 3 0x80009592 (0x01ef6533) x10 0x00000000
core   0: 0x80009596 (0x3405e2f3) csrrsi  t0, mscratch, 11
core   0: 3 0x80009596 (0x3405e2f3) x5  0x0000000e c832_mscratch 0x0000000f
core   0: 0x8000959a (0x6117f7b7) lui     a5, 0x6117f
core   0: 3 0x8000959a (0x6117f7b7) x15 0x6117f000
core   0: 0x8000959e (0x00008e1d) c.sub   a2, a5
core   0: 3 0x8000959e (0x8e1d) x12 0x8364a538
core   0: 0x800095a0 (0x34095f73) csrrwi  t5, mscratch, 18
core   0: 3 0x800095a0 (0x34095f73) x30 0x0000000f c832_mscratch 0x00000012
core   0: 0x800095a4 (0x00005a7d) c.li    s4, -1
core   0: 3 0x800095a4 (0x5a7d) x20 0xffffffff
core   0: 0x800095a6 (0x01e02fb3) slt     t6, zero, t5
core   0: 3 0x800095a6 (0x01e02fb3) x31 0x00000001
core   0: 0x800095aa (0x00410bb3) add     s7, sp, tp
core   0: 3 0x800095aa (0x00410bb3) x23 0x000002ff
core   0: 0x800095ae (0x0000ca0d) c.beqz  a2, pc + 50
core   0: 3 0x800095ae (0xca0d)
core   0: 0x800095b0 (0x0000717d) c.addi16sp sp, -16
core   0: 3 0x800095b0 (0x717d) x2  0x000002ef
core   0: 0x800095b2 (0x4042d833) sra     a6, t0, tp
core   0: 3 0x800095b2 (0x4042d833) x16 0x0000000e
core   0: 0x800095b6 (0x0138d863) bge     a7, s3, pc + 16
core   0: 3 0x800095b6 (0x0138d863)
core   0: 0x800095ba (0x0238e8b3) rem     a7, a7, gp
core   0: 3 0x800095ba (0x0238e8b3) x17 0x00000001
core   0: 0x800095be (0x00000216) c.slli  tp, 5
core   0: 3 0x800095be (0x0216) x4  0x00000000
core   0: 0x800095c0 (0x0000e799) c.bnez  a5, pc + 14
core   0: 3 0x800095c0 (0xe799)
core   0: 0x800095ce (0x000085c1) c.srai  a1, 16
core   0: 3 0x800095ce (0x85c1) x11 0x00000000
core   0: 0x800095d0 (0x01b94233) xor     tp, s2, s11
core   0: 3 0x800095d0 (0x01b94233) x4  0x0000000e
core   0: 0x800095d4 (0x00008cea) c.mv    s9, s10
core   0: 3 0x800095d4 (0x8cea) x25 0x00000000
core   0: 0x800095d6 (0x40d05133) sra     sp, zero, a3
core   0: 3 0x800095d6 (0x40d05133) x2  0x00000000
core   0: 0x800095da (0x0039f033) and     zero, s3, gp
core   0: 3 0x800095da (0x0039f033)
core   0: 0x800095de (0x00008d79) c.and   a0, a4
core   0: 3 0x800095de (0x8d79) x10 0x00000000
core   0: 0x800095e0 (0x05366063) bltu    a2, s3, pc + 64
core   0: 3 0x800095e0 (0x05366063)
core   0: 0x800095e4 (0x03569a33) mulh    s4, a3, s5
core   0: 3 0x800095e4 (0x03569a33) x20 0xffffffff
core   0: 0x800095e8 (0x03e6f6b3) remu    a3, a3, t5
core   0: 3 0x800095e8 (0x03e6f6b3) x13 0x00000001
core   0: 0x800095ec (0x7000a113) slti    sp, ra, 1792
core   0: 3 0x800095ec (0x7000a113) x2  0x00000001
core   0: 0x800095f0 (0x3401dff3) csrrwi  t6, mscratch, 3
core   0: 3 0x800095f0 (0x3401dff3) x31 0x00000012 c832_mscratch 0x00000003
core   0: 0x800095f4 (0x018c74b3) and     s1, s8, s8
core   0: 3 0x800095f4 (0x018c74b3) x9  0x00000001
core   0: 0x800095f8 (0x368a8337) lui     t1, 0x368a8
core   0: 3 0x800095f8 (0x368a8337) x6  0x368a8000
core   0: 0x800095fc (0x00000001) c.nop
core   0: 3 0x800095fc (0x0001)
core   0: 0x800095fe (0x340020f3) csrr    ra, mscratch
core   0: 3 0x800095fe (0x340020f3) x1  0x00000003
core   0: 0x80009602 (0x340029f3) csrr    s3, mscratch
core   0: 3 0x80009602 (0x340029f3) x19 0x00000003
core   0: 0x80009606 (0x0158f333) and     t1, a7, s5
core   0: 3 0x80009606 (0x0158f333) x6  0x00000000
core   0: 0x8000960a (0x00008cdd) c.or    s1, a5
core   0: 3 0x8000960a (0x8cdd) x9  0x6117f001
core   0: 0x8000960c (0x778ff017) auipc   zero, 0x778ff
core   0: 3 0x8000960c (0x778ff017)
core   0: 0x80009610 (0x3404dbf3) csrrwi  s7, mscratch, 9
core   0: 3 0x80009610 (0x3404dbf3) x23 0x00000003 c832_mscratch 0x00000009
core   0: 0x80009614 (0x899b06b7) lui     a3, 0x899b0
core   0: 3 0x80009614 (0x899b06b7) x13 0x899b0000
core   0: 0x80009618 (0x027f28b3) mulhsu  a7, t5, t2
core   0: 3 0x80009618 (0x027f28b3) x17 0x00000000
core   0: 0x8000961c (0x0000100f) fence.i
core   0: 3 0x8000961c (0x0000100f)
core   0: 0x80009620 (0x538f0013) addi    zero, t5, 1336
core   0: 3 0x80009620 (0x538f0013)
core   0: 0x80009624 (0x00008241) c.srli  a2, 16
core   0: 3 0x80009624 (0x8241) x12 0x00008364
core   0: 0x80009626 (0x00948fb3) add     t6, s1, s1
core   0: 3 0x80009626 (0x00948fb3) x31 0xc22fe002
core   0: 0x8000962a (0x34006073) csrsi   mscratch, 0
core   0: 3 0x8000962a (0x34006073)
core   0: 0x8000962e (0x013f4863) blt     t5, s3, pc + 16
core   0: 3 0x8000962e (0x013f4863)
core   0: 0x80009632 (0x024cca33) div     s4, s9, tp
core   0: 3 0x80009632 (0x024cca33) x20 0x00000000
core   0: 0x80009636 (0x0130d993) srli    s3, ra, 19
core   0: 3 0x80009636 (0x0130d993) x19 0x00000000
core   0: 0x8000963a (0x6cfc2f13) slti    t5, s8, 1743
core   0: 3 0x8000963a (0x6cfc2f13) x30 0x00000001
core   0: 0x8000963e (0x00008e35) c.xor   a2, a3
core   0: 3 0x8000963e (0x8e35) x12 0x899b8364
core   0: 0x80009640 (0xbc7bb593) sltiu   a1, s7, -1081
core   0: 3 0x80009640 (0xbc7bb593) x11 0x00000001
core   0: 0x80009644 (0x014e12b3) sll     t0, t3, s4
core   0: 3 0x80009644 (0x014e12b3) x5  0x80029d24
core   0: 0x80009648 (0x971ff493) andi    s1, t6, -1679
core   0: 3 0x80009648 (0x971ff493) x9  0xc22fe000
core   0: 0x8000964c (0x002e5b13) srli    s6, t3, 2
core   0: 3 0x8000964c (0x002e5b13) x22 0x2000a749
core   0: 0x80009650 (0x01d1c6b3) xor     a3, gp, t4
core   0: 3 0x80009650 (0x01d1c6b3) x13 0x80024ea4
core   0: 0x80009654 (0x00008ff1) c.and   a5, a2
core   0: 3 0x80009654 (0x8ff1) x15 0x01138000
core   0: 0x80009656 (0x032df233) remu    tp, s11, s2
core   0: 3 0x80009656 (0x032df233) x4  0x0000000e
core   0: 0x8000965a (0x039909b3) mul     s3, s2, s9
core   0: 3 0x8000965a (0x039909b3) x19 0x00000000
core   0: 0x8000965e (0x00001dfd) c.addi  s11, -1
core   0: 3 0x8000965e (0x1dfd) x27 0x0000000d
core   0: 0x80009660 (0x030b02b3) mul     t0, s6, a6
core   0: 3 0x80009660 (0x030b02b3) x5  0xc00925fe
core   0: 0x80009664 (0x41f15693) srai    a3, sp, 31
core   0: 3 0x80009664 (0x41f15693) x13 0x00000000
core   0: 0x80009668 (0x023a6033) rem     zero, s4, gp
core   0: 3 0x80009668 (0x023a6033)
core   0: 0x8000966c (0x00b96d33) or      s10, s2, a1
core   0: 3 0x8000966c (0x00b96d33) x26 0x00000001
core   0: 0x80009670 (0x0ff0000f) fence   iorw,iorw
core   0: 3 0x80009670 (0x0ff0000f)
core   0: 0x80009674 (0x6cfc6293) ori     t0, s8, 1743
core   0: 3 0x80009674 (0x6cfc6293) x5  0x000006cf
core   0: 0x80009678 (0x00008f55) c.or    a4, a3
core   0: 3 0x80009678 (0x8f55) x14 0xffffffff
core   0: 0x8000967a (0x00000984) c.addi4spn s1, sp, 208
core   0: 3 0x8000967a (0x0984) x9  0x000000d1
core   0: 0x8000967c (0x0000100f) fence.i
core   0: 3 0x8000967c (0x0000100f)
core   0: 0x80009680 (0x00339463) bne     t2, gp, pc + 8
core   0: 3 0x80009680 (0x00339463)
core   0: 0x80009688 (0x34065173) csrrwi  sp, mscratch, 12
core   0: 3 0x80009688 (0x34065173) x2  0x00000009 c832_mscratch 0x0000000c
core   0: 0x8000968c (0x028cd333) divu    t1, s9, s0
core   0: 3 0x8000968c (0x028cd333) x6  0xffffffff
core   0: 0x80009690 (0x017f8c63) beq     t6, s7, pc + 24
core   0: 3 0x80009690 (0x017f8c63)
core   0: 0x80009694 (0x03c738b3) mulhu   a7, a4, t3
core   0: 3 0x80009694 (0x03c738b3) x17 0x80029d23
core   0: 0x80009698 (0x01a5c4b3) xor     s1, a1, s10
core   0: 3 0x80009698 (0x01a5c4b3) x9  0x00000000
core   0: 0x8000969c (0x401681b3) sub     gp, a3, ra
core   0: 3 0x8000969c (0x401681b3) x3  0xfffffffd
core   0: 0x800096a0 (0x049fdb17) auipc   s6, 0x49fd
core   0: 3 0x800096a0 (0x049fdb17) x22 0x84a066a0
core   0: 0x800096a4 (0x5bbec117) auipc   sp, 0x5bbec
core   0: 3 0x800096a4 (0x5bbec117) x2  0xdbbf56a4
core   0: 0x800096a8 (0x0000cf0d) c.beqz  a4, pc + 58
core   0: 3 0x800096a8 (0xcf0d)
core   0: 0x800096aa (0x00341733) sll     a4, s0, gp
core   0: 3 0x800096aa (0x00341733) x14 0x00000000
core   0: 0x800096ae (0x3400dff3) csrrwi  t6, mscratch, 1
core   0: 3 0x800096ae (0x3400dff3) x31 0x0000000c c832_mscratch 0x00000001
core   0: 0x800096b2 (0x03cedfb3) divu    t6, t4, t3
core   0: 3 0x800096b2 (0x03cedfb3) x31 0x00000000
core   0: 0x800096b6 (0x18214093) xori    ra, sp, 386
core   0: 3 0x800096b6 (0x18214093) x1  0xdbbf5726
core   0: 0x800096ba (0x3403ddf3) csrrwi  s11, mscratch, 7
core   0: 3 0x800096ba (0x3403ddf3) x27 0x00000001 c832_mscratch 0x00000007
core   0: 0x800096be (0x0000ce0d) c.beqz  a2, pc + 58
core   0: 3 0x800096be (0xce0d)
core   0: 0x800096c0 (0x00009a7d) c.andi  a2, -1
core   0: 3 0x800096c0 (0x9a7d) x12 0x899b8364
core   0: 0x800096c2 (0x03918663) beq     gp, s9, pc + 44
core   0: 3 0x800096c2 (0x03918663)
core   0: 0x800096c6 (0x0000830a) c.mv    t1, sp
core   0: 3 0x800096c6 (0x830a) x6  0xdbbf56a4
core   0: 0x800096c8 (0x00006ded) c.lui   s11, 0x1b
core   0: 3 0x800096c8 (0x6ded) x27 0x0001b000
core   0: 0x800096ca (0x03363033) mulhu   zero, a2, s3
core   0: 3 0x800096ca (0x03363033)
core   0: 0x800096ce (0x34002ff3) csrr    t6, mscratch
core   0: 3 0x800096ce (0x34002ff3) x31 0x00000007
core   0: 0x800096d2 (0x00d6c633) xor     a2, a3, a3
core   0: 3 0x800096d2 (0x00d6c633) x12 0x00000000
core   0: 0x800096d6 (0x0000820d) c.srli  a2, 3
core   0: 3 0x800096d6 (0x820d) x12 0x00000000
core   0: 0x800096d8 (0x00cbf263) bgeu    s7, a2, pc + 4
core   0: 3 0x800096d8 (0x00cbf263)
core   0: 0x800096dc (0x00eb8663) beq     s7, a4, pc + 12
core   0: 3 0x800096dc (0x00eb8663)
core   0: 0x800096e0 (0x00000001) c.nop
core   0: 3 0x800096e0 (0x0001)
core   0: 0x800096e2 (0xd42d3b17) auipc   s6, 0xd42d3
core   0: 3 0x800096e2 (0xd42d3b17) x22 0x542dc6e2
core   0: 0x800096e6 (0x000061dd) c.lui   gp, 0x17
core   0: 3 0x800096e6 (0x61dd) x3  0x00017000
core   0: 0x800096e8 (0x34061073) csrw    mscratch, a2
core   0: 3 0x800096e8 (0x34061073) c832_mscratch 0x00000000
core   0: 0x800096ec (0x00006109) c.addi16sp sp, 128
core   0: 3 0x800096ec (0x6109) x2  0xdbbf5724
core   0: 0x800096ee (0x00006141) c.addi16sp sp, 16
core   0: 3 0x800096ee (0x6141) x2  0xdbbf5734
core   0: 0x800096f0 (0x03c3dfb3) divu    t6, t2, t3
core   0: 3 0x800096f0 (0x03c3dfb3) x31 0x00000000
core   0: 0x800096f4 (0xfb67f693) andi    a3, a5, -74
core   0: 3 0x800096f4 (0xfb67f693) x13 0x01138000
core   0: 0x800096f8 (0x011b19b3) sll     s3, s6, a7
core   0: 3 0x800096f8 (0x011b19b3) x19 0xa16e3710
core   0: 0x800096fc (0x0000810a) c.mv    sp, sp
core   0: 3 0x800096fc (0x810a) x2  0xdbbf5734
core   0: 0x800096fe (0x0ff0000f) fence   iorw,iorw
core   0: 3 0x800096fe (0x0ff0000f)
core   0: 0x80009702 (0x03675c63) bge     a4, s6, pc + 56
core   0: 3 0x80009702 (0x03675c63)
core   0: 0x80009706 (0x015d6263) bltu    s10, s5, pc + 4
core   0: 3 0x80009706 (0x015d6263)
core   0: 0x8000970a (0x0292b933) mulhu   s2, t0, s1
core   0: 3 0x8000970a (0x0292b933) x18 0x00000000
core   0: 0x8000970e (0x002c87b3) add     a5, s9, sp
core   0: 3 0x8000970e (0x002c87b3) x15 0xdbbf5734
core   0: 0x80009712 (0x0000c489) c.beqz  s1, pc + 10
core   0: 3 0x80009712 (0xc489)
core   0: 0x8000971c (0x00008f41) c.or    a4, s0
core   0: 3 0x8000971c (0x8f41) x14 0x00000000
core   0: 0x8000971e (0x00005a7d) c.li    s4, -1
core   0: 3 0x8000971e (0x5a7d) x20 0xffffffff
core   0: 0x80009720 (0x01da1563) bne     s4, t4, pc + 10
core   0: 3 0x80009720 (0x01da1563)
core   0: 0x8000972a (0x0223d633) divu    a2, t2, sp
core   0: 3 0x8000972a (0x0223d633) x12 0x00000000
core   0: 0x8000972e (0x340d68f3) csrrsi  a7, mscratch, 26
core   0: 3 0x8000972e (0x340d68f3) x17 0x00000000 c832_mscratch 0x0000001a
core   0: 0x80009732 (0x0000c901) c.beqz  a0, pc + 16
core   0: 3 0x80009732 (0xc901)
core   0: 0x80009742 (0x3409ac73) csrrs   s8, mscratch, s3
core   0: 3 0x80009742 (0x3409ac73) x24 0x0000001a c832_mscratch 0xa16e371a
core   0: 0x80009746 (0x01d19613) slli    a2, gp, 29
core   0: 3 0x80009746 (0x01d19613) x12 0x00000000
core   0: 0x8000974a (0x0138e333) or      t1, a7, s3
core   0: 3 0x8000974a (0x0138e333) x6  0xa16e3710
core   0: 0x8000974e (0x00a91b63) bne     s2, a0, pc + 22
core   0: 3 0x8000974e (0x00a91b63)
core   0: 0x80009752 (0x000081ed) c.srli  a1, 27
core   0: 3 0x80009752 (0x81ed) x11 0x00000000
core   0: 0x80009754 (0x00435113) srli    sp, t1, 4
core   0: 3 0x80009754 (0x00435113) x2  0x0a16e371
core   0: 0x80009758 (0x340066f3) csrrsi  a3, mscratch, 0
core   0: 3 0x80009758 (0x340066f3) x13 0xa16e371a
core   0: 0x8000975c (0x021ac763) blt     s5, ra, pc + 46
core   0: 3 0x8000975c (0x021ac763)
core   0: 0x80009760 (0x0000e21d) c.bnez  a2, pc + 38
core   0: 3 0x80009760 (0xe21d)
core   0: 0x80009762 (0x0000075a) c.slli  a4, 22
core   0: 3 0x80009762 (0x075a) x14 0x00000000
core   0: 0x80009764 (0x6697c513) xori    a0, a5, 1641
core   0: 3 0x80009764 (0x6697c513) x10 0xdbbf515d
core   0: 0x80009768 (0x34087773) csrrci  a4, mscratch, 16
core   0: 3 0x80009768 (0x34087773) x14 0xa16e371a c832_mscratch 0xa16e370a
core   0: 0x8000976c (0x00008fc1) c.or    a5, s0
core   0: 3 0x8000976c (0x8fc1) x15 0xdbbf5734
core   0: 0x8000976e (0x00000001) c.nop
core   0: 3 0x8000976e (0x0001)
core   0: 0x80009770 (0x00000098) c.addi4spn a4, sp, 64
core   0: 3 0x80009770 (0x0098) x14 0x0a16e3b1
core   0: 0x80009772 (0x0358d6b3) divu    a3, a7, s5
core   0: 3 0x80009772 (0x0358d6b3) x13 0x00000000
core   0: 0x80009776 (0x00008f49) c.or    a4, a0
core   0: 3 0x80009776 (0x8f49) x14 0xdbbff3fd
core   0: 0x80009778 (0x0002c0b3) xor     ra, t0, zero
core   0: 3 0x80009778 (0x0002c0b3) x1  0x000006cf
core   0: 0x8000977c (0x40c95933) sra     s2, s2, a2
core   0: 3 0x8000977c (0x40c95933) x18 0x00000000
core   0: 0x80009780 (0x0000c605) c.beqz  a2, pc + 40
core   0: 3 0x80009780 (0xc605)
core   0: 0x800097a8 (0x02f784b3) mul     s1, a5, a5
core   0: 3 0x800097a8 (0x02f784b3) x9  0x354c6290
core   0: 0x800097ac (0x0000c519) c.beqz  a0, pc + 14
core   0: 3 0x800097ac (0xc519)
core   0: 0x800097ae (0x7cbfef93) ori     t6, t6, 1995
core   0: 3 0x800097ae (0x7cbfef93) x31 0x000007cb
core   0: 0x800097b2 (0x005c11b3) sll     gp, s8, t0
core   0: 3 0x800097b2 (0x005c11b3) x3  0x000d0000
core   0: 0x800097b6 (0x0f287c63) bgeu    a6, s2, pc + 248
core   0: 3 0x800097b6 (0x0f287c63)
core   0: 0x800098ae (0x00f89093) slli    ra, a7, 15
core   0: 3 0x800098ae (0x00f89093) x1  0x00000000
core   0: 0x800098b2 (0x0000048c) c.addi4spn a1, sp, 576
core   0: 3 0x800098b2 (0x048c) x11 0x0a16e5b1
core   0: 0x800098b4 (0x00ccd8b3) srl     a7, s9, a2
core   0: 3 0x800098b4 (0x00ccd8b3) x17 0x00000000
core   0: 0x800098b8 (0x020467b3) rem     a5, s0, zero
core   0: 3 0x800098b8 (0x020467b3) x15 0x00000000
core   0: 0x800098bc (0x01d8ec33) or      s8, a7, t4
core   0: 3 0x800098bc (0x01d8ec33) x24 0x80025ea4
core   0: 0x800098c0 (0x00cb9ab3) sll     s5, s7, a2
core   0: 3 0x800098c0 (0x00cb9ab3) x21 0x00000003
core   0: 0x800098c4 (0x00008d66) c.mv    s10, s9
core   0: 3 0x800098c4 (0x8d66) x26 0x00000000
core   0: 0x800098c6 (0x009037b3) snez    a5, s1
core   0: 3 0x800098c6 (0x009037b3) x15 0x00000001
core   0: 0x800098ca (0x00afbbb3) sltu    s7, t6, a0
core   0: 3 0x800098ca (0x00afbbb3) x23 0x00000001
core   0: 0x800098ce (0x0000100f) fence.i
core   0: 3 0x800098ce (0x0000100f)
core   0: 0x800098d2 (0xe3f47a13) andi    s4, s0, -449
core   0: 3 0x800098d2 (0xe3f47a13) x20 0x00000000
core   0: 0x800098d6 (0x002154b3) srl     s1, sp, sp
core   0: 3 0x800098d6 (0x002154b3) x9  0x0000050b
core   0: 0x800098da (0x0103c3b3) xor     t2, t2, a6
core   0: 3 0x800098da (0x0103c3b3) x7  0x0000000e
core   0: 0x800098de (0x00779a93) slli    s5, a5, 7
core   0: 3 0x800098de (0x00779a93) x21 0x00000080
core   0: 0x800098e2 (0x0362dab3) divu    s5, t0, s6
core   0: 3 0x800098e2 (0x0362dab3) x21 0x00000000
core   0: 0x800098e6 (0x035ae3b3) rem     t2, s5, s5
core   0: 3 0x800098e6 (0x035ae3b3) x7  0x00000000
core   0: 0x800098ea (0x009b5763) bge     s6, s1, pc + 14
core   0: 3 0x800098ea (0x009b5763)
core   0: 0x800098f8 (0x023fb633) mulhu   a2, t6, gp
core   0: 3 0x800098f8 (0x023fb633) x12 0x00000000
core   0: 0x800098fc (0x032c3b33) mulhu   s6, s8, s2
core   0: 3 0x800098fc (0x032c3b33) x22 0x00000000
core   0: 0x80009900 (0x00008cf6) c.mv    s9, t4
core   0: 3 0x80009900 (0x8cf6) x25 0x80025ea4
core   0: 0x80009902 (0x01423833) sltu    a6, tp, s4
core   0: 3 0x80009902 (0x01423833) x16 0x00000000
core   0: 0x80009906 (0x000082f6) c.mv    t0, t4
core   0: 3 0x80009906 (0x82f6) x5  0x80025ea4
core   0: 0x80009908 (0x000080d2) c.mv    ra, s4
core   0: 3 0x80009908 (0x80d2) x1  0x00000000
core   0: 0x8000990a (0x0286acb3) mulhsu  s9, a3, s0
core   0: 3 0x8000990a (0x0286acb3) x25 0x00000000
core   0: 0x8000990e (0x00000001) c.nop
core   0: 3 0x8000990e (0x0001)
core   0: 0x80009910 (0x00008dbd) c.xor   a1, a5
core   0: 3 0x80009910 (0x8dbd) x11 0x0a16e5b0
core   0: 0x80009912 (0x00008e09) c.sub   a2, a0
core   0: 3 0x80009912 (0x8e09) x12 0x2440aea3
core   0: 0x80009914 (0x7fb54513) xori    a0, a0, 2043
core   0: 3 0x80009914 (0x7fb54513) x10 0xdbbf56a6
core   0: 0x80009918 (0x000067d1) c.lui   a5, 0x14
core   0: 3 0x80009918 (0x67d1) x15 0x00014000
core   0: 0x8000991a (0x00009a7d) c.andi  a2, -1
core   0: 3 0x8000991a (0x9a7d) x12 0x2440aea3
core   0: 0x8000991c (0x41575313) srai    t1, a4, 21
core   0: 3 0x8000991c (0x41575313) x6  0xfffffedd
core   0: 0x80009920 (0x03ac9333) mulh    t1, s9, s10
core   0: 3 0x80009920 (0x03ac9333) x6  0x00000000
core   0: 0x80009924 (0x0ff0000f) fence   iorw,iorw
core   0: 3 0x80009924 (0x0ff0000f)
core   0: 0x80009928 (0x00008f31) c.xor   a4, a2
core   0: 3 0x80009928 (0x8f31) x14 0xffff5d5e
core   0: 0x8000992a (0x000047b1) c.li    a5, 12
core   0: 3 0x8000992a (0x47b1) x15 0x0000000c
core   0: 0x8000992c (0x0281efb3) rem     t6, gp, s0
core   0: 3 0x8000992c (0x0281efb3) x31 0x000d0000
core   0: 0x80009930 (0x34003373) csrrc   t1, mscratch, zero
core   0: 3 0x80009930 (0x34003373) x6  0xa16e370a
core   0: 0x80009934 (0x0ff0000f) fence   iorw,iorw
core   0: 3 0x80009934 (0x0ff0000f)
core   0: 0x80009938 (0x0374d8b3) divu    a7, s1, s7
core   0: 3 0x80009938 (0x0374d8b3) x17 0x0000050b
core   0: 0x8000993c (0x00008592) c.mv    a1, tp
core   0: 3 0x8000993c (0x8592) x11 0x0000000e
core   0: 0x8000993e (0x00009fe2) c.add   t6, s8
core   0: 3 0x8000993e (0x9fe2) x31 0x800f5ea4
core   0: 0x80009940 (0x34065ff3) csrrwi  t6, mscratch, 12
core   0: 3 0x80009940 (0x34065ff3) x31 0xa16e370a c832_mscratch 0x0000000c
core   0: 0x80009944 (0x03e755b3) divu    a1, a4, t5
core   0: 3 0x80009944 (0x03e755b3) x11 0xffff5d5e
core   0: 0x80009948 (0x0000117d) c.addi  sp, -1
core   0: 3 0x80009948 (0x117d) x2  0x0a16e370
core   0: 0x8000994a (0x0000614d) c.addi16sp sp, 176
core   0: 3 0x8000994a (0x614d) x2  0x0a16e420
core   0: 0x8000994c (0x340715f3) csrrw   a1, mscratch, a4
core   0: 3 0x8000994c (0x340715f3) x11 0x0000000c c832_mscratch 0xffff5d5e
core   0: 0x80009950 (0x46a0cd93) xori    s11, ra, 1130
core   0: 3 0x80009950 (0x46a0cd93) x27 0x0000046a
core   0: 0x80009954 (0xe94d2013) slti    zero, s10, -364
core   0: 3 0x80009954 (0xe94d2013)
core   0: 0x80009958 (0x026b8d63) beq     s7, t1, pc + 58
core   0: 3 0x80009958 (0x026b8d63)
core   0: 0x8000995c (0x03462d33) mulhsu  s10, a2, s4
core   0: 3 0x8000995c (0x03462d33) x26 0x00000000
core   0: 0x80009960 (0x3407e2f3) csrrsi  t0, mscratch, 15
core   0: 3 0x80009960 (0x3407e2f3) x5  0xffff5d5e c832_mscratch 0xffff5d5f
core   0: 0x80009964 (0x01e20133) add     sp, tp, t5
core   0: 3 0x80009964 (0x01e20133) x2  0x0000000f
core   0: 0x80009968 (0x2046f393) andi    t2, a3, 516
core   0: 3 0x80009968 (0x2046f393) x7  0x00000000
core   0: 0x8000996c (0x037739b3) mulhu   s3, a4, s7
core   0: 3 0x8000996c (0x037739b3) x19 0x00000000
core   0: 0x80009970 (0x40a58db3) sub     s11, a1, a0
core   0: 3 0x80009970 (0x40a58db3) x27 0x2440a966
core   0: 0x80009974 (0x86ccf493) andi    s1, s9, -1940
core   0: 3 0x80009974 (0x86ccf493) x9  0x00000000
core   0: 0x80009978 (0x97283213) sltiu   tp, a6, -1678
core   0: 3 0x80009978 (0x97283213) x4  0x00000001
core   0: 0x8000997c (0x00000001) c.nop
core   0: 3 0x8000997c (0x0001)
core   0: 0x8000997e (0x0ff0000f) fence   iorw,iorw
core   0: 3 0x8000997e (0x0ff0000f)
core   0: 0x80009982 (0x4014d193) srai    gp, s1, 1
core   0: 3 0x80009982 (0x4014d193) x3  0x00000000
core   0: 0x80009986 (0x0000965a) c.add   a2, s6
core   0: 3 0x80009986 (0x965a) x12 0x2440aea3
core   0: 0x80009988 (0x021043b3) div     t2, zero, ra
core   0: 3 0x80009988 (0x021043b3) x7  0xffffffff
core   0: 0x8000998c (0x0000ea15) c.bnez  a2, pc + 52
core   0: 3 0x8000998c (0xea15)
core   0: 0x800099c0 (0x3408dbf3) csrrwi  s7, mscratch, 17
core   0: 3 0x800099c0 (0x3408dbf3) x23 0xffff5d5f c832_mscratch 0x00000011
core   0: 0x800099c4 (0x00004fad) c.li    t6, 11
core   0: 3 0x800099c4 (0x4fad) x31 0x0000000b
core   0: 0x800099c6 (0x0234c0b3) div     ra, s1, gp
core   0: 3 0x800099c6 (0x0234c0b3) x1  0xffffffff
core   0: 0x800099ca (0x013ff8b3) and     a7, t6, s3
core   0: 3 0x800099ca (0x013ff8b3) x17 0x00000000
core   0: 0x800099ce (0xfab25a97) auipc   s5, 0xfab25
core   0: 3 0x800099ce (0xfab25a97) x21 0x7ab2e9ce
core   0: 0x800099d2 (0x0278ab33) mulhsu  s6, a7, t2
core   0: 3 0x800099d2 (0x0278ab33) x22 0x00000000
core   0: 0x800099d6 (0x340cdd73) csrrwi  s10, mscratch, 25
core   0: 3 0x800099d6 (0x340cdd73) x26 0x00000011 c832_mscratch 0x00000019
core   0: 0x800099da (0x01998bb3) add     s7, s3, s9
core   0: 3 0x800099da (0x01998bb3) x23 0x00000000
core   0: 0x800099de (0x0000621d) c.lui   tp, 0x7
core   0: 3 0x800099de (0x621d) x4  0x00007000
core   0: 0x800099e0 (0x00001a08) c.addi4spn a0, sp, 304
core   0: 3 0x800099e0 (0x1a08) x10 0x0000013f
core   0: 0x800099e2 (0x6776ff13) andi    t5, a3, 1655
core   0: 3 0x800099e2 (0x6776ff13) x30 0x00000000
core   0: 0x800099e6 (0x0122e863) bltu    t0, s2, pc + 16
core   0: 3 0x800099e6 (0x0122e863)
core   0: 0x800099ea (0x036bebb3) rem     s7, s7, s6
core   0: 3 0x800099ea (0x036bebb3) x23 0x00000000
core   0: 0x800099ee (0x3402b673) csrrc   a2, mscratch, t0
core   0: 3 0x800099ee (0x3402b673) x12 0x00000019 c832_mscratch 0x00000001
core   0: 0x800099f2 (0x000874b3) and     s1, a6, zero
core   0: 3 0x800099f2 (0x000874b3) x9  0x00000000
core   0: 0x800099f6 (0x0000100f) fence.i
core   0: 3 0x800099f6 (0x0000100f)
core   0: 0x800099fa (0x41938fb3) sub     t6, t2, s9
core   0: 3 0x800099fa (0x41938fb3) x31 0xffffffff
core   0: 0x800099fe (0x00008f42) c.mv    t5, a6
core   0: 3 0x800099fe (0x8f42) x30 0x00000000
core   0: 0x80009a00 (0x0000cb1d) c.beqz  a4, pc + 54
core   0: 3 0x80009a00 (0xcb1d)
core   0: 0x80009a02 (0x00e99963) bne     s3, a4, pc + 18
core   0: 3 0x80009a02 (0x00e99963)
core   0: 0x80009a14 (0x00009fd2) c.add   t6, s4
core   0: 3 0x80009a14 (0x9fd2) x31 0xffffffff
core   0: 0x80009a16 (0xb87cec13) ori     s8, s9, -1145
core   0: 3 0x80009a16 (0xb87cec13) x24 0xfffffb87
core   0: 0x80009a1a (0x00f38263) beq     t2, a5, pc + 4
core   0: 3 0x80009a1a (0x00f38263)
core   0: 0x80009a1e (0x00000001) c.nop
core   0: 3 0x80009a1e (0x0001)
core   0: 0x80009a20 (0x00000001) c.nop
core   0: 3 0x80009a20 (0x0001)
core   0: 0x80009a22 (0x00001c7d) c.addi  s8, -1
core   0: 3 0x80009a22 (0x1c7d) x24 0xfffffb86
core   0: 0x80009a24 (0x00008af5) c.andi  a3, 29
core   0: 3 0x80009a24 (0x8af5) x13 0x00000000
core   0: 0x80009a26 (0x0000717d) c.addi16sp sp, -16
core   0: 3 0x80009a26 (0x717d) x2  0xffffffff
core   0: 0x80009a28 (0x00000001) c.nop
core   0: 3 0x80009a28 (0x0001)
core   0: 0x80009a2a (0x00000001) c.nop
core   0: 3 0x80009a2a (0x0001)
core   0: 0x80009a2c (0x00008e35) c.xor   a2, a3
core   0: 3 0x80009a2c (0x8e35) x12 0x00000019
core   0: 0x80009a2e (0x34039073) csrw    mscratch, t2
core   0: 3 0x80009a2e (0x34039073) c832_mscratch 0xffffffff
core   0: 0x80009a32 (0x4162d933) sra     s2, t0, s6
core   0: 3 0x80009a32 (0x4162d933) x18 0xffff5d5e
core   0: 0x80009a36 (0x011de9b3) or      s3, s11, a7
core   0: 3 0x80009a36 (0x011de9b3) x19 0x2440a966
core   0: 0x80009a3a (0x0000717d) c.addi16sp sp, -16
core   0: 3 0x80009a3a (0x717d) x2  0xffffffef
core   0: 0x80009a3c (0x008812b3) sll     t0, a6, s0
core   0: 3 0x80009a3c (0x008812b3) x5  0x00000000
core   0: 0x80009a40 (0x34021273) csrrw   tp, mscratch, tp
core   0: 3 0x80009a40 (0x34021273) x4  0xffffffff c832_mscratch 0x00007000
core   0: 0x80009a44 (0x9f8f98b7) lui     a7, 0x9f8f9
core   0: 3 0x80009a44 (0x9f8f98b7) x17 0x9f8f9000
core   0: 0x80009a48 (0x00939bb3) sll     s7, t2, s1
core   0: 3 0x80009a48 (0x00939bb3) x23 0xffffffff
core   0: 0x80009a4c (0xf8b4ff13) andi    t5, s1, -117
core   0: 3 0x80009a4c (0xf8b4ff13) x30 0x00000000
core   0: 0x80009a50 (0x340f6573) csrrsi  a0, mscratch, 30
core   0: 3 0x80009a50 (0x340f6573) x10 0x00007000 c832_mscratch 0x0000701e
core   0: 0x80009a54 (0x0141e463) bltu    gp, s4, pc + 8
core   0: 3 0x80009a54 (0x0141e463)
core   0: 0x80009a58 (0x01953633) sltu    a2, a0, s9
core   0: 3 0x80009a58 (0x01953633) x12 0x00000000
core   0: 0x80009a5c (0x8bcea113) slti    sp, t4, -1860
core   0: 3 0x80009a5c (0x8bcea113) x2  0x00000001
core   0: 0x80009a60 (0x01849013) slli    zero, s1, 24
core   0: 3 0x80009a60 (0x01849013)
core   0: 0x80009a64 (0x40468033) sub     zero, a3, tp
core   0: 3 0x80009a64 (0x40468033)
core   0: 0x80009a68 (0x34006a73) csrrsi  s4, mscratch, 0
core   0: 3 0x80009a68 (0x34006a73) x20 0x0000701e
core   0: 0x80009a6c (0x34006573) csrrsi  a0, mscratch, 0
core   0: 3 0x80009a6c (0x34006573) x10 0x0000701e
core   0: 0x80009a70 (0x00278963) beq     a5, sp, pc + 18
core   0: 3 0x80009a70 (0x00278963)
core   0: 0x80009a74 (0x00006db9) c.lui   s11, 0xe
core   0: 3 0x80009a74 (0x6db9) x27 0x0000e000
core   0: 0x80009a76 (0x00008d45) c.or    a0, s1
core   0: 3 0x80009a76 (0x8d45) x10 0x0000701e
core   0: 0x80009a78 (0x00008d11) c.sub   a0, a2
core   0: 3 0x80009a78 (0x8d11) x10 0x0000701e
core   0: 0x80009a7a (0x00004ae9) c.li    s5, 26
core   0: 3 0x80009a7a (0x4ae9) x21 0x0000001a
core   0: 0x80009a7c (0x40b65c13) srai    s8, a2, 11
core   0: 3 0x80009a7c (0x40b65c13) x24 0x00000000
core   0: 0x80009a80 (0x000063a1) c.lui   t2, 0x8
core   0: 3 0x80009a80 (0x63a1) x7  0x00008000
core   0: 0x80009a82 (0x67640d93) addi    s11, s0, 1654
core   0: 3 0x80009a82 (0x67640d93) x27 0x00000676
core   0: 0x80009a86 (0x00008d2d) c.xor   a0, a1
core   0: 3 0x80009a86 (0x8d2d) x10 0x00007012
core   0: 0x80009a88 (0x00008691) c.srai  a3, 4
core   0: 3 0x80009a88 (0x8691) x13 0x00000000
core   0: 0x80009a8a (0x023c43b3) div     t2, s8, gp
core   0: 3 0x80009a8a (0x023c43b3) x7  0xffffffff
core   0: 0x80009a8e (0x00008ed1) c.or    a3, a2
core   0: 3 0x80009a8e (0x8ed1) x13 0x00000000
core   0: 0x80009a90 (0xe638a193) slti    gp, a7, -413
core   0: 3 0x80009a90 (0xe638a193) x3  0x00000001
core   0: 0x80009a94 (0x3baa6a13) ori     s4, s4, 954
core   0: 3 0x80009a94 (0x3baa6a13) x20 0x000073be
core   0: 0x80009a98 (0x340292f3) csrrw   t0, mscratch, t0
core   0: 3 0x80009a98 (0x340292f3) x5  0x0000701e c832_mscratch 0x00000000
core   0: 0x80009a9c (0x023d6cb3) rem     s9, s10, gp
core   0: 3 0x80009a9c (0x023d6cb3) x25 0x00000000
core   0: 0x80009aa0 (0x02df6d63) bltu    t5, a3, pc + 58
core   0: 3 0x80009aa0 (0x02df6d63)
core   0: 0x80009aa4 (0x00000001) c.nop
core   0: 3 0x80009aa4 (0x0001)
core   0: 0x80009aa6 (0x953a6d93) ori     s11, s4, -1709
core   0: 3 0x80009aa6 (0x953a6d93) x27 0xfffffbff
core   0: 0x80009aaa (0x038ce0b3) rem     ra, s9, s8
core   0: 3 0x80009aaa (0x038ce0b3) x1  0x00000000
core   0: 0x80009aae (0xa7768893) addi    a7, a3, -1417
core   0: 3 0x80009aae (0xa7768893) x17 0xfffffa77
core   0: 0x80009ab2 (0xd6982a13) slti    s4, a6, -663
core   0: 3 0x80009ab2 (0xd6982a13) x20 0x00000000
core   0: 0x80009ab6 (0x2ba04213) xori    tp, zero, 698
core   0: 3 0x80009ab6 (0x2ba04213) x4  0x000002ba
core   0: 0x80009aba (0xecb10b93) addi    s7, sp, -309
core   0: 3 0x80009aba (0xecb10b93) x23 0xfffffecc
core   0: 0x80009abe (0x01130a63) beq     t1, a7, pc + 20
core   0: 3 0x80009abe (0x01130a63)
core   0: 0x80009ac2 (0x010242b3) xor     t0, tp, a6
core   0: 3 0x80009ac2 (0x010242b3) x5  0x000002ba
core   0: 0x80009ac6 (0x340c69f3) csrrsi  s3, mscratch, 24
core   0: 3 0x80009ac6 (0x340c69f3) x19 0x00000000 c832_mscratch 0x00000018
core   0: 0x80009aca (0x0000e605) c.bnez  a2, pc + 40
core   0: 3 0x80009aca (0xe605)
core   0: 0x80009acc (0x00ee4663) blt     t3, a4, pc + 12
core   0: 3 0x80009acc (0x00ee4663)
core   0: 0x80009ad8 (0x00000001) c.nop
core   0: 3 0x80009ad8 (0x0001)
core   0: 0x80009ada (0x96067b37) lui     s6, 0x96067
core   0: 3 0x80009ada (0x96067b37) x22 0x96067000
core   0: 0x80009ade (0xb062c213) xori    tp, t0, -1274
core   0: 3 0x80009ade (0xb062c213) x4  0xfffff9bc
core   0: 0x80009ae2 (0x0000ee1d) c.bnez  a2, pc + 62
core   0: 3 0x80009ae2 (0xee1d)
core   0: 0x80009ae4 (0x02d801b3) mul     gp, a6, a3
core   0: 3 0x80009ae4 (0x02d801b3) x3  0x00000000
core   0: 0x80009ae8 (0x0000e89d) c.bnez  s1, pc + 54
core   0: 3 0x80009ae8 (0xe89d)
core   0: 0x80009aea (0x4112da33) sra     s4, t0, a7
core   0: 3 0x80009aea (0x4112da33) x20 0x00000000
core   0: 0x80009aee (0x340797f3) csrrw   a5, mscratch, a5
core   0: 3 0x80009aee (0x340797f3) x15 0x00000018 c832_mscratch 0x0000000c
core   0: 0x80009af2 (0xf695e837) lui     a6, 0xf695e
core   0: 3 0x80009af2 (0xf695e837) x16 0xf695e000
core   0: 0x80009af6 (0xde5c2913) slti    s2, s8, -539
core   0: 3 0x80009af6 (0xde5c2913) x18 0x00000000
core   0: 0x80009afa (0x015be763) bltu    s7, s5, pc + 14
core   0: 3 0x80009afa (0x015be763)
core   0: 0x80009afe (0xfde5f317) auipc   t1, 0xfde5f
core   0: 3 0x80009afe (0xfde5f317) x6  0x7de68afe
core   0: 0x80009b02 (0x0000717d) c.addi16sp sp, -16
core   0: 3 0x80009b02 (0x717d) x2  0xfffffff1
core   0: 0x80009b04 (0xc8cab393) sltiu   t2, s5, -884
core   0: 3 0x80009b04 (0xc8cab393) x7  0x00000001
core   0: 0x80009b08 (0x018c1713) slli    a4, s8, 24
core   0: 3 0x80009b08 (0x018c1713) x14 0x00000000
core   0: 0x80009b0c (0x34007773) csrrci  a4, mscratch, 0
core   0: 3 0x80009b0c (0x34007773) x14 0x0000000c
core   0: 0x80009b10 (0x000052fd) c.li    t0, -1
core   0: 3 0x80009b10 (0x52fd) x5  0xffffffff
core   0: 0x80009b12 (0x00009afa) c.add   s5, t5
core   0: 3 0x80009b12 (0x9afa) x21 0x0000001a
core   0: 0x80009b14 (0x000082b9) c.srli  a3, 14
core   0: 3 0x80009b14 (0x82b9) x13 0x00000000
core   0: 0x80009b16 (0x147a9197) auipc   gp, 0x147a9
core   0: 3 0x80009b16 (0x147a9197) x3  0x947b2b16
core   0: 0x80009b1a (0x0104fa33) and     s4, s1, a6
core   0: 3 0x80009b1a (0x0104fa33) x20 0x00000000
core   0: 0x80009b1e (0x000084d5) c.srai  s1, 21
core   0: 3 0x80009b1e (0x84d5) x9  0x00000000
core   0: 0x80009b20 (0x0000865d) c.srai  a2, 23
core   0: 3 0x80009b20 (0x865d) x12 0x00000000
core   0: 0x80009b22 (0x00008e35) c.xor   a2, a3
core   0: 3 0x80009b22 (0x8e35) x12 0x00000000
core   0: 0x80009b24 (0x0341d963) bge     gp, s4, pc + 50
core   0: 3 0x80009b24 (0x0341d963)
core   0: 0x80009b28 (0x00006c75) c.lui   s8, 0x1d
core   0: 3 0x80009b28 (0x6c75) x24 0x0001d000
core   0: 0x80009b2a (0x02725db3) divu    s11, tp, t2
core   0: 3 0x80009b2a (0x02725db3) x27 0xfffff9bc
core   0: 0x80009b2e (0x34003673) csrrc   a2, mscratch, zero
core   0: 3 0x80009b2e (0x34003673) x12 0x0000000c
core   0: 0x80009b32 (0x00008ff5) c.and   a5, a3
core   0: 3 0x80009b32 (0x8ff5) x15 0x00000000
core   0: 0x80009b34 (0x340f2af3) csrrs   s5, mscratch, t5
core   0: 3 0x80009b34 (0x340f2af3) x21 0x0000000c c832_mscratch 0x0000000c
core   0: 0x80009b38 (0x0000197d) c.addi  s2, -1
core   0: 3 0x80009b38 (0x197d) x18 0xffffffff
core   0: 0x80009b3a (0xf1226393) ori     t2, tp, -238
core   0: 3 0x80009b3a (0xf1226393) x7  0xffffffbe
core   0: 0x80009b3e (0x00008ce9) c.and   s1, a0
core   0: 3 0x80009b3e (0x8ce9) x9  0x00000000
core   0: 0x80009b40 (0x41b157b3) sra     a5, sp, s11
core   0: 3 0x80009b40 (0x41b157b3) x15 0xffffffff
core   0: 0x80009b44 (0x41d9df33) sra     t5, s3, t4
core   0: 3 0x80009b44 (0x41d9df33) x30 0x00000000
core   0: 0x80009b48 (0x00006141) c.addi16sp sp, 16
core   0: 3 0x80009b48 (0x6141) x2  0x00000001
core   0: 0x80009b4a (0x003621b3) slt     gp, a2, gp
core   0: 3 0x80009b4a (0x003621b3) x3  0x00000000
core   0: 0x80009b4e (0x0384ad33) mulhsu  s10, s1, s8
core   0: 3 0x80009b4e (0x0384ad33) x26 0x00000000
core   0: 0x80009b52 (0x4067d393) srai    t2, a5, 6
core   0: 3 0x80009b52 (0x4067d393) x7  0xffffffff
core   0: 0x80009b56 (0x00000826) c.slli  a6, 9
core   0: 3 0x80009b56 (0x0826) x16 0x2bc00000
core   0: 0x80009b58 (0x00000572) c.slli  a0, 28
core   0: 3 0x80009b58 (0x0572) x10 0x20000000
core   0: 0x80009b5a (0x014809b3) add     s3, a6, s4
core   0: 3 0x80009b5a (0x014809b3) x19 0x2bc00000
core   0: 0x80009b5e (0x01e259b3) srl     s3, tp, t5
core   0: 3 0x80009b5e (0x01e259b3) x19 0xfffff9bc
core   0: 0x80009b62 (0x0186d813) srli    a6, a3, 24
core   0: 3 0x80009b62 (0x0186d813) x16 0x00000000
core   0: 0x80009b66 (0x021883b3) mul     t2, a7, ra
core   0: 3 0x80009b66 (0x021883b3) x7  0x00000000
core   0: 0x80009b6a (0x8df02a93) slti    s5, zero, -1825
core   0: 3 0x80009b6a (0x8df02a93) x21 0x00000000
core   0: 0x80009b6e (0x340027f3) csrr    a5, mscratch
core   0: 3 0x80009b6e (0x340027f3) x15 0x0000000c
core   0: 0x80009b72 (0xf8de6f13) ori     t5, t3, -115
core   0: 3 0x80009b72 (0xf8de6f13) x30 0xffffffad
core   0: 0x80009b76 (0x01ca5693) srli    a3, s4, 28
core   0: 3 0x80009b76 (0x01ca5693) x13 0x00000000
core   0: 0x80009b7a (0x34001d73) csrrw   s10, mscratch, zero
core   0: 3 0x80009b7a (0x34001d73) x26 0x0000000c c832_mscratch 0x00000000
core   0: 0x80009b7e (0x0000929e) c.add   t0, t2
core   0: 3 0x80009b7e (0x929e) x5  0xffffffff
core   0: 0x80009b80 (0x0000836a) c.mv    t1, s10
core   0: 3 0x80009b80 (0x836a) x6  0x0000000c
core   0: 0x80009b82 (0x012bd813) srli    a6, s7, 18
core   0: 3 0x80009b82 (0x012bd813) x16 0x00003fff
core   0: 0x80009b86 (0x0191efb3) or      t6, gp, s9
core   0: 3 0x80009b86 (0x0191efb3) x31 0x00000000
core   0: 0x80009b8a (0x000099fd) c.andi  a1, -1
core   0: 3 0x80009b8a (0x99fd) x11 0x0000000c
core   0: 0x80009b8c (0x34009bf3) csrrw   s7, mscratch, ra
core   0: 3 0x80009b8c (0x34009bf3) x23 0x00000000 c832_mscratch 0x00000000
core   0: 0x80009b90 (0x01f23833) sltu    a6, tp, t6
core   0: 3 0x80009b90 (0x01f23833) x16 0x00000000
core   0: 0x80009b94 (0x00000001) c.nop
core   0: 3 0x80009b94 (0x0001)
core   0: 0x80009b96 (0x00008d1d) c.sub   a0, a5
core   0: 3 0x80009b96 (0x8d1d) x10 0x1ffffff4
core   0: 0x80009b98 (0x00008e59) c.or    a2, a4
core   0: 3 0x80009b98 (0x8e59) x12 0x0000000c
core   0: 0x80009b9a (0x0149f633) and     a2, s3, s4
core   0: 3 0x80009b9a (0x0149f633) x12 0x00000000
core   0: 0x80009b9e (0x367bc113) xori    sp, s7, 871
core   0: 3 0x80009b9e (0x367bc113) x2  0x00000367
core   0: 0x80009ba2 (0x00008cf2) c.mv    s9, t3
core   0: 3 0x80009ba2 (0x8cf2) x25 0x80029d24
core   0: 0x80009ba4 (0x00000caa) c.slli  s9, 10
core   0: 3 0x80009ba4 (0x0caa) x25 0x0a749000
core   0: 0x80009ba6 (0x00000001) c.nop
core   0: 3 0x80009ba6 (0x0001)
core   0: 0x80009ba8 (0x325ef513) andi    a0, t4, 805
core   0: 3 0x80009ba8 (0x325ef513) x10 0x00000224
core   0: 0x80009bac (0xaf94ab93) slti    s7, s1, -1287
core   0: 3 0x80009bac (0xaf94ab93) x23 0x00000000
core   0: 0x80009bb0 (0x0000717d) c.addi16sp sp, -16
core   0: 3 0x80009bb0 (0x717d) x2  0x00000357
core   0: 0x80009bb2 (0x01d54fb3) xor     t6, a0, t4
core   0: 3 0x80009bb2 (0x01d54fb3) x31 0x80025c80
core   0: 0x80009bb6 (0x34002d73) csrr    s10, mscratch
core   0: 3 0x80009bb6 (0x34002d73) x26 0x00000000
core   0: 0x80009bba (0x95930213) addi    tp, t1, -1703
core   0: 3 0x80009bba (0x95930213) x4  0xfffff965
core   0: 0x80009bbe (0x0000717d) c.addi16sp sp, -16
core   0: 3 0x80009bbe (0x717d) x2  0x00000347
core   0: 0x80009bc0 (0x02238333) mul     t1, t2, sp
core   0: 3 0x80009bc0 (0x02238333) x6  0x00000000
core   0: 0x80009bc4 (0x0344ea63) bltu    s1, s4, pc + 52
core   0: 3 0x80009bc4 (0x0344ea63)
core   0: 0x80009bc8 (0x410a8033) sub     zero, s5, a6
core   0: 3 0x80009bc8 (0x410a8033)
core   0: 0x80009bcc (0x00008e41) c.or    a2, s0
core   0: 3 0x80009bcc (0x8e41) x12 0x00000000
core   0: 0x80009bce (0x000094da) c.add   s1, s6
core   0: 3 0x80009bce (0x94da) x9  0x96067000
core   0: 0x80009bd0 (0x00008df1) c.and   a1, a2
core   0: 3 0x80009bd0 (0x8df1) x11 0x00000000
core   0: 0x80009bd2 (0x006fb4b3) sltu    s1, t6, t1
core   0: 3 0x80009bd2 (0x006fb4b3) x9  0x00000000
core   0: 0x80009bd6 (0x000004fa) c.slli  s1, 30
core   0: 3 0x80009bd6 (0x04fa) x9  0x00000000
core   0: 0x80009bd8 (0x00b61fb3) sll     t6, a2, a1
core   0: 3 0x80009bd8 (0x00b61fb3) x31 0x00000000
core   0: 0x80009bdc (0x03183f33) mulhu   t5, a6, a7
core   0: 3 0x80009bdc (0x03183f33) x30 0x00000000
core   0: 0x80009be0 (0x00008136) c.mv    sp, a3
core   0: 3 0x80009be0 (0x8136) x2  0x00000000
core   0: 0x80009be2 (0x00008299) c.srli  a3, 6
core   0: 3 0x80009be2 (0x8299) x13 0x00000000
core   0: 0x80009be4 (0x000094de) c.add   s1, s7
core   0: 3 0x80009be4 (0x94de) x9  0x00000000
core   0: 0x80009be6 (0xd1838f13) addi    t5, t2, -744
core   0: 3 0x80009be6 (0xd1838f13) x30 0xfffffd18
core   0: 0x80009bea (0x12e06813) ori     a6, zero, 302
core   0: 3 0x80009bea (0x12e06813) x16 0x0000012e
core   0: 0x80009bee (0x00008eb9) c.xor   a3, a4
core   0: 3 0x80009bee (0x8eb9) x13 0x0000000c
core   0: 0x80009bf0 (0x00001f08) c.addi4spn a0, sp, 944
core   0: 3 0x80009bf0 (0x1f08) x10 0x000003b0
core   0: 0x80009bf2 (0x02936663) bltu    t1, s1, pc + 44
core   0: 3 0x80009bf2 (0x02936663)
core   0: 0x80009bf6 (0x00006b95) c.lui   s7, 0x5
core   0: 3 0x80009bf6 (0x6b95) x23 0x00005000
core   0: 0x80009bf8 (0x03586a33) rem     s4, a6, s5
core   0: 3 0x80009bf8 (0x03586a33) x20 0x0000012e
core   0: 0x80009bfc (0x0148c3b3) xor     t2, a7, s4
core   0: 3 0x80009bfc (0x0148c3b3) x7  0xfffffb59
core   0: 0x80009c00 (0x02d8a233) mulhsu  tp, a7, a3
core   0: 3 0x80009c00 (0x02d8a233) x4  0xffffffff
core   0: 0x80009c04 (0x011c7863) bgeu    s8, a7, pc + 16
core   0: 3 0x80009c04 (0x011c7863)
core   0: 0x80009c08 (0x9e097d17) auipc   s10, 0x9e097
core   0: 3 0x80009c08 (0x9e097d17) x26 0x1e0a0c08
core   0: 0x80009c0c (0x0000c511) c.beqz  a0, pc + 12
core   0: 3 0x80009c0c (0xc511)
core   0: 0x80009c0e (0x000098fd) c.andi  s1, -1
core   0: 3 0x80009c0e (0x98fd) x9  0x00000000
core   0: 0x80009c10 (0x00e1d633) srl     a2, gp, a4
core   0: 3 0x80009c10 (0x00e1d633) x12 0x00000000
core   0: 0x80009c14 (0x00006551) c.lui   a0, 0x14
core   0: 3 0x80009c14 (0x6551) x10 0x00014000
core   0: 0x80009c16 (0x00008a49) c.andi  a2, 18
core   0: 3 0x80009c16 (0x8a49) x12 0x00000000
core   0: 0x80009c18 (0x02086fb3) rem     t6, a6, zero
core   0: 3 0x80009c18 (0x02086fb3) x31 0x0000012e
core   0: 0x80009c1c (0x00008135) c.srli  a0, 13
core   0: 3 0x80009c1c (0x8135) x10 0x0000000a
core   0: 0x80009c1e (0x00a17c63) bgeu    sp, a0, pc + 24
core   0: 3 0x80009c1e (0x00a17c63)
core   0: 0x80009c22 (0x00008c99) c.sub   s1, a4
core   0: 3 0x80009c22 (0x8c99) x9  0xfffffff4
core   0: 0x80009c24 (0x00000001) c.nop
core   0: 3 0x80009c24 (0x0001)
core   0: 0x80009c26 (0x340a90f3) csrrw   ra, mscratch, s5
core   0: 3 0x80009c26 (0x340a90f3) x1  0x00000000 c832_mscratch 0x00000000
core   0: 0x80009c2a (0x3409aa73) csrrs   s4, mscratch, s3
core   0: 3 0x80009c2a (0x3409aa73) x20 0x00000000 c832_mscratch 0xfffff9bc
core   0: 0x80009c2e (0x01f9da93) srli    s5, s3, 31
core   0: 3 0x80009c2e (0x01f9da93) x21 0x00000001
core   0: 0x80009c32 (0x02603f33) mulhu   t5, zero, t1
core   0: 3 0x80009c32 (0x02603f33) x30 0x00000000
core   0: 0x80009c36 (0x00008f51) c.or    a4, a2
core   0: 3 0x80009c36 (0x8f51) x14 0x0000000c
core   0: 0x80009c38 (0x010190b3) sll     ra, gp, a6
core   0: 3 0x80009c38 (0x010190b3) x1  0x00000000
core   0: 0x80009c3c (0x01396c33) or      s8, s2, s3
core   0: 3 0x80009c3c (0x01396c33) x24 0xffffffff
core   0: 0x80009c40 (0x4d1b3393) sltiu   t2, s6, 1233
core   0: 3 0x80009c40 (0x4d1b3393) x7  0x00000000
core   0: 0x80009c44 (0x03ff87b3) mul     a5, t6, t6
core   0: 3 0x80009c44 (0x03ff87b3) x15 0x00016444
core   0: 0x80009c48 (0x01ba24b3) slt     s1, s4, s11
core   0: 3 0x80009c48 (0x01ba24b3) x9  0x00000000
core   0: 0x80009c4c (0x015fd033) srl     zero, t6, s5
core   0: 3 0x80009c4c (0x015fd033)
core   0: 0x80009c50 (0x01d09313) slli    t1, ra, 29
core   0: 3 0x80009c50 (0x01d09313) x6  0x00000000
core   0: 0x80009c54 (0x0000e49d) c.bnez  s1, pc + 46
core   0: 3 0x80009c54 (0xe49d)
core   0: 0x80009c56 (0x0399bc33) mulhu   s8, s3, s9
core   0: 3 0x80009c56 (0x0399bc33) x24 0x0a748fbe
core   0: 0x80009c5a (0x17150293) addi    t0, a0, 369
core   0: 3 0x80009c5a (0x17150293) x5  0x0000017b
core   0: 0x80009c5e (0xf7d61bb7) lui     s7, 0xf7d61
core   0: 3 0x80009c5e (0xf7d61bb7) x23 0xf7d61000
core   0: 0x80009c62 (0x0000023d) c.addi  tp, 15
core   0: 3 0x80009c62 (0x023d) x4  0x0000000e
core   0: 0x80009c64 (0x4100dc33) sra     s8, ra, a6
core   0: 3 0x80009c64 (0x4100dc33) x24 0x00000000
core   0: 0x80009c68 (0x0000e219) c.bnez  a2, pc + 6
core   0: 3 0x80009c68 (0xe219)
core   0: 0x80009c6a (0xd40c8a93) addi    s5, s9, -704
core   0: 3 0x80009c6a (0xd40c8a93) x21 0x0a748d40
core   0: 0x80009c6e (0x00000001) c.nop
core   0: 3 0x80009c6e (0x0001)
core   0: 0x80009c70 (0x013654b3) srl     s1, a2, s3
core   0: 3 0x80009c70 (0x013654b3) x9  0x00000000
core   0: 0x80009c74 (0x3407adf3) csrrs   s11, mscratch, a5
core   0: 3 0x80009c74 (0x3407adf3) x27 0xfffff9bc c832_mscratch 0xfffffdfc
core   0: 0x80009c78 (0x01949c33) sll     s8, s1, s9
core   0: 3 0x80009c78 (0x01949c33) x24 0x00000000
core   0: 0x80009c7c (0x00000361) c.addi  t1, 24
core   0: 3 0x80009c7c (0x0361) x6  0x00000018
core   0: 0x80009c7e (0x01738863) beq     t2, s7, pc + 16
core   0: 3 0x80009c7e (0x01738863)
core   0: 0x80009c82 (0x0134bc33) sltu    s8, s1, s3
core   0: 3 0x80009c82 (0x0134bc33) x24 0x00000001
core   0: 0x80009c86 (0x34072273) csrrs   tp, mscratch, a4
core   0: 3 0x80009c86 (0x34072273) x4  0xfffffdfc c832_mscratch 0xfffffdfc
core   0: 0x80009c8a (0x015bd193) srli    gp, s7, 21
core   0: 3 0x80009c8a (0x015bd193) x3  0x000007be
core   0: 0x80009c8e (0x2d78ca37) lui     s4, 0x2d78c
core   0: 3 0x80009c8e (0x2d78ca37) x20 0x2d78c000
core   0: 0x80009c92 (0x00845893) srli    a7, s0, 8
core   0: 3 0x80009c92 (0x00845893) x17 0x00000000
core   0: 0x80009c96 (0x00008db9) c.xor   a1, a4
core   0: 3 0x80009c96 (0x8db9) x11 0x0000000c
core   0: 0x80009c98 (0x41a154b3) sra     s1, sp, s10
core   0: 3 0x80009c98 (0x41a154b3) x9  0x00000000
core   0: 0x80009c9c (0x00008b15) c.andi  a4, 5
core   0: 3 0x80009c9c (0x8b15) x14 0x00000004
core   0: 0x80009c9e (0x035b2d33) mulhsu  s10, s6, s5
core   0: 3 0x80009c9e (0x035b2d33) x26 0xfbac00d1
core   0: 0x80009ca2 (0x011e3633) sltu    a2, t3, a7
core   0: 3 0x80009ca2 (0x011e3633) x12 0x00000000
core   0: 0x80009ca6 (0x00009f7e) c.add   t5, t6
core   0: 3 0x80009ca6 (0x9f7e) x30 0x0000012e
core   0: 0x80009ca8 (0x026e4933) div     s2, t3, t1
core   0: 3 0x80009ca8 (0x026e4933) x18 0xfaaac68d
core   0: 0x80009cac (0xd5636a93) ori     s5, t1, -682
core   0: 3 0x80009cac (0xd5636a93) x21 0xfffffd5e
core   0: 0x80009cb0 (0x000053fd) c.li    t2, -1
core   0: 3 0x80009cb0 (0x53fd) x7  0xffffffff
core   0: 0x80009cb2 (0x00009f4a) c.add   t5, s2
core   0: 3 0x80009cb2 (0x9f4a) x30 0xfaaac7bb
core   0: 0x80009cb4 (0x3402e573) csrrsi  a0, mscratch, 5
core   0: 3 0x80009cb4 (0x3402e573) x10 0xfffffdfc c832_mscratch 0xfffffdfd
core   0: 0x80009cb8 (0x02ba9763) bne     s5, a1, pc + 46
core   0: 3 0x80009cb8 (0x02ba9763)
core   0: 0x80009ce6 (0x03750ab3) mul     s5, a0, s7
core   0: 3 0x80009ce6 (0x03750ab3) x21 0x7487c000
core   0: 0x80009cea (0x02fb4563) blt     s6, a5, pc + 42
core   0: 3 0x80009cea (0x02fb4563)
core   0: 0x80009d14 (0x01f160b3) or      ra, sp, t6
core   0: 3 0x80009d14 (0x01f160b3) x1  0x0000012e
core   0: 0x80009d18 (0x6533f513) andi    a0, t2, 1619
core   0: 3 0x80009d18 (0x6533f513) x10 0x00000653
core   0: 0x80009d1c (0x00b08733) add     a4, ra, a1
core   0: 3 0x80009d1c (0x00b08733) x14 0x0000013a
core   0: 0x80009d20 (0x04211163) bne     sp, sp, pc + 66
core   0: 3 0x80009d20 (0x04211163)
core   0: 0x80009d24 (0x1a761937) lui     s2, 0x1a761
core   0: 3 0x80009d24 (0x1a761937) x18 0x1a761000
core   0: 0x80009d28 (0x0017f7b3) and     a5, a5, ra
core   0: 3 0x80009d28 (0x0017f7b3) x15 0x00000004
core   0: 0x80009d2c (0x2518c613) xori    a2, a7, 593
core   0: 3 0x80009d2c (0x2518c613) x12 0x00000251
core   0: 0x80009d30 (0x00209fb3) sll     t6, ra, sp
core   0: 3 0x80009d30 (0x00209fb3) x31 0x0000012e
core   0: 0x80009d34 (0x021687b3) mul     a5, a3, ra
core   0: 3 0x80009d34 (0x021687b3) x15 0x00000e28
core   0: 0x80009d38 (0x34002273) csrr    tp, mscratch
core   0: 3 0x80009d38 (0x34002273) x4  0xfffffdfd
core   0: 0x80009d3c (0x03e9d0b3) divu    ra, s3, t5
core   0: 3 0x80009d3c (0x03e9d0b3) x1  0x00000001
core   0: 0x80009d40 (0x03b964b3) rem     s1, s2, s11
core   0: 3 0x80009d40 (0x03b964b3) x9  0x0000042c
core   0: 0x80009d44 (0x8a6b6f13) ori     t5, s6, -1882
core   0: 3 0x80009d44 (0x8a6b6f13) x30 0xfffff8a6
core   0: 0x80009d48 (0xae576c13) ori     s8, a4, -1307
core   0: 3 0x80009d48 (0xae576c13) x24 0xfffffbff
core   0: 0x80009d4c (0x000005e2) c.slli  a1, 24
core   0: 3 0x80009d4c (0x05e2) x11 0x0c000000
core   0: 0x80009d4e (0x02377bb3) remu    s7, a4, gp
core   0: 3 0x80009d4e (0x02377bb3) x23 0x0000013a
core   0: 0x80009d52 (0x00008e85) c.sub   a3, s1
core   0: 3 0x80009d52 (0x8e85) x13 0xfffffbe0
core   0: 0x80009d54 (0x017d5463) bge     s10, s7, pc + 8
core   0: 3 0x80009d54 (0x017d5463)
core   0: 0x80009d58 (0x00008ced) c.and   s1, a1
core   0: 3 0x80009d58 (0x8ced) x9  0x00000000
core   0: 0x80009d5a (0x00008919) c.andi  a0, 6
core   0: 3 0x80009d5a (0x8919) x10 0x00000002
core   0: 0x80009d5c (0x0000100f) fence.i
core   0: 3 0x80009d5c (0x0000100f)
core   0: 0x80009d60 (0x0000997d) c.andi  a0, -1
core   0: 3 0x80009d60 (0x997d) x10 0x00000002
core   0: 0x80009d62 (0x85860a93) addi    s5, a2, -1960
core   0: 3 0x80009d62 (0x85860a93) x21 0xfffffaa9
core   0: 0x80009d66 (0x00bbb333) sltu    t1, s7, a1
core   0: 3 0x80009d66 (0x00bbb333) x6  0x00000001
core   0: 0x80009d6a (0x00008eb1) c.xor   a3, a2
core   0: 3 0x80009d6a (0x8eb1) x13 0xfffff9b1
core   0: 0x80009d6c (0x0000e399) c.bnez  a5, pc + 6
core   0: 3 0x80009d6c (0xe399)
core   0: 0x80009d72 (0x00424bb3) xor     s7, tp, tp
core   0: 3 0x80009d72 (0x00424bb3) x23 0x00000000
core   0: 0x80009d76 (0x00006d51) c.lui   s10, 0x14
core   0: 3 0x80009d76 (0x6d51) x26 0x00014000
core   0: 0x80009d78 (0x00651093) slli    ra, a0, 6
core   0: 3 0x80009d78 (0x00651093) x1  0x00000080
core   0: 0x80009d7c (0x5521b193) sltiu   gp, gp, 1362
core   0: 3 0x80009d7c (0x5521b193) x3  0x00000000
core   0: 0x80009d80 (0x34007af3) csrrci  s5, mscratch, 0
core   0: 3 0x80009d80 (0x34007af3) x21 0xfffffdfd
core   0: 0x80009d84 (0x011280b3) add     ra, t0, a7
core   0: 3 0x80009d84 (0x011280b3) x1  0x0000017b
core   0: 0x80009d88 (0x0136d113) srli    sp, a3, 19
core   0: 3 0x80009d88 (0x0136d113) x2  0x00001fff
core   0: 0x80009d8c (0x03700f63) beq     zero, s7, pc + 62
core   0: 3 0x80009d8c (0x03700f63)
core   0: 0x80009dca (0x00416263) bltu    sp, tp, pc + 4
core   0: 3 0x80009dca (0x00416263)
core   0: 0x80009dce (0x00008d29) c.xor   a0, a0
core   0: 3 0x80009dce (0x8d29) x10 0x00000000
core   0: 0x80009dd0 (0x00016933) or      s2, sp, zero
core   0: 3 0x80009dd0 (0x00016933) x18 0x00001fff
core   0: 0x80009dd4 (0x02808733) mul     a4, ra, s0
core   0: 3 0x80009dd4 (0x02808733) x14 0x00000000
core   0: 0x80009dd8 (0x00000001) c.nop
core   0: 3 0x80009dd8 (0x0001)
core   0: 0x80009dda (0xeafe3193) sltiu   gp, t3, -337
core   0: 3 0x80009dda (0xeafe3193) x3  0x00000001
core   0: 0x80009dde (0x0027ea63) bltu    a5, sp, pc + 20
core   0: 3 0x80009dde (0x0027ea63)
core   0: 0x80009df2 (0x01d28663) beq     t0, t4, pc + 12
core   0: 3 0x80009df2 (0x01d28663)
core   0: 0x80009df6 (0x00000001) c.nop
core   0: 3 0x80009df6 (0x0001)
core   0: 0x80009df8 (0x00008eed) c.and   a3, a1
core   0: 3 0x80009df8 (0x8eed) x13 0x0c000000
core   0: 0x80009dfa (0x00006165) c.addi16sp sp, 112
core   0: 3 0x80009dfa (0x6165) x2  0x0000206f
core   0: 0x80009dfc (0x0000717d) c.addi16sp sp, -16
core   0: 3 0x80009dfc (0x717d) x2  0x0000205f
core   0: 0x80009dfe (0x00cf7b33) and     s6, t5, a2
core   0: 3 0x80009dfe (0x00cf7b33) x22 0x00000000
core   0: 0x80009e02 (0x03568b63) beq     a3, s5, pc + 54
core   0: 3 0x80009e02 (0x03568b63)
core   0: 0x80009e06 (0x34026bf3) csrrsi  s7, mscratch, 4
core   0: 3 0x80009e06 (0x34026bf3) x23 0xfffffdfd c832_mscratch 0xfffffdfd
core   0: 0x80009e0a (0x340ffcf3) csrrci  s9, mscratch, 31
core   0: 3 0x80009e0a (0x340ffcf3) x25 0xfffffdfd c832_mscratch 0xfffffde0
core   0: 0x80009e0e (0xcb221bb7) lui     s7, 0xcb221
core   0: 3 0x80009e0e (0xcb221bb7) x23 0xcb221000
core   0: 0x80009e12 (0x5d73bb93) sltiu   s7, t2, 1495
core   0: 3 0x80009e12 (0x5d73bb93) x23 0x00000000
core   0: 0x80009e16 (0x00009522) c.add   a0, s0
core   0: 3 0x80009e16 (0x9522) x10 0x00000000
core   0: 0x80009e18 (0x010b2033) slt     zero, s6, a6
core   0: 3 0x80009e18 (0x010b2033)
core   0: 0x80009e1c (0x00000001) c.nop
core   0: 3 0x80009e1c (0x0001)
core   0: 0x80009e1e (0x0000127d) c.addi  tp, -1
core   0: 3 0x80009e1e (0x127d) x4  0xfffffdfc
core   0: 0x80009e20 (0x00009d0e) c.add   s10, gp
core   0: 3 0x80009e20 (0x9d0e) x26 0x00014001
core   0: 0x80009e22 (0x34006bf3) csrrsi  s7, mscratch, 0
core   0: 3 0x80009e22 (0x34006bf3) x23 0xfffffde0
core   0: 0x80009e26 (0x34082273) csrrs   tp, mscratch, a6
core   0: 3 0x80009e26 (0x34082273) x4  0xfffffde0 c832_mscratch 0xfffffdee
core   0: 0x80009e2a (0x0000079c) c.addi4spn a5, sp, 960
core   0: 3 0x80009e2a (0x079c) x15 0x0000241f
core   0: 0x80009e2c (0x052e9497) auipc   s1, 0x52e9
core   0: 3 0x80009e2c (0x052e9497) x9  0x852f2e2c
core   0: 0x80009e30 (0x02c43cb3) mulhu   s9, s0, a2
core   0: 3 0x80009e30 (0x02c43cb3) x25 0x00000000
core   0: 0x80009e34 (0x0764a813) slti    a6, s1, 118
core   0: 3 0x80009e34 (0x0764a813) x16 0x00000001
core   0: 0x80009e38 (0x000065cd) c.lui   a1, 0x13
core   0: 3 0x80009e38 (0x65cd) x11 0x00013000
core   0: 0x80009e3a (0x00008cb5) c.xor   s1, a3
core   0: 3 0x80009e3a (0x8cb5) x9  0x892f2e2c
core   0: 0x80009e3c (0x0000ee0d) c.bnez  a2, pc + 58
core   0: 3 0x80009e3c (0xee0d)
core   0: 0x80009e76 (0x00001e10) c.addi4spn a2, sp, 816
core   0: 3 0x80009e76 (0x1e10) x12 0x0000238f
core   0: 0x80009e78 (0x000083a9) c.srli  a5, 10
core   0: 3 0x80009e78 (0x83a9) x15 0x00000009
core   0: 0x80009e7a (0x0000857d) c.srai  a0, 31
core   0: 3 0x80009e7a (0x857d) x10 0x00000000
core   0: 0x80009e7c (0xa2f7a193) slti    gp, a5, -1489
core   0: 3 0x80009e7c (0xa2f7a193) x3  0x00000000
core   0: 0x80009e80 (0x340eec73) csrrsi  s8, mscratch, 29
core   0: 3 0x80009e80 (0x340eec73) x24 0xfffffdee c832_mscratch 0xfffffdff
core   0: 0x80009e84 (0x024fafb3) mulhsu  t6, t6, tp
core   0: 3 0x80009e84 (0x024fafb3) x31 0x0000012d
core   0: 0x80009e88 (0x00008e15) c.sub   a2, a3
core   0: 3 0x80009e88 (0x8e15) x12 0xf400238f
core   0: 0x80009e8a (0x2b5ba637) lui     a2, 0x2b5ba
core   0: 3 0x80009e8a (0x2b5ba637) x12 0x2b5ba000
core   0: 0x80009e8e (0xcf566d97) auipc   s11, 0xcf566
core   0: 3 0x80009e8e (0xcf566d97) x27 0x4f56fe8e
core   0: 0x80009e92 (0x0000e609) c.bnez  a2, pc + 10
core   0: 3 0x80009e92 (0xe609)
core   0: 0x80009e9c (0x039abab3) mulhu   s5, s5, s9
core   0: 3 0x80009e9c (0x039abab3) x21 0x00000000
core   0: 0x80009ea0 (0x00000001) c.nop
core   0: 3 0x80009ea0 (0x0001)
core   0: 0x80009ea2 (0x0000eb8d) c.bnez  a5, pc + 50
core   0: 3 0x80009ea2 (0xeb8d)
core   0: 0x80009ed4 (0x340f7873) csrrci  a6, mscratch, 30
core   0: 3 0x80009ed4 (0x340f7873) x16 0xfffffdff c832_mscratch 0xfffffde1
core   0: 0x80009ed8 (0x000047e9) c.li    a5, 26
core   0: 3 0x80009ed8 (0x47e9) x15 0x0000001a
core   0: 0x80009eda (0x000014fd) c.addi  s1, -1
core   0: 3 0x80009eda (0x14fd) x9  0x892f2e2b
core   0: 0x80009edc (0x40d75b13) srai    s6, a4, 13
core   0: 3 0x80009edc (0x40d75b13) x22 0x00000000
core   0: 0x80009ee0 (0x0000ed15) c.bnez  a0, pc + 60
core   0: 3 0x80009ee0 (0xed15)
core   0: 0x80009ee2 (0x0ff0000f) fence   iorw,iorw
core   0: 3 0x80009ee2 (0x0ff0000f)
core   0: 0x80009ee6 (0x03213033) mulhu   zero, sp, s2
core   0: 3 0x80009ee6 (0x03213033)
core   0: 0x80009eea (0xc4464b13) xori    s6, a2, -956
core   0: 3 0x80009eea (0xc4464b13) x22 0xd4a45c44
core   0: 0x80009eee (0x00008cf5) c.and   s1, a3
core   0: 3 0x80009eee (0x8cf5) x9  0x08000000
core   0: 0x80009ef0 (0x01581463) bne     a6, s5, pc + 8
core   0: 3 0x80009ef0 (0x01581463)
core   0: 0x80009ef8 (0x822ca137) lui     sp, 0x822ca
core   0: 3 0x80009ef8 (0x822ca137) x2  0x822ca000
core   0: 0x80009efc (0x849b4893) xori    a7, s6, -1975
core   0: 3 0x80009efc (0x849b4893) x17 0x2b5ba40d
core   0: 0x80009f00 (0x3406d173) csrrwi  sp, mscratch, 13
core   0: 3 0x80009f00 (0x3406d173) x2  0xfffffde1 c832_mscratch 0x0000000d
core   0: 0x80009f04 (0x340a7d73) csrrci  s10, mscratch, 20
core   0: 3 0x80009f04 (0x340a7d73) x26 0x0000000d c832_mscratch 0x00000009
core   0: 0x80009f08 (0x02a95b33) divu    s6, s2, a0
core   0: 3 0x80009f08 (0x02a95b33) x22 0xffffffff
core   0: 0x80009f0c (0x0318f263) bgeu    a7, a7, pc + 36
core   0: 3 0x80009f0c (0x0318f263)
core   0: 0x80009f30 (0x340034f3) csrrc   s1, mscratch, zero
core   0: 3 0x80009f30 (0x340034f3) x9  0x00000009
core   0: 0x80009f34 (0x02e8c863) blt     a7, a4, pc + 48
core   0: 3 0x80009f34 (0x02e8c863)
core   0: 0x80009f38 (0x02896b33) rem     s6, s2, s0
core   0: 3 0x80009f38 (0x02896b33) x22 0x00001fff
core   0: 0x80009f3c (0x000092de) c.add   t0, s7
core   0: 3 0x80009f3c (0x92de) x5  0xffffff5b
core   0: 0x80009f3e (0x0000100f) fence.i
core   0: 3 0x80009f3e (0x0000100f)
core   0: 0x80009f42 (0x00000001) c.nop
core   0: 3 0x80009f42 (0x0001)
core   0: 0x80009f44 (0x93a46393) ori     t2, s0, -1734
core   0: 3 0x80009f44 (0x93a46393) x7  0xfffff93a
core   0: 0x80009f48 (0x00000195) c.addi  gp, 5
core   0: 3 0x80009f48 (0x0195) x3  0x00000005
core   0: 0x80009f4a (0x002613b3) sll     t2, a2, sp
core   0: 3 0x80009f4a (0x002613b3) x7  0x56b74000
core   0: 0x80009f4e (0x0126e463) bltu    a3, s2, pc + 8
core   0: 3 0x80009f4e (0x0126e463)
core   0: 0x80009f52 (0x0000096e) c.slli  s2, 27
core   0: 3 0x80009f52 (0x096e) x18 0xf8000000
core   0: 0x80009f54 (0x000099d2) c.add   s3, s4
core   0: 3 0x80009f54 (0x99d2) x19 0x2d78b9bc
core   0: 0x80009f56 (0x0287a533) mulhsu  a0, a5, s0
core   0: 3 0x80009f56 (0x0287a533) x10 0x00000000
core   0: 0x80009f5a (0x00000784) c.addi4spn s1, sp, 960
core   0: 3 0x80009f5a (0x0784) x9  0x000001a1
core   0: 0x80009f5c (0x25682b93) slti    s7, a6, 598
core   0: 3 0x80009f5c (0x25682b93) x23 0x00000001
core   0: 0x80009f60 (0x05bce163) bltu    s9, s11, pc + 66
core   0: 3 0x80009f60 (0x05bce163)
core   0: 0x80009fa2 (0x03908d33) mul     s10, ra, s9
core   0: 3 0x80009fa2 (0x03908d33) x26 0x00000000
core   0: 0x80009fa6 (0x34057df3) csrrci  s11, mscratch, 10
core   0: 3 0x80009fa6 (0x34057df3) x27 0x00000009 c832_mscratch 0x00000001
core   0: 0x80009faa (0xc2183d13) sltiu   s10, a6, -991
core   0: 3 0x80009faa (0xc2183d13) x26 0x00000000
core   0: 0x80009fae (0x022ef7b3) remu    a5, t4, sp
core   0: 3 0x80009fae (0x022ef7b3) x15 0x80025ea4
core   0: 0x80009fb2 (0x0000997d) c.andi  a0, -1
core   0: 3 0x80009fb2 (0x997d) x10 0x00000000
core   0: 0x80009fb4 (0x038bdfb3) divu    t6, s7, s8
core   0: 3 0x80009fb4 (0x038bdfb3) x31 0x00000000
core   0: 0x80009fb8 (0x02587833) remu    a6, a6, t0
core   0: 3 0x80009fb8 (0x02587833) x16 0xfffffdff
core   0: 0x80009fbc (0x58f7f893) andi    a7, a5, 1423
core   0: 3 0x80009fbc (0x58f7f893) x17 0x00000484
core   0: 0x80009fc0 (0x340170f3) csrrci  ra, mscratch, 2
core   0: 3 0x80009fc0 (0x340170f3) x1  0x00000001 c832_mscratch 0x00000001
core   0: 0x80009fc4 (0x00000a35) c.addi  s4, 13
core   0: 3 0x80009fc4 (0x0a35) x20 0x2d78c00d
core   0: 0x80009fc6 (0x03218a63) beq     gp, s2, pc + 52
core   0: 3 0x80009fc6 (0x03218a63)
core   0: 0x80009fca (0x0187fdb3) and     s11, a5, s8
core   0: 3 0x80009fca (0x0187fdb3) x27 0x80025ca4
core   0: 0x80009fce (0x0000997a) c.add   s2, t5
core   0: 3 0x80009fce (0x997a) x18 0xf7fff8a6
core   0: 0x80009fd0 (0x02119bb3) mulh    s7, gp, ra
core   0: 3 0x80009fd0 (0x02119bb3) x23 0x00000000
core   0: 0x80009fd4 (0x0173d893) srli    a7, t2, 23
core   0: 3 0x80009fd4 (0x0173d893) x17 0x000000ad
core   0: 0x80009fd8 (0x000000be) c.slli  ra, 15
core   0: 3 0x80009fd8 (0x00be) x1  0x00008000
core   0: 0x80009fda (0x00000001) c.nop
core   0: 3 0x80009fda (0x0001)
core   0: 0x80009fdc (0xc7e7e913) ori     s2, a5, -898
core   0: 3 0x80009fdc (0xc7e7e913) x18 0xfffffefe
core   0: 0x80009fe0 (0x00008f7d) c.and   a4, a5
core   0: 3 0x80009fe0 (0x8f7d) x14 0x00000000
core   0: 0x80009fe2 (0x00008ce5) c.and   s1, s1
core   0: 3 0x80009fe2 (0x8ce5) x9  0x000001a1
core   0: 0x80009fe4 (0x00006c4d) c.lui   s8, 0x13
core   0: 3 0x80009fe4 (0x6c4d) x24 0x00013000
core   0: 0x80009fe6 (0xcff02293) slti    t0, zero, -769
core   0: 3 0x80009fe6 (0xcff02293) x5  0x00000000
core   0: 0x80009fea (0x00000001) c.nop
core   0: 3 0x80009fea (0x0001)
core   0: 0x80009fec (0x00327763) bgeu    tp, gp, pc + 14
core   0: 3 0x80009fec (0x00327763)
core   0: 0x80009ffa (0x00008e55) c.or    a2, a3
core   0: 3 0x80009ffa (0x8e55) x12 0x2f5ba000
core   0: 0x80009ffc (0x003850b3) srl     ra, a6, gp
core   0: 3 0x80009ffc (0x003850b3) x1  0x07ffffef
core   0: 0x8000a000 (0xee3c2c13) slti    s8, s8, -285
core   0: 3 0x8000a000 (0xee3c2c13) x24 0x00000000
core   0: 0x8000a004 (0x03f44c63) blt     s0, t6, pc + 56
core   0: 3 0x8000a004 (0x03f44c63)
core   0: 0x8000a008 (0x0316c5b3) div     a1, a3, a7
core   0: 3 0x8000a008 (0x0316c5b3) x11 0x0011c1d9
core   0: 0x8000a00c (0x0b60d137) lui     sp, 0xb60d
core   0: 3 0x8000a00c (0x0b60d137) x2  0x0b60d000
core   0: 0x8000a010 (0x02684d63) blt     a6, t1, pc + 58
core   0: 3 0x8000a010 (0x02684d63)
core   0: 0x8000a04a (0x00009162) c.add   sp, s8
core   0: 3 0x8000a04a (0x9162) x2  0x0b60d000
core   0: 0x8000a04c (0x01d68b63) beq     a3, t4, pc + 22
core   0: 3 0x8000a04c (0x01d68b63)
core   0: 0x8000a050 (0x6a23d697) auipc   a3, 0x6a23d
core   0: 3 0x8000a050 (0x6a23d697) x13 0xea247050
core   0: 0x8000a054 (0x000009cd) c.addi  s3, 19
core   0: 3 0x8000a054 (0x09cd) x19 0x2d78b9cf
core   0: 0x8000a056 (0x030f4a63) blt     t5, a6, pc + 52
core   0: 3 0x8000a056 (0x030f4a63)
core   0: 0x8000a08a (0x00001184) c.addi4spn s1, sp, 224
core   0: 3 0x8000a08a (0x1184) x9  0x0b60d0e0
core   0: 0x8000a08c (0x00000001) c.nop
core   0: 3 0x8000a08c (0x0001)
core   0: 0x8000a08e (0x0000011c) c.addi4spn a5, sp, 128
core   0: 3 0x8000a08e (0x011c) x15 0x0b60d080
core   0: 0x8000a090 (0x02da45b3) div     a1, s4, a3
core   0: 3 0x8000a090 (0x02da45b3) x11 0xfffffffe
core   0: 0x8000a094 (0x019a9513) slli    a0, s5, 25
core   0: 3 0x8000a094 (0x019a9513) x10 0x00000000
core   0: 0x8000a098 (0x4148dab3) sra     s5, a7, s4
core   0: 3 0x8000a098 (0x4148dab3) x21 0x00000000
core   0: 0x8000a09c (0x000081e9) c.srli  a1, 26
core   0: 3 0x8000a09c (0x81e9) x11 0x0000003f
core   0: 0x8000a09e (0x00fa2b33) slt     s6, s4, a5
core   0: 3 0x8000a09e (0x00fa2b33) x22 0x00000000
core   0: 0x8000a0a2 (0xe2a06197) auipc   gp, 0xe2a06
core   0: 3 0x8000a0a2 (0xe2a06197) x3  0x62a100a2
core   0: 0x8000a0a6 (0x00008e1d) c.sub   a2, a5
core   0: 3 0x8000a0a6 (0x8e1d) x12 0x23facf80
core   0: 0x8000a0a8 (0x0000009c) c.addi4spn a5, sp, 64
core   0: 3 0x8000a0a8 (0x009c) x15 0x0b60d040
core   0: 0x8000a0aa (0x00009496) c.add   s1, t0
core   0: 3 0x8000a0aa (0x9496) x9  0x0b60d0e0
core   0: 0x8000a0ac (0x0000089c) c.addi4spn a5, sp, 80
core   0: 3 0x8000a0ac (0x089c) x15 0x0b60d050
core   0: 0x8000a0ae (0x00000001) c.nop
core   0: 3 0x8000a0ae (0x0001)
core   0: 0x8000a0b0 (0xb5cc3293) sltiu   t0, s8, -1188
core   0: 3 0x8000a0b0 (0xb5cc3293) x5  0x00000001
core   0: 0x8000a0b4 (0x0000c28d) c.beqz  a3, pc + 34
core   0: 3 0x8000a0b4 (0xc28d)
core   0: 0x8000a0b6 (0x0000094e) c.slli  s2, 19
core   0: 3 0x8000a0b6 (0x094e) x18 0xf7f00000
core   0: 0x8000a0b8 (0x00df98b3) sll     a7, t6, a3
core   0: 3 0x8000a0b8 (0x00df98b3) x17 0x00000000
core   0: 0x8000a0bc (0x2a8ebc93) sltiu   s9, t4, 680
core   0: 3 0x8000a0bc (0x2a8ebc93) x25 0x00000000
core   0: 0x8000a0c0 (0x410a08b3) sub     a7, s4, a6
core   0: 3 0x8000a0c0 (0x410a08b3) x17 0x2d78c20e
core   0: 0x8000a0c4 (0x0000617d) c.addi16sp sp, 496
core   0: 3 0x8000a0c4 (0x617d) x2  0x0b60d1f0
core   0: 0x8000a0c6 (0x0e3fec93) ori     s9, t6, 227
core   0: 3 0x8000a0c6 (0x0e3fec93) x25 0x000000e3
core   0: 0x8000a0ca (0x014cfb63) bgeu    s9, s4, pc + 22
core   0: 3 0x8000a0ca (0x014cfb63)
core   0: 0x8000a0ce (0x41fa5c13) srai    s8, s4, 31
core   0: 3 0x8000a0ce (0x41fa5c13) x24 0x00000000
core   0: 0x8000a0d2 (0x3404ddf3) csrrwi  s11, mscratch, 9
core   0: 3 0x8000a0d2 (0x3404ddf3) x27 0x00000001 c832_mscratch 0x00000009
core   0: 0x8000a0d6 (0x019a4f33) xor     t5, s4, s9
core   0: 3 0x8000a0d6 (0x019a4f33) x30 0x2d78c0ee
core   0: 0x8000a0da (0x0ff0000f) fence   iorw,iorw
core   0: 3 0x8000a0da (0x0ff0000f)
core   0: 0x8000a0de (0x00008785) c.srai  a5, 1
core   0: 3 0x8000a0de (0x8785) x15 0x05b06828
core   0: 0x8000a0e0 (0x340dd673) csrrwi  a2, mscratch, 27
core   0: 3 0x8000a0e0 (0x340dd673) x12 0x00000009 c832_mscratch 0x0000001b
core   0: 0x8000a0e4 (0x340022f3) csrr    t0, mscratch
core   0: 3 0x8000a0e4 (0x340022f3) x5  0x0000001b
core   0: 0x8000a0e8 (0x953dba13) sltiu   s4, s11, -1709
core   0: 3 0x8000a0e8 (0x953dba13) x20 0x00000001
core   0: 0x8000a0ec (0xdd555597) auipc   a1, 0xdd555
core   0: 3 0x8000a0ec (0xdd555597) x11 0x5d55f0ec
core   0: 0x8000a0f0 (0x000088dd) c.andi  s1, 23
core   0: 3 0x8000a0f0 (0x88dd) x9  0x00000000
core   0: 0x8000a0f2 (0x03151cb3) mulh    s9, a0, a7
core   0: 3 0x8000a0f2 (0x03151cb3) x25 0x00000000
core   0: 0x8000a0f6 (0x026d5a63) bge     s10, t1, pc + 52
core   0: 3 0x8000a0f6 (0x026d5a63)
core   0: 0x8000a0fa (0x04aa7463) bgeu    s4, a0, pc + 72
core   0: 3 0x8000a0fa (0x04aa7463)
core   0: 0x8000a142 (0x80960713) addi    a4, a2, -2039
core   0: 3 0x8000a142 (0x80960713) x14 0xfffff812
core   0: 0x8000a146 (0x6c8b8c93) addi    s9, s7, 1736
core   0: 3 0x8000a146 (0x6c8b8c93) x25 0x000006c8
core   0: 0x8000a14a (0x03d0e8b3) rem     a7, ra, t4
core   0: 3 0x8000a14a (0x03d0e8b3) x17 0x07ffffef
core   0: 0x8000a14e (0x577f6113) ori     sp, t5, 1399
core   0: 3 0x8000a14e (0x577f6113) x2  0x2d78c5ff
core   0: 0x8000a152 (0x89432993) slti    s3, t1, -1900
core   0: 3 0x8000a152 (0x89432993) x19 0x00000000
core   0: 0x8000a156 (0x00004a3d) c.li    s4, 15
core   0: 3 0x8000a156 (0x4a3d) x20 0x0000000f
core   0: 0x8000a158 (0x0ff0000f) fence   iorw,iorw
core   0: 3 0x8000a158 (0x0ff0000f)
core   0: 0x8000a15c (0x02302f33) mulhsu  t5, zero, gp
core   0: 3 0x8000a15c (0x02302f33) x30 0x00000000
core   0: 0x8000a160 (0x0ff0000f) fence   iorw,iorw
core   0: 3 0x8000a160 (0x0ff0000f)
core   0: 0x8000a164 (0x01577633) and     a2, a4, s5
core   0: 3 0x8000a164 (0x01577633) x12 0x00000000
core   0: 0x8000a168 (0x16914293) xori    t0, sp, 361
core   0: 3 0x8000a168 (0x16914293) x5  0x2d78c496
core   0: 0x8000a16c (0x340077f3) csrrci  a5, mscratch, 0
core   0: 3 0x8000a16c (0x340077f3) x15 0x0000001b
core   0: 0x8000a170 (0x00fbc633) xor     a2, s7, a5
core   0: 3 0x8000a170 (0x00fbc633) x12 0x0000001b
core   0: 0x8000a174 (0x0000e389) c.bnez  a5, pc + 2
core   0: 3 0x8000a174 (0xe389)
core   0: 0x8000a176 (0x00000001) c.nop
core   0: 3 0x8000a176 (0x0001)
core   0: 0x8000a178 (0x0000053a) c.slli  a0, 14
core   0: 3 0x8000a178 (0x053a) x10 0x00000000
core   0: 0x8000a17a (0x00000184) c.addi4spn s1, sp, 192
core   0: 3 0x8000a17a (0x0184) x9  0x2d78c6bf
core   0: 0x8000a17c (0x00e029b3) slt     s3, zero, a4
core   0: 3 0x8000a17c (0x00e029b3) x19 0x00000000
core   0: 0x8000a180 (0x000087fd) c.srai  a5, 31
core   0: 3 0x8000a180 (0x87fd) x15 0x00000000
core   0: 0x8000a182 (0x0000c91d) c.beqz  a0, pc + 54
core   0: 3 0x8000a182 (0xc91d)
core   0: 0x8000a1b8 (0x0187b633) sltu    a2, a5, s8
core   0: 3 0x8000a1b8 (0x0187b633) x12 0x00000000
core   0: 0x8000a1bc (0x01d0dfb3) srl     t6, ra, t4
core   0: 3 0x8000a1bc (0x01d0dfb3) x31 0x007ffffe
core   0: 0x8000a1c0 (0x00ecf833) and     a6, s9, a4
core   0: 3 0x8000a1c0 (0x00ecf833) x16 0x00000000
core   0: 0x8000a1c4 (0x00008cbd) c.xor   s1, a5
core   0: 3 0x8000a1c4 (0x8cbd) x9  0x2d78c6bf
core   0: 0x8000a1c6 (0x00000001) c.nop
core   0: 3 0x8000a1c6 (0x0001)
core   0: 0x8000a1c8 (0x34022f73) csrrs   t5, mscratch, tp
core   0: 3 0x8000a1c8 (0x34022f73) x30 0x0000001b c832_mscratch 0xfffffdfb
core   0: 0x8000a1cc (0xb51d3d13) sltiu   s10, s10, -1199
core   0: 3 0x8000a1cc (0xb51d3d13) x26 0x00000001
core   0: 0x8000a1d0 (0x00008e59) c.or    a2, a4
core   0: 3 0x8000a1d0 (0x8e59) x12 0xfffff812
core   0: 0x8000a1d2 (0x033299b3) mulh    s3, t0, s3
core   0: 3 0x8000a1d2 (0x033299b3) x19 0x00000000
core   0: 0x8000a1d6 (0x0000100f) fence.i
core   0: 3 0x8000a1d6 (0x0000100f)
core   0: 0x8000a1da (0x3e0d4293) xori    t0, s10, 992
core   0: 3 0x8000a1da (0x3e0d4293) x5  0x000003e1
core   0: 0x8000a1de (0x0351c763) blt     gp, s5, pc + 46
core   0: 3 0x8000a1de (0x0351c763)
core   0: 0x8000a1e2 (0x6df43337) lui     t1, 0x6df43
core   0: 3 0x8000a1e2 (0x6df43337) x6  0x6df43000
core   0: 0x8000a1e6 (0x00267ab3) and     s5, a2, sp
core   0: 3 0x8000a1e6 (0x00267ab3) x21 0x2d78c012
core   0: 0x8000a1ea (0x00008fcd) c.or    a5, a1
core   0: 3 0x8000a1ea (0x8fcd) x15 0x5d55f0ec
core   0: 0x8000a1ec (0xb7c73993) sltiu   s3, a4, -1156
core   0: 3 0x8000a1ec (0xb7c73993) x19 0x00000001
core   0: 0x8000a1f0 (0x0000614d) c.addi16sp sp, 176
core   0: 3 0x8000a1f0 (0x614d) x2  0x2d78c6af
core   0: 0x8000a1f2 (0x6c9cff93) andi    t6, s9, 1737
core   0: 3 0x8000a1f2 (0x6c9cff93) x31 0x000006c8
core   0: 0x8000a1f6 (0x0000717d) c.addi16sp sp, -16
core   0: 3 0x8000a1f6 (0x717d) x2  0x2d78c69f
core   0: 0x8000a1f8 (0x02f2cf63) blt     t0, a5, pc + 62
core   0: 3 0x8000a1f8 (0x02f2cf63)
core   0: 0x8000a236 (0x0275fbb3) remu    s7, a1, t2
core   0: 3 0x8000a236 (0x0275fbb3) x23 0x069eb0ec
core   0: 0x8000a23a (0x01cbac33) slt     s8, s7, t3
core   0: 3 0x8000a23a (0x01cbac33) x24 0x00000000
core   0: 0x8000a23e (0x01f09593) slli    a1, ra, 31
core   0: 3 0x8000a23e (0x01f09593) x11 0x80000000
core   0: 0x8000a242 (0x00008fb9) c.xor   a5, a4
core   0: 3 0x8000a242 (0x8fb9) x15 0xa2aa08fe
core   0: 0x8000a244 (0x00b3f763) bgeu    t2, a1, pc + 14
core   0: 3 0x8000a244 (0x00b3f763)
core   0: 0x8000a248 (0x00000001) c.nop
core   0: 3 0x8000a248 (0x0001)
core   0: 0x8000a24a (0x019aebb3) or      s7, s5, s9
core   0: 3 0x8000a24a (0x019aebb3) x23 0x2d78c6da
core   0: 0x8000a24e (0x03f7e563) bltu    a5, t6, pc + 42
core   0: 3 0x8000a24e (0x03f7e563)
core   0: 0x8000a252 (0x002c2733) slt     a4, s8, sp
core   0: 3 0x8000a252 (0x002c2733) x14 0x00000001
core   0: 0x8000a256 (0x0000cb11) c.beqz  a4, pc + 20
core   0: 3 0x8000a256 (0xcb11)
core   0: 0x8000a258 (0x37b74913) xori    s2, a4, 891
core   0: 3 0x8000a258 (0x37b74913) x18 0x0000037a
core   0: 0x8000a25c (0x000069e9) c.lui   s3, 0x1a
core   0: 3 0x8000a25c (0x69e9) x19 0x0001a000
core   0: 0x8000a25e (0x035527b3) mulhsu  a5, a0, s5
core   0: 3 0x8000a25e (0x035527b3) x15 0x00000000
core   0: 0x8000a262 (0x7c2bcb93) xori    s7, s7, 1986
core   0: 3 0x8000a262 (0x7c2bcb93) x23 0x2d78c118
core   0: 0x8000a266 (0x0000e329) c.bnez  a4, pc + 66
core   0: 3 0x8000a266 (0xe329)
core   0: 0x8000a2a8 (0x00000fd5) c.addi  t6, 21
core   0: 3 0x8000a2a8 (0x0fd5) x31 0x000006dd
core   0: 0x8000a2aa (0x0000100f) fence.i
core   0: 3 0x8000a2aa (0x0000100f)
core   0: 0x8000a2ae (0x00428cb3) add     s9, t0, tp
core   0: 3 0x8000a2ae (0x00428cb3) x25 0x000001c1
core   0: 0x8000a2b2 (0x0000100f) fence.i
core   0: 3 0x8000a2b2 (0x0000100f)
core   0: 0x8000a2b6 (0x02838263) beq     t2, s0, pc + 36
core   0: 3 0x8000a2b6 (0x02838263)
core   0: 0x8000a2ba (0x58aec6b7) lui     a3, 0x58aec
core   0: 3 0x8000a2ba (0x58aec6b7) x13 0x58aec000
core   0: 0x8000a2be (0xe85c8093) addi    ra, s9, -379
core   0: 3 0x8000a2be (0xe85c8093) x1  0x00000046
core   0: 0x8000a2c2 (0x00008d05) c.sub   a0, s1
core   0: 3 0x8000a2c2 (0x8d05) x10 0xd2873941
core   0: 0x8000a2c4 (0x004e1263) bne     t3, tp, pc + 4
core   0: 3 0x8000a2c4 (0x004e1263)
core   0: 0x8000a2c8 (0xe857ff13) andi    t5, a5, -379
core   0: 3 0x8000a2c8 (0xe857ff13) x30 0x00000000
core   0: 0x8000a2cc (0x0592e363) bltu    t0, s9, pc + 70
core   0: 3 0x8000a2cc (0x0592e363)
core   0: 0x8000a2d0 (0x40c60b33) sub     s6, a2, a2
core   0: 3 0x8000a2d0 (0x40c60b33) x22 0x00000000
core   0: 0x8000a2d4 (0x34037cf3) csrrci  s9, mscratch, 6
core   0: 3 0x8000a2d4 (0x34037cf3) x25 0xfffffdfb c832_mscratch 0xfffffdf9
core   0: 0x8000a2d8 (0x00008f79) c.and   a4, a4
core   0: 3 0x8000a2d8 (0x8f79) x14 0x00000001
core   0: 0x8000a2da (0x0108a933) slt     s2, a7, a6
core   0: 3 0x8000a2da (0x0108a933) x18 0x00000000
core   0: 0x8000a2de (0x009e5813) srli    a6, t3, 9
core   0: 3 0x8000a2de (0x009e5813) x16 0x0040014e
core   0: 0x8000a2e2 (0x0000866d) c.srai  a2, 27
core   0: 3 0x8000a2e2 (0x866d) x12 0xffffffff
core   0: 0x8000a2e4 (0x00000001) c.nop
core   0: 3 0x8000a2e4 (0x0001)
core   0: 0x8000a2e6 (0x340f9673) csrrw   a2, mscratch, t6
core   0: 3 0x8000a2e6 (0x340f9673) x12 0xfffffdf9 c832_mscratch 0x000006dd
core   0: 0x8000a2ea (0x3c0a7197) auipc   gp, 0x3c0a7
core   0: 3 0x8000a2ea (0x3c0a7197) x3  0xbc0b12ea
core   0: 0x8000a2ee (0x18e56513) ori     a0, a0, 398
core   0: 3 0x8000a2ee (0x18e56513) x10 0xd28739cf
core   0: 0x8000a2f2 (0x01930663) beq     t1, s9, pc + 12
core   0: 3 0x8000a2f2 (0x01930663)
core   0: 0x8000a2f6 (0x02827fb3) remu    t6, tp, s0
core   0: 3 0x8000a2f6 (0x02827fb3) x31 0xfffffde0
core   0: 0x8000a2fa (0x031f4c33) div     s8, t5, a7
core   0: 3 0x8000a2fa (0x031f4c33) x24 0x00000000
core   0: 0x8000a2fe (0x02561c63) bne     a2, t0, pc + 56
core   0: 3 0x8000a2fe (0x02561c63)
core   0: 0x8000a336 (0x00000fde) c.slli  t6, 23
core   0: 3 0x8000a336 (0x0fde) x31 0xf0000000
core   0: 0x8000a338 (0x0000717d) c.addi16sp sp, -16
core   0: 3 0x8000a338 (0x717d) x2  0x2d78c68f
core   0: 0x8000a33a (0x0ff0000f) fence   iorw,iorw
core   0: 3 0x8000a33a (0x0ff0000f)
core   0: 0x8000a33e (0x0054d533) srl     a0, s1, t0
core   0: 3 0x8000a33e (0x0054d533) x10 0x16bc635f
core   0: 0x8000a342 (0x00000b90) c.addi4spn a2, sp, 464
core   0: 3 0x8000a342 (0x0b90) x12 0x2d78c85f
core   0: 0x8000a344 (0x0000e119) c.bnez  a0, pc + 6
core   0: 3 0x8000a344 (0xe119)
core   0: 0x8000a34a (0x0103c133) xor     sp, t2, a6
core   0: 3 0x8000a34a (0x0103c133) x2  0x56f7414e
core   0: 0x8000a34e (0x01fa9093) slli    ra, s5, 31
core   0: 3 0x8000a34e (0x01fa9093) x1  0x00000000
core   0: 0x8000a352 (0x030eedb3) rem     s11, t4, a6
core   0: 3 0x8000a352 (0x030eedb3) x27 0xffc4f956
core   0: 0x8000a356 (0x00b5a5b3) slt     a1, a1, a1
core   0: 3 0x8000a356 (0x00b5a5b3) x11 0x00000000
core   0: 0x8000a35a (0xe9a1df17) auipc   t5, 0xe9a1d
core   0: 3 0x8000a35a (0xe9a1df17) x30 0x69a2735a
core   0: 0x8000a35e (0x00000311) c.addi  t1, 4
core   0: 3 0x8000a35e (0x0311) x6  0x6df43004
core   0: 0x8000a360 (0x00765533) srl     a0, a2, t2
core   0: 3 0x8000a360 (0x00765533) x10 0x2d78c85f
core   0: 0x8000a364 (0x01125863) bge     tp, a7, pc + 16
core   0: 3 0x8000a364 (0x01125863)
core   0: 0x8000a368 (0x34006d73) csrrsi  s10, mscratch, 0
core   0: 3 0x8000a368 (0x34006d73) x26 0x000006dd
core   0: 0x8000a36c (0x340023f3) csrr    t2, mscratch
core   0: 3 0x8000a36c (0x340023f3) x7  0x000006dd
core   0: 0x8000a370 (0x00000001) c.nop
core   0: 3 0x8000a370 (0x0001)
core   0: 0x8000a372 (0x00008f7d) c.and   a4, a5
core   0: 3 0x8000a372 (0x8f7d) x14 0x00000000
core   0: 0x8000a374 (0x0000717d) c.addi16sp sp, -16
core   0: 3 0x8000a374 (0x717d) x2  0x56f7413e
core   0: 0x8000a376 (0x41e65993) srai    s3, a2, 30
core   0: 3 0x8000a376 (0x41e65993) x19 0x00000000
core   0: 0x8000a37a (0x03a0c663) blt     ra, s10, pc + 44
core   0: 3 0x8000a37a (0x03a0c663)
core   0: 0x8000a3a6 (0x00008e1d) c.sub   a2, a5
core   0: 3 0x8000a3a6 (0x8e1d) x12 0x2d78c85f
core   0: 0x8000a3a8 (0x000063ed) c.lui   t2, 0x1b
core   0: 3 0x8000a3a8 (0x63ed) x7  0x0001b000
core   0: 0x8000a3aa (0x0c5a0513) addi    a0, s4, 197
core   0: 3 0x8000a3aa (0x0c5a0513) x10 0x000000d4
core   0: 0x8000a3ae (0x01037d63) bgeu    t1, a6, pc + 26
core   0: 3 0x8000a3ae (0x01037d63)
core   0: 0x8000a3c8 (0xa41fa393) slti    t2, t6, -1471
core   0: 3 0x8000a3c8 (0xa41fa393) x7  0x00000001
core   0: 0x8000a3cc (0x03be0bb3) mul     s7, t3, s11
core   0: 3 0x8000a3cc (0x03be0bb3) x23 0xb748ce18
core   0: 0x8000a3d0 (0x69122337) lui     t1, 0x69122
core   0: 3 0x8000a3d0 (0x69122337) x6  0x69122000
core   0: 0x8000a3d4 (0x0000058e) c.slli  a1, 3
core   0: 3 0x8000a3d4 (0x058e) x11 0x00000000
core   0: 0x8000a3d6 (0x112ca613) slti    a2, s9, 274
core   0: 3 0x8000a3d6 (0x112ca613) x12 0x00000001
core   0: 0x8000a3da (0x00008e2d) c.xor   a2, a1
core   0: 3 0x8000a3da (0x8e2d) x12 0x00000001
core   0: 0x8000a3dc (0x00000db6) c.slli  s11, 13
core   0: 3 0x8000a3dc (0x0db6) x27 0x9f2ac000
core   0: 0x8000a3de (0x00364f63) blt     a2, gp, pc + 30
core   0: 3 0x8000a3de (0x00364f63)
core   0: 0x8000a3e2 (0x0000717d) c.addi16sp sp, -16
core   0: 3 0x8000a3e2 (0x717d) x2  0x56f7412e
core   0: 0x8000a3e4 (0x02fc0bb3) mul     s7, s8, a5
core   0: 3 0x8000a3e4 (0x02fc0bb3) x23 0x00000000
core   0: 0x8000a3e8 (0x69a22f37) lui     t5, 0x69a22
core   0: 3 0x8000a3e8 (0x69a22f37) x30 0x69a22000
core   0: 0x8000a3ec (0x41345ab3) sra     s5, s0, s3
core   0: 3 0x8000a3ec (0x41345ab3) x21 0x00000000
core   0: 0x8000a3f0 (0x00153933) sltu    s2, a0, ra
core   0: 3 0x8000a3f0 (0x00153933) x18 0x00000000
core   0: 0x8000a3f4 (0x0385f2b3) remu    t0, a1, s8
core   0: 3 0x8000a3f4 (0x0385f2b3) x5  0x00000000
core   0: 0x8000a3f8 (0x34096a73) csrrsi  s4, mscratch, 18
core   0: 3 0x8000a3f8 (0x34096a73) x20 0x000006dd c832_mscratch 0x000006df
core   0: 0x8000a3fc (0x0000060a) c.slli  a2, 2
core   0: 3 0x8000a3fc (0x060a) x12 0x00000004
core   0: 0x8000a3fe (0x00000417) auipc   s0, 0x0
core   0: 3 0x8000a3fe (0x00000417) x8  0x8000a3fe
core   0: 0x8000a402 (0x00c40413) addi    s0, s0, 12
core   0: 3 0x8000a402 (0x00c40413) x8  0x8000a40a
core   0: 0x8000a406 (0x00040067) jr      s0
core   0: 3 0x8000a406 (0x00040067)
core   0: 0x8000a40a (0x00004185) c.li    gp, 1
core   0: 3 0x8000a40a (0x4185) x3  0x00000001
core   0: 0x8000a40c (0x00000073) ecall
core   0: exception trap_machine_ecall, epc 0x8000a40c
core   0: >>>>  mtvec_handler
core   0: 0x8000c080 (0x0400006f) j       pc + 0x40
core   0: 3 0x8000c080 (0x0400006f)
core   0: 0x8000c0c0 (0x00001e71) c.addi  t3, -4
core   0: 3 0x8000c0c0 (0x1e71) x28 0x80029d20
core   0: 0x8000c0c2 (0x01de2023) sw      t4, 0(t3)
core   0: 3 0x8000c0c2 (0x01de2023) mem 0x80029d20 0x80025ea4
core   0: 0x8000c0c6 (0x000e0eb3) add     t4, t3, zero
core   0: 3 0x8000c0c6 (0x000e0eb3) x29 0x80029d20
core   0: 0x8000c0ca (0xf80e8e93) addi    t4, t4, -128
core   0: 3 0x8000c0ca (0xf80e8e93) x29 0x80029ca0
core   0: 0x8000c0ce (0x001ea223) sw      ra, 4(t4)
core   0: 3 0x8000c0ce (0x001ea223) mem 0x80029ca4 0x00000000
core   0: 0x8000c0d2 (0x002ea423) sw      sp, 8(t4)
core   0: 3 0x8000c0d2 (0x002ea423) mem 0x80029ca8 0x56f7412e
core   0: 0x8000c0d6 (0x003ea623) sw      gp, 12(t4)
core   0: 3 0x8000c0d6 (0x003ea623) mem 0x80029cac 0x00000001
core   0: 0x8000c0da (0x004ea823) sw      tp, 16(t4)
core   0: 3 0x8000c0da (0x004ea823) mem 0x80029cb0 0xfffffde0
core   0: 0x8000c0de (0x005eaa23) sw      t0, 20(t4)
core   0: 3 0x8000c0de (0x005eaa23) mem 0x80029cb4 0x00000000
core   0: 0x8000c0e2 (0x006eac23) sw      t1, 24(t4)
core   0: 3 0x8000c0e2 (0x006eac23) mem 0x80029cb8 0x69122000
core   0: 0x8000c0e6 (0x007eae23) sw      t2, 28(t4)
core   0: 3 0x8000c0e6 (0x007eae23) mem 0x80029cbc 0x00000001
core   0: 0x8000c0ea (0x028ea023) sw      s0, 32(t4)
core   0: 3 0x8000c0ea (0x028ea023) mem 0x80029cc0 0x8000a40a
core   0: 0x8000c0ee (0x029ea223) sw      s1, 36(t4)
core   0: 3 0x8000c0ee (0x029ea223) mem 0x80029cc4 0x2d78c6bf
core   0: 0x8000c0f2 (0x02aea423) sw      a0, 40(t4)
core   0: 3 0x8000c0f2 (0x02aea423) mem 0x80029cc8 0x000000d4
core   0: 0x8000c0f6 (0x02bea623) sw      a1, 44(t4)
core   0: 3 0x8000c0f6 (0x02bea623) mem 0x80029ccc 0x00000000
core   0: 0x8000c0fa (0x02cea823) sw      a2, 48(t4)
core   0: 3 0x8000c0fa (0x02cea823) mem 0x80029cd0 0x00000004
core   0: 0x8000c0fe (0x02deaa23) sw      a3, 52(t4)
core   0: 3 0x8000c0fe (0x02deaa23) mem 0x80029cd4 0x58aec000
core   0: 0x8000c102 (0x02eeac23) sw      a4, 56(t4)
core   0: 3 0x8000c102 (0x02eeac23) mem 0x80029cd8 0x00000000
core   0: 0x8000c106 (0x02feae23) sw      a5, 60(t4)
core   0: 3 0x8000c106 (0x02feae23) mem 0x80029cdc 0x00000000
core   0: 0x8000c10a (0x050ea023) sw      a6, 64(t4)
core   0: 3 0x8000c10a (0x050ea023) mem 0x80029ce0 0x0040014e
core   0: 0x8000c10e (0x051ea223) sw      a7, 68(t4)
core   0: 3 0x8000c10e (0x051ea223) mem 0x80029ce4 0x07ffffef
core   0: 0x8000c112 (0x052ea423) sw      s2, 72(t4)
core   0: 3 0x8000c112 (0x052ea423) mem 0x80029ce8 0x00000000
core   0: 0x8000c116 (0x053ea623) sw      s3, 76(t4)
core   0: 3 0x8000c116 (0x053ea623) mem 0x80029cec 0x00000000
core   0: 0x8000c11a (0x054ea823) sw      s4, 80(t4)
core   0: 3 0x8000c11a (0x054ea823) mem 0x80029cf0 0x000006dd
core   0: 0x8000c11e (0x055eaa23) sw      s5, 84(t4)
core   0: 3 0x8000c11e (0x055eaa23) mem 0x80029cf4 0x00000000
core   0: 0x8000c122 (0x056eac23) sw      s6, 88(t4)
core   0: 3 0x8000c122 (0x056eac23) mem 0x80029cf8 0x00000000
core   0: 0x8000c126 (0x057eae23) sw      s7, 92(t4)
core   0: 3 0x8000c126 (0x057eae23) mem 0x80029cfc 0x00000000
core   0: 0x8000c12a (0x078ea023) sw      s8, 96(t4)
core   0: 3 0x8000c12a (0x078ea023) mem 0x80029d00 0x00000000
core   0: 0x8000c12e (0x079ea223) sw      s9, 100(t4)
core   0: 3 0x8000c12e (0x079ea223) mem 0x80029d04 0xfffffdfb
core   0: 0x8000c132 (0x07aea423) sw      s10, 104(t4)
core   0: 3 0x8000c132 (0x07aea423) mem 0x80029d08 0x000006dd
core   0: 0x8000c136 (0x07bea623) sw      s11, 108(t4)
core   0: 3 0x8000c136 (0x07bea623) mem 0x80029d0c 0x9f2ac000
core   0: 0x8000c13a (0x07cea823) sw      t3, 112(t4)
core   0: 3 0x8000c13a (0x07cea823) mem 0x80029d10 0x80029d20
core   0: 0x8000c13e (0x07deaa23) sw      t4, 116(t4)
core   0: 3 0x8000c13e (0x07deaa23) mem 0x80029d14 0x80029ca0
core   0: 0x8000c142 (0x07eeac23) sw      t5, 120(t4)
core   0: 3 0x8000c142 (0x07eeac23) mem 0x80029d18 0x69a22000
core   0: 0x8000c146 (0x07feae23) sw      t6, 124(t4)
core   0: 3 0x8000c146 (0x07feae23) mem 0x80029d1c 0xf0000000
core   0: 0x8000c14a (0x000e8e33) add     t3, t4, zero
core   0: 3 0x8000c14a (0x000e8e33) x28 0x80029ca0
core   0: 0x8000c14e (0x341027f3) csrr    a5, mepc
core   0: 3 0x8000c14e (0x341027f3) x15 0x8000a40c
core   0: 0x8000c152 (0x342027f3) csrr    a5, mcause
core   0: 3 0x8000c152 (0x342027f3) x15 0x0000000b
core   0: 0x8000c156 (0x0000448d) c.li    s1, 3
core   0: 3 0x8000c156 (0x448d) x9  0x00000003
core   0: 0x8000c158 (0x28978563) beq     a5, s1, pc + 650
core   0: 3 0x8000c158 (0x28978563)
core   0: 0x8000c15c (0x000044a1) c.li    s1, 8
core   0: 3 0x8000c15c (0x44a1) x9  0x00000008
core   0: 0x8000c15e (0x04978563) beq     a5, s1, pc + 74
core   0: 3 0x8000c15e (0x04978563)
core   0: 0x8000c162 (0x000044a5) c.li    s1, 9
core   0: 3 0x8000c162 (0x44a5) x9  0x00000009
core   0: 0x8000c164 (0x04978263) beq     a5, s1, pc + 68
core   0: 3 0x8000c164 (0x04978263)
core   0: 0x8000c168 (0x000044ad) c.li    s1, 11
core   0: 3 0x8000c168 (0x44ad) x9  0x0000000b
core   0: 0x8000c16a (0x02978f63) beq     a5, s1, pc + 62
core   0: 3 0x8000c16a (0x02978f63)
core   0: 0x8000c1a8 (0xffff4797) auipc   a5, 0xffff4
core   0: 3 0x8000c1a8 (0xffff4797) x15 0x800001a8
core   0: 0x8000c1ac (0xe5878793) addi    a5, a5, -424
core   0: 3 0x8000c1ac (0xe5878793) x15 0x80000000
core   0: 0x8000c1b0 (0x0007a023) sw      zero, 0(a5)
core   0: 3 0x8000c1b0 (0x0007a023) mem 0x80000000 0x00000000
core   0: 0x8000c1b4 (0x0017a223) sw      ra, 4(a5)
core   0: 3 0x8000c1b4 (0x0017a223) mem 0x80000004 0x00000000
core   0: 0x8000c1b8 (0x0027a423) sw      sp, 8(a5)
core   0: 3 0x8000c1b8 (0x0027a423) mem 0x80000008 0x56f7412e
core   0: 0x8000c1bc (0x0037a623) sw      gp, 12(a5)
core   0: 3 0x8000c1bc (0x0037a623) mem 0x8000000c 0x00000001
core   0: 0x8000c1c0 (0x0047a823) sw      tp, 16(a5)
core   0: 3 0x8000c1c0 (0x0047a823) mem 0x80000010 0xfffffde0
core   0: 0x8000c1c4 (0x0057aa23) sw      t0, 20(a5)
core   0: 3 0x8000c1c4 (0x0057aa23) mem 0x80000014 0x00000000
core   0: 0x8000c1c8 (0x0067ac23) sw      t1, 24(a5)
core   0: 3 0x8000c1c8 (0x0067ac23) mem 0x80000018 0x69122000
core   0: 0x8000c1cc (0x0077ae23) sw      t2, 28(a5)
core   0: 3 0x8000c1cc (0x0077ae23) mem 0x8000001c 0x00000001
core   0: 0x8000c1d0 (0x0000d380) c.sw    s0, 32(a5)
core   0: 3 0x8000c1d0 (0xd380) mem 0x80000020 0x8000a40a
core   0: 0x8000c1d2 (0x0000d3c4) c.sw    s1, 36(a5)
core   0: 3 0x8000c1d2 (0xd3c4) mem 0x80000024 0x0000000b
core   0: 0x8000c1d4 (0x0000d788) c.sw    a0, 40(a5)
core   0: 3 0x8000c1d4 (0xd788) mem 0x80000028 0x000000d4
core   0: 0x8000c1d6 (0x0000d7cc) c.sw    a1, 44(a5)
core   0: 3 0x8000c1d6 (0xd7cc) mem 0x8000002c 0x00000000
core   0: 0x8000c1d8 (0x0000db90) c.sw    a2, 48(a5)
core   0: 3 0x8000c1d8 (0xdb90) mem 0x80000030 0x00000004
core   0: 0x8000c1da (0x0000dbd4) c.sw    a3, 52(a5)
core   0: 3 0x8000c1da (0xdbd4) mem 0x80000034 0x58aec000
core   0: 0x8000c1dc (0x0000df98) c.sw    a4, 56(a5)
core   0: 3 0x8000c1dc (0xdf98) mem 0x80000038 0x00000000
core   0: 0x8000c1de (0x0000dfdc) c.sw    a5, 60(a5)
core   0: 3 0x8000c1de (0xdfdc) mem 0x8000003c 0x80000000
core   0: 0x8000c1e0 (0x0507a023) sw      a6, 64(a5)
core   0: 3 0x8000c1e0 (0x0507a023) mem 0x80000040 0x0040014e
core   0: 0x8000c1e4 (0x0517a223) sw      a7, 68(a5)
core   0: 3 0x8000c1e4 (0x0517a223) mem 0x80000044 0x07ffffef
core   0: 0x8000c1e8 (0x0527a423) sw      s2, 72(a5)
core   0: 3 0x8000c1e8 (0x0527a423) mem 0x80000048 0x00000000
core   0: 0x8000c1ec (0x0537a623) sw      s3, 76(a5)
core   0: 3 0x8000c1ec (0x0537a623) mem 0x8000004c 0x00000000
core   0: 0x8000c1f0 (0x0547a823) sw      s4, 80(a5)
core   0: 3 0x8000c1f0 (0x0547a823) mem 0x80000050 0x000006dd
core   0: 0x8000c1f4 (0x0557aa23) sw      s5, 84(a5)
core   0: 3 0x8000c1f4 (0x0557aa23) mem 0x80000054 0x00000000
core   0: 0x8000c1f8 (0x0567ac23) sw      s6, 88(a5)
core   0: 3 0x8000c1f8 (0x0567ac23) mem 0x80000058 0x00000000
core   0: 0x8000c1fc (0x0577ae23) sw      s7, 92(a5)
core   0: 3 0x8000c1fc (0x0577ae23) mem 0x8000005c 0x00000000
core   0: 0x8000c200 (0x0787a023) sw      s8, 96(a5)
core   0: 3 0x8000c200 (0x0787a023) mem 0x80000060 0x00000000
core   0: 0x8000c204 (0x0797a223) sw      s9, 100(a5)
core   0: 3 0x8000c204 (0x0797a223) mem 0x80000064 0xfffffdfb
core   0: 0x8000c208 (0x07a7a423) sw      s10, 104(a5)
core   0: 3 0x8000c208 (0x07a7a423) mem 0x80000068 0x000006dd
core   0: 0x8000c20c (0x07b7a623) sw      s11, 108(a5)
core   0: 3 0x8000c20c (0x07b7a623) mem 0x8000006c 0x9f2ac000
core   0: 0x8000c210 (0x07c7a823) sw      t3, 112(a5)
core   0: 3 0x8000c210 (0x07c7a823) mem 0x80000070 0x80029ca0
core   0: 0x8000c214 (0x07d7aa23) sw      t4, 116(a5)
core   0: 3 0x8000c214 (0x07d7aa23) mem 0x80000074 0x80029ca0
core   0: 0x8000c218 (0x07e7ac23) sw      t5, 120(a5)
core   0: 3 0x8000c218 (0x07e7ac23) mem 0x80000078 0x69a22000
core   0: 0x8000c21c (0x07f7ae23) sw      t6, 124(a5)
core   0: 3 0x8000c21c (0x07f7ae23) mem 0x8000007c 0xf0000000
core   0: 0x8000c220 (0xfffff417) auipc   s0, 0xfffff
core   0: 3 0x8000c220 (0xfffff417) x8  0x8000b220
core   0: 0x8000c224 (0x49e40413) addi    s0, s0, 1182
core   0: 3 0x8000c224 (0x49e40413) x8  0x8000b6be
core   0: 0x8000c228 (0x00040067) jr      s0
core   0: 3 0x8000c228 (0x00040067)
core   0: 0x8000b6be (0x00005f17) auipc   t5, 0x5
core   0: 3 0x8000b6be (0x00005f17) x30 0x800106be
core   0: 0x8000b6c2 (0x943f2123) sw      gp, -1726(t5)
core   0: 3 0x8000b6c2 (0x943f2123) mem 0x80010000 0x00000001
core   0: 0x8000b6c6 (0x0000bfe5) c.j     pc - 8
core   0: 3 0x8000b6c6 (0xbfe5)
core   0: 0x8000b6be (0x00005f17) auipc   t5, 0x5
core   0: 3 0x8000b6be (0x00005f17) x30 0x800106be
core   0: 0x8000b6c2 (0x943f2123) sw      gp, -1726(t5)
core   0: 3 0x8000b6c2 (0x943f2123) mem 0x80010000 0x00000001
core   0: 0x8000b6c6 (0x0000bfe5) c.j     pc - 8
core   0: 3 0x8000b6c6 (0xbfe5)
core   0: 0x8000b6be (0x00005f17) auipc   t5, 0x5
core   0: 3 0x8000b6be (0x00005f17) x30 0x800106be
core   0: 0x8000b6c2 (0x943f2123) sw      gp, -1726(t5)
core   0: 3 0x8000b6c2 (0x943f2123) mem 0x80010000 0x00000001
core   0: 0x8000b6c6 (0x0000bfe5) c.j     pc - 8
core   0: 3 0x8000b6c6 (0xbfe5)
core   0: 0x8000b6be (0x00005f17) auipc   t5, 0x5
core   0: 3 0x8000b6be (0x00005f17) x30 0x800106be
core   0: 0x8000b6c2 (0x943f2123) sw      gp, -1726(t5)
core   0: 3 0x8000b6c2 (0x943f2123) mem 0x80010000 0x00000001
core   0: 0x8000b6c6 (0x0000bfe5) c.j     pc - 8
core   0: 3 0x8000b6c6 (0xbfe5)
core   0: 0x8000b6be (0x00005f17) auipc   t5, 0x5
core   0: 3 0x8000b6be (0x00005f17) x30 0x800106be
core   0: 0x8000b6c2 (0x943f2123) sw      gp, -1726(t5)
core   0: 3 0x8000b6c2 (0x943f2123) mem 0x80010000 0x00000001
core   0: 0x8000b6c6 (0x0000bfe5) c.j     pc - 8
core   0: 3 0x8000b6c6 (0xbfe5)
core   0: 0x8000b6be (0x00005f17) auipc   t5, 0x5
core   0: 3 0x8000b6be (0x00005f17) x30 0x800106be
core   0: 0x8000b6c2 (0x943f2123) sw      gp, -1726(t5)
core   0: 3 0x8000b6c2 (0x943f2123) mem 0x80010000 0x00000001
core   0: 0x8000b6c6 (0x0000bfe5) c.j     pc - 8
core   0: 3 0x8000b6c6 (0xbfe5)
core   0: 0x8000b6be (0x00005f17) auipc   t5, 0x5
core   0: 3 0x8000b6be (0x00005f17) x30 0x800106be
core   0: 0x8000b6c2 (0x943f2123) sw      gp, -1726(t5)
core   0: 3 0x8000b6c2 (0x943f2123) mem 0x80010000 0x00000001
core   0: 0x8000b6c6 (0x0000bfe5) c.j     pc - 8
core   0: 3 0x8000b6c6 (0xbfe5)
core   0: 0x8000b6be (0x00005f17) auipc   t5, 0x5
core   0: 3 0x8000b6be (0x00005f17) x30 0x800106be
core   0: 0x8000b6c2 (0x943f2123) sw      gp, -1726(t5)
core   0: 3 0x8000b6c2 (0x943f2123) mem 0x80010000 0x00000001
core   0: 0x8000b6c6 (0x0000bfe5) c.j     pc - 8
core   0: 3 0x8000b6c6 (0xbfe5)
core   0: 0x8000b6be (0x00005f17) auipc   t5, 0x5
core   0: 3 0x8000b6be (0x00005f17) x30 0x800106be
core   0: 0x8000b6c2 (0x943f2123) sw      gp, -1726(t5)
core   0: 3 0x8000b6c2 (0x943f2123) mem 0x80010000 0x00000001
core   0: 0x8000b6c6 (0x0000bfe5) c.j     pc - 8
core   0: 3 0x8000b6c6 (0xbfe5)
core   0: 0x8000b6be (0x00005f17) auipc   t5, 0x5
core   0: 3 0x8000b6be (0x00005f17) x30 0x800106be
core   0: 0x8000b6c2 (0x943f2123) sw      gp, -1726(t5)
core   0: 3 0x8000b6c2 (0x943f2123) mem 0x80010000 0x00000001
core   0: 0x8000b6c6 (0x0000bfe5) c.j     pc - 8
core   0: 3 0x8000b6c6 (0xbfe5)
core   0: 0x8000b6be (0x00005f17) auipc   t5, 0x5
core   0: 3 0x8000b6be (0x00005f17) x30 0x800106be
core   0: 0x8000b6c2 (0x943f2123) sw      gp, -1726(t5)
core   0: 3 0x8000b6c2 (0x943f2123) mem 0x80010000 0x00000001
core   0: 0x8000b6c6 (0x0000bfe5) c.j     pc - 8
core   0: 3 0x8000b6c6 (0xbfe5)
core   0: 0x8000b6be (0x00005f17) auipc   t5, 0x5
core   0: 3 0x8000b6be (0x00005f17) x30 0x800106be
core   0: 0x8000b6c2 (0x943f2123) sw      gp, -1726(t5)
core   0: 3 0x8000b6c2 (0x943f2123) mem 0x80010000 0x00000001
core   0: 0x8000b6c6 (0x0000bfe5) c.j     pc - 8
core   0: 3 0x8000b6c6 (0xbfe5)
core   0: 0x8000b6be (0x00005f17) auipc   t5, 0x5
core   0: 3 0x8000b6be (0x00005f17) x30 0x800106be
core   0: 0x8000b6c2 (0x943f2123) sw      gp, -1726(t5)
core   0: 3 0x8000b6c2 (0x943f2123) mem 0x80010000 0x00000001
core   0: 0x8000b6c6 (0x0000bfe5) c.j     pc - 8
core   0: 3 0x8000b6c6 (0xbfe5)
core   0: 0x8000b6be (0x00005f17) auipc   t5, 0x5
core   0: 3 0x8000b6be (0x00005f17) x30 0x800106be
core   0: 0x8000b6c2 (0x943f2123) sw      gp, -1726(t5)
core   0: 3 0x8000b6c2 (0x943f2123) mem 0x80010000 0x00000001
core   0: 0x8000b6c6 (0x0000bfe5) c.j     pc - 8
core   0: 3 0x8000b6c6 (0xbfe5)
core   0: 0x8000b6be (0x00005f17) auipc   t5, 0x5
core   0: 3 0x8000b6be (0x00005f17) x30 0x800106be
core   0: 0x8000b6c2 (0x943f2123) sw      gp, -1726(t5)
core   0: 3 0x8000b6c2 (0x943f2123) mem 0x80010000 0x00000001
core   0: 0x8000b6c6 (0x0000bfe5) c.j     pc - 8
core   0: 3 0x8000b6c6 (0xbfe5)
core   0: 0x8000b6be (0x00005f17) auipc   t5, 0x5
core   0: 3 0x8000b6be (0x00005f17) x30 0x800106be
core   0: 0x8000b6c2 (0x943f2123) sw      gp, -1726(t5)
core   0: 3 0x8000b6c2 (0x943f2123) mem 0x80010000 0x00000001
core   0: 0x8000b6c6 (0x0000bfe5) c.j     pc - 8
core   0: 3 0x8000b6c6 (0xbfe5)
core   0: 0x8000b6be (0x00005f17) auipc   t5, 0x5
core   0: 3 0x8000b6be (0x00005f17) x30 0x800106be
core   0: 0x8000b6c2 (0x943f2123) sw      gp, -1726(t5)
core   0: 3 0x8000b6c2 (0x943f2123) mem 0x80010000 0x00000001
core   0: 0x8000b6c6 (0x0000bfe5) c.j     pc - 8
core   0: 3 0x8000b6c6 (0xbfe5)
core   0: 0x8000b6be (0x00005f17) auipc   t5, 0x5
core   0: 3 0x8000b6be (0x00005f17) x30 0x800106be
core   0: 0x8000b6c2 (0x943f2123) sw      gp, -1726(t5)
core   0: 3 0x8000b6c2 (0x943f2123) mem 0x80010000 0x00000001
core   0: 0x8000b6c6 (0x0000bfe5) c.j     pc - 8
core   0: 3 0x8000b6c6 (0xbfe5)
core   0: 0x8000b6be (0x00005f17) auipc   t5, 0x5
core   0: 3 0x8000b6be (0x00005f17) x30 0x800106be
core   0: 0x8000b6c2 (0x943f2123) sw      gp, -1726(t5)
core   0: 3 0x8000b6c2 (0x943f2123) mem 0x80010000 0x00000001
core   0: 0x8000b6c6 (0x0000bfe5) c.j     pc - 8
core   0: 3 0x8000b6c6 (0xbfe5)
core   0: 0x8000b6be (0x00005f17) auipc   t5, 0x5
core   0: 3 0x8000b6be (0x00005f17) x30 0x800106be
core   0: 0x8000b6c2 (0x943f2123) sw      gp, -1726(t5)
core   0: 3 0x8000b6c2 (0x943f2123) mem 0x80010000 0x00000001
core   0: 0x8000b6c6 (0x0000bfe5) c.j     pc - 8
core   0: 3 0x8000b6c6 (0xbfe5)
core   0: 0x8000b6be (0x00005f17) auipc   t5, 0x5
core   0: 3 0x8000b6be (0x00005f17) x30 0x800106be
core   0: 0x8000b6c2 (0x943f2123) sw      gp, -1726(t5)
core   0: 3 0x8000b6c2 (0x943f2123) mem 0x80010000 0x00000001
core   0: 0x8000b6c6 (0x0000bfe5) c.j     pc - 8
core   0: 3 0x8000b6c6 (0xbfe5)
core   0: 0x8000b6be (0x00005f17) auipc   t5, 0x5
core   0: 3 0x8000b6be (0x00005f17) x30 0x800106be
core   0: 0x8000b6c2 (0x943f2123) sw      gp, -1726(t5)
core   0: 3 0x8000b6c2 (0x943f2123) mem 0x80010000 0x00000001
core   0: 0x8000b6c6 (0x0000bfe5) c.j     pc - 8
core   0: 3 0x8000b6c6 (0xbfe5)
core   0: 0x8000b6be (0x00005f17) auipc   t5, 0x5
core   0: 3 0x8000b6be (0x00005f17) x30 0x800106be
core   0: 0x8000b6c2 (0x943f2123) sw      gp, -1726(t5)
core   0: 3 0x8000b6c2 (0x943f2123) mem 0x80010000 0x00000001
core   0: 0x8000b6c6 (0x0000bfe5) c.j     pc - 8
core   0: 3 0x8000b6c6 (0xbfe5)
core   0: 0x8000b6be (0x00005f17) auipc   t5, 0x5
core   0: 3 0x8000b6be (0x00005f17) x30 0x800106be
core   0: 0x8000b6c2 (0x943f2123) sw      gp, -1726(t5)
core   0: 3 0x8000b6c2 (0x943f2123) mem 0x80010000 0x00000001
core   0: 0x8000b6c6 (0x0000bfe5) c.j     pc - 8
core   0: 3 0x8000b6c6 (0xbfe5)
core   0: 0x8000b6be (0x00005f17) auipc   t5, 0x5
core   0: 3 0x8000b6be (0x00005f17) x30 0x800106be
core   0: 0x8000b6c2 (0x943f2123) sw      gp, -1726(t5)
core   0: 3 0x8000b6c2 (0x943f2123) mem 0x80010000 0x00000001
core   0: 0x8000b6c6 (0x0000bfe5) c.j     pc - 8
core   0: 3 0x8000b6c6 (0xbfe5)
core   0: 0x8000b6be (0x00005f17) auipc   t5, 0x5
core   0: 3 0x8000b6be (0x00005f17) x30 0x800106be
core   0: 0x8000b6c2 (0x943f2123) sw      gp, -1726(t5)
core   0: 3 0x8000b6c2 (0x943f2123) mem 0x80010000 0x00000001
core   0: 0x8000b6c6 (0x0000bfe5) c.j     pc - 8
core   0: 3 0x8000b6c6 (0xbfe5)
core   0: 0x8000b6be (0x00005f17) auipc   t5, 0x5
core   0: 3 0x8000b6be (0x00005f17) x30 0x800106be
core   0: 0x8000b6c2 (0x943f2123) sw      gp, -1726(t5)
core   0: 3 0x8000b6c2 (0x943f2123) mem 0x80010000 0x00000001
core   0: 0x8000b6c6 (0x0000bfe5) c.j     pc - 8
core   0: 3 0x8000b6c6 (0xbfe5)
core   0: 0x8000b6be (0x00005f17) auipc   t5, 0x5
core   0: 3 0x8000b6be (0x00005f17) x30 0x800106be
core   0: 0x8000b6c2 (0x943f2123) sw      gp, -1726(t5)
core   0: 3 0x8000b6c2 (0x943f2123) mem 0x80010000 0x00000001
core   0: 0x8000b6c6 (0x0000bfe5) c.j     pc - 8
core   0: 3 0x8000b6c6 (0xbfe5)
core   0: 0x8000b6be (0x00005f17) auipc   t5, 0x5
core   0: 3 0x8000b6be (0x00005f17) x30 0x800106be
core   0: 0x8000b6c2 (0x943f2123) sw      gp, -1726(t5)
core   0: 3 0x8000b6c2 (0x943f2123) mem 0x80010000 0x00000001
core   0: 0x8000b6c6 (0x0000bfe5) c.j     pc - 8
core   0: 3 0x8000b6c6 (0xbfe5)
core   0: 0x8000b6be (0x00005f17) auipc   t5, 0x5
core   0: 3 0x8000b6be (0x00005f17) x30 0x800106be
core   0: 0x8000b6c2 (0x943f2123) sw      gp, -1726(t5)
core   0: 3 0x8000b6c2 (0x943f2123) mem 0x80010000 0x00000001
core   0: 0x8000b6c6 (0x0000bfe5) c.j     pc - 8
core   0: 3 0x8000b6c6 (0xbfe5)
core   0: 0x8000b6be (0x00005f17) auipc   t5, 0x5
core   0: 3 0x8000b6be (0x00005f17) x30 0x800106be
core   0: 0x8000b6c2 (0x943f2123) sw      gp, -1726(t5)
core   0: 3 0x8000b6c2 (0x943f2123) mem 0x80010000 0x00000001
core   0: 0x8000b6c6 (0x0000bfe5) c.j     pc - 8
core   0: 3 0x8000b6c6 (0xbfe5)
core   0: 0x8000b6be (0x00005f17) auipc   t5, 0x5
core   0: 3 0x8000b6be (0x00005f17) x30 0x800106be
core   0: 0x8000b6c2 (0x943f2123) sw      gp, -1726(t5)
core   0: 3 0x8000b6c2 (0x943f2123) mem 0x80010000 0x00000001
core   0: 0x8000b6c6 (0x0000bfe5) c.j     pc - 8
core   0: 3 0x8000b6c6 (0xbfe5)
core   0: 0x8000b6be (0x00005f17) auipc   t5, 0x5
core   0: 3 0x8000b6be (0x00005f17) x30 0x800106be
core   0: 0x8000b6c2 (0x943f2123) sw      gp, -1726(t5)
core   0: 3 0x8000b6c2 (0x943f2123) mem 0x80010000 0x00000001
core   0: 0x8000b6c6 (0x0000bfe5) c.j     pc - 8
core   0: 3 0x8000b6c6 (0xbfe5)
core   0: 0x8000b6be (0x00005f17) auipc   t5, 0x5
core   0: 3 0x8000b6be (0x00005f17) x30 0x800106be
core   0: 0x8000b6c2 (0x943f2123) sw      gp, -1726(t5)
core   0: 3 0x8000b6c2 (0x943f2123) mem 0x80010000 0x00000001
core   0: 0x8000b6c6 (0x0000bfe5) c.j     pc - 8
core   0: 3 0x8000b6c6 (0xbfe5)
core   0: 0x8000b6be (0x00005f17) auipc   t5, 0x5
core   0: 3 0x8000b6be (0x00005f17) x30 0x800106be
core   0: 0x8000b6c2 (0x943f2123) sw      gp, -1726(t5)
core   0: 3 0x8000b6c2 (0x943f2123) mem 0x80010000 0x00000001
core   0: 0x8000b6c6 (0x0000bfe5) c.j     pc - 8
core   0: 3 0x8000b6c6 (0xbfe5)
core   0: 0x8000b6be (0x00005f17) auipc   t5, 0x5
core   0: 3 0x8000b6be (0x00005f17) x30 0x800106be
core   0: 0x8000b6c2 (0x943f2123) sw      gp, -1726(t5)
core   0: 3 0x8000b6c2 (0x943f2123) mem 0x80010000 0x00000001
core   0: 0x8000b6c6 (0x0000bfe5) c.j     pc - 8
core   0: 3 0x8000b6c6 (0xbfe5)
core   0: 0x8000b6be (0x00005f17) auipc   t5, 0x5
core   0: 3 0x8000b6be (0x00005f17) x30 0x800106be
core   0: 0x8000b6c2 (0x943f2123) sw      gp, -1726(t5)
core   0: 3 0x8000b6c2 (0x943f2123) mem 0x80010000 0x00000001
core   0: 0x8000b6c6 (0x0000bfe5) c.j     pc - 8
core   0: 3 0x8000b6c6 (0xbfe5)
core   0: 0x8000b6be (0x00005f17) auipc   t5, 0x5
core   0: 3 0x8000b6be (0x00005f17) x30 0x800106be
core   0: 0x8000b6c2 (0x943f2123) sw      gp, -1726(t5)
core   0: 3 0x8000b6c2 (0x943f2123) mem 0x80010000 0x00000001
core   0: 0x8000b6c6 (0x0000bfe5) c.j     pc - 8
core   0: 3 0x8000b6c6 (0xbfe5)
core   0: 0x8000b6be (0x00005f17) auipc   t5, 0x5
core   0: 3 0x8000b6be (0x00005f17) x30 0x800106be
core   0: 0x8000b6c2 (0x943f2123) sw      gp, -1726(t5)
core   0: 3 0x8000b6c2 (0x943f2123) mem 0x80010000 0x00000001
core   0: 0x8000b6c6 (0x0000bfe5) c.j     pc - 8
core   0: 3 0x8000b6c6 (0xbfe5)
core   0: 0x8000b6be (0x00005f17) auipc   t5, 0x5
core   0: 3 0x8000b6be (0x00005f17) x30 0x800106be
core   0: 0x8000b6c2 (0x943f2123) sw      gp, -1726(t5)
core   0: 3 0x8000b6c2 (0x943f2123) mem 0x80010000 0x00000001
core   0: 0x8000b6c6 (0x0000bfe5) c.j     pc - 8
core   0: 3 0x8000b6c6 (0xbfe5)
core   0: 0x8000b6be (0x00005f17) auipc   t5, 0x5
core   0: 3 0x8000b6be (0x00005f17) x30 0x800106be
core   0: 0x8000b6c2 (0x943f2123) sw      gp, -1726(t5)
core   0: 3 0x8000b6c2 (0x943f2123) mem 0x80010000 0x00000001
core   0: 0x8000b6c6 (0x0000bfe5) c.j     pc - 8
core   0: 3 0x8000b6c6 (0xbfe5)
core   0: 0x8000b6be (0x00005f17) auipc   t5, 0x5
core   0: 3 0x8000b6be (0x00005f17) x30 0x800106be
core   0: 0x8000b6c2 (0x943f2123) sw      gp, -1726(t5)
core   0: 3 0x8000b6c2 (0x943f2123) mem 0x80010000 0x00000001
core   0: 0x8000b6c6 (0x0000bfe5) c.j     pc - 8
core   0: 3 0x8000b6c6 (0xbfe5)
core   0: 0x8000b6be (0x00005f17) auipc   t5, 0x5
core   0: 3 0x8000b6be (0x00005f17) x30 0x800106be
core   0: 0x8000b6c2 (0x943f2123) sw      gp, -1726(t5)
core   0: 3 0x8000b6c2 (0x943f2123) mem 0x80010000 0x00000001
core   0: 0x8000b6c6 (0x0000bfe5) c.j     pc - 8
core   0: 3 0x8000b6c6 (0xbfe5)
core   0: 0x8000b6be (0x00005f17) auipc   t5, 0x5
core   0: 3 0x8000b6be (0x00005f17) x30 0x800106be
core   0: 0x8000b6c2 (0x943f2123) sw      gp, -1726(t5)
core   0: 3 0x8000b6c2 (0x943f2123) mem 0x80010000 0x00000001
core   0: 0x8000b6c6 (0x0000bfe5) c.j     pc - 8
core   0: 3 0x8000b6c6 (0xbfe5)
core   0: 0x8000b6be (0x00005f17) auipc   t5, 0x5
core   0: 3 0x8000b6be (0x00005f17) x30 0x800106be
core   0: 0x8000b6c2 (0x943f2123) sw      gp, -1726(t5)
core   0: 3 0x8000b6c2 (0x943f2123) mem 0x80010000 0x00000001
core   0: 0x8000b6c6 (0x0000bfe5) c.j     pc - 8
core   0: 3 0x8000b6c6 (0xbfe5)
core   0: 0x8000b6be (0x00005f17) auipc   t5, 0x5
core   0: 3 0x8000b6be (0x00005f17) x30 0x800106be
core   0: 0x8000b6c2 (0x943f2123) sw      gp, -1726(t5)
core   0: 3 0x8000b6c2 (0x943f2123) mem 0x80010000 0x00000001
core   0: 0x8000b6c6 (0x0000bfe5) c.j     pc - 8
core   0: 3 0x8000b6c6 (0xbfe5)
core   0: 0x8000b6be (0x00005f17) auipc   t5, 0x5
core   0: 3 0x8000b6be (0x00005f17) x30 0x800106be
core   0: 0x8000b6c2 (0x943f2123) sw      gp, -1726(t5)
core   0: 3 0x8000b6c2 (0x943f2123) mem 0x80010000 0x00000001
core   0: 0x8000b6c6 (0x0000bfe5) c.j     pc - 8
core   0: 3 0x8000b6c6 (0xbfe5)
core   0: 0x8000b6be (0x00005f17) auipc   t5, 0x5
core   0: 3 0x8000b6be (0x00005f17) x30 0x800106be
core   0: 0x8000b6c2 (0x943f2123) sw      gp, -1726(t5)
core   0: 3 0x8000b6c2 (0x943f2123) mem 0x80010000 0x00000001
core   0: 0x8000b6c6 (0x0000bfe5) c.j     pc - 8
core   0: 3 0x8000b6c6 (0xbfe5)
core   0: 0x8000b6be (0x00005f17) auipc   t5, 0x5
core   0: 3 0x8000b6be (0x00005f17) x30 0x800106be
core   0: 0x8000b6c2 (0x943f2123) sw      gp, -1726(t5)
core   0: 3 0x8000b6c2 (0x943f2123) mem 0x80010000 0x00000001
core   0: 0x8000b6c6 (0x0000bfe5) c.j     pc - 8
core   0: 3 0x8000b6c6 (0xbfe5)
core   0: 0x8000b6be (0x00005f17) auipc   t5, 0x5
core   0: 3 0x8000b6be (0x00005f17) x30 0x800106be
core   0: 0x8000b6c2 (0x943f2123) sw      gp, -1726(t5)
core   0: 3 0x8000b6c2 (0x943f2123) mem 0x80010000 0x00000001
core   0: 0x8000b6c6 (0x0000bfe5) c.j     pc - 8
core   0: 3 0x8000b6c6 (0xbfe5)
core   0: 0x8000b6be (0x00005f17) auipc   t5, 0x5
core   0: 3 0x8000b6be (0x00005f17) x30 0x800106be
core   0: 0x8000b6c2 (0x943f2123) sw      gp, -1726(t5)
core   0: 3 0x8000b6c2 (0x943f2123) mem 0x80010000 0x00000001
core   0: 0x8000b6c6 (0x0000bfe5) c.j     pc - 8
core   0: 3 0x8000b6c6 (0xbfe5)
core   0: 0x8000b6be (0x00005f17) auipc   t5, 0x5
core   0: 3 0x8000b6be (0x00005f17) x30 0x800106be
core   0: 0x8000b6c2 (0x943f2123) sw      gp, -1726(t5)
core   0: 3 0x8000b6c2 (0x943f2123) mem 0x80010000 0x00000001
core   0: 0x8000b6c6 (0x0000bfe5) c.j     pc - 8
core   0: 3 0x8000b6c6 (0xbfe5)
core   0: 0x8000b6be (0x00005f17) auipc   t5, 0x5
core   0: 3 0x8000b6be (0x00005f17) x30 0x800106be
core   0: 0x8000b6c2 (0x943f2123) sw      gp, -1726(t5)
core   0: 3 0x8000b6c2 (0x943f2123) mem 0x80010000 0x00000001
core   0: 0x8000b6c6 (0x0000bfe5) c.j     pc - 8
core   0: 3 0x8000b6c6 (0xbfe5)
core   0: 0x8000b6be (0x00005f17) auipc   t5, 0x5
core   0: 3 0x8000b6be (0x00005f17) x30 0x800106be
core   0: 0x8000b6c2 (0x943f2123) sw      gp, -1726(t5)
core   0: 3 0x8000b6c2 (0x943f2123) mem 0x80010000 0x00000001
core   0: 0x8000b6c6 (0x0000bfe5) c.j     pc - 8
core   0: 3 0x8000b6c6 (0xbfe5)
core   0: 0x8000b6be (0x00005f17) auipc   t5, 0x5
core   0: 3 0x8000b6be (0x00005f17) x30 0x800106be
core   0: 0x8000b6c2 (0x943f2123) sw      gp, -1726(t5)
core   0: 3 0x8000b6c2 (0x943f2123) mem 0x80010000 0x00000001
core   0: 0x8000b6c6 (0x0000bfe5) c.j     pc - 8
core   0: 3 0x8000b6c6 (0xbfe5)
core   0: 0x8000b6be (0x00005f17) auipc   t5, 0x5
core   0: 3 0x8000b6be (0x00005f17) x30 0x800106be
core   0: 0x8000b6c2 (0x943f2123) sw      gp, -1726(t5)
core   0: 3 0x8000b6c2 (0x943f2123) mem 0x80010000 0x00000001
core   0: 0x8000b6c6 (0x0000bfe5) c.j     pc - 8
core   0: 3 0x8000b6c6 (0xbfe5)
core   0: 0x8000b6be (0x00005f17) auipc   t5, 0x5
core   0: 3 0x8000b6be (0x00005f17) x30 0x800106be
core   0: 0x8000b6c2 (0x943f2123) sw      gp, -1726(t5)
core   0: 3 0x8000b6c2 (0x943f2123) mem 0x80010000 0x00000001
core   0: 0x8000b6c6 (0x0000bfe5) c.j     pc - 8
core   0: 3 0x8000b6c6 (0xbfe5)
core   0: 0x8000b6be (0x00005f17) auipc   t5, 0x5
core   0: 3 0x8000b6be (0x00005f17) x30 0x800106be
core   0: 0x8000b6c2 (0x943f2123) sw      gp, -1726(t5)
core   0: 3 0x8000b6c2 (0x943f2123) mem 0x80010000 0x00000001
core   0: 0x8000b6c6 (0x0000bfe5) c.j     pc - 8
core   0: 3 0x8000b6c6 (0xbfe5)
core   0: 0x8000b6be (0x00005f17) auipc   t5, 0x5
core   0: 3 0x8000b6be (0x00005f17) x30 0x800106be
core   0: 0x8000b6c2 (0x943f2123) sw      gp, -1726(t5)
core   0: 3 0x8000b6c2 (0x943f2123) mem 0x80010000 0x00000001
core   0: 0x8000b6c6 (0x0000bfe5) c.j     pc - 8
core   0: 3 0x8000b6c6 (0xbfe5)
core   0: 0x8000b6be (0x00005f17) auipc   t5, 0x5
core   0: 3 0x8000b6be (0x00005f17) x30 0x800106be
core   0: 0x8000b6c2 (0x943f2123) sw      gp, -1726(t5)
core   0: 3 0x8000b6c2 (0x943f2123) mem 0x80010000 0x00000001
core   0: 0x8000b6c6 (0x0000bfe5) c.j     pc - 8
core   0: 3 0x8000b6c6 (0xbfe5)
core   0: 0x8000b6be (0x00005f17) auipc   t5, 0x5
core   0: 3 0x8000b6be (0x00005f17) x30 0x800106be
core   0: 0x8000b6c2 (0x943f2123) sw      gp, -1726(t5)
core   0: 3 0x8000b6c2 (0x943f2123) mem 0x80010000 0x00000001
core   0: 0x8000b6c6 (0x0000bfe5) c.j     pc - 8
core   0: 3 0x8000b6c6 (0xbfe5)
core   0: 0x8000b6be (0x00005f17) auipc   t5, 0x5
core   0: 3 0x8000b6be (0x00005f17) x30 0x800106be
core   0: 0x8000b6c2 (0x943f2123) sw      gp, -1726(t5)
core   0: 3 0x8000b6c2 (0x943f2123) mem 0x80010000 0x00000001
core   0: 0x8000b6c6 (0x0000bfe5) c.j     pc - 8
core   0: 3 0x8000b6c6 (0xbfe5)
core   0: 0x8000b6be (0x00005f17) auipc   t5, 0x5
core   0: 3 0x8000b6be (0x00005f17) x30 0x800106be
core   0: 0x8000b6c2 (0x943f2123) sw      gp, -1726(t5)
core   0: 3 0x8000b6c2 (0x943f2123) mem 0x80010000 0x00000001
core   0: 0x8000b6c6 (0x0000bfe5) c.j     pc - 8
core   0: 3 0x8000b6c6 (0xbfe5)
core   0: 0x8000b6be (0x00005f17) auipc   t5, 0x5
core   0: 3 0x8000b6be (0x00005f17) x30 0x800106be
core   0: 0x8000b6c2 (0x943f2123) sw      gp, -1726(t5)
core   0: 3 0x8000b6c2 (0x943f2123) mem 0x80010000 0x00000001
core   0: 0x8000b6c6 (0x0000bfe5) c.j     pc - 8
core   0: 3 0x8000b6c6 (0xbfe5)
core   0: 0x8000b6be (0x00005f17) auipc   t5, 0x5
core   0: 3 0x8000b6be (0x00005f17) x30 0x800106be
core   0: 0x8000b6c2 (0x943f2123) sw      gp, -1726(t5)
core   0: 3 0x8000b6c2 (0x943f2123) mem 0x80010000 0x00000001
core   0: 0x8000b6c6 (0x0000bfe5) c.j     pc - 8
core   0: 3 0x8000b6c6 (0xbfe5)
core   0: 0x8000b6be (0x00005f17) auipc   t5, 0x5
core   0: 3 0x8000b6be (0x00005f17) x30 0x800106be
core   0: 0x8000b6c2 (0x943f2123) sw      gp, -1726(t5)
core   0: 3 0x8000b6c2 (0x943f2123) mem 0x80010000 0x00000001
core   0: 0x8000b6c6 (0x0000bfe5) c.j     pc - 8
core   0: 3 0x8000b6c6 (0xbfe5)
core   0: 0x8000b6be (0x00005f17) auipc   t5, 0x5
core   0: 3 0x8000b6be (0x00005f17) x30 0x800106be
core   0: 0x8000b6c2 (0x943f2123) sw      gp, -1726(t5)
core   0: 3 0x8000b6c2 (0x943f2123) mem 0x80010000 0x00000001
core   0: 0x8000b6c6 (0x0000bfe5) c.j     pc - 8
core   0: 3 0x8000b6c6 (0xbfe5)
core   0: 0x8000b6be (0x00005f17) auipc   t5, 0x5
core   0: 3 0x8000b6be (0x00005f17) x30 0x800106be
core   0: 0x8000b6c2 (0x943f2123) sw      gp, -1726(t5)
core   0: 3 0x8000b6c2 (0x943f2123) mem 0x80010000 0x00000001
core   0: 0x8000b6c6 (0x0000bfe5) c.j     pc - 8
core   0: 3 0x8000b6c6 (0xbfe5)
core   0: 0x8000b6be (0x00005f17) auipc   t5, 0x5
core   0: 3 0x8000b6be (0x00005f17) x30 0x800106be
core   0: 0x8000b6c2 (0x943f2123) sw      gp, -1726(t5)
core   0: 3 0x8000b6c2 (0x943f2123) mem 0x80010000 0x00000001
core   0: 0x8000b6c6 (0x0000bfe5) c.j     pc - 8
core   0: 3 0x8000b6c6 (0xbfe5)
core   0: 0x8000b6be (0x00005f17) auipc   t5, 0x5
core   0: 3 0x8000b6be (0x00005f17) x30 0x800106be
core   0: 0x8000b6c2 (0x943f2123) sw      gp, -1726(t5)
core   0: 3 0x8000b6c2 (0x943f2123) mem 0x80010000 0x00000001
core   0: 0x8000b6c6 (0x0000bfe5) c.j     pc - 8
core   0: 3 0x8000b6c6 (0xbfe5)
core   0: 0x8000b6be (0x00005f17) auipc   t5, 0x5
core   0: 3 0x8000b6be (0x00005f17) x30 0x800106be
core   0: 0x8000b6c2 (0x943f2123) sw      gp, -1726(t5)
core   0: 3 0x8000b6c2 (0x943f2123) mem 0x80010000 0x00000001
core   0: 0x8000b6c6 (0x0000bfe5) c.j     pc - 8
core   0: 3 0x8000b6c6 (0xbfe5)
core   0: 0x8000b6be (0x00005f17) auipc   t5, 0x5
core   0: 3 0x8000b6be (0x00005f17) x30 0x800106be
core   0: 0x8000b6c2 (0x943f2123) sw      gp, -1726(t5)
core   0: 3 0x8000b6c2 (0x943f2123) mem 0x80010000 0x00000001
core   0: 0x8000b6c6 (0x0000bfe5) c.j     pc - 8
core   0: 3 0x8000b6c6 (0xbfe5)
core   0: 0x8000b6be (0x00005f17) auipc   t5, 0x5
core   0: 3 0x8000b6be (0x00005f17) x30 0x800106be
core   0: 0x8000b6c2 (0x943f2123) sw      gp, -1726(t5)
core   0: 3 0x8000b6c2 (0x943f2123) mem 0x80010000 0x00000001
core   0: 0x8000b6c6 (0x0000bfe5) c.j     pc - 8
core   0: 3 0x8000b6c6 (0xbfe5)
core   0: 0x8000b6be (0x00005f17) auipc   t5, 0x5
core   0: 3 0x8000b6be (0x00005f17) x30 0x800106be
core   0: 0x8000b6c2 (0x943f2123) sw      gp, -1726(t5)
core   0: 3 0x8000b6c2 (0x943f2123) mem 0x80010000 0x00000001
core   0: 0x8000b6c6 (0x0000bfe5) c.j     pc - 8
core   0: 3 0x8000b6c6 (0xbfe5)
core   0: 0x8000b6be (0x00005f17) auipc   t5, 0x5
core   0: 3 0x8000b6be (0x00005f17) x30 0x800106be
core   0: 0x8000b6c2 (0x943f2123) sw      gp, -1726(t5)
core   0: 3 0x8000b6c2 (0x943f2123) mem 0x80010000 0x00000001
core   0: 0x8000b6c6 (0x0000bfe5) c.j     pc - 8
core   0: 3 0x8000b6c6 (0xbfe5)
core   0: 0x8000b6be (0x00005f17) auipc   t5, 0x5
core   0: 3 0x8000b6be (0x00005f17) x30 0x800106be
core   0: 0x8000b6c2 (0x943f2123) sw      gp, -1726(t5)
core   0: 3 0x8000b6c2 (0x943f2123) mem 0x80010000 0x00000001
core   0: 0x8000b6c6 (0x0000bfe5) c.j     pc - 8
core   0: 3 0x8000b6c6 (0xbfe5)
core   0: 0x8000b6be (0x00005f17) auipc   t5, 0x5
core   0: 3 0x8000b6be (0x00005f17) x30 0x800106be
core   0: 0x8000b6c2 (0x943f2123) sw      gp, -1726(t5)
core   0: 3 0x8000b6c2 (0x943f2123) mem 0x80010000 0x00000001
core   0: 0x8000b6c6 (0x0000bfe5) c.j     pc - 8
core   0: 3 0x8000b6c6 (0xbfe5)
core   0: 0x8000b6be (0x00005f17) auipc   t5, 0x5
core   0: 3 0x8000b6be (0x00005f17) x30 0x800106be
core   0: 0x8000b6c2 (0x943f2123) sw      gp, -1726(t5)
core   0: 3 0x8000b6c2 (0x943f2123) mem 0x80010000 0x00000001
core   0: 0x8000b6c6 (0x0000bfe5) c.j     pc - 8
core   0: 3 0x8000b6c6 (0xbfe5)
core   0: 0x8000b6be (0x00005f17) auipc   t5, 0x5
core   0: 3 0x8000b6be (0x00005f17) x30 0x800106be
core   0: 0x8000b6c2 (0x943f2123) sw      gp, -1726(t5)
core   0: 3 0x8000b6c2 (0x943f2123) mem 0x80010000 0x00000001
core   0: 0x8000b6c6 (0x0000bfe5) c.j     pc - 8
core   0: 3 0x8000b6c6 (0xbfe5)
core   0: 0x8000b6be (0x00005f17) auipc   t5, 0x5
core   0: 3 0x8000b6be (0x00005f17) x30 0x800106be
core   0: 0x8000b6c2 (0x943f2123) sw      gp, -1726(t5)
core   0: 3 0x8000b6c2 (0x943f2123) mem 0x80010000 0x00000001
core   0: 0x8000b6c6 (0x0000bfe5) c.j     pc - 8
core   0: 3 0x8000b6c6 (0xbfe5)
core   0: 0x8000b6be (0x00005f17) auipc   t5, 0x5
core   0: 3 0x8000b6be (0x00005f17) x30 0x800106be
core   0: 0x8000b6c2 (0x943f2123) sw      gp, -1726(t5)
core   0: 3 0x8000b6c2 (0x943f2123) mem 0x80010000 0x00000001
core   0: 0x8000b6c6 (0x0000bfe5) c.j     pc - 8
core   0: 3 0x8000b6c6 (0xbfe5)
core   0: 0x8000b6be (0x00005f17) auipc   t5, 0x5
core   0: 3 0x8000b6be (0x00005f17) x30 0x800106be
core   0: 0x8000b6c2 (0x943f2123) sw      gp, -1726(t5)
core   0: 3 0x8000b6c2 (0x943f2123) mem 0x80010000 0x00000001
core   0: 0x8000b6c6 (0x0000bfe5) c.j     pc - 8
core   0: 3 0x8000b6c6 (0xbfe5)
core   0: 0x8000b6be (0x00005f17) auipc   t5, 0x5
core   0: 3 0x8000b6be (0x00005f17) x30 0x800106be
core   0: 0x8000b6c2 (0x943f2123) sw      gp, -1726(t5)
core   0: 3 0x8000b6c2 (0x943f2123) mem 0x80010000 0x00000001
core   0: 0x8000b6c6 (0x0000bfe5) c.j     pc - 8
core   0: 3 0x8000b6c6 (0xbfe5)
core   0: 0x8000b6be (0x00005f17) auipc   t5, 0x5
core   0: 3 0x8000b6be (0x00005f17) x30 0x800106be
core   0: 0x8000b6c2 (0x943f2123) sw      gp, -1726(t5)
core   0: 3 0x8000b6c2 (0x943f2123) mem 0x80010000 0x00000001
core   0: 0x8000b6c6 (0x0000bfe5) c.j     pc - 8
core   0: 3 0x8000b6c6 (0xbfe5)
core   0: 0x8000b6be (0x00005f17) auipc   t5, 0x5
core   0: 3 0x8000b6be (0x00005f17) x30 0x800106be
core   0: 0x8000b6c2 (0x943f2123) sw      gp, -1726(t5)
core   0: 3 0x8000b6c2 (0x943f2123) mem 0x80010000 0x00000001
core   0: 0x8000b6c6 (0x0000bfe5) c.j     pc - 8
core   0: 3 0x8000b6c6 (0xbfe5)
core   0: 0x8000b6be (0x00005f17) auipc   t5, 0x5
core   0: 3 0x8000b6be (0x00005f17) x30 0x800106be
core   0: 0x8000b6c2 (0x943f2123) sw      gp, -1726(t5)
core   0: 3 0x8000b6c2 (0x943f2123) mem 0x80010000 0x00000001
core   0: 0x8000b6c6 (0x0000bfe5) c.j     pc - 8
core   0: 3 0x8000b6c6 (0xbfe5)
core   0: 0x8000b6be (0x00005f17) auipc   t5, 0x5
core   0: 3 0x8000b6be (0x00005f17) x30 0x800106be
core   0: 0x8000b6c2 (0x943f2123) sw      gp, -1726(t5)
core   0: 3 0x8000b6c2 (0x943f2123) mem 0x80010000 0x00000001
core   0: 0x8000b6c6 (0x0000bfe5) c.j     pc - 8
core   0: 3 0x8000b6c6 (0xbfe5)
core   0: 0x8000b6be (0x00005f17) auipc   t5, 0x5
core   0: 3 0x8000b6be (0x00005f17) x30 0x800106be
core   0: 0x8000b6c2 (0x943f2123) sw      gp, -1726(t5)
core   0: 3 0x8000b6c2 (0x943f2123) mem 0x80010000 0x00000001
core   0: 0x8000b6c6 (0x0000bfe5) c.j     pc - 8
core   0: 3 0x8000b6c6 (0xbfe5)
core   0: 0x8000b6be (0x00005f17) auipc   t5, 0x5
core   0: 3 0x8000b6be (0x00005f17) x30 0x800106be
core   0: 0x8000b6c2 (0x943f2123) sw      gp, -1726(t5)
core   0: 3 0x8000b6c2 (0x943f2123) mem 0x80010000 0x00000001
core   0: 0x8000b6c6 (0x0000bfe5) c.j     pc - 8
core   0: 3 0x8000b6c6 (0xbfe5)
core   0: 0x8000b6be (0x00005f17) auipc   t5, 0x5
core   0: 3 0x8000b6be (0x00005f17) x30 0x800106be
core   0: 0x8000b6c2 (0x943f2123) sw      gp, -1726(t5)
core   0: 3 0x8000b6c2 (0x943f2123) mem 0x80010000 0x00000001
core   0: 0x8000b6c6 (0x0000bfe5) c.j     pc - 8
core   0: 3 0x8000b6c6 (0xbfe5)
core   0: 0x8000b6be (0x00005f17) auipc   t5, 0x5
core   0: 3 0x8000b6be (0x00005f17) x30 0x800106be
core   0: 0x8000b6c2 (0x943f2123) sw      gp, -1726(t5)
core   0: 3 0x8000b6c2 (0x943f2123) mem 0x80010000 0x00000001
core   0: 0x8000b6c6 (0x0000bfe5) c.j     pc - 8
core   0: 3 0x8000b6c6 (0xbfe5)
core   0: 0x8000b6be (0x00005f17) auipc   t5, 0x5
core   0: 3 0x8000b6be (0x00005f17) x30 0x800106be
core   0: 0x8000b6c2 (0x943f2123) sw      gp, -1726(t5)
core   0: 3 0x8000b6c2 (0x943f2123) mem 0x80010000 0x00000001
core   0: 0x8000b6c6 (0x0000bfe5) c.j     pc - 8
core   0: 3 0x8000b6c6 (0xbfe5)
core   0: 0x8000b6be (0x00005f17) auipc   t5, 0x5
core   0: 3 0x8000b6be (0x00005f17) x30 0x800106be
core   0: 0x8000b6c2 (0x943f2123) sw      gp, -1726(t5)
core   0: 3 0x8000b6c2 (0x943f2123) mem 0x80010000 0x00000001
core   0: 0x8000b6c6 (0x0000bfe5) c.j     pc - 8
core   0: 3 0x8000b6c6 (0xbfe5)
core   0: 0x8000b6be (0x00005f17) auipc   t5, 0x5
core   0: 3 0x8000b6be (0x00005f17) x30 0x800106be
core   0: 0x8000b6c2 (0x943f2123) sw      gp, -1726(t5)
core   0: 3 0x8000b6c2 (0x943f2123) mem 0x80010000 0x00000001
core   0: 0x8000b6c6 (0x0000bfe5) c.j     pc - 8
core   0: 3 0x8000b6c6 (0xbfe5)
core   0: 0x8000b6be (0x00005f17) auipc   t5, 0x5
core   0: 3 0x8000b6be (0x00005f17) x30 0x800106be
core   0: 0x8000b6c2 (0x943f2123) sw      gp, -1726(t5)
core   0: 3 0x8000b6c2 (0x943f2123) mem 0x80010000 0x00000001
core   0: 0x8000b6c6 (0x0000bfe5) c.j     pc - 8
core   0: 3 0x8000b6c6 (0xbfe5)
core   0: 0x8000b6be (0x00005f17) auipc   t5, 0x5
core   0: 3 0x8000b6be (0x00005f17) x30 0x800106be
core   0: 0x8000b6c2 (0x943f2123) sw      gp, -1726(t5)
core   0: 3 0x8000b6c2 (0x943f2123) mem 0x80010000 0x00000001
core   0: 0x8000b6c6 (0x0000bfe5) c.j     pc - 8
core   0: 3 0x8000b6c6 (0xbfe5)
core   0: 0x8000b6be (0x00005f17) auipc   t5, 0x5
core   0: 3 0x8000b6be (0x00005f17) x30 0x800106be
core   0: 0x8000b6c2 (0x943f2123) sw      gp, -1726(t5)
core   0: 3 0x8000b6c2 (0x943f2123) mem 0x80010000 0x00000001
core   0: 0x8000b6c6 (0x0000bfe5) c.j     pc - 8
core   0: 3 0x8000b6c6 (0xbfe5)
core   0: 0x8000b6be (0x00005f17) auipc   t5, 0x5
core   0: 3 0x8000b6be (0x00005f17) x30 0x800106be
core   0: 0x8000b6c2 (0x943f2123) sw      gp, -1726(t5)
core   0: 3 0x8000b6c2 (0x943f2123) mem 0x80010000 0x00000001
core   0: 0x8000b6c6 (0x0000bfe5) c.j     pc - 8
core   0: 3 0x8000b6c6 (0xbfe5)
core   0: 0x8000b6be (0x00005f17) auipc   t5, 0x5
core   0: 3 0x8000b6be (0x00005f17) x30 0x800106be
core   0: 0x8000b6c2 (0x943f2123) sw      gp, -1726(t5)
core   0: 3 0x8000b6c2 (0x943f2123) mem 0x80010000 0x00000001
core   0: 0x8000b6c6 (0x0000bfe5) c.j     pc - 8
core   0: 3 0x8000b6c6 (0xbfe5)
core   0: 0x8000b6be (0x00005f17) auipc   t5, 0x5
core   0: 3 0x8000b6be (0x00005f17) x30 0x800106be
core   0: 0x8000b6c2 (0x943f2123) sw      gp, -1726(t5)
core   0: 3 0x8000b6c2 (0x943f2123) mem 0x80010000 0x00000001
core   0: 0x8000b6c6 (0x0000bfe5) c.j     pc - 8
core   0: 3 0x8000b6c6 (0xbfe5)
core   0: 0x8000b6be (0x00005f17) auipc   t5, 0x5
core   0: 3 0x8000b6be (0x00005f17) x30 0x800106be
core   0: 0x8000b6c2 (0x943f2123) sw      gp, -1726(t5)
core   0: 3 0x8000b6c2 (0x943f2123) mem 0x80010000 0x00000001
core   0: 0x8000b6c6 (0x0000bfe5) c.j     pc - 8
core   0: 3 0x8000b6c6 (0xbfe5)
core   0: 0x8000b6be (0x00005f17) auipc   t5, 0x5
core   0: 3 0x8000b6be (0x00005f17) x30 0x800106be
core   0: 0x8000b6c2 (0x943f2123) sw      gp, -1726(t5)
core   0: 3 0x8000b6c2 (0x943f2123) mem 0x80010000 0x00000001
core   0: 0x8000b6c6 (0x0000bfe5) c.j     pc - 8
core   0: 3 0x8000b6c6 (0xbfe5)
core   0: 0x8000b6be (0x00005f17) auipc   t5, 0x5
core   0: 3 0x8000b6be (0x00005f17) x30 0x800106be
core   0: 0x8000b6c2 (0x943f2123) sw      gp, -1726(t5)
core   0: 3 0x8000b6c2 (0x943f2123) mem 0x80010000 0x00000001
core   0: 0x8000b6c6 (0x0000bfe5) c.j     pc - 8
core   0: 3 0x8000b6c6 (0xbfe5)
core   0: 0x8000b6be (0x00005f17) auipc   t5, 0x5
core   0: 3 0x8000b6be (0x00005f17) x30 0x800106be
core   0: 0x8000b6c2 (0x943f2123) sw      gp, -1726(t5)
core   0: 3 0x8000b6c2 (0x943f2123) mem 0x80010000 0x00000001
core   0: 0x8000b6c6 (0x0000bfe5) c.j     pc - 8
core   0: 3 0x8000b6c6 (0xbfe5)
core   0: 0x8000b6be (0x00005f17) auipc   t5, 0x5
core   0: 3 0x8000b6be (0x00005f17) x30 0x800106be
core   0: 0x8000b6c2 (0x943f2123) sw      gp, -1726(t5)
core   0: 3 0x8000b6c2 (0x943f2123) mem 0x80010000 0x00000001
core   0: 0x8000b6c6 (0x0000bfe5) c.j     pc - 8
core   0: 3 0x8000b6c6 (0xbfe5)
core   0: 0x8000b6be (0x00005f17) auipc   t5, 0x5
core   0: 3 0x8000b6be (0x00005f17) x30 0x800106be
core   0: 0x8000b6c2 (0x943f2123) sw      gp, -1726(t5)
core   0: 3 0x8000b6c2 (0x943f2123) mem 0x80010000 0x00000001
core   0: 0x8000b6c6 (0x0000bfe5) c.j     pc - 8
core   0: 3 0x8000b6c6 (0xbfe5)
core   0: 0x8000b6be (0x00005f17) auipc   t5, 0x5
core   0: 3 0x8000b6be (0x00005f17) x30 0x800106be
core   0: 0x8000b6c2 (0x943f2123) sw      gp, -1726(t5)
core   0: 3 0x8000b6c2 (0x943f2123) mem 0x80010000 0x00000001
core   0: 0x8000b6c6 (0x0000bfe5) c.j     pc - 8
core   0: 3 0x8000b6c6 (0xbfe5)
core   0: 0x8000b6be (0x00005f17) auipc   t5, 0x5
core   0: 3 0x8000b6be (0x00005f17) x30 0x800106be
core   0: 0x8000b6c2 (0x943f2123) sw      gp, -1726(t5)
core   0: 3 0x8000b6c2 (0x943f2123) mem 0x80010000 0x00000001
core   0: 0x8000b6c6 (0x0000bfe5) c.j     pc - 8
core   0: 3 0x8000b6c6 (0xbfe5)
core   0: 0x8000b6be (0x00005f17) auipc   t5, 0x5
core   0: 3 0x8000b6be (0x00005f17) x30 0x800106be
core   0: 0x8000b6c2 (0x943f2123) sw      gp, -1726(t5)
core   0: 3 0x8000b6c2 (0x943f2123) mem 0x80010000 0x00000001
core   0: 0x8000b6c6 (0x0000bfe5) c.j     pc - 8
core   0: 3 0x8000b6c6 (0xbfe5)
core   0: 0x8000b6be (0x00005f17) auipc   t5, 0x5
core   0: 3 0x8000b6be (0x00005f17) x30 0x800106be
core   0: 0x8000b6c2 (0x943f2123) sw      gp, -1726(t5)
core   0: 3 0x8000b6c2 (0x943f2123) mem 0x80010000 0x00000001
core   0: 0x8000b6c6 (0x0000bfe5) c.j     pc - 8
core   0: 3 0x8000b6c6 (0xbfe5)
core   0: 0x8000b6be (0x00005f17) auipc   t5, 0x5
core   0: 3 0x8000b6be (0x00005f17) x30 0x800106be
core   0: 0x8000b6c2 (0x943f2123) sw      gp, -1726(t5)
core   0: 3 0x8000b6c2 (0x943f2123) mem 0x80010000 0x00000001
core   0: 0x8000b6c6 (0x0000bfe5) c.j     pc - 8
core   0: 3 0x8000b6c6 (0xbfe5)
core   0: 0x8000b6be (0x00005f17) auipc   t5, 0x5
core   0: 3 0x8000b6be (0x00005f17) x30 0x800106be
core   0: 0x8000b6c2 (0x943f2123) sw      gp, -1726(t5)
core   0: 3 0x8000b6c2 (0x943f2123) mem 0x80010000 0x00000001
core   0: 0x8000b6c6 (0x0000bfe5) c.j     pc - 8
core   0: 3 0x8000b6c6 (0xbfe5)
core   0: 0x8000b6be (0x00005f17) auipc   t5, 0x5
core   0: 3 0x8000b6be (0x00005f17) x30 0x800106be
core   0: 0x8000b6c2 (0x943f2123) sw      gp, -1726(t5)
core   0: 3 0x8000b6c2 (0x943f2123) mem 0x80010000 0x00000001
core   0: 0x8000b6c6 (0x0000bfe5) c.j     pc - 8
core   0: 3 0x8000b6c6 (0xbfe5)
core   0: 0x8000b6be (0x00005f17) auipc   t5, 0x5
core   0: 3 0x8000b6be (0x00005f17) x30 0x800106be
core   0: 0x8000b6c2 (0x943f2123) sw      gp, -1726(t5)
core   0: 3 0x8000b6c2 (0x943f2123) mem 0x80010000 0x00000001
core   0: 0x8000b6c6 (0x0000bfe5) c.j     pc - 8
core   0: 3 0x8000b6c6 (0xbfe5)
core   0: 0x8000b6be (0x00005f17) auipc   t5, 0x5
core   0: 3 0x8000b6be (0x00005f17) x30 0x800106be
core   0: 0x8000b6c2 (0x943f2123) sw      gp, -1726(t5)
core   0: 3 0x8000b6c2 (0x943f2123) mem 0x80010000 0x00000001
core   0: 0x8000b6c6 (0x0000bfe5) c.j     pc - 8
core   0: 3 0x8000b6c6 (0xbfe5)
core   0: 0x8000b6be (0x00005f17) auipc   t5, 0x5
core   0: 3 0x8000b6be (0x00005f17) x30 0x800106be
core   0: 0x8000b6c2 (0x943f2123) sw      gp, -1726(t5)
core   0: 3 0x8000b6c2 (0x943f2123) mem 0x80010000 0x00000001
core   0: 0x8000b6c6 (0x0000bfe5) c.j     pc - 8
core   0: 3 0x8000b6c6 (0xbfe5)
core   0: 0x8000b6be (0x00005f17) auipc   t5, 0x5
core   0: 3 0x8000b6be (0x00005f17) x30 0x800106be
core   0: 0x8000b6c2 (0x943f2123) sw      gp, -1726(t5)
core   0: 3 0x8000b6c2 (0x943f2123) mem 0x80010000 0x00000001
core   0: 0x8000b6c6 (0x0000bfe5) c.j     pc - 8
core   0: 3 0x8000b6c6 (0xbfe5)
core   0: 0x8000b6be (0x00005f17) auipc   t5, 0x5
core   0: 3 0x8000b6be (0x00005f17) x30 0x800106be
core   0: 0x8000b6c2 (0x943f2123) sw      gp, -1726(t5)
core   0: 3 0x8000b6c2 (0x943f2123) mem 0x80010000 0x00000001
core   0: 0x8000b6c6 (0x0000bfe5) c.j     pc - 8
core   0: 3 0x8000b6c6 (0xbfe5)
core   0: 0x8000b6be (0x00005f17) auipc   t5, 0x5
core   0: 3 0x8000b6be (0x00005f17) x30 0x800106be
core   0: 0x8000b6c2 (0x943f2123) sw      gp, -1726(t5)
core   0: 3 0x8000b6c2 (0x943f2123) mem 0x80010000 0x00000001
core   0: 0x8000b6c6 (0x0000bfe5) c.j     pc - 8
core   0: 3 0x8000b6c6 (0xbfe5)
core   0: 0x8000b6be (0x00005f17) auipc   t5, 0x5
core   0: 3 0x8000b6be (0x00005f17) x30 0x800106be
core   0: 0x8000b6c2 (0x943f2123) sw      gp, -1726(t5)
core   0: 3 0x8000b6c2 (0x943f2123) mem 0x80010000 0x00000001
core   0: 0x8000b6c6 (0x0000bfe5) c.j     pc - 8
core   0: 3 0x8000b6c6 (0xbfe5)
core   0: 0x8000b6be (0x00005f17) auipc   t5, 0x5
core   0: 3 0x8000b6be (0x00005f17) x30 0x800106be
core   0: 0x8000b6c2 (0x943f2123) sw      gp, -1726(t5)
core   0: 3 0x8000b6c2 (0x943f2123) mem 0x80010000 0x00000001
core   0: 0x8000b6c6 (0x0000bfe5) c.j     pc - 8
core   0: 3 0x8000b6c6 (0xbfe5)
core   0: 0x8000b6be (0x00005f17) auipc   t5, 0x5
core   0: 3 0x8000b6be (0x00005f17) x30 0x800106be
core   0: 0x8000b6c2 (0x943f2123) sw      gp, -1726(t5)
core   0: 3 0x8000b6c2 (0x943f2123) mem 0x80010000 0x00000001
core   0: 0x8000b6c6 (0x0000bfe5) c.j     pc - 8
core   0: 3 0x8000b6c6 (0xbfe5)
core   0: 0x8000b6be (0x00005f17) auipc   t5, 0x5
core   0: 3 0x8000b6be (0x00005f17) x30 0x800106be
core   0: 0x8000b6c2 (0x943f2123) sw      gp, -1726(t5)
core   0: 3 0x8000b6c2 (0x943f2123) mem 0x80010000 0x00000001
core   0: 0x8000b6c6 (0x0000bfe5) c.j     pc - 8
core   0: 3 0x8000b6c6 (0xbfe5)
core   0: 0x8000b6be (0x00005f17) auipc   t5, 0x5
core   0: 3 0x8000b6be (0x00005f17) x30 0x800106be
core   0: 0x8000b6c2 (0x943f2123) sw      gp, -1726(t5)
core   0: 3 0x8000b6c2 (0x943f2123) mem 0x80010000 0x00000001
core   0: 0x8000b6c6 (0x0000bfe5) c.j     pc - 8
core   0: 3 0x8000b6c6 (0xbfe5)
core   0: 0x8000b6be (0x00005f17) auipc   t5, 0x5
core   0: 3 0x8000b6be (0x00005f17) x30 0x800106be
core   0: 0x8000b6c2 (0x943f2123) sw      gp, -1726(t5)
core   0: 3 0x8000b6c2 (0x943f2123) mem 0x80010000 0x00000001
core   0: 0x8000b6c6 (0x0000bfe5) c.j     pc - 8
core   0: 3 0x8000b6c6 (0xbfe5)
core   0: 0x8000b6be (0x00005f17) auipc   t5, 0x5
core   0: 3 0x8000b6be (0x00005f17) x30 0x800106be
core   0: 0x8000b6c2 (0x943f2123) sw      gp, -1726(t5)
core   0: 3 0x8000b6c2 (0x943f2123) mem 0x80010000 0x00000001
core   0: 0x8000b6c6 (0x0000bfe5) c.j     pc - 8
core   0: 3 0x8000b6c6 (0xbfe5)
core   0: 0x8000b6be (0x00005f17) auipc   t5, 0x5
core   0: 3 0x8000b6be (0x00005f17) x30 0x800106be
core   0: 0x8000b6c2 (0x943f2123) sw      gp, -1726(t5)
core   0: 3 0x8000b6c2 (0x943f2123) mem 0x80010000 0x00000001
core   0: 0x8000b6c6 (0x0000bfe5) c.j     pc - 8
core   0: 3 0x8000b6c6 (0xbfe5)
core   0: 0x8000b6be (0x00005f17) auipc   t5, 0x5
core   0: 3 0x8000b6be (0x00005f17) x30 0x800106be
core   0: 0x8000b6c2 (0x943f2123) sw      gp, -1726(t5)
core   0: 3 0x8000b6c2 (0x943f2123) mem 0x80010000 0x00000001
core   0: 0x8000b6c6 (0x0000bfe5) c.j     pc - 8
core   0: 3 0x8000b6c6 (0xbfe5)
core   0: 0x8000b6be (0x00005f17) auipc   t5, 0x5
core   0: 3 0x8000b6be (0x00005f17) x30 0x800106be
core   0: 0x8000b6c2 (0x943f2123) sw      gp, -1726(t5)
core   0: 3 0x8000b6c2 (0x943f2123) mem 0x80010000 0x00000001
core   0: 0x8000b6c6 (0x0000bfe5) c.j     pc - 8
core   0: 3 0x8000b6c6 (0xbfe5)
core   0: 0x8000b6be (0x00005f17) auipc   t5, 0x5
core   0: 3 0x8000b6be (0x00005f17) x30 0x800106be
core   0: 0x8000b6c2 (0x943f2123) sw      gp, -1726(t5)
core   0: 3 0x8000b6c2 (0x943f2123) mem 0x80010000 0x00000001
core   0: 0x8000b6c6 (0x0000bfe5) c.j     pc - 8
core   0: 3 0x8000b6c6 (0xbfe5)
core   0: 0x8000b6be (0x00005f17) auipc   t5, 0x5
core   0: 3 0x8000b6be (0x00005f17) x30 0x800106be
core   0: 0x8000b6c2 (0x943f2123) sw      gp, -1726(t5)
core   0: 3 0x8000b6c2 (0x943f2123) mem 0x80010000 0x00000001
core   0: 0x8000b6c6 (0x0000bfe5) c.j     pc - 8
core   0: 3 0x8000b6c6 (0xbfe5)
core   0: 0x8000b6be (0x00005f17) auipc   t5, 0x5
core   0: 3 0x8000b6be (0x00005f17) x30 0x800106be
core   0: 0x8000b6c2 (0x943f2123) sw      gp, -1726(t5)
core   0: 3 0x8000b6c2 (0x943f2123) mem 0x80010000 0x00000001
core   0: 0x8000b6c6 (0x0000bfe5) c.j     pc - 8
core   0: 3 0x8000b6c6 (0xbfe5)
core   0: 0x8000b6be (0x00005f17) auipc   t5, 0x5
core   0: 3 0x8000b6be (0x00005f17) x30 0x800106be
core   0: 0x8000b6c2 (0x943f2123) sw      gp, -1726(t5)
core   0: 3 0x8000b6c2 (0x943f2123) mem 0x80010000 0x00000001
core   0: 0x8000b6c6 (0x0000bfe5) c.j     pc - 8
core   0: 3 0x8000b6c6 (0xbfe5)
core   0: 0x8000b6be (0x00005f17) auipc   t5, 0x5
core   0: 3 0x8000b6be (0x00005f17) x30 0x800106be
core   0: 0x8000b6c2 (0x943f2123) sw      gp, -1726(t5)
core   0: 3 0x8000b6c2 (0x943f2123) mem 0x80010000 0x00000001
core   0: 0x8000b6c6 (0x0000bfe5) c.j     pc - 8
core   0: 3 0x8000b6c6 (0xbfe5)
core   0: 0x8000b6be (0x00005f17) auipc   t5, 0x5
core   0: 3 0x8000b6be (0x00005f17) x30 0x800106be
core   0: 0x8000b6c2 (0x943f2123) sw      gp, -1726(t5)
core   0: 3 0x8000b6c2 (0x943f2123) mem 0x80010000 0x00000001
core   0: 0x8000b6c6 (0x0000bfe5) c.j     pc - 8
core   0: 3 0x8000b6c6 (0xbfe5)
core   0: 0x8000b6be (0x00005f17) auipc   t5, 0x5
core   0: 3 0x8000b6be (0x00005f17) x30 0x800106be
core   0: 0x8000b6c2 (0x943f2123) sw      gp, -1726(t5)
core   0: 3 0x8000b6c2 (0x943f2123) mem 0x80010000 0x00000001
core   0: 0x8000b6c6 (0x0000bfe5) c.j     pc - 8
core   0: 3 0x8000b6c6 (0xbfe5)
core   0: 0x8000b6be (0x00005f17) auipc   t5, 0x5
core   0: 3 0x8000b6be (0x00005f17) x30 0x800106be
core   0: 0x8000b6c2 (0x943f2123) sw      gp, -1726(t5)
core   0: 3 0x8000b6c2 (0x943f2123) mem 0x80010000 0x00000001
core   0: 0x8000b6c6 (0x0000bfe5) c.j     pc - 8
core   0: 3 0x8000b6c6 (0xbfe5)
core   0: 0x8000b6be (0x00005f17) auipc   t5, 0x5
core   0: 3 0x8000b6be (0x00005f17) x30 0x800106be
core   0: 0x8000b6c2 (0x943f2123) sw      gp, -1726(t5)
core   0: 3 0x8000b6c2 (0x943f2123) mem 0x80010000 0x00000001
core   0: 0x8000b6c6 (0x0000bfe5) c.j     pc - 8
core   0: 3 0x8000b6c6 (0xbfe5)
core   0: 0x8000b6be (0x00005f17) auipc   t5, 0x5
core   0: 3 0x8000b6be (0x00005f17) x30 0x800106be
core   0: 0x8000b6c2 (0x943f2123) sw      gp, -1726(t5)
core   0: 3 0x8000b6c2 (0x943f2123) mem 0x80010000 0x00000001
core   0: 0x8000b6c6 (0x0000bfe5) c.j     pc - 8
core   0: 3 0x8000b6c6 (0xbfe5)
core   0: 0x8000b6be (0x00005f17) auipc   t5, 0x5
core   0: 3 0x8000b6be (0x00005f17) x30 0x800106be
core   0: 0x8000b6c2 (0x943f2123) sw      gp, -1726(t5)
core   0: 3 0x8000b6c2 (0x943f2123) mem 0x80010000 0x00000001
core   0: 0x8000b6c6 (0x0000bfe5) c.j     pc - 8
core   0: 3 0x8000b6c6 (0xbfe5)
core   0: 0x8000b6be (0x00005f17) auipc   t5, 0x5
core   0: 3 0x8000b6be (0x00005f17) x30 0x800106be
core   0: 0x8000b6c2 (0x943f2123) sw      gp, -1726(t5)
core   0: 3 0x8000b6c2 (0x943f2123) mem 0x80010000 0x00000001
core   0: 0x8000b6c6 (0x0000bfe5) c.j     pc - 8
core   0: 3 0x8000b6c6 (0xbfe5)
core   0: 0x8000b6be (0x00005f17) auipc   t5, 0x5
core   0: 3 0x8000b6be (0x00005f17) x30 0x800106be
core   0: 0x8000b6c2 (0x943f2123) sw      gp, -1726(t5)
core   0: 3 0x8000b6c2 (0x943f2123) mem 0x80010000 0x00000001
core   0: 0x8000b6c6 (0x0000bfe5) c.j     pc - 8
core   0: 3 0x8000b6c6 (0xbfe5)
core   0: 0x8000b6be (0x00005f17) auipc   t5, 0x5
core   0: 3 0x8000b6be (0x00005f17) x30 0x800106be
core   0: 0x8000b6c2 (0x943f2123) sw      gp, -1726(t5)
core   0: 3 0x8000b6c2 (0x943f2123) mem 0x80010000 0x00000001
core   0: 0x8000b6c6 (0x0000bfe5) c.j     pc - 8
core   0: 3 0x8000b6c6 (0xbfe5)
core   0: 0x8000b6be (0x00005f17) auipc   t5, 0x5
core   0: 3 0x8000b6be (0x00005f17) x30 0x800106be
core   0: 0x8000b6c2 (0x943f2123) sw      gp, -1726(t5)
core   0: 3 0x8000b6c2 (0x943f2123) mem 0x80010000 0x00000001
core   0: 0x8000b6c6 (0x0000bfe5) c.j     pc - 8
core   0: 3 0x8000b6c6 (0xbfe5)
core   0: 0x8000b6be (0x00005f17) auipc   t5, 0x5
core   0: 3 0x8000b6be (0x00005f17) x30 0x800106be
core   0: 0x8000b6c2 (0x943f2123) sw      gp, -1726(t5)
core   0: 3 0x8000b6c2 (0x943f2123) mem 0x80010000 0x00000001
core   0: 0x8000b6c6 (0x0000bfe5) c.j     pc - 8
core   0: 3 0x8000b6c6 (0xbfe5)
core   0: 0x8000b6be (0x00005f17) auipc   t5, 0x5
core   0: 3 0x8000b6be (0x00005f17) x30 0x800106be
core   0: 0x8000b6c2 (0x943f2123) sw      gp, -1726(t5)
core   0: 3 0x8000b6c2 (0x943f2123) mem 0x80010000 0x00000001
core   0: 0x8000b6c6 (0x0000bfe5) c.j     pc - 8
core   0: 3 0x8000b6c6 (0xbfe5)
core   0: 0x8000b6be (0x00005f17) auipc   t5, 0x5
core   0: 3 0x8000b6be (0x00005f17) x30 0x800106be
core   0: 0x8000b6c2 (0x943f2123) sw      gp, -1726(t5)
core   0: 3 0x8000b6c2 (0x943f2123) mem 0x80010000 0x00000001
core   0: 0x8000b6c6 (0x0000bfe5) c.j     pc - 8
core   0: 3 0x8000b6c6 (0xbfe5)
core   0: 0x8000b6be (0x00005f17) auipc   t5, 0x5
core   0: 3 0x8000b6be (0x00005f17) x30 0x800106be
core   0: 0x8000b6c2 (0x943f2123) sw      gp, -1726(t5)
core   0: 3 0x8000b6c2 (0x943f2123) mem 0x80010000 0x00000001
core   0: 0x8000b6c6 (0x0000bfe5) c.j     pc - 8
core   0: 3 0x8000b6c6 (0xbfe5)
core   0: 0x8000b6be (0x00005f17) auipc   t5, 0x5
core   0: 3 0x8000b6be (0x00005f17) x30 0x800106be
core   0: 0x8000b6c2 (0x943f2123) sw      gp, -1726(t5)
core   0: 3 0x8000b6c2 (0x943f2123) mem 0x80010000 0x00000001
core   0: 0x8000b6c6 (0x0000bfe5) c.j     pc - 8
core   0: 3 0x8000b6c6 (0xbfe5)
core   0: 0x8000b6be (0x00005f17) auipc   t5, 0x5
core   0: 3 0x8000b6be (0x00005f17) x30 0x800106be
core   0: 0x8000b6c2 (0x943f2123) sw      gp, -1726(t5)
core   0: 3 0x8000b6c2 (0x943f2123) mem 0x80010000 0x00000001
core   0: 0x8000b6c6 (0x0000bfe5) c.j     pc - 8
core   0: 3 0x8000b6c6 (0xbfe5)
core   0: 0x8000b6be (0x00005f17) auipc   t5, 0x5
core   0: 3 0x8000b6be (0x00005f17) x30 0x800106be
core   0: 0x8000b6c2 (0x943f2123) sw      gp, -1726(t5)
core   0: 3 0x8000b6c2 (0x943f2123) mem 0x80010000 0x00000001
core   0: 0x8000b6c6 (0x0000bfe5) c.j     pc - 8
core   0: 3 0x8000b6c6 (0xbfe5)
core   0: 0x8000b6be (0x00005f17) auipc   t5, 0x5
core   0: 3 0x8000b6be (0x00005f17) x30 0x800106be
core   0: 0x8000b6c2 (0x943f2123) sw      gp, -1726(t5)
core   0: 3 0x8000b6c2 (0x943f2123) mem 0x80010000 0x00000001
core   0: 0x8000b6c6 (0x0000bfe5) c.j     pc - 8
core   0: 3 0x8000b6c6 (0xbfe5)
core   0: 0x8000b6be (0x00005f17) auipc   t5, 0x5
core   0: 3 0x8000b6be (0x00005f17) x30 0x800106be
core   0: 0x8000b6c2 (0x943f2123) sw      gp, -1726(t5)
core   0: 3 0x8000b6c2 (0x943f2123) mem 0x80010000 0x00000001
core   0: 0x8000b6c6 (0x0000bfe5) c.j     pc - 8
core   0: 3 0x8000b6c6 (0xbfe5)
core   0: 0x8000b6be (0x00005f17) auipc   t5, 0x5
core   0: 3 0x8000b6be (0x00005f17) x30 0x800106be
core   0: 0x8000b6c2 (0x943f2123) sw      gp, -1726(t5)
core   0: 3 0x8000b6c2 (0x943f2123) mem 0x80010000 0x00000001
core   0: 0x8000b6c6 (0x0000bfe5) c.j     pc - 8
core   0: 3 0x8000b6c6 (0xbfe5)
core   0: 0x8000b6be (0x00005f17) auipc   t5, 0x5
core   0: 3 0x8000b6be (0x00005f17) x30 0x800106be
core   0: 0x8000b6c2 (0x943f2123) sw      gp, -1726(t5)
core   0: 3 0x8000b6c2 (0x943f2123) mem 0x80010000 0x00000001
core   0: 0x8000b6c6 (0x0000bfe5) c.j     pc - 8
core   0: 3 0x8000b6c6 (0xbfe5)
core   0: 0x8000b6be (0x00005f17) auipc   t5, 0x5
core   0: 3 0x8000b6be (0x00005f17) x30 0x800106be
core   0: 0x8000b6c2 (0x943f2123) sw      gp, -1726(t5)
core   0: 3 0x8000b6c2 (0x943f2123) mem 0x80010000 0x00000001
core   0: 0x8000b6c6 (0x0000bfe5) c.j     pc - 8
core   0: 3 0x8000b6c6 (0xbfe5)
core   0: 0x8000b6be (0x00005f17) auipc   t5, 0x5
core   0: 3 0x8000b6be (0x00005f17) x30 0x800106be
core   0: 0x8000b6c2 (0x943f2123) sw      gp, -1726(t5)
core   0: 3 0x8000b6c2 (0x943f2123) mem 0x80010000 0x00000001
core   0: 0x8000b6c6 (0x0000bfe5) c.j     pc - 8
core   0: 3 0x8000b6c6 (0xbfe5)
core   0: 0x8000b6be (0x00005f17) auipc   t5, 0x5
core   0: 3 0x8000b6be (0x00005f17) x30 0x800106be
core   0: 0x8000b6c2 (0x943f2123) sw      gp, -1726(t5)
core   0: 3 0x8000b6c2 (0x943f2123) mem 0x80010000 0x00000001
core   0: 0x8000b6c6 (0x0000bfe5) c.j     pc - 8
core   0: 3 0x8000b6c6 (0xbfe5)
core   0: 0x8000b6be (0x00005f17) auipc   t5, 0x5
core   0: 3 0x8000b6be (0x00005f17) x30 0x800106be
core   0: 0x8000b6c2 (0x943f2123) sw      gp, -1726(t5)
core   0: 3 0x8000b6c2 (0x943f2123) mem 0x80010000 0x00000001
core   0: 0x8000b6c6 (0x0000bfe5) c.j     pc - 8
core   0: 3 0x8000b6c6 (0xbfe5)
core   0: 0x8000b6be (0x00005f17) auipc   t5, 0x5
core   0: 3 0x8000b6be (0x00005f17) x30 0x800106be
core   0: 0x8000b6c2 (0x943f2123) sw      gp, -1726(t5)
core   0: 3 0x8000b6c2 (0x943f2123) mem 0x80010000 0x00000001
core   0: 0x8000b6c6 (0x0000bfe5) c.j     pc - 8
core   0: 3 0x8000b6c6 (0xbfe5)
core   0: 0x8000b6be (0x00005f17) auipc   t5, 0x5
core   0: 3 0x8000b6be (0x00005f17) x30 0x800106be
core   0: 0x8000b6c2 (0x943f2123) sw      gp, -1726(t5)
core   0: 3 0x8000b6c2 (0x943f2123) mem 0x80010000 0x00000001
core   0: 0x8000b6c6 (0x0000bfe5) c.j     pc - 8
core   0: 3 0x8000b6c6 (0xbfe5)
core   0: 0x8000b6be (0x00005f17) auipc   t5, 0x5
core   0: 3 0x8000b6be (0x00005f17) x30 0x800106be
core   0: 0x8000b6c2 (0x943f2123) sw      gp, -1726(t5)
core   0: 3 0x8000b6c2 (0x943f2123) mem 0x80010000 0x00000001
core   0: 0x8000b6c6 (0x0000bfe5) c.j     pc - 8
core   0: 3 0x8000b6c6 (0xbfe5)
core   0: 0x8000b6be (0x00005f17) auipc   t5, 0x5
core   0: 3 0x8000b6be (0x00005f17) x30 0x800106be
core   0: 0x8000b6c2 (0x943f2123) sw      gp, -1726(t5)
core   0: 3 0x8000b6c2 (0x943f2123) mem 0x80010000 0x00000001
core   0: 0x8000b6c6 (0x0000bfe5) c.j     pc - 8
core   0: 3 0x8000b6c6 (0xbfe5)
core   0: 0x8000b6be (0x00005f17) auipc   t5, 0x5
core   0: 3 0x8000b6be (0x00005f17) x30 0x800106be
core   0: 0x8000b6c2 (0x943f2123) sw      gp, -1726(t5)
core   0: 3 0x8000b6c2 (0x943f2123) mem 0x80010000 0x00000001
core   0: 0x8000b6c6 (0x0000bfe5) c.j     pc - 8
core   0: 3 0x8000b6c6 (0xbfe5)
core   0: 0x8000b6be (0x00005f17) auipc   t5, 0x5
core   0: 3 0x8000b6be (0x00005f17) x30 0x800106be
core   0: 0x8000b6c2 (0x943f2123) sw      gp, -1726(t5)
core   0: 3 0x8000b6c2 (0x943f2123) mem 0x80010000 0x00000001
core   0: 0x8000b6c6 (0x0000bfe5) c.j     pc - 8
core   0: 3 0x8000b6c6 (0xbfe5)
core   0: 0x8000b6be (0x00005f17) auipc   t5, 0x5
core   0: 3 0x8000b6be (0x00005f17) x30 0x800106be
core   0: 0x8000b6c2 (0x943f2123) sw      gp, -1726(t5)
core   0: 3 0x8000b6c2 (0x943f2123) mem 0x80010000 0x00000001
core   0: 0x8000b6c6 (0x0000bfe5) c.j     pc - 8
core   0: 3 0x8000b6c6 (0xbfe5)
core   0: 0x8000b6be (0x00005f17) auipc   t5, 0x5
core   0: 3 0x8000b6be (0x00005f17) x30 0x800106be
core   0: 0x8000b6c2 (0x943f2123) sw      gp, -1726(t5)
core   0: 3 0x8000b6c2 (0x943f2123) mem 0x80010000 0x00000001
core   0: 0x8000b6c6 (0x0000bfe5) c.j     pc - 8
core   0: 3 0x8000b6c6 (0xbfe5)
core   0: 0x8000b6be (0x00005f17) auipc   t5, 0x5
core   0: 3 0x8000b6be (0x00005f17) x30 0x800106be
core   0: 0x8000b6c2 (0x943f2123) sw      gp, -1726(t5)
core   0: 3 0x8000b6c2 (0x943f2123) mem 0x80010000 0x00000001
core   0: 0x8000b6c6 (0x0000bfe5) c.j     pc - 8
core   0: 3 0x8000b6c6 (0xbfe5)
core   0: 0x8000b6be (0x00005f17) auipc   t5, 0x5
core   0: 3 0x8000b6be (0x00005f17) x30 0x800106be
core   0: 0x8000b6c2 (0x943f2123) sw      gp, -1726(t5)
core   0: 3 0x8000b6c2 (0x943f2123) mem 0x80010000 0x00000001
core   0: 0x8000b6c6 (0x0000bfe5) c.j     pc - 8
core   0: 3 0x8000b6c6 (0xbfe5)
core   0: 0x8000b6be (0x00005f17) auipc   t5, 0x5
core   0: 3 0x8000b6be (0x00005f17) x30 0x800106be
core   0: 0x8000b6c2 (0x943f2123) sw      gp, -1726(t5)
core   0: 3 0x8000b6c2 (0x943f2123) mem 0x80010000 0x00000001
core   0: 0x8000b6c6 (0x0000bfe5) c.j     pc - 8
core   0: 3 0x8000b6c6 (0xbfe5)
core   0: 0x8000b6be (0x00005f17) auipc   t5, 0x5
core   0: 3 0x8000b6be (0x00005f17) x30 0x800106be
core   0: 0x8000b6c2 (0x943f2123) sw      gp, -1726(t5)
core   0: 3 0x8000b6c2 (0x943f2123) mem 0x80010000 0x00000001
core   0: 0x8000b6c6 (0x0000bfe5) c.j     pc - 8
core   0: 3 0x8000b6c6 (0xbfe5)
core   0: 0x8000b6be (0x00005f17) auipc   t5, 0x5
core   0: 3 0x8000b6be (0x00005f17) x30 0x800106be
core   0: 0x8000b6c2 (0x943f2123) sw      gp, -1726(t5)
core   0: 3 0x8000b6c2 (0x943f2123) mem 0x80010000 0x00000001
core   0: 0x8000b6c6 (0x0000bfe5) c.j     pc - 8
core   0: 3 0x8000b6c6 (0xbfe5)
core   0: 0x8000b6be (0x00005f17) auipc   t5, 0x5
core   0: 3 0x8000b6be (0x00005f17) x30 0x800106be
core   0: 0x8000b6c2 (0x943f2123) sw      gp, -1726(t5)
core   0: 3 0x8000b6c2 (0x943f2123) mem 0x80010000 0x00000001
core   0: 0x8000b6c6 (0x0000bfe5) c.j     pc - 8
core   0: 3 0x8000b6c6 (0xbfe5)
core   0: 0x8000b6be (0x00005f17) auipc   t5, 0x5
core   0: 3 0x8000b6be (0x00005f17) x30 0x800106be
core   0: 0x8000b6c2 (0x943f2123) sw      gp, -1726(t5)
core   0: 3 0x8000b6c2 (0x943f2123) mem 0x80010000 0x00000001
core   0: 0x8000b6c6 (0x0000bfe5) c.j     pc - 8
core   0: 3 0x8000b6c6 (0xbfe5)
core   0: 0x8000b6be (0x00005f17) auipc   t5, 0x5
core   0: 3 0x8000b6be (0x00005f17) x30 0x800106be
core   0: 0x8000b6c2 (0x943f2123) sw      gp, -1726(t5)
core   0: 3 0x8000b6c2 (0x943f2123) mem 0x80010000 0x00000001
core   0: 0x8000b6c6 (0x0000bfe5) c.j     pc - 8
core   0: 3 0x8000b6c6 (0xbfe5)
core   0: 0x8000b6be (0x00005f17) auipc   t5, 0x5
core   0: 3 0x8000b6be (0x00005f17) x30 0x800106be
core   0: 0x8000b6c2 (0x943f2123) sw      gp, -1726(t5)
core   0: 3 0x8000b6c2 (0x943f2123) mem 0x80010000 0x00000001
core   0: 0x8000b6c6 (0x0000bfe5) c.j     pc - 8
core   0: 3 0x8000b6c6 (0xbfe5)
core   0: 0x8000b6be (0x00005f17) auipc   t5, 0x5
core   0: 3 0x8000b6be (0x00005f17) x30 0x800106be
core   0: 0x8000b6c2 (0x943f2123) sw      gp, -1726(t5)
core   0: 3 0x8000b6c2 (0x943f2123) mem 0x80010000 0x00000001
core   0: 0x8000b6c6 (0x0000bfe5) c.j     pc - 8
core   0: 3 0x8000b6c6 (0xbfe5)
core   0: 0x8000b6be (0x00005f17) auipc   t5, 0x5
core   0: 3 0x8000b6be (0x00005f17) x30 0x800106be
core   0: 0x8000b6c2 (0x943f2123) sw      gp, -1726(t5)
core   0: 3 0x8000b6c2 (0x943f2123) mem 0x80010000 0x00000001
core   0: 0x8000b6c6 (0x0000bfe5) c.j     pc - 8
core   0: 3 0x8000b6c6 (0xbfe5)
core   0: 0x8000b6be (0x00005f17) auipc   t5, 0x5
core   0: 3 0x8000b6be (0x00005f17) x30 0x800106be
core   0: 0x8000b6c2 (0x943f2123) sw      gp, -1726(t5)
core   0: 3 0x8000b6c2 (0x943f2123) mem 0x80010000 0x00000001
core   0: 0x8000b6c6 (0x0000bfe5) c.j     pc - 8
core   0: 3 0x8000b6c6 (0xbfe5)
core   0: 0x8000b6be (0x00005f17) auipc   t5, 0x5
core   0: 3 0x8000b6be (0x00005f17) x30 0x800106be
core   0: 0x8000b6c2 (0x943f2123) sw      gp, -1726(t5)
core   0: 3 0x8000b6c2 (0x943f2123) mem 0x80010000 0x00000001
core   0: 0x8000b6c6 (0x0000bfe5) c.j     pc - 8
core   0: 3 0x8000b6c6 (0xbfe5)
core   0: 0x8000b6be (0x00005f17) auipc   t5, 0x5
core   0: 3 0x8000b6be (0x00005f17) x30 0x800106be
core   0: 0x8000b6c2 (0x943f2123) sw      gp, -1726(t5)
core   0: 3 0x8000b6c2 (0x943f2123) mem 0x80010000 0x00000001
core   0: 0x8000b6c6 (0x0000bfe5) c.j     pc - 8
core   0: 3 0x8000b6c6 (0xbfe5)
core   0: 0x8000b6be (0x00005f17) auipc   t5, 0x5
core   0: 3 0x8000b6be (0x00005f17) x30 0x800106be
core   0: 0x8000b6c2 (0x943f2123) sw      gp, -1726(t5)
core   0: 3 0x8000b6c2 (0x943f2123) mem 0x80010000 0x00000001
core   0: 0x8000b6c6 (0x0000bfe5) c.j     pc - 8
core   0: 3 0x8000b6c6 (0xbfe5)
core   0: 0x8000b6be (0x00005f17) auipc   t5, 0x5
core   0: 3 0x8000b6be (0x00005f17) x30 0x800106be
core   0: 0x8000b6c2 (0x943f2123) sw      gp, -1726(t5)
core   0: 3 0x8000b6c2 (0x943f2123) mem 0x80010000 0x00000001
core   0: 0x8000b6c6 (0x0000bfe5) c.j     pc - 8
core   0: 3 0x8000b6c6 (0xbfe5)
core   0: 0x8000b6be (0x00005f17) auipc   t5, 0x5
core   0: 3 0x8000b6be (0x00005f17) x30 0x800106be
core   0: 0x8000b6c2 (0x943f2123) sw      gp, -1726(t5)
core   0: 3 0x8000b6c2 (0x943f2123) mem 0x80010000 0x00000001
core   0: 0x8000b6c6 (0x0000bfe5) c.j     pc - 8
core   0: 3 0x8000b6c6 (0xbfe5)
core   0: 0x8000b6be (0x00005f17) auipc   t5, 0x5
core   0: 3 0x8000b6be (0x00005f17) x30 0x800106be
core   0: 0x8000b6c2 (0x943f2123) sw      gp, -1726(t5)
core   0: 3 0x8000b6c2 (0x943f2123) mem 0x80010000 0x00000001
core   0: 0x8000b6c6 (0x0000bfe5) c.j     pc - 8
core   0: 3 0x8000b6c6 (0xbfe5)
core   0: 0x8000b6be (0x00005f17) auipc   t5, 0x5
core   0: 3 0x8000b6be (0x00005f17) x30 0x800106be
core   0: 0x8000b6c2 (0x943f2123) sw      gp, -1726(t5)
core   0: 3 0x8000b6c2 (0x943f2123) mem 0x80010000 0x00000001
core   0: 0x8000b6c6 (0x0000bfe5) c.j     pc - 8
core   0: 3 0x8000b6c6 (0xbfe5)
core   0: 0x8000b6be (0x00005f17) auipc   t5, 0x5
core   0: 3 0x8000b6be (0x00005f17) x30 0x800106be
core   0: 0x8000b6c2 (0x943f2123) sw      gp, -1726(t5)
core   0: 3 0x8000b6c2 (0x943f2123) mem 0x80010000 0x00000001
core   0: 0x8000b6c6 (0x0000bfe5) c.j     pc - 8
core   0: 3 0x8000b6c6 (0xbfe5)
core   0: 0x8000b6be (0x00005f17) auipc   t5, 0x5
core   0: 3 0x8000b6be (0x00005f17) x30 0x800106be
core   0: 0x8000b6c2 (0x943f2123) sw      gp, -1726(t5)
core   0: 3 0x8000b6c2 (0x943f2123) mem 0x80010000 0x00000001
core   0: 0x8000b6c6 (0x0000bfe5) c.j     pc - 8
core   0: 3 0x8000b6c6 (0xbfe5)
core   0: 0x8000b6be (0x00005f17) auipc   t5, 0x5
core   0: 3 0x8000b6be (0x00005f17) x30 0x800106be
core   0: 0x8000b6c2 (0x943f2123) sw      gp, -1726(t5)
core   0: 3 0x8000b6c2 (0x943f2123) mem 0x80010000 0x00000001
core   0: 0x8000b6c6 (0x0000bfe5) c.j     pc - 8
core   0: 3 0x8000b6c6 (0xbfe5)
core   0: 0x8000b6be (0x00005f17) auipc   t5, 0x5
core   0: 3 0x8000b6be (0x00005f17) x30 0x800106be
core   0: 0x8000b6c2 (0x943f2123) sw      gp, -1726(t5)
core   0: 3 0x8000b6c2 (0x943f2123) mem 0x80010000 0x00000001
core   0: 0x8000b6c6 (0x0000bfe5) c.j     pc - 8
core   0: 3 0x8000b6c6 (0xbfe5)
core   0: 0x8000b6be (0x00005f17) auipc   t5, 0x5
core   0: 3 0x8000b6be (0x00005f17) x30 0x800106be
core   0: 0x8000b6c2 (0x943f2123) sw      gp, -1726(t5)
core   0: 3 0x8000b6c2 (0x943f2123) mem 0x80010000 0x00000001
core   0: 0x8000b6c6 (0x0000bfe5) c.j     pc - 8
core   0: 3 0x8000b6c6 (0xbfe5)
core   0: 0x8000b6be (0x00005f17) auipc   t5, 0x5
core   0: 3 0x8000b6be (0x00005f17) x30 0x800106be
core   0: 0x8000b6c2 (0x943f2123) sw      gp, -1726(t5)
core   0: 3 0x8000b6c2 (0x943f2123) mem 0x80010000 0x00000001
core   0: 0x8000b6c6 (0x0000bfe5) c.j     pc - 8
core   0: 3 0x8000b6c6 (0xbfe5)
core   0: 0x8000b6be (0x00005f17) auipc   t5, 0x5
core   0: 3 0x8000b6be (0x00005f17) x30 0x800106be
core   0: 0x8000b6c2 (0x943f2123) sw      gp, -1726(t5)
core   0: 3 0x8000b6c2 (0x943f2123) mem 0x80010000 0x00000001
core   0: 0x8000b6c6 (0x0000bfe5) c.j     pc - 8
core   0: 3 0x8000b6c6 (0xbfe5)
core   0: 0x8000b6be (0x00005f17) auipc   t5, 0x5
core   0: 3 0x8000b6be (0x00005f17) x30 0x800106be
core   0: 0x8000b6c2 (0x943f2123) sw      gp, -1726(t5)
core   0: 3 0x8000b6c2 (0x943f2123) mem 0x80010000 0x00000001
core   0: 0x8000b6c6 (0x0000bfe5) c.j     pc - 8
core   0: 3 0x8000b6c6 (0xbfe5)
core   0: 0x8000b6be (0x00005f17) auipc   t5, 0x5
core   0: 3 0x8000b6be (0x00005f17) x30 0x800106be
core   0: 0x8000b6c2 (0x943f2123) sw      gp, -1726(t5)
core   0: 3 0x8000b6c2 (0x943f2123) mem 0x80010000 0x00000001
core   0: 0x8000b6c6 (0x0000bfe5) c.j     pc - 8
core   0: 3 0x8000b6c6 (0xbfe5)
core   0: 0x8000b6be (0x00005f17) auipc   t5, 0x5
core   0: 3 0x8000b6be (0x00005f17) x30 0x800106be
core   0: 0x8000b6c2 (0x943f2123) sw      gp, -1726(t5)
core   0: 3 0x8000b6c2 (0x943f2123) mem 0x80010000 0x00000001
core   0: 0x8000b6c6 (0x0000bfe5) c.j     pc - 8
core   0: 3 0x8000b6c6 (0xbfe5)
core   0: 0x8000b6be (0x00005f17) auipc   t5, 0x5
core   0: 3 0x8000b6be (0x00005f17) x30 0x800106be
core   0: 0x8000b6c2 (0x943f2123) sw      gp, -1726(t5)
core   0: 3 0x8000b6c2 (0x943f2123) mem 0x80010000 0x00000001
core   0: 0x8000b6c6 (0x0000bfe5) c.j     pc - 8
core   0: 3 0x8000b6c6 (0xbfe5)
core   0: 0x8000b6be (0x00005f17) auipc   t5, 0x5
core   0: 3 0x8000b6be (0x00005f17) x30 0x800106be
core   0: 0x8000b6c2 (0x943f2123) sw      gp, -1726(t5)
core   0: 3 0x8000b6c2 (0x943f2123) mem 0x80010000 0x00000001
core   0: 0x8000b6c6 (0x0000bfe5) c.j     pc - 8
core   0: 3 0x8000b6c6 (0xbfe5)
core   0: 0x8000b6be (0x00005f17) auipc   t5, 0x5
core   0: 3 0x8000b6be (0x00005f17) x30 0x800106be
core   0: 0x8000b6c2 (0x943f2123) sw      gp, -1726(t5)
core   0: 3 0x8000b6c2 (0x943f2123) mem 0x80010000 0x00000001
core   0: 0x8000b6c6 (0x0000bfe5) c.j     pc - 8
core   0: 3 0x8000b6c6 (0xbfe5)
core   0: 0x8000b6be (0x00005f17) auipc   t5, 0x5
core   0: 3 0x8000b6be (0x00005f17) x30 0x800106be
core   0: 0x8000b6c2 (0x943f2123) sw      gp, -1726(t5)
core   0: 3 0x8000b6c2 (0x943f2123) mem 0x80010000 0x00000001
core   0: 0x8000b6c6 (0x0000bfe5) c.j     pc - 8
core   0: 3 0x8000b6c6 (0xbfe5)
core   0: 0x8000b6be (0x00005f17) auipc   t5, 0x5
core   0: 3 0x8000b6be (0x00005f17) x30 0x800106be
core   0: 0x8000b6c2 (0x943f2123) sw      gp, -1726(t5)
core   0: 3 0x8000b6c2 (0x943f2123) mem 0x80010000 0x00000001
core   0: 0x8000b6c6 (0x0000bfe5) c.j     pc - 8
core   0: 3 0x8000b6c6 (0xbfe5)
core   0: 0x8000b6be (0x00005f17) auipc   t5, 0x5
core   0: 3 0x8000b6be (0x00005f17) x30 0x800106be
core   0: 0x8000b6c2 (0x943f2123) sw      gp, -1726(t5)
core   0: 3 0x8000b6c2 (0x943f2123) mem 0x80010000 0x00000001
core   0: 0x8000b6c6 (0x0000bfe5) c.j     pc - 8
core   0: 3 0x8000b6c6 (0xbfe5)
core   0: 0x8000b6be (0x00005f17) auipc   t5, 0x5
core   0: 3 0x8000b6be (0x00005f17) x30 0x800106be
core   0: 0x8000b6c2 (0x943f2123) sw      gp, -1726(t5)
core   0: 3 0x8000b6c2 (0x943f2123) mem 0x80010000 0x00000001
core   0: 0x8000b6c6 (0x0000bfe5) c.j     pc - 8
core   0: 3 0x8000b6c6 (0xbfe5)
core   0: 0x8000b6be (0x00005f17) auipc   t5, 0x5
core   0: 3 0x8000b6be (0x00005f17) x30 0x800106be
core   0: 0x8000b6c2 (0x943f2123) sw      gp, -1726(t5)
core   0: 3 0x8000b6c2 (0x943f2123) mem 0x80010000 0x00000001
core   0: 0x8000b6c6 (0x0000bfe5) c.j     pc - 8
core   0: 3 0x8000b6c6 (0xbfe5)
core   0: 0x8000b6be (0x00005f17) auipc   t5, 0x5
core   0: 3 0x8000b6be (0x00005f17) x30 0x800106be
core   0: 0x8000b6c2 (0x943f2123) sw      gp, -1726(t5)
core   0: 3 0x8000b6c2 (0x943f2123) mem 0x80010000 0x00000001
core   0: 0x8000b6c6 (0x0000bfe5) c.j     pc - 8
core   0: 3 0x8000b6c6 (0xbfe5)
core   0: 0x8000b6be (0x00005f17) auipc   t5, 0x5
core   0: 3 0x8000b6be (0x00005f17) x30 0x800106be
core   0: 0x8000b6c2 (0x943f2123) sw      gp, -1726(t5)
core   0: 3 0x8000b6c2 (0x943f2123) mem 0x80010000 0x00000001
core   0: 0x8000b6c6 (0x0000bfe5) c.j     pc - 8
core   0: 3 0x8000b6c6 (0xbfe5)
core   0: 0x8000b6be (0x00005f17) auipc   t5, 0x5
core   0: 3 0x8000b6be (0x00005f17) x30 0x800106be
core   0: 0x8000b6c2 (0x943f2123) sw      gp, -1726(t5)
core   0: 3 0x8000b6c2 (0x943f2123) mem 0x80010000 0x00000001
core   0: 0x8000b6c6 (0x0000bfe5) c.j     pc - 8
core   0: 3 0x8000b6c6 (0xbfe5)
core   0: 0x8000b6be (0x00005f17) auipc   t5, 0x5
core   0: 3 0x8000b6be (0x00005f17) x30 0x800106be
core   0: 0x8000b6c2 (0x943f2123) sw      gp, -1726(t5)
core   0: 3 0x8000b6c2 (0x943f2123) mem 0x80010000 0x00000001
core   0: 0x8000b6c6 (0x0000bfe5) c.j     pc - 8
core   0: 3 0x8000b6c6 (0xbfe5)
core   0: 0x8000b6be (0x00005f17) auipc   t5, 0x5
core   0: 3 0x8000b6be (0x00005f17) x30 0x800106be
core   0: 0x8000b6c2 (0x943f2123) sw      gp, -1726(t5)
core   0: 3 0x8000b6c2 (0x943f2123) mem 0x80010000 0x00000001
core   0: 0x8000b6c6 (0x0000bfe5) c.j     pc - 8
core   0: 3 0x8000b6c6 (0xbfe5)
core   0: 0x8000b6be (0x00005f17) auipc   t5, 0x5
core   0: 3 0x8000b6be (0x00005f17) x30 0x800106be
core   0: 0x8000b6c2 (0x943f2123) sw      gp, -1726(t5)
core   0: 3 0x8000b6c2 (0x943f2123) mem 0x80010000 0x00000001
core   0: 0x8000b6c6 (0x0000bfe5) c.j     pc - 8
core   0: 3 0x8000b6c6 (0xbfe5)
core   0: 0x8000b6be (0x00005f17) auipc   t5, 0x5
core   0: 3 0x8000b6be (0x00005f17) x30 0x800106be
core   0: 0x8000b6c2 (0x943f2123) sw      gp, -1726(t5)
core   0: 3 0x8000b6c2 (0x943f2123) mem 0x80010000 0x00000001
core   0: 0x8000b6c6 (0x0000bfe5) c.j     pc - 8
core   0: 3 0x8000b6c6 (0xbfe5)
core   0: 0x8000b6be (0x00005f17) auipc   t5, 0x5
core   0: 3 0x8000b6be (0x00005f17) x30 0x800106be
core   0: 0x8000b6c2 (0x943f2123) sw      gp, -1726(t5)
core   0: 3 0x8000b6c2 (0x943f2123) mem 0x80010000 0x00000001
core   0: 0x8000b6c6 (0x0000bfe5) c.j     pc - 8
core   0: 3 0x8000b6c6 (0xbfe5)
core   0: 0x8000b6be (0x00005f17) auipc   t5, 0x5
core   0: 3 0x8000b6be (0x00005f17) x30 0x800106be
core   0: 0x8000b6c2 (0x943f2123) sw      gp, -1726(t5)
core   0: 3 0x8000b6c2 (0x943f2123) mem 0x80010000 0x00000001
core   0: 0x8000b6c6 (0x0000bfe5) c.j     pc - 8
core   0: 3 0x8000b6c6 (0xbfe5)
core   0: 0x8000b6be (0x00005f17) auipc   t5, 0x5
core   0: 3 0x8000b6be (0x00005f17) x30 0x800106be
core   0: 0x8000b6c2 (0x943f2123) sw      gp, -1726(t5)
core   0: 3 0x8000b6c2 (0x943f2123) mem 0x80010000 0x00000001
core   0: 0x8000b6c6 (0x0000bfe5) c.j     pc - 8
core   0: 3 0x8000b6c6 (0xbfe5)
core   0: 0x8000b6be (0x00005f17) auipc   t5, 0x5
core   0: 3 0x8000b6be (0x00005f17) x30 0x800106be
core   0: 0x8000b6c2 (0x943f2123) sw      gp, -1726(t5)
core   0: 3 0x8000b6c2 (0x943f2123) mem 0x80010000 0x00000001
core   0: 0x8000b6c6 (0x0000bfe5) c.j     pc - 8
core   0: 3 0x8000b6c6 (0xbfe5)
core   0: 0x8000b6be (0x00005f17) auipc   t5, 0x5
core   0: 3 0x8000b6be (0x00005f17) x30 0x800106be
core   0: 0x8000b6c2 (0x943f2123) sw      gp, -1726(t5)
core   0: 3 0x8000b6c2 (0x943f2123) mem 0x80010000 0x00000001
core   0: 0x8000b6c6 (0x0000bfe5) c.j     pc - 8
core   0: 3 0x8000b6c6 (0xbfe5)
core   0: 0x8000b6be (0x00005f17) auipc   t5, 0x5
core   0: 3 0x8000b6be (0x00005f17) x30 0x800106be
core   0: 0x8000b6c2 (0x943f2123) sw      gp, -1726(t5)
core   0: 3 0x8000b6c2 (0x943f2123) mem 0x80010000 0x00000001
core   0: 0x8000b6c6 (0x0000bfe5) c.j     pc - 8
core   0: 3 0x8000b6c6 (0xbfe5)
core   0: 0x8000b6be (0x00005f17) auipc   t5, 0x5
core   0: 3 0x8000b6be (0x00005f17) x30 0x800106be
core   0: 0x8000b6c2 (0x943f2123) sw      gp, -1726(t5)
core   0: 3 0x8000b6c2 (0x943f2123) mem 0x80010000 0x00000001
core   0: 0x8000b6c6 (0x0000bfe5) c.j     pc - 8
core   0: 3 0x8000b6c6 (0xbfe5)
core   0: 0x8000b6be (0x00005f17) auipc   t5, 0x5
core   0: 3 0x8000b6be (0x00005f17) x30 0x800106be
core   0: 0x8000b6c2 (0x943f2123) sw      gp, -1726(t5)
core   0: 3 0x8000b6c2 (0x943f2123) mem 0x80010000 0x00000001
core   0: 0x8000b6c6 (0x0000bfe5) c.j     pc - 8
core   0: 3 0x8000b6c6 (0xbfe5)
core   0: 0x8000b6be (0x00005f17) auipc   t5, 0x5
core   0: 3 0x8000b6be (0x00005f17) x30 0x800106be
core   0: 0x8000b6c2 (0x943f2123) sw      gp, -1726(t5)
core   0: 3 0x8000b6c2 (0x943f2123) mem 0x80010000 0x00000001
core   0: 0x8000b6c6 (0x0000bfe5) c.j     pc - 8
core   0: 3 0x8000b6c6 (0xbfe5)
core   0: 0x8000b6be (0x00005f17) auipc   t5, 0x5
core   0: 3 0x8000b6be (0x00005f17) x30 0x800106be
core   0: 0x8000b6c2 (0x943f2123) sw      gp, -1726(t5)
core   0: 3 0x8000b6c2 (0x943f2123) mem 0x80010000 0x00000001
core   0: 0x8000b6c6 (0x0000bfe5) c.j     pc - 8
core   0: 3 0x8000b6c6 (0xbfe5)
core   0: 0x8000b6be (0x00005f17) auipc   t5, 0x5
core   0: 3 0x8000b6be (0x00005f17) x30 0x800106be
core   0: 0x8000b6c2 (0x943f2123) sw      gp, -1726(t5)
core   0: 3 0x8000b6c2 (0x943f2123) mem 0x80010000 0x00000001
core   0: 0x8000b6c6 (0x0000bfe5) c.j     pc - 8
core   0: 3 0x8000b6c6 (0xbfe5)
core   0: 0x8000b6be (0x00005f17) auipc   t5, 0x5
core   0: 3 0x8000b6be (0x00005f17) x30 0x800106be
core   0: 0x8000b6c2 (0x943f2123) sw      gp, -1726(t5)
core   0: 3 0x8000b6c2 (0x943f2123) mem 0x80010000 0x00000001
core   0: 0x8000b6c6 (0x0000bfe5) c.j     pc - 8
core   0: 3 0x8000b6c6 (0xbfe5)
core   0: 0x8000b6be (0x00005f17) auipc   t5, 0x5
core   0: 3 0x8000b6be (0x00005f17) x30 0x800106be
core   0: 0x8000b6c2 (0x943f2123) sw      gp, -1726(t5)
core   0: 3 0x8000b6c2 (0x943f2123) mem 0x80010000 0x00000001
core   0: 0x8000b6c6 (0x0000bfe5) c.j     pc - 8
core   0: 3 0x8000b6c6 (0xbfe5)
core   0: 0x8000b6be (0x00005f17) auipc   t5, 0x5
core   0: 3 0x8000b6be (0x00005f17) x30 0x800106be
core   0: 0x8000b6c2 (0x943f2123) sw      gp, -1726(t5)
core   0: 3 0x8000b6c2 (0x943f2123) mem 0x80010000 0x00000001
core   0: 0x8000b6c6 (0x0000bfe5) c.j     pc - 8
core   0: 3 0x8000b6c6 (0xbfe5)
core   0: 0x8000b6be (0x00005f17) auipc   t5, 0x5
core   0: 3 0x8000b6be (0x00005f17) x30 0x800106be
core   0: 0x8000b6c2 (0x943f2123) sw      gp, -1726(t5)
core   0: 3 0x8000b6c2 (0x943f2123) mem 0x80010000 0x00000001
core   0: 0x8000b6c6 (0x0000bfe5) c.j     pc - 8
core   0: 3 0x8000b6c6 (0xbfe5)
core   0: 0x8000b6be (0x00005f17) auipc   t5, 0x5
core   0: 3 0x8000b6be (0x00005f17) x30 0x800106be
core   0: 0x8000b6c2 (0x943f2123) sw      gp, -1726(t5)
core   0: 3 0x8000b6c2 (0x943f2123) mem 0x80010000 0x00000001
core   0: 0x8000b6c6 (0x0000bfe5) c.j     pc - 8
core   0: 3 0x8000b6c6 (0xbfe5)
core   0: 0x8000b6be (0x00005f17) auipc   t5, 0x5
core   0: 3 0x8000b6be (0x00005f17) x30 0x800106be
core   0: 0x8000b6c2 (0x943f2123) sw      gp, -1726(t5)
core   0: 3 0x8000b6c2 (0x943f2123) mem 0x80010000 0x00000001
core   0: 0x8000b6c6 (0x0000bfe5) c.j     pc - 8
core   0: 3 0x8000b6c6 (0xbfe5)
core   0: 0x8000b6be (0x00005f17) auipc   t5, 0x5
core   0: 3 0x8000b6be (0x00005f17) x30 0x800106be
core   0: 0x8000b6c2 (0x943f2123) sw      gp, -1726(t5)
core   0: 3 0x8000b6c2 (0x943f2123) mem 0x80010000 0x00000001
core   0: 0x8000b6c6 (0x0000bfe5) c.j     pc - 8
core   0: 3 0x8000b6c6 (0xbfe5)
core   0: 0x8000b6be (0x00005f17) auipc   t5, 0x5
core   0: 3 0x8000b6be (0x00005f17) x30 0x800106be
core   0: 0x8000b6c2 (0x943f2123) sw      gp, -1726(t5)
core   0: 3 0x8000b6c2 (0x943f2123) mem 0x80010000 0x00000001
core   0: 0x8000b6c6 (0x0000bfe5) c.j     pc - 8
core   0: 3 0x8000b6c6 (0xbfe5)
core   0: 0x8000b6be (0x00005f17) auipc   t5, 0x5
core   0: 3 0x8000b6be (0x00005f17) x30 0x800106be
core   0: 0x8000b6c2 (0x943f2123) sw      gp, -1726(t5)
core   0: 3 0x8000b6c2 (0x943f2123) mem 0x80010000 0x00000001
core   0: 0x8000b6c6 (0x0000bfe5) c.j     pc - 8
core   0: 3 0x8000b6c6 (0xbfe5)
core   0: 0x8000b6be (0x00005f17) auipc   t5, 0x5
core   0: 3 0x8000b6be (0x00005f17) x30 0x800106be
core   0: 0x8000b6c2 (0x943f2123) sw      gp, -1726(t5)
core   0: 3 0x8000b6c2 (0x943f2123) mem 0x80010000 0x00000001
core   0: 0x8000b6c6 (0x0000bfe5) c.j     pc - 8
core   0: 3 0x8000b6c6 (0xbfe5)
core   0: 0x8000b6be (0x00005f17) auipc   t5, 0x5
core   0: 3 0x8000b6be (0x00005f17) x30 0x800106be
core   0: 0x8000b6c2 (0x943f2123) sw      gp, -1726(t5)
core   0: 3 0x8000b6c2 (0x943f2123) mem 0x80010000 0x00000001
core   0: 0x8000b6c6 (0x0000bfe5) c.j     pc - 8
core   0: 3 0x8000b6c6 (0xbfe5)
core   0: 0x8000b6be (0x00005f17) auipc   t5, 0x5
core   0: 3 0x8000b6be (0x00005f17) x30 0x800106be
core   0: 0x8000b6c2 (0x943f2123) sw      gp, -1726(t5)
core   0: 3 0x8000b6c2 (0x943f2123) mem 0x80010000 0x00000001
core   0: 0x8000b6c6 (0x0000bfe5) c.j     pc - 8
core   0: 3 0x8000b6c6 (0xbfe5)
core   0: 0x8000b6be (0x00005f17) auipc   t5, 0x5
core   0: 3 0x8000b6be (0x00005f17) x30 0x800106be
core   0: 0x8000b6c2 (0x943f2123) sw      gp, -1726(t5)
core   0: 3 0x8000b6c2 (0x943f2123) mem 0x80010000 0x00000001
core   0: 0x8000b6c6 (0x0000bfe5) c.j     pc - 8
core   0: 3 0x8000b6c6 (0xbfe5)
core   0: 0x8000b6be (0x00005f17) auipc   t5, 0x5
core   0: 3 0x8000b6be (0x00005f17) x30 0x800106be
core   0: 0x8000b6c2 (0x943f2123) sw      gp, -1726(t5)
core   0: 3 0x8000b6c2 (0x943f2123) mem 0x80010000 0x00000001
core   0: 0x8000b6c6 (0x0000bfe5) c.j     pc - 8
core   0: 3 0x8000b6c6 (0xbfe5)
core   0: 0x8000b6be (0x00005f17) auipc   t5, 0x5
core   0: 3 0x8000b6be (0x00005f17) x30 0x800106be
core   0: 0x8000b6c2 (0x943f2123) sw      gp, -1726(t5)
core   0: 3 0x8000b6c2 (0x943f2123) mem 0x80010000 0x00000001
core   0: 0x8000b6c6 (0x0000bfe5) c.j     pc - 8
core   0: 3 0x8000b6c6 (0xbfe5)
core   0: 0x8000b6be (0x00005f17) auipc   t5, 0x5
core   0: 3 0x8000b6be (0x00005f17) x30 0x800106be
core   0: 0x8000b6c2 (0x943f2123) sw      gp, -1726(t5)
core   0: 3 0x8000b6c2 (0x943f2123) mem 0x80010000 0x00000001
core   0: 0x8000b6c6 (0x0000bfe5) c.j     pc - 8
core   0: 3 0x8000b6c6 (0xbfe5)
core   0: 0x8000b6be (0x00005f17) auipc   t5, 0x5
core   0: 3 0x8000b6be (0x00005f17) x30 0x800106be
core   0: 0x8000b6c2 (0x943f2123) sw      gp, -1726(t5)
core   0: 3 0x8000b6c2 (0x943f2123) mem 0x80010000 0x00000001
core   0: 0x8000b6c6 (0x0000bfe5) c.j     pc - 8
core   0: 3 0x8000b6c6 (0xbfe5)
core   0: 0x8000b6be (0x00005f17) auipc   t5, 0x5
core   0: 3 0x8000b6be (0x00005f17) x30 0x800106be
core   0: 0x8000b6c2 (0x943f2123) sw      gp, -1726(t5)
core   0: 3 0x8000b6c2 (0x943f2123) mem 0x80010000 0x00000001
core   0: 0x8000b6c6 (0x0000bfe5) c.j     pc - 8
core   0: 3 0x8000b6c6 (0xbfe5)
core   0: 0x8000b6be (0x00005f17) auipc   t5, 0x5
core   0: 3 0x8000b6be (0x00005f17) x30 0x800106be
core   0: 0x8000b6c2 (0x943f2123) sw      gp, -1726(t5)
core   0: 3 0x8000b6c2 (0x943f2123) mem 0x80010000 0x00000001
core   0: 0x8000b6c6 (0x0000bfe5) c.j     pc - 8
core   0: 3 0x8000b6c6 (0xbfe5)
core   0: 0x8000b6be (0x00005f17) auipc   t5, 0x5
core   0: 3 0x8000b6be (0x00005f17) x30 0x800106be
core   0: 0x8000b6c2 (0x943f2123) sw      gp, -1726(t5)
core   0: 3 0x8000b6c2 (0x943f2123) mem 0x80010000 0x00000001
core   0: 0x8000b6c6 (0x0000bfe5) c.j     pc - 8
core   0: 3 0x8000b6c6 (0xbfe5)
core   0: 0x8000b6be (0x00005f17) auipc   t5, 0x5
core   0: 3 0x8000b6be (0x00005f17) x30 0x800106be
core   0: 0x8000b6c2 (0x943f2123) sw      gp, -1726(t5)
core   0: 3 0x8000b6c2 (0x943f2123) mem 0x80010000 0x00000001
core   0: 0x8000b6c6 (0x0000bfe5) c.j     pc - 8
core   0: 3 0x8000b6c6 (0xbfe5)
core   0: 0x8000b6be (0x00005f17) auipc   t5, 0x5
core   0: 3 0x8000b6be (0x00005f17) x30 0x800106be
core   0: 0x8000b6c2 (0x943f2123) sw      gp, -1726(t5)
core   0: 3 0x8000b6c2 (0x943f2123) mem 0x80010000 0x00000001
core   0: 0x8000b6c6 (0x0000bfe5) c.j     pc - 8
core   0: 3 0x8000b6c6 (0xbfe5)
core   0: 0x8000b6be (0x00005f17) auipc   t5, 0x5
core   0: 3 0x8000b6be (0x00005f17) x30 0x800106be
core   0: 0x8000b6c2 (0x943f2123) sw      gp, -1726(t5)
core   0: 3 0x8000b6c2 (0x943f2123) mem 0x80010000 0x00000001
core   0: 0x8000b6c6 (0x0000bfe5) c.j     pc - 8
core   0: 3 0x8000b6c6 (0xbfe5)
core   0: 0x8000b6be (0x00005f17) auipc   t5, 0x5
core   0: 3 0x8000b6be (0x00005f17) x30 0x800106be
core   0: 0x8000b6c2 (0x943f2123) sw      gp, -1726(t5)
core   0: 3 0x8000b6c2 (0x943f2123) mem 0x80010000 0x00000001
core   0: 0x8000b6c6 (0x0000bfe5) c.j     pc - 8
core   0: 3 0x8000b6c6 (0xbfe5)
core   0: 0x8000b6be (0x00005f17) auipc   t5, 0x5
core   0: 3 0x8000b6be (0x00005f17) x30 0x800106be
core   0: 0x8000b6c2 (0x943f2123) sw      gp, -1726(t5)
core   0: 3 0x8000b6c2 (0x943f2123) mem 0x80010000 0x00000001
core   0: 0x8000b6c6 (0x0000bfe5) c.j     pc - 8
core   0: 3 0x8000b6c6 (0xbfe5)
core   0: 0x8000b6be (0x00005f17) auipc   t5, 0x5
core   0: 3 0x8000b6be (0x00005f17) x30 0x800106be
core   0: 0x8000b6c2 (0x943f2123) sw      gp, -1726(t5)
core   0: 3 0x8000b6c2 (0x943f2123) mem 0x80010000 0x00000001
core   0: 0x8000b6c6 (0x0000bfe5) c.j     pc - 8
core   0: 3 0x8000b6c6 (0xbfe5)
core   0: 0x8000b6be (0x00005f17) auipc   t5, 0x5
core   0: 3 0x8000b6be (0x00005f17) x30 0x800106be
core   0: 0x8000b6c2 (0x943f2123) sw      gp, -1726(t5)
core   0: 3 0x8000b6c2 (0x943f2123) mem 0x80010000 0x00000001
core   0: 0x8000b6c6 (0x0000bfe5) c.j     pc - 8
core   0: 3 0x8000b6c6 (0xbfe5)
core   0: 0x8000b6be (0x00005f17) auipc   t5, 0x5
core   0: 3 0x8000b6be (0x00005f17) x30 0x800106be
core   0: 0x8000b6c2 (0x943f2123) sw      gp, -1726(t5)
core   0: 3 0x8000b6c2 (0x943f2123) mem 0x80010000 0x00000001
core   0: 0x8000b6c6 (0x0000bfe5) c.j     pc - 8
core   0: 3 0x8000b6c6 (0xbfe5)
core   0: 0x8000b6be (0x00005f17) auipc   t5, 0x5
core   0: 3 0x8000b6be (0x00005f17) x30 0x800106be
core   0: 0x8000b6c2 (0x943f2123) sw      gp, -1726(t5)
core   0: 3 0x8000b6c2 (0x943f2123) mem 0x80010000 0x00000001
core   0: 0x8000b6c6 (0x0000bfe5) c.j     pc - 8
core   0: 3 0x8000b6c6 (0xbfe5)
core   0: 0x8000b6be (0x00005f17) auipc   t5, 0x5
core   0: 3 0x8000b6be (0x00005f17) x30 0x800106be
core   0: 0x8000b6c2 (0x943f2123) sw      gp, -1726(t5)
core   0: 3 0x8000b6c2 (0x943f2123) mem 0x80010000 0x00000001
core   0: 0x8000b6c6 (0x0000bfe5) c.j     pc - 8
core   0: 3 0x8000b6c6 (0xbfe5)
core   0: 0x8000b6be (0x00005f17) auipc   t5, 0x5
core   0: 3 0x8000b6be (0x00005f17) x30 0x800106be
core   0: 0x8000b6c2 (0x943f2123) sw      gp, -1726(t5)
core   0: 3 0x8000b6c2 (0x943f2123) mem 0x80010000 0x00000001
core   0: 0x8000b6c6 (0x0000bfe5) c.j     pc - 8
core   0: 3 0x8000b6c6 (0xbfe5)
core   0: 0x8000b6be (0x00005f17) auipc   t5, 0x5
core   0: 3 0x8000b6be (0x00005f17) x30 0x800106be
core   0: 0x8000b6c2 (0x943f2123) sw      gp, -1726(t5)
core   0: 3 0x8000b6c2 (0x943f2123) mem 0x80010000 0x00000001
core   0: 0x8000b6c6 (0x0000bfe5) c.j     pc - 8
core   0: 3 0x8000b6c6 (0xbfe5)
core   0: 0x8000b6be (0x00005f17) auipc   t5, 0x5
core   0: 3 0x8000b6be (0x00005f17) x30 0x800106be
core   0: 0x8000b6c2 (0x943f2123) sw      gp, -1726(t5)
core   0: 3 0x8000b6c2 (0x943f2123) mem 0x80010000 0x00000001
core   0: 0x8000b6c6 (0x0000bfe5) c.j     pc - 8
core   0: 3 0x8000b6c6 (0xbfe5)
core   0: 0x8000b6be (0x00005f17) auipc   t5, 0x5
core   0: 3 0x8000b6be (0x00005f17) x30 0x800106be
core   0: 0x8000b6c2 (0x943f2123) sw      gp, -1726(t5)
core   0: 3 0x8000b6c2 (0x943f2123) mem 0x80010000 0x00000001
core   0: 0x8000b6c6 (0x0000bfe5) c.j     pc - 8
core   0: 3 0x8000b6c6 (0xbfe5)
core   0: 0x8000b6be (0x00005f17) auipc   t5, 0x5
core   0: 3 0x8000b6be (0x00005f17) x30 0x800106be
core   0: 0x8000b6c2 (0x943f2123) sw      gp, -1726(t5)
core   0: 3 0x8000b6c2 (0x943f2123) mem 0x80010000 0x00000001
core   0: 0x8000b6c6 (0x0000bfe5) c.j     pc - 8
core   0: 3 0x8000b6c6 (0xbfe5)
core   0: 0x8000b6be (0x00005f17) auipc   t5, 0x5
core   0: 3 0x8000b6be (0x00005f17) x30 0x800106be
core   0: 0x8000b6c2 (0x943f2123) sw      gp, -1726(t5)
core   0: 3 0x8000b6c2 (0x943f2123) mem 0x80010000 0x00000001
core   0: 0x8000b6c6 (0x0000bfe5) c.j     pc - 8
core   0: 3 0x8000b6c6 (0xbfe5)
core   0: 0x8000b6be (0x00005f17) auipc   t5, 0x5
core   0: 3 0x8000b6be (0x00005f17) x30 0x800106be
core   0: 0x8000b6c2 (0x943f2123) sw      gp, -1726(t5)
core   0: 3 0x8000b6c2 (0x943f2123) mem 0x80010000 0x00000001
core   0: 0x8000b6c6 (0x0000bfe5) c.j     pc - 8
core   0: 3 0x8000b6c6 (0xbfe5)
core   0: 0x8000b6be (0x00005f17) auipc   t5, 0x5
core   0: 3 0x8000b6be (0x00005f17) x30 0x800106be
core   0: 0x8000b6c2 (0x943f2123) sw      gp, -1726(t5)
core   0: 3 0x8000b6c2 (0x943f2123) mem 0x80010000 0x00000001
core   0: 0x8000b6c6 (0x0000bfe5) c.j     pc - 8
core   0: 3 0x8000b6c6 (0xbfe5)
core   0: 0x8000b6be (0x00005f17) auipc   t5, 0x5
core   0: 3 0x8000b6be (0x00005f17) x30 0x800106be
core   0: 0x8000b6c2 (0x943f2123) sw      gp, -1726(t5)
core   0: 3 0x8000b6c2 (0x943f2123) mem 0x80010000 0x00000001
core   0: 0x8000b6c6 (0x0000bfe5) c.j     pc - 8
core   0: 3 0x8000b6c6 (0xbfe5)
core   0: 0x8000b6be (0x00005f17) auipc   t5, 0x5
core   0: 3 0x8000b6be (0x00005f17) x30 0x800106be
core   0: 0x8000b6c2 (0x943f2123) sw      gp, -1726(t5)
core   0: 3 0x8000b6c2 (0x943f2123) mem 0x80010000 0x00000001
core   0: 0x8000b6c6 (0x0000bfe5) c.j     pc - 8
core   0: 3 0x8000b6c6 (0xbfe5)
core   0: 0x8000b6be (0x00005f17) auipc   t5, 0x5
core   0: 3 0x8000b6be (0x00005f17) x30 0x800106be
core   0: 0x8000b6c2 (0x943f2123) sw      gp, -1726(t5)
core   0: 3 0x8000b6c2 (0x943f2123) mem 0x80010000 0x00000001
core   0: 0x8000b6c6 (0x0000bfe5) c.j     pc - 8
core   0: 3 0x8000b6c6 (0xbfe5)
core   0: 0x8000b6be (0x00005f17) auipc   t5, 0x5
core   0: 3 0x8000b6be (0x00005f17) x30 0x800106be
core   0: 0x8000b6c2 (0x943f2123) sw      gp, -1726(t5)
core   0: 3 0x8000b6c2 (0x943f2123) mem 0x80010000 0x00000001
core   0: 0x8000b6c6 (0x0000bfe5) c.j     pc - 8
core   0: 3 0x8000b6c6 (0xbfe5)
core   0: 0x8000b6be (0x00005f17) auipc   t5, 0x5
core   0: 3 0x8000b6be (0x00005f17) x30 0x800106be
core   0: 0x8000b6c2 (0x943f2123) sw      gp, -1726(t5)
core   0: 3 0x8000b6c2 (0x943f2123) mem 0x80010000 0x00000001
core   0: 0x8000b6c6 (0x0000bfe5) c.j     pc - 8
core   0: 3 0x8000b6c6 (0xbfe5)
core   0: 0x8000b6be (0x00005f17) auipc   t5, 0x5
core   0: 3 0x8000b6be (0x00005f17) x30 0x800106be
core   0: 0x8000b6c2 (0x943f2123) sw      gp, -1726(t5)
core   0: 3 0x8000b6c2 (0x943f2123) mem 0x80010000 0x00000001
core   0: 0x8000b6c6 (0x0000bfe5) c.j     pc - 8
core   0: 3 0x8000b6c6 (0xbfe5)
core   0: 0x8000b6be (0x00005f17) auipc   t5, 0x5
core   0: 3 0x8000b6be (0x00005f17) x30 0x800106be
core   0: 0x8000b6c2 (0x943f2123) sw      gp, -1726(t5)
core   0: 3 0x8000b6c2 (0x943f2123) mem 0x80010000 0x00000001
core   0: 0x8000b6c6 (0x0000bfe5) c.j     pc - 8
core   0: 3 0x8000b6c6 (0xbfe5)
core   0: 0x8000b6be (0x00005f17) auipc   t5, 0x5
core   0: 3 0x8000b6be (0x00005f17) x30 0x800106be
core   0: 0x8000b6c2 (0x943f2123) sw      gp, -1726(t5)
core   0: 3 0x8000b6c2 (0x943f2123) mem 0x80010000 0x00000001
core   0: 0x8000b6c6 (0x0000bfe5) c.j     pc - 8
core   0: 3 0x8000b6c6 (0xbfe5)
core   0: 0x8000b6be (0x00005f17) auipc   t5, 0x5
core   0: 3 0x8000b6be (0x00005f17) x30 0x800106be
core   0: 0x8000b6c2 (0x943f2123) sw      gp, -1726(t5)
core   0: 3 0x8000b6c2 (0x943f2123) mem 0x80010000 0x00000001
core   0: 0x8000b6c6 (0x0000bfe5) c.j     pc - 8
core   0: 3 0x8000b6c6 (0xbfe5)
core   0: 0x8000b6be (0x00005f17) auipc   t5, 0x5
core   0: 3 0x8000b6be (0x00005f17) x30 0x800106be
core   0: 0x8000b6c2 (0x943f2123) sw      gp, -1726(t5)
core   0: 3 0x8000b6c2 (0x943f2123) mem 0x80010000 0x00000001
core   0: 0x8000b6c6 (0x0000bfe5) c.j     pc - 8
core   0: 3 0x8000b6c6 (0xbfe5)
core   0: 0x8000b6be (0x00005f17) auipc   t5, 0x5
core   0: 3 0x8000b6be (0x00005f17) x30 0x800106be
core   0: 0x8000b6c2 (0x943f2123) sw      gp, -1726(t5)
core   0: 3 0x8000b6c2 (0x943f2123) mem 0x80010000 0x00000001
core   0: 0x8000b6c6 (0x0000bfe5) c.j     pc - 8
core   0: 3 0x8000b6c6 (0xbfe5)
core   0: 0x8000b6be (0x00005f17) auipc   t5, 0x5
core   0: 3 0x8000b6be (0x00005f17) x30 0x800106be
core   0: 0x8000b6c2 (0x943f2123) sw      gp, -1726(t5)
core   0: 3 0x8000b6c2 (0x943f2123) mem 0x80010000 0x00000001
core   0: 0x8000b6c6 (0x0000bfe5) c.j     pc - 8
core   0: 3 0x8000b6c6 (0xbfe5)
core   0: 0x8000b6be (0x00005f17) auipc   t5, 0x5
core   0: 3 0x8000b6be (0x00005f17) x30 0x800106be
core   0: 0x8000b6c2 (0x943f2123) sw      gp, -1726(t5)
core   0: 3 0x8000b6c2 (0x943f2123) mem 0x80010000 0x00000001
core   0: 0x8000b6c6 (0x0000bfe5) c.j     pc - 8
core   0: 3 0x8000b6c6 (0xbfe5)
core   0: 0x8000b6be (0x00005f17) auipc   t5, 0x5
core   0: 3 0x8000b6be (0x00005f17) x30 0x800106be
core   0: 0x8000b6c2 (0x943f2123) sw      gp, -1726(t5)
core   0: 3 0x8000b6c2 (0x943f2123) mem 0x80010000 0x00000001
core   0: 0x8000b6c6 (0x0000bfe5) c.j     pc - 8
core   0: 3 0x8000b6c6 (0xbfe5)
core   0: 0x8000b6be (0x00005f17) auipc   t5, 0x5
core   0: 3 0x8000b6be (0x00005f17) x30 0x800106be
core   0: 0x8000b6c2 (0x943f2123) sw      gp, -1726(t5)
core   0: 3 0x8000b6c2 (0x943f2123) mem 0x80010000 0x00000001
core   0: 0x8000b6c6 (0x0000bfe5) c.j     pc - 8
core   0: 3 0x8000b6c6 (0xbfe5)
core   0: 0x8000b6be (0x00005f17) auipc   t5, 0x5
core   0: 3 0x8000b6be (0x00005f17) x30 0x800106be
core   0: 0x8000b6c2 (0x943f2123) sw      gp, -1726(t5)
core   0: 3 0x8000b6c2 (0x943f2123) mem 0x80010000 0x00000001
core   0: 0x8000b6c6 (0x0000bfe5) c.j     pc - 8
core   0: 3 0x8000b6c6 (0xbfe5)
core   0: 0x8000b6be (0x00005f17) auipc   t5, 0x5
core   0: 3 0x8000b6be (0x00005f17) x30 0x800106be
core   0: 0x8000b6c2 (0x943f2123) sw      gp, -1726(t5)
core   0: 3 0x8000b6c2 (0x943f2123) mem 0x80010000 0x00000001
core   0: 0x8000b6c6 (0x0000bfe5) c.j     pc - 8
core   0: 3 0x8000b6c6 (0xbfe5)
core   0: 0x8000b6be (0x00005f17) auipc   t5, 0x5
core   0: 3 0x8000b6be (0x00005f17) x30 0x800106be
core   0: 0x8000b6c2 (0x943f2123) sw      gp, -1726(t5)
core   0: 3 0x8000b6c2 (0x943f2123) mem 0x80010000 0x00000001
core   0: 0x8000b6c6 (0x0000bfe5) c.j     pc - 8
core   0: 3 0x8000b6c6 (0xbfe5)
core   0: 0x8000b6be (0x00005f17) auipc   t5, 0x5
core   0: 3 0x8000b6be (0x00005f17) x30 0x800106be
core   0: 0x8000b6c2 (0x943f2123) sw      gp, -1726(t5)
core   0: 3 0x8000b6c2 (0x943f2123) mem 0x80010000 0x00000001
core   0: 0x8000b6c6 (0x0000bfe5) c.j     pc - 8
core   0: 3 0x8000b6c6 (0xbfe5)
core   0: 0x8000b6be (0x00005f17) auipc   t5, 0x5
core   0: 3 0x8000b6be (0x00005f17) x30 0x800106be
core   0: 0x8000b6c2 (0x943f2123) sw      gp, -1726(t5)
core   0: 3 0x8000b6c2 (0x943f2123) mem 0x80010000 0x00000001
core   0: 0x8000b6c6 (0x0000bfe5) c.j     pc - 8
core   0: 3 0x8000b6c6 (0xbfe5)
core   0: 0x8000b6be (0x00005f17) auipc   t5, 0x5
core   0: 3 0x8000b6be (0x00005f17) x30 0x800106be
core   0: 0x8000b6c2 (0x943f2123) sw      gp, -1726(t5)
core   0: 3 0x8000b6c2 (0x943f2123) mem 0x80010000 0x00000001
core   0: 0x8000b6c6 (0x0000bfe5) c.j     pc - 8
core   0: 3 0x8000b6c6 (0xbfe5)
core   0: 0x8000b6be (0x00005f17) auipc   t5, 0x5
core   0: 3 0x8000b6be (0x00005f17) x30 0x800106be
core   0: 0x8000b6c2 (0x943f2123) sw      gp, -1726(t5)
core   0: 3 0x8000b6c2 (0x943f2123) mem 0x80010000 0x00000001
core   0: 0x8000b6c6 (0x0000bfe5) c.j     pc - 8
core   0: 3 0x8000b6c6 (0xbfe5)
core   0: 0x8000b6be (0x00005f17) auipc   t5, 0x5
core   0: 3 0x8000b6be (0x00005f17) x30 0x800106be
core   0: 0x8000b6c2 (0x943f2123) sw      gp, -1726(t5)
core   0: 3 0x8000b6c2 (0x943f2123) mem 0x80010000 0x00000001
core   0: 0x8000b6c6 (0x0000bfe5) c.j     pc - 8
core   0: 3 0x8000b6c6 (0xbfe5)
core   0: 0x8000b6be (0x00005f17) auipc   t5, 0x5
core   0: 3 0x8000b6be (0x00005f17) x30 0x800106be
core   0: 0x8000b6c2 (0x943f2123) sw      gp, -1726(t5)
core   0: 3 0x8000b6c2 (0x943f2123) mem 0x80010000 0x00000001
core   0: 0x8000b6c6 (0x0000bfe5) c.j     pc - 8
core   0: 3 0x8000b6c6 (0xbfe5)
core   0: 0x8000b6be (0x00005f17) auipc   t5, 0x5
core   0: 3 0x8000b6be (0x00005f17) x30 0x800106be
core   0: 0x8000b6c2 (0x943f2123) sw      gp, -1726(t5)
core   0: 3 0x8000b6c2 (0x943f2123) mem 0x80010000 0x00000001
core   0: 0x8000b6c6 (0x0000bfe5) c.j     pc - 8
core   0: 3 0x8000b6c6 (0xbfe5)
core   0: 0x8000b6be (0x00005f17) auipc   t5, 0x5
core   0: 3 0x8000b6be (0x00005f17) x30 0x800106be
core   0: 0x8000b6c2 (0x943f2123) sw      gp, -1726(t5)
core   0: 3 0x8000b6c2 (0x943f2123) mem 0x80010000 0x00000001
core   0: 0x8000b6c6 (0x0000bfe5) c.j     pc - 8
core   0: 3 0x8000b6c6 (0xbfe5)
core   0: 0x8000b6be (0x00005f17) auipc   t5, 0x5
core   0: 3 0x8000b6be (0x00005f17) x30 0x800106be
core   0: 0x8000b6c2 (0x943f2123) sw      gp, -1726(t5)
core   0: 3 0x8000b6c2 (0x943f2123) mem 0x80010000 0x00000001
core   0: 0x8000b6c6 (0x0000bfe5) c.j     pc - 8
core   0: 3 0x8000b6c6 (0xbfe5)
core   0: 0x8000b6be (0x00005f17) auipc   t5, 0x5
core   0: 3 0x8000b6be (0x00005f17) x30 0x800106be
core   0: 0x8000b6c2 (0x943f2123) sw      gp, -1726(t5)
core   0: 3 0x8000b6c2 (0x943f2123) mem 0x80010000 0x00000001
core   0: 0x8000b6c6 (0x0000bfe5) c.j     pc - 8
core   0: 3 0x8000b6c6 (0xbfe5)
core   0: 0x8000b6be (0x00005f17) auipc   t5, 0x5
core   0: 3 0x8000b6be (0x00005f17) x30 0x800106be
core   0: 0x8000b6c2 (0x943f2123) sw      gp, -1726(t5)
core   0: 3 0x8000b6c2 (0x943f2123) mem 0x80010000 0x00000001
core   0: 0x8000b6c6 (0x0000bfe5) c.j     pc - 8
core   0: 3 0x8000b6c6 (0xbfe5)
core   0: 0x8000b6be (0x00005f17) auipc   t5, 0x5
core   0: 3 0x8000b6be (0x00005f17) x30 0x800106be
core   0: 0x8000b6c2 (0x943f2123) sw      gp, -1726(t5)
core   0: 3 0x8000b6c2 (0x943f2123) mem 0x80010000 0x00000001
core   0: 0x8000b6c6 (0x0000bfe5) c.j     pc - 8
core   0: 3 0x8000b6c6 (0xbfe5)
core   0: 0x8000b6be (0x00005f17) auipc   t5, 0x5
core   0: 3 0x8000b6be (0x00005f17) x30 0x800106be
core   0: 0x8000b6c2 (0x943f2123) sw      gp, -1726(t5)
core   0: 3 0x8000b6c2 (0x943f2123) mem 0x80010000 0x00000001
core   0: 0x8000b6c6 (0x0000bfe5) c.j     pc - 8
core   0: 3 0x8000b6c6 (0xbfe5)
core   0: 0x8000b6be (0x00005f17) auipc   t5, 0x5
core   0: 3 0x8000b6be (0x00005f17) x30 0x800106be
core   0: 0x8000b6c2 (0x943f2123) sw      gp, -1726(t5)
core   0: 3 0x8000b6c2 (0x943f2123) mem 0x80010000 0x00000001
core   0: 0x8000b6c6 (0x0000bfe5) c.j     pc - 8
core   0: 3 0x8000b6c6 (0xbfe5)
core   0: 0x8000b6be (0x00005f17) auipc   t5, 0x5
core   0: 3 0x8000b6be (0x00005f17) x30 0x800106be
core   0: 0x8000b6c2 (0x943f2123) sw      gp, -1726(t5)
core   0: 3 0x8000b6c2 (0x943f2123) mem 0x80010000 0x00000001
core   0: 0x8000b6c6 (0x0000bfe5) c.j     pc - 8
core   0: 3 0x8000b6c6 (0xbfe5)
core   0: 0x8000b6be (0x00005f17) auipc   t5, 0x5
core   0: 3 0x8000b6be (0x00005f17) x30 0x800106be
core   0: 0x8000b6c2 (0x943f2123) sw      gp, -1726(t5)
core   0: 3 0x8000b6c2 (0x943f2123) mem 0x80010000 0x00000001
core   0: 0x8000b6c6 (0x0000bfe5) c.j     pc - 8
core   0: 3 0x8000b6c6 (0xbfe5)
core   0: 0x8000b6be (0x00005f17) auipc   t5, 0x5
core   0: 3 0x8000b6be (0x00005f17) x30 0x800106be
core   0: 0x8000b6c2 (0x943f2123) sw      gp, -1726(t5)
core   0: 3 0x8000b6c2 (0x943f2123) mem 0x80010000 0x00000001
core   0: 0x8000b6c6 (0x0000bfe5) c.j     pc - 8
core   0: 3 0x8000b6c6 (0xbfe5)
core   0: 0x8000b6be (0x00005f17) auipc   t5, 0x5
core   0: 3 0x8000b6be (0x00005f17) x30 0x800106be
core   0: 0x8000b6c2 (0x943f2123) sw      gp, -1726(t5)
core   0: 3 0x8000b6c2 (0x943f2123) mem 0x80010000 0x00000001
core   0: 0x8000b6c6 (0x0000bfe5) c.j     pc - 8
core   0: 3 0x8000b6c6 (0xbfe5)
core   0: 0x8000b6be (0x00005f17) auipc   t5, 0x5
core   0: 3 0x8000b6be (0x00005f17) x30 0x800106be
core   0: 0x8000b6c2 (0x943f2123) sw      gp, -1726(t5)
core   0: 3 0x8000b6c2 (0x943f2123) mem 0x80010000 0x00000001
core   0: 0x8000b6c6 (0x0000bfe5) c.j     pc - 8
core   0: 3 0x8000b6c6 (0xbfe5)
core   0: 0x8000b6be (0x00005f17) auipc   t5, 0x5
core   0: 3 0x8000b6be (0x00005f17) x30 0x800106be
core   0: 0x8000b6c2 (0x943f2123) sw      gp, -1726(t5)
core   0: 3 0x8000b6c2 (0x943f2123) mem 0x80010000 0x00000001
core   0: 0x8000b6c6 (0x0000bfe5) c.j     pc - 8
core   0: 3 0x8000b6c6 (0xbfe5)
core   0: 0x8000b6be (0x00005f17) auipc   t5, 0x5
core   0: 3 0x8000b6be (0x00005f17) x30 0x800106be
core   0: 0x8000b6c2 (0x943f2123) sw      gp, -1726(t5)
core   0: 3 0x8000b6c2 (0x943f2123) mem 0x80010000 0x00000001
core   0: 0x8000b6c6 (0x0000bfe5) c.j     pc - 8
core   0: 3 0x8000b6c6 (0xbfe5)
core   0: 0x8000b6be (0x00005f17) auipc   t5, 0x5
core   0: 3 0x8000b6be (0x00005f17) x30 0x800106be
core   0: 0x8000b6c2 (0x943f2123) sw      gp, -1726(t5)
core   0: 3 0x8000b6c2 (0x943f2123) mem 0x80010000 0x00000001
core   0: 0x8000b6c6 (0x0000bfe5) c.j     pc - 8
core   0: 3 0x8000b6c6 (0xbfe5)
core   0: 0x8000b6be (0x00005f17) auipc   t5, 0x5
core   0: 3 0x8000b6be (0x00005f17) x30 0x800106be
core   0: 0x8000b6c2 (0x943f2123) sw      gp, -1726(t5)
core   0: 3 0x8000b6c2 (0x943f2123) mem 0x80010000 0x00000001
core   0: 0x8000b6c6 (0x0000bfe5) c.j     pc - 8
core   0: 3 0x8000b6c6 (0xbfe5)
core   0: 0x8000b6be (0x00005f17) auipc   t5, 0x5
core   0: 3 0x8000b6be (0x00005f17) x30 0x800106be
core   0: 0x8000b6c2 (0x943f2123) sw      gp, -1726(t5)
core   0: 3 0x8000b6c2 (0x943f2123) mem 0x80010000 0x00000001
core   0: 0x8000b6c6 (0x0000bfe5) c.j     pc - 8
core   0: 3 0x8000b6c6 (0xbfe5)
core   0: 0x8000b6be (0x00005f17) auipc   t5, 0x5
core   0: 3 0x8000b6be (0x00005f17) x30 0x800106be
core   0: 0x8000b6c2 (0x943f2123) sw      gp, -1726(t5)
core   0: 3 0x8000b6c2 (0x943f2123) mem 0x80010000 0x00000001
core   0: 0x8000b6c6 (0x0000bfe5) c.j     pc - 8
core   0: 3 0x8000b6c6 (0xbfe5)
core   0: 0x8000b6be (0x00005f17) auipc   t5, 0x5
core   0: 3 0x8000b6be (0x00005f17) x30 0x800106be
core   0: 0x8000b6c2 (0x943f2123) sw      gp, -1726(t5)
core   0: 3 0x8000b6c2 (0x943f2123) mem 0x80010000 0x00000001
core   0: 0x8000b6c6 (0x0000bfe5) c.j     pc - 8
core   0: 3 0x8000b6c6 (0xbfe5)
core   0: 0x8000b6be (0x00005f17) auipc   t5, 0x5
core   0: 3 0x8000b6be (0x00005f17) x30 0x800106be
core   0: 0x8000b6c2 (0x943f2123) sw      gp, -1726(t5)
core   0: 3 0x8000b6c2 (0x943f2123) mem 0x80010000 0x00000001
core   0: 0x8000b6c6 (0x0000bfe5) c.j     pc - 8
core   0: 3 0x8000b6c6 (0xbfe5)
core   0: 0x8000b6be (0x00005f17) auipc   t5, 0x5
core   0: 3 0x8000b6be (0x00005f17) x30 0x800106be
core   0: 0x8000b6c2 (0x943f2123) sw      gp, -1726(t5)
core   0: 3 0x8000b6c2 (0x943f2123) mem 0x80010000 0x00000001
core   0: 0x8000b6c6 (0x0000bfe5) c.j     pc - 8
core   0: 3 0x8000b6c6 (0xbfe5)
core   0: 0x8000b6be (0x00005f17) auipc   t5, 0x5
core   0: 3 0x8000b6be (0x00005f17) x30 0x800106be
core   0: 0x8000b6c2 (0x943f2123) sw      gp, -1726(t5)
core   0: 3 0x8000b6c2 (0x943f2123) mem 0x80010000 0x00000001
core   0: 0x8000b6c6 (0x0000bfe5) c.j     pc - 8
core   0: 3 0x8000b6c6 (0xbfe5)
core   0: 0x8000b6be (0x00005f17) auipc   t5, 0x5
core   0: 3 0x8000b6be (0x00005f17) x30 0x800106be
core   0: 0x8000b6c2 (0x943f2123) sw      gp, -1726(t5)
core   0: 3 0x8000b6c2 (0x943f2123) mem 0x80010000 0x00000001
core   0: 0x8000b6c6 (0x0000bfe5) c.j     pc - 8
core   0: 3 0x8000b6c6 (0xbfe5)
core   0: 0x8000b6be (0x00005f17) auipc   t5, 0x5
core   0: 3 0x8000b6be (0x00005f17) x30 0x800106be
core   0: 0x8000b6c2 (0x943f2123) sw      gp, -1726(t5)
core   0: 3 0x8000b6c2 (0x943f2123) mem 0x80010000 0x00000001
core   0: 0x8000b6c6 (0x0000bfe5) c.j     pc - 8
core   0: 3 0x8000b6c6 (0xbfe5)
core   0: 0x8000b6be (0x00005f17) auipc   t5, 0x5
core   0: 3 0x8000b6be (0x00005f17) x30 0x800106be
core   0: 0x8000b6c2 (0x943f2123) sw      gp, -1726(t5)
core   0: 3 0x8000b6c2 (0x943f2123) mem 0x80010000 0x00000001
core   0: 0x8000b6c6 (0x0000bfe5) c.j     pc - 8
core   0: 3 0x8000b6c6 (0xbfe5)
core   0: 0x8000b6be (0x00005f17) auipc   t5, 0x5
core   0: 3 0x8000b6be (0x00005f17) x30 0x800106be
core   0: 0x8000b6c2 (0x943f2123) sw      gp, -1726(t5)
core   0: 3 0x8000b6c2 (0x943f2123) mem 0x80010000 0x00000001
core   0: 0x8000b6c6 (0x0000bfe5) c.j     pc - 8
core   0: 3 0x8000b6c6 (0xbfe5)
core   0: 0x8000b6be (0x00005f17) auipc   t5, 0x5
core   0: 3 0x8000b6be (0x00005f17) x30 0x800106be
core   0: 0x8000b6c2 (0x943f2123) sw      gp, -1726(t5)
core   0: 3 0x8000b6c2 (0x943f2123) mem 0x80010000 0x00000001
core   0: 0x8000b6c6 (0x0000bfe5) c.j     pc - 8
core   0: 3 0x8000b6c6 (0xbfe5)
core   0: 0x8000b6be (0x00005f17) auipc   t5, 0x5
core   0: 3 0x8000b6be (0x00005f17) x30 0x800106be
core   0: 0x8000b6c2 (0x943f2123) sw      gp, -1726(t5)
core   0: 3 0x8000b6c2 (0x943f2123) mem 0x80010000 0x00000001
core   0: 0x8000b6c6 (0x0000bfe5) c.j     pc - 8
core   0: 3 0x8000b6c6 (0xbfe5)
core   0: 0x8000b6be (0x00005f17) auipc   t5, 0x5
core   0: 3 0x8000b6be (0x00005f17) x30 0x800106be
core   0: 0x8000b6c2 (0x943f2123) sw      gp, -1726(t5)
core   0: 3 0x8000b6c2 (0x943f2123) mem 0x80010000 0x00000001
core   0: 0x8000b6c6 (0x0000bfe5) c.j     pc - 8
core   0: 3 0x8000b6c6 (0xbfe5)
core   0: 0x8000b6be (0x00005f17) auipc   t5, 0x5
core   0: 3 0x8000b6be (0x00005f17) x30 0x800106be
core   0: 0x8000b6c2 (0x943f2123) sw      gp, -1726(t5)
core   0: 3 0x8000b6c2 (0x943f2123) mem 0x80010000 0x00000001
core   0: 0x8000b6c6 (0x0000bfe5) c.j     pc - 8
core   0: 3 0x8000b6c6 (0xbfe5)
core   0: 0x8000b6be (0x00005f17) auipc   t5, 0x5
core   0: 3 0x8000b6be (0x00005f17) x30 0x800106be
core   0: 0x8000b6c2 (0x943f2123) sw      gp, -1726(t5)
core   0: 3 0x8000b6c2 (0x943f2123) mem 0x80010000 0x00000001
core   0: 0x8000b6c6 (0x0000bfe5) c.j     pc - 8
core   0: 3 0x8000b6c6 (0xbfe5)
core   0: 0x8000b6be (0x00005f17) auipc   t5, 0x5
core   0: 3 0x8000b6be (0x00005f17) x30 0x800106be
core   0: 0x8000b6c2 (0x943f2123) sw      gp, -1726(t5)
core   0: 3 0x8000b6c2 (0x943f2123) mem 0x80010000 0x00000001
core   0: 0x8000b6c6 (0x0000bfe5) c.j     pc - 8
core   0: 3 0x8000b6c6 (0xbfe5)
core   0: 0x8000b6be (0x00005f17) auipc   t5, 0x5
core   0: 3 0x8000b6be (0x00005f17) x30 0x800106be
core   0: 0x8000b6c2 (0x943f2123) sw      gp, -1726(t5)
core   0: 3 0x8000b6c2 (0x943f2123) mem 0x80010000 0x00000001
core   0: 0x8000b6c6 (0x0000bfe5) c.j     pc - 8
core   0: 3 0x8000b6c6 (0xbfe5)
core   0: 0x8000b6be (0x00005f17) auipc   t5, 0x5
core   0: 3 0x8000b6be (0x00005f17) x30 0x800106be
core   0: 0x8000b6c2 (0x943f2123) sw      gp, -1726(t5)
core   0: 3 0x8000b6c2 (0x943f2123) mem 0x80010000 0x00000001
core   0: 0x8000b6c6 (0x0000bfe5) c.j     pc - 8
core   0: 3 0x8000b6c6 (0xbfe5)
core   0: 0x8000b6be (0x00005f17) auipc   t5, 0x5
core   0: 3 0x8000b6be (0x00005f17) x30 0x800106be
core   0: 0x8000b6c2 (0x943f2123) sw      gp, -1726(t5)
core   0: 3 0x8000b6c2 (0x943f2123) mem 0x80010000 0x00000001
core   0: 0x8000b6c6 (0x0000bfe5) c.j     pc - 8
core   0: 3 0x8000b6c6 (0xbfe5)
core   0: 0x8000b6be (0x00005f17) auipc   t5, 0x5
core   0: 3 0x8000b6be (0x00005f17) x30 0x800106be
core   0: 0x8000b6c2 (0x943f2123) sw      gp, -1726(t5)
core   0: 3 0x8000b6c2 (0x943f2123) mem 0x80010000 0x00000001
core   0: 0x8000b6c6 (0x0000bfe5) c.j     pc - 8
core   0: 3 0x8000b6c6 (0xbfe5)
core   0: 0x8000b6be (0x00005f17) auipc   t5, 0x5
core   0: 3 0x8000b6be (0x00005f17) x30 0x800106be
core   0: 0x8000b6c2 (0x943f2123) sw      gp, -1726(t5)
core   0: 3 0x8000b6c2 (0x943f2123) mem 0x80010000 0x00000001
core   0: 0x8000b6c6 (0x0000bfe5) c.j     pc - 8
core   0: 3 0x8000b6c6 (0xbfe5)
core   0: 0x8000b6be (0x00005f17) auipc   t5, 0x5
core   0: 3 0x8000b6be (0x00005f17) x30 0x800106be
core   0: 0x8000b6c2 (0x943f2123) sw      gp, -1726(t5)
core   0: 3 0x8000b6c2 (0x943f2123) mem 0x80010000 0x00000001
core   0: 0x8000b6c6 (0x0000bfe5) c.j     pc - 8
core   0: 3 0x8000b6c6 (0xbfe5)
core   0: 0x8000b6be (0x00005f17) auipc   t5, 0x5
core   0: 3 0x8000b6be (0x00005f17) x30 0x800106be
core   0: 0x8000b6c2 (0x943f2123) sw      gp, -1726(t5)
core   0: 3 0x8000b6c2 (0x943f2123) mem 0x80010000 0x00000001
core   0: 0x8000b6c6 (0x0000bfe5) c.j     pc - 8
core   0: 3 0x8000b6c6 (0xbfe5)
core   0: 0x8000b6be (0x00005f17) auipc   t5, 0x5
core   0: 3 0x8000b6be (0x00005f17) x30 0x800106be
core   0: 0x8000b6c2 (0x943f2123) sw      gp, -1726(t5)
core   0: 3 0x8000b6c2 (0x943f2123) mem 0x80010000 0x00000001
core   0: 0x8000b6c6 (0x0000bfe5) c.j     pc - 8
core   0: 3 0x8000b6c6 (0xbfe5)
core   0: 0x8000b6be (0x00005f17) auipc   t5, 0x5
core   0: 3 0x8000b6be (0x00005f17) x30 0x800106be
core   0: 0x8000b6c2 (0x943f2123) sw      gp, -1726(t5)
core   0: 3 0x8000b6c2 (0x943f2123) mem 0x80010000 0x00000001
core   0: 0x8000b6c6 (0x0000bfe5) c.j     pc - 8
core   0: 3 0x8000b6c6 (0xbfe5)
core   0: 0x8000b6be (0x00005f17) auipc   t5, 0x5
core   0: 3 0x8000b6be (0x00005f17) x30 0x800106be
core   0: 0x8000b6c2 (0x943f2123) sw      gp, -1726(t5)
core   0: 3 0x8000b6c2 (0x943f2123) mem 0x80010000 0x00000001
core   0: 0x8000b6c6 (0x0000bfe5) c.j     pc - 8
core   0: 3 0x8000b6c6 (0xbfe5)
core   0: 0x8000b6be (0x00005f17) auipc   t5, 0x5
core   0: 3 0x8000b6be (0x00005f17) x30 0x800106be
core   0: 0x8000b6c2 (0x943f2123) sw      gp, -1726(t5)
core   0: 3 0x8000b6c2 (0x943f2123) mem 0x80010000 0x00000001
core   0: 0x8000b6c6 (0x0000bfe5) c.j     pc - 8
core   0: 3 0x8000b6c6 (0xbfe5)
core   0: 0x8000b6be (0x00005f17) auipc   t5, 0x5
core   0: 3 0x8000b6be (0x00005f17) x30 0x800106be
core   0: 0x8000b6c2 (0x943f2123) sw      gp, -1726(t5)
core   0: 3 0x8000b6c2 (0x943f2123) mem 0x80010000 0x00000001
core   0: 0x8000b6c6 (0x0000bfe5) c.j     pc - 8
core   0: 3 0x8000b6c6 (0xbfe5)
core   0: 0x8000b6be (0x00005f17) auipc   t5, 0x5
core   0: 3 0x8000b6be (0x00005f17) x30 0x800106be
core   0: 0x8000b6c2 (0x943f2123) sw      gp, -1726(t5)
core   0: 3 0x8000b6c2 (0x943f2123) mem 0x80010000 0x00000001
core   0: 0x8000b6c6 (0x0000bfe5) c.j     pc - 8
core   0: 3 0x8000b6c6 (0xbfe5)
core   0: 0x8000b6be (0x00005f17) auipc   t5, 0x5
core   0: 3 0x8000b6be (0x00005f17) x30 0x800106be
core   0: 0x8000b6c2 (0x943f2123) sw      gp, -1726(t5)
core   0: 3 0x8000b6c2 (0x943f2123) mem 0x80010000 0x00000001
core   0: 0x8000b6c6 (0x0000bfe5) c.j     pc - 8
core   0: 3 0x8000b6c6 (0xbfe5)
core   0: 0x8000b6be (0x00005f17) auipc   t5, 0x5
core   0: 3 0x8000b6be (0x00005f17) x30 0x800106be
core   0: 0x8000b6c2 (0x943f2123) sw      gp, -1726(t5)
core   0: 3 0x8000b6c2 (0x943f2123) mem 0x80010000 0x00000001
core   0: 0x8000b6c6 (0x0000bfe5) c.j     pc - 8
core   0: 3 0x8000b6c6 (0xbfe5)
core   0: 0x8000b6be (0x00005f17) auipc   t5, 0x5
core   0: 3 0x8000b6be (0x00005f17) x30 0x800106be
core   0: 0x8000b6c2 (0x943f2123) sw      gp, -1726(t5)
core   0: 3 0x8000b6c2 (0x943f2123) mem 0x80010000 0x00000001
core   0: 0x8000b6c6 (0x0000bfe5) c.j     pc - 8
core   0: 3 0x8000b6c6 (0xbfe5)
core   0: 0x8000b6be (0x00005f17) auipc   t5, 0x5
core   0: 3 0x8000b6be (0x00005f17) x30 0x800106be
core   0: 0x8000b6c2 (0x943f2123) sw      gp, -1726(t5)
core   0: 3 0x8000b6c2 (0x943f2123) mem 0x80010000 0x00000001
core   0: 0x8000b6c6 (0x0000bfe5) c.j     pc - 8
core   0: 3 0x8000b6c6 (0xbfe5)
core   0: 0x8000b6be (0x00005f17) auipc   t5, 0x5
core   0: 3 0x8000b6be (0x00005f17) x30 0x800106be
core   0: 0x8000b6c2 (0x943f2123) sw      gp, -1726(t5)
core   0: 3 0x8000b6c2 (0x943f2123) mem 0x80010000 0x00000001
core   0: 0x8000b6c6 (0x0000bfe5) c.j     pc - 8
core   0: 3 0x8000b6c6 (0xbfe5)
core   0: 0x8000b6be (0x00005f17) auipc   t5, 0x5
core   0: 3 0x8000b6be (0x00005f17) x30 0x800106be
core   0: 0x8000b6c2 (0x943f2123) sw      gp, -1726(t5)
core   0: 3 0x8000b6c2 (0x943f2123) mem 0x80010000 0x00000001
core   0: 0x8000b6c6 (0x0000bfe5) c.j     pc - 8
core   0: 3 0x8000b6c6 (0xbfe5)
core   0: 0x8000b6be (0x00005f17) auipc   t5, 0x5
core   0: 3 0x8000b6be (0x00005f17) x30 0x800106be
core   0: 0x8000b6c2 (0x943f2123) sw      gp, -1726(t5)
core   0: 3 0x8000b6c2 (0x943f2123) mem 0x80010000 0x00000001
core   0: 0x8000b6c6 (0x0000bfe5) c.j     pc - 8
core   0: 3 0x8000b6c6 (0xbfe5)
core   0: 0x8000b6be (0x00005f17) auipc   t5, 0x5
core   0: 3 0x8000b6be (0x00005f17) x30 0x800106be
core   0: 0x8000b6c2 (0x943f2123) sw      gp, -1726(t5)
core   0: 3 0x8000b6c2 (0x943f2123) mem 0x80010000 0x00000001
core   0: 0x8000b6c6 (0x0000bfe5) c.j     pc - 8
core   0: 3 0x8000b6c6 (0xbfe5)
core   0: 0x8000b6be (0x00005f17) auipc   t5, 0x5
core   0: 3 0x8000b6be (0x00005f17) x30 0x800106be
core   0: 0x8000b6c2 (0x943f2123) sw      gp, -1726(t5)
core   0: 3 0x8000b6c2 (0x943f2123) mem 0x80010000 0x00000001
core   0: 0x8000b6c6 (0x0000bfe5) c.j     pc - 8
core   0: 3 0x8000b6c6 (0xbfe5)
core   0: 0x8000b6be (0x00005f17) auipc   t5, 0x5
core   0: 3 0x8000b6be (0x00005f17) x30 0x800106be
core   0: 0x8000b6c2 (0x943f2123) sw      gp, -1726(t5)
core   0: 3 0x8000b6c2 (0x943f2123) mem 0x80010000 0x00000001
core   0: 0x8000b6c6 (0x0000bfe5) c.j     pc - 8
core   0: 3 0x8000b6c6 (0xbfe5)
core   0: 0x8000b6be (0x00005f17) auipc   t5, 0x5
core   0: 3 0x8000b6be (0x00005f17) x30 0x800106be
core   0: 0x8000b6c2 (0x943f2123) sw      gp, -1726(t5)
core   0: 3 0x8000b6c2 (0x943f2123) mem 0x80010000 0x00000001
core   0: 0x8000b6c6 (0x0000bfe5) c.j     pc - 8
core   0: 3 0x8000b6c6 (0xbfe5)
core   0: 0x8000b6be (0x00005f17) auipc   t5, 0x5
core   0: 3 0x8000b6be (0x00005f17) x30 0x800106be
core   0: 0x8000b6c2 (0x943f2123) sw      gp, -1726(t5)
core   0: 3 0x8000b6c2 (0x943f2123) mem 0x80010000 0x00000001
core   0: 0x8000b6c6 (0x0000bfe5) c.j     pc - 8
core   0: 3 0x8000b6c6 (0xbfe5)
core   0: 0x8000b6be (0x00005f17) auipc   t5, 0x5
core   0: 3 0x8000b6be (0x00005f17) x30 0x800106be
core   0: 0x8000b6c2 (0x943f2123) sw      gp, -1726(t5)
core   0: 3 0x8000b6c2 (0x943f2123) mem 0x80010000 0x00000001
core   0: 0x8000b6c6 (0x0000bfe5) c.j     pc - 8
core   0: 3 0x8000b6c6 (0xbfe5)
core   0: 0x8000b6be (0x00005f17) auipc   t5, 0x5
core   0: 3 0x8000b6be (0x00005f17) x30 0x800106be
core   0: 0x8000b6c2 (0x943f2123) sw      gp, -1726(t5)
core   0: 3 0x8000b6c2 (0x943f2123) mem 0x80010000 0x00000001
core   0: 0x8000b6c6 (0x0000bfe5) c.j     pc - 8
core   0: 3 0x8000b6c6 (0xbfe5)
core   0: 0x8000b6be (0x00005f17) auipc   t5, 0x5
core   0: 3 0x8000b6be (0x00005f17) x30 0x800106be
core   0: 0x8000b6c2 (0x943f2123) sw      gp, -1726(t5)
core   0: 3 0x8000b6c2 (0x943f2123) mem 0x80010000 0x00000001
core   0: 0x8000b6c6 (0x0000bfe5) c.j     pc - 8
core   0: 3 0x8000b6c6 (0xbfe5)
core   0: 0x8000b6be (0x00005f17) auipc   t5, 0x5
core   0: 3 0x8000b6be (0x00005f17) x30 0x800106be
core   0: 0x8000b6c2 (0x943f2123) sw      gp, -1726(t5)
core   0: 3 0x8000b6c2 (0x943f2123) mem 0x80010000 0x00000001
core   0: 0x8000b6c6 (0x0000bfe5) c.j     pc - 8
core   0: 3 0x8000b6c6 (0xbfe5)
core   0: 0x8000b6be (0x00005f17) auipc   t5, 0x5
core   0: 3 0x8000b6be (0x00005f17) x30 0x800106be
core   0: 0x8000b6c2 (0x943f2123) sw      gp, -1726(t5)
core   0: 3 0x8000b6c2 (0x943f2123) mem 0x80010000 0x00000001
core   0: 0x8000b6c6 (0x0000bfe5) c.j     pc - 8
core   0: 3 0x8000b6c6 (0xbfe5)
core   0: 0x8000b6be (0x00005f17) auipc   t5, 0x5
core   0: 3 0x8000b6be (0x00005f17) x30 0x800106be
core   0: 0x8000b6c2 (0x943f2123) sw      gp, -1726(t5)
core   0: 3 0x8000b6c2 (0x943f2123) mem 0x80010000 0x00000001
core   0: 0x8000b6c6 (0x0000bfe5) c.j     pc - 8
core   0: 3 0x8000b6c6 (0xbfe5)
core   0: 0x8000b6be (0x00005f17) auipc   t5, 0x5
core   0: 3 0x8000b6be (0x00005f17) x30 0x800106be
core   0: 0x8000b6c2 (0x943f2123) sw      gp, -1726(t5)
core   0: 3 0x8000b6c2 (0x943f2123) mem 0x80010000 0x00000001
core   0: 0x8000b6c6 (0x0000bfe5) c.j     pc - 8
core   0: 3 0x8000b6c6 (0xbfe5)
core   0: 0x8000b6be (0x00005f17) auipc   t5, 0x5
core   0: 3 0x8000b6be (0x00005f17) x30 0x800106be
core   0: 0x8000b6c2 (0x943f2123) sw      gp, -1726(t5)
core   0: 3 0x8000b6c2 (0x943f2123) mem 0x80010000 0x00000001
core   0: 0x8000b6c6 (0x0000bfe5) c.j     pc - 8
core   0: 3 0x8000b6c6 (0xbfe5)
core   0: 0x8000b6be (0x00005f17) auipc   t5, 0x5
core   0: 3 0x8000b6be (0x00005f17) x30 0x800106be
core   0: 0x8000b6c2 (0x943f2123) sw      gp, -1726(t5)
core   0: 3 0x8000b6c2 (0x943f2123) mem 0x80010000 0x00000001
core   0: 0x8000b6c6 (0x0000bfe5) c.j     pc - 8
core   0: 3 0x8000b6c6 (0xbfe5)
core   0: 0x8000b6be (0x00005f17) auipc   t5, 0x5
core   0: 3 0x8000b6be (0x00005f17) x30 0x800106be
core   0: 0x8000b6c2 (0x943f2123) sw      gp, -1726(t5)
core   0: 3 0x8000b6c2 (0x943f2123) mem 0x80010000 0x00000001
core   0: 0x8000b6c6 (0x0000bfe5) c.j     pc - 8
core   0: 3 0x8000b6c6 (0xbfe5)
core   0: 0x8000b6be (0x00005f17) auipc   t5, 0x5
core   0: 3 0x8000b6be (0x00005f17) x30 0x800106be
core   0: 0x8000b6c2 (0x943f2123) sw      gp, -1726(t5)
core   0: 3 0x8000b6c2 (0x943f2123) mem 0x80010000 0x00000001
core   0: 0x8000b6c6 (0x0000bfe5) c.j     pc - 8
core   0: 3 0x8000b6c6 (0xbfe5)
core   0: 0x8000b6be (0x00005f17) auipc   t5, 0x5
core   0: 3 0x8000b6be (0x00005f17) x30 0x800106be
core   0: 0x8000b6c2 (0x943f2123) sw      gp, -1726(t5)
core   0: 3 0x8000b6c2 (0x943f2123) mem 0x80010000 0x00000001
core   0: 0x8000b6c6 (0x0000bfe5) c.j     pc - 8
core   0: 3 0x8000b6c6 (0xbfe5)
core   0: 0x8000b6be (0x00005f17) auipc   t5, 0x5
core   0: 3 0x8000b6be (0x00005f17) x30 0x800106be
core   0: 0x8000b6c2 (0x943f2123) sw      gp, -1726(t5)
core   0: 3 0x8000b6c2 (0x943f2123) mem 0x80010000 0x00000001
core   0: 0x8000b6c6 (0x0000bfe5) c.j     pc - 8
core   0: 3 0x8000b6c6 (0xbfe5)
core   0: 0x8000b6be (0x00005f17) auipc   t5, 0x5
core   0: 3 0x8000b6be (0x00005f17) x30 0x800106be
core   0: 0x8000b6c2 (0x943f2123) sw      gp, -1726(t5)
core   0: 3 0x8000b6c2 (0x943f2123) mem 0x80010000 0x00000001
core   0: 0x8000b6c6 (0x0000bfe5) c.j     pc - 8
core   0: 3 0x8000b6c6 (0xbfe5)
core   0: 0x8000b6be (0x00005f17) auipc   t5, 0x5
core   0: 3 0x8000b6be (0x00005f17) x30 0x800106be
core   0: 0x8000b6c2 (0x943f2123) sw      gp, -1726(t5)
core   0: 3 0x8000b6c2 (0x943f2123) mem 0x80010000 0x00000001
core   0: 0x8000b6c6 (0x0000bfe5) c.j     pc - 8
core   0: 3 0x8000b6c6 (0xbfe5)
core   0: 0x8000b6be (0x00005f17) auipc   t5, 0x5
core   0: 3 0x8000b6be (0x00005f17) x30 0x800106be
core   0: 0x8000b6c2 (0x943f2123) sw      gp, -1726(t5)
core   0: 3 0x8000b6c2 (0x943f2123) mem 0x80010000 0x00000001
core   0: 0x8000b6c6 (0x0000bfe5) c.j     pc - 8
core   0: 3 0x8000b6c6 (0xbfe5)
core   0: 0x8000b6be (0x00005f17) auipc   t5, 0x5
core   0: 3 0x8000b6be (0x00005f17) x30 0x800106be
core   0: 0x8000b6c2 (0x943f2123) sw      gp, -1726(t5)
core   0: 3 0x8000b6c2 (0x943f2123) mem 0x80010000 0x00000001
core   0: 0x8000b6c6 (0x0000bfe5) c.j     pc - 8
core   0: 3 0x8000b6c6 (0xbfe5)
core   0: 0x8000b6be (0x00005f17) auipc   t5, 0x5
core   0: 3 0x8000b6be (0x00005f17) x30 0x800106be
core   0: 0x8000b6c2 (0x943f2123) sw      gp, -1726(t5)
core   0: 3 0x8000b6c2 (0x943f2123) mem 0x80010000 0x00000001
core   0: 0x8000b6c6 (0x0000bfe5) c.j     pc - 8
core   0: 3 0x8000b6c6 (0xbfe5)
core   0: 0x8000b6be (0x00005f17) auipc   t5, 0x5
core   0: 3 0x8000b6be (0x00005f17) x30 0x800106be
core   0: 0x8000b6c2 (0x943f2123) sw      gp, -1726(t5)
core   0: 3 0x8000b6c2 (0x943f2123) mem 0x80010000 0x00000001
core   0: 0x8000b6c6 (0x0000bfe5) c.j     pc - 8
core   0: 3 0x8000b6c6 (0xbfe5)
core   0: 0x8000b6be (0x00005f17) auipc   t5, 0x5
core   0: 3 0x8000b6be (0x00005f17) x30 0x800106be
core   0: 0x8000b6c2 (0x943f2123) sw      gp, -1726(t5)
core   0: 3 0x8000b6c2 (0x943f2123) mem 0x80010000 0x00000001
core   0: 0x8000b6c6 (0x0000bfe5) c.j     pc - 8
core   0: 3 0x8000b6c6 (0xbfe5)
core   0: 0x8000b6be (0x00005f17) auipc   t5, 0x5
core   0: 3 0x8000b6be (0x00005f17) x30 0x800106be
core   0: 0x8000b6c2 (0x943f2123) sw      gp, -1726(t5)
core   0: 3 0x8000b6c2 (0x943f2123) mem 0x80010000 0x00000001
core   0: 0x8000b6c6 (0x0000bfe5) c.j     pc - 8
core   0: 3 0x8000b6c6 (0xbfe5)
core   0: 0x8000b6be (0x00005f17) auipc   t5, 0x5
core   0: 3 0x8000b6be (0x00005f17) x30 0x800106be
core   0: 0x8000b6c2 (0x943f2123) sw      gp, -1726(t5)
core   0: 3 0x8000b6c2 (0x943f2123) mem 0x80010000 0x00000001
core   0: 0x8000b6c6 (0x0000bfe5) c.j     pc - 8
core   0: 3 0x8000b6c6 (0xbfe5)
core   0: 0x8000b6be (0x00005f17) auipc   t5, 0x5
core   0: 3 0x8000b6be (0x00005f17) x30 0x800106be
core   0: 0x8000b6c2 (0x943f2123) sw      gp, -1726(t5)
core   0: 3 0x8000b6c2 (0x943f2123) mem 0x80010000 0x00000001
core   0: 0x8000b6c6 (0x0000bfe5) c.j     pc - 8
core   0: 3 0x8000b6c6 (0xbfe5)
core   0: 0x8000b6be (0x00005f17) auipc   t5, 0x5
core   0: 3 0x8000b6be (0x00005f17) x30 0x800106be
core   0: 0x8000b6c2 (0x943f2123) sw      gp, -1726(t5)
core   0: 3 0x8000b6c2 (0x943f2123) mem 0x80010000 0x00000001
core   0: 0x8000b6c6 (0x0000bfe5) c.j     pc - 8
core   0: 3 0x8000b6c6 (0xbfe5)
core   0: 0x8000b6be (0x00005f17) auipc   t5, 0x5
core   0: 3 0x8000b6be (0x00005f17) x30 0x800106be
core   0: 0x8000b6c2 (0x943f2123) sw      gp, -1726(t5)
core   0: 3 0x8000b6c2 (0x943f2123) mem 0x80010000 0x00000001
core   0: 0x8000b6c6 (0x0000bfe5) c.j     pc - 8
core   0: 3 0x8000b6c6 (0xbfe5)
core   0: 0x8000b6be (0x00005f17) auipc   t5, 0x5
core   0: 3 0x8000b6be (0x00005f17) x30 0x800106be
core   0: 0x8000b6c2 (0x943f2123) sw      gp, -1726(t5)
core   0: 3 0x8000b6c2 (0x943f2123) mem 0x80010000 0x00000001
core   0: 0x8000b6c6 (0x0000bfe5) c.j     pc - 8
core   0: 3 0x8000b6c6 (0xbfe5)
core   0: 0x8000b6be (0x00005f17) auipc   t5, 0x5
core   0: 3 0x8000b6be (0x00005f17) x30 0x800106be
core   0: 0x8000b6c2 (0x943f2123) sw      gp, -1726(t5)
core   0: 3 0x8000b6c2 (0x943f2123) mem 0x80010000 0x00000001
core   0: 0x8000b6c6 (0x0000bfe5) c.j     pc - 8
core   0: 3 0x8000b6c6 (0xbfe5)
core   0: 0x8000b6be (0x00005f17) auipc   t5, 0x5
core   0: 3 0x8000b6be (0x00005f17) x30 0x800106be
core   0: 0x8000b6c2 (0x943f2123) sw      gp, -1726(t5)
core   0: 3 0x8000b6c2 (0x943f2123) mem 0x80010000 0x00000001
core   0: 0x8000b6c6 (0x0000bfe5) c.j     pc - 8
core   0: 3 0x8000b6c6 (0xbfe5)
core   0: 0x8000b6be (0x00005f17) auipc   t5, 0x5
core   0: 3 0x8000b6be (0x00005f17) x30 0x800106be
core   0: 0x8000b6c2 (0x943f2123) sw      gp, -1726(t5)
core   0: 3 0x8000b6c2 (0x943f2123) mem 0x80010000 0x00000001
core   0: 0x8000b6c6 (0x0000bfe5) c.j     pc - 8
core   0: 3 0x8000b6c6 (0xbfe5)
core   0: 0x8000b6be (0x00005f17) auipc   t5, 0x5
core   0: 3 0x8000b6be (0x00005f17) x30 0x800106be
core   0: 0x8000b6c2 (0x943f2123) sw      gp, -1726(t5)
core   0: 3 0x8000b6c2 (0x943f2123) mem 0x80010000 0x00000001
core   0: 0x8000b6c6 (0x0000bfe5) c.j     pc - 8
core   0: 3 0x8000b6c6 (0xbfe5)
core   0: 0x8000b6be (0x00005f17) auipc   t5, 0x5
core   0: 3 0x8000b6be (0x00005f17) x30 0x800106be
core   0: 0x8000b6c2 (0x943f2123) sw      gp, -1726(t5)
core   0: 3 0x8000b6c2 (0x943f2123) mem 0x80010000 0x00000001
core   0: 0x8000b6c6 (0x0000bfe5) c.j     pc - 8
core   0: 3 0x8000b6c6 (0xbfe5)
core   0: 0x8000b6be (0x00005f17) auipc   t5, 0x5
core   0: 3 0x8000b6be (0x00005f17) x30 0x800106be
core   0: 0x8000b6c2 (0x943f2123) sw      gp, -1726(t5)
core   0: 3 0x8000b6c2 (0x943f2123) mem 0x80010000 0x00000001
core   0: 0x8000b6c6 (0x0000bfe5) c.j     pc - 8
core   0: 3 0x8000b6c6 (0xbfe5)
core   0: 0x8000b6be (0x00005f17) auipc   t5, 0x5
core   0: 3 0x8000b6be (0x00005f17) x30 0x800106be
core   0: 0x8000b6c2 (0x943f2123) sw      gp, -1726(t5)
core   0: 3 0x8000b6c2 (0x943f2123) mem 0x80010000 0x00000001
core   0: 0x8000b6c6 (0x0000bfe5) c.j     pc - 8
core   0: 3 0x8000b6c6 (0xbfe5)
core   0: 0x8000b6be (0x00005f17) auipc   t5, 0x5
core   0: 3 0x8000b6be (0x00005f17) x30 0x800106be
core   0: 0x8000b6c2 (0x943f2123) sw      gp, -1726(t5)
core   0: 3 0x8000b6c2 (0x943f2123) mem 0x80010000 0x00000001
core   0: 0x8000b6c6 (0x0000bfe5) c.j     pc - 8
core   0: 3 0x8000b6c6 (0xbfe5)
core   0: 0x8000b6be (0x00005f17) auipc   t5, 0x5
core   0: 3 0x8000b6be (0x00005f17) x30 0x800106be
core   0: 0x8000b6c2 (0x943f2123) sw      gp, -1726(t5)
core   0: 3 0x8000b6c2 (0x943f2123) mem 0x80010000 0x00000001
core   0: 0x8000b6c6 (0x0000bfe5) c.j     pc - 8
core   0: 3 0x8000b6c6 (0xbfe5)
core   0: 0x8000b6be (0x00005f17) auipc   t5, 0x5
core   0: 3 0x8000b6be (0x00005f17) x30 0x800106be
core   0: 0x8000b6c2 (0x943f2123) sw      gp, -1726(t5)
core   0: 3 0x8000b6c2 (0x943f2123) mem 0x80010000 0x00000001
core   0: 0x8000b6c6 (0x0000bfe5) c.j     pc - 8
core   0: 3 0x8000b6c6 (0xbfe5)
core   0: 0x8000b6be (0x00005f17) auipc   t5, 0x5
core   0: 3 0x8000b6be (0x00005f17) x30 0x800106be
core   0: 0x8000b6c2 (0x943f2123) sw      gp, -1726(t5)
core   0: 3 0x8000b6c2 (0x943f2123) mem 0x80010000 0x00000001
core   0: 0x8000b6c6 (0x0000bfe5) c.j     pc - 8
core   0: 3 0x8000b6c6 (0xbfe5)
core   0: 0x8000b6be (0x00005f17) auipc   t5, 0x5
core   0: 3 0x8000b6be (0x00005f17) x30 0x800106be
core   0: 0x8000b6c2 (0x943f2123) sw      gp, -1726(t5)
core   0: 3 0x8000b6c2 (0x943f2123) mem 0x80010000 0x00000001
core   0: 0x8000b6c6 (0x0000bfe5) c.j     pc - 8
core   0: 3 0x8000b6c6 (0xbfe5)
core   0: 0x8000b6be (0x00005f17) auipc   t5, 0x5
core   0: 3 0x8000b6be (0x00005f17) x30 0x800106be
core   0: 0x8000b6c2 (0x943f2123) sw      gp, -1726(t5)
core   0: 3 0x8000b6c2 (0x943f2123) mem 0x80010000 0x00000001
core   0: 0x8000b6c6 (0x0000bfe5) c.j     pc - 8
core   0: 3 0x8000b6c6 (0xbfe5)
core   0: 0x8000b6be (0x00005f17) auipc   t5, 0x5
core   0: 3 0x8000b6be (0x00005f17) x30 0x800106be
core   0: 0x8000b6c2 (0x943f2123) sw      gp, -1726(t5)
core   0: 3 0x8000b6c2 (0x943f2123) mem 0x80010000 0x00000001
core   0: 0x8000b6c6 (0x0000bfe5) c.j     pc - 8
core   0: 3 0x8000b6c6 (0xbfe5)
core   0: 0x8000b6be (0x00005f17) auipc   t5, 0x5
core   0: 3 0x8000b6be (0x00005f17) x30 0x800106be
core   0: 0x8000b6c2 (0x943f2123) sw      gp, -1726(t5)
core   0: 3 0x8000b6c2 (0x943f2123) mem 0x80010000 0x00000001
core   0: 0x8000b6c6 (0x0000bfe5) c.j     pc - 8
core   0: 3 0x8000b6c6 (0xbfe5)
core   0: 0x8000b6be (0x00005f17) auipc   t5, 0x5
core   0: 3 0x8000b6be (0x00005f17) x30 0x800106be
core   0: 0x8000b6c2 (0x943f2123) sw      gp, -1726(t5)
core   0: 3 0x8000b6c2 (0x943f2123) mem 0x80010000 0x00000001
core   0: 0x8000b6c6 (0x0000bfe5) c.j     pc - 8
core   0: 3 0x8000b6c6 (0xbfe5)
core   0: 0x8000b6be (0x00005f17) auipc   t5, 0x5
core   0: 3 0x8000b6be (0x00005f17) x30 0x800106be
core   0: 0x8000b6c2 (0x943f2123) sw      gp, -1726(t5)
core   0: 3 0x8000b6c2 (0x943f2123) mem 0x80010000 0x00000001
core   0: 0x8000b6c6 (0x0000bfe5) c.j     pc - 8
core   0: 3 0x8000b6c6 (0xbfe5)
core   0: 0x8000b6be (0x00005f17) auipc   t5, 0x5
core   0: 3 0x8000b6be (0x00005f17) x30 0x800106be
core   0: 0x8000b6c2 (0x943f2123) sw      gp, -1726(t5)
core   0: 3 0x8000b6c2 (0x943f2123) mem 0x80010000 0x00000001
core   0: 0x8000b6c6 (0x0000bfe5) c.j     pc - 8
core   0: 3 0x8000b6c6 (0xbfe5)
core   0: 0x8000b6be (0x00005f17) auipc   t5, 0x5
core   0: 3 0x8000b6be (0x00005f17) x30 0x800106be
core   0: 0x8000b6c2 (0x943f2123) sw      gp, -1726(t5)
core   0: 3 0x8000b6c2 (0x943f2123) mem 0x80010000 0x00000001
core   0: 0x8000b6c6 (0x0000bfe5) c.j     pc - 8
core   0: 3 0x8000b6c6 (0xbfe5)
core   0: 0x8000b6be (0x00005f17) auipc   t5, 0x5
core   0: 3 0x8000b6be (0x00005f17) x30 0x800106be
core   0: 0x8000b6c2 (0x943f2123) sw      gp, -1726(t5)
core   0: 3 0x8000b6c2 (0x943f2123) mem 0x80010000 0x00000001
core   0: 0x8000b6c6 (0x0000bfe5) c.j     pc - 8
core   0: 3 0x8000b6c6 (0xbfe5)
core   0: 0x8000b6be (0x00005f17) auipc   t5, 0x5
core   0: 3 0x8000b6be (0x00005f17) x30 0x800106be
core   0: 0x8000b6c2 (0x943f2123) sw      gp, -1726(t5)
core   0: 3 0x8000b6c2 (0x943f2123) mem 0x80010000 0x00000001
core   0: 0x8000b6c6 (0x0000bfe5) c.j     pc - 8
core   0: 3 0x8000b6c6 (0xbfe5)
core   0: 0x8000b6be (0x00005f17) auipc   t5, 0x5
core   0: 3 0x8000b6be (0x00005f17) x30 0x800106be
core   0: 0x8000b6c2 (0x943f2123) sw      gp, -1726(t5)
core   0: 3 0x8000b6c2 (0x943f2123) mem 0x80010000 0x00000001
core   0: 0x8000b6c6 (0x0000bfe5) c.j     pc - 8
core   0: 3 0x8000b6c6 (0xbfe5)
core   0: 0x8000b6be (0x00005f17) auipc   t5, 0x5
core   0: 3 0x8000b6be (0x00005f17) x30 0x800106be
core   0: 0x8000b6c2 (0x943f2123) sw      gp, -1726(t5)
core   0: 3 0x8000b6c2 (0x943f2123) mem 0x80010000 0x00000001
core   0: 0x8000b6c6 (0x0000bfe5) c.j     pc - 8
core   0: 3 0x8000b6c6 (0xbfe5)
core   0: 0x8000b6be (0x00005f17) auipc   t5, 0x5
core   0: 3 0x8000b6be (0x00005f17) x30 0x800106be
core   0: 0x8000b6c2 (0x943f2123) sw      gp, -1726(t5)
core   0: 3 0x8000b6c2 (0x943f2123) mem 0x80010000 0x00000001
core   0: 0x8000b6c6 (0x0000bfe5) c.j     pc - 8
core   0: 3 0x8000b6c6 (0xbfe5)
core   0: 0x8000b6be (0x00005f17) auipc   t5, 0x5
core   0: 3 0x8000b6be (0x00005f17) x30 0x800106be
core   0: 0x8000b6c2 (0x943f2123) sw      gp, -1726(t5)
core   0: 3 0x8000b6c2 (0x943f2123) mem 0x80010000 0x00000001
core   0: 0x8000b6c6 (0x0000bfe5) c.j     pc - 8
core   0: 3 0x8000b6c6 (0xbfe5)
core   0: 0x8000b6be (0x00005f17) auipc   t5, 0x5
core   0: 3 0x8000b6be (0x00005f17) x30 0x800106be
core   0: 0x8000b6c2 (0x943f2123) sw      gp, -1726(t5)
core   0: 3 0x8000b6c2 (0x943f2123) mem 0x80010000 0x00000001
core   0: 0x8000b6c6 (0x0000bfe5) c.j     pc - 8
core   0: 3 0x8000b6c6 (0xbfe5)
core   0: 0x8000b6be (0x00005f17) auipc   t5, 0x5
core   0: 3 0x8000b6be (0x00005f17) x30 0x800106be
core   0: 0x8000b6c2 (0x943f2123) sw      gp, -1726(t5)
core   0: 3 0x8000b6c2 (0x943f2123) mem 0x80010000 0x00000001
core   0: 0x8000b6c6 (0x0000bfe5) c.j     pc - 8
core   0: 3 0x8000b6c6 (0xbfe5)
core   0: 0x8000b6be (0x00005f17) auipc   t5, 0x5
core   0: 3 0x8000b6be (0x00005f17) x30 0x800106be
core   0: 0x8000b6c2 (0x943f2123) sw      gp, -1726(t5)
core   0: 3 0x8000b6c2 (0x943f2123) mem 0x80010000 0x00000001
core   0: 0x8000b6c6 (0x0000bfe5) c.j     pc - 8
core   0: 3 0x8000b6c6 (0xbfe5)
core   0: 0x8000b6be (0x00005f17) auipc   t5, 0x5
core   0: 3 0x8000b6be (0x00005f17) x30 0x800106be
core   0: 0x8000b6c2 (0x943f2123) sw      gp, -1726(t5)
core   0: 3 0x8000b6c2 (0x943f2123) mem 0x80010000 0x00000001
core   0: 0x8000b6c6 (0x0000bfe5) c.j     pc - 8
core   0: 3 0x8000b6c6 (0xbfe5)
core   0: 0x8000b6be (0x00005f17) auipc   t5, 0x5
core   0: 3 0x8000b6be (0x00005f17) x30 0x800106be
core   0: 0x8000b6c2 (0x943f2123) sw      gp, -1726(t5)
core   0: 3 0x8000b6c2 (0x943f2123) mem 0x80010000 0x00000001
core   0: 0x8000b6c6 (0x0000bfe5) c.j     pc - 8
core   0: 3 0x8000b6c6 (0xbfe5)
core   0: 0x8000b6be (0x00005f17) auipc   t5, 0x5
core   0: 3 0x8000b6be (0x00005f17) x30 0x800106be
core   0: 0x8000b6c2 (0x943f2123) sw      gp, -1726(t5)
core   0: 3 0x8000b6c2 (0x943f2123) mem 0x80010000 0x00000001
core   0: 0x8000b6c6 (0x0000bfe5) c.j     pc - 8
core   0: 3 0x8000b6c6 (0xbfe5)
core   0: 0x8000b6be (0x00005f17) auipc   t5, 0x5
core   0: 3 0x8000b6be (0x00005f17) x30 0x800106be
core   0: 0x8000b6c2 (0x943f2123) sw      gp, -1726(t5)
core   0: 3 0x8000b6c2 (0x943f2123) mem 0x80010000 0x00000001
core   0: 0x8000b6c6 (0x0000bfe5) c.j     pc - 8
core   0: 3 0x8000b6c6 (0xbfe5)
core   0: 0x8000b6be (0x00005f17) auipc   t5, 0x5
core   0: 3 0x8000b6be (0x00005f17) x30 0x800106be
core   0: 0x8000b6c2 (0x943f2123) sw      gp, -1726(t5)
core   0: 3 0x8000b6c2 (0x943f2123) mem 0x80010000 0x00000001
core   0: 0x8000b6c6 (0x0000bfe5) c.j     pc - 8
core   0: 3 0x8000b6c6 (0xbfe5)
core   0: 0x8000b6be (0x00005f17) auipc   t5, 0x5
core   0: 3 0x8000b6be (0x00005f17) x30 0x800106be
core   0: 0x8000b6c2 (0x943f2123) sw      gp, -1726(t5)
core   0: 3 0x8000b6c2 (0x943f2123) mem 0x80010000 0x00000001
core   0: 0x8000b6c6 (0x0000bfe5) c.j     pc - 8
core   0: 3 0x8000b6c6 (0xbfe5)
core   0: 0x8000b6be (0x00005f17) auipc   t5, 0x5
core   0: 3 0x8000b6be (0x00005f17) x30 0x800106be
core   0: 0x8000b6c2 (0x943f2123) sw      gp, -1726(t5)
core   0: 3 0x8000b6c2 (0x943f2123) mem 0x80010000 0x00000001
core   0: 0x8000b6c6 (0x0000bfe5) c.j     pc - 8
core   0: 3 0x8000b6c6 (0xbfe5)
core   0: 0x8000b6be (0x00005f17) auipc   t5, 0x5
core   0: 3 0x8000b6be (0x00005f17) x30 0x800106be
core   0: 0x8000b6c2 (0x943f2123) sw      gp, -1726(t5)
core   0: 3 0x8000b6c2 (0x943f2123) mem 0x80010000 0x00000001
core   0: 0x8000b6c6 (0x0000bfe5) c.j     pc - 8
core   0: 3 0x8000b6c6 (0xbfe5)
core   0: 0x8000b6be (0x00005f17) auipc   t5, 0x5
core   0: 3 0x8000b6be (0x00005f17) x30 0x800106be
core   0: 0x8000b6c2 (0x943f2123) sw      gp, -1726(t5)
core   0: 3 0x8000b6c2 (0x943f2123) mem 0x80010000 0x00000001
core   0: 0x8000b6c6 (0x0000bfe5) c.j     pc - 8
core   0: 3 0x8000b6c6 (0xbfe5)
core   0: 0x8000b6be (0x00005f17) auipc   t5, 0x5
core   0: 3 0x8000b6be (0x00005f17) x30 0x800106be
core   0: 0x8000b6c2 (0x943f2123) sw      gp, -1726(t5)
core   0: 3 0x8000b6c2 (0x943f2123) mem 0x80010000 0x00000001
core   0: 0x8000b6c6 (0x0000bfe5) c.j     pc - 8
core   0: 3 0x8000b6c6 (0xbfe5)
core   0: 0x8000b6be (0x00005f17) auipc   t5, 0x5
core   0: 3 0x8000b6be (0x00005f17) x30 0x800106be
core   0: 0x8000b6c2 (0x943f2123) sw      gp, -1726(t5)
core   0: 3 0x8000b6c2 (0x943f2123) mem 0x80010000 0x00000001
core   0: 0x8000b6c6 (0x0000bfe5) c.j     pc - 8
core   0: 3 0x8000b6c6 (0xbfe5)
core   0: 0x8000b6be (0x00005f17) auipc   t5, 0x5
core   0: 3 0x8000b6be (0x00005f17) x30 0x800106be
core   0: 0x8000b6c2 (0x943f2123) sw      gp, -1726(t5)
core   0: 3 0x8000b6c2 (0x943f2123) mem 0x80010000 0x00000001
core   0: 0x8000b6c6 (0x0000bfe5) c.j     pc - 8
core   0: 3 0x8000b6c6 (0xbfe5)
core   0: 0x8000b6be (0x00005f17) auipc   t5, 0x5
core   0: 3 0x8000b6be (0x00005f17) x30 0x800106be
core   0: 0x8000b6c2 (0x943f2123) sw      gp, -1726(t5)
core   0: 3 0x8000b6c2 (0x943f2123) mem 0x80010000 0x00000001
core   0: 0x8000b6c6 (0x0000bfe5) c.j     pc - 8
core   0: 3 0x8000b6c6 (0xbfe5)
core   0: 0x8000b6be (0x00005f17) auipc   t5, 0x5
core   0: 3 0x8000b6be (0x00005f17) x30 0x800106be
core   0: 0x8000b6c2 (0x943f2123) sw      gp, -1726(t5)
core   0: 3 0x8000b6c2 (0x943f2123) mem 0x80010000 0x00000001
core   0: 0x8000b6c6 (0x0000bfe5) c.j     pc - 8
core   0: 3 0x8000b6c6 (0xbfe5)
core   0: 0x8000b6be (0x00005f17) auipc   t5, 0x5
core   0: 3 0x8000b6be (0x00005f17) x30 0x800106be
core   0: 0x8000b6c2 (0x943f2123) sw      gp, -1726(t5)
core   0: 3 0x8000b6c2 (0x943f2123) mem 0x80010000 0x00000001
core   0: 0x8000b6c6 (0x0000bfe5) c.j     pc - 8
core   0: 3 0x8000b6c6 (0xbfe5)
core   0: 0x8000b6be (0x00005f17) auipc   t5, 0x5
core   0: 3 0x8000b6be (0x00005f17) x30 0x800106be
core   0: 0x8000b6c2 (0x943f2123) sw      gp, -1726(t5)
core   0: 3 0x8000b6c2 (0x943f2123) mem 0x80010000 0x00000001
core   0: 0x8000b6c6 (0x0000bfe5) c.j     pc - 8
core   0: 3 0x8000b6c6 (0xbfe5)
core   0: 0x8000b6be (0x00005f17) auipc   t5, 0x5
core   0: 3 0x8000b6be (0x00005f17) x30 0x800106be
core   0: 0x8000b6c2 (0x943f2123) sw      gp, -1726(t5)
core   0: 3 0x8000b6c2 (0x943f2123) mem 0x80010000 0x00000001
core   0: 0x8000b6c6 (0x0000bfe5) c.j     pc - 8
core   0: 3 0x8000b6c6 (0xbfe5)
core   0: 0x8000b6be (0x00005f17) auipc   t5, 0x5
core   0: 3 0x8000b6be (0x00005f17) x30 0x800106be
core   0: 0x8000b6c2 (0x943f2123) sw      gp, -1726(t5)
core   0: 3 0x8000b6c2 (0x943f2123) mem 0x80010000 0x00000001
core   0: 0x8000b6c6 (0x0000bfe5) c.j     pc - 8
core   0: 3 0x8000b6c6 (0xbfe5)
core   0: 0x8000b6be (0x00005f17) auipc   t5, 0x5
core   0: 3 0x8000b6be (0x00005f17) x30 0x800106be
core   0: 0x8000b6c2 (0x943f2123) sw      gp, -1726(t5)
core   0: 3 0x8000b6c2 (0x943f2123) mem 0x80010000 0x00000001
core   0: 0x8000b6c6 (0x0000bfe5) c.j     pc - 8
core   0: 3 0x8000b6c6 (0xbfe5)
core   0: 0x8000b6be (0x00005f17) auipc   t5, 0x5
core   0: 3 0x8000b6be (0x00005f17) x30 0x800106be
core   0: 0x8000b6c2 (0x943f2123) sw      gp, -1726(t5)
core   0: 3 0x8000b6c2 (0x943f2123) mem 0x80010000 0x00000001
core   0: 0x8000b6c6 (0x0000bfe5) c.j     pc - 8
core   0: 3 0x8000b6c6 (0xbfe5)
core   0: 0x8000b6be (0x00005f17) auipc   t5, 0x5
core   0: 3 0x8000b6be (0x00005f17) x30 0x800106be
core   0: 0x8000b6c2 (0x943f2123) sw      gp, -1726(t5)
core   0: 3 0x8000b6c2 (0x943f2123) mem 0x80010000 0x00000001
core   0: 0x8000b6c6 (0x0000bfe5) c.j     pc - 8
core   0: 3 0x8000b6c6 (0xbfe5)
core   0: 0x8000b6be (0x00005f17) auipc   t5, 0x5
core   0: 3 0x8000b6be (0x00005f17) x30 0x800106be
core   0: 0x8000b6c2 (0x943f2123) sw      gp, -1726(t5)
core   0: 3 0x8000b6c2 (0x943f2123) mem 0x80010000 0x00000001
core   0: 0x8000b6c6 (0x0000bfe5) c.j     pc - 8
core   0: 3 0x8000b6c6 (0xbfe5)
core   0: 0x8000b6be (0x00005f17) auipc   t5, 0x5
core   0: 3 0x8000b6be (0x00005f17) x30 0x800106be
core   0: 0x8000b6c2 (0x943f2123) sw      gp, -1726(t5)
core   0: 3 0x8000b6c2 (0x943f2123) mem 0x80010000 0x00000001
core   0: 0x8000b6c6 (0x0000bfe5) c.j     pc - 8
core   0: 3 0x8000b6c6 (0xbfe5)
core   0: 0x8000b6be (0x00005f17) auipc   t5, 0x5
core   0: 3 0x8000b6be (0x00005f17) x30 0x800106be
core   0: 0x8000b6c2 (0x943f2123) sw      gp, -1726(t5)
core   0: 3 0x8000b6c2 (0x943f2123) mem 0x80010000 0x00000001
core   0: 0x8000b6c6 (0x0000bfe5) c.j     pc - 8
core   0: 3 0x8000b6c6 (0xbfe5)
core   0: 0x8000b6be (0x00005f17) auipc   t5, 0x5
core   0: 3 0x8000b6be (0x00005f17) x30 0x800106be
core   0: 0x8000b6c2 (0x943f2123) sw      gp, -1726(t5)
core   0: 3 0x8000b6c2 (0x943f2123) mem 0x80010000 0x00000001
core   0: 0x8000b6c6 (0x0000bfe5) c.j     pc - 8
core   0: 3 0x8000b6c6 (0xbfe5)
core   0: 0x8000b6be (0x00005f17) auipc   t5, 0x5
core   0: 3 0x8000b6be (0x00005f17) x30 0x800106be
core   0: 0x8000b6c2 (0x943f2123) sw      gp, -1726(t5)
core   0: 3 0x8000b6c2 (0x943f2123) mem 0x80010000 0x00000001
core   0: 0x8000b6c6 (0x0000bfe5) c.j     pc - 8
core   0: 3 0x8000b6c6 (0xbfe5)
core   0: 0x8000b6be (0x00005f17) auipc   t5, 0x5
core   0: 3 0x8000b6be (0x00005f17) x30 0x800106be
core   0: 0x8000b6c2 (0x943f2123) sw      gp, -1726(t5)
core   0: 3 0x8000b6c2 (0x943f2123) mem 0x80010000 0x00000001
core   0: 0x8000b6c6 (0x0000bfe5) c.j     pc - 8
core   0: 3 0x8000b6c6 (0xbfe5)
core   0: 0x8000b6be (0x00005f17) auipc   t5, 0x5
core   0: 3 0x8000b6be (0x00005f17) x30 0x800106be
core   0: 0x8000b6c2 (0x943f2123) sw      gp, -1726(t5)
core   0: 3 0x8000b6c2 (0x943f2123) mem 0x80010000 0x00000001
core   0: 0x8000b6c6 (0x0000bfe5) c.j     pc - 8
core   0: 3 0x8000b6c6 (0xbfe5)
core   0: 0x8000b6be (0x00005f17) auipc   t5, 0x5
core   0: 3 0x8000b6be (0x00005f17) x30 0x800106be
core   0: 0x8000b6c2 (0x943f2123) sw      gp, -1726(t5)
core   0: 3 0x8000b6c2 (0x943f2123) mem 0x80010000 0x00000001
core   0: 0x8000b6c6 (0x0000bfe5) c.j     pc - 8
core   0: 3 0x8000b6c6 (0xbfe5)
core   0: 0x8000b6be (0x00005f17) auipc   t5, 0x5
core   0: 3 0x8000b6be (0x00005f17) x30 0x800106be
core   0: 0x8000b6c2 (0x943f2123) sw      gp, -1726(t5)
core   0: 3 0x8000b6c2 (0x943f2123) mem 0x80010000 0x00000001
core   0: 0x8000b6c6 (0x0000bfe5) c.j     pc - 8
core   0: 3 0x8000b6c6 (0xbfe5)
core   0: 0x8000b6be (0x00005f17) auipc   t5, 0x5
core   0: 3 0x8000b6be (0x00005f17) x30 0x800106be
core   0: 0x8000b6c2 (0x943f2123) sw      gp, -1726(t5)
core   0: 3 0x8000b6c2 (0x943f2123) mem 0x80010000 0x00000001
core   0: 0x8000b6c6 (0x0000bfe5) c.j     pc - 8
core   0: 3 0x8000b6c6 (0xbfe5)
core   0: 0x8000b6be (0x00005f17) auipc   t5, 0x5
core   0: 3 0x8000b6be (0x00005f17) x30 0x800106be
core   0: 0x8000b6c2 (0x943f2123) sw      gp, -1726(t5)
core   0: 3 0x8000b6c2 (0x943f2123) mem 0x80010000 0x00000001
core   0: 0x8000b6c6 (0x0000bfe5) c.j     pc - 8
core   0: 3 0x8000b6c6 (0xbfe5)
core   0: 0x8000b6be (0x00005f17) auipc   t5, 0x5
core   0: 3 0x8000b6be (0x00005f17) x30 0x800106be
core   0: 0x8000b6c2 (0x943f2123) sw      gp, -1726(t5)
core   0: 3 0x8000b6c2 (0x943f2123) mem 0x80010000 0x00000001
core   0: 0x8000b6c6 (0x0000bfe5) c.j     pc - 8
core   0: 3 0x8000b6c6 (0xbfe5)
core   0: 0x8000b6be (0x00005f17) auipc   t5, 0x5
core   0: 3 0x8000b6be (0x00005f17) x30 0x800106be
core   0: 0x8000b6c2 (0x943f2123) sw      gp, -1726(t5)
core   0: 3 0x8000b6c2 (0x943f2123) mem 0x80010000 0x00000001
core   0: 0x8000b6c6 (0x0000bfe5) c.j     pc - 8
core   0: 3 0x8000b6c6 (0xbfe5)
core   0: 0x8000b6be (0x00005f17) auipc   t5, 0x5
core   0: 3 0x8000b6be (0x00005f17) x30 0x800106be
core   0: 0x8000b6c2 (0x943f2123) sw      gp, -1726(t5)
core   0: 3 0x8000b6c2 (0x943f2123) mem 0x80010000 0x00000001
core   0: 0x8000b6c6 (0x0000bfe5) c.j     pc - 8
core   0: 3 0x8000b6c6 (0xbfe5)
core   0: 0x8000b6be (0x00005f17) auipc   t5, 0x5
core   0: 3 0x8000b6be (0x00005f17) x30 0x800106be
core   0: 0x8000b6c2 (0x943f2123) sw      gp, -1726(t5)
core   0: 3 0x8000b6c2 (0x943f2123) mem 0x80010000 0x00000001
core   0: 0x8000b6c6 (0x0000bfe5) c.j     pc - 8
core   0: 3 0x8000b6c6 (0xbfe5)
core   0: 0x8000b6be (0x00005f17) auipc   t5, 0x5
core   0: 3 0x8000b6be (0x00005f17) x30 0x800106be
core   0: 0x8000b6c2 (0x943f2123) sw      gp, -1726(t5)
core   0: 3 0x8000b6c2 (0x943f2123) mem 0x80010000 0x00000001
core   0: 0x8000b6c6 (0x0000bfe5) c.j     pc - 8
core   0: 3 0x8000b6c6 (0xbfe5)
core   0: 0x8000b6be (0x00005f17) auipc   t5, 0x5
core   0: 3 0x8000b6be (0x00005f17) x30 0x800106be
core   0: 0x8000b6c2 (0x943f2123) sw      gp, -1726(t5)
core   0: 3 0x8000b6c2 (0x943f2123) mem 0x80010000 0x00000001
core   0: 0x8000b6c6 (0x0000bfe5) c.j     pc - 8
core   0: 3 0x8000b6c6 (0xbfe5)
core   0: 0x8000b6be (0x00005f17) auipc   t5, 0x5
core   0: 3 0x8000b6be (0x00005f17) x30 0x800106be
core   0: 0x8000b6c2 (0x943f2123) sw      gp, -1726(t5)
core   0: 3 0x8000b6c2 (0x943f2123) mem 0x80010000 0x00000001
core   0: 0x8000b6c6 (0x0000bfe5) c.j     pc - 8
core   0: 3 0x8000b6c6 (0xbfe5)
core   0: 0x8000b6be (0x00005f17) auipc   t5, 0x5
core   0: 3 0x8000b6be (0x00005f17) x30 0x800106be
core   0: 0x8000b6c2 (0x943f2123) sw      gp, -1726(t5)
core   0: 3 0x8000b6c2 (0x943f2123) mem 0x80010000 0x00000001
core   0: 0x8000b6c6 (0x0000bfe5) c.j     pc - 8
core   0: 3 0x8000b6c6 (0xbfe5)
core   0: 0x8000b6be (0x00005f17) auipc   t5, 0x5
core   0: 3 0x8000b6be (0x00005f17) x30 0x800106be
core   0: 0x8000b6c2 (0x943f2123) sw      gp, -1726(t5)
core   0: 3 0x8000b6c2 (0x943f2123) mem 0x80010000 0x00000001
core   0: 0x8000b6c6 (0x0000bfe5) c.j     pc - 8
core   0: 3 0x8000b6c6 (0xbfe5)
core   0: 0x8000b6be (0x00005f17) auipc   t5, 0x5
core   0: 3 0x8000b6be (0x00005f17) x30 0x800106be
core   0: 0x8000b6c2 (0x943f2123) sw      gp, -1726(t5)
core   0: 3 0x8000b6c2 (0x943f2123) mem 0x80010000 0x00000001
core   0: 0x8000b6c6 (0x0000bfe5) c.j     pc - 8
core   0: 3 0x8000b6c6 (0xbfe5)
core   0: 0x8000b6be (0x00005f17) auipc   t5, 0x5
core   0: 3 0x8000b6be (0x00005f17) x30 0x800106be
core   0: 0x8000b6c2 (0x943f2123) sw      gp, -1726(t5)
core   0: 3 0x8000b6c2 (0x943f2123) mem 0x80010000 0x00000001
core   0: 0x8000b6c6 (0x0000bfe5) c.j     pc - 8
core   0: 3 0x8000b6c6 (0xbfe5)
core   0: 0x8000b6be (0x00005f17) auipc   t5, 0x5
core   0: 3 0x8000b6be (0x00005f17) x30 0x800106be
core   0: 0x8000b6c2 (0x943f2123) sw      gp, -1726(t5)
core   0: 3 0x8000b6c2 (0x943f2123) mem 0x80010000 0x00000001
core   0: 0x8000b6c6 (0x0000bfe5) c.j     pc - 8
core   0: 3 0x8000b6c6 (0xbfe5)
core   0: 0x8000b6be (0x00005f17) auipc   t5, 0x5
core   0: 3 0x8000b6be (0x00005f17) x30 0x800106be
core   0: 0x8000b6c2 (0x943f2123) sw      gp, -1726(t5)
core   0: 3 0x8000b6c2 (0x943f2123) mem 0x80010000 0x00000001
core   0: 0x8000b6c6 (0x0000bfe5) c.j     pc - 8
core   0: 3 0x8000b6c6 (0xbfe5)
core   0: 0x8000b6be (0x00005f17) auipc   t5, 0x5
core   0: 3 0x8000b6be (0x00005f17) x30 0x800106be
core   0: 0x8000b6c2 (0x943f2123) sw      gp, -1726(t5)
core   0: 3 0x8000b6c2 (0x943f2123) mem 0x80010000 0x00000001
core   0: 0x8000b6c6 (0x0000bfe5) c.j     pc - 8
core   0: 3 0x8000b6c6 (0xbfe5)
core   0: 0x8000b6be (0x00005f17) auipc   t5, 0x5
core   0: 3 0x8000b6be (0x00005f17) x30 0x800106be
core   0: 0x8000b6c2 (0x943f2123) sw      gp, -1726(t5)
core   0: 3 0x8000b6c2 (0x943f2123) mem 0x80010000 0x00000001
core   0: 0x8000b6c6 (0x0000bfe5) c.j     pc - 8
core   0: 3 0x8000b6c6 (0xbfe5)
core   0: 0x8000b6be (0x00005f17) auipc   t5, 0x5
core   0: 3 0x8000b6be (0x00005f17) x30 0x800106be
core   0: 0x8000b6c2 (0x943f2123) sw      gp, -1726(t5)
core   0: 3 0x8000b6c2 (0x943f2123) mem 0x80010000 0x00000001
core   0: 0x8000b6c6 (0x0000bfe5) c.j     pc - 8
core   0: 3 0x8000b6c6 (0xbfe5)
core   0: 0x8000b6be (0x00005f17) auipc   t5, 0x5
core   0: 3 0x8000b6be (0x00005f17) x30 0x800106be
core   0: 0x8000b6c2 (0x943f2123) sw      gp, -1726(t5)
core   0: 3 0x8000b6c2 (0x943f2123) mem 0x80010000 0x00000001
core   0: 0x8000b6c6 (0x0000bfe5) c.j     pc - 8
core   0: 3 0x8000b6c6 (0xbfe5)
core   0: 0x8000b6be (0x00005f17) auipc   t5, 0x5
core   0: 3 0x8000b6be (0x00005f17) x30 0x800106be
core   0: 0x8000b6c2 (0x943f2123) sw      gp, -1726(t5)
core   0: 3 0x8000b6c2 (0x943f2123) mem 0x80010000 0x00000001
core   0: 0x8000b6c6 (0x0000bfe5) c.j     pc - 8
core   0: 3 0x8000b6c6 (0xbfe5)
core   0: 0x8000b6be (0x00005f17) auipc   t5, 0x5
core   0: 3 0x8000b6be (0x00005f17) x30 0x800106be
core   0: 0x8000b6c2 (0x943f2123) sw      gp, -1726(t5)
core   0: 3 0x8000b6c2 (0x943f2123) mem 0x80010000 0x00000001
core   0: 0x8000b6c6 (0x0000bfe5) c.j     pc - 8
core   0: 3 0x8000b6c6 (0xbfe5)
core   0: 0x8000b6be (0x00005f17) auipc   t5, 0x5
core   0: 3 0x8000b6be (0x00005f17) x30 0x800106be
core   0: 0x8000b6c2 (0x943f2123) sw      gp, -1726(t5)
core   0: 3 0x8000b6c2 (0x943f2123) mem 0x80010000 0x00000001
core   0: 0x8000b6c6 (0x0000bfe5) c.j     pc - 8
core   0: 3 0x8000b6c6 (0xbfe5)
core   0: 0x8000b6be (0x00005f17) auipc   t5, 0x5
core   0: 3 0x8000b6be (0x00005f17) x30 0x800106be
core   0: 0x8000b6c2 (0x943f2123) sw      gp, -1726(t5)
core   0: 3 0x8000b6c2 (0x943f2123) mem 0x80010000 0x00000001
core   0: 0x8000b6c6 (0x0000bfe5) c.j     pc - 8
core   0: 3 0x8000b6c6 (0xbfe5)
core   0: 0x8000b6be (0x00005f17) auipc   t5, 0x5
core   0: 3 0x8000b6be (0x00005f17) x30 0x800106be
core   0: 0x8000b6c2 (0x943f2123) sw      gp, -1726(t5)
core   0: 3 0x8000b6c2 (0x943f2123) mem 0x80010000 0x00000001
core   0: 0x8000b6c6 (0x0000bfe5) c.j     pc - 8
core   0: 3 0x8000b6c6 (0xbfe5)
core   0: 0x8000b6be (0x00005f17) auipc   t5, 0x5
core   0: 3 0x8000b6be (0x00005f17) x30 0x800106be
core   0: 0x8000b6c2 (0x943f2123) sw      gp, -1726(t5)
core   0: 3 0x8000b6c2 (0x943f2123) mem 0x80010000 0x00000001
core   0: 0x8000b6c6 (0x0000bfe5) c.j     pc - 8
core   0: 3 0x8000b6c6 (0xbfe5)
core   0: 0x8000b6be (0x00005f17) auipc   t5, 0x5
core   0: 3 0x8000b6be (0x00005f17) x30 0x800106be
core   0: 0x8000b6c2 (0x943f2123) sw      gp, -1726(t5)
core   0: 3 0x8000b6c2 (0x943f2123) mem 0x80010000 0x00000001
core   0: 0x8000b6c6 (0x0000bfe5) c.j     pc - 8
core   0: 3 0x8000b6c6 (0xbfe5)
core   0: 0x8000b6be (0x00005f17) auipc   t5, 0x5
core   0: 3 0x8000b6be (0x00005f17) x30 0x800106be
core   0: 0x8000b6c2 (0x943f2123) sw      gp, -1726(t5)
core   0: 3 0x8000b6c2 (0x943f2123) mem 0x80010000 0x00000001
core   0: 0x8000b6c6 (0x0000bfe5) c.j     pc - 8
core   0: 3 0x8000b6c6 (0xbfe5)
core   0: 0x8000b6be (0x00005f17) auipc   t5, 0x5
core   0: 3 0x8000b6be (0x00005f17) x30 0x800106be
core   0: 0x8000b6c2 (0x943f2123) sw      gp, -1726(t5)
core   0: 3 0x8000b6c2 (0x943f2123) mem 0x80010000 0x00000001
core   0: 0x8000b6c6 (0x0000bfe5) c.j     pc - 8
core   0: 3 0x8000b6c6 (0xbfe5)
core   0: 0x8000b6be (0x00005f17) auipc   t5, 0x5
core   0: 3 0x8000b6be (0x00005f17) x30 0x800106be
core   0: 0x8000b6c2 (0x943f2123) sw      gp, -1726(t5)
core   0: 3 0x8000b6c2 (0x943f2123) mem 0x80010000 0x00000001
core   0: 0x8000b6c6 (0x0000bfe5) c.j     pc - 8
core   0: 3 0x8000b6c6 (0xbfe5)
core   0: 0x8000b6be (0x00005f17) auipc   t5, 0x5
core   0: 3 0x8000b6be (0x00005f17) x30 0x800106be
core   0: 0x8000b6c2 (0x943f2123) sw      gp, -1726(t5)
core   0: 3 0x8000b6c2 (0x943f2123) mem 0x80010000 0x00000001
core   0: 0x8000b6c6 (0x0000bfe5) c.j     pc - 8
core   0: 3 0x8000b6c6 (0xbfe5)
core   0: 0x8000b6be (0x00005f17) auipc   t5, 0x5
core   0: 3 0x8000b6be (0x00005f17) x30 0x800106be
core   0: 0x8000b6c2 (0x943f2123) sw      gp, -1726(t5)
core   0: 3 0x8000b6c2 (0x943f2123) mem 0x80010000 0x00000001
core   0: 0x8000b6c6 (0x0000bfe5) c.j     pc - 8
core   0: 3 0x8000b6c6 (0xbfe5)
core   0: 0x8000b6be (0x00005f17) auipc   t5, 0x5
core   0: 3 0x8000b6be (0x00005f17) x30 0x800106be
core   0: 0x8000b6c2 (0x943f2123) sw      gp, -1726(t5)
core   0: 3 0x8000b6c2 (0x943f2123) mem 0x80010000 0x00000001
core   0: 0x8000b6c6 (0x0000bfe5) c.j     pc - 8
core   0: 3 0x8000b6c6 (0xbfe5)
core   0: 0x8000b6be (0x00005f17) auipc   t5, 0x5
core   0: 3 0x8000b6be (0x00005f17) x30 0x800106be
core   0: 0x8000b6c2 (0x943f2123) sw      gp, -1726(t5)
core   0: 3 0x8000b6c2 (0x943f2123) mem 0x80010000 0x00000001
core   0: 0x8000b6c6 (0x0000bfe5) c.j     pc - 8
core   0: 3 0x8000b6c6 (0xbfe5)
core   0: 0x8000b6be (0x00005f17) auipc   t5, 0x5
core   0: 3 0x8000b6be (0x00005f17) x30 0x800106be
core   0: 0x8000b6c2 (0x943f2123) sw      gp, -1726(t5)
core   0: 3 0x8000b6c2 (0x943f2123) mem 0x80010000 0x00000001
core   0: 0x8000b6c6 (0x0000bfe5) c.j     pc - 8
core   0: 3 0x8000b6c6 (0xbfe5)
core   0: 0x8000b6be (0x00005f17) auipc   t5, 0x5
core   0: 3 0x8000b6be (0x00005f17) x30 0x800106be
core   0: 0x8000b6c2 (0x943f2123) sw      gp, -1726(t5)
core   0: 3 0x8000b6c2 (0x943f2123) mem 0x80010000 0x00000001
core   0: 0x8000b6c6 (0x0000bfe5) c.j     pc - 8
core   0: 3 0x8000b6c6 (0xbfe5)
core   0: 0x8000b6be (0x00005f17) auipc   t5, 0x5
core   0: 3 0x8000b6be (0x00005f17) x30 0x800106be
core   0: 0x8000b6c2 (0x943f2123) sw      gp, -1726(t5)
core   0: 3 0x8000b6c2 (0x943f2123) mem 0x80010000 0x00000001
core   0: 0x8000b6c6 (0x0000bfe5) c.j     pc - 8
core   0: 3 0x8000b6c6 (0xbfe5)
core   0: 0x8000b6be (0x00005f17) auipc   t5, 0x5
core   0: 3 0x8000b6be (0x00005f17) x30 0x800106be
core   0: 0x8000b6c2 (0x943f2123) sw      gp, -1726(t5)
core   0: 3 0x8000b6c2 (0x943f2123) mem 0x80010000 0x00000001
core   0: 0x8000b6c6 (0x0000bfe5) c.j     pc - 8
core   0: 3 0x8000b6c6 (0xbfe5)
core   0: 0x8000b6be (0x00005f17) auipc   t5, 0x5
core   0: 3 0x8000b6be (0x00005f17) x30 0x800106be
core   0: 0x8000b6c2 (0x943f2123) sw      gp, -1726(t5)
core   0: 3 0x8000b6c2 (0x943f2123) mem 0x80010000 0x00000001
core   0: 0x8000b6c6 (0x0000bfe5) c.j     pc - 8
core   0: 3 0x8000b6c6 (0xbfe5)
core   0: 0x8000b6be (0x00005f17) auipc   t5, 0x5
core   0: 3 0x8000b6be (0x00005f17) x30 0x800106be
core   0: 0x8000b6c2 (0x943f2123) sw      gp, -1726(t5)
core   0: 3 0x8000b6c2 (0x943f2123) mem 0x80010000 0x00000001
core   0: 0x8000b6c6 (0x0000bfe5) c.j     pc - 8
core   0: 3 0x8000b6c6 (0xbfe5)
core   0: 0x8000b6be (0x00005f17) auipc   t5, 0x5
core   0: 3 0x8000b6be (0x00005f17) x30 0x800106be
core   0: 0x8000b6c2 (0x943f2123) sw      gp, -1726(t5)
core   0: 3 0x8000b6c2 (0x943f2123) mem 0x80010000 0x00000001
core   0: 0x8000b6c6 (0x0000bfe5) c.j     pc - 8
core   0: 3 0x8000b6c6 (0xbfe5)
core   0: 0x8000b6be (0x00005f17) auipc   t5, 0x5
core   0: 3 0x8000b6be (0x00005f17) x30 0x800106be
core   0: 0x8000b6c2 (0x943f2123) sw      gp, -1726(t5)
core   0: 3 0x8000b6c2 (0x943f2123) mem 0x80010000 0x00000001
core   0: 0x8000b6c6 (0x0000bfe5) c.j     pc - 8
core   0: 3 0x8000b6c6 (0xbfe5)
core   0: 0x8000b6be (0x00005f17) auipc   t5, 0x5
core   0: 3 0x8000b6be (0x00005f17) x30 0x800106be
core   0: 0x8000b6c2 (0x943f2123) sw      gp, -1726(t5)
core   0: 3 0x8000b6c2 (0x943f2123) mem 0x80010000 0x00000001
core   0: 0x8000b6c6 (0x0000bfe5) c.j     pc - 8
core   0: 3 0x8000b6c6 (0xbfe5)
core   0: 0x8000b6be (0x00005f17) auipc   t5, 0x5
core   0: 3 0x8000b6be (0x00005f17) x30 0x800106be
core   0: 0x8000b6c2 (0x943f2123) sw      gp, -1726(t5)
core   0: 3 0x8000b6c2 (0x943f2123) mem 0x80010000 0x00000001
core   0: 0x8000b6c6 (0x0000bfe5) c.j     pc - 8
core   0: 3 0x8000b6c6 (0xbfe5)
core   0: 0x8000b6be (0x00005f17) auipc   t5, 0x5
core   0: 3 0x8000b6be (0x00005f17) x30 0x800106be
core   0: 0x8000b6c2 (0x943f2123) sw      gp, -1726(t5)
core   0: 3 0x8000b6c2 (0x943f2123) mem 0x80010000 0x00000001
core   0: 0x8000b6c6 (0x0000bfe5) c.j     pc - 8
core   0: 3 0x8000b6c6 (0xbfe5)
core   0: 0x8000b6be (0x00005f17) auipc   t5, 0x5
core   0: 3 0x8000b6be (0x00005f17) x30 0x800106be
core   0: 0x8000b6c2 (0x943f2123) sw      gp, -1726(t5)
core   0: 3 0x8000b6c2 (0x943f2123) mem 0x80010000 0x00000001
core   0: 0x8000b6c6 (0x0000bfe5) c.j     pc - 8
core   0: 3 0x8000b6c6 (0xbfe5)
core   0: 0x8000b6be (0x00005f17) auipc   t5, 0x5
core   0: 3 0x8000b6be (0x00005f17) x30 0x800106be
core   0: 0x8000b6c2 (0x943f2123) sw      gp, -1726(t5)
core   0: 3 0x8000b6c2 (0x943f2123) mem 0x80010000 0x00000001
core   0: 0x8000b6c6 (0x0000bfe5) c.j     pc - 8
core   0: 3 0x8000b6c6 (0xbfe5)
core   0: 0x8000b6be (0x00005f17) auipc   t5, 0x5
core   0: 3 0x8000b6be (0x00005f17) x30 0x800106be
core   0: 0x8000b6c2 (0x943f2123) sw      gp, -1726(t5)
core   0: 3 0x8000b6c2 (0x943f2123) mem 0x80010000 0x00000001
core   0: 0x8000b6c6 (0x0000bfe5) c.j     pc - 8
core   0: 3 0x8000b6c6 (0xbfe5)
core   0: 0x8000b6be (0x00005f17) auipc   t5, 0x5
core   0: 3 0x8000b6be (0x00005f17) x30 0x800106be
core   0: 0x8000b6c2 (0x943f2123) sw      gp, -1726(t5)
core   0: 3 0x8000b6c2 (0x943f2123) mem 0x80010000 0x00000001
core   0: 0x8000b6c6 (0x0000bfe5) c.j     pc - 8
core   0: 3 0x8000b6c6 (0xbfe5)
core   0: 0x8000b6be (0x00005f17) auipc   t5, 0x5
core   0: 3 0x8000b6be (0x00005f17) x30 0x800106be
core   0: 0x8000b6c2 (0x943f2123) sw      gp, -1726(t5)
core   0: 3 0x8000b6c2 (0x943f2123) mem 0x80010000 0x00000001
core   0: 0x8000b6c6 (0x0000bfe5) c.j     pc - 8
core   0: 3 0x8000b6c6 (0xbfe5)
core   0: 0x8000b6be (0x00005f17) auipc   t5, 0x5
core   0: 3 0x8000b6be (0x00005f17) x30 0x800106be
core   0: 0x8000b6c2 (0x943f2123) sw      gp, -1726(t5)
core   0: 3 0x8000b6c2 (0x943f2123) mem 0x80010000 0x00000001
core   0: 0x8000b6c6 (0x0000bfe5) c.j     pc - 8
core   0: 3 0x8000b6c6 (0xbfe5)
core   0: 0x8000b6be (0x00005f17) auipc   t5, 0x5
core   0: 3 0x8000b6be (0x00005f17) x30 0x800106be
core   0: 0x8000b6c2 (0x943f2123) sw      gp, -1726(t5)
core   0: 3 0x8000b6c2 (0x943f2123) mem 0x80010000 0x00000001
core   0: 0x8000b6c6 (0x0000bfe5) c.j     pc - 8
core   0: 3 0x8000b6c6 (0xbfe5)
core   0: 0x8000b6be (0x00005f17) auipc   t5, 0x5
core   0: 3 0x8000b6be (0x00005f17) x30 0x800106be
core   0: 0x8000b6c2 (0x943f2123) sw      gp, -1726(t5)
core   0: 3 0x8000b6c2 (0x943f2123) mem 0x80010000 0x00000001
core   0: 0x8000b6c6 (0x0000bfe5) c.j     pc - 8
core   0: 3 0x8000b6c6 (0xbfe5)
core   0: 0x8000b6be (0x00005f17) auipc   t5, 0x5
core   0: 3 0x8000b6be (0x00005f17) x30 0x800106be
core   0: 0x8000b6c2 (0x943f2123) sw      gp, -1726(t5)
core   0: 3 0x8000b6c2 (0x943f2123) mem 0x80010000 0x00000001
core   0: 0x8000b6c6 (0x0000bfe5) c.j     pc - 8
core   0: 3 0x8000b6c6 (0xbfe5)
core   0: 0x8000b6be (0x00005f17) auipc   t5, 0x5
core   0: 3 0x8000b6be (0x00005f17) x30 0x800106be
core   0: 0x8000b6c2 (0x943f2123) sw      gp, -1726(t5)
core   0: 3 0x8000b6c2 (0x943f2123) mem 0x80010000 0x00000001
core   0: 0x8000b6c6 (0x0000bfe5) c.j     pc - 8
core   0: 3 0x8000b6c6 (0xbfe5)
core   0: 0x8000b6be (0x00005f17) auipc   t5, 0x5
core   0: 3 0x8000b6be (0x00005f17) x30 0x800106be
core   0: 0x8000b6c2 (0x943f2123) sw      gp, -1726(t5)
core   0: 3 0x8000b6c2 (0x943f2123) mem 0x80010000 0x00000001
core   0: 0x8000b6c6 (0x0000bfe5) c.j     pc - 8
core   0: 3 0x8000b6c6 (0xbfe5)
core   0: 0x8000b6be (0x00005f17) auipc   t5, 0x5
core   0: 3 0x8000b6be (0x00005f17) x30 0x800106be
core   0: 0x8000b6c2 (0x943f2123) sw      gp, -1726(t5)
core   0: 3 0x8000b6c2 (0x943f2123) mem 0x80010000 0x00000001
core   0: 0x8000b6c6 (0x0000bfe5) c.j     pc - 8
core   0: 3 0x8000b6c6 (0xbfe5)
core   0: 0x8000b6be (0x00005f17) auipc   t5, 0x5
core   0: 3 0x8000b6be (0x00005f17) x30 0x800106be
core   0: 0x8000b6c2 (0x943f2123) sw      gp, -1726(t5)
core   0: 3 0x8000b6c2 (0x943f2123) mem 0x80010000 0x00000001
core   0: 0x8000b6c6 (0x0000bfe5) c.j     pc - 8
core   0: 3 0x8000b6c6 (0xbfe5)
core   0: 0x8000b6be (0x00005f17) auipc   t5, 0x5
core   0: 3 0x8000b6be (0x00005f17) x30 0x800106be
core   0: 0x8000b6c2 (0x943f2123) sw      gp, -1726(t5)
core   0: 3 0x8000b6c2 (0x943f2123) mem 0x80010000 0x00000001
core   0: 0x8000b6c6 (0x0000bfe5) c.j     pc - 8
core   0: 3 0x8000b6c6 (0xbfe5)
core   0: 0x8000b6be (0x00005f17) auipc   t5, 0x5
core   0: 3 0x8000b6be (0x00005f17) x30 0x800106be
core   0: 0x8000b6c2 (0x943f2123) sw      gp, -1726(t5)
core   0: 3 0x8000b6c2 (0x943f2123) mem 0x80010000 0x00000001
core   0: 0x8000b6c6 (0x0000bfe5) c.j     pc - 8
core   0: 3 0x8000b6c6 (0xbfe5)
core   0: 0x8000b6be (0x00005f17) auipc   t5, 0x5
core   0: 3 0x8000b6be (0x00005f17) x30 0x800106be
core   0: 0x8000b6c2 (0x943f2123) sw      gp, -1726(t5)
core   0: 3 0x8000b6c2 (0x943f2123) mem 0x80010000 0x00000001
core   0: 0x8000b6c6 (0x0000bfe5) c.j     pc - 8
core   0: 3 0x8000b6c6 (0xbfe5)
core   0: 0x8000b6be (0x00005f17) auipc   t5, 0x5
core   0: 3 0x8000b6be (0x00005f17) x30 0x800106be
core   0: 0x8000b6c2 (0x943f2123) sw      gp, -1726(t5)
core   0: 3 0x8000b6c2 (0x943f2123) mem 0x80010000 0x00000001
core   0: 0x8000b6c6 (0x0000bfe5) c.j     pc - 8
core   0: 3 0x8000b6c6 (0xbfe5)
core   0: 0x8000b6be (0x00005f17) auipc   t5, 0x5
core   0: 3 0x8000b6be (0x00005f17) x30 0x800106be
core   0: 0x8000b6c2 (0x943f2123) sw      gp, -1726(t5)
core   0: 3 0x8000b6c2 (0x943f2123) mem 0x80010000 0x00000001
core   0: 0x8000b6c6 (0x0000bfe5) c.j     pc - 8
core   0: 3 0x8000b6c6 (0xbfe5)
core   0: 0x8000b6be (0x00005f17) auipc   t5, 0x5
core   0: 3 0x8000b6be (0x00005f17) x30 0x800106be
core   0: 0x8000b6c2 (0x943f2123) sw      gp, -1726(t5)
core   0: 3 0x8000b6c2 (0x943f2123) mem 0x80010000 0x00000001
core   0: 0x8000b6c6 (0x0000bfe5) c.j     pc - 8
core   0: 3 0x8000b6c6 (0xbfe5)
core   0: 0x8000b6be (0x00005f17) auipc   t5, 0x5
core   0: 3 0x8000b6be (0x00005f17) x30 0x800106be
core   0: 0x8000b6c2 (0x943f2123) sw      gp, -1726(t5)
core   0: 3 0x8000b6c2 (0x943f2123) mem 0x80010000 0x00000001
core   0: 0x8000b6c6 (0x0000bfe5) c.j     pc - 8
core   0: 3 0x8000b6c6 (0xbfe5)
core   0: 0x8000b6be (0x00005f17) auipc   t5, 0x5
core   0: 3 0x8000b6be (0x00005f17) x30 0x800106be
core   0: 0x8000b6c2 (0x943f2123) sw      gp, -1726(t5)
core   0: 3 0x8000b6c2 (0x943f2123) mem 0x80010000 0x00000001
core   0: 0x8000b6c6 (0x0000bfe5) c.j     pc - 8
core   0: 3 0x8000b6c6 (0xbfe5)
core   0: 0x8000b6be (0x00005f17) auipc   t5, 0x5
core   0: 3 0x8000b6be (0x00005f17) x30 0x800106be
core   0: 0x8000b6c2 (0x943f2123) sw      gp, -1726(t5)
core   0: 3 0x8000b6c2 (0x943f2123) mem 0x80010000 0x00000001
core   0: 0x8000b6c6 (0x0000bfe5) c.j     pc - 8
core   0: 3 0x8000b6c6 (0xbfe5)
core   0: 0x8000b6be (0x00005f17) auipc   t5, 0x5
core   0: 3 0x8000b6be (0x00005f17) x30 0x800106be
core   0: 0x8000b6c2 (0x943f2123) sw      gp, -1726(t5)
core   0: 3 0x8000b6c2 (0x943f2123) mem 0x80010000 0x00000001
core   0: 0x8000b6c6 (0x0000bfe5) c.j     pc - 8
core   0: 3 0x8000b6c6 (0xbfe5)
core   0: 0x8000b6be (0x00005f17) auipc   t5, 0x5
core   0: 3 0x8000b6be (0x00005f17) x30 0x800106be
core   0: 0x8000b6c2 (0x943f2123) sw      gp, -1726(t5)
core   0: 3 0x8000b6c2 (0x943f2123) mem 0x80010000 0x00000001
core   0: 0x8000b6c6 (0x0000bfe5) c.j     pc - 8
core   0: 3 0x8000b6c6 (0xbfe5)
core   0: 0x8000b6be (0x00005f17) auipc   t5, 0x5
core   0: 3 0x8000b6be (0x00005f17) x30 0x800106be
core   0: 0x8000b6c2 (0x943f2123) sw      gp, -1726(t5)
core   0: 3 0x8000b6c2 (0x943f2123) mem 0x80010000 0x00000001
core   0: 0x8000b6c6 (0x0000bfe5) c.j     pc - 8
core   0: 3 0x8000b6c6 (0xbfe5)
core   0: 0x8000b6be (0x00005f17) auipc   t5, 0x5
core   0: 3 0x8000b6be (0x00005f17) x30 0x800106be
core   0: 0x8000b6c2 (0x943f2123) sw      gp, -1726(t5)
core   0: 3 0x8000b6c2 (0x943f2123) mem 0x80010000 0x00000001
core   0: 0x8000b6c6 (0x0000bfe5) c.j     pc - 8
core   0: 3 0x8000b6c6 (0xbfe5)
core   0: 0x8000b6be (0x00005f17) auipc   t5, 0x5
core   0: 3 0x8000b6be (0x00005f17) x30 0x800106be
core   0: 0x8000b6c2 (0x943f2123) sw      gp, -1726(t5)
core   0: 3 0x8000b6c2 (0x943f2123) mem 0x80010000 0x00000001
core   0: 0x8000b6c6 (0x0000bfe5) c.j     pc - 8
core   0: 3 0x8000b6c6 (0xbfe5)
core   0: 0x8000b6be (0x00005f17) auipc   t5, 0x5
core   0: 3 0x8000b6be (0x00005f17) x30 0x800106be
core   0: 0x8000b6c2 (0x943f2123) sw      gp, -1726(t5)
core   0: 3 0x8000b6c2 (0x943f2123) mem 0x80010000 0x00000001
core   0: 0x8000b6c6 (0x0000bfe5) c.j     pc - 8
core   0: 3 0x8000b6c6 (0xbfe5)
core   0: 0x8000b6be (0x00005f17) auipc   t5, 0x5
core   0: 3 0x8000b6be (0x00005f17) x30 0x800106be
core   0: 0x8000b6c2 (0x943f2123) sw      gp, -1726(t5)
core   0: 3 0x8000b6c2 (0x943f2123) mem 0x80010000 0x00000001
core   0: 0x8000b6c6 (0x0000bfe5) c.j     pc - 8
core   0: 3 0x8000b6c6 (0xbfe5)
core   0: 0x8000b6be (0x00005f17) auipc   t5, 0x5
core   0: 3 0x8000b6be (0x00005f17) x30 0x800106be
core   0: 0x8000b6c2 (0x943f2123) sw      gp, -1726(t5)
core   0: 3 0x8000b6c2 (0x943f2123) mem 0x80010000 0x00000001
core   0: 0x8000b6c6 (0x0000bfe5) c.j     pc - 8
core   0: 3 0x8000b6c6 (0xbfe5)
core   0: 0x8000b6be (0x00005f17) auipc   t5, 0x5
core   0: 3 0x8000b6be (0x00005f17) x30 0x800106be
core   0: 0x8000b6c2 (0x943f2123) sw      gp, -1726(t5)
core   0: 3 0x8000b6c2 (0x943f2123) mem 0x80010000 0x00000001
core   0: 0x8000b6c6 (0x0000bfe5) c.j     pc - 8
core   0: 3 0x8000b6c6 (0xbfe5)
core   0: 0x8000b6be (0x00005f17) auipc   t5, 0x5
core   0: 3 0x8000b6be (0x00005f17) x30 0x800106be
core   0: 0x8000b6c2 (0x943f2123) sw      gp, -1726(t5)
core   0: 3 0x8000b6c2 (0x943f2123) mem 0x80010000 0x00000001
core   0: 0x8000b6c6 (0x0000bfe5) c.j     pc - 8
core   0: 3 0x8000b6c6 (0xbfe5)
core   0: 0x8000b6be (0x00005f17) auipc   t5, 0x5
core   0: 3 0x8000b6be (0x00005f17) x30 0x800106be
core   0: 0x8000b6c2 (0x943f2123) sw      gp, -1726(t5)
core   0: 3 0x8000b6c2 (0x943f2123) mem 0x80010000 0x00000001
core   0: 0x8000b6c6 (0x0000bfe5) c.j     pc - 8
core   0: 3 0x8000b6c6 (0xbfe5)
core   0: 0x8000b6be (0x00005f17) auipc   t5, 0x5
core   0: 3 0x8000b6be (0x00005f17) x30 0x800106be
core   0: 0x8000b6c2 (0x943f2123) sw      gp, -1726(t5)
core   0: 3 0x8000b6c2 (0x943f2123) mem 0x80010000 0x00000001
core   0: 0x8000b6c6 (0x0000bfe5) c.j     pc - 8
core   0: 3 0x8000b6c6 (0xbfe5)
core   0: 0x8000b6be (0x00005f17) auipc   t5, 0x5
core   0: 3 0x8000b6be (0x00005f17) x30 0x800106be
core   0: 0x8000b6c2 (0x943f2123) sw      gp, -1726(t5)
core   0: 3 0x8000b6c2 (0x943f2123) mem 0x80010000 0x00000001
core   0: 0x8000b6c6 (0x0000bfe5) c.j     pc - 8
core   0: 3 0x8000b6c6 (0xbfe5)
core   0: 0x8000b6be (0x00005f17) auipc   t5, 0x5
core   0: 3 0x8000b6be (0x00005f17) x30 0x800106be
core   0: 0x8000b6c2 (0x943f2123) sw      gp, -1726(t5)
core   0: 3 0x8000b6c2 (0x943f2123) mem 0x80010000 0x00000001
core   0: 0x8000b6c6 (0x0000bfe5) c.j     pc - 8
core   0: 3 0x8000b6c6 (0xbfe5)
core   0: 0x8000b6be (0x00005f17) auipc   t5, 0x5
core   0: 3 0x8000b6be (0x00005f17) x30 0x800106be
core   0: 0x8000b6c2 (0x943f2123) sw      gp, -1726(t5)
core   0: 3 0x8000b6c2 (0x943f2123) mem 0x80010000 0x00000001
core   0: 0x8000b6c6 (0x0000bfe5) c.j     pc - 8
core   0: 3 0x8000b6c6 (0xbfe5)
core   0: 0x8000b6be (0x00005f17) auipc   t5, 0x5
core   0: 3 0x8000b6be (0x00005f17) x30 0x800106be
core   0: 0x8000b6c2 (0x943f2123) sw      gp, -1726(t5)
core   0: 3 0x8000b6c2 (0x943f2123) mem 0x80010000 0x00000001
core   0: 0x8000b6c6 (0x0000bfe5) c.j     pc - 8
core   0: 3 0x8000b6c6 (0xbfe5)
core   0: 0x8000b6be (0x00005f17) auipc   t5, 0x5
core   0: 3 0x8000b6be (0x00005f17) x30 0x800106be
core   0: 0x8000b6c2 (0x943f2123) sw      gp, -1726(t5)
core   0: 3 0x8000b6c2 (0x943f2123) mem 0x80010000 0x00000001
core   0: 0x8000b6c6 (0x0000bfe5) c.j     pc - 8
core   0: 3 0x8000b6c6 (0xbfe5)
core   0: 0x8000b6be (0x00005f17) auipc   t5, 0x5
core   0: 3 0x8000b6be (0x00005f17) x30 0x800106be
core   0: 0x8000b6c2 (0x943f2123) sw      gp, -1726(t5)
core   0: 3 0x8000b6c2 (0x943f2123) mem 0x80010000 0x00000001
core   0: 0x8000b6c6 (0x0000bfe5) c.j     pc - 8
core   0: 3 0x8000b6c6 (0xbfe5)
core   0: 0x8000b6be (0x00005f17) auipc   t5, 0x5
core   0: 3 0x8000b6be (0x00005f17) x30 0x800106be
core   0: 0x8000b6c2 (0x943f2123) sw      gp, -1726(t5)
core   0: 3 0x8000b6c2 (0x943f2123) mem 0x80010000 0x00000001
core   0: 0x8000b6c6 (0x0000bfe5) c.j     pc - 8
core   0: 3 0x8000b6c6 (0xbfe5)
core   0: 0x8000b6be (0x00005f17) auipc   t5, 0x5
core   0: 3 0x8000b6be (0x00005f17) x30 0x800106be
core   0: 0x8000b6c2 (0x943f2123) sw      gp, -1726(t5)
core   0: 3 0x8000b6c2 (0x943f2123) mem 0x80010000 0x00000001
core   0: 0x8000b6c6 (0x0000bfe5) c.j     pc - 8
core   0: 3 0x8000b6c6 (0xbfe5)
core   0: 0x8000b6be (0x00005f17) auipc   t5, 0x5
core   0: 3 0x8000b6be (0x00005f17) x30 0x800106be
core   0: 0x8000b6c2 (0x943f2123) sw      gp, -1726(t5)
core   0: 3 0x8000b6c2 (0x943f2123) mem 0x80010000 0x00000001
core   0: 0x8000b6c6 (0x0000bfe5) c.j     pc - 8
core   0: 3 0x8000b6c6 (0xbfe5)
core   0: 0x8000b6be (0x00005f17) auipc   t5, 0x5
core   0: 3 0x8000b6be (0x00005f17) x30 0x800106be
core   0: 0x8000b6c2 (0x943f2123) sw      gp, -1726(t5)
core   0: 3 0x8000b6c2 (0x943f2123) mem 0x80010000 0x00000001
core   0: 0x8000b6c6 (0x0000bfe5) c.j     pc - 8
core   0: 3 0x8000b6c6 (0xbfe5)
core   0: 0x8000b6be (0x00005f17) auipc   t5, 0x5
core   0: 3 0x8000b6be (0x00005f17) x30 0x800106be
core   0: 0x8000b6c2 (0x943f2123) sw      gp, -1726(t5)
core   0: 3 0x8000b6c2 (0x943f2123) mem 0x80010000 0x00000001
core   0: 0x8000b6c6 (0x0000bfe5) c.j     pc - 8
core   0: 3 0x8000b6c6 (0xbfe5)
core   0: 0x8000b6be (0x00005f17) auipc   t5, 0x5
core   0: 3 0x8000b6be (0x00005f17) x30 0x800106be
core   0: 0x8000b6c2 (0x943f2123) sw      gp, -1726(t5)
core   0: 3 0x8000b6c2 (0x943f2123) mem 0x80010000 0x00000001
core   0: 0x8000b6c6 (0x0000bfe5) c.j     pc - 8
core   0: 3 0x8000b6c6 (0xbfe5)
core   0: 0x8000b6be (0x00005f17) auipc   t5, 0x5
core   0: 3 0x8000b6be (0x00005f17) x30 0x800106be
core   0: 0x8000b6c2 (0x943f2123) sw      gp, -1726(t5)
core   0: 3 0x8000b6c2 (0x943f2123) mem 0x80010000 0x00000001
core   0: 0x8000b6c6 (0x0000bfe5) c.j     pc - 8
core   0: 3 0x8000b6c6 (0xbfe5)
core   0: 0x8000b6be (0x00005f17) auipc   t5, 0x5
core   0: 3 0x8000b6be (0x00005f17) x30 0x800106be
core   0: 0x8000b6c2 (0x943f2123) sw      gp, -1726(t5)
core   0: 3 0x8000b6c2 (0x943f2123) mem 0x80010000 0x00000001
core   0: 0x8000b6c6 (0x0000bfe5) c.j     pc - 8
core   0: 3 0x8000b6c6 (0xbfe5)
core   0: 0x8000b6be (0x00005f17) auipc   t5, 0x5
core   0: 3 0x8000b6be (0x00005f17) x30 0x800106be
core   0: 0x8000b6c2 (0x943f2123) sw      gp, -1726(t5)
core   0: 3 0x8000b6c2 (0x943f2123) mem 0x80010000 0x00000001
core   0: 0x8000b6c6 (0x0000bfe5) c.j     pc - 8
core   0: 3 0x8000b6c6 (0xbfe5)
core   0: 0x8000b6be (0x00005f17) auipc   t5, 0x5
core   0: 3 0x8000b6be (0x00005f17) x30 0x800106be
core   0: 0x8000b6c2 (0x943f2123) sw      gp, -1726(t5)
core   0: 3 0x8000b6c2 (0x943f2123) mem 0x80010000 0x00000001
core   0: 0x8000b6c6 (0x0000bfe5) c.j     pc - 8
core   0: 3 0x8000b6c6 (0xbfe5)
core   0: 0x8000b6be (0x00005f17) auipc   t5, 0x5
core   0: 3 0x8000b6be (0x00005f17) x30 0x800106be
core   0: 0x8000b6c2 (0x943f2123) sw      gp, -1726(t5)
core   0: 3 0x8000b6c2 (0x943f2123) mem 0x80010000 0x00000001
core   0: 0x8000b6c6 (0x0000bfe5) c.j     pc - 8
core   0: 3 0x8000b6c6 (0xbfe5)
core   0: 0x8000b6be (0x00005f17) auipc   t5, 0x5
core   0: 3 0x8000b6be (0x00005f17) x30 0x800106be
core   0: 0x8000b6c2 (0x943f2123) sw      gp, -1726(t5)
core   0: 3 0x8000b6c2 (0x943f2123) mem 0x80010000 0x00000001
core   0: 0x8000b6c6 (0x0000bfe5) c.j     pc - 8
core   0: 3 0x8000b6c6 (0xbfe5)
core   0: 0x8000b6be (0x00005f17) auipc   t5, 0x5
core   0: 3 0x8000b6be (0x00005f17) x30 0x800106be
core   0: 0x8000b6c2 (0x943f2123) sw      gp, -1726(t5)
core   0: 3 0x8000b6c2 (0x943f2123) mem 0x80010000 0x00000001
core   0: 0x8000b6c6 (0x0000bfe5) c.j     pc - 8
core   0: 3 0x8000b6c6 (0xbfe5)
core   0: 0x8000b6be (0x00005f17) auipc   t5, 0x5
core   0: 3 0x8000b6be (0x00005f17) x30 0x800106be
core   0: 0x8000b6c2 (0x943f2123) sw      gp, -1726(t5)
core   0: 3 0x8000b6c2 (0x943f2123) mem 0x80010000 0x00000001
core   0: 0x8000b6c6 (0x0000bfe5) c.j     pc - 8
core   0: 3 0x8000b6c6 (0xbfe5)
core   0: 0x8000b6be (0x00005f17) auipc   t5, 0x5
core   0: 3 0x8000b6be (0x00005f17) x30 0x800106be
core   0: 0x8000b6c2 (0x943f2123) sw      gp, -1726(t5)
core   0: 3 0x8000b6c2 (0x943f2123) mem 0x80010000 0x00000001
core   0: 0x8000b6c6 (0x0000bfe5) c.j     pc - 8
core   0: 3 0x8000b6c6 (0xbfe5)
core   0: 0x8000b6be (0x00005f17) auipc   t5, 0x5
core   0: 3 0x8000b6be (0x00005f17) x30 0x800106be
core   0: 0x8000b6c2 (0x943f2123) sw      gp, -1726(t5)
core   0: 3 0x8000b6c2 (0x943f2123) mem 0x80010000 0x00000001
core   0: 0x8000b6c6 (0x0000bfe5) c.j     pc - 8
core   0: 3 0x8000b6c6 (0xbfe5)
core   0: 0x8000b6be (0x00005f17) auipc   t5, 0x5
core   0: 3 0x8000b6be (0x00005f17) x30 0x800106be
core   0: 0x8000b6c2 (0x943f2123) sw      gp, -1726(t5)
core   0: 3 0x8000b6c2 (0x943f2123) mem 0x80010000 0x00000001
core   0: 0x8000b6c6 (0x0000bfe5) c.j     pc - 8
core   0: 3 0x8000b6c6 (0xbfe5)
core   0: 0x8000b6be (0x00005f17) auipc   t5, 0x5
core   0: 3 0x8000b6be (0x00005f17) x30 0x800106be
core   0: 0x8000b6c2 (0x943f2123) sw      gp, -1726(t5)
core   0: 3 0x8000b6c2 (0x943f2123) mem 0x80010000 0x00000001
core   0: 0x8000b6c6 (0x0000bfe5) c.j     pc - 8
core   0: 3 0x8000b6c6 (0xbfe5)
core   0: 0x8000b6be (0x00005f17) auipc   t5, 0x5
core   0: 3 0x8000b6be (0x00005f17) x30 0x800106be
core   0: 0x8000b6c2 (0x943f2123) sw      gp, -1726(t5)
core   0: 3 0x8000b6c2 (0x943f2123) mem 0x80010000 0x00000001
core   0: 0x8000b6c6 (0x0000bfe5) c.j     pc - 8
core   0: 3 0x8000b6c6 (0xbfe5)
core   0: 0x8000b6be (0x00005f17) auipc   t5, 0x5
core   0: 3 0x8000b6be (0x00005f17) x30 0x800106be
core   0: 0x8000b6c2 (0x943f2123) sw      gp, -1726(t5)
core   0: 3 0x8000b6c2 (0x943f2123) mem 0x80010000 0x00000001
core   0: 0x8000b6c6 (0x0000bfe5) c.j     pc - 8
core   0: 3 0x8000b6c6 (0xbfe5)
core   0: 0x8000b6be (0x00005f17) auipc   t5, 0x5
core   0: 3 0x8000b6be (0x00005f17) x30 0x800106be
core   0: 0x8000b6c2 (0x943f2123) sw      gp, -1726(t5)
core   0: 3 0x8000b6c2 (0x943f2123) mem 0x80010000 0x00000001
core   0: 0x8000b6c6 (0x0000bfe5) c.j     pc - 8
core   0: 3 0x8000b6c6 (0xbfe5)
core   0: 0x8000b6be (0x00005f17) auipc   t5, 0x5
core   0: 3 0x8000b6be (0x00005f17) x30 0x800106be
core   0: 0x8000b6c2 (0x943f2123) sw      gp, -1726(t5)
core   0: 3 0x8000b6c2 (0x943f2123) mem 0x80010000 0x00000001
core   0: 0x8000b6c6 (0x0000bfe5) c.j     pc - 8
core   0: 3 0x8000b6c6 (0xbfe5)
core   0: 0x8000b6be (0x00005f17) auipc   t5, 0x5
core   0: 3 0x8000b6be (0x00005f17) x30 0x800106be
core   0: 0x8000b6c2 (0x943f2123) sw      gp, -1726(t5)
core   0: 3 0x8000b6c2 (0x943f2123) mem 0x80010000 0x00000001
core   0: 0x8000b6c6 (0x0000bfe5) c.j     pc - 8
core   0: 3 0x8000b6c6 (0xbfe5)
core   0: 0x8000b6be (0x00005f17) auipc   t5, 0x5
core   0: 3 0x8000b6be (0x00005f17) x30 0x800106be
core   0: 0x8000b6c2 (0x943f2123) sw      gp, -1726(t5)
core   0: 3 0x8000b6c2 (0x943f2123) mem 0x80010000 0x00000001
core   0: 0x8000b6c6 (0x0000bfe5) c.j     pc - 8
core   0: 3 0x8000b6c6 (0xbfe5)
core   0: 0x8000b6be (0x00005f17) auipc   t5, 0x5
core   0: 3 0x8000b6be (0x00005f17) x30 0x800106be
core   0: 0x8000b6c2 (0x943f2123) sw      gp, -1726(t5)
core   0: 3 0x8000b6c2 (0x943f2123) mem 0x80010000 0x00000001
core   0: 0x8000b6c6 (0x0000bfe5) c.j     pc - 8
core   0: 3 0x8000b6c6 (0xbfe5)
core   0: 0x8000b6be (0x00005f17) auipc   t5, 0x5
core   0: 3 0x8000b6be (0x00005f17) x30 0x800106be
core   0: 0x8000b6c2 (0x943f2123) sw      gp, -1726(t5)
core   0: 3 0x8000b6c2 (0x943f2123) mem 0x80010000 0x00000001
core   0: 0x8000b6c6 (0x0000bfe5) c.j     pc - 8
core   0: 3 0x8000b6c6 (0xbfe5)
core   0: 0x8000b6be (0x00005f17) auipc   t5, 0x5
core   0: 3 0x8000b6be (0x00005f17) x30 0x800106be
core   0: 0x8000b6c2 (0x943f2123) sw      gp, -1726(t5)
core   0: 3 0x8000b6c2 (0x943f2123) mem 0x80010000 0x00000001
core   0: 0x8000b6c6 (0x0000bfe5) c.j     pc - 8
core   0: 3 0x8000b6c6 (0xbfe5)
core   0: 0x8000b6be (0x00005f17) auipc   t5, 0x5
core   0: 3 0x8000b6be (0x00005f17) x30 0x800106be
core   0: 0x8000b6c2 (0x943f2123) sw      gp, -1726(t5)
core   0: 3 0x8000b6c2 (0x943f2123) mem 0x80010000 0x00000001
core   0: 0x8000b6c6 (0x0000bfe5) c.j     pc - 8
core   0: 3 0x8000b6c6 (0xbfe5)
core   0: 0x8000b6be (0x00005f17) auipc   t5, 0x5
core   0: 3 0x8000b6be (0x00005f17) x30 0x800106be
core   0: 0x8000b6c2 (0x943f2123) sw      gp, -1726(t5)
core   0: 3 0x8000b6c2 (0x943f2123) mem 0x80010000 0x00000001
core   0: 0x8000b6c6 (0x0000bfe5) c.j     pc - 8
core   0: 3 0x8000b6c6 (0xbfe5)
core   0: 0x8000b6be (0x00005f17) auipc   t5, 0x5
core   0: 3 0x8000b6be (0x00005f17) x30 0x800106be
core   0: 0x8000b6c2 (0x943f2123) sw      gp, -1726(t5)
core   0: 3 0x8000b6c2 (0x943f2123) mem 0x80010000 0x00000001
core   0: 0x8000b6c6 (0x0000bfe5) c.j     pc - 8
core   0: 3 0x8000b6c6 (0xbfe5)
core   0: 0x8000b6be (0x00005f17) auipc   t5, 0x5
core   0: 3 0x8000b6be (0x00005f17) x30 0x800106be
core   0: 0x8000b6c2 (0x943f2123) sw      gp, -1726(t5)
core   0: 3 0x8000b6c2 (0x943f2123) mem 0x80010000 0x00000001
core   0: 0x8000b6c6 (0x0000bfe5) c.j     pc - 8
core   0: 3 0x8000b6c6 (0xbfe5)
core   0: 0x8000b6be (0x00005f17) auipc   t5, 0x5
core   0: 3 0x8000b6be (0x00005f17) x30 0x800106be
core   0: 0x8000b6c2 (0x943f2123) sw      gp, -1726(t5)
core   0: 3 0x8000b6c2 (0x943f2123) mem 0x80010000 0x00000001
core   0: 0x8000b6c6 (0x0000bfe5) c.j     pc - 8
core   0: 3 0x8000b6c6 (0xbfe5)
core   0: 0x8000b6be (0x00005f17) auipc   t5, 0x5
core   0: 3 0x8000b6be (0x00005f17) x30 0x800106be
core   0: 0x8000b6c2 (0x943f2123) sw      gp, -1726(t5)
core   0: 3 0x8000b6c2 (0x943f2123) mem 0x80010000 0x00000001
core   0: 0x8000b6c6 (0x0000bfe5) c.j     pc - 8
core   0: 3 0x8000b6c6 (0xbfe5)
core   0: 0x8000b6be (0x00005f17) auipc   t5, 0x5
core   0: 3 0x8000b6be (0x00005f17) x30 0x800106be
core   0: 0x8000b6c2 (0x943f2123) sw      gp, -1726(t5)
core   0: 3 0x8000b6c2 (0x943f2123) mem 0x80010000 0x00000001
core   0: 0x8000b6c6 (0x0000bfe5) c.j     pc - 8
core   0: 3 0x8000b6c6 (0xbfe5)
core   0: 0x8000b6be (0x00005f17) auipc   t5, 0x5
core   0: 3 0x8000b6be (0x00005f17) x30 0x800106be
core   0: 0x8000b6c2 (0x943f2123) sw      gp, -1726(t5)
core   0: 3 0x8000b6c2 (0x943f2123) mem 0x80010000 0x00000001
core   0: 0x8000b6c6 (0x0000bfe5) c.j     pc - 8
core   0: 3 0x8000b6c6 (0xbfe5)
core   0: 0x8000b6be (0x00005f17) auipc   t5, 0x5
core   0: 3 0x8000b6be (0x00005f17) x30 0x800106be
core   0: 0x8000b6c2 (0x943f2123) sw      gp, -1726(t5)
core   0: 3 0x8000b6c2 (0x943f2123) mem 0x80010000 0x00000001
core   0: 0x8000b6c6 (0x0000bfe5) c.j     pc - 8
core   0: 3 0x8000b6c6 (0xbfe5)
core   0: 0x8000b6be (0x00005f17) auipc   t5, 0x5
core   0: 3 0x8000b6be (0x00005f17) x30 0x800106be
core   0: 0x8000b6c2 (0x943f2123) sw      gp, -1726(t5)
core   0: 3 0x8000b6c2 (0x943f2123) mem 0x80010000 0x00000001
core   0: 0x8000b6c6 (0x0000bfe5) c.j     pc - 8
core   0: 3 0x8000b6c6 (0xbfe5)
core   0: 0x8000b6be (0x00005f17) auipc   t5, 0x5
core   0: 3 0x8000b6be (0x00005f17) x30 0x800106be
core   0: 0x8000b6c2 (0x943f2123) sw      gp, -1726(t5)
core   0: 3 0x8000b6c2 (0x943f2123) mem 0x80010000 0x00000001
core   0: 0x8000b6c6 (0x0000bfe5) c.j     pc - 8
core   0: 3 0x8000b6c6 (0xbfe5)
core   0: 0x8000b6be (0x00005f17) auipc   t5, 0x5
core   0: 3 0x8000b6be (0x00005f17) x30 0x800106be
core   0: 0x8000b6c2 (0x943f2123) sw      gp, -1726(t5)
core   0: 3 0x8000b6c2 (0x943f2123) mem 0x80010000 0x00000001
core   0: 0x8000b6c6 (0x0000bfe5) c.j     pc - 8
core   0: 3 0x8000b6c6 (0xbfe5)
core   0: 0x8000b6be (0x00005f17) auipc   t5, 0x5
core   0: 3 0x8000b6be (0x00005f17) x30 0x800106be
core   0: 0x8000b6c2 (0x943f2123) sw      gp, -1726(t5)
core   0: 3 0x8000b6c2 (0x943f2123) mem 0x80010000 0x00000001
core   0: 0x8000b6c6 (0x0000bfe5) c.j     pc - 8
core   0: 3 0x8000b6c6 (0xbfe5)
core   0: 0x8000b6be (0x00005f17) auipc   t5, 0x5
core   0: 3 0x8000b6be (0x00005f17) x30 0x800106be
core   0: 0x8000b6c2 (0x943f2123) sw      gp, -1726(t5)
core   0: 3 0x8000b6c2 (0x943f2123) mem 0x80010000 0x00000001
core   0: 0x8000b6c6 (0x0000bfe5) c.j     pc - 8
core   0: 3 0x8000b6c6 (0xbfe5)
core   0: 0x8000b6be (0x00005f17) auipc   t5, 0x5
core   0: 3 0x8000b6be (0x00005f17) x30 0x800106be
core   0: 0x8000b6c2 (0x943f2123) sw      gp, -1726(t5)
core   0: 3 0x8000b6c2 (0x943f2123) mem 0x80010000 0x00000001
core   0: 0x8000b6c6 (0x0000bfe5) c.j     pc - 8
core   0: 3 0x8000b6c6 (0xbfe5)
core   0: 0x8000b6be (0x00005f17) auipc   t5, 0x5
core   0: 3 0x8000b6be (0x00005f17) x30 0x800106be
core   0: 0x8000b6c2 (0x943f2123) sw      gp, -1726(t5)
core   0: 3 0x8000b6c2 (0x943f2123) mem 0x80010000 0x00000001
core   0: 0x8000b6c6 (0x0000bfe5) c.j     pc - 8
core   0: 3 0x8000b6c6 (0xbfe5)
core   0: 0x8000b6be (0x00005f17) auipc   t5, 0x5
core   0: 3 0x8000b6be (0x00005f17) x30 0x800106be
core   0: 0x8000b6c2 (0x943f2123) sw      gp, -1726(t5)
core   0: 3 0x8000b6c2 (0x943f2123) mem 0x80010000 0x00000001
core   0: 0x8000b6c6 (0x0000bfe5) c.j     pc - 8
core   0: 3 0x8000b6c6 (0xbfe5)
core   0: 0x8000b6be (0x00005f17) auipc   t5, 0x5
core   0: 3 0x8000b6be (0x00005f17) x30 0x800106be
core   0: 0x8000b6c2 (0x943f2123) sw      gp, -1726(t5)
core   0: 3 0x8000b6c2 (0x943f2123) mem 0x80010000 0x00000001
core   0: 0x8000b6c6 (0x0000bfe5) c.j     pc - 8
core   0: 3 0x8000b6c6 (0xbfe5)
core   0: 0x8000b6be (0x00005f17) auipc   t5, 0x5
core   0: 3 0x8000b6be (0x00005f17) x30 0x800106be
core   0: 0x8000b6c2 (0x943f2123) sw      gp, -1726(t5)
core   0: 3 0x8000b6c2 (0x943f2123) mem 0x80010000 0x00000001
core   0: 0x8000b6c6 (0x0000bfe5) c.j     pc - 8
core   0: 3 0x8000b6c6 (0xbfe5)
core   0: 0x8000b6be (0x00005f17) auipc   t5, 0x5
core   0: 3 0x8000b6be (0x00005f17) x30 0x800106be
core   0: 0x8000b6c2 (0x943f2123) sw      gp, -1726(t5)
core   0: 3 0x8000b6c2 (0x943f2123) mem 0x80010000 0x00000001
core   0: 0x8000b6c6 (0x0000bfe5) c.j     pc - 8
core   0: 3 0x8000b6c6 (0xbfe5)
core   0: 0x8000b6be (0x00005f17) auipc   t5, 0x5
core   0: 3 0x8000b6be (0x00005f17) x30 0x800106be
core   0: 0x8000b6c2 (0x943f2123) sw      gp, -1726(t5)
core   0: 3 0x8000b6c2 (0x943f2123) mem 0x80010000 0x00000001
core   0: 0x8000b6c6 (0x0000bfe5) c.j     pc - 8
core   0: 3 0x8000b6c6 (0xbfe5)
core   0: 0x8000b6be (0x00005f17) auipc   t5, 0x5
core   0: 3 0x8000b6be (0x00005f17) x30 0x800106be
core   0: 0x8000b6c2 (0x943f2123) sw      gp, -1726(t5)
core   0: 3 0x8000b6c2 (0x943f2123) mem 0x80010000 0x00000001
core   0: 0x8000b6c6 (0x0000bfe5) c.j     pc - 8
core   0: 3 0x8000b6c6 (0xbfe5)
core   0: 0x8000b6be (0x00005f17) auipc   t5, 0x5
core   0: 3 0x8000b6be (0x00005f17) x30 0x800106be
core   0: 0x8000b6c2 (0x943f2123) sw      gp, -1726(t5)
core   0: 3 0x8000b6c2 (0x943f2123) mem 0x80010000 0x00000001
core   0: 0x8000b6c6 (0x0000bfe5) c.j     pc - 8
core   0: 3 0x8000b6c6 (0xbfe5)
core   0: 0x8000b6be (0x00005f17) auipc   t5, 0x5
core   0: 3 0x8000b6be (0x00005f17) x30 0x800106be
core   0: 0x8000b6c2 (0x943f2123) sw      gp, -1726(t5)
core   0: 3 0x8000b6c2 (0x943f2123) mem 0x80010000 0x00000001
core   0: 0x8000b6c6 (0x0000bfe5) c.j     pc - 8
core   0: 3 0x8000b6c6 (0xbfe5)
core   0: 0x8000b6be (0x00005f17) auipc   t5, 0x5
core   0: 3 0x8000b6be (0x00005f17) x30 0x800106be
core   0: 0x8000b6c2 (0x943f2123) sw      gp, -1726(t5)
core   0: 3 0x8000b6c2 (0x943f2123) mem 0x80010000 0x00000001
core   0: 0x8000b6c6 (0x0000bfe5) c.j     pc - 8
core   0: 3 0x8000b6c6 (0xbfe5)
core   0: 0x8000b6be (0x00005f17) auipc   t5, 0x5
core   0: 3 0x8000b6be (0x00005f17) x30 0x800106be
core   0: 0x8000b6c2 (0x943f2123) sw      gp, -1726(t5)
core   0: 3 0x8000b6c2 (0x943f2123) mem 0x80010000 0x00000001
core   0: 0x8000b6c6 (0x0000bfe5) c.j     pc - 8
core   0: 3 0x8000b6c6 (0xbfe5)
core   0: 0x8000b6be (0x00005f17) auipc   t5, 0x5
core   0: 3 0x8000b6be (0x00005f17) x30 0x800106be
core   0: 0x8000b6c2 (0x943f2123) sw      gp, -1726(t5)
core   0: 3 0x8000b6c2 (0x943f2123) mem 0x80010000 0x00000001
core   0: 0x8000b6c6 (0x0000bfe5) c.j     pc - 8
core   0: 3 0x8000b6c6 (0xbfe5)
core   0: 0x8000b6be (0x00005f17) auipc   t5, 0x5
core   0: 3 0x8000b6be (0x00005f17) x30 0x800106be
core   0: 0x8000b6c2 (0x943f2123) sw      gp, -1726(t5)
core   0: 3 0x8000b6c2 (0x943f2123) mem 0x80010000 0x00000001
core   0: 0x8000b6c6 (0x0000bfe5) c.j     pc - 8
core   0: 3 0x8000b6c6 (0xbfe5)
core   0: 0x8000b6be (0x00005f17) auipc   t5, 0x5
core   0: 3 0x8000b6be (0x00005f17) x30 0x800106be
core   0: 0x8000b6c2 (0x943f2123) sw      gp, -1726(t5)
core   0: 3 0x8000b6c2 (0x943f2123) mem 0x80010000 0x00000001
core   0: 0x8000b6c6 (0x0000bfe5) c.j     pc - 8
core   0: 3 0x8000b6c6 (0xbfe5)
core   0: 0x8000b6be (0x00005f17) auipc   t5, 0x5
core   0: 3 0x8000b6be (0x00005f17) x30 0x800106be
core   0: 0x8000b6c2 (0x943f2123) sw      gp, -1726(t5)
core   0: 3 0x8000b6c2 (0x943f2123) mem 0x80010000 0x00000001
core   0: 0x8000b6c6 (0x0000bfe5) c.j     pc - 8
core   0: 3 0x8000b6c6 (0xbfe5)
core   0: 0x8000b6be (0x00005f17) auipc   t5, 0x5
core   0: 3 0x8000b6be (0x00005f17) x30 0x800106be
core   0: 0x8000b6c2 (0x943f2123) sw      gp, -1726(t5)
core   0: 3 0x8000b6c2 (0x943f2123) mem 0x80010000 0x00000001
core   0: 0x8000b6c6 (0x0000bfe5) c.j     pc - 8
core   0: 3 0x8000b6c6 (0xbfe5)
core   0: 0x8000b6be (0x00005f17) auipc   t5, 0x5
core   0: 3 0x8000b6be (0x00005f17) x30 0x800106be
core   0: 0x8000b6c2 (0x943f2123) sw      gp, -1726(t5)
core   0: 3 0x8000b6c2 (0x943f2123) mem 0x80010000 0x00000001
core   0: 0x8000b6c6 (0x0000bfe5) c.j     pc - 8
core   0: 3 0x8000b6c6 (0xbfe5)
core   0: 0x8000b6be (0x00005f17) auipc   t5, 0x5
core   0: 3 0x8000b6be (0x00005f17) x30 0x800106be
core   0: 0x8000b6c2 (0x943f2123) sw      gp, -1726(t5)
core   0: 3 0x8000b6c2 (0x943f2123) mem 0x80010000 0x00000001
core   0: 0x8000b6c6 (0x0000bfe5) c.j     pc - 8
core   0: 3 0x8000b6c6 (0xbfe5)
core   0: 0x8000b6be (0x00005f17) auipc   t5, 0x5
core   0: 3 0x8000b6be (0x00005f17) x30 0x800106be
core   0: 0x8000b6c2 (0x943f2123) sw      gp, -1726(t5)
core   0: 3 0x8000b6c2 (0x943f2123) mem 0x80010000 0x00000001
core   0: 0x8000b6c6 (0x0000bfe5) c.j     pc - 8
core   0: 3 0x8000b6c6 (0xbfe5)
core   0: 0x8000b6be (0x00005f17) auipc   t5, 0x5
core   0: 3 0x8000b6be (0x00005f17) x30 0x800106be
core   0: 0x8000b6c2 (0x943f2123) sw      gp, -1726(t5)
core   0: 3 0x8000b6c2 (0x943f2123) mem 0x80010000 0x00000001
core   0: 0x8000b6c6 (0x0000bfe5) c.j     pc - 8
core   0: 3 0x8000b6c6 (0xbfe5)
core   0: 0x8000b6be (0x00005f17) auipc   t5, 0x5
core   0: 3 0x8000b6be (0x00005f17) x30 0x800106be
core   0: 0x8000b6c2 (0x943f2123) sw      gp, -1726(t5)
core   0: 3 0x8000b6c2 (0x943f2123) mem 0x80010000 0x00000001
core   0: 0x8000b6c6 (0x0000bfe5) c.j     pc - 8
core   0: 3 0x8000b6c6 (0xbfe5)
core   0: 0x8000b6be (0x00005f17) auipc   t5, 0x5
core   0: 3 0x8000b6be (0x00005f17) x30 0x800106be
core   0: 0x8000b6c2 (0x943f2123) sw      gp, -1726(t5)
core   0: 3 0x8000b6c2 (0x943f2123) mem 0x80010000 0x00000001
core   0: 0x8000b6c6 (0x0000bfe5) c.j     pc - 8
core   0: 3 0x8000b6c6 (0xbfe5)
core   0: 0x8000b6be (0x00005f17) auipc   t5, 0x5
core   0: 3 0x8000b6be (0x00005f17) x30 0x800106be
core   0: 0x8000b6c2 (0x943f2123) sw      gp, -1726(t5)
core   0: 3 0x8000b6c2 (0x943f2123) mem 0x80010000 0x00000001
core   0: 0x8000b6c6 (0x0000bfe5) c.j     pc - 8
core   0: 3 0x8000b6c6 (0xbfe5)
core   0: 0x8000b6be (0x00005f17) auipc   t5, 0x5
core   0: 3 0x8000b6be (0x00005f17) x30 0x800106be
core   0: 0x8000b6c2 (0x943f2123) sw      gp, -1726(t5)
core   0: 3 0x8000b6c2 (0x943f2123) mem 0x80010000 0x00000001
core   0: 0x8000b6c6 (0x0000bfe5) c.j     pc - 8
core   0: 3 0x8000b6c6 (0xbfe5)
core   0: 0x8000b6be (0x00005f17) auipc   t5, 0x5
core   0: 3 0x8000b6be (0x00005f17) x30 0x800106be
core   0: 0x8000b6c2 (0x943f2123) sw      gp, -1726(t5)
core   0: 3 0x8000b6c2 (0x943f2123) mem 0x80010000 0x00000001
core   0: 0x8000b6c6 (0x0000bfe5) c.j     pc - 8
core   0: 3 0x8000b6c6 (0xbfe5)
core   0: 0x8000b6be (0x00005f17) auipc   t5, 0x5
core   0: 3 0x8000b6be (0x00005f17) x30 0x800106be
core   0: 0x8000b6c2 (0x943f2123) sw      gp, -1726(t5)
core   0: 3 0x8000b6c2 (0x943f2123) mem 0x80010000 0x00000001
core   0: 0x8000b6c6 (0x0000bfe5) c.j     pc - 8
core   0: 3 0x8000b6c6 (0xbfe5)
core   0: 0x8000b6be (0x00005f17) auipc   t5, 0x5
core   0: 3 0x8000b6be (0x00005f17) x30 0x800106be
core   0: 0x8000b6c2 (0x943f2123) sw      gp, -1726(t5)
core   0: 3 0x8000b6c2 (0x943f2123) mem 0x80010000 0x00000001
core   0: 0x8000b6c6 (0x0000bfe5) c.j     pc - 8
core   0: 3 0x8000b6c6 (0xbfe5)
core   0: 0x8000b6be (0x00005f17) auipc   t5, 0x5
core   0: 3 0x8000b6be (0x00005f17) x30 0x800106be
core   0: 0x8000b6c2 (0x943f2123) sw      gp, -1726(t5)
core   0: 3 0x8000b6c2 (0x943f2123) mem 0x80010000 0x00000001
core   0: 0x8000b6c6 (0x0000bfe5) c.j     pc - 8
core   0: 3 0x8000b6c6 (0xbfe5)
core   0: 0x8000b6be (0x00005f17) auipc   t5, 0x5
core   0: 3 0x8000b6be (0x00005f17) x30 0x800106be
core   0: 0x8000b6c2 (0x943f2123) sw      gp, -1726(t5)
core   0: 3 0x8000b6c2 (0x943f2123) mem 0x80010000 0x00000001
core   0: 0x8000b6c6 (0x0000bfe5) c.j     pc - 8
core   0: 3 0x8000b6c6 (0xbfe5)
core   0: 0x8000b6be (0x00005f17) auipc   t5, 0x5
core   0: 3 0x8000b6be (0x00005f17) x30 0x800106be
core   0: 0x8000b6c2 (0x943f2123) sw      gp, -1726(t5)
core   0: 3 0x8000b6c2 (0x943f2123) mem 0x80010000 0x00000001
core   0: 0x8000b6c6 (0x0000bfe5) c.j     pc - 8
core   0: 3 0x8000b6c6 (0xbfe5)
core   0: 0x8000b6be (0x00005f17) auipc   t5, 0x5
core   0: 3 0x8000b6be (0x00005f17) x30 0x800106be
core   0: 0x8000b6c2 (0x943f2123) sw      gp, -1726(t5)
core   0: 3 0x8000b6c2 (0x943f2123) mem 0x80010000 0x00000001
core   0: 0x8000b6c6 (0x0000bfe5) c.j     pc - 8
core   0: 3 0x8000b6c6 (0xbfe5)
core   0: 0x8000b6be (0x00005f17) auipc   t5, 0x5
core   0: 3 0x8000b6be (0x00005f17) x30 0x800106be
core   0: 0x8000b6c2 (0x943f2123) sw      gp, -1726(t5)
core   0: 3 0x8000b6c2 (0x943f2123) mem 0x80010000 0x00000001
core   0: 0x8000b6c6 (0x0000bfe5) c.j     pc - 8
core   0: 3 0x8000b6c6 (0xbfe5)
core   0: 0x8000b6be (0x00005f17) auipc   t5, 0x5
core   0: 3 0x8000b6be (0x00005f17) x30 0x800106be
core   0: 0x8000b6c2 (0x943f2123) sw      gp, -1726(t5)
core   0: 3 0x8000b6c2 (0x943f2123) mem 0x80010000 0x00000001
core   0: 0x8000b6c6 (0x0000bfe5) c.j     pc - 8
core   0: 3 0x8000b6c6 (0xbfe5)
core   0: 0x8000b6be (0x00005f17) auipc   t5, 0x5
core   0: 3 0x8000b6be (0x00005f17) x30 0x800106be
core   0: 0x8000b6c2 (0x943f2123) sw      gp, -1726(t5)
core   0: 3 0x8000b6c2 (0x943f2123) mem 0x80010000 0x00000001
core   0: 0x8000b6c6 (0x0000bfe5) c.j     pc - 8
core   0: 3 0x8000b6c6 (0xbfe5)
core   0: 0x8000b6be (0x00005f17) auipc   t5, 0x5
core   0: 3 0x8000b6be (0x00005f17) x30 0x800106be
core   0: 0x8000b6c2 (0x943f2123) sw      gp, -1726(t5)
core   0: 3 0x8000b6c2 (0x943f2123) mem 0x80010000 0x00000001
core   0: 0x8000b6c6 (0x0000bfe5) c.j     pc - 8
core   0: 3 0x8000b6c6 (0xbfe5)
core   0: 0x8000b6be (0x00005f17) auipc   t5, 0x5
core   0: 3 0x8000b6be (0x00005f17) x30 0x800106be
core   0: 0x8000b6c2 (0x943f2123) sw      gp, -1726(t5)
core   0: 3 0x8000b6c2 (0x943f2123) mem 0x80010000 0x00000001
core   0: 0x8000b6c6 (0x0000bfe5) c.j     pc - 8
core   0: 3 0x8000b6c6 (0xbfe5)
core   0: 0x8000b6be (0x00005f17) auipc   t5, 0x5
core   0: 3 0x8000b6be (0x00005f17) x30 0x800106be
core   0: 0x8000b6c2 (0x943f2123) sw      gp, -1726(t5)
core   0: 3 0x8000b6c2 (0x943f2123) mem 0x80010000 0x00000001
core   0: 0x8000b6c6 (0x0000bfe5) c.j     pc - 8
core   0: 3 0x8000b6c6 (0xbfe5)
core   0: 0x8000b6be (0x00005f17) auipc   t5, 0x5
core   0: 3 0x8000b6be (0x00005f17) x30 0x800106be
core   0: 0x8000b6c2 (0x943f2123) sw      gp, -1726(t5)
core   0: 3 0x8000b6c2 (0x943f2123) mem 0x80010000 0x00000001
core   0: 0x8000b6c6 (0x0000bfe5) c.j     pc - 8
core   0: 3 0x8000b6c6 (0xbfe5)
core   0: 0x8000b6be (0x00005f17) auipc   t5, 0x5
core   0: 3 0x8000b6be (0x00005f17) x30 0x800106be
core   0: 0x8000b6c2 (0x943f2123) sw      gp, -1726(t5)
core   0: 3 0x8000b6c2 (0x943f2123) mem 0x80010000 0x00000001
core   0: 0x8000b6c6 (0x0000bfe5) c.j     pc - 8
core   0: 3 0x8000b6c6 (0xbfe5)
core   0: 0x8000b6be (0x00005f17) auipc   t5, 0x5
core   0: 3 0x8000b6be (0x00005f17) x30 0x800106be
core   0: 0x8000b6c2 (0x943f2123) sw      gp, -1726(t5)
core   0: 3 0x8000b6c2 (0x943f2123) mem 0x80010000 0x00000001
core   0: 0x8000b6c6 (0x0000bfe5) c.j     pc - 8
core   0: 3 0x8000b6c6 (0xbfe5)
core   0: 0x8000b6be (0x00005f17) auipc   t5, 0x5
core   0: 3 0x8000b6be (0x00005f17) x30 0x800106be
core   0: 0x8000b6c2 (0x943f2123) sw      gp, -1726(t5)
core   0: 3 0x8000b6c2 (0x943f2123) mem 0x80010000 0x00000001
core   0: 0x8000b6c6 (0x0000bfe5) c.j     pc - 8
core   0: 3 0x8000b6c6 (0xbfe5)
core   0: 0x8000b6be (0x00005f17) auipc   t5, 0x5
core   0: 3 0x8000b6be (0x00005f17) x30 0x800106be
core   0: 0x8000b6c2 (0x943f2123) sw      gp, -1726(t5)
core   0: 3 0x8000b6c2 (0x943f2123) mem 0x80010000 0x00000001
core   0: 0x8000b6c6 (0x0000bfe5) c.j     pc - 8
core   0: 3 0x8000b6c6 (0xbfe5)
core   0: 0x8000b6be (0x00005f17) auipc   t5, 0x5
core   0: 3 0x8000b6be (0x00005f17) x30 0x800106be
core   0: 0x8000b6c2 (0x943f2123) sw      gp, -1726(t5)
core   0: 3 0x8000b6c2 (0x943f2123) mem 0x80010000 0x00000001
core   0: 0x8000b6c6 (0x0000bfe5) c.j     pc - 8
core   0: 3 0x8000b6c6 (0xbfe5)
core   0: 0x8000b6be (0x00005f17) auipc   t5, 0x5
core   0: 3 0x8000b6be (0x00005f17) x30 0x800106be
core   0: 0x8000b6c2 (0x943f2123) sw      gp, -1726(t5)
core   0: 3 0x8000b6c2 (0x943f2123) mem 0x80010000 0x00000001
core   0: 0x8000b6c6 (0x0000bfe5) c.j     pc - 8
core   0: 3 0x8000b6c6 (0xbfe5)
core   0: 0x8000b6be (0x00005f17) auipc   t5, 0x5
core   0: 3 0x8000b6be (0x00005f17) x30 0x800106be
core   0: 0x8000b6c2 (0x943f2123) sw      gp, -1726(t5)
core   0: 3 0x8000b6c2 (0x943f2123) mem 0x80010000 0x00000001
core   0: 0x8000b6c6 (0x0000bfe5) c.j     pc - 8
core   0: 3 0x8000b6c6 (0xbfe5)
core   0: 0x8000b6be (0x00005f17) auipc   t5, 0x5
core   0: 3 0x8000b6be (0x00005f17) x30 0x800106be
core   0: 0x8000b6c2 (0x943f2123) sw      gp, -1726(t5)
core   0: 3 0x8000b6c2 (0x943f2123) mem 0x80010000 0x00000001
core   0: 0x8000b6c6 (0x0000bfe5) c.j     pc - 8
core   0: 3 0x8000b6c6 (0xbfe5)
core   0: 0x8000b6be (0x00005f17) auipc   t5, 0x5
core   0: 3 0x8000b6be (0x00005f17) x30 0x800106be
core   0: 0x8000b6c2 (0x943f2123) sw      gp, -1726(t5)
core   0: 3 0x8000b6c2 (0x943f2123) mem 0x80010000 0x00000001
core   0: 0x8000b6c6 (0x0000bfe5) c.j     pc - 8
core   0: 3 0x8000b6c6 (0xbfe5)
core   0: 0x8000b6be (0x00005f17) auipc   t5, 0x5
core   0: 3 0x8000b6be (0x00005f17) x30 0x800106be
core   0: 0x8000b6c2 (0x943f2123) sw      gp, -1726(t5)
core   0: 3 0x8000b6c2 (0x943f2123) mem 0x80010000 0x00000001
core   0: 0x8000b6c6 (0x0000bfe5) c.j     pc - 8
core   0: 3 0x8000b6c6 (0xbfe5)
core   0: 0x8000b6be (0x00005f17) auipc   t5, 0x5
core   0: 3 0x8000b6be (0x00005f17) x30 0x800106be
core   0: 0x8000b6c2 (0x943f2123) sw      gp, -1726(t5)
core   0: 3 0x8000b6c2 (0x943f2123) mem 0x80010000 0x00000001
core   0: 0x8000b6c6 (0x0000bfe5) c.j     pc - 8
core   0: 3 0x8000b6c6 (0xbfe5)
core   0: 0x8000b6be (0x00005f17) auipc   t5, 0x5
core   0: 3 0x8000b6be (0x00005f17) x30 0x800106be
core   0: 0x8000b6c2 (0x943f2123) sw      gp, -1726(t5)
core   0: 3 0x8000b6c2 (0x943f2123) mem 0x80010000 0x00000001
core   0: 0x8000b6c6 (0x0000bfe5) c.j     pc - 8
core   0: 3 0x8000b6c6 (0xbfe5)
core   0: 0x8000b6be (0x00005f17) auipc   t5, 0x5
core   0: 3 0x8000b6be (0x00005f17) x30 0x800106be
core   0: 0x8000b6c2 (0x943f2123) sw      gp, -1726(t5)
core   0: 3 0x8000b6c2 (0x943f2123) mem 0x80010000 0x00000001
core   0: 0x8000b6c6 (0x0000bfe5) c.j     pc - 8
core   0: 3 0x8000b6c6 (0xbfe5)
core   0: 0x8000b6be (0x00005f17) auipc   t5, 0x5
core   0: 3 0x8000b6be (0x00005f17) x30 0x800106be
core   0: 0x8000b6c2 (0x943f2123) sw      gp, -1726(t5)
core   0: 3 0x8000b6c2 (0x943f2123) mem 0x80010000 0x00000001
core   0: 0x8000b6c6 (0x0000bfe5) c.j     pc - 8
core   0: 3 0x8000b6c6 (0xbfe5)
core   0: 0x8000b6be (0x00005f17) auipc   t5, 0x5
core   0: 3 0x8000b6be (0x00005f17) x30 0x800106be
core   0: 0x8000b6c2 (0x943f2123) sw      gp, -1726(t5)
core   0: 3 0x8000b6c2 (0x943f2123) mem 0x80010000 0x00000001
core   0: 0x8000b6c6 (0x0000bfe5) c.j     pc - 8
core   0: 3 0x8000b6c6 (0xbfe5)
core   0: 0x8000b6be (0x00005f17) auipc   t5, 0x5
core   0: 3 0x8000b6be (0x00005f17) x30 0x800106be
core   0: 0x8000b6c2 (0x943f2123) sw      gp, -1726(t5)
core   0: 3 0x8000b6c2 (0x943f2123) mem 0x80010000 0x00000001
core   0: 0x8000b6c6 (0x0000bfe5) c.j     pc - 8
core   0: 3 0x8000b6c6 (0xbfe5)
core   0: 0x8000b6be (0x00005f17) auipc   t5, 0x5
core   0: 3 0x8000b6be (0x00005f17) x30 0x800106be
core   0: 0x8000b6c2 (0x943f2123) sw      gp, -1726(t5)
core   0: 3 0x8000b6c2 (0x943f2123) mem 0x80010000 0x00000001
core   0: 0x8000b6c6 (0x0000bfe5) c.j     pc - 8
core   0: 3 0x8000b6c6 (0xbfe5)
core   0: 0x8000b6be (0x00005f17) auipc   t5, 0x5
core   0: 3 0x8000b6be (0x00005f17) x30 0x800106be
core   0: 0x8000b6c2 (0x943f2123) sw      gp, -1726(t5)
core   0: 3 0x8000b6c2 (0x943f2123) mem 0x80010000 0x00000001
core   0: 0x8000b6c6 (0x0000bfe5) c.j     pc - 8
core   0: 3 0x8000b6c6 (0xbfe5)
core   0: 0x8000b6be (0x00005f17) auipc   t5, 0x5
core   0: 3 0x8000b6be (0x00005f17) x30 0x800106be
core   0: 0x8000b6c2 (0x943f2123) sw      gp, -1726(t5)
core   0: 3 0x8000b6c2 (0x943f2123) mem 0x80010000 0x00000001
core   0: 0x8000b6c6 (0x0000bfe5) c.j     pc - 8
core   0: 3 0x8000b6c6 (0xbfe5)
core   0: 0x8000b6be (0x00005f17) auipc   t5, 0x5
core   0: 3 0x8000b6be (0x00005f17) x30 0x800106be
core   0: 0x8000b6c2 (0x943f2123) sw      gp, -1726(t5)
core   0: 3 0x8000b6c2 (0x943f2123) mem 0x80010000 0x00000001
core   0: 0x8000b6c6 (0x0000bfe5) c.j     pc - 8
core   0: 3 0x8000b6c6 (0xbfe5)
core   0: 0x8000b6be (0x00005f17) auipc   t5, 0x5
core   0: 3 0x8000b6be (0x00005f17) x30 0x800106be
core   0: 0x8000b6c2 (0x943f2123) sw      gp, -1726(t5)
core   0: 3 0x8000b6c2 (0x943f2123) mem 0x80010000 0x00000001
core   0: 0x8000b6c6 (0x0000bfe5) c.j     pc - 8
core   0: 3 0x8000b6c6 (0xbfe5)
core   0: 0x8000b6be (0x00005f17) auipc   t5, 0x5
core   0: 3 0x8000b6be (0x00005f17) x30 0x800106be
core   0: 0x8000b6c2 (0x943f2123) sw      gp, -1726(t5)
core   0: 3 0x8000b6c2 (0x943f2123) mem 0x80010000 0x00000001
core   0: 0x8000b6c6 (0x0000bfe5) c.j     pc - 8
core   0: 3 0x8000b6c6 (0xbfe5)
core   0: 0x8000b6be (0x00005f17) auipc   t5, 0x5
core   0: 3 0x8000b6be (0x00005f17) x30 0x800106be
core   0: 0x8000b6c2 (0x943f2123) sw      gp, -1726(t5)
core   0: 3 0x8000b6c2 (0x943f2123) mem 0x80010000 0x00000001
core   0: 0x8000b6c6 (0x0000bfe5) c.j     pc - 8
core   0: 3 0x8000b6c6 (0xbfe5)
core   0: 0x8000b6be (0x00005f17) auipc   t5, 0x5
core   0: 3 0x8000b6be (0x00005f17) x30 0x800106be
core   0: 0x8000b6c2 (0x943f2123) sw      gp, -1726(t5)
core   0: 3 0x8000b6c2 (0x943f2123) mem 0x80010000 0x00000001
core   0: 0x8000b6c6 (0x0000bfe5) c.j     pc - 8
core   0: 3 0x8000b6c6 (0xbfe5)
core   0: 0x8000b6be (0x00005f17) auipc   t5, 0x5
core   0: 3 0x8000b6be (0x00005f17) x30 0x800106be
core   0: 0x8000b6c2 (0x943f2123) sw      gp, -1726(t5)
core   0: 3 0x8000b6c2 (0x943f2123) mem 0x80010000 0x00000001
core   0: 0x8000b6c6 (0x0000bfe5) c.j     pc - 8
core   0: 3 0x8000b6c6 (0xbfe5)
core   0: 0x8000b6be (0x00005f17) auipc   t5, 0x5
core   0: 3 0x8000b6be (0x00005f17) x30 0x800106be
core   0: 0x8000b6c2 (0x943f2123) sw      gp, -1726(t5)
core   0: 3 0x8000b6c2 (0x943f2123) mem 0x80010000 0x00000001
core   0: 0x8000b6c6 (0x0000bfe5) c.j     pc - 8
core   0: 3 0x8000b6c6 (0xbfe5)
core   0: 0x8000b6be (0x00005f17) auipc   t5, 0x5
core   0: 3 0x8000b6be (0x00005f17) x30 0x800106be
core   0: 0x8000b6c2 (0x943f2123) sw      gp, -1726(t5)
core   0: 3 0x8000b6c2 (0x943f2123) mem 0x80010000 0x00000001
core   0: 0x8000b6c6 (0x0000bfe5) c.j     pc - 8
core   0: 3 0x8000b6c6 (0xbfe5)
core   0: 0x8000b6be (0x00005f17) auipc   t5, 0x5
core   0: 3 0x8000b6be (0x00005f17) x30 0x800106be
core   0: 0x8000b6c2 (0x943f2123) sw      gp, -1726(t5)
core   0: 3 0x8000b6c2 (0x943f2123) mem 0x80010000 0x00000001
core   0: 0x8000b6c6 (0x0000bfe5) c.j     pc - 8
core   0: 3 0x8000b6c6 (0xbfe5)
core   0: 0x8000b6be (0x00005f17) auipc   t5, 0x5
core   0: 3 0x8000b6be (0x00005f17) x30 0x800106be
core   0: 0x8000b6c2 (0x943f2123) sw      gp, -1726(t5)
core   0: 3 0x8000b6c2 (0x943f2123) mem 0x80010000 0x00000001
core   0: 0x8000b6c6 (0x0000bfe5) c.j     pc - 8
core   0: 3 0x8000b6c6 (0xbfe5)
core   0: 0x8000b6be (0x00005f17) auipc   t5, 0x5
core   0: 3 0x8000b6be (0x00005f17) x30 0x800106be
core   0: 0x8000b6c2 (0x943f2123) sw      gp, -1726(t5)
core   0: 3 0x8000b6c2 (0x943f2123) mem 0x80010000 0x00000001
core   0: 0x8000b6c6 (0x0000bfe5) c.j     pc - 8
core   0: 3 0x8000b6c6 (0xbfe5)
core   0: 0x8000b6be (0x00005f17) auipc   t5, 0x5
core   0: 3 0x8000b6be (0x00005f17) x30 0x800106be
core   0: 0x8000b6c2 (0x943f2123) sw      gp, -1726(t5)
core   0: 3 0x8000b6c2 (0x943f2123) mem 0x80010000 0x00000001
core   0: 0x8000b6c6 (0x0000bfe5) c.j     pc - 8
core   0: 3 0x8000b6c6 (0xbfe5)
core   0: 0x8000b6be (0x00005f17) auipc   t5, 0x5
core   0: 3 0x8000b6be (0x00005f17) x30 0x800106be
core   0: 0x8000b6c2 (0x943f2123) sw      gp, -1726(t5)
core   0: 3 0x8000b6c2 (0x943f2123) mem 0x80010000 0x00000001
core   0: 0x8000b6c6 (0x0000bfe5) c.j     pc - 8
core   0: 3 0x8000b6c6 (0xbfe5)
core   0: 0x8000b6be (0x00005f17) auipc   t5, 0x5
core   0: 3 0x8000b6be (0x00005f17) x30 0x800106be
core   0: 0x8000b6c2 (0x943f2123) sw      gp, -1726(t5)
core   0: 3 0x8000b6c2 (0x943f2123) mem 0x80010000 0x00000001
core   0: 0x8000b6c6 (0x0000bfe5) c.j     pc - 8
core   0: 3 0x8000b6c6 (0xbfe5)
core   0: 0x8000b6be (0x00005f17) auipc   t5, 0x5
core   0: 3 0x8000b6be (0x00005f17) x30 0x800106be
core   0: 0x8000b6c2 (0x943f2123) sw      gp, -1726(t5)
core   0: 3 0x8000b6c2 (0x943f2123) mem 0x80010000 0x00000001
core   0: 0x8000b6c6 (0x0000bfe5) c.j     pc - 8
core   0: 3 0x8000b6c6 (0xbfe5)
core   0: 0x8000b6be (0x00005f17) auipc   t5, 0x5
core   0: 3 0x8000b6be (0x00005f17) x30 0x800106be
core   0: 0x8000b6c2 (0x943f2123) sw      gp, -1726(t5)
core   0: 3 0x8000b6c2 (0x943f2123) mem 0x80010000 0x00000001
core   0: 0x8000b6c6 (0x0000bfe5) c.j     pc - 8
core   0: 3 0x8000b6c6 (0xbfe5)
core   0: 0x8000b6be (0x00005f17) auipc   t5, 0x5
core   0: 3 0x8000b6be (0x00005f17) x30 0x800106be
core   0: 0x8000b6c2 (0x943f2123) sw      gp, -1726(t5)
core   0: 3 0x8000b6c2 (0x943f2123) mem 0x80010000 0x00000001
core   0: 0x8000b6c6 (0x0000bfe5) c.j     pc - 8
core   0: 3 0x8000b6c6 (0xbfe5)
core   0: 0x8000b6be (0x00005f17) auipc   t5, 0x5
core   0: 3 0x8000b6be (0x00005f17) x30 0x800106be
core   0: 0x8000b6c2 (0x943f2123) sw      gp, -1726(t5)
core   0: 3 0x8000b6c2 (0x943f2123) mem 0x80010000 0x00000001
core   0: 0x8000b6c6 (0x0000bfe5) c.j     pc - 8
core   0: 3 0x8000b6c6 (0xbfe5)
core   0: 0x8000b6be (0x00005f17) auipc   t5, 0x5
core   0: 3 0x8000b6be (0x00005f17) x30 0x800106be
core   0: 0x8000b6c2 (0x943f2123) sw      gp, -1726(t5)
core   0: 3 0x8000b6c2 (0x943f2123) mem 0x80010000 0x00000001
core   0: 0x8000b6c6 (0x0000bfe5) c.j     pc - 8
core   0: 3 0x8000b6c6 (0xbfe5)
core   0: 0x8000b6be (0x00005f17) auipc   t5, 0x5
core   0: 3 0x8000b6be (0x00005f17) x30 0x800106be
core   0: 0x8000b6c2 (0x943f2123) sw      gp, -1726(t5)
core   0: 3 0x8000b6c2 (0x943f2123) mem 0x80010000 0x00000001
core   0: 0x8000b6c6 (0x0000bfe5) c.j     pc - 8
core   0: 3 0x8000b6c6 (0xbfe5)
core   0: 0x8000b6be (0x00005f17) auipc   t5, 0x5
core   0: 3 0x8000b6be (0x00005f17) x30 0x800106be
core   0: 0x8000b6c2 (0x943f2123) sw      gp, -1726(t5)
core   0: 3 0x8000b6c2 (0x943f2123) mem 0x80010000 0x00000001
core   0: 0x8000b6c6 (0x0000bfe5) c.j     pc - 8
core   0: 3 0x8000b6c6 (0xbfe5)
core   0: 0x8000b6be (0x00005f17) auipc   t5, 0x5
core   0: 3 0x8000b6be (0x00005f17) x30 0x800106be
core   0: 0x8000b6c2 (0x943f2123) sw      gp, -1726(t5)
core   0: 3 0x8000b6c2 (0x943f2123) mem 0x80010000 0x00000001
core   0: 0x8000b6c6 (0x0000bfe5) c.j     pc - 8
core   0: 3 0x8000b6c6 (0xbfe5)
core   0: 0x8000b6be (0x00005f17) auipc   t5, 0x5
core   0: 3 0x8000b6be (0x00005f17) x30 0x800106be
core   0: 0x8000b6c2 (0x943f2123) sw      gp, -1726(t5)
core   0: 3 0x8000b6c2 (0x943f2123) mem 0x80010000 0x00000001
core   0: 0x8000b6c6 (0x0000bfe5) c.j     pc - 8
core   0: 3 0x8000b6c6 (0xbfe5)
core   0: 0x8000b6be (0x00005f17) auipc   t5, 0x5
core   0: 3 0x8000b6be (0x00005f17) x30 0x800106be
core   0: 0x8000b6c2 (0x943f2123) sw      gp, -1726(t5)
core   0: 3 0x8000b6c2 (0x943f2123) mem 0x80010000 0x00000001
core   0: 0x8000b6c6 (0x0000bfe5) c.j     pc - 8
core   0: 3 0x8000b6c6 (0xbfe5)
core   0: 0x8000b6be (0x00005f17) auipc   t5, 0x5
core   0: 3 0x8000b6be (0x00005f17) x30 0x800106be
core   0: 0x8000b6c2 (0x943f2123) sw      gp, -1726(t5)
core   0: 3 0x8000b6c2 (0x943f2123) mem 0x80010000 0x00000001
core   0: 0x8000b6c6 (0x0000bfe5) c.j     pc - 8
core   0: 3 0x8000b6c6 (0xbfe5)
core   0: 0x8000b6be (0x00005f17) auipc   t5, 0x5
core   0: 3 0x8000b6be (0x00005f17) x30 0x800106be
core   0: 0x8000b6c2 (0x943f2123) sw      gp, -1726(t5)
core   0: 3 0x8000b6c2 (0x943f2123) mem 0x80010000 0x00000001
core   0: 0x8000b6c6 (0x0000bfe5) c.j     pc - 8
core   0: 3 0x8000b6c6 (0xbfe5)
core   0: 0x8000b6be (0x00005f17) auipc   t5, 0x5
core   0: 3 0x8000b6be (0x00005f17) x30 0x800106be
core   0: 0x8000b6c2 (0x943f2123) sw      gp, -1726(t5)
core   0: 3 0x8000b6c2 (0x943f2123) mem 0x80010000 0x00000001
core   0: 0x8000b6c6 (0x0000bfe5) c.j     pc - 8
core   0: 3 0x8000b6c6 (0xbfe5)
core   0: 0x8000b6be (0x00005f17) auipc   t5, 0x5
core   0: 3 0x8000b6be (0x00005f17) x30 0x800106be
core   0: 0x8000b6c2 (0x943f2123) sw      gp, -1726(t5)
core   0: 3 0x8000b6c2 (0x943f2123) mem 0x80010000 0x00000001
core   0: 0x8000b6c6 (0x0000bfe5) c.j     pc - 8
core   0: 3 0x8000b6c6 (0xbfe5)
core   0: 0x8000b6be (0x00005f17) auipc   t5, 0x5
core   0: 3 0x8000b6be (0x00005f17) x30 0x800106be
core   0: 0x8000b6c2 (0x943f2123) sw      gp, -1726(t5)
core   0: 3 0x8000b6c2 (0x943f2123) mem 0x80010000 0x00000001
core   0: 0x8000b6c6 (0x0000bfe5) c.j     pc - 8
core   0: 3 0x8000b6c6 (0xbfe5)
core   0: 0x8000b6be (0x00005f17) auipc   t5, 0x5
core   0: 3 0x8000b6be (0x00005f17) x30 0x800106be
core   0: 0x8000b6c2 (0x943f2123) sw      gp, -1726(t5)
core   0: 3 0x8000b6c2 (0x943f2123) mem 0x80010000 0x00000001
core   0: 0x8000b6c6 (0x0000bfe5) c.j     pc - 8
core   0: 3 0x8000b6c6 (0xbfe5)
core   0: 0x8000b6be (0x00005f17) auipc   t5, 0x5
core   0: 3 0x8000b6be (0x00005f17) x30 0x800106be
core   0: 0x8000b6c2 (0x943f2123) sw      gp, -1726(t5)
core   0: 3 0x8000b6c2 (0x943f2123) mem 0x80010000 0x00000001
core   0: 0x8000b6c6 (0x0000bfe5) c.j     pc - 8
core   0: 3 0x8000b6c6 (0xbfe5)
core   0: 0x8000b6be (0x00005f17) auipc   t5, 0x5
core   0: 3 0x8000b6be (0x00005f17) x30 0x800106be
core   0: 0x8000b6c2 (0x943f2123) sw      gp, -1726(t5)
core   0: 3 0x8000b6c2 (0x943f2123) mem 0x80010000 0x00000001
core   0: 0x8000b6c6 (0x0000bfe5) c.j     pc - 8
core   0: 3 0x8000b6c6 (0xbfe5)
core   0: 0x8000b6be (0x00005f17) auipc   t5, 0x5
core   0: 3 0x8000b6be (0x00005f17) x30 0x800106be
core   0: 0x8000b6c2 (0x943f2123) sw      gp, -1726(t5)
core   0: 3 0x8000b6c2 (0x943f2123) mem 0x80010000 0x00000001
core   0: 0x8000b6c6 (0x0000bfe5) c.j     pc - 8
core   0: 3 0x8000b6c6 (0xbfe5)
core   0: 0x8000b6be (0x00005f17) auipc   t5, 0x5
core   0: 3 0x8000b6be (0x00005f17) x30 0x800106be
core   0: 0x8000b6c2 (0x943f2123) sw      gp, -1726(t5)
core   0: 3 0x8000b6c2 (0x943f2123) mem 0x80010000 0x00000001
core   0: 0x8000b6c6 (0x0000bfe5) c.j     pc - 8
core   0: 3 0x8000b6c6 (0xbfe5)
core   0: 0x8000b6be (0x00005f17) auipc   t5, 0x5
core   0: 3 0x8000b6be (0x00005f17) x30 0x800106be
core   0: 0x8000b6c2 (0x943f2123) sw      gp, -1726(t5)
core   0: 3 0x8000b6c2 (0x943f2123) mem 0x80010000 0x00000001
core   0: 0x8000b6c6 (0x0000bfe5) c.j     pc - 8
core   0: 3 0x8000b6c6 (0xbfe5)
core   0: 0x8000b6be (0x00005f17) auipc   t5, 0x5
core   0: 3 0x8000b6be (0x00005f17) x30 0x800106be
core   0: 0x8000b6c2 (0x943f2123) sw      gp, -1726(t5)
core   0: 3 0x8000b6c2 (0x943f2123) mem 0x80010000 0x00000001
core   0: 0x8000b6c6 (0x0000bfe5) c.j     pc - 8
core   0: 3 0x8000b6c6 (0xbfe5)
core   0: 0x8000b6be (0x00005f17) auipc   t5, 0x5
core   0: 3 0x8000b6be (0x00005f17) x30 0x800106be
core   0: 0x8000b6c2 (0x943f2123) sw      gp, -1726(t5)
core   0: 3 0x8000b6c2 (0x943f2123) mem 0x80010000 0x00000001
core   0: 0x8000b6c6 (0x0000bfe5) c.j     pc - 8
core   0: 3 0x8000b6c6 (0xbfe5)
core   0: 0x8000b6be (0x00005f17) auipc   t5, 0x5
core   0: 3 0x8000b6be (0x00005f17) x30 0x800106be
core   0: 0x8000b6c2 (0x943f2123) sw      gp, -1726(t5)
core   0: 3 0x8000b6c2 (0x943f2123) mem 0x80010000 0x00000001
core   0: 0x8000b6c6 (0x0000bfe5) c.j     pc - 8
core   0: 3 0x8000b6c6 (0xbfe5)
core   0: 0x8000b6be (0x00005f17) auipc   t5, 0x5
core   0: 3 0x8000b6be (0x00005f17) x30 0x800106be
core   0: 0x8000b6c2 (0x943f2123) sw      gp, -1726(t5)
core   0: 3 0x8000b6c2 (0x943f2123) mem 0x80010000 0x00000001
core   0: 0x8000b6c6 (0x0000bfe5) c.j     pc - 8
core   0: 3 0x8000b6c6 (0xbfe5)
core   0: 0x8000b6be (0x00005f17) auipc   t5, 0x5
core   0: 3 0x8000b6be (0x00005f17) x30 0x800106be
core   0: 0x8000b6c2 (0x943f2123) sw      gp, -1726(t5)
core   0: 3 0x8000b6c2 (0x943f2123) mem 0x80010000 0x00000001
core   0: 0x8000b6c6 (0x0000bfe5) c.j     pc - 8
core   0: 3 0x8000b6c6 (0xbfe5)
core   0: 0x8000b6be (0x00005f17) auipc   t5, 0x5
core   0: 3 0x8000b6be (0x00005f17) x30 0x800106be
core   0: 0x8000b6c2 (0x943f2123) sw      gp, -1726(t5)
core   0: 3 0x8000b6c2 (0x943f2123) mem 0x80010000 0x00000001
core   0: 0x8000b6c6 (0x0000bfe5) c.j     pc - 8
core   0: 3 0x8000b6c6 (0xbfe5)
core   0: 0x8000b6be (0x00005f17) auipc   t5, 0x5
core   0: 3 0x8000b6be (0x00005f17) x30 0x800106be
core   0: 0x8000b6c2 (0x943f2123) sw      gp, -1726(t5)
core   0: 3 0x8000b6c2 (0x943f2123) mem 0x80010000 0x00000001
core   0: 0x8000b6c6 (0x0000bfe5) c.j     pc - 8
core   0: 3 0x8000b6c6 (0xbfe5)
core   0: 0x8000b6be (0x00005f17) auipc   t5, 0x5
core   0: 3 0x8000b6be (0x00005f17) x30 0x800106be
core   0: 0x8000b6c2 (0x943f2123) sw      gp, -1726(t5)
core   0: 3 0x8000b6c2 (0x943f2123) mem 0x80010000 0x00000001
core   0: 0x8000b6c6 (0x0000bfe5) c.j     pc - 8
core   0: 3 0x8000b6c6 (0xbfe5)
core   0: 0x8000b6be (0x00005f17) auipc   t5, 0x5
core   0: 3 0x8000b6be (0x00005f17) x30 0x800106be
core   0: 0x8000b6c2 (0x943f2123) sw      gp, -1726(t5)
core   0: 3 0x8000b6c2 (0x943f2123) mem 0x80010000 0x00000001
core   0: 0x8000b6c6 (0x0000bfe5) c.j     pc - 8
core   0: 3 0x8000b6c6 (0xbfe5)
core   0: 0x8000b6be (0x00005f17) auipc   t5, 0x5
core   0: 3 0x8000b6be (0x00005f17) x30 0x800106be
core   0: 0x8000b6c2 (0x943f2123) sw      gp, -1726(t5)
core   0: 3 0x8000b6c2 (0x943f2123) mem 0x80010000 0x00000001
core   0: 0x8000b6c6 (0x0000bfe5) c.j     pc - 8
core   0: 3 0x8000b6c6 (0xbfe5)
core   0: 0x8000b6be (0x00005f17) auipc   t5, 0x5
core   0: 3 0x8000b6be (0x00005f17) x30 0x800106be
core   0: 0x8000b6c2 (0x943f2123) sw      gp, -1726(t5)
core   0: 3 0x8000b6c2 (0x943f2123) mem 0x80010000 0x00000001
core   0: 0x8000b6c6 (0x0000bfe5) c.j     pc - 8
core   0: 3 0x8000b6c6 (0xbfe5)
core   0: 0x8000b6be (0x00005f17) auipc   t5, 0x5
core   0: 3 0x8000b6be (0x00005f17) x30 0x800106be
core   0: 0x8000b6c2 (0x943f2123) sw      gp, -1726(t5)
core   0: 3 0x8000b6c2 (0x943f2123) mem 0x80010000 0x00000001
core   0: 0x8000b6c6 (0x0000bfe5) c.j     pc - 8
core   0: 3 0x8000b6c6 (0xbfe5)
core   0: 0x8000b6be (0x00005f17) auipc   t5, 0x5
core   0: 3 0x8000b6be (0x00005f17) x30 0x800106be
core   0: 0x8000b6c2 (0x943f2123) sw      gp, -1726(t5)
core   0: 3 0x8000b6c2 (0x943f2123) mem 0x80010000 0x00000001
core   0: 0x8000b6c6 (0x0000bfe5) c.j     pc - 8
core   0: 3 0x8000b6c6 (0xbfe5)
core   0: 0x8000b6be (0x00005f17) auipc   t5, 0x5
core   0: 3 0x8000b6be (0x00005f17) x30 0x800106be
core   0: 0x8000b6c2 (0x943f2123) sw      gp, -1726(t5)
core   0: 3 0x8000b6c2 (0x943f2123) mem 0x80010000 0x00000001
core   0: 0x8000b6c6 (0x0000bfe5) c.j     pc - 8
core   0: 3 0x8000b6c6 (0xbfe5)
core   0: 0x8000b6be (0x00005f17) auipc   t5, 0x5
core   0: 3 0x8000b6be (0x00005f17) x30 0x800106be
core   0: 0x8000b6c2 (0x943f2123) sw      gp, -1726(t5)
core   0: 3 0x8000b6c2 (0x943f2123) mem 0x80010000 0x00000001
core   0: 0x8000b6c6 (0x0000bfe5) c.j     pc - 8
core   0: 3 0x8000b6c6 (0xbfe5)
core   0: 0x8000b6be (0x00005f17) auipc   t5, 0x5
core   0: 3 0x8000b6be (0x00005f17) x30 0x800106be
core   0: 0x8000b6c2 (0x943f2123) sw      gp, -1726(t5)
core   0: 3 0x8000b6c2 (0x943f2123) mem 0x80010000 0x00000001
core   0: 0x8000b6c6 (0x0000bfe5) c.j     pc - 8
core   0: 3 0x8000b6c6 (0xbfe5)
core   0: 0x8000b6be (0x00005f17) auipc   t5, 0x5
core   0: 3 0x8000b6be (0x00005f17) x30 0x800106be
core   0: 0x8000b6c2 (0x943f2123) sw      gp, -1726(t5)
core   0: 3 0x8000b6c2 (0x943f2123) mem 0x80010000 0x00000001
core   0: 0x8000b6c6 (0x0000bfe5) c.j     pc - 8
core   0: 3 0x8000b6c6 (0xbfe5)
core   0: 0x8000b6be (0x00005f17) auipc   t5, 0x5
core   0: 3 0x8000b6be (0x00005f17) x30 0x800106be
core   0: 0x8000b6c2 (0x943f2123) sw      gp, -1726(t5)
core   0: 3 0x8000b6c2 (0x943f2123) mem 0x80010000 0x00000001
core   0: 0x8000b6c6 (0x0000bfe5) c.j     pc - 8
core   0: 3 0x8000b6c6 (0xbfe5)
core   0: 0x8000b6be (0x00005f17) auipc   t5, 0x5
core   0: 3 0x8000b6be (0x00005f17) x30 0x800106be
core   0: 0x8000b6c2 (0x943f2123) sw      gp, -1726(t5)
core   0: 3 0x8000b6c2 (0x943f2123) mem 0x80010000 0x00000001
core   0: 0x8000b6c6 (0x0000bfe5) c.j     pc - 8
core   0: 3 0x8000b6c6 (0xbfe5)
core   0: 0x8000b6be (0x00005f17) auipc   t5, 0x5
core   0: 3 0x8000b6be (0x00005f17) x30 0x800106be
core   0: 0x8000b6c2 (0x943f2123) sw      gp, -1726(t5)
core   0: 3 0x8000b6c2 (0x943f2123) mem 0x80010000 0x00000001
core   0: 0x8000b6c6 (0x0000bfe5) c.j     pc - 8
core   0: 3 0x8000b6c6 (0xbfe5)
core   0: 0x8000b6be (0x00005f17) auipc   t5, 0x5
core   0: 3 0x8000b6be (0x00005f17) x30 0x800106be
core   0: 0x8000b6c2 (0x943f2123) sw      gp, -1726(t5)
core   0: 3 0x8000b6c2 (0x943f2123) mem 0x80010000 0x00000001
core   0: 0x8000b6c6 (0x0000bfe5) c.j     pc - 8
core   0: 3 0x8000b6c6 (0xbfe5)
core   0: 0x8000b6be (0x00005f17) auipc   t5, 0x5
core   0: 3 0x8000b6be (0x00005f17) x30 0x800106be
core   0: 0x8000b6c2 (0x943f2123) sw      gp, -1726(t5)
core   0: 3 0x8000b6c2 (0x943f2123) mem 0x80010000 0x00000001
core   0: 0x8000b6c6 (0x0000bfe5) c.j     pc - 8
core   0: 3 0x8000b6c6 (0xbfe5)
core   0: 0x8000b6be (0x00005f17) auipc   t5, 0x5
core   0: 3 0x8000b6be (0x00005f17) x30 0x800106be
core   0: 0x8000b6c2 (0x943f2123) sw      gp, -1726(t5)
core   0: 3 0x8000b6c2 (0x943f2123) mem 0x80010000 0x00000001
core   0: 0x8000b6c6 (0x0000bfe5) c.j     pc - 8
core   0: 3 0x8000b6c6 (0xbfe5)
core   0: 0x8000b6be (0x00005f17) auipc   t5, 0x5
core   0: 3 0x8000b6be (0x00005f17) x30 0x800106be
core   0: 0x8000b6c2 (0x943f2123) sw      gp, -1726(t5)
core   0: 3 0x8000b6c2 (0x943f2123) mem 0x80010000 0x00000001
core   0: 0x8000b6c6 (0x0000bfe5) c.j     pc - 8
core   0: 3 0x8000b6c6 (0xbfe5)
core   0: 0x8000b6be (0x00005f17) auipc   t5, 0x5
core   0: 3 0x8000b6be (0x00005f17) x30 0x800106be
core   0: 0x8000b6c2 (0x943f2123) sw      gp, -1726(t5)
core   0: 3 0x8000b6c2 (0x943f2123) mem 0x80010000 0x00000001
core   0: 0x8000b6c6 (0x0000bfe5) c.j     pc - 8
core   0: 3 0x8000b6c6 (0xbfe5)
core   0: 0x8000b6be (0x00005f17) auipc   t5, 0x5
core   0: 3 0x8000b6be (0x00005f17) x30 0x800106be
core   0: 0x8000b6c2 (0x943f2123) sw      gp, -1726(t5)
core   0: 3 0x8000b6c2 (0x943f2123) mem 0x80010000 0x00000001
core   0: 0x8000b6c6 (0x0000bfe5) c.j     pc - 8
core   0: 3 0x8000b6c6 (0xbfe5)
core   0: 0x8000b6be (0x00005f17) auipc   t5, 0x5
core   0: 3 0x8000b6be (0x00005f17) x30 0x800106be
core   0: 0x8000b6c2 (0x943f2123) sw      gp, -1726(t5)
core   0: 3 0x8000b6c2 (0x943f2123) mem 0x80010000 0x00000001
core   0: 0x8000b6c6 (0x0000bfe5) c.j     pc - 8
core   0: 3 0x8000b6c6 (0xbfe5)
core   0: 0x8000b6be (0x00005f17) auipc   t5, 0x5
core   0: 3 0x8000b6be (0x00005f17) x30 0x800106be
core   0: 0x8000b6c2 (0x943f2123) sw      gp, -1726(t5)
core   0: 3 0x8000b6c2 (0x943f2123) mem 0x80010000 0x00000001
core   0: 0x8000b6c6 (0x0000bfe5) c.j     pc - 8
core   0: 3 0x8000b6c6 (0xbfe5)
core   0: 0x8000b6be (0x00005f17) auipc   t5, 0x5
core   0: 3 0x8000b6be (0x00005f17) x30 0x800106be
core   0: 0x8000b6c2 (0x943f2123) sw      gp, -1726(t5)
core   0: 3 0x8000b6c2 (0x943f2123) mem 0x80010000 0x00000001
core   0: 0x8000b6c6 (0x0000bfe5) c.j     pc - 8
core   0: 3 0x8000b6c6 (0xbfe5)
core   0: 0x8000b6be (0x00005f17) auipc   t5, 0x5
core   0: 3 0x8000b6be (0x00005f17) x30 0x800106be
core   0: 0x8000b6c2 (0x943f2123) sw      gp, -1726(t5)
core   0: 3 0x8000b6c2 (0x943f2123) mem 0x80010000 0x00000001
core   0: 0x8000b6c6 (0x0000bfe5) c.j     pc - 8
core   0: 3 0x8000b6c6 (0xbfe5)
core   0: 0x8000b6be (0x00005f17) auipc   t5, 0x5
core   0: 3 0x8000b6be (0x00005f17) x30 0x800106be
core   0: 0x8000b6c2 (0x943f2123) sw      gp, -1726(t5)
core   0: 3 0x8000b6c2 (0x943f2123) mem 0x80010000 0x00000001
core   0: 0x8000b6c6 (0x0000bfe5) c.j     pc - 8
core   0: 3 0x8000b6c6 (0xbfe5)
core   0: 0x8000b6be (0x00005f17) auipc   t5, 0x5
core   0: 3 0x8000b6be (0x00005f17) x30 0x800106be
core   0: 0x8000b6c2 (0x943f2123) sw      gp, -1726(t5)
core   0: 3 0x8000b6c2 (0x943f2123) mem 0x80010000 0x00000001
core   0: 0x8000b6c6 (0x0000bfe5) c.j     pc - 8
core   0: 3 0x8000b6c6 (0xbfe5)
core   0: 0x8000b6be (0x00005f17) auipc   t5, 0x5
core   0: 3 0x8000b6be (0x00005f17) x30 0x800106be
core   0: 0x8000b6c2 (0x943f2123) sw      gp, -1726(t5)
core   0: 3 0x8000b6c2 (0x943f2123) mem 0x80010000 0x00000001
core   0: 0x8000b6c6 (0x0000bfe5) c.j     pc - 8
core   0: 3 0x8000b6c6 (0xbfe5)
core   0: 0x8000b6be (0x00005f17) auipc   t5, 0x5
core   0: 3 0x8000b6be (0x00005f17) x30 0x800106be
core   0: 0x8000b6c2 (0x943f2123) sw      gp, -1726(t5)
core   0: 3 0x8000b6c2 (0x943f2123) mem 0x80010000 0x00000001
core   0: 0x8000b6c6 (0x0000bfe5) c.j     pc - 8
core   0: 3 0x8000b6c6 (0xbfe5)
core   0: 0x8000b6be (0x00005f17) auipc   t5, 0x5
core   0: 3 0x8000b6be (0x00005f17) x30 0x800106be
core   0: 0x8000b6c2 (0x943f2123) sw      gp, -1726(t5)
core   0: 3 0x8000b6c2 (0x943f2123) mem 0x80010000 0x00000001
core   0: 0x8000b6c6 (0x0000bfe5) c.j     pc - 8
core   0: 3 0x8000b6c6 (0xbfe5)
core   0: 0x8000b6be (0x00005f17) auipc   t5, 0x5
core   0: 3 0x8000b6be (0x00005f17) x30 0x800106be
core   0: 0x8000b6c2 (0x943f2123) sw      gp, -1726(t5)
core   0: 3 0x8000b6c2 (0x943f2123) mem 0x80010000 0x00000001
core   0: 0x8000b6c6 (0x0000bfe5) c.j     pc - 8
core   0: 3 0x8000b6c6 (0xbfe5)
core   0: 0x8000b6be (0x00005f17) auipc   t5, 0x5
core   0: 3 0x8000b6be (0x00005f17) x30 0x800106be
core   0: 0x8000b6c2 (0x943f2123) sw      gp, -1726(t5)
core   0: 3 0x8000b6c2 (0x943f2123) mem 0x80010000 0x00000001
core   0: 0x8000b6c6 (0x0000bfe5) c.j     pc - 8
core   0: 3 0x8000b6c6 (0xbfe5)
core   0: 0x8000b6be (0x00005f17) auipc   t5, 0x5
core   0: 3 0x8000b6be (0x00005f17) x30 0x800106be
core   0: 0x8000b6c2 (0x943f2123) sw      gp, -1726(t5)
core   0: 3 0x8000b6c2 (0x943f2123) mem 0x80010000 0x00000001
core   0: 0x8000b6c6 (0x0000bfe5) c.j     pc - 8
core   0: 3 0x8000b6c6 (0xbfe5)
core   0: 0x8000b6be (0x00005f17) auipc   t5, 0x5
core   0: 3 0x8000b6be (0x00005f17) x30 0x800106be
core   0: 0x8000b6c2 (0x943f2123) sw      gp, -1726(t5)
core   0: 3 0x8000b6c2 (0x943f2123) mem 0x80010000 0x00000001
core   0: 0x8000b6c6 (0x0000bfe5) c.j     pc - 8
core   0: 3 0x8000b6c6 (0xbfe5)
core   0: 0x8000b6be (0x00005f17) auipc   t5, 0x5
core   0: 3 0x8000b6be (0x00005f17) x30 0x800106be
core   0: 0x8000b6c2 (0x943f2123) sw      gp, -1726(t5)
core   0: 3 0x8000b6c2 (0x943f2123) mem 0x80010000 0x00000001
core   0: 0x8000b6c6 (0x0000bfe5) c.j     pc - 8
core   0: 3 0x8000b6c6 (0xbfe5)
core   0: 0x8000b6be (0x00005f17) auipc   t5, 0x5
core   0: 3 0x8000b6be (0x00005f17) x30 0x800106be
core   0: 0x8000b6c2 (0x943f2123) sw      gp, -1726(t5)
core   0: 3 0x8000b6c2 (0x943f2123) mem 0x80010000 0x00000001
core   0: 0x8000b6c6 (0x0000bfe5) c.j     pc - 8
core   0: 3 0x8000b6c6 (0xbfe5)
core   0: 0x8000b6be (0x00005f17) auipc   t5, 0x5
core   0: 3 0x8000b6be (0x00005f17) x30 0x800106be
core   0: 0x8000b6c2 (0x943f2123) sw      gp, -1726(t5)
core   0: 3 0x8000b6c2 (0x943f2123) mem 0x80010000 0x00000001
core   0: 0x8000b6c6 (0x0000bfe5) c.j     pc - 8
core   0: 3 0x8000b6c6 (0xbfe5)
core   0: 0x8000b6be (0x00005f17) auipc   t5, 0x5
core   0: 3 0x8000b6be (0x00005f17) x30 0x800106be
core   0: 0x8000b6c2 (0x943f2123) sw      gp, -1726(t5)
core   0: 3 0x8000b6c2 (0x943f2123) mem 0x80010000 0x00000001
core   0: 0x8000b6c6 (0x0000bfe5) c.j     pc - 8
core   0: 3 0x8000b6c6 (0xbfe5)
core   0: 0x8000b6be (0x00005f17) auipc   t5, 0x5
core   0: 3 0x8000b6be (0x00005f17) x30 0x800106be
core   0: 0x8000b6c2 (0x943f2123) sw      gp, -1726(t5)
core   0: 3 0x8000b6c2 (0x943f2123) mem 0x80010000 0x00000001
core   0: 0x8000b6c6 (0x0000bfe5) c.j     pc - 8
core   0: 3 0x8000b6c6 (0xbfe5)
core   0: 0x8000b6be (0x00005f17) auipc   t5, 0x5
core   0: 3 0x8000b6be (0x00005f17) x30 0x800106be
core   0: 0x8000b6c2 (0x943f2123) sw      gp, -1726(t5)
core   0: 3 0x8000b6c2 (0x943f2123) mem 0x80010000 0x00000001
core   0: 0x8000b6c6 (0x0000bfe5) c.j     pc - 8
core   0: 3 0x8000b6c6 (0xbfe5)
core   0: 0x8000b6be (0x00005f17) auipc   t5, 0x5
core   0: 3 0x8000b6be (0x00005f17) x30 0x800106be
core   0: 0x8000b6c2 (0x943f2123) sw      gp, -1726(t5)
core   0: 3 0x8000b6c2 (0x943f2123) mem 0x80010000 0x00000001
core   0: 0x8000b6c6 (0x0000bfe5) c.j     pc - 8
core   0: 3 0x8000b6c6 (0xbfe5)
core   0: 0x8000b6be (0x00005f17) auipc   t5, 0x5
core   0: 3 0x8000b6be (0x00005f17) x30 0x800106be
core   0: 0x8000b6c2 (0x943f2123) sw      gp, -1726(t5)
core   0: 3 0x8000b6c2 (0x943f2123) mem 0x80010000 0x00000001
core   0: 0x8000b6c6 (0x0000bfe5) c.j     pc - 8
core   0: 3 0x8000b6c6 (0xbfe5)
core   0: 0x8000b6be (0x00005f17) auipc   t5, 0x5
core   0: 3 0x8000b6be (0x00005f17) x30 0x800106be
core   0: 0x8000b6c2 (0x943f2123) sw      gp, -1726(t5)
core   0: 3 0x8000b6c2 (0x943f2123) mem 0x80010000 0x00000001
core   0: 0x8000b6c6 (0x0000bfe5) c.j     pc - 8
core   0: 3 0x8000b6c6 (0xbfe5)
core   0: 0x8000b6be (0x00005f17) auipc   t5, 0x5
core   0: 3 0x8000b6be (0x00005f17) x30 0x800106be
core   0: 0x8000b6c2 (0x943f2123) sw      gp, -1726(t5)
core   0: 3 0x8000b6c2 (0x943f2123) mem 0x80010000 0x00000001
core   0: 0x8000b6c6 (0x0000bfe5) c.j     pc - 8
core   0: 3 0x8000b6c6 (0xbfe5)
core   0: 0x8000b6be (0x00005f17) auipc   t5, 0x5
core   0: 3 0x8000b6be (0x00005f17) x30 0x800106be
core   0: 0x8000b6c2 (0x943f2123) sw      gp, -1726(t5)
core   0: 3 0x8000b6c2 (0x943f2123) mem 0x80010000 0x00000001
core   0: 0x8000b6c6 (0x0000bfe5) c.j     pc - 8
core   0: 3 0x8000b6c6 (0xbfe5)
core   0: 0x8000b6be (0x00005f17) auipc   t5, 0x5
core   0: 3 0x8000b6be (0x00005f17) x30 0x800106be
core   0: 0x8000b6c2 (0x943f2123) sw      gp, -1726(t5)
core   0: 3 0x8000b6c2 (0x943f2123) mem 0x80010000 0x00000001
core   0: 0x8000b6c6 (0x0000bfe5) c.j     pc - 8
core   0: 3 0x8000b6c6 (0xbfe5)
core   0: 0x8000b6be (0x00005f17) auipc   t5, 0x5
core   0: 3 0x8000b6be (0x00005f17) x30 0x800106be
core   0: 0x8000b6c2 (0x943f2123) sw      gp, -1726(t5)
core   0: 3 0x8000b6c2 (0x943f2123) mem 0x80010000 0x00000001
core   0: 0x8000b6c6 (0x0000bfe5) c.j     pc - 8
core   0: 3 0x8000b6c6 (0xbfe5)
core   0: 0x8000b6be (0x00005f17) auipc   t5, 0x5
core   0: 3 0x8000b6be (0x00005f17) x30 0x800106be
core   0: 0x8000b6c2 (0x943f2123) sw      gp, -1726(t5)
core   0: 3 0x8000b6c2 (0x943f2123) mem 0x80010000 0x00000001
core   0: 0x8000b6c6 (0x0000bfe5) c.j     pc - 8
core   0: 3 0x8000b6c6 (0xbfe5)
core   0: 0x8000b6be (0x00005f17) auipc   t5, 0x5
core   0: 3 0x8000b6be (0x00005f17) x30 0x800106be
core   0: 0x8000b6c2 (0x943f2123) sw      gp, -1726(t5)
core   0: 3 0x8000b6c2 (0x943f2123) mem 0x80010000 0x00000001
core   0: 0x8000b6c6 (0x0000bfe5) c.j     pc - 8
core   0: 3 0x8000b6c6 (0xbfe5)
core   0: 0x8000b6be (0x00005f17) auipc   t5, 0x5
core   0: 3 0x8000b6be (0x00005f17) x30 0x800106be
core   0: 0x8000b6c2 (0x943f2123) sw      gp, -1726(t5)
core   0: 3 0x8000b6c2 (0x943f2123) mem 0x80010000 0x00000001
core   0: 0x8000b6c6 (0x0000bfe5) c.j     pc - 8
core   0: 3 0x8000b6c6 (0xbfe5)
core   0: 0x8000b6be (0x00005f17) auipc   t5, 0x5
core   0: 3 0x8000b6be (0x00005f17) x30 0x800106be
core   0: 0x8000b6c2 (0x943f2123) sw      gp, -1726(t5)
core   0: 3 0x8000b6c2 (0x943f2123) mem 0x80010000 0x00000001
core   0: 0x8000b6c6 (0x0000bfe5) c.j     pc - 8
core   0: 3 0x8000b6c6 (0xbfe5)
core   0: 0x8000b6be (0x00005f17) auipc   t5, 0x5
core   0: 3 0x8000b6be (0x00005f17) x30 0x800106be
core   0: 0x8000b6c2 (0x943f2123) sw      gp, -1726(t5)
core   0: 3 0x8000b6c2 (0x943f2123) mem 0x80010000 0x00000001
core   0: 0x8000b6c6 (0x0000bfe5) c.j     pc - 8
core   0: 3 0x8000b6c6 (0xbfe5)
core   0: 0x8000b6be (0x00005f17) auipc   t5, 0x5
core   0: 3 0x8000b6be (0x00005f17) x30 0x800106be
core   0: 0x8000b6c2 (0x943f2123) sw      gp, -1726(t5)
core   0: 3 0x8000b6c2 (0x943f2123) mem 0x80010000 0x00000001
core   0: 0x8000b6c6 (0x0000bfe5) c.j     pc - 8
core   0: 3 0x8000b6c6 (0xbfe5)
core   0: 0x8000b6be (0x00005f17) auipc   t5, 0x5
core   0: 3 0x8000b6be (0x00005f17) x30 0x800106be
core   0: 0x8000b6c2 (0x943f2123) sw      gp, -1726(t5)
core   0: 3 0x8000b6c2 (0x943f2123) mem 0x80010000 0x00000001
core   0: 0x8000b6c6 (0x0000bfe5) c.j     pc - 8
core   0: 3 0x8000b6c6 (0xbfe5)
core   0: 0x8000b6be (0x00005f17) auipc   t5, 0x5
core   0: 3 0x8000b6be (0x00005f17) x30 0x800106be
core   0: 0x8000b6c2 (0x943f2123) sw      gp, -1726(t5)
core   0: 3 0x8000b6c2 (0x943f2123) mem 0x80010000 0x00000001
core   0: 0x8000b6c6 (0x0000bfe5) c.j     pc - 8
core   0: 3 0x8000b6c6 (0xbfe5)
core   0: 0x8000b6be (0x00005f17) auipc   t5, 0x5
core   0: 3 0x8000b6be (0x00005f17) x30 0x800106be
core   0: 0x8000b6c2 (0x943f2123) sw      gp, -1726(t5)
core   0: 3 0x8000b6c2 (0x943f2123) mem 0x80010000 0x00000001
core   0: 0x8000b6c6 (0x0000bfe5) c.j     pc - 8
core   0: 3 0x8000b6c6 (0xbfe5)
core   0: 0x8000b6be (0x00005f17) auipc   t5, 0x5
core   0: 3 0x8000b6be (0x00005f17) x30 0x800106be
core   0: 0x8000b6c2 (0x943f2123) sw      gp, -1726(t5)
core   0: 3 0x8000b6c2 (0x943f2123) mem 0x80010000 0x00000001
core   0: 0x8000b6c6 (0x0000bfe5) c.j     pc - 8
core   0: 3 0x8000b6c6 (0xbfe5)
core   0: 0x8000b6be (0x00005f17) auipc   t5, 0x5
core   0: 3 0x8000b6be (0x00005f17) x30 0x800106be
core   0: 0x8000b6c2 (0x943f2123) sw      gp, -1726(t5)
core   0: 3 0x8000b6c2 (0x943f2123) mem 0x80010000 0x00000001
core   0: 0x8000b6c6 (0x0000bfe5) c.j     pc - 8
core   0: 3 0x8000b6c6 (0xbfe5)
core   0: 0x8000b6be (0x00005f17) auipc   t5, 0x5
core   0: 3 0x8000b6be (0x00005f17) x30 0x800106be
core   0: 0x8000b6c2 (0x943f2123) sw      gp, -1726(t5)
core   0: 3 0x8000b6c2 (0x943f2123) mem 0x80010000 0x00000001
core   0: 0x8000b6c6 (0x0000bfe5) c.j     pc - 8
core   0: 3 0x8000b6c6 (0xbfe5)
core   0: 0x8000b6be (0x00005f17) auipc   t5, 0x5
core   0: 3 0x8000b6be (0x00005f17) x30 0x800106be
core   0: 0x8000b6c2 (0x943f2123) sw      gp, -1726(t5)
core   0: 3 0x8000b6c2 (0x943f2123) mem 0x80010000 0x00000001
core   0: 0x8000b6c6 (0x0000bfe5) c.j     pc - 8
core   0: 3 0x8000b6c6 (0xbfe5)
core   0: 0x8000b6be (0x00005f17) auipc   t5, 0x5
core   0: 3 0x8000b6be (0x00005f17) x30 0x800106be
core   0: 0x8000b6c2 (0x943f2123) sw      gp, -1726(t5)
core   0: 3 0x8000b6c2 (0x943f2123) mem 0x80010000 0x00000001
core   0: 0x8000b6c6 (0x0000bfe5) c.j     pc - 8
core   0: 3 0x8000b6c6 (0xbfe5)
core   0: 0x8000b6be (0x00005f17) auipc   t5, 0x5
core   0: 3 0x8000b6be (0x00005f17) x30 0x800106be
core   0: 0x8000b6c2 (0x943f2123) sw      gp, -1726(t5)
core   0: 3 0x8000b6c2 (0x943f2123) mem 0x80010000 0x00000001
core   0: 0x8000b6c6 (0x0000bfe5) c.j     pc - 8
core   0: 3 0x8000b6c6 (0xbfe5)
core   0: 0x8000b6be (0x00005f17) auipc   t5, 0x5
core   0: 3 0x8000b6be (0x00005f17) x30 0x800106be
core   0: 0x8000b6c2 (0x943f2123) sw      gp, -1726(t5)
core   0: 3 0x8000b6c2 (0x943f2123) mem 0x80010000 0x00000001
core   0: 0x8000b6c6 (0x0000bfe5) c.j     pc - 8
core   0: 3 0x8000b6c6 (0xbfe5)
core   0: 0x8000b6be (0x00005f17) auipc   t5, 0x5
core   0: 3 0x8000b6be (0x00005f17) x30 0x800106be
core   0: 0x8000b6c2 (0x943f2123) sw      gp, -1726(t5)
core   0: 3 0x8000b6c2 (0x943f2123) mem 0x80010000 0x00000001
core   0: 0x8000b6c6 (0x0000bfe5) c.j     pc - 8
core   0: 3 0x8000b6c6 (0xbfe5)
core   0: 0x8000b6be (0x00005f17) auipc   t5, 0x5
core   0: 3 0x8000b6be (0x00005f17) x30 0x800106be
core   0: 0x8000b6c2 (0x943f2123) sw      gp, -1726(t5)
core   0: 3 0x8000b6c2 (0x943f2123) mem 0x80010000 0x00000001
core   0: 0x8000b6c6 (0x0000bfe5) c.j     pc - 8
core   0: 3 0x8000b6c6 (0xbfe5)
core   0: 0x8000b6be (0x00005f17) auipc   t5, 0x5
core   0: 3 0x8000b6be (0x00005f17) x30 0x800106be
core   0: 0x8000b6c2 (0x943f2123) sw      gp, -1726(t5)
core   0: 3 0x8000b6c2 (0x943f2123) mem 0x80010000 0x00000001
core   0: 0x8000b6c6 (0x0000bfe5) c.j     pc - 8
core   0: 3 0x8000b6c6 (0xbfe5)
core   0: 0x8000b6be (0x00005f17) auipc   t5, 0x5
core   0: 3 0x8000b6be (0x00005f17) x30 0x800106be
core   0: 0x8000b6c2 (0x943f2123) sw      gp, -1726(t5)
core   0: 3 0x8000b6c2 (0x943f2123) mem 0x80010000 0x00000001
core   0: 0x8000b6c6 (0x0000bfe5) c.j     pc - 8
core   0: 3 0x8000b6c6 (0xbfe5)
core   0: 0x8000b6be (0x00005f17) auipc   t5, 0x5
core   0: 3 0x8000b6be (0x00005f17) x30 0x800106be
core   0: 0x8000b6c2 (0x943f2123) sw      gp, -1726(t5)
core   0: 3 0x8000b6c2 (0x943f2123) mem 0x80010000 0x00000001
core   0: 0x8000b6c6 (0x0000bfe5) c.j     pc - 8
core   0: 3 0x8000b6c6 (0xbfe5)
core   0: 0x8000b6be (0x00005f17) auipc   t5, 0x5
core   0: 3 0x8000b6be (0x00005f17) x30 0x800106be
core   0: 0x8000b6c2 (0x943f2123) sw      gp, -1726(t5)
core   0: 3 0x8000b6c2 (0x943f2123) mem 0x80010000 0x00000001
core   0: 0x8000b6c6 (0x0000bfe5) c.j     pc - 8
core   0: 3 0x8000b6c6 (0xbfe5)
core   0: 0x8000b6be (0x00005f17) auipc   t5, 0x5
core   0: 3 0x8000b6be (0x00005f17) x30 0x800106be
core   0: 0x8000b6c2 (0x943f2123) sw      gp, -1726(t5)
core   0: 3 0x8000b6c2 (0x943f2123) mem 0x80010000 0x00000001
core   0: 0x8000b6c6 (0x0000bfe5) c.j     pc - 8
core   0: 3 0x8000b6c6 (0xbfe5)
core   0: 0x8000b6be (0x00005f17) auipc   t5, 0x5
core   0: 3 0x8000b6be (0x00005f17) x30 0x800106be
core   0: 0x8000b6c2 (0x943f2123) sw      gp, -1726(t5)
core   0: 3 0x8000b6c2 (0x943f2123) mem 0x80010000 0x00000001
core   0: 0x8000b6c6 (0x0000bfe5) c.j     pc - 8
core   0: 3 0x8000b6c6 (0xbfe5)
core   0: 0x8000b6be (0x00005f17) auipc   t5, 0x5
core   0: 3 0x8000b6be (0x00005f17) x30 0x800106be
core   0: 0x8000b6c2 (0x943f2123) sw      gp, -1726(t5)
core   0: 3 0x8000b6c2 (0x943f2123) mem 0x80010000 0x00000001
core   0: 0x8000b6c6 (0x0000bfe5) c.j     pc - 8
core   0: 3 0x8000b6c6 (0xbfe5)
core   0: 0x8000b6be (0x00005f17) auipc   t5, 0x5
core   0: 3 0x8000b6be (0x00005f17) x30 0x800106be
core   0: 0x8000b6c2 (0x943f2123) sw      gp, -1726(t5)
core   0: 3 0x8000b6c2 (0x943f2123) mem 0x80010000 0x00000001
core   0: 0x8000b6c6 (0x0000bfe5) c.j     pc - 8
core   0: 3 0x8000b6c6 (0xbfe5)
core   0: 0x8000b6be (0x00005f17) auipc   t5, 0x5
core   0: 3 0x8000b6be (0x00005f17) x30 0x800106be
core   0: 0x8000b6c2 (0x943f2123) sw      gp, -1726(t5)
core   0: 3 0x8000b6c2 (0x943f2123) mem 0x80010000 0x00000001
core   0: 0x8000b6c6 (0x0000bfe5) c.j     pc - 8
core   0: 3 0x8000b6c6 (0xbfe5)
core   0: 0x8000b6be (0x00005f17) auipc   t5, 0x5
core   0: 3 0x8000b6be (0x00005f17) x30 0x800106be
core   0: 0x8000b6c2 (0x943f2123) sw      gp, -1726(t5)
core   0: 3 0x8000b6c2 (0x943f2123) mem 0x80010000 0x00000001
core   0: 0x8000b6c6 (0x0000bfe5) c.j     pc - 8
core   0: 3 0x8000b6c6 (0xbfe5)
core   0: 0x8000b6be (0x00005f17) auipc   t5, 0x5
core   0: 3 0x8000b6be (0x00005f17) x30 0x800106be
core   0: 0x8000b6c2 (0x943f2123) sw      gp, -1726(t5)
core   0: 3 0x8000b6c2 (0x943f2123) mem 0x80010000 0x00000001
core   0: 0x8000b6c6 (0x0000bfe5) c.j     pc - 8
core   0: 3 0x8000b6c6 (0xbfe5)
core   0: 0x8000b6be (0x00005f17) auipc   t5, 0x5
core   0: 3 0x8000b6be (0x00005f17) x30 0x800106be
core   0: 0x8000b6c2 (0x943f2123) sw      gp, -1726(t5)
core   0: 3 0x8000b6c2 (0x943f2123) mem 0x80010000 0x00000001
core   0: 0x8000b6c6 (0x0000bfe5) c.j     pc - 8
core   0: 3 0x8000b6c6 (0xbfe5)
core   0: 0x8000b6be (0x00005f17) auipc   t5, 0x5
core   0: 3 0x8000b6be (0x00005f17) x30 0x800106be
core   0: 0x8000b6c2 (0x943f2123) sw      gp, -1726(t5)
core   0: 3 0x8000b6c2 (0x943f2123) mem 0x80010000 0x00000001
core   0: 0x8000b6c6 (0x0000bfe5) c.j     pc - 8
core   0: 3 0x8000b6c6 (0xbfe5)
core   0: 0x8000b6be (0x00005f17) auipc   t5, 0x5
core   0: 3 0x8000b6be (0x00005f17) x30 0x800106be
core   0: 0x8000b6c2 (0x943f2123) sw      gp, -1726(t5)
core   0: 3 0x8000b6c2 (0x943f2123) mem 0x80010000 0x00000001
core   0: 0x8000b6c6 (0x0000bfe5) c.j     pc - 8
core   0: 3 0x8000b6c6 (0xbfe5)
core   0: 0x8000b6be (0x00005f17) auipc   t5, 0x5
core   0: 3 0x8000b6be (0x00005f17) x30 0x800106be
core   0: 0x8000b6c2 (0x943f2123) sw      gp, -1726(t5)
core   0: 3 0x8000b6c2 (0x943f2123) mem 0x80010000 0x00000001
core   0: 0x8000b6c6 (0x0000bfe5) c.j     pc - 8
core   0: 3 0x8000b6c6 (0xbfe5)
core   0: 0x8000b6be (0x00005f17) auipc   t5, 0x5
core   0: 3 0x8000b6be (0x00005f17) x30 0x800106be
core   0: 0x8000b6c2 (0x943f2123) sw      gp, -1726(t5)
core   0: 3 0x8000b6c2 (0x943f2123) mem 0x80010000 0x00000001
core   0: 0x8000b6c6 (0x0000bfe5) c.j     pc - 8
core   0: 3 0x8000b6c6 (0xbfe5)
core   0: 0x8000b6be (0x00005f17) auipc   t5, 0x5
core   0: 3 0x8000b6be (0x00005f17) x30 0x800106be
core   0: 0x8000b6c2 (0x943f2123) sw      gp, -1726(t5)
core   0: 3 0x8000b6c2 (0x943f2123) mem 0x80010000 0x00000001
core   0: 0x8000b6c6 (0x0000bfe5) c.j     pc - 8
core   0: 3 0x8000b6c6 (0xbfe5)
core   0: 0x8000b6be (0x00005f17) auipc   t5, 0x5
core   0: 3 0x8000b6be (0x00005f17) x30 0x800106be
core   0: 0x8000b6c2 (0x943f2123) sw      gp, -1726(t5)
core   0: 3 0x8000b6c2 (0x943f2123) mem 0x80010000 0x00000001
core   0: 0x8000b6c6 (0x0000bfe5) c.j     pc - 8
core   0: 3 0x8000b6c6 (0xbfe5)
core   0: 0x8000b6be (0x00005f17) auipc   t5, 0x5
core   0: 3 0x8000b6be (0x00005f17) x30 0x800106be
core   0: 0x8000b6c2 (0x943f2123) sw      gp, -1726(t5)
core   0: 3 0x8000b6c2 (0x943f2123) mem 0x80010000 0x00000001
core   0: 0x8000b6c6 (0x0000bfe5) c.j     pc - 8
core   0: 3 0x8000b6c6 (0xbfe5)
core   0: 0x8000b6be (0x00005f17) auipc   t5, 0x5
core   0: 3 0x8000b6be (0x00005f17) x30 0x800106be
core   0: 0x8000b6c2 (0x943f2123) sw      gp, -1726(t5)
core   0: 3 0x8000b6c2 (0x943f2123) mem 0x80010000 0x00000001
core   0: 0x8000b6c6 (0x0000bfe5) c.j     pc - 8
core   0: 3 0x8000b6c6 (0xbfe5)
core   0: 0x8000b6be (0x00005f17) auipc   t5, 0x5
core   0: 3 0x8000b6be (0x00005f17) x30 0x800106be
core   0: 0x8000b6c2 (0x943f2123) sw      gp, -1726(t5)
core   0: 3 0x8000b6c2 (0x943f2123) mem 0x80010000 0x00000001
core   0: 0x8000b6c6 (0x0000bfe5) c.j     pc - 8
core   0: 3 0x8000b6c6 (0xbfe5)
core   0: 0x8000b6be (0x00005f17) auipc   t5, 0x5
core   0: 3 0x8000b6be (0x00005f17) x30 0x800106be
core   0: 0x8000b6c2 (0x943f2123) sw      gp, -1726(t5)
core   0: 3 0x8000b6c2 (0x943f2123) mem 0x80010000 0x00000001
core   0: 0x8000b6c6 (0x0000bfe5) c.j     pc - 8
core   0: 3 0x8000b6c6 (0xbfe5)
core   0: 0x8000b6be (0x00005f17) auipc   t5, 0x5
core   0: 3 0x8000b6be (0x00005f17) x30 0x800106be
core   0: 0x8000b6c2 (0x943f2123) sw      gp, -1726(t5)
core   0: 3 0x8000b6c2 (0x943f2123) mem 0x80010000 0x00000001
core   0: 0x8000b6c6 (0x0000bfe5) c.j     pc - 8
core   0: 3 0x8000b6c6 (0xbfe5)
core   0: 0x8000b6be (0x00005f17) auipc   t5, 0x5
core   0: 3 0x8000b6be (0x00005f17) x30 0x800106be
core   0: 0x8000b6c2 (0x943f2123) sw      gp, -1726(t5)
core   0: 3 0x8000b6c2 (0x943f2123) mem 0x80010000 0x00000001
core   0: 0x8000b6c6 (0x0000bfe5) c.j     pc - 8
core   0: 3 0x8000b6c6 (0xbfe5)
core   0: 0x8000b6be (0x00005f17) auipc   t5, 0x5
core   0: 3 0x8000b6be (0x00005f17) x30 0x800106be
core   0: 0x8000b6c2 (0x943f2123) sw      gp, -1726(t5)
core   0: 3 0x8000b6c2 (0x943f2123) mem 0x80010000 0x00000001
core   0: 0x8000b6c6 (0x0000bfe5) c.j     pc - 8
core   0: 3 0x8000b6c6 (0xbfe5)
core   0: 0x8000b6be (0x00005f17) auipc   t5, 0x5
core   0: 3 0x8000b6be (0x00005f17) x30 0x800106be
core   0: 0x8000b6c2 (0x943f2123) sw      gp, -1726(t5)
core   0: 3 0x8000b6c2 (0x943f2123) mem 0x80010000 0x00000001
core   0: 0x8000b6c6 (0x0000bfe5) c.j     pc - 8
core   0: 3 0x8000b6c6 (0xbfe5)
core   0: 0x8000b6be (0x00005f17) auipc   t5, 0x5
core   0: 3 0x8000b6be (0x00005f17) x30 0x800106be
core   0: 0x8000b6c2 (0x943f2123) sw      gp, -1726(t5)
core   0: 3 0x8000b6c2 (0x943f2123) mem 0x80010000 0x00000001
core   0: 0x8000b6c6 (0x0000bfe5) c.j     pc - 8
core   0: 3 0x8000b6c6 (0xbfe5)
core   0: 0x8000b6be (0x00005f17) auipc   t5, 0x5
core   0: 3 0x8000b6be (0x00005f17) x30 0x800106be
core   0: 0x8000b6c2 (0x943f2123) sw      gp, -1726(t5)
core   0: 3 0x8000b6c2 (0x943f2123) mem 0x80010000 0x00000001
core   0: 0x8000b6c6 (0x0000bfe5) c.j     pc - 8
core   0: 3 0x8000b6c6 (0xbfe5)
core   0: 0x8000b6be (0x00005f17) auipc   t5, 0x5
core   0: 3 0x8000b6be (0x00005f17) x30 0x800106be
core   0: 0x8000b6c2 (0x943f2123) sw      gp, -1726(t5)
core   0: 3 0x8000b6c2 (0x943f2123) mem 0x80010000 0x00000001
core   0: 0x8000b6c6 (0x0000bfe5) c.j     pc - 8
core   0: 3 0x8000b6c6 (0xbfe5)
core   0: 0x8000b6be (0x00005f17) auipc   t5, 0x5
core   0: 3 0x8000b6be (0x00005f17) x30 0x800106be
core   0: 0x8000b6c2 (0x943f2123) sw      gp, -1726(t5)
core   0: 3 0x8000b6c2 (0x943f2123) mem 0x80010000 0x00000001
core   0: 0x8000b6c6 (0x0000bfe5) c.j     pc - 8
core   0: 3 0x8000b6c6 (0xbfe5)
core   0: 0x8000b6be (0x00005f17) auipc   t5, 0x5
core   0: 3 0x8000b6be (0x00005f17) x30 0x800106be
core   0: 0x8000b6c2 (0x943f2123) sw      gp, -1726(t5)
core   0: 3 0x8000b6c2 (0x943f2123) mem 0x80010000 0x00000001
core   0: 0x8000b6c6 (0x0000bfe5) c.j     pc - 8
core   0: 3 0x8000b6c6 (0xbfe5)
core   0: 0x8000b6be (0x00005f17) auipc   t5, 0x5
core   0: 3 0x8000b6be (0x00005f17) x30 0x800106be
core   0: 0x8000b6c2 (0x943f2123) sw      gp, -1726(t5)
core   0: 3 0x8000b6c2 (0x943f2123) mem 0x80010000 0x00000001
core   0: 0x8000b6c6 (0x0000bfe5) c.j     pc - 8
core   0: 3 0x8000b6c6 (0xbfe5)
core   0: 0x8000b6be (0x00005f17) auipc   t5, 0x5
core   0: 3 0x8000b6be (0x00005f17) x30 0x800106be
core   0: 0x8000b6c2 (0x943f2123) sw      gp, -1726(t5)
core   0: 3 0x8000b6c2 (0x943f2123) mem 0x80010000 0x00000001
core   0: 0x8000b6c6 (0x0000bfe5) c.j     pc - 8
core   0: 3 0x8000b6c6 (0xbfe5)
core   0: 0x8000b6be (0x00005f17) auipc   t5, 0x5
core   0: 3 0x8000b6be (0x00005f17) x30 0x800106be
core   0: 0x8000b6c2 (0x943f2123) sw      gp, -1726(t5)
core   0: 3 0x8000b6c2 (0x943f2123) mem 0x80010000 0x00000001
core   0: 0x8000b6c6 (0x0000bfe5) c.j     pc - 8
core   0: 3 0x8000b6c6 (0xbfe5)
core   0: 0x8000b6be (0x00005f17) auipc   t5, 0x5
core   0: 3 0x8000b6be (0x00005f17) x30 0x800106be
core   0: 0x8000b6c2 (0x943f2123) sw      gp, -1726(t5)
core   0: 3 0x8000b6c2 (0x943f2123) mem 0x80010000 0x00000001
core   0: 0x8000b6c6 (0x0000bfe5) c.j     pc - 8
core   0: 3 0x8000b6c6 (0xbfe5)
core   0: 0x8000b6be (0x00005f17) auipc   t5, 0x5
core   0: 3 0x8000b6be (0x00005f17) x30 0x800106be
core   0: 0x8000b6c2 (0x943f2123) sw      gp, -1726(t5)
core   0: 3 0x8000b6c2 (0x943f2123) mem 0x80010000 0x00000001
core   0: 0x8000b6c6 (0x0000bfe5) c.j     pc - 8
core   0: 3 0x8000b6c6 (0xbfe5)
core   0: 0x8000b6be (0x00005f17) auipc   t5, 0x5
core   0: 3 0x8000b6be (0x00005f17) x30 0x800106be
core   0: 0x8000b6c2 (0x943f2123) sw      gp, -1726(t5)
core   0: 3 0x8000b6c2 (0x943f2123) mem 0x80010000 0x00000001
core   0: 0x8000b6c6 (0x0000bfe5) c.j     pc - 8
core   0: 3 0x8000b6c6 (0xbfe5)
core   0: 0x8000b6be (0x00005f17) auipc   t5, 0x5
core   0: 3 0x8000b6be (0x00005f17) x30 0x800106be
core   0: 0x8000b6c2 (0x943f2123) sw      gp, -1726(t5)
core   0: 3 0x8000b6c2 (0x943f2123) mem 0x80010000 0x00000001
core   0: 0x8000b6c6 (0x0000bfe5) c.j     pc - 8
core   0: 3 0x8000b6c6 (0xbfe5)
core   0: 0x8000b6be (0x00005f17) auipc   t5, 0x5
core   0: 3 0x8000b6be (0x00005f17) x30 0x800106be
core   0: 0x8000b6c2 (0x943f2123) sw      gp, -1726(t5)
core   0: 3 0x8000b6c2 (0x943f2123) mem 0x80010000 0x00000001
core   0: 0x8000b6c6 (0x0000bfe5) c.j     pc - 8
core   0: 3 0x8000b6c6 (0xbfe5)
core   0: 0x8000b6be (0x00005f17) auipc   t5, 0x5
core   0: 3 0x8000b6be (0x00005f17) x30 0x800106be
core   0: 0x8000b6c2 (0x943f2123) sw      gp, -1726(t5)
core   0: 3 0x8000b6c2 (0x943f2123) mem 0x80010000 0x00000001
core   0: 0x8000b6c6 (0x0000bfe5) c.j     pc - 8
core   0: 3 0x8000b6c6 (0xbfe5)
core   0: 0x8000b6be (0x00005f17) auipc   t5, 0x5
core   0: 3 0x8000b6be (0x00005f17) x30 0x800106be
core   0: 0x8000b6c2 (0x943f2123) sw      gp, -1726(t5)
core   0: 3 0x8000b6c2 (0x943f2123) mem 0x80010000 0x00000001
core   0: 0x8000b6c6 (0x0000bfe5) c.j     pc - 8
core   0: 3 0x8000b6c6 (0xbfe5)
core   0: 0x8000b6be (0x00005f17) auipc   t5, 0x5
core   0: 3 0x8000b6be (0x00005f17) x30 0x800106be
core   0: 0x8000b6c2 (0x943f2123) sw      gp, -1726(t5)
core   0: 3 0x8000b6c2 (0x943f2123) mem 0x80010000 0x00000001
core   0: 0x8000b6c6 (0x0000bfe5) c.j     pc - 8
core   0: 3 0x8000b6c6 (0xbfe5)
core   0: 0x8000b6be (0x00005f17) auipc   t5, 0x5
core   0: 3 0x8000b6be (0x00005f17) x30 0x800106be
core   0: 0x8000b6c2 (0x943f2123) sw      gp, -1726(t5)
core   0: 3 0x8000b6c2 (0x943f2123) mem 0x80010000 0x00000001
core   0: 0x8000b6c6 (0x0000bfe5) c.j     pc - 8
core   0: 3 0x8000b6c6 (0xbfe5)
core   0: 0x8000b6be (0x00005f17) auipc   t5, 0x5
core   0: 3 0x8000b6be (0x00005f17) x30 0x800106be
core   0: 0x8000b6c2 (0x943f2123) sw      gp, -1726(t5)
core   0: 3 0x8000b6c2 (0x943f2123) mem 0x80010000 0x00000001
core   0: 0x8000b6c6 (0x0000bfe5) c.j     pc - 8
core   0: 3 0x8000b6c6 (0xbfe5)
core   0: 0x8000b6be (0x00005f17) auipc   t5, 0x5
core   0: 3 0x8000b6be (0x00005f17) x30 0x800106be
core   0: 0x8000b6c2 (0x943f2123) sw      gp, -1726(t5)
core   0: 3 0x8000b6c2 (0x943f2123) mem 0x80010000 0x00000001
core   0: 0x8000b6c6 (0x0000bfe5) c.j     pc - 8
core   0: 3 0x8000b6c6 (0xbfe5)
core   0: 0x8000b6be (0x00005f17) auipc   t5, 0x5
core   0: 3 0x8000b6be (0x00005f17) x30 0x800106be
core   0: 0x8000b6c2 (0x943f2123) sw      gp, -1726(t5)
core   0: 3 0x8000b6c2 (0x943f2123) mem 0x80010000 0x00000001
core   0: 0x8000b6c6 (0x0000bfe5) c.j     pc - 8
core   0: 3 0x8000b6c6 (0xbfe5)
core   0: 0x8000b6be (0x00005f17) auipc   t5, 0x5
core   0: 3 0x8000b6be (0x00005f17) x30 0x800106be
core   0: 0x8000b6c2 (0x943f2123) sw      gp, -1726(t5)
core   0: 3 0x8000b6c2 (0x943f2123) mem 0x80010000 0x00000001
core   0: 0x8000b6c6 (0x0000bfe5) c.j     pc - 8
core   0: 3 0x8000b6c6 (0xbfe5)
core   0: 0x8000b6be (0x00005f17) auipc   t5, 0x5
core   0: 3 0x8000b6be (0x00005f17) x30 0x800106be
core   0: 0x8000b6c2 (0x943f2123) sw      gp, -1726(t5)
core   0: 3 0x8000b6c2 (0x943f2123) mem 0x80010000 0x00000001
core   0: 0x8000b6c6 (0x0000bfe5) c.j     pc - 8
core   0: 3 0x8000b6c6 (0xbfe5)
core   0: 0x8000b6be (0x00005f17) auipc   t5, 0x5
core   0: 3 0x8000b6be (0x00005f17) x30 0x800106be
core   0: 0x8000b6c2 (0x943f2123) sw      gp, -1726(t5)
core   0: 3 0x8000b6c2 (0x943f2123) mem 0x80010000 0x00000001
core   0: 0x8000b6c6 (0x0000bfe5) c.j     pc - 8
core   0: 3 0x8000b6c6 (0xbfe5)
core   0: 0x8000b6be (0x00005f17) auipc   t5, 0x5
core   0: 3 0x8000b6be (0x00005f17) x30 0x800106be
core   0: 0x8000b6c2 (0x943f2123) sw      gp, -1726(t5)
core   0: 3 0x8000b6c2 (0x943f2123) mem 0x80010000 0x00000001
core   0: 0x8000b6c6 (0x0000bfe5) c.j     pc - 8
core   0: 3 0x8000b6c6 (0xbfe5)
core   0: 0x8000b6be (0x00005f17) auipc   t5, 0x5
core   0: 3 0x8000b6be (0x00005f17) x30 0x800106be
core   0: 0x8000b6c2 (0x943f2123) sw      gp, -1726(t5)
core   0: 3 0x8000b6c2 (0x943f2123) mem 0x80010000 0x00000001
core   0: 0x8000b6c6 (0x0000bfe5) c.j     pc - 8
core   0: 3 0x8000b6c6 (0xbfe5)
core   0: 0x8000b6be (0x00005f17) auipc   t5, 0x5
core   0: 3 0x8000b6be (0x00005f17) x30 0x800106be
core   0: 0x8000b6c2 (0x943f2123) sw      gp, -1726(t5)
core   0: 3 0x8000b6c2 (0x943f2123) mem 0x80010000 0x00000001
core   0: 0x8000b6c6 (0x0000bfe5) c.j     pc - 8
core   0: 3 0x8000b6c6 (0xbfe5)
core   0: 0x8000b6be (0x00005f17) auipc   t5, 0x5
core   0: 3 0x8000b6be (0x00005f17) x30 0x800106be
core   0: 0x8000b6c2 (0x943f2123) sw      gp, -1726(t5)
core   0: 3 0x8000b6c2 (0x943f2123) mem 0x80010000 0x00000001
core   0: 0x8000b6c6 (0x0000bfe5) c.j     pc - 8
core   0: 3 0x8000b6c6 (0xbfe5)
core   0: 0x8000b6be (0x00005f17) auipc   t5, 0x5
core   0: 3 0x8000b6be (0x00005f17) x30 0x800106be
core   0: 0x8000b6c2 (0x943f2123) sw      gp, -1726(t5)
core   0: 3 0x8000b6c2 (0x943f2123) mem 0x80010000 0x00000001
core   0: 0x8000b6c6 (0x0000bfe5) c.j     pc - 8
core   0: 3 0x8000b6c6 (0xbfe5)
core   0: 0x8000b6be (0x00005f17) auipc   t5, 0x5
core   0: 3 0x8000b6be (0x00005f17) x30 0x800106be
core   0: 0x8000b6c2 (0x943f2123) sw      gp, -1726(t5)
core   0: 3 0x8000b6c2 (0x943f2123) mem 0x80010000 0x00000001
core   0: 0x8000b6c6 (0x0000bfe5) c.j     pc - 8
core   0: 3 0x8000b6c6 (0xbfe5)
core   0: 0x8000b6be (0x00005f17) auipc   t5, 0x5
core   0: 3 0x8000b6be (0x00005f17) x30 0x800106be
core   0: 0x8000b6c2 (0x943f2123) sw      gp, -1726(t5)
core   0: 3 0x8000b6c2 (0x943f2123) mem 0x80010000 0x00000001
core   0: 0x8000b6c6 (0x0000bfe5) c.j     pc - 8
core   0: 3 0x8000b6c6 (0xbfe5)
core   0: 0x8000b6be (0x00005f17) auipc   t5, 0x5
core   0: 3 0x8000b6be (0x00005f17) x30 0x800106be
core   0: 0x8000b6c2 (0x943f2123) sw      gp, -1726(t5)
core   0: 3 0x8000b6c2 (0x943f2123) mem 0x80010000 0x00000001
core   0: 0x8000b6c6 (0x0000bfe5) c.j     pc - 8
core   0: 3 0x8000b6c6 (0xbfe5)
core   0: 0x8000b6be (0x00005f17) auipc   t5, 0x5
core   0: 3 0x8000b6be (0x00005f17) x30 0x800106be
core   0: 0x8000b6c2 (0x943f2123) sw      gp, -1726(t5)
core   0: 3 0x8000b6c2 (0x943f2123) mem 0x80010000 0x00000001
core   0: 0x8000b6c6 (0x0000bfe5) c.j     pc - 8
core   0: 3 0x8000b6c6 (0xbfe5)
core   0: 0x8000b6be (0x00005f17) auipc   t5, 0x5
core   0: 3 0x8000b6be (0x00005f17) x30 0x800106be
core   0: 0x8000b6c2 (0x943f2123) sw      gp, -1726(t5)
core   0: 3 0x8000b6c2 (0x943f2123) mem 0x80010000 0x00000001
core   0: 0x8000b6c6 (0x0000bfe5) c.j     pc - 8
core   0: 3 0x8000b6c6 (0xbfe5)
core   0: 0x8000b6be (0x00005f17) auipc   t5, 0x5
core   0: 3 0x8000b6be (0x00005f17) x30 0x800106be
core   0: 0x8000b6c2 (0x943f2123) sw      gp, -1726(t5)
core   0: 3 0x8000b6c2 (0x943f2123) mem 0x80010000 0x00000001
core   0: 0x8000b6c6 (0x0000bfe5) c.j     pc - 8
core   0: 3 0x8000b6c6 (0xbfe5)
core   0: 0x8000b6be (0x00005f17) auipc   t5, 0x5
core   0: 3 0x8000b6be (0x00005f17) x30 0x800106be
core   0: 0x8000b6c2 (0x943f2123) sw      gp, -1726(t5)
core   0: 3 0x8000b6c2 (0x943f2123) mem 0x80010000 0x00000001
core   0: 0x8000b6c6 (0x0000bfe5) c.j     pc - 8
core   0: 3 0x8000b6c6 (0xbfe5)
core   0: 0x8000b6be (0x00005f17) auipc   t5, 0x5
core   0: 3 0x8000b6be (0x00005f17) x30 0x800106be
core   0: 0x8000b6c2 (0x943f2123) sw      gp, -1726(t5)
core   0: 3 0x8000b6c2 (0x943f2123) mem 0x80010000 0x00000001
core   0: 0x8000b6c6 (0x0000bfe5) c.j     pc - 8
core   0: 3 0x8000b6c6 (0xbfe5)
core   0: 0x8000b6be (0x00005f17) auipc   t5, 0x5
core   0: 3 0x8000b6be (0x00005f17) x30 0x800106be
core   0: 0x8000b6c2 (0x943f2123) sw      gp, -1726(t5)
core   0: 3 0x8000b6c2 (0x943f2123) mem 0x80010000 0x00000001
core   0: 0x8000b6c6 (0x0000bfe5) c.j     pc - 8
core   0: 3 0x8000b6c6 (0xbfe5)
core   0: 0x8000b6be (0x00005f17) auipc   t5, 0x5
core   0: 3 0x8000b6be (0x00005f17) x30 0x800106be
core   0: 0x8000b6c2 (0x943f2123) sw      gp, -1726(t5)
core   0: 3 0x8000b6c2 (0x943f2123) mem 0x80010000 0x00000001
core   0: 0x8000b6c6 (0x0000bfe5) c.j     pc - 8
core   0: 3 0x8000b6c6 (0xbfe5)
core   0: 0x8000b6be (0x00005f17) auipc   t5, 0x5
core   0: 3 0x8000b6be (0x00005f17) x30 0x800106be
core   0: 0x8000b6c2 (0x943f2123) sw      gp, -1726(t5)
core   0: 3 0x8000b6c2 (0x943f2123) mem 0x80010000 0x00000001
core   0: 0x8000b6c6 (0x0000bfe5) c.j     pc - 8
core   0: 3 0x8000b6c6 (0xbfe5)
core   0: 0x8000b6be (0x00005f17) auipc   t5, 0x5
core   0: 3 0x8000b6be (0x00005f17) x30 0x800106be
core   0: 0x8000b6c2 (0x943f2123) sw      gp, -1726(t5)
core   0: 3 0x8000b6c2 (0x943f2123) mem 0x80010000 0x00000001
core   0: 0x8000b6c6 (0x0000bfe5) c.j     pc - 8
core   0: 3 0x8000b6c6 (0xbfe5)
core   0: 0x8000b6be (0x00005f17) auipc   t5, 0x5
core   0: 3 0x8000b6be (0x00005f17) x30 0x800106be
core   0: 0x8000b6c2 (0x943f2123) sw      gp, -1726(t5)
core   0: 3 0x8000b6c2 (0x943f2123) mem 0x80010000 0x00000001
core   0: 0x8000b6c6 (0x0000bfe5) c.j     pc - 8
core   0: 3 0x8000b6c6 (0xbfe5)
core   0: 0x8000b6be (0x00005f17) auipc   t5, 0x5
core   0: 3 0x8000b6be (0x00005f17) x30 0x800106be
core   0: 0x8000b6c2 (0x943f2123) sw      gp, -1726(t5)
core   0: 3 0x8000b6c2 (0x943f2123) mem 0x80010000 0x00000001
core   0: 0x8000b6c6 (0x0000bfe5) c.j     pc - 8
core   0: 3 0x8000b6c6 (0xbfe5)
core   0: 0x8000b6be (0x00005f17) auipc   t5, 0x5
core   0: 3 0x8000b6be (0x00005f17) x30 0x800106be
core   0: 0x8000b6c2 (0x943f2123) sw      gp, -1726(t5)
core   0: 3 0x8000b6c2 (0x943f2123) mem 0x80010000 0x00000001
core   0: 0x8000b6c6 (0x0000bfe5) c.j     pc - 8
core   0: 3 0x8000b6c6 (0xbfe5)
core   0: 0x8000b6be (0x00005f17) auipc   t5, 0x5
core   0: 3 0x8000b6be (0x00005f17) x30 0x800106be
core   0: 0x8000b6c2 (0x943f2123) sw      gp, -1726(t5)
core   0: 3 0x8000b6c2 (0x943f2123) mem 0x80010000 0x00000001
core   0: 0x8000b6c6 (0x0000bfe5) c.j     pc - 8
core   0: 3 0x8000b6c6 (0xbfe5)
core   0: 0x8000b6be (0x00005f17) auipc   t5, 0x5
core   0: 3 0x8000b6be (0x00005f17) x30 0x800106be
core   0: 0x8000b6c2 (0x943f2123) sw      gp, -1726(t5)
core   0: 3 0x8000b6c2 (0x943f2123) mem 0x80010000 0x00000001
core   0: 0x8000b6c6 (0x0000bfe5) c.j     pc - 8
core   0: 3 0x8000b6c6 (0xbfe5)
core   0: 0x8000b6be (0x00005f17) auipc   t5, 0x5
core   0: 3 0x8000b6be (0x00005f17) x30 0x800106be
core   0: 0x8000b6c2 (0x943f2123) sw      gp, -1726(t5)
core   0: 3 0x8000b6c2 (0x943f2123) mem 0x80010000 0x00000001
core   0: 0x8000b6c6 (0x0000bfe5) c.j     pc - 8
core   0: 3 0x8000b6c6 (0xbfe5)
core   0: 0x8000b6be (0x00005f17) auipc   t5, 0x5
core   0: 3 0x8000b6be (0x00005f17) x30 0x800106be
core   0: 0x8000b6c2 (0x943f2123) sw      gp, -1726(t5)
core   0: 3 0x8000b6c2 (0x943f2123) mem 0x80010000 0x00000001
core   0: 0x8000b6c6 (0x0000bfe5) c.j     pc - 8
core   0: 3 0x8000b6c6 (0xbfe5)
core   0: 0x8000b6be (0x00005f17) auipc   t5, 0x5
core   0: 3 0x8000b6be (0x00005f17) x30 0x800106be
core   0: 0x8000b6c2 (0x943f2123) sw      gp, -1726(t5)
core   0: 3 0x8000b6c2 (0x943f2123) mem 0x80010000 0x00000001
core   0: 0x8000b6c6 (0x0000bfe5) c.j     pc - 8
core   0: 3 0x8000b6c6 (0xbfe5)
core   0: 0x8000b6be (0x00005f17) auipc   t5, 0x5
core   0: 3 0x8000b6be (0x00005f17) x30 0x800106be
core   0: 0x8000b6c2 (0x943f2123) sw      gp, -1726(t5)
core   0: 3 0x8000b6c2 (0x943f2123) mem 0x80010000 0x00000001
core   0: 0x8000b6c6 (0x0000bfe5) c.j     pc - 8
core   0: 3 0x8000b6c6 (0xbfe5)
core   0: 0x8000b6be (0x00005f17) auipc   t5, 0x5
core   0: 3 0x8000b6be (0x00005f17) x30 0x800106be
core   0: 0x8000b6c2 (0x943f2123) sw      gp, -1726(t5)
core   0: 3 0x8000b6c2 (0x943f2123) mem 0x80010000 0x00000001
core   0: 0x8000b6c6 (0x0000bfe5) c.j     pc - 8
core   0: 3 0x8000b6c6 (0xbfe5)
core   0: 0x8000b6be (0x00005f17) auipc   t5, 0x5
core   0: 3 0x8000b6be (0x00005f17) x30 0x800106be
core   0: 0x8000b6c2 (0x943f2123) sw      gp, -1726(t5)
core   0: 3 0x8000b6c2 (0x943f2123) mem 0x80010000 0x00000001
core   0: 0x8000b6c6 (0x0000bfe5) c.j     pc - 8
core   0: 3 0x8000b6c6 (0xbfe5)
core   0: 0x8000b6be (0x00005f17) auipc   t5, 0x5
core   0: 3 0x8000b6be (0x00005f17) x30 0x800106be
core   0: 0x8000b6c2 (0x943f2123) sw      gp, -1726(t5)
core   0: 3 0x8000b6c2 (0x943f2123) mem 0x80010000 0x00000001
core   0: 0x8000b6c6 (0x0000bfe5) c.j     pc - 8
core   0: 3 0x8000b6c6 (0xbfe5)
core   0: 0x8000b6be (0x00005f17) auipc   t5, 0x5
core   0: 3 0x8000b6be (0x00005f17) x30 0x800106be
core   0: 0x8000b6c2 (0x943f2123) sw      gp, -1726(t5)
core   0: 3 0x8000b6c2 (0x943f2123) mem 0x80010000 0x00000001
core   0: 0x8000b6c6 (0x0000bfe5) c.j     pc - 8
core   0: 3 0x8000b6c6 (0xbfe5)
core   0: 0x8000b6be (0x00005f17) auipc   t5, 0x5
core   0: 3 0x8000b6be (0x00005f17) x30 0x800106be
core   0: 0x8000b6c2 (0x943f2123) sw      gp, -1726(t5)
core   0: 3 0x8000b6c2 (0x943f2123) mem 0x80010000 0x00000001
core   0: 0x8000b6c6 (0x0000bfe5) c.j     pc - 8
core   0: 3 0x8000b6c6 (0xbfe5)
core   0: 0x8000b6be (0x00005f17) auipc   t5, 0x5
core   0: 3 0x8000b6be (0x00005f17) x30 0x800106be
core   0: 0x8000b6c2 (0x943f2123) sw      gp, -1726(t5)
core   0: 3 0x8000b6c2 (0x943f2123) mem 0x80010000 0x00000001
core   0: 0x8000b6c6 (0x0000bfe5) c.j     pc - 8
core   0: 3 0x8000b6c6 (0xbfe5)
core   0: 0x8000b6be (0x00005f17) auipc   t5, 0x5
core   0: 3 0x8000b6be (0x00005f17) x30 0x800106be
core   0: 0x8000b6c2 (0x943f2123) sw      gp, -1726(t5)
core   0: 3 0x8000b6c2 (0x943f2123) mem 0x80010000 0x00000001
core   0: 0x8000b6c6 (0x0000bfe5) c.j     pc - 8
core   0: 3 0x8000b6c6 (0xbfe5)
core   0: 0x8000b6be (0x00005f17) auipc   t5, 0x5
core   0: 3 0x8000b6be (0x00005f17) x30 0x800106be
core   0: 0x8000b6c2 (0x943f2123) sw      gp, -1726(t5)
core   0: 3 0x8000b6c2 (0x943f2123) mem 0x80010000 0x00000001
core   0: 0x8000b6c6 (0x0000bfe5) c.j     pc - 8
core   0: 3 0x8000b6c6 (0xbfe5)
core   0: 0x8000b6be (0x00005f17) auipc   t5, 0x5
core   0: 3 0x8000b6be (0x00005f17) x30 0x800106be
core   0: 0x8000b6c2 (0x943f2123) sw      gp, -1726(t5)
core   0: 3 0x8000b6c2 (0x943f2123) mem 0x80010000 0x00000001
core   0: 0x8000b6c6 (0x0000bfe5) c.j     pc - 8
core   0: 3 0x8000b6c6 (0xbfe5)
core   0: 0x8000b6be (0x00005f17) auipc   t5, 0x5
core   0: 3 0x8000b6be (0x00005f17) x30 0x800106be
core   0: 0x8000b6c2 (0x943f2123) sw      gp, -1726(t5)
core   0: 3 0x8000b6c2 (0x943f2123) mem 0x80010000 0x00000001
core   0: 0x8000b6c6 (0x0000bfe5) c.j     pc - 8
core   0: 3 0x8000b6c6 (0xbfe5)
core   0: 0x8000b6be (0x00005f17) auipc   t5, 0x5
core   0: 3 0x8000b6be (0x00005f17) x30 0x800106be
core   0: 0x8000b6c2 (0x943f2123) sw      gp, -1726(t5)
core   0: 3 0x8000b6c2 (0x943f2123) mem 0x80010000 0x00000001
core   0: 0x8000b6c6 (0x0000bfe5) c.j     pc - 8
core   0: 3 0x8000b6c6 (0xbfe5)
core   0: 0x8000b6be (0x00005f17) auipc   t5, 0x5
core   0: 3 0x8000b6be (0x00005f17) x30 0x800106be
core   0: 0x8000b6c2 (0x943f2123) sw      gp, -1726(t5)
core   0: 3 0x8000b6c2 (0x943f2123) mem 0x80010000 0x00000001
core   0: 0x8000b6c6 (0x0000bfe5) c.j     pc - 8
core   0: 3 0x8000b6c6 (0xbfe5)
core   0: 0x8000b6be (0x00005f17) auipc   t5, 0x5
core   0: 3 0x8000b6be (0x00005f17) x30 0x800106be
core   0: 0x8000b6c2 (0x943f2123) sw      gp, -1726(t5)
core   0: 3 0x8000b6c2 (0x943f2123) mem 0x80010000 0x00000001
core   0: 0x8000b6c6 (0x0000bfe5) c.j     pc - 8
core   0: 3 0x8000b6c6 (0xbfe5)
core   0: 0x8000b6be (0x00005f17) auipc   t5, 0x5
core   0: 3 0x8000b6be (0x00005f17) x30 0x800106be
core   0: 0x8000b6c2 (0x943f2123) sw      gp, -1726(t5)
core   0: 3 0x8000b6c2 (0x943f2123) mem 0x80010000 0x00000001
core   0: 0x8000b6c6 (0x0000bfe5) c.j     pc - 8
core   0: 3 0x8000b6c6 (0xbfe5)
core   0: 0x8000b6be (0x00005f17) auipc   t5, 0x5
core   0: 3 0x8000b6be (0x00005f17) x30 0x800106be
core   0: 0x8000b6c2 (0x943f2123) sw      gp, -1726(t5)
core   0: 3 0x8000b6c2 (0x943f2123) mem 0x80010000 0x00000001
core   0: 0x8000b6c6 (0x0000bfe5) c.j     pc - 8
core   0: 3 0x8000b6c6 (0xbfe5)
core   0: 0x8000b6be (0x00005f17) auipc   t5, 0x5
core   0: 3 0x8000b6be (0x00005f17) x30 0x800106be
core   0: 0x8000b6c2 (0x943f2123) sw      gp, -1726(t5)
core   0: 3 0x8000b6c2 (0x943f2123) mem 0x80010000 0x00000001
core   0: 0x8000b6c6 (0x0000bfe5) c.j     pc - 8
core   0: 3 0x8000b6c6 (0xbfe5)
core   0: 0x8000b6be (0x00005f17) auipc   t5, 0x5
core   0: 3 0x8000b6be (0x00005f17) x30 0x800106be
core   0: 0x8000b6c2 (0x943f2123) sw      gp, -1726(t5)
core   0: 3 0x8000b6c2 (0x943f2123) mem 0x80010000 0x00000001
core   0: 0x8000b6c6 (0x0000bfe5) c.j     pc - 8
core   0: 3 0x8000b6c6 (0xbfe5)
core   0: 0x8000b6be (0x00005f17) auipc   t5, 0x5
core   0: 3 0x8000b6be (0x00005f17) x30 0x800106be
core   0: 0x8000b6c2 (0x943f2123) sw      gp, -1726(t5)
core   0: 3 0x8000b6c2 (0x943f2123) mem 0x80010000 0x00000001
core   0: 0x8000b6c6 (0x0000bfe5) c.j     pc - 8
core   0: 3 0x8000b6c6 (0xbfe5)
core   0: 0x8000b6be (0x00005f17) auipc   t5, 0x5
core   0: 3 0x8000b6be (0x00005f17) x30 0x800106be
core   0: 0x8000b6c2 (0x943f2123) sw      gp, -1726(t5)
core   0: 3 0x8000b6c2 (0x943f2123) mem 0x80010000 0x00000001
core   0: 0x8000b6c6 (0x0000bfe5) c.j     pc - 8
core   0: 3 0x8000b6c6 (0xbfe5)
core   0: 0x8000b6be (0x00005f17) auipc   t5, 0x5
core   0: 3 0x8000b6be (0x00005f17) x30 0x800106be
core   0: 0x8000b6c2 (0x943f2123) sw      gp, -1726(t5)
core   0: 3 0x8000b6c2 (0x943f2123) mem 0x80010000 0x00000001
core   0: 0x8000b6c6 (0x0000bfe5) c.j     pc - 8
core   0: 3 0x8000b6c6 (0xbfe5)
core   0: 0x8000b6be (0x00005f17) auipc   t5, 0x5
core   0: 3 0x8000b6be (0x00005f17) x30 0x800106be
core   0: 0x8000b6c2 (0x943f2123) sw      gp, -1726(t5)
core   0: 3 0x8000b6c2 (0x943f2123) mem 0x80010000 0x00000001
core   0: 0x8000b6c6 (0x0000bfe5) c.j     pc - 8
core   0: 3 0x8000b6c6 (0xbfe5)
core   0: 0x8000b6be (0x00005f17) auipc   t5, 0x5
core   0: 3 0x8000b6be (0x00005f17) x30 0x800106be
core   0: 0x8000b6c2 (0x943f2123) sw      gp, -1726(t5)
core   0: 3 0x8000b6c2 (0x943f2123) mem 0x80010000 0x00000001
core   0: 0x8000b6c6 (0x0000bfe5) c.j     pc - 8
core   0: 3 0x8000b6c6 (0xbfe5)
core   0: 0x8000b6be (0x00005f17) auipc   t5, 0x5
core   0: 3 0x8000b6be (0x00005f17) x30 0x800106be
core   0: 0x8000b6c2 (0x943f2123) sw      gp, -1726(t5)
core   0: 3 0x8000b6c2 (0x943f2123) mem 0x80010000 0x00000001
core   0: 0x8000b6c6 (0x0000bfe5) c.j     pc - 8
core   0: 3 0x8000b6c6 (0xbfe5)
core   0: 0x8000b6be (0x00005f17) auipc   t5, 0x5
core   0: 3 0x8000b6be (0x00005f17) x30 0x800106be
core   0: 0x8000b6c2 (0x943f2123) sw      gp, -1726(t5)
core   0: 3 0x8000b6c2 (0x943f2123) mem 0x80010000 0x00000001
core   0: 0x8000b6c6 (0x0000bfe5) c.j     pc - 8
core   0: 3 0x8000b6c6 (0xbfe5)
core   0: 0x8000b6be (0x00005f17) auipc   t5, 0x5
core   0: 3 0x8000b6be (0x00005f17) x30 0x800106be
core   0: 0x8000b6c2 (0x943f2123) sw      gp, -1726(t5)
core   0: 3 0x8000b6c2 (0x943f2123) mem 0x80010000 0x00000001
core   0: 0x8000b6c6 (0x0000bfe5) c.j     pc - 8
core   0: 3 0x8000b6c6 (0xbfe5)
core   0: 0x8000b6be (0x00005f17) auipc   t5, 0x5
core   0: 3 0x8000b6be (0x00005f17) x30 0x800106be
core   0: 0x8000b6c2 (0x943f2123) sw      gp, -1726(t5)
core   0: 3 0x8000b6c2 (0x943f2123) mem 0x80010000 0x00000001
core   0: 0x8000b6c6 (0x0000bfe5) c.j     pc - 8
core   0: 3 0x8000b6c6 (0xbfe5)
core   0: 0x8000b6be (0x00005f17) auipc   t5, 0x5
core   0: 3 0x8000b6be (0x00005f17) x30 0x800106be
core   0: 0x8000b6c2 (0x943f2123) sw      gp, -1726(t5)
core   0: 3 0x8000b6c2 (0x943f2123) mem 0x80010000 0x00000001
core   0: 0x8000b6c6 (0x0000bfe5) c.j     pc - 8
core   0: 3 0x8000b6c6 (0xbfe5)
core   0: 0x8000b6be (0x00005f17) auipc   t5, 0x5
core   0: 3 0x8000b6be (0x00005f17) x30 0x800106be
core   0: 0x8000b6c2 (0x943f2123) sw      gp, -1726(t5)
core   0: 3 0x8000b6c2 (0x943f2123) mem 0x80010000 0x00000001
core   0: 0x8000b6c6 (0x0000bfe5) c.j     pc - 8
core   0: 3 0x8000b6c6 (0xbfe5)
core   0: 0x8000b6be (0x00005f17) auipc   t5, 0x5
core   0: 3 0x8000b6be (0x00005f17) x30 0x800106be
core   0: 0x8000b6c2 (0x943f2123) sw      gp, -1726(t5)
core   0: 3 0x8000b6c2 (0x943f2123) mem 0x80010000 0x00000001
core   0: 0x8000b6c6 (0x0000bfe5) c.j     pc - 8
core   0: 3 0x8000b6c6 (0xbfe5)
core   0: 0x8000b6be (0x00005f17) auipc   t5, 0x5
core   0: 3 0x8000b6be (0x00005f17) x30 0x800106be
core   0: 0x8000b6c2 (0x943f2123) sw      gp, -1726(t5)
core   0: 3 0x8000b6c2 (0x943f2123) mem 0x80010000 0x00000001
core   0: 0x8000b6c6 (0x0000bfe5) c.j     pc - 8
core   0: 3 0x8000b6c6 (0xbfe5)
core   0: 0x8000b6be (0x00005f17) auipc   t5, 0x5
core   0: 3 0x8000b6be (0x00005f17) x30 0x800106be
core   0: 0x8000b6c2 (0x943f2123) sw      gp, -1726(t5)
core   0: 3 0x8000b6c2 (0x943f2123) mem 0x80010000 0x00000001
core   0: 0x8000b6c6 (0x0000bfe5) c.j     pc - 8
core   0: 3 0x8000b6c6 (0xbfe5)
core   0: 0x8000b6be (0x00005f17) auipc   t5, 0x5
core   0: 3 0x8000b6be (0x00005f17) x30 0x800106be
core   0: 0x8000b6c2 (0x943f2123) sw      gp, -1726(t5)
core   0: 3 0x8000b6c2 (0x943f2123) mem 0x80010000 0x00000001
core   0: 0x8000b6c6 (0x0000bfe5) c.j     pc - 8
core   0: 3 0x8000b6c6 (0xbfe5)
core   0: 0x8000b6be (0x00005f17) auipc   t5, 0x5
core   0: 3 0x8000b6be (0x00005f17) x30 0x800106be
core   0: 0x8000b6c2 (0x943f2123) sw      gp, -1726(t5)
core   0: 3 0x8000b6c2 (0x943f2123) mem 0x80010000 0x00000001
core   0: 0x8000b6c6 (0x0000bfe5) c.j     pc - 8
core   0: 3 0x8000b6c6 (0xbfe5)
core   0: 0x8000b6be (0x00005f17) auipc   t5, 0x5
core   0: 3 0x8000b6be (0x00005f17) x30 0x800106be
core   0: 0x8000b6c2 (0x943f2123) sw      gp, -1726(t5)
core   0: 3 0x8000b6c2 (0x943f2123) mem 0x80010000 0x00000001
core   0: 0x8000b6c6 (0x0000bfe5) c.j     pc - 8
core   0: 3 0x8000b6c6 (0xbfe5)
core   0: 0x8000b6be (0x00005f17) auipc   t5, 0x5
core   0: 3 0x8000b6be (0x00005f17) x30 0x800106be
core   0: 0x8000b6c2 (0x943f2123) sw      gp, -1726(t5)
core   0: 3 0x8000b6c2 (0x943f2123) mem 0x80010000 0x00000001
core   0: 0x8000b6c6 (0x0000bfe5) c.j     pc - 8
core   0: 3 0x8000b6c6 (0xbfe5)
core   0: 0x8000b6be (0x00005f17) auipc   t5, 0x5
core   0: 3 0x8000b6be (0x00005f17) x30 0x800106be
core   0: 0x8000b6c2 (0x943f2123) sw      gp, -1726(t5)
core   0: 3 0x8000b6c2 (0x943f2123) mem 0x80010000 0x00000001
core   0: 0x8000b6c6 (0x0000bfe5) c.j     pc - 8
core   0: 3 0x8000b6c6 (0xbfe5)
core   0: 0x8000b6be (0x00005f17) auipc   t5, 0x5
core   0: 3 0x8000b6be (0x00005f17) x30 0x800106be
core   0: 0x8000b6c2 (0x943f2123) sw      gp, -1726(t5)
core   0: 3 0x8000b6c2 (0x943f2123) mem 0x80010000 0x00000001
core   0: 0x8000b6c6 (0x0000bfe5) c.j     pc - 8
core   0: 3 0x8000b6c6 (0xbfe5)
core   0: 0x8000b6be (0x00005f17) auipc   t5, 0x5
core   0: 3 0x8000b6be (0x00005f17) x30 0x800106be
core   0: 0x8000b6c2 (0x943f2123) sw      gp, -1726(t5)
core   0: 3 0x8000b6c2 (0x943f2123) mem 0x80010000 0x00000001
core   0: 0x8000b6c6 (0x0000bfe5) c.j     pc - 8
core   0: 3 0x8000b6c6 (0xbfe5)
core   0: 0x8000b6be (0x00005f17) auipc   t5, 0x5
core   0: 3 0x8000b6be (0x00005f17) x30 0x800106be
core   0: 0x8000b6c2 (0x943f2123) sw      gp, -1726(t5)
core   0: 3 0x8000b6c2 (0x943f2123) mem 0x80010000 0x00000001
core   0: 0x8000b6c6 (0x0000bfe5) c.j     pc - 8
core   0: 3 0x8000b6c6 (0xbfe5)
core   0: 0x8000b6be (0x00005f17) auipc   t5, 0x5
core   0: 3 0x8000b6be (0x00005f17) x30 0x800106be
core   0: 0x8000b6c2 (0x943f2123) sw      gp, -1726(t5)
core   0: 3 0x8000b6c2 (0x943f2123) mem 0x80010000 0x00000001
core   0: 0x8000b6c6 (0x0000bfe5) c.j     pc - 8
core   0: 3 0x8000b6c6 (0xbfe5)
core   0: 0x8000b6be (0x00005f17) auipc   t5, 0x5
core   0: 3 0x8000b6be (0x00005f17) x30 0x800106be
core   0: 0x8000b6c2 (0x943f2123) sw      gp, -1726(t5)
core   0: 3 0x8000b6c2 (0x943f2123) mem 0x80010000 0x00000001
core   0: 0x8000b6c6 (0x0000bfe5) c.j     pc - 8
core   0: 3 0x8000b6c6 (0xbfe5)
core   0: 0x8000b6be (0x00005f17) auipc   t5, 0x5
core   0: 3 0x8000b6be (0x00005f17) x30 0x800106be
core   0: 0x8000b6c2 (0x943f2123) sw      gp, -1726(t5)
core   0: 3 0x8000b6c2 (0x943f2123) mem 0x80010000 0x00000001
core   0: 0x8000b6c6 (0x0000bfe5) c.j     pc - 8
core   0: 3 0x8000b6c6 (0xbfe5)
core   0: 0x8000b6be (0x00005f17) auipc   t5, 0x5
core   0: 3 0x8000b6be (0x00005f17) x30 0x800106be
core   0: 0x8000b6c2 (0x943f2123) sw      gp, -1726(t5)
core   0: 3 0x8000b6c2 (0x943f2123) mem 0x80010000 0x00000001
core   0: 0x8000b6c6 (0x0000bfe5) c.j     pc - 8
core   0: 3 0x8000b6c6 (0xbfe5)
core   0: 0x8000b6be (0x00005f17) auipc   t5, 0x5
core   0: 3 0x8000b6be (0x00005f17) x30 0x800106be
core   0: 0x8000b6c2 (0x943f2123) sw      gp, -1726(t5)
core   0: 3 0x8000b6c2 (0x943f2123) mem 0x80010000 0x00000001
core   0: 0x8000b6c6 (0x0000bfe5) c.j     pc - 8
core   0: 3 0x8000b6c6 (0xbfe5)
core   0: 0x8000b6be (0x00005f17) auipc   t5, 0x5
core   0: 3 0x8000b6be (0x00005f17) x30 0x800106be
core   0: 0x8000b6c2 (0x943f2123) sw      gp, -1726(t5)
core   0: 3 0x8000b6c2 (0x943f2123) mem 0x80010000 0x00000001
core   0: 0x8000b6c6 (0x0000bfe5) c.j     pc - 8
core   0: 3 0x8000b6c6 (0xbfe5)
core   0: 0x8000b6be (0x00005f17) auipc   t5, 0x5
core   0: 3 0x8000b6be (0x00005f17) x30 0x800106be
core   0: 0x8000b6c2 (0x943f2123) sw      gp, -1726(t5)
core   0: 3 0x8000b6c2 (0x943f2123) mem 0x80010000 0x00000001
core   0: 0x8000b6c6 (0x0000bfe5) c.j     pc - 8
core   0: 3 0x8000b6c6 (0xbfe5)
core   0: 0x8000b6be (0x00005f17) auipc   t5, 0x5
core   0: 3 0x8000b6be (0x00005f17) x30 0x800106be
core   0: 0x8000b6c2 (0x943f2123) sw      gp, -1726(t5)
core   0: 3 0x8000b6c2 (0x943f2123) mem 0x80010000 0x00000001
core   0: 0x8000b6c6 (0x0000bfe5) c.j     pc - 8
core   0: 3 0x8000b6c6 (0xbfe5)
core   0: 0x8000b6be (0x00005f17) auipc   t5, 0x5
core   0: 3 0x8000b6be (0x00005f17) x30 0x800106be
core   0: 0x8000b6c2 (0x943f2123) sw      gp, -1726(t5)
core   0: 3 0x8000b6c2 (0x943f2123) mem 0x80010000 0x00000001
core   0: 0x8000b6c6 (0x0000bfe5) c.j     pc - 8
core   0: 3 0x8000b6c6 (0xbfe5)
core   0: 0x8000b6be (0x00005f17) auipc   t5, 0x5
core   0: 3 0x8000b6be (0x00005f17) x30 0x800106be
core   0: 0x8000b6c2 (0x943f2123) sw      gp, -1726(t5)
core   0: 3 0x8000b6c2 (0x943f2123) mem 0x80010000 0x00000001
core   0: 0x8000b6c6 (0x0000bfe5) c.j     pc - 8
core   0: 3 0x8000b6c6 (0xbfe5)
core   0: 0x8000b6be (0x00005f17) auipc   t5, 0x5
core   0: 3 0x8000b6be (0x00005f17) x30 0x800106be
core   0: 0x8000b6c2 (0x943f2123) sw      gp, -1726(t5)
core   0: 3 0x8000b6c2 (0x943f2123) mem 0x80010000 0x00000001
core   0: 0x8000b6c6 (0x0000bfe5) c.j     pc - 8
core   0: 3 0x8000b6c6 (0xbfe5)
core   0: 0x8000b6be (0x00005f17) auipc   t5, 0x5
core   0: 3 0x8000b6be (0x00005f17) x30 0x800106be
core   0: 0x8000b6c2 (0x943f2123) sw      gp, -1726(t5)
core   0: 3 0x8000b6c2 (0x943f2123) mem 0x80010000 0x00000001
core   0: 0x8000b6c6 (0x0000bfe5) c.j     pc - 8
core   0: 3 0x8000b6c6 (0xbfe5)
core   0: 0x8000b6be (0x00005f17) auipc   t5, 0x5
core   0: 3 0x8000b6be (0x00005f17) x30 0x800106be
core   0: 0x8000b6c2 (0x943f2123) sw      gp, -1726(t5)
core   0: 3 0x8000b6c2 (0x943f2123) mem 0x80010000 0x00000001
core   0: 0x8000b6c6 (0x0000bfe5) c.j     pc - 8
core   0: 3 0x8000b6c6 (0xbfe5)
core   0: 0x8000b6be (0x00005f17) auipc   t5, 0x5
core   0: 3 0x8000b6be (0x00005f17) x30 0x800106be
core   0: 0x8000b6c2 (0x943f2123) sw      gp, -1726(t5)
core   0: 3 0x8000b6c2 (0x943f2123) mem 0x80010000 0x00000001
core   0: 0x8000b6c6 (0x0000bfe5) c.j     pc - 8
core   0: 3 0x8000b6c6 (0xbfe5)
core   0: 0x8000b6be (0x00005f17) auipc   t5, 0x5
core   0: 3 0x8000b6be (0x00005f17) x30 0x800106be
core   0: 0x8000b6c2 (0x943f2123) sw      gp, -1726(t5)
core   0: 3 0x8000b6c2 (0x943f2123) mem 0x80010000 0x00000001
core   0: 0x8000b6c6 (0x0000bfe5) c.j     pc - 8
core   0: 3 0x8000b6c6 (0xbfe5)
core   0: 0x8000b6be (0x00005f17) auipc   t5, 0x5
core   0: 3 0x8000b6be (0x00005f17) x30 0x800106be
core   0: 0x8000b6c2 (0x943f2123) sw      gp, -1726(t5)
core   0: 3 0x8000b6c2 (0x943f2123) mem 0x80010000 0x00000001
core   0: 0x8000b6c6 (0x0000bfe5) c.j     pc - 8
core   0: 3 0x8000b6c6 (0xbfe5)
core   0: 0x8000b6be (0x00005f17) auipc   t5, 0x5
core   0: 3 0x8000b6be (0x00005f17) x30 0x800106be
core   0: 0x8000b6c2 (0x943f2123) sw      gp, -1726(t5)
core   0: 3 0x8000b6c2 (0x943f2123) mem 0x80010000 0x00000001
core   0: 0x8000b6c6 (0x0000bfe5) c.j     pc - 8
core   0: 3 0x8000b6c6 (0xbfe5)
core   0: 0x8000b6be (0x00005f17) auipc   t5, 0x5
core   0: 3 0x8000b6be (0x00005f17) x30 0x800106be
core   0: 0x8000b6c2 (0x943f2123) sw      gp, -1726(t5)
core   0: 3 0x8000b6c2 (0x943f2123) mem 0x80010000 0x00000001
core   0: 0x8000b6c6 (0x0000bfe5) c.j     pc - 8
core   0: 3 0x8000b6c6 (0xbfe5)
core   0: 0x8000b6be (0x00005f17) auipc   t5, 0x5
core   0: 3 0x8000b6be (0x00005f17) x30 0x800106be
core   0: 0x8000b6c2 (0x943f2123) sw      gp, -1726(t5)
core   0: 3 0x8000b6c2 (0x943f2123) mem 0x80010000 0x00000001
core   0: 0x8000b6c6 (0x0000bfe5) c.j     pc - 8
core   0: 3 0x8000b6c6 (0xbfe5)
core   0: 0x8000b6be (0x00005f17) auipc   t5, 0x5
core   0: 3 0x8000b6be (0x00005f17) x30 0x800106be
core   0: 0x8000b6c2 (0x943f2123) sw      gp, -1726(t5)
core   0: 3 0x8000b6c2 (0x943f2123) mem 0x80010000 0x00000001
core   0: 0x8000b6c6 (0x0000bfe5) c.j     pc - 8
core   0: 3 0x8000b6c6 (0xbfe5)
core   0: 0x8000b6be (0x00005f17) auipc   t5, 0x5
core   0: 3 0x8000b6be (0x00005f17) x30 0x800106be
core   0: 0x8000b6c2 (0x943f2123) sw      gp, -1726(t5)
core   0: 3 0x8000b6c2 (0x943f2123) mem 0x80010000 0x00000001
core   0: 0x8000b6c6 (0x0000bfe5) c.j     pc - 8
core   0: 3 0x8000b6c6 (0xbfe5)
core   0: 0x8000b6be (0x00005f17) auipc   t5, 0x5
core   0: 3 0x8000b6be (0x00005f17) x30 0x800106be
core   0: 0x8000b6c2 (0x943f2123) sw      gp, -1726(t5)
core   0: 3 0x8000b6c2 (0x943f2123) mem 0x80010000 0x00000001
core   0: 0x8000b6c6 (0x0000bfe5) c.j     pc - 8
core   0: 3 0x8000b6c6 (0xbfe5)
core   0: 0x8000b6be (0x00005f17) auipc   t5, 0x5
core   0: 3 0x8000b6be (0x00005f17) x30 0x800106be
core   0: 0x8000b6c2 (0x943f2123) sw      gp, -1726(t5)
core   0: 3 0x8000b6c2 (0x943f2123) mem 0x80010000 0x00000001
core   0: 0x8000b6c6 (0x0000bfe5) c.j     pc - 8
core   0: 3 0x8000b6c6 (0xbfe5)
core   0: 0x8000b6be (0x00005f17) auipc   t5, 0x5
core   0: 3 0x8000b6be (0x00005f17) x30 0x800106be
core   0: 0x8000b6c2 (0x943f2123) sw      gp, -1726(t5)
core   0: 3 0x8000b6c2 (0x943f2123) mem 0x80010000 0x00000001
core   0: 0x8000b6c6 (0x0000bfe5) c.j     pc - 8
core   0: 3 0x8000b6c6 (0xbfe5)
core   0: 0x8000b6be (0x00005f17) auipc   t5, 0x5
core   0: 3 0x8000b6be (0x00005f17) x30 0x800106be
core   0: 0x8000b6c2 (0x943f2123) sw      gp, -1726(t5)
core   0: 3 0x8000b6c2 (0x943f2123) mem 0x80010000 0x00000001
core   0: 0x8000b6c6 (0x0000bfe5) c.j     pc - 8
core   0: 3 0x8000b6c6 (0xbfe5)
core   0: 0x8000b6be (0x00005f17) auipc   t5, 0x5
core   0: 3 0x8000b6be (0x00005f17) x30 0x800106be
core   0: 0x8000b6c2 (0x943f2123) sw      gp, -1726(t5)
core   0: 3 0x8000b6c2 (0x943f2123) mem 0x80010000 0x00000001
core   0: 0x8000b6c6 (0x0000bfe5) c.j     pc - 8
core   0: 3 0x8000b6c6 (0xbfe5)
core   0: 0x8000b6be (0x00005f17) auipc   t5, 0x5
core   0: 3 0x8000b6be (0x00005f17) x30 0x800106be
core   0: 0x8000b6c2 (0x943f2123) sw      gp, -1726(t5)
core   0: 3 0x8000b6c2 (0x943f2123) mem 0x80010000 0x00000001
core   0: 0x8000b6c6 (0x0000bfe5) c.j     pc - 8
core   0: 3 0x8000b6c6 (0xbfe5)
core   0: 0x8000b6be (0x00005f17) auipc   t5, 0x5
core   0: 3 0x8000b6be (0x00005f17) x30 0x800106be
core   0: 0x8000b6c2 (0x943f2123) sw      gp, -1726(t5)
core   0: 3 0x8000b6c2 (0x943f2123) mem 0x80010000 0x00000001
core   0: 0x8000b6c6 (0x0000bfe5) c.j     pc - 8
core   0: 3 0x8000b6c6 (0xbfe5)
core   0: 0x8000b6be (0x00005f17) auipc   t5, 0x5
core   0: 3 0x8000b6be (0x00005f17) x30 0x800106be
core   0: 0x8000b6c2 (0x943f2123) sw      gp, -1726(t5)
core   0: 3 0x8000b6c2 (0x943f2123) mem 0x80010000 0x00000001
core   0: 0x8000b6c6 (0x0000bfe5) c.j     pc - 8
core   0: 3 0x8000b6c6 (0xbfe5)
core   0: 0x8000b6be (0x00005f17) auipc   t5, 0x5
core   0: 3 0x8000b6be (0x00005f17) x30 0x800106be
core   0: 0x8000b6c2 (0x943f2123) sw      gp, -1726(t5)
core   0: 3 0x8000b6c2 (0x943f2123) mem 0x80010000 0x00000001
core   0: 0x8000b6c6 (0x0000bfe5) c.j     pc - 8
core   0: 3 0x8000b6c6 (0xbfe5)
core   0: 0x8000b6be (0x00005f17) auipc   t5, 0x5
core   0: 3 0x8000b6be (0x00005f17) x30 0x800106be
core   0: 0x8000b6c2 (0x943f2123) sw      gp, -1726(t5)
core   0: 3 0x8000b6c2 (0x943f2123) mem 0x80010000 0x00000001
core   0: 0x8000b6c6 (0x0000bfe5) c.j     pc - 8
core   0: 3 0x8000b6c6 (0xbfe5)
core   0: 0x8000b6be (0x00005f17) auipc   t5, 0x5
core   0: 3 0x8000b6be (0x00005f17) x30 0x800106be
core   0: 0x8000b6c2 (0x943f2123) sw      gp, -1726(t5)
core   0: 3 0x8000b6c2 (0x943f2123) mem 0x80010000 0x00000001
core   0: 0x8000b6c6 (0x0000bfe5) c.j     pc - 8
core   0: 3 0x8000b6c6 (0xbfe5)
core   0: 0x8000b6be (0x00005f17) auipc   t5, 0x5
core   0: 3 0x8000b6be (0x00005f17) x30 0x800106be
core   0: 0x8000b6c2 (0x943f2123) sw      gp, -1726(t5)
core   0: 3 0x8000b6c2 (0x943f2123) mem 0x80010000 0x00000001
core   0: 0x8000b6c6 (0x0000bfe5) c.j     pc - 8
core   0: 3 0x8000b6c6 (0xbfe5)
core   0: 0x8000b6be (0x00005f17) auipc   t5, 0x5
core   0: 3 0x8000b6be (0x00005f17) x30 0x800106be
core   0: 0x8000b6c2 (0x943f2123) sw      gp, -1726(t5)
core   0: 3 0x8000b6c2 (0x943f2123) mem 0x80010000 0x00000001
core   0: 0x8000b6c6 (0x0000bfe5) c.j     pc - 8
core   0: 3 0x8000b6c6 (0xbfe5)
core   0: 0x8000b6be (0x00005f17) auipc   t5, 0x5
core   0: 3 0x8000b6be (0x00005f17) x30 0x800106be
core   0: 0x8000b6c2 (0x943f2123) sw      gp, -1726(t5)
core   0: 3 0x8000b6c2 (0x943f2123) mem 0x80010000 0x00000001
core   0: 0x8000b6c6 (0x0000bfe5) c.j     pc - 8
core   0: 3 0x8000b6c6 (0xbfe5)
core   0: 0x8000b6be (0x00005f17) auipc   t5, 0x5
core   0: 3 0x8000b6be (0x00005f17) x30 0x800106be
core   0: 0x8000b6c2 (0x943f2123) sw      gp, -1726(t5)
core   0: 3 0x8000b6c2 (0x943f2123) mem 0x80010000 0x00000001
core   0: 0x8000b6c6 (0x0000bfe5) c.j     pc - 8
core   0: 3 0x8000b6c6 (0xbfe5)
core   0: 0x8000b6be (0x00005f17) auipc   t5, 0x5
core   0: 3 0x8000b6be (0x00005f17) x30 0x800106be
core   0: 0x8000b6c2 (0x943f2123) sw      gp, -1726(t5)
core   0: 3 0x8000b6c2 (0x943f2123) mem 0x80010000 0x00000001
core   0: 0x8000b6c6 (0x0000bfe5) c.j     pc - 8
core   0: 3 0x8000b6c6 (0xbfe5)
core   0: 0x8000b6be (0x00005f17) auipc   t5, 0x5
core   0: 3 0x8000b6be (0x00005f17) x30 0x800106be
core   0: 0x8000b6c2 (0x943f2123) sw      gp, -1726(t5)
core   0: 3 0x8000b6c2 (0x943f2123) mem 0x80010000 0x00000001
core   0: 0x8000b6c6 (0x0000bfe5) c.j     pc - 8
core   0: 3 0x8000b6c6 (0xbfe5)
core   0: 0x8000b6be (0x00005f17) auipc   t5, 0x5
core   0: 3 0x8000b6be (0x00005f17) x30 0x800106be
core   0: 0x8000b6c2 (0x943f2123) sw      gp, -1726(t5)
core   0: 3 0x8000b6c2 (0x943f2123) mem 0x80010000 0x00000001
core   0: 0x8000b6c6 (0x0000bfe5) c.j     pc - 8
core   0: 3 0x8000b6c6 (0xbfe5)
core   0: 0x8000b6be (0x00005f17) auipc   t5, 0x5
core   0: 3 0x8000b6be (0x00005f17) x30 0x800106be
core   0: 0x8000b6c2 (0x943f2123) sw      gp, -1726(t5)
core   0: 3 0x8000b6c2 (0x943f2123) mem 0x80010000 0x00000001
core   0: 0x8000b6c6 (0x0000bfe5) c.j     pc - 8
core   0: 3 0x8000b6c6 (0xbfe5)
core   0: 0x8000b6be (0x00005f17) auipc   t5, 0x5
core   0: 3 0x8000b6be (0x00005f17) x30 0x800106be
core   0: 0x8000b6c2 (0x943f2123) sw      gp, -1726(t5)
core   0: 3 0x8000b6c2 (0x943f2123) mem 0x80010000 0x00000001
core   0: 0x8000b6c6 (0x0000bfe5) c.j     pc - 8
core   0: 3 0x8000b6c6 (0xbfe5)
core   0: 0x8000b6be (0x00005f17) auipc   t5, 0x5
core   0: 3 0x8000b6be (0x00005f17) x30 0x800106be
core   0: 0x8000b6c2 (0x943f2123) sw      gp, -1726(t5)
core   0: 3 0x8000b6c2 (0x943f2123) mem 0x80010000 0x00000001
core   0: 0x8000b6c6 (0x0000bfe5) c.j     pc - 8
core   0: 3 0x8000b6c6 (0xbfe5)
core   0: 0x8000b6be (0x00005f17) auipc   t5, 0x5
core   0: 3 0x8000b6be (0x00005f17) x30 0x800106be
core   0: 0x8000b6c2 (0x943f2123) sw      gp, -1726(t5)
core   0: 3 0x8000b6c2 (0x943f2123) mem 0x80010000 0x00000001
core   0: 0x8000b6c6 (0x0000bfe5) c.j     pc - 8
core   0: 3 0x8000b6c6 (0xbfe5)
core   0: 0x8000b6be (0x00005f17) auipc   t5, 0x5
core   0: 3 0x8000b6be (0x00005f17) x30 0x800106be
core   0: 0x8000b6c2 (0x943f2123) sw      gp, -1726(t5)
core   0: 3 0x8000b6c2 (0x943f2123) mem 0x80010000 0x00000001
core   0: 0x8000b6c6 (0x0000bfe5) c.j     pc - 8
core   0: 3 0x8000b6c6 (0xbfe5)
core   0: 0x8000b6be (0x00005f17) auipc   t5, 0x5
core   0: 3 0x8000b6be (0x00005f17) x30 0x800106be
core   0: 0x8000b6c2 (0x943f2123) sw      gp, -1726(t5)
core   0: 3 0x8000b6c2 (0x943f2123) mem 0x80010000 0x00000001
core   0: 0x8000b6c6 (0x0000bfe5) c.j     pc - 8
core   0: 3 0x8000b6c6 (0xbfe5)
core   0: 0x8000b6be (0x00005f17) auipc   t5, 0x5
core   0: 3 0x8000b6be (0x00005f17) x30 0x800106be
core   0: 0x8000b6c2 (0x943f2123) sw      gp, -1726(t5)
core   0: 3 0x8000b6c2 (0x943f2123) mem 0x80010000 0x00000001
core   0: 0x8000b6c6 (0x0000bfe5) c.j     pc - 8
core   0: 3 0x8000b6c6 (0xbfe5)
core   0: 0x8000b6be (0x00005f17) auipc   t5, 0x5
core   0: 3 0x8000b6be (0x00005f17) x30 0x800106be
core   0: 0x8000b6c2 (0x943f2123) sw      gp, -1726(t5)
core   0: 3 0x8000b6c2 (0x943f2123) mem 0x80010000 0x00000001
core   0: 0x8000b6c6 (0x0000bfe5) c.j     pc - 8
core   0: 3 0x8000b6c6 (0xbfe5)
core   0: 0x8000b6be (0x00005f17) auipc   t5, 0x5
core   0: 3 0x8000b6be (0x00005f17) x30 0x800106be
core   0: 0x8000b6c2 (0x943f2123) sw      gp, -1726(t5)
core   0: 3 0x8000b6c2 (0x943f2123) mem 0x80010000 0x00000001
core   0: 0x8000b6c6 (0x0000bfe5) c.j     pc - 8
core   0: 3 0x8000b6c6 (0xbfe5)
core   0: 0x8000b6be (0x00005f17) auipc   t5, 0x5
core   0: 3 0x8000b6be (0x00005f17) x30 0x800106be
core   0: 0x8000b6c2 (0x943f2123) sw      gp, -1726(t5)
core   0: 3 0x8000b6c2 (0x943f2123) mem 0x80010000 0x00000001
core   0: 0x8000b6c6 (0x0000bfe5) c.j     pc - 8
core   0: 3 0x8000b6c6 (0xbfe5)
core   0: 0x8000b6be (0x00005f17) auipc   t5, 0x5
core   0: 3 0x8000b6be (0x00005f17) x30 0x800106be
core   0: 0x8000b6c2 (0x943f2123) sw      gp, -1726(t5)
core   0: 3 0x8000b6c2 (0x943f2123) mem 0x80010000 0x00000001
core   0: 0x8000b6c6 (0x0000bfe5) c.j     pc - 8
core   0: 3 0x8000b6c6 (0xbfe5)
core   0: 0x8000b6be (0x00005f17) auipc   t5, 0x5
core   0: 3 0x8000b6be (0x00005f17) x30 0x800106be
core   0: 0x8000b6c2 (0x943f2123) sw      gp, -1726(t5)
core   0: 3 0x8000b6c2 (0x943f2123) mem 0x80010000 0x00000001
core   0: 0x8000b6c6 (0x0000bfe5) c.j     pc - 8
core   0: 3 0x8000b6c6 (0xbfe5)
core   0: 0x8000b6be (0x00005f17) auipc   t5, 0x5
core   0: 3 0x8000b6be (0x00005f17) x30 0x800106be
core   0: 0x8000b6c2 (0x943f2123) sw      gp, -1726(t5)
core   0: 3 0x8000b6c2 (0x943f2123) mem 0x80010000 0x00000001
core   0: 0x8000b6c6 (0x0000bfe5) c.j     pc - 8
core   0: 3 0x8000b6c6 (0xbfe5)
core   0: 0x8000b6be (0x00005f17) auipc   t5, 0x5
core   0: 3 0x8000b6be (0x00005f17) x30 0x800106be
core   0: 0x8000b6c2 (0x943f2123) sw      gp, -1726(t5)
core   0: 3 0x8000b6c2 (0x943f2123) mem 0x80010000 0x00000001
core   0: 0x8000b6c6 (0x0000bfe5) c.j     pc - 8
core   0: 3 0x8000b6c6 (0xbfe5)
core   0: 0x8000b6be (0x00005f17) auipc   t5, 0x5
core   0: 3 0x8000b6be (0x00005f17) x30 0x800106be
core   0: 0x8000b6c2 (0x943f2123) sw      gp, -1726(t5)
core   0: 3 0x8000b6c2 (0x943f2123) mem 0x80010000 0x00000001
core   0: 0x8000b6c6 (0x0000bfe5) c.j     pc - 8
core   0: 3 0x8000b6c6 (0xbfe5)
core   0: 0x8000b6be (0x00005f17) auipc   t5, 0x5
core   0: 3 0x8000b6be (0x00005f17) x30 0x800106be
core   0: 0x8000b6c2 (0x943f2123) sw      gp, -1726(t5)
core   0: 3 0x8000b6c2 (0x943f2123) mem 0x80010000 0x00000001
core   0: 0x8000b6c6 (0x0000bfe5) c.j     pc - 8
core   0: 3 0x8000b6c6 (0xbfe5)
core   0: 0x8000b6be (0x00005f17) auipc   t5, 0x5
core   0: 3 0x8000b6be (0x00005f17) x30 0x800106be
core   0: 0x8000b6c2 (0x943f2123) sw      gp, -1726(t5)
core   0: 3 0x8000b6c2 (0x943f2123) mem 0x80010000 0x00000001
core   0: 0x8000b6c6 (0x0000bfe5) c.j     pc - 8
core   0: 3 0x8000b6c6 (0xbfe5)
core   0: 0x8000b6be (0x00005f17) auipc   t5, 0x5
core   0: 3 0x8000b6be (0x00005f17) x30 0x800106be
core   0: 0x8000b6c2 (0x943f2123) sw      gp, -1726(t5)
core   0: 3 0x8000b6c2 (0x943f2123) mem 0x80010000 0x00000001
core   0: 0x8000b6c6 (0x0000bfe5) c.j     pc - 8
core   0: 3 0x8000b6c6 (0xbfe5)
core   0: 0x8000b6be (0x00005f17) auipc   t5, 0x5
core   0: 3 0x8000b6be (0x00005f17) x30 0x800106be
core   0: 0x8000b6c2 (0x943f2123) sw      gp, -1726(t5)
core   0: 3 0x8000b6c2 (0x943f2123) mem 0x80010000 0x00000001
core   0: 0x8000b6c6 (0x0000bfe5) c.j     pc - 8
core   0: 3 0x8000b6c6 (0xbfe5)
core   0: 0x8000b6be (0x00005f17) auipc   t5, 0x5
core   0: 3 0x8000b6be (0x00005f17) x30 0x800106be
core   0: 0x8000b6c2 (0x943f2123) sw      gp, -1726(t5)
core   0: 3 0x8000b6c2 (0x943f2123) mem 0x80010000 0x00000001
core   0: 0x8000b6c6 (0x0000bfe5) c.j     pc - 8
core   0: 3 0x8000b6c6 (0xbfe5)
core   0: 0x8000b6be (0x00005f17) auipc   t5, 0x5
core   0: 3 0x8000b6be (0x00005f17) x30 0x800106be
core   0: 0x8000b6c2 (0x943f2123) sw      gp, -1726(t5)
core   0: 3 0x8000b6c2 (0x943f2123) mem 0x80010000 0x00000001
core   0: 0x8000b6c6 (0x0000bfe5) c.j     pc - 8
core   0: 3 0x8000b6c6 (0xbfe5)
core   0: 0x8000b6be (0x00005f17) auipc   t5, 0x5
core   0: 3 0x8000b6be (0x00005f17) x30 0x800106be
core   0: 0x8000b6c2 (0x943f2123) sw      gp, -1726(t5)
core   0: 3 0x8000b6c2 (0x943f2123) mem 0x80010000 0x00000001
core   0: 0x8000b6c6 (0x0000bfe5) c.j     pc - 8
core   0: 3 0x8000b6c6 (0xbfe5)
core   0: 0x8000b6be (0x00005f17) auipc   t5, 0x5
core   0: 3 0x8000b6be (0x00005f17) x30 0x800106be
core   0: 0x8000b6c2 (0x943f2123) sw      gp, -1726(t5)
core   0: 3 0x8000b6c2 (0x943f2123) mem 0x80010000 0x00000001
core   0: 0x8000b6c6 (0x0000bfe5) c.j     pc - 8
core   0: 3 0x8000b6c6 (0xbfe5)
core   0: 0x8000b6be (0x00005f17) auipc   t5, 0x5
core   0: 3 0x8000b6be (0x00005f17) x30 0x800106be
core   0: 0x8000b6c2 (0x943f2123) sw      gp, -1726(t5)
core   0: 3 0x8000b6c2 (0x943f2123) mem 0x80010000 0x00000001
core   0: 0x8000b6c6 (0x0000bfe5) c.j     pc - 8
core   0: 3 0x8000b6c6 (0xbfe5)
core   0: 0x8000b6be (0x00005f17) auipc   t5, 0x5
core   0: 3 0x8000b6be (0x00005f17) x30 0x800106be
core   0: 0x8000b6c2 (0x943f2123) sw      gp, -1726(t5)
core   0: 3 0x8000b6c2 (0x943f2123) mem 0x80010000 0x00000001
core   0: 0x8000b6c6 (0x0000bfe5) c.j     pc - 8
core   0: 3 0x8000b6c6 (0xbfe5)
core   0: 0x8000b6be (0x00005f17) auipc   t5, 0x5
core   0: 3 0x8000b6be (0x00005f17) x30 0x800106be
core   0: 0x8000b6c2 (0x943f2123) sw      gp, -1726(t5)
core   0: 3 0x8000b6c2 (0x943f2123) mem 0x80010000 0x00000001
core   0: 0x8000b6c6 (0x0000bfe5) c.j     pc - 8
core   0: 3 0x8000b6c6 (0xbfe5)
core   0: 0x8000b6be (0x00005f17) auipc   t5, 0x5
core   0: 3 0x8000b6be (0x00005f17) x30 0x800106be
core   0: 0x8000b6c2 (0x943f2123) sw      gp, -1726(t5)
core   0: 3 0x8000b6c2 (0x943f2123) mem 0x80010000 0x00000001
core   0: 0x8000b6c6 (0x0000bfe5) c.j     pc - 8
core   0: 3 0x8000b6c6 (0xbfe5)
core   0: 0x8000b6be (0x00005f17) auipc   t5, 0x5
core   0: 3 0x8000b6be (0x00005f17) x30 0x800106be
core   0: 0x8000b6c2 (0x943f2123) sw      gp, -1726(t5)
core   0: 3 0x8000b6c2 (0x943f2123) mem 0x80010000 0x00000001
core   0: 0x8000b6c6 (0x0000bfe5) c.j     pc - 8
core   0: 3 0x8000b6c6 (0xbfe5)
core   0: 0x8000b6be (0x00005f17) auipc   t5, 0x5
core   0: 3 0x8000b6be (0x00005f17) x30 0x800106be
core   0: 0x8000b6c2 (0x943f2123) sw      gp, -1726(t5)
core   0: 3 0x8000b6c2 (0x943f2123) mem 0x80010000 0x00000001
core   0: 0x8000b6c6 (0x0000bfe5) c.j     pc - 8
core   0: 3 0x8000b6c6 (0xbfe5)
core   0: 0x8000b6be (0x00005f17) auipc   t5, 0x5
core   0: 3 0x8000b6be (0x00005f17) x30 0x800106be
core   0: 0x8000b6c2 (0x943f2123) sw      gp, -1726(t5)
core   0: 3 0x8000b6c2 (0x943f2123) mem 0x80010000 0x00000001
core   0: 0x8000b6c6 (0x0000bfe5) c.j     pc - 8
core   0: 3 0x8000b6c6 (0xbfe5)
core   0: 0x8000b6be (0x00005f17) auipc   t5, 0x5
core   0: 3 0x8000b6be (0x00005f17) x30 0x800106be
core   0: 0x8000b6c2 (0x943f2123) sw      gp, -1726(t5)
core   0: 3 0x8000b6c2 (0x943f2123) mem 0x80010000 0x00000001
core   0: 0x8000b6c6 (0x0000bfe5) c.j     pc - 8
core   0: 3 0x8000b6c6 (0xbfe5)
core   0: 0x8000b6be (0x00005f17) auipc   t5, 0x5
core   0: 3 0x8000b6be (0x00005f17) x30 0x800106be
core   0: 0x8000b6c2 (0x943f2123) sw      gp, -1726(t5)
core   0: 3 0x8000b6c2 (0x943f2123) mem 0x80010000 0x00000001
core   0: 0x8000b6c6 (0x0000bfe5) c.j     pc - 8
core   0: 3 0x8000b6c6 (0xbfe5)
core   0: 0x8000b6be (0x00005f17) auipc   t5, 0x5
core   0: 3 0x8000b6be (0x00005f17) x30 0x800106be
core   0: 0x8000b6c2 (0x943f2123) sw      gp, -1726(t5)
core   0: 3 0x8000b6c2 (0x943f2123) mem 0x80010000 0x00000001
core   0: 0x8000b6c6 (0x0000bfe5) c.j     pc - 8
core   0: 3 0x8000b6c6 (0xbfe5)
core   0: 0x8000b6be (0x00005f17) auipc   t5, 0x5
core   0: 3 0x8000b6be (0x00005f17) x30 0x800106be
core   0: 0x8000b6c2 (0x943f2123) sw      gp, -1726(t5)
core   0: 3 0x8000b6c2 (0x943f2123) mem 0x80010000 0x00000001
core   0: 0x8000b6c6 (0x0000bfe5) c.j     pc - 8
core   0: 3 0x8000b6c6 (0xbfe5)
core   0: 0x8000b6be (0x00005f17) auipc   t5, 0x5
core   0: 3 0x8000b6be (0x00005f17) x30 0x800106be
core   0: 0x8000b6c2 (0x943f2123) sw      gp, -1726(t5)
core   0: 3 0x8000b6c2 (0x943f2123) mem 0x80010000 0x00000001
core   0: 0x8000b6c6 (0x0000bfe5) c.j     pc - 8
core   0: 3 0x8000b6c6 (0xbfe5)
core   0: 0x8000b6be (0x00005f17) auipc   t5, 0x5
core   0: 3 0x8000b6be (0x00005f17) x30 0x800106be
core   0: 0x8000b6c2 (0x943f2123) sw      gp, -1726(t5)
core   0: 3 0x8000b6c2 (0x943f2123) mem 0x80010000 0x00000001
core   0: 0x8000b6c6 (0x0000bfe5) c.j     pc - 8
core   0: 3 0x8000b6c6 (0xbfe5)
core   0: 0x8000b6be (0x00005f17) auipc   t5, 0x5
core   0: 3 0x8000b6be (0x00005f17) x30 0x800106be
core   0: 0x8000b6c2 (0x943f2123) sw      gp, -1726(t5)
core   0: 3 0x8000b6c2 (0x943f2123) mem 0x80010000 0x00000001
core   0: 0x8000b6c6 (0x0000bfe5) c.j     pc - 8
core   0: 3 0x8000b6c6 (0xbfe5)
core   0: 0x8000b6be (0x00005f17) auipc   t5, 0x5
core   0: 3 0x8000b6be (0x00005f17) x30 0x800106be
core   0: 0x8000b6c2 (0x943f2123) sw      gp, -1726(t5)
core   0: 3 0x8000b6c2 (0x943f2123) mem 0x80010000 0x00000001
core   0: 0x8000b6c6 (0x0000bfe5) c.j     pc - 8
core   0: 3 0x8000b6c6 (0xbfe5)
core   0: 0x8000b6be (0x00005f17) auipc   t5, 0x5
core   0: 3 0x8000b6be (0x00005f17) x30 0x800106be
core   0: 0x8000b6c2 (0x943f2123) sw      gp, -1726(t5)
core   0: 3 0x8000b6c2 (0x943f2123) mem 0x80010000 0x00000001
core   0: 0x8000b6c6 (0x0000bfe5) c.j     pc - 8
core   0: 3 0x8000b6c6 (0xbfe5)
core   0: 0x8000b6be (0x00005f17) auipc   t5, 0x5
core   0: 3 0x8000b6be (0x00005f17) x30 0x800106be
core   0: 0x8000b6c2 (0x943f2123) sw      gp, -1726(t5)
core   0: 3 0x8000b6c2 (0x943f2123) mem 0x80010000 0x00000001
core   0: 0x8000b6c6 (0x0000bfe5) c.j     pc - 8
core   0: 3 0x8000b6c6 (0xbfe5)
core   0: 0x8000b6be (0x00005f17) auipc   t5, 0x5
core   0: 3 0x8000b6be (0x00005f17) x30 0x800106be
core   0: 0x8000b6c2 (0x943f2123) sw      gp, -1726(t5)
core   0: 3 0x8000b6c2 (0x943f2123) mem 0x80010000 0x00000001
core   0: 0x8000b6c6 (0x0000bfe5) c.j     pc - 8
core   0: 3 0x8000b6c6 (0xbfe5)
core   0: 0x8000b6be (0x00005f17) auipc   t5, 0x5
core   0: 3 0x8000b6be (0x00005f17) x30 0x800106be
core   0: 0x8000b6c2 (0x943f2123) sw      gp, -1726(t5)
core   0: 3 0x8000b6c2 (0x943f2123) mem 0x80010000 0x00000001
core   0: 0x8000b6c6 (0x0000bfe5) c.j     pc - 8
core   0: 3 0x8000b6c6 (0xbfe5)
core   0: 0x8000b6be (0x00005f17) auipc   t5, 0x5
core   0: 3 0x8000b6be (0x00005f17) x30 0x800106be
core   0: 0x8000b6c2 (0x943f2123) sw      gp, -1726(t5)
core   0: 3 0x8000b6c2 (0x943f2123) mem 0x80010000 0x00000001
core   0: 0x8000b6c6 (0x0000bfe5) c.j     pc - 8
core   0: 3 0x8000b6c6 (0xbfe5)
core   0: 0x8000b6be (0x00005f17) auipc   t5, 0x5
core   0: 3 0x8000b6be (0x00005f17) x30 0x800106be
core   0: 0x8000b6c2 (0x943f2123) sw      gp, -1726(t5)
core   0: 3 0x8000b6c2 (0x943f2123) mem 0x80010000 0x00000001
core   0: 0x8000b6c6 (0x0000bfe5) c.j     pc - 8
core   0: 3 0x8000b6c6 (0xbfe5)
core   0: 0x8000b6be (0x00005f17) auipc   t5, 0x5
core   0: 3 0x8000b6be (0x00005f17) x30 0x800106be
core   0: 0x8000b6c2 (0x943f2123) sw      gp, -1726(t5)
core   0: 3 0x8000b6c2 (0x943f2123) mem 0x80010000 0x00000001
core   0: 0x8000b6c6 (0x0000bfe5) c.j     pc - 8
core   0: 3 0x8000b6c6 (0xbfe5)
core   0: 0x8000b6be (0x00005f17) auipc   t5, 0x5
core   0: 3 0x8000b6be (0x00005f17) x30 0x800106be
core   0: 0x8000b6c2 (0x943f2123) sw      gp, -1726(t5)
core   0: 3 0x8000b6c2 (0x943f2123) mem 0x80010000 0x00000001
core   0: 0x8000b6c6 (0x0000bfe5) c.j     pc - 8
core   0: 3 0x8000b6c6 (0xbfe5)
core   0: 0x8000b6be (0x00005f17) auipc   t5, 0x5
core   0: 3 0x8000b6be (0x00005f17) x30 0x800106be
core   0: 0x8000b6c2 (0x943f2123) sw      gp, -1726(t5)
core   0: 3 0x8000b6c2 (0x943f2123) mem 0x80010000 0x00000001
core   0: 0x8000b6c6 (0x0000bfe5) c.j     pc - 8
core   0: 3 0x8000b6c6 (0xbfe5)
core   0: 0x8000b6be (0x00005f17) auipc   t5, 0x5
core   0: 3 0x8000b6be (0x00005f17) x30 0x800106be
core   0: 0x8000b6c2 (0x943f2123) sw      gp, -1726(t5)
core   0: 3 0x8000b6c2 (0x943f2123) mem 0x80010000 0x00000001
core   0: 0x8000b6c6 (0x0000bfe5) c.j     pc - 8
core   0: 3 0x8000b6c6 (0xbfe5)
core   0: 0x8000b6be (0x00005f17) auipc   t5, 0x5
core   0: 3 0x8000b6be (0x00005f17) x30 0x800106be
core   0: 0x8000b6c2 (0x943f2123) sw      gp, -1726(t5)
core   0: 3 0x8000b6c2 (0x943f2123) mem 0x80010000 0x00000001
core   0: 0x8000b6c6 (0x0000bfe5) c.j     pc - 8
core   0: 3 0x8000b6c6 (0xbfe5)
core   0: 0x8000b6be (0x00005f17) auipc   t5, 0x5
core   0: 3 0x8000b6be (0x00005f17) x30 0x800106be
core   0: 0x8000b6c2 (0x943f2123) sw      gp, -1726(t5)
core   0: 3 0x8000b6c2 (0x943f2123) mem 0x80010000 0x00000001
core   0: 0x8000b6c6 (0x0000bfe5) c.j     pc - 8
core   0: 3 0x8000b6c6 (0xbfe5)
core   0: 0x8000b6be (0x00005f17) auipc   t5, 0x5
core   0: 3 0x8000b6be (0x00005f17) x30 0x800106be
core   0: 0x8000b6c2 (0x943f2123) sw      gp, -1726(t5)
core   0: 3 0x8000b6c2 (0x943f2123) mem 0x80010000 0x00000001
core   0: 0x8000b6c6 (0x0000bfe5) c.j     pc - 8
core   0: 3 0x8000b6c6 (0xbfe5)
core   0: 0x8000b6be (0x00005f17) auipc   t5, 0x5
core   0: 3 0x8000b6be (0x00005f17) x30 0x800106be
core   0: 0x8000b6c2 (0x943f2123) sw      gp, -1726(t5)
core   0: 3 0x8000b6c2 (0x943f2123) mem 0x80010000 0x00000001
core   0: 0x8000b6c6 (0x0000bfe5) c.j     pc - 8
core   0: 3 0x8000b6c6 (0xbfe5)
core   0: 0x8000b6be (0x00005f17) auipc   t5, 0x5
core   0: 3 0x8000b6be (0x00005f17) x30 0x800106be
core   0: 0x8000b6c2 (0x943f2123) sw      gp, -1726(t5)
core   0: 3 0x8000b6c2 (0x943f2123) mem 0x80010000 0x00000001
core   0: 0x8000b6c6 (0x0000bfe5) c.j     pc - 8
core   0: 3 0x8000b6c6 (0xbfe5)
core   0: 0x8000b6be (0x00005f17) auipc   t5, 0x5
core   0: 3 0x8000b6be (0x00005f17) x30 0x800106be
core   0: 0x8000b6c2 (0x943f2123) sw      gp, -1726(t5)
core   0: 3 0x8000b6c2 (0x943f2123) mem 0x80010000 0x00000001
core   0: 0x8000b6c6 (0x0000bfe5) c.j     pc - 8
core   0: 3 0x8000b6c6 (0xbfe5)
core   0: 0x8000b6be (0x00005f17) auipc   t5, 0x5
core   0: 3 0x8000b6be (0x00005f17) x30 0x800106be
core   0: 0x8000b6c2 (0x943f2123) sw      gp, -1726(t5)
core   0: 3 0x8000b6c2 (0x943f2123) mem 0x80010000 0x00000001
core   0: 0x8000b6c6 (0x0000bfe5) c.j     pc - 8
core   0: 3 0x8000b6c6 (0xbfe5)
core   0: 0x8000b6be (0x00005f17) auipc   t5, 0x5
core   0: 3 0x8000b6be (0x00005f17) x30 0x800106be
core   0: 0x8000b6c2 (0x943f2123) sw      gp, -1726(t5)
core   0: 3 0x8000b6c2 (0x943f2123) mem 0x80010000 0x00000001
core   0: 0x8000b6c6 (0x0000bfe5) c.j     pc - 8
core   0: 3 0x8000b6c6 (0xbfe5)
core   0: 0x8000b6be (0x00005f17) auipc   t5, 0x5
core   0: 3 0x8000b6be (0x00005f17) x30 0x800106be
core   0: 0x8000b6c2 (0x943f2123) sw      gp, -1726(t5)
core   0: 3 0x8000b6c2 (0x943f2123) mem 0x80010000 0x00000001
core   0: 0x8000b6c6 (0x0000bfe5) c.j     pc - 8
core   0: 3 0x8000b6c6 (0xbfe5)
core   0: 0x8000b6be (0x00005f17) auipc   t5, 0x5
core   0: 3 0x8000b6be (0x00005f17) x30 0x800106be
core   0: 0x8000b6c2 (0x943f2123) sw      gp, -1726(t5)
core   0: 3 0x8000b6c2 (0x943f2123) mem 0x80010000 0x00000001
core   0: 0x8000b6c6 (0x0000bfe5) c.j     pc - 8
core   0: 3 0x8000b6c6 (0xbfe5)
core   0: 0x8000b6be (0x00005f17) auipc   t5, 0x5
core   0: 3 0x8000b6be (0x00005f17) x30 0x800106be
core   0: 0x8000b6c2 (0x943f2123) sw      gp, -1726(t5)
core   0: 3 0x8000b6c2 (0x943f2123) mem 0x80010000 0x00000001
core   0: 0x8000b6c6 (0x0000bfe5) c.j     pc - 8
core   0: 3 0x8000b6c6 (0xbfe5)
core   0: 0x8000b6be (0x00005f17) auipc   t5, 0x5
core   0: 3 0x8000b6be (0x00005f17) x30 0x800106be
core   0: 0x8000b6c2 (0x943f2123) sw      gp, -1726(t5)
core   0: 3 0x8000b6c2 (0x943f2123) mem 0x80010000 0x00000001
core   0: 0x8000b6c6 (0x0000bfe5) c.j     pc - 8
core   0: 3 0x8000b6c6 (0xbfe5)
core   0: 0x8000b6be (0x00005f17) auipc   t5, 0x5
core   0: 3 0x8000b6be (0x00005f17) x30 0x800106be
core   0: 0x8000b6c2 (0x943f2123) sw      gp, -1726(t5)
core   0: 3 0x8000b6c2 (0x943f2123) mem 0x80010000 0x00000001
core   0: 0x8000b6c6 (0x0000bfe5) c.j     pc - 8
core   0: 3 0x8000b6c6 (0xbfe5)
core   0: 0x8000b6be (0x00005f17) auipc   t5, 0x5
core   0: 3 0x8000b6be (0x00005f17) x30 0x800106be
core   0: 0x8000b6c2 (0x943f2123) sw      gp, -1726(t5)
core   0: 3 0x8000b6c2 (0x943f2123) mem 0x80010000 0x00000001
core   0: 0x8000b6c6 (0x0000bfe5) c.j     pc - 8
core   0: 3 0x8000b6c6 (0xbfe5)
core   0: 0x8000b6be (0x00005f17) auipc   t5, 0x5
core   0: 3 0x8000b6be (0x00005f17) x30 0x800106be
core   0: 0x8000b6c2 (0x943f2123) sw      gp, -1726(t5)
core   0: 3 0x8000b6c2 (0x943f2123) mem 0x80010000 0x00000001
core   0: 0x8000b6c6 (0x0000bfe5) c.j     pc - 8
core   0: 3 0x8000b6c6 (0xbfe5)
core   0: 0x8000b6be (0x00005f17) auipc   t5, 0x5
core   0: 3 0x8000b6be (0x00005f17) x30 0x800106be
core   0: 0x8000b6c2 (0x943f2123) sw      gp, -1726(t5)
core   0: 3 0x8000b6c2 (0x943f2123) mem 0x80010000 0x00000001
core   0: 0x8000b6c6 (0x0000bfe5) c.j     pc - 8
core   0: 3 0x8000b6c6 (0xbfe5)
core   0: 0x8000b6be (0x00005f17) auipc   t5, 0x5
core   0: 3 0x8000b6be (0x00005f17) x30 0x800106be
core   0: 0x8000b6c2 (0x943f2123) sw      gp, -1726(t5)
core   0: 3 0x8000b6c2 (0x943f2123) mem 0x80010000 0x00000001
core   0: 0x8000b6c6 (0x0000bfe5) c.j     pc - 8
core   0: 3 0x8000b6c6 (0xbfe5)
core   0: 0x8000b6be (0x00005f17) auipc   t5, 0x5
core   0: 3 0x8000b6be (0x00005f17) x30 0x800106be
core   0: 0x8000b6c2 (0x943f2123) sw      gp, -1726(t5)
core   0: 3 0x8000b6c2 (0x943f2123) mem 0x80010000 0x00000001
core   0: 0x8000b6c6 (0x0000bfe5) c.j     pc - 8
core   0: 3 0x8000b6c6 (0xbfe5)
core   0: 0x8000b6be (0x00005f17) auipc   t5, 0x5
core   0: 3 0x8000b6be (0x00005f17) x30 0x800106be
core   0: 0x8000b6c2 (0x943f2123) sw      gp, -1726(t5)
core   0: 3 0x8000b6c2 (0x943f2123) mem 0x80010000 0x00000001
core   0: 0x8000b6c6 (0x0000bfe5) c.j     pc - 8
core   0: 3 0x8000b6c6 (0xbfe5)
core   0: 0x8000b6be (0x00005f17) auipc   t5, 0x5
core   0: 3 0x8000b6be (0x00005f17) x30 0x800106be
core   0: 0x8000b6c2 (0x943f2123) sw      gp, -1726(t5)
core   0: 3 0x8000b6c2 (0x943f2123) mem 0x80010000 0x00000001
core   0: 0x8000b6c6 (0x0000bfe5) c.j     pc - 8
core   0: 3 0x8000b6c6 (0xbfe5)
core   0: 0x8000b6be (0x00005f17) auipc   t5, 0x5
core   0: 3 0x8000b6be (0x00005f17) x30 0x800106be
core   0: 0x8000b6c2 (0x943f2123) sw      gp, -1726(t5)
core   0: 3 0x8000b6c2 (0x943f2123) mem 0x80010000 0x00000001
core   0: 0x8000b6c6 (0x0000bfe5) c.j     pc - 8
core   0: 3 0x8000b6c6 (0xbfe5)
core   0: 0x8000b6be (0x00005f17) auipc   t5, 0x5
core   0: 3 0x8000b6be (0x00005f17) x30 0x800106be
core   0: 0x8000b6c2 (0x943f2123) sw      gp, -1726(t5)
core   0: 3 0x8000b6c2 (0x943f2123) mem 0x80010000 0x00000001
core   0: 0x8000b6c6 (0x0000bfe5) c.j     pc - 8
core   0: 3 0x8000b6c6 (0xbfe5)
core   0: 0x8000b6be (0x00005f17) auipc   t5, 0x5
core   0: 3 0x8000b6be (0x00005f17) x30 0x800106be
core   0: 0x8000b6c2 (0x943f2123) sw      gp, -1726(t5)
core   0: 3 0x8000b6c2 (0x943f2123) mem 0x80010000 0x00000001
core   0: 0x8000b6c6 (0x0000bfe5) c.j     pc - 8
core   0: 3 0x8000b6c6 (0xbfe5)
core   0: 0x8000b6be (0x00005f17) auipc   t5, 0x5
core   0: 3 0x8000b6be (0x00005f17) x30 0x800106be
core   0: 0x8000b6c2 (0x943f2123) sw      gp, -1726(t5)
core   0: 3 0x8000b6c2 (0x943f2123) mem 0x80010000 0x00000001
core   0: 0x8000b6c6 (0x0000bfe5) c.j     pc - 8
core   0: 3 0x8000b6c6 (0xbfe5)
core   0: 0x8000b6be (0x00005f17) auipc   t5, 0x5
core   0: 3 0x8000b6be (0x00005f17) x30 0x800106be
core   0: 0x8000b6c2 (0x943f2123) sw      gp, -1726(t5)
core   0: 3 0x8000b6c2 (0x943f2123) mem 0x80010000 0x00000001
core   0: 0x8000b6c6 (0x0000bfe5) c.j     pc - 8
core   0: 3 0x8000b6c6 (0xbfe5)
core   0: 0x8000b6be (0x00005f17) auipc   t5, 0x5
core   0: 3 0x8000b6be (0x00005f17) x30 0x800106be
core   0: 0x8000b6c2 (0x943f2123) sw      gp, -1726(t5)
core   0: 3 0x8000b6c2 (0x943f2123) mem 0x80010000 0x00000001
core   0: 0x8000b6c6 (0x0000bfe5) c.j     pc - 8
core   0: 3 0x8000b6c6 (0xbfe5)
core   0: 0x8000b6be (0x00005f17) auipc   t5, 0x5
core   0: 3 0x8000b6be (0x00005f17) x30 0x800106be
core   0: 0x8000b6c2 (0x943f2123) sw      gp, -1726(t5)
core   0: 3 0x8000b6c2 (0x943f2123) mem 0x80010000 0x00000001
core   0: 0x8000b6c6 (0x0000bfe5) c.j     pc - 8
core   0: 3 0x8000b6c6 (0xbfe5)
core   0: 0x8000b6be (0x00005f17) auipc   t5, 0x5
core   0: 3 0x8000b6be (0x00005f17) x30 0x800106be
core   0: 0x8000b6c2 (0x943f2123) sw      gp, -1726(t5)
core   0: 3 0x8000b6c2 (0x943f2123) mem 0x80010000 0x00000001
core   0: 0x8000b6c6 (0x0000bfe5) c.j     pc - 8
core   0: 3 0x8000b6c6 (0xbfe5)
core   0: 0x8000b6be (0x00005f17) auipc   t5, 0x5
core   0: 3 0x8000b6be (0x00005f17) x30 0x800106be
core   0: 0x8000b6c2 (0x943f2123) sw      gp, -1726(t5)
core   0: 3 0x8000b6c2 (0x943f2123) mem 0x80010000 0x00000001
core   0: 0x8000b6c6 (0x0000bfe5) c.j     pc - 8
core   0: 3 0x8000b6c6 (0xbfe5)
core   0: 0x8000b6be (0x00005f17) auipc   t5, 0x5
core   0: 3 0x8000b6be (0x00005f17) x30 0x800106be
core   0: 0x8000b6c2 (0x943f2123) sw      gp, -1726(t5)
core   0: 3 0x8000b6c2 (0x943f2123) mem 0x80010000 0x00000001
core   0: 0x8000b6c6 (0x0000bfe5) c.j     pc - 8
core   0: 3 0x8000b6c6 (0xbfe5)
core   0: 0x8000b6be (0x00005f17) auipc   t5, 0x5
core   0: 3 0x8000b6be (0x00005f17) x30 0x800106be
core   0: 0x8000b6c2 (0x943f2123) sw      gp, -1726(t5)
core   0: 3 0x8000b6c2 (0x943f2123) mem 0x80010000 0x00000001
core   0: 0x8000b6c6 (0x0000bfe5) c.j     pc - 8
core   0: 3 0x8000b6c6 (0xbfe5)
core   0: 0x8000b6be (0x00005f17) auipc   t5, 0x5
core   0: 3 0x8000b6be (0x00005f17) x30 0x800106be
core   0: 0x8000b6c2 (0x943f2123) sw      gp, -1726(t5)
core   0: 3 0x8000b6c2 (0x943f2123) mem 0x80010000 0x00000001
core   0: 0x8000b6c6 (0x0000bfe5) c.j     pc - 8
core   0: 3 0x8000b6c6 (0xbfe5)
core   0: 0x8000b6be (0x00005f17) auipc   t5, 0x5
core   0: 3 0x8000b6be (0x00005f17) x30 0x800106be
core   0: 0x8000b6c2 (0x943f2123) sw      gp, -1726(t5)
core   0: 3 0x8000b6c2 (0x943f2123) mem 0x80010000 0x00000001
core   0: 0x8000b6c6 (0x0000bfe5) c.j     pc - 8
core   0: 3 0x8000b6c6 (0xbfe5)
core   0: 0x8000b6be (0x00005f17) auipc   t5, 0x5
core   0: 3 0x8000b6be (0x00005f17) x30 0x800106be
core   0: 0x8000b6c2 (0x943f2123) sw      gp, -1726(t5)
core   0: 3 0x8000b6c2 (0x943f2123) mem 0x80010000 0x00000001
core   0: 0x8000b6c6 (0x0000bfe5) c.j     pc - 8
core   0: 3 0x8000b6c6 (0xbfe5)
core   0: 0x8000b6be (0x00005f17) auipc   t5, 0x5
core   0: 3 0x8000b6be (0x00005f17) x30 0x800106be
core   0: 0x8000b6c2 (0x943f2123) sw      gp, -1726(t5)
core   0: 3 0x8000b6c2 (0x943f2123) mem 0x80010000 0x00000001
core   0: 0x8000b6c6 (0x0000bfe5) c.j     pc - 8
core   0: 3 0x8000b6c6 (0xbfe5)
core   0: 0x8000b6be (0x00005f17) auipc   t5, 0x5
core   0: 3 0x8000b6be (0x00005f17) x30 0x800106be
core   0: 0x8000b6c2 (0x943f2123) sw      gp, -1726(t5)
core   0: 3 0x8000b6c2 (0x943f2123) mem 0x80010000 0x00000001
core   0: 0x8000b6c6 (0x0000bfe5) c.j     pc - 8
core   0: 3 0x8000b6c6 (0xbfe5)
core   0: 0x8000b6be (0x00005f17) auipc   t5, 0x5
core   0: 3 0x8000b6be (0x00005f17) x30 0x800106be
core   0: 0x8000b6c2 (0x943f2123) sw      gp, -1726(t5)
core   0: 3 0x8000b6c2 (0x943f2123) mem 0x80010000 0x00000001
core   0: 0x8000b6c6 (0x0000bfe5) c.j     pc - 8
core   0: 3 0x8000b6c6 (0xbfe5)
core   0: 0x8000b6be (0x00005f17) auipc   t5, 0x5
core   0: 3 0x8000b6be (0x00005f17) x30 0x800106be
core   0: 0x8000b6c2 (0x943f2123) sw      gp, -1726(t5)
core   0: 3 0x8000b6c2 (0x943f2123) mem 0x80010000 0x00000001
core   0: 0x8000b6c6 (0x0000bfe5) c.j     pc - 8
core   0: 3 0x8000b6c6 (0xbfe5)
core   0: 0x8000b6be (0x00005f17) auipc   t5, 0x5
core   0: 3 0x8000b6be (0x00005f17) x30 0x800106be
core   0: 0x8000b6c2 (0x943f2123) sw      gp, -1726(t5)
core   0: 3 0x8000b6c2 (0x943f2123) mem 0x80010000 0x00000001
core   0: 0x8000b6c6 (0x0000bfe5) c.j     pc - 8
core   0: 3 0x8000b6c6 (0xbfe5)
core   0: 0x8000b6be (0x00005f17) auipc   t5, 0x5
core   0: 3 0x8000b6be (0x00005f17) x30 0x800106be
core   0: 0x8000b6c2 (0x943f2123) sw      gp, -1726(t5)
core   0: 3 0x8000b6c2 (0x943f2123) mem 0x80010000 0x00000001
core   0: 0x8000b6c6 (0x0000bfe5) c.j     pc - 8
core   0: 3 0x8000b6c6 (0xbfe5)
core   0: 0x8000b6be (0x00005f17) auipc   t5, 0x5
core   0: 3 0x8000b6be (0x00005f17) x30 0x800106be
core   0: 0x8000b6c2 (0x943f2123) sw      gp, -1726(t5)
core   0: 3 0x8000b6c2 (0x943f2123) mem 0x80010000 0x00000001
core   0: 0x8000b6c6 (0x0000bfe5) c.j     pc - 8
core   0: 3 0x8000b6c6 (0xbfe5)
core   0: 0x8000b6be (0x00005f17) auipc   t5, 0x5
core   0: 3 0x8000b6be (0x00005f17) x30 0x800106be
core   0: 0x8000b6c2 (0x943f2123) sw      gp, -1726(t5)
core   0: 3 0x8000b6c2 (0x943f2123) mem 0x80010000 0x00000001
core   0: 0x8000b6c6 (0x0000bfe5) c.j     pc - 8
core   0: 3 0x8000b6c6 (0xbfe5)
core   0: 0x8000b6be (0x00005f17) auipc   t5, 0x5
core   0: 3 0x8000b6be (0x00005f17) x30 0x800106be
core   0: 0x8000b6c2 (0x943f2123) sw      gp, -1726(t5)
core   0: 3 0x8000b6c2 (0x943f2123) mem 0x80010000 0x00000001
core   0: 0x8000b6c6 (0x0000bfe5) c.j     pc - 8
core   0: 3 0x8000b6c6 (0xbfe5)
core   0: 0x8000b6be (0x00005f17) auipc   t5, 0x5
core   0: 3 0x8000b6be (0x00005f17) x30 0x800106be
core   0: 0x8000b6c2 (0x943f2123) sw      gp, -1726(t5)
core   0: 3 0x8000b6c2 (0x943f2123) mem 0x80010000 0x00000001
core   0: 0x8000b6c6 (0x0000bfe5) c.j     pc - 8
core   0: 3 0x8000b6c6 (0xbfe5)
core   0: 0x8000b6be (0x00005f17) auipc   t5, 0x5
core   0: 3 0x8000b6be (0x00005f17) x30 0x800106be
core   0: 0x8000b6c2 (0x943f2123) sw      gp, -1726(t5)
core   0: 3 0x8000b6c2 (0x943f2123) mem 0x80010000 0x00000001
core   0: 0x8000b6c6 (0x0000bfe5) c.j     pc - 8
core   0: 3 0x8000b6c6 (0xbfe5)
core   0: 0x8000b6be (0x00005f17) auipc   t5, 0x5
core   0: 3 0x8000b6be (0x00005f17) x30 0x800106be
core   0: 0x8000b6c2 (0x943f2123) sw      gp, -1726(t5)
core   0: 3 0x8000b6c2 (0x943f2123) mem 0x80010000 0x00000001
core   0: 0x8000b6c6 (0x0000bfe5) c.j     pc - 8
core   0: 3 0x8000b6c6 (0xbfe5)
core   0: 0x8000b6be (0x00005f17) auipc   t5, 0x5
core   0: 3 0x8000b6be (0x00005f17) x30 0x800106be
core   0: 0x8000b6c2 (0x943f2123) sw      gp, -1726(t5)
core   0: 3 0x8000b6c2 (0x943f2123) mem 0x80010000 0x00000001
core   0: 0x8000b6c6 (0x0000bfe5) c.j     pc - 8
core   0: 3 0x8000b6c6 (0xbfe5)
core   0: 0x8000b6be (0x00005f17) auipc   t5, 0x5
core   0: 3 0x8000b6be (0x00005f17) x30 0x800106be
core   0: 0x8000b6c2 (0x943f2123) sw      gp, -1726(t5)
core   0: 3 0x8000b6c2 (0x943f2123) mem 0x80010000 0x00000001
core   0: 0x8000b6c6 (0x0000bfe5) c.j     pc - 8
core   0: 3 0x8000b6c6 (0xbfe5)
core   0: 0x8000b6be (0x00005f17) auipc   t5, 0x5
core   0: 3 0x8000b6be (0x00005f17) x30 0x800106be
core   0: 0x8000b6c2 (0x943f2123) sw      gp, -1726(t5)
core   0: 3 0x8000b6c2 (0x943f2123) mem 0x80010000 0x00000001
core   0: 0x8000b6c6 (0x0000bfe5) c.j     pc - 8
core   0: 3 0x8000b6c6 (0xbfe5)
core   0: 0x8000b6be (0x00005f17) auipc   t5, 0x5
core   0: 3 0x8000b6be (0x00005f17) x30 0x800106be
core   0: 0x8000b6c2 (0x943f2123) sw      gp, -1726(t5)
core   0: 3 0x8000b6c2 (0x943f2123) mem 0x80010000 0x00000001
core   0: 0x8000b6c6 (0x0000bfe5) c.j     pc - 8
core   0: 3 0x8000b6c6 (0xbfe5)
core   0: 0x8000b6be (0x00005f17) auipc   t5, 0x5
core   0: 3 0x8000b6be (0x00005f17) x30 0x800106be
core   0: 0x8000b6c2 (0x943f2123) sw      gp, -1726(t5)
core   0: 3 0x8000b6c2 (0x943f2123) mem 0x80010000 0x00000001
core   0: 0x8000b6c6 (0x0000bfe5) c.j     pc - 8
core   0: 3 0x8000b6c6 (0xbfe5)
core   0: 0x8000b6be (0x00005f17) auipc   t5, 0x5
core   0: 3 0x8000b6be (0x00005f17) x30 0x800106be
core   0: 0x8000b6c2 (0x943f2123) sw      gp, -1726(t5)
core   0: 3 0x8000b6c2 (0x943f2123) mem 0x80010000 0x00000001
core   0: 0x8000b6c6 (0x0000bfe5) c.j     pc - 8
core   0: 3 0x8000b6c6 (0xbfe5)
core   0: 0x8000b6be (0x00005f17) auipc   t5, 0x5
core   0: 3 0x8000b6be (0x00005f17) x30 0x800106be
core   0: 0x8000b6c2 (0x943f2123) sw      gp, -1726(t5)
core   0: 3 0x8000b6c2 (0x943f2123) mem 0x80010000 0x00000001
core   0: 0x8000b6c6 (0x0000bfe5) c.j     pc - 8
core   0: 3 0x8000b6c6 (0xbfe5)
core   0: 0x8000b6be (0x00005f17) auipc   t5, 0x5
core   0: 3 0x8000b6be (0x00005f17) x30 0x800106be
core   0: 0x8000b6c2 (0x943f2123) sw      gp, -1726(t5)
core   0: 3 0x8000b6c2 (0x943f2123) mem 0x80010000 0x00000001
core   0: 0x8000b6c6 (0x0000bfe5) c.j     pc - 8
core   0: 3 0x8000b6c6 (0xbfe5)
core   0: 0x8000b6be (0x00005f17) auipc   t5, 0x5
core   0: 3 0x8000b6be (0x00005f17) x30 0x800106be
core   0: 0x8000b6c2 (0x943f2123) sw      gp, -1726(t5)
core   0: 3 0x8000b6c2 (0x943f2123) mem 0x80010000 0x00000001
core   0: 0x8000b6c6 (0x0000bfe5) c.j     pc - 8
core   0: 3 0x8000b6c6 (0xbfe5)
core   0: 0x8000b6be (0x00005f17) auipc   t5, 0x5
core   0: 3 0x8000b6be (0x00005f17) x30 0x800106be
core   0: 0x8000b6c2 (0x943f2123) sw      gp, -1726(t5)
core   0: 3 0x8000b6c2 (0x943f2123) mem 0x80010000 0x00000001
core   0: 0x8000b6c6 (0x0000bfe5) c.j     pc - 8
core   0: 3 0x8000b6c6 (0xbfe5)
core   0: 0x8000b6be (0x00005f17) auipc   t5, 0x5
core   0: 3 0x8000b6be (0x00005f17) x30 0x800106be
core   0: 0x8000b6c2 (0x943f2123) sw      gp, -1726(t5)
core   0: 3 0x8000b6c2 (0x943f2123) mem 0x80010000 0x00000001
core   0: 0x8000b6c6 (0x0000bfe5) c.j     pc - 8
core   0: 3 0x8000b6c6 (0xbfe5)
core   0: 0x8000b6be (0x00005f17) auipc   t5, 0x5
core   0: 3 0x8000b6be (0x00005f17) x30 0x800106be
core   0: 0x8000b6c2 (0x943f2123) sw      gp, -1726(t5)
core   0: 3 0x8000b6c2 (0x943f2123) mem 0x80010000 0x00000001
core   0: 0x8000b6c6 (0x0000bfe5) c.j     pc - 8
core   0: 3 0x8000b6c6 (0xbfe5)
core   0: 0x8000b6be (0x00005f17) auipc   t5, 0x5
core   0: 3 0x8000b6be (0x00005f17) x30 0x800106be
core   0: 0x8000b6c2 (0x943f2123) sw      gp, -1726(t5)
core   0: 3 0x8000b6c2 (0x943f2123) mem 0x80010000 0x00000001
core   0: 0x8000b6c6 (0x0000bfe5) c.j     pc - 8
core   0: 3 0x8000b6c6 (0xbfe5)
core   0: 0x8000b6be (0x00005f17) auipc   t5, 0x5
core   0: 3 0x8000b6be (0x00005f17) x30 0x800106be
core   0: 0x8000b6c2 (0x943f2123) sw      gp, -1726(t5)
core   0: 3 0x8000b6c2 (0x943f2123) mem 0x80010000 0x00000001
core   0: 0x8000b6c6 (0x0000bfe5) c.j     pc - 8
core   0: 3 0x8000b6c6 (0xbfe5)
core   0: 0x8000b6be (0x00005f17) auipc   t5, 0x5
core   0: 3 0x8000b6be (0x00005f17) x30 0x800106be
core   0: 0x8000b6c2 (0x943f2123) sw      gp, -1726(t5)
core   0: 3 0x8000b6c2 (0x943f2123) mem 0x80010000 0x00000001
core   0: 0x8000b6c6 (0x0000bfe5) c.j     pc - 8
core   0: 3 0x8000b6c6 (0xbfe5)
core   0: 0x8000b6be (0x00005f17) auipc   t5, 0x5
core   0: 3 0x8000b6be (0x00005f17) x30 0x800106be
core   0: 0x8000b6c2 (0x943f2123) sw      gp, -1726(t5)
core   0: 3 0x8000b6c2 (0x943f2123) mem 0x80010000 0x00000001
core   0: 0x8000b6c6 (0x0000bfe5) c.j     pc - 8
core   0: 3 0x8000b6c6 (0xbfe5)
core   0: 0x8000b6be (0x00005f17) auipc   t5, 0x5
core   0: 3 0x8000b6be (0x00005f17) x30 0x800106be
core   0: 0x8000b6c2 (0x943f2123) sw      gp, -1726(t5)
core   0: 3 0x8000b6c2 (0x943f2123) mem 0x80010000 0x00000001
core   0: 0x8000b6c6 (0x0000bfe5) c.j     pc - 8
core   0: 3 0x8000b6c6 (0xbfe5)
core   0: 0x8000b6be (0x00005f17) auipc   t5, 0x5
core   0: 3 0x8000b6be (0x00005f17) x30 0x800106be
core   0: 0x8000b6c2 (0x943f2123) sw      gp, -1726(t5)
core   0: 3 0x8000b6c2 (0x943f2123) mem 0x80010000 0x00000001
core   0: 0x8000b6c6 (0x0000bfe5) c.j     pc - 8
core   0: 3 0x8000b6c6 (0xbfe5)
core   0: 0x8000b6be (0x00005f17) auipc   t5, 0x5
core   0: 3 0x8000b6be (0x00005f17) x30 0x800106be
core   0: 0x8000b6c2 (0x943f2123) sw      gp, -1726(t5)
core   0: 3 0x8000b6c2 (0x943f2123) mem 0x80010000 0x00000001
core   0: 0x8000b6c6 (0x0000bfe5) c.j     pc - 8
core   0: 3 0x8000b6c6 (0xbfe5)
core   0: 0x8000b6be (0x00005f17) auipc   t5, 0x5
core   0: 3 0x8000b6be (0x00005f17) x30 0x800106be
core   0: 0x8000b6c2 (0x943f2123) sw      gp, -1726(t5)
core   0: 3 0x8000b6c2 (0x943f2123) mem 0x80010000 0x00000001
core   0: 0x8000b6c6 (0x0000bfe5) c.j     pc - 8
core   0: 3 0x8000b6c6 (0xbfe5)
core   0: 0x8000b6be (0x00005f17) auipc   t5, 0x5
core   0: 3 0x8000b6be (0x00005f17) x30 0x800106be
core   0: 0x8000b6c2 (0x943f2123) sw      gp, -1726(t5)
core   0: 3 0x8000b6c2 (0x943f2123) mem 0x80010000 0x00000001
core   0: 0x8000b6c6 (0x0000bfe5) c.j     pc - 8
core   0: 3 0x8000b6c6 (0xbfe5)
core   0: 0x8000b6be (0x00005f17) auipc   t5, 0x5
core   0: 3 0x8000b6be (0x00005f17) x30 0x800106be
core   0: 0x8000b6c2 (0x943f2123) sw      gp, -1726(t5)
core   0: 3 0x8000b6c2 (0x943f2123) mem 0x80010000 0x00000001
core   0: 0x8000b6c6 (0x0000bfe5) c.j     pc - 8
core   0: 3 0x8000b6c6 (0xbfe5)
core   0: 0x8000b6be (0x00005f17) auipc   t5, 0x5
core   0: 3 0x8000b6be (0x00005f17) x30 0x800106be
core   0: 0x8000b6c2 (0x943f2123) sw      gp, -1726(t5)
core   0: 3 0x8000b6c2 (0x943f2123) mem 0x80010000 0x00000001
core   0: 0x8000b6c6 (0x0000bfe5) c.j     pc - 8
core   0: 3 0x8000b6c6 (0xbfe5)
core   0: 0x8000b6be (0x00005f17) auipc   t5, 0x5
core   0: 3 0x8000b6be (0x00005f17) x30 0x800106be
core   0: 0x8000b6c2 (0x943f2123) sw      gp, -1726(t5)
core   0: 3 0x8000b6c2 (0x943f2123) mem 0x80010000 0x00000001
core   0: 0x8000b6c6 (0x0000bfe5) c.j     pc - 8
core   0: 3 0x8000b6c6 (0xbfe5)
core   0: 0x8000b6be (0x00005f17) auipc   t5, 0x5
core   0: 3 0x8000b6be (0x00005f17) x30 0x800106be
core   0: 0x8000b6c2 (0x943f2123) sw      gp, -1726(t5)
core   0: 3 0x8000b6c2 (0x943f2123) mem 0x80010000 0x00000001
core   0: 0x8000b6c6 (0x0000bfe5) c.j     pc - 8
core   0: 3 0x8000b6c6 (0xbfe5)
core   0: 0x8000b6be (0x00005f17) auipc   t5, 0x5
core   0: 3 0x8000b6be (0x00005f17) x30 0x800106be
core   0: 0x8000b6c2 (0x943f2123) sw      gp, -1726(t5)
core   0: 3 0x8000b6c2 (0x943f2123) mem 0x80010000 0x00000001
core   0: 0x8000b6c6 (0x0000bfe5) c.j     pc - 8
core   0: 3 0x8000b6c6 (0xbfe5)
core   0: 0x8000b6be (0x00005f17) auipc   t5, 0x5
core   0: 3 0x8000b6be (0x00005f17) x30 0x800106be
core   0: 0x8000b6c2 (0x943f2123) sw      gp, -1726(t5)
core   0: 3 0x8000b6c2 (0x943f2123) mem 0x80010000 0x00000001
core   0: 0x8000b6c6 (0x0000bfe5) c.j     pc - 8
core   0: 3 0x8000b6c6 (0xbfe5)
core   0: 0x8000b6be (0x00005f17) auipc   t5, 0x5
core   0: 3 0x8000b6be (0x00005f17) x30 0x800106be
core   0: 0x8000b6c2 (0x943f2123) sw      gp, -1726(t5)
core   0: 3 0x8000b6c2 (0x943f2123) mem 0x80010000 0x00000001
core   0: 0x8000b6c6 (0x0000bfe5) c.j     pc - 8
core   0: 3 0x8000b6c6 (0xbfe5)
core   0: 0x8000b6be (0x00005f17) auipc   t5, 0x5
core   0: 3 0x8000b6be (0x00005f17) x30 0x800106be
core   0: 0x8000b6c2 (0x943f2123) sw      gp, -1726(t5)
core   0: 3 0x8000b6c2 (0x943f2123) mem 0x80010000 0x00000001
core   0: 0x8000b6c6 (0x0000bfe5) c.j     pc - 8
core   0: 3 0x8000b6c6 (0xbfe5)
core   0: 0x8000b6be (0x00005f17) auipc   t5, 0x5
core   0: 3 0x8000b6be (0x00005f17) x30 0x800106be
core   0: 0x8000b6c2 (0x943f2123) sw      gp, -1726(t5)
core   0: 3 0x8000b6c2 (0x943f2123) mem 0x80010000 0x00000001
core   0: 0x8000b6c6 (0x0000bfe5) c.j     pc - 8
core   0: 3 0x8000b6c6 (0xbfe5)
core   0: 0x8000b6be (0x00005f17) auipc   t5, 0x5
core   0: 3 0x8000b6be (0x00005f17) x30 0x800106be
core   0: 0x8000b6c2 (0x943f2123) sw      gp, -1726(t5)
core   0: 3 0x8000b6c2 (0x943f2123) mem 0x80010000 0x00000001
core   0: 0x8000b6c6 (0x0000bfe5) c.j     pc - 8
core   0: 3 0x8000b6c6 (0xbfe5)
core   0: 0x8000b6be (0x00005f17) auipc   t5, 0x5
core   0: 3 0x8000b6be (0x00005f17) x30 0x800106be
core   0: 0x8000b6c2 (0x943f2123) sw      gp, -1726(t5)
core   0: 3 0x8000b6c2 (0x943f2123) mem 0x80010000 0x00000001
core   0: 0x8000b6c6 (0x0000bfe5) c.j     pc - 8
core   0: 3 0x8000b6c6 (0xbfe5)
core   0: 0x8000b6be (0x00005f17) auipc   t5, 0x5
core   0: 3 0x8000b6be (0x00005f17) x30 0x800106be
core   0: 0x8000b6c2 (0x943f2123) sw      gp, -1726(t5)
core   0: 3 0x8000b6c2 (0x943f2123) mem 0x80010000 0x00000001
core   0: 0x8000b6c6 (0x0000bfe5) c.j     pc - 8
core   0: 3 0x8000b6c6 (0xbfe5)
core   0: 0x8000b6be (0x00005f17) auipc   t5, 0x5
core   0: 3 0x8000b6be (0x00005f17) x30 0x800106be
core   0: 0x8000b6c2 (0x943f2123) sw      gp, -1726(t5)
core   0: 3 0x8000b6c2 (0x943f2123) mem 0x80010000 0x00000001
core   0: 0x8000b6c6 (0x0000bfe5) c.j     pc - 8
core   0: 3 0x8000b6c6 (0xbfe5)
core   0: 0x8000b6be (0x00005f17) auipc   t5, 0x5
core   0: 3 0x8000b6be (0x00005f17) x30 0x800106be
core   0: 0x8000b6c2 (0x943f2123) sw      gp, -1726(t5)
core   0: 3 0x8000b6c2 (0x943f2123) mem 0x80010000 0x00000001
core   0: 0x8000b6c6 (0x0000bfe5) c.j     pc - 8
core   0: 3 0x8000b6c6 (0xbfe5)
core   0: 0x8000b6be (0x00005f17) auipc   t5, 0x5
core   0: 3 0x8000b6be (0x00005f17) x30 0x800106be
core   0: 0x8000b6c2 (0x943f2123) sw      gp, -1726(t5)
core   0: 3 0x8000b6c2 (0x943f2123) mem 0x80010000 0x00000001
core   0: 0x8000b6c6 (0x0000bfe5) c.j     pc - 8
core   0: 3 0x8000b6c6 (0xbfe5)
core   0: 0x8000b6be (0x00005f17) auipc   t5, 0x5
core   0: 3 0x8000b6be (0x00005f17) x30 0x800106be
core   0: 0x8000b6c2 (0x943f2123) sw      gp, -1726(t5)
core   0: 3 0x8000b6c2 (0x943f2123) mem 0x80010000 0x00000001
core   0: 0x8000b6c6 (0x0000bfe5) c.j     pc - 8
core   0: 3 0x8000b6c6 (0xbfe5)
core   0: 0x8000b6be (0x00005f17) auipc   t5, 0x5
core   0: 3 0x8000b6be (0x00005f17) x30 0x800106be
core   0: 0x8000b6c2 (0x943f2123) sw      gp, -1726(t5)
core   0: 3 0x8000b6c2 (0x943f2123) mem 0x80010000 0x00000001
core   0: 0x8000b6c6 (0x0000bfe5) c.j     pc - 8
core   0: 3 0x8000b6c6 (0xbfe5)
core   0: 0x8000b6be (0x00005f17) auipc   t5, 0x5
core   0: 3 0x8000b6be (0x00005f17) x30 0x800106be
core   0: 0x8000b6c2 (0x943f2123) sw      gp, -1726(t5)
core   0: 3 0x8000b6c2 (0x943f2123) mem 0x80010000 0x00000001
core   0: 0x8000b6c6 (0x0000bfe5) c.j     pc - 8
core   0: 3 0x8000b6c6 (0xbfe5)
core   0: 0x8000b6be (0x00005f17) auipc   t5, 0x5
core   0: 3 0x8000b6be (0x00005f17) x30 0x800106be
core   0: 0x8000b6c2 (0x943f2123) sw      gp, -1726(t5)
core   0: 3 0x8000b6c2 (0x943f2123) mem 0x80010000 0x00000001
core   0: 0x8000b6c6 (0x0000bfe5) c.j     pc - 8
core   0: 3 0x8000b6c6 (0xbfe5)
core   0: 0x8000b6be (0x00005f17) auipc   t5, 0x5
core   0: 3 0x8000b6be (0x00005f17) x30 0x800106be
core   0: 0x8000b6c2 (0x943f2123) sw      gp, -1726(t5)
core   0: 3 0x8000b6c2 (0x943f2123) mem 0x80010000 0x00000001
core   0: 0x8000b6c6 (0x0000bfe5) c.j     pc - 8
core   0: 3 0x8000b6c6 (0xbfe5)
core   0: 0x8000b6be (0x00005f17) auipc   t5, 0x5
core   0: 3 0x8000b6be (0x00005f17) x30 0x800106be
core   0: 0x8000b6c2 (0x943f2123) sw      gp, -1726(t5)
core   0: 3 0x8000b6c2 (0x943f2123) mem 0x80010000 0x00000001
core   0: 0x8000b6c6 (0x0000bfe5) c.j     pc - 8
core   0: 3 0x8000b6c6 (0xbfe5)
core   0: 0x8000b6be (0x00005f17) auipc   t5, 0x5
core   0: 3 0x8000b6be (0x00005f17) x30 0x800106be
core   0: 0x8000b6c2 (0x943f2123) sw      gp, -1726(t5)
core   0: 3 0x8000b6c2 (0x943f2123) mem 0x80010000 0x00000001
core   0: 0x8000b6c6 (0x0000bfe5) c.j     pc - 8
core   0: 3 0x8000b6c6 (0xbfe5)
core   0: 0x8000b6be (0x00005f17) auipc   t5, 0x5
core   0: 3 0x8000b6be (0x00005f17) x30 0x800106be
core   0: 0x8000b6c2 (0x943f2123) sw      gp, -1726(t5)
core   0: 3 0x8000b6c2 (0x943f2123) mem 0x80010000 0x00000001
core   0: 0x8000b6c6 (0x0000bfe5) c.j     pc - 8
core   0: 3 0x8000b6c6 (0xbfe5)
core   0: 0x8000b6be (0x00005f17) auipc   t5, 0x5
core   0: 3 0x8000b6be (0x00005f17) x30 0x800106be
core   0: 0x8000b6c2 (0x943f2123) sw      gp, -1726(t5)
core   0: 3 0x8000b6c2 (0x943f2123) mem 0x80010000 0x00000001
core   0: 0x8000b6c6 (0x0000bfe5) c.j     pc - 8
core   0: 3 0x8000b6c6 (0xbfe5)
core   0: 0x8000b6be (0x00005f17) auipc   t5, 0x5
core   0: 3 0x8000b6be (0x00005f17) x30 0x800106be
core   0: 0x8000b6c2 (0x943f2123) sw      gp, -1726(t5)
core   0: 3 0x8000b6c2 (0x943f2123) mem 0x80010000 0x00000001
core   0: 0x8000b6c6 (0x0000bfe5) c.j     pc - 8
core   0: 3 0x8000b6c6 (0xbfe5)
core   0: 0x8000b6be (0x00005f17) auipc   t5, 0x5
core   0: 3 0x8000b6be (0x00005f17) x30 0x800106be
core   0: 0x8000b6c2 (0x943f2123) sw      gp, -1726(t5)
core   0: 3 0x8000b6c2 (0x943f2123) mem 0x80010000 0x00000001
core   0: 0x8000b6c6 (0x0000bfe5) c.j     pc - 8
core   0: 3 0x8000b6c6 (0xbfe5)
core   0: 0x8000b6be (0x00005f17) auipc   t5, 0x5
core   0: 3 0x8000b6be (0x00005f17) x30 0x800106be
core   0: 0x8000b6c2 (0x943f2123) sw      gp, -1726(t5)
core   0: 3 0x8000b6c2 (0x943f2123) mem 0x80010000 0x00000001
core   0: 0x8000b6c6 (0x0000bfe5) c.j     pc - 8
core   0: 3 0x8000b6c6 (0xbfe5)
core   0: 0x8000b6be (0x00005f17) auipc   t5, 0x5
core   0: 3 0x8000b6be (0x00005f17) x30 0x800106be
core   0: 0x8000b6c2 (0x943f2123) sw      gp, -1726(t5)
core   0: 3 0x8000b6c2 (0x943f2123) mem 0x80010000 0x00000001
core   0: 0x8000b6c6 (0x0000bfe5) c.j     pc - 8
core   0: 3 0x8000b6c6 (0xbfe5)
core   0: 0x8000b6be (0x00005f17) auipc   t5, 0x5
core   0: 3 0x8000b6be (0x00005f17) x30 0x800106be
core   0: 0x8000b6c2 (0x943f2123) sw      gp, -1726(t5)
core   0: 3 0x8000b6c2 (0x943f2123) mem 0x80010000 0x00000001
core   0: 0x8000b6c6 (0x0000bfe5) c.j     pc - 8
core   0: 3 0x8000b6c6 (0xbfe5)
core   0: 0x8000b6be (0x00005f17) auipc   t5, 0x5
core   0: 3 0x8000b6be (0x00005f17) x30 0x800106be
core   0: 0x8000b6c2 (0x943f2123) sw      gp, -1726(t5)
core   0: 3 0x8000b6c2 (0x943f2123) mem 0x80010000 0x00000001
core   0: 0x8000b6c6 (0x0000bfe5) c.j     pc - 8
core   0: 3 0x8000b6c6 (0xbfe5)
core   0: 0x8000b6be (0x00005f17) auipc   t5, 0x5
core   0: 3 0x8000b6be (0x00005f17) x30 0x800106be
core   0: 0x8000b6c2 (0x943f2123) sw      gp, -1726(t5)
core   0: 3 0x8000b6c2 (0x943f2123) mem 0x80010000 0x00000001
core   0: 0x8000b6c6 (0x0000bfe5) c.j     pc - 8
core   0: 3 0x8000b6c6 (0xbfe5)
core   0: 0x8000b6be (0x00005f17) auipc   t5, 0x5
core   0: 3 0x8000b6be (0x00005f17) x30 0x800106be
core   0: 0x8000b6c2 (0x943f2123) sw      gp, -1726(t5)
core   0: 3 0x8000b6c2 (0x943f2123) mem 0x80010000 0x00000001
core   0: 0x8000b6c6 (0x0000bfe5) c.j     pc - 8
core   0: 3 0x8000b6c6 (0xbfe5)
core   0: 0x8000b6be (0x00005f17) auipc   t5, 0x5
core   0: 3 0x8000b6be (0x00005f17) x30 0x800106be
core   0: 0x8000b6c2 (0x943f2123) sw      gp, -1726(t5)
core   0: 3 0x8000b6c2 (0x943f2123) mem 0x80010000 0x00000001
core   0: 0x8000b6c6 (0x0000bfe5) c.j     pc - 8
core   0: 3 0x8000b6c6 (0xbfe5)
core   0: 0x8000b6be (0x00005f17) auipc   t5, 0x5
core   0: 3 0x8000b6be (0x00005f17) x30 0x800106be
core   0: 0x8000b6c2 (0x943f2123) sw      gp, -1726(t5)
core   0: 3 0x8000b6c2 (0x943f2123) mem 0x80010000 0x00000001
core   0: 0x8000b6c6 (0x0000bfe5) c.j     pc - 8
core   0: 3 0x8000b6c6 (0xbfe5)
core   0: 0x8000b6be (0x00005f17) auipc   t5, 0x5
core   0: 3 0x8000b6be (0x00005f17) x30 0x800106be
core   0: 0x8000b6c2 (0x943f2123) sw      gp, -1726(t5)
core   0: 3 0x8000b6c2 (0x943f2123) mem 0x80010000 0x00000001
core   0: 0x8000b6c6 (0x0000bfe5) c.j     pc - 8
core   0: 3 0x8000b6c6 (0xbfe5)
core   0: 0x8000b6be (0x00005f17) auipc   t5, 0x5
core   0: 3 0x8000b6be (0x00005f17) x30 0x800106be
core   0: 0x8000b6c2 (0x943f2123) sw      gp, -1726(t5)
core   0: 3 0x8000b6c2 (0x943f2123) mem 0x80010000 0x00000001
core   0: 0x8000b6c6 (0x0000bfe5) c.j     pc - 8
core   0: 3 0x8000b6c6 (0xbfe5)
core   0: 0x8000b6be (0x00005f17) auipc   t5, 0x5
core   0: 3 0x8000b6be (0x00005f17) x30 0x800106be
core   0: 0x8000b6c2 (0x943f2123) sw      gp, -1726(t5)
core   0: 3 0x8000b6c2 (0x943f2123) mem 0x80010000 0x00000001
core   0: 0x8000b6c6 (0x0000bfe5) c.j     pc - 8
core   0: 3 0x8000b6c6 (0xbfe5)
core   0: 0x8000b6be (0x00005f17) auipc   t5, 0x5
core   0: 3 0x8000b6be (0x00005f17) x30 0x800106be
core   0: 0x8000b6c2 (0x943f2123) sw      gp, -1726(t5)
core   0: 3 0x8000b6c2 (0x943f2123) mem 0x80010000 0x00000001
core   0: 0x8000b6c6 (0x0000bfe5) c.j     pc - 8
core   0: 3 0x8000b6c6 (0xbfe5)
core   0: 0x8000b6be (0x00005f17) auipc   t5, 0x5
core   0: 3 0x8000b6be (0x00005f17) x30 0x800106be
core   0: 0x8000b6c2 (0x943f2123) sw      gp, -1726(t5)
core   0: 3 0x8000b6c2 (0x943f2123) mem 0x80010000 0x00000001
core   0: 0x8000b6c6 (0x0000bfe5) c.j     pc - 8
core   0: 3 0x8000b6c6 (0xbfe5)
core   0: 0x8000b6be (0x00005f17) auipc   t5, 0x5
core   0: 3 0x8000b6be (0x00005f17) x30 0x800106be
core   0: 0x8000b6c2 (0x943f2123) sw      gp, -1726(t5)
core   0: 3 0x8000b6c2 (0x943f2123) mem 0x80010000 0x00000001
core   0: 0x8000b6c6 (0x0000bfe5) c.j     pc - 8
core   0: 3 0x8000b6c6 (0xbfe5)
core   0: 0x8000b6be (0x00005f17) auipc   t5, 0x5
core   0: 3 0x8000b6be (0x00005f17) x30 0x800106be
core   0: 0x8000b6c2 (0x943f2123) sw      gp, -1726(t5)
core   0: 3 0x8000b6c2 (0x943f2123) mem 0x80010000 0x00000001
core   0: 0x8000b6c6 (0x0000bfe5) c.j     pc - 8
core   0: 3 0x8000b6c6 (0xbfe5)
core   0: 0x8000b6be (0x00005f17) auipc   t5, 0x5
core   0: 3 0x8000b6be (0x00005f17) x30 0x800106be
core   0: 0x8000b6c2 (0x943f2123) sw      gp, -1726(t5)
core   0: 3 0x8000b6c2 (0x943f2123) mem 0x80010000 0x00000001
core   0: 0x8000b6c6 (0x0000bfe5) c.j     pc - 8
core   0: 3 0x8000b6c6 (0xbfe5)
core   0: 0x8000b6be (0x00005f17) auipc   t5, 0x5
core   0: 3 0x8000b6be (0x00005f17) x30 0x800106be
core   0: 0x8000b6c2 (0x943f2123) sw      gp, -1726(t5)
core   0: 3 0x8000b6c2 (0x943f2123) mem 0x80010000 0x00000001
core   0: 0x8000b6c6 (0x0000bfe5) c.j     pc - 8
core   0: 3 0x8000b6c6 (0xbfe5)
core   0: 0x8000b6be (0x00005f17) auipc   t5, 0x5
core   0: 3 0x8000b6be (0x00005f17) x30 0x800106be
core   0: 0x8000b6c2 (0x943f2123) sw      gp, -1726(t5)
core   0: 3 0x8000b6c2 (0x943f2123) mem 0x80010000 0x00000001
core   0: 0x8000b6c6 (0x0000bfe5) c.j     pc - 8
core   0: 3 0x8000b6c6 (0xbfe5)
core   0: 0x8000b6be (0x00005f17) auipc   t5, 0x5
core   0: 3 0x8000b6be (0x00005f17) x30 0x800106be
core   0: 0x8000b6c2 (0x943f2123) sw      gp, -1726(t5)
core   0: 3 0x8000b6c2 (0x943f2123) mem 0x80010000 0x00000001
core   0: 0x8000b6c6 (0x0000bfe5) c.j     pc - 8
core   0: 3 0x8000b6c6 (0xbfe5)
core   0: 0x8000b6be (0x00005f17) auipc   t5, 0x5
core   0: 3 0x8000b6be (0x00005f17) x30 0x800106be
core   0: 0x8000b6c2 (0x943f2123) sw      gp, -1726(t5)
core   0: 3 0x8000b6c2 (0x943f2123) mem 0x80010000 0x00000001
core   0: 0x8000b6c6 (0x0000bfe5) c.j     pc - 8
core   0: 3 0x8000b6c6 (0xbfe5)
core   0: 0x8000b6be (0x00005f17) auipc   t5, 0x5
core   0: 3 0x8000b6be (0x00005f17) x30 0x800106be
core   0: 0x8000b6c2 (0x943f2123) sw      gp, -1726(t5)
core   0: 3 0x8000b6c2 (0x943f2123) mem 0x80010000 0x00000001
core   0: 0x8000b6c6 (0x0000bfe5) c.j     pc - 8
core   0: 3 0x8000b6c6 (0xbfe5)
core   0: 0x8000b6be (0x00005f17) auipc   t5, 0x5
core   0: 3 0x8000b6be (0x00005f17) x30 0x800106be
core   0: 0x8000b6c2 (0x943f2123) sw      gp, -1726(t5)
core   0: 3 0x8000b6c2 (0x943f2123) mem 0x80010000 0x00000001
core   0: 0x8000b6c6 (0x0000bfe5) c.j     pc - 8
core   0: 3 0x8000b6c6 (0xbfe5)
core   0: 0x8000b6be (0x00005f17) auipc   t5, 0x5
core   0: 3 0x8000b6be (0x00005f17) x30 0x800106be
core   0: 0x8000b6c2 (0x943f2123) sw      gp, -1726(t5)
core   0: 3 0x8000b6c2 (0x943f2123) mem 0x80010000 0x00000001
core   0: 0x8000b6c6 (0x0000bfe5) c.j     pc - 8
core   0: 3 0x8000b6c6 (0xbfe5)
core   0: 0x8000b6be (0x00005f17) auipc   t5, 0x5
core   0: 3 0x8000b6be (0x00005f17) x30 0x800106be
core   0: 0x8000b6c2 (0x943f2123) sw      gp, -1726(t5)
core   0: 3 0x8000b6c2 (0x943f2123) mem 0x80010000 0x00000001
core   0: 0x8000b6c6 (0x0000bfe5) c.j     pc - 8
core   0: 3 0x8000b6c6 (0xbfe5)
core   0: 0x8000b6be (0x00005f17) auipc   t5, 0x5
core   0: 3 0x8000b6be (0x00005f17) x30 0x800106be
core   0: 0x8000b6c2 (0x943f2123) sw      gp, -1726(t5)
core   0: 3 0x8000b6c2 (0x943f2123) mem 0x80010000 0x00000001
core   0: 0x8000b6c6 (0x0000bfe5) c.j     pc - 8
core   0: 3 0x8000b6c6 (0xbfe5)
core   0: 0x8000b6be (0x00005f17) auipc   t5, 0x5
core   0: 3 0x8000b6be (0x00005f17) x30 0x800106be
core   0: 0x8000b6c2 (0x943f2123) sw      gp, -1726(t5)
core   0: 3 0x8000b6c2 (0x943f2123) mem 0x80010000 0x00000001
core   0: 0x8000b6c6 (0x0000bfe5) c.j     pc - 8
core   0: 3 0x8000b6c6 (0xbfe5)
core   0: 0x8000b6be (0x00005f17) auipc   t5, 0x5
core   0: 3 0x8000b6be (0x00005f17) x30 0x800106be
core   0: 0x8000b6c2 (0x943f2123) sw      gp, -1726(t5)
core   0: 3 0x8000b6c2 (0x943f2123) mem 0x80010000 0x00000001
core   0: 0x8000b6c6 (0x0000bfe5) c.j     pc - 8
core   0: 3 0x8000b6c6 (0xbfe5)
core   0: 0x8000b6be (0x00005f17) auipc   t5, 0x5
core   0: 3 0x8000b6be (0x00005f17) x30 0x800106be
core   0: 0x8000b6c2 (0x943f2123) sw      gp, -1726(t5)
core   0: 3 0x8000b6c2 (0x943f2123) mem 0x80010000 0x00000001
core   0: 0x8000b6c6 (0x0000bfe5) c.j     pc - 8
core   0: 3 0x8000b6c6 (0xbfe5)
core   0: 0x8000b6be (0x00005f17) auipc   t5, 0x5
core   0: 3 0x8000b6be (0x00005f17) x30 0x800106be
core   0: 0x8000b6c2 (0x943f2123) sw      gp, -1726(t5)
core   0: 3 0x8000b6c2 (0x943f2123) mem 0x80010000 0x00000001
core   0: 0x8000b6c6 (0x0000bfe5) c.j     pc - 8
core   0: 3 0x8000b6c6 (0xbfe5)
core   0: 0x8000b6be (0x00005f17) auipc   t5, 0x5
core   0: 3 0x8000b6be (0x00005f17) x30 0x800106be
core   0: 0x8000b6c2 (0x943f2123) sw      gp, -1726(t5)
core   0: 3 0x8000b6c2 (0x943f2123) mem 0x80010000 0x00000001
core   0: 0x8000b6c6 (0x0000bfe5) c.j     pc - 8
core   0: 3 0x8000b6c6 (0xbfe5)
core   0: 0x8000b6be (0x00005f17) auipc   t5, 0x5
core   0: 3 0x8000b6be (0x00005f17) x30 0x800106be
core   0: 0x8000b6c2 (0x943f2123) sw      gp, -1726(t5)
core   0: 3 0x8000b6c2 (0x943f2123) mem 0x80010000 0x00000001
core   0: 0x8000b6c6 (0x0000bfe5) c.j     pc - 8
core   0: 3 0x8000b6c6 (0xbfe5)
core   0: 0x8000b6be (0x00005f17) auipc   t5, 0x5
core   0: 3 0x8000b6be (0x00005f17) x30 0x800106be
core   0: 0x8000b6c2 (0x943f2123) sw      gp, -1726(t5)
core   0: 3 0x8000b6c2 (0x943f2123) mem 0x80010000 0x00000001
core   0: 0x8000b6c6 (0x0000bfe5) c.j     pc - 8
core   0: 3 0x8000b6c6 (0xbfe5)
core   0: 0x8000b6be (0x00005f17) auipc   t5, 0x5
core   0: 3 0x8000b6be (0x00005f17) x30 0x800106be
core   0: 0x8000b6c2 (0x943f2123) sw      gp, -1726(t5)
core   0: 3 0x8000b6c2 (0x943f2123) mem 0x80010000 0x00000001
core   0: 0x8000b6c6 (0x0000bfe5) c.j     pc - 8
core   0: 3 0x8000b6c6 (0xbfe5)
core   0: 0x8000b6be (0x00005f17) auipc   t5, 0x5
core   0: 3 0x8000b6be (0x00005f17) x30 0x800106be
core   0: 0x8000b6c2 (0x943f2123) sw      gp, -1726(t5)
core   0: 3 0x8000b6c2 (0x943f2123) mem 0x80010000 0x00000001
core   0: 0x8000b6c6 (0x0000bfe5) c.j     pc - 8
core   0: 3 0x8000b6c6 (0xbfe5)
core   0: 0x8000b6be (0x00005f17) auipc   t5, 0x5
core   0: 3 0x8000b6be (0x00005f17) x30 0x800106be
core   0: 0x8000b6c2 (0x943f2123) sw      gp, -1726(t5)
core   0: 3 0x8000b6c2 (0x943f2123) mem 0x80010000 0x00000001
core   0: 0x8000b6c6 (0x0000bfe5) c.j     pc - 8
core   0: 3 0x8000b6c6 (0xbfe5)
core   0: 0x8000b6be (0x00005f17) auipc   t5, 0x5
core   0: 3 0x8000b6be (0x00005f17) x30 0x800106be
core   0: 0x8000b6c2 (0x943f2123) sw      gp, -1726(t5)
core   0: 3 0x8000b6c2 (0x943f2123) mem 0x80010000 0x00000001
core   0: 0x8000b6c6 (0x0000bfe5) c.j     pc - 8
core   0: 3 0x8000b6c6 (0xbfe5)
core   0: 0x8000b6be (0x00005f17) auipc   t5, 0x5
core   0: 3 0x8000b6be (0x00005f17) x30 0x800106be
core   0: 0x8000b6c2 (0x943f2123) sw      gp, -1726(t5)
core   0: 3 0x8000b6c2 (0x943f2123) mem 0x80010000 0x00000001
core   0: 0x8000b6c6 (0x0000bfe5) c.j     pc - 8
core   0: 3 0x8000b6c6 (0xbfe5)
core   0: 0x8000b6be (0x00005f17) auipc   t5, 0x5
core   0: 3 0x8000b6be (0x00005f17) x30 0x800106be
core   0: 0x8000b6c2 (0x943f2123) sw      gp, -1726(t5)
core   0: 3 0x8000b6c2 (0x943f2123) mem 0x80010000 0x00000001
core   0: 0x8000b6c6 (0x0000bfe5) c.j     pc - 8
core   0: 3 0x8000b6c6 (0xbfe5)
core   0: 0x8000b6be (0x00005f17) auipc   t5, 0x5
core   0: 3 0x8000b6be (0x00005f17) x30 0x800106be
core   0: 0x8000b6c2 (0x943f2123) sw      gp, -1726(t5)
core   0: 3 0x8000b6c2 (0x943f2123) mem 0x80010000 0x00000001
core   0: 0x8000b6c6 (0x0000bfe5) c.j     pc - 8
core   0: 3 0x8000b6c6 (0xbfe5)
core   0: 0x8000b6be (0x00005f17) auipc   t5, 0x5
core   0: 3 0x8000b6be (0x00005f17) x30 0x800106be
core   0: 0x8000b6c2 (0x943f2123) sw      gp, -1726(t5)
core   0: 3 0x8000b6c2 (0x943f2123) mem 0x80010000 0x00000001
core   0: 0x8000b6c6 (0x0000bfe5) c.j     pc - 8
core   0: 3 0x8000b6c6 (0xbfe5)
core   0: 0x8000b6be (0x00005f17) auipc   t5, 0x5
core   0: 3 0x8000b6be (0x00005f17) x30 0x800106be
core   0: 0x8000b6c2 (0x943f2123) sw      gp, -1726(t5)
core   0: 3 0x8000b6c2 (0x943f2123) mem 0x80010000 0x00000001
core   0: 0x8000b6c6 (0x0000bfe5) c.j     pc - 8
core   0: 3 0x8000b6c6 (0xbfe5)
core   0: 0x8000b6be (0x00005f17) auipc   t5, 0x5
core   0: 3 0x8000b6be (0x00005f17) x30 0x800106be
core   0: 0x8000b6c2 (0x943f2123) sw      gp, -1726(t5)
core   0: 3 0x8000b6c2 (0x943f2123) mem 0x80010000 0x00000001
core   0: 0x8000b6c6 (0x0000bfe5) c.j     pc - 8
core   0: 3 0x8000b6c6 (0xbfe5)
core   0: 0x8000b6be (0x00005f17) auipc   t5, 0x5
core   0: 3 0x8000b6be (0x00005f17) x30 0x800106be
core   0: 0x8000b6c2 (0x943f2123) sw      gp, -1726(t5)
core   0: 3 0x8000b6c2 (0x943f2123) mem 0x80010000 0x00000001
core   0: 0x8000b6c6 (0x0000bfe5) c.j     pc - 8
core   0: 3 0x8000b6c6 (0xbfe5)
core   0: 0x8000b6be (0x00005f17) auipc   t5, 0x5
core   0: 3 0x8000b6be (0x00005f17) x30 0x800106be
core   0: 0x8000b6c2 (0x943f2123) sw      gp, -1726(t5)
core   0: 3 0x8000b6c2 (0x943f2123) mem 0x80010000 0x00000001
core   0: 0x8000b6c6 (0x0000bfe5) c.j     pc - 8
core   0: 3 0x8000b6c6 (0xbfe5)
core   0: 0x8000b6be (0x00005f17) auipc   t5, 0x5
core   0: 3 0x8000b6be (0x00005f17) x30 0x800106be
core   0: 0x8000b6c2 (0x943f2123) sw      gp, -1726(t5)
core   0: 3 0x8000b6c2 (0x943f2123) mem 0x80010000 0x00000001
core   0: 0x8000b6c6 (0x0000bfe5) c.j     pc - 8
core   0: 3 0x8000b6c6 (0xbfe5)
core   0: 0x8000b6be (0x00005f17) auipc   t5, 0x5
core   0: 3 0x8000b6be (0x00005f17) x30 0x800106be
core   0: 0x8000b6c2 (0x943f2123) sw      gp, -1726(t5)
core   0: 3 0x8000b6c2 (0x943f2123) mem 0x80010000 0x00000001
core   0: 0x8000b6c6 (0x0000bfe5) c.j     pc - 8
core   0: 3 0x8000b6c6 (0xbfe5)
core   0: 0x8000b6be (0x00005f17) auipc   t5, 0x5
core   0: 3 0x8000b6be (0x00005f17) x30 0x800106be
core   0: 0x8000b6c2 (0x943f2123) sw      gp, -1726(t5)
core   0: 3 0x8000b6c2 (0x943f2123) mem 0x80010000 0x00000001
core   0: 0x8000b6c6 (0x0000bfe5) c.j     pc - 8
core   0: 3 0x8000b6c6 (0xbfe5)
core   0: 0x8000b6be (0x00005f17) auipc   t5, 0x5
core   0: 3 0x8000b6be (0x00005f17) x30 0x800106be
core   0: 0x8000b6c2 (0x943f2123) sw      gp, -1726(t5)
core   0: 3 0x8000b6c2 (0x943f2123) mem 0x80010000 0x00000001
core   0: 0x8000b6c6 (0x0000bfe5) c.j     pc - 8
core   0: 3 0x8000b6c6 (0xbfe5)
core   0: 0x8000b6be (0x00005f17) auipc   t5, 0x5
core   0: 3 0x8000b6be (0x00005f17) x30 0x800106be
core   0: 0x8000b6c2 (0x943f2123) sw      gp, -1726(t5)
core   0: 3 0x8000b6c2 (0x943f2123) mem 0x80010000 0x00000001
core   0: 0x8000b6c6 (0x0000bfe5) c.j     pc - 8
core   0: 3 0x8000b6c6 (0xbfe5)
core   0: 0x8000b6be (0x00005f17) auipc   t5, 0x5
core   0: 3 0x8000b6be (0x00005f17) x30 0x800106be
core   0: 0x8000b6c2 (0x943f2123) sw      gp, -1726(t5)
core   0: 3 0x8000b6c2 (0x943f2123) mem 0x80010000 0x00000001
core   0: 0x8000b6c6 (0x0000bfe5) c.j     pc - 8
core   0: 3 0x8000b6c6 (0xbfe5)
core   0: 0x8000b6be (0x00005f17) auipc   t5, 0x5
core   0: 3 0x8000b6be (0x00005f17) x30 0x800106be
core   0: 0x8000b6c2 (0x943f2123) sw      gp, -1726(t5)
core   0: 3 0x8000b6c2 (0x943f2123) mem 0x80010000 0x00000001
core   0: 0x8000b6c6 (0x0000bfe5) c.j     pc - 8
core   0: 3 0x8000b6c6 (0xbfe5)
core   0: 0x8000b6be (0x00005f17) auipc   t5, 0x5
core   0: 3 0x8000b6be (0x00005f17) x30 0x800106be
core   0: 0x8000b6c2 (0x943f2123) sw      gp, -1726(t5)
core   0: 3 0x8000b6c2 (0x943f2123) mem 0x80010000 0x00000001
core   0: 0x8000b6c6 (0x0000bfe5) c.j     pc - 8
core   0: 3 0x8000b6c6 (0xbfe5)
core   0: 0x8000b6be (0x00005f17) auipc   t5, 0x5
core   0: 3 0x8000b6be (0x00005f17) x30 0x800106be
core   0: 0x8000b6c2 (0x943f2123) sw      gp, -1726(t5)
core   0: 3 0x8000b6c2 (0x943f2123) mem 0x80010000 0x00000001
core   0: 0x8000b6c6 (0x0000bfe5) c.j     pc - 8
core   0: 3 0x8000b6c6 (0xbfe5)
core   0: 0x8000b6be (0x00005f17) auipc   t5, 0x5
core   0: 3 0x8000b6be (0x00005f17) x30 0x800106be
core   0: 0x8000b6c2 (0x943f2123) sw      gp, -1726(t5)
core   0: 3 0x8000b6c2 (0x943f2123) mem 0x80010000 0x00000001
core   0: 0x8000b6c6 (0x0000bfe5) c.j     pc - 8
core   0: 3 0x8000b6c6 (0xbfe5)
core   0: 0x8000b6be (0x00005f17) auipc   t5, 0x5
core   0: 3 0x8000b6be (0x00005f17) x30 0x800106be
core   0: 0x8000b6c2 (0x943f2123) sw      gp, -1726(t5)
core   0: 3 0x8000b6c2 (0x943f2123) mem 0x80010000 0x00000001
core   0: 0x8000b6c6 (0x0000bfe5) c.j     pc - 8
core   0: 3 0x8000b6c6 (0xbfe5)
core   0: 0x8000b6be (0x00005f17) auipc   t5, 0x5
core   0: 3 0x8000b6be (0x00005f17) x30 0x800106be
core   0: 0x8000b6c2 (0x943f2123) sw      gp, -1726(t5)
core   0: 3 0x8000b6c2 (0x943f2123) mem 0x80010000 0x00000001
core   0: 0x8000b6c6 (0x0000bfe5) c.j     pc - 8
core   0: 3 0x8000b6c6 (0xbfe5)
core   0: 0x8000b6be (0x00005f17) auipc   t5, 0x5
core   0: 3 0x8000b6be (0x00005f17) x30 0x800106be
core   0: 0x8000b6c2 (0x943f2123) sw      gp, -1726(t5)
core   0: 3 0x8000b6c2 (0x943f2123) mem 0x80010000 0x00000001
core   0: 0x8000b6c6 (0x0000bfe5) c.j     pc - 8
core   0: 3 0x8000b6c6 (0xbfe5)
core   0: 0x8000b6be (0x00005f17) auipc   t5, 0x5
core   0: 3 0x8000b6be (0x00005f17) x30 0x800106be
core   0: 0x8000b6c2 (0x943f2123) sw      gp, -1726(t5)
core   0: 3 0x8000b6c2 (0x943f2123) mem 0x80010000 0x00000001
core   0: 0x8000b6c6 (0x0000bfe5) c.j     pc - 8
core   0: 3 0x8000b6c6 (0xbfe5)
core   0: 0x8000b6be (0x00005f17) auipc   t5, 0x5
core   0: 3 0x8000b6be (0x00005f17) x30 0x800106be
core   0: 0x8000b6c2 (0x943f2123) sw      gp, -1726(t5)
core   0: 3 0x8000b6c2 (0x943f2123) mem 0x80010000 0x00000001
core   0: 0x8000b6c6 (0x0000bfe5) c.j     pc - 8
core   0: 3 0x8000b6c6 (0xbfe5)
core   0: 0x8000b6be (0x00005f17) auipc   t5, 0x5
core   0: 3 0x8000b6be (0x00005f17) x30 0x800106be
core   0: 0x8000b6c2 (0x943f2123) sw      gp, -1726(t5)
core   0: 3 0x8000b6c2 (0x943f2123) mem 0x80010000 0x00000001
core   0: 0x8000b6c6 (0x0000bfe5) c.j     pc - 8
core   0: 3 0x8000b6c6 (0xbfe5)
core   0: 0x8000b6be (0x00005f17) auipc   t5, 0x5
core   0: 3 0x8000b6be (0x00005f17) x30 0x800106be
core   0: 0x8000b6c2 (0x943f2123) sw      gp, -1726(t5)
core   0: 3 0x8000b6c2 (0x943f2123) mem 0x80010000 0x00000001
core   0: 0x8000b6c6 (0x0000bfe5) c.j     pc - 8
core   0: 3 0x8000b6c6 (0xbfe5)
core   0: 0x8000b6be (0x00005f17) auipc   t5, 0x5
core   0: 3 0x8000b6be (0x00005f17) x30 0x800106be
core   0: 0x8000b6c2 (0x943f2123) sw      gp, -1726(t5)
core   0: 3 0x8000b6c2 (0x943f2123) mem 0x80010000 0x00000001
core   0: 0x8000b6c6 (0x0000bfe5) c.j     pc - 8
core   0: 3 0x8000b6c6 (0xbfe5)
core   0: 0x8000b6be (0x00005f17) auipc   t5, 0x5
core   0: 3 0x8000b6be (0x00005f17) x30 0x800106be
core   0: 0x8000b6c2 (0x943f2123) sw      gp, -1726(t5)
core   0: 3 0x8000b6c2 (0x943f2123) mem 0x80010000 0x00000001
core   0: 0x8000b6c6 (0x0000bfe5) c.j     pc - 8
core   0: 3 0x8000b6c6 (0xbfe5)
core   0: 0x8000b6be (0x00005f17) auipc   t5, 0x5
core   0: 3 0x8000b6be (0x00005f17) x30 0x800106be
core   0: 0x8000b6c2 (0x943f2123) sw      gp, -1726(t5)
core   0: 3 0x8000b6c2 (0x943f2123) mem 0x80010000 0x00000001
core   0: 0x8000b6c6 (0x0000bfe5) c.j     pc - 8
core   0: 3 0x8000b6c6 (0xbfe5)
core   0: 0x8000b6be (0x00005f17) auipc   t5, 0x5
core   0: 3 0x8000b6be (0x00005f17) x30 0x800106be
core   0: 0x8000b6c2 (0x943f2123) sw      gp, -1726(t5)
core   0: 3 0x8000b6c2 (0x943f2123) mem 0x80010000 0x00000001
core   0: 0x8000b6c6 (0x0000bfe5) c.j     pc - 8
core   0: 3 0x8000b6c6 (0xbfe5)
core   0: 0x8000b6be (0x00005f17) auipc   t5, 0x5
core   0: 3 0x8000b6be (0x00005f17) x30 0x800106be
core   0: 0x8000b6c2 (0x943f2123) sw      gp, -1726(t5)
core   0: 3 0x8000b6c2 (0x943f2123) mem 0x80010000 0x00000001
core   0: 0x8000b6c6 (0x0000bfe5) c.j     pc - 8
core   0: 3 0x8000b6c6 (0xbfe5)
core   0: 0x8000b6be (0x00005f17) auipc   t5, 0x5
core   0: 3 0x8000b6be (0x00005f17) x30 0x800106be
core   0: 0x8000b6c2 (0x943f2123) sw      gp, -1726(t5)
core   0: 3 0x8000b6c2 (0x943f2123) mem 0x80010000 0x00000001
core   0: 0x8000b6c6 (0x0000bfe5) c.j     pc - 8
core   0: 3 0x8000b6c6 (0xbfe5)
core   0: 0x8000b6be (0x00005f17) auipc   t5, 0x5
core   0: 3 0x8000b6be (0x00005f17) x30 0x800106be
core   0: 0x8000b6c2 (0x943f2123) sw      gp, -1726(t5)
core   0: 3 0x8000b6c2 (0x943f2123) mem 0x80010000 0x00000001
core   0: 0x8000b6c6 (0x0000bfe5) c.j     pc - 8
core   0: 3 0x8000b6c6 (0xbfe5)
core   0: 0x8000b6be (0x00005f17) auipc   t5, 0x5
core   0: 3 0x8000b6be (0x00005f17) x30 0x800106be
core   0: 0x8000b6c2 (0x943f2123) sw      gp, -1726(t5)
core   0: 3 0x8000b6c2 (0x943f2123) mem 0x80010000 0x00000001
core   0: 0x8000b6c6 (0x0000bfe5) c.j     pc - 8
core   0: 3 0x8000b6c6 (0xbfe5)
core   0: 0x8000b6be (0x00005f17) auipc   t5, 0x5
core   0: 3 0x8000b6be (0x00005f17) x30 0x800106be
core   0: 0x8000b6c2 (0x943f2123) sw      gp, -1726(t5)
core   0: 3 0x8000b6c2 (0x943f2123) mem 0x80010000 0x00000001
core   0: 0x8000b6c6 (0x0000bfe5) c.j     pc - 8
core   0: 3 0x8000b6c6 (0xbfe5)
core   0: 0x8000b6be (0x00005f17) auipc   t5, 0x5
core   0: 3 0x8000b6be (0x00005f17) x30 0x800106be
core   0: 0x8000b6c2 (0x943f2123) sw      gp, -1726(t5)
core   0: 3 0x8000b6c2 (0x943f2123) mem 0x80010000 0x00000001
core   0: 0x8000b6c6 (0x0000bfe5) c.j     pc - 8
core   0: 3 0x8000b6c6 (0xbfe5)
core   0: 0x8000b6be (0x00005f17) auipc   t5, 0x5
core   0: 3 0x8000b6be (0x00005f17) x30 0x800106be
core   0: 0x8000b6c2 (0x943f2123) sw      gp, -1726(t5)
core   0: 3 0x8000b6c2 (0x943f2123) mem 0x80010000 0x00000001
core   0: 0x8000b6c6 (0x0000bfe5) c.j     pc - 8
core   0: 3 0x8000b6c6 (0xbfe5)
core   0: 0x8000b6be (0x00005f17) auipc   t5, 0x5
core   0: 3 0x8000b6be (0x00005f17) x30 0x800106be
core   0: 0x8000b6c2 (0x943f2123) sw      gp, -1726(t5)
core   0: 3 0x8000b6c2 (0x943f2123) mem 0x80010000 0x00000001
core   0: 0x8000b6c6 (0x0000bfe5) c.j     pc - 8
core   0: 3 0x8000b6c6 (0xbfe5)
core   0: 0x8000b6be (0x00005f17) auipc   t5, 0x5
core   0: 3 0x8000b6be (0x00005f17) x30 0x800106be
core   0: 0x8000b6c2 (0x943f2123) sw      gp, -1726(t5)
core   0: 3 0x8000b6c2 (0x943f2123) mem 0x80010000 0x00000001
core   0: 0x8000b6c6 (0x0000bfe5) c.j     pc - 8
core   0: 3 0x8000b6c6 (0xbfe5)
core   0: 0x8000b6be (0x00005f17) auipc   t5, 0x5
core   0: 3 0x8000b6be (0x00005f17) x30 0x800106be
core   0: 0x8000b6c2 (0x943f2123) sw      gp, -1726(t5)
core   0: 3 0x8000b6c2 (0x943f2123) mem 0x80010000 0x00000001
core   0: 0x8000b6c6 (0x0000bfe5) c.j     pc - 8
core   0: 3 0x8000b6c6 (0xbfe5)
core   0: 0x8000b6be (0x00005f17) auipc   t5, 0x5
core   0: 3 0x8000b6be (0x00005f17) x30 0x800106be
core   0: 0x8000b6c2 (0x943f2123) sw      gp, -1726(t5)
core   0: 3 0x8000b6c2 (0x943f2123) mem 0x80010000 0x00000001
core   0: 0x8000b6c6 (0x0000bfe5) c.j     pc - 8
core   0: 3 0x8000b6c6 (0xbfe5)
core   0: 0x8000b6be (0x00005f17) auipc   t5, 0x5
core   0: 3 0x8000b6be (0x00005f17) x30 0x800106be
core   0: 0x8000b6c2 (0x943f2123) sw      gp, -1726(t5)
core   0: 3 0x8000b6c2 (0x943f2123) mem 0x80010000 0x00000001
core   0: 0x8000b6c6 (0x0000bfe5) c.j     pc - 8
core   0: 3 0x8000b6c6 (0xbfe5)
core   0: 0x8000b6be (0x00005f17) auipc   t5, 0x5
core   0: 3 0x8000b6be (0x00005f17) x30 0x800106be
core   0: 0x8000b6c2 (0x943f2123) sw      gp, -1726(t5)
core   0: 3 0x8000b6c2 (0x943f2123) mem 0x80010000 0x00000001
core   0: 0x8000b6c6 (0x0000bfe5) c.j     pc - 8
core   0: 3 0x8000b6c6 (0xbfe5)
core   0: 0x8000b6be (0x00005f17) auipc   t5, 0x5
core   0: 3 0x8000b6be (0x00005f17) x30 0x800106be
core   0: 0x8000b6c2 (0x943f2123) sw      gp, -1726(t5)
core   0: 3 0x8000b6c2 (0x943f2123) mem 0x80010000 0x00000001
core   0: 0x8000b6c6 (0x0000bfe5) c.j     pc - 8
core   0: 3 0x8000b6c6 (0xbfe5)
core   0: 0x8000b6be (0x00005f17) auipc   t5, 0x5
core   0: 3 0x8000b6be (0x00005f17) x30 0x800106be
core   0: 0x8000b6c2 (0x943f2123) sw      gp, -1726(t5)
core   0: 3 0x8000b6c2 (0x943f2123) mem 0x80010000 0x00000001
core   0: 0x8000b6c6 (0x0000bfe5) c.j     pc - 8
core   0: 3 0x8000b6c6 (0xbfe5)
core   0: 0x8000b6be (0x00005f17) auipc   t5, 0x5
core   0: 3 0x8000b6be (0x00005f17) x30 0x800106be
core   0: 0x8000b6c2 (0x943f2123) sw      gp, -1726(t5)
core   0: 3 0x8000b6c2 (0x943f2123) mem 0x80010000 0x00000001
core   0: 0x8000b6c6 (0x0000bfe5) c.j     pc - 8
core   0: 3 0x8000b6c6 (0xbfe5)
core   0: 0x8000b6be (0x00005f17) auipc   t5, 0x5
core   0: 3 0x8000b6be (0x00005f17) x30 0x800106be
core   0: 0x8000b6c2 (0x943f2123) sw      gp, -1726(t5)
core   0: 3 0x8000b6c2 (0x943f2123) mem 0x80010000 0x00000001
core   0: 0x8000b6c6 (0x0000bfe5) c.j     pc - 8
core   0: 3 0x8000b6c6 (0xbfe5)
core   0: 0x8000b6be (0x00005f17) auipc   t5, 0x5
core   0: 3 0x8000b6be (0x00005f17) x30 0x800106be
core   0: 0x8000b6c2 (0x943f2123) sw      gp, -1726(t5)
core   0: 3 0x8000b6c2 (0x943f2123) mem 0x80010000 0x00000001
core   0: 0x8000b6c6 (0x0000bfe5) c.j     pc - 8
core   0: 3 0x8000b6c6 (0xbfe5)
core   0: 0x8000b6be (0x00005f17) auipc   t5, 0x5
core   0: 3 0x8000b6be (0x00005f17) x30 0x800106be
core   0: 0x8000b6c2 (0x943f2123) sw      gp, -1726(t5)
core   0: 3 0x8000b6c2 (0x943f2123) mem 0x80010000 0x00000001
core   0: 0x8000b6c6 (0x0000bfe5) c.j     pc - 8
core   0: 3 0x8000b6c6 (0xbfe5)
core   0: 0x8000b6be (0x00005f17) auipc   t5, 0x5
core   0: 3 0x8000b6be (0x00005f17) x30 0x800106be
core   0: 0x8000b6c2 (0x943f2123) sw      gp, -1726(t5)
core   0: 3 0x8000b6c2 (0x943f2123) mem 0x80010000 0x00000001
core   0: 0x8000b6c6 (0x0000bfe5) c.j     pc - 8
core   0: 3 0x8000b6c6 (0xbfe5)
core   0: 0x8000b6be (0x00005f17) auipc   t5, 0x5
core   0: 3 0x8000b6be (0x00005f17) x30 0x800106be
core   0: 0x8000b6c2 (0x943f2123) sw      gp, -1726(t5)
core   0: 3 0x8000b6c2 (0x943f2123) mem 0x80010000 0x00000001
core   0: 0x8000b6c6 (0x0000bfe5) c.j     pc - 8
core   0: 3 0x8000b6c6 (0xbfe5)
core   0: 0x8000b6be (0x00005f17) auipc   t5, 0x5
core   0: 3 0x8000b6be (0x00005f17) x30 0x800106be
core   0: 0x8000b6c2 (0x943f2123) sw      gp, -1726(t5)
core   0: 3 0x8000b6c2 (0x943f2123) mem 0x80010000 0x00000001
core   0: 0x8000b6c6 (0x0000bfe5) c.j     pc - 8
core   0: 3 0x8000b6c6 (0xbfe5)
core   0: 0x8000b6be (0x00005f17) auipc   t5, 0x5
core   0: 3 0x8000b6be (0x00005f17) x30 0x800106be
core   0: 0x8000b6c2 (0x943f2123) sw      gp, -1726(t5)
core   0: 3 0x8000b6c2 (0x943f2123) mem 0x80010000 0x00000001
core   0: 0x8000b6c6 (0x0000bfe5) c.j     pc - 8
core   0: 3 0x8000b6c6 (0xbfe5)
core   0: 0x8000b6be (0x00005f17) auipc   t5, 0x5
core   0: 3 0x8000b6be (0x00005f17) x30 0x800106be
core   0: 0x8000b6c2 (0x943f2123) sw      gp, -1726(t5)
core   0: 3 0x8000b6c2 (0x943f2123) mem 0x80010000 0x00000001
core   0: 0x8000b6c6 (0x0000bfe5) c.j     pc - 8
core   0: 3 0x8000b6c6 (0xbfe5)
core   0: 0x8000b6be (0x00005f17) auipc   t5, 0x5
core   0: 3 0x8000b6be (0x00005f17) x30 0x800106be
core   0: 0x8000b6c2 (0x943f2123) sw      gp, -1726(t5)
core   0: 3 0x8000b6c2 (0x943f2123) mem 0x80010000 0x00000001
core   0: 0x8000b6c6 (0x0000bfe5) c.j     pc - 8
core   0: 3 0x8000b6c6 (0xbfe5)
core   0: 0x8000b6be (0x00005f17) auipc   t5, 0x5
core   0: 3 0x8000b6be (0x00005f17) x30 0x800106be
core   0: 0x8000b6c2 (0x943f2123) sw      gp, -1726(t5)
core   0: 3 0x8000b6c2 (0x943f2123) mem 0x80010000 0x00000001
core   0: 0x8000b6c6 (0x0000bfe5) c.j     pc - 8
core   0: 3 0x8000b6c6 (0xbfe5)
core   0: 0x8000b6be (0x00005f17) auipc   t5, 0x5
core   0: 3 0x8000b6be (0x00005f17) x30 0x800106be
core   0: 0x8000b6c2 (0x943f2123) sw      gp, -1726(t5)
core   0: 3 0x8000b6c2 (0x943f2123) mem 0x80010000 0x00000001
core   0: 0x8000b6c6 (0x0000bfe5) c.j     pc - 8
core   0: 3 0x8000b6c6 (0xbfe5)
core   0: 0x8000b6be (0x00005f17) auipc   t5, 0x5
core   0: 3 0x8000b6be (0x00005f17) x30 0x800106be
core   0: 0x8000b6c2 (0x943f2123) sw      gp, -1726(t5)
core   0: 3 0x8000b6c2 (0x943f2123) mem 0x80010000 0x00000001
core   0: 0x8000b6c6 (0x0000bfe5) c.j     pc - 8
core   0: 3 0x8000b6c6 (0xbfe5)
core   0: 0x8000b6be (0x00005f17) auipc   t5, 0x5
core   0: 3 0x8000b6be (0x00005f17) x30 0x800106be
core   0: 0x8000b6c2 (0x943f2123) sw      gp, -1726(t5)
core   0: 3 0x8000b6c2 (0x943f2123) mem 0x80010000 0x00000001
core   0: 0x8000b6c6 (0x0000bfe5) c.j     pc - 8
core   0: 3 0x8000b6c6 (0xbfe5)
core   0: 0x8000b6be (0x00005f17) auipc   t5, 0x5
core   0: 3 0x8000b6be (0x00005f17) x30 0x800106be
core   0: 0x8000b6c2 (0x943f2123) sw      gp, -1726(t5)
core   0: 3 0x8000b6c2 (0x943f2123) mem 0x80010000 0x00000001
core   0: 0x8000b6c6 (0x0000bfe5) c.j     pc - 8
core   0: 3 0x8000b6c6 (0xbfe5)
core   0: 0x8000b6be (0x00005f17) auipc   t5, 0x5
core   0: 3 0x8000b6be (0x00005f17) x30 0x800106be
core   0: 0x8000b6c2 (0x943f2123) sw      gp, -1726(t5)
core   0: 3 0x8000b6c2 (0x943f2123) mem 0x80010000 0x00000001
core   0: 0x8000b6c6 (0x0000bfe5) c.j     pc - 8
core   0: 3 0x8000b6c6 (0xbfe5)
core   0: 0x8000b6be (0x00005f17) auipc   t5, 0x5
core   0: 3 0x8000b6be (0x00005f17) x30 0x800106be
core   0: 0x8000b6c2 (0x943f2123) sw      gp, -1726(t5)
core   0: 3 0x8000b6c2 (0x943f2123) mem 0x80010000 0x00000001
core   0: 0x8000b6c6 (0x0000bfe5) c.j     pc - 8
core   0: 3 0x8000b6c6 (0xbfe5)
core   0: 0x8000b6be (0x00005f17) auipc   t5, 0x5
core   0: 3 0x8000b6be (0x00005f17) x30 0x800106be
core   0: 0x8000b6c2 (0x943f2123) sw      gp, -1726(t5)
core   0: 3 0x8000b6c2 (0x943f2123) mem 0x80010000 0x00000001
core   0: 0x8000b6c6 (0x0000bfe5) c.j     pc - 8
core   0: 3 0x8000b6c6 (0xbfe5)
core   0: 0x8000b6be (0x00005f17) auipc   t5, 0x5
core   0: 3 0x8000b6be (0x00005f17) x30 0x800106be
core   0: 0x8000b6c2 (0x943f2123) sw      gp, -1726(t5)
core   0: 3 0x8000b6c2 (0x943f2123) mem 0x80010000 0x00000001
core   0: 0x8000b6c6 (0x0000bfe5) c.j     pc - 8
core   0: 3 0x8000b6c6 (0xbfe5)
core   0: 0x8000b6be (0x00005f17) auipc   t5, 0x5
core   0: 3 0x8000b6be (0x00005f17) x30 0x800106be
core   0: 0x8000b6c2 (0x943f2123) sw      gp, -1726(t5)
core   0: 3 0x8000b6c2 (0x943f2123) mem 0x80010000 0x00000001
core   0: 0x8000b6c6 (0x0000bfe5) c.j     pc - 8
core   0: 3 0x8000b6c6 (0xbfe5)
core   0: 0x8000b6be (0x00005f17) auipc   t5, 0x5
core   0: 3 0x8000b6be (0x00005f17) x30 0x800106be
core   0: 0x8000b6c2 (0x943f2123) sw      gp, -1726(t5)
core   0: 3 0x8000b6c2 (0x943f2123) mem 0x80010000 0x00000001
core   0: 0x8000b6c6 (0x0000bfe5) c.j     pc - 8
core   0: 3 0x8000b6c6 (0xbfe5)
core   0: 0x8000b6be (0x00005f17) auipc   t5, 0x5
core   0: 3 0x8000b6be (0x00005f17) x30 0x800106be
core   0: 0x8000b6c2 (0x943f2123) sw      gp, -1726(t5)
core   0: 3 0x8000b6c2 (0x943f2123) mem 0x80010000 0x00000001
core   0: 0x8000b6c6 (0x0000bfe5) c.j     pc - 8
core   0: 3 0x8000b6c6 (0xbfe5)
core   0: 0x8000b6be (0x00005f17) auipc   t5, 0x5
core   0: 3 0x8000b6be (0x00005f17) x30 0x800106be
core   0: 0x8000b6c2 (0x943f2123) sw      gp, -1726(t5)
core   0: 3 0x8000b6c2 (0x943f2123) mem 0x80010000 0x00000001
core   0: 0x8000b6c6 (0x0000bfe5) c.j     pc - 8
core   0: 3 0x8000b6c6 (0xbfe5)
core   0: 0x8000b6be (0x00005f17) auipc   t5, 0x5
core   0: 3 0x8000b6be (0x00005f17) x30 0x800106be
core   0: 0x8000b6c2 (0x943f2123) sw      gp, -1726(t5)
core   0: 3 0x8000b6c2 (0x943f2123) mem 0x80010000 0x00000001
core   0: 0x8000b6c6 (0x0000bfe5) c.j     pc - 8
core   0: 3 0x8000b6c6 (0xbfe5)
core   0: 0x8000b6be (0x00005f17) auipc   t5, 0x5
core   0: 3 0x8000b6be (0x00005f17) x30 0x800106be
core   0: 0x8000b6c2 (0x943f2123) sw      gp, -1726(t5)
core   0: 3 0x8000b6c2 (0x943f2123) mem 0x80010000 0x00000001
core   0: 0x8000b6c6 (0x0000bfe5) c.j     pc - 8
core   0: 3 0x8000b6c6 (0xbfe5)
core   0: 0x8000b6be (0x00005f17) auipc   t5, 0x5
core   0: 3 0x8000b6be (0x00005f17) x30 0x800106be
core   0: 0x8000b6c2 (0x943f2123) sw      gp, -1726(t5)
core   0: 3 0x8000b6c2 (0x943f2123) mem 0x80010000 0x00000001
core   0: 0x8000b6c6 (0x0000bfe5) c.j     pc - 8
core   0: 3 0x8000b6c6 (0xbfe5)
core   0: 0x8000b6be (0x00005f17) auipc   t5, 0x5
core   0: 3 0x8000b6be (0x00005f17) x30 0x800106be
core   0: 0x8000b6c2 (0x943f2123) sw      gp, -1726(t5)
core   0: 3 0x8000b6c2 (0x943f2123) mem 0x80010000 0x00000001
core   0: 0x8000b6c6 (0x0000bfe5) c.j     pc - 8
core   0: 3 0x8000b6c6 (0xbfe5)
core   0: 0x8000b6be (0x00005f17) auipc   t5, 0x5
core   0: 3 0x8000b6be (0x00005f17) x30 0x800106be
core   0: 0x8000b6c2 (0x943f2123) sw      gp, -1726(t5)
core   0: 3 0x8000b6c2 (0x943f2123) mem 0x80010000 0x00000001
core   0: 0x8000b6c6 (0x0000bfe5) c.j     pc - 8
core   0: 3 0x8000b6c6 (0xbfe5)
core   0: 0x8000b6be (0x00005f17) auipc   t5, 0x5
core   0: 3 0x8000b6be (0x00005f17) x30 0x800106be
core   0: 0x8000b6c2 (0x943f2123) sw      gp, -1726(t5)
core   0: 3 0x8000b6c2 (0x943f2123) mem 0x80010000 0x00000001
core   0: 0x8000b6c6 (0x0000bfe5) c.j     pc - 8
core   0: 3 0x8000b6c6 (0xbfe5)
core   0: 0x8000b6be (0x00005f17) auipc   t5, 0x5
core   0: 3 0x8000b6be (0x00005f17) x30 0x800106be
core   0: 0x8000b6c2 (0x943f2123) sw      gp, -1726(t5)
core   0: 3 0x8000b6c2 (0x943f2123) mem 0x80010000 0x00000001
core   0: 0x8000b6c6 (0x0000bfe5) c.j     pc - 8
core   0: 3 0x8000b6c6 (0xbfe5)
core   0: 0x8000b6be (0x00005f17) auipc   t5, 0x5
core   0: 3 0x8000b6be (0x00005f17) x30 0x800106be
core   0: 0x8000b6c2 (0x943f2123) sw      gp, -1726(t5)
core   0: 3 0x8000b6c2 (0x943f2123) mem 0x80010000 0x00000001
core   0: 0x8000b6c6 (0x0000bfe5) c.j     pc - 8
core   0: 3 0x8000b6c6 (0xbfe5)
core   0: 0x8000b6be (0x00005f17) auipc   t5, 0x5
core   0: 3 0x8000b6be (0x00005f17) x30 0x800106be
core   0: 0x8000b6c2 (0x943f2123) sw      gp, -1726(t5)
core   0: 3 0x8000b6c2 (0x943f2123) mem 0x80010000 0x00000001
core   0: 0x8000b6c6 (0x0000bfe5) c.j     pc - 8
core   0: 3 0x8000b6c6 (0xbfe5)
core   0: 0x8000b6be (0x00005f17) auipc   t5, 0x5
core   0: 3 0x8000b6be (0x00005f17) x30 0x800106be
core   0: 0x8000b6c2 (0x943f2123) sw      gp, -1726(t5)
core   0: 3 0x8000b6c2 (0x943f2123) mem 0x80010000 0x00000001
core   0: 0x8000b6c6 (0x0000bfe5) c.j     pc - 8
core   0: 3 0x8000b6c6 (0xbfe5)
core   0: 0x8000b6be (0x00005f17) auipc   t5, 0x5
core   0: 3 0x8000b6be (0x00005f17) x30 0x800106be
core   0: 0x8000b6c2 (0x943f2123) sw      gp, -1726(t5)
core   0: 3 0x8000b6c2 (0x943f2123) mem 0x80010000 0x00000001
core   0: 0x8000b6c6 (0x0000bfe5) c.j     pc - 8
core   0: 3 0x8000b6c6 (0xbfe5)
core   0: 0x8000b6be (0x00005f17) auipc   t5, 0x5
core   0: 3 0x8000b6be (0x00005f17) x30 0x800106be
core   0: 0x8000b6c2 (0x943f2123) sw      gp, -1726(t5)
core   0: 3 0x8000b6c2 (0x943f2123) mem 0x80010000 0x00000001
core   0: 0x8000b6c6 (0x0000bfe5) c.j     pc - 8
core   0: 3 0x8000b6c6 (0xbfe5)
core   0: 0x8000b6be (0x00005f17) auipc   t5, 0x5
core   0: 3 0x8000b6be (0x00005f17) x30 0x800106be
core   0: 0x8000b6c2 (0x943f2123) sw      gp, -1726(t5)
core   0: 3 0x8000b6c2 (0x943f2123) mem 0x80010000 0x00000001
core   0: 0x8000b6c6 (0x0000bfe5) c.j     pc - 8
core   0: 3 0x8000b6c6 (0xbfe5)
core   0: 0x8000b6be (0x00005f17) auipc   t5, 0x5
core   0: 3 0x8000b6be (0x00005f17) x30 0x800106be
core   0: 0x8000b6c2 (0x943f2123) sw      gp, -1726(t5)
core   0: 3 0x8000b6c2 (0x943f2123) mem 0x80010000 0x00000001
core   0: 0x8000b6c6 (0x0000bfe5) c.j     pc - 8
core   0: 3 0x8000b6c6 (0xbfe5)
core   0: 0x8000b6be (0x00005f17) auipc   t5, 0x5
core   0: 3 0x8000b6be (0x00005f17) x30 0x800106be
core   0: 0x8000b6c2 (0x943f2123) sw      gp, -1726(t5)
core   0: 3 0x8000b6c2 (0x943f2123) mem 0x80010000 0x00000001
core   0: 0x8000b6c6 (0x0000bfe5) c.j     pc - 8
core   0: 3 0x8000b6c6 (0xbfe5)
core   0: 0x8000b6be (0x00005f17) auipc   t5, 0x5
core   0: 3 0x8000b6be (0x00005f17) x30 0x800106be
core   0: 0x8000b6c2 (0x943f2123) sw      gp, -1726(t5)
core   0: 3 0x8000b6c2 (0x943f2123) mem 0x80010000 0x00000001
core   0: 0x8000b6c6 (0x0000bfe5) c.j     pc - 8
core   0: 3 0x8000b6c6 (0xbfe5)
core   0: 0x8000b6be (0x00005f17) auipc   t5, 0x5
core   0: 3 0x8000b6be (0x00005f17) x30 0x800106be
core   0: 0x8000b6c2 (0x943f2123) sw      gp, -1726(t5)
core   0: 3 0x8000b6c2 (0x943f2123) mem 0x80010000 0x00000001
core   0: 0x8000b6c6 (0x0000bfe5) c.j     pc - 8
core   0: 3 0x8000b6c6 (0xbfe5)
core   0: 0x8000b6be (0x00005f17) auipc   t5, 0x5
core   0: 3 0x8000b6be (0x00005f17) x30 0x800106be
core   0: 0x8000b6c2 (0x943f2123) sw      gp, -1726(t5)
core   0: 3 0x8000b6c2 (0x943f2123) mem 0x80010000 0x00000001
core   0: 0x8000b6c6 (0x0000bfe5) c.j     pc - 8
core   0: 3 0x8000b6c6 (0xbfe5)
core   0: 0x8000b6be (0x00005f17) auipc   t5, 0x5
core   0: 3 0x8000b6be (0x00005f17) x30 0x800106be
core   0: 0x8000b6c2 (0x943f2123) sw      gp, -1726(t5)
core   0: 3 0x8000b6c2 (0x943f2123) mem 0x80010000 0x00000001
core   0: 0x8000b6c6 (0x0000bfe5) c.j     pc - 8
core   0: 3 0x8000b6c6 (0xbfe5)
core   0: 0x8000b6be (0x00005f17) auipc   t5, 0x5
core   0: 3 0x8000b6be (0x00005f17) x30 0x800106be
core   0: 0x8000b6c2 (0x943f2123) sw      gp, -1726(t5)
core   0: 3 0x8000b6c2 (0x943f2123) mem 0x80010000 0x00000001
core   0: 0x8000b6c6 (0x0000bfe5) c.j     pc - 8
core   0: 3 0x8000b6c6 (0xbfe5)
core   0: 0x8000b6be (0x00005f17) auipc   t5, 0x5
core   0: 3 0x8000b6be (0x00005f17) x30 0x800106be
core   0: 0x8000b6c2 (0x943f2123) sw      gp, -1726(t5)
core   0: 3 0x8000b6c2 (0x943f2123) mem 0x80010000 0x00000001
core   0: 0x8000b6c6 (0x0000bfe5) c.j     pc - 8
core   0: 3 0x8000b6c6 (0xbfe5)
core   0: 0x8000b6be (0x00005f17) auipc   t5, 0x5
core   0: 3 0x8000b6be (0x00005f17) x30 0x800106be
core   0: 0x8000b6c2 (0x943f2123) sw      gp, -1726(t5)
core   0: 3 0x8000b6c2 (0x943f2123) mem 0x80010000 0x00000001
core   0: 0x8000b6c6 (0x0000bfe5) c.j     pc - 8
core   0: 3 0x8000b6c6 (0xbfe5)
core   0: 0x8000b6be (0x00005f17) auipc   t5, 0x5
core   0: 3 0x8000b6be (0x00005f17) x30 0x800106be
core   0: 0x8000b6c2 (0x943f2123) sw      gp, -1726(t5)
core   0: 3 0x8000b6c2 (0x943f2123) mem 0x80010000 0x00000001
core   0: 0x8000b6c6 (0x0000bfe5) c.j     pc - 8
core   0: 3 0x8000b6c6 (0xbfe5)
core   0: 0x8000b6be (0x00005f17) auipc   t5, 0x5
core   0: 3 0x8000b6be (0x00005f17) x30 0x800106be
core   0: 0x8000b6c2 (0x943f2123) sw      gp, -1726(t5)
core   0: 3 0x8000b6c2 (0x943f2123) mem 0x80010000 0x00000001
core   0: 0x8000b6c6 (0x0000bfe5) c.j     pc - 8
core   0: 3 0x8000b6c6 (0xbfe5)
core   0: 0x8000b6be (0x00005f17) auipc   t5, 0x5
core   0: 3 0x8000b6be (0x00005f17) x30 0x800106be
core   0: 0x8000b6c2 (0x943f2123) sw      gp, -1726(t5)
core   0: 3 0x8000b6c2 (0x943f2123) mem 0x80010000 0x00000001
core   0: 0x8000b6c6 (0x0000bfe5) c.j     pc - 8
core   0: 3 0x8000b6c6 (0xbfe5)
core   0: 0x8000b6be (0x00005f17) auipc   t5, 0x5
core   0: 3 0x8000b6be (0x00005f17) x30 0x800106be
core   0: 0x8000b6c2 (0x943f2123) sw      gp, -1726(t5)
core   0: 3 0x8000b6c2 (0x943f2123) mem 0x80010000 0x00000001
core   0: 0x8000b6c6 (0x0000bfe5) c.j     pc - 8
core   0: 3 0x8000b6c6 (0xbfe5)
core   0: 0x8000b6be (0x00005f17) auipc   t5, 0x5
core   0: 3 0x8000b6be (0x00005f17) x30 0x800106be
core   0: 0x8000b6c2 (0x943f2123) sw      gp, -1726(t5)
core   0: 3 0x8000b6c2 (0x943f2123) mem 0x80010000 0x00000001
core   0: 0x8000b6c6 (0x0000bfe5) c.j     pc - 8
core   0: 3 0x8000b6c6 (0xbfe5)
core   0: 0x8000b6be (0x00005f17) auipc   t5, 0x5
core   0: 3 0x8000b6be (0x00005f17) x30 0x800106be
core   0: 0x8000b6c2 (0x943f2123) sw      gp, -1726(t5)
core   0: 3 0x8000b6c2 (0x943f2123) mem 0x80010000 0x00000001
core   0: 0x8000b6c6 (0x0000bfe5) c.j     pc - 8
core   0: 3 0x8000b6c6 (0xbfe5)
core   0: 0x8000b6be (0x00005f17) auipc   t5, 0x5
core   0: 3 0x8000b6be (0x00005f17) x30 0x800106be
core   0: 0x8000b6c2 (0x943f2123) sw      gp, -1726(t5)
core   0: 3 0x8000b6c2 (0x943f2123) mem 0x80010000 0x00000001
core   0: 0x8000b6c6 (0x0000bfe5) c.j     pc - 8
core   0: 3 0x8000b6c6 (0xbfe5)
core   0: 0x8000b6be (0x00005f17) auipc   t5, 0x5
core   0: 3 0x8000b6be (0x00005f17) x30 0x800106be
core   0: 0x8000b6c2 (0x943f2123) sw      gp, -1726(t5)
core   0: 3 0x8000b6c2 (0x943f2123) mem 0x80010000 0x00000001
core   0: 0x8000b6c6 (0x0000bfe5) c.j     pc - 8
core   0: 3 0x8000b6c6 (0xbfe5)
core   0: 0x8000b6be (0x00005f17) auipc   t5, 0x5
core   0: 3 0x8000b6be (0x00005f17) x30 0x800106be
core   0: 0x8000b6c2 (0x943f2123) sw      gp, -1726(t5)
core   0: 3 0x8000b6c2 (0x943f2123) mem 0x80010000 0x00000001
core   0: 0x8000b6c6 (0x0000bfe5) c.j     pc - 8
core   0: 3 0x8000b6c6 (0xbfe5)
core   0: 0x8000b6be (0x00005f17) auipc   t5, 0x5
core   0: 3 0x8000b6be (0x00005f17) x30 0x800106be
core   0: 0x8000b6c2 (0x943f2123) sw      gp, -1726(t5)
core   0: 3 0x8000b6c2 (0x943f2123) mem 0x80010000 0x00000001
core   0: 0x8000b6c6 (0x0000bfe5) c.j     pc - 8
core   0: 3 0x8000b6c6 (0xbfe5)
core   0: 0x8000b6be (0x00005f17) auipc   t5, 0x5
core   0: 3 0x8000b6be (0x00005f17) x30 0x800106be
core   0: 0x8000b6c2 (0x943f2123) sw      gp, -1726(t5)
core   0: 3 0x8000b6c2 (0x943f2123) mem 0x80010000 0x00000001
core   0: 0x8000b6c6 (0x0000bfe5) c.j     pc - 8
core   0: 3 0x8000b6c6 (0xbfe5)
core   0: 0x8000b6be (0x00005f17) auipc   t5, 0x5
core   0: 3 0x8000b6be (0x00005f17) x30 0x800106be
core   0: 0x8000b6c2 (0x943f2123) sw      gp, -1726(t5)
core   0: 3 0x8000b6c2 (0x943f2123) mem 0x80010000 0x00000001
core   0: 0x8000b6c6 (0x0000bfe5) c.j     pc - 8
core   0: 3 0x8000b6c6 (0xbfe5)
core   0: 0x8000b6be (0x00005f17) auipc   t5, 0x5
core   0: 3 0x8000b6be (0x00005f17) x30 0x800106be
core   0: 0x8000b6c2 (0x943f2123) sw      gp, -1726(t5)
core   0: 3 0x8000b6c2 (0x943f2123) mem 0x80010000 0x00000001
core   0: 0x8000b6c6 (0x0000bfe5) c.j     pc - 8
core   0: 3 0x8000b6c6 (0xbfe5)
core   0: 0x8000b6be (0x00005f17) auipc   t5, 0x5
core   0: 3 0x8000b6be (0x00005f17) x30 0x800106be
core   0: 0x8000b6c2 (0x943f2123) sw      gp, -1726(t5)
core   0: 3 0x8000b6c2 (0x943f2123) mem 0x80010000 0x00000001
core   0: 0x8000b6c6 (0x0000bfe5) c.j     pc - 8
core   0: 3 0x8000b6c6 (0xbfe5)
core   0: 0x8000b6be (0x00005f17) auipc   t5, 0x5
core   0: 3 0x8000b6be (0x00005f17) x30 0x800106be
core   0: 0x8000b6c2 (0x943f2123) sw      gp, -1726(t5)
core   0: 3 0x8000b6c2 (0x943f2123) mem 0x80010000 0x00000001
core   0: 0x8000b6c6 (0x0000bfe5) c.j     pc - 8
core   0: 3 0x8000b6c6 (0xbfe5)
core   0: 0x8000b6be (0x00005f17) auipc   t5, 0x5
core   0: 3 0x8000b6be (0x00005f17) x30 0x800106be
core   0: 0x8000b6c2 (0x943f2123) sw      gp, -1726(t5)
core   0: 3 0x8000b6c2 (0x943f2123) mem 0x80010000 0x00000001
core   0: 0x8000b6c6 (0x0000bfe5) c.j     pc - 8
core   0: 3 0x8000b6c6 (0xbfe5)
core   0: 0x8000b6be (0x00005f17) auipc   t5, 0x5
core   0: 3 0x8000b6be (0x00005f17) x30 0x800106be
core   0: 0x8000b6c2 (0x943f2123) sw      gp, -1726(t5)
core   0: 3 0x8000b6c2 (0x943f2123) mem 0x80010000 0x00000001
core   0: 0x8000b6c6 (0x0000bfe5) c.j     pc - 8
core   0: 3 0x8000b6c6 (0xbfe5)
core   0: 0x8000b6be (0x00005f17) auipc   t5, 0x5
core   0: 3 0x8000b6be (0x00005f17) x30 0x800106be
core   0: 0x8000b6c2 (0x943f2123) sw      gp, -1726(t5)
core   0: 3 0x8000b6c2 (0x943f2123) mem 0x80010000 0x00000001
core   0: 0x8000b6c6 (0x0000bfe5) c.j     pc - 8
core   0: 3 0x8000b6c6 (0xbfe5)
core   0: 0x8000b6be (0x00005f17) auipc   t5, 0x5
core   0: 3 0x8000b6be (0x00005f17) x30 0x800106be
core   0: 0x8000b6c2 (0x943f2123) sw      gp, -1726(t5)
core   0: 3 0x8000b6c2 (0x943f2123) mem 0x80010000 0x00000001
core   0: 0x8000b6c6 (0x0000bfe5) c.j     pc - 8
core   0: 3 0x8000b6c6 (0xbfe5)
core   0: 0x8000b6be (0x00005f17) auipc   t5, 0x5
core   0: 3 0x8000b6be (0x00005f17) x30 0x800106be
core   0: 0x8000b6c2 (0x943f2123) sw      gp, -1726(t5)
core   0: 3 0x8000b6c2 (0x943f2123) mem 0x80010000 0x00000001
core   0: 0x8000b6c6 (0x0000bfe5) c.j     pc - 8
core   0: 3 0x8000b6c6 (0xbfe5)
core   0: 0x8000b6be (0x00005f17) auipc   t5, 0x5
core   0: 3 0x8000b6be (0x00005f17) x30 0x800106be
core   0: 0x8000b6c2 (0x943f2123) sw      gp, -1726(t5)
core   0: 3 0x8000b6c2 (0x943f2123) mem 0x80010000 0x00000001
core   0: 0x8000b6c6 (0x0000bfe5) c.j     pc - 8
core   0: 3 0x8000b6c6 (0xbfe5)
core   0: 0x8000b6be (0x00005f17) auipc   t5, 0x5
core   0: 3 0x8000b6be (0x00005f17) x30 0x800106be
core   0: 0x8000b6c2 (0x943f2123) sw      gp, -1726(t5)
core   0: 3 0x8000b6c2 (0x943f2123) mem 0x80010000 0x00000001
core   0: 0x8000b6c6 (0x0000bfe5) c.j     pc - 8
core   0: 3 0x8000b6c6 (0xbfe5)
core   0: 0x8000b6be (0x00005f17) auipc   t5, 0x5
core   0: 3 0x8000b6be (0x00005f17) x30 0x800106be
core   0: 0x8000b6c2 (0x943f2123) sw      gp, -1726(t5)
core   0: 3 0x8000b6c2 (0x943f2123) mem 0x80010000 0x00000001
core   0: 0x8000b6c6 (0x0000bfe5) c.j     pc - 8
core   0: 3 0x8000b6c6 (0xbfe5)
core   0: 0x8000b6be (0x00005f17) auipc   t5, 0x5
core   0: 3 0x8000b6be (0x00005f17) x30 0x800106be
core   0: 0x8000b6c2 (0x943f2123) sw      gp, -1726(t5)
core   0: 3 0x8000b6c2 (0x943f2123) mem 0x80010000 0x00000001
core   0: 0x8000b6c6 (0x0000bfe5) c.j     pc - 8
core   0: 3 0x8000b6c6 (0xbfe5)
core   0: 0x8000b6be (0x00005f17) auipc   t5, 0x5
core   0: 3 0x8000b6be (0x00005f17) x30 0x800106be
core   0: 0x8000b6c2 (0x943f2123) sw      gp, -1726(t5)
core   0: 3 0x8000b6c2 (0x943f2123) mem 0x80010000 0x00000001
core   0: 0x8000b6c6 (0x0000bfe5) c.j     pc - 8
core   0: 3 0x8000b6c6 (0xbfe5)
core   0: 0x8000b6be (0x00005f17) auipc   t5, 0x5
core   0: 3 0x8000b6be (0x00005f17) x30 0x800106be
core   0: 0x8000b6c2 (0x943f2123) sw      gp, -1726(t5)
core   0: 3 0x8000b6c2 (0x943f2123) mem 0x80010000 0x00000001
core   0: 0x8000b6c6 (0x0000bfe5) c.j     pc - 8
core   0: 3 0x8000b6c6 (0xbfe5)
core   0: 0x8000b6be (0x00005f17) auipc   t5, 0x5
core   0: 3 0x8000b6be (0x00005f17) x30 0x800106be
core   0: 0x8000b6c2 (0x943f2123) sw      gp, -1726(t5)
core   0: 3 0x8000b6c2 (0x943f2123) mem 0x80010000 0x00000001
core   0: 0x8000b6c6 (0x0000bfe5) c.j     pc - 8
core   0: 3 0x8000b6c6 (0xbfe5)
core   0: 0x8000b6be (0x00005f17) auipc   t5, 0x5
core   0: 3 0x8000b6be (0x00005f17) x30 0x800106be
core   0: 0x8000b6c2 (0x943f2123) sw      gp, -1726(t5)
core   0: 3 0x8000b6c2 (0x943f2123) mem 0x80010000 0x00000001
core   0: 0x8000b6c6 (0x0000bfe5) c.j     pc - 8
core   0: 3 0x8000b6c6 (0xbfe5)
core   0: 0x8000b6be (0x00005f17) auipc   t5, 0x5
core   0: 3 0x8000b6be (0x00005f17) x30 0x800106be
core   0: 0x8000b6c2 (0x943f2123) sw      gp, -1726(t5)
core   0: 3 0x8000b6c2 (0x943f2123) mem 0x80010000 0x00000001
core   0: 0x8000b6c6 (0x0000bfe5) c.j     pc - 8
core   0: 3 0x8000b6c6 (0xbfe5)
core   0: 0x8000b6be (0x00005f17) auipc   t5, 0x5
core   0: 3 0x8000b6be (0x00005f17) x30 0x800106be
core   0: 0x8000b6c2 (0x943f2123) sw      gp, -1726(t5)
core   0: 3 0x8000b6c2 (0x943f2123) mem 0x80010000 0x00000001
core   0: 0x8000b6c6 (0x0000bfe5) c.j     pc - 8
core   0: 3 0x8000b6c6 (0xbfe5)
core   0: 0x8000b6be (0x00005f17) auipc   t5, 0x5
core   0: 3 0x8000b6be (0x00005f17) x30 0x800106be
core   0: 0x8000b6c2 (0x943f2123) sw      gp, -1726(t5)
core   0: 3 0x8000b6c2 (0x943f2123) mem 0x80010000 0x00000001
core   0: 0x8000b6c6 (0x0000bfe5) c.j     pc - 8
core   0: 3 0x8000b6c6 (0xbfe5)
core   0: 0x8000b6be (0x00005f17) auipc   t5, 0x5
core   0: 3 0x8000b6be (0x00005f17) x30 0x800106be
core   0: 0x8000b6c2 (0x943f2123) sw      gp, -1726(t5)
core   0: 3 0x8000b6c2 (0x943f2123) mem 0x80010000 0x00000001
core   0: 0x8000b6c6 (0x0000bfe5) c.j     pc - 8
core   0: 3 0x8000b6c6 (0xbfe5)
core   0: 0x8000b6be (0x00005f17) auipc   t5, 0x5
core   0: 3 0x8000b6be (0x00005f17) x30 0x800106be
core   0: 0x8000b6c2 (0x943f2123) sw      gp, -1726(t5)
core   0: 3 0x8000b6c2 (0x943f2123) mem 0x80010000 0x00000001
core   0: 0x8000b6c6 (0x0000bfe5) c.j     pc - 8
core   0: 3 0x8000b6c6 (0xbfe5)
core   0: 0x8000b6be (0x00005f17) auipc   t5, 0x5
core   0: 3 0x8000b6be (0x00005f17) x30 0x800106be
core   0: 0x8000b6c2 (0x943f2123) sw      gp, -1726(t5)
core   0: 3 0x8000b6c2 (0x943f2123) mem 0x80010000 0x00000001
core   0: 0x8000b6c6 (0x0000bfe5) c.j     pc - 8
core   0: 3 0x8000b6c6 (0xbfe5)
core   0: 0x8000b6be (0x00005f17) auipc   t5, 0x5
core   0: 3 0x8000b6be (0x00005f17) x30 0x800106be
core   0: 0x8000b6c2 (0x943f2123) sw      gp, -1726(t5)
core   0: 3 0x8000b6c2 (0x943f2123) mem 0x80010000 0x00000001
core   0: 0x8000b6c6 (0x0000bfe5) c.j     pc - 8
core   0: 3 0x8000b6c6 (0xbfe5)
core   0: 0x8000b6be (0x00005f17) auipc   t5, 0x5
core   0: 3 0x8000b6be (0x00005f17) x30 0x800106be
core   0: 0x8000b6c2 (0x943f2123) sw      gp, -1726(t5)
core   0: 3 0x8000b6c2 (0x943f2123) mem 0x80010000 0x00000001
core   0: 0x8000b6c6 (0x0000bfe5) c.j     pc - 8
core   0: 3 0x8000b6c6 (0xbfe5)
core   0: 0x8000b6be (0x00005f17) auipc   t5, 0x5
core   0: 3 0x8000b6be (0x00005f17) x30 0x800106be
core   0: 0x8000b6c2 (0x943f2123) sw      gp, -1726(t5)
core   0: 3 0x8000b6c2 (0x943f2123) mem 0x80010000 0x00000001
core   0: 0x8000b6c6 (0x0000bfe5) c.j     pc - 8
core   0: 3 0x8000b6c6 (0xbfe5)
core   0: 0x8000b6be (0x00005f17) auipc   t5, 0x5
core   0: 3 0x8000b6be (0x00005f17) x30 0x800106be
core   0: 0x8000b6c2 (0x943f2123) sw      gp, -1726(t5)
core   0: 3 0x8000b6c2 (0x943f2123) mem 0x80010000 0x00000001
core   0: 0x8000b6c6 (0x0000bfe5) c.j     pc - 8
core   0: 3 0x8000b6c6 (0xbfe5)
core   0: 0x8000b6be (0x00005f17) auipc   t5, 0x5
core   0: 3 0x8000b6be (0x00005f17) x30 0x800106be
core   0: 0x8000b6c2 (0x943f2123) sw      gp, -1726(t5)
core   0: 3 0x8000b6c2 (0x943f2123) mem 0x80010000 0x00000001
core   0: 0x8000b6c6 (0x0000bfe5) c.j     pc - 8
core   0: 3 0x8000b6c6 (0xbfe5)
core   0: 0x8000b6be (0x00005f17) auipc   t5, 0x5
core   0: 3 0x8000b6be (0x00005f17) x30 0x800106be
core   0: 0x8000b6c2 (0x943f2123) sw      gp, -1726(t5)
core   0: 3 0x8000b6c2 (0x943f2123) mem 0x80010000 0x00000001
core   0: 0x8000b6c6 (0x0000bfe5) c.j     pc - 8
core   0: 3 0x8000b6c6 (0xbfe5)
core   0: 0x8000b6be (0x00005f17) auipc   t5, 0x5
core   0: 3 0x8000b6be (0x00005f17) x30 0x800106be
core   0: 0x8000b6c2 (0x943f2123) sw      gp, -1726(t5)
core   0: 3 0x8000b6c2 (0x943f2123) mem 0x80010000 0x00000001
core   0: 0x8000b6c6 (0x0000bfe5) c.j     pc - 8
core   0: 3 0x8000b6c6 (0xbfe5)
core   0: 0x8000b6be (0x00005f17) auipc   t5, 0x5
core   0: 3 0x8000b6be (0x00005f17) x30 0x800106be
core   0: 0x8000b6c2 (0x943f2123) sw      gp, -1726(t5)
core   0: 3 0x8000b6c2 (0x943f2123) mem 0x80010000 0x00000001
core   0: 0x8000b6c6 (0x0000bfe5) c.j     pc - 8
core   0: 3 0x8000b6c6 (0xbfe5)
core   0: 0x8000b6be (0x00005f17) auipc   t5, 0x5
core   0: 3 0x8000b6be (0x00005f17) x30 0x800106be
core   0: 0x8000b6c2 (0x943f2123) sw      gp, -1726(t5)
core   0: 3 0x8000b6c2 (0x943f2123) mem 0x80010000 0x00000001
core   0: 0x8000b6c6 (0x0000bfe5) c.j     pc - 8
core   0: 3 0x8000b6c6 (0xbfe5)
core   0: 0x8000b6be (0x00005f17) auipc   t5, 0x5
core   0: 3 0x8000b6be (0x00005f17) x30 0x800106be
core   0: 0x8000b6c2 (0x943f2123) sw      gp, -1726(t5)
core   0: 3 0x8000b6c2 (0x943f2123) mem 0x80010000 0x00000001
core   0: 0x8000b6c6 (0x0000bfe5) c.j     pc - 8
core   0: 3 0x8000b6c6 (0xbfe5)
core   0: 0x8000b6be (0x00005f17) auipc   t5, 0x5
core   0: 3 0x8000b6be (0x00005f17) x30 0x800106be
core   0: 0x8000b6c2 (0x943f2123) sw      gp, -1726(t5)
core   0: 3 0x8000b6c2 (0x943f2123) mem 0x80010000 0x00000001
core   0: 0x8000b6c6 (0x0000bfe5) c.j     pc - 8
core   0: 3 0x8000b6c6 (0xbfe5)
core   0: 0x8000b6be (0x00005f17) auipc   t5, 0x5
core   0: 3 0x8000b6be (0x00005f17) x30 0x800106be
core   0: 0x8000b6c2 (0x943f2123) sw      gp, -1726(t5)
core   0: 3 0x8000b6c2 (0x943f2123) mem 0x80010000 0x00000001
core   0: 0x8000b6c6 (0x0000bfe5) c.j     pc - 8
core   0: 3 0x8000b6c6 (0xbfe5)
core   0: 0x8000b6be (0x00005f17) auipc   t5, 0x5
core   0: 3 0x8000b6be (0x00005f17) x30 0x800106be
core   0: 0x8000b6c2 (0x943f2123) sw      gp, -1726(t5)
core   0: 3 0x8000b6c2 (0x943f2123) mem 0x80010000 0x00000001
core   0: 0x8000b6c6 (0x0000bfe5) c.j     pc - 8
core   0: 3 0x8000b6c6 (0xbfe5)
core   0: 0x8000b6be (0x00005f17) auipc   t5, 0x5
core   0: 3 0x8000b6be (0x00005f17) x30 0x800106be
core   0: 0x8000b6c2 (0x943f2123) sw      gp, -1726(t5)
core   0: 3 0x8000b6c2 (0x943f2123) mem 0x80010000 0x00000001
core   0: 0x8000b6c6 (0x0000bfe5) c.j     pc - 8
core   0: 3 0x8000b6c6 (0xbfe5)
core   0: 0x8000b6be (0x00005f17) auipc   t5, 0x5
core   0: 3 0x8000b6be (0x00005f17) x30 0x800106be
core   0: 0x8000b6c2 (0x943f2123) sw      gp, -1726(t5)
core   0: 3 0x8000b6c2 (0x943f2123) mem 0x80010000 0x00000001
core   0: 0x8000b6c6 (0x0000bfe5) c.j     pc - 8
core   0: 3 0x8000b6c6 (0xbfe5)
core   0: 0x8000b6be (0x00005f17) auipc   t5, 0x5
core   0: 3 0x8000b6be (0x00005f17) x30 0x800106be
core   0: 0x8000b6c2 (0x943f2123) sw      gp, -1726(t5)
core   0: 3 0x8000b6c2 (0x943f2123) mem 0x80010000 0x00000001
core   0: 0x8000b6c6 (0x0000bfe5) c.j     pc - 8
core   0: 3 0x8000b6c6 (0xbfe5)
core   0: 0x8000b6be (0x00005f17) auipc   t5, 0x5
core   0: 3 0x8000b6be (0x00005f17) x30 0x800106be
core   0: 0x8000b6c2 (0x943f2123) sw      gp, -1726(t5)
core   0: 3 0x8000b6c2 (0x943f2123) mem 0x80010000 0x00000001
core   0: 0x8000b6c6 (0x0000bfe5) c.j     pc - 8
core   0: 3 0x8000b6c6 (0xbfe5)
core   0: 0x8000b6be (0x00005f17) auipc   t5, 0x5
core   0: 3 0x8000b6be (0x00005f17) x30 0x800106be
core   0: 0x8000b6c2 (0x943f2123) sw      gp, -1726(t5)
core   0: 3 0x8000b6c2 (0x943f2123) mem 0x80010000 0x00000001
core   0: 0x8000b6c6 (0x0000bfe5) c.j     pc - 8
core   0: 3 0x8000b6c6 (0xbfe5)
core   0: 0x8000b6be (0x00005f17) auipc   t5, 0x5
core   0: 3 0x8000b6be (0x00005f17) x30 0x800106be
core   0: 0x8000b6c2 (0x943f2123) sw      gp, -1726(t5)
core   0: 3 0x8000b6c2 (0x943f2123) mem 0x80010000 0x00000001
core   0: 0x8000b6c6 (0x0000bfe5) c.j     pc - 8
core   0: 3 0x8000b6c6 (0xbfe5)
core   0: 0x8000b6be (0x00005f17) auipc   t5, 0x5
core   0: 3 0x8000b6be (0x00005f17) x30 0x800106be
core   0: 0x8000b6c2 (0x943f2123) sw      gp, -1726(t5)
core   0: 3 0x8000b6c2 (0x943f2123) mem 0x80010000 0x00000001
core   0: 0x8000b6c6 (0x0000bfe5) c.j     pc - 8
core   0: 3 0x8000b6c6 (0xbfe5)
core   0: 0x8000b6be (0x00005f17) auipc   t5, 0x5
core   0: 3 0x8000b6be (0x00005f17) x30 0x800106be
core   0: 0x8000b6c2 (0x943f2123) sw      gp, -1726(t5)
core   0: 3 0x8000b6c2 (0x943f2123) mem 0x80010000 0x00000001
core   0: 0x8000b6c6 (0x0000bfe5) c.j     pc - 8
core   0: 3 0x8000b6c6 (0xbfe5)
core   0: 0x8000b6be (0x00005f17) auipc   t5, 0x5
core   0: 3 0x8000b6be (0x00005f17) x30 0x800106be
core   0: 0x8000b6c2 (0x943f2123) sw      gp, -1726(t5)
core   0: 3 0x8000b6c2 (0x943f2123) mem 0x80010000 0x00000001
core   0: 0x8000b6c6 (0x0000bfe5) c.j     pc - 8
core   0: 3 0x8000b6c6 (0xbfe5)
core   0: 0x8000b6be (0x00005f17) auipc   t5, 0x5
core   0: 3 0x8000b6be (0x00005f17) x30 0x800106be
core   0: 0x8000b6c2 (0x943f2123) sw      gp, -1726(t5)
core   0: 3 0x8000b6c2 (0x943f2123) mem 0x80010000 0x00000001
core   0: 0x8000b6c6 (0x0000bfe5) c.j     pc - 8
core   0: 3 0x8000b6c6 (0xbfe5)
core   0: 0x8000b6be (0x00005f17) auipc   t5, 0x5
core   0: 3 0x8000b6be (0x00005f17) x30 0x800106be
core   0: 0x8000b6c2 (0x943f2123) sw      gp, -1726(t5)
core   0: 3 0x8000b6c2 (0x943f2123) mem 0x80010000 0x00000001
core   0: 0x8000b6c6 (0x0000bfe5) c.j     pc - 8
core   0: 3 0x8000b6c6 (0xbfe5)
core   0: 0x8000b6be (0x00005f17) auipc   t5, 0x5
core   0: 3 0x8000b6be (0x00005f17) x30 0x800106be
core   0: 0x8000b6c2 (0x943f2123) sw      gp, -1726(t5)
core   0: 3 0x8000b6c2 (0x943f2123) mem 0x80010000 0x00000001
core   0: 0x8000b6c6 (0x0000bfe5) c.j     pc - 8
core   0: 3 0x8000b6c6 (0xbfe5)
core   0: 0x8000b6be (0x00005f17) auipc   t5, 0x5
core   0: 3 0x8000b6be (0x00005f17) x30 0x800106be
core   0: 0x8000b6c2 (0x943f2123) sw      gp, -1726(t5)
core   0: 3 0x8000b6c2 (0x943f2123) mem 0x80010000 0x00000001
core   0: 0x8000b6c6 (0x0000bfe5) c.j     pc - 8
core   0: 3 0x8000b6c6 (0xbfe5)
core   0: 0x8000b6be (0x00005f17) auipc   t5, 0x5
core   0: 3 0x8000b6be (0x00005f17) x30 0x800106be
core   0: 0x8000b6c2 (0x943f2123) sw      gp, -1726(t5)
core   0: 3 0x8000b6c2 (0x943f2123) mem 0x80010000 0x00000001
core   0: 0x8000b6c6 (0x0000bfe5) c.j     pc - 8
core   0: 3 0x8000b6c6 (0xbfe5)
core   0: 0x8000b6be (0x00005f17) auipc   t5, 0x5
core   0: 3 0x8000b6be (0x00005f17) x30 0x800106be
core   0: 0x8000b6c2 (0x943f2123) sw      gp, -1726(t5)
core   0: 3 0x8000b6c2 (0x943f2123) mem 0x80010000 0x00000001
core   0: 0x8000b6c6 (0x0000bfe5) c.j     pc - 8
core   0: 3 0x8000b6c6 (0xbfe5)
core   0: 0x8000b6be (0x00005f17) auipc   t5, 0x5
core   0: 3 0x8000b6be (0x00005f17) x30 0x800106be
core   0: 0x8000b6c2 (0x943f2123) sw      gp, -1726(t5)
core   0: 3 0x8000b6c2 (0x943f2123) mem 0x80010000 0x00000001
core   0: 0x8000b6c6 (0x0000bfe5) c.j     pc - 8
core   0: 3 0x8000b6c6 (0xbfe5)
core   0: 0x8000b6be (0x00005f17) auipc   t5, 0x5
core   0: 3 0x8000b6be (0x00005f17) x30 0x800106be
core   0: 0x8000b6c2 (0x943f2123) sw      gp, -1726(t5)
core   0: 3 0x8000b6c2 (0x943f2123) mem 0x80010000 0x00000001
core   0: 0x8000b6c6 (0x0000bfe5) c.j     pc - 8
core   0: 3 0x8000b6c6 (0xbfe5)
core   0: 0x8000b6be (0x00005f17) auipc   t5, 0x5
core   0: 3 0x8000b6be (0x00005f17) x30 0x800106be
core   0: 0x8000b6c2 (0x943f2123) sw      gp, -1726(t5)
core   0: 3 0x8000b6c2 (0x943f2123) mem 0x80010000 0x00000001
core   0: 0x8000b6c6 (0x0000bfe5) c.j     pc - 8
core   0: 3 0x8000b6c6 (0xbfe5)
core   0: 0x8000b6be (0x00005f17) auipc   t5, 0x5
core   0: 3 0x8000b6be (0x00005f17) x30 0x800106be
core   0: 0x8000b6c2 (0x943f2123) sw      gp, -1726(t5)
core   0: 3 0x8000b6c2 (0x943f2123) mem 0x80010000 0x00000001
core   0: 0x8000b6c6 (0x0000bfe5) c.j     pc - 8
core   0: 3 0x8000b6c6 (0xbfe5)
core   0: 0x8000b6be (0x00005f17) auipc   t5, 0x5
core   0: 3 0x8000b6be (0x00005f17) x30 0x800106be
core   0: 0x8000b6c2 (0x943f2123) sw      gp, -1726(t5)
core   0: 3 0x8000b6c2 (0x943f2123) mem 0x80010000 0x00000001
core   0: 0x8000b6c6 (0x0000bfe5) c.j     pc - 8
core   0: 3 0x8000b6c6 (0xbfe5)
core   0: 0x8000b6be (0x00005f17) auipc   t5, 0x5
core   0: 3 0x8000b6be (0x00005f17) x30 0x800106be
core   0: 0x8000b6c2 (0x943f2123) sw      gp, -1726(t5)
core   0: 3 0x8000b6c2 (0x943f2123) mem 0x80010000 0x00000001
core   0: 0x8000b6c6 (0x0000bfe5) c.j     pc - 8
core   0: 3 0x8000b6c6 (0xbfe5)
core   0: 0x8000b6be (0x00005f17) auipc   t5, 0x5
core   0: 3 0x8000b6be (0x00005f17) x30 0x800106be
core   0: 0x8000b6c2 (0x943f2123) sw      gp, -1726(t5)
core   0: 3 0x8000b6c2 (0x943f2123) mem 0x80010000 0x00000001
core   0: 0x8000b6c6 (0x0000bfe5) c.j     pc - 8
core   0: 3 0x8000b6c6 (0xbfe5)
core   0: 0x8000b6be (0x00005f17) auipc   t5, 0x5
core   0: 3 0x8000b6be (0x00005f17) x30 0x800106be
core   0: 0x8000b6c2 (0x943f2123) sw      gp, -1726(t5)
core   0: 3 0x8000b6c2 (0x943f2123) mem 0x80010000 0x00000001
core   0: 0x8000b6c6 (0x0000bfe5) c.j     pc - 8
core   0: 3 0x8000b6c6 (0xbfe5)
core   0: 0x8000b6be (0x00005f17) auipc   t5, 0x5
core   0: 3 0x8000b6be (0x00005f17) x30 0x800106be
core   0: 0x8000b6c2 (0x943f2123) sw      gp, -1726(t5)
core   0: 3 0x8000b6c2 (0x943f2123) mem 0x80010000 0x00000001
core   0: 0x8000b6c6 (0x0000bfe5) c.j     pc - 8
core   0: 3 0x8000b6c6 (0xbfe5)
core   0: 0x8000b6be (0x00005f17) auipc   t5, 0x5
core   0: 3 0x8000b6be (0x00005f17) x30 0x800106be
core   0: 0x8000b6c2 (0x943f2123) sw      gp, -1726(t5)
core   0: 3 0x8000b6c2 (0x943f2123) mem 0x80010000 0x00000001
core   0: 0x8000b6c6 (0x0000bfe5) c.j     pc - 8
core   0: 3 0x8000b6c6 (0xbfe5)
core   0: 0x8000b6be (0x00005f17) auipc   t5, 0x5
core   0: 3 0x8000b6be (0x00005f17) x30 0x800106be
core   0: 0x8000b6c2 (0x943f2123) sw      gp, -1726(t5)
core   0: 3 0x8000b6c2 (0x943f2123) mem 0x80010000 0x00000001
core   0: 0x8000b6c6 (0x0000bfe5) c.j     pc - 8
core   0: 3 0x8000b6c6 (0xbfe5)
core   0: 0x8000b6be (0x00005f17) auipc   t5, 0x5
core   0: 3 0x8000b6be (0x00005f17) x30 0x800106be
core   0: 0x8000b6c2 (0x943f2123) sw      gp, -1726(t5)
core   0: 3 0x8000b6c2 (0x943f2123) mem 0x80010000 0x00000001
core   0: 0x8000b6c6 (0x0000bfe5) c.j     pc - 8
core   0: 3 0x8000b6c6 (0xbfe5)
core   0: 0x8000b6be (0x00005f17) auipc   t5, 0x5
core   0: 3 0x8000b6be (0x00005f17) x30 0x800106be
core   0: 0x8000b6c2 (0x943f2123) sw      gp, -1726(t5)
core   0: 3 0x8000b6c2 (0x943f2123) mem 0x80010000 0x00000001
core   0: 0x8000b6c6 (0x0000bfe5) c.j     pc - 8
core   0: 3 0x8000b6c6 (0xbfe5)
core   0: 0x8000b6be (0x00005f17) auipc   t5, 0x5
core   0: 3 0x8000b6be (0x00005f17) x30 0x800106be
core   0: 0x8000b6c2 (0x943f2123) sw      gp, -1726(t5)
core   0: 3 0x8000b6c2 (0x943f2123) mem 0x80010000 0x00000001
core   0: 0x8000b6c6 (0x0000bfe5) c.j     pc - 8
core   0: 3 0x8000b6c6 (0xbfe5)
core   0: 0x8000b6be (0x00005f17) auipc   t5, 0x5
core   0: 3 0x8000b6be (0x00005f17) x30 0x800106be
core   0: 0x8000b6c2 (0x943f2123) sw      gp, -1726(t5)
core   0: 3 0x8000b6c2 (0x943f2123) mem 0x80010000 0x00000001
core   0: 0x8000b6c6 (0x0000bfe5) c.j     pc - 8
core   0: 3 0x8000b6c6 (0xbfe5)
core   0: 0x8000b6be (0x00005f17) auipc   t5, 0x5
core   0: 3 0x8000b6be (0x00005f17) x30 0x800106be
core   0: 0x8000b6c2 (0x943f2123) sw      gp, -1726(t5)
core   0: 3 0x8000b6c2 (0x943f2123) mem 0x80010000 0x00000001
core   0: 0x8000b6c6 (0x0000bfe5) c.j     pc - 8
core   0: 3 0x8000b6c6 (0xbfe5)
core   0: 0x8000b6be (0x00005f17) auipc   t5, 0x5
core   0: 3 0x8000b6be (0x00005f17) x30 0x800106be
core   0: 0x8000b6c2 (0x943f2123) sw      gp, -1726(t5)
core   0: 3 0x8000b6c2 (0x943f2123) mem 0x80010000 0x00000001
core   0: 0x8000b6c6 (0x0000bfe5) c.j     pc - 8
core   0: 3 0x8000b6c6 (0xbfe5)
core   0: 0x8000b6be (0x00005f17) auipc   t5, 0x5
core   0: 3 0x8000b6be (0x00005f17) x30 0x800106be
core   0: 0x8000b6c2 (0x943f2123) sw      gp, -1726(t5)
core   0: 3 0x8000b6c2 (0x943f2123) mem 0x80010000 0x00000001
core   0: 0x8000b6c6 (0x0000bfe5) c.j     pc - 8
core   0: 3 0x8000b6c6 (0xbfe5)
core   0: 0x8000b6be (0x00005f17) auipc   t5, 0x5
core   0: 3 0x8000b6be (0x00005f17) x30 0x800106be
core   0: 0x8000b6c2 (0x943f2123) sw      gp, -1726(t5)
core   0: 3 0x8000b6c2 (0x943f2123) mem 0x80010000 0x00000001
core   0: 0x8000b6c6 (0x0000bfe5) c.j     pc - 8
core   0: 3 0x8000b6c6 (0xbfe5)
core   0: 0x8000b6be (0x00005f17) auipc   t5, 0x5
core   0: 3 0x8000b6be (0x00005f17) x30 0x800106be
core   0: 0x8000b6c2 (0x943f2123) sw      gp, -1726(t5)
core   0: 3 0x8000b6c2 (0x943f2123) mem 0x80010000 0x00000001
core   0: 0x8000b6c6 (0x0000bfe5) c.j     pc - 8
core   0: 3 0x8000b6c6 (0xbfe5)
core   0: 0x8000b6be (0x00005f17) auipc   t5, 0x5
core   0: 3 0x8000b6be (0x00005f17) x30 0x800106be
core   0: 0x8000b6c2 (0x943f2123) sw      gp, -1726(t5)
core   0: 3 0x8000b6c2 (0x943f2123) mem 0x80010000 0x00000001
core   0: 0x8000b6c6 (0x0000bfe5) c.j     pc - 8
core   0: 3 0x8000b6c6 (0xbfe5)
core   0: 0x8000b6be (0x00005f17) auipc   t5, 0x5
core   0: 3 0x8000b6be (0x00005f17) x30 0x800106be
core   0: 0x8000b6c2 (0x943f2123) sw      gp, -1726(t5)
core   0: 3 0x8000b6c2 (0x943f2123) mem 0x80010000 0x00000001
core   0: 0x8000b6c6 (0x0000bfe5) c.j     pc - 8
core   0: 3 0x8000b6c6 (0xbfe5)
core   0: 0x8000b6be (0x00005f17) auipc   t5, 0x5
core   0: 3 0x8000b6be (0x00005f17) x30 0x800106be
core   0: 0x8000b6c2 (0x943f2123) sw      gp, -1726(t5)
core   0: 3 0x8000b6c2 (0x943f2123) mem 0x80010000 0x00000001
core   0: 0x8000b6c6 (0x0000bfe5) c.j     pc - 8
core   0: 3 0x8000b6c6 (0xbfe5)
core   0: 0x8000b6be (0x00005f17) auipc   t5, 0x5
core   0: 3 0x8000b6be (0x00005f17) x30 0x800106be
core   0: 0x8000b6c2 (0x943f2123) sw      gp, -1726(t5)
core   0: 3 0x8000b6c2 (0x943f2123) mem 0x80010000 0x00000001
core   0: 0x8000b6c6 (0x0000bfe5) c.j     pc - 8
core   0: 3 0x8000b6c6 (0xbfe5)
core   0: 0x8000b6be (0x00005f17) auipc   t5, 0x5
core   0: 3 0x8000b6be (0x00005f17) x30 0x800106be
core   0: 0x8000b6c2 (0x943f2123) sw      gp, -1726(t5)
core   0: 3 0x8000b6c2 (0x943f2123) mem 0x80010000 0x00000001
core   0: 0x8000b6c6 (0x0000bfe5) c.j     pc - 8
core   0: 3 0x8000b6c6 (0xbfe5)
core   0: 0x8000b6be (0x00005f17) auipc   t5, 0x5
core   0: 3 0x8000b6be (0x00005f17) x30 0x800106be
core   0: 0x8000b6c2 (0x943f2123) sw      gp, -1726(t5)
core   0: 3 0x8000b6c2 (0x943f2123) mem 0x80010000 0x00000001
core   0: 0x8000b6c6 (0x0000bfe5) c.j     pc - 8
core   0: 3 0x8000b6c6 (0xbfe5)
core   0: 0x8000b6be (0x00005f17) auipc   t5, 0x5
core   0: 3 0x8000b6be (0x00005f17) x30 0x800106be
core   0: 0x8000b6c2 (0x943f2123) sw      gp, -1726(t5)
core   0: 3 0x8000b6c2 (0x943f2123) mem 0x80010000 0x00000001
core   0: 0x8000b6c6 (0x0000bfe5) c.j     pc - 8
core   0: 3 0x8000b6c6 (0xbfe5)
core   0: 0x8000b6be (0x00005f17) auipc   t5, 0x5
core   0: 3 0x8000b6be (0x00005f17) x30 0x800106be
core   0: 0x8000b6c2 (0x943f2123) sw      gp, -1726(t5)
core   0: 3 0x8000b6c2 (0x943f2123) mem 0x80010000 0x00000001
core   0: 0x8000b6c6 (0x0000bfe5) c.j     pc - 8
core   0: 3 0x8000b6c6 (0xbfe5)
core   0: 0x8000b6be (0x00005f17) auipc   t5, 0x5
core   0: 3 0x8000b6be (0x00005f17) x30 0x800106be
core   0: 0x8000b6c2 (0x943f2123) sw      gp, -1726(t5)
core   0: 3 0x8000b6c2 (0x943f2123) mem 0x80010000 0x00000001
core   0: 0x8000b6c6 (0x0000bfe5) c.j     pc - 8
core   0: 3 0x8000b6c6 (0xbfe5)
core   0: 0x8000b6be (0x00005f17) auipc   t5, 0x5
core   0: 3 0x8000b6be (0x00005f17) x30 0x800106be
core   0: 0x8000b6c2 (0x943f2123) sw      gp, -1726(t5)
core   0: 3 0x8000b6c2 (0x943f2123) mem 0x80010000 0x00000001
core   0: 0x8000b6c6 (0x0000bfe5) c.j     pc - 8
core   0: 3 0x8000b6c6 (0xbfe5)
core   0: 0x8000b6be (0x00005f17) auipc   t5, 0x5
core   0: 3 0x8000b6be (0x00005f17) x30 0x800106be
core   0: 0x8000b6c2 (0x943f2123) sw      gp, -1726(t5)
core   0: 3 0x8000b6c2 (0x943f2123) mem 0x80010000 0x00000001
core   0: 0x8000b6c6 (0x0000bfe5) c.j     pc - 8
core   0: 3 0x8000b6c6 (0xbfe5)
core   0: 0x8000b6be (0x00005f17) auipc   t5, 0x5
core   0: 3 0x8000b6be (0x00005f17) x30 0x800106be
core   0: 0x8000b6c2 (0x943f2123) sw      gp, -1726(t5)
core   0: 3 0x8000b6c2 (0x943f2123) mem 0x80010000 0x00000001
core   0: 0x8000b6c6 (0x0000bfe5) c.j     pc - 8
core   0: 3 0x8000b6c6 (0xbfe5)
core   0: 0x8000b6be (0x00005f17) auipc   t5, 0x5
core   0: 3 0x8000b6be (0x00005f17) x30 0x800106be
core   0: 0x8000b6c2 (0x943f2123) sw      gp, -1726(t5)
core   0: 3 0x8000b6c2 (0x943f2123) mem 0x80010000 0x00000001
core   0: 0x8000b6c6 (0x0000bfe5) c.j     pc - 8
core   0: 3 0x8000b6c6 (0xbfe5)
core   0: 0x8000b6be (0x00005f17) auipc   t5, 0x5
core   0: 3 0x8000b6be (0x00005f17) x30 0x800106be
core   0: 0x8000b6c2 (0x943f2123) sw      gp, -1726(t5)
core   0: 3 0x8000b6c2 (0x943f2123) mem 0x80010000 0x00000001
core   0: 0x8000b6c6 (0x0000bfe5) c.j     pc - 8
core   0: 3 0x8000b6c6 (0xbfe5)
core   0: 0x8000b6be (0x00005f17) auipc   t5, 0x5
core   0: 3 0x8000b6be (0x00005f17) x30 0x800106be
core   0: 0x8000b6c2 (0x943f2123) sw      gp, -1726(t5)
core   0: 3 0x8000b6c2 (0x943f2123) mem 0x80010000 0x00000001
core   0: 0x8000b6c6 (0x0000bfe5) c.j     pc - 8
core   0: 3 0x8000b6c6 (0xbfe5)
core   0: 0x8000b6be (0x00005f17) auipc   t5, 0x5
core   0: 3 0x8000b6be (0x00005f17) x30 0x800106be
core   0: 0x8000b6c2 (0x943f2123) sw      gp, -1726(t5)
core   0: 3 0x8000b6c2 (0x943f2123) mem 0x80010000 0x00000001
core   0: 0x8000b6c6 (0x0000bfe5) c.j     pc - 8
core   0: 3 0x8000b6c6 (0xbfe5)
core   0: 0x8000b6be (0x00005f17) auipc   t5, 0x5
core   0: 3 0x8000b6be (0x00005f17) x30 0x800106be
core   0: 0x8000b6c2 (0x943f2123) sw      gp, -1726(t5)
core   0: 3 0x8000b6c2 (0x943f2123) mem 0x80010000 0x00000001
core   0: 0x8000b6c6 (0x0000bfe5) c.j     pc - 8
core   0: 3 0x8000b6c6 (0xbfe5)
core   0: 0x8000b6be (0x00005f17) auipc   t5, 0x5
core   0: 3 0x8000b6be (0x00005f17) x30 0x800106be
core   0: 0x8000b6c2 (0x943f2123) sw      gp, -1726(t5)
core   0: 3 0x8000b6c2 (0x943f2123) mem 0x80010000 0x00000001
core   0: 0x8000b6c6 (0x0000bfe5) c.j     pc - 8
core   0: 3 0x8000b6c6 (0xbfe5)
core   0: 0x8000b6be (0x00005f17) auipc   t5, 0x5
core   0: 3 0x8000b6be (0x00005f17) x30 0x800106be
core   0: 0x8000b6c2 (0x943f2123) sw      gp, -1726(t5)
core   0: 3 0x8000b6c2 (0x943f2123) mem 0x80010000 0x00000001
core   0: 0x8000b6c6 (0x0000bfe5) c.j     pc - 8
core   0: 3 0x8000b6c6 (0xbfe5)
core   0: 0x8000b6be (0x00005f17) auipc   t5, 0x5
core   0: 3 0x8000b6be (0x00005f17) x30 0x800106be
core   0: 0x8000b6c2 (0x943f2123) sw      gp, -1726(t5)
core   0: 3 0x8000b6c2 (0x943f2123) mem 0x80010000 0x00000001
core   0: 0x8000b6c6 (0x0000bfe5) c.j     pc - 8
core   0: 3 0x8000b6c6 (0xbfe5)
core   0: 0x8000b6be (0x00005f17) auipc   t5, 0x5
core   0: 3 0x8000b6be (0x00005f17) x30 0x800106be
core   0: 0x8000b6c2 (0x943f2123) sw      gp, -1726(t5)
core   0: 3 0x8000b6c2 (0x943f2123) mem 0x80010000 0x00000001
core   0: 0x8000b6c6 (0x0000bfe5) c.j     pc - 8
core   0: 3 0x8000b6c6 (0xbfe5)
core   0: 0x8000b6be (0x00005f17) auipc   t5, 0x5
core   0: 3 0x8000b6be (0x00005f17) x30 0x800106be
core   0: 0x8000b6c2 (0x943f2123) sw      gp, -1726(t5)
core   0: 3 0x8000b6c2 (0x943f2123) mem 0x80010000 0x00000001
core   0: 0x8000b6c6 (0x0000bfe5) c.j     pc - 8
core   0: 3 0x8000b6c6 (0xbfe5)
core   0: 0x8000b6be (0x00005f17) auipc   t5, 0x5
core   0: 3 0x8000b6be (0x00005f17) x30 0x800106be
core   0: 0x8000b6c2 (0x943f2123) sw      gp, -1726(t5)
core   0: 3 0x8000b6c2 (0x943f2123) mem 0x80010000 0x00000001
core   0: 0x8000b6c6 (0x0000bfe5) c.j     pc - 8
core   0: 3 0x8000b6c6 (0xbfe5)
core   0: 0x8000b6be (0x00005f17) auipc   t5, 0x5
core   0: 3 0x8000b6be (0x00005f17) x30 0x800106be
core   0: 0x8000b6c2 (0x943f2123) sw      gp, -1726(t5)
core   0: 3 0x8000b6c2 (0x943f2123) mem 0x80010000 0x00000001
core   0: 0x8000b6c6 (0x0000bfe5) c.j     pc - 8
core   0: 3 0x8000b6c6 (0xbfe5)
core   0: 0x8000b6be (0x00005f17) auipc   t5, 0x5
core   0: 3 0x8000b6be (0x00005f17) x30 0x800106be
core   0: 0x8000b6c2 (0x943f2123) sw      gp, -1726(t5)
core   0: 3 0x8000b6c2 (0x943f2123) mem 0x80010000 0x00000001
core   0: 0x8000b6c6 (0x0000bfe5) c.j     pc - 8
core   0: 3 0x8000b6c6 (0xbfe5)
core   0: 0x8000b6be (0x00005f17) auipc   t5, 0x5
core   0: 3 0x8000b6be (0x00005f17) x30 0x800106be
core   0: 0x8000b6c2 (0x943f2123) sw      gp, -1726(t5)
core   0: 3 0x8000b6c2 (0x943f2123) mem 0x80010000 0x00000001
core   0: 0x8000b6c6 (0x0000bfe5) c.j     pc - 8
core   0: 3 0x8000b6c6 (0xbfe5)
core   0: 0x8000b6be (0x00005f17) auipc   t5, 0x5
core   0: 3 0x8000b6be (0x00005f17) x30 0x800106be
core   0: 0x8000b6c2 (0x943f2123) sw      gp, -1726(t5)
core   0: 3 0x8000b6c2 (0x943f2123) mem 0x80010000 0x00000001
core   0: 0x8000b6c6 (0x0000bfe5) c.j     pc - 8
core   0: 3 0x8000b6c6 (0xbfe5)
core   0: 0x8000b6be (0x00005f17) auipc   t5, 0x5
core   0: 3 0x8000b6be (0x00005f17) x30 0x800106be
core   0: 0x8000b6c2 (0x943f2123) sw      gp, -1726(t5)
core   0: 3 0x8000b6c2 (0x943f2123) mem 0x80010000 0x00000001
core   0: 0x8000b6c6 (0x0000bfe5) c.j     pc - 8
core   0: 3 0x8000b6c6 (0xbfe5)
core   0: 0x8000b6be (0x00005f17) auipc   t5, 0x5
core   0: 3 0x8000b6be (0x00005f17) x30 0x800106be
core   0: 0x8000b6c2 (0x943f2123) sw      gp, -1726(t5)
core   0: 3 0x8000b6c2 (0x943f2123) mem 0x80010000 0x00000001
core   0: 0x8000b6c6 (0x0000bfe5) c.j     pc - 8
core   0: 3 0x8000b6c6 (0xbfe5)
core   0: 0x8000b6be (0x00005f17) auipc   t5, 0x5
core   0: 3 0x8000b6be (0x00005f17) x30 0x800106be
core   0: 0x8000b6c2 (0x943f2123) sw      gp, -1726(t5)
core   0: 3 0x8000b6c2 (0x943f2123) mem 0x80010000 0x00000001
core   0: 0x8000b6c6 (0x0000bfe5) c.j     pc - 8
core   0: 3 0x8000b6c6 (0xbfe5)
core   0: 0x8000b6be (0x00005f17) auipc   t5, 0x5
core   0: 3 0x8000b6be (0x00005f17) x30 0x800106be
core   0: 0x8000b6c2 (0x943f2123) sw      gp, -1726(t5)
core   0: 3 0x8000b6c2 (0x943f2123) mem 0x80010000 0x00000001
core   0: 0x8000b6c6 (0x0000bfe5) c.j     pc - 8
core   0: 3 0x8000b6c6 (0xbfe5)
core   0: 0x8000b6be (0x00005f17) auipc   t5, 0x5
core   0: 3 0x8000b6be (0x00005f17) x30 0x800106be
core   0: 0x8000b6c2 (0x943f2123) sw      gp, -1726(t5)
core   0: 3 0x8000b6c2 (0x943f2123) mem 0x80010000 0x00000001
core   0: 0x8000b6c6 (0x0000bfe5) c.j     pc - 8
core   0: 3 0x8000b6c6 (0xbfe5)
core   0: 0x8000b6be (0x00005f17) auipc   t5, 0x5
core   0: 3 0x8000b6be (0x00005f17) x30 0x800106be
core   0: 0x8000b6c2 (0x943f2123) sw      gp, -1726(t5)
core   0: 3 0x8000b6c2 (0x943f2123) mem 0x80010000 0x00000001
core   0: 0x8000b6c6 (0x0000bfe5) c.j     pc - 8
core   0: 3 0x8000b6c6 (0xbfe5)
core   0: 0x8000b6be (0x00005f17) auipc   t5, 0x5
core   0: 3 0x8000b6be (0x00005f17) x30 0x800106be
core   0: 0x8000b6c2 (0x943f2123) sw      gp, -1726(t5)
core   0: 3 0x8000b6c2 (0x943f2123) mem 0x80010000 0x00000001
core   0: 0x8000b6c6 (0x0000bfe5) c.j     pc - 8
core   0: 3 0x8000b6c6 (0xbfe5)
core   0: 0x8000b6be (0x00005f17) auipc   t5, 0x5
core   0: 3 0x8000b6be (0x00005f17) x30 0x800106be
core   0: 0x8000b6c2 (0x943f2123) sw      gp, -1726(t5)
core   0: 3 0x8000b6c2 (0x943f2123) mem 0x80010000 0x00000001
core   0: 0x8000b6c6 (0x0000bfe5) c.j     pc - 8
core   0: 3 0x8000b6c6 (0xbfe5)
core   0: 0x8000b6be (0x00005f17) auipc   t5, 0x5
core   0: 3 0x8000b6be (0x00005f17) x30 0x800106be
core   0: 0x8000b6c2 (0x943f2123) sw      gp, -1726(t5)
core   0: 3 0x8000b6c2 (0x943f2123) mem 0x80010000 0x00000001
core   0: 0x8000b6c6 (0x0000bfe5) c.j     pc - 8
core   0: 3 0x8000b6c6 (0xbfe5)
core   0: 0x8000b6be (0x00005f17) auipc   t5, 0x5
core   0: 3 0x8000b6be (0x00005f17) x30 0x800106be
core   0: 0x8000b6c2 (0x943f2123) sw      gp, -1726(t5)
core   0: 3 0x8000b6c2 (0x943f2123) mem 0x80010000 0x00000001
core   0: 0x8000b6c6 (0x0000bfe5) c.j     pc - 8
core   0: 3 0x8000b6c6 (0xbfe5)
core   0: 0x8000b6be (0x00005f17) auipc   t5, 0x5
core   0: 3 0x8000b6be (0x00005f17) x30 0x800106be
core   0: 0x8000b6c2 (0x943f2123) sw      gp, -1726(t5)
core   0: 3 0x8000b6c2 (0x943f2123) mem 0x80010000 0x00000001
core   0: 0x8000b6c6 (0x0000bfe5) c.j     pc - 8
core   0: 3 0x8000b6c6 (0xbfe5)
core   0: 0x8000b6be (0x00005f17) auipc   t5, 0x5
core   0: 3 0x8000b6be (0x00005f17) x30 0x800106be
core   0: 0x8000b6c2 (0x943f2123) sw      gp, -1726(t5)
core   0: 3 0x8000b6c2 (0x943f2123) mem 0x80010000 0x00000001
core   0: 0x8000b6c6 (0x0000bfe5) c.j     pc - 8
core   0: 3 0x8000b6c6 (0xbfe5)
core   0: 0x8000b6be (0x00005f17) auipc   t5, 0x5
core   0: 3 0x8000b6be (0x00005f17) x30 0x800106be
core   0: 0x8000b6c2 (0x943f2123) sw      gp, -1726(t5)
core   0: 3 0x8000b6c2 (0x943f2123) mem 0x80010000 0x00000001
core   0: 0x8000b6c6 (0x0000bfe5) c.j     pc - 8
core   0: 3 0x8000b6c6 (0xbfe5)
core   0: 0x8000b6be (0x00005f17) auipc   t5, 0x5
core   0: 3 0x8000b6be (0x00005f17) x30 0x800106be
core   0: 0x8000b6c2 (0x943f2123) sw      gp, -1726(t5)
core   0: 3 0x8000b6c2 (0x943f2123) mem 0x80010000 0x00000001
core   0: 0x8000b6c6 (0x0000bfe5) c.j     pc - 8
core   0: 3 0x8000b6c6 (0xbfe5)
core   0: 0x8000b6be (0x00005f17) auipc   t5, 0x5
core   0: 3 0x8000b6be (0x00005f17) x30 0x800106be
core   0: 0x8000b6c2 (0x943f2123) sw      gp, -1726(t5)
core   0: 3 0x8000b6c2 (0x943f2123) mem 0x80010000 0x00000001
core   0: 0x8000b6c6 (0x0000bfe5) c.j     pc - 8
core   0: 3 0x8000b6c6 (0xbfe5)
core   0: 0x8000b6be (0x00005f17) auipc   t5, 0x5
core   0: 3 0x8000b6be (0x00005f17) x30 0x800106be
core   0: 0x8000b6c2 (0x943f2123) sw      gp, -1726(t5)
core   0: 3 0x8000b6c2 (0x943f2123) mem 0x80010000 0x00000001
core   0: 0x8000b6c6 (0x0000bfe5) c.j     pc - 8
core   0: 3 0x8000b6c6 (0xbfe5)
core   0: 0x8000b6be (0x00005f17) auipc   t5, 0x5
core   0: 3 0x8000b6be (0x00005f17) x30 0x800106be
core   0: 0x8000b6c2 (0x943f2123) sw      gp, -1726(t5)
core   0: 3 0x8000b6c2 (0x943f2123) mem 0x80010000 0x00000001
core   0: 0x8000b6c6 (0x0000bfe5) c.j     pc - 8
core   0: 3 0x8000b6c6 (0xbfe5)
core   0: 0x8000b6be (0x00005f17) auipc   t5, 0x5
core   0: 3 0x8000b6be (0x00005f17) x30 0x800106be
core   0: 0x8000b6c2 (0x943f2123) sw      gp, -1726(t5)
core   0: 3 0x8000b6c2 (0x943f2123) mem 0x80010000 0x00000001
core   0: 0x8000b6c6 (0x0000bfe5) c.j     pc - 8
core   0: 3 0x8000b6c6 (0xbfe5)
core   0: 0x8000b6be (0x00005f17) auipc   t5, 0x5
core   0: 3 0x8000b6be (0x00005f17) x30 0x800106be
core   0: 0x8000b6c2 (0x943f2123) sw      gp, -1726(t5)
core   0: 3 0x8000b6c2 (0x943f2123) mem 0x80010000 0x00000001
core   0: 0x8000b6c6 (0x0000bfe5) c.j     pc - 8
core   0: 3 0x8000b6c6 (0xbfe5)
core   0: 0x8000b6be (0x00005f17) auipc   t5, 0x5
core   0: 3 0x8000b6be (0x00005f17) x30 0x800106be
core   0: 0x8000b6c2 (0x943f2123) sw      gp, -1726(t5)
core   0: 3 0x8000b6c2 (0x943f2123) mem 0x80010000 0x00000001
core   0: 0x8000b6c6 (0x0000bfe5) c.j     pc - 8
core   0: 3 0x8000b6c6 (0xbfe5)
core   0: 0x8000b6be (0x00005f17) auipc   t5, 0x5
core   0: 3 0x8000b6be (0x00005f17) x30 0x800106be
core   0: 0x8000b6c2 (0x943f2123) sw      gp, -1726(t5)
core   0: 3 0x8000b6c2 (0x943f2123) mem 0x80010000 0x00000001
core   0: 0x8000b6c6 (0x0000bfe5) c.j     pc - 8
core   0: 3 0x8000b6c6 (0xbfe5)
core   0: 0x8000b6be (0x00005f17) auipc   t5, 0x5
core   0: 3 0x8000b6be (0x00005f17) x30 0x800106be
core   0: 0x8000b6c2 (0x943f2123) sw      gp, -1726(t5)
core   0: 3 0x8000b6c2 (0x943f2123) mem 0x80010000 0x00000001
core   0: 0x8000b6c6 (0x0000bfe5) c.j     pc - 8
core   0: 3 0x8000b6c6 (0xbfe5)
core   0: 0x8000b6be (0x00005f17) auipc   t5, 0x5
core   0: 3 0x8000b6be (0x00005f17) x30 0x800106be
core   0: 0x8000b6c2 (0x943f2123) sw      gp, -1726(t5)
core   0: 3 0x8000b6c2 (0x943f2123) mem 0x80010000 0x00000001
core   0: 0x8000b6c6 (0x0000bfe5) c.j     pc - 8
core   0: 3 0x8000b6c6 (0xbfe5)
core   0: 0x8000b6be (0x00005f17) auipc   t5, 0x5
core   0: 3 0x8000b6be (0x00005f17) x30 0x800106be
core   0: 0x8000b6c2 (0x943f2123) sw      gp, -1726(t5)
core   0: 3 0x8000b6c2 (0x943f2123) mem 0x80010000 0x00000001
core   0: 0x8000b6c6 (0x0000bfe5) c.j     pc - 8
core   0: 3 0x8000b6c6 (0xbfe5)
core   0: 0x8000b6be (0x00005f17) auipc   t5, 0x5
core   0: 3 0x8000b6be (0x00005f17) x30 0x800106be
core   0: 0x8000b6c2 (0x943f2123) sw      gp, -1726(t5)
core   0: 3 0x8000b6c2 (0x943f2123) mem 0x80010000 0x00000001
core   0: 0x8000b6c6 (0x0000bfe5) c.j     pc - 8
core   0: 3 0x8000b6c6 (0xbfe5)
core   0: 0x8000b6be (0x00005f17) auipc   t5, 0x5
core   0: 3 0x8000b6be (0x00005f17) x30 0x800106be
core   0: 0x8000b6c2 (0x943f2123) sw      gp, -1726(t5)
core   0: 3 0x8000b6c2 (0x943f2123) mem 0x80010000 0x00000001
core   0: 0x8000b6c6 (0x0000bfe5) c.j     pc - 8
core   0: 3 0x8000b6c6 (0xbfe5)
core   0: 0x8000b6be (0x00005f17) auipc   t5, 0x5
core   0: 3 0x8000b6be (0x00005f17) x30 0x800106be
core   0: 0x8000b6c2 (0x943f2123) sw      gp, -1726(t5)
core   0: 3 0x8000b6c2 (0x943f2123) mem 0x80010000 0x00000001
core   0: 0x8000b6c6 (0x0000bfe5) c.j     pc - 8
core   0: 3 0x8000b6c6 (0xbfe5)
core   0: 0x8000b6be (0x00005f17) auipc   t5, 0x5
core   0: 3 0x8000b6be (0x00005f17) x30 0x800106be
core   0: 0x8000b6c2 (0x943f2123) sw      gp, -1726(t5)
core   0: 3 0x8000b6c2 (0x943f2123) mem 0x80010000 0x00000001
core   0: 0x8000b6c6 (0x0000bfe5) c.j     pc - 8
core   0: 3 0x8000b6c6 (0xbfe5)
core   0: 0x8000b6be (0x00005f17) auipc   t5, 0x5
core   0: 3 0x8000b6be (0x00005f17) x30 0x800106be
core   0: 0x8000b6c2 (0x943f2123) sw      gp, -1726(t5)
core   0: 3 0x8000b6c2 (0x943f2123) mem 0x80010000 0x00000001
core   0: 0x8000b6c6 (0x0000bfe5) c.j     pc - 8
core   0: 3 0x8000b6c6 (0xbfe5)
core   0: 0x8000b6be (0x00005f17) auipc   t5, 0x5
core   0: 3 0x8000b6be (0x00005f17) x30 0x800106be
core   0: 0x8000b6c2 (0x943f2123) sw      gp, -1726(t5)
core   0: 3 0x8000b6c2 (0x943f2123) mem 0x80010000 0x00000001
core   0: 0x8000b6c6 (0x0000bfe5) c.j     pc - 8
core   0: 3 0x8000b6c6 (0xbfe5)
core   0: 0x8000b6be (0x00005f17) auipc   t5, 0x5
core   0: 3 0x8000b6be (0x00005f17) x30 0x800106be
core   0: 0x8000b6c2 (0x943f2123) sw      gp, -1726(t5)
core   0: 3 0x8000b6c2 (0x943f2123) mem 0x80010000 0x00000001
core   0: 0x8000b6c6 (0x0000bfe5) c.j     pc - 8
core   0: 3 0x8000b6c6 (0xbfe5)
core   0: 0x8000b6be (0x00005f17) auipc   t5, 0x5
core   0: 3 0x8000b6be (0x00005f17) x30 0x800106be
core   0: 0x8000b6c2 (0x943f2123) sw      gp, -1726(t5)
core   0: 3 0x8000b6c2 (0x943f2123) mem 0x80010000 0x00000001
core   0: 0x8000b6c6 (0x0000bfe5) c.j     pc - 8
core   0: 3 0x8000b6c6 (0xbfe5)
core   0: 0x8000b6be (0x00005f17) auipc   t5, 0x5
core   0: 3 0x8000b6be (0x00005f17) x30 0x800106be
core   0: 0x8000b6c2 (0x943f2123) sw      gp, -1726(t5)
core   0: 3 0x8000b6c2 (0x943f2123) mem 0x80010000 0x00000001
core   0: 0x8000b6c6 (0x0000bfe5) c.j     pc - 8
core   0: 3 0x8000b6c6 (0xbfe5)
core   0: 0x8000b6be (0x00005f17) auipc   t5, 0x5
core   0: 3 0x8000b6be (0x00005f17) x30 0x800106be
core   0: 0x8000b6c2 (0x943f2123) sw      gp, -1726(t5)
core   0: 3 0x8000b6c2 (0x943f2123) mem 0x80010000 0x00000001
core   0: 0x8000b6c6 (0x0000bfe5) c.j     pc - 8
core   0: 3 0x8000b6c6 (0xbfe5)
core   0: 0x8000b6be (0x00005f17) auipc   t5, 0x5
core   0: 3 0x8000b6be (0x00005f17) x30 0x800106be
core   0: 0x8000b6c2 (0x943f2123) sw      gp, -1726(t5)
core   0: 3 0x8000b6c2 (0x943f2123) mem 0x80010000 0x00000001
core   0: 0x8000b6c6 (0x0000bfe5) c.j     pc - 8
core   0: 3 0x8000b6c6 (0xbfe5)
core   0: 0x8000b6be (0x00005f17) auipc   t5, 0x5
core   0: 3 0x8000b6be (0x00005f17) x30 0x800106be
core   0: 0x8000b6c2 (0x943f2123) sw      gp, -1726(t5)
core   0: 3 0x8000b6c2 (0x943f2123) mem 0x80010000 0x00000001
core   0: 0x8000b6c6 (0x0000bfe5) c.j     pc - 8
core   0: 3 0x8000b6c6 (0xbfe5)
core   0: 0x8000b6be (0x00005f17) auipc   t5, 0x5
core   0: 3 0x8000b6be (0x00005f17) x30 0x800106be
core   0: 0x8000b6c2 (0x943f2123) sw      gp, -1726(t5)
core   0: 3 0x8000b6c2 (0x943f2123) mem 0x80010000 0x00000001
core   0: 0x8000b6c6 (0x0000bfe5) c.j     pc - 8
core   0: 3 0x8000b6c6 (0xbfe5)
core   0: 0x8000b6be (0x00005f17) auipc   t5, 0x5
core   0: 3 0x8000b6be (0x00005f17) x30 0x800106be
core   0: 0x8000b6c2 (0x943f2123) sw      gp, -1726(t5)
core   0: 3 0x8000b6c2 (0x943f2123) mem 0x80010000 0x00000001
core   0: 0x8000b6c6 (0x0000bfe5) c.j     pc - 8
core   0: 3 0x8000b6c6 (0xbfe5)
core   0: 0x8000b6be (0x00005f17) auipc   t5, 0x5
core   0: 3 0x8000b6be (0x00005f17) x30 0x800106be
core   0: 0x8000b6c2 (0x943f2123) sw      gp, -1726(t5)
core   0: 3 0x8000b6c2 (0x943f2123) mem 0x80010000 0x00000001
core   0: 0x8000b6c6 (0x0000bfe5) c.j     pc - 8
core   0: 3 0x8000b6c6 (0xbfe5)
core   0: 0x8000b6be (0x00005f17) auipc   t5, 0x5
core   0: 3 0x8000b6be (0x00005f17) x30 0x800106be
core   0: 0x8000b6c2 (0x943f2123) sw      gp, -1726(t5)
core   0: 3 0x8000b6c2 (0x943f2123) mem 0x80010000 0x00000001
core   0: 0x8000b6c6 (0x0000bfe5) c.j     pc - 8
core   0: 3 0x8000b6c6 (0xbfe5)
core   0: 0x8000b6be (0x00005f17) auipc   t5, 0x5
core   0: 3 0x8000b6be (0x00005f17) x30 0x800106be
core   0: 0x8000b6c2 (0x943f2123) sw      gp, -1726(t5)
core   0: 3 0x8000b6c2 (0x943f2123) mem 0x80010000 0x00000001
core   0: 0x8000b6c6 (0x0000bfe5) c.j     pc - 8
core   0: 3 0x8000b6c6 (0xbfe5)
core   0: 0x8000b6be (0x00005f17) auipc   t5, 0x5
core   0: 3 0x8000b6be (0x00005f17) x30 0x800106be
core   0: 0x8000b6c2 (0x943f2123) sw      gp, -1726(t5)
core   0: 3 0x8000b6c2 (0x943f2123) mem 0x80010000 0x00000001
core   0: 0x8000b6c6 (0x0000bfe5) c.j     pc - 8
core   0: 3 0x8000b6c6 (0xbfe5)
core   0: 0x8000b6be (0x00005f17) auipc   t5, 0x5
core   0: 3 0x8000b6be (0x00005f17) x30 0x800106be
core   0: 0x8000b6c2 (0x943f2123) sw      gp, -1726(t5)
core   0: 3 0x8000b6c2 (0x943f2123) mem 0x80010000 0x00000001
core   0: 0x8000b6c6 (0x0000bfe5) c.j     pc - 8
core   0: 3 0x8000b6c6 (0xbfe5)
core   0: 0x8000b6be (0x00005f17) auipc   t5, 0x5
core   0: 3 0x8000b6be (0x00005f17) x30 0x800106be
core   0: 0x8000b6c2 (0x943f2123) sw      gp, -1726(t5)
core   0: 3 0x8000b6c2 (0x943f2123) mem 0x80010000 0x00000001
core   0: 0x8000b6c6 (0x0000bfe5) c.j     pc - 8
core   0: 3 0x8000b6c6 (0xbfe5)
core   0: 0x8000b6be (0x00005f17) auipc   t5, 0x5
core   0: 3 0x8000b6be (0x00005f17) x30 0x800106be
core   0: 0x8000b6c2 (0x943f2123) sw      gp, -1726(t5)
core   0: 3 0x8000b6c2 (0x943f2123) mem 0x80010000 0x00000001
core   0: 0x8000b6c6 (0x0000bfe5) c.j     pc - 8
core   0: 3 0x8000b6c6 (0xbfe5)
core   0: 0x8000b6be (0x00005f17) auipc   t5, 0x5
core   0: 3 0x8000b6be (0x00005f17) x30 0x800106be
core   0: 0x8000b6c2 (0x943f2123) sw      gp, -1726(t5)
core   0: 3 0x8000b6c2 (0x943f2123) mem 0x80010000 0x00000001
core   0: 0x8000b6c6 (0x0000bfe5) c.j     pc - 8
core   0: 3 0x8000b6c6 (0xbfe5)
core   0: 0x8000b6be (0x00005f17) auipc   t5, 0x5
core   0: 3 0x8000b6be (0x00005f17) x30 0x800106be
core   0: 0x8000b6c2 (0x943f2123) sw      gp, -1726(t5)
core   0: 3 0x8000b6c2 (0x943f2123) mem 0x80010000 0x00000001
core   0: 0x8000b6c6 (0x0000bfe5) c.j     pc - 8
core   0: 3 0x8000b6c6 (0xbfe5)
core   0: 0x8000b6be (0x00005f17) auipc   t5, 0x5
core   0: 3 0x8000b6be (0x00005f17) x30 0x800106be
core   0: 0x8000b6c2 (0x943f2123) sw      gp, -1726(t5)
core   0: 3 0x8000b6c2 (0x943f2123) mem 0x80010000 0x00000001
core   0: 0x8000b6c6 (0x0000bfe5) c.j     pc - 8
core   0: 3 0x8000b6c6 (0xbfe5)
core   0: 0x8000b6be (0x00005f17) auipc   t5, 0x5
core   0: 3 0x8000b6be (0x00005f17) x30 0x800106be
core   0: 0x8000b6c2 (0x943f2123) sw      gp, -1726(t5)
core   0: 3 0x8000b6c2 (0x943f2123) mem 0x80010000 0x00000001
core   0: 0x8000b6c6 (0x0000bfe5) c.j     pc - 8
core   0: 3 0x8000b6c6 (0xbfe5)
core   0: 0x8000b6be (0x00005f17) auipc   t5, 0x5
core   0: 3 0x8000b6be (0x00005f17) x30 0x800106be
core   0: 0x8000b6c2 (0x943f2123) sw      gp, -1726(t5)
core   0: 3 0x8000b6c2 (0x943f2123) mem 0x80010000 0x00000001
core   0: 0x8000b6c6 (0x0000bfe5) c.j     pc - 8
core   0: 3 0x8000b6c6 (0xbfe5)
core   0: 0x8000b6be (0x00005f17) auipc   t5, 0x5
core   0: 3 0x8000b6be (0x00005f17) x30 0x800106be
core   0: 0x8000b6c2 (0x943f2123) sw      gp, -1726(t5)
core   0: 3 0x8000b6c2 (0x943f2123) mem 0x80010000 0x00000001
core   0: 0x8000b6c6 (0x0000bfe5) c.j     pc - 8
core   0: 3 0x8000b6c6 (0xbfe5)
core   0: 0x8000b6be (0x00005f17) auipc   t5, 0x5
core   0: 3 0x8000b6be (0x00005f17) x30 0x800106be
core   0: 0x8000b6c2 (0x943f2123) sw      gp, -1726(t5)
core   0: 3 0x8000b6c2 (0x943f2123) mem 0x80010000 0x00000001
core   0: 0x8000b6c6 (0x0000bfe5) c.j     pc - 8
core   0: 3 0x8000b6c6 (0xbfe5)
core   0: 0x8000b6be (0x00005f17) auipc   t5, 0x5
core   0: 3 0x8000b6be (0x00005f17) x30 0x800106be
core   0: 0x8000b6c2 (0x943f2123) sw      gp, -1726(t5)
core   0: 3 0x8000b6c2 (0x943f2123) mem 0x80010000 0x00000001
core   0: 0x8000b6c6 (0x0000bfe5) c.j     pc - 8
core   0: 3 0x8000b6c6 (0xbfe5)
core   0: 0x8000b6be (0x00005f17) auipc   t5, 0x5
core   0: 3 0x8000b6be (0x00005f17) x30 0x800106be
core   0: 0x8000b6c2 (0x943f2123) sw      gp, -1726(t5)
core   0: 3 0x8000b6c2 (0x943f2123) mem 0x80010000 0x00000001
core   0: 0x8000b6c6 (0x0000bfe5) c.j     pc - 8
core   0: 3 0x8000b6c6 (0xbfe5)
core   0: 0x8000b6be (0x00005f17) auipc   t5, 0x5
core   0: 3 0x8000b6be (0x00005f17) x30 0x800106be
core   0: 0x8000b6c2 (0x943f2123) sw      gp, -1726(t5)
core   0: 3 0x8000b6c2 (0x943f2123) mem 0x80010000 0x00000001
core   0: 0x8000b6c6 (0x0000bfe5) c.j     pc - 8
core   0: 3 0x8000b6c6 (0xbfe5)
core   0: 0x8000b6be (0x00005f17) auipc   t5, 0x5
core   0: 3 0x8000b6be (0x00005f17) x30 0x800106be
core   0: 0x8000b6c2 (0x943f2123) sw      gp, -1726(t5)
core   0: 3 0x8000b6c2 (0x943f2123) mem 0x80010000 0x00000001
core   0: 0x8000b6c6 (0x0000bfe5) c.j     pc - 8
core   0: 3 0x8000b6c6 (0xbfe5)
core   0: 0x8000b6be (0x00005f17) auipc   t5, 0x5
core   0: 3 0x8000b6be (0x00005f17) x30 0x800106be
core   0: 0x8000b6c2 (0x943f2123) sw      gp, -1726(t5)
core   0: 3 0x8000b6c2 (0x943f2123) mem 0x80010000 0x00000001
core   0: 0x8000b6c6 (0x0000bfe5) c.j     pc - 8
core   0: 3 0x8000b6c6 (0xbfe5)
core   0: 0x8000b6be (0x00005f17) auipc   t5, 0x5
core   0: 3 0x8000b6be (0x00005f17) x30 0x800106be
core   0: 0x8000b6c2 (0x943f2123) sw      gp, -1726(t5)
core   0: 3 0x8000b6c2 (0x943f2123) mem 0x80010000 0x00000001
core   0: 0x8000b6c6 (0x0000bfe5) c.j     pc - 8
core   0: 3 0x8000b6c6 (0xbfe5)
core   0: 0x8000b6be (0x00005f17) auipc   t5, 0x5
core   0: 3 0x8000b6be (0x00005f17) x30 0x800106be
core   0: 0x8000b6c2 (0x943f2123) sw      gp, -1726(t5)
core   0: 3 0x8000b6c2 (0x943f2123) mem 0x80010000 0x00000001
core   0: 0x8000b6c6 (0x0000bfe5) c.j     pc - 8
core   0: 3 0x8000b6c6 (0xbfe5)
core   0: 0x8000b6be (0x00005f17) auipc   t5, 0x5
core   0: 3 0x8000b6be (0x00005f17) x30 0x800106be
core   0: 0x8000b6c2 (0x943f2123) sw      gp, -1726(t5)
core   0: 3 0x8000b6c2 (0x943f2123) mem 0x80010000 0x00000001
core   0: 0x8000b6c6 (0x0000bfe5) c.j     pc - 8
core   0: 3 0x8000b6c6 (0xbfe5)
core   0: 0x8000b6be (0x00005f17) auipc   t5, 0x5
core   0: 3 0x8000b6be (0x00005f17) x30 0x800106be
core   0: 0x8000b6c2 (0x943f2123) sw      gp, -1726(t5)
core   0: 3 0x8000b6c2 (0x943f2123) mem 0x80010000 0x00000001
core   0: 0x8000b6c6 (0x0000bfe5) c.j     pc - 8
core   0: 3 0x8000b6c6 (0xbfe5)
core   0: 0x8000b6be (0x00005f17) auipc   t5, 0x5
core   0: 3 0x8000b6be (0x00005f17) x30 0x800106be
core   0: 0x8000b6c2 (0x943f2123) sw      gp, -1726(t5)
core   0: 3 0x8000b6c2 (0x943f2123) mem 0x80010000 0x00000001
core   0: 0x8000b6c6 (0x0000bfe5) c.j     pc - 8
core   0: 3 0x8000b6c6 (0xbfe5)
core   0: 0x8000b6be (0x00005f17) auipc   t5, 0x5
core   0: 3 0x8000b6be (0x00005f17) x30 0x800106be
core   0: 0x8000b6c2 (0x943f2123) sw      gp, -1726(t5)
core   0: 3 0x8000b6c2 (0x943f2123) mem 0x80010000 0x00000001
core   0: 0x8000b6c6 (0x0000bfe5) c.j     pc - 8
core   0: 3 0x8000b6c6 (0xbfe5)
core   0: 0x8000b6be (0x00005f17) auipc   t5, 0x5
core   0: 3 0x8000b6be (0x00005f17) x30 0x800106be
core   0: 0x8000b6c2 (0x943f2123) sw      gp, -1726(t5)
core   0: 3 0x8000b6c2 (0x943f2123) mem 0x80010000 0x00000001
core   0: 0x8000b6c6 (0x0000bfe5) c.j     pc - 8
core   0: 3 0x8000b6c6 (0xbfe5)
core   0: 0x8000b6be (0x00005f17) auipc   t5, 0x5
core   0: 3 0x8000b6be (0x00005f17) x30 0x800106be
core   0: 0x8000b6c2 (0x943f2123) sw      gp, -1726(t5)
core   0: 3 0x8000b6c2 (0x943f2123) mem 0x80010000 0x00000001
core   0: 0x8000b6c6 (0x0000bfe5) c.j     pc - 8
core   0: 3 0x8000b6c6 (0xbfe5)
core   0: 0x8000b6be (0x00005f17) auipc   t5, 0x5
core   0: 3 0x8000b6be (0x00005f17) x30 0x800106be
core   0: 0x8000b6c2 (0x943f2123) sw      gp, -1726(t5)
core   0: 3 0x8000b6c2 (0x943f2123) mem 0x80010000 0x00000001
core   0: 0x8000b6c6 (0x0000bfe5) c.j     pc - 8
core   0: 3 0x8000b6c6 (0xbfe5)
core   0: 0x8000b6be (0x00005f17) auipc   t5, 0x5
core   0: 3 0x8000b6be (0x00005f17) x30 0x800106be
core   0: 0x8000b6c2 (0x943f2123) sw      gp, -1726(t5)
core   0: 3 0x8000b6c2 (0x943f2123) mem 0x80010000 0x00000001
core   0: 0x8000b6c6 (0x0000bfe5) c.j     pc - 8
core   0: 3 0x8000b6c6 (0xbfe5)
core   0: 0x8000b6be (0x00005f17) auipc   t5, 0x5
core   0: 3 0x8000b6be (0x00005f17) x30 0x800106be
core   0: 0x8000b6c2 (0x943f2123) sw      gp, -1726(t5)
core   0: 3 0x8000b6c2 (0x943f2123) mem 0x80010000 0x00000001
core   0: 0x8000b6c6 (0x0000bfe5) c.j     pc - 8
core   0: 3 0x8000b6c6 (0xbfe5)
core   0: 0x8000b6be (0x00005f17) auipc   t5, 0x5
core   0: 3 0x8000b6be (0x00005f17) x30 0x800106be
core   0: 0x8000b6c2 (0x943f2123) sw      gp, -1726(t5)
core   0: 3 0x8000b6c2 (0x943f2123) mem 0x80010000 0x00000001
core   0: 0x8000b6c6 (0x0000bfe5) c.j     pc - 8
core   0: 3 0x8000b6c6 (0xbfe5)
core   0: 0x8000b6be (0x00005f17) auipc   t5, 0x5
core   0: 3 0x8000b6be (0x00005f17) x30 0x800106be
core   0: 0x8000b6c2 (0x943f2123) sw      gp, -1726(t5)
core   0: 3 0x8000b6c2 (0x943f2123) mem 0x80010000 0x00000001
core   0: 0x8000b6c6 (0x0000bfe5) c.j     pc - 8
core   0: 3 0x8000b6c6 (0xbfe5)
core   0: 0x8000b6be (0x00005f17) auipc   t5, 0x5
core   0: 3 0x8000b6be (0x00005f17) x30 0x800106be
core   0: 0x8000b6c2 (0x943f2123) sw      gp, -1726(t5)
core   0: 3 0x8000b6c2 (0x943f2123) mem 0x80010000 0x00000001
core   0: 0x8000b6c6 (0x0000bfe5) c.j     pc - 8
core   0: 3 0x8000b6c6 (0xbfe5)
core   0: 0x8000b6be (0x00005f17) auipc   t5, 0x5
core   0: 3 0x8000b6be (0x00005f17) x30 0x800106be
core   0: 0x8000b6c2 (0x943f2123) sw      gp, -1726(t5)
core   0: 3 0x8000b6c2 (0x943f2123) mem 0x80010000 0x00000001
core   0: 0x8000b6c6 (0x0000bfe5) c.j     pc - 8
core   0: 3 0x8000b6c6 (0xbfe5)
core   0: 0x8000b6be (0x00005f17) auipc   t5, 0x5
core   0: 3 0x8000b6be (0x00005f17) x30 0x800106be
core   0: 0x8000b6c2 (0x943f2123) sw      gp, -1726(t5)
core   0: 3 0x8000b6c2 (0x943f2123) mem 0x80010000 0x00000001
core   0: 0x8000b6c6 (0x0000bfe5) c.j     pc - 8
core   0: 3 0x8000b6c6 (0xbfe5)
core   0: 0x8000b6be (0x00005f17) auipc   t5, 0x5
core   0: 3 0x8000b6be (0x00005f17) x30 0x800106be
core   0: 0x8000b6c2 (0x943f2123) sw      gp, -1726(t5)
core   0: 3 0x8000b6c2 (0x943f2123) mem 0x80010000 0x00000001
core   0: 0x8000b6c6 (0x0000bfe5) c.j     pc - 8
core   0: 3 0x8000b6c6 (0xbfe5)
core   0: 0x8000b6be (0x00005f17) auipc   t5, 0x5
core   0: 3 0x8000b6be (0x00005f17) x30 0x800106be
core   0: 0x8000b6c2 (0x943f2123) sw      gp, -1726(t5)
core   0: 3 0x8000b6c2 (0x943f2123) mem 0x80010000 0x00000001
core   0: 0x8000b6c6 (0x0000bfe5) c.j     pc - 8
core   0: 3 0x8000b6c6 (0xbfe5)
core   0: 0x8000b6be (0x00005f17) auipc   t5, 0x5
core   0: 3 0x8000b6be (0x00005f17) x30 0x800106be
core   0: 0x8000b6c2 (0x943f2123) sw      gp, -1726(t5)
core   0: 3 0x8000b6c2 (0x943f2123) mem 0x80010000 0x00000001
core   0: 0x8000b6c6 (0x0000bfe5) c.j     pc - 8
core   0: 3 0x8000b6c6 (0xbfe5)
core   0: 0x8000b6be (0x00005f17) auipc   t5, 0x5
core   0: 3 0x8000b6be (0x00005f17) x30 0x800106be
core   0: 0x8000b6c2 (0x943f2123) sw      gp, -1726(t5)
core   0: 3 0x8000b6c2 (0x943f2123) mem 0x80010000 0x00000001
core   0: 0x8000b6c6 (0x0000bfe5) c.j     pc - 8
core   0: 3 0x8000b6c6 (0xbfe5)
core   0: 0x8000b6be (0x00005f17) auipc   t5, 0x5
core   0: 3 0x8000b6be (0x00005f17) x30 0x800106be
core   0: 0x8000b6c2 (0x943f2123) sw      gp, -1726(t5)
core   0: 3 0x8000b6c2 (0x943f2123) mem 0x80010000 0x00000001
core   0: 0x8000b6c6 (0x0000bfe5) c.j     pc - 8
core   0: 3 0x8000b6c6 (0xbfe5)
core   0: 0x8000b6be (0x00005f17) auipc   t5, 0x5
core   0: 3 0x8000b6be (0x00005f17) x30 0x800106be
core   0: 0x8000b6c2 (0x943f2123) sw      gp, -1726(t5)
core   0: 3 0x8000b6c2 (0x943f2123) mem 0x80010000 0x00000001
core   0: 0x8000b6c6 (0x0000bfe5) c.j     pc - 8
core   0: 3 0x8000b6c6 (0xbfe5)
core   0: 0x8000b6be (0x00005f17) auipc   t5, 0x5
core   0: 3 0x8000b6be (0x00005f17) x30 0x800106be
core   0: 0x8000b6c2 (0x943f2123) sw      gp, -1726(t5)
core   0: 3 0x8000b6c2 (0x943f2123) mem 0x80010000 0x00000001
core   0: 0x8000b6c6 (0x0000bfe5) c.j     pc - 8
core   0: 3 0x8000b6c6 (0xbfe5)
core   0: 0x8000b6be (0x00005f17) auipc   t5, 0x5
core   0: 3 0x8000b6be (0x00005f17) x30 0x800106be
core   0: 0x8000b6c2 (0x943f2123) sw      gp, -1726(t5)
core   0: 3 0x8000b6c2 (0x943f2123) mem 0x80010000 0x00000001
core   0: 0x8000b6c6 (0x0000bfe5) c.j     pc - 8
core   0: 3 0x8000b6c6 (0xbfe5)
core   0: 0x8000b6be (0x00005f17) auipc   t5, 0x5
core   0: 3 0x8000b6be (0x00005f17) x30 0x800106be
core   0: 0x8000b6c2 (0x943f2123) sw      gp, -1726(t5)
core   0: 3 0x8000b6c2 (0x943f2123) mem 0x80010000 0x00000001
core   0: 0x8000b6c6 (0x0000bfe5) c.j     pc - 8
core   0: 3 0x8000b6c6 (0xbfe5)
core   0: 0x8000b6be (0x00005f17) auipc   t5, 0x5
core   0: 3 0x8000b6be (0x00005f17) x30 0x800106be
core   0: 0x8000b6c2 (0x943f2123) sw      gp, -1726(t5)
core   0: 3 0x8000b6c2 (0x943f2123) mem 0x80010000 0x00000001
core   0: 0x8000b6c6 (0x0000bfe5) c.j     pc - 8
core   0: 3 0x8000b6c6 (0xbfe5)
core   0: 0x8000b6be (0x00005f17) auipc   t5, 0x5
core   0: 3 0x8000b6be (0x00005f17) x30 0x800106be
core   0: 0x8000b6c2 (0x943f2123) sw      gp, -1726(t5)
core   0: 3 0x8000b6c2 (0x943f2123) mem 0x80010000 0x00000001
core   0: 0x8000b6c6 (0x0000bfe5) c.j     pc - 8
core   0: 3 0x8000b6c6 (0xbfe5)
core   0: 0x8000b6be (0x00005f17) auipc   t5, 0x5
core   0: 3 0x8000b6be (0x00005f17) x30 0x800106be
core   0: 0x8000b6c2 (0x943f2123) sw      gp, -1726(t5)
core   0: 3 0x8000b6c2 (0x943f2123) mem 0x80010000 0x00000001
core   0: 0x8000b6c6 (0x0000bfe5) c.j     pc - 8
core   0: 3 0x8000b6c6 (0xbfe5)
core   0: 0x8000b6be (0x00005f17) auipc   t5, 0x5
core   0: 3 0x8000b6be (0x00005f17) x30 0x800106be
core   0: 0x8000b6c2 (0x943f2123) sw      gp, -1726(t5)
core   0: 3 0x8000b6c2 (0x943f2123) mem 0x80010000 0x00000001
core   0: 0x8000b6c6 (0x0000bfe5) c.j     pc - 8
core   0: 3 0x8000b6c6 (0xbfe5)
core   0: 0x8000b6be (0x00005f17) auipc   t5, 0x5
core   0: 3 0x8000b6be (0x00005f17) x30 0x800106be
core   0: 0x8000b6c2 (0x943f2123) sw      gp, -1726(t5)
core   0: 3 0x8000b6c2 (0x943f2123) mem 0x80010000 0x00000001
core   0: 0x8000b6c6 (0x0000bfe5) c.j     pc - 8
core   0: 3 0x8000b6c6 (0xbfe5)
core   0: 0x8000b6be (0x00005f17) auipc   t5, 0x5
core   0: 3 0x8000b6be (0x00005f17) x30 0x800106be
core   0: 0x8000b6c2 (0x943f2123) sw      gp, -1726(t5)
core   0: 3 0x8000b6c2 (0x943f2123) mem 0x80010000 0x00000001
core   0: 0x8000b6c6 (0x0000bfe5) c.j     pc - 8
core   0: 3 0x8000b6c6 (0xbfe5)
core   0: 0x8000b6be (0x00005f17) auipc   t5, 0x5
core   0: 3 0x8000b6be (0x00005f17) x30 0x800106be
core   0: 0x8000b6c2 (0x943f2123) sw      gp, -1726(t5)
core   0: 3 0x8000b6c2 (0x943f2123) mem 0x80010000 0x00000001
core   0: 0x8000b6c6 (0x0000bfe5) c.j     pc - 8
core   0: 3 0x8000b6c6 (0xbfe5)
core   0: 0x8000b6be (0x00005f17) auipc   t5, 0x5
core   0: 3 0x8000b6be (0x00005f17) x30 0x800106be
core   0: 0x8000b6c2 (0x943f2123) sw      gp, -1726(t5)
core   0: 3 0x8000b6c2 (0x943f2123) mem 0x80010000 0x00000001
core   0: 0x8000b6c6 (0x0000bfe5) c.j     pc - 8
core   0: 3 0x8000b6c6 (0xbfe5)
core   0: 0x8000b6be (0x00005f17) auipc   t5, 0x5
core   0: 3 0x8000b6be (0x00005f17) x30 0x800106be
core   0: 0x8000b6c2 (0x943f2123) sw      gp, -1726(t5)
core   0: 3 0x8000b6c2 (0x943f2123) mem 0x80010000 0x00000001
core   0: 0x8000b6c6 (0x0000bfe5) c.j     pc - 8
core   0: 3 0x8000b6c6 (0xbfe5)
core   0: 0x8000b6be (0x00005f17) auipc   t5, 0x5
core   0: 3 0x8000b6be (0x00005f17) x30 0x800106be
core   0: 0x8000b6c2 (0x943f2123) sw      gp, -1726(t5)
core   0: 3 0x8000b6c2 (0x943f2123) mem 0x80010000 0x00000001
core   0: 0x8000b6c6 (0x0000bfe5) c.j     pc - 8
core   0: 3 0x8000b6c6 (0xbfe5)
core   0: 0x8000b6be (0x00005f17) auipc   t5, 0x5
core   0: 3 0x8000b6be (0x00005f17) x30 0x800106be
core   0: 0x8000b6c2 (0x943f2123) sw      gp, -1726(t5)
core   0: 3 0x8000b6c2 (0x943f2123) mem 0x80010000 0x00000001
core   0: 0x8000b6c6 (0x0000bfe5) c.j     pc - 8
core   0: 3 0x8000b6c6 (0xbfe5)
core   0: 0x8000b6be (0x00005f17) auipc   t5, 0x5
core   0: 3 0x8000b6be (0x00005f17) x30 0x800106be
core   0: 0x8000b6c2 (0x943f2123) sw      gp, -1726(t5)
core   0: 3 0x8000b6c2 (0x943f2123) mem 0x80010000 0x00000001
core   0: 0x8000b6c6 (0x0000bfe5) c.j     pc - 8
core   0: 3 0x8000b6c6 (0xbfe5)
core   0: 0x8000b6be (0x00005f17) auipc   t5, 0x5
core   0: 3 0x8000b6be (0x00005f17) x30 0x800106be
core   0: 0x8000b6c2 (0x943f2123) sw      gp, -1726(t5)
core   0: 3 0x8000b6c2 (0x943f2123) mem 0x80010000 0x00000001
core   0: 0x8000b6c6 (0x0000bfe5) c.j     pc - 8
core   0: 3 0x8000b6c6 (0xbfe5)
core   0: 0x8000b6be (0x00005f17) auipc   t5, 0x5
core   0: 3 0x8000b6be (0x00005f17) x30 0x800106be
core   0: 0x8000b6c2 (0x943f2123) sw      gp, -1726(t5)
core   0: 3 0x8000b6c2 (0x943f2123) mem 0x80010000 0x00000001
core   0: 0x8000b6c6 (0x0000bfe5) c.j     pc - 8
core   0: 3 0x8000b6c6 (0xbfe5)
core   0: 0x8000b6be (0x00005f17) auipc   t5, 0x5
core   0: 3 0x8000b6be (0x00005f17) x30 0x800106be
core   0: 0x8000b6c2 (0x943f2123) sw      gp, -1726(t5)
core   0: 3 0x8000b6c2 (0x943f2123) mem 0x80010000 0x00000001
core   0: 0x8000b6c6 (0x0000bfe5) c.j     pc - 8
core   0: 3 0x8000b6c6 (0xbfe5)
core   0: 0x8000b6be (0x00005f17) auipc   t5, 0x5
core   0: 3 0x8000b6be (0x00005f17) x30 0x800106be
core   0: 0x8000b6c2 (0x943f2123) sw      gp, -1726(t5)
core   0: 3 0x8000b6c2 (0x943f2123) mem 0x80010000 0x00000001
core   0: 0x8000b6c6 (0x0000bfe5) c.j     pc - 8
core   0: 3 0x8000b6c6 (0xbfe5)
core   0: 0x8000b6be (0x00005f17) auipc   t5, 0x5
core   0: 3 0x8000b6be (0x00005f17) x30 0x800106be
core   0: 0x8000b6c2 (0x943f2123) sw      gp, -1726(t5)
core   0: 3 0x8000b6c2 (0x943f2123) mem 0x80010000 0x00000001
core   0: 0x8000b6c6 (0x0000bfe5) c.j     pc - 8
core   0: 3 0x8000b6c6 (0xbfe5)
core   0: 0x8000b6be (0x00005f17) auipc   t5, 0x5
core   0: 3 0x8000b6be (0x00005f17) x30 0x800106be
core   0: 0x8000b6c2 (0x943f2123) sw      gp, -1726(t5)
core   0: 3 0x8000b6c2 (0x943f2123) mem 0x80010000 0x00000001
core   0: 0x8000b6c6 (0x0000bfe5) c.j     pc - 8
core   0: 3 0x8000b6c6 (0xbfe5)
core   0: 0x8000b6be (0x00005f17) auipc   t5, 0x5
core   0: 3 0x8000b6be (0x00005f17) x30 0x800106be
core   0: 0x8000b6c2 (0x943f2123) sw      gp, -1726(t5)
core   0: 3 0x8000b6c2 (0x943f2123) mem 0x80010000 0x00000001
core   0: 0x8000b6c6 (0x0000bfe5) c.j     pc - 8
core   0: 3 0x8000b6c6 (0xbfe5)
core   0: 0x8000b6be (0x00005f17) auipc   t5, 0x5
core   0: 3 0x8000b6be (0x00005f17) x30 0x800106be
core   0: 0x8000b6c2 (0x943f2123) sw      gp, -1726(t5)
core   0: 3 0x8000b6c2 (0x943f2123) mem 0x80010000 0x00000001
core   0: 0x8000b6c6 (0x0000bfe5) c.j     pc - 8
core   0: 3 0x8000b6c6 (0xbfe5)
core   0: 0x8000b6be (0x00005f17) auipc   t5, 0x5
core   0: 3 0x8000b6be (0x00005f17) x30 0x800106be
core   0: 0x8000b6c2 (0x943f2123) sw      gp, -1726(t5)
core   0: 3 0x8000b6c2 (0x943f2123) mem 0x80010000 0x00000001
core   0: 0x8000b6c6 (0x0000bfe5) c.j     pc - 8
core   0: 3 0x8000b6c6 (0xbfe5)
core   0: 0x8000b6be (0x00005f17) auipc   t5, 0x5
core   0: 3 0x8000b6be (0x00005f17) x30 0x800106be
core   0: 0x8000b6c2 (0x943f2123) sw      gp, -1726(t5)
core   0: 3 0x8000b6c2 (0x943f2123) mem 0x80010000 0x00000001
core   0: 0x8000b6c6 (0x0000bfe5) c.j     pc - 8
core   0: 3 0x8000b6c6 (0xbfe5)
core   0: 0x8000b6be (0x00005f17) auipc   t5, 0x5
core   0: 3 0x8000b6be (0x00005f17) x30 0x800106be
core   0: 0x8000b6c2 (0x943f2123) sw      gp, -1726(t5)
core   0: 3 0x8000b6c2 (0x943f2123) mem 0x80010000 0x00000001
core   0: 0x8000b6c6 (0x0000bfe5) c.j     pc - 8
core   0: 3 0x8000b6c6 (0xbfe5)
core   0: 0x8000b6be (0x00005f17) auipc   t5, 0x5
core   0: 3 0x8000b6be (0x00005f17) x30 0x800106be
core   0: 0x8000b6c2 (0x943f2123) sw      gp, -1726(t5)
core   0: 3 0x8000b6c2 (0x943f2123) mem 0x80010000 0x00000001
core   0: 0x8000b6c6 (0x0000bfe5) c.j     pc - 8
core   0: 3 0x8000b6c6 (0xbfe5)
core   0: 0x8000b6be (0x00005f17) auipc   t5, 0x5
core   0: 3 0x8000b6be (0x00005f17) x30 0x800106be
core   0: 0x8000b6c2 (0x943f2123) sw      gp, -1726(t5)
core   0: 3 0x8000b6c2 (0x943f2123) mem 0x80010000 0x00000001
core   0: 0x8000b6c6 (0x0000bfe5) c.j     pc - 8
core   0: 3 0x8000b6c6 (0xbfe5)
core   0: 0x8000b6be (0x00005f17) auipc   t5, 0x5
core   0: 3 0x8000b6be (0x00005f17) x30 0x800106be
core   0: 0x8000b6c2 (0x943f2123) sw      gp, -1726(t5)
core   0: 3 0x8000b6c2 (0x943f2123) mem 0x80010000 0x00000001
core   0: 0x8000b6c6 (0x0000bfe5) c.j     pc - 8
core   0: 3 0x8000b6c6 (0xbfe5)
core   0: 0x8000b6be (0x00005f17) auipc   t5, 0x5
core   0: 3 0x8000b6be (0x00005f17) x30 0x800106be
core   0: 0x8000b6c2 (0x943f2123) sw      gp, -1726(t5)
core   0: 3 0x8000b6c2 (0x943f2123) mem 0x80010000 0x00000001
core   0: 0x8000b6c6 (0x0000bfe5) c.j     pc - 8
core   0: 3 0x8000b6c6 (0xbfe5)
core   0: 0x8000b6be (0x00005f17) auipc   t5, 0x5
core   0: 3 0x8000b6be (0x00005f17) x30 0x800106be
core   0: 0x8000b6c2 (0x943f2123) sw      gp, -1726(t5)
core   0: 3 0x8000b6c2 (0x943f2123) mem 0x80010000 0x00000001
core   0: 0x8000b6c6 (0x0000bfe5) c.j     pc - 8
core   0: 3 0x8000b6c6 (0xbfe5)
core   0: 0x8000b6be (0x00005f17) auipc   t5, 0x5
core   0: 3 0x8000b6be (0x00005f17) x30 0x800106be
core   0: 0x8000b6c2 (0x943f2123) sw      gp, -1726(t5)
core   0: 3 0x8000b6c2 (0x943f2123) mem 0x80010000 0x00000001
core   0: 0x8000b6c6 (0x0000bfe5) c.j     pc - 8
core   0: 3 0x8000b6c6 (0xbfe5)
core   0: 0x8000b6be (0x00005f17) auipc   t5, 0x5
core   0: 3 0x8000b6be (0x00005f17) x30 0x800106be
core   0: 0x8000b6c2 (0x943f2123) sw      gp, -1726(t5)
core   0: 3 0x8000b6c2 (0x943f2123) mem 0x80010000 0x00000001
core   0: 0x8000b6c6 (0x0000bfe5) c.j     pc - 8
core   0: 3 0x8000b6c6 (0xbfe5)
core   0: 0x8000b6be (0x00005f17) auipc   t5, 0x5
core   0: 3 0x8000b6be (0x00005f17) x30 0x800106be
core   0: 0x8000b6c2 (0x943f2123) sw      gp, -1726(t5)
core   0: 3 0x8000b6c2 (0x943f2123) mem 0x80010000 0x00000001
core   0: 0x8000b6c6 (0x0000bfe5) c.j     pc - 8
core   0: 3 0x8000b6c6 (0xbfe5)
core   0: 0x8000b6be (0x00005f17) auipc   t5, 0x5
core   0: 3 0x8000b6be (0x00005f17) x30 0x800106be
core   0: 0x8000b6c2 (0x943f2123) sw      gp, -1726(t5)
core   0: 3 0x8000b6c2 (0x943f2123) mem 0x80010000 0x00000001
core   0: 0x8000b6c6 (0x0000bfe5) c.j     pc - 8
core   0: 3 0x8000b6c6 (0xbfe5)
core   0: 0x8000b6be (0x00005f17) auipc   t5, 0x5
core   0: 3 0x8000b6be (0x00005f17) x30 0x800106be
core   0: 0x8000b6c2 (0x943f2123) sw      gp, -1726(t5)
core   0: 3 0x8000b6c2 (0x943f2123) mem 0x80010000 0x00000001
core   0: 0x8000b6c6 (0x0000bfe5) c.j     pc - 8
core   0: 3 0x8000b6c6 (0xbfe5)
core   0: 0x8000b6be (0x00005f17) auipc   t5, 0x5
core   0: 3 0x8000b6be (0x00005f17) x30 0x800106be
core   0: 0x8000b6c2 (0x943f2123) sw      gp, -1726(t5)
core   0: 3 0x8000b6c2 (0x943f2123) mem 0x80010000 0x00000001
core   0: 0x8000b6c6 (0x0000bfe5) c.j     pc - 8
core   0: 3 0x8000b6c6 (0xbfe5)
core   0: 0x8000b6be (0x00005f17) auipc   t5, 0x5
core   0: 3 0x8000b6be (0x00005f17) x30 0x800106be
core   0: 0x8000b6c2 (0x943f2123) sw      gp, -1726(t5)
core   0: 3 0x8000b6c2 (0x943f2123) mem 0x80010000 0x00000001
core   0: 0x8000b6c6 (0x0000bfe5) c.j     pc - 8
core   0: 3 0x8000b6c6 (0xbfe5)
core   0: 0x8000b6be (0x00005f17) auipc   t5, 0x5
core   0: 3 0x8000b6be (0x00005f17) x30 0x800106be
core   0: 0x8000b6c2 (0x943f2123) sw      gp, -1726(t5)
core   0: 3 0x8000b6c2 (0x943f2123) mem 0x80010000 0x00000001
core   0: 0x8000b6c6 (0x0000bfe5) c.j     pc - 8
core   0: 3 0x8000b6c6 (0xbfe5)
core   0: 0x8000b6be (0x00005f17) auipc   t5, 0x5
core   0: 3 0x8000b6be (0x00005f17) x30 0x800106be
core   0: 0x8000b6c2 (0x943f2123) sw      gp, -1726(t5)
core   0: 3 0x8000b6c2 (0x943f2123) mem 0x80010000 0x00000001
core   0: 0x8000b6c6 (0x0000bfe5) c.j     pc - 8
core   0: 3 0x8000b6c6 (0xbfe5)
core   0: 0x8000b6be (0x00005f17) auipc   t5, 0x5
core   0: 3 0x8000b6be (0x00005f17) x30 0x800106be
core   0: 0x8000b6c2 (0x943f2123) sw      gp, -1726(t5)
core   0: 3 0x8000b6c2 (0x943f2123) mem 0x80010000 0x00000001
core   0: 0x8000b6c6 (0x0000bfe5) c.j     pc - 8
core   0: 3 0x8000b6c6 (0xbfe5)
core   0: 0x8000b6be (0x00005f17) auipc   t5, 0x5
core   0: 3 0x8000b6be (0x00005f17) x30 0x800106be
core   0: 0x8000b6c2 (0x943f2123) sw      gp, -1726(t5)
core   0: 3 0x8000b6c2 (0x943f2123) mem 0x80010000 0x00000001
core   0: 0x8000b6c6 (0x0000bfe5) c.j     pc - 8
core   0: 3 0x8000b6c6 (0xbfe5)
core   0: 0x8000b6be (0x00005f17) auipc   t5, 0x5
core   0: 3 0x8000b6be (0x00005f17) x30 0x800106be
core   0: 0x8000b6c2 (0x943f2123) sw      gp, -1726(t5)
core   0: 3 0x8000b6c2 (0x943f2123) mem 0x80010000 0x00000001
core   0: 0x8000b6c6 (0x0000bfe5) c.j     pc - 8
core   0: 3 0x8000b6c6 (0xbfe5)
core   0: 0x8000b6be (0x00005f17) auipc   t5, 0x5
core   0: 3 0x8000b6be (0x00005f17) x30 0x800106be
core   0: 0x8000b6c2 (0x943f2123) sw      gp, -1726(t5)
core   0: 3 0x8000b6c2 (0x943f2123) mem 0x80010000 0x00000001
core   0: 0x8000b6c6 (0x0000bfe5) c.j     pc - 8
core   0: 3 0x8000b6c6 (0xbfe5)
core   0: 0x8000b6be (0x00005f17) auipc   t5, 0x5
core   0: 3 0x8000b6be (0x00005f17) x30 0x800106be
core   0: 0x8000b6c2 (0x943f2123) sw      gp, -1726(t5)
core   0: 3 0x8000b6c2 (0x943f2123) mem 0x80010000 0x00000001
core   0: 0x8000b6c6 (0x0000bfe5) c.j     pc - 8
core   0: 3 0x8000b6c6 (0xbfe5)
core   0: 0x8000b6be (0x00005f17) auipc   t5, 0x5
core   0: 3 0x8000b6be (0x00005f17) x30 0x800106be
core   0: 0x8000b6c2 (0x943f2123) sw      gp, -1726(t5)
core   0: 3 0x8000b6c2 (0x943f2123) mem 0x80010000 0x00000001
core   0: 0x8000b6c6 (0x0000bfe5) c.j     pc - 8
core   0: 3 0x8000b6c6 (0xbfe5)
core   0: 0x8000b6be (0x00005f17) auipc   t5, 0x5
core   0: 3 0x8000b6be (0x00005f17) x30 0x800106be
core   0: 0x8000b6c2 (0x943f2123) sw      gp, -1726(t5)
core   0: 3 0x8000b6c2 (0x943f2123) mem 0x80010000 0x00000001
core   0: 0x8000b6c6 (0x0000bfe5) c.j     pc - 8
core   0: 3 0x8000b6c6 (0xbfe5)
core   0: 0x8000b6be (0x00005f17) auipc   t5, 0x5
core   0: 3 0x8000b6be (0x00005f17) x30 0x800106be
core   0: 0x8000b6c2 (0x943f2123) sw      gp, -1726(t5)
core   0: 3 0x8000b6c2 (0x943f2123) mem 0x80010000 0x00000001
core   0: 0x8000b6c6 (0x0000bfe5) c.j     pc - 8
core   0: 3 0x8000b6c6 (0xbfe5)
core   0: 0x8000b6be (0x00005f17) auipc   t5, 0x5
core   0: 3 0x8000b6be (0x00005f17) x30 0x800106be
core   0: 0x8000b6c2 (0x943f2123) sw      gp, -1726(t5)
core   0: 3 0x8000b6c2 (0x943f2123) mem 0x80010000 0x00000001
core   0: 0x8000b6c6 (0x0000bfe5) c.j     pc - 8
core   0: 3 0x8000b6c6 (0xbfe5)
core   0: 0x8000b6be (0x00005f17) auipc   t5, 0x5
core   0: 3 0x8000b6be (0x00005f17) x30 0x800106be
core   0: 0x8000b6c2 (0x943f2123) sw      gp, -1726(t5)
core   0: 3 0x8000b6c2 (0x943f2123) mem 0x80010000 0x00000001
core   0: 0x8000b6c6 (0x0000bfe5) c.j     pc - 8
core   0: 3 0x8000b6c6 (0xbfe5)
core   0: 0x8000b6be (0x00005f17) auipc   t5, 0x5
core   0: 3 0x8000b6be (0x00005f17) x30 0x800106be
core   0: 0x8000b6c2 (0x943f2123) sw      gp, -1726(t5)
core   0: 3 0x8000b6c2 (0x943f2123) mem 0x80010000 0x00000001
core   0: 0x8000b6c6 (0x0000bfe5) c.j     pc - 8
core   0: 3 0x8000b6c6 (0xbfe5)
core   0: 0x8000b6be (0x00005f17) auipc   t5, 0x5
core   0: 3 0x8000b6be (0x00005f17) x30 0x800106be
core   0: 0x8000b6c2 (0x943f2123) sw      gp, -1726(t5)
core   0: 3 0x8000b6c2 (0x943f2123) mem 0x80010000 0x00000001
core   0: 0x8000b6c6 (0x0000bfe5) c.j     pc - 8
core   0: 3 0x8000b6c6 (0xbfe5)
core   0: 0x8000b6be (0x00005f17) auipc   t5, 0x5
core   0: 3 0x8000b6be (0x00005f17) x30 0x800106be
core   0: 0x8000b6c2 (0x943f2123) sw      gp, -1726(t5)
core   0: 3 0x8000b6c2 (0x943f2123) mem 0x80010000 0x00000001
core   0: 0x8000b6c6 (0x0000bfe5) c.j     pc - 8
core   0: 3 0x8000b6c6 (0xbfe5)
core   0: 0x8000b6be (0x00005f17) auipc   t5, 0x5
core   0: 3 0x8000b6be (0x00005f17) x30 0x800106be
core   0: 0x8000b6c2 (0x943f2123) sw      gp, -1726(t5)
core   0: 3 0x8000b6c2 (0x943f2123) mem 0x80010000 0x00000001
core   0: 0x8000b6c6 (0x0000bfe5) c.j     pc - 8
core   0: 3 0x8000b6c6 (0xbfe5)
core   0: 0x8000b6be (0x00005f17) auipc   t5, 0x5
core   0: 3 0x8000b6be (0x00005f17) x30 0x800106be
core   0: 0x8000b6c2 (0x943f2123) sw      gp, -1726(t5)
core   0: 3 0x8000b6c2 (0x943f2123) mem 0x80010000 0x00000001
core   0: 0x8000b6c6 (0x0000bfe5) c.j     pc - 8
core   0: 3 0x8000b6c6 (0xbfe5)
core   0: 0x8000b6be (0x00005f17) auipc   t5, 0x5
core   0: 3 0x8000b6be (0x00005f17) x30 0x800106be
core   0: 0x8000b6c2 (0x943f2123) sw      gp, -1726(t5)
core   0: 3 0x8000b6c2 (0x943f2123) mem 0x80010000 0x00000001
core   0: 0x8000b6c6 (0x0000bfe5) c.j     pc - 8
core   0: 3 0x8000b6c6 (0xbfe5)
core   0: 0x8000b6be (0x00005f17) auipc   t5, 0x5
core   0: 3 0x8000b6be (0x00005f17) x30 0x800106be
core   0: 0x8000b6c2 (0x943f2123) sw      gp, -1726(t5)
core   0: 3 0x8000b6c2 (0x943f2123) mem 0x80010000 0x00000001
core   0: 0x8000b6c6 (0x0000bfe5) c.j     pc - 8
core   0: 3 0x8000b6c6 (0xbfe5)
core   0: 0x8000b6be (0x00005f17) auipc   t5, 0x5
core   0: 3 0x8000b6be (0x00005f17) x30 0x800106be
core   0: 0x8000b6c2 (0x943f2123) sw      gp, -1726(t5)
core   0: 3 0x8000b6c2 (0x943f2123) mem 0x80010000 0x00000001
core   0: 0x8000b6c6 (0x0000bfe5) c.j     pc - 8
core   0: 3 0x8000b6c6 (0xbfe5)
core   0: 0x8000b6be (0x00005f17) auipc   t5, 0x5
core   0: 3 0x8000b6be (0x00005f17) x30 0x800106be
core   0: 0x8000b6c2 (0x943f2123) sw      gp, -1726(t5)
core   0: 3 0x8000b6c2 (0x943f2123) mem 0x80010000 0x00000001
core   0: 0x8000b6c6 (0x0000bfe5) c.j     pc - 8
core   0: 3 0x8000b6c6 (0xbfe5)
core   0: 0x8000b6be (0x00005f17) auipc   t5, 0x5
core   0: 3 0x8000b6be (0x00005f17) x30 0x800106be
core   0: 0x8000b6c2 (0x943f2123) sw      gp, -1726(t5)
core   0: 3 0x8000b6c2 (0x943f2123) mem 0x80010000 0x00000001
core   0: 0x8000b6c6 (0x0000bfe5) c.j     pc - 8
core   0: 3 0x8000b6c6 (0xbfe5)
core   0: 0x8000b6be (0x00005f17) auipc   t5, 0x5
core   0: 3 0x8000b6be (0x00005f17) x30 0x800106be
core   0: 0x8000b6c2 (0x943f2123) sw      gp, -1726(t5)
core   0: 3 0x8000b6c2 (0x943f2123) mem 0x80010000 0x00000001
core   0: 0x8000b6c6 (0x0000bfe5) c.j     pc - 8
core   0: 3 0x8000b6c6 (0xbfe5)
core   0: 0x8000b6be (0x00005f17) auipc   t5, 0x5
core   0: 3 0x8000b6be (0x00005f17) x30 0x800106be
core   0: 0x8000b6c2 (0x943f2123) sw      gp, -1726(t5)
core   0: 3 0x8000b6c2 (0x943f2123) mem 0x80010000 0x00000001
core   0: 0x8000b6c6 (0x0000bfe5) c.j     pc - 8
core   0: 3 0x8000b6c6 (0xbfe5)
core   0: 0x8000b6be (0x00005f17) auipc   t5, 0x5
core   0: 3 0x8000b6be (0x00005f17) x30 0x800106be
core   0: 0x8000b6c2 (0x943f2123) sw      gp, -1726(t5)
core   0: 3 0x8000b6c2 (0x943f2123) mem 0x80010000 0x00000001
core   0: 0x8000b6c6 (0x0000bfe5) c.j     pc - 8
core   0: 3 0x8000b6c6 (0xbfe5)
core   0: 0x8000b6be (0x00005f17) auipc   t5, 0x5
core   0: 3 0x8000b6be (0x00005f17) x30 0x800106be
core   0: 0x8000b6c2 (0x943f2123) sw      gp, -1726(t5)
core   0: 3 0x8000b6c2 (0x943f2123) mem 0x80010000 0x00000001
core   0: 0x8000b6c6 (0x0000bfe5) c.j     pc - 8
core   0: 3 0x8000b6c6 (0xbfe5)
core   0: 0x8000b6be (0x00005f17) auipc   t5, 0x5
core   0: 3 0x8000b6be (0x00005f17) x30 0x800106be
core   0: 0x8000b6c2 (0x943f2123) sw      gp, -1726(t5)
core   0: 3 0x8000b6c2 (0x943f2123) mem 0x80010000 0x00000001
core   0: 0x8000b6c6 (0x0000bfe5) c.j     pc - 8
core   0: 3 0x8000b6c6 (0xbfe5)
core   0: 0x8000b6be (0x00005f17) auipc   t5, 0x5
core   0: 3 0x8000b6be (0x00005f17) x30 0x800106be
core   0: 0x8000b6c2 (0x943f2123) sw      gp, -1726(t5)
core   0: 3 0x8000b6c2 (0x943f2123) mem 0x80010000 0x00000001
core   0: 0x8000b6c6 (0x0000bfe5) c.j     pc - 8
core   0: 3 0x8000b6c6 (0xbfe5)
core   0: 0x8000b6be (0x00005f17) auipc   t5, 0x5
core   0: 3 0x8000b6be (0x00005f17) x30 0x800106be
core   0: 0x8000b6c2 (0x943f2123) sw      gp, -1726(t5)
core   0: 3 0x8000b6c2 (0x943f2123) mem 0x80010000 0x00000001
core   0: 0x8000b6c6 (0x0000bfe5) c.j     pc - 8
core   0: 3 0x8000b6c6 (0xbfe5)
core   0: 0x8000b6be (0x00005f17) auipc   t5, 0x5
core   0: 3 0x8000b6be (0x00005f17) x30 0x800106be
core   0: 0x8000b6c2 (0x943f2123) sw      gp, -1726(t5)
core   0: 3 0x8000b6c2 (0x943f2123) mem 0x80010000 0x00000001
core   0: 0x8000b6c6 (0x0000bfe5) c.j     pc - 8
core   0: 3 0x8000b6c6 (0xbfe5)
core   0: 0x8000b6be (0x00005f17) auipc   t5, 0x5
core   0: 3 0x8000b6be (0x00005f17) x30 0x800106be
core   0: 0x8000b6c2 (0x943f2123) sw      gp, -1726(t5)
core   0: 3 0x8000b6c2 (0x943f2123) mem 0x80010000 0x00000001
core   0: 0x8000b6c6 (0x0000bfe5) c.j     pc - 8
core   0: 3 0x8000b6c6 (0xbfe5)
core   0: 0x8000b6be (0x00005f17) auipc   t5, 0x5
core   0: 3 0x8000b6be (0x00005f17) x30 0x800106be
core   0: 0x8000b6c2 (0x943f2123) sw      gp, -1726(t5)
core   0: 3 0x8000b6c2 (0x943f2123) mem 0x80010000 0x00000001
core   0: 0x8000b6c6 (0x0000bfe5) c.j     pc - 8
core   0: 3 0x8000b6c6 (0xbfe5)
core   0: 0x8000b6be (0x00005f17) auipc   t5, 0x5
core   0: 3 0x8000b6be (0x00005f17) x30 0x800106be
core   0: 0x8000b6c2 (0x943f2123) sw      gp, -1726(t5)
core   0: 3 0x8000b6c2 (0x943f2123) mem 0x80010000 0x00000001
core   0: 0x8000b6c6 (0x0000bfe5) c.j     pc - 8
core   0: 3 0x8000b6c6 (0xbfe5)
core   0: 0x8000b6be (0x00005f17) auipc   t5, 0x5
core   0: 3 0x8000b6be (0x00005f17) x30 0x800106be
core   0: 0x8000b6c2 (0x943f2123) sw      gp, -1726(t5)
core   0: 3 0x8000b6c2 (0x943f2123) mem 0x80010000 0x00000001
core   0: 0x8000b6c6 (0x0000bfe5) c.j     pc - 8
core   0: 3 0x8000b6c6 (0xbfe5)
core   0: 0x8000b6be (0x00005f17) auipc   t5, 0x5
core   0: 3 0x8000b6be (0x00005f17) x30 0x800106be
core   0: 0x8000b6c2 (0x943f2123) sw      gp, -1726(t5)
core   0: 3 0x8000b6c2 (0x943f2123) mem 0x80010000 0x00000001
core   0: 0x8000b6c6 (0x0000bfe5) c.j     pc - 8
core   0: 3 0x8000b6c6 (0xbfe5)
core   0: 0x8000b6be (0x00005f17) auipc   t5, 0x5
core   0: 3 0x8000b6be (0x00005f17) x30 0x800106be
core   0: 0x8000b6c2 (0x943f2123) sw      gp, -1726(t5)
core   0: 3 0x8000b6c2 (0x943f2123) mem 0x80010000 0x00000001
core   0: 0x8000b6c6 (0x0000bfe5) c.j     pc - 8
core   0: 3 0x8000b6c6 (0xbfe5)
core   0: 0x8000b6be (0x00005f17) auipc   t5, 0x5
core   0: 3 0x8000b6be (0x00005f17) x30 0x800106be
core   0: 0x8000b6c2 (0x943f2123) sw      gp, -1726(t5)
core   0: 3 0x8000b6c2 (0x943f2123) mem 0x80010000 0x00000001
core   0: 0x8000b6c6 (0x0000bfe5) c.j     pc - 8
core   0: 3 0x8000b6c6 (0xbfe5)
core   0: 0x8000b6be (0x00005f17) auipc   t5, 0x5
core   0: 3 0x8000b6be (0x00005f17) x30 0x800106be
core   0: 0x8000b6c2 (0x943f2123) sw      gp, -1726(t5)
core   0: 3 0x8000b6c2 (0x943f2123) mem 0x80010000 0x00000001
core   0: 0x8000b6c6 (0x0000bfe5) c.j     pc - 8
core   0: 3 0x8000b6c6 (0xbfe5)
core   0: 0x8000b6be (0x00005f17) auipc   t5, 0x5
core   0: 3 0x8000b6be (0x00005f17) x30 0x800106be
core   0: 0x8000b6c2 (0x943f2123) sw      gp, -1726(t5)
core   0: 3 0x8000b6c2 (0x943f2123) mem 0x80010000 0x00000001
core   0: 0x8000b6c6 (0x0000bfe5) c.j     pc - 8
core   0: 3 0x8000b6c6 (0xbfe5)
core   0: 0x8000b6be (0x00005f17) auipc   t5, 0x5
core   0: 3 0x8000b6be (0x00005f17) x30 0x800106be
core   0: 0x8000b6c2 (0x943f2123) sw      gp, -1726(t5)
core   0: 3 0x8000b6c2 (0x943f2123) mem 0x80010000 0x00000001
core   0: 0x8000b6c6 (0x0000bfe5) c.j     pc - 8
core   0: 3 0x8000b6c6 (0xbfe5)
core   0: 0x8000b6be (0x00005f17) auipc   t5, 0x5
core   0: 3 0x8000b6be (0x00005f17) x30 0x800106be
core   0: 0x8000b6c2 (0x943f2123) sw      gp, -1726(t5)
core   0: 3 0x8000b6c2 (0x943f2123) mem 0x80010000 0x00000001
core   0: 0x8000b6c6 (0x0000bfe5) c.j     pc - 8
core   0: 3 0x8000b6c6 (0xbfe5)
core   0: 0x8000b6be (0x00005f17) auipc   t5, 0x5
core   0: 3 0x8000b6be (0x00005f17) x30 0x800106be
core   0: 0x8000b6c2 (0x943f2123) sw      gp, -1726(t5)
core   0: 3 0x8000b6c2 (0x943f2123) mem 0x80010000 0x00000001
core   0: 0x8000b6c6 (0x0000bfe5) c.j     pc - 8
core   0: 3 0x8000b6c6 (0xbfe5)
core   0: 0x8000b6be (0x00005f17) auipc   t5, 0x5
core   0: 3 0x8000b6be (0x00005f17) x30 0x800106be
core   0: 0x8000b6c2 (0x943f2123) sw      gp, -1726(t5)
core   0: 3 0x8000b6c2 (0x943f2123) mem 0x80010000 0x00000001
core   0: 0x8000b6c6 (0x0000bfe5) c.j     pc - 8
core   0: 3 0x8000b6c6 (0xbfe5)
core   0: 0x8000b6be (0x00005f17) auipc   t5, 0x5
core   0: 3 0x8000b6be (0x00005f17) x30 0x800106be
core   0: 0x8000b6c2 (0x943f2123) sw      gp, -1726(t5)
core   0: 3 0x8000b6c2 (0x943f2123) mem 0x80010000 0x00000001
core   0: 0x8000b6c6 (0x0000bfe5) c.j     pc - 8
core   0: 3 0x8000b6c6 (0xbfe5)
core   0: 0x8000b6be (0x00005f17) auipc   t5, 0x5
core   0: 3 0x8000b6be (0x00005f17) x30 0x800106be
core   0: 0x8000b6c2 (0x943f2123) sw      gp, -1726(t5)
core   0: 3 0x8000b6c2 (0x943f2123) mem 0x80010000 0x00000001
core   0: 0x8000b6c6 (0x0000bfe5) c.j     pc - 8
core   0: 3 0x8000b6c6 (0xbfe5)
core   0: 0x8000b6be (0x00005f17) auipc   t5, 0x5
core   0: 3 0x8000b6be (0x00005f17) x30 0x800106be
core   0: 0x8000b6c2 (0x943f2123) sw      gp, -1726(t5)
core   0: 3 0x8000b6c2 (0x943f2123) mem 0x80010000 0x00000001
core   0: 0x8000b6c6 (0x0000bfe5) c.j     pc - 8
core   0: 3 0x8000b6c6 (0xbfe5)
core   0: 0x8000b6be (0x00005f17) auipc   t5, 0x5
core   0: 3 0x8000b6be (0x00005f17) x30 0x800106be
core   0: 0x8000b6c2 (0x943f2123) sw      gp, -1726(t5)
core   0: 3 0x8000b6c2 (0x943f2123) mem 0x80010000 0x00000001
core   0: 0x8000b6c6 (0x0000bfe5) c.j     pc - 8
core   0: 3 0x8000b6c6 (0xbfe5)
core   0: 0x8000b6be (0x00005f17) auipc   t5, 0x5
core   0: 3 0x8000b6be (0x00005f17) x30 0x800106be
core   0: 0x8000b6c2 (0x943f2123) sw      gp, -1726(t5)
core   0: 3 0x8000b6c2 (0x943f2123) mem 0x80010000 0x00000001
core   0: 0x8000b6c6 (0x0000bfe5) c.j     pc - 8
core   0: 3 0x8000b6c6 (0xbfe5)
core   0: 0x8000b6be (0x00005f17) auipc   t5, 0x5
core   0: 3 0x8000b6be (0x00005f17) x30 0x800106be
core   0: 0x8000b6c2 (0x943f2123) sw      gp, -1726(t5)
core   0: 3 0x8000b6c2 (0x943f2123) mem 0x80010000 0x00000001
core   0: 0x8000b6c6 (0x0000bfe5) c.j     pc - 8
core   0: 3 0x8000b6c6 (0xbfe5)
core   0: 0x8000b6be (0x00005f17) auipc   t5, 0x5
core   0: 3 0x8000b6be (0x00005f17) x30 0x800106be
core   0: 0x8000b6c2 (0x943f2123) sw      gp, -1726(t5)
core   0: 3 0x8000b6c2 (0x943f2123) mem 0x80010000 0x00000001
core   0: 0x8000b6c6 (0x0000bfe5) c.j     pc - 8
core   0: 3 0x8000b6c6 (0xbfe5)
core   0: 0x8000b6be (0x00005f17) auipc   t5, 0x5
core   0: 3 0x8000b6be (0x00005f17) x30 0x800106be
core   0: 0x8000b6c2 (0x943f2123) sw      gp, -1726(t5)
core   0: 3 0x8000b6c2 (0x943f2123) mem 0x80010000 0x00000001
core   0: 0x8000b6c6 (0x0000bfe5) c.j     pc - 8
core   0: 3 0x8000b6c6 (0xbfe5)
core   0: 0x8000b6be (0x00005f17) auipc   t5, 0x5
core   0: 3 0x8000b6be (0x00005f17) x30 0x800106be
core   0: 0x8000b6c2 (0x943f2123) sw      gp, -1726(t5)
core   0: 3 0x8000b6c2 (0x943f2123) mem 0x80010000 0x00000001
core   0: 0x8000b6c6 (0x0000bfe5) c.j     pc - 8
core   0: 3 0x8000b6c6 (0xbfe5)
core   0: 0x8000b6be (0x00005f17) auipc   t5, 0x5
core   0: 3 0x8000b6be (0x00005f17) x30 0x800106be
core   0: 0x8000b6c2 (0x943f2123) sw      gp, -1726(t5)
core   0: 3 0x8000b6c2 (0x943f2123) mem 0x80010000 0x00000001
core   0: 0x8000b6c6 (0x0000bfe5) c.j     pc - 8
core   0: 3 0x8000b6c6 (0xbfe5)
core   0: 0x8000b6be (0x00005f17) auipc   t5, 0x5
core   0: 3 0x8000b6be (0x00005f17) x30 0x800106be
core   0: 0x8000b6c2 (0x943f2123) sw      gp, -1726(t5)
core   0: 3 0x8000b6c2 (0x943f2123) mem 0x80010000 0x00000001
core   0: 0x8000b6c6 (0x0000bfe5) c.j     pc - 8
core   0: 3 0x8000b6c6 (0xbfe5)
core   0: 0x8000b6be (0x00005f17) auipc   t5, 0x5
core   0: 3 0x8000b6be (0x00005f17) x30 0x800106be
core   0: 0x8000b6c2 (0x943f2123) sw      gp, -1726(t5)
core   0: 3 0x8000b6c2 (0x943f2123) mem 0x80010000 0x00000001
core   0: 0x8000b6c6 (0x0000bfe5) c.j     pc - 8
core   0: 3 0x8000b6c6 (0xbfe5)
core   0: 0x8000b6be (0x00005f17) auipc   t5, 0x5
core   0: 3 0x8000b6be (0x00005f17) x30 0x800106be
core   0: 0x8000b6c2 (0x943f2123) sw      gp, -1726(t5)
core   0: 3 0x8000b6c2 (0x943f2123) mem 0x80010000 0x00000001
core   0: 0x8000b6c6 (0x0000bfe5) c.j     pc - 8
core   0: 3 0x8000b6c6 (0xbfe5)
core   0: 0x8000b6be (0x00005f17) auipc   t5, 0x5
core   0: 3 0x8000b6be (0x00005f17) x30 0x800106be
core   0: 0x8000b6c2 (0x943f2123) sw      gp, -1726(t5)
core   0: 3 0x8000b6c2 (0x943f2123) mem 0x80010000 0x00000001
core   0: 0x8000b6c6 (0x0000bfe5) c.j     pc - 8
core   0: 3 0x8000b6c6 (0xbfe5)
core   0: 0x8000b6be (0x00005f17) auipc   t5, 0x5
core   0: 3 0x8000b6be (0x00005f17) x30 0x800106be
core   0: 0x8000b6c2 (0x943f2123) sw      gp, -1726(t5)
core   0: 3 0x8000b6c2 (0x943f2123) mem 0x80010000 0x00000001
core   0: 0x8000b6c6 (0x0000bfe5) c.j     pc - 8
core   0: 3 0x8000b6c6 (0xbfe5)
core   0: 0x8000b6be (0x00005f17) auipc   t5, 0x5
core   0: 3 0x8000b6be (0x00005f17) x30 0x800106be
core   0: 0x8000b6c2 (0x943f2123) sw      gp, -1726(t5)
core   0: 3 0x8000b6c2 (0x943f2123) mem 0x80010000 0x00000001
core   0: 0x8000b6c6 (0x0000bfe5) c.j     pc - 8
core   0: 3 0x8000b6c6 (0xbfe5)
core   0: 0x8000b6be (0x00005f17) auipc   t5, 0x5
core   0: 3 0x8000b6be (0x00005f17) x30 0x800106be
core   0: 0x8000b6c2 (0x943f2123) sw      gp, -1726(t5)
core   0: 3 0x8000b6c2 (0x943f2123) mem 0x80010000 0x00000001
core   0: 0x8000b6c6 (0x0000bfe5) c.j     pc - 8
core   0: 3 0x8000b6c6 (0xbfe5)
core   0: 0x8000b6be (0x00005f17) auipc   t5, 0x5
core   0: 3 0x8000b6be (0x00005f17) x30 0x800106be
core   0: 0x8000b6c2 (0x943f2123) sw      gp, -1726(t5)
core   0: 3 0x8000b6c2 (0x943f2123) mem 0x80010000 0x00000001
core   0: 0x8000b6c6 (0x0000bfe5) c.j     pc - 8
core   0: 3 0x8000b6c6 (0xbfe5)
core   0: 0x8000b6be (0x00005f17) auipc   t5, 0x5
core   0: 3 0x8000b6be (0x00005f17) x30 0x800106be
core   0: 0x8000b6c2 (0x943f2123) sw      gp, -1726(t5)
core   0: 3 0x8000b6c2 (0x943f2123) mem 0x80010000 0x00000001
core   0: 0x8000b6c6 (0x0000bfe5) c.j     pc - 8
core   0: 3 0x8000b6c6 (0xbfe5)
core   0: 0x8000b6be (0x00005f17) auipc   t5, 0x5
core   0: 3 0x8000b6be (0x00005f17) x30 0x800106be
core   0: 0x8000b6c2 (0x943f2123) sw      gp, -1726(t5)
core   0: 3 0x8000b6c2 (0x943f2123) mem 0x80010000 0x00000001
core   0: 0x8000b6c6 (0x0000bfe5) c.j     pc - 8
core   0: 3 0x8000b6c6 (0xbfe5)
core   0: 0x8000b6be (0x00005f17) auipc   t5, 0x5
core   0: 3 0x8000b6be (0x00005f17) x30 0x800106be
core   0: 0x8000b6c2 (0x943f2123) sw      gp, -1726(t5)
core   0: 3 0x8000b6c2 (0x943f2123) mem 0x80010000 0x00000001
core   0: 0x8000b6c6 (0x0000bfe5) c.j     pc - 8
core   0: 3 0x8000b6c6 (0xbfe5)
core   0: 0x8000b6be (0x00005f17) auipc   t5, 0x5
core   0: 3 0x8000b6be (0x00005f17) x30 0x800106be
core   0: 0x8000b6c2 (0x943f2123) sw      gp, -1726(t5)
core   0: 3 0x8000b6c2 (0x943f2123) mem 0x80010000 0x00000001
core   0: 0x8000b6c6 (0x0000bfe5) c.j     pc - 8
core   0: 3 0x8000b6c6 (0xbfe5)
core   0: 0x8000b6be (0x00005f17) auipc   t5, 0x5
core   0: 3 0x8000b6be (0x00005f17) x30 0x800106be
core   0: 0x8000b6c2 (0x943f2123) sw      gp, -1726(t5)
core   0: 3 0x8000b6c2 (0x943f2123) mem 0x80010000 0x00000001
core   0: 0x8000b6c6 (0x0000bfe5) c.j     pc - 8
core   0: 3 0x8000b6c6 (0xbfe5)
core   0: 0x8000b6be (0x00005f17) auipc   t5, 0x5
core   0: 3 0x8000b6be (0x00005f17) x30 0x800106be
core   0: 0x8000b6c2 (0x943f2123) sw      gp, -1726(t5)
core   0: 3 0x8000b6c2 (0x943f2123) mem 0x80010000 0x00000001
core   0: 0x8000b6c6 (0x0000bfe5) c.j     pc - 8
core   0: 3 0x8000b6c6 (0xbfe5)
core   0: 0x8000b6be (0x00005f17) auipc   t5, 0x5
core   0: 3 0x8000b6be (0x00005f17) x30 0x800106be
core   0: 0x8000b6c2 (0x943f2123) sw      gp, -1726(t5)
core   0: 3 0x8000b6c2 (0x943f2123) mem 0x80010000 0x00000001
core   0: 0x8000b6c6 (0x0000bfe5) c.j     pc - 8
core   0: 3 0x8000b6c6 (0xbfe5)
core   0: 0x8000b6be (0x00005f17) auipc   t5, 0x5
core   0: 3 0x8000b6be (0x00005f17) x30 0x800106be
core   0: 0x8000b6c2 (0x943f2123) sw      gp, -1726(t5)
core   0: 3 0x8000b6c2 (0x943f2123) mem 0x80010000 0x00000001
core   0: 0x8000b6c6 (0x0000bfe5) c.j     pc - 8
core   0: 3 0x8000b6c6 (0xbfe5)
core   0: 0x8000b6be (0x00005f17) auipc   t5, 0x5
core   0: 3 0x8000b6be (0x00005f17) x30 0x800106be
core   0: 0x8000b6c2 (0x943f2123) sw      gp, -1726(t5)
core   0: 3 0x8000b6c2 (0x943f2123) mem 0x80010000 0x00000001
core   0: 0x8000b6c6 (0x0000bfe5) c.j     pc - 8
core   0: 3 0x8000b6c6 (0xbfe5)
core   0: 0x8000b6be (0x00005f17) auipc   t5, 0x5
core   0: 3 0x8000b6be (0x00005f17) x30 0x800106be
core   0: 0x8000b6c2 (0x943f2123) sw      gp, -1726(t5)
core   0: 3 0x8000b6c2 (0x943f2123) mem 0x80010000 0x00000001
core   0: 0x8000b6c6 (0x0000bfe5) c.j     pc - 8
core   0: 3 0x8000b6c6 (0xbfe5)
core   0: 0x8000b6be (0x00005f17) auipc   t5, 0x5
core   0: 3 0x8000b6be (0x00005f17) x30 0x800106be
core   0: 0x8000b6c2 (0x943f2123) sw      gp, -1726(t5)
core   0: 3 0x8000b6c2 (0x943f2123) mem 0x80010000 0x00000001
core   0: 0x8000b6c6 (0x0000bfe5) c.j     pc - 8
core   0: 3 0x8000b6c6 (0xbfe5)
core   0: 0x8000b6be (0x00005f17) auipc   t5, 0x5
core   0: 3 0x8000b6be (0x00005f17) x30 0x800106be
core   0: 0x8000b6c2 (0x943f2123) sw      gp, -1726(t5)
core   0: 3 0x8000b6c2 (0x943f2123) mem 0x80010000 0x00000001
core   0: 0x8000b6c6 (0x0000bfe5) c.j     pc - 8
core   0: 3 0x8000b6c6 (0xbfe5)
core   0: 0x8000b6be (0x00005f17) auipc   t5, 0x5
core   0: 3 0x8000b6be (0x00005f17) x30 0x800106be
core   0: 0x8000b6c2 (0x943f2123) sw      gp, -1726(t5)
core   0: 3 0x8000b6c2 (0x943f2123) mem 0x80010000 0x00000001
core   0: 0x8000b6c6 (0x0000bfe5) c.j     pc - 8
core   0: 3 0x8000b6c6 (0xbfe5)
core   0: 0x8000b6be (0x00005f17) auipc   t5, 0x5
core   0: 3 0x8000b6be (0x00005f17) x30 0x800106be
core   0: 0x8000b6c2 (0x943f2123) sw      gp, -1726(t5)
core   0: 3 0x8000b6c2 (0x943f2123) mem 0x80010000 0x00000001
core   0: 0x8000b6c6 (0x0000bfe5) c.j     pc - 8
core   0: 3 0x8000b6c6 (0xbfe5)
core   0: 0x8000b6be (0x00005f17) auipc   t5, 0x5
core   0: 3 0x8000b6be (0x00005f17) x30 0x800106be
core   0: 0x8000b6c2 (0x943f2123) sw      gp, -1726(t5)
core   0: 3 0x8000b6c2 (0x943f2123) mem 0x80010000 0x00000001
core   0: 0x8000b6c6 (0x0000bfe5) c.j     pc - 8
core   0: 3 0x8000b6c6 (0xbfe5)
core   0: 0x8000b6be (0x00005f17) auipc   t5, 0x5
core   0: 3 0x8000b6be (0x00005f17) x30 0x800106be
core   0: 0x8000b6c2 (0x943f2123) sw      gp, -1726(t5)
core   0: 3 0x8000b6c2 (0x943f2123) mem 0x80010000 0x00000001
core   0: 0x8000b6c6 (0x0000bfe5) c.j     pc - 8
core   0: 3 0x8000b6c6 (0xbfe5)
core   0: 0x8000b6be (0x00005f17) auipc   t5, 0x5
core   0: 3 0x8000b6be (0x00005f17) x30 0x800106be
core   0: 0x8000b6c2 (0x943f2123) sw      gp, -1726(t5)
core   0: 3 0x8000b6c2 (0x943f2123) mem 0x80010000 0x00000001
core   0: 0x8000b6c6 (0x0000bfe5) c.j     pc - 8
core   0: 3 0x8000b6c6 (0xbfe5)
core   0: 0x8000b6be (0x00005f17) auipc   t5, 0x5
core   0: 3 0x8000b6be (0x00005f17) x30 0x800106be
core   0: 0x8000b6c2 (0x943f2123) sw      gp, -1726(t5)
core   0: 3 0x8000b6c2 (0x943f2123) mem 0x80010000 0x00000001
core   0: 0x8000b6c6 (0x0000bfe5) c.j     pc - 8
core   0: 3 0x8000b6c6 (0xbfe5)
core   0: 0x8000b6be (0x00005f17) auipc   t5, 0x5
core   0: 3 0x8000b6be (0x00005f17) x30 0x800106be
core   0: 0x8000b6c2 (0x943f2123) sw      gp, -1726(t5)
core   0: 3 0x8000b6c2 (0x943f2123) mem 0x80010000 0x00000001
core   0: 0x8000b6c6 (0x0000bfe5) c.j     pc - 8
core   0: 3 0x8000b6c6 (0xbfe5)
core   0: 0x8000b6be (0x00005f17) auipc   t5, 0x5
core   0: 3 0x8000b6be (0x00005f17) x30 0x800106be
core   0: 0x8000b6c2 (0x943f2123) sw      gp, -1726(t5)
core   0: 3 0x8000b6c2 (0x943f2123) mem 0x80010000 0x00000001
core   0: 0x8000b6c6 (0x0000bfe5) c.j     pc - 8
core   0: 3 0x8000b6c6 (0xbfe5)
core   0: 0x8000b6be (0x00005f17) auipc   t5, 0x5
core   0: 3 0x8000b6be (0x00005f17) x30 0x800106be
core   0: 0x8000b6c2 (0x943f2123) sw      gp, -1726(t5)
core   0: 3 0x8000b6c2 (0x943f2123) mem 0x80010000 0x00000001
core   0: 0x8000b6c6 (0x0000bfe5) c.j     pc - 8
core   0: 3 0x8000b6c6 (0xbfe5)
core   0: 0x8000b6be (0x00005f17) auipc   t5, 0x5
core   0: 3 0x8000b6be (0x00005f17) x30 0x800106be
core   0: 0x8000b6c2 (0x943f2123) sw      gp, -1726(t5)
core   0: 3 0x8000b6c2 (0x943f2123) mem 0x80010000 0x00000001
core   0: 0x8000b6c6 (0x0000bfe5) c.j     pc - 8
core   0: 3 0x8000b6c6 (0xbfe5)
core   0: 0x8000b6be (0x00005f17) auipc   t5, 0x5
core   0: 3 0x8000b6be (0x00005f17) x30 0x800106be
core   0: 0x8000b6c2 (0x943f2123) sw      gp, -1726(t5)
core   0: 3 0x8000b6c2 (0x943f2123) mem 0x80010000 0x00000001
core   0: 0x8000b6c6 (0x0000bfe5) c.j     pc - 8
core   0: 3 0x8000b6c6 (0xbfe5)
core   0: 0x8000b6be (0x00005f17) auipc   t5, 0x5
core   0: 3 0x8000b6be (0x00005f17) x30 0x800106be
core   0: 0x8000b6c2 (0x943f2123) sw      gp, -1726(t5)
core   0: 3 0x8000b6c2 (0x943f2123) mem 0x80010000 0x00000001
core   0: 0x8000b6c6 (0x0000bfe5) c.j     pc - 8
core   0: 3 0x8000b6c6 (0xbfe5)
core   0: 0x8000b6be (0x00005f17) auipc   t5, 0x5
core   0: 3 0x8000b6be (0x00005f17) x30 0x800106be
core   0: 0x8000b6c2 (0x943f2123) sw      gp, -1726(t5)
core   0: 3 0x8000b6c2 (0x943f2123) mem 0x80010000 0x00000001
core   0: 0x8000b6c6 (0x0000bfe5) c.j     pc - 8
core   0: 3 0x8000b6c6 (0xbfe5)
core   0: 0x8000b6be (0x00005f17) auipc   t5, 0x5
core   0: 3 0x8000b6be (0x00005f17) x30 0x800106be
core   0: 0x8000b6c2 (0x943f2123) sw      gp, -1726(t5)
core   0: 3 0x8000b6c2 (0x943f2123) mem 0x80010000 0x00000001
core   0: 0x8000b6c6 (0x0000bfe5) c.j     pc - 8
core   0: 3 0x8000b6c6 (0xbfe5)
core   0: 0x8000b6be (0x00005f17) auipc   t5, 0x5
core   0: 3 0x8000b6be (0x00005f17) x30 0x800106be
core   0: 0x8000b6c2 (0x943f2123) sw      gp, -1726(t5)
core   0: 3 0x8000b6c2 (0x943f2123) mem 0x80010000 0x00000001
core   0: 0x8000b6c6 (0x0000bfe5) c.j     pc - 8
core   0: 3 0x8000b6c6 (0xbfe5)
core   0: 0x8000b6be (0x00005f17) auipc   t5, 0x5
core   0: 3 0x8000b6be (0x00005f17) x30 0x800106be
core   0: 0x8000b6c2 (0x943f2123) sw      gp, -1726(t5)
core   0: 3 0x8000b6c2 (0x943f2123) mem 0x80010000 0x00000001
core   0: 0x8000b6c6 (0x0000bfe5) c.j     pc - 8
core   0: 3 0x8000b6c6 (0xbfe5)
core   0: 0x8000b6be (0x00005f17) auipc   t5, 0x5
core   0: 3 0x8000b6be (0x00005f17) x30 0x800106be
core   0: 0x8000b6c2 (0x943f2123) sw      gp, -1726(t5)
core   0: 3 0x8000b6c2 (0x943f2123) mem 0x80010000 0x00000001
core   0: 0x8000b6c6 (0x0000bfe5) c.j     pc - 8
core   0: 3 0x8000b6c6 (0xbfe5)
core   0: 0x8000b6be (0x00005f17) auipc   t5, 0x5
core   0: 3 0x8000b6be (0x00005f17) x30 0x800106be
core   0: 0x8000b6c2 (0x943f2123) sw      gp, -1726(t5)
core   0: 3 0x8000b6c2 (0x943f2123) mem 0x80010000 0x00000001
core   0: 0x8000b6c6 (0x0000bfe5) c.j     pc - 8
core   0: 3 0x8000b6c6 (0xbfe5)
core   0: 0x8000b6be (0x00005f17) auipc   t5, 0x5
core   0: 3 0x8000b6be (0x00005f17) x30 0x800106be
core   0: 0x8000b6c2 (0x943f2123) sw      gp, -1726(t5)
core   0: 3 0x8000b6c2 (0x943f2123) mem 0x80010000 0x00000001
core   0: 0x8000b6c6 (0x0000bfe5) c.j     pc - 8
core   0: 3 0x8000b6c6 (0xbfe5)
core   0: 0x8000b6be (0x00005f17) auipc   t5, 0x5
core   0: 3 0x8000b6be (0x00005f17) x30 0x800106be
core   0: 0x8000b6c2 (0x943f2123) sw      gp, -1726(t5)
core   0: 3 0x8000b6c2 (0x943f2123) mem 0x80010000 0x00000001
core   0: 0x8000b6c6 (0x0000bfe5) c.j     pc - 8
core   0: 3 0x8000b6c6 (0xbfe5)
core   0: 0x8000b6be (0x00005f17) auipc   t5, 0x5
core   0: 3 0x8000b6be (0x00005f17) x30 0x800106be
core   0: 0x8000b6c2 (0x943f2123) sw      gp, -1726(t5)
core   0: 3 0x8000b6c2 (0x943f2123) mem 0x80010000 0x00000001
core   0: 0x8000b6c6 (0x0000bfe5) c.j     pc - 8
core   0: 3 0x8000b6c6 (0xbfe5)
core   0: 0x8000b6be (0x00005f17) auipc   t5, 0x5
core   0: 3 0x8000b6be (0x00005f17) x30 0x800106be
core   0: 0x8000b6c2 (0x943f2123) sw      gp, -1726(t5)
core   0: 3 0x8000b6c2 (0x943f2123) mem 0x80010000 0x00000001
core   0: 0x8000b6c6 (0x0000bfe5) c.j     pc - 8
core   0: 3 0x8000b6c6 (0xbfe5)
core   0: 0x8000b6be (0x00005f17) auipc   t5, 0x5
core   0: 3 0x8000b6be (0x00005f17) x30 0x800106be
core   0: 0x8000b6c2 (0x943f2123) sw      gp, -1726(t5)
core   0: 3 0x8000b6c2 (0x943f2123) mem 0x80010000 0x00000001
core   0: 0x8000b6c6 (0x0000bfe5) c.j     pc - 8
core   0: 3 0x8000b6c6 (0xbfe5)
core   0: 0x8000b6be (0x00005f17) auipc   t5, 0x5
core   0: 3 0x8000b6be (0x00005f17) x30 0x800106be
core   0: 0x8000b6c2 (0x943f2123) sw      gp, -1726(t5)
core   0: 3 0x8000b6c2 (0x943f2123) mem 0x80010000 0x00000001
core   0: 0x8000b6c6 (0x0000bfe5) c.j     pc - 8
core   0: 3 0x8000b6c6 (0xbfe5)
core   0: 0x8000b6be (0x00005f17) auipc   t5, 0x5
core   0: 3 0x8000b6be (0x00005f17) x30 0x800106be
core   0: 0x8000b6c2 (0x943f2123) sw      gp, -1726(t5)
core   0: 3 0x8000b6c2 (0x943f2123) mem 0x80010000 0x00000001
core   0: 0x8000b6c6 (0x0000bfe5) c.j     pc - 8
core   0: 3 0x8000b6c6 (0xbfe5)
core   0: 0x8000b6be (0x00005f17) auipc   t5, 0x5
core   0: 3 0x8000b6be (0x00005f17) x30 0x800106be
core   0: 0x8000b6c2 (0x943f2123) sw      gp, -1726(t5)
core   0: 3 0x8000b6c2 (0x943f2123) mem 0x80010000 0x00000001
core   0: 0x8000b6c6 (0x0000bfe5) c.j     pc - 8
core   0: 3 0x8000b6c6 (0xbfe5)
core   0: 0x8000b6be (0x00005f17) auipc   t5, 0x5
core   0: 3 0x8000b6be (0x00005f17) x30 0x800106be
core   0: 0x8000b6c2 (0x943f2123) sw      gp, -1726(t5)
core   0: 3 0x8000b6c2 (0x943f2123) mem 0x80010000 0x00000001
core   0: 0x8000b6c6 (0x0000bfe5) c.j     pc - 8
core   0: 3 0x8000b6c6 (0xbfe5)
core   0: 0x8000b6be (0x00005f17) auipc   t5, 0x5
core   0: 3 0x8000b6be (0x00005f17) x30 0x800106be
core   0: 0x8000b6c2 (0x943f2123) sw      gp, -1726(t5)
core   0: 3 0x8000b6c2 (0x943f2123) mem 0x80010000 0x00000001
core   0: 0x8000b6c6 (0x0000bfe5) c.j     pc - 8
core   0: 3 0x8000b6c6 (0xbfe5)
core   0: 0x8000b6be (0x00005f17) auipc   t5, 0x5
core   0: 3 0x8000b6be (0x00005f17) x30 0x800106be
core   0: 0x8000b6c2 (0x943f2123) sw      gp, -1726(t5)
core   0: 3 0x8000b6c2 (0x943f2123) mem 0x80010000 0x00000001
core   0: 0x8000b6c6 (0x0000bfe5) c.j     pc - 8
core   0: 3 0x8000b6c6 (0xbfe5)
core   0: 0x8000b6be (0x00005f17) auipc   t5, 0x5
core   0: 3 0x8000b6be (0x00005f17) x30 0x800106be
core   0: 0x8000b6c2 (0x943f2123) sw      gp, -1726(t5)
core   0: 3 0x8000b6c2 (0x943f2123) mem 0x80010000 0x00000001
core   0: 0x8000b6c6 (0x0000bfe5) c.j     pc - 8
core   0: 3 0x8000b6c6 (0xbfe5)
core   0: 0x8000b6be (0x00005f17) auipc   t5, 0x5
core   0: 3 0x8000b6be (0x00005f17) x30 0x800106be
core   0: 0x8000b6c2 (0x943f2123) sw      gp, -1726(t5)
core   0: 3 0x8000b6c2 (0x943f2123) mem 0x80010000 0x00000001
core   0: 0x8000b6c6 (0x0000bfe5) c.j     pc - 8
core   0: 3 0x8000b6c6 (0xbfe5)
core   0: 0x8000b6be (0x00005f17) auipc   t5, 0x5
core   0: 3 0x8000b6be (0x00005f17) x30 0x800106be
core   0: 0x8000b6c2 (0x943f2123) sw      gp, -1726(t5)
core   0: 3 0x8000b6c2 (0x943f2123) mem 0x80010000 0x00000001
core   0: 0x8000b6c6 (0x0000bfe5) c.j     pc - 8
core   0: 3 0x8000b6c6 (0xbfe5)
core   0: 0x8000b6be (0x00005f17) auipc   t5, 0x5
core   0: 3 0x8000b6be (0x00005f17) x30 0x800106be
core   0: 0x8000b6c2 (0x943f2123) sw      gp, -1726(t5)
core   0: 3 0x8000b6c2 (0x943f2123) mem 0x80010000 0x00000001
core   0: 0x8000b6c6 (0x0000bfe5) c.j     pc - 8
core   0: 3 0x8000b6c6 (0xbfe5)
core   0: 0x8000b6be (0x00005f17) auipc   t5, 0x5
core   0: 3 0x8000b6be (0x00005f17) x30 0x800106be
core   0: 0x8000b6c2 (0x943f2123) sw      gp, -1726(t5)
core   0: 3 0x8000b6c2 (0x943f2123) mem 0x80010000 0x00000001
core   0: 0x8000b6c6 (0x0000bfe5) c.j     pc - 8
core   0: 3 0x8000b6c6 (0xbfe5)
core   0: 0x8000b6be (0x00005f17) auipc   t5, 0x5
core   0: 3 0x8000b6be (0x00005f17) x30 0x800106be
core   0: 0x8000b6c2 (0x943f2123) sw      gp, -1726(t5)
core   0: 3 0x8000b6c2 (0x943f2123) mem 0x80010000 0x00000001
core   0: 0x8000b6c6 (0x0000bfe5) c.j     pc - 8
core   0: 3 0x8000b6c6 (0xbfe5)
core   0: 0x8000b6be (0x00005f17) auipc   t5, 0x5
core   0: 3 0x8000b6be (0x00005f17) x30 0x800106be
core   0: 0x8000b6c2 (0x943f2123) sw      gp, -1726(t5)
core   0: 3 0x8000b6c2 (0x943f2123) mem 0x80010000 0x00000001
core   0: 0x8000b6c6 (0x0000bfe5) c.j     pc - 8
core   0: 3 0x8000b6c6 (0xbfe5)
core   0: 0x8000b6be (0x00005f17) auipc   t5, 0x5
core   0: 3 0x8000b6be (0x00005f17) x30 0x800106be
core   0: 0x8000b6c2 (0x943f2123) sw      gp, -1726(t5)
core   0: 3 0x8000b6c2 (0x943f2123) mem 0x80010000 0x00000001
core   0: 0x8000b6c6 (0x0000bfe5) c.j     pc - 8
core   0: 3 0x8000b6c6 (0xbfe5)
core   0: 0x8000b6be (0x00005f17) auipc   t5, 0x5
core   0: 3 0x8000b6be (0x00005f17) x30 0x800106be
core   0: 0x8000b6c2 (0x943f2123) sw      gp, -1726(t5)
core   0: 3 0x8000b6c2 (0x943f2123) mem 0x80010000 0x00000001
core   0: 0x8000b6c6 (0x0000bfe5) c.j     pc - 8
core   0: 3 0x8000b6c6 (0xbfe5)
core   0: 0x8000b6be (0x00005f17) auipc   t5, 0x5
core   0: 3 0x8000b6be (0x00005f17) x30 0x800106be
core   0: 0x8000b6c2 (0x943f2123) sw      gp, -1726(t5)
core   0: 3 0x8000b6c2 (0x943f2123) mem 0x80010000 0x00000001
core   0: 0x8000b6c6 (0x0000bfe5) c.j     pc - 8
core   0: 3 0x8000b6c6 (0xbfe5)
core   0: 0x8000b6be (0x00005f17) auipc   t5, 0x5
core   0: 3 0x8000b6be (0x00005f17) x30 0x800106be
core   0: 0x8000b6c2 (0x943f2123) sw      gp, -1726(t5)
core   0: 3 0x8000b6c2 (0x943f2123) mem 0x80010000 0x00000001
core   0: 0x8000b6c6 (0x0000bfe5) c.j     pc - 8
core   0: 3 0x8000b6c6 (0xbfe5)
core   0: 0x8000b6be (0x00005f17) auipc   t5, 0x5
core   0: 3 0x8000b6be (0x00005f17) x30 0x800106be
core   0: 0x8000b6c2 (0x943f2123) sw      gp, -1726(t5)
core   0: 3 0x8000b6c2 (0x943f2123) mem 0x80010000 0x00000001
core   0: 0x8000b6c6 (0x0000bfe5) c.j     pc - 8
core   0: 3 0x8000b6c6 (0xbfe5)
core   0: 0x8000b6be (0x00005f17) auipc   t5, 0x5
core   0: 3 0x8000b6be (0x00005f17) x30 0x800106be
core   0: 0x8000b6c2 (0x943f2123) sw      gp, -1726(t5)
core   0: 3 0x8000b6c2 (0x943f2123) mem 0x80010000 0x00000001
core   0: 0x8000b6c6 (0x0000bfe5) c.j     pc - 8
core   0: 3 0x8000b6c6 (0xbfe5)
core   0: 0x8000b6be (0x00005f17) auipc   t5, 0x5
core   0: 3 0x8000b6be (0x00005f17) x30 0x800106be
core   0: 0x8000b6c2 (0x943f2123) sw      gp, -1726(t5)
core   0: 3 0x8000b6c2 (0x943f2123) mem 0x80010000 0x00000001
core   0: 0x8000b6c6 (0x0000bfe5) c.j     pc - 8
core   0: 3 0x8000b6c6 (0xbfe5)
core   0: 0x8000b6be (0x00005f17) auipc   t5, 0x5
core   0: 3 0x8000b6be (0x00005f17) x30 0x800106be
core   0: 0x8000b6c2 (0x943f2123) sw      gp, -1726(t5)
core   0: 3 0x8000b6c2 (0x943f2123) mem 0x80010000 0x00000001
core   0: 0x8000b6c6 (0x0000bfe5) c.j     pc - 8
core   0: 3 0x8000b6c6 (0xbfe5)
core   0: 0x8000b6be (0x00005f17) auipc   t5, 0x5
core   0: 3 0x8000b6be (0x00005f17) x30 0x800106be
core   0: 0x8000b6c2 (0x943f2123) sw      gp, -1726(t5)
core   0: 3 0x8000b6c2 (0x943f2123) mem 0x80010000 0x00000001
core   0: 0x8000b6c6 (0x0000bfe5) c.j     pc - 8
core   0: 3 0x8000b6c6 (0xbfe5)
core   0: 0x8000b6be (0x00005f17) auipc   t5, 0x5
core   0: 3 0x8000b6be (0x00005f17) x30 0x800106be
core   0: 0x8000b6c2 (0x943f2123) sw      gp, -1726(t5)
core   0: 3 0x8000b6c2 (0x943f2123) mem 0x80010000 0x00000001
core   0: 0x8000b6c6 (0x0000bfe5) c.j     pc - 8
core   0: 3 0x8000b6c6 (0xbfe5)
core   0: 0x8000b6be (0x00005f17) auipc   t5, 0x5
core   0: 3 0x8000b6be (0x00005f17) x30 0x800106be
core   0: 0x8000b6c2 (0x943f2123) sw      gp, -1726(t5)
core   0: 3 0x8000b6c2 (0x943f2123) mem 0x80010000 0x00000001
core   0: 0x8000b6c6 (0x0000bfe5) c.j     pc - 8
core   0: 3 0x8000b6c6 (0xbfe5)
core   0: 0x8000b6be (0x00005f17) auipc   t5, 0x5
core   0: 3 0x8000b6be (0x00005f17) x30 0x800106be
core   0: 0x8000b6c2 (0x943f2123) sw      gp, -1726(t5)
core   0: 3 0x8000b6c2 (0x943f2123) mem 0x80010000 0x00000001
core   0: 0x8000b6c6 (0x0000bfe5) c.j     pc - 8
core   0: 3 0x8000b6c6 (0xbfe5)
core   0: 0x8000b6be (0x00005f17) auipc   t5, 0x5
core   0: 3 0x8000b6be (0x00005f17) x30 0x800106be
core   0: 0x8000b6c2 (0x943f2123) sw      gp, -1726(t5)
core   0: 3 0x8000b6c2 (0x943f2123) mem 0x80010000 0x00000001
core   0: 0x8000b6c6 (0x0000bfe5) c.j     pc - 8
core   0: 3 0x8000b6c6 (0xbfe5)
core   0: 0x8000b6be (0x00005f17) auipc   t5, 0x5
core   0: 3 0x8000b6be (0x00005f17) x30 0x800106be
core   0: 0x8000b6c2 (0x943f2123) sw      gp, -1726(t5)
core   0: 3 0x8000b6c2 (0x943f2123) mem 0x80010000 0x00000001
core   0: 0x8000b6c6 (0x0000bfe5) c.j     pc - 8
core   0: 3 0x8000b6c6 (0xbfe5)
core   0: 0x8000b6be (0x00005f17) auipc   t5, 0x5
core   0: 3 0x8000b6be (0x00005f17) x30 0x800106be
core   0: 0x8000b6c2 (0x943f2123) sw      gp, -1726(t5)
core   0: 3 0x8000b6c2 (0x943f2123) mem 0x80010000 0x00000001
core   0: 0x8000b6c6 (0x0000bfe5) c.j     pc - 8
core   0: 3 0x8000b6c6 (0xbfe5)
core   0: 0x8000b6be (0x00005f17) auipc   t5, 0x5
core   0: 3 0x8000b6be (0x00005f17) x30 0x800106be
core   0: 0x8000b6c2 (0x943f2123) sw      gp, -1726(t5)
core   0: 3 0x8000b6c2 (0x943f2123) mem 0x80010000 0x00000001
core   0: 0x8000b6c6 (0x0000bfe5) c.j     pc - 8
core   0: 3 0x8000b6c6 (0xbfe5)
core   0: 0x8000b6be (0x00005f17) auipc   t5, 0x5
core   0: 3 0x8000b6be (0x00005f17) x30 0x800106be
core   0: 0x8000b6c2 (0x943f2123) sw      gp, -1726(t5)
core   0: 3 0x8000b6c2 (0x943f2123) mem 0x80010000 0x00000001
core   0: 0x8000b6c6 (0x0000bfe5) c.j     pc - 8
core   0: 3 0x8000b6c6 (0xbfe5)
core   0: 0x8000b6be (0x00005f17) auipc   t5, 0x5
core   0: 3 0x8000b6be (0x00005f17) x30 0x800106be
core   0: 0x8000b6c2 (0x943f2123) sw      gp, -1726(t5)
core   0: 3 0x8000b6c2 (0x943f2123) mem 0x80010000 0x00000001
core   0: 0x8000b6c6 (0x0000bfe5) c.j     pc - 8
core   0: 3 0x8000b6c6 (0xbfe5)
core   0: 0x8000b6be (0x00005f17) auipc   t5, 0x5
core   0: 3 0x8000b6be (0x00005f17) x30 0x800106be
core   0: 0x8000b6c2 (0x943f2123) sw      gp, -1726(t5)
core   0: 3 0x8000b6c2 (0x943f2123) mem 0x80010000 0x00000001
core   0: 0x8000b6c6 (0x0000bfe5) c.j     pc - 8
core   0: 3 0x8000b6c6 (0xbfe5)
core   0: 0x8000b6be (0x00005f17) auipc   t5, 0x5
core   0: 3 0x8000b6be (0x00005f17) x30 0x800106be
core   0: 0x8000b6c2 (0x943f2123) sw      gp, -1726(t5)
core   0: 3 0x8000b6c2 (0x943f2123) mem 0x80010000 0x00000001
core   0: 0x8000b6c6 (0x0000bfe5) c.j     pc - 8
core   0: 3 0x8000b6c6 (0xbfe5)
core   0: 0x8000b6be (0x00005f17) auipc   t5, 0x5
core   0: 3 0x8000b6be (0x00005f17) x30 0x800106be
core   0: 0x8000b6c2 (0x943f2123) sw      gp, -1726(t5)
core   0: 3 0x8000b6c2 (0x943f2123) mem 0x80010000 0x00000001
core   0: 0x8000b6c6 (0x0000bfe5) c.j     pc - 8
core   0: 3 0x8000b6c6 (0xbfe5)
core   0: 0x8000b6be (0x00005f17) auipc   t5, 0x5
core   0: 3 0x8000b6be (0x00005f17) x30 0x800106be
core   0: 0x8000b6c2 (0x943f2123) sw      gp, -1726(t5)
core   0: 3 0x8000b6c2 (0x943f2123) mem 0x80010000 0x00000001
core   0: 0x8000b6c6 (0x0000bfe5) c.j     pc - 8
core   0: 3 0x8000b6c6 (0xbfe5)
core   0: 0x8000b6be (0x00005f17) auipc   t5, 0x5
core   0: 3 0x8000b6be (0x00005f17) x30 0x800106be
core   0: 0x8000b6c2 (0x943f2123) sw      gp, -1726(t5)
core   0: 3 0x8000b6c2 (0x943f2123) mem 0x80010000 0x00000001
core   0: 0x8000b6c6 (0x0000bfe5) c.j     pc - 8
core   0: 3 0x8000b6c6 (0xbfe5)
core   0: 0x8000b6be (0x00005f17) auipc   t5, 0x5
core   0: 3 0x8000b6be (0x00005f17) x30 0x800106be
core   0: 0x8000b6c2 (0x943f2123) sw      gp, -1726(t5)
core   0: 3 0x8000b6c2 (0x943f2123) mem 0x80010000 0x00000001
core   0: 0x8000b6c6 (0x0000bfe5) c.j     pc - 8
core   0: 3 0x8000b6c6 (0xbfe5)
core   0: 0x8000b6be (0x00005f17) auipc   t5, 0x5
core   0: 3 0x8000b6be (0x00005f17) x30 0x800106be
core   0: 0x8000b6c2 (0x943f2123) sw      gp, -1726(t5)
core   0: 3 0x8000b6c2 (0x943f2123) mem 0x80010000 0x00000001
core   0: 0x8000b6c6 (0x0000bfe5) c.j     pc - 8
core   0: 3 0x8000b6c6 (0xbfe5)
core   0: 0x8000b6be (0x00005f17) auipc   t5, 0x5
core   0: 3 0x8000b6be (0x00005f17) x30 0x800106be
core   0: 0x8000b6c2 (0x943f2123) sw      gp, -1726(t5)
core   0: 3 0x8000b6c2 (0x943f2123) mem 0x80010000 0x00000001
core   0: 0x8000b6c6 (0x0000bfe5) c.j     pc - 8
core   0: 3 0x8000b6c6 (0xbfe5)
core   0: 0x8000b6be (0x00005f17) auipc   t5, 0x5
core   0: 3 0x8000b6be (0x00005f17) x30 0x800106be
core   0: 0x8000b6c2 (0x943f2123) sw      gp, -1726(t5)
core   0: 3 0x8000b6c2 (0x943f2123) mem 0x80010000 0x00000001
core   0: 0x8000b6c6 (0x0000bfe5) c.j     pc - 8
core   0: 3 0x8000b6c6 (0xbfe5)
core   0: 0x8000b6be (0x00005f17) auipc   t5, 0x5
core   0: 3 0x8000b6be (0x00005f17) x30 0x800106be
core   0: 0x8000b6c2 (0x943f2123) sw      gp, -1726(t5)
core   0: 3 0x8000b6c2 (0x943f2123) mem 0x80010000 0x00000001
core   0: 0x8000b6c6 (0x0000bfe5) c.j     pc - 8
core   0: 3 0x8000b6c6 (0xbfe5)
core   0: 0x8000b6be (0x00005f17) auipc   t5, 0x5
core   0: 3 0x8000b6be (0x00005f17) x30 0x800106be
core   0: 0x8000b6c2 (0x943f2123) sw      gp, -1726(t5)
core   0: 3 0x8000b6c2 (0x943f2123) mem 0x80010000 0x00000001
core   0: 0x8000b6c6 (0x0000bfe5) c.j     pc - 8
core   0: 3 0x8000b6c6 (0xbfe5)
core   0: 0x8000b6be (0x00005f17) auipc   t5, 0x5
core   0: 3 0x8000b6be (0x00005f17) x30 0x800106be
core   0: 0x8000b6c2 (0x943f2123) sw      gp, -1726(t5)
core   0: 3 0x8000b6c2 (0x943f2123) mem 0x80010000 0x00000001
core   0: 0x8000b6c6 (0x0000bfe5) c.j     pc - 8
core   0: 3 0x8000b6c6 (0xbfe5)
core   0: 0x8000b6be (0x00005f17) auipc   t5, 0x5
core   0: 3 0x8000b6be (0x00005f17) x30 0x800106be
core   0: 0x8000b6c2 (0x943f2123) sw      gp, -1726(t5)
core   0: 3 0x8000b6c2 (0x943f2123) mem 0x80010000 0x00000001
core   0: 0x8000b6c6 (0x0000bfe5) c.j     pc - 8
core   0: 3 0x8000b6c6 (0xbfe5)
core   0: 0x8000b6be (0x00005f17) auipc   t5, 0x5
core   0: 3 0x8000b6be (0x00005f17) x30 0x800106be
core   0: 0x8000b6c2 (0x943f2123) sw      gp, -1726(t5)
core   0: 3 0x8000b6c2 (0x943f2123) mem 0x80010000 0x00000001
core   0: 0x8000b6c6 (0x0000bfe5) c.j     pc - 8
core   0: 3 0x8000b6c6 (0xbfe5)
core   0: 0x8000b6be (0x00005f17) auipc   t5, 0x5
core   0: 3 0x8000b6be (0x00005f17) x30 0x800106be
core   0: 0x8000b6c2 (0x943f2123) sw      gp, -1726(t5)
core   0: 3 0x8000b6c2 (0x943f2123) mem 0x80010000 0x00000001
core   0: 0x8000b6c6 (0x0000bfe5) c.j     pc - 8
core   0: 3 0x8000b6c6 (0xbfe5)
core   0: 0x8000b6be (0x00005f17) auipc   t5, 0x5
core   0: 3 0x8000b6be (0x00005f17) x30 0x800106be
core   0: 0x8000b6c2 (0x943f2123) sw      gp, -1726(t5)
core   0: 3 0x8000b6c2 (0x943f2123) mem 0x80010000 0x00000001
core   0: 0x8000b6c6 (0x0000bfe5) c.j     pc - 8
core   0: 3 0x8000b6c6 (0xbfe5)
core   0: 0x8000b6be (0x00005f17) auipc   t5, 0x5
core   0: 3 0x8000b6be (0x00005f17) x30 0x800106be
core   0: 0x8000b6c2 (0x943f2123) sw      gp, -1726(t5)
core   0: 3 0x8000b6c2 (0x943f2123) mem 0x80010000 0x00000001
core   0: 0x8000b6c6 (0x0000bfe5) c.j     pc - 8
core   0: 3 0x8000b6c6 (0xbfe5)
core   0: 0x8000b6be (0x00005f17) auipc   t5, 0x5
core   0: 3 0x8000b6be (0x00005f17) x30 0x800106be
core   0: 0x8000b6c2 (0x943f2123) sw      gp, -1726(t5)
core   0: 3 0x8000b6c2 (0x943f2123) mem 0x80010000 0x00000001
core   0: 0x8000b6c6 (0x0000bfe5) c.j     pc - 8
core   0: 3 0x8000b6c6 (0xbfe5)
core   0: 0x8000b6be (0x00005f17) auipc   t5, 0x5
core   0: 3 0x8000b6be (0x00005f17) x30 0x800106be
core   0: 0x8000b6c2 (0x943f2123) sw      gp, -1726(t5)
core   0: 3 0x8000b6c2 (0x943f2123) mem 0x80010000 0x00000001
core   0: 0x8000b6c6 (0x0000bfe5) c.j     pc - 8
core   0: 3 0x8000b6c6 (0xbfe5)
core   0: 0x8000b6be (0x00005f17) auipc   t5, 0x5
core   0: 3 0x8000b6be (0x00005f17) x30 0x800106be
core   0: 0x8000b6c2 (0x943f2123) sw      gp, -1726(t5)
core   0: 3 0x8000b6c2 (0x943f2123) mem 0x80010000 0x00000001
core   0: 0x8000b6c6 (0x0000bfe5) c.j     pc - 8
core   0: 3 0x8000b6c6 (0xbfe5)
core   0: 0x8000b6be (0x00005f17) auipc   t5, 0x5
core   0: 3 0x8000b6be (0x00005f17) x30 0x800106be
core   0: 0x8000b6c2 (0x943f2123) sw      gp, -1726(t5)
core   0: 3 0x8000b6c2 (0x943f2123) mem 0x80010000 0x00000001
core   0: 0x8000b6c6 (0x0000bfe5) c.j     pc - 8
core   0: 3 0x8000b6c6 (0xbfe5)
core   0: 0x8000b6be (0x00005f17) auipc   t5, 0x5
core   0: 3 0x8000b6be (0x00005f17) x30 0x800106be
core   0: 0x8000b6c2 (0x943f2123) sw      gp, -1726(t5)
core   0: 3 0x8000b6c2 (0x943f2123) mem 0x80010000 0x00000001
core   0: 0x8000b6c6 (0x0000bfe5) c.j     pc - 8
core   0: 3 0x8000b6c6 (0xbfe5)
core   0: 0x8000b6be (0x00005f17) auipc   t5, 0x5
core   0: 3 0x8000b6be (0x00005f17) x30 0x800106be
core   0: 0x8000b6c2 (0x943f2123) sw      gp, -1726(t5)
core   0: 3 0x8000b6c2 (0x943f2123) mem 0x80010000 0x00000001
core   0: 0x8000b6c6 (0x0000bfe5) c.j     pc - 8
core   0: 3 0x8000b6c6 (0xbfe5)
core   0: 0x8000b6be (0x00005f17) auipc   t5, 0x5
core   0: 3 0x8000b6be (0x00005f17) x30 0x800106be
core   0: 0x8000b6c2 (0x943f2123) sw      gp, -1726(t5)
core   0: 3 0x8000b6c2 (0x943f2123) mem 0x80010000 0x00000001
core   0: 0x8000b6c6 (0x0000bfe5) c.j     pc - 8
core   0: 3 0x8000b6c6 (0xbfe5)
core   0: 0x8000b6be (0x00005f17) auipc   t5, 0x5
core   0: 3 0x8000b6be (0x00005f17) x30 0x800106be
core   0: 0x8000b6c2 (0x943f2123) sw      gp, -1726(t5)
core   0: 3 0x8000b6c2 (0x943f2123) mem 0x80010000 0x00000001
core   0: 0x8000b6c6 (0x0000bfe5) c.j     pc - 8
core   0: 3 0x8000b6c6 (0xbfe5)
core   0: 0x8000b6be (0x00005f17) auipc   t5, 0x5
core   0: 3 0x8000b6be (0x00005f17) x30 0x800106be
core   0: 0x8000b6c2 (0x943f2123) sw      gp, -1726(t5)
core   0: 3 0x8000b6c2 (0x943f2123) mem 0x80010000 0x00000001
core   0: 0x8000b6c6 (0x0000bfe5) c.j     pc - 8
core   0: 3 0x8000b6c6 (0xbfe5)
core   0: 0x8000b6be (0x00005f17) auipc   t5, 0x5
core   0: 3 0x8000b6be (0x00005f17) x30 0x800106be
core   0: 0x8000b6c2 (0x943f2123) sw      gp, -1726(t5)
core   0: 3 0x8000b6c2 (0x943f2123) mem 0x80010000 0x00000001
core   0: 0x8000b6c6 (0x0000bfe5) c.j     pc - 8
core   0: 3 0x8000b6c6 (0xbfe5)
core   0: 0x8000b6be (0x00005f17) auipc   t5, 0x5
core   0: 3 0x8000b6be (0x00005f17) x30 0x800106be
core   0: 0x8000b6c2 (0x943f2123) sw      gp, -1726(t5)
core   0: 3 0x8000b6c2 (0x943f2123) mem 0x80010000 0x00000001
core   0: 0x8000b6c6 (0x0000bfe5) c.j     pc - 8
core   0: 3 0x8000b6c6 (0xbfe5)
core   0: 0x8000b6be (0x00005f17) auipc   t5, 0x5
core   0: 3 0x8000b6be (0x00005f17) x30 0x800106be
core   0: 0x8000b6c2 (0x943f2123) sw      gp, -1726(t5)
core   0: 3 0x8000b6c2 (0x943f2123) mem 0x80010000 0x00000001
core   0: 0x8000b6c6 (0x0000bfe5) c.j     pc - 8
core   0: 3 0x8000b6c6 (0xbfe5)
core   0: 0x8000b6be (0x00005f17) auipc   t5, 0x5
core   0: 3 0x8000b6be (0x00005f17) x30 0x800106be
core   0: 0x8000b6c2 (0x943f2123) sw      gp, -1726(t5)
core   0: 3 0x8000b6c2 (0x943f2123) mem 0x80010000 0x00000001
core   0: 0x8000b6c6 (0x0000bfe5) c.j     pc - 8
core   0: 3 0x8000b6c6 (0xbfe5)
core   0: 0x8000b6be (0x00005f17) auipc   t5, 0x5
core   0: 3 0x8000b6be (0x00005f17) x30 0x800106be
core   0: 0x8000b6c2 (0x943f2123) sw      gp, -1726(t5)
core   0: 3 0x8000b6c2 (0x943f2123) mem 0x80010000 0x00000001
core   0: 0x8000b6c6 (0x0000bfe5) c.j     pc - 8
core   0: 3 0x8000b6c6 (0xbfe5)
core   0: 0x8000b6be (0x00005f17) auipc   t5, 0x5
core   0: 3 0x8000b6be (0x00005f17) x30 0x800106be
core   0: 0x8000b6c2 (0x943f2123) sw      gp, -1726(t5)
core   0: 3 0x8000b6c2 (0x943f2123) mem 0x80010000 0x00000001
core   0: 0x8000b6c6 (0x0000bfe5) c.j     pc - 8
core   0: 3 0x8000b6c6 (0xbfe5)
core   0: 0x8000b6be (0x00005f17) auipc   t5, 0x5
core   0: 3 0x8000b6be (0x00005f17) x30 0x800106be
core   0: 0x8000b6c2 (0x943f2123) sw      gp, -1726(t5)
core   0: 3 0x8000b6c2 (0x943f2123) mem 0x80010000 0x00000001
core   0: 0x8000b6c6 (0x0000bfe5) c.j     pc - 8
core   0: 3 0x8000b6c6 (0xbfe5)
core   0: 0x8000b6be (0x00005f17) auipc   t5, 0x5
core   0: 3 0x8000b6be (0x00005f17) x30 0x800106be
core   0: 0x8000b6c2 (0x943f2123) sw      gp, -1726(t5)
core   0: 3 0x8000b6c2 (0x943f2123) mem 0x80010000 0x00000001
core   0: 0x8000b6c6 (0x0000bfe5) c.j     pc - 8
core   0: 3 0x8000b6c6 (0xbfe5)
core   0: 0x8000b6be (0x00005f17) auipc   t5, 0x5
core   0: 3 0x8000b6be (0x00005f17) x30 0x800106be
core   0: 0x8000b6c2 (0x943f2123) sw      gp, -1726(t5)
core   0: 3 0x8000b6c2 (0x943f2123) mem 0x80010000 0x00000001
core   0: 0x8000b6c6 (0x0000bfe5) c.j     pc - 8
core   0: 3 0x8000b6c6 (0xbfe5)
core   0: 0x8000b6be (0x00005f17) auipc   t5, 0x5
core   0: 3 0x8000b6be (0x00005f17) x30 0x800106be
core   0: 0x8000b6c2 (0x943f2123) sw      gp, -1726(t5)
core   0: 3 0x8000b6c2 (0x943f2123) mem 0x80010000 0x00000001
core   0: 0x8000b6c6 (0x0000bfe5) c.j     pc - 8
core   0: 3 0x8000b6c6 (0xbfe5)
core   0: 0x8000b6be (0x00005f17) auipc   t5, 0x5
core   0: 3 0x8000b6be (0x00005f17) x30 0x800106be
core   0: 0x8000b6c2 (0x943f2123) sw      gp, -1726(t5)
core   0: 3 0x8000b6c2 (0x943f2123) mem 0x80010000 0x00000001
core   0: 0x8000b6c6 (0x0000bfe5) c.j     pc - 8
core   0: 3 0x8000b6c6 (0xbfe5)
core   0: 0x8000b6be (0x00005f17) auipc   t5, 0x5
core   0: 3 0x8000b6be (0x00005f17) x30 0x800106be
core   0: 0x8000b6c2 (0x943f2123) sw      gp, -1726(t5)
core   0: 3 0x8000b6c2 (0x943f2123) mem 0x80010000 0x00000001
core   0: 0x8000b6c6 (0x0000bfe5) c.j     pc - 8
core   0: 3 0x8000b6c6 (0xbfe5)
core   0: 0x8000b6be (0x00005f17) auipc   t5, 0x5
core   0: 3 0x8000b6be (0x00005f17) x30 0x800106be
core   0: 0x8000b6c2 (0x943f2123) sw      gp, -1726(t5)
core   0: 3 0x8000b6c2 (0x943f2123) mem 0x80010000 0x00000001
core   0: 0x8000b6c6 (0x0000bfe5) c.j     pc - 8
core   0: 3 0x8000b6c6 (0xbfe5)
core   0: 0x8000b6be (0x00005f17) auipc   t5, 0x5
core   0: 3 0x8000b6be (0x00005f17) x30 0x800106be
core   0: 0x8000b6c2 (0x943f2123) sw      gp, -1726(t5)
core   0: 3 0x8000b6c2 (0x943f2123) mem 0x80010000 0x00000001
core   0: 0x8000b6c6 (0x0000bfe5) c.j     pc - 8
core   0: 3 0x8000b6c6 (0xbfe5)
core   0: 0x8000b6be (0x00005f17) auipc   t5, 0x5
core   0: 3 0x8000b6be (0x00005f17) x30 0x800106be
core   0: 0x8000b6c2 (0x943f2123) sw      gp, -1726(t5)
core   0: 3 0x8000b6c2 (0x943f2123) mem 0x80010000 0x00000001
core   0: 0x8000b6c6 (0x0000bfe5) c.j     pc - 8
core   0: 3 0x8000b6c6 (0xbfe5)
core   0: 0x8000b6be (0x00005f17) auipc   t5, 0x5
core   0: 3 0x8000b6be (0x00005f17) x30 0x800106be
core   0: 0x8000b6c2 (0x943f2123) sw      gp, -1726(t5)
core   0: 3 0x8000b6c2 (0x943f2123) mem 0x80010000 0x00000001
core   0: 0x8000b6c6 (0x0000bfe5) c.j     pc - 8
core   0: 3 0x8000b6c6 (0xbfe5)
core   0: 0x8000b6be (0x00005f17) auipc   t5, 0x5
core   0: 3 0x8000b6be (0x00005f17) x30 0x800106be
core   0: 0x8000b6c2 (0x943f2123) sw      gp, -1726(t5)
core   0: 3 0x8000b6c2 (0x943f2123) mem 0x80010000 0x00000001
core   0: 0x8000b6c6 (0x0000bfe5) c.j     pc - 8
core   0: 3 0x8000b6c6 (0xbfe5)
core   0: 0x8000b6be (0x00005f17) auipc   t5, 0x5
core   0: 3 0x8000b6be (0x00005f17) x30 0x800106be
core   0: 0x8000b6c2 (0x943f2123) sw      gp, -1726(t5)
core   0: 3 0x8000b6c2 (0x943f2123) mem 0x80010000 0x00000001
core   0: 0x8000b6c6 (0x0000bfe5) c.j     pc - 8
core   0: 3 0x8000b6c6 (0xbfe5)
core   0: 0x8000b6be (0x00005f17) auipc   t5, 0x5
core   0: 3 0x8000b6be (0x00005f17) x30 0x800106be
core   0: 0x8000b6c2 (0x943f2123) sw      gp, -1726(t5)
core   0: 3 0x8000b6c2 (0x943f2123) mem 0x80010000 0x00000001
core   0: 0x8000b6c6 (0x0000bfe5) c.j     pc - 8
core   0: 3 0x8000b6c6 (0xbfe5)
core   0: 0x8000b6be (0x00005f17) auipc   t5, 0x5
core   0: 3 0x8000b6be (0x00005f17) x30 0x800106be
core   0: 0x8000b6c2 (0x943f2123) sw      gp, -1726(t5)
core   0: 3 0x8000b6c2 (0x943f2123) mem 0x80010000 0x00000001
core   0: 0x8000b6c6 (0x0000bfe5) c.j     pc - 8
core   0: 3 0x8000b6c6 (0xbfe5)
core   0: 0x8000b6be (0x00005f17) auipc   t5, 0x5
core   0: 3 0x8000b6be (0x00005f17) x30 0x800106be
core   0: 0x8000b6c2 (0x943f2123) sw      gp, -1726(t5)
core   0: 3 0x8000b6c2 (0x943f2123) mem 0x80010000 0x00000001
core   0: 0x8000b6c6 (0x0000bfe5) c.j     pc - 8
core   0: 3 0x8000b6c6 (0xbfe5)
core   0: 0x8000b6be (0x00005f17) auipc   t5, 0x5
core   0: 3 0x8000b6be (0x00005f17) x30 0x800106be
core   0: 0x8000b6c2 (0x943f2123) sw      gp, -1726(t5)
core   0: 3 0x8000b6c2 (0x943f2123) mem 0x80010000 0x00000001
core   0: 0x8000b6c6 (0x0000bfe5) c.j     pc - 8
core   0: 3 0x8000b6c6 (0xbfe5)
core   0: 0x8000b6be (0x00005f17) auipc   t5, 0x5
core   0: 3 0x8000b6be (0x00005f17) x30 0x800106be
core   0: 0x8000b6c2 (0x943f2123) sw      gp, -1726(t5)
core   0: 3 0x8000b6c2 (0x943f2123) mem 0x80010000 0x00000001
core   0: 0x8000b6c6 (0x0000bfe5) c.j     pc - 8
core   0: 3 0x8000b6c6 (0xbfe5)
core   0: 0x8000b6be (0x00005f17) auipc   t5, 0x5
core   0: 3 0x8000b6be (0x00005f17) x30 0x800106be
core   0: 0x8000b6c2 (0x943f2123) sw      gp, -1726(t5)
core   0: 3 0x8000b6c2 (0x943f2123) mem 0x80010000 0x00000001
core   0: 0x8000b6c6 (0x0000bfe5) c.j     pc - 8
core   0: 3 0x8000b6c6 (0xbfe5)
core   0: 0x8000b6be (0x00005f17) auipc   t5, 0x5
core   0: 3 0x8000b6be (0x00005f17) x30 0x800106be
core   0: 0x8000b6c2 (0x943f2123) sw      gp, -1726(t5)
core   0: 3 0x8000b6c2 (0x943f2123) mem 0x80010000 0x00000001
core   0: 0x8000b6c6 (0x0000bfe5) c.j     pc - 8
core   0: 3 0x8000b6c6 (0xbfe5)
core   0: 0x8000b6be (0x00005f17) auipc   t5, 0x5
core   0: 3 0x8000b6be (0x00005f17) x30 0x800106be
core   0: 0x8000b6c2 (0x943f2123) sw      gp, -1726(t5)
core   0: 3 0x8000b6c2 (0x943f2123) mem 0x80010000 0x00000001
core   0: 0x8000b6c6 (0x0000bfe5) c.j     pc - 8
core   0: 3 0x8000b6c6 (0xbfe5)
core   0: 0x8000b6be (0x00005f17) auipc   t5, 0x5
core   0: 3 0x8000b6be (0x00005f17) x30 0x800106be
core   0: 0x8000b6c2 (0x943f2123) sw      gp, -1726(t5)
core   0: 3 0x8000b6c2 (0x943f2123) mem 0x80010000 0x00000001
core   0: 0x8000b6c6 (0x0000bfe5) c.j     pc - 8
core   0: 3 0x8000b6c6 (0xbfe5)
core   0: 0x8000b6be (0x00005f17) auipc   t5, 0x5
core   0: 3 0x8000b6be (0x00005f17) x30 0x800106be
core   0: 0x8000b6c2 (0x943f2123) sw      gp, -1726(t5)
core   0: 3 0x8000b6c2 (0x943f2123) mem 0x80010000 0x00000001
core   0: 0x8000b6c6 (0x0000bfe5) c.j     pc - 8
core   0: 3 0x8000b6c6 (0xbfe5)
core   0: 0x8000b6be (0x00005f17) auipc   t5, 0x5
core   0: 3 0x8000b6be (0x00005f17) x30 0x800106be
core   0: 0x8000b6c2 (0x943f2123) sw      gp, -1726(t5)
core   0: 3 0x8000b6c2 (0x943f2123) mem 0x80010000 0x00000001
core   0: 0x8000b6c6 (0x0000bfe5) c.j     pc - 8
core   0: 3 0x8000b6c6 (0xbfe5)
core   0: 0x8000b6be (0x00005f17) auipc   t5, 0x5
core   0: 3 0x8000b6be (0x00005f17) x30 0x800106be
core   0: 0x8000b6c2 (0x943f2123) sw      gp, -1726(t5)
core   0: 3 0x8000b6c2 (0x943f2123) mem 0x80010000 0x00000001
core   0: 0x8000b6c6 (0x0000bfe5) c.j     pc - 8
core   0: 3 0x8000b6c6 (0xbfe5)
core   0: 0x8000b6be (0x00005f17) auipc   t5, 0x5
core   0: 3 0x8000b6be (0x00005f17) x30 0x800106be
core   0: 0x8000b6c2 (0x943f2123) sw      gp, -1726(t5)
core   0: 3 0x8000b6c2 (0x943f2123) mem 0x80010000 0x00000001
core   0: 0x8000b6c6 (0x0000bfe5) c.j     pc - 8
core   0: 3 0x8000b6c6 (0xbfe5)
core   0: 0x8000b6be (0x00005f17) auipc   t5, 0x5
core   0: 3 0x8000b6be (0x00005f17) x30 0x800106be
core   0: 0x8000b6c2 (0x943f2123) sw      gp, -1726(t5)
core   0: 3 0x8000b6c2 (0x943f2123) mem 0x80010000 0x00000001
core   0: 0x8000b6c6 (0x0000bfe5) c.j     pc - 8
core   0: 3 0x8000b6c6 (0xbfe5)
core   0: 0x8000b6be (0x00005f17) auipc   t5, 0x5
core   0: 3 0x8000b6be (0x00005f17) x30 0x800106be
core   0: 0x8000b6c2 (0x943f2123) sw      gp, -1726(t5)
core   0: 3 0x8000b6c2 (0x943f2123) mem 0x80010000 0x00000001
core   0: 0x8000b6c6 (0x0000bfe5) c.j     pc - 8
core   0: 3 0x8000b6c6 (0xbfe5)
core   0: 0x8000b6be (0x00005f17) auipc   t5, 0x5
core   0: 3 0x8000b6be (0x00005f17) x30 0x800106be
core   0: 0x8000b6c2 (0x943f2123) sw      gp, -1726(t5)
core   0: 3 0x8000b6c2 (0x943f2123) mem 0x80010000 0x00000001
core   0: 0x8000b6c6 (0x0000bfe5) c.j     pc - 8
core   0: 3 0x8000b6c6 (0xbfe5)
core   0: 0x8000b6be (0x00005f17) auipc   t5, 0x5
core   0: 3 0x8000b6be (0x00005f17) x30 0x800106be
core   0: 0x8000b6c2 (0x943f2123) sw      gp, -1726(t5)
core   0: 3 0x8000b6c2 (0x943f2123) mem 0x80010000 0x00000001
core   0: 0x8000b6c6 (0x0000bfe5) c.j     pc - 8
core   0: 3 0x8000b6c6 (0xbfe5)
core   0: 0x8000b6be (0x00005f17) auipc   t5, 0x5
core   0: 3 0x8000b6be (0x00005f17) x30 0x800106be
core   0: 0x8000b6c2 (0x943f2123) sw      gp, -1726(t5)
core   0: 3 0x8000b6c2 (0x943f2123) mem 0x80010000 0x00000001
core   0: 0x8000b6c6 (0x0000bfe5) c.j     pc - 8
core   0: 3 0x8000b6c6 (0xbfe5)
core   0: 0x8000b6be (0x00005f17) auipc   t5, 0x5
core   0: 3 0x8000b6be (0x00005f17) x30 0x800106be
core   0: 0x8000b6c2 (0x943f2123) sw      gp, -1726(t5)
core   0: 3 0x8000b6c2 (0x943f2123) mem 0x80010000 0x00000001
core   0: 0x8000b6c6 (0x0000bfe5) c.j     pc - 8
core   0: 3 0x8000b6c6 (0xbfe5)
core   0: 0x8000b6be (0x00005f17) auipc   t5, 0x5
core   0: 3 0x8000b6be (0x00005f17) x30 0x800106be
core   0: 0x8000b6c2 (0x943f2123) sw      gp, -1726(t5)
core   0: 3 0x8000b6c2 (0x943f2123) mem 0x80010000 0x00000001
core   0: 0x8000b6c6 (0x0000bfe5) c.j     pc - 8
core   0: 3 0x8000b6c6 (0xbfe5)
core   0: 0x8000b6be (0x00005f17) auipc   t5, 0x5
core   0: 3 0x8000b6be (0x00005f17) x30 0x800106be
core   0: 0x8000b6c2 (0x943f2123) sw      gp, -1726(t5)
core   0: 3 0x8000b6c2 (0x943f2123) mem 0x80010000 0x00000001
core   0: 0x8000b6c6 (0x0000bfe5) c.j     pc - 8
core   0: 3 0x8000b6c6 (0xbfe5)
core   0: 0x8000b6be (0x00005f17) auipc   t5, 0x5
core   0: 3 0x8000b6be (0x00005f17) x30 0x800106be
core   0: 0x8000b6c2 (0x943f2123) sw      gp, -1726(t5)
core   0: 3 0x8000b6c2 (0x943f2123) mem 0x80010000 0x00000001
core   0: 0x8000b6c6 (0x0000bfe5) c.j     pc - 8
core   0: 3 0x8000b6c6 (0xbfe5)
core   0: 0x8000b6be (0x00005f17) auipc   t5, 0x5
core   0: 3 0x8000b6be (0x00005f17) x30 0x800106be
core   0: 0x8000b6c2 (0x943f2123) sw      gp, -1726(t5)
core   0: 3 0x8000b6c2 (0x943f2123) mem 0x80010000 0x00000001
core   0: 0x8000b6c6 (0x0000bfe5) c.j     pc - 8
core   0: 3 0x8000b6c6 (0xbfe5)
core   0: 0x8000b6be (0x00005f17) auipc   t5, 0x5
core   0: 3 0x8000b6be (0x00005f17) x30 0x800106be
core   0: 0x8000b6c2 (0x943f2123) sw      gp, -1726(t5)
core   0: 3 0x8000b6c2 (0x943f2123) mem 0x80010000 0x00000001
core   0: 0x8000b6c6 (0x0000bfe5) c.j     pc - 8
core   0: 3 0x8000b6c6 (0xbfe5)
core   0: 0x8000b6be (0x00005f17) auipc   t5, 0x5
core   0: 3 0x8000b6be (0x00005f17) x30 0x800106be
core   0: 0x8000b6c2 (0x943f2123) sw      gp, -1726(t5)
core   0: 3 0x8000b6c2 (0x943f2123) mem 0x80010000 0x00000001
core   0: 0x8000b6c6 (0x0000bfe5) c.j     pc - 8
core   0: 3 0x8000b6c6 (0xbfe5)
core   0: 0x8000b6be (0x00005f17) auipc   t5, 0x5
core   0: 3 0x8000b6be (0x00005f17) x30 0x800106be
core   0: 0x8000b6c2 (0x943f2123) sw      gp, -1726(t5)
core   0: 3 0x8000b6c2 (0x943f2123) mem 0x80010000 0x00000001
core   0: 0x8000b6c6 (0x0000bfe5) c.j     pc - 8
core   0: 3 0x8000b6c6 (0xbfe5)
core   0: 0x8000b6be (0x00005f17) auipc   t5, 0x5
core   0: 3 0x8000b6be (0x00005f17) x30 0x800106be
core   0: 0x8000b6c2 (0x943f2123) sw      gp, -1726(t5)
core   0: 3 0x8000b6c2 (0x943f2123) mem 0x80010000 0x00000001
core   0: 0x8000b6c6 (0x0000bfe5) c.j     pc - 8
core   0: 3 0x8000b6c6 (0xbfe5)
core   0: 0x8000b6be (0x00005f17) auipc   t5, 0x5
core   0: 3 0x8000b6be (0x00005f17) x30 0x800106be
core   0: 0x8000b6c2 (0x943f2123) sw      gp, -1726(t5)
core   0: 3 0x8000b6c2 (0x943f2123) mem 0x80010000 0x00000001
core   0: 0x8000b6c6 (0x0000bfe5) c.j     pc - 8
core   0: 3 0x8000b6c6 (0xbfe5)
core   0: 0x8000b6be (0x00005f17) auipc   t5, 0x5
core   0: 3 0x8000b6be (0x00005f17) x30 0x800106be
core   0: 0x8000b6c2 (0x943f2123) sw      gp, -1726(t5)
core   0: 3 0x8000b6c2 (0x943f2123) mem 0x80010000 0x00000001
core   0: 0x8000b6c6 (0x0000bfe5) c.j     pc - 8
core   0: 3 0x8000b6c6 (0xbfe5)
core   0: 0x8000b6be (0x00005f17) auipc   t5, 0x5
core   0: 3 0x8000b6be (0x00005f17) x30 0x800106be
core   0: 0x8000b6c2 (0x943f2123) sw      gp, -1726(t5)
core   0: 3 0x8000b6c2 (0x943f2123) mem 0x80010000 0x00000001
core   0: 0x8000b6c6 (0x0000bfe5) c.j     pc - 8
core   0: 3 0x8000b6c6 (0xbfe5)
core   0: 0x8000b6be (0x00005f17) auipc   t5, 0x5
core   0: 3 0x8000b6be (0x00005f17) x30 0x800106be
core   0: 0x8000b6c2 (0x943f2123) sw      gp, -1726(t5)
core   0: 3 0x8000b6c2 (0x943f2123) mem 0x80010000 0x00000001
core   0: 0x8000b6c6 (0x0000bfe5) c.j     pc - 8
core   0: 3 0x8000b6c6 (0xbfe5)
core   0: 0x8000b6be (0x00005f17) auipc   t5, 0x5
core   0: 3 0x8000b6be (0x00005f17) x30 0x800106be
core   0: 0x8000b6c2 (0x943f2123) sw      gp, -1726(t5)
core   0: 3 0x8000b6c2 (0x943f2123) mem 0x80010000 0x00000001
core   0: 0x8000b6c6 (0x0000bfe5) c.j     pc - 8
core   0: 3 0x8000b6c6 (0xbfe5)
core   0: 0x8000b6be (0x00005f17) auipc   t5, 0x5
core   0: 3 0x8000b6be (0x00005f17) x30 0x800106be
core   0: 0x8000b6c2 (0x943f2123) sw      gp, -1726(t5)
core   0: 3 0x8000b6c2 (0x943f2123) mem 0x80010000 0x00000001
core   0: 0x8000b6c6 (0x0000bfe5) c.j     pc - 8
core   0: 3 0x8000b6c6 (0xbfe5)
core   0: 0x8000b6be (0x00005f17) auipc   t5, 0x5
core   0: 3 0x8000b6be (0x00005f17) x30 0x800106be
core   0: 0x8000b6c2 (0x943f2123) sw      gp, -1726(t5)
core   0: 3 0x8000b6c2 (0x943f2123) mem 0x80010000 0x00000001
core   0: 0x8000b6c6 (0x0000bfe5) c.j     pc - 8
core   0: 3 0x8000b6c6 (0xbfe5)
core   0: 0x8000b6be (0x00005f17) auipc   t5, 0x5
core   0: 3 0x8000b6be (0x00005f17) x30 0x800106be
core   0: 0x8000b6c2 (0x943f2123) sw      gp, -1726(t5)
core   0: 3 0x8000b6c2 (0x943f2123) mem 0x80010000 0x00000001
core   0: 0x8000b6c6 (0x0000bfe5) c.j     pc - 8
core   0: 3 0x8000b6c6 (0xbfe5)
core   0: 0x8000b6be (0x00005f17) auipc   t5, 0x5
core   0: 3 0x8000b6be (0x00005f17) x30 0x800106be
core   0: 0x8000b6c2 (0x943f2123) sw      gp, -1726(t5)
core   0: 3 0x8000b6c2 (0x943f2123) mem 0x80010000 0x00000001
core   0: 0x8000b6c6 (0x0000bfe5) c.j     pc - 8
core   0: 3 0x8000b6c6 (0xbfe5)
core   0: 0x8000b6be (0x00005f17) auipc   t5, 0x5
core   0: 3 0x8000b6be (0x00005f17) x30 0x800106be
core   0: 0x8000b6c2 (0x943f2123) sw      gp, -1726(t5)
core   0: 3 0x8000b6c2 (0x943f2123) mem 0x80010000 0x00000001
core   0: 0x8000b6c6 (0x0000bfe5) c.j     pc - 8
core   0: 3 0x8000b6c6 (0xbfe5)
core   0: 0x8000b6be (0x00005f17) auipc   t5, 0x5
core   0: 3 0x8000b6be (0x00005f17) x30 0x800106be
core   0: 0x8000b6c2 (0x943f2123) sw      gp, -1726(t5)
core   0: 3 0x8000b6c2 (0x943f2123) mem 0x80010000 0x00000001
core   0: 0x8000b6c6 (0x0000bfe5) c.j     pc - 8
core   0: 3 0x8000b6c6 (0xbfe5)
core   0: 0x8000b6be (0x00005f17) auipc   t5, 0x5
core   0: 3 0x8000b6be (0x00005f17) x30 0x800106be
core   0: 0x8000b6c2 (0x943f2123) sw      gp, -1726(t5)
core   0: 3 0x8000b6c2 (0x943f2123) mem 0x80010000 0x00000001
core   0: 0x8000b6c6 (0x0000bfe5) c.j     pc - 8
core   0: 3 0x8000b6c6 (0xbfe5)
core   0: 0x8000b6be (0x00005f17) auipc   t5, 0x5
core   0: 3 0x8000b6be (0x00005f17) x30 0x800106be
core   0: 0x8000b6c2 (0x943f2123) sw      gp, -1726(t5)
core   0: 3 0x8000b6c2 (0x943f2123) mem 0x80010000 0x00000001
core   0: 0x8000b6c6 (0x0000bfe5) c.j     pc - 8
core   0: 3 0x8000b6c6 (0xbfe5)
core   0: 0x8000b6be (0x00005f17) auipc   t5, 0x5
core   0: 3 0x8000b6be (0x00005f17) x30 0x800106be
core   0: 0x8000b6c2 (0x943f2123) sw      gp, -1726(t5)
core   0: 3 0x8000b6c2 (0x943f2123) mem 0x80010000 0x00000001
core   0: 0x8000b6c6 (0x0000bfe5) c.j     pc - 8
core   0: 3 0x8000b6c6 (0xbfe5)
core   0: 0x8000b6be (0x00005f17) auipc   t5, 0x5
core   0: 3 0x8000b6be (0x00005f17) x30 0x800106be
core   0: 0x8000b6c2 (0x943f2123) sw      gp, -1726(t5)
core   0: 3 0x8000b6c2 (0x943f2123) mem 0x80010000 0x00000001
core   0: 0x8000b6c6 (0x0000bfe5) c.j     pc - 8
core   0: 3 0x8000b6c6 (0xbfe5)
core   0: 0x8000b6be (0x00005f17) auipc   t5, 0x5
core   0: 3 0x8000b6be (0x00005f17) x30 0x800106be
core   0: 0x8000b6c2 (0x943f2123) sw      gp, -1726(t5)
core   0: 3 0x8000b6c2 (0x943f2123) mem 0x80010000 0x00000001
core   0: 0x8000b6c6 (0x0000bfe5) c.j     pc - 8
core   0: 3 0x8000b6c6 (0xbfe5)
core   0: 0x8000b6be (0x00005f17) auipc   t5, 0x5
core   0: 3 0x8000b6be (0x00005f17) x30 0x800106be
core   0: 0x8000b6c2 (0x943f2123) sw      gp, -1726(t5)
core   0: 3 0x8000b6c2 (0x943f2123) mem 0x80010000 0x00000001
core   0: 0x8000b6c6 (0x0000bfe5) c.j     pc - 8
core   0: 3 0x8000b6c6 (0xbfe5)
core   0: 0x8000b6be (0x00005f17) auipc   t5, 0x5
core   0: 3 0x8000b6be (0x00005f17) x30 0x800106be
core   0: 0x8000b6c2 (0x943f2123) sw      gp, -1726(t5)
core   0: 3 0x8000b6c2 (0x943f2123) mem 0x80010000 0x00000001
core   0: 0x8000b6c6 (0x0000bfe5) c.j     pc - 8
core   0: 3 0x8000b6c6 (0xbfe5)
core   0: 0x8000b6be (0x00005f17) auipc   t5, 0x5
core   0: 3 0x8000b6be (0x00005f17) x30 0x800106be
core   0: 0x8000b6c2 (0x943f2123) sw      gp, -1726(t5)
core   0: 3 0x8000b6c2 (0x943f2123) mem 0x80010000 0x00000001
core   0: 0x8000b6c6 (0x0000bfe5) c.j     pc - 8
core   0: 3 0x8000b6c6 (0xbfe5)
core   0: 0x8000b6be (0x00005f17) auipc   t5, 0x5
core   0: 3 0x8000b6be (0x00005f17) x30 0x800106be
core   0: 0x8000b6c2 (0x943f2123) sw      gp, -1726(t5)
core   0: 3 0x8000b6c2 (0x943f2123) mem 0x80010000 0x00000001
core   0: 0x8000b6c6 (0x0000bfe5) c.j     pc - 8
core   0: 3 0x8000b6c6 (0xbfe5)
core   0: 0x8000b6be (0x00005f17) auipc   t5, 0x5
core   0: 3 0x8000b6be (0x00005f17) x30 0x800106be
core   0: 0x8000b6c2 (0x943f2123) sw      gp, -1726(t5)
core   0: 3 0x8000b6c2 (0x943f2123) mem 0x80010000 0x00000001
core   0: 0x8000b6c6 (0x0000bfe5) c.j     pc - 8
core   0: 3 0x8000b6c6 (0xbfe5)
core   0: 0x8000b6be (0x00005f17) auipc   t5, 0x5
core   0: 3 0x8000b6be (0x00005f17) x30 0x800106be
core   0: 0x8000b6c2 (0x943f2123) sw      gp, -1726(t5)
core   0: 3 0x8000b6c2 (0x943f2123) mem 0x80010000 0x00000001
core   0: 0x8000b6c6 (0x0000bfe5) c.j     pc - 8
core   0: 3 0x8000b6c6 (0xbfe5)
core   0: 0x8000b6be (0x00005f17) auipc   t5, 0x5
core   0: 3 0x8000b6be (0x00005f17) x30 0x800106be
core   0: 0x8000b6c2 (0x943f2123) sw      gp, -1726(t5)
core   0: 3 0x8000b6c2 (0x943f2123) mem 0x80010000 0x00000001
core   0: 0x8000b6c6 (0x0000bfe5) c.j     pc - 8
core   0: 3 0x8000b6c6 (0xbfe5)
core   0: 0x8000b6be (0x00005f17) auipc   t5, 0x5
core   0: 3 0x8000b6be (0x00005f17) x30 0x800106be
core   0: 0x8000b6c2 (0x943f2123) sw      gp, -1726(t5)
core   0: 3 0x8000b6c2 (0x943f2123) mem 0x80010000 0x00000001
core   0: 0x8000b6c6 (0x0000bfe5) c.j     pc - 8
core   0: 3 0x8000b6c6 (0xbfe5)
core   0: 0x8000b6be (0x00005f17) auipc   t5, 0x5
core   0: 3 0x8000b6be (0x00005f17) x30 0x800106be
core   0: 0x8000b6c2 (0x943f2123) sw      gp, -1726(t5)
core   0: 3 0x8000b6c2 (0x943f2123) mem 0x80010000 0x00000001
core   0: 0x8000b6c6 (0x0000bfe5) c.j     pc - 8
core   0: 3 0x8000b6c6 (0xbfe5)
core   0: 0x8000b6be (0x00005f17) auipc   t5, 0x5
core   0: 3 0x8000b6be (0x00005f17) x30 0x800106be
core   0: 0x8000b6c2 (0x943f2123) sw      gp, -1726(t5)
core   0: 3 0x8000b6c2 (0x943f2123) mem 0x80010000 0x00000001
core   0: 0x8000b6c6 (0x0000bfe5) c.j     pc - 8
core   0: 3 0x8000b6c6 (0xbfe5)
core   0: 0x8000b6be (0x00005f17) auipc   t5, 0x5
core   0: 3 0x8000b6be (0x00005f17) x30 0x800106be
core   0: 0x8000b6c2 (0x943f2123) sw      gp, -1726(t5)
core   0: 3 0x8000b6c2 (0x943f2123) mem 0x80010000 0x00000001
core   0: 0x8000b6c6 (0x0000bfe5) c.j     pc - 8
core   0: 3 0x8000b6c6 (0xbfe5)
core   0: 0x8000b6be (0x00005f17) auipc   t5, 0x5
core   0: 3 0x8000b6be (0x00005f17) x30 0x800106be
core   0: 0x8000b6c2 (0x943f2123) sw      gp, -1726(t5)
core   0: 3 0x8000b6c2 (0x943f2123) mem 0x80010000 0x00000001
core   0: 0x8000b6c6 (0x0000bfe5) c.j     pc - 8
core   0: 3 0x8000b6c6 (0xbfe5)
core   0: 0x8000b6be (0x00005f17) auipc   t5, 0x5
core   0: 3 0x8000b6be (0x00005f17) x30 0x800106be
core   0: 0x8000b6c2 (0x943f2123) sw      gp, -1726(t5)
core   0: 3 0x8000b6c2 (0x943f2123) mem 0x80010000 0x00000001
core   0: 0x8000b6c6 (0x0000bfe5) c.j     pc - 8
core   0: 3 0x8000b6c6 (0xbfe5)
core   0: 0x8000b6be (0x00005f17) auipc   t5, 0x5
core   0: 3 0x8000b6be (0x00005f17) x30 0x800106be
core   0: 0x8000b6c2 (0x943f2123) sw      gp, -1726(t5)
core   0: 3 0x8000b6c2 (0x943f2123) mem 0x80010000 0x00000001
core   0: 0x8000b6c6 (0x0000bfe5) c.j     pc - 8
core   0: 3 0x8000b6c6 (0xbfe5)
core   0: 0x8000b6be (0x00005f17) auipc   t5, 0x5
core   0: 3 0x8000b6be (0x00005f17) x30 0x800106be
core   0: 0x8000b6c2 (0x943f2123) sw      gp, -1726(t5)
core   0: 3 0x8000b6c2 (0x943f2123) mem 0x80010000 0x00000001
core   0: 0x8000b6c6 (0x0000bfe5) c.j     pc - 8
core   0: 3 0x8000b6c6 (0xbfe5)
core   0: 0x8000b6be (0x00005f17) auipc   t5, 0x5
core   0: 3 0x8000b6be (0x00005f17) x30 0x800106be
core   0: 0x8000b6c2 (0x943f2123) sw      gp, -1726(t5)
core   0: 3 0x8000b6c2 (0x943f2123) mem 0x80010000 0x00000001
core   0: 0x8000b6c6 (0x0000bfe5) c.j     pc - 8
core   0: 3 0x8000b6c6 (0xbfe5)
core   0: 0x8000b6be (0x00005f17) auipc   t5, 0x5
core   0: 3 0x8000b6be (0x00005f17) x30 0x800106be
core   0: 0x8000b6c2 (0x943f2123) sw      gp, -1726(t5)
core   0: 3 0x8000b6c2 (0x943f2123) mem 0x80010000 0x00000001
core   0: 0x8000b6c6 (0x0000bfe5) c.j     pc - 8
core   0: 3 0x8000b6c6 (0xbfe5)
core   0: 0x8000b6be (0x00005f17) auipc   t5, 0x5
core   0: 3 0x8000b6be (0x00005f17) x30 0x800106be
core   0: 0x8000b6c2 (0x943f2123) sw      gp, -1726(t5)
core   0: 3 0x8000b6c2 (0x943f2123) mem 0x80010000 0x00000001
core   0: 0x8000b6c6 (0x0000bfe5) c.j     pc - 8
core   0: 3 0x8000b6c6 (0xbfe5)
core   0: 0x8000b6be (0x00005f17) auipc   t5, 0x5
core   0: 3 0x8000b6be (0x00005f17) x30 0x800106be
core   0: 0x8000b6c2 (0x943f2123) sw      gp, -1726(t5)
core   0: 3 0x8000b6c2 (0x943f2123) mem 0x80010000 0x00000001
core   0: 0x8000b6c6 (0x0000bfe5) c.j     pc - 8
core   0: 3 0x8000b6c6 (0xbfe5)
core   0: 0x8000b6be (0x00005f17) auipc   t5, 0x5
core   0: 3 0x8000b6be (0x00005f17) x30 0x800106be
core   0: 0x8000b6c2 (0x943f2123) sw      gp, -1726(t5)
core   0: 3 0x8000b6c2 (0x943f2123) mem 0x80010000 0x00000001
core   0: 0x8000b6c6 (0x0000bfe5) c.j     pc - 8
core   0: 3 0x8000b6c6 (0xbfe5)
core   0: 0x8000b6be (0x00005f17) auipc   t5, 0x5
core   0: 3 0x8000b6be (0x00005f17) x30 0x800106be
core   0: 0x8000b6c2 (0x943f2123) sw      gp, -1726(t5)
core   0: 3 0x8000b6c2 (0x943f2123) mem 0x80010000 0x00000001
core   0: 0x8000b6c6 (0x0000bfe5) c.j     pc - 8
core   0: 3 0x8000b6c6 (0xbfe5)
core   0: 0x8000b6be (0x00005f17) auipc   t5, 0x5
core   0: 3 0x8000b6be (0x00005f17) x30 0x800106be
core   0: 0x8000b6c2 (0x943f2123) sw      gp, -1726(t5)
core   0: 3 0x8000b6c2 (0x943f2123) mem 0x80010000 0x00000001
core   0: 0x8000b6c6 (0x0000bfe5) c.j     pc - 8
core   0: 3 0x8000b6c6 (0xbfe5)
core   0: 0x8000b6be (0x00005f17) auipc   t5, 0x5
core   0: 3 0x8000b6be (0x00005f17) x30 0x800106be
core   0: 0x8000b6c2 (0x943f2123) sw      gp, -1726(t5)
core   0: 3 0x8000b6c2 (0x943f2123) mem 0x80010000 0x00000001
core   0: 0x8000b6c6 (0x0000bfe5) c.j     pc - 8
core   0: 3 0x8000b6c6 (0xbfe5)
core   0: 0x8000b6be (0x00005f17) auipc   t5, 0x5
core   0: 3 0x8000b6be (0x00005f17) x30 0x800106be
core   0: 0x8000b6c2 (0x943f2123) sw      gp, -1726(t5)
core   0: 3 0x8000b6c2 (0x943f2123) mem 0x80010000 0x00000001
core   0: 0x8000b6c6 (0x0000bfe5) c.j     pc - 8
core   0: 3 0x8000b6c6 (0xbfe5)
core   0: 0x8000b6be (0x00005f17) auipc   t5, 0x5
core   0: 3 0x8000b6be (0x00005f17) x30 0x800106be
core   0: 0x8000b6c2 (0x943f2123) sw      gp, -1726(t5)
core   0: 3 0x8000b6c2 (0x943f2123) mem 0x80010000 0x00000001
core   0: 0x8000b6c6 (0x0000bfe5) c.j     pc - 8
core   0: 3 0x8000b6c6 (0xbfe5)
core   0: 0x8000b6be (0x00005f17) auipc   t5, 0x5
core   0: 3 0x8000b6be (0x00005f17) x30 0x800106be
core   0: 0x8000b6c2 (0x943f2123) sw      gp, -1726(t5)
core   0: 3 0x8000b6c2 (0x943f2123) mem 0x80010000 0x00000001
core   0: 0x8000b6c6 (0x0000bfe5) c.j     pc - 8
core   0: 3 0x8000b6c6 (0xbfe5)
core   0: 0x8000b6be (0x00005f17) auipc   t5, 0x5
core   0: 3 0x8000b6be (0x00005f17) x30 0x800106be
core   0: 0x8000b6c2 (0x943f2123) sw      gp, -1726(t5)
core   0: 3 0x8000b6c2 (0x943f2123) mem 0x80010000 0x00000001
core   0: 0x8000b6c6 (0x0000bfe5) c.j     pc - 8
core   0: 3 0x8000b6c6 (0xbfe5)
core   0: 0x8000b6be (0x00005f17) auipc   t5, 0x5
core   0: 3 0x8000b6be (0x00005f17) x30 0x800106be
core   0: 0x8000b6c2 (0x943f2123) sw      gp, -1726(t5)
core   0: 3 0x8000b6c2 (0x943f2123) mem 0x80010000 0x00000001
core   0: 0x8000b6c6 (0x0000bfe5) c.j     pc - 8
core   0: 3 0x8000b6c6 (0xbfe5)
core   0: 0x8000b6be (0x00005f17) auipc   t5, 0x5
core   0: 3 0x8000b6be (0x00005f17) x30 0x800106be
core   0: 0x8000b6c2 (0x943f2123) sw      gp, -1726(t5)
core   0: 3 0x8000b6c2 (0x943f2123) mem 0x80010000 0x00000001
core   0: 0x8000b6c6 (0x0000bfe5) c.j     pc - 8
core   0: 3 0x8000b6c6 (0xbfe5)
core   0: 0x8000b6be (0x00005f17) auipc   t5, 0x5
core   0: 3 0x8000b6be (0x00005f17) x30 0x800106be
core   0: 0x8000b6c2 (0x943f2123) sw      gp, -1726(t5)
core   0: 3 0x8000b6c2 (0x943f2123) mem 0x80010000 0x00000001
core   0: 0x8000b6c6 (0x0000bfe5) c.j     pc - 8
core   0: 3 0x8000b6c6 (0xbfe5)
core   0: 0x8000b6be (0x00005f17) auipc   t5, 0x5
core   0: 3 0x8000b6be (0x00005f17) x30 0x800106be
core   0: 0x8000b6c2 (0x943f2123) sw      gp, -1726(t5)
core   0: 3 0x8000b6c2 (0x943f2123) mem 0x80010000 0x00000001
core   0: 0x8000b6c6 (0x0000bfe5) c.j     pc - 8
core   0: 3 0x8000b6c6 (0xbfe5)
core   0: 0x8000b6be (0x00005f17) auipc   t5, 0x5
core   0: 3 0x8000b6be (0x00005f17) x30 0x800106be
core   0: 0x8000b6c2 (0x943f2123) sw      gp, -1726(t5)
core   0: 3 0x8000b6c2 (0x943f2123) mem 0x80010000 0x00000001
core   0: 0x8000b6c6 (0x0000bfe5) c.j     pc - 8
core   0: 3 0x8000b6c6 (0xbfe5)
core   0: 0x8000b6be (0x00005f17) auipc   t5, 0x5
core   0: 3 0x8000b6be (0x00005f17) x30 0x800106be
core   0: 0x8000b6c2 (0x943f2123) sw      gp, -1726(t5)
core   0: 3 0x8000b6c2 (0x943f2123) mem 0x80010000 0x00000001
core   0: 0x8000b6c6 (0x0000bfe5) c.j     pc - 8
core   0: 3 0x8000b6c6 (0xbfe5)
core   0: 0x8000b6be (0x00005f17) auipc   t5, 0x5
core   0: 3 0x8000b6be (0x00005f17) x30 0x800106be
core   0: 0x8000b6c2 (0x943f2123) sw      gp, -1726(t5)
core   0: 3 0x8000b6c2 (0x943f2123) mem 0x80010000 0x00000001
core   0: 0x8000b6c6 (0x0000bfe5) c.j     pc - 8
core   0: 3 0x8000b6c6 (0xbfe5)
core   0: 0x8000b6be (0x00005f17) auipc   t5, 0x5
core   0: 3 0x8000b6be (0x00005f17) x30 0x800106be
core   0: 0x8000b6c2 (0x943f2123) sw      gp, -1726(t5)
core   0: 3 0x8000b6c2 (0x943f2123) mem 0x80010000 0x00000001
core   0: 0x8000b6c6 (0x0000bfe5) c.j     pc - 8
core   0: 3 0x8000b6c6 (0xbfe5)
core   0: 0x8000b6be (0x00005f17) auipc   t5, 0x5
core   0: 3 0x8000b6be (0x00005f17) x30 0x800106be
core   0: 0x8000b6c2 (0x943f2123) sw      gp, -1726(t5)
core   0: 3 0x8000b6c2 (0x943f2123) mem 0x80010000 0x00000001
core   0: 0x8000b6c6 (0x0000bfe5) c.j     pc - 8
core   0: 3 0x8000b6c6 (0xbfe5)
core   0: 0x8000b6be (0x00005f17) auipc   t5, 0x5
core   0: 3 0x8000b6be (0x00005f17) x30 0x800106be
core   0: 0x8000b6c2 (0x943f2123) sw      gp, -1726(t5)
core   0: 3 0x8000b6c2 (0x943f2123) mem 0x80010000 0x00000001
core   0: 0x8000b6c6 (0x0000bfe5) c.j     pc - 8
core   0: 3 0x8000b6c6 (0xbfe5)
core   0: 0x8000b6be (0x00005f17) auipc   t5, 0x5
core   0: 3 0x8000b6be (0x00005f17) x30 0x800106be
core   0: 0x8000b6c2 (0x943f2123) sw      gp, -1726(t5)
core   0: 3 0x8000b6c2 (0x943f2123) mem 0x80010000 0x00000001
core   0: 0x8000b6c6 (0x0000bfe5) c.j     pc - 8
core   0: 3 0x8000b6c6 (0xbfe5)
core   0: 0x8000b6be (0x00005f17) auipc   t5, 0x5
core   0: 3 0x8000b6be (0x00005f17) x30 0x800106be
core   0: 0x8000b6c2 (0x943f2123) sw      gp, -1726(t5)
core   0: 3 0x8000b6c2 (0x943f2123) mem 0x80010000 0x00000001
core   0: 0x8000b6c6 (0x0000bfe5) c.j     pc - 8
core   0: 3 0x8000b6c6 (0xbfe5)
core   0: 0x8000b6be (0x00005f17) auipc   t5, 0x5
core   0: 3 0x8000b6be (0x00005f17) x30 0x800106be
core   0: 0x8000b6c2 (0x943f2123) sw      gp, -1726(t5)
core   0: 3 0x8000b6c2 (0x943f2123) mem 0x80010000 0x00000001
core   0: 0x8000b6c6 (0x0000bfe5) c.j     pc - 8
core   0: 3 0x8000b6c6 (0xbfe5)
core   0: 0x8000b6be (0x00005f17) auipc   t5, 0x5
core   0: 3 0x8000b6be (0x00005f17) x30 0x800106be
core   0: 0x8000b6c2 (0x943f2123) sw      gp, -1726(t5)
core   0: 3 0x8000b6c2 (0x943f2123) mem 0x80010000 0x00000001
core   0: 0x8000b6c6 (0x0000bfe5) c.j     pc - 8
core   0: 3 0x8000b6c6 (0xbfe5)
core   0: 0x8000b6be (0x00005f17) auipc   t5, 0x5
core   0: 3 0x8000b6be (0x00005f17) x30 0x800106be
core   0: 0x8000b6c2 (0x943f2123) sw      gp, -1726(t5)
core   0: 3 0x8000b6c2 (0x943f2123) mem 0x80010000 0x00000001
core   0: 0x8000b6c6 (0x0000bfe5) c.j     pc - 8
core   0: 3 0x8000b6c6 (0xbfe5)
core   0: 0x8000b6be (0x00005f17) auipc   t5, 0x5
core   0: 3 0x8000b6be (0x00005f17) x30 0x800106be
core   0: 0x8000b6c2 (0x943f2123) sw      gp, -1726(t5)
core   0: 3 0x8000b6c2 (0x943f2123) mem 0x80010000 0x00000001
core   0: 0x8000b6c6 (0x0000bfe5) c.j     pc - 8
core   0: 3 0x8000b6c6 (0xbfe5)
core   0: 0x8000b6be (0x00005f17) auipc   t5, 0x5
core   0: 3 0x8000b6be (0x00005f17) x30 0x800106be
core   0: 0x8000b6c2 (0x943f2123) sw      gp, -1726(t5)
core   0: 3 0x8000b6c2 (0x943f2123) mem 0x80010000 0x00000001
core   0: 0x8000b6c6 (0x0000bfe5) c.j     pc - 8
core   0: 3 0x8000b6c6 (0xbfe5)
core   0: 0x8000b6be (0x00005f17) auipc   t5, 0x5
core   0: 3 0x8000b6be (0x00005f17) x30 0x800106be
core   0: 0x8000b6c2 (0x943f2123) sw      gp, -1726(t5)
core   0: 3 0x8000b6c2 (0x943f2123) mem 0x80010000 0x00000001
core   0: 0x8000b6c6 (0x0000bfe5) c.j     pc - 8
core   0: 3 0x8000b6c6 (0xbfe5)
core   0: 0x8000b6be (0x00005f17) auipc   t5, 0x5
core   0: 3 0x8000b6be (0x00005f17) x30 0x800106be
core   0: 0x8000b6c2 (0x943f2123) sw      gp, -1726(t5)
core   0: 3 0x8000b6c2 (0x943f2123) mem 0x80010000 0x00000001
core   0: 0x8000b6c6 (0x0000bfe5) c.j     pc - 8
core   0: 3 0x8000b6c6 (0xbfe5)
core   0: 0x8000b6be (0x00005f17) auipc   t5, 0x5
core   0: 3 0x8000b6be (0x00005f17) x30 0x800106be
core   0: 0x8000b6c2 (0x943f2123) sw      gp, -1726(t5)
core   0: 3 0x8000b6c2 (0x943f2123) mem 0x80010000 0x00000001
core   0: 0x8000b6c6 (0x0000bfe5) c.j     pc - 8
core   0: 3 0x8000b6c6 (0xbfe5)
core   0: 0x8000b6be (0x00005f17) auipc   t5, 0x5
core   0: 3 0x8000b6be (0x00005f17) x30 0x800106be
core   0: 0x8000b6c2 (0x943f2123) sw      gp, -1726(t5)
core   0: 3 0x8000b6c2 (0x943f2123) mem 0x80010000 0x00000001
core   0: 0x8000b6c6 (0x0000bfe5) c.j     pc - 8
core   0: 3 0x8000b6c6 (0xbfe5)
core   0: 0x8000b6be (0x00005f17) auipc   t5, 0x5
core   0: 3 0x8000b6be (0x00005f17) x30 0x800106be
core   0: 0x8000b6c2 (0x943f2123) sw      gp, -1726(t5)
core   0: 3 0x8000b6c2 (0x943f2123) mem 0x80010000 0x00000001
core   0: 0x8000b6c6 (0x0000bfe5) c.j     pc - 8
core   0: 3 0x8000b6c6 (0xbfe5)
core   0: 0x8000b6be (0x00005f17) auipc   t5, 0x5
core   0: 3 0x8000b6be (0x00005f17) x30 0x800106be
core   0: 0x8000b6c2 (0x943f2123) sw      gp, -1726(t5)
core   0: 3 0x8000b6c2 (0x943f2123) mem 0x80010000 0x00000001
core   0: 0x8000b6c6 (0x0000bfe5) c.j     pc - 8
core   0: 3 0x8000b6c6 (0xbfe5)
core   0: 0x8000b6be (0x00005f17) auipc   t5, 0x5
core   0: 3 0x8000b6be (0x00005f17) x30 0x800106be
core   0: 0x8000b6c2 (0x943f2123) sw      gp, -1726(t5)
core   0: 3 0x8000b6c2 (0x943f2123) mem 0x80010000 0x00000001
core   0: 0x8000b6c6 (0x0000bfe5) c.j     pc - 8
core   0: 3 0x8000b6c6 (0xbfe5)
core   0: 0x8000b6be (0x00005f17) auipc   t5, 0x5
core   0: 3 0x8000b6be (0x00005f17) x30 0x800106be
core   0: 0x8000b6c2 (0x943f2123) sw      gp, -1726(t5)
core   0: 3 0x8000b6c2 (0x943f2123) mem 0x80010000 0x00000001
core   0: 0x8000b6c6 (0x0000bfe5) c.j     pc - 8
core   0: 3 0x8000b6c6 (0xbfe5)
core   0: 0x8000b6be (0x00005f17) auipc   t5, 0x5
core   0: 3 0x8000b6be (0x00005f17) x30 0x800106be
core   0: 0x8000b6c2 (0x943f2123) sw      gp, -1726(t5)
core   0: 3 0x8000b6c2 (0x943f2123) mem 0x80010000 0x00000001
core   0: 0x8000b6c6 (0x0000bfe5) c.j     pc - 8
core   0: 3 0x8000b6c6 (0xbfe5)
core   0: 0x8000b6be (0x00005f17) auipc   t5, 0x5
core   0: 3 0x8000b6be (0x00005f17) x30 0x800106be
core   0: 0x8000b6c2 (0x943f2123) sw      gp, -1726(t5)
core   0: 3 0x8000b6c2 (0x943f2123) mem 0x80010000 0x00000001
core   0: 0x8000b6c6 (0x0000bfe5) c.j     pc - 8
core   0: 3 0x8000b6c6 (0xbfe5)
core   0: 0x8000b6be (0x00005f17) auipc   t5, 0x5
core   0: 3 0x8000b6be (0x00005f17) x30 0x800106be
core   0: 0x8000b6c2 (0x943f2123) sw      gp, -1726(t5)
core   0: 3 0x8000b6c2 (0x943f2123) mem 0x80010000 0x00000001
core   0: 0x8000b6c6 (0x0000bfe5) c.j     pc - 8
core   0: 3 0x8000b6c6 (0xbfe5)
core   0: 0x8000b6be (0x00005f17) auipc   t5, 0x5
core   0: 3 0x8000b6be (0x00005f17) x30 0x800106be
core   0: 0x8000b6c2 (0x943f2123) sw      gp, -1726(t5)
core   0: 3 0x8000b6c2 (0x943f2123) mem 0x80010000 0x00000001
core   0: 0x8000b6c6 (0x0000bfe5) c.j     pc - 8
core   0: 3 0x8000b6c6 (0xbfe5)
core   0: 0x8000b6be (0x00005f17) auipc   t5, 0x5
core   0: 3 0x8000b6be (0x00005f17) x30 0x800106be
core   0: 0x8000b6c2 (0x943f2123) sw      gp, -1726(t5)
core   0: 3 0x8000b6c2 (0x943f2123) mem 0x80010000 0x00000001
core   0: 0x8000b6c6 (0x0000bfe5) c.j     pc - 8
core   0: 3 0x8000b6c6 (0xbfe5)
core   0: 0x8000b6be (0x00005f17) auipc   t5, 0x5
core   0: 3 0x8000b6be (0x00005f17) x30 0x800106be
core   0: 0x8000b6c2 (0x943f2123) sw      gp, -1726(t5)
core   0: 3 0x8000b6c2 (0x943f2123) mem 0x80010000 0x00000001
core   0: 0x8000b6c6 (0x0000bfe5) c.j     pc - 8
core   0: 3 0x8000b6c6 (0xbfe5)
core   0: 0x8000b6be (0x00005f17) auipc   t5, 0x5
core   0: 3 0x8000b6be (0x00005f17) x30 0x800106be
core   0: 0x8000b6c2 (0x943f2123) sw      gp, -1726(t5)
core   0: 3 0x8000b6c2 (0x943f2123) mem 0x80010000 0x00000001
core   0: 0x8000b6c6 (0x0000bfe5) c.j     pc - 8
core   0: 3 0x8000b6c6 (0xbfe5)
core   0: 0x8000b6be (0x00005f17) auipc   t5, 0x5
core   0: 3 0x8000b6be (0x00005f17) x30 0x800106be
core   0: 0x8000b6c2 (0x943f2123) sw      gp, -1726(t5)
core   0: 3 0x8000b6c2 (0x943f2123) mem 0x80010000 0x00000001
core   0: 0x8000b6c6 (0x0000bfe5) c.j     pc - 8
core   0: 3 0x8000b6c6 (0xbfe5)
core   0: 0x8000b6be (0x00005f17) auipc   t5, 0x5
core   0: 3 0x8000b6be (0x00005f17) x30 0x800106be
core   0: 0x8000b6c2 (0x943f2123) sw      gp, -1726(t5)
core   0: 3 0x8000b6c2 (0x943f2123) mem 0x80010000 0x00000001
core   0: 0x8000b6c6 (0x0000bfe5) c.j     pc - 8
core   0: 3 0x8000b6c6 (0xbfe5)
core   0: 0x8000b6be (0x00005f17) auipc   t5, 0x5
core   0: 3 0x8000b6be (0x00005f17) x30 0x800106be
core   0: 0x8000b6c2 (0x943f2123) sw      gp, -1726(t5)
core   0: 3 0x8000b6c2 (0x943f2123) mem 0x80010000 0x00000001
core   0: 0x8000b6c6 (0x0000bfe5) c.j     pc - 8
core   0: 3 0x8000b6c6 (0xbfe5)
core   0: 0x8000b6be (0x00005f17) auipc   t5, 0x5
core   0: 3 0x8000b6be (0x00005f17) x30 0x800106be
core   0: 0x8000b6c2 (0x943f2123) sw      gp, -1726(t5)
core   0: 3 0x8000b6c2 (0x943f2123) mem 0x80010000 0x00000001
core   0: 0x8000b6c6 (0x0000bfe5) c.j     pc - 8
core   0: 3 0x8000b6c6 (0xbfe5)
core   0: 0x8000b6be (0x00005f17) auipc   t5, 0x5
core   0: 3 0x8000b6be (0x00005f17) x30 0x800106be
core   0: 0x8000b6c2 (0x943f2123) sw      gp, -1726(t5)
core   0: 3 0x8000b6c2 (0x943f2123) mem 0x80010000 0x00000001
core   0: 0x8000b6c6 (0x0000bfe5) c.j     pc - 8
core   0: 3 0x8000b6c6 (0xbfe5)
core   0: 0x8000b6be (0x00005f17) auipc   t5, 0x5
core   0: 3 0x8000b6be (0x00005f17) x30 0x800106be
core   0: 0x8000b6c2 (0x943f2123) sw      gp, -1726(t5)
core   0: 3 0x8000b6c2 (0x943f2123) mem 0x80010000 0x00000001
core   0: 0x8000b6c6 (0x0000bfe5) c.j     pc - 8
core   0: 3 0x8000b6c6 (0xbfe5)
core   0: 0x8000b6be (0x00005f17) auipc   t5, 0x5
core   0: 3 0x8000b6be (0x00005f17) x30 0x800106be
core   0: 0x8000b6c2 (0x943f2123) sw      gp, -1726(t5)
core   0: 3 0x8000b6c2 (0x943f2123) mem 0x80010000 0x00000001
